2016-11-16T00:00:07: 非记录时间：2016-11-16T00:00:07+08:00
2016-11-16T00:00:17: 非记录时间：2016-11-16T00:00:17+08:00
2016-11-16T00:00:27: 非记录时间：2016-11-16T00:00:27+08:00
2016-11-16T00:00:37: 非记录时间：2016-11-16T00:00:37+08:00
2016-11-16T00:00:47: 非记录时间：2016-11-16T00:00:47+08:00
2016-11-16T00:00:57: 非记录时间：2016-11-16T00:00:57+08:00
2016-11-16T00:01:07: 非记录时间：2016-11-16T00:01:07+08:00
2016-11-16T00:01:17: 非记录时间：2016-11-16T00:01:17+08:00
2016-11-16T00:01:27: 非记录时间：2016-11-16T00:01:27+08:00
2016-11-16T00:01:37: 非记录时间：2016-11-16T00:01:37+08:00
2016-11-16T00:01:47: 非记录时间：2016-11-16T00:01:47+08:00
2016-11-16T00:01:57: 非记录时间：2016-11-16T00:01:57+08:00
2016-11-16T00:02:07: 非记录时间：2016-11-16T00:02:07+08:00
2016-11-16T00:02:17: 非记录时间：2016-11-16T00:02:17+08:00
2016-11-16T00:02:27: 非记录时间：2016-11-16T00:02:27+08:00
2016-11-16T00:02:37: 非记录时间：2016-11-16T00:02:37+08:00
2016-11-16T00:02:47: 非记录时间：2016-11-16T00:02:47+08:00
2016-11-16T00:02:57: 非记录时间：2016-11-16T00:02:57+08:00
2016-11-16T00:03:07: 非记录时间：2016-11-16T00:03:07+08:00
2016-11-16T00:03:17: 非记录时间：2016-11-16T00:03:17+08:00
2016-11-16T00:03:27: 非记录时间：2016-11-16T00:03:27+08:00
2016-11-16T00:03:37: 非记录时间：2016-11-16T00:03:37+08:00
2016-11-16T00:03:47: 非记录时间：2016-11-16T00:03:47+08:00
2016-11-16T00:03:57: 非记录时间：2016-11-16T00:03:57+08:00
2016-11-16T00:04:07: 非记录时间：2016-11-16T00:04:07+08:00
2016-11-16T00:04:17: 非记录时间：2016-11-16T00:04:17+08:00
2016-11-16T00:04:27: 非记录时间：2016-11-16T00:04:27+08:00
2016-11-16T00:04:37: 非记录时间：2016-11-16T00:04:37+08:00
2016-11-16T00:04:47: 非记录时间：2016-11-16T00:04:47+08:00
2016-11-16T00:04:57: 非记录时间：2016-11-16T00:04:57+08:00
2016-11-16T00:05:07: 非记录时间：2016-11-16T00:05:07+08:00
2016-11-16T00:05:17: 非记录时间：2016-11-16T00:05:17+08:00
2016-11-16T00:05:27: 非记录时间：2016-11-16T00:05:27+08:00
2016-11-16T00:05:37: 非记录时间：2016-11-16T00:05:37+08:00
2016-11-16T00:05:47: 非记录时间：2016-11-16T00:05:47+08:00
2016-11-16T00:05:57: 非记录时间：2016-11-16T00:05:57+08:00
2016-11-16T00:06:07: 非记录时间：2016-11-16T00:06:07+08:00
2016-11-16T00:06:17: 非记录时间：2016-11-16T00:06:17+08:00
2016-11-16T00:06:27: 非记录时间：2016-11-16T00:06:27+08:00
2016-11-16T00:06:37: 非记录时间：2016-11-16T00:06:37+08:00
2016-11-16T00:06:47: 非记录时间：2016-11-16T00:06:47+08:00
2016-11-16T00:06:57: 非记录时间：2016-11-16T00:06:57+08:00
2016-11-16T00:07:07: 非记录时间：2016-11-16T00:07:07+08:00
2016-11-16T00:07:17: 非记录时间：2016-11-16T00:07:17+08:00
2016-11-16T00:07:27: 非记录时间：2016-11-16T00:07:27+08:00
2016-11-16T00:07:37: 非记录时间：2016-11-16T00:07:37+08:00
2016-11-16T00:07:47: 非记录时间：2016-11-16T00:07:47+08:00
2016-11-16T00:07:57: 非记录时间：2016-11-16T00:07:57+08:00
2016-11-16T00:08:07: 非记录时间：2016-11-16T00:08:07+08:00
2016-11-16T00:08:17: 非记录时间：2016-11-16T00:08:17+08:00
2016-11-16T00:08:27: 非记录时间：2016-11-16T00:08:27+08:00
2016-11-16T00:08:37: 非记录时间：2016-11-16T00:08:37+08:00
2016-11-16T00:08:47: 非记录时间：2016-11-16T00:08:47+08:00
2016-11-16T00:08:57: 非记录时间：2016-11-16T00:08:57+08:00
2016-11-16T00:09:07: 非记录时间：2016-11-16T00:09:07+08:00
2016-11-16T00:09:17: 非记录时间：2016-11-16T00:09:17+08:00
2016-11-16T00:09:27: 非记录时间：2016-11-16T00:09:27+08:00
2016-11-16T00:09:37: 非记录时间：2016-11-16T00:09:37+08:00
2016-11-16T00:09:47: 非记录时间：2016-11-16T00:09:47+08:00
2016-11-16T00:09:57: 非记录时间：2016-11-16T00:09:57+08:00
2016-11-16T00:10:07: 非记录时间：2016-11-16T00:10:07+08:00
2016-11-16T00:10:17: 非记录时间：2016-11-16T00:10:17+08:00
2016-11-16T00:10:27: 非记录时间：2016-11-16T00:10:27+08:00
2016-11-16T00:10:37: 非记录时间：2016-11-16T00:10:37+08:00
2016-11-16T00:10:47: 非记录时间：2016-11-16T00:10:47+08:00
2016-11-16T00:10:57: 非记录时间：2016-11-16T00:10:57+08:00
2016-11-16T00:11:07: 非记录时间：2016-11-16T00:11:07+08:00
2016-11-16T00:11:17: 非记录时间：2016-11-16T00:11:17+08:00
2016-11-16T00:11:27: 非记录时间：2016-11-16T00:11:27+08:00
2016-11-16T00:11:37: 非记录时间：2016-11-16T00:11:37+08:00
2016-11-16T00:11:47: 非记录时间：2016-11-16T00:11:47+08:00
2016-11-16T00:11:57: 非记录时间：2016-11-16T00:11:57+08:00
2016-11-16T00:12:07: 非记录时间：2016-11-16T00:12:07+08:00
2016-11-16T00:12:17: 非记录时间：2016-11-16T00:12:17+08:00
2016-11-16T00:12:27: 非记录时间：2016-11-16T00:12:27+08:00
2016-11-16T00:12:37: 非记录时间：2016-11-16T00:12:37+08:00
2016-11-16T00:12:47: 非记录时间：2016-11-16T00:12:47+08:00
2016-11-16T00:12:57: 非记录时间：2016-11-16T00:12:57+08:00
2016-11-16T00:13:07: 非记录时间：2016-11-16T00:13:07+08:00
2016-11-16T00:13:17: 非记录时间：2016-11-16T00:13:17+08:00
2016-11-16T00:13:27: 非记录时间：2016-11-16T00:13:27+08:00
2016-11-16T00:13:37: 非记录时间：2016-11-16T00:13:37+08:00
2016-11-16T00:13:47: 非记录时间：2016-11-16T00:13:47+08:00
2016-11-16T00:13:57: 非记录时间：2016-11-16T00:13:57+08:00
2016-11-16T00:14:07: 非记录时间：2016-11-16T00:14:07+08:00
2016-11-16T00:14:17: 非记录时间：2016-11-16T00:14:17+08:00
2016-11-16T00:14:27: 非记录时间：2016-11-16T00:14:27+08:00
2016-11-16T00:14:37: 非记录时间：2016-11-16T00:14:37+08:00
2016-11-16T00:14:47: 非记录时间：2016-11-16T00:14:47+08:00
2016-11-16T00:14:57: 非记录时间：2016-11-16T00:14:57+08:00
2016-11-16T00:15:07: 非记录时间：2016-11-16T00:15:07+08:00
2016-11-16T00:15:17: 非记录时间：2016-11-16T00:15:17+08:00
2016-11-16T00:15:27: 非记录时间：2016-11-16T00:15:27+08:00
2016-11-16T00:15:37: 非记录时间：2016-11-16T00:15:37+08:00
2016-11-16T00:15:47: 非记录时间：2016-11-16T00:15:47+08:00
2016-11-16T00:15:57: 非记录时间：2016-11-16T00:15:57+08:00
2016-11-16T00:16:07: 非记录时间：2016-11-16T00:16:07+08:00
2016-11-16T00:16:17: 非记录时间：2016-11-16T00:16:17+08:00
2016-11-16T00:16:27: 非记录时间：2016-11-16T00:16:27+08:00
2016-11-16T00:16:37: 非记录时间：2016-11-16T00:16:37+08:00
2016-11-16T00:16:47: 非记录时间：2016-11-16T00:16:47+08:00
2016-11-16T00:16:57: 非记录时间：2016-11-16T00:16:57+08:00
2016-11-16T00:17:07: 非记录时间：2016-11-16T00:17:07+08:00
2016-11-16T00:17:17: 非记录时间：2016-11-16T00:17:17+08:00
2016-11-16T00:17:27: 非记录时间：2016-11-16T00:17:27+08:00
2016-11-16T00:17:37: 非记录时间：2016-11-16T00:17:37+08:00
2016-11-16T00:17:47: 非记录时间：2016-11-16T00:17:47+08:00
2016-11-16T00:17:57: 非记录时间：2016-11-16T00:17:57+08:00
2016-11-16T00:18:07: 非记录时间：2016-11-16T00:18:07+08:00
2016-11-16T00:18:17: 非记录时间：2016-11-16T00:18:17+08:00
2016-11-16T00:18:27: 非记录时间：2016-11-16T00:18:27+08:00
2016-11-16T00:18:37: 非记录时间：2016-11-16T00:18:37+08:00
2016-11-16T00:18:47: 非记录时间：2016-11-16T00:18:47+08:00
2016-11-16T00:18:57: 非记录时间：2016-11-16T00:18:57+08:00
2016-11-16T00:19:07: 非记录时间：2016-11-16T00:19:07+08:00
2016-11-16T00:19:17: 非记录时间：2016-11-16T00:19:17+08:00
2016-11-16T00:19:27: 非记录时间：2016-11-16T00:19:27+08:00
2016-11-16T00:19:37: 非记录时间：2016-11-16T00:19:37+08:00
2016-11-16T00:19:47: 非记录时间：2016-11-16T00:19:47+08:00
2016-11-16T00:19:57: 非记录时间：2016-11-16T00:19:57+08:00
2016-11-16T00:20:07: 非记录时间：2016-11-16T00:20:07+08:00
2016-11-16T00:20:17: 非记录时间：2016-11-16T00:20:17+08:00
2016-11-16T00:20:27: 非记录时间：2016-11-16T00:20:27+08:00
2016-11-16T00:20:37: 非记录时间：2016-11-16T00:20:37+08:00
2016-11-16T00:20:47: 非记录时间：2016-11-16T00:20:47+08:00
2016-11-16T00:20:57: 非记录时间：2016-11-16T00:20:57+08:00
2016-11-16T00:21:07: 非记录时间：2016-11-16T00:21:07+08:00
2016-11-16T00:21:17: 非记录时间：2016-11-16T00:21:17+08:00
2016-11-16T00:21:27: 非记录时间：2016-11-16T00:21:27+08:00
2016-11-16T00:21:37: 非记录时间：2016-11-16T00:21:37+08:00
2016-11-16T00:21:47: 非记录时间：2016-11-16T00:21:47+08:00
2016-11-16T00:21:57: 非记录时间：2016-11-16T00:21:57+08:00
2016-11-16T00:22:07: 非记录时间：2016-11-16T00:22:07+08:00
2016-11-16T00:22:17: 非记录时间：2016-11-16T00:22:17+08:00
2016-11-16T00:22:27: 非记录时间：2016-11-16T00:22:27+08:00
2016-11-16T00:22:37: 非记录时间：2016-11-16T00:22:37+08:00
2016-11-16T00:22:47: 非记录时间：2016-11-16T00:22:47+08:00
2016-11-16T00:22:57: 非记录时间：2016-11-16T00:22:57+08:00
2016-11-16T00:23:07: 非记录时间：2016-11-16T00:23:07+08:00
2016-11-16T00:23:17: 非记录时间：2016-11-16T00:23:17+08:00
2016-11-16T00:23:27: 非记录时间：2016-11-16T00:23:27+08:00
2016-11-16T00:23:37: 非记录时间：2016-11-16T00:23:37+08:00
2016-11-16T00:23:47: 非记录时间：2016-11-16T00:23:47+08:00
2016-11-16T00:23:57: 非记录时间：2016-11-16T00:23:57+08:00
2016-11-16T00:24:07: 非记录时间：2016-11-16T00:24:07+08:00
2016-11-16T00:24:17: 非记录时间：2016-11-16T00:24:17+08:00
2016-11-16T00:24:27: 非记录时间：2016-11-16T00:24:27+08:00
2016-11-16T00:24:37: 非记录时间：2016-11-16T00:24:37+08:00
2016-11-16T00:24:47: 非记录时间：2016-11-16T00:24:47+08:00
2016-11-16T00:24:57: 非记录时间：2016-11-16T00:24:57+08:00
2016-11-16T00:25:07: 非记录时间：2016-11-16T00:25:07+08:00
2016-11-16T00:25:17: 非记录时间：2016-11-16T00:25:17+08:00
2016-11-16T00:25:27: 非记录时间：2016-11-16T00:25:27+08:00
2016-11-16T00:25:37: 非记录时间：2016-11-16T00:25:37+08:00
2016-11-16T00:25:47: 非记录时间：2016-11-16T00:25:47+08:00
2016-11-16T00:25:57: 非记录时间：2016-11-16T00:25:57+08:00
2016-11-16T00:26:07: 非记录时间：2016-11-16T00:26:07+08:00
2016-11-16T00:26:17: 非记录时间：2016-11-16T00:26:17+08:00
2016-11-16T00:26:27: 非记录时间：2016-11-16T00:26:27+08:00
2016-11-16T00:26:37: 非记录时间：2016-11-16T00:26:37+08:00
2016-11-16T00:26:47: 非记录时间：2016-11-16T00:26:47+08:00
2016-11-16T00:26:57: 非记录时间：2016-11-16T00:26:57+08:00
2016-11-16T00:27:07: 非记录时间：2016-11-16T00:27:07+08:00
2016-11-16T00:27:17: 非记录时间：2016-11-16T00:27:17+08:00
2016-11-16T00:27:27: 非记录时间：2016-11-16T00:27:27+08:00
2016-11-16T00:27:37: 非记录时间：2016-11-16T00:27:37+08:00
2016-11-16T00:27:47: 非记录时间：2016-11-16T00:27:47+08:00
2016-11-16T00:27:57: 非记录时间：2016-11-16T00:27:57+08:00
2016-11-16T00:28:07: 非记录时间：2016-11-16T00:28:07+08:00
2016-11-16T00:28:17: 非记录时间：2016-11-16T00:28:17+08:00
2016-11-16T00:28:27: 非记录时间：2016-11-16T00:28:27+08:00
2016-11-16T00:28:37: 非记录时间：2016-11-16T00:28:37+08:00
2016-11-16T00:28:47: 非记录时间：2016-11-16T00:28:47+08:00
2016-11-16T00:28:57: 非记录时间：2016-11-16T00:28:57+08:00
2016-11-16T00:29:07: 非记录时间：2016-11-16T00:29:07+08:00
2016-11-16T00:29:17: 非记录时间：2016-11-16T00:29:17+08:00
2016-11-16T00:29:27: 非记录时间：2016-11-16T00:29:27+08:00
2016-11-16T00:29:37: 非记录时间：2016-11-16T00:29:37+08:00
2016-11-16T00:29:47: 非记录时间：2016-11-16T00:29:47+08:00
2016-11-16T00:29:57: 非记录时间：2016-11-16T00:29:57+08:00
2016-11-16T00:30:07: 非记录时间：2016-11-16T00:30:07+08:00
2016-11-16T00:30:17: 非记录时间：2016-11-16T00:30:17+08:00
2016-11-16T00:30:27: 非记录时间：2016-11-16T00:30:27+08:00
2016-11-16T00:30:37: 非记录时间：2016-11-16T00:30:37+08:00
2016-11-16T00:30:47: 非记录时间：2016-11-16T00:30:47+08:00
2016-11-16T00:30:57: 非记录时间：2016-11-16T00:30:57+08:00
2016-11-16T00:31:07: 非记录时间：2016-11-16T00:31:07+08:00
2016-11-16T00:31:17: 非记录时间：2016-11-16T00:31:17+08:00
2016-11-16T00:31:27: 非记录时间：2016-11-16T00:31:27+08:00
2016-11-16T00:31:37: 非记录时间：2016-11-16T00:31:37+08:00
2016-11-16T00:31:47: 非记录时间：2016-11-16T00:31:47+08:00
2016-11-16T00:31:57: 非记录时间：2016-11-16T00:31:57+08:00
2016-11-16T00:32:07: 非记录时间：2016-11-16T00:32:07+08:00
2016-11-16T00:32:17: 非记录时间：2016-11-16T00:32:17+08:00
2016-11-16T00:32:27: 非记录时间：2016-11-16T00:32:27+08:00
2016-11-16T00:32:37: 非记录时间：2016-11-16T00:32:37+08:00
2016-11-16T00:32:47: 非记录时间：2016-11-16T00:32:47+08:00
2016-11-16T00:32:57: 非记录时间：2016-11-16T00:32:57+08:00
2016-11-16T00:33:07: 非记录时间：2016-11-16T00:33:07+08:00
2016-11-16T00:33:17: 非记录时间：2016-11-16T00:33:17+08:00
2016-11-16T00:33:27: 非记录时间：2016-11-16T00:33:27+08:00
2016-11-16T00:33:37: 非记录时间：2016-11-16T00:33:37+08:00
2016-11-16T00:33:47: 非记录时间：2016-11-16T00:33:47+08:00
2016-11-16T00:33:57: 非记录时间：2016-11-16T00:33:57+08:00
2016-11-16T00:34:07: 非记录时间：2016-11-16T00:34:07+08:00
2016-11-16T00:34:17: 非记录时间：2016-11-16T00:34:17+08:00
2016-11-16T00:34:27: 非记录时间：2016-11-16T00:34:27+08:00
2016-11-16T00:34:37: 非记录时间：2016-11-16T00:34:37+08:00
2016-11-16T00:34:47: 非记录时间：2016-11-16T00:34:47+08:00
2016-11-16T00:34:57: 非记录时间：2016-11-16T00:34:57+08:00
2016-11-16T00:35:07: 非记录时间：2016-11-16T00:35:07+08:00
2016-11-16T00:35:17: 非记录时间：2016-11-16T00:35:17+08:00
2016-11-16T00:35:27: 非记录时间：2016-11-16T00:35:27+08:00
2016-11-16T00:35:37: 非记录时间：2016-11-16T00:35:37+08:00
2016-11-16T00:35:47: 非记录时间：2016-11-16T00:35:47+08:00
2016-11-16T00:35:57: 非记录时间：2016-11-16T00:35:57+08:00
2016-11-16T00:36:07: 非记录时间：2016-11-16T00:36:07+08:00
2016-11-16T00:36:17: 非记录时间：2016-11-16T00:36:17+08:00
2016-11-16T00:36:27: 非记录时间：2016-11-16T00:36:27+08:00
2016-11-16T00:36:37: 非记录时间：2016-11-16T00:36:37+08:00
2016-11-16T00:36:47: 非记录时间：2016-11-16T00:36:47+08:00
2016-11-16T00:36:57: 非记录时间：2016-11-16T00:36:57+08:00
2016-11-16T00:37:07: 非记录时间：2016-11-16T00:37:07+08:00
2016-11-16T00:37:17: 非记录时间：2016-11-16T00:37:17+08:00
2016-11-16T00:37:27: 非记录时间：2016-11-16T00:37:27+08:00
2016-11-16T00:37:37: 非记录时间：2016-11-16T00:37:37+08:00
2016-11-16T00:37:47: 非记录时间：2016-11-16T00:37:47+08:00
2016-11-16T00:37:57: 非记录时间：2016-11-16T00:37:57+08:00
2016-11-16T00:38:07: 非记录时间：2016-11-16T00:38:07+08:00
2016-11-16T00:38:17: 非记录时间：2016-11-16T00:38:17+08:00
2016-11-16T00:38:27: 非记录时间：2016-11-16T00:38:27+08:00
2016-11-16T00:38:37: 非记录时间：2016-11-16T00:38:37+08:00
2016-11-16T00:38:47: 非记录时间：2016-11-16T00:38:47+08:00
2016-11-16T00:38:57: 非记录时间：2016-11-16T00:38:57+08:00
2016-11-16T00:39:07: 非记录时间：2016-11-16T00:39:07+08:00
2016-11-16T00:39:17: 非记录时间：2016-11-16T00:39:17+08:00
2016-11-16T00:39:27: 非记录时间：2016-11-16T00:39:27+08:00
2016-11-16T00:39:37: 非记录时间：2016-11-16T00:39:37+08:00
2016-11-16T00:39:47: 非记录时间：2016-11-16T00:39:47+08:00
2016-11-16T00:39:57: 非记录时间：2016-11-16T00:39:57+08:00
2016-11-16T00:40:07: 非记录时间：2016-11-16T00:40:07+08:00
2016-11-16T00:40:17: 非记录时间：2016-11-16T00:40:17+08:00
2016-11-16T00:40:27: 非记录时间：2016-11-16T00:40:27+08:00
2016-11-16T00:40:37: 非记录时间：2016-11-16T00:40:37+08:00
2016-11-16T00:40:47: 非记录时间：2016-11-16T00:40:47+08:00
2016-11-16T00:40:57: 非记录时间：2016-11-16T00:40:57+08:00
2016-11-16T00:41:07: 非记录时间：2016-11-16T00:41:07+08:00
2016-11-16T00:41:17: 非记录时间：2016-11-16T00:41:17+08:00
2016-11-16T00:41:27: 非记录时间：2016-11-16T00:41:27+08:00
2016-11-16T00:41:37: 非记录时间：2016-11-16T00:41:37+08:00
2016-11-16T00:41:47: 非记录时间：2016-11-16T00:41:47+08:00
2016-11-16T00:41:57: 非记录时间：2016-11-16T00:41:57+08:00
2016-11-16T00:42:07: 非记录时间：2016-11-16T00:42:07+08:00
2016-11-16T00:42:17: 非记录时间：2016-11-16T00:42:17+08:00
2016-11-16T00:42:27: 非记录时间：2016-11-16T00:42:27+08:00
2016-11-16T00:42:37: 非记录时间：2016-11-16T00:42:37+08:00
2016-11-16T00:42:47: 非记录时间：2016-11-16T00:42:47+08:00
2016-11-16T00:42:57: 非记录时间：2016-11-16T00:42:57+08:00
2016-11-16T00:43:07: 非记录时间：2016-11-16T00:43:07+08:00
2016-11-16T00:43:17: 非记录时间：2016-11-16T00:43:17+08:00
2016-11-16T00:43:27: 非记录时间：2016-11-16T00:43:27+08:00
2016-11-16T00:43:37: 非记录时间：2016-11-16T00:43:37+08:00
2016-11-16T00:43:47: 非记录时间：2016-11-16T00:43:47+08:00
2016-11-16T00:43:57: 非记录时间：2016-11-16T00:43:57+08:00
2016-11-16T00:44:07: 非记录时间：2016-11-16T00:44:07+08:00
2016-11-16T00:44:17: 非记录时间：2016-11-16T00:44:17+08:00
2016-11-16T00:44:27: 非记录时间：2016-11-16T00:44:27+08:00
2016-11-16T00:44:37: 非记录时间：2016-11-16T00:44:37+08:00
2016-11-16T00:44:47: 非记录时间：2016-11-16T00:44:47+08:00
2016-11-16T00:44:57: 非记录时间：2016-11-16T00:44:57+08:00
2016-11-16T00:45:07: 非记录时间：2016-11-16T00:45:07+08:00
2016-11-16T00:45:17: 非记录时间：2016-11-16T00:45:17+08:00
2016-11-16T00:45:27: 非记录时间：2016-11-16T00:45:27+08:00
2016-11-16T00:45:37: 非记录时间：2016-11-16T00:45:37+08:00
2016-11-16T00:45:47: 非记录时间：2016-11-16T00:45:47+08:00
2016-11-16T00:45:58: 非记录时间：2016-11-16T00:45:58+08:00
2016-11-16T00:46:08: 非记录时间：2016-11-16T00:46:08+08:00
2016-11-16T00:46:18: 非记录时间：2016-11-16T00:46:18+08:00
2016-11-16T00:46:28: 非记录时间：2016-11-16T00:46:28+08:00
2016-11-16T00:46:38: 非记录时间：2016-11-16T00:46:38+08:00
2016-11-16T00:46:48: 非记录时间：2016-11-16T00:46:48+08:00
2016-11-16T00:46:58: 非记录时间：2016-11-16T00:46:58+08:00
2016-11-16T00:47:08: 非记录时间：2016-11-16T00:47:08+08:00
2016-11-16T00:47:18: 非记录时间：2016-11-16T00:47:18+08:00
2016-11-16T00:47:28: 非记录时间：2016-11-16T00:47:28+08:00
2016-11-16T00:47:38: 非记录时间：2016-11-16T00:47:38+08:00
2016-11-16T00:47:48: 非记录时间：2016-11-16T00:47:48+08:00
2016-11-16T00:47:58: 非记录时间：2016-11-16T00:47:58+08:00
2016-11-16T00:48:08: 非记录时间：2016-11-16T00:48:08+08:00
2016-11-16T00:48:18: 非记录时间：2016-11-16T00:48:18+08:00
2016-11-16T00:48:28: 非记录时间：2016-11-16T00:48:28+08:00
2016-11-16T00:48:38: 非记录时间：2016-11-16T00:48:38+08:00
2016-11-16T00:48:48: 非记录时间：2016-11-16T00:48:48+08:00
2016-11-16T00:48:58: 非记录时间：2016-11-16T00:48:58+08:00
2016-11-16T00:49:08: 非记录时间：2016-11-16T00:49:08+08:00
2016-11-16T00:49:18: 非记录时间：2016-11-16T00:49:18+08:00
2016-11-16T00:49:28: 非记录时间：2016-11-16T00:49:28+08:00
2016-11-16T00:49:38: 非记录时间：2016-11-16T00:49:38+08:00
2016-11-16T00:49:48: 非记录时间：2016-11-16T00:49:48+08:00
2016-11-16T00:49:58: 非记录时间：2016-11-16T00:49:58+08:00
2016-11-16T00:50:08: 非记录时间：2016-11-16T00:50:08+08:00
2016-11-16T00:50:18: 非记录时间：2016-11-16T00:50:18+08:00
2016-11-16T00:50:28: 非记录时间：2016-11-16T00:50:28+08:00
2016-11-16T00:50:38: 非记录时间：2016-11-16T00:50:38+08:00
2016-11-16T00:50:48: 非记录时间：2016-11-16T00:50:48+08:00
2016-11-16T00:50:58: 非记录时间：2016-11-16T00:50:58+08:00
2016-11-16T00:51:08: 非记录时间：2016-11-16T00:51:08+08:00
2016-11-16T00:51:18: 非记录时间：2016-11-16T00:51:18+08:00
2016-11-16T00:51:28: 非记录时间：2016-11-16T00:51:28+08:00
2016-11-16T00:51:38: 非记录时间：2016-11-16T00:51:38+08:00
2016-11-16T00:51:48: 非记录时间：2016-11-16T00:51:48+08:00
2016-11-16T00:51:58: 非记录时间：2016-11-16T00:51:58+08:00
2016-11-16T00:52:08: 非记录时间：2016-11-16T00:52:08+08:00
2016-11-16T00:52:18: 非记录时间：2016-11-16T00:52:18+08:00
2016-11-16T00:52:28: 非记录时间：2016-11-16T00:52:28+08:00
2016-11-16T00:52:38: 非记录时间：2016-11-16T00:52:38+08:00
2016-11-16T00:52:48: 非记录时间：2016-11-16T00:52:48+08:00
2016-11-16T00:52:58: 非记录时间：2016-11-16T00:52:58+08:00
2016-11-16T00:53:08: 非记录时间：2016-11-16T00:53:08+08:00
2016-11-16T00:53:18: 非记录时间：2016-11-16T00:53:18+08:00
2016-11-16T00:53:28: 非记录时间：2016-11-16T00:53:28+08:00
2016-11-16T00:53:38: 非记录时间：2016-11-16T00:53:38+08:00
2016-11-16T00:53:48: 非记录时间：2016-11-16T00:53:48+08:00
2016-11-16T00:53:58: 非记录时间：2016-11-16T00:53:58+08:00
2016-11-16T00:54:08: 非记录时间：2016-11-16T00:54:08+08:00
2016-11-16T00:54:18: 非记录时间：2016-11-16T00:54:18+08:00
2016-11-16T00:54:28: 非记录时间：2016-11-16T00:54:28+08:00
2016-11-16T00:54:38: 非记录时间：2016-11-16T00:54:38+08:00
2016-11-16T00:54:48: 非记录时间：2016-11-16T00:54:48+08:00
2016-11-16T00:54:58: 非记录时间：2016-11-16T00:54:58+08:00
2016-11-16T00:55:08: 非记录时间：2016-11-16T00:55:08+08:00
2016-11-16T00:55:18: 非记录时间：2016-11-16T00:55:18+08:00
2016-11-16T00:55:28: 非记录时间：2016-11-16T00:55:28+08:00
2016-11-16T00:55:38: 非记录时间：2016-11-16T00:55:38+08:00
2016-11-16T00:55:48: 非记录时间：2016-11-16T00:55:48+08:00
2016-11-16T00:55:58: 非记录时间：2016-11-16T00:55:58+08:00
2016-11-16T00:56:08: 非记录时间：2016-11-16T00:56:08+08:00
2016-11-16T00:56:18: 非记录时间：2016-11-16T00:56:18+08:00
2016-11-16T00:56:28: 非记录时间：2016-11-16T00:56:28+08:00
2016-11-16T00:56:38: 非记录时间：2016-11-16T00:56:38+08:00
2016-11-16T00:56:48: 非记录时间：2016-11-16T00:56:48+08:00
2016-11-16T00:56:58: 非记录时间：2016-11-16T00:56:58+08:00
2016-11-16T00:57:08: 非记录时间：2016-11-16T00:57:08+08:00
2016-11-16T00:57:18: 非记录时间：2016-11-16T00:57:18+08:00
2016-11-16T00:57:28: 非记录时间：2016-11-16T00:57:28+08:00
2016-11-16T00:57:38: 非记录时间：2016-11-16T00:57:38+08:00
2016-11-16T00:57:48: 非记录时间：2016-11-16T00:57:48+08:00
2016-11-16T00:57:58: 非记录时间：2016-11-16T00:57:58+08:00
2016-11-16T00:58:08: 非记录时间：2016-11-16T00:58:08+08:00
2016-11-16T00:58:18: 非记录时间：2016-11-16T00:58:18+08:00
2016-11-16T00:58:28: 非记录时间：2016-11-16T00:58:28+08:00
2016-11-16T00:58:38: 非记录时间：2016-11-16T00:58:38+08:00
2016-11-16T00:58:48: 非记录时间：2016-11-16T00:58:48+08:00
2016-11-16T00:58:58: 非记录时间：2016-11-16T00:58:58+08:00
2016-11-16T00:59:08: 非记录时间：2016-11-16T00:59:08+08:00
2016-11-16T00:59:18: 非记录时间：2016-11-16T00:59:18+08:00
2016-11-16T00:59:28: 非记录时间：2016-11-16T00:59:28+08:00
2016-11-16T00:59:38: 非记录时间：2016-11-16T00:59:38+08:00
2016-11-16T00:59:48: 非记录时间：2016-11-16T00:59:48+08:00
2016-11-16T00:59:58: 非记录时间：2016-11-16T00:59:58+08:00
2016-11-16T01:00:08: 非记录时间：2016-11-16T01:00:08+08:00
2016-11-16T01:00:18: 非记录时间：2016-11-16T01:00:18+08:00
2016-11-16T01:00:28: 非记录时间：2016-11-16T01:00:28+08:00
2016-11-16T01:00:38: 非记录时间：2016-11-16T01:00:38+08:00
2016-11-16T01:00:48: 非记录时间：2016-11-16T01:00:48+08:00
2016-11-16T01:00:58: 非记录时间：2016-11-16T01:00:58+08:00
2016-11-16T01:01:08: 非记录时间：2016-11-16T01:01:08+08:00
2016-11-16T01:01:18: 非记录时间：2016-11-16T01:01:18+08:00
2016-11-16T01:01:28: 非记录时间：2016-11-16T01:01:28+08:00
2016-11-16T01:01:38: 非记录时间：2016-11-16T01:01:38+08:00
2016-11-16T01:01:48: 非记录时间：2016-11-16T01:01:48+08:00
2016-11-16T01:01:58: 非记录时间：2016-11-16T01:01:58+08:00
2016-11-16T01:02:08: 非记录时间：2016-11-16T01:02:08+08:00
2016-11-16T01:02:18: 非记录时间：2016-11-16T01:02:18+08:00
2016-11-16T01:02:28: 非记录时间：2016-11-16T01:02:28+08:00
2016-11-16T01:02:38: 非记录时间：2016-11-16T01:02:38+08:00
2016-11-16T01:02:48: 非记录时间：2016-11-16T01:02:48+08:00
2016-11-16T01:02:58: 非记录时间：2016-11-16T01:02:58+08:00
2016-11-16T01:03:08: 非记录时间：2016-11-16T01:03:08+08:00
2016-11-16T01:03:18: 非记录时间：2016-11-16T01:03:18+08:00
2016-11-16T01:03:28: 非记录时间：2016-11-16T01:03:28+08:00
2016-11-16T01:03:38: 非记录时间：2016-11-16T01:03:38+08:00
2016-11-16T01:03:48: 非记录时间：2016-11-16T01:03:48+08:00
2016-11-16T01:03:58: 非记录时间：2016-11-16T01:03:58+08:00
2016-11-16T01:04:08: 非记录时间：2016-11-16T01:04:08+08:00
2016-11-16T01:04:18: 非记录时间：2016-11-16T01:04:18+08:00
2016-11-16T01:04:28: 非记录时间：2016-11-16T01:04:28+08:00
2016-11-16T01:04:38: 非记录时间：2016-11-16T01:04:38+08:00
2016-11-16T01:04:48: 非记录时间：2016-11-16T01:04:48+08:00
2016-11-16T01:04:58: 非记录时间：2016-11-16T01:04:58+08:00
2016-11-16T01:05:08: 非记录时间：2016-11-16T01:05:08+08:00
2016-11-16T01:05:18: 非记录时间：2016-11-16T01:05:18+08:00
2016-11-16T01:05:28: 非记录时间：2016-11-16T01:05:28+08:00
2016-11-16T01:05:38: 非记录时间：2016-11-16T01:05:38+08:00
2016-11-16T01:05:48: 非记录时间：2016-11-16T01:05:48+08:00
2016-11-16T01:05:58: 非记录时间：2016-11-16T01:05:58+08:00
2016-11-16T01:06:08: 非记录时间：2016-11-16T01:06:08+08:00
2016-11-16T01:06:18: 非记录时间：2016-11-16T01:06:18+08:00
2016-11-16T01:06:28: 非记录时间：2016-11-16T01:06:28+08:00
2016-11-16T01:06:38: 非记录时间：2016-11-16T01:06:38+08:00
2016-11-16T01:06:48: 非记录时间：2016-11-16T01:06:48+08:00
2016-11-16T01:06:58: 非记录时间：2016-11-16T01:06:58+08:00
2016-11-16T01:07:08: 非记录时间：2016-11-16T01:07:08+08:00
2016-11-16T01:07:18: 非记录时间：2016-11-16T01:07:18+08:00
2016-11-16T01:07:28: 非记录时间：2016-11-16T01:07:28+08:00
2016-11-16T01:07:38: 非记录时间：2016-11-16T01:07:38+08:00
2016-11-16T01:07:48: 非记录时间：2016-11-16T01:07:48+08:00
2016-11-16T01:07:58: 非记录时间：2016-11-16T01:07:58+08:00
2016-11-16T01:08:08: 非记录时间：2016-11-16T01:08:08+08:00
2016-11-16T01:08:18: 非记录时间：2016-11-16T01:08:18+08:00
2016-11-16T01:08:28: 非记录时间：2016-11-16T01:08:28+08:00
2016-11-16T01:08:38: 非记录时间：2016-11-16T01:08:38+08:00
2016-11-16T01:08:48: 非记录时间：2016-11-16T01:08:48+08:00
2016-11-16T01:08:58: 非记录时间：2016-11-16T01:08:58+08:00
2016-11-16T01:09:08: 非记录时间：2016-11-16T01:09:08+08:00
2016-11-16T01:09:18: 非记录时间：2016-11-16T01:09:18+08:00
2016-11-16T01:09:28: 非记录时间：2016-11-16T01:09:28+08:00
2016-11-16T01:09:38: 非记录时间：2016-11-16T01:09:38+08:00
2016-11-16T01:09:48: 非记录时间：2016-11-16T01:09:48+08:00
2016-11-16T01:09:58: 非记录时间：2016-11-16T01:09:58+08:00
2016-11-16T01:10:08: 非记录时间：2016-11-16T01:10:08+08:00
2016-11-16T01:10:18: 非记录时间：2016-11-16T01:10:18+08:00
2016-11-16T01:10:28: 非记录时间：2016-11-16T01:10:28+08:00
2016-11-16T01:10:38: 非记录时间：2016-11-16T01:10:38+08:00
2016-11-16T01:10:48: 非记录时间：2016-11-16T01:10:48+08:00
2016-11-16T01:10:58: 非记录时间：2016-11-16T01:10:58+08:00
2016-11-16T01:11:09: 读取文件失败，可能是该文件不存在
2016-11-16T01:11:09: Error: ENOENT: no such file or directory, open './data/2016-11-16.json'
2016-11-16T01:11:18: 读取文件成功
2016-11-16T01:11:28: 读取文件成功
2016-11-16T01:11:38: 读取文件成功
2016-11-16T01:11:48: 读取文件成功
2016-11-16T01:11:58: 读取文件成功
2016-11-16T01:12:08: 读取文件成功
2016-11-16T01:12:18: 读取文件成功
2016-11-16T01:12:29: 读取文件成功
2016-11-16T01:12:38: 读取文件成功
2016-11-16T01:12:48: 读取文件成功
2016-11-16T01:12:58: 读取文件成功
2016-11-16T01:13:08: 读取文件成功
2016-11-16T01:13:18: 读取文件成功
2016-11-16T01:13:28: 读取文件成功
2016-11-16T01:13:38: 读取文件成功
2016-11-16T01:13:48: 读取文件成功
2016-11-16T01:13:58: 读取文件成功
2016-11-16T01:14:08: 读取文件成功
2016-11-16T01:14:18: 读取文件成功
2016-11-16T01:14:28: 读取文件成功
2016-11-16T01:14:39: 读取文件成功
2016-11-16T01:14:48: 读取文件成功
2016-11-16T01:14:58: 读取文件成功
2016-11-16T01:15:09: 读取文件成功
2016-11-16T01:15:19: 读取文件成功
2016-11-16T01:15:29: 读取文件成功
2016-11-16T01:15:39: 读取文件成功
2016-11-16T01:15:49: 读取文件成功
2016-11-16T01:15:59: 读取文件成功
2016-11-16T01:16:09: 读取文件成功
2016-11-16T01:16:19: 读取文件成功
2016-11-16T01:16:29: 读取文件成功
2016-11-16T01:16:39: 读取文件成功
2016-11-16T01:16:50: 读取文件成功
2016-11-16T01:16:59: 读取文件成功
2016-11-16T01:17:09: 读取文件成功
2016-11-16T01:17:19: 读取文件成功
2016-11-16T01:17:29: 读取文件成功
2016-11-16T01:17:39: 读取文件成功
2016-11-16T01:17:49: 读取文件成功
2016-11-16T01:17:59: 读取文件成功
2016-11-16T01:18:09: 读取文件成功
2016-11-16T01:18:19: 读取文件成功
2016-11-16T01:18:29: 读取文件成功
2016-11-16T01:18:39: 读取文件成功
2016-11-16T01:18:49: 读取文件成功
2016-11-16T01:18:59: 读取文件成功
2016-11-16T01:19:09: 读取文件成功
2016-11-16T01:19:19: 读取文件成功
2016-11-16T01:19:29: 读取文件成功
2016-11-16T01:19:39: 读取文件成功
2016-11-16T01:19:49: 读取文件成功
2016-11-16T01:19:59: 读取文件成功
2016-11-16T01:20:09: 读取文件成功
2016-11-16T01:20:19: 读取文件成功
2016-11-16T01:20:29: 读取文件成功
2016-11-16T01:20:39: 读取文件成功
2016-11-16T01:20:49: 读取文件成功
2016-11-16T01:20:59: 读取文件成功
2016-11-16T01:21:09: 读取文件成功
2016-11-16T01:21:19: 读取文件成功
2016-11-16T01:21:29: 读取文件成功
2016-11-16T01:21:39: 读取文件成功
2016-11-16T01:21:49: 读取文件成功
2016-11-16T01:21:59: 读取文件成功
2016-11-16T01:22:09: 读取文件成功
2016-11-16T01:22:19: 读取文件成功
2016-11-16T01:22:29: 读取文件成功
2016-11-16T01:22:39: 读取文件成功
2016-11-16T01:22:49: 读取文件成功
2016-11-16T01:22:59: 读取文件成功
2016-11-16T01:23:09: 读取文件成功
2016-11-16T01:23:19: 读取文件成功
2016-11-16T01:23:29: 读取文件成功
2016-11-16T01:23:39: 读取文件成功
2016-11-16T01:23:49: 读取文件成功
2016-11-16T01:23:59: 读取文件成功
2016-11-16T01:24:09: 读取文件成功
2016-11-16T01:24:19: 读取文件成功
2016-11-16T01:24:29: 读取文件成功
2016-11-16T01:24:39: 读取文件成功
2016-11-16T01:24:49: 读取文件成功
2016-11-16T01:24:59: 读取文件成功
2016-11-16T01:25:09: 读取文件成功
2016-11-16T01:25:19: 读取文件成功
2016-11-16T01:25:29: 读取文件成功
2016-11-16T01:25:39: 读取文件成功
2016-11-16T01:25:49: 读取文件成功
2016-11-16T01:25:59: 读取文件成功
2016-11-16T01:26:09: 读取文件成功
2016-11-16T01:26:19: 读取文件成功
2016-11-16T01:26:29: 读取文件成功
2016-11-16T01:26:39: 读取文件成功
2016-11-16T01:26:49: 读取文件成功
2016-11-16T01:26:59: 读取文件成功
2016-11-16T01:27:09: 读取文件成功
2016-11-16T01:27:19: 读取文件成功
2016-11-16T01:27:29: 读取文件成功
2016-11-16T01:27:39: 读取文件成功
2016-11-16T01:27:49: 读取文件成功
2016-11-16T01:27:59: 读取文件成功
2016-11-16T01:28:09: 读取文件成功
2016-11-16T01:28:19: 读取文件成功
2016-11-16T01:28:29: 读取文件成功
2016-11-16T01:28:39: 读取文件成功
2016-11-16T01:28:49: 读取文件成功
2016-11-16T01:28:59: 读取文件成功
2016-11-16T01:29:09: 读取文件成功
2016-11-16T01:29:19: 读取文件成功
2016-11-16T01:29:29: 读取文件成功
2016-11-16T01:29:39: 读取文件成功
2016-11-16T01:29:49: 读取文件成功
2016-11-16T01:29:59: 读取文件成功
2016-11-16T01:30:09: 读取文件成功
2016-11-16T01:30:19: 读取文件成功
2016-11-16T01:30:29: 读取文件成功
2016-11-16T01:30:39: 读取文件成功
2016-11-16T01:30:49: 读取文件成功
2016-11-16T01:30:59: 读取文件成功
2016-11-16T01:31:09: 读取文件成功
2016-11-16T01:31:19: 读取文件成功
2016-11-16T01:31:29: 读取文件成功
2016-11-16T01:31:40: 读取文件成功
2016-11-16T01:31:49: 读取文件成功
2016-11-16T01:31:59: 读取文件成功
2016-11-16T01:32:09: 读取文件成功
2016-11-16T01:32:19: 读取文件成功
2016-11-16T01:32:29: 读取文件成功
2016-11-16T01:32:39: 读取文件成功
2016-11-16T01:32:49: 读取文件成功
2016-11-16T01:32:59: 读取文件成功
2016-11-16T01:33:09: 读取文件成功
2016-11-16T01:33:19: 读取文件成功
2016-11-16T01:33:29: 读取文件成功
2016-11-16T01:33:39: 读取文件成功
2016-11-16T01:33:49: 读取文件成功
2016-11-16T01:33:59: 读取文件成功
2016-11-16T01:34:09: 读取文件成功
2016-11-16T01:34:19: 读取文件成功
2016-11-16T01:34:29: 读取文件成功
2016-11-16T01:34:40: 读取文件成功
2016-11-16T01:34:50: 读取文件成功
2016-11-16T01:34:59: 读取文件成功
2016-11-16T01:35:10: 读取文件成功
2016-11-16T01:35:20: 读取文件成功
2016-11-16T01:35:30: 读取文件成功
2016-11-16T01:35:40: 读取文件成功
2016-11-16T01:35:50: 读取文件成功
2016-11-16T01:36:00: 读取文件成功
2016-11-16T01:36:10: 读取文件成功
2016-11-16T01:36:20: 读取文件成功
2016-11-16T01:36:30: 读取文件成功
2016-11-16T01:36:40: 读取文件成功
2016-11-16T01:36:50: 读取文件成功
2016-11-16T01:37:00: 读取文件成功
2016-11-16T01:37:10: 读取文件成功
2016-11-16T01:37:20: 读取文件成功
2016-11-16T01:37:30: 读取文件成功
2016-11-16T01:37:40: 读取文件成功
2016-11-16T01:37:50: 读取文件成功
2016-11-16T01:38:00: 读取文件成功
2016-11-16T01:38:10: 读取文件成功
2016-11-16T01:38:20: 读取文件成功
2016-11-16T01:38:30: 读取文件成功
2016-11-16T01:38:40: 读取文件成功
2016-11-16T01:38:50: 读取文件成功
2016-11-16T01:39:00: 读取文件成功
2016-11-16T01:39:10: 读取文件成功
2016-11-16T01:39:20: 读取文件成功
2016-11-16T01:39:30: 读取文件成功
2016-11-16T01:39:40: 读取文件成功
2016-11-16T01:39:50: 读取文件成功
2016-11-16T01:40:00: 读取文件成功
2016-11-16T01:40:10: 读取文件成功
2016-11-16T01:40:20: 读取文件成功
2016-11-16T01:40:30: 读取文件成功
2016-11-16T01:40:40: 读取文件成功
2016-11-16T01:40:50: 读取文件成功
2016-11-16T01:41:00: 读取文件成功
2016-11-16T01:41:10: 读取文件成功
2016-11-16T01:41:20: 读取文件成功
2016-11-16T01:41:30: 读取文件成功
2016-11-16T01:41:40: 读取文件成功
2016-11-16T01:41:50: 读取文件成功
2016-11-16T01:42:00: 读取文件成功
2016-11-16T01:42:10: 读取文件成功
2016-11-16T01:42:20: 读取文件成功
2016-11-16T01:42:30: 读取文件成功
2016-11-16T01:42:40: 读取文件成功
2016-11-16T01:42:50: 读取文件成功
2016-11-16T01:43:00: 读取文件成功
2016-11-16T01:43:10: 读取文件成功
2016-11-16T01:43:20: 读取文件成功
2016-11-16T01:43:30: 读取文件成功
2016-11-16T01:43:40: 读取文件成功
2016-11-16T01:43:50: 读取文件成功
2016-11-16T01:44:00: 读取文件成功
2016-11-16T01:44:10: 读取文件成功
2016-11-16T01:44:20: 读取文件成功
2016-11-16T01:44:30: 读取文件成功
2016-11-16T01:44:40: 读取文件成功
2016-11-16T01:44:50: 读取文件成功
2016-11-16T01:45:00: 读取文件成功
2016-11-16T01:45:10: 读取文件成功
2016-11-16T01:45:20: 读取文件成功
2016-11-16T01:45:30: 读取文件成功
2016-11-16T01:45:40: 读取文件成功
2016-11-16T01:45:50: 读取文件成功
2016-11-16T01:46:00: 读取文件成功
2016-11-16T01:46:10: 读取文件成功
2016-11-16T01:46:20: 读取文件成功
2016-11-16T01:46:30: 读取文件成功
2016-11-16T01:46:40: 读取文件成功
2016-11-16T01:46:50: 读取文件成功
2016-11-16T01:47:00: 读取文件成功
2016-11-16T01:47:10: 读取文件成功
2016-11-16T01:47:20: 读取文件成功
2016-11-16T01:47:30: 读取文件成功
2016-11-16T01:47:40: 读取文件成功
2016-11-16T01:47:50: 读取文件成功
2016-11-16T01:48:00: 读取文件成功
2016-11-16T01:48:10: 读取文件成功
2016-11-16T01:48:20: 读取文件成功
2016-11-16T01:48:30: 读取文件成功
2016-11-16T01:48:40: 读取文件成功
2016-11-16T01:48:50: 读取文件成功
2016-11-16T01:49:00: 读取文件成功
2016-11-16T01:49:10: 读取文件成功
2016-11-16T01:49:20: 读取文件成功
2016-11-16T01:49:30: 读取文件成功
2016-11-16T01:49:40: 读取文件成功
2016-11-16T01:49:50: 读取文件成功
2016-11-16T01:50:00: 读取文件成功
2016-11-16T01:50:10: 读取文件成功
2016-11-16T01:50:20: 读取文件成功
2016-11-16T01:50:30: 读取文件成功
2016-11-16T01:50:40: 读取文件成功
2016-11-16T01:50:50: 读取文件成功
2016-11-16T01:51:00: 读取文件成功
2016-11-16T01:51:10: 读取文件成功
2016-11-16T01:51:20: 读取文件成功
2016-11-16T01:51:30: 读取文件成功
2016-11-16T01:51:40: 读取文件成功
2016-11-16T01:51:50: 读取文件成功
2016-11-16T01:52:00: 读取文件成功
2016-11-16T01:52:11: 读取文件成功
2016-11-16T01:52:20: 读取文件成功
2016-11-16T01:52:30: 读取文件成功
2016-11-16T01:52:40: 读取文件成功
2016-11-16T01:52:50: 读取文件成功
2016-11-16T01:53:00: 读取文件成功
2016-11-16T01:53:10: 读取文件成功
2016-11-16T01:53:20: 读取文件成功
2016-11-16T01:53:30: 读取文件成功
2016-11-16T01:53:40: 读取文件成功
2016-11-16T01:53:50: 读取文件成功
2016-11-16T01:54:00: 读取文件成功
2016-11-16T01:54:11: 读取文件成功
2016-11-16T01:54:20: 读取文件成功
2016-11-16T01:54:31: 读取文件成功
2016-11-16T01:54:41: 读取文件成功
2016-11-16T01:54:50: 读取文件成功
2016-11-16T01:55:00: 读取文件成功
2016-11-16T01:55:11: 读取文件成功
2016-11-16T01:55:20: 读取文件成功
2016-11-16T01:55:31: 读取文件成功
2016-11-16T01:55:41: 读取文件成功
2016-11-16T01:55:51: 读取文件成功
2016-11-16T01:56:01: 读取文件成功
2016-11-16T01:56:11: 读取文件成功
2016-11-16T01:56:21: 读取文件成功
2016-11-16T01:56:31: 读取文件成功
2016-11-16T01:56:41: 读取文件成功
2016-11-16T01:56:51: 读取文件成功
2016-11-16T01:57:01: 读取文件成功
2016-11-16T01:57:11: 读取文件成功
2016-11-16T01:57:21: 读取文件成功
2016-11-16T01:57:31: 读取文件成功
2016-11-16T01:57:41: 读取文件成功
2016-11-16T01:57:51: 读取文件成功
2016-11-16T01:58:01: 读取文件成功
2016-11-16T01:58:11: 读取文件成功
2016-11-16T01:58:21: 读取文件成功
2016-11-16T01:58:31: 读取文件成功
2016-11-16T01:58:41: 读取文件成功
2016-11-16T01:58:51: 读取文件成功
2016-11-16T01:59:01: 读取文件成功
2016-11-16T01:59:11: 读取文件成功
2016-11-16T01:59:21: 读取文件成功
2016-11-16T01:59:31: 读取文件成功
2016-11-16T01:59:41: 读取文件成功
2016-11-16T01:59:51: 读取文件成功
2016-11-16T02:00:01: 读取文件成功
2016-11-16T02:00:11: 读取文件成功
2016-11-16T02:00:21: 读取文件成功
2016-11-16T02:00:31: 读取文件成功
2016-11-16T02:00:41: 读取文件成功
2016-11-16T02:00:51: 读取文件成功
2016-11-16T02:01:01: 读取文件成功
2016-11-16T02:01:11: 读取文件成功
2016-11-16T02:01:21: 读取文件成功
2016-11-16T02:01:31: 读取文件成功
2016-11-16T02:01:41: 读取文件成功
2016-11-16T02:01:51: 读取文件成功
2016-11-16T02:02:01: 读取文件成功
2016-11-16T02:02:11: 读取文件成功
2016-11-16T02:02:21: 读取文件成功
2016-11-16T02:02:31: 读取文件成功
2016-11-16T02:02:41: 读取文件成功
2016-11-16T02:02:51: 读取文件成功
2016-11-16T02:03:01: 读取文件成功
2016-11-16T02:03:11: 读取文件成功
2016-11-16T02:03:21: 读取文件成功
2016-11-16T02:03:31: 读取文件成功
2016-11-16T02:03:41: 读取文件成功
2016-11-16T02:03:51: 读取文件成功
2016-11-16T02:04:01: 读取文件成功
2016-11-16T02:04:11: 读取文件成功
2016-11-16T02:04:21: 读取文件成功
2016-11-16T02:04:31: 读取文件成功
2016-11-16T02:04:41: 读取文件成功
2016-11-16T02:04:51: 读取文件成功
2016-11-16T02:05:01: 读取文件成功
2016-11-16T02:05:11: 读取文件成功
2016-11-16T02:05:21: 读取文件成功
2016-11-16T02:05:31: 读取文件成功
2016-11-16T02:05:41: 读取文件成功
2016-11-16T02:05:51: 读取文件成功
2016-11-16T02:06:01: 读取文件成功
2016-11-16T02:06:11: 读取文件成功
2016-11-16T02:06:21: 读取文件成功
2016-11-16T02:06:31: 读取文件成功
2016-11-16T02:06:41: 读取文件成功
2016-11-16T02:06:51: 读取文件成功
2016-11-16T02:07:01: 读取文件成功
2016-11-16T02:07:11: 读取文件成功
2016-11-16T02:07:21: 读取文件成功
2016-11-16T02:07:31: 读取文件成功
2016-11-16T02:07:41: 读取文件成功
2016-11-16T02:07:51: 读取文件成功
2016-11-16T02:08:01: 读取文件成功
2016-11-16T02:08:11: 读取文件成功
2016-11-16T02:08:21: 读取文件成功
2016-11-16T02:08:31: 读取文件成功
2016-11-16T02:08:41: 读取文件成功
2016-11-16T02:08:51: 读取文件成功
2016-11-16T02:09:01: 读取文件成功
2016-11-16T02:09:11: 读取文件成功
2016-11-16T02:09:21: 读取文件成功
2016-11-16T02:09:31: 读取文件成功
2016-11-16T02:09:41: 读取文件成功
2016-11-16T02:09:51: 读取文件成功
2016-11-16T02:10:01: 读取文件成功
2016-11-16T02:10:11: 读取文件成功
2016-11-16T02:10:21: 读取文件成功
2016-11-16T02:10:31: 读取文件成功
2016-11-16T02:10:41: 读取文件成功
2016-11-16T02:10:51: 读取文件成功
2016-11-16T02:11:01: 读取文件成功
2016-11-16T02:11:11: 读取文件成功
2016-11-16T02:11:21: 读取文件成功
2016-11-16T02:11:31: 读取文件成功
2016-11-16T02:11:41: 读取文件成功
2016-11-16T02:11:51: 读取文件成功
2016-11-16T02:12:01: 读取文件成功
2016-11-16T02:12:11: 读取文件成功
2016-11-16T02:12:21: 读取文件成功
2016-11-16T02:12:31: 读取文件成功
2016-11-16T02:12:42: 读取文件成功
2016-11-16T02:12:51: 读取文件成功
2016-11-16T02:13:01: 读取文件成功
2016-11-16T02:13:11: 读取文件成功
2016-11-16T02:13:21: 读取文件成功
2016-11-16T02:13:31: 读取文件成功
2016-11-16T02:13:41: 读取文件成功
2016-11-16T02:13:51: 读取文件成功
2016-11-16T02:14:01: 读取文件成功
2016-11-16T02:14:11: 读取文件成功
2016-11-16T02:14:22: 读取文件成功
2016-11-16T02:14:31: 读取文件成功
2016-11-16T02:14:41: 读取文件成功
2016-11-16T02:14:52: 读取文件成功
2016-11-16T02:15:02: 读取文件成功
2016-11-16T02:15:12: 读取文件成功
2016-11-16T02:15:22: 读取文件成功
2016-11-16T02:15:31: 读取文件成功
2016-11-16T02:15:42: 读取文件成功
2016-11-16T02:15:52: 读取文件成功
2016-11-16T02:16:02: 读取文件成功
2016-11-16T02:16:12: 读取文件成功
2016-11-16T02:16:22: 读取文件成功
2016-11-16T02:16:32: 读取文件成功
2016-11-16T02:16:42: 读取文件成功
2016-11-16T02:16:52: 读取文件成功
2016-11-16T02:17:02: 读取文件成功
2016-11-16T02:17:12: 读取文件成功
2016-11-16T02:17:22: 读取文件成功
2016-11-16T02:17:32: 读取文件成功
2016-11-16T02:17:42: 读取文件成功
2016-11-16T02:17:52: 读取文件成功
2016-11-16T02:18:02: 读取文件成功
2016-11-16T02:18:12: 读取文件成功
2016-11-16T02:18:22: 读取文件成功
2016-11-16T02:18:32: 读取文件成功
2016-11-16T02:18:42: 读取文件成功
2016-11-16T02:18:52: 读取文件成功
2016-11-16T02:19:02: 读取文件成功
2016-11-16T02:19:12: 读取文件成功
2016-11-16T02:19:22: 读取文件成功
2016-11-16T02:19:32: 读取文件成功
2016-11-16T02:19:42: 读取文件成功
2016-11-16T02:19:52: 读取文件成功
2016-11-16T02:20:02: 读取文件成功
2016-11-16T02:20:12: 读取文件成功
2016-11-16T02:20:22: 读取文件成功
2016-11-16T02:20:32: 读取文件成功
2016-11-16T02:20:42: 读取文件成功
2016-11-16T02:20:52: 读取文件成功
2016-11-16T02:21:02: 读取文件成功
2016-11-16T02:21:12: 读取文件成功
2016-11-16T02:21:22: 读取文件成功
2016-11-16T02:21:32: 读取文件成功
2016-11-16T02:21:42: 读取文件成功
2016-11-16T02:21:52: 读取文件成功
2016-11-16T02:22:02: 读取文件成功
2016-11-16T02:22:12: 读取文件成功
2016-11-16T02:22:22: 读取文件成功
2016-11-16T02:22:32: 读取文件成功
2016-11-16T02:22:42: 读取文件成功
2016-11-16T02:22:52: 读取文件成功
2016-11-16T02:23:02: 读取文件成功
2016-11-16T02:23:12: 读取文件成功
2016-11-16T02:23:22: 读取文件成功
2016-11-16T02:23:32: 读取文件成功
2016-11-16T02:23:42: 读取文件成功
2016-11-16T02:23:52: 读取文件成功
2016-11-16T02:24:02: 读取文件成功
2016-11-16T02:24:12: 读取文件成功
2016-11-16T02:24:22: 读取文件成功
2016-11-16T02:24:32: 读取文件成功
2016-11-16T02:24:42: 读取文件成功
2016-11-16T02:24:52: 读取文件成功
2016-11-16T02:25:02: 读取文件成功
2016-11-16T02:25:12: 读取文件成功
2016-11-16T02:25:22: 读取文件成功
2016-11-16T02:25:32: 读取文件成功
2016-11-16T02:25:42: 读取文件成功
2016-11-16T02:25:52: 读取文件成功
2016-11-16T02:26:02: 读取文件成功
2016-11-16T02:26:12: 读取文件成功
2016-11-16T02:26:22: 读取文件成功
2016-11-16T02:26:32: 读取文件成功
2016-11-16T02:26:42: 读取文件成功
2016-11-16T02:26:52: 读取文件成功
2016-11-16T02:27:02: 读取文件成功
2016-11-16T02:27:12: 读取文件成功
2016-11-16T02:27:22: 读取文件成功
2016-11-16T02:27:32: 读取文件成功
2016-11-16T02:27:42: 读取文件成功
2016-11-16T02:27:52: 读取文件成功
2016-11-16T02:28:02: 读取文件成功
2016-11-16T02:28:12: 读取文件成功
2016-11-16T02:28:22: 读取文件成功
2016-11-16T02:28:32: 读取文件成功
2016-11-16T02:28:42: 读取文件成功
2016-11-16T02:28:52: 读取文件成功
2016-11-16T02:29:02: 读取文件成功
2016-11-16T02:29:12: 读取文件成功
2016-11-16T02:29:22: 读取文件成功
2016-11-16T02:29:32: 读取文件成功
2016-11-16T02:29:42: 读取文件成功
2016-11-16T02:29:52: 读取文件成功
2016-11-16T02:30:02: 读取文件成功
2016-11-16T02:30:12: 读取文件成功
2016-11-16T02:30:22: 读取文件成功
2016-11-16T02:30:32: 读取文件成功
2016-11-16T02:30:42: 读取文件成功
2016-11-16T02:30:52: 读取文件成功
2016-11-16T02:31:02: 读取文件成功
2016-11-16T02:31:12: 读取文件成功
2016-11-16T02:31:22: 读取文件成功
2016-11-16T02:31:32: 读取文件成功
2016-11-16T02:31:42: 读取文件成功
2016-11-16T02:31:52: 读取文件成功
2016-11-16T02:32:02: 读取文件成功
2016-11-16T02:32:12: 读取文件成功
2016-11-16T02:32:22: 读取文件成功
2016-11-16T02:32:32: 读取文件成功
2016-11-16T02:32:42: 读取文件成功
2016-11-16T02:32:52: 读取文件成功
2016-11-16T02:33:02: 读取文件成功
2016-11-16T02:33:12: 读取文件成功
2016-11-16T02:33:23: 读取文件成功
2016-11-16T02:33:32: 读取文件成功
2016-11-16T02:33:42: 读取文件成功
2016-11-16T02:33:52: 读取文件成功
2016-11-16T02:34:02: 读取文件成功
2016-11-16T02:34:12: 读取文件成功
2016-11-16T02:34:22: 读取文件成功
2016-11-16T02:34:32: 读取文件成功
2016-11-16T02:34:42: 读取文件成功
2016-11-16T02:34:52: 读取文件成功
2016-11-16T02:35:02: 读取文件成功
2016-11-16T02:35:13: 读取文件成功
2016-11-16T02:35:23: 读取文件成功
2016-11-16T02:35:33: 读取文件成功
2016-11-16T02:35:43: 读取文件成功
2016-11-16T02:35:53: 读取文件成功
2016-11-16T02:36:03: 读取文件成功
2016-11-16T02:36:13: 读取文件成功
2016-11-16T02:36:23: 读取文件成功
2016-11-16T02:36:33: 读取文件成功
2016-11-16T02:36:43: 读取文件成功
2016-11-16T02:36:53: 读取文件成功
2016-11-16T02:37:03: 读取文件成功
2016-11-16T02:37:13: 读取文件成功
2016-11-16T02:37:23: 读取文件成功
2016-11-16T02:37:33: 读取文件成功
2016-11-16T02:37:43: 读取文件成功
2016-11-16T02:37:53: 读取文件成功
2016-11-16T02:38:03: 读取文件成功
2016-11-16T02:38:13: 读取文件成功
2016-11-16T02:38:23: 读取文件成功
2016-11-16T02:38:33: 读取文件成功
2016-11-16T02:38:43: 读取文件成功
2016-11-16T02:38:53: 读取文件成功
2016-11-16T02:39:03: 读取文件成功
2016-11-16T02:39:13: 读取文件成功
2016-11-16T02:39:23: 读取文件成功
2016-11-16T02:39:33: 读取文件成功
2016-11-16T02:39:43: 读取文件成功
2016-11-16T02:39:53: 读取文件成功
2016-11-16T02:40:03: 读取文件成功
2016-11-16T02:40:13: 读取文件成功
2016-11-16T02:40:23: 读取文件成功
2016-11-16T02:40:33: 读取文件成功
2016-11-16T02:40:43: 读取文件成功
2016-11-16T02:40:53: 读取文件成功
2016-11-16T02:41:03: 读取文件成功
2016-11-16T02:41:13: 读取文件成功
2016-11-16T02:41:23: 读取文件成功
2016-11-16T02:41:33: 读取文件成功
2016-11-16T02:41:43: 读取文件成功
2016-11-16T02:41:53: 读取文件成功
2016-11-16T02:42:03: 读取文件成功
2016-11-16T02:42:13: 读取文件成功
2016-11-16T02:42:23: 读取文件成功
2016-11-16T02:42:33: 读取文件成功
2016-11-16T02:42:43: 读取文件成功
2016-11-16T02:42:53: 读取文件成功
2016-11-16T02:43:03: 读取文件成功
2016-11-16T02:43:13: 读取文件成功
2016-11-16T02:43:23: 读取文件成功
2016-11-16T02:43:33: 读取文件成功
2016-11-16T02:43:43: 读取文件成功
2016-11-16T02:43:53: 读取文件成功
2016-11-16T02:44:03: 读取文件成功
2016-11-16T02:44:13: 读取文件成功
2016-11-16T02:44:23: 读取文件成功
2016-11-16T02:44:33: 读取文件成功
2016-11-16T02:44:43: 读取文件成功
2016-11-16T02:44:53: 读取文件成功
2016-11-16T02:45:03: 读取文件成功
2016-11-16T02:45:13: 读取文件成功
2016-11-16T02:45:23: 读取文件成功
2016-11-16T02:45:33: 读取文件成功
2016-11-16T02:45:43: 读取文件成功
2016-11-16T02:45:53: 读取文件成功
2016-11-16T02:46:03: 读取文件成功
2016-11-16T02:46:13: 读取文件成功
2016-11-16T02:46:23: 读取文件成功
2016-11-16T02:46:33: 读取文件成功
2016-11-16T02:46:43: 读取文件成功
2016-11-16T02:46:53: 读取文件成功
2016-11-16T02:47:03: 读取文件成功
2016-11-16T02:47:13: 读取文件成功
2016-11-16T02:47:23: 读取文件成功
2016-11-16T02:47:33: 读取文件成功
2016-11-16T02:47:43: 读取文件成功
2016-11-16T02:47:53: 读取文件成功
2016-11-16T02:48:03: 读取文件成功
2016-11-16T02:48:13: 读取文件成功
2016-11-16T02:48:23: 读取文件成功
2016-11-16T02:48:33: 读取文件成功
2016-11-16T02:48:43: 读取文件成功
2016-11-16T02:48:53: 读取文件成功
2016-11-16T02:49:03: 读取文件成功
2016-11-16T02:49:13: 读取文件成功
2016-11-16T02:49:23: 读取文件成功
2016-11-16T02:49:33: 读取文件成功
2016-11-16T02:49:43: 读取文件成功
2016-11-16T02:49:53: 读取文件成功
2016-11-16T02:50:03: 读取文件成功
2016-11-16T02:50:13: 读取文件成功
2016-11-16T02:50:23: 读取文件成功
2016-11-16T02:50:33: 读取文件成功
2016-11-16T02:50:43: 读取文件成功
2016-11-16T02:50:53: 读取文件成功
2016-11-16T02:51:03: 读取文件成功
2016-11-16T02:51:13: 读取文件成功
2016-11-16T02:51:23: 读取文件成功
2016-11-16T02:51:33: 读取文件成功
2016-11-16T02:51:43: 读取文件成功
2016-11-16T02:51:53: 读取文件成功
2016-11-16T02:52:03: 读取文件成功
2016-11-16T02:52:13: 读取文件成功
2016-11-16T02:52:23: 读取文件成功
2016-11-16T02:52:33: 读取文件成功
2016-11-16T02:52:43: 读取文件成功
2016-11-16T02:52:53: 读取文件成功
2016-11-16T02:53:03: 读取文件成功
2016-11-16T02:53:13: 读取文件成功
2016-11-16T02:53:23: 读取文件成功
2016-11-16T02:53:33: 读取文件成功
2016-11-16T02:53:43: 读取文件成功
2016-11-16T02:53:54: 读取文件成功
2016-11-16T02:54:03: 读取文件成功
2016-11-16T02:54:13: 读取文件成功
2016-11-16T02:54:23: 读取文件成功
2016-11-16T02:54:33: 读取文件成功
2016-11-16T02:54:44: 读取文件成功
2016-11-16T02:54:54: 读取文件成功
2016-11-16T02:55:04: 读取文件成功
2016-11-16T02:55:13: 读取文件成功
2016-11-16T02:55:24: 读取文件成功
2016-11-16T02:55:34: 读取文件成功
2016-11-16T02:55:44: 读取文件成功
2016-11-16T02:55:54: 读取文件成功
2016-11-16T02:56:04: 读取文件成功
2016-11-16T02:56:14: 读取文件成功
2016-11-16T02:56:24: 读取文件成功
2016-11-16T02:56:34: 读取文件成功
2016-11-16T02:56:44: 读取文件成功
2016-11-16T02:56:54: 读取文件成功
2016-11-16T02:57:04: 读取文件成功
2016-11-16T02:57:14: 读取文件成功
2016-11-16T02:57:24: 读取文件成功
2016-11-16T02:57:34: 读取文件成功
2016-11-16T02:57:44: 读取文件成功
2016-11-16T02:57:54: 读取文件成功
2016-11-16T02:58:04: 读取文件成功
2016-11-16T02:58:14: 读取文件成功
2016-11-16T02:58:24: 读取文件成功
2016-11-16T02:58:34: 读取文件成功
2016-11-16T02:58:44: 读取文件成功
2016-11-16T02:58:54: 读取文件成功
2016-11-16T02:59:04: 读取文件成功
2016-11-16T02:59:14: 读取文件成功
2016-11-16T02:59:24: 读取文件成功
2016-11-16T02:59:34: 读取文件成功
2016-11-16T02:59:44: 读取文件成功
2016-11-16T02:59:54: 读取文件成功
2016-11-16T03:00:04: 读取文件成功
2016-11-16T03:00:14: 读取文件成功
2016-11-16T03:00:24: 读取文件成功
2016-11-16T03:00:34: 读取文件成功
2016-11-16T03:00:44: 读取文件成功
2016-11-16T03:00:54: 读取文件成功
2016-11-16T03:01:04: 读取文件成功
2016-11-16T03:01:14: 读取文件成功
2016-11-16T03:01:24: 读取文件成功
2016-11-16T03:01:34: 读取文件成功
2016-11-16T03:01:44: 读取文件成功
2016-11-16T03:01:54: 读取文件成功
2016-11-16T03:02:04: 读取文件成功
2016-11-16T03:02:14: 读取文件成功
2016-11-16T03:02:24: 读取文件成功
2016-11-16T03:02:34: 读取文件成功
2016-11-16T03:02:44: 读取文件成功
2016-11-16T03:02:54: 读取文件成功
2016-11-16T03:03:04: 读取文件成功
2016-11-16T03:03:14: 读取文件成功
2016-11-16T03:03:24: 读取文件成功
2016-11-16T03:03:34: 读取文件成功
2016-11-16T03:03:44: 读取文件成功
2016-11-16T03:03:54: 读取文件成功
2016-11-16T03:04:04: 读取文件成功
2016-11-16T03:04:14: 读取文件成功
2016-11-16T03:04:24: 读取文件成功
2016-11-16T03:04:34: 读取文件成功
2016-11-16T03:04:44: 读取文件成功
2016-11-16T03:04:54: 读取文件成功
2016-11-16T03:05:04: 读取文件成功
2016-11-16T03:05:14: 读取文件成功
2016-11-16T03:05:24: 读取文件成功
2016-11-16T03:05:34: 读取文件成功
2016-11-16T03:05:44: 读取文件成功
2016-11-16T03:05:54: 读取文件成功
2016-11-16T03:06:04: 读取文件成功
2016-11-16T03:06:14: 读取文件成功
2016-11-16T03:06:24: 读取文件成功
2016-11-16T03:06:34: 读取文件成功
2016-11-16T03:06:44: 读取文件成功
2016-11-16T03:06:54: 读取文件成功
2016-11-16T03:07:04: 读取文件成功
2016-11-16T03:07:14: 读取文件成功
2016-11-16T03:07:24: 读取文件成功
2016-11-16T03:07:34: 读取文件成功
2016-11-16T03:07:44: 读取文件成功
2016-11-16T03:07:54: 读取文件成功
2016-11-16T03:08:04: 读取文件成功
2016-11-16T03:08:14: 读取文件成功
2016-11-16T03:08:24: 读取文件成功
2016-11-16T03:08:34: 读取文件成功
2016-11-16T03:08:44: 读取文件成功
2016-11-16T03:08:54: 读取文件成功
2016-11-16T03:09:04: 读取文件成功
2016-11-16T03:09:14: 读取文件成功
2016-11-16T03:09:24: 读取文件成功
2016-11-16T03:09:34: 读取文件成功
2016-11-16T03:09:44: 读取文件成功
2016-11-16T03:09:54: 读取文件成功
2016-11-16T03:10:04: 读取文件成功
2016-11-16T03:10:14: 读取文件成功
2016-11-16T03:10:24: 读取文件成功
2016-11-16T03:10:34: 读取文件成功
2016-11-16T03:10:44: 读取文件成功
2016-11-16T03:10:54: 读取文件成功
2016-11-16T03:11:04: 读取文件成功
2016-11-16T03:11:14: 读取文件成功
2016-11-16T03:11:24: 读取文件成功
2016-11-16T03:11:34: 读取文件成功
2016-11-16T03:11:44: 读取文件成功
2016-11-16T03:11:54: 读取文件成功
2016-11-16T03:12:04: 读取文件成功
2016-11-16T03:12:14: 读取文件成功
2016-11-16T03:12:24: 读取文件成功
2016-11-16T03:12:34: 读取文件成功
2016-11-16T03:12:44: 读取文件成功
2016-11-16T03:12:54: 读取文件成功
2016-11-16T03:13:04: 读取文件成功
2016-11-16T03:13:14: 读取文件成功
2016-11-16T03:13:24: 读取文件成功
2016-11-16T03:13:34: 读取文件成功
2016-11-16T03:13:44: 读取文件成功
2016-11-16T03:13:54: 读取文件成功
2016-11-16T03:14:04: 读取文件成功
2016-11-16T03:14:14: 读取文件成功
2016-11-16T03:14:24: 读取文件成功
2016-11-16T03:14:34: 读取文件成功
2016-11-16T03:14:44: 读取文件成功
2016-11-16T03:14:54: 读取文件成功
2016-11-16T03:15:04: 读取文件成功
2016-11-16T03:15:14: 读取文件成功
2016-11-16T03:15:24: 读取文件成功
2016-11-16T03:15:34: 读取文件成功
2016-11-16T03:15:44: 读取文件成功
2016-11-16T03:15:54: 读取文件成功
2016-11-16T03:16:04: 读取文件成功
2016-11-16T03:16:14: 读取文件成功
2016-11-16T03:16:24: 读取文件成功
2016-11-16T03:16:34: 读取文件成功
2016-11-16T03:16:45: 读取文件成功
2016-11-16T03:16:54: 读取文件成功
2016-11-16T03:17:04: 读取文件成功
2016-11-16T03:17:15: 读取文件成功
2016-11-16T03:17:25: 读取文件成功
2016-11-16T03:17:35: 读取文件成功
2016-11-16T03:17:45: 读取文件成功
2016-11-16T03:17:55: 读取文件成功
2016-11-16T03:18:05: 读取文件成功
2016-11-16T03:18:15: 读取文件成功
2016-11-16T03:18:25: 读取文件成功
2016-11-16T03:18:35: 读取文件成功
2016-11-16T03:18:45: 读取文件成功
2016-11-16T03:18:55: 读取文件成功
2016-11-16T03:19:05: 读取文件成功
2016-11-16T03:19:15: 读取文件成功
2016-11-16T03:19:25: 读取文件成功
2016-11-16T03:19:35: 读取文件成功
2016-11-16T03:19:45: 读取文件成功
2016-11-16T03:19:55: 读取文件成功
2016-11-16T03:20:05: 读取文件成功
2016-11-16T03:20:15: 读取文件成功
2016-11-16T03:20:25: 读取文件成功
2016-11-16T03:20:35: 读取文件成功
2016-11-16T03:20:45: 读取文件成功
2016-11-16T03:20:55: 读取文件成功
2016-11-16T03:21:05: 读取文件成功
2016-11-16T03:21:15: 读取文件成功
2016-11-16T03:21:25: 读取文件成功
2016-11-16T03:21:35: 读取文件成功
2016-11-16T03:21:45: 读取文件成功
2016-11-16T03:21:55: 读取文件成功
2016-11-16T03:22:05: 读取文件成功
2016-11-16T03:22:15: 读取文件成功
2016-11-16T03:22:25: 读取文件成功
2016-11-16T03:22:35: 读取文件成功
2016-11-16T03:22:45: 读取文件成功
2016-11-16T03:22:55: 读取文件成功
2016-11-16T03:23:05: 读取文件成功
2016-11-16T03:23:15: 读取文件成功
2016-11-16T03:23:25: 读取文件成功
2016-11-16T03:23:35: 读取文件成功
2016-11-16T03:23:45: 读取文件成功
2016-11-16T03:23:55: 读取文件成功
2016-11-16T03:24:05: 读取文件成功
2016-11-16T03:24:15: 读取文件成功
2016-11-16T03:24:25: 读取文件成功
2016-11-16T03:24:35: 读取文件成功
2016-11-16T03:24:45: 读取文件成功
2016-11-16T03:24:55: 读取文件成功
2016-11-16T03:25:05: 读取文件成功
2016-11-16T03:25:15: 读取文件成功
2016-11-16T03:25:25: 读取文件成功
2016-11-16T03:25:35: 读取文件成功
2016-11-16T03:25:45: 读取文件成功
2016-11-16T03:25:55: 读取文件成功
2016-11-16T03:26:05: 读取文件成功
2016-11-16T03:26:15: 读取文件成功
2016-11-16T03:26:25: 读取文件成功
2016-11-16T03:26:35: 读取文件成功
2016-11-16T03:26:45: 读取文件成功
2016-11-16T03:26:55: 读取文件成功
2016-11-16T03:27:05: 读取文件成功
2016-11-16T03:27:15: 读取文件成功
2016-11-16T03:27:25: 读取文件成功
2016-11-16T03:27:35: 读取文件成功
2016-11-16T03:27:45: 读取文件成功
2016-11-16T03:27:55: 读取文件成功
2016-11-16T03:28:05: 读取文件成功
2016-11-16T03:28:15: 读取文件成功
2016-11-16T03:28:25: 读取文件成功
2016-11-16T03:28:35: 读取文件成功
2016-11-16T03:28:45: 读取文件成功
2016-11-16T03:28:55: 读取文件成功
2016-11-16T03:29:05: 读取文件成功
2016-11-16T03:29:15: 读取文件成功
2016-11-16T03:29:25: 读取文件成功
2016-11-16T03:29:35: 读取文件成功
2016-11-16T03:29:45: 读取文件成功
2016-11-16T03:29:55: 读取文件成功
2016-11-16T03:30:05: 读取文件成功
2016-11-16T03:30:15: 读取文件成功
2016-11-16T03:30:25: 读取文件成功
2016-11-16T03:30:35: 读取文件成功
2016-11-16T03:30:45: 读取文件成功
2016-11-16T03:30:55: 读取文件成功
2016-11-16T03:31:05: 读取文件成功
2016-11-16T03:31:15: 读取文件成功
2016-11-16T03:31:25: 读取文件成功
2016-11-16T03:31:35: 读取文件成功
2016-11-16T03:31:45: 读取文件成功
2016-11-16T03:31:55: 读取文件成功
2016-11-16T03:32:05: 读取文件成功
2016-11-16T03:32:15: 读取文件成功
2016-11-16T03:32:25: 读取文件成功
2016-11-16T03:32:35: 读取文件成功
2016-11-16T03:32:45: 读取文件成功
2016-11-16T03:32:55: 读取文件成功
2016-11-16T03:33:05: 读取文件成功
2016-11-16T03:33:15: 读取文件成功
2016-11-16T03:33:25: 读取文件成功
2016-11-16T03:33:35: 读取文件成功
2016-11-16T03:33:45: 读取文件成功
2016-11-16T03:33:55: 读取文件成功
2016-11-16T03:34:05: 读取文件成功
2016-11-16T03:34:15: 读取文件成功
2016-11-16T03:34:25: 读取文件成功
2016-11-16T03:34:35: 读取文件成功
2016-11-16T03:34:45: 读取文件成功
2016-11-16T03:34:55: 读取文件成功
2016-11-16T03:35:05: 读取文件成功
2016-11-16T03:35:15: 读取文件成功
2016-11-16T03:35:25: 读取文件成功
2016-11-16T03:35:35: 读取文件成功
2016-11-16T03:35:45: 读取文件成功
2016-11-16T03:35:55: 读取文件成功
2016-11-16T03:36:05: 读取文件成功
2016-11-16T03:36:15: 读取文件成功
2016-11-16T03:36:25: 读取文件成功
2016-11-16T03:36:35: 读取文件成功
2016-11-16T03:36:45: 读取文件成功
2016-11-16T03:36:55: 读取文件成功
2016-11-16T03:37:05: 读取文件成功
2016-11-16T03:37:15: 读取文件成功
2016-11-16T03:37:25: 读取文件成功
2016-11-16T03:37:35: 读取文件成功
2016-11-16T03:37:45: 读取文件成功
2016-11-16T03:37:55: 读取文件成功
2016-11-16T03:38:05: 读取文件成功
2016-11-16T03:38:15: 读取文件成功
2016-11-16T03:38:25: 读取文件成功
2016-11-16T03:38:35: 读取文件成功
2016-11-16T03:38:45: 读取文件成功
2016-11-16T03:38:55: 读取文件成功
2016-11-16T03:39:06: 读取文件成功
2016-11-16T03:39:16: 读取文件成功
2016-11-16T03:39:26: 读取文件成功
2016-11-16T03:39:36: 读取文件成功
2016-11-16T03:39:46: 读取文件成功
2016-11-16T03:39:56: 读取文件成功
2016-11-16T03:40:06: 读取文件成功
2016-11-16T03:40:16: 读取文件成功
2016-11-16T03:40:26: 读取文件成功
2016-11-16T03:40:36: 读取文件成功
2016-11-16T03:40:46: 读取文件成功
2016-11-16T03:40:56: 读取文件成功
2016-11-16T03:41:06: 读取文件成功
2016-11-16T03:41:16: 读取文件成功
2016-11-16T03:41:26: 读取文件成功
2016-11-16T03:41:36: 读取文件成功
2016-11-16T03:41:46: 读取文件成功
2016-11-16T03:41:56: 读取文件成功
2016-11-16T03:42:06: 读取文件成功
2016-11-16T03:42:16: 读取文件成功
2016-11-16T03:42:26: 读取文件成功
2016-11-16T03:42:36: 读取文件成功
2016-11-16T03:42:46: 读取文件成功
2016-11-16T03:42:56: 读取文件成功
2016-11-16T03:43:06: 读取文件成功
2016-11-16T03:43:16: 读取文件成功
2016-11-16T03:43:26: 读取文件成功
2016-11-16T03:43:36: 读取文件成功
2016-11-16T03:43:46: 读取文件成功
2016-11-16T03:43:56: 读取文件成功
2016-11-16T03:44:06: 读取文件成功
2016-11-16T03:44:16: 读取文件成功
2016-11-16T03:44:26: 读取文件成功
2016-11-16T03:44:36: 读取文件成功
2016-11-16T03:44:46: 读取文件成功
2016-11-16T03:44:56: 读取文件成功
2016-11-16T03:45:06: 读取文件成功
2016-11-16T03:45:16: 读取文件成功
2016-11-16T03:45:26: 读取文件成功
2016-11-16T03:45:36: 读取文件成功
2016-11-16T03:45:46: 读取文件成功
2016-11-16T03:45:56: 读取文件成功
2016-11-16T03:46:06: 读取文件成功
2016-11-16T03:46:16: 读取文件成功
2016-11-16T03:46:26: 读取文件成功
2016-11-16T03:46:36: 读取文件成功
2016-11-16T03:46:46: 读取文件成功
2016-11-16T03:46:56: 读取文件成功
2016-11-16T03:47:06: 读取文件成功
2016-11-16T03:47:16: 读取文件成功
2016-11-16T03:47:26: 读取文件成功
2016-11-16T03:47:36: 读取文件成功
2016-11-16T03:47:46: 读取文件成功
2016-11-16T03:47:56: 读取文件成功
2016-11-16T03:48:06: 读取文件成功
2016-11-16T03:48:16: 读取文件成功
2016-11-16T03:48:26: 读取文件成功
2016-11-16T03:48:36: 读取文件成功
2016-11-16T03:48:46: 读取文件成功
2016-11-16T03:48:56: 读取文件成功
2016-11-16T03:49:06: 读取文件成功
2016-11-16T03:49:16: 读取文件成功
2016-11-16T03:49:26: 读取文件成功
2016-11-16T03:49:36: 读取文件成功
2016-11-16T03:49:46: 读取文件成功
2016-11-16T03:49:56: 读取文件成功
2016-11-16T03:50:06: 读取文件成功
2016-11-16T03:50:16: 读取文件成功
2016-11-16T03:50:26: 读取文件成功
2016-11-16T03:50:36: 读取文件成功
2016-11-16T03:50:46: 读取文件成功
2016-11-16T03:50:56: 读取文件成功
2016-11-16T03:51:06: 读取文件成功
2016-11-16T03:51:16: 读取文件成功
2016-11-16T03:51:26: 读取文件成功
2016-11-16T03:51:36: 读取文件成功
2016-11-16T03:51:46: 读取文件成功
2016-11-16T03:51:56: 读取文件成功
2016-11-16T03:52:06: 读取文件成功
2016-11-16T03:52:16: 读取文件成功
2016-11-16T03:52:26: 读取文件成功
2016-11-16T03:52:36: 读取文件成功
2016-11-16T03:52:46: 读取文件成功
2016-11-16T03:52:56: 读取文件成功
2016-11-16T03:53:06: 读取文件成功
2016-11-16T03:53:16: 读取文件成功
2016-11-16T03:53:26: 读取文件成功
2016-11-16T03:53:36: 读取文件成功
2016-11-16T03:53:46: 读取文件成功
2016-11-16T03:53:56: 读取文件成功
2016-11-16T03:54:06: 读取文件成功
2016-11-16T03:54:16: 读取文件成功
2016-11-16T03:54:26: 读取文件成功
2016-11-16T03:54:36: 读取文件成功
2016-11-16T03:54:46: 读取文件成功
2016-11-16T03:54:56: 读取文件成功
2016-11-16T03:55:06: 读取文件成功
2016-11-16T03:55:16: 读取文件成功
2016-11-16T03:55:26: 读取文件成功
2016-11-16T03:55:36: 读取文件成功
2016-11-16T03:55:46: 读取文件成功
2016-11-16T03:55:56: 读取文件成功
2016-11-16T03:56:06: 读取文件成功
2016-11-16T03:56:16: 读取文件成功
2016-11-16T03:56:26: 读取文件成功
2016-11-16T03:56:36: 读取文件成功
2016-11-16T03:56:46: 读取文件成功
2016-11-16T03:56:56: 读取文件成功
2016-11-16T03:57:06: 读取文件成功
2016-11-16T03:57:16: 读取文件成功
2016-11-16T03:57:26: 读取文件成功
2016-11-16T03:57:36: 读取文件成功
2016-11-16T03:57:46: 读取文件成功
2016-11-16T03:57:56: 读取文件成功
2016-11-16T03:58:06: 读取文件成功
2016-11-16T03:58:16: 读取文件成功
2016-11-16T03:58:26: 读取文件成功
2016-11-16T03:58:36: 读取文件成功
2016-11-16T03:58:46: 读取文件成功
2016-11-16T03:58:56: 读取文件成功
2016-11-16T03:59:06: 读取文件成功
2016-11-16T03:59:16: 读取文件成功
2016-11-16T03:59:27: 读取文件成功
2016-11-16T03:59:37: 读取文件成功
2016-11-16T03:59:47: 读取文件成功
2016-11-16T03:59:57: 读取文件成功
2016-11-16T04:00:07: 读取文件成功
2016-11-16T04:00:17: 读取文件成功
2016-11-16T04:00:27: 读取文件成功
2016-11-16T04:00:37: 读取文件成功
2016-11-16T04:00:47: 读取文件成功
2016-11-16T04:00:57: 读取文件成功
2016-11-16T04:01:07: 读取文件成功
2016-11-16T04:01:17: 读取文件成功
2016-11-16T04:01:27: 读取文件成功
2016-11-16T04:01:37: 读取文件成功
2016-11-16T04:01:47: 读取文件成功
2016-11-16T04:01:57: 读取文件成功
2016-11-16T04:02:07: 读取文件成功
2016-11-16T04:02:17: 读取文件成功
2016-11-16T04:02:27: 读取文件成功
2016-11-16T04:02:37: 读取文件成功
2016-11-16T04:02:47: 读取文件成功
2016-11-16T04:02:57: 读取文件成功
2016-11-16T04:03:07: 读取文件成功
2016-11-16T04:03:17: 读取文件成功
2016-11-16T04:03:27: 读取文件成功
2016-11-16T04:03:37: 读取文件成功
2016-11-16T04:03:47: 读取文件成功
2016-11-16T04:03:57: 读取文件成功
2016-11-16T04:04:07: 读取文件成功
2016-11-16T04:04:17: 读取文件成功
2016-11-16T04:04:27: 读取文件成功
2016-11-16T04:04:37: 读取文件成功
2016-11-16T04:04:47: 读取文件成功
2016-11-16T04:04:57: 读取文件成功
2016-11-16T04:05:07: 读取文件成功
2016-11-16T04:05:17: 读取文件成功
2016-11-16T04:05:27: 读取文件成功
2016-11-16T04:05:37: 读取文件成功
2016-11-16T04:05:47: 读取文件成功
2016-11-16T04:05:57: 读取文件成功
2016-11-16T04:06:07: 读取文件成功
2016-11-16T04:06:17: 读取文件成功
2016-11-16T04:06:27: 读取文件成功
2016-11-16T04:06:37: 读取文件成功
2016-11-16T04:06:47: 读取文件成功
2016-11-16T04:06:57: 读取文件成功
2016-11-16T04:07:07: 读取文件成功
2016-11-16T04:07:17: 读取文件成功
2016-11-16T04:07:27: 读取文件成功
2016-11-16T04:07:37: 读取文件成功
2016-11-16T04:07:47: 读取文件成功
2016-11-16T04:07:57: 读取文件成功
2016-11-16T04:08:07: 读取文件成功
2016-11-16T04:08:17: 读取文件成功
2016-11-16T04:08:27: 读取文件成功
2016-11-16T04:08:37: 读取文件成功
2016-11-16T04:08:47: 读取文件成功
2016-11-16T04:08:57: 读取文件成功
2016-11-16T04:09:07: 读取文件成功
2016-11-16T04:09:17: 读取文件成功
2016-11-16T04:09:27: 读取文件成功
2016-11-16T04:09:37: 读取文件成功
2016-11-16T04:09:47: 读取文件成功
2016-11-16T04:09:57: 读取文件成功
2016-11-16T04:10:07: 读取文件成功
2016-11-16T04:10:17: 读取文件成功
2016-11-16T04:10:27: 读取文件成功
2016-11-16T04:10:37: 读取文件成功
2016-11-16T04:10:47: 读取文件成功
2016-11-16T04:10:57: 读取文件成功
2016-11-16T04:11:07: 读取文件成功
2016-11-16T04:11:17: 读取文件成功
2016-11-16T04:11:27: 读取文件成功
2016-11-16T04:11:37: 读取文件成功
2016-11-16T04:11:47: 读取文件成功
2016-11-16T04:11:57: 读取文件成功
2016-11-16T04:12:07: 读取文件成功
2016-11-16T04:12:17: 读取文件成功
2016-11-16T04:12:27: 读取文件成功
2016-11-16T04:12:37: 读取文件成功
2016-11-16T04:12:47: 读取文件成功
2016-11-16T04:12:57: 读取文件成功
2016-11-16T04:13:07: 读取文件成功
2016-11-16T04:13:17: 读取文件成功
2016-11-16T04:13:27: 读取文件成功
2016-11-16T04:13:37: 读取文件成功
2016-11-16T04:13:47: 读取文件成功
2016-11-16T04:13:57: 读取文件成功
2016-11-16T04:14:07: 读取文件成功
2016-11-16T04:14:17: 读取文件成功
2016-11-16T04:14:27: 读取文件成功
2016-11-16T04:14:37: 读取文件成功
2016-11-16T04:14:47: 读取文件成功
2016-11-16T04:14:57: 读取文件成功
2016-11-16T04:15:07: 读取文件成功
2016-11-16T04:15:17: 读取文件成功
2016-11-16T04:15:27: 读取文件成功
2016-11-16T04:15:37: 读取文件成功
2016-11-16T04:15:47: 读取文件成功
2016-11-16T04:15:57: 读取文件成功
2016-11-16T04:16:07: 读取文件成功
2016-11-16T04:16:17: 读取文件成功
2016-11-16T04:16:27: 读取文件成功
2016-11-16T04:16:37: 读取文件成功
2016-11-16T04:16:47: 读取文件成功
2016-11-16T04:16:57: 读取文件成功
2016-11-16T04:17:07: 读取文件成功
2016-11-16T04:17:17: 读取文件成功
2016-11-16T04:17:27: 读取文件成功
2016-11-16T04:17:37: 读取文件成功
2016-11-16T04:17:47: 读取文件成功
2016-11-16T04:17:57: 读取文件成功
2016-11-16T04:18:07: 读取文件成功
2016-11-16T04:18:17: 读取文件成功
2016-11-16T04:18:27: 读取文件成功
2016-11-16T04:18:37: 读取文件成功
2016-11-16T04:18:47: 读取文件成功
2016-11-16T04:18:58: 读取文件成功
2016-11-16T04:19:08: 读取文件成功
2016-11-16T04:19:17: 读取文件成功
2016-11-16T04:19:28: 读取文件成功
2016-11-16T04:19:38: 读取文件成功
2016-11-16T04:19:48: 读取文件成功
2016-11-16T04:19:58: 读取文件成功
2016-11-16T04:20:08: 读取文件成功
2016-11-16T04:20:18: 读取文件成功
2016-11-16T04:20:28: 读取文件成功
2016-11-16T04:20:38: 读取文件成功
2016-11-16T04:20:48: 读取文件成功
2016-11-16T04:20:58: 读取文件成功
2016-11-16T04:21:08: 读取文件成功
2016-11-16T04:21:18: 读取文件成功
2016-11-16T04:21:28: 读取文件成功
2016-11-16T04:21:38: 读取文件成功
2016-11-16T04:21:48: 读取文件成功
2016-11-16T04:21:58: 读取文件成功
2016-11-16T04:22:08: 读取文件成功
2016-11-16T04:22:18: 读取文件成功
2016-11-16T04:22:28: 读取文件成功
2016-11-16T04:22:38: 读取文件成功
2016-11-16T04:22:48: 读取文件成功
2016-11-16T04:22:58: 读取文件成功
2016-11-16T04:23:08: 读取文件成功
2016-11-16T04:23:18: 读取文件成功
2016-11-16T04:23:28: 读取文件成功
2016-11-16T04:23:38: 读取文件成功
2016-11-16T04:23:48: 读取文件成功
2016-11-16T04:23:58: 读取文件成功
2016-11-16T04:24:08: 读取文件成功
2016-11-16T04:24:18: 读取文件成功
2016-11-16T04:24:28: 读取文件成功
2016-11-16T04:24:38: 读取文件成功
2016-11-16T04:24:48: 读取文件成功
2016-11-16T04:24:58: 读取文件成功
2016-11-16T04:25:08: 读取文件成功
2016-11-16T04:25:18: 读取文件成功
2016-11-16T04:25:28: 读取文件成功
2016-11-16T04:25:38: 读取文件成功
2016-11-16T04:25:48: 读取文件成功
2016-11-16T04:25:58: 读取文件成功
2016-11-16T04:26:08: 读取文件成功
2016-11-16T04:26:18: 读取文件成功
2016-11-16T04:26:28: 读取文件成功
2016-11-16T04:26:38: 读取文件成功
2016-11-16T04:26:48: 读取文件成功
2016-11-16T04:26:58: 读取文件成功
2016-11-16T04:27:08: 读取文件成功
2016-11-16T04:27:18: 读取文件成功
2016-11-16T04:27:28: 读取文件成功
2016-11-16T04:27:38: 读取文件成功
2016-11-16T04:27:48: 读取文件成功
2016-11-16T04:27:58: 读取文件成功
2016-11-16T04:28:08: 读取文件成功
2016-11-16T04:28:18: 读取文件成功
2016-11-16T04:28:28: 读取文件成功
2016-11-16T04:28:38: 读取文件成功
2016-11-16T04:28:48: 读取文件成功
2016-11-16T04:28:58: 读取文件成功
2016-11-16T04:29:08: 读取文件成功
2016-11-16T04:29:18: 读取文件成功
2016-11-16T04:29:28: 读取文件成功
2016-11-16T04:29:38: 读取文件成功
2016-11-16T04:29:48: 读取文件成功
2016-11-16T04:29:58: 读取文件成功
2016-11-16T04:30:08: 读取文件成功
2016-11-16T04:30:18: 读取文件成功
2016-11-16T04:30:28: 读取文件成功
2016-11-16T04:30:38: 读取文件成功
2016-11-16T04:30:48: 读取文件成功
2016-11-16T04:30:58: 读取文件成功
2016-11-16T04:31:08: 读取文件成功
2016-11-16T04:31:18: 读取文件成功
2016-11-16T04:31:28: 读取文件成功
2016-11-16T04:31:38: 读取文件成功
2016-11-16T04:31:48: 读取文件成功
2016-11-16T04:31:58: 读取文件成功
2016-11-16T04:32:08: 读取文件成功
2016-11-16T04:32:18: 读取文件成功
2016-11-16T04:32:28: 读取文件成功
2016-11-16T04:32:38: 读取文件成功
2016-11-16T04:32:48: 读取文件成功
2016-11-16T04:32:58: 读取文件成功
2016-11-16T04:33:08: 读取文件成功
2016-11-16T04:33:18: 读取文件成功
2016-11-16T04:33:28: 读取文件成功
2016-11-16T04:33:38: 读取文件成功
2016-11-16T04:33:48: 读取文件成功
2016-11-16T04:33:58: 读取文件成功
2016-11-16T04:34:08: 读取文件成功
2016-11-16T04:34:18: 读取文件成功
2016-11-16T04:34:28: 读取文件成功
2016-11-16T04:34:38: 读取文件成功
2016-11-16T04:34:48: 读取文件成功
2016-11-16T04:34:58: 读取文件成功
2016-11-16T04:35:08: 读取文件成功
2016-11-16T04:35:18: 读取文件成功
2016-11-16T04:35:28: 读取文件成功
2016-11-16T04:35:38: 读取文件成功
2016-11-16T04:35:48: 读取文件成功
2016-11-16T04:35:58: 读取文件成功
2016-11-16T04:36:08: 读取文件成功
2016-11-16T04:36:18: 读取文件成功
2016-11-16T04:36:29: 读取文件成功
2016-11-16T04:36:38: 读取文件成功
2016-11-16T04:36:48: 读取文件成功
2016-11-16T04:36:58: 读取文件成功
2016-11-16T04:37:08: 读取文件成功
2016-11-16T04:37:18: 读取文件成功
2016-11-16T04:37:28: 读取文件成功
2016-11-16T04:37:39: 读取文件成功
2016-11-16T04:37:48: 读取文件成功
2016-11-16T04:37:59: 读取文件成功
2016-11-16T04:38:09: 读取文件成功
2016-11-16T04:38:19: 读取文件成功
2016-11-16T04:38:29: 读取文件成功
2016-11-16T04:38:39: 读取文件成功
2016-11-16T04:38:49: 读取文件成功
2016-11-16T04:38:59: 读取文件成功
2016-11-16T04:39:09: 读取文件成功
2016-11-16T04:39:19: 读取文件成功
2016-11-16T04:39:29: 读取文件成功
2016-11-16T04:39:39: 读取文件成功
2016-11-16T04:39:49: 读取文件成功
2016-11-16T04:39:59: 读取文件成功
2016-11-16T04:40:09: 读取文件成功
2016-11-16T04:40:19: 读取文件成功
2016-11-16T04:40:29: 读取文件成功
2016-11-16T04:40:39: 读取文件成功
2016-11-16T04:40:49: 读取文件成功
2016-11-16T04:40:59: 读取文件成功
2016-11-16T04:41:09: 读取文件成功
2016-11-16T04:41:19: 读取文件成功
2016-11-16T04:41:29: 读取文件成功
2016-11-16T04:41:39: 读取文件成功
2016-11-16T04:41:49: 读取文件成功
2016-11-16T04:41:59: 读取文件成功
2016-11-16T04:42:09: 读取文件成功
2016-11-16T04:42:19: 读取文件成功
2016-11-16T04:42:29: 读取文件成功
2016-11-16T04:42:39: 读取文件成功
2016-11-16T04:42:49: 读取文件成功
2016-11-16T04:42:59: 读取文件成功
2016-11-16T04:43:09: 读取文件成功
2016-11-16T04:43:19: 读取文件成功
2016-11-16T04:43:29: 读取文件成功
2016-11-16T04:43:39: 读取文件成功
2016-11-16T04:43:49: 读取文件成功
2016-11-16T04:43:59: 读取文件成功
2016-11-16T04:44:09: 读取文件成功
2016-11-16T04:44:19: 读取文件成功
2016-11-16T04:44:29: 读取文件成功
2016-11-16T04:44:39: 读取文件成功
2016-11-16T04:44:49: 读取文件成功
2016-11-16T04:44:59: 读取文件成功
2016-11-16T04:45:09: 读取文件成功
2016-11-16T04:45:19: 读取文件成功
2016-11-16T04:45:29: 读取文件成功
2016-11-16T04:45:39: 读取文件成功
2016-11-16T04:45:49: 读取文件成功
2016-11-16T04:45:59: 读取文件成功
2016-11-16T04:46:09: 读取文件成功
2016-11-16T04:46:19: 读取文件成功
2016-11-16T04:46:29: 读取文件成功
2016-11-16T04:46:39: 读取文件成功
2016-11-16T04:46:49: 读取文件成功
2016-11-16T04:46:59: 读取文件成功
2016-11-16T04:47:09: 读取文件成功
2016-11-16T04:47:19: 读取文件成功
2016-11-16T04:47:29: 读取文件成功
2016-11-16T04:47:39: 读取文件成功
2016-11-16T04:47:49: 读取文件成功
2016-11-16T04:47:59: 读取文件成功
2016-11-16T04:48:09: 读取文件成功
2016-11-16T04:48:19: 读取文件成功
2016-11-16T04:48:29: 读取文件成功
2016-11-16T04:48:39: 读取文件成功
2016-11-16T04:48:49: 读取文件成功
2016-11-16T04:48:59: 读取文件成功
2016-11-16T04:49:09: 读取文件成功
2016-11-16T04:49:19: 读取文件成功
2016-11-16T04:49:29: 读取文件成功
2016-11-16T04:49:39: 读取文件成功
2016-11-16T04:49:49: 读取文件成功
2016-11-16T04:49:59: 读取文件成功
2016-11-16T04:50:09: 读取文件成功
2016-11-16T04:50:19: 读取文件成功
2016-11-16T04:50:29: 读取文件成功
2016-11-16T04:50:39: 读取文件成功
2016-11-16T04:50:49: 读取文件成功
2016-11-16T04:50:59: 读取文件成功
2016-11-16T04:51:09: 读取文件成功
2016-11-16T04:51:19: 读取文件成功
2016-11-16T04:51:29: 读取文件成功
2016-11-16T04:51:39: 读取文件成功
2016-11-16T04:51:49: 读取文件成功
2016-11-16T04:51:59: 读取文件成功
2016-11-16T04:52:09: 读取文件成功
2016-11-16T04:52:19: 读取文件成功
2016-11-16T04:52:29: 读取文件成功
2016-11-16T04:52:39: 读取文件成功
2016-11-16T04:52:49: 读取文件成功
2016-11-16T04:52:59: 读取文件成功
2016-11-16T04:53:09: 读取文件成功
2016-11-16T04:53:19: 读取文件成功
2016-11-16T04:53:29: 读取文件成功
2016-11-16T04:53:39: 读取文件成功
2016-11-16T04:53:49: 读取文件成功
2016-11-16T04:53:59: 读取文件成功
2016-11-16T04:54:09: 读取文件成功
2016-11-16T04:54:19: 读取文件成功
2016-11-16T04:54:29: 读取文件成功
2016-11-16T04:54:39: 读取文件成功
2016-11-16T04:54:49: 读取文件成功
2016-11-16T04:54:59: 读取文件成功
2016-11-16T04:55:09: 读取文件成功
2016-11-16T04:55:19: 读取文件成功
2016-11-16T04:55:29: 读取文件成功
2016-11-16T04:55:39: 读取文件成功
2016-11-16T04:55:49: 读取文件成功
2016-11-16T04:55:59: 读取文件成功
2016-11-16T04:56:09: 读取文件成功
2016-11-16T04:56:19: 读取文件成功
2016-11-16T04:56:29: 读取文件成功
2016-11-16T04:56:39: 读取文件成功
2016-11-16T04:56:49: 读取文件成功
2016-11-16T04:57:00: 读取文件成功
2016-11-16T04:57:10: 读取文件成功
2016-11-16T04:57:20: 读取文件成功
2016-11-16T04:57:30: 读取文件成功
2016-11-16T04:57:40: 读取文件成功
2016-11-16T04:57:50: 读取文件成功
2016-11-16T04:58:00: 读取文件成功
2016-11-16T04:58:10: 读取文件成功
2016-11-16T04:58:20: 读取文件成功
2016-11-16T04:58:30: 读取文件成功
2016-11-16T04:58:40: 读取文件成功
2016-11-16T04:58:50: 读取文件成功
2016-11-16T04:59:00: 读取文件成功
2016-11-16T04:59:10: 读取文件成功
2016-11-16T04:59:20: 读取文件成功
2016-11-16T04:59:30: 读取文件成功
2016-11-16T04:59:40: 读取文件成功
2016-11-16T04:59:50: 读取文件成功
2016-11-16T05:00:00: 读取文件成功
2016-11-16T05:00:10: 读取文件成功
2016-11-16T05:00:20: 读取文件成功
2016-11-16T05:00:30: 读取文件成功
2016-11-16T05:00:40: 读取文件成功
2016-11-16T05:00:50: 读取文件成功
2016-11-16T05:01:00: 读取文件成功
2016-11-16T05:01:10: 读取文件成功
2016-11-16T05:01:20: 读取文件成功
2016-11-16T05:01:30: 读取文件成功
2016-11-16T05:01:40: 读取文件成功
2016-11-16T05:01:50: 读取文件成功
2016-11-16T05:02:00: 读取文件成功
2016-11-16T05:02:10: 读取文件成功
2016-11-16T05:02:20: 读取文件成功
2016-11-16T05:02:30: 读取文件成功
2016-11-16T05:02:40: 读取文件成功
2016-11-16T05:02:50: 读取文件成功
2016-11-16T05:03:00: 读取文件成功
2016-11-16T05:03:10: 读取文件成功
2016-11-16T05:03:20: 读取文件成功
2016-11-16T05:03:30: 读取文件成功
2016-11-16T05:03:40: 读取文件成功
2016-11-16T05:03:50: 读取文件成功
2016-11-16T05:04:00: 读取文件成功
2016-11-16T05:04:10: 读取文件成功
2016-11-16T05:04:20: 读取文件成功
2016-11-16T05:04:30: 读取文件成功
2016-11-16T05:04:40: 读取文件成功
2016-11-16T05:04:50: 读取文件成功
2016-11-16T05:05:00: 读取文件成功
2016-11-16T05:05:10: 读取文件成功
2016-11-16T05:05:20: 读取文件成功
2016-11-16T05:05:30: 读取文件成功
2016-11-16T05:05:40: 读取文件成功
2016-11-16T05:05:50: 读取文件成功
2016-11-16T05:06:00: 读取文件成功
2016-11-16T05:06:10: 读取文件成功
2016-11-16T05:06:20: 读取文件成功
2016-11-16T05:06:30: 读取文件成功
2016-11-16T05:06:40: 读取文件成功
2016-11-16T05:06:50: 读取文件成功
2016-11-16T05:07:00: 读取文件成功
2016-11-16T05:07:10: 读取文件成功
2016-11-16T05:07:20: 读取文件成功
2016-11-16T05:07:30: 读取文件成功
2016-11-16T05:07:40: 读取文件成功
2016-11-16T05:07:50: 读取文件成功
2016-11-16T05:08:00: 读取文件成功
2016-11-16T05:08:10: 读取文件成功
2016-11-16T05:08:20: 读取文件成功
2016-11-16T05:08:30: 读取文件成功
2016-11-16T05:08:40: 读取文件成功
2016-11-16T05:08:50: 读取文件成功
2016-11-16T05:09:00: 读取文件成功
2016-11-16T05:09:10: 读取文件成功
2016-11-16T05:09:20: 读取文件成功
2016-11-16T05:09:30: 读取文件成功
2016-11-16T05:09:40: 读取文件成功
2016-11-16T05:09:50: 读取文件成功
2016-11-16T05:10:00: 读取文件成功
2016-11-16T05:10:10: 读取文件成功
2016-11-16T05:10:20: 读取文件成功
2016-11-16T05:10:30: 读取文件成功
2016-11-16T05:10:40: 读取文件成功
2016-11-16T05:10:50: 读取文件成功
2016-11-16T05:11:00: 读取文件成功
2016-11-16T05:11:10: 读取文件成功
2016-11-16T05:11:20: 读取文件成功
2016-11-16T05:11:30: 读取文件成功
2016-11-16T05:11:40: 读取文件成功
2016-11-16T05:11:50: 读取文件成功
2016-11-16T05:12:00: 读取文件成功
2016-11-16T05:12:10: 读取文件成功
2016-11-16T05:12:20: 读取文件成功
2016-11-16T05:12:30: 读取文件成功
2016-11-16T05:12:40: 读取文件成功
2016-11-16T05:12:50: 读取文件成功
2016-11-16T05:13:00: 读取文件成功
2016-11-16T05:13:10: 读取文件成功
2016-11-16T05:13:20: 读取文件成功
2016-11-16T05:13:30: 读取文件成功
2016-11-16T05:13:40: 读取文件成功
2016-11-16T05:13:50: 读取文件成功
2016-11-16T05:14:00: 读取文件成功
2016-11-16T05:14:10: 读取文件成功
2016-11-16T05:14:20: 读取文件成功
2016-11-16T05:14:30: 读取文件成功
2016-11-16T05:14:40: 读取文件成功
2016-11-16T05:14:50: 读取文件成功
2016-11-16T05:15:00: 读取文件成功
2016-11-16T05:15:10: 读取文件成功
2016-11-16T05:15:20: 读取文件成功
2016-11-16T05:15:30: 读取文件成功
2016-11-16T05:15:40: 读取文件成功
2016-11-16T05:15:50: 读取文件成功
2016-11-16T05:16:00: 读取文件成功
2016-11-16T05:16:10: 读取文件成功
2016-11-16T05:16:20: 读取文件成功
2016-11-16T05:16:31: 读取文件成功
2016-11-16T05:16:40: 读取文件成功
2016-11-16T05:16:50: 读取文件成功
2016-11-16T05:17:01: 读取文件成功
2016-11-16T05:17:11: 读取文件成功
2016-11-16T05:17:21: 读取文件成功
2016-11-16T05:17:31: 读取文件成功
2016-11-16T05:17:41: 读取文件成功
2016-11-16T05:17:51: 读取文件成功
2016-11-16T05:18:01: 读取文件成功
2016-11-16T05:18:11: 读取文件成功
2016-11-16T05:18:21: 读取文件成功
2016-11-16T05:18:31: 读取文件成功
2016-11-16T05:18:41: 读取文件成功
2016-11-16T05:18:51: 读取文件成功
2016-11-16T05:19:01: 读取文件成功
2016-11-16T05:19:11: 读取文件成功
2016-11-16T05:19:21: 读取文件成功
2016-11-16T05:19:31: 读取文件成功
2016-11-16T05:19:41: 读取文件成功
2016-11-16T05:19:51: 读取文件成功
2016-11-16T05:20:01: 读取文件成功
2016-11-16T05:20:11: 读取文件成功
2016-11-16T05:20:21: 读取文件成功
2016-11-16T05:20:31: 读取文件成功
2016-11-16T05:20:41: 读取文件成功
2016-11-16T05:20:51: 读取文件成功
2016-11-16T05:21:01: 读取文件成功
2016-11-16T05:21:11: 读取文件成功
2016-11-16T05:21:21: 读取文件成功
2016-11-16T05:21:31: 读取文件成功
2016-11-16T05:21:41: 读取文件成功
2016-11-16T05:21:51: 读取文件成功
2016-11-16T05:22:01: 读取文件成功
2016-11-16T05:22:11: 读取文件成功
2016-11-16T05:22:21: 读取文件成功
2016-11-16T05:22:31: 读取文件成功
2016-11-16T05:22:41: 读取文件成功
2016-11-16T05:22:51: 读取文件成功
2016-11-16T05:23:01: 读取文件成功
2016-11-16T05:23:11: 读取文件成功
2016-11-16T05:23:21: 读取文件成功
2016-11-16T05:23:31: 读取文件成功
2016-11-16T05:23:41: 读取文件成功
2016-11-16T05:23:51: 读取文件成功
2016-11-16T05:24:01: 读取文件成功
2016-11-16T05:24:11: 读取文件成功
2016-11-16T05:24:21: 读取文件成功
2016-11-16T05:24:31: 读取文件成功
2016-11-16T05:24:41: 读取文件成功
2016-11-16T05:24:51: 读取文件成功
2016-11-16T05:25:01: 读取文件成功
2016-11-16T05:25:11: 读取文件成功
2016-11-16T05:25:21: 读取文件成功
2016-11-16T05:25:31: 读取文件成功
2016-11-16T05:25:41: 读取文件成功
2016-11-16T05:25:51: 读取文件成功
2016-11-16T05:26:01: 读取文件成功
2016-11-16T05:26:11: 读取文件成功
2016-11-16T05:26:21: 读取文件成功
2016-11-16T05:26:31: 读取文件成功
2016-11-16T05:26:41: 读取文件成功
2016-11-16T05:26:51: 读取文件成功
2016-11-16T05:27:01: 读取文件成功
2016-11-16T05:27:11: 读取文件成功
2016-11-16T05:27:21: 读取文件成功
2016-11-16T05:27:31: 读取文件成功
2016-11-16T05:27:41: 读取文件成功
2016-11-16T05:27:51: 读取文件成功
2016-11-16T05:28:01: 读取文件成功
2016-11-16T05:28:11: 读取文件成功
2016-11-16T05:28:21: 读取文件成功
2016-11-16T05:28:31: 读取文件成功
2016-11-16T05:28:41: 读取文件成功
2016-11-16T05:28:51: 读取文件成功
2016-11-16T05:29:01: 读取文件成功
2016-11-16T05:29:11: 读取文件成功
2016-11-16T05:29:21: 读取文件成功
2016-11-16T05:29:31: 读取文件成功
2016-11-16T05:29:41: 读取文件成功
2016-11-16T05:29:51: 读取文件成功
2016-11-16T05:30:01: 读取文件成功
2016-11-16T05:30:11: 读取文件成功
2016-11-16T05:30:21: 读取文件成功
2016-11-16T05:30:31: 读取文件成功
2016-11-16T05:30:41: 读取文件成功
2016-11-16T05:30:51: 读取文件成功
2016-11-16T05:31:01: 读取文件成功
2016-11-16T05:31:11: 读取文件成功
2016-11-16T05:31:21: 读取文件成功
2016-11-16T05:31:31: 读取文件成功
2016-11-16T05:31:41: 读取文件成功
2016-11-16T05:31:51: 读取文件成功
2016-11-16T05:32:01: 读取文件成功
2016-11-16T05:32:11: 读取文件成功
2016-11-16T05:32:21: 读取文件成功
2016-11-16T05:32:31: 读取文件成功
2016-11-16T05:32:41: 读取文件成功
2016-11-16T05:32:51: 读取文件成功
2016-11-16T05:33:01: 读取文件成功
2016-11-16T05:33:11: 读取文件成功
2016-11-16T05:33:21: 读取文件成功
2016-11-16T05:33:31: 读取文件成功
2016-11-16T05:33:41: 读取文件成功
2016-11-16T05:33:51: 读取文件成功
2016-11-16T05:34:01: 读取文件成功
2016-11-16T05:34:11: 读取文件成功
2016-11-16T05:34:21: 读取文件成功
2016-11-16T05:34:31: 读取文件成功
2016-11-16T05:34:41: 读取文件成功
2016-11-16T05:34:51: 读取文件成功
2016-11-16T05:35:01: 读取文件成功
2016-11-16T05:35:11: 读取文件成功
2016-11-16T05:35:21: 读取文件成功
2016-11-16T05:35:31: 读取文件成功
2016-11-16T05:35:41: 读取文件成功
2016-11-16T05:35:51: 读取文件成功
2016-11-16T05:36:01: 读取文件成功
2016-11-16T05:36:12: 读取文件成功
2016-11-16T05:36:22: 读取文件成功
2016-11-16T05:36:32: 读取文件成功
2016-11-16T05:36:42: 读取文件成功
2016-11-16T05:36:52: 读取文件成功
2016-11-16T05:37:02: 读取文件成功
2016-11-16T05:37:12: 读取文件成功
2016-11-16T05:37:22: 读取文件成功
2016-11-16T05:37:32: 读取文件成功
2016-11-16T05:37:42: 读取文件成功
2016-11-16T05:37:52: 读取文件成功
2016-11-16T05:38:02: 读取文件成功
2016-11-16T05:38:12: 读取文件成功
2016-11-16T05:38:22: 读取文件成功
2016-11-16T05:38:32: 读取文件成功
2016-11-16T05:38:42: 读取文件成功
2016-11-16T05:38:52: 读取文件成功
2016-11-16T05:39:02: 读取文件成功
2016-11-16T05:39:12: 读取文件成功
2016-11-16T05:39:22: 读取文件成功
2016-11-16T05:39:32: 读取文件成功
2016-11-16T05:39:42: 读取文件成功
2016-11-16T05:39:52: 读取文件成功
2016-11-16T05:40:02: 读取文件成功
2016-11-16T05:40:12: 读取文件成功
2016-11-16T05:40:22: 读取文件成功
2016-11-16T05:40:32: 读取文件成功
2016-11-16T05:40:42: 读取文件成功
2016-11-16T05:40:52: 读取文件成功
2016-11-16T05:41:02: 读取文件成功
2016-11-16T05:41:12: 读取文件成功
2016-11-16T05:41:22: 读取文件成功
2016-11-16T05:41:32: 读取文件成功
2016-11-16T05:41:42: 读取文件成功
2016-11-16T05:41:52: 读取文件成功
2016-11-16T05:42:02: 读取文件成功
2016-11-16T05:42:12: 读取文件成功
2016-11-16T05:42:22: 读取文件成功
2016-11-16T05:42:32: 读取文件成功
2016-11-16T05:42:42: 读取文件成功
2016-11-16T05:42:52: 读取文件成功
2016-11-16T05:43:02: 读取文件成功
2016-11-16T05:43:12: 读取文件成功
2016-11-16T05:43:22: 读取文件成功
2016-11-16T05:43:32: 读取文件成功
2016-11-16T05:43:42: 读取文件成功
2016-11-16T05:43:52: 读取文件成功
2016-11-16T05:44:02: 读取文件成功
2016-11-16T05:44:12: 读取文件成功
2016-11-16T05:44:22: 读取文件成功
2016-11-16T05:44:32: 读取文件成功
2016-11-16T05:44:42: 读取文件成功
2016-11-16T05:44:52: 读取文件成功
2016-11-16T05:45:02: 读取文件成功
2016-11-16T05:45:12: 读取文件成功
2016-11-16T05:45:22: 读取文件成功
2016-11-16T05:45:32: 读取文件成功
2016-11-16T05:45:42: 读取文件成功
2016-11-16T05:45:52: 读取文件成功
2016-11-16T05:46:02: 读取文件成功
2016-11-16T05:46:12: 读取文件成功
2016-11-16T05:46:22: 读取文件成功
2016-11-16T05:46:32: 读取文件成功
2016-11-16T05:46:42: 读取文件成功
2016-11-16T05:46:52: 读取文件成功
2016-11-16T05:47:02: 读取文件成功
2016-11-16T05:47:12: 读取文件成功
2016-11-16T05:47:22: 读取文件成功
2016-11-16T05:47:32: 读取文件成功
2016-11-16T05:47:42: 读取文件成功
2016-11-16T05:47:52: 读取文件成功
2016-11-16T05:48:02: 读取文件成功
2016-11-16T05:48:12: 读取文件成功
2016-11-16T05:48:22: 读取文件成功
2016-11-16T05:48:32: 读取文件成功
2016-11-16T05:48:42: 读取文件成功
2016-11-16T05:48:52: 读取文件成功
2016-11-16T05:49:02: 读取文件成功
2016-11-16T05:49:12: 读取文件成功
2016-11-16T05:49:22: 读取文件成功
2016-11-16T05:49:32: 读取文件成功
2016-11-16T05:49:42: 读取文件成功
2016-11-16T05:49:52: 读取文件成功
2016-11-16T05:50:02: 读取文件成功
2016-11-16T05:50:12: 读取文件成功
2016-11-16T05:50:22: 读取文件成功
2016-11-16T05:50:32: 读取文件成功
2016-11-16T05:50:42: 读取文件成功
2016-11-16T05:50:52: 读取文件成功
2016-11-16T05:51:02: 读取文件成功
2016-11-16T05:51:12: 读取文件成功
2016-11-16T05:51:22: 读取文件成功
2016-11-16T05:51:32: 读取文件成功
2016-11-16T05:51:42: 读取文件成功
2016-11-16T05:51:52: 读取文件成功
2016-11-16T05:52:02: 读取文件成功
2016-11-16T05:52:12: 读取文件成功
2016-11-16T05:52:22: 读取文件成功
2016-11-16T05:52:32: 读取文件成功
2016-11-16T05:52:42: 读取文件成功
2016-11-16T05:52:52: 读取文件成功
2016-11-16T05:53:02: 读取文件成功
2016-11-16T05:53:12: 读取文件成功
2016-11-16T05:53:22: 读取文件成功
2016-11-16T05:53:32: 读取文件成功
2016-11-16T05:53:42: 读取文件成功
2016-11-16T05:53:52: 读取文件成功
2016-11-16T05:54:02: 读取文件成功
2016-11-16T05:54:12: 读取文件成功
2016-11-16T05:54:22: 读取文件成功
2016-11-16T05:54:32: 读取文件成功
2016-11-16T05:54:42: 读取文件成功
2016-11-16T05:54:52: 读取文件成功
2016-11-16T05:55:02: 读取文件成功
2016-11-16T05:55:12: 读取文件成功
2016-11-16T05:55:22: 读取文件成功
2016-11-16T05:55:32: 读取文件成功
2016-11-16T05:55:42: 读取文件成功
2016-11-16T05:55:52: 读取文件成功
2016-11-16T05:56:02: 读取文件成功
2016-11-16T05:56:12: 读取文件成功
2016-11-16T05:56:22: 读取文件成功
2016-11-16T05:56:32: 读取文件成功
2016-11-16T05:56:42: 读取文件成功
2016-11-16T05:56:52: 读取文件成功
2016-11-16T05:57:02: 读取文件成功
2016-11-16T05:57:13: 读取文件成功
2016-11-16T05:57:22: 读取文件成功
2016-11-16T05:57:33: 读取文件成功
2016-11-16T05:57:43: 读取文件成功
2016-11-16T05:57:53: 读取文件成功
2016-11-16T05:58:03: 读取文件成功
2016-11-16T05:58:13: 读取文件成功
2016-11-16T05:58:23: 读取文件成功
2016-11-16T05:58:33: 读取文件成功
2016-11-16T05:58:43: 读取文件成功
2016-11-16T05:58:53: 读取文件成功
2016-11-16T05:59:03: 读取文件成功
