2016-12-15T00:00:05: 非记录时间：2016-12-15T00:00:05+08:00
2016-12-15T00:00:15: 非记录时间：2016-12-15T00:00:15+08:00
2016-12-15T00:00:25: 非记录时间：2016-12-15T00:00:25+08:00
2016-12-15T00:00:35: 非记录时间：2016-12-15T00:00:35+08:00
2016-12-15T00:00:45: 非记录时间：2016-12-15T00:00:45+08:00
2016-12-15T00:00:55: 非记录时间：2016-12-15T00:00:55+08:00
2016-12-15T00:01:05: 非记录时间：2016-12-15T00:01:05+08:00
2016-12-15T00:01:15: 非记录时间：2016-12-15T00:01:15+08:00
2016-12-15T00:01:25: 非记录时间：2016-12-15T00:01:25+08:00
2016-12-15T00:01:35: 非记录时间：2016-12-15T00:01:35+08:00
2016-12-15T00:01:45: 非记录时间：2016-12-15T00:01:45+08:00
2016-12-15T00:01:55: 非记录时间：2016-12-15T00:01:55+08:00
2016-12-15T00:02:05: 非记录时间：2016-12-15T00:02:05+08:00
2016-12-15T00:02:15: 非记录时间：2016-12-15T00:02:15+08:00
2016-12-15T00:02:25: 非记录时间：2016-12-15T00:02:25+08:00
2016-12-15T00:02:35: 非记录时间：2016-12-15T00:02:35+08:00
2016-12-15T00:02:45: 非记录时间：2016-12-15T00:02:45+08:00
2016-12-15T00:02:55: 非记录时间：2016-12-15T00:02:55+08:00
2016-12-15T00:03:05: 非记录时间：2016-12-15T00:03:05+08:00
2016-12-15T00:03:15: 非记录时间：2016-12-15T00:03:15+08:00
2016-12-15T00:03:25: 非记录时间：2016-12-15T00:03:25+08:00
2016-12-15T00:03:35: 非记录时间：2016-12-15T00:03:35+08:00
2016-12-15T00:03:45: 非记录时间：2016-12-15T00:03:45+08:00
2016-12-15T00:03:55: 非记录时间：2016-12-15T00:03:55+08:00
2016-12-15T00:04:05: 非记录时间：2016-12-15T00:04:05+08:00
2016-12-15T00:04:15: 非记录时间：2016-12-15T00:04:15+08:00
2016-12-15T00:04:25: 非记录时间：2016-12-15T00:04:25+08:00
2016-12-15T00:04:35: 非记录时间：2016-12-15T00:04:35+08:00
2016-12-15T00:04:45: 非记录时间：2016-12-15T00:04:45+08:00
2016-12-15T00:04:55: 非记录时间：2016-12-15T00:04:55+08:00
2016-12-15T00:05:05: 非记录时间：2016-12-15T00:05:05+08:00
2016-12-15T00:05:15: 非记录时间：2016-12-15T00:05:15+08:00
2016-12-15T00:05:25: 非记录时间：2016-12-15T00:05:25+08:00
2016-12-15T00:05:35: 非记录时间：2016-12-15T00:05:35+08:00
2016-12-15T00:05:45: 非记录时间：2016-12-15T00:05:45+08:00
2016-12-15T00:05:55: 非记录时间：2016-12-15T00:05:55+08:00
2016-12-15T00:06:05: 非记录时间：2016-12-15T00:06:05+08:00
2016-12-15T00:06:15: 非记录时间：2016-12-15T00:06:15+08:00
2016-12-15T00:06:25: 非记录时间：2016-12-15T00:06:25+08:00
2016-12-15T00:06:35: 非记录时间：2016-12-15T00:06:35+08:00
2016-12-15T00:06:45: 非记录时间：2016-12-15T00:06:45+08:00
2016-12-15T00:06:55: 非记录时间：2016-12-15T00:06:55+08:00
2016-12-15T00:07:05: 非记录时间：2016-12-15T00:07:05+08:00
2016-12-15T00:07:15: 非记录时间：2016-12-15T00:07:15+08:00
2016-12-15T00:07:25: 非记录时间：2016-12-15T00:07:25+08:00
2016-12-15T00:07:35: 非记录时间：2016-12-15T00:07:35+08:00
2016-12-15T00:07:45: 非记录时间：2016-12-15T00:07:45+08:00
2016-12-15T00:07:55: 非记录时间：2016-12-15T00:07:55+08:00
2016-12-15T00:08:05: 非记录时间：2016-12-15T00:08:05+08:00
2016-12-15T00:08:15: 非记录时间：2016-12-15T00:08:15+08:00
2016-12-15T00:08:25: 非记录时间：2016-12-15T00:08:25+08:00
2016-12-15T00:08:35: 非记录时间：2016-12-15T00:08:35+08:00
2016-12-15T00:08:45: 非记录时间：2016-12-15T00:08:45+08:00
2016-12-15T00:08:55: 非记录时间：2016-12-15T00:08:55+08:00
2016-12-15T00:09:05: 非记录时间：2016-12-15T00:09:05+08:00
2016-12-15T00:09:15: 非记录时间：2016-12-15T00:09:15+08:00
2016-12-15T00:09:25: 非记录时间：2016-12-15T00:09:25+08:00
2016-12-15T00:09:35: 非记录时间：2016-12-15T00:09:35+08:00
2016-12-15T00:09:45: 非记录时间：2016-12-15T00:09:45+08:00
2016-12-15T00:09:55: 非记录时间：2016-12-15T00:09:55+08:00
2016-12-15T00:10:05: 非记录时间：2016-12-15T00:10:05+08:00
2016-12-15T00:10:15: 非记录时间：2016-12-15T00:10:15+08:00
2016-12-15T00:10:25: 非记录时间：2016-12-15T00:10:25+08:00
2016-12-15T00:10:35: 非记录时间：2016-12-15T00:10:35+08:00
2016-12-15T00:10:45: 非记录时间：2016-12-15T00:10:45+08:00
2016-12-15T00:10:55: 非记录时间：2016-12-15T00:10:55+08:00
2016-12-15T00:11:05: 非记录时间：2016-12-15T00:11:05+08:00
2016-12-15T00:11:15: 非记录时间：2016-12-15T00:11:15+08:00
2016-12-15T00:11:25: 非记录时间：2016-12-15T00:11:25+08:00
2016-12-15T00:11:35: 非记录时间：2016-12-15T00:11:35+08:00
2016-12-15T00:11:45: 非记录时间：2016-12-15T00:11:45+08:00
2016-12-15T00:11:55: 非记录时间：2016-12-15T00:11:55+08:00
2016-12-15T00:12:05: 非记录时间：2016-12-15T00:12:05+08:00
2016-12-15T00:12:15: 非记录时间：2016-12-15T00:12:15+08:00
2016-12-15T00:12:25: 非记录时间：2016-12-15T00:12:25+08:00
2016-12-15T00:12:35: 非记录时间：2016-12-15T00:12:35+08:00
2016-12-15T00:12:45: 非记录时间：2016-12-15T00:12:45+08:00
2016-12-15T00:12:55: 非记录时间：2016-12-15T00:12:55+08:00
2016-12-15T00:13:05: 非记录时间：2016-12-15T00:13:05+08:00
2016-12-15T00:13:15: 非记录时间：2016-12-15T00:13:15+08:00
2016-12-15T00:13:25: 非记录时间：2016-12-15T00:13:25+08:00
2016-12-15T00:13:35: 非记录时间：2016-12-15T00:13:35+08:00
2016-12-15T00:13:45: 非记录时间：2016-12-15T00:13:45+08:00
2016-12-15T00:13:55: 非记录时间：2016-12-15T00:13:55+08:00
2016-12-15T00:14:05: 非记录时间：2016-12-15T00:14:05+08:00
2016-12-15T00:14:15: 非记录时间：2016-12-15T00:14:15+08:00
2016-12-15T00:14:25: 非记录时间：2016-12-15T00:14:25+08:00
2016-12-15T00:14:35: 非记录时间：2016-12-15T00:14:35+08:00
2016-12-15T00:14:45: 非记录时间：2016-12-15T00:14:45+08:00
2016-12-15T00:14:55: 非记录时间：2016-12-15T00:14:55+08:00
2016-12-15T00:15:05: 非记录时间：2016-12-15T00:15:05+08:00
2016-12-15T00:15:15: 非记录时间：2016-12-15T00:15:15+08:00
2016-12-15T00:15:25: 非记录时间：2016-12-15T00:15:25+08:00
2016-12-15T00:15:35: 非记录时间：2016-12-15T00:15:35+08:00
2016-12-15T00:15:45: 非记录时间：2016-12-15T00:15:45+08:00
2016-12-15T00:15:55: 非记录时间：2016-12-15T00:15:55+08:00
2016-12-15T00:16:05: 非记录时间：2016-12-15T00:16:05+08:00
2016-12-15T00:16:15: 非记录时间：2016-12-15T00:16:15+08:00
2016-12-15T00:16:25: 非记录时间：2016-12-15T00:16:25+08:00
2016-12-15T00:16:35: 非记录时间：2016-12-15T00:16:35+08:00
2016-12-15T00:16:45: 非记录时间：2016-12-15T00:16:45+08:00
2016-12-15T00:16:55: 非记录时间：2016-12-15T00:16:55+08:00
2016-12-15T00:17:05: 非记录时间：2016-12-15T00:17:05+08:00
2016-12-15T00:17:15: 非记录时间：2016-12-15T00:17:15+08:00
2016-12-15T00:17:25: 非记录时间：2016-12-15T00:17:25+08:00
2016-12-15T00:17:35: 非记录时间：2016-12-15T00:17:35+08:00
2016-12-15T00:17:45: 非记录时间：2016-12-15T00:17:45+08:00
2016-12-15T00:17:55: 非记录时间：2016-12-15T00:17:55+08:00
2016-12-15T00:18:05: 非记录时间：2016-12-15T00:18:05+08:00
2016-12-15T00:18:15: 非记录时间：2016-12-15T00:18:15+08:00
2016-12-15T00:18:25: 非记录时间：2016-12-15T00:18:25+08:00
2016-12-15T00:18:35: 非记录时间：2016-12-15T00:18:35+08:00
2016-12-15T00:18:45: 非记录时间：2016-12-15T00:18:45+08:00
2016-12-15T00:18:55: 非记录时间：2016-12-15T00:18:55+08:00
2016-12-15T00:19:05: 非记录时间：2016-12-15T00:19:05+08:00
2016-12-15T00:19:15: 非记录时间：2016-12-15T00:19:15+08:00
2016-12-15T00:19:25: 非记录时间：2016-12-15T00:19:25+08:00
2016-12-15T00:19:35: 非记录时间：2016-12-15T00:19:35+08:00
2016-12-15T00:19:45: 非记录时间：2016-12-15T00:19:45+08:00
2016-12-15T00:19:55: 非记录时间：2016-12-15T00:19:55+08:00
2016-12-15T00:20:05: 非记录时间：2016-12-15T00:20:05+08:00
2016-12-15T00:20:15: 非记录时间：2016-12-15T00:20:15+08:00
2016-12-15T00:20:25: 非记录时间：2016-12-15T00:20:25+08:00
2016-12-15T00:20:35: 非记录时间：2016-12-15T00:20:35+08:00
2016-12-15T00:20:45: 非记录时间：2016-12-15T00:20:45+08:00
2016-12-15T00:20:55: 非记录时间：2016-12-15T00:20:55+08:00
2016-12-15T00:21:05: 非记录时间：2016-12-15T00:21:05+08:00
2016-12-15T00:21:15: 非记录时间：2016-12-15T00:21:15+08:00
2016-12-15T00:21:25: 非记录时间：2016-12-15T00:21:25+08:00
2016-12-15T00:21:35: 非记录时间：2016-12-15T00:21:35+08:00
2016-12-15T00:21:45: 非记录时间：2016-12-15T00:21:45+08:00
2016-12-15T00:21:55: 非记录时间：2016-12-15T00:21:55+08:00
2016-12-15T00:22:05: 非记录时间：2016-12-15T00:22:05+08:00
2016-12-15T00:22:15: 非记录时间：2016-12-15T00:22:15+08:00
2016-12-15T00:22:25: 非记录时间：2016-12-15T00:22:25+08:00
2016-12-15T00:22:35: 非记录时间：2016-12-15T00:22:35+08:00
2016-12-15T00:22:45: 非记录时间：2016-12-15T00:22:45+08:00
2016-12-15T00:22:55: 非记录时间：2016-12-15T00:22:55+08:00
2016-12-15T00:23:05: 非记录时间：2016-12-15T00:23:05+08:00
2016-12-15T00:23:15: 非记录时间：2016-12-15T00:23:15+08:00
2016-12-15T00:23:25: 非记录时间：2016-12-15T00:23:25+08:00
2016-12-15T00:23:35: 非记录时间：2016-12-15T00:23:35+08:00
2016-12-15T00:23:45: 非记录时间：2016-12-15T00:23:45+08:00
2016-12-15T00:23:55: 非记录时间：2016-12-15T00:23:55+08:00
2016-12-15T00:24:05: 非记录时间：2016-12-15T00:24:05+08:00
2016-12-15T00:24:15: 非记录时间：2016-12-15T00:24:15+08:00
2016-12-15T00:24:25: 非记录时间：2016-12-15T00:24:25+08:00
2016-12-15T00:24:35: 非记录时间：2016-12-15T00:24:35+08:00
2016-12-15T00:24:45: 非记录时间：2016-12-15T00:24:45+08:00
2016-12-15T00:24:55: 非记录时间：2016-12-15T00:24:55+08:00
2016-12-15T00:25:05: 非记录时间：2016-12-15T00:25:05+08:00
2016-12-15T00:25:15: 非记录时间：2016-12-15T00:25:15+08:00
2016-12-15T00:25:25: 非记录时间：2016-12-15T00:25:25+08:00
2016-12-15T00:25:35: 非记录时间：2016-12-15T00:25:35+08:00
2016-12-15T00:25:45: 非记录时间：2016-12-15T00:25:45+08:00
2016-12-15T00:25:55: 非记录时间：2016-12-15T00:25:55+08:00
2016-12-15T00:26:05: 非记录时间：2016-12-15T00:26:05+08:00
2016-12-15T00:26:15: 非记录时间：2016-12-15T00:26:15+08:00
2016-12-15T00:26:25: 非记录时间：2016-12-15T00:26:25+08:00
2016-12-15T00:26:35: 非记录时间：2016-12-15T00:26:35+08:00
2016-12-15T00:26:45: 非记录时间：2016-12-15T00:26:45+08:00
2016-12-15T00:26:55: 非记录时间：2016-12-15T00:26:55+08:00
2016-12-15T00:27:05: 非记录时间：2016-12-15T00:27:05+08:00
2016-12-15T00:27:15: 非记录时间：2016-12-15T00:27:15+08:00
2016-12-15T00:27:25: 非记录时间：2016-12-15T00:27:25+08:00
2016-12-15T00:27:35: 非记录时间：2016-12-15T00:27:35+08:00
2016-12-15T00:27:45: 非记录时间：2016-12-15T00:27:45+08:00
2016-12-15T00:27:55: 非记录时间：2016-12-15T00:27:55+08:00
2016-12-15T00:28:05: 非记录时间：2016-12-15T00:28:05+08:00
2016-12-15T00:28:15: 非记录时间：2016-12-15T00:28:15+08:00
2016-12-15T00:28:25: 非记录时间：2016-12-15T00:28:25+08:00
2016-12-15T00:28:35: 非记录时间：2016-12-15T00:28:35+08:00
2016-12-15T00:28:45: 非记录时间：2016-12-15T00:28:45+08:00
2016-12-15T00:28:55: 非记录时间：2016-12-15T00:28:55+08:00
2016-12-15T00:29:05: 非记录时间：2016-12-15T00:29:05+08:00
2016-12-15T00:29:15: 非记录时间：2016-12-15T00:29:15+08:00
2016-12-15T00:29:25: 非记录时间：2016-12-15T00:29:25+08:00
2016-12-15T00:29:35: 非记录时间：2016-12-15T00:29:35+08:00
2016-12-15T00:29:45: 非记录时间：2016-12-15T00:29:45+08:00
2016-12-15T00:29:55: 非记录时间：2016-12-15T00:29:55+08:00
2016-12-15T00:30:05: 非记录时间：2016-12-15T00:30:05+08:00
2016-12-15T00:30:15: 非记录时间：2016-12-15T00:30:15+08:00
2016-12-15T00:30:25: 非记录时间：2016-12-15T00:30:25+08:00
2016-12-15T00:30:35: 非记录时间：2016-12-15T00:30:35+08:00
2016-12-15T00:30:45: 非记录时间：2016-12-15T00:30:45+08:00
2016-12-15T00:30:55: 非记录时间：2016-12-15T00:30:55+08:00
2016-12-15T00:31:05: 非记录时间：2016-12-15T00:31:05+08:00
2016-12-15T00:31:15: 非记录时间：2016-12-15T00:31:15+08:00
2016-12-15T00:31:25: 非记录时间：2016-12-15T00:31:25+08:00
2016-12-15T00:31:35: 非记录时间：2016-12-15T00:31:35+08:00
2016-12-15T00:31:45: 非记录时间：2016-12-15T00:31:45+08:00
2016-12-15T00:31:55: 非记录时间：2016-12-15T00:31:55+08:00
2016-12-15T00:32:05: 非记录时间：2016-12-15T00:32:05+08:00
2016-12-15T00:32:15: 非记录时间：2016-12-15T00:32:15+08:00
2016-12-15T00:32:25: 非记录时间：2016-12-15T00:32:25+08:00
2016-12-15T00:32:35: 非记录时间：2016-12-15T00:32:35+08:00
2016-12-15T00:32:45: 非记录时间：2016-12-15T00:32:45+08:00
2016-12-15T00:32:55: 非记录时间：2016-12-15T00:32:55+08:00
2016-12-15T00:33:05: 非记录时间：2016-12-15T00:33:05+08:00
2016-12-15T00:33:15: 非记录时间：2016-12-15T00:33:15+08:00
2016-12-15T00:33:25: 非记录时间：2016-12-15T00:33:25+08:00
2016-12-15T00:33:35: 非记录时间：2016-12-15T00:33:35+08:00
2016-12-15T00:33:45: 非记录时间：2016-12-15T00:33:45+08:00
2016-12-15T00:33:55: 非记录时间：2016-12-15T00:33:55+08:00
2016-12-15T00:34:05: 非记录时间：2016-12-15T00:34:05+08:00
2016-12-15T00:34:15: 非记录时间：2016-12-15T00:34:15+08:00
2016-12-15T00:34:25: 非记录时间：2016-12-15T00:34:25+08:00
2016-12-15T00:34:35: 非记录时间：2016-12-15T00:34:35+08:00
2016-12-15T00:34:45: 非记录时间：2016-12-15T00:34:45+08:00
2016-12-15T00:34:55: 非记录时间：2016-12-15T00:34:55+08:00
2016-12-15T00:35:05: 非记录时间：2016-12-15T00:35:05+08:00
2016-12-15T00:35:15: 非记录时间：2016-12-15T00:35:15+08:00
2016-12-15T00:35:25: 非记录时间：2016-12-15T00:35:25+08:00
2016-12-15T00:35:35: 非记录时间：2016-12-15T00:35:35+08:00
2016-12-15T00:35:45: 非记录时间：2016-12-15T00:35:45+08:00
2016-12-15T00:35:55: 非记录时间：2016-12-15T00:35:55+08:00
2016-12-15T00:36:05: 非记录时间：2016-12-15T00:36:05+08:00
2016-12-15T00:36:15: 非记录时间：2016-12-15T00:36:15+08:00
2016-12-15T00:36:25: 非记录时间：2016-12-15T00:36:25+08:00
2016-12-15T00:36:35: 非记录时间：2016-12-15T00:36:35+08:00
2016-12-15T00:36:45: 非记录时间：2016-12-15T00:36:45+08:00
2016-12-15T00:36:55: 非记录时间：2016-12-15T00:36:55+08:00
2016-12-15T00:37:05: 非记录时间：2016-12-15T00:37:05+08:00
2016-12-15T00:37:15: 非记录时间：2016-12-15T00:37:15+08:00
2016-12-15T00:37:25: 非记录时间：2016-12-15T00:37:25+08:00
2016-12-15T00:37:35: 非记录时间：2016-12-15T00:37:35+08:00
2016-12-15T00:37:45: 非记录时间：2016-12-15T00:37:45+08:00
2016-12-15T00:37:55: 非记录时间：2016-12-15T00:37:55+08:00
2016-12-15T00:38:05: 非记录时间：2016-12-15T00:38:05+08:00
2016-12-15T00:38:15: 非记录时间：2016-12-15T00:38:15+08:00
2016-12-15T00:38:25: 非记录时间：2016-12-15T00:38:25+08:00
2016-12-15T00:38:35: 非记录时间：2016-12-15T00:38:35+08:00
2016-12-15T00:38:45: 非记录时间：2016-12-15T00:38:45+08:00
2016-12-15T00:38:55: 非记录时间：2016-12-15T00:38:55+08:00
2016-12-15T00:39:05: 非记录时间：2016-12-15T00:39:05+08:00
2016-12-15T00:39:15: 非记录时间：2016-12-15T00:39:15+08:00
2016-12-15T00:39:25: 非记录时间：2016-12-15T00:39:25+08:00
2016-12-15T00:39:35: 非记录时间：2016-12-15T00:39:35+08:00
2016-12-15T00:39:45: 非记录时间：2016-12-15T00:39:45+08:00
2016-12-15T00:39:55: 非记录时间：2016-12-15T00:39:55+08:00
2016-12-15T00:40:05: 非记录时间：2016-12-15T00:40:05+08:00
2016-12-15T00:40:15: 非记录时间：2016-12-15T00:40:15+08:00
2016-12-15T00:40:25: 非记录时间：2016-12-15T00:40:25+08:00
2016-12-15T00:40:35: 非记录时间：2016-12-15T00:40:35+08:00
2016-12-15T00:40:45: 非记录时间：2016-12-15T00:40:45+08:00
2016-12-15T00:40:55: 非记录时间：2016-12-15T00:40:55+08:00
2016-12-15T00:41:05: 非记录时间：2016-12-15T00:41:05+08:00
2016-12-15T00:41:15: 非记录时间：2016-12-15T00:41:15+08:00
2016-12-15T00:41:25: 非记录时间：2016-12-15T00:41:25+08:00
2016-12-15T00:41:35: 非记录时间：2016-12-15T00:41:35+08:00
2016-12-15T00:41:45: 非记录时间：2016-12-15T00:41:45+08:00
2016-12-15T00:41:55: 非记录时间：2016-12-15T00:41:55+08:00
2016-12-15T00:42:05: 非记录时间：2016-12-15T00:42:05+08:00
2016-12-15T00:42:15: 非记录时间：2016-12-15T00:42:15+08:00
2016-12-15T00:42:25: 非记录时间：2016-12-15T00:42:25+08:00
2016-12-15T00:42:35: 非记录时间：2016-12-15T00:42:35+08:00
2016-12-15T00:42:45: 非记录时间：2016-12-15T00:42:45+08:00
2016-12-15T00:42:55: 非记录时间：2016-12-15T00:42:55+08:00
2016-12-15T00:43:05: 非记录时间：2016-12-15T00:43:05+08:00
2016-12-15T00:43:15: 非记录时间：2016-12-15T00:43:15+08:00
2016-12-15T00:43:25: 非记录时间：2016-12-15T00:43:25+08:00
2016-12-15T00:43:35: 非记录时间：2016-12-15T00:43:35+08:00
2016-12-15T00:43:45: 非记录时间：2016-12-15T00:43:45+08:00
2016-12-15T00:43:55: 非记录时间：2016-12-15T00:43:55+08:00
2016-12-15T00:44:05: 非记录时间：2016-12-15T00:44:05+08:00
2016-12-15T00:44:15: 非记录时间：2016-12-15T00:44:15+08:00
2016-12-15T00:44:25: 非记录时间：2016-12-15T00:44:25+08:00
2016-12-15T00:44:35: 非记录时间：2016-12-15T00:44:35+08:00
2016-12-15T00:44:45: 非记录时间：2016-12-15T00:44:45+08:00
2016-12-15T00:44:55: 非记录时间：2016-12-15T00:44:55+08:00
2016-12-15T00:45:05: 非记录时间：2016-12-15T00:45:05+08:00
2016-12-15T00:45:15: 非记录时间：2016-12-15T00:45:15+08:00
2016-12-15T00:45:25: 非记录时间：2016-12-15T00:45:25+08:00
2016-12-15T00:45:35: 非记录时间：2016-12-15T00:45:35+08:00
2016-12-15T00:45:45: 非记录时间：2016-12-15T00:45:45+08:00
2016-12-15T00:45:55: 非记录时间：2016-12-15T00:45:55+08:00
2016-12-15T00:46:05: 非记录时间：2016-12-15T00:46:05+08:00
2016-12-15T00:46:15: 非记录时间：2016-12-15T00:46:15+08:00
2016-12-15T00:46:25: 非记录时间：2016-12-15T00:46:25+08:00
2016-12-15T00:46:35: 非记录时间：2016-12-15T00:46:35+08:00
2016-12-15T00:46:45: 非记录时间：2016-12-15T00:46:45+08:00
2016-12-15T00:46:55: 非记录时间：2016-12-15T00:46:55+08:00
2016-12-15T00:47:05: 非记录时间：2016-12-15T00:47:05+08:00
2016-12-15T00:47:15: 非记录时间：2016-12-15T00:47:15+08:00
2016-12-15T00:47:25: 非记录时间：2016-12-15T00:47:25+08:00
2016-12-15T00:47:35: 非记录时间：2016-12-15T00:47:35+08:00
2016-12-15T00:47:45: 非记录时间：2016-12-15T00:47:45+08:00
2016-12-15T00:47:55: 非记录时间：2016-12-15T00:47:55+08:00
2016-12-15T00:48:05: 非记录时间：2016-12-15T00:48:05+08:00
2016-12-15T00:48:15: 非记录时间：2016-12-15T00:48:15+08:00
2016-12-15T00:48:25: 非记录时间：2016-12-15T00:48:25+08:00
2016-12-15T00:48:35: 非记录时间：2016-12-15T00:48:35+08:00
2016-12-15T00:48:45: 非记录时间：2016-12-15T00:48:45+08:00
2016-12-15T00:48:55: 非记录时间：2016-12-15T00:48:55+08:00
2016-12-15T00:49:05: 非记录时间：2016-12-15T00:49:05+08:00
2016-12-15T00:49:15: 非记录时间：2016-12-15T00:49:15+08:00
2016-12-15T00:49:25: 非记录时间：2016-12-15T00:49:25+08:00
2016-12-15T00:49:35: 非记录时间：2016-12-15T00:49:35+08:00
2016-12-15T00:49:45: 非记录时间：2016-12-15T00:49:45+08:00
2016-12-15T00:49:55: 非记录时间：2016-12-15T00:49:55+08:00
2016-12-15T00:50:05: 非记录时间：2016-12-15T00:50:05+08:00
2016-12-15T00:50:15: 非记录时间：2016-12-15T00:50:15+08:00
2016-12-15T00:50:25: 非记录时间：2016-12-15T00:50:25+08:00
2016-12-15T00:50:35: 非记录时间：2016-12-15T00:50:35+08:00
2016-12-15T00:50:45: 非记录时间：2016-12-15T00:50:45+08:00
2016-12-15T00:50:55: 非记录时间：2016-12-15T00:50:55+08:00
2016-12-15T00:51:05: 非记录时间：2016-12-15T00:51:05+08:00
2016-12-15T00:51:15: 非记录时间：2016-12-15T00:51:15+08:00
2016-12-15T00:51:25: 非记录时间：2016-12-15T00:51:25+08:00
2016-12-15T00:51:35: 非记录时间：2016-12-15T00:51:35+08:00
2016-12-15T00:51:45: 非记录时间：2016-12-15T00:51:45+08:00
2016-12-15T00:51:55: 非记录时间：2016-12-15T00:51:55+08:00
2016-12-15T00:52:05: 非记录时间：2016-12-15T00:52:05+08:00
2016-12-15T00:52:15: 非记录时间：2016-12-15T00:52:15+08:00
2016-12-15T00:52:25: 非记录时间：2016-12-15T00:52:25+08:00
2016-12-15T00:52:35: 非记录时间：2016-12-15T00:52:35+08:00
2016-12-15T00:52:45: 非记录时间：2016-12-15T00:52:45+08:00
2016-12-15T00:52:55: 非记录时间：2016-12-15T00:52:55+08:00
2016-12-15T00:53:05: 非记录时间：2016-12-15T00:53:05+08:00
2016-12-15T00:53:15: 非记录时间：2016-12-15T00:53:15+08:00
2016-12-15T00:53:25: 非记录时间：2016-12-15T00:53:25+08:00
2016-12-15T00:53:35: 非记录时间：2016-12-15T00:53:35+08:00
2016-12-15T00:53:45: 非记录时间：2016-12-15T00:53:45+08:00
2016-12-15T00:53:55: 非记录时间：2016-12-15T00:53:55+08:00
2016-12-15T00:54:05: 非记录时间：2016-12-15T00:54:05+08:00
2016-12-15T00:54:15: 非记录时间：2016-12-15T00:54:15+08:00
2016-12-15T00:54:25: 非记录时间：2016-12-15T00:54:25+08:00
2016-12-15T00:54:35: 非记录时间：2016-12-15T00:54:35+08:00
2016-12-15T00:54:45: 非记录时间：2016-12-15T00:54:45+08:00
2016-12-15T00:54:55: 非记录时间：2016-12-15T00:54:55+08:00
2016-12-15T00:55:05: 非记录时间：2016-12-15T00:55:05+08:00
2016-12-15T00:55:15: 非记录时间：2016-12-15T00:55:15+08:00
2016-12-15T00:55:25: 非记录时间：2016-12-15T00:55:25+08:00
2016-12-15T00:55:35: 非记录时间：2016-12-15T00:55:35+08:00
2016-12-15T00:55:45: 非记录时间：2016-12-15T00:55:45+08:00
2016-12-15T00:55:55: 非记录时间：2016-12-15T00:55:55+08:00
2016-12-15T00:56:05: 非记录时间：2016-12-15T00:56:05+08:00
2016-12-15T00:56:15: 非记录时间：2016-12-15T00:56:15+08:00
2016-12-15T00:56:25: 非记录时间：2016-12-15T00:56:25+08:00
2016-12-15T00:56:35: 非记录时间：2016-12-15T00:56:35+08:00
2016-12-15T00:56:45: 非记录时间：2016-12-15T00:56:45+08:00
2016-12-15T00:56:55: 非记录时间：2016-12-15T00:56:55+08:00
2016-12-15T00:57:05: 非记录时间：2016-12-15T00:57:05+08:00
2016-12-15T00:57:15: 非记录时间：2016-12-15T00:57:15+08:00
2016-12-15T00:57:25: 非记录时间：2016-12-15T00:57:25+08:00
2016-12-15T00:57:35: 非记录时间：2016-12-15T00:57:35+08:00
2016-12-15T00:57:45: 非记录时间：2016-12-15T00:57:45+08:00
2016-12-15T00:57:55: 非记录时间：2016-12-15T00:57:55+08:00
2016-12-15T00:58:05: 非记录时间：2016-12-15T00:58:05+08:00
2016-12-15T00:58:15: 非记录时间：2016-12-15T00:58:15+08:00
2016-12-15T00:58:25: 非记录时间：2016-12-15T00:58:25+08:00
2016-12-15T00:58:35: 非记录时间：2016-12-15T00:58:35+08:00
2016-12-15T00:58:45: 非记录时间：2016-12-15T00:58:45+08:00
2016-12-15T00:58:55: 非记录时间：2016-12-15T00:58:55+08:00
2016-12-15T00:59:05: 非记录时间：2016-12-15T00:59:05+08:00
2016-12-15T00:59:15: 非记录时间：2016-12-15T00:59:15+08:00
2016-12-15T00:59:25: 非记录时间：2016-12-15T00:59:25+08:00
2016-12-15T00:59:35: 非记录时间：2016-12-15T00:59:35+08:00
2016-12-15T00:59:45: 非记录时间：2016-12-15T00:59:45+08:00
2016-12-15T00:59:55: 非记录时间：2016-12-15T00:59:55+08:00
2016-12-15T01:00:05: 非记录时间：2016-12-15T01:00:05+08:00
2016-12-15T01:00:15: 非记录时间：2016-12-15T01:00:15+08:00
2016-12-15T01:00:25: 非记录时间：2016-12-15T01:00:25+08:00
2016-12-15T01:00:35: 非记录时间：2016-12-15T01:00:35+08:00
2016-12-15T01:00:45: 非记录时间：2016-12-15T01:00:45+08:00
2016-12-15T01:00:55: 非记录时间：2016-12-15T01:00:55+08:00
2016-12-15T01:01:05: 非记录时间：2016-12-15T01:01:05+08:00
2016-12-15T01:01:15: 非记录时间：2016-12-15T01:01:15+08:00
2016-12-15T01:01:25: 非记录时间：2016-12-15T01:01:25+08:00
2016-12-15T01:01:35: 非记录时间：2016-12-15T01:01:35+08:00
2016-12-15T01:01:45: 非记录时间：2016-12-15T01:01:45+08:00
2016-12-15T01:01:55: 非记录时间：2016-12-15T01:01:55+08:00
2016-12-15T01:02:05: 非记录时间：2016-12-15T01:02:05+08:00
2016-12-15T01:02:15: 非记录时间：2016-12-15T01:02:15+08:00
2016-12-15T01:02:25: 非记录时间：2016-12-15T01:02:25+08:00
2016-12-15T01:02:35: 非记录时间：2016-12-15T01:02:35+08:00
2016-12-15T01:02:45: 非记录时间：2016-12-15T01:02:45+08:00
2016-12-15T01:02:55: 非记录时间：2016-12-15T01:02:55+08:00
2016-12-15T01:03:05: 非记录时间：2016-12-15T01:03:05+08:00
2016-12-15T01:03:15: 非记录时间：2016-12-15T01:03:15+08:00
2016-12-15T01:03:26: 非记录时间：2016-12-15T01:03:26+08:00
2016-12-15T01:03:36: 非记录时间：2016-12-15T01:03:36+08:00
2016-12-15T01:03:46: 非记录时间：2016-12-15T01:03:46+08:00
2016-12-15T01:03:56: 非记录时间：2016-12-15T01:03:56+08:00
2016-12-15T01:04:06: 非记录时间：2016-12-15T01:04:06+08:00
2016-12-15T01:04:16: 非记录时间：2016-12-15T01:04:16+08:00
2016-12-15T01:04:26: 非记录时间：2016-12-15T01:04:26+08:00
2016-12-15T01:04:36: 非记录时间：2016-12-15T01:04:36+08:00
2016-12-15T01:04:46: 非记录时间：2016-12-15T01:04:46+08:00
2016-12-15T01:04:56: 非记录时间：2016-12-15T01:04:56+08:00
2016-12-15T01:05:06: 非记录时间：2016-12-15T01:05:06+08:00
2016-12-15T01:05:16: 非记录时间：2016-12-15T01:05:16+08:00
2016-12-15T01:05:26: 非记录时间：2016-12-15T01:05:26+08:00
2016-12-15T01:05:36: 非记录时间：2016-12-15T01:05:36+08:00
2016-12-15T01:05:46: 非记录时间：2016-12-15T01:05:46+08:00
2016-12-15T01:05:56: 非记录时间：2016-12-15T01:05:56+08:00
2016-12-15T01:06:06: 非记录时间：2016-12-15T01:06:06+08:00
2016-12-15T01:06:16: 非记录时间：2016-12-15T01:06:16+08:00
2016-12-15T01:06:26: 非记录时间：2016-12-15T01:06:26+08:00
2016-12-15T01:06:36: 非记录时间：2016-12-15T01:06:36+08:00
2016-12-15T01:06:46: 非记录时间：2016-12-15T01:06:46+08:00
2016-12-15T01:06:56: 非记录时间：2016-12-15T01:06:56+08:00
2016-12-15T01:07:06: 非记录时间：2016-12-15T01:07:06+08:00
2016-12-15T01:07:16: 非记录时间：2016-12-15T01:07:16+08:00
2016-12-15T01:07:26: 非记录时间：2016-12-15T01:07:26+08:00
2016-12-15T01:07:36: 非记录时间：2016-12-15T01:07:36+08:00
2016-12-15T01:07:46: 非记录时间：2016-12-15T01:07:46+08:00
2016-12-15T01:07:56: 非记录时间：2016-12-15T01:07:56+08:00
2016-12-15T01:08:06: 非记录时间：2016-12-15T01:08:06+08:00
2016-12-15T01:08:16: 非记录时间：2016-12-15T01:08:16+08:00
2016-12-15T01:08:26: 非记录时间：2016-12-15T01:08:26+08:00
2016-12-15T01:08:36: 非记录时间：2016-12-15T01:08:36+08:00
2016-12-15T01:08:46: 非记录时间：2016-12-15T01:08:46+08:00
2016-12-15T01:08:56: 非记录时间：2016-12-15T01:08:56+08:00
2016-12-15T01:09:06: 非记录时间：2016-12-15T01:09:06+08:00
2016-12-15T01:09:16: 非记录时间：2016-12-15T01:09:16+08:00
2016-12-15T01:09:26: 非记录时间：2016-12-15T01:09:26+08:00
2016-12-15T01:09:36: 非记录时间：2016-12-15T01:09:36+08:00
2016-12-15T01:09:46: 非记录时间：2016-12-15T01:09:46+08:00
2016-12-15T01:09:56: 非记录时间：2016-12-15T01:09:56+08:00
2016-12-15T01:10:06: 非记录时间：2016-12-15T01:10:06+08:00
2016-12-15T01:10:16: 非记录时间：2016-12-15T01:10:16+08:00
2016-12-15T01:10:26: 非记录时间：2016-12-15T01:10:26+08:00
2016-12-15T01:10:36: 非记录时间：2016-12-15T01:10:36+08:00
2016-12-15T01:10:46: 非记录时间：2016-12-15T01:10:46+08:00
2016-12-15T01:10:56: 非记录时间：2016-12-15T01:10:56+08:00
2016-12-15T01:11:09: 读取文件失败，可能是该文件不存在
2016-12-15T01:11:09: Error: ENOENT: no such file or directory, open './data/2016-12-15.json'
2016-12-15T01:11:16: 读取文件成功
2016-12-15T01:11:26: 读取文件成功
2016-12-15T01:11:36: 读取文件成功
2016-12-15T01:11:46: 读取文件成功
2016-12-15T01:11:59: 读取文件成功
2016-12-15T01:12:06: 读取文件成功
2016-12-15T01:12:16: 读取文件成功
2016-12-15T01:12:26: 读取文件成功
2016-12-15T01:12:36: 读取文件成功
2016-12-15T01:12:46: 读取文件成功
2016-12-15T01:12:56: 读取文件成功
2016-12-15T01:13:07: 读取文件成功
2016-12-15T01:13:16: 读取文件成功
2016-12-15T01:13:26: 读取文件成功
2016-12-15T01:13:36: 读取文件成功
2016-12-15T01:13:46: 读取文件成功
2016-12-15T01:13:56: 读取文件成功
2016-12-15T01:14:06: 读取文件成功
2016-12-15T01:14:16: 读取文件成功
2016-12-15T01:14:26: 读取文件成功
2016-12-15T01:14:36: 读取文件成功
2016-12-15T01:14:46: 读取文件成功
2016-12-15T01:14:57: 读取文件成功
2016-12-15T01:15:06: 读取文件成功
2016-12-15T01:15:16: 读取文件成功
2016-12-15T01:15:27: 读取文件成功
2016-12-15T01:15:37: 读取文件成功
2016-12-15T01:15:46: 读取文件成功
2016-12-15T01:15:56: 读取文件成功
2016-12-15T01:16:06: 读取文件成功
2016-12-15T01:16:17: 读取文件成功
2016-12-15T01:16:26: 读取文件成功
2016-12-15T01:16:36: 读取文件成功
2016-12-15T01:16:46: 读取文件成功
2016-12-15T01:16:56: 读取文件成功
2016-12-15T01:17:06: 读取文件成功
2016-12-15T01:17:16: 读取文件成功
2016-12-15T01:17:26: 读取文件成功
2016-12-15T01:17:36: 读取文件成功
2016-12-15T01:17:46: 读取文件成功
2016-12-15T01:17:56: 读取文件成功
2016-12-15T01:18:06: 读取文件成功
2016-12-15T01:18:16: 读取文件成功
2016-12-15T01:18:26: 读取文件成功
2016-12-15T01:18:36: 读取文件成功
2016-12-15T01:18:46: 读取文件成功
2016-12-15T01:18:56: 读取文件成功
2016-12-15T01:19:06: 读取文件成功
2016-12-15T01:19:16: 读取文件成功
2016-12-15T01:19:26: 读取文件成功
2016-12-15T01:19:36: 读取文件成功
2016-12-15T01:19:46: 读取文件成功
2016-12-15T01:19:56: 读取文件成功
2016-12-15T01:20:06: 读取文件成功
2016-12-15T01:20:16: 读取文件成功
2016-12-15T01:20:27: 读取文件成功
2016-12-15T01:20:37: 读取文件成功
2016-12-15T01:20:47: 读取文件成功
2016-12-15T01:20:58: 读取文件成功
2016-12-15T01:21:06: 读取文件成功
2016-12-15T01:21:17: 读取文件成功
2016-12-15T01:21:27: 读取文件成功
2016-12-15T01:21:37: 读取文件成功
2016-12-15T01:21:47: 读取文件成功
2016-12-15T01:21:57: 读取文件成功
2016-12-15T01:22:07: 读取文件成功
2016-12-15T01:22:17: 读取文件成功
2016-12-15T01:22:27: 读取文件成功
2016-12-15T01:22:37: 读取文件成功
2016-12-15T01:22:47: 读取文件成功
2016-12-15T01:22:57: 读取文件成功
2016-12-15T01:23:07: 读取文件成功
2016-12-15T01:23:17: 读取文件成功
2016-12-15T01:23:27: 读取文件成功
2016-12-15T01:23:37: 读取文件成功
2016-12-15T01:23:47: 读取文件成功
2016-12-15T01:23:57: 读取文件成功
2016-12-15T01:24:07: 读取文件成功
2016-12-15T01:24:17: 读取文件成功
2016-12-15T01:24:27: 读取文件成功
2016-12-15T01:24:37: 读取文件成功
2016-12-15T01:24:47: 读取文件成功
2016-12-15T01:24:57: 读取文件成功
2016-12-15T01:25:07: 读取文件成功
2016-12-15T01:25:17: 读取文件成功
2016-12-15T01:25:27: 读取文件成功
2016-12-15T01:25:37: 读取文件成功
2016-12-15T01:25:47: 读取文件成功
2016-12-15T01:25:57: 读取文件成功
2016-12-15T01:26:07: 读取文件成功
2016-12-15T01:26:17: 读取文件成功
2016-12-15T01:26:27: 读取文件成功
2016-12-15T01:26:37: 读取文件成功
2016-12-15T01:26:47: 读取文件成功
2016-12-15T01:26:57: 读取文件成功
2016-12-15T01:27:07: 读取文件成功
2016-12-15T01:27:17: 读取文件成功
2016-12-15T01:27:27: 读取文件成功
2016-12-15T01:27:37: 读取文件成功
2016-12-15T01:27:47: 读取文件成功
2016-12-15T01:27:57: 读取文件成功
2016-12-15T01:28:07: 读取文件成功
2016-12-15T01:28:17: 读取文件成功
2016-12-15T01:28:27: 读取文件成功
2016-12-15T01:28:37: 读取文件成功
2016-12-15T01:28:47: 读取文件成功
2016-12-15T01:28:57: 读取文件成功
2016-12-15T01:29:07: 读取文件成功
2016-12-15T01:29:17: 读取文件成功
2016-12-15T01:29:27: 读取文件成功
2016-12-15T01:29:38: 读取文件成功
2016-12-15T01:29:47: 读取文件成功
2016-12-15T01:29:57: 读取文件成功
2016-12-15T01:30:07: 读取文件成功
2016-12-15T01:30:17: 读取文件成功
2016-12-15T01:30:27: 读取文件成功
2016-12-15T01:30:37: 读取文件成功
2016-12-15T01:30:47: 读取文件成功
2016-12-15T01:30:57: 读取文件成功
2016-12-15T01:31:07: 读取文件成功
2016-12-15T01:31:17: 读取文件成功
2016-12-15T01:31:27: 读取文件成功
2016-12-15T01:31:37: 读取文件成功
2016-12-15T01:31:47: 读取文件成功
2016-12-15T01:31:57: 读取文件成功
2016-12-15T01:32:07: 读取文件成功
2016-12-15T01:32:17: 读取文件成功
2016-12-15T01:32:27: 读取文件成功
2016-12-15T01:32:37: 读取文件成功
2016-12-15T01:32:47: 读取文件成功
2016-12-15T01:32:57: 读取文件成功
2016-12-15T01:33:08: 读取文件成功
2016-12-15T01:33:17: 读取文件成功
2016-12-15T01:33:27: 读取文件成功
2016-12-15T01:33:37: 读取文件成功
2016-12-15T01:33:47: 读取文件成功
2016-12-15T01:33:57: 读取文件成功
2016-12-15T01:34:07: 读取文件成功
2016-12-15T01:34:17: 读取文件成功
2016-12-15T01:34:27: 读取文件成功
2016-12-15T01:34:37: 读取文件成功
2016-12-15T01:34:47: 读取文件成功
2016-12-15T01:34:57: 读取文件成功
2016-12-15T01:35:07: 读取文件成功
2016-12-15T01:35:17: 读取文件成功
2016-12-15T01:35:27: 读取文件成功
2016-12-15T01:35:37: 读取文件成功
2016-12-15T01:35:47: 读取文件成功
2016-12-15T01:35:57: 读取文件成功
2016-12-15T01:36:07: 读取文件成功
2016-12-15T01:36:17: 读取文件成功
2016-12-15T01:36:27: 读取文件成功
2016-12-15T01:36:37: 读取文件成功
2016-12-15T01:36:47: 读取文件成功
2016-12-15T01:36:57: 读取文件成功
2016-12-15T01:37:07: 读取文件成功
2016-12-15T01:37:17: 读取文件成功
2016-12-15T01:37:27: 读取文件成功
2016-12-15T01:37:37: 读取文件成功
2016-12-15T01:37:47: 读取文件成功
2016-12-15T01:37:57: 读取文件成功
2016-12-15T01:38:07: 读取文件成功
2016-12-15T01:38:17: 读取文件成功
2016-12-15T01:38:27: 读取文件成功
2016-12-15T01:38:37: 读取文件成功
2016-12-15T01:38:47: 读取文件成功
2016-12-15T01:38:57: 读取文件成功
2016-12-15T01:39:07: 读取文件成功
2016-12-15T01:39:17: 读取文件成功
2016-12-15T01:39:27: 读取文件成功
2016-12-15T01:39:37: 读取文件成功
2016-12-15T01:39:47: 读取文件成功
2016-12-15T01:39:57: 读取文件成功
2016-12-15T01:40:08: 读取文件成功
2016-12-15T01:40:17: 读取文件成功
2016-12-15T01:40:27: 读取文件成功
2016-12-15T01:40:37: 读取文件成功
2016-12-15T01:40:47: 读取文件成功
2016-12-15T01:40:57: 读取文件成功
2016-12-15T01:41:07: 读取文件成功
2016-12-15T01:41:17: 读取文件成功
2016-12-15T01:41:27: 读取文件成功
2016-12-15T01:41:37: 读取文件成功
2016-12-15T01:41:47: 读取文件成功
2016-12-15T01:41:58: 读取文件成功
2016-12-15T01:42:07: 读取文件成功
2016-12-15T01:42:17: 读取文件成功
2016-12-15T01:42:27: 读取文件成功
2016-12-15T01:42:37: 读取文件成功
2016-12-15T01:42:47: 读取文件成功
2016-12-15T01:42:57: 读取文件成功
2016-12-15T01:43:08: 读取文件成功
2016-12-15T01:43:18: 读取文件成功
2016-12-15T01:43:27: 读取文件成功
2016-12-15T01:43:38: 读取文件成功
2016-12-15T01:43:47: 读取文件成功
2016-12-15T01:43:58: 读取文件成功
2016-12-15T01:44:08: 读取文件成功
2016-12-15T01:44:18: 读取文件成功
2016-12-15T01:44:28: 读取文件成功
2016-12-15T01:44:38: 读取文件成功
2016-12-15T01:44:48: 读取文件成功
2016-12-15T01:44:58: 读取文件成功
2016-12-15T01:45:08: 读取文件成功
2016-12-15T01:45:18: 读取文件成功
2016-12-15T01:45:28: 读取文件成功
2016-12-15T01:45:38: 读取文件成功
2016-12-15T01:45:48: 读取文件成功
2016-12-15T01:45:58: 读取文件成功
2016-12-15T01:46:08: 读取文件成功
2016-12-15T01:46:18: 读取文件成功
2016-12-15T01:46:28: 读取文件成功
2016-12-15T01:46:38: 读取文件成功
2016-12-15T01:46:48: 读取文件成功
2016-12-15T01:46:58: 读取文件成功
2016-12-15T01:47:08: 读取文件成功
2016-12-15T01:47:18: 读取文件成功
2016-12-15T01:47:29: 读取文件成功
2016-12-15T01:47:38: 读取文件成功
2016-12-15T01:47:48: 读取文件成功
2016-12-15T01:47:58: 读取文件成功
2016-12-15T01:48:08: 读取文件成功
2016-12-15T01:48:18: 读取文件成功
2016-12-15T01:48:28: 读取文件成功
2016-12-15T01:48:38: 读取文件成功
2016-12-15T01:48:48: 读取文件成功
2016-12-15T01:48:58: 读取文件成功
2016-12-15T01:49:08: 读取文件成功
2016-12-15T01:49:18: 读取文件成功
2016-12-15T01:49:28: 读取文件成功
2016-12-15T01:49:38: 读取文件成功
2016-12-15T01:49:48: 读取文件成功
2016-12-15T01:49:58: 读取文件成功
2016-12-15T01:50:08: 读取文件成功
2016-12-15T01:50:18: 读取文件成功
2016-12-15T01:50:28: 读取文件成功
2016-12-15T01:50:38: 读取文件成功
2016-12-15T01:50:48: 读取文件成功
2016-12-15T01:50:58: 读取文件成功
2016-12-15T01:51:08: 读取文件成功
2016-12-15T01:51:18: 读取文件成功
2016-12-15T01:51:28: 读取文件成功
2016-12-15T01:51:38: 读取文件成功
2016-12-15T01:51:48: 读取文件成功
2016-12-15T01:51:58: 读取文件成功
2016-12-15T01:52:08: 读取文件成功
2016-12-15T01:52:18: 读取文件成功
2016-12-15T01:52:28: 读取文件成功
2016-12-15T01:52:38: 读取文件成功
2016-12-15T01:52:48: 读取文件成功
2016-12-15T01:52:58: 读取文件成功
2016-12-15T01:53:08: 读取文件成功
2016-12-15T01:53:18: 读取文件成功
2016-12-15T01:53:28: 读取文件成功
2016-12-15T01:53:38: 读取文件成功
2016-12-15T01:53:48: 读取文件成功
2016-12-15T01:53:58: 读取文件成功
2016-12-15T01:54:08: 读取文件成功
2016-12-15T01:54:18: 读取文件成功
2016-12-15T01:54:28: 读取文件成功
2016-12-15T01:54:38: 读取文件成功
2016-12-15T01:54:48: 读取文件成功
2016-12-15T01:54:58: 读取文件成功
2016-12-15T01:55:08: 读取文件成功
2016-12-15T01:55:18: 读取文件成功
2016-12-15T01:55:28: 读取文件成功
2016-12-15T01:55:38: 读取文件成功
2016-12-15T01:55:48: 读取文件成功
2016-12-15T01:55:58: 读取文件成功
2016-12-15T01:56:08: 读取文件成功
2016-12-15T01:56:18: 读取文件成功
2016-12-15T01:56:28: 读取文件成功
2016-12-15T01:56:38: 读取文件成功
2016-12-15T01:56:48: 读取文件成功
2016-12-15T01:56:58: 读取文件成功
2016-12-15T01:57:08: 读取文件成功
2016-12-15T01:57:18: 读取文件成功
2016-12-15T01:57:28: 读取文件成功
2016-12-15T01:57:38: 读取文件成功
2016-12-15T01:57:48: 读取文件成功
2016-12-15T01:57:58: 读取文件成功
2016-12-15T01:58:08: 读取文件成功
2016-12-15T01:58:18: 读取文件成功
2016-12-15T01:58:28: 读取文件成功
2016-12-15T01:58:38: 读取文件成功
2016-12-15T01:58:48: 读取文件成功
2016-12-15T01:58:58: 读取文件成功
2016-12-15T01:59:08: 读取文件成功
2016-12-15T01:59:18: 读取文件成功
2016-12-15T01:59:28: 读取文件成功
2016-12-15T01:59:38: 读取文件成功
2016-12-15T01:59:48: 读取文件成功
2016-12-15T01:59:58: 读取文件成功
2016-12-15T02:00:08: 读取文件成功
2016-12-15T02:00:18: 读取文件成功
2016-12-15T02:00:28: 读取文件成功
2016-12-15T02:00:38: 读取文件成功
2016-12-15T02:00:48: 读取文件成功
2016-12-15T02:00:58: 读取文件成功
2016-12-15T02:01:08: 读取文件成功
2016-12-15T02:01:18: 读取文件成功
2016-12-15T02:01:28: 读取文件成功
2016-12-15T02:01:38: 读取文件成功
2016-12-15T02:01:48: 读取文件成功
2016-12-15T02:01:58: 读取文件成功
2016-12-15T02:02:08: 读取文件成功
2016-12-15T02:02:18: 读取文件成功
2016-12-15T02:02:28: 读取文件成功
2016-12-15T02:02:38: 读取文件成功
2016-12-15T02:02:48: 读取文件成功
2016-12-15T02:02:58: 读取文件成功
2016-12-15T02:03:08: 读取文件成功
2016-12-15T02:03:18: 读取文件成功
2016-12-15T02:03:28: 读取文件成功
2016-12-15T02:03:38: 读取文件成功
2016-12-15T02:03:48: 读取文件成功
2016-12-15T02:03:58: 读取文件成功
2016-12-15T02:04:08: 读取文件成功
2016-12-15T02:04:18: 读取文件成功
2016-12-15T02:04:28: 读取文件成功
2016-12-15T02:04:38: 读取文件成功
2016-12-15T02:04:48: 读取文件成功
2016-12-15T02:04:58: 读取文件成功
2016-12-15T02:05:08: 读取文件成功
2016-12-15T02:05:18: 读取文件成功
2016-12-15T02:05:28: 读取文件成功
2016-12-15T02:05:38: 读取文件成功
2016-12-15T02:05:48: 读取文件成功
2016-12-15T02:05:58: 读取文件成功
2016-12-15T02:06:08: 读取文件成功
2016-12-15T02:06:18: 读取文件成功
2016-12-15T02:06:29: 读取文件成功
2016-12-15T02:06:39: 读取文件成功
2016-12-15T02:06:49: 读取文件成功
2016-12-15T02:06:59: 读取文件成功
2016-12-15T02:07:09: 读取文件成功
2016-12-15T02:07:19: 读取文件成功
2016-12-15T02:07:29: 读取文件成功
2016-12-15T02:07:39: 读取文件成功
2016-12-15T02:07:49: 读取文件成功
2016-12-15T02:07:59: 读取文件成功
2016-12-15T02:08:09: 读取文件成功
2016-12-15T02:08:19: 读取文件成功
2016-12-15T02:08:29: 读取文件成功
2016-12-15T02:08:39: 读取文件成功
2016-12-15T02:08:49: 读取文件成功
2016-12-15T02:08:59: 读取文件成功
2016-12-15T02:09:09: 读取文件成功
2016-12-15T02:09:19: 读取文件成功
2016-12-15T02:09:29: 读取文件成功
2016-12-15T02:09:39: 读取文件成功
2016-12-15T02:09:49: 读取文件成功
2016-12-15T02:09:59: 读取文件成功
2016-12-15T02:10:09: 读取文件成功
2016-12-15T02:10:19: 读取文件成功
2016-12-15T02:10:29: 读取文件成功
2016-12-15T02:10:39: 读取文件成功
2016-12-15T02:10:49: 读取文件成功
2016-12-15T02:10:59: 读取文件成功
2016-12-15T02:11:09: 读取文件成功
2016-12-15T02:11:19: 读取文件成功
2016-12-15T02:11:29: 读取文件成功
2016-12-15T02:11:39: 读取文件成功
2016-12-15T02:11:49: 读取文件成功
2016-12-15T02:11:59: 读取文件成功
2016-12-15T02:12:09: 读取文件成功
2016-12-15T02:12:19: 读取文件成功
2016-12-15T02:12:29: 读取文件成功
2016-12-15T02:12:39: 读取文件成功
2016-12-15T02:12:49: 读取文件成功
2016-12-15T02:12:59: 读取文件成功
2016-12-15T02:13:09: 读取文件成功
2016-12-15T02:13:19: 读取文件成功
2016-12-15T02:13:29: 读取文件成功
2016-12-15T02:13:39: 读取文件成功
2016-12-15T02:13:49: 读取文件成功
2016-12-15T02:13:59: 读取文件成功
2016-12-15T02:14:09: 读取文件成功
2016-12-15T02:14:19: 读取文件成功
2016-12-15T02:14:29: 读取文件成功
2016-12-15T02:14:39: 读取文件成功
2016-12-15T02:14:49: 读取文件成功
2016-12-15T02:14:59: 读取文件成功
2016-12-15T02:15:09: 读取文件成功
2016-12-15T02:15:19: 读取文件成功
2016-12-15T02:15:29: 读取文件成功
2016-12-15T02:15:39: 读取文件成功
2016-12-15T02:15:49: 读取文件成功
2016-12-15T02:15:59: 读取文件成功
2016-12-15T02:16:09: 读取文件成功
2016-12-15T02:16:19: 读取文件成功
2016-12-15T02:16:29: 读取文件成功
2016-12-15T02:16:39: 读取文件成功
2016-12-15T02:16:49: 读取文件成功
2016-12-15T02:16:59: 读取文件成功
2016-12-15T02:17:09: 读取文件成功
2016-12-15T02:17:19: 读取文件成功
2016-12-15T02:17:29: 读取文件成功
2016-12-15T02:17:39: 读取文件成功
2016-12-15T02:17:49: 读取文件成功
2016-12-15T02:17:59: 读取文件成功
2016-12-15T02:18:09: 读取文件成功
2016-12-15T02:18:19: 读取文件成功
2016-12-15T02:18:29: 读取文件成功
2016-12-15T02:18:39: 读取文件成功
2016-12-15T02:18:49: 读取文件成功
2016-12-15T02:18:59: 读取文件成功
2016-12-15T02:19:09: 读取文件成功
2016-12-15T02:19:19: 读取文件成功
2016-12-15T02:19:29: 读取文件成功
2016-12-15T02:19:39: 读取文件成功
2016-12-15T02:19:49: 读取文件成功
2016-12-15T02:19:59: 读取文件成功
2016-12-15T02:20:09: 读取文件成功
2016-12-15T02:20:19: 读取文件成功
2016-12-15T02:20:29: 读取文件成功
2016-12-15T02:20:39: 读取文件成功
2016-12-15T02:20:49: 读取文件成功
2016-12-15T02:20:59: 读取文件成功
2016-12-15T02:21:09: 读取文件成功
2016-12-15T02:21:19: 读取文件成功
2016-12-15T02:21:29: 读取文件成功
2016-12-15T02:21:39: 读取文件成功
2016-12-15T02:21:49: 读取文件成功
2016-12-15T02:21:59: 读取文件成功
2016-12-15T02:22:09: 读取文件成功
2016-12-15T02:22:19: 读取文件成功
2016-12-15T02:22:29: 读取文件成功
2016-12-15T02:22:39: 读取文件成功
2016-12-15T02:22:49: 读取文件成功
2016-12-15T02:22:59: 读取文件成功
2016-12-15T02:23:09: 读取文件成功
2016-12-15T02:23:19: 读取文件成功
2016-12-15T02:23:29: 读取文件成功
2016-12-15T02:23:39: 读取文件成功
2016-12-15T02:23:49: 读取文件成功
2016-12-15T02:23:59: 读取文件成功
2016-12-15T02:24:09: 读取文件成功
2016-12-15T02:24:19: 读取文件成功
2016-12-15T02:24:29: 读取文件成功
2016-12-15T02:24:39: 读取文件成功
2016-12-15T02:24:49: 读取文件成功
2016-12-15T02:24:59: 读取文件成功
2016-12-15T02:25:09: 读取文件成功
2016-12-15T02:25:19: 读取文件成功
2016-12-15T02:25:29: 读取文件成功
2016-12-15T02:25:39: 读取文件成功
2016-12-15T02:25:49: 读取文件成功
2016-12-15T02:25:59: 读取文件成功
2016-12-15T02:26:09: 读取文件成功
2016-12-15T02:26:19: 读取文件成功
2016-12-15T02:26:29: 读取文件成功
2016-12-15T02:26:39: 读取文件成功
2016-12-15T02:26:49: 读取文件成功
2016-12-15T02:26:59: 读取文件成功
2016-12-15T02:27:09: 读取文件成功
2016-12-15T02:27:19: 读取文件成功
2016-12-15T02:27:29: 读取文件成功
2016-12-15T02:27:39: 读取文件成功
2016-12-15T02:27:49: 读取文件成功
2016-12-15T02:27:59: 读取文件成功
2016-12-15T02:28:10: 读取文件成功
2016-12-15T02:28:19: 读取文件成功
2016-12-15T02:28:29: 读取文件成功
2016-12-15T02:28:39: 读取文件成功
2016-12-15T02:28:49: 读取文件成功
2016-12-15T02:28:59: 读取文件成功
2016-12-15T02:29:09: 读取文件成功
2016-12-15T02:29:20: 读取文件成功
2016-12-15T02:29:29: 读取文件成功
2016-12-15T02:29:40: 读取文件成功
2016-12-15T02:29:50: 读取文件成功
2016-12-15T02:30:00: 读取文件成功
2016-12-15T02:30:10: 读取文件成功
2016-12-15T02:30:20: 读取文件成功
2016-12-15T02:30:30: 读取文件成功
2016-12-15T02:30:40: 读取文件成功
2016-12-15T02:30:50: 读取文件成功
2016-12-15T02:31:00: 读取文件成功
2016-12-15T02:31:10: 读取文件成功
2016-12-15T02:31:20: 读取文件成功
2016-12-15T02:31:30: 读取文件成功
2016-12-15T02:31:40: 读取文件成功
2016-12-15T02:31:50: 读取文件成功
2016-12-15T02:32:00: 读取文件成功
2016-12-15T02:32:10: 读取文件成功
2016-12-15T02:32:20: 读取文件成功
2016-12-15T02:32:30: 读取文件成功
2016-12-15T02:32:40: 读取文件成功
2016-12-15T02:32:50: 读取文件成功
2016-12-15T02:33:00: 读取文件成功
2016-12-15T02:33:10: 读取文件成功
2016-12-15T02:33:20: 读取文件成功
2016-12-15T02:33:30: 读取文件成功
2016-12-15T02:33:40: 读取文件成功
2016-12-15T02:33:50: 读取文件成功
2016-12-15T02:34:00: 读取文件成功
2016-12-15T02:34:10: 读取文件成功
2016-12-15T02:34:20: 读取文件成功
2016-12-15T02:34:30: 读取文件成功
2016-12-15T02:34:40: 读取文件成功
2016-12-15T02:34:50: 读取文件成功
2016-12-15T02:35:00: 读取文件成功
2016-12-15T02:35:10: 读取文件成功
2016-12-15T02:35:20: 读取文件成功
2016-12-15T02:35:30: 读取文件成功
2016-12-15T02:35:40: 读取文件成功
2016-12-15T02:35:50: 读取文件成功
2016-12-15T02:36:00: 读取文件成功
2016-12-15T02:36:10: 读取文件成功
2016-12-15T02:36:20: 读取文件成功
2016-12-15T02:36:30: 读取文件成功
2016-12-15T02:36:40: 读取文件成功
2016-12-15T02:36:50: 读取文件成功
2016-12-15T02:37:00: 读取文件成功
2016-12-15T02:37:10: 读取文件成功
2016-12-15T02:37:20: 读取文件成功
2016-12-15T02:37:30: 读取文件成功
2016-12-15T02:37:40: 读取文件成功
2016-12-15T02:37:50: 读取文件成功
2016-12-15T02:38:00: 读取文件成功
2016-12-15T02:38:10: 读取文件成功
2016-12-15T02:38:20: 读取文件成功
2016-12-15T02:38:30: 读取文件成功
2016-12-15T02:38:40: 读取文件成功
2016-12-15T02:38:50: 读取文件成功
2016-12-15T02:39:00: 读取文件成功
2016-12-15T02:39:10: 读取文件成功
2016-12-15T02:39:20: 读取文件成功
2016-12-15T02:39:30: 读取文件成功
2016-12-15T02:39:40: 读取文件成功
2016-12-15T02:39:50: 读取文件成功
2016-12-15T02:40:00: 读取文件成功
2016-12-15T02:40:10: 读取文件成功
2016-12-15T02:40:20: 读取文件成功
2016-12-15T02:40:30: 读取文件成功
2016-12-15T02:40:40: 读取文件成功
2016-12-15T02:40:50: 读取文件成功
2016-12-15T02:41:00: 读取文件成功
2016-12-15T02:41:10: 读取文件成功
2016-12-15T02:41:20: 读取文件成功
2016-12-15T02:41:30: 读取文件成功
2016-12-15T02:41:40: 读取文件成功
2016-12-15T02:41:50: 读取文件成功
2016-12-15T02:42:00: 读取文件成功
2016-12-15T02:42:10: 读取文件成功
2016-12-15T02:42:20: 读取文件成功
2016-12-15T02:42:30: 读取文件成功
2016-12-15T02:42:40: 读取文件成功
2016-12-15T02:42:50: 读取文件成功
2016-12-15T02:43:00: 读取文件成功
2016-12-15T02:43:10: 读取文件成功
2016-12-15T02:43:20: 读取文件成功
2016-12-15T02:43:30: 读取文件成功
2016-12-15T02:43:40: 读取文件成功
2016-12-15T02:43:50: 读取文件成功
2016-12-15T02:44:00: 读取文件成功
2016-12-15T02:44:10: 读取文件成功
2016-12-15T02:44:20: 读取文件成功
2016-12-15T02:44:30: 读取文件成功
2016-12-15T02:44:40: 读取文件成功
2016-12-15T02:44:50: 读取文件成功
2016-12-15T02:45:00: 读取文件成功
2016-12-15T02:45:10: 读取文件成功
2016-12-15T02:45:20: 读取文件成功
2016-12-15T02:45:30: 读取文件成功
2016-12-15T02:45:40: 读取文件成功
2016-12-15T02:45:50: 读取文件成功
2016-12-15T02:46:00: 读取文件成功
2016-12-15T02:46:10: 读取文件成功
2016-12-15T02:46:20: 读取文件成功
2016-12-15T02:46:30: 读取文件成功
2016-12-15T02:46:40: 读取文件成功
2016-12-15T02:46:50: 读取文件成功
2016-12-15T02:47:00: 读取文件成功
2016-12-15T02:47:10: 读取文件成功
2016-12-15T02:47:20: 读取文件成功
2016-12-15T02:47:30: 读取文件成功
2016-12-15T02:47:40: 读取文件成功
2016-12-15T02:47:50: 读取文件成功
2016-12-15T02:48:00: 读取文件成功
2016-12-15T02:48:10: 读取文件成功
2016-12-15T02:48:20: 读取文件成功
2016-12-15T02:48:30: 读取文件成功
2016-12-15T02:48:41: 读取文件成功
2016-12-15T02:48:50: 读取文件成功
2016-12-15T02:49:00: 读取文件成功
2016-12-15T02:49:10: 读取文件成功
2016-12-15T02:49:20: 读取文件成功
2016-12-15T02:49:30: 读取文件成功
2016-12-15T02:49:40: 读取文件成功
2016-12-15T02:49:50: 读取文件成功
2016-12-15T02:50:00: 读取文件成功
2016-12-15T02:50:10: 读取文件成功
2016-12-15T02:50:20: 读取文件成功
2016-12-15T02:50:30: 读取文件成功
2016-12-15T02:50:40: 读取文件成功
2016-12-15T02:50:50: 读取文件成功
2016-12-15T02:51:00: 读取文件成功
2016-12-15T02:51:10: 读取文件成功
2016-12-15T02:51:20: 读取文件成功
2016-12-15T02:51:30: 读取文件成功
2016-12-15T02:51:40: 读取文件成功
2016-12-15T02:51:51: 读取文件成功
2016-12-15T02:52:00: 读取文件成功
2016-12-15T02:52:10: 读取文件成功
2016-12-15T02:52:21: 读取文件成功
2016-12-15T02:52:30: 读取文件成功
2016-12-15T02:52:40: 读取文件成功
2016-12-15T02:52:51: 读取文件成功
2016-12-15T02:53:00: 读取文件成功
2016-12-15T02:53:10: 读取文件成功
2016-12-15T02:53:21: 读取文件成功
2016-12-15T02:53:31: 读取文件成功
2016-12-15T02:53:41: 读取文件成功
2016-12-15T02:53:51: 读取文件成功
2016-12-15T02:54:01: 读取文件成功
2016-12-15T02:54:11: 读取文件成功
2016-12-15T02:54:21: 读取文件成功
2016-12-15T02:54:31: 读取文件成功
2016-12-15T02:54:41: 读取文件成功
2016-12-15T02:54:51: 读取文件成功
2016-12-15T02:55:01: 读取文件成功
2016-12-15T02:55:11: 读取文件成功
2016-12-15T02:55:21: 读取文件成功
2016-12-15T02:55:31: 读取文件成功
2016-12-15T02:55:41: 读取文件成功
2016-12-15T02:55:51: 读取文件成功
2016-12-15T02:56:01: 读取文件成功
2016-12-15T02:56:11: 读取文件成功
2016-12-15T02:56:21: 读取文件成功
2016-12-15T02:56:31: 读取文件成功
2016-12-15T02:56:41: 读取文件成功
2016-12-15T02:56:51: 读取文件成功
2016-12-15T02:57:01: 读取文件成功
2016-12-15T02:57:11: 读取文件成功
2016-12-15T02:57:21: 读取文件成功
2016-12-15T02:57:31: 读取文件成功
2016-12-15T02:57:41: 读取文件成功
2016-12-15T02:57:51: 读取文件成功
2016-12-15T02:58:01: 读取文件成功
2016-12-15T02:58:11: 读取文件成功
2016-12-15T02:58:21: 读取文件成功
2016-12-15T02:58:31: 读取文件成功
2016-12-15T02:58:41: 读取文件成功
2016-12-15T02:58:51: 读取文件成功
2016-12-15T02:59:01: 读取文件成功
2016-12-15T02:59:11: 读取文件成功
2016-12-15T02:59:21: 读取文件成功
2016-12-15T02:59:31: 读取文件成功
2016-12-15T02:59:41: 读取文件成功
2016-12-15T02:59:51: 读取文件成功
2016-12-15T03:00:01: 读取文件成功
2016-12-15T03:00:11: 读取文件成功
2016-12-15T03:00:21: 读取文件成功
2016-12-15T03:00:31: 读取文件成功
2016-12-15T03:00:41: 读取文件成功
2016-12-15T03:00:51: 读取文件成功
2016-12-15T03:01:01: 读取文件成功
2016-12-15T03:01:11: 读取文件成功
2016-12-15T03:01:21: 读取文件成功
2016-12-15T03:01:31: 读取文件成功
2016-12-15T03:01:41: 读取文件成功
2016-12-15T03:01:51: 读取文件成功
2016-12-15T03:02:01: 读取文件成功
2016-12-15T03:02:11: 读取文件成功
2016-12-15T03:02:21: 读取文件成功
2016-12-15T03:02:31: 读取文件成功
2016-12-15T03:02:41: 读取文件成功
2016-12-15T03:02:51: 读取文件成功
2016-12-15T03:03:01: 读取文件成功
2016-12-15T03:03:11: 读取文件成功
2016-12-15T03:03:21: 读取文件成功
2016-12-15T03:03:31: 读取文件成功
2016-12-15T03:03:41: 读取文件成功
2016-12-15T03:03:51: 读取文件成功
2016-12-15T03:04:01: 读取文件成功
2016-12-15T03:04:11: 读取文件成功
2016-12-15T03:04:21: 读取文件成功
2016-12-15T03:04:31: 读取文件成功
2016-12-15T03:04:41: 读取文件成功
2016-12-15T03:04:51: 读取文件成功
2016-12-15T03:05:01: 读取文件成功
2016-12-15T03:05:11: 读取文件成功
2016-12-15T03:05:21: 读取文件成功
2016-12-15T03:05:31: 读取文件成功
2016-12-15T03:05:41: 读取文件成功
2016-12-15T03:05:51: 读取文件成功
2016-12-15T03:06:01: 读取文件成功
2016-12-15T03:06:11: 读取文件成功
2016-12-15T03:06:21: 读取文件成功
2016-12-15T03:06:31: 读取文件成功
2016-12-15T03:06:41: 读取文件成功
2016-12-15T03:06:51: 读取文件成功
2016-12-15T03:07:01: 读取文件成功
2016-12-15T03:07:11: 读取文件成功
2016-12-15T03:07:21: 读取文件成功
2016-12-15T03:07:31: 读取文件成功
2016-12-15T03:07:41: 读取文件成功
2016-12-15T03:07:51: 读取文件成功
2016-12-15T03:08:01: 读取文件成功
2016-12-15T03:08:11: 读取文件成功
2016-12-15T03:08:21: 读取文件成功
2016-12-15T03:08:31: 读取文件成功
2016-12-15T03:08:41: 读取文件成功
2016-12-15T03:08:51: 读取文件成功
2016-12-15T03:09:01: 读取文件成功
2016-12-15T03:09:11: 读取文件成功
2016-12-15T03:09:21: 读取文件成功
2016-12-15T03:09:31: 读取文件成功
2016-12-15T03:09:41: 读取文件成功
2016-12-15T03:09:51: 读取文件成功
2016-12-15T03:10:01: 读取文件成功
2016-12-15T03:10:11: 读取文件成功
2016-12-15T03:10:21: 读取文件成功
2016-12-15T03:10:31: 读取文件成功
2016-12-15T03:10:41: 读取文件成功
2016-12-15T03:10:51: 读取文件成功
2016-12-15T03:11:01: 读取文件成功
2016-12-15T03:11:11: 读取文件成功
2016-12-15T03:11:21: 读取文件成功
2016-12-15T03:11:31: 读取文件成功
2016-12-15T03:11:41: 读取文件成功
2016-12-15T03:11:51: 读取文件成功
2016-12-15T03:12:01: 读取文件成功
2016-12-15T03:12:11: 读取文件成功
2016-12-15T03:12:21: 读取文件成功
2016-12-15T03:12:31: 读取文件成功
2016-12-15T03:12:41: 读取文件成功
2016-12-15T03:12:51: 读取文件成功
2016-12-15T03:13:01: 读取文件成功
2016-12-15T03:13:11: 读取文件成功
2016-12-15T03:13:21: 读取文件成功
2016-12-15T03:13:31: 读取文件成功
2016-12-15T03:13:41: 读取文件成功
2016-12-15T03:13:51: 读取文件成功
2016-12-15T03:14:01: 读取文件成功
2016-12-15T03:14:12: 读取文件成功
2016-12-15T03:14:22: 读取文件成功
2016-12-15T03:14:32: 读取文件成功
2016-12-15T03:14:42: 读取文件成功
2016-12-15T03:14:51: 读取文件成功
2016-12-15T03:15:02: 读取文件成功
2016-12-15T03:15:12: 读取文件成功
2016-12-15T03:15:22: 读取文件成功
2016-12-15T03:15:32: 读取文件成功
2016-12-15T03:15:42: 读取文件成功
2016-12-15T03:15:52: 读取文件成功
2016-12-15T03:16:02: 读取文件成功
2016-12-15T03:16:12: 读取文件成功
2016-12-15T03:16:22: 读取文件成功
2016-12-15T03:16:32: 读取文件成功
2016-12-15T03:16:42: 读取文件成功
2016-12-15T03:16:52: 读取文件成功
2016-12-15T03:17:02: 读取文件成功
2016-12-15T03:17:12: 读取文件成功
2016-12-15T03:17:22: 读取文件成功
2016-12-15T03:17:32: 读取文件成功
2016-12-15T03:17:42: 读取文件成功
2016-12-15T03:17:52: 读取文件成功
2016-12-15T03:18:02: 读取文件成功
2016-12-15T03:18:12: 读取文件成功
2016-12-15T03:18:22: 读取文件成功
2016-12-15T03:18:32: 读取文件成功
2016-12-15T03:18:42: 读取文件成功
2016-12-15T03:18:52: 读取文件成功
2016-12-15T03:19:02: 读取文件成功
2016-12-15T03:19:12: 读取文件成功
2016-12-15T03:19:22: 读取文件成功
2016-12-15T03:19:32: 读取文件成功
2016-12-15T03:19:42: 读取文件成功
2016-12-15T03:19:52: 读取文件成功
2016-12-15T03:20:02: 读取文件成功
2016-12-15T03:20:12: 读取文件成功
2016-12-15T03:20:22: 读取文件成功
2016-12-15T03:20:32: 读取文件成功
2016-12-15T03:20:42: 读取文件成功
2016-12-15T03:20:52: 读取文件成功
2016-12-15T03:21:02: 读取文件成功
2016-12-15T03:21:12: 读取文件成功
2016-12-15T03:21:22: 读取文件成功
2016-12-15T03:21:32: 读取文件成功
2016-12-15T03:21:42: 读取文件成功
2016-12-15T03:21:52: 读取文件成功
2016-12-15T03:22:02: 读取文件成功
2016-12-15T03:22:12: 读取文件成功
2016-12-15T03:22:22: 读取文件成功
2016-12-15T03:22:32: 读取文件成功
2016-12-15T03:22:42: 读取文件成功
2016-12-15T03:22:52: 读取文件成功
2016-12-15T03:23:02: 读取文件成功
2016-12-15T03:23:12: 读取文件成功
2016-12-15T03:23:22: 读取文件成功
2016-12-15T03:23:32: 读取文件成功
2016-12-15T03:23:42: 读取文件成功
2016-12-15T03:23:52: 读取文件成功
2016-12-15T03:24:02: 读取文件成功
2016-12-15T03:24:12: 读取文件成功
2016-12-15T03:24:22: 读取文件成功
2016-12-15T03:24:32: 读取文件成功
2016-12-15T03:24:42: 读取文件成功
2016-12-15T03:24:52: 读取文件成功
2016-12-15T03:25:02: 读取文件成功
2016-12-15T03:25:12: 读取文件成功
2016-12-15T03:25:22: 读取文件成功
2016-12-15T03:25:32: 读取文件成功
2016-12-15T03:25:42: 读取文件成功
2016-12-15T03:25:52: 读取文件成功
2016-12-15T03:26:02: 读取文件成功
2016-12-15T03:26:12: 读取文件成功
2016-12-15T03:26:22: 读取文件成功
2016-12-15T03:26:32: 读取文件成功
2016-12-15T03:26:42: 读取文件成功
2016-12-15T03:26:52: 读取文件成功
2016-12-15T03:27:02: 读取文件成功
2016-12-15T03:27:12: 读取文件成功
2016-12-15T03:27:22: 读取文件成功
2016-12-15T03:27:32: 读取文件成功
2016-12-15T03:27:42: 读取文件成功
2016-12-15T03:27:52: 读取文件成功
2016-12-15T03:28:02: 读取文件成功
2016-12-15T03:28:12: 读取文件成功
2016-12-15T03:28:22: 读取文件成功
2016-12-15T03:28:32: 读取文件成功
2016-12-15T03:28:42: 读取文件成功
2016-12-15T03:28:52: 读取文件成功
2016-12-15T03:29:02: 读取文件成功
2016-12-15T03:29:12: 读取文件成功
2016-12-15T03:29:22: 读取文件成功
2016-12-15T03:29:32: 读取文件成功
2016-12-15T03:29:42: 读取文件成功
2016-12-15T03:29:52: 读取文件成功
2016-12-15T03:30:02: 读取文件成功
2016-12-15T03:30:12: 读取文件成功
2016-12-15T03:30:22: 读取文件成功
2016-12-15T03:30:32: 读取文件成功
2016-12-15T03:30:42: 读取文件成功
2016-12-15T03:30:52: 读取文件成功
2016-12-15T03:31:02: 读取文件成功
2016-12-15T03:31:12: 读取文件成功
2016-12-15T03:31:22: 读取文件成功
2016-12-15T03:31:32: 读取文件成功
2016-12-15T03:31:42: 读取文件成功
2016-12-15T03:31:52: 读取文件成功
2016-12-15T03:32:02: 读取文件成功
2016-12-15T03:32:12: 读取文件成功
2016-12-15T03:32:22: 读取文件成功
2016-12-15T03:32:32: 读取文件成功
2016-12-15T03:32:42: 读取文件成功
2016-12-15T03:32:52: 读取文件成功
2016-12-15T03:33:02: 读取文件成功
2016-12-15T03:33:12: 读取文件成功
2016-12-15T03:33:22: 读取文件成功
2016-12-15T03:33:32: 读取文件成功
2016-12-15T03:33:42: 读取文件成功
2016-12-15T03:33:52: 读取文件成功
2016-12-15T03:34:02: 读取文件成功
2016-12-15T03:34:12: 读取文件成功
2016-12-15T03:34:22: 读取文件成功
2016-12-15T03:34:32: 读取文件成功
2016-12-15T03:34:42: 读取文件成功
2016-12-15T03:34:53: 读取文件成功
2016-12-15T03:35:02: 读取文件成功
2016-12-15T03:35:12: 读取文件成功
2016-12-15T03:35:22: 读取文件成功
2016-12-15T03:35:32: 读取文件成功
2016-12-15T03:35:42: 读取文件成功
2016-12-15T03:35:52: 读取文件成功
2016-12-15T03:36:02: 读取文件成功
2016-12-15T03:36:12: 读取文件成功
2016-12-15T03:36:22: 读取文件成功
2016-12-15T03:36:32: 读取文件成功
2016-12-15T03:36:42: 读取文件成功
2016-12-15T03:36:53: 读取文件成功
2016-12-15T03:37:03: 读取文件成功
2016-12-15T03:37:13: 读取文件成功
2016-12-15T03:37:23: 读取文件成功
2016-12-15T03:37:33: 读取文件成功
2016-12-15T03:37:43: 读取文件成功
2016-12-15T03:37:53: 读取文件成功
2016-12-15T03:38:03: 读取文件成功
2016-12-15T03:38:13: 读取文件成功
2016-12-15T03:38:23: 读取文件成功
2016-12-15T03:38:33: 读取文件成功
2016-12-15T03:38:43: 读取文件成功
2016-12-15T03:38:53: 读取文件成功
2016-12-15T03:39:03: 读取文件成功
2016-12-15T03:39:13: 读取文件成功
2016-12-15T03:39:23: 读取文件成功
2016-12-15T03:39:33: 读取文件成功
2016-12-15T03:39:43: 读取文件成功
2016-12-15T03:39:53: 读取文件成功
2016-12-15T03:40:03: 读取文件成功
2016-12-15T03:40:13: 读取文件成功
2016-12-15T03:40:23: 读取文件成功
2016-12-15T03:40:33: 读取文件成功
2016-12-15T03:40:43: 读取文件成功
2016-12-15T03:40:53: 读取文件成功
2016-12-15T03:41:03: 读取文件成功
2016-12-15T03:41:13: 读取文件成功
2016-12-15T03:41:23: 读取文件成功
2016-12-15T03:41:33: 读取文件成功
2016-12-15T03:41:43: 读取文件成功
2016-12-15T03:41:53: 读取文件成功
2016-12-15T03:42:03: 读取文件成功
2016-12-15T03:42:13: 读取文件成功
2016-12-15T03:42:23: 读取文件成功
2016-12-15T03:42:33: 读取文件成功
2016-12-15T03:42:43: 读取文件成功
2016-12-15T03:42:53: 读取文件成功
2016-12-15T03:43:03: 读取文件成功
2016-12-15T03:43:13: 读取文件成功
2016-12-15T03:43:23: 读取文件成功
2016-12-15T03:43:33: 读取文件成功
2016-12-15T03:43:43: 读取文件成功
2016-12-15T03:43:53: 读取文件成功
2016-12-15T03:44:03: 读取文件成功
2016-12-15T03:44:13: 读取文件成功
2016-12-15T03:44:23: 读取文件成功
2016-12-15T03:44:33: 读取文件成功
2016-12-15T03:44:43: 读取文件成功
2016-12-15T03:44:53: 读取文件成功
2016-12-15T03:45:03: 读取文件成功
2016-12-15T03:45:13: 读取文件成功
2016-12-15T03:45:23: 读取文件成功
2016-12-15T03:45:33: 读取文件成功
2016-12-15T03:45:43: 读取文件成功
2016-12-15T03:45:53: 读取文件成功
2016-12-15T03:46:03: 读取文件成功
2016-12-15T03:46:13: 读取文件成功
2016-12-15T03:46:23: 读取文件成功
2016-12-15T03:46:33: 读取文件成功
2016-12-15T03:46:43: 读取文件成功
2016-12-15T03:46:53: 读取文件成功
2016-12-15T03:47:03: 读取文件成功
2016-12-15T03:47:13: 读取文件成功
2016-12-15T03:47:23: 读取文件成功
2016-12-15T03:47:33: 读取文件成功
2016-12-15T03:47:43: 读取文件成功
2016-12-15T03:47:53: 读取文件成功
2016-12-15T03:48:03: 读取文件成功
2016-12-15T03:48:13: 读取文件成功
2016-12-15T03:48:23: 读取文件成功
2016-12-15T03:48:33: 读取文件成功
2016-12-15T03:48:43: 读取文件成功
2016-12-15T03:48:53: 读取文件成功
2016-12-15T03:49:03: 读取文件成功
2016-12-15T03:49:13: 读取文件成功
2016-12-15T03:49:23: 读取文件成功
2016-12-15T03:49:33: 读取文件成功
2016-12-15T03:49:43: 读取文件成功
2016-12-15T03:49:53: 读取文件成功
2016-12-15T03:50:03: 读取文件成功
2016-12-15T03:50:13: 读取文件成功
2016-12-15T03:50:23: 读取文件成功
2016-12-15T03:50:33: 读取文件成功
2016-12-15T03:50:43: 读取文件成功
2016-12-15T03:50:53: 读取文件成功
2016-12-15T03:51:03: 读取文件成功
2016-12-15T03:51:13: 读取文件成功
2016-12-15T03:51:23: 读取文件成功
2016-12-15T03:51:33: 读取文件成功
2016-12-15T03:51:43: 读取文件成功
2016-12-15T03:51:53: 读取文件成功
2016-12-15T03:52:03: 读取文件成功
2016-12-15T03:52:13: 读取文件成功
2016-12-15T03:52:23: 读取文件成功
2016-12-15T03:52:33: 读取文件成功
2016-12-15T03:52:43: 读取文件成功
2016-12-15T03:52:53: 读取文件成功
2016-12-15T03:53:03: 读取文件成功
2016-12-15T03:53:13: 读取文件成功
2016-12-15T03:53:23: 读取文件成功
2016-12-15T03:53:33: 读取文件成功
2016-12-15T03:53:43: 读取文件成功
2016-12-15T03:53:53: 读取文件成功
2016-12-15T03:54:03: 读取文件成功
2016-12-15T03:54:13: 读取文件成功
2016-12-15T03:54:23: 读取文件成功
2016-12-15T03:54:33: 读取文件成功
2016-12-15T03:54:43: 读取文件成功
2016-12-15T03:54:53: 读取文件成功
2016-12-15T03:55:03: 读取文件成功
2016-12-15T03:55:13: 读取文件成功
2016-12-15T03:55:24: 读取文件成功
2016-12-15T03:55:33: 读取文件成功
2016-12-15T03:55:43: 读取文件成功
2016-12-15T03:55:53: 读取文件成功
2016-12-15T03:56:03: 读取文件成功
2016-12-15T03:56:13: 读取文件成功
2016-12-15T03:56:23: 读取文件成功
2016-12-15T03:56:33: 读取文件成功
2016-12-15T03:56:44: 读取文件成功
2016-12-15T03:56:54: 读取文件成功
2016-12-15T03:57:04: 读取文件成功
2016-12-15T03:57:14: 读取文件成功
2016-12-15T03:57:24: 读取文件成功
2016-12-15T03:57:34: 读取文件成功
2016-12-15T03:57:44: 读取文件成功
2016-12-15T03:57:54: 读取文件成功
2016-12-15T03:58:04: 读取文件成功
2016-12-15T03:58:14: 读取文件成功
2016-12-15T03:58:24: 读取文件成功
2016-12-15T03:58:34: 读取文件成功
2016-12-15T03:58:44: 读取文件成功
2016-12-15T03:58:54: 读取文件成功
2016-12-15T03:59:04: 读取文件成功
2016-12-15T03:59:14: 读取文件成功
2016-12-15T03:59:24: 读取文件成功
2016-12-15T03:59:34: 读取文件成功
2016-12-15T03:59:44: 读取文件成功
2016-12-15T03:59:54: 读取文件成功
2016-12-15T04:00:04: 读取文件成功
2016-12-15T04:00:14: 读取文件成功
2016-12-15T04:00:24: 读取文件成功
2016-12-15T04:00:34: 读取文件成功
2016-12-15T04:00:44: 读取文件成功
2016-12-15T04:00:54: 读取文件成功
2016-12-15T04:01:04: 读取文件成功
2016-12-15T04:01:14: 读取文件成功
2016-12-15T04:01:24: 读取文件成功
2016-12-15T04:01:34: 读取文件成功
2016-12-15T04:01:44: 读取文件成功
2016-12-15T04:01:54: 读取文件成功
2016-12-15T04:02:04: 读取文件成功
2016-12-15T04:02:14: 读取文件成功
2016-12-15T04:02:24: 读取文件成功
2016-12-15T04:02:34: 读取文件成功
2016-12-15T04:02:44: 读取文件成功
2016-12-15T04:02:54: 读取文件成功
2016-12-15T04:03:04: 读取文件成功
2016-12-15T04:03:14: 读取文件成功
2016-12-15T04:03:24: 读取文件成功
2016-12-15T04:03:34: 读取文件成功
2016-12-15T04:03:44: 读取文件成功
2016-12-15T04:03:54: 读取文件成功
2016-12-15T04:04:04: 读取文件成功
2016-12-15T04:04:14: 读取文件成功
2016-12-15T04:04:24: 读取文件成功
2016-12-15T04:04:34: 读取文件成功
2016-12-15T04:04:44: 读取文件成功
2016-12-15T04:04:54: 读取文件成功
2016-12-15T04:05:04: 读取文件成功
2016-12-15T04:05:14: 读取文件成功
2016-12-15T04:05:24: 读取文件成功
2016-12-15T04:05:34: 读取文件成功
2016-12-15T04:05:44: 读取文件成功
2016-12-15T04:05:54: 读取文件成功
2016-12-15T04:06:04: 读取文件成功
2016-12-15T04:06:14: 读取文件成功
2016-12-15T04:06:24: 读取文件成功
2016-12-15T04:06:34: 读取文件成功
2016-12-15T04:06:44: 读取文件成功
2016-12-15T04:06:54: 读取文件成功
2016-12-15T04:07:04: 读取文件成功
2016-12-15T04:07:14: 读取文件成功
2016-12-15T04:07:24: 读取文件成功
2016-12-15T04:07:34: 读取文件成功
2016-12-15T04:07:44: 读取文件成功
2016-12-15T04:07:54: 读取文件成功
2016-12-15T04:08:04: 读取文件成功
2016-12-15T04:08:14: 读取文件成功
2016-12-15T04:08:24: 读取文件成功
2016-12-15T04:08:34: 读取文件成功
2016-12-15T04:08:44: 读取文件成功
2016-12-15T04:08:54: 读取文件成功
2016-12-15T04:09:04: 读取文件成功
2016-12-15T04:09:14: 读取文件成功
2016-12-15T04:09:24: 读取文件成功
2016-12-15T04:09:34: 读取文件成功
2016-12-15T04:09:44: 读取文件成功
2016-12-15T04:09:54: 读取文件成功
2016-12-15T04:10:04: 读取文件成功
2016-12-15T04:10:14: 读取文件成功
2016-12-15T04:10:24: 读取文件成功
2016-12-15T04:10:34: 读取文件成功
2016-12-15T04:10:44: 读取文件成功
2016-12-15T04:10:54: 读取文件成功
2016-12-15T04:11:04: 读取文件成功
2016-12-15T04:11:14: 读取文件成功
2016-12-15T04:11:24: 读取文件成功
2016-12-15T04:11:34: 读取文件成功
2016-12-15T04:11:44: 读取文件成功
2016-12-15T04:11:54: 读取文件成功
2016-12-15T04:12:04: 读取文件成功
2016-12-15T04:12:14: 读取文件成功
2016-12-15T04:12:24: 读取文件成功
2016-12-15T04:12:34: 读取文件成功
2016-12-15T04:12:44: 读取文件成功
2016-12-15T04:12:54: 读取文件成功
2016-12-15T04:13:04: 读取文件成功
2016-12-15T04:13:14: 读取文件成功
2016-12-15T04:13:24: 读取文件成功
2016-12-15T04:13:34: 读取文件成功
2016-12-15T04:13:44: 读取文件成功
2016-12-15T04:13:54: 读取文件成功
2016-12-15T04:14:04: 读取文件成功
2016-12-15T04:14:14: 读取文件成功
2016-12-15T04:14:24: 读取文件成功
2016-12-15T04:14:35: 读取文件成功
2016-12-15T04:14:45: 读取文件成功
2016-12-15T04:14:54: 读取文件成功
2016-12-15T04:15:05: 读取文件成功
2016-12-15T04:15:15: 读取文件成功
2016-12-15T04:15:25: 读取文件成功
2016-12-15T04:15:35: 读取文件成功
2016-12-15T04:15:45: 读取文件成功
2016-12-15T04:15:55: 读取文件成功
2016-12-15T04:16:05: 读取文件成功
2016-12-15T04:16:15: 读取文件成功
2016-12-15T04:16:25: 读取文件成功
2016-12-15T04:16:35: 读取文件成功
2016-12-15T04:16:45: 读取文件成功
2016-12-15T04:16:55: 读取文件成功
2016-12-15T04:17:05: 读取文件成功
2016-12-15T04:17:15: 读取文件成功
2016-12-15T04:17:25: 读取文件成功
2016-12-15T04:17:35: 读取文件成功
2016-12-15T04:17:45: 读取文件成功
2016-12-15T04:17:55: 读取文件成功
2016-12-15T04:18:05: 读取文件成功
2016-12-15T04:18:15: 读取文件成功
2016-12-15T04:18:25: 读取文件成功
2016-12-15T04:18:35: 读取文件成功
2016-12-15T04:18:45: 读取文件成功
2016-12-15T04:18:55: 读取文件成功
2016-12-15T04:19:05: 读取文件成功
2016-12-15T04:19:15: 读取文件成功
2016-12-15T04:19:25: 读取文件成功
2016-12-15T04:19:35: 读取文件成功
2016-12-15T04:19:45: 读取文件成功
2016-12-15T04:19:55: 读取文件成功
2016-12-15T04:20:05: 读取文件成功
2016-12-15T04:20:15: 读取文件成功
2016-12-15T04:20:25: 读取文件成功
2016-12-15T04:20:35: 读取文件成功
2016-12-15T04:20:45: 读取文件成功
2016-12-15T04:20:55: 读取文件成功
2016-12-15T04:21:05: 读取文件成功
2016-12-15T04:21:15: 读取文件成功
2016-12-15T04:21:25: 读取文件成功
2016-12-15T04:21:35: 读取文件成功
2016-12-15T04:21:45: 读取文件成功
2016-12-15T04:21:55: 读取文件成功
2016-12-15T04:22:05: 读取文件成功
2016-12-15T04:22:15: 读取文件成功
2016-12-15T04:22:25: 读取文件成功
2016-12-15T04:22:35: 读取文件成功
2016-12-15T04:22:45: 读取文件成功
2016-12-15T04:22:55: 读取文件成功
2016-12-15T04:23:05: 读取文件成功
2016-12-15T04:23:15: 读取文件成功
2016-12-15T04:23:25: 读取文件成功
2016-12-15T04:23:35: 读取文件成功
2016-12-15T04:23:45: 读取文件成功
2016-12-15T04:23:55: 读取文件成功
2016-12-15T04:24:05: 读取文件成功
2016-12-15T04:24:15: 读取文件成功
2016-12-15T04:24:25: 读取文件成功
2016-12-15T04:24:35: 读取文件成功
2016-12-15T04:24:45: 读取文件成功
2016-12-15T04:24:55: 读取文件成功
2016-12-15T04:25:05: 读取文件成功
2016-12-15T04:25:15: 读取文件成功
2016-12-15T04:25:25: 读取文件成功
2016-12-15T04:25:35: 读取文件成功
2016-12-15T04:25:45: 读取文件成功
2016-12-15T04:25:55: 读取文件成功
2016-12-15T04:26:05: 读取文件成功
2016-12-15T04:26:15: 读取文件成功
2016-12-15T04:26:25: 读取文件成功
2016-12-15T04:26:35: 读取文件成功
2016-12-15T04:26:45: 读取文件成功
2016-12-15T04:26:55: 读取文件成功
2016-12-15T04:27:05: 读取文件成功
2016-12-15T04:27:15: 读取文件成功
2016-12-15T04:27:25: 读取文件成功
2016-12-15T04:27:35: 读取文件成功
2016-12-15T04:27:45: 读取文件成功
2016-12-15T04:27:55: 读取文件成功
2016-12-15T04:28:05: 读取文件成功
2016-12-15T04:28:15: 读取文件成功
2016-12-15T04:28:25: 读取文件成功
2016-12-15T04:28:35: 读取文件成功
2016-12-15T04:28:45: 读取文件成功
2016-12-15T04:28:55: 读取文件成功
2016-12-15T04:29:05: 读取文件成功
2016-12-15T04:29:15: 读取文件成功
2016-12-15T04:29:25: 读取文件成功
2016-12-15T04:29:35: 读取文件成功
2016-12-15T04:29:45: 读取文件成功
2016-12-15T04:29:55: 读取文件成功
2016-12-15T04:30:05: 读取文件成功
2016-12-15T04:30:15: 读取文件成功
2016-12-15T04:30:25: 读取文件成功
2016-12-15T04:30:35: 读取文件成功
2016-12-15T04:30:45: 读取文件成功
2016-12-15T04:30:55: 读取文件成功
2016-12-15T04:31:05: 读取文件成功
2016-12-15T04:31:15: 读取文件成功
2016-12-15T04:31:25: 读取文件成功
2016-12-15T04:31:35: 读取文件成功
2016-12-15T04:31:45: 读取文件成功
2016-12-15T04:31:55: 读取文件成功
2016-12-15T04:32:05: 读取文件成功
2016-12-15T04:32:15: 读取文件成功
2016-12-15T04:32:25: 读取文件成功
2016-12-15T04:32:35: 读取文件成功
2016-12-15T04:32:45: 读取文件成功
2016-12-15T04:32:55: 读取文件成功
2016-12-15T04:33:05: 读取文件成功
2016-12-15T04:33:15: 读取文件成功
2016-12-15T04:33:25: 读取文件成功
2016-12-15T04:33:35: 读取文件成功
2016-12-15T04:33:45: 读取文件成功
2016-12-15T04:33:55: 读取文件成功
2016-12-15T04:34:05: 读取文件成功
2016-12-15T04:34:15: 读取文件成功
2016-12-15T04:34:25: 读取文件成功
2016-12-15T04:34:35: 读取文件成功
2016-12-15T04:34:46: 读取文件成功
2016-12-15T04:34:56: 读取文件成功
2016-12-15T04:35:06: 读取文件成功
2016-12-15T04:35:16: 读取文件成功
2016-12-15T04:35:26: 读取文件成功
2016-12-15T04:35:36: 读取文件成功
2016-12-15T04:35:46: 读取文件成功
2016-12-15T04:35:56: 读取文件成功
2016-12-15T04:36:06: 读取文件成功
2016-12-15T04:36:16: 读取文件成功
2016-12-15T04:36:26: 读取文件成功
2016-12-15T04:36:36: 读取文件成功
2016-12-15T04:36:46: 读取文件成功
2016-12-15T04:36:56: 读取文件成功
2016-12-15T04:37:06: 读取文件成功
2016-12-15T04:37:16: 读取文件成功
2016-12-15T04:37:26: 读取文件成功
2016-12-15T04:37:36: 读取文件成功
2016-12-15T04:37:46: 读取文件成功
2016-12-15T04:37:56: 读取文件成功
2016-12-15T04:38:06: 读取文件成功
2016-12-15T04:38:16: 读取文件成功
2016-12-15T04:38:26: 读取文件成功
2016-12-15T04:38:36: 读取文件成功
2016-12-15T04:38:46: 读取文件成功
2016-12-15T04:38:56: 读取文件成功
2016-12-15T04:39:06: 读取文件成功
2016-12-15T04:39:16: 读取文件成功
2016-12-15T04:39:26: 读取文件成功
2016-12-15T04:39:36: 读取文件成功
2016-12-15T04:39:46: 读取文件成功
2016-12-15T04:39:56: 读取文件成功
2016-12-15T04:40:06: 读取文件成功
2016-12-15T04:40:16: 读取文件成功
2016-12-15T04:40:26: 读取文件成功
2016-12-15T04:40:36: 读取文件成功
2016-12-15T04:40:46: 读取文件成功
2016-12-15T04:40:56: 读取文件成功
2016-12-15T04:41:06: 读取文件成功
2016-12-15T04:41:16: 读取文件成功
2016-12-15T04:41:26: 读取文件成功
2016-12-15T04:41:36: 读取文件成功
2016-12-15T04:41:46: 读取文件成功
2016-12-15T04:41:56: 读取文件成功
2016-12-15T04:42:06: 读取文件成功
2016-12-15T04:42:16: 读取文件成功
2016-12-15T04:42:26: 读取文件成功
2016-12-15T04:42:36: 读取文件成功
2016-12-15T04:42:46: 读取文件成功
2016-12-15T04:42:56: 读取文件成功
2016-12-15T04:43:06: 读取文件成功
2016-12-15T04:43:16: 读取文件成功
2016-12-15T04:43:26: 读取文件成功
2016-12-15T04:43:36: 读取文件成功
2016-12-15T04:43:46: 读取文件成功
2016-12-15T04:43:56: 读取文件成功
2016-12-15T04:44:06: 读取文件成功
2016-12-15T04:44:16: 读取文件成功
2016-12-15T04:44:26: 读取文件成功
2016-12-15T04:44:36: 读取文件成功
2016-12-15T04:44:46: 读取文件成功
2016-12-15T04:44:56: 读取文件成功
2016-12-15T04:45:06: 读取文件成功
2016-12-15T04:45:16: 读取文件成功
2016-12-15T04:45:26: 读取文件成功
2016-12-15T04:45:36: 读取文件成功
2016-12-15T04:45:46: 读取文件成功
2016-12-15T04:45:56: 读取文件成功
2016-12-15T04:46:06: 读取文件成功
2016-12-15T04:46:16: 读取文件成功
2016-12-15T04:46:26: 读取文件成功
2016-12-15T04:46:36: 读取文件成功
2016-12-15T04:46:46: 读取文件成功
2016-12-15T04:46:56: 读取文件成功
2016-12-15T04:47:06: 读取文件成功
2016-12-15T04:47:16: 读取文件成功
2016-12-15T04:47:26: 读取文件成功
2016-12-15T04:47:36: 读取文件成功
2016-12-15T04:47:46: 读取文件成功
2016-12-15T04:47:56: 读取文件成功
2016-12-15T04:48:06: 读取文件成功
2016-12-15T04:48:16: 读取文件成功
2016-12-15T04:48:26: 读取文件成功
2016-12-15T04:48:36: 读取文件成功
2016-12-15T04:48:46: 读取文件成功
2016-12-15T04:48:56: 读取文件成功
2016-12-15T04:49:06: 读取文件成功
2016-12-15T04:49:16: 读取文件成功
2016-12-15T04:49:26: 读取文件成功
2016-12-15T04:49:36: 读取文件成功
2016-12-15T04:49:46: 读取文件成功
2016-12-15T04:49:56: 读取文件成功
2016-12-15T04:50:06: 读取文件成功
2016-12-15T04:50:16: 读取文件成功
2016-12-15T04:50:26: 读取文件成功
2016-12-15T04:50:36: 读取文件成功
2016-12-15T04:50:46: 读取文件成功
2016-12-15T04:50:56: 读取文件成功
2016-12-15T04:51:06: 读取文件成功
2016-12-15T04:51:16: 读取文件成功
2016-12-15T04:51:26: 读取文件成功
2016-12-15T04:51:36: 读取文件成功
2016-12-15T04:51:47: 读取文件成功
2016-12-15T04:51:56: 读取文件成功
2016-12-15T04:52:06: 读取文件成功
2016-12-15T04:52:16: 读取文件成功
2016-12-15T04:52:26: 读取文件成功
2016-12-15T04:52:36: 读取文件成功
2016-12-15T04:52:46: 读取文件成功
2016-12-15T04:52:56: 读取文件成功
2016-12-15T04:53:06: 读取文件成功
2016-12-15T04:53:17: 读取文件成功
2016-12-15T04:53:27: 读取文件成功
2016-12-15T04:53:37: 读取文件成功
2016-12-15T04:53:47: 读取文件成功
2016-12-15T04:53:57: 读取文件成功
2016-12-15T04:54:07: 读取文件成功
2016-12-15T04:54:17: 读取文件成功
2016-12-15T04:54:27: 读取文件成功
2016-12-15T04:54:37: 读取文件成功
2016-12-15T04:54:47: 读取文件成功
2016-12-15T04:54:57: 读取文件成功
2016-12-15T04:55:07: 读取文件成功
2016-12-15T04:55:17: 读取文件成功
2016-12-15T04:55:27: 读取文件成功
2016-12-15T04:55:37: 读取文件成功
2016-12-15T04:55:47: 读取文件成功
2016-12-15T04:55:57: 读取文件成功
2016-12-15T04:56:07: 读取文件成功
2016-12-15T04:56:17: 读取文件成功
2016-12-15T04:56:27: 读取文件成功
2016-12-15T04:56:37: 读取文件成功
2016-12-15T04:56:47: 读取文件成功
2016-12-15T04:56:57: 读取文件成功
2016-12-15T04:57:07: 读取文件成功
2016-12-15T04:57:17: 读取文件成功
2016-12-15T04:57:27: 读取文件成功
2016-12-15T04:57:37: 读取文件成功
2016-12-15T04:57:47: 读取文件成功
2016-12-15T04:57:57: 读取文件成功
2016-12-15T04:58:07: 读取文件成功
2016-12-15T04:58:17: 读取文件成功
2016-12-15T04:58:27: 读取文件成功
2016-12-15T04:58:37: 读取文件成功
2016-12-15T04:58:47: 读取文件成功
2016-12-15T04:58:57: 读取文件成功
2016-12-15T04:59:07: 读取文件成功
