2016-11-10T00:00:02: 非记录时间：2016-11-10T00:00:02+08:00
2016-11-10T00:00:12: 非记录时间：2016-11-10T00:00:12+08:00
2016-11-10T00:00:22: 非记录时间：2016-11-10T00:00:22+08:00
2016-11-10T00:00:32: 非记录时间：2016-11-10T00:00:32+08:00
2016-11-10T00:00:42: 非记录时间：2016-11-10T00:00:42+08:00
2016-11-10T00:00:52: 非记录时间：2016-11-10T00:00:52+08:00
2016-11-10T00:01:02: 非记录时间：2016-11-10T00:01:02+08:00
2016-11-10T00:01:12: 非记录时间：2016-11-10T00:01:12+08:00
2016-11-10T00:01:22: 非记录时间：2016-11-10T00:01:22+08:00
2016-11-10T00:01:32: 非记录时间：2016-11-10T00:01:32+08:00
2016-11-10T00:01:42: 非记录时间：2016-11-10T00:01:42+08:00
2016-11-10T00:01:52: 非记录时间：2016-11-10T00:01:52+08:00
2016-11-10T00:02:02: 非记录时间：2016-11-10T00:02:02+08:00
2016-11-10T00:02:12: 非记录时间：2016-11-10T00:02:12+08:00
2016-11-10T00:02:22: 非记录时间：2016-11-10T00:02:22+08:00
2016-11-10T00:02:32: 非记录时间：2016-11-10T00:02:32+08:00
2016-11-10T00:02:42: 非记录时间：2016-11-10T00:02:42+08:00
2016-11-10T00:02:52: 非记录时间：2016-11-10T00:02:52+08:00
2016-11-10T00:03:02: 非记录时间：2016-11-10T00:03:02+08:00
2016-11-10T00:03:12: 非记录时间：2016-11-10T00:03:12+08:00
2016-11-10T00:03:22: 非记录时间：2016-11-10T00:03:22+08:00
2016-11-10T00:03:32: 非记录时间：2016-11-10T00:03:32+08:00
2016-11-10T00:03:42: 非记录时间：2016-11-10T00:03:42+08:00
2016-11-10T00:03:52: 非记录时间：2016-11-10T00:03:52+08:00
2016-11-10T00:04:02: 非记录时间：2016-11-10T00:04:02+08:00
2016-11-10T00:04:12: 非记录时间：2016-11-10T00:04:12+08:00
2016-11-10T00:04:22: 非记录时间：2016-11-10T00:04:22+08:00
2016-11-10T00:04:32: 非记录时间：2016-11-10T00:04:32+08:00
2016-11-10T00:04:42: 非记录时间：2016-11-10T00:04:42+08:00
2016-11-10T00:04:52: 非记录时间：2016-11-10T00:04:52+08:00
2016-11-10T00:05:02: 非记录时间：2016-11-10T00:05:02+08:00
2016-11-10T00:05:12: 非记录时间：2016-11-10T00:05:12+08:00
2016-11-10T00:05:22: 非记录时间：2016-11-10T00:05:22+08:00
2016-11-10T00:05:32: 非记录时间：2016-11-10T00:05:32+08:00
2016-11-10T00:05:42: 非记录时间：2016-11-10T00:05:42+08:00
2016-11-10T00:05:52: 非记录时间：2016-11-10T00:05:52+08:00
2016-11-10T00:06:02: 非记录时间：2016-11-10T00:06:02+08:00
2016-11-10T00:06:12: 非记录时间：2016-11-10T00:06:12+08:00
2016-11-10T00:06:22: 非记录时间：2016-11-10T00:06:22+08:00
2016-11-10T00:06:32: 非记录时间：2016-11-10T00:06:32+08:00
2016-11-10T00:06:42: 非记录时间：2016-11-10T00:06:42+08:00
2016-11-10T00:06:52: 非记录时间：2016-11-10T00:06:52+08:00
2016-11-10T00:07:02: 非记录时间：2016-11-10T00:07:02+08:00
2016-11-10T00:07:12: 非记录时间：2016-11-10T00:07:12+08:00
2016-11-10T00:07:22: 非记录时间：2016-11-10T00:07:22+08:00
2016-11-10T00:07:32: 非记录时间：2016-11-10T00:07:32+08:00
2016-11-10T00:07:42: 非记录时间：2016-11-10T00:07:42+08:00
2016-11-10T00:07:52: 非记录时间：2016-11-10T00:07:52+08:00
2016-11-10T00:08:02: 非记录时间：2016-11-10T00:08:02+08:00
2016-11-10T00:08:12: 非记录时间：2016-11-10T00:08:12+08:00
2016-11-10T00:08:22: 非记录时间：2016-11-10T00:08:22+08:00
2016-11-10T00:08:32: 非记录时间：2016-11-10T00:08:32+08:00
2016-11-10T00:08:42: 非记录时间：2016-11-10T00:08:42+08:00
2016-11-10T00:08:52: 非记录时间：2016-11-10T00:08:52+08:00
2016-11-10T00:09:02: 非记录时间：2016-11-10T00:09:02+08:00
2016-11-10T00:09:12: 非记录时间：2016-11-10T00:09:12+08:00
2016-11-10T00:09:22: 非记录时间：2016-11-10T00:09:22+08:00
2016-11-10T00:09:32: 非记录时间：2016-11-10T00:09:32+08:00
2016-11-10T00:09:42: 非记录时间：2016-11-10T00:09:42+08:00
2016-11-10T00:09:52: 非记录时间：2016-11-10T00:09:52+08:00
2016-11-10T00:10:02: 非记录时间：2016-11-10T00:10:02+08:00
2016-11-10T00:10:12: 非记录时间：2016-11-10T00:10:12+08:00
2016-11-10T00:10:22: 非记录时间：2016-11-10T00:10:22+08:00
2016-11-10T00:10:32: 非记录时间：2016-11-10T00:10:32+08:00
2016-11-10T00:10:42: 非记录时间：2016-11-10T00:10:42+08:00
2016-11-10T00:10:52: 非记录时间：2016-11-10T00:10:52+08:00
2016-11-10T00:11:02: 非记录时间：2016-11-10T00:11:02+08:00
2016-11-10T00:11:12: 非记录时间：2016-11-10T00:11:12+08:00
2016-11-10T00:11:22: 非记录时间：2016-11-10T00:11:22+08:00
2016-11-10T00:11:32: 非记录时间：2016-11-10T00:11:32+08:00
2016-11-10T00:11:42: 非记录时间：2016-11-10T00:11:42+08:00
2016-11-10T00:11:52: 非记录时间：2016-11-10T00:11:52+08:00
2016-11-10T00:12:02: 非记录时间：2016-11-10T00:12:02+08:00
2016-11-10T00:12:12: 非记录时间：2016-11-10T00:12:12+08:00
2016-11-10T00:12:22: 非记录时间：2016-11-10T00:12:22+08:00
2016-11-10T00:12:32: 非记录时间：2016-11-10T00:12:32+08:00
2016-11-10T00:12:42: 非记录时间：2016-11-10T00:12:42+08:00
2016-11-10T00:12:52: 非记录时间：2016-11-10T00:12:52+08:00
2016-11-10T00:13:02: 非记录时间：2016-11-10T00:13:02+08:00
2016-11-10T00:13:12: 非记录时间：2016-11-10T00:13:12+08:00
2016-11-10T00:13:22: 非记录时间：2016-11-10T00:13:22+08:00
2016-11-10T00:13:32: 非记录时间：2016-11-10T00:13:32+08:00
2016-11-10T00:13:42: 非记录时间：2016-11-10T00:13:42+08:00
2016-11-10T00:13:52: 非记录时间：2016-11-10T00:13:52+08:00
2016-11-10T00:14:02: 非记录时间：2016-11-10T00:14:02+08:00
2016-11-10T00:14:12: 非记录时间：2016-11-10T00:14:12+08:00
2016-11-10T00:14:22: 非记录时间：2016-11-10T00:14:22+08:00
2016-11-10T00:14:32: 非记录时间：2016-11-10T00:14:32+08:00
2016-11-10T00:14:42: 非记录时间：2016-11-10T00:14:42+08:00
2016-11-10T00:14:52: 非记录时间：2016-11-10T00:14:52+08:00
2016-11-10T00:15:02: 非记录时间：2016-11-10T00:15:02+08:00
2016-11-10T00:15:12: 非记录时间：2016-11-10T00:15:12+08:00
2016-11-10T00:15:22: 非记录时间：2016-11-10T00:15:22+08:00
2016-11-10T00:15:32: 非记录时间：2016-11-10T00:15:32+08:00
2016-11-10T00:15:42: 非记录时间：2016-11-10T00:15:42+08:00
2016-11-10T00:15:52: 非记录时间：2016-11-10T00:15:52+08:00
2016-11-10T00:16:02: 非记录时间：2016-11-10T00:16:02+08:00
2016-11-10T00:16:12: 非记录时间：2016-11-10T00:16:12+08:00
2016-11-10T00:16:22: 非记录时间：2016-11-10T00:16:22+08:00
2016-11-10T00:16:32: 非记录时间：2016-11-10T00:16:32+08:00
2016-11-10T00:16:42: 非记录时间：2016-11-10T00:16:42+08:00
2016-11-10T00:16:52: 非记录时间：2016-11-10T00:16:52+08:00
2016-11-10T00:17:02: 非记录时间：2016-11-10T00:17:02+08:00
2016-11-10T00:17:12: 非记录时间：2016-11-10T00:17:12+08:00
2016-11-10T00:17:22: 非记录时间：2016-11-10T00:17:22+08:00
2016-11-10T00:17:32: 非记录时间：2016-11-10T00:17:32+08:00
2016-11-10T00:17:42: 非记录时间：2016-11-10T00:17:42+08:00
2016-11-10T00:17:52: 非记录时间：2016-11-10T00:17:52+08:00
2016-11-10T00:18:02: 非记录时间：2016-11-10T00:18:02+08:00
2016-11-10T00:18:12: 非记录时间：2016-11-10T00:18:12+08:00
2016-11-10T00:18:22: 非记录时间：2016-11-10T00:18:22+08:00
2016-11-10T00:18:32: 非记录时间：2016-11-10T00:18:32+08:00
2016-11-10T00:18:42: 非记录时间：2016-11-10T00:18:42+08:00
2016-11-10T00:18:52: 非记录时间：2016-11-10T00:18:52+08:00
2016-11-10T00:19:02: 非记录时间：2016-11-10T00:19:02+08:00
2016-11-10T00:19:12: 非记录时间：2016-11-10T00:19:12+08:00
2016-11-10T00:19:22: 非记录时间：2016-11-10T00:19:22+08:00
2016-11-10T00:19:32: 非记录时间：2016-11-10T00:19:32+08:00
2016-11-10T00:19:42: 非记录时间：2016-11-10T00:19:42+08:00
2016-11-10T00:19:52: 非记录时间：2016-11-10T00:19:52+08:00
2016-11-10T00:20:02: 非记录时间：2016-11-10T00:20:02+08:00
2016-11-10T00:20:13: 非记录时间：2016-11-10T00:20:13+08:00
2016-11-10T00:20:23: 非记录时间：2016-11-10T00:20:23+08:00
2016-11-10T00:20:33: 非记录时间：2016-11-10T00:20:33+08:00
2016-11-10T00:20:43: 非记录时间：2016-11-10T00:20:43+08:00
2016-11-10T00:20:53: 非记录时间：2016-11-10T00:20:53+08:00
2016-11-10T00:21:03: 非记录时间：2016-11-10T00:21:03+08:00
2016-11-10T00:21:13: 非记录时间：2016-11-10T00:21:13+08:00
2016-11-10T00:21:23: 非记录时间：2016-11-10T00:21:23+08:00
2016-11-10T00:21:33: 非记录时间：2016-11-10T00:21:33+08:00
2016-11-10T00:21:43: 非记录时间：2016-11-10T00:21:43+08:00
2016-11-10T00:21:53: 非记录时间：2016-11-10T00:21:53+08:00
2016-11-10T00:22:03: 非记录时间：2016-11-10T00:22:03+08:00
2016-11-10T00:22:13: 非记录时间：2016-11-10T00:22:13+08:00
2016-11-10T00:22:23: 非记录时间：2016-11-10T00:22:23+08:00
2016-11-10T00:22:33: 非记录时间：2016-11-10T00:22:33+08:00
2016-11-10T00:22:43: 非记录时间：2016-11-10T00:22:43+08:00
2016-11-10T00:22:53: 非记录时间：2016-11-10T00:22:53+08:00
2016-11-10T00:23:03: 非记录时间：2016-11-10T00:23:03+08:00
2016-11-10T00:23:13: 非记录时间：2016-11-10T00:23:13+08:00
2016-11-10T00:23:23: 非记录时间：2016-11-10T00:23:23+08:00
2016-11-10T00:23:33: 非记录时间：2016-11-10T00:23:33+08:00
2016-11-10T00:23:43: 非记录时间：2016-11-10T00:23:43+08:00
2016-11-10T00:23:53: 非记录时间：2016-11-10T00:23:53+08:00
2016-11-10T00:24:03: 非记录时间：2016-11-10T00:24:03+08:00
2016-11-10T00:24:13: 非记录时间：2016-11-10T00:24:13+08:00
2016-11-10T00:24:23: 非记录时间：2016-11-10T00:24:23+08:00
2016-11-10T00:24:33: 非记录时间：2016-11-10T00:24:33+08:00
2016-11-10T00:24:43: 非记录时间：2016-11-10T00:24:43+08:00
2016-11-10T00:24:53: 非记录时间：2016-11-10T00:24:53+08:00
2016-11-10T00:25:03: 非记录时间：2016-11-10T00:25:03+08:00
2016-11-10T00:25:13: 非记录时间：2016-11-10T00:25:13+08:00
2016-11-10T00:25:23: 非记录时间：2016-11-10T00:25:23+08:00
2016-11-10T00:25:33: 非记录时间：2016-11-10T00:25:33+08:00
2016-11-10T00:25:43: 非记录时间：2016-11-10T00:25:43+08:00
2016-11-10T00:25:53: 非记录时间：2016-11-10T00:25:53+08:00
2016-11-10T00:26:03: 非记录时间：2016-11-10T00:26:03+08:00
2016-11-10T00:26:13: 非记录时间：2016-11-10T00:26:13+08:00
2016-11-10T00:26:23: 非记录时间：2016-11-10T00:26:23+08:00
2016-11-10T00:26:33: 非记录时间：2016-11-10T00:26:33+08:00
2016-11-10T00:26:43: 非记录时间：2016-11-10T00:26:43+08:00
2016-11-10T00:26:53: 非记录时间：2016-11-10T00:26:53+08:00
2016-11-10T00:27:03: 非记录时间：2016-11-10T00:27:03+08:00
2016-11-10T00:27:13: 非记录时间：2016-11-10T00:27:13+08:00
2016-11-10T00:27:23: 非记录时间：2016-11-10T00:27:23+08:00
2016-11-10T00:27:33: 非记录时间：2016-11-10T00:27:33+08:00
2016-11-10T00:27:43: 非记录时间：2016-11-10T00:27:43+08:00
2016-11-10T00:27:53: 非记录时间：2016-11-10T00:27:53+08:00
2016-11-10T00:28:03: 非记录时间：2016-11-10T00:28:03+08:00
2016-11-10T00:28:13: 非记录时间：2016-11-10T00:28:13+08:00
2016-11-10T00:28:23: 非记录时间：2016-11-10T00:28:23+08:00
2016-11-10T00:28:33: 非记录时间：2016-11-10T00:28:33+08:00
2016-11-10T00:28:43: 非记录时间：2016-11-10T00:28:43+08:00
2016-11-10T00:28:53: 非记录时间：2016-11-10T00:28:53+08:00
2016-11-10T00:29:03: 非记录时间：2016-11-10T00:29:03+08:00
2016-11-10T00:29:13: 非记录时间：2016-11-10T00:29:13+08:00
2016-11-10T00:29:23: 非记录时间：2016-11-10T00:29:23+08:00
2016-11-10T00:29:33: 非记录时间：2016-11-10T00:29:33+08:00
2016-11-10T00:29:43: 非记录时间：2016-11-10T00:29:43+08:00
2016-11-10T00:29:53: 非记录时间：2016-11-10T00:29:53+08:00
2016-11-10T00:30:03: 非记录时间：2016-11-10T00:30:03+08:00
2016-11-10T00:30:13: 非记录时间：2016-11-10T00:30:13+08:00
2016-11-10T00:30:23: 非记录时间：2016-11-10T00:30:23+08:00
2016-11-10T00:30:33: 非记录时间：2016-11-10T00:30:33+08:00
2016-11-10T00:30:43: 非记录时间：2016-11-10T00:30:43+08:00
2016-11-10T00:30:53: 非记录时间：2016-11-10T00:30:53+08:00
2016-11-10T00:31:03: 非记录时间：2016-11-10T00:31:03+08:00
2016-11-10T00:31:13: 非记录时间：2016-11-10T00:31:13+08:00
2016-11-10T00:31:23: 非记录时间：2016-11-10T00:31:23+08:00
2016-11-10T00:31:33: 非记录时间：2016-11-10T00:31:33+08:00
2016-11-10T00:31:43: 非记录时间：2016-11-10T00:31:43+08:00
2016-11-10T00:31:53: 非记录时间：2016-11-10T00:31:53+08:00
2016-11-10T00:32:03: 非记录时间：2016-11-10T00:32:03+08:00
2016-11-10T00:32:13: 非记录时间：2016-11-10T00:32:13+08:00
2016-11-10T00:32:23: 非记录时间：2016-11-10T00:32:23+08:00
2016-11-10T00:32:33: 非记录时间：2016-11-10T00:32:33+08:00
2016-11-10T00:32:43: 非记录时间：2016-11-10T00:32:43+08:00
2016-11-10T00:32:53: 非记录时间：2016-11-10T00:32:53+08:00
2016-11-10T00:33:03: 非记录时间：2016-11-10T00:33:03+08:00
2016-11-10T00:33:13: 非记录时间：2016-11-10T00:33:13+08:00
2016-11-10T00:33:23: 非记录时间：2016-11-10T00:33:23+08:00
2016-11-10T00:33:33: 非记录时间：2016-11-10T00:33:33+08:00
2016-11-10T00:33:43: 非记录时间：2016-11-10T00:33:43+08:00
2016-11-10T00:33:53: 非记录时间：2016-11-10T00:33:53+08:00
2016-11-10T00:34:03: 非记录时间：2016-11-10T00:34:03+08:00
2016-11-10T00:34:13: 非记录时间：2016-11-10T00:34:13+08:00
2016-11-10T00:34:23: 非记录时间：2016-11-10T00:34:23+08:00
2016-11-10T00:34:33: 非记录时间：2016-11-10T00:34:33+08:00
2016-11-10T00:34:43: 非记录时间：2016-11-10T00:34:43+08:00
2016-11-10T00:34:53: 非记录时间：2016-11-10T00:34:53+08:00
2016-11-10T00:35:03: 非记录时间：2016-11-10T00:35:03+08:00
2016-11-10T00:35:13: 非记录时间：2016-11-10T00:35:13+08:00
2016-11-10T00:35:23: 非记录时间：2016-11-10T00:35:23+08:00
2016-11-10T00:35:33: 非记录时间：2016-11-10T00:35:33+08:00
2016-11-10T00:35:43: 非记录时间：2016-11-10T00:35:43+08:00
2016-11-10T00:35:53: 非记录时间：2016-11-10T00:35:53+08:00
2016-11-10T00:36:03: 非记录时间：2016-11-10T00:36:03+08:00
2016-11-10T00:36:13: 非记录时间：2016-11-10T00:36:13+08:00
2016-11-10T00:36:23: 非记录时间：2016-11-10T00:36:23+08:00
2016-11-10T00:36:33: 非记录时间：2016-11-10T00:36:33+08:00
2016-11-10T00:36:43: 非记录时间：2016-11-10T00:36:43+08:00
2016-11-10T00:36:53: 非记录时间：2016-11-10T00:36:53+08:00
2016-11-10T00:37:03: 非记录时间：2016-11-10T00:37:03+08:00
2016-11-10T00:37:13: 非记录时间：2016-11-10T00:37:13+08:00
2016-11-10T00:37:23: 非记录时间：2016-11-10T00:37:23+08:00
2016-11-10T00:37:33: 非记录时间：2016-11-10T00:37:33+08:00
2016-11-10T00:37:43: 非记录时间：2016-11-10T00:37:43+08:00
2016-11-10T00:37:53: 非记录时间：2016-11-10T00:37:53+08:00
2016-11-10T00:38:03: 非记录时间：2016-11-10T00:38:03+08:00
2016-11-10T00:38:13: 非记录时间：2016-11-10T00:38:13+08:00
2016-11-10T00:38:23: 非记录时间：2016-11-10T00:38:23+08:00
2016-11-10T00:38:33: 非记录时间：2016-11-10T00:38:33+08:00
2016-11-10T00:38:43: 非记录时间：2016-11-10T00:38:43+08:00
2016-11-10T00:38:53: 非记录时间：2016-11-10T00:38:53+08:00
2016-11-10T00:39:03: 非记录时间：2016-11-10T00:39:03+08:00
2016-11-10T00:39:13: 非记录时间：2016-11-10T00:39:13+08:00
2016-11-10T00:39:23: 非记录时间：2016-11-10T00:39:23+08:00
2016-11-10T00:39:33: 非记录时间：2016-11-10T00:39:33+08:00
2016-11-10T00:39:43: 非记录时间：2016-11-10T00:39:43+08:00
2016-11-10T00:39:53: 非记录时间：2016-11-10T00:39:53+08:00
2016-11-10T00:40:03: 非记录时间：2016-11-10T00:40:03+08:00
2016-11-10T00:40:13: 非记录时间：2016-11-10T00:40:13+08:00
2016-11-10T00:40:23: 非记录时间：2016-11-10T00:40:23+08:00
2016-11-10T00:40:33: 非记录时间：2016-11-10T00:40:33+08:00
2016-11-10T00:40:43: 非记录时间：2016-11-10T00:40:43+08:00
2016-11-10T00:40:53: 非记录时间：2016-11-10T00:40:53+08:00
2016-11-10T00:41:03: 非记录时间：2016-11-10T00:41:03+08:00
2016-11-10T00:41:13: 非记录时间：2016-11-10T00:41:13+08:00
2016-11-10T00:41:23: 非记录时间：2016-11-10T00:41:23+08:00
2016-11-10T00:41:33: 非记录时间：2016-11-10T00:41:33+08:00
2016-11-10T00:41:43: 非记录时间：2016-11-10T00:41:43+08:00
2016-11-10T00:41:53: 非记录时间：2016-11-10T00:41:53+08:00
2016-11-10T00:42:03: 非记录时间：2016-11-10T00:42:03+08:00
2016-11-10T00:42:13: 非记录时间：2016-11-10T00:42:13+08:00
2016-11-10T00:42:23: 非记录时间：2016-11-10T00:42:23+08:00
2016-11-10T00:42:33: 非记录时间：2016-11-10T00:42:33+08:00
2016-11-10T00:42:43: 非记录时间：2016-11-10T00:42:43+08:00
2016-11-10T00:42:53: 非记录时间：2016-11-10T00:42:53+08:00
2016-11-10T00:43:03: 非记录时间：2016-11-10T00:43:03+08:00
2016-11-10T00:43:13: 非记录时间：2016-11-10T00:43:13+08:00
2016-11-10T00:43:23: 非记录时间：2016-11-10T00:43:23+08:00
2016-11-10T00:43:33: 非记录时间：2016-11-10T00:43:33+08:00
2016-11-10T00:43:43: 非记录时间：2016-11-10T00:43:43+08:00
2016-11-10T00:43:53: 非记录时间：2016-11-10T00:43:53+08:00
2016-11-10T00:44:03: 非记录时间：2016-11-10T00:44:03+08:00
2016-11-10T00:44:13: 非记录时间：2016-11-10T00:44:13+08:00
2016-11-10T00:44:23: 非记录时间：2016-11-10T00:44:23+08:00
2016-11-10T00:44:33: 非记录时间：2016-11-10T00:44:33+08:00
2016-11-10T00:44:43: 非记录时间：2016-11-10T00:44:43+08:00
2016-11-10T00:44:53: 非记录时间：2016-11-10T00:44:53+08:00
2016-11-10T00:45:03: 非记录时间：2016-11-10T00:45:03+08:00
2016-11-10T00:45:13: 非记录时间：2016-11-10T00:45:13+08:00
2016-11-10T00:45:23: 非记录时间：2016-11-10T00:45:23+08:00
2016-11-10T00:45:33: 非记录时间：2016-11-10T00:45:33+08:00
2016-11-10T00:45:43: 非记录时间：2016-11-10T00:45:43+08:00
2016-11-10T00:45:53: 非记录时间：2016-11-10T00:45:53+08:00
2016-11-10T00:46:03: 非记录时间：2016-11-10T00:46:03+08:00
2016-11-10T00:46:13: 非记录时间：2016-11-10T00:46:13+08:00
2016-11-10T00:46:23: 非记录时间：2016-11-10T00:46:23+08:00
2016-11-10T00:46:33: 非记录时间：2016-11-10T00:46:33+08:00
2016-11-10T00:46:43: 非记录时间：2016-11-10T00:46:43+08:00
2016-11-10T00:46:53: 非记录时间：2016-11-10T00:46:53+08:00
2016-11-10T00:47:03: 非记录时间：2016-11-10T00:47:03+08:00
2016-11-10T00:47:13: 非记录时间：2016-11-10T00:47:13+08:00
2016-11-10T00:47:23: 非记录时间：2016-11-10T00:47:23+08:00
2016-11-10T00:47:33: 非记录时间：2016-11-10T00:47:33+08:00
2016-11-10T00:47:43: 非记录时间：2016-11-10T00:47:43+08:00
2016-11-10T00:47:53: 非记录时间：2016-11-10T00:47:53+08:00
2016-11-10T00:48:03: 非记录时间：2016-11-10T00:48:03+08:00
2016-11-10T00:48:13: 非记录时间：2016-11-10T00:48:13+08:00
2016-11-10T00:48:23: 非记录时间：2016-11-10T00:48:23+08:00
2016-11-10T00:48:33: 非记录时间：2016-11-10T00:48:33+08:00
2016-11-10T00:48:43: 非记录时间：2016-11-10T00:48:43+08:00
2016-11-10T00:48:53: 非记录时间：2016-11-10T00:48:53+08:00
2016-11-10T00:49:03: 非记录时间：2016-11-10T00:49:03+08:00
2016-11-10T00:49:13: 非记录时间：2016-11-10T00:49:13+08:00
2016-11-10T00:49:23: 非记录时间：2016-11-10T00:49:23+08:00
2016-11-10T00:49:33: 非记录时间：2016-11-10T00:49:33+08:00
2016-11-10T00:49:43: 非记录时间：2016-11-10T00:49:43+08:00
2016-11-10T00:49:53: 非记录时间：2016-11-10T00:49:53+08:00
2016-11-10T00:50:03: 非记录时间：2016-11-10T00:50:03+08:00
2016-11-10T00:50:13: 非记录时间：2016-11-10T00:50:13+08:00
2016-11-10T00:50:23: 非记录时间：2016-11-10T00:50:23+08:00
2016-11-10T00:50:33: 非记录时间：2016-11-10T00:50:33+08:00
2016-11-10T00:50:43: 非记录时间：2016-11-10T00:50:43+08:00
2016-11-10T00:50:53: 非记录时间：2016-11-10T00:50:53+08:00
2016-11-10T00:51:03: 非记录时间：2016-11-10T00:51:03+08:00
2016-11-10T00:51:13: 非记录时间：2016-11-10T00:51:13+08:00
2016-11-10T00:51:23: 非记录时间：2016-11-10T00:51:23+08:00
2016-11-10T00:51:33: 非记录时间：2016-11-10T00:51:33+08:00
2016-11-10T00:51:43: 非记录时间：2016-11-10T00:51:43+08:00
2016-11-10T00:51:53: 非记录时间：2016-11-10T00:51:53+08:00
2016-11-10T00:52:03: 非记录时间：2016-11-10T00:52:03+08:00
2016-11-10T00:52:13: 非记录时间：2016-11-10T00:52:13+08:00
2016-11-10T00:52:23: 非记录时间：2016-11-10T00:52:23+08:00
2016-11-10T00:52:33: 非记录时间：2016-11-10T00:52:33+08:00
2016-11-10T00:52:43: 非记录时间：2016-11-10T00:52:43+08:00
2016-11-10T00:52:53: 非记录时间：2016-11-10T00:52:53+08:00
2016-11-10T00:53:03: 非记录时间：2016-11-10T00:53:03+08:00
2016-11-10T00:53:13: 非记录时间：2016-11-10T00:53:13+08:00
2016-11-10T00:53:23: 非记录时间：2016-11-10T00:53:23+08:00
2016-11-10T00:53:33: 非记录时间：2016-11-10T00:53:33+08:00
2016-11-10T00:53:43: 非记录时间：2016-11-10T00:53:43+08:00
2016-11-10T00:53:53: 非记录时间：2016-11-10T00:53:53+08:00
2016-11-10T00:54:03: 非记录时间：2016-11-10T00:54:03+08:00
2016-11-10T00:54:13: 非记录时间：2016-11-10T00:54:13+08:00
2016-11-10T00:54:23: 非记录时间：2016-11-10T00:54:23+08:00
2016-11-10T00:54:33: 非记录时间：2016-11-10T00:54:33+08:00
2016-11-10T00:54:43: 非记录时间：2016-11-10T00:54:43+08:00
2016-11-10T00:54:53: 非记录时间：2016-11-10T00:54:53+08:00
2016-11-10T00:55:03: 非记录时间：2016-11-10T00:55:03+08:00
2016-11-10T00:55:13: 非记录时间：2016-11-10T00:55:13+08:00
2016-11-10T00:55:23: 非记录时间：2016-11-10T00:55:23+08:00
2016-11-10T00:55:33: 非记录时间：2016-11-10T00:55:33+08:00
2016-11-10T00:55:43: 非记录时间：2016-11-10T00:55:43+08:00
2016-11-10T00:55:53: 非记录时间：2016-11-10T00:55:53+08:00
2016-11-10T00:56:03: 非记录时间：2016-11-10T00:56:03+08:00
2016-11-10T00:56:13: 非记录时间：2016-11-10T00:56:13+08:00
2016-11-10T00:56:23: 非记录时间：2016-11-10T00:56:23+08:00
2016-11-10T00:56:33: 非记录时间：2016-11-10T00:56:33+08:00
2016-11-10T00:56:43: 非记录时间：2016-11-10T00:56:43+08:00
2016-11-10T00:56:53: 非记录时间：2016-11-10T00:56:53+08:00
2016-11-10T00:57:03: 非记录时间：2016-11-10T00:57:03+08:00
2016-11-10T00:57:13: 非记录时间：2016-11-10T00:57:13+08:00
2016-11-10T00:57:23: 非记录时间：2016-11-10T00:57:23+08:00
2016-11-10T00:57:33: 非记录时间：2016-11-10T00:57:33+08:00
2016-11-10T00:57:43: 非记录时间：2016-11-10T00:57:43+08:00
2016-11-10T00:57:53: 非记录时间：2016-11-10T00:57:53+08:00
2016-11-10T00:58:03: 非记录时间：2016-11-10T00:58:03+08:00
2016-11-10T00:58:13: 非记录时间：2016-11-10T00:58:13+08:00
2016-11-10T00:58:23: 非记录时间：2016-11-10T00:58:23+08:00
2016-11-10T00:58:33: 非记录时间：2016-11-10T00:58:33+08:00
2016-11-10T00:58:43: 非记录时间：2016-11-10T00:58:43+08:00
2016-11-10T00:58:53: 非记录时间：2016-11-10T00:58:53+08:00
2016-11-10T00:59:03: 非记录时间：2016-11-10T00:59:03+08:00
2016-11-10T00:59:13: 非记录时间：2016-11-10T00:59:13+08:00
2016-11-10T00:59:23: 非记录时间：2016-11-10T00:59:23+08:00
2016-11-10T00:59:33: 非记录时间：2016-11-10T00:59:33+08:00
2016-11-10T00:59:43: 非记录时间：2016-11-10T00:59:43+08:00
2016-11-10T00:59:53: 非记录时间：2016-11-10T00:59:53+08:00
2016-11-10T01:00:03: 非记录时间：2016-11-10T01:00:03+08:00
2016-11-10T01:00:13: 非记录时间：2016-11-10T01:00:13+08:00
2016-11-10T01:00:23: 非记录时间：2016-11-10T01:00:23+08:00
2016-11-10T01:00:33: 非记录时间：2016-11-10T01:00:33+08:00
2016-11-10T01:00:43: 非记录时间：2016-11-10T01:00:43+08:00
2016-11-10T01:00:53: 非记录时间：2016-11-10T01:00:53+08:00
2016-11-10T01:01:03: 非记录时间：2016-11-10T01:01:03+08:00
2016-11-10T01:01:13: 非记录时间：2016-11-10T01:01:13+08:00
2016-11-10T01:01:23: 非记录时间：2016-11-10T01:01:23+08:00
2016-11-10T01:01:33: 非记录时间：2016-11-10T01:01:33+08:00
2016-11-10T01:01:43: 非记录时间：2016-11-10T01:01:43+08:00
2016-11-10T01:01:53: 非记录时间：2016-11-10T01:01:53+08:00
2016-11-10T01:02:03: 非记录时间：2016-11-10T01:02:03+08:00
2016-11-10T01:02:13: 非记录时间：2016-11-10T01:02:13+08:00
2016-11-10T01:02:23: 非记录时间：2016-11-10T01:02:23+08:00
2016-11-10T01:02:33: 非记录时间：2016-11-10T01:02:33+08:00
2016-11-10T01:02:43: 非记录时间：2016-11-10T01:02:43+08:00
2016-11-10T01:02:53: 非记录时间：2016-11-10T01:02:53+08:00
2016-11-10T01:03:03: 非记录时间：2016-11-10T01:03:03+08:00
2016-11-10T01:03:13: 非记录时间：2016-11-10T01:03:13+08:00
2016-11-10T01:03:23: 非记录时间：2016-11-10T01:03:23+08:00
2016-11-10T01:03:33: 非记录时间：2016-11-10T01:03:33+08:00
2016-11-10T01:03:43: 非记录时间：2016-11-10T01:03:43+08:00
2016-11-10T01:03:53: 非记录时间：2016-11-10T01:03:53+08:00
2016-11-10T01:04:03: 非记录时间：2016-11-10T01:04:03+08:00
2016-11-10T01:04:13: 非记录时间：2016-11-10T01:04:13+08:00
2016-11-10T01:04:23: 非记录时间：2016-11-10T01:04:23+08:00
2016-11-10T01:04:33: 非记录时间：2016-11-10T01:04:33+08:00
2016-11-10T01:04:43: 非记录时间：2016-11-10T01:04:43+08:00
2016-11-10T01:04:53: 非记录时间：2016-11-10T01:04:53+08:00
2016-11-10T01:05:03: 非记录时间：2016-11-10T01:05:03+08:00
2016-11-10T01:05:13: 非记录时间：2016-11-10T01:05:13+08:00
2016-11-10T01:05:23: 非记录时间：2016-11-10T01:05:23+08:00
2016-11-10T01:05:33: 非记录时间：2016-11-10T01:05:33+08:00
2016-11-10T01:05:43: 非记录时间：2016-11-10T01:05:43+08:00
2016-11-10T01:05:53: 非记录时间：2016-11-10T01:05:53+08:00
2016-11-10T01:06:03: 非记录时间：2016-11-10T01:06:03+08:00
2016-11-10T01:06:13: 非记录时间：2016-11-10T01:06:13+08:00
2016-11-10T01:06:23: 非记录时间：2016-11-10T01:06:23+08:00
2016-11-10T01:06:33: 非记录时间：2016-11-10T01:06:33+08:00
2016-11-10T01:06:43: 非记录时间：2016-11-10T01:06:43+08:00
2016-11-10T01:06:53: 非记录时间：2016-11-10T01:06:53+08:00
2016-11-10T01:07:03: 非记录时间：2016-11-10T01:07:03+08:00
2016-11-10T01:07:13: 非记录时间：2016-11-10T01:07:13+08:00
2016-11-10T01:07:23: 非记录时间：2016-11-10T01:07:23+08:00
2016-11-10T01:07:33: 非记录时间：2016-11-10T01:07:33+08:00
2016-11-10T01:07:43: 非记录时间：2016-11-10T01:07:43+08:00
2016-11-10T01:07:53: 非记录时间：2016-11-10T01:07:53+08:00
2016-11-10T01:08:03: 非记录时间：2016-11-10T01:08:03+08:00
2016-11-10T01:08:13: 非记录时间：2016-11-10T01:08:13+08:00
2016-11-10T01:08:23: 非记录时间：2016-11-10T01:08:23+08:00
2016-11-10T01:08:33: 非记录时间：2016-11-10T01:08:33+08:00
2016-11-10T01:08:43: 非记录时间：2016-11-10T01:08:43+08:00
2016-11-10T01:08:53: 非记录时间：2016-11-10T01:08:53+08:00
2016-11-10T01:09:03: 非记录时间：2016-11-10T01:09:03+08:00
2016-11-10T01:09:13: 非记录时间：2016-11-10T01:09:13+08:00
2016-11-10T01:09:23: 非记录时间：2016-11-10T01:09:23+08:00
2016-11-10T01:09:33: 非记录时间：2016-11-10T01:09:33+08:00
2016-11-10T01:09:43: 非记录时间：2016-11-10T01:09:43+08:00
2016-11-10T01:09:53: 非记录时间：2016-11-10T01:09:53+08:00
2016-11-10T01:10:03: 非记录时间：2016-11-10T01:10:03+08:00
2016-11-10T01:10:13: 非记录时间：2016-11-10T01:10:13+08:00
2016-11-10T01:10:23: 非记录时间：2016-11-10T01:10:23+08:00
2016-11-10T01:10:33: 非记录时间：2016-11-10T01:10:33+08:00
2016-11-10T01:10:43: 非记录时间：2016-11-10T01:10:43+08:00
2016-11-10T01:10:53: 非记录时间：2016-11-10T01:10:53+08:00
2016-11-10T01:11:04: 读取文件失败，可能是该文件不存在
2016-11-10T01:11:04: Error: ENOENT: no such file or directory, open './data/2016-11-10.json'
2016-11-10T01:11:14: 读取文件成功
2016-11-10T01:11:24: 读取文件成功
2016-11-10T01:11:34: 读取文件成功
2016-11-10T01:11:44: 读取文件成功
2016-11-10T01:11:54: 读取文件成功
2016-11-10T01:12:04: 读取文件成功
2016-11-10T01:12:14: 读取文件成功
2016-11-10T01:12:24: 读取文件成功
2016-11-10T01:12:34: 读取文件成功
2016-11-10T01:12:44: 读取文件成功
2016-11-10T01:12:54: 读取文件成功
2016-11-10T01:13:04: 读取文件成功
2016-11-10T01:13:14: 读取文件成功
2016-11-10T01:13:24: 读取文件成功
2016-11-10T01:13:34: 读取文件成功
2016-11-10T01:13:44: 读取文件成功
2016-11-10T01:13:54: 读取文件成功
2016-11-10T01:14:04: 读取文件成功
2016-11-10T01:14:14: 读取文件成功
2016-11-10T01:14:24: 读取文件成功
2016-11-10T01:14:34: 读取文件成功
2016-11-10T01:14:44: 读取文件成功
2016-11-10T01:14:54: 读取文件成功
2016-11-10T01:15:04: 读取文件成功
2016-11-10T01:15:14: 读取文件成功
2016-11-10T01:15:24: 读取文件成功
2016-11-10T01:15:34: 读取文件成功
2016-11-10T01:15:44: 读取文件成功
2016-11-10T01:15:54: 读取文件成功
2016-11-10T01:16:04: 读取文件成功
2016-11-10T01:16:14: 读取文件成功
2016-11-10T01:16:24: 读取文件成功
2016-11-10T01:16:34: 读取文件成功
2016-11-10T01:16:44: 读取文件成功
2016-11-10T01:16:54: 读取文件成功
2016-11-10T01:17:04: 读取文件成功
2016-11-10T01:17:14: 读取文件成功
2016-11-10T01:17:24: 读取文件成功
2016-11-10T01:17:34: 读取文件成功
2016-11-10T01:17:44: 读取文件成功
2016-11-10T01:17:54: 读取文件成功
2016-11-10T01:18:04: 读取文件成功
2016-11-10T01:18:14: 读取文件成功
2016-11-10T01:18:24: 读取文件成功
2016-11-10T01:18:34: 读取文件成功
2016-11-10T01:18:44: 读取文件成功
2016-11-10T01:18:54: 读取文件成功
2016-11-10T01:19:04: 读取文件成功
2016-11-10T01:19:14: 读取文件成功
2016-11-10T01:19:24: 读取文件成功
2016-11-10T01:19:34: 读取文件成功
2016-11-10T01:19:44: 读取文件成功
2016-11-10T01:19:54: 读取文件成功
2016-11-10T01:20:04: 读取文件成功
2016-11-10T01:20:14: 读取文件成功
2016-11-10T01:20:24: 读取文件成功
2016-11-10T01:20:34: 读取文件成功
2016-11-10T01:20:44: 读取文件成功
2016-11-10T01:20:54: 读取文件成功
2016-11-10T01:21:04: 读取文件成功
2016-11-10T01:21:14: 读取文件成功
2016-11-10T01:21:24: 读取文件成功
2016-11-10T01:21:34: 读取文件成功
2016-11-10T01:21:44: 读取文件成功
2016-11-10T01:21:54: 读取文件成功
2016-11-10T01:22:04: 读取文件成功
2016-11-10T01:22:14: 读取文件成功
2016-11-10T01:22:24: 读取文件成功
2016-11-10T01:22:34: 读取文件成功
2016-11-10T01:22:44: 读取文件成功
2016-11-10T01:22:54: 读取文件成功
2016-11-10T01:23:04: 读取文件成功
2016-11-10T01:23:14: 读取文件成功
2016-11-10T01:23:24: 读取文件成功
2016-11-10T01:23:34: 读取文件成功
2016-11-10T01:23:44: 读取文件成功
2016-11-10T01:23:54: 读取文件成功
2016-11-10T01:24:04: 读取文件成功
2016-11-10T01:24:14: 读取文件成功
2016-11-10T01:24:24: 读取文件成功
2016-11-10T01:24:34: 读取文件成功
2016-11-10T01:24:44: 读取文件成功
2016-11-10T01:24:54: 读取文件成功
2016-11-10T01:25:04: 读取文件成功
2016-11-10T01:25:14: 读取文件成功
2016-11-10T01:25:24: 读取文件成功
2016-11-10T01:25:34: 读取文件成功
2016-11-10T01:25:44: 读取文件成功
2016-11-10T01:25:54: 读取文件成功
2016-11-10T01:26:04: 读取文件成功
2016-11-10T01:26:14: 读取文件成功
2016-11-10T01:26:24: 读取文件成功
2016-11-10T01:26:35: 读取文件成功
2016-11-10T01:26:44: 读取文件成功
2016-11-10T01:26:54: 读取文件成功
2016-11-10T01:27:04: 读取文件成功
2016-11-10T01:27:14: 读取文件成功
2016-11-10T01:27:24: 读取文件成功
2016-11-10T01:27:34: 读取文件成功
2016-11-10T01:27:44: 读取文件成功
2016-11-10T01:27:54: 读取文件成功
2016-11-10T01:28:04: 读取文件成功
2016-11-10T01:28:14: 读取文件成功
2016-11-10T01:28:24: 读取文件成功
2016-11-10T01:28:34: 读取文件成功
2016-11-10T01:28:44: 读取文件成功
2016-11-10T01:28:54: 读取文件成功
2016-11-10T01:29:04: 读取文件成功
2016-11-10T01:29:14: 读取文件成功
2016-11-10T01:29:24: 读取文件成功
2016-11-10T01:29:34: 读取文件成功
2016-11-10T01:29:44: 读取文件成功
2016-11-10T01:29:54: 读取文件成功
2016-11-10T01:30:04: 读取文件成功
2016-11-10T01:30:14: 读取文件成功
2016-11-10T01:30:24: 读取文件成功
2016-11-10T01:30:35: 读取文件成功
2016-11-10T01:30:45: 读取文件成功
2016-11-10T01:30:55: 读取文件成功
2016-11-10T01:31:05: 读取文件成功
2016-11-10T01:31:15: 读取文件成功
2016-11-10T01:31:25: 读取文件成功
2016-11-10T01:31:35: 读取文件成功
2016-11-10T01:31:45: 读取文件成功
2016-11-10T01:31:55: 读取文件成功
2016-11-10T01:32:05: 读取文件成功
2016-11-10T01:32:15: 读取文件成功
2016-11-10T01:32:25: 读取文件成功
2016-11-10T01:32:35: 读取文件成功
2016-11-10T01:32:45: 读取文件成功
2016-11-10T01:32:55: 读取文件成功
2016-11-10T01:33:05: 读取文件成功
2016-11-10T01:33:15: 读取文件成功
2016-11-10T01:33:25: 读取文件成功
2016-11-10T01:33:35: 读取文件成功
2016-11-10T01:33:45: 读取文件成功
2016-11-10T01:33:55: 读取文件成功
2016-11-10T01:34:05: 读取文件成功
2016-11-10T01:34:15: 读取文件成功
2016-11-10T01:34:25: 读取文件成功
2016-11-10T01:34:35: 读取文件成功
2016-11-10T01:34:45: 读取文件成功
2016-11-10T01:34:55: 读取文件成功
2016-11-10T01:35:05: 读取文件成功
2016-11-10T01:35:15: 读取文件成功
2016-11-10T01:35:25: 读取文件成功
2016-11-10T01:35:35: 读取文件成功
2016-11-10T01:35:45: 读取文件成功
2016-11-10T01:35:55: 读取文件成功
2016-11-10T01:36:05: 读取文件成功
2016-11-10T01:36:15: 读取文件成功
2016-11-10T01:36:25: 读取文件成功
2016-11-10T01:36:35: 读取文件成功
2016-11-10T01:36:45: 读取文件成功
2016-11-10T01:36:55: 读取文件成功
2016-11-10T01:37:05: 读取文件成功
2016-11-10T01:37:15: 读取文件成功
2016-11-10T01:37:25: 读取文件成功
2016-11-10T01:37:35: 读取文件成功
2016-11-10T01:37:45: 读取文件成功
2016-11-10T01:37:55: 读取文件成功
2016-11-10T01:38:05: 读取文件成功
2016-11-10T01:38:15: 读取文件成功
2016-11-10T01:38:25: 读取文件成功
2016-11-10T01:38:35: 读取文件成功
2016-11-10T01:38:45: 读取文件成功
2016-11-10T01:38:55: 读取文件成功
2016-11-10T01:39:05: 读取文件成功
2016-11-10T01:39:15: 读取文件成功
2016-11-10T01:39:25: 读取文件成功
2016-11-10T01:39:35: 读取文件成功
2016-11-10T01:39:45: 读取文件成功
2016-11-10T01:39:55: 读取文件成功
2016-11-10T01:40:05: 读取文件成功
2016-11-10T01:40:15: 读取文件成功
2016-11-10T01:40:25: 读取文件成功
2016-11-10T01:40:35: 读取文件成功
2016-11-10T01:40:45: 读取文件成功
2016-11-10T01:40:55: 读取文件成功
2016-11-10T01:41:05: 读取文件成功
2016-11-10T01:41:15: 读取文件成功
2016-11-10T01:41:25: 读取文件成功
2016-11-10T01:41:35: 读取文件成功
2016-11-10T01:41:45: 读取文件成功
2016-11-10T01:41:55: 读取文件成功
2016-11-10T01:42:05: 读取文件成功
2016-11-10T01:42:15: 读取文件成功
2016-11-10T01:42:25: 读取文件成功
2016-11-10T01:42:35: 读取文件成功
2016-11-10T01:42:45: 读取文件成功
2016-11-10T01:42:55: 读取文件成功
2016-11-10T01:43:05: 读取文件成功
2016-11-10T01:43:15: 读取文件成功
2016-11-10T01:43:25: 读取文件成功
2016-11-10T01:43:35: 读取文件成功
2016-11-10T01:43:45: 读取文件成功
2016-11-10T01:43:55: 读取文件成功
2016-11-10T01:44:05: 读取文件成功
2016-11-10T01:44:15: 读取文件成功
2016-11-10T01:44:25: 读取文件成功
2016-11-10T01:44:35: 读取文件成功
2016-11-10T01:44:45: 读取文件成功
2016-11-10T01:44:55: 读取文件成功
2016-11-10T01:45:05: 读取文件成功
2016-11-10T01:45:15: 读取文件成功
2016-11-10T01:45:25: 读取文件成功
2016-11-10T01:45:35: 读取文件成功
2016-11-10T01:45:45: 读取文件成功
2016-11-10T01:45:55: 读取文件成功
2016-11-10T01:46:05: 读取文件成功
2016-11-10T01:46:15: 读取文件成功
2016-11-10T01:46:25: 读取文件成功
2016-11-10T01:46:35: 读取文件成功
2016-11-10T01:46:45: 读取文件成功
2016-11-10T01:46:55: 读取文件成功
2016-11-10T01:47:05: 读取文件成功
2016-11-10T01:47:15: 读取文件成功
2016-11-10T01:47:25: 读取文件成功
2016-11-10T01:47:35: 读取文件成功
2016-11-10T01:47:45: 读取文件成功
2016-11-10T01:47:55: 读取文件成功
2016-11-10T01:48:05: 读取文件成功
2016-11-10T01:48:15: 读取文件成功
2016-11-10T01:48:25: 读取文件成功
2016-11-10T01:48:35: 读取文件成功
2016-11-10T01:48:45: 读取文件成功
2016-11-10T01:48:55: 读取文件成功
2016-11-10T01:49:05: 读取文件成功
2016-11-10T01:49:15: 读取文件成功
2016-11-10T01:49:25: 读取文件成功
2016-11-10T01:49:35: 读取文件成功
2016-11-10T01:49:45: 读取文件成功
2016-11-10T01:49:56: 读取文件成功
2016-11-10T01:50:05: 读取文件成功
2016-11-10T01:50:15: 读取文件成功
2016-11-10T01:50:25: 读取文件成功
2016-11-10T01:50:35: 读取文件成功
2016-11-10T01:50:45: 读取文件成功
2016-11-10T01:50:55: 读取文件成功
2016-11-10T01:51:05: 读取文件成功
2016-11-10T01:51:15: 读取文件成功
2016-11-10T01:51:25: 读取文件成功
2016-11-10T01:51:35: 读取文件成功
2016-11-10T01:51:45: 读取文件成功
2016-11-10T01:51:55: 读取文件成功
2016-11-10T01:52:05: 读取文件成功
2016-11-10T01:52:16: 读取文件成功
2016-11-10T01:52:25: 读取文件成功
2016-11-10T01:52:35: 读取文件成功
2016-11-10T01:52:45: 读取文件成功
2016-11-10T01:52:55: 读取文件成功
2016-11-10T01:53:05: 读取文件成功
2016-11-10T01:53:15: 读取文件成功
2016-11-10T01:53:25: 读取文件成功
2016-11-10T01:53:35: 读取文件成功
2016-11-10T01:53:45: 读取文件成功
2016-11-10T01:53:55: 读取文件成功
2016-11-10T01:54:05: 读取文件成功
2016-11-10T01:54:16: 读取文件成功
2016-11-10T01:54:26: 读取文件成功
2016-11-10T01:54:35: 读取文件成功
2016-11-10T01:54:46: 读取文件成功
2016-11-10T01:54:56: 读取文件成功
2016-11-10T01:55:06: 读取文件成功
2016-11-10T01:55:16: 读取文件成功
2016-11-10T01:55:26: 读取文件成功
2016-11-10T01:55:36: 读取文件成功
2016-11-10T01:55:46: 读取文件成功
2016-11-10T01:55:56: 读取文件成功
2016-11-10T01:56:05: 读取文件成功
2016-11-10T01:56:16: 读取文件成功
2016-11-10T01:56:26: 读取文件成功
2016-11-10T01:56:36: 读取文件成功
2016-11-10T01:56:46: 读取文件成功
2016-11-10T01:56:56: 读取文件成功
2016-11-10T01:57:06: 读取文件成功
2016-11-10T01:57:16: 读取文件成功
2016-11-10T01:57:26: 读取文件成功
2016-11-10T01:57:36: 读取文件成功
2016-11-10T01:57:46: 读取文件成功
2016-11-10T01:57:56: 读取文件成功
2016-11-10T01:58:06: 读取文件成功
2016-11-10T01:58:16: 读取文件成功
2016-11-10T01:58:26: 读取文件成功
2016-11-10T01:58:36: 读取文件成功
2016-11-10T01:58:46: 读取文件成功
2016-11-10T01:58:56: 读取文件成功
2016-11-10T01:59:06: 读取文件成功
2016-11-10T01:59:16: 读取文件成功
2016-11-10T01:59:26: 读取文件成功
2016-11-10T01:59:36: 读取文件成功
2016-11-10T01:59:46: 读取文件成功
2016-11-10T01:59:56: 读取文件成功
2016-11-10T02:00:06: 读取文件成功
2016-11-10T02:00:16: 读取文件成功
2016-11-10T02:00:26: 读取文件成功
2016-11-10T02:00:36: 读取文件成功
2016-11-10T02:00:46: 读取文件成功
2016-11-10T02:00:56: 读取文件成功
2016-11-10T02:01:06: 读取文件成功
2016-11-10T02:01:16: 读取文件成功
2016-11-10T02:01:26: 读取文件成功
2016-11-10T02:01:36: 读取文件成功
2016-11-10T02:01:46: 读取文件成功
2016-11-10T02:01:56: 读取文件成功
2016-11-10T02:02:06: 读取文件成功
2016-11-10T02:02:16: 读取文件成功
2016-11-10T02:02:26: 读取文件成功
2016-11-10T02:02:36: 读取文件成功
2016-11-10T02:02:46: 读取文件成功
2016-11-10T02:02:56: 读取文件成功
2016-11-10T02:03:06: 读取文件成功
2016-11-10T02:03:16: 读取文件成功
2016-11-10T02:03:26: 读取文件成功
2016-11-10T02:03:36: 读取文件成功
2016-11-10T02:03:46: 读取文件成功
2016-11-10T02:03:56: 读取文件成功
2016-11-10T02:04:06: 读取文件成功
2016-11-10T02:04:16: 读取文件成功
2016-11-10T02:04:26: 读取文件成功
2016-11-10T02:04:36: 读取文件成功
2016-11-10T02:04:46: 读取文件成功
2016-11-10T02:04:56: 读取文件成功
2016-11-10T02:05:06: 读取文件成功
2016-11-10T02:05:16: 读取文件成功
2016-11-10T02:05:26: 读取文件成功
2016-11-10T02:05:36: 读取文件成功
2016-11-10T02:05:46: 读取文件成功
2016-11-10T02:05:56: 读取文件成功
2016-11-10T02:06:06: 读取文件成功
2016-11-10T02:06:16: 读取文件成功
2016-11-10T02:06:26: 读取文件成功
2016-11-10T02:06:36: 读取文件成功
2016-11-10T02:06:46: 读取文件成功
2016-11-10T02:06:56: 读取文件成功
2016-11-10T02:07:06: 读取文件成功
2016-11-10T02:07:16: 读取文件成功
2016-11-10T02:07:26: 读取文件成功
2016-11-10T02:07:36: 读取文件成功
2016-11-10T02:07:46: 读取文件成功
2016-11-10T02:07:56: 读取文件成功
2016-11-10T02:08:06: 读取文件成功
2016-11-10T02:08:16: 读取文件成功
2016-11-10T02:08:26: 读取文件成功
2016-11-10T02:08:36: 读取文件成功
2016-11-10T02:08:46: 读取文件成功
2016-11-10T02:08:56: 读取文件成功
2016-11-10T02:09:06: 读取文件成功
2016-11-10T02:09:16: 读取文件成功
2016-11-10T02:09:26: 读取文件成功
2016-11-10T02:09:36: 读取文件成功
2016-11-10T02:09:46: 读取文件成功
2016-11-10T02:09:56: 读取文件成功
2016-11-10T02:10:06: 读取文件成功
2016-11-10T02:10:16: 读取文件成功
2016-11-10T02:10:26: 读取文件成功
2016-11-10T02:10:36: 读取文件成功
2016-11-10T02:10:46: 读取文件成功
2016-11-10T02:10:56: 读取文件成功
2016-11-10T02:11:06: 读取文件成功
2016-11-10T02:11:16: 读取文件成功
2016-11-10T02:11:26: 读取文件成功
2016-11-10T02:11:36: 读取文件成功
2016-11-10T02:11:46: 读取文件成功
2016-11-10T02:11:56: 读取文件成功
2016-11-10T02:12:06: 读取文件成功
2016-11-10T02:12:16: 读取文件成功
2016-11-10T02:12:26: 读取文件成功
2016-11-10T02:12:36: 读取文件成功
2016-11-10T02:12:46: 读取文件成功
2016-11-10T02:12:56: 读取文件成功
2016-11-10T02:13:06: 读取文件成功
2016-11-10T02:13:16: 读取文件成功
2016-11-10T02:13:26: 读取文件成功
2016-11-10T02:13:36: 读取文件成功
2016-11-10T02:13:46: 读取文件成功
2016-11-10T02:13:56: 读取文件成功
2016-11-10T02:14:06: 读取文件成功
2016-11-10T02:14:16: 读取文件成功
2016-11-10T02:14:26: 读取文件成功
2016-11-10T02:14:36: 读取文件成功
2016-11-10T02:14:46: 读取文件成功
2016-11-10T02:14:56: 读取文件成功
2016-11-10T02:15:06: 读取文件成功
2016-11-10T02:15:16: 读取文件成功
2016-11-10T02:15:26: 读取文件成功
2016-11-10T02:15:36: 读取文件成功
2016-11-10T02:15:46: 读取文件成功
2016-11-10T02:15:56: 读取文件成功
2016-11-10T02:16:06: 读取文件成功
2016-11-10T02:16:16: 读取文件成功
2016-11-10T02:16:26: 读取文件成功
2016-11-10T02:16:36: 读取文件成功
2016-11-10T02:16:46: 读取文件成功
2016-11-10T02:16:56: 读取文件成功
2016-11-10T02:17:06: 读取文件成功
2016-11-10T02:17:16: 读取文件成功
2016-11-10T02:17:26: 读取文件成功
2016-11-10T02:17:36: 读取文件成功
2016-11-10T02:17:46: 读取文件成功
2016-11-10T02:17:57: 读取文件成功
2016-11-10T02:18:06: 读取文件成功
2016-11-10T02:18:17: 读取文件成功
2016-11-10T02:18:26: 读取文件成功
2016-11-10T02:18:37: 读取文件成功
2016-11-10T02:18:47: 读取文件成功
2016-11-10T02:18:57: 读取文件成功
2016-11-10T02:19:07: 读取文件成功
2016-11-10T02:19:17: 读取文件成功
2016-11-10T02:19:27: 读取文件成功
2016-11-10T02:19:37: 读取文件成功
2016-11-10T02:19:47: 读取文件成功
2016-11-10T02:19:57: 读取文件成功
2016-11-10T02:20:07: 读取文件成功
2016-11-10T02:20:17: 读取文件成功
2016-11-10T02:20:27: 读取文件成功
2016-11-10T02:20:37: 读取文件成功
2016-11-10T02:20:47: 读取文件成功
2016-11-10T02:20:57: 读取文件成功
2016-11-10T02:21:07: 读取文件成功
2016-11-10T02:21:17: 读取文件成功
2016-11-10T02:21:27: 读取文件成功
2016-11-10T02:21:37: 读取文件成功
2016-11-10T02:21:47: 读取文件成功
2016-11-10T02:21:57: 读取文件成功
2016-11-10T02:22:07: 读取文件成功
2016-11-10T02:22:17: 读取文件成功
2016-11-10T02:22:27: 读取文件成功
2016-11-10T02:22:37: 读取文件成功
2016-11-10T02:22:47: 读取文件成功
2016-11-10T02:22:57: 读取文件成功
2016-11-10T02:23:07: 读取文件成功
2016-11-10T02:23:17: 读取文件成功
2016-11-10T02:23:27: 读取文件成功
2016-11-10T02:23:37: 读取文件成功
2016-11-10T02:23:47: 读取文件成功
2016-11-10T02:23:57: 读取文件成功
2016-11-10T02:24:07: 读取文件成功
2016-11-10T02:24:17: 读取文件成功
2016-11-10T02:24:27: 读取文件成功
2016-11-10T02:24:37: 读取文件成功
2016-11-10T02:24:47: 读取文件成功
2016-11-10T02:24:57: 读取文件成功
2016-11-10T02:25:07: 读取文件成功
2016-11-10T02:25:17: 读取文件成功
2016-11-10T02:25:27: 读取文件成功
2016-11-10T02:25:37: 读取文件成功
2016-11-10T02:25:47: 读取文件成功
2016-11-10T02:25:57: 读取文件成功
2016-11-10T02:26:07: 读取文件成功
2016-11-10T02:26:17: 读取文件成功
2016-11-10T02:26:27: 读取文件成功
2016-11-10T02:26:37: 读取文件成功
2016-11-10T02:26:47: 读取文件成功
2016-11-10T02:26:57: 读取文件成功
2016-11-10T02:27:07: 读取文件成功
2016-11-10T02:27:17: 读取文件成功
2016-11-10T02:27:27: 读取文件成功
2016-11-10T02:27:37: 读取文件成功
2016-11-10T02:27:47: 读取文件成功
2016-11-10T02:27:57: 读取文件成功
2016-11-10T02:28:07: 读取文件成功
2016-11-10T02:28:17: 读取文件成功
2016-11-10T02:28:27: 读取文件成功
2016-11-10T02:28:37: 读取文件成功
2016-11-10T02:28:47: 读取文件成功
2016-11-10T02:28:57: 读取文件成功
2016-11-10T02:29:07: 读取文件成功
2016-11-10T02:29:17: 读取文件成功
2016-11-10T02:29:27: 读取文件成功
2016-11-10T02:29:37: 读取文件成功
2016-11-10T02:29:47: 读取文件成功
2016-11-10T02:29:57: 读取文件成功
2016-11-10T02:30:07: 读取文件成功
2016-11-10T02:30:17: 读取文件成功
2016-11-10T02:30:27: 读取文件成功
2016-11-10T02:30:37: 读取文件成功
2016-11-10T02:30:47: 读取文件成功
2016-11-10T02:30:57: 读取文件成功
2016-11-10T02:31:07: 读取文件成功
2016-11-10T02:31:17: 读取文件成功
2016-11-10T02:31:27: 读取文件成功
2016-11-10T02:31:37: 读取文件成功
2016-11-10T02:31:47: 读取文件成功
2016-11-10T02:31:57: 读取文件成功
2016-11-10T02:32:07: 读取文件成功
2016-11-10T02:32:17: 读取文件成功
2016-11-10T02:32:27: 读取文件成功
2016-11-10T02:32:37: 读取文件成功
2016-11-10T02:32:47: 读取文件成功
2016-11-10T02:32:57: 读取文件成功
2016-11-10T02:33:07: 读取文件成功
2016-11-10T02:33:17: 读取文件成功
2016-11-10T02:33:27: 读取文件成功
2016-11-10T02:33:37: 读取文件成功
2016-11-10T02:33:47: 读取文件成功
2016-11-10T02:33:57: 读取文件成功
2016-11-10T02:34:07: 读取文件成功
2016-11-10T02:34:17: 读取文件成功
2016-11-10T02:34:27: 读取文件成功
2016-11-10T02:34:37: 读取文件成功
2016-11-10T02:34:47: 读取文件成功
2016-11-10T02:34:57: 读取文件成功
2016-11-10T02:35:07: 读取文件成功
2016-11-10T02:35:17: 读取文件成功
2016-11-10T02:35:27: 读取文件成功
2016-11-10T02:35:37: 读取文件成功
2016-11-10T02:35:47: 读取文件成功
2016-11-10T02:35:57: 读取文件成功
2016-11-10T02:36:07: 读取文件成功
2016-11-10T02:36:17: 读取文件成功
2016-11-10T02:36:27: 读取文件成功
2016-11-10T02:36:37: 读取文件成功
2016-11-10T02:36:47: 读取文件成功
2016-11-10T02:36:57: 读取文件成功
2016-11-10T02:37:07: 读取文件成功
2016-11-10T02:37:17: 读取文件成功
2016-11-10T02:37:27: 读取文件成功
2016-11-10T02:37:37: 读取文件成功
2016-11-10T02:37:47: 读取文件成功
2016-11-10T02:37:57: 读取文件成功
2016-11-10T02:38:07: 读取文件成功
2016-11-10T02:38:17: 读取文件成功
2016-11-10T02:38:28: 读取文件成功
2016-11-10T02:38:38: 读取文件成功
2016-11-10T02:38:48: 读取文件成功
2016-11-10T02:38:58: 读取文件成功
2016-11-10T02:39:08: 读取文件成功
2016-11-10T02:39:18: 读取文件成功
2016-11-10T02:39:28: 读取文件成功
2016-11-10T02:39:38: 读取文件成功
2016-11-10T02:39:48: 读取文件成功
2016-11-10T02:39:58: 读取文件成功
2016-11-10T02:40:08: 读取文件成功
2016-11-10T02:40:18: 读取文件成功
2016-11-10T02:40:28: 读取文件成功
2016-11-10T02:40:38: 读取文件成功
2016-11-10T02:40:48: 读取文件成功
2016-11-10T02:40:58: 读取文件成功
2016-11-10T02:41:08: 读取文件成功
2016-11-10T02:41:18: 读取文件成功
2016-11-10T02:41:28: 读取文件成功
2016-11-10T02:41:38: 读取文件成功
2016-11-10T02:41:48: 读取文件成功
2016-11-10T02:41:58: 读取文件成功
2016-11-10T02:42:08: 读取文件成功
2016-11-10T02:42:18: 读取文件成功
2016-11-10T02:42:28: 读取文件成功
2016-11-10T02:42:38: 读取文件成功
2016-11-10T02:42:48: 读取文件成功
2016-11-10T02:42:58: 读取文件成功
2016-11-10T02:43:08: 读取文件成功
2016-11-10T02:43:18: 读取文件成功
2016-11-10T02:43:28: 读取文件成功
2016-11-10T02:43:38: 读取文件成功
2016-11-10T02:43:48: 读取文件成功
2016-11-10T02:43:58: 读取文件成功
2016-11-10T02:44:08: 读取文件成功
2016-11-10T02:44:18: 读取文件成功
2016-11-10T02:44:28: 读取文件成功
2016-11-10T02:44:38: 读取文件成功
2016-11-10T02:44:48: 读取文件成功
2016-11-10T02:44:58: 读取文件成功
2016-11-10T02:45:08: 读取文件成功
2016-11-10T02:45:18: 读取文件成功
2016-11-10T02:45:28: 读取文件成功
2016-11-10T02:45:38: 读取文件成功
2016-11-10T02:45:48: 读取文件成功
2016-11-10T02:45:58: 读取文件成功
2016-11-10T02:46:08: 读取文件成功
2016-11-10T02:46:18: 读取文件成功
2016-11-10T02:46:28: 读取文件成功
2016-11-10T02:46:38: 读取文件成功
2016-11-10T02:46:48: 读取文件成功
2016-11-10T02:46:58: 读取文件成功
2016-11-10T02:47:08: 读取文件成功
2016-11-10T02:47:18: 读取文件成功
2016-11-10T02:47:28: 读取文件成功
2016-11-10T02:47:38: 读取文件成功
2016-11-10T02:47:48: 读取文件成功
2016-11-10T02:47:58: 读取文件成功
2016-11-10T02:48:08: 读取文件成功
2016-11-10T02:48:18: 读取文件成功
2016-11-10T02:48:28: 读取文件成功
2016-11-10T02:48:38: 读取文件成功
2016-11-10T02:48:48: 读取文件成功
2016-11-10T02:48:58: 读取文件成功
2016-11-10T02:49:08: 读取文件成功
2016-11-10T02:49:18: 读取文件成功
2016-11-10T02:49:28: 读取文件成功
2016-11-10T02:49:38: 读取文件成功
2016-11-10T02:49:48: 读取文件成功
2016-11-10T02:49:58: 读取文件成功
2016-11-10T02:50:08: 读取文件成功
2016-11-10T02:50:18: 读取文件成功
2016-11-10T02:50:28: 读取文件成功
2016-11-10T02:50:38: 读取文件成功
2016-11-10T02:50:48: 读取文件成功
2016-11-10T02:50:58: 读取文件成功
2016-11-10T02:51:08: 读取文件成功
2016-11-10T02:51:18: 读取文件成功
2016-11-10T02:51:28: 读取文件成功
2016-11-10T02:51:38: 读取文件成功
2016-11-10T02:51:48: 读取文件成功
2016-11-10T02:51:58: 读取文件成功
2016-11-10T02:52:08: 读取文件成功
2016-11-10T02:52:18: 读取文件成功
2016-11-10T02:52:28: 读取文件成功
2016-11-10T02:52:38: 读取文件成功
2016-11-10T02:52:48: 读取文件成功
2016-11-10T02:52:58: 读取文件成功
2016-11-10T02:53:08: 读取文件成功
2016-11-10T02:53:18: 读取文件成功
2016-11-10T02:53:28: 读取文件成功
2016-11-10T02:53:38: 读取文件成功
2016-11-10T02:53:48: 读取文件成功
2016-11-10T02:53:58: 读取文件成功
2016-11-10T02:54:08: 读取文件成功
2016-11-10T02:54:18: 读取文件成功
2016-11-10T02:54:28: 读取文件成功
2016-11-10T02:54:38: 读取文件成功
2016-11-10T02:54:48: 读取文件成功
2016-11-10T02:54:58: 读取文件成功
2016-11-10T02:55:08: 读取文件成功
2016-11-10T02:55:18: 读取文件成功
2016-11-10T02:55:28: 读取文件成功
2016-11-10T02:55:38: 读取文件成功
2016-11-10T02:55:48: 读取文件成功
2016-11-10T02:55:58: 读取文件成功
2016-11-10T02:56:08: 读取文件成功
2016-11-10T02:56:18: 读取文件成功
2016-11-10T02:56:28: 读取文件成功
2016-11-10T02:56:38: 读取文件成功
2016-11-10T02:56:48: 读取文件成功
2016-11-10T02:56:58: 读取文件成功
2016-11-10T02:57:08: 读取文件成功
2016-11-10T02:57:18: 读取文件成功
2016-11-10T02:57:28: 读取文件成功
2016-11-10T02:57:38: 读取文件成功
2016-11-10T02:57:48: 读取文件成功
2016-11-10T02:57:58: 读取文件成功
2016-11-10T02:58:08: 读取文件成功
2016-11-10T02:58:18: 读取文件成功
2016-11-10T02:58:28: 读取文件成功
2016-11-10T02:58:38: 读取文件成功
2016-11-10T02:58:49: 读取文件成功
2016-11-10T02:58:59: 读取文件成功
2016-11-10T02:59:09: 读取文件成功
2016-11-10T02:59:19: 读取文件成功
2016-11-10T02:59:29: 读取文件成功
2016-11-10T02:59:39: 读取文件成功
2016-11-10T02:59:49: 读取文件成功
2016-11-10T02:59:59: 读取文件成功
2016-11-10T03:00:09: 读取文件成功
2016-11-10T03:00:19: 读取文件成功
2016-11-10T03:00:29: 读取文件成功
2016-11-10T03:00:39: 读取文件成功
2016-11-10T03:00:49: 读取文件成功
2016-11-10T03:00:59: 读取文件成功
2016-11-10T03:01:09: 读取文件成功
2016-11-10T03:01:19: 读取文件成功
2016-11-10T03:01:29: 读取文件成功
2016-11-10T03:01:39: 读取文件成功
2016-11-10T03:01:49: 读取文件成功
2016-11-10T03:01:59: 读取文件成功
2016-11-10T03:02:09: 读取文件成功
2016-11-10T03:02:19: 读取文件成功
2016-11-10T03:02:29: 读取文件成功
2016-11-10T03:02:39: 读取文件成功
2016-11-10T03:02:49: 读取文件成功
2016-11-10T03:02:59: 读取文件成功
2016-11-10T03:03:09: 读取文件成功
2016-11-10T03:03:19: 读取文件成功
2016-11-10T03:03:29: 读取文件成功
2016-11-10T03:03:39: 读取文件成功
2016-11-10T03:03:49: 读取文件成功
2016-11-10T03:03:59: 读取文件成功
2016-11-10T03:04:09: 读取文件成功
2016-11-10T03:04:19: 读取文件成功
2016-11-10T03:04:29: 读取文件成功
2016-11-10T03:04:39: 读取文件成功
2016-11-10T03:04:49: 读取文件成功
2016-11-10T03:04:59: 读取文件成功
2016-11-10T03:05:09: 读取文件成功
2016-11-10T03:05:19: 读取文件成功
2016-11-10T03:05:29: 读取文件成功
2016-11-10T03:05:39: 读取文件成功
2016-11-10T03:05:49: 读取文件成功
2016-11-10T03:05:59: 读取文件成功
2016-11-10T03:06:09: 读取文件成功
2016-11-10T03:06:19: 读取文件成功
2016-11-10T03:06:29: 读取文件成功
2016-11-10T03:06:39: 读取文件成功
2016-11-10T03:06:49: 读取文件成功
2016-11-10T03:06:59: 读取文件成功
2016-11-10T03:07:09: 读取文件成功
2016-11-10T03:07:19: 读取文件成功
2016-11-10T03:07:29: 读取文件成功
2016-11-10T03:07:39: 读取文件成功
2016-11-10T03:07:49: 读取文件成功
2016-11-10T03:07:59: 读取文件成功
2016-11-10T03:08:09: 读取文件成功
2016-11-10T03:08:19: 读取文件成功
2016-11-10T03:08:29: 读取文件成功
2016-11-10T03:08:39: 读取文件成功
2016-11-10T03:08:49: 读取文件成功
2016-11-10T03:08:59: 读取文件成功
2016-11-10T03:09:09: 读取文件成功
2016-11-10T03:09:19: 读取文件成功
2016-11-10T03:09:29: 读取文件成功
2016-11-10T03:09:39: 读取文件成功
2016-11-10T03:09:49: 读取文件成功
2016-11-10T03:09:59: 读取文件成功
2016-11-10T03:10:09: 读取文件成功
2016-11-10T03:10:19: 读取文件成功
2016-11-10T03:10:29: 读取文件成功
2016-11-10T03:10:39: 读取文件成功
2016-11-10T03:10:49: 读取文件成功
2016-11-10T03:10:59: 读取文件成功
2016-11-10T03:11:09: 读取文件成功
2016-11-10T03:11:19: 读取文件成功
2016-11-10T03:11:29: 读取文件成功
2016-11-10T03:11:39: 读取文件成功
2016-11-10T03:11:49: 读取文件成功
2016-11-10T03:11:59: 读取文件成功
2016-11-10T03:12:09: 读取文件成功
2016-11-10T03:12:19: 读取文件成功
2016-11-10T03:12:29: 读取文件成功
2016-11-10T03:12:39: 读取文件成功
2016-11-10T03:12:49: 读取文件成功
2016-11-10T03:12:59: 读取文件成功
2016-11-10T03:13:09: 读取文件成功
2016-11-10T03:13:19: 读取文件成功
2016-11-10T03:13:29: 读取文件成功
2016-11-10T03:13:39: 读取文件成功
2016-11-10T03:13:49: 读取文件成功
2016-11-10T03:13:59: 读取文件成功
2016-11-10T03:14:09: 读取文件成功
2016-11-10T03:14:19: 读取文件成功
2016-11-10T03:14:29: 读取文件成功
2016-11-10T03:14:39: 读取文件成功
2016-11-10T03:14:49: 读取文件成功
2016-11-10T03:14:59: 读取文件成功
2016-11-10T03:15:09: 读取文件成功
2016-11-10T03:15:19: 读取文件成功
2016-11-10T03:15:29: 读取文件成功
2016-11-10T03:15:39: 读取文件成功
2016-11-10T03:15:49: 读取文件成功
2016-11-10T03:15:59: 读取文件成功
2016-11-10T03:16:09: 读取文件成功
2016-11-10T03:16:19: 读取文件成功
2016-11-10T03:16:29: 读取文件成功
2016-11-10T03:16:39: 读取文件成功
2016-11-10T03:16:49: 读取文件成功
2016-11-10T03:16:59: 读取文件成功
2016-11-10T03:17:09: 读取文件成功
2016-11-10T03:17:19: 读取文件成功
2016-11-10T03:17:29: 读取文件成功
2016-11-10T03:17:39: 读取文件成功
2016-11-10T03:17:49: 读取文件成功
2016-11-10T03:17:59: 读取文件成功
2016-11-10T03:18:09: 读取文件成功
2016-11-10T03:18:19: 读取文件成功
2016-11-10T03:18:30: 读取文件成功
2016-11-10T03:18:39: 读取文件成功
2016-11-10T03:18:50: 读取文件成功
2016-11-10T03:19:00: 读取文件成功
2016-11-10T03:19:10: 读取文件成功
2016-11-10T03:19:20: 读取文件成功
2016-11-10T03:19:30: 读取文件成功
2016-11-10T03:19:40: 读取文件成功
2016-11-10T03:19:50: 读取文件成功
2016-11-10T03:20:00: 读取文件成功
2016-11-10T03:20:10: 读取文件成功
2016-11-10T03:20:20: 读取文件成功
2016-11-10T03:20:30: 读取文件成功
2016-11-10T03:20:40: 读取文件成功
2016-11-10T03:20:50: 读取文件成功
2016-11-10T03:21:00: 读取文件成功
2016-11-10T03:21:10: 读取文件成功
2016-11-10T03:21:20: 读取文件成功
2016-11-10T03:21:30: 读取文件成功
2016-11-10T03:21:40: 读取文件成功
2016-11-10T03:21:50: 读取文件成功
2016-11-10T03:22:00: 读取文件成功
2016-11-10T03:22:10: 读取文件成功
2016-11-10T03:22:20: 读取文件成功
2016-11-10T03:22:30: 读取文件成功
2016-11-10T03:22:40: 读取文件成功
2016-11-10T03:22:50: 读取文件成功
2016-11-10T03:23:00: 读取文件成功
2016-11-10T03:23:10: 读取文件成功
2016-11-10T03:23:20: 读取文件成功
2016-11-10T03:23:30: 读取文件成功
2016-11-10T03:23:40: 读取文件成功
2016-11-10T03:23:50: 读取文件成功
2016-11-10T03:24:00: 读取文件成功
2016-11-10T03:24:10: 读取文件成功
2016-11-10T03:24:20: 读取文件成功
2016-11-10T03:24:30: 读取文件成功
2016-11-10T03:24:40: 读取文件成功
2016-11-10T03:24:50: 读取文件成功
2016-11-10T03:25:00: 读取文件成功
2016-11-10T03:25:10: 读取文件成功
2016-11-10T03:25:20: 读取文件成功
2016-11-10T03:25:30: 读取文件成功
2016-11-10T03:25:40: 读取文件成功
2016-11-10T03:25:50: 读取文件成功
2016-11-10T03:26:00: 读取文件成功
2016-11-10T03:26:10: 读取文件成功
2016-11-10T03:26:20: 读取文件成功
2016-11-10T03:26:30: 读取文件成功
2016-11-10T03:26:40: 读取文件成功
2016-11-10T03:26:50: 读取文件成功
2016-11-10T03:27:00: 读取文件成功
2016-11-10T03:27:10: 读取文件成功
2016-11-10T03:27:20: 读取文件成功
2016-11-10T03:27:30: 读取文件成功
2016-11-10T03:27:40: 读取文件成功
2016-11-10T03:27:50: 读取文件成功
2016-11-10T03:28:00: 读取文件成功
2016-11-10T03:28:10: 读取文件成功
2016-11-10T03:28:20: 读取文件成功
2016-11-10T03:28:30: 读取文件成功
2016-11-10T03:28:40: 读取文件成功
2016-11-10T03:28:50: 读取文件成功
2016-11-10T03:29:00: 读取文件成功
2016-11-10T03:29:10: 读取文件成功
2016-11-10T03:29:20: 读取文件成功
2016-11-10T03:29:30: 读取文件成功
2016-11-10T03:29:40: 读取文件成功
2016-11-10T03:29:50: 读取文件成功
2016-11-10T03:30:00: 读取文件成功
2016-11-10T03:30:10: 读取文件成功
2016-11-10T03:30:20: 读取文件成功
2016-11-10T03:30:30: 读取文件成功
2016-11-10T03:30:40: 读取文件成功
2016-11-10T03:30:50: 读取文件成功
2016-11-10T03:31:00: 读取文件成功
2016-11-10T03:31:10: 读取文件成功
2016-11-10T03:31:20: 读取文件成功
2016-11-10T03:31:30: 读取文件成功
2016-11-10T03:31:40: 读取文件成功
2016-11-10T03:31:50: 读取文件成功
2016-11-10T03:32:00: 读取文件成功
2016-11-10T03:32:10: 读取文件成功
2016-11-10T03:32:20: 读取文件成功
2016-11-10T03:32:30: 读取文件成功
2016-11-10T03:32:40: 读取文件成功
2016-11-10T03:32:50: 读取文件成功
2016-11-10T03:33:00: 读取文件成功
2016-11-10T03:33:10: 读取文件成功
2016-11-10T03:33:20: 读取文件成功
2016-11-10T03:33:30: 读取文件成功
2016-11-10T03:33:40: 读取文件成功
2016-11-10T03:33:50: 读取文件成功
2016-11-10T03:34:00: 读取文件成功
2016-11-10T03:34:10: 读取文件成功
2016-11-10T03:34:20: 读取文件成功
2016-11-10T03:34:30: 读取文件成功
2016-11-10T03:34:40: 读取文件成功
2016-11-10T03:34:50: 读取文件成功
2016-11-10T03:35:00: 读取文件成功
2016-11-10T03:35:10: 读取文件成功
2016-11-10T03:35:20: 读取文件成功
2016-11-10T03:35:30: 读取文件成功
2016-11-10T03:35:40: 读取文件成功
2016-11-10T03:35:50: 读取文件成功
2016-11-10T03:36:00: 读取文件成功
2016-11-10T03:36:10: 读取文件成功
2016-11-10T03:36:20: 读取文件成功
2016-11-10T03:36:30: 读取文件成功
2016-11-10T03:36:40: 读取文件成功
2016-11-10T03:36:50: 读取文件成功
2016-11-10T03:37:00: 读取文件成功
2016-11-10T03:37:10: 读取文件成功
2016-11-10T03:37:20: 读取文件成功
2016-11-10T03:37:30: 读取文件成功
2016-11-10T03:37:40: 读取文件成功
2016-11-10T03:37:50: 读取文件成功
2016-11-10T03:38:00: 读取文件成功
2016-11-10T03:38:10: 读取文件成功
2016-11-10T03:38:20: 读取文件成功
2016-11-10T03:38:30: 读取文件成功
2016-11-10T03:38:40: 读取文件成功
2016-11-10T03:38:50: 读取文件成功
2016-11-10T03:39:00: 读取文件成功
2016-11-10T03:39:10: 读取文件成功
2016-11-10T03:39:20: 读取文件成功
2016-11-10T03:39:30: 读取文件成功
2016-11-10T03:39:40: 读取文件成功
2016-11-10T03:39:50: 读取文件成功
2016-11-10T03:40:01: 读取文件成功
2016-11-10T03:40:11: 读取文件成功
2016-11-10T03:40:20: 读取文件成功
2016-11-10T03:40:31: 读取文件成功
2016-11-10T03:40:41: 读取文件成功
2016-11-10T03:40:51: 读取文件成功
2016-11-10T03:41:01: 读取文件成功
2016-11-10T03:41:11: 读取文件成功
2016-11-10T03:41:21: 读取文件成功
2016-11-10T03:41:31: 读取文件成功
2016-11-10T03:41:41: 读取文件成功
2016-11-10T03:41:51: 读取文件成功
2016-11-10T03:42:01: 读取文件成功
2016-11-10T03:42:11: 读取文件成功
2016-11-10T03:42:21: 读取文件成功
2016-11-10T03:42:31: 读取文件成功
2016-11-10T03:42:41: 读取文件成功
2016-11-10T03:42:51: 读取文件成功
2016-11-10T03:43:01: 读取文件成功
2016-11-10T03:43:11: 读取文件成功
2016-11-10T03:43:21: 读取文件成功
2016-11-10T03:43:31: 读取文件成功
2016-11-10T03:43:41: 读取文件成功
2016-11-10T03:43:51: 读取文件成功
2016-11-10T03:44:01: 读取文件成功
2016-11-10T03:44:11: 读取文件成功
2016-11-10T03:44:21: 读取文件成功
2016-11-10T03:44:31: 读取文件成功
2016-11-10T03:44:41: 读取文件成功
2016-11-10T03:44:51: 读取文件成功
2016-11-10T03:45:01: 读取文件成功
2016-11-10T03:45:11: 读取文件成功
2016-11-10T03:45:21: 读取文件成功
2016-11-10T03:45:31: 读取文件成功
2016-11-10T03:45:41: 读取文件成功
2016-11-10T03:45:51: 读取文件成功
2016-11-10T03:46:01: 读取文件成功
2016-11-10T03:46:11: 读取文件成功
2016-11-10T03:46:21: 读取文件成功
2016-11-10T03:46:31: 读取文件成功
2016-11-10T03:46:41: 读取文件成功
2016-11-10T03:46:51: 读取文件成功
2016-11-10T03:47:01: 读取文件成功
2016-11-10T03:47:11: 读取文件成功
2016-11-10T03:47:21: 读取文件成功
2016-11-10T03:47:31: 读取文件成功
2016-11-10T03:47:41: 读取文件成功
2016-11-10T03:47:51: 读取文件成功
2016-11-10T03:48:01: 读取文件成功
2016-11-10T03:48:11: 读取文件成功
2016-11-10T03:48:21: 读取文件成功
2016-11-10T03:48:31: 读取文件成功
2016-11-10T03:48:41: 读取文件成功
2016-11-10T03:48:51: 读取文件成功
2016-11-10T03:49:01: 读取文件成功
2016-11-10T03:49:11: 读取文件成功
2016-11-10T03:49:21: 读取文件成功
2016-11-10T03:49:31: 读取文件成功
2016-11-10T03:49:41: 读取文件成功
2016-11-10T03:49:51: 读取文件成功
2016-11-10T03:50:01: 读取文件成功
2016-11-10T03:50:11: 读取文件成功
2016-11-10T03:50:21: 读取文件成功
2016-11-10T03:50:31: 读取文件成功
2016-11-10T03:50:41: 读取文件成功
2016-11-10T03:50:51: 读取文件成功
2016-11-10T03:51:01: 读取文件成功
2016-11-10T03:51:11: 读取文件成功
2016-11-10T03:51:21: 读取文件成功
2016-11-10T03:51:31: 读取文件成功
2016-11-10T03:51:41: 读取文件成功
2016-11-10T03:51:51: 读取文件成功
2016-11-10T03:52:01: 读取文件成功
2016-11-10T03:52:11: 读取文件成功
2016-11-10T03:52:21: 读取文件成功
2016-11-10T03:52:31: 读取文件成功
2016-11-10T03:52:41: 读取文件成功
2016-11-10T03:52:51: 读取文件成功
2016-11-10T03:53:01: 读取文件成功
2016-11-10T03:53:11: 读取文件成功
2016-11-10T03:53:21: 读取文件成功
2016-11-10T03:53:31: 读取文件成功
2016-11-10T03:53:41: 读取文件成功
2016-11-10T03:53:51: 读取文件成功
2016-11-10T03:54:01: 读取文件成功
2016-11-10T03:54:11: 读取文件成功
2016-11-10T03:54:21: 读取文件成功
2016-11-10T03:54:31: 读取文件成功
2016-11-10T03:54:41: 读取文件成功
2016-11-10T03:54:51: 读取文件成功
2016-11-10T03:55:01: 读取文件成功
2016-11-10T03:55:11: 读取文件成功
2016-11-10T03:55:21: 读取文件成功
2016-11-10T03:55:31: 读取文件成功
2016-11-10T03:55:41: 读取文件成功
2016-11-10T03:55:51: 读取文件成功
2016-11-10T03:56:01: 读取文件成功
2016-11-10T03:56:11: 读取文件成功
2016-11-10T03:56:21: 读取文件成功
2016-11-10T03:56:31: 读取文件成功
2016-11-10T03:56:41: 读取文件成功
2016-11-10T03:56:51: 读取文件成功
2016-11-10T03:57:01: 读取文件成功
2016-11-10T03:57:11: 读取文件成功
2016-11-10T03:57:21: 读取文件成功
2016-11-10T03:57:31: 读取文件成功
2016-11-10T03:57:41: 读取文件成功
2016-11-10T03:57:51: 读取文件成功
2016-11-10T03:58:01: 读取文件成功
2016-11-10T03:58:11: 读取文件成功
2016-11-10T03:58:21: 读取文件成功
2016-11-10T03:58:31: 读取文件成功
2016-11-10T03:58:41: 读取文件成功
2016-11-10T03:58:51: 读取文件成功
2016-11-10T03:59:01: 读取文件成功
2016-11-10T03:59:11: 读取文件成功
2016-11-10T03:59:21: 读取文件成功
2016-11-10T03:59:31: 读取文件成功
2016-11-10T03:59:41: 读取文件成功
2016-11-10T03:59:51: 读取文件成功
2016-11-10T04:00:01: 读取文件成功
2016-11-10T04:00:11: 读取文件成功
2016-11-10T04:00:21: 读取文件成功
2016-11-10T04:00:32: 读取文件成功
2016-11-10T04:00:41: 读取文件成功
2016-11-10T04:00:51: 读取文件成功
2016-11-10T04:01:01: 读取文件成功
2016-11-10T04:01:11: 读取文件成功
2016-11-10T04:01:21: 读取文件成功
2016-11-10T04:01:31: 读取文件成功
2016-11-10T04:01:41: 读取文件成功
2016-11-10T04:01:52: 读取文件成功
2016-11-10T04:02:02: 读取文件成功
2016-11-10T04:02:12: 读取文件成功
2016-11-10T04:02:22: 读取文件成功
2016-11-10T04:02:32: 读取文件成功
2016-11-10T04:02:42: 读取文件成功
2016-11-10T04:02:52: 读取文件成功
2016-11-10T04:03:02: 读取文件成功
2016-11-10T04:03:12: 读取文件成功
2016-11-10T04:03:22: 读取文件成功
2016-11-10T04:03:32: 读取文件成功
2016-11-10T04:03:42: 读取文件成功
2016-11-10T04:03:52: 读取文件成功
2016-11-10T04:04:02: 读取文件成功
2016-11-10T04:04:12: 读取文件成功
2016-11-10T04:04:22: 读取文件成功
2016-11-10T04:04:32: 读取文件成功
2016-11-10T04:04:42: 读取文件成功
2016-11-10T04:04:52: 读取文件成功
2016-11-10T04:05:02: 读取文件成功
2016-11-10T04:05:12: 读取文件成功
2016-11-10T04:05:22: 读取文件成功
2016-11-10T04:05:32: 读取文件成功
2016-11-10T04:05:42: 读取文件成功
2016-11-10T04:05:52: 读取文件成功
2016-11-10T04:06:02: 读取文件成功
2016-11-10T04:06:12: 读取文件成功
2016-11-10T04:06:22: 读取文件成功
2016-11-10T04:06:32: 读取文件成功
2016-11-10T04:06:42: 读取文件成功
2016-11-10T04:06:52: 读取文件成功
2016-11-10T04:07:02: 读取文件成功
2016-11-10T04:07:12: 读取文件成功
2016-11-10T04:07:22: 读取文件成功
2016-11-10T04:07:32: 读取文件成功
2016-11-10T04:07:42: 读取文件成功
2016-11-10T04:07:52: 读取文件成功
2016-11-10T04:08:02: 读取文件成功
2016-11-10T04:08:12: 读取文件成功
2016-11-10T04:08:22: 读取文件成功
2016-11-10T04:08:32: 读取文件成功
2016-11-10T04:08:42: 读取文件成功
2016-11-10T04:08:52: 读取文件成功
2016-11-10T04:09:02: 读取文件成功
2016-11-10T04:09:12: 读取文件成功
2016-11-10T04:09:22: 读取文件成功
2016-11-10T04:09:32: 读取文件成功
2016-11-10T04:09:42: 读取文件成功
2016-11-10T04:09:52: 读取文件成功
2016-11-10T04:10:02: 读取文件成功
2016-11-10T04:10:12: 读取文件成功
2016-11-10T04:10:22: 读取文件成功
2016-11-10T04:10:32: 读取文件成功
2016-11-10T04:10:42: 读取文件成功
2016-11-10T04:10:52: 读取文件成功
2016-11-10T04:11:02: 读取文件成功
2016-11-10T04:11:12: 读取文件成功
2016-11-10T04:11:22: 读取文件成功
2016-11-10T04:11:32: 读取文件成功
2016-11-10T04:11:42: 读取文件成功
2016-11-10T04:11:52: 读取文件成功
2016-11-10T04:12:02: 读取文件成功
2016-11-10T04:12:12: 读取文件成功
2016-11-10T04:12:22: 读取文件成功
2016-11-10T04:12:32: 读取文件成功
2016-11-10T04:12:42: 读取文件成功
2016-11-10T04:12:52: 读取文件成功
2016-11-10T04:13:02: 读取文件成功
2016-11-10T04:13:12: 读取文件成功
2016-11-10T04:13:22: 读取文件成功
2016-11-10T04:13:32: 读取文件成功
2016-11-10T04:13:42: 读取文件成功
2016-11-10T04:13:52: 读取文件成功
2016-11-10T04:14:02: 读取文件成功
2016-11-10T04:14:12: 读取文件成功
2016-11-10T04:14:22: 读取文件成功
2016-11-10T04:14:32: 读取文件成功
2016-11-10T04:14:42: 读取文件成功
2016-11-10T04:14:52: 读取文件成功
2016-11-10T04:15:02: 读取文件成功
2016-11-10T04:15:12: 读取文件成功
2016-11-10T04:15:22: 读取文件成功
2016-11-10T04:15:32: 读取文件成功
2016-11-10T04:15:42: 读取文件成功
2016-11-10T04:15:52: 读取文件成功
2016-11-10T04:16:02: 读取文件成功
2016-11-10T04:16:12: 读取文件成功
2016-11-10T04:16:22: 读取文件成功
2016-11-10T04:16:32: 读取文件成功
2016-11-10T04:16:42: 读取文件成功
2016-11-10T04:16:52: 读取文件成功
2016-11-10T04:17:02: 读取文件成功
2016-11-10T04:17:12: 读取文件成功
2016-11-10T04:17:22: 读取文件成功
2016-11-10T04:17:32: 读取文件成功
2016-11-10T04:17:42: 读取文件成功
2016-11-10T04:17:52: 读取文件成功
2016-11-10T04:18:02: 读取文件成功
2016-11-10T04:18:12: 读取文件成功
2016-11-10T04:18:22: 读取文件成功
2016-11-10T04:18:32: 读取文件成功
2016-11-10T04:18:43: 读取文件成功
2016-11-10T04:18:53: 读取文件成功
2016-11-10T04:19:03: 读取文件成功
2016-11-10T04:19:13: 读取文件成功
2016-11-10T04:19:23: 读取文件成功
2016-11-10T04:19:33: 读取文件成功
2016-11-10T04:19:43: 读取文件成功
2016-11-10T04:19:53: 读取文件成功
2016-11-10T04:20:03: 读取文件成功
2016-11-10T04:20:13: 读取文件成功
2016-11-10T04:20:23: 读取文件成功
2016-11-10T04:20:33: 读取文件成功
2016-11-10T04:20:43: 读取文件成功
2016-11-10T04:20:53: 读取文件成功
2016-11-10T04:21:03: 读取文件成功
2016-11-10T04:21:13: 读取文件成功
2016-11-10T04:21:23: 读取文件成功
2016-11-10T04:21:33: 读取文件成功
2016-11-10T04:21:43: 读取文件成功
2016-11-10T04:21:53: 读取文件成功
2016-11-10T04:22:03: 读取文件成功
2016-11-10T04:22:13: 读取文件成功
2016-11-10T04:22:23: 读取文件成功
2016-11-10T04:22:33: 读取文件成功
2016-11-10T04:22:43: 读取文件成功
2016-11-10T04:22:53: 读取文件成功
2016-11-10T04:23:03: 读取文件成功
2016-11-10T04:23:13: 读取文件成功
2016-11-10T04:23:23: 读取文件成功
2016-11-10T04:23:33: 读取文件成功
2016-11-10T04:23:43: 读取文件成功
2016-11-10T04:23:53: 读取文件成功
2016-11-10T04:24:03: 读取文件成功
2016-11-10T04:24:13: 读取文件成功
2016-11-10T04:24:23: 读取文件成功
2016-11-10T04:24:33: 读取文件成功
2016-11-10T04:24:43: 读取文件成功
2016-11-10T04:24:53: 读取文件成功
2016-11-10T04:25:03: 读取文件成功
2016-11-10T04:25:13: 读取文件成功
2016-11-10T04:25:23: 读取文件成功
2016-11-10T04:25:33: 读取文件成功
2016-11-10T04:25:43: 读取文件成功
2016-11-10T04:25:53: 读取文件成功
2016-11-10T04:26:03: 读取文件成功
2016-11-10T04:26:13: 读取文件成功
2016-11-10T04:26:23: 读取文件成功
2016-11-10T04:26:33: 读取文件成功
2016-11-10T04:26:43: 读取文件成功
2016-11-10T04:26:53: 读取文件成功
2016-11-10T04:27:03: 读取文件成功
2016-11-10T04:27:13: 读取文件成功
2016-11-10T04:27:23: 读取文件成功
2016-11-10T04:27:33: 读取文件成功
2016-11-10T04:27:43: 读取文件成功
2016-11-10T04:27:53: 读取文件成功
2016-11-10T04:28:03: 读取文件成功
2016-11-10T04:28:13: 读取文件成功
2016-11-10T04:28:23: 读取文件成功
2016-11-10T04:28:33: 读取文件成功
2016-11-10T04:28:43: 读取文件成功
2016-11-10T04:28:53: 读取文件成功
2016-11-10T04:29:03: 读取文件成功
2016-11-10T04:29:13: 读取文件成功
2016-11-10T04:29:23: 读取文件成功
2016-11-10T04:29:33: 读取文件成功
2016-11-10T04:29:43: 读取文件成功
2016-11-10T04:29:53: 读取文件成功
2016-11-10T04:30:03: 读取文件成功
2016-11-10T04:30:13: 读取文件成功
2016-11-10T04:30:23: 读取文件成功
2016-11-10T04:30:33: 读取文件成功
2016-11-10T04:30:43: 读取文件成功
2016-11-10T04:30:53: 读取文件成功
2016-11-10T04:31:03: 读取文件成功
2016-11-10T04:31:13: 读取文件成功
2016-11-10T04:31:23: 读取文件成功
2016-11-10T04:31:33: 读取文件成功
2016-11-10T04:31:43: 读取文件成功
2016-11-10T04:31:53: 读取文件成功
2016-11-10T04:32:03: 读取文件成功
2016-11-10T04:32:13: 读取文件成功
2016-11-10T04:32:23: 读取文件成功
2016-11-10T04:32:33: 读取文件成功
2016-11-10T04:32:43: 读取文件成功
2016-11-10T04:32:53: 读取文件成功
2016-11-10T04:33:03: 读取文件成功
2016-11-10T04:33:13: 读取文件成功
2016-11-10T04:33:23: 读取文件成功
2016-11-10T04:33:33: 读取文件成功
2016-11-10T04:33:43: 读取文件成功
2016-11-10T04:33:53: 读取文件成功
2016-11-10T04:34:03: 读取文件成功
2016-11-10T04:34:13: 读取文件成功
2016-11-10T04:34:23: 读取文件成功
2016-11-10T04:34:33: 读取文件成功
2016-11-10T04:34:43: 读取文件成功
2016-11-10T04:34:53: 读取文件成功
2016-11-10T04:35:03: 读取文件成功
2016-11-10T04:35:13: 读取文件成功
2016-11-10T04:35:23: 读取文件成功
2016-11-10T04:35:33: 读取文件成功
2016-11-10T04:35:43: 读取文件成功
2016-11-10T04:35:53: 读取文件成功
2016-11-10T04:36:03: 读取文件成功
2016-11-10T04:36:13: 读取文件成功
2016-11-10T04:36:24: 读取文件成功
2016-11-10T04:36:33: 读取文件成功
2016-11-10T04:36:43: 读取文件成功
2016-11-10T04:36:53: 读取文件成功
2016-11-10T04:37:03: 读取文件成功
2016-11-10T04:37:13: 读取文件成功
2016-11-10T04:37:24: 读取文件成功
2016-11-10T04:37:34: 读取文件成功
2016-11-10T04:37:44: 读取文件成功
2016-11-10T04:37:54: 读取文件成功
2016-11-10T04:38:04: 读取文件成功
2016-11-10T04:38:14: 读取文件成功
2016-11-10T04:38:24: 读取文件成功
2016-11-10T04:38:34: 读取文件成功
2016-11-10T04:38:44: 读取文件成功
2016-11-10T04:38:54: 读取文件成功
2016-11-10T04:39:04: 读取文件成功
2016-11-10T04:39:14: 读取文件成功
2016-11-10T04:39:24: 读取文件成功
2016-11-10T04:39:34: 读取文件成功
2016-11-10T04:39:44: 读取文件成功
2016-11-10T04:39:54: 读取文件成功
2016-11-10T04:40:04: 读取文件成功
2016-11-10T04:40:14: 读取文件成功
2016-11-10T04:40:24: 读取文件成功
2016-11-10T04:40:34: 读取文件成功
2016-11-10T04:40:44: 读取文件成功
2016-11-10T04:40:54: 读取文件成功
2016-11-10T04:41:04: 读取文件成功
2016-11-10T04:41:14: 读取文件成功
2016-11-10T04:41:24: 读取文件成功
2016-11-10T04:41:34: 读取文件成功
2016-11-10T04:41:44: 读取文件成功
2016-11-10T04:41:54: 读取文件成功
2016-11-10T04:42:04: 读取文件成功
2016-11-10T04:42:14: 读取文件成功
2016-11-10T04:42:24: 读取文件成功
2016-11-10T04:42:34: 读取文件成功
2016-11-10T04:42:44: 读取文件成功
2016-11-10T04:42:54: 读取文件成功
2016-11-10T04:43:04: 读取文件成功
2016-11-10T04:43:14: 读取文件成功
2016-11-10T04:43:24: 读取文件成功
2016-11-10T04:43:34: 读取文件成功
2016-11-10T04:43:44: 读取文件成功
2016-11-10T04:43:56: 读取文件成功
2016-11-10T04:44:07: 读取文件成功
2016-11-10T04:44:14: 读取文件成功
2016-11-10T04:44:34: 读取文件成功
2016-11-10T04:44:44: 读取文件成功
2016-11-10T04:44:56: 读取文件成功
2016-11-10T04:44:57: 读取文件成功
2016-11-10T04:45:06: 读取文件成功
2016-11-10T04:45:15: 读取文件成功
2016-11-10T04:45:25: 读取文件成功
2016-11-10T04:45:35: 读取文件成功
2016-11-10T04:45:45: 读取文件成功
2016-11-10T04:46:00: 读取文件成功
2016-11-10T04:46:06: 读取文件成功
2016-11-10T04:46:15: 读取文件成功
2016-11-10T04:46:26: 读取文件成功
2016-11-10T04:46:35: 读取文件成功
2016-11-10T04:46:45: 读取文件成功
2016-11-10T04:46:55: 读取文件成功
2016-11-10T04:47:04: 读取文件成功
2016-11-10T04:47:16: 读取文件成功
2016-11-10T04:47:25: 读取文件成功
2016-11-10T04:47:35: 读取文件成功
2016-11-10T04:47:44: 读取文件成功
2016-11-10T04:47:56: 读取文件成功
2016-11-10T04:48:11: 读取文件成功
2016-11-10T04:48:14: 读取文件成功
2016-11-10T04:48:25: 读取文件成功
2016-11-10T04:48:34: 读取文件成功
2016-11-10T04:48:44: 读取文件成功
2016-11-10T04:48:54: 读取文件成功
2016-11-10T04:49:06: 读取文件成功
2016-11-10T04:49:14: 读取文件成功
2016-11-10T04:49:25: 读取文件成功
2016-11-10T04:49:35: 读取文件成功
2016-11-10T04:49:46: 读取文件成功
2016-11-10T04:49:55: 读取文件成功
2016-11-10T04:50:04: 读取文件成功
2016-11-10T04:50:16: 读取文件成功
2016-11-10T04:50:30: 读取文件成功
2016-11-10T04:50:35: 读取文件成功
2016-11-10T04:50:45: 读取文件成功
2016-11-10T04:50:56: 读取文件成功
2016-11-10T04:51:05: 读取文件成功
2016-11-10T04:51:15: 读取文件成功
2016-11-10T04:51:25: 读取文件成功
2016-11-10T04:51:37: 读取文件成功
2016-11-10T04:51:45: 读取文件成功
2016-11-10T04:51:55: 读取文件成功
2016-11-10T04:52:05: 读取文件成功
2016-11-10T04:52:15: 读取文件成功
2016-11-10T04:52:25: 读取文件成功
2016-11-10T04:52:35: 读取文件成功
2016-11-10T04:52:46: 读取文件成功
2016-11-10T04:52:56: 读取文件成功
2016-11-10T04:53:07: 读取文件成功
2016-11-10T04:53:15: 读取文件成功
2016-11-10T04:53:25: 读取文件成功
2016-11-10T04:53:35: 读取文件成功
2016-11-10T04:53:45: 读取文件成功
2016-11-10T04:53:57: 读取文件成功
2016-11-10T04:54:05: 读取文件成功
2016-11-10T04:54:15: 读取文件成功
2016-11-10T04:54:25: 读取文件成功
2016-11-10T04:54:35: 读取文件成功
2016-11-10T04:54:49: 读取文件成功
2016-11-10T04:54:57: 读取文件成功
2016-11-10T04:55:06: 读取文件成功
2016-11-10T04:55:16: 读取文件成功
2016-11-10T04:55:25: 读取文件成功
2016-11-10T04:55:36: 读取文件成功
2016-11-10T04:55:45: 读取文件成功
2016-11-10T04:55:57: 读取文件成功
2016-11-10T04:56:09: 读取文件成功
2016-11-10T04:56:15: 读取文件成功
2016-11-10T04:56:25: 读取文件成功
2016-11-10T04:56:35: 读取文件成功
2016-11-10T04:56:45: 读取文件成功
2016-11-10T04:56:56: 读取文件成功
2016-11-10T04:57:05: 读取文件成功
2016-11-10T04:57:15: 读取文件成功
2016-11-10T04:57:26: 读取文件成功
2016-11-10T04:57:36: 读取文件成功
2016-11-10T04:57:45: 读取文件成功
2016-11-10T04:57:57: 读取文件成功
2016-11-10T04:58:05: 读取文件成功
2016-11-10T04:58:15: 读取文件成功
2016-11-10T04:58:25: 读取文件成功
2016-11-10T04:58:35: 读取文件成功
2016-11-10T04:58:45: 读取文件成功
2016-11-10T04:58:55: 读取文件成功
2016-11-10T04:59:05: 读取文件成功
2016-11-10T04:59:15: 读取文件成功
2016-11-10T04:59:25: 读取文件成功
2016-11-10T04:59:35: 读取文件成功
2016-11-10T04:59:45: 读取文件成功
2016-11-10T04:59:55: 读取文件成功
2016-11-10T05:00:05: 读取文件成功
2016-11-10T05:00:15: 读取文件成功
2016-11-10T05:00:25: 读取文件成功
2016-11-10T05:00:35: 读取文件成功
2016-11-10T05:00:45: 读取文件成功
2016-11-10T05:00:55: 读取文件成功
2016-11-10T05:01:05: 读取文件成功
2016-11-10T05:01:15: 读取文件成功
2016-11-10T05:01:25: 读取文件成功
2016-11-10T05:01:35: 读取文件成功
2016-11-10T05:01:45: 读取文件成功
2016-11-10T05:01:55: 读取文件成功
2016-11-10T05:02:05: 读取文件成功
2016-11-10T05:02:15: 读取文件成功
2016-11-10T05:02:25: 读取文件成功
2016-11-10T05:02:35: 读取文件成功
2016-11-10T05:02:45: 读取文件成功
2016-11-10T05:02:55: 读取文件成功
2016-11-10T05:03:05: 读取文件成功
2016-11-10T05:03:15: 读取文件成功
2016-11-10T05:03:25: 读取文件成功
2016-11-10T05:03:35: 读取文件成功
2016-11-10T05:03:45: 读取文件成功
2016-11-10T05:03:55: 读取文件成功
2016-11-10T05:04:05: 读取文件成功
2016-11-10T05:04:15: 读取文件成功
2016-11-10T05:04:25: 读取文件成功
2016-11-10T05:04:35: 读取文件成功
2016-11-10T05:04:45: 读取文件成功
2016-11-10T05:04:55: 读取文件成功
2016-11-10T05:05:05: 读取文件成功
2016-11-10T05:05:15: 读取文件成功
2016-11-10T05:05:25: 读取文件成功
2016-11-10T05:05:35: 读取文件成功
2016-11-10T05:05:45: 读取文件成功
2016-11-10T05:05:55: 读取文件成功
2016-11-10T05:06:05: 读取文件成功
2016-11-10T05:06:15: 读取文件成功
2016-11-10T05:06:25: 读取文件成功
2016-11-10T05:06:35: 读取文件成功
2016-11-10T05:06:45: 读取文件成功
2016-11-10T05:06:55: 读取文件成功
2016-11-10T05:07:05: 读取文件成功
2016-11-10T05:07:15: 读取文件成功
2016-11-10T05:07:25: 读取文件成功
2016-11-10T05:07:35: 读取文件成功
2016-11-10T05:07:45: 读取文件成功
2016-11-10T05:07:55: 读取文件成功
2016-11-10T05:08:05: 读取文件成功
2016-11-10T05:08:15: 读取文件成功
2016-11-10T05:08:25: 读取文件成功
2016-11-10T05:08:35: 读取文件成功
2016-11-10T05:08:45: 读取文件成功
2016-11-10T05:08:55: 读取文件成功
2016-11-10T05:09:05: 读取文件成功
2016-11-10T05:09:15: 读取文件成功
2016-11-10T05:09:25: 读取文件成功
2016-11-10T05:09:35: 读取文件成功
2016-11-10T05:09:45: 读取文件成功
2016-11-10T05:09:55: 读取文件成功
2016-11-10T05:10:05: 读取文件成功
2016-11-10T05:10:15: 读取文件成功
2016-11-10T05:10:25: 读取文件成功
2016-11-10T05:10:35: 读取文件成功
2016-11-10T05:10:45: 读取文件成功
2016-11-10T05:10:55: 读取文件成功
2016-11-10T05:11:05: 读取文件成功
2016-11-10T05:11:15: 读取文件成功
2016-11-10T05:11:25: 读取文件成功
2016-11-10T05:11:35: 读取文件成功
2016-11-10T05:11:45: 读取文件成功
2016-11-10T05:11:55: 读取文件成功
2016-11-10T05:12:05: 读取文件成功
2016-11-10T05:12:15: 读取文件成功
2016-11-10T05:12:25: 读取文件成功
2016-11-10T05:12:35: 读取文件成功
2016-11-10T05:12:45: 读取文件成功
2016-11-10T05:12:55: 读取文件成功
2016-11-10T05:13:05: 读取文件成功
2016-11-10T05:13:15: 读取文件成功
2016-11-10T05:13:25: 读取文件成功
2016-11-10T05:13:35: 读取文件成功
2016-11-10T05:13:45: 读取文件成功
2016-11-10T05:13:55: 读取文件成功
2016-11-10T05:14:05: 读取文件成功
2016-11-10T05:14:15: 读取文件成功
2016-11-10T05:14:25: 读取文件成功
2016-11-10T05:14:36: 读取文件成功
2016-11-10T05:14:46: 读取文件成功
2016-11-10T05:14:55: 读取文件成功
2016-11-10T05:15:06: 读取文件成功
2016-11-10T05:15:16: 读取文件成功
2016-11-10T05:15:26: 读取文件成功
2016-11-10T05:15:36: 读取文件成功
2016-11-10T05:15:46: 读取文件成功
2016-11-10T05:15:56: 读取文件成功
2016-11-10T05:16:06: 读取文件成功
2016-11-10T05:16:16: 读取文件成功
2016-11-10T05:16:26: 读取文件成功
2016-11-10T05:16:36: 读取文件成功
2016-11-10T05:16:46: 读取文件成功
2016-11-10T05:16:56: 读取文件成功
2016-11-10T05:17:06: 读取文件成功
2016-11-10T05:17:16: 读取文件成功
2016-11-10T05:17:26: 读取文件成功
2016-11-10T05:17:36: 读取文件成功
2016-11-10T05:17:46: 读取文件成功
2016-11-10T05:17:56: 读取文件成功
2016-11-10T05:18:06: 读取文件成功
2016-11-10T05:18:16: 读取文件成功
2016-11-10T05:18:26: 读取文件成功
2016-11-10T05:18:36: 读取文件成功
2016-11-10T05:18:46: 读取文件成功
2016-11-10T05:18:56: 读取文件成功
2016-11-10T05:19:06: 读取文件成功
2016-11-10T05:19:16: 读取文件成功
2016-11-10T05:19:26: 读取文件成功
2016-11-10T05:19:36: 读取文件成功
2016-11-10T05:19:46: 读取文件成功
2016-11-10T05:19:56: 读取文件成功
2016-11-10T05:20:06: 读取文件成功
2016-11-10T05:20:16: 读取文件成功
2016-11-10T05:20:26: 读取文件成功
2016-11-10T05:20:36: 读取文件成功
2016-11-10T05:20:46: 读取文件成功
2016-11-10T05:20:56: 读取文件成功
2016-11-10T05:21:06: 读取文件成功
2016-11-10T05:21:16: 读取文件成功
2016-11-10T05:21:26: 读取文件成功
2016-11-10T05:21:36: 读取文件成功
2016-11-10T05:21:46: 读取文件成功
2016-11-10T05:21:56: 读取文件成功
2016-11-10T05:22:06: 读取文件成功
2016-11-10T05:22:16: 读取文件成功
2016-11-10T05:22:26: 读取文件成功
2016-11-10T05:22:36: 读取文件成功
2016-11-10T05:22:46: 读取文件成功
2016-11-10T05:22:56: 读取文件成功
2016-11-10T05:23:06: 读取文件成功
2016-11-10T05:23:16: 读取文件成功
2016-11-10T05:23:26: 读取文件成功
2016-11-10T05:23:36: 读取文件成功
2016-11-10T05:23:46: 读取文件成功
2016-11-10T05:23:56: 读取文件成功
2016-11-10T05:24:06: 读取文件成功
2016-11-10T05:24:16: 读取文件成功
2016-11-10T05:24:26: 读取文件成功
2016-11-10T05:24:36: 读取文件成功
2016-11-10T05:24:46: 读取文件成功
2016-11-10T05:24:56: 读取文件成功
2016-11-10T05:25:06: 读取文件成功
2016-11-10T05:25:16: 读取文件成功
2016-11-10T05:25:26: 读取文件成功
2016-11-10T05:25:36: 读取文件成功
2016-11-10T05:25:46: 读取文件成功
2016-11-10T05:25:56: 读取文件成功
2016-11-10T05:26:06: 读取文件成功
2016-11-10T05:26:16: 读取文件成功
2016-11-10T05:26:26: 读取文件成功
2016-11-10T05:26:36: 读取文件成功
2016-11-10T05:26:46: 读取文件成功
2016-11-10T05:26:56: 读取文件成功
2016-11-10T05:27:06: 读取文件成功
2016-11-10T05:27:16: 读取文件成功
2016-11-10T05:27:26: 读取文件成功
2016-11-10T05:27:36: 读取文件成功
2016-11-10T05:27:46: 读取文件成功
2016-11-10T05:27:56: 读取文件成功
2016-11-10T05:28:06: 读取文件成功
2016-11-10T05:28:16: 读取文件成功
2016-11-10T05:28:26: 读取文件成功
2016-11-10T05:28:36: 读取文件成功
2016-11-10T05:28:46: 读取文件成功
2016-11-10T05:28:56: 读取文件成功
2016-11-10T05:29:06: 读取文件成功
2016-11-10T05:29:16: 读取文件成功
2016-11-10T05:29:26: 读取文件成功
2016-11-10T05:29:36: 读取文件成功
2016-11-10T05:29:46: 读取文件成功
2016-11-10T05:29:56: 读取文件成功
2016-11-10T05:30:06: 读取文件成功
2016-11-10T05:30:16: 读取文件成功
2016-11-10T05:30:26: 读取文件成功
2016-11-10T05:30:36: 读取文件成功
2016-11-10T05:30:46: 读取文件成功
2016-11-10T05:30:56: 读取文件成功
2016-11-10T05:31:06: 读取文件成功
2016-11-10T05:31:16: 读取文件成功
2016-11-10T05:31:26: 读取文件成功
2016-11-10T05:31:36: 读取文件成功
2016-11-10T05:31:46: 读取文件成功
2016-11-10T05:31:56: 读取文件成功
2016-11-10T05:32:06: 读取文件成功
2016-11-10T05:32:16: 读取文件成功
2016-11-10T05:32:26: 读取文件成功
2016-11-10T05:32:36: 读取文件成功
2016-11-10T05:32:46: 读取文件成功
2016-11-10T05:32:56: 读取文件成功
2016-11-10T05:33:06: 读取文件成功
2016-11-10T05:33:16: 读取文件成功
2016-11-10T05:33:26: 读取文件成功
2016-11-10T05:33:36: 读取文件成功
2016-11-10T05:33:46: 读取文件成功
2016-11-10T05:33:56: 读取文件成功
2016-11-10T05:34:06: 读取文件成功
2016-11-10T05:34:16: 读取文件成功
2016-11-10T05:34:26: 读取文件成功
2016-11-10T05:34:36: 读取文件成功
2016-11-10T05:34:46: 读取文件成功
2016-11-10T05:34:56: 读取文件成功
2016-11-10T05:35:06: 读取文件成功
2016-11-10T05:35:16: 读取文件成功
2016-11-10T05:35:26: 读取文件成功
2016-11-10T05:35:36: 读取文件成功
2016-11-10T05:35:46: 读取文件成功
2016-11-10T05:35:56: 读取文件成功
2016-11-10T05:36:06: 读取文件成功
2016-11-10T05:36:16: 读取文件成功
2016-11-10T05:36:26: 读取文件成功
2016-11-10T05:36:36: 读取文件成功
2016-11-10T05:36:46: 读取文件成功
2016-11-10T05:36:56: 读取文件成功
2016-11-10T05:37:06: 读取文件成功
2016-11-10T05:37:16: 读取文件成功
2016-11-10T05:37:26: 读取文件成功
2016-11-10T05:37:36: 读取文件成功
2016-11-10T05:37:47: 读取文件成功
2016-11-10T05:37:56: 读取文件成功
2016-11-10T05:38:06: 读取文件成功
2016-11-10T05:38:16: 读取文件成功
2016-11-10T05:38:26: 读取文件成功
2016-11-10T05:38:36: 读取文件成功
2016-11-10T05:38:46: 读取文件成功
2016-11-10T05:38:56: 读取文件成功
2016-11-10T05:39:07: 读取文件成功
2016-11-10T05:39:17: 读取文件成功
2016-11-10T05:39:27: 读取文件成功
2016-11-10T05:39:37: 读取文件成功
2016-11-10T05:39:47: 读取文件成功
2016-11-10T05:39:57: 读取文件成功
2016-11-10T05:40:07: 读取文件成功
2016-11-10T05:40:17: 读取文件成功
2016-11-10T05:40:27: 读取文件成功
2016-11-10T05:40:37: 读取文件成功
2016-11-10T05:40:47: 读取文件成功
2016-11-10T05:40:57: 读取文件成功
2016-11-10T05:41:07: 读取文件成功
2016-11-10T05:41:17: 读取文件成功
2016-11-10T05:41:27: 读取文件成功
2016-11-10T05:41:37: 读取文件成功
2016-11-10T05:41:47: 读取文件成功
2016-11-10T05:41:57: 读取文件成功
2016-11-10T05:42:07: 读取文件成功
2016-11-10T05:42:17: 读取文件成功
2016-11-10T05:42:27: 读取文件成功
2016-11-10T05:42:37: 读取文件成功
2016-11-10T05:42:47: 读取文件成功
2016-11-10T05:42:57: 读取文件成功
2016-11-10T05:43:07: 读取文件成功
2016-11-10T05:43:17: 读取文件成功
2016-11-10T05:43:27: 读取文件成功
2016-11-10T05:43:37: 读取文件成功
2016-11-10T05:43:47: 读取文件成功
2016-11-10T05:43:57: 读取文件成功
2016-11-10T05:44:07: 读取文件成功
2016-11-10T05:44:17: 读取文件成功
2016-11-10T05:44:27: 读取文件成功
2016-11-10T05:44:37: 读取文件成功
2016-11-10T05:44:47: 读取文件成功
2016-11-10T05:44:57: 读取文件成功
2016-11-10T05:45:07: 读取文件成功
2016-11-10T05:45:17: 读取文件成功
2016-11-10T05:45:27: 读取文件成功
2016-11-10T05:45:37: 读取文件成功
2016-11-10T05:45:47: 读取文件成功
2016-11-10T05:45:57: 读取文件成功
2016-11-10T05:46:07: 读取文件成功
2016-11-10T05:46:17: 读取文件成功
2016-11-10T05:46:27: 读取文件成功
2016-11-10T05:46:37: 读取文件成功
2016-11-10T05:46:47: 读取文件成功
2016-11-10T05:46:57: 读取文件成功
2016-11-10T05:47:07: 读取文件成功
2016-11-10T05:47:17: 读取文件成功
2016-11-10T05:47:27: 读取文件成功
2016-11-10T05:47:37: 读取文件成功
2016-11-10T05:47:47: 读取文件成功
2016-11-10T05:47:57: 读取文件成功
2016-11-10T05:48:07: 读取文件成功
2016-11-10T05:48:17: 读取文件成功
2016-11-10T05:48:27: 读取文件成功
2016-11-10T05:48:37: 读取文件成功
2016-11-10T05:48:47: 读取文件成功
2016-11-10T05:48:57: 读取文件成功
2016-11-10T05:49:07: 读取文件成功
2016-11-10T05:49:17: 读取文件成功
2016-11-10T05:49:27: 读取文件成功
2016-11-10T05:49:37: 读取文件成功
2016-11-10T05:49:47: 读取文件成功
2016-11-10T05:49:57: 读取文件成功
2016-11-10T05:50:07: 读取文件成功
2016-11-10T05:50:17: 读取文件成功
2016-11-10T05:50:27: 读取文件成功
2016-11-10T05:50:37: 读取文件成功
2016-11-10T05:50:47: 读取文件成功
2016-11-10T05:50:57: 读取文件成功
2016-11-10T05:51:07: 读取文件成功
2016-11-10T05:51:17: 读取文件成功
2016-11-10T05:51:27: 读取文件成功
2016-11-10T05:51:37: 读取文件成功
2016-11-10T05:51:47: 读取文件成功
2016-11-10T05:51:57: 读取文件成功
2016-11-10T05:52:07: 读取文件成功
2016-11-10T05:52:17: 读取文件成功
2016-11-10T05:52:27: 读取文件成功
2016-11-10T05:52:37: 读取文件成功
2016-11-10T05:52:47: 读取文件成功
2016-11-10T05:52:57: 读取文件成功
2016-11-10T05:53:07: 读取文件成功
2016-11-10T05:53:17: 读取文件成功
2016-11-10T05:53:27: 读取文件成功
2016-11-10T05:53:37: 读取文件成功
2016-11-10T05:53:47: 读取文件成功
2016-11-10T05:53:57: 读取文件成功
2016-11-10T05:54:07: 读取文件成功
2016-11-10T05:54:17: 读取文件成功
2016-11-10T05:54:27: 读取文件成功
2016-11-10T05:54:37: 读取文件成功
2016-11-10T05:54:47: 读取文件成功
2016-11-10T05:54:57: 读取文件成功
2016-11-10T05:55:07: 读取文件成功
2016-11-10T05:55:17: 读取文件成功
2016-11-10T05:55:27: 读取文件成功
2016-11-10T05:55:37: 读取文件成功
2016-11-10T05:55:47: 读取文件成功
2016-11-10T05:55:57: 读取文件成功
2016-11-10T05:56:07: 读取文件成功
2016-11-10T05:56:17: 读取文件成功
2016-11-10T05:56:27: 读取文件成功
2016-11-10T05:56:37: 读取文件成功
2016-11-10T05:56:47: 读取文件成功
2016-11-10T05:56:57: 读取文件成功
2016-11-10T05:57:07: 读取文件成功
2016-11-10T05:57:17: 读取文件成功
2016-11-10T05:57:27: 读取文件成功
2016-11-10T05:57:37: 读取文件成功
2016-11-10T05:57:47: 读取文件成功
2016-11-10T05:57:57: 读取文件成功
2016-11-10T05:58:07: 读取文件成功
2016-11-10T05:58:18: 读取文件成功
2016-11-10T05:58:27: 读取文件成功
2016-11-10T05:58:37: 读取文件成功
2016-11-10T05:58:47: 读取文件成功
2016-11-10T05:58:57: 读取文件成功
2016-11-10T05:59:07: 读取文件成功
2016-11-10T05:59:17: 读取文件成功
2016-11-10T05:59:27: 读取文件成功
2016-11-10T05:59:37: 读取文件成功
2016-11-10T05:59:48: 读取文件成功
2016-11-10T05:59:57: 读取文件成功
2016-11-10T06:00:07: 读取文件成功
2016-11-10T06:00:18: 读取文件成功
2016-11-10T06:00:28: 读取文件成功
2016-11-10T06:00:38: 读取文件成功
2016-11-10T06:00:48: 读取文件成功
2016-11-10T06:00:58: 读取文件成功
2016-11-10T06:01:08: 读取文件成功
2016-11-10T06:01:18: 读取文件成功
2016-11-10T06:01:28: 读取文件成功
2016-11-10T06:01:38: 读取文件成功
2016-11-10T06:01:48: 读取文件成功
2016-11-10T06:01:58: 读取文件成功
2016-11-10T06:02:08: 读取文件成功
2016-11-10T06:02:18: 读取文件成功
2016-11-10T06:02:28: 读取文件成功
2016-11-10T06:02:38: 读取文件成功
2016-11-10T06:02:48: 读取文件成功
2016-11-10T06:02:58: 读取文件成功
2016-11-10T06:03:08: 读取文件成功
2016-11-10T06:03:18: 读取文件成功
2016-11-10T06:03:28: 读取文件成功
2016-11-10T06:03:38: 读取文件成功
2016-11-10T06:03:48: 读取文件成功
2016-11-10T06:03:58: 读取文件成功
2016-11-10T06:04:08: 读取文件成功
2016-11-10T06:04:18: 读取文件成功
2016-11-10T06:04:28: 读取文件成功
2016-11-10T06:04:38: 读取文件成功
2016-11-10T06:04:48: 读取文件成功
2016-11-10T06:04:58: 读取文件成功
2016-11-10T06:05:08: 读取文件成功
2016-11-10T06:05:18: 读取文件成功
2016-11-10T06:05:28: 读取文件成功
2016-11-10T06:05:38: 读取文件成功
2016-11-10T06:05:48: 读取文件成功
2016-11-10T06:05:58: 读取文件成功
2016-11-10T06:06:08: 读取文件成功
2016-11-10T06:06:18: 读取文件成功
2016-11-10T06:06:28: 读取文件成功
2016-11-10T06:06:38: 读取文件成功
2016-11-10T06:06:48: 读取文件成功
2016-11-10T06:06:58: 读取文件成功
2016-11-10T06:07:08: 读取文件成功
2016-11-10T06:07:18: 读取文件成功
2016-11-10T06:07:28: 读取文件成功
2016-11-10T06:07:38: 读取文件成功
2016-11-10T06:07:48: 读取文件成功
2016-11-10T06:07:58: 读取文件成功
2016-11-10T06:08:08: 读取文件成功
2016-11-10T06:08:18: 读取文件成功
2016-11-10T06:08:28: 读取文件成功
2016-11-10T06:08:38: 读取文件成功
2016-11-10T06:08:48: 读取文件成功
2016-11-10T06:08:58: 读取文件成功
2016-11-10T06:09:08: 读取文件成功
2016-11-10T06:09:18: 读取文件成功
2016-11-10T06:09:28: 读取文件成功
2016-11-10T06:09:38: 读取文件成功
2016-11-10T06:09:48: 读取文件成功
2016-11-10T06:09:58: 读取文件成功
2016-11-10T06:10:08: 读取文件成功
2016-11-10T06:10:18: 读取文件成功
2016-11-10T06:10:28: 读取文件成功
2016-11-10T06:10:38: 读取文件成功
2016-11-10T06:10:48: 读取文件成功
2016-11-10T06:10:58: 读取文件成功
2016-11-10T06:11:08: 读取文件成功
2016-11-10T06:11:18: 读取文件成功
2016-11-10T06:11:28: 读取文件成功
2016-11-10T06:11:38: 读取文件成功
2016-11-10T06:11:48: 读取文件成功
2016-11-10T06:11:58: 读取文件成功
2016-11-10T06:12:08: 读取文件成功
2016-11-10T06:12:18: 读取文件成功
2016-11-10T06:12:28: 读取文件成功
2016-11-10T06:12:38: 读取文件成功
2016-11-10T06:12:48: 读取文件成功
2016-11-10T06:12:58: 读取文件成功
2016-11-10T06:13:08: 读取文件成功
2016-11-10T06:13:18: 读取文件成功
2016-11-10T06:13:28: 读取文件成功
2016-11-10T06:13:38: 读取文件成功
2016-11-10T06:13:48: 读取文件成功
2016-11-10T06:13:58: 读取文件成功
2016-11-10T06:14:08: 读取文件成功
2016-11-10T06:14:18: 读取文件成功
2016-11-10T06:14:28: 读取文件成功
2016-11-10T06:14:38: 读取文件成功
2016-11-10T06:14:48: 读取文件成功
2016-11-10T06:14:58: 读取文件成功
2016-11-10T06:15:08: 读取文件成功
2016-11-10T06:15:18: 读取文件成功
2016-11-10T06:15:28: 读取文件成功
2016-11-10T06:15:38: 读取文件成功
2016-11-10T06:15:48: 读取文件成功
2016-11-10T06:15:58: 读取文件成功
2016-11-10T06:16:08: 读取文件成功
2016-11-10T06:16:18: 读取文件成功
2016-11-10T06:16:28: 读取文件成功
2016-11-10T06:16:38: 读取文件成功
2016-11-10T06:16:48: 读取文件成功
2016-11-10T06:16:58: 读取文件成功
2016-11-10T06:17:08: 读取文件成功
2016-11-10T06:17:18: 读取文件成功
2016-11-10T06:17:28: 读取文件成功
2016-11-10T06:17:38: 读取文件成功
2016-11-10T06:17:48: 读取文件成功
2016-11-10T06:17:58: 读取文件成功
2016-11-10T06:18:08: 读取文件成功
2016-11-10T06:18:18: 读取文件成功
2016-11-10T06:18:28: 读取文件成功
2016-11-10T06:18:38: 读取文件成功
2016-11-10T06:18:49: 读取文件成功
2016-11-10T06:18:58: 读取文件成功
2016-11-10T06:19:08: 读取文件成功
2016-11-10T06:19:18: 读取文件成功
2016-11-10T06:19:28: 读取文件成功
2016-11-10T06:19:38: 读取文件成功
2016-11-10T06:19:48: 读取文件成功
2016-11-10T06:19:58: 读取文件成功
2016-11-10T06:20:08: 读取文件成功
2016-11-10T06:20:18: 读取文件成功
2016-11-10T06:20:28: 读取文件成功
2016-11-10T06:20:38: 读取文件成功
2016-11-10T06:20:49: 读取文件成功
2016-11-10T06:20:58: 读取文件成功
2016-11-10T06:21:09: 读取文件成功
2016-11-10T06:21:19: 读取文件成功
2016-11-10T06:21:29: 读取文件成功
2016-11-10T06:21:39: 读取文件成功
2016-11-10T06:21:49: 读取文件成功
2016-11-10T06:21:59: 读取文件成功
2016-11-10T06:22:09: 读取文件成功
2016-11-10T06:22:19: 读取文件成功
2016-11-10T06:22:29: 读取文件成功
2016-11-10T06:22:39: 读取文件成功
2016-11-10T06:22:49: 读取文件成功
2016-11-10T06:22:59: 读取文件成功
2016-11-10T06:23:09: 读取文件成功
2016-11-10T06:23:19: 读取文件成功
2016-11-10T06:23:29: 读取文件成功
2016-11-10T06:23:39: 读取文件成功
2016-11-10T06:23:49: 读取文件成功
2016-11-10T06:23:59: 读取文件成功
2016-11-10T06:24:09: 读取文件成功
2016-11-10T06:24:19: 读取文件成功
2016-11-10T06:24:29: 读取文件成功
2016-11-10T06:24:39: 读取文件成功
2016-11-10T06:24:49: 读取文件成功
2016-11-10T06:24:59: 读取文件成功
2016-11-10T06:25:09: 读取文件成功
2016-11-10T06:25:19: 读取文件成功
2016-11-10T06:25:29: 读取文件成功
2016-11-10T06:25:39: 读取文件成功
2016-11-10T06:25:49: 读取文件成功
2016-11-10T06:25:59: 读取文件成功
2016-11-10T06:26:09: 读取文件成功
2016-11-10T06:26:19: 读取文件成功
2016-11-10T06:26:29: 读取文件成功
2016-11-10T06:26:39: 读取文件成功
2016-11-10T06:26:49: 读取文件成功
2016-11-10T06:26:59: 读取文件成功
2016-11-10T06:27:09: 读取文件成功
2016-11-10T06:27:19: 读取文件成功
2016-11-10T06:27:29: 读取文件成功
2016-11-10T06:27:39: 读取文件成功
2016-11-10T06:27:49: 读取文件成功
2016-11-10T06:27:59: 读取文件成功
2016-11-10T06:28:09: 读取文件成功
2016-11-10T06:28:19: 读取文件成功
2016-11-10T06:28:29: 读取文件成功
2016-11-10T06:28:39: 读取文件成功
2016-11-10T06:28:49: 读取文件成功
2016-11-10T06:28:59: 读取文件成功
2016-11-10T06:29:09: 读取文件成功
2016-11-10T06:29:19: 读取文件成功
2016-11-10T06:29:29: 读取文件成功
2016-11-10T06:29:39: 读取文件成功
2016-11-10T06:29:49: 读取文件成功
2016-11-10T06:29:59: 读取文件成功
2016-11-10T06:30:09: 读取文件成功
2016-11-10T06:30:19: 读取文件成功
2016-11-10T06:30:29: 读取文件成功
2016-11-10T06:30:39: 读取文件成功
2016-11-10T06:30:49: 读取文件成功
2016-11-10T06:30:59: 读取文件成功
2016-11-10T06:31:09: 读取文件成功
2016-11-10T06:31:19: 读取文件成功
2016-11-10T06:31:29: 读取文件成功
2016-11-10T06:31:39: 读取文件成功
2016-11-10T06:31:49: 读取文件成功
2016-11-10T06:31:59: 读取文件成功
2016-11-10T06:32:09: 读取文件成功
2016-11-10T06:32:19: 读取文件成功
2016-11-10T06:32:29: 读取文件成功
2016-11-10T06:32:39: 读取文件成功
2016-11-10T06:32:49: 读取文件成功
2016-11-10T06:32:59: 读取文件成功
2016-11-10T06:33:09: 读取文件成功
2016-11-10T06:33:19: 读取文件成功
2016-11-10T06:33:29: 读取文件成功
2016-11-10T06:33:39: 读取文件成功
2016-11-10T06:33:49: 读取文件成功
2016-11-10T06:33:59: 读取文件成功
2016-11-10T06:34:09: 读取文件成功
2016-11-10T06:34:19: 读取文件成功
2016-11-10T06:34:29: 读取文件成功
2016-11-10T06:34:39: 读取文件成功
2016-11-10T06:34:49: 读取文件成功
2016-11-10T06:34:59: 读取文件成功
2016-11-10T06:35:09: 读取文件成功
2016-11-10T06:35:19: 读取文件成功
2016-11-10T06:35:29: 读取文件成功
2016-11-10T06:35:39: 读取文件成功
2016-11-10T06:35:49: 读取文件成功
2016-11-10T06:35:59: 读取文件成功
2016-11-10T06:36:09: 读取文件成功
2016-11-10T06:36:19: 读取文件成功
2016-11-10T06:36:29: 读取文件成功
2016-11-10T06:36:39: 读取文件成功
2016-11-10T06:36:49: 读取文件成功
2016-11-10T06:36:59: 读取文件成功
2016-11-10T06:37:09: 读取文件成功
2016-11-10T06:37:19: 读取文件成功
2016-11-10T06:37:29: 读取文件成功
2016-11-10T06:37:39: 读取文件成功
2016-11-10T06:37:49: 读取文件成功
2016-11-10T06:37:59: 读取文件成功
2016-11-10T06:38:09: 读取文件成功
2016-11-10T06:38:19: 读取文件成功
2016-11-10T06:38:29: 读取文件成功
2016-11-10T06:38:39: 读取文件成功
2016-11-10T06:38:49: 读取文件成功
2016-11-10T06:38:59: 读取文件成功
2016-11-10T06:39:09: 读取文件成功
2016-11-10T06:39:19: 读取文件成功
2016-11-10T06:39:29: 读取文件成功
2016-11-10T06:39:39: 读取文件成功
2016-11-10T06:39:49: 读取文件成功
2016-11-10T06:39:59: 读取文件成功
2016-11-10T06:40:09: 读取文件成功
2016-11-10T06:40:19: 读取文件成功
2016-11-10T06:40:29: 读取文件成功
2016-11-10T06:40:39: 读取文件成功
2016-11-10T06:40:49: 读取文件成功
2016-11-10T06:40:59: 读取文件成功
2016-11-10T06:41:09: 读取文件成功
2016-11-10T06:41:19: 读取文件成功
2016-11-10T06:41:29: 读取文件成功
2016-11-10T06:41:39: 读取文件成功
2016-11-10T06:41:49: 读取文件成功
2016-11-10T06:41:59: 读取文件成功
2016-11-10T06:42:09: 读取文件成功
2016-11-10T06:42:19: 读取文件成功
2016-11-10T06:42:29: 读取文件成功
2016-11-10T06:42:39: 读取文件成功
2016-11-10T06:42:49: 读取文件成功
2016-11-10T06:42:59: 读取文件成功
2016-11-10T06:43:09: 读取文件成功
2016-11-10T06:43:19: 读取文件成功
2016-11-10T06:43:30: 读取文件成功
2016-11-10T06:43:40: 读取文件成功
2016-11-10T06:43:50: 读取文件成功
2016-11-10T06:44:00: 读取文件成功
2016-11-10T06:44:10: 读取文件成功
2016-11-10T06:44:20: 读取文件成功
2016-11-10T06:44:30: 读取文件成功
2016-11-10T06:44:40: 读取文件成功
2016-11-10T06:44:50: 读取文件成功
2016-11-10T06:45:00: 读取文件成功
2016-11-10T06:45:10: 读取文件成功
2016-11-10T06:45:20: 读取文件成功
2016-11-10T06:45:30: 读取文件成功
2016-11-10T06:45:40: 读取文件成功
2016-11-10T06:45:50: 读取文件成功
2016-11-10T06:46:00: 读取文件成功
2016-11-10T06:46:10: 读取文件成功
2016-11-10T06:46:20: 读取文件成功
2016-11-10T06:46:30: 读取文件成功
2016-11-10T06:46:40: 读取文件成功
2016-11-10T06:46:50: 读取文件成功
2016-11-10T06:47:00: 读取文件成功
2016-11-10T06:47:10: 读取文件成功
2016-11-10T06:47:20: 读取文件成功
2016-11-10T06:47:30: 读取文件成功
2016-11-10T06:47:40: 读取文件成功
2016-11-10T06:47:50: 读取文件成功
2016-11-10T06:48:00: 读取文件成功
2016-11-10T06:48:10: 读取文件成功
2016-11-10T06:48:20: 读取文件成功
2016-11-10T06:48:30: 读取文件成功
2016-11-10T06:48:40: 读取文件成功
2016-11-10T06:48:50: 读取文件成功
2016-11-10T06:49:00: 读取文件成功
2016-11-10T06:49:10: 读取文件成功
2016-11-10T06:49:20: 读取文件成功
2016-11-10T06:49:30: 读取文件成功
2016-11-10T06:49:40: 读取文件成功
2016-11-10T06:49:50: 读取文件成功
2016-11-10T06:50:00: 读取文件成功
2016-11-10T06:50:10: 读取文件成功
2016-11-10T06:50:20: 读取文件成功
2016-11-10T06:50:30: 读取文件成功
2016-11-10T06:50:40: 读取文件成功
2016-11-10T06:50:50: 读取文件成功
2016-11-10T06:51:00: 读取文件成功
2016-11-10T06:51:10: 读取文件成功
2016-11-10T06:51:20: 读取文件成功
2016-11-10T06:51:30: 读取文件成功
2016-11-10T06:51:40: 读取文件成功
2016-11-10T06:51:50: 读取文件成功
2016-11-10T06:52:00: 读取文件成功
2016-11-10T06:52:10: 读取文件成功
2016-11-10T06:52:20: 读取文件成功
2016-11-10T06:52:30: 读取文件成功
2016-11-10T06:52:40: 读取文件成功
2016-11-10T06:52:50: 读取文件成功
2016-11-10T06:53:00: 读取文件成功
2016-11-10T06:53:10: 读取文件成功
2016-11-10T06:53:20: 读取文件成功
2016-11-10T06:53:30: 读取文件成功
2016-11-10T06:53:40: 读取文件成功
2016-11-10T06:53:50: 读取文件成功
2016-11-10T06:54:00: 读取文件成功
2016-11-10T06:54:10: 读取文件成功
2016-11-10T06:54:20: 读取文件成功
2016-11-10T06:54:30: 读取文件成功
2016-11-10T06:54:40: 读取文件成功
2016-11-10T06:54:50: 读取文件成功
2016-11-10T06:55:00: 读取文件成功
2016-11-10T06:55:10: 读取文件成功
2016-11-10T06:55:20: 读取文件成功
2016-11-10T06:55:30: 读取文件成功
2016-11-10T06:55:40: 读取文件成功
2016-11-10T06:55:50: 读取文件成功
2016-11-10T06:56:00: 读取文件成功
2016-11-10T06:56:10: 读取文件成功
2016-11-10T06:56:20: 读取文件成功
2016-11-10T06:56:30: 读取文件成功
2016-11-10T06:56:40: 读取文件成功
2016-11-10T06:56:50: 读取文件成功
2016-11-10T06:57:00: 读取文件成功
2016-11-10T06:57:10: 读取文件成功
2016-11-10T06:57:20: 读取文件成功
2016-11-10T06:57:30: 读取文件成功
2016-11-10T06:57:40: 读取文件成功
2016-11-10T06:57:50: 读取文件成功
2016-11-10T06:58:00: 读取文件成功
2016-11-10T06:58:10: 读取文件成功
2016-11-10T06:58:20: 读取文件成功
2016-11-10T06:58:30: 读取文件成功
2016-11-10T06:58:40: 读取文件成功
2016-11-10T06:58:50: 读取文件成功
2016-11-10T06:59:00: 读取文件成功
2016-11-10T06:59:10: 读取文件成功
2016-11-10T06:59:20: 读取文件成功
2016-11-10T06:59:30: 读取文件成功
2016-11-10T06:59:40: 读取文件成功
2016-11-10T06:59:50: 读取文件成功
2016-11-10T07:00:00: 读取文件成功
2016-11-10T07:00:10: 读取文件成功
2016-11-10T07:00:20: 读取文件成功
2016-11-10T07:00:30: 读取文件成功
2016-11-10T07:00:40: 读取文件成功
2016-11-10T07:00:50: 读取文件成功
2016-11-10T07:01:00: 读取文件成功
2016-11-10T07:01:10: 读取文件成功
2016-11-10T07:01:20: 读取文件成功
2016-11-10T07:01:30: 读取文件成功
2016-11-10T07:01:40: 读取文件成功
2016-11-10T07:01:50: 读取文件成功
2016-11-10T07:02:00: 读取文件成功
2016-11-10T07:02:10: 读取文件成功
2016-11-10T07:02:20: 读取文件成功
2016-11-10T07:02:30: 读取文件成功
2016-11-10T07:02:40: 读取文件成功
2016-11-10T07:02:50: 读取文件成功
2016-11-10T07:03:00: 读取文件成功
2016-11-10T07:03:10: 读取文件成功
2016-11-10T07:03:20: 读取文件成功
2016-11-10T07:03:30: 读取文件成功
2016-11-10T07:03:40: 读取文件成功
2016-11-10T07:03:50: 读取文件成功
2016-11-10T07:04:00: 读取文件成功
2016-11-10T07:04:10: 读取文件成功
2016-11-10T07:04:20: 读取文件成功
2016-11-10T07:04:30: 读取文件成功
2016-11-10T07:04:40: 读取文件成功
2016-11-10T07:04:50: 读取文件成功
2016-11-10T07:05:01: 读取文件成功
2016-11-10T07:05:10: 读取文件成功
2016-11-10T07:05:20: 读取文件成功
2016-11-10T07:05:30: 读取文件成功
2016-11-10T07:05:41: 读取文件成功
2016-11-10T07:05:50: 读取文件成功
2016-11-10T07:06:00: 读取文件成功
2016-11-10T07:06:11: 读取文件成功
2016-11-10T07:06:21: 读取文件成功
2016-11-10T07:06:31: 读取文件成功
2016-11-10T07:06:41: 读取文件成功
2016-11-10T07:06:51: 读取文件成功
2016-11-10T07:07:01: 读取文件成功
2016-11-10T07:07:11: 读取文件成功
2016-11-10T07:07:21: 读取文件成功
2016-11-10T07:07:31: 读取文件成功
2016-11-10T07:07:41: 读取文件成功
2016-11-10T07:07:51: 读取文件成功
2016-11-10T07:08:01: 读取文件成功
2016-11-10T07:08:11: 读取文件成功
2016-11-10T07:08:21: 读取文件成功
2016-11-10T07:08:31: 读取文件成功
2016-11-10T07:08:41: 读取文件成功
2016-11-10T07:08:51: 读取文件成功
2016-11-10T07:09:01: 读取文件成功
2016-11-10T07:09:11: 读取文件成功
2016-11-10T07:09:21: 读取文件成功
2016-11-10T07:09:31: 读取文件成功
2016-11-10T07:09:41: 读取文件成功
2016-11-10T07:09:51: 读取文件成功
2016-11-10T07:10:01: 读取文件成功
2016-11-10T07:10:11: 读取文件成功
2016-11-10T07:10:21: 读取文件成功
2016-11-10T07:10:31: 读取文件成功
2016-11-10T07:10:41: 读取文件成功
2016-11-10T07:10:51: 读取文件成功
2016-11-10T07:11:01: 读取文件成功
2016-11-10T07:11:11: 读取文件成功
2016-11-10T07:11:21: 读取文件成功
2016-11-10T07:11:31: 读取文件成功
2016-11-10T07:11:41: 读取文件成功
2016-11-10T07:11:51: 读取文件成功
2016-11-10T07:12:01: 读取文件成功
2016-11-10T07:12:11: 读取文件成功
2016-11-10T07:12:21: 读取文件成功
2016-11-10T07:12:31: 读取文件成功
2016-11-10T07:12:41: 读取文件成功
2016-11-10T07:12:51: 读取文件成功
2016-11-10T07:13:01: 读取文件成功
2016-11-10T07:13:11: 读取文件成功
2016-11-10T07:13:21: 读取文件成功
2016-11-10T07:13:31: 读取文件成功
2016-11-10T07:13:41: 读取文件成功
2016-11-10T07:13:51: 读取文件成功
2016-11-10T07:14:01: 读取文件成功
2016-11-10T07:14:11: 读取文件成功
2016-11-10T07:14:21: 读取文件成功
2016-11-10T07:14:31: 读取文件成功
2016-11-10T07:14:41: 读取文件成功
2016-11-10T07:14:51: 读取文件成功
2016-11-10T07:15:01: 读取文件成功
2016-11-10T07:15:11: 读取文件成功
2016-11-10T07:15:21: 读取文件成功
2016-11-10T07:15:31: 读取文件成功
2016-11-10T07:15:41: 读取文件成功
2016-11-10T07:15:51: 读取文件成功
2016-11-10T07:16:01: 读取文件成功
2016-11-10T07:16:11: 读取文件成功
2016-11-10T07:16:21: 读取文件成功
2016-11-10T07:16:31: 读取文件成功
2016-11-10T07:16:41: 读取文件成功
2016-11-10T07:16:51: 读取文件成功
2016-11-10T07:17:01: 读取文件成功
2016-11-10T07:17:11: 读取文件成功
2016-11-10T07:17:21: 读取文件成功
2016-11-10T07:17:31: 读取文件成功
2016-11-10T07:17:41: 读取文件成功
2016-11-10T07:17:51: 读取文件成功
2016-11-10T07:18:01: 读取文件成功
2016-11-10T07:18:11: 读取文件成功
2016-11-10T07:18:21: 读取文件成功
2016-11-10T07:18:31: 读取文件成功
2016-11-10T07:18:41: 读取文件成功
2016-11-10T07:18:51: 读取文件成功
2016-11-10T07:19:01: 读取文件成功
2016-11-10T07:19:11: 读取文件成功
2016-11-10T07:19:21: 读取文件成功
2016-11-10T07:19:31: 读取文件成功
2016-11-10T07:19:41: 读取文件成功
2016-11-10T07:19:51: 读取文件成功
2016-11-10T07:20:01: 读取文件成功
2016-11-10T07:20:11: 读取文件成功
2016-11-10T07:20:21: 读取文件成功
2016-11-10T07:20:31: 读取文件成功
2016-11-10T07:20:41: 读取文件成功
2016-11-10T07:20:51: 读取文件成功
2016-11-10T07:21:01: 读取文件成功
2016-11-10T07:21:11: 读取文件成功
2016-11-10T07:21:21: 读取文件成功
2016-11-10T07:21:31: 读取文件成功
2016-11-10T07:21:41: 读取文件成功
2016-11-10T07:21:51: 读取文件成功
2016-11-10T07:22:01: 读取文件成功
2016-11-10T07:22:11: 读取文件成功
2016-11-10T07:22:21: 读取文件成功
2016-11-10T07:22:31: 读取文件成功
2016-11-10T07:22:41: 读取文件成功
2016-11-10T07:22:51: 读取文件成功
2016-11-10T07:23:01: 读取文件成功
2016-11-10T07:23:11: 读取文件成功
2016-11-10T07:23:21: 读取文件成功
2016-11-10T07:23:31: 读取文件成功
2016-11-10T07:23:41: 读取文件成功
2016-11-10T07:23:51: 读取文件成功
2016-11-10T07:24:01: 读取文件成功
2016-11-10T07:24:11: 读取文件成功
2016-11-10T07:24:21: 读取文件成功
2016-11-10T07:24:31: 读取文件成功
2016-11-10T07:24:41: 读取文件成功
2016-11-10T07:24:51: 读取文件成功
2016-11-10T07:25:01: 读取文件成功
2016-11-10T07:25:11: 读取文件成功
2016-11-10T07:25:21: 读取文件成功
2016-11-10T07:25:32: 读取文件成功
2016-11-10T07:25:41: 读取文件成功
2016-11-10T07:25:51: 读取文件成功
2016-11-10T07:26:01: 读取文件成功
2016-11-10T07:26:11: 读取文件成功
2016-11-10T07:26:21: 读取文件成功
2016-11-10T07:26:31: 读取文件成功
2016-11-10T07:26:41: 读取文件成功
2016-11-10T07:26:51: 读取文件成功
2016-11-10T07:27:01: 读取文件成功
2016-11-10T07:27:11: 读取文件成功
2016-11-10T07:27:22: 读取文件成功
2016-11-10T07:27:32: 读取文件成功
2016-11-10T07:27:41: 读取文件成功
2016-11-10T07:27:52: 读取文件成功
2016-11-10T07:28:02: 读取文件成功
2016-11-10T07:28:11: 读取文件成功
2016-11-10T07:28:22: 读取文件成功
2016-11-10T07:28:32: 读取文件成功
2016-11-10T07:28:42: 读取文件成功
2016-11-10T07:28:52: 读取文件成功
2016-11-10T07:29:02: 读取文件成功
