2016-11-29T00:00:05: 非记录时间：2016-11-29T00:00:05+08:00
2016-11-29T00:00:15: 非记录时间：2016-11-29T00:00:15+08:00
2016-11-29T00:00:25: 非记录时间：2016-11-29T00:00:25+08:00
2016-11-29T00:00:35: 非记录时间：2016-11-29T00:00:35+08:00
2016-11-29T00:00:45: 非记录时间：2016-11-29T00:00:45+08:00
2016-11-29T00:00:55: 非记录时间：2016-11-29T00:00:55+08:00
2016-11-29T00:01:05: 非记录时间：2016-11-29T00:01:05+08:00
2016-11-29T00:01:15: 非记录时间：2016-11-29T00:01:15+08:00
2016-11-29T00:01:25: 非记录时间：2016-11-29T00:01:25+08:00
2016-11-29T00:01:35: 非记录时间：2016-11-29T00:01:35+08:00
2016-11-29T00:01:45: 非记录时间：2016-11-29T00:01:45+08:00
2016-11-29T00:01:55: 非记录时间：2016-11-29T00:01:55+08:00
2016-11-29T00:02:05: 非记录时间：2016-11-29T00:02:05+08:00
2016-11-29T00:02:15: 非记录时间：2016-11-29T00:02:15+08:00
2016-11-29T00:02:25: 非记录时间：2016-11-29T00:02:25+08:00
2016-11-29T00:02:35: 非记录时间：2016-11-29T00:02:35+08:00
2016-11-29T00:02:45: 非记录时间：2016-11-29T00:02:45+08:00
2016-11-29T00:02:55: 非记录时间：2016-11-29T00:02:55+08:00
2016-11-29T00:03:05: 非记录时间：2016-11-29T00:03:05+08:00
2016-11-29T00:03:15: 非记录时间：2016-11-29T00:03:15+08:00
2016-11-29T00:03:25: 非记录时间：2016-11-29T00:03:25+08:00
2016-11-29T00:03:35: 非记录时间：2016-11-29T00:03:35+08:00
2016-11-29T00:03:45: 非记录时间：2016-11-29T00:03:45+08:00
2016-11-29T00:03:55: 非记录时间：2016-11-29T00:03:55+08:00
2016-11-29T00:04:05: 非记录时间：2016-11-29T00:04:05+08:00
2016-11-29T00:04:15: 非记录时间：2016-11-29T00:04:15+08:00
2016-11-29T00:04:25: 非记录时间：2016-11-29T00:04:25+08:00
2016-11-29T00:04:35: 非记录时间：2016-11-29T00:04:35+08:00
2016-11-29T00:04:45: 非记录时间：2016-11-29T00:04:45+08:00
2016-11-29T00:04:55: 非记录时间：2016-11-29T00:04:55+08:00
2016-11-29T00:05:05: 非记录时间：2016-11-29T00:05:05+08:00
2016-11-29T00:05:15: 非记录时间：2016-11-29T00:05:15+08:00
2016-11-29T00:05:25: 非记录时间：2016-11-29T00:05:25+08:00
2016-11-29T00:05:35: 非记录时间：2016-11-29T00:05:35+08:00
2016-11-29T00:05:45: 非记录时间：2016-11-29T00:05:45+08:00
2016-11-29T00:05:55: 非记录时间：2016-11-29T00:05:55+08:00
2016-11-29T00:06:05: 非记录时间：2016-11-29T00:06:05+08:00
2016-11-29T00:06:15: 非记录时间：2016-11-29T00:06:15+08:00
2016-11-29T00:06:25: 非记录时间：2016-11-29T00:06:25+08:00
2016-11-29T00:06:35: 非记录时间：2016-11-29T00:06:35+08:00
2016-11-29T00:06:45: 非记录时间：2016-11-29T00:06:45+08:00
2016-11-29T00:06:55: 非记录时间：2016-11-29T00:06:55+08:00
2016-11-29T00:07:05: 非记录时间：2016-11-29T00:07:05+08:00
2016-11-29T00:07:15: 非记录时间：2016-11-29T00:07:15+08:00
2016-11-29T00:07:25: 非记录时间：2016-11-29T00:07:25+08:00
2016-11-29T00:07:35: 非记录时间：2016-11-29T00:07:35+08:00
2016-11-29T00:07:45: 非记录时间：2016-11-29T00:07:45+08:00
2016-11-29T00:07:55: 非记录时间：2016-11-29T00:07:55+08:00
2016-11-29T00:08:05: 非记录时间：2016-11-29T00:08:05+08:00
2016-11-29T00:08:15: 非记录时间：2016-11-29T00:08:15+08:00
2016-11-29T00:08:25: 非记录时间：2016-11-29T00:08:25+08:00
2016-11-29T00:08:35: 非记录时间：2016-11-29T00:08:35+08:00
2016-11-29T00:08:45: 非记录时间：2016-11-29T00:08:45+08:00
2016-11-29T00:08:55: 非记录时间：2016-11-29T00:08:55+08:00
2016-11-29T00:09:05: 非记录时间：2016-11-29T00:09:05+08:00
2016-11-29T00:09:15: 非记录时间：2016-11-29T00:09:15+08:00
2016-11-29T00:09:25: 非记录时间：2016-11-29T00:09:25+08:00
2016-11-29T00:09:35: 非记录时间：2016-11-29T00:09:35+08:00
2016-11-29T00:09:45: 非记录时间：2016-11-29T00:09:45+08:00
2016-11-29T00:09:55: 非记录时间：2016-11-29T00:09:55+08:00
2016-11-29T00:10:05: 非记录时间：2016-11-29T00:10:05+08:00
2016-11-29T00:10:15: 非记录时间：2016-11-29T00:10:15+08:00
2016-11-29T00:10:25: 非记录时间：2016-11-29T00:10:25+08:00
2016-11-29T00:10:36: 非记录时间：2016-11-29T00:10:36+08:00
2016-11-29T00:10:46: 非记录时间：2016-11-29T00:10:46+08:00
2016-11-29T00:10:56: 非记录时间：2016-11-29T00:10:56+08:00
2016-11-29T00:11:06: 非记录时间：2016-11-29T00:11:06+08:00
2016-11-29T00:11:16: 非记录时间：2016-11-29T00:11:16+08:00
2016-11-29T00:11:26: 非记录时间：2016-11-29T00:11:26+08:00
2016-11-29T00:11:36: 非记录时间：2016-11-29T00:11:36+08:00
2016-11-29T00:11:46: 非记录时间：2016-11-29T00:11:46+08:00
2016-11-29T00:11:56: 非记录时间：2016-11-29T00:11:56+08:00
2016-11-29T00:12:06: 非记录时间：2016-11-29T00:12:06+08:00
2016-11-29T00:12:16: 非记录时间：2016-11-29T00:12:16+08:00
2016-11-29T00:12:26: 非记录时间：2016-11-29T00:12:26+08:00
2016-11-29T00:12:36: 非记录时间：2016-11-29T00:12:36+08:00
2016-11-29T00:12:46: 非记录时间：2016-11-29T00:12:46+08:00
2016-11-29T00:12:56: 非记录时间：2016-11-29T00:12:56+08:00
2016-11-29T00:13:06: 非记录时间：2016-11-29T00:13:06+08:00
2016-11-29T00:13:16: 非记录时间：2016-11-29T00:13:16+08:00
2016-11-29T00:13:26: 非记录时间：2016-11-29T00:13:26+08:00
2016-11-29T00:13:36: 非记录时间：2016-11-29T00:13:36+08:00
2016-11-29T00:13:46: 非记录时间：2016-11-29T00:13:46+08:00
2016-11-29T00:13:56: 非记录时间：2016-11-29T00:13:56+08:00
2016-11-29T00:14:06: 非记录时间：2016-11-29T00:14:06+08:00
2016-11-29T00:14:16: 非记录时间：2016-11-29T00:14:16+08:00
2016-11-29T00:14:26: 非记录时间：2016-11-29T00:14:26+08:00
2016-11-29T00:14:36: 非记录时间：2016-11-29T00:14:36+08:00
2016-11-29T00:14:46: 非记录时间：2016-11-29T00:14:46+08:00
2016-11-29T00:14:56: 非记录时间：2016-11-29T00:14:56+08:00
2016-11-29T00:15:06: 非记录时间：2016-11-29T00:15:06+08:00
2016-11-29T00:15:16: 非记录时间：2016-11-29T00:15:16+08:00
2016-11-29T00:15:26: 非记录时间：2016-11-29T00:15:26+08:00
2016-11-29T00:15:36: 非记录时间：2016-11-29T00:15:36+08:00
2016-11-29T00:15:46: 非记录时间：2016-11-29T00:15:46+08:00
2016-11-29T00:15:56: 非记录时间：2016-11-29T00:15:56+08:00
2016-11-29T00:16:06: 非记录时间：2016-11-29T00:16:06+08:00
2016-11-29T00:16:16: 非记录时间：2016-11-29T00:16:16+08:00
2016-11-29T00:16:26: 非记录时间：2016-11-29T00:16:26+08:00
2016-11-29T00:16:36: 非记录时间：2016-11-29T00:16:36+08:00
2016-11-29T00:16:46: 非记录时间：2016-11-29T00:16:46+08:00
2016-11-29T00:16:56: 非记录时间：2016-11-29T00:16:56+08:00
2016-11-29T00:17:06: 非记录时间：2016-11-29T00:17:06+08:00
2016-11-29T00:17:16: 非记录时间：2016-11-29T00:17:16+08:00
2016-11-29T00:17:26: 非记录时间：2016-11-29T00:17:26+08:00
2016-11-29T00:17:36: 非记录时间：2016-11-29T00:17:36+08:00
2016-11-29T00:17:46: 非记录时间：2016-11-29T00:17:46+08:00
2016-11-29T00:17:56: 非记录时间：2016-11-29T00:17:56+08:00
2016-11-29T00:18:06: 非记录时间：2016-11-29T00:18:06+08:00
2016-11-29T00:18:16: 非记录时间：2016-11-29T00:18:16+08:00
2016-11-29T00:18:26: 非记录时间：2016-11-29T00:18:26+08:00
2016-11-29T00:18:36: 非记录时间：2016-11-29T00:18:36+08:00
2016-11-29T00:18:46: 非记录时间：2016-11-29T00:18:46+08:00
2016-11-29T00:18:56: 非记录时间：2016-11-29T00:18:56+08:00
2016-11-29T00:19:06: 非记录时间：2016-11-29T00:19:06+08:00
2016-11-29T00:19:16: 非记录时间：2016-11-29T00:19:16+08:00
2016-11-29T00:19:26: 非记录时间：2016-11-29T00:19:26+08:00
2016-11-29T00:19:36: 非记录时间：2016-11-29T00:19:36+08:00
2016-11-29T00:19:46: 非记录时间：2016-11-29T00:19:46+08:00
2016-11-29T00:19:56: 非记录时间：2016-11-29T00:19:56+08:00
2016-11-29T00:20:06: 非记录时间：2016-11-29T00:20:06+08:00
2016-11-29T00:20:16: 非记录时间：2016-11-29T00:20:16+08:00
2016-11-29T00:20:26: 非记录时间：2016-11-29T00:20:26+08:00
2016-11-29T00:20:36: 非记录时间：2016-11-29T00:20:36+08:00
2016-11-29T00:20:46: 非记录时间：2016-11-29T00:20:46+08:00
2016-11-29T00:20:56: 非记录时间：2016-11-29T00:20:56+08:00
2016-11-29T00:21:06: 非记录时间：2016-11-29T00:21:06+08:00
2016-11-29T00:21:16: 非记录时间：2016-11-29T00:21:16+08:00
2016-11-29T00:21:26: 非记录时间：2016-11-29T00:21:26+08:00
2016-11-29T00:21:36: 非记录时间：2016-11-29T00:21:36+08:00
2016-11-29T00:21:46: 非记录时间：2016-11-29T00:21:46+08:00
2016-11-29T00:21:56: 非记录时间：2016-11-29T00:21:56+08:00
2016-11-29T00:22:06: 非记录时间：2016-11-29T00:22:06+08:00
2016-11-29T00:22:16: 非记录时间：2016-11-29T00:22:16+08:00
2016-11-29T00:22:26: 非记录时间：2016-11-29T00:22:26+08:00
2016-11-29T00:22:36: 非记录时间：2016-11-29T00:22:36+08:00
2016-11-29T00:22:46: 非记录时间：2016-11-29T00:22:46+08:00
2016-11-29T00:22:56: 非记录时间：2016-11-29T00:22:56+08:00
2016-11-29T00:23:06: 非记录时间：2016-11-29T00:23:06+08:00
2016-11-29T00:23:16: 非记录时间：2016-11-29T00:23:16+08:00
2016-11-29T00:23:26: 非记录时间：2016-11-29T00:23:26+08:00
2016-11-29T00:23:36: 非记录时间：2016-11-29T00:23:36+08:00
2016-11-29T00:23:46: 非记录时间：2016-11-29T00:23:46+08:00
2016-11-29T00:23:56: 非记录时间：2016-11-29T00:23:56+08:00
2016-11-29T00:24:06: 非记录时间：2016-11-29T00:24:06+08:00
2016-11-29T00:24:16: 非记录时间：2016-11-29T00:24:16+08:00
2016-11-29T00:24:26: 非记录时间：2016-11-29T00:24:26+08:00
2016-11-29T00:24:36: 非记录时间：2016-11-29T00:24:36+08:00
2016-11-29T00:24:46: 非记录时间：2016-11-29T00:24:46+08:00
2016-11-29T00:24:56: 非记录时间：2016-11-29T00:24:56+08:00
2016-11-29T00:25:06: 非记录时间：2016-11-29T00:25:06+08:00
2016-11-29T00:25:16: 非记录时间：2016-11-29T00:25:16+08:00
2016-11-29T00:25:26: 非记录时间：2016-11-29T00:25:26+08:00
2016-11-29T00:25:36: 非记录时间：2016-11-29T00:25:36+08:00
2016-11-29T00:25:46: 非记录时间：2016-11-29T00:25:46+08:00
2016-11-29T00:25:56: 非记录时间：2016-11-29T00:25:56+08:00
2016-11-29T00:26:06: 非记录时间：2016-11-29T00:26:06+08:00
2016-11-29T00:26:16: 非记录时间：2016-11-29T00:26:16+08:00
2016-11-29T00:26:26: 非记录时间：2016-11-29T00:26:26+08:00
2016-11-29T00:26:36: 非记录时间：2016-11-29T00:26:36+08:00
2016-11-29T00:26:46: 非记录时间：2016-11-29T00:26:46+08:00
2016-11-29T00:26:56: 非记录时间：2016-11-29T00:26:56+08:00
2016-11-29T00:27:06: 非记录时间：2016-11-29T00:27:06+08:00
2016-11-29T00:27:16: 非记录时间：2016-11-29T00:27:16+08:00
2016-11-29T00:27:26: 非记录时间：2016-11-29T00:27:26+08:00
2016-11-29T00:27:36: 非记录时间：2016-11-29T00:27:36+08:00
2016-11-29T00:27:46: 非记录时间：2016-11-29T00:27:46+08:00
2016-11-29T00:27:56: 非记录时间：2016-11-29T00:27:56+08:00
2016-11-29T00:28:06: 非记录时间：2016-11-29T00:28:06+08:00
2016-11-29T00:28:16: 非记录时间：2016-11-29T00:28:16+08:00
2016-11-29T00:28:26: 非记录时间：2016-11-29T00:28:26+08:00
2016-11-29T00:28:36: 非记录时间：2016-11-29T00:28:36+08:00
2016-11-29T00:28:46: 非记录时间：2016-11-29T00:28:46+08:00
2016-11-29T00:28:56: 非记录时间：2016-11-29T00:28:56+08:00
2016-11-29T00:29:06: 非记录时间：2016-11-29T00:29:06+08:00
2016-11-29T00:29:16: 非记录时间：2016-11-29T00:29:16+08:00
2016-11-29T00:29:26: 非记录时间：2016-11-29T00:29:26+08:00
2016-11-29T00:29:36: 非记录时间：2016-11-29T00:29:36+08:00
2016-11-29T00:29:46: 非记录时间：2016-11-29T00:29:46+08:00
2016-11-29T00:29:56: 非记录时间：2016-11-29T00:29:56+08:00
2016-11-29T00:30:06: 非记录时间：2016-11-29T00:30:06+08:00
2016-11-29T00:30:16: 非记录时间：2016-11-29T00:30:16+08:00
2016-11-29T00:30:26: 非记录时间：2016-11-29T00:30:26+08:00
2016-11-29T00:30:36: 非记录时间：2016-11-29T00:30:36+08:00
2016-11-29T00:30:46: 非记录时间：2016-11-29T00:30:46+08:00
2016-11-29T00:30:56: 非记录时间：2016-11-29T00:30:56+08:00
2016-11-29T00:31:06: 非记录时间：2016-11-29T00:31:06+08:00
2016-11-29T00:31:16: 非记录时间：2016-11-29T00:31:16+08:00
2016-11-29T00:31:26: 非记录时间：2016-11-29T00:31:26+08:00
2016-11-29T00:31:36: 非记录时间：2016-11-29T00:31:36+08:00
2016-11-29T00:31:46: 非记录时间：2016-11-29T00:31:46+08:00
2016-11-29T00:31:56: 非记录时间：2016-11-29T00:31:56+08:00
2016-11-29T00:32:06: 非记录时间：2016-11-29T00:32:06+08:00
2016-11-29T00:32:16: 非记录时间：2016-11-29T00:32:16+08:00
2016-11-29T00:32:26: 非记录时间：2016-11-29T00:32:26+08:00
2016-11-29T00:32:36: 非记录时间：2016-11-29T00:32:36+08:00
2016-11-29T00:32:46: 非记录时间：2016-11-29T00:32:46+08:00
2016-11-29T00:32:56: 非记录时间：2016-11-29T00:32:56+08:00
2016-11-29T00:33:06: 非记录时间：2016-11-29T00:33:06+08:00
2016-11-29T00:33:16: 非记录时间：2016-11-29T00:33:16+08:00
2016-11-29T00:33:26: 非记录时间：2016-11-29T00:33:26+08:00
2016-11-29T00:33:36: 非记录时间：2016-11-29T00:33:36+08:00
2016-11-29T00:33:46: 非记录时间：2016-11-29T00:33:46+08:00
2016-11-29T00:33:56: 非记录时间：2016-11-29T00:33:56+08:00
2016-11-29T00:34:06: 非记录时间：2016-11-29T00:34:06+08:00
2016-11-29T00:34:16: 非记录时间：2016-11-29T00:34:16+08:00
2016-11-29T00:34:26: 非记录时间：2016-11-29T00:34:26+08:00
2016-11-29T00:34:36: 非记录时间：2016-11-29T00:34:36+08:00
2016-11-29T00:34:46: 非记录时间：2016-11-29T00:34:46+08:00
2016-11-29T00:34:56: 非记录时间：2016-11-29T00:34:56+08:00
2016-11-29T00:35:06: 非记录时间：2016-11-29T00:35:06+08:00
2016-11-29T00:35:16: 非记录时间：2016-11-29T00:35:16+08:00
2016-11-29T00:35:26: 非记录时间：2016-11-29T00:35:26+08:00
2016-11-29T00:35:36: 非记录时间：2016-11-29T00:35:36+08:00
2016-11-29T00:35:46: 非记录时间：2016-11-29T00:35:46+08:00
2016-11-29T00:35:56: 非记录时间：2016-11-29T00:35:56+08:00
2016-11-29T00:36:06: 非记录时间：2016-11-29T00:36:06+08:00
2016-11-29T00:36:16: 非记录时间：2016-11-29T00:36:16+08:00
2016-11-29T00:36:26: 非记录时间：2016-11-29T00:36:26+08:00
2016-11-29T00:36:36: 非记录时间：2016-11-29T00:36:36+08:00
2016-11-29T00:36:46: 非记录时间：2016-11-29T00:36:46+08:00
2016-11-29T00:36:56: 非记录时间：2016-11-29T00:36:56+08:00
2016-11-29T00:37:06: 非记录时间：2016-11-29T00:37:06+08:00
2016-11-29T00:37:16: 非记录时间：2016-11-29T00:37:16+08:00
2016-11-29T00:37:26: 非记录时间：2016-11-29T00:37:26+08:00
2016-11-29T00:37:36: 非记录时间：2016-11-29T00:37:36+08:00
2016-11-29T00:37:46: 非记录时间：2016-11-29T00:37:46+08:00
2016-11-29T00:37:56: 非记录时间：2016-11-29T00:37:56+08:00
2016-11-29T00:38:06: 非记录时间：2016-11-29T00:38:06+08:00
2016-11-29T00:38:16: 非记录时间：2016-11-29T00:38:16+08:00
2016-11-29T00:38:26: 非记录时间：2016-11-29T00:38:26+08:00
2016-11-29T00:38:36: 非记录时间：2016-11-29T00:38:36+08:00
2016-11-29T00:38:46: 非记录时间：2016-11-29T00:38:46+08:00
2016-11-29T00:38:56: 非记录时间：2016-11-29T00:38:56+08:00
2016-11-29T00:39:06: 非记录时间：2016-11-29T00:39:06+08:00
2016-11-29T00:39:16: 非记录时间：2016-11-29T00:39:16+08:00
2016-11-29T00:39:26: 非记录时间：2016-11-29T00:39:26+08:00
2016-11-29T00:39:36: 非记录时间：2016-11-29T00:39:36+08:00
2016-11-29T00:39:46: 非记录时间：2016-11-29T00:39:46+08:00
2016-11-29T00:39:56: 非记录时间：2016-11-29T00:39:56+08:00
2016-11-29T00:40:06: 非记录时间：2016-11-29T00:40:06+08:00
2016-11-29T00:40:16: 非记录时间：2016-11-29T00:40:16+08:00
2016-11-29T00:40:26: 非记录时间：2016-11-29T00:40:26+08:00
2016-11-29T00:40:36: 非记录时间：2016-11-29T00:40:36+08:00
2016-11-29T00:40:46: 非记录时间：2016-11-29T00:40:46+08:00
2016-11-29T00:40:56: 非记录时间：2016-11-29T00:40:56+08:00
2016-11-29T00:41:06: 非记录时间：2016-11-29T00:41:06+08:00
2016-11-29T00:41:16: 非记录时间：2016-11-29T00:41:16+08:00
2016-11-29T00:41:26: 非记录时间：2016-11-29T00:41:26+08:00
2016-11-29T00:41:36: 非记录时间：2016-11-29T00:41:36+08:00
2016-11-29T00:41:46: 非记录时间：2016-11-29T00:41:46+08:00
2016-11-29T00:41:56: 非记录时间：2016-11-29T00:41:56+08:00
2016-11-29T00:42:06: 非记录时间：2016-11-29T00:42:06+08:00
2016-11-29T00:42:16: 非记录时间：2016-11-29T00:42:16+08:00
2016-11-29T00:42:26: 非记录时间：2016-11-29T00:42:26+08:00
2016-11-29T00:42:36: 非记录时间：2016-11-29T00:42:36+08:00
2016-11-29T00:42:46: 非记录时间：2016-11-29T00:42:46+08:00
2016-11-29T00:42:56: 非记录时间：2016-11-29T00:42:56+08:00
2016-11-29T00:43:06: 非记录时间：2016-11-29T00:43:06+08:00
2016-11-29T00:43:16: 非记录时间：2016-11-29T00:43:16+08:00
2016-11-29T00:43:26: 非记录时间：2016-11-29T00:43:26+08:00
2016-11-29T00:43:36: 非记录时间：2016-11-29T00:43:36+08:00
2016-11-29T00:43:46: 非记录时间：2016-11-29T00:43:46+08:00
2016-11-29T00:43:56: 非记录时间：2016-11-29T00:43:56+08:00
2016-11-29T00:44:06: 非记录时间：2016-11-29T00:44:06+08:00
2016-11-29T00:44:16: 非记录时间：2016-11-29T00:44:16+08:00
2016-11-29T00:44:26: 非记录时间：2016-11-29T00:44:26+08:00
2016-11-29T00:44:36: 非记录时间：2016-11-29T00:44:36+08:00
2016-11-29T00:44:46: 非记录时间：2016-11-29T00:44:46+08:00
2016-11-29T00:44:56: 非记录时间：2016-11-29T00:44:56+08:00
2016-11-29T00:45:06: 非记录时间：2016-11-29T00:45:06+08:00
2016-11-29T00:45:16: 非记录时间：2016-11-29T00:45:16+08:00
2016-11-29T00:45:26: 非记录时间：2016-11-29T00:45:26+08:00
2016-11-29T00:45:36: 非记录时间：2016-11-29T00:45:36+08:00
2016-11-29T00:45:46: 非记录时间：2016-11-29T00:45:46+08:00
2016-11-29T00:45:56: 非记录时间：2016-11-29T00:45:56+08:00
2016-11-29T00:46:06: 非记录时间：2016-11-29T00:46:06+08:00
2016-11-29T00:46:16: 非记录时间：2016-11-29T00:46:16+08:00
2016-11-29T00:46:26: 非记录时间：2016-11-29T00:46:26+08:00
2016-11-29T00:46:36: 非记录时间：2016-11-29T00:46:36+08:00
2016-11-29T00:46:46: 非记录时间：2016-11-29T00:46:46+08:00
2016-11-29T00:46:56: 非记录时间：2016-11-29T00:46:56+08:00
2016-11-29T00:47:06: 非记录时间：2016-11-29T00:47:06+08:00
2016-11-29T00:47:16: 非记录时间：2016-11-29T00:47:16+08:00
2016-11-29T00:47:26: 非记录时间：2016-11-29T00:47:26+08:00
2016-11-29T00:47:36: 非记录时间：2016-11-29T00:47:36+08:00
2016-11-29T00:47:46: 非记录时间：2016-11-29T00:47:46+08:00
2016-11-29T00:47:56: 非记录时间：2016-11-29T00:47:56+08:00
2016-11-29T00:48:06: 非记录时间：2016-11-29T00:48:06+08:00
2016-11-29T00:48:16: 非记录时间：2016-11-29T00:48:16+08:00
2016-11-29T00:48:26: 非记录时间：2016-11-29T00:48:26+08:00
2016-11-29T00:48:36: 非记录时间：2016-11-29T00:48:36+08:00
2016-11-29T00:48:46: 非记录时间：2016-11-29T00:48:46+08:00
2016-11-29T00:48:56: 非记录时间：2016-11-29T00:48:56+08:00
2016-11-29T00:49:06: 非记录时间：2016-11-29T00:49:06+08:00
2016-11-29T00:49:16: 非记录时间：2016-11-29T00:49:16+08:00
2016-11-29T00:49:26: 非记录时间：2016-11-29T00:49:26+08:00
2016-11-29T00:49:36: 非记录时间：2016-11-29T00:49:36+08:00
2016-11-29T00:49:46: 非记录时间：2016-11-29T00:49:46+08:00
2016-11-29T00:49:56: 非记录时间：2016-11-29T00:49:56+08:00
2016-11-29T00:50:06: 非记录时间：2016-11-29T00:50:06+08:00
2016-11-29T00:50:16: 非记录时间：2016-11-29T00:50:16+08:00
2016-11-29T00:50:26: 非记录时间：2016-11-29T00:50:26+08:00
2016-11-29T00:50:36: 非记录时间：2016-11-29T00:50:36+08:00
2016-11-29T00:50:46: 非记录时间：2016-11-29T00:50:46+08:00
2016-11-29T00:50:56: 非记录时间：2016-11-29T00:50:56+08:00
2016-11-29T00:51:06: 非记录时间：2016-11-29T00:51:06+08:00
2016-11-29T00:51:16: 非记录时间：2016-11-29T00:51:16+08:00
2016-11-29T00:51:26: 非记录时间：2016-11-29T00:51:26+08:00
2016-11-29T00:51:36: 非记录时间：2016-11-29T00:51:36+08:00
2016-11-29T00:51:46: 非记录时间：2016-11-29T00:51:46+08:00
2016-11-29T00:51:56: 非记录时间：2016-11-29T00:51:56+08:00
2016-11-29T00:52:06: 非记录时间：2016-11-29T00:52:06+08:00
2016-11-29T00:52:16: 非记录时间：2016-11-29T00:52:16+08:00
2016-11-29T00:52:26: 非记录时间：2016-11-29T00:52:26+08:00
2016-11-29T00:52:36: 非记录时间：2016-11-29T00:52:36+08:00
2016-11-29T00:52:46: 非记录时间：2016-11-29T00:52:46+08:00
2016-11-29T00:52:56: 非记录时间：2016-11-29T00:52:56+08:00
2016-11-29T00:53:06: 非记录时间：2016-11-29T00:53:06+08:00
2016-11-29T00:53:16: 非记录时间：2016-11-29T00:53:16+08:00
2016-11-29T00:53:26: 非记录时间：2016-11-29T00:53:26+08:00
2016-11-29T00:53:36: 非记录时间：2016-11-29T00:53:36+08:00
2016-11-29T00:53:46: 非记录时间：2016-11-29T00:53:46+08:00
2016-11-29T00:53:56: 非记录时间：2016-11-29T00:53:56+08:00
2016-11-29T00:54:06: 非记录时间：2016-11-29T00:54:06+08:00
2016-11-29T00:54:16: 非记录时间：2016-11-29T00:54:16+08:00
2016-11-29T00:54:26: 非记录时间：2016-11-29T00:54:26+08:00
2016-11-29T00:54:36: 非记录时间：2016-11-29T00:54:36+08:00
2016-11-29T00:54:46: 非记录时间：2016-11-29T00:54:46+08:00
2016-11-29T00:54:56: 非记录时间：2016-11-29T00:54:56+08:00
2016-11-29T00:55:06: 非记录时间：2016-11-29T00:55:06+08:00
2016-11-29T00:55:16: 非记录时间：2016-11-29T00:55:16+08:00
2016-11-29T00:55:26: 非记录时间：2016-11-29T00:55:26+08:00
2016-11-29T00:55:36: 非记录时间：2016-11-29T00:55:36+08:00
2016-11-29T00:55:46: 非记录时间：2016-11-29T00:55:46+08:00
2016-11-29T00:55:56: 非记录时间：2016-11-29T00:55:56+08:00
2016-11-29T00:56:06: 非记录时间：2016-11-29T00:56:06+08:00
2016-11-29T00:56:16: 非记录时间：2016-11-29T00:56:16+08:00
2016-11-29T00:56:26: 非记录时间：2016-11-29T00:56:26+08:00
2016-11-29T00:56:36: 非记录时间：2016-11-29T00:56:36+08:00
2016-11-29T00:56:46: 非记录时间：2016-11-29T00:56:46+08:00
2016-11-29T00:56:56: 非记录时间：2016-11-29T00:56:56+08:00
2016-11-29T00:57:06: 非记录时间：2016-11-29T00:57:06+08:00
2016-11-29T00:57:16: 非记录时间：2016-11-29T00:57:16+08:00
2016-11-29T00:57:26: 非记录时间：2016-11-29T00:57:26+08:00
2016-11-29T00:57:36: 非记录时间：2016-11-29T00:57:36+08:00
2016-11-29T00:57:46: 非记录时间：2016-11-29T00:57:46+08:00
2016-11-29T00:57:56: 非记录时间：2016-11-29T00:57:56+08:00
2016-11-29T00:58:06: 非记录时间：2016-11-29T00:58:06+08:00
2016-11-29T00:58:16: 非记录时间：2016-11-29T00:58:16+08:00
2016-11-29T00:58:26: 非记录时间：2016-11-29T00:58:26+08:00
2016-11-29T00:58:36: 非记录时间：2016-11-29T00:58:36+08:00
2016-11-29T00:58:46: 非记录时间：2016-11-29T00:58:46+08:00
2016-11-29T00:58:56: 非记录时间：2016-11-29T00:58:56+08:00
2016-11-29T00:59:06: 非记录时间：2016-11-29T00:59:06+08:00
2016-11-29T00:59:16: 非记录时间：2016-11-29T00:59:16+08:00
2016-11-29T00:59:26: 非记录时间：2016-11-29T00:59:26+08:00
2016-11-29T00:59:36: 非记录时间：2016-11-29T00:59:36+08:00
2016-11-29T00:59:46: 非记录时间：2016-11-29T00:59:46+08:00
2016-11-29T00:59:56: 非记录时间：2016-11-29T00:59:56+08:00
2016-11-29T01:00:06: 非记录时间：2016-11-29T01:00:06+08:00
2016-11-29T01:00:16: 非记录时间：2016-11-29T01:00:16+08:00
2016-11-29T01:00:26: 非记录时间：2016-11-29T01:00:26+08:00
2016-11-29T01:00:36: 非记录时间：2016-11-29T01:00:36+08:00
2016-11-29T01:00:46: 非记录时间：2016-11-29T01:00:46+08:00
2016-11-29T01:00:56: 非记录时间：2016-11-29T01:00:56+08:00
2016-11-29T01:01:06: 非记录时间：2016-11-29T01:01:06+08:00
2016-11-29T01:01:16: 非记录时间：2016-11-29T01:01:16+08:00
2016-11-29T01:01:26: 非记录时间：2016-11-29T01:01:26+08:00
2016-11-29T01:01:36: 非记录时间：2016-11-29T01:01:36+08:00
2016-11-29T01:01:46: 非记录时间：2016-11-29T01:01:46+08:00
2016-11-29T01:01:56: 非记录时间：2016-11-29T01:01:56+08:00
2016-11-29T01:02:06: 非记录时间：2016-11-29T01:02:06+08:00
2016-11-29T01:02:16: 非记录时间：2016-11-29T01:02:16+08:00
2016-11-29T01:02:26: 非记录时间：2016-11-29T01:02:26+08:00
2016-11-29T01:02:36: 非记录时间：2016-11-29T01:02:36+08:00
2016-11-29T01:02:46: 非记录时间：2016-11-29T01:02:46+08:00
2016-11-29T01:02:56: 非记录时间：2016-11-29T01:02:56+08:00
2016-11-29T01:03:06: 非记录时间：2016-11-29T01:03:06+08:00
2016-11-29T01:03:16: 非记录时间：2016-11-29T01:03:16+08:00
2016-11-29T01:03:26: 非记录时间：2016-11-29T01:03:26+08:00
2016-11-29T01:03:36: 非记录时间：2016-11-29T01:03:36+08:00
2016-11-29T01:03:46: 非记录时间：2016-11-29T01:03:46+08:00
2016-11-29T01:03:56: 非记录时间：2016-11-29T01:03:56+08:00
2016-11-29T01:04:06: 非记录时间：2016-11-29T01:04:06+08:00
2016-11-29T01:04:16: 非记录时间：2016-11-29T01:04:16+08:00
2016-11-29T01:04:26: 非记录时间：2016-11-29T01:04:26+08:00
2016-11-29T01:04:36: 非记录时间：2016-11-29T01:04:36+08:00
2016-11-29T01:04:46: 非记录时间：2016-11-29T01:04:46+08:00
2016-11-29T01:04:56: 非记录时间：2016-11-29T01:04:56+08:00
2016-11-29T01:05:06: 非记录时间：2016-11-29T01:05:06+08:00
2016-11-29T01:05:16: 非记录时间：2016-11-29T01:05:16+08:00
2016-11-29T01:05:26: 非记录时间：2016-11-29T01:05:26+08:00
2016-11-29T01:05:36: 非记录时间：2016-11-29T01:05:36+08:00
2016-11-29T01:05:46: 非记录时间：2016-11-29T01:05:46+08:00
2016-11-29T01:05:56: 非记录时间：2016-11-29T01:05:56+08:00
2016-11-29T01:06:06: 非记录时间：2016-11-29T01:06:06+08:00
2016-11-29T01:06:16: 非记录时间：2016-11-29T01:06:16+08:00
2016-11-29T01:06:26: 非记录时间：2016-11-29T01:06:26+08:00
2016-11-29T01:06:36: 非记录时间：2016-11-29T01:06:36+08:00
2016-11-29T01:06:46: 非记录时间：2016-11-29T01:06:46+08:00
2016-11-29T01:06:56: 非记录时间：2016-11-29T01:06:56+08:00
2016-11-29T01:07:06: 非记录时间：2016-11-29T01:07:06+08:00
2016-11-29T01:07:16: 非记录时间：2016-11-29T01:07:16+08:00
2016-11-29T01:07:26: 非记录时间：2016-11-29T01:07:26+08:00
2016-11-29T01:07:36: 非记录时间：2016-11-29T01:07:36+08:00
2016-11-29T01:07:46: 非记录时间：2016-11-29T01:07:46+08:00
2016-11-29T01:07:56: 非记录时间：2016-11-29T01:07:56+08:00
2016-11-29T01:08:06: 非记录时间：2016-11-29T01:08:06+08:00
2016-11-29T01:08:16: 非记录时间：2016-11-29T01:08:16+08:00
2016-11-29T01:08:26: 非记录时间：2016-11-29T01:08:26+08:00
2016-11-29T01:08:36: 非记录时间：2016-11-29T01:08:36+08:00
2016-11-29T01:08:46: 非记录时间：2016-11-29T01:08:46+08:00
2016-11-29T01:08:56: 非记录时间：2016-11-29T01:08:56+08:00
2016-11-29T01:09:06: 非记录时间：2016-11-29T01:09:06+08:00
2016-11-29T01:09:16: 非记录时间：2016-11-29T01:09:16+08:00
2016-11-29T01:09:26: 非记录时间：2016-11-29T01:09:26+08:00
2016-11-29T01:09:36: 非记录时间：2016-11-29T01:09:36+08:00
2016-11-29T01:09:46: 非记录时间：2016-11-29T01:09:46+08:00
2016-11-29T01:09:56: 非记录时间：2016-11-29T01:09:56+08:00
2016-11-29T01:10:06: 非记录时间：2016-11-29T01:10:06+08:00
2016-11-29T01:10:16: 非记录时间：2016-11-29T01:10:16+08:00
2016-11-29T01:10:26: 非记录时间：2016-11-29T01:10:26+08:00
2016-11-29T01:10:36: 非记录时间：2016-11-29T01:10:36+08:00
2016-11-29T01:10:46: 非记录时间：2016-11-29T01:10:46+08:00
2016-11-29T01:10:56: 非记录时间：2016-11-29T01:10:56+08:00
2016-11-29T01:11:07: 读取文件失败，可能是该文件不存在
2016-11-29T01:11:07: Error: ENOENT: no such file or directory, open './data/2016-11-29.json'
2016-11-29T01:11:17: 读取文件成功
2016-11-29T01:11:27: 读取文件成功
2016-11-29T01:11:37: 读取文件成功
2016-11-29T01:11:47: 读取文件成功
2016-11-29T01:11:57: 读取文件成功
2016-11-29T01:12:07: 读取文件成功
2016-11-29T01:12:17: 读取文件成功
2016-11-29T01:12:27: 读取文件成功
2016-11-29T01:12:37: 读取文件成功
2016-11-29T01:12:47: 读取文件成功
2016-11-29T01:12:57: 读取文件成功
2016-11-29T01:13:07: 读取文件成功
2016-11-29T01:13:17: 读取文件成功
2016-11-29T01:13:27: 读取文件成功
2016-11-29T01:13:37: 读取文件成功
2016-11-29T01:13:47: 读取文件成功
2016-11-29T01:13:57: 读取文件成功
2016-11-29T01:14:07: 读取文件成功
2016-11-29T01:14:17: 读取文件成功
2016-11-29T01:14:27: 读取文件成功
2016-11-29T01:14:37: 读取文件成功
2016-11-29T01:14:47: 读取文件成功
2016-11-29T01:14:57: 读取文件成功
2016-11-29T01:15:07: 读取文件成功
2016-11-29T01:15:17: 读取文件成功
2016-11-29T01:15:27: 读取文件成功
2016-11-29T01:15:37: 读取文件成功
2016-11-29T01:15:47: 读取文件成功
2016-11-29T01:15:57: 读取文件成功
2016-11-29T01:16:07: 读取文件成功
2016-11-29T01:16:17: 读取文件成功
2016-11-29T01:16:27: 读取文件成功
2016-11-29T01:16:37: 读取文件成功
2016-11-29T01:16:47: 读取文件成功
2016-11-29T01:16:57: 读取文件成功
2016-11-29T01:17:07: 读取文件成功
2016-11-29T01:17:17: 读取文件成功
2016-11-29T01:17:27: 读取文件成功
2016-11-29T01:17:37: 读取文件成功
2016-11-29T01:17:47: 读取文件成功
2016-11-29T01:17:57: 读取文件成功
2016-11-29T01:18:07: 读取文件成功
2016-11-29T01:18:17: 读取文件成功
2016-11-29T01:18:27: 读取文件成功
2016-11-29T01:18:37: 读取文件成功
2016-11-29T01:18:47: 读取文件成功
2016-11-29T01:18:57: 读取文件成功
2016-11-29T01:19:07: 读取文件成功
2016-11-29T01:19:17: 读取文件成功
2016-11-29T01:19:27: 读取文件成功
2016-11-29T01:19:37: 读取文件成功
2016-11-29T01:19:47: 读取文件成功
2016-11-29T01:19:57: 读取文件成功
2016-11-29T01:20:07: 读取文件成功
2016-11-29T01:20:17: 读取文件成功
2016-11-29T01:20:27: 读取文件成功
2016-11-29T01:20:37: 读取文件成功
2016-11-29T01:20:47: 读取文件成功
2016-11-29T01:20:57: 读取文件成功
2016-11-29T01:21:07: 读取文件成功
2016-11-29T01:21:17: 读取文件成功
2016-11-29T01:21:28: 读取文件成功
2016-11-29T01:21:37: 读取文件成功
2016-11-29T01:21:47: 读取文件成功
2016-11-29T01:21:57: 读取文件成功
2016-11-29T01:22:07: 读取文件成功
2016-11-29T01:22:17: 读取文件成功
2016-11-29T01:22:27: 读取文件成功
2016-11-29T01:22:37: 读取文件成功
2016-11-29T01:22:47: 读取文件成功
2016-11-29T01:22:57: 读取文件成功
2016-11-29T01:23:07: 读取文件成功
2016-11-29T01:23:18: 读取文件成功
2016-11-29T01:23:28: 读取文件成功
2016-11-29T01:23:38: 读取文件成功
2016-11-29T01:23:48: 读取文件成功
2016-11-29T01:23:58: 读取文件成功
2016-11-29T01:24:08: 读取文件成功
2016-11-29T01:24:18: 读取文件成功
2016-11-29T01:24:28: 读取文件成功
2016-11-29T01:24:38: 读取文件成功
2016-11-29T01:24:48: 读取文件成功
2016-11-29T01:24:58: 读取文件成功
2016-11-29T01:25:08: 读取文件成功
2016-11-29T01:25:18: 读取文件成功
2016-11-29T01:25:28: 读取文件成功
2016-11-29T01:25:38: 读取文件成功
2016-11-29T01:25:48: 读取文件成功
2016-11-29T01:25:58: 读取文件成功
2016-11-29T01:26:08: 读取文件成功
2016-11-29T01:26:18: 读取文件成功
2016-11-29T01:26:28: 读取文件成功
2016-11-29T01:26:38: 读取文件成功
2016-11-29T01:26:48: 读取文件成功
2016-11-29T01:26:58: 读取文件成功
2016-11-29T01:27:08: 读取文件成功
2016-11-29T01:27:18: 读取文件成功
2016-11-29T01:27:28: 读取文件成功
2016-11-29T01:27:38: 读取文件成功
2016-11-29T01:27:48: 读取文件成功
2016-11-29T01:27:58: 读取文件成功
2016-11-29T01:28:08: 读取文件成功
2016-11-29T01:28:18: 读取文件成功
2016-11-29T01:28:28: 读取文件成功
2016-11-29T01:28:38: 读取文件成功
2016-11-29T01:28:48: 读取文件成功
2016-11-29T01:28:58: 读取文件成功
2016-11-29T01:29:08: 读取文件成功
2016-11-29T01:29:18: 读取文件成功
2016-11-29T01:29:28: 读取文件成功
2016-11-29T01:29:38: 读取文件成功
2016-11-29T01:29:48: 读取文件成功
2016-11-29T01:29:58: 读取文件成功
2016-11-29T01:30:08: 读取文件成功
2016-11-29T01:30:18: 读取文件成功
2016-11-29T01:30:28: 读取文件成功
2016-11-29T01:30:38: 读取文件成功
2016-11-29T01:30:48: 读取文件成功
2016-11-29T01:30:58: 读取文件成功
2016-11-29T01:31:08: 读取文件成功
2016-11-29T01:31:18: 读取文件成功
2016-11-29T01:31:28: 读取文件成功
2016-11-29T01:31:38: 读取文件成功
2016-11-29T01:31:48: 读取文件成功
2016-11-29T01:31:58: 读取文件成功
2016-11-29T01:32:08: 读取文件成功
2016-11-29T01:32:18: 读取文件成功
2016-11-29T01:32:28: 读取文件成功
2016-11-29T01:32:38: 读取文件成功
2016-11-29T01:32:48: 读取文件成功
2016-11-29T01:32:58: 读取文件成功
2016-11-29T01:33:08: 读取文件成功
2016-11-29T01:33:18: 读取文件成功
2016-11-29T01:33:28: 读取文件成功
2016-11-29T01:33:38: 读取文件成功
2016-11-29T01:33:48: 读取文件成功
2016-11-29T01:33:58: 读取文件成功
2016-11-29T01:34:08: 读取文件成功
2016-11-29T01:34:18: 读取文件成功
2016-11-29T01:34:28: 读取文件成功
2016-11-29T01:34:38: 读取文件成功
2016-11-29T01:34:48: 读取文件成功
2016-11-29T01:34:58: 读取文件成功
2016-11-29T01:35:08: 读取文件成功
2016-11-29T01:35:18: 读取文件成功
2016-11-29T01:35:28: 读取文件成功
2016-11-29T01:35:38: 读取文件成功
2016-11-29T01:35:48: 读取文件成功
2016-11-29T01:35:58: 读取文件成功
2016-11-29T01:36:08: 读取文件成功
2016-11-29T01:36:18: 读取文件成功
2016-11-29T01:36:28: 读取文件成功
2016-11-29T01:36:38: 读取文件成功
2016-11-29T01:36:48: 读取文件成功
2016-11-29T01:36:58: 读取文件成功
2016-11-29T01:37:08: 读取文件成功
2016-11-29T01:37:18: 读取文件成功
2016-11-29T01:37:28: 读取文件成功
2016-11-29T01:37:38: 读取文件成功
2016-11-29T01:37:48: 读取文件成功
2016-11-29T01:37:58: 读取文件成功
2016-11-29T01:38:08: 读取文件成功
2016-11-29T01:38:18: 读取文件成功
2016-11-29T01:38:28: 读取文件成功
2016-11-29T01:38:38: 读取文件成功
2016-11-29T01:38:48: 读取文件成功
2016-11-29T01:38:58: 读取文件成功
2016-11-29T01:39:08: 读取文件成功
2016-11-29T01:39:18: 读取文件成功
2016-11-29T01:39:28: 读取文件成功
2016-11-29T01:39:38: 读取文件成功
2016-11-29T01:39:48: 读取文件成功
2016-11-29T01:39:58: 读取文件成功
2016-11-29T01:40:08: 读取文件成功
2016-11-29T01:40:18: 读取文件成功
2016-11-29T01:40:28: 读取文件成功
2016-11-29T01:40:38: 读取文件成功
2016-11-29T01:40:48: 读取文件成功
2016-11-29T01:40:58: 读取文件成功
2016-11-29T01:41:08: 读取文件成功
2016-11-29T01:41:18: 读取文件成功
2016-11-29T01:41:28: 读取文件成功
2016-11-29T01:41:39: 读取文件成功
2016-11-29T01:41:49: 读取文件成功
2016-11-29T01:41:59: 读取文件成功
2016-11-29T01:42:09: 读取文件成功
2016-11-29T01:42:19: 读取文件成功
2016-11-29T01:42:29: 读取文件成功
2016-11-29T01:42:39: 读取文件成功
2016-11-29T01:42:49: 读取文件成功
2016-11-29T01:42:59: 读取文件成功
2016-11-29T01:43:09: 读取文件成功
2016-11-29T01:43:19: 读取文件成功
2016-11-29T01:43:29: 读取文件成功
2016-11-29T01:43:39: 读取文件成功
2016-11-29T01:43:49: 读取文件成功
2016-11-29T01:43:59: 读取文件成功
2016-11-29T01:44:09: 读取文件成功
2016-11-29T01:44:19: 读取文件成功
2016-11-29T01:44:29: 读取文件成功
2016-11-29T01:44:39: 读取文件成功
2016-11-29T01:44:49: 读取文件成功
2016-11-29T01:44:59: 读取文件成功
2016-11-29T01:45:09: 读取文件成功
2016-11-29T01:45:19: 读取文件成功
2016-11-29T01:45:29: 读取文件成功
2016-11-29T01:45:39: 读取文件成功
2016-11-29T01:45:49: 读取文件成功
2016-11-29T01:45:59: 读取文件成功
2016-11-29T01:46:09: 读取文件成功
2016-11-29T01:46:19: 读取文件成功
2016-11-29T01:46:29: 读取文件成功
2016-11-29T01:46:39: 读取文件成功
2016-11-29T01:46:49: 读取文件成功
2016-11-29T01:46:59: 读取文件成功
2016-11-29T01:47:09: 读取文件成功
2016-11-29T01:47:19: 读取文件成功
2016-11-29T01:47:29: 读取文件成功
2016-11-29T01:47:39: 读取文件成功
2016-11-29T01:47:49: 读取文件成功
2016-11-29T01:47:59: 读取文件成功
2016-11-29T01:48:09: 读取文件成功
2016-11-29T01:48:19: 读取文件成功
2016-11-29T01:48:29: 读取文件成功
2016-11-29T01:48:39: 读取文件成功
2016-11-29T01:48:49: 读取文件成功
2016-11-29T01:48:59: 读取文件成功
2016-11-29T01:49:09: 读取文件成功
2016-11-29T01:49:19: 读取文件成功
2016-11-29T01:49:29: 读取文件成功
2016-11-29T01:49:39: 读取文件成功
2016-11-29T01:49:49: 读取文件成功
2016-11-29T01:49:59: 读取文件成功
2016-11-29T01:50:09: 读取文件成功
2016-11-29T01:50:19: 读取文件成功
2016-11-29T01:50:29: 读取文件成功
2016-11-29T01:50:39: 读取文件成功
2016-11-29T01:50:49: 读取文件成功
2016-11-29T01:50:59: 读取文件成功
2016-11-29T01:51:09: 读取文件成功
2016-11-29T01:51:19: 读取文件成功
2016-11-29T01:51:29: 读取文件成功
2016-11-29T01:51:39: 读取文件成功
2016-11-29T01:51:49: 读取文件成功
2016-11-29T01:51:59: 读取文件成功
2016-11-29T01:52:09: 读取文件成功
2016-11-29T01:52:19: 读取文件成功
2016-11-29T01:52:29: 读取文件成功
2016-11-29T01:52:39: 读取文件成功
2016-11-29T01:52:49: 读取文件成功
2016-11-29T01:52:59: 读取文件成功
2016-11-29T01:53:09: 读取文件成功
2016-11-29T01:53:19: 读取文件成功
2016-11-29T01:53:29: 读取文件成功
2016-11-29T01:53:39: 读取文件成功
2016-11-29T01:53:49: 读取文件成功
2016-11-29T01:53:59: 读取文件成功
2016-11-29T01:54:09: 读取文件成功
2016-11-29T01:54:19: 读取文件成功
2016-11-29T01:54:29: 读取文件成功
2016-11-29T01:54:39: 读取文件成功
2016-11-29T01:54:49: 读取文件成功
2016-11-29T01:54:59: 读取文件成功
2016-11-29T01:55:09: 读取文件成功
2016-11-29T01:55:19: 读取文件成功
2016-11-29T01:55:29: 读取文件成功
2016-11-29T01:55:39: 读取文件成功
2016-11-29T01:55:49: 读取文件成功
2016-11-29T01:55:59: 读取文件成功
2016-11-29T01:56:09: 读取文件成功
2016-11-29T01:56:19: 读取文件成功
2016-11-29T01:56:29: 读取文件成功
2016-11-29T01:56:39: 读取文件成功
2016-11-29T01:56:49: 读取文件成功
2016-11-29T01:56:59: 读取文件成功
2016-11-29T01:57:09: 读取文件成功
2016-11-29T01:57:19: 读取文件成功
2016-11-29T01:57:29: 读取文件成功
2016-11-29T01:57:39: 读取文件成功
2016-11-29T01:57:49: 读取文件成功
2016-11-29T01:57:59: 读取文件成功
2016-11-29T01:58:09: 读取文件成功
2016-11-29T01:58:19: 读取文件成功
2016-11-29T01:58:29: 读取文件成功
2016-11-29T01:58:39: 读取文件成功
2016-11-29T01:58:49: 读取文件成功
2016-11-29T01:58:59: 读取文件成功
2016-11-29T01:59:09: 读取文件成功
2016-11-29T01:59:19: 读取文件成功
2016-11-29T01:59:29: 读取文件成功
2016-11-29T01:59:39: 读取文件成功
2016-11-29T01:59:49: 读取文件成功
2016-11-29T01:59:59: 读取文件成功
2016-11-29T02:00:09: 读取文件成功
2016-11-29T02:00:19: 读取文件成功
2016-11-29T02:00:29: 读取文件成功
2016-11-29T02:00:39: 读取文件成功
2016-11-29T02:00:49: 读取文件成功
2016-11-29T02:00:59: 读取文件成功
2016-11-29T02:01:09: 读取文件成功
2016-11-29T02:01:19: 读取文件成功
2016-11-29T02:01:30: 读取文件成功
2016-11-29T02:01:40: 读取文件成功
2016-11-29T02:01:50: 读取文件成功
2016-11-29T02:02:00: 读取文件成功
2016-11-29T02:02:10: 读取文件成功
2016-11-29T02:02:20: 读取文件成功
2016-11-29T02:02:30: 读取文件成功
2016-11-29T02:02:40: 读取文件成功
2016-11-29T02:02:50: 读取文件成功
2016-11-29T02:03:00: 读取文件成功
2016-11-29T02:03:10: 读取文件成功
2016-11-29T02:03:20: 读取文件成功
2016-11-29T02:03:30: 读取文件成功
2016-11-29T02:03:40: 读取文件成功
2016-11-29T02:03:50: 读取文件成功
2016-11-29T02:04:00: 读取文件成功
2016-11-29T02:04:10: 读取文件成功
2016-11-29T02:04:20: 读取文件成功
2016-11-29T02:04:30: 读取文件成功
2016-11-29T02:04:40: 读取文件成功
2016-11-29T02:04:50: 读取文件成功
2016-11-29T02:05:00: 读取文件成功
2016-11-29T02:05:10: 读取文件成功
2016-11-29T02:05:20: 读取文件成功
2016-11-29T02:05:30: 读取文件成功
2016-11-29T02:05:40: 读取文件成功
2016-11-29T02:05:50: 读取文件成功
2016-11-29T02:06:00: 读取文件成功
2016-11-29T02:06:10: 读取文件成功
2016-11-29T02:06:20: 读取文件成功
2016-11-29T02:06:30: 读取文件成功
2016-11-29T02:06:40: 读取文件成功
2016-11-29T02:06:50: 读取文件成功
2016-11-29T02:07:00: 读取文件成功
2016-11-29T02:07:10: 读取文件成功
2016-11-29T02:07:20: 读取文件成功
2016-11-29T02:07:30: 读取文件成功
2016-11-29T02:07:40: 读取文件成功
2016-11-29T02:07:50: 读取文件成功
2016-11-29T02:08:00: 读取文件成功
2016-11-29T02:08:10: 读取文件成功
2016-11-29T02:08:20: 读取文件成功
2016-11-29T02:08:30: 读取文件成功
2016-11-29T02:08:40: 读取文件成功
2016-11-29T02:08:50: 读取文件成功
2016-11-29T02:09:00: 读取文件成功
2016-11-29T02:09:10: 读取文件成功
2016-11-29T02:09:20: 读取文件成功
2016-11-29T02:09:30: 读取文件成功
2016-11-29T02:09:40: 读取文件成功
2016-11-29T02:09:50: 读取文件成功
2016-11-29T02:10:00: 读取文件成功
2016-11-29T02:10:10: 读取文件成功
2016-11-29T02:10:20: 读取文件成功
2016-11-29T02:10:30: 读取文件成功
2016-11-29T02:10:40: 读取文件成功
2016-11-29T02:10:50: 读取文件成功
2016-11-29T02:11:00: 读取文件成功
2016-11-29T02:11:10: 读取文件成功
2016-11-29T02:11:20: 读取文件成功
2016-11-29T02:11:30: 读取文件成功
2016-11-29T02:11:40: 读取文件成功
2016-11-29T02:11:50: 读取文件成功
2016-11-29T02:12:00: 读取文件成功
2016-11-29T02:12:10: 读取文件成功
2016-11-29T02:12:20: 读取文件成功
2016-11-29T02:12:30: 读取文件成功
2016-11-29T02:12:40: 读取文件成功
2016-11-29T02:12:50: 读取文件成功
2016-11-29T02:13:00: 读取文件成功
2016-11-29T02:13:10: 读取文件成功
2016-11-29T02:13:20: 读取文件成功
2016-11-29T02:13:30: 读取文件成功
2016-11-29T02:13:40: 读取文件成功
2016-11-29T02:13:50: 读取文件成功
2016-11-29T02:14:00: 读取文件成功
2016-11-29T02:14:10: 读取文件成功
2016-11-29T02:14:20: 读取文件成功
2016-11-29T02:14:30: 读取文件成功
2016-11-29T02:14:40: 读取文件成功
2016-11-29T02:14:50: 读取文件成功
2016-11-29T02:15:00: 读取文件成功
2016-11-29T02:15:10: 读取文件成功
2016-11-29T02:15:20: 读取文件成功
2016-11-29T02:15:30: 读取文件成功
2016-11-29T02:15:40: 读取文件成功
2016-11-29T02:15:50: 读取文件成功
2016-11-29T02:16:00: 读取文件成功
2016-11-29T02:16:10: 读取文件成功
2016-11-29T02:16:20: 读取文件成功
2016-11-29T02:16:30: 读取文件成功
2016-11-29T02:16:40: 读取文件成功
2016-11-29T02:16:50: 读取文件成功
2016-11-29T02:17:00: 读取文件成功
2016-11-29T02:17:10: 读取文件成功
2016-11-29T02:17:20: 读取文件成功
2016-11-29T02:17:30: 读取文件成功
2016-11-29T02:17:40: 读取文件成功
2016-11-29T02:17:51: 读取文件成功
2016-11-29T02:18:00: 读取文件成功
2016-11-29T02:18:10: 读取文件成功
2016-11-29T02:18:20: 读取文件成功
2016-11-29T02:18:30: 读取文件成功
2016-11-29T02:18:40: 读取文件成功
2016-11-29T02:18:50: 读取文件成功
2016-11-29T02:19:00: 读取文件成功
2016-11-29T02:19:10: 读取文件成功
2016-11-29T02:19:21: 读取文件成功
2016-11-29T02:19:31: 读取文件成功
2016-11-29T02:19:41: 读取文件成功
2016-11-29T02:19:51: 读取文件成功
2016-11-29T02:20:01: 读取文件成功
2016-11-29T02:20:11: 读取文件成功
2016-11-29T02:20:21: 读取文件成功
2016-11-29T02:20:31: 读取文件成功
2016-11-29T02:20:41: 读取文件成功
2016-11-29T02:20:51: 读取文件成功
2016-11-29T02:21:01: 读取文件成功
2016-11-29T02:21:11: 读取文件成功
2016-11-29T02:21:21: 读取文件成功
2016-11-29T02:21:31: 读取文件成功
2016-11-29T02:21:41: 读取文件成功
2016-11-29T02:21:51: 读取文件成功
2016-11-29T02:22:01: 读取文件成功
2016-11-29T02:22:11: 读取文件成功
2016-11-29T02:22:21: 读取文件成功
2016-11-29T02:22:31: 读取文件成功
2016-11-29T02:22:41: 读取文件成功
2016-11-29T02:22:51: 读取文件成功
2016-11-29T02:23:01: 读取文件成功
2016-11-29T02:23:11: 读取文件成功
2016-11-29T02:23:21: 读取文件成功
2016-11-29T02:23:31: 读取文件成功
2016-11-29T02:23:41: 读取文件成功
2016-11-29T02:23:51: 读取文件成功
2016-11-29T02:24:01: 读取文件成功
2016-11-29T02:24:11: 读取文件成功
2016-11-29T02:24:21: 读取文件成功
2016-11-29T02:24:31: 读取文件成功
2016-11-29T02:24:41: 读取文件成功
2016-11-29T02:24:51: 读取文件成功
2016-11-29T02:25:01: 读取文件成功
2016-11-29T02:25:11: 读取文件成功
2016-11-29T02:25:21: 读取文件成功
2016-11-29T02:25:31: 读取文件成功
2016-11-29T02:25:41: 读取文件成功
2016-11-29T02:25:51: 读取文件成功
2016-11-29T02:26:01: 读取文件成功
2016-11-29T02:26:11: 读取文件成功
2016-11-29T02:26:21: 读取文件成功
2016-11-29T02:26:31: 读取文件成功
2016-11-29T02:26:41: 读取文件成功
2016-11-29T02:26:51: 读取文件成功
2016-11-29T02:27:01: 读取文件成功
2016-11-29T02:27:11: 读取文件成功
2016-11-29T02:27:21: 读取文件成功
2016-11-29T02:27:31: 读取文件成功
2016-11-29T02:27:41: 读取文件成功
2016-11-29T02:27:51: 读取文件成功
2016-11-29T02:28:01: 读取文件成功
2016-11-29T02:28:11: 读取文件成功
2016-11-29T02:28:21: 读取文件成功
2016-11-29T02:28:31: 读取文件成功
2016-11-29T02:28:41: 读取文件成功
2016-11-29T02:28:51: 读取文件成功
2016-11-29T02:29:01: 读取文件成功
2016-11-29T02:29:11: 读取文件成功
2016-11-29T02:29:21: 读取文件成功
2016-11-29T02:29:31: 读取文件成功
2016-11-29T02:29:41: 读取文件成功
2016-11-29T02:29:51: 读取文件成功
2016-11-29T02:30:01: 读取文件成功
2016-11-29T02:30:11: 读取文件成功
2016-11-29T02:30:21: 读取文件成功
2016-11-29T02:30:31: 读取文件成功
2016-11-29T02:30:41: 读取文件成功
2016-11-29T02:30:51: 读取文件成功
2016-11-29T02:31:01: 读取文件成功
2016-11-29T02:31:11: 读取文件成功
2016-11-29T02:31:21: 读取文件成功
2016-11-29T02:31:31: 读取文件成功
2016-11-29T02:31:41: 读取文件成功
2016-11-29T02:31:51: 读取文件成功
2016-11-29T02:32:01: 读取文件成功
2016-11-29T02:32:11: 读取文件成功
2016-11-29T02:32:21: 读取文件成功
2016-11-29T02:32:31: 读取文件成功
2016-11-29T02:32:41: 读取文件成功
2016-11-29T02:32:51: 读取文件成功
2016-11-29T02:33:01: 读取文件成功
2016-11-29T02:33:11: 读取文件成功
2016-11-29T02:33:21: 读取文件成功
2016-11-29T02:33:31: 读取文件成功
2016-11-29T02:33:41: 读取文件成功
2016-11-29T02:33:51: 读取文件成功
2016-11-29T02:34:01: 读取文件成功
2016-11-29T02:34:11: 读取文件成功
2016-11-29T02:34:21: 读取文件成功
2016-11-29T02:34:31: 读取文件成功
2016-11-29T02:34:41: 读取文件成功
2016-11-29T02:34:51: 读取文件成功
2016-11-29T02:35:01: 读取文件成功
2016-11-29T02:35:11: 读取文件成功
2016-11-29T02:35:21: 读取文件成功
2016-11-29T02:35:31: 读取文件成功
2016-11-29T02:35:41: 读取文件成功
2016-11-29T02:35:51: 读取文件成功
2016-11-29T02:36:01: 读取文件成功
2016-11-29T02:36:11: 读取文件成功
2016-11-29T02:36:21: 读取文件成功
2016-11-29T02:36:31: 读取文件成功
2016-11-29T02:36:41: 读取文件成功
2016-11-29T02:36:51: 读取文件成功
2016-11-29T02:37:01: 读取文件成功
2016-11-29T02:37:12: 读取文件成功
2016-11-29T02:37:22: 读取文件成功
2016-11-29T02:37:32: 读取文件成功
2016-11-29T02:37:42: 读取文件成功
2016-11-29T02:37:52: 读取文件成功
2016-11-29T02:38:02: 读取文件成功
2016-11-29T02:38:12: 读取文件成功
2016-11-29T02:38:22: 读取文件成功
2016-11-29T02:38:32: 读取文件成功
2016-11-29T02:38:42: 读取文件成功
2016-11-29T02:38:52: 读取文件成功
2016-11-29T02:39:02: 读取文件成功
2016-11-29T02:39:12: 读取文件成功
2016-11-29T02:39:22: 读取文件成功
2016-11-29T02:39:32: 读取文件成功
2016-11-29T02:39:42: 读取文件成功
2016-11-29T02:39:52: 读取文件成功
2016-11-29T02:40:02: 读取文件成功
2016-11-29T02:40:12: 读取文件成功
2016-11-29T02:40:22: 读取文件成功
2016-11-29T02:40:32: 读取文件成功
2016-11-29T02:40:42: 读取文件成功
2016-11-29T02:40:52: 读取文件成功
2016-11-29T02:41:02: 读取文件成功
2016-11-29T02:41:12: 读取文件成功
2016-11-29T02:41:22: 读取文件成功
2016-11-29T02:41:32: 读取文件成功
2016-11-29T02:41:42: 读取文件成功
2016-11-29T02:41:52: 读取文件成功
2016-11-29T02:42:02: 读取文件成功
2016-11-29T02:42:12: 读取文件成功
2016-11-29T02:42:22: 读取文件成功
2016-11-29T02:42:32: 读取文件成功
2016-11-29T02:42:42: 读取文件成功
2016-11-29T02:42:52: 读取文件成功
2016-11-29T02:43:02: 读取文件成功
2016-11-29T02:43:12: 读取文件成功
2016-11-29T02:43:22: 读取文件成功
2016-11-29T02:43:32: 读取文件成功
2016-11-29T02:43:42: 读取文件成功
2016-11-29T02:43:52: 读取文件成功
2016-11-29T02:44:02: 读取文件成功
2016-11-29T02:44:12: 读取文件成功
2016-11-29T02:44:22: 读取文件成功
2016-11-29T02:44:32: 读取文件成功
2016-11-29T02:44:42: 读取文件成功
2016-11-29T02:44:52: 读取文件成功
2016-11-29T02:45:02: 读取文件成功
2016-11-29T02:45:12: 读取文件成功
2016-11-29T02:45:22: 读取文件成功
2016-11-29T02:45:32: 读取文件成功
2016-11-29T02:45:42: 读取文件成功
2016-11-29T02:45:52: 读取文件成功
2016-11-29T02:46:02: 读取文件成功
2016-11-29T02:46:12: 读取文件成功
2016-11-29T02:46:22: 读取文件成功
2016-11-29T02:46:32: 读取文件成功
2016-11-29T02:46:42: 读取文件成功
2016-11-29T02:46:52: 读取文件成功
2016-11-29T02:47:02: 读取文件成功
2016-11-29T02:47:12: 读取文件成功
2016-11-29T02:47:22: 读取文件成功
2016-11-29T02:47:32: 读取文件成功
2016-11-29T02:47:42: 读取文件成功
2016-11-29T02:47:52: 读取文件成功
2016-11-29T02:48:02: 读取文件成功
2016-11-29T02:48:12: 读取文件成功
2016-11-29T02:48:22: 读取文件成功
2016-11-29T02:48:32: 读取文件成功
2016-11-29T02:48:42: 读取文件成功
2016-11-29T02:48:52: 读取文件成功
2016-11-29T02:49:02: 读取文件成功
2016-11-29T02:49:12: 读取文件成功
2016-11-29T02:49:22: 读取文件成功
2016-11-29T02:49:32: 读取文件成功
2016-11-29T02:49:42: 读取文件成功
2016-11-29T02:49:52: 读取文件成功
2016-11-29T02:50:02: 读取文件成功
2016-11-29T02:50:12: 读取文件成功
2016-11-29T02:50:22: 读取文件成功
2016-11-29T02:50:32: 读取文件成功
2016-11-29T02:50:42: 读取文件成功
2016-11-29T02:50:52: 读取文件成功
2016-11-29T02:51:02: 读取文件成功
2016-11-29T02:51:12: 读取文件成功
2016-11-29T02:51:22: 读取文件成功
2016-11-29T02:51:32: 读取文件成功
2016-11-29T02:51:42: 读取文件成功
2016-11-29T02:51:52: 读取文件成功
2016-11-29T02:52:02: 读取文件成功
2016-11-29T02:52:12: 读取文件成功
2016-11-29T02:52:22: 读取文件成功
2016-11-29T02:52:32: 读取文件成功
2016-11-29T02:52:42: 读取文件成功
2016-11-29T02:52:52: 读取文件成功
2016-11-29T02:53:02: 读取文件成功
2016-11-29T02:53:12: 读取文件成功
2016-11-29T02:53:22: 读取文件成功
2016-11-29T02:53:32: 读取文件成功
2016-11-29T02:53:43: 读取文件成功
2016-11-29T02:53:52: 读取文件成功
2016-11-29T02:54:02: 读取文件成功
2016-11-29T02:54:12: 读取文件成功
2016-11-29T02:54:22: 读取文件成功
2016-11-29T02:54:32: 读取文件成功
2016-11-29T02:54:43: 读取文件成功
2016-11-29T02:54:53: 读取文件成功
2016-11-29T02:55:03: 读取文件成功
2016-11-29T02:55:13: 读取文件成功
2016-11-29T02:55:23: 读取文件成功
2016-11-29T02:55:33: 读取文件成功
2016-11-29T02:55:43: 读取文件成功
2016-11-29T02:55:53: 读取文件成功
2016-11-29T02:56:03: 读取文件成功
2016-11-29T02:56:13: 读取文件成功
2016-11-29T02:56:23: 读取文件成功
2016-11-29T02:56:33: 读取文件成功
2016-11-29T02:56:43: 读取文件成功
2016-11-29T02:56:53: 读取文件成功
2016-11-29T02:57:03: 读取文件成功
2016-11-29T02:57:13: 读取文件成功
2016-11-29T02:57:23: 读取文件成功
2016-11-29T02:57:33: 读取文件成功
2016-11-29T02:57:43: 读取文件成功
2016-11-29T02:57:53: 读取文件成功
2016-11-29T02:58:03: 读取文件成功
2016-11-29T02:58:13: 读取文件成功
2016-11-29T02:58:23: 读取文件成功
2016-11-29T02:58:33: 读取文件成功
2016-11-29T02:58:43: 读取文件成功
2016-11-29T02:58:53: 读取文件成功
2016-11-29T02:59:03: 读取文件成功
2016-11-29T02:59:13: 读取文件成功
2016-11-29T02:59:23: 读取文件成功
2016-11-29T02:59:33: 读取文件成功
2016-11-29T02:59:43: 读取文件成功
2016-11-29T02:59:53: 读取文件成功
2016-11-29T03:00:03: 读取文件成功
2016-11-29T03:00:13: 读取文件成功
2016-11-29T03:00:23: 读取文件成功
2016-11-29T03:00:33: 读取文件成功
2016-11-29T03:00:43: 读取文件成功
2016-11-29T03:00:53: 读取文件成功
2016-11-29T03:01:03: 读取文件成功
2016-11-29T03:01:13: 读取文件成功
2016-11-29T03:01:23: 读取文件成功
2016-11-29T03:01:33: 读取文件成功
2016-11-29T03:01:43: 读取文件成功
2016-11-29T03:01:53: 读取文件成功
2016-11-29T03:02:03: 读取文件成功
2016-11-29T03:02:13: 读取文件成功
2016-11-29T03:02:23: 读取文件成功
2016-11-29T03:02:33: 读取文件成功
2016-11-29T03:02:43: 读取文件成功
2016-11-29T03:02:53: 读取文件成功
2016-11-29T03:03:03: 读取文件成功
2016-11-29T03:03:13: 读取文件成功
2016-11-29T03:03:23: 读取文件成功
2016-11-29T03:03:33: 读取文件成功
2016-11-29T03:03:43: 读取文件成功
2016-11-29T03:03:53: 读取文件成功
2016-11-29T03:04:03: 读取文件成功
2016-11-29T03:04:13: 读取文件成功
2016-11-29T03:04:23: 读取文件成功
2016-11-29T03:04:33: 读取文件成功
2016-11-29T03:04:43: 读取文件成功
2016-11-29T03:04:53: 读取文件成功
2016-11-29T03:05:03: 读取文件成功
2016-11-29T03:05:13: 读取文件成功
2016-11-29T03:05:23: 读取文件成功
2016-11-29T03:05:33: 读取文件成功
2016-11-29T03:05:43: 读取文件成功
2016-11-29T03:05:53: 读取文件成功
2016-11-29T03:06:03: 读取文件成功
2016-11-29T03:06:13: 读取文件成功
2016-11-29T03:06:23: 读取文件成功
2016-11-29T03:06:33: 读取文件成功
2016-11-29T03:06:43: 读取文件成功
2016-11-29T03:06:53: 读取文件成功
2016-11-29T03:07:03: 读取文件成功
2016-11-29T03:07:13: 读取文件成功
2016-11-29T03:07:23: 读取文件成功
2016-11-29T03:07:33: 读取文件成功
2016-11-29T03:07:43: 读取文件成功
2016-11-29T03:07:53: 读取文件成功
2016-11-29T03:08:03: 读取文件成功
2016-11-29T03:08:13: 读取文件成功
2016-11-29T03:08:23: 读取文件成功
2016-11-29T03:08:33: 读取文件成功
2016-11-29T03:08:43: 读取文件成功
2016-11-29T03:08:53: 读取文件成功
2016-11-29T03:09:03: 读取文件成功
2016-11-29T03:09:13: 读取文件成功
2016-11-29T03:09:23: 读取文件成功
2016-11-29T03:09:33: 读取文件成功
2016-11-29T03:09:43: 读取文件成功
2016-11-29T03:09:53: 读取文件成功
2016-11-29T03:10:03: 读取文件成功
2016-11-29T03:10:13: 读取文件成功
2016-11-29T03:10:23: 读取文件成功
2016-11-29T03:10:33: 读取文件成功
2016-11-29T03:10:43: 读取文件成功
2016-11-29T03:10:53: 读取文件成功
2016-11-29T03:11:03: 读取文件成功
2016-11-29T03:11:13: 读取文件成功
2016-11-29T03:11:23: 读取文件成功
2016-11-29T03:11:33: 读取文件成功
2016-11-29T03:11:43: 读取文件成功
2016-11-29T03:11:53: 读取文件成功
2016-11-29T03:12:03: 读取文件成功
2016-11-29T03:12:13: 读取文件成功
2016-11-29T03:12:23: 读取文件成功
2016-11-29T03:12:33: 读取文件成功
2016-11-29T03:12:43: 读取文件成功
2016-11-29T03:12:53: 读取文件成功
2016-11-29T03:13:03: 读取文件成功
2016-11-29T03:13:13: 读取文件成功
2016-11-29T03:13:24: 读取文件成功
2016-11-29T03:13:34: 读取文件成功
2016-11-29T03:13:44: 读取文件成功
2016-11-29T03:13:54: 读取文件成功
2016-11-29T03:14:04: 读取文件成功
2016-11-29T03:14:14: 读取文件成功
2016-11-29T03:14:24: 读取文件成功
2016-11-29T03:14:34: 读取文件成功
2016-11-29T03:14:44: 读取文件成功
2016-11-29T03:14:54: 读取文件成功
2016-11-29T03:15:04: 读取文件成功
2016-11-29T03:15:14: 读取文件成功
2016-11-29T03:15:24: 读取文件成功
2016-11-29T03:15:34: 读取文件成功
2016-11-29T03:15:44: 读取文件成功
2016-11-29T03:15:54: 读取文件成功
2016-11-29T03:16:04: 读取文件成功
2016-11-29T03:16:14: 读取文件成功
2016-11-29T03:16:24: 读取文件成功
2016-11-29T03:16:34: 读取文件成功
2016-11-29T03:16:44: 读取文件成功
2016-11-29T03:16:54: 读取文件成功
2016-11-29T03:17:04: 读取文件成功
2016-11-29T03:17:14: 读取文件成功
2016-11-29T03:17:24: 读取文件成功
2016-11-29T03:17:34: 读取文件成功
2016-11-29T03:17:44: 读取文件成功
2016-11-29T03:17:54: 读取文件成功
2016-11-29T03:18:04: 读取文件成功
2016-11-29T03:18:14: 读取文件成功
2016-11-29T03:18:24: 读取文件成功
2016-11-29T03:18:34: 读取文件成功
2016-11-29T03:18:44: 读取文件成功
2016-11-29T03:18:54: 读取文件成功
2016-11-29T03:19:04: 读取文件成功
2016-11-29T03:19:14: 读取文件成功
2016-11-29T03:19:24: 读取文件成功
2016-11-29T03:19:34: 读取文件成功
2016-11-29T03:19:44: 读取文件成功
2016-11-29T03:19:54: 读取文件成功
2016-11-29T03:20:04: 读取文件成功
2016-11-29T03:20:14: 读取文件成功
2016-11-29T03:20:24: 读取文件成功
2016-11-29T03:20:34: 读取文件成功
2016-11-29T03:20:44: 读取文件成功
2016-11-29T03:20:54: 读取文件成功
2016-11-29T03:21:04: 读取文件成功
2016-11-29T03:21:14: 读取文件成功
2016-11-29T03:21:24: 读取文件成功
2016-11-29T03:21:34: 读取文件成功
2016-11-29T03:21:44: 读取文件成功
2016-11-29T03:21:54: 读取文件成功
2016-11-29T03:22:04: 读取文件成功
2016-11-29T03:22:14: 读取文件成功
2016-11-29T03:22:24: 读取文件成功
2016-11-29T03:22:34: 读取文件成功
2016-11-29T03:22:44: 读取文件成功
2016-11-29T03:22:54: 读取文件成功
2016-11-29T03:23:04: 读取文件成功
2016-11-29T03:23:14: 读取文件成功
2016-11-29T03:23:24: 读取文件成功
2016-11-29T03:23:34: 读取文件成功
2016-11-29T03:23:44: 读取文件成功
2016-11-29T03:23:54: 读取文件成功
2016-11-29T03:24:04: 读取文件成功
2016-11-29T03:24:14: 读取文件成功
2016-11-29T03:24:24: 读取文件成功
2016-11-29T03:24:34: 读取文件成功
2016-11-29T03:24:44: 读取文件成功
2016-11-29T03:24:54: 读取文件成功
2016-11-29T03:25:04: 读取文件成功
2016-11-29T03:25:14: 读取文件成功
2016-11-29T03:25:24: 读取文件成功
2016-11-29T03:25:34: 读取文件成功
2016-11-29T03:25:44: 读取文件成功
2016-11-29T03:25:54: 读取文件成功
2016-11-29T03:26:04: 读取文件成功
2016-11-29T03:26:14: 读取文件成功
2016-11-29T03:26:24: 读取文件成功
2016-11-29T03:26:34: 读取文件成功
2016-11-29T03:26:44: 读取文件成功
2016-11-29T03:26:54: 读取文件成功
2016-11-29T03:27:04: 读取文件成功
2016-11-29T03:27:14: 读取文件成功
2016-11-29T03:27:24: 读取文件成功
2016-11-29T03:27:34: 读取文件成功
2016-11-29T03:27:44: 读取文件成功
2016-11-29T03:27:54: 读取文件成功
2016-11-29T03:28:04: 读取文件成功
2016-11-29T03:28:14: 读取文件成功
2016-11-29T03:28:24: 读取文件成功
2016-11-29T03:28:34: 读取文件成功
2016-11-29T03:28:44: 读取文件成功
2016-11-29T03:28:54: 读取文件成功
2016-11-29T03:29:04: 读取文件成功
