2016-11-23T00:00:06: 非记录时间：2016-11-23T00:00:06+08:00
2016-11-23T00:00:16: 非记录时间：2016-11-23T00:00:16+08:00
2016-11-23T00:00:26: 非记录时间：2016-11-23T00:00:26+08:00
2016-11-23T00:00:36: 非记录时间：2016-11-23T00:00:36+08:00
2016-11-23T00:00:46: 非记录时间：2016-11-23T00:00:46+08:00
2016-11-23T00:00:56: 非记录时间：2016-11-23T00:00:56+08:00
2016-11-23T00:01:06: 非记录时间：2016-11-23T00:01:06+08:00
2016-11-23T00:01:16: 非记录时间：2016-11-23T00:01:16+08:00
2016-11-23T00:01:26: 非记录时间：2016-11-23T00:01:26+08:00
2016-11-23T00:01:36: 非记录时间：2016-11-23T00:01:36+08:00
2016-11-23T00:01:46: 非记录时间：2016-11-23T00:01:46+08:00
2016-11-23T00:01:56: 非记录时间：2016-11-23T00:01:56+08:00
2016-11-23T00:02:06: 非记录时间：2016-11-23T00:02:06+08:00
2016-11-23T00:02:16: 非记录时间：2016-11-23T00:02:16+08:00
2016-11-23T00:02:26: 非记录时间：2016-11-23T00:02:26+08:00
2016-11-23T00:02:36: 非记录时间：2016-11-23T00:02:36+08:00
2016-11-23T00:02:46: 非记录时间：2016-11-23T00:02:46+08:00
2016-11-23T00:02:56: 非记录时间：2016-11-23T00:02:56+08:00
2016-11-23T00:03:06: 非记录时间：2016-11-23T00:03:06+08:00
2016-11-23T00:03:16: 非记录时间：2016-11-23T00:03:16+08:00
2016-11-23T00:03:26: 非记录时间：2016-11-23T00:03:26+08:00
2016-11-23T00:03:36: 非记录时间：2016-11-23T00:03:36+08:00
2016-11-23T00:03:46: 非记录时间：2016-11-23T00:03:46+08:00
2016-11-23T00:03:56: 非记录时间：2016-11-23T00:03:56+08:00
2016-11-23T00:04:06: 非记录时间：2016-11-23T00:04:06+08:00
2016-11-23T00:04:16: 非记录时间：2016-11-23T00:04:16+08:00
2016-11-23T00:04:26: 非记录时间：2016-11-23T00:04:26+08:00
2016-11-23T00:04:36: 非记录时间：2016-11-23T00:04:36+08:00
2016-11-23T00:04:46: 非记录时间：2016-11-23T00:04:46+08:00
2016-11-23T00:04:56: 非记录时间：2016-11-23T00:04:56+08:00
2016-11-23T00:05:06: 非记录时间：2016-11-23T00:05:06+08:00
2016-11-23T00:05:16: 非记录时间：2016-11-23T00:05:16+08:00
2016-11-23T00:05:26: 非记录时间：2016-11-23T00:05:26+08:00
2016-11-23T00:05:36: 非记录时间：2016-11-23T00:05:36+08:00
2016-11-23T00:05:46: 非记录时间：2016-11-23T00:05:46+08:00
2016-11-23T00:05:56: 非记录时间：2016-11-23T00:05:56+08:00
2016-11-23T00:06:06: 非记录时间：2016-11-23T00:06:06+08:00
2016-11-23T00:06:16: 非记录时间：2016-11-23T00:06:16+08:00
2016-11-23T00:06:26: 非记录时间：2016-11-23T00:06:26+08:00
2016-11-23T00:06:36: 非记录时间：2016-11-23T00:06:36+08:00
2016-11-23T00:06:46: 非记录时间：2016-11-23T00:06:46+08:00
2016-11-23T00:06:56: 非记录时间：2016-11-23T00:06:56+08:00
2016-11-23T00:07:06: 非记录时间：2016-11-23T00:07:06+08:00
2016-11-23T00:07:16: 非记录时间：2016-11-23T00:07:16+08:00
2016-11-23T00:07:26: 非记录时间：2016-11-23T00:07:26+08:00
2016-11-23T00:07:36: 非记录时间：2016-11-23T00:07:36+08:00
2016-11-23T00:07:46: 非记录时间：2016-11-23T00:07:46+08:00
2016-11-23T00:07:56: 非记录时间：2016-11-23T00:07:56+08:00
2016-11-23T00:08:06: 非记录时间：2016-11-23T00:08:06+08:00
2016-11-23T00:08:16: 非记录时间：2016-11-23T00:08:16+08:00
2016-11-23T00:08:26: 非记录时间：2016-11-23T00:08:26+08:00
2016-11-23T00:08:36: 非记录时间：2016-11-23T00:08:36+08:00
2016-11-23T00:08:46: 非记录时间：2016-11-23T00:08:46+08:00
2016-11-23T00:08:56: 非记录时间：2016-11-23T00:08:56+08:00
2016-11-23T00:09:06: 非记录时间：2016-11-23T00:09:06+08:00
2016-11-23T00:09:16: 非记录时间：2016-11-23T00:09:16+08:00
2016-11-23T00:09:26: 非记录时间：2016-11-23T00:09:26+08:00
2016-11-23T00:09:36: 非记录时间：2016-11-23T00:09:36+08:00
2016-11-23T00:09:46: 非记录时间：2016-11-23T00:09:46+08:00
2016-11-23T00:09:56: 非记录时间：2016-11-23T00:09:56+08:00
2016-11-23T00:10:06: 非记录时间：2016-11-23T00:10:06+08:00
2016-11-23T00:10:16: 非记录时间：2016-11-23T00:10:16+08:00
2016-11-23T00:10:26: 非记录时间：2016-11-23T00:10:26+08:00
2016-11-23T00:10:36: 非记录时间：2016-11-23T00:10:36+08:00
2016-11-23T00:10:46: 非记录时间：2016-11-23T00:10:46+08:00
2016-11-23T00:10:56: 非记录时间：2016-11-23T00:10:56+08:00
2016-11-23T00:11:06: 非记录时间：2016-11-23T00:11:06+08:00
2016-11-23T00:11:16: 非记录时间：2016-11-23T00:11:16+08:00
2016-11-23T00:11:26: 非记录时间：2016-11-23T00:11:26+08:00
2016-11-23T00:11:36: 非记录时间：2016-11-23T00:11:36+08:00
2016-11-23T00:11:46: 非记录时间：2016-11-23T00:11:46+08:00
2016-11-23T00:11:56: 非记录时间：2016-11-23T00:11:56+08:00
2016-11-23T00:12:06: 非记录时间：2016-11-23T00:12:06+08:00
2016-11-23T00:12:16: 非记录时间：2016-11-23T00:12:16+08:00
2016-11-23T00:12:26: 非记录时间：2016-11-23T00:12:26+08:00
2016-11-23T00:12:36: 非记录时间：2016-11-23T00:12:36+08:00
2016-11-23T00:12:46: 非记录时间：2016-11-23T00:12:46+08:00
2016-11-23T00:12:56: 非记录时间：2016-11-23T00:12:56+08:00
2016-11-23T00:13:06: 非记录时间：2016-11-23T00:13:06+08:00
2016-11-23T00:13:16: 非记录时间：2016-11-23T00:13:16+08:00
2016-11-23T00:13:26: 非记录时间：2016-11-23T00:13:26+08:00
2016-11-23T00:13:36: 非记录时间：2016-11-23T00:13:36+08:00
2016-11-23T00:13:46: 非记录时间：2016-11-23T00:13:46+08:00
2016-11-23T00:13:56: 非记录时间：2016-11-23T00:13:56+08:00
2016-11-23T00:14:06: 非记录时间：2016-11-23T00:14:06+08:00
2016-11-23T00:14:16: 非记录时间：2016-11-23T00:14:16+08:00
2016-11-23T00:14:26: 非记录时间：2016-11-23T00:14:26+08:00
2016-11-23T00:14:36: 非记录时间：2016-11-23T00:14:36+08:00
2016-11-23T00:14:46: 非记录时间：2016-11-23T00:14:46+08:00
2016-11-23T00:14:56: 非记录时间：2016-11-23T00:14:56+08:00
2016-11-23T00:15:06: 非记录时间：2016-11-23T00:15:06+08:00
2016-11-23T00:15:16: 非记录时间：2016-11-23T00:15:16+08:00
2016-11-23T00:15:26: 非记录时间：2016-11-23T00:15:26+08:00
2016-11-23T00:15:36: 非记录时间：2016-11-23T00:15:36+08:00
2016-11-23T00:15:46: 非记录时间：2016-11-23T00:15:46+08:00
2016-11-23T00:15:56: 非记录时间：2016-11-23T00:15:56+08:00
2016-11-23T00:16:06: 非记录时间：2016-11-23T00:16:06+08:00
2016-11-23T00:16:16: 非记录时间：2016-11-23T00:16:16+08:00
2016-11-23T00:16:26: 非记录时间：2016-11-23T00:16:26+08:00
2016-11-23T00:16:36: 非记录时间：2016-11-23T00:16:36+08:00
2016-11-23T00:16:46: 非记录时间：2016-11-23T00:16:46+08:00
2016-11-23T00:16:56: 非记录时间：2016-11-23T00:16:56+08:00
2016-11-23T00:17:06: 非记录时间：2016-11-23T00:17:06+08:00
2016-11-23T00:17:16: 非记录时间：2016-11-23T00:17:16+08:00
2016-11-23T00:17:26: 非记录时间：2016-11-23T00:17:26+08:00
2016-11-23T00:17:36: 非记录时间：2016-11-23T00:17:36+08:00
2016-11-23T00:17:46: 非记录时间：2016-11-23T00:17:46+08:00
2016-11-23T00:17:56: 非记录时间：2016-11-23T00:17:56+08:00
2016-11-23T00:18:06: 非记录时间：2016-11-23T00:18:06+08:00
2016-11-23T00:18:16: 非记录时间：2016-11-23T00:18:16+08:00
2016-11-23T00:18:26: 非记录时间：2016-11-23T00:18:26+08:00
2016-11-23T00:18:36: 非记录时间：2016-11-23T00:18:36+08:00
2016-11-23T00:18:46: 非记录时间：2016-11-23T00:18:46+08:00
2016-11-23T00:18:56: 非记录时间：2016-11-23T00:18:56+08:00
2016-11-23T00:19:06: 非记录时间：2016-11-23T00:19:06+08:00
2016-11-23T00:19:16: 非记录时间：2016-11-23T00:19:16+08:00
2016-11-23T00:19:26: 非记录时间：2016-11-23T00:19:26+08:00
2016-11-23T00:19:36: 非记录时间：2016-11-23T00:19:36+08:00
2016-11-23T00:19:46: 非记录时间：2016-11-23T00:19:46+08:00
2016-11-23T00:19:56: 非记录时间：2016-11-23T00:19:56+08:00
2016-11-23T00:20:06: 非记录时间：2016-11-23T00:20:06+08:00
2016-11-23T00:20:16: 非记录时间：2016-11-23T00:20:16+08:00
2016-11-23T00:20:26: 非记录时间：2016-11-23T00:20:26+08:00
2016-11-23T00:20:36: 非记录时间：2016-11-23T00:20:36+08:00
2016-11-23T00:20:46: 非记录时间：2016-11-23T00:20:46+08:00
2016-11-23T00:20:56: 非记录时间：2016-11-23T00:20:56+08:00
2016-11-23T00:21:06: 非记录时间：2016-11-23T00:21:06+08:00
2016-11-23T00:21:16: 非记录时间：2016-11-23T00:21:16+08:00
2016-11-23T00:21:26: 非记录时间：2016-11-23T00:21:26+08:00
2016-11-23T00:21:36: 非记录时间：2016-11-23T00:21:36+08:00
2016-11-23T00:21:46: 非记录时间：2016-11-23T00:21:46+08:00
2016-11-23T00:21:56: 非记录时间：2016-11-23T00:21:56+08:00
2016-11-23T00:22:06: 非记录时间：2016-11-23T00:22:06+08:00
2016-11-23T00:22:16: 非记录时间：2016-11-23T00:22:16+08:00
2016-11-23T00:22:26: 非记录时间：2016-11-23T00:22:26+08:00
2016-11-23T00:22:36: 非记录时间：2016-11-23T00:22:36+08:00
2016-11-23T00:22:46: 非记录时间：2016-11-23T00:22:46+08:00
2016-11-23T00:22:56: 非记录时间：2016-11-23T00:22:56+08:00
2016-11-23T00:23:06: 非记录时间：2016-11-23T00:23:06+08:00
2016-11-23T00:23:16: 非记录时间：2016-11-23T00:23:16+08:00
2016-11-23T00:23:26: 非记录时间：2016-11-23T00:23:26+08:00
2016-11-23T00:23:36: 非记录时间：2016-11-23T00:23:36+08:00
2016-11-23T00:23:46: 非记录时间：2016-11-23T00:23:46+08:00
2016-11-23T00:23:56: 非记录时间：2016-11-23T00:23:56+08:00
2016-11-23T00:24:06: 非记录时间：2016-11-23T00:24:06+08:00
2016-11-23T00:24:16: 非记录时间：2016-11-23T00:24:16+08:00
2016-11-23T00:24:26: 非记录时间：2016-11-23T00:24:26+08:00
2016-11-23T00:24:36: 非记录时间：2016-11-23T00:24:36+08:00
2016-11-23T00:24:46: 非记录时间：2016-11-23T00:24:46+08:00
2016-11-23T00:24:56: 非记录时间：2016-11-23T00:24:56+08:00
2016-11-23T00:25:06: 非记录时间：2016-11-23T00:25:06+08:00
2016-11-23T00:25:16: 非记录时间：2016-11-23T00:25:16+08:00
2016-11-23T00:25:26: 非记录时间：2016-11-23T00:25:26+08:00
2016-11-23T00:25:36: 非记录时间：2016-11-23T00:25:36+08:00
2016-11-23T00:25:46: 非记录时间：2016-11-23T00:25:46+08:00
2016-11-23T00:25:56: 非记录时间：2016-11-23T00:25:56+08:00
2016-11-23T00:26:06: 非记录时间：2016-11-23T00:26:06+08:00
2016-11-23T00:26:16: 非记录时间：2016-11-23T00:26:16+08:00
2016-11-23T00:26:26: 非记录时间：2016-11-23T00:26:26+08:00
2016-11-23T00:26:36: 非记录时间：2016-11-23T00:26:36+08:00
2016-11-23T00:26:46: 非记录时间：2016-11-23T00:26:46+08:00
2016-11-23T00:26:56: 非记录时间：2016-11-23T00:26:56+08:00
2016-11-23T00:27:06: 非记录时间：2016-11-23T00:27:06+08:00
2016-11-23T00:27:16: 非记录时间：2016-11-23T00:27:16+08:00
2016-11-23T00:27:26: 非记录时间：2016-11-23T00:27:26+08:00
2016-11-23T00:27:36: 非记录时间：2016-11-23T00:27:36+08:00
2016-11-23T00:27:46: 非记录时间：2016-11-23T00:27:46+08:00
2016-11-23T00:27:56: 非记录时间：2016-11-23T00:27:56+08:00
2016-11-23T00:28:06: 非记录时间：2016-11-23T00:28:06+08:00
2016-11-23T00:28:16: 非记录时间：2016-11-23T00:28:16+08:00
2016-11-23T00:28:26: 非记录时间：2016-11-23T00:28:26+08:00
2016-11-23T00:28:36: 非记录时间：2016-11-23T00:28:36+08:00
2016-11-23T00:28:46: 非记录时间：2016-11-23T00:28:46+08:00
2016-11-23T00:28:56: 非记录时间：2016-11-23T00:28:56+08:00
2016-11-23T00:29:06: 非记录时间：2016-11-23T00:29:06+08:00
2016-11-23T00:29:16: 非记录时间：2016-11-23T00:29:16+08:00
2016-11-23T00:29:26: 非记录时间：2016-11-23T00:29:26+08:00
2016-11-23T00:29:36: 非记录时间：2016-11-23T00:29:36+08:00
2016-11-23T00:29:46: 非记录时间：2016-11-23T00:29:46+08:00
2016-11-23T00:29:56: 非记录时间：2016-11-23T00:29:56+08:00
2016-11-23T00:30:06: 非记录时间：2016-11-23T00:30:06+08:00
2016-11-23T00:30:16: 非记录时间：2016-11-23T00:30:16+08:00
2016-11-23T00:30:26: 非记录时间：2016-11-23T00:30:26+08:00
2016-11-23T00:30:36: 非记录时间：2016-11-23T00:30:36+08:00
2016-11-23T00:30:46: 非记录时间：2016-11-23T00:30:46+08:00
2016-11-23T00:30:56: 非记录时间：2016-11-23T00:30:56+08:00
2016-11-23T00:31:06: 非记录时间：2016-11-23T00:31:06+08:00
2016-11-23T00:31:16: 非记录时间：2016-11-23T00:31:16+08:00
2016-11-23T00:31:26: 非记录时间：2016-11-23T00:31:26+08:00
2016-11-23T00:31:36: 非记录时间：2016-11-23T00:31:36+08:00
2016-11-23T00:31:46: 非记录时间：2016-11-23T00:31:46+08:00
2016-11-23T00:31:56: 非记录时间：2016-11-23T00:31:56+08:00
2016-11-23T00:32:06: 非记录时间：2016-11-23T00:32:06+08:00
2016-11-23T00:32:16: 非记录时间：2016-11-23T00:32:16+08:00
2016-11-23T00:32:26: 非记录时间：2016-11-23T00:32:26+08:00
2016-11-23T00:32:36: 非记录时间：2016-11-23T00:32:36+08:00
2016-11-23T00:32:46: 非记录时间：2016-11-23T00:32:46+08:00
2016-11-23T00:32:56: 非记录时间：2016-11-23T00:32:56+08:00
2016-11-23T00:33:06: 非记录时间：2016-11-23T00:33:06+08:00
2016-11-23T00:33:16: 非记录时间：2016-11-23T00:33:16+08:00
2016-11-23T00:33:26: 非记录时间：2016-11-23T00:33:26+08:00
2016-11-23T00:33:36: 非记录时间：2016-11-23T00:33:36+08:00
2016-11-23T00:33:46: 非记录时间：2016-11-23T00:33:46+08:00
2016-11-23T00:33:56: 非记录时间：2016-11-23T00:33:56+08:00
2016-11-23T00:34:06: 非记录时间：2016-11-23T00:34:06+08:00
2016-11-23T00:34:16: 非记录时间：2016-11-23T00:34:16+08:00
2016-11-23T00:34:26: 非记录时间：2016-11-23T00:34:26+08:00
2016-11-23T00:34:36: 非记录时间：2016-11-23T00:34:36+08:00
2016-11-23T00:34:46: 非记录时间：2016-11-23T00:34:46+08:00
2016-11-23T00:34:56: 非记录时间：2016-11-23T00:34:56+08:00
2016-11-23T00:35:06: 非记录时间：2016-11-23T00:35:06+08:00
2016-11-23T00:35:16: 非记录时间：2016-11-23T00:35:16+08:00
2016-11-23T00:35:26: 非记录时间：2016-11-23T00:35:26+08:00
2016-11-23T00:35:36: 非记录时间：2016-11-23T00:35:36+08:00
2016-11-23T00:35:46: 非记录时间：2016-11-23T00:35:46+08:00
2016-11-23T00:35:56: 非记录时间：2016-11-23T00:35:56+08:00
2016-11-23T00:36:06: 非记录时间：2016-11-23T00:36:06+08:00
2016-11-23T00:36:16: 非记录时间：2016-11-23T00:36:16+08:00
2016-11-23T00:36:26: 非记录时间：2016-11-23T00:36:26+08:00
2016-11-23T00:36:36: 非记录时间：2016-11-23T00:36:36+08:00
2016-11-23T00:36:46: 非记录时间：2016-11-23T00:36:46+08:00
2016-11-23T00:36:56: 非记录时间：2016-11-23T00:36:56+08:00
2016-11-23T00:37:06: 非记录时间：2016-11-23T00:37:06+08:00
2016-11-23T00:37:16: 非记录时间：2016-11-23T00:37:16+08:00
2016-11-23T00:37:26: 非记录时间：2016-11-23T00:37:26+08:00
2016-11-23T00:37:36: 非记录时间：2016-11-23T00:37:36+08:00
2016-11-23T00:37:46: 非记录时间：2016-11-23T00:37:46+08:00
2016-11-23T00:37:56: 非记录时间：2016-11-23T00:37:56+08:00
2016-11-23T00:38:06: 非记录时间：2016-11-23T00:38:06+08:00
2016-11-23T00:38:16: 非记录时间：2016-11-23T00:38:16+08:00
2016-11-23T00:38:26: 非记录时间：2016-11-23T00:38:26+08:00
2016-11-23T00:38:36: 非记录时间：2016-11-23T00:38:36+08:00
2016-11-23T00:38:46: 非记录时间：2016-11-23T00:38:46+08:00
2016-11-23T00:38:56: 非记录时间：2016-11-23T00:38:56+08:00
2016-11-23T00:39:06: 非记录时间：2016-11-23T00:39:06+08:00
2016-11-23T00:39:16: 非记录时间：2016-11-23T00:39:16+08:00
2016-11-23T00:39:26: 非记录时间：2016-11-23T00:39:26+08:00
2016-11-23T00:39:36: 非记录时间：2016-11-23T00:39:36+08:00
2016-11-23T00:39:46: 非记录时间：2016-11-23T00:39:46+08:00
2016-11-23T00:39:56: 非记录时间：2016-11-23T00:39:56+08:00
2016-11-23T00:40:06: 非记录时间：2016-11-23T00:40:06+08:00
2016-11-23T00:40:16: 非记录时间：2016-11-23T00:40:16+08:00
2016-11-23T00:40:26: 非记录时间：2016-11-23T00:40:26+08:00
2016-11-23T00:40:36: 非记录时间：2016-11-23T00:40:36+08:00
2016-11-23T00:40:46: 非记录时间：2016-11-23T00:40:46+08:00
2016-11-23T00:40:56: 非记录时间：2016-11-23T00:40:56+08:00
2016-11-23T00:41:06: 非记录时间：2016-11-23T00:41:06+08:00
2016-11-23T00:41:16: 非记录时间：2016-11-23T00:41:16+08:00
2016-11-23T00:41:26: 非记录时间：2016-11-23T00:41:26+08:00
2016-11-23T00:41:36: 非记录时间：2016-11-23T00:41:36+08:00
2016-11-23T00:41:46: 非记录时间：2016-11-23T00:41:46+08:00
2016-11-23T00:41:56: 非记录时间：2016-11-23T00:41:56+08:00
2016-11-23T00:42:06: 非记录时间：2016-11-23T00:42:06+08:00
2016-11-23T00:42:16: 非记录时间：2016-11-23T00:42:16+08:00
2016-11-23T00:42:26: 非记录时间：2016-11-23T00:42:26+08:00
2016-11-23T00:42:36: 非记录时间：2016-11-23T00:42:36+08:00
2016-11-23T00:42:46: 非记录时间：2016-11-23T00:42:46+08:00
2016-11-23T00:42:56: 非记录时间：2016-11-23T00:42:56+08:00
2016-11-23T00:43:06: 非记录时间：2016-11-23T00:43:06+08:00
2016-11-23T00:43:16: 非记录时间：2016-11-23T00:43:16+08:00
2016-11-23T00:43:26: 非记录时间：2016-11-23T00:43:26+08:00
2016-11-23T00:43:36: 非记录时间：2016-11-23T00:43:36+08:00
2016-11-23T00:43:46: 非记录时间：2016-11-23T00:43:46+08:00
2016-11-23T00:43:56: 非记录时间：2016-11-23T00:43:56+08:00
2016-11-23T00:44:06: 非记录时间：2016-11-23T00:44:06+08:00
2016-11-23T00:44:16: 非记录时间：2016-11-23T00:44:16+08:00
2016-11-23T00:44:26: 非记录时间：2016-11-23T00:44:26+08:00
2016-11-23T00:44:36: 非记录时间：2016-11-23T00:44:36+08:00
2016-11-23T00:44:46: 非记录时间：2016-11-23T00:44:46+08:00
2016-11-23T00:44:56: 非记录时间：2016-11-23T00:44:56+08:00
2016-11-23T00:45:06: 非记录时间：2016-11-23T00:45:06+08:00
2016-11-23T00:45:16: 非记录时间：2016-11-23T00:45:16+08:00
2016-11-23T00:45:26: 非记录时间：2016-11-23T00:45:26+08:00
2016-11-23T00:45:36: 非记录时间：2016-11-23T00:45:36+08:00
2016-11-23T00:45:46: 非记录时间：2016-11-23T00:45:46+08:00
2016-11-23T00:45:56: 非记录时间：2016-11-23T00:45:56+08:00
2016-11-23T00:46:06: 非记录时间：2016-11-23T00:46:06+08:00
2016-11-23T00:46:16: 非记录时间：2016-11-23T00:46:16+08:00
2016-11-23T00:46:26: 非记录时间：2016-11-23T00:46:26+08:00
2016-11-23T00:46:36: 非记录时间：2016-11-23T00:46:36+08:00
2016-11-23T00:46:46: 非记录时间：2016-11-23T00:46:46+08:00
2016-11-23T00:46:56: 非记录时间：2016-11-23T00:46:56+08:00
2016-11-23T00:47:06: 非记录时间：2016-11-23T00:47:06+08:00
2016-11-23T00:47:16: 非记录时间：2016-11-23T00:47:16+08:00
2016-11-23T00:47:26: 非记录时间：2016-11-23T00:47:26+08:00
2016-11-23T00:47:36: 非记录时间：2016-11-23T00:47:36+08:00
2016-11-23T00:47:46: 非记录时间：2016-11-23T00:47:46+08:00
2016-11-23T00:47:56: 非记录时间：2016-11-23T00:47:56+08:00
2016-11-23T00:48:06: 非记录时间：2016-11-23T00:48:06+08:00
2016-11-23T00:48:16: 非记录时间：2016-11-23T00:48:16+08:00
2016-11-23T00:48:26: 非记录时间：2016-11-23T00:48:26+08:00
2016-11-23T00:48:36: 非记录时间：2016-11-23T00:48:36+08:00
2016-11-23T00:48:46: 非记录时间：2016-11-23T00:48:46+08:00
2016-11-23T00:48:56: 非记录时间：2016-11-23T00:48:56+08:00
2016-11-23T00:49:06: 非记录时间：2016-11-23T00:49:06+08:00
2016-11-23T00:49:16: 非记录时间：2016-11-23T00:49:16+08:00
2016-11-23T00:49:26: 非记录时间：2016-11-23T00:49:26+08:00
2016-11-23T00:49:36: 非记录时间：2016-11-23T00:49:36+08:00
2016-11-23T00:49:46: 非记录时间：2016-11-23T00:49:46+08:00
2016-11-23T00:49:56: 非记录时间：2016-11-23T00:49:56+08:00
2016-11-23T00:50:06: 非记录时间：2016-11-23T00:50:06+08:00
2016-11-23T00:50:16: 非记录时间：2016-11-23T00:50:16+08:00
2016-11-23T00:50:26: 非记录时间：2016-11-23T00:50:26+08:00
2016-11-23T00:50:36: 非记录时间：2016-11-23T00:50:36+08:00
2016-11-23T00:50:46: 非记录时间：2016-11-23T00:50:46+08:00
2016-11-23T00:50:56: 非记录时间：2016-11-23T00:50:56+08:00
2016-11-23T00:51:06: 非记录时间：2016-11-23T00:51:06+08:00
2016-11-23T00:51:16: 非记录时间：2016-11-23T00:51:16+08:00
2016-11-23T00:51:26: 非记录时间：2016-11-23T00:51:26+08:00
2016-11-23T00:51:36: 非记录时间：2016-11-23T00:51:36+08:00
2016-11-23T00:51:46: 非记录时间：2016-11-23T00:51:46+08:00
2016-11-23T00:51:56: 非记录时间：2016-11-23T00:51:56+08:00
2016-11-23T00:52:06: 非记录时间：2016-11-23T00:52:06+08:00
2016-11-23T00:52:16: 非记录时间：2016-11-23T00:52:16+08:00
2016-11-23T00:52:26: 非记录时间：2016-11-23T00:52:26+08:00
2016-11-23T00:52:36: 非记录时间：2016-11-23T00:52:36+08:00
2016-11-23T00:52:46: 非记录时间：2016-11-23T00:52:46+08:00
2016-11-23T00:52:56: 非记录时间：2016-11-23T00:52:56+08:00
2016-11-23T00:53:06: 非记录时间：2016-11-23T00:53:06+08:00
2016-11-23T00:53:16: 非记录时间：2016-11-23T00:53:16+08:00
2016-11-23T00:53:26: 非记录时间：2016-11-23T00:53:26+08:00
2016-11-23T00:53:36: 非记录时间：2016-11-23T00:53:36+08:00
2016-11-23T00:53:46: 非记录时间：2016-11-23T00:53:46+08:00
2016-11-23T00:53:56: 非记录时间：2016-11-23T00:53:56+08:00
2016-11-23T00:54:06: 非记录时间：2016-11-23T00:54:06+08:00
2016-11-23T00:54:16: 非记录时间：2016-11-23T00:54:16+08:00
2016-11-23T00:54:26: 非记录时间：2016-11-23T00:54:26+08:00
2016-11-23T00:54:36: 非记录时间：2016-11-23T00:54:36+08:00
2016-11-23T00:54:46: 非记录时间：2016-11-23T00:54:46+08:00
2016-11-23T00:54:56: 非记录时间：2016-11-23T00:54:56+08:00
2016-11-23T00:55:06: 非记录时间：2016-11-23T00:55:06+08:00
2016-11-23T00:55:16: 非记录时间：2016-11-23T00:55:16+08:00
2016-11-23T00:55:26: 非记录时间：2016-11-23T00:55:26+08:00
2016-11-23T00:55:36: 非记录时间：2016-11-23T00:55:36+08:00
2016-11-23T00:55:46: 非记录时间：2016-11-23T00:55:46+08:00
2016-11-23T00:55:56: 非记录时间：2016-11-23T00:55:56+08:00
2016-11-23T00:56:06: 非记录时间：2016-11-23T00:56:06+08:00
2016-11-23T00:56:16: 非记录时间：2016-11-23T00:56:16+08:00
2016-11-23T00:56:26: 非记录时间：2016-11-23T00:56:26+08:00
2016-11-23T00:56:36: 非记录时间：2016-11-23T00:56:36+08:00
2016-11-23T00:56:46: 非记录时间：2016-11-23T00:56:46+08:00
2016-11-23T00:56:56: 非记录时间：2016-11-23T00:56:56+08:00
2016-11-23T00:57:06: 非记录时间：2016-11-23T00:57:06+08:00
2016-11-23T00:57:16: 非记录时间：2016-11-23T00:57:16+08:00
2016-11-23T00:57:26: 非记录时间：2016-11-23T00:57:26+08:00
2016-11-23T00:57:36: 非记录时间：2016-11-23T00:57:36+08:00
2016-11-23T00:57:46: 非记录时间：2016-11-23T00:57:46+08:00
2016-11-23T00:57:56: 非记录时间：2016-11-23T00:57:56+08:00
2016-11-23T00:58:06: 非记录时间：2016-11-23T00:58:06+08:00
2016-11-23T00:58:16: 非记录时间：2016-11-23T00:58:16+08:00
2016-11-23T00:58:26: 非记录时间：2016-11-23T00:58:26+08:00
2016-11-23T00:58:36: 非记录时间：2016-11-23T00:58:36+08:00
2016-11-23T00:58:46: 非记录时间：2016-11-23T00:58:46+08:00
2016-11-23T00:58:56: 非记录时间：2016-11-23T00:58:56+08:00
2016-11-23T00:59:06: 非记录时间：2016-11-23T00:59:06+08:00
2016-11-23T00:59:16: 非记录时间：2016-11-23T00:59:16+08:00
2016-11-23T00:59:26: 非记录时间：2016-11-23T00:59:26+08:00
2016-11-23T00:59:36: 非记录时间：2016-11-23T00:59:36+08:00
2016-11-23T00:59:46: 非记录时间：2016-11-23T00:59:46+08:00
2016-11-23T00:59:56: 非记录时间：2016-11-23T00:59:56+08:00
2016-11-23T01:00:06: 非记录时间：2016-11-23T01:00:06+08:00
2016-11-23T01:00:16: 非记录时间：2016-11-23T01:00:16+08:00
2016-11-23T01:00:26: 非记录时间：2016-11-23T01:00:26+08:00
2016-11-23T01:00:36: 非记录时间：2016-11-23T01:00:36+08:00
2016-11-23T01:00:46: 非记录时间：2016-11-23T01:00:46+08:00
2016-11-23T01:00:56: 非记录时间：2016-11-23T01:00:56+08:00
2016-11-23T01:01:06: 非记录时间：2016-11-23T01:01:06+08:00
2016-11-23T01:01:16: 非记录时间：2016-11-23T01:01:16+08:00
2016-11-23T01:01:26: 非记录时间：2016-11-23T01:01:26+08:00
2016-11-23T01:01:36: 非记录时间：2016-11-23T01:01:36+08:00
2016-11-23T01:01:46: 非记录时间：2016-11-23T01:01:46+08:00
2016-11-23T01:01:56: 非记录时间：2016-11-23T01:01:56+08:00
2016-11-23T01:02:06: 非记录时间：2016-11-23T01:02:06+08:00
2016-11-23T01:02:16: 非记录时间：2016-11-23T01:02:16+08:00
2016-11-23T01:02:26: 非记录时间：2016-11-23T01:02:26+08:00
2016-11-23T01:02:36: 非记录时间：2016-11-23T01:02:36+08:00
2016-11-23T01:02:46: 非记录时间：2016-11-23T01:02:46+08:00
2016-11-23T01:02:57: 非记录时间：2016-11-23T01:02:57+08:00
2016-11-23T01:03:07: 非记录时间：2016-11-23T01:03:07+08:00
2016-11-23T01:03:17: 非记录时间：2016-11-23T01:03:17+08:00
2016-11-23T01:03:27: 非记录时间：2016-11-23T01:03:27+08:00
2016-11-23T01:03:37: 非记录时间：2016-11-23T01:03:37+08:00
2016-11-23T01:03:47: 非记录时间：2016-11-23T01:03:47+08:00
2016-11-23T01:03:57: 非记录时间：2016-11-23T01:03:57+08:00
2016-11-23T01:04:07: 非记录时间：2016-11-23T01:04:07+08:00
2016-11-23T01:04:17: 非记录时间：2016-11-23T01:04:17+08:00
2016-11-23T01:04:27: 非记录时间：2016-11-23T01:04:27+08:00
2016-11-23T01:04:37: 非记录时间：2016-11-23T01:04:37+08:00
2016-11-23T01:04:47: 非记录时间：2016-11-23T01:04:47+08:00
2016-11-23T01:04:57: 非记录时间：2016-11-23T01:04:57+08:00
2016-11-23T01:05:07: 非记录时间：2016-11-23T01:05:07+08:00
2016-11-23T01:05:17: 非记录时间：2016-11-23T01:05:17+08:00
2016-11-23T01:05:27: 非记录时间：2016-11-23T01:05:27+08:00
2016-11-23T01:05:37: 非记录时间：2016-11-23T01:05:37+08:00
2016-11-23T01:05:47: 非记录时间：2016-11-23T01:05:47+08:00
2016-11-23T01:05:57: 非记录时间：2016-11-23T01:05:57+08:00
2016-11-23T01:06:07: 非记录时间：2016-11-23T01:06:07+08:00
2016-11-23T01:06:17: 非记录时间：2016-11-23T01:06:17+08:00
2016-11-23T01:06:27: 非记录时间：2016-11-23T01:06:27+08:00
2016-11-23T01:06:37: 非记录时间：2016-11-23T01:06:37+08:00
2016-11-23T01:06:47: 非记录时间：2016-11-23T01:06:47+08:00
2016-11-23T01:06:57: 非记录时间：2016-11-23T01:06:57+08:00
2016-11-23T01:07:07: 非记录时间：2016-11-23T01:07:07+08:00
2016-11-23T01:07:17: 非记录时间：2016-11-23T01:07:17+08:00
2016-11-23T01:07:27: 非记录时间：2016-11-23T01:07:27+08:00
2016-11-23T01:07:37: 非记录时间：2016-11-23T01:07:37+08:00
2016-11-23T01:07:47: 非记录时间：2016-11-23T01:07:47+08:00
2016-11-23T01:07:57: 非记录时间：2016-11-23T01:07:57+08:00
2016-11-23T01:08:07: 非记录时间：2016-11-23T01:08:07+08:00
2016-11-23T01:08:17: 非记录时间：2016-11-23T01:08:17+08:00
2016-11-23T01:08:27: 非记录时间：2016-11-23T01:08:27+08:00
2016-11-23T01:08:37: 非记录时间：2016-11-23T01:08:37+08:00
2016-11-23T01:08:47: 非记录时间：2016-11-23T01:08:47+08:00
2016-11-23T01:08:57: 非记录时间：2016-11-23T01:08:57+08:00
2016-11-23T01:09:07: 非记录时间：2016-11-23T01:09:07+08:00
2016-11-23T01:09:17: 非记录时间：2016-11-23T01:09:17+08:00
2016-11-23T01:09:27: 非记录时间：2016-11-23T01:09:27+08:00
2016-11-23T01:09:37: 非记录时间：2016-11-23T01:09:37+08:00
2016-11-23T01:09:47: 非记录时间：2016-11-23T01:09:47+08:00
2016-11-23T01:09:57: 非记录时间：2016-11-23T01:09:57+08:00
2016-11-23T01:10:07: 非记录时间：2016-11-23T01:10:07+08:00
2016-11-23T01:10:17: 非记录时间：2016-11-23T01:10:17+08:00
2016-11-23T01:10:27: 非记录时间：2016-11-23T01:10:27+08:00
2016-11-23T01:10:37: 非记录时间：2016-11-23T01:10:37+08:00
2016-11-23T01:10:47: 非记录时间：2016-11-23T01:10:47+08:00
2016-11-23T01:10:57: 非记录时间：2016-11-23T01:10:57+08:00
2016-11-23T01:11:07: 读取文件失败，可能是该文件不存在
2016-11-23T01:11:07: Error: ENOENT: no such file or directory, open './data/2016-11-23.json'
2016-11-23T01:11:17: 读取文件成功
2016-11-23T01:11:27: 读取文件成功
2016-11-23T01:11:37: 读取文件成功
2016-11-23T01:11:47: 读取文件成功
2016-11-23T01:11:57: 读取文件成功
2016-11-23T01:12:07: 读取文件成功
2016-11-23T01:12:17: 读取文件成功
2016-11-23T01:12:27: 读取文件成功
2016-11-23T01:12:37: 读取文件成功
2016-11-23T01:12:47: 读取文件成功
2016-11-23T01:12:57: 读取文件成功
2016-11-23T01:13:07: 读取文件成功
2016-11-23T01:13:17: 读取文件成功
2016-11-23T01:13:27: 读取文件成功
2016-11-23T01:13:37: 读取文件成功
2016-11-23T01:13:47: 读取文件成功
2016-11-23T01:13:57: 读取文件成功
2016-11-23T01:14:07: 读取文件成功
2016-11-23T01:14:17: 读取文件成功
2016-11-23T01:14:27: 读取文件成功
2016-11-23T01:14:37: 读取文件成功
2016-11-23T01:14:47: 读取文件成功
2016-11-23T01:14:57: 读取文件成功
2016-11-23T01:15:07: 读取文件成功
2016-11-23T01:15:17: 读取文件成功
2016-11-23T01:15:27: 读取文件成功
2016-11-23T01:15:37: 读取文件成功
2016-11-23T01:15:47: 读取文件成功
2016-11-23T01:15:57: 读取文件成功
2016-11-23T01:16:07: 读取文件成功
2016-11-23T01:16:18: 读取文件成功
2016-11-23T01:16:27: 读取文件成功
2016-11-23T01:16:37: 读取文件成功
2016-11-23T01:16:47: 读取文件成功
2016-11-23T01:16:57: 读取文件成功
2016-11-23T01:17:07: 读取文件成功
2016-11-23T01:17:17: 读取文件成功
2016-11-23T01:17:27: 读取文件成功
2016-11-23T01:17:37: 读取文件成功
2016-11-23T01:17:47: 读取文件成功
2016-11-23T01:17:57: 读取文件成功
2016-11-23T01:18:07: 读取文件成功
2016-11-23T01:18:17: 读取文件成功
2016-11-23T01:18:27: 读取文件成功
2016-11-23T01:18:37: 读取文件成功
2016-11-23T01:18:47: 读取文件成功
2016-11-23T01:18:57: 读取文件成功
2016-11-23T01:19:08: 读取文件成功
2016-11-23T01:19:18: 读取文件成功
2016-11-23T01:19:27: 读取文件成功
2016-11-23T01:19:38: 读取文件成功
2016-11-23T01:19:47: 读取文件成功
2016-11-23T01:19:58: 读取文件成功
2016-11-23T01:20:08: 读取文件成功
2016-11-23T01:20:18: 读取文件成功
2016-11-23T01:20:28: 读取文件成功
2016-11-23T01:20:38: 读取文件成功
2016-11-23T01:20:48: 读取文件成功
2016-11-23T01:20:58: 读取文件成功
2016-11-23T01:21:08: 读取文件成功
2016-11-23T01:21:18: 读取文件成功
2016-11-23T01:21:28: 读取文件成功
2016-11-23T01:21:38: 读取文件成功
2016-11-23T01:21:48: 读取文件成功
2016-11-23T01:21:58: 读取文件成功
2016-11-23T01:22:08: 读取文件成功
2016-11-23T01:22:18: 读取文件成功
2016-11-23T01:22:28: 读取文件成功
2016-11-23T01:22:38: 读取文件成功
2016-11-23T01:22:48: 读取文件成功
2016-11-23T01:22:58: 读取文件成功
2016-11-23T01:23:08: 读取文件成功
2016-11-23T01:23:18: 读取文件成功
2016-11-23T01:23:28: 读取文件成功
2016-11-23T01:23:38: 读取文件成功
2016-11-23T01:23:48: 读取文件成功
2016-11-23T01:23:58: 读取文件成功
2016-11-23T01:24:08: 读取文件成功
2016-11-23T01:24:18: 读取文件成功
2016-11-23T01:24:28: 读取文件成功
2016-11-23T01:24:38: 读取文件成功
2016-11-23T01:24:48: 读取文件成功
2016-11-23T01:24:58: 读取文件成功
2016-11-23T01:25:08: 读取文件成功
2016-11-23T01:25:18: 读取文件成功
2016-11-23T01:25:28: 读取文件成功
2016-11-23T01:25:38: 读取文件成功
2016-11-23T01:25:48: 读取文件成功
2016-11-23T01:25:58: 读取文件成功
2016-11-23T01:26:08: 读取文件成功
2016-11-23T01:26:18: 读取文件成功
2016-11-23T01:26:28: 读取文件成功
2016-11-23T01:26:38: 读取文件成功
2016-11-23T01:26:48: 读取文件成功
2016-11-23T01:26:58: 读取文件成功
2016-11-23T01:27:08: 读取文件成功
2016-11-23T01:27:18: 读取文件成功
2016-11-23T01:27:28: 读取文件成功
2016-11-23T01:27:38: 读取文件成功
2016-11-23T01:27:48: 读取文件成功
2016-11-23T01:27:58: 读取文件成功
2016-11-23T01:28:08: 读取文件成功
2016-11-23T01:28:18: 读取文件成功
2016-11-23T01:28:28: 读取文件成功
2016-11-23T01:28:38: 读取文件成功
2016-11-23T01:28:48: 读取文件成功
2016-11-23T01:28:58: 读取文件成功
2016-11-23T01:29:08: 读取文件成功
2016-11-23T01:29:18: 读取文件成功
2016-11-23T01:29:28: 读取文件成功
2016-11-23T01:29:38: 读取文件成功
2016-11-23T01:29:48: 读取文件成功
2016-11-23T01:29:58: 读取文件成功
2016-11-23T01:30:08: 读取文件成功
2016-11-23T01:30:18: 读取文件成功
2016-11-23T01:30:28: 读取文件成功
2016-11-23T01:30:38: 读取文件成功
2016-11-23T01:30:48: 读取文件成功
2016-11-23T01:30:58: 读取文件成功
2016-11-23T01:31:08: 读取文件成功
2016-11-23T01:31:18: 读取文件成功
2016-11-23T01:31:28: 读取文件成功
2016-11-23T01:31:38: 读取文件成功
2016-11-23T01:31:48: 读取文件成功
2016-11-23T01:31:58: 读取文件成功
2016-11-23T01:32:08: 读取文件成功
2016-11-23T01:32:18: 读取文件成功
2016-11-23T01:32:28: 读取文件成功
2016-11-23T01:32:38: 读取文件成功
2016-11-23T01:32:48: 读取文件成功
2016-11-23T01:32:58: 读取文件成功
2016-11-23T01:33:08: 读取文件成功
2016-11-23T01:33:18: 读取文件成功
2016-11-23T01:33:28: 读取文件成功
2016-11-23T01:33:38: 读取文件成功
2016-11-23T01:33:48: 读取文件成功
2016-11-23T01:33:58: 读取文件成功
2016-11-23T01:34:08: 读取文件成功
2016-11-23T01:34:18: 读取文件成功
2016-11-23T01:34:28: 读取文件成功
2016-11-23T01:34:38: 读取文件成功
2016-11-23T01:34:48: 读取文件成功
2016-11-23T01:34:58: 读取文件成功
2016-11-23T01:35:08: 读取文件成功
2016-11-23T01:35:18: 读取文件成功
2016-11-23T01:35:28: 读取文件成功
2016-11-23T01:35:38: 读取文件成功
2016-11-23T01:35:48: 读取文件成功
2016-11-23T01:35:58: 读取文件成功
2016-11-23T01:36:08: 读取文件成功
2016-11-23T01:36:18: 读取文件成功
2016-11-23T01:36:28: 读取文件成功
2016-11-23T01:36:38: 读取文件成功
2016-11-23T01:36:49: 读取文件成功
2016-11-23T01:36:58: 读取文件成功
2016-11-23T01:37:08: 读取文件成功
2016-11-23T01:37:18: 读取文件成功
2016-11-23T01:37:29: 读取文件成功
2016-11-23T01:37:39: 读取文件成功
2016-11-23T01:37:49: 读取文件成功
2016-11-23T01:37:59: 读取文件成功
2016-11-23T01:38:09: 读取文件成功
2016-11-23T01:38:19: 读取文件成功
2016-11-23T01:38:29: 读取文件成功
2016-11-23T01:38:39: 读取文件成功
2016-11-23T01:38:49: 读取文件成功
2016-11-23T01:38:59: 读取文件成功
2016-11-23T01:39:09: 读取文件成功
2016-11-23T01:39:19: 读取文件成功
2016-11-23T01:39:29: 读取文件成功
2016-11-23T01:39:39: 读取文件成功
2016-11-23T01:39:49: 读取文件成功
2016-11-23T01:39:59: 读取文件成功
2016-11-23T01:40:09: 读取文件成功
2016-11-23T01:40:19: 读取文件成功
2016-11-23T01:40:29: 读取文件成功
2016-11-23T01:40:39: 读取文件成功
2016-11-23T01:40:49: 读取文件成功
2016-11-23T01:40:59: 读取文件成功
2016-11-23T01:41:09: 读取文件成功
2016-11-23T01:41:19: 读取文件成功
2016-11-23T01:41:29: 读取文件成功
2016-11-23T01:41:39: 读取文件成功
2016-11-23T01:41:49: 读取文件成功
2016-11-23T01:41:59: 读取文件成功
2016-11-23T01:42:09: 读取文件成功
2016-11-23T01:42:19: 读取文件成功
2016-11-23T01:42:29: 读取文件成功
2016-11-23T01:42:39: 读取文件成功
2016-11-23T01:42:49: 读取文件成功
2016-11-23T01:42:59: 读取文件成功
2016-11-23T01:43:09: 读取文件成功
2016-11-23T01:43:19: 读取文件成功
2016-11-23T01:43:29: 读取文件成功
2016-11-23T01:43:39: 读取文件成功
2016-11-23T01:43:49: 读取文件成功
2016-11-23T01:43:59: 读取文件成功
2016-11-23T01:44:09: 读取文件成功
2016-11-23T01:44:19: 读取文件成功
2016-11-23T01:44:29: 读取文件成功
2016-11-23T01:44:39: 读取文件成功
2016-11-23T01:44:49: 读取文件成功
2016-11-23T01:44:59: 读取文件成功
2016-11-23T01:45:09: 读取文件成功
2016-11-23T01:45:19: 读取文件成功
2016-11-23T01:45:29: 读取文件成功
2016-11-23T01:45:39: 读取文件成功
2016-11-23T01:45:49: 读取文件成功
2016-11-23T01:45:59: 读取文件成功
2016-11-23T01:46:09: 读取文件成功
2016-11-23T01:46:19: 读取文件成功
2016-11-23T01:46:29: 读取文件成功
2016-11-23T01:46:39: 读取文件成功
2016-11-23T01:46:49: 读取文件成功
2016-11-23T01:46:59: 读取文件成功
2016-11-23T01:47:09: 读取文件成功
2016-11-23T01:47:19: 读取文件成功
2016-11-23T01:47:29: 读取文件成功
2016-11-23T01:47:39: 读取文件成功
2016-11-23T01:47:49: 读取文件成功
2016-11-23T01:47:59: 读取文件成功
2016-11-23T01:48:09: 读取文件成功
2016-11-23T01:48:19: 读取文件成功
2016-11-23T01:48:29: 读取文件成功
2016-11-23T01:48:39: 读取文件成功
2016-11-23T01:48:49: 读取文件成功
2016-11-23T01:48:59: 读取文件成功
2016-11-23T01:49:09: 读取文件成功
2016-11-23T01:49:19: 读取文件成功
2016-11-23T01:49:29: 读取文件成功
2016-11-23T01:49:39: 读取文件成功
2016-11-23T01:49:49: 读取文件成功
2016-11-23T01:49:59: 读取文件成功
2016-11-23T01:50:09: 读取文件成功
2016-11-23T01:50:19: 读取文件成功
2016-11-23T01:50:29: 读取文件成功
2016-11-23T01:50:39: 读取文件成功
2016-11-23T01:50:49: 读取文件成功
2016-11-23T01:50:59: 读取文件成功
2016-11-23T01:51:09: 读取文件成功
2016-11-23T01:51:19: 读取文件成功
2016-11-23T01:51:29: 读取文件成功
2016-11-23T01:51:39: 读取文件成功
2016-11-23T01:51:49: 读取文件成功
2016-11-23T01:51:59: 读取文件成功
2016-11-23T01:52:09: 读取文件成功
2016-11-23T01:52:19: 读取文件成功
2016-11-23T01:52:29: 读取文件成功
2016-11-23T01:52:39: 读取文件成功
2016-11-23T01:52:49: 读取文件成功
2016-11-23T01:52:59: 读取文件成功
2016-11-23T01:53:09: 读取文件成功
2016-11-23T01:53:19: 读取文件成功
2016-11-23T01:53:29: 读取文件成功
2016-11-23T01:53:39: 读取文件成功
2016-11-23T01:53:49: 读取文件成功
2016-11-23T01:53:59: 读取文件成功
2016-11-23T01:54:09: 读取文件成功
2016-11-23T01:54:19: 读取文件成功
2016-11-23T01:54:29: 读取文件成功
2016-11-23T01:54:39: 读取文件成功
2016-11-23T01:54:49: 读取文件成功
2016-11-23T01:54:59: 读取文件成功
2016-11-23T01:55:09: 读取文件成功
2016-11-23T01:55:19: 读取文件成功
2016-11-23T01:55:29: 读取文件成功
2016-11-23T01:55:39: 读取文件成功
2016-11-23T01:55:49: 读取文件成功
2016-11-23T01:55:59: 读取文件成功
2016-11-23T01:56:09: 读取文件成功
2016-11-23T01:56:19: 读取文件成功
2016-11-23T01:56:29: 读取文件成功
2016-11-23T01:56:39: 读取文件成功
2016-11-23T01:56:50: 读取文件成功
2016-11-23T01:56:59: 读取文件成功
2016-11-23T01:57:09: 读取文件成功
2016-11-23T01:57:20: 读取文件成功
2016-11-23T01:57:30: 读取文件成功
2016-11-23T01:57:40: 读取文件成功
2016-11-23T01:57:50: 读取文件成功
2016-11-23T01:58:00: 读取文件成功
2016-11-23T01:58:10: 读取文件成功
2016-11-23T01:58:20: 读取文件成功
2016-11-23T01:58:30: 读取文件成功
2016-11-23T01:58:40: 读取文件成功
2016-11-23T01:58:50: 读取文件成功
2016-11-23T01:59:00: 读取文件成功
2016-11-23T01:59:10: 读取文件成功
2016-11-23T01:59:20: 读取文件成功
2016-11-23T01:59:30: 读取文件成功
2016-11-23T01:59:40: 读取文件成功
2016-11-23T01:59:50: 读取文件成功
2016-11-23T02:00:00: 读取文件成功
2016-11-23T02:00:10: 读取文件成功
2016-11-23T02:00:20: 读取文件成功
2016-11-23T02:00:30: 读取文件成功
2016-11-23T02:00:40: 读取文件成功
2016-11-23T02:00:50: 读取文件成功
2016-11-23T02:01:00: 读取文件成功
2016-11-23T02:01:10: 读取文件成功
2016-11-23T02:01:20: 读取文件成功
2016-11-23T02:01:30: 读取文件成功
2016-11-23T02:01:40: 读取文件成功
2016-11-23T02:01:50: 读取文件成功
2016-11-23T02:02:00: 读取文件成功
2016-11-23T02:02:10: 读取文件成功
2016-11-23T02:02:20: 读取文件成功
2016-11-23T02:02:30: 读取文件成功
2016-11-23T02:02:40: 读取文件成功
2016-11-23T02:02:50: 读取文件成功
2016-11-23T02:03:00: 读取文件成功
2016-11-23T02:03:10: 读取文件成功
2016-11-23T02:03:20: 读取文件成功
2016-11-23T02:03:30: 读取文件成功
2016-11-23T02:03:40: 读取文件成功
2016-11-23T02:03:50: 读取文件成功
2016-11-23T02:04:00: 读取文件成功
2016-11-23T02:04:10: 读取文件成功
2016-11-23T02:04:20: 读取文件成功
2016-11-23T02:04:30: 读取文件成功
2016-11-23T02:04:40: 读取文件成功
2016-11-23T02:04:50: 读取文件成功
2016-11-23T02:05:00: 读取文件成功
2016-11-23T02:05:10: 读取文件成功
2016-11-23T02:05:20: 读取文件成功
2016-11-23T02:05:30: 读取文件成功
2016-11-23T02:05:40: 读取文件成功
2016-11-23T02:05:50: 读取文件成功
2016-11-23T02:06:00: 读取文件成功
2016-11-23T02:06:10: 读取文件成功
2016-11-23T02:06:20: 读取文件成功
2016-11-23T02:06:30: 读取文件成功
2016-11-23T02:06:40: 读取文件成功
2016-11-23T02:06:50: 读取文件成功
2016-11-23T02:07:00: 读取文件成功
2016-11-23T02:07:10: 读取文件成功
2016-11-23T02:07:20: 读取文件成功
2016-11-23T02:07:30: 读取文件成功
2016-11-23T02:07:40: 读取文件成功
2016-11-23T02:07:50: 读取文件成功
2016-11-23T02:08:00: 读取文件成功
2016-11-23T02:08:10: 读取文件成功
2016-11-23T02:08:20: 读取文件成功
2016-11-23T02:08:30: 读取文件成功
2016-11-23T02:08:40: 读取文件成功
2016-11-23T02:08:50: 读取文件成功
2016-11-23T02:09:00: 读取文件成功
2016-11-23T02:09:10: 读取文件成功
2016-11-23T02:09:20: 读取文件成功
2016-11-23T02:09:30: 读取文件成功
2016-11-23T02:09:40: 读取文件成功
2016-11-23T02:09:50: 读取文件成功
2016-11-23T02:10:00: 读取文件成功
2016-11-23T02:10:10: 读取文件成功
2016-11-23T02:10:20: 读取文件成功
2016-11-23T02:10:30: 读取文件成功
2016-11-23T02:10:40: 读取文件成功
2016-11-23T02:10:50: 读取文件成功
2016-11-23T02:11:00: 读取文件成功
2016-11-23T02:11:10: 读取文件成功
2016-11-23T02:11:20: 读取文件成功
2016-11-23T02:11:30: 读取文件成功
2016-11-23T02:11:40: 读取文件成功
2016-11-23T02:11:50: 读取文件成功
2016-11-23T02:12:00: 读取文件成功
2016-11-23T02:12:10: 读取文件成功
2016-11-23T02:12:20: 读取文件成功
2016-11-23T02:12:30: 读取文件成功
2016-11-23T02:12:40: 读取文件成功
2016-11-23T02:12:50: 读取文件成功
2016-11-23T02:13:00: 读取文件成功
2016-11-23T02:13:10: 读取文件成功
2016-11-23T02:13:20: 读取文件成功
2016-11-23T02:13:30: 读取文件成功
2016-11-23T02:13:40: 读取文件成功
2016-11-23T02:13:50: 读取文件成功
2016-11-23T02:14:00: 读取文件成功
2016-11-23T02:14:10: 读取文件成功
2016-11-23T02:14:20: 读取文件成功
2016-11-23T02:14:30: 读取文件成功
2016-11-23T02:14:40: 读取文件成功
2016-11-23T02:14:50: 读取文件成功
2016-11-23T02:15:00: 读取文件成功
2016-11-23T02:15:10: 读取文件成功
2016-11-23T02:15:20: 读取文件成功
2016-11-23T02:15:30: 读取文件成功
2016-11-23T02:15:40: 读取文件成功
2016-11-23T02:15:50: 读取文件成功
2016-11-23T02:16:00: 读取文件成功
2016-11-23T02:16:11: 读取文件成功
2016-11-23T02:16:20: 读取文件成功
2016-11-23T02:16:30: 读取文件成功
2016-11-23T02:16:41: 读取文件成功
2016-11-23T02:16:50: 读取文件成功
2016-11-23T02:17:01: 读取文件成功
2016-11-23T02:17:11: 读取文件成功
2016-11-23T02:17:21: 读取文件成功
2016-11-23T02:17:31: 读取文件成功
2016-11-23T02:17:41: 读取文件成功
2016-11-23T02:17:51: 读取文件成功
2016-11-23T02:18:01: 读取文件成功
2016-11-23T02:18:11: 读取文件成功
2016-11-23T02:18:21: 读取文件成功
2016-11-23T02:18:31: 读取文件成功
2016-11-23T02:18:41: 读取文件成功
2016-11-23T02:18:51: 读取文件成功
2016-11-23T02:19:01: 读取文件成功
2016-11-23T02:19:11: 读取文件成功
2016-11-23T02:19:21: 读取文件成功
2016-11-23T02:19:31: 读取文件成功
2016-11-23T02:19:41: 读取文件成功
2016-11-23T02:19:51: 读取文件成功
2016-11-23T02:20:01: 读取文件成功
2016-11-23T02:20:11: 读取文件成功
2016-11-23T02:20:21: 读取文件成功
2016-11-23T02:20:31: 读取文件成功
2016-11-23T02:20:41: 读取文件成功
2016-11-23T02:20:51: 读取文件成功
2016-11-23T02:21:01: 读取文件成功
2016-11-23T02:21:11: 读取文件成功
2016-11-23T02:21:21: 读取文件成功
2016-11-23T02:21:31: 读取文件成功
2016-11-23T02:21:41: 读取文件成功
2016-11-23T02:21:51: 读取文件成功
2016-11-23T02:22:01: 读取文件成功
2016-11-23T02:22:11: 读取文件成功
2016-11-23T02:22:21: 读取文件成功
2016-11-23T02:22:31: 读取文件成功
2016-11-23T02:22:41: 读取文件成功
2016-11-23T02:22:51: 读取文件成功
2016-11-23T02:23:01: 读取文件成功
2016-11-23T02:23:11: 读取文件成功
2016-11-23T02:23:21: 读取文件成功
2016-11-23T02:23:31: 读取文件成功
2016-11-23T02:23:41: 读取文件成功
2016-11-23T02:23:51: 读取文件成功
2016-11-23T02:24:01: 读取文件成功
2016-11-23T02:24:11: 读取文件成功
2016-11-23T02:24:21: 读取文件成功
2016-11-23T02:24:31: 读取文件成功
2016-11-23T02:24:41: 读取文件成功
2016-11-23T02:24:51: 读取文件成功
2016-11-23T02:25:01: 读取文件成功
2016-11-23T02:25:11: 读取文件成功
2016-11-23T02:25:21: 读取文件成功
2016-11-23T02:25:31: 读取文件成功
2016-11-23T02:25:41: 读取文件成功
2016-11-23T02:25:51: 读取文件成功
2016-11-23T02:26:01: 读取文件成功
2016-11-23T02:26:11: 读取文件成功
2016-11-23T02:26:21: 读取文件成功
2016-11-23T02:26:31: 读取文件成功
2016-11-23T02:26:41: 读取文件成功
2016-11-23T02:26:51: 读取文件成功
2016-11-23T02:27:01: 读取文件成功
2016-11-23T02:27:11: 读取文件成功
2016-11-23T02:27:21: 读取文件成功
2016-11-23T02:27:31: 读取文件成功
2016-11-23T02:27:41: 读取文件成功
2016-11-23T02:27:51: 读取文件成功
2016-11-23T02:28:01: 读取文件成功
2016-11-23T02:28:11: 读取文件成功
2016-11-23T02:28:21: 读取文件成功
2016-11-23T02:28:31: 读取文件成功
2016-11-23T02:28:41: 读取文件成功
2016-11-23T02:28:51: 读取文件成功
2016-11-23T02:29:01: 读取文件成功
2016-11-23T02:29:11: 读取文件成功
2016-11-23T02:29:21: 读取文件成功
2016-11-23T02:29:31: 读取文件成功
2016-11-23T02:29:41: 读取文件成功
2016-11-23T02:29:51: 读取文件成功
2016-11-23T02:30:01: 读取文件成功
2016-11-23T02:30:11: 读取文件成功
2016-11-23T02:30:21: 读取文件成功
2016-11-23T02:30:31: 读取文件成功
2016-11-23T02:30:41: 读取文件成功
2016-11-23T02:30:51: 读取文件成功
2016-11-23T02:31:01: 读取文件成功
2016-11-23T02:31:11: 读取文件成功
2016-11-23T02:31:21: 读取文件成功
2016-11-23T02:31:31: 读取文件成功
2016-11-23T02:31:41: 读取文件成功
2016-11-23T02:31:51: 读取文件成功
2016-11-23T02:32:01: 读取文件成功
2016-11-23T02:32:11: 读取文件成功
2016-11-23T02:32:21: 读取文件成功
2016-11-23T02:32:31: 读取文件成功
2016-11-23T02:32:41: 读取文件成功
2016-11-23T02:32:51: 读取文件成功
2016-11-23T02:33:01: 读取文件成功
2016-11-23T02:33:11: 读取文件成功
2016-11-23T02:33:21: 读取文件成功
2016-11-23T02:33:31: 读取文件成功
2016-11-23T02:33:41: 读取文件成功
2016-11-23T02:33:51: 读取文件成功
2016-11-23T02:34:01: 读取文件成功
2016-11-23T02:34:11: 读取文件成功
2016-11-23T02:34:21: 读取文件成功
2016-11-23T02:34:31: 读取文件成功
2016-11-23T02:34:41: 读取文件成功
2016-11-23T02:34:51: 读取文件成功
2016-11-23T02:35:02: 读取文件成功
2016-11-23T02:35:12: 读取文件成功
2016-11-23T02:35:22: 读取文件成功
2016-11-23T02:35:32: 读取文件成功
2016-11-23T02:35:41: 读取文件成功
2016-11-23T02:35:51: 读取文件成功
2016-11-23T02:36:01: 读取文件成功
2016-11-23T02:36:11: 读取文件成功
2016-11-23T02:36:21: 读取文件成功
2016-11-23T02:36:31: 读取文件成功
2016-11-23T02:36:41: 读取文件成功
2016-11-23T02:36:51: 读取文件成功
2016-11-23T02:37:01: 读取文件成功
2016-11-23T02:37:12: 读取文件成功
2016-11-23T02:37:22: 读取文件成功
2016-11-23T02:37:32: 读取文件成功
2016-11-23T02:37:42: 读取文件成功
2016-11-23T02:37:52: 读取文件成功
2016-11-23T02:38:02: 读取文件成功
2016-11-23T02:38:12: 读取文件成功
2016-11-23T02:38:22: 读取文件成功
2016-11-23T02:38:32: 读取文件成功
2016-11-23T02:38:42: 读取文件成功
2016-11-23T02:38:52: 读取文件成功
2016-11-23T02:39:02: 读取文件成功
2016-11-23T02:39:12: 读取文件成功
2016-11-23T02:39:22: 读取文件成功
2016-11-23T02:39:32: 读取文件成功
2016-11-23T02:39:42: 读取文件成功
2016-11-23T02:39:52: 读取文件成功
2016-11-23T02:40:02: 读取文件成功
2016-11-23T02:40:12: 读取文件成功
2016-11-23T02:40:22: 读取文件成功
2016-11-23T02:40:32: 读取文件成功
2016-11-23T02:40:42: 读取文件成功
2016-11-23T02:40:52: 读取文件成功
2016-11-23T02:41:02: 读取文件成功
2016-11-23T02:41:12: 读取文件成功
2016-11-23T02:41:22: 读取文件成功
2016-11-23T02:41:32: 读取文件成功
2016-11-23T02:41:42: 读取文件成功
2016-11-23T02:41:52: 读取文件成功
2016-11-23T02:42:02: 读取文件成功
2016-11-23T02:42:12: 读取文件成功
2016-11-23T02:42:22: 读取文件成功
2016-11-23T02:42:32: 读取文件成功
2016-11-23T02:42:42: 读取文件成功
2016-11-23T02:42:52: 读取文件成功
2016-11-23T02:43:02: 读取文件成功
2016-11-23T02:43:12: 读取文件成功
2016-11-23T02:43:22: 读取文件成功
2016-11-23T02:43:32: 读取文件成功
2016-11-23T02:43:42: 读取文件成功
2016-11-23T02:43:52: 读取文件成功
2016-11-23T02:44:02: 读取文件成功
2016-11-23T02:44:12: 读取文件成功
2016-11-23T02:44:22: 读取文件成功
2016-11-23T02:44:32: 读取文件成功
2016-11-23T02:44:42: 读取文件成功
2016-11-23T02:44:52: 读取文件成功
2016-11-23T02:45:02: 读取文件成功
2016-11-23T02:45:12: 读取文件成功
2016-11-23T02:45:22: 读取文件成功
2016-11-23T02:45:32: 读取文件成功
2016-11-23T02:45:42: 读取文件成功
2016-11-23T02:45:52: 读取文件成功
2016-11-23T02:46:02: 读取文件成功
2016-11-23T02:46:12: 读取文件成功
2016-11-23T02:46:22: 读取文件成功
2016-11-23T02:46:32: 读取文件成功
2016-11-23T02:46:42: 读取文件成功
2016-11-23T02:46:52: 读取文件成功
2016-11-23T02:47:02: 读取文件成功
2016-11-23T02:47:12: 读取文件成功
2016-11-23T02:47:22: 读取文件成功
2016-11-23T02:47:32: 读取文件成功
2016-11-23T02:47:42: 读取文件成功
2016-11-23T02:47:52: 读取文件成功
2016-11-23T02:48:02: 读取文件成功
2016-11-23T02:48:12: 读取文件成功
2016-11-23T02:48:22: 读取文件成功
2016-11-23T02:48:33: 读取文件成功
2016-11-23T02:48:42: 读取文件成功
2016-11-23T02:48:52: 读取文件成功
2016-11-23T02:49:02: 读取文件成功
2016-11-23T02:49:12: 读取文件成功
2016-11-23T02:49:22: 读取文件成功
2016-11-23T02:49:32: 读取文件成功
2016-11-23T02:49:42: 读取文件成功
2016-11-23T02:49:52: 读取文件成功
2016-11-23T02:50:02: 读取文件成功
2016-11-23T02:50:12: 读取文件成功
2016-11-23T02:50:22: 读取文件成功
2016-11-23T02:50:32: 读取文件成功
2016-11-23T02:50:42: 读取文件成功
2016-11-23T02:50:52: 读取文件成功
2016-11-23T02:51:02: 读取文件成功
2016-11-23T02:51:12: 读取文件成功
2016-11-23T02:51:23: 读取文件成功
2016-11-23T02:51:32: 读取文件成功
2016-11-23T02:51:43: 读取文件成功
2016-11-23T02:51:52: 读取文件成功
2016-11-23T02:52:03: 读取文件成功
2016-11-23T02:52:12: 读取文件成功
2016-11-23T02:52:23: 读取文件成功
2016-11-23T02:52:33: 读取文件成功
2016-11-23T02:52:43: 读取文件成功
2016-11-23T02:52:53: 读取文件成功
2016-11-23T02:53:03: 读取文件成功
2016-11-23T02:53:13: 读取文件成功
2016-11-23T02:53:23: 读取文件成功
2016-11-23T02:53:33: 读取文件成功
2016-11-23T02:53:43: 读取文件成功
2016-11-23T02:53:53: 读取文件成功
2016-11-23T02:54:03: 读取文件成功
2016-11-23T02:54:13: 读取文件成功
2016-11-23T02:54:23: 读取文件成功
2016-11-23T02:54:33: 读取文件成功
2016-11-23T02:54:43: 读取文件成功
2016-11-23T02:54:52: 读取文件成功
2016-11-23T02:55:02: 读取文件成功
2016-11-23T02:55:12: 读取文件成功
2016-11-23T02:55:22: 读取文件成功
2016-11-23T02:55:32: 读取文件成功
2016-11-23T02:55:42: 读取文件成功
2016-11-23T02:55:52: 读取文件成功
2016-11-23T02:56:02: 读取文件成功
2016-11-23T02:56:12: 读取文件成功
2016-11-23T02:56:22: 读取文件成功
2016-11-23T02:56:32: 读取文件成功
2016-11-23T02:56:42: 读取文件成功
2016-11-23T02:56:52: 读取文件成功
2016-11-23T02:57:02: 读取文件成功
2016-11-23T02:57:12: 读取文件成功
2016-11-23T02:57:22: 读取文件成功
2016-11-23T02:57:32: 读取文件成功
2016-11-23T02:57:42: 读取文件成功
2016-11-23T02:57:53: 读取文件成功
2016-11-23T02:58:02: 读取文件成功
2016-11-23T02:58:12: 读取文件成功
2016-11-23T02:58:23: 读取文件成功
2016-11-23T02:58:33: 读取文件成功
2016-11-23T02:58:43: 读取文件成功
2016-11-23T02:58:53: 读取文件成功
2016-11-23T02:59:03: 读取文件成功
2016-11-23T02:59:13: 读取文件成功
2016-11-23T02:59:23: 读取文件成功
2016-11-23T02:59:33: 读取文件成功
2016-11-23T02:59:43: 读取文件成功
2016-11-23T02:59:53: 读取文件成功
2016-11-23T03:00:03: 读取文件成功
2016-11-23T03:00:13: 读取文件成功
2016-11-23T03:00:23: 读取文件成功
2016-11-23T03:00:33: 读取文件成功
2016-11-23T03:00:43: 读取文件成功
2016-11-23T03:00:53: 读取文件成功
2016-11-23T03:01:03: 读取文件成功
2016-11-23T03:01:13: 读取文件成功
2016-11-23T03:01:23: 读取文件成功
2016-11-23T03:01:33: 读取文件成功
2016-11-23T03:01:43: 读取文件成功
2016-11-23T03:01:53: 读取文件成功
2016-11-23T03:02:03: 读取文件成功
2016-11-23T03:02:13: 读取文件成功
2016-11-23T03:02:23: 读取文件成功
2016-11-23T03:02:33: 读取文件成功
2016-11-23T03:02:43: 读取文件成功
2016-11-23T03:02:53: 读取文件成功
2016-11-23T03:03:03: 读取文件成功
2016-11-23T03:03:13: 读取文件成功
2016-11-23T03:03:23: 读取文件成功
2016-11-23T03:03:33: 读取文件成功
2016-11-23T03:03:43: 读取文件成功
2016-11-23T03:03:53: 读取文件成功
2016-11-23T03:04:03: 读取文件成功
2016-11-23T03:04:13: 读取文件成功
2016-11-23T03:04:23: 读取文件成功
2016-11-23T03:04:33: 读取文件成功
2016-11-23T03:04:43: 读取文件成功
2016-11-23T03:04:53: 读取文件成功
2016-11-23T03:05:03: 读取文件成功
2016-11-23T03:05:13: 读取文件成功
2016-11-23T03:05:23: 读取文件成功
2016-11-23T03:05:33: 读取文件成功
2016-11-23T03:05:43: 读取文件成功
2016-11-23T03:05:53: 读取文件成功
2016-11-23T03:06:03: 读取文件成功
2016-11-23T03:06:13: 读取文件成功
2016-11-23T03:06:23: 读取文件成功
2016-11-23T03:06:33: 读取文件成功
2016-11-23T03:06:43: 读取文件成功
2016-11-23T03:06:53: 读取文件成功
2016-11-23T03:07:03: 读取文件成功
2016-11-23T03:07:13: 读取文件成功
2016-11-23T03:07:23: 读取文件成功
2016-11-23T03:07:33: 读取文件成功
2016-11-23T03:07:43: 读取文件成功
2016-11-23T03:07:53: 读取文件成功
2016-11-23T03:08:03: 读取文件成功
2016-11-23T03:08:13: 读取文件成功
2016-11-23T03:08:23: 读取文件成功
2016-11-23T03:08:33: 读取文件成功
2016-11-23T03:08:43: 读取文件成功
2016-11-23T03:08:53: 读取文件成功
2016-11-23T03:09:03: 读取文件成功
2016-11-23T03:09:13: 读取文件成功
2016-11-23T03:09:23: 读取文件成功
2016-11-23T03:09:33: 读取文件成功
2016-11-23T03:09:43: 读取文件成功
2016-11-23T03:09:53: 读取文件成功
2016-11-23T03:10:03: 读取文件成功
2016-11-23T03:10:13: 读取文件成功
2016-11-23T03:10:23: 读取文件成功
2016-11-23T03:10:33: 读取文件成功
2016-11-23T03:10:43: 读取文件成功
2016-11-23T03:10:53: 读取文件成功
2016-11-23T03:11:03: 读取文件成功
2016-11-23T03:11:13: 读取文件成功
2016-11-23T03:11:23: 读取文件成功
2016-11-23T03:11:33: 读取文件成功
2016-11-23T03:11:43: 读取文件成功
2016-11-23T03:11:53: 读取文件成功
2016-11-23T03:12:03: 读取文件成功
2016-11-23T03:12:13: 读取文件成功
2016-11-23T03:12:23: 读取文件成功
2016-11-23T03:12:33: 读取文件成功
2016-11-23T03:12:43: 读取文件成功
2016-11-23T03:12:53: 读取文件成功
2016-11-23T03:13:03: 读取文件成功
2016-11-23T03:13:13: 读取文件成功
2016-11-23T03:13:23: 读取文件成功
2016-11-23T03:13:33: 读取文件成功
2016-11-23T03:13:43: 读取文件成功
2016-11-23T03:13:53: 读取文件成功
2016-11-23T03:14:03: 读取文件成功
2016-11-23T03:14:13: 读取文件成功
2016-11-23T03:14:23: 读取文件成功
2016-11-23T03:14:33: 读取文件成功
2016-11-23T03:14:43: 读取文件成功
2016-11-23T03:14:53: 读取文件成功
2016-11-23T03:15:03: 读取文件成功
2016-11-23T03:15:13: 读取文件成功
2016-11-23T03:15:23: 读取文件成功
2016-11-23T03:15:33: 读取文件成功
2016-11-23T03:15:43: 读取文件成功
2016-11-23T03:15:53: 读取文件成功
2016-11-23T03:16:03: 读取文件成功
2016-11-23T03:16:13: 读取文件成功
2016-11-23T03:16:23: 读取文件成功
2016-11-23T03:16:33: 读取文件成功
2016-11-23T03:16:43: 读取文件成功
2016-11-23T03:16:53: 读取文件成功
2016-11-23T03:17:04: 读取文件成功
2016-11-23T03:17:13: 读取文件成功
2016-11-23T03:17:23: 读取文件成功
2016-11-23T03:17:34: 读取文件成功
2016-11-23T03:17:44: 读取文件成功
2016-11-23T03:17:54: 读取文件成功
2016-11-23T03:18:04: 读取文件成功
2016-11-23T03:18:14: 读取文件成功
2016-11-23T03:18:24: 读取文件成功
2016-11-23T03:18:34: 读取文件成功
2016-11-23T03:18:44: 读取文件成功
2016-11-23T03:18:54: 读取文件成功
2016-11-23T03:19:04: 读取文件成功
2016-11-23T03:19:14: 读取文件成功
2016-11-23T03:19:24: 读取文件成功
2016-11-23T03:19:34: 读取文件成功
2016-11-23T03:19:44: 读取文件成功
2016-11-23T03:19:54: 读取文件成功
2016-11-23T03:20:04: 读取文件成功
2016-11-23T03:20:14: 读取文件成功
2016-11-23T03:20:24: 读取文件成功
2016-11-23T03:20:34: 读取文件成功
2016-11-23T03:20:44: 读取文件成功
2016-11-23T03:20:54: 读取文件成功
2016-11-23T03:21:04: 读取文件成功
2016-11-23T03:21:14: 读取文件成功
2016-11-23T03:21:24: 读取文件成功
2016-11-23T03:21:34: 读取文件成功
2016-11-23T03:21:44: 读取文件成功
2016-11-23T03:21:54: 读取文件成功
2016-11-23T03:22:04: 读取文件成功
2016-11-23T03:22:14: 读取文件成功
2016-11-23T03:22:24: 读取文件成功
2016-11-23T03:22:34: 读取文件成功
2016-11-23T03:22:44: 读取文件成功
2016-11-23T03:22:54: 读取文件成功
2016-11-23T03:23:04: 读取文件成功
2016-11-23T03:23:14: 读取文件成功
2016-11-23T03:23:24: 读取文件成功
2016-11-23T03:23:34: 读取文件成功
2016-11-23T03:23:44: 读取文件成功
2016-11-23T03:23:54: 读取文件成功
2016-11-23T03:24:04: 读取文件成功
2016-11-23T03:24:14: 读取文件成功
2016-11-23T03:24:24: 读取文件成功
2016-11-23T03:24:34: 读取文件成功
2016-11-23T03:24:44: 读取文件成功
2016-11-23T03:24:54: 读取文件成功
2016-11-23T03:25:04: 读取文件成功
2016-11-23T03:25:14: 读取文件成功
2016-11-23T03:25:24: 读取文件成功
2016-11-23T03:25:34: 读取文件成功
2016-11-23T03:25:44: 读取文件成功
2016-11-23T03:25:54: 读取文件成功
2016-11-23T03:26:04: 读取文件成功
2016-11-23T03:26:14: 读取文件成功
2016-11-23T03:26:24: 读取文件成功
2016-11-23T03:26:34: 读取文件成功
2016-11-23T03:26:44: 读取文件成功
2016-11-23T03:26:54: 读取文件成功
2016-11-23T03:27:04: 读取文件成功
2016-11-23T03:27:14: 读取文件成功
2016-11-23T03:27:24: 读取文件成功
2016-11-23T03:27:34: 读取文件成功
2016-11-23T03:27:44: 读取文件成功
2016-11-23T03:27:54: 读取文件成功
2016-11-23T03:28:04: 读取文件成功
2016-11-23T03:28:14: 读取文件成功
2016-11-23T03:28:24: 读取文件成功
2016-11-23T03:28:34: 读取文件成功
2016-11-23T03:28:44: 读取文件成功
2016-11-23T03:28:54: 读取文件成功
2016-11-23T03:29:04: 读取文件成功
2016-11-23T03:29:14: 读取文件成功
2016-11-23T03:29:24: 读取文件成功
2016-11-23T03:29:34: 读取文件成功
2016-11-23T03:29:44: 读取文件成功
2016-11-23T03:29:54: 读取文件成功
2016-11-23T03:30:04: 读取文件成功
2016-11-23T03:30:14: 读取文件成功
2016-11-23T03:30:24: 读取文件成功
2016-11-23T03:30:34: 读取文件成功
2016-11-23T03:30:44: 读取文件成功
2016-11-23T03:30:54: 读取文件成功
2016-11-23T03:31:04: 读取文件成功
2016-11-23T03:31:14: 读取文件成功
2016-11-23T03:31:24: 读取文件成功
2016-11-23T03:31:34: 读取文件成功
2016-11-23T03:31:44: 读取文件成功
2016-11-23T03:31:54: 读取文件成功
2016-11-23T03:32:04: 读取文件成功
2016-11-23T03:32:14: 读取文件成功
2016-11-23T03:32:24: 读取文件成功
2016-11-23T03:32:34: 读取文件成功
2016-11-23T03:32:44: 读取文件成功
2016-11-23T03:32:54: 读取文件成功
2016-11-23T03:33:04: 读取文件成功
2016-11-23T03:33:14: 读取文件成功
2016-11-23T03:33:24: 读取文件成功
2016-11-23T03:33:34: 读取文件成功
2016-11-23T03:33:44: 读取文件成功
2016-11-23T03:33:54: 读取文件成功
2016-11-23T03:34:04: 读取文件成功
2016-11-23T03:34:14: 读取文件成功
2016-11-23T03:34:24: 读取文件成功
2016-11-23T03:34:34: 读取文件成功
2016-11-23T03:34:44: 读取文件成功
2016-11-23T03:34:54: 读取文件成功
2016-11-23T03:35:04: 读取文件成功
2016-11-23T03:35:14: 读取文件成功
2016-11-23T03:35:24: 读取文件成功
2016-11-23T03:35:34: 读取文件成功
2016-11-23T03:35:44: 读取文件成功
2016-11-23T03:35:54: 读取文件成功
2016-11-23T03:36:04: 读取文件成功
2016-11-23T03:36:14: 读取文件成功
2016-11-23T03:36:24: 读取文件成功
2016-11-23T03:36:34: 读取文件成功
2016-11-23T03:36:44: 读取文件成功
2016-11-23T03:36:54: 读取文件成功
2016-11-23T03:37:04: 读取文件成功
2016-11-23T03:37:14: 读取文件成功
2016-11-23T03:37:24: 读取文件成功
2016-11-23T03:37:34: 读取文件成功
2016-11-23T03:37:45: 读取文件成功
2016-11-23T03:37:55: 读取文件成功
2016-11-23T03:38:05: 读取文件成功
2016-11-23T03:38:15: 读取文件成功
2016-11-23T03:38:24: 读取文件成功
2016-11-23T03:38:34: 读取文件成功
2016-11-23T03:38:45: 读取文件成功
2016-11-23T03:38:55: 读取文件成功
2016-11-23T03:39:05: 读取文件成功
2016-11-23T03:39:15: 读取文件成功
2016-11-23T03:39:25: 读取文件成功
2016-11-23T03:39:35: 读取文件成功
2016-11-23T03:39:45: 读取文件成功
2016-11-23T03:39:55: 读取文件成功
2016-11-23T03:40:05: 读取文件成功
2016-11-23T03:40:15: 读取文件成功
2016-11-23T03:40:25: 读取文件成功
2016-11-23T03:40:35: 读取文件成功
2016-11-23T03:40:45: 读取文件成功
2016-11-23T03:40:55: 读取文件成功
2016-11-23T03:41:05: 读取文件成功
2016-11-23T03:41:15: 读取文件成功
2016-11-23T03:41:25: 读取文件成功
2016-11-23T03:41:35: 读取文件成功
2016-11-23T03:41:45: 读取文件成功
2016-11-23T03:41:55: 读取文件成功
2016-11-23T03:42:05: 读取文件成功
2016-11-23T03:42:15: 读取文件成功
2016-11-23T03:42:25: 读取文件成功
2016-11-23T03:42:35: 读取文件成功
2016-11-23T03:42:45: 读取文件成功
2016-11-23T03:42:55: 读取文件成功
2016-11-23T03:43:05: 读取文件成功
2016-11-23T03:43:15: 读取文件成功
2016-11-23T03:43:25: 读取文件成功
2016-11-23T03:43:37: 读取文件成功
2016-11-23T03:43:45: 读取文件成功
2016-11-23T03:44:09: 读取文件成功
2016-11-23T03:44:13: 读取文件成功
2016-11-23T03:44:47: 读取文件成功
2016-11-23T03:45:02: 读取文件成功
2016-11-23T03:45:05: 读取文件成功
2016-11-23T03:45:05: 读取文件成功
2016-11-23T03:45:09: 读取文件成功
2016-11-23T03:45:35: 读取文件成功
2016-11-23T03:45:59: 读取文件成功
2016-11-23T03:46:08: 读取文件成功
2016-11-23T03:46:19: 读取文件成功
2016-11-23T03:46:23: 读取文件成功
2016-11-23T03:46:33: 读取文件成功
2016-11-23T03:46:57: 读取文件成功
2016-11-23T03:47:08: 读取文件成功
2016-11-23T03:47:33: 读取文件成功
2016-11-23T03:47:34: 读取文件成功
2016-11-23T03:47:38: 读取文件成功
2016-11-23T03:47:40: 读取文件成功
2016-11-23T03:47:47: 读取文件成功
2016-11-23T03:48:23: 读取文件成功
2016-11-23T03:48:24: 读取文件成功
2016-11-23T03:48:34: 读取文件成功
2016-11-23T03:48:35: 读取文件成功
2016-11-23T03:48:40: 读取文件成功
2016-11-23T03:48:57: 读取文件成功
2016-11-23T03:49:05: 读取文件成功
2016-11-23T03:49:06: 读取文件成功
2016-11-23T03:49:14: 读取文件成功
2016-11-23T03:49:15: 读取文件成功
2016-11-23T03:49:25: 读取文件成功
2016-11-23T03:49:35: 读取文件成功
2016-11-23T03:49:45: 读取文件成功
2016-11-23T03:49:55: 读取文件成功
2016-11-23T03:50:05: 读取文件成功
2016-11-23T03:50:15: 读取文件成功
2016-11-23T03:50:25: 读取文件成功
2016-11-23T03:50:35: 读取文件成功
2016-11-23T03:50:45: 读取文件成功
2016-11-23T03:50:55: 读取文件成功
2016-11-23T03:51:05: 读取文件成功
2016-11-23T03:51:15: 读取文件成功
2016-11-23T03:51:26: 读取文件成功
2016-11-23T03:51:37: 读取文件成功
2016-11-23T03:51:46: 读取文件成功
2016-11-23T03:51:59: 读取文件成功
2016-11-23T03:52:06: 读取文件成功
2016-11-23T03:52:16: 读取文件成功
2016-11-23T03:52:28: 读取文件成功
2016-11-23T03:52:38: 读取文件成功
2016-11-23T03:52:46: 读取文件成功
2016-11-23T03:52:57: 读取文件成功
2016-11-23T03:53:06: 读取文件成功
2016-11-23T03:53:19: 读取文件成功
2016-11-23T03:53:26: 读取文件成功
2016-11-23T03:53:37: 读取文件成功
2016-11-23T03:53:45: 读取文件成功
2016-11-23T03:53:55: 读取文件成功
2016-11-23T03:54:05: 读取文件成功
2016-11-23T03:54:16: 读取文件成功
2016-11-23T03:54:32: 读取文件成功
2016-11-23T03:54:37: 读取文件成功
2016-11-23T03:54:48: 读取文件成功
2016-11-23T03:55:11: 读取文件成功
2016-11-23T03:55:19: 读取文件成功
2016-11-23T03:55:32: 读取文件成功
2016-11-23T03:55:37: 读取文件成功
2016-11-23T03:55:48: 读取文件成功
2016-11-23T03:56:08: 读取文件成功
2016-11-23T03:56:16: 读取文件成功
2016-11-23T03:56:52: 读取文件成功
2016-11-23T03:57:15: 读取文件成功
2016-11-23T03:57:16: 读取文件成功
2016-11-23T03:57:48: 读取文件成功
2016-11-23T03:58:14: 读取文件成功
2016-11-23T03:58:20: 读取文件成功
2016-11-23T03:58:28: 读取文件成功
2016-11-23T03:58:54: 读取文件成功
2016-11-23T03:58:58: 读取文件成功
2016-11-23T03:59:09: 读取文件成功
2016-11-23T03:59:19: 读取文件成功
2016-11-23T03:59:22: 读取文件成功
2016-11-23T03:59:39: 读取文件成功
2016-11-23T03:59:46: 读取文件成功
2016-11-23T03:59:50: 读取文件成功
2016-11-23T03:59:53: 读取文件成功
2016-11-23T04:00:11: 读取文件成功
2016-11-23T04:00:20: 读取文件成功
2016-11-23T04:00:27: 读取文件成功
2016-11-23T04:00:31: 读取文件成功
2016-11-23T04:00:54: 读取文件成功
2016-11-23T04:00:57: 读取文件成功
2016-11-23T04:01:00: 读取文件成功
2016-11-23T04:01:07: 读取文件成功
2016-11-23T04:01:24: 读取文件成功
2016-11-23T04:01:31: 读取文件成功
2016-11-23T04:01:41: 读取文件成功
2016-11-23T04:01:52: 读取文件成功
2016-11-23T04:02:03: 读取文件成功
2016-11-23T04:02:10: 读取文件成功
2016-11-23T04:02:30: 读取文件成功
2016-11-23T04:02:39: 读取文件成功
2016-11-23T04:03:04: 读取文件成功
2016-11-23T04:03:07: 读取文件成功
2016-11-23T04:03:08: 读取文件成功
2016-11-23T04:03:18: 读取文件成功
2016-11-23T04:03:32: 读取文件成功
2016-11-23T04:03:48: 读取文件成功
2016-11-23T04:03:48: 读取文件成功
2016-11-23T04:04:07: 读取文件成功
2016-11-23T04:04:07: 读取文件成功
2016-11-23T04:04:17: 读取文件成功
2016-11-23T04:04:26: 读取文件成功
2016-11-23T04:04:36: 读取文件成功
2016-11-23T04:04:46: 读取文件成功
2016-11-23T04:04:56: 读取文件成功
2016-11-23T04:05:06: 读取文件成功
2016-11-23T04:05:16: 读取文件成功
2016-11-23T04:05:26: 读取文件成功
2016-11-23T04:05:36: 读取文件成功
2016-11-23T04:05:46: 读取文件成功
2016-11-23T04:05:56: 读取文件成功
2016-11-23T04:06:06: 读取文件成功
2016-11-23T04:06:16: 读取文件成功
2016-11-23T04:06:26: 读取文件成功
2016-11-23T04:06:36: 读取文件成功
2016-11-23T04:06:46: 读取文件成功
2016-11-23T04:06:56: 读取文件成功
2016-11-23T04:07:06: 读取文件成功
2016-11-23T04:07:16: 读取文件成功
2016-11-23T04:07:26: 读取文件成功
2016-11-23T04:07:36: 读取文件成功
2016-11-23T04:07:46: 读取文件成功
2016-11-23T04:07:56: 读取文件成功
2016-11-23T04:08:06: 读取文件成功
2016-11-23T04:08:16: 读取文件成功
2016-11-23T04:08:26: 读取文件成功
2016-11-23T04:08:36: 读取文件成功
2016-11-23T04:08:46: 读取文件成功
2016-11-23T04:08:56: 读取文件成功
2016-11-23T04:09:06: 读取文件成功
2016-11-23T04:09:16: 读取文件成功
2016-11-23T04:09:26: 读取文件成功
2016-11-23T04:09:36: 读取文件成功
2016-11-23T04:09:46: 读取文件成功
2016-11-23T04:09:56: 读取文件成功
2016-11-23T04:10:06: 读取文件成功
2016-11-23T04:10:16: 读取文件成功
2016-11-23T04:10:26: 读取文件成功
2016-11-23T04:10:36: 读取文件成功
2016-11-23T04:10:46: 读取文件成功
2016-11-23T04:10:56: 读取文件成功
2016-11-23T04:11:06: 读取文件成功
2016-11-23T04:11:16: 读取文件成功
2016-11-23T04:11:26: 读取文件成功
2016-11-23T04:11:36: 读取文件成功
2016-11-23T04:11:46: 读取文件成功
2016-11-23T04:11:56: 读取文件成功
2016-11-23T04:12:06: 读取文件成功
2016-11-23T04:12:16: 读取文件成功
2016-11-23T04:12:26: 读取文件成功
2016-11-23T04:12:36: 读取文件成功
2016-11-23T04:12:46: 读取文件成功
2016-11-23T04:12:56: 读取文件成功
2016-11-23T04:13:06: 读取文件成功
2016-11-23T04:13:16: 读取文件成功
2016-11-23T04:13:26: 读取文件成功
2016-11-23T04:13:36: 读取文件成功
2016-11-23T04:13:46: 读取文件成功
2016-11-23T04:13:56: 读取文件成功
2016-11-23T04:14:06: 读取文件成功
2016-11-23T04:14:16: 读取文件成功
2016-11-23T04:14:26: 读取文件成功
2016-11-23T04:14:36: 读取文件成功
2016-11-23T04:14:46: 读取文件成功
2016-11-23T04:14:56: 读取文件成功
2016-11-23T04:15:06: 读取文件成功
2016-11-23T04:15:16: 读取文件成功
2016-11-23T04:15:26: 读取文件成功
2016-11-23T04:15:36: 读取文件成功
2016-11-23T04:15:46: 读取文件成功
2016-11-23T04:15:56: 读取文件成功
2016-11-23T04:16:06: 读取文件成功
2016-11-23T04:16:16: 读取文件成功
2016-11-23T04:16:26: 读取文件成功
2016-11-23T04:16:36: 读取文件成功
2016-11-23T04:16:46: 读取文件成功
2016-11-23T04:16:56: 读取文件成功
2016-11-23T04:17:06: 读取文件成功
2016-11-23T04:17:16: 读取文件成功
2016-11-23T04:17:26: 读取文件成功
2016-11-23T04:17:36: 读取文件成功
2016-11-23T04:17:46: 读取文件成功
2016-11-23T04:17:56: 读取文件成功
2016-11-23T04:18:06: 读取文件成功
2016-11-23T04:18:16: 读取文件成功
2016-11-23T04:18:26: 读取文件成功
2016-11-23T04:18:36: 读取文件成功
2016-11-23T04:18:46: 读取文件成功
2016-11-23T04:18:56: 读取文件成功
2016-11-23T04:19:06: 读取文件成功
2016-11-23T04:19:16: 读取文件成功
2016-11-23T04:19:26: 读取文件成功
2016-11-23T04:19:36: 读取文件成功
2016-11-23T04:19:46: 读取文件成功
2016-11-23T04:19:56: 读取文件成功
2016-11-23T04:20:06: 读取文件成功
2016-11-23T04:20:16: 读取文件成功
2016-11-23T04:20:26: 读取文件成功
2016-11-23T04:20:36: 读取文件成功
2016-11-23T04:20:46: 读取文件成功
2016-11-23T04:20:56: 读取文件成功
2016-11-23T04:21:06: 读取文件成功
2016-11-23T04:21:17: 读取文件成功
2016-11-23T04:21:27: 读取文件成功
2016-11-23T04:21:37: 读取文件成功
2016-11-23T04:21:47: 读取文件成功
2016-11-23T04:21:57: 读取文件成功
2016-11-23T04:22:07: 读取文件成功
2016-11-23T04:22:17: 读取文件成功
2016-11-23T04:22:27: 读取文件成功
2016-11-23T04:22:37: 读取文件成功
2016-11-23T04:22:47: 读取文件成功
2016-11-23T04:22:57: 读取文件成功
2016-11-23T04:23:07: 读取文件成功
2016-11-23T04:23:17: 读取文件成功
2016-11-23T04:23:27: 读取文件成功
2016-11-23T04:23:37: 读取文件成功
2016-11-23T04:23:47: 读取文件成功
2016-11-23T04:23:57: 读取文件成功
2016-11-23T04:24:07: 读取文件成功
2016-11-23T04:24:17: 读取文件成功
2016-11-23T04:24:27: 读取文件成功
2016-11-23T04:24:37: 读取文件成功
2016-11-23T04:24:47: 读取文件成功
2016-11-23T04:24:57: 读取文件成功
2016-11-23T04:25:07: 读取文件成功
2016-11-23T04:25:17: 读取文件成功
2016-11-23T04:25:27: 读取文件成功
2016-11-23T04:25:37: 读取文件成功
2016-11-23T04:25:47: 读取文件成功
2016-11-23T04:25:57: 读取文件成功
2016-11-23T04:26:07: 读取文件成功
2016-11-23T04:26:17: 读取文件成功
2016-11-23T04:26:27: 读取文件成功
2016-11-23T04:26:37: 读取文件成功
2016-11-23T04:26:47: 读取文件成功
2016-11-23T04:26:57: 读取文件成功
2016-11-23T04:27:07: 读取文件成功
2016-11-23T04:27:17: 读取文件成功
2016-11-23T04:27:27: 读取文件成功
2016-11-23T04:27:37: 读取文件成功
2016-11-23T04:27:47: 读取文件成功
2016-11-23T04:27:57: 读取文件成功
2016-11-23T04:28:07: 读取文件成功
2016-11-23T04:28:17: 读取文件成功
2016-11-23T04:28:27: 读取文件成功
2016-11-23T04:28:37: 读取文件成功
2016-11-23T04:28:47: 读取文件成功
2016-11-23T04:28:57: 读取文件成功
2016-11-23T04:29:07: 读取文件成功
2016-11-23T04:29:17: 读取文件成功
2016-11-23T04:29:27: 读取文件成功
2016-11-23T04:29:37: 读取文件成功
2016-11-23T04:29:47: 读取文件成功
2016-11-23T04:29:57: 读取文件成功
2016-11-23T04:30:07: 读取文件成功
2016-11-23T04:30:17: 读取文件成功
2016-11-23T04:30:27: 读取文件成功
2016-11-23T04:30:37: 读取文件成功
2016-11-23T04:30:47: 读取文件成功
2016-11-23T04:30:57: 读取文件成功
2016-11-23T04:31:07: 读取文件成功
2016-11-23T04:31:17: 读取文件成功
2016-11-23T04:31:27: 读取文件成功
2016-11-23T04:31:37: 读取文件成功
2016-11-23T04:31:47: 读取文件成功
2016-11-23T04:31:57: 读取文件成功
2016-11-23T04:32:07: 读取文件成功
2016-11-23T04:32:17: 读取文件成功
2016-11-23T04:32:27: 读取文件成功
2016-11-23T04:32:37: 读取文件成功
2016-11-23T04:32:47: 读取文件成功
2016-11-23T04:32:57: 读取文件成功
2016-11-23T04:33:07: 读取文件成功
2016-11-23T04:33:17: 读取文件成功
2016-11-23T04:33:27: 读取文件成功
2016-11-23T04:33:37: 读取文件成功
2016-11-23T04:33:47: 读取文件成功
2016-11-23T04:33:57: 读取文件成功
2016-11-23T04:34:07: 读取文件成功
2016-11-23T04:34:17: 读取文件成功
2016-11-23T04:34:27: 读取文件成功
2016-11-23T04:34:37: 读取文件成功
2016-11-23T04:34:47: 读取文件成功
2016-11-23T04:34:57: 读取文件成功
2016-11-23T04:35:07: 读取文件成功
2016-11-23T04:35:17: 读取文件成功
2016-11-23T04:35:27: 读取文件成功
2016-11-23T04:35:37: 读取文件成功
2016-11-23T04:35:47: 读取文件成功
2016-11-23T04:35:57: 读取文件成功
2016-11-23T04:36:07: 读取文件成功
2016-11-23T04:36:17: 读取文件成功
2016-11-23T04:36:27: 读取文件成功
2016-11-23T04:36:37: 读取文件成功
2016-11-23T04:36:47: 读取文件成功
2016-11-23T04:36:57: 读取文件成功
2016-11-23T04:37:07: 读取文件成功
2016-11-23T04:37:17: 读取文件成功
2016-11-23T04:37:27: 读取文件成功
2016-11-23T04:37:37: 读取文件成功
2016-11-23T04:37:47: 读取文件成功
2016-11-23T04:37:57: 读取文件成功
2016-11-23T04:38:07: 读取文件成功
2016-11-23T04:38:17: 读取文件成功
2016-11-23T04:38:27: 读取文件成功
2016-11-23T04:38:37: 读取文件成功
2016-11-23T04:38:47: 读取文件成功
2016-11-23T04:38:57: 读取文件成功
2016-11-23T04:39:07: 读取文件成功
2016-11-23T04:39:17: 读取文件成功
2016-11-23T04:39:27: 读取文件成功
2016-11-23T04:39:37: 读取文件成功
2016-11-23T04:39:47: 读取文件成功
2016-11-23T04:39:57: 读取文件成功
2016-11-23T04:40:07: 读取文件成功
2016-11-23T04:40:17: 读取文件成功
2016-11-23T04:40:27: 读取文件成功
2016-11-23T04:40:37: 读取文件成功
2016-11-23T04:40:47: 读取文件成功
2016-11-23T04:40:57: 读取文件成功
2016-11-23T04:41:07: 读取文件成功
2016-11-23T04:41:17: 读取文件成功
2016-11-23T04:41:28: 读取文件成功
2016-11-23T04:41:38: 读取文件成功
2016-11-23T04:41:48: 读取文件成功
2016-11-23T04:41:58: 读取文件成功
2016-11-23T04:42:08: 读取文件成功
2016-11-23T04:42:18: 读取文件成功
2016-11-23T04:42:28: 读取文件成功
2016-11-23T04:42:38: 读取文件成功
2016-11-23T04:42:48: 读取文件成功
2016-11-23T04:42:58: 读取文件成功
2016-11-23T04:43:08: 读取文件成功
2016-11-23T04:43:18: 读取文件成功
2016-11-23T04:43:28: 读取文件成功
2016-11-23T04:43:38: 读取文件成功
2016-11-23T04:43:48: 读取文件成功
2016-11-23T04:43:58: 读取文件成功
2016-11-23T04:44:08: 读取文件成功
2016-11-23T04:44:18: 读取文件成功
2016-11-23T04:44:28: 读取文件成功
2016-11-23T04:44:38: 读取文件成功
2016-11-23T04:44:48: 读取文件成功
2016-11-23T04:44:58: 读取文件成功
2016-11-23T04:45:08: 读取文件成功
2016-11-23T04:45:18: 读取文件成功
2016-11-23T04:45:28: 读取文件成功
2016-11-23T04:45:38: 读取文件成功
2016-11-23T04:45:48: 读取文件成功
2016-11-23T04:45:58: 读取文件成功
2016-11-23T04:46:08: 读取文件成功
2016-11-23T04:46:18: 读取文件成功
2016-11-23T04:46:28: 读取文件成功
2016-11-23T04:46:38: 读取文件成功
2016-11-23T04:46:48: 读取文件成功
2016-11-23T04:46:58: 读取文件成功
2016-11-23T04:47:08: 读取文件成功
2016-11-23T04:47:18: 读取文件成功
2016-11-23T04:47:28: 读取文件成功
2016-11-23T04:47:38: 读取文件成功
2016-11-23T04:47:48: 读取文件成功
2016-11-23T04:47:58: 读取文件成功
2016-11-23T04:48:08: 读取文件成功
2016-11-23T04:48:18: 读取文件成功
2016-11-23T04:48:28: 读取文件成功
2016-11-23T04:48:38: 读取文件成功
2016-11-23T04:48:48: 读取文件成功
2016-11-23T04:48:58: 读取文件成功
2016-11-23T04:49:08: 读取文件成功
2016-11-23T04:49:18: 读取文件成功
2016-11-23T04:49:28: 读取文件成功
2016-11-23T04:49:38: 读取文件成功
2016-11-23T04:49:48: 读取文件成功
2016-11-23T04:49:58: 读取文件成功
2016-11-23T04:50:08: 读取文件成功
2016-11-23T04:50:18: 读取文件成功
2016-11-23T04:50:28: 读取文件成功
2016-11-23T04:50:38: 读取文件成功
2016-11-23T04:50:48: 读取文件成功
2016-11-23T04:50:58: 读取文件成功
2016-11-23T04:51:08: 读取文件成功
2016-11-23T04:51:18: 读取文件成功
2016-11-23T04:51:28: 读取文件成功
2016-11-23T04:51:38: 读取文件成功
2016-11-23T04:51:48: 读取文件成功
2016-11-23T04:51:58: 读取文件成功
2016-11-23T04:52:08: 读取文件成功
2016-11-23T04:52:18: 读取文件成功
2016-11-23T04:52:28: 读取文件成功
2016-11-23T04:52:38: 读取文件成功
2016-11-23T04:52:48: 读取文件成功
2016-11-23T04:52:58: 读取文件成功
2016-11-23T04:53:08: 读取文件成功
2016-11-23T04:53:18: 读取文件成功
2016-11-23T04:53:28: 读取文件成功
2016-11-23T04:53:38: 读取文件成功
2016-11-23T04:53:48: 读取文件成功
2016-11-23T04:53:58: 读取文件成功
2016-11-23T04:54:08: 读取文件成功
2016-11-23T04:54:18: 读取文件成功
2016-11-23T04:54:28: 读取文件成功
2016-11-23T04:54:38: 读取文件成功
2016-11-23T04:54:48: 读取文件成功
2016-11-23T04:54:58: 读取文件成功
2016-11-23T04:55:08: 读取文件成功
2016-11-23T04:55:18: 读取文件成功
2016-11-23T04:55:28: 读取文件成功
2016-11-23T04:55:38: 读取文件成功
2016-11-23T04:55:48: 读取文件成功
2016-11-23T04:55:58: 读取文件成功
2016-11-23T04:56:08: 读取文件成功
2016-11-23T04:56:18: 读取文件成功
2016-11-23T04:56:28: 读取文件成功
2016-11-23T04:56:38: 读取文件成功
2016-11-23T04:56:48: 读取文件成功
2016-11-23T04:56:58: 读取文件成功
2016-11-23T04:57:08: 读取文件成功
2016-11-23T04:57:18: 读取文件成功
2016-11-23T04:57:28: 读取文件成功
2016-11-23T04:57:38: 读取文件成功
2016-11-23T04:57:48: 读取文件成功
2016-11-23T04:57:58: 读取文件成功
2016-11-23T04:58:08: 读取文件成功
2016-11-23T04:58:18: 读取文件成功
2016-11-23T04:58:29: 读取文件成功
2016-11-23T04:58:38: 读取文件成功
2016-11-23T04:58:48: 读取文件成功
2016-11-23T04:58:58: 读取文件成功
2016-11-23T04:59:08: 读取文件成功
2016-11-23T04:59:19: 读取文件成功
2016-11-23T04:59:28: 读取文件成功
2016-11-23T04:59:38: 读取文件成功
2016-11-23T04:59:49: 读取文件成功
2016-11-23T04:59:59: 读取文件成功
2016-11-23T05:00:09: 读取文件成功
2016-11-23T05:00:19: 读取文件成功
2016-11-23T05:00:29: 读取文件成功
2016-11-23T05:00:39: 读取文件成功
2016-11-23T05:00:49: 读取文件成功
2016-11-23T05:00:59: 读取文件成功
2016-11-23T05:01:09: 读取文件成功
2016-11-23T05:01:19: 读取文件成功
2016-11-23T05:01:29: 读取文件成功
2016-11-23T05:01:39: 读取文件成功
2016-11-23T05:01:49: 读取文件成功
2016-11-23T05:01:59: 读取文件成功
2016-11-23T05:02:09: 读取文件成功
2016-11-23T05:02:19: 读取文件成功
2016-11-23T05:02:29: 读取文件成功
2016-11-23T05:02:39: 读取文件成功
2016-11-23T05:02:49: 读取文件成功
2016-11-23T05:02:59: 读取文件成功
2016-11-23T05:03:09: 读取文件成功
2016-11-23T05:03:19: 读取文件成功
2016-11-23T05:03:29: 读取文件成功
2016-11-23T05:03:39: 读取文件成功
2016-11-23T05:03:49: 读取文件成功
2016-11-23T05:03:59: 读取文件成功
2016-11-23T05:04:09: 读取文件成功
2016-11-23T05:04:19: 读取文件成功
2016-11-23T05:04:29: 读取文件成功
2016-11-23T05:04:39: 读取文件成功
2016-11-23T05:04:49: 读取文件成功
2016-11-23T05:04:59: 读取文件成功
2016-11-23T05:05:09: 读取文件成功
2016-11-23T05:05:19: 读取文件成功
2016-11-23T05:05:29: 读取文件成功
2016-11-23T05:05:39: 读取文件成功
2016-11-23T05:05:49: 读取文件成功
2016-11-23T05:05:59: 读取文件成功
2016-11-23T05:06:09: 读取文件成功
2016-11-23T05:06:19: 读取文件成功
2016-11-23T05:06:29: 读取文件成功
2016-11-23T05:06:39: 读取文件成功
2016-11-23T05:06:49: 读取文件成功
2016-11-23T05:06:59: 读取文件成功
2016-11-23T05:07:09: 读取文件成功
2016-11-23T05:07:19: 读取文件成功
2016-11-23T05:07:29: 读取文件成功
2016-11-23T05:07:39: 读取文件成功
2016-11-23T05:07:49: 读取文件成功
2016-11-23T05:07:59: 读取文件成功
2016-11-23T05:08:09: 读取文件成功
2016-11-23T05:08:19: 读取文件成功
2016-11-23T05:08:29: 读取文件成功
2016-11-23T05:08:39: 读取文件成功
2016-11-23T05:08:49: 读取文件成功
2016-11-23T05:08:59: 读取文件成功
2016-11-23T05:09:09: 读取文件成功
2016-11-23T05:09:19: 读取文件成功
2016-11-23T05:09:29: 读取文件成功
2016-11-23T05:09:39: 读取文件成功
2016-11-23T05:09:49: 读取文件成功
2016-11-23T05:09:59: 读取文件成功
2016-11-23T05:10:09: 读取文件成功
2016-11-23T05:10:19: 读取文件成功
2016-11-23T05:10:29: 读取文件成功
2016-11-23T05:10:39: 读取文件成功
2016-11-23T05:10:49: 读取文件成功
2016-11-23T05:10:59: 读取文件成功
2016-11-23T05:11:09: 读取文件成功
2016-11-23T05:11:19: 读取文件成功
2016-11-23T05:11:29: 读取文件成功
2016-11-23T05:11:39: 读取文件成功
2016-11-23T05:11:49: 读取文件成功
2016-11-23T05:11:59: 读取文件成功
2016-11-23T05:12:09: 读取文件成功
2016-11-23T05:12:19: 读取文件成功
2016-11-23T05:12:29: 读取文件成功
2016-11-23T05:12:39: 读取文件成功
2016-11-23T05:12:49: 读取文件成功
2016-11-23T05:12:59: 读取文件成功
2016-11-23T05:13:09: 读取文件成功
2016-11-23T05:13:19: 读取文件成功
2016-11-23T05:13:29: 读取文件成功
2016-11-23T05:13:39: 读取文件成功
2016-11-23T05:13:49: 读取文件成功
2016-11-23T05:13:59: 读取文件成功
2016-11-23T05:14:10: 读取文件成功
2016-11-23T05:14:19: 读取文件成功
2016-11-23T05:14:29: 读取文件成功
2016-11-23T05:14:39: 读取文件成功
2016-11-23T05:14:49: 读取文件成功
2016-11-23T05:14:59: 读取文件成功
2016-11-23T05:15:09: 读取文件成功
2016-11-23T05:15:19: 读取文件成功
2016-11-23T05:15:29: 读取文件成功
2016-11-23T05:15:39: 读取文件成功
2016-11-23T05:15:49: 读取文件成功
2016-11-23T05:15:59: 读取文件成功
2016-11-23T05:16:09: 读取文件成功
2016-11-23T05:16:19: 读取文件成功
2016-11-23T05:16:29: 读取文件成功
2016-11-23T05:16:39: 读取文件成功
2016-11-23T05:16:49: 读取文件成功
2016-11-23T05:16:59: 读取文件成功
2016-11-23T05:17:09: 读取文件成功
2016-11-23T05:17:19: 读取文件成功
2016-11-23T05:17:29: 读取文件成功
2016-11-23T05:17:39: 读取文件成功
2016-11-23T05:17:49: 读取文件成功
2016-11-23T05:17:59: 读取文件成功
2016-11-23T05:18:10: 读取文件成功
2016-11-23T05:18:19: 读取文件成功
2016-11-23T05:18:30: 读取文件成功
2016-11-23T05:18:40: 读取文件成功
2016-11-23T05:18:50: 读取文件成功
2016-11-23T05:19:00: 读取文件成功
2016-11-23T05:19:10: 读取文件成功
2016-11-23T05:19:20: 读取文件成功
2016-11-23T05:19:30: 读取文件成功
2016-11-23T05:19:40: 读取文件成功
2016-11-23T05:19:50: 读取文件成功
2016-11-23T05:20:00: 读取文件成功
2016-11-23T05:20:10: 读取文件成功
2016-11-23T05:20:20: 读取文件成功
2016-11-23T05:20:30: 读取文件成功
2016-11-23T05:20:40: 读取文件成功
2016-11-23T05:20:50: 读取文件成功
2016-11-23T05:21:00: 读取文件成功
2016-11-23T05:21:10: 读取文件成功
2016-11-23T05:21:20: 读取文件成功
2016-11-23T05:21:30: 读取文件成功
2016-11-23T05:21:40: 读取文件成功
2016-11-23T05:21:50: 读取文件成功
2016-11-23T05:22:00: 读取文件成功
2016-11-23T05:22:10: 读取文件成功
2016-11-23T05:22:20: 读取文件成功
2016-11-23T05:22:30: 读取文件成功
2016-11-23T05:22:40: 读取文件成功
2016-11-23T05:22:50: 读取文件成功
2016-11-23T05:23:00: 读取文件成功
2016-11-23T05:23:10: 读取文件成功
2016-11-23T05:23:20: 读取文件成功
2016-11-23T05:23:30: 读取文件成功
2016-11-23T05:23:40: 读取文件成功
2016-11-23T05:23:50: 读取文件成功
2016-11-23T05:24:00: 读取文件成功
2016-11-23T05:24:10: 读取文件成功
2016-11-23T05:24:20: 读取文件成功
2016-11-23T05:24:30: 读取文件成功
2016-11-23T05:24:40: 读取文件成功
2016-11-23T05:24:50: 读取文件成功
2016-11-23T05:25:00: 读取文件成功
2016-11-23T05:26:15: 读取文件成功
2016-11-23T05:26:17: 读取文件成功
2016-11-23T05:26:44: 读取文件成功
2016-11-23T05:26:45: 读取文件成功
2016-11-23T05:26:45: 读取文件成功
2016-11-23T05:26:46: 读取文件成功
2016-11-23T05:26:46: 读取文件成功
2016-11-23T05:26:46: 读取文件成功
2016-11-23T05:26:47: 读取文件成功
2016-11-23T05:26:47: 读取文件成功
2016-11-23T05:26:50: 读取文件成功
2016-11-23T05:27:00: 读取文件成功
2016-11-23T05:27:10: 读取文件成功
2016-11-23T05:27:20: 读取文件成功
2016-11-23T05:27:30: 读取文件成功
2016-11-23T05:27:40: 读取文件成功
2016-11-23T05:27:50: 读取文件成功
2016-11-23T05:28:00: 读取文件成功
2016-11-23T05:28:10: 读取文件成功
2016-11-23T05:28:20: 读取文件成功
2016-11-23T05:28:30: 读取文件成功
2016-11-23T05:28:40: 读取文件成功
2016-11-23T05:28:50: 读取文件成功
2016-11-23T05:29:00: 读取文件成功
2016-11-23T05:29:10: 读取文件成功
2016-11-23T05:29:20: 读取文件成功
2016-11-23T05:29:30: 读取文件成功
2016-11-23T05:29:40: 读取文件成功
2016-11-23T05:29:50: 读取文件成功
2016-11-23T05:30:00: 读取文件成功
2016-11-23T05:30:10: 读取文件成功
2016-11-23T05:30:20: 读取文件成功
2016-11-23T05:30:30: 读取文件成功
2016-11-23T05:30:40: 读取文件成功
2016-11-23T05:30:50: 读取文件成功
2016-11-23T05:31:00: 读取文件成功
2016-11-23T05:31:10: 读取文件成功
2016-11-23T05:31:20: 读取文件成功
2016-11-23T05:31:30: 读取文件成功
2016-11-23T05:31:40: 读取文件成功
2016-11-23T05:31:50: 读取文件成功
2016-11-23T05:32:00: 读取文件成功
2016-11-23T05:32:10: 读取文件成功
2016-11-23T05:32:20: 读取文件成功
2016-11-23T05:32:30: 读取文件成功
2016-11-23T05:32:40: 读取文件成功
2016-11-23T05:32:50: 读取文件成功
2016-11-23T05:33:00: 读取文件成功
2016-11-23T05:33:10: 读取文件成功
2016-11-23T05:33:20: 读取文件成功
2016-11-23T05:33:30: 读取文件成功
2016-11-23T05:33:40: 读取文件成功
2016-11-23T05:33:50: 读取文件成功
2016-11-23T05:34:00: 读取文件成功
2016-11-23T05:34:10: 读取文件成功
2016-11-23T05:34:20: 读取文件成功
2016-11-23T05:34:30: 读取文件成功
2016-11-23T05:34:40: 读取文件成功
2016-11-23T05:34:50: 读取文件成功
2016-11-23T05:35:00: 读取文件成功
2016-11-23T05:35:10: 读取文件成功
2016-11-23T05:35:20: 读取文件成功
2016-11-23T05:35:30: 读取文件成功
2016-11-23T05:35:40: 读取文件成功
2016-11-23T05:35:50: 读取文件成功
2016-11-23T05:36:00: 读取文件成功
2016-11-23T05:36:10: 读取文件成功
2016-11-23T05:36:20: 读取文件成功
2016-11-23T05:36:30: 读取文件成功
2016-11-23T05:36:40: 读取文件成功
2016-11-23T05:36:50: 读取文件成功
2016-11-23T05:37:00: 读取文件成功
2016-11-23T05:37:10: 读取文件成功
2016-11-23T05:37:20: 读取文件成功
2016-11-23T05:37:30: 读取文件成功
2016-11-23T05:37:40: 读取文件成功
2016-11-23T05:37:50: 读取文件成功
2016-11-23T05:38:00: 读取文件成功
2016-11-23T05:38:10: 读取文件成功
2016-11-23T05:38:20: 读取文件成功
2016-11-23T05:38:30: 读取文件成功
2016-11-23T05:38:40: 读取文件成功
2016-11-23T05:38:50: 读取文件成功
2016-11-23T05:39:00: 读取文件成功
2016-11-23T05:39:10: 读取文件成功
2016-11-23T05:39:20: 读取文件成功
2016-11-23T05:39:31: 读取文件成功
2016-11-23T05:39:41: 读取文件成功
2016-11-23T05:39:51: 读取文件成功
2016-11-23T05:40:01: 读取文件成功
2016-11-23T05:40:11: 读取文件成功
2016-11-23T05:40:21: 读取文件成功
2016-11-23T05:40:31: 读取文件成功
2016-11-23T05:40:41: 读取文件成功
2016-11-23T05:40:51: 读取文件成功
2016-11-23T05:41:01: 读取文件成功
2016-11-23T05:41:11: 读取文件成功
2016-11-23T05:41:21: 读取文件成功
2016-11-23T05:41:31: 读取文件成功
2016-11-23T05:41:41: 读取文件成功
2016-11-23T05:41:51: 读取文件成功
2016-11-23T05:42:01: 读取文件成功
2016-11-23T05:42:11: 读取文件成功
2016-11-23T05:42:21: 读取文件成功
2016-11-23T05:42:31: 读取文件成功
2016-11-23T05:42:41: 读取文件成功
2016-11-23T05:42:51: 读取文件成功
2016-11-23T05:43:01: 读取文件成功
2016-11-23T05:43:11: 读取文件成功
2016-11-23T05:43:21: 读取文件成功
2016-11-23T05:43:31: 读取文件成功
2016-11-23T05:43:41: 读取文件成功
2016-11-23T05:43:51: 读取文件成功
2016-11-23T05:44:01: 读取文件成功
2016-11-23T05:44:11: 读取文件成功
2016-11-23T05:44:21: 读取文件成功
2016-11-23T05:44:31: 读取文件成功
2016-11-23T05:44:41: 读取文件成功
2016-11-23T05:44:51: 读取文件成功
2016-11-23T05:45:01: 读取文件成功
2016-11-23T05:45:11: 读取文件成功
2016-11-23T05:45:21: 读取文件成功
2016-11-23T05:45:31: 读取文件成功
2016-11-23T05:45:41: 读取文件成功
2016-11-23T05:45:51: 读取文件成功
2016-11-23T05:46:01: 读取文件成功
2016-11-23T05:46:11: 读取文件成功
2016-11-23T05:46:21: 读取文件成功
2016-11-23T05:46:31: 读取文件成功
2016-11-23T05:46:41: 读取文件成功
2016-11-23T05:46:51: 读取文件成功
2016-11-23T05:47:01: 读取文件成功
2016-11-23T05:47:11: 读取文件成功
2016-11-23T05:47:21: 读取文件成功
2016-11-23T05:47:31: 读取文件成功
2016-11-23T05:47:41: 读取文件成功
2016-11-23T05:47:51: 读取文件成功
2016-11-23T05:48:01: 读取文件成功
2016-11-23T05:48:11: 读取文件成功
2016-11-23T05:48:21: 读取文件成功
2016-11-23T05:48:31: 读取文件成功
2016-11-23T05:48:41: 读取文件成功
2016-11-23T05:48:51: 读取文件成功
2016-11-23T05:49:01: 读取文件成功
2016-11-23T05:49:11: 读取文件成功
2016-11-23T05:49:21: 读取文件成功
2016-11-23T05:49:31: 读取文件成功
2016-11-23T05:49:41: 读取文件成功
2016-11-23T05:49:51: 读取文件成功
2016-11-23T05:50:01: 读取文件成功
2016-11-23T05:50:11: 读取文件成功
2016-11-23T05:50:21: 读取文件成功
2016-11-23T05:50:31: 读取文件成功
2016-11-23T05:50:41: 读取文件成功
2016-11-23T05:50:51: 读取文件成功
2016-11-23T05:51:01: 读取文件成功
2016-11-23T05:51:11: 读取文件成功
2016-11-23T05:51:21: 读取文件成功
2016-11-23T05:51:31: 读取文件成功
2016-11-23T05:51:41: 读取文件成功
2016-11-23T05:51:51: 读取文件成功
2016-11-23T05:52:01: 读取文件成功
2016-11-23T05:52:11: 读取文件成功
2016-11-23T05:52:21: 读取文件成功
2016-11-23T05:52:31: 读取文件成功
2016-11-23T05:52:41: 读取文件成功
2016-11-23T05:52:51: 读取文件成功
2016-11-23T05:53:01: 读取文件成功
2016-11-23T05:53:11: 读取文件成功
2016-11-23T05:53:21: 读取文件成功
2016-11-23T05:53:31: 读取文件成功
2016-11-23T05:53:41: 读取文件成功
2016-11-23T05:53:51: 读取文件成功
2016-11-23T05:54:01: 读取文件成功
2016-11-23T05:54:11: 读取文件成功
2016-11-23T05:54:21: 读取文件成功
2016-11-23T05:54:31: 读取文件成功
2016-11-23T05:54:41: 读取文件成功
2016-11-23T05:54:51: 读取文件成功
2016-11-23T05:55:01: 读取文件成功
2016-11-23T05:55:11: 读取文件成功
2016-11-23T05:55:21: 读取文件成功
2016-11-23T05:55:31: 读取文件成功
2016-11-23T05:55:41: 读取文件成功
2016-11-23T05:55:51: 读取文件成功
2016-11-23T05:56:01: 读取文件成功
2016-11-23T05:56:11: 读取文件成功
2016-11-23T05:56:21: 读取文件成功
2016-11-23T05:56:31: 读取文件成功
2016-11-23T05:56:41: 读取文件成功
2016-11-23T05:56:51: 读取文件成功
2016-11-23T05:57:01: 读取文件成功
2016-11-23T05:57:11: 读取文件成功
2016-11-23T05:57:21: 读取文件成功
2016-11-23T05:57:31: 读取文件成功
2016-11-23T05:57:41: 读取文件成功
2016-11-23T05:57:51: 读取文件成功
2016-11-23T05:58:02: 读取文件成功
2016-11-23T05:58:12: 读取文件成功
2016-11-23T05:58:22: 读取文件成功
2016-11-23T05:58:32: 读取文件成功
2016-11-23T05:58:42: 读取文件成功
2016-11-23T05:58:52: 读取文件成功
2016-11-23T05:59:02: 读取文件成功
2016-11-23T05:59:12: 读取文件成功
2016-11-23T05:59:22: 读取文件成功
2016-11-23T05:59:32: 读取文件成功
2016-11-23T05:59:42: 读取文件成功
2016-11-23T05:59:52: 读取文件成功
2016-11-23T06:00:02: 读取文件成功
2016-11-23T06:00:12: 读取文件成功
2016-11-23T06:00:22: 读取文件成功
2016-11-23T06:00:32: 读取文件成功
2016-11-23T06:00:42: 读取文件成功
2016-11-23T06:00:52: 读取文件成功
2016-11-23T06:01:02: 读取文件成功
2016-11-23T06:01:12: 读取文件成功
2016-11-23T06:01:22: 读取文件成功
2016-11-23T06:01:32: 读取文件成功
2016-11-23T06:01:42: 读取文件成功
2016-11-23T06:01:52: 读取文件成功
2016-11-23T06:02:02: 读取文件成功
2016-11-23T06:02:12: 读取文件成功
2016-11-23T06:02:22: 读取文件成功
2016-11-23T06:02:32: 读取文件成功
2016-11-23T06:02:42: 读取文件成功
2016-11-23T06:02:52: 读取文件成功
2016-11-23T06:03:02: 读取文件成功
2016-11-23T06:03:12: 读取文件成功
2016-11-23T06:03:22: 读取文件成功
2016-11-23T06:03:32: 读取文件成功
2016-11-23T06:03:42: 读取文件成功
2016-11-23T06:03:52: 读取文件成功
2016-11-23T06:04:02: 读取文件成功
2016-11-23T06:04:12: 读取文件成功
2016-11-23T06:04:22: 读取文件成功
2016-11-23T06:04:32: 读取文件成功
2016-11-23T06:04:42: 读取文件成功
2016-11-23T06:04:52: 读取文件成功
2016-11-23T06:05:02: 读取文件成功
2016-11-23T06:05:12: 读取文件成功
2016-11-23T06:05:22: 读取文件成功
2016-11-23T06:05:32: 读取文件成功
2016-11-23T06:05:42: 读取文件成功
2016-11-23T06:05:52: 读取文件成功
2016-11-23T06:06:02: 读取文件成功
2016-11-23T06:06:12: 读取文件成功
2016-11-23T06:06:22: 读取文件成功
2016-11-23T06:06:32: 读取文件成功
2016-11-23T06:06:42: 读取文件成功
2016-11-23T06:06:52: 读取文件成功
2016-11-23T06:07:02: 读取文件成功
2016-11-23T06:07:12: 读取文件成功
2016-11-23T06:07:22: 读取文件成功
2016-11-23T06:07:32: 读取文件成功
2016-11-23T06:07:42: 读取文件成功
2016-11-23T06:07:52: 读取文件成功
2016-11-23T06:08:02: 读取文件成功
2016-11-23T06:08:12: 读取文件成功
2016-11-23T06:08:22: 读取文件成功
2016-11-23T06:08:32: 读取文件成功
2016-11-23T06:08:42: 读取文件成功
2016-11-23T06:08:52: 读取文件成功
2016-11-23T06:09:02: 读取文件成功
2016-11-23T06:09:12: 读取文件成功
2016-11-23T06:09:22: 读取文件成功
2016-11-23T06:09:32: 读取文件成功
2016-11-23T06:09:42: 读取文件成功
2016-11-23T06:09:52: 读取文件成功
2016-11-23T06:10:02: 读取文件成功
2016-11-23T06:10:12: 读取文件成功
2016-11-23T06:10:22: 读取文件成功
2016-11-23T06:10:32: 读取文件成功
2016-11-23T06:10:42: 读取文件成功
2016-11-23T06:10:52: 读取文件成功
2016-11-23T06:11:02: 读取文件成功
2016-11-23T06:11:12: 读取文件成功
2016-11-23T06:11:22: 读取文件成功
2016-11-23T06:11:32: 读取文件成功
2016-11-23T06:11:42: 读取文件成功
2016-11-23T06:11:52: 读取文件成功
2016-11-23T06:12:02: 读取文件成功
2016-11-23T06:12:12: 读取文件成功
2016-11-23T06:12:22: 读取文件成功
2016-11-23T06:12:32: 读取文件成功
2016-11-23T06:12:42: 读取文件成功
2016-11-23T06:12:52: 读取文件成功
2016-11-23T06:13:02: 读取文件成功
2016-11-23T06:13:12: 读取文件成功
2016-11-23T06:13:22: 读取文件成功
2016-11-23T06:13:32: 读取文件成功
2016-11-23T06:13:42: 读取文件成功
2016-11-23T06:13:52: 读取文件成功
2016-11-23T06:14:02: 读取文件成功
2016-11-23T06:14:12: 读取文件成功
2016-11-23T06:14:22: 读取文件成功
2016-11-23T06:14:32: 读取文件成功
2016-11-23T06:14:42: 读取文件成功
2016-11-23T06:14:52: 读取文件成功
2016-11-23T06:15:02: 读取文件成功
2016-11-23T06:15:12: 读取文件成功
2016-11-23T06:15:22: 读取文件成功
2016-11-23T06:15:33: 读取文件成功
2016-11-23T06:15:42: 读取文件成功
2016-11-23T06:15:52: 读取文件成功
2016-11-23T06:16:02: 读取文件成功
2016-11-23T06:16:12: 读取文件成功
2016-11-23T06:16:22: 读取文件成功
2016-11-23T06:16:32: 读取文件成功
2016-11-23T06:16:42: 读取文件成功
2016-11-23T06:16:52: 读取文件成功
2016-11-23T06:17:02: 读取文件成功
2016-11-23T06:17:13: 读取文件成功
2016-11-23T06:17:23: 读取文件成功
2016-11-23T06:17:33: 读取文件成功
2016-11-23T06:17:43: 读取文件成功
2016-11-23T06:17:53: 读取文件成功
2016-11-23T06:18:03: 读取文件成功
2016-11-23T06:18:13: 读取文件成功
2016-11-23T06:18:23: 读取文件成功
2016-11-23T06:18:33: 读取文件成功
2016-11-23T06:18:43: 读取文件成功
2016-11-23T06:18:53: 读取文件成功
2016-11-23T06:19:03: 读取文件成功
2016-11-23T06:19:13: 读取文件成功
2016-11-23T06:19:23: 读取文件成功
2016-11-23T06:19:33: 读取文件成功
2016-11-23T06:19:43: 读取文件成功
2016-11-23T06:19:53: 读取文件成功
2016-11-23T06:20:03: 读取文件成功
2016-11-23T06:20:13: 读取文件成功
2016-11-23T06:20:23: 读取文件成功
2016-11-23T06:20:33: 读取文件成功
2016-11-23T06:20:43: 读取文件成功
2016-11-23T06:20:53: 读取文件成功
2016-11-23T06:21:03: 读取文件成功
2016-11-23T06:21:13: 读取文件成功
2016-11-23T06:21:23: 读取文件成功
2016-11-23T06:21:33: 读取文件成功
2016-11-23T06:21:43: 读取文件成功
2016-11-23T06:21:53: 读取文件成功
2016-11-23T06:22:03: 读取文件成功
2016-11-23T06:22:13: 读取文件成功
2016-11-23T06:22:23: 读取文件成功
2016-11-23T06:22:33: 读取文件成功
2016-11-23T06:22:43: 读取文件成功
2016-11-23T06:22:53: 读取文件成功
2016-11-23T06:23:03: 读取文件成功
2016-11-23T06:23:13: 读取文件成功
2016-11-23T06:23:23: 读取文件成功
2016-11-23T06:23:33: 读取文件成功
2016-11-23T06:23:43: 读取文件成功
2016-11-23T06:23:53: 读取文件成功
2016-11-23T06:24:03: 读取文件成功
2016-11-23T06:24:13: 读取文件成功
2016-11-23T06:24:23: 读取文件成功
2016-11-23T06:24:33: 读取文件成功
2016-11-23T06:24:43: 读取文件成功
2016-11-23T06:24:53: 读取文件成功
2016-11-23T06:25:03: 读取文件成功
2016-11-23T06:25:13: 读取文件成功
2016-11-23T06:25:23: 读取文件成功
2016-11-23T06:25:33: 读取文件成功
2016-11-23T06:25:43: 读取文件成功
2016-11-23T06:25:53: 读取文件成功
2016-11-23T06:26:03: 读取文件成功
2016-11-23T06:26:13: 读取文件成功
2016-11-23T06:26:23: 读取文件成功
2016-11-23T06:26:33: 读取文件成功
2016-11-23T06:26:43: 读取文件成功
2016-11-23T06:26:53: 读取文件成功
2016-11-23T06:27:03: 读取文件成功
2016-11-23T06:27:13: 读取文件成功
2016-11-23T06:27:23: 读取文件成功
2016-11-23T06:27:33: 读取文件成功
2016-11-23T06:27:43: 读取文件成功
2016-11-23T06:27:53: 读取文件成功
2016-11-23T06:28:03: 读取文件成功
2016-11-23T06:28:13: 读取文件成功
2016-11-23T06:28:23: 读取文件成功
2016-11-23T06:28:33: 读取文件成功
2016-11-23T06:28:43: 读取文件成功
2016-11-23T06:28:53: 读取文件成功
2016-11-23T06:29:03: 读取文件成功
2016-11-23T06:29:13: 读取文件成功
2016-11-23T06:29:23: 读取文件成功
2016-11-23T06:29:33: 读取文件成功
2016-11-23T06:29:43: 读取文件成功
2016-11-23T06:29:53: 读取文件成功
2016-11-23T06:30:03: 读取文件成功
2016-11-23T06:30:13: 读取文件成功
2016-11-23T06:30:23: 读取文件成功
2016-11-23T06:30:33: 读取文件成功
2016-11-23T06:30:43: 读取文件成功
2016-11-23T06:30:53: 读取文件成功
2016-11-23T06:31:03: 读取文件成功
2016-11-23T06:31:13: 读取文件成功
2016-11-23T06:31:23: 读取文件成功
2016-11-23T06:31:33: 读取文件成功
2016-11-23T06:31:43: 读取文件成功
2016-11-23T06:31:53: 读取文件成功
2016-11-23T06:32:03: 读取文件成功
2016-11-23T06:32:13: 读取文件成功
2016-11-23T06:32:23: 读取文件成功
2016-11-23T06:32:33: 读取文件成功
2016-11-23T06:32:43: 读取文件成功
2016-11-23T06:32:53: 读取文件成功
2016-11-23T06:33:03: 读取文件成功
2016-11-23T06:33:13: 读取文件成功
2016-11-23T06:33:23: 读取文件成功
2016-11-23T06:33:33: 读取文件成功
2016-11-23T06:33:43: 读取文件成功
2016-11-23T06:33:53: 读取文件成功
2016-11-23T06:34:03: 读取文件成功
2016-11-23T06:34:13: 读取文件成功
2016-11-23T06:34:23: 读取文件成功
2016-11-23T06:34:33: 读取文件成功
2016-11-23T06:34:43: 读取文件成功
2016-11-23T06:34:53: 读取文件成功
2016-11-23T06:35:03: 读取文件成功
2016-11-23T06:35:13: 读取文件成功
2016-11-23T06:35:23: 读取文件成功
2016-11-23T06:35:33: 读取文件成功
2016-11-23T06:35:43: 读取文件成功
2016-11-23T06:35:53: 读取文件成功
2016-11-23T06:36:04: 读取文件成功
2016-11-23T06:36:13: 读取文件成功
2016-11-23T06:36:23: 读取文件成功
2016-11-23T06:36:33: 读取文件成功
2016-11-23T06:36:43: 读取文件成功
2016-11-23T06:36:53: 读取文件成功
2016-11-23T06:37:03: 读取文件成功
2016-11-23T06:37:13: 读取文件成功
2016-11-23T06:37:23: 读取文件成功
2016-11-23T06:37:33: 读取文件成功
2016-11-23T06:37:43: 读取文件成功
2016-11-23T06:37:54: 读取文件成功
2016-11-23T06:38:03: 读取文件成功
2016-11-23T06:38:13: 读取文件成功
2016-11-23T06:38:23: 读取文件成功
2016-11-23T06:38:34: 读取文件成功
2016-11-23T06:38:44: 读取文件成功
2016-11-23T06:38:54: 读取文件成功
2016-11-23T06:39:04: 读取文件成功
2016-11-23T06:39:14: 读取文件成功
2016-11-23T06:39:24: 读取文件成功
2016-11-23T06:39:34: 读取文件成功
2016-11-23T06:39:44: 读取文件成功
2016-11-23T06:39:54: 读取文件成功
2016-11-23T06:40:04: 读取文件成功
2016-11-23T06:40:14: 读取文件成功
2016-11-23T06:40:24: 读取文件成功
2016-11-23T06:40:34: 读取文件成功
2016-11-23T06:40:44: 读取文件成功
2016-11-23T06:40:54: 读取文件成功
2016-11-23T06:41:04: 读取文件成功
2016-11-23T06:41:14: 读取文件成功
2016-11-23T06:41:24: 读取文件成功
2016-11-23T06:41:34: 读取文件成功
2016-11-23T06:41:44: 读取文件成功
2016-11-23T06:41:54: 读取文件成功
2016-11-23T06:42:04: 读取文件成功
2016-11-23T06:42:14: 读取文件成功
2016-11-23T06:42:24: 读取文件成功
2016-11-23T06:42:34: 读取文件成功
2016-11-23T06:42:44: 读取文件成功
2016-11-23T06:42:54: 读取文件成功
2016-11-23T06:43:04: 读取文件成功
2016-11-23T06:43:14: 读取文件成功
2016-11-23T06:43:24: 读取文件成功
2016-11-23T06:43:34: 读取文件成功
2016-11-23T06:43:44: 读取文件成功
2016-11-23T06:43:54: 读取文件成功
2016-11-23T06:44:04: 读取文件成功
2016-11-23T06:44:14: 读取文件成功
2016-11-23T06:44:24: 读取文件成功
2016-11-23T06:44:34: 读取文件成功
2016-11-23T06:44:44: 读取文件成功
2016-11-23T06:44:54: 读取文件成功
2016-11-23T06:45:04: 读取文件成功
2016-11-23T06:45:14: 读取文件成功
2016-11-23T06:45:24: 读取文件成功
2016-11-23T06:45:34: 读取文件成功
2016-11-23T06:45:44: 读取文件成功
2016-11-23T06:45:54: 读取文件成功
2016-11-23T06:46:04: 读取文件成功
2016-11-23T06:46:14: 读取文件成功
2016-11-23T06:46:24: 读取文件成功
2016-11-23T06:46:34: 读取文件成功
2016-11-23T06:46:44: 读取文件成功
2016-11-23T06:46:54: 读取文件成功
2016-11-23T06:47:04: 读取文件成功
2016-11-23T06:47:14: 读取文件成功
2016-11-23T06:47:24: 读取文件成功
2016-11-23T06:47:34: 读取文件成功
2016-11-23T06:47:44: 读取文件成功
2016-11-23T06:47:54: 读取文件成功
2016-11-23T06:48:04: 读取文件成功
2016-11-23T06:48:14: 读取文件成功
2016-11-23T06:48:24: 读取文件成功
2016-11-23T06:48:34: 读取文件成功
2016-11-23T06:48:44: 读取文件成功
2016-11-23T06:48:54: 读取文件成功
2016-11-23T06:49:04: 读取文件成功
2016-11-23T06:49:14: 读取文件成功
2016-11-23T06:49:24: 读取文件成功
2016-11-23T06:49:34: 读取文件成功
2016-11-23T06:49:44: 读取文件成功
2016-11-23T06:49:54: 读取文件成功
2016-11-23T06:50:04: 读取文件成功
2016-11-23T06:50:14: 读取文件成功
2016-11-23T06:50:24: 读取文件成功
2016-11-23T06:50:34: 读取文件成功
2016-11-23T06:50:44: 读取文件成功
2016-11-23T06:50:54: 读取文件成功
2016-11-23T06:51:04: 读取文件成功
2016-11-23T06:51:14: 读取文件成功
2016-11-23T06:51:24: 读取文件成功
2016-11-23T06:51:34: 读取文件成功
2016-11-23T06:51:44: 读取文件成功
2016-11-23T06:51:54: 读取文件成功
2016-11-23T06:52:04: 读取文件成功
2016-11-23T06:52:14: 读取文件成功
2016-11-23T06:52:24: 读取文件成功
2016-11-23T06:52:34: 读取文件成功
2016-11-23T06:52:44: 读取文件成功
2016-11-23T06:52:54: 读取文件成功
2016-11-23T06:53:04: 读取文件成功
2016-11-23T06:53:14: 读取文件成功
2016-11-23T06:53:24: 读取文件成功
2016-11-23T06:53:34: 读取文件成功
2016-11-23T06:53:44: 读取文件成功
2016-11-23T06:53:54: 读取文件成功
2016-11-23T06:54:04: 读取文件成功
2016-11-23T06:54:14: 读取文件成功
2016-11-23T06:54:24: 读取文件成功
2016-11-23T06:54:34: 读取文件成功
2016-11-23T06:54:44: 读取文件成功
2016-11-23T06:54:54: 读取文件成功
2016-11-23T06:55:04: 读取文件成功
2016-11-23T06:55:14: 读取文件成功
2016-11-23T06:55:24: 读取文件成功
2016-11-23T06:55:34: 读取文件成功
2016-11-23T06:55:44: 读取文件成功
2016-11-23T06:55:54: 读取文件成功
2016-11-23T06:56:04: 读取文件成功
2016-11-23T06:56:14: 读取文件成功
2016-11-23T06:56:24: 读取文件成功
2016-11-23T06:56:35: 读取文件成功
2016-11-23T06:56:44: 读取文件成功
2016-11-23T06:56:54: 读取文件成功
2016-11-23T06:57:05: 读取文件成功
2016-11-23T06:57:15: 读取文件成功
2016-11-23T06:57:25: 读取文件成功
2016-11-23T06:57:35: 读取文件成功
2016-11-23T06:57:45: 读取文件成功
2016-11-23T06:57:55: 读取文件成功
2016-11-23T06:58:05: 读取文件成功
2016-11-23T06:58:15: 读取文件成功
2016-11-23T06:58:25: 读取文件成功
2016-11-23T06:58:35: 读取文件成功
2016-11-23T06:58:45: 读取文件成功
2016-11-23T06:58:55: 读取文件成功
2016-11-23T06:59:05: 读取文件成功
2016-11-23T06:59:15: 读取文件成功
2016-11-23T06:59:25: 读取文件成功
2016-11-23T06:59:35: 读取文件成功
2016-11-23T06:59:45: 读取文件成功
2016-11-23T06:59:55: 读取文件成功
2016-11-23T07:00:05: 读取文件成功
2016-11-23T07:00:15: 读取文件成功
2016-11-23T07:00:25: 读取文件成功
2016-11-23T07:00:35: 读取文件成功
2016-11-23T07:00:45: 读取文件成功
2016-11-23T07:00:55: 读取文件成功
2016-11-23T07:01:05: 读取文件成功
2016-11-23T07:01:15: 读取文件成功
2016-11-23T07:01:25: 读取文件成功
2016-11-23T07:01:35: 读取文件成功
2016-11-23T07:01:45: 读取文件成功
2016-11-23T07:01:55: 读取文件成功
2016-11-23T07:02:05: 读取文件成功
2016-11-23T07:02:15: 读取文件成功
2016-11-23T07:02:25: 读取文件成功
2016-11-23T07:02:35: 读取文件成功
2016-11-23T07:02:45: 读取文件成功
2016-11-23T07:02:55: 读取文件成功
2016-11-23T07:03:05: 读取文件成功
2016-11-23T07:03:15: 读取文件成功
2016-11-23T07:03:25: 读取文件成功
2016-11-23T07:03:35: 读取文件成功
2016-11-23T07:03:45: 读取文件成功
2016-11-23T07:03:55: 读取文件成功
2016-11-23T07:04:05: 读取文件成功
2016-11-23T07:04:15: 读取文件成功
2016-11-23T07:04:25: 读取文件成功
2016-11-23T07:04:35: 读取文件成功
2016-11-23T07:04:45: 读取文件成功
2016-11-23T07:04:55: 读取文件成功
2016-11-23T07:05:05: 读取文件成功
2016-11-23T07:05:15: 读取文件成功
2016-11-23T07:05:25: 读取文件成功
2016-11-23T07:05:35: 读取文件成功
2016-11-23T07:05:45: 读取文件成功
2016-11-23T07:05:55: 读取文件成功
2016-11-23T07:06:05: 读取文件成功
2016-11-23T07:06:15: 读取文件成功
2016-11-23T07:06:25: 读取文件成功
2016-11-23T07:06:35: 读取文件成功
2016-11-23T07:06:45: 读取文件成功
2016-11-23T07:06:55: 读取文件成功
2016-11-23T07:07:05: 读取文件成功
2016-11-23T07:07:15: 读取文件成功
2016-11-23T07:07:25: 读取文件成功
2016-11-23T07:07:35: 读取文件成功
2016-11-23T07:07:45: 读取文件成功
2016-11-23T07:07:55: 读取文件成功
2016-11-23T07:08:05: 读取文件成功
2016-11-23T07:08:15: 读取文件成功
2016-11-23T07:08:25: 读取文件成功
2016-11-23T07:08:35: 读取文件成功
2016-11-23T07:08:45: 读取文件成功
2016-11-23T07:08:55: 读取文件成功
2016-11-23T07:09:05: 读取文件成功
2016-11-23T07:09:15: 读取文件成功
2016-11-23T07:09:25: 读取文件成功
2016-11-23T07:09:35: 读取文件成功
2016-11-23T07:09:45: 读取文件成功
2016-11-23T07:09:55: 读取文件成功
2016-11-23T07:10:05: 读取文件成功
2016-11-23T07:10:15: 读取文件成功
2016-11-23T07:10:25: 读取文件成功
2016-11-23T07:10:35: 读取文件成功
2016-11-23T07:10:45: 读取文件成功
2016-11-23T07:10:55: 读取文件成功
2016-11-23T07:11:05: 读取文件成功
2016-11-23T07:11:15: 读取文件成功
2016-11-23T07:11:25: 读取文件成功
2016-11-23T07:11:35: 读取文件成功
2016-11-23T07:11:45: 读取文件成功
2016-11-23T07:11:55: 读取文件成功
2016-11-23T07:12:05: 读取文件成功
2016-11-23T07:12:15: 读取文件成功
2016-11-23T07:12:25: 读取文件成功
2016-11-23T07:12:35: 读取文件成功
2016-11-23T07:12:45: 读取文件成功
2016-11-23T07:12:55: 读取文件成功
2016-11-23T07:13:05: 读取文件成功
2016-11-23T07:13:15: 读取文件成功
2016-11-23T07:13:25: 读取文件成功
2016-11-23T07:13:35: 读取文件成功
2016-11-23T07:13:45: 读取文件成功
2016-11-23T07:13:55: 读取文件成功
2016-11-23T07:14:05: 读取文件成功
2016-11-23T07:14:15: 读取文件成功
2016-11-23T07:14:25: 读取文件成功
2016-11-23T07:14:35: 读取文件成功
2016-11-23T07:14:45: 读取文件成功
2016-11-23T07:14:55: 读取文件成功
2016-11-23T07:15:05: 读取文件成功
2016-11-23T07:15:15: 读取文件成功
2016-11-23T07:15:25: 读取文件成功
2016-11-23T07:15:35: 读取文件成功
2016-11-23T07:15:45: 读取文件成功
2016-11-23T07:15:55: 读取文件成功
2016-11-23T07:16:05: 读取文件成功
2016-11-23T07:16:15: 读取文件成功
2016-11-23T07:16:25: 读取文件成功
2016-11-23T07:16:35: 读取文件成功
2016-11-23T07:16:45: 读取文件成功
2016-11-23T07:16:55: 读取文件成功
2016-11-23T07:17:06: 读取文件成功
2016-11-23T07:17:15: 读取文件成功
2016-11-23T07:17:25: 读取文件成功
2016-11-23T07:17:35: 读取文件成功
2016-11-23T07:17:45: 读取文件成功
2016-11-23T07:17:55: 读取文件成功
2016-11-23T07:18:05: 读取文件成功
2016-11-23T07:18:15: 读取文件成功
2016-11-23T07:18:25: 读取文件成功
2016-11-23T07:18:36: 读取文件成功
2016-11-23T07:18:45: 读取文件成功
2016-11-23T07:18:56: 读取文件成功
2016-11-23T07:19:06: 读取文件成功
2016-11-23T07:19:16: 读取文件成功
2016-11-23T07:19:26: 读取文件成功
2016-11-23T07:19:36: 读取文件成功
2016-11-23T07:19:46: 读取文件成功
2016-11-23T07:19:56: 读取文件成功
2016-11-23T07:20:06: 读取文件成功
2016-11-23T07:20:16: 读取文件成功
2016-11-23T07:20:26: 读取文件成功
2016-11-23T07:20:36: 读取文件成功
2016-11-23T07:20:46: 读取文件成功
2016-11-23T07:20:56: 读取文件成功
2016-11-23T07:21:06: 读取文件成功
2016-11-23T07:21:16: 读取文件成功
2016-11-23T07:21:26: 读取文件成功
2016-11-23T07:21:36: 读取文件成功
2016-11-23T07:21:46: 读取文件成功
2016-11-23T07:21:56: 读取文件成功
2016-11-23T07:22:06: 读取文件成功
2016-11-23T07:22:16: 读取文件成功
2016-11-23T07:22:26: 读取文件成功
2016-11-23T07:22:36: 读取文件成功
2016-11-23T07:22:46: 读取文件成功
2016-11-23T07:22:56: 读取文件成功
2016-11-23T07:23:06: 读取文件成功
2016-11-23T07:23:16: 读取文件成功
2016-11-23T07:23:26: 读取文件成功
2016-11-23T07:23:36: 读取文件成功
2016-11-23T07:23:46: 读取文件成功
2016-11-23T07:23:56: 读取文件成功
2016-11-23T07:24:06: 读取文件成功
2016-11-23T07:24:16: 读取文件成功
2016-11-23T07:24:26: 读取文件成功
2016-11-23T07:24:36: 读取文件成功
2016-11-23T07:24:46: 读取文件成功
2016-11-23T07:24:56: 读取文件成功
2016-11-23T07:25:06: 读取文件成功
2016-11-23T07:25:16: 读取文件成功
2016-11-23T07:25:26: 读取文件成功
2016-11-23T07:25:36: 读取文件成功
2016-11-23T07:25:46: 读取文件成功
2016-11-23T07:25:56: 读取文件成功
2016-11-23T07:26:06: 读取文件成功
2016-11-23T07:26:16: 读取文件成功
2016-11-23T07:26:26: 读取文件成功
2016-11-23T07:26:36: 读取文件成功
2016-11-23T07:26:46: 读取文件成功
2016-11-23T07:26:56: 读取文件成功
2016-11-23T07:27:06: 读取文件成功
2016-11-23T07:27:16: 读取文件成功
2016-11-23T07:27:26: 读取文件成功
2016-11-23T07:27:36: 读取文件成功
2016-11-23T07:27:46: 读取文件成功
2016-11-23T07:27:56: 读取文件成功
2016-11-23T07:28:06: 读取文件成功
2016-11-23T07:28:16: 读取文件成功
2016-11-23T07:28:26: 读取文件成功
2016-11-23T07:28:36: 读取文件成功
2016-11-23T07:28:46: 读取文件成功
2016-11-23T07:28:56: 读取文件成功
2016-11-23T07:29:06: 读取文件成功
2016-11-23T07:29:16: 读取文件成功
2016-11-23T07:29:26: 读取文件成功
2016-11-23T07:29:36: 读取文件成功
2016-11-23T07:29:46: 读取文件成功
2016-11-23T07:29:56: 读取文件成功
2016-11-23T07:30:06: 读取文件成功
2016-11-23T07:30:16: 读取文件成功
2016-11-23T07:30:26: 读取文件成功
2016-11-23T07:30:36: 读取文件成功
2016-11-23T07:30:46: 读取文件成功
2016-11-23T07:30:56: 读取文件成功
2016-11-23T07:31:06: 读取文件成功
2016-11-23T07:31:16: 读取文件成功
2016-11-23T07:31:26: 读取文件成功
2016-11-23T07:31:36: 读取文件成功
2016-11-23T07:31:46: 读取文件成功
2016-11-23T07:31:56: 读取文件成功
2016-11-23T07:32:06: 读取文件成功
2016-11-23T07:32:16: 读取文件成功
2016-11-23T07:32:26: 读取文件成功
2016-11-23T07:32:36: 读取文件成功
2016-11-23T07:32:46: 读取文件成功
2016-11-23T07:32:56: 读取文件成功
2016-11-23T07:33:06: 读取文件成功
2016-11-23T07:33:16: 读取文件成功
2016-11-23T07:33:26: 读取文件成功
2016-11-23T07:33:36: 读取文件成功
2016-11-23T07:33:46: 读取文件成功
2016-11-23T07:33:56: 读取文件成功
2016-11-23T07:34:06: 读取文件成功
2016-11-23T07:34:16: 读取文件成功
2016-11-23T07:34:26: 读取文件成功
2016-11-23T07:34:36: 读取文件成功
2016-11-23T07:34:46: 读取文件成功
2016-11-23T07:34:56: 读取文件成功
2016-11-23T07:35:06: 读取文件成功
2016-11-23T07:35:16: 读取文件成功
2016-11-23T07:35:26: 读取文件成功
2016-11-23T07:35:36: 读取文件成功
2016-11-23T07:35:46: 读取文件成功
2016-11-23T07:35:56: 读取文件成功
2016-11-23T07:36:06: 读取文件成功
2016-11-23T07:36:16: 读取文件成功
2016-11-23T07:36:26: 读取文件成功
2016-11-23T07:36:36: 读取文件成功
2016-11-23T07:36:46: 读取文件成功
2016-11-23T07:36:56: 读取文件成功
2016-11-23T07:37:06: 读取文件成功
2016-11-23T07:37:16: 读取文件成功
2016-11-23T07:37:26: 读取文件成功
2016-11-23T07:37:37: 读取文件成功
2016-11-23T07:37:46: 读取文件成功
2016-11-23T07:37:57: 读取文件成功
2016-11-23T07:38:07: 读取文件成功
2016-11-23T07:38:17: 读取文件成功
2016-11-23T07:38:27: 读取文件成功
2016-11-23T07:38:37: 读取文件成功
2016-11-23T07:38:47: 读取文件成功
2016-11-23T07:38:57: 读取文件成功
2016-11-23T07:39:07: 读取文件成功
2016-11-23T07:39:17: 读取文件成功
2016-11-23T07:39:27: 读取文件成功
2016-11-23T07:39:37: 读取文件成功
2016-11-23T07:39:47: 读取文件成功
2016-11-23T07:39:57: 读取文件成功
2016-11-23T07:40:07: 读取文件成功
2016-11-23T07:40:17: 读取文件成功
2016-11-23T07:40:27: 读取文件成功
2016-11-23T07:40:37: 读取文件成功
2016-11-23T07:40:47: 读取文件成功
2016-11-23T07:40:57: 读取文件成功
2016-11-23T07:41:07: 读取文件成功
2016-11-23T07:41:17: 读取文件成功
2016-11-23T07:41:27: 读取文件成功
2016-11-23T07:41:37: 读取文件成功
2016-11-23T07:41:47: 读取文件成功
2016-11-23T07:41:57: 读取文件成功
2016-11-23T07:42:07: 读取文件成功
2016-11-23T07:42:17: 读取文件成功
2016-11-23T07:42:27: 读取文件成功
2016-11-23T07:42:37: 读取文件成功
2016-11-23T07:42:47: 读取文件成功
2016-11-23T07:42:57: 读取文件成功
2016-11-23T07:43:07: 读取文件成功
2016-11-23T07:43:17: 读取文件成功
2016-11-23T07:43:27: 读取文件成功
2016-11-23T07:43:37: 读取文件成功
2016-11-23T07:43:47: 读取文件成功
2016-11-23T07:43:57: 读取文件成功
2016-11-23T07:44:07: 读取文件成功
2016-11-23T07:44:17: 读取文件成功
2016-11-23T07:44:27: 读取文件成功
2016-11-23T07:44:37: 读取文件成功
2016-11-23T07:44:47: 读取文件成功
2016-11-23T07:44:57: 读取文件成功
2016-11-23T07:45:07: 读取文件成功
2016-11-23T07:45:17: 读取文件成功
2016-11-23T07:45:27: 读取文件成功
2016-11-23T07:45:37: 读取文件成功
2016-11-23T07:45:47: 读取文件成功
2016-11-23T07:45:57: 读取文件成功
2016-11-23T07:46:07: 读取文件成功
2016-11-23T07:46:17: 读取文件成功
2016-11-23T07:46:27: 读取文件成功
2016-11-23T07:46:37: 读取文件成功
2016-11-23T07:46:47: 读取文件成功
2016-11-23T07:46:57: 读取文件成功
2016-11-23T07:47:07: 读取文件成功
2016-11-23T07:47:17: 读取文件成功
2016-11-23T07:47:27: 读取文件成功
2016-11-23T07:47:37: 读取文件成功
2016-11-23T07:47:47: 读取文件成功
2016-11-23T07:47:57: 读取文件成功
2016-11-23T07:48:07: 读取文件成功
2016-11-23T07:48:17: 读取文件成功
2016-11-23T07:48:27: 读取文件成功
2016-11-23T07:48:37: 读取文件成功
2016-11-23T07:48:47: 读取文件成功
2016-11-23T07:48:57: 读取文件成功
2016-11-23T07:49:07: 读取文件成功
2016-11-23T07:49:17: 读取文件成功
2016-11-23T07:49:27: 读取文件成功
2016-11-23T07:49:37: 读取文件成功
2016-11-23T07:49:47: 读取文件成功
2016-11-23T07:49:57: 读取文件成功
2016-11-23T07:50:07: 读取文件成功
2016-11-23T07:50:17: 读取文件成功
2016-11-23T07:50:27: 读取文件成功
2016-11-23T07:50:37: 读取文件成功
2016-11-23T07:50:47: 读取文件成功
2016-11-23T07:50:57: 读取文件成功
2016-11-23T07:51:07: 读取文件成功
2016-11-23T07:51:17: 读取文件成功
2016-11-23T07:51:27: 读取文件成功
2016-11-23T07:51:37: 读取文件成功
2016-11-23T07:51:47: 读取文件成功
2016-11-23T07:51:57: 读取文件成功
2016-11-23T07:52:07: 读取文件成功
2016-11-23T07:52:17: 读取文件成功
2016-11-23T07:52:27: 读取文件成功
2016-11-23T07:52:37: 读取文件成功
2016-11-23T07:52:47: 读取文件成功
2016-11-23T07:52:58: 读取文件成功
2016-11-23T07:53:07: 读取文件成功
2016-11-23T07:53:17: 读取文件成功
2016-11-23T07:53:27: 读取文件成功
2016-11-23T07:53:37: 读取文件成功
2016-11-23T07:53:47: 读取文件成功
2016-11-23T07:53:57: 读取文件成功
2016-11-23T07:54:07: 读取文件成功
2016-11-23T07:54:17: 读取文件成功
2016-11-23T07:54:27: 读取文件成功
2016-11-23T07:54:37: 读取文件成功
2016-11-23T07:54:48: 读取文件成功
2016-11-23T07:54:57: 读取文件成功
2016-11-23T07:55:07: 读取文件成功
2016-11-23T07:55:18: 读取文件成功
2016-11-23T07:55:28: 读取文件成功
2016-11-23T07:55:38: 读取文件成功
2016-11-23T07:55:48: 读取文件成功
2016-11-23T07:55:58: 读取文件成功
2016-11-23T07:56:08: 读取文件成功
2016-11-23T07:56:18: 读取文件成功
2016-11-23T07:56:28: 读取文件成功
2016-11-23T07:56:38: 读取文件成功
2016-11-23T07:56:48: 读取文件成功
2016-11-23T07:56:58: 读取文件成功
2016-11-23T07:57:08: 读取文件成功
2016-11-23T07:57:18: 读取文件成功
2016-11-23T07:57:28: 读取文件成功
2016-11-23T07:57:38: 读取文件成功
2016-11-23T07:57:48: 读取文件成功
2016-11-23T07:57:58: 读取文件成功
2016-11-23T07:58:08: 读取文件成功
2016-11-23T07:58:18: 读取文件成功
2016-11-23T07:58:28: 读取文件成功
2016-11-23T07:58:38: 读取文件成功
2016-11-23T07:58:48: 读取文件成功
2016-11-23T07:58:58: 读取文件成功
2016-11-23T07:59:08: 读取文件成功
