2016-12-23T00:00:07: 非记录时间：2016-12-23T00:00:07+08:00
2016-12-23T00:00:17: 非记录时间：2016-12-23T00:00:17+08:00
2016-12-23T00:00:27: 非记录时间：2016-12-23T00:00:27+08:00
2016-12-23T00:00:37: 非记录时间：2016-12-23T00:00:37+08:00
2016-12-23T00:00:47: 非记录时间：2016-12-23T00:00:47+08:00
2016-12-23T00:00:57: 非记录时间：2016-12-23T00:00:57+08:00
2016-12-23T00:01:07: 非记录时间：2016-12-23T00:01:07+08:00
2016-12-23T00:01:17: 非记录时间：2016-12-23T00:01:17+08:00
2016-12-23T00:01:27: 非记录时间：2016-12-23T00:01:27+08:00
2016-12-23T00:01:37: 非记录时间：2016-12-23T00:01:37+08:00
2016-12-23T00:01:47: 非记录时间：2016-12-23T00:01:47+08:00
2016-12-23T00:01:57: 非记录时间：2016-12-23T00:01:57+08:00
2016-12-23T00:02:07: 非记录时间：2016-12-23T00:02:07+08:00
2016-12-23T00:02:17: 非记录时间：2016-12-23T00:02:17+08:00
2016-12-23T00:02:27: 非记录时间：2016-12-23T00:02:27+08:00
2016-12-23T00:02:37: 非记录时间：2016-12-23T00:02:37+08:00
2016-12-23T00:02:47: 非记录时间：2016-12-23T00:02:47+08:00
2016-12-23T00:02:57: 非记录时间：2016-12-23T00:02:57+08:00
2016-12-23T00:03:07: 非记录时间：2016-12-23T00:03:07+08:00
2016-12-23T00:03:17: 非记录时间：2016-12-23T00:03:17+08:00
2016-12-23T00:03:27: 非记录时间：2016-12-23T00:03:27+08:00
2016-12-23T00:03:37: 非记录时间：2016-12-23T00:03:37+08:00
2016-12-23T00:03:47: 非记录时间：2016-12-23T00:03:47+08:00
2016-12-23T00:03:57: 非记录时间：2016-12-23T00:03:57+08:00
2016-12-23T00:04:07: 非记录时间：2016-12-23T00:04:07+08:00
2016-12-23T00:04:17: 非记录时间：2016-12-23T00:04:17+08:00
2016-12-23T00:04:27: 非记录时间：2016-12-23T00:04:27+08:00
2016-12-23T00:04:37: 非记录时间：2016-12-23T00:04:37+08:00
2016-12-23T00:04:47: 非记录时间：2016-12-23T00:04:47+08:00
2016-12-23T00:04:57: 非记录时间：2016-12-23T00:04:57+08:00
2016-12-23T00:05:07: 非记录时间：2016-12-23T00:05:07+08:00
2016-12-23T00:05:17: 非记录时间：2016-12-23T00:05:17+08:00
2016-12-23T00:05:27: 非记录时间：2016-12-23T00:05:27+08:00
2016-12-23T00:05:37: 非记录时间：2016-12-23T00:05:37+08:00
2016-12-23T00:05:47: 非记录时间：2016-12-23T00:05:47+08:00
2016-12-23T00:05:57: 非记录时间：2016-12-23T00:05:57+08:00
2016-12-23T00:06:07: 非记录时间：2016-12-23T00:06:07+08:00
2016-12-23T00:06:17: 非记录时间：2016-12-23T00:06:17+08:00
2016-12-23T00:06:27: 非记录时间：2016-12-23T00:06:27+08:00
2016-12-23T00:06:37: 非记录时间：2016-12-23T00:06:37+08:00
2016-12-23T00:06:47: 非记录时间：2016-12-23T00:06:47+08:00
2016-12-23T00:06:57: 非记录时间：2016-12-23T00:06:57+08:00
2016-12-23T00:07:07: 非记录时间：2016-12-23T00:07:07+08:00
2016-12-23T00:07:17: 非记录时间：2016-12-23T00:07:17+08:00
2016-12-23T00:07:27: 非记录时间：2016-12-23T00:07:27+08:00
2016-12-23T00:07:37: 非记录时间：2016-12-23T00:07:37+08:00
2016-12-23T00:07:47: 非记录时间：2016-12-23T00:07:47+08:00
2016-12-23T00:07:57: 非记录时间：2016-12-23T00:07:57+08:00
2016-12-23T00:08:07: 非记录时间：2016-12-23T00:08:07+08:00
2016-12-23T00:08:17: 非记录时间：2016-12-23T00:08:17+08:00
2016-12-23T00:08:27: 非记录时间：2016-12-23T00:08:27+08:00
2016-12-23T00:08:37: 非记录时间：2016-12-23T00:08:37+08:00
2016-12-23T00:08:47: 非记录时间：2016-12-23T00:08:47+08:00
2016-12-23T00:08:57: 非记录时间：2016-12-23T00:08:57+08:00
2016-12-23T00:09:07: 非记录时间：2016-12-23T00:09:07+08:00
2016-12-23T00:09:17: 非记录时间：2016-12-23T00:09:17+08:00
2016-12-23T00:09:27: 非记录时间：2016-12-23T00:09:27+08:00
2016-12-23T00:09:37: 非记录时间：2016-12-23T00:09:37+08:00
2016-12-23T00:09:47: 非记录时间：2016-12-23T00:09:47+08:00
2016-12-23T00:09:57: 非记录时间：2016-12-23T00:09:57+08:00
2016-12-23T00:10:07: 非记录时间：2016-12-23T00:10:07+08:00
2016-12-23T00:10:17: 非记录时间：2016-12-23T00:10:17+08:00
2016-12-23T00:10:27: 非记录时间：2016-12-23T00:10:27+08:00
2016-12-23T00:10:37: 非记录时间：2016-12-23T00:10:37+08:00
2016-12-23T00:10:47: 非记录时间：2016-12-23T00:10:47+08:00
2016-12-23T00:10:57: 非记录时间：2016-12-23T00:10:57+08:00
2016-12-23T00:11:07: 非记录时间：2016-12-23T00:11:07+08:00
2016-12-23T00:11:17: 非记录时间：2016-12-23T00:11:17+08:00
2016-12-23T00:11:27: 非记录时间：2016-12-23T00:11:27+08:00
2016-12-23T00:11:37: 非记录时间：2016-12-23T00:11:37+08:00
2016-12-23T00:11:47: 非记录时间：2016-12-23T00:11:47+08:00
2016-12-23T00:11:57: 非记录时间：2016-12-23T00:11:57+08:00
2016-12-23T00:12:07: 非记录时间：2016-12-23T00:12:07+08:00
2016-12-23T00:12:17: 非记录时间：2016-12-23T00:12:17+08:00
2016-12-23T00:12:27: 非记录时间：2016-12-23T00:12:27+08:00
2016-12-23T00:12:37: 非记录时间：2016-12-23T00:12:37+08:00
2016-12-23T00:12:47: 非记录时间：2016-12-23T00:12:47+08:00
2016-12-23T00:12:57: 非记录时间：2016-12-23T00:12:57+08:00
2016-12-23T00:13:07: 非记录时间：2016-12-23T00:13:07+08:00
2016-12-23T00:13:17: 非记录时间：2016-12-23T00:13:17+08:00
2016-12-23T00:13:27: 非记录时间：2016-12-23T00:13:27+08:00
2016-12-23T00:13:37: 非记录时间：2016-12-23T00:13:37+08:00
2016-12-23T00:13:47: 非记录时间：2016-12-23T00:13:47+08:00
2016-12-23T00:13:57: 非记录时间：2016-12-23T00:13:57+08:00
2016-12-23T00:14:07: 非记录时间：2016-12-23T00:14:07+08:00
2016-12-23T00:14:17: 非记录时间：2016-12-23T00:14:17+08:00
2016-12-23T00:14:27: 非记录时间：2016-12-23T00:14:27+08:00
2016-12-23T00:14:37: 非记录时间：2016-12-23T00:14:37+08:00
2016-12-23T00:14:47: 非记录时间：2016-12-23T00:14:47+08:00
2016-12-23T00:14:57: 非记录时间：2016-12-23T00:14:57+08:00
2016-12-23T00:15:07: 非记录时间：2016-12-23T00:15:07+08:00
2016-12-23T00:15:17: 非记录时间：2016-12-23T00:15:17+08:00
2016-12-23T00:15:27: 非记录时间：2016-12-23T00:15:27+08:00
2016-12-23T00:15:37: 非记录时间：2016-12-23T00:15:37+08:00
2016-12-23T00:15:47: 非记录时间：2016-12-23T00:15:47+08:00
2016-12-23T00:15:57: 非记录时间：2016-12-23T00:15:57+08:00
2016-12-23T00:16:07: 非记录时间：2016-12-23T00:16:07+08:00
2016-12-23T00:16:17: 非记录时间：2016-12-23T00:16:17+08:00
2016-12-23T00:16:27: 非记录时间：2016-12-23T00:16:27+08:00
2016-12-23T00:16:37: 非记录时间：2016-12-23T00:16:37+08:00
2016-12-23T00:16:47: 非记录时间：2016-12-23T00:16:47+08:00
2016-12-23T00:16:57: 非记录时间：2016-12-23T00:16:57+08:00
2016-12-23T00:17:07: 非记录时间：2016-12-23T00:17:07+08:00
2016-12-23T00:17:17: 非记录时间：2016-12-23T00:17:17+08:00
2016-12-23T00:17:27: 非记录时间：2016-12-23T00:17:27+08:00
2016-12-23T00:17:37: 非记录时间：2016-12-23T00:17:37+08:00
2016-12-23T00:17:47: 非记录时间：2016-12-23T00:17:47+08:00
2016-12-23T00:17:57: 非记录时间：2016-12-23T00:17:57+08:00
2016-12-23T00:18:07: 非记录时间：2016-12-23T00:18:07+08:00
2016-12-23T00:18:17: 非记录时间：2016-12-23T00:18:17+08:00
2016-12-23T00:18:27: 非记录时间：2016-12-23T00:18:27+08:00
2016-12-23T00:18:37: 非记录时间：2016-12-23T00:18:37+08:00
2016-12-23T00:18:47: 非记录时间：2016-12-23T00:18:47+08:00
2016-12-23T00:18:57: 非记录时间：2016-12-23T00:18:57+08:00
2016-12-23T00:19:07: 非记录时间：2016-12-23T00:19:07+08:00
2016-12-23T00:19:17: 非记录时间：2016-12-23T00:19:17+08:00
2016-12-23T00:19:27: 非记录时间：2016-12-23T00:19:27+08:00
2016-12-23T00:19:37: 非记录时间：2016-12-23T00:19:37+08:00
2016-12-23T00:19:47: 非记录时间：2016-12-23T00:19:47+08:00
2016-12-23T00:19:57: 非记录时间：2016-12-23T00:19:57+08:00
2016-12-23T00:20:07: 非记录时间：2016-12-23T00:20:07+08:00
2016-12-23T00:20:17: 非记录时间：2016-12-23T00:20:17+08:00
2016-12-23T00:20:27: 非记录时间：2016-12-23T00:20:27+08:00
2016-12-23T00:20:37: 非记录时间：2016-12-23T00:20:37+08:00
2016-12-23T00:20:47: 非记录时间：2016-12-23T00:20:47+08:00
2016-12-23T00:20:57: 非记录时间：2016-12-23T00:20:57+08:00
2016-12-23T00:21:07: 非记录时间：2016-12-23T00:21:07+08:00
2016-12-23T00:21:17: 非记录时间：2016-12-23T00:21:17+08:00
2016-12-23T00:21:27: 非记录时间：2016-12-23T00:21:27+08:00
2016-12-23T00:21:37: 非记录时间：2016-12-23T00:21:37+08:00
2016-12-23T00:21:47: 非记录时间：2016-12-23T00:21:47+08:00
2016-12-23T00:21:57: 非记录时间：2016-12-23T00:21:57+08:00
2016-12-23T00:22:07: 非记录时间：2016-12-23T00:22:07+08:00
2016-12-23T00:22:17: 非记录时间：2016-12-23T00:22:17+08:00
2016-12-23T00:22:27: 非记录时间：2016-12-23T00:22:27+08:00
2016-12-23T00:22:37: 非记录时间：2016-12-23T00:22:37+08:00
2016-12-23T00:22:47: 非记录时间：2016-12-23T00:22:47+08:00
2016-12-23T00:22:57: 非记录时间：2016-12-23T00:22:57+08:00
2016-12-23T00:23:07: 非记录时间：2016-12-23T00:23:07+08:00
2016-12-23T00:23:17: 非记录时间：2016-12-23T00:23:17+08:00
2016-12-23T00:23:27: 非记录时间：2016-12-23T00:23:27+08:00
2016-12-23T00:23:37: 非记录时间：2016-12-23T00:23:37+08:00
2016-12-23T00:23:47: 非记录时间：2016-12-23T00:23:47+08:00
2016-12-23T00:23:57: 非记录时间：2016-12-23T00:23:57+08:00
2016-12-23T00:24:07: 非记录时间：2016-12-23T00:24:07+08:00
2016-12-23T00:24:17: 非记录时间：2016-12-23T00:24:17+08:00
2016-12-23T00:24:27: 非记录时间：2016-12-23T00:24:27+08:00
2016-12-23T00:24:37: 非记录时间：2016-12-23T00:24:37+08:00
2016-12-23T00:24:47: 非记录时间：2016-12-23T00:24:47+08:00
2016-12-23T00:24:57: 非记录时间：2016-12-23T00:24:57+08:00
2016-12-23T00:25:07: 非记录时间：2016-12-23T00:25:07+08:00
2016-12-23T00:25:17: 非记录时间：2016-12-23T00:25:17+08:00
2016-12-23T00:25:27: 非记录时间：2016-12-23T00:25:27+08:00
2016-12-23T00:25:37: 非记录时间：2016-12-23T00:25:37+08:00
2016-12-23T00:25:47: 非记录时间：2016-12-23T00:25:47+08:00
2016-12-23T00:25:57: 非记录时间：2016-12-23T00:25:57+08:00
2016-12-23T00:26:07: 非记录时间：2016-12-23T00:26:07+08:00
2016-12-23T00:26:17: 非记录时间：2016-12-23T00:26:17+08:00
2016-12-23T00:26:27: 非记录时间：2016-12-23T00:26:27+08:00
2016-12-23T00:26:37: 非记录时间：2016-12-23T00:26:37+08:00
2016-12-23T00:26:47: 非记录时间：2016-12-23T00:26:47+08:00
2016-12-23T00:26:57: 非记录时间：2016-12-23T00:26:57+08:00
2016-12-23T00:27:07: 非记录时间：2016-12-23T00:27:07+08:00
2016-12-23T00:27:17: 非记录时间：2016-12-23T00:27:17+08:00
2016-12-23T00:27:27: 非记录时间：2016-12-23T00:27:27+08:00
2016-12-23T00:27:37: 非记录时间：2016-12-23T00:27:37+08:00
2016-12-23T00:27:47: 非记录时间：2016-12-23T00:27:47+08:00
2016-12-23T00:27:57: 非记录时间：2016-12-23T00:27:57+08:00
2016-12-23T00:28:07: 非记录时间：2016-12-23T00:28:07+08:00
2016-12-23T00:28:17: 非记录时间：2016-12-23T00:28:17+08:00
2016-12-23T00:28:27: 非记录时间：2016-12-23T00:28:27+08:00
2016-12-23T00:28:37: 非记录时间：2016-12-23T00:28:37+08:00
2016-12-23T00:28:47: 非记录时间：2016-12-23T00:28:47+08:00
2016-12-23T00:28:57: 非记录时间：2016-12-23T00:28:57+08:00
2016-12-23T00:29:07: 非记录时间：2016-12-23T00:29:07+08:00
2016-12-23T00:29:17: 非记录时间：2016-12-23T00:29:17+08:00
2016-12-23T00:29:27: 非记录时间：2016-12-23T00:29:27+08:00
2016-12-23T00:29:37: 非记录时间：2016-12-23T00:29:37+08:00
2016-12-23T00:29:47: 非记录时间：2016-12-23T00:29:47+08:00
2016-12-23T00:29:57: 非记录时间：2016-12-23T00:29:57+08:00
2016-12-23T00:30:07: 非记录时间：2016-12-23T00:30:07+08:00
2016-12-23T00:30:17: 非记录时间：2016-12-23T00:30:17+08:00
2016-12-23T00:30:27: 非记录时间：2016-12-23T00:30:27+08:00
2016-12-23T00:30:37: 非记录时间：2016-12-23T00:30:37+08:00
2016-12-23T00:30:47: 非记录时间：2016-12-23T00:30:47+08:00
2016-12-23T00:30:57: 非记录时间：2016-12-23T00:30:57+08:00
2016-12-23T00:31:07: 非记录时间：2016-12-23T00:31:07+08:00
2016-12-23T00:31:17: 非记录时间：2016-12-23T00:31:17+08:00
2016-12-23T00:31:27: 非记录时间：2016-12-23T00:31:27+08:00
2016-12-23T00:31:37: 非记录时间：2016-12-23T00:31:37+08:00
2016-12-23T00:31:47: 非记录时间：2016-12-23T00:31:47+08:00
2016-12-23T00:31:57: 非记录时间：2016-12-23T00:31:57+08:00
2016-12-23T00:32:07: 非记录时间：2016-12-23T00:32:07+08:00
2016-12-23T00:32:17: 非记录时间：2016-12-23T00:32:17+08:00
2016-12-23T00:32:27: 非记录时间：2016-12-23T00:32:27+08:00
2016-12-23T00:32:37: 非记录时间：2016-12-23T00:32:37+08:00
2016-12-23T00:32:47: 非记录时间：2016-12-23T00:32:47+08:00
2016-12-23T00:32:57: 非记录时间：2016-12-23T00:32:57+08:00
2016-12-23T00:33:07: 非记录时间：2016-12-23T00:33:07+08:00
2016-12-23T00:33:17: 非记录时间：2016-12-23T00:33:17+08:00
2016-12-23T00:33:27: 非记录时间：2016-12-23T00:33:27+08:00
2016-12-23T00:33:37: 非记录时间：2016-12-23T00:33:37+08:00
2016-12-23T00:33:47: 非记录时间：2016-12-23T00:33:47+08:00
2016-12-23T00:33:57: 非记录时间：2016-12-23T00:33:57+08:00
2016-12-23T00:34:07: 非记录时间：2016-12-23T00:34:07+08:00
2016-12-23T00:34:17: 非记录时间：2016-12-23T00:34:17+08:00
2016-12-23T00:34:27: 非记录时间：2016-12-23T00:34:27+08:00
2016-12-23T00:34:37: 非记录时间：2016-12-23T00:34:37+08:00
2016-12-23T00:34:47: 非记录时间：2016-12-23T00:34:47+08:00
2016-12-23T00:34:57: 非记录时间：2016-12-23T00:34:57+08:00
2016-12-23T00:35:07: 非记录时间：2016-12-23T00:35:07+08:00
2016-12-23T00:35:17: 非记录时间：2016-12-23T00:35:17+08:00
2016-12-23T00:35:27: 非记录时间：2016-12-23T00:35:27+08:00
2016-12-23T00:35:37: 非记录时间：2016-12-23T00:35:37+08:00
2016-12-23T00:35:47: 非记录时间：2016-12-23T00:35:47+08:00
2016-12-23T00:35:57: 非记录时间：2016-12-23T00:35:57+08:00
2016-12-23T00:36:07: 非记录时间：2016-12-23T00:36:07+08:00
2016-12-23T00:36:17: 非记录时间：2016-12-23T00:36:17+08:00
2016-12-23T00:36:27: 非记录时间：2016-12-23T00:36:27+08:00
2016-12-23T00:36:37: 非记录时间：2016-12-23T00:36:37+08:00
2016-12-23T00:36:47: 非记录时间：2016-12-23T00:36:47+08:00
2016-12-23T00:36:57: 非记录时间：2016-12-23T00:36:57+08:00
2016-12-23T00:37:07: 非记录时间：2016-12-23T00:37:07+08:00
2016-12-23T00:37:17: 非记录时间：2016-12-23T00:37:17+08:00
2016-12-23T00:37:27: 非记录时间：2016-12-23T00:37:27+08:00
2016-12-23T00:37:37: 非记录时间：2016-12-23T00:37:37+08:00
2016-12-23T00:37:48: 非记录时间：2016-12-23T00:37:47+08:00
2016-12-23T00:37:58: 非记录时间：2016-12-23T00:37:58+08:00
2016-12-23T00:38:08: 非记录时间：2016-12-23T00:38:08+08:00
2016-12-23T00:38:18: 非记录时间：2016-12-23T00:38:18+08:00
2016-12-23T00:38:28: 非记录时间：2016-12-23T00:38:28+08:00
2016-12-23T00:38:38: 非记录时间：2016-12-23T00:38:38+08:00
2016-12-23T00:38:48: 非记录时间：2016-12-23T00:38:48+08:00
2016-12-23T00:38:58: 非记录时间：2016-12-23T00:38:58+08:00
2016-12-23T00:39:08: 非记录时间：2016-12-23T00:39:08+08:00
2016-12-23T00:39:18: 非记录时间：2016-12-23T00:39:18+08:00
2016-12-23T00:39:28: 非记录时间：2016-12-23T00:39:28+08:00
2016-12-23T00:39:38: 非记录时间：2016-12-23T00:39:38+08:00
2016-12-23T00:39:48: 非记录时间：2016-12-23T00:39:48+08:00
2016-12-23T00:39:58: 非记录时间：2016-12-23T00:39:58+08:00
2016-12-23T00:40:08: 非记录时间：2016-12-23T00:40:08+08:00
2016-12-23T00:40:18: 非记录时间：2016-12-23T00:40:18+08:00
2016-12-23T00:40:28: 非记录时间：2016-12-23T00:40:28+08:00
2016-12-23T00:40:38: 非记录时间：2016-12-23T00:40:38+08:00
2016-12-23T00:40:48: 非记录时间：2016-12-23T00:40:48+08:00
2016-12-23T00:40:58: 非记录时间：2016-12-23T00:40:58+08:00
2016-12-23T00:41:08: 非记录时间：2016-12-23T00:41:08+08:00
2016-12-23T00:41:18: 非记录时间：2016-12-23T00:41:18+08:00
2016-12-23T00:41:28: 非记录时间：2016-12-23T00:41:28+08:00
2016-12-23T00:41:38: 非记录时间：2016-12-23T00:41:38+08:00
2016-12-23T00:41:48: 非记录时间：2016-12-23T00:41:48+08:00
2016-12-23T00:41:58: 非记录时间：2016-12-23T00:41:58+08:00
2016-12-23T00:42:08: 非记录时间：2016-12-23T00:42:08+08:00
2016-12-23T00:42:18: 非记录时间：2016-12-23T00:42:18+08:00
2016-12-23T00:42:28: 非记录时间：2016-12-23T00:42:28+08:00
2016-12-23T00:42:38: 非记录时间：2016-12-23T00:42:38+08:00
2016-12-23T00:42:48: 非记录时间：2016-12-23T00:42:48+08:00
2016-12-23T00:42:58: 非记录时间：2016-12-23T00:42:58+08:00
2016-12-23T00:43:08: 非记录时间：2016-12-23T00:43:08+08:00
2016-12-23T00:43:18: 非记录时间：2016-12-23T00:43:18+08:00
2016-12-23T00:43:28: 非记录时间：2016-12-23T00:43:28+08:00
2016-12-23T00:43:38: 非记录时间：2016-12-23T00:43:38+08:00
2016-12-23T00:43:48: 非记录时间：2016-12-23T00:43:48+08:00
2016-12-23T00:43:58: 非记录时间：2016-12-23T00:43:58+08:00
2016-12-23T00:44:08: 非记录时间：2016-12-23T00:44:08+08:00
2016-12-23T00:44:18: 非记录时间：2016-12-23T00:44:18+08:00
2016-12-23T00:44:28: 非记录时间：2016-12-23T00:44:28+08:00
2016-12-23T00:44:38: 非记录时间：2016-12-23T00:44:38+08:00
2016-12-23T00:44:48: 非记录时间：2016-12-23T00:44:48+08:00
2016-12-23T00:44:58: 非记录时间：2016-12-23T00:44:58+08:00
2016-12-23T00:45:08: 非记录时间：2016-12-23T00:45:08+08:00
2016-12-23T00:45:18: 非记录时间：2016-12-23T00:45:18+08:00
2016-12-23T00:45:28: 非记录时间：2016-12-23T00:45:28+08:00
2016-12-23T00:45:38: 非记录时间：2016-12-23T00:45:38+08:00
2016-12-23T00:45:48: 非记录时间：2016-12-23T00:45:48+08:00
2016-12-23T00:45:58: 非记录时间：2016-12-23T00:45:58+08:00
2016-12-23T00:46:08: 非记录时间：2016-12-23T00:46:08+08:00
2016-12-23T00:46:18: 非记录时间：2016-12-23T00:46:18+08:00
2016-12-23T00:46:28: 非记录时间：2016-12-23T00:46:28+08:00
2016-12-23T00:46:38: 非记录时间：2016-12-23T00:46:38+08:00
2016-12-23T00:46:48: 非记录时间：2016-12-23T00:46:48+08:00
2016-12-23T00:46:58: 非记录时间：2016-12-23T00:46:58+08:00
2016-12-23T00:47:08: 非记录时间：2016-12-23T00:47:08+08:00
2016-12-23T00:47:18: 非记录时间：2016-12-23T00:47:18+08:00
2016-12-23T00:47:28: 非记录时间：2016-12-23T00:47:28+08:00
2016-12-23T00:47:38: 非记录时间：2016-12-23T00:47:38+08:00
2016-12-23T00:47:48: 非记录时间：2016-12-23T00:47:48+08:00
2016-12-23T00:47:58: 非记录时间：2016-12-23T00:47:58+08:00
2016-12-23T00:48:08: 非记录时间：2016-12-23T00:48:08+08:00
2016-12-23T00:48:18: 非记录时间：2016-12-23T00:48:18+08:00
2016-12-23T00:48:28: 非记录时间：2016-12-23T00:48:28+08:00
2016-12-23T00:48:38: 非记录时间：2016-12-23T00:48:38+08:00
2016-12-23T00:48:48: 非记录时间：2016-12-23T00:48:48+08:00
2016-12-23T00:48:58: 非记录时间：2016-12-23T00:48:58+08:00
2016-12-23T00:49:08: 非记录时间：2016-12-23T00:49:08+08:00
2016-12-23T00:49:18: 非记录时间：2016-12-23T00:49:18+08:00
2016-12-23T00:49:28: 非记录时间：2016-12-23T00:49:28+08:00
2016-12-23T00:49:38: 非记录时间：2016-12-23T00:49:38+08:00
2016-12-23T00:49:48: 非记录时间：2016-12-23T00:49:48+08:00
2016-12-23T00:49:58: 非记录时间：2016-12-23T00:49:58+08:00
2016-12-23T00:50:08: 非记录时间：2016-12-23T00:50:08+08:00
2016-12-23T00:50:18: 非记录时间：2016-12-23T00:50:18+08:00
2016-12-23T00:50:28: 非记录时间：2016-12-23T00:50:28+08:00
2016-12-23T00:50:38: 非记录时间：2016-12-23T00:50:38+08:00
2016-12-23T00:50:48: 非记录时间：2016-12-23T00:50:48+08:00
2016-12-23T00:50:58: 非记录时间：2016-12-23T00:50:58+08:00
2016-12-23T00:51:08: 非记录时间：2016-12-23T00:51:08+08:00
2016-12-23T00:51:18: 非记录时间：2016-12-23T00:51:18+08:00
2016-12-23T00:51:28: 非记录时间：2016-12-23T00:51:28+08:00
2016-12-23T00:51:38: 非记录时间：2016-12-23T00:51:38+08:00
2016-12-23T00:51:48: 非记录时间：2016-12-23T00:51:48+08:00
2016-12-23T00:51:58: 非记录时间：2016-12-23T00:51:58+08:00
2016-12-23T00:52:08: 非记录时间：2016-12-23T00:52:08+08:00
2016-12-23T00:52:18: 非记录时间：2016-12-23T00:52:18+08:00
2016-12-23T00:52:28: 非记录时间：2016-12-23T00:52:28+08:00
2016-12-23T00:52:38: 非记录时间：2016-12-23T00:52:38+08:00
2016-12-23T00:52:48: 非记录时间：2016-12-23T00:52:48+08:00
2016-12-23T00:52:58: 非记录时间：2016-12-23T00:52:58+08:00
2016-12-23T00:53:08: 非记录时间：2016-12-23T00:53:08+08:00
2016-12-23T00:53:18: 非记录时间：2016-12-23T00:53:18+08:00
2016-12-23T00:53:28: 非记录时间：2016-12-23T00:53:28+08:00
2016-12-23T00:53:38: 非记录时间：2016-12-23T00:53:38+08:00
2016-12-23T00:53:48: 非记录时间：2016-12-23T00:53:48+08:00
2016-12-23T00:53:58: 非记录时间：2016-12-23T00:53:58+08:00
2016-12-23T00:54:08: 非记录时间：2016-12-23T00:54:08+08:00
2016-12-23T00:54:18: 非记录时间：2016-12-23T00:54:18+08:00
2016-12-23T00:54:28: 非记录时间：2016-12-23T00:54:28+08:00
2016-12-23T00:54:38: 非记录时间：2016-12-23T00:54:38+08:00
2016-12-23T00:54:48: 非记录时间：2016-12-23T00:54:48+08:00
2016-12-23T00:54:58: 非记录时间：2016-12-23T00:54:58+08:00
2016-12-23T00:55:08: 非记录时间：2016-12-23T00:55:08+08:00
2016-12-23T00:55:18: 非记录时间：2016-12-23T00:55:18+08:00
2016-12-23T00:55:28: 非记录时间：2016-12-23T00:55:28+08:00
2016-12-23T00:55:38: 非记录时间：2016-12-23T00:55:38+08:00
2016-12-23T00:55:48: 非记录时间：2016-12-23T00:55:48+08:00
2016-12-23T00:55:58: 非记录时间：2016-12-23T00:55:58+08:00
2016-12-23T00:56:08: 非记录时间：2016-12-23T00:56:08+08:00
2016-12-23T00:56:18: 非记录时间：2016-12-23T00:56:18+08:00
2016-12-23T00:56:28: 非记录时间：2016-12-23T00:56:28+08:00
2016-12-23T00:56:38: 非记录时间：2016-12-23T00:56:38+08:00
2016-12-23T00:56:48: 非记录时间：2016-12-23T00:56:48+08:00
2016-12-23T00:56:58: 非记录时间：2016-12-23T00:56:58+08:00
2016-12-23T00:57:08: 非记录时间：2016-12-23T00:57:08+08:00
2016-12-23T00:57:18: 非记录时间：2016-12-23T00:57:18+08:00
2016-12-23T00:57:28: 非记录时间：2016-12-23T00:57:28+08:00
2016-12-23T00:57:38: 非记录时间：2016-12-23T00:57:38+08:00
2016-12-23T00:57:48: 非记录时间：2016-12-23T00:57:48+08:00
2016-12-23T00:57:58: 非记录时间：2016-12-23T00:57:58+08:00
2016-12-23T00:58:08: 非记录时间：2016-12-23T00:58:08+08:00
2016-12-23T00:58:18: 非记录时间：2016-12-23T00:58:18+08:00
2016-12-23T00:58:28: 非记录时间：2016-12-23T00:58:28+08:00
2016-12-23T00:58:38: 非记录时间：2016-12-23T00:58:38+08:00
2016-12-23T00:58:48: 非记录时间：2016-12-23T00:58:48+08:00
2016-12-23T00:58:58: 非记录时间：2016-12-23T00:58:58+08:00
2016-12-23T00:59:08: 非记录时间：2016-12-23T00:59:08+08:00
2016-12-23T00:59:18: 非记录时间：2016-12-23T00:59:18+08:00
2016-12-23T00:59:28: 非记录时间：2016-12-23T00:59:28+08:00
2016-12-23T00:59:38: 非记录时间：2016-12-23T00:59:38+08:00
2016-12-23T00:59:48: 非记录时间：2016-12-23T00:59:48+08:00
2016-12-23T00:59:58: 非记录时间：2016-12-23T00:59:58+08:00
2016-12-23T01:00:08: 非记录时间：2016-12-23T01:00:08+08:00
2016-12-23T01:00:18: 非记录时间：2016-12-23T01:00:18+08:00
2016-12-23T01:00:28: 非记录时间：2016-12-23T01:00:28+08:00
2016-12-23T01:00:38: 非记录时间：2016-12-23T01:00:38+08:00
2016-12-23T01:00:48: 非记录时间：2016-12-23T01:00:48+08:00
2016-12-23T01:00:58: 非记录时间：2016-12-23T01:00:58+08:00
2016-12-23T01:01:08: 非记录时间：2016-12-23T01:01:08+08:00
2016-12-23T01:01:18: 非记录时间：2016-12-23T01:01:18+08:00
2016-12-23T01:01:28: 非记录时间：2016-12-23T01:01:28+08:00
2016-12-23T01:01:38: 非记录时间：2016-12-23T01:01:38+08:00
2016-12-23T01:01:48: 非记录时间：2016-12-23T01:01:48+08:00
2016-12-23T01:01:58: 非记录时间：2016-12-23T01:01:58+08:00
2016-12-23T01:02:08: 非记录时间：2016-12-23T01:02:08+08:00
2016-12-23T01:02:18: 非记录时间：2016-12-23T01:02:18+08:00
2016-12-23T01:02:28: 非记录时间：2016-12-23T01:02:28+08:00
2016-12-23T01:02:38: 非记录时间：2016-12-23T01:02:38+08:00
2016-12-23T01:02:48: 非记录时间：2016-12-23T01:02:48+08:00
2016-12-23T01:02:58: 非记录时间：2016-12-23T01:02:58+08:00
2016-12-23T01:03:08: 非记录时间：2016-12-23T01:03:08+08:00
2016-12-23T01:03:18: 非记录时间：2016-12-23T01:03:18+08:00
2016-12-23T01:03:28: 非记录时间：2016-12-23T01:03:28+08:00
2016-12-23T01:03:38: 非记录时间：2016-12-23T01:03:38+08:00
2016-12-23T01:03:48: 非记录时间：2016-12-23T01:03:48+08:00
2016-12-23T01:03:58: 非记录时间：2016-12-23T01:03:58+08:00
2016-12-23T01:04:08: 非记录时间：2016-12-23T01:04:08+08:00
2016-12-23T01:04:18: 非记录时间：2016-12-23T01:04:18+08:00
2016-12-23T01:04:28: 非记录时间：2016-12-23T01:04:28+08:00
2016-12-23T01:04:38: 非记录时间：2016-12-23T01:04:38+08:00
2016-12-23T01:04:48: 非记录时间：2016-12-23T01:04:48+08:00
2016-12-23T01:04:58: 非记录时间：2016-12-23T01:04:58+08:00
2016-12-23T01:05:08: 非记录时间：2016-12-23T01:05:08+08:00
2016-12-23T01:05:18: 非记录时间：2016-12-23T01:05:18+08:00
2016-12-23T01:05:28: 非记录时间：2016-12-23T01:05:28+08:00
2016-12-23T01:05:38: 非记录时间：2016-12-23T01:05:38+08:00
2016-12-23T01:05:48: 非记录时间：2016-12-23T01:05:48+08:00
2016-12-23T01:05:58: 非记录时间：2016-12-23T01:05:58+08:00
2016-12-23T01:06:08: 非记录时间：2016-12-23T01:06:08+08:00
2016-12-23T01:06:18: 非记录时间：2016-12-23T01:06:18+08:00
2016-12-23T01:06:28: 非记录时间：2016-12-23T01:06:28+08:00
2016-12-23T01:06:38: 非记录时间：2016-12-23T01:06:38+08:00
2016-12-23T01:06:48: 非记录时间：2016-12-23T01:06:48+08:00
2016-12-23T01:06:58: 非记录时间：2016-12-23T01:06:58+08:00
2016-12-23T01:07:08: 非记录时间：2016-12-23T01:07:08+08:00
2016-12-23T01:07:18: 非记录时间：2016-12-23T01:07:18+08:00
2016-12-23T01:07:28: 非记录时间：2016-12-23T01:07:28+08:00
2016-12-23T01:07:38: 非记录时间：2016-12-23T01:07:38+08:00
2016-12-23T01:07:48: 非记录时间：2016-12-23T01:07:48+08:00
2016-12-23T01:07:58: 非记录时间：2016-12-23T01:07:58+08:00
2016-12-23T01:08:08: 非记录时间：2016-12-23T01:08:08+08:00
2016-12-23T01:08:18: 非记录时间：2016-12-23T01:08:18+08:00
2016-12-23T01:08:28: 非记录时间：2016-12-23T01:08:28+08:00
2016-12-23T01:08:38: 非记录时间：2016-12-23T01:08:38+08:00
2016-12-23T01:08:48: 非记录时间：2016-12-23T01:08:48+08:00
2016-12-23T01:08:58: 非记录时间：2016-12-23T01:08:58+08:00
2016-12-23T01:09:08: 非记录时间：2016-12-23T01:09:08+08:00
2016-12-23T01:09:18: 非记录时间：2016-12-23T01:09:18+08:00
2016-12-23T01:09:28: 非记录时间：2016-12-23T01:09:28+08:00
2016-12-23T01:09:38: 非记录时间：2016-12-23T01:09:38+08:00
2016-12-23T01:09:48: 非记录时间：2016-12-23T01:09:48+08:00
2016-12-23T01:09:58: 非记录时间：2016-12-23T01:09:58+08:00
2016-12-23T01:10:08: 非记录时间：2016-12-23T01:10:08+08:00
2016-12-23T01:10:18: 非记录时间：2016-12-23T01:10:18+08:00
2016-12-23T01:10:28: 非记录时间：2016-12-23T01:10:28+08:00
2016-12-23T01:10:38: 非记录时间：2016-12-23T01:10:38+08:00
2016-12-23T01:10:48: 非记录时间：2016-12-23T01:10:48+08:00
2016-12-23T01:10:58: 非记录时间：2016-12-23T01:10:58+08:00
2016-12-23T01:11:09: 读取文件失败，可能是该文件不存在
2016-12-23T01:11:09: Error: ENOENT: no such file or directory, open './data/2016-12-23.json'
2016-12-23T01:11:19: 读取文件成功
2016-12-23T01:11:28: 读取文件成功
2016-12-23T01:11:39: 读取文件成功
2016-12-23T01:11:48: 读取文件成功
2016-12-23T01:11:58: 读取文件成功
2016-12-23T01:12:08: 读取文件成功
2016-12-23T01:12:18: 读取文件成功
2016-12-23T01:12:28: 读取文件成功
2016-12-23T01:12:38: 读取文件成功
2016-12-23T01:12:49: 读取文件成功
2016-12-23T01:12:59: 读取文件成功
2016-12-23T01:13:09: 读取文件成功
2016-12-23T01:13:19: 读取文件成功
2016-12-23T01:13:29: 读取文件成功
2016-12-23T01:13:39: 读取文件成功
2016-12-23T01:13:49: 读取文件成功
2016-12-23T01:13:59: 读取文件成功
2016-12-23T01:14:09: 读取文件成功
2016-12-23T01:14:19: 读取文件成功
2016-12-23T01:14:29: 读取文件成功
2016-12-23T01:14:39: 读取文件成功
2016-12-23T01:14:49: 读取文件成功
2016-12-23T01:14:59: 读取文件成功
2016-12-23T01:15:09: 读取文件成功
2016-12-23T01:15:19: 读取文件成功
2016-12-23T01:15:29: 读取文件成功
2016-12-23T01:15:39: 读取文件成功
2016-12-23T01:15:49: 读取文件成功
2016-12-23T01:15:59: 读取文件成功
2016-12-23T01:16:09: 读取文件成功
2016-12-23T01:16:19: 读取文件成功
2016-12-23T01:16:29: 读取文件成功
2016-12-23T01:16:39: 读取文件成功
2016-12-23T01:16:49: 读取文件成功
2016-12-23T01:16:59: 读取文件成功
2016-12-23T01:17:09: 读取文件成功
2016-12-23T01:17:19: 读取文件成功
2016-12-23T01:17:29: 读取文件成功
2016-12-23T01:17:39: 读取文件成功
2016-12-23T01:17:49: 读取文件成功
2016-12-23T01:17:59: 读取文件成功
2016-12-23T01:18:09: 读取文件成功
2016-12-23T01:18:19: 读取文件成功
2016-12-23T01:18:29: 读取文件成功
2016-12-23T01:18:39: 读取文件成功
2016-12-23T01:18:49: 读取文件成功
2016-12-23T01:18:59: 读取文件成功
2016-12-23T01:19:09: 读取文件成功
2016-12-23T01:19:19: 读取文件成功
2016-12-23T01:19:29: 读取文件成功
2016-12-23T01:19:39: 读取文件成功
2016-12-23T01:19:49: 读取文件成功
2016-12-23T01:19:59: 读取文件成功
2016-12-23T01:20:09: 读取文件成功
2016-12-23T01:20:19: 读取文件成功
2016-12-23T01:20:29: 读取文件成功
2016-12-23T01:20:39: 读取文件成功
2016-12-23T01:20:49: 读取文件成功
2016-12-23T01:20:59: 读取文件成功
2016-12-23T01:21:09: 读取文件成功
2016-12-23T01:21:19: 读取文件成功
2016-12-23T01:21:29: 读取文件成功
2016-12-23T01:21:39: 读取文件成功
2016-12-23T01:21:49: 读取文件成功
2016-12-23T01:21:59: 读取文件成功
2016-12-23T01:22:09: 读取文件成功
2016-12-23T01:22:19: 读取文件成功
2016-12-23T01:22:29: 读取文件成功
2016-12-23T01:22:39: 读取文件成功
2016-12-23T01:22:49: 读取文件成功
2016-12-23T01:22:59: 读取文件成功
2016-12-23T01:23:09: 读取文件成功
2016-12-23T01:23:19: 读取文件成功
2016-12-23T01:23:29: 读取文件成功
2016-12-23T01:23:39: 读取文件成功
2016-12-23T01:23:49: 读取文件成功
2016-12-23T01:23:59: 读取文件成功
2016-12-23T01:24:09: 读取文件成功
2016-12-23T01:24:19: 读取文件成功
2016-12-23T01:24:29: 读取文件成功
2016-12-23T01:24:39: 读取文件成功
2016-12-23T01:24:49: 读取文件成功
2016-12-23T01:24:59: 读取文件成功
2016-12-23T01:25:09: 读取文件成功
2016-12-23T01:25:19: 读取文件成功
2016-12-23T01:25:29: 读取文件成功
2016-12-23T01:25:39: 读取文件成功
2016-12-23T01:25:49: 读取文件成功
2016-12-23T01:25:59: 读取文件成功
2016-12-23T01:26:09: 读取文件成功
2016-12-23T01:26:19: 读取文件成功
2016-12-23T01:26:29: 读取文件成功
2016-12-23T01:26:39: 读取文件成功
2016-12-23T01:26:49: 读取文件成功
2016-12-23T01:26:59: 读取文件成功
2016-12-23T01:27:09: 读取文件成功
2016-12-23T01:27:19: 读取文件成功
2016-12-23T01:27:29: 读取文件成功
2016-12-23T01:27:39: 读取文件成功
2016-12-23T01:27:49: 读取文件成功
2016-12-23T01:27:59: 读取文件成功
2016-12-23T01:28:09: 读取文件成功
2016-12-23T01:28:19: 读取文件成功
2016-12-23T01:28:29: 读取文件成功
2016-12-23T01:28:39: 读取文件成功
2016-12-23T01:28:49: 读取文件成功
2016-12-23T01:28:59: 读取文件成功
2016-12-23T01:29:09: 读取文件成功
2016-12-23T01:29:19: 读取文件成功
2016-12-23T01:29:29: 读取文件成功
2016-12-23T01:29:39: 读取文件成功
2016-12-23T01:29:49: 读取文件成功
2016-12-23T01:29:59: 读取文件成功
2016-12-23T01:30:09: 读取文件成功
2016-12-23T01:30:19: 读取文件成功
2016-12-23T01:30:29: 读取文件成功
2016-12-23T01:30:39: 读取文件成功
2016-12-23T01:30:49: 读取文件成功
2016-12-23T01:30:59: 读取文件成功
2016-12-23T01:31:09: 读取文件成功
2016-12-23T01:31:20: 读取文件成功
2016-12-23T01:31:30: 读取文件成功
2016-12-23T01:31:40: 读取文件成功
2016-12-23T01:31:49: 读取文件成功
2016-12-23T01:31:59: 读取文件成功
2016-12-23T01:32:09: 读取文件成功
2016-12-23T01:32:20: 读取文件成功
2016-12-23T01:32:30: 读取文件成功
2016-12-23T01:32:40: 读取文件成功
2016-12-23T01:32:50: 读取文件成功
2016-12-23T01:33:00: 读取文件成功
2016-12-23T01:33:10: 读取文件成功
2016-12-23T01:33:20: 读取文件成功
2016-12-23T01:33:30: 读取文件成功
2016-12-23T01:33:40: 读取文件成功
2016-12-23T01:33:50: 读取文件成功
2016-12-23T01:34:00: 读取文件成功
2016-12-23T01:34:10: 读取文件成功
2016-12-23T01:34:20: 读取文件成功
2016-12-23T01:34:30: 读取文件成功
2016-12-23T01:34:40: 读取文件成功
2016-12-23T01:34:50: 读取文件成功
2016-12-23T01:35:00: 读取文件成功
2016-12-23T01:35:10: 读取文件成功
2016-12-23T01:35:20: 读取文件成功
2016-12-23T01:35:30: 读取文件成功
2016-12-23T01:35:40: 读取文件成功
2016-12-23T01:35:50: 读取文件成功
2016-12-23T01:36:00: 读取文件成功
2016-12-23T01:36:10: 读取文件成功
2016-12-23T01:36:20: 读取文件成功
2016-12-23T01:36:30: 读取文件成功
2016-12-23T01:36:40: 读取文件成功
2016-12-23T01:36:50: 读取文件成功
2016-12-23T01:37:00: 读取文件成功
2016-12-23T01:37:10: 读取文件成功
2016-12-23T01:37:20: 读取文件成功
2016-12-23T01:37:30: 读取文件成功
2016-12-23T01:37:40: 读取文件成功
2016-12-23T01:37:50: 读取文件成功
2016-12-23T01:38:00: 读取文件成功
2016-12-23T01:38:10: 读取文件成功
2016-12-23T01:38:20: 读取文件成功
2016-12-23T01:38:30: 读取文件成功
2016-12-23T01:38:40: 读取文件成功
2016-12-23T01:38:50: 读取文件成功
2016-12-23T01:39:00: 读取文件成功
2016-12-23T01:39:10: 读取文件成功
2016-12-23T01:39:20: 读取文件成功
2016-12-23T01:39:30: 读取文件成功
2016-12-23T01:39:40: 读取文件成功
2016-12-23T01:39:50: 读取文件成功
2016-12-23T01:40:00: 读取文件成功
2016-12-23T01:40:10: 读取文件成功
2016-12-23T01:40:20: 读取文件成功
2016-12-23T01:40:30: 读取文件成功
2016-12-23T01:40:40: 读取文件成功
2016-12-23T01:40:50: 读取文件成功
2016-12-23T01:41:00: 读取文件成功
2016-12-23T01:41:10: 读取文件成功
2016-12-23T01:41:20: 读取文件成功
2016-12-23T01:41:30: 读取文件成功
2016-12-23T01:41:40: 读取文件成功
2016-12-23T01:41:50: 读取文件成功
2016-12-23T01:42:00: 读取文件成功
2016-12-23T01:42:10: 读取文件成功
2016-12-23T01:42:20: 读取文件成功
2016-12-23T01:42:30: 读取文件成功
2016-12-23T01:42:40: 读取文件成功
2016-12-23T01:42:50: 读取文件成功
2016-12-23T01:43:00: 读取文件成功
2016-12-23T01:43:10: 读取文件成功
2016-12-23T01:43:20: 读取文件成功
2016-12-23T01:43:30: 读取文件成功
2016-12-23T01:43:40: 读取文件成功
2016-12-23T01:43:50: 读取文件成功
2016-12-23T01:44:00: 读取文件成功
2016-12-23T01:44:10: 读取文件成功
2016-12-23T01:44:20: 读取文件成功
2016-12-23T01:44:30: 读取文件成功
2016-12-23T01:44:40: 读取文件成功
2016-12-23T01:44:50: 读取文件成功
2016-12-23T01:45:00: 读取文件成功
2016-12-23T01:45:10: 读取文件成功
2016-12-23T01:45:20: 读取文件成功
2016-12-23T01:45:30: 读取文件成功
2016-12-23T01:45:40: 读取文件成功
2016-12-23T01:45:50: 读取文件成功
2016-12-23T01:46:00: 读取文件成功
2016-12-23T01:46:10: 读取文件成功
2016-12-23T01:46:20: 读取文件成功
2016-12-23T01:46:30: 读取文件成功
2016-12-23T01:46:40: 读取文件成功
2016-12-23T01:46:50: 读取文件成功
2016-12-23T01:47:00: 读取文件成功
2016-12-23T01:47:10: 读取文件成功
2016-12-23T01:47:20: 读取文件成功
2016-12-23T01:47:30: 读取文件成功
2016-12-23T01:47:40: 读取文件成功
2016-12-23T01:47:50: 读取文件成功
2016-12-23T01:48:00: 读取文件成功
2016-12-23T01:48:10: 读取文件成功
2016-12-23T01:48:20: 读取文件成功
2016-12-23T01:48:30: 读取文件成功
2016-12-23T01:48:40: 读取文件成功
2016-12-23T01:48:50: 读取文件成功
2016-12-23T01:49:00: 读取文件成功
2016-12-23T01:49:10: 读取文件成功
2016-12-23T01:49:20: 读取文件成功
2016-12-23T01:49:30: 读取文件成功
2016-12-23T01:49:40: 读取文件成功
2016-12-23T01:49:50: 读取文件成功
2016-12-23T01:50:00: 读取文件成功
2016-12-23T01:50:10: 读取文件成功
2016-12-23T01:50:20: 读取文件成功
2016-12-23T01:50:30: 读取文件成功
2016-12-23T01:50:41: 读取文件成功
2016-12-23T01:50:50: 读取文件成功
2016-12-23T01:51:00: 读取文件成功
2016-12-23T01:51:11: 读取文件成功
2016-12-23T01:51:21: 读取文件成功
2016-12-23T01:51:31: 读取文件成功
2016-12-23T01:51:41: 读取文件成功
2016-12-23T01:51:51: 读取文件成功
2016-12-23T01:52:01: 读取文件成功
2016-12-23T01:52:11: 读取文件成功
2016-12-23T01:52:21: 读取文件成功
2016-12-23T01:52:31: 读取文件成功
2016-12-23T01:52:41: 读取文件成功
2016-12-23T01:52:51: 读取文件成功
2016-12-23T01:53:01: 读取文件成功
2016-12-23T01:53:11: 读取文件成功
2016-12-23T01:53:21: 读取文件成功
2016-12-23T01:53:31: 读取文件成功
2016-12-23T01:53:41: 读取文件成功
2016-12-23T01:53:51: 读取文件成功
2016-12-23T01:54:01: 读取文件成功
2016-12-23T01:54:11: 读取文件成功
2016-12-23T01:54:21: 读取文件成功
2016-12-23T01:54:31: 读取文件成功
2016-12-23T01:54:41: 读取文件成功
2016-12-23T01:54:51: 读取文件成功
2016-12-23T01:55:01: 读取文件成功
2016-12-23T01:55:11: 读取文件成功
2016-12-23T01:55:21: 读取文件成功
2016-12-23T01:55:31: 读取文件成功
2016-12-23T01:55:41: 读取文件成功
2016-12-23T01:55:51: 读取文件成功
2016-12-23T01:56:01: 读取文件成功
2016-12-23T01:56:11: 读取文件成功
2016-12-23T01:56:21: 读取文件成功
2016-12-23T01:56:31: 读取文件成功
2016-12-23T01:56:41: 读取文件成功
2016-12-23T01:56:51: 读取文件成功
2016-12-23T01:57:01: 读取文件成功
2016-12-23T01:57:11: 读取文件成功
2016-12-23T01:57:21: 读取文件成功
2016-12-23T01:57:31: 读取文件成功
2016-12-23T01:57:41: 读取文件成功
2016-12-23T01:57:51: 读取文件成功
2016-12-23T01:58:01: 读取文件成功
2016-12-23T01:58:11: 读取文件成功
2016-12-23T01:58:21: 读取文件成功
2016-12-23T01:58:31: 读取文件成功
2016-12-23T01:58:41: 读取文件成功
2016-12-23T01:58:51: 读取文件成功
2016-12-23T01:59:01: 读取文件成功
2016-12-23T01:59:11: 读取文件成功
2016-12-23T01:59:21: 读取文件成功
2016-12-23T01:59:31: 读取文件成功
2016-12-23T01:59:41: 读取文件成功
2016-12-23T01:59:51: 读取文件成功
2016-12-23T02:00:01: 读取文件成功
2016-12-23T02:00:11: 读取文件成功
2016-12-23T02:00:21: 读取文件成功
2016-12-23T02:00:31: 读取文件成功
2016-12-23T02:00:41: 读取文件成功
2016-12-23T02:00:51: 读取文件成功
2016-12-23T02:01:01: 读取文件成功
2016-12-23T02:01:11: 读取文件成功
2016-12-23T02:01:21: 读取文件成功
2016-12-23T02:01:31: 读取文件成功
2016-12-23T02:01:41: 读取文件成功
2016-12-23T02:01:51: 读取文件成功
2016-12-23T02:02:01: 读取文件成功
2016-12-23T02:02:11: 读取文件成功
2016-12-23T02:02:21: 读取文件成功
2016-12-23T02:02:31: 读取文件成功
2016-12-23T02:02:41: 读取文件成功
2016-12-23T02:02:51: 读取文件成功
2016-12-23T02:03:01: 读取文件成功
2016-12-23T02:03:11: 读取文件成功
2016-12-23T02:03:21: 读取文件成功
2016-12-23T02:03:31: 读取文件成功
2016-12-23T02:03:41: 读取文件成功
2016-12-23T02:03:51: 读取文件成功
2016-12-23T02:04:01: 读取文件成功
2016-12-23T02:04:11: 读取文件成功
2016-12-23T02:04:21: 读取文件成功
2016-12-23T02:04:31: 读取文件成功
2016-12-23T02:04:41: 读取文件成功
2016-12-23T02:04:51: 读取文件成功
2016-12-23T02:05:01: 读取文件成功
2016-12-23T02:05:11: 读取文件成功
2016-12-23T02:05:21: 读取文件成功
2016-12-23T02:05:31: 读取文件成功
2016-12-23T02:05:41: 读取文件成功
2016-12-23T02:05:51: 读取文件成功
2016-12-23T02:06:01: 读取文件成功
2016-12-23T02:06:11: 读取文件成功
2016-12-23T02:06:21: 读取文件成功
2016-12-23T02:06:31: 读取文件成功
2016-12-23T02:06:41: 读取文件成功
2016-12-23T02:06:51: 读取文件成功
2016-12-23T02:07:01: 读取文件成功
2016-12-23T02:07:11: 读取文件成功
2016-12-23T02:07:21: 读取文件成功
2016-12-23T02:07:31: 读取文件成功
2016-12-23T02:07:41: 读取文件成功
2016-12-23T02:07:51: 读取文件成功
2016-12-23T02:08:01: 读取文件成功
2016-12-23T02:08:11: 读取文件成功
2016-12-23T02:08:21: 读取文件成功
2016-12-23T02:08:31: 读取文件成功
2016-12-23T02:08:41: 读取文件成功
2016-12-23T02:08:51: 读取文件成功
2016-12-23T02:09:02: 读取文件成功
2016-12-23T02:09:12: 读取文件成功
2016-12-23T02:09:22: 读取文件成功
2016-12-23T02:09:32: 读取文件成功
2016-12-23T02:09:42: 读取文件成功
2016-12-23T02:09:52: 读取文件成功
2016-12-23T02:10:02: 读取文件成功
2016-12-23T02:10:12: 读取文件成功
2016-12-23T02:10:22: 读取文件成功
2016-12-23T02:10:32: 读取文件成功
2016-12-23T02:10:42: 读取文件成功
2016-12-23T02:10:52: 读取文件成功
2016-12-23T02:11:02: 读取文件成功
2016-12-23T02:11:12: 读取文件成功
2016-12-23T02:11:22: 读取文件成功
2016-12-23T02:11:32: 读取文件成功
2016-12-23T02:11:42: 读取文件成功
2016-12-23T02:11:52: 读取文件成功
2016-12-23T02:12:02: 读取文件成功
2016-12-23T02:12:12: 读取文件成功
2016-12-23T02:12:22: 读取文件成功
2016-12-23T02:12:32: 读取文件成功
2016-12-23T02:12:42: 读取文件成功
2016-12-23T02:12:52: 读取文件成功
2016-12-23T02:13:02: 读取文件成功
2016-12-23T02:13:12: 读取文件成功
2016-12-23T02:13:22: 读取文件成功
2016-12-23T02:13:32: 读取文件成功
2016-12-23T02:13:42: 读取文件成功
2016-12-23T02:13:52: 读取文件成功
2016-12-23T02:14:02: 读取文件成功
2016-12-23T02:14:12: 读取文件成功
2016-12-23T02:14:22: 读取文件成功
2016-12-23T02:14:32: 读取文件成功
2016-12-23T02:14:42: 读取文件成功
2016-12-23T02:14:52: 读取文件成功
2016-12-23T02:15:02: 读取文件成功
2016-12-23T02:15:12: 读取文件成功
2016-12-23T02:15:22: 读取文件成功
2016-12-23T02:15:32: 读取文件成功
2016-12-23T02:15:42: 读取文件成功
2016-12-23T02:15:52: 读取文件成功
2016-12-23T02:16:02: 读取文件成功
2016-12-23T02:16:12: 读取文件成功
2016-12-23T02:16:22: 读取文件成功
2016-12-23T02:16:32: 读取文件成功
2016-12-23T02:16:42: 读取文件成功
2016-12-23T02:16:52: 读取文件成功
2016-12-23T02:17:02: 读取文件成功
2016-12-23T02:17:12: 读取文件成功
2016-12-23T02:17:22: 读取文件成功
2016-12-23T02:17:32: 读取文件成功
2016-12-23T02:17:42: 读取文件成功
2016-12-23T02:17:52: 读取文件成功
2016-12-23T02:18:02: 读取文件成功
2016-12-23T02:18:12: 读取文件成功
2016-12-23T02:18:22: 读取文件成功
2016-12-23T02:18:32: 读取文件成功
2016-12-23T02:18:42: 读取文件成功
2016-12-23T02:18:52: 读取文件成功
2016-12-23T02:19:02: 读取文件成功
2016-12-23T02:19:12: 读取文件成功
2016-12-23T02:19:22: 读取文件成功
2016-12-23T02:19:32: 读取文件成功
2016-12-23T02:19:42: 读取文件成功
2016-12-23T02:19:52: 读取文件成功
2016-12-23T02:20:02: 读取文件成功
2016-12-23T02:20:12: 读取文件成功
2016-12-23T02:20:22: 读取文件成功
2016-12-23T02:20:32: 读取文件成功
2016-12-23T02:20:42: 读取文件成功
2016-12-23T02:20:52: 读取文件成功
2016-12-23T02:21:02: 读取文件成功
2016-12-23T02:21:12: 读取文件成功
2016-12-23T02:21:22: 读取文件成功
2016-12-23T02:21:32: 读取文件成功
2016-12-23T02:21:42: 读取文件成功
2016-12-23T02:21:52: 读取文件成功
2016-12-23T02:22:02: 读取文件成功
2016-12-23T02:22:12: 读取文件成功
2016-12-23T02:22:22: 读取文件成功
2016-12-23T02:22:32: 读取文件成功
2016-12-23T02:22:42: 读取文件成功
2016-12-23T02:22:52: 读取文件成功
2016-12-23T02:23:02: 读取文件成功
2016-12-23T02:23:12: 读取文件成功
2016-12-23T02:23:22: 读取文件成功
2016-12-23T02:23:32: 读取文件成功
2016-12-23T02:23:42: 读取文件成功
2016-12-23T02:23:52: 读取文件成功
2016-12-23T02:24:02: 读取文件成功
2016-12-23T02:24:12: 读取文件成功
2016-12-23T02:24:22: 读取文件成功
2016-12-23T02:24:32: 读取文件成功
2016-12-23T02:24:42: 读取文件成功
2016-12-23T02:24:52: 读取文件成功
2016-12-23T02:25:02: 读取文件成功
2016-12-23T02:25:12: 读取文件成功
2016-12-23T02:25:22: 读取文件成功
2016-12-23T02:25:32: 读取文件成功
2016-12-23T02:25:42: 读取文件成功
2016-12-23T02:25:52: 读取文件成功
2016-12-23T02:26:02: 读取文件成功
2016-12-23T02:26:12: 读取文件成功
2016-12-23T02:26:22: 读取文件成功
2016-12-23T02:26:32: 读取文件成功
2016-12-23T02:26:42: 读取文件成功
2016-12-23T02:26:52: 读取文件成功
2016-12-23T02:27:02: 读取文件成功
2016-12-23T02:27:12: 读取文件成功
2016-12-23T02:27:22: 读取文件成功
2016-12-23T02:27:32: 读取文件成功
2016-12-23T02:27:42: 读取文件成功
2016-12-23T02:27:52: 读取文件成功
2016-12-23T02:28:03: 读取文件成功
2016-12-23T02:28:12: 读取文件成功
2016-12-23T02:28:22: 读取文件成功
2016-12-23T02:28:32: 读取文件成功
2016-12-23T02:28:42: 读取文件成功
2016-12-23T02:28:52: 读取文件成功
2016-12-23T02:29:03: 读取文件成功
2016-12-23T02:29:13: 读取文件成功
2016-12-23T02:29:23: 读取文件成功
2016-12-23T02:29:33: 读取文件成功
2016-12-23T02:29:43: 读取文件成功
2016-12-23T02:29:53: 读取文件成功
2016-12-23T02:30:03: 读取文件成功
2016-12-23T02:30:13: 读取文件成功
2016-12-23T02:30:23: 读取文件成功
2016-12-23T02:30:33: 读取文件成功
2016-12-23T02:30:43: 读取文件成功
2016-12-23T02:30:53: 读取文件成功
2016-12-23T02:31:03: 读取文件成功
2016-12-23T02:31:13: 读取文件成功
2016-12-23T02:31:23: 读取文件成功
2016-12-23T02:31:33: 读取文件成功
2016-12-23T02:31:43: 读取文件成功
2016-12-23T02:31:53: 读取文件成功
2016-12-23T02:32:03: 读取文件成功
2016-12-23T02:32:13: 读取文件成功
2016-12-23T02:32:23: 读取文件成功
2016-12-23T02:32:33: 读取文件成功
2016-12-23T02:32:43: 读取文件成功
2016-12-23T02:32:53: 读取文件成功
2016-12-23T02:33:03: 读取文件成功
2016-12-23T02:33:13: 读取文件成功
2016-12-23T02:33:23: 读取文件成功
2016-12-23T02:33:33: 读取文件成功
2016-12-23T02:33:43: 读取文件成功
2016-12-23T02:33:53: 读取文件成功
2016-12-23T02:34:03: 读取文件成功
2016-12-23T02:34:13: 读取文件成功
2016-12-23T02:34:23: 读取文件成功
2016-12-23T02:34:33: 读取文件成功
2016-12-23T02:34:43: 读取文件成功
2016-12-23T02:34:53: 读取文件成功
2016-12-23T02:35:03: 读取文件成功
2016-12-23T02:35:13: 读取文件成功
2016-12-23T02:35:23: 读取文件成功
2016-12-23T02:35:33: 读取文件成功
2016-12-23T02:35:43: 读取文件成功
2016-12-23T02:35:53: 读取文件成功
2016-12-23T02:36:03: 读取文件成功
2016-12-23T02:36:13: 读取文件成功
2016-12-23T02:36:23: 读取文件成功
2016-12-23T02:36:33: 读取文件成功
2016-12-23T02:36:43: 读取文件成功
2016-12-23T02:36:53: 读取文件成功
2016-12-23T02:37:03: 读取文件成功
2016-12-23T02:37:13: 读取文件成功
2016-12-23T02:37:23: 读取文件成功
2016-12-23T02:37:33: 读取文件成功
2016-12-23T02:37:43: 读取文件成功
2016-12-23T02:37:53: 读取文件成功
2016-12-23T02:38:03: 读取文件成功
2016-12-23T02:38:13: 读取文件成功
2016-12-23T02:38:23: 读取文件成功
2016-12-23T02:38:33: 读取文件成功
2016-12-23T02:38:43: 读取文件成功
2016-12-23T02:38:53: 读取文件成功
2016-12-23T02:39:03: 读取文件成功
2016-12-23T02:39:13: 读取文件成功
2016-12-23T02:39:23: 读取文件成功
2016-12-23T02:39:33: 读取文件成功
2016-12-23T02:39:43: 读取文件成功
2016-12-23T02:39:53: 读取文件成功
2016-12-23T02:40:03: 读取文件成功
2016-12-23T02:40:13: 读取文件成功
2016-12-23T02:40:23: 读取文件成功
2016-12-23T02:40:33: 读取文件成功
2016-12-23T02:40:43: 读取文件成功
2016-12-23T02:40:53: 读取文件成功
2016-12-23T02:41:03: 读取文件成功
2016-12-23T02:41:13: 读取文件成功
2016-12-23T02:41:23: 读取文件成功
2016-12-23T02:41:33: 读取文件成功
2016-12-23T02:41:43: 读取文件成功
2016-12-23T02:41:53: 读取文件成功
2016-12-23T02:42:03: 读取文件成功
2016-12-23T02:42:13: 读取文件成功
2016-12-23T02:42:23: 读取文件成功
2016-12-23T02:42:33: 读取文件成功
2016-12-23T02:42:43: 读取文件成功
2016-12-23T02:42:53: 读取文件成功
2016-12-23T02:43:03: 读取文件成功
2016-12-23T02:43:13: 读取文件成功
2016-12-23T02:43:23: 读取文件成功
2016-12-23T02:43:33: 读取文件成功
2016-12-23T02:43:43: 读取文件成功
2016-12-23T02:43:53: 读取文件成功
2016-12-23T02:44:03: 读取文件成功
2016-12-23T02:44:13: 读取文件成功
2016-12-23T02:44:23: 读取文件成功
2016-12-23T02:44:33: 读取文件成功
2016-12-23T02:44:43: 读取文件成功
2016-12-23T02:44:53: 读取文件成功
2016-12-23T02:45:03: 读取文件成功
2016-12-23T02:45:13: 读取文件成功
2016-12-23T02:45:23: 读取文件成功
2016-12-23T02:45:33: 读取文件成功
2016-12-23T02:45:43: 读取文件成功
2016-12-23T02:45:53: 读取文件成功
2016-12-23T02:46:03: 读取文件成功
2016-12-23T02:46:13: 读取文件成功
2016-12-23T02:46:23: 读取文件成功
2016-12-23T02:46:33: 读取文件成功
2016-12-23T02:46:43: 读取文件成功
2016-12-23T02:46:53: 读取文件成功
2016-12-23T02:47:03: 读取文件成功
2016-12-23T02:47:13: 读取文件成功
2016-12-23T02:47:23: 读取文件成功
2016-12-23T02:47:33: 读取文件成功
2016-12-23T02:47:43: 读取文件成功
2016-12-23T02:47:53: 读取文件成功
2016-12-23T02:48:03: 读取文件成功
2016-12-23T02:48:14: 读取文件成功
2016-12-23T02:48:23: 读取文件成功
2016-12-23T02:48:34: 读取文件成功
2016-12-23T02:48:44: 读取文件成功
2016-12-23T02:48:54: 读取文件成功
2016-12-23T02:49:04: 读取文件成功
2016-12-23T02:49:14: 读取文件成功
2016-12-23T02:49:24: 读取文件成功
2016-12-23T02:49:34: 读取文件成功
2016-12-23T02:49:44: 读取文件成功
2016-12-23T02:49:54: 读取文件成功
2016-12-23T02:50:04: 读取文件成功
2016-12-23T02:50:14: 读取文件成功
2016-12-23T02:50:24: 读取文件成功
2016-12-23T02:50:34: 读取文件成功
2016-12-23T02:50:44: 读取文件成功
2016-12-23T02:50:54: 读取文件成功
2016-12-23T02:51:04: 读取文件成功
2016-12-23T02:51:14: 读取文件成功
2016-12-23T02:51:24: 读取文件成功
2016-12-23T02:51:34: 读取文件成功
2016-12-23T02:51:44: 读取文件成功
2016-12-23T02:51:54: 读取文件成功
2016-12-23T02:52:04: 读取文件成功
2016-12-23T02:52:14: 读取文件成功
2016-12-23T02:52:24: 读取文件成功
2016-12-23T02:52:34: 读取文件成功
2016-12-23T02:52:44: 读取文件成功
2016-12-23T02:52:54: 读取文件成功
2016-12-23T02:53:04: 读取文件成功
2016-12-23T02:53:14: 读取文件成功
2016-12-23T02:53:24: 读取文件成功
2016-12-23T02:53:34: 读取文件成功
2016-12-23T02:53:44: 读取文件成功
2016-12-23T02:53:54: 读取文件成功
2016-12-23T02:54:04: 读取文件成功
2016-12-23T02:54:15: 读取文件成功
2016-12-23T02:54:24: 读取文件成功
2016-12-23T02:54:34: 读取文件成功
2016-12-23T02:54:44: 读取文件成功
2016-12-23T02:54:54: 读取文件成功
2016-12-23T02:55:04: 读取文件成功
2016-12-23T02:55:14: 读取文件成功
2016-12-23T02:55:24: 读取文件成功
2016-12-23T02:55:34: 读取文件成功
2016-12-23T02:55:44: 读取文件成功
2016-12-23T02:55:54: 读取文件成功
2016-12-23T02:56:04: 读取文件成功
2016-12-23T02:56:14: 读取文件成功
2016-12-23T02:56:24: 读取文件成功
2016-12-23T02:56:34: 读取文件成功
2016-12-23T02:56:44: 读取文件成功
2016-12-23T02:56:54: 读取文件成功
2016-12-23T02:57:04: 读取文件成功
2016-12-23T02:57:14: 读取文件成功
2016-12-23T02:57:24: 读取文件成功
2016-12-23T02:57:34: 读取文件成功
2016-12-23T02:57:44: 读取文件成功
2016-12-23T02:57:54: 读取文件成功
2016-12-23T02:58:04: 读取文件成功
2016-12-23T02:58:14: 读取文件成功
2016-12-23T02:58:24: 读取文件成功
2016-12-23T02:58:34: 读取文件成功
2016-12-23T02:58:44: 读取文件成功
2016-12-23T02:58:54: 读取文件成功
2016-12-23T02:59:04: 读取文件成功
2016-12-23T02:59:14: 读取文件成功
2016-12-23T02:59:24: 读取文件成功
2016-12-23T02:59:34: 读取文件成功
2016-12-23T02:59:44: 读取文件成功
2016-12-23T02:59:54: 读取文件成功
2016-12-23T03:00:04: 读取文件成功
2016-12-23T03:00:14: 读取文件成功
2016-12-23T03:00:24: 读取文件成功
2016-12-23T03:00:34: 读取文件成功
2016-12-23T03:00:44: 读取文件成功
2016-12-23T03:00:54: 读取文件成功
2016-12-23T03:01:04: 读取文件成功
2016-12-23T03:01:14: 读取文件成功
2016-12-23T03:01:24: 读取文件成功
2016-12-23T03:01:34: 读取文件成功
2016-12-23T03:01:44: 读取文件成功
2016-12-23T03:01:54: 读取文件成功
2016-12-23T03:02:04: 读取文件成功
2016-12-23T03:02:14: 读取文件成功
2016-12-23T03:02:24: 读取文件成功
2016-12-23T03:02:34: 读取文件成功
2016-12-23T03:02:44: 读取文件成功
2016-12-23T03:02:54: 读取文件成功
2016-12-23T03:03:04: 读取文件成功
2016-12-23T03:03:14: 读取文件成功
2016-12-23T03:03:24: 读取文件成功
2016-12-23T03:03:34: 读取文件成功
2016-12-23T03:03:44: 读取文件成功
2016-12-23T03:03:54: 读取文件成功
2016-12-23T03:04:04: 读取文件成功
2016-12-23T03:04:14: 读取文件成功
2016-12-23T03:04:24: 读取文件成功
2016-12-23T03:04:34: 读取文件成功
2016-12-23T03:04:44: 读取文件成功
2016-12-23T03:04:54: 读取文件成功
2016-12-23T03:05:04: 读取文件成功
2016-12-23T03:05:14: 读取文件成功
2016-12-23T03:05:24: 读取文件成功
2016-12-23T03:05:34: 读取文件成功
2016-12-23T03:05:44: 读取文件成功
2016-12-23T03:05:54: 读取文件成功
2016-12-23T03:06:04: 读取文件成功
2016-12-23T03:06:14: 读取文件成功
2016-12-23T03:06:24: 读取文件成功
2016-12-23T03:06:34: 读取文件成功
2016-12-23T03:06:44: 读取文件成功
2016-12-23T03:06:54: 读取文件成功
2016-12-23T03:07:04: 读取文件成功
2016-12-23T03:07:14: 读取文件成功
2016-12-23T03:07:24: 读取文件成功
2016-12-23T03:07:34: 读取文件成功
2016-12-23T03:07:45: 读取文件成功
2016-12-23T03:07:54: 读取文件成功
2016-12-23T03:08:04: 读取文件成功
2016-12-23T03:08:15: 读取文件成功
2016-12-23T03:08:25: 读取文件成功
2016-12-23T03:08:35: 读取文件成功
2016-12-23T03:08:45: 读取文件成功
2016-12-23T03:08:55: 读取文件成功
2016-12-23T03:09:05: 读取文件成功
2016-12-23T03:09:15: 读取文件成功
2016-12-23T03:09:25: 读取文件成功
2016-12-23T03:09:35: 读取文件成功
2016-12-23T03:09:45: 读取文件成功
2016-12-23T03:09:55: 读取文件成功
2016-12-23T03:10:05: 读取文件成功
2016-12-23T03:10:15: 读取文件成功
2016-12-23T03:10:25: 读取文件成功
2016-12-23T03:10:35: 读取文件成功
2016-12-23T03:10:45: 读取文件成功
2016-12-23T03:10:55: 读取文件成功
2016-12-23T03:11:05: 读取文件成功
2016-12-23T03:11:15: 读取文件成功
2016-12-23T03:11:25: 读取文件成功
2016-12-23T03:11:35: 读取文件成功
2016-12-23T03:11:45: 读取文件成功
2016-12-23T03:11:55: 读取文件成功
2016-12-23T03:12:05: 读取文件成功
2016-12-23T03:12:15: 读取文件成功
2016-12-23T03:12:25: 读取文件成功
2016-12-23T03:12:35: 读取文件成功
2016-12-23T03:12:45: 读取文件成功
2016-12-23T03:12:55: 读取文件成功
2016-12-23T03:13:05: 读取文件成功
2016-12-23T03:13:15: 读取文件成功
2016-12-23T03:13:25: 读取文件成功
2016-12-23T03:13:35: 读取文件成功
2016-12-23T03:13:45: 读取文件成功
2016-12-23T03:13:55: 读取文件成功
2016-12-23T03:14:05: 读取文件成功
2016-12-23T03:14:15: 读取文件成功
2016-12-23T03:14:25: 读取文件成功
2016-12-23T03:14:35: 读取文件成功
2016-12-23T03:14:45: 读取文件成功
2016-12-23T03:14:55: 读取文件成功
2016-12-23T03:15:05: 读取文件成功
2016-12-23T03:15:15: 读取文件成功
2016-12-23T03:15:25: 读取文件成功
2016-12-23T03:15:35: 读取文件成功
2016-12-23T03:15:45: 读取文件成功
2016-12-23T03:15:55: 读取文件成功
2016-12-23T03:16:05: 读取文件成功
2016-12-23T03:16:15: 读取文件成功
2016-12-23T03:16:25: 读取文件成功
2016-12-23T03:16:35: 读取文件成功
2016-12-23T03:16:45: 读取文件成功
2016-12-23T03:16:55: 读取文件成功
2016-12-23T03:17:05: 读取文件成功
2016-12-23T03:17:15: 读取文件成功
2016-12-23T03:17:25: 读取文件成功
2016-12-23T03:17:35: 读取文件成功
2016-12-23T03:17:45: 读取文件成功
2016-12-23T03:17:55: 读取文件成功
2016-12-23T03:18:05: 读取文件成功
2016-12-23T03:18:15: 读取文件成功
2016-12-23T03:18:25: 读取文件成功
2016-12-23T03:18:35: 读取文件成功
2016-12-23T03:18:45: 读取文件成功
2016-12-23T03:18:55: 读取文件成功
2016-12-23T03:19:05: 读取文件成功
2016-12-23T03:19:15: 读取文件成功
2016-12-23T03:19:25: 读取文件成功
2016-12-23T03:19:35: 读取文件成功
2016-12-23T03:19:45: 读取文件成功
2016-12-23T03:19:55: 读取文件成功
2016-12-23T03:20:05: 读取文件成功
2016-12-23T03:20:15: 读取文件成功
2016-12-23T03:20:25: 读取文件成功
2016-12-23T03:20:35: 读取文件成功
2016-12-23T03:20:45: 读取文件成功
2016-12-23T03:20:55: 读取文件成功
2016-12-23T03:21:05: 读取文件成功
2016-12-23T03:21:15: 读取文件成功
2016-12-23T03:21:25: 读取文件成功
2016-12-23T03:21:35: 读取文件成功
2016-12-23T03:21:45: 读取文件成功
2016-12-23T03:21:55: 读取文件成功
2016-12-23T03:22:05: 读取文件成功
2016-12-23T03:22:15: 读取文件成功
2016-12-23T03:22:25: 读取文件成功
2016-12-23T03:22:35: 读取文件成功
2016-12-23T03:22:45: 读取文件成功
2016-12-23T03:22:55: 读取文件成功
2016-12-23T03:23:05: 读取文件成功
2016-12-23T03:23:15: 读取文件成功
2016-12-23T03:23:25: 读取文件成功
2016-12-23T03:23:35: 读取文件成功
2016-12-23T03:23:45: 读取文件成功
2016-12-23T03:23:55: 读取文件成功
2016-12-23T03:24:05: 读取文件成功
2016-12-23T03:24:15: 读取文件成功
2016-12-23T03:24:25: 读取文件成功
2016-12-23T03:24:35: 读取文件成功
2016-12-23T03:24:45: 读取文件成功
2016-12-23T03:24:55: 读取文件成功
2016-12-23T03:25:05: 读取文件成功
2016-12-23T03:25:15: 读取文件成功
2016-12-23T03:25:25: 读取文件成功
2016-12-23T03:25:35: 读取文件成功
2016-12-23T03:25:45: 读取文件成功
2016-12-23T03:25:55: 读取文件成功
2016-12-23T03:26:05: 读取文件成功
2016-12-23T03:26:15: 读取文件成功
2016-12-23T03:26:25: 读取文件成功
2016-12-23T03:26:35: 读取文件成功
2016-12-23T03:26:45: 读取文件成功
2016-12-23T03:26:55: 读取文件成功
2016-12-23T03:27:05: 读取文件成功
2016-12-23T03:27:15: 读取文件成功
2016-12-23T03:27:25: 读取文件成功
2016-12-23T03:27:35: 读取文件成功
2016-12-23T03:27:45: 读取文件成功
2016-12-23T03:27:55: 读取文件成功
2016-12-23T03:28:05: 读取文件成功
2016-12-23T03:28:15: 读取文件成功
2016-12-23T03:28:25: 读取文件成功
2016-12-23T03:28:35: 读取文件成功
2016-12-23T03:28:46: 读取文件成功
2016-12-23T03:28:55: 读取文件成功
2016-12-23T03:29:06: 读取文件成功
2016-12-23T03:29:16: 读取文件成功
2016-12-23T03:29:26: 读取文件成功
2016-12-23T03:29:36: 读取文件成功
2016-12-23T03:29:46: 读取文件成功
2016-12-23T03:29:56: 读取文件成功
2016-12-23T03:30:06: 读取文件成功
2016-12-23T03:30:16: 读取文件成功
2016-12-23T03:30:26: 读取文件成功
2016-12-23T03:30:36: 读取文件成功
2016-12-23T03:30:46: 读取文件成功
2016-12-23T03:30:56: 读取文件成功
2016-12-23T03:31:06: 读取文件成功
2016-12-23T03:31:16: 读取文件成功
2016-12-23T03:31:26: 读取文件成功
2016-12-23T03:31:36: 读取文件成功
2016-12-23T03:31:46: 读取文件成功
2016-12-23T03:31:56: 读取文件成功
2016-12-23T03:32:06: 读取文件成功
2016-12-23T03:32:16: 读取文件成功
2016-12-23T03:32:26: 读取文件成功
2016-12-23T03:32:36: 读取文件成功
2016-12-23T03:32:46: 读取文件成功
2016-12-23T03:32:56: 读取文件成功
2016-12-23T03:33:06: 读取文件成功
2016-12-23T03:33:16: 读取文件成功
2016-12-23T03:33:26: 读取文件成功
2016-12-23T03:33:36: 读取文件成功
2016-12-23T03:33:46: 读取文件成功
2016-12-23T03:33:56: 读取文件成功
2016-12-23T03:34:06: 读取文件成功
2016-12-23T03:34:16: 读取文件成功
2016-12-23T03:34:26: 读取文件成功
2016-12-23T03:34:36: 读取文件成功
2016-12-23T03:34:46: 读取文件成功
2016-12-23T03:34:56: 读取文件成功
2016-12-23T03:35:06: 读取文件成功
2016-12-23T03:35:16: 读取文件成功
2016-12-23T03:35:26: 读取文件成功
2016-12-23T03:35:36: 读取文件成功
2016-12-23T03:35:46: 读取文件成功
2016-12-23T03:35:56: 读取文件成功
2016-12-23T03:36:06: 读取文件成功
2016-12-23T03:36:16: 读取文件成功
2016-12-23T03:36:26: 读取文件成功
2016-12-23T03:36:36: 读取文件成功
2016-12-23T03:36:46: 读取文件成功
2016-12-23T03:36:56: 读取文件成功
2016-12-23T03:37:06: 读取文件成功
2016-12-23T03:37:16: 读取文件成功
2016-12-23T03:37:26: 读取文件成功
2016-12-23T03:37:36: 读取文件成功
2016-12-23T03:37:46: 读取文件成功
2016-12-23T03:37:56: 读取文件成功
2016-12-23T03:38:06: 读取文件成功
2016-12-23T03:38:16: 读取文件成功
2016-12-23T03:38:26: 读取文件成功
2016-12-23T03:38:36: 读取文件成功
2016-12-23T03:38:46: 读取文件成功
2016-12-23T03:38:56: 读取文件成功
2016-12-23T03:39:06: 读取文件成功
2016-12-23T03:39:16: 读取文件成功
2016-12-23T03:39:26: 读取文件成功
2016-12-23T03:39:36: 读取文件成功
2016-12-23T03:39:46: 读取文件成功
2016-12-23T03:39:56: 读取文件成功
2016-12-23T03:40:06: 读取文件成功
2016-12-23T03:40:16: 读取文件成功
2016-12-23T03:40:26: 读取文件成功
2016-12-23T03:40:36: 读取文件成功
2016-12-23T03:40:46: 读取文件成功
2016-12-23T03:40:56: 读取文件成功
2016-12-23T03:41:06: 读取文件成功
2016-12-23T03:41:16: 读取文件成功
2016-12-23T03:41:26: 读取文件成功
2016-12-23T03:41:36: 读取文件成功
2016-12-23T03:41:46: 读取文件成功
2016-12-23T03:41:56: 读取文件成功
2016-12-23T03:42:06: 读取文件成功
2016-12-23T03:42:16: 读取文件成功
2016-12-23T03:42:26: 读取文件成功
2016-12-23T03:42:36: 读取文件成功
2016-12-23T03:42:46: 读取文件成功
2016-12-23T03:42:56: 读取文件成功
2016-12-23T03:43:06: 读取文件成功
2016-12-23T03:43:16: 读取文件成功
2016-12-23T03:43:26: 读取文件成功
2016-12-23T03:43:36: 读取文件成功
2016-12-23T03:43:46: 读取文件成功
2016-12-23T03:43:56: 读取文件成功
2016-12-23T03:44:06: 读取文件成功
2016-12-23T03:44:16: 读取文件成功
2016-12-23T03:44:26: 读取文件成功
2016-12-23T03:44:36: 读取文件成功
2016-12-23T03:44:46: 读取文件成功
2016-12-23T03:44:56: 读取文件成功
2016-12-23T03:45:06: 读取文件成功
2016-12-23T03:45:16: 读取文件成功
2016-12-23T03:45:26: 读取文件成功
2016-12-23T03:45:36: 读取文件成功
2016-12-23T03:45:46: 读取文件成功
2016-12-23T03:45:56: 读取文件成功
2016-12-23T03:46:06: 读取文件成功
2016-12-23T03:46:16: 读取文件成功
2016-12-23T03:46:26: 读取文件成功
2016-12-23T03:46:36: 读取文件成功
2016-12-23T03:46:46: 读取文件成功
2016-12-23T03:46:56: 读取文件成功
2016-12-23T03:47:06: 读取文件成功
2016-12-23T03:47:16: 读取文件成功
2016-12-23T03:47:26: 读取文件成功
2016-12-23T03:47:37: 读取文件成功
2016-12-23T03:47:47: 读取文件成功
2016-12-23T03:47:57: 读取文件成功
2016-12-23T03:48:07: 读取文件成功
2016-12-23T03:48:17: 读取文件成功
2016-12-23T03:48:27: 读取文件成功
2016-12-23T03:48:37: 读取文件成功
2016-12-23T03:48:47: 读取文件成功
2016-12-23T03:48:57: 读取文件成功
2016-12-23T03:49:07: 读取文件成功
2016-12-23T03:49:17: 读取文件成功
2016-12-23T03:49:27: 读取文件成功
2016-12-23T03:49:37: 读取文件成功
2016-12-23T03:49:47: 读取文件成功
2016-12-23T03:49:57: 读取文件成功
2016-12-23T03:50:07: 读取文件成功
2016-12-23T03:50:17: 读取文件成功
2016-12-23T03:50:27: 读取文件成功
2016-12-23T03:50:37: 读取文件成功
2016-12-23T03:50:47: 读取文件成功
2016-12-23T03:50:57: 读取文件成功
2016-12-23T03:51:07: 读取文件成功
2016-12-23T03:51:17: 读取文件成功
2016-12-23T03:51:27: 读取文件成功
2016-12-23T03:51:37: 读取文件成功
2016-12-23T03:51:47: 读取文件成功
2016-12-23T03:51:57: 读取文件成功
2016-12-23T03:52:07: 读取文件成功
2016-12-23T03:52:17: 读取文件成功
2016-12-23T03:52:27: 读取文件成功
2016-12-23T03:52:37: 读取文件成功
2016-12-23T03:52:47: 读取文件成功
2016-12-23T03:52:57: 读取文件成功
2016-12-23T03:53:07: 读取文件成功
2016-12-23T03:53:17: 读取文件成功
2016-12-23T03:53:27: 读取文件成功
2016-12-23T03:53:37: 读取文件成功
2016-12-23T03:53:47: 读取文件成功
2016-12-23T03:53:57: 读取文件成功
2016-12-23T03:54:07: 读取文件成功
2016-12-23T03:54:17: 读取文件成功
2016-12-23T03:54:27: 读取文件成功
2016-12-23T03:54:37: 读取文件成功
2016-12-23T03:54:47: 读取文件成功
2016-12-23T03:54:57: 读取文件成功
2016-12-23T03:55:07: 读取文件成功
2016-12-23T03:55:17: 读取文件成功
2016-12-23T03:55:27: 读取文件成功
2016-12-23T03:55:37: 读取文件成功
2016-12-23T03:55:47: 读取文件成功
2016-12-23T03:55:57: 读取文件成功
2016-12-23T03:56:07: 读取文件成功
2016-12-23T03:56:17: 读取文件成功
2016-12-23T03:56:27: 读取文件成功
2016-12-23T03:56:37: 读取文件成功
2016-12-23T03:56:47: 读取文件成功
2016-12-23T03:56:57: 读取文件成功
2016-12-23T03:57:07: 读取文件成功
2016-12-23T03:57:17: 读取文件成功
2016-12-23T03:57:27: 读取文件成功
2016-12-23T03:57:37: 读取文件成功
2016-12-23T03:57:47: 读取文件成功
2016-12-23T03:57:57: 读取文件成功
2016-12-23T03:58:07: 读取文件成功
2016-12-23T03:58:17: 读取文件成功
2016-12-23T03:58:27: 读取文件成功
2016-12-23T03:58:37: 读取文件成功
2016-12-23T03:58:47: 读取文件成功
2016-12-23T03:58:57: 读取文件成功
2016-12-23T03:59:07: 读取文件成功
2016-12-23T03:59:17: 读取文件成功
2016-12-23T03:59:27: 读取文件成功
2016-12-23T03:59:37: 读取文件成功
2016-12-23T03:59:47: 读取文件成功
2016-12-23T03:59:57: 读取文件成功
2016-12-23T04:00:07: 读取文件成功
2016-12-23T04:00:17: 读取文件成功
2016-12-23T04:00:27: 读取文件成功
2016-12-23T04:00:37: 读取文件成功
2016-12-23T04:00:47: 读取文件成功
2016-12-23T04:00:57: 读取文件成功
2016-12-23T04:01:07: 读取文件成功
2016-12-23T04:01:17: 读取文件成功
2016-12-23T04:01:27: 读取文件成功
2016-12-23T04:01:37: 读取文件成功
2016-12-23T04:01:47: 读取文件成功
2016-12-23T04:01:57: 读取文件成功
2016-12-23T04:02:07: 读取文件成功
2016-12-23T04:02:17: 读取文件成功
2016-12-23T04:02:27: 读取文件成功
2016-12-23T04:02:37: 读取文件成功
2016-12-23T04:02:47: 读取文件成功
2016-12-23T04:02:57: 读取文件成功
2016-12-23T04:03:07: 读取文件成功
2016-12-23T04:03:17: 读取文件成功
2016-12-23T04:03:27: 读取文件成功
2016-12-23T04:03:37: 读取文件成功
2016-12-23T04:03:47: 读取文件成功
2016-12-23T04:03:57: 读取文件成功
2016-12-23T04:04:07: 读取文件成功
2016-12-23T04:04:17: 读取文件成功
2016-12-23T04:04:27: 读取文件成功
2016-12-23T04:04:37: 读取文件成功
2016-12-23T04:04:47: 读取文件成功
2016-12-23T04:04:57: 读取文件成功
2016-12-23T04:05:07: 读取文件成功
2016-12-23T04:05:17: 读取文件成功
2016-12-23T04:05:28: 读取文件成功
2016-12-23T04:05:38: 读取文件成功
2016-12-23T04:05:47: 读取文件成功
2016-12-23T04:05:57: 读取文件成功
2016-12-23T04:06:08: 读取文件成功
2016-12-23T04:06:18: 读取文件成功
2016-12-23T04:06:28: 读取文件成功
2016-12-23T04:06:38: 读取文件成功
2016-12-23T04:06:48: 读取文件成功
2016-12-23T04:06:58: 读取文件成功
2016-12-23T04:07:08: 读取文件成功
2016-12-23T04:07:18: 读取文件成功
2016-12-23T04:07:28: 读取文件成功
2016-12-23T04:07:38: 读取文件成功
2016-12-23T04:07:48: 读取文件成功
2016-12-23T04:07:58: 读取文件成功
2016-12-23T04:08:08: 读取文件成功
2016-12-23T04:08:18: 读取文件成功
2016-12-23T04:08:28: 读取文件成功
2016-12-23T04:08:38: 读取文件成功
2016-12-23T04:08:48: 读取文件成功
2016-12-23T04:08:58: 读取文件成功
2016-12-23T04:09:08: 读取文件成功
2016-12-23T04:09:18: 读取文件成功
2016-12-23T04:09:28: 读取文件成功
2016-12-23T04:09:38: 读取文件成功
2016-12-23T04:09:48: 读取文件成功
2016-12-23T04:09:58: 读取文件成功
2016-12-23T04:10:08: 读取文件成功
2016-12-23T04:10:18: 读取文件成功
2016-12-23T04:10:28: 读取文件成功
2016-12-23T04:10:38: 读取文件成功
2016-12-23T04:10:48: 读取文件成功
2016-12-23T04:10:58: 读取文件成功
2016-12-23T04:11:08: 读取文件成功
2016-12-23T04:11:18: 读取文件成功
2016-12-23T04:11:28: 读取文件成功
2016-12-23T04:11:38: 读取文件成功
2016-12-23T04:11:48: 读取文件成功
2016-12-23T04:11:58: 读取文件成功
2016-12-23T04:12:08: 读取文件成功
2016-12-23T04:12:18: 读取文件成功
2016-12-23T04:12:28: 读取文件成功
2016-12-23T04:12:38: 读取文件成功
2016-12-23T04:12:48: 读取文件成功
2016-12-23T04:12:58: 读取文件成功
2016-12-23T04:13:08: 读取文件成功
2016-12-23T04:13:18: 读取文件成功
2016-12-23T04:13:28: 读取文件成功
2016-12-23T04:13:38: 读取文件成功
2016-12-23T04:13:48: 读取文件成功
2016-12-23T04:13:58: 读取文件成功
2016-12-23T04:14:08: 读取文件成功
2016-12-23T04:14:18: 读取文件成功
2016-12-23T04:14:28: 读取文件成功
2016-12-23T04:14:38: 读取文件成功
2016-12-23T04:14:48: 读取文件成功
2016-12-23T04:14:58: 读取文件成功
2016-12-23T04:15:08: 读取文件成功
2016-12-23T04:15:18: 读取文件成功
2016-12-23T04:15:28: 读取文件成功
2016-12-23T04:15:38: 读取文件成功
2016-12-23T04:15:48: 读取文件成功
2016-12-23T04:15:58: 读取文件成功
2016-12-23T04:16:08: 读取文件成功
2016-12-23T04:16:18: 读取文件成功
2016-12-23T04:16:28: 读取文件成功
2016-12-23T04:16:38: 读取文件成功
2016-12-23T04:16:48: 读取文件成功
2016-12-23T04:16:58: 读取文件成功
2016-12-23T04:17:08: 读取文件成功
2016-12-23T04:17:18: 读取文件成功
2016-12-23T04:17:28: 读取文件成功
2016-12-23T04:17:38: 读取文件成功
2016-12-23T04:17:48: 读取文件成功
2016-12-23T04:17:58: 读取文件成功
2016-12-23T04:18:08: 读取文件成功
2016-12-23T04:18:18: 读取文件成功
2016-12-23T04:18:28: 读取文件成功
2016-12-23T04:18:38: 读取文件成功
2016-12-23T04:18:48: 读取文件成功
2016-12-23T04:18:58: 读取文件成功
2016-12-23T04:19:08: 读取文件成功
2016-12-23T04:19:18: 读取文件成功
2016-12-23T04:19:28: 读取文件成功
2016-12-23T04:19:38: 读取文件成功
2016-12-23T04:19:48: 读取文件成功
2016-12-23T04:19:58: 读取文件成功
2016-12-23T04:20:08: 读取文件成功
2016-12-23T04:20:18: 读取文件成功
2016-12-23T04:20:28: 读取文件成功
2016-12-23T04:20:38: 读取文件成功
2016-12-23T04:20:48: 读取文件成功
2016-12-23T04:20:58: 读取文件成功
2016-12-23T04:21:08: 读取文件成功
2016-12-23T04:21:18: 读取文件成功
2016-12-23T04:21:28: 读取文件成功
2016-12-23T04:21:38: 读取文件成功
2016-12-23T04:21:48: 读取文件成功
2016-12-23T04:21:58: 读取文件成功
2016-12-23T04:22:08: 读取文件成功
2016-12-23T04:22:18: 读取文件成功
2016-12-23T04:22:28: 读取文件成功
2016-12-23T04:22:38: 读取文件成功
2016-12-23T04:22:48: 读取文件成功
2016-12-23T04:22:58: 读取文件成功
2016-12-23T04:23:08: 读取文件成功
2016-12-23T04:23:19: 读取文件成功
2016-12-23T04:23:29: 读取文件成功
2016-12-23T04:23:39: 读取文件成功
2016-12-23T04:23:49: 读取文件成功
2016-12-23T04:23:59: 读取文件成功
2016-12-23T04:24:09: 读取文件成功
2016-12-23T04:24:19: 读取文件成功
2016-12-23T04:24:29: 读取文件成功
2016-12-23T04:24:39: 读取文件成功
2016-12-23T04:24:49: 读取文件成功
2016-12-23T04:24:59: 读取文件成功
2016-12-23T04:25:09: 读取文件成功
2016-12-23T04:25:19: 读取文件成功
2016-12-23T04:25:29: 读取文件成功
2016-12-23T04:25:39: 读取文件成功
2016-12-23T04:25:49: 读取文件成功
2016-12-23T04:25:59: 读取文件成功
2016-12-23T04:26:09: 读取文件成功
2016-12-23T04:26:19: 读取文件成功
2016-12-23T04:26:29: 读取文件成功
2016-12-23T04:26:39: 读取文件成功
2016-12-23T04:26:49: 读取文件成功
2016-12-23T04:26:59: 读取文件成功
2016-12-23T04:27:09: 读取文件成功
2016-12-23T04:27:19: 读取文件成功
2016-12-23T04:27:29: 读取文件成功
2016-12-23T04:27:39: 读取文件成功
2016-12-23T04:27:49: 读取文件成功
2016-12-23T04:27:59: 读取文件成功
2016-12-23T04:28:09: 读取文件成功
2016-12-23T04:28:19: 读取文件成功
2016-12-23T04:28:29: 读取文件成功
2016-12-23T04:28:39: 读取文件成功
2016-12-23T04:28:49: 读取文件成功
2016-12-23T04:28:59: 读取文件成功
2016-12-23T04:29:09: 读取文件成功
2016-12-23T04:29:19: 读取文件成功
2016-12-23T04:29:29: 读取文件成功
2016-12-23T04:29:39: 读取文件成功
2016-12-23T04:29:49: 读取文件成功
2016-12-23T04:29:59: 读取文件成功
2016-12-23T04:30:09: 读取文件成功
2016-12-23T04:30:19: 读取文件成功
2016-12-23T04:30:29: 读取文件成功
2016-12-23T04:30:39: 读取文件成功
2016-12-23T04:30:49: 读取文件成功
2016-12-23T04:30:59: 读取文件成功
2016-12-23T04:31:09: 读取文件成功
2016-12-23T04:31:19: 读取文件成功
2016-12-23T04:31:29: 读取文件成功
2016-12-23T04:31:39: 读取文件成功
2016-12-23T04:31:49: 读取文件成功
2016-12-23T04:31:59: 读取文件成功
2016-12-23T04:32:09: 读取文件成功
2016-12-23T04:32:19: 读取文件成功
2016-12-23T04:32:29: 读取文件成功
2016-12-23T04:32:39: 读取文件成功
2016-12-23T04:32:49: 读取文件成功
2016-12-23T04:32:59: 读取文件成功
2016-12-23T04:33:09: 读取文件成功
2016-12-23T04:33:19: 读取文件成功
2016-12-23T04:33:29: 读取文件成功
2016-12-23T04:33:39: 读取文件成功
2016-12-23T04:33:49: 读取文件成功
2016-12-23T04:33:59: 读取文件成功
2016-12-23T04:34:09: 读取文件成功
2016-12-23T04:34:19: 读取文件成功
2016-12-23T04:34:29: 读取文件成功
2016-12-23T04:34:39: 读取文件成功
2016-12-23T04:34:49: 读取文件成功
2016-12-23T04:34:59: 读取文件成功
2016-12-23T04:35:09: 读取文件成功
2016-12-23T04:35:19: 读取文件成功
2016-12-23T04:35:29: 读取文件成功
2016-12-23T04:35:39: 读取文件成功
2016-12-23T04:35:49: 读取文件成功
2016-12-23T04:35:59: 读取文件成功
2016-12-23T04:36:09: 读取文件成功
2016-12-23T04:36:19: 读取文件成功
2016-12-23T04:36:29: 读取文件成功
2016-12-23T04:36:39: 读取文件成功
2016-12-23T04:36:49: 读取文件成功
2016-12-23T04:36:59: 读取文件成功
2016-12-23T04:37:09: 读取文件成功
2016-12-23T04:37:19: 读取文件成功
2016-12-23T04:37:29: 读取文件成功
2016-12-23T04:37:39: 读取文件成功
2016-12-23T04:37:49: 读取文件成功
2016-12-23T04:37:59: 读取文件成功
2016-12-23T04:38:09: 读取文件成功
2016-12-23T04:38:19: 读取文件成功
2016-12-23T04:38:29: 读取文件成功
2016-12-23T04:38:39: 读取文件成功
2016-12-23T04:38:49: 读取文件成功
2016-12-23T04:38:59: 读取文件成功
2016-12-23T04:39:09: 读取文件成功
2016-12-23T04:39:19: 读取文件成功
2016-12-23T04:39:29: 读取文件成功
2016-12-23T04:39:39: 读取文件成功
2016-12-23T04:39:49: 读取文件成功
2016-12-23T04:39:59: 读取文件成功
2016-12-23T04:40:09: 读取文件成功
2016-12-23T04:40:19: 读取文件成功
2016-12-23T04:40:29: 读取文件成功
2016-12-23T04:40:40: 读取文件成功
2016-12-23T04:40:50: 读取文件成功
2016-12-23T04:41:00: 读取文件成功
2016-12-23T04:41:10: 读取文件成功
2016-12-23T04:41:20: 读取文件成功
2016-12-23T04:41:30: 读取文件成功
2016-12-23T04:41:40: 读取文件成功
2016-12-23T04:41:50: 读取文件成功
2016-12-23T04:42:00: 读取文件成功
2016-12-23T04:42:10: 读取文件成功
2016-12-23T04:42:20: 读取文件成功
2016-12-23T04:42:30: 读取文件成功
2016-12-23T04:42:40: 读取文件成功
2016-12-23T04:42:50: 读取文件成功
2016-12-23T04:43:00: 读取文件成功
2016-12-23T04:43:10: 读取文件成功
2016-12-23T04:43:20: 读取文件成功
2016-12-23T04:43:30: 读取文件成功
2016-12-23T04:43:40: 读取文件成功
2016-12-23T04:43:50: 读取文件成功
2016-12-23T04:44:00: 读取文件成功
2016-12-23T04:44:10: 读取文件成功
2016-12-23T04:44:20: 读取文件成功
2016-12-23T04:44:30: 读取文件成功
2016-12-23T04:44:40: 读取文件成功
2016-12-23T04:44:50: 读取文件成功
2016-12-23T04:45:00: 读取文件成功
2016-12-23T04:45:10: 读取文件成功
2016-12-23T04:45:20: 读取文件成功
2016-12-23T04:45:30: 读取文件成功
2016-12-23T04:45:40: 读取文件成功
2016-12-23T04:45:50: 读取文件成功
2016-12-23T04:46:00: 读取文件成功
2016-12-23T04:46:10: 读取文件成功
2016-12-23T04:46:20: 读取文件成功
2016-12-23T04:46:30: 读取文件成功
2016-12-23T04:46:40: 读取文件成功
2016-12-23T04:46:50: 读取文件成功
2016-12-23T04:47:00: 读取文件成功
2016-12-23T04:47:10: 读取文件成功
2016-12-23T04:47:20: 读取文件成功
2016-12-23T04:47:30: 读取文件成功
2016-12-23T04:47:40: 读取文件成功
2016-12-23T04:47:50: 读取文件成功
2016-12-23T04:48:00: 读取文件成功
2016-12-23T04:48:10: 读取文件成功
2016-12-23T04:48:20: 读取文件成功
2016-12-23T04:48:30: 读取文件成功
2016-12-23T04:48:40: 读取文件成功
2016-12-23T04:48:50: 读取文件成功
2016-12-23T04:49:00: 读取文件成功
2016-12-23T04:49:10: 读取文件成功
2016-12-23T04:49:20: 读取文件成功
2016-12-23T04:49:30: 读取文件成功
2016-12-23T04:49:40: 读取文件成功
2016-12-23T04:49:50: 读取文件成功
2016-12-23T04:50:00: 读取文件成功
2016-12-23T04:50:10: 读取文件成功
2016-12-23T04:50:20: 读取文件成功
2016-12-23T04:50:30: 读取文件成功
2016-12-23T04:50:40: 读取文件成功
2016-12-23T04:50:50: 读取文件成功
2016-12-23T04:51:00: 读取文件成功
2016-12-23T04:51:10: 读取文件成功
2016-12-23T04:51:20: 读取文件成功
2016-12-23T04:51:30: 读取文件成功
2016-12-23T04:51:40: 读取文件成功
2016-12-23T04:51:50: 读取文件成功
2016-12-23T04:52:00: 读取文件成功
2016-12-23T04:52:10: 读取文件成功
2016-12-23T04:52:20: 读取文件成功
2016-12-23T04:52:30: 读取文件成功
2016-12-23T04:52:40: 读取文件成功
2016-12-23T04:52:50: 读取文件成功
2016-12-23T04:53:00: 读取文件成功
2016-12-23T04:53:10: 读取文件成功
2016-12-23T04:53:20: 读取文件成功
2016-12-23T04:53:30: 读取文件成功
2016-12-23T04:53:40: 读取文件成功
2016-12-23T04:53:50: 读取文件成功
2016-12-23T04:54:00: 读取文件成功
2016-12-23T04:54:10: 读取文件成功
2016-12-23T04:54:20: 读取文件成功
2016-12-23T04:54:30: 读取文件成功
2016-12-23T04:54:40: 读取文件成功
2016-12-23T04:54:50: 读取文件成功
2016-12-23T04:55:00: 读取文件成功
2016-12-23T04:55:10: 读取文件成功
2016-12-23T04:55:20: 读取文件成功
2016-12-23T04:55:30: 读取文件成功
2016-12-23T04:55:40: 读取文件成功
2016-12-23T04:55:50: 读取文件成功
2016-12-23T04:56:00: 读取文件成功
2016-12-23T04:56:10: 读取文件成功
2016-12-23T04:56:20: 读取文件成功
2016-12-23T04:56:30: 读取文件成功
2016-12-23T04:56:41: 读取文件成功
2016-12-23T04:56:50: 读取文件成功
2016-12-23T04:57:00: 读取文件成功
2016-12-23T04:57:10: 读取文件成功
2016-12-23T04:57:20: 读取文件成功
2016-12-23T04:57:30: 读取文件成功
2016-12-23T04:57:40: 读取文件成功
2016-12-23T04:57:50: 读取文件成功
2016-12-23T04:58:00: 读取文件成功
2016-12-23T04:58:10: 读取文件成功
2016-12-23T04:58:20: 读取文件成功
2016-12-23T04:58:30: 读取文件成功
2016-12-23T04:58:40: 读取文件成功
2016-12-23T04:58:50: 读取文件成功
2016-12-23T04:59:00: 读取文件成功
2016-12-23T04:59:11: 读取文件成功
2016-12-23T04:59:20: 读取文件成功
2016-12-23T04:59:30: 读取文件成功
2016-12-23T04:59:40: 读取文件成功
2016-12-23T04:59:50: 读取文件成功
2016-12-23T05:00:01: 读取文件成功
2016-12-23T05:00:11: 读取文件成功
2016-12-23T05:00:21: 读取文件成功
2016-12-23T05:00:31: 读取文件成功
2016-12-23T05:00:41: 读取文件成功
2016-12-23T05:00:51: 读取文件成功
2016-12-23T05:01:01: 读取文件成功
2016-12-23T05:01:11: 读取文件成功
2016-12-23T05:01:21: 读取文件成功
2016-12-23T05:01:31: 读取文件成功
2016-12-23T05:01:41: 读取文件成功
2016-12-23T05:01:51: 读取文件成功
2016-12-23T05:02:01: 读取文件成功
2016-12-23T05:02:11: 读取文件成功
2016-12-23T05:02:21: 读取文件成功
2016-12-23T05:02:31: 读取文件成功
2016-12-23T05:02:41: 读取文件成功
2016-12-23T05:02:51: 读取文件成功
2016-12-23T05:03:01: 读取文件成功
2016-12-23T05:03:11: 读取文件成功
2016-12-23T05:03:21: 读取文件成功
2016-12-23T05:03:31: 读取文件成功
2016-12-23T05:03:41: 读取文件成功
2016-12-23T05:03:51: 读取文件成功
2016-12-23T05:04:01: 读取文件成功
2016-12-23T05:04:11: 读取文件成功
2016-12-23T05:04:21: 读取文件成功
2016-12-23T05:04:31: 读取文件成功
2016-12-23T05:04:41: 读取文件成功
2016-12-23T05:04:51: 读取文件成功
2016-12-23T05:05:01: 读取文件成功
2016-12-23T05:05:11: 读取文件成功
2016-12-23T05:05:21: 读取文件成功
2016-12-23T05:05:31: 读取文件成功
2016-12-23T05:05:41: 读取文件成功
2016-12-23T05:05:51: 读取文件成功
2016-12-23T05:06:01: 读取文件成功
2016-12-23T05:06:11: 读取文件成功
2016-12-23T05:06:21: 读取文件成功
2016-12-23T05:06:31: 读取文件成功
2016-12-23T05:06:41: 读取文件成功
2016-12-23T05:06:51: 读取文件成功
2016-12-23T05:07:01: 读取文件成功
2016-12-23T05:07:11: 读取文件成功
2016-12-23T05:07:21: 读取文件成功
2016-12-23T05:07:31: 读取文件成功
2016-12-23T05:07:41: 读取文件成功
2016-12-23T05:07:51: 读取文件成功
2016-12-23T05:08:01: 读取文件成功
2016-12-23T05:08:11: 读取文件成功
2016-12-23T05:08:21: 读取文件成功
2016-12-23T05:08:31: 读取文件成功
2016-12-23T05:08:41: 读取文件成功
2016-12-23T05:08:51: 读取文件成功
2016-12-23T05:09:01: 读取文件成功
2016-12-23T05:09:11: 读取文件成功
2016-12-23T05:09:21: 读取文件成功
2016-12-23T05:09:31: 读取文件成功
2016-12-23T05:09:41: 读取文件成功
2016-12-23T05:09:51: 读取文件成功
2016-12-23T05:10:01: 读取文件成功
2016-12-23T05:10:12: 读取文件成功
2016-12-23T05:10:23: 读取文件成功
2016-12-23T05:10:32: 读取文件成功
2016-12-23T05:10:42: 读取文件成功
2016-12-23T05:10:52: 读取文件成功
2016-12-23T05:11:03: 读取文件成功
2016-12-23T05:11:17: 读取文件成功
2016-12-23T05:11:23: 读取文件成功
2016-12-23T05:11:33: 读取文件成功
2016-12-23T05:11:41: 读取文件成功
2016-12-23T05:11:52: 读取文件成功
2016-12-23T05:12:11: 读取文件成功
2016-12-23T05:12:19: 读取文件成功
2016-12-23T05:12:23: 读取文件成功
2016-12-23T05:12:31: 读取文件成功
2016-12-23T05:12:42: 读取文件成功
2016-12-23T05:12:52: 读取文件成功
2016-12-23T05:13:01: 读取文件成功
2016-12-23T05:13:12: 读取文件成功
2016-12-23T05:13:22: 读取文件成功
2016-12-23T05:13:32: 读取文件成功
2016-12-23T05:13:42: 读取文件成功
2016-12-23T05:13:52: 读取文件成功
2016-12-23T05:14:02: 读取文件成功
2016-12-23T05:14:11: 读取文件成功
2016-12-23T05:14:22: 读取文件成功
2016-12-23T05:14:32: 读取文件成功
2016-12-23T05:14:42: 读取文件成功
2016-12-23T05:14:52: 读取文件成功
2016-12-23T05:15:01: 读取文件成功
2016-12-23T05:15:11: 读取文件成功
2016-12-23T05:15:21: 读取文件成功
2016-12-23T05:15:31: 读取文件成功
2016-12-23T05:15:41: 读取文件成功
2016-12-23T05:15:51: 读取文件成功
2016-12-23T05:16:01: 读取文件成功
2016-12-23T05:16:11: 读取文件成功
2016-12-23T05:16:21: 读取文件成功
2016-12-23T05:16:31: 读取文件成功
2016-12-23T05:16:41: 读取文件成功
2016-12-23T05:16:51: 读取文件成功
2016-12-23T05:17:01: 读取文件成功
2016-12-23T05:17:12: 读取文件成功
2016-12-23T05:17:21: 读取文件成功
2016-12-23T05:17:31: 读取文件成功
2016-12-23T05:17:41: 读取文件成功
2016-12-23T05:17:51: 读取文件成功
2016-12-23T05:18:01: 读取文件成功
2016-12-23T05:18:12: 读取文件成功
2016-12-23T05:18:21: 读取文件成功
2016-12-23T05:18:31: 读取文件成功
2016-12-23T05:18:41: 读取文件成功
2016-12-23T05:18:52: 读取文件成功
2016-12-23T05:19:02: 读取文件成功
2016-12-23T05:19:12: 读取文件成功
2016-12-23T05:19:22: 读取文件成功
2016-12-23T05:19:32: 读取文件成功
2016-12-23T05:19:42: 读取文件成功
2016-12-23T05:19:52: 读取文件成功
2016-12-23T05:20:02: 读取文件成功
2016-12-23T05:20:12: 读取文件成功
2016-12-23T05:20:22: 读取文件成功
2016-12-23T05:20:32: 读取文件成功
2016-12-23T05:20:42: 读取文件成功
2016-12-23T05:20:52: 读取文件成功
2016-12-23T05:21:02: 读取文件成功
2016-12-23T05:21:12: 读取文件成功
2016-12-23T05:21:22: 读取文件成功
2016-12-23T05:21:32: 读取文件成功
2016-12-23T05:21:42: 读取文件成功
2016-12-23T05:21:52: 读取文件成功
2016-12-23T05:22:02: 读取文件成功
2016-12-23T05:22:12: 读取文件成功
2016-12-23T05:22:22: 读取文件成功
2016-12-23T05:22:32: 读取文件成功
2016-12-23T05:22:42: 读取文件成功
2016-12-23T05:22:52: 读取文件成功
2016-12-23T05:23:02: 读取文件成功
2016-12-23T05:23:12: 读取文件成功
2016-12-23T05:23:22: 读取文件成功
2016-12-23T05:23:32: 读取文件成功
2016-12-23T05:23:42: 读取文件成功
2016-12-23T05:23:52: 读取文件成功
2016-12-23T05:24:02: 读取文件成功
2016-12-23T05:24:12: 读取文件成功
2016-12-23T05:24:22: 读取文件成功
2016-12-23T05:24:32: 读取文件成功
2016-12-23T05:24:42: 读取文件成功
2016-12-23T05:24:52: 读取文件成功
2016-12-23T05:25:02: 读取文件成功
2016-12-23T05:25:12: 读取文件成功
2016-12-23T05:25:22: 读取文件成功
2016-12-23T05:25:32: 读取文件成功
2016-12-23T05:25:42: 读取文件成功
2016-12-23T05:25:52: 读取文件成功
2016-12-23T05:26:02: 读取文件成功
2016-12-23T05:26:12: 读取文件成功
2016-12-23T05:26:22: 读取文件成功
2016-12-23T05:26:32: 读取文件成功
2016-12-23T05:26:42: 读取文件成功
2016-12-23T05:26:52: 读取文件成功
2016-12-23T05:27:02: 读取文件成功
2016-12-23T05:27:12: 读取文件成功
2016-12-23T05:27:22: 读取文件成功
2016-12-23T05:27:32: 读取文件成功
2016-12-23T05:27:42: 读取文件成功
2016-12-23T05:27:52: 读取文件成功
2016-12-23T05:28:02: 读取文件成功
2016-12-23T05:28:12: 读取文件成功
2016-12-23T05:28:22: 读取文件成功
2016-12-23T05:28:32: 读取文件成功
2016-12-23T05:28:42: 读取文件成功
2016-12-23T05:28:52: 读取文件成功
2016-12-23T05:29:02: 读取文件成功
2016-12-23T05:29:12: 读取文件成功
2016-12-23T05:29:22: 读取文件成功
2016-12-23T05:29:32: 读取文件成功
2016-12-23T05:29:42: 读取文件成功
2016-12-23T05:29:52: 读取文件成功
2016-12-23T05:30:02: 读取文件成功
2016-12-23T05:30:12: 读取文件成功
2016-12-23T05:30:22: 读取文件成功
2016-12-23T05:30:32: 读取文件成功
2016-12-23T05:30:42: 读取文件成功
2016-12-23T05:30:52: 读取文件成功
2016-12-23T05:31:02: 读取文件成功
2016-12-23T05:31:12: 读取文件成功
2016-12-23T05:31:22: 读取文件成功
2016-12-23T05:31:32: 读取文件成功
2016-12-23T05:31:42: 读取文件成功
2016-12-23T05:31:52: 读取文件成功
2016-12-23T05:32:02: 读取文件成功
2016-12-23T05:32:12: 读取文件成功
2016-12-23T05:32:22: 读取文件成功
2016-12-23T05:32:32: 读取文件成功
2016-12-23T05:32:42: 读取文件成功
2016-12-23T05:32:52: 读取文件成功
2016-12-23T05:33:02: 读取文件成功
2016-12-23T05:33:12: 读取文件成功
2016-12-23T05:33:22: 读取文件成功
2016-12-23T05:33:32: 读取文件成功
2016-12-23T05:33:42: 读取文件成功
2016-12-23T05:33:52: 读取文件成功
2016-12-23T05:34:02: 读取文件成功
2016-12-23T05:34:12: 读取文件成功
2016-12-23T05:34:22: 读取文件成功
2016-12-23T05:34:32: 读取文件成功
2016-12-23T05:34:42: 读取文件成功
2016-12-23T05:34:52: 读取文件成功
2016-12-23T05:35:02: 读取文件成功
2016-12-23T05:35:12: 读取文件成功
2016-12-23T05:35:22: 读取文件成功
2016-12-23T05:35:32: 读取文件成功
2016-12-23T05:35:42: 读取文件成功
2016-12-23T05:35:52: 读取文件成功
2016-12-23T05:36:02: 读取文件成功
2016-12-23T05:36:12: 读取文件成功
2016-12-23T05:36:22: 读取文件成功
2016-12-23T05:36:32: 读取文件成功
2016-12-23T05:36:42: 读取文件成功
2016-12-23T05:36:52: 读取文件成功
2016-12-23T05:37:02: 读取文件成功
2016-12-23T05:37:12: 读取文件成功
2016-12-23T05:37:22: 读取文件成功
2016-12-23T05:37:32: 读取文件成功
2016-12-23T05:37:43: 读取文件成功
2016-12-23T05:37:52: 读取文件成功
2016-12-23T05:38:03: 读取文件成功
2016-12-23T05:38:13: 读取文件成功
2016-12-23T05:38:23: 读取文件成功
2016-12-23T05:38:33: 读取文件成功
2016-12-23T05:38:43: 读取文件成功
2016-12-23T05:38:53: 读取文件成功
2016-12-23T05:39:03: 读取文件成功
2016-12-23T05:39:13: 读取文件成功
2016-12-23T05:39:23: 读取文件成功
2016-12-23T05:39:33: 读取文件成功
2016-12-23T05:39:43: 读取文件成功
2016-12-23T05:39:53: 读取文件成功
2016-12-23T05:40:03: 读取文件成功
2016-12-23T05:40:13: 读取文件成功
2016-12-23T05:40:23: 读取文件成功
2016-12-23T05:40:33: 读取文件成功
2016-12-23T05:40:43: 读取文件成功
2016-12-23T05:40:53: 读取文件成功
2016-12-23T05:41:03: 读取文件成功
2016-12-23T05:41:13: 读取文件成功
2016-12-23T05:41:23: 读取文件成功
2016-12-23T05:41:33: 读取文件成功
2016-12-23T05:41:43: 读取文件成功
2016-12-23T05:41:53: 读取文件成功
2016-12-23T05:42:03: 读取文件成功
2016-12-23T05:42:13: 读取文件成功
2016-12-23T05:42:23: 读取文件成功
2016-12-23T05:42:33: 读取文件成功
2016-12-23T05:42:43: 读取文件成功
2016-12-23T05:42:53: 读取文件成功
2016-12-23T05:43:03: 读取文件成功
2016-12-23T05:43:13: 读取文件成功
2016-12-23T05:43:23: 读取文件成功
2016-12-23T05:43:33: 读取文件成功
2016-12-23T05:43:43: 读取文件成功
2016-12-23T05:43:53: 读取文件成功
2016-12-23T05:44:03: 读取文件成功
2016-12-23T05:44:13: 读取文件成功
2016-12-23T05:44:23: 读取文件成功
2016-12-23T05:44:33: 读取文件成功
2016-12-23T05:44:43: 读取文件成功
2016-12-23T05:44:53: 读取文件成功
2016-12-23T05:45:03: 读取文件成功
2016-12-23T05:45:13: 读取文件成功
2016-12-23T05:45:23: 读取文件成功
2016-12-23T05:45:33: 读取文件成功
2016-12-23T05:45:43: 读取文件成功
2016-12-23T05:45:53: 读取文件成功
2016-12-23T05:46:03: 读取文件成功
2016-12-23T05:46:13: 读取文件成功
2016-12-23T05:46:23: 读取文件成功
2016-12-23T05:46:33: 读取文件成功
2016-12-23T05:46:43: 读取文件成功
2016-12-23T05:46:53: 读取文件成功
2016-12-23T05:47:03: 读取文件成功
2016-12-23T05:47:13: 读取文件成功
2016-12-23T05:47:23: 读取文件成功
2016-12-23T05:47:33: 读取文件成功
2016-12-23T05:47:43: 读取文件成功
2016-12-23T05:47:53: 读取文件成功
2016-12-23T05:48:03: 读取文件成功
2016-12-23T05:48:13: 读取文件成功
2016-12-23T05:48:23: 读取文件成功
2016-12-23T05:48:33: 读取文件成功
2016-12-23T05:48:43: 读取文件成功
2016-12-23T05:48:53: 读取文件成功
2016-12-23T05:49:03: 读取文件成功
2016-12-23T05:49:13: 读取文件成功
2016-12-23T05:49:23: 读取文件成功
2016-12-23T05:49:33: 读取文件成功
2016-12-23T05:49:43: 读取文件成功
2016-12-23T05:49:53: 读取文件成功
2016-12-23T05:50:03: 读取文件成功
2016-12-23T05:50:13: 读取文件成功
2016-12-23T05:50:23: 读取文件成功
2016-12-23T05:50:33: 读取文件成功
2016-12-23T05:50:43: 读取文件成功
2016-12-23T05:50:53: 读取文件成功
2016-12-23T05:51:03: 读取文件成功
2016-12-23T05:51:13: 读取文件成功
2016-12-23T05:51:23: 读取文件成功
2016-12-23T05:51:33: 读取文件成功
2016-12-23T05:51:43: 读取文件成功
2016-12-23T05:51:53: 读取文件成功
2016-12-23T05:52:03: 读取文件成功
2016-12-23T05:52:13: 读取文件成功
2016-12-23T05:52:23: 读取文件成功
2016-12-23T05:52:33: 读取文件成功
2016-12-23T05:52:43: 读取文件成功
2016-12-23T05:52:53: 读取文件成功
2016-12-23T05:53:03: 读取文件成功
2016-12-23T05:53:13: 读取文件成功
2016-12-23T05:53:23: 读取文件成功
2016-12-23T05:53:33: 读取文件成功
2016-12-23T05:53:43: 读取文件成功
2016-12-23T05:53:53: 读取文件成功
2016-12-23T05:54:03: 读取文件成功
2016-12-23T05:54:13: 读取文件成功
2016-12-23T05:54:23: 读取文件成功
2016-12-23T05:54:33: 读取文件成功
2016-12-23T05:54:43: 读取文件成功
2016-12-23T05:54:53: 读取文件成功
2016-12-23T05:55:03: 读取文件成功
2016-12-23T05:55:13: 读取文件成功
2016-12-23T05:55:23: 读取文件成功
2016-12-23T05:55:33: 读取文件成功
2016-12-23T05:55:43: 读取文件成功
2016-12-23T05:55:53: 读取文件成功
2016-12-23T05:56:03: 读取文件成功
2016-12-23T05:56:13: 读取文件成功
2016-12-23T05:56:23: 读取文件成功
2016-12-23T05:56:33: 读取文件成功
2016-12-23T05:56:43: 读取文件成功
2016-12-23T05:56:53: 读取文件成功
2016-12-23T05:57:03: 读取文件成功
2016-12-23T05:57:13: 读取文件成功
2016-12-23T05:57:24: 读取文件成功
2016-12-23T05:57:34: 读取文件成功
2016-12-23T05:57:44: 读取文件成功
2016-12-23T05:57:54: 读取文件成功
2016-12-23T05:58:04: 读取文件成功
2016-12-23T05:58:14: 读取文件成功
2016-12-23T05:58:24: 读取文件成功
2016-12-23T05:58:34: 读取文件成功
2016-12-23T05:58:44: 读取文件成功
2016-12-23T05:58:54: 读取文件成功
2016-12-23T05:59:04: 读取文件成功
2016-12-23T05:59:14: 读取文件成功
2016-12-23T05:59:24: 读取文件成功
2016-12-23T05:59:34: 读取文件成功
2016-12-23T05:59:44: 读取文件成功
2016-12-23T05:59:54: 读取文件成功
2016-12-23T06:00:04: 读取文件成功
2016-12-23T06:00:14: 读取文件成功
2016-12-23T06:00:24: 读取文件成功
2016-12-23T06:00:34: 读取文件成功
2016-12-23T06:00:44: 读取文件成功
2016-12-23T06:00:54: 读取文件成功
2016-12-23T06:01:04: 读取文件成功
2016-12-23T06:01:14: 读取文件成功
2016-12-23T06:01:24: 读取文件成功
2016-12-23T06:01:34: 读取文件成功
2016-12-23T06:01:44: 读取文件成功
2016-12-23T06:01:54: 读取文件成功
2016-12-23T06:02:04: 读取文件成功
2016-12-23T06:02:14: 读取文件成功
2016-12-23T06:02:24: 读取文件成功
2016-12-23T06:02:34: 读取文件成功
2016-12-23T06:02:44: 读取文件成功
2016-12-23T06:02:54: 读取文件成功
2016-12-23T06:03:04: 读取文件成功
2016-12-23T06:03:14: 读取文件成功
2016-12-23T06:03:24: 读取文件成功
2016-12-23T06:03:34: 读取文件成功
2016-12-23T06:03:44: 读取文件成功
2016-12-23T06:03:54: 读取文件成功
2016-12-23T06:04:04: 读取文件成功
2016-12-23T06:04:14: 读取文件成功
2016-12-23T06:04:24: 读取文件成功
2016-12-23T06:04:34: 读取文件成功
2016-12-23T06:04:44: 读取文件成功
2016-12-23T06:04:54: 读取文件成功
2016-12-23T06:05:04: 读取文件成功
2016-12-23T06:05:14: 读取文件成功
2016-12-23T06:05:24: 读取文件成功
2016-12-23T06:05:34: 读取文件成功
2016-12-23T06:05:44: 读取文件成功
2016-12-23T06:05:54: 读取文件成功
2016-12-23T06:06:04: 读取文件成功
2016-12-23T06:06:14: 读取文件成功
2016-12-23T06:06:24: 读取文件成功
2016-12-23T06:06:34: 读取文件成功
2016-12-23T06:06:44: 读取文件成功
2016-12-23T06:06:54: 读取文件成功
2016-12-23T06:07:04: 读取文件成功
2016-12-23T06:07:14: 读取文件成功
2016-12-23T06:07:24: 读取文件成功
2016-12-23T06:07:34: 读取文件成功
2016-12-23T06:07:44: 读取文件成功
2016-12-23T06:07:54: 读取文件成功
2016-12-23T06:08:04: 读取文件成功
2016-12-23T06:08:14: 读取文件成功
2016-12-23T06:08:24: 读取文件成功
2016-12-23T06:08:34: 读取文件成功
2016-12-23T06:08:44: 读取文件成功
2016-12-23T06:08:54: 读取文件成功
2016-12-23T06:09:04: 读取文件成功
2016-12-23T06:09:14: 读取文件成功
2016-12-23T06:09:24: 读取文件成功
2016-12-23T06:09:34: 读取文件成功
2016-12-23T06:09:44: 读取文件成功
2016-12-23T06:09:54: 读取文件成功
2016-12-23T06:10:04: 读取文件成功
2016-12-23T06:10:14: 读取文件成功
2016-12-23T06:10:24: 读取文件成功
2016-12-23T06:10:34: 读取文件成功
2016-12-23T06:10:44: 读取文件成功
2016-12-23T06:10:54: 读取文件成功
2016-12-23T06:11:04: 读取文件成功
2016-12-23T06:11:14: 读取文件成功
2016-12-23T06:11:24: 读取文件成功
2016-12-23T06:11:34: 读取文件成功
2016-12-23T06:11:44: 读取文件成功
2016-12-23T06:11:54: 读取文件成功
2016-12-23T06:12:04: 读取文件成功
2016-12-23T06:12:14: 读取文件成功
2016-12-23T06:12:24: 读取文件成功
2016-12-23T06:12:34: 读取文件成功
2016-12-23T06:12:44: 读取文件成功
2016-12-23T06:12:54: 读取文件成功
2016-12-23T06:13:04: 读取文件成功
2016-12-23T06:13:14: 读取文件成功
2016-12-23T06:13:24: 读取文件成功
2016-12-23T06:13:35: 读取文件成功
2016-12-23T06:13:44: 读取文件成功
2016-12-23T06:13:54: 读取文件成功
2016-12-23T06:14:04: 读取文件成功
2016-12-23T06:14:14: 读取文件成功
2016-12-23T06:14:24: 读取文件成功
2016-12-23T06:14:34: 读取文件成功
2016-12-23T06:14:44: 读取文件成功
2016-12-23T06:14:54: 读取文件成功
2016-12-23T06:15:04: 读取文件成功
2016-12-23T06:15:14: 读取文件成功
2016-12-23T06:15:24: 读取文件成功
2016-12-23T06:15:34: 读取文件成功
2016-12-23T06:15:44: 读取文件成功
2016-12-23T06:15:54: 读取文件成功
2016-12-23T06:16:05: 读取文件成功
2016-12-23T06:16:14: 读取文件成功
2016-12-23T06:16:24: 读取文件成功
2016-12-23T06:16:34: 读取文件成功
2016-12-23T06:16:45: 读取文件成功
2016-12-23T06:16:55: 读取文件成功
2016-12-23T06:17:05: 读取文件成功
2016-12-23T06:17:15: 读取文件成功
2016-12-23T06:17:25: 读取文件成功
2016-12-23T06:17:35: 读取文件成功
2016-12-23T06:17:45: 读取文件成功
2016-12-23T06:17:55: 读取文件成功
2016-12-23T06:18:05: 读取文件成功
2016-12-23T06:18:15: 读取文件成功
2016-12-23T06:18:25: 读取文件成功
2016-12-23T06:18:35: 读取文件成功
2016-12-23T06:18:45: 读取文件成功
2016-12-23T06:18:55: 读取文件成功
2016-12-23T06:19:05: 读取文件成功
2016-12-23T06:19:15: 读取文件成功
2016-12-23T06:19:25: 读取文件成功
2016-12-23T06:19:35: 读取文件成功
2016-12-23T06:19:45: 读取文件成功
2016-12-23T06:19:55: 读取文件成功
2016-12-23T06:20:05: 读取文件成功
2016-12-23T06:20:15: 读取文件成功
2016-12-23T06:20:25: 读取文件成功
2016-12-23T06:20:35: 读取文件成功
2016-12-23T06:20:45: 读取文件成功
2016-12-23T06:20:55: 读取文件成功
2016-12-23T06:21:05: 读取文件成功
2016-12-23T06:21:15: 读取文件成功
2016-12-23T06:21:25: 读取文件成功
2016-12-23T06:21:35: 读取文件成功
2016-12-23T06:21:45: 读取文件成功
2016-12-23T06:21:55: 读取文件成功
2016-12-23T06:22:05: 读取文件成功
2016-12-23T06:22:15: 读取文件成功
2016-12-23T06:22:25: 读取文件成功
2016-12-23T06:22:35: 读取文件成功
2016-12-23T06:22:45: 读取文件成功
2016-12-23T06:22:55: 读取文件成功
2016-12-23T06:23:05: 读取文件成功
2016-12-23T06:23:15: 读取文件成功
2016-12-23T06:23:25: 读取文件成功
2016-12-23T06:23:35: 读取文件成功
2016-12-23T06:23:45: 读取文件成功
2016-12-23T06:23:55: 读取文件成功
2016-12-23T06:24:05: 读取文件成功
2016-12-23T06:24:15: 读取文件成功
2016-12-23T06:24:25: 读取文件成功
2016-12-23T06:24:35: 读取文件成功
2016-12-23T06:24:45: 读取文件成功
2016-12-23T06:24:55: 读取文件成功
2016-12-23T06:25:05: 读取文件成功
2016-12-23T06:25:15: 读取文件成功
2016-12-23T06:25:25: 读取文件成功
2016-12-23T06:25:35: 读取文件成功
2016-12-23T06:25:45: 读取文件成功
2016-12-23T06:25:55: 读取文件成功
2016-12-23T06:26:05: 读取文件成功
2016-12-23T06:26:15: 读取文件成功
2016-12-23T06:26:25: 读取文件成功
2016-12-23T06:26:35: 读取文件成功
2016-12-23T06:26:45: 读取文件成功
2016-12-23T06:26:55: 读取文件成功
2016-12-23T06:27:05: 读取文件成功
2016-12-23T06:27:15: 读取文件成功
2016-12-23T06:27:25: 读取文件成功
2016-12-23T06:27:35: 读取文件成功
2016-12-23T06:27:45: 读取文件成功
2016-12-23T06:27:55: 读取文件成功
2016-12-23T06:28:05: 读取文件成功
2016-12-23T06:28:15: 读取文件成功
2016-12-23T06:28:25: 读取文件成功
2016-12-23T06:28:35: 读取文件成功
2016-12-23T06:28:45: 读取文件成功
2016-12-23T06:28:55: 读取文件成功
2016-12-23T06:29:05: 读取文件成功
