2016-12-22T00:00:08: 非记录时间：2016-12-22T00:00:08+08:00
2016-12-22T00:00:18: 非记录时间：2016-12-22T00:00:18+08:00
2016-12-22T00:00:28: 非记录时间：2016-12-22T00:00:28+08:00
2016-12-22T00:00:38: 非记录时间：2016-12-22T00:00:38+08:00
2016-12-22T00:00:48: 非记录时间：2016-12-22T00:00:48+08:00
2016-12-22T00:00:58: 非记录时间：2016-12-22T00:00:58+08:00
2016-12-22T00:01:08: 非记录时间：2016-12-22T00:01:08+08:00
2016-12-22T00:01:18: 非记录时间：2016-12-22T00:01:18+08:00
2016-12-22T00:01:28: 非记录时间：2016-12-22T00:01:28+08:00
2016-12-22T00:01:38: 非记录时间：2016-12-22T00:01:38+08:00
2016-12-22T00:01:48: 非记录时间：2016-12-22T00:01:48+08:00
2016-12-22T00:01:58: 非记录时间：2016-12-22T00:01:58+08:00
2016-12-22T00:02:08: 非记录时间：2016-12-22T00:02:08+08:00
2016-12-22T00:02:18: 非记录时间：2016-12-22T00:02:18+08:00
2016-12-22T00:02:28: 非记录时间：2016-12-22T00:02:28+08:00
2016-12-22T00:02:38: 非记录时间：2016-12-22T00:02:38+08:00
2016-12-22T00:02:48: 非记录时间：2016-12-22T00:02:48+08:00
2016-12-22T00:02:58: 非记录时间：2016-12-22T00:02:58+08:00
2016-12-22T00:03:08: 非记录时间：2016-12-22T00:03:08+08:00
2016-12-22T00:03:18: 非记录时间：2016-12-22T00:03:18+08:00
2016-12-22T00:03:28: 非记录时间：2016-12-22T00:03:28+08:00
2016-12-22T00:03:38: 非记录时间：2016-12-22T00:03:38+08:00
2016-12-22T00:03:48: 非记录时间：2016-12-22T00:03:48+08:00
2016-12-22T00:03:58: 非记录时间：2016-12-22T00:03:58+08:00
2016-12-22T00:04:08: 非记录时间：2016-12-22T00:04:08+08:00
2016-12-22T00:04:18: 非记录时间：2016-12-22T00:04:18+08:00
2016-12-22T00:04:28: 非记录时间：2016-12-22T00:04:28+08:00
2016-12-22T00:04:38: 非记录时间：2016-12-22T00:04:38+08:00
2016-12-22T00:04:48: 非记录时间：2016-12-22T00:04:48+08:00
2016-12-22T00:04:58: 非记录时间：2016-12-22T00:04:58+08:00
2016-12-22T00:05:08: 非记录时间：2016-12-22T00:05:08+08:00
2016-12-22T00:05:18: 非记录时间：2016-12-22T00:05:18+08:00
2016-12-22T00:05:28: 非记录时间：2016-12-22T00:05:28+08:00
2016-12-22T00:05:38: 非记录时间：2016-12-22T00:05:38+08:00
2016-12-22T00:05:48: 非记录时间：2016-12-22T00:05:48+08:00
2016-12-22T00:05:58: 非记录时间：2016-12-22T00:05:58+08:00
2016-12-22T00:06:08: 非记录时间：2016-12-22T00:06:08+08:00
2016-12-22T00:06:18: 非记录时间：2016-12-22T00:06:18+08:00
2016-12-22T00:06:28: 非记录时间：2016-12-22T00:06:28+08:00
2016-12-22T00:06:38: 非记录时间：2016-12-22T00:06:38+08:00
2016-12-22T00:06:48: 非记录时间：2016-12-22T00:06:48+08:00
2016-12-22T00:06:58: 非记录时间：2016-12-22T00:06:58+08:00
2016-12-22T00:07:08: 非记录时间：2016-12-22T00:07:08+08:00
2016-12-22T00:07:18: 非记录时间：2016-12-22T00:07:18+08:00
2016-12-22T00:07:28: 非记录时间：2016-12-22T00:07:28+08:00
2016-12-22T00:07:38: 非记录时间：2016-12-22T00:07:38+08:00
2016-12-22T00:07:48: 非记录时间：2016-12-22T00:07:48+08:00
2016-12-22T00:07:58: 非记录时间：2016-12-22T00:07:58+08:00
2016-12-22T00:08:08: 非记录时间：2016-12-22T00:08:08+08:00
2016-12-22T00:08:18: 非记录时间：2016-12-22T00:08:18+08:00
2016-12-22T00:08:28: 非记录时间：2016-12-22T00:08:28+08:00
2016-12-22T00:08:38: 非记录时间：2016-12-22T00:08:38+08:00
2016-12-22T00:08:48: 非记录时间：2016-12-22T00:08:48+08:00
2016-12-22T00:08:58: 非记录时间：2016-12-22T00:08:58+08:00
2016-12-22T00:09:08: 非记录时间：2016-12-22T00:09:08+08:00
2016-12-22T00:09:18: 非记录时间：2016-12-22T00:09:18+08:00
2016-12-22T00:09:28: 非记录时间：2016-12-22T00:09:28+08:00
2016-12-22T00:09:38: 非记录时间：2016-12-22T00:09:38+08:00
2016-12-22T00:09:48: 非记录时间：2016-12-22T00:09:48+08:00
2016-12-22T00:09:58: 非记录时间：2016-12-22T00:09:58+08:00
2016-12-22T00:10:08: 非记录时间：2016-12-22T00:10:08+08:00
2016-12-22T00:10:18: 非记录时间：2016-12-22T00:10:18+08:00
2016-12-22T00:10:28: 非记录时间：2016-12-22T00:10:28+08:00
2016-12-22T00:10:38: 非记录时间：2016-12-22T00:10:38+08:00
2016-12-22T00:10:48: 非记录时间：2016-12-22T00:10:48+08:00
2016-12-22T00:10:58: 非记录时间：2016-12-22T00:10:58+08:00
2016-12-22T00:11:08: 非记录时间：2016-12-22T00:11:08+08:00
2016-12-22T00:11:18: 非记录时间：2016-12-22T00:11:18+08:00
2016-12-22T00:11:28: 非记录时间：2016-12-22T00:11:28+08:00
2016-12-22T00:11:38: 非记录时间：2016-12-22T00:11:38+08:00
2016-12-22T00:11:48: 非记录时间：2016-12-22T00:11:48+08:00
2016-12-22T00:11:58: 非记录时间：2016-12-22T00:11:58+08:00
2016-12-22T00:12:08: 非记录时间：2016-12-22T00:12:08+08:00
2016-12-22T00:12:18: 非记录时间：2016-12-22T00:12:18+08:00
2016-12-22T00:12:28: 非记录时间：2016-12-22T00:12:28+08:00
2016-12-22T00:12:38: 非记录时间：2016-12-22T00:12:38+08:00
2016-12-22T00:12:48: 非记录时间：2016-12-22T00:12:48+08:00
2016-12-22T00:12:58: 非记录时间：2016-12-22T00:12:58+08:00
2016-12-22T00:13:08: 非记录时间：2016-12-22T00:13:08+08:00
2016-12-22T00:13:18: 非记录时间：2016-12-22T00:13:18+08:00
2016-12-22T00:13:28: 非记录时间：2016-12-22T00:13:28+08:00
2016-12-22T00:13:38: 非记录时间：2016-12-22T00:13:38+08:00
2016-12-22T00:13:48: 非记录时间：2016-12-22T00:13:48+08:00
2016-12-22T00:13:58: 非记录时间：2016-12-22T00:13:58+08:00
2016-12-22T00:14:08: 非记录时间：2016-12-22T00:14:08+08:00
2016-12-22T00:14:18: 非记录时间：2016-12-22T00:14:18+08:00
2016-12-22T00:14:28: 非记录时间：2016-12-22T00:14:28+08:00
2016-12-22T00:14:38: 非记录时间：2016-12-22T00:14:38+08:00
2016-12-22T00:14:48: 非记录时间：2016-12-22T00:14:48+08:00
2016-12-22T00:14:58: 非记录时间：2016-12-22T00:14:58+08:00
2016-12-22T00:15:08: 非记录时间：2016-12-22T00:15:08+08:00
2016-12-22T00:15:18: 非记录时间：2016-12-22T00:15:18+08:00
2016-12-22T00:15:28: 非记录时间：2016-12-22T00:15:28+08:00
2016-12-22T00:15:38: 非记录时间：2016-12-22T00:15:38+08:00
2016-12-22T00:15:48: 非记录时间：2016-12-22T00:15:48+08:00
2016-12-22T00:15:58: 非记录时间：2016-12-22T00:15:58+08:00
2016-12-22T00:16:08: 非记录时间：2016-12-22T00:16:08+08:00
2016-12-22T00:16:18: 非记录时间：2016-12-22T00:16:18+08:00
2016-12-22T00:16:28: 非记录时间：2016-12-22T00:16:28+08:00
2016-12-22T00:16:38: 非记录时间：2016-12-22T00:16:38+08:00
2016-12-22T00:16:48: 非记录时间：2016-12-22T00:16:48+08:00
2016-12-22T00:16:58: 非记录时间：2016-12-22T00:16:58+08:00
2016-12-22T00:17:08: 非记录时间：2016-12-22T00:17:08+08:00
2016-12-22T00:17:18: 非记录时间：2016-12-22T00:17:18+08:00
2016-12-22T00:17:28: 非记录时间：2016-12-22T00:17:28+08:00
2016-12-22T00:17:38: 非记录时间：2016-12-22T00:17:38+08:00
2016-12-22T00:17:48: 非记录时间：2016-12-22T00:17:48+08:00
2016-12-22T00:17:58: 非记录时间：2016-12-22T00:17:58+08:00
2016-12-22T00:18:08: 非记录时间：2016-12-22T00:18:08+08:00
2016-12-22T00:18:18: 非记录时间：2016-12-22T00:18:18+08:00
2016-12-22T00:18:28: 非记录时间：2016-12-22T00:18:28+08:00
2016-12-22T00:18:38: 非记录时间：2016-12-22T00:18:38+08:00
2016-12-22T00:18:48: 非记录时间：2016-12-22T00:18:48+08:00
2016-12-22T00:18:58: 非记录时间：2016-12-22T00:18:58+08:00
2016-12-22T00:19:08: 非记录时间：2016-12-22T00:19:08+08:00
2016-12-22T00:19:18: 非记录时间：2016-12-22T00:19:18+08:00
2016-12-22T00:19:28: 非记录时间：2016-12-22T00:19:28+08:00
2016-12-22T00:19:38: 非记录时间：2016-12-22T00:19:38+08:00
2016-12-22T00:19:48: 非记录时间：2016-12-22T00:19:48+08:00
2016-12-22T00:19:58: 非记录时间：2016-12-22T00:19:58+08:00
2016-12-22T00:20:08: 非记录时间：2016-12-22T00:20:08+08:00
2016-12-22T00:20:18: 非记录时间：2016-12-22T00:20:18+08:00
2016-12-22T00:20:28: 非记录时间：2016-12-22T00:20:28+08:00
2016-12-22T00:20:38: 非记录时间：2016-12-22T00:20:38+08:00
2016-12-22T00:20:48: 非记录时间：2016-12-22T00:20:48+08:00
2016-12-22T00:20:58: 非记录时间：2016-12-22T00:20:58+08:00
2016-12-22T00:21:08: 非记录时间：2016-12-22T00:21:08+08:00
2016-12-22T00:21:18: 非记录时间：2016-12-22T00:21:18+08:00
2016-12-22T00:21:28: 非记录时间：2016-12-22T00:21:28+08:00
2016-12-22T00:21:38: 非记录时间：2016-12-22T00:21:38+08:00
2016-12-22T00:21:48: 非记录时间：2016-12-22T00:21:48+08:00
2016-12-22T00:21:58: 非记录时间：2016-12-22T00:21:58+08:00
2016-12-22T00:22:08: 非记录时间：2016-12-22T00:22:08+08:00
2016-12-22T00:22:18: 非记录时间：2016-12-22T00:22:18+08:00
2016-12-22T00:22:28: 非记录时间：2016-12-22T00:22:28+08:00
2016-12-22T00:22:38: 非记录时间：2016-12-22T00:22:38+08:00
2016-12-22T00:22:48: 非记录时间：2016-12-22T00:22:48+08:00
2016-12-22T00:22:58: 非记录时间：2016-12-22T00:22:58+08:00
2016-12-22T00:23:08: 非记录时间：2016-12-22T00:23:08+08:00
2016-12-22T00:23:18: 非记录时间：2016-12-22T00:23:18+08:00
2016-12-22T00:23:28: 非记录时间：2016-12-22T00:23:28+08:00
2016-12-22T00:23:38: 非记录时间：2016-12-22T00:23:38+08:00
2016-12-22T00:23:48: 非记录时间：2016-12-22T00:23:48+08:00
2016-12-22T00:23:58: 非记录时间：2016-12-22T00:23:58+08:00
2016-12-22T00:24:08: 非记录时间：2016-12-22T00:24:08+08:00
2016-12-22T00:24:18: 非记录时间：2016-12-22T00:24:18+08:00
2016-12-22T00:24:28: 非记录时间：2016-12-22T00:24:28+08:00
2016-12-22T00:24:38: 非记录时间：2016-12-22T00:24:38+08:00
2016-12-22T00:24:48: 非记录时间：2016-12-22T00:24:48+08:00
2016-12-22T00:24:58: 非记录时间：2016-12-22T00:24:58+08:00
2016-12-22T00:25:08: 非记录时间：2016-12-22T00:25:08+08:00
2016-12-22T00:25:18: 非记录时间：2016-12-22T00:25:18+08:00
2016-12-22T00:25:28: 非记录时间：2016-12-22T00:25:28+08:00
2016-12-22T00:25:38: 非记录时间：2016-12-22T00:25:38+08:00
2016-12-22T00:25:48: 非记录时间：2016-12-22T00:25:48+08:00
2016-12-22T00:25:58: 非记录时间：2016-12-22T00:25:58+08:00
2016-12-22T00:26:08: 非记录时间：2016-12-22T00:26:08+08:00
2016-12-22T00:26:18: 非记录时间：2016-12-22T00:26:18+08:00
2016-12-22T00:26:28: 非记录时间：2016-12-22T00:26:28+08:00
2016-12-22T00:26:38: 非记录时间：2016-12-22T00:26:38+08:00
2016-12-22T00:26:48: 非记录时间：2016-12-22T00:26:48+08:00
2016-12-22T00:26:58: 非记录时间：2016-12-22T00:26:58+08:00
2016-12-22T00:27:08: 非记录时间：2016-12-22T00:27:08+08:00
2016-12-22T00:27:18: 非记录时间：2016-12-22T00:27:18+08:00
2016-12-22T00:27:28: 非记录时间：2016-12-22T00:27:28+08:00
2016-12-22T00:27:38: 非记录时间：2016-12-22T00:27:38+08:00
2016-12-22T00:27:48: 非记录时间：2016-12-22T00:27:48+08:00
2016-12-22T00:27:58: 非记录时间：2016-12-22T00:27:58+08:00
2016-12-22T00:28:08: 非记录时间：2016-12-22T00:28:08+08:00
2016-12-22T00:28:18: 非记录时间：2016-12-22T00:28:18+08:00
2016-12-22T00:28:28: 非记录时间：2016-12-22T00:28:28+08:00
2016-12-22T00:28:38: 非记录时间：2016-12-22T00:28:38+08:00
2016-12-22T00:28:48: 非记录时间：2016-12-22T00:28:48+08:00
2016-12-22T00:28:58: 非记录时间：2016-12-22T00:28:58+08:00
2016-12-22T00:29:08: 非记录时间：2016-12-22T00:29:08+08:00
2016-12-22T00:29:18: 非记录时间：2016-12-22T00:29:18+08:00
2016-12-22T00:29:28: 非记录时间：2016-12-22T00:29:28+08:00
2016-12-22T00:29:38: 非记录时间：2016-12-22T00:29:38+08:00
2016-12-22T00:29:48: 非记录时间：2016-12-22T00:29:48+08:00
2016-12-22T00:29:58: 非记录时间：2016-12-22T00:29:58+08:00
2016-12-22T00:30:08: 非记录时间：2016-12-22T00:30:08+08:00
2016-12-22T00:30:18: 非记录时间：2016-12-22T00:30:18+08:00
2016-12-22T00:30:28: 非记录时间：2016-12-22T00:30:28+08:00
2016-12-22T00:30:38: 非记录时间：2016-12-22T00:30:38+08:00
2016-12-22T00:30:48: 非记录时间：2016-12-22T00:30:48+08:00
2016-12-22T00:30:58: 非记录时间：2016-12-22T00:30:58+08:00
2016-12-22T00:31:08: 非记录时间：2016-12-22T00:31:08+08:00
2016-12-22T00:31:18: 非记录时间：2016-12-22T00:31:18+08:00
2016-12-22T00:31:28: 非记录时间：2016-12-22T00:31:28+08:00
2016-12-22T00:31:38: 非记录时间：2016-12-22T00:31:38+08:00
2016-12-22T00:31:48: 非记录时间：2016-12-22T00:31:48+08:00
2016-12-22T00:31:58: 非记录时间：2016-12-22T00:31:58+08:00
2016-12-22T00:32:08: 非记录时间：2016-12-22T00:32:08+08:00
2016-12-22T00:32:18: 非记录时间：2016-12-22T00:32:18+08:00
2016-12-22T00:32:28: 非记录时间：2016-12-22T00:32:28+08:00
2016-12-22T00:32:38: 非记录时间：2016-12-22T00:32:38+08:00
2016-12-22T00:32:48: 非记录时间：2016-12-22T00:32:48+08:00
2016-12-22T00:32:58: 非记录时间：2016-12-22T00:32:58+08:00
2016-12-22T00:33:08: 非记录时间：2016-12-22T00:33:08+08:00
2016-12-22T00:33:18: 非记录时间：2016-12-22T00:33:18+08:00
2016-12-22T00:33:28: 非记录时间：2016-12-22T00:33:28+08:00
2016-12-22T00:33:38: 非记录时间：2016-12-22T00:33:38+08:00
2016-12-22T00:33:48: 非记录时间：2016-12-22T00:33:48+08:00
2016-12-22T00:33:58: 非记录时间：2016-12-22T00:33:58+08:00
2016-12-22T00:34:08: 非记录时间：2016-12-22T00:34:08+08:00
2016-12-22T00:34:18: 非记录时间：2016-12-22T00:34:18+08:00
2016-12-22T00:34:28: 非记录时间：2016-12-22T00:34:28+08:00
2016-12-22T00:34:38: 非记录时间：2016-12-22T00:34:38+08:00
2016-12-22T00:34:48: 非记录时间：2016-12-22T00:34:48+08:00
2016-12-22T00:34:58: 非记录时间：2016-12-22T00:34:58+08:00
2016-12-22T00:35:08: 非记录时间：2016-12-22T00:35:08+08:00
2016-12-22T00:35:18: 非记录时间：2016-12-22T00:35:18+08:00
2016-12-22T00:35:28: 非记录时间：2016-12-22T00:35:28+08:00
2016-12-22T00:35:38: 非记录时间：2016-12-22T00:35:38+08:00
2016-12-22T00:35:48: 非记录时间：2016-12-22T00:35:48+08:00
2016-12-22T00:35:58: 非记录时间：2016-12-22T00:35:58+08:00
2016-12-22T00:36:08: 非记录时间：2016-12-22T00:36:08+08:00
2016-12-22T00:36:18: 非记录时间：2016-12-22T00:36:18+08:00
2016-12-22T00:36:28: 非记录时间：2016-12-22T00:36:28+08:00
2016-12-22T00:36:38: 非记录时间：2016-12-22T00:36:38+08:00
2016-12-22T00:36:48: 非记录时间：2016-12-22T00:36:48+08:00
2016-12-22T00:36:58: 非记录时间：2016-12-22T00:36:58+08:00
2016-12-22T00:37:08: 非记录时间：2016-12-22T00:37:08+08:00
2016-12-22T00:37:18: 非记录时间：2016-12-22T00:37:18+08:00
2016-12-22T00:37:28: 非记录时间：2016-12-22T00:37:28+08:00
2016-12-22T00:37:38: 非记录时间：2016-12-22T00:37:38+08:00
2016-12-22T00:37:48: 非记录时间：2016-12-22T00:37:48+08:00
2016-12-22T00:37:58: 非记录时间：2016-12-22T00:37:58+08:00
2016-12-22T00:38:08: 非记录时间：2016-12-22T00:38:08+08:00
2016-12-22T00:38:18: 非记录时间：2016-12-22T00:38:18+08:00
2016-12-22T00:38:28: 非记录时间：2016-12-22T00:38:28+08:00
2016-12-22T00:38:38: 非记录时间：2016-12-22T00:38:38+08:00
2016-12-22T00:38:48: 非记录时间：2016-12-22T00:38:48+08:00
2016-12-22T00:38:58: 非记录时间：2016-12-22T00:38:58+08:00
2016-12-22T00:39:08: 非记录时间：2016-12-22T00:39:08+08:00
2016-12-22T00:39:18: 非记录时间：2016-12-22T00:39:18+08:00
2016-12-22T00:39:28: 非记录时间：2016-12-22T00:39:28+08:00
2016-12-22T00:39:38: 非记录时间：2016-12-22T00:39:38+08:00
2016-12-22T00:39:48: 非记录时间：2016-12-22T00:39:48+08:00
2016-12-22T00:39:58: 非记录时间：2016-12-22T00:39:58+08:00
2016-12-22T00:40:08: 非记录时间：2016-12-22T00:40:08+08:00
2016-12-22T00:40:18: 非记录时间：2016-12-22T00:40:18+08:00
2016-12-22T00:40:28: 非记录时间：2016-12-22T00:40:28+08:00
2016-12-22T00:40:38: 非记录时间：2016-12-22T00:40:38+08:00
2016-12-22T00:40:48: 非记录时间：2016-12-22T00:40:48+08:00
2016-12-22T00:40:58: 非记录时间：2016-12-22T00:40:58+08:00
2016-12-22T00:41:08: 非记录时间：2016-12-22T00:41:08+08:00
2016-12-22T00:41:18: 非记录时间：2016-12-22T00:41:18+08:00
2016-12-22T00:41:28: 非记录时间：2016-12-22T00:41:28+08:00
2016-12-22T00:41:38: 非记录时间：2016-12-22T00:41:38+08:00
2016-12-22T00:41:48: 非记录时间：2016-12-22T00:41:48+08:00
2016-12-22T00:41:58: 非记录时间：2016-12-22T00:41:58+08:00
2016-12-22T00:42:08: 非记录时间：2016-12-22T00:42:08+08:00
2016-12-22T00:42:18: 非记录时间：2016-12-22T00:42:18+08:00
2016-12-22T00:42:28: 非记录时间：2016-12-22T00:42:28+08:00
2016-12-22T00:42:38: 非记录时间：2016-12-22T00:42:38+08:00
2016-12-22T00:42:48: 非记录时间：2016-12-22T00:42:48+08:00
2016-12-22T00:42:58: 非记录时间：2016-12-22T00:42:58+08:00
2016-12-22T00:43:08: 非记录时间：2016-12-22T00:43:08+08:00
2016-12-22T00:43:18: 非记录时间：2016-12-22T00:43:18+08:00
2016-12-22T00:43:28: 非记录时间：2016-12-22T00:43:28+08:00
2016-12-22T00:43:38: 非记录时间：2016-12-22T00:43:38+08:00
2016-12-22T00:43:48: 非记录时间：2016-12-22T00:43:48+08:00
2016-12-22T00:43:58: 非记录时间：2016-12-22T00:43:58+08:00
2016-12-22T00:44:08: 非记录时间：2016-12-22T00:44:08+08:00
2016-12-22T00:44:18: 非记录时间：2016-12-22T00:44:18+08:00
2016-12-22T00:44:28: 非记录时间：2016-12-22T00:44:28+08:00
2016-12-22T00:44:38: 非记录时间：2016-12-22T00:44:38+08:00
2016-12-22T00:44:48: 非记录时间：2016-12-22T00:44:48+08:00
2016-12-22T00:44:58: 非记录时间：2016-12-22T00:44:58+08:00
2016-12-22T00:45:08: 非记录时间：2016-12-22T00:45:08+08:00
2016-12-22T00:45:18: 非记录时间：2016-12-22T00:45:18+08:00
2016-12-22T00:45:28: 非记录时间：2016-12-22T00:45:28+08:00
2016-12-22T00:45:38: 非记录时间：2016-12-22T00:45:38+08:00
2016-12-22T00:45:48: 非记录时间：2016-12-22T00:45:48+08:00
2016-12-22T00:45:58: 非记录时间：2016-12-22T00:45:58+08:00
2016-12-22T00:46:08: 非记录时间：2016-12-22T00:46:08+08:00
2016-12-22T00:46:18: 非记录时间：2016-12-22T00:46:18+08:00
2016-12-22T00:46:28: 非记录时间：2016-12-22T00:46:28+08:00
2016-12-22T00:46:38: 非记录时间：2016-12-22T00:46:38+08:00
2016-12-22T00:46:48: 非记录时间：2016-12-22T00:46:48+08:00
2016-12-22T00:46:58: 非记录时间：2016-12-22T00:46:58+08:00
2016-12-22T00:47:08: 非记录时间：2016-12-22T00:47:08+08:00
2016-12-22T00:47:18: 非记录时间：2016-12-22T00:47:18+08:00
2016-12-22T00:47:28: 非记录时间：2016-12-22T00:47:28+08:00
2016-12-22T00:47:38: 非记录时间：2016-12-22T00:47:38+08:00
2016-12-22T00:47:48: 非记录时间：2016-12-22T00:47:48+08:00
2016-12-22T00:47:58: 非记录时间：2016-12-22T00:47:58+08:00
2016-12-22T00:48:08: 非记录时间：2016-12-22T00:48:08+08:00
2016-12-22T00:48:18: 非记录时间：2016-12-22T00:48:18+08:00
2016-12-22T00:48:28: 非记录时间：2016-12-22T00:48:28+08:00
2016-12-22T00:48:38: 非记录时间：2016-12-22T00:48:38+08:00
2016-12-22T00:48:48: 非记录时间：2016-12-22T00:48:48+08:00
2016-12-22T00:48:58: 非记录时间：2016-12-22T00:48:58+08:00
2016-12-22T00:49:08: 非记录时间：2016-12-22T00:49:08+08:00
2016-12-22T00:49:18: 非记录时间：2016-12-22T00:49:18+08:00
2016-12-22T00:49:28: 非记录时间：2016-12-22T00:49:28+08:00
2016-12-22T00:49:38: 非记录时间：2016-12-22T00:49:38+08:00
2016-12-22T00:49:48: 非记录时间：2016-12-22T00:49:48+08:00
2016-12-22T00:49:58: 非记录时间：2016-12-22T00:49:58+08:00
2016-12-22T00:50:08: 非记录时间：2016-12-22T00:50:08+08:00
2016-12-22T00:50:18: 非记录时间：2016-12-22T00:50:18+08:00
2016-12-22T00:50:28: 非记录时间：2016-12-22T00:50:28+08:00
2016-12-22T00:50:38: 非记录时间：2016-12-22T00:50:38+08:00
2016-12-22T00:50:48: 非记录时间：2016-12-22T00:50:48+08:00
2016-12-22T00:50:58: 非记录时间：2016-12-22T00:50:58+08:00
2016-12-22T00:51:08: 非记录时间：2016-12-22T00:51:08+08:00
2016-12-22T00:51:18: 非记录时间：2016-12-22T00:51:18+08:00
2016-12-22T00:51:28: 非记录时间：2016-12-22T00:51:28+08:00
2016-12-22T00:51:38: 非记录时间：2016-12-22T00:51:38+08:00
2016-12-22T00:51:48: 非记录时间：2016-12-22T00:51:48+08:00
2016-12-22T00:51:58: 非记录时间：2016-12-22T00:51:58+08:00
2016-12-22T00:52:08: 非记录时间：2016-12-22T00:52:08+08:00
2016-12-22T00:52:18: 非记录时间：2016-12-22T00:52:18+08:00
2016-12-22T00:52:28: 非记录时间：2016-12-22T00:52:28+08:00
2016-12-22T00:52:38: 非记录时间：2016-12-22T00:52:38+08:00
2016-12-22T00:52:48: 非记录时间：2016-12-22T00:52:48+08:00
2016-12-22T00:52:58: 非记录时间：2016-12-22T00:52:58+08:00
2016-12-22T00:53:08: 非记录时间：2016-12-22T00:53:08+08:00
2016-12-22T00:53:18: 非记录时间：2016-12-22T00:53:18+08:00
2016-12-22T00:53:28: 非记录时间：2016-12-22T00:53:28+08:00
2016-12-22T00:53:38: 非记录时间：2016-12-22T00:53:38+08:00
2016-12-22T00:53:48: 非记录时间：2016-12-22T00:53:48+08:00
2016-12-22T00:53:58: 非记录时间：2016-12-22T00:53:58+08:00
2016-12-22T00:54:08: 非记录时间：2016-12-22T00:54:08+08:00
2016-12-22T00:54:18: 非记录时间：2016-12-22T00:54:18+08:00
2016-12-22T00:54:28: 非记录时间：2016-12-22T00:54:28+08:00
2016-12-22T00:54:38: 非记录时间：2016-12-22T00:54:38+08:00
2016-12-22T00:54:48: 非记录时间：2016-12-22T00:54:48+08:00
2016-12-22T00:54:58: 非记录时间：2016-12-22T00:54:58+08:00
2016-12-22T00:55:08: 非记录时间：2016-12-22T00:55:08+08:00
2016-12-22T00:55:18: 非记录时间：2016-12-22T00:55:18+08:00
2016-12-22T00:55:28: 非记录时间：2016-12-22T00:55:28+08:00
2016-12-22T00:55:38: 非记录时间：2016-12-22T00:55:38+08:00
2016-12-22T00:55:48: 非记录时间：2016-12-22T00:55:48+08:00
2016-12-22T00:55:58: 非记录时间：2016-12-22T00:55:58+08:00
2016-12-22T00:56:08: 非记录时间：2016-12-22T00:56:08+08:00
2016-12-22T00:56:18: 非记录时间：2016-12-22T00:56:18+08:00
2016-12-22T00:56:28: 非记录时间：2016-12-22T00:56:28+08:00
2016-12-22T00:56:38: 非记录时间：2016-12-22T00:56:38+08:00
2016-12-22T00:56:48: 非记录时间：2016-12-22T00:56:48+08:00
2016-12-22T00:56:58: 非记录时间：2016-12-22T00:56:58+08:00
2016-12-22T00:57:08: 非记录时间：2016-12-22T00:57:08+08:00
2016-12-22T00:57:18: 非记录时间：2016-12-22T00:57:18+08:00
2016-12-22T00:57:28: 非记录时间：2016-12-22T00:57:28+08:00
2016-12-22T00:57:38: 非记录时间：2016-12-22T00:57:38+08:00
2016-12-22T00:57:48: 非记录时间：2016-12-22T00:57:48+08:00
2016-12-22T00:57:58: 非记录时间：2016-12-22T00:57:58+08:00
2016-12-22T00:58:08: 非记录时间：2016-12-22T00:58:08+08:00
2016-12-22T00:58:18: 非记录时间：2016-12-22T00:58:18+08:00
2016-12-22T00:58:28: 非记录时间：2016-12-22T00:58:28+08:00
2016-12-22T00:58:38: 非记录时间：2016-12-22T00:58:38+08:00
2016-12-22T00:58:48: 非记录时间：2016-12-22T00:58:48+08:00
2016-12-22T00:58:58: 非记录时间：2016-12-22T00:58:58+08:00
2016-12-22T00:59:08: 非记录时间：2016-12-22T00:59:08+08:00
2016-12-22T00:59:18: 非记录时间：2016-12-22T00:59:18+08:00
2016-12-22T00:59:28: 非记录时间：2016-12-22T00:59:28+08:00
2016-12-22T00:59:38: 非记录时间：2016-12-22T00:59:38+08:00
2016-12-22T00:59:48: 非记录时间：2016-12-22T00:59:48+08:00
2016-12-22T00:59:58: 非记录时间：2016-12-22T00:59:58+08:00
2016-12-22T01:00:08: 非记录时间：2016-12-22T01:00:08+08:00
2016-12-22T01:00:18: 非记录时间：2016-12-22T01:00:18+08:00
2016-12-22T01:00:28: 非记录时间：2016-12-22T01:00:28+08:00
2016-12-22T01:00:38: 非记录时间：2016-12-22T01:00:38+08:00
2016-12-22T01:00:48: 非记录时间：2016-12-22T01:00:48+08:00
2016-12-22T01:00:58: 非记录时间：2016-12-22T01:00:58+08:00
2016-12-22T01:01:08: 非记录时间：2016-12-22T01:01:08+08:00
2016-12-22T01:01:18: 非记录时间：2016-12-22T01:01:18+08:00
2016-12-22T01:01:28: 非记录时间：2016-12-22T01:01:28+08:00
2016-12-22T01:01:38: 非记录时间：2016-12-22T01:01:38+08:00
2016-12-22T01:01:48: 非记录时间：2016-12-22T01:01:48+08:00
2016-12-22T01:01:58: 非记录时间：2016-12-22T01:01:58+08:00
2016-12-22T01:02:08: 非记录时间：2016-12-22T01:02:08+08:00
2016-12-22T01:02:18: 非记录时间：2016-12-22T01:02:18+08:00
2016-12-22T01:02:28: 非记录时间：2016-12-22T01:02:28+08:00
2016-12-22T01:02:38: 非记录时间：2016-12-22T01:02:38+08:00
2016-12-22T01:02:48: 非记录时间：2016-12-22T01:02:48+08:00
2016-12-22T01:02:58: 非记录时间：2016-12-22T01:02:58+08:00
2016-12-22T01:03:08: 非记录时间：2016-12-22T01:03:08+08:00
2016-12-22T01:03:18: 非记录时间：2016-12-22T01:03:18+08:00
2016-12-22T01:03:28: 非记录时间：2016-12-22T01:03:28+08:00
2016-12-22T01:03:38: 非记录时间：2016-12-22T01:03:38+08:00
2016-12-22T01:03:48: 非记录时间：2016-12-22T01:03:48+08:00
2016-12-22T01:03:58: 非记录时间：2016-12-22T01:03:58+08:00
2016-12-22T01:04:08: 非记录时间：2016-12-22T01:04:08+08:00
2016-12-22T01:04:18: 非记录时间：2016-12-22T01:04:18+08:00
2016-12-22T01:04:28: 非记录时间：2016-12-22T01:04:28+08:00
2016-12-22T01:04:38: 非记录时间：2016-12-22T01:04:38+08:00
2016-12-22T01:04:48: 非记录时间：2016-12-22T01:04:48+08:00
2016-12-22T01:04:58: 非记录时间：2016-12-22T01:04:58+08:00
2016-12-22T01:05:08: 非记录时间：2016-12-22T01:05:08+08:00
2016-12-22T01:05:18: 非记录时间：2016-12-22T01:05:18+08:00
2016-12-22T01:05:28: 非记录时间：2016-12-22T01:05:28+08:00
2016-12-22T01:05:38: 非记录时间：2016-12-22T01:05:38+08:00
2016-12-22T01:05:48: 非记录时间：2016-12-22T01:05:48+08:00
2016-12-22T01:05:58: 非记录时间：2016-12-22T01:05:58+08:00
2016-12-22T01:06:08: 非记录时间：2016-12-22T01:06:08+08:00
2016-12-22T01:06:18: 非记录时间：2016-12-22T01:06:18+08:00
2016-12-22T01:06:28: 非记录时间：2016-12-22T01:06:28+08:00
2016-12-22T01:06:38: 非记录时间：2016-12-22T01:06:38+08:00
2016-12-22T01:06:48: 非记录时间：2016-12-22T01:06:48+08:00
2016-12-22T01:06:58: 非记录时间：2016-12-22T01:06:58+08:00
2016-12-22T01:07:08: 非记录时间：2016-12-22T01:07:08+08:00
2016-12-22T01:07:18: 非记录时间：2016-12-22T01:07:18+08:00
2016-12-22T01:07:28: 非记录时间：2016-12-22T01:07:28+08:00
2016-12-22T01:07:38: 非记录时间：2016-12-22T01:07:38+08:00
2016-12-22T01:07:48: 非记录时间：2016-12-22T01:07:48+08:00
2016-12-22T01:07:58: 非记录时间：2016-12-22T01:07:58+08:00
2016-12-22T01:08:08: 非记录时间：2016-12-22T01:08:08+08:00
2016-12-22T01:08:18: 非记录时间：2016-12-22T01:08:18+08:00
2016-12-22T01:08:29: 非记录时间：2016-12-22T01:08:29+08:00
2016-12-22T01:08:39: 非记录时间：2016-12-22T01:08:39+08:00
2016-12-22T01:08:49: 非记录时间：2016-12-22T01:08:49+08:00
2016-12-22T01:08:59: 非记录时间：2016-12-22T01:08:59+08:00
2016-12-22T01:09:09: 非记录时间：2016-12-22T01:09:09+08:00
2016-12-22T01:09:19: 非记录时间：2016-12-22T01:09:19+08:00
2016-12-22T01:09:29: 非记录时间：2016-12-22T01:09:29+08:00
2016-12-22T01:09:39: 非记录时间：2016-12-22T01:09:39+08:00
2016-12-22T01:09:49: 非记录时间：2016-12-22T01:09:49+08:00
2016-12-22T01:09:59: 非记录时间：2016-12-22T01:09:59+08:00
2016-12-22T01:10:09: 非记录时间：2016-12-22T01:10:09+08:00
2016-12-22T01:10:19: 非记录时间：2016-12-22T01:10:19+08:00
2016-12-22T01:10:29: 非记录时间：2016-12-22T01:10:29+08:00
2016-12-22T01:10:39: 非记录时间：2016-12-22T01:10:39+08:00
2016-12-22T01:10:49: 非记录时间：2016-12-22T01:10:49+08:00
2016-12-22T01:10:59: 非记录时间：2016-12-22T01:10:59+08:00
2016-12-22T01:11:12: 读取文件失败，可能是该文件不存在
2016-12-22T01:11:12: Error: ENOENT: no such file or directory, open './data/2016-12-22.json'
2016-12-22T01:11:23: 读取文件成功
2016-12-22T01:11:29: 读取文件成功
2016-12-22T01:11:40: 读取文件成功
2016-12-22T01:11:49: 读取文件成功
2016-12-22T01:11:59: 读取文件成功
2016-12-22T01:12:09: 读取文件成功
2016-12-22T01:12:19: 读取文件成功
2016-12-22T01:12:29: 读取文件成功
2016-12-22T01:12:41: 读取文件成功
2016-12-22T01:12:49: 读取文件成功
2016-12-22T01:13:01: 读取文件成功
2016-12-22T01:13:09: 读取文件成功
2016-12-22T01:13:19: 读取文件成功
2016-12-22T01:13:32: 读取文件成功
2016-12-22T01:13:40: 读取文件成功
2016-12-22T01:13:50: 读取文件成功
2016-12-22T01:14:01: 读取文件成功
2016-12-22T01:14:13: 读取文件成功
2016-12-22T01:14:20: 读取文件成功
2016-12-22T01:14:30: 读取文件成功
2016-12-22T01:14:39: 读取文件成功
2016-12-22T01:14:49: 读取文件成功
2016-12-22T01:14:59: 读取文件成功
2016-12-22T01:15:09: 读取文件成功
2016-12-22T01:15:21: 读取文件成功
2016-12-22T01:15:30: 读取文件成功
2016-12-22T01:15:40: 读取文件成功
2016-12-22T01:15:51: 读取文件成功
2016-12-22T01:16:00: 读取文件成功
2016-12-22T01:16:11: 读取文件成功
2016-12-22T01:16:20: 读取文件成功
2016-12-22T01:16:30: 读取文件成功
2016-12-22T01:16:41: 读取文件成功
2016-12-22T01:16:50: 读取文件成功
2016-12-22T01:17:00: 读取文件成功
2016-12-22T01:17:16: 读取文件成功
2016-12-22T01:17:20: 读取文件成功
2016-12-22T01:17:30: 读取文件成功
2016-12-22T01:17:40: 读取文件成功
2016-12-22T01:17:50: 读取文件成功
2016-12-22T01:18:00: 读取文件成功
2016-12-22T01:18:10: 读取文件成功
2016-12-22T01:18:20: 读取文件成功
2016-12-22T01:18:31: 读取文件成功
2016-12-22T01:18:40: 读取文件成功
2016-12-22T01:18:50: 读取文件成功
2016-12-22T01:19:01: 读取文件成功
2016-12-22T01:19:10: 读取文件成功
2016-12-22T01:19:22: 读取文件成功
2016-12-22T01:19:30: 读取文件成功
2016-12-22T01:19:41: 读取文件成功
2016-12-22T01:19:50: 读取文件成功
2016-12-22T01:20:00: 读取文件成功
2016-12-22T01:20:10: 读取文件成功
2016-12-22T01:20:20: 读取文件成功
2016-12-22T01:20:30: 读取文件成功
2016-12-22T01:20:40: 读取文件成功
2016-12-22T01:20:50: 读取文件成功
2016-12-22T01:21:00: 读取文件成功
2016-12-22T01:21:10: 读取文件成功
2016-12-22T01:21:20: 读取文件成功
2016-12-22T01:21:30: 读取文件成功
2016-12-22T01:21:41: 读取文件成功
2016-12-22T01:21:50: 读取文件成功
2016-12-22T01:22:00: 读取文件成功
2016-12-22T01:22:11: 读取文件成功
2016-12-22T01:22:20: 读取文件成功
2016-12-22T01:22:31: 读取文件成功
2016-12-22T01:22:43: 读取文件成功
2016-12-22T01:22:50: 读取文件成功
2016-12-22T01:23:00: 读取文件成功
2016-12-22T01:23:11: 读取文件成功
2016-12-22T01:23:20: 读取文件成功
2016-12-22T01:23:30: 读取文件成功
2016-12-22T01:23:41: 读取文件成功
2016-12-22T01:23:50: 读取文件成功
2016-12-22T01:24:01: 读取文件成功
2016-12-22T01:24:12: 读取文件成功
2016-12-22T01:24:21: 读取文件成功
2016-12-22T01:24:30: 读取文件成功
2016-12-22T01:24:40: 读取文件成功
2016-12-22T01:24:50: 读取文件成功
2016-12-22T01:25:00: 读取文件成功
2016-12-22T01:25:10: 读取文件成功
2016-12-22T01:25:20: 读取文件成功
2016-12-22T01:25:30: 读取文件成功
2016-12-22T01:25:42: 读取文件成功
2016-12-22T01:25:50: 读取文件成功
2016-12-22T01:26:01: 读取文件成功
2016-12-22T01:26:10: 读取文件成功
2016-12-22T01:26:20: 读取文件成功
2016-12-22T01:26:33: 读取文件成功
2016-12-22T01:26:40: 读取文件成功
2016-12-22T01:26:50: 读取文件成功
2016-12-22T01:27:00: 读取文件成功
2016-12-22T01:27:10: 读取文件成功
2016-12-22T01:27:20: 读取文件成功
2016-12-22T01:27:30: 读取文件成功
2016-12-22T01:27:40: 读取文件成功
2016-12-22T01:27:50: 读取文件成功
2016-12-22T01:28:00: 读取文件成功
2016-12-22T01:28:10: 读取文件成功
2016-12-22T01:28:20: 读取文件成功
2016-12-22T01:28:30: 读取文件成功
2016-12-22T01:28:40: 读取文件成功
2016-12-22T01:28:51: 读取文件成功
2016-12-22T01:29:01: 读取文件成功
2016-12-22T01:29:10: 读取文件成功
2016-12-22T01:29:21: 读取文件成功
2016-12-22T01:29:30: 读取文件成功
2016-12-22T01:29:42: 读取文件成功
2016-12-22T01:29:52: 读取文件成功
2016-12-22T01:30:01: 读取文件成功
2016-12-22T01:30:10: 读取文件成功
2016-12-22T01:30:20: 读取文件成功
2016-12-22T01:30:30: 读取文件成功
2016-12-22T01:30:40: 读取文件成功
2016-12-22T01:30:50: 读取文件成功
2016-12-22T01:31:00: 读取文件成功
2016-12-22T01:31:10: 读取文件成功
2016-12-22T01:31:21: 读取文件成功
2016-12-22T01:31:31: 读取文件成功
2016-12-22T01:31:41: 读取文件成功
2016-12-22T01:31:50: 读取文件成功
2016-12-22T01:32:00: 读取文件成功
2016-12-22T01:32:17: 读取文件成功
2016-12-22T01:32:20: 读取文件成功
2016-12-22T01:32:30: 读取文件成功
2016-12-22T01:32:40: 读取文件成功
2016-12-22T01:32:50: 读取文件成功
2016-12-22T01:33:01: 读取文件成功
2016-12-22T01:33:10: 读取文件成功
2016-12-22T01:33:21: 读取文件成功
2016-12-22T01:33:31: 读取文件成功
2016-12-22T01:33:40: 读取文件成功
2016-12-22T01:33:50: 读取文件成功
2016-12-22T01:34:00: 读取文件成功
2016-12-22T01:34:10: 读取文件成功
2016-12-22T01:34:20: 读取文件成功
2016-12-22T01:34:30: 读取文件成功
2016-12-22T01:34:42: 读取文件成功
2016-12-22T01:34:51: 读取文件成功
2016-12-22T01:35:01: 读取文件成功
2016-12-22T01:35:11: 读取文件成功
2016-12-22T01:35:21: 读取文件成功
2016-12-22T01:35:32: 读取文件成功
2016-12-22T01:35:41: 读取文件成功
2016-12-22T01:35:51: 读取文件成功
2016-12-22T01:36:01: 读取文件成功
2016-12-22T01:36:11: 读取文件成功
2016-12-22T01:36:21: 读取文件成功
2016-12-22T01:36:31: 读取文件成功
2016-12-22T01:36:43: 读取文件成功
2016-12-22T01:36:51: 读取文件成功
2016-12-22T01:37:01: 读取文件成功
2016-12-22T01:37:12: 读取文件成功
2016-12-22T01:37:24: 读取文件成功
2016-12-22T01:37:31: 读取文件成功
2016-12-22T01:37:41: 读取文件成功
2016-12-22T01:37:51: 读取文件成功
2016-12-22T01:38:01: 读取文件成功
2016-12-22T01:38:12: 读取文件成功
2016-12-22T01:38:23: 读取文件成功
2016-12-22T01:38:31: 读取文件成功
2016-12-22T01:38:41: 读取文件成功
2016-12-22T01:38:52: 读取文件成功
2016-12-22T01:39:04: 读取文件成功
2016-12-22T01:39:11: 读取文件成功
2016-12-22T01:39:21: 读取文件成功
2016-12-22T01:39:31: 读取文件成功
2016-12-22T01:39:42: 读取文件成功
2016-12-22T01:39:51: 读取文件成功
2016-12-22T01:40:02: 读取文件成功
2016-12-22T01:40:11: 读取文件成功
2016-12-22T01:40:21: 读取文件成功
2016-12-22T01:40:31: 读取文件成功
2016-12-22T01:40:41: 读取文件成功
2016-12-22T01:40:52: 读取文件成功
2016-12-22T01:41:01: 读取文件成功
2016-12-22T01:41:11: 读取文件成功
2016-12-22T01:41:21: 读取文件成功
2016-12-22T01:41:31: 读取文件成功
2016-12-22T01:41:41: 读取文件成功
2016-12-22T01:41:52: 读取文件成功
2016-12-22T01:42:02: 读取文件成功
2016-12-22T01:42:12: 读取文件成功
2016-12-22T01:42:21: 读取文件成功
2016-12-22T01:42:31: 读取文件成功
2016-12-22T01:42:41: 读取文件成功
2016-12-22T01:42:51: 读取文件成功
2016-12-22T01:43:01: 读取文件成功
2016-12-22T01:43:11: 读取文件成功
2016-12-22T01:43:21: 读取文件成功
2016-12-22T01:43:31: 读取文件成功
2016-12-22T01:43:41: 读取文件成功
2016-12-22T01:43:51: 读取文件成功
2016-12-22T01:44:01: 读取文件成功
2016-12-22T01:44:11: 读取文件成功
2016-12-22T01:44:21: 读取文件成功
2016-12-22T01:44:31: 读取文件成功
2016-12-22T01:44:42: 读取文件成功
2016-12-22T01:44:51: 读取文件成功
2016-12-22T01:45:02: 读取文件成功
2016-12-22T01:45:11: 读取文件成功
2016-12-22T01:45:21: 读取文件成功
2016-12-22T01:45:32: 读取文件成功
2016-12-22T01:45:41: 读取文件成功
2016-12-22T01:45:51: 读取文件成功
2016-12-22T01:46:01: 读取文件成功
2016-12-22T01:46:11: 读取文件成功
2016-12-22T01:46:21: 读取文件成功
2016-12-22T01:46:31: 读取文件成功
2016-12-22T01:46:41: 读取文件成功
2016-12-22T01:46:51: 读取文件成功
2016-12-22T01:47:01: 读取文件成功
2016-12-22T01:47:11: 读取文件成功
2016-12-22T01:47:21: 读取文件成功
2016-12-22T01:47:31: 读取文件成功
2016-12-22T01:47:42: 读取文件成功
2016-12-22T01:47:51: 读取文件成功
2016-12-22T01:48:01: 读取文件成功
2016-12-22T01:48:12: 读取文件成功
2016-12-22T01:48:21: 读取文件成功
2016-12-22T01:48:31: 读取文件成功
2016-12-22T01:48:41: 读取文件成功
2016-12-22T01:48:51: 读取文件成功
2016-12-22T01:49:01: 读取文件成功
2016-12-22T01:49:11: 读取文件成功
2016-12-22T01:49:21: 读取文件成功
2016-12-22T01:49:31: 读取文件成功
2016-12-22T01:49:41: 读取文件成功
2016-12-22T01:49:51: 读取文件成功
2016-12-22T01:50:01: 读取文件成功
2016-12-22T01:50:11: 读取文件成功
2016-12-22T01:50:21: 读取文件成功
2016-12-22T01:50:31: 读取文件成功
2016-12-22T01:50:41: 读取文件成功
2016-12-22T01:50:51: 读取文件成功
2016-12-22T01:51:01: 读取文件成功
2016-12-22T01:51:11: 读取文件成功
2016-12-22T01:51:21: 读取文件成功
2016-12-22T01:51:31: 读取文件成功
2016-12-22T01:51:41: 读取文件成功
2016-12-22T01:51:51: 读取文件成功
2016-12-22T01:52:01: 读取文件成功
2016-12-22T01:52:11: 读取文件成功
2016-12-22T01:52:21: 读取文件成功
2016-12-22T01:52:31: 读取文件成功
2016-12-22T01:52:41: 读取文件成功
2016-12-22T01:52:51: 读取文件成功
2016-12-22T01:53:01: 读取文件成功
2016-12-22T01:53:11: 读取文件成功
2016-12-22T01:53:21: 读取文件成功
2016-12-22T01:53:31: 读取文件成功
2016-12-22T01:53:41: 读取文件成功
2016-12-22T01:53:51: 读取文件成功
2016-12-22T01:54:01: 读取文件成功
2016-12-22T01:54:11: 读取文件成功
2016-12-22T01:54:21: 读取文件成功
2016-12-22T01:54:31: 读取文件成功
2016-12-22T01:54:41: 读取文件成功
2016-12-22T01:54:51: 读取文件成功
2016-12-22T01:55:01: 读取文件成功
2016-12-22T01:55:11: 读取文件成功
2016-12-22T01:55:38: 读取文件成功
2016-12-22T01:55:43: 读取文件成功
2016-12-22T01:55:51: 读取文件成功
2016-12-22T01:55:52: 读取文件成功
2016-12-22T01:56:01: 读取文件成功
2016-12-22T01:56:11: 读取文件成功
2016-12-22T01:56:21: 读取文件成功
2016-12-22T01:56:31: 读取文件成功
2016-12-22T01:56:42: 读取文件成功
2016-12-22T01:56:51: 读取文件成功
2016-12-22T01:57:01: 读取文件成功
2016-12-22T01:57:11: 读取文件成功
2016-12-22T01:57:22: 读取文件成功
2016-12-22T01:57:32: 读取文件成功
2016-12-22T01:57:42: 读取文件成功
2016-12-22T01:57:52: 读取文件成功
2016-12-22T01:58:03: 读取文件成功
2016-12-22T01:58:12: 读取文件成功
2016-12-22T01:58:22: 读取文件成功
2016-12-22T01:58:33: 读取文件成功
2016-12-22T01:58:42: 读取文件成功
2016-12-22T01:58:52: 读取文件成功
2016-12-22T01:59:02: 读取文件成功
2016-12-22T01:59:13: 读取文件成功
2016-12-22T01:59:22: 读取文件成功
2016-12-22T01:59:33: 读取文件成功
2016-12-22T01:59:42: 读取文件成功
2016-12-22T01:59:52: 读取文件成功
2016-12-22T02:00:02: 读取文件成功
2016-12-22T02:00:12: 读取文件成功
2016-12-22T02:00:22: 读取文件成功
2016-12-22T02:00:32: 读取文件成功
2016-12-22T02:00:42: 读取文件成功
2016-12-22T02:00:52: 读取文件成功
2016-12-22T02:01:02: 读取文件成功
2016-12-22T02:01:12: 读取文件成功
2016-12-22T02:01:22: 读取文件成功
2016-12-22T02:01:32: 读取文件成功
2016-12-22T02:01:42: 读取文件成功
2016-12-22T02:01:52: 读取文件成功
2016-12-22T02:02:03: 读取文件成功
2016-12-22T02:02:13: 读取文件成功
2016-12-22T02:02:22: 读取文件成功
2016-12-22T02:02:32: 读取文件成功
2016-12-22T02:02:42: 读取文件成功
2016-12-22T02:02:52: 读取文件成功
2016-12-22T02:03:02: 读取文件成功
2016-12-22T02:03:12: 读取文件成功
2016-12-22T02:03:22: 读取文件成功
2016-12-22T02:03:32: 读取文件成功
2016-12-22T02:03:43: 读取文件成功
2016-12-22T02:03:52: 读取文件成功
2016-12-22T02:04:02: 读取文件成功
2016-12-22T02:04:12: 读取文件成功
2016-12-22T02:04:22: 读取文件成功
2016-12-22T02:04:32: 读取文件成功
2016-12-22T02:04:42: 读取文件成功
2016-12-22T02:04:52: 读取文件成功
2016-12-22T02:05:02: 读取文件成功
2016-12-22T02:05:12: 读取文件成功
2016-12-22T02:05:22: 读取文件成功
2016-12-22T02:05:32: 读取文件成功
2016-12-22T02:05:42: 读取文件成功
2016-12-22T02:05:52: 读取文件成功
2016-12-22T02:06:02: 读取文件成功
2016-12-22T02:06:12: 读取文件成功
2016-12-22T02:06:22: 读取文件成功
2016-12-22T02:06:32: 读取文件成功
2016-12-22T02:06:42: 读取文件成功
2016-12-22T02:06:52: 读取文件成功
2016-12-22T02:07:02: 读取文件成功
2016-12-22T02:07:12: 读取文件成功
2016-12-22T02:07:22: 读取文件成功
2016-12-22T02:07:32: 读取文件成功
2016-12-22T02:07:42: 读取文件成功
2016-12-22T02:07:52: 读取文件成功
2016-12-22T02:08:02: 读取文件成功
2016-12-22T02:08:12: 读取文件成功
2016-12-22T02:08:22: 读取文件成功
2016-12-22T02:08:32: 读取文件成功
2016-12-22T02:08:45: 读取文件成功
2016-12-22T02:08:52: 读取文件成功
2016-12-22T02:09:02: 读取文件成功
2016-12-22T02:09:12: 读取文件成功
2016-12-22T02:09:22: 读取文件成功
2016-12-22T02:09:32: 读取文件成功
2016-12-22T02:09:42: 读取文件成功
2016-12-22T02:09:52: 读取文件成功
2016-12-22T02:10:02: 读取文件成功
2016-12-22T02:10:12: 读取文件成功
2016-12-22T02:10:22: 读取文件成功
2016-12-22T02:10:32: 读取文件成功
2016-12-22T02:10:42: 读取文件成功
2016-12-22T02:10:52: 读取文件成功
2016-12-22T02:11:02: 读取文件成功
2016-12-22T02:11:12: 读取文件成功
2016-12-22T02:11:22: 读取文件成功
2016-12-22T02:11:32: 读取文件成功
2016-12-22T02:11:42: 读取文件成功
2016-12-22T02:11:52: 读取文件成功
2016-12-22T02:12:02: 读取文件成功
2016-12-22T02:12:12: 读取文件成功
2016-12-22T02:12:22: 读取文件成功
2016-12-22T02:12:32: 读取文件成功
2016-12-22T02:12:44: 读取文件成功
2016-12-22T02:12:52: 读取文件成功
2016-12-22T02:13:04: 读取文件成功
2016-12-22T02:13:12: 读取文件成功
2016-12-22T02:13:22: 读取文件成功
2016-12-22T02:13:32: 读取文件成功
2016-12-22T02:13:42: 读取文件成功
2016-12-22T02:13:52: 读取文件成功
2016-12-22T02:14:02: 读取文件成功
2016-12-22T02:14:12: 读取文件成功
2016-12-22T02:14:22: 读取文件成功
2016-12-22T02:14:32: 读取文件成功
2016-12-22T02:14:42: 读取文件成功
2016-12-22T02:14:52: 读取文件成功
2016-12-22T02:15:02: 读取文件成功
2016-12-22T02:15:12: 读取文件成功
2016-12-22T02:15:22: 读取文件成功
2016-12-22T02:15:32: 读取文件成功
2016-12-22T02:15:42: 读取文件成功
2016-12-22T02:15:52: 读取文件成功
2016-12-22T02:16:02: 读取文件成功
2016-12-22T02:16:12: 读取文件成功
2016-12-22T02:16:22: 读取文件成功
2016-12-22T02:16:32: 读取文件成功
2016-12-22T02:16:42: 读取文件成功
2016-12-22T02:16:52: 读取文件成功
2016-12-22T02:17:02: 读取文件成功
2016-12-22T02:17:12: 读取文件成功
2016-12-22T02:17:22: 读取文件成功
2016-12-22T02:17:32: 读取文件成功
2016-12-22T02:17:42: 读取文件成功
2016-12-22T02:17:52: 读取文件成功
2016-12-22T02:18:02: 读取文件成功
2016-12-22T02:18:12: 读取文件成功
2016-12-22T02:18:22: 读取文件成功
2016-12-22T02:18:32: 读取文件成功
2016-12-22T02:18:42: 读取文件成功
2016-12-22T02:18:52: 读取文件成功
2016-12-22T02:19:02: 读取文件成功
2016-12-22T02:19:12: 读取文件成功
2016-12-22T02:19:22: 读取文件成功
2016-12-22T02:19:32: 读取文件成功
2016-12-22T02:19:42: 读取文件成功
2016-12-22T02:19:52: 读取文件成功
2016-12-22T02:20:02: 读取文件成功
2016-12-22T02:20:12: 读取文件成功
2016-12-22T02:20:22: 读取文件成功
2016-12-22T02:20:32: 读取文件成功
2016-12-22T02:20:42: 读取文件成功
2016-12-22T02:20:52: 读取文件成功
2016-12-22T02:21:02: 读取文件成功
2016-12-22T02:21:12: 读取文件成功
2016-12-22T02:21:22: 读取文件成功
2016-12-22T02:21:32: 读取文件成功
2016-12-22T02:21:42: 读取文件成功
2016-12-22T02:21:52: 读取文件成功
2016-12-22T02:22:02: 读取文件成功
2016-12-22T02:22:12: 读取文件成功
2016-12-22T02:22:22: 读取文件成功
2016-12-22T02:22:32: 读取文件成功
2016-12-22T02:22:42: 读取文件成功
2016-12-22T02:22:52: 读取文件成功
2016-12-22T02:23:02: 读取文件成功
2016-12-22T02:23:12: 读取文件成功
2016-12-22T02:23:22: 读取文件成功
2016-12-22T02:23:32: 读取文件成功
2016-12-22T02:23:42: 读取文件成功
2016-12-22T02:23:52: 读取文件成功
2016-12-22T02:24:02: 读取文件成功
2016-12-22T02:24:12: 读取文件成功
2016-12-22T02:24:22: 读取文件成功
2016-12-22T02:24:32: 读取文件成功
2016-12-22T02:24:42: 读取文件成功
2016-12-22T02:24:52: 读取文件成功
2016-12-22T02:25:02: 读取文件成功
2016-12-22T02:25:12: 读取文件成功
2016-12-22T02:25:22: 读取文件成功
2016-12-22T02:25:32: 读取文件成功
2016-12-22T02:25:42: 读取文件成功
2016-12-22T02:25:52: 读取文件成功
2016-12-22T02:26:02: 读取文件成功
2016-12-22T02:26:12: 读取文件成功
2016-12-22T02:26:22: 读取文件成功
2016-12-22T02:26:32: 读取文件成功
2016-12-22T02:26:42: 读取文件成功
2016-12-22T02:26:53: 读取文件成功
2016-12-22T02:27:02: 读取文件成功
2016-12-22T02:27:12: 读取文件成功
2016-12-22T02:27:49: 读取文件成功
2016-12-22T02:27:50: 读取文件成功
2016-12-22T02:27:53: 读取文件成功
2016-12-22T02:27:54: 读取文件成功
2016-12-22T02:28:07: 读取文件成功
2016-12-22T02:28:23: 读取文件成功
2016-12-22T02:28:49: 读取文件成功
2016-12-22T02:28:58: 读取文件成功
2016-12-22T02:29:13: 读取文件成功
2016-12-22T02:29:17: 读取文件成功
2016-12-22T02:29:18: 读取文件成功
2016-12-22T02:29:26: 读取文件成功
2016-12-22T02:29:34: 读取文件成功
2016-12-22T02:29:45: 读取文件成功
2016-12-22T02:30:06: 读取文件成功
2016-12-22T02:30:19: 读取文件成功
2016-12-22T02:30:29: 读取文件成功
2016-12-22T02:30:33: 读取文件成功
2016-12-22T02:30:43: 读取文件成功
2016-12-22T02:30:53: 读取文件成功
2016-12-22T02:30:53: 读取文件成功
2016-12-22T02:31:03: 读取文件成功
2016-12-22T02:31:13: 读取文件成功
2016-12-22T02:31:23: 读取文件成功
2016-12-22T02:31:33: 读取文件成功
2016-12-22T02:31:43: 读取文件成功
2016-12-22T02:31:53: 读取文件成功
2016-12-22T02:32:03: 读取文件成功
2016-12-22T02:32:13: 读取文件成功
2016-12-22T02:32:23: 读取文件成功
2016-12-22T02:32:33: 读取文件成功
2016-12-22T02:32:43: 读取文件成功
2016-12-22T02:32:53: 读取文件成功
2016-12-22T02:33:03: 读取文件成功
2016-12-22T02:33:13: 读取文件成功
2016-12-22T02:33:23: 读取文件成功
2016-12-22T02:33:33: 读取文件成功
2016-12-22T02:33:43: 读取文件成功
2016-12-22T02:33:53: 读取文件成功
2016-12-22T02:34:03: 读取文件成功
2016-12-22T02:34:13: 读取文件成功
2016-12-22T02:34:23: 读取文件成功
2016-12-22T02:34:33: 读取文件成功
2016-12-22T02:34:43: 读取文件成功
2016-12-22T02:34:53: 读取文件成功
2016-12-22T02:35:03: 读取文件成功
2016-12-22T02:35:13: 读取文件成功
2016-12-22T02:35:23: 读取文件成功
2016-12-22T02:35:33: 读取文件成功
2016-12-22T02:35:43: 读取文件成功
2016-12-22T02:35:53: 读取文件成功
2016-12-22T02:36:03: 读取文件成功
2016-12-22T02:36:13: 读取文件成功
2016-12-22T02:36:24: 读取文件成功
2016-12-22T02:36:33: 读取文件成功
2016-12-22T02:36:43: 读取文件成功
2016-12-22T02:36:53: 读取文件成功
2016-12-22T02:37:03: 读取文件成功
2016-12-22T02:37:13: 读取文件成功
2016-12-22T02:37:23: 读取文件成功
2016-12-22T02:37:34: 读取文件成功
2016-12-22T02:37:44: 读取文件成功
2016-12-22T02:37:53: 读取文件成功
2016-12-22T02:38:03: 读取文件成功
2016-12-22T02:38:13: 读取文件成功
2016-12-22T02:38:23: 读取文件成功
2016-12-22T02:38:33: 读取文件成功
2016-12-22T02:38:43: 读取文件成功
2016-12-22T02:38:53: 读取文件成功
2016-12-22T02:39:03: 读取文件成功
2016-12-22T02:39:13: 读取文件成功
2016-12-22T02:39:23: 读取文件成功
2016-12-22T02:39:33: 读取文件成功
2016-12-22T02:39:43: 读取文件成功
2016-12-22T02:39:53: 读取文件成功
2016-12-22T02:40:03: 读取文件成功
2016-12-22T02:40:13: 读取文件成功
2016-12-22T02:40:23: 读取文件成功
2016-12-22T02:40:33: 读取文件成功
2016-12-22T02:40:43: 读取文件成功
2016-12-22T02:40:53: 读取文件成功
2016-12-22T02:41:03: 读取文件成功
2016-12-22T02:41:13: 读取文件成功
2016-12-22T02:41:23: 读取文件成功
2016-12-22T02:41:33: 读取文件成功
2016-12-22T02:41:43: 读取文件成功
2016-12-22T02:41:53: 读取文件成功
2016-12-22T02:42:03: 读取文件成功
2016-12-22T02:42:13: 读取文件成功
2016-12-22T02:42:23: 读取文件成功
2016-12-22T02:42:33: 读取文件成功
2016-12-22T02:42:43: 读取文件成功
2016-12-22T02:42:53: 读取文件成功
2016-12-22T02:43:03: 读取文件成功
2016-12-22T02:43:13: 读取文件成功
2016-12-22T02:43:23: 读取文件成功
2016-12-22T02:43:33: 读取文件成功
2016-12-22T02:43:43: 读取文件成功
2016-12-22T02:43:53: 读取文件成功
2016-12-22T02:44:03: 读取文件成功
2016-12-22T02:44:13: 读取文件成功
2016-12-22T02:44:23: 读取文件成功
2016-12-22T02:44:33: 读取文件成功
2016-12-22T02:44:43: 读取文件成功
2016-12-22T02:44:53: 读取文件成功
2016-12-22T02:45:03: 读取文件成功
2016-12-22T02:45:13: 读取文件成功
2016-12-22T02:45:23: 读取文件成功
2016-12-22T02:45:33: 读取文件成功
2016-12-22T02:45:43: 读取文件成功
2016-12-22T02:45:53: 读取文件成功
2016-12-22T02:46:03: 读取文件成功
2016-12-22T02:46:13: 读取文件成功
2016-12-22T02:46:23: 读取文件成功
2016-12-22T02:46:33: 读取文件成功
2016-12-22T02:46:43: 读取文件成功
2016-12-22T02:46:53: 读取文件成功
2016-12-22T02:47:03: 读取文件成功
2016-12-22T02:47:13: 读取文件成功
2016-12-22T02:47:23: 读取文件成功
2016-12-22T02:47:33: 读取文件成功
2016-12-22T02:47:43: 读取文件成功
2016-12-22T02:47:53: 读取文件成功
2016-12-22T02:48:04: 读取文件成功
2016-12-22T02:48:13: 读取文件成功
2016-12-22T02:48:24: 读取文件成功
2016-12-22T02:48:34: 读取文件成功
2016-12-22T02:48:44: 读取文件成功
2016-12-22T02:48:54: 读取文件成功
2016-12-22T02:49:04: 读取文件成功
2016-12-22T02:49:14: 读取文件成功
2016-12-22T02:49:24: 读取文件成功
2016-12-22T02:49:34: 读取文件成功
2016-12-22T02:49:44: 读取文件成功
2016-12-22T02:49:54: 读取文件成功
2016-12-22T02:50:04: 读取文件成功
2016-12-22T02:50:14: 读取文件成功
2016-12-22T02:50:24: 读取文件成功
2016-12-22T02:50:34: 读取文件成功
2016-12-22T02:50:44: 读取文件成功
2016-12-22T02:50:54: 读取文件成功
2016-12-22T02:51:04: 读取文件成功
2016-12-22T02:51:14: 读取文件成功
2016-12-22T02:51:24: 读取文件成功
2016-12-22T02:51:34: 读取文件成功
2016-12-22T02:51:44: 读取文件成功
2016-12-22T02:51:54: 读取文件成功
2016-12-22T02:52:04: 读取文件成功
2016-12-22T02:52:14: 读取文件成功
2016-12-22T02:52:56: 读取文件成功
2016-12-22T02:52:59: 读取文件成功
2016-12-22T02:53:04: 读取文件成功
2016-12-22T02:53:05: 读取文件成功
2016-12-22T02:53:14: 读取文件成功
2016-12-22T02:53:24: 读取文件成功
2016-12-22T02:53:27: 读取文件成功
2016-12-22T02:53:34: 读取文件成功
2016-12-22T02:53:44: 读取文件成功
2016-12-22T02:53:54: 读取文件成功
2016-12-22T02:54:04: 读取文件成功
2016-12-22T02:54:14: 读取文件成功
2016-12-22T02:54:24: 读取文件成功
2016-12-22T02:54:34: 读取文件成功
2016-12-22T02:54:44: 读取文件成功
2016-12-22T02:54:54: 读取文件成功
2016-12-22T02:55:04: 读取文件成功
2016-12-22T02:55:14: 读取文件成功
2016-12-22T02:55:24: 读取文件成功
2016-12-22T02:55:34: 读取文件成功
2016-12-22T02:55:44: 读取文件成功
2016-12-22T02:55:54: 读取文件成功
2016-12-22T02:56:04: 读取文件成功
2016-12-22T02:56:14: 读取文件成功
2016-12-22T02:56:24: 读取文件成功
2016-12-22T02:56:34: 读取文件成功
2016-12-22T02:56:44: 读取文件成功
2016-12-22T02:56:54: 读取文件成功
2016-12-22T02:57:04: 读取文件成功
2016-12-22T02:57:14: 读取文件成功
2016-12-22T02:57:24: 读取文件成功
2016-12-22T02:57:34: 读取文件成功
2016-12-22T02:57:44: 读取文件成功
2016-12-22T02:57:54: 读取文件成功
2016-12-22T02:58:04: 读取文件成功
2016-12-22T02:58:14: 读取文件成功
2016-12-22T02:58:24: 读取文件成功
2016-12-22T02:58:34: 读取文件成功
2016-12-22T02:58:44: 读取文件成功
2016-12-22T02:58:54: 读取文件成功
2016-12-22T02:59:04: 读取文件成功
2016-12-22T02:59:14: 读取文件成功
2016-12-22T02:59:24: 读取文件成功
2016-12-22T02:59:34: 读取文件成功
2016-12-22T02:59:44: 读取文件成功
2016-12-22T02:59:54: 读取文件成功
2016-12-22T03:00:04: 读取文件成功
2016-12-22T03:00:14: 读取文件成功
2016-12-22T03:00:24: 读取文件成功
2016-12-22T03:00:34: 读取文件成功
2016-12-22T03:00:44: 读取文件成功
2016-12-22T03:00:54: 读取文件成功
2016-12-22T03:01:04: 读取文件成功
2016-12-22T03:01:14: 读取文件成功
2016-12-22T03:01:24: 读取文件成功
2016-12-22T03:01:34: 读取文件成功
2016-12-22T03:01:44: 读取文件成功
2016-12-22T03:01:54: 读取文件成功
2016-12-22T03:02:04: 读取文件成功
2016-12-22T03:02:14: 读取文件成功
2016-12-22T03:02:24: 读取文件成功
2016-12-22T03:02:34: 读取文件成功
2016-12-22T03:02:44: 读取文件成功
2016-12-22T03:02:54: 读取文件成功
2016-12-22T03:03:04: 读取文件成功
2016-12-22T03:03:14: 读取文件成功
2016-12-22T03:03:24: 读取文件成功
2016-12-22T03:03:34: 读取文件成功
2016-12-22T03:03:44: 读取文件成功
2016-12-22T03:03:54: 读取文件成功
2016-12-22T03:04:04: 读取文件成功
2016-12-22T03:04:14: 读取文件成功
2016-12-22T03:04:24: 读取文件成功
2016-12-22T03:04:48: 读取文件成功
2016-12-22T03:04:50: 读取文件成功
2016-12-22T03:04:55: 读取文件成功
2016-12-22T03:05:05: 读取文件成功
2016-12-22T03:05:15: 读取文件成功
2016-12-22T03:05:25: 读取文件成功
2016-12-22T03:05:35: 读取文件成功
2016-12-22T03:05:45: 读取文件成功
2016-12-22T03:05:55: 读取文件成功
2016-12-22T03:06:05: 读取文件成功
2016-12-22T03:06:15: 读取文件成功
2016-12-22T03:06:26: 读取文件成功
2016-12-22T03:06:35: 读取文件成功
2016-12-22T03:06:46: 读取文件成功
2016-12-22T03:06:55: 读取文件成功
2016-12-22T03:07:05: 读取文件成功
2016-12-22T03:07:14: 读取文件成功
2016-12-22T03:07:24: 读取文件成功
2016-12-22T03:07:34: 读取文件成功
2016-12-22T03:07:44: 读取文件成功
2016-12-22T03:07:54: 读取文件成功
2016-12-22T03:08:04: 读取文件成功
2016-12-22T03:08:14: 读取文件成功
2016-12-22T03:08:24: 读取文件成功
2016-12-22T03:08:34: 读取文件成功
2016-12-22T03:08:44: 读取文件成功
2016-12-22T03:08:54: 读取文件成功
2016-12-22T03:09:04: 读取文件成功
2016-12-22T03:09:15: 读取文件成功
2016-12-22T03:09:25: 读取文件成功
2016-12-22T03:09:35: 读取文件成功
2016-12-22T03:09:44: 读取文件成功
2016-12-22T03:09:55: 读取文件成功
2016-12-22T03:10:05: 读取文件成功
2016-12-22T03:10:15: 读取文件成功
2016-12-22T03:10:25: 读取文件成功
2016-12-22T03:10:35: 读取文件成功
2016-12-22T03:10:45: 读取文件成功
2016-12-22T03:10:55: 读取文件成功
2016-12-22T03:11:05: 读取文件成功
2016-12-22T03:11:15: 读取文件成功
2016-12-22T03:11:25: 读取文件成功
2016-12-22T03:11:35: 读取文件成功
2016-12-22T03:11:46: 读取文件成功
2016-12-22T03:11:55: 读取文件成功
2016-12-22T03:12:07: 读取文件成功
2016-12-22T03:12:15: 读取文件成功
2016-12-22T03:12:25: 读取文件成功
2016-12-22T03:12:35: 读取文件成功
2016-12-22T03:12:45: 读取文件成功
2016-12-22T03:12:56: 读取文件成功
2016-12-22T03:13:05: 读取文件成功
2016-12-22T03:13:15: 读取文件成功
2016-12-22T03:13:25: 读取文件成功
2016-12-22T03:13:36: 读取文件成功
2016-12-22T03:13:45: 读取文件成功
2016-12-22T03:13:57: 读取文件成功
2016-12-22T03:14:05: 读取文件成功
2016-12-22T03:14:20: 读取文件成功
2016-12-22T03:14:25: 读取文件成功
2016-12-22T03:14:38: 读取文件成功
2016-12-22T03:14:45: 读取文件成功
2016-12-22T03:14:56: 读取文件成功
2016-12-22T03:15:05: 读取文件成功
2016-12-22T03:15:15: 读取文件成功
2016-12-22T03:15:25: 读取文件成功
2016-12-22T03:15:35: 读取文件成功
2016-12-22T03:15:45: 读取文件成功
2016-12-22T03:15:55: 读取文件成功
2016-12-22T03:16:05: 读取文件成功
2016-12-22T03:16:15: 读取文件成功
2016-12-22T03:16:25: 读取文件成功
2016-12-22T03:16:35: 读取文件成功
2016-12-22T03:16:45: 读取文件成功
2016-12-22T03:16:55: 读取文件成功
2016-12-22T03:17:05: 读取文件成功
2016-12-22T03:17:15: 读取文件成功
2016-12-22T03:17:25: 读取文件成功
2016-12-22T03:17:35: 读取文件成功
2016-12-22T03:17:45: 读取文件成功
2016-12-22T03:17:55: 读取文件成功
2016-12-22T03:18:05: 读取文件成功
2016-12-22T03:18:15: 读取文件成功
2016-12-22T03:18:25: 读取文件成功
2016-12-22T03:18:35: 读取文件成功
2016-12-22T03:18:45: 读取文件成功
2016-12-22T03:18:55: 读取文件成功
2016-12-22T03:19:05: 读取文件成功
2016-12-22T03:19:15: 读取文件成功
2016-12-22T03:19:25: 读取文件成功
2016-12-22T03:19:35: 读取文件成功
2016-12-22T03:19:45: 读取文件成功
2016-12-22T03:19:55: 读取文件成功
2016-12-22T03:20:05: 读取文件成功
2016-12-22T03:20:15: 读取文件成功
2016-12-22T03:20:25: 读取文件成功
2016-12-22T03:20:35: 读取文件成功
2016-12-22T03:20:45: 读取文件成功
2016-12-22T03:20:55: 读取文件成功
2016-12-22T03:21:05: 读取文件成功
2016-12-22T03:21:15: 读取文件成功
2016-12-22T03:21:25: 读取文件成功
2016-12-22T03:21:35: 读取文件成功
2016-12-22T03:21:45: 读取文件成功
2016-12-22T03:21:55: 读取文件成功
2016-12-22T03:22:05: 读取文件成功
2016-12-22T03:22:15: 读取文件成功
2016-12-22T03:22:25: 读取文件成功
2016-12-22T03:22:35: 读取文件成功
2016-12-22T03:22:45: 读取文件成功
2016-12-22T03:22:55: 读取文件成功
2016-12-22T03:23:05: 读取文件成功
2016-12-22T03:23:15: 读取文件成功
2016-12-22T03:23:25: 读取文件成功
2016-12-22T03:23:35: 读取文件成功
2016-12-22T03:23:45: 读取文件成功
2016-12-22T03:23:55: 读取文件成功
2016-12-22T03:24:05: 读取文件成功
2016-12-22T03:24:15: 读取文件成功
2016-12-22T03:24:25: 读取文件成功
2016-12-22T03:24:35: 读取文件成功
2016-12-22T03:24:45: 读取文件成功
2016-12-22T03:24:55: 读取文件成功
2016-12-22T03:25:05: 读取文件成功
2016-12-22T03:25:15: 读取文件成功
2016-12-22T03:25:25: 读取文件成功
2016-12-22T03:25:35: 读取文件成功
2016-12-22T03:25:45: 读取文件成功
2016-12-22T03:25:55: 读取文件成功
2016-12-22T03:26:05: 读取文件成功
2016-12-22T03:26:15: 读取文件成功
2016-12-22T03:26:25: 读取文件成功
2016-12-22T03:26:35: 读取文件成功
2016-12-22T03:26:45: 读取文件成功
2016-12-22T03:26:55: 读取文件成功
2016-12-22T03:27:05: 读取文件成功
2016-12-22T03:27:15: 读取文件成功
2016-12-22T03:27:25: 读取文件成功
2016-12-22T03:27:35: 读取文件成功
2016-12-22T03:27:45: 读取文件成功
2016-12-22T03:27:55: 读取文件成功
2016-12-22T03:28:05: 读取文件成功
2016-12-22T03:28:15: 读取文件成功
2016-12-22T03:28:25: 读取文件成功
2016-12-22T03:28:35: 读取文件成功
2016-12-22T03:28:45: 读取文件成功
2016-12-22T03:28:55: 读取文件成功
2016-12-22T03:29:05: 读取文件成功
2016-12-22T03:29:15: 读取文件成功
2016-12-22T03:29:25: 读取文件成功
2016-12-22T03:29:35: 读取文件成功
2016-12-22T03:29:45: 读取文件成功
2016-12-22T03:29:55: 读取文件成功
2016-12-22T03:30:05: 读取文件成功
2016-12-22T03:30:15: 读取文件成功
2016-12-22T03:30:25: 读取文件成功
2016-12-22T03:30:35: 读取文件成功
2016-12-22T03:30:45: 读取文件成功
2016-12-22T03:30:55: 读取文件成功
2016-12-22T03:31:05: 读取文件成功
2016-12-22T03:31:15: 读取文件成功
2016-12-22T03:31:25: 读取文件成功
2016-12-22T03:31:35: 读取文件成功
2016-12-22T03:31:45: 读取文件成功
2016-12-22T03:31:55: 读取文件成功
2016-12-22T03:32:05: 读取文件成功
2016-12-22T03:32:15: 读取文件成功
2016-12-22T03:32:26: 读取文件成功
2016-12-22T03:32:35: 读取文件成功
2016-12-22T03:32:45: 读取文件成功
2016-12-22T03:32:55: 读取文件成功
2016-12-22T03:33:05: 读取文件成功
2016-12-22T03:33:15: 读取文件成功
2016-12-22T03:33:25: 读取文件成功
2016-12-22T03:33:35: 读取文件成功
2016-12-22T03:33:45: 读取文件成功
2016-12-22T03:33:55: 读取文件成功
2016-12-22T03:34:05: 读取文件成功
2016-12-22T03:34:15: 读取文件成功
2016-12-22T03:34:25: 读取文件成功
2016-12-22T03:34:36: 读取文件成功
2016-12-22T03:34:46: 读取文件成功
2016-12-22T03:34:56: 读取文件成功
2016-12-22T03:35:06: 读取文件成功
2016-12-22T03:35:16: 读取文件成功
2016-12-22T03:35:26: 读取文件成功
2016-12-22T03:35:36: 读取文件成功
2016-12-22T03:35:46: 读取文件成功
2016-12-22T03:35:56: 读取文件成功
2016-12-22T03:36:06: 读取文件成功
2016-12-22T03:36:16: 读取文件成功
2016-12-22T03:36:26: 读取文件成功
2016-12-22T03:36:36: 读取文件成功
2016-12-22T03:36:46: 读取文件成功
2016-12-22T03:36:56: 读取文件成功
2016-12-22T03:37:06: 读取文件成功
2016-12-22T03:37:16: 读取文件成功
2016-12-22T03:37:26: 读取文件成功
2016-12-22T03:37:36: 读取文件成功
2016-12-22T03:37:46: 读取文件成功
2016-12-22T03:37:56: 读取文件成功
2016-12-22T03:38:06: 读取文件成功
2016-12-22T03:38:16: 读取文件成功
2016-12-22T03:38:26: 读取文件成功
2016-12-22T03:38:36: 读取文件成功
2016-12-22T03:38:46: 读取文件成功
2016-12-22T03:38:56: 读取文件成功
2016-12-22T03:39:06: 读取文件成功
2016-12-22T03:39:16: 读取文件成功
2016-12-22T03:39:26: 读取文件成功
2016-12-22T03:39:36: 读取文件成功
2016-12-22T03:39:46: 读取文件成功
2016-12-22T03:39:56: 读取文件成功
2016-12-22T03:40:06: 读取文件成功
2016-12-22T03:40:16: 读取文件成功
2016-12-22T03:40:26: 读取文件成功
2016-12-22T03:40:36: 读取文件成功
2016-12-22T03:40:46: 读取文件成功
2016-12-22T03:40:56: 读取文件成功
2016-12-22T03:41:06: 读取文件成功
2016-12-22T03:41:16: 读取文件成功
2016-12-22T03:41:26: 读取文件成功
2016-12-22T03:41:36: 读取文件成功
2016-12-22T03:41:46: 读取文件成功
2016-12-22T03:41:56: 读取文件成功
2016-12-22T03:42:06: 读取文件成功
2016-12-22T03:42:16: 读取文件成功
2016-12-22T03:42:26: 读取文件成功
2016-12-22T03:42:36: 读取文件成功
2016-12-22T03:42:46: 读取文件成功
2016-12-22T03:42:56: 读取文件成功
2016-12-22T03:43:06: 读取文件成功
2016-12-22T03:43:16: 读取文件成功
2016-12-22T03:43:26: 读取文件成功
2016-12-22T03:43:36: 读取文件成功
2016-12-22T03:43:46: 读取文件成功
2016-12-22T03:43:56: 读取文件成功
2016-12-22T03:44:06: 读取文件成功
2016-12-22T03:44:16: 读取文件成功
2016-12-22T03:44:26: 读取文件成功
2016-12-22T03:44:36: 读取文件成功
2016-12-22T03:44:46: 读取文件成功
2016-12-22T03:44:56: 读取文件成功
2016-12-22T03:45:06: 读取文件成功
2016-12-22T03:45:16: 读取文件成功
2016-12-22T03:45:26: 读取文件成功
2016-12-22T03:45:36: 读取文件成功
2016-12-22T03:45:46: 读取文件成功
2016-12-22T03:45:56: 读取文件成功
2016-12-22T03:46:06: 读取文件成功
2016-12-22T03:46:16: 读取文件成功
2016-12-22T03:46:26: 读取文件成功
2016-12-22T03:46:36: 读取文件成功
2016-12-22T03:46:46: 读取文件成功
2016-12-22T03:46:56: 读取文件成功
2016-12-22T03:47:06: 读取文件成功
2016-12-22T03:47:16: 读取文件成功
2016-12-22T03:47:26: 读取文件成功
2016-12-22T03:47:36: 读取文件成功
2016-12-22T03:47:46: 读取文件成功
2016-12-22T03:47:56: 读取文件成功
2016-12-22T03:48:06: 读取文件成功
2016-12-22T03:48:16: 读取文件成功
2016-12-22T03:48:26: 读取文件成功
2016-12-22T03:48:36: 读取文件成功
2016-12-22T03:48:46: 读取文件成功
2016-12-22T03:48:56: 读取文件成功
2016-12-22T03:49:06: 读取文件成功
2016-12-22T03:49:16: 读取文件成功
2016-12-22T03:49:26: 读取文件成功
2016-12-22T03:49:36: 读取文件成功
2016-12-22T03:49:46: 读取文件成功
2016-12-22T03:49:56: 读取文件成功
2016-12-22T03:50:06: 读取文件成功
2016-12-22T03:50:16: 读取文件成功
2016-12-22T03:50:26: 读取文件成功
2016-12-22T03:50:36: 读取文件成功
2016-12-22T03:50:46: 读取文件成功
2016-12-22T03:50:56: 读取文件成功
2016-12-22T03:51:06: 读取文件成功
2016-12-22T03:51:16: 读取文件成功
2016-12-22T03:51:26: 读取文件成功
2016-12-22T03:51:36: 读取文件成功
2016-12-22T03:51:46: 读取文件成功
2016-12-22T03:51:56: 读取文件成功
2016-12-22T03:52:06: 读取文件成功
2016-12-22T03:52:16: 读取文件成功
2016-12-22T03:52:26: 读取文件成功
2016-12-22T03:52:36: 读取文件成功
2016-12-22T03:52:46: 读取文件成功
2016-12-22T03:52:56: 读取文件成功
2016-12-22T03:53:06: 读取文件成功
2016-12-22T03:53:16: 读取文件成功
2016-12-22T03:53:26: 读取文件成功
2016-12-22T03:53:36: 读取文件成功
2016-12-22T03:53:46: 读取文件成功
2016-12-22T03:53:56: 读取文件成功
2016-12-22T03:54:06: 读取文件成功
2016-12-22T03:54:16: 读取文件成功
2016-12-22T03:54:26: 读取文件成功
2016-12-22T03:54:36: 读取文件成功
2016-12-22T03:54:46: 读取文件成功
2016-12-22T03:54:56: 读取文件成功
2016-12-22T03:55:06: 读取文件成功
2016-12-22T03:55:16: 读取文件成功
2016-12-22T03:55:26: 读取文件成功
2016-12-22T03:55:36: 读取文件成功
2016-12-22T03:55:46: 读取文件成功
2016-12-22T03:55:56: 读取文件成功
2016-12-22T03:56:06: 读取文件成功
2016-12-22T03:56:16: 读取文件成功
2016-12-22T03:56:26: 读取文件成功
2016-12-22T03:56:36: 读取文件成功
2016-12-22T03:56:46: 读取文件成功
2016-12-22T03:56:56: 读取文件成功
2016-12-22T03:57:06: 读取文件成功
2016-12-22T03:57:16: 读取文件成功
2016-12-22T03:57:26: 读取文件成功
2016-12-22T03:57:36: 读取文件成功
2016-12-22T03:57:46: 读取文件成功
2016-12-22T03:57:56: 读取文件成功
2016-12-22T03:58:06: 读取文件成功
2016-12-22T03:58:16: 读取文件成功
2016-12-22T03:58:27: 读取文件成功
2016-12-22T03:58:37: 读取文件成功
2016-12-22T03:58:46: 读取文件成功
2016-12-22T03:58:56: 读取文件成功
2016-12-22T03:59:07: 读取文件成功
