2016-12-05T00:00:03: 非记录时间：2016-12-05T00:00:03+08:00
2016-12-05T00:00:13: 非记录时间：2016-12-05T00:00:13+08:00
2016-12-05T00:00:23: 非记录时间：2016-12-05T00:00:23+08:00
2016-12-05T00:00:33: 非记录时间：2016-12-05T00:00:33+08:00
2016-12-05T00:00:43: 非记录时间：2016-12-05T00:00:43+08:00
2016-12-05T00:00:53: 非记录时间：2016-12-05T00:00:53+08:00
2016-12-05T00:01:03: 非记录时间：2016-12-05T00:01:03+08:00
2016-12-05T00:01:13: 非记录时间：2016-12-05T00:01:13+08:00
2016-12-05T00:01:23: 非记录时间：2016-12-05T00:01:23+08:00
2016-12-05T00:01:33: 非记录时间：2016-12-05T00:01:33+08:00
2016-12-05T00:01:43: 非记录时间：2016-12-05T00:01:43+08:00
2016-12-05T00:01:53: 非记录时间：2016-12-05T00:01:53+08:00
2016-12-05T00:02:03: 非记录时间：2016-12-05T00:02:03+08:00
2016-12-05T00:02:13: 非记录时间：2016-12-05T00:02:13+08:00
2016-12-05T00:02:23: 非记录时间：2016-12-05T00:02:23+08:00
2016-12-05T00:02:33: 非记录时间：2016-12-05T00:02:33+08:00
2016-12-05T00:02:43: 非记录时间：2016-12-05T00:02:43+08:00
2016-12-05T00:02:53: 非记录时间：2016-12-05T00:02:53+08:00
2016-12-05T00:03:03: 非记录时间：2016-12-05T00:03:03+08:00
2016-12-05T00:03:13: 非记录时间：2016-12-05T00:03:13+08:00
2016-12-05T00:03:23: 非记录时间：2016-12-05T00:03:23+08:00
2016-12-05T00:03:33: 非记录时间：2016-12-05T00:03:33+08:00
2016-12-05T00:03:43: 非记录时间：2016-12-05T00:03:43+08:00
2016-12-05T00:03:53: 非记录时间：2016-12-05T00:03:53+08:00
2016-12-05T00:04:03: 非记录时间：2016-12-05T00:04:03+08:00
2016-12-05T00:04:13: 非记录时间：2016-12-05T00:04:13+08:00
2016-12-05T00:04:23: 非记录时间：2016-12-05T00:04:23+08:00
2016-12-05T00:04:33: 非记录时间：2016-12-05T00:04:33+08:00
2016-12-05T00:04:43: 非记录时间：2016-12-05T00:04:43+08:00
2016-12-05T00:04:53: 非记录时间：2016-12-05T00:04:53+08:00
2016-12-05T00:05:03: 非记录时间：2016-12-05T00:05:03+08:00
2016-12-05T00:05:13: 非记录时间：2016-12-05T00:05:13+08:00
2016-12-05T00:05:23: 非记录时间：2016-12-05T00:05:23+08:00
2016-12-05T00:05:33: 非记录时间：2016-12-05T00:05:33+08:00
2016-12-05T00:05:43: 非记录时间：2016-12-05T00:05:43+08:00
2016-12-05T00:05:53: 非记录时间：2016-12-05T00:05:53+08:00
2016-12-05T00:06:03: 非记录时间：2016-12-05T00:06:03+08:00
2016-12-05T00:06:13: 非记录时间：2016-12-05T00:06:13+08:00
2016-12-05T00:06:23: 非记录时间：2016-12-05T00:06:23+08:00
2016-12-05T00:06:33: 非记录时间：2016-12-05T00:06:33+08:00
2016-12-05T00:06:43: 非记录时间：2016-12-05T00:06:43+08:00
2016-12-05T00:06:53: 非记录时间：2016-12-05T00:06:53+08:00
2016-12-05T00:07:03: 非记录时间：2016-12-05T00:07:03+08:00
2016-12-05T00:07:13: 非记录时间：2016-12-05T00:07:13+08:00
2016-12-05T00:07:23: 非记录时间：2016-12-05T00:07:23+08:00
2016-12-05T00:07:33: 非记录时间：2016-12-05T00:07:33+08:00
2016-12-05T00:07:43: 非记录时间：2016-12-05T00:07:43+08:00
2016-12-05T00:07:53: 非记录时间：2016-12-05T00:07:53+08:00
2016-12-05T00:08:03: 非记录时间：2016-12-05T00:08:03+08:00
2016-12-05T00:08:13: 非记录时间：2016-12-05T00:08:13+08:00
2016-12-05T00:08:23: 非记录时间：2016-12-05T00:08:23+08:00
2016-12-05T00:08:33: 非记录时间：2016-12-05T00:08:33+08:00
2016-12-05T00:08:43: 非记录时间：2016-12-05T00:08:43+08:00
2016-12-05T00:08:53: 非记录时间：2016-12-05T00:08:53+08:00
2016-12-05T00:09:03: 非记录时间：2016-12-05T00:09:03+08:00
2016-12-05T00:09:13: 非记录时间：2016-12-05T00:09:13+08:00
2016-12-05T00:09:23: 非记录时间：2016-12-05T00:09:23+08:00
2016-12-05T00:09:33: 非记录时间：2016-12-05T00:09:33+08:00
2016-12-05T00:09:43: 非记录时间：2016-12-05T00:09:43+08:00
2016-12-05T00:09:53: 非记录时间：2016-12-05T00:09:53+08:00
2016-12-05T00:10:03: 非记录时间：2016-12-05T00:10:03+08:00
2016-12-05T00:10:13: 非记录时间：2016-12-05T00:10:13+08:00
2016-12-05T00:10:23: 非记录时间：2016-12-05T00:10:23+08:00
2016-12-05T00:10:33: 非记录时间：2016-12-05T00:10:33+08:00
2016-12-05T00:10:43: 非记录时间：2016-12-05T00:10:43+08:00
2016-12-05T00:10:53: 非记录时间：2016-12-05T00:10:53+08:00
2016-12-05T00:11:03: 非记录时间：2016-12-05T00:11:03+08:00
2016-12-05T00:11:13: 非记录时间：2016-12-05T00:11:13+08:00
2016-12-05T00:11:23: 非记录时间：2016-12-05T00:11:23+08:00
2016-12-05T00:11:33: 非记录时间：2016-12-05T00:11:33+08:00
2016-12-05T00:11:43: 非记录时间：2016-12-05T00:11:43+08:00
2016-12-05T00:11:53: 非记录时间：2016-12-05T00:11:53+08:00
2016-12-05T00:12:03: 非记录时间：2016-12-05T00:12:03+08:00
2016-12-05T00:12:13: 非记录时间：2016-12-05T00:12:13+08:00
2016-12-05T00:12:23: 非记录时间：2016-12-05T00:12:23+08:00
2016-12-05T00:12:33: 非记录时间：2016-12-05T00:12:33+08:00
2016-12-05T00:12:43: 非记录时间：2016-12-05T00:12:43+08:00
2016-12-05T00:12:53: 非记录时间：2016-12-05T00:12:53+08:00
2016-12-05T00:13:03: 非记录时间：2016-12-05T00:13:03+08:00
2016-12-05T00:13:13: 非记录时间：2016-12-05T00:13:13+08:00
2016-12-05T00:13:23: 非记录时间：2016-12-05T00:13:23+08:00
2016-12-05T00:13:33: 非记录时间：2016-12-05T00:13:33+08:00
2016-12-05T00:13:43: 非记录时间：2016-12-05T00:13:43+08:00
2016-12-05T00:13:53: 非记录时间：2016-12-05T00:13:53+08:00
2016-12-05T00:14:03: 非记录时间：2016-12-05T00:14:03+08:00
2016-12-05T00:14:13: 非记录时间：2016-12-05T00:14:13+08:00
2016-12-05T00:14:23: 非记录时间：2016-12-05T00:14:23+08:00
2016-12-05T00:14:33: 非记录时间：2016-12-05T00:14:33+08:00
2016-12-05T00:14:43: 非记录时间：2016-12-05T00:14:43+08:00
2016-12-05T00:14:53: 非记录时间：2016-12-05T00:14:53+08:00
2016-12-05T00:15:03: 非记录时间：2016-12-05T00:15:03+08:00
2016-12-05T00:15:13: 非记录时间：2016-12-05T00:15:13+08:00
2016-12-05T00:15:23: 非记录时间：2016-12-05T00:15:23+08:00
2016-12-05T00:15:33: 非记录时间：2016-12-05T00:15:33+08:00
2016-12-05T00:15:43: 非记录时间：2016-12-05T00:15:43+08:00
2016-12-05T00:15:53: 非记录时间：2016-12-05T00:15:53+08:00
2016-12-05T00:16:03: 非记录时间：2016-12-05T00:16:03+08:00
2016-12-05T00:16:13: 非记录时间：2016-12-05T00:16:13+08:00
2016-12-05T00:16:23: 非记录时间：2016-12-05T00:16:23+08:00
2016-12-05T00:16:33: 非记录时间：2016-12-05T00:16:33+08:00
2016-12-05T00:16:43: 非记录时间：2016-12-05T00:16:43+08:00
2016-12-05T00:16:53: 非记录时间：2016-12-05T00:16:53+08:00
2016-12-05T00:17:03: 非记录时间：2016-12-05T00:17:03+08:00
2016-12-05T00:17:13: 非记录时间：2016-12-05T00:17:13+08:00
2016-12-05T00:17:23: 非记录时间：2016-12-05T00:17:23+08:00
2016-12-05T00:17:33: 非记录时间：2016-12-05T00:17:33+08:00
2016-12-05T00:17:43: 非记录时间：2016-12-05T00:17:43+08:00
2016-12-05T00:17:53: 非记录时间：2016-12-05T00:17:53+08:00
2016-12-05T00:18:03: 非记录时间：2016-12-05T00:18:03+08:00
2016-12-05T00:18:13: 非记录时间：2016-12-05T00:18:13+08:00
2016-12-05T00:18:23: 非记录时间：2016-12-05T00:18:23+08:00
2016-12-05T00:18:33: 非记录时间：2016-12-05T00:18:33+08:00
2016-12-05T00:18:43: 非记录时间：2016-12-05T00:18:43+08:00
2016-12-05T00:18:53: 非记录时间：2016-12-05T00:18:53+08:00
2016-12-05T00:19:03: 非记录时间：2016-12-05T00:19:03+08:00
2016-12-05T00:19:13: 非记录时间：2016-12-05T00:19:13+08:00
2016-12-05T00:19:23: 非记录时间：2016-12-05T00:19:23+08:00
2016-12-05T00:19:33: 非记录时间：2016-12-05T00:19:33+08:00
2016-12-05T00:19:43: 非记录时间：2016-12-05T00:19:43+08:00
2016-12-05T00:19:53: 非记录时间：2016-12-05T00:19:53+08:00
2016-12-05T00:20:03: 非记录时间：2016-12-05T00:20:03+08:00
2016-12-05T00:20:13: 非记录时间：2016-12-05T00:20:13+08:00
2016-12-05T00:20:23: 非记录时间：2016-12-05T00:20:23+08:00
2016-12-05T00:20:33: 非记录时间：2016-12-05T00:20:33+08:00
2016-12-05T00:20:43: 非记录时间：2016-12-05T00:20:43+08:00
2016-12-05T00:20:53: 非记录时间：2016-12-05T00:20:53+08:00
2016-12-05T00:21:03: 非记录时间：2016-12-05T00:21:03+08:00
2016-12-05T00:21:13: 非记录时间：2016-12-05T00:21:13+08:00
2016-12-05T00:21:23: 非记录时间：2016-12-05T00:21:23+08:00
2016-12-05T00:21:33: 非记录时间：2016-12-05T00:21:33+08:00
2016-12-05T00:21:43: 非记录时间：2016-12-05T00:21:43+08:00
2016-12-05T00:21:53: 非记录时间：2016-12-05T00:21:53+08:00
2016-12-05T00:22:03: 非记录时间：2016-12-05T00:22:03+08:00
2016-12-05T00:22:13: 非记录时间：2016-12-05T00:22:13+08:00
2016-12-05T00:22:23: 非记录时间：2016-12-05T00:22:23+08:00
2016-12-05T00:22:33: 非记录时间：2016-12-05T00:22:33+08:00
2016-12-05T00:22:43: 非记录时间：2016-12-05T00:22:43+08:00
2016-12-05T00:22:53: 非记录时间：2016-12-05T00:22:53+08:00
2016-12-05T00:23:03: 非记录时间：2016-12-05T00:23:03+08:00
2016-12-05T00:23:13: 非记录时间：2016-12-05T00:23:13+08:00
2016-12-05T00:23:23: 非记录时间：2016-12-05T00:23:23+08:00
2016-12-05T00:23:33: 非记录时间：2016-12-05T00:23:33+08:00
2016-12-05T00:23:43: 非记录时间：2016-12-05T00:23:43+08:00
2016-12-05T00:23:53: 非记录时间：2016-12-05T00:23:53+08:00
2016-12-05T00:24:03: 非记录时间：2016-12-05T00:24:03+08:00
2016-12-05T00:24:13: 非记录时间：2016-12-05T00:24:13+08:00
2016-12-05T00:24:23: 非记录时间：2016-12-05T00:24:23+08:00
2016-12-05T00:24:33: 非记录时间：2016-12-05T00:24:33+08:00
2016-12-05T00:24:43: 非记录时间：2016-12-05T00:24:43+08:00
2016-12-05T00:24:53: 非记录时间：2016-12-05T00:24:53+08:00
2016-12-05T00:25:03: 非记录时间：2016-12-05T00:25:03+08:00
2016-12-05T00:25:13: 非记录时间：2016-12-05T00:25:13+08:00
2016-12-05T00:25:23: 非记录时间：2016-12-05T00:25:23+08:00
2016-12-05T00:25:33: 非记录时间：2016-12-05T00:25:33+08:00
2016-12-05T00:25:43: 非记录时间：2016-12-05T00:25:43+08:00
2016-12-05T00:25:53: 非记录时间：2016-12-05T00:25:53+08:00
2016-12-05T00:26:03: 非记录时间：2016-12-05T00:26:03+08:00
2016-12-05T00:26:13: 非记录时间：2016-12-05T00:26:13+08:00
2016-12-05T00:26:23: 非记录时间：2016-12-05T00:26:23+08:00
2016-12-05T00:26:33: 非记录时间：2016-12-05T00:26:33+08:00
2016-12-05T00:26:43: 非记录时间：2016-12-05T00:26:43+08:00
2016-12-05T00:26:53: 非记录时间：2016-12-05T00:26:53+08:00
2016-12-05T00:27:03: 非记录时间：2016-12-05T00:27:03+08:00
2016-12-05T00:27:13: 非记录时间：2016-12-05T00:27:13+08:00
2016-12-05T00:27:23: 非记录时间：2016-12-05T00:27:23+08:00
2016-12-05T00:27:33: 非记录时间：2016-12-05T00:27:33+08:00
2016-12-05T00:27:43: 非记录时间：2016-12-05T00:27:43+08:00
2016-12-05T00:27:53: 非记录时间：2016-12-05T00:27:53+08:00
2016-12-05T00:28:03: 非记录时间：2016-12-05T00:28:03+08:00
2016-12-05T00:28:13: 非记录时间：2016-12-05T00:28:13+08:00
2016-12-05T00:28:23: 非记录时间：2016-12-05T00:28:23+08:00
2016-12-05T00:28:33: 非记录时间：2016-12-05T00:28:33+08:00
2016-12-05T00:28:43: 非记录时间：2016-12-05T00:28:43+08:00
2016-12-05T00:28:53: 非记录时间：2016-12-05T00:28:53+08:00
2016-12-05T00:29:03: 非记录时间：2016-12-05T00:29:03+08:00
2016-12-05T00:29:13: 非记录时间：2016-12-05T00:29:13+08:00
2016-12-05T00:29:23: 非记录时间：2016-12-05T00:29:23+08:00
2016-12-05T00:29:33: 非记录时间：2016-12-05T00:29:33+08:00
2016-12-05T00:29:43: 非记录时间：2016-12-05T00:29:43+08:00
2016-12-05T00:29:53: 非记录时间：2016-12-05T00:29:53+08:00
2016-12-05T00:30:03: 非记录时间：2016-12-05T00:30:03+08:00
2016-12-05T00:30:13: 非记录时间：2016-12-05T00:30:13+08:00
2016-12-05T00:30:23: 非记录时间：2016-12-05T00:30:23+08:00
2016-12-05T00:30:33: 非记录时间：2016-12-05T00:30:33+08:00
2016-12-05T00:30:43: 非记录时间：2016-12-05T00:30:43+08:00
2016-12-05T00:30:53: 非记录时间：2016-12-05T00:30:53+08:00
2016-12-05T00:31:03: 非记录时间：2016-12-05T00:31:03+08:00
2016-12-05T00:31:13: 非记录时间：2016-12-05T00:31:13+08:00
2016-12-05T00:31:23: 非记录时间：2016-12-05T00:31:23+08:00
2016-12-05T00:31:33: 非记录时间：2016-12-05T00:31:33+08:00
2016-12-05T00:31:43: 非记录时间：2016-12-05T00:31:43+08:00
2016-12-05T00:31:53: 非记录时间：2016-12-05T00:31:53+08:00
2016-12-05T00:32:03: 非记录时间：2016-12-05T00:32:03+08:00
2016-12-05T00:32:13: 非记录时间：2016-12-05T00:32:13+08:00
2016-12-05T00:32:23: 非记录时间：2016-12-05T00:32:23+08:00
2016-12-05T00:32:33: 非记录时间：2016-12-05T00:32:33+08:00
2016-12-05T00:32:43: 非记录时间：2016-12-05T00:32:43+08:00
2016-12-05T00:32:53: 非记录时间：2016-12-05T00:32:53+08:00
2016-12-05T00:33:03: 非记录时间：2016-12-05T00:33:03+08:00
2016-12-05T00:33:13: 非记录时间：2016-12-05T00:33:13+08:00
2016-12-05T00:33:23: 非记录时间：2016-12-05T00:33:23+08:00
2016-12-05T00:33:33: 非记录时间：2016-12-05T00:33:33+08:00
2016-12-05T00:33:43: 非记录时间：2016-12-05T00:33:43+08:00
2016-12-05T00:33:53: 非记录时间：2016-12-05T00:33:53+08:00
2016-12-05T00:34:03: 非记录时间：2016-12-05T00:34:03+08:00
2016-12-05T00:34:13: 非记录时间：2016-12-05T00:34:13+08:00
2016-12-05T00:34:23: 非记录时间：2016-12-05T00:34:23+08:00
2016-12-05T00:34:33: 非记录时间：2016-12-05T00:34:33+08:00
2016-12-05T00:34:43: 非记录时间：2016-12-05T00:34:43+08:00
2016-12-05T00:34:53: 非记录时间：2016-12-05T00:34:53+08:00
2016-12-05T00:35:03: 非记录时间：2016-12-05T00:35:03+08:00
2016-12-05T00:35:13: 非记录时间：2016-12-05T00:35:13+08:00
2016-12-05T00:35:23: 非记录时间：2016-12-05T00:35:23+08:00
2016-12-05T00:35:33: 非记录时间：2016-12-05T00:35:33+08:00
2016-12-05T00:35:43: 非记录时间：2016-12-05T00:35:43+08:00
2016-12-05T00:35:53: 非记录时间：2016-12-05T00:35:53+08:00
2016-12-05T00:36:03: 非记录时间：2016-12-05T00:36:03+08:00
2016-12-05T00:36:13: 非记录时间：2016-12-05T00:36:13+08:00
2016-12-05T00:36:23: 非记录时间：2016-12-05T00:36:23+08:00
2016-12-05T00:36:33: 非记录时间：2016-12-05T00:36:33+08:00
2016-12-05T00:36:43: 非记录时间：2016-12-05T00:36:43+08:00
2016-12-05T00:36:53: 非记录时间：2016-12-05T00:36:53+08:00
2016-12-05T00:37:03: 非记录时间：2016-12-05T00:37:03+08:00
2016-12-05T00:37:13: 非记录时间：2016-12-05T00:37:13+08:00
2016-12-05T00:37:23: 非记录时间：2016-12-05T00:37:23+08:00
2016-12-05T00:37:33: 非记录时间：2016-12-05T00:37:33+08:00
2016-12-05T00:37:43: 非记录时间：2016-12-05T00:37:43+08:00
2016-12-05T00:37:53: 非记录时间：2016-12-05T00:37:53+08:00
2016-12-05T00:38:03: 非记录时间：2016-12-05T00:38:03+08:00
2016-12-05T00:38:13: 非记录时间：2016-12-05T00:38:13+08:00
2016-12-05T00:38:23: 非记录时间：2016-12-05T00:38:23+08:00
2016-12-05T00:38:33: 非记录时间：2016-12-05T00:38:33+08:00
2016-12-05T00:38:43: 非记录时间：2016-12-05T00:38:43+08:00
2016-12-05T00:38:53: 非记录时间：2016-12-05T00:38:53+08:00
2016-12-05T00:39:03: 非记录时间：2016-12-05T00:39:03+08:00
2016-12-05T00:39:13: 非记录时间：2016-12-05T00:39:13+08:00
2016-12-05T00:39:23: 非记录时间：2016-12-05T00:39:23+08:00
2016-12-05T00:39:33: 非记录时间：2016-12-05T00:39:33+08:00
2016-12-05T00:39:43: 非记录时间：2016-12-05T00:39:43+08:00
2016-12-05T00:39:53: 非记录时间：2016-12-05T00:39:53+08:00
2016-12-05T00:40:03: 非记录时间：2016-12-05T00:40:03+08:00
2016-12-05T00:40:13: 非记录时间：2016-12-05T00:40:13+08:00
2016-12-05T00:40:23: 非记录时间：2016-12-05T00:40:23+08:00
2016-12-05T00:40:33: 非记录时间：2016-12-05T00:40:33+08:00
2016-12-05T00:40:43: 非记录时间：2016-12-05T00:40:43+08:00
2016-12-05T00:40:53: 非记录时间：2016-12-05T00:40:53+08:00
2016-12-05T00:41:03: 非记录时间：2016-12-05T00:41:03+08:00
2016-12-05T00:41:13: 非记录时间：2016-12-05T00:41:13+08:00
2016-12-05T00:41:23: 非记录时间：2016-12-05T00:41:23+08:00
2016-12-05T00:41:33: 非记录时间：2016-12-05T00:41:33+08:00
2016-12-05T00:41:43: 非记录时间：2016-12-05T00:41:43+08:00
2016-12-05T00:41:53: 非记录时间：2016-12-05T00:41:53+08:00
2016-12-05T00:42:03: 非记录时间：2016-12-05T00:42:03+08:00
2016-12-05T00:42:13: 非记录时间：2016-12-05T00:42:13+08:00
2016-12-05T00:42:23: 非记录时间：2016-12-05T00:42:23+08:00
2016-12-05T00:42:33: 非记录时间：2016-12-05T00:42:33+08:00
2016-12-05T00:42:43: 非记录时间：2016-12-05T00:42:43+08:00
2016-12-05T00:42:53: 非记录时间：2016-12-05T00:42:53+08:00
2016-12-05T00:43:03: 非记录时间：2016-12-05T00:43:03+08:00
2016-12-05T00:43:13: 非记录时间：2016-12-05T00:43:13+08:00
2016-12-05T00:43:23: 非记录时间：2016-12-05T00:43:23+08:00
2016-12-05T00:43:33: 非记录时间：2016-12-05T00:43:33+08:00
2016-12-05T00:43:43: 非记录时间：2016-12-05T00:43:43+08:00
2016-12-05T00:43:53: 非记录时间：2016-12-05T00:43:53+08:00
2016-12-05T00:44:04: 非记录时间：2016-12-05T00:44:04+08:00
2016-12-05T00:44:14: 非记录时间：2016-12-05T00:44:14+08:00
2016-12-05T00:44:24: 非记录时间：2016-12-05T00:44:24+08:00
2016-12-05T00:44:34: 非记录时间：2016-12-05T00:44:34+08:00
2016-12-05T00:44:44: 非记录时间：2016-12-05T00:44:44+08:00
2016-12-05T00:44:54: 非记录时间：2016-12-05T00:44:54+08:00
2016-12-05T00:45:04: 非记录时间：2016-12-05T00:45:04+08:00
2016-12-05T00:45:14: 非记录时间：2016-12-05T00:45:14+08:00
2016-12-05T00:45:24: 非记录时间：2016-12-05T00:45:24+08:00
2016-12-05T00:45:34: 非记录时间：2016-12-05T00:45:34+08:00
2016-12-05T00:45:44: 非记录时间：2016-12-05T00:45:44+08:00
2016-12-05T00:45:54: 非记录时间：2016-12-05T00:45:54+08:00
2016-12-05T00:46:04: 非记录时间：2016-12-05T00:46:04+08:00
2016-12-05T00:46:14: 非记录时间：2016-12-05T00:46:14+08:00
2016-12-05T00:46:24: 非记录时间：2016-12-05T00:46:24+08:00
2016-12-05T00:46:34: 非记录时间：2016-12-05T00:46:34+08:00
2016-12-05T00:46:44: 非记录时间：2016-12-05T00:46:44+08:00
2016-12-05T00:46:54: 非记录时间：2016-12-05T00:46:54+08:00
2016-12-05T00:47:04: 非记录时间：2016-12-05T00:47:04+08:00
2016-12-05T00:47:14: 非记录时间：2016-12-05T00:47:14+08:00
2016-12-05T00:47:24: 非记录时间：2016-12-05T00:47:24+08:00
2016-12-05T00:47:34: 非记录时间：2016-12-05T00:47:34+08:00
2016-12-05T00:47:44: 非记录时间：2016-12-05T00:47:44+08:00
2016-12-05T00:47:54: 非记录时间：2016-12-05T00:47:54+08:00
2016-12-05T00:48:04: 非记录时间：2016-12-05T00:48:04+08:00
2016-12-05T00:48:14: 非记录时间：2016-12-05T00:48:14+08:00
2016-12-05T00:48:24: 非记录时间：2016-12-05T00:48:24+08:00
2016-12-05T00:48:34: 非记录时间：2016-12-05T00:48:34+08:00
2016-12-05T00:48:44: 非记录时间：2016-12-05T00:48:44+08:00
2016-12-05T00:48:54: 非记录时间：2016-12-05T00:48:54+08:00
2016-12-05T00:49:04: 非记录时间：2016-12-05T00:49:04+08:00
2016-12-05T00:49:14: 非记录时间：2016-12-05T00:49:14+08:00
2016-12-05T00:49:24: 非记录时间：2016-12-05T00:49:24+08:00
2016-12-05T00:49:34: 非记录时间：2016-12-05T00:49:34+08:00
2016-12-05T00:49:44: 非记录时间：2016-12-05T00:49:44+08:00
2016-12-05T00:49:54: 非记录时间：2016-12-05T00:49:54+08:00
2016-12-05T00:50:04: 非记录时间：2016-12-05T00:50:04+08:00
2016-12-05T00:50:14: 非记录时间：2016-12-05T00:50:14+08:00
2016-12-05T00:50:24: 非记录时间：2016-12-05T00:50:24+08:00
2016-12-05T00:50:34: 非记录时间：2016-12-05T00:50:34+08:00
2016-12-05T00:50:44: 非记录时间：2016-12-05T00:50:44+08:00
2016-12-05T00:50:54: 非记录时间：2016-12-05T00:50:54+08:00
2016-12-05T00:51:04: 非记录时间：2016-12-05T00:51:04+08:00
2016-12-05T00:51:14: 非记录时间：2016-12-05T00:51:14+08:00
2016-12-05T00:51:24: 非记录时间：2016-12-05T00:51:24+08:00
2016-12-05T00:51:34: 非记录时间：2016-12-05T00:51:34+08:00
2016-12-05T00:51:44: 非记录时间：2016-12-05T00:51:44+08:00
2016-12-05T00:51:54: 非记录时间：2016-12-05T00:51:54+08:00
2016-12-05T00:52:04: 非记录时间：2016-12-05T00:52:04+08:00
2016-12-05T00:52:14: 非记录时间：2016-12-05T00:52:14+08:00
2016-12-05T00:52:24: 非记录时间：2016-12-05T00:52:24+08:00
2016-12-05T00:52:34: 非记录时间：2016-12-05T00:52:34+08:00
2016-12-05T00:52:44: 非记录时间：2016-12-05T00:52:44+08:00
2016-12-05T00:52:54: 非记录时间：2016-12-05T00:52:54+08:00
2016-12-05T00:53:04: 非记录时间：2016-12-05T00:53:04+08:00
2016-12-05T00:53:14: 非记录时间：2016-12-05T00:53:14+08:00
2016-12-05T00:53:24: 非记录时间：2016-12-05T00:53:24+08:00
2016-12-05T00:53:34: 非记录时间：2016-12-05T00:53:34+08:00
2016-12-05T00:53:44: 非记录时间：2016-12-05T00:53:44+08:00
2016-12-05T00:53:54: 非记录时间：2016-12-05T00:53:54+08:00
2016-12-05T00:54:04: 非记录时间：2016-12-05T00:54:04+08:00
2016-12-05T00:54:14: 非记录时间：2016-12-05T00:54:14+08:00
2016-12-05T00:54:24: 非记录时间：2016-12-05T00:54:24+08:00
2016-12-05T00:54:34: 非记录时间：2016-12-05T00:54:34+08:00
2016-12-05T00:54:44: 非记录时间：2016-12-05T00:54:44+08:00
2016-12-05T00:54:54: 非记录时间：2016-12-05T00:54:54+08:00
2016-12-05T00:55:04: 非记录时间：2016-12-05T00:55:04+08:00
2016-12-05T00:55:14: 非记录时间：2016-12-05T00:55:14+08:00
2016-12-05T00:55:24: 非记录时间：2016-12-05T00:55:24+08:00
2016-12-05T00:55:34: 非记录时间：2016-12-05T00:55:34+08:00
2016-12-05T00:55:44: 非记录时间：2016-12-05T00:55:44+08:00
2016-12-05T00:55:54: 非记录时间：2016-12-05T00:55:54+08:00
2016-12-05T00:56:04: 非记录时间：2016-12-05T00:56:04+08:00
2016-12-05T00:56:14: 非记录时间：2016-12-05T00:56:14+08:00
2016-12-05T00:56:24: 非记录时间：2016-12-05T00:56:24+08:00
2016-12-05T00:56:34: 非记录时间：2016-12-05T00:56:34+08:00
2016-12-05T00:56:44: 非记录时间：2016-12-05T00:56:44+08:00
2016-12-05T00:56:54: 非记录时间：2016-12-05T00:56:54+08:00
2016-12-05T00:57:04: 非记录时间：2016-12-05T00:57:04+08:00
2016-12-05T00:57:14: 非记录时间：2016-12-05T00:57:14+08:00
2016-12-05T00:57:24: 非记录时间：2016-12-05T00:57:24+08:00
2016-12-05T00:57:34: 非记录时间：2016-12-05T00:57:34+08:00
2016-12-05T00:57:44: 非记录时间：2016-12-05T00:57:44+08:00
2016-12-05T00:57:54: 非记录时间：2016-12-05T00:57:54+08:00
2016-12-05T00:58:04: 非记录时间：2016-12-05T00:58:04+08:00
2016-12-05T00:58:14: 非记录时间：2016-12-05T00:58:14+08:00
2016-12-05T00:58:24: 非记录时间：2016-12-05T00:58:24+08:00
2016-12-05T00:58:34: 非记录时间：2016-12-05T00:58:34+08:00
2016-12-05T00:58:44: 非记录时间：2016-12-05T00:58:44+08:00
2016-12-05T00:58:54: 非记录时间：2016-12-05T00:58:54+08:00
2016-12-05T00:59:04: 非记录时间：2016-12-05T00:59:04+08:00
2016-12-05T00:59:14: 非记录时间：2016-12-05T00:59:14+08:00
2016-12-05T00:59:24: 非记录时间：2016-12-05T00:59:24+08:00
2016-12-05T00:59:34: 非记录时间：2016-12-05T00:59:34+08:00
2016-12-05T00:59:44: 非记录时间：2016-12-05T00:59:44+08:00
2016-12-05T00:59:54: 非记录时间：2016-12-05T00:59:54+08:00
2016-12-05T01:00:04: 非记录时间：2016-12-05T01:00:04+08:00
2016-12-05T01:00:14: 非记录时间：2016-12-05T01:00:14+08:00
2016-12-05T01:00:24: 非记录时间：2016-12-05T01:00:24+08:00
2016-12-05T01:00:34: 非记录时间：2016-12-05T01:00:34+08:00
2016-12-05T01:00:44: 非记录时间：2016-12-05T01:00:44+08:00
2016-12-05T01:00:54: 非记录时间：2016-12-05T01:00:54+08:00
2016-12-05T01:01:04: 非记录时间：2016-12-05T01:01:04+08:00
2016-12-05T01:01:14: 非记录时间：2016-12-05T01:01:14+08:00
2016-12-05T01:01:24: 非记录时间：2016-12-05T01:01:24+08:00
2016-12-05T01:01:34: 非记录时间：2016-12-05T01:01:34+08:00
2016-12-05T01:01:44: 非记录时间：2016-12-05T01:01:44+08:00
2016-12-05T01:01:54: 非记录时间：2016-12-05T01:01:54+08:00
2016-12-05T01:02:04: 非记录时间：2016-12-05T01:02:04+08:00
2016-12-05T01:02:14: 非记录时间：2016-12-05T01:02:14+08:00
2016-12-05T01:02:24: 非记录时间：2016-12-05T01:02:24+08:00
2016-12-05T01:02:34: 非记录时间：2016-12-05T01:02:34+08:00
2016-12-05T01:02:44: 非记录时间：2016-12-05T01:02:44+08:00
2016-12-05T01:02:54: 非记录时间：2016-12-05T01:02:54+08:00
2016-12-05T01:03:04: 非记录时间：2016-12-05T01:03:04+08:00
2016-12-05T01:03:14: 非记录时间：2016-12-05T01:03:14+08:00
2016-12-05T01:03:24: 非记录时间：2016-12-05T01:03:24+08:00
2016-12-05T01:03:34: 非记录时间：2016-12-05T01:03:34+08:00
2016-12-05T01:03:44: 非记录时间：2016-12-05T01:03:44+08:00
2016-12-05T01:03:54: 非记录时间：2016-12-05T01:03:54+08:00
2016-12-05T01:04:04: 非记录时间：2016-12-05T01:04:04+08:00
2016-12-05T01:04:14: 非记录时间：2016-12-05T01:04:14+08:00
2016-12-05T01:04:24: 非记录时间：2016-12-05T01:04:24+08:00
2016-12-05T01:04:34: 非记录时间：2016-12-05T01:04:34+08:00
2016-12-05T01:04:44: 非记录时间：2016-12-05T01:04:44+08:00
2016-12-05T01:04:54: 非记录时间：2016-12-05T01:04:54+08:00
2016-12-05T01:05:04: 非记录时间：2016-12-05T01:05:04+08:00
2016-12-05T01:05:14: 非记录时间：2016-12-05T01:05:14+08:00
2016-12-05T01:05:24: 非记录时间：2016-12-05T01:05:24+08:00
2016-12-05T01:05:34: 非记录时间：2016-12-05T01:05:34+08:00
2016-12-05T01:05:44: 非记录时间：2016-12-05T01:05:44+08:00
2016-12-05T01:05:54: 非记录时间：2016-12-05T01:05:54+08:00
2016-12-05T01:06:04: 非记录时间：2016-12-05T01:06:04+08:00
2016-12-05T01:06:14: 非记录时间：2016-12-05T01:06:14+08:00
2016-12-05T01:06:24: 非记录时间：2016-12-05T01:06:24+08:00
2016-12-05T01:06:34: 非记录时间：2016-12-05T01:06:34+08:00
2016-12-05T01:06:44: 非记录时间：2016-12-05T01:06:44+08:00
2016-12-05T01:06:54: 非记录时间：2016-12-05T01:06:54+08:00
2016-12-05T01:07:04: 非记录时间：2016-12-05T01:07:04+08:00
2016-12-05T01:07:14: 非记录时间：2016-12-05T01:07:14+08:00
2016-12-05T01:07:24: 非记录时间：2016-12-05T01:07:24+08:00
2016-12-05T01:07:34: 非记录时间：2016-12-05T01:07:34+08:00
2016-12-05T01:07:44: 非记录时间：2016-12-05T01:07:44+08:00
2016-12-05T01:07:54: 非记录时间：2016-12-05T01:07:54+08:00
2016-12-05T01:08:04: 非记录时间：2016-12-05T01:08:04+08:00
2016-12-05T01:08:14: 非记录时间：2016-12-05T01:08:14+08:00
2016-12-05T01:08:24: 非记录时间：2016-12-05T01:08:24+08:00
2016-12-05T01:08:34: 非记录时间：2016-12-05T01:08:34+08:00
2016-12-05T01:08:44: 非记录时间：2016-12-05T01:08:44+08:00
2016-12-05T01:08:54: 非记录时间：2016-12-05T01:08:54+08:00
2016-12-05T01:09:04: 非记录时间：2016-12-05T01:09:04+08:00
2016-12-05T01:09:14: 非记录时间：2016-12-05T01:09:14+08:00
2016-12-05T01:09:24: 非记录时间：2016-12-05T01:09:24+08:00
2016-12-05T01:09:34: 非记录时间：2016-12-05T01:09:34+08:00
2016-12-05T01:09:44: 非记录时间：2016-12-05T01:09:44+08:00
2016-12-05T01:09:54: 非记录时间：2016-12-05T01:09:54+08:00
2016-12-05T01:10:04: 非记录时间：2016-12-05T01:10:04+08:00
2016-12-05T01:10:14: 非记录时间：2016-12-05T01:10:14+08:00
2016-12-05T01:10:24: 非记录时间：2016-12-05T01:10:24+08:00
2016-12-05T01:10:34: 非记录时间：2016-12-05T01:10:34+08:00
2016-12-05T01:10:44: 非记录时间：2016-12-05T01:10:44+08:00
2016-12-05T01:10:54: 非记录时间：2016-12-05T01:10:54+08:00
2016-12-05T01:11:05: 读取文件失败，可能是该文件不存在
2016-12-05T01:11:05: Error: ENOENT: no such file or directory, open './data/2016-12-05.json'
2016-12-05T01:11:14: 读取文件成功
2016-12-05T01:11:24: 读取文件成功
2016-12-05T01:11:34: 读取文件成功
2016-12-05T01:11:44: 读取文件成功
2016-12-05T01:11:54: 读取文件成功
2016-12-05T01:12:04: 读取文件成功
2016-12-05T01:12:14: 读取文件成功
2016-12-05T01:12:24: 读取文件成功
2016-12-05T01:12:34: 读取文件成功
2016-12-05T01:12:44: 读取文件成功
2016-12-05T01:12:54: 读取文件成功
2016-12-05T01:13:04: 读取文件成功
2016-12-05T01:13:14: 读取文件成功
2016-12-05T01:13:24: 读取文件成功
2016-12-05T01:13:34: 读取文件成功
2016-12-05T01:13:44: 读取文件成功
2016-12-05T01:13:54: 读取文件成功
2016-12-05T01:14:04: 读取文件成功
2016-12-05T01:14:14: 读取文件成功
2016-12-05T01:14:24: 读取文件成功
2016-12-05T01:14:34: 读取文件成功
2016-12-05T01:14:44: 读取文件成功
2016-12-05T01:14:54: 读取文件成功
2016-12-05T01:15:04: 读取文件成功
2016-12-05T01:15:14: 读取文件成功
2016-12-05T01:15:24: 读取文件成功
2016-12-05T01:15:34: 读取文件成功
2016-12-05T01:15:44: 读取文件成功
2016-12-05T01:15:54: 读取文件成功
2016-12-05T01:16:04: 读取文件成功
2016-12-05T01:16:15: 读取文件成功
2016-12-05T01:16:24: 读取文件成功
2016-12-05T01:16:34: 读取文件成功
2016-12-05T01:16:44: 读取文件成功
2016-12-05T01:16:54: 读取文件成功
2016-12-05T01:17:05: 读取文件成功
2016-12-05T01:17:15: 读取文件成功
2016-12-05T01:17:25: 读取文件成功
2016-12-05T01:17:35: 读取文件成功
2016-12-05T01:17:45: 读取文件成功
2016-12-05T01:17:55: 读取文件成功
2016-12-05T01:18:05: 读取文件成功
2016-12-05T01:18:15: 读取文件成功
2016-12-05T01:18:25: 读取文件成功
2016-12-05T01:18:35: 读取文件成功
2016-12-05T01:18:45: 读取文件成功
2016-12-05T01:18:55: 读取文件成功
2016-12-05T01:19:05: 读取文件成功
2016-12-05T01:19:15: 读取文件成功
2016-12-05T01:19:25: 读取文件成功
2016-12-05T01:19:35: 读取文件成功
2016-12-05T01:19:45: 读取文件成功
2016-12-05T01:19:55: 读取文件成功
2016-12-05T01:20:05: 读取文件成功
2016-12-05T01:20:15: 读取文件成功
2016-12-05T01:20:25: 读取文件成功
2016-12-05T01:20:35: 读取文件成功
2016-12-05T01:20:45: 读取文件成功
2016-12-05T01:20:55: 读取文件成功
2016-12-05T01:21:05: 读取文件成功
2016-12-05T01:21:15: 读取文件成功
2016-12-05T01:21:25: 读取文件成功
2016-12-05T01:21:35: 读取文件成功
2016-12-05T01:21:45: 读取文件成功
2016-12-05T01:21:55: 读取文件成功
2016-12-05T01:22:05: 读取文件成功
2016-12-05T01:22:15: 读取文件成功
2016-12-05T01:22:25: 读取文件成功
2016-12-05T01:22:35: 读取文件成功
2016-12-05T01:22:45: 读取文件成功
2016-12-05T01:22:55: 读取文件成功
2016-12-05T01:23:05: 读取文件成功
2016-12-05T01:23:15: 读取文件成功
2016-12-05T01:23:25: 读取文件成功
2016-12-05T01:23:35: 读取文件成功
2016-12-05T01:23:45: 读取文件成功
2016-12-05T01:23:55: 读取文件成功
2016-12-05T01:24:05: 读取文件成功
2016-12-05T01:24:15: 读取文件成功
2016-12-05T01:24:25: 读取文件成功
2016-12-05T01:24:35: 读取文件成功
2016-12-05T01:24:45: 读取文件成功
2016-12-05T01:24:55: 读取文件成功
2016-12-05T01:25:05: 读取文件成功
2016-12-05T01:25:15: 读取文件成功
2016-12-05T01:25:25: 读取文件成功
2016-12-05T01:25:35: 读取文件成功
2016-12-05T01:25:45: 读取文件成功
2016-12-05T01:25:55: 读取文件成功
2016-12-05T01:26:05: 读取文件成功
2016-12-05T01:26:15: 读取文件成功
2016-12-05T01:26:25: 读取文件成功
2016-12-05T01:26:35: 读取文件成功
2016-12-05T01:26:45: 读取文件成功
2016-12-05T01:26:55: 读取文件成功
2016-12-05T01:27:05: 读取文件成功
2016-12-05T01:27:15: 读取文件成功
2016-12-05T01:27:25: 读取文件成功
2016-12-05T01:27:35: 读取文件成功
2016-12-05T01:27:45: 读取文件成功
2016-12-05T01:27:55: 读取文件成功
2016-12-05T01:28:05: 读取文件成功
2016-12-05T01:28:15: 读取文件成功
2016-12-05T01:28:25: 读取文件成功
2016-12-05T01:28:35: 读取文件成功
2016-12-05T01:28:45: 读取文件成功
2016-12-05T01:28:55: 读取文件成功
2016-12-05T01:29:05: 读取文件成功
2016-12-05T01:29:15: 读取文件成功
2016-12-05T01:29:25: 读取文件成功
2016-12-05T01:29:35: 读取文件成功
2016-12-05T01:29:45: 读取文件成功
2016-12-05T01:29:55: 读取文件成功
2016-12-05T01:30:05: 读取文件成功
2016-12-05T01:30:15: 读取文件成功
2016-12-05T01:30:25: 读取文件成功
2016-12-05T01:30:35: 读取文件成功
2016-12-05T01:30:45: 读取文件成功
2016-12-05T01:30:55: 读取文件成功
2016-12-05T01:31:05: 读取文件成功
2016-12-05T01:31:15: 读取文件成功
2016-12-05T01:31:25: 读取文件成功
2016-12-05T01:31:35: 读取文件成功
2016-12-05T01:31:45: 读取文件成功
2016-12-05T01:31:55: 读取文件成功
2016-12-05T01:32:05: 读取文件成功
2016-12-05T01:32:15: 读取文件成功
2016-12-05T01:32:25: 读取文件成功
2016-12-05T01:32:35: 读取文件成功
2016-12-05T01:32:45: 读取文件成功
2016-12-05T01:32:55: 读取文件成功
2016-12-05T01:33:05: 读取文件成功
2016-12-05T01:33:15: 读取文件成功
2016-12-05T01:33:25: 读取文件成功
2016-12-05T01:33:35: 读取文件成功
2016-12-05T01:33:45: 读取文件成功
2016-12-05T01:33:55: 读取文件成功
2016-12-05T01:34:05: 读取文件成功
2016-12-05T01:34:15: 读取文件成功
2016-12-05T01:34:25: 读取文件成功
2016-12-05T01:34:35: 读取文件成功
2016-12-05T01:34:45: 读取文件成功
2016-12-05T01:34:55: 读取文件成功
2016-12-05T01:35:05: 读取文件成功
2016-12-05T01:35:15: 读取文件成功
2016-12-05T01:35:25: 读取文件成功
2016-12-05T01:35:35: 读取文件成功
2016-12-05T01:35:46: 读取文件成功
2016-12-05T01:35:55: 读取文件成功
2016-12-05T01:36:06: 读取文件成功
2016-12-05T01:36:16: 读取文件成功
2016-12-05T01:36:26: 读取文件成功
2016-12-05T01:36:36: 读取文件成功
2016-12-05T01:36:46: 读取文件成功
2016-12-05T01:36:56: 读取文件成功
2016-12-05T01:37:06: 读取文件成功
2016-12-05T01:37:16: 读取文件成功
2016-12-05T01:37:26: 读取文件成功
2016-12-05T01:37:36: 读取文件成功
2016-12-05T01:37:46: 读取文件成功
2016-12-05T01:37:56: 读取文件成功
2016-12-05T01:38:06: 读取文件成功
2016-12-05T01:38:16: 读取文件成功
2016-12-05T01:38:26: 读取文件成功
2016-12-05T01:38:36: 读取文件成功
2016-12-05T01:38:46: 读取文件成功
2016-12-05T01:38:56: 读取文件成功
2016-12-05T01:39:06: 读取文件成功
2016-12-05T01:39:16: 读取文件成功
2016-12-05T01:39:26: 读取文件成功
2016-12-05T01:39:36: 读取文件成功
2016-12-05T01:39:46: 读取文件成功
2016-12-05T01:39:56: 读取文件成功
2016-12-05T01:40:06: 读取文件成功
2016-12-05T01:40:16: 读取文件成功
2016-12-05T01:40:26: 读取文件成功
2016-12-05T01:40:36: 读取文件成功
2016-12-05T01:40:46: 读取文件成功
2016-12-05T01:40:56: 读取文件成功
2016-12-05T01:41:06: 读取文件成功
2016-12-05T01:41:16: 读取文件成功
2016-12-05T01:41:26: 读取文件成功
2016-12-05T01:41:36: 读取文件成功
2016-12-05T01:41:46: 读取文件成功
2016-12-05T01:41:56: 读取文件成功
2016-12-05T01:42:06: 读取文件成功
2016-12-05T01:42:16: 读取文件成功
2016-12-05T01:42:26: 读取文件成功
2016-12-05T01:42:36: 读取文件成功
2016-12-05T01:42:46: 读取文件成功
2016-12-05T01:42:56: 读取文件成功
2016-12-05T01:43:06: 读取文件成功
2016-12-05T01:43:16: 读取文件成功
2016-12-05T01:43:26: 读取文件成功
2016-12-05T01:43:36: 读取文件成功
2016-12-05T01:43:46: 读取文件成功
2016-12-05T01:43:56: 读取文件成功
2016-12-05T01:44:06: 读取文件成功
2016-12-05T01:44:16: 读取文件成功
2016-12-05T01:44:26: 读取文件成功
2016-12-05T01:44:36: 读取文件成功
2016-12-05T01:44:46: 读取文件成功
2016-12-05T01:44:56: 读取文件成功
2016-12-05T01:45:06: 读取文件成功
2016-12-05T01:45:16: 读取文件成功
2016-12-05T01:45:26: 读取文件成功
2016-12-05T01:45:36: 读取文件成功
2016-12-05T01:45:46: 读取文件成功
2016-12-05T01:45:56: 读取文件成功
2016-12-05T01:46:06: 读取文件成功
2016-12-05T01:46:16: 读取文件成功
2016-12-05T01:46:26: 读取文件成功
2016-12-05T01:46:36: 读取文件成功
2016-12-05T01:46:46: 读取文件成功
2016-12-05T01:46:56: 读取文件成功
2016-12-05T01:47:06: 读取文件成功
2016-12-05T01:47:16: 读取文件成功
2016-12-05T01:47:26: 读取文件成功
2016-12-05T01:47:36: 读取文件成功
2016-12-05T01:47:46: 读取文件成功
2016-12-05T01:47:56: 读取文件成功
2016-12-05T01:48:06: 读取文件成功
2016-12-05T01:48:16: 读取文件成功
2016-12-05T01:48:26: 读取文件成功
2016-12-05T01:48:36: 读取文件成功
2016-12-05T01:48:46: 读取文件成功
2016-12-05T01:48:56: 读取文件成功
2016-12-05T01:49:06: 读取文件成功
2016-12-05T01:49:16: 读取文件成功
2016-12-05T01:49:26: 读取文件成功
2016-12-05T01:49:36: 读取文件成功
2016-12-05T01:49:46: 读取文件成功
2016-12-05T01:49:56: 读取文件成功
2016-12-05T01:50:06: 读取文件成功
2016-12-05T01:50:16: 读取文件成功
2016-12-05T01:50:26: 读取文件成功
2016-12-05T01:50:36: 读取文件成功
2016-12-05T01:50:46: 读取文件成功
2016-12-05T01:50:56: 读取文件成功
2016-12-05T01:51:06: 读取文件成功
2016-12-05T01:51:16: 读取文件成功
2016-12-05T01:51:26: 读取文件成功
2016-12-05T01:51:36: 读取文件成功
2016-12-05T01:51:46: 读取文件成功
2016-12-05T01:51:56: 读取文件成功
2016-12-05T01:52:06: 读取文件成功
2016-12-05T01:52:16: 读取文件成功
2016-12-05T01:52:26: 读取文件成功
2016-12-05T01:52:36: 读取文件成功
2016-12-05T01:52:46: 读取文件成功
2016-12-05T01:52:56: 读取文件成功
2016-12-05T01:53:06: 读取文件成功
2016-12-05T01:53:16: 读取文件成功
2016-12-05T01:53:26: 读取文件成功
2016-12-05T01:53:36: 读取文件成功
2016-12-05T01:53:46: 读取文件成功
2016-12-05T01:53:56: 读取文件成功
2016-12-05T01:54:06: 读取文件成功
2016-12-05T01:54:16: 读取文件成功
2016-12-05T01:54:26: 读取文件成功
2016-12-05T01:54:36: 读取文件成功
2016-12-05T01:54:47: 读取文件成功
2016-12-05T01:54:57: 读取文件成功
2016-12-05T01:55:07: 读取文件成功
2016-12-05T01:55:17: 读取文件成功
2016-12-05T01:55:27: 读取文件成功
2016-12-05T01:55:37: 读取文件成功
2016-12-05T01:55:47: 读取文件成功
2016-12-05T01:55:57: 读取文件成功
2016-12-05T01:56:07: 读取文件成功
2016-12-05T01:56:17: 读取文件成功
2016-12-05T01:56:27: 读取文件成功
2016-12-05T01:56:37: 读取文件成功
2016-12-05T01:56:47: 读取文件成功
2016-12-05T01:56:57: 读取文件成功
2016-12-05T01:57:07: 读取文件成功
2016-12-05T01:57:17: 读取文件成功
2016-12-05T01:57:27: 读取文件成功
2016-12-05T01:57:37: 读取文件成功
2016-12-05T01:57:47: 读取文件成功
2016-12-05T01:57:57: 读取文件成功
2016-12-05T01:58:07: 读取文件成功
2016-12-05T01:58:17: 读取文件成功
2016-12-05T01:58:27: 读取文件成功
2016-12-05T01:58:37: 读取文件成功
2016-12-05T01:58:47: 读取文件成功
2016-12-05T01:58:57: 读取文件成功
2016-12-05T01:59:07: 读取文件成功
2016-12-05T01:59:17: 读取文件成功
2016-12-05T01:59:27: 读取文件成功
2016-12-05T01:59:37: 读取文件成功
2016-12-05T01:59:47: 读取文件成功
2016-12-05T01:59:57: 读取文件成功
2016-12-05T02:00:07: 读取文件成功
2016-12-05T02:00:17: 读取文件成功
2016-12-05T02:00:27: 读取文件成功
2016-12-05T02:00:37: 读取文件成功
2016-12-05T02:00:47: 读取文件成功
2016-12-05T02:00:57: 读取文件成功
2016-12-05T02:01:07: 读取文件成功
2016-12-05T02:01:17: 读取文件成功
2016-12-05T02:01:27: 读取文件成功
2016-12-05T02:01:37: 读取文件成功
2016-12-05T02:01:47: 读取文件成功
2016-12-05T02:01:57: 读取文件成功
2016-12-05T02:02:07: 读取文件成功
2016-12-05T02:02:17: 读取文件成功
2016-12-05T02:02:27: 读取文件成功
2016-12-05T02:02:37: 读取文件成功
2016-12-05T02:02:47: 读取文件成功
2016-12-05T02:02:57: 读取文件成功
2016-12-05T02:03:07: 读取文件成功
2016-12-05T02:03:17: 读取文件成功
2016-12-05T02:03:27: 读取文件成功
2016-12-05T02:03:37: 读取文件成功
2016-12-05T02:03:47: 读取文件成功
2016-12-05T02:03:57: 读取文件成功
2016-12-05T02:04:07: 读取文件成功
2016-12-05T02:04:17: 读取文件成功
2016-12-05T02:04:27: 读取文件成功
2016-12-05T02:04:37: 读取文件成功
2016-12-05T02:04:47: 读取文件成功
2016-12-05T02:04:57: 读取文件成功
2016-12-05T02:05:07: 读取文件成功
2016-12-05T02:05:17: 读取文件成功
2016-12-05T02:05:27: 读取文件成功
2016-12-05T02:05:37: 读取文件成功
2016-12-05T02:05:47: 读取文件成功
2016-12-05T02:05:57: 读取文件成功
2016-12-05T02:06:07: 读取文件成功
2016-12-05T02:06:17: 读取文件成功
2016-12-05T02:06:27: 读取文件成功
2016-12-05T02:06:37: 读取文件成功
2016-12-05T02:06:47: 读取文件成功
2016-12-05T02:06:57: 读取文件成功
2016-12-05T02:07:07: 读取文件成功
2016-12-05T02:07:17: 读取文件成功
2016-12-05T02:07:27: 读取文件成功
2016-12-05T02:07:37: 读取文件成功
2016-12-05T02:07:47: 读取文件成功
2016-12-05T02:07:57: 读取文件成功
2016-12-05T02:08:07: 读取文件成功
2016-12-05T02:08:17: 读取文件成功
2016-12-05T02:08:27: 读取文件成功
2016-12-05T02:08:37: 读取文件成功
2016-12-05T02:08:47: 读取文件成功
2016-12-05T02:08:57: 读取文件成功
2016-12-05T02:09:07: 读取文件成功
2016-12-05T02:09:17: 读取文件成功
2016-12-05T02:09:27: 读取文件成功
2016-12-05T02:09:37: 读取文件成功
2016-12-05T02:09:47: 读取文件成功
2016-12-05T02:09:57: 读取文件成功
2016-12-05T02:10:07: 读取文件成功
2016-12-05T02:10:17: 读取文件成功
2016-12-05T02:10:27: 读取文件成功
2016-12-05T02:10:37: 读取文件成功
2016-12-05T02:10:47: 读取文件成功
2016-12-05T02:10:57: 读取文件成功
2016-12-05T02:11:07: 读取文件成功
2016-12-05T02:11:17: 读取文件成功
2016-12-05T02:11:27: 读取文件成功
2016-12-05T02:11:37: 读取文件成功
2016-12-05T02:11:47: 读取文件成功
2016-12-05T02:11:57: 读取文件成功
2016-12-05T02:12:07: 读取文件成功
2016-12-05T02:12:17: 读取文件成功
2016-12-05T02:12:27: 读取文件成功
2016-12-05T02:12:37: 读取文件成功
2016-12-05T02:12:47: 读取文件成功
2016-12-05T02:12:57: 读取文件成功
2016-12-05T02:13:07: 读取文件成功
2016-12-05T02:13:17: 读取文件成功
2016-12-05T02:13:27: 读取文件成功
2016-12-05T02:13:37: 读取文件成功
2016-12-05T02:13:47: 读取文件成功
2016-12-05T02:13:57: 读取文件成功
2016-12-05T02:14:07: 读取文件成功
2016-12-05T02:14:17: 读取文件成功
2016-12-05T02:14:27: 读取文件成功
2016-12-05T02:14:37: 读取文件成功
2016-12-05T02:14:47: 读取文件成功
2016-12-05T02:14:57: 读取文件成功
2016-12-05T02:15:07: 读取文件成功
2016-12-05T02:15:17: 读取文件成功
2016-12-05T02:15:27: 读取文件成功
2016-12-05T02:15:37: 读取文件成功
2016-12-05T02:15:47: 读取文件成功
2016-12-05T02:15:58: 读取文件成功
2016-12-05T02:16:07: 读取文件成功
2016-12-05T02:16:18: 读取文件成功
2016-12-05T02:16:28: 读取文件成功
2016-12-05T02:16:38: 读取文件成功
2016-12-05T02:16:48: 读取文件成功
2016-12-05T02:16:58: 读取文件成功
2016-12-05T02:17:08: 读取文件成功
2016-12-05T02:17:18: 读取文件成功
2016-12-05T02:17:28: 读取文件成功
2016-12-05T02:17:38: 读取文件成功
2016-12-05T02:17:48: 读取文件成功
2016-12-05T02:17:58: 读取文件成功
2016-12-05T02:18:08: 读取文件成功
2016-12-05T02:18:18: 读取文件成功
2016-12-05T02:18:28: 读取文件成功
2016-12-05T02:18:38: 读取文件成功
2016-12-05T02:18:48: 读取文件成功
2016-12-05T02:18:58: 读取文件成功
2016-12-05T02:19:08: 读取文件成功
2016-12-05T02:19:18: 读取文件成功
2016-12-05T02:19:28: 读取文件成功
2016-12-05T02:19:38: 读取文件成功
2016-12-05T02:19:48: 读取文件成功
2016-12-05T02:19:58: 读取文件成功
2016-12-05T02:20:08: 读取文件成功
2016-12-05T02:20:18: 读取文件成功
2016-12-05T02:20:28: 读取文件成功
2016-12-05T02:20:38: 读取文件成功
2016-12-05T02:20:48: 读取文件成功
2016-12-05T02:20:58: 读取文件成功
2016-12-05T02:21:08: 读取文件成功
2016-12-05T02:21:18: 读取文件成功
2016-12-05T02:21:28: 读取文件成功
2016-12-05T02:21:38: 读取文件成功
2016-12-05T02:21:48: 读取文件成功
2016-12-05T02:21:58: 读取文件成功
2016-12-05T02:22:08: 读取文件成功
2016-12-05T02:22:18: 读取文件成功
2016-12-05T02:22:28: 读取文件成功
2016-12-05T02:22:38: 读取文件成功
2016-12-05T02:22:48: 读取文件成功
2016-12-05T02:22:58: 读取文件成功
2016-12-05T02:23:08: 读取文件成功
2016-12-05T02:23:18: 读取文件成功
2016-12-05T02:23:28: 读取文件成功
2016-12-05T02:23:38: 读取文件成功
2016-12-05T02:23:48: 读取文件成功
2016-12-05T02:23:58: 读取文件成功
2016-12-05T02:24:08: 读取文件成功
2016-12-05T02:24:18: 读取文件成功
2016-12-05T02:24:28: 读取文件成功
2016-12-05T02:24:38: 读取文件成功
2016-12-05T02:24:48: 读取文件成功
2016-12-05T02:24:58: 读取文件成功
2016-12-05T02:25:08: 读取文件成功
2016-12-05T02:25:18: 读取文件成功
2016-12-05T02:25:28: 读取文件成功
2016-12-05T02:25:38: 读取文件成功
2016-12-05T02:25:48: 读取文件成功
2016-12-05T02:25:58: 读取文件成功
2016-12-05T02:26:08: 读取文件成功
2016-12-05T02:26:18: 读取文件成功
2016-12-05T02:26:28: 读取文件成功
2016-12-05T02:26:38: 读取文件成功
2016-12-05T02:26:48: 读取文件成功
2016-12-05T02:26:58: 读取文件成功
2016-12-05T02:27:08: 读取文件成功
2016-12-05T02:27:18: 读取文件成功
2016-12-05T02:27:28: 读取文件成功
2016-12-05T02:27:38: 读取文件成功
2016-12-05T02:27:48: 读取文件成功
2016-12-05T02:27:58: 读取文件成功
2016-12-05T02:28:08: 读取文件成功
2016-12-05T02:28:18: 读取文件成功
2016-12-05T02:28:28: 读取文件成功
2016-12-05T02:28:38: 读取文件成功
2016-12-05T02:28:48: 读取文件成功
2016-12-05T02:28:58: 读取文件成功
2016-12-05T02:29:08: 读取文件成功
2016-12-05T02:29:18: 读取文件成功
2016-12-05T02:29:28: 读取文件成功
2016-12-05T02:29:38: 读取文件成功
2016-12-05T02:29:48: 读取文件成功
2016-12-05T02:29:58: 读取文件成功
2016-12-05T02:30:08: 读取文件成功
2016-12-05T02:30:18: 读取文件成功
2016-12-05T02:30:28: 读取文件成功
2016-12-05T02:30:38: 读取文件成功
2016-12-05T02:30:48: 读取文件成功
2016-12-05T02:30:58: 读取文件成功
2016-12-05T02:31:08: 读取文件成功
2016-12-05T02:31:18: 读取文件成功
2016-12-05T02:31:28: 读取文件成功
2016-12-05T02:31:38: 读取文件成功
2016-12-05T02:31:48: 读取文件成功
2016-12-05T02:31:58: 读取文件成功
2016-12-05T02:32:08: 读取文件成功
2016-12-05T02:32:18: 读取文件成功
2016-12-05T02:32:28: 读取文件成功
2016-12-05T02:32:38: 读取文件成功
2016-12-05T02:32:48: 读取文件成功
2016-12-05T02:32:58: 读取文件成功
2016-12-05T02:33:08: 读取文件成功
2016-12-05T02:33:19: 读取文件成功
2016-12-05T02:33:28: 读取文件成功
2016-12-05T02:33:38: 读取文件成功
2016-12-05T02:33:48: 读取文件成功
2016-12-05T02:33:58: 读取文件成功
2016-12-05T02:34:09: 读取文件成功
2016-12-05T02:34:19: 读取文件成功
2016-12-05T02:34:29: 读取文件成功
2016-12-05T02:34:39: 读取文件成功
2016-12-05T02:34:49: 读取文件成功
2016-12-05T02:34:59: 读取文件成功
2016-12-05T02:35:09: 读取文件成功
2016-12-05T02:35:19: 读取文件成功
2016-12-05T02:35:29: 读取文件成功
2016-12-05T02:35:39: 读取文件成功
2016-12-05T02:35:49: 读取文件成功
2016-12-05T02:35:59: 读取文件成功
2016-12-05T02:36:09: 读取文件成功
2016-12-05T02:36:19: 读取文件成功
2016-12-05T02:36:29: 读取文件成功
2016-12-05T02:36:39: 读取文件成功
2016-12-05T02:36:49: 读取文件成功
2016-12-05T02:36:59: 读取文件成功
2016-12-05T02:37:09: 读取文件成功
2016-12-05T02:37:19: 读取文件成功
2016-12-05T02:37:29: 读取文件成功
2016-12-05T02:37:39: 读取文件成功
2016-12-05T02:37:49: 读取文件成功
2016-12-05T02:37:59: 读取文件成功
2016-12-05T02:38:09: 读取文件成功
2016-12-05T02:38:19: 读取文件成功
2016-12-05T02:38:29: 读取文件成功
2016-12-05T02:38:39: 读取文件成功
2016-12-05T02:38:49: 读取文件成功
2016-12-05T02:38:59: 读取文件成功
2016-12-05T02:39:09: 读取文件成功
2016-12-05T02:39:19: 读取文件成功
2016-12-05T02:39:29: 读取文件成功
2016-12-05T02:39:39: 读取文件成功
2016-12-05T02:39:49: 读取文件成功
2016-12-05T02:39:59: 读取文件成功
2016-12-05T02:40:09: 读取文件成功
2016-12-05T02:40:19: 读取文件成功
2016-12-05T02:40:29: 读取文件成功
2016-12-05T02:40:39: 读取文件成功
2016-12-05T02:40:49: 读取文件成功
2016-12-05T02:40:59: 读取文件成功
2016-12-05T02:41:09: 读取文件成功
2016-12-05T02:41:19: 读取文件成功
2016-12-05T02:41:29: 读取文件成功
2016-12-05T02:41:39: 读取文件成功
2016-12-05T02:41:49: 读取文件成功
2016-12-05T02:41:59: 读取文件成功
2016-12-05T02:42:09: 读取文件成功
2016-12-05T02:42:19: 读取文件成功
2016-12-05T02:42:29: 读取文件成功
2016-12-05T02:42:39: 读取文件成功
2016-12-05T02:42:49: 读取文件成功
2016-12-05T02:42:59: 读取文件成功
2016-12-05T02:43:09: 读取文件成功
2016-12-05T02:43:19: 读取文件成功
2016-12-05T02:43:29: 读取文件成功
2016-12-05T02:43:39: 读取文件成功
2016-12-05T02:43:49: 读取文件成功
2016-12-05T02:43:59: 读取文件成功
2016-12-05T02:44:09: 读取文件成功
2016-12-05T02:44:19: 读取文件成功
2016-12-05T02:44:29: 读取文件成功
2016-12-05T02:44:39: 读取文件成功
2016-12-05T02:44:49: 读取文件成功
2016-12-05T02:44:59: 读取文件成功
2016-12-05T02:45:09: 读取文件成功
2016-12-05T02:45:19: 读取文件成功
2016-12-05T02:45:29: 读取文件成功
2016-12-05T02:45:39: 读取文件成功
2016-12-05T02:45:49: 读取文件成功
2016-12-05T02:45:59: 读取文件成功
2016-12-05T02:46:09: 读取文件成功
2016-12-05T02:46:19: 读取文件成功
2016-12-05T02:46:29: 读取文件成功
2016-12-05T02:46:39: 读取文件成功
2016-12-05T02:46:49: 读取文件成功
2016-12-05T02:46:59: 读取文件成功
2016-12-05T02:47:09: 读取文件成功
2016-12-05T02:47:19: 读取文件成功
2016-12-05T02:47:29: 读取文件成功
2016-12-05T02:47:39: 读取文件成功
2016-12-05T02:47:49: 读取文件成功
2016-12-05T02:47:59: 读取文件成功
2016-12-05T02:48:09: 读取文件成功
2016-12-05T02:48:19: 读取文件成功
2016-12-05T02:48:29: 读取文件成功
2016-12-05T02:48:39: 读取文件成功
2016-12-05T02:48:49: 读取文件成功
2016-12-05T02:48:59: 读取文件成功
2016-12-05T02:49:09: 读取文件成功
2016-12-05T02:49:19: 读取文件成功
2016-12-05T02:49:29: 读取文件成功
2016-12-05T02:49:39: 读取文件成功
2016-12-05T02:49:49: 读取文件成功
2016-12-05T02:49:59: 读取文件成功
2016-12-05T02:50:09: 读取文件成功
2016-12-05T02:50:19: 读取文件成功
2016-12-05T02:50:29: 读取文件成功
2016-12-05T02:50:39: 读取文件成功
2016-12-05T02:50:49: 读取文件成功
2016-12-05T02:50:59: 读取文件成功
2016-12-05T02:51:09: 读取文件成功
2016-12-05T02:51:19: 读取文件成功
2016-12-05T02:51:29: 读取文件成功
2016-12-05T02:51:39: 读取文件成功
2016-12-05T02:51:49: 读取文件成功
2016-12-05T02:51:59: 读取文件成功
2016-12-05T02:52:09: 读取文件成功
2016-12-05T02:52:19: 读取文件成功
2016-12-05T02:52:29: 读取文件成功
2016-12-05T02:52:39: 读取文件成功
2016-12-05T02:52:49: 读取文件成功
2016-12-05T02:52:59: 读取文件成功
2016-12-05T02:53:09: 读取文件成功
2016-12-05T02:53:20: 读取文件成功
2016-12-05T02:53:30: 读取文件成功
2016-12-05T02:53:40: 读取文件成功
2016-12-05T02:53:50: 读取文件成功
2016-12-05T02:54:00: 读取文件成功
2016-12-05T02:54:10: 读取文件成功
2016-12-05T02:54:20: 读取文件成功
2016-12-05T02:54:30: 读取文件成功
2016-12-05T02:54:40: 读取文件成功
2016-12-05T02:54:50: 读取文件成功
2016-12-05T02:55:00: 读取文件成功
2016-12-05T02:55:10: 读取文件成功
2016-12-05T02:55:20: 读取文件成功
2016-12-05T02:55:30: 读取文件成功
2016-12-05T02:55:40: 读取文件成功
2016-12-05T02:55:50: 读取文件成功
2016-12-05T02:56:00: 读取文件成功
2016-12-05T02:56:10: 读取文件成功
2016-12-05T02:56:20: 读取文件成功
2016-12-05T02:56:30: 读取文件成功
2016-12-05T02:56:40: 读取文件成功
2016-12-05T02:56:50: 读取文件成功
2016-12-05T02:57:00: 读取文件成功
2016-12-05T02:57:10: 读取文件成功
2016-12-05T02:57:20: 读取文件成功
2016-12-05T02:57:30: 读取文件成功
2016-12-05T02:57:40: 读取文件成功
2016-12-05T02:57:50: 读取文件成功
2016-12-05T02:58:00: 读取文件成功
2016-12-05T02:58:10: 读取文件成功
2016-12-05T02:58:20: 读取文件成功
2016-12-05T02:58:30: 读取文件成功
2016-12-05T02:58:40: 读取文件成功
2016-12-05T02:58:50: 读取文件成功
2016-12-05T02:59:00: 读取文件成功
2016-12-05T02:59:10: 读取文件成功
2016-12-05T02:59:20: 读取文件成功
2016-12-05T02:59:30: 读取文件成功
2016-12-05T02:59:40: 读取文件成功
2016-12-05T02:59:50: 读取文件成功
2016-12-05T03:00:00: 读取文件成功
2016-12-05T03:00:10: 读取文件成功
2016-12-05T03:00:20: 读取文件成功
2016-12-05T03:00:30: 读取文件成功
2016-12-05T03:00:40: 读取文件成功
2016-12-05T03:00:50: 读取文件成功
2016-12-05T03:01:00: 读取文件成功
2016-12-05T03:01:10: 读取文件成功
2016-12-05T03:01:20: 读取文件成功
2016-12-05T03:01:30: 读取文件成功
2016-12-05T03:01:40: 读取文件成功
2016-12-05T03:01:50: 读取文件成功
2016-12-05T03:02:00: 读取文件成功
2016-12-05T03:02:10: 读取文件成功
2016-12-05T03:02:20: 读取文件成功
2016-12-05T03:02:30: 读取文件成功
2016-12-05T03:02:40: 读取文件成功
2016-12-05T03:02:50: 读取文件成功
2016-12-05T03:03:00: 读取文件成功
2016-12-05T03:03:10: 读取文件成功
2016-12-05T03:03:20: 读取文件成功
2016-12-05T03:03:30: 读取文件成功
2016-12-05T03:03:40: 读取文件成功
2016-12-05T03:03:50: 读取文件成功
2016-12-05T03:04:00: 读取文件成功
2016-12-05T03:04:10: 读取文件成功
2016-12-05T03:04:20: 读取文件成功
2016-12-05T03:04:30: 读取文件成功
2016-12-05T03:04:40: 读取文件成功
2016-12-05T03:04:50: 读取文件成功
2016-12-05T03:05:00: 读取文件成功
2016-12-05T03:05:10: 读取文件成功
2016-12-05T03:05:20: 读取文件成功
2016-12-05T03:05:30: 读取文件成功
2016-12-05T03:05:40: 读取文件成功
2016-12-05T03:05:50: 读取文件成功
2016-12-05T03:06:00: 读取文件成功
2016-12-05T03:06:10: 读取文件成功
2016-12-05T03:06:20: 读取文件成功
2016-12-05T03:06:30: 读取文件成功
2016-12-05T03:06:40: 读取文件成功
2016-12-05T03:06:50: 读取文件成功
2016-12-05T03:07:00: 读取文件成功
2016-12-05T03:07:10: 读取文件成功
2016-12-05T03:07:20: 读取文件成功
2016-12-05T03:07:30: 读取文件成功
2016-12-05T03:07:40: 读取文件成功
2016-12-05T03:07:50: 读取文件成功
2016-12-05T03:08:00: 读取文件成功
2016-12-05T03:08:10: 读取文件成功
2016-12-05T03:08:20: 读取文件成功
2016-12-05T03:08:30: 读取文件成功
2016-12-05T03:08:40: 读取文件成功
2016-12-05T03:08:50: 读取文件成功
2016-12-05T03:09:00: 读取文件成功
2016-12-05T03:09:10: 读取文件成功
2016-12-05T03:09:20: 读取文件成功
2016-12-05T03:09:30: 读取文件成功
2016-12-05T03:09:40: 读取文件成功
2016-12-05T03:09:50: 读取文件成功
2016-12-05T03:10:00: 读取文件成功
2016-12-05T03:10:10: 读取文件成功
2016-12-05T03:10:20: 读取文件成功
2016-12-05T03:10:30: 读取文件成功
2016-12-05T03:10:40: 读取文件成功
2016-12-05T03:10:50: 读取文件成功
2016-12-05T03:11:00: 读取文件成功
2016-12-05T03:11:10: 读取文件成功
2016-12-05T03:11:20: 读取文件成功
2016-12-05T03:11:30: 读取文件成功
2016-12-05T03:11:40: 读取文件成功
2016-12-05T03:11:50: 读取文件成功
2016-12-05T03:12:00: 读取文件成功
2016-12-05T03:12:10: 读取文件成功
2016-12-05T03:12:20: 读取文件成功
2016-12-05T03:12:30: 读取文件成功
2016-12-05T03:12:40: 读取文件成功
2016-12-05T03:12:50: 读取文件成功
2016-12-05T03:13:01: 读取文件成功
2016-12-05T03:13:11: 读取文件成功
2016-12-05T03:13:21: 读取文件成功
2016-12-05T03:13:31: 读取文件成功
2016-12-05T03:13:40: 读取文件成功
2016-12-05T03:13:51: 读取文件成功
2016-12-05T03:14:01: 读取文件成功
2016-12-05T03:14:11: 读取文件成功
2016-12-05T03:14:21: 读取文件成功
2016-12-05T03:14:31: 读取文件成功
2016-12-05T03:14:41: 读取文件成功
2016-12-05T03:14:51: 读取文件成功
2016-12-05T03:15:01: 读取文件成功
2016-12-05T03:15:11: 读取文件成功
2016-12-05T03:15:21: 读取文件成功
2016-12-05T03:15:31: 读取文件成功
2016-12-05T03:15:41: 读取文件成功
2016-12-05T03:15:51: 读取文件成功
2016-12-05T03:16:01: 读取文件成功
2016-12-05T03:16:11: 读取文件成功
2016-12-05T03:16:21: 读取文件成功
2016-12-05T03:16:31: 读取文件成功
2016-12-05T03:16:41: 读取文件成功
2016-12-05T03:16:51: 读取文件成功
2016-12-05T03:17:01: 读取文件成功
2016-12-05T03:17:11: 读取文件成功
2016-12-05T03:17:21: 读取文件成功
2016-12-05T03:17:31: 读取文件成功
2016-12-05T03:17:41: 读取文件成功
2016-12-05T03:17:51: 读取文件成功
2016-12-05T03:18:01: 读取文件成功
2016-12-05T03:18:11: 读取文件成功
2016-12-05T03:18:21: 读取文件成功
2016-12-05T03:18:31: 读取文件成功
2016-12-05T03:18:41: 读取文件成功
2016-12-05T03:18:51: 读取文件成功
2016-12-05T03:19:01: 读取文件成功
2016-12-05T03:19:11: 读取文件成功
2016-12-05T03:19:21: 读取文件成功
2016-12-05T03:19:31: 读取文件成功
2016-12-05T03:19:41: 读取文件成功
2016-12-05T03:19:51: 读取文件成功
2016-12-05T03:20:01: 读取文件成功
2016-12-05T03:20:11: 读取文件成功
2016-12-05T03:20:21: 读取文件成功
2016-12-05T03:20:31: 读取文件成功
2016-12-05T03:20:41: 读取文件成功
2016-12-05T03:20:51: 读取文件成功
2016-12-05T03:21:01: 读取文件成功
2016-12-05T03:21:11: 读取文件成功
2016-12-05T03:21:21: 读取文件成功
2016-12-05T03:21:31: 读取文件成功
2016-12-05T03:21:41: 读取文件成功
2016-12-05T03:21:51: 读取文件成功
2016-12-05T03:22:01: 读取文件成功
2016-12-05T03:22:11: 读取文件成功
2016-12-05T03:22:21: 读取文件成功
2016-12-05T03:22:31: 读取文件成功
2016-12-05T03:22:41: 读取文件成功
2016-12-05T03:22:51: 读取文件成功
2016-12-05T03:23:01: 读取文件成功
2016-12-05T03:23:11: 读取文件成功
2016-12-05T03:23:21: 读取文件成功
2016-12-05T03:23:31: 读取文件成功
2016-12-05T03:23:41: 读取文件成功
2016-12-05T03:23:51: 读取文件成功
2016-12-05T03:24:01: 读取文件成功
2016-12-05T03:24:11: 读取文件成功
2016-12-05T03:24:21: 读取文件成功
2016-12-05T03:24:31: 读取文件成功
2016-12-05T03:24:41: 读取文件成功
2016-12-05T03:24:51: 读取文件成功
2016-12-05T03:25:01: 读取文件成功
2016-12-05T03:25:11: 读取文件成功
2016-12-05T03:25:21: 读取文件成功
2016-12-05T03:25:31: 读取文件成功
2016-12-05T03:25:41: 读取文件成功
2016-12-05T03:25:51: 读取文件成功
2016-12-05T03:26:01: 读取文件成功
2016-12-05T03:26:11: 读取文件成功
2016-12-05T03:26:21: 读取文件成功
2016-12-05T03:26:31: 读取文件成功
2016-12-05T03:26:41: 读取文件成功
2016-12-05T03:26:51: 读取文件成功
2016-12-05T03:27:01: 读取文件成功
2016-12-05T03:27:11: 读取文件成功
2016-12-05T03:27:21: 读取文件成功
2016-12-05T03:27:31: 读取文件成功
2016-12-05T03:27:41: 读取文件成功
2016-12-05T03:27:51: 读取文件成功
2016-12-05T03:28:01: 读取文件成功
2016-12-05T03:28:11: 读取文件成功
2016-12-05T03:28:21: 读取文件成功
2016-12-05T03:28:31: 读取文件成功
2016-12-05T03:28:41: 读取文件成功
2016-12-05T03:28:51: 读取文件成功
2016-12-05T03:29:01: 读取文件成功
2016-12-05T03:29:11: 读取文件成功
2016-12-05T03:29:21: 读取文件成功
2016-12-05T03:29:31: 读取文件成功
2016-12-05T03:29:41: 读取文件成功
2016-12-05T03:29:51: 读取文件成功
2016-12-05T03:30:01: 读取文件成功
2016-12-05T03:30:11: 读取文件成功
2016-12-05T03:30:21: 读取文件成功
2016-12-05T03:30:31: 读取文件成功
2016-12-05T03:30:41: 读取文件成功
2016-12-05T03:30:51: 读取文件成功
2016-12-05T03:31:01: 读取文件成功
2016-12-05T03:31:11: 读取文件成功
2016-12-05T03:31:21: 读取文件成功
2016-12-05T03:31:31: 读取文件成功
2016-12-05T03:31:41: 读取文件成功
2016-12-05T03:31:51: 读取文件成功
2016-12-05T03:32:01: 读取文件成功
2016-12-05T03:32:11: 读取文件成功
2016-12-05T03:32:21: 读取文件成功
2016-12-05T03:32:31: 读取文件成功
2016-12-05T03:32:41: 读取文件成功
2016-12-05T03:32:51: 读取文件成功
2016-12-05T03:33:01: 读取文件成功
2016-12-05T03:33:11: 读取文件成功
2016-12-05T03:33:22: 读取文件成功
2016-12-05T03:33:31: 读取文件成功
2016-12-05T03:33:42: 读取文件成功
2016-12-05T03:33:52: 读取文件成功
2016-12-05T03:34:02: 读取文件成功
2016-12-05T03:34:12: 读取文件成功
2016-12-05T03:34:22: 读取文件成功
2016-12-05T03:34:32: 读取文件成功
2016-12-05T03:34:42: 读取文件成功
2016-12-05T03:34:52: 读取文件成功
2016-12-05T03:35:02: 读取文件成功
2016-12-05T03:35:13: 读取文件成功
2016-12-05T03:35:22: 读取文件成功
2016-12-05T03:35:32: 读取文件成功
2016-12-05T03:35:42: 读取文件成功
2016-12-05T03:35:52: 读取文件成功
2016-12-05T03:36:02: 读取文件成功
2016-12-05T03:36:12: 读取文件成功
2016-12-05T03:36:22: 读取文件成功
2016-12-05T03:36:32: 读取文件成功
2016-12-05T03:36:42: 读取文件成功
2016-12-05T03:36:52: 读取文件成功
2016-12-05T03:37:02: 读取文件成功
2016-12-05T03:37:12: 读取文件成功
2016-12-05T03:37:22: 读取文件成功
2016-12-05T03:37:32: 读取文件成功
2016-12-05T03:37:42: 读取文件成功
2016-12-05T03:37:52: 读取文件成功
2016-12-05T03:38:02: 读取文件成功
2016-12-05T03:38:12: 读取文件成功
2016-12-05T03:38:22: 读取文件成功
2016-12-05T03:38:32: 读取文件成功
2016-12-05T03:38:42: 读取文件成功
2016-12-05T03:38:52: 读取文件成功
2016-12-05T03:39:02: 读取文件成功
2016-12-05T03:39:12: 读取文件成功
2016-12-05T03:39:22: 读取文件成功
2016-12-05T03:39:32: 读取文件成功
2016-12-05T03:39:42: 读取文件成功
2016-12-05T03:39:52: 读取文件成功
2016-12-05T03:40:02: 读取文件成功
2016-12-05T03:40:12: 读取文件成功
2016-12-05T03:40:22: 读取文件成功
2016-12-05T03:40:32: 读取文件成功
2016-12-05T03:40:42: 读取文件成功
2016-12-05T03:40:52: 读取文件成功
2016-12-05T03:41:02: 读取文件成功
2016-12-05T03:41:12: 读取文件成功
2016-12-05T03:41:22: 读取文件成功
2016-12-05T03:41:32: 读取文件成功
2016-12-05T03:41:42: 读取文件成功
2016-12-05T03:41:52: 读取文件成功
2016-12-05T03:42:02: 读取文件成功
2016-12-05T03:42:12: 读取文件成功
2016-12-05T03:42:22: 读取文件成功
2016-12-05T03:42:32: 读取文件成功
2016-12-05T03:42:42: 读取文件成功
2016-12-05T03:42:52: 读取文件成功
2016-12-05T03:43:02: 读取文件成功
2016-12-05T03:43:12: 读取文件成功
2016-12-05T03:43:22: 读取文件成功
2016-12-05T03:43:32: 读取文件成功
2016-12-05T03:43:42: 读取文件成功
2016-12-05T03:43:52: 读取文件成功
2016-12-05T03:44:02: 读取文件成功
2016-12-05T03:44:12: 读取文件成功
2016-12-05T03:44:22: 读取文件成功
2016-12-05T03:44:32: 读取文件成功
2016-12-05T03:44:42: 读取文件成功
2016-12-05T03:44:52: 读取文件成功
2016-12-05T03:45:02: 读取文件成功
2016-12-05T03:45:12: 读取文件成功
2016-12-05T03:45:22: 读取文件成功
2016-12-05T03:45:32: 读取文件成功
2016-12-05T03:45:42: 读取文件成功
2016-12-05T03:45:52: 读取文件成功
2016-12-05T03:46:02: 读取文件成功
2016-12-05T03:46:12: 读取文件成功
2016-12-05T03:46:22: 读取文件成功
2016-12-05T03:46:32: 读取文件成功
2016-12-05T03:46:42: 读取文件成功
2016-12-05T03:46:52: 读取文件成功
2016-12-05T03:47:02: 读取文件成功
2016-12-05T03:47:12: 读取文件成功
2016-12-05T03:47:22: 读取文件成功
2016-12-05T03:47:32: 读取文件成功
2016-12-05T03:47:42: 读取文件成功
2016-12-05T03:47:52: 读取文件成功
2016-12-05T03:48:02: 读取文件成功
2016-12-05T03:48:12: 读取文件成功
2016-12-05T03:48:22: 读取文件成功
2016-12-05T03:48:32: 读取文件成功
2016-12-05T03:48:42: 读取文件成功
2016-12-05T03:48:52: 读取文件成功
2016-12-05T03:49:02: 读取文件成功
2016-12-05T03:49:12: 读取文件成功
2016-12-05T03:49:22: 读取文件成功
2016-12-05T03:49:32: 读取文件成功
2016-12-05T03:49:42: 读取文件成功
2016-12-05T03:49:52: 读取文件成功
2016-12-05T03:50:02: 读取文件成功
2016-12-05T03:50:12: 读取文件成功
2016-12-05T03:50:22: 读取文件成功
2016-12-05T03:50:32: 读取文件成功
2016-12-05T03:50:42: 读取文件成功
2016-12-05T03:50:52: 读取文件成功
2016-12-05T03:51:02: 读取文件成功
2016-12-05T03:51:12: 读取文件成功
2016-12-05T03:51:22: 读取文件成功
2016-12-05T03:51:32: 读取文件成功
2016-12-05T03:51:42: 读取文件成功
2016-12-05T03:51:52: 读取文件成功
2016-12-05T03:52:02: 读取文件成功
2016-12-05T03:52:12: 读取文件成功
2016-12-05T03:52:22: 读取文件成功
2016-12-05T03:52:32: 读取文件成功
2016-12-05T03:52:42: 读取文件成功
2016-12-05T03:52:52: 读取文件成功
2016-12-05T03:53:02: 读取文件成功
2016-12-05T03:53:12: 读取文件成功
2016-12-05T03:53:22: 读取文件成功
2016-12-05T03:53:32: 读取文件成功
2016-12-05T03:53:42: 读取文件成功
2016-12-05T03:53:52: 读取文件成功
2016-12-05T03:54:02: 读取文件成功
2016-12-05T03:54:12: 读取文件成功
2016-12-05T03:54:22: 读取文件成功
2016-12-05T03:54:32: 读取文件成功
2016-12-05T03:54:42: 读取文件成功
2016-12-05T03:54:52: 读取文件成功
2016-12-05T03:55:03: 读取文件成功
2016-12-05T03:55:13: 读取文件成功
2016-12-05T03:55:23: 读取文件成功
2016-12-05T03:55:33: 读取文件成功
2016-12-05T03:55:43: 读取文件成功
2016-12-05T03:55:53: 读取文件成功
2016-12-05T03:56:03: 读取文件成功
2016-12-05T03:56:13: 读取文件成功
2016-12-05T03:56:23: 读取文件成功
2016-12-05T03:56:33: 读取文件成功
2016-12-05T03:56:43: 读取文件成功
2016-12-05T03:56:53: 读取文件成功
2016-12-05T03:57:03: 读取文件成功
2016-12-05T03:57:13: 读取文件成功
2016-12-05T03:57:23: 读取文件成功
2016-12-05T03:57:33: 读取文件成功
2016-12-05T03:57:43: 读取文件成功
2016-12-05T03:57:53: 读取文件成功
2016-12-05T03:58:03: 读取文件成功
2016-12-05T03:58:13: 读取文件成功
2016-12-05T03:58:23: 读取文件成功
2016-12-05T03:58:33: 读取文件成功
2016-12-05T03:58:43: 读取文件成功
2016-12-05T03:58:53: 读取文件成功
2016-12-05T03:59:03: 读取文件成功
2016-12-05T03:59:13: 读取文件成功
2016-12-05T03:59:23: 读取文件成功
2016-12-05T03:59:33: 读取文件成功
2016-12-05T03:59:43: 读取文件成功
2016-12-05T03:59:53: 读取文件成功
2016-12-05T04:00:03: 读取文件成功
2016-12-05T04:00:13: 读取文件成功
2016-12-05T04:00:23: 读取文件成功
2016-12-05T04:00:33: 读取文件成功
2016-12-05T04:00:43: 读取文件成功
2016-12-05T04:00:53: 读取文件成功
2016-12-05T04:01:03: 读取文件成功
2016-12-05T04:01:13: 读取文件成功
2016-12-05T04:01:23: 读取文件成功
2016-12-05T04:01:33: 读取文件成功
2016-12-05T04:01:43: 读取文件成功
2016-12-05T04:01:53: 读取文件成功
2016-12-05T04:02:03: 读取文件成功
2016-12-05T04:02:13: 读取文件成功
2016-12-05T04:02:23: 读取文件成功
2016-12-05T04:02:33: 读取文件成功
2016-12-05T04:02:43: 读取文件成功
2016-12-05T04:02:53: 读取文件成功
2016-12-05T04:03:03: 读取文件成功
2016-12-05T04:03:13: 读取文件成功
2016-12-05T04:03:23: 读取文件成功
2016-12-05T04:03:33: 读取文件成功
2016-12-05T04:03:43: 读取文件成功
2016-12-05T04:03:53: 读取文件成功
2016-12-05T04:04:03: 读取文件成功
2016-12-05T04:04:13: 读取文件成功
2016-12-05T04:04:23: 读取文件成功
2016-12-05T04:04:33: 读取文件成功
2016-12-05T04:04:43: 读取文件成功
2016-12-05T04:04:53: 读取文件成功
2016-12-05T04:05:03: 读取文件成功
2016-12-05T04:05:13: 读取文件成功
2016-12-05T04:05:23: 读取文件成功
2016-12-05T04:05:33: 读取文件成功
2016-12-05T04:05:43: 读取文件成功
2016-12-05T04:05:53: 读取文件成功
2016-12-05T04:06:03: 读取文件成功
2016-12-05T04:06:13: 读取文件成功
2016-12-05T04:06:23: 读取文件成功
2016-12-05T04:06:33: 读取文件成功
2016-12-05T04:06:43: 读取文件成功
2016-12-05T04:06:53: 读取文件成功
2016-12-05T04:07:03: 读取文件成功
2016-12-05T04:07:13: 读取文件成功
2016-12-05T04:07:23: 读取文件成功
2016-12-05T04:07:33: 读取文件成功
2016-12-05T04:07:43: 读取文件成功
2016-12-05T04:07:53: 读取文件成功
2016-12-05T04:08:03: 读取文件成功
2016-12-05T04:08:13: 读取文件成功
2016-12-05T04:08:23: 读取文件成功
2016-12-05T04:08:33: 读取文件成功
2016-12-05T04:08:43: 读取文件成功
2016-12-05T04:08:53: 读取文件成功
2016-12-05T04:09:03: 读取文件成功
2016-12-05T04:09:13: 读取文件成功
2016-12-05T04:09:23: 读取文件成功
2016-12-05T04:09:33: 读取文件成功
2016-12-05T04:09:43: 读取文件成功
2016-12-05T04:09:53: 读取文件成功
2016-12-05T04:10:03: 读取文件成功
2016-12-05T04:10:13: 读取文件成功
2016-12-05T04:10:23: 读取文件成功
2016-12-05T04:10:33: 读取文件成功
2016-12-05T04:10:43: 读取文件成功
2016-12-05T04:10:53: 读取文件成功
2016-12-05T04:11:03: 读取文件成功
2016-12-05T04:11:13: 读取文件成功
2016-12-05T04:11:23: 读取文件成功
2016-12-05T04:11:33: 读取文件成功
2016-12-05T04:11:43: 读取文件成功
2016-12-05T04:11:53: 读取文件成功
2016-12-05T04:12:03: 读取文件成功
2016-12-05T04:12:13: 读取文件成功
2016-12-05T04:12:23: 读取文件成功
2016-12-05T04:12:33: 读取文件成功
2016-12-05T04:12:43: 读取文件成功
2016-12-05T04:12:53: 读取文件成功
2016-12-05T04:13:03: 读取文件成功
2016-12-05T04:13:14: 读取文件成功
2016-12-05T04:13:24: 读取文件成功
2016-12-05T04:13:33: 读取文件成功
2016-12-05T04:13:44: 读取文件成功
2016-12-05T04:13:54: 读取文件成功
2016-12-05T04:14:04: 读取文件成功
2016-12-05T04:14:14: 读取文件成功
2016-12-05T04:14:24: 读取文件成功
2016-12-05T04:14:34: 读取文件成功
2016-12-05T04:14:44: 读取文件成功
2016-12-05T04:14:54: 读取文件成功
2016-12-05T04:15:04: 读取文件成功
2016-12-05T04:15:14: 读取文件成功
2016-12-05T04:15:24: 读取文件成功
2016-12-05T04:15:34: 读取文件成功
2016-12-05T04:15:44: 读取文件成功
2016-12-05T04:15:54: 读取文件成功
2016-12-05T04:16:04: 读取文件成功
2016-12-05T04:16:14: 读取文件成功
2016-12-05T04:16:24: 读取文件成功
2016-12-05T04:16:34: 读取文件成功
2016-12-05T04:16:44: 读取文件成功
2016-12-05T04:16:54: 读取文件成功
2016-12-05T04:17:04: 读取文件成功
2016-12-05T04:17:14: 读取文件成功
2016-12-05T04:17:24: 读取文件成功
2016-12-05T04:17:34: 读取文件成功
2016-12-05T04:17:44: 读取文件成功
2016-12-05T04:17:54: 读取文件成功
2016-12-05T04:18:04: 读取文件成功
2016-12-05T04:18:14: 读取文件成功
2016-12-05T04:18:24: 读取文件成功
2016-12-05T04:18:34: 读取文件成功
2016-12-05T04:18:44: 读取文件成功
2016-12-05T04:18:54: 读取文件成功
2016-12-05T04:19:04: 读取文件成功
2016-12-05T04:19:14: 读取文件成功
2016-12-05T04:19:24: 读取文件成功
2016-12-05T04:19:34: 读取文件成功
2016-12-05T04:19:44: 读取文件成功
2016-12-05T04:19:54: 读取文件成功
2016-12-05T04:20:04: 读取文件成功
2016-12-05T04:20:14: 读取文件成功
2016-12-05T04:20:24: 读取文件成功
2016-12-05T04:20:34: 读取文件成功
2016-12-05T04:20:44: 读取文件成功
2016-12-05T04:20:54: 读取文件成功
2016-12-05T04:21:04: 读取文件成功
2016-12-05T04:21:14: 读取文件成功
2016-12-05T04:21:24: 读取文件成功
2016-12-05T04:21:34: 读取文件成功
2016-12-05T04:21:44: 读取文件成功
2016-12-05T04:21:54: 读取文件成功
2016-12-05T04:22:04: 读取文件成功
2016-12-05T04:22:14: 读取文件成功
2016-12-05T04:22:24: 读取文件成功
2016-12-05T04:22:34: 读取文件成功
2016-12-05T04:22:44: 读取文件成功
2016-12-05T04:22:54: 读取文件成功
2016-12-05T04:23:04: 读取文件成功
2016-12-05T04:23:14: 读取文件成功
2016-12-05T04:23:24: 读取文件成功
2016-12-05T04:23:34: 读取文件成功
2016-12-05T04:23:44: 读取文件成功
2016-12-05T04:23:54: 读取文件成功
2016-12-05T04:24:04: 读取文件成功
2016-12-05T04:24:14: 读取文件成功
2016-12-05T04:24:24: 读取文件成功
2016-12-05T04:24:34: 读取文件成功
2016-12-05T04:24:44: 读取文件成功
2016-12-05T04:24:54: 读取文件成功
2016-12-05T04:25:04: 读取文件成功
2016-12-05T04:25:14: 读取文件成功
2016-12-05T04:25:24: 读取文件成功
2016-12-05T04:25:34: 读取文件成功
2016-12-05T04:25:44: 读取文件成功
2016-12-05T04:25:54: 读取文件成功
2016-12-05T04:26:04: 读取文件成功
2016-12-05T04:26:14: 读取文件成功
2016-12-05T04:26:24: 读取文件成功
2016-12-05T04:26:34: 读取文件成功
2016-12-05T04:26:44: 读取文件成功
2016-12-05T04:26:54: 读取文件成功
2016-12-05T04:27:04: 读取文件成功
2016-12-05T04:27:14: 读取文件成功
2016-12-05T04:27:24: 读取文件成功
2016-12-05T04:27:34: 读取文件成功
2016-12-05T04:27:44: 读取文件成功
2016-12-05T04:27:54: 读取文件成功
2016-12-05T04:28:04: 读取文件成功
2016-12-05T04:28:14: 读取文件成功
2016-12-05T04:28:24: 读取文件成功
2016-12-05T04:28:34: 读取文件成功
2016-12-05T04:28:44: 读取文件成功
2016-12-05T04:28:54: 读取文件成功
2016-12-05T04:29:04: 读取文件成功
2016-12-05T04:29:14: 读取文件成功
2016-12-05T04:29:24: 读取文件成功
2016-12-05T04:29:34: 读取文件成功
2016-12-05T04:29:44: 读取文件成功
2016-12-05T04:29:54: 读取文件成功
2016-12-05T04:30:04: 读取文件成功
2016-12-05T04:30:14: 读取文件成功
2016-12-05T04:30:24: 读取文件成功
2016-12-05T04:30:34: 读取文件成功
2016-12-05T04:30:44: 读取文件成功
2016-12-05T04:30:54: 读取文件成功
2016-12-05T04:31:04: 读取文件成功
2016-12-05T04:31:14: 读取文件成功
2016-12-05T04:31:25: 读取文件成功
2016-12-05T04:31:35: 读取文件成功
2016-12-05T04:31:45: 读取文件成功
2016-12-05T04:31:55: 读取文件成功
2016-12-05T04:32:05: 读取文件成功
2016-12-05T04:32:15: 读取文件成功
2016-12-05T04:32:25: 读取文件成功
2016-12-05T04:32:35: 读取文件成功
2016-12-05T04:32:45: 读取文件成功
2016-12-05T04:32:55: 读取文件成功
2016-12-05T04:33:05: 读取文件成功
2016-12-05T04:33:15: 读取文件成功
2016-12-05T04:33:25: 读取文件成功
2016-12-05T04:33:35: 读取文件成功
2016-12-05T04:33:45: 读取文件成功
2016-12-05T04:33:55: 读取文件成功
2016-12-05T04:34:05: 读取文件成功
2016-12-05T04:34:15: 读取文件成功
2016-12-05T04:34:25: 读取文件成功
2016-12-05T04:34:35: 读取文件成功
2016-12-05T04:34:45: 读取文件成功
2016-12-05T04:34:55: 读取文件成功
2016-12-05T04:35:05: 读取文件成功
2016-12-05T04:35:15: 读取文件成功
2016-12-05T04:35:25: 读取文件成功
2016-12-05T04:35:35: 读取文件成功
2016-12-05T04:35:45: 读取文件成功
2016-12-05T04:35:55: 读取文件成功
2016-12-05T04:36:05: 读取文件成功
2016-12-05T04:36:15: 读取文件成功
2016-12-05T04:36:25: 读取文件成功
2016-12-05T04:36:35: 读取文件成功
2016-12-05T04:36:45: 读取文件成功
2016-12-05T04:36:55: 读取文件成功
2016-12-05T04:37:05: 读取文件成功
2016-12-05T04:37:15: 读取文件成功
2016-12-05T04:37:25: 读取文件成功
2016-12-05T04:37:35: 读取文件成功
2016-12-05T04:37:45: 读取文件成功
2016-12-05T04:37:55: 读取文件成功
2016-12-05T04:38:05: 读取文件成功
2016-12-05T04:38:15: 读取文件成功
2016-12-05T04:38:25: 读取文件成功
2016-12-05T04:38:35: 读取文件成功
2016-12-05T04:38:45: 读取文件成功
2016-12-05T04:38:55: 读取文件成功
2016-12-05T04:39:05: 读取文件成功
2016-12-05T04:39:15: 读取文件成功
2016-12-05T04:39:25: 读取文件成功
2016-12-05T04:39:35: 读取文件成功
2016-12-05T04:39:45: 读取文件成功
2016-12-05T04:39:55: 读取文件成功
2016-12-05T04:40:05: 读取文件成功
2016-12-05T04:40:15: 读取文件成功
2016-12-05T04:40:25: 读取文件成功
2016-12-05T04:40:35: 读取文件成功
2016-12-05T04:40:45: 读取文件成功
2016-12-05T04:40:55: 读取文件成功
2016-12-05T04:41:05: 读取文件成功
2016-12-05T04:41:15: 读取文件成功
2016-12-05T04:41:25: 读取文件成功
2016-12-05T04:41:35: 读取文件成功
2016-12-05T04:41:45: 读取文件成功
2016-12-05T04:41:55: 读取文件成功
2016-12-05T04:42:05: 读取文件成功
2016-12-05T04:42:15: 读取文件成功
2016-12-05T04:42:25: 读取文件成功
2016-12-05T04:42:35: 读取文件成功
2016-12-05T04:42:45: 读取文件成功
2016-12-05T04:42:55: 读取文件成功
2016-12-05T04:43:05: 读取文件成功
2016-12-05T04:43:15: 读取文件成功
2016-12-05T04:43:25: 读取文件成功
2016-12-05T04:43:35: 读取文件成功
2016-12-05T04:43:45: 读取文件成功
2016-12-05T04:43:55: 读取文件成功
2016-12-05T04:44:05: 读取文件成功
2016-12-05T04:44:15: 读取文件成功
2016-12-05T04:44:25: 读取文件成功
2016-12-05T04:44:35: 读取文件成功
2016-12-05T04:44:45: 读取文件成功
2016-12-05T04:44:55: 读取文件成功
2016-12-05T04:45:05: 读取文件成功
2016-12-05T04:45:15: 读取文件成功
2016-12-05T04:45:25: 读取文件成功
2016-12-05T04:45:35: 读取文件成功
2016-12-05T04:45:45: 读取文件成功
2016-12-05T04:45:55: 读取文件成功
2016-12-05T04:46:05: 读取文件成功
2016-12-05T04:46:15: 读取文件成功
2016-12-05T04:46:25: 读取文件成功
2016-12-05T04:46:35: 读取文件成功
2016-12-05T04:46:45: 读取文件成功
2016-12-05T04:46:55: 读取文件成功
2016-12-05T04:47:05: 读取文件成功
2016-12-05T04:47:15: 读取文件成功
2016-12-05T04:47:25: 读取文件成功
2016-12-05T04:47:35: 读取文件成功
2016-12-05T04:47:45: 读取文件成功
2016-12-05T04:47:55: 读取文件成功
2016-12-05T04:48:05: 读取文件成功
2016-12-05T04:48:15: 读取文件成功
2016-12-05T04:48:25: 读取文件成功
2016-12-05T04:48:35: 读取文件成功
2016-12-05T04:48:45: 读取文件成功
2016-12-05T04:48:55: 读取文件成功
2016-12-05T04:49:05: 读取文件成功
2016-12-05T04:49:15: 读取文件成功
2016-12-05T04:49:25: 读取文件成功
2016-12-05T04:49:35: 读取文件成功
2016-12-05T04:49:45: 读取文件成功
2016-12-05T04:49:55: 读取文件成功
2016-12-05T04:50:06: 读取文件成功
2016-12-05T04:50:16: 读取文件成功
2016-12-05T04:50:26: 读取文件成功
2016-12-05T04:50:36: 读取文件成功
2016-12-05T04:50:46: 读取文件成功
2016-12-05T04:50:56: 读取文件成功
2016-12-05T04:51:06: 读取文件成功
2016-12-05T04:51:16: 读取文件成功
2016-12-05T04:51:26: 读取文件成功
2016-12-05T04:51:36: 读取文件成功
2016-12-05T04:51:46: 读取文件成功
2016-12-05T04:51:56: 读取文件成功
2016-12-05T04:52:06: 读取文件成功
2016-12-05T04:52:16: 读取文件成功
2016-12-05T04:52:26: 读取文件成功
2016-12-05T04:52:36: 读取文件成功
2016-12-05T04:52:46: 读取文件成功
2016-12-05T04:52:56: 读取文件成功
2016-12-05T04:53:06: 读取文件成功
2016-12-05T04:53:16: 读取文件成功
2016-12-05T04:53:26: 读取文件成功
2016-12-05T04:53:36: 读取文件成功
2016-12-05T04:53:46: 读取文件成功
2016-12-05T04:53:56: 读取文件成功
2016-12-05T04:54:06: 读取文件成功
2016-12-05T04:54:16: 读取文件成功
2016-12-05T04:54:26: 读取文件成功
2016-12-05T04:54:36: 读取文件成功
2016-12-05T04:54:46: 读取文件成功
2016-12-05T04:54:56: 读取文件成功
2016-12-05T04:55:06: 读取文件成功
2016-12-05T04:55:16: 读取文件成功
2016-12-05T04:55:26: 读取文件成功
2016-12-05T04:55:36: 读取文件成功
2016-12-05T04:55:46: 读取文件成功
2016-12-05T04:55:56: 读取文件成功
2016-12-05T04:56:06: 读取文件成功
2016-12-05T04:56:16: 读取文件成功
2016-12-05T04:56:26: 读取文件成功
2016-12-05T04:56:36: 读取文件成功
2016-12-05T04:56:46: 读取文件成功
2016-12-05T04:56:56: 读取文件成功
2016-12-05T04:57:06: 读取文件成功
2016-12-05T04:57:16: 读取文件成功
2016-12-05T04:57:26: 读取文件成功
2016-12-05T04:57:36: 读取文件成功
2016-12-05T04:57:46: 读取文件成功
2016-12-05T04:57:56: 读取文件成功
2016-12-05T04:58:06: 读取文件成功
2016-12-05T04:58:16: 读取文件成功
2016-12-05T04:58:26: 读取文件成功
2016-12-05T04:58:36: 读取文件成功
2016-12-05T04:58:46: 读取文件成功
2016-12-05T04:58:56: 读取文件成功
2016-12-05T04:59:06: 读取文件成功
2016-12-05T04:59:16: 读取文件成功
2016-12-05T04:59:26: 读取文件成功
2016-12-05T04:59:36: 读取文件成功
2016-12-05T04:59:46: 读取文件成功
2016-12-05T04:59:56: 读取文件成功
2016-12-05T05:00:06: 读取文件成功
2016-12-05T05:00:16: 读取文件成功
2016-12-05T05:00:26: 读取文件成功
2016-12-05T05:00:36: 读取文件成功
2016-12-05T05:00:46: 读取文件成功
2016-12-05T05:00:56: 读取文件成功
2016-12-05T05:01:06: 读取文件成功
2016-12-05T05:01:16: 读取文件成功
2016-12-05T05:01:26: 读取文件成功
2016-12-05T05:01:36: 读取文件成功
2016-12-05T05:01:46: 读取文件成功
2016-12-05T05:01:56: 读取文件成功
2016-12-05T05:02:06: 读取文件成功
2016-12-05T05:02:16: 读取文件成功
2016-12-05T05:02:26: 读取文件成功
2016-12-05T05:02:36: 读取文件成功
2016-12-05T05:02:46: 读取文件成功
2016-12-05T05:02:56: 读取文件成功
2016-12-05T05:03:06: 读取文件成功
2016-12-05T05:03:16: 读取文件成功
2016-12-05T05:03:26: 读取文件成功
2016-12-05T05:03:36: 读取文件成功
2016-12-05T05:03:46: 读取文件成功
2016-12-05T05:03:56: 读取文件成功
2016-12-05T05:04:06: 读取文件成功
2016-12-05T05:04:16: 读取文件成功
2016-12-05T05:04:26: 读取文件成功
2016-12-05T05:04:36: 读取文件成功
2016-12-05T05:04:46: 读取文件成功
2016-12-05T05:04:56: 读取文件成功
2016-12-05T05:05:06: 读取文件成功
2016-12-05T05:05:16: 读取文件成功
2016-12-05T05:05:26: 读取文件成功
2016-12-05T05:05:36: 读取文件成功
2016-12-05T05:05:46: 读取文件成功
2016-12-05T05:05:56: 读取文件成功
2016-12-05T05:06:06: 读取文件成功
2016-12-05T05:06:16: 读取文件成功
2016-12-05T05:06:26: 读取文件成功
2016-12-05T05:06:36: 读取文件成功
2016-12-05T05:06:46: 读取文件成功
2016-12-05T05:06:56: 读取文件成功
2016-12-05T05:07:06: 读取文件成功
2016-12-05T05:07:17: 读取文件成功
2016-12-05T05:07:26: 读取文件成功
2016-12-05T05:07:36: 读取文件成功
2016-12-05T05:07:46: 读取文件成功
2016-12-05T05:07:56: 读取文件成功
2016-12-05T05:08:06: 读取文件成功
2016-12-05T05:08:17: 读取文件成功
2016-12-05T05:08:26: 读取文件成功
2016-12-05T05:08:37: 读取文件成功
2016-12-05T05:08:47: 读取文件成功
2016-12-05T05:08:57: 读取文件成功
2016-12-05T05:09:07: 读取文件成功
2016-12-05T05:09:17: 读取文件成功
2016-12-05T05:09:27: 读取文件成功
2016-12-05T05:09:37: 读取文件成功
2016-12-05T05:09:47: 读取文件成功
2016-12-05T05:09:57: 读取文件成功
2016-12-05T05:10:07: 读取文件成功
2016-12-05T05:10:17: 读取文件成功
2016-12-05T05:10:27: 读取文件成功
2016-12-05T05:10:37: 读取文件成功
2016-12-05T05:10:47: 读取文件成功
2016-12-05T05:10:57: 读取文件成功
2016-12-05T05:11:07: 读取文件成功
2016-12-05T05:11:17: 读取文件成功
2016-12-05T05:11:27: 读取文件成功
2016-12-05T05:11:37: 读取文件成功
2016-12-05T05:11:47: 读取文件成功
2016-12-05T05:11:57: 读取文件成功
2016-12-05T05:12:07: 读取文件成功
2016-12-05T05:12:17: 读取文件成功
2016-12-05T05:12:27: 读取文件成功
2016-12-05T05:12:37: 读取文件成功
2016-12-05T05:12:47: 读取文件成功
2016-12-05T05:12:57: 读取文件成功
2016-12-05T05:13:07: 读取文件成功
2016-12-05T05:13:17: 读取文件成功
2016-12-05T05:13:27: 读取文件成功
2016-12-05T05:13:37: 读取文件成功
2016-12-05T05:13:47: 读取文件成功
2016-12-05T05:13:57: 读取文件成功
2016-12-05T05:14:07: 读取文件成功
2016-12-05T05:14:17: 读取文件成功
2016-12-05T05:14:27: 读取文件成功
2016-12-05T05:14:37: 读取文件成功
2016-12-05T05:14:47: 读取文件成功
2016-12-05T05:14:57: 读取文件成功
2016-12-05T05:15:07: 读取文件成功
2016-12-05T05:15:17: 读取文件成功
2016-12-05T05:15:27: 读取文件成功
2016-12-05T05:15:37: 读取文件成功
2016-12-05T05:15:47: 读取文件成功
2016-12-05T05:15:57: 读取文件成功
2016-12-05T05:16:07: 读取文件成功
2016-12-05T05:16:17: 读取文件成功
2016-12-05T05:16:27: 读取文件成功
2016-12-05T05:16:37: 读取文件成功
2016-12-05T05:16:47: 读取文件成功
2016-12-05T05:16:57: 读取文件成功
2016-12-05T05:17:07: 读取文件成功
2016-12-05T05:17:17: 读取文件成功
2016-12-05T05:17:27: 读取文件成功
2016-12-05T05:17:37: 读取文件成功
2016-12-05T05:17:47: 读取文件成功
2016-12-05T05:17:57: 读取文件成功
2016-12-05T05:18:07: 读取文件成功
2016-12-05T05:18:17: 读取文件成功
2016-12-05T05:18:27: 读取文件成功
2016-12-05T05:18:37: 读取文件成功
2016-12-05T05:18:47: 读取文件成功
2016-12-05T05:18:57: 读取文件成功
2016-12-05T05:19:07: 读取文件成功
2016-12-05T05:19:17: 读取文件成功
2016-12-05T05:19:27: 读取文件成功
2016-12-05T05:19:37: 读取文件成功
2016-12-05T05:19:47: 读取文件成功
2016-12-05T05:19:57: 读取文件成功
2016-12-05T05:20:07: 读取文件成功
2016-12-05T05:20:17: 读取文件成功
2016-12-05T05:20:27: 读取文件成功
2016-12-05T05:20:37: 读取文件成功
2016-12-05T05:20:47: 读取文件成功
2016-12-05T05:20:57: 读取文件成功
2016-12-05T05:21:07: 读取文件成功
2016-12-05T05:21:17: 读取文件成功
2016-12-05T05:21:27: 读取文件成功
2016-12-05T05:21:37: 读取文件成功
2016-12-05T05:21:47: 读取文件成功
2016-12-05T05:21:57: 读取文件成功
2016-12-05T05:22:07: 读取文件成功
2016-12-05T05:22:17: 读取文件成功
2016-12-05T05:22:27: 读取文件成功
2016-12-05T05:22:37: 读取文件成功
2016-12-05T05:22:47: 读取文件成功
2016-12-05T05:22:57: 读取文件成功
2016-12-05T05:23:07: 读取文件成功
2016-12-05T05:23:17: 读取文件成功
2016-12-05T05:23:27: 读取文件成功
2016-12-05T05:23:37: 读取文件成功
2016-12-05T05:23:47: 读取文件成功
2016-12-05T05:23:57: 读取文件成功
2016-12-05T05:24:07: 读取文件成功
2016-12-05T05:24:17: 读取文件成功
2016-12-05T05:24:27: 读取文件成功
2016-12-05T05:24:37: 读取文件成功
2016-12-05T05:24:47: 读取文件成功
2016-12-05T05:24:57: 读取文件成功
2016-12-05T05:25:07: 读取文件成功
2016-12-05T05:25:17: 读取文件成功
2016-12-05T05:25:27: 读取文件成功
2016-12-05T05:25:37: 读取文件成功
2016-12-05T05:25:47: 读取文件成功
2016-12-05T05:25:57: 读取文件成功
2016-12-05T05:26:07: 读取文件成功
2016-12-05T05:26:17: 读取文件成功
2016-12-05T05:26:27: 读取文件成功
2016-12-05T05:26:37: 读取文件成功
2016-12-05T05:26:47: 读取文件成功
2016-12-05T05:26:57: 读取文件成功
2016-12-05T05:27:07: 读取文件成功
2016-12-05T05:27:17: 读取文件成功
2016-12-05T05:27:27: 读取文件成功
2016-12-05T05:27:37: 读取文件成功
2016-12-05T05:27:48: 读取文件成功
2016-12-05T05:27:58: 读取文件成功
2016-12-05T05:28:08: 读取文件成功
2016-12-05T05:28:18: 读取文件成功
2016-12-05T05:28:28: 读取文件成功
2016-12-05T05:28:38: 读取文件成功
2016-12-05T05:28:48: 读取文件成功
2016-12-05T05:28:58: 读取文件成功
2016-12-05T05:29:08: 读取文件成功
2016-12-05T05:29:18: 读取文件成功
2016-12-05T05:29:28: 读取文件成功
2016-12-05T05:29:38: 读取文件成功
2016-12-05T05:29:48: 读取文件成功
2016-12-05T05:29:58: 读取文件成功
2016-12-05T05:30:08: 读取文件成功
2016-12-05T05:30:18: 读取文件成功
2016-12-05T05:30:28: 读取文件成功
2016-12-05T05:30:38: 读取文件成功
2016-12-05T05:30:48: 读取文件成功
2016-12-05T05:30:58: 读取文件成功
2016-12-05T05:31:08: 读取文件成功
2016-12-05T05:31:18: 读取文件成功
2016-12-05T05:31:28: 读取文件成功
2016-12-05T05:31:38: 读取文件成功
2016-12-05T05:31:48: 读取文件成功
2016-12-05T05:31:58: 读取文件成功
2016-12-05T05:32:08: 读取文件成功
2016-12-05T05:32:18: 读取文件成功
2016-12-05T05:32:28: 读取文件成功
2016-12-05T05:32:38: 读取文件成功
2016-12-05T05:32:48: 读取文件成功
2016-12-05T05:32:58: 读取文件成功
2016-12-05T05:33:08: 读取文件成功
2016-12-05T05:33:18: 读取文件成功
2016-12-05T05:33:28: 读取文件成功
2016-12-05T05:33:38: 读取文件成功
2016-12-05T05:33:48: 读取文件成功
2016-12-05T05:33:58: 读取文件成功
2016-12-05T05:34:08: 读取文件成功
2016-12-05T05:34:18: 读取文件成功
2016-12-05T05:34:28: 读取文件成功
2016-12-05T05:34:38: 读取文件成功
2016-12-05T05:34:48: 读取文件成功
2016-12-05T05:34:58: 读取文件成功
2016-12-05T05:35:08: 读取文件成功
2016-12-05T05:35:18: 读取文件成功
2016-12-05T05:35:28: 读取文件成功
2016-12-05T05:35:38: 读取文件成功
2016-12-05T05:35:48: 读取文件成功
2016-12-05T05:35:58: 读取文件成功
2016-12-05T05:36:08: 读取文件成功
2016-12-05T05:36:18: 读取文件成功
2016-12-05T05:36:28: 读取文件成功
2016-12-05T05:36:38: 读取文件成功
2016-12-05T05:36:48: 读取文件成功
2016-12-05T05:36:58: 读取文件成功
2016-12-05T05:37:08: 读取文件成功
2016-12-05T05:37:18: 读取文件成功
2016-12-05T05:37:28: 读取文件成功
2016-12-05T05:37:38: 读取文件成功
2016-12-05T05:37:48: 读取文件成功
2016-12-05T05:37:58: 读取文件成功
2016-12-05T05:38:08: 读取文件成功
2016-12-05T05:38:18: 读取文件成功
2016-12-05T05:38:28: 读取文件成功
2016-12-05T05:38:38: 读取文件成功
2016-12-05T05:38:48: 读取文件成功
2016-12-05T05:38:58: 读取文件成功
2016-12-05T05:39:08: 读取文件成功
2016-12-05T05:39:18: 读取文件成功
2016-12-05T05:39:28: 读取文件成功
2016-12-05T05:39:38: 读取文件成功
2016-12-05T05:39:48: 读取文件成功
2016-12-05T05:39:58: 读取文件成功
2016-12-05T05:40:08: 读取文件成功
2016-12-05T05:40:18: 读取文件成功
2016-12-05T05:40:28: 读取文件成功
2016-12-05T05:40:38: 读取文件成功
2016-12-05T05:40:48: 读取文件成功
2016-12-05T05:40:58: 读取文件成功
2016-12-05T05:41:08: 读取文件成功
2016-12-05T05:41:18: 读取文件成功
2016-12-05T05:41:28: 读取文件成功
2016-12-05T05:41:38: 读取文件成功
2016-12-05T05:41:48: 读取文件成功
2016-12-05T05:41:58: 读取文件成功
2016-12-05T05:42:08: 读取文件成功
2016-12-05T05:42:18: 读取文件成功
2016-12-05T05:42:28: 读取文件成功
2016-12-05T05:42:38: 读取文件成功
2016-12-05T05:42:48: 读取文件成功
2016-12-05T05:42:58: 读取文件成功
2016-12-05T05:43:08: 读取文件成功
2016-12-05T05:43:18: 读取文件成功
2016-12-05T05:43:28: 读取文件成功
2016-12-05T05:43:38: 读取文件成功
2016-12-05T05:43:48: 读取文件成功
2016-12-05T05:43:58: 读取文件成功
2016-12-05T05:44:08: 读取文件成功
2016-12-05T05:44:18: 读取文件成功
2016-12-05T05:44:28: 读取文件成功
2016-12-05T05:44:38: 读取文件成功
2016-12-05T05:44:48: 读取文件成功
2016-12-05T05:44:58: 读取文件成功
2016-12-05T05:45:08: 读取文件成功
2016-12-05T05:45:18: 读取文件成功
2016-12-05T05:45:28: 读取文件成功
2016-12-05T05:45:38: 读取文件成功
2016-12-05T05:45:48: 读取文件成功
2016-12-05T05:45:58: 读取文件成功
2016-12-05T05:46:08: 读取文件成功
2016-12-05T05:46:18: 读取文件成功
2016-12-05T05:46:28: 读取文件成功
2016-12-05T05:46:38: 读取文件成功
2016-12-05T05:46:49: 读取文件成功
2016-12-05T05:46:59: 读取文件成功
2016-12-05T05:47:09: 读取文件成功
2016-12-05T05:47:19: 读取文件成功
2016-12-05T05:47:29: 读取文件成功
2016-12-05T05:47:39: 读取文件成功
2016-12-05T05:47:49: 读取文件成功
2016-12-05T05:47:59: 读取文件成功
2016-12-05T05:48:09: 读取文件成功
2016-12-05T05:48:19: 读取文件成功
2016-12-05T05:48:29: 读取文件成功
2016-12-05T05:48:39: 读取文件成功
2016-12-05T05:48:49: 读取文件成功
2016-12-05T05:48:59: 读取文件成功
2016-12-05T05:49:09: 读取文件成功
2016-12-05T05:49:19: 读取文件成功
2016-12-05T05:49:29: 读取文件成功
2016-12-05T05:49:39: 读取文件成功
2016-12-05T05:49:49: 读取文件成功
2016-12-05T05:49:59: 读取文件成功
2016-12-05T05:50:09: 读取文件成功
2016-12-05T05:50:19: 读取文件成功
2016-12-05T05:50:29: 读取文件成功
2016-12-05T05:50:39: 读取文件成功
2016-12-05T05:50:49: 读取文件成功
2016-12-05T05:50:59: 读取文件成功
2016-12-05T05:51:09: 读取文件成功
2016-12-05T05:51:19: 读取文件成功
2016-12-05T05:51:29: 读取文件成功
2016-12-05T05:51:39: 读取文件成功
2016-12-05T05:51:49: 读取文件成功
2016-12-05T05:51:59: 读取文件成功
2016-12-05T05:52:09: 读取文件成功
2016-12-05T05:52:19: 读取文件成功
2016-12-05T05:52:29: 读取文件成功
2016-12-05T05:52:39: 读取文件成功
2016-12-05T05:52:49: 读取文件成功
2016-12-05T05:52:59: 读取文件成功
2016-12-05T05:53:09: 读取文件成功
2016-12-05T05:53:19: 读取文件成功
2016-12-05T05:53:29: 读取文件成功
2016-12-05T05:53:39: 读取文件成功
2016-12-05T05:53:49: 读取文件成功
2016-12-05T05:53:59: 读取文件成功
2016-12-05T05:54:09: 读取文件成功
2016-12-05T05:54:19: 读取文件成功
2016-12-05T05:54:29: 读取文件成功
2016-12-05T05:54:39: 读取文件成功
2016-12-05T05:54:49: 读取文件成功
2016-12-05T05:54:59: 读取文件成功
2016-12-05T05:55:09: 读取文件成功
2016-12-05T05:55:19: 读取文件成功
2016-12-05T05:55:29: 读取文件成功
2016-12-05T05:55:39: 读取文件成功
2016-12-05T05:55:49: 读取文件成功
2016-12-05T05:55:59: 读取文件成功
2016-12-05T05:56:09: 读取文件成功
2016-12-05T05:56:19: 读取文件成功
2016-12-05T05:56:29: 读取文件成功
2016-12-05T05:56:39: 读取文件成功
2016-12-05T05:56:49: 读取文件成功
2016-12-05T05:56:59: 读取文件成功
2016-12-05T05:57:09: 读取文件成功
2016-12-05T05:57:19: 读取文件成功
2016-12-05T05:57:29: 读取文件成功
2016-12-05T05:57:39: 读取文件成功
2016-12-05T05:57:49: 读取文件成功
2016-12-05T05:57:59: 读取文件成功
2016-12-05T05:58:09: 读取文件成功
2016-12-05T05:58:19: 读取文件成功
2016-12-05T05:58:29: 读取文件成功
2016-12-05T05:58:39: 读取文件成功
2016-12-05T05:58:49: 读取文件成功
2016-12-05T05:58:59: 读取文件成功
2016-12-05T05:59:09: 读取文件成功
2016-12-05T05:59:19: 读取文件成功
2016-12-05T05:59:29: 读取文件成功
2016-12-05T05:59:39: 读取文件成功
2016-12-05T05:59:49: 读取文件成功
2016-12-05T05:59:59: 读取文件成功
2016-12-05T06:00:09: 读取文件成功
2016-12-05T06:00:19: 读取文件成功
2016-12-05T06:00:29: 读取文件成功
2016-12-05T06:00:39: 读取文件成功
2016-12-05T06:00:49: 读取文件成功
2016-12-05T06:00:59: 读取文件成功
2016-12-05T06:01:09: 读取文件成功
2016-12-05T06:01:19: 读取文件成功
2016-12-05T06:01:29: 读取文件成功
2016-12-05T06:01:39: 读取文件成功
2016-12-05T06:01:49: 读取文件成功
2016-12-05T06:01:59: 读取文件成功
2016-12-05T06:02:09: 读取文件成功
2016-12-05T06:02:19: 读取文件成功
2016-12-05T06:02:29: 读取文件成功
2016-12-05T06:02:39: 读取文件成功
2016-12-05T06:02:49: 读取文件成功
2016-12-05T06:02:59: 读取文件成功
2016-12-05T06:03:09: 读取文件成功
2016-12-05T06:03:19: 读取文件成功
2016-12-05T06:03:29: 读取文件成功
2016-12-05T06:03:39: 读取文件成功
2016-12-05T06:03:49: 读取文件成功
2016-12-05T06:03:59: 读取文件成功
2016-12-05T06:04:09: 读取文件成功
2016-12-05T06:04:19: 读取文件成功
2016-12-05T06:04:29: 读取文件成功
2016-12-05T06:04:39: 读取文件成功
2016-12-05T06:04:49: 读取文件成功
2016-12-05T06:04:59: 读取文件成功
2016-12-05T06:05:09: 读取文件成功
2016-12-05T06:05:19: 读取文件成功
2016-12-05T06:05:29: 读取文件成功
2016-12-05T06:05:39: 读取文件成功
2016-12-05T06:05:50: 读取文件成功
2016-12-05T06:06:00: 读取文件成功
2016-12-05T06:06:10: 读取文件成功
2016-12-05T06:06:20: 读取文件成功
2016-12-05T06:06:30: 读取文件成功
2016-12-05T06:06:40: 读取文件成功
2016-12-05T06:06:50: 读取文件成功
2016-12-05T06:07:00: 读取文件成功
2016-12-05T06:07:10: 读取文件成功
2016-12-05T06:07:20: 读取文件成功
2016-12-05T06:07:30: 读取文件成功
2016-12-05T06:07:40: 读取文件成功
2016-12-05T06:07:50: 读取文件成功
2016-12-05T06:08:00: 读取文件成功
2016-12-05T06:08:10: 读取文件成功
2016-12-05T06:08:20: 读取文件成功
2016-12-05T06:08:30: 读取文件成功
2016-12-05T06:08:40: 读取文件成功
2016-12-05T06:08:50: 读取文件成功
2016-12-05T06:09:00: 读取文件成功
2016-12-05T06:09:10: 读取文件成功
2016-12-05T06:09:20: 读取文件成功
2016-12-05T06:09:30: 读取文件成功
2016-12-05T06:09:40: 读取文件成功
2016-12-05T06:09:50: 读取文件成功
2016-12-05T06:10:00: 读取文件成功
2016-12-05T06:10:10: 读取文件成功
2016-12-05T06:10:20: 读取文件成功
2016-12-05T06:10:30: 读取文件成功
2016-12-05T06:10:40: 读取文件成功
2016-12-05T06:10:50: 读取文件成功
2016-12-05T06:11:00: 读取文件成功
2016-12-05T06:11:10: 读取文件成功
2016-12-05T06:11:20: 读取文件成功
2016-12-05T06:11:30: 读取文件成功
2016-12-05T06:11:40: 读取文件成功
2016-12-05T06:11:50: 读取文件成功
2016-12-05T06:12:00: 读取文件成功
2016-12-05T06:12:10: 读取文件成功
2016-12-05T06:12:20: 读取文件成功
2016-12-05T06:12:30: 读取文件成功
2016-12-05T06:12:40: 读取文件成功
2016-12-05T06:12:50: 读取文件成功
2016-12-05T06:13:00: 读取文件成功
2016-12-05T06:13:10: 读取文件成功
2016-12-05T06:13:20: 读取文件成功
2016-12-05T06:13:30: 读取文件成功
2016-12-05T06:13:40: 读取文件成功
2016-12-05T06:13:50: 读取文件成功
2016-12-05T06:14:00: 读取文件成功
2016-12-05T06:14:10: 读取文件成功
2016-12-05T06:14:20: 读取文件成功
2016-12-05T06:14:30: 读取文件成功
2016-12-05T06:14:40: 读取文件成功
2016-12-05T06:14:50: 读取文件成功
2016-12-05T06:15:00: 读取文件成功
2016-12-05T06:15:10: 读取文件成功
2016-12-05T06:15:20: 读取文件成功
2016-12-05T06:15:30: 读取文件成功
2016-12-05T06:15:40: 读取文件成功
2016-12-05T06:15:50: 读取文件成功
2016-12-05T06:16:00: 读取文件成功
2016-12-05T06:16:10: 读取文件成功
2016-12-05T06:16:20: 读取文件成功
2016-12-05T06:16:30: 读取文件成功
2016-12-05T06:16:40: 读取文件成功
2016-12-05T06:16:50: 读取文件成功
2016-12-05T06:17:00: 读取文件成功
2016-12-05T06:17:10: 读取文件成功
2016-12-05T06:17:20: 读取文件成功
2016-12-05T06:17:30: 读取文件成功
2016-12-05T06:17:40: 读取文件成功
2016-12-05T06:17:50: 读取文件成功
2016-12-05T06:18:00: 读取文件成功
2016-12-05T06:18:10: 读取文件成功
2016-12-05T06:18:20: 读取文件成功
2016-12-05T06:18:30: 读取文件成功
2016-12-05T06:18:40: 读取文件成功
2016-12-05T06:18:50: 读取文件成功
2016-12-05T06:19:00: 读取文件成功
2016-12-05T06:19:10: 读取文件成功
2016-12-05T06:19:20: 读取文件成功
2016-12-05T06:19:30: 读取文件成功
2016-12-05T06:19:40: 读取文件成功
2016-12-05T06:19:50: 读取文件成功
2016-12-05T06:20:00: 读取文件成功
2016-12-05T06:20:10: 读取文件成功
2016-12-05T06:20:20: 读取文件成功
2016-12-05T06:20:30: 读取文件成功
2016-12-05T06:20:40: 读取文件成功
2016-12-05T06:20:50: 读取文件成功
2016-12-05T06:21:00: 读取文件成功
2016-12-05T06:21:10: 读取文件成功
2016-12-05T06:21:20: 读取文件成功
2016-12-05T06:21:30: 读取文件成功
2016-12-05T06:21:40: 读取文件成功
2016-12-05T06:21:50: 读取文件成功
2016-12-05T06:22:00: 读取文件成功
2016-12-05T06:22:10: 读取文件成功
2016-12-05T06:22:20: 读取文件成功
2016-12-05T06:22:30: 读取文件成功
2016-12-05T06:22:40: 读取文件成功
2016-12-05T06:22:50: 读取文件成功
2016-12-05T06:23:00: 读取文件成功
2016-12-05T06:23:10: 读取文件成功
2016-12-05T06:23:20: 读取文件成功
2016-12-05T06:23:30: 读取文件成功
2016-12-05T06:23:40: 读取文件成功
2016-12-05T06:23:50: 读取文件成功
2016-12-05T06:24:00: 读取文件成功
2016-12-05T06:24:11: 读取文件成功
2016-12-05T06:24:20: 读取文件成功
2016-12-05T06:24:30: 读取文件成功
2016-12-05T06:24:40: 读取文件成功
2016-12-05T06:24:50: 读取文件成功
2016-12-05T06:25:01: 读取文件成功
2016-12-05T06:25:11: 读取文件成功
2016-12-05T06:25:21: 读取文件成功
2016-12-05T06:25:31: 读取文件成功
2016-12-05T06:25:41: 读取文件成功
2016-12-05T06:25:51: 读取文件成功
2016-12-05T06:26:01: 读取文件成功
2016-12-05T06:26:11: 读取文件成功
2016-12-05T06:26:21: 读取文件成功
2016-12-05T06:26:31: 读取文件成功
2016-12-05T06:26:41: 读取文件成功
2016-12-05T06:26:51: 读取文件成功
2016-12-05T06:27:01: 读取文件成功
2016-12-05T06:27:11: 读取文件成功
2016-12-05T06:27:21: 读取文件成功
2016-12-05T06:27:31: 读取文件成功
2016-12-05T06:27:41: 读取文件成功
2016-12-05T06:27:51: 读取文件成功
2016-12-05T06:28:01: 读取文件成功
2016-12-05T06:28:11: 读取文件成功
2016-12-05T06:28:21: 读取文件成功
2016-12-05T06:28:31: 读取文件成功
2016-12-05T06:28:41: 读取文件成功
2016-12-05T06:28:51: 读取文件成功
2016-12-05T06:29:01: 读取文件成功
2016-12-05T06:29:11: 读取文件成功
2016-12-05T06:29:21: 读取文件成功
2016-12-05T06:29:31: 读取文件成功
2016-12-05T06:29:41: 读取文件成功
2016-12-05T06:29:51: 读取文件成功
2016-12-05T06:30:01: 读取文件成功
2016-12-05T06:30:11: 读取文件成功
2016-12-05T06:30:21: 读取文件成功
2016-12-05T06:30:31: 读取文件成功
2016-12-05T06:30:41: 读取文件成功
2016-12-05T06:30:51: 读取文件成功
2016-12-05T06:31:01: 读取文件成功
2016-12-05T06:31:11: 读取文件成功
2016-12-05T06:31:21: 读取文件成功
2016-12-05T06:31:31: 读取文件成功
2016-12-05T06:31:41: 读取文件成功
2016-12-05T06:31:51: 读取文件成功
2016-12-05T06:32:01: 读取文件成功
2016-12-05T06:32:11: 读取文件成功
2016-12-05T06:32:21: 读取文件成功
2016-12-05T06:32:31: 读取文件成功
2016-12-05T06:32:41: 读取文件成功
2016-12-05T06:32:51: 读取文件成功
2016-12-05T06:33:01: 读取文件成功
2016-12-05T06:33:11: 读取文件成功
2016-12-05T06:33:21: 读取文件成功
2016-12-05T06:33:31: 读取文件成功
2016-12-05T06:33:41: 读取文件成功
2016-12-05T06:33:51: 读取文件成功
2016-12-05T06:34:01: 读取文件成功
2016-12-05T06:34:11: 读取文件成功
2016-12-05T06:34:21: 读取文件成功
2016-12-05T06:34:31: 读取文件成功
2016-12-05T06:34:41: 读取文件成功
2016-12-05T06:34:51: 读取文件成功
2016-12-05T06:35:01: 读取文件成功
2016-12-05T06:35:11: 读取文件成功
2016-12-05T06:35:21: 读取文件成功
2016-12-05T06:35:31: 读取文件成功
2016-12-05T06:35:41: 读取文件成功
2016-12-05T06:35:51: 读取文件成功
2016-12-05T06:36:01: 读取文件成功
2016-12-05T06:36:11: 读取文件成功
2016-12-05T06:36:21: 读取文件成功
2016-12-05T06:36:31: 读取文件成功
2016-12-05T06:36:41: 读取文件成功
2016-12-05T06:36:51: 读取文件成功
2016-12-05T06:37:01: 读取文件成功
2016-12-05T06:37:11: 读取文件成功
2016-12-05T06:37:21: 读取文件成功
2016-12-05T06:37:31: 读取文件成功
2016-12-05T06:37:41: 读取文件成功
2016-12-05T06:37:51: 读取文件成功
2016-12-05T06:38:01: 读取文件成功
2016-12-05T06:38:11: 读取文件成功
2016-12-05T06:38:21: 读取文件成功
2016-12-05T06:38:31: 读取文件成功
2016-12-05T06:38:41: 读取文件成功
2016-12-05T06:38:51: 读取文件成功
2016-12-05T06:39:01: 读取文件成功
2016-12-05T06:39:11: 读取文件成功
2016-12-05T06:39:21: 读取文件成功
2016-12-05T06:39:31: 读取文件成功
2016-12-05T06:39:41: 读取文件成功
2016-12-05T06:39:51: 读取文件成功
2016-12-05T06:40:01: 读取文件成功
2016-12-05T06:40:11: 读取文件成功
2016-12-05T06:40:21: 读取文件成功
2016-12-05T06:40:31: 读取文件成功
2016-12-05T06:40:41: 读取文件成功
2016-12-05T06:40:51: 读取文件成功
2016-12-05T06:41:01: 读取文件成功
2016-12-05T06:41:11: 读取文件成功
2016-12-05T06:41:21: 读取文件成功
2016-12-05T06:41:31: 读取文件成功
2016-12-05T06:41:41: 读取文件成功
2016-12-05T06:41:51: 读取文件成功
2016-12-05T06:42:01: 读取文件成功
2016-12-05T06:42:11: 读取文件成功
2016-12-05T06:42:21: 读取文件成功
2016-12-05T06:42:31: 读取文件成功
2016-12-05T06:42:41: 读取文件成功
2016-12-05T06:42:51: 读取文件成功
2016-12-05T06:43:01: 读取文件成功
2016-12-05T06:43:12: 读取文件成功
2016-12-05T06:43:21: 读取文件成功
2016-12-05T06:43:32: 读取文件成功
2016-12-05T06:43:42: 读取文件成功
2016-12-05T06:43:52: 读取文件成功
2016-12-05T06:44:02: 读取文件成功
2016-12-05T06:44:12: 读取文件成功
2016-12-05T06:44:22: 读取文件成功
2016-12-05T06:44:32: 读取文件成功
2016-12-05T06:44:42: 读取文件成功
2016-12-05T06:44:52: 读取文件成功
2016-12-05T06:45:02: 读取文件成功
2016-12-05T06:45:12: 读取文件成功
2016-12-05T06:45:22: 读取文件成功
2016-12-05T06:45:32: 读取文件成功
2016-12-05T06:45:42: 读取文件成功
2016-12-05T06:45:52: 读取文件成功
2016-12-05T06:46:02: 读取文件成功
2016-12-05T06:46:12: 读取文件成功
2016-12-05T06:46:22: 读取文件成功
2016-12-05T06:46:32: 读取文件成功
2016-12-05T06:46:42: 读取文件成功
2016-12-05T06:46:52: 读取文件成功
2016-12-05T06:47:02: 读取文件成功
2016-12-05T06:47:12: 读取文件成功
2016-12-05T06:47:22: 读取文件成功
2016-12-05T06:47:32: 读取文件成功
2016-12-05T06:47:42: 读取文件成功
2016-12-05T06:47:52: 读取文件成功
2016-12-05T06:48:02: 读取文件成功
2016-12-05T06:48:12: 读取文件成功
2016-12-05T06:48:22: 读取文件成功
2016-12-05T06:48:32: 读取文件成功
2016-12-05T06:48:42: 读取文件成功
2016-12-05T06:48:52: 读取文件成功
2016-12-05T06:49:02: 读取文件成功
2016-12-05T06:49:12: 读取文件成功
2016-12-05T06:49:22: 读取文件成功
2016-12-05T06:49:32: 读取文件成功
2016-12-05T06:49:42: 读取文件成功
2016-12-05T06:49:52: 读取文件成功
2016-12-05T06:50:02: 读取文件成功
2016-12-05T06:50:12: 读取文件成功
2016-12-05T06:50:22: 读取文件成功
2016-12-05T06:50:32: 读取文件成功
2016-12-05T06:50:42: 读取文件成功
2016-12-05T06:50:52: 读取文件成功
2016-12-05T06:51:02: 读取文件成功
2016-12-05T06:51:12: 读取文件成功
2016-12-05T06:51:22: 读取文件成功
2016-12-05T06:51:32: 读取文件成功
2016-12-05T06:51:42: 读取文件成功
2016-12-05T06:51:52: 读取文件成功
2016-12-05T06:52:02: 读取文件成功
2016-12-05T06:52:12: 读取文件成功
2016-12-05T06:52:22: 读取文件成功
2016-12-05T06:52:32: 读取文件成功
2016-12-05T06:52:42: 读取文件成功
2016-12-05T06:52:52: 读取文件成功
2016-12-05T06:53:02: 读取文件成功
2016-12-05T06:53:12: 读取文件成功
2016-12-05T06:53:22: 读取文件成功
2016-12-05T06:53:32: 读取文件成功
2016-12-05T06:53:42: 读取文件成功
2016-12-05T06:53:52: 读取文件成功
2016-12-05T06:54:02: 读取文件成功
2016-12-05T06:54:12: 读取文件成功
2016-12-05T06:54:22: 读取文件成功
2016-12-05T06:54:32: 读取文件成功
2016-12-05T06:54:42: 读取文件成功
2016-12-05T06:54:52: 读取文件成功
2016-12-05T06:55:02: 读取文件成功
2016-12-05T06:55:12: 读取文件成功
2016-12-05T06:55:22: 读取文件成功
2016-12-05T06:55:32: 读取文件成功
2016-12-05T06:55:42: 读取文件成功
2016-12-05T06:55:52: 读取文件成功
2016-12-05T06:56:02: 读取文件成功
2016-12-05T06:56:12: 读取文件成功
2016-12-05T06:56:22: 读取文件成功
2016-12-05T06:56:32: 读取文件成功
2016-12-05T06:56:42: 读取文件成功
2016-12-05T06:56:52: 读取文件成功
2016-12-05T06:57:02: 读取文件成功
2016-12-05T06:57:12: 读取文件成功
2016-12-05T06:57:22: 读取文件成功
2016-12-05T06:57:32: 读取文件成功
2016-12-05T06:57:42: 读取文件成功
2016-12-05T06:57:52: 读取文件成功
2016-12-05T06:58:02: 读取文件成功
2016-12-05T06:58:12: 读取文件成功
2016-12-05T06:58:22: 读取文件成功
2016-12-05T06:58:32: 读取文件成功
2016-12-05T06:58:42: 读取文件成功
2016-12-05T06:58:52: 读取文件成功
2016-12-05T06:59:02: 读取文件成功
2016-12-05T06:59:12: 读取文件成功
2016-12-05T06:59:22: 读取文件成功
2016-12-05T06:59:32: 读取文件成功
2016-12-05T06:59:42: 读取文件成功
2016-12-05T06:59:52: 读取文件成功
2016-12-05T07:00:03: 读取文件成功
2016-12-05T07:00:12: 读取文件成功
2016-12-05T07:00:22: 读取文件成功
2016-12-05T07:00:32: 读取文件成功
2016-12-05T07:00:42: 读取文件成功
2016-12-05T07:00:52: 读取文件成功
2016-12-05T07:01:02: 读取文件成功
2016-12-05T07:01:12: 读取文件成功
2016-12-05T07:01:22: 读取文件成功
2016-12-05T07:01:32: 读取文件成功
2016-12-05T07:01:42: 读取文件成功
2016-12-05T07:01:52: 读取文件成功
2016-12-05T07:02:02: 读取文件成功
2016-12-05T07:02:12: 读取文件成功
2016-12-05T07:02:22: 读取文件成功
2016-12-05T07:02:32: 读取文件成功
2016-12-05T07:02:42: 读取文件成功
2016-12-05T07:02:52: 读取文件成功
2016-12-05T07:03:03: 读取文件成功
2016-12-05T07:03:12: 读取文件成功
2016-12-05T07:03:23: 读取文件成功
2016-12-05T07:03:32: 读取文件成功
2016-12-05T07:03:43: 读取文件成功
2016-12-05T07:03:53: 读取文件成功
2016-12-05T07:04:03: 读取文件成功
2016-12-05T07:04:13: 读取文件成功
2016-12-05T07:04:23: 读取文件成功
2016-12-05T07:04:33: 读取文件成功
2016-12-05T07:04:43: 读取文件成功
2016-12-05T07:04:53: 读取文件成功
2016-12-05T07:05:03: 读取文件成功
2016-12-05T07:05:13: 读取文件成功
2016-12-05T07:05:23: 读取文件成功
2016-12-05T07:05:33: 读取文件成功
2016-12-05T07:05:43: 读取文件成功
2016-12-05T07:05:53: 读取文件成功
2016-12-05T07:06:03: 读取文件成功
2016-12-05T07:06:13: 读取文件成功
2016-12-05T07:06:23: 读取文件成功
2016-12-05T07:06:33: 读取文件成功
2016-12-05T07:06:43: 读取文件成功
2016-12-05T07:06:53: 读取文件成功
2016-12-05T07:07:03: 读取文件成功
2016-12-05T07:07:13: 读取文件成功
2016-12-05T07:07:23: 读取文件成功
2016-12-05T07:07:33: 读取文件成功
2016-12-05T07:07:43: 读取文件成功
2016-12-05T07:07:53: 读取文件成功
2016-12-05T07:08:03: 读取文件成功
2016-12-05T07:08:13: 读取文件成功
2016-12-05T07:08:23: 读取文件成功
2016-12-05T07:08:33: 读取文件成功
2016-12-05T07:08:43: 读取文件成功
2016-12-05T07:08:53: 读取文件成功
2016-12-05T07:09:03: 读取文件成功
2016-12-05T07:09:13: 读取文件成功
2016-12-05T07:09:23: 读取文件成功
2016-12-05T07:09:33: 读取文件成功
2016-12-05T07:09:43: 读取文件成功
2016-12-05T07:09:53: 读取文件成功
2016-12-05T07:10:03: 读取文件成功
2016-12-05T07:10:13: 读取文件成功
2016-12-05T07:10:23: 读取文件成功
2016-12-05T07:10:33: 读取文件成功
2016-12-05T07:10:43: 读取文件成功
2016-12-05T07:10:53: 读取文件成功
2016-12-05T07:11:03: 读取文件成功
2016-12-05T07:11:13: 读取文件成功
2016-12-05T07:11:23: 读取文件成功
2016-12-05T07:11:33: 读取文件成功
2016-12-05T07:11:43: 读取文件成功
2016-12-05T07:11:53: 读取文件成功
2016-12-05T07:12:03: 读取文件成功
2016-12-05T07:12:13: 读取文件成功
2016-12-05T07:12:23: 读取文件成功
2016-12-05T07:12:33: 读取文件成功
2016-12-05T07:12:43: 读取文件成功
2016-12-05T07:12:53: 读取文件成功
2016-12-05T07:13:03: 读取文件成功
2016-12-05T07:13:13: 读取文件成功
2016-12-05T07:13:23: 读取文件成功
2016-12-05T07:13:33: 读取文件成功
2016-12-05T07:13:43: 读取文件成功
2016-12-05T07:13:53: 读取文件成功
2016-12-05T07:14:03: 读取文件成功
2016-12-05T07:14:13: 读取文件成功
2016-12-05T07:14:23: 读取文件成功
2016-12-05T07:14:33: 读取文件成功
2016-12-05T07:14:43: 读取文件成功
2016-12-05T07:14:53: 读取文件成功
2016-12-05T07:15:03: 读取文件成功
2016-12-05T07:15:13: 读取文件成功
2016-12-05T07:15:23: 读取文件成功
2016-12-05T07:15:33: 读取文件成功
2016-12-05T07:15:43: 读取文件成功
2016-12-05T07:15:53: 读取文件成功
2016-12-05T07:16:03: 读取文件成功
2016-12-05T07:16:13: 读取文件成功
2016-12-05T07:16:23: 读取文件成功
2016-12-05T07:16:33: 读取文件成功
2016-12-05T07:16:43: 读取文件成功
2016-12-05T07:16:53: 读取文件成功
2016-12-05T07:17:03: 读取文件成功
2016-12-05T07:17:13: 读取文件成功
2016-12-05T07:17:23: 读取文件成功
2016-12-05T07:17:33: 读取文件成功
2016-12-05T07:17:43: 读取文件成功
2016-12-05T07:17:53: 读取文件成功
2016-12-05T07:18:03: 读取文件成功
2016-12-05T07:18:13: 读取文件成功
2016-12-05T07:18:23: 读取文件成功
2016-12-05T07:18:33: 读取文件成功
2016-12-05T07:18:43: 读取文件成功
2016-12-05T07:18:53: 读取文件成功
2016-12-05T07:19:03: 读取文件成功
2016-12-05T07:19:13: 读取文件成功
2016-12-05T07:19:23: 读取文件成功
2016-12-05T07:19:33: 读取文件成功
2016-12-05T07:19:43: 读取文件成功
2016-12-05T07:19:53: 读取文件成功
2016-12-05T07:20:03: 读取文件成功
2016-12-05T07:20:13: 读取文件成功
2016-12-05T07:20:23: 读取文件成功
2016-12-05T07:20:33: 读取文件成功
2016-12-05T07:20:43: 读取文件成功
2016-12-05T07:20:53: 读取文件成功
2016-12-05T07:21:03: 读取文件成功
2016-12-05T07:21:13: 读取文件成功
2016-12-05T07:21:23: 读取文件成功
2016-12-05T07:21:33: 读取文件成功
2016-12-05T07:21:43: 读取文件成功
2016-12-05T07:21:53: 读取文件成功
2016-12-05T07:22:03: 读取文件成功
2016-12-05T07:22:13: 读取文件成功
2016-12-05T07:22:23: 读取文件成功
2016-12-05T07:22:33: 读取文件成功
2016-12-05T07:22:43: 读取文件成功
2016-12-05T07:22:53: 读取文件成功
2016-12-05T07:23:03: 读取文件成功
2016-12-05T07:23:13: 读取文件成功
2016-12-05T07:23:23: 读取文件成功
2016-12-05T07:23:34: 读取文件成功
2016-12-05T07:23:44: 读取文件成功
2016-12-05T07:23:54: 读取文件成功
2016-12-05T07:24:04: 读取文件成功
2016-12-05T07:24:14: 读取文件成功
2016-12-05T07:24:24: 读取文件成功
2016-12-05T07:24:34: 读取文件成功
2016-12-05T07:24:44: 读取文件成功
2016-12-05T07:24:54: 读取文件成功
2016-12-05T07:25:04: 读取文件成功
2016-12-05T07:25:14: 读取文件成功
2016-12-05T07:25:24: 读取文件成功
2016-12-05T07:25:34: 读取文件成功
2016-12-05T07:25:44: 读取文件成功
2016-12-05T07:25:54: 读取文件成功
2016-12-05T07:26:04: 读取文件成功
2016-12-05T07:26:14: 读取文件成功
2016-12-05T07:26:24: 读取文件成功
2016-12-05T07:26:34: 读取文件成功
2016-12-05T07:26:44: 读取文件成功
2016-12-05T07:26:54: 读取文件成功
2016-12-05T07:27:04: 读取文件成功
2016-12-05T07:27:14: 读取文件成功
2016-12-05T07:27:24: 读取文件成功
2016-12-05T07:27:34: 读取文件成功
2016-12-05T07:27:44: 读取文件成功
2016-12-05T07:27:54: 读取文件成功
2016-12-05T07:28:04: 读取文件成功
2016-12-05T07:28:14: 读取文件成功
2016-12-05T07:28:24: 读取文件成功
2016-12-05T07:28:34: 读取文件成功
2016-12-05T07:28:44: 读取文件成功
2016-12-05T07:28:54: 读取文件成功
2016-12-05T07:29:04: 读取文件成功
2016-12-05T07:29:14: 读取文件成功
2016-12-05T07:29:24: 读取文件成功
2016-12-05T07:29:34: 读取文件成功
2016-12-05T07:29:44: 读取文件成功
2016-12-05T07:29:54: 读取文件成功
2016-12-05T07:30:04: 读取文件成功
2016-12-05T07:30:14: 读取文件成功
2016-12-05T07:30:24: 读取文件成功
2016-12-05T07:30:34: 读取文件成功
2016-12-05T07:30:44: 读取文件成功
2016-12-05T07:30:54: 读取文件成功
2016-12-05T07:31:04: 读取文件成功
2016-12-05T07:31:14: 读取文件成功
2016-12-05T07:31:24: 读取文件成功
2016-12-05T07:31:34: 读取文件成功
2016-12-05T07:31:44: 读取文件成功
2016-12-05T07:31:54: 读取文件成功
2016-12-05T07:32:04: 读取文件成功
2016-12-05T07:32:14: 读取文件成功
2016-12-05T07:32:24: 读取文件成功
2016-12-05T07:32:34: 读取文件成功
2016-12-05T07:32:44: 读取文件成功
2016-12-05T07:32:54: 读取文件成功
2016-12-05T07:33:04: 读取文件成功
2016-12-05T07:33:14: 读取文件成功
2016-12-05T07:33:24: 读取文件成功
2016-12-05T07:33:34: 读取文件成功
2016-12-05T07:33:44: 读取文件成功
2016-12-05T07:33:54: 读取文件成功
2016-12-05T07:34:04: 读取文件成功
2016-12-05T07:34:14: 读取文件成功
2016-12-05T07:34:24: 读取文件成功
2016-12-05T07:34:34: 读取文件成功
2016-12-05T07:34:44: 读取文件成功
2016-12-05T07:34:54: 读取文件成功
2016-12-05T07:35:04: 读取文件成功
2016-12-05T07:35:14: 读取文件成功
2016-12-05T07:35:24: 读取文件成功
2016-12-05T07:35:34: 读取文件成功
2016-12-05T07:35:44: 读取文件成功
2016-12-05T07:35:54: 读取文件成功
2016-12-05T07:36:04: 读取文件成功
2016-12-05T07:36:14: 读取文件成功
2016-12-05T07:36:24: 读取文件成功
2016-12-05T07:36:34: 读取文件成功
2016-12-05T07:36:44: 读取文件成功
2016-12-05T07:36:54: 读取文件成功
2016-12-05T07:37:04: 读取文件成功
2016-12-05T07:37:14: 读取文件成功
2016-12-05T07:37:24: 读取文件成功
2016-12-05T07:37:34: 读取文件成功
2016-12-05T07:37:44: 读取文件成功
2016-12-05T07:37:54: 读取文件成功
2016-12-05T07:38:04: 读取文件成功
2016-12-05T07:38:14: 读取文件成功
2016-12-05T07:38:24: 读取文件成功
2016-12-05T07:38:34: 读取文件成功
2016-12-05T07:38:44: 读取文件成功
2016-12-05T07:38:54: 读取文件成功
2016-12-05T07:39:04: 读取文件成功
2016-12-05T07:39:14: 读取文件成功
2016-12-05T07:39:24: 读取文件成功
2016-12-05T07:39:34: 读取文件成功
2016-12-05T07:39:44: 读取文件成功
2016-12-05T07:39:54: 读取文件成功
2016-12-05T07:40:04: 读取文件成功
2016-12-05T07:40:14: 读取文件成功
2016-12-05T07:40:24: 读取文件成功
2016-12-05T07:40:34: 读取文件成功
2016-12-05T07:40:44: 读取文件成功
2016-12-05T07:40:54: 读取文件成功
2016-12-05T07:41:05: 读取文件成功
2016-12-05T07:41:14: 读取文件成功
2016-12-05T07:41:24: 读取文件成功
2016-12-05T07:41:35: 读取文件成功
2016-12-05T07:41:45: 读取文件成功
2016-12-05T07:41:55: 读取文件成功
2016-12-05T07:42:05: 读取文件成功
2016-12-05T07:42:15: 读取文件成功
2016-12-05T07:42:25: 读取文件成功
2016-12-05T07:42:35: 读取文件成功
2016-12-05T07:42:45: 读取文件成功
2016-12-05T07:42:55: 读取文件成功
2016-12-05T07:43:05: 读取文件成功
2016-12-05T07:43:15: 读取文件成功
2016-12-05T07:43:25: 读取文件成功
2016-12-05T07:43:35: 读取文件成功
2016-12-05T07:43:45: 读取文件成功
2016-12-05T07:43:55: 读取文件成功
2016-12-05T07:44:05: 读取文件成功
2016-12-05T07:44:15: 读取文件成功
2016-12-05T07:44:25: 读取文件成功
2016-12-05T07:44:35: 读取文件成功
2016-12-05T07:44:45: 读取文件成功
2016-12-05T07:44:55: 读取文件成功
2016-12-05T07:45:05: 读取文件成功
2016-12-05T07:45:15: 读取文件成功
2016-12-05T07:45:25: 读取文件成功
2016-12-05T07:45:35: 读取文件成功
2016-12-05T07:45:45: 读取文件成功
2016-12-05T07:45:55: 读取文件成功
2016-12-05T07:46:05: 读取文件成功
2016-12-05T07:46:15: 读取文件成功
2016-12-05T07:46:25: 读取文件成功
2016-12-05T07:46:35: 读取文件成功
2016-12-05T07:46:45: 读取文件成功
2016-12-05T07:46:55: 读取文件成功
2016-12-05T07:47:05: 读取文件成功
2016-12-05T07:47:15: 读取文件成功
2016-12-05T07:47:25: 读取文件成功
2016-12-05T07:47:35: 读取文件成功
2016-12-05T07:47:45: 读取文件成功
2016-12-05T07:47:55: 读取文件成功
2016-12-05T07:48:05: 读取文件成功
2016-12-05T07:48:15: 读取文件成功
2016-12-05T07:48:25: 读取文件成功
2016-12-05T07:48:35: 读取文件成功
2016-12-05T07:48:45: 读取文件成功
2016-12-05T07:48:55: 读取文件成功
2016-12-05T07:49:05: 读取文件成功
2016-12-05T07:49:15: 读取文件成功
2016-12-05T07:49:25: 读取文件成功
2016-12-05T07:49:35: 读取文件成功
2016-12-05T07:49:45: 读取文件成功
2016-12-05T07:49:55: 读取文件成功
2016-12-05T07:50:05: 读取文件成功
2016-12-05T07:50:15: 读取文件成功
2016-12-05T07:50:25: 读取文件成功
2016-12-05T07:50:35: 读取文件成功
2016-12-05T07:50:45: 读取文件成功
2016-12-05T07:50:55: 读取文件成功
2016-12-05T07:51:05: 读取文件成功
2016-12-05T07:51:15: 读取文件成功
2016-12-05T07:51:25: 读取文件成功
2016-12-05T07:51:35: 读取文件成功
2016-12-05T07:51:45: 读取文件成功
2016-12-05T07:51:55: 读取文件成功
2016-12-05T07:52:05: 读取文件成功
2016-12-05T07:52:15: 读取文件成功
2016-12-05T07:52:25: 读取文件成功
2016-12-05T07:52:35: 读取文件成功
2016-12-05T07:52:45: 读取文件成功
2016-12-05T07:52:55: 读取文件成功
2016-12-05T07:53:05: 读取文件成功
2016-12-05T07:53:15: 读取文件成功
2016-12-05T07:53:25: 读取文件成功
2016-12-05T07:53:35: 读取文件成功
2016-12-05T07:53:45: 读取文件成功
2016-12-05T07:53:55: 读取文件成功
2016-12-05T07:54:05: 读取文件成功
2016-12-05T07:54:15: 读取文件成功
2016-12-05T07:54:25: 读取文件成功
2016-12-05T07:54:35: 读取文件成功
2016-12-05T07:54:45: 读取文件成功
2016-12-05T07:54:55: 读取文件成功
2016-12-05T07:55:05: 读取文件成功
2016-12-05T07:55:15: 读取文件成功
2016-12-05T07:55:25: 读取文件成功
2016-12-05T07:55:35: 读取文件成功
2016-12-05T07:55:45: 读取文件成功
2016-12-05T07:55:55: 读取文件成功
2016-12-05T07:56:05: 读取文件成功
2016-12-05T07:56:15: 读取文件成功
2016-12-05T07:56:26: 读取文件成功
2016-12-05T07:56:35: 读取文件成功
2016-12-05T07:56:45: 读取文件成功
2016-12-05T07:56:55: 读取文件成功
2016-12-05T07:57:05: 读取文件成功
2016-12-05T07:57:15: 读取文件成功
2016-12-05T07:57:25: 读取文件成功
2016-12-05T07:57:35: 读取文件成功
2016-12-05T07:57:45: 读取文件成功
2016-12-05T07:57:55: 读取文件成功
2016-12-05T07:58:05: 读取文件成功
2016-12-05T07:58:15: 读取文件成功
2016-12-05T07:58:25: 读取文件成功
2016-12-05T07:58:35: 读取文件成功
2016-12-05T07:58:45: 读取文件成功
2016-12-05T07:58:55: 读取文件成功
2016-12-05T07:59:05: 读取文件成功
