2016-12-25T00:00:04: 非记录时间：2016-12-25T00:00:04+08:00
2016-12-25T00:00:14: 非记录时间：2016-12-25T00:00:14+08:00
2016-12-25T00:00:24: 非记录时间：2016-12-25T00:00:24+08:00
2016-12-25T00:00:34: 非记录时间：2016-12-25T00:00:34+08:00
2016-12-25T00:00:44: 非记录时间：2016-12-25T00:00:44+08:00
2016-12-25T00:00:54: 非记录时间：2016-12-25T00:00:54+08:00
2016-12-25T00:01:04: 非记录时间：2016-12-25T00:01:04+08:00
2016-12-25T00:01:14: 非记录时间：2016-12-25T00:01:14+08:00
2016-12-25T00:01:24: 非记录时间：2016-12-25T00:01:24+08:00
2016-12-25T00:01:34: 非记录时间：2016-12-25T00:01:34+08:00
2016-12-25T00:01:44: 非记录时间：2016-12-25T00:01:44+08:00
2016-12-25T00:01:54: 非记录时间：2016-12-25T00:01:54+08:00
2016-12-25T00:02:04: 非记录时间：2016-12-25T00:02:04+08:00
2016-12-25T00:02:14: 非记录时间：2016-12-25T00:02:14+08:00
2016-12-25T00:02:24: 非记录时间：2016-12-25T00:02:24+08:00
2016-12-25T00:02:34: 非记录时间：2016-12-25T00:02:34+08:00
2016-12-25T00:02:44: 非记录时间：2016-12-25T00:02:44+08:00
2016-12-25T00:02:54: 非记录时间：2016-12-25T00:02:54+08:00
2016-12-25T00:03:04: 非记录时间：2016-12-25T00:03:04+08:00
2016-12-25T00:03:14: 非记录时间：2016-12-25T00:03:14+08:00
2016-12-25T00:03:24: 非记录时间：2016-12-25T00:03:24+08:00
2016-12-25T00:03:34: 非记录时间：2016-12-25T00:03:34+08:00
2016-12-25T00:03:44: 非记录时间：2016-12-25T00:03:44+08:00
2016-12-25T00:03:54: 非记录时间：2016-12-25T00:03:54+08:00
2016-12-25T00:04:04: 非记录时间：2016-12-25T00:04:04+08:00
2016-12-25T00:04:14: 非记录时间：2016-12-25T00:04:14+08:00
2016-12-25T00:04:24: 非记录时间：2016-12-25T00:04:24+08:00
2016-12-25T00:04:34: 非记录时间：2016-12-25T00:04:34+08:00
2016-12-25T00:04:44: 非记录时间：2016-12-25T00:04:44+08:00
2016-12-25T00:04:54: 非记录时间：2016-12-25T00:04:54+08:00
2016-12-25T00:05:04: 非记录时间：2016-12-25T00:05:04+08:00
2016-12-25T00:05:14: 非记录时间：2016-12-25T00:05:14+08:00
2016-12-25T00:05:24: 非记录时间：2016-12-25T00:05:24+08:00
2016-12-25T00:05:34: 非记录时间：2016-12-25T00:05:34+08:00
2016-12-25T00:05:44: 非记录时间：2016-12-25T00:05:44+08:00
2016-12-25T00:05:54: 非记录时间：2016-12-25T00:05:54+08:00
2016-12-25T00:06:04: 非记录时间：2016-12-25T00:06:04+08:00
2016-12-25T00:06:14: 非记录时间：2016-12-25T00:06:14+08:00
2016-12-25T00:06:24: 非记录时间：2016-12-25T00:06:24+08:00
2016-12-25T00:06:34: 非记录时间：2016-12-25T00:06:34+08:00
2016-12-25T00:06:44: 非记录时间：2016-12-25T00:06:44+08:00
2016-12-25T00:06:54: 非记录时间：2016-12-25T00:06:54+08:00
2016-12-25T00:07:04: 非记录时间：2016-12-25T00:07:04+08:00
2016-12-25T00:07:14: 非记录时间：2016-12-25T00:07:14+08:00
2016-12-25T00:07:24: 非记录时间：2016-12-25T00:07:24+08:00
2016-12-25T00:07:34: 非记录时间：2016-12-25T00:07:34+08:00
2016-12-25T00:07:44: 非记录时间：2016-12-25T00:07:44+08:00
2016-12-25T00:07:54: 非记录时间：2016-12-25T00:07:54+08:00
2016-12-25T00:08:04: 非记录时间：2016-12-25T00:08:04+08:00
2016-12-25T00:08:14: 非记录时间：2016-12-25T00:08:14+08:00
2016-12-25T00:08:24: 非记录时间：2016-12-25T00:08:24+08:00
2016-12-25T00:08:34: 非记录时间：2016-12-25T00:08:34+08:00
2016-12-25T00:08:44: 非记录时间：2016-12-25T00:08:44+08:00
2016-12-25T00:08:54: 非记录时间：2016-12-25T00:08:54+08:00
2016-12-25T00:09:04: 非记录时间：2016-12-25T00:09:04+08:00
2016-12-25T00:09:14: 非记录时间：2016-12-25T00:09:14+08:00
2016-12-25T00:09:24: 非记录时间：2016-12-25T00:09:24+08:00
2016-12-25T00:09:34: 非记录时间：2016-12-25T00:09:34+08:00
2016-12-25T00:09:44: 非记录时间：2016-12-25T00:09:44+08:00
2016-12-25T00:09:54: 非记录时间：2016-12-25T00:09:54+08:00
2016-12-25T00:10:04: 非记录时间：2016-12-25T00:10:04+08:00
2016-12-25T00:10:14: 非记录时间：2016-12-25T00:10:14+08:00
2016-12-25T00:10:24: 非记录时间：2016-12-25T00:10:24+08:00
2016-12-25T00:10:34: 非记录时间：2016-12-25T00:10:34+08:00
2016-12-25T00:10:44: 非记录时间：2016-12-25T00:10:44+08:00
2016-12-25T00:10:54: 非记录时间：2016-12-25T00:10:54+08:00
2016-12-25T00:11:04: 非记录时间：2016-12-25T00:11:04+08:00
2016-12-25T00:11:14: 非记录时间：2016-12-25T00:11:14+08:00
2016-12-25T00:11:24: 非记录时间：2016-12-25T00:11:24+08:00
2016-12-25T00:11:34: 非记录时间：2016-12-25T00:11:34+08:00
2016-12-25T00:11:44: 非记录时间：2016-12-25T00:11:44+08:00
2016-12-25T00:11:54: 非记录时间：2016-12-25T00:11:54+08:00
2016-12-25T00:12:04: 非记录时间：2016-12-25T00:12:04+08:00
2016-12-25T00:12:14: 非记录时间：2016-12-25T00:12:14+08:00
2016-12-25T00:12:24: 非记录时间：2016-12-25T00:12:24+08:00
2016-12-25T00:12:34: 非记录时间：2016-12-25T00:12:34+08:00
2016-12-25T00:12:44: 非记录时间：2016-12-25T00:12:44+08:00
2016-12-25T00:12:54: 非记录时间：2016-12-25T00:12:54+08:00
2016-12-25T00:13:04: 非记录时间：2016-12-25T00:13:04+08:00
2016-12-25T00:13:14: 非记录时间：2016-12-25T00:13:14+08:00
2016-12-25T00:13:24: 非记录时间：2016-12-25T00:13:24+08:00
2016-12-25T00:13:34: 非记录时间：2016-12-25T00:13:34+08:00
2016-12-25T00:13:44: 非记录时间：2016-12-25T00:13:44+08:00
2016-12-25T00:13:54: 非记录时间：2016-12-25T00:13:54+08:00
2016-12-25T00:14:04: 非记录时间：2016-12-25T00:14:04+08:00
2016-12-25T00:14:14: 非记录时间：2016-12-25T00:14:14+08:00
2016-12-25T00:14:24: 非记录时间：2016-12-25T00:14:24+08:00
2016-12-25T00:14:34: 非记录时间：2016-12-25T00:14:34+08:00
2016-12-25T00:14:44: 非记录时间：2016-12-25T00:14:44+08:00
2016-12-25T00:14:54: 非记录时间：2016-12-25T00:14:54+08:00
2016-12-25T00:15:04: 非记录时间：2016-12-25T00:15:04+08:00
2016-12-25T00:15:14: 非记录时间：2016-12-25T00:15:14+08:00
2016-12-25T00:15:24: 非记录时间：2016-12-25T00:15:24+08:00
2016-12-25T00:15:34: 非记录时间：2016-12-25T00:15:34+08:00
2016-12-25T00:15:44: 非记录时间：2016-12-25T00:15:44+08:00
2016-12-25T00:15:54: 非记录时间：2016-12-25T00:15:54+08:00
2016-12-25T00:16:04: 非记录时间：2016-12-25T00:16:04+08:00
2016-12-25T00:16:14: 非记录时间：2016-12-25T00:16:14+08:00
2016-12-25T00:16:24: 非记录时间：2016-12-25T00:16:24+08:00
2016-12-25T00:16:34: 非记录时间：2016-12-25T00:16:34+08:00
2016-12-25T00:16:44: 非记录时间：2016-12-25T00:16:44+08:00
2016-12-25T00:16:54: 非记录时间：2016-12-25T00:16:54+08:00
2016-12-25T00:17:04: 非记录时间：2016-12-25T00:17:04+08:00
2016-12-25T00:17:14: 非记录时间：2016-12-25T00:17:14+08:00
2016-12-25T00:17:24: 非记录时间：2016-12-25T00:17:24+08:00
2016-12-25T00:17:34: 非记录时间：2016-12-25T00:17:34+08:00
2016-12-25T00:17:44: 非记录时间：2016-12-25T00:17:44+08:00
2016-12-25T00:17:54: 非记录时间：2016-12-25T00:17:54+08:00
2016-12-25T00:18:04: 非记录时间：2016-12-25T00:18:04+08:00
2016-12-25T00:18:14: 非记录时间：2016-12-25T00:18:14+08:00
2016-12-25T00:18:24: 非记录时间：2016-12-25T00:18:24+08:00
2016-12-25T00:18:34: 非记录时间：2016-12-25T00:18:34+08:00
2016-12-25T00:18:44: 非记录时间：2016-12-25T00:18:44+08:00
2016-12-25T00:18:54: 非记录时间：2016-12-25T00:18:54+08:00
2016-12-25T00:19:04: 非记录时间：2016-12-25T00:19:04+08:00
2016-12-25T00:19:14: 非记录时间：2016-12-25T00:19:14+08:00
2016-12-25T00:19:24: 非记录时间：2016-12-25T00:19:24+08:00
2016-12-25T00:19:34: 非记录时间：2016-12-25T00:19:34+08:00
2016-12-25T00:19:44: 非记录时间：2016-12-25T00:19:44+08:00
2016-12-25T00:19:54: 非记录时间：2016-12-25T00:19:54+08:00
2016-12-25T00:20:04: 非记录时间：2016-12-25T00:20:04+08:00
2016-12-25T00:20:14: 非记录时间：2016-12-25T00:20:14+08:00
2016-12-25T00:20:24: 非记录时间：2016-12-25T00:20:24+08:00
2016-12-25T00:20:34: 非记录时间：2016-12-25T00:20:34+08:00
2016-12-25T00:20:44: 非记录时间：2016-12-25T00:20:44+08:00
2016-12-25T00:20:54: 非记录时间：2016-12-25T00:20:54+08:00
2016-12-25T00:21:04: 非记录时间：2016-12-25T00:21:04+08:00
2016-12-25T00:21:14: 非记录时间：2016-12-25T00:21:14+08:00
2016-12-25T00:21:24: 非记录时间：2016-12-25T00:21:24+08:00
2016-12-25T00:21:34: 非记录时间：2016-12-25T00:21:34+08:00
2016-12-25T00:21:44: 非记录时间：2016-12-25T00:21:44+08:00
2016-12-25T00:21:54: 非记录时间：2016-12-25T00:21:54+08:00
2016-12-25T00:22:04: 非记录时间：2016-12-25T00:22:04+08:00
2016-12-25T00:22:14: 非记录时间：2016-12-25T00:22:14+08:00
2016-12-25T00:22:24: 非记录时间：2016-12-25T00:22:24+08:00
2016-12-25T00:22:34: 非记录时间：2016-12-25T00:22:34+08:00
2016-12-25T00:22:44: 非记录时间：2016-12-25T00:22:44+08:00
2016-12-25T00:22:54: 非记录时间：2016-12-25T00:22:54+08:00
2016-12-25T00:23:04: 非记录时间：2016-12-25T00:23:04+08:00
2016-12-25T00:23:14: 非记录时间：2016-12-25T00:23:14+08:00
2016-12-25T00:23:24: 非记录时间：2016-12-25T00:23:24+08:00
2016-12-25T00:23:34: 非记录时间：2016-12-25T00:23:34+08:00
2016-12-25T00:23:44: 非记录时间：2016-12-25T00:23:44+08:00
2016-12-25T00:23:54: 非记录时间：2016-12-25T00:23:54+08:00
2016-12-25T00:24:04: 非记录时间：2016-12-25T00:24:04+08:00
2016-12-25T00:24:14: 非记录时间：2016-12-25T00:24:14+08:00
2016-12-25T00:24:24: 非记录时间：2016-12-25T00:24:24+08:00
2016-12-25T00:24:34: 非记录时间：2016-12-25T00:24:34+08:00
2016-12-25T00:24:44: 非记录时间：2016-12-25T00:24:44+08:00
2016-12-25T00:24:54: 非记录时间：2016-12-25T00:24:54+08:00
2016-12-25T00:25:04: 非记录时间：2016-12-25T00:25:04+08:00
2016-12-25T00:25:14: 非记录时间：2016-12-25T00:25:14+08:00
2016-12-25T00:25:24: 非记录时间：2016-12-25T00:25:24+08:00
2016-12-25T00:25:34: 非记录时间：2016-12-25T00:25:34+08:00
2016-12-25T00:25:44: 非记录时间：2016-12-25T00:25:44+08:00
2016-12-25T00:25:54: 非记录时间：2016-12-25T00:25:54+08:00
2016-12-25T00:26:04: 非记录时间：2016-12-25T00:26:04+08:00
2016-12-25T00:26:14: 非记录时间：2016-12-25T00:26:14+08:00
2016-12-25T00:26:24: 非记录时间：2016-12-25T00:26:24+08:00
2016-12-25T00:26:34: 非记录时间：2016-12-25T00:26:34+08:00
2016-12-25T00:26:44: 非记录时间：2016-12-25T00:26:44+08:00
2016-12-25T00:26:54: 非记录时间：2016-12-25T00:26:54+08:00
2016-12-25T00:27:04: 非记录时间：2016-12-25T00:27:04+08:00
2016-12-25T00:27:14: 非记录时间：2016-12-25T00:27:14+08:00
2016-12-25T00:27:24: 非记录时间：2016-12-25T00:27:24+08:00
2016-12-25T00:27:34: 非记录时间：2016-12-25T00:27:34+08:00
2016-12-25T00:27:44: 非记录时间：2016-12-25T00:27:44+08:00
2016-12-25T00:27:54: 非记录时间：2016-12-25T00:27:54+08:00
2016-12-25T00:28:04: 非记录时间：2016-12-25T00:28:04+08:00
2016-12-25T00:28:14: 非记录时间：2016-12-25T00:28:14+08:00
2016-12-25T00:28:24: 非记录时间：2016-12-25T00:28:24+08:00
2016-12-25T00:28:34: 非记录时间：2016-12-25T00:28:34+08:00
2016-12-25T00:28:44: 非记录时间：2016-12-25T00:28:44+08:00
2016-12-25T00:28:54: 非记录时间：2016-12-25T00:28:54+08:00
2016-12-25T00:29:04: 非记录时间：2016-12-25T00:29:04+08:00
2016-12-25T00:29:14: 非记录时间：2016-12-25T00:29:14+08:00
2016-12-25T00:29:24: 非记录时间：2016-12-25T00:29:24+08:00
2016-12-25T00:29:34: 非记录时间：2016-12-25T00:29:34+08:00
2016-12-25T00:29:44: 非记录时间：2016-12-25T00:29:44+08:00
2016-12-25T00:29:54: 非记录时间：2016-12-25T00:29:54+08:00
2016-12-25T00:30:04: 非记录时间：2016-12-25T00:30:04+08:00
2016-12-25T00:30:14: 非记录时间：2016-12-25T00:30:14+08:00
2016-12-25T00:30:24: 非记录时间：2016-12-25T00:30:24+08:00
2016-12-25T00:30:34: 非记录时间：2016-12-25T00:30:34+08:00
2016-12-25T00:30:44: 非记录时间：2016-12-25T00:30:44+08:00
2016-12-25T00:30:54: 非记录时间：2016-12-25T00:30:54+08:00
2016-12-25T00:31:04: 非记录时间：2016-12-25T00:31:04+08:00
2016-12-25T00:31:14: 非记录时间：2016-12-25T00:31:14+08:00
2016-12-25T00:31:24: 非记录时间：2016-12-25T00:31:24+08:00
2016-12-25T00:31:34: 非记录时间：2016-12-25T00:31:34+08:00
2016-12-25T00:31:44: 非记录时间：2016-12-25T00:31:44+08:00
2016-12-25T00:31:54: 非记录时间：2016-12-25T00:31:54+08:00
2016-12-25T00:32:04: 非记录时间：2016-12-25T00:32:04+08:00
2016-12-25T00:32:14: 非记录时间：2016-12-25T00:32:14+08:00
2016-12-25T00:32:24: 非记录时间：2016-12-25T00:32:24+08:00
2016-12-25T00:32:34: 非记录时间：2016-12-25T00:32:34+08:00
2016-12-25T00:32:44: 非记录时间：2016-12-25T00:32:44+08:00
2016-12-25T00:32:54: 非记录时间：2016-12-25T00:32:54+08:00
2016-12-25T00:33:04: 非记录时间：2016-12-25T00:33:04+08:00
2016-12-25T00:33:14: 非记录时间：2016-12-25T00:33:14+08:00
2016-12-25T00:33:24: 非记录时间：2016-12-25T00:33:24+08:00
2016-12-25T00:33:34: 非记录时间：2016-12-25T00:33:34+08:00
2016-12-25T00:33:44: 非记录时间：2016-12-25T00:33:44+08:00
2016-12-25T00:33:54: 非记录时间：2016-12-25T00:33:54+08:00
2016-12-25T00:34:04: 非记录时间：2016-12-25T00:34:04+08:00
2016-12-25T00:34:14: 非记录时间：2016-12-25T00:34:14+08:00
2016-12-25T00:34:24: 非记录时间：2016-12-25T00:34:24+08:00
2016-12-25T00:34:34: 非记录时间：2016-12-25T00:34:34+08:00
2016-12-25T00:34:44: 非记录时间：2016-12-25T00:34:44+08:00
2016-12-25T00:34:54: 非记录时间：2016-12-25T00:34:54+08:00
2016-12-25T00:35:04: 非记录时间：2016-12-25T00:35:04+08:00
2016-12-25T00:35:14: 非记录时间：2016-12-25T00:35:14+08:00
2016-12-25T00:35:24: 非记录时间：2016-12-25T00:35:24+08:00
2016-12-25T00:35:34: 非记录时间：2016-12-25T00:35:34+08:00
2016-12-25T00:35:44: 非记录时间：2016-12-25T00:35:44+08:00
2016-12-25T00:35:54: 非记录时间：2016-12-25T00:35:54+08:00
2016-12-25T00:36:04: 非记录时间：2016-12-25T00:36:04+08:00
2016-12-25T00:36:14: 非记录时间：2016-12-25T00:36:14+08:00
2016-12-25T00:36:24: 非记录时间：2016-12-25T00:36:24+08:00
2016-12-25T00:36:34: 非记录时间：2016-12-25T00:36:34+08:00
2016-12-25T00:36:44: 非记录时间：2016-12-25T00:36:44+08:00
2016-12-25T00:36:54: 非记录时间：2016-12-25T00:36:54+08:00
2016-12-25T00:37:04: 非记录时间：2016-12-25T00:37:04+08:00
2016-12-25T00:37:14: 非记录时间：2016-12-25T00:37:14+08:00
2016-12-25T00:37:24: 非记录时间：2016-12-25T00:37:24+08:00
2016-12-25T00:37:34: 非记录时间：2016-12-25T00:37:34+08:00
2016-12-25T00:37:44: 非记录时间：2016-12-25T00:37:44+08:00
2016-12-25T00:37:54: 非记录时间：2016-12-25T00:37:54+08:00
2016-12-25T00:38:04: 非记录时间：2016-12-25T00:38:04+08:00
2016-12-25T00:38:14: 非记录时间：2016-12-25T00:38:14+08:00
2016-12-25T00:38:24: 非记录时间：2016-12-25T00:38:24+08:00
2016-12-25T00:38:34: 非记录时间：2016-12-25T00:38:34+08:00
2016-12-25T00:38:44: 非记录时间：2016-12-25T00:38:44+08:00
2016-12-25T00:38:54: 非记录时间：2016-12-25T00:38:54+08:00
2016-12-25T00:39:04: 非记录时间：2016-12-25T00:39:04+08:00
2016-12-25T00:39:14: 非记录时间：2016-12-25T00:39:14+08:00
2016-12-25T00:39:24: 非记录时间：2016-12-25T00:39:24+08:00
2016-12-25T00:39:34: 非记录时间：2016-12-25T00:39:34+08:00
2016-12-25T00:39:44: 非记录时间：2016-12-25T00:39:44+08:00
2016-12-25T00:39:54: 非记录时间：2016-12-25T00:39:54+08:00
2016-12-25T00:40:04: 非记录时间：2016-12-25T00:40:04+08:00
2016-12-25T00:40:14: 非记录时间：2016-12-25T00:40:14+08:00
2016-12-25T00:40:24: 非记录时间：2016-12-25T00:40:24+08:00
2016-12-25T00:40:34: 非记录时间：2016-12-25T00:40:34+08:00
2016-12-25T00:40:44: 非记录时间：2016-12-25T00:40:44+08:00
2016-12-25T00:40:54: 非记录时间：2016-12-25T00:40:54+08:00
2016-12-25T00:41:04: 非记录时间：2016-12-25T00:41:04+08:00
2016-12-25T00:41:14: 非记录时间：2016-12-25T00:41:14+08:00
2016-12-25T00:41:24: 非记录时间：2016-12-25T00:41:24+08:00
2016-12-25T00:41:34: 非记录时间：2016-12-25T00:41:34+08:00
2016-12-25T00:41:44: 非记录时间：2016-12-25T00:41:44+08:00
2016-12-25T00:41:54: 非记录时间：2016-12-25T00:41:54+08:00
2016-12-25T00:42:04: 非记录时间：2016-12-25T00:42:04+08:00
2016-12-25T00:42:14: 非记录时间：2016-12-25T00:42:14+08:00
2016-12-25T00:42:24: 非记录时间：2016-12-25T00:42:24+08:00
2016-12-25T00:42:34: 非记录时间：2016-12-25T00:42:34+08:00
2016-12-25T00:42:44: 非记录时间：2016-12-25T00:42:44+08:00
2016-12-25T00:42:54: 非记录时间：2016-12-25T00:42:54+08:00
2016-12-25T00:43:04: 非记录时间：2016-12-25T00:43:04+08:00
2016-12-25T00:43:14: 非记录时间：2016-12-25T00:43:14+08:00
2016-12-25T00:43:24: 非记录时间：2016-12-25T00:43:24+08:00
2016-12-25T00:43:34: 非记录时间：2016-12-25T00:43:34+08:00
2016-12-25T00:43:44: 非记录时间：2016-12-25T00:43:44+08:00
2016-12-25T00:43:54: 非记录时间：2016-12-25T00:43:54+08:00
2016-12-25T00:44:04: 非记录时间：2016-12-25T00:44:04+08:00
2016-12-25T00:44:14: 非记录时间：2016-12-25T00:44:14+08:00
2016-12-25T00:44:24: 非记录时间：2016-12-25T00:44:24+08:00
2016-12-25T00:44:35: 非记录时间：2016-12-25T00:44:34+08:00
2016-12-25T00:44:45: 非记录时间：2016-12-25T00:44:45+08:00
2016-12-25T00:44:55: 非记录时间：2016-12-25T00:44:55+08:00
2016-12-25T00:45:05: 非记录时间：2016-12-25T00:45:05+08:00
2016-12-25T00:45:15: 非记录时间：2016-12-25T00:45:15+08:00
2016-12-25T00:45:25: 非记录时间：2016-12-25T00:45:25+08:00
2016-12-25T00:45:35: 非记录时间：2016-12-25T00:45:35+08:00
2016-12-25T00:45:45: 非记录时间：2016-12-25T00:45:45+08:00
2016-12-25T00:45:55: 非记录时间：2016-12-25T00:45:55+08:00
2016-12-25T00:46:05: 非记录时间：2016-12-25T00:46:05+08:00
2016-12-25T00:46:15: 非记录时间：2016-12-25T00:46:15+08:00
2016-12-25T00:46:25: 非记录时间：2016-12-25T00:46:25+08:00
2016-12-25T00:46:35: 非记录时间：2016-12-25T00:46:35+08:00
2016-12-25T00:46:45: 非记录时间：2016-12-25T00:46:45+08:00
2016-12-25T00:46:55: 非记录时间：2016-12-25T00:46:55+08:00
2016-12-25T00:47:05: 非记录时间：2016-12-25T00:47:05+08:00
2016-12-25T00:47:15: 非记录时间：2016-12-25T00:47:15+08:00
2016-12-25T00:47:25: 非记录时间：2016-12-25T00:47:25+08:00
2016-12-25T00:47:35: 非记录时间：2016-12-25T00:47:35+08:00
2016-12-25T00:47:45: 非记录时间：2016-12-25T00:47:45+08:00
2016-12-25T00:47:55: 非记录时间：2016-12-25T00:47:55+08:00
2016-12-25T00:48:05: 非记录时间：2016-12-25T00:48:05+08:00
2016-12-25T00:48:15: 非记录时间：2016-12-25T00:48:15+08:00
2016-12-25T00:48:25: 非记录时间：2016-12-25T00:48:25+08:00
2016-12-25T00:48:35: 非记录时间：2016-12-25T00:48:35+08:00
2016-12-25T00:48:45: 非记录时间：2016-12-25T00:48:45+08:00
2016-12-25T00:48:55: 非记录时间：2016-12-25T00:48:55+08:00
2016-12-25T00:49:05: 非记录时间：2016-12-25T00:49:05+08:00
2016-12-25T00:49:15: 非记录时间：2016-12-25T00:49:15+08:00
2016-12-25T00:49:25: 非记录时间：2016-12-25T00:49:25+08:00
2016-12-25T00:49:35: 非记录时间：2016-12-25T00:49:35+08:00
2016-12-25T00:49:45: 非记录时间：2016-12-25T00:49:45+08:00
2016-12-25T00:49:55: 非记录时间：2016-12-25T00:49:55+08:00
2016-12-25T00:50:05: 非记录时间：2016-12-25T00:50:05+08:00
2016-12-25T00:50:15: 非记录时间：2016-12-25T00:50:15+08:00
2016-12-25T00:50:25: 非记录时间：2016-12-25T00:50:25+08:00
2016-12-25T00:50:35: 非记录时间：2016-12-25T00:50:35+08:00
2016-12-25T00:50:45: 非记录时间：2016-12-25T00:50:45+08:00
2016-12-25T00:50:55: 非记录时间：2016-12-25T00:50:55+08:00
2016-12-25T00:51:05: 非记录时间：2016-12-25T00:51:05+08:00
2016-12-25T00:51:15: 非记录时间：2016-12-25T00:51:15+08:00
2016-12-25T00:51:25: 非记录时间：2016-12-25T00:51:25+08:00
2016-12-25T00:51:35: 非记录时间：2016-12-25T00:51:35+08:00
2016-12-25T00:51:45: 非记录时间：2016-12-25T00:51:45+08:00
2016-12-25T00:51:55: 非记录时间：2016-12-25T00:51:55+08:00
2016-12-25T00:52:05: 非记录时间：2016-12-25T00:52:05+08:00
2016-12-25T00:52:15: 非记录时间：2016-12-25T00:52:15+08:00
2016-12-25T00:52:25: 非记录时间：2016-12-25T00:52:25+08:00
2016-12-25T00:52:35: 非记录时间：2016-12-25T00:52:35+08:00
2016-12-25T00:52:45: 非记录时间：2016-12-25T00:52:45+08:00
2016-12-25T00:52:55: 非记录时间：2016-12-25T00:52:55+08:00
2016-12-25T00:53:05: 非记录时间：2016-12-25T00:53:05+08:00
2016-12-25T00:53:15: 非记录时间：2016-12-25T00:53:15+08:00
2016-12-25T00:53:25: 非记录时间：2016-12-25T00:53:25+08:00
2016-12-25T00:53:35: 非记录时间：2016-12-25T00:53:35+08:00
2016-12-25T00:53:45: 非记录时间：2016-12-25T00:53:45+08:00
2016-12-25T00:53:55: 非记录时间：2016-12-25T00:53:55+08:00
2016-12-25T00:54:05: 非记录时间：2016-12-25T00:54:05+08:00
2016-12-25T00:54:15: 非记录时间：2016-12-25T00:54:15+08:00
2016-12-25T00:54:25: 非记录时间：2016-12-25T00:54:25+08:00
2016-12-25T00:54:35: 非记录时间：2016-12-25T00:54:35+08:00
2016-12-25T00:54:45: 非记录时间：2016-12-25T00:54:45+08:00
2016-12-25T00:54:55: 非记录时间：2016-12-25T00:54:55+08:00
2016-12-25T00:55:05: 非记录时间：2016-12-25T00:55:05+08:00
2016-12-25T00:55:15: 非记录时间：2016-12-25T00:55:15+08:00
2016-12-25T00:55:25: 非记录时间：2016-12-25T00:55:25+08:00
2016-12-25T00:55:35: 非记录时间：2016-12-25T00:55:35+08:00
2016-12-25T00:55:45: 非记录时间：2016-12-25T00:55:45+08:00
2016-12-25T00:55:55: 非记录时间：2016-12-25T00:55:55+08:00
2016-12-25T00:56:05: 非记录时间：2016-12-25T00:56:05+08:00
2016-12-25T00:56:15: 非记录时间：2016-12-25T00:56:15+08:00
2016-12-25T00:56:25: 非记录时间：2016-12-25T00:56:25+08:00
2016-12-25T00:56:35: 非记录时间：2016-12-25T00:56:35+08:00
2016-12-25T00:56:45: 非记录时间：2016-12-25T00:56:45+08:00
2016-12-25T00:56:55: 非记录时间：2016-12-25T00:56:55+08:00
2016-12-25T00:57:05: 非记录时间：2016-12-25T00:57:05+08:00
2016-12-25T00:57:15: 非记录时间：2016-12-25T00:57:15+08:00
2016-12-25T00:57:25: 非记录时间：2016-12-25T00:57:25+08:00
2016-12-25T00:57:35: 非记录时间：2016-12-25T00:57:35+08:00
2016-12-25T00:57:45: 非记录时间：2016-12-25T00:57:45+08:00
2016-12-25T00:57:55: 非记录时间：2016-12-25T00:57:55+08:00
2016-12-25T00:58:05: 非记录时间：2016-12-25T00:58:05+08:00
2016-12-25T00:58:15: 非记录时间：2016-12-25T00:58:15+08:00
2016-12-25T00:58:25: 非记录时间：2016-12-25T00:58:25+08:00
2016-12-25T00:58:35: 非记录时间：2016-12-25T00:58:35+08:00
2016-12-25T00:58:45: 非记录时间：2016-12-25T00:58:45+08:00
2016-12-25T00:58:55: 非记录时间：2016-12-25T00:58:55+08:00
2016-12-25T00:59:05: 非记录时间：2016-12-25T00:59:05+08:00
2016-12-25T00:59:15: 非记录时间：2016-12-25T00:59:15+08:00
2016-12-25T00:59:25: 非记录时间：2016-12-25T00:59:25+08:00
2016-12-25T00:59:35: 非记录时间：2016-12-25T00:59:35+08:00
2016-12-25T00:59:45: 非记录时间：2016-12-25T00:59:45+08:00
2016-12-25T00:59:55: 非记录时间：2016-12-25T00:59:55+08:00
2016-12-25T01:00:05: 非记录时间：2016-12-25T01:00:05+08:00
2016-12-25T01:00:15: 非记录时间：2016-12-25T01:00:15+08:00
2016-12-25T01:00:25: 非记录时间：2016-12-25T01:00:25+08:00
2016-12-25T01:00:35: 非记录时间：2016-12-25T01:00:35+08:00
2016-12-25T01:00:45: 非记录时间：2016-12-25T01:00:45+08:00
2016-12-25T01:00:55: 非记录时间：2016-12-25T01:00:55+08:00
2016-12-25T01:01:05: 非记录时间：2016-12-25T01:01:05+08:00
2016-12-25T01:01:15: 非记录时间：2016-12-25T01:01:15+08:00
2016-12-25T01:01:25: 非记录时间：2016-12-25T01:01:25+08:00
2016-12-25T01:01:35: 非记录时间：2016-12-25T01:01:35+08:00
2016-12-25T01:01:45: 非记录时间：2016-12-25T01:01:45+08:00
2016-12-25T01:01:55: 非记录时间：2016-12-25T01:01:55+08:00
2016-12-25T01:02:05: 非记录时间：2016-12-25T01:02:05+08:00
2016-12-25T01:02:15: 非记录时间：2016-12-25T01:02:15+08:00
2016-12-25T01:02:25: 非记录时间：2016-12-25T01:02:25+08:00
2016-12-25T01:02:35: 非记录时间：2016-12-25T01:02:35+08:00
2016-12-25T01:02:45: 非记录时间：2016-12-25T01:02:45+08:00
2016-12-25T01:02:55: 非记录时间：2016-12-25T01:02:55+08:00
2016-12-25T01:03:05: 非记录时间：2016-12-25T01:03:05+08:00
2016-12-25T01:03:15: 非记录时间：2016-12-25T01:03:15+08:00
2016-12-25T01:03:25: 非记录时间：2016-12-25T01:03:25+08:00
2016-12-25T01:03:35: 非记录时间：2016-12-25T01:03:35+08:00
2016-12-25T01:03:45: 非记录时间：2016-12-25T01:03:45+08:00
2016-12-25T01:03:55: 非记录时间：2016-12-25T01:03:55+08:00
2016-12-25T01:04:05: 非记录时间：2016-12-25T01:04:05+08:00
2016-12-25T01:04:15: 非记录时间：2016-12-25T01:04:15+08:00
2016-12-25T01:04:25: 非记录时间：2016-12-25T01:04:25+08:00
2016-12-25T01:04:35: 非记录时间：2016-12-25T01:04:35+08:00
2016-12-25T01:04:45: 非记录时间：2016-12-25T01:04:45+08:00
2016-12-25T01:04:55: 非记录时间：2016-12-25T01:04:55+08:00
2016-12-25T01:05:05: 非记录时间：2016-12-25T01:05:05+08:00
2016-12-25T01:05:15: 非记录时间：2016-12-25T01:05:15+08:00
2016-12-25T01:05:25: 非记录时间：2016-12-25T01:05:25+08:00
2016-12-25T01:05:35: 非记录时间：2016-12-25T01:05:35+08:00
2016-12-25T01:05:45: 非记录时间：2016-12-25T01:05:45+08:00
2016-12-25T01:05:55: 非记录时间：2016-12-25T01:05:55+08:00
2016-12-25T01:06:05: 非记录时间：2016-12-25T01:06:05+08:00
2016-12-25T01:06:15: 非记录时间：2016-12-25T01:06:15+08:00
2016-12-25T01:06:25: 非记录时间：2016-12-25T01:06:25+08:00
2016-12-25T01:06:35: 非记录时间：2016-12-25T01:06:35+08:00
2016-12-25T01:06:45: 非记录时间：2016-12-25T01:06:45+08:00
2016-12-25T01:06:55: 非记录时间：2016-12-25T01:06:55+08:00
2016-12-25T01:07:05: 非记录时间：2016-12-25T01:07:05+08:00
2016-12-25T01:07:15: 非记录时间：2016-12-25T01:07:15+08:00
2016-12-25T01:07:25: 非记录时间：2016-12-25T01:07:25+08:00
2016-12-25T01:07:35: 非记录时间：2016-12-25T01:07:35+08:00
2016-12-25T01:07:45: 非记录时间：2016-12-25T01:07:45+08:00
2016-12-25T01:07:55: 非记录时间：2016-12-25T01:07:55+08:00
2016-12-25T01:08:05: 非记录时间：2016-12-25T01:08:05+08:00
2016-12-25T01:08:15: 非记录时间：2016-12-25T01:08:15+08:00
2016-12-25T01:08:25: 非记录时间：2016-12-25T01:08:25+08:00
2016-12-25T01:08:35: 非记录时间：2016-12-25T01:08:35+08:00
2016-12-25T01:08:45: 非记录时间：2016-12-25T01:08:45+08:00
2016-12-25T01:08:55: 非记录时间：2016-12-25T01:08:55+08:00
2016-12-25T01:09:05: 非记录时间：2016-12-25T01:09:05+08:00
2016-12-25T01:09:15: 非记录时间：2016-12-25T01:09:15+08:00
2016-12-25T01:09:25: 非记录时间：2016-12-25T01:09:25+08:00
2016-12-25T01:09:35: 非记录时间：2016-12-25T01:09:35+08:00
2016-12-25T01:09:45: 非记录时间：2016-12-25T01:09:45+08:00
2016-12-25T01:09:55: 非记录时间：2016-12-25T01:09:55+08:00
2016-12-25T01:10:05: 非记录时间：2016-12-25T01:10:05+08:00
2016-12-25T01:10:15: 非记录时间：2016-12-25T01:10:15+08:00
2016-12-25T01:10:25: 非记录时间：2016-12-25T01:10:25+08:00
2016-12-25T01:10:35: 非记录时间：2016-12-25T01:10:35+08:00
2016-12-25T01:10:45: 非记录时间：2016-12-25T01:10:45+08:00
2016-12-25T01:10:55: 非记录时间：2016-12-25T01:10:55+08:00
2016-12-25T01:11:06: 读取文件失败，可能是该文件不存在
2016-12-25T01:11:06: Error: ENOENT: no such file or directory, open './data/2016-12-25.json'
2016-12-25T01:11:15: 读取文件成功
2016-12-25T01:11:26: 读取文件成功
2016-12-25T01:11:35: 读取文件成功
2016-12-25T01:11:45: 读取文件成功
2016-12-25T01:11:55: 读取文件成功
2016-12-25T01:12:05: 读取文件成功
2016-12-25T01:12:15: 读取文件成功
2016-12-25T01:12:26: 读取文件成功
2016-12-25T01:12:36: 读取文件成功
2016-12-25T01:12:46: 读取文件成功
2016-12-25T01:12:56: 读取文件成功
2016-12-25T01:13:06: 读取文件成功
2016-12-25T01:13:16: 读取文件成功
2016-12-25T01:13:27: 读取文件成功
2016-12-25T01:13:36: 读取文件成功
2016-12-25T01:13:46: 读取文件成功
2016-12-25T01:13:56: 读取文件成功
2016-12-25T01:14:06: 读取文件成功
2016-12-25T01:14:16: 读取文件成功
2016-12-25T01:14:26: 读取文件成功
2016-12-25T01:14:36: 读取文件成功
2016-12-25T01:14:46: 读取文件成功
2016-12-25T01:14:56: 读取文件成功
2016-12-25T01:15:06: 读取文件成功
2016-12-25T01:15:16: 读取文件成功
2016-12-25T01:15:26: 读取文件成功
2016-12-25T01:15:36: 读取文件成功
2016-12-25T01:15:46: 读取文件成功
2016-12-25T01:15:56: 读取文件成功
2016-12-25T01:16:06: 读取文件成功
2016-12-25T01:16:16: 读取文件成功
2016-12-25T01:16:26: 读取文件成功
2016-12-25T01:16:36: 读取文件成功
2016-12-25T01:16:46: 读取文件成功
2016-12-25T01:16:56: 读取文件成功
2016-12-25T01:17:06: 读取文件成功
2016-12-25T01:17:16: 读取文件成功
2016-12-25T01:17:26: 读取文件成功
2016-12-25T01:17:36: 读取文件成功
2016-12-25T01:17:46: 读取文件成功
2016-12-25T01:17:56: 读取文件成功
2016-12-25T01:18:06: 读取文件成功
2016-12-25T01:18:16: 读取文件成功
2016-12-25T01:18:26: 读取文件成功
2016-12-25T01:18:36: 读取文件成功
2016-12-25T01:18:46: 读取文件成功
2016-12-25T01:18:56: 读取文件成功
2016-12-25T01:19:06: 读取文件成功
2016-12-25T01:19:16: 读取文件成功
2016-12-25T01:19:26: 读取文件成功
2016-12-25T01:19:36: 读取文件成功
2016-12-25T01:19:46: 读取文件成功
2016-12-25T01:19:56: 读取文件成功
2016-12-25T01:20:06: 读取文件成功
2016-12-25T01:20:16: 读取文件成功
2016-12-25T01:20:26: 读取文件成功
2016-12-25T01:20:36: 读取文件成功
2016-12-25T01:20:46: 读取文件成功
2016-12-25T01:20:56: 读取文件成功
2016-12-25T01:21:06: 读取文件成功
2016-12-25T01:21:16: 读取文件成功
2016-12-25T01:21:26: 读取文件成功
2016-12-25T01:21:36: 读取文件成功
2016-12-25T01:21:46: 读取文件成功
2016-12-25T01:21:56: 读取文件成功
2016-12-25T01:22:06: 读取文件成功
2016-12-25T01:22:16: 读取文件成功
2016-12-25T01:22:26: 读取文件成功
2016-12-25T01:22:36: 读取文件成功
2016-12-25T01:22:46: 读取文件成功
2016-12-25T01:22:56: 读取文件成功
2016-12-25T01:23:06: 读取文件成功
2016-12-25T01:23:16: 读取文件成功
2016-12-25T01:23:26: 读取文件成功
2016-12-25T01:23:36: 读取文件成功
2016-12-25T01:23:46: 读取文件成功
2016-12-25T01:23:56: 读取文件成功
2016-12-25T01:24:06: 读取文件成功
2016-12-25T01:24:16: 读取文件成功
2016-12-25T01:24:26: 读取文件成功
2016-12-25T01:24:36: 读取文件成功
2016-12-25T01:24:46: 读取文件成功
2016-12-25T01:24:56: 读取文件成功
2016-12-25T01:25:06: 读取文件成功
2016-12-25T01:25:16: 读取文件成功
2016-12-25T01:25:26: 读取文件成功
2016-12-25T01:25:36: 读取文件成功
2016-12-25T01:25:46: 读取文件成功
2016-12-25T01:25:56: 读取文件成功
2016-12-25T01:26:06: 读取文件成功
2016-12-25T01:26:16: 读取文件成功
2016-12-25T01:26:27: 读取文件成功
2016-12-25T01:26:36: 读取文件成功
2016-12-25T01:26:46: 读取文件成功
2016-12-25T01:26:56: 读取文件成功
2016-12-25T01:27:06: 读取文件成功
2016-12-25T01:27:16: 读取文件成功
2016-12-25T01:27:26: 读取文件成功
2016-12-25T01:27:36: 读取文件成功
2016-12-25T01:27:46: 读取文件成功
2016-12-25T01:27:56: 读取文件成功
2016-12-25T01:28:06: 读取文件成功
2016-12-25T01:28:17: 读取文件成功
2016-12-25T01:28:26: 读取文件成功
2016-12-25T01:28:36: 读取文件成功
2016-12-25T01:28:47: 读取文件成功
2016-12-25T01:28:57: 读取文件成功
2016-12-25T01:29:07: 读取文件成功
2016-12-25T01:29:17: 读取文件成功
2016-12-25T01:29:27: 读取文件成功
2016-12-25T01:29:37: 读取文件成功
2016-12-25T01:29:47: 读取文件成功
2016-12-25T01:29:57: 读取文件成功
2016-12-25T01:30:07: 读取文件成功
2016-12-25T01:30:17: 读取文件成功
2016-12-25T01:30:27: 读取文件成功
2016-12-25T01:30:37: 读取文件成功
2016-12-25T01:30:47: 读取文件成功
2016-12-25T01:30:57: 读取文件成功
2016-12-25T01:31:07: 读取文件成功
2016-12-25T01:31:17: 读取文件成功
2016-12-25T01:31:27: 读取文件成功
2016-12-25T01:31:37: 读取文件成功
2016-12-25T01:31:47: 读取文件成功
2016-12-25T01:31:57: 读取文件成功
2016-12-25T01:32:07: 读取文件成功
2016-12-25T01:32:17: 读取文件成功
2016-12-25T01:32:27: 读取文件成功
2016-12-25T01:32:37: 读取文件成功
2016-12-25T01:32:48: 读取文件成功
2016-12-25T01:32:57: 读取文件成功
2016-12-25T01:33:07: 读取文件成功
2016-12-25T01:33:17: 读取文件成功
2016-12-25T01:33:27: 读取文件成功
2016-12-25T01:33:37: 读取文件成功
2016-12-25T01:33:47: 读取文件成功
2016-12-25T01:33:57: 读取文件成功
2016-12-25T01:34:07: 读取文件成功
2016-12-25T01:34:17: 读取文件成功
2016-12-25T01:34:27: 读取文件成功
2016-12-25T01:34:37: 读取文件成功
2016-12-25T01:34:47: 读取文件成功
2016-12-25T01:34:57: 读取文件成功
2016-12-25T01:35:07: 读取文件成功
2016-12-25T01:35:17: 读取文件成功
2016-12-25T01:35:28: 读取文件成功
2016-12-25T01:35:37: 读取文件成功
2016-12-25T01:35:47: 读取文件成功
2016-12-25T01:35:57: 读取文件成功
2016-12-25T01:36:07: 读取文件成功
2016-12-25T01:36:17: 读取文件成功
2016-12-25T01:36:28: 读取文件成功
2016-12-25T01:36:37: 读取文件成功
2016-12-25T01:36:47: 读取文件成功
2016-12-25T01:36:57: 读取文件成功
2016-12-25T01:37:07: 读取文件成功
2016-12-25T01:37:17: 读取文件成功
2016-12-25T01:37:27: 读取文件成功
2016-12-25T01:37:37: 读取文件成功
2016-12-25T01:37:47: 读取文件成功
2016-12-25T01:37:57: 读取文件成功
2016-12-25T01:38:07: 读取文件成功
2016-12-25T01:38:17: 读取文件成功
2016-12-25T01:38:27: 读取文件成功
2016-12-25T01:38:37: 读取文件成功
2016-12-25T01:38:47: 读取文件成功
2016-12-25T01:38:57: 读取文件成功
2016-12-25T01:39:07: 读取文件成功
2016-12-25T01:39:17: 读取文件成功
2016-12-25T01:39:27: 读取文件成功
2016-12-25T01:39:37: 读取文件成功
2016-12-25T01:39:47: 读取文件成功
2016-12-25T01:39:57: 读取文件成功
2016-12-25T01:40:07: 读取文件成功
2016-12-25T01:40:17: 读取文件成功
2016-12-25T01:40:27: 读取文件成功
2016-12-25T01:40:37: 读取文件成功
2016-12-25T01:40:47: 读取文件成功
2016-12-25T01:40:57: 读取文件成功
2016-12-25T01:41:07: 读取文件成功
2016-12-25T01:41:17: 读取文件成功
2016-12-25T01:41:27: 读取文件成功
2016-12-25T01:41:37: 读取文件成功
2016-12-25T01:41:47: 读取文件成功
2016-12-25T01:41:57: 读取文件成功
2016-12-25T01:42:07: 读取文件成功
2016-12-25T01:42:18: 读取文件成功
2016-12-25T01:42:27: 读取文件成功
2016-12-25T01:42:37: 读取文件成功
2016-12-25T01:42:47: 读取文件成功
2016-12-25T01:42:57: 读取文件成功
2016-12-25T01:43:07: 读取文件成功
2016-12-25T01:43:17: 读取文件成功
2016-12-25T01:43:28: 读取文件成功
2016-12-25T01:43:37: 读取文件成功
2016-12-25T01:43:47: 读取文件成功
2016-12-25T01:43:57: 读取文件成功
2016-12-25T01:44:07: 读取文件成功
2016-12-25T01:44:17: 读取文件成功
2016-12-25T01:44:31: 读取文件成功
2016-12-25T01:44:41: 读取文件成功
2016-12-25T01:44:49: 读取文件成功
2016-12-25T01:44:59: 读取文件成功
2016-12-25T01:45:07: 读取文件成功
2016-12-25T01:45:18: 读取文件成功
2016-12-25T01:45:27: 读取文件成功
2016-12-25T01:45:38: 读取文件成功
2016-12-25T01:45:48: 读取文件成功
2016-12-25T01:45:58: 读取文件成功
2016-12-25T01:46:08: 读取文件成功
2016-12-25T01:46:18: 读取文件成功
2016-12-25T01:46:28: 读取文件成功
2016-12-25T01:46:38: 读取文件成功
2016-12-25T01:46:48: 读取文件成功
2016-12-25T01:46:58: 读取文件成功
2016-12-25T01:47:08: 读取文件成功
2016-12-25T01:47:18: 读取文件成功
2016-12-25T01:47:28: 读取文件成功
2016-12-25T01:47:38: 读取文件成功
2016-12-25T01:47:48: 读取文件成功
2016-12-25T01:47:58: 读取文件成功
2016-12-25T01:48:08: 读取文件成功
2016-12-25T01:48:18: 读取文件成功
2016-12-25T01:48:28: 读取文件成功
2016-12-25T01:48:38: 读取文件成功
2016-12-25T01:48:48: 读取文件成功
2016-12-25T01:48:58: 读取文件成功
2016-12-25T01:49:08: 读取文件成功
2016-12-25T01:49:18: 读取文件成功
2016-12-25T01:49:28: 读取文件成功
2016-12-25T01:49:38: 读取文件成功
2016-12-25T01:49:48: 读取文件成功
2016-12-25T01:49:58: 读取文件成功
2016-12-25T01:50:08: 读取文件成功
2016-12-25T01:50:18: 读取文件成功
2016-12-25T01:50:28: 读取文件成功
2016-12-25T01:50:38: 读取文件成功
2016-12-25T01:50:48: 读取文件成功
2016-12-25T01:50:58: 读取文件成功
2016-12-25T01:51:08: 读取文件成功
2016-12-25T01:51:18: 读取文件成功
2016-12-25T01:51:28: 读取文件成功
2016-12-25T01:51:38: 读取文件成功
2016-12-25T01:51:48: 读取文件成功
2016-12-25T01:51:58: 读取文件成功
2016-12-25T01:52:08: 读取文件成功
2016-12-25T01:52:18: 读取文件成功
2016-12-25T01:52:28: 读取文件成功
2016-12-25T01:52:38: 读取文件成功
2016-12-25T01:52:48: 读取文件成功
2016-12-25T01:52:58: 读取文件成功
2016-12-25T01:53:08: 读取文件成功
2016-12-25T01:53:18: 读取文件成功
2016-12-25T01:53:28: 读取文件成功
2016-12-25T01:53:38: 读取文件成功
2016-12-25T01:53:48: 读取文件成功
2016-12-25T01:53:58: 读取文件成功
2016-12-25T01:54:08: 读取文件成功
2016-12-25T01:54:18: 读取文件成功
2016-12-25T01:54:28: 读取文件成功
2016-12-25T01:54:38: 读取文件成功
2016-12-25T01:54:48: 读取文件成功
2016-12-25T01:54:58: 读取文件成功
2016-12-25T01:55:08: 读取文件成功
2016-12-25T01:55:18: 读取文件成功
2016-12-25T01:55:28: 读取文件成功
2016-12-25T01:55:39: 读取文件成功
2016-12-25T01:55:48: 读取文件成功
2016-12-25T01:55:58: 读取文件成功
2016-12-25T01:56:08: 读取文件成功
2016-12-25T01:56:18: 读取文件成功
2016-12-25T01:56:28: 读取文件成功
2016-12-25T01:56:38: 读取文件成功
2016-12-25T01:56:48: 读取文件成功
2016-12-25T01:56:58: 读取文件成功
2016-12-25T01:57:08: 读取文件成功
2016-12-25T01:57:18: 读取文件成功
2016-12-25T01:57:28: 读取文件成功
2016-12-25T01:57:38: 读取文件成功
2016-12-25T01:57:54: 读取文件成功
2016-12-25T01:57:59: 读取文件成功
2016-12-25T01:58:08: 读取文件成功
2016-12-25T01:58:18: 读取文件成功
2016-12-25T01:58:29: 读取文件成功
2016-12-25T01:58:38: 读取文件成功
2016-12-25T01:58:48: 读取文件成功
2016-12-25T01:58:58: 读取文件成功
2016-12-25T01:59:08: 读取文件成功
2016-12-25T01:59:18: 读取文件成功
2016-12-25T01:59:28: 读取文件成功
2016-12-25T01:59:38: 读取文件成功
2016-12-25T01:59:48: 读取文件成功
2016-12-25T01:59:58: 读取文件成功
2016-12-25T02:00:08: 读取文件成功
2016-12-25T02:00:18: 读取文件成功
2016-12-25T02:00:28: 读取文件成功
2016-12-25T02:00:38: 读取文件成功
2016-12-25T02:00:48: 读取文件成功
2016-12-25T02:00:58: 读取文件成功
2016-12-25T02:01:09: 读取文件成功
2016-12-25T02:01:18: 读取文件成功
2016-12-25T02:01:29: 读取文件成功
2016-12-25T02:01:39: 读取文件成功
2016-12-25T02:01:49: 读取文件成功
2016-12-25T02:01:59: 读取文件成功
2016-12-25T02:02:09: 读取文件成功
2016-12-25T02:02:19: 读取文件成功
2016-12-25T02:02:29: 读取文件成功
2016-12-25T02:02:39: 读取文件成功
2016-12-25T02:02:49: 读取文件成功
2016-12-25T02:02:59: 读取文件成功
2016-12-25T02:03:09: 读取文件成功
2016-12-25T02:03:19: 读取文件成功
2016-12-25T02:03:29: 读取文件成功
2016-12-25T02:03:39: 读取文件成功
2016-12-25T02:03:49: 读取文件成功
2016-12-25T02:03:59: 读取文件成功
2016-12-25T02:04:09: 读取文件成功
2016-12-25T02:04:19: 读取文件成功
2016-12-25T02:04:29: 读取文件成功
2016-12-25T02:04:40: 读取文件成功
2016-12-25T02:04:49: 读取文件成功
2016-12-25T02:05:10: 读取文件成功
2016-12-25T02:05:14: 读取文件成功
2016-12-25T02:05:19: 读取文件成功
2016-12-25T02:05:30: 读取文件成功
2016-12-25T02:05:40: 读取文件成功
2016-12-25T02:05:49: 读取文件成功
2016-12-25T02:05:59: 读取文件成功
2016-12-25T02:06:14: 读取文件成功
2016-12-25T02:06:19: 读取文件成功
2016-12-25T02:06:29: 读取文件成功
2016-12-25T02:06:40: 读取文件成功
2016-12-25T02:06:49: 读取文件成功
2016-12-25T02:06:59: 读取文件成功
2016-12-25T02:07:09: 读取文件成功
2016-12-25T02:07:19: 读取文件成功
2016-12-25T02:07:29: 读取文件成功
2016-12-25T02:07:41: 读取文件成功
2016-12-25T02:07:49: 读取文件成功
2016-12-25T02:07:59: 读取文件成功
2016-12-25T02:08:09: 读取文件成功
2016-12-25T02:08:19: 读取文件成功
2016-12-25T02:08:29: 读取文件成功
2016-12-25T02:08:41: 读取文件成功
2016-12-25T02:08:51: 读取文件成功
2016-12-25T02:08:59: 读取文件成功
2016-12-25T02:09:09: 读取文件成功
2016-12-25T02:09:19: 读取文件成功
2016-12-25T02:09:29: 读取文件成功
2016-12-25T02:09:40: 读取文件成功
2016-12-25T02:09:49: 读取文件成功
2016-12-25T02:10:00: 读取文件成功
2016-12-25T02:10:11: 读取文件成功
2016-12-25T02:10:19: 读取文件成功
2016-12-25T02:10:29: 读取文件成功
2016-12-25T02:10:39: 读取文件成功
2016-12-25T02:10:49: 读取文件成功
2016-12-25T02:10:59: 读取文件成功
2016-12-25T02:11:09: 读取文件成功
2016-12-25T02:11:20: 读取文件成功
2016-12-25T02:11:29: 读取文件成功
2016-12-25T02:11:39: 读取文件成功
2016-12-25T02:11:49: 读取文件成功
2016-12-25T02:11:59: 读取文件成功
2016-12-25T02:12:09: 读取文件成功
2016-12-25T02:12:19: 读取文件成功
2016-12-25T02:12:30: 读取文件成功
2016-12-25T02:12:40: 读取文件成功
2016-12-25T02:12:50: 读取文件成功
2016-12-25T02:13:00: 读取文件成功
2016-12-25T02:13:10: 读取文件成功
2016-12-25T02:13:20: 读取文件成功
2016-12-25T02:13:30: 读取文件成功
2016-12-25T02:13:40: 读取文件成功
2016-12-25T02:13:50: 读取文件成功
2016-12-25T02:14:00: 读取文件成功
2016-12-25T02:14:10: 读取文件成功
2016-12-25T02:14:20: 读取文件成功
2016-12-25T02:14:30: 读取文件成功
2016-12-25T02:14:40: 读取文件成功
2016-12-25T02:14:50: 读取文件成功
2016-12-25T02:15:00: 读取文件成功
2016-12-25T02:15:10: 读取文件成功
2016-12-25T02:15:20: 读取文件成功
2016-12-25T02:15:30: 读取文件成功
2016-12-25T02:15:40: 读取文件成功
2016-12-25T02:15:50: 读取文件成功
2016-12-25T02:16:00: 读取文件成功
2016-12-25T02:16:10: 读取文件成功
2016-12-25T02:16:20: 读取文件成功
2016-12-25T02:16:30: 读取文件成功
2016-12-25T02:16:40: 读取文件成功
2016-12-25T02:16:50: 读取文件成功
2016-12-25T02:17:00: 读取文件成功
2016-12-25T02:17:10: 读取文件成功
2016-12-25T02:17:20: 读取文件成功
2016-12-25T02:17:30: 读取文件成功
2016-12-25T02:17:40: 读取文件成功
2016-12-25T02:17:50: 读取文件成功
2016-12-25T02:18:00: 读取文件成功
2016-12-25T02:18:10: 读取文件成功
2016-12-25T02:18:20: 读取文件成功
2016-12-25T02:18:30: 读取文件成功
2016-12-25T02:18:40: 读取文件成功
2016-12-25T02:18:50: 读取文件成功
2016-12-25T02:19:00: 读取文件成功
2016-12-25T02:19:10: 读取文件成功
2016-12-25T02:19:22: 读取文件成功
2016-12-25T02:19:30: 读取文件成功
2016-12-25T02:19:41: 读取文件成功
2016-12-25T02:19:50: 读取文件成功
2016-12-25T02:20:00: 读取文件成功
2016-12-25T02:20:10: 读取文件成功
2016-12-25T02:20:21: 读取文件成功
2016-12-25T02:20:30: 读取文件成功
2016-12-25T02:20:40: 读取文件成功
2016-12-25T02:20:50: 读取文件成功
2016-12-25T02:21:00: 读取文件成功
2016-12-25T02:21:17: 读取文件成功
2016-12-25T02:21:20: 读取文件成功
2016-12-25T02:21:32: 读取文件成功
2016-12-25T02:21:40: 读取文件成功
2016-12-25T02:21:50: 读取文件成功
2016-12-25T02:22:00: 读取文件成功
2016-12-25T02:22:10: 读取文件成功
2016-12-25T02:22:22: 读取文件成功
2016-12-25T02:22:30: 读取文件成功
2016-12-25T02:22:40: 读取文件成功
2016-12-25T02:22:50: 读取文件成功
2016-12-25T02:23:01: 读取文件成功
2016-12-25T02:23:11: 读取文件成功
2016-12-25T02:23:20: 读取文件成功
2016-12-25T02:23:30: 读取文件成功
2016-12-25T02:23:40: 读取文件成功
2016-12-25T02:23:50: 读取文件成功
2016-12-25T02:24:00: 读取文件成功
2016-12-25T02:24:10: 读取文件成功
2016-12-25T02:24:20: 读取文件成功
2016-12-25T02:24:30: 读取文件成功
2016-12-25T02:24:40: 读取文件成功
2016-12-25T02:24:50: 读取文件成功
2016-12-25T02:25:00: 读取文件成功
2016-12-25T02:25:11: 读取文件成功
2016-12-25T02:25:20: 读取文件成功
2016-12-25T02:25:30: 读取文件成功
2016-12-25T02:25:40: 读取文件成功
2016-12-25T02:25:50: 读取文件成功
2016-12-25T02:26:00: 读取文件成功
2016-12-25T02:26:10: 读取文件成功
2016-12-25T02:26:20: 读取文件成功
2016-12-25T02:26:30: 读取文件成功
2016-12-25T02:26:41: 读取文件成功
2016-12-25T02:26:50: 读取文件成功
2016-12-25T02:27:00: 读取文件成功
2016-12-25T02:27:10: 读取文件成功
2016-12-25T02:27:20: 读取文件成功
2016-12-25T02:27:30: 读取文件成功
2016-12-25T02:27:40: 读取文件成功
2016-12-25T02:27:51: 读取文件成功
2016-12-25T02:28:00: 读取文件成功
2016-12-25T02:28:10: 读取文件成功
2016-12-25T02:28:20: 读取文件成功
2016-12-25T02:28:30: 读取文件成功
2016-12-25T02:28:42: 读取文件成功
2016-12-25T02:28:50: 读取文件成功
2016-12-25T02:29:00: 读取文件成功
2016-12-25T02:29:11: 读取文件成功
2016-12-25T02:29:21: 读取文件成功
2016-12-25T02:29:30: 读取文件成功
2016-12-25T02:29:41: 读取文件成功
2016-12-25T02:29:51: 读取文件成功
2016-12-25T02:30:01: 读取文件成功
2016-12-25T02:30:11: 读取文件成功
2016-12-25T02:30:21: 读取文件成功
2016-12-25T02:30:31: 读取文件成功
2016-12-25T02:30:41: 读取文件成功
2016-12-25T02:30:51: 读取文件成功
2016-12-25T02:31:02: 读取文件成功
2016-12-25T02:31:11: 读取文件成功
2016-12-25T02:31:21: 读取文件成功
2016-12-25T02:31:31: 读取文件成功
2016-12-25T02:31:41: 读取文件成功
2016-12-25T02:31:52: 读取文件成功
2016-12-25T02:32:01: 读取文件成功
2016-12-25T02:32:11: 读取文件成功
2016-12-25T02:32:21: 读取文件成功
2016-12-25T02:32:31: 读取文件成功
2016-12-25T02:32:41: 读取文件成功
2016-12-25T02:32:51: 读取文件成功
2016-12-25T02:33:01: 读取文件成功
2016-12-25T02:33:11: 读取文件成功
2016-12-25T02:33:22: 读取文件成功
2016-12-25T02:33:31: 读取文件成功
2016-12-25T02:33:41: 读取文件成功
2016-12-25T02:33:51: 读取文件成功
2016-12-25T02:34:01: 读取文件成功
2016-12-25T02:34:11: 读取文件成功
2016-12-25T02:34:21: 读取文件成功
2016-12-25T02:34:31: 读取文件成功
2016-12-25T02:34:41: 读取文件成功
2016-12-25T02:34:51: 读取文件成功
2016-12-25T02:35:01: 读取文件成功
2016-12-25T02:35:11: 读取文件成功
2016-12-25T02:35:22: 读取文件成功
2016-12-25T02:35:32: 读取文件成功
2016-12-25T02:35:41: 读取文件成功
2016-12-25T02:35:51: 读取文件成功
2016-12-25T02:36:01: 读取文件成功
2016-12-25T02:36:11: 读取文件成功
2016-12-25T02:36:21: 读取文件成功
2016-12-25T02:36:31: 读取文件成功
2016-12-25T02:36:41: 读取文件成功
2016-12-25T02:36:51: 读取文件成功
2016-12-25T02:37:01: 读取文件成功
2016-12-25T02:37:11: 读取文件成功
2016-12-25T02:37:21: 读取文件成功
2016-12-25T02:37:31: 读取文件成功
2016-12-25T02:37:41: 读取文件成功
2016-12-25T02:37:51: 读取文件成功
2016-12-25T02:38:01: 读取文件成功
2016-12-25T02:38:11: 读取文件成功
2016-12-25T02:38:21: 读取文件成功
2016-12-25T02:38:32: 读取文件成功
2016-12-25T02:38:41: 读取文件成功
2016-12-25T02:38:51: 读取文件成功
2016-12-25T02:39:01: 读取文件成功
2016-12-25T02:39:11: 读取文件成功
2016-12-25T02:39:21: 读取文件成功
2016-12-25T02:39:31: 读取文件成功
2016-12-25T02:39:41: 读取文件成功
2016-12-25T02:39:52: 读取文件成功
2016-12-25T02:40:02: 读取文件成功
2016-12-25T02:40:11: 读取文件成功
2016-12-25T02:40:21: 读取文件成功
2016-12-25T02:40:31: 读取文件成功
2016-12-25T02:40:41: 读取文件成功
2016-12-25T02:40:51: 读取文件成功
2016-12-25T02:41:01: 读取文件成功
2016-12-25T02:41:11: 读取文件成功
2016-12-25T02:41:22: 读取文件成功
2016-12-25T02:41:31: 读取文件成功
2016-12-25T02:41:41: 读取文件成功
2016-12-25T02:41:52: 读取文件成功
2016-12-25T02:42:02: 读取文件成功
2016-12-25T02:42:11: 读取文件成功
2016-12-25T02:42:21: 读取文件成功
2016-12-25T02:42:31: 读取文件成功
2016-12-25T02:42:41: 读取文件成功
2016-12-25T02:42:51: 读取文件成功
2016-12-25T02:43:01: 读取文件成功
2016-12-25T02:43:12: 读取文件成功
2016-12-25T02:43:21: 读取文件成功
2016-12-25T02:43:31: 读取文件成功
2016-12-25T02:43:41: 读取文件成功
2016-12-25T02:43:51: 读取文件成功
2016-12-25T02:44:01: 读取文件成功
2016-12-25T02:44:11: 读取文件成功
2016-12-25T02:44:21: 读取文件成功
2016-12-25T02:44:31: 读取文件成功
2016-12-25T02:44:41: 读取文件成功
2016-12-25T02:44:52: 读取文件成功
2016-12-25T02:45:01: 读取文件成功
2016-12-25T02:45:11: 读取文件成功
2016-12-25T02:45:21: 读取文件成功
2016-12-25T02:45:31: 读取文件成功
2016-12-25T02:45:41: 读取文件成功
2016-12-25T02:45:52: 读取文件成功
2016-12-25T02:46:02: 读取文件成功
2016-12-25T02:46:12: 读取文件成功
2016-12-25T02:46:22: 读取文件成功
2016-12-25T02:46:32: 读取文件成功
2016-12-25T02:46:42: 读取文件成功
2016-12-25T02:46:52: 读取文件成功
2016-12-25T02:47:02: 读取文件成功
2016-12-25T02:47:12: 读取文件成功
2016-12-25T02:47:22: 读取文件成功
2016-12-25T02:47:32: 读取文件成功
2016-12-25T02:47:42: 读取文件成功
2016-12-25T02:47:52: 读取文件成功
2016-12-25T02:48:02: 读取文件成功
2016-12-25T02:48:12: 读取文件成功
2016-12-25T02:48:23: 读取文件成功
2016-12-25T02:48:32: 读取文件成功
2016-12-25T02:48:42: 读取文件成功
2016-12-25T02:48:53: 读取文件成功
2016-12-25T02:49:02: 读取文件成功
2016-12-25T02:49:12: 读取文件成功
2016-12-25T02:49:22: 读取文件成功
2016-12-25T02:49:32: 读取文件成功
2016-12-25T02:49:42: 读取文件成功
2016-12-25T02:49:52: 读取文件成功
2016-12-25T02:50:02: 读取文件成功
2016-12-25T02:50:12: 读取文件成功
2016-12-25T02:50:22: 读取文件成功
2016-12-25T02:50:32: 读取文件成功
2016-12-25T02:50:42: 读取文件成功
2016-12-25T02:50:55: 读取文件成功
2016-12-25T02:51:02: 读取文件成功
2016-12-25T02:51:12: 读取文件成功
2016-12-25T02:51:22: 读取文件成功
2016-12-25T02:51:32: 读取文件成功
2016-12-25T02:51:42: 读取文件成功
2016-12-25T02:51:52: 读取文件成功
2016-12-25T02:52:02: 读取文件成功
2016-12-25T02:52:12: 读取文件成功
2016-12-25T02:52:22: 读取文件成功
2016-12-25T02:52:32: 读取文件成功
2016-12-25T02:52:42: 读取文件成功
2016-12-25T02:52:52: 读取文件成功
2016-12-25T02:53:02: 读取文件成功
2016-12-25T02:53:12: 读取文件成功
2016-12-25T02:53:23: 读取文件成功
2016-12-25T02:53:32: 读取文件成功
2016-12-25T02:53:42: 读取文件成功
2016-12-25T02:53:52: 读取文件成功
2016-12-25T02:54:02: 读取文件成功
2016-12-25T02:54:13: 读取文件成功
2016-12-25T02:54:22: 读取文件成功
2016-12-25T02:54:33: 读取文件成功
2016-12-25T02:54:42: 读取文件成功
2016-12-25T02:54:52: 读取文件成功
2016-12-25T02:55:02: 读取文件成功
2016-12-25T02:55:13: 读取文件成功
2016-12-25T02:55:22: 读取文件成功
2016-12-25T02:55:32: 读取文件成功
2016-12-25T02:55:42: 读取文件成功
2016-12-25T02:55:52: 读取文件成功
2016-12-25T02:56:02: 读取文件成功
2016-12-25T02:56:12: 读取文件成功
2016-12-25T02:56:22: 读取文件成功
2016-12-25T02:56:32: 读取文件成功
2016-12-25T02:56:42: 读取文件成功
2016-12-25T02:56:52: 读取文件成功
2016-12-25T02:57:02: 读取文件成功
2016-12-25T02:57:12: 读取文件成功
2016-12-25T02:57:23: 读取文件成功
2016-12-25T02:57:32: 读取文件成功
2016-12-25T02:57:42: 读取文件成功
2016-12-25T02:57:52: 读取文件成功
2016-12-25T02:58:02: 读取文件成功
2016-12-25T02:58:12: 读取文件成功
2016-12-25T02:58:22: 读取文件成功
2016-12-25T02:58:32: 读取文件成功
2016-12-25T02:58:42: 读取文件成功
2016-12-25T02:58:52: 读取文件成功
2016-12-25T02:59:02: 读取文件成功
