2017-07-29T00:00:08: 非记录时间：2017-07-29T00:00:08+08:00
2017-07-29T00:01:08: 非记录时间：2017-07-29T00:01:08+08:00
2017-07-29T00:02:08: 非记录时间：2017-07-29T00:02:08+08:00
2017-07-29T00:03:08: 非记录时间：2017-07-29T00:03:08+08:00
2017-07-29T00:04:08: 非记录时间：2017-07-29T00:04:08+08:00
2017-07-29T00:05:08: 非记录时间：2017-07-29T00:05:08+08:00
2017-07-29T00:06:08: 非记录时间：2017-07-29T00:06:08+08:00
2017-07-29T00:07:08: 非记录时间：2017-07-29T00:07:08+08:00
2017-07-29T00:08:08: 非记录时间：2017-07-29T00:08:08+08:00
2017-07-29T00:09:08: 非记录时间：2017-07-29T00:09:08+08:00
2017-07-29T00:10:08: 非记录时间：2017-07-29T00:10:08+08:00
2017-07-29T00:11:08: 非记录时间：2017-07-29T00:11:08+08:00
2017-07-29T00:12:08: 非记录时间：2017-07-29T00:12:08+08:00
2017-07-29T00:13:08: 非记录时间：2017-07-29T00:13:08+08:00
2017-07-29T00:14:08: 非记录时间：2017-07-29T00:14:08+08:00
2017-07-29T00:15:08: 非记录时间：2017-07-29T00:15:08+08:00
2017-07-29T00:16:08: 非记录时间：2017-07-29T00:16:08+08:00
2017-07-29T00:17:08: 非记录时间：2017-07-29T00:17:08+08:00
2017-07-29T00:18:08: 非记录时间：2017-07-29T00:18:08+08:00
2017-07-29T00:19:08: 非记录时间：2017-07-29T00:19:08+08:00
2017-07-29T00:20:08: 非记录时间：2017-07-29T00:20:08+08:00
2017-07-29T00:21:08: 非记录时间：2017-07-29T00:21:08+08:00
2017-07-29T00:22:08: 非记录时间：2017-07-29T00:22:08+08:00
2017-07-29T00:23:08: 非记录时间：2017-07-29T00:23:08+08:00
2017-07-29T00:24:08: 非记录时间：2017-07-29T00:24:08+08:00
2017-07-29T00:25:08: 非记录时间：2017-07-29T00:25:08+08:00
2017-07-29T00:26:08: 非记录时间：2017-07-29T00:26:08+08:00
2017-07-29T00:27:08: 非记录时间：2017-07-29T00:27:08+08:00
2017-07-29T00:28:08: 非记录时间：2017-07-29T00:28:08+08:00
2017-07-29T00:29:08: 非记录时间：2017-07-29T00:29:08+08:00
2017-07-29T00:30:08: 非记录时间：2017-07-29T00:30:08+08:00
2017-07-29T00:31:08: 非记录时间：2017-07-29T00:31:08+08:00
2017-07-29T00:32:08: 非记录时间：2017-07-29T00:32:08+08:00
2017-07-29T00:33:08: 非记录时间：2017-07-29T00:33:08+08:00
2017-07-29T00:34:08: 非记录时间：2017-07-29T00:34:08+08:00
2017-07-29T00:35:08: 非记录时间：2017-07-29T00:35:08+08:00
2017-07-29T00:36:08: 非记录时间：2017-07-29T00:36:08+08:00
2017-07-29T00:37:08: 非记录时间：2017-07-29T00:37:08+08:00
2017-07-29T00:38:08: 非记录时间：2017-07-29T00:38:08+08:00
2017-07-29T00:39:08: 非记录时间：2017-07-29T00:39:08+08:00
2017-07-29T00:40:08: 非记录时间：2017-07-29T00:40:08+08:00
2017-07-29T00:41:08: 非记录时间：2017-07-29T00:41:08+08:00
2017-07-29T00:42:08: 非记录时间：2017-07-29T00:42:08+08:00
2017-07-29T00:43:08: 非记录时间：2017-07-29T00:43:08+08:00
2017-07-29T00:44:08: 非记录时间：2017-07-29T00:44:08+08:00
2017-07-29T00:45:08: 非记录时间：2017-07-29T00:45:08+08:00
2017-07-29T00:46:08: 非记录时间：2017-07-29T00:46:08+08:00
2017-07-29T00:47:08: 非记录时间：2017-07-29T00:47:08+08:00
2017-07-29T00:48:08: 非记录时间：2017-07-29T00:48:08+08:00
2017-07-29T00:49:08: 非记录时间：2017-07-29T00:49:08+08:00
2017-07-29T00:50:08: 非记录时间：2017-07-29T00:50:08+08:00
2017-07-29T00:51:08: 非记录时间：2017-07-29T00:51:08+08:00
2017-07-29T00:52:08: 非记录时间：2017-07-29T00:52:08+08:00
2017-07-29T00:53:08: 非记录时间：2017-07-29T00:53:08+08:00
2017-07-29T00:54:08: 非记录时间：2017-07-29T00:54:08+08:00
2017-07-29T00:55:08: 非记录时间：2017-07-29T00:55:08+08:00
2017-07-29T00:56:08: 非记录时间：2017-07-29T00:56:08+08:00
2017-07-29T00:57:08: 非记录时间：2017-07-29T00:57:08+08:00
2017-07-29T00:58:08: 非记录时间：2017-07-29T00:58:08+08:00
2017-07-29T00:59:08: 非记录时间：2017-07-29T00:59:08+08:00
2017-07-29T01:00:08: 非记录时间：2017-07-29T01:00:08+08:00
2017-07-29T01:01:08: 非记录时间：2017-07-29T01:01:08+08:00
2017-07-29T01:02:08: 非记录时间：2017-07-29T01:02:08+08:00
2017-07-29T01:03:08: 非记录时间：2017-07-29T01:03:08+08:00
2017-07-29T01:04:08: 非记录时间：2017-07-29T01:04:08+08:00
2017-07-29T01:05:08: 非记录时间：2017-07-29T01:05:08+08:00
2017-07-29T01:06:08: 非记录时间：2017-07-29T01:06:08+08:00
2017-07-29T01:07:08: 非记录时间：2017-07-29T01:07:08+08:00
2017-07-29T01:08:08: 非记录时间：2017-07-29T01:08:08+08:00
2017-07-29T01:09:08: 非记录时间：2017-07-29T01:09:08+08:00
2017-07-29T01:10:08: 非记录时间：2017-07-29T01:10:08+08:00
2017-07-29T01:11:09: 读取文件失败，可能是该文件不存在
2017-07-29T01:11:09: Error: ENOENT: no such file or directory, open './data/2017-07-29.json'
2017-07-29T01:12:08: 读取文件成功
2017-07-29T01:13:08: 读取文件成功
2017-07-29T01:14:09: 读取文件成功
2017-07-29T01:15:08: 读取文件成功
2017-07-29T01:16:09: 读取文件成功
2017-07-29T01:17:09: 读取文件成功
2017-07-29T01:18:09: 读取文件成功
2017-07-29T01:19:08: 读取文件成功
2017-07-29T01:20:09: 读取文件成功
2017-07-29T01:21:09: 读取文件成功
2017-07-29T01:22:09: 读取文件成功
2017-07-29T01:23:09: 读取文件成功
2017-07-29T01:24:09: 读取文件成功
2017-07-29T01:25:09: 读取文件成功
2017-07-29T01:26:09: 读取文件成功
2017-07-29T01:27:09: 读取文件成功
2017-07-29T01:28:09: 读取文件成功
2017-07-29T01:29:09: 读取文件成功
2017-07-29T01:30:09: 读取文件成功
2017-07-29T01:31:09: 读取文件成功
2017-07-29T01:32:09: 读取文件成功
2017-07-29T01:33:09: 读取文件成功
2017-07-29T01:34:09: 读取文件成功
2017-07-29T01:35:09: 读取文件成功
2017-07-29T01:36:09: 读取文件成功
2017-07-29T01:37:09: 读取文件成功
2017-07-29T01:38:09: 读取文件成功
2017-07-29T01:39:09: 读取文件成功
2017-07-29T01:40:09: 读取文件成功
2017-07-29T01:41:09: 读取文件成功
2017-07-29T01:42:09: 读取文件成功
2017-07-29T01:43:09: 读取文件成功
2017-07-29T01:44:09: 读取文件成功
2017-07-29T01:45:09: 读取文件成功
2017-07-29T01:46:09: 读取文件成功
2017-07-29T01:47:09: 读取文件成功
2017-07-29T01:48:09: 读取文件成功
2017-07-29T01:49:09: 读取文件成功
2017-07-29T01:50:09: 读取文件成功
2017-07-29T01:51:09: 读取文件成功
2017-07-29T01:52:09: 读取文件成功
2017-07-29T01:53:09: 读取文件成功
2017-07-29T01:54:09: 读取文件成功
2017-07-29T01:55:09: 读取文件成功
2017-07-29T01:56:09: 读取文件成功
2017-07-29T01:57:09: 读取文件成功
2017-07-29T01:58:09: 读取文件成功
2017-07-29T01:59:09: 读取文件成功
2017-07-29T02:00:09: 读取文件成功
2017-07-29T02:01:09: 读取文件成功
2017-07-29T02:02:09: 读取文件成功
2017-07-29T02:03:09: 读取文件成功
2017-07-29T02:04:09: 读取文件成功
2017-07-29T02:05:09: 读取文件成功
2017-07-29T02:06:09: 读取文件成功
2017-07-29T02:07:09: 读取文件成功
2017-07-29T02:08:09: 读取文件成功
2017-07-29T02:09:09: 读取文件成功
2017-07-29T02:10:09: 读取文件成功
2017-07-29T02:11:09: 读取文件成功
2017-07-29T02:12:09: 读取文件成功
2017-07-29T02:13:09: 读取文件成功
2017-07-29T02:14:09: 读取文件成功
2017-07-29T02:15:09: 读取文件成功
2017-07-29T02:16:09: 读取文件成功
2017-07-29T02:17:09: 读取文件成功
2017-07-29T02:18:09: 读取文件成功
2017-07-29T02:19:09: 读取文件成功
2017-07-29T02:20:09: 读取文件成功
2017-07-29T02:21:09: 读取文件成功
2017-07-29T02:22:09: 读取文件成功
2017-07-29T02:23:09: 读取文件成功
2017-07-29T02:24:09: 读取文件成功
2017-07-29T02:25:09: 读取文件成功
2017-07-29T02:26:09: 读取文件成功
2017-07-29T02:27:09: 读取文件成功
2017-07-29T02:28:09: 读取文件成功
2017-07-29T02:29:09: 读取文件成功
2017-07-29T02:30:09: 读取文件成功
2017-07-29T02:31:09: 读取文件成功
2017-07-29T02:32:09: 读取文件成功
2017-07-29T02:33:09: 读取文件成功
2017-07-29T02:34:09: 读取文件成功
2017-07-29T02:35:09: 读取文件成功
2017-07-29T02:36:09: 读取文件成功
2017-07-29T02:37:09: 读取文件成功
2017-07-29T02:38:09: 读取文件成功
2017-07-29T02:39:09: 读取文件成功
2017-07-29T02:40:09: 读取文件成功
2017-07-29T02:41:09: 读取文件成功
2017-07-29T02:42:09: 读取文件成功
2017-07-29T02:43:09: 读取文件成功
2017-07-29T02:44:09: 读取文件成功
2017-07-29T02:45:09: 读取文件成功
2017-07-29T02:46:09: 读取文件成功
2017-07-29T02:47:10: 读取文件成功
2017-07-29T02:48:09: 读取文件成功
2017-07-29T02:49:09: 读取文件成功
2017-07-29T02:50:09: 读取文件成功
2017-07-29T02:51:09: 读取文件成功
2017-07-29T02:52:09: 读取文件成功
2017-07-29T02:53:10: 读取文件成功
2017-07-29T02:54:09: 读取文件成功
2017-07-29T02:55:09: 读取文件成功
2017-07-29T02:56:10: 读取文件成功
2017-07-29T02:57:09: 读取文件成功
2017-07-29T02:58:09: 读取文件成功
2017-07-29T02:59:10: 读取文件成功
2017-07-29T03:00:09: 读取文件成功
2017-07-29T03:01:10: 读取文件成功
2017-07-29T03:02:10: 读取文件成功
2017-07-29T03:03:10: 读取文件成功
2017-07-29T03:04:10: 读取文件成功
2017-07-29T03:05:10: 读取文件成功
2017-07-29T03:06:10: 读取文件成功
2017-07-29T03:07:10: 读取文件成功
2017-07-29T03:08:10: 读取文件成功
2017-07-29T03:09:10: 读取文件成功
2017-07-29T03:10:10: 读取文件成功
2017-07-29T03:11:10: 读取文件成功
2017-07-29T03:12:10: 读取文件成功
2017-07-29T03:13:10: 读取文件成功
2017-07-29T03:14:10: 读取文件成功
2017-07-29T03:15:10: 读取文件成功
2017-07-29T03:16:10: 读取文件成功
2017-07-29T03:17:10: 读取文件成功
2017-07-29T03:18:10: 读取文件成功
2017-07-29T03:19:10: 读取文件成功
2017-07-29T03:20:10: 读取文件成功
2017-07-29T03:21:10: 读取文件成功
2017-07-29T03:22:10: 读取文件成功
2017-07-29T03:23:10: 读取文件成功
2017-07-29T03:24:10: 读取文件成功
2017-07-29T03:25:10: 读取文件成功
2017-07-29T03:26:10: 读取文件成功
2017-07-29T03:27:10: 读取文件成功
2017-07-29T03:28:10: 读取文件成功
2017-07-29T03:29:10: 读取文件成功
2017-07-29T03:30:10: 读取文件成功
2017-07-29T03:31:10: 读取文件成功
2017-07-29T03:32:10: 读取文件成功
2017-07-29T03:33:10: 读取文件成功
2017-07-29T03:34:10: 读取文件成功
2017-07-29T03:35:10: 读取文件成功
2017-07-29T03:36:10: 读取文件成功
2017-07-29T03:37:10: 读取文件成功
2017-07-29T03:38:10: 读取文件成功
2017-07-29T03:39:10: 读取文件成功
2017-07-29T03:40:10: 读取文件成功
2017-07-29T03:41:10: 读取文件成功
2017-07-29T03:42:10: 读取文件成功
2017-07-29T03:43:10: 读取文件成功
2017-07-29T03:44:10: 读取文件成功
2017-07-29T03:45:10: 读取文件成功
2017-07-29T03:46:10: 读取文件成功
2017-07-29T03:47:10: 读取文件成功
2017-07-29T03:48:10: 读取文件成功
2017-07-29T03:49:10: 读取文件成功
2017-07-29T03:50:10: 读取文件成功
2017-07-29T03:51:10: 读取文件成功
2017-07-29T03:52:10: 读取文件成功
2017-07-29T03:53:10: 读取文件成功
2017-07-29T03:54:10: 读取文件成功
2017-07-29T03:55:10: 读取文件成功
2017-07-29T03:56:10: 读取文件成功
2017-07-29T03:57:10: 读取文件成功
2017-07-29T03:58:10: 读取文件成功
2017-07-29T03:59:10: 读取文件成功
2017-07-29T04:00:10: 读取文件成功
2017-07-29T04:01:10: 读取文件成功
2017-07-29T04:02:10: 读取文件成功
2017-07-29T04:03:10: 读取文件成功
2017-07-29T04:04:10: 读取文件成功
2017-07-29T04:05:10: 读取文件成功
2017-07-29T04:06:10: 读取文件成功
2017-07-29T04:07:10: 读取文件成功
2017-07-29T04:08:10: 读取文件成功
2017-07-29T04:09:10: 读取文件成功
2017-07-29T04:10:10: 读取文件成功
2017-07-29T04:11:10: 读取文件成功
2017-07-29T04:12:10: 读取文件成功
2017-07-29T04:13:10: 读取文件成功
2017-07-29T04:14:10: 读取文件成功
2017-07-29T04:15:10: 读取文件成功
2017-07-29T04:16:10: 读取文件成功
2017-07-29T04:17:10: 读取文件成功
2017-07-29T04:18:10: 读取文件成功
2017-07-29T04:19:10: 读取文件成功
2017-07-29T04:20:10: 读取文件成功
2017-07-29T04:21:10: 读取文件成功
2017-07-29T04:22:10: 读取文件成功
2017-07-29T04:23:10: 读取文件成功
2017-07-29T04:24:10: 读取文件成功
2017-07-29T04:25:10: 读取文件成功
2017-07-29T04:26:10: 读取文件成功
2017-07-29T04:27:10: 读取文件成功
2017-07-29T04:28:10: 读取文件成功
2017-07-29T04:29:10: 读取文件成功
2017-07-29T04:30:10: 读取文件成功
2017-07-29T04:31:10: 读取文件成功
2017-07-29T04:32:10: 读取文件成功
2017-07-29T04:33:10: 读取文件成功
2017-07-29T04:34:11: 读取文件成功
2017-07-29T04:35:10: 读取文件成功
2017-07-29T04:36:10: 读取文件成功
2017-07-29T04:37:10: 读取文件成功
2017-07-29T04:38:10: 读取文件成功
2017-07-29T04:39:10: 读取文件成功
2017-07-29T04:40:11: 读取文件成功
2017-07-29T04:41:11: 读取文件成功
2017-07-29T04:42:10: 读取文件成功
2017-07-29T04:43:10: 读取文件成功
2017-07-29T04:44:11: 读取文件成功
2017-07-29T04:45:11: 读取文件成功
2017-07-29T04:46:11: 读取文件成功
2017-07-29T04:47:11: 读取文件成功
2017-07-29T04:48:11: 读取文件成功
2017-07-29T04:49:11: 读取文件成功
2017-07-29T04:50:11: 读取文件成功
2017-07-29T04:51:11: 读取文件成功
2017-07-29T04:52:11: 读取文件成功
2017-07-29T04:53:11: 读取文件成功
2017-07-29T04:54:11: 读取文件成功
2017-07-29T04:55:11: 读取文件成功
2017-07-29T04:56:11: 读取文件成功
2017-07-29T04:57:11: 读取文件成功
2017-07-29T04:58:11: 读取文件成功
2017-07-29T04:59:11: 读取文件成功
2017-07-29T05:00:11: 读取文件成功
2017-07-29T05:01:11: 读取文件成功
2017-07-29T05:02:11: 读取文件成功
2017-07-29T05:03:11: 读取文件成功
2017-07-29T05:04:11: 读取文件成功
2017-07-29T05:05:11: 读取文件成功
2017-07-29T05:06:11: 读取文件成功
2017-07-29T05:07:11: 读取文件成功
2017-07-29T05:08:11: 读取文件成功
2017-07-29T05:09:11: 读取文件成功
2017-07-29T05:10:11: 读取文件成功
2017-07-29T05:11:11: 读取文件成功
2017-07-29T05:12:11: 读取文件成功
2017-07-29T05:13:11: 读取文件成功
2017-07-29T05:14:11: 读取文件成功
2017-07-29T05:15:11: 读取文件成功
2017-07-29T05:16:11: 读取文件成功
2017-07-29T05:17:11: 读取文件成功
2017-07-29T05:18:11: 读取文件成功
2017-07-29T05:19:11: 读取文件成功
2017-07-29T05:20:11: 读取文件成功
2017-07-29T05:21:11: 读取文件成功
2017-07-29T05:22:11: 读取文件成功
2017-07-29T05:23:11: 读取文件成功
2017-07-29T05:24:11: 读取文件成功
2017-07-29T05:25:11: 读取文件成功
2017-07-29T05:26:11: 读取文件成功
2017-07-29T05:27:11: 读取文件成功
2017-07-29T05:28:11: 读取文件成功
2017-07-29T05:29:11: 读取文件成功
2017-07-29T05:30:11: 读取文件成功
2017-07-29T05:31:11: 读取文件成功
2017-07-29T05:32:11: 读取文件成功
2017-07-29T05:33:11: 读取文件成功
2017-07-29T05:34:11: 读取文件成功
2017-07-29T05:35:11: 读取文件成功
2017-07-29T05:36:11: 读取文件成功
2017-07-29T05:37:11: 读取文件成功
2017-07-29T05:38:11: 读取文件成功
2017-07-29T05:39:11: 读取文件成功
2017-07-29T05:40:11: 读取文件成功
2017-07-29T05:41:11: 读取文件成功
2017-07-29T05:42:11: 读取文件成功
2017-07-29T05:43:11: 读取文件成功
2017-07-29T05:44:11: 读取文件成功
2017-07-29T05:45:11: 读取文件成功
2017-07-29T05:46:11: 读取文件成功
2017-07-29T05:47:11: 读取文件成功
2017-07-29T05:48:11: 读取文件成功
2017-07-29T05:49:11: 读取文件成功
2017-07-29T05:50:11: 读取文件成功
2017-07-29T05:51:11: 读取文件成功
2017-07-29T05:52:11: 读取文件成功
2017-07-29T05:53:11: 读取文件成功
2017-07-29T05:54:11: 读取文件成功
2017-07-29T05:55:11: 读取文件成功
2017-07-29T05:56:11: 读取文件成功
2017-07-29T05:57:11: 读取文件成功
2017-07-29T05:58:11: 读取文件成功
2017-07-29T05:59:11: 读取文件成功
2017-07-29T06:00:12: 读取文件成功
2017-07-29T06:01:11: 读取文件成功
2017-07-29T06:02:11: 读取文件成功
2017-07-29T06:03:11: 读取文件成功
2017-07-29T06:04:11: 读取文件成功
2017-07-29T06:05:11: 读取文件成功
2017-07-29T06:06:11: 读取文件成功
2017-07-29T06:07:11: 读取文件成功
2017-07-29T06:08:11: 读取文件成功
2017-07-29T06:09:11: 读取文件成功
2017-07-29T06:10:11: 读取文件成功
2017-07-29T06:11:11: 读取文件成功
2017-07-29T06:12:11: 读取文件成功
2017-07-29T06:13:11: 读取文件成功
2017-07-29T06:14:11: 读取文件成功
2017-07-29T06:15:12: 读取文件成功
2017-07-29T06:16:11: 读取文件成功
2017-07-29T06:17:11: 读取文件成功
2017-07-29T06:18:11: 读取文件成功
2017-07-29T06:19:11: 读取文件成功
2017-07-29T06:20:11: 读取文件成功
2017-07-29T06:21:12: 读取文件成功
2017-07-29T06:22:11: 读取文件成功
2017-07-29T06:23:11: 读取文件成功
2017-07-29T06:24:11: 读取文件成功
2017-07-29T06:25:12: 读取文件成功
2017-07-29T06:26:12: 读取文件成功
2017-07-29T06:27:12: 读取文件成功
2017-07-29T06:28:12: 读取文件成功
2017-07-29T06:29:12: 读取文件成功
2017-07-29T06:30:12: 读取文件成功
2017-07-29T06:31:12: 读取文件成功
2017-07-29T06:32:12: 读取文件成功
2017-07-29T06:33:12: 读取文件成功
2017-07-29T06:34:12: 读取文件成功
2017-07-29T06:35:12: 读取文件成功
2017-07-29T06:36:12: 读取文件成功
2017-07-29T06:37:12: 读取文件成功
2017-07-29T06:38:12: 读取文件成功
2017-07-29T06:39:12: 读取文件成功
2017-07-29T06:40:12: 读取文件成功
2017-07-29T06:41:12: 读取文件成功
2017-07-29T06:42:12: 读取文件成功
2017-07-29T06:43:12: 读取文件成功
2017-07-29T06:44:12: 读取文件成功
2017-07-29T06:45:12: 读取文件成功
2017-07-29T06:46:12: 读取文件成功
2017-07-29T06:47:12: 读取文件成功
2017-07-29T06:48:12: 读取文件成功
2017-07-29T06:49:12: 读取文件成功
2017-07-29T06:50:12: 读取文件成功
2017-07-29T06:51:12: 读取文件成功
2017-07-29T06:52:12: 读取文件成功
2017-07-29T06:53:12: 读取文件成功
2017-07-29T06:54:12: 读取文件成功
2017-07-29T06:55:12: 读取文件成功
2017-07-29T06:56:12: 读取文件成功
2017-07-29T06:57:12: 读取文件成功
2017-07-29T06:58:12: 读取文件成功
2017-07-29T06:59:12: 读取文件成功
2017-07-29T07:00:12: 读取文件成功
2017-07-29T07:01:12: 读取文件成功
2017-07-29T07:02:12: 读取文件成功
2017-07-29T07:03:12: 读取文件成功
2017-07-29T07:04:12: 读取文件成功
2017-07-29T07:05:12: 读取文件成功
2017-07-29T07:06:12: 读取文件成功
2017-07-29T07:07:12: 读取文件成功
2017-07-29T07:08:12: 读取文件成功
2017-07-29T07:09:12: 读取文件成功
2017-07-29T07:10:12: 读取文件成功
2017-07-29T07:11:12: 读取文件成功
2017-07-29T07:12:12: 读取文件成功
2017-07-29T07:13:12: 读取文件成功
2017-07-29T07:14:12: 读取文件成功
2017-07-29T07:15:12: 读取文件成功
2017-07-29T07:16:12: 读取文件成功
2017-07-29T07:17:12: 读取文件成功
2017-07-29T07:18:12: 读取文件成功
2017-07-29T07:19:12: 读取文件成功
2017-07-29T07:20:12: 读取文件成功
2017-07-29T07:21:12: 读取文件成功
2017-07-29T07:22:12: 读取文件成功
2017-07-29T07:23:12: 读取文件成功
2017-07-29T07:24:12: 读取文件成功
2017-07-29T07:25:12: 读取文件成功
2017-07-29T07:26:12: 读取文件成功
2017-07-29T07:27:12: 读取文件成功
2017-07-29T07:28:12: 读取文件成功
2017-07-29T07:29:12: 读取文件成功
2017-07-29T07:30:12: 读取文件成功
2017-07-29T07:31:12: 读取文件成功
2017-07-29T07:32:12: 读取文件成功
2017-07-29T07:33:12: 读取文件成功
2017-07-29T07:34:12: 读取文件成功
2017-07-29T07:35:12: 读取文件成功
2017-07-29T07:36:12: 读取文件成功
2017-07-29T07:37:12: 读取文件成功
2017-07-29T07:38:12: 读取文件成功
2017-07-29T07:39:12: 读取文件成功
2017-07-29T07:40:12: 读取文件成功
2017-07-29T07:41:12: 读取文件成功
2017-07-29T07:42:12: 读取文件成功
2017-07-29T07:43:12: 读取文件成功
2017-07-29T07:44:12: 读取文件成功
2017-07-29T07:45:12: 读取文件成功
2017-07-29T07:46:12: 读取文件成功
2017-07-29T07:47:12: 读取文件成功
2017-07-29T07:48:12: 读取文件成功
2017-07-29T07:49:12: 读取文件成功
2017-07-29T07:50:12: 读取文件成功
2017-07-29T07:51:12: 读取文件成功
2017-07-29T07:52:12: 读取文件成功
2017-07-29T07:53:12: 读取文件成功
2017-07-29T07:54:12: 读取文件成功
2017-07-29T07:55:12: 读取文件成功
2017-07-29T07:56:13: 读取文件成功
2017-07-29T07:57:12: 读取文件成功
2017-07-29T07:58:12: 读取文件成功
2017-07-29T07:59:12: 读取文件成功
2017-07-29T08:00:12: 读取文件成功
2017-07-29T08:01:12: 读取文件成功
2017-07-29T08:02:13: 读取文件成功
2017-07-29T08:03:12: 读取文件成功
2017-07-29T08:04:13: 读取文件成功
2017-07-29T08:05:12: 读取文件成功
2017-07-29T08:06:12: 读取文件成功
2017-07-29T08:07:12: 读取文件成功
2017-07-29T08:08:13: 读取文件成功
2017-07-29T08:09:13: 读取文件成功
2017-07-29T08:10:13: 读取文件成功
2017-07-29T08:11:13: 读取文件成功
2017-07-29T08:12:13: 读取文件成功
2017-07-29T08:13:13: 读取文件成功
2017-07-29T08:14:13: 读取文件成功
2017-07-29T08:15:13: 读取文件成功
2017-07-29T08:16:13: 读取文件成功
2017-07-29T08:17:13: 读取文件成功
2017-07-29T08:18:13: 读取文件成功
2017-07-29T08:19:13: 读取文件成功
2017-07-29T08:20:13: 读取文件成功
2017-07-29T08:21:13: 读取文件成功
2017-07-29T08:22:13: 读取文件成功
2017-07-29T08:23:13: 读取文件成功
2017-07-29T08:24:13: 读取文件成功
2017-07-29T08:25:13: 读取文件成功
2017-07-29T08:26:13: 读取文件成功
2017-07-29T08:27:13: 读取文件成功
2017-07-29T08:28:13: 读取文件成功
2017-07-29T08:29:13: 读取文件成功
2017-07-29T08:30:13: 读取文件成功
2017-07-29T08:31:13: 读取文件成功
2017-07-29T08:32:13: 读取文件成功
2017-07-29T08:33:13: 读取文件成功
2017-07-29T08:34:13: 读取文件成功
2017-07-29T08:35:13: 读取文件成功
2017-07-29T08:36:13: 读取文件成功
2017-07-29T08:37:13: 读取文件成功
2017-07-29T08:38:13: 读取文件成功
2017-07-29T08:39:13: 读取文件成功
2017-07-29T08:40:13: 读取文件成功
2017-07-29T08:41:13: 读取文件成功
2017-07-29T08:42:13: 读取文件成功
2017-07-29T08:43:13: 读取文件成功
2017-07-29T08:44:13: 读取文件成功
2017-07-29T08:45:13: 读取文件成功
2017-07-29T08:46:13: 读取文件成功
2017-07-29T08:47:13: 读取文件成功
2017-07-29T08:48:13: 读取文件成功
2017-07-29T08:49:13: 读取文件成功
2017-07-29T08:50:13: 读取文件成功
2017-07-29T08:51:13: 读取文件成功
2017-07-29T08:52:13: 读取文件成功
2017-07-29T08:53:13: 读取文件成功
2017-07-29T08:54:13: 读取文件成功
2017-07-29T08:55:13: 读取文件成功
2017-07-29T08:56:13: 读取文件成功
2017-07-29T08:57:13: 读取文件成功
2017-07-29T08:58:13: 读取文件成功
2017-07-29T08:59:13: 读取文件成功
2017-07-29T09:00:13: 读取文件成功
2017-07-29T09:01:13: 读取文件成功
2017-07-29T09:02:13: 读取文件成功
2017-07-29T09:03:13: 读取文件成功
2017-07-29T09:04:13: 读取文件成功
2017-07-29T09:05:13: 读取文件成功
2017-07-29T09:06:13: 读取文件成功
2017-07-29T09:07:13: 读取文件成功
2017-07-29T09:08:13: 读取文件成功
2017-07-29T09:09:13: 读取文件成功
2017-07-29T09:10:13: 读取文件成功
2017-07-29T09:11:13: 读取文件成功
2017-07-29T09:12:13: 读取文件成功
2017-07-29T09:13:13: 读取文件成功
2017-07-29T09:14:13: 读取文件成功
2017-07-29T09:15:13: 读取文件成功
2017-07-29T09:16:13: 读取文件成功
2017-07-29T09:17:13: 读取文件成功
2017-07-29T09:18:13: 读取文件成功
2017-07-29T09:19:13: 读取文件成功
2017-07-29T09:20:13: 读取文件成功
2017-07-29T09:21:13: 读取文件成功
2017-07-29T09:22:13: 读取文件成功
2017-07-29T09:23:13: 读取文件成功
2017-07-29T09:24:13: 读取文件成功
2017-07-29T09:25:13: 读取文件成功
2017-07-29T09:26:13: 读取文件成功
2017-07-29T09:27:13: 读取文件成功
2017-07-29T09:28:13: 读取文件成功
2017-07-29T09:29:13: 读取文件成功
2017-07-29T09:30:13: 读取文件成功
2017-07-29T09:31:13: 读取文件成功
2017-07-29T09:32:13: 读取文件成功
2017-07-29T09:33:13: 读取文件成功
2017-07-29T09:34:13: 读取文件成功
2017-07-29T09:35:13: 读取文件成功
2017-07-29T09:36:13: 读取文件成功
2017-07-29T09:37:14: 读取文件成功
2017-07-29T09:38:13: 读取文件成功
2017-07-29T09:39:13: 读取文件成功
2017-07-29T09:40:13: 读取文件成功
2017-07-29T09:41:13: 读取文件成功
2017-07-29T09:42:13: 读取文件成功
2017-07-29T09:43:14: 读取文件成功
2017-07-29T09:44:14: 读取文件成功
2017-07-29T09:45:13: 读取文件成功
2017-07-29T09:46:13: 读取文件成功
2017-07-29T09:47:14: 读取文件成功
2017-07-29T09:48:14: 读取文件成功
2017-07-29T09:49:14: 读取文件成功
2017-07-29T09:50:14: 读取文件成功
2017-07-29T09:51:14: 读取文件成功
2017-07-29T09:52:14: 读取文件成功
2017-07-29T09:53:14: 读取文件成功
2017-07-29T09:54:14: 读取文件成功
2017-07-29T09:55:14: 读取文件成功
2017-07-29T09:56:14: 读取文件成功
2017-07-29T09:57:14: 读取文件成功
2017-07-29T09:58:14: 读取文件成功
2017-07-29T09:59:14: 读取文件成功
2017-07-29T10:00:14: 读取文件成功
2017-07-29T10:01:14: 读取文件成功
2017-07-29T10:02:14: 读取文件成功
2017-07-29T10:03:14: 读取文件成功
2017-07-29T10:04:14: 读取文件成功
2017-07-29T10:05:14: 读取文件成功
2017-07-29T10:06:14: 读取文件成功
2017-07-29T10:07:14: 读取文件成功
2017-07-29T10:08:14: 读取文件成功
2017-07-29T10:09:14: 读取文件成功
2017-07-29T10:10:14: 读取文件成功
2017-07-29T10:11:14: 读取文件成功
2017-07-29T10:12:14: 读取文件成功
2017-07-29T10:13:14: 读取文件成功
2017-07-29T10:14:14: 读取文件成功
2017-07-29T10:15:14: 读取文件成功
2017-07-29T10:16:14: 读取文件成功
2017-07-29T10:17:14: 读取文件成功
2017-07-29T10:18:14: 读取文件成功
2017-07-29T10:19:14: 读取文件成功
2017-07-29T10:20:14: 读取文件成功
2017-07-29T10:21:14: 读取文件成功
2017-07-29T10:22:14: 读取文件成功
2017-07-29T10:23:14: 读取文件成功
2017-07-29T10:24:14: 读取文件成功
2017-07-29T10:25:14: 读取文件成功
2017-07-29T10:26:14: 读取文件成功
2017-07-29T10:27:14: 读取文件成功
2017-07-29T10:28:14: 读取文件成功
2017-07-29T10:29:14: 读取文件成功
2017-07-29T10:30:14: 读取文件成功
2017-07-29T10:31:14: 读取文件成功
2017-07-29T10:32:14: 读取文件成功
2017-07-29T10:33:14: 读取文件成功
2017-07-29T10:34:14: 读取文件成功
2017-07-29T10:35:14: 读取文件成功
2017-07-29T10:36:14: 读取文件成功
2017-07-29T10:37:14: 读取文件成功
2017-07-29T10:38:14: 读取文件成功
2017-07-29T10:39:14: 读取文件成功
2017-07-29T10:40:14: 读取文件成功
2017-07-29T10:41:14: 读取文件成功
2017-07-29T10:42:14: 读取文件成功
2017-07-29T10:43:14: 读取文件成功
2017-07-29T10:44:14: 读取文件成功
2017-07-29T10:45:14: 读取文件成功
2017-07-29T10:46:14: 读取文件成功
2017-07-29T10:47:14: 读取文件成功
2017-07-29T10:48:14: 读取文件成功
2017-07-29T10:49:14: 读取文件成功
2017-07-29T10:50:14: 读取文件成功
2017-07-29T10:51:14: 读取文件成功
2017-07-29T10:52:14: 读取文件成功
2017-07-29T10:53:14: 读取文件成功
2017-07-29T10:54:14: 读取文件成功
2017-07-29T10:55:14: 读取文件成功
2017-07-29T10:56:14: 读取文件成功
2017-07-29T10:57:14: 读取文件成功
2017-07-29T10:58:14: 读取文件成功
2017-07-29T10:59:14: 读取文件成功
2017-07-29T11:00:14: 读取文件成功
2017-07-29T11:01:14: 读取文件成功
2017-07-29T11:02:14: 读取文件成功
2017-07-29T11:03:14: 读取文件成功
2017-07-29T11:04:14: 读取文件成功
2017-07-29T11:05:14: 读取文件成功
2017-07-29T11:06:14: 读取文件成功
2017-07-29T11:07:14: 读取文件成功
2017-07-29T11:08:14: 读取文件成功
2017-07-29T11:09:14: 读取文件成功
2017-07-29T11:10:14: 读取文件成功
2017-07-29T11:11:14: 读取文件成功
2017-07-29T11:12:14: 读取文件成功
2017-07-29T11:13:14: 读取文件成功
2017-07-29T11:14:14: 读取文件成功
2017-07-29T11:15:14: 读取文件成功
2017-07-29T11:16:14: 读取文件成功
2017-07-29T11:17:14: 读取文件成功
2017-07-29T11:18:15: 读取文件成功
2017-07-29T11:19:14: 读取文件成功
2017-07-29T11:20:14: 读取文件成功
2017-07-29T11:21:14: 读取文件成功
2017-07-29T11:22:15: 读取文件成功
2017-07-29T11:23:15: 读取文件成功
2017-07-29T11:24:15: 读取文件成功
2017-07-29T11:25:15: 读取文件成功
2017-07-29T11:26:15: 读取文件成功
2017-07-29T11:27:15: 读取文件成功
2017-07-29T11:28:15: 读取文件成功
2017-07-29T11:29:15: 读取文件成功
2017-07-29T11:30:15: 读取文件成功
2017-07-29T11:31:15: 读取文件成功
2017-07-29T11:32:15: 读取文件成功
2017-07-29T11:33:15: 读取文件成功
2017-07-29T11:34:15: 读取文件成功
2017-07-29T11:35:15: 读取文件成功
2017-07-29T11:36:15: 读取文件成功
2017-07-29T11:37:15: 读取文件成功
2017-07-29T11:38:15: 读取文件成功
2017-07-29T11:39:15: 读取文件成功
2017-07-29T11:40:15: 读取文件成功
2017-07-29T11:41:15: 读取文件成功
2017-07-29T11:42:15: 读取文件成功
2017-07-29T11:43:15: 读取文件成功
2017-07-29T11:44:15: 读取文件成功
2017-07-29T11:45:15: 读取文件成功
2017-07-29T11:46:15: 读取文件成功
2017-07-29T11:47:15: 读取文件成功
2017-07-29T11:48:15: 读取文件成功
2017-07-29T11:49:15: 读取文件成功
2017-07-29T11:50:15: 读取文件成功
2017-07-29T11:51:15: 读取文件成功
2017-07-29T11:52:15: 读取文件成功
2017-07-29T11:53:15: 读取文件成功
2017-07-29T11:54:15: 读取文件成功
2017-07-29T11:55:15: 读取文件成功
2017-07-29T11:56:15: 读取文件成功
2017-07-29T11:57:15: 读取文件成功
2017-07-29T11:58:15: 读取文件成功
2017-07-29T11:59:15: 读取文件成功
2017-07-29T12:00:15: 读取文件成功
2017-07-29T12:01:15: 读取文件成功
2017-07-29T12:02:15: 读取文件成功
2017-07-29T12:03:15: 读取文件成功
2017-07-29T12:04:15: 读取文件成功
2017-07-29T12:05:15: 读取文件成功
2017-07-29T12:06:15: 读取文件成功
2017-07-29T12:07:15: 读取文件成功
2017-07-29T12:08:15: 读取文件成功
2017-07-29T12:09:15: 读取文件成功
2017-07-29T12:10:15: 读取文件成功
2017-07-29T12:11:15: 读取文件成功
2017-07-29T12:12:15: 读取文件成功
2017-07-29T12:13:15: 读取文件成功
2017-07-29T12:14:15: 读取文件成功
2017-07-29T12:15:15: 读取文件成功
2017-07-29T12:16:15: 读取文件成功
2017-07-29T12:17:15: 读取文件成功
2017-07-29T12:18:15: 读取文件成功
2017-07-29T12:19:15: 读取文件成功
2017-07-29T12:20:15: 读取文件成功
2017-07-29T12:21:15: 读取文件成功
2017-07-29T12:22:15: 读取文件成功
2017-07-29T12:23:15: 读取文件成功
2017-07-29T12:24:15: 读取文件成功
2017-07-29T12:25:15: 读取文件成功
2017-07-29T12:26:15: 读取文件成功
2017-07-29T12:27:15: 读取文件成功
2017-07-29T12:28:15: 读取文件成功
2017-07-29T12:29:15: 读取文件成功
2017-07-29T12:30:15: 读取文件成功
2017-07-29T12:31:15: 读取文件成功
2017-07-29T12:32:15: 读取文件成功
2017-07-29T12:33:15: 读取文件成功
2017-07-29T12:34:15: 读取文件成功
2017-07-29T12:35:15: 读取文件成功
2017-07-29T12:36:15: 读取文件成功
2017-07-29T12:37:15: 读取文件成功
2017-07-29T12:38:15: 读取文件成功
2017-07-29T12:39:15: 读取文件成功
2017-07-29T12:40:15: 读取文件成功
2017-07-29T12:41:15: 读取文件成功
2017-07-29T12:42:15: 读取文件成功
2017-07-29T12:43:15: 读取文件成功
2017-07-29T12:44:15: 读取文件成功
2017-07-29T12:45:15: 读取文件成功
2017-07-29T12:46:15: 读取文件成功
2017-07-29T12:47:15: 读取文件成功
2017-07-29T12:48:15: 读取文件成功
2017-07-29T12:49:15: 读取文件成功
2017-07-29T12:50:15: 读取文件成功
2017-07-29T12:51:15: 读取文件成功
2017-07-29T12:52:15: 读取文件成功
2017-07-29T12:53:16: 读取文件成功
2017-07-29T12:54:15: 读取文件成功
2017-07-29T12:55:16: 读取文件成功
2017-07-29T12:56:15: 读取文件成功
2017-07-29T12:57:15: 读取文件成功
2017-07-29T12:58:16: 读取文件成功
2017-07-29T12:59:16: 读取文件成功
2017-07-29T13:00:16: 读取文件成功
2017-07-29T13:01:16: 读取文件成功
2017-07-29T13:02:16: 读取文件成功
2017-07-29T13:03:16: 读取文件成功
2017-07-29T13:04:16: 读取文件成功
2017-07-29T13:05:16: 读取文件成功
2017-07-29T13:06:16: 读取文件成功
2017-07-29T13:07:16: 读取文件成功
2017-07-29T13:08:16: 读取文件成功
2017-07-29T13:09:16: 读取文件成功
2017-07-29T13:10:16: 读取文件成功
2017-07-29T13:11:16: 读取文件成功
2017-07-29T13:12:16: 读取文件成功
2017-07-29T13:13:16: 读取文件成功
2017-07-29T13:14:16: 读取文件成功
2017-07-29T13:15:16: 读取文件成功
2017-07-29T13:16:16: 读取文件成功
2017-07-29T13:17:16: 读取文件成功
2017-07-29T13:18:16: 读取文件成功
2017-07-29T13:19:16: 读取文件成功
2017-07-29T13:20:16: 读取文件成功
2017-07-29T13:21:16: 读取文件成功
2017-07-29T13:22:16: 读取文件成功
2017-07-29T13:23:16: 读取文件成功
2017-07-29T13:24:16: 读取文件成功
2017-07-29T13:25:16: 读取文件成功
2017-07-29T13:26:16: 读取文件成功
2017-07-29T13:27:16: 读取文件成功
2017-07-29T13:28:16: 读取文件成功
2017-07-29T13:29:16: 读取文件成功
2017-07-29T13:30:16: 读取文件成功
2017-07-29T13:31:16: 读取文件成功
2017-07-29T13:32:16: 读取文件成功
2017-07-29T13:33:16: 读取文件成功
2017-07-29T13:34:16: 读取文件成功
2017-07-29T13:35:16: 读取文件成功
2017-07-29T13:36:16: 读取文件成功
2017-07-29T13:37:16: 读取文件成功
2017-07-29T13:38:16: 读取文件成功
2017-07-29T13:39:16: 读取文件成功
2017-07-29T13:40:16: 读取文件成功
2017-07-29T13:41:16: 读取文件成功
2017-07-29T13:42:16: 读取文件成功
2017-07-29T13:43:16: 读取文件成功
2017-07-29T13:44:16: 读取文件成功
2017-07-29T13:45:16: 读取文件成功
2017-07-29T13:46:16: 读取文件成功
2017-07-29T13:47:16: 读取文件成功
2017-07-29T13:48:16: 读取文件成功
2017-07-29T13:49:16: 读取文件成功
2017-07-29T13:50:16: 读取文件成功
2017-07-29T13:51:16: 读取文件成功
2017-07-29T13:52:16: 读取文件成功
2017-07-29T13:53:16: 读取文件成功
2017-07-29T13:54:16: 读取文件成功
2017-07-29T13:55:16: 读取文件成功
2017-07-29T13:56:16: 读取文件成功
2017-07-29T13:57:16: 读取文件成功
2017-07-29T13:58:16: 读取文件成功
2017-07-29T13:59:16: 读取文件成功
2017-07-29T14:00:16: 读取文件成功
2017-07-29T14:01:16: 读取文件成功
2017-07-29T14:02:16: 读取文件成功
2017-07-29T14:03:16: 读取文件成功
2017-07-29T14:04:16: 读取文件成功
2017-07-29T14:05:16: 读取文件成功
2017-07-29T14:06:16: 读取文件成功
2017-07-29T14:07:16: 读取文件成功
2017-07-29T14:08:16: 读取文件成功
2017-07-29T14:09:16: 读取文件成功
2017-07-29T14:10:16: 读取文件成功
2017-07-29T14:11:16: 读取文件成功
2017-07-29T14:12:16: 读取文件成功
2017-07-29T14:13:16: 读取文件成功
2017-07-29T14:14:16: 读取文件成功
2017-07-29T14:15:16: 读取文件成功
2017-07-29T14:16:16: 读取文件成功
2017-07-29T14:17:16: 读取文件成功
2017-07-29T14:18:16: 读取文件成功
2017-07-29T14:19:16: 读取文件成功
2017-07-29T14:20:16: 读取文件成功
2017-07-29T14:21:16: 读取文件成功
2017-07-29T14:22:16: 读取文件成功
2017-07-29T14:23:17: 读取文件成功
2017-07-29T14:24:16: 读取文件成功
2017-07-29T14:25:16: 读取文件成功
2017-07-29T14:26:16: 读取文件成功
2017-07-29T14:27:16: 读取文件成功
2017-07-29T14:28:16: 读取文件成功
2017-07-29T14:29:17: 读取文件成功
2017-07-29T14:30:16: 读取文件成功
2017-07-29T14:31:16: 读取文件成功
2017-07-29T14:32:16: 读取文件成功
2017-07-29T14:33:16: 读取文件成功
2017-07-29T14:34:16: 读取文件成功
2017-07-29T14:35:17: 读取文件成功
2017-07-29T14:36:16: 读取文件成功
2017-07-29T14:37:16: 读取文件成功
2017-07-29T14:38:16: 读取文件成功
2017-07-29T14:39:16: 读取文件成功
2017-07-29T14:40:16: 读取文件成功
2017-07-29T14:41:17: 读取文件成功
2017-07-29T14:42:16: 读取文件成功
2017-07-29T14:43:16: 读取文件成功
2017-07-29T14:44:17: 读取文件成功
2017-07-29T14:45:17: 读取文件成功
2017-07-29T14:46:17: 读取文件成功
2017-07-29T14:47:17: 读取文件成功
2017-07-29T14:48:17: 读取文件成功
2017-07-29T14:49:17: 读取文件成功
2017-07-29T14:50:17: 读取文件成功
2017-07-29T14:51:17: 读取文件成功
2017-07-29T14:52:17: 读取文件成功
2017-07-29T14:53:17: 读取文件成功
2017-07-29T14:54:17: 读取文件成功
2017-07-29T14:55:17: 读取文件成功
2017-07-29T14:56:17: 读取文件成功
2017-07-29T14:57:17: 读取文件成功
2017-07-29T14:58:20: 读取文件成功
2017-07-29T14:59:17: 读取文件成功
2017-07-29T15:00:17: 读取文件成功
2017-07-29T15:01:17: 读取文件成功
2017-07-29T15:02:17: 读取文件成功
2017-07-29T15:03:17: 读取文件成功
2017-07-29T15:04:17: 读取文件成功
2017-07-29T15:05:17: 读取文件成功
2017-07-29T15:06:17: 读取文件成功
2017-07-29T15:07:17: 读取文件成功
2017-07-29T15:08:17: 读取文件成功
2017-07-29T15:09:17: 读取文件成功
2017-07-29T15:10:17: 读取文件成功
2017-07-29T15:11:17: 读取文件成功
2017-07-29T15:12:17: 读取文件成功
2017-07-29T15:13:17: 读取文件成功
2017-07-29T15:14:17: 读取文件成功
2017-07-29T15:15:17: 读取文件成功
2017-07-29T15:16:17: 读取文件成功
2017-07-29T15:17:17: 读取文件成功
2017-07-29T15:18:17: 读取文件成功
2017-07-29T15:19:17: 读取文件成功
2017-07-29T15:20:17: 读取文件成功
2017-07-29T15:21:19: 读取文件成功
2017-07-29T15:22:17: 读取文件成功
2017-07-29T15:23:17: 读取文件成功
2017-07-29T15:24:17: 读取文件成功
2017-07-29T15:25:17: 读取文件成功
2017-07-29T15:26:17: 读取文件成功
2017-07-29T15:27:17: 读取文件成功
2017-07-29T15:28:17: 读取文件成功
2017-07-29T15:29:17: 读取文件成功
2017-07-29T15:30:17: 读取文件成功
2017-07-29T15:31:17: 读取文件成功
2017-07-29T15:32:17: 读取文件成功
2017-07-29T15:33:17: 读取文件成功
2017-07-29T15:34:17: 读取文件成功
2017-07-29T15:35:17: 读取文件成功
2017-07-29T15:36:17: 读取文件成功
2017-07-29T15:37:17: 读取文件成功
2017-07-29T15:38:17: 读取文件成功
2017-07-29T15:39:17: 读取文件成功
2017-07-29T15:40:17: 读取文件成功
2017-07-29T15:41:17: 读取文件成功
2017-07-29T15:42:17: 读取文件成功
2017-07-29T15:43:17: 读取文件成功
2017-07-29T15:44:17: 读取文件成功
2017-07-29T15:45:17: 读取文件成功
2017-07-29T15:46:17: 读取文件成功
2017-07-29T15:47:17: 读取文件成功
2017-07-29T15:48:17: 读取文件成功
2017-07-29T15:49:17: 读取文件成功
2017-07-29T15:50:17: 读取文件成功
2017-07-29T15:51:17: 读取文件成功
2017-07-29T15:52:17: 读取文件成功
2017-07-29T15:53:17: 读取文件成功
2017-07-29T15:54:17: 读取文件成功
2017-07-29T15:55:17: 读取文件成功
2017-07-29T15:56:17: 读取文件成功
2017-07-29T15:57:17: 读取文件成功
2017-07-29T15:58:17: 读取文件成功
2017-07-29T15:59:17: 读取文件成功
2017-07-29T16:00:17: 读取文件成功
2017-07-29T16:01:17: 读取文件成功
2017-07-29T16:02:17: 读取文件成功
2017-07-29T16:03:18: 读取文件成功
2017-07-29T16:04:17: 读取文件成功
2017-07-29T16:05:17: 读取文件成功
2017-07-29T16:06:17: 读取文件成功
2017-07-29T16:07:17: 读取文件成功
2017-07-29T16:08:17: 读取文件成功
2017-07-29T16:09:17: 读取文件成功
2017-07-29T16:10:17: 读取文件成功
2017-07-29T16:11:17: 读取文件成功
2017-07-29T16:12:17: 读取文件成功
2017-07-29T16:13:17: 读取文件成功
2017-07-29T16:14:17: 读取文件成功
2017-07-29T16:15:18: 读取文件成功
2017-07-29T16:16:17: 读取文件成功
2017-07-29T16:17:17: 读取文件成功
2017-07-29T16:18:17: 读取文件成功
2017-07-29T16:19:17: 读取文件成功
2017-07-29T16:20:17: 读取文件成功
2017-07-29T16:21:18: 读取文件成功
2017-07-29T16:22:17: 读取文件成功
2017-07-29T16:23:17: 读取文件成功
2017-07-29T16:24:17: 读取文件成功
2017-07-29T16:25:18: 读取文件成功
2017-07-29T16:26:17: 读取文件成功
2017-07-29T16:27:18: 读取文件成功
2017-07-29T16:28:18: 读取文件成功
2017-07-29T16:29:19: 读取文件成功
2017-07-29T16:30:21: 读取文件成功
2017-07-29T16:31:19: 读取文件成功
2017-07-29T16:32:51: 读取文件成功
2017-07-29T16:33:20: 读取文件成功
2017-07-29T16:34:18: 读取文件成功
2017-07-29T16:35:18: 读取文件成功
2017-07-29T16:36:26: 读取文件成功
2017-07-29T16:37:19: 读取文件成功
2017-07-29T16:38:22: 读取文件成功
2017-07-29T16:39:18: 读取文件成功
2017-07-29T16:40:18: 读取文件成功
2017-07-29T16:41:22: 读取文件成功
2017-07-29T16:42:18: 读取文件成功
2017-07-29T16:43:18: 读取文件成功
2017-07-29T16:44:18: 读取文件成功
2017-07-29T16:45:24: 读取文件成功
2017-07-29T16:46:21: 读取文件成功
2017-07-29T16:47:20: 读取文件成功
2017-07-29T16:48:22: 读取文件成功
2017-07-29T16:49:34: 读取文件成功
2017-07-29T16:50:18: 读取文件成功
2017-07-29T16:51:24: 读取文件成功
2017-07-29T16:52:18: 读取文件成功
2017-07-29T16:53:18: 读取文件成功
2017-07-29T16:54:20: 读取文件成功
2017-07-29T16:55:20: 读取文件成功
2017-07-29T16:56:18: 读取文件成功
2017-07-29T16:57:18: 读取文件成功
2017-07-29T16:58:18: 读取文件成功
2017-07-29T16:59:18: 读取文件成功
2017-07-29T17:00:18: 读取文件成功
2017-07-29T17:01:18: 读取文件成功
2017-07-29T17:02:18: 读取文件成功
2017-07-29T17:03:18: 读取文件成功
2017-07-29T17:04:18: 读取文件成功
2017-07-29T17:05:18: 读取文件成功
2017-07-29T17:06:18: 读取文件成功
2017-07-29T17:07:18: 读取文件成功
2017-07-29T17:08:18: 读取文件成功
2017-07-29T17:09:18: 读取文件成功
2017-07-29T17:10:18: 读取文件成功
2017-07-29T17:11:18: 读取文件成功
2017-07-29T17:12:18: 读取文件成功
2017-07-29T17:13:18: 读取文件成功
2017-07-29T17:14:18: 读取文件成功
2017-07-29T17:15:18: 读取文件成功
2017-07-29T17:16:18: 读取文件成功
2017-07-29T17:17:18: 读取文件成功
2017-07-29T17:18:18: 读取文件成功
2017-07-29T17:19:18: 读取文件成功
2017-07-29T17:20:18: 读取文件成功
2017-07-29T17:21:18: 读取文件成功
2017-07-29T17:22:18: 读取文件成功
2017-07-29T17:23:18: 读取文件成功
2017-07-29T17:24:18: 读取文件成功
2017-07-29T17:25:21: 读取文件成功
2017-07-29T17:26:20: 读取文件成功
2017-07-29T17:27:19: 读取文件成功
2017-07-29T17:28:23: 读取文件成功
2017-07-29T17:29:20: 读取文件成功
2017-07-29T17:30:24: 读取文件成功
2017-07-29T17:31:27: 读取文件成功
2017-07-29T17:32:31: 读取文件成功
2017-07-29T17:33:19: 读取文件成功
2017-07-29T17:34:18: 读取文件成功
2017-07-29T17:35:18: 读取文件成功
2017-07-29T17:36:18: 读取文件成功
2017-07-29T17:37:18: 读取文件成功
2017-07-29T17:38:18: 读取文件成功
2017-07-29T17:39:18: 读取文件成功
2017-07-29T17:40:18: 读取文件成功
2017-07-29T17:41:18: 读取文件成功
2017-07-29T17:42:18: 读取文件成功
2017-07-29T17:43:19: 读取文件成功
2017-07-29T17:44:19: 读取文件成功
2017-07-29T17:45:18: 读取文件成功
2017-07-29T17:46:18: 读取文件成功
2017-07-29T17:47:18: 读取文件成功
2017-07-29T17:48:18: 读取文件成功
2017-07-29T17:49:18: 读取文件成功
2017-07-29T17:50:18: 读取文件成功
2017-07-29T17:51:18: 读取文件成功
2017-07-29T17:52:18: 读取文件成功
2017-07-29T17:53:18: 读取文件成功
2017-07-29T17:54:18: 读取文件成功
2017-07-29T17:55:18: 读取文件成功
2017-07-29T17:56:18: 读取文件成功
2017-07-29T17:57:18: 读取文件成功
2017-07-29T17:58:18: 读取文件成功
2017-07-29T17:59:18: 读取文件成功
2017-07-29T18:00:18: 读取文件成功
2017-07-29T18:01:19: 读取文件成功
2017-07-29T18:02:18: 读取文件成功
2017-07-29T18:03:18: 读取文件成功
2017-07-29T18:04:18: 读取文件成功
2017-07-29T18:05:18: 读取文件成功
2017-07-29T18:06:18: 读取文件成功
2017-07-29T18:07:19: 读取文件成功
2017-07-29T18:08:18: 读取文件成功
2017-07-29T18:09:18: 读取文件成功
2017-07-29T18:10:18: 读取文件成功
2017-07-29T18:11:18: 读取文件成功
2017-07-29T18:12:18: 读取文件成功
2017-07-29T18:13:19: 读取文件成功
2017-07-29T18:14:18: 读取文件成功
2017-07-29T18:15:19: 读取文件成功
2017-07-29T18:16:19: 读取文件成功
2017-07-29T18:17:19: 读取文件成功
2017-07-29T18:18:19: 读取文件成功
2017-07-29T18:19:19: 读取文件成功
2017-07-29T18:20:19: 读取文件成功
2017-07-29T18:21:19: 读取文件成功
2017-07-29T18:22:19: 读取文件成功
2017-07-29T18:23:19: 读取文件成功
2017-07-29T18:24:19: 读取文件成功
2017-07-29T18:25:19: 读取文件成功
2017-07-29T18:26:19: 读取文件成功
2017-07-29T18:27:21: 读取文件成功
2017-07-29T18:28:19: 读取文件成功
2017-07-29T18:29:19: 读取文件成功
2017-07-29T18:30:19: 读取文件成功
2017-07-29T18:31:19: 读取文件成功
2017-07-29T18:32:19: 读取文件成功
2017-07-29T18:33:19: 读取文件成功
2017-07-29T18:34:19: 读取文件成功
2017-07-29T18:35:19: 读取文件成功
2017-07-29T18:36:19: 读取文件成功
2017-07-29T18:37:19: 读取文件成功
2017-07-29T18:38:19: 读取文件成功
2017-07-29T18:39:19: 读取文件成功
2017-07-29T18:40:19: 读取文件成功
2017-07-29T18:41:19: 读取文件成功
2017-07-29T18:42:19: 读取文件成功
2017-07-29T18:43:19: 读取文件成功
2017-07-29T18:44:19: 读取文件成功
2017-07-29T18:45:19: 读取文件成功
2017-07-29T18:46:19: 读取文件成功
2017-07-29T18:47:19: 读取文件成功
2017-07-29T18:48:19: 读取文件成功
2017-07-29T18:49:19: 读取文件成功
2017-07-29T18:50:19: 读取文件成功
2017-07-29T18:51:19: 读取文件成功
2017-07-29T18:52:19: 读取文件成功
2017-07-29T18:53:19: 读取文件成功
2017-07-29T18:54:19: 读取文件成功
2017-07-29T18:55:19: 读取文件成功
2017-07-29T18:56:19: 读取文件成功
2017-07-29T18:57:19: 读取文件成功
2017-07-29T18:58:19: 读取文件成功
2017-07-29T18:59:19: 读取文件成功
2017-07-29T19:00:19: 读取文件成功
2017-07-29T19:01:19: 读取文件成功
2017-07-29T19:02:19: 读取文件成功
2017-07-29T19:03:19: 读取文件成功
2017-07-29T19:04:19: 读取文件成功
2017-07-29T19:05:19: 读取文件成功
2017-07-29T19:06:19: 读取文件成功
2017-07-29T19:07:19: 读取文件成功
2017-07-29T19:08:19: 读取文件成功
2017-07-29T19:09:19: 读取文件成功
2017-07-29T19:10:19: 读取文件成功
2017-07-29T19:11:19: 读取文件成功
2017-07-29T19:12:19: 读取文件成功
2017-07-29T19:13:19: 读取文件成功
2017-07-29T19:14:19: 读取文件成功
2017-07-29T19:15:19: 读取文件成功
2017-07-29T19:16:19: 读取文件成功
2017-07-29T19:17:19: 读取文件成功
2017-07-29T19:18:19: 读取文件成功
2017-07-29T19:19:19: 读取文件成功
2017-07-29T19:20:19: 读取文件成功
2017-07-29T19:21:19: 读取文件成功
2017-07-29T19:22:19: 读取文件成功
2017-07-29T19:23:19: 读取文件成功
2017-07-29T19:24:19: 读取文件成功
2017-07-29T19:25:19: 读取文件成功
2017-07-29T19:26:19: 读取文件成功
2017-07-29T19:27:19: 读取文件成功
2017-07-29T19:28:19: 读取文件成功
2017-07-29T19:29:20: 读取文件成功
2017-07-29T19:30:19: 读取文件成功
2017-07-29T19:31:19: 读取文件成功
2017-07-29T19:32:19: 读取文件成功
2017-07-29T19:33:19: 读取文件成功
2017-07-29T19:34:19: 读取文件成功
2017-07-29T19:35:19: 读取文件成功
2017-07-29T19:36:20: 读取文件成功
2017-07-29T19:37:19: 读取文件成功
2017-07-29T19:38:19: 读取文件成功
2017-07-29T19:39:19: 读取文件成功
2017-07-29T19:40:19: 读取文件成功
2017-07-29T19:41:19: 读取文件成功
2017-07-29T19:42:19: 读取文件成功
2017-07-29T19:43:19: 读取文件成功
2017-07-29T19:44:19: 读取文件成功
2017-07-29T19:45:19: 读取文件成功
2017-07-29T19:46:19: 读取文件成功
2017-07-29T19:47:19: 读取文件成功
2017-07-29T19:48:20: 读取文件成功
2017-07-29T19:49:19: 读取文件成功
2017-07-29T19:50:19: 读取文件成功
2017-07-29T19:51:19: 读取文件成功
2017-07-29T19:52:20: 读取文件成功
2017-07-29T19:53:20: 读取文件成功
2017-07-29T19:54:20: 读取文件成功
2017-07-29T19:55:20: 读取文件成功
2017-07-29T19:56:20: 读取文件成功
2017-07-29T19:57:19: 读取文件成功
2017-07-29T19:58:20: 读取文件成功
2017-07-29T19:59:20: 读取文件成功
2017-07-29T20:00:20: 读取文件成功
2017-07-29T20:01:20: 读取文件成功
2017-07-29T20:02:20: 读取文件成功
2017-07-29T20:03:20: 读取文件成功
2017-07-29T20:04:20: 读取文件成功
2017-07-29T20:05:20: 读取文件成功
2017-07-29T20:06:20: 读取文件成功
2017-07-29T20:07:20: 读取文件成功
2017-07-29T20:08:20: 读取文件成功
2017-07-29T20:09:20: 读取文件成功
2017-07-29T20:10:20: 读取文件成功
2017-07-29T20:11:20: 读取文件成功
2017-07-29T20:12:20: 读取文件成功
2017-07-29T20:13:20: 读取文件成功
2017-07-29T20:14:20: 读取文件成功
2017-07-29T20:15:20: 读取文件成功
2017-07-29T20:16:20: 读取文件成功
2017-07-29T20:17:20: 读取文件成功
2017-07-29T20:18:20: 读取文件成功
2017-07-29T20:19:20: 读取文件成功
2017-07-29T20:20:20: 读取文件成功
2017-07-29T20:21:20: 读取文件成功
2017-07-29T20:22:20: 读取文件成功
2017-07-29T20:23:20: 读取文件成功
2017-07-29T20:24:20: 读取文件成功
2017-07-29T20:25:20: 读取文件成功
2017-07-29T20:26:20: 读取文件成功
2017-07-29T20:27:20: 读取文件成功
2017-07-29T20:28:20: 读取文件成功
2017-07-29T20:29:20: 读取文件成功
2017-07-29T20:30:20: 读取文件成功
2017-07-29T20:31:20: 读取文件成功
2017-07-29T20:32:20: 读取文件成功
2017-07-29T20:33:20: 读取文件成功
2017-07-29T20:34:20: 读取文件成功
2017-07-29T20:35:20: 读取文件成功
2017-07-29T20:36:20: 读取文件成功
2017-07-29T20:37:20: 读取文件成功
2017-07-29T20:38:20: 读取文件成功
2017-07-29T20:39:20: 读取文件成功
2017-07-29T20:40:20: 读取文件成功
2017-07-29T20:41:20: 读取文件成功
2017-07-29T20:42:20: 读取文件成功
2017-07-29T20:43:20: 读取文件成功
2017-07-29T20:44:20: 读取文件成功
2017-07-29T20:45:20: 读取文件成功
2017-07-29T20:46:20: 读取文件成功
2017-07-29T20:47:20: 读取文件成功
2017-07-29T20:48:20: 读取文件成功
2017-07-29T20:49:20: 读取文件成功
2017-07-29T20:50:20: 读取文件成功
2017-07-29T20:51:20: 读取文件成功
2017-07-29T20:52:20: 读取文件成功
2017-07-29T20:53:20: 读取文件成功
2017-07-29T20:54:20: 读取文件成功
2017-07-29T20:55:20: 读取文件成功
2017-07-29T20:56:20: 读取文件成功
2017-07-29T20:57:20: 读取文件成功
2017-07-29T20:58:20: 读取文件成功
2017-07-29T20:59:20: 读取文件成功
2017-07-29T21:00:20: 读取文件成功
2017-07-29T21:01:20: 读取文件成功
2017-07-29T21:02:20: 读取文件成功
2017-07-29T21:03:20: 读取文件成功
2017-07-29T21:04:20: 读取文件成功
2017-07-29T21:05:20: 读取文件成功
2017-07-29T21:06:20: 读取文件成功
2017-07-29T21:07:20: 读取文件成功
2017-07-29T21:08:20: 读取文件成功
2017-07-29T21:09:20: 读取文件成功
2017-07-29T21:10:20: 读取文件成功
2017-07-29T21:11:21: 读取文件成功
2017-07-29T21:12:20: 读取文件成功
2017-07-29T21:13:20: 读取文件成功
2017-07-29T21:14:20: 读取文件成功
2017-07-29T21:15:20: 读取文件成功
2017-07-29T21:16:20: 读取文件成功
2017-07-29T21:17:20: 读取文件成功
2017-07-29T21:18:20: 读取文件成功
2017-07-29T21:19:20: 读取文件成功
2017-07-29T21:20:20: 读取文件成功
2017-07-29T21:21:20: 读取文件成功
2017-07-29T21:22:20: 读取文件成功
2017-07-29T21:23:21: 读取文件成功
2017-07-29T21:24:20: 读取文件成功
2017-07-29T21:25:20: 读取文件成功
2017-07-29T21:26:20: 读取文件成功
2017-07-29T21:27:21: 读取文件成功
2017-07-29T21:28:21: 读取文件成功
2017-07-29T21:29:21: 读取文件成功
2017-07-29T21:30:20: 读取文件成功
2017-07-29T21:31:21: 读取文件成功
2017-07-29T21:32:21: 读取文件成功
2017-07-29T21:33:21: 读取文件成功
2017-07-29T21:34:21: 读取文件成功
2017-07-29T21:35:21: 读取文件成功
2017-07-29T21:36:21: 读取文件成功
2017-07-29T21:37:21: 读取文件成功
2017-07-29T21:38:21: 读取文件成功
2017-07-29T21:39:21: 读取文件成功
2017-07-29T21:40:21: 读取文件成功
2017-07-29T21:41:21: 读取文件成功
2017-07-29T21:42:21: 读取文件成功
2017-07-29T21:43:21: 读取文件成功
2017-07-29T21:44:21: 读取文件成功
2017-07-29T21:45:21: 读取文件成功
2017-07-29T21:46:21: 读取文件成功
2017-07-29T21:47:21: 读取文件成功
2017-07-29T21:48:21: 读取文件成功
2017-07-29T21:49:21: 读取文件成功
2017-07-29T21:50:21: 读取文件成功
2017-07-29T21:51:21: 读取文件成功
2017-07-29T21:52:21: 读取文件成功
2017-07-29T21:53:21: 读取文件成功
2017-07-29T21:54:21: 读取文件成功
2017-07-29T21:55:21: 读取文件成功
2017-07-29T21:56:21: 读取文件成功
2017-07-29T21:57:21: 读取文件成功
2017-07-29T21:58:21: 读取文件成功
2017-07-29T21:59:21: 读取文件成功
2017-07-29T22:00:21: 读取文件成功
2017-07-29T22:01:21: 读取文件成功
2017-07-29T22:02:21: 读取文件成功
2017-07-29T22:03:21: 读取文件成功
2017-07-29T22:04:21: 读取文件成功
2017-07-29T22:05:21: 读取文件成功
2017-07-29T22:06:21: 读取文件成功
2017-07-29T22:07:21: 读取文件成功
2017-07-29T22:08:21: 读取文件成功
2017-07-29T22:09:21: 读取文件成功
2017-07-29T22:10:21: 读取文件成功
2017-07-29T22:11:21: 读取文件成功
2017-07-29T22:12:21: 读取文件成功
2017-07-29T22:13:21: 读取文件成功
2017-07-29T22:14:21: 读取文件成功
2017-07-29T22:15:21: 读取文件成功
2017-07-29T22:16:21: 读取文件成功
2017-07-29T22:17:21: 读取文件成功
2017-07-29T22:18:21: 读取文件成功
2017-07-29T22:19:21: 读取文件成功
2017-07-29T22:20:21: 读取文件成功
2017-07-29T22:21:21: 读取文件成功
2017-07-29T22:22:21: 读取文件成功
2017-07-29T22:23:21: 读取文件成功
2017-07-29T22:24:21: 读取文件成功
2017-07-29T22:25:21: 读取文件成功
2017-07-29T22:26:21: 读取文件成功
2017-07-29T22:27:21: 读取文件成功
2017-07-29T22:28:21: 读取文件成功
2017-07-29T22:29:21: 读取文件成功
2017-07-29T22:30:21: 读取文件成功
2017-07-29T22:31:21: 读取文件成功
2017-07-29T22:32:21: 读取文件成功
2017-07-29T22:33:21: 读取文件成功
2017-07-29T22:34:21: 读取文件成功
2017-07-29T22:35:21: 读取文件成功
2017-07-29T22:36:21: 读取文件成功
2017-07-29T22:37:21: 读取文件成功
2017-07-29T22:38:21: 读取文件成功
2017-07-29T22:39:21: 读取文件成功
2017-07-29T22:40:21: 读取文件成功
2017-07-29T22:41:21: 读取文件成功
2017-07-29T22:42:21: 读取文件成功
2017-07-29T22:43:21: 读取文件成功
2017-07-29T22:44:21: 读取文件成功
2017-07-29T22:45:21: 读取文件成功
2017-07-29T22:46:21: 读取文件成功
2017-07-29T22:47:21: 读取文件成功
2017-07-29T22:48:21: 读取文件成功
2017-07-29T22:49:21: 读取文件成功
2017-07-29T22:50:21: 读取文件成功
2017-07-29T22:51:21: 读取文件成功
2017-07-29T22:52:21: 读取文件成功
2017-07-29T22:53:21: 读取文件成功
2017-07-29T22:54:21: 读取文件成功
2017-07-29T22:55:21: 读取文件成功
2017-07-29T22:56:21: 读取文件成功
2017-07-29T22:57:21: 读取文件成功
2017-07-29T22:58:22: 读取文件成功
2017-07-29T22:59:21: 读取文件成功
2017-07-29T23:00:21: 读取文件成功
2017-07-29T23:01:21: 读取文件成功
2017-07-29T23:02:21: 读取文件成功
2017-07-29T23:03:21: 读取文件成功
2017-07-29T23:04:22: 读取文件成功
2017-07-29T23:05:21: 读取文件成功
2017-07-29T23:06:22: 读取文件成功
2017-07-29T23:07:22: 读取文件成功
2017-07-29T23:08:22: 读取文件成功
2017-07-29T23:09:22: 读取文件成功
2017-07-29T23:10:22: 读取文件成功
2017-07-29T23:11:22: 读取文件成功
2017-07-29T23:12:22: 读取文件成功
2017-07-29T23:13:22: 读取文件成功
2017-07-29T23:14:22: 读取文件成功
2017-07-29T23:15:22: 读取文件成功
2017-07-29T23:16:22: 读取文件成功
2017-07-29T23:17:22: 读取文件成功
2017-07-29T23:18:22: 读取文件成功
2017-07-29T23:19:22: 读取文件成功
2017-07-29T23:20:22: 读取文件成功
2017-07-29T23:21:22: 读取文件成功
2017-07-29T23:22:22: 读取文件成功
2017-07-29T23:23:22: 读取文件成功
2017-07-29T23:24:22: 读取文件成功
2017-07-29T23:25:22: 读取文件成功
2017-07-29T23:26:22: 读取文件成功
2017-07-29T23:27:22: 读取文件成功
2017-07-29T23:28:22: 读取文件成功
2017-07-29T23:29:22: 读取文件成功
2017-07-29T23:30:22: 读取文件成功
2017-07-29T23:31:22: 读取文件成功
2017-07-29T23:32:22: 读取文件成功
2017-07-29T23:33:22: 读取文件成功
2017-07-29T23:34:22: 读取文件成功
2017-07-29T23:35:22: 读取文件成功
2017-07-29T23:36:22: 读取文件成功
2017-07-29T23:37:22: 读取文件成功
2017-07-29T23:38:22: 读取文件成功
2017-07-29T23:39:22: 读取文件成功
2017-07-29T23:40:22: 读取文件成功
2017-07-29T23:41:22: 读取文件成功
2017-07-29T23:42:22: 读取文件成功
2017-07-29T23:43:22: 读取文件成功
2017-07-29T23:44:22: 读取文件成功
2017-07-29T23:45:22: 读取文件成功
2017-07-29T23:46:22: 读取文件成功
2017-07-29T23:47:22: 读取文件成功
2017-07-29T23:48:22: 读取文件成功
2017-07-29T23:49:22: 读取文件成功
2017-07-29T23:50:21: 非记录时间：2017-07-29T23:50:21+08:00
2017-07-29T23:51:21: 非记录时间：2017-07-29T23:51:21+08:00
2017-07-29T23:52:21: 非记录时间：2017-07-29T23:52:21+08:00
2017-07-29T23:53:21: 非记录时间：2017-07-29T23:53:21+08:00
2017-07-29T23:54:21: 非记录时间：2017-07-29T23:54:21+08:00
2017-07-29T23:55:21: 非记录时间：2017-07-29T23:55:21+08:00
2017-07-29T23:56:21: 非记录时间：2017-07-29T23:56:21+08:00
2017-07-29T23:57:21: 非记录时间：2017-07-29T23:57:21+08:00
2017-07-29T23:58:21: 非记录时间：2017-07-29T23:58:21+08:00
2017-07-29T23:59:21: 非记录时间：2017-07-29T23:59:21+08:00
