2017-05-22T00:00:04: 非记录时间：2017-05-22T00:00:04+08:00
2017-05-22T00:01:04: 非记录时间：2017-05-22T00:01:04+08:00
2017-05-22T00:02:04: 非记录时间：2017-05-22T00:02:04+08:00
2017-05-22T00:03:04: 非记录时间：2017-05-22T00:03:04+08:00
2017-05-22T00:04:04: 非记录时间：2017-05-22T00:04:04+08:00
2017-05-22T00:05:04: 非记录时间：2017-05-22T00:05:04+08:00
2017-05-22T00:06:04: 非记录时间：2017-05-22T00:06:04+08:00
2017-05-22T00:07:04: 非记录时间：2017-05-22T00:07:04+08:00
2017-05-22T00:08:04: 非记录时间：2017-05-22T00:08:04+08:00
2017-05-22T00:09:04: 非记录时间：2017-05-22T00:09:04+08:00
2017-05-22T00:10:04: 非记录时间：2017-05-22T00:10:04+08:00
2017-05-22T00:11:04: 非记录时间：2017-05-22T00:11:04+08:00
2017-05-22T00:12:04: 非记录时间：2017-05-22T00:12:04+08:00
2017-05-22T00:13:04: 非记录时间：2017-05-22T00:13:04+08:00
2017-05-22T00:14:04: 非记录时间：2017-05-22T00:14:04+08:00
2017-05-22T00:15:04: 非记录时间：2017-05-22T00:15:04+08:00
2017-05-22T00:16:04: 非记录时间：2017-05-22T00:16:04+08:00
2017-05-22T00:17:04: 非记录时间：2017-05-22T00:17:04+08:00
2017-05-22T00:18:04: 非记录时间：2017-05-22T00:18:04+08:00
2017-05-22T00:19:04: 非记录时间：2017-05-22T00:19:04+08:00
2017-05-22T00:20:04: 非记录时间：2017-05-22T00:20:04+08:00
2017-05-22T00:21:04: 非记录时间：2017-05-22T00:21:04+08:00
2017-05-22T00:22:04: 非记录时间：2017-05-22T00:22:04+08:00
2017-05-22T00:23:04: 非记录时间：2017-05-22T00:23:04+08:00
2017-05-22T00:24:04: 非记录时间：2017-05-22T00:24:04+08:00
2017-05-22T00:25:04: 非记录时间：2017-05-22T00:25:04+08:00
2017-05-22T00:26:04: 非记录时间：2017-05-22T00:26:04+08:00
2017-05-22T00:27:04: 非记录时间：2017-05-22T00:27:04+08:00
2017-05-22T00:28:04: 非记录时间：2017-05-22T00:28:04+08:00
2017-05-22T00:29:04: 非记录时间：2017-05-22T00:29:04+08:00
2017-05-22T00:30:04: 非记录时间：2017-05-22T00:30:04+08:00
2017-05-22T00:31:04: 非记录时间：2017-05-22T00:31:04+08:00
2017-05-22T00:32:04: 非记录时间：2017-05-22T00:32:04+08:00
2017-05-22T00:33:04: 非记录时间：2017-05-22T00:33:04+08:00
2017-05-22T00:34:04: 非记录时间：2017-05-22T00:34:04+08:00
2017-05-22T00:35:04: 非记录时间：2017-05-22T00:35:04+08:00
2017-05-22T00:36:04: 非记录时间：2017-05-22T00:36:04+08:00
2017-05-22T00:37:04: 非记录时间：2017-05-22T00:37:04+08:00
2017-05-22T00:38:04: 非记录时间：2017-05-22T00:38:04+08:00
2017-05-22T00:39:04: 非记录时间：2017-05-22T00:39:04+08:00
2017-05-22T00:40:04: 非记录时间：2017-05-22T00:40:04+08:00
2017-05-22T00:41:04: 非记录时间：2017-05-22T00:41:04+08:00
2017-05-22T00:42:04: 非记录时间：2017-05-22T00:42:04+08:00
2017-05-22T00:43:04: 非记录时间：2017-05-22T00:43:04+08:00
2017-05-22T00:44:04: 非记录时间：2017-05-22T00:44:04+08:00
2017-05-22T00:45:04: 非记录时间：2017-05-22T00:45:04+08:00
2017-05-22T00:46:04: 非记录时间：2017-05-22T00:46:04+08:00
2017-05-22T00:47:04: 非记录时间：2017-05-22T00:47:04+08:00
2017-05-22T00:48:04: 非记录时间：2017-05-22T00:48:04+08:00
2017-05-22T00:49:04: 非记录时间：2017-05-22T00:49:04+08:00
2017-05-22T00:50:04: 非记录时间：2017-05-22T00:50:04+08:00
2017-05-22T00:51:04: 非记录时间：2017-05-22T00:51:04+08:00
2017-05-22T00:52:04: 非记录时间：2017-05-22T00:52:04+08:00
2017-05-22T00:53:04: 非记录时间：2017-05-22T00:53:04+08:00
2017-05-22T00:54:04: 非记录时间：2017-05-22T00:54:04+08:00
2017-05-22T00:55:04: 非记录时间：2017-05-22T00:55:04+08:00
2017-05-22T00:56:04: 非记录时间：2017-05-22T00:56:04+08:00
2017-05-22T00:57:04: 非记录时间：2017-05-22T00:57:04+08:00
2017-05-22T00:58:04: 非记录时间：2017-05-22T00:58:04+08:00
2017-05-22T00:59:04: 非记录时间：2017-05-22T00:59:04+08:00
2017-05-22T01:00:04: 非记录时间：2017-05-22T01:00:04+08:00
2017-05-22T01:01:04: 非记录时间：2017-05-22T01:01:04+08:00
2017-05-22T01:02:04: 非记录时间：2017-05-22T01:02:04+08:00
2017-05-22T01:03:04: 非记录时间：2017-05-22T01:03:04+08:00
2017-05-22T01:04:04: 非记录时间：2017-05-22T01:04:04+08:00
2017-05-22T01:05:04: 非记录时间：2017-05-22T01:05:04+08:00
2017-05-22T01:06:04: 非记录时间：2017-05-22T01:06:04+08:00
2017-05-22T01:07:04: 非记录时间：2017-05-22T01:07:04+08:00
2017-05-22T01:08:04: 非记录时间：2017-05-22T01:08:04+08:00
2017-05-22T01:09:04: 非记录时间：2017-05-22T01:09:04+08:00
2017-05-22T01:10:04: 非记录时间：2017-05-22T01:10:04+08:00
2017-05-22T01:11:05: 读取文件失败，可能是该文件不存在
2017-05-22T01:11:05: Error: ENOENT: no such file or directory, open './data/2017-05-22.json'
2017-05-22T01:12:05: 读取文件成功
2017-05-22T01:13:05: 读取文件成功
2017-05-22T01:14:05: 读取文件成功
2017-05-22T01:15:05: 读取文件成功
2017-05-22T01:16:05: 读取文件成功
2017-05-22T01:17:05: 读取文件成功
2017-05-22T01:18:05: 读取文件成功
2017-05-22T01:19:05: 读取文件成功
2017-05-22T01:20:05: 读取文件成功
2017-05-22T01:21:05: 读取文件成功
2017-05-22T01:22:05: 读取文件成功
2017-05-22T01:23:05: 读取文件成功
2017-05-22T01:24:05: 读取文件成功
2017-05-22T01:25:05: 读取文件成功
2017-05-22T01:26:05: 读取文件成功
2017-05-22T01:27:05: 读取文件成功
2017-05-22T01:28:05: 读取文件成功
2017-05-22T01:29:05: 读取文件成功
2017-05-22T01:30:05: 读取文件成功
2017-05-22T01:31:05: 读取文件成功
2017-05-22T01:32:05: 读取文件成功
2017-05-22T01:33:05: 读取文件成功
2017-05-22T01:34:05: 读取文件成功
2017-05-22T01:35:05: 读取文件成功
2017-05-22T01:36:05: 读取文件成功
2017-05-22T01:37:05: 读取文件成功
2017-05-22T01:38:05: 读取文件成功
2017-05-22T01:39:05: 读取文件成功
2017-05-22T01:40:05: 读取文件成功
2017-05-22T01:41:05: 读取文件成功
2017-05-22T01:42:05: 读取文件成功
2017-05-22T01:43:05: 读取文件成功
2017-05-22T01:44:05: 读取文件成功
2017-05-22T01:45:05: 读取文件成功
2017-05-22T01:46:05: 读取文件成功
2017-05-22T01:47:05: 读取文件成功
2017-05-22T01:48:05: 读取文件成功
2017-05-22T01:49:05: 读取文件成功
2017-05-22T01:50:05: 读取文件成功
2017-05-22T01:51:05: 读取文件成功
2017-05-22T01:52:05: 读取文件成功
2017-05-22T01:53:05: 读取文件成功
2017-05-22T01:54:05: 读取文件成功
2017-05-22T01:55:05: 读取文件成功
2017-05-22T01:56:05: 读取文件成功
2017-05-22T01:57:05: 读取文件成功
2017-05-22T01:58:05: 读取文件成功
2017-05-22T01:59:05: 读取文件成功
2017-05-22T02:00:05: 读取文件成功
2017-05-22T02:01:05: 读取文件成功
2017-05-22T02:02:10: 读取文件成功
2017-05-22T02:03:05: 读取文件成功
2017-05-22T02:04:05: 读取文件成功
2017-05-22T02:05:05: 读取文件成功
2017-05-22T02:06:05: 读取文件成功
2017-05-22T02:07:05: 读取文件成功
2017-05-22T02:08:05: 读取文件成功
2017-05-22T02:09:06: 读取文件成功
2017-05-22T02:10:06: 读取文件成功
2017-05-22T02:11:05: 读取文件成功
2017-05-22T02:12:05: 读取文件成功
2017-05-22T02:13:05: 读取文件成功
2017-05-22T02:14:06: 读取文件成功
2017-05-22T02:15:06: 读取文件成功
2017-05-22T02:16:06: 读取文件成功
2017-05-22T02:17:06: 读取文件成功
2017-05-22T02:18:05: 读取文件成功
2017-05-22T02:19:05: 读取文件成功
2017-05-22T02:20:06: 读取文件成功
2017-05-22T02:21:06: 读取文件成功
2017-05-22T02:22:06: 读取文件成功
2017-05-22T02:23:06: 读取文件成功
2017-05-22T02:24:06: 读取文件成功
2017-05-22T02:25:06: 读取文件成功
2017-05-22T02:26:05: 读取文件成功
2017-05-22T02:27:06: 读取文件成功
2017-05-22T02:28:06: 读取文件成功
2017-05-22T02:29:06: 读取文件成功
2017-05-22T02:30:06: 读取文件成功
2017-05-22T02:31:06: 读取文件成功
2017-05-22T02:32:06: 读取文件成功
2017-05-22T02:33:05: 读取文件成功
2017-05-22T02:34:06: 读取文件成功
2017-05-22T02:35:05: 读取文件成功
2017-05-22T02:36:06: 读取文件成功
2017-05-22T02:37:06: 读取文件成功
2017-05-22T02:38:06: 读取文件成功
2017-05-22T02:39:06: 读取文件成功
2017-05-22T02:40:05: 读取文件成功
2017-05-22T02:41:06: 读取文件成功
2017-05-22T02:42:06: 读取文件成功
2017-05-22T02:43:06: 读取文件成功
2017-05-22T02:44:06: 读取文件成功
2017-05-22T02:45:05: 读取文件成功
2017-05-22T02:46:06: 读取文件成功
2017-05-22T02:47:05: 读取文件成功
2017-05-22T02:48:06: 读取文件成功
2017-05-22T02:49:06: 读取文件成功
2017-05-22T02:50:06: 读取文件成功
2017-05-22T02:51:06: 读取文件成功
2017-05-22T02:52:06: 读取文件成功
2017-05-22T02:53:06: 读取文件成功
2017-05-22T02:54:06: 读取文件成功
2017-05-22T02:55:06: 读取文件成功
2017-05-22T02:56:06: 读取文件成功
2017-05-22T02:57:06: 读取文件成功
2017-05-22T02:58:06: 读取文件成功
2017-05-22T02:59:06: 读取文件成功
2017-05-22T03:00:06: 读取文件成功
2017-05-22T03:01:06: 读取文件成功
2017-05-22T03:02:06: 读取文件成功
2017-05-22T03:03:06: 读取文件成功
2017-05-22T03:04:06: 读取文件成功
2017-05-22T03:05:06: 读取文件成功
2017-05-22T03:06:06: 读取文件成功
2017-05-22T03:07:06: 读取文件成功
2017-05-22T03:08:06: 读取文件成功
2017-05-22T03:09:06: 读取文件成功
2017-05-22T03:10:06: 读取文件成功
2017-05-22T03:11:06: 读取文件成功
2017-05-22T03:12:06: 读取文件成功
2017-05-22T03:13:06: 读取文件成功
2017-05-22T03:14:06: 读取文件成功
2017-05-22T03:15:06: 读取文件成功
2017-05-22T03:16:06: 读取文件成功
2017-05-22T03:17:06: 读取文件成功
2017-05-22T03:18:06: 读取文件成功
2017-05-22T03:19:06: 读取文件成功
2017-05-22T03:20:06: 读取文件成功
2017-05-22T03:21:06: 读取文件成功
2017-05-22T03:22:06: 读取文件成功
2017-05-22T03:23:06: 读取文件成功
2017-05-22T03:24:06: 读取文件成功
2017-05-22T03:25:06: 读取文件成功
2017-05-22T03:26:06: 读取文件成功
2017-05-22T03:27:06: 读取文件成功
2017-05-22T03:28:06: 读取文件成功
2017-05-22T03:29:06: 读取文件成功
2017-05-22T03:30:06: 读取文件成功
2017-05-22T03:31:06: 读取文件成功
2017-05-22T03:32:06: 读取文件成功
2017-05-22T03:33:06: 读取文件成功
2017-05-22T03:34:06: 读取文件成功
2017-05-22T03:35:06: 读取文件成功
2017-05-22T03:36:06: 读取文件成功
2017-05-22T03:37:06: 读取文件成功
2017-05-22T03:38:06: 读取文件成功
2017-05-22T03:39:06: 读取文件成功
2017-05-22T03:40:06: 读取文件成功
2017-05-22T03:41:06: 读取文件成功
2017-05-22T03:42:06: 读取文件成功
2017-05-22T03:43:06: 读取文件成功
2017-05-22T03:44:06: 读取文件成功
2017-05-22T03:45:06: 读取文件成功
2017-05-22T03:46:06: 读取文件成功
2017-05-22T03:47:06: 读取文件成功
2017-05-22T03:48:06: 读取文件成功
2017-05-22T03:49:06: 读取文件成功
2017-05-22T03:50:06: 读取文件成功
2017-05-22T03:51:06: 读取文件成功
2017-05-22T03:52:06: 读取文件成功
2017-05-22T03:53:06: 读取文件成功
2017-05-22T03:54:06: 读取文件成功
2017-05-22T03:55:06: 读取文件成功
2017-05-22T03:56:06: 读取文件成功
2017-05-22T03:57:06: 读取文件成功
2017-05-22T03:58:06: 读取文件成功
2017-05-22T03:59:06: 读取文件成功
2017-05-22T04:00:06: 读取文件成功
2017-05-22T04:01:06: 读取文件成功
2017-05-22T04:02:06: 读取文件成功
2017-05-22T04:03:06: 读取文件成功
2017-05-22T04:04:06: 读取文件成功
2017-05-22T04:05:06: 读取文件成功
2017-05-22T04:06:06: 读取文件成功
2017-05-22T04:07:06: 读取文件成功
2017-05-22T04:08:06: 读取文件成功
2017-05-22T04:09:06: 读取文件成功
2017-05-22T04:10:06: 读取文件成功
2017-05-22T04:11:06: 读取文件成功
2017-05-22T04:12:06: 读取文件成功
2017-05-22T04:13:06: 读取文件成功
2017-05-22T04:14:06: 读取文件成功
2017-05-22T04:15:06: 读取文件成功
2017-05-22T04:16:06: 读取文件成功
2017-05-22T04:17:06: 读取文件成功
2017-05-22T04:18:06: 读取文件成功
2017-05-22T04:19:06: 读取文件成功
2017-05-22T04:20:06: 读取文件成功
2017-05-22T04:21:06: 读取文件成功
2017-05-22T04:22:06: 读取文件成功
2017-05-22T04:23:06: 读取文件成功
2017-05-22T04:24:06: 读取文件成功
2017-05-22T04:25:06: 读取文件成功
2017-05-22T04:26:06: 读取文件成功
2017-05-22T04:27:07: 读取文件成功
2017-05-22T04:28:06: 读取文件成功
2017-05-22T04:29:06: 读取文件成功
2017-05-22T04:30:06: 读取文件成功
2017-05-22T04:31:06: 读取文件成功
2017-05-22T04:32:06: 读取文件成功
2017-05-22T04:33:07: 读取文件成功
2017-05-22T04:34:06: 读取文件成功
2017-05-22T04:35:06: 读取文件成功
2017-05-22T04:36:06: 读取文件成功
2017-05-22T04:37:06: 读取文件成功
2017-05-22T04:38:06: 读取文件成功
2017-05-22T04:39:07: 读取文件成功
2017-05-22T04:40:06: 读取文件成功
2017-05-22T04:41:06: 读取文件成功
2017-05-22T04:42:06: 读取文件成功
2017-05-22T04:43:07: 读取文件成功
2017-05-22T04:44:07: 读取文件成功
2017-05-22T04:45:07: 读取文件成功
2017-05-22T04:46:07: 读取文件成功
2017-05-22T04:47:07: 读取文件成功
2017-05-22T04:48:07: 读取文件成功
2017-05-22T04:49:07: 读取文件成功
2017-05-22T04:50:07: 读取文件成功
2017-05-22T04:51:07: 读取文件成功
2017-05-22T04:52:07: 读取文件成功
2017-05-22T04:53:07: 读取文件成功
2017-05-22T04:54:07: 读取文件成功
2017-05-22T04:55:07: 读取文件成功
2017-05-22T04:56:07: 读取文件成功
2017-05-22T04:57:07: 读取文件成功
2017-05-22T04:58:07: 读取文件成功
2017-05-22T04:59:07: 读取文件成功
2017-05-22T05:00:07: 读取文件成功
2017-05-22T05:01:07: 读取文件成功
2017-05-22T05:02:07: 读取文件成功
2017-05-22T05:03:07: 读取文件成功
2017-05-22T05:04:07: 读取文件成功
2017-05-22T05:05:07: 读取文件成功
2017-05-22T05:06:07: 读取文件成功
2017-05-22T05:07:07: 读取文件成功
2017-05-22T05:08:07: 读取文件成功
2017-05-22T05:09:07: 读取文件成功
2017-05-22T05:10:07: 读取文件成功
2017-05-22T05:11:07: 读取文件成功
2017-05-22T05:12:07: 读取文件成功
2017-05-22T05:13:07: 读取文件成功
2017-05-22T05:14:07: 读取文件成功
2017-05-22T05:15:07: 读取文件成功
2017-05-22T05:16:07: 读取文件成功
2017-05-22T05:17:07: 读取文件成功
2017-05-22T05:18:07: 读取文件成功
2017-05-22T05:19:07: 读取文件成功
2017-05-22T05:20:07: 读取文件成功
2017-05-22T05:21:07: 读取文件成功
2017-05-22T05:22:07: 读取文件成功
2017-05-22T05:23:07: 读取文件成功
2017-05-22T05:24:07: 读取文件成功
2017-05-22T05:25:07: 读取文件成功
2017-05-22T05:26:07: 读取文件成功
2017-05-22T05:27:07: 读取文件成功
2017-05-22T05:28:07: 读取文件成功
2017-05-22T05:29:07: 读取文件成功
2017-05-22T05:30:07: 读取文件成功
2017-05-22T05:31:07: 读取文件成功
2017-05-22T05:32:07: 读取文件成功
2017-05-22T05:33:07: 读取文件成功
2017-05-22T05:34:07: 读取文件成功
2017-05-22T05:35:07: 读取文件成功
2017-05-22T05:36:07: 读取文件成功
2017-05-22T05:37:07: 读取文件成功
2017-05-22T05:38:07: 读取文件成功
2017-05-22T05:39:07: 读取文件成功
2017-05-22T05:40:07: 读取文件成功
2017-05-22T05:41:07: 读取文件成功
2017-05-22T05:42:07: 读取文件成功
2017-05-22T05:43:07: 读取文件成功
2017-05-22T05:44:07: 读取文件成功
2017-05-22T05:45:07: 读取文件成功
2017-05-22T05:46:07: 读取文件成功
2017-05-22T05:47:07: 读取文件成功
2017-05-22T05:48:07: 读取文件成功
2017-05-22T05:49:07: 读取文件成功
2017-05-22T05:50:07: 读取文件成功
2017-05-22T05:51:07: 读取文件成功
2017-05-22T05:52:07: 读取文件成功
2017-05-22T05:53:07: 读取文件成功
2017-05-22T05:54:07: 读取文件成功
2017-05-22T05:55:07: 读取文件成功
2017-05-22T05:56:07: 读取文件成功
2017-05-22T05:57:07: 读取文件成功
2017-05-22T05:58:07: 读取文件成功
2017-05-22T05:59:07: 读取文件成功
2017-05-22T06:00:07: 读取文件成功
2017-05-22T06:01:07: 读取文件成功
2017-05-22T06:02:07: 读取文件成功
2017-05-22T06:03:07: 读取文件成功
2017-05-22T06:04:07: 读取文件成功
2017-05-22T06:05:07: 读取文件成功
2017-05-22T06:06:07: 读取文件成功
2017-05-22T06:07:07: 读取文件成功
2017-05-22T06:08:07: 读取文件成功
2017-05-22T06:09:07: 读取文件成功
2017-05-22T06:10:07: 读取文件成功
2017-05-22T06:11:07: 读取文件成功
2017-05-22T06:12:07: 读取文件成功
2017-05-22T06:13:07: 读取文件成功
2017-05-22T06:14:07: 读取文件成功
2017-05-22T06:15:07: 读取文件成功
2017-05-22T06:16:07: 读取文件成功
2017-05-22T06:17:07: 读取文件成功
2017-05-22T06:18:07: 读取文件成功
2017-05-22T06:19:07: 读取文件成功
2017-05-22T06:20:08: 读取文件成功
2017-05-22T06:21:07: 读取文件成功
2017-05-22T06:22:07: 读取文件成功
2017-05-22T06:23:07: 读取文件成功
2017-05-22T06:24:07: 读取文件成功
2017-05-22T06:25:07: 读取文件成功
2017-05-22T06:26:08: 读取文件成功
2017-05-22T06:27:07: 读取文件成功
2017-05-22T06:28:07: 读取文件成功
2017-05-22T06:29:08: 读取文件成功
2017-05-22T06:30:07: 读取文件成功
2017-05-22T06:31:08: 读取文件成功
2017-05-22T06:33:08: 读取文件成功
2017-05-22T06:34:08: 读取文件成功
2017-05-22T06:35:08: 读取文件成功
2017-05-22T06:36:08: 读取文件成功
2017-05-22T06:37:08: 读取文件成功
2017-05-22T06:38:08: 读取文件成功
2017-05-22T06:39:08: 读取文件成功
2017-05-22T06:40:08: 读取文件成功
2017-05-22T06:41:08: 读取文件成功
2017-05-22T06:42:08: 读取文件成功
2017-05-22T06:43:08: 读取文件成功
2017-05-22T06:44:08: 读取文件成功
2017-05-22T06:45:08: 读取文件成功
2017-05-22T06:46:08: 读取文件成功
2017-05-22T06:47:08: 读取文件成功
2017-05-22T06:48:08: 读取文件成功
2017-05-22T06:49:08: 读取文件成功
2017-05-22T06:50:08: 读取文件成功
2017-05-22T06:51:08: 读取文件成功
2017-05-22T06:52:08: 读取文件成功
2017-05-22T06:53:08: 读取文件成功
2017-05-22T06:54:08: 读取文件成功
2017-05-22T06:55:08: 读取文件成功
2017-05-22T06:56:08: 读取文件成功
2017-05-22T06:57:08: 读取文件成功
2017-05-22T06:58:08: 读取文件成功
2017-05-22T06:59:08: 读取文件成功
2017-05-22T07:00:08: 读取文件成功
2017-05-22T07:01:08: 读取文件成功
2017-05-22T07:02:08: 读取文件成功
2017-05-22T07:03:08: 读取文件成功
2017-05-22T07:04:08: 读取文件成功
2017-05-22T07:05:08: 读取文件成功
2017-05-22T07:06:08: 读取文件成功
2017-05-22T07:07:08: 读取文件成功
2017-05-22T07:08:08: 读取文件成功
2017-05-22T07:09:08: 读取文件成功
2017-05-22T07:10:08: 读取文件成功
2017-05-22T07:11:08: 读取文件成功
2017-05-22T07:12:08: 读取文件成功
2017-05-22T07:13:08: 读取文件成功
2017-05-22T07:14:08: 读取文件成功
2017-05-22T07:15:08: 读取文件成功
2017-05-22T07:16:08: 读取文件成功
2017-05-22T07:17:08: 读取文件成功
2017-05-22T07:18:08: 读取文件成功
2017-05-22T07:19:08: 读取文件成功
2017-05-22T07:20:08: 读取文件成功
2017-05-22T07:21:08: 读取文件成功
2017-05-22T07:22:08: 读取文件成功
2017-05-22T07:23:08: 读取文件成功
2017-05-22T07:24:08: 读取文件成功
2017-05-22T07:25:08: 读取文件成功
2017-05-22T07:26:08: 读取文件成功
2017-05-22T07:27:08: 读取文件成功
2017-05-22T07:28:08: 读取文件成功
2017-05-22T07:29:08: 读取文件成功
2017-05-22T07:30:08: 读取文件成功
2017-05-22T07:31:08: 读取文件成功
2017-05-22T07:32:08: 读取文件成功
2017-05-22T07:33:08: 读取文件成功
2017-05-22T07:34:08: 读取文件成功
2017-05-22T07:35:08: 读取文件成功
2017-05-22T07:36:08: 读取文件成功
2017-05-22T07:37:08: 读取文件成功
2017-05-22T07:38:08: 读取文件成功
2017-05-22T07:39:08: 读取文件成功
2017-05-22T07:40:08: 读取文件成功
2017-05-22T07:41:08: 读取文件成功
2017-05-22T07:42:08: 读取文件成功
2017-05-22T07:43:08: 读取文件成功
2017-05-22T07:44:08: 读取文件成功
2017-05-22T07:45:08: 读取文件成功
2017-05-22T07:46:08: 读取文件成功
2017-05-22T07:47:08: 读取文件成功
2017-05-22T07:48:09: 读取文件成功
2017-05-22T07:49:09: 读取文件成功
2017-05-22T07:50:08: 读取文件成功
2017-05-22T07:51:08: 读取文件成功
2017-05-22T07:52:09: 读取文件成功
2017-05-22T07:53:09: 读取文件成功
2017-05-22T07:54:08: 读取文件成功
2017-05-22T07:55:09: 读取文件成功
2017-05-22T07:56:09: 读取文件成功
2017-05-22T07:57:08: 读取文件成功
2017-05-22T07:58:08: 读取文件成功
2017-05-22T07:59:09: 读取文件成功
2017-05-22T08:00:09: 读取文件成功
2017-05-22T08:01:09: 读取文件成功
2017-05-22T08:02:09: 读取文件成功
2017-05-22T08:03:08: 读取文件成功
2017-05-22T08:04:08: 读取文件成功
2017-05-22T08:05:08: 读取文件成功
2017-05-22T08:06:09: 读取文件成功
2017-05-22T08:07:09: 读取文件成功
2017-05-22T08:08:09: 读取文件成功
2017-05-22T08:09:09: 读取文件成功
2017-05-22T08:10:09: 读取文件成功
2017-05-22T08:11:08: 读取文件成功
2017-05-22T08:12:08: 读取文件成功
2017-05-22T08:13:09: 读取文件成功
2017-05-22T08:14:09: 读取文件成功
2017-05-22T08:15:09: 读取文件成功
2017-05-22T08:16:09: 读取文件成功
2017-05-22T08:17:09: 读取文件成功
2017-05-22T08:18:09: 读取文件成功
2017-05-22T08:19:09: 读取文件成功
2017-05-22T08:20:09: 读取文件成功
2017-05-22T08:21:09: 读取文件成功
2017-05-22T08:22:09: 读取文件成功
2017-05-22T08:23:09: 读取文件成功
2017-05-22T08:24:09: 读取文件成功
2017-05-22T08:25:09: 读取文件成功
2017-05-22T08:26:09: 读取文件成功
2017-05-22T08:27:09: 读取文件成功
2017-05-22T08:28:09: 读取文件成功
2017-05-22T08:29:09: 读取文件成功
2017-05-22T08:30:09: 读取文件成功
2017-05-22T08:31:09: 读取文件成功
2017-05-22T08:32:09: 读取文件成功
2017-05-22T08:33:09: 读取文件成功
2017-05-22T08:34:09: 读取文件成功
2017-05-22T08:35:09: 读取文件成功
2017-05-22T08:36:09: 读取文件成功
2017-05-22T08:37:10: 读取文件成功
2017-05-22T08:38:09: 读取文件成功
2017-05-22T08:39:09: 读取文件成功
2017-05-22T08:40:09: 读取文件成功
2017-05-22T08:41:09: 读取文件成功
2017-05-22T08:42:09: 读取文件成功
2017-05-22T08:43:09: 读取文件成功
2017-05-22T08:44:09: 读取文件成功
2017-05-22T08:45:09: 读取文件成功
2017-05-22T08:46:09: 读取文件成功
2017-05-22T08:47:09: 读取文件成功
2017-05-22T08:48:09: 读取文件成功
2017-05-22T08:49:09: 读取文件成功
2017-05-22T08:50:09: 读取文件成功
2017-05-22T08:51:09: 读取文件成功
2017-05-22T08:52:09: 读取文件成功
2017-05-22T08:53:09: 读取文件成功
2017-05-22T08:54:09: 读取文件成功
2017-05-22T08:55:10: 读取文件成功
2017-05-22T08:56:09: 读取文件成功
2017-05-22T08:57:09: 读取文件成功
2017-05-22T08:58:09: 读取文件成功
2017-05-22T08:59:09: 读取文件成功
2017-05-22T09:00:09: 读取文件成功
2017-05-22T09:01:09: 读取文件成功
2017-05-22T09:02:09: 读取文件成功
2017-05-22T09:03:09: 读取文件成功
2017-05-22T09:04:09: 读取文件成功
2017-05-22T09:05:09: 读取文件成功
2017-05-22T09:06:09: 读取文件成功
2017-05-22T09:07:09: 读取文件成功
2017-05-22T09:08:09: 读取文件成功
2017-05-22T09:09:10: 读取文件成功
2017-05-22T09:10:09: 读取文件成功
2017-05-22T09:11:09: 读取文件成功
2017-05-22T09:12:09: 读取文件成功
2017-05-22T09:13:10: 读取文件成功
2017-05-22T09:14:09: 读取文件成功
2017-05-22T09:15:09: 读取文件成功
2017-05-22T09:16:09: 读取文件成功
2017-05-22T09:17:09: 读取文件成功
2017-05-22T09:18:10: 读取文件成功
2017-05-22T09:19:10: 读取文件成功
2017-05-22T09:20:10: 读取文件成功
2017-05-22T09:21:09: 读取文件成功
2017-05-22T09:22:09: 读取文件成功
2017-05-22T09:23:10: 读取文件成功
2017-05-22T09:24:10: 读取文件成功
2017-05-22T09:25:11: 读取文件成功
2017-05-22T09:26:10: 读取文件成功
2017-05-22T09:27:10: 读取文件成功
2017-05-22T09:28:09: 读取文件成功
2017-05-22T09:29:10: 读取文件成功
2017-05-22T09:30:10: 读取文件成功
2017-05-22T09:31:10: 读取文件成功
2017-05-22T09:32:10: 读取文件成功
2017-05-22T09:33:10: 读取文件成功
2017-05-22T09:34:10: 读取文件成功
2017-05-22T09:35:09: 读取文件成功
2017-05-22T09:36:10: 读取文件成功
2017-05-22T09:37:10: 读取文件成功
2017-05-22T09:38:10: 读取文件成功
2017-05-22T09:39:10: 读取文件成功
2017-05-22T09:40:10: 读取文件成功
2017-05-22T09:41:10: 读取文件成功
2017-05-22T09:42:10: 读取文件成功
2017-05-22T09:43:10: 读取文件成功
2017-05-22T09:44:10: 读取文件成功
2017-05-22T09:45:11: 读取文件成功
2017-05-22T09:46:10: 读取文件成功
2017-05-22T09:47:10: 读取文件成功
2017-05-22T09:48:10: 读取文件成功
2017-05-22T09:49:10: 读取文件成功
2017-05-22T09:50:10: 读取文件成功
2017-05-22T09:51:10: 读取文件成功
2017-05-22T09:52:10: 读取文件成功
2017-05-22T09:53:09: 读取文件成功
2017-05-22T09:54:09: 读取文件成功
2017-05-22T09:55:14: 读取文件成功
2017-05-22T09:56:09: 读取文件成功
2017-05-22T09:57:09: 读取文件成功
2017-05-22T09:58:09: 读取文件成功
2017-05-22T09:59:09: 读取文件成功
2017-05-22T10:00:09: 读取文件成功
2017-05-22T10:01:10: 读取文件成功
2017-05-22T10:02:14: 读取文件成功
2017-05-22T10:03:09: 读取文件成功
2017-05-22T10:04:09: 读取文件成功
2017-05-22T10:05:09: 读取文件成功
2017-05-22T10:06:10: 读取文件成功
2017-05-22T10:07:10: 读取文件成功
2017-05-22T10:08:10: 读取文件成功
2017-05-22T10:09:10: 读取文件成功
2017-05-22T10:10:10: 读取文件成功
2017-05-22T10:11:10: 读取文件成功
2017-05-22T10:12:15: 读取文件成功
2017-05-22T10:13:10: 读取文件成功
2017-05-22T10:14:10: 读取文件成功
2017-05-22T10:15:10: 读取文件成功
2017-05-22T10:16:10: 读取文件成功
2017-05-22T10:17:10: 读取文件成功
2017-05-22T10:18:10: 读取文件成功
2017-05-22T10:19:10: 读取文件成功
2017-05-22T10:20:10: 读取文件成功
2017-05-22T10:21:10: 读取文件成功
2017-05-22T10:22:10: 读取文件成功
2017-05-22T10:23:10: 读取文件成功
2017-05-22T10:24:10: 读取文件成功
2017-05-22T10:25:10: 读取文件成功
2017-05-22T10:26:10: 读取文件成功
2017-05-22T10:27:10: 读取文件成功
2017-05-22T10:28:10: 读取文件成功
2017-05-22T10:29:10: 读取文件成功
2017-05-22T10:30:10: 读取文件成功
2017-05-22T10:31:10: 读取文件成功
2017-05-22T10:32:10: 读取文件成功
2017-05-22T10:33:10: 读取文件成功
2017-05-22T10:34:10: 读取文件成功
2017-05-22T10:35:10: 读取文件成功
2017-05-22T10:36:10: 读取文件成功
2017-05-22T10:37:15: 读取文件成功
2017-05-22T10:38:10: 读取文件成功
2017-05-22T10:39:10: 读取文件成功
2017-05-22T10:40:10: 读取文件成功
2017-05-22T10:41:10: 读取文件成功
2017-05-22T10:42:10: 读取文件成功
2017-05-22T10:43:15: 读取文件成功
2017-05-22T10:44:10: 读取文件成功
2017-05-22T10:45:10: 读取文件成功
2017-05-22T10:46:10: 读取文件成功
2017-05-22T10:47:10: 读取文件成功
2017-05-22T10:48:10: 读取文件成功
2017-05-22T10:49:10: 读取文件成功
2017-05-22T10:50:10: 读取文件成功
2017-05-22T10:51:10: 读取文件成功
2017-05-22T10:52:10: 读取文件成功
2017-05-22T10:53:10: 读取文件成功
2017-05-22T10:54:10: 读取文件成功
2017-05-22T10:55:10: 读取文件成功
2017-05-22T10:56:10: 读取文件成功
2017-05-22T10:57:10: 读取文件成功
2017-05-22T10:58:10: 读取文件成功
2017-05-22T10:59:15: 读取文件成功
2017-05-22T11:00:15: 读取文件成功
2017-05-22T11:01:10: 读取文件成功
2017-05-22T11:02:10: 读取文件成功
2017-05-22T11:03:10: 读取文件成功
2017-05-22T11:04:15: 读取文件成功
2017-05-22T11:05:10: 读取文件成功
2017-05-22T11:06:10: 读取文件成功
2017-05-22T11:07:10: 读取文件成功
2017-05-22T11:08:10: 读取文件成功
2017-05-22T11:09:10: 读取文件成功
2017-05-22T11:10:10: 读取文件成功
2017-05-22T11:11:10: 读取文件成功
2017-05-22T11:12:10: 读取文件成功
2017-05-22T11:13:10: 读取文件成功
2017-05-22T11:14:10: 读取文件成功
2017-05-22T11:15:10: 读取文件成功
2017-05-22T11:16:10: 读取文件成功
2017-05-22T11:17:10: 读取文件成功
2017-05-22T11:18:10: 读取文件成功
2017-05-22T11:19:10: 读取文件成功
2017-05-22T11:20:10: 读取文件成功
2017-05-22T11:21:10: 读取文件成功
2017-05-22T11:22:10: 读取文件成功
2017-05-22T11:23:10: 读取文件成功
2017-05-22T11:24:10: 读取文件成功
2017-05-22T11:25:10: 读取文件成功
2017-05-22T11:26:10: 读取文件成功
2017-05-22T11:27:10: 读取文件成功
2017-05-22T11:28:10: 读取文件成功
2017-05-22T11:29:10: 读取文件成功
2017-05-22T11:30:11: 读取文件成功
2017-05-22T11:31:11: 读取文件成功
2017-05-22T11:32:15: 读取文件成功
2017-05-22T11:33:10: 读取文件成功
2017-05-22T11:34:10: 读取文件成功
2017-05-22T11:35:10: 读取文件成功
2017-05-22T11:36:10: 读取文件成功
2017-05-22T11:37:10: 读取文件成功
2017-05-22T11:38:10: 读取文件成功
2017-05-22T11:39:10: 读取文件成功
2017-05-22T11:40:10: 读取文件成功
2017-05-22T11:41:10: 读取文件成功
2017-05-22T11:42:10: 读取文件成功
2017-05-22T11:43:11: 读取文件成功
2017-05-22T11:44:10: 读取文件成功
2017-05-22T11:45:10: 读取文件成功
2017-05-22T11:46:10: 读取文件成功
2017-05-22T11:47:11: 读取文件成功
2017-05-22T11:48:10: 读取文件成功
2017-05-22T11:49:10: 读取文件成功
2017-05-22T11:50:15: 读取文件成功
2017-05-22T11:51:10: 读取文件成功
2017-05-22T11:52:10: 读取文件成功
2017-05-22T11:53:16: 读取文件成功
2017-05-22T11:54:11: 读取文件成功
2017-05-22T11:55:11: 读取文件成功
2017-05-22T11:56:11: 读取文件成功
2017-05-22T11:57:11: 读取文件成功
2017-05-22T11:58:11: 读取文件成功
2017-05-22T11:59:11: 读取文件成功
2017-05-22T12:00:11: 读取文件成功
2017-05-22T12:01:11: 读取文件成功
2017-05-22T12:02:11: 读取文件成功
2017-05-22T12:03:16: 读取文件成功
2017-05-22T12:04:11: 读取文件成功
2017-05-22T12:05:13: 读取文件成功
2017-05-22T12:06:11: 读取文件成功
2017-05-22T12:07:11: 读取文件成功
2017-05-22T12:08:11: 读取文件成功
2017-05-22T12:09:11: 读取文件成功
2017-05-22T12:10:11: 读取文件成功
2017-05-22T12:11:11: 读取文件成功
2017-05-22T12:12:11: 读取文件成功
2017-05-22T12:13:11: 读取文件成功
2017-05-22T12:14:11: 读取文件成功
2017-05-22T12:15:11: 读取文件成功
2017-05-22T12:16:11: 读取文件成功
2017-05-22T12:17:11: 读取文件成功
2017-05-22T12:18:11: 读取文件成功
2017-05-22T12:19:11: 读取文件成功
2017-05-22T12:20:11: 读取文件成功
2017-05-22T12:21:11: 读取文件成功
2017-05-22T12:22:11: 读取文件成功
2017-05-22T12:23:11: 读取文件成功
2017-05-22T12:24:11: 读取文件成功
2017-05-22T12:25:11: 读取文件成功
2017-05-22T12:26:11: 读取文件成功
2017-05-22T12:27:11: 读取文件成功
2017-05-22T12:28:11: 读取文件成功
2017-05-22T12:29:11: 读取文件成功
2017-05-22T12:30:11: 读取文件成功
2017-05-22T12:31:11: 读取文件成功
2017-05-22T12:32:11: 读取文件成功
2017-05-22T12:33:11: 读取文件成功
2017-05-22T12:34:11: 读取文件成功
2017-05-22T12:35:11: 读取文件成功
2017-05-22T12:36:11: 读取文件成功
2017-05-22T12:37:16: 读取文件成功
2017-05-22T12:38:11: 读取文件成功
2017-05-22T12:40:11: 读取文件成功
2017-05-22T12:41:12: 读取文件成功
2017-05-22T12:42:11: 读取文件成功
2017-05-22T12:43:11: 读取文件成功
2017-05-22T12:44:11: 读取文件成功
2017-05-22T12:45:11: 读取文件成功
2017-05-22T12:46:11: 读取文件成功
2017-05-22T12:47:11: 读取文件成功
2017-05-22T12:48:11: 读取文件成功
2017-05-22T12:49:11: 读取文件成功
2017-05-22T12:50:11: 读取文件成功
2017-05-22T12:51:11: 读取文件成功
2017-05-22T12:52:11: 读取文件成功
2017-05-22T12:53:11: 读取文件成功
2017-05-22T12:54:11: 读取文件成功
2017-05-22T12:55:11: 读取文件成功
2017-05-22T12:56:11: 读取文件成功
2017-05-22T12:57:11: 读取文件成功
2017-05-22T12:58:11: 读取文件成功
2017-05-22T12:59:11: 读取文件成功
2017-05-22T13:00:11: 读取文件成功
2017-05-22T13:01:11: 读取文件成功
2017-05-22T13:02:11: 读取文件成功
2017-05-22T13:03:16: 读取文件成功
2017-05-22T13:04:11: 读取文件成功
2017-05-22T13:05:11: 读取文件成功
2017-05-22T13:06:11: 读取文件成功
2017-05-22T13:07:11: 读取文件成功
2017-05-22T13:08:11: 读取文件成功
2017-05-22T13:09:16: 读取文件成功
2017-05-22T13:10:11: 读取文件成功
2017-05-22T13:11:16: 读取文件成功
2017-05-22T13:12:11: 读取文件成功
2017-05-22T13:13:11: 读取文件成功
2017-05-22T13:14:11: 读取文件成功
2017-05-22T13:15:11: 读取文件成功
2017-05-22T13:16:11: 读取文件成功
2017-05-22T13:17:11: 读取文件成功
2017-05-22T13:18:11: 读取文件成功
2017-05-22T13:19:11: 读取文件成功
2017-05-22T13:20:11: 读取文件成功
2017-05-22T13:21:11: 读取文件成功
2017-05-22T13:22:11: 读取文件成功
2017-05-22T13:23:11: 读取文件成功
2017-05-22T13:24:11: 读取文件成功
2017-05-22T13:25:11: 读取文件成功
2017-05-22T13:26:11: 读取文件成功
2017-05-22T13:27:11: 读取文件成功
2017-05-22T13:28:11: 读取文件成功
2017-05-22T13:29:11: 读取文件成功
2017-05-22T13:30:11: 读取文件成功
2017-05-22T13:31:11: 读取文件成功
2017-05-22T13:32:11: 读取文件成功
2017-05-22T13:33:16: 读取文件成功
2017-05-22T13:34:11: 读取文件成功
2017-05-22T13:35:12: 读取文件成功
2017-05-22T13:36:11: 读取文件成功
2017-05-22T13:37:16: 读取文件成功
2017-05-22T13:38:11: 读取文件成功
2017-05-22T13:39:11: 读取文件成功
2017-05-22T13:40:11: 读取文件成功
2017-05-22T13:41:12: 读取文件成功
2017-05-22T13:42:12: 读取文件成功
2017-05-22T13:43:12: 读取文件成功
2017-05-22T13:44:12: 读取文件成功
2017-05-22T13:45:12: 读取文件成功
2017-05-22T13:46:12: 读取文件成功
2017-05-22T13:47:12: 读取文件成功
2017-05-22T13:48:12: 读取文件成功
2017-05-22T13:49:12: 读取文件成功
2017-05-22T13:50:12: 读取文件成功
2017-05-22T13:51:12: 读取文件成功
2017-05-22T13:52:12: 读取文件成功
2017-05-22T13:53:12: 读取文件成功
2017-05-22T13:54:12: 读取文件成功
2017-05-22T13:55:12: 读取文件成功
2017-05-22T13:56:12: 读取文件成功
2017-05-22T13:57:12: 读取文件成功
2017-05-22T13:58:12: 读取文件成功
2017-05-22T14:01:12: 读取文件成功
2017-05-22T14:02:12: 读取文件成功
2017-05-22T14:03:12: 读取文件成功
2017-05-22T14:04:12: 读取文件成功
2017-05-22T14:05:12: 读取文件成功
2017-05-22T14:06:12: 读取文件成功
2017-05-22T14:07:12: 读取文件成功
2017-05-22T14:08:12: 读取文件成功
2017-05-22T14:09:12: 读取文件成功
2017-05-22T14:10:12: 读取文件成功
2017-05-22T14:11:17: 读取文件成功
2017-05-22T14:12:12: 读取文件成功
2017-05-22T14:14:12: 读取文件成功
2017-05-22T14:15:12: 读取文件成功
2017-05-22T14:16:12: 读取文件成功
2017-05-22T14:17:17: 读取文件成功
2017-05-22T14:18:12: 读取文件成功
2017-05-22T14:19:12: 读取文件成功
2017-05-22T14:20:12: 读取文件成功
2017-05-22T14:21:12: 读取文件成功
2017-05-22T14:22:12: 读取文件成功
2017-05-22T14:23:12: 读取文件成功
2017-05-22T14:24:12: 读取文件成功
2017-05-22T14:25:12: 读取文件成功
2017-05-22T14:26:12: 读取文件成功
2017-05-22T14:27:17: 读取文件成功
2017-05-22T14:28:17: 读取文件成功
2017-05-22T14:29:12: 读取文件成功
2017-05-22T14:30:12: 读取文件成功
2017-05-22T14:31:12: 读取文件成功
2017-05-22T14:32:12: 读取文件成功
2017-05-22T14:33:12: 读取文件成功
2017-05-22T14:34:12: 读取文件成功
2017-05-22T14:35:12: 读取文件成功
2017-05-22T14:36:12: 读取文件成功
2017-05-22T14:37:12: 读取文件成功
2017-05-22T14:38:12: 读取文件成功
2017-05-22T14:39:12: 读取文件成功
2017-05-22T14:40:12: 读取文件成功
2017-05-22T14:41:12: 读取文件成功
2017-05-22T14:42:12: 读取文件成功
2017-05-22T14:43:12: 读取文件成功
2017-05-22T14:44:12: 读取文件成功
2017-05-22T14:45:12: 读取文件成功
2017-05-22T14:46:12: 读取文件成功
2017-05-22T14:47:12: 读取文件成功
2017-05-22T14:48:12: 读取文件成功
2017-05-22T14:49:12: 读取文件成功
2017-05-22T14:50:12: 读取文件成功
2017-05-22T14:51:12: 读取文件成功
2017-05-22T14:52:12: 读取文件成功
2017-05-22T14:53:17: 读取文件成功
2017-05-22T14:54:12: 读取文件成功
2017-05-22T14:55:12: 读取文件成功
2017-05-22T14:56:12: 读取文件成功
2017-05-22T14:57:12: 读取文件成功
2017-05-22T14:58:12: 读取文件成功
2017-05-22T14:59:12: 读取文件成功
2017-05-22T15:00:13: 读取文件成功
2017-05-22T15:01:17: 读取文件成功
2017-05-22T15:02:12: 读取文件成功
2017-05-22T15:03:12: 读取文件成功
2017-05-22T15:04:17: 读取文件成功
2017-05-22T15:05:12: 读取文件成功
2017-05-22T15:06:12: 读取文件成功
2017-05-22T15:07:12: 读取文件成功
2017-05-22T15:08:12: 读取文件成功
2017-05-22T15:09:12: 读取文件成功
2017-05-22T15:10:17: 读取文件成功
2017-05-22T15:11:12: 读取文件成功
2017-05-22T15:12:12: 读取文件成功
2017-05-22T15:13:17: 读取文件成功
2017-05-22T15:14:12: 读取文件成功
2017-05-22T15:15:12: 读取文件成功
2017-05-22T15:16:17: 读取文件成功
2017-05-22T15:17:12: 读取文件成功
2017-05-22T15:18:12: 读取文件成功
2017-05-22T15:19:12: 读取文件成功
2017-05-22T15:20:12: 读取文件成功
2017-05-22T15:21:18: 读取文件成功
2017-05-22T15:22:17: 读取文件成功
2017-05-22T15:23:12: 读取文件成功
2017-05-22T15:24:12: 读取文件成功
2017-05-22T15:25:12: 读取文件成功
2017-05-22T15:26:12: 读取文件成功
2017-05-22T15:27:13: 读取文件成功
2017-05-22T15:28:12: 读取文件成功
2017-05-22T15:29:12: 读取文件成功
2017-05-22T15:30:12: 读取文件成功
2017-05-22T15:31:12: 读取文件成功
2017-05-22T15:32:13: 读取文件成功
2017-05-22T15:33:13: 读取文件成功
2017-05-22T15:34:12: 读取文件成功
2017-05-22T15:35:12: 读取文件成功
2017-05-22T15:36:13: 读取文件成功
2017-05-22T15:37:12: 读取文件成功
2017-05-22T15:38:18: 读取文件成功
2017-05-22T15:39:13: 读取文件成功
2017-05-22T15:40:13: 读取文件成功
2017-05-22T15:41:13: 读取文件成功
2017-05-22T15:42:13: 读取文件成功
2017-05-22T15:43:13: 读取文件成功
2017-05-22T15:44:13: 读取文件成功
2017-05-22T15:45:13: 读取文件成功
2017-05-22T15:46:13: 读取文件成功
2017-05-22T15:47:13: 读取文件成功
2017-05-22T15:48:13: 读取文件成功
2017-05-22T15:49:13: 读取文件成功
2017-05-22T15:50:13: 读取文件成功
2017-05-22T15:51:13: 读取文件成功
2017-05-22T15:52:13: 读取文件成功
2017-05-22T15:53:13: 读取文件成功
2017-05-22T15:54:13: 读取文件成功
2017-05-22T15:55:13: 读取文件成功
2017-05-22T15:56:13: 读取文件成功
2017-05-22T15:57:13: 读取文件成功
2017-05-22T15:58:18: 读取文件成功
2017-05-22T15:59:13: 读取文件成功
2017-05-22T16:00:13: 读取文件成功
2017-05-22T16:01:13: 读取文件成功
2017-05-22T16:02:13: 读取文件成功
2017-05-22T16:03:13: 读取文件成功
2017-05-22T16:04:18: 读取文件成功
2017-05-22T16:05:13: 读取文件成功
2017-05-22T16:06:13: 读取文件成功
2017-05-22T16:07:13: 读取文件成功
2017-05-22T16:08:13: 读取文件成功
2017-05-22T16:09:13: 读取文件成功
2017-05-22T16:10:13: 读取文件成功
2017-05-22T16:11:13: 读取文件成功
2017-05-22T16:12:13: 读取文件成功
2017-05-22T16:13:13: 读取文件成功
2017-05-22T16:14:13: 读取文件成功
2017-05-22T16:15:13: 读取文件成功
2017-05-22T16:16:13: 读取文件成功
2017-05-22T16:17:13: 读取文件成功
2017-05-22T16:18:13: 读取文件成功
2017-05-22T16:19:13: 读取文件成功
2017-05-22T16:20:13: 读取文件成功
2017-05-22T16:21:18: 读取文件成功
2017-05-22T16:22:13: 读取文件成功
2017-05-22T16:23:13: 读取文件成功
2017-05-22T16:24:13: 读取文件成功
2017-05-22T16:25:18: 读取文件成功
2017-05-22T16:26:13: 读取文件成功
2017-05-22T16:27:13: 读取文件成功
2017-05-22T16:28:13: 读取文件成功
2017-05-22T16:29:13: 读取文件成功
2017-05-22T16:30:13: 读取文件成功
2017-05-22T16:31:13: 读取文件成功
2017-05-22T16:32:13: 读取文件成功
2017-05-22T16:33:13: 读取文件成功
2017-05-22T16:34:13: 读取文件成功
2017-05-22T16:35:13: 读取文件成功
2017-05-22T16:36:13: 读取文件成功
2017-05-22T16:37:13: 读取文件成功
2017-05-22T16:38:13: 读取文件成功
2017-05-22T16:39:13: 读取文件成功
2017-05-22T16:40:13: 读取文件成功
2017-05-22T16:41:13: 读取文件成功
2017-05-22T16:42:13: 读取文件成功
2017-05-22T16:43:13: 读取文件成功
2017-05-22T16:44:13: 读取文件成功
2017-05-22T16:45:13: 读取文件成功
2017-05-22T16:46:13: 读取文件成功
2017-05-22T16:47:13: 读取文件成功
2017-05-22T16:48:13: 读取文件成功
2017-05-22T16:49:13: 读取文件成功
2017-05-22T16:50:13: 读取文件成功
2017-05-22T16:51:13: 读取文件成功
2017-05-22T16:52:13: 读取文件成功
2017-05-22T16:53:13: 读取文件成功
2017-05-22T16:54:13: 读取文件成功
2017-05-22T16:55:13: 读取文件成功
2017-05-22T16:56:13: 读取文件成功
2017-05-22T16:57:13: 读取文件成功
2017-05-22T16:58:13: 读取文件成功
2017-05-22T16:59:14: 读取文件成功
2017-05-22T17:00:13: 读取文件成功
2017-05-22T17:01:13: 读取文件成功
2017-05-22T17:02:13: 读取文件成功
2017-05-22T17:03:13: 读取文件成功
2017-05-22T17:04:13: 读取文件成功
2017-05-22T17:05:13: 读取文件成功
2017-05-22T17:06:13: 读取文件成功
2017-05-22T17:07:19: 读取文件成功
2017-05-22T17:08:13: 读取文件成功
2017-05-22T17:09:13: 读取文件成功
2017-05-22T17:10:13: 读取文件成功
2017-05-22T17:11:13: 读取文件成功
2017-05-22T17:12:13: 读取文件成功
2017-05-22T17:13:14: 读取文件成功
2017-05-22T17:14:13: 读取文件成功
2017-05-22T17:15:13: 读取文件成功
2017-05-22T17:16:13: 读取文件成功
2017-05-22T17:17:13: 读取文件成功
2017-05-22T17:18:13: 读取文件成功
2017-05-22T17:19:14: 读取文件成功
2017-05-22T17:20:14: 读取文件成功
2017-05-22T17:21:14: 读取文件成功
2017-05-22T17:22:13: 读取文件成功
2017-05-22T17:23:14: 读取文件成功
2017-05-22T17:24:14: 读取文件成功
2017-05-22T17:25:14: 读取文件成功
2017-05-22T17:26:14: 读取文件成功
2017-05-22T17:27:14: 读取文件成功
2017-05-22T17:28:14: 读取文件成功
2017-05-22T17:29:14: 读取文件成功
2017-05-22T17:30:14: 读取文件成功
2017-05-22T17:31:14: 读取文件成功
2017-05-22T17:32:14: 读取文件成功
2017-05-22T17:33:14: 读取文件成功
2017-05-22T17:34:14: 读取文件成功
2017-05-22T17:35:14: 读取文件成功
2017-05-22T17:36:14: 读取文件成功
2017-05-22T17:37:14: 读取文件成功
2017-05-22T17:38:14: 读取文件成功
2017-05-22T17:39:14: 读取文件成功
2017-05-22T17:40:14: 读取文件成功
2017-05-22T17:41:14: 读取文件成功
2017-05-22T17:42:14: 读取文件成功
2017-05-22T17:43:14: 读取文件成功
2017-05-22T17:44:14: 读取文件成功
2017-05-22T17:45:14: 读取文件成功
2017-05-22T17:46:14: 读取文件成功
2017-05-22T17:47:14: 读取文件成功
2017-05-22T17:48:19: 读取文件成功
2017-05-22T17:49:14: 读取文件成功
2017-05-22T17:50:14: 读取文件成功
2017-05-22T17:51:14: 读取文件成功
2017-05-22T17:52:14: 读取文件成功
2017-05-22T17:53:14: 读取文件成功
2017-05-22T17:54:14: 读取文件成功
2017-05-22T17:55:14: 读取文件成功
2017-05-22T17:56:14: 读取文件成功
2017-05-22T17:57:14: 读取文件成功
2017-05-22T17:58:14: 读取文件成功
2017-05-22T17:59:14: 读取文件成功
2017-05-22T18:00:19: 读取文件成功
2017-05-22T18:01:14: 读取文件成功
2017-05-22T18:02:14: 读取文件成功
2017-05-22T18:03:14: 读取文件成功
2017-05-22T18:04:14: 读取文件成功
2017-05-22T18:05:14: 读取文件成功
2017-05-22T18:06:14: 读取文件成功
2017-05-22T18:07:14: 读取文件成功
2017-05-22T18:08:14: 读取文件成功
2017-05-22T18:09:14: 读取文件成功
2017-05-22T18:10:14: 读取文件成功
2017-05-22T18:11:17: 读取文件成功
2017-05-22T18:12:14: 读取文件成功
2017-05-22T18:13:14: 读取文件成功
2017-05-22T18:14:14: 读取文件成功
2017-05-22T18:15:14: 读取文件成功
2017-05-22T18:16:14: 读取文件成功
2017-05-22T18:17:14: 读取文件成功
2017-05-22T18:18:14: 读取文件成功
2017-05-22T18:19:14: 读取文件成功
2017-05-22T18:20:14: 读取文件成功
2017-05-22T18:21:14: 读取文件成功
2017-05-22T18:22:14: 读取文件成功
2017-05-22T18:23:14: 读取文件成功
2017-05-22T18:24:14: 读取文件成功
2017-05-22T18:25:14: 读取文件成功
2017-05-22T18:26:14: 读取文件成功
2017-05-22T18:27:14: 读取文件成功
2017-05-22T18:28:14: 读取文件成功
2017-05-22T18:29:14: 读取文件成功
2017-05-22T18:30:14: 读取文件成功
2017-05-22T18:31:14: 读取文件成功
2017-05-22T18:32:14: 读取文件成功
2017-05-22T18:33:14: 读取文件成功
2017-05-22T18:34:14: 读取文件成功
2017-05-22T18:35:14: 读取文件成功
2017-05-22T18:36:14: 读取文件成功
2017-05-22T18:37:14: 读取文件成功
2017-05-22T18:38:14: 读取文件成功
2017-05-22T18:39:14: 读取文件成功
2017-05-22T18:40:14: 读取文件成功
2017-05-22T18:41:14: 读取文件成功
2017-05-22T18:42:14: 读取文件成功
2017-05-22T18:43:14: 读取文件成功
2017-05-22T18:44:14: 读取文件成功
2017-05-22T18:45:14: 读取文件成功
2017-05-22T18:46:14: 读取文件成功
2017-05-22T18:47:14: 读取文件成功
2017-05-22T18:48:14: 读取文件成功
2017-05-22T18:49:14: 读取文件成功
2017-05-22T18:50:14: 读取文件成功
2017-05-22T18:51:14: 读取文件成功
2017-05-22T18:52:14: 读取文件成功
2017-05-22T18:53:14: 读取文件成功
2017-05-22T18:54:14: 读取文件成功
2017-05-22T18:55:15: 读取文件成功
2017-05-22T18:56:14: 读取文件成功
2017-05-22T18:57:14: 读取文件成功
2017-05-22T18:58:14: 读取文件成功
2017-05-22T18:59:15: 读取文件成功
2017-05-22T19:00:14: 读取文件成功
2017-05-22T19:01:19: 读取文件成功
2017-05-22T19:02:14: 读取文件成功
2017-05-22T19:03:14: 读取文件成功
2017-05-22T19:04:14: 读取文件成功
2017-05-22T19:05:15: 读取文件成功
2017-05-22T19:06:14: 读取文件成功
2017-05-22T19:07:15: 读取文件成功
2017-05-22T19:08:14: 读取文件成功
2017-05-22T19:09:15: 读取文件成功
2017-05-22T19:10:15: 读取文件成功
2017-05-22T19:11:15: 读取文件成功
2017-05-22T19:12:15: 读取文件成功
2017-05-22T19:13:15: 读取文件成功
2017-05-22T19:14:15: 读取文件成功
2017-05-22T19:15:15: 读取文件成功
2017-05-22T19:16:15: 读取文件成功
2017-05-22T19:17:15: 读取文件成功
2017-05-22T19:18:15: 读取文件成功
2017-05-22T19:19:15: 读取文件成功
2017-05-22T19:20:15: 读取文件成功
2017-05-22T19:21:15: 读取文件成功
2017-05-22T19:22:15: 读取文件成功
2017-05-22T19:23:15: 读取文件成功
2017-05-22T19:24:15: 读取文件成功
2017-05-22T19:25:15: 读取文件成功
2017-05-22T19:26:15: 读取文件成功
2017-05-22T19:27:15: 读取文件成功
2017-05-22T19:28:15: 读取文件成功
2017-05-22T19:29:15: 读取文件成功
2017-05-22T19:30:15: 读取文件成功
2017-05-22T19:31:15: 读取文件成功
2017-05-22T19:32:15: 读取文件成功
2017-05-22T19:33:15: 读取文件成功
2017-05-22T19:34:15: 读取文件成功
2017-05-22T19:35:15: 读取文件成功
2017-05-22T19:36:15: 读取文件成功
2017-05-22T19:37:15: 读取文件成功
2017-05-22T19:38:15: 读取文件成功
2017-05-22T19:39:15: 读取文件成功
2017-05-22T19:40:15: 读取文件成功
2017-05-22T19:41:15: 读取文件成功
2017-05-22T19:42:15: 读取文件成功
2017-05-22T19:43:15: 读取文件成功
2017-05-22T19:44:15: 读取文件成功
2017-05-22T19:45:15: 读取文件成功
2017-05-22T19:46:15: 读取文件成功
2017-05-22T19:47:15: 读取文件成功
2017-05-22T19:48:15: 读取文件成功
2017-05-22T19:49:15: 读取文件成功
2017-05-22T19:50:15: 读取文件成功
2017-05-22T19:51:15: 读取文件成功
2017-05-22T19:52:15: 读取文件成功
2017-05-22T19:53:15: 读取文件成功
2017-05-22T19:54:15: 读取文件成功
2017-05-22T19:55:15: 读取文件成功
2017-05-22T19:56:15: 读取文件成功
2017-05-22T19:57:15: 读取文件成功
2017-05-22T19:58:15: 读取文件成功
2017-05-22T19:59:15: 读取文件成功
2017-05-22T20:00:15: 读取文件成功
2017-05-22T20:01:15: 读取文件成功
2017-05-22T20:02:15: 读取文件成功
2017-05-22T20:03:15: 读取文件成功
2017-05-22T20:04:20: 读取文件成功
2017-05-22T20:05:15: 读取文件成功
2017-05-22T20:06:15: 读取文件成功
2017-05-22T20:07:15: 读取文件成功
2017-05-22T20:08:15: 读取文件成功
2017-05-22T20:09:15: 读取文件成功
2017-05-22T20:10:15: 读取文件成功
2017-05-22T20:11:15: 读取文件成功
2017-05-22T20:12:15: 读取文件成功
2017-05-22T20:13:15: 读取文件成功
2017-05-22T20:14:15: 读取文件成功
2017-05-22T20:15:15: 读取文件成功
2017-05-22T20:16:15: 读取文件成功
2017-05-22T20:17:15: 读取文件成功
2017-05-22T20:18:15: 读取文件成功
2017-05-22T20:19:15: 读取文件成功
2017-05-22T20:20:15: 读取文件成功
2017-05-22T20:21:15: 读取文件成功
2017-05-22T20:22:16: 读取文件成功
2017-05-22T20:23:15: 读取文件成功
2017-05-22T20:24:15: 读取文件成功
2017-05-22T20:25:15: 读取文件成功
2017-05-22T20:26:15: 读取文件成功
2017-05-22T20:27:15: 读取文件成功
2017-05-22T20:28:16: 读取文件成功
2017-05-22T20:29:15: 读取文件成功
2017-05-22T20:30:15: 读取文件成功
2017-05-22T20:31:15: 读取文件成功
2017-05-22T20:32:15: 读取文件成功
2017-05-22T20:33:15: 读取文件成功
2017-05-22T20:34:16: 读取文件成功
2017-05-22T20:35:15: 读取文件成功
2017-05-22T20:36:15: 读取文件成功
2017-05-22T20:37:15: 读取文件成功
2017-05-22T20:38:15: 读取文件成功
2017-05-22T20:39:15: 读取文件成功
2017-05-22T20:40:16: 读取文件成功
2017-05-22T20:41:15: 读取文件成功
2017-05-22T20:42:21: 读取文件成功
2017-05-22T20:43:16: 读取文件成功
2017-05-22T20:44:16: 读取文件成功
2017-05-22T20:45:16: 读取文件成功
2017-05-22T20:46:16: 读取文件成功
2017-05-22T20:47:15: 读取文件成功
2017-05-22T20:48:16: 读取文件成功
2017-05-22T20:49:15: 读取文件成功
2017-05-22T20:50:15: 读取文件成功
2017-05-22T20:51:15: 读取文件成功
2017-05-22T20:52:16: 读取文件成功
2017-05-22T20:53:15: 读取文件成功
2017-05-22T20:54:16: 读取文件成功
2017-05-22T20:55:15: 读取文件成功
2017-05-22T20:56:16: 读取文件成功
2017-05-22T20:57:16: 读取文件成功
2017-05-22T20:58:16: 读取文件成功
2017-05-22T20:59:16: 读取文件成功
2017-05-22T21:00:16: 读取文件成功
2017-05-22T21:01:16: 读取文件成功
2017-05-22T21:02:16: 读取文件成功
2017-05-22T21:03:16: 读取文件成功
2017-05-22T21:04:16: 读取文件成功
2017-05-22T21:05:16: 读取文件成功
2017-05-22T21:06:16: 读取文件成功
2017-05-22T21:07:16: 读取文件成功
2017-05-22T21:08:16: 读取文件成功
2017-05-22T21:09:16: 读取文件成功
2017-05-22T21:10:16: 读取文件成功
2017-05-22T21:11:16: 读取文件成功
2017-05-22T21:12:16: 读取文件成功
2017-05-22T21:13:16: 读取文件成功
2017-05-22T21:14:16: 读取文件成功
2017-05-22T21:15:16: 读取文件成功
2017-05-22T21:16:16: 读取文件成功
2017-05-22T21:17:16: 读取文件成功
2017-05-22T21:18:16: 读取文件成功
2017-05-22T21:19:16: 读取文件成功
2017-05-22T21:20:16: 读取文件成功
2017-05-22T21:21:16: 读取文件成功
2017-05-22T21:22:16: 读取文件成功
2017-05-22T21:23:16: 读取文件成功
2017-05-22T21:24:16: 读取文件成功
2017-05-22T21:25:16: 读取文件成功
2017-05-22T21:26:16: 读取文件成功
2017-05-22T21:27:16: 读取文件成功
2017-05-22T21:28:16: 读取文件成功
2017-05-22T21:29:16: 读取文件成功
2017-05-22T21:30:16: 读取文件成功
2017-05-22T21:31:16: 读取文件成功
2017-05-22T21:32:16: 读取文件成功
2017-05-22T21:33:16: 读取文件成功
2017-05-22T21:34:16: 读取文件成功
2017-05-22T21:35:21: 读取文件成功
2017-05-22T21:36:16: 读取文件成功
2017-05-22T21:37:16: 读取文件成功
2017-05-22T21:38:16: 读取文件成功
2017-05-22T21:39:16: 读取文件成功
2017-05-22T21:40:16: 读取文件成功
2017-05-22T21:41:16: 读取文件成功
2017-05-22T21:42:16: 读取文件成功
2017-05-22T21:43:16: 读取文件成功
2017-05-22T21:44:16: 读取文件成功
2017-05-22T21:45:16: 读取文件成功
2017-05-22T21:46:16: 读取文件成功
2017-05-22T21:47:16: 读取文件成功
2017-05-22T21:48:16: 读取文件成功
2017-05-22T21:49:16: 读取文件成功
2017-05-22T21:50:16: 读取文件成功
2017-05-22T21:51:16: 读取文件成功
2017-05-22T21:52:16: 读取文件成功
2017-05-22T21:53:16: 读取文件成功
2017-05-22T21:54:16: 读取文件成功
2017-05-22T21:55:16: 读取文件成功
2017-05-22T21:56:16: 读取文件成功
2017-05-22T21:57:16: 读取文件成功
2017-05-22T21:58:16: 读取文件成功
2017-05-22T21:59:16: 读取文件成功
2017-05-22T22:00:16: 读取文件成功
2017-05-22T22:01:16: 读取文件成功
2017-05-22T22:02:16: 读取文件成功
2017-05-22T22:03:21: 读取文件成功
2017-05-22T22:04:16: 读取文件成功
2017-05-22T22:05:16: 读取文件成功
2017-05-22T22:06:16: 读取文件成功
2017-05-22T22:07:16: 读取文件成功
2017-05-22T22:08:16: 读取文件成功
2017-05-22T22:09:17: 读取文件成功
2017-05-22T22:10:17: 读取文件成功
2017-05-22T22:11:16: 读取文件成功
2017-05-22T22:12:16: 读取文件成功
2017-05-22T22:13:16: 读取文件成功
2017-05-22T22:14:17: 读取文件成功
2017-05-22T22:15:17: 读取文件成功
2017-05-22T22:16:16: 读取文件成功
2017-05-22T22:17:17: 读取文件成功
2017-05-22T22:18:16: 读取文件成功
2017-05-22T22:19:16: 读取文件成功
2017-05-22T22:20:16: 读取文件成功
2017-05-22T22:21:17: 读取文件成功
2017-05-22T22:22:16: 读取文件成功
2017-05-22T22:23:17: 读取文件成功
2017-05-22T22:24:17: 读取文件成功
2017-05-22T22:25:17: 读取文件成功
2017-05-22T22:26:17: 读取文件成功
2017-05-22T22:27:17: 读取文件成功
2017-05-22T22:28:17: 读取文件成功
2017-05-22T22:29:17: 读取文件成功
2017-05-22T22:30:16: 读取文件成功
2017-05-22T22:31:17: 读取文件成功
2017-05-22T22:32:17: 读取文件成功
2017-05-22T22:33:17: 读取文件成功
2017-05-22T22:34:17: 读取文件成功
2017-05-22T22:35:17: 读取文件成功
2017-05-22T22:36:17: 读取文件成功
2017-05-22T22:37:17: 读取文件成功
2017-05-22T22:38:17: 读取文件成功
2017-05-22T22:39:17: 读取文件成功
2017-05-22T22:40:17: 读取文件成功
2017-05-22T22:41:17: 读取文件成功
2017-05-22T22:42:17: 读取文件成功
2017-05-22T22:43:17: 读取文件成功
2017-05-22T22:44:17: 读取文件成功
2017-05-22T22:45:17: 读取文件成功
2017-05-22T22:46:17: 读取文件成功
2017-05-22T22:47:17: 读取文件成功
2017-05-22T22:48:17: 读取文件成功
2017-05-22T22:49:17: 读取文件成功
2017-05-22T22:50:17: 读取文件成功
2017-05-22T22:51:17: 读取文件成功
2017-05-22T22:52:17: 读取文件成功
2017-05-22T22:53:17: 读取文件成功
2017-05-22T22:54:17: 读取文件成功
2017-05-22T22:55:17: 读取文件成功
2017-05-22T22:56:17: 读取文件成功
2017-05-22T22:57:17: 读取文件成功
2017-05-22T22:58:17: 读取文件成功
2017-05-22T22:59:17: 读取文件成功
2017-05-22T23:00:17: 读取文件成功
2017-05-22T23:01:17: 读取文件成功
2017-05-22T23:02:17: 读取文件成功
2017-05-22T23:03:17: 读取文件成功
2017-05-22T23:04:17: 读取文件成功
2017-05-22T23:05:17: 读取文件成功
2017-05-22T23:06:17: 读取文件成功
2017-05-22T23:07:17: 读取文件成功
2017-05-22T23:08:17: 读取文件成功
2017-05-22T23:09:17: 读取文件成功
2017-05-22T23:10:17: 读取文件成功
2017-05-22T23:11:17: 读取文件成功
2017-05-22T23:12:17: 读取文件成功
2017-05-22T23:13:17: 读取文件成功
2017-05-22T23:14:17: 读取文件成功
2017-05-22T23:15:17: 读取文件成功
2017-05-22T23:16:17: 读取文件成功
2017-05-22T23:17:17: 读取文件成功
2017-05-22T23:18:17: 读取文件成功
2017-05-22T23:19:17: 读取文件成功
2017-05-22T23:20:17: 读取文件成功
2017-05-22T23:21:17: 读取文件成功
2017-05-22T23:22:17: 读取文件成功
2017-05-22T23:23:17: 读取文件成功
2017-05-22T23:24:17: 读取文件成功
2017-05-22T23:25:17: 读取文件成功
2017-05-22T23:26:17: 读取文件成功
2017-05-22T23:27:17: 读取文件成功
2017-05-22T23:28:17: 读取文件成功
2017-05-22T23:29:17: 读取文件成功
2017-05-22T23:30:17: 读取文件成功
2017-05-22T23:31:17: 读取文件成功
2017-05-22T23:32:17: 读取文件成功
2017-05-22T23:33:17: 读取文件成功
2017-05-22T23:34:17: 读取文件成功
2017-05-22T23:35:17: 读取文件成功
2017-05-22T23:36:22: 读取文件成功
2017-05-22T23:37:17: 读取文件成功
2017-05-22T23:38:17: 读取文件成功
2017-05-22T23:39:17: 读取文件成功
2017-05-22T23:40:17: 读取文件成功
2017-05-22T23:41:17: 读取文件成功
2017-05-22T23:42:17: 读取文件成功
2017-05-22T23:43:17: 读取文件成功
2017-05-22T23:44:17: 读取文件成功
2017-05-22T23:45:17: 读取文件成功
2017-05-22T23:46:17: 读取文件成功
2017-05-22T23:47:17: 读取文件成功
2017-05-22T23:48:17: 读取文件成功
2017-05-22T23:49:17: 读取文件成功
2017-05-22T23:50:17: 非记录时间：2017-05-22T23:50:17+08:00
2017-05-22T23:51:17: 非记录时间：2017-05-22T23:51:17+08:00
2017-05-22T23:52:17: 非记录时间：2017-05-22T23:52:17+08:00
2017-05-22T23:53:17: 非记录时间：2017-05-22T23:53:17+08:00
2017-05-22T23:54:17: 非记录时间：2017-05-22T23:54:17+08:00
2017-05-22T23:55:17: 非记录时间：2017-05-22T23:55:17+08:00
2017-05-22T23:56:17: 非记录时间：2017-05-22T23:56:17+08:00
2017-05-22T23:57:17: 非记录时间：2017-05-22T23:57:17+08:00
2017-05-22T23:58:17: 非记录时间：2017-05-22T23:58:17+08:00
2017-05-22T23:59:17: 非记录时间：2017-05-22T23:59:17+08:00
