2017-03-27T00:00:02: 非记录时间：2017-03-27T00:00:02+08:00
2017-03-27T00:00:12: 非记录时间：2017-03-27T00:00:12+08:00
2017-03-27T00:00:22: 非记录时间：2017-03-27T00:00:22+08:00
2017-03-27T00:00:32: 非记录时间：2017-03-27T00:00:32+08:00
2017-03-27T00:00:42: 非记录时间：2017-03-27T00:00:42+08:00
2017-03-27T00:00:52: 非记录时间：2017-03-27T00:00:52+08:00
2017-03-27T00:01:02: 非记录时间：2017-03-27T00:01:02+08:00
2017-03-27T00:01:12: 非记录时间：2017-03-27T00:01:12+08:00
2017-03-27T00:01:22: 非记录时间：2017-03-27T00:01:22+08:00
2017-03-27T00:01:32: 非记录时间：2017-03-27T00:01:32+08:00
2017-03-27T00:01:42: 非记录时间：2017-03-27T00:01:42+08:00
2017-03-27T00:01:52: 非记录时间：2017-03-27T00:01:52+08:00
2017-03-27T00:02:02: 非记录时间：2017-03-27T00:02:02+08:00
2017-03-27T00:02:12: 非记录时间：2017-03-27T00:02:12+08:00
2017-03-27T00:02:22: 非记录时间：2017-03-27T00:02:22+08:00
2017-03-27T00:02:32: 非记录时间：2017-03-27T00:02:32+08:00
2017-03-27T00:02:42: 非记录时间：2017-03-27T00:02:42+08:00
2017-03-27T00:02:52: 非记录时间：2017-03-27T00:02:52+08:00
2017-03-27T00:03:02: 非记录时间：2017-03-27T00:03:02+08:00
2017-03-27T00:03:12: 非记录时间：2017-03-27T00:03:12+08:00
2017-03-27T00:03:22: 非记录时间：2017-03-27T00:03:22+08:00
2017-03-27T00:03:32: 非记录时间：2017-03-27T00:03:32+08:00
2017-03-27T00:03:42: 非记录时间：2017-03-27T00:03:42+08:00
2017-03-27T00:03:52: 非记录时间：2017-03-27T00:03:52+08:00
2017-03-27T00:04:02: 非记录时间：2017-03-27T00:04:02+08:00
2017-03-27T00:04:12: 非记录时间：2017-03-27T00:04:12+08:00
2017-03-27T00:04:22: 非记录时间：2017-03-27T00:04:22+08:00
2017-03-27T00:04:32: 非记录时间：2017-03-27T00:04:32+08:00
2017-03-27T00:04:42: 非记录时间：2017-03-27T00:04:42+08:00
2017-03-27T00:04:52: 非记录时间：2017-03-27T00:04:52+08:00
2017-03-27T00:05:02: 非记录时间：2017-03-27T00:05:02+08:00
2017-03-27T00:05:12: 非记录时间：2017-03-27T00:05:12+08:00
2017-03-27T00:05:22: 非记录时间：2017-03-27T00:05:22+08:00
2017-03-27T00:05:32: 非记录时间：2017-03-27T00:05:32+08:00
2017-03-27T00:05:42: 非记录时间：2017-03-27T00:05:42+08:00
2017-03-27T00:05:52: 非记录时间：2017-03-27T00:05:52+08:00
2017-03-27T00:06:02: 非记录时间：2017-03-27T00:06:02+08:00
2017-03-27T00:06:12: 非记录时间：2017-03-27T00:06:12+08:00
2017-03-27T00:06:22: 非记录时间：2017-03-27T00:06:22+08:00
2017-03-27T00:06:32: 非记录时间：2017-03-27T00:06:32+08:00
2017-03-27T00:06:42: 非记录时间：2017-03-27T00:06:42+08:00
2017-03-27T00:06:52: 非记录时间：2017-03-27T00:06:52+08:00
2017-03-27T00:07:02: 非记录时间：2017-03-27T00:07:02+08:00
2017-03-27T00:07:12: 非记录时间：2017-03-27T00:07:12+08:00
2017-03-27T00:07:22: 非记录时间：2017-03-27T00:07:22+08:00
2017-03-27T00:07:32: 非记录时间：2017-03-27T00:07:32+08:00
2017-03-27T00:07:42: 非记录时间：2017-03-27T00:07:42+08:00
2017-03-27T00:07:52: 非记录时间：2017-03-27T00:07:52+08:00
2017-03-27T00:08:02: 非记录时间：2017-03-27T00:08:02+08:00
2017-03-27T00:08:12: 非记录时间：2017-03-27T00:08:12+08:00
2017-03-27T00:08:22: 非记录时间：2017-03-27T00:08:22+08:00
2017-03-27T00:08:32: 非记录时间：2017-03-27T00:08:32+08:00
2017-03-27T00:08:42: 非记录时间：2017-03-27T00:08:42+08:00
2017-03-27T00:08:52: 非记录时间：2017-03-27T00:08:52+08:00
2017-03-27T00:09:02: 非记录时间：2017-03-27T00:09:02+08:00
2017-03-27T00:09:12: 非记录时间：2017-03-27T00:09:12+08:00
2017-03-27T00:09:22: 非记录时间：2017-03-27T00:09:22+08:00
2017-03-27T00:09:32: 非记录时间：2017-03-27T00:09:32+08:00
2017-03-27T00:09:42: 非记录时间：2017-03-27T00:09:42+08:00
2017-03-27T00:09:52: 非记录时间：2017-03-27T00:09:52+08:00
2017-03-27T00:10:02: 非记录时间：2017-03-27T00:10:02+08:00
2017-03-27T00:10:12: 非记录时间：2017-03-27T00:10:12+08:00
2017-03-27T00:10:22: 非记录时间：2017-03-27T00:10:22+08:00
2017-03-27T00:10:32: 非记录时间：2017-03-27T00:10:32+08:00
2017-03-27T00:10:42: 非记录时间：2017-03-27T00:10:42+08:00
2017-03-27T00:10:52: 非记录时间：2017-03-27T00:10:52+08:00
2017-03-27T00:11:02: 非记录时间：2017-03-27T00:11:02+08:00
2017-03-27T00:11:12: 非记录时间：2017-03-27T00:11:12+08:00
2017-03-27T00:11:22: 非记录时间：2017-03-27T00:11:22+08:00
2017-03-27T00:11:32: 非记录时间：2017-03-27T00:11:32+08:00
2017-03-27T00:11:42: 非记录时间：2017-03-27T00:11:42+08:00
2017-03-27T00:11:52: 非记录时间：2017-03-27T00:11:52+08:00
2017-03-27T00:12:02: 非记录时间：2017-03-27T00:12:02+08:00
2017-03-27T00:12:12: 非记录时间：2017-03-27T00:12:12+08:00
2017-03-27T00:12:22: 非记录时间：2017-03-27T00:12:22+08:00
2017-03-27T00:12:32: 非记录时间：2017-03-27T00:12:32+08:00
2017-03-27T00:12:42: 非记录时间：2017-03-27T00:12:42+08:00
2017-03-27T00:12:52: 非记录时间：2017-03-27T00:12:52+08:00
2017-03-27T00:13:02: 非记录时间：2017-03-27T00:13:02+08:00
2017-03-27T00:13:12: 非记录时间：2017-03-27T00:13:12+08:00
2017-03-27T00:13:22: 非记录时间：2017-03-27T00:13:22+08:00
2017-03-27T00:13:32: 非记录时间：2017-03-27T00:13:32+08:00
2017-03-27T00:13:42: 非记录时间：2017-03-27T00:13:42+08:00
2017-03-27T00:13:52: 非记录时间：2017-03-27T00:13:52+08:00
2017-03-27T00:14:02: 非记录时间：2017-03-27T00:14:02+08:00
2017-03-27T00:14:12: 非记录时间：2017-03-27T00:14:12+08:00
2017-03-27T00:14:22: 非记录时间：2017-03-27T00:14:22+08:00
2017-03-27T00:14:32: 非记录时间：2017-03-27T00:14:32+08:00
2017-03-27T00:14:42: 非记录时间：2017-03-27T00:14:42+08:00
2017-03-27T00:14:52: 非记录时间：2017-03-27T00:14:52+08:00
2017-03-27T00:15:02: 非记录时间：2017-03-27T00:15:02+08:00
2017-03-27T00:15:12: 非记录时间：2017-03-27T00:15:12+08:00
2017-03-27T00:15:22: 非记录时间：2017-03-27T00:15:22+08:00
2017-03-27T00:15:32: 非记录时间：2017-03-27T00:15:32+08:00
2017-03-27T00:15:42: 非记录时间：2017-03-27T00:15:42+08:00
2017-03-27T00:15:52: 非记录时间：2017-03-27T00:15:52+08:00
2017-03-27T00:16:02: 非记录时间：2017-03-27T00:16:02+08:00
2017-03-27T00:16:12: 非记录时间：2017-03-27T00:16:12+08:00
2017-03-27T00:16:22: 非记录时间：2017-03-27T00:16:22+08:00
2017-03-27T00:16:32: 非记录时间：2017-03-27T00:16:32+08:00
2017-03-27T00:16:42: 非记录时间：2017-03-27T00:16:42+08:00
2017-03-27T00:16:52: 非记录时间：2017-03-27T00:16:52+08:00
2017-03-27T00:17:02: 非记录时间：2017-03-27T00:17:02+08:00
2017-03-27T00:17:12: 非记录时间：2017-03-27T00:17:12+08:00
2017-03-27T00:17:22: 非记录时间：2017-03-27T00:17:22+08:00
2017-03-27T00:17:32: 非记录时间：2017-03-27T00:17:32+08:00
2017-03-27T00:17:42: 非记录时间：2017-03-27T00:17:42+08:00
2017-03-27T00:17:52: 非记录时间：2017-03-27T00:17:52+08:00
2017-03-27T00:18:02: 非记录时间：2017-03-27T00:18:02+08:00
2017-03-27T00:18:12: 非记录时间：2017-03-27T00:18:12+08:00
2017-03-27T00:18:22: 非记录时间：2017-03-27T00:18:22+08:00
2017-03-27T00:18:32: 非记录时间：2017-03-27T00:18:32+08:00
2017-03-27T00:18:42: 非记录时间：2017-03-27T00:18:42+08:00
2017-03-27T00:18:52: 非记录时间：2017-03-27T00:18:52+08:00
2017-03-27T00:19:02: 非记录时间：2017-03-27T00:19:02+08:00
2017-03-27T00:19:12: 非记录时间：2017-03-27T00:19:12+08:00
2017-03-27T00:19:22: 非记录时间：2017-03-27T00:19:22+08:00
2017-03-27T00:19:32: 非记录时间：2017-03-27T00:19:32+08:00
2017-03-27T00:19:42: 非记录时间：2017-03-27T00:19:42+08:00
2017-03-27T00:19:52: 非记录时间：2017-03-27T00:19:52+08:00
2017-03-27T00:20:02: 非记录时间：2017-03-27T00:20:02+08:00
2017-03-27T00:20:12: 非记录时间：2017-03-27T00:20:12+08:00
2017-03-27T00:20:22: 非记录时间：2017-03-27T00:20:22+08:00
2017-03-27T00:20:32: 非记录时间：2017-03-27T00:20:32+08:00
2017-03-27T00:20:42: 非记录时间：2017-03-27T00:20:42+08:00
2017-03-27T00:20:52: 非记录时间：2017-03-27T00:20:52+08:00
2017-03-27T00:21:02: 非记录时间：2017-03-27T00:21:02+08:00
2017-03-27T00:21:12: 非记录时间：2017-03-27T00:21:12+08:00
2017-03-27T00:21:22: 非记录时间：2017-03-27T00:21:22+08:00
2017-03-27T00:21:32: 非记录时间：2017-03-27T00:21:32+08:00
2017-03-27T00:21:42: 非记录时间：2017-03-27T00:21:42+08:00
2017-03-27T00:21:52: 非记录时间：2017-03-27T00:21:52+08:00
2017-03-27T00:22:02: 非记录时间：2017-03-27T00:22:02+08:00
2017-03-27T00:22:12: 非记录时间：2017-03-27T00:22:12+08:00
2017-03-27T00:22:22: 非记录时间：2017-03-27T00:22:22+08:00
2017-03-27T00:22:32: 非记录时间：2017-03-27T00:22:32+08:00
2017-03-27T00:22:42: 非记录时间：2017-03-27T00:22:42+08:00
2017-03-27T00:22:52: 非记录时间：2017-03-27T00:22:52+08:00
2017-03-27T00:23:02: 非记录时间：2017-03-27T00:23:02+08:00
2017-03-27T00:23:12: 非记录时间：2017-03-27T00:23:12+08:00
2017-03-27T00:23:22: 非记录时间：2017-03-27T00:23:22+08:00
2017-03-27T00:23:32: 非记录时间：2017-03-27T00:23:32+08:00
2017-03-27T00:23:42: 非记录时间：2017-03-27T00:23:42+08:00
2017-03-27T00:23:52: 非记录时间：2017-03-27T00:23:52+08:00
2017-03-27T00:24:02: 非记录时间：2017-03-27T00:24:02+08:00
2017-03-27T00:24:12: 非记录时间：2017-03-27T00:24:12+08:00
2017-03-27T00:24:22: 非记录时间：2017-03-27T00:24:22+08:00
2017-03-27T00:24:32: 非记录时间：2017-03-27T00:24:32+08:00
2017-03-27T00:24:42: 非记录时间：2017-03-27T00:24:42+08:00
2017-03-27T00:24:52: 非记录时间：2017-03-27T00:24:52+08:00
2017-03-27T00:25:02: 非记录时间：2017-03-27T00:25:02+08:00
2017-03-27T00:25:12: 非记录时间：2017-03-27T00:25:12+08:00
2017-03-27T00:25:22: 非记录时间：2017-03-27T00:25:22+08:00
2017-03-27T00:25:32: 非记录时间：2017-03-27T00:25:32+08:00
2017-03-27T00:25:42: 非记录时间：2017-03-27T00:25:42+08:00
2017-03-27T00:25:52: 非记录时间：2017-03-27T00:25:52+08:00
2017-03-27T00:26:02: 非记录时间：2017-03-27T00:26:02+08:00
2017-03-27T00:26:12: 非记录时间：2017-03-27T00:26:12+08:00
2017-03-27T00:26:22: 非记录时间：2017-03-27T00:26:22+08:00
2017-03-27T00:26:32: 非记录时间：2017-03-27T00:26:32+08:00
2017-03-27T00:26:42: 非记录时间：2017-03-27T00:26:42+08:00
2017-03-27T00:26:52: 非记录时间：2017-03-27T00:26:52+08:00
2017-03-27T00:27:02: 非记录时间：2017-03-27T00:27:02+08:00
2017-03-27T00:27:12: 非记录时间：2017-03-27T00:27:12+08:00
2017-03-27T00:27:22: 非记录时间：2017-03-27T00:27:22+08:00
2017-03-27T00:27:32: 非记录时间：2017-03-27T00:27:32+08:00
2017-03-27T00:27:42: 非记录时间：2017-03-27T00:27:42+08:00
2017-03-27T00:27:52: 非记录时间：2017-03-27T00:27:52+08:00
2017-03-27T00:28:02: 非记录时间：2017-03-27T00:28:02+08:00
2017-03-27T00:28:12: 非记录时间：2017-03-27T00:28:12+08:00
2017-03-27T00:28:22: 非记录时间：2017-03-27T00:28:22+08:00
2017-03-27T00:28:32: 非记录时间：2017-03-27T00:28:32+08:00
2017-03-27T00:28:42: 非记录时间：2017-03-27T00:28:42+08:00
2017-03-27T00:28:52: 非记录时间：2017-03-27T00:28:52+08:00
2017-03-27T00:29:02: 非记录时间：2017-03-27T00:29:02+08:00
2017-03-27T00:29:12: 非记录时间：2017-03-27T00:29:12+08:00
2017-03-27T00:29:22: 非记录时间：2017-03-27T00:29:22+08:00
2017-03-27T00:29:32: 非记录时间：2017-03-27T00:29:32+08:00
2017-03-27T00:29:42: 非记录时间：2017-03-27T00:29:42+08:00
2017-03-27T00:29:52: 非记录时间：2017-03-27T00:29:52+08:00
2017-03-27T00:30:02: 非记录时间：2017-03-27T00:30:02+08:00
2017-03-27T00:30:12: 非记录时间：2017-03-27T00:30:12+08:00
2017-03-27T00:30:22: 非记录时间：2017-03-27T00:30:22+08:00
2017-03-27T00:30:32: 非记录时间：2017-03-27T00:30:32+08:00
2017-03-27T00:30:42: 非记录时间：2017-03-27T00:30:42+08:00
2017-03-27T00:30:52: 非记录时间：2017-03-27T00:30:52+08:00
2017-03-27T00:31:02: 非记录时间：2017-03-27T00:31:02+08:00
2017-03-27T00:31:12: 非记录时间：2017-03-27T00:31:12+08:00
2017-03-27T00:31:22: 非记录时间：2017-03-27T00:31:22+08:00
2017-03-27T00:31:32: 非记录时间：2017-03-27T00:31:32+08:00
2017-03-27T00:31:42: 非记录时间：2017-03-27T00:31:42+08:00
2017-03-27T00:31:52: 非记录时间：2017-03-27T00:31:52+08:00
2017-03-27T00:32:02: 非记录时间：2017-03-27T00:32:02+08:00
2017-03-27T00:32:12: 非记录时间：2017-03-27T00:32:12+08:00
2017-03-27T00:32:22: 非记录时间：2017-03-27T00:32:22+08:00
2017-03-27T00:32:32: 非记录时间：2017-03-27T00:32:32+08:00
2017-03-27T00:32:42: 非记录时间：2017-03-27T00:32:42+08:00
2017-03-27T00:32:52: 非记录时间：2017-03-27T00:32:52+08:00
2017-03-27T00:33:02: 非记录时间：2017-03-27T00:33:02+08:00
2017-03-27T00:33:12: 非记录时间：2017-03-27T00:33:12+08:00
2017-03-27T00:33:22: 非记录时间：2017-03-27T00:33:22+08:00
2017-03-27T00:33:32: 非记录时间：2017-03-27T00:33:32+08:00
2017-03-27T00:33:42: 非记录时间：2017-03-27T00:33:42+08:00
2017-03-27T00:33:52: 非记录时间：2017-03-27T00:33:52+08:00
2017-03-27T00:34:02: 非记录时间：2017-03-27T00:34:02+08:00
2017-03-27T00:34:12: 非记录时间：2017-03-27T00:34:12+08:00
2017-03-27T00:34:22: 非记录时间：2017-03-27T00:34:22+08:00
2017-03-27T00:34:32: 非记录时间：2017-03-27T00:34:32+08:00
2017-03-27T00:34:42: 非记录时间：2017-03-27T00:34:42+08:00
2017-03-27T00:34:52: 非记录时间：2017-03-27T00:34:52+08:00
2017-03-27T00:35:02: 非记录时间：2017-03-27T00:35:02+08:00
2017-03-27T00:35:12: 非记录时间：2017-03-27T00:35:12+08:00
2017-03-27T00:35:22: 非记录时间：2017-03-27T00:35:22+08:00
2017-03-27T00:35:32: 非记录时间：2017-03-27T00:35:32+08:00
2017-03-27T00:35:42: 非记录时间：2017-03-27T00:35:42+08:00
2017-03-27T00:35:52: 非记录时间：2017-03-27T00:35:52+08:00
2017-03-27T00:36:02: 非记录时间：2017-03-27T00:36:02+08:00
2017-03-27T00:36:12: 非记录时间：2017-03-27T00:36:12+08:00
2017-03-27T00:36:22: 非记录时间：2017-03-27T00:36:22+08:00
2017-03-27T00:36:32: 非记录时间：2017-03-27T00:36:32+08:00
2017-03-27T00:36:42: 非记录时间：2017-03-27T00:36:42+08:00
2017-03-27T00:36:52: 非记录时间：2017-03-27T00:36:52+08:00
2017-03-27T00:37:02: 非记录时间：2017-03-27T00:37:02+08:00
2017-03-27T00:37:12: 非记录时间：2017-03-27T00:37:12+08:00
2017-03-27T00:37:22: 非记录时间：2017-03-27T00:37:22+08:00
2017-03-27T00:37:32: 非记录时间：2017-03-27T00:37:32+08:00
2017-03-27T00:37:42: 非记录时间：2017-03-27T00:37:42+08:00
2017-03-27T00:37:52: 非记录时间：2017-03-27T00:37:52+08:00
2017-03-27T00:38:02: 非记录时间：2017-03-27T00:38:02+08:00
2017-03-27T00:38:12: 非记录时间：2017-03-27T00:38:12+08:00
2017-03-27T00:38:22: 非记录时间：2017-03-27T00:38:22+08:00
2017-03-27T00:38:32: 非记录时间：2017-03-27T00:38:32+08:00
2017-03-27T00:38:42: 非记录时间：2017-03-27T00:38:42+08:00
2017-03-27T00:38:52: 非记录时间：2017-03-27T00:38:52+08:00
2017-03-27T00:39:02: 非记录时间：2017-03-27T00:39:02+08:00
2017-03-27T00:39:12: 非记录时间：2017-03-27T00:39:12+08:00
2017-03-27T00:39:22: 非记录时间：2017-03-27T00:39:22+08:00
2017-03-27T00:39:32: 非记录时间：2017-03-27T00:39:32+08:00
2017-03-27T00:39:42: 非记录时间：2017-03-27T00:39:42+08:00
2017-03-27T00:39:52: 非记录时间：2017-03-27T00:39:52+08:00
2017-03-27T00:40:02: 非记录时间：2017-03-27T00:40:02+08:00
2017-03-27T00:40:12: 非记录时间：2017-03-27T00:40:12+08:00
2017-03-27T00:40:22: 非记录时间：2017-03-27T00:40:22+08:00
2017-03-27T00:40:32: 非记录时间：2017-03-27T00:40:32+08:00
2017-03-27T00:40:42: 非记录时间：2017-03-27T00:40:42+08:00
2017-03-27T00:40:52: 非记录时间：2017-03-27T00:40:52+08:00
2017-03-27T00:41:02: 非记录时间：2017-03-27T00:41:02+08:00
2017-03-27T00:41:12: 非记录时间：2017-03-27T00:41:12+08:00
2017-03-27T00:41:22: 非记录时间：2017-03-27T00:41:22+08:00
2017-03-27T00:41:32: 非记录时间：2017-03-27T00:41:32+08:00
2017-03-27T00:41:42: 非记录时间：2017-03-27T00:41:42+08:00
2017-03-27T00:41:52: 非记录时间：2017-03-27T00:41:52+08:00
2017-03-27T00:42:02: 非记录时间：2017-03-27T00:42:02+08:00
2017-03-27T00:42:12: 非记录时间：2017-03-27T00:42:12+08:00
2017-03-27T00:42:22: 非记录时间：2017-03-27T00:42:22+08:00
2017-03-27T00:42:32: 非记录时间：2017-03-27T00:42:32+08:00
2017-03-27T00:42:42: 非记录时间：2017-03-27T00:42:42+08:00
2017-03-27T00:42:52: 非记录时间：2017-03-27T00:42:52+08:00
2017-03-27T00:43:02: 非记录时间：2017-03-27T00:43:02+08:00
2017-03-27T00:43:12: 非记录时间：2017-03-27T00:43:12+08:00
2017-03-27T00:43:22: 非记录时间：2017-03-27T00:43:22+08:00
2017-03-27T00:43:32: 非记录时间：2017-03-27T00:43:32+08:00
2017-03-27T00:43:42: 非记录时间：2017-03-27T00:43:42+08:00
2017-03-27T00:43:52: 非记录时间：2017-03-27T00:43:52+08:00
2017-03-27T00:44:02: 非记录时间：2017-03-27T00:44:02+08:00
2017-03-27T00:44:12: 非记录时间：2017-03-27T00:44:12+08:00
2017-03-27T00:44:23: 非记录时间：2017-03-27T00:44:23+08:00
2017-03-27T00:44:33: 非记录时间：2017-03-27T00:44:33+08:00
2017-03-27T00:44:43: 非记录时间：2017-03-27T00:44:43+08:00
2017-03-27T00:44:53: 非记录时间：2017-03-27T00:44:53+08:00
2017-03-27T00:45:03: 非记录时间：2017-03-27T00:45:03+08:00
2017-03-27T00:45:13: 非记录时间：2017-03-27T00:45:13+08:00
2017-03-27T00:45:23: 非记录时间：2017-03-27T00:45:23+08:00
2017-03-27T00:45:33: 非记录时间：2017-03-27T00:45:33+08:00
2017-03-27T00:45:43: 非记录时间：2017-03-27T00:45:43+08:00
2017-03-27T00:45:53: 非记录时间：2017-03-27T00:45:53+08:00
2017-03-27T00:46:03: 非记录时间：2017-03-27T00:46:03+08:00
2017-03-27T00:46:13: 非记录时间：2017-03-27T00:46:13+08:00
2017-03-27T00:46:23: 非记录时间：2017-03-27T00:46:23+08:00
2017-03-27T00:46:33: 非记录时间：2017-03-27T00:46:33+08:00
2017-03-27T00:46:43: 非记录时间：2017-03-27T00:46:43+08:00
2017-03-27T00:46:53: 非记录时间：2017-03-27T00:46:53+08:00
2017-03-27T00:47:03: 非记录时间：2017-03-27T00:47:03+08:00
2017-03-27T00:47:13: 非记录时间：2017-03-27T00:47:13+08:00
2017-03-27T00:47:23: 非记录时间：2017-03-27T00:47:23+08:00
2017-03-27T00:47:33: 非记录时间：2017-03-27T00:47:33+08:00
2017-03-27T00:47:43: 非记录时间：2017-03-27T00:47:43+08:00
2017-03-27T00:47:53: 非记录时间：2017-03-27T00:47:53+08:00
2017-03-27T00:48:03: 非记录时间：2017-03-27T00:48:03+08:00
2017-03-27T00:48:13: 非记录时间：2017-03-27T00:48:13+08:00
2017-03-27T00:48:23: 非记录时间：2017-03-27T00:48:23+08:00
2017-03-27T00:48:33: 非记录时间：2017-03-27T00:48:33+08:00
2017-03-27T00:48:43: 非记录时间：2017-03-27T00:48:43+08:00
2017-03-27T00:48:53: 非记录时间：2017-03-27T00:48:53+08:00
2017-03-27T00:49:03: 非记录时间：2017-03-27T00:49:03+08:00
2017-03-27T00:49:13: 非记录时间：2017-03-27T00:49:13+08:00
2017-03-27T00:49:23: 非记录时间：2017-03-27T00:49:23+08:00
2017-03-27T00:49:33: 非记录时间：2017-03-27T00:49:33+08:00
2017-03-27T00:49:43: 非记录时间：2017-03-27T00:49:43+08:00
2017-03-27T00:49:53: 非记录时间：2017-03-27T00:49:53+08:00
2017-03-27T00:50:03: 非记录时间：2017-03-27T00:50:03+08:00
2017-03-27T00:50:13: 非记录时间：2017-03-27T00:50:13+08:00
2017-03-27T00:50:23: 非记录时间：2017-03-27T00:50:23+08:00
2017-03-27T00:50:33: 非记录时间：2017-03-27T00:50:33+08:00
2017-03-27T00:50:43: 非记录时间：2017-03-27T00:50:43+08:00
2017-03-27T00:50:53: 非记录时间：2017-03-27T00:50:53+08:00
2017-03-27T00:51:03: 非记录时间：2017-03-27T00:51:03+08:00
2017-03-27T00:51:13: 非记录时间：2017-03-27T00:51:13+08:00
2017-03-27T00:51:23: 非记录时间：2017-03-27T00:51:23+08:00
2017-03-27T00:51:33: 非记录时间：2017-03-27T00:51:33+08:00
2017-03-27T00:51:43: 非记录时间：2017-03-27T00:51:43+08:00
2017-03-27T00:51:53: 非记录时间：2017-03-27T00:51:53+08:00
2017-03-27T00:52:03: 非记录时间：2017-03-27T00:52:03+08:00
2017-03-27T00:52:13: 非记录时间：2017-03-27T00:52:13+08:00
2017-03-27T00:52:23: 非记录时间：2017-03-27T00:52:23+08:00
2017-03-27T00:52:33: 非记录时间：2017-03-27T00:52:33+08:00
2017-03-27T00:52:43: 非记录时间：2017-03-27T00:52:43+08:00
2017-03-27T00:52:53: 非记录时间：2017-03-27T00:52:53+08:00
2017-03-27T00:53:03: 非记录时间：2017-03-27T00:53:03+08:00
2017-03-27T00:53:13: 非记录时间：2017-03-27T00:53:13+08:00
2017-03-27T00:53:23: 非记录时间：2017-03-27T00:53:23+08:00
2017-03-27T00:53:33: 非记录时间：2017-03-27T00:53:33+08:00
2017-03-27T00:53:43: 非记录时间：2017-03-27T00:53:43+08:00
2017-03-27T00:53:53: 非记录时间：2017-03-27T00:53:53+08:00
2017-03-27T00:54:03: 非记录时间：2017-03-27T00:54:03+08:00
2017-03-27T00:54:13: 非记录时间：2017-03-27T00:54:13+08:00
2017-03-27T00:54:23: 非记录时间：2017-03-27T00:54:23+08:00
2017-03-27T00:54:33: 非记录时间：2017-03-27T00:54:33+08:00
2017-03-27T00:54:43: 非记录时间：2017-03-27T00:54:43+08:00
2017-03-27T00:54:53: 非记录时间：2017-03-27T00:54:53+08:00
2017-03-27T00:55:03: 非记录时间：2017-03-27T00:55:03+08:00
2017-03-27T00:55:13: 非记录时间：2017-03-27T00:55:13+08:00
2017-03-27T00:55:23: 非记录时间：2017-03-27T00:55:23+08:00
2017-03-27T00:55:33: 非记录时间：2017-03-27T00:55:33+08:00
2017-03-27T00:55:43: 非记录时间：2017-03-27T00:55:43+08:00
2017-03-27T00:55:53: 非记录时间：2017-03-27T00:55:53+08:00
2017-03-27T00:56:03: 非记录时间：2017-03-27T00:56:03+08:00
2017-03-27T00:56:13: 非记录时间：2017-03-27T00:56:13+08:00
2017-03-27T00:56:23: 非记录时间：2017-03-27T00:56:23+08:00
2017-03-27T00:56:33: 非记录时间：2017-03-27T00:56:33+08:00
2017-03-27T00:56:43: 非记录时间：2017-03-27T00:56:43+08:00
2017-03-27T00:56:53: 非记录时间：2017-03-27T00:56:53+08:00
2017-03-27T00:57:03: 非记录时间：2017-03-27T00:57:03+08:00
2017-03-27T00:57:13: 非记录时间：2017-03-27T00:57:13+08:00
2017-03-27T00:57:23: 非记录时间：2017-03-27T00:57:23+08:00
2017-03-27T00:57:33: 非记录时间：2017-03-27T00:57:33+08:00
2017-03-27T00:57:43: 非记录时间：2017-03-27T00:57:43+08:00
2017-03-27T00:57:53: 非记录时间：2017-03-27T00:57:53+08:00
2017-03-27T00:58:03: 非记录时间：2017-03-27T00:58:03+08:00
2017-03-27T00:58:13: 非记录时间：2017-03-27T00:58:13+08:00
2017-03-27T00:58:23: 非记录时间：2017-03-27T00:58:23+08:00
2017-03-27T00:58:33: 非记录时间：2017-03-27T00:58:33+08:00
2017-03-27T00:58:43: 非记录时间：2017-03-27T00:58:43+08:00
2017-03-27T00:58:53: 非记录时间：2017-03-27T00:58:53+08:00
2017-03-27T00:59:03: 非记录时间：2017-03-27T00:59:03+08:00
2017-03-27T00:59:13: 非记录时间：2017-03-27T00:59:13+08:00
2017-03-27T00:59:23: 非记录时间：2017-03-27T00:59:23+08:00
2017-03-27T00:59:33: 非记录时间：2017-03-27T00:59:33+08:00
2017-03-27T00:59:43: 非记录时间：2017-03-27T00:59:43+08:00
2017-03-27T00:59:53: 非记录时间：2017-03-27T00:59:53+08:00
2017-03-27T01:00:03: 非记录时间：2017-03-27T01:00:03+08:00
2017-03-27T01:00:13: 非记录时间：2017-03-27T01:00:13+08:00
2017-03-27T01:00:23: 非记录时间：2017-03-27T01:00:23+08:00
2017-03-27T01:00:33: 非记录时间：2017-03-27T01:00:33+08:00
2017-03-27T01:00:43: 非记录时间：2017-03-27T01:00:43+08:00
2017-03-27T01:00:53: 非记录时间：2017-03-27T01:00:53+08:00
2017-03-27T01:01:03: 非记录时间：2017-03-27T01:01:03+08:00
2017-03-27T01:01:13: 非记录时间：2017-03-27T01:01:13+08:00
2017-03-27T01:01:23: 非记录时间：2017-03-27T01:01:23+08:00
2017-03-27T01:01:33: 非记录时间：2017-03-27T01:01:33+08:00
2017-03-27T01:01:43: 非记录时间：2017-03-27T01:01:43+08:00
2017-03-27T01:01:53: 非记录时间：2017-03-27T01:01:53+08:00
2017-03-27T01:02:03: 非记录时间：2017-03-27T01:02:03+08:00
2017-03-27T01:02:13: 非记录时间：2017-03-27T01:02:13+08:00
2017-03-27T01:02:23: 非记录时间：2017-03-27T01:02:23+08:00
2017-03-27T01:02:33: 非记录时间：2017-03-27T01:02:33+08:00
2017-03-27T01:02:43: 非记录时间：2017-03-27T01:02:43+08:00
2017-03-27T01:02:53: 非记录时间：2017-03-27T01:02:53+08:00
2017-03-27T01:03:03: 非记录时间：2017-03-27T01:03:03+08:00
2017-03-27T01:03:13: 非记录时间：2017-03-27T01:03:13+08:00
2017-03-27T01:03:23: 非记录时间：2017-03-27T01:03:23+08:00
2017-03-27T01:03:33: 非记录时间：2017-03-27T01:03:33+08:00
2017-03-27T01:03:43: 非记录时间：2017-03-27T01:03:43+08:00
2017-03-27T01:03:53: 非记录时间：2017-03-27T01:03:53+08:00
2017-03-27T01:04:03: 非记录时间：2017-03-27T01:04:03+08:00
2017-03-27T01:04:13: 非记录时间：2017-03-27T01:04:13+08:00
2017-03-27T01:04:23: 非记录时间：2017-03-27T01:04:23+08:00
2017-03-27T01:04:33: 非记录时间：2017-03-27T01:04:33+08:00
2017-03-27T01:04:43: 非记录时间：2017-03-27T01:04:43+08:00
2017-03-27T01:04:53: 非记录时间：2017-03-27T01:04:53+08:00
2017-03-27T01:05:03: 非记录时间：2017-03-27T01:05:03+08:00
2017-03-27T01:05:13: 非记录时间：2017-03-27T01:05:13+08:00
2017-03-27T01:05:23: 非记录时间：2017-03-27T01:05:23+08:00
2017-03-27T01:05:33: 非记录时间：2017-03-27T01:05:33+08:00
2017-03-27T01:05:43: 非记录时间：2017-03-27T01:05:43+08:00
2017-03-27T01:05:53: 非记录时间：2017-03-27T01:05:53+08:00
2017-03-27T01:06:03: 非记录时间：2017-03-27T01:06:03+08:00
2017-03-27T01:06:13: 非记录时间：2017-03-27T01:06:13+08:00
2017-03-27T01:06:23: 非记录时间：2017-03-27T01:06:23+08:00
2017-03-27T01:06:33: 非记录时间：2017-03-27T01:06:33+08:00
2017-03-27T01:06:43: 非记录时间：2017-03-27T01:06:43+08:00
2017-03-27T01:06:53: 非记录时间：2017-03-27T01:06:53+08:00
2017-03-27T01:07:03: 非记录时间：2017-03-27T01:07:03+08:00
2017-03-27T01:07:13: 非记录时间：2017-03-27T01:07:13+08:00
2017-03-27T01:07:23: 非记录时间：2017-03-27T01:07:23+08:00
2017-03-27T01:07:33: 非记录时间：2017-03-27T01:07:33+08:00
2017-03-27T01:07:43: 非记录时间：2017-03-27T01:07:43+08:00
2017-03-27T01:07:53: 非记录时间：2017-03-27T01:07:53+08:00
2017-03-27T01:08:03: 非记录时间：2017-03-27T01:08:03+08:00
2017-03-27T01:08:13: 非记录时间：2017-03-27T01:08:13+08:00
2017-03-27T01:08:23: 非记录时间：2017-03-27T01:08:23+08:00
2017-03-27T01:08:33: 非记录时间：2017-03-27T01:08:33+08:00
2017-03-27T01:08:43: 非记录时间：2017-03-27T01:08:43+08:00
2017-03-27T01:08:53: 非记录时间：2017-03-27T01:08:53+08:00
2017-03-27T01:09:03: 非记录时间：2017-03-27T01:09:03+08:00
2017-03-27T01:09:13: 非记录时间：2017-03-27T01:09:13+08:00
2017-03-27T01:09:23: 非记录时间：2017-03-27T01:09:23+08:00
2017-03-27T01:09:33: 非记录时间：2017-03-27T01:09:33+08:00
2017-03-27T01:09:43: 非记录时间：2017-03-27T01:09:43+08:00
2017-03-27T01:09:53: 非记录时间：2017-03-27T01:09:53+08:00
2017-03-27T01:10:03: 非记录时间：2017-03-27T01:10:03+08:00
2017-03-27T01:10:13: 非记录时间：2017-03-27T01:10:13+08:00
2017-03-27T01:10:23: 非记录时间：2017-03-27T01:10:23+08:00
2017-03-27T01:10:33: 非记录时间：2017-03-27T01:10:33+08:00
2017-03-27T01:10:43: 非记录时间：2017-03-27T01:10:43+08:00
2017-03-27T01:10:53: 非记录时间：2017-03-27T01:10:53+08:00
2017-03-27T01:11:04: 读取文件失败，可能是该文件不存在
2017-03-27T01:11:04: Error: ENOENT: no such file or directory, open './data/2017-03-27.json'
2017-03-27T01:11:13: 读取文件成功
2017-03-27T01:11:23: 读取文件成功
2017-03-27T01:11:33: 读取文件成功
2017-03-27T01:11:43: 读取文件成功
2017-03-27T01:11:53: 读取文件成功
2017-03-27T01:12:03: 读取文件成功
2017-03-27T01:12:13: 读取文件成功
2017-03-27T01:12:23: 读取文件成功
2017-03-27T01:12:33: 读取文件成功
2017-03-27T01:12:43: 读取文件成功
2017-03-27T01:12:53: 读取文件成功
2017-03-27T01:13:03: 读取文件成功
2017-03-27T01:13:14: 读取文件成功
2017-03-27T01:13:24: 读取文件成功
2017-03-27T01:13:35: 读取文件成功
2017-03-27T01:13:44: 读取文件成功
2017-03-27T01:13:54: 读取文件成功
2017-03-27T01:14:04: 读取文件成功
2017-03-27T01:14:14: 读取文件成功
2017-03-27T01:14:24: 读取文件成功
2017-03-27T01:14:34: 读取文件成功
2017-03-27T01:14:44: 读取文件成功
2017-03-27T01:14:54: 读取文件成功
2017-03-27T01:15:04: 读取文件成功
2017-03-27T01:15:14: 读取文件成功
2017-03-27T01:15:25: 读取文件成功
2017-03-27T01:15:34: 读取文件成功
2017-03-27T01:15:44: 读取文件成功
2017-03-27T01:15:56: 读取文件成功
2017-03-27T01:16:04: 读取文件成功
2017-03-27T01:16:14: 读取文件成功
2017-03-27T01:16:24: 读取文件成功
2017-03-27T01:16:34: 读取文件成功
2017-03-27T01:16:44: 读取文件成功
2017-03-27T01:16:54: 读取文件成功
2017-03-27T01:17:04: 读取文件成功
2017-03-27T01:17:14: 读取文件成功
2017-03-27T01:17:24: 读取文件成功
2017-03-27T01:17:34: 读取文件成功
2017-03-27T01:17:44: 读取文件成功
2017-03-27T01:17:54: 读取文件成功
2017-03-27T01:18:04: 读取文件成功
2017-03-27T01:18:14: 读取文件成功
2017-03-27T01:18:24: 读取文件成功
2017-03-27T01:18:34: 读取文件成功
2017-03-27T01:18:44: 读取文件成功
2017-03-27T01:18:54: 读取文件成功
2017-03-27T01:19:04: 读取文件成功
2017-03-27T01:19:14: 读取文件成功
2017-03-27T01:19:24: 读取文件成功
2017-03-27T01:19:34: 读取文件成功
2017-03-27T01:19:44: 读取文件成功
2017-03-27T01:19:54: 读取文件成功
2017-03-27T01:20:04: 读取文件成功
2017-03-27T01:20:14: 读取文件成功
2017-03-27T01:20:24: 读取文件成功
2017-03-27T01:20:34: 读取文件成功
2017-03-27T01:20:44: 读取文件成功
2017-03-27T01:20:54: 读取文件成功
2017-03-27T01:21:04: 读取文件成功
2017-03-27T01:21:14: 读取文件成功
2017-03-27T01:21:24: 读取文件成功
2017-03-27T01:21:34: 读取文件成功
2017-03-27T01:21:45: 读取文件成功
2017-03-27T01:21:54: 读取文件成功
2017-03-27T01:22:04: 读取文件成功
2017-03-27T01:22:14: 读取文件成功
2017-03-27T01:22:25: 读取文件成功
2017-03-27T01:22:34: 读取文件成功
2017-03-27T01:22:44: 读取文件成功
2017-03-27T01:22:54: 读取文件成功
2017-03-27T01:23:05: 读取文件成功
2017-03-27T01:23:15: 读取文件成功
2017-03-27T01:23:24: 读取文件成功
2017-03-27T01:23:34: 读取文件成功
2017-03-27T01:23:44: 读取文件成功
2017-03-27T01:23:54: 读取文件成功
2017-03-27T01:24:04: 读取文件成功
2017-03-27T01:24:15: 读取文件成功
2017-03-27T01:24:24: 读取文件成功
2017-03-27T01:24:34: 读取文件成功
2017-03-27T01:24:44: 读取文件成功
2017-03-27T01:24:55: 读取文件成功
2017-03-27T01:25:05: 读取文件成功
2017-03-27T01:25:14: 读取文件成功
2017-03-27T01:25:24: 读取文件成功
2017-03-27T01:25:34: 读取文件成功
2017-03-27T01:25:44: 读取文件成功
2017-03-27T01:25:54: 读取文件成功
2017-03-27T01:26:04: 读取文件成功
2017-03-27T01:26:14: 读取文件成功
2017-03-27T01:26:25: 读取文件成功
2017-03-27T01:26:34: 读取文件成功
2017-03-27T01:26:44: 读取文件成功
2017-03-27T01:26:54: 读取文件成功
2017-03-27T01:27:04: 读取文件成功
2017-03-27T01:27:14: 读取文件成功
2017-03-27T01:27:25: 读取文件成功
2017-03-27T01:27:35: 读取文件成功
2017-03-27T01:27:45: 读取文件成功
2017-03-27T01:27:55: 读取文件成功
2017-03-27T01:28:05: 读取文件成功
2017-03-27T01:28:15: 读取文件成功
2017-03-27T01:28:25: 读取文件成功
2017-03-27T01:28:35: 读取文件成功
2017-03-27T01:28:45: 读取文件成功
2017-03-27T01:28:55: 读取文件成功
2017-03-27T01:29:05: 读取文件成功
2017-03-27T01:29:15: 读取文件成功
2017-03-27T01:29:25: 读取文件成功
2017-03-27T01:29:35: 读取文件成功
2017-03-27T01:29:45: 读取文件成功
2017-03-27T01:29:56: 读取文件成功
2017-03-27T01:30:05: 读取文件成功
2017-03-27T01:30:15: 读取文件成功
2017-03-27T01:30:25: 读取文件成功
2017-03-27T01:30:35: 读取文件成功
2017-03-27T01:30:45: 读取文件成功
2017-03-27T01:30:55: 读取文件成功
2017-03-27T01:31:05: 读取文件成功
2017-03-27T01:31:15: 读取文件成功
2017-03-27T01:31:25: 读取文件成功
2017-03-27T01:31:35: 读取文件成功
2017-03-27T01:31:45: 读取文件成功
2017-03-27T01:31:55: 读取文件成功
2017-03-27T01:32:05: 读取文件成功
2017-03-27T01:32:15: 读取文件成功
2017-03-27T01:32:25: 读取文件成功
2017-03-27T01:32:35: 读取文件成功
2017-03-27T01:32:45: 读取文件成功
2017-03-27T01:32:55: 读取文件成功
2017-03-27T01:33:06: 读取文件成功
2017-03-27T01:33:15: 读取文件成功
2017-03-27T01:33:25: 读取文件成功
2017-03-27T01:33:35: 读取文件成功
2017-03-27T01:33:45: 读取文件成功
2017-03-27T01:33:55: 读取文件成功
2017-03-27T01:34:05: 读取文件成功
2017-03-27T01:34:15: 读取文件成功
2017-03-27T01:34:25: 读取文件成功
2017-03-27T01:34:35: 读取文件成功
2017-03-27T01:34:45: 读取文件成功
2017-03-27T01:34:55: 读取文件成功
2017-03-27T01:35:05: 读取文件成功
2017-03-27T01:35:15: 读取文件成功
2017-03-27T01:35:25: 读取文件成功
2017-03-27T01:35:35: 读取文件成功
2017-03-27T01:35:45: 读取文件成功
2017-03-27T01:35:55: 读取文件成功
2017-03-27T01:36:05: 读取文件成功
2017-03-27T01:36:15: 读取文件成功
2017-03-27T01:36:25: 读取文件成功
2017-03-27T01:36:35: 读取文件成功
2017-03-27T01:36:45: 读取文件成功
2017-03-27T01:36:55: 读取文件成功
2017-03-27T01:37:05: 读取文件成功
2017-03-27T01:37:15: 读取文件成功
2017-03-27T01:37:25: 读取文件成功
2017-03-27T01:37:35: 读取文件成功
2017-03-27T01:37:45: 读取文件成功
2017-03-27T01:37:55: 读取文件成功
2017-03-27T01:38:05: 读取文件成功
2017-03-27T01:38:15: 读取文件成功
2017-03-27T01:38:25: 读取文件成功
2017-03-27T01:38:35: 读取文件成功
2017-03-27T01:38:45: 读取文件成功
2017-03-27T01:38:55: 读取文件成功
2017-03-27T01:39:05: 读取文件成功
2017-03-27T01:39:15: 读取文件成功
2017-03-27T01:39:25: 读取文件成功
2017-03-27T01:39:35: 读取文件成功
2017-03-27T01:39:46: 读取文件成功
2017-03-27T01:39:55: 读取文件成功
2017-03-27T01:40:05: 读取文件成功
2017-03-27T01:40:15: 读取文件成功
2017-03-27T01:40:25: 读取文件成功
2017-03-27T01:40:36: 读取文件成功
2017-03-27T01:40:45: 读取文件成功
2017-03-27T01:40:55: 读取文件成功
2017-03-27T01:41:05: 读取文件成功
2017-03-27T01:41:15: 读取文件成功
2017-03-27T01:41:25: 读取文件成功
2017-03-27T01:41:35: 读取文件成功
2017-03-27T01:41:46: 读取文件成功
2017-03-27T01:41:55: 读取文件成功
2017-03-27T01:42:05: 读取文件成功
2017-03-27T01:42:15: 读取文件成功
2017-03-27T01:42:25: 读取文件成功
2017-03-27T01:42:35: 读取文件成功
2017-03-27T01:42:45: 读取文件成功
2017-03-27T01:42:55: 读取文件成功
2017-03-27T01:43:05: 读取文件成功
2017-03-27T01:43:15: 读取文件成功
2017-03-27T01:43:25: 读取文件成功
2017-03-27T01:43:35: 读取文件成功
2017-03-27T01:43:45: 读取文件成功
2017-03-27T01:43:55: 读取文件成功
2017-03-27T01:44:05: 读取文件成功
2017-03-27T01:44:15: 读取文件成功
2017-03-27T01:44:25: 读取文件成功
2017-03-27T01:44:35: 读取文件成功
2017-03-27T01:44:45: 读取文件成功
2017-03-27T01:44:55: 读取文件成功
2017-03-27T01:45:05: 读取文件成功
2017-03-27T01:45:15: 读取文件成功
2017-03-27T01:45:25: 读取文件成功
2017-03-27T01:45:35: 读取文件成功
2017-03-27T01:45:45: 读取文件成功
2017-03-27T01:45:55: 读取文件成功
2017-03-27T01:46:05: 读取文件成功
2017-03-27T01:46:15: 读取文件成功
2017-03-27T01:46:25: 读取文件成功
2017-03-27T01:46:35: 读取文件成功
2017-03-27T01:46:45: 读取文件成功
2017-03-27T01:46:56: 读取文件成功
2017-03-27T01:47:05: 读取文件成功
2017-03-27T01:47:15: 读取文件成功
2017-03-27T01:47:25: 读取文件成功
2017-03-27T01:47:35: 读取文件成功
2017-03-27T01:47:45: 读取文件成功
2017-03-27T01:47:55: 读取文件成功
2017-03-27T01:48:05: 读取文件成功
2017-03-27T01:48:15: 读取文件成功
2017-03-27T01:48:25: 读取文件成功
2017-03-27T01:48:35: 读取文件成功
2017-03-27T01:48:45: 读取文件成功
2017-03-27T01:48:56: 读取文件成功
2017-03-27T01:49:05: 读取文件成功
2017-03-27T01:49:15: 读取文件成功
2017-03-27T01:49:25: 读取文件成功
2017-03-27T01:49:36: 读取文件成功
2017-03-27T01:49:45: 读取文件成功
2017-03-27T01:49:55: 读取文件成功
2017-03-27T01:50:05: 读取文件成功
2017-03-27T01:50:15: 读取文件成功
2017-03-27T01:50:26: 读取文件成功
2017-03-27T01:50:36: 读取文件成功
2017-03-27T01:50:46: 读取文件成功
2017-03-27T01:50:56: 读取文件成功
2017-03-27T01:51:06: 读取文件成功
2017-03-27T01:51:16: 读取文件成功
2017-03-27T01:51:26: 读取文件成功
2017-03-27T01:51:36: 读取文件成功
2017-03-27T01:51:46: 读取文件成功
2017-03-27T01:51:56: 读取文件成功
2017-03-27T01:52:06: 读取文件成功
2017-03-27T01:52:16: 读取文件成功
2017-03-27T01:52:26: 读取文件成功
2017-03-27T01:52:36: 读取文件成功
2017-03-27T01:52:46: 读取文件成功
2017-03-27T01:52:56: 读取文件成功
2017-03-27T01:53:06: 读取文件成功
2017-03-27T01:53:16: 读取文件成功
2017-03-27T01:53:26: 读取文件成功
2017-03-27T01:53:36: 读取文件成功
2017-03-27T01:53:46: 读取文件成功
2017-03-27T01:53:56: 读取文件成功
2017-03-27T01:54:06: 读取文件成功
2017-03-27T01:54:16: 读取文件成功
2017-03-27T01:54:26: 读取文件成功
2017-03-27T01:54:36: 读取文件成功
2017-03-27T01:54:46: 读取文件成功
2017-03-27T01:54:56: 读取文件成功
2017-03-27T01:55:06: 读取文件成功
2017-03-27T01:55:16: 读取文件成功
2017-03-27T01:55:26: 读取文件成功
2017-03-27T01:55:36: 读取文件成功
2017-03-27T01:55:46: 读取文件成功
2017-03-27T01:55:56: 读取文件成功
2017-03-27T01:56:06: 读取文件成功
2017-03-27T01:56:16: 读取文件成功
2017-03-27T01:56:26: 读取文件成功
2017-03-27T01:56:36: 读取文件成功
2017-03-27T01:56:46: 读取文件成功
2017-03-27T01:56:56: 读取文件成功
2017-03-27T01:57:06: 读取文件成功
2017-03-27T01:57:16: 读取文件成功
2017-03-27T01:57:26: 读取文件成功
2017-03-27T01:57:36: 读取文件成功
2017-03-27T01:57:46: 读取文件成功
2017-03-27T01:57:56: 读取文件成功
2017-03-27T01:58:06: 读取文件成功
2017-03-27T01:58:16: 读取文件成功
2017-03-27T01:58:26: 读取文件成功
2017-03-27T01:58:36: 读取文件成功
2017-03-27T01:58:46: 读取文件成功
2017-03-27T01:58:56: 读取文件成功
2017-03-27T01:59:06: 读取文件成功
2017-03-27T01:59:16: 读取文件成功
2017-03-27T01:59:26: 读取文件成功
2017-03-27T01:59:36: 读取文件成功
2017-03-27T01:59:46: 读取文件成功
2017-03-27T01:59:56: 读取文件成功
2017-03-27T02:00:06: 读取文件成功
2017-03-27T02:00:16: 读取文件成功
2017-03-27T02:00:26: 读取文件成功
2017-03-27T02:00:36: 读取文件成功
2017-03-27T02:00:46: 读取文件成功
2017-03-27T02:00:56: 读取文件成功
2017-03-27T02:01:06: 读取文件成功
2017-03-27T02:01:16: 读取文件成功
2017-03-27T02:01:26: 读取文件成功
2017-03-27T02:01:36: 读取文件成功
2017-03-27T02:01:46: 读取文件成功
2017-03-27T02:01:56: 读取文件成功
2017-03-27T02:02:06: 读取文件成功
2017-03-27T02:02:16: 读取文件成功
2017-03-27T02:02:27: 读取文件成功
2017-03-27T02:02:36: 读取文件成功
2017-03-27T02:02:46: 读取文件成功
2017-03-27T02:02:56: 读取文件成功
2017-03-27T02:03:06: 读取文件成功
2017-03-27T02:03:16: 读取文件成功
2017-03-27T02:03:26: 读取文件成功
2017-03-27T02:03:36: 读取文件成功
2017-03-27T02:03:46: 读取文件成功
2017-03-27T02:03:56: 读取文件成功
2017-03-27T02:04:06: 读取文件成功
2017-03-27T02:04:16: 读取文件成功
2017-03-27T02:04:26: 读取文件成功
2017-03-27T02:04:36: 读取文件成功
2017-03-27T02:04:46: 读取文件成功
2017-03-27T02:04:56: 读取文件成功
2017-03-27T02:05:06: 读取文件成功
2017-03-27T02:05:16: 读取文件成功
2017-03-27T02:05:26: 读取文件成功
2017-03-27T02:05:36: 读取文件成功
2017-03-27T02:05:46: 读取文件成功
2017-03-27T02:05:56: 读取文件成功
2017-03-27T02:06:06: 读取文件成功
2017-03-27T02:06:16: 读取文件成功
2017-03-27T02:06:26: 读取文件成功
2017-03-27T02:06:36: 读取文件成功
2017-03-27T02:06:46: 读取文件成功
2017-03-27T02:06:57: 读取文件成功
2017-03-27T02:07:06: 读取文件成功
2017-03-27T02:07:16: 读取文件成功
2017-03-27T02:07:27: 读取文件成功
2017-03-27T02:07:36: 读取文件成功
2017-03-27T02:07:46: 读取文件成功
2017-03-27T02:07:56: 读取文件成功
2017-03-27T02:08:06: 读取文件成功
2017-03-27T02:08:16: 读取文件成功
2017-03-27T02:08:26: 读取文件成功
2017-03-27T02:08:36: 读取文件成功
2017-03-27T02:08:46: 读取文件成功
2017-03-27T02:08:56: 读取文件成功
2017-03-27T02:09:06: 读取文件成功
2017-03-27T02:09:16: 读取文件成功
2017-03-27T02:09:26: 读取文件成功
2017-03-27T02:09:36: 读取文件成功
2017-03-27T02:09:46: 读取文件成功
2017-03-27T02:09:56: 读取文件成功
2017-03-27T02:10:06: 读取文件成功
2017-03-27T02:10:16: 读取文件成功
2017-03-27T02:10:26: 读取文件成功
2017-03-27T02:10:36: 读取文件成功
2017-03-27T02:10:46: 读取文件成功
2017-03-27T02:10:56: 读取文件成功
2017-03-27T02:11:06: 读取文件成功
2017-03-27T02:11:16: 读取文件成功
2017-03-27T02:11:26: 读取文件成功
2017-03-27T02:11:36: 读取文件成功
2017-03-27T02:11:46: 读取文件成功
2017-03-27T02:11:56: 读取文件成功
2017-03-27T02:12:06: 读取文件成功
2017-03-27T02:12:16: 读取文件成功
2017-03-27T02:12:27: 读取文件成功
2017-03-27T02:12:37: 读取文件成功
2017-03-27T02:12:46: 读取文件成功
2017-03-27T02:12:56: 读取文件成功
2017-03-27T02:13:06: 读取文件成功
2017-03-27T02:13:16: 读取文件成功
2017-03-27T02:13:27: 读取文件成功
2017-03-27T02:13:37: 读取文件成功
2017-03-27T02:13:47: 读取文件成功
2017-03-27T02:13:57: 读取文件成功
2017-03-27T02:14:07: 读取文件成功
2017-03-27T02:14:17: 读取文件成功
2017-03-27T02:14:27: 读取文件成功
2017-03-27T02:14:37: 读取文件成功
2017-03-27T02:14:47: 读取文件成功
2017-03-27T02:14:57: 读取文件成功
2017-03-27T02:15:07: 读取文件成功
2017-03-27T02:15:17: 读取文件成功
2017-03-27T02:15:27: 读取文件成功
2017-03-27T02:15:37: 读取文件成功
2017-03-27T02:15:47: 读取文件成功
2017-03-27T02:15:58: 读取文件成功
2017-03-27T02:16:07: 读取文件成功
2017-03-27T02:16:17: 读取文件成功
2017-03-27T02:16:27: 读取文件成功
2017-03-27T02:16:37: 读取文件成功
2017-03-27T02:16:47: 读取文件成功
2017-03-27T02:16:57: 读取文件成功
2017-03-27T02:17:07: 读取文件成功
2017-03-27T02:17:17: 读取文件成功
2017-03-27T02:17:27: 读取文件成功
2017-03-27T02:17:37: 读取文件成功
2017-03-27T02:17:47: 读取文件成功
2017-03-27T02:17:57: 读取文件成功
2017-03-27T02:18:07: 读取文件成功
2017-03-27T02:18:17: 读取文件成功
2017-03-27T02:18:27: 读取文件成功
2017-03-27T02:18:37: 读取文件成功
2017-03-27T02:18:47: 读取文件成功
2017-03-27T02:18:57: 读取文件成功
2017-03-27T02:19:07: 读取文件成功
2017-03-27T02:19:17: 读取文件成功
2017-03-27T02:19:27: 读取文件成功
2017-03-27T02:19:37: 读取文件成功
2017-03-27T02:19:47: 读取文件成功
2017-03-27T02:19:57: 读取文件成功
2017-03-27T02:20:07: 读取文件成功
2017-03-27T02:20:17: 读取文件成功
2017-03-27T02:20:27: 读取文件成功
2017-03-27T02:20:37: 读取文件成功
2017-03-27T02:20:47: 读取文件成功
2017-03-27T02:20:57: 读取文件成功
2017-03-27T02:21:07: 读取文件成功
2017-03-27T02:21:17: 读取文件成功
2017-03-27T02:21:27: 读取文件成功
2017-03-27T02:21:37: 读取文件成功
2017-03-27T02:21:47: 读取文件成功
2017-03-27T02:21:57: 读取文件成功
2017-03-27T02:22:07: 读取文件成功
2017-03-27T02:22:17: 读取文件成功
2017-03-27T02:22:27: 读取文件成功
2017-03-27T02:22:37: 读取文件成功
2017-03-27T02:22:47: 读取文件成功
2017-03-27T02:22:57: 读取文件成功
2017-03-27T02:23:07: 读取文件成功
2017-03-27T02:23:17: 读取文件成功
2017-03-27T02:23:27: 读取文件成功
2017-03-27T02:23:37: 读取文件成功
2017-03-27T02:23:47: 读取文件成功
2017-03-27T02:23:57: 读取文件成功
2017-03-27T02:24:07: 读取文件成功
2017-03-27T02:24:17: 读取文件成功
2017-03-27T02:24:27: 读取文件成功
2017-03-27T02:24:37: 读取文件成功
2017-03-27T02:24:47: 读取文件成功
2017-03-27T02:24:57: 读取文件成功
2017-03-27T02:25:07: 读取文件成功
2017-03-27T02:25:17: 读取文件成功
2017-03-27T02:25:27: 读取文件成功
2017-03-27T02:25:37: 读取文件成功
2017-03-27T02:25:47: 读取文件成功
2017-03-27T02:25:57: 读取文件成功
2017-03-27T02:26:07: 读取文件成功
2017-03-27T02:26:17: 读取文件成功
2017-03-27T02:26:27: 读取文件成功
2017-03-27T02:26:37: 读取文件成功
2017-03-27T02:26:47: 读取文件成功
2017-03-27T02:26:57: 读取文件成功
2017-03-27T02:27:07: 读取文件成功
2017-03-27T02:27:17: 读取文件成功
2017-03-27T02:27:27: 读取文件成功
2017-03-27T02:27:37: 读取文件成功
2017-03-27T02:27:47: 读取文件成功
2017-03-27T02:27:57: 读取文件成功
2017-03-27T02:28:07: 读取文件成功
2017-03-27T02:28:17: 读取文件成功
2017-03-27T02:28:27: 读取文件成功
2017-03-27T02:28:37: 读取文件成功
2017-03-27T02:28:47: 读取文件成功
2017-03-27T02:28:57: 读取文件成功
2017-03-27T02:29:07: 读取文件成功
2017-03-27T02:29:17: 读取文件成功
2017-03-27T02:29:27: 读取文件成功
2017-03-27T02:29:37: 读取文件成功
2017-03-27T02:29:47: 读取文件成功
2017-03-27T02:29:57: 读取文件成功
2017-03-27T02:30:07: 读取文件成功
2017-03-27T02:30:17: 读取文件成功
2017-03-27T02:30:27: 读取文件成功
2017-03-27T02:30:37: 读取文件成功
2017-03-27T02:30:47: 读取文件成功
2017-03-27T02:30:57: 读取文件成功
2017-03-27T02:31:07: 读取文件成功
2017-03-27T02:31:17: 读取文件成功
2017-03-27T02:31:27: 读取文件成功
2017-03-27T02:31:37: 读取文件成功
2017-03-27T02:31:47: 读取文件成功
2017-03-27T02:31:57: 读取文件成功
2017-03-27T02:32:07: 读取文件成功
2017-03-27T02:32:17: 读取文件成功
2017-03-27T02:32:27: 读取文件成功
2017-03-27T02:32:37: 读取文件成功
2017-03-27T02:32:47: 读取文件成功
2017-03-27T02:32:57: 读取文件成功
2017-03-27T02:33:08: 读取文件成功
2017-03-27T02:33:18: 读取文件成功
2017-03-27T02:33:28: 读取文件成功
2017-03-27T02:33:38: 读取文件成功
2017-03-27T02:33:48: 读取文件成功
2017-03-27T02:33:57: 读取文件成功
2017-03-27T02:34:08: 读取文件成功
2017-03-27T02:34:18: 读取文件成功
2017-03-27T02:34:28: 读取文件成功
2017-03-27T02:34:38: 读取文件成功
2017-03-27T02:34:48: 读取文件成功
2017-03-27T02:34:58: 读取文件成功
2017-03-27T02:35:08: 读取文件成功
2017-03-27T02:35:18: 读取文件成功
2017-03-27T02:35:28: 读取文件成功
2017-03-27T02:35:38: 读取文件成功
2017-03-27T02:35:48: 读取文件成功
2017-03-27T02:35:58: 读取文件成功
2017-03-27T02:36:08: 读取文件成功
2017-03-27T02:36:18: 读取文件成功
2017-03-27T02:36:28: 读取文件成功
2017-03-27T02:36:38: 读取文件成功
2017-03-27T02:36:48: 读取文件成功
2017-03-27T02:36:58: 读取文件成功
2017-03-27T02:37:08: 读取文件成功
2017-03-27T02:37:18: 读取文件成功
2017-03-27T02:37:28: 读取文件成功
2017-03-27T02:37:38: 读取文件成功
2017-03-27T02:37:48: 读取文件成功
2017-03-27T02:37:58: 读取文件成功
2017-03-27T02:38:08: 读取文件成功
2017-03-27T02:38:18: 读取文件成功
2017-03-27T02:38:28: 读取文件成功
2017-03-27T02:38:38: 读取文件成功
2017-03-27T02:38:48: 读取文件成功
2017-03-27T02:38:58: 读取文件成功
2017-03-27T02:39:08: 读取文件成功
2017-03-27T02:39:18: 读取文件成功
2017-03-27T02:39:28: 读取文件成功
2017-03-27T02:39:38: 读取文件成功
2017-03-27T02:39:48: 读取文件成功
2017-03-27T02:39:58: 读取文件成功
2017-03-27T02:40:08: 读取文件成功
2017-03-27T02:40:18: 读取文件成功
2017-03-27T02:40:28: 读取文件成功
2017-03-27T02:40:38: 读取文件成功
2017-03-27T02:40:48: 读取文件成功
2017-03-27T02:40:58: 读取文件成功
2017-03-27T02:41:08: 读取文件成功
2017-03-27T02:41:18: 读取文件成功
2017-03-27T02:41:28: 读取文件成功
2017-03-27T02:41:38: 读取文件成功
2017-03-27T02:41:48: 读取文件成功
2017-03-27T02:41:58: 读取文件成功
2017-03-27T02:42:08: 读取文件成功
2017-03-27T02:42:18: 读取文件成功
2017-03-27T02:42:28: 读取文件成功
2017-03-27T02:42:38: 读取文件成功
2017-03-27T02:42:48: 读取文件成功
2017-03-27T02:42:58: 读取文件成功
2017-03-27T02:43:08: 读取文件成功
2017-03-27T02:43:18: 读取文件成功
2017-03-27T02:43:28: 读取文件成功
2017-03-27T02:43:38: 读取文件成功
2017-03-27T02:43:48: 读取文件成功
2017-03-27T02:43:58: 读取文件成功
2017-03-27T02:44:08: 读取文件成功
2017-03-27T02:44:18: 读取文件成功
2017-03-27T02:44:28: 读取文件成功
2017-03-27T02:44:38: 读取文件成功
2017-03-27T02:44:48: 读取文件成功
2017-03-27T02:44:58: 读取文件成功
2017-03-27T02:45:08: 读取文件成功
2017-03-27T02:45:18: 读取文件成功
2017-03-27T02:45:28: 读取文件成功
2017-03-27T02:45:38: 读取文件成功
2017-03-27T02:45:48: 读取文件成功
2017-03-27T02:45:58: 读取文件成功
2017-03-27T02:46:08: 读取文件成功
2017-03-27T02:46:18: 读取文件成功
2017-03-27T02:46:28: 读取文件成功
2017-03-27T02:46:38: 读取文件成功
2017-03-27T02:46:48: 读取文件成功
2017-03-27T02:46:58: 读取文件成功
2017-03-27T02:47:08: 读取文件成功
2017-03-27T02:47:18: 读取文件成功
2017-03-27T02:47:28: 读取文件成功
2017-03-27T02:47:38: 读取文件成功
2017-03-27T02:47:48: 读取文件成功
2017-03-27T02:47:59: 读取文件成功
2017-03-27T02:48:08: 读取文件成功
2017-03-27T02:48:18: 读取文件成功
2017-03-27T02:48:30: 读取文件成功
2017-03-27T02:48:38: 读取文件成功
2017-03-27T02:48:48: 读取文件成功
2017-03-27T02:48:58: 读取文件成功
2017-03-27T02:49:08: 读取文件成功
2017-03-27T02:49:18: 读取文件成功
2017-03-27T02:49:28: 读取文件成功
2017-03-27T02:49:38: 读取文件成功
2017-03-27T02:49:48: 读取文件成功
2017-03-27T02:49:58: 读取文件成功
2017-03-27T02:50:08: 读取文件成功
2017-03-27T02:50:18: 读取文件成功
2017-03-27T02:50:28: 读取文件成功
2017-03-27T02:50:38: 读取文件成功
2017-03-27T02:50:48: 读取文件成功
2017-03-27T02:50:58: 读取文件成功
2017-03-27T02:51:08: 读取文件成功
2017-03-27T02:51:18: 读取文件成功
2017-03-27T02:51:28: 读取文件成功
2017-03-27T02:51:38: 读取文件成功
2017-03-27T02:51:48: 读取文件成功
2017-03-27T02:51:58: 读取文件成功
2017-03-27T02:52:08: 读取文件成功
2017-03-27T02:52:18: 读取文件成功
2017-03-27T02:52:28: 读取文件成功
2017-03-27T02:52:38: 读取文件成功
2017-03-27T02:52:48: 读取文件成功
2017-03-27T02:52:58: 读取文件成功
2017-03-27T02:53:08: 读取文件成功
2017-03-27T02:53:18: 读取文件成功
2017-03-27T02:53:28: 读取文件成功
2017-03-27T02:53:38: 读取文件成功
2017-03-27T02:53:48: 读取文件成功
2017-03-27T02:53:58: 读取文件成功
2017-03-27T02:54:08: 读取文件成功
2017-03-27T02:54:18: 读取文件成功
2017-03-27T02:54:28: 读取文件成功
2017-03-27T02:54:38: 读取文件成功
2017-03-27T02:54:48: 读取文件成功
2017-03-27T02:54:58: 读取文件成功
2017-03-27T02:55:08: 读取文件成功
2017-03-27T02:55:18: 读取文件成功
2017-03-27T02:55:28: 读取文件成功
2017-03-27T02:55:38: 读取文件成功
2017-03-27T02:55:48: 读取文件成功
2017-03-27T02:55:58: 读取文件成功
2017-03-27T02:56:08: 读取文件成功
2017-03-27T02:56:18: 读取文件成功
2017-03-27T02:56:28: 读取文件成功
2017-03-27T02:56:38: 读取文件成功
2017-03-27T02:56:48: 读取文件成功
2017-03-27T02:56:58: 读取文件成功
2017-03-27T02:57:08: 读取文件成功
2017-03-27T02:57:18: 读取文件成功
2017-03-27T02:57:28: 读取文件成功
2017-03-27T02:57:38: 读取文件成功
2017-03-27T02:57:48: 读取文件成功
2017-03-27T02:57:58: 读取文件成功
2017-03-27T02:58:08: 读取文件成功
2017-03-27T02:58:18: 读取文件成功
2017-03-27T02:58:28: 读取文件成功
2017-03-27T02:58:39: 读取文件成功
2017-03-27T02:58:49: 读取文件成功
2017-03-27T02:58:59: 读取文件成功
2017-03-27T02:59:09: 读取文件成功
2017-03-27T02:59:19: 读取文件成功
2017-03-27T02:59:29: 读取文件成功
2017-03-27T02:59:39: 读取文件成功
2017-03-27T02:59:49: 读取文件成功
2017-03-27T02:59:59: 读取文件成功
2017-03-27T03:00:09: 读取文件成功
2017-03-27T03:00:19: 读取文件成功
2017-03-27T03:00:29: 读取文件成功
2017-03-27T03:00:39: 读取文件成功
2017-03-27T03:00:49: 读取文件成功
2017-03-27T03:00:59: 读取文件成功
2017-03-27T03:01:09: 读取文件成功
2017-03-27T03:01:19: 读取文件成功
2017-03-27T03:01:29: 读取文件成功
2017-03-27T03:01:39: 读取文件成功
2017-03-27T03:01:49: 读取文件成功
2017-03-27T03:01:59: 读取文件成功
2017-03-27T03:02:09: 读取文件成功
2017-03-27T03:02:19: 读取文件成功
2017-03-27T03:02:29: 读取文件成功
2017-03-27T03:02:39: 读取文件成功
2017-03-27T03:02:49: 读取文件成功
2017-03-27T03:02:59: 读取文件成功
2017-03-27T03:03:09: 读取文件成功
2017-03-27T03:03:19: 读取文件成功
2017-03-27T03:03:29: 读取文件成功
2017-03-27T03:03:39: 读取文件成功
2017-03-27T03:03:49: 读取文件成功
2017-03-27T03:03:59: 读取文件成功
2017-03-27T03:04:09: 读取文件成功
2017-03-27T03:04:19: 读取文件成功
2017-03-27T03:04:29: 读取文件成功
2017-03-27T03:04:39: 读取文件成功
2017-03-27T03:04:49: 读取文件成功
2017-03-27T03:04:59: 读取文件成功
2017-03-27T03:05:09: 读取文件成功
2017-03-27T03:05:19: 读取文件成功
2017-03-27T03:05:29: 读取文件成功
2017-03-27T03:05:39: 读取文件成功
2017-03-27T03:05:49: 读取文件成功
2017-03-27T03:05:59: 读取文件成功
2017-03-27T03:06:09: 读取文件成功
2017-03-27T03:06:19: 读取文件成功
2017-03-27T03:06:29: 读取文件成功
2017-03-27T03:06:39: 读取文件成功
2017-03-27T03:06:49: 读取文件成功
2017-03-27T03:06:59: 读取文件成功
2017-03-27T03:07:09: 读取文件成功
2017-03-27T03:07:19: 读取文件成功
2017-03-27T03:07:29: 读取文件成功
2017-03-27T03:07:39: 读取文件成功
2017-03-27T03:07:49: 读取文件成功
2017-03-27T03:07:59: 读取文件成功
2017-03-27T03:08:09: 读取文件成功
2017-03-27T03:08:19: 读取文件成功
2017-03-27T03:08:29: 读取文件成功
2017-03-27T03:08:39: 读取文件成功
2017-03-27T03:08:49: 读取文件成功
2017-03-27T03:08:59: 读取文件成功
2017-03-27T03:09:09: 读取文件成功
2017-03-27T03:09:19: 读取文件成功
2017-03-27T03:09:29: 读取文件成功
2017-03-27T03:09:39: 读取文件成功
2017-03-27T03:09:49: 读取文件成功
2017-03-27T03:09:59: 读取文件成功
2017-03-27T03:10:09: 读取文件成功
2017-03-27T03:10:19: 读取文件成功
2017-03-27T03:10:29: 读取文件成功
2017-03-27T03:10:39: 读取文件成功
2017-03-27T03:10:49: 读取文件成功
2017-03-27T03:10:59: 读取文件成功
2017-03-27T03:11:09: 读取文件成功
2017-03-27T03:11:19: 读取文件成功
2017-03-27T03:11:29: 读取文件成功
2017-03-27T03:11:39: 读取文件成功
2017-03-27T03:11:49: 读取文件成功
2017-03-27T03:11:59: 读取文件成功
2017-03-27T03:12:09: 读取文件成功
2017-03-27T03:12:19: 读取文件成功
2017-03-27T03:12:29: 读取文件成功
2017-03-27T03:12:39: 读取文件成功
2017-03-27T03:12:49: 读取文件成功
2017-03-27T03:12:59: 读取文件成功
2017-03-27T03:13:09: 读取文件成功
2017-03-27T03:13:19: 读取文件成功
2017-03-27T03:13:29: 读取文件成功
2017-03-27T03:13:39: 读取文件成功
2017-03-27T03:13:49: 读取文件成功
2017-03-27T03:13:59: 读取文件成功
2017-03-27T03:14:09: 读取文件成功
2017-03-27T03:14:19: 读取文件成功
2017-03-27T03:14:29: 读取文件成功
2017-03-27T03:14:39: 读取文件成功
2017-03-27T03:14:49: 读取文件成功
2017-03-27T03:14:59: 读取文件成功
2017-03-27T03:15:09: 读取文件成功
2017-03-27T03:15:19: 读取文件成功
2017-03-27T03:15:29: 读取文件成功
2017-03-27T03:15:39: 读取文件成功
2017-03-27T03:15:49: 读取文件成功
2017-03-27T03:15:59: 读取文件成功
2017-03-27T03:16:09: 读取文件成功
2017-03-27T03:16:19: 读取文件成功
2017-03-27T03:16:29: 读取文件成功
2017-03-27T03:16:39: 读取文件成功
2017-03-27T03:16:49: 读取文件成功
2017-03-27T03:16:59: 读取文件成功
2017-03-27T03:17:09: 读取文件成功
2017-03-27T03:17:19: 读取文件成功
2017-03-27T03:17:29: 读取文件成功
2017-03-27T03:17:39: 读取文件成功
2017-03-27T03:17:49: 读取文件成功
2017-03-27T03:18:04: 读取文件成功
2017-03-27T03:18:10: 读取文件成功
2017-03-27T03:18:20: 读取文件成功
2017-03-27T03:18:29: 读取文件成功
2017-03-27T03:18:39: 读取文件成功
2017-03-27T03:18:49: 读取文件成功
2017-03-27T03:18:59: 读取文件成功
2017-03-27T03:19:09: 读取文件成功
2017-03-27T03:19:19: 读取文件成功
2017-03-27T03:19:29: 读取文件成功
2017-03-27T03:19:39: 读取文件成功
2017-03-27T03:19:49: 读取文件成功
2017-03-27T03:19:59: 读取文件成功
2017-03-27T03:20:09: 读取文件成功
2017-03-27T03:20:19: 读取文件成功
2017-03-27T03:20:29: 读取文件成功
2017-03-27T03:20:39: 读取文件成功
2017-03-27T03:20:49: 读取文件成功
2017-03-27T03:20:59: 读取文件成功
2017-03-27T03:21:09: 读取文件成功
2017-03-27T03:21:19: 读取文件成功
2017-03-27T03:21:29: 读取文件成功
2017-03-27T03:21:39: 读取文件成功
2017-03-27T03:21:49: 读取文件成功
2017-03-27T03:21:59: 读取文件成功
2017-03-27T03:22:09: 读取文件成功
2017-03-27T03:22:19: 读取文件成功
2017-03-27T03:22:30: 读取文件成功
2017-03-27T03:22:40: 读取文件成功
2017-03-27T03:22:49: 读取文件成功
2017-03-27T03:23:00: 读取文件成功
2017-03-27T03:23:10: 读取文件成功
2017-03-27T03:23:20: 读取文件成功
2017-03-27T03:23:30: 读取文件成功
2017-03-27T03:23:40: 读取文件成功
2017-03-27T03:23:50: 读取文件成功
2017-03-27T03:24:00: 读取文件成功
2017-03-27T03:24:10: 读取文件成功
2017-03-27T03:24:20: 读取文件成功
2017-03-27T03:24:30: 读取文件成功
2017-03-27T03:24:40: 读取文件成功
2017-03-27T03:24:50: 读取文件成功
2017-03-27T03:25:00: 读取文件成功
2017-03-27T03:25:10: 读取文件成功
2017-03-27T03:25:20: 读取文件成功
2017-03-27T03:25:30: 读取文件成功
2017-03-27T03:25:40: 读取文件成功
2017-03-27T03:25:50: 读取文件成功
2017-03-27T03:26:00: 读取文件成功
2017-03-27T03:26:10: 读取文件成功
2017-03-27T03:26:20: 读取文件成功
2017-03-27T03:26:30: 读取文件成功
2017-03-27T03:26:40: 读取文件成功
2017-03-27T03:26:50: 读取文件成功
2017-03-27T03:27:00: 读取文件成功
2017-03-27T03:27:10: 读取文件成功
2017-03-27T03:27:20: 读取文件成功
2017-03-27T03:27:30: 读取文件成功
2017-03-27T03:27:40: 读取文件成功
2017-03-27T03:27:50: 读取文件成功
2017-03-27T03:28:00: 读取文件成功
2017-03-27T03:28:10: 读取文件成功
2017-03-27T03:28:20: 读取文件成功
2017-03-27T03:28:30: 读取文件成功
2017-03-27T03:28:40: 读取文件成功
2017-03-27T03:28:50: 读取文件成功
2017-03-27T03:29:00: 读取文件成功
2017-03-27T03:29:10: 读取文件成功
