2017-03-26T00:00:08: 非记录时间：2017-03-26T00:00:08+08:00
2017-03-26T00:00:18: 非记录时间：2017-03-26T00:00:18+08:00
2017-03-26T00:00:28: 非记录时间：2017-03-26T00:00:28+08:00
2017-03-26T00:00:38: 非记录时间：2017-03-26T00:00:38+08:00
2017-03-26T00:00:48: 非记录时间：2017-03-26T00:00:48+08:00
2017-03-26T00:00:58: 非记录时间：2017-03-26T00:00:58+08:00
2017-03-26T00:01:08: 非记录时间：2017-03-26T00:01:08+08:00
2017-03-26T00:01:18: 非记录时间：2017-03-26T00:01:18+08:00
2017-03-26T00:01:28: 非记录时间：2017-03-26T00:01:28+08:00
2017-03-26T00:01:38: 非记录时间：2017-03-26T00:01:38+08:00
2017-03-26T00:01:48: 非记录时间：2017-03-26T00:01:48+08:00
2017-03-26T00:01:58: 非记录时间：2017-03-26T00:01:58+08:00
2017-03-26T00:02:08: 非记录时间：2017-03-26T00:02:08+08:00
2017-03-26T00:02:18: 非记录时间：2017-03-26T00:02:18+08:00
2017-03-26T00:02:28: 非记录时间：2017-03-26T00:02:28+08:00
2017-03-26T00:02:38: 非记录时间：2017-03-26T00:02:38+08:00
2017-03-26T00:02:48: 非记录时间：2017-03-26T00:02:48+08:00
2017-03-26T00:02:58: 非记录时间：2017-03-26T00:02:58+08:00
2017-03-26T00:03:08: 非记录时间：2017-03-26T00:03:08+08:00
2017-03-26T00:03:18: 非记录时间：2017-03-26T00:03:18+08:00
2017-03-26T00:03:28: 非记录时间：2017-03-26T00:03:28+08:00
2017-03-26T00:03:38: 非记录时间：2017-03-26T00:03:38+08:00
2017-03-26T00:03:48: 非记录时间：2017-03-26T00:03:48+08:00
2017-03-26T00:03:58: 非记录时间：2017-03-26T00:03:58+08:00
2017-03-26T00:04:08: 非记录时间：2017-03-26T00:04:08+08:00
2017-03-26T00:04:18: 非记录时间：2017-03-26T00:04:18+08:00
2017-03-26T00:04:28: 非记录时间：2017-03-26T00:04:28+08:00
2017-03-26T00:04:38: 非记录时间：2017-03-26T00:04:38+08:00
2017-03-26T00:04:48: 非记录时间：2017-03-26T00:04:48+08:00
2017-03-26T00:04:58: 非记录时间：2017-03-26T00:04:58+08:00
2017-03-26T00:05:08: 非记录时间：2017-03-26T00:05:08+08:00
2017-03-26T00:05:18: 非记录时间：2017-03-26T00:05:18+08:00
2017-03-26T00:05:28: 非记录时间：2017-03-26T00:05:28+08:00
2017-03-26T00:05:38: 非记录时间：2017-03-26T00:05:38+08:00
2017-03-26T00:05:48: 非记录时间：2017-03-26T00:05:48+08:00
2017-03-26T00:05:58: 非记录时间：2017-03-26T00:05:58+08:00
2017-03-26T00:06:08: 非记录时间：2017-03-26T00:06:08+08:00
2017-03-26T00:06:18: 非记录时间：2017-03-26T00:06:18+08:00
2017-03-26T00:06:28: 非记录时间：2017-03-26T00:06:28+08:00
2017-03-26T00:06:38: 非记录时间：2017-03-26T00:06:38+08:00
2017-03-26T00:06:48: 非记录时间：2017-03-26T00:06:48+08:00
2017-03-26T00:06:58: 非记录时间：2017-03-26T00:06:58+08:00
2017-03-26T00:07:08: 非记录时间：2017-03-26T00:07:08+08:00
2017-03-26T00:07:18: 非记录时间：2017-03-26T00:07:18+08:00
2017-03-26T00:07:28: 非记录时间：2017-03-26T00:07:28+08:00
2017-03-26T00:07:38: 非记录时间：2017-03-26T00:07:38+08:00
2017-03-26T00:07:48: 非记录时间：2017-03-26T00:07:48+08:00
2017-03-26T00:07:58: 非记录时间：2017-03-26T00:07:58+08:00
2017-03-26T00:08:08: 非记录时间：2017-03-26T00:08:08+08:00
2017-03-26T00:08:18: 非记录时间：2017-03-26T00:08:18+08:00
2017-03-26T00:08:28: 非记录时间：2017-03-26T00:08:28+08:00
2017-03-26T00:08:38: 非记录时间：2017-03-26T00:08:38+08:00
2017-03-26T00:08:48: 非记录时间：2017-03-26T00:08:48+08:00
2017-03-26T00:08:58: 非记录时间：2017-03-26T00:08:58+08:00
2017-03-26T00:09:08: 非记录时间：2017-03-26T00:09:08+08:00
2017-03-26T00:09:18: 非记录时间：2017-03-26T00:09:18+08:00
2017-03-26T00:09:28: 非记录时间：2017-03-26T00:09:28+08:00
2017-03-26T00:09:38: 非记录时间：2017-03-26T00:09:38+08:00
2017-03-26T00:09:48: 非记录时间：2017-03-26T00:09:48+08:00
2017-03-26T00:09:58: 非记录时间：2017-03-26T00:09:58+08:00
2017-03-26T00:10:08: 非记录时间：2017-03-26T00:10:08+08:00
2017-03-26T00:10:18: 非记录时间：2017-03-26T00:10:18+08:00
2017-03-26T00:10:28: 非记录时间：2017-03-26T00:10:28+08:00
2017-03-26T00:10:38: 非记录时间：2017-03-26T00:10:38+08:00
2017-03-26T00:10:48: 非记录时间：2017-03-26T00:10:48+08:00
2017-03-26T00:10:58: 非记录时间：2017-03-26T00:10:58+08:00
2017-03-26T00:11:08: 非记录时间：2017-03-26T00:11:08+08:00
2017-03-26T00:11:18: 非记录时间：2017-03-26T00:11:18+08:00
2017-03-26T00:11:28: 非记录时间：2017-03-26T00:11:28+08:00
2017-03-26T00:11:38: 非记录时间：2017-03-26T00:11:38+08:00
2017-03-26T00:11:48: 非记录时间：2017-03-26T00:11:48+08:00
2017-03-26T00:11:58: 非记录时间：2017-03-26T00:11:58+08:00
2017-03-26T00:12:08: 非记录时间：2017-03-26T00:12:08+08:00
2017-03-26T00:12:18: 非记录时间：2017-03-26T00:12:18+08:00
2017-03-26T00:12:28: 非记录时间：2017-03-26T00:12:28+08:00
2017-03-26T00:12:38: 非记录时间：2017-03-26T00:12:38+08:00
2017-03-26T00:12:48: 非记录时间：2017-03-26T00:12:48+08:00
2017-03-26T00:12:58: 非记录时间：2017-03-26T00:12:58+08:00
2017-03-26T00:13:08: 非记录时间：2017-03-26T00:13:08+08:00
2017-03-26T00:13:18: 非记录时间：2017-03-26T00:13:18+08:00
2017-03-26T00:13:28: 非记录时间：2017-03-26T00:13:28+08:00
2017-03-26T00:13:38: 非记录时间：2017-03-26T00:13:38+08:00
2017-03-26T00:13:48: 非记录时间：2017-03-26T00:13:48+08:00
2017-03-26T00:13:58: 非记录时间：2017-03-26T00:13:58+08:00
2017-03-26T00:14:08: 非记录时间：2017-03-26T00:14:08+08:00
2017-03-26T00:14:18: 非记录时间：2017-03-26T00:14:18+08:00
2017-03-26T00:14:28: 非记录时间：2017-03-26T00:14:28+08:00
2017-03-26T00:14:38: 非记录时间：2017-03-26T00:14:38+08:00
2017-03-26T00:14:48: 非记录时间：2017-03-26T00:14:48+08:00
2017-03-26T00:14:58: 非记录时间：2017-03-26T00:14:58+08:00
2017-03-26T00:15:08: 非记录时间：2017-03-26T00:15:08+08:00
2017-03-26T00:15:18: 非记录时间：2017-03-26T00:15:18+08:00
2017-03-26T00:15:28: 非记录时间：2017-03-26T00:15:28+08:00
2017-03-26T00:15:38: 非记录时间：2017-03-26T00:15:38+08:00
2017-03-26T00:15:48: 非记录时间：2017-03-26T00:15:48+08:00
2017-03-26T00:15:58: 非记录时间：2017-03-26T00:15:58+08:00
2017-03-26T00:16:08: 非记录时间：2017-03-26T00:16:08+08:00
2017-03-26T00:16:18: 非记录时间：2017-03-26T00:16:18+08:00
2017-03-26T00:16:28: 非记录时间：2017-03-26T00:16:28+08:00
2017-03-26T00:16:38: 非记录时间：2017-03-26T00:16:38+08:00
2017-03-26T00:16:48: 非记录时间：2017-03-26T00:16:48+08:00
2017-03-26T00:16:58: 非记录时间：2017-03-26T00:16:58+08:00
2017-03-26T00:17:08: 非记录时间：2017-03-26T00:17:08+08:00
2017-03-26T00:17:18: 非记录时间：2017-03-26T00:17:18+08:00
2017-03-26T00:17:28: 非记录时间：2017-03-26T00:17:28+08:00
2017-03-26T00:17:38: 非记录时间：2017-03-26T00:17:38+08:00
2017-03-26T00:17:48: 非记录时间：2017-03-26T00:17:48+08:00
2017-03-26T00:17:58: 非记录时间：2017-03-26T00:17:58+08:00
2017-03-26T00:18:08: 非记录时间：2017-03-26T00:18:08+08:00
2017-03-26T00:18:18: 非记录时间：2017-03-26T00:18:18+08:00
2017-03-26T00:18:28: 非记录时间：2017-03-26T00:18:28+08:00
2017-03-26T00:18:38: 非记录时间：2017-03-26T00:18:38+08:00
2017-03-26T00:18:48: 非记录时间：2017-03-26T00:18:48+08:00
2017-03-26T00:18:58: 非记录时间：2017-03-26T00:18:58+08:00
2017-03-26T00:19:08: 非记录时间：2017-03-26T00:19:08+08:00
2017-03-26T00:19:18: 非记录时间：2017-03-26T00:19:18+08:00
2017-03-26T00:19:28: 非记录时间：2017-03-26T00:19:28+08:00
2017-03-26T00:19:38: 非记录时间：2017-03-26T00:19:38+08:00
2017-03-26T00:19:48: 非记录时间：2017-03-26T00:19:48+08:00
2017-03-26T00:19:58: 非记录时间：2017-03-26T00:19:58+08:00
2017-03-26T00:20:08: 非记录时间：2017-03-26T00:20:08+08:00
2017-03-26T00:20:18: 非记录时间：2017-03-26T00:20:18+08:00
2017-03-26T00:20:28: 非记录时间：2017-03-26T00:20:28+08:00
2017-03-26T00:20:38: 非记录时间：2017-03-26T00:20:38+08:00
2017-03-26T00:20:48: 非记录时间：2017-03-26T00:20:48+08:00
2017-03-26T00:20:58: 非记录时间：2017-03-26T00:20:58+08:00
2017-03-26T00:21:08: 非记录时间：2017-03-26T00:21:08+08:00
2017-03-26T00:21:18: 非记录时间：2017-03-26T00:21:18+08:00
2017-03-26T00:21:28: 非记录时间：2017-03-26T00:21:28+08:00
2017-03-26T00:21:38: 非记录时间：2017-03-26T00:21:38+08:00
2017-03-26T00:21:48: 非记录时间：2017-03-26T00:21:48+08:00
2017-03-26T00:21:58: 非记录时间：2017-03-26T00:21:58+08:00
2017-03-26T00:22:08: 非记录时间：2017-03-26T00:22:08+08:00
2017-03-26T00:22:18: 非记录时间：2017-03-26T00:22:18+08:00
2017-03-26T00:22:28: 非记录时间：2017-03-26T00:22:28+08:00
2017-03-26T00:22:38: 非记录时间：2017-03-26T00:22:38+08:00
2017-03-26T00:22:48: 非记录时间：2017-03-26T00:22:48+08:00
2017-03-26T00:22:58: 非记录时间：2017-03-26T00:22:58+08:00
2017-03-26T00:23:08: 非记录时间：2017-03-26T00:23:08+08:00
2017-03-26T00:23:18: 非记录时间：2017-03-26T00:23:18+08:00
2017-03-26T00:23:28: 非记录时间：2017-03-26T00:23:28+08:00
2017-03-26T00:23:38: 非记录时间：2017-03-26T00:23:38+08:00
2017-03-26T00:23:48: 非记录时间：2017-03-26T00:23:48+08:00
2017-03-26T00:23:58: 非记录时间：2017-03-26T00:23:58+08:00
2017-03-26T00:24:08: 非记录时间：2017-03-26T00:24:08+08:00
2017-03-26T00:24:18: 非记录时间：2017-03-26T00:24:18+08:00
2017-03-26T00:24:28: 非记录时间：2017-03-26T00:24:28+08:00
2017-03-26T00:24:38: 非记录时间：2017-03-26T00:24:38+08:00
2017-03-26T00:24:48: 非记录时间：2017-03-26T00:24:48+08:00
2017-03-26T00:24:58: 非记录时间：2017-03-26T00:24:58+08:00
2017-03-26T00:25:08: 非记录时间：2017-03-26T00:25:08+08:00
2017-03-26T00:25:18: 非记录时间：2017-03-26T00:25:18+08:00
2017-03-26T00:25:28: 非记录时间：2017-03-26T00:25:28+08:00
2017-03-26T00:25:38: 非记录时间：2017-03-26T00:25:38+08:00
2017-03-26T00:25:48: 非记录时间：2017-03-26T00:25:48+08:00
2017-03-26T00:25:58: 非记录时间：2017-03-26T00:25:58+08:00
2017-03-26T00:26:08: 非记录时间：2017-03-26T00:26:08+08:00
2017-03-26T00:26:18: 非记录时间：2017-03-26T00:26:18+08:00
2017-03-26T00:26:28: 非记录时间：2017-03-26T00:26:28+08:00
2017-03-26T00:26:38: 非记录时间：2017-03-26T00:26:38+08:00
2017-03-26T00:26:48: 非记录时间：2017-03-26T00:26:48+08:00
2017-03-26T00:26:58: 非记录时间：2017-03-26T00:26:58+08:00
2017-03-26T00:27:08: 非记录时间：2017-03-26T00:27:08+08:00
2017-03-26T00:27:18: 非记录时间：2017-03-26T00:27:18+08:00
2017-03-26T00:27:28: 非记录时间：2017-03-26T00:27:28+08:00
2017-03-26T00:27:38: 非记录时间：2017-03-26T00:27:38+08:00
2017-03-26T00:27:48: 非记录时间：2017-03-26T00:27:48+08:00
2017-03-26T00:27:58: 非记录时间：2017-03-26T00:27:58+08:00
2017-03-26T00:28:08: 非记录时间：2017-03-26T00:28:08+08:00
2017-03-26T00:28:18: 非记录时间：2017-03-26T00:28:18+08:00
2017-03-26T00:28:28: 非记录时间：2017-03-26T00:28:28+08:00
2017-03-26T00:28:38: 非记录时间：2017-03-26T00:28:38+08:00
2017-03-26T00:28:48: 非记录时间：2017-03-26T00:28:48+08:00
2017-03-26T00:28:58: 非记录时间：2017-03-26T00:28:58+08:00
2017-03-26T00:29:08: 非记录时间：2017-03-26T00:29:08+08:00
2017-03-26T00:29:18: 非记录时间：2017-03-26T00:29:18+08:00
2017-03-26T00:29:28: 非记录时间：2017-03-26T00:29:28+08:00
2017-03-26T00:29:38: 非记录时间：2017-03-26T00:29:38+08:00
2017-03-26T00:29:48: 非记录时间：2017-03-26T00:29:48+08:00
2017-03-26T00:29:58: 非记录时间：2017-03-26T00:29:58+08:00
2017-03-26T00:30:08: 非记录时间：2017-03-26T00:30:08+08:00
2017-03-26T00:30:18: 非记录时间：2017-03-26T00:30:18+08:00
2017-03-26T00:30:28: 非记录时间：2017-03-26T00:30:28+08:00
2017-03-26T00:30:38: 非记录时间：2017-03-26T00:30:38+08:00
2017-03-26T00:30:48: 非记录时间：2017-03-26T00:30:48+08:00
2017-03-26T00:30:58: 非记录时间：2017-03-26T00:30:58+08:00
2017-03-26T00:31:08: 非记录时间：2017-03-26T00:31:08+08:00
2017-03-26T00:31:18: 非记录时间：2017-03-26T00:31:18+08:00
2017-03-26T00:31:28: 非记录时间：2017-03-26T00:31:28+08:00
2017-03-26T00:31:38: 非记录时间：2017-03-26T00:31:38+08:00
2017-03-26T00:31:48: 非记录时间：2017-03-26T00:31:48+08:00
2017-03-26T00:31:58: 非记录时间：2017-03-26T00:31:58+08:00
2017-03-26T00:32:08: 非记录时间：2017-03-26T00:32:08+08:00
2017-03-26T00:32:18: 非记录时间：2017-03-26T00:32:18+08:00
2017-03-26T00:32:28: 非记录时间：2017-03-26T00:32:28+08:00
2017-03-26T00:32:38: 非记录时间：2017-03-26T00:32:38+08:00
2017-03-26T00:32:48: 非记录时间：2017-03-26T00:32:48+08:00
2017-03-26T00:32:58: 非记录时间：2017-03-26T00:32:58+08:00
2017-03-26T00:33:08: 非记录时间：2017-03-26T00:33:08+08:00
2017-03-26T00:33:18: 非记录时间：2017-03-26T00:33:18+08:00
2017-03-26T00:33:28: 非记录时间：2017-03-26T00:33:28+08:00
2017-03-26T00:33:38: 非记录时间：2017-03-26T00:33:38+08:00
2017-03-26T00:33:48: 非记录时间：2017-03-26T00:33:48+08:00
2017-03-26T00:33:58: 非记录时间：2017-03-26T00:33:58+08:00
2017-03-26T00:34:08: 非记录时间：2017-03-26T00:34:08+08:00
2017-03-26T00:34:18: 非记录时间：2017-03-26T00:34:18+08:00
2017-03-26T00:34:28: 非记录时间：2017-03-26T00:34:28+08:00
2017-03-26T00:34:38: 非记录时间：2017-03-26T00:34:38+08:00
2017-03-26T00:34:48: 非记录时间：2017-03-26T00:34:48+08:00
2017-03-26T00:34:58: 非记录时间：2017-03-26T00:34:58+08:00
2017-03-26T00:35:08: 非记录时间：2017-03-26T00:35:08+08:00
2017-03-26T00:35:18: 非记录时间：2017-03-26T00:35:18+08:00
2017-03-26T00:35:28: 非记录时间：2017-03-26T00:35:28+08:00
2017-03-26T00:35:38: 非记录时间：2017-03-26T00:35:38+08:00
2017-03-26T00:35:48: 非记录时间：2017-03-26T00:35:48+08:00
2017-03-26T00:35:58: 非记录时间：2017-03-26T00:35:58+08:00
2017-03-26T00:36:08: 非记录时间：2017-03-26T00:36:08+08:00
2017-03-26T00:36:18: 非记录时间：2017-03-26T00:36:18+08:00
2017-03-26T00:36:28: 非记录时间：2017-03-26T00:36:28+08:00
2017-03-26T00:36:38: 非记录时间：2017-03-26T00:36:38+08:00
2017-03-26T00:36:48: 非记录时间：2017-03-26T00:36:48+08:00
2017-03-26T00:36:58: 非记录时间：2017-03-26T00:36:58+08:00
2017-03-26T00:37:08: 非记录时间：2017-03-26T00:37:08+08:00
2017-03-26T00:37:18: 非记录时间：2017-03-26T00:37:18+08:00
2017-03-26T00:37:28: 非记录时间：2017-03-26T00:37:28+08:00
2017-03-26T00:37:38: 非记录时间：2017-03-26T00:37:38+08:00
2017-03-26T00:37:48: 非记录时间：2017-03-26T00:37:48+08:00
2017-03-26T00:37:58: 非记录时间：2017-03-26T00:37:58+08:00
2017-03-26T00:38:08: 非记录时间：2017-03-26T00:38:08+08:00
2017-03-26T00:38:18: 非记录时间：2017-03-26T00:38:18+08:00
2017-03-26T00:38:28: 非记录时间：2017-03-26T00:38:28+08:00
2017-03-26T00:38:38: 非记录时间：2017-03-26T00:38:38+08:00
2017-03-26T00:38:48: 非记录时间：2017-03-26T00:38:48+08:00
2017-03-26T00:38:58: 非记录时间：2017-03-26T00:38:58+08:00
2017-03-26T00:39:08: 非记录时间：2017-03-26T00:39:08+08:00
2017-03-26T00:39:18: 非记录时间：2017-03-26T00:39:18+08:00
2017-03-26T00:39:28: 非记录时间：2017-03-26T00:39:28+08:00
2017-03-26T00:39:38: 非记录时间：2017-03-26T00:39:38+08:00
2017-03-26T00:39:48: 非记录时间：2017-03-26T00:39:48+08:00
2017-03-26T00:39:58: 非记录时间：2017-03-26T00:39:58+08:00
2017-03-26T00:40:08: 非记录时间：2017-03-26T00:40:08+08:00
2017-03-26T00:40:18: 非记录时间：2017-03-26T00:40:18+08:00
2017-03-26T00:40:28: 非记录时间：2017-03-26T00:40:28+08:00
2017-03-26T00:40:38: 非记录时间：2017-03-26T00:40:38+08:00
2017-03-26T00:40:48: 非记录时间：2017-03-26T00:40:48+08:00
2017-03-26T00:40:58: 非记录时间：2017-03-26T00:40:58+08:00
2017-03-26T00:41:08: 非记录时间：2017-03-26T00:41:08+08:00
2017-03-26T00:41:18: 非记录时间：2017-03-26T00:41:18+08:00
2017-03-26T00:41:28: 非记录时间：2017-03-26T00:41:28+08:00
2017-03-26T00:41:38: 非记录时间：2017-03-26T00:41:38+08:00
2017-03-26T00:41:48: 非记录时间：2017-03-26T00:41:48+08:00
2017-03-26T00:41:58: 非记录时间：2017-03-26T00:41:58+08:00
2017-03-26T00:42:08: 非记录时间：2017-03-26T00:42:08+08:00
2017-03-26T00:42:18: 非记录时间：2017-03-26T00:42:18+08:00
2017-03-26T00:42:28: 非记录时间：2017-03-26T00:42:28+08:00
2017-03-26T00:42:38: 非记录时间：2017-03-26T00:42:38+08:00
2017-03-26T00:42:48: 非记录时间：2017-03-26T00:42:48+08:00
2017-03-26T00:42:58: 非记录时间：2017-03-26T00:42:58+08:00
2017-03-26T00:43:08: 非记录时间：2017-03-26T00:43:08+08:00
2017-03-26T00:43:18: 非记录时间：2017-03-26T00:43:18+08:00
2017-03-26T00:43:28: 非记录时间：2017-03-26T00:43:28+08:00
2017-03-26T00:43:38: 非记录时间：2017-03-26T00:43:38+08:00
2017-03-26T00:43:48: 非记录时间：2017-03-26T00:43:48+08:00
2017-03-26T00:43:58: 非记录时间：2017-03-26T00:43:58+08:00
2017-03-26T00:44:08: 非记录时间：2017-03-26T00:44:08+08:00
2017-03-26T00:44:18: 非记录时间：2017-03-26T00:44:18+08:00
2017-03-26T00:44:28: 非记录时间：2017-03-26T00:44:28+08:00
2017-03-26T00:44:38: 非记录时间：2017-03-26T00:44:38+08:00
2017-03-26T00:44:48: 非记录时间：2017-03-26T00:44:48+08:00
2017-03-26T00:44:58: 非记录时间：2017-03-26T00:44:58+08:00
2017-03-26T00:45:08: 非记录时间：2017-03-26T00:45:08+08:00
2017-03-26T00:45:18: 非记录时间：2017-03-26T00:45:18+08:00
2017-03-26T00:45:28: 非记录时间：2017-03-26T00:45:28+08:00
2017-03-26T00:45:38: 非记录时间：2017-03-26T00:45:38+08:00
2017-03-26T00:45:48: 非记录时间：2017-03-26T00:45:48+08:00
2017-03-26T00:45:58: 非记录时间：2017-03-26T00:45:58+08:00
2017-03-26T00:46:08: 非记录时间：2017-03-26T00:46:08+08:00
2017-03-26T00:46:18: 非记录时间：2017-03-26T00:46:18+08:00
2017-03-26T00:46:28: 非记录时间：2017-03-26T00:46:28+08:00
2017-03-26T00:46:38: 非记录时间：2017-03-26T00:46:38+08:00
2017-03-26T00:46:48: 非记录时间：2017-03-26T00:46:48+08:00
2017-03-26T00:46:58: 非记录时间：2017-03-26T00:46:58+08:00
2017-03-26T00:47:08: 非记录时间：2017-03-26T00:47:08+08:00
2017-03-26T00:47:18: 非记录时间：2017-03-26T00:47:18+08:00
2017-03-26T00:47:28: 非记录时间：2017-03-26T00:47:28+08:00
2017-03-26T00:47:38: 非记录时间：2017-03-26T00:47:38+08:00
2017-03-26T00:47:48: 非记录时间：2017-03-26T00:47:48+08:00
2017-03-26T00:47:58: 非记录时间：2017-03-26T00:47:58+08:00
2017-03-26T00:48:08: 非记录时间：2017-03-26T00:48:08+08:00
2017-03-26T00:48:18: 非记录时间：2017-03-26T00:48:18+08:00
2017-03-26T00:48:28: 非记录时间：2017-03-26T00:48:28+08:00
2017-03-26T00:48:38: 非记录时间：2017-03-26T00:48:38+08:00
2017-03-26T00:48:48: 非记录时间：2017-03-26T00:48:48+08:00
2017-03-26T00:48:58: 非记录时间：2017-03-26T00:48:58+08:00
2017-03-26T00:49:08: 非记录时间：2017-03-26T00:49:08+08:00
2017-03-26T00:49:18: 非记录时间：2017-03-26T00:49:18+08:00
2017-03-26T00:49:28: 非记录时间：2017-03-26T00:49:28+08:00
2017-03-26T00:49:38: 非记录时间：2017-03-26T00:49:38+08:00
2017-03-26T00:49:48: 非记录时间：2017-03-26T00:49:48+08:00
2017-03-26T00:49:58: 非记录时间：2017-03-26T00:49:58+08:00
2017-03-26T00:50:08: 非记录时间：2017-03-26T00:50:08+08:00
2017-03-26T00:50:18: 非记录时间：2017-03-26T00:50:18+08:00
2017-03-26T00:50:28: 非记录时间：2017-03-26T00:50:28+08:00
2017-03-26T00:50:38: 非记录时间：2017-03-26T00:50:38+08:00
2017-03-26T00:50:48: 非记录时间：2017-03-26T00:50:48+08:00
2017-03-26T00:50:58: 非记录时间：2017-03-26T00:50:58+08:00
2017-03-26T00:51:08: 非记录时间：2017-03-26T00:51:08+08:00
2017-03-26T00:51:18: 非记录时间：2017-03-26T00:51:18+08:00
2017-03-26T00:51:28: 非记录时间：2017-03-26T00:51:28+08:00
2017-03-26T00:51:38: 非记录时间：2017-03-26T00:51:38+08:00
2017-03-26T00:51:48: 非记录时间：2017-03-26T00:51:48+08:00
2017-03-26T00:51:58: 非记录时间：2017-03-26T00:51:58+08:00
2017-03-26T00:52:08: 非记录时间：2017-03-26T00:52:08+08:00
2017-03-26T00:52:18: 非记录时间：2017-03-26T00:52:18+08:00
2017-03-26T00:52:28: 非记录时间：2017-03-26T00:52:28+08:00
2017-03-26T00:52:38: 非记录时间：2017-03-26T00:52:38+08:00
2017-03-26T00:52:48: 非记录时间：2017-03-26T00:52:48+08:00
2017-03-26T00:52:58: 非记录时间：2017-03-26T00:52:58+08:00
2017-03-26T00:53:08: 非记录时间：2017-03-26T00:53:08+08:00
2017-03-26T00:53:18: 非记录时间：2017-03-26T00:53:18+08:00
2017-03-26T00:53:28: 非记录时间：2017-03-26T00:53:28+08:00
2017-03-26T00:53:38: 非记录时间：2017-03-26T00:53:38+08:00
2017-03-26T00:53:48: 非记录时间：2017-03-26T00:53:48+08:00
2017-03-26T00:53:58: 非记录时间：2017-03-26T00:53:58+08:00
2017-03-26T00:54:08: 非记录时间：2017-03-26T00:54:08+08:00
2017-03-26T00:54:18: 非记录时间：2017-03-26T00:54:18+08:00
2017-03-26T00:54:28: 非记录时间：2017-03-26T00:54:28+08:00
2017-03-26T00:54:38: 非记录时间：2017-03-26T00:54:38+08:00
2017-03-26T00:54:48: 非记录时间：2017-03-26T00:54:48+08:00
2017-03-26T00:54:58: 非记录时间：2017-03-26T00:54:58+08:00
2017-03-26T00:55:08: 非记录时间：2017-03-26T00:55:08+08:00
2017-03-26T00:55:18: 非记录时间：2017-03-26T00:55:18+08:00
2017-03-26T00:55:28: 非记录时间：2017-03-26T00:55:28+08:00
2017-03-26T00:55:38: 非记录时间：2017-03-26T00:55:38+08:00
2017-03-26T00:55:48: 非记录时间：2017-03-26T00:55:48+08:00
2017-03-26T00:55:58: 非记录时间：2017-03-26T00:55:58+08:00
2017-03-26T00:56:08: 非记录时间：2017-03-26T00:56:08+08:00
2017-03-26T00:56:18: 非记录时间：2017-03-26T00:56:18+08:00
2017-03-26T00:56:28: 非记录时间：2017-03-26T00:56:28+08:00
2017-03-26T00:56:38: 非记录时间：2017-03-26T00:56:38+08:00
2017-03-26T00:56:48: 非记录时间：2017-03-26T00:56:48+08:00
2017-03-26T00:56:58: 非记录时间：2017-03-26T00:56:58+08:00
2017-03-26T00:57:08: 非记录时间：2017-03-26T00:57:08+08:00
2017-03-26T00:57:18: 非记录时间：2017-03-26T00:57:18+08:00
2017-03-26T00:57:28: 非记录时间：2017-03-26T00:57:28+08:00
2017-03-26T00:57:38: 非记录时间：2017-03-26T00:57:38+08:00
2017-03-26T00:57:48: 非记录时间：2017-03-26T00:57:48+08:00
2017-03-26T00:57:58: 非记录时间：2017-03-26T00:57:58+08:00
2017-03-26T00:58:08: 非记录时间：2017-03-26T00:58:08+08:00
2017-03-26T00:58:18: 非记录时间：2017-03-26T00:58:18+08:00
2017-03-26T00:58:28: 非记录时间：2017-03-26T00:58:28+08:00
2017-03-26T00:58:38: 非记录时间：2017-03-26T00:58:38+08:00
2017-03-26T00:58:48: 非记录时间：2017-03-26T00:58:48+08:00
2017-03-26T00:58:58: 非记录时间：2017-03-26T00:58:58+08:00
2017-03-26T00:59:08: 非记录时间：2017-03-26T00:59:08+08:00
2017-03-26T00:59:18: 非记录时间：2017-03-26T00:59:18+08:00
2017-03-26T00:59:28: 非记录时间：2017-03-26T00:59:28+08:00
2017-03-26T00:59:38: 非记录时间：2017-03-26T00:59:38+08:00
2017-03-26T00:59:49: 非记录时间：2017-03-26T00:59:49+08:00
2017-03-26T00:59:59: 非记录时间：2017-03-26T00:59:59+08:00
2017-03-26T01:00:09: 非记录时间：2017-03-26T01:00:09+08:00
2017-03-26T01:00:19: 非记录时间：2017-03-26T01:00:19+08:00
2017-03-26T01:00:29: 非记录时间：2017-03-26T01:00:29+08:00
2017-03-26T01:00:39: 非记录时间：2017-03-26T01:00:39+08:00
2017-03-26T01:00:49: 非记录时间：2017-03-26T01:00:49+08:00
2017-03-26T01:00:59: 非记录时间：2017-03-26T01:00:59+08:00
2017-03-26T01:01:09: 非记录时间：2017-03-26T01:01:09+08:00
2017-03-26T01:01:19: 非记录时间：2017-03-26T01:01:19+08:00
2017-03-26T01:01:29: 非记录时间：2017-03-26T01:01:29+08:00
2017-03-26T01:01:39: 非记录时间：2017-03-26T01:01:39+08:00
2017-03-26T01:01:49: 非记录时间：2017-03-26T01:01:49+08:00
2017-03-26T01:01:59: 非记录时间：2017-03-26T01:01:59+08:00
2017-03-26T01:02:09: 非记录时间：2017-03-26T01:02:09+08:00
2017-03-26T01:02:19: 非记录时间：2017-03-26T01:02:19+08:00
2017-03-26T01:02:29: 非记录时间：2017-03-26T01:02:29+08:00
2017-03-26T01:02:39: 非记录时间：2017-03-26T01:02:39+08:00
2017-03-26T01:02:49: 非记录时间：2017-03-26T01:02:49+08:00
2017-03-26T01:02:59: 非记录时间：2017-03-26T01:02:59+08:00
2017-03-26T01:03:09: 非记录时间：2017-03-26T01:03:09+08:00
2017-03-26T01:03:19: 非记录时间：2017-03-26T01:03:19+08:00
2017-03-26T01:03:29: 非记录时间：2017-03-26T01:03:29+08:00
2017-03-26T01:03:39: 非记录时间：2017-03-26T01:03:39+08:00
2017-03-26T01:03:49: 非记录时间：2017-03-26T01:03:49+08:00
2017-03-26T01:03:59: 非记录时间：2017-03-26T01:03:59+08:00
2017-03-26T01:04:09: 非记录时间：2017-03-26T01:04:09+08:00
2017-03-26T01:04:19: 非记录时间：2017-03-26T01:04:19+08:00
2017-03-26T01:04:29: 非记录时间：2017-03-26T01:04:29+08:00
2017-03-26T01:04:39: 非记录时间：2017-03-26T01:04:39+08:00
2017-03-26T01:04:49: 非记录时间：2017-03-26T01:04:49+08:00
2017-03-26T01:04:59: 非记录时间：2017-03-26T01:04:59+08:00
2017-03-26T01:05:09: 非记录时间：2017-03-26T01:05:09+08:00
2017-03-26T01:05:19: 非记录时间：2017-03-26T01:05:19+08:00
2017-03-26T01:05:29: 非记录时间：2017-03-26T01:05:29+08:00
2017-03-26T01:05:39: 非记录时间：2017-03-26T01:05:39+08:00
2017-03-26T01:05:49: 非记录时间：2017-03-26T01:05:49+08:00
2017-03-26T01:05:59: 非记录时间：2017-03-26T01:05:59+08:00
2017-03-26T01:06:09: 非记录时间：2017-03-26T01:06:09+08:00
2017-03-26T01:06:19: 非记录时间：2017-03-26T01:06:19+08:00
2017-03-26T01:06:29: 非记录时间：2017-03-26T01:06:29+08:00
2017-03-26T01:06:39: 非记录时间：2017-03-26T01:06:39+08:00
2017-03-26T01:06:49: 非记录时间：2017-03-26T01:06:49+08:00
2017-03-26T01:06:59: 非记录时间：2017-03-26T01:06:59+08:00
2017-03-26T01:07:09: 非记录时间：2017-03-26T01:07:09+08:00
2017-03-26T01:07:19: 非记录时间：2017-03-26T01:07:19+08:00
2017-03-26T01:07:29: 非记录时间：2017-03-26T01:07:29+08:00
2017-03-26T01:07:39: 非记录时间：2017-03-26T01:07:39+08:00
2017-03-26T01:07:49: 非记录时间：2017-03-26T01:07:49+08:00
2017-03-26T01:07:59: 非记录时间：2017-03-26T01:07:59+08:00
2017-03-26T01:08:09: 非记录时间：2017-03-26T01:08:09+08:00
2017-03-26T01:08:19: 非记录时间：2017-03-26T01:08:19+08:00
2017-03-26T01:08:29: 非记录时间：2017-03-26T01:08:29+08:00
2017-03-26T01:08:39: 非记录时间：2017-03-26T01:08:39+08:00
2017-03-26T01:08:49: 非记录时间：2017-03-26T01:08:49+08:00
2017-03-26T01:08:59: 非记录时间：2017-03-26T01:08:59+08:00
2017-03-26T01:09:09: 非记录时间：2017-03-26T01:09:09+08:00
2017-03-26T01:09:19: 非记录时间：2017-03-26T01:09:19+08:00
2017-03-26T01:09:29: 非记录时间：2017-03-26T01:09:29+08:00
2017-03-26T01:09:39: 非记录时间：2017-03-26T01:09:39+08:00
2017-03-26T01:09:49: 非记录时间：2017-03-26T01:09:49+08:00
2017-03-26T01:09:59: 非记录时间：2017-03-26T01:09:59+08:00
2017-03-26T01:10:09: 非记录时间：2017-03-26T01:10:09+08:00
2017-03-26T01:10:19: 非记录时间：2017-03-26T01:10:19+08:00
2017-03-26T01:10:29: 非记录时间：2017-03-26T01:10:29+08:00
2017-03-26T01:10:39: 非记录时间：2017-03-26T01:10:39+08:00
2017-03-26T01:10:49: 非记录时间：2017-03-26T01:10:49+08:00
2017-03-26T01:10:59: 非记录时间：2017-03-26T01:10:59+08:00
2017-03-26T01:11:10: 读取文件失败，可能是该文件不存在
2017-03-26T01:11:10: Error: ENOENT: no such file or directory, open './data/2017-03-26.json'
2017-03-26T01:11:19: 读取文件成功
2017-03-26T01:11:29: 读取文件成功
2017-03-26T01:11:39: 读取文件成功
2017-03-26T01:11:49: 读取文件成功
2017-03-26T01:11:59: 读取文件成功
2017-03-26T01:12:10: 读取文件成功
2017-03-26T01:12:19: 读取文件成功
2017-03-26T01:12:29: 读取文件成功
2017-03-26T01:12:39: 读取文件成功
2017-03-26T01:12:49: 读取文件成功
2017-03-26T01:12:59: 读取文件成功
2017-03-26T01:13:09: 读取文件成功
2017-03-26T01:13:19: 读取文件成功
2017-03-26T01:13:29: 读取文件成功
2017-03-26T01:13:39: 读取文件成功
2017-03-26T01:13:49: 读取文件成功
2017-03-26T01:13:59: 读取文件成功
2017-03-26T01:14:09: 读取文件成功
2017-03-26T01:14:19: 读取文件成功
2017-03-26T01:14:29: 读取文件成功
2017-03-26T01:14:39: 读取文件成功
2017-03-26T01:14:50: 读取文件成功
2017-03-26T01:14:59: 读取文件成功
2017-03-26T01:15:09: 读取文件成功
2017-03-26T01:15:19: 读取文件成功
2017-03-26T01:15:29: 读取文件成功
2017-03-26T01:15:39: 读取文件成功
2017-03-26T01:15:49: 读取文件成功
2017-03-26T01:15:59: 读取文件成功
2017-03-26T01:16:09: 读取文件成功
2017-03-26T01:16:20: 读取文件成功
2017-03-26T01:16:29: 读取文件成功
2017-03-26T01:16:39: 读取文件成功
2017-03-26T01:16:49: 读取文件成功
2017-03-26T01:16:59: 读取文件成功
2017-03-26T01:17:09: 读取文件成功
2017-03-26T01:17:19: 读取文件成功
2017-03-26T01:17:29: 读取文件成功
2017-03-26T01:17:39: 读取文件成功
2017-03-26T01:17:49: 读取文件成功
2017-03-26T01:17:59: 读取文件成功
2017-03-26T01:18:09: 读取文件成功
2017-03-26T01:18:20: 读取文件成功
2017-03-26T01:18:29: 读取文件成功
2017-03-26T01:18:40: 读取文件成功
2017-03-26T01:18:49: 读取文件成功
2017-03-26T01:19:00: 读取文件成功
2017-03-26T01:19:09: 读取文件成功
2017-03-26T01:19:20: 读取文件成功
2017-03-26T01:19:30: 读取文件成功
2017-03-26T01:19:40: 读取文件成功
2017-03-26T01:19:50: 读取文件成功
2017-03-26T01:20:00: 读取文件成功
2017-03-26T01:20:10: 读取文件成功
2017-03-26T01:20:20: 读取文件成功
2017-03-26T01:20:30: 读取文件成功
2017-03-26T01:20:40: 读取文件成功
2017-03-26T01:20:50: 读取文件成功
2017-03-26T01:21:00: 读取文件成功
2017-03-26T01:21:10: 读取文件成功
2017-03-26T01:21:20: 读取文件成功
2017-03-26T01:21:30: 读取文件成功
2017-03-26T01:21:40: 读取文件成功
2017-03-26T01:21:50: 读取文件成功
2017-03-26T01:22:00: 读取文件成功
2017-03-26T01:22:10: 读取文件成功
2017-03-26T01:22:20: 读取文件成功
2017-03-26T01:22:30: 读取文件成功
2017-03-26T01:22:40: 读取文件成功
2017-03-26T01:22:50: 读取文件成功
2017-03-26T01:23:00: 读取文件成功
2017-03-26T01:23:10: 读取文件成功
2017-03-26T01:23:20: 读取文件成功
2017-03-26T01:23:30: 读取文件成功
2017-03-26T01:23:40: 读取文件成功
2017-03-26T01:23:50: 读取文件成功
2017-03-26T01:24:00: 读取文件成功
2017-03-26T01:24:10: 读取文件成功
2017-03-26T01:24:20: 读取文件成功
2017-03-26T01:24:30: 读取文件成功
2017-03-26T01:24:40: 读取文件成功
2017-03-26T01:24:50: 读取文件成功
2017-03-26T01:25:00: 读取文件成功
2017-03-26T01:25:10: 读取文件成功
2017-03-26T01:25:20: 读取文件成功
2017-03-26T01:25:30: 读取文件成功
2017-03-26T01:25:40: 读取文件成功
2017-03-26T01:25:50: 读取文件成功
2017-03-26T01:26:00: 读取文件成功
2017-03-26T01:26:10: 读取文件成功
2017-03-26T01:26:20: 读取文件成功
2017-03-26T01:26:30: 读取文件成功
2017-03-26T01:26:40: 读取文件成功
2017-03-26T01:26:50: 读取文件成功
2017-03-26T01:27:00: 读取文件成功
2017-03-26T01:27:10: 读取文件成功
2017-03-26T01:27:20: 读取文件成功
2017-03-26T01:27:30: 读取文件成功
2017-03-26T01:27:40: 读取文件成功
2017-03-26T01:27:50: 读取文件成功
2017-03-26T01:28:00: 读取文件成功
2017-03-26T01:28:10: 读取文件成功
2017-03-26T01:28:20: 读取文件成功
2017-03-26T01:28:30: 读取文件成功
2017-03-26T01:28:40: 读取文件成功
2017-03-26T01:28:50: 读取文件成功
2017-03-26T01:29:00: 读取文件成功
2017-03-26T01:29:10: 读取文件成功
2017-03-26T01:29:20: 读取文件成功
2017-03-26T01:29:30: 读取文件成功
2017-03-26T01:29:40: 读取文件成功
2017-03-26T01:29:50: 读取文件成功
2017-03-26T01:30:00: 读取文件成功
2017-03-26T01:30:10: 读取文件成功
2017-03-26T01:30:20: 读取文件成功
2017-03-26T01:30:30: 读取文件成功
2017-03-26T01:30:40: 读取文件成功
2017-03-26T01:30:50: 读取文件成功
2017-03-26T01:31:00: 读取文件成功
2017-03-26T01:31:10: 读取文件成功
2017-03-26T01:31:20: 读取文件成功
2017-03-26T01:31:30: 读取文件成功
2017-03-26T01:31:40: 读取文件成功
2017-03-26T01:31:50: 读取文件成功
2017-03-26T01:32:00: 读取文件成功
2017-03-26T01:32:10: 读取文件成功
2017-03-26T01:32:20: 读取文件成功
2017-03-26T01:32:30: 读取文件成功
2017-03-26T01:32:40: 读取文件成功
2017-03-26T01:32:50: 读取文件成功
2017-03-26T01:33:00: 读取文件成功
2017-03-26T01:33:10: 读取文件成功
2017-03-26T01:33:20: 读取文件成功
2017-03-26T01:33:30: 读取文件成功
2017-03-26T01:33:40: 读取文件成功
2017-03-26T01:33:50: 读取文件成功
2017-03-26T01:34:00: 读取文件成功
2017-03-26T01:34:10: 读取文件成功
2017-03-26T01:34:20: 读取文件成功
2017-03-26T01:34:30: 读取文件成功
2017-03-26T01:34:40: 读取文件成功
2017-03-26T01:34:50: 读取文件成功
2017-03-26T01:35:00: 读取文件成功
2017-03-26T01:35:10: 读取文件成功
2017-03-26T01:35:20: 读取文件成功
2017-03-26T01:35:30: 读取文件成功
2017-03-26T01:35:40: 读取文件成功
2017-03-26T01:35:50: 读取文件成功
2017-03-26T01:36:00: 读取文件成功
2017-03-26T01:36:10: 读取文件成功
2017-03-26T01:36:20: 读取文件成功
2017-03-26T01:36:30: 读取文件成功
2017-03-26T01:36:40: 读取文件成功
2017-03-26T01:36:50: 读取文件成功
2017-03-26T01:37:00: 读取文件成功
2017-03-26T01:37:10: 读取文件成功
2017-03-26T01:37:20: 读取文件成功
2017-03-26T01:37:30: 读取文件成功
2017-03-26T01:37:40: 读取文件成功
2017-03-26T01:37:50: 读取文件成功
2017-03-26T01:38:00: 读取文件成功
2017-03-26T01:38:10: 读取文件成功
2017-03-26T01:38:20: 读取文件成功
2017-03-26T01:38:30: 读取文件成功
2017-03-26T01:38:40: 读取文件成功
2017-03-26T01:38:50: 读取文件成功
2017-03-26T01:39:00: 读取文件成功
2017-03-26T01:39:10: 读取文件成功
2017-03-26T01:39:20: 读取文件成功
2017-03-26T01:39:30: 读取文件成功
2017-03-26T01:39:40: 读取文件成功
2017-03-26T01:39:50: 读取文件成功
2017-03-26T01:40:00: 读取文件成功
2017-03-26T01:40:11: 读取文件成功
2017-03-26T01:40:21: 读取文件成功
2017-03-26T01:40:31: 读取文件成功
2017-03-26T01:40:41: 读取文件成功
2017-03-26T01:40:51: 读取文件成功
2017-03-26T01:41:01: 读取文件成功
2017-03-26T01:41:11: 读取文件成功
2017-03-26T01:41:21: 读取文件成功
2017-03-26T01:41:31: 读取文件成功
2017-03-26T01:41:41: 读取文件成功
2017-03-26T01:41:51: 读取文件成功
2017-03-26T01:42:01: 读取文件成功
2017-03-26T01:42:11: 读取文件成功
2017-03-26T01:42:21: 读取文件成功
2017-03-26T01:42:31: 读取文件成功
2017-03-26T01:42:41: 读取文件成功
2017-03-26T01:42:51: 读取文件成功
2017-03-26T01:43:01: 读取文件成功
2017-03-26T01:43:11: 读取文件成功
2017-03-26T01:43:21: 读取文件成功
2017-03-26T01:43:31: 读取文件成功
2017-03-26T01:43:41: 读取文件成功
2017-03-26T01:43:51: 读取文件成功
2017-03-26T01:44:01: 读取文件成功
2017-03-26T01:44:11: 读取文件成功
2017-03-26T01:44:21: 读取文件成功
2017-03-26T01:44:31: 读取文件成功
2017-03-26T01:44:41: 读取文件成功
2017-03-26T01:44:51: 读取文件成功
2017-03-26T01:45:01: 读取文件成功
2017-03-26T01:45:11: 读取文件成功
2017-03-26T01:45:21: 读取文件成功
2017-03-26T01:45:31: 读取文件成功
2017-03-26T01:45:41: 读取文件成功
2017-03-26T01:45:51: 读取文件成功
2017-03-26T01:46:01: 读取文件成功
2017-03-26T01:46:11: 读取文件成功
2017-03-26T01:46:21: 读取文件成功
2017-03-26T01:46:31: 读取文件成功
2017-03-26T01:46:41: 读取文件成功
2017-03-26T01:46:51: 读取文件成功
2017-03-26T01:47:01: 读取文件成功
2017-03-26T01:47:11: 读取文件成功
2017-03-26T01:47:21: 读取文件成功
2017-03-26T01:47:31: 读取文件成功
2017-03-26T01:47:41: 读取文件成功
2017-03-26T01:47:51: 读取文件成功
2017-03-26T01:48:01: 读取文件成功
2017-03-26T01:48:11: 读取文件成功
2017-03-26T01:48:21: 读取文件成功
2017-03-26T01:48:31: 读取文件成功
2017-03-26T01:48:41: 读取文件成功
2017-03-26T01:48:51: 读取文件成功
2017-03-26T01:49:01: 读取文件成功
2017-03-26T01:49:11: 读取文件成功
2017-03-26T01:49:21: 读取文件成功
2017-03-26T01:49:31: 读取文件成功
2017-03-26T01:49:41: 读取文件成功
2017-03-26T01:49:51: 读取文件成功
2017-03-26T01:50:01: 读取文件成功
2017-03-26T01:50:11: 读取文件成功
2017-03-26T01:50:21: 读取文件成功
2017-03-26T01:50:31: 读取文件成功
2017-03-26T01:50:41: 读取文件成功
2017-03-26T01:50:51: 读取文件成功
2017-03-26T01:51:01: 读取文件成功
2017-03-26T01:51:11: 读取文件成功
2017-03-26T01:51:21: 读取文件成功
2017-03-26T01:51:31: 读取文件成功
2017-03-26T01:51:41: 读取文件成功
2017-03-26T01:51:51: 读取文件成功
2017-03-26T01:52:01: 读取文件成功
2017-03-26T01:52:11: 读取文件成功
2017-03-26T01:52:21: 读取文件成功
2017-03-26T01:52:31: 读取文件成功
2017-03-26T01:52:41: 读取文件成功
2017-03-26T01:52:51: 读取文件成功
2017-03-26T01:53:01: 读取文件成功
2017-03-26T01:53:11: 读取文件成功
2017-03-26T01:53:21: 读取文件成功
2017-03-26T01:53:31: 读取文件成功
2017-03-26T01:53:41: 读取文件成功
2017-03-26T01:53:51: 读取文件成功
2017-03-26T01:54:01: 读取文件成功
2017-03-26T01:54:11: 读取文件成功
2017-03-26T01:54:21: 读取文件成功
2017-03-26T01:54:31: 读取文件成功
2017-03-26T01:54:41: 读取文件成功
2017-03-26T01:54:51: 读取文件成功
2017-03-26T01:55:01: 读取文件成功
2017-03-26T01:55:11: 读取文件成功
2017-03-26T01:55:21: 读取文件成功
2017-03-26T01:55:31: 读取文件成功
2017-03-26T01:55:41: 读取文件成功
2017-03-26T01:55:51: 读取文件成功
2017-03-26T01:56:01: 读取文件成功
2017-03-26T01:56:11: 读取文件成功
2017-03-26T01:56:21: 读取文件成功
2017-03-26T01:56:31: 读取文件成功
2017-03-26T01:56:41: 读取文件成功
2017-03-26T01:56:51: 读取文件成功
2017-03-26T01:57:01: 读取文件成功
2017-03-26T01:57:11: 读取文件成功
2017-03-26T01:57:22: 读取文件成功
2017-03-26T01:57:31: 读取文件成功
2017-03-26T01:57:41: 读取文件成功
2017-03-26T01:57:51: 读取文件成功
2017-03-26T01:58:01: 读取文件成功
2017-03-26T01:58:11: 读取文件成功
2017-03-26T01:58:21: 读取文件成功
2017-03-26T01:58:31: 读取文件成功
2017-03-26T01:58:41: 读取文件成功
2017-03-26T01:58:52: 读取文件成功
2017-03-26T01:59:02: 读取文件成功
2017-03-26T01:59:12: 读取文件成功
2017-03-26T01:59:22: 读取文件成功
2017-03-26T01:59:31: 读取文件成功
2017-03-26T01:59:42: 读取文件成功
2017-03-26T01:59:52: 读取文件成功
2017-03-26T02:00:02: 读取文件成功
2017-03-26T02:00:12: 读取文件成功
2017-03-26T02:00:22: 读取文件成功
2017-03-26T02:00:32: 读取文件成功
2017-03-26T02:00:42: 读取文件成功
2017-03-26T02:00:52: 读取文件成功
2017-03-26T02:01:02: 读取文件成功
2017-03-26T02:01:12: 读取文件成功
2017-03-26T02:01:22: 读取文件成功
2017-03-26T02:01:32: 读取文件成功
2017-03-26T02:01:42: 读取文件成功
2017-03-26T02:01:52: 读取文件成功
2017-03-26T02:02:02: 读取文件成功
2017-03-26T02:02:12: 读取文件成功
2017-03-26T02:02:22: 读取文件成功
2017-03-26T02:02:32: 读取文件成功
2017-03-26T02:02:42: 读取文件成功
2017-03-26T02:02:52: 读取文件成功
2017-03-26T02:03:02: 读取文件成功
2017-03-26T02:03:12: 读取文件成功
2017-03-26T02:03:22: 读取文件成功
2017-03-26T02:03:32: 读取文件成功
2017-03-26T02:03:42: 读取文件成功
2017-03-26T02:03:52: 读取文件成功
2017-03-26T02:04:02: 读取文件成功
2017-03-26T02:04:12: 读取文件成功
2017-03-26T02:04:22: 读取文件成功
2017-03-26T02:04:32: 读取文件成功
2017-03-26T02:04:42: 读取文件成功
2017-03-26T02:04:52: 读取文件成功
2017-03-26T02:05:02: 读取文件成功
2017-03-26T02:05:12: 读取文件成功
2017-03-26T02:05:22: 读取文件成功
2017-03-26T02:05:32: 读取文件成功
2017-03-26T02:05:42: 读取文件成功
2017-03-26T02:05:52: 读取文件成功
2017-03-26T02:06:02: 读取文件成功
2017-03-26T02:06:12: 读取文件成功
2017-03-26T02:06:22: 读取文件成功
2017-03-26T02:06:32: 读取文件成功
2017-03-26T02:06:42: 读取文件成功
2017-03-26T02:06:52: 读取文件成功
2017-03-26T02:07:02: 读取文件成功
2017-03-26T02:07:12: 读取文件成功
2017-03-26T02:07:22: 读取文件成功
2017-03-26T02:07:32: 读取文件成功
2017-03-26T02:07:42: 读取文件成功
2017-03-26T02:07:52: 读取文件成功
2017-03-26T02:08:02: 读取文件成功
2017-03-26T02:08:12: 读取文件成功
2017-03-26T02:08:22: 读取文件成功
2017-03-26T02:08:32: 读取文件成功
2017-03-26T02:08:42: 读取文件成功
2017-03-26T02:08:52: 读取文件成功
2017-03-26T02:09:02: 读取文件成功
2017-03-26T02:09:12: 读取文件成功
2017-03-26T02:09:22: 读取文件成功
2017-03-26T02:09:32: 读取文件成功
2017-03-26T02:09:42: 读取文件成功
2017-03-26T02:09:52: 读取文件成功
2017-03-26T02:10:02: 读取文件成功
2017-03-26T02:10:12: 读取文件成功
2017-03-26T02:10:22: 读取文件成功
2017-03-26T02:10:32: 读取文件成功
2017-03-26T02:10:42: 读取文件成功
2017-03-26T02:10:52: 读取文件成功
2017-03-26T02:11:02: 读取文件成功
2017-03-26T02:11:12: 读取文件成功
2017-03-26T02:11:22: 读取文件成功
2017-03-26T02:11:32: 读取文件成功
2017-03-26T02:11:42: 读取文件成功
2017-03-26T02:11:52: 读取文件成功
2017-03-26T02:12:02: 读取文件成功
2017-03-26T02:12:12: 读取文件成功
2017-03-26T02:12:22: 读取文件成功
2017-03-26T02:12:32: 读取文件成功
2017-03-26T02:12:42: 读取文件成功
2017-03-26T02:12:52: 读取文件成功
2017-03-26T02:13:02: 读取文件成功
2017-03-26T02:13:12: 读取文件成功
2017-03-26T02:13:22: 读取文件成功
2017-03-26T02:13:32: 读取文件成功
2017-03-26T02:13:42: 读取文件成功
2017-03-26T02:13:52: 读取文件成功
2017-03-26T02:14:02: 读取文件成功
2017-03-26T02:14:12: 读取文件成功
2017-03-26T02:14:22: 读取文件成功
2017-03-26T02:14:32: 读取文件成功
2017-03-26T02:14:42: 读取文件成功
2017-03-26T02:14:52: 读取文件成功
2017-03-26T02:15:02: 读取文件成功
2017-03-26T02:15:12: 读取文件成功
2017-03-26T02:15:22: 读取文件成功
2017-03-26T02:15:32: 读取文件成功
2017-03-26T02:15:42: 读取文件成功
2017-03-26T02:15:52: 读取文件成功
2017-03-26T02:16:02: 读取文件成功
2017-03-26T02:16:12: 读取文件成功
2017-03-26T02:16:22: 读取文件成功
2017-03-26T02:16:32: 读取文件成功
2017-03-26T02:16:42: 读取文件成功
2017-03-26T02:16:52: 读取文件成功
2017-03-26T02:17:02: 读取文件成功
2017-03-26T02:17:12: 读取文件成功
2017-03-26T02:17:22: 读取文件成功
2017-03-26T02:17:32: 读取文件成功
2017-03-26T02:17:42: 读取文件成功
2017-03-26T02:17:52: 读取文件成功
2017-03-26T02:18:02: 读取文件成功
2017-03-26T02:18:12: 读取文件成功
2017-03-26T02:18:22: 读取文件成功
2017-03-26T02:18:32: 读取文件成功
2017-03-26T02:18:42: 读取文件成功
2017-03-26T02:18:52: 读取文件成功
2017-03-26T02:19:02: 读取文件成功
2017-03-26T02:19:12: 读取文件成功
2017-03-26T02:19:22: 读取文件成功
2017-03-26T02:19:32: 读取文件成功
2017-03-26T02:19:42: 读取文件成功
2017-03-26T02:19:52: 读取文件成功
2017-03-26T02:20:02: 读取文件成功
2017-03-26T02:20:12: 读取文件成功
2017-03-26T02:20:22: 读取文件成功
2017-03-26T02:20:32: 读取文件成功
2017-03-26T02:20:42: 读取文件成功
2017-03-26T02:20:52: 读取文件成功
2017-03-26T02:21:03: 读取文件成功
2017-03-26T02:21:13: 读取文件成功
2017-03-26T02:21:23: 读取文件成功
2017-03-26T02:21:33: 读取文件成功
2017-03-26T02:21:43: 读取文件成功
2017-03-26T02:21:53: 读取文件成功
2017-03-26T02:22:03: 读取文件成功
2017-03-26T02:22:13: 读取文件成功
2017-03-26T02:22:23: 读取文件成功
2017-03-26T02:22:33: 读取文件成功
2017-03-26T02:22:43: 读取文件成功
2017-03-26T02:22:53: 读取文件成功
2017-03-26T02:23:03: 读取文件成功
2017-03-26T02:23:13: 读取文件成功
2017-03-26T02:23:23: 读取文件成功
2017-03-26T02:23:33: 读取文件成功
2017-03-26T02:23:43: 读取文件成功
2017-03-26T02:23:53: 读取文件成功
2017-03-26T02:24:03: 读取文件成功
2017-03-26T02:24:13: 读取文件成功
2017-03-26T02:24:23: 读取文件成功
2017-03-26T02:24:33: 读取文件成功
2017-03-26T02:24:43: 读取文件成功
2017-03-26T02:24:53: 读取文件成功
2017-03-26T02:25:03: 读取文件成功
2017-03-26T02:25:13: 读取文件成功
2017-03-26T02:25:23: 读取文件成功
2017-03-26T02:25:33: 读取文件成功
2017-03-26T02:25:43: 读取文件成功
2017-03-26T02:25:53: 读取文件成功
2017-03-26T02:26:03: 读取文件成功
2017-03-26T02:26:13: 读取文件成功
2017-03-26T02:26:23: 读取文件成功
2017-03-26T02:26:33: 读取文件成功
2017-03-26T02:26:43: 读取文件成功
2017-03-26T02:26:53: 读取文件成功
2017-03-26T02:27:03: 读取文件成功
2017-03-26T02:27:13: 读取文件成功
2017-03-26T02:27:23: 读取文件成功
2017-03-26T02:27:33: 读取文件成功
2017-03-26T02:27:43: 读取文件成功
2017-03-26T02:27:53: 读取文件成功
2017-03-26T02:28:03: 读取文件成功
2017-03-26T02:28:13: 读取文件成功
2017-03-26T02:28:23: 读取文件成功
2017-03-26T02:28:33: 读取文件成功
2017-03-26T02:28:43: 读取文件成功
2017-03-26T02:28:53: 读取文件成功
2017-03-26T02:29:03: 读取文件成功
2017-03-26T02:29:13: 读取文件成功
2017-03-26T02:29:23: 读取文件成功
2017-03-26T02:29:33: 读取文件成功
2017-03-26T02:29:43: 读取文件成功
2017-03-26T02:29:53: 读取文件成功
2017-03-26T02:30:03: 读取文件成功
2017-03-26T02:30:13: 读取文件成功
2017-03-26T02:30:23: 读取文件成功
2017-03-26T02:30:33: 读取文件成功
2017-03-26T02:30:43: 读取文件成功
2017-03-26T02:30:53: 读取文件成功
2017-03-26T02:31:03: 读取文件成功
2017-03-26T02:31:13: 读取文件成功
2017-03-26T02:31:23: 读取文件成功
2017-03-26T02:31:33: 读取文件成功
2017-03-26T02:31:43: 读取文件成功
2017-03-26T02:31:53: 读取文件成功
2017-03-26T02:32:03: 读取文件成功
2017-03-26T02:32:13: 读取文件成功
2017-03-26T02:32:23: 读取文件成功
2017-03-26T02:32:33: 读取文件成功
2017-03-26T02:32:43: 读取文件成功
2017-03-26T02:32:53: 读取文件成功
2017-03-26T02:33:03: 读取文件成功
2017-03-26T02:33:13: 读取文件成功
2017-03-26T02:33:23: 读取文件成功
2017-03-26T02:33:33: 读取文件成功
2017-03-26T02:33:43: 读取文件成功
2017-03-26T02:33:53: 读取文件成功
2017-03-26T02:34:03: 读取文件成功
2017-03-26T02:34:13: 读取文件成功
2017-03-26T02:34:23: 读取文件成功
2017-03-26T02:34:33: 读取文件成功
2017-03-26T02:34:43: 读取文件成功
2017-03-26T02:34:53: 读取文件成功
2017-03-26T02:35:03: 读取文件成功
2017-03-26T02:35:13: 读取文件成功
2017-03-26T02:35:23: 读取文件成功
2017-03-26T02:35:33: 读取文件成功
2017-03-26T02:35:43: 读取文件成功
2017-03-26T02:35:53: 读取文件成功
2017-03-26T02:36:03: 读取文件成功
2017-03-26T02:36:13: 读取文件成功
2017-03-26T02:36:23: 读取文件成功
2017-03-26T02:36:33: 读取文件成功
2017-03-26T02:36:43: 读取文件成功
2017-03-26T02:36:53: 读取文件成功
2017-03-26T02:37:03: 读取文件成功
2017-03-26T02:37:13: 读取文件成功
2017-03-26T02:37:23: 读取文件成功
2017-03-26T02:37:33: 读取文件成功
2017-03-26T02:37:43: 读取文件成功
2017-03-26T02:37:53: 读取文件成功
2017-03-26T02:38:03: 读取文件成功
2017-03-26T02:38:13: 读取文件成功
2017-03-26T02:38:24: 读取文件成功
2017-03-26T02:38:33: 读取文件成功
2017-03-26T02:38:43: 读取文件成功
2017-03-26T02:38:53: 读取文件成功
2017-03-26T02:39:03: 读取文件成功
2017-03-26T02:39:13: 读取文件成功
2017-03-26T02:39:23: 读取文件成功
2017-03-26T02:39:33: 读取文件成功
2017-03-26T02:39:44: 读取文件成功
2017-03-26T02:39:53: 读取文件成功
2017-03-26T02:40:03: 读取文件成功
2017-03-26T02:40:14: 读取文件成功
2017-03-26T02:40:24: 读取文件成功
2017-03-26T02:40:34: 读取文件成功
2017-03-26T02:40:44: 读取文件成功
2017-03-26T02:40:54: 读取文件成功
2017-03-26T02:41:04: 读取文件成功
2017-03-26T02:41:14: 读取文件成功
2017-03-26T02:41:24: 读取文件成功
2017-03-26T02:41:34: 读取文件成功
2017-03-26T02:41:44: 读取文件成功
2017-03-26T02:41:54: 读取文件成功
2017-03-26T02:42:04: 读取文件成功
2017-03-26T02:42:14: 读取文件成功
2017-03-26T02:42:24: 读取文件成功
2017-03-26T02:42:34: 读取文件成功
2017-03-26T02:42:44: 读取文件成功
2017-03-26T02:42:54: 读取文件成功
2017-03-26T02:43:04: 读取文件成功
2017-03-26T02:43:14: 读取文件成功
2017-03-26T02:43:24: 读取文件成功
2017-03-26T02:43:34: 读取文件成功
2017-03-26T02:43:44: 读取文件成功
2017-03-26T02:43:54: 读取文件成功
2017-03-26T02:44:04: 读取文件成功
2017-03-26T02:44:14: 读取文件成功
2017-03-26T02:44:24: 读取文件成功
2017-03-26T02:44:34: 读取文件成功
2017-03-26T02:44:44: 读取文件成功
2017-03-26T02:44:54: 读取文件成功
2017-03-26T02:45:04: 读取文件成功
2017-03-26T02:45:14: 读取文件成功
2017-03-26T02:45:24: 读取文件成功
2017-03-26T02:45:34: 读取文件成功
2017-03-26T02:45:44: 读取文件成功
2017-03-26T02:45:54: 读取文件成功
2017-03-26T02:46:04: 读取文件成功
2017-03-26T02:46:14: 读取文件成功
2017-03-26T02:46:24: 读取文件成功
2017-03-26T02:46:34: 读取文件成功
2017-03-26T02:46:44: 读取文件成功
2017-03-26T02:46:54: 读取文件成功
2017-03-26T02:47:04: 读取文件成功
2017-03-26T02:47:14: 读取文件成功
2017-03-26T02:47:24: 读取文件成功
2017-03-26T02:47:34: 读取文件成功
2017-03-26T02:47:44: 读取文件成功
2017-03-26T02:47:54: 读取文件成功
2017-03-26T02:48:04: 读取文件成功
2017-03-26T02:48:14: 读取文件成功
2017-03-26T02:48:24: 读取文件成功
2017-03-26T02:48:34: 读取文件成功
2017-03-26T02:48:44: 读取文件成功
2017-03-26T02:48:54: 读取文件成功
2017-03-26T02:49:04: 读取文件成功
2017-03-26T02:49:14: 读取文件成功
2017-03-26T02:49:24: 读取文件成功
2017-03-26T02:49:34: 读取文件成功
2017-03-26T02:49:44: 读取文件成功
2017-03-26T02:49:54: 读取文件成功
2017-03-26T02:50:04: 读取文件成功
2017-03-26T02:50:14: 读取文件成功
2017-03-26T02:50:24: 读取文件成功
2017-03-26T02:50:34: 读取文件成功
2017-03-26T02:50:44: 读取文件成功
2017-03-26T02:50:54: 读取文件成功
2017-03-26T02:51:04: 读取文件成功
2017-03-26T02:51:14: 读取文件成功
2017-03-26T02:51:24: 读取文件成功
2017-03-26T02:51:34: 读取文件成功
2017-03-26T02:51:44: 读取文件成功
2017-03-26T02:51:54: 读取文件成功
2017-03-26T02:52:04: 读取文件成功
2017-03-26T02:52:14: 读取文件成功
2017-03-26T02:52:24: 读取文件成功
2017-03-26T02:52:34: 读取文件成功
2017-03-26T02:52:44: 读取文件成功
2017-03-26T02:52:54: 读取文件成功
2017-03-26T02:53:04: 读取文件成功
2017-03-26T02:53:14: 读取文件成功
2017-03-26T02:53:24: 读取文件成功
2017-03-26T02:53:34: 读取文件成功
2017-03-26T02:53:44: 读取文件成功
2017-03-26T02:53:54: 读取文件成功
2017-03-26T02:54:04: 读取文件成功
2017-03-26T02:54:14: 读取文件成功
2017-03-26T02:54:24: 读取文件成功
2017-03-26T02:54:34: 读取文件成功
2017-03-26T02:54:44: 读取文件成功
2017-03-26T02:54:54: 读取文件成功
2017-03-26T02:55:04: 读取文件成功
2017-03-26T02:55:14: 读取文件成功
2017-03-26T02:55:24: 读取文件成功
2017-03-26T02:55:34: 读取文件成功
2017-03-26T02:55:44: 读取文件成功
2017-03-26T02:55:54: 读取文件成功
2017-03-26T02:56:04: 读取文件成功
2017-03-26T02:56:14: 读取文件成功
2017-03-26T02:56:24: 读取文件成功
2017-03-26T02:56:34: 读取文件成功
2017-03-26T02:56:44: 读取文件成功
2017-03-26T02:56:54: 读取文件成功
2017-03-26T02:57:05: 读取文件成功
2017-03-26T02:57:15: 读取文件成功
2017-03-26T02:57:24: 读取文件成功
2017-03-26T02:57:34: 读取文件成功
2017-03-26T02:57:44: 读取文件成功
2017-03-26T02:57:55: 读取文件成功
2017-03-26T02:58:05: 读取文件成功
2017-03-26T02:58:15: 读取文件成功
2017-03-26T02:58:25: 读取文件成功
2017-03-26T02:58:35: 读取文件成功
2017-03-26T02:58:45: 读取文件成功
2017-03-26T02:58:55: 读取文件成功
2017-03-26T02:59:05: 读取文件成功
2017-03-26T02:59:15: 读取文件成功
2017-03-26T02:59:25: 读取文件成功
2017-03-26T02:59:35: 读取文件成功
2017-03-26T02:59:45: 读取文件成功
2017-03-26T02:59:55: 读取文件成功
2017-03-26T03:00:05: 读取文件成功
2017-03-26T03:00:15: 读取文件成功
2017-03-26T03:00:25: 读取文件成功
2017-03-26T03:00:35: 读取文件成功
2017-03-26T03:00:45: 读取文件成功
2017-03-26T03:00:55: 读取文件成功
2017-03-26T03:01:05: 读取文件成功
2017-03-26T03:01:15: 读取文件成功
2017-03-26T03:01:25: 读取文件成功
2017-03-26T03:01:35: 读取文件成功
2017-03-26T03:01:45: 读取文件成功
2017-03-26T03:01:55: 读取文件成功
2017-03-26T03:02:05: 读取文件成功
2017-03-26T03:02:15: 读取文件成功
2017-03-26T03:02:25: 读取文件成功
2017-03-26T03:02:35: 读取文件成功
2017-03-26T03:02:45: 读取文件成功
2017-03-26T03:02:55: 读取文件成功
2017-03-26T03:03:05: 读取文件成功
2017-03-26T03:03:15: 读取文件成功
2017-03-26T03:03:25: 读取文件成功
2017-03-26T03:03:35: 读取文件成功
2017-03-26T03:03:45: 读取文件成功
2017-03-26T03:03:55: 读取文件成功
2017-03-26T03:04:05: 读取文件成功
2017-03-26T03:04:15: 读取文件成功
2017-03-26T03:04:25: 读取文件成功
2017-03-26T03:04:35: 读取文件成功
2017-03-26T03:04:45: 读取文件成功
2017-03-26T03:04:55: 读取文件成功
2017-03-26T03:05:05: 读取文件成功
2017-03-26T03:05:15: 读取文件成功
2017-03-26T03:05:25: 读取文件成功
2017-03-26T03:05:35: 读取文件成功
2017-03-26T03:05:45: 读取文件成功
2017-03-26T03:05:55: 读取文件成功
2017-03-26T03:06:05: 读取文件成功
2017-03-26T03:06:15: 读取文件成功
2017-03-26T03:06:25: 读取文件成功
2017-03-26T03:06:35: 读取文件成功
2017-03-26T03:06:45: 读取文件成功
2017-03-26T03:06:55: 读取文件成功
2017-03-26T03:07:05: 读取文件成功
2017-03-26T03:07:15: 读取文件成功
2017-03-26T03:07:25: 读取文件成功
2017-03-26T03:07:35: 读取文件成功
2017-03-26T03:07:45: 读取文件成功
2017-03-26T03:07:55: 读取文件成功
2017-03-26T03:08:05: 读取文件成功
2017-03-26T03:08:15: 读取文件成功
2017-03-26T03:08:25: 读取文件成功
2017-03-26T03:08:35: 读取文件成功
2017-03-26T03:08:45: 读取文件成功
2017-03-26T03:08:55: 读取文件成功
2017-03-26T03:09:05: 读取文件成功
2017-03-26T03:09:15: 读取文件成功
2017-03-26T03:09:26: 读取文件成功
2017-03-26T03:09:35: 读取文件成功
2017-03-26T03:09:47: 读取文件成功
2017-03-26T03:09:56: 读取文件成功
2017-03-26T03:10:05: 读取文件成功
2017-03-26T03:10:15: 读取文件成功
2017-03-26T03:10:27: 读取文件成功
2017-03-26T03:10:37: 读取文件成功
2017-03-26T03:10:45: 读取文件成功
2017-03-26T03:10:56: 读取文件成功
2017-03-26T03:11:06: 读取文件成功
2017-03-26T03:11:15: 读取文件成功
2017-03-26T03:11:25: 读取文件成功
2017-03-26T03:11:36: 读取文件成功
2017-03-26T03:11:46: 读取文件成功
2017-03-26T03:11:56: 读取文件成功
2017-03-26T03:12:07: 读取文件成功
2017-03-26T03:12:17: 读取文件成功
2017-03-26T03:12:26: 读取文件成功
2017-03-26T03:12:35: 读取文件成功
2017-03-26T03:12:45: 读取文件成功
2017-03-26T03:12:55: 读取文件成功
2017-03-26T03:13:05: 读取文件成功
2017-03-26T03:13:15: 读取文件成功
2017-03-26T03:13:25: 读取文件成功
2017-03-26T03:13:35: 读取文件成功
2017-03-26T03:13:45: 读取文件成功
2017-03-26T03:13:55: 读取文件成功
2017-03-26T03:14:05: 读取文件成功
2017-03-26T03:14:15: 读取文件成功
2017-03-26T03:14:25: 读取文件成功
2017-03-26T03:14:36: 读取文件成功
2017-03-26T03:14:46: 读取文件成功
2017-03-26T03:14:55: 读取文件成功
2017-03-26T03:15:05: 读取文件成功
2017-03-26T03:15:15: 读取文件成功
2017-03-26T03:15:25: 读取文件成功
2017-03-26T03:15:35: 读取文件成功
2017-03-26T03:15:45: 读取文件成功
2017-03-26T03:15:55: 读取文件成功
2017-03-26T03:16:05: 读取文件成功
2017-03-26T03:16:15: 读取文件成功
2017-03-26T03:16:25: 读取文件成功
2017-03-26T03:16:35: 读取文件成功
2017-03-26T03:16:45: 读取文件成功
2017-03-26T03:16:55: 读取文件成功
2017-03-26T03:17:05: 读取文件成功
2017-03-26T03:17:15: 读取文件成功
2017-03-26T03:17:25: 读取文件成功
2017-03-26T03:17:35: 读取文件成功
2017-03-26T03:17:46: 读取文件成功
2017-03-26T03:17:56: 读取文件成功
2017-03-26T03:18:06: 读取文件成功
2017-03-26T03:18:16: 读取文件成功
2017-03-26T03:18:26: 读取文件成功
2017-03-26T03:18:36: 读取文件成功
2017-03-26T03:18:46: 读取文件成功
2017-03-26T03:18:56: 读取文件成功
2017-03-26T03:19:06: 读取文件成功
2017-03-26T03:19:16: 读取文件成功
2017-03-26T03:19:26: 读取文件成功
2017-03-26T03:19:36: 读取文件成功
2017-03-26T03:19:46: 读取文件成功
2017-03-26T03:19:56: 读取文件成功
2017-03-26T03:20:06: 读取文件成功
2017-03-26T03:20:16: 读取文件成功
2017-03-26T03:20:26: 读取文件成功
2017-03-26T03:20:36: 读取文件成功
2017-03-26T03:20:46: 读取文件成功
2017-03-26T03:20:56: 读取文件成功
2017-03-26T03:21:06: 读取文件成功
2017-03-26T03:21:16: 读取文件成功
2017-03-26T03:21:26: 读取文件成功
2017-03-26T03:21:36: 读取文件成功
2017-03-26T03:21:46: 读取文件成功
2017-03-26T03:21:56: 读取文件成功
2017-03-26T03:22:06: 读取文件成功
2017-03-26T03:22:16: 读取文件成功
2017-03-26T03:22:26: 读取文件成功
2017-03-26T03:22:36: 读取文件成功
2017-03-26T03:22:46: 读取文件成功
2017-03-26T03:22:56: 读取文件成功
2017-03-26T03:23:06: 读取文件成功
2017-03-26T03:23:16: 读取文件成功
2017-03-26T03:23:26: 读取文件成功
2017-03-26T03:23:36: 读取文件成功
2017-03-26T03:23:46: 读取文件成功
2017-03-26T03:23:56: 读取文件成功
2017-03-26T03:24:06: 读取文件成功
2017-03-26T03:24:16: 读取文件成功
2017-03-26T03:24:26: 读取文件成功
2017-03-26T03:24:36: 读取文件成功
2017-03-26T03:24:46: 读取文件成功
2017-03-26T03:24:56: 读取文件成功
2017-03-26T03:25:06: 读取文件成功
2017-03-26T03:25:16: 读取文件成功
2017-03-26T03:25:26: 读取文件成功
2017-03-26T03:25:36: 读取文件成功
2017-03-26T03:25:46: 读取文件成功
2017-03-26T03:25:56: 读取文件成功
2017-03-26T03:26:06: 读取文件成功
2017-03-26T03:26:16: 读取文件成功
2017-03-26T03:26:26: 读取文件成功
2017-03-26T03:26:36: 读取文件成功
2017-03-26T03:26:46: 读取文件成功
2017-03-26T03:26:56: 读取文件成功
2017-03-26T03:27:06: 读取文件成功
2017-03-26T03:27:16: 读取文件成功
2017-03-26T03:27:26: 读取文件成功
2017-03-26T03:27:36: 读取文件成功
2017-03-26T03:27:46: 读取文件成功
2017-03-26T03:27:56: 读取文件成功
2017-03-26T03:28:06: 读取文件成功
2017-03-26T03:28:16: 读取文件成功
2017-03-26T03:28:26: 读取文件成功
2017-03-26T03:28:36: 读取文件成功
2017-03-26T03:28:46: 读取文件成功
2017-03-26T03:28:56: 读取文件成功
2017-03-26T03:29:06: 读取文件成功
2017-03-26T03:29:16: 读取文件成功
2017-03-26T03:29:26: 读取文件成功
2017-03-26T03:29:36: 读取文件成功
2017-03-26T03:29:46: 读取文件成功
2017-03-26T03:29:56: 读取文件成功
2017-03-26T03:30:06: 读取文件成功
2017-03-26T03:30:16: 读取文件成功
2017-03-26T03:30:26: 读取文件成功
2017-03-26T03:30:36: 读取文件成功
2017-03-26T03:30:46: 读取文件成功
2017-03-26T03:30:56: 读取文件成功
2017-03-26T03:31:06: 读取文件成功
2017-03-26T03:31:16: 读取文件成功
2017-03-26T03:31:26: 读取文件成功
2017-03-26T03:31:36: 读取文件成功
2017-03-26T03:31:46: 读取文件成功
2017-03-26T03:31:56: 读取文件成功
2017-03-26T03:32:06: 读取文件成功
2017-03-26T03:32:16: 读取文件成功
2017-03-26T03:32:26: 读取文件成功
2017-03-26T03:32:36: 读取文件成功
2017-03-26T03:32:46: 读取文件成功
2017-03-26T03:32:56: 读取文件成功
2017-03-26T03:33:06: 读取文件成功
2017-03-26T03:33:16: 读取文件成功
2017-03-26T03:33:26: 读取文件成功
2017-03-26T03:33:36: 读取文件成功
2017-03-26T03:33:46: 读取文件成功
2017-03-26T03:33:56: 读取文件成功
2017-03-26T03:34:06: 读取文件成功
2017-03-26T03:34:16: 读取文件成功
2017-03-26T03:34:26: 读取文件成功
2017-03-26T03:34:36: 读取文件成功
2017-03-26T03:34:46: 读取文件成功
2017-03-26T03:34:56: 读取文件成功
2017-03-26T03:35:06: 读取文件成功
2017-03-26T03:35:16: 读取文件成功
2017-03-26T03:35:26: 读取文件成功
2017-03-26T03:35:36: 读取文件成功
2017-03-26T03:35:46: 读取文件成功
2017-03-26T03:35:56: 读取文件成功
2017-03-26T03:36:06: 读取文件成功
2017-03-26T03:36:16: 读取文件成功
2017-03-26T03:36:26: 读取文件成功
2017-03-26T03:36:36: 读取文件成功
2017-03-26T03:36:46: 读取文件成功
2017-03-26T03:36:56: 读取文件成功
2017-03-26T03:37:06: 读取文件成功
2017-03-26T03:37:16: 读取文件成功
2017-03-26T03:37:26: 读取文件成功
2017-03-26T03:37:36: 读取文件成功
2017-03-26T03:37:46: 读取文件成功
2017-03-26T03:37:56: 读取文件成功
2017-03-26T03:38:06: 读取文件成功
2017-03-26T03:38:16: 读取文件成功
2017-03-26T03:38:26: 读取文件成功
2017-03-26T03:38:36: 读取文件成功
2017-03-26T03:38:46: 读取文件成功
2017-03-26T03:38:56: 读取文件成功
2017-03-26T03:39:06: 读取文件成功
2017-03-26T03:39:16: 读取文件成功
2017-03-26T03:39:26: 读取文件成功
2017-03-26T03:39:36: 读取文件成功
2017-03-26T03:39:47: 读取文件成功
2017-03-26T03:39:57: 读取文件成功
2017-03-26T03:40:07: 读取文件成功
2017-03-26T03:40:17: 读取文件成功
2017-03-26T03:40:27: 读取文件成功
2017-03-26T03:40:37: 读取文件成功
2017-03-26T03:40:46: 读取文件成功
2017-03-26T03:40:57: 读取文件成功
2017-03-26T03:41:07: 读取文件成功
2017-03-26T03:41:17: 读取文件成功
2017-03-26T03:41:27: 读取文件成功
2017-03-26T03:41:37: 读取文件成功
2017-03-26T03:41:47: 读取文件成功
2017-03-26T03:41:57: 读取文件成功
2017-03-26T03:42:08: 读取文件成功
2017-03-26T03:42:17: 读取文件成功
2017-03-26T03:42:27: 读取文件成功
2017-03-26T03:42:38: 读取文件成功
2017-03-26T03:42:47: 读取文件成功
2017-03-26T03:42:57: 读取文件成功
2017-03-26T03:43:07: 读取文件成功
2017-03-26T03:43:17: 读取文件成功
2017-03-26T03:43:27: 读取文件成功
2017-03-26T03:43:37: 读取文件成功
2017-03-26T03:43:47: 读取文件成功
2017-03-26T03:43:57: 读取文件成功
2017-03-26T03:44:07: 读取文件成功
2017-03-26T03:44:17: 读取文件成功
2017-03-26T03:44:27: 读取文件成功
2017-03-26T03:44:37: 读取文件成功
2017-03-26T03:44:47: 读取文件成功
2017-03-26T03:44:58: 读取文件成功
2017-03-26T03:45:07: 读取文件成功
2017-03-26T03:45:17: 读取文件成功
2017-03-26T03:45:27: 读取文件成功
2017-03-26T03:45:37: 读取文件成功
2017-03-26T03:45:47: 读取文件成功
2017-03-26T03:45:57: 读取文件成功
2017-03-26T03:46:07: 读取文件成功
2017-03-26T03:46:17: 读取文件成功
2017-03-26T03:46:27: 读取文件成功
2017-03-26T03:46:37: 读取文件成功
2017-03-26T03:46:47: 读取文件成功
2017-03-26T03:46:57: 读取文件成功
2017-03-26T03:47:07: 读取文件成功
2017-03-26T03:47:17: 读取文件成功
2017-03-26T03:47:27: 读取文件成功
2017-03-26T03:47:37: 读取文件成功
2017-03-26T03:47:47: 读取文件成功
2017-03-26T03:47:57: 读取文件成功
2017-03-26T03:48:07: 读取文件成功
2017-03-26T03:48:17: 读取文件成功
2017-03-26T03:48:27: 读取文件成功
2017-03-26T03:48:37: 读取文件成功
2017-03-26T03:48:47: 读取文件成功
2017-03-26T03:48:57: 读取文件成功
2017-03-26T03:49:07: 读取文件成功
2017-03-26T03:49:17: 读取文件成功
2017-03-26T03:49:27: 读取文件成功
2017-03-26T03:49:37: 读取文件成功
2017-03-26T03:49:47: 读取文件成功
2017-03-26T03:49:57: 读取文件成功
2017-03-26T03:50:07: 读取文件成功
2017-03-26T03:50:17: 读取文件成功
2017-03-26T03:50:27: 读取文件成功
2017-03-26T03:50:37: 读取文件成功
2017-03-26T03:50:47: 读取文件成功
2017-03-26T03:50:57: 读取文件成功
2017-03-26T03:51:07: 读取文件成功
2017-03-26T03:51:17: 读取文件成功
2017-03-26T03:51:27: 读取文件成功
2017-03-26T03:51:37: 读取文件成功
2017-03-26T03:51:47: 读取文件成功
2017-03-26T03:51:57: 读取文件成功
2017-03-26T03:52:07: 读取文件成功
2017-03-26T03:52:17: 读取文件成功
2017-03-26T03:52:27: 读取文件成功
2017-03-26T03:52:37: 读取文件成功
2017-03-26T03:52:47: 读取文件成功
2017-03-26T03:52:57: 读取文件成功
2017-03-26T03:53:07: 读取文件成功
2017-03-26T03:53:17: 读取文件成功
2017-03-26T03:53:27: 读取文件成功
2017-03-26T03:53:37: 读取文件成功
2017-03-26T03:53:47: 读取文件成功
2017-03-26T03:53:57: 读取文件成功
2017-03-26T03:54:07: 读取文件成功
2017-03-26T03:54:17: 读取文件成功
2017-03-26T03:54:27: 读取文件成功
2017-03-26T03:54:37: 读取文件成功
2017-03-26T03:54:47: 读取文件成功
2017-03-26T03:54:57: 读取文件成功
2017-03-26T03:55:07: 读取文件成功
2017-03-26T03:55:17: 读取文件成功
2017-03-26T03:55:27: 读取文件成功
2017-03-26T03:55:37: 读取文件成功
2017-03-26T03:55:47: 读取文件成功
2017-03-26T03:55:57: 读取文件成功
2017-03-26T03:56:07: 读取文件成功
2017-03-26T03:56:17: 读取文件成功
2017-03-26T03:56:27: 读取文件成功
2017-03-26T03:56:37: 读取文件成功
2017-03-26T03:56:47: 读取文件成功
2017-03-26T03:56:57: 读取文件成功
2017-03-26T03:57:07: 读取文件成功
2017-03-26T03:57:17: 读取文件成功
2017-03-26T03:57:27: 读取文件成功
2017-03-26T03:57:37: 读取文件成功
2017-03-26T03:57:47: 读取文件成功
2017-03-26T03:57:57: 读取文件成功
2017-03-26T03:58:07: 读取文件成功
2017-03-26T03:58:17: 读取文件成功
2017-03-26T03:58:27: 读取文件成功
2017-03-26T03:58:37: 读取文件成功
2017-03-26T03:58:47: 读取文件成功
2017-03-26T03:58:57: 读取文件成功
2017-03-26T03:59:07: 读取文件成功
2017-03-26T03:59:17: 读取文件成功
2017-03-26T03:59:27: 读取文件成功
2017-03-26T03:59:37: 读取文件成功
2017-03-26T03:59:47: 读取文件成功
2017-03-26T03:59:57: 读取文件成功
2017-03-26T04:00:07: 读取文件成功
2017-03-26T04:00:17: 读取文件成功
2017-03-26T04:00:27: 读取文件成功
2017-03-26T04:00:37: 读取文件成功
2017-03-26T04:00:47: 读取文件成功
2017-03-26T04:00:57: 读取文件成功
2017-03-26T04:01:07: 读取文件成功
2017-03-26T04:01:17: 读取文件成功
2017-03-26T04:01:27: 读取文件成功
2017-03-26T04:01:37: 读取文件成功
2017-03-26T04:01:47: 读取文件成功
2017-03-26T04:01:57: 读取文件成功
2017-03-26T04:02:07: 读取文件成功
2017-03-26T04:02:17: 读取文件成功
2017-03-26T04:02:27: 读取文件成功
2017-03-26T04:02:38: 读取文件成功
2017-03-26T04:02:48: 读取文件成功
2017-03-26T04:02:58: 读取文件成功
2017-03-26T04:03:08: 读取文件成功
2017-03-26T04:03:18: 读取文件成功
2017-03-26T04:03:28: 读取文件成功
2017-03-26T04:03:38: 读取文件成功
2017-03-26T04:03:48: 读取文件成功
2017-03-26T04:03:58: 读取文件成功
2017-03-26T04:04:08: 读取文件成功
2017-03-26T04:04:18: 读取文件成功
2017-03-26T04:04:28: 读取文件成功
2017-03-26T04:04:38: 读取文件成功
2017-03-26T04:04:48: 读取文件成功
2017-03-26T04:04:58: 读取文件成功
2017-03-26T04:05:08: 读取文件成功
2017-03-26T04:05:18: 读取文件成功
2017-03-26T04:05:28: 读取文件成功
2017-03-26T04:05:38: 读取文件成功
2017-03-26T04:05:48: 读取文件成功
2017-03-26T04:05:58: 读取文件成功
2017-03-26T04:06:08: 读取文件成功
2017-03-26T04:06:18: 读取文件成功
2017-03-26T04:06:28: 读取文件成功
2017-03-26T04:06:38: 读取文件成功
2017-03-26T04:06:48: 读取文件成功
2017-03-26T04:06:58: 读取文件成功
2017-03-26T04:07:08: 读取文件成功
2017-03-26T04:07:18: 读取文件成功
2017-03-26T04:07:28: 读取文件成功
2017-03-26T04:07:38: 读取文件成功
2017-03-26T04:07:48: 读取文件成功
2017-03-26T04:07:58: 读取文件成功
2017-03-26T04:08:08: 读取文件成功
2017-03-26T04:08:18: 读取文件成功
2017-03-26T04:08:28: 读取文件成功
2017-03-26T04:08:38: 读取文件成功
2017-03-26T04:08:48: 读取文件成功
2017-03-26T04:08:58: 读取文件成功
2017-03-26T04:09:08: 读取文件成功
2017-03-26T04:09:18: 读取文件成功
2017-03-26T04:09:28: 读取文件成功
2017-03-26T04:09:38: 读取文件成功
2017-03-26T04:09:48: 读取文件成功
2017-03-26T04:09:58: 读取文件成功
2017-03-26T04:10:08: 读取文件成功
2017-03-26T04:10:18: 读取文件成功
2017-03-26T04:10:28: 读取文件成功
2017-03-26T04:10:38: 读取文件成功
2017-03-26T04:10:48: 读取文件成功
2017-03-26T04:10:58: 读取文件成功
2017-03-26T04:11:08: 读取文件成功
2017-03-26T04:11:18: 读取文件成功
2017-03-26T04:11:28: 读取文件成功
2017-03-26T04:11:38: 读取文件成功
2017-03-26T04:11:49: 读取文件成功
2017-03-26T04:11:58: 读取文件成功
2017-03-26T04:12:08: 读取文件成功
2017-03-26T04:12:18: 读取文件成功
2017-03-26T04:12:28: 读取文件成功
2017-03-26T04:12:38: 读取文件成功
2017-03-26T04:12:48: 读取文件成功
2017-03-26T04:12:59: 读取文件成功
2017-03-26T04:13:08: 读取文件成功
2017-03-26T04:13:18: 读取文件成功
2017-03-26T04:13:28: 读取文件成功
2017-03-26T04:13:38: 读取文件成功
2017-03-26T04:13:48: 读取文件成功
2017-03-26T04:13:58: 读取文件成功
2017-03-26T04:14:08: 读取文件成功
2017-03-26T04:14:18: 读取文件成功
2017-03-26T04:14:28: 读取文件成功
2017-03-26T04:14:38: 读取文件成功
2017-03-26T04:14:48: 读取文件成功
2017-03-26T04:14:58: 读取文件成功
2017-03-26T04:15:08: 读取文件成功
2017-03-26T04:15:18: 读取文件成功
2017-03-26T04:15:29: 读取文件成功
2017-03-26T04:15:38: 读取文件成功
2017-03-26T04:15:48: 读取文件成功
2017-03-26T04:15:58: 读取文件成功
2017-03-26T04:16:08: 读取文件成功
2017-03-26T04:16:18: 读取文件成功
2017-03-26T04:16:28: 读取文件成功
2017-03-26T04:16:38: 读取文件成功
2017-03-26T04:16:48: 读取文件成功
2017-03-26T04:16:58: 读取文件成功
2017-03-26T04:17:08: 读取文件成功
2017-03-26T04:17:18: 读取文件成功
2017-03-26T04:17:28: 读取文件成功
2017-03-26T04:17:38: 读取文件成功
2017-03-26T04:17:48: 读取文件成功
2017-03-26T04:17:58: 读取文件成功
2017-03-26T04:18:08: 读取文件成功
2017-03-26T04:18:18: 读取文件成功
2017-03-26T04:18:28: 读取文件成功
2017-03-26T04:18:38: 读取文件成功
2017-03-26T04:18:48: 读取文件成功
2017-03-26T04:18:58: 读取文件成功
2017-03-26T04:19:08: 读取文件成功
2017-03-26T04:19:18: 读取文件成功
2017-03-26T04:19:28: 读取文件成功
2017-03-26T04:19:38: 读取文件成功
2017-03-26T04:19:48: 读取文件成功
2017-03-26T04:19:58: 读取文件成功
2017-03-26T04:20:08: 读取文件成功
2017-03-26T04:20:18: 读取文件成功
2017-03-26T04:20:28: 读取文件成功
2017-03-26T04:20:38: 读取文件成功
2017-03-26T04:20:48: 读取文件成功
2017-03-26T04:20:58: 读取文件成功
2017-03-26T04:21:08: 读取文件成功
2017-03-26T04:21:18: 读取文件成功
2017-03-26T04:21:28: 读取文件成功
2017-03-26T04:21:38: 读取文件成功
2017-03-26T04:21:48: 读取文件成功
2017-03-26T04:21:58: 读取文件成功
2017-03-26T04:22:08: 读取文件成功
2017-03-26T04:22:18: 读取文件成功
2017-03-26T04:22:28: 读取文件成功
2017-03-26T04:22:38: 读取文件成功
2017-03-26T04:22:48: 读取文件成功
2017-03-26T04:22:58: 读取文件成功
2017-03-26T04:23:08: 读取文件成功
2017-03-26T04:23:18: 读取文件成功
2017-03-26T04:23:29: 读取文件成功
2017-03-26T04:23:39: 读取文件成功
2017-03-26T04:23:49: 读取文件成功
2017-03-26T04:23:59: 读取文件成功
2017-03-26T04:24:09: 读取文件成功
2017-03-26T04:24:19: 读取文件成功
2017-03-26T04:24:29: 读取文件成功
2017-03-26T04:24:39: 读取文件成功
2017-03-26T04:24:49: 读取文件成功
2017-03-26T04:24:59: 读取文件成功
2017-03-26T04:25:09: 读取文件成功
2017-03-26T04:25:19: 读取文件成功
2017-03-26T04:25:29: 读取文件成功
2017-03-26T04:25:39: 读取文件成功
2017-03-26T04:25:49: 读取文件成功
2017-03-26T04:25:59: 读取文件成功
2017-03-26T04:26:09: 读取文件成功
2017-03-26T04:26:19: 读取文件成功
2017-03-26T04:26:29: 读取文件成功
2017-03-26T04:26:39: 读取文件成功
2017-03-26T04:26:49: 读取文件成功
2017-03-26T04:26:59: 读取文件成功
2017-03-26T04:27:09: 读取文件成功
2017-03-26T04:27:19: 读取文件成功
2017-03-26T04:27:29: 读取文件成功
2017-03-26T04:27:39: 读取文件成功
2017-03-26T04:27:49: 读取文件成功
2017-03-26T04:27:59: 读取文件成功
2017-03-26T04:28:09: 读取文件成功
2017-03-26T04:28:19: 读取文件成功
2017-03-26T04:28:29: 读取文件成功
2017-03-26T04:28:39: 读取文件成功
2017-03-26T04:28:49: 读取文件成功
2017-03-26T04:28:59: 读取文件成功
2017-03-26T04:29:09: 读取文件成功
2017-03-26T04:29:19: 读取文件成功
2017-03-26T04:29:29: 读取文件成功
2017-03-26T04:29:39: 读取文件成功
2017-03-26T04:29:49: 读取文件成功
2017-03-26T04:29:59: 读取文件成功
2017-03-26T04:30:09: 读取文件成功
2017-03-26T04:30:19: 读取文件成功
2017-03-26T04:30:29: 读取文件成功
2017-03-26T04:30:39: 读取文件成功
2017-03-26T04:30:49: 读取文件成功
2017-03-26T04:30:59: 读取文件成功
2017-03-26T04:31:09: 读取文件成功
2017-03-26T04:31:19: 读取文件成功
2017-03-26T04:31:29: 读取文件成功
2017-03-26T04:31:39: 读取文件成功
2017-03-26T04:31:49: 读取文件成功
2017-03-26T04:31:59: 读取文件成功
2017-03-26T04:32:09: 读取文件成功
2017-03-26T04:32:19: 读取文件成功
2017-03-26T04:32:29: 读取文件成功
2017-03-26T04:32:39: 读取文件成功
2017-03-26T04:32:49: 读取文件成功
2017-03-26T04:32:59: 读取文件成功
2017-03-26T04:33:09: 读取文件成功
2017-03-26T04:33:19: 读取文件成功
2017-03-26T04:33:29: 读取文件成功
2017-03-26T04:33:39: 读取文件成功
2017-03-26T04:33:49: 读取文件成功
2017-03-26T04:33:59: 读取文件成功
2017-03-26T04:34:09: 读取文件成功
2017-03-26T04:34:19: 读取文件成功
2017-03-26T04:34:29: 读取文件成功
2017-03-26T04:34:39: 读取文件成功
2017-03-26T04:34:49: 读取文件成功
2017-03-26T04:34:59: 读取文件成功
2017-03-26T04:35:09: 读取文件成功
2017-03-26T04:35:19: 读取文件成功
2017-03-26T04:35:29: 读取文件成功
2017-03-26T04:35:39: 读取文件成功
2017-03-26T04:35:49: 读取文件成功
2017-03-26T04:35:59: 读取文件成功
2017-03-26T04:36:09: 读取文件成功
2017-03-26T04:36:19: 读取文件成功
2017-03-26T04:36:29: 读取文件成功
2017-03-26T04:36:39: 读取文件成功
2017-03-26T04:36:49: 读取文件成功
2017-03-26T04:36:59: 读取文件成功
2017-03-26T04:37:09: 读取文件成功
2017-03-26T04:37:19: 读取文件成功
2017-03-26T04:37:29: 读取文件成功
2017-03-26T04:37:39: 读取文件成功
2017-03-26T04:37:49: 读取文件成功
2017-03-26T04:37:59: 读取文件成功
2017-03-26T04:38:09: 读取文件成功
2017-03-26T04:38:19: 读取文件成功
2017-03-26T04:38:29: 读取文件成功
2017-03-26T04:38:39: 读取文件成功
2017-03-26T04:38:49: 读取文件成功
2017-03-26T04:38:59: 读取文件成功
2017-03-26T04:39:09: 读取文件成功
2017-03-26T04:39:19: 读取文件成功
2017-03-26T04:39:29: 读取文件成功
2017-03-26T04:39:39: 读取文件成功
2017-03-26T04:39:49: 读取文件成功
2017-03-26T04:39:59: 读取文件成功
2017-03-26T04:40:09: 读取文件成功
2017-03-26T04:40:19: 读取文件成功
2017-03-26T04:40:29: 读取文件成功
2017-03-26T04:40:39: 读取文件成功
2017-03-26T04:40:49: 读取文件成功
2017-03-26T04:40:59: 读取文件成功
2017-03-26T04:41:09: 读取文件成功
2017-03-26T04:41:19: 读取文件成功
2017-03-26T04:41:30: 读取文件成功
2017-03-26T04:41:39: 读取文件成功
2017-03-26T04:41:49: 读取文件成功
2017-03-26T04:41:59: 读取文件成功
2017-03-26T04:42:10: 读取文件成功
2017-03-26T04:42:20: 读取文件成功
2017-03-26T04:42:30: 读取文件成功
2017-03-26T04:42:40: 读取文件成功
2017-03-26T04:42:51: 读取文件成功
2017-03-26T04:42:59: 读取文件成功
2017-03-26T04:43:09: 读取文件成功
2017-03-26T04:43:21: 读取文件成功
2017-03-26T04:43:30: 读取文件成功
2017-03-26T04:43:39: 读取文件成功
2017-03-26T04:43:49: 读取文件成功
2017-03-26T04:43:59: 读取文件成功
2017-03-26T04:44:09: 读取文件成功
2017-03-26T04:44:19: 读取文件成功
2017-03-26T04:44:29: 读取文件成功
2017-03-26T04:44:39: 读取文件成功
2017-03-26T04:44:49: 读取文件成功
2017-03-26T04:44:59: 读取文件成功
2017-03-26T04:45:09: 读取文件成功
2017-03-26T04:45:19: 读取文件成功
2017-03-26T04:45:29: 读取文件成功
2017-03-26T04:45:40: 读取文件成功
2017-03-26T04:45:50: 读取文件成功
2017-03-26T04:46:00: 读取文件成功
2017-03-26T04:46:09: 读取文件成功
2017-03-26T04:46:19: 读取文件成功
2017-03-26T04:46:29: 读取文件成功
2017-03-26T04:46:40: 读取文件成功
2017-03-26T04:46:49: 读取文件成功
2017-03-26T04:46:59: 读取文件成功
2017-03-26T04:47:09: 读取文件成功
2017-03-26T04:47:19: 读取文件成功
2017-03-26T04:47:29: 读取文件成功
2017-03-26T04:47:39: 读取文件成功
2017-03-26T04:47:49: 读取文件成功
2017-03-26T04:47:59: 读取文件成功
2017-03-26T04:48:09: 读取文件成功
2017-03-26T04:48:19: 读取文件成功
2017-03-26T04:48:29: 读取文件成功
2017-03-26T04:48:39: 读取文件成功
2017-03-26T04:48:50: 读取文件成功
2017-03-26T04:49:00: 读取文件成功
2017-03-26T04:49:10: 读取文件成功
2017-03-26T04:49:20: 读取文件成功
2017-03-26T04:49:30: 读取文件成功
2017-03-26T04:49:40: 读取文件成功
2017-03-26T04:49:50: 读取文件成功
2017-03-26T04:50:00: 读取文件成功
2017-03-26T04:50:10: 读取文件成功
2017-03-26T04:50:20: 读取文件成功
2017-03-26T04:50:30: 读取文件成功
2017-03-26T04:50:40: 读取文件成功
2017-03-26T04:50:50: 读取文件成功
2017-03-26T04:51:00: 读取文件成功
2017-03-26T04:51:10: 读取文件成功
2017-03-26T04:51:20: 读取文件成功
2017-03-26T04:51:30: 读取文件成功
2017-03-26T04:51:40: 读取文件成功
2017-03-26T04:51:50: 读取文件成功
2017-03-26T04:52:00: 读取文件成功
2017-03-26T04:52:10: 读取文件成功
2017-03-26T04:52:20: 读取文件成功
2017-03-26T04:52:30: 读取文件成功
2017-03-26T04:52:40: 读取文件成功
2017-03-26T04:52:50: 读取文件成功
2017-03-26T04:53:00: 读取文件成功
2017-03-26T04:53:10: 读取文件成功
2017-03-26T04:53:20: 读取文件成功
2017-03-26T04:53:30: 读取文件成功
2017-03-26T04:53:40: 读取文件成功
2017-03-26T04:53:50: 读取文件成功
2017-03-26T04:54:00: 读取文件成功
2017-03-26T04:54:10: 读取文件成功
2017-03-26T04:54:20: 读取文件成功
2017-03-26T04:54:30: 读取文件成功
2017-03-26T04:54:40: 读取文件成功
2017-03-26T04:54:50: 读取文件成功
2017-03-26T04:55:00: 读取文件成功
2017-03-26T04:55:10: 读取文件成功
2017-03-26T04:55:20: 读取文件成功
2017-03-26T04:55:30: 读取文件成功
2017-03-26T04:55:40: 读取文件成功
2017-03-26T04:55:50: 读取文件成功
2017-03-26T04:56:00: 读取文件成功
2017-03-26T04:56:10: 读取文件成功
2017-03-26T04:56:20: 读取文件成功
2017-03-26T04:56:30: 读取文件成功
2017-03-26T04:56:40: 读取文件成功
2017-03-26T04:56:50: 读取文件成功
2017-03-26T04:57:00: 读取文件成功
2017-03-26T04:57:10: 读取文件成功
2017-03-26T04:57:20: 读取文件成功
2017-03-26T04:57:30: 读取文件成功
2017-03-26T04:57:40: 读取文件成功
2017-03-26T04:57:50: 读取文件成功
2017-03-26T04:58:00: 读取文件成功
2017-03-26T04:58:10: 读取文件成功
2017-03-26T04:58:20: 读取文件成功
2017-03-26T04:58:30: 读取文件成功
2017-03-26T04:58:40: 读取文件成功
2017-03-26T04:58:50: 读取文件成功
2017-03-26T04:59:00: 读取文件成功
2017-03-26T04:59:10: 读取文件成功
2017-03-26T04:59:20: 读取文件成功
2017-03-26T04:59:30: 读取文件成功
2017-03-26T04:59:40: 读取文件成功
2017-03-26T04:59:50: 读取文件成功
2017-03-26T05:00:00: 读取文件成功
2017-03-26T05:00:10: 读取文件成功
2017-03-26T05:00:20: 读取文件成功
2017-03-26T05:00:30: 读取文件成功
2017-03-26T05:00:40: 读取文件成功
2017-03-26T05:00:50: 读取文件成功
2017-03-26T05:01:00: 读取文件成功
2017-03-26T05:01:10: 读取文件成功
2017-03-26T05:01:20: 读取文件成功
2017-03-26T05:01:30: 读取文件成功
2017-03-26T05:01:40: 读取文件成功
2017-03-26T05:01:50: 读取文件成功
2017-03-26T05:02:00: 读取文件成功
2017-03-26T05:02:10: 读取文件成功
2017-03-26T05:02:20: 读取文件成功
2017-03-26T05:02:30: 读取文件成功
2017-03-26T05:02:40: 读取文件成功
2017-03-26T05:02:50: 读取文件成功
2017-03-26T05:03:00: 读取文件成功
2017-03-26T05:03:10: 读取文件成功
2017-03-26T05:03:20: 读取文件成功
2017-03-26T05:03:30: 读取文件成功
2017-03-26T05:03:40: 读取文件成功
2017-03-26T05:03:50: 读取文件成功
2017-03-26T05:04:00: 读取文件成功
2017-03-26T05:04:10: 读取文件成功
2017-03-26T05:04:20: 读取文件成功
2017-03-26T05:04:30: 读取文件成功
2017-03-26T05:04:40: 读取文件成功
2017-03-26T05:04:50: 读取文件成功
2017-03-26T05:05:00: 读取文件成功
2017-03-26T05:05:10: 读取文件成功
2017-03-26T05:05:20: 读取文件成功
2017-03-26T05:05:30: 读取文件成功
2017-03-26T05:05:40: 读取文件成功
2017-03-26T05:05:50: 读取文件成功
2017-03-26T05:06:00: 读取文件成功
2017-03-26T05:06:10: 读取文件成功
2017-03-26T05:06:20: 读取文件成功
2017-03-26T05:06:30: 读取文件成功
2017-03-26T05:06:40: 读取文件成功
2017-03-26T05:06:50: 读取文件成功
2017-03-26T05:07:00: 读取文件成功
2017-03-26T05:07:10: 读取文件成功
2017-03-26T05:07:20: 读取文件成功
2017-03-26T05:07:30: 读取文件成功
2017-03-26T05:07:40: 读取文件成功
2017-03-26T05:07:50: 读取文件成功
2017-03-26T05:08:00: 读取文件成功
2017-03-26T05:08:10: 读取文件成功
2017-03-26T05:08:20: 读取文件成功
2017-03-26T05:08:30: 读取文件成功
2017-03-26T05:08:40: 读取文件成功
2017-03-26T05:08:50: 读取文件成功
2017-03-26T05:09:00: 读取文件成功
2017-03-26T05:09:10: 读取文件成功
2017-03-26T05:09:20: 读取文件成功
2017-03-26T05:09:30: 读取文件成功
2017-03-26T05:09:40: 读取文件成功
2017-03-26T05:09:50: 读取文件成功
2017-03-26T05:10:00: 读取文件成功
2017-03-26T05:10:10: 读取文件成功
2017-03-26T05:10:21: 读取文件成功
2017-03-26T05:10:31: 读取文件成功
2017-03-26T05:10:41: 读取文件成功
2017-03-26T05:10:51: 读取文件成功
2017-03-26T05:11:01: 读取文件成功
2017-03-26T05:11:11: 读取文件成功
2017-03-26T05:11:21: 读取文件成功
2017-03-26T05:11:31: 读取文件成功
2017-03-26T05:11:41: 读取文件成功
2017-03-26T05:11:51: 读取文件成功
2017-03-26T05:12:01: 读取文件成功
2017-03-26T05:12:11: 读取文件成功
2017-03-26T05:12:21: 读取文件成功
2017-03-26T05:12:31: 读取文件成功
2017-03-26T05:12:41: 读取文件成功
2017-03-26T05:12:51: 读取文件成功
2017-03-26T05:13:02: 读取文件成功
2017-03-26T05:13:12: 读取文件成功
2017-03-26T05:13:21: 读取文件成功
2017-03-26T05:13:32: 读取文件成功
2017-03-26T05:13:41: 读取文件成功
2017-03-26T05:13:51: 读取文件成功
2017-03-26T05:14:01: 读取文件成功
2017-03-26T05:14:11: 读取文件成功
2017-03-26T05:14:21: 读取文件成功
2017-03-26T05:14:31: 读取文件成功
2017-03-26T05:14:41: 读取文件成功
2017-03-26T05:14:51: 读取文件成功
2017-03-26T05:15:01: 读取文件成功
2017-03-26T05:15:11: 读取文件成功
2017-03-26T05:15:21: 读取文件成功
2017-03-26T05:15:31: 读取文件成功
2017-03-26T05:15:41: 读取文件成功
2017-03-26T05:15:51: 读取文件成功
2017-03-26T05:16:01: 读取文件成功
2017-03-26T05:16:11: 读取文件成功
2017-03-26T05:16:21: 读取文件成功
2017-03-26T05:16:31: 读取文件成功
2017-03-26T05:16:41: 读取文件成功
2017-03-26T05:16:51: 读取文件成功
2017-03-26T05:17:01: 读取文件成功
2017-03-26T05:17:11: 读取文件成功
2017-03-26T05:17:21: 读取文件成功
2017-03-26T05:17:31: 读取文件成功
2017-03-26T05:17:41: 读取文件成功
2017-03-26T05:17:51: 读取文件成功
2017-03-26T05:18:01: 读取文件成功
2017-03-26T05:18:11: 读取文件成功
2017-03-26T05:18:21: 读取文件成功
2017-03-26T05:18:31: 读取文件成功
2017-03-26T05:18:41: 读取文件成功
2017-03-26T05:18:51: 读取文件成功
2017-03-26T05:19:01: 读取文件成功
2017-03-26T05:19:11: 读取文件成功
2017-03-26T05:19:21: 读取文件成功
2017-03-26T05:19:31: 读取文件成功
2017-03-26T05:19:41: 读取文件成功
2017-03-26T05:19:51: 读取文件成功
2017-03-26T05:20:01: 读取文件成功
2017-03-26T05:20:11: 读取文件成功
2017-03-26T05:20:21: 读取文件成功
2017-03-26T05:20:31: 读取文件成功
2017-03-26T05:20:41: 读取文件成功
2017-03-26T05:20:51: 读取文件成功
2017-03-26T05:21:01: 读取文件成功
2017-03-26T05:21:11: 读取文件成功
2017-03-26T05:21:21: 读取文件成功
2017-03-26T05:21:31: 读取文件成功
2017-03-26T05:21:41: 读取文件成功
2017-03-26T05:21:51: 读取文件成功
2017-03-26T05:22:01: 读取文件成功
2017-03-26T05:22:11: 读取文件成功
2017-03-26T05:22:21: 读取文件成功
2017-03-26T05:22:31: 读取文件成功
2017-03-26T05:22:41: 读取文件成功
2017-03-26T05:22:51: 读取文件成功
2017-03-26T05:23:01: 读取文件成功
2017-03-26T05:23:11: 读取文件成功
2017-03-26T05:23:21: 读取文件成功
2017-03-26T05:23:31: 读取文件成功
2017-03-26T05:23:41: 读取文件成功
2017-03-26T05:23:51: 读取文件成功
2017-03-26T05:24:01: 读取文件成功
2017-03-26T05:24:11: 读取文件成功
2017-03-26T05:24:21: 读取文件成功
2017-03-26T05:24:31: 读取文件成功
2017-03-26T05:24:41: 读取文件成功
2017-03-26T05:24:51: 读取文件成功
2017-03-26T05:25:01: 读取文件成功
2017-03-26T05:25:11: 读取文件成功
2017-03-26T05:25:21: 读取文件成功
2017-03-26T05:25:31: 读取文件成功
2017-03-26T05:25:41: 读取文件成功
2017-03-26T05:25:51: 读取文件成功
2017-03-26T05:26:01: 读取文件成功
2017-03-26T05:26:11: 读取文件成功
2017-03-26T05:26:21: 读取文件成功
2017-03-26T05:26:31: 读取文件成功
2017-03-26T05:26:41: 读取文件成功
2017-03-26T05:26:51: 读取文件成功
2017-03-26T05:27:01: 读取文件成功
2017-03-26T05:27:11: 读取文件成功
2017-03-26T05:27:21: 读取文件成功
2017-03-26T05:27:31: 读取文件成功
2017-03-26T05:27:41: 读取文件成功
2017-03-26T05:27:51: 读取文件成功
2017-03-26T05:28:01: 读取文件成功
2017-03-26T05:28:11: 读取文件成功
2017-03-26T05:28:21: 读取文件成功
2017-03-26T05:28:31: 读取文件成功
2017-03-26T05:28:41: 读取文件成功
2017-03-26T05:28:51: 读取文件成功
2017-03-26T05:29:01: 读取文件成功
2017-03-26T05:29:11: 读取文件成功
2017-03-26T05:29:21: 读取文件成功
2017-03-26T05:29:31: 读取文件成功
2017-03-26T05:29:41: 读取文件成功
2017-03-26T05:29:51: 读取文件成功
2017-03-26T05:30:01: 读取文件成功
2017-03-26T05:30:11: 读取文件成功
2017-03-26T05:30:21: 读取文件成功
2017-03-26T05:30:31: 读取文件成功
2017-03-26T05:30:41: 读取文件成功
2017-03-26T05:30:51: 读取文件成功
2017-03-26T05:31:01: 读取文件成功
2017-03-26T05:31:11: 读取文件成功
2017-03-26T05:31:21: 读取文件成功
2017-03-26T05:31:31: 读取文件成功
2017-03-26T05:31:41: 读取文件成功
2017-03-26T05:31:51: 读取文件成功
2017-03-26T05:32:01: 读取文件成功
2017-03-26T05:32:11: 读取文件成功
2017-03-26T05:32:21: 读取文件成功
2017-03-26T05:32:31: 读取文件成功
2017-03-26T05:32:41: 读取文件成功
2017-03-26T05:32:52: 读取文件成功
2017-03-26T05:33:02: 读取文件成功
2017-03-26T05:33:11: 读取文件成功
2017-03-26T05:33:22: 读取文件成功
2017-03-26T05:33:32: 读取文件成功
2017-03-26T05:33:42: 读取文件成功
2017-03-26T05:33:52: 读取文件成功
2017-03-26T05:34:02: 读取文件成功
2017-03-26T05:34:12: 读取文件成功
2017-03-26T05:34:22: 读取文件成功
2017-03-26T05:34:32: 读取文件成功
2017-03-26T05:34:42: 读取文件成功
2017-03-26T05:34:52: 读取文件成功
2017-03-26T05:35:02: 读取文件成功
2017-03-26T05:35:12: 读取文件成功
2017-03-26T05:35:22: 读取文件成功
2017-03-26T05:35:32: 读取文件成功
2017-03-26T05:35:42: 读取文件成功
2017-03-26T05:35:52: 读取文件成功
2017-03-26T05:36:02: 读取文件成功
2017-03-26T05:36:12: 读取文件成功
2017-03-26T05:36:22: 读取文件成功
2017-03-26T05:36:32: 读取文件成功
2017-03-26T05:36:42: 读取文件成功
2017-03-26T05:36:52: 读取文件成功
2017-03-26T05:37:02: 读取文件成功
2017-03-26T05:37:12: 读取文件成功
2017-03-26T05:37:22: 读取文件成功
2017-03-26T05:37:32: 读取文件成功
2017-03-26T05:37:42: 读取文件成功
2017-03-26T05:37:52: 读取文件成功
2017-03-26T05:38:02: 读取文件成功
2017-03-26T05:38:12: 读取文件成功
2017-03-26T05:38:22: 读取文件成功
2017-03-26T05:38:32: 读取文件成功
2017-03-26T05:38:42: 读取文件成功
2017-03-26T05:38:52: 读取文件成功
2017-03-26T05:39:02: 读取文件成功
2017-03-26T05:39:12: 读取文件成功
2017-03-26T05:39:22: 读取文件成功
2017-03-26T05:39:32: 读取文件成功
2017-03-26T05:39:42: 读取文件成功
2017-03-26T05:39:52: 读取文件成功
2017-03-26T05:40:02: 读取文件成功
2017-03-26T05:40:12: 读取文件成功
2017-03-26T05:40:22: 读取文件成功
2017-03-26T05:40:32: 读取文件成功
2017-03-26T05:40:42: 读取文件成功
2017-03-26T05:40:52: 读取文件成功
2017-03-26T05:41:02: 读取文件成功
2017-03-26T05:41:12: 读取文件成功
2017-03-26T05:41:22: 读取文件成功
2017-03-26T05:41:32: 读取文件成功
2017-03-26T05:41:42: 读取文件成功
2017-03-26T05:41:52: 读取文件成功
2017-03-26T05:42:02: 读取文件成功
2017-03-26T05:42:12: 读取文件成功
2017-03-26T05:42:22: 读取文件成功
2017-03-26T05:42:32: 读取文件成功
2017-03-26T05:42:42: 读取文件成功
2017-03-26T05:42:52: 读取文件成功
2017-03-26T05:43:03: 读取文件成功
2017-03-26T05:43:13: 读取文件成功
2017-03-26T05:43:22: 读取文件成功
2017-03-26T05:43:32: 读取文件成功
2017-03-26T05:43:43: 读取文件成功
2017-03-26T05:43:52: 读取文件成功
2017-03-26T05:44:02: 读取文件成功
2017-03-26T05:44:12: 读取文件成功
2017-03-26T05:44:22: 读取文件成功
2017-03-26T05:44:32: 读取文件成功
2017-03-26T05:44:42: 读取文件成功
2017-03-26T05:44:52: 读取文件成功
2017-03-26T05:45:02: 读取文件成功
2017-03-26T05:45:12: 读取文件成功
2017-03-26T05:45:22: 读取文件成功
2017-03-26T05:45:32: 读取文件成功
2017-03-26T05:45:42: 读取文件成功
2017-03-26T05:45:52: 读取文件成功
2017-03-26T05:46:02: 读取文件成功
2017-03-26T05:46:12: 读取文件成功
2017-03-26T05:46:23: 读取文件成功
2017-03-26T05:46:33: 读取文件成功
2017-03-26T05:46:43: 读取文件成功
2017-03-26T05:46:52: 读取文件成功
2017-03-26T05:47:02: 读取文件成功
2017-03-26T05:47:12: 读取文件成功
2017-03-26T05:47:22: 读取文件成功
2017-03-26T05:47:32: 读取文件成功
2017-03-26T05:47:42: 读取文件成功
2017-03-26T05:47:52: 读取文件成功
2017-03-26T05:48:02: 读取文件成功
2017-03-26T05:48:12: 读取文件成功
2017-03-26T05:48:22: 读取文件成功
2017-03-26T05:48:32: 读取文件成功
2017-03-26T05:48:42: 读取文件成功
2017-03-26T05:48:52: 读取文件成功
2017-03-26T05:49:02: 读取文件成功
2017-03-26T05:49:12: 读取文件成功
2017-03-26T05:49:22: 读取文件成功
2017-03-26T05:49:32: 读取文件成功
2017-03-26T05:49:42: 读取文件成功
2017-03-26T05:49:52: 读取文件成功
2017-03-26T05:50:02: 读取文件成功
2017-03-26T05:50:12: 读取文件成功
2017-03-26T05:50:22: 读取文件成功
2017-03-26T05:50:32: 读取文件成功
2017-03-26T05:50:42: 读取文件成功
2017-03-26T05:50:52: 读取文件成功
2017-03-26T05:51:02: 读取文件成功
2017-03-26T05:51:13: 读取文件成功
2017-03-26T05:51:22: 读取文件成功
2017-03-26T05:51:33: 读取文件成功
2017-03-26T05:51:43: 读取文件成功
2017-03-26T05:51:53: 读取文件成功
2017-03-26T05:52:03: 读取文件成功
2017-03-26T05:52:13: 读取文件成功
2017-03-26T05:52:23: 读取文件成功
2017-03-26T05:52:33: 读取文件成功
2017-03-26T05:52:43: 读取文件成功
2017-03-26T05:52:53: 读取文件成功
2017-03-26T05:53:03: 读取文件成功
2017-03-26T05:53:13: 读取文件成功
2017-03-26T05:53:23: 读取文件成功
2017-03-26T05:53:33: 读取文件成功
2017-03-26T05:53:43: 读取文件成功
2017-03-26T05:53:53: 读取文件成功
2017-03-26T05:54:03: 读取文件成功
2017-03-26T05:54:13: 读取文件成功
2017-03-26T05:54:23: 读取文件成功
2017-03-26T05:54:33: 读取文件成功
2017-03-26T05:54:43: 读取文件成功
2017-03-26T05:54:53: 读取文件成功
2017-03-26T05:55:03: 读取文件成功
2017-03-26T05:55:13: 读取文件成功
2017-03-26T05:55:23: 读取文件成功
2017-03-26T05:55:33: 读取文件成功
2017-03-26T05:55:43: 读取文件成功
2017-03-26T05:55:53: 读取文件成功
2017-03-26T05:56:03: 读取文件成功
2017-03-26T05:56:13: 读取文件成功
2017-03-26T05:56:23: 读取文件成功
2017-03-26T05:56:33: 读取文件成功
2017-03-26T05:56:43: 读取文件成功
2017-03-26T05:56:53: 读取文件成功
2017-03-26T05:57:03: 读取文件成功
2017-03-26T05:57:13: 读取文件成功
2017-03-26T05:57:23: 读取文件成功
2017-03-26T05:57:33: 读取文件成功
2017-03-26T05:57:43: 读取文件成功
2017-03-26T05:57:53: 读取文件成功
2017-03-26T05:58:03: 读取文件成功
2017-03-26T05:58:13: 读取文件成功
2017-03-26T05:58:23: 读取文件成功
2017-03-26T05:58:33: 读取文件成功
2017-03-26T05:58:43: 读取文件成功
2017-03-26T05:58:53: 读取文件成功
2017-03-26T05:59:03: 读取文件成功
2017-03-26T05:59:13: 读取文件成功
2017-03-26T05:59:23: 读取文件成功
2017-03-26T05:59:33: 读取文件成功
2017-03-26T05:59:43: 读取文件成功
2017-03-26T05:59:53: 读取文件成功
2017-03-26T06:00:03: 读取文件成功
2017-03-26T06:00:13: 读取文件成功
2017-03-26T06:00:23: 读取文件成功
2017-03-26T06:00:33: 读取文件成功
2017-03-26T06:00:43: 读取文件成功
2017-03-26T06:00:53: 读取文件成功
2017-03-26T06:01:03: 读取文件成功
2017-03-26T06:01:13: 读取文件成功
2017-03-26T06:01:23: 读取文件成功
2017-03-26T06:01:33: 读取文件成功
2017-03-26T06:01:43: 读取文件成功
2017-03-26T06:01:53: 读取文件成功
2017-03-26T06:02:03: 读取文件成功
2017-03-26T06:02:13: 读取文件成功
2017-03-26T06:02:23: 读取文件成功
2017-03-26T06:02:33: 读取文件成功
2017-03-26T06:02:43: 读取文件成功
2017-03-26T06:02:53: 读取文件成功
2017-03-26T06:03:03: 读取文件成功
2017-03-26T06:03:13: 读取文件成功
2017-03-26T06:03:23: 读取文件成功
2017-03-26T06:03:33: 读取文件成功
2017-03-26T06:03:43: 读取文件成功
2017-03-26T06:03:53: 读取文件成功
2017-03-26T06:04:03: 读取文件成功
2017-03-26T06:04:13: 读取文件成功
2017-03-26T06:04:23: 读取文件成功
2017-03-26T06:04:33: 读取文件成功
2017-03-26T06:04:43: 读取文件成功
2017-03-26T06:04:53: 读取文件成功
2017-03-26T06:05:03: 读取文件成功
2017-03-26T06:05:13: 读取文件成功
2017-03-26T06:05:23: 读取文件成功
2017-03-26T06:05:33: 读取文件成功
2017-03-26T06:05:43: 读取文件成功
2017-03-26T06:05:53: 读取文件成功
2017-03-26T06:06:03: 读取文件成功
2017-03-26T06:06:13: 读取文件成功
2017-03-26T06:06:23: 读取文件成功
2017-03-26T06:06:33: 读取文件成功
2017-03-26T06:06:43: 读取文件成功
2017-03-26T06:06:53: 读取文件成功
2017-03-26T06:07:03: 读取文件成功
2017-03-26T06:07:13: 读取文件成功
2017-03-26T06:07:23: 读取文件成功
2017-03-26T06:07:33: 读取文件成功
2017-03-26T06:07:43: 读取文件成功
2017-03-26T06:07:53: 读取文件成功
2017-03-26T06:08:03: 读取文件成功
2017-03-26T06:08:13: 读取文件成功
2017-03-26T06:08:23: 读取文件成功
2017-03-26T06:08:33: 读取文件成功
2017-03-26T06:08:43: 读取文件成功
2017-03-26T06:08:53: 读取文件成功
2017-03-26T06:09:03: 读取文件成功
2017-03-26T06:09:13: 读取文件成功
2017-03-26T06:09:23: 读取文件成功
2017-03-26T06:09:33: 读取文件成功
2017-03-26T06:09:43: 读取文件成功
2017-03-26T06:09:53: 读取文件成功
2017-03-26T06:10:03: 读取文件成功
2017-03-26T06:10:13: 读取文件成功
2017-03-26T06:10:23: 读取文件成功
2017-03-26T06:10:33: 读取文件成功
2017-03-26T06:10:43: 读取文件成功
2017-03-26T06:10:53: 读取文件成功
2017-03-26T06:11:03: 读取文件成功
2017-03-26T06:11:13: 读取文件成功
2017-03-26T06:11:24: 读取文件成功
2017-03-26T06:11:35: 读取文件成功
2017-03-26T06:11:44: 读取文件成功
2017-03-26T06:11:54: 读取文件成功
2017-03-26T06:12:19: 读取文件成功
2017-03-26T06:12:39: 读取文件成功
2017-03-26T06:12:40: 读取文件成功
2017-03-26T06:12:42: 读取文件成功
2017-03-26T06:12:44: 读取文件成功
2017-03-26T06:12:54: 读取文件成功
2017-03-26T06:13:06: 读取文件成功
2017-03-26T06:13:14: 读取文件成功
2017-03-26T06:13:45: 读取文件成功
2017-03-26T06:13:55: 读取文件成功
2017-03-26T06:13:59: 读取文件成功
2017-03-26T06:14:09: 读取文件成功
2017-03-26T06:14:19: 读取文件成功
2017-03-26T06:14:25: 读取文件成功
2017-03-26T06:14:40: 读取文件成功
2017-03-26T06:14:54: 读取文件成功
2017-03-26T06:15:02: 读取文件成功
2017-03-26T06:15:04: 读取文件成功
2017-03-26T06:15:06: 读取文件成功
2017-03-26T06:15:15: 读取文件成功
2017-03-26T06:15:26: 读取文件成功
2017-03-26T06:15:35: 读取文件成功
2017-03-26T06:15:44: 读取文件成功
2017-03-26T06:15:54: 读取文件成功
2017-03-26T06:16:04: 读取文件成功
2017-03-26T06:16:14: 读取文件成功
2017-03-26T06:16:24: 读取文件成功
2017-03-26T06:16:34: 读取文件成功
2017-03-26T06:16:44: 读取文件成功
2017-03-26T06:16:54: 读取文件成功
2017-03-26T06:17:04: 读取文件成功
2017-03-26T06:17:14: 读取文件成功
2017-03-26T06:17:24: 读取文件成功
2017-03-26T06:17:34: 读取文件成功
2017-03-26T06:17:44: 读取文件成功
2017-03-26T06:17:54: 读取文件成功
2017-03-26T06:18:04: 读取文件成功
2017-03-26T06:18:14: 读取文件成功
2017-03-26T06:18:24: 读取文件成功
2017-03-26T06:18:34: 读取文件成功
2017-03-26T06:18:44: 读取文件成功
2017-03-26T06:18:54: 读取文件成功
2017-03-26T06:19:04: 读取文件成功
2017-03-26T06:19:14: 读取文件成功
2017-03-26T06:19:24: 读取文件成功
2017-03-26T06:19:34: 读取文件成功
2017-03-26T06:19:44: 读取文件成功
2017-03-26T06:19:54: 读取文件成功
2017-03-26T06:20:04: 读取文件成功
2017-03-26T06:20:14: 读取文件成功
2017-03-26T06:20:24: 读取文件成功
2017-03-26T06:20:34: 读取文件成功
2017-03-26T06:20:44: 读取文件成功
2017-03-26T06:20:54: 读取文件成功
2017-03-26T06:21:04: 读取文件成功
2017-03-26T06:21:14: 读取文件成功
2017-03-26T06:21:24: 读取文件成功
2017-03-26T06:21:34: 读取文件成功
2017-03-26T06:21:44: 读取文件成功
2017-03-26T06:21:54: 读取文件成功
2017-03-26T06:22:04: 读取文件成功
2017-03-26T06:22:14: 读取文件成功
2017-03-26T06:22:24: 读取文件成功
2017-03-26T06:22:34: 读取文件成功
2017-03-26T06:22:44: 读取文件成功
2017-03-26T06:22:54: 读取文件成功
2017-03-26T06:23:04: 读取文件成功
2017-03-26T06:23:14: 读取文件成功
2017-03-26T06:23:24: 读取文件成功
2017-03-26T06:23:34: 读取文件成功
2017-03-26T06:23:44: 读取文件成功
2017-03-26T06:23:54: 读取文件成功
2017-03-26T06:24:04: 读取文件成功
2017-03-26T06:24:14: 读取文件成功
2017-03-26T06:24:24: 读取文件成功
2017-03-26T06:24:34: 读取文件成功
2017-03-26T06:24:44: 读取文件成功
2017-03-26T06:24:54: 读取文件成功
2017-03-26T06:25:04: 读取文件成功
2017-03-26T06:25:14: 读取文件成功
2017-03-26T06:25:24: 读取文件成功
2017-03-26T06:25:34: 读取文件成功
2017-03-26T06:25:44: 读取文件成功
2017-03-26T06:25:54: 读取文件成功
2017-03-26T06:26:04: 读取文件成功
2017-03-26T06:26:14: 读取文件成功
2017-03-26T06:26:24: 读取文件成功
2017-03-26T06:26:34: 读取文件成功
2017-03-26T06:26:44: 读取文件成功
2017-03-26T06:26:54: 读取文件成功
2017-03-26T06:27:04: 读取文件成功
2017-03-26T06:27:14: 读取文件成功
2017-03-26T06:27:24: 读取文件成功
2017-03-26T06:27:34: 读取文件成功
2017-03-26T06:27:44: 读取文件成功
2017-03-26T06:27:54: 读取文件成功
2017-03-26T06:28:04: 读取文件成功
2017-03-26T06:28:14: 读取文件成功
2017-03-26T06:28:24: 读取文件成功
2017-03-26T06:28:34: 读取文件成功
2017-03-26T06:28:44: 读取文件成功
2017-03-26T06:28:54: 读取文件成功
2017-03-26T06:29:04: 读取文件成功
2017-03-26T06:29:14: 读取文件成功
2017-03-26T06:29:24: 读取文件成功
2017-03-26T06:29:34: 读取文件成功
2017-03-26T06:29:44: 读取文件成功
2017-03-26T06:29:54: 读取文件成功
2017-03-26T06:30:04: 读取文件成功
2017-03-26T06:30:14: 读取文件成功
2017-03-26T06:30:24: 读取文件成功
2017-03-26T06:30:34: 读取文件成功
2017-03-26T06:30:44: 读取文件成功
2017-03-26T06:30:54: 读取文件成功
2017-03-26T06:31:04: 读取文件成功
2017-03-26T06:31:14: 读取文件成功
2017-03-26T06:31:24: 读取文件成功
2017-03-26T06:31:34: 读取文件成功
2017-03-26T06:31:44: 读取文件成功
2017-03-26T06:31:54: 读取文件成功
2017-03-26T06:32:04: 读取文件成功
2017-03-26T06:32:14: 读取文件成功
2017-03-26T06:32:24: 读取文件成功
2017-03-26T06:32:34: 读取文件成功
2017-03-26T06:32:44: 读取文件成功
2017-03-26T06:32:54: 读取文件成功
2017-03-26T06:33:04: 读取文件成功
2017-03-26T06:33:14: 读取文件成功
2017-03-26T06:33:24: 读取文件成功
2017-03-26T06:33:34: 读取文件成功
2017-03-26T06:33:44: 读取文件成功
2017-03-26T06:33:54: 读取文件成功
2017-03-26T06:34:04: 读取文件成功
2017-03-26T06:34:14: 读取文件成功
2017-03-26T06:34:24: 读取文件成功
2017-03-26T06:34:34: 读取文件成功
2017-03-26T06:34:44: 读取文件成功
2017-03-26T06:34:54: 读取文件成功
2017-03-26T06:35:04: 读取文件成功
2017-03-26T06:35:14: 读取文件成功
2017-03-26T06:35:24: 读取文件成功
2017-03-26T06:35:34: 读取文件成功
2017-03-26T06:35:44: 读取文件成功
2017-03-26T06:35:54: 读取文件成功
2017-03-26T06:36:04: 读取文件成功
2017-03-26T06:36:14: 读取文件成功
2017-03-26T06:36:24: 读取文件成功
2017-03-26T06:36:34: 读取文件成功
2017-03-26T06:36:44: 读取文件成功
2017-03-26T06:36:55: 读取文件成功
2017-03-26T06:37:05: 读取文件成功
2017-03-26T06:37:15: 读取文件成功
2017-03-26T06:37:25: 读取文件成功
2017-03-26T06:37:35: 读取文件成功
2017-03-26T06:37:45: 读取文件成功
2017-03-26T06:37:55: 读取文件成功
2017-03-26T06:38:05: 读取文件成功
2017-03-26T06:38:15: 读取文件成功
2017-03-26T06:38:25: 读取文件成功
2017-03-26T06:38:35: 读取文件成功
2017-03-26T06:38:45: 读取文件成功
2017-03-26T06:38:55: 读取文件成功
2017-03-26T06:39:05: 读取文件成功
2017-03-26T06:39:15: 读取文件成功
2017-03-26T06:39:25: 读取文件成功
2017-03-26T06:39:35: 读取文件成功
2017-03-26T06:39:45: 读取文件成功
2017-03-26T06:39:55: 读取文件成功
2017-03-26T06:40:05: 读取文件成功
2017-03-26T06:40:15: 读取文件成功
2017-03-26T06:40:25: 读取文件成功
2017-03-26T06:40:35: 读取文件成功
2017-03-26T06:40:45: 读取文件成功
2017-03-26T06:40:55: 读取文件成功
2017-03-26T06:41:05: 读取文件成功
2017-03-26T06:41:15: 读取文件成功
2017-03-26T06:41:25: 读取文件成功
2017-03-26T06:41:35: 读取文件成功
2017-03-26T06:41:45: 读取文件成功
2017-03-26T06:41:56: 读取文件成功
2017-03-26T06:42:05: 读取文件成功
2017-03-26T06:42:15: 读取文件成功
2017-03-26T06:42:25: 读取文件成功
2017-03-26T06:42:37: 读取文件成功
2017-03-26T06:42:56: 读取文件成功
2017-03-26T06:42:57: 读取文件成功
2017-03-26T06:43:13: 读取文件成功
2017-03-26T06:43:15: 读取文件成功
2017-03-26T06:43:40: 读取文件成功
2017-03-26T06:43:48: 读取文件成功
2017-03-26T06:44:08: 读取文件成功
2017-03-26T06:44:24: 读取文件成功
2017-03-26T06:44:25: 读取文件成功
2017-03-26T06:44:49: 读取文件成功
2017-03-26T06:44:58: 读取文件成功
2017-03-26T06:45:00: 读取文件成功
2017-03-26T06:45:01: 读取文件成功
2017-03-26T06:45:10: 读取文件成功
2017-03-26T06:45:17: 读取文件成功
2017-03-26T06:45:28: 读取文件成功
2017-03-26T06:45:35: 读取文件成功
2017-03-26T06:45:45: 读取文件成功
2017-03-26T06:45:57: 读取文件成功
2017-03-26T06:46:07: 读取文件成功
2017-03-26T06:46:15: 读取文件成功
2017-03-26T06:46:25: 读取文件成功
2017-03-26T06:46:35: 读取文件成功
2017-03-26T06:46:45: 读取文件成功
2017-03-26T06:46:55: 读取文件成功
2017-03-26T06:47:05: 读取文件成功
2017-03-26T06:47:15: 读取文件成功
2017-03-26T06:47:25: 读取文件成功
2017-03-26T06:47:35: 读取文件成功
2017-03-26T06:47:45: 读取文件成功
2017-03-26T06:47:55: 读取文件成功
2017-03-26T06:48:05: 读取文件成功
2017-03-26T06:48:15: 读取文件成功
2017-03-26T06:48:25: 读取文件成功
2017-03-26T06:48:35: 读取文件成功
2017-03-26T06:48:45: 读取文件成功
2017-03-26T06:48:55: 读取文件成功
2017-03-26T06:49:05: 读取文件成功
2017-03-26T06:49:15: 读取文件成功
2017-03-26T06:49:25: 读取文件成功
2017-03-26T06:49:35: 读取文件成功
2017-03-26T06:49:45: 读取文件成功
2017-03-26T06:49:55: 读取文件成功
2017-03-26T06:50:05: 读取文件成功
2017-03-26T06:50:15: 读取文件成功
2017-03-26T06:50:25: 读取文件成功
2017-03-26T06:50:35: 读取文件成功
2017-03-26T06:50:45: 读取文件成功
2017-03-26T06:50:55: 读取文件成功
2017-03-26T06:51:05: 读取文件成功
2017-03-26T06:51:15: 读取文件成功
2017-03-26T06:51:25: 读取文件成功
2017-03-26T06:51:35: 读取文件成功
2017-03-26T06:51:45: 读取文件成功
2017-03-26T06:51:55: 读取文件成功
2017-03-26T06:52:05: 读取文件成功
2017-03-26T06:52:15: 读取文件成功
2017-03-26T06:52:25: 读取文件成功
2017-03-26T06:52:35: 读取文件成功
2017-03-26T06:52:45: 读取文件成功
2017-03-26T06:52:55: 读取文件成功
2017-03-26T06:53:05: 读取文件成功
2017-03-26T06:53:15: 读取文件成功
2017-03-26T06:53:25: 读取文件成功
2017-03-26T06:53:35: 读取文件成功
2017-03-26T06:53:45: 读取文件成功
2017-03-26T06:53:55: 读取文件成功
2017-03-26T06:54:05: 读取文件成功
2017-03-26T06:54:15: 读取文件成功
2017-03-26T06:54:25: 读取文件成功
2017-03-26T06:54:35: 读取文件成功
2017-03-26T06:54:45: 读取文件成功
2017-03-26T06:54:55: 读取文件成功
2017-03-26T06:55:05: 读取文件成功
2017-03-26T06:55:15: 读取文件成功
2017-03-26T06:55:25: 读取文件成功
2017-03-26T06:55:35: 读取文件成功
2017-03-26T06:55:45: 读取文件成功
2017-03-26T06:55:55: 读取文件成功
2017-03-26T06:56:05: 读取文件成功
2017-03-26T06:56:15: 读取文件成功
2017-03-26T06:56:25: 读取文件成功
2017-03-26T06:56:35: 读取文件成功
2017-03-26T06:56:45: 读取文件成功
2017-03-26T06:56:55: 读取文件成功
2017-03-26T06:57:05: 读取文件成功
2017-03-26T06:57:15: 读取文件成功
2017-03-26T06:57:25: 读取文件成功
2017-03-26T06:57:35: 读取文件成功
2017-03-26T06:57:45: 读取文件成功
2017-03-26T06:57:55: 读取文件成功
2017-03-26T06:58:05: 读取文件成功
2017-03-26T06:58:15: 读取文件成功
2017-03-26T06:58:25: 读取文件成功
2017-03-26T06:58:35: 读取文件成功
2017-03-26T06:58:45: 读取文件成功
2017-03-26T06:58:55: 读取文件成功
2017-03-26T06:59:05: 读取文件成功
