2017-08-05T00:00:45: 非记录时间：2017-08-05T00:00:45+08:00
2017-08-05T00:01:45: 非记录时间：2017-08-05T00:01:45+08:00
2017-08-05T00:02:45: 非记录时间：2017-08-05T00:02:45+08:00
2017-08-05T00:03:45: 非记录时间：2017-08-05T00:03:45+08:00
2017-08-05T00:04:45: 非记录时间：2017-08-05T00:04:45+08:00
2017-08-05T00:05:45: 非记录时间：2017-08-05T00:05:45+08:00
2017-08-05T00:06:45: 非记录时间：2017-08-05T00:06:45+08:00
2017-08-05T00:07:45: 非记录时间：2017-08-05T00:07:45+08:00
2017-08-05T00:08:45: 非记录时间：2017-08-05T00:08:45+08:00
2017-08-05T00:09:45: 非记录时间：2017-08-05T00:09:45+08:00
2017-08-05T00:10:45: 非记录时间：2017-08-05T00:10:45+08:00
2017-08-05T00:11:45: 非记录时间：2017-08-05T00:11:45+08:00
2017-08-05T00:12:45: 非记录时间：2017-08-05T00:12:45+08:00
2017-08-05T00:13:45: 非记录时间：2017-08-05T00:13:45+08:00
2017-08-05T00:14:45: 非记录时间：2017-08-05T00:14:45+08:00
2017-08-05T00:15:45: 非记录时间：2017-08-05T00:15:45+08:00
2017-08-05T00:16:45: 非记录时间：2017-08-05T00:16:45+08:00
2017-08-05T00:17:45: 非记录时间：2017-08-05T00:17:45+08:00
2017-08-05T00:18:45: 非记录时间：2017-08-05T00:18:45+08:00
2017-08-05T00:19:45: 非记录时间：2017-08-05T00:19:45+08:00
2017-08-05T00:20:45: 非记录时间：2017-08-05T00:20:45+08:00
2017-08-05T00:21:45: 非记录时间：2017-08-05T00:21:45+08:00
2017-08-05T00:22:45: 非记录时间：2017-08-05T00:22:45+08:00
2017-08-05T00:23:45: 非记录时间：2017-08-05T00:23:45+08:00
2017-08-05T00:24:45: 非记录时间：2017-08-05T00:24:45+08:00
2017-08-05T00:25:45: 非记录时间：2017-08-05T00:25:45+08:00
2017-08-05T00:26:45: 非记录时间：2017-08-05T00:26:45+08:00
2017-08-05T00:27:45: 非记录时间：2017-08-05T00:27:45+08:00
2017-08-05T00:28:45: 非记录时间：2017-08-05T00:28:45+08:00
2017-08-05T00:29:45: 非记录时间：2017-08-05T00:29:45+08:00
2017-08-05T00:30:45: 非记录时间：2017-08-05T00:30:45+08:00
2017-08-05T00:31:45: 非记录时间：2017-08-05T00:31:45+08:00
2017-08-05T00:32:45: 非记录时间：2017-08-05T00:32:45+08:00
2017-08-05T00:33:45: 非记录时间：2017-08-05T00:33:45+08:00
2017-08-05T00:34:45: 非记录时间：2017-08-05T00:34:45+08:00
2017-08-05T00:35:46: 非记录时间：2017-08-05T00:35:46+08:00
2017-08-05T00:36:46: 非记录时间：2017-08-05T00:36:46+08:00
2017-08-05T00:37:46: 非记录时间：2017-08-05T00:37:46+08:00
2017-08-05T00:38:46: 非记录时间：2017-08-05T00:38:46+08:00
2017-08-05T00:39:46: 非记录时间：2017-08-05T00:39:46+08:00
2017-08-05T00:40:46: 非记录时间：2017-08-05T00:40:46+08:00
2017-08-05T00:41:46: 非记录时间：2017-08-05T00:41:46+08:00
2017-08-05T00:42:46: 非记录时间：2017-08-05T00:42:46+08:00
2017-08-05T00:43:46: 非记录时间：2017-08-05T00:43:46+08:00
2017-08-05T00:44:46: 非记录时间：2017-08-05T00:44:46+08:00
2017-08-05T00:45:46: 非记录时间：2017-08-05T00:45:46+08:00
2017-08-05T00:46:46: 非记录时间：2017-08-05T00:46:46+08:00
2017-08-05T00:47:46: 非记录时间：2017-08-05T00:47:46+08:00
2017-08-05T00:48:46: 非记录时间：2017-08-05T00:48:46+08:00
2017-08-05T00:49:46: 非记录时间：2017-08-05T00:49:46+08:00
2017-08-05T00:50:46: 非记录时间：2017-08-05T00:50:46+08:00
2017-08-05T00:51:46: 非记录时间：2017-08-05T00:51:46+08:00
2017-08-05T00:52:46: 非记录时间：2017-08-05T00:52:46+08:00
2017-08-05T00:53:46: 非记录时间：2017-08-05T00:53:46+08:00
2017-08-05T00:54:46: 非记录时间：2017-08-05T00:54:46+08:00
2017-08-05T00:55:46: 非记录时间：2017-08-05T00:55:46+08:00
2017-08-05T00:56:46: 非记录时间：2017-08-05T00:56:46+08:00
2017-08-05T00:57:46: 非记录时间：2017-08-05T00:57:46+08:00
2017-08-05T00:58:46: 非记录时间：2017-08-05T00:58:46+08:00
2017-08-05T00:59:46: 非记录时间：2017-08-05T00:59:46+08:00
2017-08-05T01:00:46: 非记录时间：2017-08-05T01:00:46+08:00
2017-08-05T01:01:46: 非记录时间：2017-08-05T01:01:46+08:00
2017-08-05T01:02:46: 非记录时间：2017-08-05T01:02:46+08:00
2017-08-05T01:03:46: 非记录时间：2017-08-05T01:03:46+08:00
2017-08-05T01:04:46: 非记录时间：2017-08-05T01:04:46+08:00
2017-08-05T01:05:46: 非记录时间：2017-08-05T01:05:46+08:00
2017-08-05T01:06:46: 非记录时间：2017-08-05T01:06:46+08:00
2017-08-05T01:07:46: 非记录时间：2017-08-05T01:07:46+08:00
2017-08-05T01:08:46: 非记录时间：2017-08-05T01:08:46+08:00
2017-08-05T01:09:46: 非记录时间：2017-08-05T01:09:46+08:00
2017-08-05T01:10:46: 非记录时间：2017-08-05T01:10:46+08:00
2017-08-05T01:11:46: 读取文件失败，可能是该文件不存在
2017-08-05T01:11:46: Error: ENOENT: no such file or directory, open './data/2017-08-05.json'
2017-08-05T01:12:46: 读取文件成功
2017-08-05T01:13:46: 读取文件成功
2017-08-05T01:14:46: 读取文件成功
2017-08-05T01:15:46: 读取文件成功
2017-08-05T01:16:46: 读取文件成功
2017-08-05T01:17:46: 读取文件成功
2017-08-05T01:18:46: 读取文件成功
2017-08-05T01:19:46: 读取文件成功
2017-08-05T01:20:46: 读取文件成功
2017-08-05T01:21:46: 读取文件成功
2017-08-05T01:22:46: 读取文件成功
2017-08-05T01:23:46: 读取文件成功
2017-08-05T01:24:46: 读取文件成功
2017-08-05T01:25:46: 读取文件成功
2017-08-05T01:26:46: 读取文件成功
2017-08-05T01:27:46: 读取文件成功
2017-08-05T01:28:46: 读取文件成功
2017-08-05T01:29:46: 读取文件成功
2017-08-05T01:30:46: 读取文件成功
2017-08-05T01:31:46: 读取文件成功
2017-08-05T01:32:46: 读取文件成功
2017-08-05T01:33:46: 读取文件成功
2017-08-05T01:34:46: 读取文件成功
2017-08-05T01:35:46: 读取文件成功
2017-08-05T01:36:46: 读取文件成功
2017-08-05T01:37:46: 读取文件成功
2017-08-05T01:38:46: 读取文件成功
2017-08-05T01:39:46: 读取文件成功
2017-08-05T01:40:46: 读取文件成功
2017-08-05T01:41:46: 读取文件成功
2017-08-05T01:42:46: 读取文件成功
2017-08-05T01:43:46: 读取文件成功
2017-08-05T01:44:46: 读取文件成功
2017-08-05T01:45:46: 读取文件成功
2017-08-05T01:46:46: 读取文件成功
2017-08-05T01:47:46: 读取文件成功
2017-08-05T01:48:46: 读取文件成功
2017-08-05T01:49:46: 读取文件成功
2017-08-05T01:50:46: 读取文件成功
2017-08-05T01:51:46: 读取文件成功
2017-08-05T01:52:46: 读取文件成功
2017-08-05T01:53:46: 读取文件成功
2017-08-05T01:54:46: 读取文件成功
2017-08-05T01:55:46: 读取文件成功
2017-08-05T01:56:46: 读取文件成功
2017-08-05T01:57:46: 读取文件成功
2017-08-05T01:58:46: 读取文件成功
2017-08-05T01:59:47: 读取文件成功
2017-08-05T02:00:46: 读取文件成功
2017-08-05T02:01:46: 读取文件成功
2017-08-05T02:02:46: 读取文件成功
2017-08-05T02:03:46: 读取文件成功
2017-08-05T02:04:46: 读取文件成功
2017-08-05T02:05:47: 读取文件成功
2017-08-05T02:06:47: 读取文件成功
2017-08-05T02:07:46: 读取文件成功
2017-08-05T02:08:47: 读取文件成功
2017-08-05T02:09:47: 读取文件成功
2017-08-05T02:10:47: 读取文件成功
2017-08-05T02:11:47: 读取文件成功
2017-08-05T02:12:47: 读取文件成功
2017-08-05T02:13:47: 读取文件成功
2017-08-05T02:14:47: 读取文件成功
2017-08-05T02:15:47: 读取文件成功
2017-08-05T02:16:47: 读取文件成功
2017-08-05T02:17:47: 读取文件成功
2017-08-05T02:18:47: 读取文件成功
2017-08-05T02:19:47: 读取文件成功
2017-08-05T02:20:47: 读取文件成功
2017-08-05T02:21:47: 读取文件成功
2017-08-05T02:22:47: 读取文件成功
2017-08-05T02:23:47: 读取文件成功
2017-08-05T02:24:47: 读取文件成功
2017-08-05T02:25:47: 读取文件成功
2017-08-05T02:26:47: 读取文件成功
2017-08-05T02:27:47: 读取文件成功
2017-08-05T02:28:47: 读取文件成功
2017-08-05T02:29:47: 读取文件成功
2017-08-05T02:30:47: 读取文件成功
2017-08-05T02:31:47: 读取文件成功
2017-08-05T02:32:47: 读取文件成功
2017-08-05T02:33:47: 读取文件成功
2017-08-05T02:34:47: 读取文件成功
2017-08-05T02:35:47: 读取文件成功
2017-08-05T02:36:47: 读取文件成功
2017-08-05T02:37:47: 读取文件成功
2017-08-05T02:38:47: 读取文件成功
2017-08-05T02:39:47: 读取文件成功
2017-08-05T02:40:47: 读取文件成功
2017-08-05T02:41:47: 读取文件成功
2017-08-05T02:42:47: 读取文件成功
2017-08-05T02:43:47: 读取文件成功
2017-08-05T02:44:47: 读取文件成功
2017-08-05T02:45:47: 读取文件成功
2017-08-05T02:46:47: 读取文件成功
2017-08-05T02:47:47: 读取文件成功
2017-08-05T02:48:47: 读取文件成功
2017-08-05T02:49:47: 读取文件成功
2017-08-05T02:50:47: 读取文件成功
2017-08-05T02:51:47: 读取文件成功
2017-08-05T02:52:47: 读取文件成功
2017-08-05T02:53:47: 读取文件成功
2017-08-05T02:54:47: 读取文件成功
2017-08-05T02:55:47: 读取文件成功
2017-08-05T02:56:47: 读取文件成功
2017-08-05T02:57:47: 读取文件成功
2017-08-05T02:58:47: 读取文件成功
2017-08-05T02:59:47: 读取文件成功
2017-08-05T03:00:47: 读取文件成功
2017-08-05T03:01:47: 读取文件成功
2017-08-05T03:02:47: 读取文件成功
2017-08-05T03:03:47: 读取文件成功
2017-08-05T03:04:47: 读取文件成功
2017-08-05T03:05:47: 读取文件成功
2017-08-05T03:06:47: 读取文件成功
2017-08-05T03:07:47: 读取文件成功
2017-08-05T03:08:47: 读取文件成功
2017-08-05T03:09:47: 读取文件成功
2017-08-05T03:10:47: 读取文件成功
2017-08-05T03:11:47: 读取文件成功
2017-08-05T03:12:47: 读取文件成功
2017-08-05T03:13:47: 读取文件成功
2017-08-05T03:14:47: 读取文件成功
2017-08-05T03:15:47: 读取文件成功
2017-08-05T03:16:47: 读取文件成功
2017-08-05T03:17:47: 读取文件成功
2017-08-05T03:18:47: 读取文件成功
2017-08-05T03:19:47: 读取文件成功
2017-08-05T03:20:47: 读取文件成功
2017-08-05T03:21:47: 读取文件成功
2017-08-05T03:22:47: 读取文件成功
2017-08-05T03:23:47: 读取文件成功
2017-08-05T03:24:47: 读取文件成功
2017-08-05T03:25:47: 读取文件成功
2017-08-05T03:26:47: 读取文件成功
2017-08-05T03:27:47: 读取文件成功
2017-08-05T03:28:48: 读取文件成功
2017-08-05T03:29:47: 读取文件成功
2017-08-05T03:30:47: 读取文件成功
2017-08-05T03:31:47: 读取文件成功
2017-08-05T03:32:47: 读取文件成功
2017-08-05T03:33:47: 读取文件成功
2017-08-05T03:34:48: 读取文件成功
2017-08-05T03:35:47: 读取文件成功
2017-08-05T03:36:47: 读取文件成功
2017-08-05T03:37:47: 读取文件成功
2017-08-05T03:38:47: 读取文件成功
2017-08-05T03:39:47: 读取文件成功
2017-08-05T03:40:48: 读取文件成功
2017-08-05T03:41:48: 读取文件成功
2017-08-05T03:42:48: 读取文件成功
2017-08-05T03:43:48: 读取文件成功
2017-08-05T03:44:48: 读取文件成功
2017-08-05T03:45:48: 读取文件成功
2017-08-05T03:46:48: 读取文件成功
2017-08-05T03:47:48: 读取文件成功
2017-08-05T03:48:48: 读取文件成功
2017-08-05T03:49:48: 读取文件成功
2017-08-05T03:50:48: 读取文件成功
2017-08-05T03:51:48: 读取文件成功
2017-08-05T03:52:48: 读取文件成功
2017-08-05T03:53:48: 读取文件成功
2017-08-05T03:54:48: 读取文件成功
2017-08-05T03:55:48: 读取文件成功
2017-08-05T03:56:48: 读取文件成功
2017-08-05T03:57:48: 读取文件成功
2017-08-05T03:58:48: 读取文件成功
2017-08-05T03:59:48: 读取文件成功
2017-08-05T04:00:48: 读取文件成功
2017-08-05T04:01:48: 读取文件成功
2017-08-05T04:02:48: 读取文件成功
2017-08-05T04:03:48: 读取文件成功
2017-08-05T04:04:48: 读取文件成功
2017-08-05T04:05:48: 读取文件成功
2017-08-05T04:06:48: 读取文件成功
2017-08-05T04:07:48: 读取文件成功
2017-08-05T04:08:48: 读取文件成功
2017-08-05T04:09:48: 读取文件成功
2017-08-05T04:10:48: 读取文件成功
2017-08-05T04:11:48: 读取文件成功
2017-08-05T04:12:48: 读取文件成功
2017-08-05T04:13:48: 读取文件成功
2017-08-05T04:14:48: 读取文件成功
2017-08-05T04:15:48: 读取文件成功
2017-08-05T04:16:48: 读取文件成功
2017-08-05T04:17:48: 读取文件成功
2017-08-05T04:18:48: 读取文件成功
2017-08-05T04:19:48: 读取文件成功
2017-08-05T04:20:48: 读取文件成功
2017-08-05T04:21:48: 读取文件成功
2017-08-05T04:22:48: 读取文件成功
2017-08-05T04:23:48: 读取文件成功
2017-08-05T04:24:48: 读取文件成功
2017-08-05T04:25:48: 读取文件成功
2017-08-05T04:26:48: 读取文件成功
2017-08-05T04:27:48: 读取文件成功
2017-08-05T04:28:48: 读取文件成功
2017-08-05T04:29:48: 读取文件成功
2017-08-05T04:30:48: 读取文件成功
2017-08-05T04:31:48: 读取文件成功
2017-08-05T04:32:48: 读取文件成功
2017-08-05T04:33:48: 读取文件成功
2017-08-05T04:34:48: 读取文件成功
2017-08-05T04:35:48: 读取文件成功
2017-08-05T04:36:48: 读取文件成功
2017-08-05T04:37:48: 读取文件成功
2017-08-05T04:38:48: 读取文件成功
2017-08-05T04:39:48: 读取文件成功
2017-08-05T04:40:48: 读取文件成功
2017-08-05T04:41:48: 读取文件成功
2017-08-05T04:42:48: 读取文件成功
2017-08-05T04:43:48: 读取文件成功
2017-08-05T04:44:48: 读取文件成功
2017-08-05T04:45:48: 读取文件成功
2017-08-05T04:46:48: 读取文件成功
2017-08-05T04:47:48: 读取文件成功
2017-08-05T04:48:48: 读取文件成功
2017-08-05T04:49:48: 读取文件成功
2017-08-05T04:50:48: 读取文件成功
2017-08-05T04:51:48: 读取文件成功
2017-08-05T04:52:48: 读取文件成功
2017-08-05T04:53:48: 读取文件成功
2017-08-05T04:54:48: 读取文件成功
2017-08-05T04:55:48: 读取文件成功
2017-08-05T04:56:48: 读取文件成功
2017-08-05T04:57:48: 读取文件成功
2017-08-05T04:58:48: 读取文件成功
2017-08-05T04:59:48: 读取文件成功
2017-08-05T05:00:48: 读取文件成功
2017-08-05T05:01:48: 读取文件成功
2017-08-05T05:02:48: 读取文件成功
2017-08-05T05:03:48: 读取文件成功
2017-08-05T05:04:48: 读取文件成功
2017-08-05T05:05:48: 读取文件成功
2017-08-05T05:06:48: 读取文件成功
2017-08-05T05:07:48: 读取文件成功
2017-08-05T05:08:48: 读取文件成功
2017-08-05T05:09:49: 读取文件成功
2017-08-05T05:10:48: 读取文件成功
2017-08-05T05:11:48: 读取文件成功
2017-08-05T05:12:48: 读取文件成功
2017-08-05T05:13:48: 读取文件成功
2017-08-05T05:14:48: 读取文件成功
2017-08-05T05:15:49: 读取文件成功
2017-08-05T05:16:49: 读取文件成功
2017-08-05T05:17:49: 读取文件成功
2017-08-05T05:18:49: 读取文件成功
2017-08-05T05:19:49: 读取文件成功
2017-08-05T05:20:49: 读取文件成功
2017-08-05T05:21:49: 读取文件成功
2017-08-05T05:22:49: 读取文件成功
2017-08-05T05:23:49: 读取文件成功
2017-08-05T05:24:49: 读取文件成功
2017-08-05T05:25:49: 读取文件成功
2017-08-05T05:26:49: 读取文件成功
2017-08-05T05:27:49: 读取文件成功
2017-08-05T05:28:49: 读取文件成功
2017-08-05T05:29:49: 读取文件成功
2017-08-05T05:30:49: 读取文件成功
2017-08-05T05:31:49: 读取文件成功
2017-08-05T05:32:49: 读取文件成功
2017-08-05T05:33:49: 读取文件成功
2017-08-05T05:34:49: 读取文件成功
2017-08-05T05:35:49: 读取文件成功
2017-08-05T05:36:49: 读取文件成功
2017-08-05T05:37:49: 读取文件成功
2017-08-05T05:38:49: 读取文件成功
2017-08-05T05:39:49: 读取文件成功
2017-08-05T05:40:49: 读取文件成功
2017-08-05T05:41:49: 读取文件成功
2017-08-05T05:42:49: 读取文件成功
2017-08-05T05:43:49: 读取文件成功
2017-08-05T05:44:49: 读取文件成功
2017-08-05T05:45:49: 读取文件成功
2017-08-05T05:46:49: 读取文件成功
2017-08-05T05:47:49: 读取文件成功
2017-08-05T05:48:49: 读取文件成功
2017-08-05T05:49:49: 读取文件成功
2017-08-05T05:50:49: 读取文件成功
2017-08-05T05:51:49: 读取文件成功
2017-08-05T05:52:49: 读取文件成功
2017-08-05T05:53:49: 读取文件成功
2017-08-05T05:54:49: 读取文件成功
2017-08-05T05:55:49: 读取文件成功
2017-08-05T05:56:49: 读取文件成功
2017-08-05T05:57:49: 读取文件成功
2017-08-05T05:58:49: 读取文件成功
2017-08-05T05:59:49: 读取文件成功
2017-08-05T06:00:49: 读取文件成功
2017-08-05T06:01:49: 读取文件成功
2017-08-05T06:02:49: 读取文件成功
2017-08-05T06:03:49: 读取文件成功
2017-08-05T06:04:49: 读取文件成功
2017-08-05T06:05:49: 读取文件成功
2017-08-05T06:06:49: 读取文件成功
2017-08-05T06:07:49: 读取文件成功
2017-08-05T06:08:49: 读取文件成功
2017-08-05T06:09:49: 读取文件成功
2017-08-05T06:10:49: 读取文件成功
2017-08-05T06:11:49: 读取文件成功
2017-08-05T06:12:49: 读取文件成功
2017-08-05T06:13:49: 读取文件成功
2017-08-05T06:14:49: 读取文件成功
2017-08-05T06:15:49: 读取文件成功
2017-08-05T06:16:49: 读取文件成功
2017-08-05T06:17:49: 读取文件成功
2017-08-05T06:18:49: 读取文件成功
2017-08-05T06:19:49: 读取文件成功
2017-08-05T06:20:49: 读取文件成功
2017-08-05T06:21:49: 读取文件成功
2017-08-05T06:22:49: 读取文件成功
2017-08-05T06:23:49: 读取文件成功
2017-08-05T06:24:49: 读取文件成功
2017-08-05T06:25:49: 读取文件成功
2017-08-05T06:26:49: 读取文件成功
2017-08-05T06:27:49: 读取文件成功
2017-08-05T06:28:49: 读取文件成功
2017-08-05T06:29:49: 读取文件成功
2017-08-05T06:30:49: 读取文件成功
2017-08-05T06:31:49: 读取文件成功
2017-08-05T06:32:49: 读取文件成功
2017-08-05T06:33:49: 读取文件成功
2017-08-05T06:34:49: 读取文件成功
2017-08-05T06:35:49: 读取文件成功
2017-08-05T06:36:49: 读取文件成功
2017-08-05T06:37:49: 读取文件成功
2017-08-05T06:38:49: 读取文件成功
2017-08-05T06:39:49: 读取文件成功
2017-08-05T06:40:49: 读取文件成功
2017-08-05T06:41:49: 读取文件成功
2017-08-05T06:42:49: 读取文件成功
2017-08-05T06:43:49: 读取文件成功
2017-08-05T06:44:50: 读取文件成功
2017-08-05T06:45:49: 读取文件成功
2017-08-05T06:46:49: 读取文件成功
2017-08-05T06:47:49: 读取文件成功
2017-08-05T06:48:49: 读取文件成功
2017-08-05T06:49:49: 读取文件成功
2017-08-05T06:50:50: 读取文件成功
2017-08-05T06:51:49: 读取文件成功
2017-08-05T06:52:49: 读取文件成功
2017-08-05T06:53:49: 读取文件成功
2017-08-05T06:54:49: 读取文件成功
2017-08-05T06:55:49: 读取文件成功
2017-08-05T06:56:50: 读取文件成功
2017-08-05T06:57:49: 读取文件成功
2017-08-05T06:58:50: 读取文件成功
2017-08-05T06:59:50: 读取文件成功
2017-08-05T07:00:50: 读取文件成功
2017-08-05T07:01:50: 读取文件成功
2017-08-05T07:02:50: 读取文件成功
2017-08-05T07:03:50: 读取文件成功
2017-08-05T07:04:50: 读取文件成功
2017-08-05T07:05:50: 读取文件成功
2017-08-05T07:06:50: 读取文件成功
2017-08-05T07:07:50: 读取文件成功
2017-08-05T07:08:50: 读取文件成功
2017-08-05T07:09:50: 读取文件成功
2017-08-05T07:10:50: 读取文件成功
2017-08-05T07:11:50: 读取文件成功
2017-08-05T07:12:50: 读取文件成功
2017-08-05T07:13:50: 读取文件成功
2017-08-05T07:14:50: 读取文件成功
2017-08-05T07:15:50: 读取文件成功
2017-08-05T07:16:50: 读取文件成功
2017-08-05T07:17:50: 读取文件成功
2017-08-05T07:18:50: 读取文件成功
2017-08-05T07:19:50: 读取文件成功
2017-08-05T07:20:50: 读取文件成功
2017-08-05T07:21:50: 读取文件成功
2017-08-05T07:22:50: 读取文件成功
2017-08-05T07:23:50: 读取文件成功
2017-08-05T07:24:50: 读取文件成功
2017-08-05T07:25:50: 读取文件成功
2017-08-05T07:26:50: 读取文件成功
2017-08-05T07:27:50: 读取文件成功
2017-08-05T07:28:50: 读取文件成功
2017-08-05T07:29:50: 读取文件成功
2017-08-05T07:30:50: 读取文件成功
2017-08-05T07:31:50: 读取文件成功
2017-08-05T07:32:50: 读取文件成功
2017-08-05T07:33:50: 读取文件成功
2017-08-05T07:34:50: 读取文件成功
2017-08-05T07:35:50: 读取文件成功
2017-08-05T07:36:50: 读取文件成功
2017-08-05T07:37:50: 读取文件成功
2017-08-05T07:38:50: 读取文件成功
2017-08-05T07:39:50: 读取文件成功
2017-08-05T07:40:50: 读取文件成功
2017-08-05T07:41:50: 读取文件成功
2017-08-05T07:42:50: 读取文件成功
2017-08-05T07:43:50: 读取文件成功
2017-08-05T07:44:50: 读取文件成功
2017-08-05T07:45:50: 读取文件成功
2017-08-05T07:46:50: 读取文件成功
2017-08-05T07:47:50: 读取文件成功
2017-08-05T07:48:50: 读取文件成功
2017-08-05T07:49:50: 读取文件成功
2017-08-05T07:50:50: 读取文件成功
2017-08-05T07:51:50: 读取文件成功
2017-08-05T07:52:50: 读取文件成功
2017-08-05T07:53:50: 读取文件成功
2017-08-05T07:54:50: 读取文件成功
2017-08-05T07:55:50: 读取文件成功
2017-08-05T07:56:50: 读取文件成功
2017-08-05T07:57:50: 读取文件成功
2017-08-05T07:58:50: 读取文件成功
2017-08-05T07:59:50: 读取文件成功
2017-08-05T08:00:50: 读取文件成功
2017-08-05T08:01:50: 读取文件成功
2017-08-05T08:02:50: 读取文件成功
2017-08-05T08:03:50: 读取文件成功
2017-08-05T08:04:50: 读取文件成功
2017-08-05T08:05:50: 读取文件成功
2017-08-05T08:06:50: 读取文件成功
2017-08-05T08:07:50: 读取文件成功
2017-08-05T08:08:50: 读取文件成功
2017-08-05T08:09:50: 读取文件成功
2017-08-05T08:10:50: 读取文件成功
2017-08-05T08:11:50: 读取文件成功
2017-08-05T08:12:50: 读取文件成功
2017-08-05T08:13:50: 读取文件成功
2017-08-05T08:14:50: 读取文件成功
2017-08-05T08:15:50: 读取文件成功
2017-08-05T08:16:50: 读取文件成功
2017-08-05T08:17:50: 读取文件成功
2017-08-05T08:18:50: 读取文件成功
2017-08-05T08:19:50: 读取文件成功
2017-08-05T08:20:50: 读取文件成功
2017-08-05T08:21:50: 读取文件成功
2017-08-05T08:22:50: 读取文件成功
2017-08-05T08:23:50: 读取文件成功
2017-08-05T08:24:50: 读取文件成功
2017-08-05T08:25:50: 读取文件成功
2017-08-05T08:26:50: 读取文件成功
2017-08-05T08:27:50: 读取文件成功
2017-08-05T08:28:50: 读取文件成功
2017-08-05T08:29:50: 读取文件成功
2017-08-05T08:30:50: 读取文件成功
2017-08-05T08:31:50: 读取文件成功
2017-08-05T08:32:50: 读取文件成功
2017-08-05T08:33:50: 读取文件成功
2017-08-05T08:34:50: 读取文件成功
2017-08-05T08:35:50: 读取文件成功
2017-08-05T08:36:50: 读取文件成功
2017-08-05T08:37:50: 读取文件成功
2017-08-05T08:38:51: 读取文件成功
2017-08-05T08:39:50: 读取文件成功
2017-08-05T08:40:50: 读取文件成功
2017-08-05T08:41:50: 读取文件成功
2017-08-05T08:42:50: 读取文件成功
2017-08-05T08:43:51: 读取文件成功
2017-08-05T08:44:50: 读取文件成功
2017-08-05T08:45:50: 读取文件成功
2017-08-05T08:46:50: 读取文件成功
2017-08-05T08:47:50: 读取文件成功
2017-08-05T08:48:51: 读取文件成功
2017-08-05T08:49:51: 读取文件成功
2017-08-05T08:50:51: 读取文件成功
2017-08-05T08:51:51: 读取文件成功
2017-08-05T08:52:51: 读取文件成功
2017-08-05T08:53:51: 读取文件成功
2017-08-05T08:54:51: 读取文件成功
2017-08-05T08:55:51: 读取文件成功
2017-08-05T08:56:51: 读取文件成功
2017-08-05T08:57:51: 读取文件成功
2017-08-05T08:58:51: 读取文件成功
2017-08-05T08:59:51: 读取文件成功
2017-08-05T09:00:51: 读取文件成功
2017-08-05T09:01:51: 读取文件成功
2017-08-05T09:02:51: 读取文件成功
2017-08-05T09:03:51: 读取文件成功
2017-08-05T09:04:51: 读取文件成功
2017-08-05T09:05:51: 读取文件成功
2017-08-05T09:06:51: 读取文件成功
2017-08-05T09:07:51: 读取文件成功
2017-08-05T09:08:51: 读取文件成功
2017-08-05T09:09:51: 读取文件成功
2017-08-05T09:10:51: 读取文件成功
2017-08-05T09:11:51: 读取文件成功
2017-08-05T09:12:51: 读取文件成功
2017-08-05T09:13:51: 读取文件成功
2017-08-05T09:14:51: 读取文件成功
2017-08-05T09:15:51: 读取文件成功
2017-08-05T09:16:51: 读取文件成功
2017-08-05T09:17:51: 读取文件成功
2017-08-05T09:18:51: 读取文件成功
2017-08-05T09:19:51: 读取文件成功
2017-08-05T09:20:51: 读取文件成功
2017-08-05T09:21:51: 读取文件成功
2017-08-05T09:22:51: 读取文件成功
2017-08-05T09:23:51: 读取文件成功
2017-08-05T09:24:51: 读取文件成功
2017-08-05T09:25:51: 读取文件成功
2017-08-05T09:26:51: 读取文件成功
2017-08-05T09:27:51: 读取文件成功
2017-08-05T09:28:51: 读取文件成功
2017-08-05T09:29:51: 读取文件成功
2017-08-05T09:30:51: 读取文件成功
2017-08-05T09:31:51: 读取文件成功
2017-08-05T09:32:51: 读取文件成功
2017-08-05T09:33:51: 读取文件成功
2017-08-05T09:34:51: 读取文件成功
2017-08-05T09:35:51: 读取文件成功
2017-08-05T09:36:51: 读取文件成功
2017-08-05T09:37:51: 读取文件成功
2017-08-05T09:38:51: 读取文件成功
2017-08-05T09:39:51: 读取文件成功
2017-08-05T09:40:51: 读取文件成功
2017-08-05T09:41:51: 读取文件成功
2017-08-05T09:42:51: 读取文件成功
2017-08-05T09:43:51: 读取文件成功
2017-08-05T09:44:51: 读取文件成功
2017-08-05T09:45:51: 读取文件成功
2017-08-05T09:46:51: 读取文件成功
2017-08-05T09:47:51: 读取文件成功
2017-08-05T09:48:51: 读取文件成功
2017-08-05T09:49:51: 读取文件成功
2017-08-05T09:50:51: 读取文件成功
2017-08-05T09:51:51: 读取文件成功
2017-08-05T09:52:51: 读取文件成功
2017-08-05T09:53:51: 读取文件成功
2017-08-05T09:54:52: 读取文件成功
2017-08-05T09:55:51: 读取文件成功
2017-08-05T09:56:51: 读取文件成功
2017-08-05T09:57:51: 读取文件成功
2017-08-05T09:58:51: 读取文件成功
2017-08-05T09:59:51: 读取文件成功
2017-08-05T10:00:51: 读取文件成功
2017-08-05T10:01:51: 读取文件成功
2017-08-05T10:02:51: 读取文件成功
2017-08-05T10:03:51: 读取文件成功
2017-08-05T10:04:51: 读取文件成功
2017-08-05T10:05:51: 读取文件成功
2017-08-05T10:06:52: 读取文件成功
2017-08-05T10:07:51: 读取文件成功
2017-08-05T10:08:51: 读取文件成功
2017-08-05T10:09:51: 读取文件成功
2017-08-05T10:10:51: 读取文件成功
2017-08-05T10:11:51: 读取文件成功
2017-08-05T10:12:52: 读取文件成功
2017-08-05T10:13:51: 读取文件成功
2017-08-05T10:14:51: 读取文件成功
2017-08-05T10:15:51: 读取文件成功
2017-08-05T10:16:52: 读取文件成功
2017-08-05T10:17:51: 读取文件成功
2017-08-05T10:18:52: 读取文件成功
2017-08-05T10:19:52: 读取文件成功
2017-08-05T10:20:52: 读取文件成功
2017-08-05T10:21:52: 读取文件成功
2017-08-05T10:22:52: 读取文件成功
2017-08-05T10:23:52: 读取文件成功
2017-08-05T10:24:52: 读取文件成功
2017-08-05T10:25:52: 读取文件成功
2017-08-05T10:26:52: 读取文件成功
2017-08-05T10:27:52: 读取文件成功
2017-08-05T10:28:52: 读取文件成功
2017-08-05T10:29:52: 读取文件成功
2017-08-05T10:30:52: 读取文件成功
2017-08-05T10:31:52: 读取文件成功
2017-08-05T10:32:52: 读取文件成功
2017-08-05T10:33:52: 读取文件成功
2017-08-05T10:34:52: 读取文件成功
2017-08-05T10:35:52: 读取文件成功
2017-08-05T10:36:52: 读取文件成功
2017-08-05T10:37:52: 读取文件成功
2017-08-05T10:38:52: 读取文件成功
2017-08-05T10:39:52: 读取文件成功
2017-08-05T10:40:52: 读取文件成功
2017-08-05T10:41:52: 读取文件成功
2017-08-05T10:42:52: 读取文件成功
2017-08-05T10:43:52: 读取文件成功
2017-08-05T10:44:52: 读取文件成功
2017-08-05T10:45:52: 读取文件成功
2017-08-05T10:46:52: 读取文件成功
2017-08-05T10:47:52: 读取文件成功
2017-08-05T10:48:52: 读取文件成功
2017-08-05T10:49:52: 读取文件成功
2017-08-05T10:50:52: 读取文件成功
2017-08-05T10:51:52: 读取文件成功
2017-08-05T10:52:52: 读取文件成功
2017-08-05T10:53:52: 读取文件成功
2017-08-05T10:54:52: 读取文件成功
2017-08-05T10:55:52: 读取文件成功
2017-08-05T10:56:52: 读取文件成功
2017-08-05T10:57:52: 读取文件成功
2017-08-05T10:58:52: 读取文件成功
2017-08-05T10:59:52: 读取文件成功
2017-08-05T11:00:52: 读取文件成功
2017-08-05T11:01:52: 读取文件成功
2017-08-05T11:02:52: 读取文件成功
2017-08-05T11:03:52: 读取文件成功
2017-08-05T11:04:52: 读取文件成功
2017-08-05T11:05:52: 读取文件成功
2017-08-05T11:06:52: 读取文件成功
2017-08-05T11:07:52: 读取文件成功
2017-08-05T11:08:52: 读取文件成功
2017-08-05T11:09:52: 读取文件成功
2017-08-05T11:10:52: 读取文件成功
2017-08-05T11:11:52: 读取文件成功
2017-08-05T11:12:52: 读取文件成功
2017-08-05T11:13:52: 读取文件成功
2017-08-05T11:14:52: 读取文件成功
2017-08-05T11:15:52: 读取文件成功
2017-08-05T11:16:52: 读取文件成功
2017-08-05T11:17:52: 读取文件成功
2017-08-05T11:18:52: 读取文件成功
2017-08-05T11:19:52: 读取文件成功
2017-08-05T11:20:52: 读取文件成功
2017-08-05T11:21:52: 读取文件成功
2017-08-05T11:22:52: 读取文件成功
2017-08-05T11:23:52: 读取文件成功
2017-08-05T11:24:52: 读取文件成功
2017-08-05T11:25:52: 读取文件成功
2017-08-05T11:26:52: 读取文件成功
2017-08-05T11:27:52: 读取文件成功
2017-08-05T11:28:52: 读取文件成功
2017-08-05T11:29:52: 读取文件成功
2017-08-05T11:30:52: 读取文件成功
2017-08-05T11:31:52: 读取文件成功
2017-08-05T11:32:52: 读取文件成功
2017-08-05T11:33:52: 读取文件成功
2017-08-05T11:34:52: 读取文件成功
2017-08-05T11:35:52: 读取文件成功
2017-08-05T11:36:52: 读取文件成功
2017-08-05T11:37:52: 读取文件成功
2017-08-05T11:38:52: 读取文件成功
2017-08-05T11:39:52: 读取文件成功
2017-08-05T11:40:52: 读取文件成功
2017-08-05T11:41:52: 读取文件成功
2017-08-05T11:42:52: 读取文件成功
2017-08-05T11:43:52: 读取文件成功
2017-08-05T11:44:52: 读取文件成功
2017-08-05T11:45:52: 读取文件成功
2017-08-05T11:46:52: 读取文件成功
2017-08-05T11:47:52: 读取文件成功
2017-08-05T11:48:53: 读取文件成功
2017-08-05T11:49:52: 读取文件成功
2017-08-05T11:50:52: 读取文件成功
2017-08-05T11:51:52: 读取文件成功
2017-08-05T11:52:52: 读取文件成功
2017-08-05T11:53:52: 读取文件成功
2017-08-05T11:54:53: 读取文件成功
2017-08-05T11:55:52: 读取文件成功
2017-08-05T11:56:52: 读取文件成功
2017-08-05T11:57:52: 读取文件成功
2017-08-05T11:58:52: 读取文件成功
2017-08-05T11:59:52: 读取文件成功
2017-08-05T12:00:53: 读取文件成功
2017-08-05T12:01:53: 读取文件成功
2017-08-05T12:02:53: 读取文件成功
2017-08-05T12:03:53: 读取文件成功
2017-08-05T12:04:53: 读取文件成功
2017-08-05T12:05:53: 读取文件成功
2017-08-05T12:06:53: 读取文件成功
2017-08-05T12:07:53: 读取文件成功
2017-08-05T12:08:53: 读取文件成功
2017-08-05T12:09:53: 读取文件成功
2017-08-05T12:10:53: 读取文件成功
2017-08-05T12:11:53: 读取文件成功
2017-08-05T12:12:53: 读取文件成功
2017-08-05T12:13:53: 读取文件成功
2017-08-05T12:14:53: 读取文件成功
2017-08-05T12:15:53: 读取文件成功
2017-08-05T12:16:53: 读取文件成功
2017-08-05T12:17:53: 读取文件成功
2017-08-05T12:18:53: 读取文件成功
2017-08-05T12:19:53: 读取文件成功
2017-08-05T12:20:53: 读取文件成功
2017-08-05T12:21:53: 读取文件成功
2017-08-05T12:22:53: 读取文件成功
2017-08-05T12:23:53: 读取文件成功
2017-08-05T12:24:53: 读取文件成功
2017-08-05T12:25:53: 读取文件成功
2017-08-05T12:26:53: 读取文件成功
2017-08-05T12:27:53: 读取文件成功
2017-08-05T12:28:53: 读取文件成功
2017-08-05T12:29:53: 读取文件成功
2017-08-05T12:30:53: 读取文件成功
2017-08-05T12:31:53: 读取文件成功
2017-08-05T12:32:53: 读取文件成功
2017-08-05T12:33:53: 读取文件成功
2017-08-05T12:34:53: 读取文件成功
2017-08-05T12:35:53: 读取文件成功
2017-08-05T12:36:53: 读取文件成功
2017-08-05T12:37:53: 读取文件成功
2017-08-05T12:38:53: 读取文件成功
2017-08-05T12:39:53: 读取文件成功
2017-08-05T12:40:53: 读取文件成功
2017-08-05T12:41:53: 读取文件成功
2017-08-05T12:42:53: 读取文件成功
2017-08-05T12:43:53: 读取文件成功
2017-08-05T12:44:53: 读取文件成功
2017-08-05T12:45:53: 读取文件成功
2017-08-05T12:46:53: 读取文件成功
2017-08-05T12:47:53: 读取文件成功
2017-08-05T12:48:53: 读取文件成功
2017-08-05T12:49:53: 读取文件成功
2017-08-05T12:50:53: 读取文件成功
2017-08-05T12:51:53: 读取文件成功
2017-08-05T12:52:53: 读取文件成功
2017-08-05T12:53:53: 读取文件成功
2017-08-05T12:54:53: 读取文件成功
2017-08-05T12:55:53: 读取文件成功
2017-08-05T12:56:53: 读取文件成功
2017-08-05T12:57:53: 读取文件成功
2017-08-05T12:58:53: 读取文件成功
2017-08-05T12:59:53: 读取文件成功
2017-08-05T13:00:53: 读取文件成功
2017-08-05T13:01:53: 读取文件成功
2017-08-05T13:02:53: 读取文件成功
2017-08-05T13:03:53: 读取文件成功
2017-08-05T13:04:53: 读取文件成功
2017-08-05T13:05:53: 读取文件成功
2017-08-05T13:06:53: 读取文件成功
2017-08-05T13:07:53: 读取文件成功
2017-08-05T13:08:53: 读取文件成功
2017-08-05T13:09:53: 读取文件成功
2017-08-05T13:10:53: 读取文件成功
2017-08-05T13:11:53: 读取文件成功
2017-08-05T13:12:53: 读取文件成功
2017-08-05T13:13:53: 读取文件成功
2017-08-05T13:14:53: 读取文件成功
2017-08-05T13:15:53: 读取文件成功
2017-08-05T13:16:53: 读取文件成功
2017-08-05T13:17:54: 读取文件成功
2017-08-05T13:18:53: 读取文件成功
2017-08-05T13:19:53: 读取文件成功
2017-08-05T13:20:53: 读取文件成功
2017-08-05T13:21:53: 读取文件成功
2017-08-05T13:22:53: 读取文件成功
2017-08-05T13:23:53: 读取文件成功
2017-08-05T13:24:53: 读取文件成功
2017-08-05T13:25:53: 读取文件成功
2017-08-05T13:26:53: 读取文件成功
2017-08-05T13:27:53: 读取文件成功
2017-08-05T13:28:53: 读取文件成功
2017-08-05T13:29:54: 读取文件成功
2017-08-05T13:30:53: 读取文件成功
2017-08-05T13:31:53: 读取文件成功
2017-08-05T13:32:53: 读取文件成功
2017-08-05T13:33:53: 读取文件成功
2017-08-05T13:34:53: 读取文件成功
2017-08-05T13:35:54: 读取文件成功
2017-08-05T13:36:53: 读取文件成功
2017-08-05T13:37:53: 读取文件成功
2017-08-05T13:38:53: 读取文件成功
2017-08-05T13:39:53: 读取文件成功
2017-08-05T13:40:53: 读取文件成功
2017-08-05T13:41:54: 读取文件成功
2017-08-05T13:42:53: 读取文件成功
2017-08-05T13:43:54: 读取文件成功
2017-08-05T13:44:55: 读取文件成功
2017-08-05T13:45:54: 读取文件成功
2017-08-05T13:46:54: 读取文件成功
2017-08-05T13:47:54: 读取文件成功
2017-08-05T13:48:54: 读取文件成功
2017-08-05T13:49:53: 读取文件成功
2017-08-05T13:50:54: 读取文件成功
2017-08-05T13:51:54: 读取文件成功
2017-08-05T13:52:54: 读取文件成功
2017-08-05T13:53:54: 读取文件成功
2017-08-05T13:54:54: 读取文件成功
2017-08-05T13:55:54: 读取文件成功
2017-08-05T13:56:54: 读取文件成功
2017-08-05T13:57:54: 读取文件成功
2017-08-05T13:58:54: 读取文件成功
2017-08-05T14:00:07: 读取文件成功
2017-08-05T14:00:54: 读取文件成功
2017-08-05T14:01:54: 读取文件成功
2017-08-05T14:02:54: 读取文件成功
2017-08-05T14:03:54: 读取文件成功
2017-08-05T14:04:54: 读取文件成功
2017-08-05T14:05:54: 读取文件成功
2017-08-05T14:06:54: 读取文件成功
2017-08-05T14:07:54: 读取文件成功
2017-08-05T14:08:54: 读取文件成功
2017-08-05T14:09:54: 读取文件成功
2017-08-05T14:10:54: 读取文件成功
2017-08-05T14:11:54: 读取文件成功
2017-08-05T14:12:54: 读取文件成功
2017-08-05T14:13:54: 读取文件成功
2017-08-05T14:14:54: 读取文件成功
2017-08-05T14:15:54: 读取文件成功
2017-08-05T14:16:55: 读取文件成功
2017-08-05T14:17:54: 读取文件成功
2017-08-05T14:18:54: 读取文件成功
2017-08-05T14:19:54: 读取文件成功
2017-08-05T14:20:54: 读取文件成功
2017-08-05T14:21:54: 读取文件成功
2017-08-05T14:22:54: 读取文件成功
2017-08-05T14:23:54: 读取文件成功
2017-08-05T14:24:54: 读取文件成功
2017-08-05T14:25:54: 读取文件成功
2017-08-05T14:26:54: 读取文件成功
2017-08-05T14:27:54: 读取文件成功
2017-08-05T14:28:54: 读取文件成功
2017-08-05T14:29:54: 读取文件成功
2017-08-05T14:30:54: 读取文件成功
2017-08-05T14:31:54: 读取文件成功
2017-08-05T14:32:54: 读取文件成功
2017-08-05T14:33:54: 读取文件成功
2017-08-05T14:34:54: 读取文件成功
2017-08-05T14:35:54: 读取文件成功
2017-08-05T14:36:54: 读取文件成功
2017-08-05T14:37:54: 读取文件成功
2017-08-05T14:38:54: 读取文件成功
2017-08-05T14:39:54: 读取文件成功
2017-08-05T14:40:54: 读取文件成功
2017-08-05T14:41:54: 读取文件成功
2017-08-05T14:42:54: 读取文件成功
2017-08-05T14:43:54: 读取文件成功
2017-08-05T14:44:54: 读取文件成功
2017-08-05T14:45:54: 读取文件成功
2017-08-05T14:46:54: 读取文件成功
2017-08-05T14:47:54: 读取文件成功
2017-08-05T14:48:54: 读取文件成功
2017-08-05T14:49:54: 读取文件成功
2017-08-05T14:50:54: 读取文件成功
2017-08-05T14:51:56: 读取文件成功
2017-08-05T14:52:56: 读取文件成功
2017-08-05T14:53:54: 读取文件成功
2017-08-05T14:54:54: 读取文件成功
2017-08-05T14:55:54: 读取文件成功
2017-08-05T14:56:54: 读取文件成功
2017-08-05T14:57:54: 读取文件成功
2017-08-05T14:58:54: 读取文件成功
2017-08-05T14:59:54: 读取文件成功
2017-08-05T15:00:54: 读取文件成功
2017-08-05T15:01:54: 读取文件成功
2017-08-05T15:02:54: 读取文件成功
2017-08-05T15:03:54: 读取文件成功
2017-08-05T15:04:54: 读取文件成功
2017-08-05T15:05:54: 读取文件成功
2017-08-05T15:06:54: 读取文件成功
2017-08-05T15:07:54: 读取文件成功
2017-08-05T15:08:54: 读取文件成功
2017-08-05T15:09:54: 读取文件成功
2017-08-05T15:10:54: 读取文件成功
2017-08-05T15:11:54: 读取文件成功
2017-08-05T15:12:54: 读取文件成功
2017-08-05T15:13:54: 读取文件成功
2017-08-05T15:14:54: 读取文件成功
2017-08-05T15:15:54: 读取文件成功
2017-08-05T15:16:55: 读取文件成功
2017-08-05T15:17:54: 读取文件成功
2017-08-05T15:18:54: 读取文件成功
2017-08-05T15:19:54: 读取文件成功
2017-08-05T15:20:54: 读取文件成功
2017-08-05T15:21:54: 读取文件成功
2017-08-05T15:22:55: 读取文件成功
2017-08-05T15:23:55: 读取文件成功
2017-08-05T15:24:54: 读取文件成功
2017-08-05T15:25:54: 读取文件成功
2017-08-05T15:26:54: 读取文件成功
2017-08-05T15:27:55: 读取文件成功
2017-08-05T15:28:55: 读取文件成功
2017-08-05T15:29:55: 读取文件成功
2017-08-05T15:30:55: 读取文件成功
2017-08-05T15:31:55: 读取文件成功
2017-08-05T15:32:55: 读取文件成功
2017-08-05T15:33:55: 读取文件成功
2017-08-05T15:34:55: 读取文件成功
2017-08-05T15:35:55: 读取文件成功
2017-08-05T15:36:55: 读取文件成功
2017-08-05T15:37:55: 读取文件成功
2017-08-05T15:38:55: 读取文件成功
2017-08-05T15:39:55: 读取文件成功
2017-08-05T15:40:55: 读取文件成功
2017-08-05T15:41:55: 读取文件成功
2017-08-05T15:42:55: 读取文件成功
2017-08-05T15:43:55: 读取文件成功
2017-08-05T15:44:55: 读取文件成功
2017-08-05T15:45:55: 读取文件成功
2017-08-05T15:46:55: 读取文件成功
2017-08-05T15:47:55: 读取文件成功
2017-08-05T15:48:55: 读取文件成功
2017-08-05T15:49:55: 读取文件成功
2017-08-05T15:50:55: 读取文件成功
2017-08-05T15:51:55: 读取文件成功
2017-08-05T15:52:55: 读取文件成功
2017-08-05T15:53:55: 读取文件成功
2017-08-05T15:54:55: 读取文件成功
2017-08-05T15:55:55: 读取文件成功
2017-08-05T15:56:55: 读取文件成功
2017-08-05T15:57:55: 读取文件成功
2017-08-05T15:58:55: 读取文件成功
2017-08-05T15:59:55: 读取文件成功
2017-08-05T16:00:55: 读取文件成功
2017-08-05T16:01:55: 读取文件成功
2017-08-05T16:02:55: 读取文件成功
2017-08-05T16:03:55: 读取文件成功
2017-08-05T16:04:55: 读取文件成功
2017-08-05T16:05:55: 读取文件成功
2017-08-05T16:06:55: 读取文件成功
2017-08-05T16:07:55: 读取文件成功
2017-08-05T16:08:55: 读取文件成功
2017-08-05T16:09:55: 读取文件成功
2017-08-05T16:10:55: 读取文件成功
2017-08-05T16:11:55: 读取文件成功
2017-08-05T16:12:55: 读取文件成功
2017-08-05T16:13:55: 读取文件成功
2017-08-05T16:14:55: 读取文件成功
2017-08-05T16:15:55: 读取文件成功
2017-08-05T16:16:55: 读取文件成功
2017-08-05T16:17:55: 读取文件成功
2017-08-05T16:18:55: 读取文件成功
2017-08-05T16:19:55: 读取文件成功
2017-08-05T16:20:55: 读取文件成功
2017-08-05T16:21:55: 读取文件成功
2017-08-05T16:22:55: 读取文件成功
2017-08-05T16:23:55: 读取文件成功
2017-08-05T16:24:55: 读取文件成功
2017-08-05T16:25:55: 读取文件成功
2017-08-05T16:26:55: 读取文件成功
2017-08-05T16:27:55: 读取文件成功
2017-08-05T16:28:55: 读取文件成功
2017-08-05T16:29:55: 读取文件成功
2017-08-05T16:30:55: 读取文件成功
2017-08-05T16:31:55: 读取文件成功
2017-08-05T16:32:55: 读取文件成功
2017-08-05T16:33:55: 读取文件成功
2017-08-05T16:34:55: 读取文件成功
2017-08-05T16:35:55: 读取文件成功
2017-08-05T16:36:55: 读取文件成功
2017-08-05T16:37:55: 读取文件成功
2017-08-05T16:38:55: 读取文件成功
2017-08-05T16:39:55: 读取文件成功
2017-08-05T16:40:55: 读取文件成功
2017-08-05T16:41:55: 读取文件成功
2017-08-05T16:42:55: 读取文件成功
2017-08-05T16:43:55: 读取文件成功
2017-08-05T16:44:55: 读取文件成功
2017-08-05T16:45:55: 读取文件成功
2017-08-05T16:46:55: 读取文件成功
2017-08-05T16:47:55: 读取文件成功
2017-08-05T16:48:55: 读取文件成功
2017-08-05T16:49:55: 读取文件成功
2017-08-05T16:50:55: 读取文件成功
2017-08-05T16:51:56: 读取文件成功
2017-08-05T16:52:55: 读取文件成功
2017-08-05T16:53:55: 读取文件成功
2017-08-05T16:54:55: 读取文件成功
2017-08-05T16:55:55: 读取文件成功
2017-08-05T16:56:55: 读取文件成功
2017-08-05T16:57:56: 读取文件成功
2017-08-05T16:58:55: 读取文件成功
2017-08-05T16:59:55: 读取文件成功
2017-08-05T17:00:55: 读取文件成功
2017-08-05T17:01:55: 读取文件成功
2017-08-05T17:02:55: 读取文件成功
2017-08-05T17:03:56: 读取文件成功
2017-08-05T17:04:55: 读取文件成功
2017-08-05T17:05:55: 读取文件成功
2017-08-05T17:06:55: 读取文件成功
2017-08-05T17:07:55: 读取文件成功
2017-08-05T17:08:55: 读取文件成功
2017-08-05T17:09:56: 读取文件成功
2017-08-05T17:10:55: 读取文件成功
2017-08-05T17:11:56: 读取文件成功
2017-08-05T17:12:56: 读取文件成功
2017-08-05T17:13:56: 读取文件成功
2017-08-05T17:14:56: 读取文件成功
2017-08-05T17:15:56: 读取文件成功
2017-08-05T17:16:56: 读取文件成功
2017-08-05T17:17:56: 读取文件成功
2017-08-05T17:18:56: 读取文件成功
2017-08-05T17:19:56: 读取文件成功
2017-08-05T17:20:56: 读取文件成功
2017-08-05T17:21:56: 读取文件成功
2017-08-05T17:22:56: 读取文件成功
2017-08-05T17:23:56: 读取文件成功
2017-08-05T17:24:56: 读取文件成功
2017-08-05T17:25:56: 读取文件成功
2017-08-05T17:26:56: 读取文件成功
2017-08-05T17:27:56: 读取文件成功
2017-08-05T17:28:56: 读取文件成功
2017-08-05T17:29:56: 读取文件成功
2017-08-05T17:30:56: 读取文件成功
2017-08-05T17:31:56: 读取文件成功
2017-08-05T17:32:56: 读取文件成功
2017-08-05T17:33:56: 读取文件成功
2017-08-05T17:34:56: 读取文件成功
2017-08-05T17:35:56: 读取文件成功
2017-08-05T17:36:56: 读取文件成功
2017-08-05T17:37:56: 读取文件成功
2017-08-05T17:38:56: 读取文件成功
2017-08-05T17:39:56: 读取文件成功
2017-08-05T17:40:56: 读取文件成功
2017-08-05T17:41:56: 读取文件成功
2017-08-05T17:42:56: 读取文件成功
2017-08-05T17:43:56: 读取文件成功
2017-08-05T17:44:56: 读取文件成功
2017-08-05T17:45:56: 读取文件成功
2017-08-05T17:46:56: 读取文件成功
2017-08-05T17:47:56: 读取文件成功
2017-08-05T17:48:56: 读取文件成功
2017-08-05T17:49:56: 读取文件成功
2017-08-05T17:50:56: 读取文件成功
2017-08-05T17:51:56: 读取文件成功
2017-08-05T17:52:56: 读取文件成功
2017-08-05T17:53:56: 读取文件成功
2017-08-05T17:54:56: 读取文件成功
2017-08-05T17:55:56: 读取文件成功
2017-08-05T17:56:56: 读取文件成功
2017-08-05T17:57:56: 读取文件成功
2017-08-05T17:58:56: 读取文件成功
2017-08-05T17:59:56: 读取文件成功
2017-08-05T18:00:56: 读取文件成功
2017-08-05T18:01:56: 读取文件成功
2017-08-05T18:02:56: 读取文件成功
2017-08-05T18:03:56: 读取文件成功
2017-08-05T18:04:56: 读取文件成功
2017-08-05T18:05:56: 读取文件成功
2017-08-05T18:06:56: 读取文件成功
2017-08-05T18:07:56: 读取文件成功
2017-08-05T18:08:56: 读取文件成功
2017-08-05T18:09:56: 读取文件成功
2017-08-05T18:10:56: 读取文件成功
2017-08-05T18:11:56: 读取文件成功
2017-08-05T18:12:56: 读取文件成功
2017-08-05T18:13:56: 读取文件成功
2017-08-05T18:14:56: 读取文件成功
2017-08-05T18:15:56: 读取文件成功
2017-08-05T18:16:56: 读取文件成功
2017-08-05T18:17:56: 读取文件成功
2017-08-05T18:18:56: 读取文件成功
2017-08-05T18:19:56: 读取文件成功
2017-08-05T18:20:56: 读取文件成功
2017-08-05T18:21:56: 读取文件成功
2017-08-05T18:22:56: 读取文件成功
2017-08-05T18:23:56: 读取文件成功
2017-08-05T18:24:56: 读取文件成功
2017-08-05T18:25:56: 读取文件成功
2017-08-05T18:26:56: 读取文件成功
2017-08-05T18:27:56: 读取文件成功
2017-08-05T18:28:56: 读取文件成功
2017-08-05T18:29:59: 读取文件成功
2017-08-05T18:30:56: 读取文件成功
2017-08-05T18:31:56: 读取文件成功
2017-08-05T18:32:56: 读取文件成功
2017-08-05T18:33:56: 读取文件成功
2017-08-05T18:34:56: 读取文件成功
2017-08-05T18:35:56: 读取文件成功
2017-08-05T18:36:56: 读取文件成功
2017-08-05T18:37:57: 读取文件成功
2017-08-05T18:38:56: 读取文件成功
2017-08-05T18:39:57: 读取文件成功
2017-08-05T18:40:56: 读取文件成功
2017-08-05T18:41:56: 读取文件成功
2017-08-05T18:42:56: 读取文件成功
2017-08-05T18:43:56: 读取文件成功
2017-08-05T18:44:56: 读取文件成功
2017-08-05T18:45:57: 读取文件成功
2017-08-05T18:46:56: 读取文件成功
2017-08-05T18:47:56: 读取文件成功
2017-08-05T18:48:56: 读取文件成功
2017-08-05T18:49:56: 读取文件成功
2017-08-05T18:50:56: 读取文件成功
2017-08-05T18:51:57: 读取文件成功
2017-08-05T18:52:56: 读取文件成功
2017-08-05T18:53:56: 读取文件成功
2017-08-05T18:54:56: 读取文件成功
2017-08-05T18:55:56: 读取文件成功
2017-08-05T18:56:56: 读取文件成功
2017-08-05T18:57:57: 读取文件成功
2017-08-05T18:58:57: 读取文件成功
2017-08-05T18:59:57: 读取文件成功
2017-08-05T19:00:57: 读取文件成功
2017-08-05T19:01:57: 读取文件成功
2017-08-05T19:02:57: 读取文件成功
2017-08-05T19:03:57: 读取文件成功
2017-08-05T19:04:57: 读取文件成功
2017-08-05T19:05:57: 读取文件成功
2017-08-05T19:06:57: 读取文件成功
2017-08-05T19:07:57: 读取文件成功
2017-08-05T19:08:57: 读取文件成功
2017-08-05T19:09:58: 读取文件成功
2017-08-05T19:10:57: 读取文件成功
2017-08-05T19:11:57: 读取文件成功
2017-08-05T19:12:57: 读取文件成功
2017-08-05T19:13:57: 读取文件成功
2017-08-05T19:14:57: 读取文件成功
2017-08-05T19:15:57: 读取文件成功
2017-08-05T19:16:57: 读取文件成功
2017-08-05T19:17:57: 读取文件成功
2017-08-05T19:18:57: 读取文件成功
2017-08-05T19:19:57: 读取文件成功
2017-08-05T19:20:57: 读取文件成功
2017-08-05T19:21:57: 读取文件成功
2017-08-05T19:22:57: 读取文件成功
2017-08-05T19:23:57: 读取文件成功
2017-08-05T19:24:57: 读取文件成功
2017-08-05T19:25:57: 读取文件成功
2017-08-05T19:26:57: 读取文件成功
2017-08-05T19:27:57: 读取文件成功
2017-08-05T19:28:57: 读取文件成功
2017-08-05T19:29:57: 读取文件成功
2017-08-05T19:30:57: 读取文件成功
2017-08-05T19:31:57: 读取文件成功
2017-08-05T19:32:57: 读取文件成功
2017-08-05T19:33:57: 读取文件成功
2017-08-05T19:34:57: 读取文件成功
2017-08-05T19:35:58: 读取文件成功
2017-08-05T19:36:57: 读取文件成功
2017-08-05T19:37:57: 读取文件成功
2017-08-05T19:38:57: 读取文件成功
2017-08-05T19:39:57: 读取文件成功
2017-08-05T19:40:57: 读取文件成功
2017-08-05T19:41:57: 读取文件成功
2017-08-05T19:42:57: 读取文件成功
2017-08-05T19:43:57: 读取文件成功
2017-08-05T19:44:57: 读取文件成功
2017-08-05T19:45:57: 读取文件成功
2017-08-05T19:46:57: 读取文件成功
2017-08-05T19:47:57: 读取文件成功
2017-08-05T19:48:57: 读取文件成功
2017-08-05T19:49:57: 读取文件成功
2017-08-05T19:50:57: 读取文件成功
2017-08-05T19:51:57: 读取文件成功
2017-08-05T19:52:57: 读取文件成功
2017-08-05T19:53:57: 读取文件成功
2017-08-05T19:54:57: 读取文件成功
2017-08-05T19:55:57: 读取文件成功
2017-08-05T19:56:57: 读取文件成功
2017-08-05T19:57:57: 读取文件成功
2017-08-05T19:58:57: 读取文件成功
2017-08-05T19:59:57: 读取文件成功
2017-08-05T20:00:57: 读取文件成功
2017-08-05T20:01:57: 读取文件成功
2017-08-05T20:02:57: 读取文件成功
2017-08-05T20:03:57: 读取文件成功
2017-08-05T20:04:57: 读取文件成功
2017-08-05T20:05:57: 读取文件成功
2017-08-05T20:06:57: 读取文件成功
2017-08-05T20:07:57: 读取文件成功
2017-08-05T20:08:57: 读取文件成功
2017-08-05T20:09:57: 读取文件成功
2017-08-05T20:10:57: 读取文件成功
2017-08-05T20:11:57: 读取文件成功
2017-08-05T20:12:57: 读取文件成功
2017-08-05T20:13:57: 读取文件成功
2017-08-05T20:14:57: 读取文件成功
2017-08-05T20:15:57: 读取文件成功
2017-08-05T20:16:57: 读取文件成功
2017-08-05T20:17:57: 读取文件成功
2017-08-05T20:18:57: 读取文件成功
2017-08-05T20:19:57: 读取文件成功
2017-08-05T20:20:58: 读取文件成功
2017-08-05T20:21:57: 读取文件成功
2017-08-05T20:22:57: 读取文件成功
2017-08-05T20:23:57: 读取文件成功
2017-08-05T20:24:57: 读取文件成功
2017-08-05T20:25:57: 读取文件成功
2017-08-05T20:26:58: 读取文件成功
2017-08-05T20:27:57: 读取文件成功
2017-08-05T20:28:57: 读取文件成功
2017-08-05T20:29:57: 读取文件成功
2017-08-05T20:30:57: 读取文件成功
2017-08-05T20:31:57: 读取文件成功
2017-08-05T20:32:58: 读取文件成功
2017-08-05T20:33:57: 读取文件成功
2017-08-05T20:34:57: 读取文件成功
2017-08-05T20:35:57: 读取文件成功
2017-08-05T20:36:57: 读取文件成功
2017-08-05T20:37:58: 读取文件成功
2017-08-05T20:38:58: 读取文件成功
2017-08-05T20:39:58: 读取文件成功
2017-08-05T20:40:58: 读取文件成功
2017-08-05T20:41:58: 读取文件成功
2017-08-05T20:42:58: 读取文件成功
2017-08-05T20:43:58: 读取文件成功
2017-08-05T20:44:58: 读取文件成功
2017-08-05T20:45:58: 读取文件成功
2017-08-05T20:46:58: 读取文件成功
2017-08-05T20:47:58: 读取文件成功
2017-08-05T20:48:58: 读取文件成功
2017-08-05T20:49:58: 读取文件成功
2017-08-05T20:50:58: 读取文件成功
2017-08-05T20:51:58: 读取文件成功
2017-08-05T20:52:58: 读取文件成功
2017-08-05T20:53:58: 读取文件成功
2017-08-05T20:54:58: 读取文件成功
2017-08-05T20:55:58: 读取文件成功
2017-08-05T20:56:58: 读取文件成功
2017-08-05T20:57:58: 读取文件成功
2017-08-05T20:58:58: 读取文件成功
2017-08-05T20:59:58: 读取文件成功
2017-08-05T21:00:58: 读取文件成功
2017-08-05T21:01:58: 读取文件成功
2017-08-05T21:02:58: 读取文件成功
2017-08-05T21:03:58: 读取文件成功
2017-08-05T21:04:58: 读取文件成功
2017-08-05T21:05:58: 读取文件成功
2017-08-05T21:06:58: 读取文件成功
2017-08-05T21:07:58: 读取文件成功
2017-08-05T21:08:58: 读取文件成功
2017-08-05T21:09:58: 读取文件成功
2017-08-05T21:10:58: 读取文件成功
2017-08-05T21:11:58: 读取文件成功
2017-08-05T21:12:58: 读取文件成功
2017-08-05T21:13:58: 读取文件成功
2017-08-05T21:14:58: 读取文件成功
2017-08-05T21:15:58: 读取文件成功
2017-08-05T21:16:58: 读取文件成功
2017-08-05T21:17:58: 读取文件成功
2017-08-05T21:18:58: 读取文件成功
2017-08-05T21:19:58: 读取文件成功
2017-08-05T21:20:58: 读取文件成功
2017-08-05T21:21:58: 读取文件成功
2017-08-05T21:22:58: 读取文件成功
2017-08-05T21:23:58: 读取文件成功
2017-08-05T21:24:58: 读取文件成功
2017-08-05T21:25:58: 读取文件成功
2017-08-05T21:26:58: 读取文件成功
2017-08-05T21:27:58: 读取文件成功
2017-08-05T21:28:58: 读取文件成功
2017-08-05T21:29:58: 读取文件成功
2017-08-05T21:30:58: 读取文件成功
2017-08-05T21:31:58: 读取文件成功
2017-08-05T21:32:58: 读取文件成功
2017-08-05T21:33:58: 读取文件成功
2017-08-05T21:34:58: 读取文件成功
2017-08-05T21:35:58: 读取文件成功
2017-08-05T21:36:58: 读取文件成功
2017-08-05T21:37:58: 读取文件成功
2017-08-05T21:38:58: 读取文件成功
2017-08-05T21:39:58: 读取文件成功
2017-08-05T21:40:58: 读取文件成功
2017-08-05T21:41:58: 读取文件成功
2017-08-05T21:42:58: 读取文件成功
2017-08-05T21:43:58: 读取文件成功
2017-08-05T21:44:58: 读取文件成功
2017-08-05T21:45:58: 读取文件成功
2017-08-05T21:46:58: 读取文件成功
2017-08-05T21:47:58: 读取文件成功
2017-08-05T21:48:58: 读取文件成功
2017-08-05T21:49:58: 读取文件成功
2017-08-05T21:50:58: 读取文件成功
2017-08-05T21:51:58: 读取文件成功
2017-08-05T21:52:58: 读取文件成功
2017-08-05T21:53:58: 读取文件成功
2017-08-05T21:54:58: 读取文件成功
2017-08-05T21:55:58: 读取文件成功
2017-08-05T21:56:58: 读取文件成功
2017-08-05T21:57:58: 读取文件成功
2017-08-05T21:58:58: 读取文件成功
2017-08-05T21:59:58: 读取文件成功
2017-08-05T22:00:58: 读取文件成功
2017-08-05T22:01:59: 读取文件成功
2017-08-05T22:02:58: 读取文件成功
2017-08-05T22:03:58: 读取文件成功
2017-08-05T22:04:58: 读取文件成功
2017-08-05T22:05:58: 读取文件成功
2017-08-05T22:06:58: 读取文件成功
2017-08-05T22:07:59: 读取文件成功
2017-08-05T22:08:58: 读取文件成功
2017-08-05T22:09:58: 读取文件成功
2017-08-05T22:10:58: 读取文件成功
2017-08-05T22:11:58: 读取文件成功
2017-08-05T22:12:58: 读取文件成功
2017-08-05T22:13:59: 读取文件成功
2017-08-05T22:14:58: 读取文件成功
2017-08-05T22:15:59: 读取文件成功
2017-08-05T22:16:58: 读取文件成功
2017-08-05T22:17:58: 读取文件成功
2017-08-05T22:19:09: 读取文件成功
2017-08-05T22:20:04: 读取文件成功
2017-08-05T22:20:59: 读取文件成功
2017-08-05T22:22:04: 读取文件成功
2017-08-05T22:22:59: 读取文件成功
2017-08-05T22:23:59: 读取文件成功
2017-08-05T22:25:04: 读取文件成功
2017-08-05T22:25:59: 读取文件成功
2017-08-05T22:27:04: 读取文件成功
2017-08-05T22:28:09: 读取文件成功
2017-08-05T22:29:04: 读取文件成功
2017-08-05T22:29:59: 读取文件成功
2017-08-05T22:30:59: 读取文件成功
2017-08-05T22:31:59: 读取文件成功
2017-08-05T22:32:59: 读取文件成功
2017-08-05T22:33:59: 读取文件成功
2017-08-05T22:34:59: 读取文件成功
2017-08-05T22:35:59: 读取文件成功
2017-08-05T22:36:59: 读取文件成功
2017-08-05T22:37:59: 读取文件成功
2017-08-05T22:39:04: 读取文件成功
2017-08-05T22:39:59: 读取文件成功
2017-08-05T22:40:59: 读取文件成功
2017-08-05T22:41:59: 读取文件成功
2017-08-05T22:42:59: 读取文件成功
2017-08-05T22:43:59: 读取文件成功
2017-08-05T22:44:59: 读取文件成功
2017-08-05T22:45:59: 读取文件成功
2017-08-05T22:46:59: 读取文件成功
2017-08-05T22:47:59: 读取文件成功
2017-08-05T22:48:59: 读取文件成功
2017-08-05T22:49:59: 读取文件成功
2017-08-05T22:50:59: 读取文件成功
2017-08-05T22:51:59: 读取文件成功
2017-08-05T22:52:59: 读取文件成功
2017-08-05T22:53:59: 读取文件成功
2017-08-05T22:54:59: 读取文件成功
2017-08-05T22:55:59: 读取文件成功
2017-08-05T22:56:59: 读取文件成功
2017-08-05T22:57:59: 读取文件成功
2017-08-05T22:58:59: 读取文件成功
2017-08-05T22:59:59: 读取文件成功
2017-08-05T23:00:59: 读取文件成功
2017-08-05T23:01:59: 读取文件成功
2017-08-05T23:02:59: 读取文件成功
2017-08-05T23:03:59: 读取文件成功
2017-08-05T23:04:59: 读取文件成功
2017-08-05T23:05:59: 读取文件成功
2017-08-05T23:07:01: 读取文件成功
2017-08-05T23:07:59: 读取文件成功
2017-08-05T23:09:02: 读取文件成功
2017-08-05T23:09:59: 读取文件成功
2017-08-05T23:11:04: 读取文件成功
2017-08-05T23:11:59: 读取文件成功
2017-08-05T23:12:59: 读取文件成功
2017-08-05T23:13:59: 读取文件成功
2017-08-05T23:14:59: 读取文件成功
2017-08-05T23:15:59: 读取文件成功
2017-08-05T23:16:59: 读取文件成功
2017-08-05T23:17:59: 读取文件成功
2017-08-05T23:18:59: 读取文件成功
2017-08-05T23:19:59: 读取文件成功
2017-08-05T23:20:59: 读取文件成功
2017-08-05T23:21:59: 读取文件成功
2017-08-05T23:22:59: 读取文件成功
2017-08-05T23:23:59: 读取文件成功
2017-08-05T23:24:59: 读取文件成功
2017-08-05T23:25:59: 读取文件成功
2017-08-05T23:26:59: 读取文件成功
2017-08-05T23:27:59: 读取文件成功
2017-08-05T23:28:59: 读取文件成功
2017-08-05T23:29:59: 读取文件成功
2017-08-05T23:30:59: 读取文件成功
2017-08-05T23:31:59: 读取文件成功
2017-08-05T23:32:59: 读取文件成功
2017-08-05T23:33:59: 读取文件成功
2017-08-05T23:34:59: 读取文件成功
2017-08-05T23:35:59: 读取文件成功
2017-08-05T23:36:59: 读取文件成功
2017-08-05T23:37:59: 读取文件成功
2017-08-05T23:38:59: 读取文件成功
2017-08-05T23:40:00: 读取文件成功
2017-08-05T23:40:59: 读取文件成功
2017-08-05T23:41:59: 读取文件成功
2017-08-05T23:42:59: 读取文件成功
2017-08-05T23:43:59: 读取文件成功
2017-08-05T23:44:59: 读取文件成功
2017-08-05T23:45:59: 读取文件成功
2017-08-05T23:47:00: 读取文件成功
2017-08-05T23:47:59: 读取文件成功
2017-08-05T23:48:59: 读取文件成功
2017-08-05T23:49:59: 读取文件成功
2017-08-05T23:50:59: 非记录时间：2017-08-05T23:50:59+08:00
2017-08-05T23:51:59: 非记录时间：2017-08-05T23:51:59+08:00
2017-08-05T23:52:59: 非记录时间：2017-08-05T23:52:59+08:00
2017-08-05T23:53:59: 非记录时间：2017-08-05T23:53:59+08:00
2017-08-05T23:54:59: 非记录时间：2017-08-05T23:54:59+08:00
2017-08-05T23:55:59: 非记录时间：2017-08-05T23:55:59+08:00
2017-08-05T23:56:59: 非记录时间：2017-08-05T23:56:59+08:00
2017-08-05T23:57:59: 非记录时间：2017-08-05T23:57:59+08:00
2017-08-05T23:58:59: 非记录时间：2017-08-05T23:58:59+08:00
2017-08-05T23:59:59: 非记录时间：2017-08-05T23:59:59+08:00
