2017-08-28T00:00:11: 非记录时间：2017-08-28T00:00:11+08:00
2017-08-28T00:01:11: 非记录时间：2017-08-28T00:01:11+08:00
2017-08-28T00:02:11: 非记录时间：2017-08-28T00:02:11+08:00
2017-08-28T00:03:11: 非记录时间：2017-08-28T00:03:11+08:00
2017-08-28T00:04:11: 非记录时间：2017-08-28T00:04:11+08:00
2017-08-28T00:05:11: 非记录时间：2017-08-28T00:05:11+08:00
2017-08-28T00:06:11: 非记录时间：2017-08-28T00:06:11+08:00
2017-08-28T00:07:11: 非记录时间：2017-08-28T00:07:11+08:00
2017-08-28T00:08:11: 非记录时间：2017-08-28T00:08:11+08:00
2017-08-28T00:09:11: 非记录时间：2017-08-28T00:09:11+08:00
2017-08-28T00:10:11: 非记录时间：2017-08-28T00:10:11+08:00
2017-08-28T00:11:11: 非记录时间：2017-08-28T00:11:11+08:00
2017-08-28T00:12:11: 非记录时间：2017-08-28T00:12:11+08:00
2017-08-28T00:13:11: 非记录时间：2017-08-28T00:13:11+08:00
2017-08-28T00:14:11: 非记录时间：2017-08-28T00:14:11+08:00
2017-08-28T00:15:11: 非记录时间：2017-08-28T00:15:11+08:00
2017-08-28T00:16:11: 非记录时间：2017-08-28T00:16:11+08:00
2017-08-28T00:17:11: 非记录时间：2017-08-28T00:17:11+08:00
2017-08-28T00:18:11: 非记录时间：2017-08-28T00:18:11+08:00
2017-08-28T00:19:11: 非记录时间：2017-08-28T00:19:11+08:00
2017-08-28T00:20:11: 非记录时间：2017-08-28T00:20:11+08:00
2017-08-28T00:21:11: 非记录时间：2017-08-28T00:21:11+08:00
2017-08-28T00:22:11: 非记录时间：2017-08-28T00:22:11+08:00
2017-08-28T00:23:11: 非记录时间：2017-08-28T00:23:11+08:00
2017-08-28T00:24:11: 非记录时间：2017-08-28T00:24:11+08:00
2017-08-28T00:25:11: 非记录时间：2017-08-28T00:25:11+08:00
2017-08-28T00:26:11: 非记录时间：2017-08-28T00:26:11+08:00
2017-08-28T00:27:11: 非记录时间：2017-08-28T00:27:11+08:00
2017-08-28T00:28:11: 非记录时间：2017-08-28T00:28:11+08:00
2017-08-28T00:29:11: 非记录时间：2017-08-28T00:29:11+08:00
2017-08-28T00:30:11: 非记录时间：2017-08-28T00:30:11+08:00
2017-08-28T00:31:11: 非记录时间：2017-08-28T00:31:11+08:00
2017-08-28T00:32:11: 非记录时间：2017-08-28T00:32:11+08:00
2017-08-28T00:33:11: 非记录时间：2017-08-28T00:33:11+08:00
2017-08-28T00:34:11: 非记录时间：2017-08-28T00:34:11+08:00
2017-08-28T00:35:11: 非记录时间：2017-08-28T00:35:11+08:00
2017-08-28T00:36:11: 非记录时间：2017-08-28T00:36:11+08:00
2017-08-28T00:37:11: 非记录时间：2017-08-28T00:37:11+08:00
2017-08-28T00:38:11: 非记录时间：2017-08-28T00:38:11+08:00
2017-08-28T00:39:11: 非记录时间：2017-08-28T00:39:11+08:00
2017-08-28T00:40:11: 非记录时间：2017-08-28T00:40:11+08:00
2017-08-28T00:41:11: 非记录时间：2017-08-28T00:41:11+08:00
2017-08-28T00:42:11: 非记录时间：2017-08-28T00:42:11+08:00
2017-08-28T00:43:11: 非记录时间：2017-08-28T00:43:11+08:00
2017-08-28T00:44:11: 非记录时间：2017-08-28T00:44:11+08:00
2017-08-28T00:45:11: 非记录时间：2017-08-28T00:45:11+08:00
2017-08-28T00:46:11: 非记录时间：2017-08-28T00:46:11+08:00
2017-08-28T00:47:11: 非记录时间：2017-08-28T00:47:11+08:00
2017-08-28T00:48:11: 非记录时间：2017-08-28T00:48:11+08:00
2017-08-28T00:49:11: 非记录时间：2017-08-28T00:49:11+08:00
2017-08-28T00:50:11: 非记录时间：2017-08-28T00:50:11+08:00
2017-08-28T00:51:11: 非记录时间：2017-08-28T00:51:11+08:00
2017-08-28T00:52:11: 非记录时间：2017-08-28T00:52:11+08:00
2017-08-28T00:53:11: 非记录时间：2017-08-28T00:53:11+08:00
2017-08-28T00:54:11: 非记录时间：2017-08-28T00:54:11+08:00
2017-08-28T00:55:11: 非记录时间：2017-08-28T00:55:11+08:00
2017-08-28T00:56:11: 非记录时间：2017-08-28T00:56:11+08:00
2017-08-28T00:57:11: 非记录时间：2017-08-28T00:57:11+08:00
2017-08-28T00:58:11: 非记录时间：2017-08-28T00:58:11+08:00
2017-08-28T00:59:11: 非记录时间：2017-08-28T00:59:11+08:00
2017-08-28T01:00:11: 非记录时间：2017-08-28T01:00:11+08:00
2017-08-28T01:01:11: 非记录时间：2017-08-28T01:01:11+08:00
2017-08-28T01:02:11: 非记录时间：2017-08-28T01:02:11+08:00
2017-08-28T01:03:11: 非记录时间：2017-08-28T01:03:11+08:00
2017-08-28T01:04:11: 非记录时间：2017-08-28T01:04:11+08:00
2017-08-28T01:05:11: 非记录时间：2017-08-28T01:05:11+08:00
2017-08-28T01:06:11: 非记录时间：2017-08-28T01:06:11+08:00
2017-08-28T01:07:11: 非记录时间：2017-08-28T01:07:11+08:00
2017-08-28T01:08:11: 非记录时间：2017-08-28T01:08:11+08:00
2017-08-28T01:09:11: 非记录时间：2017-08-28T01:09:11+08:00
2017-08-28T01:10:11: 非记录时间：2017-08-28T01:10:11+08:00
2017-08-28T01:11:12: 读取文件失败，可能是该文件不存在
2017-08-28T01:11:12: Error: ENOENT: no such file or directory, open './data/2017-08-28.json'
2017-08-28T01:12:12: 读取文件成功
2017-08-28T01:13:11: 读取文件成功
2017-08-28T01:14:11: 读取文件成功
2017-08-28T01:15:11: 读取文件成功
2017-08-28T01:16:11: 读取文件成功
2017-08-28T01:17:11: 读取文件成功
2017-08-28T01:18:11: 读取文件成功
2017-08-28T01:19:11: 读取文件成功
2017-08-28T01:20:11: 读取文件成功
2017-08-28T01:21:11: 读取文件成功
2017-08-28T01:22:11: 读取文件成功
2017-08-28T01:23:12: 读取文件成功
2017-08-28T01:24:11: 读取文件成功
2017-08-28T01:25:11: 读取文件成功
2017-08-28T01:26:12: 读取文件成功
2017-08-28T01:27:11: 读取文件成功
2017-08-28T01:28:11: 读取文件成功
2017-08-28T01:29:12: 读取文件成功
2017-08-28T01:30:11: 读取文件成功
2017-08-28T01:31:11: 读取文件成功
2017-08-28T01:32:12: 读取文件成功
2017-08-28T01:33:12: 读取文件成功
2017-08-28T01:34:12: 读取文件成功
2017-08-28T01:35:12: 读取文件成功
2017-08-28T01:36:12: 读取文件成功
2017-08-28T01:37:12: 读取文件成功
2017-08-28T01:38:12: 读取文件成功
2017-08-28T01:39:12: 读取文件成功
2017-08-28T01:40:12: 读取文件成功
2017-08-28T01:41:12: 读取文件成功
2017-08-28T01:42:12: 读取文件成功
2017-08-28T01:43:12: 读取文件成功
2017-08-28T01:44:12: 读取文件成功
2017-08-28T01:45:12: 读取文件成功
2017-08-28T01:46:12: 读取文件成功
2017-08-28T01:47:12: 读取文件成功
2017-08-28T01:48:12: 读取文件成功
2017-08-28T01:49:12: 读取文件成功
2017-08-28T01:50:12: 读取文件成功
2017-08-28T01:51:12: 读取文件成功
2017-08-28T01:52:12: 读取文件成功
2017-08-28T01:53:12: 读取文件成功
2017-08-28T01:54:12: 读取文件成功
2017-08-28T01:55:12: 读取文件成功
2017-08-28T01:56:12: 读取文件成功
2017-08-28T01:57:12: 读取文件成功
2017-08-28T01:58:12: 读取文件成功
2017-08-28T01:59:12: 读取文件成功
2017-08-28T02:00:12: 读取文件成功
2017-08-28T02:01:12: 读取文件成功
2017-08-28T02:02:12: 读取文件成功
2017-08-28T02:03:12: 读取文件成功
2017-08-28T02:04:12: 读取文件成功
2017-08-28T02:05:12: 读取文件成功
2017-08-28T02:06:12: 读取文件成功
2017-08-28T02:07:12: 读取文件成功
2017-08-28T02:08:12: 读取文件成功
2017-08-28T02:09:12: 读取文件成功
2017-08-28T02:10:12: 读取文件成功
2017-08-28T02:11:12: 读取文件成功
2017-08-28T02:12:12: 读取文件成功
2017-08-28T02:13:12: 读取文件成功
2017-08-28T02:14:12: 读取文件成功
2017-08-28T02:15:12: 读取文件成功
2017-08-28T02:16:12: 读取文件成功
2017-08-28T02:17:12: 读取文件成功
2017-08-28T02:18:12: 读取文件成功
2017-08-28T02:19:12: 读取文件成功
2017-08-28T02:20:12: 读取文件成功
2017-08-28T02:21:12: 读取文件成功
2017-08-28T02:22:12: 读取文件成功
2017-08-28T02:23:12: 读取文件成功
2017-08-28T02:24:12: 读取文件成功
2017-08-28T02:25:12: 读取文件成功
2017-08-28T02:26:12: 读取文件成功
2017-08-28T02:27:12: 读取文件成功
2017-08-28T02:28:12: 读取文件成功
2017-08-28T02:29:12: 读取文件成功
2017-08-28T02:30:12: 读取文件成功
2017-08-28T02:31:12: 读取文件成功
2017-08-28T02:32:12: 读取文件成功
2017-08-28T02:33:12: 读取文件成功
2017-08-28T02:34:12: 读取文件成功
2017-08-28T02:35:12: 读取文件成功
2017-08-28T02:36:12: 读取文件成功
2017-08-28T02:37:12: 读取文件成功
2017-08-28T02:38:12: 读取文件成功
2017-08-28T02:39:12: 读取文件成功
2017-08-28T02:40:13: 读取文件成功
2017-08-28T02:41:12: 读取文件成功
2017-08-28T02:42:12: 读取文件成功
2017-08-28T02:43:12: 读取文件成功
2017-08-28T02:44:12: 读取文件成功
2017-08-28T02:45:12: 读取文件成功
2017-08-28T02:46:13: 读取文件成功
2017-08-28T02:47:12: 读取文件成功
2017-08-28T02:48:13: 读取文件成功
2017-08-28T02:49:13: 读取文件成功
2017-08-28T02:50:13: 读取文件成功
2017-08-28T02:51:13: 读取文件成功
2017-08-28T02:52:13: 读取文件成功
2017-08-28T02:53:13: 读取文件成功
2017-08-28T02:54:13: 读取文件成功
2017-08-28T02:55:13: 读取文件成功
2017-08-28T02:56:13: 读取文件成功
2017-08-28T02:57:13: 读取文件成功
2017-08-28T02:58:13: 读取文件成功
2017-08-28T02:59:13: 读取文件成功
2017-08-28T03:00:13: 读取文件成功
2017-08-28T03:01:13: 读取文件成功
2017-08-28T03:02:13: 读取文件成功
2017-08-28T03:03:13: 读取文件成功
2017-08-28T03:04:13: 读取文件成功
2017-08-28T03:05:13: 读取文件成功
2017-08-28T03:06:13: 读取文件成功
2017-08-28T03:07:13: 读取文件成功
2017-08-28T03:08:13: 读取文件成功
2017-08-28T03:09:13: 读取文件成功
2017-08-28T03:10:13: 读取文件成功
2017-08-28T03:11:13: 读取文件成功
2017-08-28T03:12:13: 读取文件成功
2017-08-28T03:13:13: 读取文件成功
2017-08-28T03:14:13: 读取文件成功
2017-08-28T03:15:13: 读取文件成功
2017-08-28T03:16:13: 读取文件成功
2017-08-28T03:17:13: 读取文件成功
2017-08-28T03:18:13: 读取文件成功
2017-08-28T03:19:13: 读取文件成功
2017-08-28T03:20:13: 读取文件成功
2017-08-28T03:21:13: 读取文件成功
2017-08-28T03:22:13: 读取文件成功
2017-08-28T03:23:13: 读取文件成功
2017-08-28T03:24:13: 读取文件成功
2017-08-28T03:25:13: 读取文件成功
2017-08-28T03:26:13: 读取文件成功
2017-08-28T03:27:13: 读取文件成功
2017-08-28T03:28:13: 读取文件成功
2017-08-28T03:29:13: 读取文件成功
2017-08-28T03:30:13: 读取文件成功
2017-08-28T03:31:13: 读取文件成功
2017-08-28T03:32:13: 读取文件成功
2017-08-28T03:33:13: 读取文件成功
2017-08-28T03:34:13: 读取文件成功
2017-08-28T03:35:13: 读取文件成功
2017-08-28T03:36:13: 读取文件成功
2017-08-28T03:37:13: 读取文件成功
2017-08-28T03:38:13: 读取文件成功
2017-08-28T03:39:13: 读取文件成功
2017-08-28T03:40:13: 读取文件成功
2017-08-28T03:41:13: 读取文件成功
2017-08-28T03:42:13: 读取文件成功
2017-08-28T03:43:13: 读取文件成功
2017-08-28T03:44:13: 读取文件成功
2017-08-28T03:45:13: 读取文件成功
2017-08-28T03:46:13: 读取文件成功
2017-08-28T03:47:13: 读取文件成功
2017-08-28T03:48:13: 读取文件成功
2017-08-28T03:49:13: 读取文件成功
2017-08-28T03:50:13: 读取文件成功
2017-08-28T03:51:14: 读取文件成功
2017-08-28T03:52:13: 读取文件成功
2017-08-28T03:53:13: 读取文件成功
2017-08-28T03:54:13: 读取文件成功
2017-08-28T03:55:13: 读取文件成功
2017-08-28T03:56:13: 读取文件成功
2017-08-28T03:57:14: 读取文件成功
2017-08-28T03:58:13: 读取文件成功
2017-08-28T03:59:13: 读取文件成功
2017-08-28T04:00:13: 读取文件成功
2017-08-28T04:01:14: 读取文件成功
2017-08-28T04:02:14: 读取文件成功
2017-08-28T04:03:14: 读取文件成功
2017-08-28T04:04:14: 读取文件成功
2017-08-28T04:05:14: 读取文件成功
2017-08-28T04:06:14: 读取文件成功
2017-08-28T04:07:14: 读取文件成功
2017-08-28T04:08:14: 读取文件成功
2017-08-28T04:09:14: 读取文件成功
2017-08-28T04:10:14: 读取文件成功
2017-08-28T04:11:14: 读取文件成功
2017-08-28T04:12:14: 读取文件成功
2017-08-28T04:13:14: 读取文件成功
2017-08-28T04:14:14: 读取文件成功
2017-08-28T04:15:14: 读取文件成功
2017-08-28T04:16:14: 读取文件成功
2017-08-28T04:17:14: 读取文件成功
2017-08-28T04:18:14: 读取文件成功
2017-08-28T04:19:14: 读取文件成功
2017-08-28T04:20:14: 读取文件成功
2017-08-28T04:21:14: 读取文件成功
2017-08-28T04:22:14: 读取文件成功
2017-08-28T04:23:14: 读取文件成功
2017-08-28T04:24:14: 读取文件成功
2017-08-28T04:25:14: 读取文件成功
2017-08-28T04:26:14: 读取文件成功
2017-08-28T04:27:14: 读取文件成功
2017-08-28T04:28:14: 读取文件成功
2017-08-28T04:29:14: 读取文件成功
2017-08-28T04:30:14: 读取文件成功
2017-08-28T04:31:14: 读取文件成功
2017-08-28T04:32:14: 读取文件成功
2017-08-28T04:33:14: 读取文件成功
2017-08-28T04:34:14: 读取文件成功
2017-08-28T04:35:14: 读取文件成功
2017-08-28T04:36:14: 读取文件成功
2017-08-28T04:37:14: 读取文件成功
2017-08-28T04:38:14: 读取文件成功
2017-08-28T04:39:14: 读取文件成功
2017-08-28T04:40:14: 读取文件成功
2017-08-28T04:41:14: 读取文件成功
2017-08-28T04:42:14: 读取文件成功
2017-08-28T04:43:14: 读取文件成功
2017-08-28T04:44:14: 读取文件成功
2017-08-28T04:45:14: 读取文件成功
2017-08-28T04:46:14: 读取文件成功
2017-08-28T04:47:14: 读取文件成功
2017-08-28T04:48:14: 读取文件成功
2017-08-28T04:49:14: 读取文件成功
2017-08-28T04:50:14: 读取文件成功
2017-08-28T04:51:14: 读取文件成功
2017-08-28T04:52:14: 读取文件成功
2017-08-28T04:53:14: 读取文件成功
2017-08-28T04:54:14: 读取文件成功
2017-08-28T04:55:14: 读取文件成功
2017-08-28T04:56:14: 读取文件成功
2017-08-28T04:57:14: 读取文件成功
2017-08-28T04:58:14: 读取文件成功
2017-08-28T04:59:14: 读取文件成功
2017-08-28T05:00:14: 读取文件成功
2017-08-28T05:01:14: 读取文件成功
2017-08-28T05:02:14: 读取文件成功
2017-08-28T05:03:14: 读取文件成功
2017-08-28T05:04:14: 读取文件成功
2017-08-28T05:05:14: 读取文件成功
2017-08-28T05:06:14: 读取文件成功
2017-08-28T05:07:14: 读取文件成功
2017-08-28T05:08:14: 读取文件成功
2017-08-28T05:09:14: 读取文件成功
2017-08-28T05:10:14: 读取文件成功
2017-08-28T05:11:14: 读取文件成功
2017-08-28T05:12:14: 读取文件成功
2017-08-28T05:13:14: 读取文件成功
2017-08-28T05:14:14: 读取文件成功
2017-08-28T05:15:15: 读取文件成功
2017-08-28T05:16:14: 读取文件成功
2017-08-28T05:17:14: 读取文件成功
2017-08-28T05:18:14: 读取文件成功
2017-08-28T05:19:14: 读取文件成功
2017-08-28T05:20:14: 读取文件成功
2017-08-28T05:21:15: 读取文件成功
2017-08-28T05:22:14: 读取文件成功
2017-08-28T05:23:14: 读取文件成功
2017-08-28T05:24:14: 读取文件成功
2017-08-28T05:25:14: 读取文件成功
2017-08-28T05:26:14: 读取文件成功
2017-08-28T05:27:15: 读取文件成功
2017-08-28T05:28:14: 读取文件成功
2017-08-28T05:29:14: 读取文件成功
2017-08-28T05:30:14: 读取文件成功
2017-08-28T05:31:14: 读取文件成功
2017-08-28T05:32:14: 读取文件成功
2017-08-28T05:33:15: 读取文件成功
2017-08-28T05:34:15: 读取文件成功
2017-08-28T05:35:15: 读取文件成功
2017-08-28T05:36:15: 读取文件成功
2017-08-28T05:37:15: 读取文件成功
2017-08-28T05:38:15: 读取文件成功
2017-08-28T05:39:15: 读取文件成功
2017-08-28T05:40:15: 读取文件成功
2017-08-28T05:41:15: 读取文件成功
2017-08-28T05:42:15: 读取文件成功
2017-08-28T05:43:15: 读取文件成功
2017-08-28T05:44:15: 读取文件成功
2017-08-28T05:45:15: 读取文件成功
2017-08-28T05:46:15: 读取文件成功
2017-08-28T05:47:15: 读取文件成功
2017-08-28T05:48:15: 读取文件成功
2017-08-28T05:49:15: 读取文件成功
2017-08-28T05:50:15: 读取文件成功
2017-08-28T05:51:15: 读取文件成功
2017-08-28T05:52:15: 读取文件成功
2017-08-28T05:53:15: 读取文件成功
2017-08-28T05:54:15: 读取文件成功
2017-08-28T05:55:15: 读取文件成功
2017-08-28T05:56:15: 读取文件成功
2017-08-28T05:57:15: 读取文件成功
2017-08-28T05:58:15: 读取文件成功
2017-08-28T05:59:15: 读取文件成功
2017-08-28T06:00:15: 读取文件成功
2017-08-28T06:01:15: 读取文件成功
2017-08-28T06:02:15: 读取文件成功
2017-08-28T06:03:15: 读取文件成功
2017-08-28T06:04:15: 读取文件成功
2017-08-28T06:05:15: 读取文件成功
2017-08-28T06:06:15: 读取文件成功
2017-08-28T06:07:15: 读取文件成功
2017-08-28T06:08:15: 读取文件成功
2017-08-28T06:09:15: 读取文件成功
2017-08-28T06:10:15: 读取文件成功
2017-08-28T06:11:15: 读取文件成功
2017-08-28T06:12:15: 读取文件成功
2017-08-28T06:13:15: 读取文件成功
2017-08-28T06:14:15: 读取文件成功
2017-08-28T06:15:15: 读取文件成功
2017-08-28T06:16:15: 读取文件成功
2017-08-28T06:17:15: 读取文件成功
2017-08-28T06:18:15: 读取文件成功
2017-08-28T06:19:15: 读取文件成功
2017-08-28T06:20:15: 读取文件成功
2017-08-28T06:21:15: 读取文件成功
2017-08-28T06:22:15: 读取文件成功
2017-08-28T06:23:15: 读取文件成功
2017-08-28T06:24:15: 读取文件成功
2017-08-28T06:25:15: 读取文件成功
2017-08-28T06:26:15: 读取文件成功
2017-08-28T06:27:15: 读取文件成功
2017-08-28T06:28:15: 读取文件成功
2017-08-28T06:29:15: 读取文件成功
2017-08-28T06:30:15: 读取文件成功
2017-08-28T06:31:15: 读取文件成功
2017-08-28T06:32:15: 读取文件成功
2017-08-28T06:33:15: 读取文件成功
2017-08-28T06:34:15: 读取文件成功
2017-08-28T06:35:15: 读取文件成功
2017-08-28T06:36:15: 读取文件成功
2017-08-28T06:37:15: 读取文件成功
2017-08-28T06:38:15: 读取文件成功
2017-08-28T06:39:15: 读取文件成功
2017-08-28T06:40:15: 读取文件成功
2017-08-28T06:41:15: 读取文件成功
2017-08-28T06:42:15: 读取文件成功
2017-08-28T06:43:15: 读取文件成功
2017-08-28T06:44:15: 读取文件成功
2017-08-28T06:45:15: 读取文件成功
2017-08-28T06:46:15: 读取文件成功
2017-08-28T06:47:15: 读取文件成功
2017-08-28T06:48:15: 读取文件成功
2017-08-28T06:49:15: 读取文件成功
2017-08-28T06:50:16: 读取文件成功
2017-08-28T06:51:16: 读取文件成功
2017-08-28T06:52:16: 读取文件成功
2017-08-28T06:53:15: 读取文件成功
2017-08-28T06:54:15: 读取文件成功
2017-08-28T06:55:16: 读取文件成功
2017-08-28T06:56:16: 读取文件成功
2017-08-28T06:57:16: 读取文件成功
2017-08-28T06:58:16: 读取文件成功
2017-08-28T06:59:16: 读取文件成功
2017-08-28T07:00:16: 读取文件成功
2017-08-28T07:01:16: 读取文件成功
2017-08-28T07:02:16: 读取文件成功
2017-08-28T07:03:16: 读取文件成功
2017-08-28T07:04:16: 读取文件成功
2017-08-28T07:05:16: 读取文件成功
2017-08-28T07:06:16: 读取文件成功
2017-08-28T07:07:16: 读取文件成功
2017-08-28T07:08:16: 读取文件成功
2017-08-28T07:09:16: 读取文件成功
2017-08-28T07:10:16: 读取文件成功
2017-08-28T07:11:16: 读取文件成功
2017-08-28T07:12:16: 读取文件成功
2017-08-28T07:13:16: 读取文件成功
2017-08-28T07:14:16: 读取文件成功
2017-08-28T07:15:16: 读取文件成功
2017-08-28T07:16:16: 读取文件成功
2017-08-28T07:17:16: 读取文件成功
2017-08-28T07:18:16: 读取文件成功
2017-08-28T07:19:16: 读取文件成功
2017-08-28T07:20:16: 读取文件成功
2017-08-28T07:21:16: 读取文件成功
2017-08-28T07:22:16: 读取文件成功
2017-08-28T07:23:16: 读取文件成功
2017-08-28T07:24:16: 读取文件成功
2017-08-28T07:25:16: 读取文件成功
2017-08-28T07:26:16: 读取文件成功
2017-08-28T07:27:16: 读取文件成功
2017-08-28T07:28:16: 读取文件成功
2017-08-28T07:29:16: 读取文件成功
2017-08-28T07:30:16: 读取文件成功
2017-08-28T07:31:16: 读取文件成功
2017-08-28T07:32:16: 读取文件成功
2017-08-28T07:33:16: 读取文件成功
2017-08-28T07:34:16: 读取文件成功
2017-08-28T07:35:16: 读取文件成功
2017-08-28T07:36:16: 读取文件成功
2017-08-28T07:37:16: 读取文件成功
2017-08-28T07:38:16: 读取文件成功
2017-08-28T07:39:16: 读取文件成功
2017-08-28T07:40:16: 读取文件成功
2017-08-28T07:41:16: 读取文件成功
2017-08-28T07:42:16: 读取文件成功
2017-08-28T07:43:16: 读取文件成功
2017-08-28T07:44:16: 读取文件成功
2017-08-28T07:45:16: 读取文件成功
2017-08-28T07:46:16: 读取文件成功
2017-08-28T07:47:16: 读取文件成功
2017-08-28T07:48:16: 读取文件成功
2017-08-28T07:49:16: 读取文件成功
2017-08-28T07:50:16: 读取文件成功
2017-08-28T07:51:16: 读取文件成功
2017-08-28T07:52:16: 读取文件成功
2017-08-28T07:53:16: 读取文件成功
2017-08-28T07:54:16: 读取文件成功
2017-08-28T07:55:16: 读取文件成功
2017-08-28T07:56:17: 读取文件成功
2017-08-28T07:57:16: 读取文件成功
2017-08-28T07:58:16: 读取文件成功
2017-08-28T07:59:16: 读取文件成功
2017-08-28T08:00:16: 读取文件成功
2017-08-28T08:01:16: 读取文件成功
2017-08-28T08:02:16: 读取文件成功
2017-08-28T08:03:16: 读取文件成功
2017-08-28T08:04:16: 读取文件成功
2017-08-28T08:05:16: 读取文件成功
2017-08-28T08:06:16: 读取文件成功
2017-08-28T08:07:16: 读取文件成功
2017-08-28T08:08:17: 读取文件成功
2017-08-28T08:09:16: 读取文件成功
2017-08-28T08:10:16: 读取文件成功
2017-08-28T08:11:16: 读取文件成功
2017-08-28T08:12:16: 读取文件成功
2017-08-28T08:13:16: 读取文件成功
2017-08-28T08:14:17: 读取文件成功
2017-08-28T08:15:16: 读取文件成功
2017-08-28T08:16:16: 读取文件成功
2017-08-28T08:17:16: 读取文件成功
2017-08-28T08:18:16: 读取文件成功
2017-08-28T08:19:16: 读取文件成功
2017-08-28T08:20:17: 读取文件成功
2017-08-28T08:21:16: 读取文件成功
2017-08-28T08:22:17: 读取文件成功
2017-08-28T08:23:17: 读取文件成功
2017-08-28T08:24:17: 读取文件成功
2017-08-28T08:25:17: 读取文件成功
2017-08-28T08:26:17: 读取文件成功
2017-08-28T08:27:17: 读取文件成功
2017-08-28T08:28:17: 读取文件成功
2017-08-28T08:29:17: 读取文件成功
2017-08-28T08:30:17: 读取文件成功
2017-08-28T08:31:17: 读取文件成功
2017-08-28T08:32:17: 读取文件成功
2017-08-28T08:33:17: 读取文件成功
2017-08-28T08:34:17: 读取文件成功
2017-08-28T08:35:17: 读取文件成功
2017-08-28T08:36:17: 读取文件成功
2017-08-28T08:37:17: 读取文件成功
2017-08-28T08:38:17: 读取文件成功
2017-08-28T08:39:17: 读取文件成功
2017-08-28T08:40:17: 读取文件成功
2017-08-28T08:41:17: 读取文件成功
2017-08-28T08:42:17: 读取文件成功
2017-08-28T08:43:17: 读取文件成功
2017-08-28T08:44:17: 读取文件成功
2017-08-28T08:45:17: 读取文件成功
2017-08-28T08:46:17: 读取文件成功
2017-08-28T08:47:17: 读取文件成功
2017-08-28T08:48:17: 读取文件成功
2017-08-28T08:49:17: 读取文件成功
2017-08-28T08:50:17: 读取文件成功
2017-08-28T08:51:17: 读取文件成功
2017-08-28T08:52:17: 读取文件成功
2017-08-28T08:53:17: 读取文件成功
2017-08-28T08:54:17: 读取文件成功
2017-08-28T08:55:17: 读取文件成功
2017-08-28T08:56:17: 读取文件成功
2017-08-28T08:57:17: 读取文件成功
2017-08-28T08:58:17: 读取文件成功
2017-08-28T08:59:17: 读取文件成功
2017-08-28T09:00:17: 读取文件成功
2017-08-28T09:01:17: 读取文件成功
2017-08-28T09:02:18: 读取文件成功
2017-08-28T09:03:17: 读取文件成功
2017-08-28T09:04:17: 读取文件成功
2017-08-28T09:05:17: 读取文件成功
2017-08-28T09:06:17: 读取文件成功
2017-08-28T09:07:17: 读取文件成功
2017-08-28T09:08:17: 读取文件成功
2017-08-28T09:09:17: 读取文件成功
2017-08-28T09:10:17: 读取文件成功
2017-08-28T09:11:17: 读取文件成功
2017-08-28T09:12:17: 读取文件成功
2017-08-28T09:13:17: 读取文件成功
2017-08-28T09:14:17: 读取文件成功
2017-08-28T09:15:17: 读取文件成功
2017-08-28T09:16:17: 读取文件成功
2017-08-28T09:17:17: 读取文件成功
2017-08-28T09:18:17: 读取文件成功
2017-08-28T09:19:17: 读取文件成功
2017-08-28T09:20:17: 读取文件成功
2017-08-28T09:21:17: 读取文件成功
2017-08-28T09:22:17: 读取文件成功
2017-08-28T09:23:17: 读取文件成功
2017-08-28T09:24:17: 读取文件成功
2017-08-28T09:25:17: 读取文件成功
2017-08-28T09:26:17: 读取文件成功
2017-08-28T09:27:17: 读取文件成功
2017-08-28T09:28:17: 读取文件成功
2017-08-28T09:29:17: 读取文件成功
2017-08-28T09:30:17: 读取文件成功
2017-08-28T09:31:18: 读取文件成功
2017-08-28T09:32:17: 读取文件成功
2017-08-28T09:33:17: 读取文件成功
2017-08-28T09:34:17: 读取文件成功
2017-08-28T09:35:17: 读取文件成功
2017-08-28T09:36:17: 读取文件成功
2017-08-28T09:37:18: 读取文件成功
2017-08-28T09:38:17: 读取文件成功
2017-08-28T09:39:17: 读取文件成功
2017-08-28T09:40:18: 读取文件成功
2017-08-28T09:41:17: 读取文件成功
2017-08-28T09:42:17: 读取文件成功
2017-08-28T09:43:18: 读取文件成功
2017-08-28T09:44:17: 读取文件成功
2017-08-28T09:45:17: 读取文件成功
2017-08-28T09:46:17: 读取文件成功
2017-08-28T09:47:18: 读取文件成功
2017-08-28T09:48:18: 读取文件成功
2017-08-28T09:49:18: 读取文件成功
2017-08-28T09:50:18: 读取文件成功
2017-08-28T09:51:18: 读取文件成功
2017-08-28T09:52:18: 读取文件成功
2017-08-28T09:53:18: 读取文件成功
2017-08-28T09:54:18: 读取文件成功
2017-08-28T09:55:18: 读取文件成功
2017-08-28T09:56:18: 读取文件成功
2017-08-28T09:57:18: 读取文件成功
2017-08-28T09:58:18: 读取文件成功
2017-08-28T09:59:18: 读取文件成功
2017-08-28T10:00:18: 读取文件成功
2017-08-28T10:01:18: 读取文件成功
2017-08-28T10:02:18: 读取文件成功
2017-08-28T10:03:18: 读取文件成功
2017-08-28T10:04:18: 读取文件成功
2017-08-28T10:05:18: 读取文件成功
2017-08-28T10:06:18: 读取文件成功
2017-08-28T10:07:18: 读取文件成功
2017-08-28T10:08:18: 读取文件成功
2017-08-28T10:09:18: 读取文件成功
2017-08-28T10:10:18: 读取文件成功
2017-08-28T10:11:18: 读取文件成功
2017-08-28T10:12:18: 读取文件成功
2017-08-28T10:13:18: 读取文件成功
2017-08-28T10:14:18: 读取文件成功
2017-08-28T10:15:18: 读取文件成功
2017-08-28T10:16:18: 读取文件成功
2017-08-28T10:17:18: 读取文件成功
2017-08-28T10:18:18: 读取文件成功
2017-08-28T10:19:18: 读取文件成功
2017-08-28T10:20:18: 读取文件成功
2017-08-28T10:21:18: 读取文件成功
2017-08-28T10:22:18: 读取文件成功
2017-08-28T10:23:18: 读取文件成功
2017-08-28T10:24:18: 读取文件成功
2017-08-28T10:25:18: 读取文件成功
2017-08-28T10:26:18: 读取文件成功
2017-08-28T10:27:18: 读取文件成功
2017-08-28T10:28:18: 读取文件成功
2017-08-28T10:29:18: 读取文件成功
2017-08-28T10:30:18: 读取文件成功
2017-08-28T10:31:18: 读取文件成功
2017-08-28T10:32:18: 读取文件成功
2017-08-28T10:33:18: 读取文件成功
2017-08-28T10:34:18: 读取文件成功
2017-08-28T10:35:18: 读取文件成功
2017-08-28T10:36:18: 读取文件成功
2017-08-28T10:37:18: 读取文件成功
2017-08-28T10:38:18: 读取文件成功
2017-08-28T10:39:18: 读取文件成功
2017-08-28T10:40:18: 读取文件成功
2017-08-28T10:41:18: 读取文件成功
2017-08-28T10:42:18: 读取文件成功
2017-08-28T10:43:18: 读取文件成功
2017-08-28T10:44:18: 读取文件成功
2017-08-28T10:45:18: 读取文件成功
2017-08-28T10:46:18: 读取文件成功
2017-08-28T10:47:18: 读取文件成功
2017-08-28T10:48:18: 读取文件成功
2017-08-28T10:49:18: 读取文件成功
2017-08-28T10:50:18: 读取文件成功
2017-08-28T10:51:18: 读取文件成功
2017-08-28T10:52:18: 读取文件成功
2017-08-28T10:53:18: 读取文件成功
2017-08-28T10:54:18: 读取文件成功
2017-08-28T10:55:18: 读取文件成功
2017-08-28T10:56:18: 读取文件成功
2017-08-28T10:57:18: 读取文件成功
2017-08-28T10:58:18: 读取文件成功
2017-08-28T10:59:18: 读取文件成功
2017-08-28T11:00:18: 读取文件成功
2017-08-28T11:01:19: 读取文件成功
2017-08-28T11:02:18: 读取文件成功
2017-08-28T11:03:18: 读取文件成功
2017-08-28T11:04:18: 读取文件成功
2017-08-28T11:05:18: 读取文件成功
2017-08-28T11:06:18: 读取文件成功
2017-08-28T11:07:19: 读取文件成功
2017-08-28T11:08:19: 读取文件成功
2017-08-28T11:09:19: 读取文件成功
2017-08-28T11:10:19: 读取文件成功
2017-08-28T11:11:19: 读取文件成功
2017-08-28T11:12:19: 读取文件成功
2017-08-28T11:13:19: 读取文件成功
2017-08-28T11:14:19: 读取文件成功
2017-08-28T11:15:19: 读取文件成功
2017-08-28T11:16:19: 读取文件成功
2017-08-28T11:17:19: 读取文件成功
2017-08-28T11:18:19: 读取文件成功
2017-08-28T11:19:19: 读取文件成功
2017-08-28T11:20:19: 读取文件成功
2017-08-28T11:21:19: 读取文件成功
2017-08-28T11:22:19: 读取文件成功
2017-08-28T11:23:19: 读取文件成功
2017-08-28T11:24:19: 读取文件成功
2017-08-28T11:25:19: 读取文件成功
2017-08-28T11:26:19: 读取文件成功
2017-08-28T11:27:19: 读取文件成功
2017-08-28T11:28:19: 读取文件成功
2017-08-28T11:29:19: 读取文件成功
2017-08-28T11:30:19: 读取文件成功
2017-08-28T11:31:19: 读取文件成功
2017-08-28T11:32:19: 读取文件成功
2017-08-28T11:33:19: 读取文件成功
2017-08-28T11:34:19: 读取文件成功
2017-08-28T11:35:19: 读取文件成功
2017-08-28T11:36:19: 读取文件成功
2017-08-28T11:37:19: 读取文件成功
2017-08-28T11:38:19: 读取文件成功
2017-08-28T11:39:19: 读取文件成功
2017-08-28T11:40:19: 读取文件成功
2017-08-28T11:41:19: 读取文件成功
2017-08-28T11:42:19: 读取文件成功
2017-08-28T11:43:19: 读取文件成功
2017-08-28T11:44:19: 读取文件成功
2017-08-28T11:45:19: 读取文件成功
2017-08-28T11:46:19: 读取文件成功
2017-08-28T11:47:19: 读取文件成功
2017-08-28T11:48:19: 读取文件成功
2017-08-28T11:49:19: 读取文件成功
2017-08-28T11:50:19: 读取文件成功
2017-08-28T11:51:19: 读取文件成功
2017-08-28T11:52:19: 读取文件成功
2017-08-28T11:53:19: 读取文件成功
2017-08-28T11:54:19: 读取文件成功
2017-08-28T11:55:19: 读取文件成功
2017-08-28T11:56:19: 读取文件成功
2017-08-28T11:57:19: 读取文件成功
2017-08-28T11:58:19: 读取文件成功
2017-08-28T11:59:19: 读取文件成功
2017-08-28T12:00:19: 读取文件成功
2017-08-28T12:01:19: 读取文件成功
2017-08-28T12:02:19: 读取文件成功
2017-08-28T12:03:19: 读取文件成功
2017-08-28T12:04:19: 读取文件成功
2017-08-28T12:05:19: 读取文件成功
2017-08-28T12:06:19: 读取文件成功
2017-08-28T12:07:19: 读取文件成功
2017-08-28T12:08:19: 读取文件成功
2017-08-28T12:09:19: 读取文件成功
2017-08-28T12:10:19: 读取文件成功
2017-08-28T12:11:19: 读取文件成功
2017-08-28T12:12:19: 读取文件成功
2017-08-28T12:13:19: 读取文件成功
2017-08-28T12:14:19: 读取文件成功
2017-08-28T12:15:19: 读取文件成功
2017-08-28T12:16:19: 读取文件成功
2017-08-28T12:17:19: 读取文件成功
2017-08-28T12:18:20: 读取文件成功
2017-08-28T12:19:19: 读取文件成功
2017-08-28T12:20:19: 读取文件成功
2017-08-28T12:21:19: 读取文件成功
2017-08-28T12:22:19: 读取文件成功
2017-08-28T12:23:19: 读取文件成功
2017-08-28T12:24:20: 读取文件成功
2017-08-28T12:25:19: 读取文件成功
2017-08-28T12:26:19: 读取文件成功
2017-08-28T12:27:20: 读取文件成功
2017-08-28T12:28:19: 读取文件成功
2017-08-28T12:29:19: 读取文件成功
2017-08-28T12:30:20: 读取文件成功
2017-08-28T12:31:19: 读取文件成功
2017-08-28T12:32:19: 读取文件成功
2017-08-28T12:33:19: 读取文件成功
2017-08-28T12:34:19: 读取文件成功
2017-08-28T12:35:19: 读取文件成功
2017-08-28T12:36:20: 读取文件成功
2017-08-28T12:37:20: 读取文件成功
2017-08-28T12:38:19: 读取文件成功
2017-08-28T12:39:20: 读取文件成功
2017-08-28T12:40:20: 读取文件成功
2017-08-28T12:41:20: 读取文件成功
2017-08-28T12:42:20: 读取文件成功
2017-08-28T12:43:20: 读取文件成功
2017-08-28T12:44:20: 读取文件成功
2017-08-28T12:45:20: 读取文件成功
2017-08-28T12:46:20: 读取文件成功
2017-08-28T12:47:20: 读取文件成功
2017-08-28T12:48:20: 读取文件成功
2017-08-28T12:49:20: 读取文件成功
2017-08-28T12:50:20: 读取文件成功
2017-08-28T12:51:20: 读取文件成功
2017-08-28T12:52:20: 读取文件成功
2017-08-28T12:53:20: 读取文件成功
2017-08-28T12:54:20: 读取文件成功
2017-08-28T12:55:20: 读取文件成功
2017-08-28T12:56:20: 读取文件成功
2017-08-28T12:57:20: 读取文件成功
2017-08-28T12:58:20: 读取文件成功
2017-08-28T12:59:20: 读取文件成功
2017-08-28T13:00:20: 读取文件成功
2017-08-28T13:01:20: 读取文件成功
2017-08-28T13:02:20: 读取文件成功
2017-08-28T13:03:20: 读取文件成功
2017-08-28T13:04:20: 读取文件成功
2017-08-28T13:05:20: 读取文件成功
2017-08-28T13:06:20: 读取文件成功
2017-08-28T13:07:20: 读取文件成功
2017-08-28T13:08:20: 读取文件成功
2017-08-28T13:09:20: 读取文件成功
2017-08-28T13:10:20: 读取文件成功
2017-08-28T13:11:20: 读取文件成功
2017-08-28T13:12:20: 读取文件成功
2017-08-28T13:13:20: 读取文件成功
2017-08-28T13:14:20: 读取文件成功
2017-08-28T13:15:20: 读取文件成功
2017-08-28T13:16:20: 读取文件成功
2017-08-28T13:17:20: 读取文件成功
2017-08-28T13:18:20: 读取文件成功
2017-08-28T13:19:20: 读取文件成功
2017-08-28T13:20:20: 读取文件成功
2017-08-28T13:21:20: 读取文件成功
2017-08-28T13:22:20: 读取文件成功
2017-08-28T13:23:20: 读取文件成功
2017-08-28T13:24:20: 读取文件成功
2017-08-28T13:25:20: 读取文件成功
2017-08-28T13:26:20: 读取文件成功
2017-08-28T13:27:20: 读取文件成功
2017-08-28T13:28:20: 读取文件成功
2017-08-28T13:29:20: 读取文件成功
2017-08-28T13:30:20: 读取文件成功
2017-08-28T13:31:20: 读取文件成功
2017-08-28T13:32:20: 读取文件成功
2017-08-28T13:33:20: 读取文件成功
2017-08-28T13:34:20: 读取文件成功
2017-08-28T13:35:20: 读取文件成功
2017-08-28T13:36:20: 读取文件成功
2017-08-28T13:37:20: 读取文件成功
2017-08-28T13:38:20: 读取文件成功
2017-08-28T13:39:20: 读取文件成功
2017-08-28T13:40:20: 读取文件成功
2017-08-28T13:41:20: 读取文件成功
2017-08-28T13:42:20: 读取文件成功
2017-08-28T13:43:20: 读取文件成功
2017-08-28T13:44:20: 读取文件成功
2017-08-28T13:45:20: 读取文件成功
2017-08-28T13:46:20: 读取文件成功
2017-08-28T13:47:20: 读取文件成功
2017-08-28T13:48:20: 读取文件成功
2017-08-28T13:49:20: 读取文件成功
2017-08-28T13:50:20: 读取文件成功
2017-08-28T13:51:20: 读取文件成功
2017-08-28T13:52:20: 读取文件成功
2017-08-28T13:53:20: 读取文件成功
2017-08-28T13:54:21: 读取文件成功
2017-08-28T13:55:21: 读取文件成功
2017-08-28T13:56:21: 读取文件成功
2017-08-28T13:57:20: 读取文件成功
2017-08-28T13:58:20: 读取文件成功
2017-08-28T13:59:20: 读取文件成功
2017-08-28T14:00:21: 读取文件成功
2017-08-28T14:01:20: 读取文件成功
2017-08-28T14:02:20: 读取文件成功
2017-08-28T14:03:20: 读取文件成功
2017-08-28T14:04:20: 读取文件成功
2017-08-28T14:05:21: 读取文件成功
2017-08-28T14:06:21: 读取文件成功
2017-08-28T14:07:21: 读取文件成功
2017-08-28T14:08:21: 读取文件成功
2017-08-28T14:09:21: 读取文件成功
2017-08-28T14:10:21: 读取文件成功
2017-08-28T14:11:21: 读取文件成功
2017-08-28T14:12:21: 读取文件成功
2017-08-28T14:13:21: 读取文件成功
2017-08-28T14:14:21: 读取文件成功
2017-08-28T14:15:21: 读取文件成功
2017-08-28T14:16:21: 读取文件成功
2017-08-28T14:17:21: 读取文件成功
2017-08-28T14:18:21: 读取文件成功
2017-08-28T14:19:21: 读取文件成功
2017-08-28T14:20:21: 读取文件成功
2017-08-28T14:21:21: 读取文件成功
2017-08-28T14:22:21: 读取文件成功
2017-08-28T14:23:21: 读取文件成功
2017-08-28T14:24:21: 读取文件成功
2017-08-28T14:25:21: 读取文件成功
2017-08-28T14:26:21: 读取文件成功
2017-08-28T14:27:21: 读取文件成功
2017-08-28T14:28:21: 读取文件成功
2017-08-28T14:29:21: 读取文件成功
2017-08-28T14:30:21: 读取文件成功
2017-08-28T14:31:21: 读取文件成功
2017-08-28T14:32:21: 读取文件成功
2017-08-28T14:33:21: 读取文件成功
2017-08-28T14:34:21: 读取文件成功
2017-08-28T14:35:21: 读取文件成功
2017-08-28T14:36:21: 读取文件成功
2017-08-28T14:37:21: 读取文件成功
2017-08-28T14:38:21: 读取文件成功
2017-08-28T14:39:21: 读取文件成功
2017-08-28T14:40:21: 读取文件成功
2017-08-28T14:41:21: 读取文件成功
2017-08-28T14:42:21: 读取文件成功
2017-08-28T14:43:21: 读取文件成功
2017-08-28T14:44:21: 读取文件成功
2017-08-28T14:45:21: 读取文件成功
2017-08-28T14:46:21: 读取文件成功
2017-08-28T14:47:21: 读取文件成功
2017-08-28T14:48:21: 读取文件成功
2017-08-28T14:49:21: 读取文件成功
2017-08-28T14:50:21: 读取文件成功
2017-08-28T14:51:21: 读取文件成功
2017-08-28T14:52:21: 读取文件成功
2017-08-28T14:53:21: 读取文件成功
2017-08-28T14:54:21: 读取文件成功
2017-08-28T14:55:21: 读取文件成功
2017-08-28T14:56:21: 读取文件成功
2017-08-28T14:57:21: 读取文件成功
2017-08-28T14:58:21: 读取文件成功
2017-08-28T14:59:21: 读取文件成功
2017-08-28T15:00:21: 读取文件成功
2017-08-28T15:01:21: 读取文件成功
2017-08-28T15:02:21: 读取文件成功
2017-08-28T15:03:21: 读取文件成功
2017-08-28T15:04:21: 读取文件成功
2017-08-28T15:05:21: 读取文件成功
2017-08-28T15:06:21: 读取文件成功
2017-08-28T15:07:21: 读取文件成功
2017-08-28T15:08:21: 读取文件成功
2017-08-28T15:09:21: 读取文件成功
2017-08-28T15:10:21: 读取文件成功
2017-08-28T15:11:22: 读取文件成功
2017-08-28T15:12:21: 读取文件成功
2017-08-28T15:13:21: 读取文件成功
2017-08-28T15:14:21: 读取文件成功
2017-08-28T15:15:21: 读取文件成功
2017-08-28T15:16:21: 读取文件成功
2017-08-28T15:17:22: 读取文件成功
2017-08-28T15:18:21: 读取文件成功
2017-08-28T15:19:21: 读取文件成功
2017-08-28T15:20:21: 读取文件成功
2017-08-28T15:21:21: 读取文件成功
2017-08-28T15:22:21: 读取文件成功
2017-08-28T15:23:22: 读取文件成功
2017-08-28T15:24:21: 读取文件成功
2017-08-28T15:25:21: 读取文件成功
2017-08-28T15:26:21: 读取文件成功
2017-08-28T15:27:21: 读取文件成功
2017-08-28T15:28:21: 读取文件成功
2017-08-28T15:29:22: 读取文件成功
2017-08-28T15:30:21: 读取文件成功
2017-08-28T15:31:21: 读取文件成功
2017-08-28T15:32:22: 读取文件成功
2017-08-28T15:33:22: 读取文件成功
2017-08-28T15:34:22: 读取文件成功
2017-08-28T15:35:22: 读取文件成功
2017-08-28T15:36:22: 读取文件成功
2017-08-28T15:37:22: 读取文件成功
2017-08-28T15:38:22: 读取文件成功
2017-08-28T15:39:22: 读取文件成功
2017-08-28T15:40:22: 读取文件成功
2017-08-28T15:41:22: 读取文件成功
2017-08-28T15:42:22: 读取文件成功
2017-08-28T15:43:22: 读取文件成功
2017-08-28T15:44:22: 读取文件成功
2017-08-28T15:45:22: 读取文件成功
2017-08-28T15:46:22: 读取文件成功
2017-08-28T15:47:22: 读取文件成功
2017-08-28T15:48:22: 读取文件成功
2017-08-28T15:49:22: 读取文件成功
2017-08-28T15:50:22: 读取文件成功
2017-08-28T15:51:22: 读取文件成功
2017-08-28T15:52:22: 读取文件成功
2017-08-28T15:53:22: 读取文件成功
2017-08-28T15:54:22: 读取文件成功
2017-08-28T15:55:22: 读取文件成功
2017-08-28T15:56:22: 读取文件成功
2017-08-28T15:57:22: 读取文件成功
2017-08-28T15:58:22: 读取文件成功
2017-08-28T15:59:22: 读取文件成功
2017-08-28T16:00:22: 读取文件成功
2017-08-28T16:01:22: 读取文件成功
2017-08-28T16:02:22: 读取文件成功
2017-08-28T16:03:22: 读取文件成功
2017-08-28T16:04:22: 读取文件成功
2017-08-28T16:05:22: 读取文件成功
2017-08-28T16:06:22: 读取文件成功
2017-08-28T16:07:22: 读取文件成功
2017-08-28T16:08:22: 读取文件成功
2017-08-28T16:09:22: 读取文件成功
2017-08-28T16:10:22: 读取文件成功
2017-08-28T16:11:22: 读取文件成功
2017-08-28T16:12:22: 读取文件成功
2017-08-28T16:13:22: 读取文件成功
2017-08-28T16:14:22: 读取文件成功
2017-08-28T16:15:22: 读取文件成功
2017-08-28T16:16:22: 读取文件成功
2017-08-28T16:17:22: 读取文件成功
2017-08-28T16:18:22: 读取文件成功
2017-08-28T16:19:22: 读取文件成功
2017-08-28T16:20:22: 读取文件成功
2017-08-28T16:21:22: 读取文件成功
2017-08-28T16:22:22: 读取文件成功
2017-08-28T16:23:22: 读取文件成功
2017-08-28T16:24:22: 读取文件成功
2017-08-28T16:25:22: 读取文件成功
2017-08-28T16:26:22: 读取文件成功
2017-08-28T16:27:22: 读取文件成功
2017-08-28T16:28:22: 读取文件成功
2017-08-28T16:29:22: 读取文件成功
2017-08-28T16:30:22: 读取文件成功
2017-08-28T16:31:22: 读取文件成功
2017-08-28T16:32:22: 读取文件成功
2017-08-28T16:33:22: 读取文件成功
2017-08-28T16:34:22: 读取文件成功
2017-08-28T16:35:22: 读取文件成功
2017-08-28T16:36:22: 读取文件成功
2017-08-28T16:37:22: 读取文件成功
2017-08-28T16:38:22: 读取文件成功
2017-08-28T16:39:22: 读取文件成功
2017-08-28T16:40:22: 读取文件成功
2017-08-28T16:41:22: 读取文件成功
2017-08-28T16:42:22: 读取文件成功
2017-08-28T16:43:22: 读取文件成功
2017-08-28T16:44:22: 读取文件成功
2017-08-28T16:45:22: 读取文件成功
2017-08-28T16:46:23: 读取文件成功
2017-08-28T16:47:22: 读取文件成功
2017-08-28T16:48:23: 读取文件成功
2017-08-28T16:49:22: 读取文件成功
2017-08-28T16:50:22: 读取文件成功
2017-08-28T16:51:22: 读取文件成功
2017-08-28T16:52:23: 读取文件成功
2017-08-28T16:53:22: 读取文件成功
2017-08-28T16:54:22: 读取文件成功
2017-08-28T16:55:22: 读取文件成功
2017-08-28T16:56:22: 读取文件成功
2017-08-28T16:57:23: 读取文件成功
2017-08-28T16:58:23: 读取文件成功
2017-08-28T16:59:23: 读取文件成功
2017-08-28T17:00:23: 读取文件成功
2017-08-28T17:01:23: 读取文件成功
2017-08-28T17:02:23: 读取文件成功
2017-08-28T17:03:23: 读取文件成功
2017-08-28T17:04:23: 读取文件成功
2017-08-28T17:05:23: 读取文件成功
2017-08-28T17:06:23: 读取文件成功
2017-08-28T17:07:23: 读取文件成功
2017-08-28T17:08:23: 读取文件成功
2017-08-28T17:09:23: 读取文件成功
2017-08-28T17:10:23: 读取文件成功
2017-08-28T17:11:23: 读取文件成功
2017-08-28T17:12:23: 读取文件成功
2017-08-28T17:13:23: 读取文件成功
2017-08-28T17:14:23: 读取文件成功
2017-08-28T17:15:23: 读取文件成功
2017-08-28T17:16:23: 读取文件成功
2017-08-28T17:17:23: 读取文件成功
2017-08-28T17:18:23: 读取文件成功
2017-08-28T17:19:23: 读取文件成功
2017-08-28T17:20:23: 读取文件成功
2017-08-28T17:21:23: 读取文件成功
2017-08-28T17:22:23: 读取文件成功
2017-08-28T17:23:23: 读取文件成功
2017-08-28T17:24:23: 读取文件成功
2017-08-28T17:25:23: 读取文件成功
2017-08-28T17:26:23: 读取文件成功
2017-08-28T17:27:23: 读取文件成功
2017-08-28T17:28:23: 读取文件成功
2017-08-28T17:29:23: 读取文件成功
2017-08-28T17:30:23: 读取文件成功
2017-08-28T17:31:23: 读取文件成功
2017-08-28T17:32:23: 读取文件成功
2017-08-28T17:33:23: 读取文件成功
2017-08-28T17:34:23: 读取文件成功
2017-08-28T17:35:23: 读取文件成功
2017-08-28T17:36:23: 读取文件成功
2017-08-28T17:37:23: 读取文件成功
2017-08-28T17:38:23: 读取文件成功
2017-08-28T17:39:23: 读取文件成功
2017-08-28T17:40:23: 读取文件成功
2017-08-28T17:41:23: 读取文件成功
2017-08-28T17:42:23: 读取文件成功
2017-08-28T17:43:23: 读取文件成功
2017-08-28T17:44:23: 读取文件成功
2017-08-28T17:45:23: 读取文件成功
2017-08-28T17:46:23: 读取文件成功
2017-08-28T17:47:23: 读取文件成功
2017-08-28T17:48:23: 读取文件成功
2017-08-28T17:49:23: 读取文件成功
2017-08-28T17:50:23: 读取文件成功
2017-08-28T17:51:23: 读取文件成功
2017-08-28T17:52:23: 读取文件成功
2017-08-28T17:53:23: 读取文件成功
2017-08-28T17:54:23: 读取文件成功
2017-08-28T17:55:23: 读取文件成功
2017-08-28T17:56:23: 读取文件成功
2017-08-28T17:57:23: 读取文件成功
2017-08-28T17:58:23: 读取文件成功
2017-08-28T17:59:23: 读取文件成功
2017-08-28T18:00:23: 读取文件成功
2017-08-28T18:01:24: 读取文件成功
2017-08-28T18:02:23: 读取文件成功
2017-08-28T18:03:23: 读取文件成功
2017-08-28T18:04:23: 读取文件成功
2017-08-28T18:05:23: 读取文件成功
2017-08-28T18:06:23: 读取文件成功
2017-08-28T18:07:23: 读取文件成功
2017-08-28T18:08:23: 读取文件成功
2017-08-28T18:09:23: 读取文件成功
2017-08-28T18:10:23: 读取文件成功
2017-08-28T18:11:23: 读取文件成功
2017-08-28T18:12:23: 读取文件成功
2017-08-28T18:13:23: 读取文件成功
2017-08-28T18:14:23: 读取文件成功
2017-08-28T18:15:23: 读取文件成功
2017-08-28T18:16:23: 读取文件成功
2017-08-28T18:17:23: 读取文件成功
2017-08-28T18:18:23: 读取文件成功
2017-08-28T18:19:27: 读取文件成功
2017-08-28T18:20:23: 读取文件成功
2017-08-28T18:21:24: 读取文件成功
2017-08-28T18:22:23: 读取文件成功
2017-08-28T18:23:23: 读取文件成功
2017-08-28T18:24:23: 读取文件成功
2017-08-28T18:25:23: 读取文件成功
2017-08-28T18:26:23: 读取文件成功
2017-08-28T18:27:24: 读取文件成功
2017-08-28T18:28:23: 读取文件成功
2017-08-28T18:29:24: 读取文件成功
2017-08-28T18:30:24: 读取文件成功
2017-08-28T18:31:24: 读取文件成功
2017-08-28T18:32:24: 读取文件成功
2017-08-28T18:33:24: 读取文件成功
2017-08-28T18:34:24: 读取文件成功
2017-08-28T18:35:24: 读取文件成功
2017-08-28T18:36:24: 读取文件成功
2017-08-28T18:37:24: 读取文件成功
2017-08-28T18:38:24: 读取文件成功
2017-08-28T18:39:24: 读取文件成功
2017-08-28T18:40:24: 读取文件成功
2017-08-28T18:41:24: 读取文件成功
2017-08-28T18:42:24: 读取文件成功
2017-08-28T18:43:24: 读取文件成功
2017-08-28T18:44:24: 读取文件成功
2017-08-28T18:45:24: 读取文件成功
2017-08-28T18:46:24: 读取文件成功
2017-08-28T18:47:24: 读取文件成功
2017-08-28T18:48:24: 读取文件成功
2017-08-28T18:49:24: 读取文件成功
2017-08-28T18:50:24: 读取文件成功
2017-08-28T18:51:24: 读取文件成功
2017-08-28T18:52:24: 读取文件成功
2017-08-28T18:53:24: 读取文件成功
2017-08-28T18:54:24: 读取文件成功
2017-08-28T18:55:24: 读取文件成功
2017-08-28T18:56:24: 读取文件成功
2017-08-28T18:57:24: 读取文件成功
2017-08-28T18:58:24: 读取文件成功
2017-08-28T18:59:24: 读取文件成功
2017-08-28T19:00:24: 读取文件成功
2017-08-28T19:01:24: 读取文件成功
2017-08-28T19:02:24: 读取文件成功
2017-08-28T19:03:24: 读取文件成功
2017-08-28T19:04:24: 读取文件成功
2017-08-28T19:05:24: 读取文件成功
2017-08-28T19:06:24: 读取文件成功
2017-08-28T19:07:24: 读取文件成功
2017-08-28T19:08:24: 读取文件成功
2017-08-28T19:09:24: 读取文件成功
2017-08-28T19:10:24: 读取文件成功
2017-08-28T19:11:24: 读取文件成功
2017-08-28T19:12:24: 读取文件成功
2017-08-28T19:13:24: 读取文件成功
2017-08-28T19:14:24: 读取文件成功
2017-08-28T19:15:24: 读取文件成功
2017-08-28T19:16:24: 读取文件成功
2017-08-28T19:17:24: 读取文件成功
2017-08-28T19:18:24: 读取文件成功
2017-08-28T19:19:24: 读取文件成功
2017-08-28T19:20:24: 读取文件成功
2017-08-28T19:21:24: 读取文件成功
2017-08-28T19:22:24: 读取文件成功
2017-08-28T19:23:24: 读取文件成功
2017-08-28T19:24:24: 读取文件成功
2017-08-28T19:25:24: 读取文件成功
2017-08-28T19:26:24: 读取文件成功
2017-08-28T19:27:24: 读取文件成功
2017-08-28T19:28:24: 读取文件成功
2017-08-28T19:29:24: 读取文件成功
2017-08-28T19:30:24: 读取文件成功
2017-08-28T19:31:24: 读取文件成功
2017-08-28T19:32:24: 读取文件成功
2017-08-28T19:33:24: 读取文件成功
2017-08-28T19:34:24: 读取文件成功
2017-08-28T19:35:24: 读取文件成功
2017-08-28T19:36:24: 读取文件成功
2017-08-28T19:37:24: 读取文件成功
2017-08-28T19:38:25: 读取文件成功
2017-08-28T19:39:24: 读取文件成功
2017-08-28T19:40:24: 读取文件成功
2017-08-28T19:41:24: 读取文件成功
2017-08-28T19:42:24: 读取文件成功
2017-08-28T19:43:31: 读取文件成功
2017-08-28T19:44:27: 读取文件成功
2017-08-28T19:45:28: 读取文件成功
2017-08-28T19:46:30: 读取文件成功
2017-08-28T19:47:24: 读取文件成功
2017-08-28T19:49:18: 读取文件成功
2017-08-28T19:49:49: 读取文件成功
2017-08-28T19:50:47: 读取文件成功
2017-08-28T19:51:24: 读取文件成功
2017-08-28T19:52:31: 读取文件成功
2017-08-28T19:53:48: 读取文件成功
2017-08-28T19:54:24: 读取文件成功
2017-08-28T19:55:24: 读取文件成功
2017-08-28T19:56:25: 读取文件成功
2017-08-28T19:57:25: 读取文件成功
2017-08-28T19:58:25: 读取文件成功
2017-08-28T19:59:25: 读取文件成功
2017-08-28T20:00:25: 读取文件成功
2017-08-28T20:01:25: 读取文件成功
2017-08-28T20:02:25: 读取文件成功
2017-08-28T20:03:25: 读取文件成功
2017-08-28T20:04:40: 读取文件成功
2017-08-28T20:05:45: 读取文件成功
2017-08-28T20:06:26: 读取文件成功
2017-08-28T20:07:25: 读取文件成功
2017-08-28T20:08:25: 读取文件成功
2017-08-28T20:09:25: 读取文件成功
2017-08-28T20:10:25: 读取文件成功
2017-08-28T20:11:25: 读取文件成功
2017-08-28T20:12:25: 读取文件成功
2017-08-28T20:13:25: 读取文件成功
2017-08-28T20:14:25: 读取文件成功
2017-08-28T20:15:25: 读取文件成功
2017-08-28T20:16:25: 读取文件成功
2017-08-28T20:17:25: 读取文件成功
2017-08-28T20:18:25: 读取文件成功
2017-08-28T20:19:25: 读取文件成功
2017-08-28T20:20:25: 读取文件成功
2017-08-28T20:21:25: 读取文件成功
2017-08-28T20:22:25: 读取文件成功
2017-08-28T20:23:25: 读取文件成功
2017-08-28T20:24:25: 读取文件成功
2017-08-28T20:25:25: 读取文件成功
2017-08-28T20:26:25: 读取文件成功
2017-08-28T20:27:25: 读取文件成功
2017-08-28T20:28:25: 读取文件成功
2017-08-28T20:29:25: 读取文件成功
2017-08-28T20:30:25: 读取文件成功
2017-08-28T20:31:25: 读取文件成功
2017-08-28T20:32:25: 读取文件成功
2017-08-28T20:33:25: 读取文件成功
2017-08-28T20:34:25: 读取文件成功
2017-08-28T20:35:25: 读取文件成功
2017-08-28T20:36:25: 读取文件成功
2017-08-28T20:37:25: 读取文件成功
2017-08-28T20:38:28: 读取文件成功
2017-08-28T20:39:26: 读取文件成功
2017-08-28T20:40:25: 读取文件成功
2017-08-28T20:41:25: 读取文件成功
2017-08-28T20:42:25: 读取文件成功
2017-08-28T20:43:33: 读取文件成功
2017-08-28T20:44:37: 读取文件成功
2017-08-28T20:45:25: 读取文件成功
2017-08-28T20:46:25: 读取文件成功
2017-08-28T20:47:25: 读取文件成功
2017-08-28T20:48:36: 读取文件成功
2017-08-28T20:49:51: 读取文件成功
2017-08-28T20:50:25: 读取文件成功
2017-08-28T20:51:25: 读取文件成功
2017-08-28T20:52:26: 读取文件成功
2017-08-28T20:53:25: 读取文件成功
2017-08-28T20:54:25: 读取文件成功
2017-08-28T20:55:38: 读取文件成功
2017-08-28T20:56:39: 读取文件成功
2017-08-28T20:57:33: 读取文件成功
2017-08-28T20:58:50: 读取文件成功
2017-08-28T20:59:25: 读取文件成功
2017-08-28T21:00:25: 读取文件成功
2017-08-28T21:01:25: 读取文件成功
2017-08-28T21:02:33: 读取文件成功
2017-08-28T21:03:51: 读取文件成功
2017-08-28T21:04:25: 读取文件成功
2017-08-28T21:05:27: 读取文件成功
2017-08-28T21:06:25: 读取文件成功
2017-08-28T21:07:47: 读取文件成功
2017-08-28T21:08:38: 读取文件成功
2017-08-28T21:09:25: 读取文件成功
2017-08-28T21:10:25: 读取文件成功
2017-08-28T21:11:29: 读取文件成功
2017-08-28T21:12:32: 读取文件成功
2017-08-28T21:13:25: 读取文件成功
2017-08-28T21:14:25: 读取文件成功
2017-08-28T21:15:41: 读取文件成功
2017-08-28T21:16:25: 读取文件成功
2017-08-28T21:17:48: 读取文件成功
2017-08-28T21:18:26: 读取文件成功
2017-08-28T21:19:25: 读取文件成功
2017-08-28T21:20:25: 读取文件成功
2017-08-28T21:21:25: 读取文件成功
2017-08-28T21:22:25: 读取文件成功
2017-08-28T21:23:31: 读取文件成功
2017-08-28T21:24:29: 读取文件成功
2017-08-28T21:25:26: 读取文件成功
2017-08-28T21:26:26: 读取文件成功
2017-08-28T21:27:26: 读取文件成功
2017-08-28T21:28:26: 读取文件成功
2017-08-28T21:29:26: 读取文件成功
2017-08-28T21:30:31: 读取文件成功
2017-08-28T21:31:49: 读取文件成功
2017-08-28T21:32:26: 读取文件成功
2017-08-28T21:33:38: 读取文件成功
2017-08-28T21:34:26: 读取文件成功
2017-08-28T21:35:34: 读取文件成功
2017-08-28T21:36:26: 读取文件成功
2017-08-28T21:37:28: 读取文件成功
2017-08-28T21:38:26: 读取文件成功
2017-08-28T21:39:26: 读取文件成功
2017-08-28T21:41:26: 读取文件成功
2017-08-28T21:42:27: 读取文件成功
2017-08-28T21:43:52: 读取文件成功
2017-08-28T21:44:27: 读取文件成功
2017-08-28T21:45:43: 读取文件成功
2017-08-28T21:46:26: 读取文件成功
2017-08-28T21:47:26: 读取文件成功
2017-08-28T21:48:34: 读取文件成功
2017-08-28T21:49:26: 读取文件成功
2017-08-28T21:50:50: 读取文件成功
2017-08-28T21:51:26: 读取文件成功
2017-08-28T21:52:26: 读取文件成功
2017-08-28T21:53:26: 读取文件成功
2017-08-28T21:54:36: 读取文件成功
2017-08-28T21:55:40: 读取文件成功
2017-08-28T21:56:26: 读取文件成功
2017-08-28T21:57:49: 读取文件成功
2017-08-28T21:58:26: 读取文件成功
2017-08-28T21:59:26: 读取文件成功
2017-08-28T22:00:26: 读取文件成功
2017-08-28T22:01:35: 读取文件成功
2017-08-28T22:02:26: 读取文件成功
2017-08-28T22:03:29: 读取文件成功
2017-08-28T22:04:46: 读取文件成功
2017-08-28T22:05:26: 读取文件成功
2017-08-28T22:06:42: 读取文件成功
2017-08-28T22:07:26: 读取文件成功
2017-08-28T22:08:28: 读取文件成功
2017-08-28T22:09:26: 读取文件成功
2017-08-28T22:10:33: 读取文件成功
2017-08-28T22:12:26: 读取文件成功
2017-08-28T22:12:30: 读取文件成功
2017-08-28T22:13:41: 读取文件成功
2017-08-28T22:14:26: 读取文件成功
2017-08-28T22:15:26: 读取文件成功
2017-08-28T22:16:26: 读取文件成功
2017-08-28T22:17:51: 读取文件成功
2017-08-28T22:18:26: 读取文件成功
2017-08-28T22:19:26: 读取文件成功
2017-08-28T22:20:26: 读取文件成功
2017-08-28T22:21:39: 读取文件成功
2017-08-28T22:22:26: 读取文件成功
2017-08-28T22:23:29: 读取文件成功
2017-08-28T22:24:32: 读取文件成功
2017-08-28T22:25:26: 读取文件成功
2017-08-28T22:26:26: 读取文件成功
2017-08-28T22:27:26: 读取文件成功
2017-08-28T22:28:39: 读取文件成功
2017-08-28T22:29:26: 读取文件成功
2017-08-28T22:30:26: 读取文件成功
2017-08-28T22:31:26: 读取文件成功
2017-08-28T22:32:26: 读取文件成功
2017-08-28T22:33:26: 读取文件成功
2017-08-28T22:34:33: 读取文件成功
2017-08-28T22:35:34: 读取文件成功
2017-08-28T22:36:26: 读取文件成功
2017-08-28T22:37:26: 读取文件成功
2017-08-28T22:38:26: 读取文件成功
2017-08-28T22:39:37: 读取文件成功
2017-08-28T22:40:37: 读取文件成功
2017-08-28T22:41:26: 读取文件成功
2017-08-28T22:42:26: 读取文件成功
2017-08-28T22:43:26: 读取文件成功
2017-08-28T22:44:36: 读取文件成功
2017-08-28T22:45:26: 读取文件成功
2017-08-28T22:46:39: 读取文件成功
2017-08-28T22:48:03: 读取文件成功
2017-08-28T22:48:31: 读取文件成功
2017-08-28T22:49:35: 读取文件成功
2017-08-28T22:50:27: 读取文件成功
2017-08-28T22:51:48: 读取文件成功
2017-08-28T22:52:27: 读取文件成功
2017-08-28T22:53:27: 读取文件成功
2017-08-28T22:54:27: 读取文件成功
2017-08-28T22:55:32: 读取文件成功
2017-08-28T22:56:30: 读取文件成功
2017-08-28T22:57:27: 读取文件成功
2017-08-28T22:58:46: 读取文件成功
2017-08-28T22:59:27: 读取文件成功
2017-08-28T23:00:27: 读取文件成功
2017-08-28T23:01:27: 读取文件成功
2017-08-28T23:02:30: 读取文件成功
2017-08-28T23:03:31: 读取文件成功
2017-08-28T23:04:27: 读取文件成功
2017-08-28T23:05:27: 读取文件成功
2017-08-28T23:07:14: 读取文件成功
2017-08-28T23:07:35: 读取文件成功
2017-08-28T23:08:41: 读取文件成功
2017-08-28T23:09:28: 读取文件成功
2017-08-28T23:10:27: 读取文件成功
2017-08-28T23:11:27: 读取文件成功
2017-08-28T23:12:27: 读取文件成功
2017-08-28T23:13:27: 读取文件成功
2017-08-28T23:14:28: 读取文件成功
2017-08-28T23:15:31: 读取文件成功
2017-08-28T23:16:27: 读取文件成功
2017-08-28T23:17:27: 读取文件成功
2017-08-28T23:18:27: 读取文件成功
2017-08-28T23:19:36: 读取文件成功
2017-08-28T23:20:27: 读取文件成功
2017-08-28T23:21:31: 读取文件成功
2017-08-28T23:23:06: 读取文件成功
2017-08-28T23:23:27: 读取文件成功
2017-08-28T23:24:28: 读取文件成功
2017-08-28T23:25:27: 读取文件成功
2017-08-28T23:26:27: 读取文件成功
2017-08-28T23:27:46: 读取文件成功
2017-08-28T23:28:27: 读取文件成功
2017-08-28T23:29:27: 读取文件成功
2017-08-28T23:30:27: 读取文件成功
2017-08-28T23:31:40: 读取文件成功
2017-08-28T23:33:11: 读取文件成功
2017-08-28T23:33:27: 读取文件成功
2017-08-28T23:34:30: 读取文件成功
2017-08-28T23:35:27: 读取文件成功
2017-08-28T23:36:27: 读取文件成功
2017-08-28T23:37:27: 读取文件成功
2017-08-28T23:38:41: 读取文件成功
2017-08-28T23:39:55: 读取文件成功
2017-08-28T23:40:34: 读取文件成功
2017-08-28T23:41:56: 读取文件成功
2017-08-28T23:42:27: 读取文件成功
2017-08-28T23:43:27: 读取文件成功
2017-08-28T23:44:27: 读取文件成功
2017-08-28T23:45:37: 读取文件成功
2017-08-28T23:46:27: 读取文件成功
2017-08-28T23:47:33: 读取文件成功
2017-08-28T23:48:51: 读取文件成功
2017-08-28T23:49:27: 读取文件成功
2017-08-28T23:50:27: 非记录时间：2017-08-28T23:50:27+08:00
2017-08-28T23:51:27: 非记录时间：2017-08-28T23:51:27+08:00
2017-08-28T23:52:27: 非记录时间：2017-08-28T23:52:27+08:00
2017-08-28T23:53:27: 非记录时间：2017-08-28T23:53:27+08:00
2017-08-28T23:54:27: 非记录时间：2017-08-28T23:54:27+08:00
2017-08-28T23:55:27: 非记录时间：2017-08-28T23:55:27+08:00
2017-08-28T23:56:27: 非记录时间：2017-08-28T23:56:27+08:00
2017-08-28T23:57:27: 非记录时间：2017-08-28T23:57:27+08:00
2017-08-28T23:58:27: 非记录时间：2017-08-28T23:58:27+08:00
2017-08-28T23:59:27: 非记录时间：2017-08-28T23:59:27+08:00
