2017-08-15T00:00:09: 非记录时间：2017-08-15T00:00:09+08:00
2017-08-15T00:01:09: 非记录时间：2017-08-15T00:01:09+08:00
2017-08-15T00:02:09: 非记录时间：2017-08-15T00:02:09+08:00
2017-08-15T00:03:09: 非记录时间：2017-08-15T00:03:09+08:00
2017-08-15T00:04:09: 非记录时间：2017-08-15T00:04:09+08:00
2017-08-15T00:05:09: 非记录时间：2017-08-15T00:05:09+08:00
2017-08-15T00:06:09: 非记录时间：2017-08-15T00:06:09+08:00
2017-08-15T00:07:09: 非记录时间：2017-08-15T00:07:09+08:00
2017-08-15T00:08:09: 非记录时间：2017-08-15T00:08:09+08:00
2017-08-15T00:09:09: 非记录时间：2017-08-15T00:09:09+08:00
2017-08-15T00:10:09: 非记录时间：2017-08-15T00:10:09+08:00
2017-08-15T00:11:09: 非记录时间：2017-08-15T00:11:09+08:00
2017-08-15T00:12:09: 非记录时间：2017-08-15T00:12:09+08:00
2017-08-15T00:13:09: 非记录时间：2017-08-15T00:13:09+08:00
2017-08-15T00:14:09: 非记录时间：2017-08-15T00:14:09+08:00
2017-08-15T00:15:09: 非记录时间：2017-08-15T00:15:09+08:00
2017-08-15T00:16:09: 非记录时间：2017-08-15T00:16:09+08:00
2017-08-15T00:17:09: 非记录时间：2017-08-15T00:17:09+08:00
2017-08-15T00:18:09: 非记录时间：2017-08-15T00:18:09+08:00
2017-08-15T00:19:09: 非记录时间：2017-08-15T00:19:09+08:00
2017-08-15T00:20:09: 非记录时间：2017-08-15T00:20:09+08:00
2017-08-15T00:21:09: 非记录时间：2017-08-15T00:21:09+08:00
2017-08-15T00:22:09: 非记录时间：2017-08-15T00:22:09+08:00
2017-08-15T00:23:09: 非记录时间：2017-08-15T00:23:09+08:00
2017-08-15T00:24:09: 非记录时间：2017-08-15T00:24:09+08:00
2017-08-15T00:25:09: 非记录时间：2017-08-15T00:25:09+08:00
2017-08-15T00:26:09: 非记录时间：2017-08-15T00:26:09+08:00
2017-08-15T00:27:09: 非记录时间：2017-08-15T00:27:09+08:00
2017-08-15T00:28:09: 非记录时间：2017-08-15T00:28:09+08:00
2017-08-15T00:29:09: 非记录时间：2017-08-15T00:29:09+08:00
2017-08-15T00:30:09: 非记录时间：2017-08-15T00:30:09+08:00
2017-08-15T00:31:09: 非记录时间：2017-08-15T00:31:09+08:00
2017-08-15T00:32:09: 非记录时间：2017-08-15T00:32:09+08:00
2017-08-15T00:33:09: 非记录时间：2017-08-15T00:33:09+08:00
2017-08-15T00:34:09: 非记录时间：2017-08-15T00:34:09+08:00
2017-08-15T00:35:09: 非记录时间：2017-08-15T00:35:09+08:00
2017-08-15T00:36:09: 非记录时间：2017-08-15T00:36:09+08:00
2017-08-15T00:37:09: 非记录时间：2017-08-15T00:37:09+08:00
2017-08-15T00:38:09: 非记录时间：2017-08-15T00:38:09+08:00
2017-08-15T00:39:09: 非记录时间：2017-08-15T00:39:09+08:00
2017-08-15T00:40:09: 非记录时间：2017-08-15T00:40:09+08:00
2017-08-15T00:41:09: 非记录时间：2017-08-15T00:41:09+08:00
2017-08-15T00:42:09: 非记录时间：2017-08-15T00:42:09+08:00
2017-08-15T00:43:09: 非记录时间：2017-08-15T00:43:09+08:00
2017-08-15T00:44:09: 非记录时间：2017-08-15T00:44:09+08:00
2017-08-15T00:45:09: 非记录时间：2017-08-15T00:45:09+08:00
2017-08-15T00:46:09: 非记录时间：2017-08-15T00:46:09+08:00
2017-08-15T00:47:09: 非记录时间：2017-08-15T00:47:09+08:00
2017-08-15T00:48:09: 非记录时间：2017-08-15T00:48:09+08:00
2017-08-15T00:49:09: 非记录时间：2017-08-15T00:49:09+08:00
2017-08-15T00:50:09: 非记录时间：2017-08-15T00:50:09+08:00
2017-08-15T00:51:09: 非记录时间：2017-08-15T00:51:09+08:00
2017-08-15T00:52:09: 非记录时间：2017-08-15T00:52:09+08:00
2017-08-15T00:53:09: 非记录时间：2017-08-15T00:53:09+08:00
2017-08-15T00:54:09: 非记录时间：2017-08-15T00:54:09+08:00
2017-08-15T00:55:09: 非记录时间：2017-08-15T00:55:09+08:00
2017-08-15T00:56:09: 非记录时间：2017-08-15T00:56:09+08:00
2017-08-15T00:57:09: 非记录时间：2017-08-15T00:57:09+08:00
2017-08-15T00:58:09: 非记录时间：2017-08-15T00:58:09+08:00
2017-08-15T00:59:09: 非记录时间：2017-08-15T00:59:09+08:00
2017-08-15T01:00:09: 非记录时间：2017-08-15T01:00:09+08:00
2017-08-15T01:01:09: 非记录时间：2017-08-15T01:01:09+08:00
2017-08-15T01:02:09: 非记录时间：2017-08-15T01:02:09+08:00
2017-08-15T01:03:09: 非记录时间：2017-08-15T01:03:09+08:00
2017-08-15T01:04:09: 非记录时间：2017-08-15T01:04:09+08:00
2017-08-15T01:05:09: 非记录时间：2017-08-15T01:05:09+08:00
2017-08-15T01:06:09: 非记录时间：2017-08-15T01:06:09+08:00
2017-08-15T01:07:09: 非记录时间：2017-08-15T01:07:09+08:00
2017-08-15T01:08:09: 非记录时间：2017-08-15T01:08:09+08:00
2017-08-15T01:09:09: 非记录时间：2017-08-15T01:09:09+08:00
2017-08-15T01:10:09: 非记录时间：2017-08-15T01:10:09+08:00
2017-08-15T01:11:10: 读取文件失败，可能是该文件不存在
2017-08-15T01:11:10: Error: ENOENT: no such file or directory, open './data/2017-08-15.json'
2017-08-15T01:12:10: 读取文件成功
2017-08-15T01:13:10: 读取文件成功
2017-08-15T01:14:10: 读取文件成功
2017-08-15T01:15:10: 读取文件成功
2017-08-15T01:16:10: 读取文件成功
2017-08-15T01:17:10: 读取文件成功
2017-08-15T01:18:10: 读取文件成功
2017-08-15T01:19:10: 读取文件成功
2017-08-15T01:20:10: 读取文件成功
2017-08-15T01:21:10: 读取文件成功
2017-08-15T01:22:10: 读取文件成功
2017-08-15T01:23:10: 读取文件成功
2017-08-15T01:24:10: 读取文件成功
2017-08-15T01:25:10: 读取文件成功
2017-08-15T01:26:10: 读取文件成功
2017-08-15T01:27:10: 读取文件成功
2017-08-15T01:28:10: 读取文件成功
2017-08-15T01:29:10: 读取文件成功
2017-08-15T01:30:10: 读取文件成功
2017-08-15T01:31:10: 读取文件成功
2017-08-15T01:32:10: 读取文件成功
2017-08-15T01:33:10: 读取文件成功
2017-08-15T01:34:10: 读取文件成功
2017-08-15T01:35:10: 读取文件成功
2017-08-15T01:36:10: 读取文件成功
2017-08-15T01:37:10: 读取文件成功
2017-08-15T01:38:10: 读取文件成功
2017-08-15T01:39:10: 读取文件成功
2017-08-15T01:40:10: 读取文件成功
2017-08-15T01:41:10: 读取文件成功
2017-08-15T01:42:10: 读取文件成功
2017-08-15T01:43:10: 读取文件成功
2017-08-15T01:44:10: 读取文件成功
2017-08-15T01:45:10: 读取文件成功
2017-08-15T01:46:10: 读取文件成功
2017-08-15T01:47:10: 读取文件成功
2017-08-15T01:48:10: 读取文件成功
2017-08-15T01:49:10: 读取文件成功
2017-08-15T01:50:10: 读取文件成功
2017-08-15T01:51:10: 读取文件成功
2017-08-15T01:52:10: 读取文件成功
2017-08-15T01:53:10: 读取文件成功
2017-08-15T01:54:10: 读取文件成功
2017-08-15T01:55:10: 读取文件成功
2017-08-15T01:56:10: 读取文件成功
2017-08-15T01:57:10: 读取文件成功
2017-08-15T01:58:10: 读取文件成功
2017-08-15T01:59:10: 读取文件成功
2017-08-15T02:00:10: 读取文件成功
2017-08-15T02:01:10: 读取文件成功
2017-08-15T02:02:10: 读取文件成功
2017-08-15T02:03:10: 读取文件成功
2017-08-15T02:04:10: 读取文件成功
2017-08-15T02:05:10: 读取文件成功
2017-08-15T02:06:10: 读取文件成功
2017-08-15T02:07:10: 读取文件成功
2017-08-15T02:08:10: 读取文件成功
2017-08-15T02:09:10: 读取文件成功
2017-08-15T02:10:10: 读取文件成功
2017-08-15T02:11:10: 读取文件成功
2017-08-15T02:12:10: 读取文件成功
2017-08-15T02:13:10: 读取文件成功
2017-08-15T02:14:10: 读取文件成功
2017-08-15T02:15:10: 读取文件成功
2017-08-15T02:16:10: 读取文件成功
2017-08-15T02:17:10: 读取文件成功
2017-08-15T02:18:10: 读取文件成功
2017-08-15T02:19:10: 读取文件成功
2017-08-15T02:20:10: 读取文件成功
2017-08-15T02:21:10: 读取文件成功
2017-08-15T02:22:10: 读取文件成功
2017-08-15T02:23:11: 读取文件成功
2017-08-15T02:24:10: 读取文件成功
2017-08-15T02:25:11: 读取文件成功
2017-08-15T02:26:10: 读取文件成功
2017-08-15T02:27:10: 读取文件成功
2017-08-15T02:28:10: 读取文件成功
2017-08-15T02:29:11: 读取文件成功
2017-08-15T02:30:11: 读取文件成功
2017-08-15T02:31:11: 读取文件成功
2017-08-15T02:32:11: 读取文件成功
2017-08-15T02:33:11: 读取文件成功
2017-08-15T02:34:11: 读取文件成功
2017-08-15T02:35:11: 读取文件成功
2017-08-15T02:36:11: 读取文件成功
2017-08-15T02:37:11: 读取文件成功
2017-08-15T02:38:11: 读取文件成功
2017-08-15T02:39:11: 读取文件成功
2017-08-15T02:40:11: 读取文件成功
2017-08-15T02:41:11: 读取文件成功
2017-08-15T02:42:11: 读取文件成功
2017-08-15T02:43:11: 读取文件成功
2017-08-15T02:44:11: 读取文件成功
2017-08-15T02:45:11: 读取文件成功
2017-08-15T02:46:11: 读取文件成功
2017-08-15T02:47:11: 读取文件成功
2017-08-15T02:48:11: 读取文件成功
2017-08-15T02:49:11: 读取文件成功
2017-08-15T02:50:11: 读取文件成功
2017-08-15T02:51:11: 读取文件成功
2017-08-15T02:52:11: 读取文件成功
2017-08-15T02:53:11: 读取文件成功
2017-08-15T02:54:11: 读取文件成功
2017-08-15T02:55:11: 读取文件成功
2017-08-15T02:56:11: 读取文件成功
2017-08-15T02:57:11: 读取文件成功
2017-08-15T02:58:11: 读取文件成功
2017-08-15T02:59:11: 读取文件成功
2017-08-15T03:00:11: 读取文件成功
2017-08-15T03:01:11: 读取文件成功
2017-08-15T03:02:11: 读取文件成功
2017-08-15T03:03:11: 读取文件成功
2017-08-15T03:04:11: 读取文件成功
2017-08-15T03:05:11: 读取文件成功
2017-08-15T03:06:11: 读取文件成功
2017-08-15T03:07:11: 读取文件成功
2017-08-15T03:08:11: 读取文件成功
2017-08-15T03:09:11: 读取文件成功
2017-08-15T03:10:11: 读取文件成功
2017-08-15T03:11:11: 读取文件成功
2017-08-15T03:12:11: 读取文件成功
2017-08-15T03:13:11: 读取文件成功
2017-08-15T03:14:11: 读取文件成功
2017-08-15T03:15:11: 读取文件成功
2017-08-15T03:16:11: 读取文件成功
2017-08-15T03:17:11: 读取文件成功
2017-08-15T03:18:11: 读取文件成功
2017-08-15T03:19:11: 读取文件成功
2017-08-15T03:20:11: 读取文件成功
2017-08-15T03:21:11: 读取文件成功
2017-08-15T03:22:11: 读取文件成功
2017-08-15T03:23:11: 读取文件成功
2017-08-15T03:24:11: 读取文件成功
2017-08-15T03:25:11: 读取文件成功
2017-08-15T03:26:11: 读取文件成功
2017-08-15T03:27:11: 读取文件成功
2017-08-15T03:28:11: 读取文件成功
2017-08-15T03:29:11: 读取文件成功
2017-08-15T03:30:11: 读取文件成功
2017-08-15T03:31:11: 读取文件成功
2017-08-15T03:32:11: 读取文件成功
2017-08-15T03:33:11: 读取文件成功
2017-08-15T03:34:11: 读取文件成功
2017-08-15T03:35:11: 读取文件成功
2017-08-15T03:36:11: 读取文件成功
2017-08-15T03:37:11: 读取文件成功
2017-08-15T03:38:11: 读取文件成功
2017-08-15T03:39:11: 读取文件成功
2017-08-15T03:40:11: 读取文件成功
2017-08-15T03:41:11: 读取文件成功
2017-08-15T03:42:11: 读取文件成功
2017-08-15T03:43:11: 读取文件成功
2017-08-15T03:44:11: 读取文件成功
2017-08-15T03:45:11: 读取文件成功
2017-08-15T03:46:11: 读取文件成功
2017-08-15T03:47:11: 读取文件成功
2017-08-15T03:48:11: 读取文件成功
2017-08-15T03:49:11: 读取文件成功
2017-08-15T03:50:11: 读取文件成功
2017-08-15T03:51:11: 读取文件成功
2017-08-15T03:52:11: 读取文件成功
2017-08-15T03:53:11: 读取文件成功
2017-08-15T03:54:11: 读取文件成功
2017-08-15T03:55:11: 读取文件成功
2017-08-15T03:56:11: 读取文件成功
2017-08-15T03:57:11: 读取文件成功
2017-08-15T03:58:11: 读取文件成功
2017-08-15T03:59:11: 读取文件成功
2017-08-15T04:00:11: 读取文件成功
2017-08-15T04:01:11: 读取文件成功
2017-08-15T04:02:11: 读取文件成功
2017-08-15T04:03:11: 读取文件成功
2017-08-15T04:04:12: 读取文件成功
2017-08-15T04:05:11: 读取文件成功
2017-08-15T04:06:11: 读取文件成功
2017-08-15T04:07:11: 读取文件成功
2017-08-15T04:08:11: 读取文件成功
2017-08-15T04:09:11: 读取文件成功
2017-08-15T04:10:12: 读取文件成功
2017-08-15T04:11:12: 读取文件成功
2017-08-15T04:12:12: 读取文件成功
2017-08-15T04:13:11: 读取文件成功
2017-08-15T04:14:12: 读取文件成功
2017-08-15T04:15:12: 读取文件成功
2017-08-15T04:16:12: 读取文件成功
2017-08-15T04:17:12: 读取文件成功
2017-08-15T04:18:12: 读取文件成功
2017-08-15T04:19:12: 读取文件成功
2017-08-15T04:20:12: 读取文件成功
2017-08-15T04:21:12: 读取文件成功
2017-08-15T04:22:12: 读取文件成功
2017-08-15T04:23:12: 读取文件成功
2017-08-15T04:24:12: 读取文件成功
2017-08-15T04:25:12: 读取文件成功
2017-08-15T04:26:12: 读取文件成功
2017-08-15T04:27:12: 读取文件成功
2017-08-15T04:28:12: 读取文件成功
2017-08-15T04:29:12: 读取文件成功
2017-08-15T04:30:12: 读取文件成功
2017-08-15T04:31:12: 读取文件成功
2017-08-15T04:32:12: 读取文件成功
2017-08-15T04:33:12: 读取文件成功
2017-08-15T04:34:12: 读取文件成功
2017-08-15T04:35:12: 读取文件成功
2017-08-15T04:36:12: 读取文件成功
2017-08-15T04:37:12: 读取文件成功
2017-08-15T04:38:12: 读取文件成功
2017-08-15T04:39:12: 读取文件成功
2017-08-15T04:40:12: 读取文件成功
2017-08-15T04:41:12: 读取文件成功
2017-08-15T04:42:12: 读取文件成功
2017-08-15T04:43:12: 读取文件成功
2017-08-15T04:44:12: 读取文件成功
2017-08-15T04:45:12: 读取文件成功
2017-08-15T04:46:12: 读取文件成功
2017-08-15T04:47:12: 读取文件成功
2017-08-15T04:48:12: 读取文件成功
2017-08-15T04:49:12: 读取文件成功
2017-08-15T04:50:12: 读取文件成功
2017-08-15T04:51:12: 读取文件成功
2017-08-15T04:52:12: 读取文件成功
2017-08-15T04:53:12: 读取文件成功
2017-08-15T04:54:12: 读取文件成功
2017-08-15T04:55:12: 读取文件成功
2017-08-15T04:56:12: 读取文件成功
2017-08-15T04:57:12: 读取文件成功
2017-08-15T04:58:12: 读取文件成功
2017-08-15T04:59:12: 读取文件成功
2017-08-15T05:00:12: 读取文件成功
2017-08-15T05:01:12: 读取文件成功
2017-08-15T05:02:12: 读取文件成功
2017-08-15T05:03:12: 读取文件成功
2017-08-15T05:04:12: 读取文件成功
2017-08-15T05:05:12: 读取文件成功
2017-08-15T05:06:12: 读取文件成功
2017-08-15T05:07:12: 读取文件成功
2017-08-15T05:08:12: 读取文件成功
2017-08-15T05:09:12: 读取文件成功
2017-08-15T05:10:12: 读取文件成功
2017-08-15T05:11:12: 读取文件成功
2017-08-15T05:12:12: 读取文件成功
2017-08-15T05:13:12: 读取文件成功
2017-08-15T05:14:12: 读取文件成功
2017-08-15T05:15:12: 读取文件成功
2017-08-15T05:16:12: 读取文件成功
2017-08-15T05:17:12: 读取文件成功
2017-08-15T05:18:12: 读取文件成功
2017-08-15T05:19:12: 读取文件成功
2017-08-15T05:20:12: 读取文件成功
2017-08-15T05:21:12: 读取文件成功
2017-08-15T05:22:12: 读取文件成功
2017-08-15T05:23:12: 读取文件成功
2017-08-15T05:24:12: 读取文件成功
2017-08-15T05:25:12: 读取文件成功
2017-08-15T05:26:12: 读取文件成功
2017-08-15T05:27:12: 读取文件成功
2017-08-15T05:28:12: 读取文件成功
2017-08-15T05:29:12: 读取文件成功
2017-08-15T05:30:12: 读取文件成功
2017-08-15T05:31:12: 读取文件成功
2017-08-15T05:32:12: 读取文件成功
2017-08-15T05:33:12: 读取文件成功
2017-08-15T05:34:12: 读取文件成功
2017-08-15T05:35:12: 读取文件成功
2017-08-15T05:36:12: 读取文件成功
2017-08-15T05:37:12: 读取文件成功
2017-08-15T05:38:12: 读取文件成功
2017-08-15T05:39:12: 读取文件成功
2017-08-15T05:40:12: 读取文件成功
2017-08-15T05:41:12: 读取文件成功
2017-08-15T05:42:12: 读取文件成功
2017-08-15T05:43:12: 读取文件成功
2017-08-15T05:44:12: 读取文件成功
2017-08-15T05:45:13: 读取文件成功
2017-08-15T05:46:12: 读取文件成功
2017-08-15T05:47:12: 读取文件成功
2017-08-15T05:48:12: 读取文件成功
2017-08-15T05:49:12: 读取文件成功
2017-08-15T05:50:12: 读取文件成功
2017-08-15T05:51:13: 读取文件成功
2017-08-15T05:52:12: 读取文件成功
2017-08-15T05:53:12: 读取文件成功
2017-08-15T05:54:12: 读取文件成功
2017-08-15T05:55:13: 读取文件成功
2017-08-15T05:56:13: 读取文件成功
2017-08-15T05:57:13: 读取文件成功
2017-08-15T05:58:13: 读取文件成功
2017-08-15T05:59:13: 读取文件成功
2017-08-15T06:00:13: 读取文件成功
2017-08-15T06:01:13: 读取文件成功
2017-08-15T06:02:13: 读取文件成功
2017-08-15T06:03:13: 读取文件成功
2017-08-15T06:04:13: 读取文件成功
2017-08-15T06:05:13: 读取文件成功
2017-08-15T06:06:13: 读取文件成功
2017-08-15T06:07:13: 读取文件成功
2017-08-15T06:08:13: 读取文件成功
2017-08-15T06:09:13: 读取文件成功
2017-08-15T06:10:13: 读取文件成功
2017-08-15T06:11:13: 读取文件成功
2017-08-15T06:12:13: 读取文件成功
2017-08-15T06:13:13: 读取文件成功
2017-08-15T06:14:13: 读取文件成功
2017-08-15T06:15:13: 读取文件成功
2017-08-15T06:16:13: 读取文件成功
2017-08-15T06:17:13: 读取文件成功
2017-08-15T06:18:13: 读取文件成功
2017-08-15T06:19:13: 读取文件成功
2017-08-15T06:20:13: 读取文件成功
2017-08-15T06:21:13: 读取文件成功
2017-08-15T06:22:13: 读取文件成功
2017-08-15T06:23:13: 读取文件成功
2017-08-15T06:24:13: 读取文件成功
2017-08-15T06:25:13: 读取文件成功
2017-08-15T06:26:13: 读取文件成功
2017-08-15T06:27:13: 读取文件成功
2017-08-15T06:28:13: 读取文件成功
2017-08-15T06:29:13: 读取文件成功
2017-08-15T06:30:13: 读取文件成功
2017-08-15T06:31:13: 读取文件成功
2017-08-15T06:32:13: 读取文件成功
2017-08-15T06:33:13: 读取文件成功
2017-08-15T06:34:13: 读取文件成功
2017-08-15T06:35:13: 读取文件成功
2017-08-15T06:36:13: 读取文件成功
2017-08-15T06:37:13: 读取文件成功
2017-08-15T06:38:13: 读取文件成功
2017-08-15T06:39:13: 读取文件成功
2017-08-15T06:40:13: 读取文件成功
2017-08-15T06:41:13: 读取文件成功
2017-08-15T06:42:13: 读取文件成功
2017-08-15T06:43:13: 读取文件成功
2017-08-15T06:44:13: 读取文件成功
2017-08-15T06:45:13: 读取文件成功
2017-08-15T06:46:13: 读取文件成功
2017-08-15T06:47:13: 读取文件成功
2017-08-15T06:48:13: 读取文件成功
2017-08-15T06:49:13: 读取文件成功
2017-08-15T06:50:13: 读取文件成功
2017-08-15T06:51:13: 读取文件成功
2017-08-15T06:52:13: 读取文件成功
2017-08-15T06:53:13: 读取文件成功
2017-08-15T06:54:13: 读取文件成功
2017-08-15T06:55:13: 读取文件成功
2017-08-15T06:56:13: 读取文件成功
2017-08-15T06:57:13: 读取文件成功
2017-08-15T06:58:13: 读取文件成功
2017-08-15T06:59:13: 读取文件成功
2017-08-15T07:00:13: 读取文件成功
2017-08-15T07:01:13: 读取文件成功
2017-08-15T07:02:13: 读取文件成功
2017-08-15T07:03:13: 读取文件成功
2017-08-15T07:04:13: 读取文件成功
2017-08-15T07:05:13: 读取文件成功
2017-08-15T07:06:13: 读取文件成功
2017-08-15T07:07:13: 读取文件成功
2017-08-15T07:08:13: 读取文件成功
2017-08-15T07:09:13: 读取文件成功
2017-08-15T07:10:13: 读取文件成功
2017-08-15T07:11:13: 读取文件成功
2017-08-15T07:12:13: 读取文件成功
2017-08-15T07:13:13: 读取文件成功
2017-08-15T07:14:13: 读取文件成功
2017-08-15T07:15:13: 读取文件成功
2017-08-15T07:16:13: 读取文件成功
2017-08-15T07:17:13: 读取文件成功
2017-08-15T07:18:13: 读取文件成功
2017-08-15T07:19:13: 读取文件成功
2017-08-15T07:20:13: 读取文件成功
2017-08-15T07:21:13: 读取文件成功
2017-08-15T07:22:13: 读取文件成功
2017-08-15T07:23:13: 读取文件成功
2017-08-15T07:24:13: 读取文件成功
2017-08-15T07:25:13: 读取文件成功
2017-08-15T07:26:13: 读取文件成功
2017-08-15T07:27:13: 读取文件成功
2017-08-15T07:28:13: 读取文件成功
2017-08-15T07:29:13: 读取文件成功
2017-08-15T07:30:13: 读取文件成功
2017-08-15T07:31:13: 读取文件成功
2017-08-15T07:32:13: 读取文件成功
2017-08-15T07:33:13: 读取文件成功
2017-08-15T07:34:13: 读取文件成功
2017-08-15T07:35:13: 读取文件成功
2017-08-15T07:36:13: 读取文件成功
2017-08-15T07:37:13: 读取文件成功
2017-08-15T07:38:14: 读取文件成功
2017-08-15T07:39:13: 读取文件成功
2017-08-15T07:40:13: 读取文件成功
2017-08-15T07:41:13: 读取文件成功
2017-08-15T07:42:14: 读取文件成功
2017-08-15T07:43:14: 读取文件成功
2017-08-15T07:44:14: 读取文件成功
2017-08-15T07:45:14: 读取文件成功
2017-08-15T07:46:14: 读取文件成功
2017-08-15T07:47:14: 读取文件成功
2017-08-15T07:48:14: 读取文件成功
2017-08-15T07:49:14: 读取文件成功
2017-08-15T07:50:14: 读取文件成功
2017-08-15T07:51:14: 读取文件成功
2017-08-15T07:52:14: 读取文件成功
2017-08-15T07:53:14: 读取文件成功
2017-08-15T07:54:14: 读取文件成功
2017-08-15T07:55:14: 读取文件成功
2017-08-15T07:56:14: 读取文件成功
2017-08-15T07:57:14: 读取文件成功
2017-08-15T07:58:14: 读取文件成功
2017-08-15T07:59:14: 读取文件成功
2017-08-15T08:00:14: 读取文件成功
2017-08-15T08:01:14: 读取文件成功
2017-08-15T08:02:14: 读取文件成功
2017-08-15T08:03:14: 读取文件成功
2017-08-15T08:04:14: 读取文件成功
2017-08-15T08:05:14: 读取文件成功
2017-08-15T08:06:14: 读取文件成功
2017-08-15T08:07:14: 读取文件成功
2017-08-15T08:08:14: 读取文件成功
2017-08-15T08:09:14: 读取文件成功
2017-08-15T08:10:14: 读取文件成功
2017-08-15T08:11:14: 读取文件成功
2017-08-15T08:12:14: 读取文件成功
2017-08-15T08:13:14: 读取文件成功
2017-08-15T08:14:14: 读取文件成功
2017-08-15T08:15:14: 读取文件成功
2017-08-15T08:16:14: 读取文件成功
2017-08-15T08:17:14: 读取文件成功
2017-08-15T08:18:14: 读取文件成功
2017-08-15T08:19:14: 读取文件成功
2017-08-15T08:20:14: 读取文件成功
2017-08-15T08:21:14: 读取文件成功
2017-08-15T08:22:14: 读取文件成功
2017-08-15T08:23:14: 读取文件成功
2017-08-15T08:24:14: 读取文件成功
2017-08-15T08:25:14: 读取文件成功
2017-08-15T08:26:14: 读取文件成功
2017-08-15T08:27:14: 读取文件成功
2017-08-15T08:28:14: 读取文件成功
2017-08-15T08:29:14: 读取文件成功
2017-08-15T08:30:14: 读取文件成功
2017-08-15T08:31:14: 读取文件成功
2017-08-15T08:32:14: 读取文件成功
2017-08-15T08:33:14: 读取文件成功
2017-08-15T08:34:14: 读取文件成功
2017-08-15T08:35:14: 读取文件成功
2017-08-15T08:36:14: 读取文件成功
2017-08-15T08:37:14: 读取文件成功
2017-08-15T08:38:14: 读取文件成功
2017-08-15T08:39:14: 读取文件成功
2017-08-15T08:40:14: 读取文件成功
2017-08-15T08:41:14: 读取文件成功
2017-08-15T08:42:14: 读取文件成功
2017-08-15T08:43:14: 读取文件成功
2017-08-15T08:44:14: 读取文件成功
2017-08-15T08:45:14: 读取文件成功
2017-08-15T08:46:14: 读取文件成功
2017-08-15T08:47:14: 读取文件成功
2017-08-15T08:48:14: 读取文件成功
2017-08-15T08:49:14: 读取文件成功
2017-08-15T08:50:14: 读取文件成功
2017-08-15T08:51:14: 读取文件成功
2017-08-15T08:52:14: 读取文件成功
2017-08-15T08:53:14: 读取文件成功
2017-08-15T08:54:14: 读取文件成功
2017-08-15T08:55:14: 读取文件成功
2017-08-15T08:56:14: 读取文件成功
2017-08-15T08:57:14: 读取文件成功
2017-08-15T08:58:14: 读取文件成功
2017-08-15T08:59:14: 读取文件成功
2017-08-15T09:00:14: 读取文件成功
2017-08-15T09:01:14: 读取文件成功
2017-08-15T09:02:14: 读取文件成功
2017-08-15T09:03:14: 读取文件成功
2017-08-15T09:04:14: 读取文件成功
2017-08-15T09:05:14: 读取文件成功
2017-08-15T09:06:14: 读取文件成功
2017-08-15T09:07:14: 读取文件成功
2017-08-15T09:08:14: 读取文件成功
2017-08-15T09:09:14: 读取文件成功
2017-08-15T09:10:14: 读取文件成功
2017-08-15T09:11:14: 读取文件成功
2017-08-15T09:12:14: 读取文件成功
2017-08-15T09:13:15: 读取文件成功
2017-08-15T09:14:15: 读取文件成功
2017-08-15T09:15:14: 读取文件成功
2017-08-15T09:16:14: 读取文件成功
2017-08-15T09:17:15: 读取文件成功
2017-08-15T09:18:15: 读取文件成功
2017-08-15T09:19:15: 读取文件成功
2017-08-15T09:20:15: 读取文件成功
2017-08-15T09:21:14: 读取文件成功
2017-08-15T09:22:15: 读取文件成功
2017-08-15T09:23:14: 读取文件成功
2017-08-15T09:24:15: 读取文件成功
2017-08-15T09:25:15: 读取文件成功
2017-08-15T09:26:15: 读取文件成功
2017-08-15T09:27:15: 读取文件成功
2017-08-15T09:28:15: 读取文件成功
2017-08-15T09:29:15: 读取文件成功
2017-08-15T09:30:15: 读取文件成功
2017-08-15T09:31:15: 读取文件成功
2017-08-15T09:32:15: 读取文件成功
2017-08-15T09:33:15: 读取文件成功
2017-08-15T09:34:15: 读取文件成功
2017-08-15T09:35:15: 读取文件成功
2017-08-15T09:36:15: 读取文件成功
2017-08-15T09:37:15: 读取文件成功
2017-08-15T09:38:15: 读取文件成功
2017-08-15T09:39:15: 读取文件成功
2017-08-15T09:40:15: 读取文件成功
2017-08-15T09:41:15: 读取文件成功
2017-08-15T09:42:15: 读取文件成功
2017-08-15T09:43:15: 读取文件成功
2017-08-15T09:44:15: 读取文件成功
2017-08-15T09:45:15: 读取文件成功
2017-08-15T09:46:15: 读取文件成功
2017-08-15T09:47:15: 读取文件成功
2017-08-15T09:48:15: 读取文件成功
2017-08-15T09:49:15: 读取文件成功
2017-08-15T09:50:15: 读取文件成功
2017-08-15T09:51:15: 读取文件成功
2017-08-15T09:52:15: 读取文件成功
2017-08-15T09:53:15: 读取文件成功
2017-08-15T09:54:15: 读取文件成功
2017-08-15T09:55:15: 读取文件成功
2017-08-15T09:56:15: 读取文件成功
2017-08-15T09:57:15: 读取文件成功
2017-08-15T09:58:15: 读取文件成功
2017-08-15T09:59:15: 读取文件成功
2017-08-15T10:00:15: 读取文件成功
2017-08-15T10:01:15: 读取文件成功
2017-08-15T10:02:15: 读取文件成功
2017-08-15T10:03:15: 读取文件成功
2017-08-15T10:04:15: 读取文件成功
2017-08-15T10:05:15: 读取文件成功
2017-08-15T10:06:15: 读取文件成功
2017-08-15T10:07:15: 读取文件成功
2017-08-15T10:08:15: 读取文件成功
2017-08-15T10:09:15: 读取文件成功
2017-08-15T10:10:15: 读取文件成功
2017-08-15T10:11:15: 读取文件成功
2017-08-15T10:12:15: 读取文件成功
2017-08-15T10:13:15: 读取文件成功
2017-08-15T10:14:15: 读取文件成功
2017-08-15T10:15:15: 读取文件成功
2017-08-15T10:16:15: 读取文件成功
2017-08-15T10:17:15: 读取文件成功
2017-08-15T10:18:15: 读取文件成功
2017-08-15T10:19:15: 读取文件成功
2017-08-15T10:20:15: 读取文件成功
2017-08-15T10:21:15: 读取文件成功
2017-08-15T10:22:15: 读取文件成功
2017-08-15T10:23:15: 读取文件成功
2017-08-15T10:24:15: 读取文件成功
2017-08-15T10:25:20: 读取文件成功
2017-08-15T10:26:15: 读取文件成功
2017-08-15T10:27:15: 读取文件成功
2017-08-15T10:28:15: 读取文件成功
2017-08-15T10:29:15: 读取文件成功
2017-08-15T10:30:15: 读取文件成功
2017-08-15T10:31:15: 读取文件成功
2017-08-15T10:32:15: 读取文件成功
2017-08-15T10:33:15: 读取文件成功
2017-08-15T10:34:15: 读取文件成功
2017-08-15T10:35:15: 读取文件成功
2017-08-15T10:36:15: 读取文件成功
2017-08-15T10:37:15: 读取文件成功
2017-08-15T10:38:20: 读取文件成功
2017-08-15T10:39:15: 读取文件成功
2017-08-15T10:40:15: 读取文件成功
2017-08-15T10:41:15: 读取文件成功
2017-08-15T10:42:15: 读取文件成功
2017-08-15T10:43:15: 读取文件成功
2017-08-15T10:44:15: 读取文件成功
2017-08-15T10:45:15: 读取文件成功
2017-08-15T10:46:15: 读取文件成功
2017-08-15T10:47:15: 读取文件成功
2017-08-15T10:48:15: 读取文件成功
2017-08-15T10:49:16: 读取文件成功
2017-08-15T10:50:15: 读取文件成功
2017-08-15T10:51:15: 读取文件成功
2017-08-15T10:52:15: 读取文件成功
2017-08-15T10:53:16: 读取文件成功
2017-08-15T10:54:15: 读取文件成功
2017-08-15T10:55:16: 读取文件成功
2017-08-15T10:56:15: 读取文件成功
2017-08-15T10:57:15: 读取文件成功
2017-08-15T10:58:15: 读取文件成功
2017-08-15T10:59:15: 读取文件成功
2017-08-15T11:00:15: 读取文件成功
2017-08-15T11:01:16: 读取文件成功
2017-08-15T11:02:16: 读取文件成功
2017-08-15T11:03:15: 读取文件成功
2017-08-15T11:04:15: 读取文件成功
2017-08-15T11:05:15: 读取文件成功
2017-08-15T11:06:16: 读取文件成功
2017-08-15T11:07:16: 读取文件成功
2017-08-15T11:08:16: 读取文件成功
2017-08-15T11:09:16: 读取文件成功
2017-08-15T11:10:16: 读取文件成功
2017-08-15T11:11:16: 读取文件成功
2017-08-15T11:12:16: 读取文件成功
2017-08-15T11:13:16: 读取文件成功
2017-08-15T11:14:16: 读取文件成功
2017-08-15T11:15:16: 读取文件成功
2017-08-15T11:16:16: 读取文件成功
2017-08-15T11:17:16: 读取文件成功
2017-08-15T11:18:16: 读取文件成功
2017-08-15T11:19:16: 读取文件成功
2017-08-15T11:20:16: 读取文件成功
2017-08-15T11:21:16: 读取文件成功
2017-08-15T11:22:16: 读取文件成功
2017-08-15T11:23:16: 读取文件成功
2017-08-15T11:24:16: 读取文件成功
2017-08-15T11:25:16: 读取文件成功
2017-08-15T11:26:16: 读取文件成功
2017-08-15T11:27:16: 读取文件成功
2017-08-15T11:28:16: 读取文件成功
2017-08-15T11:29:16: 读取文件成功
2017-08-15T11:30:16: 读取文件成功
2017-08-15T11:31:16: 读取文件成功
2017-08-15T11:32:16: 读取文件成功
2017-08-15T11:33:16: 读取文件成功
2017-08-15T11:34:16: 读取文件成功
2017-08-15T11:35:16: 读取文件成功
2017-08-15T11:36:16: 读取文件成功
2017-08-15T11:37:16: 读取文件成功
2017-08-15T11:38:16: 读取文件成功
2017-08-15T11:39:16: 读取文件成功
2017-08-15T11:40:16: 读取文件成功
2017-08-15T11:41:16: 读取文件成功
2017-08-15T11:42:16: 读取文件成功
2017-08-15T11:43:16: 读取文件成功
2017-08-15T11:44:16: 读取文件成功
2017-08-15T11:45:16: 读取文件成功
2017-08-15T11:46:16: 读取文件成功
2017-08-15T11:47:16: 读取文件成功
2017-08-15T11:48:16: 读取文件成功
2017-08-15T11:49:16: 读取文件成功
2017-08-15T11:50:16: 读取文件成功
2017-08-15T11:51:16: 读取文件成功
2017-08-15T11:52:16: 读取文件成功
2017-08-15T11:53:16: 读取文件成功
2017-08-15T11:54:16: 读取文件成功
2017-08-15T11:55:16: 读取文件成功
2017-08-15T11:56:16: 读取文件成功
2017-08-15T11:57:16: 读取文件成功
2017-08-15T11:58:16: 读取文件成功
2017-08-15T11:59:16: 读取文件成功
2017-08-15T12:00:16: 读取文件成功
2017-08-15T12:01:16: 读取文件成功
2017-08-15T12:02:16: 读取文件成功
2017-08-15T12:03:16: 读取文件成功
2017-08-15T12:04:16: 读取文件成功
2017-08-15T12:05:16: 读取文件成功
2017-08-15T12:06:16: 读取文件成功
2017-08-15T12:07:16: 读取文件成功
2017-08-15T12:08:16: 读取文件成功
2017-08-15T12:09:16: 读取文件成功
2017-08-15T12:10:16: 读取文件成功
2017-08-15T12:11:16: 读取文件成功
2017-08-15T12:12:16: 读取文件成功
2017-08-15T12:13:16: 读取文件成功
2017-08-15T12:14:16: 读取文件成功
2017-08-15T12:15:16: 读取文件成功
2017-08-15T12:16:16: 读取文件成功
2017-08-15T12:17:16: 读取文件成功
2017-08-15T12:18:16: 读取文件成功
2017-08-15T12:19:16: 读取文件成功
2017-08-15T12:20:16: 读取文件成功
2017-08-15T12:21:21: 读取文件成功
2017-08-15T12:22:16: 读取文件成功
2017-08-15T12:23:16: 读取文件成功
2017-08-15T12:24:17: 读取文件成功
2017-08-15T12:25:16: 读取文件成功
2017-08-15T12:26:16: 读取文件成功
2017-08-15T12:27:16: 读取文件成功
2017-08-15T12:28:16: 读取文件成功
2017-08-15T12:29:17: 读取文件成功
2017-08-15T12:30:17: 读取文件成功
2017-08-15T12:31:16: 读取文件成功
2017-08-15T12:32:16: 读取文件成功
2017-08-15T12:33:16: 读取文件成功
2017-08-15T12:34:17: 读取文件成功
2017-08-15T12:35:17: 读取文件成功
2017-08-15T12:36:17: 读取文件成功
2017-08-15T12:37:17: 读取文件成功
2017-08-15T12:38:17: 读取文件成功
2017-08-15T12:39:17: 读取文件成功
2017-08-15T12:40:17: 读取文件成功
2017-08-15T12:41:17: 读取文件成功
2017-08-15T12:42:17: 读取文件成功
2017-08-15T12:43:17: 读取文件成功
2017-08-15T12:44:17: 读取文件成功
2017-08-15T12:45:17: 读取文件成功
2017-08-15T12:46:17: 读取文件成功
2017-08-15T12:47:17: 读取文件成功
2017-08-15T12:48:17: 读取文件成功
2017-08-15T12:49:17: 读取文件成功
2017-08-15T12:50:17: 读取文件成功
2017-08-15T12:51:17: 读取文件成功
2017-08-15T12:52:17: 读取文件成功
2017-08-15T12:53:17: 读取文件成功
2017-08-15T12:54:17: 读取文件成功
2017-08-15T12:55:17: 读取文件成功
2017-08-15T12:56:17: 读取文件成功
2017-08-15T12:57:17: 读取文件成功
2017-08-15T12:58:17: 读取文件成功
2017-08-15T12:59:17: 读取文件成功
2017-08-15T13:00:17: 读取文件成功
2017-08-15T13:01:17: 读取文件成功
2017-08-15T13:02:17: 读取文件成功
2017-08-15T13:03:17: 读取文件成功
2017-08-15T13:04:17: 读取文件成功
2017-08-15T13:05:17: 读取文件成功
2017-08-15T13:06:17: 读取文件成功
2017-08-15T13:07:17: 读取文件成功
2017-08-15T13:08:17: 读取文件成功
2017-08-15T13:09:17: 读取文件成功
2017-08-15T13:10:17: 读取文件成功
2017-08-15T13:11:17: 读取文件成功
2017-08-15T13:12:17: 读取文件成功
2017-08-15T13:13:17: 读取文件成功
2017-08-15T13:14:17: 读取文件成功
2017-08-15T13:15:17: 读取文件成功
2017-08-15T13:16:17: 读取文件成功
2017-08-15T13:17:17: 读取文件成功
2017-08-15T13:18:17: 读取文件成功
2017-08-15T13:19:17: 读取文件成功
2017-08-15T13:20:17: 读取文件成功
2017-08-15T13:21:17: 读取文件成功
2017-08-15T13:22:17: 读取文件成功
2017-08-15T13:23:17: 读取文件成功
2017-08-15T13:24:17: 读取文件成功
2017-08-15T13:25:17: 读取文件成功
2017-08-15T13:26:17: 读取文件成功
2017-08-15T13:27:17: 读取文件成功
2017-08-15T13:28:17: 读取文件成功
2017-08-15T13:29:17: 读取文件成功
2017-08-15T13:30:17: 读取文件成功
2017-08-15T13:31:17: 读取文件成功
2017-08-15T13:32:17: 读取文件成功
2017-08-15T13:33:17: 读取文件成功
2017-08-15T13:34:17: 读取文件成功
2017-08-15T13:35:17: 读取文件成功
2017-08-15T13:36:17: 读取文件成功
2017-08-15T13:37:17: 读取文件成功
2017-08-15T13:38:17: 读取文件成功
2017-08-15T13:39:17: 读取文件成功
2017-08-15T13:40:17: 读取文件成功
2017-08-15T13:41:17: 读取文件成功
2017-08-15T13:42:17: 读取文件成功
2017-08-15T13:43:17: 读取文件成功
2017-08-15T13:44:17: 读取文件成功
2017-08-15T13:45:17: 读取文件成功
2017-08-15T13:46:17: 读取文件成功
2017-08-15T13:47:17: 读取文件成功
2017-08-15T13:48:17: 读取文件成功
2017-08-15T13:49:17: 读取文件成功
2017-08-15T13:50:17: 读取文件成功
2017-08-15T13:51:17: 读取文件成功
2017-08-15T13:52:17: 读取文件成功
2017-08-15T13:53:17: 读取文件成功
2017-08-15T13:54:17: 读取文件成功
2017-08-15T13:55:17: 读取文件成功
2017-08-15T13:56:17: 读取文件成功
2017-08-15T13:57:17: 读取文件成功
2017-08-15T13:58:17: 读取文件成功
2017-08-15T13:59:17: 读取文件成功
2017-08-15T14:00:17: 读取文件成功
2017-08-15T14:01:17: 读取文件成功
2017-08-15T14:02:17: 读取文件成功
2017-08-15T14:03:17: 读取文件成功
2017-08-15T14:04:17: 读取文件成功
2017-08-15T14:05:18: 读取文件成功
2017-08-15T14:06:17: 读取文件成功
2017-08-15T14:07:17: 读取文件成功
2017-08-15T14:08:17: 读取文件成功
2017-08-15T14:09:17: 读取文件成功
2017-08-15T14:10:17: 读取文件成功
2017-08-15T14:11:18: 读取文件成功
2017-08-15T14:12:17: 读取文件成功
2017-08-15T14:13:17: 读取文件成功
2017-08-15T14:14:18: 读取文件成功
2017-08-15T14:15:17: 读取文件成功
2017-08-15T14:16:17: 读取文件成功
2017-08-15T14:17:18: 读取文件成功
2017-08-15T14:18:17: 读取文件成功
2017-08-15T14:19:18: 读取文件成功
2017-08-15T14:20:18: 读取文件成功
2017-08-15T14:21:18: 读取文件成功
2017-08-15T14:22:18: 读取文件成功
2017-08-15T14:23:18: 读取文件成功
2017-08-15T14:24:18: 读取文件成功
2017-08-15T14:25:18: 读取文件成功
2017-08-15T14:26:18: 读取文件成功
2017-08-15T14:27:18: 读取文件成功
2017-08-15T14:28:18: 读取文件成功
2017-08-15T14:29:18: 读取文件成功
2017-08-15T14:30:18: 读取文件成功
2017-08-15T14:31:18: 读取文件成功
2017-08-15T14:32:18: 读取文件成功
2017-08-15T14:33:18: 读取文件成功
2017-08-15T14:34:18: 读取文件成功
2017-08-15T14:35:18: 读取文件成功
2017-08-15T14:36:18: 读取文件成功
2017-08-15T14:37:18: 读取文件成功
2017-08-15T14:38:18: 读取文件成功
2017-08-15T14:39:18: 读取文件成功
2017-08-15T14:40:18: 读取文件成功
2017-08-15T14:41:18: 读取文件成功
2017-08-15T14:42:18: 读取文件成功
2017-08-15T14:43:18: 读取文件成功
2017-08-15T14:44:18: 读取文件成功
2017-08-15T14:45:18: 读取文件成功
2017-08-15T14:46:18: 读取文件成功
2017-08-15T14:47:18: 读取文件成功
2017-08-15T14:48:18: 读取文件成功
2017-08-15T14:49:18: 读取文件成功
2017-08-15T14:50:18: 读取文件成功
2017-08-15T14:51:18: 读取文件成功
2017-08-15T14:52:18: 读取文件成功
2017-08-15T14:53:18: 读取文件成功
2017-08-15T14:54:18: 读取文件成功
2017-08-15T14:55:18: 读取文件成功
2017-08-15T14:56:18: 读取文件成功
2017-08-15T14:57:18: 读取文件成功
2017-08-15T14:58:18: 读取文件成功
2017-08-15T14:59:18: 读取文件成功
2017-08-15T15:00:18: 读取文件成功
2017-08-15T15:01:18: 读取文件成功
2017-08-15T15:02:18: 读取文件成功
2017-08-15T15:03:18: 读取文件成功
2017-08-15T15:04:18: 读取文件成功
2017-08-15T15:05:18: 读取文件成功
2017-08-15T15:06:18: 读取文件成功
2017-08-15T15:07:18: 读取文件成功
2017-08-15T15:08:18: 读取文件成功
2017-08-15T15:09:18: 读取文件成功
2017-08-15T15:10:18: 读取文件成功
2017-08-15T15:11:18: 读取文件成功
2017-08-15T15:12:18: 读取文件成功
2017-08-15T15:13:18: 读取文件成功
2017-08-15T15:14:18: 读取文件成功
2017-08-15T15:15:18: 读取文件成功
2017-08-15T15:16:18: 读取文件成功
2017-08-15T15:17:19: 读取文件成功
2017-08-15T15:18:18: 读取文件成功
2017-08-15T15:19:18: 读取文件成功
2017-08-15T15:20:18: 读取文件成功
2017-08-15T15:21:18: 读取文件成功
2017-08-15T15:22:18: 读取文件成功
2017-08-15T15:23:18: 读取文件成功
2017-08-15T15:24:18: 读取文件成功
2017-08-15T15:25:18: 读取文件成功
2017-08-15T15:26:18: 读取文件成功
2017-08-15T15:27:18: 读取文件成功
2017-08-15T15:28:18: 读取文件成功
2017-08-15T15:29:18: 读取文件成功
2017-08-15T15:30:18: 读取文件成功
2017-08-15T15:31:18: 读取文件成功
2017-08-15T15:32:18: 读取文件成功
2017-08-15T15:33:18: 读取文件成功
2017-08-15T15:34:18: 读取文件成功
2017-08-15T15:35:18: 读取文件成功
2017-08-15T15:36:18: 读取文件成功
2017-08-15T15:37:18: 读取文件成功
2017-08-15T15:38:18: 读取文件成功
2017-08-15T15:39:18: 读取文件成功
2017-08-15T15:40:18: 读取文件成功
2017-08-15T15:41:18: 读取文件成功
2017-08-15T15:42:18: 读取文件成功
2017-08-15T15:43:18: 读取文件成功
2017-08-15T15:44:18: 读取文件成功
2017-08-15T15:45:18: 读取文件成功
2017-08-15T15:46:18: 读取文件成功
2017-08-15T15:47:19: 读取文件成功
2017-08-15T15:48:18: 读取文件成功
2017-08-15T15:49:18: 读取文件成功
2017-08-15T15:50:18: 读取文件成功
2017-08-15T15:51:18: 读取文件成功
2017-08-15T15:52:18: 读取文件成功
2017-08-15T15:53:19: 读取文件成功
2017-08-15T15:54:18: 读取文件成功
2017-08-15T15:55:18: 读取文件成功
2017-08-15T15:56:18: 读取文件成功
2017-08-15T15:57:18: 读取文件成功
2017-08-15T15:58:19: 读取文件成功
2017-08-15T15:59:19: 读取文件成功
2017-08-15T16:00:18: 读取文件成功
2017-08-15T16:01:18: 读取文件成功
2017-08-15T16:02:18: 读取文件成功
2017-08-15T16:03:18: 读取文件成功
2017-08-15T16:04:19: 读取文件成功
2017-08-15T16:05:19: 读取文件成功
2017-08-15T16:06:19: 读取文件成功
2017-08-15T16:07:19: 读取文件成功
2017-08-15T16:08:19: 读取文件成功
2017-08-15T16:09:19: 读取文件成功
2017-08-15T16:10:19: 读取文件成功
2017-08-15T16:11:19: 读取文件成功
2017-08-15T16:12:19: 读取文件成功
2017-08-15T16:13:19: 读取文件成功
2017-08-15T16:14:19: 读取文件成功
2017-08-15T16:15:19: 读取文件成功
2017-08-15T16:16:19: 读取文件成功
2017-08-15T16:17:19: 读取文件成功
2017-08-15T16:18:19: 读取文件成功
2017-08-15T16:19:19: 读取文件成功
2017-08-15T16:20:19: 读取文件成功
2017-08-15T16:21:19: 读取文件成功
2017-08-15T16:22:19: 读取文件成功
2017-08-15T16:23:19: 读取文件成功
2017-08-15T16:24:19: 读取文件成功
2017-08-15T16:25:19: 读取文件成功
2017-08-15T16:26:19: 读取文件成功
2017-08-15T16:27:19: 读取文件成功
2017-08-15T16:28:19: 读取文件成功
2017-08-15T16:29:19: 读取文件成功
2017-08-15T16:30:19: 读取文件成功
2017-08-15T16:31:19: 读取文件成功
2017-08-15T16:32:19: 读取文件成功
2017-08-15T16:33:19: 读取文件成功
2017-08-15T16:34:19: 读取文件成功
2017-08-15T16:35:19: 读取文件成功
2017-08-15T16:36:19: 读取文件成功
2017-08-15T16:37:19: 读取文件成功
2017-08-15T16:38:19: 读取文件成功
2017-08-15T16:39:19: 读取文件成功
2017-08-15T16:40:19: 读取文件成功
2017-08-15T16:41:19: 读取文件成功
2017-08-15T16:42:19: 读取文件成功
2017-08-15T16:43:19: 读取文件成功
2017-08-15T16:44:19: 读取文件成功
2017-08-15T16:45:19: 读取文件成功
2017-08-15T16:46:19: 读取文件成功
2017-08-15T16:47:19: 读取文件成功
2017-08-15T16:48:19: 读取文件成功
2017-08-15T16:49:19: 读取文件成功
2017-08-15T16:50:19: 读取文件成功
2017-08-15T16:51:19: 读取文件成功
2017-08-15T16:52:19: 读取文件成功
2017-08-15T16:53:19: 读取文件成功
2017-08-15T16:54:19: 读取文件成功
2017-08-15T16:55:19: 读取文件成功
2017-08-15T16:56:19: 读取文件成功
2017-08-15T16:57:19: 读取文件成功
2017-08-15T16:58:19: 读取文件成功
2017-08-15T16:59:19: 读取文件成功
2017-08-15T17:00:19: 读取文件成功
2017-08-15T17:01:19: 读取文件成功
2017-08-15T17:02:19: 读取文件成功
2017-08-15T17:03:19: 读取文件成功
2017-08-15T17:04:19: 读取文件成功
2017-08-15T17:05:19: 读取文件成功
2017-08-15T17:06:19: 读取文件成功
2017-08-15T17:07:19: 读取文件成功
2017-08-15T17:08:19: 读取文件成功
2017-08-15T17:09:19: 读取文件成功
2017-08-15T17:10:19: 读取文件成功
2017-08-15T17:11:19: 读取文件成功
2017-08-15T17:12:19: 读取文件成功
2017-08-15T17:13:19: 读取文件成功
2017-08-15T17:14:19: 读取文件成功
2017-08-15T17:15:19: 读取文件成功
2017-08-15T17:16:19: 读取文件成功
2017-08-15T17:17:19: 读取文件成功
2017-08-15T17:18:19: 读取文件成功
2017-08-15T17:19:19: 读取文件成功
2017-08-15T17:20:19: 读取文件成功
2017-08-15T17:21:19: 读取文件成功
2017-08-15T17:22:20: 读取文件成功
2017-08-15T17:23:19: 读取文件成功
2017-08-15T17:24:19: 读取文件成功
2017-08-15T17:25:19: 读取文件成功
2017-08-15T17:26:19: 读取文件成功
2017-08-15T17:27:19: 读取文件成功
2017-08-15T17:28:20: 读取文件成功
2017-08-15T17:29:19: 读取文件成功
2017-08-15T17:30:19: 读取文件成功
2017-08-15T17:31:19: 读取文件成功
2017-08-15T17:32:19: 读取文件成功
2017-08-15T17:33:19: 读取文件成功
2017-08-15T17:34:20: 读取文件成功
2017-08-15T17:35:19: 读取文件成功
2017-08-15T17:36:19: 读取文件成功
2017-08-15T17:37:19: 读取文件成功
2017-08-15T17:38:19: 读取文件成功
2017-08-15T17:39:19: 读取文件成功
2017-08-15T17:40:20: 读取文件成功
2017-08-15T17:41:19: 读取文件成功
2017-08-15T17:42:19: 读取文件成功
2017-08-15T17:43:20: 读取文件成功
2017-08-15T17:44:19: 读取文件成功
2017-08-15T17:45:20: 读取文件成功
2017-08-15T17:46:20: 读取文件成功
2017-08-15T17:47:20: 读取文件成功
2017-08-15T17:48:20: 读取文件成功
2017-08-15T17:49:20: 读取文件成功
2017-08-15T17:50:20: 读取文件成功
2017-08-15T17:51:20: 读取文件成功
2017-08-15T17:52:20: 读取文件成功
2017-08-15T17:53:20: 读取文件成功
2017-08-15T17:54:20: 读取文件成功
2017-08-15T17:55:20: 读取文件成功
2017-08-15T17:56:20: 读取文件成功
2017-08-15T17:57:20: 读取文件成功
2017-08-15T17:58:20: 读取文件成功
2017-08-15T17:59:20: 读取文件成功
2017-08-15T18:00:20: 读取文件成功
2017-08-15T18:01:20: 读取文件成功
2017-08-15T18:02:20: 读取文件成功
2017-08-15T18:03:20: 读取文件成功
2017-08-15T18:04:20: 读取文件成功
2017-08-15T18:05:20: 读取文件成功
2017-08-15T18:06:20: 读取文件成功
2017-08-15T18:07:20: 读取文件成功
2017-08-15T18:08:20: 读取文件成功
2017-08-15T18:09:20: 读取文件成功
2017-08-15T18:10:20: 读取文件成功
2017-08-15T18:11:20: 读取文件成功
2017-08-15T18:12:20: 读取文件成功
2017-08-15T18:13:20: 读取文件成功
2017-08-15T18:14:20: 读取文件成功
2017-08-15T18:15:20: 读取文件成功
2017-08-15T18:16:20: 读取文件成功
2017-08-15T18:17:20: 读取文件成功
2017-08-15T18:18:20: 读取文件成功
2017-08-15T18:19:20: 读取文件成功
2017-08-15T18:20:20: 读取文件成功
2017-08-15T18:21:20: 读取文件成功
2017-08-15T18:22:20: 读取文件成功
2017-08-15T18:23:20: 读取文件成功
2017-08-15T18:24:20: 读取文件成功
2017-08-15T18:25:20: 读取文件成功
2017-08-15T18:26:20: 读取文件成功
2017-08-15T18:27:20: 读取文件成功
2017-08-15T18:28:20: 读取文件成功
2017-08-15T18:29:20: 读取文件成功
2017-08-15T18:30:20: 读取文件成功
2017-08-15T18:31:20: 读取文件成功
2017-08-15T18:32:20: 读取文件成功
2017-08-15T18:33:20: 读取文件成功
2017-08-15T18:34:20: 读取文件成功
2017-08-15T18:35:20: 读取文件成功
2017-08-15T18:36:20: 读取文件成功
2017-08-15T18:37:20: 读取文件成功
2017-08-15T18:38:20: 读取文件成功
2017-08-15T18:39:20: 读取文件成功
2017-08-15T18:40:20: 读取文件成功
2017-08-15T18:41:20: 读取文件成功
2017-08-15T18:42:20: 读取文件成功
2017-08-15T18:43:20: 读取文件成功
2017-08-15T18:44:20: 读取文件成功
2017-08-15T18:45:20: 读取文件成功
2017-08-15T18:46:20: 读取文件成功
2017-08-15T18:47:20: 读取文件成功
2017-08-15T18:48:20: 读取文件成功
2017-08-15T18:49:20: 读取文件成功
2017-08-15T18:50:20: 读取文件成功
2017-08-15T18:51:20: 读取文件成功
2017-08-15T18:52:20: 读取文件成功
2017-08-15T18:53:20: 读取文件成功
2017-08-15T18:54:20: 读取文件成功
2017-08-15T18:55:20: 读取文件成功
2017-08-15T18:56:20: 读取文件成功
2017-08-15T18:57:20: 读取文件成功
2017-08-15T18:58:20: 读取文件成功
2017-08-15T18:59:20: 读取文件成功
2017-08-15T19:00:20: 读取文件成功
2017-08-15T19:01:20: 读取文件成功
2017-08-15T19:02:20: 读取文件成功
2017-08-15T19:03:20: 读取文件成功
2017-08-15T19:04:20: 读取文件成功
2017-08-15T19:05:21: 读取文件成功
2017-08-15T19:06:20: 读取文件成功
2017-08-15T19:07:20: 读取文件成功
2017-08-15T19:08:20: 读取文件成功
2017-08-15T19:09:20: 读取文件成功
2017-08-15T19:10:20: 读取文件成功
2017-08-15T19:11:20: 读取文件成功
2017-08-15T19:12:20: 读取文件成功
2017-08-15T19:13:20: 读取文件成功
2017-08-15T19:14:20: 读取文件成功
2017-08-15T19:15:21: 读取文件成功
2017-08-15T19:16:20: 读取文件成功
2017-08-15T19:17:20: 读取文件成功
2017-08-15T19:18:20: 读取文件成功
2017-08-15T19:19:20: 读取文件成功
2017-08-15T19:20:20: 读取文件成功
2017-08-15T19:21:21: 读取文件成功
2017-08-15T19:22:21: 读取文件成功
2017-08-15T19:23:21: 读取文件成功
2017-08-15T19:24:21: 读取文件成功
2017-08-15T19:25:21: 读取文件成功
2017-08-15T19:26:21: 读取文件成功
2017-08-15T19:27:21: 读取文件成功
2017-08-15T19:28:21: 读取文件成功
2017-08-15T19:29:21: 读取文件成功
2017-08-15T19:30:21: 读取文件成功
2017-08-15T19:31:21: 读取文件成功
2017-08-15T19:32:21: 读取文件成功
2017-08-15T19:33:21: 读取文件成功
2017-08-15T19:34:21: 读取文件成功
2017-08-15T19:35:21: 读取文件成功
2017-08-15T19:36:21: 读取文件成功
2017-08-15T19:37:21: 读取文件成功
2017-08-15T19:38:21: 读取文件成功
2017-08-15T19:39:21: 读取文件成功
2017-08-15T19:40:21: 读取文件成功
2017-08-15T19:41:21: 读取文件成功
2017-08-15T19:42:21: 读取文件成功
2017-08-15T19:43:21: 读取文件成功
2017-08-15T19:44:21: 读取文件成功
2017-08-15T19:45:21: 读取文件成功
2017-08-15T19:46:21: 读取文件成功
2017-08-15T19:47:21: 读取文件成功
2017-08-15T19:48:21: 读取文件成功
2017-08-15T19:49:21: 读取文件成功
2017-08-15T19:50:21: 读取文件成功
2017-08-15T19:51:21: 读取文件成功
2017-08-15T19:52:21: 读取文件成功
2017-08-15T19:53:21: 读取文件成功
2017-08-15T19:54:21: 读取文件成功
2017-08-15T19:55:21: 读取文件成功
2017-08-15T19:56:21: 读取文件成功
2017-08-15T19:57:21: 读取文件成功
2017-08-15T19:58:21: 读取文件成功
2017-08-15T19:59:21: 读取文件成功
2017-08-15T20:00:21: 读取文件成功
2017-08-15T20:01:21: 读取文件成功
2017-08-15T20:02:21: 读取文件成功
2017-08-15T20:03:21: 读取文件成功
2017-08-15T20:04:21: 读取文件成功
2017-08-15T20:05:21: 读取文件成功
2017-08-15T20:06:21: 读取文件成功
2017-08-15T20:07:21: 读取文件成功
2017-08-15T20:08:21: 读取文件成功
2017-08-15T20:09:21: 读取文件成功
2017-08-15T20:10:21: 读取文件成功
2017-08-15T20:11:21: 读取文件成功
2017-08-15T20:12:21: 读取文件成功
2017-08-15T20:13:21: 读取文件成功
2017-08-15T20:14:21: 读取文件成功
2017-08-15T20:15:21: 读取文件成功
2017-08-15T20:16:21: 读取文件成功
2017-08-15T20:17:21: 读取文件成功
2017-08-15T20:18:21: 读取文件成功
2017-08-15T20:19:21: 读取文件成功
2017-08-15T20:20:21: 读取文件成功
2017-08-15T20:21:21: 读取文件成功
2017-08-15T20:22:21: 读取文件成功
2017-08-15T20:23:21: 读取文件成功
2017-08-15T20:24:21: 读取文件成功
2017-08-15T20:25:21: 读取文件成功
2017-08-15T20:26:21: 读取文件成功
2017-08-15T20:27:21: 读取文件成功
2017-08-15T20:28:21: 读取文件成功
2017-08-15T20:29:21: 读取文件成功
2017-08-15T20:30:21: 读取文件成功
2017-08-15T20:31:21: 读取文件成功
2017-08-15T20:32:21: 读取文件成功
2017-08-15T20:33:21: 读取文件成功
2017-08-15T20:34:21: 读取文件成功
2017-08-15T20:35:21: 读取文件成功
2017-08-15T20:36:21: 读取文件成功
2017-08-15T20:37:21: 读取文件成功
2017-08-15T20:38:21: 读取文件成功
2017-08-15T20:39:21: 读取文件成功
2017-08-15T20:40:21: 读取文件成功
2017-08-15T20:41:21: 读取文件成功
2017-08-15T20:42:21: 读取文件成功
2017-08-15T20:43:21: 读取文件成功
2017-08-15T20:44:21: 读取文件成功
2017-08-15T20:45:21: 读取文件成功
2017-08-15T20:46:21: 读取文件成功
2017-08-15T20:47:21: 读取文件成功
2017-08-15T20:48:21: 读取文件成功
2017-08-15T20:49:21: 读取文件成功
2017-08-15T20:50:22: 读取文件成功
2017-08-15T20:51:22: 读取文件成功
2017-08-15T20:52:22: 读取文件成功
2017-08-15T20:53:21: 读取文件成功
2017-08-15T20:54:21: 读取文件成功
2017-08-15T20:55:21: 读取文件成功
2017-08-15T20:56:22: 读取文件成功
2017-08-15T20:57:21: 读取文件成功
2017-08-15T20:58:21: 读取文件成功
2017-08-15T20:59:21: 读取文件成功
2017-08-15T21:00:22: 读取文件成功
2017-08-15T21:01:21: 读取文件成功
2017-08-15T21:02:22: 读取文件成功
2017-08-15T21:03:21: 读取文件成功
2017-08-15T21:04:21: 读取文件成功
2017-08-15T21:05:22: 读取文件成功
2017-08-15T21:06:22: 读取文件成功
2017-08-15T21:07:22: 读取文件成功
2017-08-15T21:08:22: 读取文件成功
2017-08-15T21:09:22: 读取文件成功
2017-08-15T21:10:22: 读取文件成功
2017-08-15T21:11:22: 读取文件成功
2017-08-15T21:12:22: 读取文件成功
2017-08-15T21:13:23: 读取文件成功
2017-08-15T21:14:22: 读取文件成功
2017-08-15T21:15:23: 读取文件成功
2017-08-15T21:16:22: 读取文件成功
2017-08-15T21:17:22: 读取文件成功
2017-08-15T21:18:22: 读取文件成功
2017-08-15T21:19:23: 读取文件成功
2017-08-15T21:20:22: 读取文件成功
2017-08-15T21:21:22: 读取文件成功
2017-08-15T21:22:22: 读取文件成功
2017-08-15T21:23:22: 读取文件成功
2017-08-15T21:24:24: 读取文件成功
2017-08-15T21:25:22: 读取文件成功
2017-08-15T21:26:22: 读取文件成功
2017-08-15T21:27:22: 读取文件成功
2017-08-15T21:28:22: 读取文件成功
2017-08-15T21:29:22: 读取文件成功
2017-08-15T21:30:22: 读取文件成功
2017-08-15T21:31:22: 读取文件成功
2017-08-15T21:32:22: 读取文件成功
2017-08-15T21:33:22: 读取文件成功
2017-08-15T21:34:22: 读取文件成功
2017-08-15T21:35:22: 读取文件成功
2017-08-15T21:36:22: 读取文件成功
2017-08-15T21:37:22: 读取文件成功
2017-08-15T21:38:22: 读取文件成功
2017-08-15T21:39:22: 读取文件成功
2017-08-15T21:40:22: 读取文件成功
2017-08-15T21:41:22: 读取文件成功
2017-08-15T21:42:22: 读取文件成功
2017-08-15T21:43:22: 读取文件成功
2017-08-15T21:44:22: 读取文件成功
2017-08-15T21:45:22: 读取文件成功
2017-08-15T21:46:22: 读取文件成功
2017-08-15T21:47:22: 读取文件成功
2017-08-15T21:48:22: 读取文件成功
2017-08-15T21:49:22: 读取文件成功
2017-08-15T21:50:22: 读取文件成功
2017-08-15T21:51:22: 读取文件成功
2017-08-15T21:52:22: 读取文件成功
2017-08-15T21:53:22: 读取文件成功
2017-08-15T21:54:22: 读取文件成功
2017-08-15T21:55:22: 读取文件成功
2017-08-15T21:56:22: 读取文件成功
2017-08-15T21:57:22: 读取文件成功
2017-08-15T21:58:22: 读取文件成功
2017-08-15T21:59:22: 读取文件成功
2017-08-15T22:00:22: 读取文件成功
2017-08-15T22:01:22: 读取文件成功
2017-08-15T22:02:22: 读取文件成功
2017-08-15T22:03:22: 读取文件成功
2017-08-15T22:04:22: 读取文件成功
2017-08-15T22:05:22: 读取文件成功
2017-08-15T22:06:22: 读取文件成功
2017-08-15T22:07:22: 读取文件成功
2017-08-15T22:08:22: 读取文件成功
2017-08-15T22:09:22: 读取文件成功
2017-08-15T22:10:22: 读取文件成功
2017-08-15T22:11:22: 读取文件成功
2017-08-15T22:12:22: 读取文件成功
2017-08-15T22:13:22: 读取文件成功
2017-08-15T22:14:22: 读取文件成功
2017-08-15T22:15:22: 读取文件成功
2017-08-15T22:16:22: 读取文件成功
2017-08-15T22:17:23: 读取文件成功
2017-08-15T22:18:22: 读取文件成功
2017-08-15T22:19:22: 读取文件成功
2017-08-15T22:20:22: 读取文件成功
2017-08-15T22:21:22: 读取文件成功
2017-08-15T22:22:22: 读取文件成功
2017-08-15T22:23:22: 读取文件成功
2017-08-15T22:24:22: 读取文件成功
2017-08-15T22:25:22: 读取文件成功
2017-08-15T22:26:22: 读取文件成功
2017-08-15T22:27:22: 读取文件成功
2017-08-15T22:28:22: 读取文件成功
2017-08-15T22:29:23: 读取文件成功
2017-08-15T22:30:23: 读取文件成功
2017-08-15T22:31:22: 读取文件成功
2017-08-15T22:32:22: 读取文件成功
2017-08-15T22:33:22: 读取文件成功
2017-08-15T22:34:22: 读取文件成功
2017-08-15T22:35:23: 读取文件成功
2017-08-15T22:36:22: 读取文件成功
2017-08-15T22:37:22: 读取文件成功
2017-08-15T22:38:22: 读取文件成功
2017-08-15T22:39:22: 读取文件成功
2017-08-15T22:40:22: 读取文件成功
2017-08-15T22:41:23: 读取文件成功
2017-08-15T22:42:22: 读取文件成功
2017-08-15T22:43:22: 读取文件成功
2017-08-15T22:44:22: 读取文件成功
2017-08-15T22:45:23: 读取文件成功
2017-08-15T22:46:22: 读取文件成功
2017-08-15T22:47:23: 读取文件成功
2017-08-15T22:48:23: 读取文件成功
2017-08-15T22:49:23: 读取文件成功
2017-08-15T22:50:23: 读取文件成功
2017-08-15T22:51:23: 读取文件成功
2017-08-15T22:52:23: 读取文件成功
2017-08-15T22:53:23: 读取文件成功
2017-08-15T22:54:23: 读取文件成功
2017-08-15T22:55:23: 读取文件成功
2017-08-15T22:56:23: 读取文件成功
2017-08-15T22:57:23: 读取文件成功
2017-08-15T22:58:23: 读取文件成功
2017-08-15T22:59:23: 读取文件成功
2017-08-15T23:00:23: 读取文件成功
2017-08-15T23:01:23: 读取文件成功
2017-08-15T23:02:23: 读取文件成功
2017-08-15T23:03:23: 读取文件成功
2017-08-15T23:04:23: 读取文件成功
2017-08-15T23:05:23: 读取文件成功
2017-08-15T23:06:23: 读取文件成功
2017-08-15T23:07:23: 读取文件成功
2017-08-15T23:08:23: 读取文件成功
2017-08-15T23:09:23: 读取文件成功
2017-08-15T23:10:23: 读取文件成功
2017-08-15T23:11:23: 读取文件成功
2017-08-15T23:12:23: 读取文件成功
2017-08-15T23:13:23: 读取文件成功
2017-08-15T23:14:23: 读取文件成功
2017-08-15T23:15:23: 读取文件成功
2017-08-15T23:16:23: 读取文件成功
2017-08-15T23:17:23: 读取文件成功
2017-08-15T23:18:23: 读取文件成功
2017-08-15T23:19:23: 读取文件成功
2017-08-15T23:20:23: 读取文件成功
2017-08-15T23:21:24: 读取文件成功
2017-08-15T23:22:23: 读取文件成功
2017-08-15T23:23:23: 读取文件成功
2017-08-15T23:24:23: 读取文件成功
2017-08-15T23:25:23: 读取文件成功
2017-08-15T23:26:23: 读取文件成功
2017-08-15T23:27:23: 读取文件成功
2017-08-15T23:28:23: 读取文件成功
2017-08-15T23:29:23: 读取文件成功
2017-08-15T23:30:23: 读取文件成功
2017-08-15T23:31:23: 读取文件成功
2017-08-15T23:32:23: 读取文件成功
2017-08-15T23:33:23: 读取文件成功
2017-08-15T23:34:23: 读取文件成功
2017-08-15T23:35:23: 读取文件成功
2017-08-15T23:36:23: 读取文件成功
2017-08-15T23:37:23: 读取文件成功
2017-08-15T23:38:23: 读取文件成功
2017-08-15T23:39:23: 读取文件成功
2017-08-15T23:40:23: 读取文件成功
2017-08-15T23:41:23: 读取文件成功
2017-08-15T23:42:23: 读取文件成功
2017-08-15T23:43:23: 读取文件成功
2017-08-15T23:44:23: 读取文件成功
2017-08-15T23:45:23: 读取文件成功
2017-08-15T23:46:23: 读取文件成功
2017-08-15T23:47:23: 读取文件成功
2017-08-15T23:48:23: 读取文件成功
2017-08-15T23:49:23: 读取文件成功
2017-08-15T23:50:23: 非记录时间：2017-08-15T23:50:23+08:00
2017-08-15T23:51:23: 非记录时间：2017-08-15T23:51:23+08:00
2017-08-15T23:52:23: 非记录时间：2017-08-15T23:52:23+08:00
2017-08-15T23:53:23: 非记录时间：2017-08-15T23:53:23+08:00
2017-08-15T23:54:23: 非记录时间：2017-08-15T23:54:23+08:00
2017-08-15T23:55:23: 非记录时间：2017-08-15T23:55:23+08:00
2017-08-15T23:56:23: 非记录时间：2017-08-15T23:56:23+08:00
2017-08-15T23:57:23: 非记录时间：2017-08-15T23:57:23+08:00
2017-08-15T23:58:23: 非记录时间：2017-08-15T23:58:23+08:00
2017-08-15T23:59:23: 非记录时间：2017-08-15T23:59:23+08:00
