2017-04-08T00:00:02: 非记录时间：2017-04-08T00:00:02+08:00
2017-04-08T00:00:12: 非记录时间：2017-04-08T00:00:12+08:00
2017-04-08T00:00:22: 非记录时间：2017-04-08T00:00:22+08:00
2017-04-08T00:00:32: 非记录时间：2017-04-08T00:00:32+08:00
2017-04-08T00:00:42: 非记录时间：2017-04-08T00:00:42+08:00
2017-04-08T00:00:52: 非记录时间：2017-04-08T00:00:52+08:00
2017-04-08T00:01:02: 非记录时间：2017-04-08T00:01:02+08:00
2017-04-08T00:01:12: 非记录时间：2017-04-08T00:01:12+08:00
2017-04-08T00:01:22: 非记录时间：2017-04-08T00:01:22+08:00
2017-04-08T00:01:32: 非记录时间：2017-04-08T00:01:32+08:00
2017-04-08T00:01:42: 非记录时间：2017-04-08T00:01:42+08:00
2017-04-08T00:01:52: 非记录时间：2017-04-08T00:01:52+08:00
2017-04-08T00:02:02: 非记录时间：2017-04-08T00:02:02+08:00
2017-04-08T00:02:12: 非记录时间：2017-04-08T00:02:12+08:00
2017-04-08T00:02:22: 非记录时间：2017-04-08T00:02:22+08:00
2017-04-08T00:02:32: 非记录时间：2017-04-08T00:02:32+08:00
2017-04-08T00:02:42: 非记录时间：2017-04-08T00:02:42+08:00
2017-04-08T00:02:52: 非记录时间：2017-04-08T00:02:52+08:00
2017-04-08T00:03:02: 非记录时间：2017-04-08T00:03:02+08:00
2017-04-08T00:03:12: 非记录时间：2017-04-08T00:03:12+08:00
2017-04-08T00:03:22: 非记录时间：2017-04-08T00:03:22+08:00
2017-04-08T00:03:32: 非记录时间：2017-04-08T00:03:32+08:00
2017-04-08T00:03:42: 非记录时间：2017-04-08T00:03:42+08:00
2017-04-08T00:03:52: 非记录时间：2017-04-08T00:03:52+08:00
2017-04-08T00:04:02: 非记录时间：2017-04-08T00:04:02+08:00
2017-04-08T00:04:12: 非记录时间：2017-04-08T00:04:12+08:00
2017-04-08T00:04:22: 非记录时间：2017-04-08T00:04:22+08:00
2017-04-08T00:04:32: 非记录时间：2017-04-08T00:04:32+08:00
2017-04-08T00:04:42: 非记录时间：2017-04-08T00:04:42+08:00
2017-04-08T00:04:52: 非记录时间：2017-04-08T00:04:52+08:00
2017-04-08T00:05:02: 非记录时间：2017-04-08T00:05:02+08:00
2017-04-08T00:05:12: 非记录时间：2017-04-08T00:05:12+08:00
2017-04-08T00:05:22: 非记录时间：2017-04-08T00:05:22+08:00
2017-04-08T00:05:32: 非记录时间：2017-04-08T00:05:32+08:00
2017-04-08T00:05:42: 非记录时间：2017-04-08T00:05:42+08:00
2017-04-08T00:05:52: 非记录时间：2017-04-08T00:05:52+08:00
2017-04-08T00:06:02: 非记录时间：2017-04-08T00:06:02+08:00
2017-04-08T00:06:12: 非记录时间：2017-04-08T00:06:12+08:00
2017-04-08T00:06:22: 非记录时间：2017-04-08T00:06:22+08:00
2017-04-08T00:06:32: 非记录时间：2017-04-08T00:06:32+08:00
2017-04-08T00:06:42: 非记录时间：2017-04-08T00:06:42+08:00
2017-04-08T00:06:52: 非记录时间：2017-04-08T00:06:52+08:00
2017-04-08T00:07:02: 非记录时间：2017-04-08T00:07:02+08:00
2017-04-08T00:07:12: 非记录时间：2017-04-08T00:07:12+08:00
2017-04-08T00:07:22: 非记录时间：2017-04-08T00:07:22+08:00
2017-04-08T00:07:32: 非记录时间：2017-04-08T00:07:32+08:00
2017-04-08T00:07:42: 非记录时间：2017-04-08T00:07:42+08:00
2017-04-08T00:07:52: 非记录时间：2017-04-08T00:07:52+08:00
2017-04-08T00:08:02: 非记录时间：2017-04-08T00:08:02+08:00
2017-04-08T00:08:12: 非记录时间：2017-04-08T00:08:12+08:00
2017-04-08T00:08:22: 非记录时间：2017-04-08T00:08:22+08:00
2017-04-08T00:08:32: 非记录时间：2017-04-08T00:08:32+08:00
2017-04-08T00:08:42: 非记录时间：2017-04-08T00:08:42+08:00
2017-04-08T00:08:52: 非记录时间：2017-04-08T00:08:52+08:00
2017-04-08T00:09:02: 非记录时间：2017-04-08T00:09:02+08:00
2017-04-08T00:09:12: 非记录时间：2017-04-08T00:09:12+08:00
2017-04-08T00:09:22: 非记录时间：2017-04-08T00:09:22+08:00
2017-04-08T00:09:32: 非记录时间：2017-04-08T00:09:32+08:00
2017-04-08T00:09:42: 非记录时间：2017-04-08T00:09:42+08:00
2017-04-08T00:09:52: 非记录时间：2017-04-08T00:09:52+08:00
2017-04-08T00:10:02: 非记录时间：2017-04-08T00:10:02+08:00
2017-04-08T00:10:12: 非记录时间：2017-04-08T00:10:12+08:00
2017-04-08T00:10:22: 非记录时间：2017-04-08T00:10:22+08:00
2017-04-08T00:10:32: 非记录时间：2017-04-08T00:10:32+08:00
2017-04-08T00:10:42: 非记录时间：2017-04-08T00:10:42+08:00
2017-04-08T00:10:52: 非记录时间：2017-04-08T00:10:52+08:00
2017-04-08T00:11:02: 非记录时间：2017-04-08T00:11:02+08:00
2017-04-08T00:11:12: 非记录时间：2017-04-08T00:11:12+08:00
2017-04-08T00:11:22: 非记录时间：2017-04-08T00:11:22+08:00
2017-04-08T00:11:32: 非记录时间：2017-04-08T00:11:32+08:00
2017-04-08T00:11:42: 非记录时间：2017-04-08T00:11:42+08:00
2017-04-08T00:11:52: 非记录时间：2017-04-08T00:11:52+08:00
2017-04-08T00:12:02: 非记录时间：2017-04-08T00:12:02+08:00
2017-04-08T00:12:12: 非记录时间：2017-04-08T00:12:12+08:00
2017-04-08T00:12:22: 非记录时间：2017-04-08T00:12:22+08:00
2017-04-08T00:12:32: 非记录时间：2017-04-08T00:12:32+08:00
2017-04-08T00:12:42: 非记录时间：2017-04-08T00:12:42+08:00
2017-04-08T00:12:52: 非记录时间：2017-04-08T00:12:52+08:00
2017-04-08T00:13:02: 非记录时间：2017-04-08T00:13:02+08:00
2017-04-08T00:13:12: 非记录时间：2017-04-08T00:13:12+08:00
2017-04-08T00:13:22: 非记录时间：2017-04-08T00:13:22+08:00
2017-04-08T00:13:32: 非记录时间：2017-04-08T00:13:32+08:00
2017-04-08T00:13:42: 非记录时间：2017-04-08T00:13:42+08:00
2017-04-08T00:13:52: 非记录时间：2017-04-08T00:13:52+08:00
2017-04-08T00:14:02: 非记录时间：2017-04-08T00:14:02+08:00
2017-04-08T00:14:12: 非记录时间：2017-04-08T00:14:12+08:00
2017-04-08T00:14:22: 非记录时间：2017-04-08T00:14:22+08:00
2017-04-08T00:14:32: 非记录时间：2017-04-08T00:14:32+08:00
2017-04-08T00:14:42: 非记录时间：2017-04-08T00:14:42+08:00
2017-04-08T00:14:52: 非记录时间：2017-04-08T00:14:52+08:00
2017-04-08T00:15:02: 非记录时间：2017-04-08T00:15:02+08:00
2017-04-08T00:15:12: 非记录时间：2017-04-08T00:15:12+08:00
2017-04-08T00:15:22: 非记录时间：2017-04-08T00:15:22+08:00
2017-04-08T00:15:32: 非记录时间：2017-04-08T00:15:32+08:00
2017-04-08T00:15:42: 非记录时间：2017-04-08T00:15:42+08:00
2017-04-08T00:15:52: 非记录时间：2017-04-08T00:15:52+08:00
2017-04-08T00:16:02: 非记录时间：2017-04-08T00:16:02+08:00
2017-04-08T00:16:12: 非记录时间：2017-04-08T00:16:12+08:00
2017-04-08T00:16:22: 非记录时间：2017-04-08T00:16:22+08:00
2017-04-08T00:16:32: 非记录时间：2017-04-08T00:16:32+08:00
2017-04-08T00:16:42: 非记录时间：2017-04-08T00:16:42+08:00
2017-04-08T00:16:52: 非记录时间：2017-04-08T00:16:52+08:00
2017-04-08T00:17:02: 非记录时间：2017-04-08T00:17:02+08:00
2017-04-08T00:17:12: 非记录时间：2017-04-08T00:17:12+08:00
2017-04-08T00:17:22: 非记录时间：2017-04-08T00:17:22+08:00
2017-04-08T00:17:32: 非记录时间：2017-04-08T00:17:32+08:00
2017-04-08T00:17:42: 非记录时间：2017-04-08T00:17:42+08:00
2017-04-08T00:17:52: 非记录时间：2017-04-08T00:17:52+08:00
2017-04-08T00:18:02: 非记录时间：2017-04-08T00:18:02+08:00
2017-04-08T00:18:12: 非记录时间：2017-04-08T00:18:12+08:00
2017-04-08T00:18:22: 非记录时间：2017-04-08T00:18:22+08:00
2017-04-08T00:18:32: 非记录时间：2017-04-08T00:18:32+08:00
2017-04-08T00:18:42: 非记录时间：2017-04-08T00:18:42+08:00
2017-04-08T00:18:52: 非记录时间：2017-04-08T00:18:52+08:00
2017-04-08T00:19:02: 非记录时间：2017-04-08T00:19:02+08:00
2017-04-08T00:19:12: 非记录时间：2017-04-08T00:19:12+08:00
2017-04-08T00:19:22: 非记录时间：2017-04-08T00:19:22+08:00
2017-04-08T00:19:32: 非记录时间：2017-04-08T00:19:32+08:00
2017-04-08T00:19:42: 非记录时间：2017-04-08T00:19:42+08:00
2017-04-08T00:19:52: 非记录时间：2017-04-08T00:19:52+08:00
2017-04-08T00:20:02: 非记录时间：2017-04-08T00:20:02+08:00
2017-04-08T00:20:12: 非记录时间：2017-04-08T00:20:12+08:00
2017-04-08T00:20:22: 非记录时间：2017-04-08T00:20:22+08:00
2017-04-08T00:20:32: 非记录时间：2017-04-08T00:20:32+08:00
2017-04-08T00:20:42: 非记录时间：2017-04-08T00:20:42+08:00
2017-04-08T00:20:52: 非记录时间：2017-04-08T00:20:52+08:00
2017-04-08T00:21:02: 非记录时间：2017-04-08T00:21:02+08:00
2017-04-08T00:21:12: 非记录时间：2017-04-08T00:21:12+08:00
2017-04-08T00:21:22: 非记录时间：2017-04-08T00:21:22+08:00
2017-04-08T00:21:32: 非记录时间：2017-04-08T00:21:32+08:00
2017-04-08T00:21:42: 非记录时间：2017-04-08T00:21:42+08:00
2017-04-08T00:21:52: 非记录时间：2017-04-08T00:21:52+08:00
2017-04-08T00:22:02: 非记录时间：2017-04-08T00:22:02+08:00
2017-04-08T00:22:12: 非记录时间：2017-04-08T00:22:12+08:00
2017-04-08T00:22:22: 非记录时间：2017-04-08T00:22:22+08:00
2017-04-08T00:22:32: 非记录时间：2017-04-08T00:22:32+08:00
2017-04-08T00:22:42: 非记录时间：2017-04-08T00:22:42+08:00
2017-04-08T00:22:52: 非记录时间：2017-04-08T00:22:52+08:00
2017-04-08T00:23:02: 非记录时间：2017-04-08T00:23:02+08:00
2017-04-08T00:23:12: 非记录时间：2017-04-08T00:23:12+08:00
2017-04-08T00:23:22: 非记录时间：2017-04-08T00:23:22+08:00
2017-04-08T00:23:32: 非记录时间：2017-04-08T00:23:32+08:00
2017-04-08T00:23:42: 非记录时间：2017-04-08T00:23:42+08:00
2017-04-08T00:23:52: 非记录时间：2017-04-08T00:23:52+08:00
2017-04-08T00:24:02: 非记录时间：2017-04-08T00:24:02+08:00
2017-04-08T00:24:12: 非记录时间：2017-04-08T00:24:12+08:00
2017-04-08T00:24:22: 非记录时间：2017-04-08T00:24:22+08:00
2017-04-08T00:24:32: 非记录时间：2017-04-08T00:24:32+08:00
2017-04-08T00:24:42: 非记录时间：2017-04-08T00:24:42+08:00
2017-04-08T00:24:52: 非记录时间：2017-04-08T00:24:52+08:00
2017-04-08T00:25:02: 非记录时间：2017-04-08T00:25:02+08:00
2017-04-08T00:25:12: 非记录时间：2017-04-08T00:25:12+08:00
2017-04-08T00:25:22: 非记录时间：2017-04-08T00:25:22+08:00
2017-04-08T00:25:32: 非记录时间：2017-04-08T00:25:32+08:00
2017-04-08T00:25:42: 非记录时间：2017-04-08T00:25:42+08:00
2017-04-08T00:25:52: 非记录时间：2017-04-08T00:25:52+08:00
2017-04-08T00:26:02: 非记录时间：2017-04-08T00:26:02+08:00
2017-04-08T00:26:12: 非记录时间：2017-04-08T00:26:12+08:00
2017-04-08T00:26:22: 非记录时间：2017-04-08T00:26:22+08:00
2017-04-08T00:26:32: 非记录时间：2017-04-08T00:26:32+08:00
2017-04-08T00:26:42: 非记录时间：2017-04-08T00:26:42+08:00
2017-04-08T00:26:52: 非记录时间：2017-04-08T00:26:52+08:00
2017-04-08T00:27:02: 非记录时间：2017-04-08T00:27:02+08:00
2017-04-08T00:27:12: 非记录时间：2017-04-08T00:27:12+08:00
2017-04-08T00:27:22: 非记录时间：2017-04-08T00:27:22+08:00
2017-04-08T00:27:32: 非记录时间：2017-04-08T00:27:32+08:00
2017-04-08T00:27:42: 非记录时间：2017-04-08T00:27:42+08:00
2017-04-08T00:27:52: 非记录时间：2017-04-08T00:27:52+08:00
2017-04-08T00:28:02: 非记录时间：2017-04-08T00:28:02+08:00
2017-04-08T00:28:12: 非记录时间：2017-04-08T00:28:12+08:00
2017-04-08T00:28:22: 非记录时间：2017-04-08T00:28:22+08:00
2017-04-08T00:28:32: 非记录时间：2017-04-08T00:28:32+08:00
2017-04-08T00:28:42: 非记录时间：2017-04-08T00:28:42+08:00
2017-04-08T00:28:52: 非记录时间：2017-04-08T00:28:52+08:00
2017-04-08T00:29:02: 非记录时间：2017-04-08T00:29:02+08:00
2017-04-08T00:29:12: 非记录时间：2017-04-08T00:29:12+08:00
2017-04-08T00:29:22: 非记录时间：2017-04-08T00:29:22+08:00
2017-04-08T00:29:32: 非记录时间：2017-04-08T00:29:32+08:00
2017-04-08T00:29:42: 非记录时间：2017-04-08T00:29:42+08:00
2017-04-08T00:29:52: 非记录时间：2017-04-08T00:29:52+08:00
2017-04-08T00:30:02: 非记录时间：2017-04-08T00:30:02+08:00
2017-04-08T00:30:12: 非记录时间：2017-04-08T00:30:12+08:00
2017-04-08T00:30:22: 非记录时间：2017-04-08T00:30:22+08:00
2017-04-08T00:30:32: 非记录时间：2017-04-08T00:30:32+08:00
2017-04-08T00:30:42: 非记录时间：2017-04-08T00:30:42+08:00
2017-04-08T00:30:52: 非记录时间：2017-04-08T00:30:52+08:00
2017-04-08T00:31:02: 非记录时间：2017-04-08T00:31:02+08:00
2017-04-08T00:31:12: 非记录时间：2017-04-08T00:31:12+08:00
2017-04-08T00:31:22: 非记录时间：2017-04-08T00:31:22+08:00
2017-04-08T00:31:32: 非记录时间：2017-04-08T00:31:32+08:00
2017-04-08T00:31:42: 非记录时间：2017-04-08T00:31:42+08:00
2017-04-08T00:31:52: 非记录时间：2017-04-08T00:31:52+08:00
2017-04-08T00:32:02: 非记录时间：2017-04-08T00:32:02+08:00
2017-04-08T00:32:12: 非记录时间：2017-04-08T00:32:12+08:00
2017-04-08T00:32:22: 非记录时间：2017-04-08T00:32:22+08:00
2017-04-08T00:32:32: 非记录时间：2017-04-08T00:32:32+08:00
2017-04-08T00:32:42: 非记录时间：2017-04-08T00:32:42+08:00
2017-04-08T00:32:52: 非记录时间：2017-04-08T00:32:52+08:00
2017-04-08T00:33:02: 非记录时间：2017-04-08T00:33:02+08:00
2017-04-08T00:33:12: 非记录时间：2017-04-08T00:33:12+08:00
2017-04-08T00:33:22: 非记录时间：2017-04-08T00:33:22+08:00
2017-04-08T00:33:32: 非记录时间：2017-04-08T00:33:32+08:00
2017-04-08T00:33:42: 非记录时间：2017-04-08T00:33:42+08:00
2017-04-08T00:33:52: 非记录时间：2017-04-08T00:33:52+08:00
2017-04-08T00:34:02: 非记录时间：2017-04-08T00:34:02+08:00
2017-04-08T00:34:12: 非记录时间：2017-04-08T00:34:12+08:00
2017-04-08T00:34:22: 非记录时间：2017-04-08T00:34:22+08:00
2017-04-08T00:34:32: 非记录时间：2017-04-08T00:34:32+08:00
2017-04-08T00:34:42: 非记录时间：2017-04-08T00:34:42+08:00
2017-04-08T00:34:52: 非记录时间：2017-04-08T00:34:52+08:00
2017-04-08T00:35:02: 非记录时间：2017-04-08T00:35:02+08:00
2017-04-08T00:35:12: 非记录时间：2017-04-08T00:35:12+08:00
2017-04-08T00:35:22: 非记录时间：2017-04-08T00:35:22+08:00
2017-04-08T00:35:32: 非记录时间：2017-04-08T00:35:32+08:00
2017-04-08T00:35:42: 非记录时间：2017-04-08T00:35:42+08:00
2017-04-08T00:35:52: 非记录时间：2017-04-08T00:35:52+08:00
2017-04-08T00:36:02: 非记录时间：2017-04-08T00:36:02+08:00
2017-04-08T00:36:12: 非记录时间：2017-04-08T00:36:12+08:00
2017-04-08T00:36:22: 非记录时间：2017-04-08T00:36:22+08:00
2017-04-08T00:36:32: 非记录时间：2017-04-08T00:36:32+08:00
2017-04-08T00:36:42: 非记录时间：2017-04-08T00:36:42+08:00
2017-04-08T00:36:52: 非记录时间：2017-04-08T00:36:52+08:00
2017-04-08T00:37:02: 非记录时间：2017-04-08T00:37:02+08:00
2017-04-08T00:37:12: 非记录时间：2017-04-08T00:37:12+08:00
2017-04-08T00:37:22: 非记录时间：2017-04-08T00:37:22+08:00
2017-04-08T00:37:32: 非记录时间：2017-04-08T00:37:32+08:00
2017-04-08T00:37:42: 非记录时间：2017-04-08T00:37:42+08:00
2017-04-08T00:37:52: 非记录时间：2017-04-08T00:37:52+08:00
2017-04-08T00:38:02: 非记录时间：2017-04-08T00:38:02+08:00
2017-04-08T00:38:12: 非记录时间：2017-04-08T00:38:12+08:00
2017-04-08T00:38:22: 非记录时间：2017-04-08T00:38:22+08:00
2017-04-08T00:38:32: 非记录时间：2017-04-08T00:38:32+08:00
2017-04-08T00:38:42: 非记录时间：2017-04-08T00:38:42+08:00
2017-04-08T00:38:52: 非记录时间：2017-04-08T00:38:52+08:00
2017-04-08T00:39:02: 非记录时间：2017-04-08T00:39:02+08:00
2017-04-08T00:39:12: 非记录时间：2017-04-08T00:39:12+08:00
2017-04-08T00:39:22: 非记录时间：2017-04-08T00:39:22+08:00
2017-04-08T00:39:32: 非记录时间：2017-04-08T00:39:32+08:00
2017-04-08T00:39:42: 非记录时间：2017-04-08T00:39:42+08:00
2017-04-08T00:39:52: 非记录时间：2017-04-08T00:39:52+08:00
2017-04-08T00:40:02: 非记录时间：2017-04-08T00:40:02+08:00
2017-04-08T00:40:12: 非记录时间：2017-04-08T00:40:12+08:00
2017-04-08T00:40:22: 非记录时间：2017-04-08T00:40:22+08:00
2017-04-08T00:40:32: 非记录时间：2017-04-08T00:40:32+08:00
2017-04-08T00:40:42: 非记录时间：2017-04-08T00:40:42+08:00
2017-04-08T00:40:52: 非记录时间：2017-04-08T00:40:52+08:00
2017-04-08T00:41:02: 非记录时间：2017-04-08T00:41:02+08:00
2017-04-08T00:41:12: 非记录时间：2017-04-08T00:41:12+08:00
2017-04-08T00:41:22: 非记录时间：2017-04-08T00:41:22+08:00
2017-04-08T00:41:32: 非记录时间：2017-04-08T00:41:32+08:00
2017-04-08T00:41:42: 非记录时间：2017-04-08T00:41:42+08:00
2017-04-08T00:41:52: 非记录时间：2017-04-08T00:41:52+08:00
2017-04-08T00:42:02: 非记录时间：2017-04-08T00:42:02+08:00
2017-04-08T00:42:12: 非记录时间：2017-04-08T00:42:12+08:00
2017-04-08T00:42:22: 非记录时间：2017-04-08T00:42:22+08:00
2017-04-08T00:42:32: 非记录时间：2017-04-08T00:42:32+08:00
2017-04-08T00:42:42: 非记录时间：2017-04-08T00:42:42+08:00
2017-04-08T00:42:52: 非记录时间：2017-04-08T00:42:52+08:00
2017-04-08T00:43:02: 非记录时间：2017-04-08T00:43:02+08:00
2017-04-08T00:43:12: 非记录时间：2017-04-08T00:43:12+08:00
2017-04-08T00:43:22: 非记录时间：2017-04-08T00:43:22+08:00
2017-04-08T00:43:32: 非记录时间：2017-04-08T00:43:32+08:00
2017-04-08T00:43:42: 非记录时间：2017-04-08T00:43:42+08:00
2017-04-08T00:43:52: 非记录时间：2017-04-08T00:43:52+08:00
2017-04-08T00:44:02: 非记录时间：2017-04-08T00:44:02+08:00
2017-04-08T00:44:12: 非记录时间：2017-04-08T00:44:12+08:00
2017-04-08T00:44:22: 非记录时间：2017-04-08T00:44:22+08:00
2017-04-08T00:44:32: 非记录时间：2017-04-08T00:44:32+08:00
2017-04-08T00:44:42: 非记录时间：2017-04-08T00:44:42+08:00
2017-04-08T00:44:52: 非记录时间：2017-04-08T00:44:52+08:00
2017-04-08T00:45:02: 非记录时间：2017-04-08T00:45:02+08:00
2017-04-08T00:45:12: 非记录时间：2017-04-08T00:45:12+08:00
2017-04-08T00:45:22: 非记录时间：2017-04-08T00:45:22+08:00
2017-04-08T00:45:32: 非记录时间：2017-04-08T00:45:32+08:00
2017-04-08T00:45:42: 非记录时间：2017-04-08T00:45:42+08:00
2017-04-08T00:45:52: 非记录时间：2017-04-08T00:45:52+08:00
2017-04-08T00:46:02: 非记录时间：2017-04-08T00:46:02+08:00
2017-04-08T00:46:12: 非记录时间：2017-04-08T00:46:12+08:00
2017-04-08T00:46:22: 非记录时间：2017-04-08T00:46:22+08:00
2017-04-08T00:46:32: 非记录时间：2017-04-08T00:46:32+08:00
2017-04-08T00:46:42: 非记录时间：2017-04-08T00:46:42+08:00
2017-04-08T00:46:52: 非记录时间：2017-04-08T00:46:52+08:00
2017-04-08T00:47:02: 非记录时间：2017-04-08T00:47:02+08:00
2017-04-08T00:47:12: 非记录时间：2017-04-08T00:47:12+08:00
2017-04-08T00:47:22: 非记录时间：2017-04-08T00:47:22+08:00
2017-04-08T00:47:32: 非记录时间：2017-04-08T00:47:32+08:00
2017-04-08T00:47:42: 非记录时间：2017-04-08T00:47:42+08:00
2017-04-08T00:47:52: 非记录时间：2017-04-08T00:47:52+08:00
2017-04-08T00:48:02: 非记录时间：2017-04-08T00:48:02+08:00
2017-04-08T00:48:12: 非记录时间：2017-04-08T00:48:12+08:00
2017-04-08T00:48:22: 非记录时间：2017-04-08T00:48:22+08:00
2017-04-08T00:48:32: 非记录时间：2017-04-08T00:48:32+08:00
2017-04-08T00:48:42: 非记录时间：2017-04-08T00:48:42+08:00
2017-04-08T00:48:52: 非记录时间：2017-04-08T00:48:52+08:00
2017-04-08T00:49:02: 非记录时间：2017-04-08T00:49:02+08:00
2017-04-08T00:49:12: 非记录时间：2017-04-08T00:49:12+08:00
2017-04-08T00:49:22: 非记录时间：2017-04-08T00:49:22+08:00
2017-04-08T00:49:32: 非记录时间：2017-04-08T00:49:32+08:00
2017-04-08T00:49:42: 非记录时间：2017-04-08T00:49:42+08:00
2017-04-08T00:49:52: 非记录时间：2017-04-08T00:49:52+08:00
2017-04-08T00:50:02: 非记录时间：2017-04-08T00:50:02+08:00
2017-04-08T00:50:12: 非记录时间：2017-04-08T00:50:12+08:00
2017-04-08T00:50:22: 非记录时间：2017-04-08T00:50:22+08:00
2017-04-08T00:50:32: 非记录时间：2017-04-08T00:50:32+08:00
2017-04-08T00:50:42: 非记录时间：2017-04-08T00:50:42+08:00
2017-04-08T00:50:52: 非记录时间：2017-04-08T00:50:52+08:00
2017-04-08T00:51:02: 非记录时间：2017-04-08T00:51:02+08:00
2017-04-08T00:51:12: 非记录时间：2017-04-08T00:51:12+08:00
2017-04-08T00:51:22: 非记录时间：2017-04-08T00:51:22+08:00
2017-04-08T00:51:32: 非记录时间：2017-04-08T00:51:32+08:00
2017-04-08T00:51:42: 非记录时间：2017-04-08T00:51:42+08:00
2017-04-08T00:51:52: 非记录时间：2017-04-08T00:51:52+08:00
2017-04-08T00:52:02: 非记录时间：2017-04-08T00:52:02+08:00
2017-04-08T00:52:12: 非记录时间：2017-04-08T00:52:12+08:00
2017-04-08T00:52:22: 非记录时间：2017-04-08T00:52:22+08:00
2017-04-08T00:52:32: 非记录时间：2017-04-08T00:52:32+08:00
2017-04-08T00:52:42: 非记录时间：2017-04-08T00:52:42+08:00
2017-04-08T00:52:52: 非记录时间：2017-04-08T00:52:52+08:00
2017-04-08T00:53:02: 非记录时间：2017-04-08T00:53:02+08:00
2017-04-08T00:53:12: 非记录时间：2017-04-08T00:53:12+08:00
2017-04-08T00:53:22: 非记录时间：2017-04-08T00:53:22+08:00
2017-04-08T00:53:32: 非记录时间：2017-04-08T00:53:32+08:00
2017-04-08T00:53:42: 非记录时间：2017-04-08T00:53:42+08:00
2017-04-08T00:53:52: 非记录时间：2017-04-08T00:53:52+08:00
2017-04-08T00:54:02: 非记录时间：2017-04-08T00:54:02+08:00
2017-04-08T00:54:12: 非记录时间：2017-04-08T00:54:12+08:00
2017-04-08T00:54:22: 非记录时间：2017-04-08T00:54:22+08:00
2017-04-08T00:54:32: 非记录时间：2017-04-08T00:54:32+08:00
2017-04-08T00:54:42: 非记录时间：2017-04-08T00:54:42+08:00
2017-04-08T00:54:52: 非记录时间：2017-04-08T00:54:52+08:00
2017-04-08T00:55:02: 非记录时间：2017-04-08T00:55:02+08:00
2017-04-08T00:55:12: 非记录时间：2017-04-08T00:55:12+08:00
2017-04-08T00:55:22: 非记录时间：2017-04-08T00:55:22+08:00
2017-04-08T00:55:32: 非记录时间：2017-04-08T00:55:32+08:00
2017-04-08T00:55:42: 非记录时间：2017-04-08T00:55:42+08:00
2017-04-08T00:55:52: 非记录时间：2017-04-08T00:55:52+08:00
2017-04-08T00:56:02: 非记录时间：2017-04-08T00:56:02+08:00
2017-04-08T00:56:12: 非记录时间：2017-04-08T00:56:12+08:00
2017-04-08T00:56:22: 非记录时间：2017-04-08T00:56:22+08:00
2017-04-08T00:56:32: 非记录时间：2017-04-08T00:56:32+08:00
2017-04-08T00:56:42: 非记录时间：2017-04-08T00:56:42+08:00
2017-04-08T00:56:52: 非记录时间：2017-04-08T00:56:52+08:00
2017-04-08T00:57:02: 非记录时间：2017-04-08T00:57:02+08:00
2017-04-08T00:57:12: 非记录时间：2017-04-08T00:57:12+08:00
2017-04-08T00:57:22: 非记录时间：2017-04-08T00:57:22+08:00
2017-04-08T00:57:33: 非记录时间：2017-04-08T00:57:32+08:00
2017-04-08T00:57:43: 非记录时间：2017-04-08T00:57:43+08:00
2017-04-08T00:57:53: 非记录时间：2017-04-08T00:57:53+08:00
2017-04-08T00:58:03: 非记录时间：2017-04-08T00:58:03+08:00
2017-04-08T00:58:13: 非记录时间：2017-04-08T00:58:13+08:00
2017-04-08T00:58:23: 非记录时间：2017-04-08T00:58:23+08:00
2017-04-08T00:58:33: 非记录时间：2017-04-08T00:58:33+08:00
2017-04-08T00:58:43: 非记录时间：2017-04-08T00:58:43+08:00
2017-04-08T00:58:53: 非记录时间：2017-04-08T00:58:53+08:00
2017-04-08T00:59:03: 非记录时间：2017-04-08T00:59:03+08:00
2017-04-08T00:59:13: 非记录时间：2017-04-08T00:59:13+08:00
2017-04-08T00:59:23: 非记录时间：2017-04-08T00:59:23+08:00
2017-04-08T00:59:33: 非记录时间：2017-04-08T00:59:33+08:00
2017-04-08T00:59:43: 非记录时间：2017-04-08T00:59:43+08:00
2017-04-08T00:59:53: 非记录时间：2017-04-08T00:59:53+08:00
2017-04-08T01:00:03: 非记录时间：2017-04-08T01:00:03+08:00
2017-04-08T01:00:13: 非记录时间：2017-04-08T01:00:13+08:00
2017-04-08T01:00:23: 非记录时间：2017-04-08T01:00:23+08:00
2017-04-08T01:00:33: 非记录时间：2017-04-08T01:00:33+08:00
2017-04-08T01:00:43: 非记录时间：2017-04-08T01:00:43+08:00
2017-04-08T01:00:53: 非记录时间：2017-04-08T01:00:53+08:00
2017-04-08T01:01:03: 非记录时间：2017-04-08T01:01:03+08:00
2017-04-08T01:01:13: 非记录时间：2017-04-08T01:01:13+08:00
2017-04-08T01:01:23: 非记录时间：2017-04-08T01:01:23+08:00
2017-04-08T01:01:33: 非记录时间：2017-04-08T01:01:33+08:00
2017-04-08T01:01:43: 非记录时间：2017-04-08T01:01:43+08:00
2017-04-08T01:01:53: 非记录时间：2017-04-08T01:01:53+08:00
2017-04-08T01:02:03: 非记录时间：2017-04-08T01:02:03+08:00
2017-04-08T01:02:13: 非记录时间：2017-04-08T01:02:13+08:00
2017-04-08T01:02:23: 非记录时间：2017-04-08T01:02:23+08:00
2017-04-08T01:02:33: 非记录时间：2017-04-08T01:02:33+08:00
2017-04-08T01:02:43: 非记录时间：2017-04-08T01:02:43+08:00
2017-04-08T01:02:53: 非记录时间：2017-04-08T01:02:53+08:00
2017-04-08T01:03:03: 非记录时间：2017-04-08T01:03:03+08:00
2017-04-08T01:03:13: 非记录时间：2017-04-08T01:03:13+08:00
2017-04-08T01:03:23: 非记录时间：2017-04-08T01:03:23+08:00
2017-04-08T01:03:33: 非记录时间：2017-04-08T01:03:33+08:00
2017-04-08T01:03:43: 非记录时间：2017-04-08T01:03:43+08:00
2017-04-08T01:03:53: 非记录时间：2017-04-08T01:03:53+08:00
2017-04-08T01:04:03: 非记录时间：2017-04-08T01:04:03+08:00
2017-04-08T01:04:13: 非记录时间：2017-04-08T01:04:13+08:00
2017-04-08T01:04:23: 非记录时间：2017-04-08T01:04:23+08:00
2017-04-08T01:04:33: 非记录时间：2017-04-08T01:04:33+08:00
2017-04-08T01:04:43: 非记录时间：2017-04-08T01:04:43+08:00
2017-04-08T01:04:53: 非记录时间：2017-04-08T01:04:53+08:00
2017-04-08T01:05:03: 非记录时间：2017-04-08T01:05:03+08:00
2017-04-08T01:05:13: 非记录时间：2017-04-08T01:05:13+08:00
2017-04-08T01:05:23: 非记录时间：2017-04-08T01:05:23+08:00
2017-04-08T01:05:33: 非记录时间：2017-04-08T01:05:33+08:00
2017-04-08T01:05:43: 非记录时间：2017-04-08T01:05:43+08:00
2017-04-08T01:05:53: 非记录时间：2017-04-08T01:05:53+08:00
2017-04-08T01:06:03: 非记录时间：2017-04-08T01:06:03+08:00
2017-04-08T01:06:13: 非记录时间：2017-04-08T01:06:13+08:00
2017-04-08T01:06:23: 非记录时间：2017-04-08T01:06:23+08:00
2017-04-08T01:06:33: 非记录时间：2017-04-08T01:06:33+08:00
2017-04-08T01:06:43: 非记录时间：2017-04-08T01:06:43+08:00
2017-04-08T01:06:53: 非记录时间：2017-04-08T01:06:53+08:00
2017-04-08T01:07:03: 非记录时间：2017-04-08T01:07:03+08:00
2017-04-08T01:07:13: 非记录时间：2017-04-08T01:07:13+08:00
2017-04-08T01:07:23: 非记录时间：2017-04-08T01:07:23+08:00
2017-04-08T01:07:33: 非记录时间：2017-04-08T01:07:33+08:00
2017-04-08T01:07:43: 非记录时间：2017-04-08T01:07:43+08:00
2017-04-08T01:07:53: 非记录时间：2017-04-08T01:07:53+08:00
2017-04-08T01:08:03: 非记录时间：2017-04-08T01:08:03+08:00
2017-04-08T01:08:13: 非记录时间：2017-04-08T01:08:13+08:00
2017-04-08T01:08:23: 非记录时间：2017-04-08T01:08:23+08:00
2017-04-08T01:08:33: 非记录时间：2017-04-08T01:08:33+08:00
2017-04-08T01:08:43: 非记录时间：2017-04-08T01:08:43+08:00
2017-04-08T01:08:53: 非记录时间：2017-04-08T01:08:53+08:00
2017-04-08T01:09:03: 非记录时间：2017-04-08T01:09:03+08:00
2017-04-08T01:09:13: 非记录时间：2017-04-08T01:09:13+08:00
2017-04-08T01:09:23: 非记录时间：2017-04-08T01:09:23+08:00
2017-04-08T01:09:33: 非记录时间：2017-04-08T01:09:33+08:00
2017-04-08T01:09:43: 非记录时间：2017-04-08T01:09:43+08:00
2017-04-08T01:09:53: 非记录时间：2017-04-08T01:09:53+08:00
2017-04-08T01:10:03: 非记录时间：2017-04-08T01:10:03+08:00
2017-04-08T01:10:13: 非记录时间：2017-04-08T01:10:13+08:00
2017-04-08T01:10:23: 非记录时间：2017-04-08T01:10:23+08:00
2017-04-08T01:10:33: 非记录时间：2017-04-08T01:10:33+08:00
2017-04-08T01:10:43: 非记录时间：2017-04-08T01:10:43+08:00
2017-04-08T01:10:53: 非记录时间：2017-04-08T01:10:53+08:00
2017-04-08T01:11:04: 读取文件失败，可能是该文件不存在
2017-04-08T01:11:04: Error: ENOENT: no such file or directory, open './data/2017-04-08.json'
2017-04-08T01:11:13: 读取文件成功
2017-04-08T01:11:23: 读取文件成功
2017-04-08T01:11:33: 读取文件成功
2017-04-08T01:11:43: 读取文件成功
2017-04-08T01:11:53: 读取文件成功
2017-04-08T01:12:03: 读取文件成功
2017-04-08T01:12:14: 读取文件成功
2017-04-08T01:12:23: 读取文件成功
2017-04-08T01:12:33: 读取文件成功
2017-04-08T01:12:47: 读取文件成功
2017-04-08T01:12:53: 读取文件成功
2017-04-08T01:13:03: 读取文件成功
2017-04-08T01:13:15: 读取文件成功
2017-04-08T01:13:24: 读取文件成功
2017-04-08T01:13:33: 读取文件成功
2017-04-08T01:13:43: 读取文件成功
2017-04-08T01:13:54: 读取文件成功
2017-04-08T01:14:03: 读取文件成功
2017-04-08T01:14:14: 读取文件成功
2017-04-08T01:14:14: 读取文件成功
2017-04-08T01:14:24: 读取文件成功
2017-04-08T01:14:34: 读取文件成功
2017-04-08T01:14:43: 读取文件成功
2017-04-08T01:14:53: 读取文件成功
2017-04-08T01:15:03: 读取文件成功
2017-04-08T01:15:15: 读取文件成功
2017-04-08T01:15:23: 读取文件成功
2017-04-08T01:15:35: 读取文件成功
2017-04-08T01:15:43: 读取文件成功
2017-04-08T01:15:54: 读取文件成功
2017-04-08T01:16:03: 读取文件成功
2017-04-08T01:16:14: 读取文件成功
2017-04-08T01:16:23: 读取文件成功
2017-04-08T01:16:34: 读取文件成功
2017-04-08T01:16:44: 读取文件成功
2017-04-08T01:16:52: 读取文件成功
2017-04-08T01:16:56: 读取文件成功
2017-04-08T01:17:04: 读取文件成功
2017-04-08T01:17:14: 读取文件成功
2017-04-08T01:17:24: 读取文件成功
2017-04-08T01:17:34: 读取文件成功
2017-04-08T01:17:44: 读取文件成功
2017-04-08T01:17:54: 读取文件成功
2017-04-08T01:18:08: 读取文件成功
2017-04-08T01:18:17: 读取文件成功
2017-04-08T01:18:27: 读取文件成功
2017-04-08T01:18:37: 读取文件成功
2017-04-08T01:18:47: 读取文件成功
2017-04-08T01:18:57: 读取文件成功
2017-04-08T01:19:07: 读取文件成功
2017-04-08T01:19:18: 读取文件成功
2017-04-08T01:19:28: 读取文件成功
2017-04-08T01:19:38: 读取文件成功
2017-04-08T01:19:48: 读取文件成功
2017-04-08T01:19:58: 读取文件成功
2017-04-08T01:20:09: 读取文件成功
2017-04-08T01:20:18: 读取文件成功
2017-04-08T01:20:28: 读取文件成功
2017-04-08T01:20:38: 读取文件成功
2017-04-08T01:20:48: 读取文件成功
2017-04-08T01:20:58: 读取文件成功
2017-04-08T01:22:27: 读取文件成功
2017-04-08T01:23:27: 读取文件成功
2017-04-08T01:24:03: 读取文件成功
2017-04-08T01:24:26: 读取文件成功
2017-04-08T01:25:26: 读取文件成功
2017-04-08T01:26:26: 读取文件成功
2017-04-08T01:27:26: 读取文件成功
2017-04-08T01:27:49: 读取文件成功
2017-04-08T01:28:27: 读取文件成功
2017-04-08T01:29:04: 读取文件成功
2017-04-08T01:29:27: 读取文件成功
2017-04-08T01:30:26: 读取文件成功
2017-04-08T01:31:27: 读取文件成功
2017-04-08T01:32:27: 读取文件成功
2017-04-08T01:33:27: 读取文件成功
2017-04-08T01:34:27: 读取文件成功
2017-04-08T01:35:27: 读取文件成功
2017-04-08T01:36:27: 读取文件成功
2017-04-08T01:37:27: 读取文件成功
2017-04-08T01:38:27: 读取文件成功
2017-04-08T01:39:27: 读取文件成功
2017-04-08T01:40:27: 读取文件成功
2017-04-08T01:41:27: 读取文件成功
2017-04-08T01:42:27: 读取文件成功
2017-04-08T01:43:27: 读取文件成功
2017-04-08T01:44:27: 读取文件成功
2017-04-08T01:45:27: 读取文件成功
2017-04-08T01:46:27: 读取文件成功
2017-04-08T01:47:27: 读取文件成功
2017-04-08T01:48:27: 读取文件成功
2017-04-08T01:49:27: 读取文件成功
2017-04-08T01:50:27: 读取文件成功
2017-04-08T01:51:27: 读取文件成功
2017-04-08T01:52:27: 读取文件成功
2017-04-08T01:53:27: 读取文件成功
2017-04-08T01:54:28: 读取文件成功
2017-04-08T01:55:27: 读取文件成功
2017-04-08T01:56:27: 读取文件成功
2017-04-08T01:57:27: 读取文件成功
2017-04-08T01:58:27: 读取文件成功
2017-04-08T01:59:28: 读取文件成功
2017-04-08T02:00:27: 读取文件成功
2017-04-08T02:01:27: 读取文件成功
2017-04-08T02:02:27: 读取文件成功
2017-04-08T02:03:30: 读取文件成功
2017-04-08T02:04:29: 读取文件成功
2017-04-08T02:05:27: 读取文件成功
2017-04-08T02:06:27: 读取文件成功
2017-04-08T02:07:27: 读取文件成功
2017-04-08T02:08:27: 读取文件成功
2017-04-08T02:09:27: 读取文件成功
2017-04-08T02:10:27: 读取文件成功
2017-04-08T02:11:27: 读取文件成功
2017-04-08T02:12:27: 读取文件成功
2017-04-08T02:13:27: 读取文件成功
2017-04-08T02:14:27: 读取文件成功
2017-04-08T02:15:27: 读取文件成功
2017-04-08T02:16:27: 读取文件成功
2017-04-08T02:17:27: 读取文件成功
2017-04-08T02:18:27: 读取文件成功
2017-04-08T02:19:27: 读取文件成功
2017-04-08T02:20:28: 读取文件成功
2017-04-08T02:21:27: 读取文件成功
2017-04-08T02:22:27: 读取文件成功
2017-04-08T02:23:27: 读取文件成功
2017-04-08T02:24:28: 读取文件成功
2017-04-08T02:25:27: 读取文件成功
2017-04-08T02:26:28: 读取文件成功
2017-04-08T02:27:27: 读取文件成功
2017-04-08T02:28:27: 读取文件成功
2017-04-08T02:29:27: 读取文件成功
2017-04-08T02:30:27: 读取文件成功
2017-04-08T02:31:27: 读取文件成功
2017-04-08T02:32:28: 读取文件成功
2017-04-08T02:33:27: 读取文件成功
2017-04-08T02:34:27: 读取文件成功
2017-04-08T02:35:28: 读取文件成功
2017-04-08T02:36:27: 读取文件成功
2017-04-08T02:37:27: 读取文件成功
2017-04-08T02:38:27: 读取文件成功
2017-04-08T02:39:28: 读取文件成功
2017-04-08T02:40:27: 读取文件成功
2017-04-08T02:41:27: 读取文件成功
2017-04-08T02:42:27: 读取文件成功
2017-04-08T02:43:27: 读取文件成功
2017-04-08T02:44:28: 读取文件成功
2017-04-08T02:45:27: 读取文件成功
2017-04-08T02:46:27: 读取文件成功
2017-04-08T02:47:27: 读取文件成功
2017-04-08T02:48:27: 读取文件成功
2017-04-08T02:49:27: 读取文件成功
2017-04-08T02:50:28: 读取文件成功
2017-04-08T02:51:27: 读取文件成功
2017-04-08T02:52:27: 读取文件成功
2017-04-08T02:53:27: 读取文件成功
2017-04-08T02:54:28: 读取文件成功
2017-04-08T02:55:27: 读取文件成功
2017-04-08T02:56:28: 读取文件成功
2017-04-08T02:57:27: 读取文件成功
2017-04-08T02:58:27: 读取文件成功
2017-04-08T02:59:27: 读取文件成功
2017-04-08T03:00:27: 读取文件成功
2017-04-08T03:01:27: 读取文件成功
2017-04-08T03:02:28: 读取文件成功
2017-04-08T03:03:27: 读取文件成功
2017-04-08T03:04:27: 读取文件成功
2017-04-08T03:05:27: 读取文件成功
2017-04-08T03:06:27: 读取文件成功
2017-04-08T03:07:27: 读取文件成功
2017-04-08T03:08:28: 读取文件成功
2017-04-08T03:09:28: 读取文件成功
2017-04-08T03:10:28: 读取文件成功
2017-04-08T03:11:28: 读取文件成功
2017-04-08T03:12:28: 读取文件成功
2017-04-08T03:13:28: 读取文件成功
2017-04-08T03:14:28: 读取文件成功
2017-04-08T03:15:28: 读取文件成功
2017-04-08T03:16:28: 读取文件成功
2017-04-08T03:17:29: 读取文件成功
2017-04-08T03:18:28: 读取文件成功
2017-04-08T03:19:28: 读取文件成功
2017-04-08T03:20:28: 读取文件成功
2017-04-08T03:21:28: 读取文件成功
2017-04-08T03:22:28: 读取文件成功
2017-04-08T03:23:28: 读取文件成功
2017-04-08T03:24:28: 读取文件成功
2017-04-08T03:25:28: 读取文件成功
2017-04-08T03:26:28: 读取文件成功
2017-04-08T03:27:28: 读取文件成功
2017-04-08T03:28:28: 读取文件成功
2017-04-08T03:29:28: 读取文件成功
2017-04-08T03:30:29: 读取文件成功
2017-04-08T03:31:28: 读取文件成功
2017-04-08T03:32:28: 读取文件成功
2017-04-08T03:33:28: 读取文件成功
2017-04-08T03:34:28: 读取文件成功
2017-04-08T03:35:28: 读取文件成功
2017-04-08T03:36:28: 读取文件成功
2017-04-08T03:38:24: 读取文件成功
2017-04-08T03:38:28: 读取文件成功
2017-04-08T03:39:28: 读取文件成功
2017-04-08T03:40:28: 读取文件成功
2017-04-08T03:42:28: 读取文件成功
2017-04-08T03:42:28: 读取文件成功
2017-04-08T03:43:28: 读取文件成功
2017-04-08T03:44:28: 读取文件成功
2017-04-08T03:45:28: 读取文件成功
2017-04-08T03:46:28: 读取文件成功
2017-04-08T03:47:28: 读取文件成功
2017-04-08T03:48:28: 读取文件成功
2017-04-08T03:49:28: 读取文件成功
2017-04-08T03:50:28: 读取文件成功
2017-04-08T03:51:28: 读取文件成功
2017-04-08T03:52:28: 读取文件成功
2017-04-08T03:53:28: 读取文件成功
2017-04-08T03:54:28: 读取文件成功
2017-04-08T03:55:28: 读取文件成功
2017-04-08T03:56:28: 读取文件成功
2017-04-08T03:57:28: 读取文件成功
2017-04-08T03:58:28: 读取文件成功
2017-04-08T03:59:28: 读取文件成功
2017-04-08T04:00:28: 读取文件成功
2017-04-08T04:01:29: 读取文件成功
2017-04-08T04:02:28: 读取文件成功
2017-04-08T04:03:28: 读取文件成功
2017-04-08T04:04:28: 读取文件成功
2017-04-08T04:05:28: 读取文件成功
2017-04-08T04:06:28: 读取文件成功
2017-04-08T04:07:28: 读取文件成功
2017-04-08T04:08:28: 读取文件成功
2017-04-08T04:09:29: 读取文件成功
2017-04-08T04:10:28: 读取文件成功
2017-04-08T04:11:28: 读取文件成功
2017-04-08T04:12:29: 读取文件成功
2017-04-08T04:13:28: 读取文件成功
2017-04-08T04:14:28: 读取文件成功
2017-04-08T04:15:28: 读取文件成功
2017-04-08T04:16:28: 读取文件成功
2017-04-08T04:17:29: 读取文件成功
2017-04-08T04:18:28: 读取文件成功
2017-04-08T04:19:28: 读取文件成功
2017-04-08T04:20:28: 读取文件成功
2017-04-08T04:21:28: 读取文件成功
2017-04-08T04:22:28: 读取文件成功
2017-04-08T04:23:28: 读取文件成功
2017-04-08T04:24:28: 读取文件成功
2017-04-08T04:25:28: 读取文件成功
2017-04-08T04:26:28: 读取文件成功
2017-04-08T04:27:28: 读取文件成功
2017-04-08T04:28:28: 读取文件成功
2017-04-08T04:29:28: 读取文件成功
2017-04-08T04:30:28: 读取文件成功
2017-04-08T04:31:29: 读取文件成功
2017-04-08T04:32:28: 读取文件成功
2017-04-08T04:33:28: 读取文件成功
2017-04-08T04:34:28: 读取文件成功
2017-04-08T04:35:28: 读取文件成功
2017-04-08T04:36:28: 读取文件成功
2017-04-08T04:37:29: 读取文件成功
2017-04-08T04:38:28: 读取文件成功
2017-04-08T04:39:29: 读取文件成功
2017-04-08T04:40:28: 读取文件成功
2017-04-08T04:41:28: 读取文件成功
2017-04-08T04:42:28: 读取文件成功
2017-04-08T04:43:30: 读取文件成功
2017-04-08T04:44:28: 读取文件成功
2017-04-08T04:45:29: 读取文件成功
2017-04-08T04:46:28: 读取文件成功
2017-04-08T04:47:28: 读取文件成功
2017-04-08T04:48:29: 读取文件成功
2017-04-08T04:49:29: 读取文件成功
2017-04-08T04:50:29: 读取文件成功
2017-04-08T04:51:29: 读取文件成功
2017-04-08T04:52:29: 读取文件成功
2017-04-08T04:53:29: 读取文件成功
2017-04-08T04:54:29: 读取文件成功
2017-04-08T04:55:29: 读取文件成功
2017-04-08T04:56:29: 读取文件成功
2017-04-08T04:57:29: 读取文件成功
2017-04-08T04:58:29: 读取文件成功
2017-04-08T04:59:29: 读取文件成功
2017-04-08T05:00:29: 读取文件成功
2017-04-08T05:01:29: 读取文件成功
2017-04-08T05:02:29: 读取文件成功
2017-04-08T05:03:29: 读取文件成功
2017-04-08T05:04:29: 读取文件成功
2017-04-08T05:05:29: 读取文件成功
2017-04-08T05:06:29: 读取文件成功
2017-04-08T05:07:29: 读取文件成功
2017-04-08T05:08:29: 读取文件成功
2017-04-08T05:09:29: 读取文件成功
2017-04-08T05:10:29: 读取文件成功
2017-04-08T05:11:29: 读取文件成功
2017-04-08T05:12:29: 读取文件成功
2017-04-08T05:13:29: 读取文件成功
2017-04-08T05:14:29: 读取文件成功
2017-04-08T05:15:29: 读取文件成功
2017-04-08T05:16:29: 读取文件成功
2017-04-08T05:17:29: 读取文件成功
2017-04-08T05:18:29: 读取文件成功
2017-04-08T05:19:29: 读取文件成功
2017-04-08T05:20:29: 读取文件成功
2017-04-08T05:21:29: 读取文件成功
2017-04-08T05:22:29: 读取文件成功
2017-04-08T05:23:29: 读取文件成功
2017-04-08T05:24:29: 读取文件成功
2017-04-08T05:25:29: 读取文件成功
2017-04-08T05:26:29: 读取文件成功
2017-04-08T05:27:29: 读取文件成功
2017-04-08T05:28:29: 读取文件成功
2017-04-08T05:29:29: 读取文件成功
2017-04-08T05:30:29: 读取文件成功
2017-04-08T05:31:29: 读取文件成功
2017-04-08T05:32:29: 读取文件成功
2017-04-08T05:33:29: 读取文件成功
2017-04-08T05:34:29: 读取文件成功
2017-04-08T05:35:29: 读取文件成功
2017-04-08T05:36:29: 读取文件成功
2017-04-08T05:37:29: 读取文件成功
2017-04-08T05:38:29: 读取文件成功
2017-04-08T05:39:29: 读取文件成功
2017-04-08T05:40:29: 读取文件成功
2017-04-08T05:41:29: 读取文件成功
2017-04-08T05:42:29: 读取文件成功
2017-04-08T05:43:29: 读取文件成功
2017-04-08T05:44:29: 读取文件成功
2017-04-08T05:45:29: 读取文件成功
2017-04-08T05:46:29: 读取文件成功
2017-04-08T05:47:29: 读取文件成功
2017-04-08T05:48:29: 读取文件成功
2017-04-08T05:49:29: 读取文件成功
2017-04-08T05:50:29: 读取文件成功
2017-04-08T05:51:29: 读取文件成功
2017-04-08T05:52:29: 读取文件成功
2017-04-08T05:53:29: 读取文件成功
2017-04-08T05:54:29: 读取文件成功
2017-04-08T05:55:29: 读取文件成功
2017-04-08T05:56:29: 读取文件成功
2017-04-08T05:57:29: 读取文件成功
2017-04-08T05:58:29: 读取文件成功
2017-04-08T05:59:29: 读取文件成功
2017-04-08T06:00:29: 读取文件成功
2017-04-08T06:01:29: 读取文件成功
2017-04-08T06:02:29: 读取文件成功
2017-04-08T06:03:29: 读取文件成功
2017-04-08T06:04:29: 读取文件成功
2017-04-08T06:05:29: 读取文件成功
2017-04-08T06:06:29: 读取文件成功
2017-04-08T06:07:29: 读取文件成功
2017-04-08T06:08:29: 读取文件成功
2017-04-08T06:09:29: 读取文件成功
2017-04-08T06:10:29: 读取文件成功
2017-04-08T06:11:29: 读取文件成功
2017-04-08T06:12:29: 读取文件成功
2017-04-08T06:13:30: 读取文件成功
2017-04-08T06:14:29: 读取文件成功
2017-04-08T06:15:29: 读取文件成功
2017-04-08T06:16:29: 读取文件成功
2017-04-08T06:17:29: 读取文件成功
2017-04-08T06:18:29: 读取文件成功
2017-04-08T06:19:29: 读取文件成功
2017-04-08T06:20:29: 读取文件成功
2017-04-08T06:21:29: 读取文件成功
2017-04-08T06:22:29: 读取文件成功
2017-04-08T06:23:29: 读取文件成功
2017-04-08T06:24:29: 读取文件成功
2017-04-08T06:25:30: 读取文件成功
2017-04-08T06:26:29: 读取文件成功
2017-04-08T06:27:29: 读取文件成功
2017-04-08T06:28:30: 读取文件成功
2017-04-08T06:29:29: 读取文件成功
2017-04-08T06:30:29: 读取文件成功
2017-04-08T06:31:30: 读取文件成功
2017-04-08T06:32:29: 读取文件成功
2017-04-08T06:33:29: 读取文件成功
2017-04-08T06:34:30: 读取文件成功
2017-04-08T06:35:29: 读取文件成功
2017-04-08T06:36:30: 读取文件成功
2017-04-08T06:37:30: 读取文件成功
2017-04-08T06:38:30: 读取文件成功
2017-04-08T06:39:30: 读取文件成功
2017-04-08T06:40:30: 读取文件成功
2017-04-08T06:41:30: 读取文件成功
2017-04-08T06:42:30: 读取文件成功
2017-04-08T06:43:30: 读取文件成功
2017-04-08T06:44:30: 读取文件成功
2017-04-08T06:45:30: 读取文件成功
2017-04-08T06:46:30: 读取文件成功
2017-04-08T06:47:30: 读取文件成功
2017-04-08T06:48:30: 读取文件成功
2017-04-08T06:49:30: 读取文件成功
2017-04-08T06:50:30: 读取文件成功
2017-04-08T06:51:30: 读取文件成功
2017-04-08T06:52:30: 读取文件成功
2017-04-08T06:53:30: 读取文件成功
2017-04-08T06:54:30: 读取文件成功
2017-04-08T06:55:30: 读取文件成功
2017-04-08T06:56:30: 读取文件成功
2017-04-08T06:57:30: 读取文件成功
2017-04-08T06:58:30: 读取文件成功
2017-04-08T06:59:30: 读取文件成功
2017-04-08T07:00:30: 读取文件成功
2017-04-08T07:01:30: 读取文件成功
2017-04-08T07:02:30: 读取文件成功
2017-04-08T07:03:30: 读取文件成功
2017-04-08T07:04:30: 读取文件成功
2017-04-08T07:05:30: 读取文件成功
2017-04-08T07:06:30: 读取文件成功
2017-04-08T07:07:30: 读取文件成功
2017-04-08T07:08:30: 读取文件成功
2017-04-08T07:09:30: 读取文件成功
2017-04-08T07:10:30: 读取文件成功
2017-04-08T07:11:30: 读取文件成功
2017-04-08T07:12:30: 读取文件成功
2017-04-08T07:13:31: 读取文件成功
2017-04-08T07:14:30: 读取文件成功
2017-04-08T07:15:30: 读取文件成功
2017-04-08T07:16:30: 读取文件成功
2017-04-08T07:17:30: 读取文件成功
2017-04-08T07:18:30: 读取文件成功
2017-04-08T07:19:30: 读取文件成功
2017-04-08T07:20:30: 读取文件成功
2017-04-08T07:21:30: 读取文件成功
2017-04-08T07:22:30: 读取文件成功
2017-04-08T07:23:30: 读取文件成功
2017-04-08T07:24:31: 读取文件成功
2017-04-08T07:25:30: 读取文件成功
2017-04-08T07:26:30: 读取文件成功
2017-04-08T07:27:30: 读取文件成功
2017-04-08T07:28:30: 读取文件成功
2017-04-08T07:29:30: 读取文件成功
2017-04-08T07:30:30: 读取文件成功
2017-04-08T07:31:30: 读取文件成功
2017-04-08T07:32:30: 读取文件成功
2017-04-08T07:33:30: 读取文件成功
2017-04-08T07:34:30: 读取文件成功
2017-04-08T07:35:30: 读取文件成功
2017-04-08T07:36:30: 读取文件成功
2017-04-08T07:37:30: 读取文件成功
2017-04-08T07:38:30: 读取文件成功
2017-04-08T07:39:30: 读取文件成功
2017-04-08T07:40:30: 读取文件成功
2017-04-08T07:41:30: 读取文件成功
2017-04-08T07:42:30: 读取文件成功
2017-04-08T07:43:30: 读取文件成功
2017-04-08T07:44:30: 读取文件成功
2017-04-08T07:45:30: 读取文件成功
2017-04-08T07:46:30: 读取文件成功
2017-04-08T07:47:30: 读取文件成功
2017-04-08T07:48:30: 读取文件成功
2017-04-08T07:49:30: 读取文件成功
2017-04-08T07:50:30: 读取文件成功
2017-04-08T07:51:30: 读取文件成功
2017-04-08T07:52:30: 读取文件成功
2017-04-08T07:53:30: 读取文件成功
2017-04-08T07:54:30: 读取文件成功
2017-04-08T07:55:30: 读取文件成功
2017-04-08T07:56:31: 读取文件成功
2017-04-08T07:57:32: 读取文件成功
2017-04-08T07:58:30: 读取文件成功
2017-04-08T07:59:30: 读取文件成功
2017-04-08T08:00:30: 读取文件成功
2017-04-08T08:01:30: 读取文件成功
2017-04-08T08:02:31: 读取文件成功
2017-04-08T08:03:30: 读取文件成功
2017-04-08T08:04:31: 读取文件成功
2017-04-08T08:05:30: 读取文件成功
2017-04-08T08:06:31: 读取文件成功
2017-04-08T08:07:30: 读取文件成功
2017-04-08T08:08:31: 读取文件成功
2017-04-08T08:09:30: 读取文件成功
2017-04-08T08:10:30: 读取文件成功
2017-04-08T08:11:31: 读取文件成功
2017-04-08T08:12:31: 读取文件成功
2017-04-08T08:13:31: 读取文件成功
2017-04-08T08:14:30: 读取文件成功
2017-04-08T08:15:30: 读取文件成功
2017-04-08T08:16:30: 读取文件成功
2017-04-08T08:17:31: 读取文件成功
2017-04-08T08:18:30: 读取文件成功
2017-04-08T08:19:30: 读取文件成功
2017-04-08T08:20:31: 读取文件成功
2017-04-08T08:21:31: 读取文件成功
2017-04-08T08:22:31: 读取文件成功
2017-04-08T08:23:31: 读取文件成功
2017-04-08T08:24:32: 读取文件成功
2017-04-08T08:25:31: 读取文件成功
2017-04-08T08:26:31: 读取文件成功
2017-04-08T08:27:32: 读取文件成功
2017-04-08T08:28:31: 读取文件成功
2017-04-08T08:29:31: 读取文件成功
2017-04-08T08:30:31: 读取文件成功
2017-04-08T08:31:31: 读取文件成功
2017-04-08T08:32:31: 读取文件成功
2017-04-08T08:33:31: 读取文件成功
2017-04-08T08:34:31: 读取文件成功
2017-04-08T08:35:31: 读取文件成功
2017-04-08T08:36:31: 读取文件成功
2017-04-08T08:37:31: 读取文件成功
2017-04-08T08:38:31: 读取文件成功
2017-04-08T08:39:31: 读取文件成功
2017-04-08T08:40:31: 读取文件成功
2017-04-08T08:41:32: 读取文件成功
2017-04-08T08:42:31: 读取文件成功
2017-04-08T08:43:32: 读取文件成功
2017-04-08T08:44:31: 读取文件成功
2017-04-08T08:45:31: 读取文件成功
2017-04-08T08:46:31: 读取文件成功
2017-04-08T08:47:31: 读取文件成功
2017-04-08T08:48:31: 读取文件成功
2017-04-08T08:49:31: 读取文件成功
2017-04-08T08:50:31: 读取文件成功
2017-04-08T08:51:31: 读取文件成功
2017-04-08T08:52:31: 读取文件成功
2017-04-08T08:53:31: 读取文件成功
2017-04-08T08:54:32: 读取文件成功
2017-04-08T08:55:31: 读取文件成功
2017-04-08T08:56:31: 读取文件成功
2017-04-08T08:57:31: 读取文件成功
2017-04-08T08:58:31: 读取文件成功
2017-04-08T08:59:31: 读取文件成功
2017-04-08T09:00:32: 读取文件成功
2017-04-08T09:01:31: 读取文件成功
2017-04-08T09:02:31: 读取文件成功
2017-04-08T09:03:31: 读取文件成功
2017-04-08T09:04:32: 读取文件成功
2017-04-08T09:05:31: 读取文件成功
2017-04-08T09:06:31: 读取文件成功
2017-04-08T09:07:31: 读取文件成功
2017-04-08T09:08:31: 读取文件成功
2017-04-08T09:09:31: 读取文件成功
2017-04-08T09:10:31: 读取文件成功
2017-04-08T09:11:31: 读取文件成功
2017-04-08T09:12:31: 读取文件成功
2017-04-08T09:13:31: 读取文件成功
2017-04-08T09:14:32: 读取文件成功
2017-04-08T09:15:31: 读取文件成功
2017-04-08T09:16:31: 读取文件成功
2017-04-08T09:17:31: 读取文件成功
2017-04-08T09:18:31: 读取文件成功
2017-04-08T09:19:31: 读取文件成功
2017-04-08T09:20:31: 读取文件成功
2017-04-08T09:21:31: 读取文件成功
2017-04-08T09:22:31: 读取文件成功
2017-04-08T09:23:31: 读取文件成功
2017-04-08T09:24:31: 读取文件成功
2017-04-08T09:25:31: 读取文件成功
2017-04-08T09:26:31: 读取文件成功
2017-04-08T09:27:31: 读取文件成功
2017-04-08T09:28:31: 读取文件成功
2017-04-08T09:29:31: 读取文件成功
2017-04-08T09:30:31: 读取文件成功
2017-04-08T09:31:31: 读取文件成功
2017-04-08T09:32:31: 读取文件成功
2017-04-08T09:33:31: 读取文件成功
2017-04-08T09:34:31: 读取文件成功
2017-04-08T09:35:31: 读取文件成功
2017-04-08T09:36:31: 读取文件成功
2017-04-08T09:37:31: 读取文件成功
2017-04-08T09:38:32: 读取文件成功
2017-04-08T09:39:31: 读取文件成功
2017-04-08T09:40:32: 读取文件成功
2017-04-08T09:41:32: 读取文件成功
2017-04-08T09:42:31: 读取文件成功
2017-04-08T09:43:31: 读取文件成功
2017-04-08T09:44:31: 读取文件成功
2017-04-08T09:45:32: 读取文件成功
2017-04-08T09:46:31: 读取文件成功
2017-04-08T09:47:31: 读取文件成功
2017-04-08T09:48:31: 读取文件成功
2017-04-08T09:49:33: 读取文件成功
2017-04-08T09:50:31: 读取文件成功
2017-04-08T09:51:31: 读取文件成功
2017-04-08T09:52:32: 读取文件成功
2017-04-08T09:53:32: 读取文件成功
2017-04-08T09:54:31: 读取文件成功
2017-04-08T09:55:33: 读取文件成功
2017-04-08T09:56:31: 读取文件成功
2017-04-08T09:57:31: 读取文件成功
2017-04-08T09:58:32: 读取文件成功
2017-04-08T09:59:31: 读取文件成功
2017-04-08T10:00:31: 读取文件成功
2017-04-08T10:01:32: 读取文件成功
2017-04-08T10:02:31: 读取文件成功
2017-04-08T10:03:31: 读取文件成功
2017-04-08T10:04:33: 读取文件成功
2017-04-08T10:05:32: 读取文件成功
2017-04-08T10:06:32: 读取文件成功
2017-04-08T10:07:31: 读取文件成功
2017-04-08T10:08:31: 读取文件成功
2017-04-08T10:09:32: 读取文件成功
2017-04-08T10:10:32: 读取文件成功
2017-04-08T10:11:32: 读取文件成功
2017-04-08T10:12:32: 读取文件成功
2017-04-08T10:13:35: 读取文件成功
2017-04-08T10:14:32: 读取文件成功
2017-04-08T10:15:32: 读取文件成功
2017-04-08T10:16:32: 读取文件成功
2017-04-08T10:17:32: 读取文件成功
2017-04-08T10:18:32: 读取文件成功
2017-04-08T10:19:32: 读取文件成功
2017-04-08T10:20:32: 读取文件成功
2017-04-08T10:21:32: 读取文件成功
2017-04-08T10:22:33: 读取文件成功
2017-04-08T10:23:33: 读取文件成功
2017-04-08T10:24:32: 读取文件成功
2017-04-08T10:25:32: 读取文件成功
2017-04-08T10:26:33: 读取文件成功
2017-04-08T10:27:32: 读取文件成功
2017-04-08T10:28:32: 读取文件成功
2017-04-08T10:29:32: 读取文件成功
2017-04-08T10:30:32: 读取文件成功
2017-04-08T10:31:32: 读取文件成功
2017-04-08T10:32:32: 读取文件成功
2017-04-08T10:33:32: 读取文件成功
2017-04-08T10:34:32: 读取文件成功
2017-04-08T10:35:32: 读取文件成功
2017-04-08T10:36:33: 读取文件成功
2017-04-08T10:37:33: 读取文件成功
2017-04-08T10:38:32: 读取文件成功
2017-04-08T10:39:32: 读取文件成功
2017-04-08T10:40:32: 读取文件成功
2017-04-08T10:41:32: 读取文件成功
2017-04-08T10:42:32: 读取文件成功
2017-04-08T10:43:32: 读取文件成功
2017-04-08T10:44:32: 读取文件成功
2017-04-08T10:45:32: 读取文件成功
2017-04-08T10:46:33: 读取文件成功
2017-04-08T10:47:32: 读取文件成功
2017-04-08T10:48:32: 读取文件成功
2017-04-08T10:49:32: 读取文件成功
2017-04-08T10:50:32: 读取文件成功
2017-04-08T10:51:32: 读取文件成功
2017-04-08T10:52:32: 读取文件成功
2017-04-08T10:53:32: 读取文件成功
2017-04-08T10:54:32: 读取文件成功
2017-04-08T10:55:32: 读取文件成功
2017-04-08T10:56:32: 读取文件成功
2017-04-08T10:57:32: 读取文件成功
2017-04-08T10:58:32: 读取文件成功
2017-04-08T10:59:33: 读取文件成功
2017-04-08T11:00:32: 读取文件成功
2017-04-08T11:01:32: 读取文件成功
2017-04-08T11:02:32: 读取文件成功
2017-04-08T11:03:32: 读取文件成功
2017-04-08T11:04:33: 读取文件成功
2017-04-08T11:05:32: 读取文件成功
2017-04-08T11:06:32: 读取文件成功
2017-04-08T11:07:32: 读取文件成功
2017-04-08T11:08:32: 读取文件成功
2017-04-08T11:09:33: 读取文件成功
2017-04-08T11:10:32: 读取文件成功
2017-04-08T11:11:32: 读取文件成功
2017-04-08T11:12:32: 读取文件成功
2017-04-08T11:13:32: 读取文件成功
2017-04-08T11:14:32: 读取文件成功
2017-04-08T11:15:32: 读取文件成功
2017-04-08T11:16:32: 读取文件成功
2017-04-08T11:17:32: 读取文件成功
2017-04-08T11:18:32: 读取文件成功
2017-04-08T11:19:32: 读取文件成功
2017-04-08T11:20:32: 读取文件成功
2017-04-08T11:21:32: 读取文件成功
2017-04-08T11:22:32: 读取文件成功
2017-04-08T11:23:32: 读取文件成功
2017-04-08T11:24:33: 读取文件成功
2017-04-08T11:25:32: 读取文件成功
2017-04-08T11:26:33: 读取文件成功
2017-04-08T11:27:32: 读取文件成功
2017-04-08T11:28:34: 读取文件成功
2017-04-08T11:29:32: 读取文件成功
2017-04-08T11:30:32: 读取文件成功
2017-04-08T11:31:32: 读取文件成功
2017-04-08T11:32:32: 读取文件成功
2017-04-08T11:33:32: 读取文件成功
2017-04-08T11:34:33: 读取文件成功
2017-04-08T11:35:34: 读取文件成功
2017-04-08T11:36:33: 读取文件成功
2017-04-08T11:37:32: 读取文件成功
2017-04-08T11:38:34: 读取文件成功
2017-04-08T11:39:33: 读取文件成功
2017-04-08T11:40:33: 读取文件成功
2017-04-08T11:41:32: 读取文件成功
2017-04-08T11:42:33: 读取文件成功
2017-04-08T11:43:32: 读取文件成功
2017-04-08T11:44:32: 读取文件成功
2017-04-08T11:45:34: 读取文件成功
2017-04-08T11:46:32: 读取文件成功
2017-04-08T11:47:33: 读取文件成功
2017-04-08T11:48:33: 读取文件成功
2017-04-08T11:49:33: 读取文件成功
2017-04-08T11:50:32: 读取文件成功
2017-04-08T11:51:33: 读取文件成功
2017-04-08T11:52:32: 读取文件成功
2017-04-08T11:53:36: 读取文件成功
2017-04-08T11:54:32: 读取文件成功
2017-04-08T11:55:32: 读取文件成功
2017-04-08T11:56:32: 读取文件成功
2017-04-08T11:57:33: 读取文件成功
2017-04-08T11:58:33: 读取文件成功
2017-04-08T11:59:33: 读取文件成功
2017-04-08T12:00:33: 读取文件成功
2017-04-08T12:01:33: 读取文件成功
2017-04-08T12:02:33: 读取文件成功
2017-04-08T12:03:33: 读取文件成功
2017-04-08T12:04:33: 读取文件成功
2017-04-08T12:05:33: 读取文件成功
2017-04-08T12:06:33: 读取文件成功
2017-04-08T12:07:34: 读取文件成功
2017-04-08T12:08:33: 读取文件成功
2017-04-08T12:09:33: 读取文件成功
2017-04-08T12:10:33: 读取文件成功
2017-04-08T12:11:33: 读取文件成功
2017-04-08T12:12:33: 读取文件成功
2017-04-08T12:13:33: 读取文件成功
2017-04-08T12:14:33: 读取文件成功
2017-04-08T12:15:33: 读取文件成功
2017-04-08T12:16:34: 读取文件成功
2017-04-08T12:17:34: 读取文件成功
2017-04-08T12:18:34: 读取文件成功
2017-04-08T12:19:33: 读取文件成功
2017-04-08T12:20:33: 读取文件成功
2017-04-08T12:21:33: 读取文件成功
2017-04-08T12:22:33: 读取文件成功
2017-04-08T12:23:34: 读取文件成功
2017-04-08T12:24:33: 读取文件成功
2017-04-08T12:25:34: 读取文件成功
2017-04-08T12:26:33: 读取文件成功
2017-04-08T12:27:34: 读取文件成功
2017-04-08T12:28:33: 读取文件成功
2017-04-08T12:29:33: 读取文件成功
2017-04-08T12:30:33: 读取文件成功
2017-04-08T12:31:33: 读取文件成功
2017-04-08T12:32:34: 读取文件成功
2017-04-08T12:33:33: 读取文件成功
2017-04-08T12:34:36: 读取文件成功
2017-04-08T12:35:33: 读取文件成功
2017-04-08T12:36:33: 读取文件成功
2017-04-08T12:37:33: 读取文件成功
2017-04-08T12:38:33: 读取文件成功
2017-04-08T12:39:33: 读取文件成功
2017-04-08T12:40:33: 读取文件成功
2017-04-08T12:41:33: 读取文件成功
2017-04-08T12:42:33: 读取文件成功
2017-04-08T12:43:33: 读取文件成功
2017-04-08T12:44:33: 读取文件成功
2017-04-08T12:45:33: 读取文件成功
2017-04-08T12:46:33: 读取文件成功
2017-04-08T12:47:33: 读取文件成功
2017-04-08T12:48:33: 读取文件成功
2017-04-08T12:49:33: 读取文件成功
2017-04-08T12:50:33: 读取文件成功
2017-04-08T12:51:33: 读取文件成功
2017-04-08T12:52:33: 读取文件成功
2017-04-08T12:53:33: 读取文件成功
2017-04-08T12:54:33: 读取文件成功
2017-04-08T12:55:33: 读取文件成功
2017-04-08T12:56:33: 读取文件成功
2017-04-08T12:57:55: 读取文件成功
2017-04-08T12:58:33: 读取文件成功
2017-04-08T12:59:45: 读取文件成功
2017-04-08T13:00:33: 读取文件成功
2017-04-08T13:01:34: 读取文件成功
2017-04-08T13:02:33: 读取文件成功
2017-04-08T13:04:05: 读取文件成功
2017-04-08T13:04:33: 读取文件成功
2017-04-08T13:06:04: 读取文件成功
2017-04-08T13:06:33: 读取文件成功
2017-04-08T13:08:09: 读取文件成功
2017-04-08T13:08:33: 读取文件成功
2017-04-08T13:10:04: 读取文件成功
2017-04-08T13:10:34: 读取文件成功
2017-04-08T13:12:15: 读取文件成功
2017-04-08T13:12:33: 读取文件成功
2017-04-08T13:14:34: 读取文件成功
2017-04-08T13:16:34: 读取文件成功
2017-04-08T13:17:33: 读取文件成功
2017-04-08T13:18:34: 读取文件成功
2017-04-08T13:19:34: 读取文件成功
2017-04-08T13:20:33: 读取文件成功
2017-04-08T13:21:33: 读取文件成功
2017-04-08T13:22:33: 读取文件成功
2017-04-08T13:23:33: 读取文件成功
2017-04-08T13:24:34: 读取文件成功
2017-04-08T13:25:36: 读取文件成功
2017-04-08T13:26:33: 读取文件成功
2017-04-08T13:27:35: 读取文件成功
2017-04-08T13:28:34: 读取文件成功
2017-04-08T13:29:34: 读取文件成功
2017-04-08T13:30:33: 读取文件成功
2017-04-08T13:31:34: 读取文件成功
2017-04-08T13:32:33: 读取文件成功
2017-04-08T13:33:34: 读取文件成功
2017-04-08T13:34:33: 读取文件成功
2017-04-08T13:35:34: 读取文件成功
2017-04-08T13:36:39: 读取文件成功
2017-04-08T13:37:33: 读取文件成功
2017-04-08T13:38:45: 读取文件成功
2017-04-08T13:39:35: 读取文件成功
2017-04-08T13:40:50: 读取文件成功
2017-04-08T13:41:34: 读取文件成功
2017-04-08T13:42:52: 读取文件成功
2017-04-08T13:43:34: 读取文件成功
2017-04-08T13:44:33: 读取文件成功
2017-04-08T13:45:33: 读取文件成功
2017-04-08T13:46:33: 读取文件成功
2017-04-08T13:47:34: 读取文件成功
2017-04-08T13:48:34: 读取文件成功
2017-04-08T13:49:34: 读取文件成功
2017-04-08T13:50:34: 读取文件成功
2017-04-08T13:51:34: 读取文件成功
2017-04-08T13:52:34: 读取文件成功
2017-04-08T13:53:34: 读取文件成功
2017-04-08T13:54:34: 读取文件成功
2017-04-08T13:55:34: 读取文件成功
2017-04-08T13:56:34: 读取文件成功
2017-04-08T13:57:34: 读取文件成功
2017-04-08T13:58:34: 读取文件成功
2017-04-08T13:59:49: 读取文件成功
2017-04-08T14:00:34: 读取文件成功
2017-04-08T14:01:34: 读取文件成功
2017-04-08T14:02:34: 读取文件成功
2017-04-08T14:04:34: 读取文件成功
2017-04-08T14:05:20: 读取文件成功
2017-04-08T14:05:34: 读取文件成功
2017-04-08T14:06:37: 读取文件成功
2017-04-08T14:08:14: 读取文件成功
2017-04-08T14:08:34: 读取文件成功
2017-04-08T14:09:34: 读取文件成功
2017-04-08T14:10:52: 读取文件成功
2017-04-08T14:12:07: 读取文件成功
2017-04-08T14:12:34: 读取文件成功
2017-04-08T14:13:34: 读取文件成功
2017-04-08T14:14:50: 读取文件成功
2017-04-08T14:16:34: 读取文件成功
2017-04-08T14:16:35: 读取文件成功
2017-04-08T14:17:34: 读取文件成功
2017-04-08T14:19:34: 读取文件成功
2017-04-08T14:20:34: 读取文件成功
2017-04-08T14:21:41: 读取文件成功
2017-04-08T14:23:05: 读取文件成功
2017-04-08T14:23:34: 读取文件成功
2017-04-08T14:24:34: 读取文件成功
2017-04-08T14:26:26: 读取文件成功
2017-04-08T14:26:34: 读取文件成功
2017-04-08T14:27:34: 读取文件成功
2017-04-08T14:28:34: 读取文件成功
2017-04-08T14:29:34: 读取文件成功
2017-04-08T14:30:34: 读取文件成功
2017-04-08T14:31:34: 读取文件成功
2017-04-08T14:32:34: 读取文件成功
2017-04-08T14:33:34: 读取文件成功
2017-04-08T14:34:34: 读取文件成功
2017-04-08T14:35:35: 读取文件成功
2017-04-08T14:36:35: 读取文件成功
2017-04-08T14:37:35: 读取文件成功
2017-04-08T14:38:35: 读取文件成功
2017-04-08T14:39:34: 读取文件成功
2017-04-08T14:40:34: 读取文件成功
2017-04-08T14:41:35: 读取文件成功
2017-04-08T14:42:35: 读取文件成功
2017-04-08T14:43:34: 读取文件成功
2017-04-08T14:44:34: 读取文件成功
2017-04-08T14:45:34: 读取文件成功
2017-04-08T14:46:34: 读取文件成功
2017-04-08T14:47:34: 读取文件成功
2017-04-08T14:48:35: 读取文件成功
2017-04-08T14:49:35: 读取文件成功
2017-04-08T14:50:34: 读取文件成功
2017-04-08T14:51:34: 读取文件成功
2017-04-08T14:52:35: 读取文件成功
2017-04-08T14:53:34: 读取文件成功
2017-04-08T14:54:34: 读取文件成功
2017-04-08T14:55:36: 读取文件成功
2017-04-08T14:56:34: 读取文件成功
2017-04-08T14:57:41: 读取文件成功
2017-04-08T14:58:36: 读取文件成功
2017-04-08T14:59:34: 读取文件成功
2017-04-08T15:00:35: 读取文件成功
2017-04-08T15:01:34: 读取文件成功
2017-04-08T15:02:34: 读取文件成功
2017-04-08T15:03:34: 读取文件成功
2017-04-08T15:04:34: 读取文件成功
2017-04-08T15:05:34: 读取文件成功
2017-04-08T15:06:34: 读取文件成功
2017-04-08T15:07:35: 读取文件成功
2017-04-08T15:08:35: 读取文件成功
2017-04-08T15:09:34: 读取文件成功
2017-04-08T15:10:35: 读取文件成功
2017-04-08T15:11:34: 读取文件成功
2017-04-08T15:12:34: 读取文件成功
2017-04-08T15:13:34: 读取文件成功
2017-04-08T15:14:34: 读取文件成功
2017-04-08T15:15:34: 读取文件成功
2017-04-08T15:16:35: 读取文件成功
2017-04-08T15:17:35: 读取文件成功
2017-04-08T15:18:34: 读取文件成功
2017-04-08T15:19:34: 读取文件成功
2017-04-08T15:20:35: 读取文件成功
2017-04-08T15:21:34: 读取文件成功
2017-04-08T15:22:34: 读取文件成功
2017-04-08T15:23:35: 读取文件成功
2017-04-08T15:24:35: 读取文件成功
2017-04-08T15:25:36: 读取文件成功
2017-04-08T15:26:34: 读取文件成功
2017-04-08T15:27:34: 读取文件成功
2017-04-08T15:28:34: 读取文件成功
2017-04-08T15:29:35: 读取文件成功
2017-04-08T15:30:34: 读取文件成功
2017-04-08T15:31:35: 读取文件成功
2017-04-08T15:32:34: 读取文件成功
2017-04-08T15:33:34: 读取文件成功
2017-04-08T15:34:34: 读取文件成功
2017-04-08T15:35:35: 读取文件成功
2017-04-08T15:36:34: 读取文件成功
2017-04-08T15:37:35: 读取文件成功
2017-04-08T15:38:35: 读取文件成功
2017-04-08T15:39:35: 读取文件成功
2017-04-08T15:40:36: 读取文件成功
2017-04-08T15:41:35: 读取文件成功
2017-04-08T15:42:35: 读取文件成功
2017-04-08T15:43:35: 读取文件成功
2017-04-08T15:44:35: 读取文件成功
2017-04-08T15:45:35: 读取文件成功
2017-04-08T15:46:35: 读取文件成功
2017-04-08T15:47:35: 读取文件成功
2017-04-08T15:48:35: 读取文件成功
2017-04-08T15:49:35: 读取文件成功
2017-04-08T15:50:35: 读取文件成功
2017-04-08T15:51:35: 读取文件成功
2017-04-08T15:52:35: 读取文件成功
2017-04-08T15:53:35: 读取文件成功
2017-04-08T15:54:36: 读取文件成功
2017-04-08T15:55:35: 读取文件成功
2017-04-08T15:56:35: 读取文件成功
2017-04-08T15:57:36: 读取文件成功
2017-04-08T15:58:35: 读取文件成功
2017-04-08T15:59:35: 读取文件成功
2017-04-08T16:00:35: 读取文件成功
2017-04-08T16:01:37: 读取文件成功
2017-04-08T16:02:35: 读取文件成功
2017-04-08T16:03:35: 读取文件成功
2017-04-08T16:04:35: 读取文件成功
2017-04-08T16:05:35: 读取文件成功
2017-04-08T16:06:36: 读取文件成功
2017-04-08T16:07:40: 读取文件成功
2017-04-08T16:08:41: 读取文件成功
2017-04-08T16:09:35: 读取文件成功
2017-04-08T16:10:35: 读取文件成功
2017-04-08T16:11:35: 读取文件成功
2017-04-08T16:12:35: 读取文件成功
2017-04-08T16:13:35: 读取文件成功
2017-04-08T16:14:35: 读取文件成功
2017-04-08T16:15:35: 读取文件成功
2017-04-08T16:16:35: 读取文件成功
2017-04-08T16:17:35: 读取文件成功
2017-04-08T16:18:35: 读取文件成功
2017-04-08T16:19:35: 读取文件成功
2017-04-08T16:20:36: 读取文件成功
2017-04-08T16:21:35: 读取文件成功
2017-04-08T16:22:35: 读取文件成功
2017-04-08T16:23:36: 读取文件成功
2017-04-08T16:24:35: 读取文件成功
2017-04-08T16:25:37: 读取文件成功
2017-04-08T16:26:36: 读取文件成功
2017-04-08T16:27:35: 读取文件成功
2017-04-08T16:28:36: 读取文件成功
2017-04-08T16:29:35: 读取文件成功
2017-04-08T16:30:35: 读取文件成功
2017-04-08T16:31:36: 读取文件成功
2017-04-08T16:32:35: 读取文件成功
2017-04-08T16:33:35: 读取文件成功
2017-04-08T16:34:35: 读取文件成功
2017-04-08T16:35:35: 读取文件成功
2017-04-08T16:36:36: 读取文件成功
2017-04-08T16:37:35: 读取文件成功
2017-04-08T16:38:35: 读取文件成功
2017-04-08T16:39:35: 读取文件成功
2017-04-08T16:40:36: 读取文件成功
2017-04-08T16:41:35: 读取文件成功
2017-04-08T16:42:35: 读取文件成功
2017-04-08T16:43:38: 读取文件成功
2017-04-08T16:44:35: 读取文件成功
2017-04-08T16:45:35: 读取文件成功
2017-04-08T16:46:35: 读取文件成功
2017-04-08T16:47:35: 读取文件成功
2017-04-08T16:48:35: 读取文件成功
2017-04-08T16:49:36: 读取文件成功
2017-04-08T16:50:35: 读取文件成功
2017-04-08T16:51:35: 读取文件成功
2017-04-08T16:52:36: 读取文件成功
2017-04-08T16:53:35: 读取文件成功
2017-04-08T16:54:36: 读取文件成功
2017-04-08T16:55:35: 读取文件成功
2017-04-08T16:56:36: 读取文件成功
2017-04-08T16:57:36: 读取文件成功
2017-04-08T16:58:35: 读取文件成功
2017-04-08T16:59:39: 读取文件成功
