2017-09-23T00:00:20: 非记录时间：2017-09-23T00:00:20+08:00
2017-09-23T00:01:20: 非记录时间：2017-09-23T00:01:20+08:00
2017-09-23T00:02:20: 非记录时间：2017-09-23T00:02:20+08:00
2017-09-23T00:03:20: 非记录时间：2017-09-23T00:03:20+08:00
2017-09-23T00:04:20: 非记录时间：2017-09-23T00:04:20+08:00
2017-09-23T00:05:20: 非记录时间：2017-09-23T00:05:20+08:00
2017-09-23T00:06:20: 非记录时间：2017-09-23T00:06:20+08:00
2017-09-23T00:07:20: 非记录时间：2017-09-23T00:07:20+08:00
2017-09-23T00:08:20: 非记录时间：2017-09-23T00:08:20+08:00
2017-09-23T00:09:20: 非记录时间：2017-09-23T00:09:20+08:00
2017-09-23T00:10:20: 非记录时间：2017-09-23T00:10:20+08:00
2017-09-23T00:11:20: 非记录时间：2017-09-23T00:11:20+08:00
2017-09-23T00:12:20: 非记录时间：2017-09-23T00:12:20+08:00
2017-09-23T00:13:20: 非记录时间：2017-09-23T00:13:20+08:00
2017-09-23T00:14:20: 非记录时间：2017-09-23T00:14:20+08:00
2017-09-23T00:15:20: 非记录时间：2017-09-23T00:15:20+08:00
2017-09-23T00:16:20: 非记录时间：2017-09-23T00:16:20+08:00
2017-09-23T00:17:20: 非记录时间：2017-09-23T00:17:20+08:00
2017-09-23T00:18:20: 非记录时间：2017-09-23T00:18:20+08:00
2017-09-23T00:19:20: 非记录时间：2017-09-23T00:19:20+08:00
2017-09-23T00:20:20: 非记录时间：2017-09-23T00:20:20+08:00
2017-09-23T00:21:20: 非记录时间：2017-09-23T00:21:20+08:00
2017-09-23T00:22:20: 非记录时间：2017-09-23T00:22:20+08:00
2017-09-23T00:23:20: 非记录时间：2017-09-23T00:23:20+08:00
2017-09-23T00:24:20: 非记录时间：2017-09-23T00:24:20+08:00
2017-09-23T00:25:20: 非记录时间：2017-09-23T00:25:20+08:00
2017-09-23T00:26:20: 非记录时间：2017-09-23T00:26:20+08:00
2017-09-23T00:27:20: 非记录时间：2017-09-23T00:27:20+08:00
2017-09-23T00:28:20: 非记录时间：2017-09-23T00:28:20+08:00
2017-09-23T00:29:20: 非记录时间：2017-09-23T00:29:20+08:00
2017-09-23T00:30:20: 非记录时间：2017-09-23T00:30:20+08:00
2017-09-23T00:31:20: 非记录时间：2017-09-23T00:31:20+08:00
2017-09-23T00:32:20: 非记录时间：2017-09-23T00:32:20+08:00
2017-09-23T00:33:20: 非记录时间：2017-09-23T00:33:20+08:00
2017-09-23T00:34:20: 非记录时间：2017-09-23T00:34:20+08:00
2017-09-23T00:35:20: 非记录时间：2017-09-23T00:35:20+08:00
2017-09-23T00:36:20: 非记录时间：2017-09-23T00:36:20+08:00
2017-09-23T00:37:20: 非记录时间：2017-09-23T00:37:20+08:00
2017-09-23T00:38:20: 非记录时间：2017-09-23T00:38:20+08:00
2017-09-23T00:39:20: 非记录时间：2017-09-23T00:39:20+08:00
2017-09-23T00:40:20: 非记录时间：2017-09-23T00:40:20+08:00
2017-09-23T00:41:20: 非记录时间：2017-09-23T00:41:20+08:00
2017-09-23T00:42:20: 非记录时间：2017-09-23T00:42:20+08:00
2017-09-23T00:43:20: 非记录时间：2017-09-23T00:43:20+08:00
2017-09-23T00:44:20: 非记录时间：2017-09-23T00:44:20+08:00
2017-09-23T00:45:20: 非记录时间：2017-09-23T00:45:20+08:00
2017-09-23T00:46:20: 非记录时间：2017-09-23T00:46:20+08:00
2017-09-23T00:47:20: 非记录时间：2017-09-23T00:47:20+08:00
2017-09-23T00:48:20: 非记录时间：2017-09-23T00:48:20+08:00
2017-09-23T00:49:20: 非记录时间：2017-09-23T00:49:20+08:00
2017-09-23T00:50:20: 非记录时间：2017-09-23T00:50:20+08:00
2017-09-23T00:51:20: 非记录时间：2017-09-23T00:51:20+08:00
2017-09-23T00:52:20: 非记录时间：2017-09-23T00:52:20+08:00
2017-09-23T00:53:20: 非记录时间：2017-09-23T00:53:20+08:00
2017-09-23T00:54:20: 非记录时间：2017-09-23T00:54:20+08:00
2017-09-23T00:55:20: 非记录时间：2017-09-23T00:55:20+08:00
2017-09-23T00:56:20: 非记录时间：2017-09-23T00:56:20+08:00
2017-09-23T00:57:20: 非记录时间：2017-09-23T00:57:20+08:00
2017-09-23T00:58:20: 非记录时间：2017-09-23T00:58:20+08:00
2017-09-23T00:59:20: 非记录时间：2017-09-23T00:59:20+08:00
2017-09-23T01:00:20: 非记录时间：2017-09-23T01:00:20+08:00
2017-09-23T01:01:20: 非记录时间：2017-09-23T01:01:20+08:00
2017-09-23T01:02:20: 非记录时间：2017-09-23T01:02:20+08:00
2017-09-23T01:03:20: 非记录时间：2017-09-23T01:03:20+08:00
2017-09-23T01:04:20: 非记录时间：2017-09-23T01:04:20+08:00
2017-09-23T01:05:20: 非记录时间：2017-09-23T01:05:20+08:00
2017-09-23T01:06:20: 非记录时间：2017-09-23T01:06:20+08:00
2017-09-23T01:07:20: 非记录时间：2017-09-23T01:07:20+08:00
2017-09-23T01:08:20: 非记录时间：2017-09-23T01:08:20+08:00
2017-09-23T01:09:20: 非记录时间：2017-09-23T01:09:20+08:00
2017-09-23T01:10:20: 非记录时间：2017-09-23T01:10:20+08:00
2017-09-23T01:11:21: 读取文件失败，可能是该文件不存在
2017-09-23T01:11:21: Error: ENOENT: no such file or directory, open './data/2017-09-23.json'
2017-09-23T01:12:20: 读取文件成功
2017-09-23T01:13:20: 读取文件成功
2017-09-23T01:14:20: 读取文件成功
2017-09-23T01:15:20: 读取文件成功
2017-09-23T01:16:20: 读取文件成功
2017-09-23T01:17:20: 读取文件成功
2017-09-23T01:18:20: 读取文件成功
2017-09-23T01:19:20: 读取文件成功
2017-09-23T01:20:20: 读取文件成功
2017-09-23T01:21:20: 读取文件成功
2017-09-23T01:22:20: 读取文件成功
2017-09-23T01:23:20: 读取文件成功
2017-09-23T01:24:20: 读取文件成功
2017-09-23T01:25:20: 读取文件成功
2017-09-23T01:26:20: 读取文件成功
2017-09-23T01:27:20: 读取文件成功
2017-09-23T01:28:20: 读取文件成功
2017-09-23T01:29:21: 读取文件成功
2017-09-23T01:30:20: 读取文件成功
2017-09-23T01:31:20: 读取文件成功
2017-09-23T01:32:20: 读取文件成功
2017-09-23T01:33:20: 读取文件成功
2017-09-23T01:34:20: 读取文件成功
2017-09-23T01:35:21: 读取文件成功
2017-09-23T01:36:20: 读取文件成功
2017-09-23T01:37:21: 读取文件成功
2017-09-23T01:38:20: 读取文件成功
2017-09-23T01:39:20: 读取文件成功
2017-09-23T01:40:20: 读取文件成功
2017-09-23T01:41:21: 读取文件成功
2017-09-23T01:42:21: 读取文件成功
2017-09-23T01:43:21: 读取文件成功
2017-09-23T01:44:20: 读取文件成功
2017-09-23T01:45:21: 读取文件成功
2017-09-23T01:46:21: 读取文件成功
2017-09-23T01:47:21: 读取文件成功
2017-09-23T01:48:21: 读取文件成功
2017-09-23T01:49:21: 读取文件成功
2017-09-23T01:50:21: 读取文件成功
2017-09-23T01:51:21: 读取文件成功
2017-09-23T01:52:21: 读取文件成功
2017-09-23T01:53:21: 读取文件成功
2017-09-23T01:54:21: 读取文件成功
2017-09-23T01:55:21: 读取文件成功
2017-09-23T01:56:21: 读取文件成功
2017-09-23T01:57:21: 读取文件成功
2017-09-23T01:58:21: 读取文件成功
2017-09-23T01:59:21: 读取文件成功
2017-09-23T02:00:21: 读取文件成功
2017-09-23T02:01:21: 读取文件成功
2017-09-23T02:02:21: 读取文件成功
2017-09-23T02:03:21: 读取文件成功
2017-09-23T02:04:21: 读取文件成功
2017-09-23T02:05:21: 读取文件成功
2017-09-23T02:06:21: 读取文件成功
2017-09-23T02:07:21: 读取文件成功
2017-09-23T02:08:21: 读取文件成功
2017-09-23T02:09:21: 读取文件成功
2017-09-23T02:10:21: 读取文件成功
2017-09-23T02:11:21: 读取文件成功
2017-09-23T02:12:21: 读取文件成功
2017-09-23T02:13:21: 读取文件成功
2017-09-23T02:14:21: 读取文件成功
2017-09-23T02:15:21: 读取文件成功
2017-09-23T02:16:21: 读取文件成功
2017-09-23T02:17:21: 读取文件成功
2017-09-23T02:18:21: 读取文件成功
2017-09-23T02:19:21: 读取文件成功
2017-09-23T02:20:21: 读取文件成功
2017-09-23T02:21:21: 读取文件成功
2017-09-23T02:22:21: 读取文件成功
2017-09-23T02:23:21: 读取文件成功
2017-09-23T02:24:21: 读取文件成功
2017-09-23T02:25:21: 读取文件成功
2017-09-23T02:26:21: 读取文件成功
2017-09-23T02:27:21: 读取文件成功
2017-09-23T02:28:21: 读取文件成功
2017-09-23T02:29:21: 读取文件成功
2017-09-23T02:30:21: 读取文件成功
2017-09-23T02:31:21: 读取文件成功
2017-09-23T02:32:21: 读取文件成功
2017-09-23T02:33:21: 读取文件成功
2017-09-23T02:34:21: 读取文件成功
2017-09-23T02:35:21: 读取文件成功
2017-09-23T02:36:21: 读取文件成功
2017-09-23T02:37:21: 读取文件成功
2017-09-23T02:38:21: 读取文件成功
2017-09-23T02:39:21: 读取文件成功
2017-09-23T02:40:21: 读取文件成功
2017-09-23T02:41:21: 读取文件成功
2017-09-23T02:42:21: 读取文件成功
2017-09-23T02:43:21: 读取文件成功
2017-09-23T02:44:21: 读取文件成功
2017-09-23T02:45:21: 读取文件成功
2017-09-23T02:46:21: 读取文件成功
2017-09-23T02:47:21: 读取文件成功
2017-09-23T02:48:21: 读取文件成功
2017-09-23T02:49:21: 读取文件成功
2017-09-23T02:50:21: 读取文件成功
2017-09-23T02:51:21: 读取文件成功
2017-09-23T02:52:21: 读取文件成功
2017-09-23T02:53:21: 读取文件成功
2017-09-23T02:54:21: 读取文件成功
2017-09-23T02:55:21: 读取文件成功
2017-09-23T02:56:21: 读取文件成功
2017-09-23T02:57:21: 读取文件成功
2017-09-23T02:58:21: 读取文件成功
2017-09-23T02:59:21: 读取文件成功
2017-09-23T03:00:21: 读取文件成功
2017-09-23T03:01:21: 读取文件成功
2017-09-23T03:02:21: 读取文件成功
2017-09-23T03:03:21: 读取文件成功
2017-09-23T03:04:21: 读取文件成功
2017-09-23T03:05:21: 读取文件成功
2017-09-23T03:06:21: 读取文件成功
2017-09-23T03:07:21: 读取文件成功
2017-09-23T03:08:21: 读取文件成功
2017-09-23T03:09:21: 读取文件成功
2017-09-23T03:10:21: 读取文件成功
2017-09-23T03:11:22: 读取文件成功
2017-09-23T03:12:21: 读取文件成功
2017-09-23T03:13:21: 读取文件成功
2017-09-23T03:14:21: 读取文件成功
2017-09-23T03:15:21: 读取文件成功
2017-09-23T03:16:21: 读取文件成功
2017-09-23T03:17:22: 读取文件成功
2017-09-23T03:18:21: 读取文件成功
2017-09-23T03:19:21: 读取文件成功
2017-09-23T03:20:21: 读取文件成功
2017-09-23T03:21:21: 读取文件成功
2017-09-23T03:22:21: 读取文件成功
2017-09-23T03:23:22: 读取文件成功
2017-09-23T03:24:22: 读取文件成功
2017-09-23T03:25:22: 读取文件成功
2017-09-23T03:26:22: 读取文件成功
2017-09-23T03:27:22: 读取文件成功
2017-09-23T03:28:22: 读取文件成功
2017-09-23T03:29:22: 读取文件成功
2017-09-23T03:30:22: 读取文件成功
2017-09-23T03:31:22: 读取文件成功
2017-09-23T03:32:22: 读取文件成功
2017-09-23T03:33:22: 读取文件成功
2017-09-23T03:34:22: 读取文件成功
2017-09-23T03:35:22: 读取文件成功
2017-09-23T03:36:22: 读取文件成功
2017-09-23T03:37:22: 读取文件成功
2017-09-23T03:38:22: 读取文件成功
2017-09-23T03:39:22: 读取文件成功
2017-09-23T03:40:22: 读取文件成功
2017-09-23T03:41:22: 读取文件成功
2017-09-23T03:42:22: 读取文件成功
2017-09-23T03:43:22: 读取文件成功
2017-09-23T03:44:22: 读取文件成功
2017-09-23T03:45:22: 读取文件成功
2017-09-23T03:46:22: 读取文件成功
2017-09-23T03:47:22: 读取文件成功
2017-09-23T03:48:22: 读取文件成功
2017-09-23T03:49:22: 读取文件成功
2017-09-23T03:50:22: 读取文件成功
2017-09-23T03:51:22: 读取文件成功
2017-09-23T03:52:22: 读取文件成功
2017-09-23T03:53:22: 读取文件成功
2017-09-23T03:54:22: 读取文件成功
2017-09-23T03:55:22: 读取文件成功
2017-09-23T03:56:22: 读取文件成功
2017-09-23T03:57:22: 读取文件成功
2017-09-23T03:58:22: 读取文件成功
2017-09-23T03:59:22: 读取文件成功
2017-09-23T04:00:22: 读取文件成功
2017-09-23T04:01:22: 读取文件成功
2017-09-23T04:02:22: 读取文件成功
2017-09-23T04:03:22: 读取文件成功
2017-09-23T04:04:22: 读取文件成功
2017-09-23T04:05:22: 读取文件成功
2017-09-23T04:06:22: 读取文件成功
2017-09-23T04:07:22: 读取文件成功
2017-09-23T04:08:22: 读取文件成功
2017-09-23T04:09:22: 读取文件成功
2017-09-23T04:10:22: 读取文件成功
2017-09-23T04:11:22: 读取文件成功
2017-09-23T04:12:22: 读取文件成功
2017-09-23T04:13:22: 读取文件成功
2017-09-23T04:14:22: 读取文件成功
2017-09-23T04:15:22: 读取文件成功
2017-09-23T04:16:22: 读取文件成功
2017-09-23T04:17:22: 读取文件成功
2017-09-23T04:18:22: 读取文件成功
2017-09-23T04:19:22: 读取文件成功
2017-09-23T04:20:22: 读取文件成功
2017-09-23T04:21:22: 读取文件成功
2017-09-23T04:22:22: 读取文件成功
2017-09-23T04:23:22: 读取文件成功
2017-09-23T04:24:22: 读取文件成功
2017-09-23T04:25:22: 读取文件成功
2017-09-23T04:26:22: 读取文件成功
2017-09-23T04:27:22: 读取文件成功
2017-09-23T04:28:22: 读取文件成功
2017-09-23T04:29:22: 读取文件成功
2017-09-23T04:30:22: 读取文件成功
2017-09-23T04:31:22: 读取文件成功
2017-09-23T04:32:22: 读取文件成功
2017-09-23T04:33:22: 读取文件成功
2017-09-23T04:34:22: 读取文件成功
2017-09-23T04:35:22: 读取文件成功
2017-09-23T04:36:22: 读取文件成功
2017-09-23T04:37:22: 读取文件成功
2017-09-23T04:38:22: 读取文件成功
2017-09-23T04:39:22: 读取文件成功
2017-09-23T04:40:22: 读取文件成功
2017-09-23T04:41:22: 读取文件成功
2017-09-23T04:42:22: 读取文件成功
2017-09-23T04:43:22: 读取文件成功
2017-09-23T04:44:22: 读取文件成功
2017-09-23T04:45:22: 读取文件成功
2017-09-23T04:46:23: 读取文件成功
2017-09-23T04:47:22: 读取文件成功
2017-09-23T04:48:22: 读取文件成功
2017-09-23T04:49:22: 读取文件成功
2017-09-23T04:50:22: 读取文件成功
2017-09-23T04:51:22: 读取文件成功
2017-09-23T04:52:22: 读取文件成功
2017-09-23T04:53:22: 读取文件成功
2017-09-23T04:54:22: 读取文件成功
2017-09-23T04:55:22: 读取文件成功
2017-09-23T04:56:22: 读取文件成功
2017-09-23T04:57:22: 读取文件成功
2017-09-23T04:58:23: 读取文件成功
2017-09-23T04:59:22: 读取文件成功
2017-09-23T05:00:22: 读取文件成功
2017-09-23T05:01:22: 读取文件成功
2017-09-23T05:02:22: 读取文件成功
2017-09-23T05:03:22: 读取文件成功
2017-09-23T05:04:23: 读取文件成功
2017-09-23T05:05:23: 读取文件成功
2017-09-23T05:06:23: 读取文件成功
2017-09-23T05:07:23: 读取文件成功
2017-09-23T05:08:23: 读取文件成功
2017-09-23T05:09:23: 读取文件成功
2017-09-23T05:10:23: 读取文件成功
2017-09-23T05:11:23: 读取文件成功
2017-09-23T05:12:23: 读取文件成功
2017-09-23T05:13:23: 读取文件成功
2017-09-23T05:14:23: 读取文件成功
2017-09-23T05:15:23: 读取文件成功
2017-09-23T05:16:23: 读取文件成功
2017-09-23T05:17:23: 读取文件成功
2017-09-23T05:18:23: 读取文件成功
2017-09-23T05:19:23: 读取文件成功
2017-09-23T05:20:23: 读取文件成功
2017-09-23T05:21:23: 读取文件成功
2017-09-23T05:22:23: 读取文件成功
2017-09-23T05:23:23: 读取文件成功
2017-09-23T05:24:23: 读取文件成功
2017-09-23T05:25:23: 读取文件成功
2017-09-23T05:26:23: 读取文件成功
2017-09-23T05:27:23: 读取文件成功
2017-09-23T05:28:23: 读取文件成功
2017-09-23T05:29:23: 读取文件成功
2017-09-23T05:30:23: 读取文件成功
2017-09-23T05:31:23: 读取文件成功
2017-09-23T05:32:23: 读取文件成功
2017-09-23T05:33:23: 读取文件成功
2017-09-23T05:34:23: 读取文件成功
2017-09-23T05:35:23: 读取文件成功
2017-09-23T05:36:23: 读取文件成功
2017-09-23T05:37:23: 读取文件成功
2017-09-23T05:38:23: 读取文件成功
2017-09-23T05:39:23: 读取文件成功
2017-09-23T05:40:23: 读取文件成功
2017-09-23T05:41:23: 读取文件成功
2017-09-23T05:42:23: 读取文件成功
2017-09-23T05:43:23: 读取文件成功
2017-09-23T05:44:23: 读取文件成功
2017-09-23T05:45:23: 读取文件成功
2017-09-23T05:46:23: 读取文件成功
2017-09-23T05:47:23: 读取文件成功
2017-09-23T05:48:23: 读取文件成功
2017-09-23T05:49:23: 读取文件成功
2017-09-23T05:50:23: 读取文件成功
2017-09-23T05:51:23: 读取文件成功
2017-09-23T05:52:23: 读取文件成功
2017-09-23T05:53:23: 读取文件成功
2017-09-23T05:54:23: 读取文件成功
2017-09-23T05:55:23: 读取文件成功
2017-09-23T05:56:23: 读取文件成功
2017-09-23T05:57:23: 读取文件成功
2017-09-23T05:58:23: 读取文件成功
2017-09-23T05:59:23: 读取文件成功
2017-09-23T06:00:23: 读取文件成功
2017-09-23T06:01:23: 读取文件成功
2017-09-23T06:02:23: 读取文件成功
2017-09-23T06:03:23: 读取文件成功
2017-09-23T06:04:23: 读取文件成功
2017-09-23T06:05:23: 读取文件成功
2017-09-23T06:06:23: 读取文件成功
2017-09-23T06:07:23: 读取文件成功
2017-09-23T06:08:23: 读取文件成功
2017-09-23T06:09:23: 读取文件成功
2017-09-23T06:10:23: 读取文件成功
2017-09-23T06:11:23: 读取文件成功
2017-09-23T06:12:23: 读取文件成功
2017-09-23T06:13:23: 读取文件成功
2017-09-23T06:14:23: 读取文件成功
2017-09-23T06:15:23: 读取文件成功
2017-09-23T06:16:23: 读取文件成功
2017-09-23T06:17:23: 读取文件成功
2017-09-23T06:18:23: 读取文件成功
2017-09-23T06:19:23: 读取文件成功
2017-09-23T06:20:23: 读取文件成功
2017-09-23T06:21:23: 读取文件成功
2017-09-23T06:22:23: 读取文件成功
2017-09-23T06:23:23: 读取文件成功
2017-09-23T06:24:23: 读取文件成功
2017-09-23T06:25:23: 读取文件成功
2017-09-23T06:26:23: 读取文件成功
2017-09-23T06:27:24: 读取文件成功
2017-09-23T06:28:23: 读取文件成功
2017-09-23T06:29:23: 读取文件成功
2017-09-23T06:30:23: 读取文件成功
2017-09-23T06:31:23: 读取文件成功
2017-09-23T06:32:23: 读取文件成功
2017-09-23T06:33:23: 读取文件成功
2017-09-23T06:34:23: 读取文件成功
2017-09-23T06:35:23: 读取文件成功
2017-09-23T06:36:23: 读取文件成功
2017-09-23T06:37:23: 读取文件成功
2017-09-23T06:38:23: 读取文件成功
2017-09-23T06:39:24: 读取文件成功
2017-09-23T06:40:23: 读取文件成功
2017-09-23T06:41:23: 读取文件成功
2017-09-23T06:42:23: 读取文件成功
2017-09-23T06:43:24: 读取文件成功
2017-09-23T06:44:23: 读取文件成功
2017-09-23T06:45:24: 读取文件成功
2017-09-23T06:46:24: 读取文件成功
2017-09-23T06:47:24: 读取文件成功
2017-09-23T06:48:24: 读取文件成功
2017-09-23T06:49:24: 读取文件成功
2017-09-23T06:50:24: 读取文件成功
2017-09-23T06:51:24: 读取文件成功
2017-09-23T06:52:24: 读取文件成功
2017-09-23T06:53:24: 读取文件成功
2017-09-23T06:54:24: 读取文件成功
2017-09-23T06:55:24: 读取文件成功
2017-09-23T06:56:24: 读取文件成功
2017-09-23T06:57:24: 读取文件成功
2017-09-23T06:58:24: 读取文件成功
2017-09-23T06:59:24: 读取文件成功
2017-09-23T07:00:24: 读取文件成功
2017-09-23T07:01:24: 读取文件成功
2017-09-23T07:02:24: 读取文件成功
2017-09-23T07:03:24: 读取文件成功
2017-09-23T07:04:24: 读取文件成功
2017-09-23T07:05:24: 读取文件成功
2017-09-23T07:06:24: 读取文件成功
2017-09-23T07:07:24: 读取文件成功
2017-09-23T07:08:24: 读取文件成功
2017-09-23T07:09:24: 读取文件成功
2017-09-23T07:10:24: 读取文件成功
2017-09-23T07:11:24: 读取文件成功
2017-09-23T07:12:24: 读取文件成功
2017-09-23T07:13:24: 读取文件成功
2017-09-23T07:14:24: 读取文件成功
2017-09-23T07:15:24: 读取文件成功
2017-09-23T07:16:24: 读取文件成功
2017-09-23T07:17:24: 读取文件成功
2017-09-23T07:18:24: 读取文件成功
2017-09-23T07:19:24: 读取文件成功
2017-09-23T07:20:24: 读取文件成功
2017-09-23T07:21:24: 读取文件成功
2017-09-23T07:22:24: 读取文件成功
2017-09-23T07:23:24: 读取文件成功
2017-09-23T07:24:24: 读取文件成功
2017-09-23T07:25:24: 读取文件成功
2017-09-23T07:26:24: 读取文件成功
2017-09-23T07:27:24: 读取文件成功
2017-09-23T07:28:24: 读取文件成功
2017-09-23T07:29:24: 读取文件成功
2017-09-23T07:30:24: 读取文件成功
2017-09-23T07:31:24: 读取文件成功
2017-09-23T07:32:24: 读取文件成功
2017-09-23T07:33:24: 读取文件成功
2017-09-23T07:34:24: 读取文件成功
2017-09-23T07:35:24: 读取文件成功
2017-09-23T07:36:24: 读取文件成功
2017-09-23T07:37:24: 读取文件成功
2017-09-23T07:38:24: 读取文件成功
2017-09-23T07:39:24: 读取文件成功
2017-09-23T07:40:24: 读取文件成功
2017-09-23T07:41:24: 读取文件成功
2017-09-23T07:42:24: 读取文件成功
2017-09-23T07:43:24: 读取文件成功
2017-09-23T07:44:24: 读取文件成功
2017-09-23T07:45:24: 读取文件成功
2017-09-23T07:46:24: 读取文件成功
2017-09-23T07:47:24: 读取文件成功
2017-09-23T07:48:24: 读取文件成功
2017-09-23T07:49:24: 读取文件成功
2017-09-23T07:50:24: 读取文件成功
2017-09-23T07:51:24: 读取文件成功
2017-09-23T07:52:24: 读取文件成功
2017-09-23T07:53:24: 读取文件成功
2017-09-23T07:54:24: 读取文件成功
2017-09-23T07:55:24: 读取文件成功
2017-09-23T07:56:24: 读取文件成功
2017-09-23T07:57:24: 读取文件成功
2017-09-23T07:58:24: 读取文件成功
2017-09-23T07:59:24: 读取文件成功
2017-09-23T08:00:24: 读取文件成功
2017-09-23T08:01:24: 读取文件成功
2017-09-23T08:02:24: 读取文件成功
2017-09-23T08:03:24: 读取文件成功
2017-09-23T08:04:24: 读取文件成功
2017-09-23T08:05:24: 读取文件成功
2017-09-23T08:06:24: 读取文件成功
2017-09-23T08:07:24: 读取文件成功
2017-09-23T08:08:25: 读取文件成功
2017-09-23T08:09:24: 读取文件成功
2017-09-23T08:10:24: 读取文件成功
2017-09-23T08:11:24: 读取文件成功
2017-09-23T08:12:24: 读取文件成功
2017-09-23T08:13:24: 读取文件成功
2017-09-23T08:14:24: 读取文件成功
2017-09-23T08:15:24: 读取文件成功
2017-09-23T08:16:24: 读取文件成功
2017-09-23T08:17:24: 读取文件成功
2017-09-23T08:18:24: 读取文件成功
2017-09-23T08:19:24: 读取文件成功
2017-09-23T08:20:25: 读取文件成功
2017-09-23T08:21:24: 读取文件成功
2017-09-23T08:22:24: 读取文件成功
2017-09-23T08:23:24: 读取文件成功
2017-09-23T08:24:25: 读取文件成功
2017-09-23T08:25:24: 读取文件成功
2017-09-23T08:26:25: 读取文件成功
2017-09-23T08:27:25: 读取文件成功
2017-09-23T08:28:25: 读取文件成功
2017-09-23T08:29:25: 读取文件成功
2017-09-23T08:30:25: 读取文件成功
2017-09-23T08:31:25: 读取文件成功
2017-09-23T08:32:25: 读取文件成功
2017-09-23T08:33:25: 读取文件成功
2017-09-23T08:34:25: 读取文件成功
2017-09-23T08:35:25: 读取文件成功
2017-09-23T08:36:25: 读取文件成功
2017-09-23T08:37:25: 读取文件成功
2017-09-23T08:38:25: 读取文件成功
2017-09-23T08:39:25: 读取文件成功
2017-09-23T08:40:25: 读取文件成功
2017-09-23T08:41:25: 读取文件成功
2017-09-23T08:42:25: 读取文件成功
2017-09-23T08:43:25: 读取文件成功
2017-09-23T08:44:25: 读取文件成功
2017-09-23T08:45:25: 读取文件成功
2017-09-23T08:46:25: 读取文件成功
2017-09-23T08:47:25: 读取文件成功
2017-09-23T08:48:25: 读取文件成功
2017-09-23T08:49:25: 读取文件成功
2017-09-23T08:50:25: 读取文件成功
2017-09-23T08:51:25: 读取文件成功
2017-09-23T08:52:25: 读取文件成功
2017-09-23T08:53:25: 读取文件成功
2017-09-23T08:54:25: 读取文件成功
2017-09-23T08:55:25: 读取文件成功
2017-09-23T08:56:25: 读取文件成功
2017-09-23T08:57:25: 读取文件成功
2017-09-23T08:58:25: 读取文件成功
2017-09-23T08:59:25: 读取文件成功
2017-09-23T09:00:25: 读取文件成功
2017-09-23T09:01:25: 读取文件成功
2017-09-23T09:02:25: 读取文件成功
2017-09-23T09:03:25: 读取文件成功
2017-09-23T09:04:25: 读取文件成功
2017-09-23T09:05:25: 读取文件成功
2017-09-23T09:06:25: 读取文件成功
2017-09-23T09:07:25: 读取文件成功
2017-09-23T09:08:25: 读取文件成功
2017-09-23T09:09:25: 读取文件成功
2017-09-23T09:10:25: 读取文件成功
2017-09-23T09:11:25: 读取文件成功
2017-09-23T09:12:25: 读取文件成功
2017-09-23T09:13:25: 读取文件成功
2017-09-23T09:14:25: 读取文件成功
2017-09-23T09:15:25: 读取文件成功
2017-09-23T09:16:25: 读取文件成功
2017-09-23T09:17:25: 读取文件成功
2017-09-23T09:18:25: 读取文件成功
2017-09-23T09:19:25: 读取文件成功
2017-09-23T09:20:25: 读取文件成功
2017-09-23T09:21:25: 读取文件成功
2017-09-23T09:22:25: 读取文件成功
2017-09-23T09:23:25: 读取文件成功
2017-09-23T09:24:25: 读取文件成功
2017-09-23T09:25:25: 读取文件成功
2017-09-23T09:26:25: 读取文件成功
2017-09-23T09:27:25: 读取文件成功
2017-09-23T09:28:25: 读取文件成功
2017-09-23T09:29:25: 读取文件成功
2017-09-23T09:30:25: 读取文件成功
2017-09-23T09:31:25: 读取文件成功
2017-09-23T09:32:25: 读取文件成功
2017-09-23T09:33:25: 读取文件成功
2017-09-23T09:34:25: 读取文件成功
2017-09-23T09:35:25: 读取文件成功
2017-09-23T09:36:25: 读取文件成功
2017-09-23T09:37:25: 读取文件成功
2017-09-23T09:38:25: 读取文件成功
2017-09-23T09:39:25: 读取文件成功
2017-09-23T09:40:25: 读取文件成功
2017-09-23T09:41:25: 读取文件成功
2017-09-23T09:42:25: 读取文件成功
2017-09-23T09:43:26: 读取文件成功
2017-09-23T09:44:25: 读取文件成功
2017-09-23T09:45:25: 读取文件成功
2017-09-23T09:46:25: 读取文件成功
2017-09-23T09:47:25: 读取文件成功
2017-09-23T09:48:25: 读取文件成功
2017-09-23T09:49:26: 读取文件成功
2017-09-23T09:50:25: 读取文件成功
2017-09-23T09:51:25: 读取文件成功
2017-09-23T09:52:25: 读取文件成功
2017-09-23T09:53:25: 读取文件成功
2017-09-23T09:54:25: 读取文件成功
2017-09-23T09:55:26: 读取文件成功
2017-09-23T09:56:26: 读取文件成功
2017-09-23T09:57:25: 读取文件成功
2017-09-23T09:58:25: 读取文件成功
2017-09-23T09:59:25: 读取文件成功
2017-09-23T10:00:25: 读取文件成功
2017-09-23T10:01:26: 读取文件成功
2017-09-23T10:02:26: 读取文件成功
2017-09-23T10:03:26: 读取文件成功
2017-09-23T10:04:26: 读取文件成功
2017-09-23T10:05:26: 读取文件成功
2017-09-23T10:06:26: 读取文件成功
2017-09-23T10:07:26: 读取文件成功
2017-09-23T10:08:26: 读取文件成功
2017-09-23T10:09:26: 读取文件成功
2017-09-23T10:10:26: 读取文件成功
2017-09-23T10:11:26: 读取文件成功
2017-09-23T10:12:26: 读取文件成功
2017-09-23T10:13:26: 读取文件成功
2017-09-23T10:14:26: 读取文件成功
2017-09-23T10:15:26: 读取文件成功
2017-09-23T10:16:26: 读取文件成功
2017-09-23T10:17:26: 读取文件成功
2017-09-23T10:18:26: 读取文件成功
2017-09-23T10:19:26: 读取文件成功
2017-09-23T10:20:26: 读取文件成功
2017-09-23T10:21:26: 读取文件成功
2017-09-23T10:22:26: 读取文件成功
2017-09-23T10:23:26: 读取文件成功
2017-09-23T10:24:26: 读取文件成功
2017-09-23T10:25:26: 读取文件成功
2017-09-23T10:26:26: 读取文件成功
2017-09-23T10:27:26: 读取文件成功
2017-09-23T10:28:26: 读取文件成功
2017-09-23T10:29:26: 读取文件成功
2017-09-23T10:30:26: 读取文件成功
2017-09-23T10:31:26: 读取文件成功
2017-09-23T10:32:26: 读取文件成功
2017-09-23T10:33:26: 读取文件成功
2017-09-23T10:34:26: 读取文件成功
2017-09-23T10:35:26: 读取文件成功
2017-09-23T10:36:26: 读取文件成功
2017-09-23T10:37:26: 读取文件成功
2017-09-23T10:38:26: 读取文件成功
2017-09-23T10:39:26: 读取文件成功
2017-09-23T10:40:26: 读取文件成功
2017-09-23T10:41:26: 读取文件成功
2017-09-23T10:42:26: 读取文件成功
2017-09-23T10:43:26: 读取文件成功
2017-09-23T10:44:26: 读取文件成功
2017-09-23T10:45:26: 读取文件成功
2017-09-23T10:46:26: 读取文件成功
2017-09-23T10:47:26: 读取文件成功
2017-09-23T10:48:26: 读取文件成功
2017-09-23T10:49:26: 读取文件成功
2017-09-23T10:50:26: 读取文件成功
2017-09-23T10:51:26: 读取文件成功
2017-09-23T10:52:26: 读取文件成功
2017-09-23T10:53:26: 读取文件成功
2017-09-23T10:54:26: 读取文件成功
2017-09-23T10:55:26: 读取文件成功
2017-09-23T10:56:26: 读取文件成功
2017-09-23T10:57:26: 读取文件成功
2017-09-23T10:58:26: 读取文件成功
2017-09-23T10:59:26: 读取文件成功
2017-09-23T11:00:26: 读取文件成功
2017-09-23T11:01:26: 读取文件成功
2017-09-23T11:02:26: 读取文件成功
2017-09-23T11:03:26: 读取文件成功
2017-09-23T11:04:26: 读取文件成功
2017-09-23T11:05:26: 读取文件成功
2017-09-23T11:06:26: 读取文件成功
2017-09-23T11:07:26: 读取文件成功
2017-09-23T11:08:26: 读取文件成功
2017-09-23T11:09:26: 读取文件成功
2017-09-23T11:10:26: 读取文件成功
2017-09-23T11:11:26: 读取文件成功
2017-09-23T11:12:26: 读取文件成功
2017-09-23T11:13:26: 读取文件成功
2017-09-23T11:14:26: 读取文件成功
2017-09-23T11:15:26: 读取文件成功
2017-09-23T11:16:26: 读取文件成功
2017-09-23T11:17:26: 读取文件成功
2017-09-23T11:18:26: 读取文件成功
2017-09-23T11:19:26: 读取文件成功
2017-09-23T11:20:26: 读取文件成功
2017-09-23T11:21:27: 读取文件成功
2017-09-23T11:22:26: 读取文件成功
2017-09-23T11:23:26: 读取文件成功
2017-09-23T11:24:26: 读取文件成功
2017-09-23T11:25:26: 读取文件成功
2017-09-23T11:26:26: 读取文件成功
2017-09-23T11:27:26: 读取文件成功
2017-09-23T11:28:26: 读取文件成功
2017-09-23T11:29:26: 读取文件成功
2017-09-23T11:30:26: 读取文件成功
2017-09-23T11:31:26: 读取文件成功
2017-09-23T11:32:26: 读取文件成功
2017-09-23T11:33:26: 读取文件成功
2017-09-23T11:34:26: 读取文件成功
2017-09-23T11:35:27: 读取文件成功
2017-09-23T11:36:26: 读取文件成功
2017-09-23T11:37:27: 读取文件成功
2017-09-23T11:38:26: 读取文件成功
2017-09-23T11:39:26: 读取文件成功
2017-09-23T11:40:26: 读取文件成功
2017-09-23T11:41:27: 读取文件成功
2017-09-23T11:42:26: 读取文件成功
2017-09-23T11:43:27: 读取文件成功
2017-09-23T11:44:26: 读取文件成功
2017-09-23T11:45:26: 读取文件成功
2017-09-23T11:46:26: 读取文件成功
2017-09-23T11:47:27: 读取文件成功
2017-09-23T11:48:27: 读取文件成功
2017-09-23T11:49:27: 读取文件成功
2017-09-23T11:50:27: 读取文件成功
2017-09-23T11:51:27: 读取文件成功
2017-09-23T11:52:27: 读取文件成功
2017-09-23T11:53:27: 读取文件成功
2017-09-23T11:54:27: 读取文件成功
2017-09-23T11:55:27: 读取文件成功
2017-09-23T11:56:27: 读取文件成功
2017-09-23T11:57:27: 读取文件成功
2017-09-23T11:58:27: 读取文件成功
2017-09-23T11:59:27: 读取文件成功
2017-09-23T12:00:27: 读取文件成功
2017-09-23T12:01:27: 读取文件成功
2017-09-23T12:02:27: 读取文件成功
2017-09-23T12:03:27: 读取文件成功
2017-09-23T12:04:27: 读取文件成功
2017-09-23T12:05:27: 读取文件成功
2017-09-23T12:06:27: 读取文件成功
2017-09-23T12:07:27: 读取文件成功
2017-09-23T12:08:27: 读取文件成功
2017-09-23T12:09:27: 读取文件成功
2017-09-23T12:10:27: 读取文件成功
2017-09-23T12:11:27: 读取文件成功
2017-09-23T12:12:27: 读取文件成功
2017-09-23T12:13:27: 读取文件成功
2017-09-23T12:14:27: 读取文件成功
2017-09-23T12:15:27: 读取文件成功
2017-09-23T12:16:27: 读取文件成功
2017-09-23T12:17:27: 读取文件成功
2017-09-23T12:18:27: 读取文件成功
2017-09-23T12:19:27: 读取文件成功
2017-09-23T12:20:27: 读取文件成功
2017-09-23T12:21:27: 读取文件成功
2017-09-23T12:22:27: 读取文件成功
2017-09-23T12:23:27: 读取文件成功
2017-09-23T12:24:27: 读取文件成功
2017-09-23T12:25:27: 读取文件成功
2017-09-23T12:26:27: 读取文件成功
2017-09-23T12:27:27: 读取文件成功
2017-09-23T12:28:27: 读取文件成功
2017-09-23T12:29:27: 读取文件成功
2017-09-23T12:30:27: 读取文件成功
2017-09-23T12:31:27: 读取文件成功
2017-09-23T12:32:27: 读取文件成功
2017-09-23T12:33:29: 读取文件成功
2017-09-23T12:34:27: 读取文件成功
2017-09-23T12:35:27: 读取文件成功
2017-09-23T12:36:27: 读取文件成功
2017-09-23T12:37:27: 读取文件成功
2017-09-23T12:38:27: 读取文件成功
2017-09-23T12:39:27: 读取文件成功
2017-09-23T12:40:27: 读取文件成功
2017-09-23T12:41:27: 读取文件成功
2017-09-23T12:42:27: 读取文件成功
2017-09-23T12:43:27: 读取文件成功
2017-09-23T12:44:27: 读取文件成功
2017-09-23T12:45:27: 读取文件成功
2017-09-23T12:46:27: 读取文件成功
2017-09-23T12:47:27: 读取文件成功
2017-09-23T12:48:27: 读取文件成功
2017-09-23T12:49:27: 读取文件成功
2017-09-23T12:50:27: 读取文件成功
2017-09-23T12:51:27: 读取文件成功
2017-09-23T12:52:27: 读取文件成功
2017-09-23T12:53:27: 读取文件成功
2017-09-23T12:54:27: 读取文件成功
2017-09-23T12:55:28: 读取文件成功
2017-09-23T12:56:27: 读取文件成功
2017-09-23T12:57:27: 读取文件成功
2017-09-23T12:58:27: 读取文件成功
2017-09-23T12:59:27: 读取文件成功
2017-09-23T13:00:27: 读取文件成功
2017-09-23T13:01:27: 读取文件成功
2017-09-23T13:02:28: 读取文件成功
2017-09-23T13:03:27: 读取文件成功
2017-09-23T13:04:27: 读取文件成功
2017-09-23T13:05:27: 读取文件成功
2017-09-23T13:06:28: 读取文件成功
2017-09-23T13:07:27: 读取文件成功
2017-09-23T13:08:27: 读取文件成功
2017-09-23T13:09:27: 读取文件成功
2017-09-23T13:10:27: 读取文件成功
2017-09-23T13:11:27: 读取文件成功
2017-09-23T13:12:28: 读取文件成功
2017-09-23T13:13:27: 读取文件成功
2017-09-23T13:14:27: 读取文件成功
2017-09-23T13:15:27: 读取文件成功
2017-09-23T13:16:27: 读取文件成功
2017-09-23T13:17:27: 读取文件成功
2017-09-23T13:18:28: 读取文件成功
2017-09-23T13:19:27: 读取文件成功
2017-09-23T13:20:28: 读取文件成功
2017-09-23T13:21:27: 读取文件成功
2017-09-23T13:22:27: 读取文件成功
2017-09-23T13:23:27: 读取文件成功
2017-09-23T13:24:28: 读取文件成功
2017-09-23T13:25:27: 读取文件成功
2017-09-23T13:26:27: 读取文件成功
2017-09-23T13:27:27: 读取文件成功
2017-09-23T13:28:28: 读取文件成功
2017-09-23T13:29:28: 读取文件成功
2017-09-23T13:30:28: 读取文件成功
2017-09-23T13:31:28: 读取文件成功
2017-09-23T13:32:28: 读取文件成功
2017-09-23T13:33:28: 读取文件成功
2017-09-23T13:34:28: 读取文件成功
2017-09-23T13:35:28: 读取文件成功
2017-09-23T13:36:28: 读取文件成功
2017-09-23T13:37:28: 读取文件成功
2017-09-23T13:38:28: 读取文件成功
2017-09-23T13:39:28: 读取文件成功
2017-09-23T13:40:28: 读取文件成功
2017-09-23T13:41:28: 读取文件成功
2017-09-23T13:42:28: 读取文件成功
2017-09-23T13:43:28: 读取文件成功
2017-09-23T13:44:28: 读取文件成功
2017-09-23T13:45:28: 读取文件成功
2017-09-23T13:46:28: 读取文件成功
2017-09-23T13:47:28: 读取文件成功
2017-09-23T13:48:28: 读取文件成功
2017-09-23T13:49:28: 读取文件成功
2017-09-23T13:50:28: 读取文件成功
2017-09-23T13:51:28: 读取文件成功
2017-09-23T13:52:28: 读取文件成功
2017-09-23T13:53:28: 读取文件成功
2017-09-23T13:54:28: 读取文件成功
2017-09-23T13:55:28: 读取文件成功
2017-09-23T13:56:28: 读取文件成功
2017-09-23T13:57:28: 读取文件成功
2017-09-23T13:58:28: 读取文件成功
2017-09-23T13:59:28: 读取文件成功
2017-09-23T14:00:28: 读取文件成功
2017-09-23T14:01:28: 读取文件成功
2017-09-23T14:02:28: 读取文件成功
2017-09-23T14:03:28: 读取文件成功
2017-09-23T14:04:28: 读取文件成功
2017-09-23T14:05:28: 读取文件成功
2017-09-23T14:06:28: 读取文件成功
2017-09-23T14:07:28: 读取文件成功
2017-09-23T14:08:28: 读取文件成功
2017-09-23T14:09:28: 读取文件成功
2017-09-23T14:10:28: 读取文件成功
2017-09-23T14:11:28: 读取文件成功
2017-09-23T14:12:28: 读取文件成功
2017-09-23T14:13:28: 读取文件成功
2017-09-23T14:14:28: 读取文件成功
2017-09-23T14:15:28: 读取文件成功
2017-09-23T14:16:28: 读取文件成功
2017-09-23T14:17:28: 读取文件成功
2017-09-23T14:19:28: 读取文件成功
2017-09-23T14:20:28: 读取文件成功
2017-09-23T14:21:28: 读取文件成功
2017-09-23T14:22:28: 读取文件成功
2017-09-23T14:23:28: 读取文件成功
2017-09-23T14:24:28: 读取文件成功
2017-09-23T14:25:28: 读取文件成功
2017-09-23T14:26:28: 读取文件成功
2017-09-23T14:27:28: 读取文件成功
2017-09-23T14:28:28: 读取文件成功
2017-09-23T14:29:28: 读取文件成功
2017-09-23T14:30:28: 读取文件成功
2017-09-23T14:31:28: 读取文件成功
2017-09-23T14:32:28: 读取文件成功
2017-09-23T14:33:28: 读取文件成功
2017-09-23T14:34:28: 读取文件成功
2017-09-23T14:35:28: 读取文件成功
2017-09-23T14:36:28: 读取文件成功
2017-09-23T14:37:28: 读取文件成功
2017-09-23T14:38:28: 读取文件成功
2017-09-23T14:39:28: 读取文件成功
2017-09-23T14:40:28: 读取文件成功
2017-09-23T14:41:28: 读取文件成功
2017-09-23T14:42:28: 读取文件成功
2017-09-23T14:43:28: 读取文件成功
2017-09-23T14:44:28: 读取文件成功
2017-09-23T14:45:28: 读取文件成功
2017-09-23T14:46:28: 读取文件成功
2017-09-23T14:47:28: 读取文件成功
2017-09-23T14:48:28: 读取文件成功
2017-09-23T14:49:28: 读取文件成功
2017-09-23T14:50:28: 读取文件成功
2017-09-23T14:51:28: 读取文件成功
2017-09-23T14:52:28: 读取文件成功
2017-09-23T14:53:29: 读取文件成功
2017-09-23T14:54:28: 读取文件成功
2017-09-23T14:55:28: 读取文件成功
2017-09-23T14:56:28: 读取文件成功
2017-09-23T14:57:28: 读取文件成功
2017-09-23T14:58:28: 读取文件成功
2017-09-23T14:59:29: 读取文件成功
2017-09-23T15:00:28: 读取文件成功
2017-09-23T15:01:28: 读取文件成功
2017-09-23T15:02:29: 读取文件成功
2017-09-23T15:03:29: 读取文件成功
2017-09-23T15:04:29: 读取文件成功
2017-09-23T15:05:29: 读取文件成功
2017-09-23T15:06:29: 读取文件成功
2017-09-23T15:07:29: 读取文件成功
2017-09-23T15:08:29: 读取文件成功
2017-09-23T15:09:29: 读取文件成功
2017-09-23T15:10:29: 读取文件成功
2017-09-23T15:11:29: 读取文件成功
2017-09-23T15:12:29: 读取文件成功
2017-09-23T15:13:29: 读取文件成功
2017-09-23T15:14:29: 读取文件成功
2017-09-23T15:15:29: 读取文件成功
2017-09-23T15:16:29: 读取文件成功
2017-09-23T15:17:29: 读取文件成功
2017-09-23T15:18:29: 读取文件成功
2017-09-23T15:19:29: 读取文件成功
2017-09-23T15:20:29: 读取文件成功
2017-09-23T15:21:29: 读取文件成功
2017-09-23T15:22:29: 读取文件成功
2017-09-23T15:23:29: 读取文件成功
2017-09-23T15:24:29: 读取文件成功
2017-09-23T15:25:29: 读取文件成功
2017-09-23T15:26:29: 读取文件成功
2017-09-23T15:27:29: 读取文件成功
2017-09-23T15:28:29: 读取文件成功
2017-09-23T15:29:29: 读取文件成功
2017-09-23T15:30:29: 读取文件成功
2017-09-23T15:31:30: 读取文件成功
2017-09-23T15:32:29: 读取文件成功
2017-09-23T15:33:29: 读取文件成功
2017-09-23T15:34:29: 读取文件成功
2017-09-23T15:35:29: 读取文件成功
2017-09-23T15:36:29: 读取文件成功
2017-09-23T15:37:29: 读取文件成功
2017-09-23T15:38:29: 读取文件成功
2017-09-23T15:39:29: 读取文件成功
2017-09-23T15:40:29: 读取文件成功
2017-09-23T15:41:29: 读取文件成功
2017-09-23T15:42:29: 读取文件成功
2017-09-23T15:43:29: 读取文件成功
2017-09-23T15:44:29: 读取文件成功
2017-09-23T15:45:29: 读取文件成功
2017-09-23T15:46:29: 读取文件成功
2017-09-23T15:47:29: 读取文件成功
2017-09-23T15:48:29: 读取文件成功
2017-09-23T15:49:29: 读取文件成功
2017-09-23T15:50:29: 读取文件成功
2017-09-23T15:51:29: 读取文件成功
2017-09-23T15:52:29: 读取文件成功
2017-09-23T15:53:29: 读取文件成功
2017-09-23T15:54:29: 读取文件成功
2017-09-23T15:55:30: 读取文件成功
2017-09-23T15:56:29: 读取文件成功
2017-09-23T15:57:29: 读取文件成功
2017-09-23T15:58:29: 读取文件成功
2017-09-23T15:59:29: 读取文件成功
2017-09-23T16:00:29: 读取文件成功
2017-09-23T16:01:29: 读取文件成功
2017-09-23T16:02:29: 读取文件成功
2017-09-23T16:03:29: 读取文件成功
2017-09-23T16:04:29: 读取文件成功
2017-09-23T16:05:29: 读取文件成功
2017-09-23T16:06:29: 读取文件成功
2017-09-23T16:07:29: 读取文件成功
2017-09-23T16:08:29: 读取文件成功
2017-09-23T16:09:29: 读取文件成功
2017-09-23T16:10:30: 读取文件成功
2017-09-23T16:11:29: 读取文件成功
2017-09-23T16:12:29: 读取文件成功
2017-09-23T16:13:29: 读取文件成功
2017-09-23T16:14:29: 读取文件成功
2017-09-23T16:15:29: 读取文件成功
2017-09-23T16:16:30: 读取文件成功
2017-09-23T16:17:29: 读取文件成功
2017-09-23T16:18:29: 读取文件成功
2017-09-23T16:19:29: 读取文件成功
2017-09-23T16:20:29: 读取文件成功
2017-09-23T16:21:29: 读取文件成功
2017-09-23T16:22:30: 读取文件成功
2017-09-23T16:23:29: 读取文件成功
2017-09-23T16:24:29: 读取文件成功
2017-09-23T16:25:31: 读取文件成功
2017-09-23T16:26:29: 读取文件成功
2017-09-23T16:27:29: 读取文件成功
2017-09-23T16:28:30: 读取文件成功
2017-09-23T16:29:30: 读取文件成功
2017-09-23T16:30:29: 读取文件成功
2017-09-23T16:31:29: 读取文件成功
2017-09-23T16:32:30: 读取文件成功
2017-09-23T16:33:30: 读取文件成功
2017-09-23T16:34:30: 读取文件成功
2017-09-23T16:35:30: 读取文件成功
2017-09-23T16:36:30: 读取文件成功
2017-09-23T16:37:30: 读取文件成功
2017-09-23T16:38:30: 读取文件成功
2017-09-23T16:39:30: 读取文件成功
2017-09-23T16:40:30: 读取文件成功
2017-09-23T16:41:30: 读取文件成功
2017-09-23T16:42:30: 读取文件成功
2017-09-23T16:43:30: 读取文件成功
2017-09-23T16:44:30: 读取文件成功
2017-09-23T16:45:30: 读取文件成功
2017-09-23T16:46:30: 读取文件成功
2017-09-23T16:47:30: 读取文件成功
2017-09-23T16:48:30: 读取文件成功
2017-09-23T16:49:30: 读取文件成功
2017-09-23T16:50:30: 读取文件成功
2017-09-23T16:51:30: 读取文件成功
2017-09-23T16:52:30: 读取文件成功
2017-09-23T16:53:30: 读取文件成功
2017-09-23T16:54:30: 读取文件成功
2017-09-23T16:55:30: 读取文件成功
2017-09-23T16:56:30: 读取文件成功
2017-09-23T16:57:30: 读取文件成功
2017-09-23T16:58:30: 读取文件成功
2017-09-23T16:59:30: 读取文件成功
2017-09-23T17:00:30: 读取文件成功
2017-09-23T17:01:30: 读取文件成功
2017-09-23T17:02:30: 读取文件成功
2017-09-23T17:03:30: 读取文件成功
2017-09-23T17:04:30: 读取文件成功
2017-09-23T17:05:30: 读取文件成功
2017-09-23T17:06:30: 读取文件成功
2017-09-23T17:07:30: 读取文件成功
2017-09-23T17:08:30: 读取文件成功
2017-09-23T17:09:30: 读取文件成功
2017-09-23T17:10:30: 读取文件成功
2017-09-23T17:11:30: 读取文件成功
2017-09-23T17:12:30: 读取文件成功
2017-09-23T17:13:30: 读取文件成功
2017-09-23T17:14:30: 读取文件成功
2017-09-23T17:15:30: 读取文件成功
2017-09-23T17:16:30: 读取文件成功
2017-09-23T17:17:30: 读取文件成功
2017-09-23T17:18:30: 读取文件成功
2017-09-23T17:19:33: 读取文件成功
2017-09-23T17:20:30: 读取文件成功
2017-09-23T17:21:30: 读取文件成功
2017-09-23T17:22:30: 读取文件成功
2017-09-23T17:23:35: 读取文件成功
2017-09-23T17:24:30: 读取文件成功
2017-09-23T17:25:30: 读取文件成功
2017-09-23T17:26:30: 读取文件成功
2017-09-23T17:27:30: 读取文件成功
2017-09-23T17:28:31: 读取文件成功
2017-09-23T17:29:30: 读取文件成功
2017-09-23T17:30:30: 读取文件成功
2017-09-23T17:31:30: 读取文件成功
2017-09-23T17:35:39: 读取文件成功
2017-09-23T17:44:30: 读取文件成功
2017-09-23T17:44:33: 读取文件成功
2017-09-23T17:47:52: 读取文件成功
2017-09-23T17:48:30: 读取文件成功
2017-09-23T17:49:30: 读取文件成功
2017-09-23T17:50:30: 读取文件成功
2017-09-23T17:51:30: 读取文件成功
2017-09-23T17:52:30: 读取文件成功
2017-09-23T17:53:31: 读取文件成功
2017-09-23T17:54:30: 读取文件成功
2017-09-23T18:00:02: 读取文件成功
2017-09-23T18:00:30: 读取文件成功
2017-09-23T18:01:30: 读取文件成功
2017-09-23T18:02:31: 读取文件成功
2017-09-23T18:03:30: 读取文件成功
2017-09-23T18:04:30: 读取文件成功
2017-09-23T18:05:31: 读取文件成功
2017-09-23T18:06:30: 读取文件成功
2017-09-23T18:07:30: 读取文件成功
2017-09-23T18:08:30: 读取文件成功
2017-09-23T18:09:30: 读取文件成功
2017-09-23T18:10:30: 读取文件成功
2017-09-23T18:11:31: 读取文件成功
2017-09-23T18:12:31: 读取文件成功
2017-09-23T18:13:30: 读取文件成功
2017-09-23T18:14:31: 读取文件成功
2017-09-23T18:15:31: 读取文件成功
2017-09-23T18:16:31: 读取文件成功
2017-09-23T18:17:31: 读取文件成功
2017-09-23T18:18:32: 读取文件成功
2017-09-23T18:19:31: 读取文件成功
2017-09-23T18:20:31: 读取文件成功
2017-09-23T18:21:31: 读取文件成功
2017-09-23T18:22:31: 读取文件成功
2017-09-23T18:23:31: 读取文件成功
2017-09-23T18:24:31: 读取文件成功
2017-09-23T18:25:31: 读取文件成功
2017-09-23T18:26:31: 读取文件成功
2017-09-23T18:27:31: 读取文件成功
2017-09-23T18:28:31: 读取文件成功
2017-09-23T18:29:31: 读取文件成功
2017-09-23T18:30:31: 读取文件成功
2017-09-23T18:31:31: 读取文件成功
2017-09-23T18:32:31: 读取文件成功
2017-09-23T18:33:31: 读取文件成功
2017-09-23T18:34:31: 读取文件成功
2017-09-23T18:35:31: 读取文件成功
2017-09-23T18:36:31: 读取文件成功
2017-09-23T18:37:31: 读取文件成功
2017-09-23T18:38:31: 读取文件成功
2017-09-23T18:39:31: 读取文件成功
2017-09-23T18:40:31: 读取文件成功
2017-09-23T18:41:31: 读取文件成功
2017-09-23T18:42:31: 读取文件成功
2017-09-23T18:43:31: 读取文件成功
2017-09-23T18:44:31: 读取文件成功
2017-09-23T18:45:31: 读取文件成功
2017-09-23T18:46:31: 读取文件成功
2017-09-23T18:47:31: 读取文件成功
2017-09-23T18:48:31: 读取文件成功
2017-09-23T18:49:31: 读取文件成功
2017-09-23T18:50:31: 读取文件成功
2017-09-23T18:51:31: 读取文件成功
2017-09-23T18:52:31: 读取文件成功
2017-09-23T18:53:31: 读取文件成功
2017-09-23T18:54:31: 读取文件成功
2017-09-23T18:55:31: 读取文件成功
2017-09-23T18:56:31: 读取文件成功
2017-09-23T18:57:32: 读取文件成功
2017-09-23T18:58:31: 读取文件成功
2017-09-23T18:59:31: 读取文件成功
2017-09-23T19:00:31: 读取文件成功
2017-09-23T19:01:31: 读取文件成功
2017-09-23T19:02:31: 读取文件成功
2017-09-23T19:03:32: 读取文件成功
2017-09-23T19:04:31: 读取文件成功
2017-09-23T19:05:33: 读取文件成功
2017-09-23T19:06:31: 读取文件成功
2017-09-23T19:07:31: 读取文件成功
2017-09-23T19:08:31: 读取文件成功
2017-09-23T19:09:31: 读取文件成功
2017-09-23T19:10:31: 读取文件成功
2017-09-23T19:11:31: 读取文件成功
2017-09-23T19:12:31: 读取文件成功
2017-09-23T19:13:31: 读取文件成功
2017-09-23T19:15:17: 读取文件成功
2017-09-23T19:15:31: 读取文件成功
2017-09-23T19:16:31: 读取文件成功
2017-09-23T19:17:31: 读取文件成功
2017-09-23T19:18:31: 读取文件成功
2017-09-23T19:19:31: 读取文件成功
2017-09-23T19:20:31: 读取文件成功
2017-09-23T19:21:31: 读取文件成功
2017-09-23T19:22:31: 读取文件成功
2017-09-23T19:23:31: 读取文件成功
2017-09-23T19:24:31: 读取文件成功
2017-09-23T19:25:31: 读取文件成功
2017-09-23T19:26:31: 读取文件成功
2017-09-23T19:27:31: 读取文件成功
2017-09-23T19:28:31: 读取文件成功
2017-09-23T19:29:31: 读取文件成功
2017-09-23T19:30:31: 读取文件成功
2017-09-23T19:31:31: 读取文件成功
2017-09-23T19:32:31: 读取文件成功
2017-09-23T19:33:31: 读取文件成功
2017-09-23T19:34:31: 读取文件成功
2017-09-23T19:35:31: 读取文件成功
2017-09-23T19:36:31: 读取文件成功
2017-09-23T19:37:31: 读取文件成功
2017-09-23T19:38:32: 读取文件成功
2017-09-23T19:39:31: 读取文件成功
2017-09-23T19:40:31: 读取文件成功
2017-09-23T19:41:31: 读取文件成功
2017-09-23T19:42:31: 读取文件成功
2017-09-23T19:43:31: 读取文件成功
2017-09-23T19:44:32: 读取文件成功
2017-09-23T19:45:32: 读取文件成功
2017-09-23T19:46:32: 读取文件成功
2017-09-23T19:47:31: 读取文件成功
2017-09-23T19:48:31: 读取文件成功
2017-09-23T19:49:31: 读取文件成功
2017-09-23T19:50:38: 读取文件成功
2017-09-23T19:51:31: 读取文件成功
2017-09-23T19:52:31: 读取文件成功
2017-09-23T19:53:31: 读取文件成功
2017-09-23T19:54:32: 读取文件成功
2017-09-23T19:55:32: 读取文件成功
2017-09-23T19:56:32: 读取文件成功
2017-09-23T19:57:32: 读取文件成功
2017-09-23T19:58:32: 读取文件成功
2017-09-23T19:59:32: 读取文件成功
2017-09-23T20:00:32: 读取文件成功
2017-09-23T20:01:32: 读取文件成功
2017-09-23T20:02:32: 读取文件成功
2017-09-23T20:03:32: 读取文件成功
2017-09-23T20:04:33: 读取文件成功
2017-09-23T20:05:32: 读取文件成功
2017-09-23T20:06:32: 读取文件成功
2017-09-23T20:07:32: 读取文件成功
2017-09-23T20:08:32: 读取文件成功
2017-09-23T20:09:32: 读取文件成功
2017-09-23T20:10:32: 读取文件成功
2017-09-23T20:11:32: 读取文件成功
2017-09-23T20:12:32: 读取文件成功
2017-09-23T20:13:32: 读取文件成功
2017-09-23T20:14:32: 读取文件成功
2017-09-23T20:15:32: 读取文件成功
2017-09-23T20:16:32: 读取文件成功
2017-09-23T20:17:32: 读取文件成功
2017-09-23T20:18:32: 读取文件成功
2017-09-23T20:19:32: 读取文件成功
2017-09-23T20:20:32: 读取文件成功
2017-09-23T20:21:32: 读取文件成功
2017-09-23T20:22:32: 读取文件成功
2017-09-23T20:23:32: 读取文件成功
2017-09-23T20:24:32: 读取文件成功
2017-09-23T20:25:32: 读取文件成功
2017-09-23T20:26:32: 读取文件成功
2017-09-23T20:27:32: 读取文件成功
2017-09-23T20:28:32: 读取文件成功
2017-09-23T20:29:32: 读取文件成功
2017-09-23T20:30:32: 读取文件成功
2017-09-23T20:31:32: 读取文件成功
2017-09-23T20:32:32: 读取文件成功
2017-09-23T20:33:32: 读取文件成功
2017-09-23T20:34:32: 读取文件成功
2017-09-23T20:35:32: 读取文件成功
2017-09-23T20:36:32: 读取文件成功
2017-09-23T20:37:32: 读取文件成功
2017-09-23T20:38:32: 读取文件成功
2017-09-23T20:39:32: 读取文件成功
2017-09-23T20:40:32: 读取文件成功
2017-09-23T20:41:32: 读取文件成功
2017-09-23T20:42:32: 读取文件成功
2017-09-23T20:43:32: 读取文件成功
2017-09-23T20:44:32: 读取文件成功
2017-09-23T20:45:32: 读取文件成功
2017-09-23T20:46:32: 读取文件成功
2017-09-23T20:47:32: 读取文件成功
2017-09-23T20:48:32: 读取文件成功
2017-09-23T20:49:33: 读取文件成功
2017-09-23T20:50:32: 读取文件成功
2017-09-23T20:51:32: 读取文件成功
2017-09-23T20:52:32: 读取文件成功
2017-09-23T20:53:32: 读取文件成功
2017-09-23T20:54:32: 读取文件成功
2017-09-23T20:55:32: 读取文件成功
2017-09-23T20:56:32: 读取文件成功
2017-09-23T20:57:33: 读取文件成功
2017-09-23T20:58:32: 读取文件成功
2017-09-23T20:59:32: 读取文件成功
2017-09-23T21:00:32: 读取文件成功
2017-09-23T21:01:33: 读取文件成功
2017-09-23T21:02:32: 读取文件成功
2017-09-23T21:03:32: 读取文件成功
2017-09-23T21:04:32: 读取文件成功
2017-09-23T21:05:32: 读取文件成功
2017-09-23T21:06:32: 读取文件成功
2017-09-23T21:07:33: 读取文件成功
2017-09-23T21:08:32: 读取文件成功
2017-09-23T21:09:32: 读取文件成功
2017-09-23T21:10:32: 读取文件成功
2017-09-23T21:11:32: 读取文件成功
2017-09-23T21:12:32: 读取文件成功
2017-09-23T21:13:32: 读取文件成功
2017-09-23T21:14:32: 读取文件成功
2017-09-23T21:15:32: 读取文件成功
2017-09-23T21:16:32: 读取文件成功
2017-09-23T21:17:32: 读取文件成功
2017-09-23T21:18:32: 读取文件成功
2017-09-23T21:19:33: 读取文件成功
2017-09-23T21:20:32: 读取文件成功
2017-09-23T21:21:32: 读取文件成功
2017-09-23T21:22:32: 读取文件成功
2017-09-23T21:23:32: 读取文件成功
2017-09-23T21:24:32: 读取文件成功
2017-09-23T21:25:33: 读取文件成功
2017-09-23T21:26:32: 读取文件成功
2017-09-23T21:27:32: 读取文件成功
2017-09-23T21:28:33: 读取文件成功
2017-09-23T21:29:32: 读取文件成功
2017-09-23T21:30:33: 读取文件成功
2017-09-23T21:31:33: 读取文件成功
2017-09-23T21:32:32: 读取文件成功
2017-09-23T21:33:33: 读取文件成功
2017-09-23T21:34:33: 读取文件成功
2017-09-23T21:35:33: 读取文件成功
2017-09-23T21:36:33: 读取文件成功
2017-09-23T21:37:33: 读取文件成功
2017-09-23T21:38:33: 读取文件成功
2017-09-23T21:39:33: 读取文件成功
2017-09-23T21:40:33: 读取文件成功
2017-09-23T21:41:33: 读取文件成功
2017-09-23T21:42:33: 读取文件成功
2017-09-23T21:43:33: 读取文件成功
2017-09-23T21:44:33: 读取文件成功
2017-09-23T21:45:33: 读取文件成功
2017-09-23T21:46:33: 读取文件成功
2017-09-23T21:47:33: 读取文件成功
2017-09-23T21:48:33: 读取文件成功
2017-09-23T21:49:33: 读取文件成功
2017-09-23T21:50:33: 读取文件成功
2017-09-23T21:51:33: 读取文件成功
2017-09-23T21:52:33: 读取文件成功
2017-09-23T21:53:33: 读取文件成功
2017-09-23T21:54:34: 读取文件成功
2017-09-23T21:55:33: 读取文件成功
2017-09-23T21:56:33: 读取文件成功
2017-09-23T21:57:34: 读取文件成功
2017-09-23T21:58:34: 读取文件成功
2017-09-23T21:59:33: 读取文件成功
2017-09-23T22:00:33: 读取文件成功
2017-09-23T22:01:33: 读取文件成功
2017-09-23T22:02:33: 读取文件成功
2017-09-23T22:03:33: 读取文件成功
2017-09-23T22:04:33: 读取文件成功
2017-09-23T22:05:33: 读取文件成功
2017-09-23T22:06:33: 读取文件成功
2017-09-23T22:07:33: 读取文件成功
2017-09-23T22:08:33: 读取文件成功
2017-09-23T22:09:33: 读取文件成功
2017-09-23T22:10:33: 读取文件成功
2017-09-23T22:11:33: 读取文件成功
2017-09-23T22:12:33: 读取文件成功
2017-09-23T22:13:33: 读取文件成功
2017-09-23T22:14:33: 读取文件成功
2017-09-23T22:15:33: 读取文件成功
2017-09-23T22:16:33: 读取文件成功
2017-09-23T22:17:33: 读取文件成功
2017-09-23T22:18:33: 读取文件成功
2017-09-23T22:19:33: 读取文件成功
2017-09-23T22:20:33: 读取文件成功
2017-09-23T22:21:33: 读取文件成功
2017-09-23T22:22:33: 读取文件成功
2017-09-23T22:23:33: 读取文件成功
2017-09-23T22:24:34: 读取文件成功
2017-09-23T22:25:33: 读取文件成功
2017-09-23T22:26:33: 读取文件成功
2017-09-23T22:27:33: 读取文件成功
2017-09-23T22:28:34: 读取文件成功
2017-09-23T22:29:33: 读取文件成功
2017-09-23T22:30:33: 读取文件成功
2017-09-23T22:31:33: 读取文件成功
2017-09-23T22:32:33: 读取文件成功
2017-09-23T22:33:33: 读取文件成功
2017-09-23T22:34:33: 读取文件成功
2017-09-23T22:35:33: 读取文件成功
2017-09-23T22:36:33: 读取文件成功
2017-09-23T22:37:33: 读取文件成功
2017-09-23T22:48:17: 读取文件成功
2017-09-23T22:48:33: 读取文件成功
2017-09-23T22:49:34: 读取文件成功
2017-09-23T22:50:33: 读取文件成功
2017-09-23T22:51:33: 读取文件成功
2017-09-23T22:52:33: 读取文件成功
2017-09-23T22:53:33: 读取文件成功
2017-09-23T22:54:33: 读取文件成功
2017-09-23T22:55:34: 读取文件成功
2017-09-23T22:56:33: 读取文件成功
2017-09-23T22:58:34: 读取文件成功
2017-09-23T23:01:33: 读取文件成功
2017-09-23T23:02:11: 读取文件成功
2017-09-23T23:02:33: 读取文件成功
2017-09-23T23:03:48: 读取文件成功
2017-09-23T23:05:34: 读取文件成功
2017-09-23T23:05:37: 读取文件成功
2017-09-23T23:06:33: 读取文件成功
2017-09-23T23:09:20: 读取文件成功
2017-09-23T23:10:55: 读取文件成功
2017-09-23T23:11:12: 读取文件成功
2017-09-23T23:16:05: 读取文件成功
2017-09-23T23:18:38: 读取文件成功
2017-09-23T23:18:41: 读取文件成功
2017-09-23T23:19:34: 读取文件成功
2017-09-23T23:20:34: 读取文件成功
2017-09-23T23:40:06: 读取文件成功
2017-09-23T23:40:34: 读取文件成功
2017-09-23T23:42:19: 读取文件成功
2017-09-23T23:42:34: 读取文件成功
2017-09-23T23:43:34: 读取文件成功
2017-09-23T23:44:34: 读取文件成功
2017-09-23T23:45:34: 读取文件成功
2017-09-23T23:46:34: 读取文件成功
2017-09-23T23:47:34: 读取文件成功
2017-09-23T23:48:34: 读取文件成功
2017-09-23T23:49:34: 读取文件成功
2017-09-23T23:50:33: 非记录时间：2017-09-23T23:50:33+08:00
2017-09-23T23:51:33: 非记录时间：2017-09-23T23:51:33+08:00
2017-09-23T23:52:33: 非记录时间：2017-09-23T23:52:33+08:00
2017-09-23T23:53:33: 非记录时间：2017-09-23T23:53:33+08:00
2017-09-23T23:54:33: 非记录时间：2017-09-23T23:54:33+08:00
2017-09-23T23:55:33: 非记录时间：2017-09-23T23:55:33+08:00
2017-09-23T23:56:33: 非记录时间：2017-09-23T23:56:33+08:00
2017-09-23T23:57:33: 非记录时间：2017-09-23T23:57:33+08:00
2017-09-23T23:58:33: 非记录时间：2017-09-23T23:58:33+08:00
2017-09-23T23:59:33: 非记录时间：2017-09-23T23:59:33+08:00
