2017-02-08T00:00:04: 非记录时间：2017-02-08T00:00:04+08:00
2017-02-08T00:00:14: 非记录时间：2017-02-08T00:00:14+08:00
2017-02-08T00:00:24: 非记录时间：2017-02-08T00:00:24+08:00
2017-02-08T00:00:34: 非记录时间：2017-02-08T00:00:34+08:00
2017-02-08T00:00:44: 非记录时间：2017-02-08T00:00:44+08:00
2017-02-08T00:00:54: 非记录时间：2017-02-08T00:00:54+08:00
2017-02-08T00:01:04: 非记录时间：2017-02-08T00:01:04+08:00
2017-02-08T00:01:14: 非记录时间：2017-02-08T00:01:14+08:00
2017-02-08T00:01:24: 非记录时间：2017-02-08T00:01:24+08:00
2017-02-08T00:01:34: 非记录时间：2017-02-08T00:01:34+08:00
2017-02-08T00:01:44: 非记录时间：2017-02-08T00:01:44+08:00
2017-02-08T00:01:54: 非记录时间：2017-02-08T00:01:54+08:00
2017-02-08T00:02:04: 非记录时间：2017-02-08T00:02:04+08:00
2017-02-08T00:02:14: 非记录时间：2017-02-08T00:02:14+08:00
2017-02-08T00:02:24: 非记录时间：2017-02-08T00:02:24+08:00
2017-02-08T00:02:34: 非记录时间：2017-02-08T00:02:34+08:00
2017-02-08T00:02:44: 非记录时间：2017-02-08T00:02:44+08:00
2017-02-08T00:02:54: 非记录时间：2017-02-08T00:02:54+08:00
2017-02-08T00:03:04: 非记录时间：2017-02-08T00:03:04+08:00
2017-02-08T00:03:14: 非记录时间：2017-02-08T00:03:14+08:00
2017-02-08T00:03:24: 非记录时间：2017-02-08T00:03:24+08:00
2017-02-08T00:03:34: 非记录时间：2017-02-08T00:03:34+08:00
2017-02-08T00:03:44: 非记录时间：2017-02-08T00:03:44+08:00
2017-02-08T00:03:54: 非记录时间：2017-02-08T00:03:54+08:00
2017-02-08T00:04:04: 非记录时间：2017-02-08T00:04:04+08:00
2017-02-08T00:04:14: 非记录时间：2017-02-08T00:04:14+08:00
2017-02-08T00:04:24: 非记录时间：2017-02-08T00:04:24+08:00
2017-02-08T00:04:34: 非记录时间：2017-02-08T00:04:34+08:00
2017-02-08T00:04:44: 非记录时间：2017-02-08T00:04:44+08:00
2017-02-08T00:04:54: 非记录时间：2017-02-08T00:04:54+08:00
2017-02-08T00:05:04: 非记录时间：2017-02-08T00:05:04+08:00
2017-02-08T00:05:14: 非记录时间：2017-02-08T00:05:14+08:00
2017-02-08T00:05:24: 非记录时间：2017-02-08T00:05:24+08:00
2017-02-08T00:05:34: 非记录时间：2017-02-08T00:05:34+08:00
2017-02-08T00:05:44: 非记录时间：2017-02-08T00:05:44+08:00
2017-02-08T00:05:54: 非记录时间：2017-02-08T00:05:54+08:00
2017-02-08T00:06:04: 非记录时间：2017-02-08T00:06:04+08:00
2017-02-08T00:06:14: 非记录时间：2017-02-08T00:06:14+08:00
2017-02-08T00:06:24: 非记录时间：2017-02-08T00:06:24+08:00
2017-02-08T00:06:34: 非记录时间：2017-02-08T00:06:34+08:00
2017-02-08T00:06:44: 非记录时间：2017-02-08T00:06:44+08:00
2017-02-08T00:06:54: 非记录时间：2017-02-08T00:06:54+08:00
2017-02-08T00:07:04: 非记录时间：2017-02-08T00:07:04+08:00
2017-02-08T00:07:14: 非记录时间：2017-02-08T00:07:14+08:00
2017-02-08T00:07:24: 非记录时间：2017-02-08T00:07:24+08:00
2017-02-08T00:07:34: 非记录时间：2017-02-08T00:07:34+08:00
2017-02-08T00:07:44: 非记录时间：2017-02-08T00:07:44+08:00
2017-02-08T00:07:54: 非记录时间：2017-02-08T00:07:54+08:00
2017-02-08T00:08:04: 非记录时间：2017-02-08T00:08:04+08:00
2017-02-08T00:08:14: 非记录时间：2017-02-08T00:08:14+08:00
2017-02-08T00:08:24: 非记录时间：2017-02-08T00:08:24+08:00
2017-02-08T00:08:34: 非记录时间：2017-02-08T00:08:34+08:00
2017-02-08T00:08:44: 非记录时间：2017-02-08T00:08:44+08:00
2017-02-08T00:08:54: 非记录时间：2017-02-08T00:08:54+08:00
2017-02-08T00:09:04: 非记录时间：2017-02-08T00:09:04+08:00
2017-02-08T00:09:14: 非记录时间：2017-02-08T00:09:14+08:00
2017-02-08T00:09:24: 非记录时间：2017-02-08T00:09:24+08:00
2017-02-08T00:09:34: 非记录时间：2017-02-08T00:09:34+08:00
2017-02-08T00:09:44: 非记录时间：2017-02-08T00:09:44+08:00
2017-02-08T00:09:54: 非记录时间：2017-02-08T00:09:54+08:00
2017-02-08T00:10:04: 非记录时间：2017-02-08T00:10:04+08:00
2017-02-08T00:10:14: 非记录时间：2017-02-08T00:10:14+08:00
2017-02-08T00:10:24: 非记录时间：2017-02-08T00:10:24+08:00
2017-02-08T00:10:34: 非记录时间：2017-02-08T00:10:34+08:00
2017-02-08T00:10:44: 非记录时间：2017-02-08T00:10:44+08:00
2017-02-08T00:10:54: 非记录时间：2017-02-08T00:10:54+08:00
2017-02-08T00:11:04: 非记录时间：2017-02-08T00:11:04+08:00
2017-02-08T00:11:14: 非记录时间：2017-02-08T00:11:14+08:00
2017-02-08T00:11:24: 非记录时间：2017-02-08T00:11:24+08:00
2017-02-08T00:11:34: 非记录时间：2017-02-08T00:11:34+08:00
2017-02-08T00:11:44: 非记录时间：2017-02-08T00:11:44+08:00
2017-02-08T00:11:54: 非记录时间：2017-02-08T00:11:54+08:00
2017-02-08T00:12:04: 非记录时间：2017-02-08T00:12:04+08:00
2017-02-08T00:12:14: 非记录时间：2017-02-08T00:12:14+08:00
2017-02-08T00:12:24: 非记录时间：2017-02-08T00:12:24+08:00
2017-02-08T00:12:34: 非记录时间：2017-02-08T00:12:34+08:00
2017-02-08T00:12:44: 非记录时间：2017-02-08T00:12:44+08:00
2017-02-08T00:12:54: 非记录时间：2017-02-08T00:12:54+08:00
2017-02-08T00:13:04: 非记录时间：2017-02-08T00:13:04+08:00
2017-02-08T00:13:14: 非记录时间：2017-02-08T00:13:14+08:00
2017-02-08T00:13:24: 非记录时间：2017-02-08T00:13:24+08:00
2017-02-08T00:13:34: 非记录时间：2017-02-08T00:13:34+08:00
2017-02-08T00:13:44: 非记录时间：2017-02-08T00:13:44+08:00
2017-02-08T00:13:54: 非记录时间：2017-02-08T00:13:54+08:00
2017-02-08T00:14:04: 非记录时间：2017-02-08T00:14:04+08:00
2017-02-08T00:14:14: 非记录时间：2017-02-08T00:14:14+08:00
2017-02-08T00:14:24: 非记录时间：2017-02-08T00:14:24+08:00
2017-02-08T00:14:34: 非记录时间：2017-02-08T00:14:34+08:00
2017-02-08T00:14:44: 非记录时间：2017-02-08T00:14:44+08:00
2017-02-08T00:14:54: 非记录时间：2017-02-08T00:14:54+08:00
2017-02-08T00:15:04: 非记录时间：2017-02-08T00:15:04+08:00
2017-02-08T00:15:14: 非记录时间：2017-02-08T00:15:14+08:00
2017-02-08T00:15:24: 非记录时间：2017-02-08T00:15:24+08:00
2017-02-08T00:15:34: 非记录时间：2017-02-08T00:15:34+08:00
2017-02-08T00:15:44: 非记录时间：2017-02-08T00:15:44+08:00
2017-02-08T00:15:54: 非记录时间：2017-02-08T00:15:54+08:00
2017-02-08T00:16:04: 非记录时间：2017-02-08T00:16:04+08:00
2017-02-08T00:16:14: 非记录时间：2017-02-08T00:16:14+08:00
2017-02-08T00:16:24: 非记录时间：2017-02-08T00:16:24+08:00
2017-02-08T00:16:34: 非记录时间：2017-02-08T00:16:34+08:00
2017-02-08T00:16:44: 非记录时间：2017-02-08T00:16:44+08:00
2017-02-08T00:16:54: 非记录时间：2017-02-08T00:16:54+08:00
2017-02-08T00:17:04: 非记录时间：2017-02-08T00:17:04+08:00
2017-02-08T00:17:14: 非记录时间：2017-02-08T00:17:14+08:00
2017-02-08T00:17:24: 非记录时间：2017-02-08T00:17:24+08:00
2017-02-08T00:17:34: 非记录时间：2017-02-08T00:17:34+08:00
2017-02-08T00:17:44: 非记录时间：2017-02-08T00:17:44+08:00
2017-02-08T00:17:54: 非记录时间：2017-02-08T00:17:54+08:00
2017-02-08T00:18:04: 非记录时间：2017-02-08T00:18:04+08:00
2017-02-08T00:18:14: 非记录时间：2017-02-08T00:18:14+08:00
2017-02-08T00:18:24: 非记录时间：2017-02-08T00:18:24+08:00
2017-02-08T00:18:34: 非记录时间：2017-02-08T00:18:34+08:00
2017-02-08T00:18:44: 非记录时间：2017-02-08T00:18:44+08:00
2017-02-08T00:18:54: 非记录时间：2017-02-08T00:18:54+08:00
2017-02-08T00:19:04: 非记录时间：2017-02-08T00:19:04+08:00
2017-02-08T00:19:14: 非记录时间：2017-02-08T00:19:14+08:00
2017-02-08T00:19:24: 非记录时间：2017-02-08T00:19:24+08:00
2017-02-08T00:19:34: 非记录时间：2017-02-08T00:19:34+08:00
2017-02-08T00:19:44: 非记录时间：2017-02-08T00:19:44+08:00
2017-02-08T00:19:54: 非记录时间：2017-02-08T00:19:54+08:00
2017-02-08T00:20:04: 非记录时间：2017-02-08T00:20:04+08:00
2017-02-08T00:20:14: 非记录时间：2017-02-08T00:20:14+08:00
2017-02-08T00:20:24: 非记录时间：2017-02-08T00:20:24+08:00
2017-02-08T00:20:34: 非记录时间：2017-02-08T00:20:34+08:00
2017-02-08T00:20:44: 非记录时间：2017-02-08T00:20:44+08:00
2017-02-08T00:20:54: 非记录时间：2017-02-08T00:20:54+08:00
2017-02-08T00:21:04: 非记录时间：2017-02-08T00:21:04+08:00
2017-02-08T00:21:14: 非记录时间：2017-02-08T00:21:14+08:00
2017-02-08T00:21:24: 非记录时间：2017-02-08T00:21:24+08:00
2017-02-08T00:21:34: 非记录时间：2017-02-08T00:21:34+08:00
2017-02-08T00:21:44: 非记录时间：2017-02-08T00:21:44+08:00
2017-02-08T00:21:54: 非记录时间：2017-02-08T00:21:54+08:00
2017-02-08T00:22:04: 非记录时间：2017-02-08T00:22:04+08:00
2017-02-08T00:22:14: 非记录时间：2017-02-08T00:22:14+08:00
2017-02-08T00:22:24: 非记录时间：2017-02-08T00:22:24+08:00
2017-02-08T00:22:34: 非记录时间：2017-02-08T00:22:34+08:00
2017-02-08T00:22:44: 非记录时间：2017-02-08T00:22:44+08:00
2017-02-08T00:22:54: 非记录时间：2017-02-08T00:22:54+08:00
2017-02-08T00:23:04: 非记录时间：2017-02-08T00:23:04+08:00
2017-02-08T00:23:14: 非记录时间：2017-02-08T00:23:14+08:00
2017-02-08T00:23:24: 非记录时间：2017-02-08T00:23:24+08:00
2017-02-08T00:23:34: 非记录时间：2017-02-08T00:23:34+08:00
2017-02-08T00:23:44: 非记录时间：2017-02-08T00:23:44+08:00
2017-02-08T00:23:54: 非记录时间：2017-02-08T00:23:54+08:00
2017-02-08T00:24:04: 非记录时间：2017-02-08T00:24:04+08:00
2017-02-08T00:24:14: 非记录时间：2017-02-08T00:24:14+08:00
2017-02-08T00:24:24: 非记录时间：2017-02-08T00:24:24+08:00
2017-02-08T00:24:34: 非记录时间：2017-02-08T00:24:34+08:00
2017-02-08T00:24:44: 非记录时间：2017-02-08T00:24:44+08:00
2017-02-08T00:24:54: 非记录时间：2017-02-08T00:24:54+08:00
2017-02-08T00:25:04: 非记录时间：2017-02-08T00:25:04+08:00
2017-02-08T00:25:14: 非记录时间：2017-02-08T00:25:14+08:00
2017-02-08T00:25:24: 非记录时间：2017-02-08T00:25:24+08:00
2017-02-08T00:25:34: 非记录时间：2017-02-08T00:25:34+08:00
2017-02-08T00:25:44: 非记录时间：2017-02-08T00:25:44+08:00
2017-02-08T00:25:54: 非记录时间：2017-02-08T00:25:54+08:00
2017-02-08T00:26:04: 非记录时间：2017-02-08T00:26:04+08:00
2017-02-08T00:26:14: 非记录时间：2017-02-08T00:26:14+08:00
2017-02-08T00:26:24: 非记录时间：2017-02-08T00:26:24+08:00
2017-02-08T00:26:34: 非记录时间：2017-02-08T00:26:34+08:00
2017-02-08T00:26:44: 非记录时间：2017-02-08T00:26:44+08:00
2017-02-08T00:26:54: 非记录时间：2017-02-08T00:26:54+08:00
2017-02-08T00:27:04: 非记录时间：2017-02-08T00:27:04+08:00
2017-02-08T00:27:14: 非记录时间：2017-02-08T00:27:14+08:00
2017-02-08T00:27:24: 非记录时间：2017-02-08T00:27:24+08:00
2017-02-08T00:27:34: 非记录时间：2017-02-08T00:27:34+08:00
2017-02-08T00:27:44: 非记录时间：2017-02-08T00:27:44+08:00
2017-02-08T00:27:54: 非记录时间：2017-02-08T00:27:54+08:00
2017-02-08T00:28:04: 非记录时间：2017-02-08T00:28:04+08:00
2017-02-08T00:28:14: 非记录时间：2017-02-08T00:28:14+08:00
2017-02-08T00:28:24: 非记录时间：2017-02-08T00:28:24+08:00
2017-02-08T00:28:34: 非记录时间：2017-02-08T00:28:34+08:00
2017-02-08T00:28:44: 非记录时间：2017-02-08T00:28:44+08:00
2017-02-08T00:28:54: 非记录时间：2017-02-08T00:28:54+08:00
2017-02-08T00:29:04: 非记录时间：2017-02-08T00:29:04+08:00
2017-02-08T00:29:14: 非记录时间：2017-02-08T00:29:14+08:00
2017-02-08T00:29:24: 非记录时间：2017-02-08T00:29:24+08:00
2017-02-08T00:29:34: 非记录时间：2017-02-08T00:29:34+08:00
2017-02-08T00:29:44: 非记录时间：2017-02-08T00:29:44+08:00
2017-02-08T00:29:54: 非记录时间：2017-02-08T00:29:54+08:00
2017-02-08T00:30:04: 非记录时间：2017-02-08T00:30:04+08:00
2017-02-08T00:30:14: 非记录时间：2017-02-08T00:30:14+08:00
2017-02-08T00:30:24: 非记录时间：2017-02-08T00:30:24+08:00
2017-02-08T00:30:34: 非记录时间：2017-02-08T00:30:34+08:00
2017-02-08T00:30:44: 非记录时间：2017-02-08T00:30:44+08:00
2017-02-08T00:30:54: 非记录时间：2017-02-08T00:30:54+08:00
2017-02-08T00:31:04: 非记录时间：2017-02-08T00:31:04+08:00
2017-02-08T00:31:14: 非记录时间：2017-02-08T00:31:14+08:00
2017-02-08T00:31:24: 非记录时间：2017-02-08T00:31:24+08:00
2017-02-08T00:31:34: 非记录时间：2017-02-08T00:31:34+08:00
2017-02-08T00:31:44: 非记录时间：2017-02-08T00:31:44+08:00
2017-02-08T00:31:54: 非记录时间：2017-02-08T00:31:54+08:00
2017-02-08T00:32:04: 非记录时间：2017-02-08T00:32:04+08:00
2017-02-08T00:32:14: 非记录时间：2017-02-08T00:32:14+08:00
2017-02-08T00:32:24: 非记录时间：2017-02-08T00:32:24+08:00
2017-02-08T00:32:34: 非记录时间：2017-02-08T00:32:34+08:00
2017-02-08T00:32:44: 非记录时间：2017-02-08T00:32:44+08:00
2017-02-08T00:32:54: 非记录时间：2017-02-08T00:32:54+08:00
2017-02-08T00:33:04: 非记录时间：2017-02-08T00:33:04+08:00
2017-02-08T00:33:14: 非记录时间：2017-02-08T00:33:14+08:00
2017-02-08T00:33:24: 非记录时间：2017-02-08T00:33:24+08:00
2017-02-08T00:33:34: 非记录时间：2017-02-08T00:33:34+08:00
2017-02-08T00:33:44: 非记录时间：2017-02-08T00:33:44+08:00
2017-02-08T00:33:54: 非记录时间：2017-02-08T00:33:54+08:00
2017-02-08T00:34:04: 非记录时间：2017-02-08T00:34:04+08:00
2017-02-08T00:34:14: 非记录时间：2017-02-08T00:34:14+08:00
2017-02-08T00:34:24: 非记录时间：2017-02-08T00:34:24+08:00
2017-02-08T00:34:34: 非记录时间：2017-02-08T00:34:34+08:00
2017-02-08T00:34:44: 非记录时间：2017-02-08T00:34:44+08:00
2017-02-08T00:34:54: 非记录时间：2017-02-08T00:34:54+08:00
2017-02-08T00:35:04: 非记录时间：2017-02-08T00:35:04+08:00
2017-02-08T00:35:14: 非记录时间：2017-02-08T00:35:14+08:00
2017-02-08T00:35:24: 非记录时间：2017-02-08T00:35:24+08:00
2017-02-08T00:35:34: 非记录时间：2017-02-08T00:35:34+08:00
2017-02-08T00:35:45: 非记录时间：2017-02-08T00:35:44+08:00
2017-02-08T00:35:55: 非记录时间：2017-02-08T00:35:55+08:00
2017-02-08T00:36:05: 非记录时间：2017-02-08T00:36:05+08:00
2017-02-08T00:36:15: 非记录时间：2017-02-08T00:36:15+08:00
2017-02-08T00:36:25: 非记录时间：2017-02-08T00:36:25+08:00
2017-02-08T00:36:35: 非记录时间：2017-02-08T00:36:35+08:00
2017-02-08T00:36:45: 非记录时间：2017-02-08T00:36:45+08:00
2017-02-08T00:36:55: 非记录时间：2017-02-08T00:36:55+08:00
2017-02-08T00:37:05: 非记录时间：2017-02-08T00:37:05+08:00
2017-02-08T00:37:15: 非记录时间：2017-02-08T00:37:15+08:00
2017-02-08T00:37:25: 非记录时间：2017-02-08T00:37:25+08:00
2017-02-08T00:37:35: 非记录时间：2017-02-08T00:37:35+08:00
2017-02-08T00:37:45: 非记录时间：2017-02-08T00:37:45+08:00
2017-02-08T00:37:55: 非记录时间：2017-02-08T00:37:55+08:00
2017-02-08T00:38:05: 非记录时间：2017-02-08T00:38:05+08:00
2017-02-08T00:38:15: 非记录时间：2017-02-08T00:38:15+08:00
2017-02-08T00:38:25: 非记录时间：2017-02-08T00:38:25+08:00
2017-02-08T00:38:35: 非记录时间：2017-02-08T00:38:35+08:00
2017-02-08T00:38:45: 非记录时间：2017-02-08T00:38:45+08:00
2017-02-08T00:38:55: 非记录时间：2017-02-08T00:38:55+08:00
2017-02-08T00:39:05: 非记录时间：2017-02-08T00:39:05+08:00
2017-02-08T00:39:15: 非记录时间：2017-02-08T00:39:15+08:00
2017-02-08T00:39:25: 非记录时间：2017-02-08T00:39:25+08:00
2017-02-08T00:39:35: 非记录时间：2017-02-08T00:39:35+08:00
2017-02-08T00:39:45: 非记录时间：2017-02-08T00:39:45+08:00
2017-02-08T00:39:55: 非记录时间：2017-02-08T00:39:55+08:00
2017-02-08T00:40:05: 非记录时间：2017-02-08T00:40:05+08:00
2017-02-08T00:40:15: 非记录时间：2017-02-08T00:40:15+08:00
2017-02-08T00:40:25: 非记录时间：2017-02-08T00:40:25+08:00
2017-02-08T00:40:35: 非记录时间：2017-02-08T00:40:35+08:00
2017-02-08T00:40:45: 非记录时间：2017-02-08T00:40:45+08:00
2017-02-08T00:40:55: 非记录时间：2017-02-08T00:40:55+08:00
2017-02-08T00:41:05: 非记录时间：2017-02-08T00:41:05+08:00
2017-02-08T00:41:15: 非记录时间：2017-02-08T00:41:15+08:00
2017-02-08T00:41:25: 非记录时间：2017-02-08T00:41:25+08:00
2017-02-08T00:41:35: 非记录时间：2017-02-08T00:41:35+08:00
2017-02-08T00:41:45: 非记录时间：2017-02-08T00:41:45+08:00
2017-02-08T00:41:55: 非记录时间：2017-02-08T00:41:55+08:00
2017-02-08T00:42:05: 非记录时间：2017-02-08T00:42:05+08:00
2017-02-08T00:42:15: 非记录时间：2017-02-08T00:42:15+08:00
2017-02-08T00:42:25: 非记录时间：2017-02-08T00:42:25+08:00
2017-02-08T00:42:35: 非记录时间：2017-02-08T00:42:35+08:00
2017-02-08T00:42:45: 非记录时间：2017-02-08T00:42:45+08:00
2017-02-08T00:42:55: 非记录时间：2017-02-08T00:42:55+08:00
2017-02-08T00:43:05: 非记录时间：2017-02-08T00:43:05+08:00
2017-02-08T00:43:15: 非记录时间：2017-02-08T00:43:15+08:00
2017-02-08T00:43:25: 非记录时间：2017-02-08T00:43:25+08:00
2017-02-08T00:43:35: 非记录时间：2017-02-08T00:43:35+08:00
2017-02-08T00:43:45: 非记录时间：2017-02-08T00:43:45+08:00
2017-02-08T00:43:55: 非记录时间：2017-02-08T00:43:55+08:00
2017-02-08T00:44:05: 非记录时间：2017-02-08T00:44:05+08:00
2017-02-08T00:44:15: 非记录时间：2017-02-08T00:44:15+08:00
2017-02-08T00:44:25: 非记录时间：2017-02-08T00:44:25+08:00
2017-02-08T00:44:35: 非记录时间：2017-02-08T00:44:35+08:00
2017-02-08T00:44:45: 非记录时间：2017-02-08T00:44:45+08:00
2017-02-08T00:44:55: 非记录时间：2017-02-08T00:44:55+08:00
2017-02-08T00:45:05: 非记录时间：2017-02-08T00:45:05+08:00
2017-02-08T00:45:15: 非记录时间：2017-02-08T00:45:15+08:00
2017-02-08T00:45:25: 非记录时间：2017-02-08T00:45:25+08:00
2017-02-08T00:45:35: 非记录时间：2017-02-08T00:45:35+08:00
2017-02-08T00:45:45: 非记录时间：2017-02-08T00:45:45+08:00
2017-02-08T00:45:55: 非记录时间：2017-02-08T00:45:55+08:00
2017-02-08T00:46:05: 非记录时间：2017-02-08T00:46:05+08:00
2017-02-08T00:46:15: 非记录时间：2017-02-08T00:46:15+08:00
2017-02-08T00:46:25: 非记录时间：2017-02-08T00:46:25+08:00
2017-02-08T00:46:35: 非记录时间：2017-02-08T00:46:35+08:00
2017-02-08T00:46:45: 非记录时间：2017-02-08T00:46:45+08:00
2017-02-08T00:46:55: 非记录时间：2017-02-08T00:46:55+08:00
2017-02-08T00:47:05: 非记录时间：2017-02-08T00:47:05+08:00
2017-02-08T00:47:15: 非记录时间：2017-02-08T00:47:15+08:00
2017-02-08T00:47:25: 非记录时间：2017-02-08T00:47:25+08:00
2017-02-08T00:47:35: 非记录时间：2017-02-08T00:47:35+08:00
2017-02-08T00:47:45: 非记录时间：2017-02-08T00:47:45+08:00
2017-02-08T00:47:55: 非记录时间：2017-02-08T00:47:55+08:00
2017-02-08T00:48:05: 非记录时间：2017-02-08T00:48:05+08:00
2017-02-08T00:48:15: 非记录时间：2017-02-08T00:48:15+08:00
2017-02-08T00:48:25: 非记录时间：2017-02-08T00:48:25+08:00
2017-02-08T00:48:35: 非记录时间：2017-02-08T00:48:35+08:00
2017-02-08T00:48:45: 非记录时间：2017-02-08T00:48:45+08:00
2017-02-08T00:48:55: 非记录时间：2017-02-08T00:48:55+08:00
2017-02-08T00:49:05: 非记录时间：2017-02-08T00:49:05+08:00
2017-02-08T00:49:15: 非记录时间：2017-02-08T00:49:15+08:00
2017-02-08T00:49:25: 非记录时间：2017-02-08T00:49:25+08:00
2017-02-08T00:49:35: 非记录时间：2017-02-08T00:49:35+08:00
2017-02-08T00:49:45: 非记录时间：2017-02-08T00:49:45+08:00
2017-02-08T00:49:55: 非记录时间：2017-02-08T00:49:55+08:00
2017-02-08T00:50:05: 非记录时间：2017-02-08T00:50:05+08:00
2017-02-08T00:50:15: 非记录时间：2017-02-08T00:50:15+08:00
2017-02-08T00:50:25: 非记录时间：2017-02-08T00:50:25+08:00
2017-02-08T00:50:35: 非记录时间：2017-02-08T00:50:35+08:00
2017-02-08T00:50:45: 非记录时间：2017-02-08T00:50:45+08:00
2017-02-08T00:50:55: 非记录时间：2017-02-08T00:50:55+08:00
2017-02-08T00:51:05: 非记录时间：2017-02-08T00:51:05+08:00
2017-02-08T00:51:15: 非记录时间：2017-02-08T00:51:15+08:00
2017-02-08T00:51:25: 非记录时间：2017-02-08T00:51:25+08:00
2017-02-08T00:51:35: 非记录时间：2017-02-08T00:51:35+08:00
2017-02-08T00:51:45: 非记录时间：2017-02-08T00:51:45+08:00
2017-02-08T00:51:55: 非记录时间：2017-02-08T00:51:55+08:00
2017-02-08T00:52:05: 非记录时间：2017-02-08T00:52:05+08:00
2017-02-08T00:52:15: 非记录时间：2017-02-08T00:52:15+08:00
2017-02-08T00:52:25: 非记录时间：2017-02-08T00:52:25+08:00
2017-02-08T00:52:35: 非记录时间：2017-02-08T00:52:35+08:00
2017-02-08T00:52:45: 非记录时间：2017-02-08T00:52:45+08:00
2017-02-08T00:52:55: 非记录时间：2017-02-08T00:52:55+08:00
2017-02-08T00:53:05: 非记录时间：2017-02-08T00:53:05+08:00
2017-02-08T00:53:15: 非记录时间：2017-02-08T00:53:15+08:00
2017-02-08T00:53:25: 非记录时间：2017-02-08T00:53:25+08:00
2017-02-08T00:53:35: 非记录时间：2017-02-08T00:53:35+08:00
2017-02-08T00:53:45: 非记录时间：2017-02-08T00:53:45+08:00
2017-02-08T00:53:55: 非记录时间：2017-02-08T00:53:55+08:00
2017-02-08T00:54:05: 非记录时间：2017-02-08T00:54:05+08:00
2017-02-08T00:54:15: 非记录时间：2017-02-08T00:54:15+08:00
2017-02-08T00:54:25: 非记录时间：2017-02-08T00:54:25+08:00
2017-02-08T00:54:35: 非记录时间：2017-02-08T00:54:35+08:00
2017-02-08T00:54:45: 非记录时间：2017-02-08T00:54:45+08:00
2017-02-08T00:54:55: 非记录时间：2017-02-08T00:54:55+08:00
2017-02-08T00:55:05: 非记录时间：2017-02-08T00:55:05+08:00
2017-02-08T00:55:15: 非记录时间：2017-02-08T00:55:15+08:00
2017-02-08T00:55:25: 非记录时间：2017-02-08T00:55:25+08:00
2017-02-08T00:55:35: 非记录时间：2017-02-08T00:55:35+08:00
2017-02-08T00:55:45: 非记录时间：2017-02-08T00:55:45+08:00
2017-02-08T00:55:55: 非记录时间：2017-02-08T00:55:55+08:00
2017-02-08T00:56:05: 非记录时间：2017-02-08T00:56:05+08:00
2017-02-08T00:56:15: 非记录时间：2017-02-08T00:56:15+08:00
2017-02-08T00:56:25: 非记录时间：2017-02-08T00:56:25+08:00
2017-02-08T00:56:35: 非记录时间：2017-02-08T00:56:35+08:00
2017-02-08T00:56:45: 非记录时间：2017-02-08T00:56:45+08:00
2017-02-08T00:56:55: 非记录时间：2017-02-08T00:56:55+08:00
2017-02-08T00:57:05: 非记录时间：2017-02-08T00:57:05+08:00
2017-02-08T00:57:15: 非记录时间：2017-02-08T00:57:15+08:00
2017-02-08T00:57:25: 非记录时间：2017-02-08T00:57:25+08:00
2017-02-08T00:57:35: 非记录时间：2017-02-08T00:57:35+08:00
2017-02-08T00:57:45: 非记录时间：2017-02-08T00:57:45+08:00
2017-02-08T00:57:55: 非记录时间：2017-02-08T00:57:55+08:00
2017-02-08T00:58:05: 非记录时间：2017-02-08T00:58:05+08:00
2017-02-08T00:58:15: 非记录时间：2017-02-08T00:58:15+08:00
2017-02-08T00:58:25: 非记录时间：2017-02-08T00:58:25+08:00
2017-02-08T00:58:35: 非记录时间：2017-02-08T00:58:35+08:00
2017-02-08T00:58:45: 非记录时间：2017-02-08T00:58:45+08:00
2017-02-08T00:58:55: 非记录时间：2017-02-08T00:58:55+08:00
2017-02-08T00:59:05: 非记录时间：2017-02-08T00:59:05+08:00
2017-02-08T00:59:15: 非记录时间：2017-02-08T00:59:15+08:00
2017-02-08T00:59:25: 非记录时间：2017-02-08T00:59:25+08:00
2017-02-08T00:59:35: 非记录时间：2017-02-08T00:59:35+08:00
2017-02-08T00:59:45: 非记录时间：2017-02-08T00:59:45+08:00
2017-02-08T00:59:55: 非记录时间：2017-02-08T00:59:55+08:00
2017-02-08T01:00:05: 非记录时间：2017-02-08T01:00:05+08:00
2017-02-08T01:00:15: 非记录时间：2017-02-08T01:00:15+08:00
2017-02-08T01:00:25: 非记录时间：2017-02-08T01:00:25+08:00
2017-02-08T01:00:35: 非记录时间：2017-02-08T01:00:35+08:00
2017-02-08T01:00:45: 非记录时间：2017-02-08T01:00:45+08:00
2017-02-08T01:00:55: 非记录时间：2017-02-08T01:00:55+08:00
2017-02-08T01:01:05: 非记录时间：2017-02-08T01:01:05+08:00
2017-02-08T01:01:15: 非记录时间：2017-02-08T01:01:15+08:00
2017-02-08T01:01:25: 非记录时间：2017-02-08T01:01:25+08:00
2017-02-08T01:01:35: 非记录时间：2017-02-08T01:01:35+08:00
2017-02-08T01:01:45: 非记录时间：2017-02-08T01:01:45+08:00
2017-02-08T01:01:55: 非记录时间：2017-02-08T01:01:55+08:00
2017-02-08T01:02:05: 非记录时间：2017-02-08T01:02:05+08:00
2017-02-08T01:02:15: 非记录时间：2017-02-08T01:02:15+08:00
2017-02-08T01:02:25: 非记录时间：2017-02-08T01:02:25+08:00
2017-02-08T01:02:35: 非记录时间：2017-02-08T01:02:35+08:00
2017-02-08T01:02:45: 非记录时间：2017-02-08T01:02:45+08:00
2017-02-08T01:02:55: 非记录时间：2017-02-08T01:02:55+08:00
2017-02-08T01:03:05: 非记录时间：2017-02-08T01:03:05+08:00
2017-02-08T01:03:15: 非记录时间：2017-02-08T01:03:15+08:00
2017-02-08T01:03:25: 非记录时间：2017-02-08T01:03:25+08:00
2017-02-08T01:03:35: 非记录时间：2017-02-08T01:03:35+08:00
2017-02-08T01:03:45: 非记录时间：2017-02-08T01:03:45+08:00
2017-02-08T01:03:55: 非记录时间：2017-02-08T01:03:55+08:00
2017-02-08T01:04:05: 非记录时间：2017-02-08T01:04:05+08:00
2017-02-08T01:04:15: 非记录时间：2017-02-08T01:04:15+08:00
2017-02-08T01:04:25: 非记录时间：2017-02-08T01:04:25+08:00
2017-02-08T01:04:35: 非记录时间：2017-02-08T01:04:35+08:00
2017-02-08T01:04:45: 非记录时间：2017-02-08T01:04:45+08:00
2017-02-08T01:04:55: 非记录时间：2017-02-08T01:04:55+08:00
2017-02-08T01:05:05: 非记录时间：2017-02-08T01:05:05+08:00
2017-02-08T01:05:15: 非记录时间：2017-02-08T01:05:15+08:00
2017-02-08T01:05:25: 非记录时间：2017-02-08T01:05:25+08:00
2017-02-08T01:05:35: 非记录时间：2017-02-08T01:05:35+08:00
2017-02-08T01:05:45: 非记录时间：2017-02-08T01:05:45+08:00
2017-02-08T01:05:55: 非记录时间：2017-02-08T01:05:55+08:00
2017-02-08T01:06:05: 非记录时间：2017-02-08T01:06:05+08:00
2017-02-08T01:06:15: 非记录时间：2017-02-08T01:06:15+08:00
2017-02-08T01:06:25: 非记录时间：2017-02-08T01:06:25+08:00
2017-02-08T01:06:35: 非记录时间：2017-02-08T01:06:35+08:00
2017-02-08T01:06:45: 非记录时间：2017-02-08T01:06:45+08:00
2017-02-08T01:06:55: 非记录时间：2017-02-08T01:06:55+08:00
2017-02-08T01:07:05: 非记录时间：2017-02-08T01:07:05+08:00
2017-02-08T01:07:15: 非记录时间：2017-02-08T01:07:15+08:00
2017-02-08T01:07:25: 非记录时间：2017-02-08T01:07:25+08:00
2017-02-08T01:07:35: 非记录时间：2017-02-08T01:07:35+08:00
2017-02-08T01:07:45: 非记录时间：2017-02-08T01:07:45+08:00
2017-02-08T01:07:55: 非记录时间：2017-02-08T01:07:55+08:00
2017-02-08T01:08:05: 非记录时间：2017-02-08T01:08:05+08:00
2017-02-08T01:08:15: 非记录时间：2017-02-08T01:08:15+08:00
2017-02-08T01:08:25: 非记录时间：2017-02-08T01:08:25+08:00
2017-02-08T01:08:35: 非记录时间：2017-02-08T01:08:35+08:00
2017-02-08T01:08:45: 非记录时间：2017-02-08T01:08:45+08:00
2017-02-08T01:08:55: 非记录时间：2017-02-08T01:08:55+08:00
2017-02-08T01:09:05: 非记录时间：2017-02-08T01:09:05+08:00
2017-02-08T01:09:15: 非记录时间：2017-02-08T01:09:15+08:00
2017-02-08T01:09:25: 非记录时间：2017-02-08T01:09:25+08:00
2017-02-08T01:09:35: 非记录时间：2017-02-08T01:09:35+08:00
2017-02-08T01:09:45: 非记录时间：2017-02-08T01:09:45+08:00
2017-02-08T01:09:55: 非记录时间：2017-02-08T01:09:55+08:00
2017-02-08T01:10:05: 非记录时间：2017-02-08T01:10:05+08:00
2017-02-08T01:10:15: 非记录时间：2017-02-08T01:10:15+08:00
2017-02-08T01:10:25: 非记录时间：2017-02-08T01:10:25+08:00
2017-02-08T01:10:35: 非记录时间：2017-02-08T01:10:35+08:00
2017-02-08T01:10:45: 非记录时间：2017-02-08T01:10:45+08:00
2017-02-08T01:10:55: 非记录时间：2017-02-08T01:10:55+08:00
2017-02-08T01:11:08: 读取文件失败，可能是该文件不存在
2017-02-08T01:11:08: Error: ENOENT: no such file or directory, open './data/2017-02-08.json'
2017-02-08T01:11:16: 读取文件成功
2017-02-08T01:11:26: 读取文件成功
2017-02-08T01:11:36: 读取文件成功
2017-02-08T01:11:49: 读取文件成功
2017-02-08T01:12:13: 读取文件成功
2017-02-08T01:12:17: 读取文件成功
2017-02-08T01:12:21: 读取文件成功
2017-02-08T01:12:26: 读取文件成功
2017-02-08T01:12:38: 读取文件成功
2017-02-08T01:12:48: 读取文件成功
2017-02-08T01:12:57: 读取文件成功
2017-02-08T01:13:06: 读取文件成功
2017-02-08T01:13:16: 读取文件成功
2017-02-08T01:13:26: 读取文件成功
2017-02-08T01:13:36: 读取文件成功
2017-02-08T01:13:46: 读取文件成功
2017-02-08T01:13:56: 读取文件成功
2017-02-08T01:14:06: 读取文件成功
2017-02-08T01:14:16: 读取文件成功
2017-02-08T01:14:26: 读取文件成功
2017-02-08T01:14:36: 读取文件成功
2017-02-08T01:14:46: 读取文件成功
2017-02-08T01:14:56: 读取文件成功
2017-02-08T01:15:06: 读取文件成功
2017-02-08T01:15:16: 读取文件成功
2017-02-08T01:15:26: 读取文件成功
2017-02-08T01:15:36: 读取文件成功
2017-02-08T01:15:46: 读取文件成功
2017-02-08T01:15:56: 读取文件成功
2017-02-08T01:16:06: 读取文件成功
2017-02-08T01:16:16: 读取文件成功
2017-02-08T01:16:26: 读取文件成功
2017-02-08T01:16:36: 读取文件成功
2017-02-08T01:16:46: 读取文件成功
2017-02-08T01:16:56: 读取文件成功
2017-02-08T01:17:06: 读取文件成功
2017-02-08T01:17:16: 读取文件成功
2017-02-08T01:17:26: 读取文件成功
2017-02-08T01:17:36: 读取文件成功
2017-02-08T01:17:46: 读取文件成功
2017-02-08T01:17:56: 读取文件成功
2017-02-08T01:18:06: 读取文件成功
2017-02-08T01:18:16: 读取文件成功
2017-02-08T01:18:26: 读取文件成功
2017-02-08T01:18:36: 读取文件成功
2017-02-08T01:18:46: 读取文件成功
2017-02-08T01:18:56: 读取文件成功
2017-02-08T01:19:06: 读取文件成功
2017-02-08T01:19:16: 读取文件成功
2017-02-08T01:19:26: 读取文件成功
2017-02-08T01:19:36: 读取文件成功
2017-02-08T01:19:46: 读取文件成功
2017-02-08T01:19:56: 读取文件成功
2017-02-08T01:20:06: 读取文件成功
2017-02-08T01:20:16: 读取文件成功
2017-02-08T01:20:26: 读取文件成功
2017-02-08T01:20:36: 读取文件成功
2017-02-08T01:20:46: 读取文件成功
2017-02-08T01:20:56: 读取文件成功
2017-02-08T01:21:06: 读取文件成功
2017-02-08T01:21:16: 读取文件成功
2017-02-08T01:21:26: 读取文件成功
2017-02-08T01:21:36: 读取文件成功
2017-02-08T01:21:46: 读取文件成功
2017-02-08T01:21:56: 读取文件成功
2017-02-08T01:22:06: 读取文件成功
2017-02-08T01:22:16: 读取文件成功
2017-02-08T01:22:26: 读取文件成功
2017-02-08T01:22:36: 读取文件成功
2017-02-08T01:22:46: 读取文件成功
2017-02-08T01:22:56: 读取文件成功
2017-02-08T01:23:06: 读取文件成功
2017-02-08T01:23:16: 读取文件成功
2017-02-08T01:23:26: 读取文件成功
2017-02-08T01:23:36: 读取文件成功
2017-02-08T01:23:46: 读取文件成功
2017-02-08T01:23:56: 读取文件成功
2017-02-08T01:24:06: 读取文件成功
2017-02-08T01:24:16: 读取文件成功
2017-02-08T01:24:26: 读取文件成功
2017-02-08T01:24:36: 读取文件成功
2017-02-08T01:24:46: 读取文件成功
2017-02-08T01:24:56: 读取文件成功
2017-02-08T01:25:07: 读取文件成功
2017-02-08T01:25:21: 读取文件成功
2017-02-08T01:25:27: 读取文件成功
2017-02-08T01:25:37: 读取文件成功
2017-02-08T01:25:48: 读取文件成功
2017-02-08T01:25:57: 读取文件成功
2017-02-08T01:26:08: 读取文件成功
2017-02-08T01:26:17: 读取文件成功
2017-02-08T01:26:28: 读取文件成功
2017-02-08T01:26:38: 读取文件成功
2017-02-08T01:26:48: 读取文件成功
2017-02-08T01:26:57: 读取文件成功
2017-02-08T01:27:06: 读取文件成功
2017-02-08T01:27:16: 读取文件成功
2017-02-08T01:27:26: 读取文件成功
2017-02-08T01:27:36: 读取文件成功
2017-02-08T01:27:46: 读取文件成功
2017-02-08T01:27:56: 读取文件成功
2017-02-08T01:28:06: 读取文件成功
2017-02-08T01:28:16: 读取文件成功
2017-02-08T01:28:27: 读取文件成功
2017-02-08T01:28:36: 读取文件成功
2017-02-08T01:28:46: 读取文件成功
2017-02-08T01:28:56: 读取文件成功
2017-02-08T01:29:07: 读取文件成功
2017-02-08T01:29:17: 读取文件成功
2017-02-08T01:29:27: 读取文件成功
2017-02-08T01:29:37: 读取文件成功
2017-02-08T01:29:47: 读取文件成功
2017-02-08T01:29:57: 读取文件成功
2017-02-08T01:30:07: 读取文件成功
2017-02-08T01:30:17: 读取文件成功
2017-02-08T01:30:27: 读取文件成功
2017-02-08T01:30:37: 读取文件成功
2017-02-08T01:30:47: 读取文件成功
2017-02-08T01:30:57: 读取文件成功
2017-02-08T01:31:07: 读取文件成功
2017-02-08T01:31:17: 读取文件成功
2017-02-08T01:31:27: 读取文件成功
2017-02-08T01:31:37: 读取文件成功
2017-02-08T01:31:47: 读取文件成功
2017-02-08T01:31:57: 读取文件成功
2017-02-08T01:32:07: 读取文件成功
2017-02-08T01:32:17: 读取文件成功
2017-02-08T01:32:27: 读取文件成功
2017-02-08T01:32:37: 读取文件成功
2017-02-08T01:32:47: 读取文件成功
2017-02-08T01:32:57: 读取文件成功
2017-02-08T01:33:07: 读取文件成功
2017-02-08T01:33:17: 读取文件成功
2017-02-08T01:33:27: 读取文件成功
2017-02-08T01:33:37: 读取文件成功
2017-02-08T01:33:47: 读取文件成功
2017-02-08T01:33:57: 读取文件成功
2017-02-08T01:34:07: 读取文件成功
2017-02-08T01:34:17: 读取文件成功
2017-02-08T01:34:27: 读取文件成功
2017-02-08T01:34:37: 读取文件成功
2017-02-08T01:34:47: 读取文件成功
2017-02-08T01:34:57: 读取文件成功
2017-02-08T01:35:07: 读取文件成功
2017-02-08T01:35:17: 读取文件成功
2017-02-08T01:35:27: 读取文件成功
2017-02-08T01:35:37: 读取文件成功
2017-02-08T01:35:47: 读取文件成功
2017-02-08T01:35:57: 读取文件成功
2017-02-08T01:36:07: 读取文件成功
2017-02-08T01:36:26: 读取文件成功
2017-02-08T01:36:27: 读取文件成功
2017-02-08T01:36:37: 读取文件成功
2017-02-08T01:36:47: 读取文件成功
2017-02-08T01:36:57: 读取文件成功
2017-02-08T01:37:07: 读取文件成功
2017-02-08T01:37:17: 读取文件成功
2017-02-08T01:37:39: 读取文件成功
2017-02-08T01:37:47: 读取文件成功
2017-02-08T01:37:50: 读取文件成功
2017-02-08T01:38:01: 读取文件成功
2017-02-08T01:38:10: 读取文件成功
2017-02-08T01:38:17: 读取文件成功
2017-02-08T01:38:27: 读取文件成功
2017-02-08T01:38:37: 读取文件成功
2017-02-08T01:38:47: 读取文件成功
2017-02-08T01:38:57: 读取文件成功
2017-02-08T01:39:07: 读取文件成功
2017-02-08T01:39:17: 读取文件成功
2017-02-08T01:39:27: 读取文件成功
2017-02-08T01:39:37: 读取文件成功
2017-02-08T01:39:47: 读取文件成功
2017-02-08T01:39:57: 读取文件成功
2017-02-08T01:40:07: 读取文件成功
2017-02-08T01:40:17: 读取文件成功
2017-02-08T01:40:27: 读取文件成功
2017-02-08T01:40:37: 读取文件成功
2017-02-08T01:40:47: 读取文件成功
2017-02-08T01:40:57: 读取文件成功
2017-02-08T01:41:08: 读取文件成功
2017-02-08T01:41:18: 读取文件成功
2017-02-08T01:41:27: 读取文件成功
2017-02-08T01:41:37: 读取文件成功
2017-02-08T01:41:47: 读取文件成功
2017-02-08T01:42:04: 读取文件成功
2017-02-08T01:42:08: 读取文件成功
2017-02-08T01:42:17: 读取文件成功
2017-02-08T01:42:27: 读取文件成功
2017-02-08T01:42:38: 读取文件成功
2017-02-08T01:42:47: 读取文件成功
2017-02-08T01:42:57: 读取文件成功
2017-02-08T01:43:07: 读取文件成功
2017-02-08T01:43:17: 读取文件成功
2017-02-08T01:43:27: 读取文件成功
2017-02-08T01:43:37: 读取文件成功
2017-02-08T01:43:47: 读取文件成功
2017-02-08T01:43:57: 读取文件成功
2017-02-08T01:44:07: 读取文件成功
2017-02-08T01:44:17: 读取文件成功
2017-02-08T01:44:27: 读取文件成功
2017-02-08T01:44:37: 读取文件成功
2017-02-08T01:44:47: 读取文件成功
2017-02-08T01:44:59: 读取文件成功
2017-02-08T01:45:08: 读取文件成功
2017-02-08T01:45:18: 读取文件成功
2017-02-08T01:45:28: 读取文件成功
2017-02-08T01:45:38: 读取文件成功
2017-02-08T01:45:48: 读取文件成功
2017-02-08T01:46:04: 读取文件成功
2017-02-08T01:46:10: 读取文件成功
2017-02-08T01:46:18: 读取文件成功
2017-02-08T01:46:28: 读取文件成功
2017-02-08T01:46:38: 读取文件成功
2017-02-08T01:46:51: 读取文件成功
2017-02-08T01:46:57: 读取文件成功
2017-02-08T01:47:07: 读取文件成功
2017-02-08T01:47:17: 读取文件成功
2017-02-08T01:47:27: 读取文件成功
2017-02-08T01:47:37: 读取文件成功
2017-02-08T01:47:47: 读取文件成功
2017-02-08T01:47:57: 读取文件成功
2017-02-08T01:48:07: 读取文件成功
2017-02-08T01:48:17: 读取文件成功
2017-02-08T01:48:27: 读取文件成功
2017-02-08T01:48:37: 读取文件成功
2017-02-08T01:48:47: 读取文件成功
2017-02-08T01:48:57: 读取文件成功
2017-02-08T01:49:07: 读取文件成功
2017-02-08T01:49:17: 读取文件成功
2017-02-08T01:49:27: 读取文件成功
2017-02-08T01:49:38: 读取文件成功
2017-02-08T01:49:48: 读取文件成功
2017-02-08T01:49:58: 读取文件成功
2017-02-08T01:50:08: 读取文件成功
2017-02-08T01:50:18: 读取文件成功
2017-02-08T01:50:28: 读取文件成功
2017-02-08T01:50:38: 读取文件成功
2017-02-08T01:50:48: 读取文件成功
2017-02-08T01:50:58: 读取文件成功
2017-02-08T01:51:08: 读取文件成功
2017-02-08T01:51:18: 读取文件成功
2017-02-08T01:51:28: 读取文件成功
2017-02-08T01:51:38: 读取文件成功
2017-02-08T01:51:48: 读取文件成功
2017-02-08T01:51:58: 读取文件成功
2017-02-08T01:52:08: 读取文件成功
2017-02-08T01:52:19: 读取文件成功
2017-02-08T01:52:28: 读取文件成功
2017-02-08T01:52:39: 读取文件成功
2017-02-08T01:52:48: 读取文件成功
2017-02-08T01:52:58: 读取文件成功
2017-02-08T01:53:08: 读取文件成功
2017-02-08T01:53:19: 读取文件成功
2017-02-08T01:53:28: 读取文件成功
2017-02-08T01:53:38: 读取文件成功
2017-02-08T01:53:49: 读取文件成功
2017-02-08T01:53:58: 读取文件成功
2017-02-08T01:54:08: 读取文件成功
2017-02-08T01:54:18: 读取文件成功
2017-02-08T01:54:28: 读取文件成功
2017-02-08T01:54:38: 读取文件成功
2017-02-08T01:54:48: 读取文件成功
2017-02-08T01:54:58: 读取文件成功
2017-02-08T01:55:08: 读取文件成功
2017-02-08T01:55:18: 读取文件成功
2017-02-08T01:55:28: 读取文件成功
2017-02-08T01:55:38: 读取文件成功
2017-02-08T01:55:50: 读取文件成功
2017-02-08T01:55:58: 读取文件成功
2017-02-08T01:56:08: 读取文件成功
2017-02-08T01:56:18: 读取文件成功
2017-02-08T01:56:28: 读取文件成功
2017-02-08T01:56:39: 读取文件成功
2017-02-08T01:56:48: 读取文件成功
2017-02-08T01:57:03: 读取文件成功
2017-02-08T01:57:08: 读取文件成功
2017-02-08T01:57:18: 读取文件成功
2017-02-08T01:57:28: 读取文件成功
2017-02-08T01:57:38: 读取文件成功
2017-02-08T01:57:48: 读取文件成功
2017-02-08T01:58:04: 读取文件成功
2017-02-08T01:58:08: 读取文件成功
2017-02-08T01:58:18: 读取文件成功
2017-02-08T01:58:28: 读取文件成功
2017-02-08T01:58:38: 读取文件成功
2017-02-08T01:58:48: 读取文件成功
2017-02-08T01:58:58: 读取文件成功
2017-02-08T01:59:08: 读取文件成功
2017-02-08T01:59:19: 读取文件成功
2017-02-08T01:59:36: 读取文件成功
2017-02-08T01:59:39: 读取文件成功
2017-02-08T01:59:48: 读取文件成功
2017-02-08T01:59:58: 读取文件成功
2017-02-08T02:00:08: 读取文件成功
2017-02-08T02:00:18: 读取文件成功
2017-02-08T02:00:28: 读取文件成功
2017-02-08T02:00:38: 读取文件成功
2017-02-08T02:00:48: 读取文件成功
2017-02-08T02:00:58: 读取文件成功
2017-02-08T02:01:08: 读取文件成功
2017-02-08T02:01:18: 读取文件成功
2017-02-08T02:01:28: 读取文件成功
2017-02-08T02:01:38: 读取文件成功
2017-02-08T02:01:48: 读取文件成功
2017-02-08T02:01:58: 读取文件成功
2017-02-08T02:02:08: 读取文件成功
2017-02-08T02:02:18: 读取文件成功
2017-02-08T02:02:28: 读取文件成功
2017-02-08T02:02:38: 读取文件成功
2017-02-08T02:02:52: 读取文件成功
2017-02-08T02:03:00: 读取文件成功
2017-02-08T02:03:10: 读取文件成功
2017-02-08T02:03:24: 读取文件成功
2017-02-08T02:03:32: 读取文件成功
2017-02-08T02:03:41: 读取文件成功
2017-02-08T02:03:51: 读取文件成功
2017-02-08T02:03:59: 读取文件成功
2017-02-08T02:04:11: 读取文件成功
2017-02-08T02:04:19: 读取文件成功
2017-02-08T02:04:39: 读取文件成功
2017-02-08T02:04:46: 读取文件成功
2017-02-08T02:04:48: 读取文件成功
2017-02-08T02:04:58: 读取文件成功
2017-02-08T02:05:08: 读取文件成功
2017-02-08T02:05:18: 读取文件成功
2017-02-08T02:05:28: 读取文件成功
2017-02-08T02:05:39: 读取文件成功
2017-02-08T02:05:51: 读取文件成功
2017-02-08T02:06:00: 读取文件成功
2017-02-08T02:06:13: 读取文件成功
2017-02-08T02:06:20: 读取文件成功
2017-02-08T02:06:30: 读取文件成功
2017-02-08T02:06:40: 读取文件成功
2017-02-08T02:06:51: 读取文件成功
2017-02-08T02:07:05: 读取文件成功
2017-02-08T02:07:09: 读取文件成功
2017-02-08T02:07:20: 读取文件成功
2017-02-08T02:07:33: 读取文件成功
2017-02-08T02:07:39: 读取文件成功
2017-02-08T02:07:54: 读取文件成功
2017-02-08T02:08:01: 读取文件成功
2017-02-08T02:08:09: 读取文件成功
2017-02-08T02:08:19: 读取文件成功
2017-02-08T02:08:30: 读取文件成功
2017-02-08T02:08:48: 读取文件成功
2017-02-08T02:08:50: 读取文件成功
2017-02-08T02:09:00: 读取文件成功
2017-02-08T02:09:10: 读取文件成功
2017-02-08T02:09:19: 读取文件成功
2017-02-08T02:09:29: 读取文件成功
2017-02-08T02:09:39: 读取文件成功
2017-02-08T02:09:49: 读取文件成功
2017-02-08T02:09:59: 读取文件成功
2017-02-08T02:10:09: 读取文件成功
2017-02-08T02:10:19: 读取文件成功
2017-02-08T02:10:29: 读取文件成功
2017-02-08T02:10:39: 读取文件成功
2017-02-08T02:10:49: 读取文件成功
2017-02-08T02:11:08: 读取文件成功
2017-02-08T02:11:16: 读取文件成功
2017-02-08T02:11:19: 读取文件成功
2017-02-08T02:11:29: 读取文件成功
2017-02-08T02:11:39: 读取文件成功
2017-02-08T02:11:49: 读取文件成功
2017-02-08T02:11:59: 读取文件成功
2017-02-08T02:12:10: 读取文件成功
2017-02-08T02:12:19: 读取文件成功
2017-02-08T02:12:30: 读取文件成功
2017-02-08T02:12:39: 读取文件成功
2017-02-08T02:12:49: 读取文件成功
2017-02-08T02:12:59: 读取文件成功
2017-02-08T02:13:09: 读取文件成功
2017-02-08T02:13:19: 读取文件成功
2017-02-08T02:13:29: 读取文件成功
2017-02-08T02:13:40: 读取文件成功
2017-02-08T02:13:51: 读取文件成功
2017-02-08T02:14:00: 读取文件成功
2017-02-08T02:14:13: 读取文件成功
2017-02-08T02:14:19: 读取文件成功
2017-02-08T02:14:30: 读取文件成功
2017-02-08T02:14:39: 读取文件成功
2017-02-08T02:14:49: 读取文件成功
2017-02-08T02:15:01: 读取文件成功
2017-02-08T02:15:12: 读取文件成功
2017-02-08T02:15:19: 读取文件成功
2017-02-08T02:15:29: 读取文件成功
2017-02-08T02:15:39: 读取文件成功
2017-02-08T02:15:49: 读取文件成功
2017-02-08T02:15:59: 读取文件成功
2017-02-08T02:16:09: 读取文件成功
2017-02-08T02:16:19: 读取文件成功
2017-02-08T02:16:29: 读取文件成功
2017-02-08T02:16:40: 读取文件成功
2017-02-08T02:16:49: 读取文件成功
2017-02-08T02:16:59: 读取文件成功
2017-02-08T02:17:09: 读取文件成功
2017-02-08T02:17:22: 读取文件成功
2017-02-08T02:17:29: 读取文件成功
2017-02-08T02:17:39: 读取文件成功
2017-02-08T02:17:50: 读取文件成功
2017-02-08T02:17:59: 读取文件成功
2017-02-08T02:18:10: 读取文件成功
2017-02-08T02:18:19: 读取文件成功
2017-02-08T02:18:29: 读取文件成功
2017-02-08T02:18:39: 读取文件成功
2017-02-08T02:18:49: 读取文件成功
2017-02-08T02:19:05: 读取文件成功
2017-02-08T02:19:09: 读取文件成功
2017-02-08T02:19:21: 读取文件成功
2017-02-08T02:19:29: 读取文件成功
2017-02-08T02:19:39: 读取文件成功
2017-02-08T02:19:50: 读取文件成功
2017-02-08T02:20:00: 读取文件成功
2017-02-08T02:20:10: 读取文件成功
2017-02-08T02:20:21: 读取文件成功
2017-02-08T02:20:30: 读取文件成功
2017-02-08T02:20:42: 读取文件成功
2017-02-08T02:20:49: 读取文件成功
2017-02-08T02:21:00: 读取文件成功
2017-02-08T02:21:10: 读取文件成功
2017-02-08T02:21:21: 读取文件成功
2017-02-08T02:21:30: 读取文件成功
2017-02-08T02:21:40: 读取文件成功
2017-02-08T02:21:50: 读取文件成功
2017-02-08T02:22:01: 读取文件成功
2017-02-08T02:22:10: 读取文件成功
2017-02-08T02:22:20: 读取文件成功
2017-02-08T02:22:31: 读取文件成功
2017-02-08T02:22:42: 读取文件成功
2017-02-08T02:22:51: 读取文件成功
2017-02-08T02:22:59: 读取文件成功
2017-02-08T02:23:17: 读取文件成功
2017-02-08T02:23:21: 读取文件成功
2017-02-08T02:23:30: 读取文件成功
2017-02-08T02:23:40: 读取文件成功
2017-02-08T02:23:57: 读取文件成功
2017-02-08T02:24:00: 读取文件成功
2017-02-08T02:24:12: 读取文件成功
2017-02-08T02:24:20: 读取文件成功
2017-02-08T02:24:35: 读取文件成功
2017-02-08T02:24:43: 读取文件成功
2017-02-08T02:24:52: 读取文件成功
2017-02-08T02:25:00: 读取文件成功
2017-02-08T02:25:09: 读取文件成功
2017-02-08T02:25:19: 读取文件成功
2017-02-08T02:25:33: 读取文件成功
2017-02-08T02:25:40: 读取文件成功
2017-02-08T02:25:52: 读取文件成功
2017-02-08T02:26:02: 读取文件成功
2017-02-08T02:26:12: 读取文件成功
2017-02-08T02:26:20: 读取文件成功
2017-02-08T02:26:30: 读取文件成功
2017-02-08T02:26:40: 读取文件成功
2017-02-08T02:26:50: 读取文件成功
2017-02-08T02:27:00: 读取文件成功
2017-02-08T02:27:14: 读取文件成功
2017-02-08T02:27:20: 读取文件成功
2017-02-08T02:27:30: 读取文件成功
2017-02-08T02:27:40: 读取文件成功
2017-02-08T02:27:50: 读取文件成功
2017-02-08T02:28:00: 读取文件成功
2017-02-08T02:28:10: 读取文件成功
2017-02-08T02:28:20: 读取文件成功
2017-02-08T02:28:30: 读取文件成功
2017-02-08T02:28:40: 读取文件成功
2017-02-08T02:28:50: 读取文件成功
2017-02-08T02:29:00: 读取文件成功
2017-02-08T02:29:10: 读取文件成功
2017-02-08T02:29:25: 读取文件成功
2017-02-08T02:29:31: 读取文件成功
2017-02-08T02:29:48: 读取文件成功
2017-02-08T02:29:50: 读取文件成功
2017-02-08T02:30:01: 读取文件成功
2017-02-08T02:30:10: 读取文件成功
2017-02-08T02:30:23: 读取文件成功
2017-02-08T02:30:32: 读取文件成功
2017-02-08T02:30:40: 读取文件成功
2017-02-08T02:30:50: 读取文件成功
2017-02-08T02:31:01: 读取文件成功
2017-02-08T02:31:10: 读取文件成功
2017-02-08T02:31:20: 读取文件成功
2017-02-08T02:31:30: 读取文件成功
2017-02-08T02:31:40: 读取文件成功
2017-02-08T02:31:55: 读取文件成功
2017-02-08T02:32:00: 读取文件成功
2017-02-08T02:32:12: 读取文件成功
2017-02-08T02:32:21: 读取文件成功
2017-02-08T02:32:32: 读取文件成功
2017-02-08T02:32:40: 读取文件成功
2017-02-08T02:32:52: 读取文件成功
2017-02-08T02:33:01: 读取文件成功
2017-02-08T02:33:10: 读取文件成功
2017-02-08T02:33:21: 读取文件成功
2017-02-08T02:33:32: 读取文件成功
2017-02-08T02:33:40: 读取文件成功
2017-02-08T02:33:50: 读取文件成功
2017-02-08T02:34:00: 读取文件成功
2017-02-08T02:34:10: 读取文件成功
2017-02-08T02:34:20: 读取文件成功
2017-02-08T02:34:30: 读取文件成功
2017-02-08T02:34:40: 读取文件成功
2017-02-08T02:34:50: 读取文件成功
2017-02-08T02:35:00: 读取文件成功
2017-02-08T02:35:10: 读取文件成功
2017-02-08T02:35:24: 读取文件成功
2017-02-08T02:35:31: 读取文件成功
2017-02-08T02:35:44: 读取文件成功
2017-02-08T02:35:52: 读取文件成功
2017-02-08T02:36:01: 读取文件成功
2017-02-08T02:36:15: 读取文件成功
2017-02-08T02:36:21: 读取文件成功
2017-02-08T02:36:32: 读取文件成功
2017-02-08T02:36:45: 读取文件成功
2017-02-08T02:36:51: 读取文件成功
2017-02-08T02:37:01: 读取文件成功
2017-02-08T02:37:16: 读取文件成功
2017-02-08T02:37:20: 读取文件成功
2017-02-08T02:37:30: 读取文件成功
2017-02-08T02:37:41: 读取文件成功
2017-02-08T02:37:52: 读取文件成功
2017-02-08T02:38:04: 读取文件成功
2017-02-08T02:38:11: 读取文件成功
2017-02-08T02:38:21: 读取文件成功
2017-02-08T02:38:31: 读取文件成功
2017-02-08T02:38:42: 读取文件成功
2017-02-08T02:39:02: 读取文件成功
2017-02-08T02:39:04: 读取文件成功
2017-02-08T02:39:20: 读取文件成功
2017-02-08T02:39:22: 读取文件成功
2017-02-08T02:39:30: 读取文件成功
2017-02-08T02:39:40: 读取文件成功
2017-02-08T02:39:50: 读取文件成功
2017-02-08T02:40:01: 读取文件成功
2017-02-08T02:40:14: 读取文件成功
2017-02-08T02:40:21: 读取文件成功
2017-02-08T02:40:32: 读取文件成功
2017-02-08T02:40:41: 读取文件成功
2017-02-08T02:40:51: 读取文件成功
2017-02-08T02:41:01: 读取文件成功
2017-02-08T02:41:11: 读取文件成功
2017-02-08T02:41:22: 读取文件成功
2017-02-08T02:41:31: 读取文件成功
2017-02-08T02:41:41: 读取文件成功
2017-02-08T02:41:52: 读取文件成功
2017-02-08T02:42:00: 读取文件成功
2017-02-08T02:42:10: 读取文件成功
2017-02-08T02:42:20: 读取文件成功
2017-02-08T02:42:31: 读取文件成功
2017-02-08T02:42:41: 读取文件成功
2017-02-08T02:42:51: 读取文件成功
2017-02-08T02:43:01: 读取文件成功
2017-02-08T02:43:11: 读取文件成功
2017-02-08T02:43:21: 读取文件成功
2017-02-08T02:43:31: 读取文件成功
2017-02-08T02:43:41: 读取文件成功
2017-02-08T02:43:51: 读取文件成功
2017-02-08T02:44:01: 读取文件成功
2017-02-08T02:44:11: 读取文件成功
2017-02-08T02:44:22: 读取文件成功
2017-02-08T02:44:30: 读取文件成功
2017-02-08T02:44:40: 读取文件成功
2017-02-08T02:44:50: 读取文件成功
2017-02-08T02:45:01: 读取文件成功
2017-02-08T02:45:12: 读取文件成功
2017-02-08T02:45:35: 读取文件成功
2017-02-08T02:45:36: 读取文件成功
2017-02-08T02:45:42: 读取文件成功
2017-02-08T02:45:51: 读取文件成功
2017-02-08T02:46:02: 读取文件成功
2017-02-08T02:46:11: 读取文件成功
2017-02-08T02:46:24: 读取文件成功
2017-02-08T02:46:31: 读取文件成功
2017-02-08T02:46:42: 读取文件成功
2017-02-08T02:46:52: 读取文件成功
2017-02-08T02:47:01: 读取文件成功
2017-02-08T02:47:11: 读取文件成功
2017-02-08T02:47:21: 读取文件成功
2017-02-08T02:47:31: 读取文件成功
2017-02-08T02:47:41: 读取文件成功
2017-02-08T02:47:51: 读取文件成功
2017-02-08T02:48:01: 读取文件成功
2017-02-08T02:48:11: 读取文件成功
2017-02-08T02:48:21: 读取文件成功
2017-02-08T02:48:31: 读取文件成功
2017-02-08T02:48:41: 读取文件成功
2017-02-08T02:48:59: 读取文件成功
2017-02-08T02:49:01: 读取文件成功
2017-02-08T02:49:11: 读取文件成功
2017-02-08T02:49:22: 读取文件成功
2017-02-08T02:49:31: 读取文件成功
2017-02-08T02:49:42: 读取文件成功
2017-02-08T02:49:51: 读取文件成功
2017-02-08T02:50:02: 读取文件成功
2017-02-08T02:50:13: 读取文件成功
2017-02-08T02:50:22: 读取文件成功
2017-02-08T02:50:31: 读取文件成功
2017-02-08T02:50:41: 读取文件成功
2017-02-08T02:50:51: 读取文件成功
2017-02-08T02:51:01: 读取文件成功
2017-02-08T02:51:12: 读取文件成功
2017-02-08T02:51:24: 读取文件成功
2017-02-08T02:51:31: 读取文件成功
2017-02-08T02:51:41: 读取文件成功
2017-02-08T02:51:52: 读取文件成功
2017-02-08T02:52:02: 读取文件成功
2017-02-08T02:52:15: 读取文件成功
2017-02-08T02:52:25: 读取文件成功
2017-02-08T02:52:34: 读取文件成功
2017-02-08T02:52:46: 读取文件成功
2017-02-08T02:52:52: 读取文件成功
2017-02-08T02:53:01: 读取文件成功
2017-02-08T02:53:11: 读取文件成功
2017-02-08T02:53:21: 读取文件成功
2017-02-08T02:53:31: 读取文件成功
2017-02-08T02:53:41: 读取文件成功
2017-02-08T02:53:51: 读取文件成功
2017-02-08T02:54:03: 读取文件成功
2017-02-08T02:54:11: 读取文件成功
2017-02-08T02:54:21: 读取文件成功
2017-02-08T02:54:31: 读取文件成功
2017-02-08T02:54:43: 读取文件成功
2017-02-08T02:54:51: 读取文件成功
2017-02-08T02:55:01: 读取文件成功
2017-02-08T02:55:12: 读取文件成功
2017-02-08T02:55:21: 读取文件成功
2017-02-08T02:55:32: 读取文件成功
2017-02-08T02:55:42: 读取文件成功
2017-02-08T02:55:51: 读取文件成功
2017-02-08T02:56:01: 读取文件成功
2017-02-08T02:56:22: 读取文件成功
2017-02-08T02:56:25: 读取文件成功
2017-02-08T02:56:38: 读取文件成功
2017-02-08T02:56:45: 读取文件成功
2017-02-08T02:56:55: 读取文件成功
2017-02-08T02:57:04: 读取文件成功
2017-02-08T02:57:15: 读取文件成功
2017-02-08T02:57:22: 读取文件成功
2017-02-08T02:57:40: 读取文件成功
2017-02-08T02:57:41: 读取文件成功
2017-02-08T02:57:51: 读取文件成功
2017-02-08T02:58:08: 读取文件成功
2017-02-08T02:58:11: 读取文件成功
2017-02-08T02:58:21: 读取文件成功
2017-02-08T02:58:31: 读取文件成功
2017-02-08T02:58:54: 读取文件成功
2017-02-08T02:58:58: 读取文件成功
2017-02-08T02:59:03: 读取文件成功
2017-02-08T02:59:12: 读取文件成功
2017-02-08T02:59:22: 读取文件成功
2017-02-08T02:59:32: 读取文件成功
2017-02-08T02:59:42: 读取文件成功
2017-02-08T02:59:52: 读取文件成功
2017-02-08T03:00:03: 读取文件成功
2017-02-08T03:00:12: 读取文件成功
2017-02-08T03:00:22: 读取文件成功
2017-02-08T03:00:32: 读取文件成功
2017-02-08T03:00:41: 读取文件成功
2017-02-08T03:00:51: 读取文件成功
2017-02-08T03:01:02: 读取文件成功
2017-02-08T03:01:13: 读取文件成功
2017-02-08T03:01:23: 读取文件成功
2017-02-08T03:01:38: 读取文件成功
2017-02-08T03:01:42: 读取文件成功
2017-02-08T03:01:53: 读取文件成功
2017-02-08T03:02:03: 读取文件成功
2017-02-08T03:02:12: 读取文件成功
2017-02-08T03:02:22: 读取文件成功
2017-02-08T03:02:32: 读取文件成功
2017-02-08T03:02:42: 读取文件成功
2017-02-08T03:02:52: 读取文件成功
2017-02-08T03:03:01: 读取文件成功
2017-02-08T03:03:12: 读取文件成功
2017-02-08T03:03:22: 读取文件成功
2017-02-08T03:03:32: 读取文件成功
2017-02-08T03:03:45: 读取文件成功
2017-02-08T03:03:52: 读取文件成功
2017-02-08T03:04:01: 读取文件成功
2017-02-08T03:04:12: 读取文件成功
2017-02-08T03:04:22: 读取文件成功
2017-02-08T03:04:32: 读取文件成功
2017-02-08T03:04:41: 读取文件成功
2017-02-08T03:04:52: 读取文件成功
2017-02-08T03:05:02: 读取文件成功
2017-02-08T03:05:12: 读取文件成功
2017-02-08T03:05:22: 读取文件成功
2017-02-08T03:05:32: 读取文件成功
2017-02-08T03:05:42: 读取文件成功
2017-02-08T03:05:52: 读取文件成功
2017-02-08T03:06:02: 读取文件成功
2017-02-08T03:06:12: 读取文件成功
2017-02-08T03:06:23: 读取文件成功
2017-02-08T03:06:32: 读取文件成功
2017-02-08T03:06:43: 读取文件成功
2017-02-08T03:06:52: 读取文件成功
2017-02-08T03:07:02: 读取文件成功
2017-02-08T03:07:12: 读取文件成功
2017-02-08T03:07:22: 读取文件成功
2017-02-08T03:07:32: 读取文件成功
2017-02-08T03:07:42: 读取文件成功
2017-02-08T03:07:52: 读取文件成功
2017-02-08T03:08:02: 读取文件成功
2017-02-08T03:08:12: 读取文件成功
2017-02-08T03:08:22: 读取文件成功
2017-02-08T03:08:33: 读取文件成功
2017-02-08T03:08:42: 读取文件成功
2017-02-08T03:08:52: 读取文件成功
2017-02-08T03:09:02: 读取文件成功
2017-02-08T03:09:12: 读取文件成功
2017-02-08T03:09:22: 读取文件成功
2017-02-08T03:09:33: 读取文件成功
2017-02-08T03:09:43: 读取文件成功
2017-02-08T03:09:55: 读取文件成功
2017-02-08T03:10:02: 读取文件成功
2017-02-08T03:10:13: 读取文件成功
2017-02-08T03:10:22: 读取文件成功
2017-02-08T03:10:32: 读取文件成功
2017-02-08T03:10:42: 读取文件成功
2017-02-08T03:10:53: 读取文件成功
2017-02-08T03:11:02: 读取文件成功
2017-02-08T03:11:12: 读取文件成功
2017-02-08T03:11:22: 读取文件成功
2017-02-08T03:11:32: 读取文件成功
2017-02-08T03:11:42: 读取文件成功
2017-02-08T03:11:52: 读取文件成功
2017-02-08T03:12:02: 读取文件成功
2017-02-08T03:12:12: 读取文件成功
2017-02-08T03:12:22: 读取文件成功
2017-02-08T03:12:32: 读取文件成功
2017-02-08T03:12:42: 读取文件成功
2017-02-08T03:12:52: 读取文件成功
2017-02-08T03:13:02: 读取文件成功
2017-02-08T03:13:12: 读取文件成功
2017-02-08T03:13:22: 读取文件成功
2017-02-08T03:13:32: 读取文件成功
2017-02-08T03:13:42: 读取文件成功
2017-02-08T03:13:54: 读取文件成功
2017-02-08T03:14:02: 读取文件成功
2017-02-08T03:14:12: 读取文件成功
2017-02-08T03:14:22: 读取文件成功
2017-02-08T03:14:32: 读取文件成功
2017-02-08T03:14:42: 读取文件成功
2017-02-08T03:14:53: 读取文件成功
2017-02-08T03:15:02: 读取文件成功
2017-02-08T03:15:13: 读取文件成功
2017-02-08T03:15:22: 读取文件成功
2017-02-08T03:15:33: 读取文件成功
2017-02-08T03:15:43: 读取文件成功
2017-02-08T03:15:54: 读取文件成功
2017-02-08T03:16:03: 读取文件成功
2017-02-08T03:16:13: 读取文件成功
2017-02-08T03:16:22: 读取文件成功
2017-02-08T03:16:32: 读取文件成功
2017-02-08T03:16:43: 读取文件成功
2017-02-08T03:16:53: 读取文件成功
2017-02-08T03:17:03: 读取文件成功
2017-02-08T03:17:14: 读取文件成功
2017-02-08T03:17:22: 读取文件成功
2017-02-08T03:17:40: 读取文件成功
2017-02-08T03:17:42: 读取文件成功
2017-02-08T03:17:53: 读取文件成功
2017-02-08T03:18:03: 读取文件成功
2017-02-08T03:18:13: 读取文件成功
2017-02-08T03:18:24: 读取文件成功
2017-02-08T03:18:33: 读取文件成功
2017-02-08T03:18:43: 读取文件成功
2017-02-08T03:18:53: 读取文件成功
2017-02-08T03:19:03: 读取文件成功
2017-02-08T03:19:14: 读取文件成功
2017-02-08T03:19:23: 读取文件成功
2017-02-08T03:19:33: 读取文件成功
2017-02-08T03:19:43: 读取文件成功
2017-02-08T03:19:52: 读取文件成功
2017-02-08T03:20:02: 读取文件成功
2017-02-08T03:20:12: 读取文件成功
2017-02-08T03:20:22: 读取文件成功
2017-02-08T03:20:32: 读取文件成功
2017-02-08T03:20:42: 读取文件成功
2017-02-08T03:20:53: 读取文件成功
2017-02-08T03:21:03: 读取文件成功
2017-02-08T03:21:13: 读取文件成功
2017-02-08T03:21:23: 读取文件成功
2017-02-08T03:21:33: 读取文件成功
2017-02-08T03:21:43: 读取文件成功
2017-02-08T03:21:53: 读取文件成功
2017-02-08T03:22:03: 读取文件成功
2017-02-08T03:22:13: 读取文件成功
2017-02-08T03:22:23: 读取文件成功
2017-02-08T03:22:33: 读取文件成功
2017-02-08T03:22:42: 读取文件成功
2017-02-08T03:22:52: 读取文件成功
2017-02-08T03:23:03: 读取文件成功
2017-02-08T03:23:13: 读取文件成功
2017-02-08T03:23:23: 读取文件成功
2017-02-08T03:23:33: 读取文件成功
2017-02-08T03:23:43: 读取文件成功
2017-02-08T03:23:53: 读取文件成功
2017-02-08T03:24:03: 读取文件成功
2017-02-08T03:24:13: 读取文件成功
2017-02-08T03:24:23: 读取文件成功
2017-02-08T03:24:33: 读取文件成功
2017-02-08T03:24:43: 读取文件成功
2017-02-08T03:24:53: 读取文件成功
2017-02-08T03:25:04: 读取文件成功
2017-02-08T03:25:13: 读取文件成功
2017-02-08T03:25:23: 读取文件成功
2017-02-08T03:25:33: 读取文件成功
2017-02-08T03:25:43: 读取文件成功
2017-02-08T03:25:53: 读取文件成功
2017-02-08T03:26:03: 读取文件成功
2017-02-08T03:26:13: 读取文件成功
2017-02-08T03:26:23: 读取文件成功
2017-02-08T03:26:33: 读取文件成功
2017-02-08T03:26:45: 读取文件成功
2017-02-08T03:26:53: 读取文件成功
2017-02-08T03:27:04: 读取文件成功
2017-02-08T03:27:13: 读取文件成功
2017-02-08T03:27:23: 读取文件成功
2017-02-08T03:27:33: 读取文件成功
2017-02-08T03:27:43: 读取文件成功
2017-02-08T03:27:53: 读取文件成功
2017-02-08T03:28:03: 读取文件成功
2017-02-08T03:28:13: 读取文件成功
2017-02-08T03:28:23: 读取文件成功
2017-02-08T03:28:33: 读取文件成功
2017-02-08T03:28:43: 读取文件成功
2017-02-08T03:28:53: 读取文件成功
2017-02-08T03:29:03: 读取文件成功
2017-02-08T03:29:13: 读取文件成功
2017-02-08T03:29:23: 读取文件成功
2017-02-08T03:29:33: 读取文件成功
2017-02-08T03:29:43: 读取文件成功
2017-02-08T03:29:53: 读取文件成功
2017-02-08T03:30:03: 读取文件成功
2017-02-08T03:30:13: 读取文件成功
2017-02-08T03:30:23: 读取文件成功
2017-02-08T03:30:33: 读取文件成功
2017-02-08T03:30:43: 读取文件成功
2017-02-08T03:30:53: 读取文件成功
2017-02-08T03:31:03: 读取文件成功
2017-02-08T03:31:13: 读取文件成功
2017-02-08T03:31:23: 读取文件成功
2017-02-08T03:31:33: 读取文件成功
2017-02-08T03:31:43: 读取文件成功
2017-02-08T03:31:53: 读取文件成功
2017-02-08T03:32:03: 读取文件成功
2017-02-08T03:32:13: 读取文件成功
2017-02-08T03:32:23: 读取文件成功
2017-02-08T03:32:33: 读取文件成功
2017-02-08T03:32:43: 读取文件成功
2017-02-08T03:32:53: 读取文件成功
2017-02-08T03:33:03: 读取文件成功
2017-02-08T03:33:13: 读取文件成功
2017-02-08T03:33:23: 读取文件成功
2017-02-08T03:33:33: 读取文件成功
2017-02-08T03:33:43: 读取文件成功
2017-02-08T03:33:53: 读取文件成功
2017-02-08T03:34:03: 读取文件成功
2017-02-08T03:34:13: 读取文件成功
2017-02-08T03:34:23: 读取文件成功
2017-02-08T03:34:33: 读取文件成功
2017-02-08T03:34:43: 读取文件成功
2017-02-08T03:34:53: 读取文件成功
2017-02-08T03:35:03: 读取文件成功
2017-02-08T03:35:13: 读取文件成功
2017-02-08T03:35:23: 读取文件成功
2017-02-08T03:35:33: 读取文件成功
2017-02-08T03:35:43: 读取文件成功
2017-02-08T03:35:53: 读取文件成功
2017-02-08T03:36:03: 读取文件成功
2017-02-08T03:36:13: 读取文件成功
2017-02-08T03:36:23: 读取文件成功
2017-02-08T03:36:33: 读取文件成功
2017-02-08T03:36:43: 读取文件成功
2017-02-08T03:36:53: 读取文件成功
2017-02-08T03:37:03: 读取文件成功
2017-02-08T03:37:13: 读取文件成功
2017-02-08T03:37:23: 读取文件成功
2017-02-08T03:37:33: 读取文件成功
2017-02-08T03:37:43: 读取文件成功
2017-02-08T03:37:53: 读取文件成功
2017-02-08T03:38:03: 读取文件成功
2017-02-08T03:38:13: 读取文件成功
2017-02-08T03:38:23: 读取文件成功
2017-02-08T03:38:33: 读取文件成功
2017-02-08T03:38:43: 读取文件成功
2017-02-08T03:38:53: 读取文件成功
2017-02-08T03:39:03: 读取文件成功
2017-02-08T03:39:13: 读取文件成功
2017-02-08T03:39:23: 读取文件成功
2017-02-08T03:39:33: 读取文件成功
2017-02-08T03:39:43: 读取文件成功
2017-02-08T03:39:54: 读取文件成功
2017-02-08T03:40:04: 读取文件成功
2017-02-08T03:40:14: 读取文件成功
2017-02-08T03:40:24: 读取文件成功
2017-02-08T03:40:34: 读取文件成功
2017-02-08T03:40:44: 读取文件成功
2017-02-08T03:40:54: 读取文件成功
2017-02-08T03:41:04: 读取文件成功
2017-02-08T03:41:14: 读取文件成功
2017-02-08T03:41:24: 读取文件成功
2017-02-08T03:41:34: 读取文件成功
2017-02-08T03:41:44: 读取文件成功
2017-02-08T03:41:54: 读取文件成功
2017-02-08T03:42:04: 读取文件成功
2017-02-08T03:42:14: 读取文件成功
2017-02-08T03:42:24: 读取文件成功
2017-02-08T03:42:34: 读取文件成功
2017-02-08T03:42:44: 读取文件成功
2017-02-08T03:42:54: 读取文件成功
2017-02-08T03:43:04: 读取文件成功
2017-02-08T03:43:14: 读取文件成功
2017-02-08T03:43:24: 读取文件成功
2017-02-08T03:43:34: 读取文件成功
2017-02-08T03:43:44: 读取文件成功
2017-02-08T03:43:54: 读取文件成功
2017-02-08T03:44:04: 读取文件成功
2017-02-08T03:44:14: 读取文件成功
2017-02-08T03:44:24: 读取文件成功
2017-02-08T03:44:34: 读取文件成功
2017-02-08T03:44:44: 读取文件成功
2017-02-08T03:44:54: 读取文件成功
2017-02-08T03:45:04: 读取文件成功
2017-02-08T03:45:14: 读取文件成功
2017-02-08T03:45:24: 读取文件成功
2017-02-08T03:45:34: 读取文件成功
2017-02-08T03:45:44: 读取文件成功
2017-02-08T03:45:54: 读取文件成功
2017-02-08T03:46:04: 读取文件成功
2017-02-08T03:46:14: 读取文件成功
2017-02-08T03:46:24: 读取文件成功
2017-02-08T03:46:34: 读取文件成功
2017-02-08T03:46:44: 读取文件成功
2017-02-08T03:46:54: 读取文件成功
2017-02-08T03:47:04: 读取文件成功
2017-02-08T03:47:14: 读取文件成功
2017-02-08T03:47:24: 读取文件成功
2017-02-08T03:47:34: 读取文件成功
2017-02-08T03:47:44: 读取文件成功
2017-02-08T03:47:54: 读取文件成功
2017-02-08T03:48:04: 读取文件成功
2017-02-08T03:48:14: 读取文件成功
2017-02-08T03:48:24: 读取文件成功
2017-02-08T03:48:34: 读取文件成功
2017-02-08T03:48:44: 读取文件成功
2017-02-08T03:48:54: 读取文件成功
2017-02-08T03:49:04: 读取文件成功
2017-02-08T03:49:14: 读取文件成功
2017-02-08T03:49:24: 读取文件成功
2017-02-08T03:49:34: 读取文件成功
2017-02-08T03:49:44: 读取文件成功
2017-02-08T03:49:54: 读取文件成功
2017-02-08T03:50:04: 读取文件成功
2017-02-08T03:50:14: 读取文件成功
2017-02-08T03:50:24: 读取文件成功
2017-02-08T03:50:34: 读取文件成功
2017-02-08T03:50:44: 读取文件成功
2017-02-08T03:50:54: 读取文件成功
2017-02-08T03:51:04: 读取文件成功
2017-02-08T03:51:14: 读取文件成功
2017-02-08T03:51:24: 读取文件成功
2017-02-08T03:51:34: 读取文件成功
2017-02-08T03:51:44: 读取文件成功
2017-02-08T03:51:54: 读取文件成功
2017-02-08T03:52:04: 读取文件成功
2017-02-08T03:52:14: 读取文件成功
2017-02-08T03:52:24: 读取文件成功
2017-02-08T03:52:34: 读取文件成功
2017-02-08T03:52:44: 读取文件成功
2017-02-08T03:52:54: 读取文件成功
2017-02-08T03:53:04: 读取文件成功
2017-02-08T03:53:14: 读取文件成功
2017-02-08T03:53:24: 读取文件成功
2017-02-08T03:53:34: 读取文件成功
2017-02-08T03:53:44: 读取文件成功
2017-02-08T03:53:55: 读取文件成功
2017-02-08T03:54:05: 读取文件成功
2017-02-08T03:54:15: 读取文件成功
2017-02-08T03:54:25: 读取文件成功
2017-02-08T03:54:35: 读取文件成功
2017-02-08T03:54:45: 读取文件成功
2017-02-08T03:54:55: 读取文件成功
2017-02-08T03:55:05: 读取文件成功
2017-02-08T03:55:15: 读取文件成功
2017-02-08T03:55:25: 读取文件成功
2017-02-08T03:55:35: 读取文件成功
2017-02-08T03:55:45: 读取文件成功
2017-02-08T03:55:55: 读取文件成功
2017-02-08T03:56:05: 读取文件成功
2017-02-08T03:56:15: 读取文件成功
2017-02-08T03:56:25: 读取文件成功
2017-02-08T03:56:35: 读取文件成功
2017-02-08T03:56:45: 读取文件成功
2017-02-08T03:56:55: 读取文件成功
2017-02-08T03:57:05: 读取文件成功
2017-02-08T03:57:15: 读取文件成功
2017-02-08T03:57:25: 读取文件成功
2017-02-08T03:57:35: 读取文件成功
2017-02-08T03:57:45: 读取文件成功
2017-02-08T03:57:55: 读取文件成功
2017-02-08T03:58:05: 读取文件成功
2017-02-08T03:58:15: 读取文件成功
2017-02-08T03:58:25: 读取文件成功
2017-02-08T03:58:35: 读取文件成功
2017-02-08T03:58:45: 读取文件成功
2017-02-08T03:58:55: 读取文件成功
2017-02-08T03:59:05: 读取文件成功
2017-02-08T03:59:15: 读取文件成功
2017-02-08T03:59:25: 读取文件成功
2017-02-08T03:59:35: 读取文件成功
2017-02-08T03:59:45: 读取文件成功
2017-02-08T03:59:55: 读取文件成功
2017-02-08T04:00:05: 读取文件成功
2017-02-08T04:00:15: 读取文件成功
2017-02-08T04:00:25: 读取文件成功
2017-02-08T04:00:35: 读取文件成功
2017-02-08T04:00:45: 读取文件成功
2017-02-08T04:00:55: 读取文件成功
2017-02-08T04:01:05: 读取文件成功
2017-02-08T04:01:15: 读取文件成功
2017-02-08T04:01:25: 读取文件成功
2017-02-08T04:01:35: 读取文件成功
2017-02-08T04:01:45: 读取文件成功
2017-02-08T04:01:55: 读取文件成功
2017-02-08T04:02:05: 读取文件成功
2017-02-08T04:02:15: 读取文件成功
2017-02-08T04:02:25: 读取文件成功
2017-02-08T04:02:35: 读取文件成功
2017-02-08T04:02:45: 读取文件成功
2017-02-08T04:02:55: 读取文件成功
2017-02-08T04:03:05: 读取文件成功
2017-02-08T04:03:15: 读取文件成功
2017-02-08T04:03:25: 读取文件成功
2017-02-08T04:03:35: 读取文件成功
2017-02-08T04:03:45: 读取文件成功
2017-02-08T04:03:55: 读取文件成功
2017-02-08T04:04:05: 读取文件成功
2017-02-08T04:04:15: 读取文件成功
2017-02-08T04:04:25: 读取文件成功
2017-02-08T04:04:35: 读取文件成功
2017-02-08T04:04:45: 读取文件成功
2017-02-08T04:04:55: 读取文件成功
2017-02-08T04:05:05: 读取文件成功
2017-02-08T04:05:15: 读取文件成功
2017-02-08T04:05:25: 读取文件成功
2017-02-08T04:05:35: 读取文件成功
2017-02-08T04:05:45: 读取文件成功
2017-02-08T04:05:55: 读取文件成功
2017-02-08T04:06:05: 读取文件成功
2017-02-08T04:06:15: 读取文件成功
2017-02-08T04:06:25: 读取文件成功
2017-02-08T04:06:35: 读取文件成功
2017-02-08T04:06:45: 读取文件成功
2017-02-08T04:06:55: 读取文件成功
2017-02-08T04:07:05: 读取文件成功
2017-02-08T04:07:15: 读取文件成功
2017-02-08T04:07:25: 读取文件成功
2017-02-08T04:07:35: 读取文件成功
2017-02-08T04:07:45: 读取文件成功
2017-02-08T04:07:55: 读取文件成功
2017-02-08T04:08:05: 读取文件成功
2017-02-08T04:08:15: 读取文件成功
2017-02-08T04:08:25: 读取文件成功
2017-02-08T04:08:35: 读取文件成功
2017-02-08T04:08:45: 读取文件成功
2017-02-08T04:08:55: 读取文件成功
2017-02-08T04:09:05: 读取文件成功
2017-02-08T04:09:15: 读取文件成功
2017-02-08T04:09:25: 读取文件成功
2017-02-08T04:09:35: 读取文件成功
2017-02-08T04:09:45: 读取文件成功
2017-02-08T04:09:55: 读取文件成功
2017-02-08T04:10:06: 读取文件成功
2017-02-08T04:10:16: 读取文件成功
2017-02-08T04:10:26: 读取文件成功
2017-02-08T04:10:36: 读取文件成功
2017-02-08T04:10:46: 读取文件成功
2017-02-08T04:10:56: 读取文件成功
2017-02-08T04:11:06: 读取文件成功
2017-02-08T04:11:16: 读取文件成功
2017-02-08T04:11:26: 读取文件成功
2017-02-08T04:11:36: 读取文件成功
2017-02-08T04:11:46: 读取文件成功
2017-02-08T04:11:56: 读取文件成功
2017-02-08T04:12:06: 读取文件成功
2017-02-08T04:12:16: 读取文件成功
2017-02-08T04:12:26: 读取文件成功
2017-02-08T04:12:36: 读取文件成功
2017-02-08T04:12:46: 读取文件成功
2017-02-08T04:12:56: 读取文件成功
2017-02-08T04:13:06: 读取文件成功
2017-02-08T04:13:16: 读取文件成功
2017-02-08T04:13:26: 读取文件成功
2017-02-08T04:13:36: 读取文件成功
2017-02-08T04:13:46: 读取文件成功
2017-02-08T04:13:56: 读取文件成功
2017-02-08T04:14:06: 读取文件成功
2017-02-08T04:14:16: 读取文件成功
2017-02-08T04:14:26: 读取文件成功
2017-02-08T04:14:36: 读取文件成功
2017-02-08T04:14:46: 读取文件成功
2017-02-08T04:14:56: 读取文件成功
2017-02-08T04:15:06: 读取文件成功
2017-02-08T04:15:16: 读取文件成功
2017-02-08T04:15:26: 读取文件成功
2017-02-08T04:15:36: 读取文件成功
2017-02-08T04:15:46: 读取文件成功
2017-02-08T04:15:56: 读取文件成功
2017-02-08T04:16:06: 读取文件成功
2017-02-08T04:16:16: 读取文件成功
2017-02-08T04:16:26: 读取文件成功
2017-02-08T04:16:36: 读取文件成功
2017-02-08T04:16:46: 读取文件成功
2017-02-08T04:16:56: 读取文件成功
2017-02-08T04:17:06: 读取文件成功
2017-02-08T04:17:16: 读取文件成功
2017-02-08T04:17:26: 读取文件成功
2017-02-08T04:17:36: 读取文件成功
2017-02-08T04:17:46: 读取文件成功
2017-02-08T04:17:56: 读取文件成功
2017-02-08T04:18:06: 读取文件成功
2017-02-08T04:18:16: 读取文件成功
2017-02-08T04:18:26: 读取文件成功
2017-02-08T04:18:36: 读取文件成功
2017-02-08T04:18:46: 读取文件成功
2017-02-08T04:18:56: 读取文件成功
2017-02-08T04:19:06: 读取文件成功
2017-02-08T04:19:16: 读取文件成功
2017-02-08T04:19:26: 读取文件成功
2017-02-08T04:19:36: 读取文件成功
2017-02-08T04:19:46: 读取文件成功
2017-02-08T04:19:56: 读取文件成功
2017-02-08T04:20:06: 读取文件成功
2017-02-08T04:20:16: 读取文件成功
2017-02-08T04:20:26: 读取文件成功
2017-02-08T04:20:36: 读取文件成功
2017-02-08T04:20:46: 读取文件成功
2017-02-08T04:20:56: 读取文件成功
2017-02-08T04:21:06: 读取文件成功
2017-02-08T04:21:16: 读取文件成功
2017-02-08T04:21:26: 读取文件成功
2017-02-08T04:21:36: 读取文件成功
2017-02-08T04:21:46: 读取文件成功
2017-02-08T04:21:56: 读取文件成功
2017-02-08T04:22:06: 读取文件成功
2017-02-08T04:22:16: 读取文件成功
2017-02-08T04:22:26: 读取文件成功
2017-02-08T04:22:36: 读取文件成功
2017-02-08T04:22:46: 读取文件成功
2017-02-08T04:22:56: 读取文件成功
2017-02-08T04:23:06: 读取文件成功
2017-02-08T04:23:16: 读取文件成功
2017-02-08T04:23:26: 读取文件成功
2017-02-08T04:23:36: 读取文件成功
2017-02-08T04:23:46: 读取文件成功
2017-02-08T04:23:56: 读取文件成功
2017-02-08T04:24:06: 读取文件成功
2017-02-08T04:24:16: 读取文件成功
2017-02-08T04:24:26: 读取文件成功
2017-02-08T04:24:36: 读取文件成功
2017-02-08T04:24:46: 读取文件成功
2017-02-08T04:24:56: 读取文件成功
2017-02-08T04:25:06: 读取文件成功
2017-02-08T04:25:16: 读取文件成功
2017-02-08T04:25:26: 读取文件成功
2017-02-08T04:25:36: 读取文件成功
2017-02-08T04:25:46: 读取文件成功
2017-02-08T04:25:56: 读取文件成功
2017-02-08T04:26:06: 读取文件成功
2017-02-08T04:26:16: 读取文件成功
2017-02-08T04:26:26: 读取文件成功
2017-02-08T04:26:36: 读取文件成功
2017-02-08T04:26:46: 读取文件成功
2017-02-08T04:26:56: 读取文件成功
2017-02-08T04:27:06: 读取文件成功
2017-02-08T04:27:16: 读取文件成功
2017-02-08T04:27:26: 读取文件成功
2017-02-08T04:27:36: 读取文件成功
2017-02-08T04:27:46: 读取文件成功
2017-02-08T04:27:56: 读取文件成功
2017-02-08T04:28:06: 读取文件成功
2017-02-08T04:28:16: 读取文件成功
2017-02-08T04:28:26: 读取文件成功
2017-02-08T04:28:36: 读取文件成功
2017-02-08T04:28:46: 读取文件成功
2017-02-08T04:28:56: 读取文件成功
2017-02-08T04:29:06: 读取文件成功
2017-02-08T04:29:16: 读取文件成功
2017-02-08T04:29:26: 读取文件成功
2017-02-08T04:29:37: 读取文件成功
2017-02-08T04:29:47: 读取文件成功
2017-02-08T04:29:57: 读取文件成功
2017-02-08T04:30:07: 读取文件成功
2017-02-08T04:30:17: 读取文件成功
2017-02-08T04:30:27: 读取文件成功
2017-02-08T04:30:37: 读取文件成功
2017-02-08T04:30:47: 读取文件成功
2017-02-08T04:30:57: 读取文件成功
2017-02-08T04:31:07: 读取文件成功
2017-02-08T04:31:17: 读取文件成功
2017-02-08T04:31:27: 读取文件成功
2017-02-08T04:31:37: 读取文件成功
2017-02-08T04:31:47: 读取文件成功
2017-02-08T04:31:57: 读取文件成功
2017-02-08T04:32:07: 读取文件成功
2017-02-08T04:32:17: 读取文件成功
2017-02-08T04:32:27: 读取文件成功
2017-02-08T04:32:37: 读取文件成功
2017-02-08T04:32:47: 读取文件成功
2017-02-08T04:32:57: 读取文件成功
2017-02-08T04:33:07: 读取文件成功
2017-02-08T04:33:17: 读取文件成功
2017-02-08T04:33:27: 读取文件成功
2017-02-08T04:33:37: 读取文件成功
2017-02-08T04:33:47: 读取文件成功
2017-02-08T04:33:57: 读取文件成功
2017-02-08T04:34:07: 读取文件成功
2017-02-08T04:34:17: 读取文件成功
2017-02-08T04:34:27: 读取文件成功
2017-02-08T04:34:37: 读取文件成功
2017-02-08T04:34:47: 读取文件成功
2017-02-08T04:34:57: 读取文件成功
2017-02-08T04:35:07: 读取文件成功
2017-02-08T04:35:17: 读取文件成功
2017-02-08T04:35:27: 读取文件成功
2017-02-08T04:35:37: 读取文件成功
2017-02-08T04:35:47: 读取文件成功
2017-02-08T04:35:57: 读取文件成功
2017-02-08T04:36:07: 读取文件成功
2017-02-08T04:36:17: 读取文件成功
2017-02-08T04:36:27: 读取文件成功
2017-02-08T04:36:37: 读取文件成功
2017-02-08T04:36:47: 读取文件成功
2017-02-08T04:36:57: 读取文件成功
2017-02-08T04:37:07: 读取文件成功
2017-02-08T04:37:17: 读取文件成功
2017-02-08T04:37:27: 读取文件成功
2017-02-08T04:37:37: 读取文件成功
2017-02-08T04:37:47: 读取文件成功
2017-02-08T04:37:57: 读取文件成功
2017-02-08T04:38:07: 读取文件成功
2017-02-08T04:38:17: 读取文件成功
2017-02-08T04:38:27: 读取文件成功
2017-02-08T04:38:37: 读取文件成功
2017-02-08T04:38:47: 读取文件成功
2017-02-08T04:38:57: 读取文件成功
2017-02-08T04:39:07: 读取文件成功
2017-02-08T04:39:17: 读取文件成功
2017-02-08T04:39:27: 读取文件成功
2017-02-08T04:39:37: 读取文件成功
2017-02-08T04:39:47: 读取文件成功
2017-02-08T04:39:57: 读取文件成功
2017-02-08T04:40:07: 读取文件成功
2017-02-08T04:40:17: 读取文件成功
2017-02-08T04:40:27: 读取文件成功
2017-02-08T04:40:37: 读取文件成功
2017-02-08T04:40:47: 读取文件成功
2017-02-08T04:40:57: 读取文件成功
2017-02-08T04:41:07: 读取文件成功
2017-02-08T04:41:17: 读取文件成功
2017-02-08T04:41:27: 读取文件成功
2017-02-08T04:41:37: 读取文件成功
2017-02-08T04:41:47: 读取文件成功
2017-02-08T04:41:57: 读取文件成功
2017-02-08T04:42:07: 读取文件成功
2017-02-08T04:42:17: 读取文件成功
2017-02-08T04:42:27: 读取文件成功
2017-02-08T04:42:37: 读取文件成功
2017-02-08T04:42:47: 读取文件成功
2017-02-08T04:42:57: 读取文件成功
2017-02-08T04:43:07: 读取文件成功
2017-02-08T04:43:17: 读取文件成功
2017-02-08T04:43:27: 读取文件成功
2017-02-08T04:43:37: 读取文件成功
2017-02-08T04:43:47: 读取文件成功
2017-02-08T04:43:57: 读取文件成功
2017-02-08T04:44:07: 读取文件成功
2017-02-08T04:44:17: 读取文件成功
2017-02-08T04:44:27: 读取文件成功
2017-02-08T04:44:37: 读取文件成功
2017-02-08T04:44:47: 读取文件成功
2017-02-08T04:44:57: 读取文件成功
2017-02-08T04:45:07: 读取文件成功
2017-02-08T04:45:17: 读取文件成功
2017-02-08T04:45:27: 读取文件成功
2017-02-08T04:45:37: 读取文件成功
2017-02-08T04:45:47: 读取文件成功
2017-02-08T04:45:57: 读取文件成功
2017-02-08T04:46:07: 读取文件成功
2017-02-08T04:46:17: 读取文件成功
2017-02-08T04:46:27: 读取文件成功
2017-02-08T04:46:38: 读取文件成功
2017-02-08T04:46:47: 读取文件成功
2017-02-08T04:46:57: 读取文件成功
2017-02-08T04:47:07: 读取文件成功
2017-02-08T04:47:17: 读取文件成功
2017-02-08T04:47:27: 读取文件成功
2017-02-08T04:47:37: 读取文件成功
2017-02-08T04:47:47: 读取文件成功
2017-02-08T04:47:57: 读取文件成功
2017-02-08T04:48:07: 读取文件成功
2017-02-08T04:48:18: 读取文件成功
2017-02-08T04:48:28: 读取文件成功
2017-02-08T04:48:38: 读取文件成功
2017-02-08T04:48:48: 读取文件成功
2017-02-08T04:48:58: 读取文件成功
2017-02-08T04:49:08: 读取文件成功
2017-02-08T04:49:18: 读取文件成功
2017-02-08T04:49:28: 读取文件成功
2017-02-08T04:49:38: 读取文件成功
2017-02-08T04:49:48: 读取文件成功
2017-02-08T04:49:58: 读取文件成功
2017-02-08T04:50:08: 读取文件成功
2017-02-08T04:50:18: 读取文件成功
2017-02-08T04:50:28: 读取文件成功
2017-02-08T04:50:38: 读取文件成功
2017-02-08T04:50:48: 读取文件成功
2017-02-08T04:50:58: 读取文件成功
2017-02-08T04:51:08: 读取文件成功
2017-02-08T04:51:18: 读取文件成功
2017-02-08T04:51:28: 读取文件成功
2017-02-08T04:51:38: 读取文件成功
2017-02-08T04:51:48: 读取文件成功
2017-02-08T04:51:58: 读取文件成功
2017-02-08T04:52:08: 读取文件成功
2017-02-08T04:52:18: 读取文件成功
2017-02-08T04:52:28: 读取文件成功
2017-02-08T04:52:38: 读取文件成功
2017-02-08T04:52:48: 读取文件成功
2017-02-08T04:52:58: 读取文件成功
2017-02-08T04:53:08: 读取文件成功
2017-02-08T04:53:18: 读取文件成功
2017-02-08T04:53:28: 读取文件成功
2017-02-08T04:53:38: 读取文件成功
2017-02-08T04:53:48: 读取文件成功
2017-02-08T04:53:58: 读取文件成功
2017-02-08T04:54:08: 读取文件成功
2017-02-08T04:54:18: 读取文件成功
2017-02-08T04:54:28: 读取文件成功
2017-02-08T04:54:38: 读取文件成功
2017-02-08T04:54:48: 读取文件成功
2017-02-08T04:54:58: 读取文件成功
2017-02-08T04:55:08: 读取文件成功
2017-02-08T04:55:18: 读取文件成功
2017-02-08T04:55:28: 读取文件成功
2017-02-08T04:55:38: 读取文件成功
2017-02-08T04:55:48: 读取文件成功
2017-02-08T04:55:58: 读取文件成功
2017-02-08T04:56:08: 读取文件成功
2017-02-08T04:56:18: 读取文件成功
2017-02-08T04:56:28: 读取文件成功
2017-02-08T04:56:38: 读取文件成功
2017-02-08T04:56:48: 读取文件成功
2017-02-08T04:56:58: 读取文件成功
2017-02-08T04:57:08: 读取文件成功
2017-02-08T04:57:18: 读取文件成功
2017-02-08T04:57:28: 读取文件成功
2017-02-08T04:57:38: 读取文件成功
2017-02-08T04:57:48: 读取文件成功
2017-02-08T04:57:58: 读取文件成功
2017-02-08T04:58:08: 读取文件成功
2017-02-08T04:58:18: 读取文件成功
2017-02-08T04:58:28: 读取文件成功
2017-02-08T04:58:38: 读取文件成功
2017-02-08T04:58:48: 读取文件成功
2017-02-08T04:58:58: 读取文件成功
2017-02-08T04:59:08: 读取文件成功
2017-02-08T04:59:18: 读取文件成功
2017-02-08T04:59:28: 读取文件成功
2017-02-08T04:59:38: 读取文件成功
2017-02-08T04:59:48: 读取文件成功
2017-02-08T04:59:58: 读取文件成功
2017-02-08T05:00:08: 读取文件成功
2017-02-08T05:00:18: 读取文件成功
2017-02-08T05:00:28: 读取文件成功
2017-02-08T05:00:38: 读取文件成功
2017-02-08T05:00:48: 读取文件成功
2017-02-08T05:00:58: 读取文件成功
2017-02-08T05:01:08: 读取文件成功
2017-02-08T05:01:18: 读取文件成功
2017-02-08T05:01:28: 读取文件成功
2017-02-08T05:01:38: 读取文件成功
2017-02-08T05:01:48: 读取文件成功
2017-02-08T05:01:58: 读取文件成功
2017-02-08T05:02:08: 读取文件成功
2017-02-08T05:02:18: 读取文件成功
2017-02-08T05:02:28: 读取文件成功
2017-02-08T05:02:38: 读取文件成功
2017-02-08T05:02:48: 读取文件成功
2017-02-08T05:02:58: 读取文件成功
2017-02-08T05:03:08: 读取文件成功
2017-02-08T05:03:18: 读取文件成功
2017-02-08T05:03:28: 读取文件成功
2017-02-08T05:03:38: 读取文件成功
2017-02-08T05:03:48: 读取文件成功
2017-02-08T05:03:58: 读取文件成功
2017-02-08T05:04:08: 读取文件成功
2017-02-08T05:04:18: 读取文件成功
2017-02-08T05:04:28: 读取文件成功
2017-02-08T05:04:38: 读取文件成功
2017-02-08T05:04:48: 读取文件成功
2017-02-08T05:04:58: 读取文件成功
2017-02-08T05:05:08: 读取文件成功
2017-02-08T05:05:18: 读取文件成功
2017-02-08T05:05:28: 读取文件成功
2017-02-08T05:05:38: 读取文件成功
2017-02-08T05:05:48: 读取文件成功
2017-02-08T05:05:58: 读取文件成功
2017-02-08T05:06:08: 读取文件成功
2017-02-08T05:06:18: 读取文件成功
2017-02-08T05:06:28: 读取文件成功
2017-02-08T05:06:38: 读取文件成功
2017-02-08T05:06:48: 读取文件成功
2017-02-08T05:06:58: 读取文件成功
2017-02-08T05:07:09: 读取文件成功
2017-02-08T05:07:18: 读取文件成功
2017-02-08T05:07:28: 读取文件成功
2017-02-08T05:07:38: 读取文件成功
2017-02-08T05:07:48: 读取文件成功
2017-02-08T05:07:58: 读取文件成功
2017-02-08T05:08:08: 读取文件成功
2017-02-08T05:08:19: 读取文件成功
2017-02-08T05:08:28: 读取文件成功
2017-02-08T05:08:39: 读取文件成功
2017-02-08T05:08:49: 读取文件成功
2017-02-08T05:08:59: 读取文件成功
2017-02-08T05:09:09: 读取文件成功
2017-02-08T05:09:19: 读取文件成功
2017-02-08T05:09:29: 读取文件成功
2017-02-08T05:09:39: 读取文件成功
2017-02-08T05:09:49: 读取文件成功
2017-02-08T05:09:59: 读取文件成功
2017-02-08T05:10:09: 读取文件成功
2017-02-08T05:10:19: 读取文件成功
2017-02-08T05:10:29: 读取文件成功
2017-02-08T05:10:39: 读取文件成功
2017-02-08T05:10:49: 读取文件成功
2017-02-08T05:10:59: 读取文件成功
2017-02-08T05:11:09: 读取文件成功
2017-02-08T05:11:19: 读取文件成功
2017-02-08T05:11:29: 读取文件成功
2017-02-08T05:11:39: 读取文件成功
2017-02-08T05:11:49: 读取文件成功
2017-02-08T05:11:59: 读取文件成功
2017-02-08T05:12:09: 读取文件成功
2017-02-08T05:12:19: 读取文件成功
2017-02-08T05:12:29: 读取文件成功
2017-02-08T05:12:39: 读取文件成功
2017-02-08T05:12:49: 读取文件成功
2017-02-08T05:12:59: 读取文件成功
2017-02-08T05:13:09: 读取文件成功
2017-02-08T05:13:19: 读取文件成功
2017-02-08T05:13:29: 读取文件成功
2017-02-08T05:13:39: 读取文件成功
2017-02-08T05:13:49: 读取文件成功
2017-02-08T05:13:59: 读取文件成功
2017-02-08T05:14:09: 读取文件成功
2017-02-08T05:14:19: 读取文件成功
2017-02-08T05:14:29: 读取文件成功
2017-02-08T05:14:39: 读取文件成功
2017-02-08T05:14:49: 读取文件成功
2017-02-08T05:14:59: 读取文件成功
2017-02-08T05:15:09: 读取文件成功
2017-02-08T05:15:19: 读取文件成功
2017-02-08T05:15:29: 读取文件成功
2017-02-08T05:15:39: 读取文件成功
2017-02-08T05:15:49: 读取文件成功
2017-02-08T05:15:59: 读取文件成功
2017-02-08T05:16:09: 读取文件成功
2017-02-08T05:16:19: 读取文件成功
2017-02-08T05:16:29: 读取文件成功
2017-02-08T05:16:39: 读取文件成功
2017-02-08T05:16:49: 读取文件成功
2017-02-08T05:16:59: 读取文件成功
2017-02-08T05:17:09: 读取文件成功
2017-02-08T05:17:19: 读取文件成功
2017-02-08T05:17:29: 读取文件成功
2017-02-08T05:17:39: 读取文件成功
2017-02-08T05:17:49: 读取文件成功
2017-02-08T05:17:59: 读取文件成功
2017-02-08T05:18:09: 读取文件成功
2017-02-08T05:18:19: 读取文件成功
2017-02-08T05:18:29: 读取文件成功
2017-02-08T05:18:39: 读取文件成功
2017-02-08T05:18:49: 读取文件成功
2017-02-08T05:18:59: 读取文件成功
2017-02-08T05:19:09: 读取文件成功
2017-02-08T05:19:19: 读取文件成功
2017-02-08T05:19:29: 读取文件成功
2017-02-08T05:19:39: 读取文件成功
2017-02-08T05:19:49: 读取文件成功
2017-02-08T05:19:59: 读取文件成功
2017-02-08T05:20:09: 读取文件成功
2017-02-08T05:20:19: 读取文件成功
2017-02-08T05:20:29: 读取文件成功
2017-02-08T05:20:39: 读取文件成功
2017-02-08T05:20:49: 读取文件成功
2017-02-08T05:20:59: 读取文件成功
2017-02-08T05:21:09: 读取文件成功
2017-02-08T05:21:19: 读取文件成功
2017-02-08T05:21:29: 读取文件成功
2017-02-08T05:21:39: 读取文件成功
2017-02-08T05:21:49: 读取文件成功
2017-02-08T05:21:59: 读取文件成功
2017-02-08T05:22:09: 读取文件成功
2017-02-08T05:22:19: 读取文件成功
2017-02-08T05:22:29: 读取文件成功
2017-02-08T05:22:39: 读取文件成功
2017-02-08T05:22:49: 读取文件成功
2017-02-08T05:22:59: 读取文件成功
2017-02-08T05:23:09: 读取文件成功
2017-02-08T05:23:19: 读取文件成功
2017-02-08T05:23:29: 读取文件成功
2017-02-08T05:23:39: 读取文件成功
2017-02-08T05:23:49: 读取文件成功
2017-02-08T05:23:59: 读取文件成功
2017-02-08T05:24:09: 读取文件成功
2017-02-08T05:24:19: 读取文件成功
2017-02-08T05:24:29: 读取文件成功
2017-02-08T05:24:39: 读取文件成功
2017-02-08T05:24:49: 读取文件成功
2017-02-08T05:24:59: 读取文件成功
2017-02-08T05:25:09: 读取文件成功
2017-02-08T05:25:19: 读取文件成功
2017-02-08T05:25:29: 读取文件成功
2017-02-08T05:25:39: 读取文件成功
2017-02-08T05:25:49: 读取文件成功
2017-02-08T05:25:59: 读取文件成功
2017-02-08T05:26:10: 读取文件成功
2017-02-08T05:26:20: 读取文件成功
2017-02-08T05:26:30: 读取文件成功
2017-02-08T05:26:40: 读取文件成功
2017-02-08T05:26:50: 读取文件成功
2017-02-08T05:27:00: 读取文件成功
2017-02-08T05:27:10: 读取文件成功
2017-02-08T05:27:20: 读取文件成功
2017-02-08T05:27:30: 读取文件成功
2017-02-08T05:27:40: 读取文件成功
2017-02-08T05:27:50: 读取文件成功
2017-02-08T05:28:00: 读取文件成功
2017-02-08T05:28:10: 读取文件成功
2017-02-08T05:28:20: 读取文件成功
2017-02-08T05:28:30: 读取文件成功
2017-02-08T05:28:40: 读取文件成功
2017-02-08T05:28:50: 读取文件成功
2017-02-08T05:29:00: 读取文件成功
2017-02-08T05:29:10: 读取文件成功
2017-02-08T05:29:20: 读取文件成功
2017-02-08T05:29:30: 读取文件成功
2017-02-08T05:29:40: 读取文件成功
2017-02-08T05:29:50: 读取文件成功
2017-02-08T05:30:00: 读取文件成功
2017-02-08T05:30:10: 读取文件成功
2017-02-08T05:30:20: 读取文件成功
2017-02-08T05:30:30: 读取文件成功
2017-02-08T05:30:40: 读取文件成功
2017-02-08T05:30:50: 读取文件成功
2017-02-08T05:31:00: 读取文件成功
2017-02-08T05:31:10: 读取文件成功
2017-02-08T05:31:20: 读取文件成功
2017-02-08T05:31:30: 读取文件成功
2017-02-08T05:31:40: 读取文件成功
2017-02-08T05:31:50: 读取文件成功
2017-02-08T05:32:00: 读取文件成功
2017-02-08T05:32:10: 读取文件成功
2017-02-08T05:32:20: 读取文件成功
2017-02-08T05:32:30: 读取文件成功
2017-02-08T05:32:40: 读取文件成功
2017-02-08T05:32:50: 读取文件成功
2017-02-08T05:33:00: 读取文件成功
2017-02-08T05:33:10: 读取文件成功
2017-02-08T05:33:20: 读取文件成功
2017-02-08T05:33:30: 读取文件成功
2017-02-08T05:33:40: 读取文件成功
2017-02-08T05:33:50: 读取文件成功
2017-02-08T05:34:00: 读取文件成功
2017-02-08T05:34:10: 读取文件成功
2017-02-08T05:34:20: 读取文件成功
2017-02-08T05:34:30: 读取文件成功
2017-02-08T05:34:40: 读取文件成功
2017-02-08T05:34:50: 读取文件成功
2017-02-08T05:35:00: 读取文件成功
2017-02-08T05:35:10: 读取文件成功
2017-02-08T05:35:20: 读取文件成功
2017-02-08T05:35:30: 读取文件成功
2017-02-08T05:35:40: 读取文件成功
2017-02-08T05:35:50: 读取文件成功
2017-02-08T05:36:00: 读取文件成功
2017-02-08T05:36:10: 读取文件成功
2017-02-08T05:36:20: 读取文件成功
2017-02-08T05:36:30: 读取文件成功
2017-02-08T05:36:40: 读取文件成功
2017-02-08T05:36:50: 读取文件成功
2017-02-08T05:37:00: 读取文件成功
2017-02-08T05:37:10: 读取文件成功
2017-02-08T05:37:20: 读取文件成功
2017-02-08T05:37:30: 读取文件成功
2017-02-08T05:37:40: 读取文件成功
2017-02-08T05:37:50: 读取文件成功
2017-02-08T05:38:00: 读取文件成功
2017-02-08T05:38:10: 读取文件成功
2017-02-08T05:38:20: 读取文件成功
2017-02-08T05:38:30: 读取文件成功
2017-02-08T05:38:40: 读取文件成功
2017-02-08T05:38:50: 读取文件成功
2017-02-08T05:39:00: 读取文件成功
2017-02-08T05:39:10: 读取文件成功
2017-02-08T05:39:20: 读取文件成功
2017-02-08T05:39:30: 读取文件成功
2017-02-08T05:39:40: 读取文件成功
2017-02-08T05:39:50: 读取文件成功
2017-02-08T05:40:00: 读取文件成功
2017-02-08T05:40:10: 读取文件成功
2017-02-08T05:40:20: 读取文件成功
2017-02-08T05:40:30: 读取文件成功
2017-02-08T05:40:40: 读取文件成功
2017-02-08T05:40:50: 读取文件成功
2017-02-08T05:41:00: 读取文件成功
2017-02-08T05:41:10: 读取文件成功
2017-02-08T05:41:20: 读取文件成功
2017-02-08T05:41:30: 读取文件成功
2017-02-08T05:41:40: 读取文件成功
2017-02-08T05:41:50: 读取文件成功
2017-02-08T05:42:00: 读取文件成功
2017-02-08T05:42:10: 读取文件成功
2017-02-08T05:42:20: 读取文件成功
2017-02-08T05:42:30: 读取文件成功
2017-02-08T05:42:40: 读取文件成功
2017-02-08T05:42:50: 读取文件成功
2017-02-08T05:43:00: 读取文件成功
2017-02-08T05:43:11: 读取文件成功
2017-02-08T05:43:20: 读取文件成功
2017-02-08T05:43:30: 读取文件成功
2017-02-08T05:43:41: 读取文件成功
2017-02-08T05:43:51: 读取文件成功
2017-02-08T05:44:01: 读取文件成功
2017-02-08T05:44:11: 读取文件成功
2017-02-08T05:44:21: 读取文件成功
2017-02-08T05:44:31: 读取文件成功
2017-02-08T05:44:41: 读取文件成功
2017-02-08T05:44:51: 读取文件成功
2017-02-08T05:45:01: 读取文件成功
2017-02-08T05:45:11: 读取文件成功
2017-02-08T05:45:21: 读取文件成功
2017-02-08T05:45:31: 读取文件成功
2017-02-08T05:45:41: 读取文件成功
2017-02-08T05:45:51: 读取文件成功
2017-02-08T05:46:01: 读取文件成功
2017-02-08T05:46:11: 读取文件成功
2017-02-08T05:46:21: 读取文件成功
2017-02-08T05:46:31: 读取文件成功
2017-02-08T05:46:41: 读取文件成功
2017-02-08T05:46:51: 读取文件成功
2017-02-08T05:47:01: 读取文件成功
2017-02-08T05:47:11: 读取文件成功
2017-02-08T05:47:21: 读取文件成功
2017-02-08T05:47:31: 读取文件成功
2017-02-08T05:47:41: 读取文件成功
2017-02-08T05:47:51: 读取文件成功
2017-02-08T05:48:01: 读取文件成功
2017-02-08T05:48:11: 读取文件成功
2017-02-08T05:48:21: 读取文件成功
2017-02-08T05:48:31: 读取文件成功
2017-02-08T05:48:41: 读取文件成功
2017-02-08T05:48:51: 读取文件成功
2017-02-08T05:49:01: 读取文件成功
2017-02-08T05:49:11: 读取文件成功
2017-02-08T05:49:21: 读取文件成功
2017-02-08T05:49:31: 读取文件成功
2017-02-08T05:49:41: 读取文件成功
2017-02-08T05:49:51: 读取文件成功
2017-02-08T05:50:01: 读取文件成功
2017-02-08T05:50:11: 读取文件成功
2017-02-08T05:50:21: 读取文件成功
2017-02-08T05:50:31: 读取文件成功
2017-02-08T05:50:41: 读取文件成功
2017-02-08T05:50:51: 读取文件成功
2017-02-08T05:51:01: 读取文件成功
2017-02-08T05:51:11: 读取文件成功
2017-02-08T05:51:21: 读取文件成功
2017-02-08T05:51:31: 读取文件成功
2017-02-08T05:51:41: 读取文件成功
2017-02-08T05:51:51: 读取文件成功
2017-02-08T05:52:01: 读取文件成功
2017-02-08T05:52:11: 读取文件成功
2017-02-08T05:52:21: 读取文件成功
2017-02-08T05:52:31: 读取文件成功
2017-02-08T05:52:41: 读取文件成功
2017-02-08T05:52:51: 读取文件成功
2017-02-08T05:53:01: 读取文件成功
2017-02-08T05:53:11: 读取文件成功
2017-02-08T05:53:21: 读取文件成功
2017-02-08T05:53:31: 读取文件成功
2017-02-08T05:53:41: 读取文件成功
2017-02-08T05:53:51: 读取文件成功
2017-02-08T05:54:01: 读取文件成功
2017-02-08T05:54:11: 读取文件成功
2017-02-08T05:54:21: 读取文件成功
2017-02-08T05:54:31: 读取文件成功
2017-02-08T05:54:41: 读取文件成功
2017-02-08T05:54:51: 读取文件成功
2017-02-08T05:55:01: 读取文件成功
2017-02-08T05:55:11: 读取文件成功
2017-02-08T05:55:21: 读取文件成功
2017-02-08T05:55:31: 读取文件成功
2017-02-08T05:55:41: 读取文件成功
2017-02-08T05:55:51: 读取文件成功
2017-02-08T05:56:01: 读取文件成功
2017-02-08T05:56:11: 读取文件成功
2017-02-08T05:56:21: 读取文件成功
2017-02-08T05:56:31: 读取文件成功
2017-02-08T05:56:41: 读取文件成功
2017-02-08T05:56:51: 读取文件成功
2017-02-08T05:57:01: 读取文件成功
2017-02-08T05:57:11: 读取文件成功
2017-02-08T05:57:21: 读取文件成功
2017-02-08T05:57:31: 读取文件成功
2017-02-08T05:57:41: 读取文件成功
2017-02-08T05:57:51: 读取文件成功
2017-02-08T05:58:01: 读取文件成功
2017-02-08T05:58:11: 读取文件成功
2017-02-08T05:58:21: 读取文件成功
2017-02-08T05:58:31: 读取文件成功
2017-02-08T05:58:41: 读取文件成功
2017-02-08T05:58:51: 读取文件成功
2017-02-08T05:59:01: 读取文件成功
2017-02-08T05:59:11: 读取文件成功
2017-02-08T05:59:21: 读取文件成功
2017-02-08T05:59:31: 读取文件成功
2017-02-08T05:59:41: 读取文件成功
2017-02-08T05:59:51: 读取文件成功
2017-02-08T06:00:01: 读取文件成功
2017-02-08T06:00:11: 读取文件成功
2017-02-08T06:00:21: 读取文件成功
2017-02-08T06:00:31: 读取文件成功
2017-02-08T06:00:41: 读取文件成功
2017-02-08T06:00:51: 读取文件成功
2017-02-08T06:01:02: 读取文件成功
2017-02-08T06:01:12: 读取文件成功
2017-02-08T06:01:22: 读取文件成功
2017-02-08T06:01:32: 读取文件成功
2017-02-08T06:01:42: 读取文件成功
2017-02-08T06:01:52: 读取文件成功
2017-02-08T06:02:02: 读取文件成功
2017-02-08T06:02:12: 读取文件成功
2017-02-08T06:02:22: 读取文件成功
2017-02-08T06:02:32: 读取文件成功
2017-02-08T06:02:42: 读取文件成功
2017-02-08T06:02:52: 读取文件成功
2017-02-08T06:03:02: 读取文件成功
2017-02-08T06:03:12: 读取文件成功
2017-02-08T06:03:22: 读取文件成功
2017-02-08T06:03:32: 读取文件成功
2017-02-08T06:03:42: 读取文件成功
2017-02-08T06:03:52: 读取文件成功
2017-02-08T06:04:02: 读取文件成功
2017-02-08T06:04:12: 读取文件成功
2017-02-08T06:04:22: 读取文件成功
2017-02-08T06:04:32: 读取文件成功
2017-02-08T06:04:42: 读取文件成功
2017-02-08T06:04:52: 读取文件成功
2017-02-08T06:05:02: 读取文件成功
2017-02-08T06:05:12: 读取文件成功
2017-02-08T06:05:22: 读取文件成功
2017-02-08T06:05:32: 读取文件成功
2017-02-08T06:05:42: 读取文件成功
2017-02-08T06:05:52: 读取文件成功
2017-02-08T06:06:02: 读取文件成功
2017-02-08T06:06:12: 读取文件成功
2017-02-08T06:06:22: 读取文件成功
2017-02-08T06:06:32: 读取文件成功
2017-02-08T06:06:42: 读取文件成功
2017-02-08T06:06:52: 读取文件成功
2017-02-08T06:07:02: 读取文件成功
2017-02-08T06:07:12: 读取文件成功
2017-02-08T06:07:22: 读取文件成功
2017-02-08T06:07:32: 读取文件成功
2017-02-08T06:07:42: 读取文件成功
2017-02-08T06:07:52: 读取文件成功
2017-02-08T06:08:02: 读取文件成功
2017-02-08T06:08:12: 读取文件成功
2017-02-08T06:08:22: 读取文件成功
2017-02-08T06:08:32: 读取文件成功
2017-02-08T06:08:42: 读取文件成功
2017-02-08T06:08:52: 读取文件成功
2017-02-08T06:09:02: 读取文件成功
2017-02-08T06:09:12: 读取文件成功
2017-02-08T06:09:22: 读取文件成功
2017-02-08T06:09:32: 读取文件成功
2017-02-08T06:09:42: 读取文件成功
2017-02-08T06:09:52: 读取文件成功
2017-02-08T06:10:02: 读取文件成功
2017-02-08T06:10:12: 读取文件成功
2017-02-08T06:10:37: 读取文件成功
2017-02-08T06:10:37: 读取文件成功
2017-02-08T06:10:48: 读取文件成功
2017-02-08T06:10:56: 读取文件成功
2017-02-08T06:11:02: 读取文件成功
2017-02-08T06:11:13: 读取文件成功
2017-02-08T06:11:26: 读取文件成功
2017-02-08T06:11:32: 读取文件成功
2017-02-08T06:11:42: 读取文件成功
2017-02-08T06:11:52: 读取文件成功
2017-02-08T06:12:02: 读取文件成功
2017-02-08T06:12:13: 读取文件成功
2017-02-08T06:12:22: 读取文件成功
2017-02-08T06:12:32: 读取文件成功
2017-02-08T06:12:42: 读取文件成功
2017-02-08T06:12:52: 读取文件成功
2017-02-08T06:13:02: 读取文件成功
2017-02-08T06:13:12: 读取文件成功
2017-02-08T06:13:22: 读取文件成功
2017-02-08T06:13:32: 读取文件成功
2017-02-08T06:13:42: 读取文件成功
2017-02-08T06:13:52: 读取文件成功
2017-02-08T06:14:02: 读取文件成功
2017-02-08T06:14:12: 读取文件成功
2017-02-08T06:14:22: 读取文件成功
2017-02-08T06:14:32: 读取文件成功
2017-02-08T06:14:42: 读取文件成功
2017-02-08T06:14:52: 读取文件成功
2017-02-08T06:15:02: 读取文件成功
2017-02-08T06:15:12: 读取文件成功
2017-02-08T06:15:22: 读取文件成功
2017-02-08T06:15:32: 读取文件成功
2017-02-08T06:15:42: 读取文件成功
2017-02-08T06:15:52: 读取文件成功
2017-02-08T06:16:02: 读取文件成功
2017-02-08T06:16:12: 读取文件成功
2017-02-08T06:16:22: 读取文件成功
2017-02-08T06:16:32: 读取文件成功
2017-02-08T06:16:42: 读取文件成功
2017-02-08T06:16:52: 读取文件成功
2017-02-08T06:17:02: 读取文件成功
2017-02-08T06:17:12: 读取文件成功
2017-02-08T06:17:22: 读取文件成功
2017-02-08T06:17:32: 读取文件成功
2017-02-08T06:17:42: 读取文件成功
2017-02-08T06:17:52: 读取文件成功
2017-02-08T06:18:02: 读取文件成功
2017-02-08T06:18:12: 读取文件成功
2017-02-08T06:18:22: 读取文件成功
2017-02-08T06:18:32: 读取文件成功
2017-02-08T06:18:42: 读取文件成功
2017-02-08T06:18:52: 读取文件成功
2017-02-08T06:19:02: 读取文件成功
2017-02-08T06:19:12: 读取文件成功
2017-02-08T06:19:22: 读取文件成功
2017-02-08T06:19:32: 读取文件成功
2017-02-08T06:19:42: 读取文件成功
2017-02-08T06:19:52: 读取文件成功
2017-02-08T06:20:02: 读取文件成功
2017-02-08T06:20:12: 读取文件成功
2017-02-08T06:20:22: 读取文件成功
2017-02-08T06:20:32: 读取文件成功
2017-02-08T06:20:42: 读取文件成功
2017-02-08T06:20:52: 读取文件成功
2017-02-08T06:21:02: 读取文件成功
2017-02-08T06:21:13: 读取文件成功
2017-02-08T06:21:23: 读取文件成功
2017-02-08T06:21:33: 读取文件成功
2017-02-08T06:21:43: 读取文件成功
2017-02-08T06:21:53: 读取文件成功
2017-02-08T06:22:03: 读取文件成功
2017-02-08T06:22:13: 读取文件成功
2017-02-08T06:22:23: 读取文件成功
2017-02-08T06:22:33: 读取文件成功
2017-02-08T06:22:43: 读取文件成功
2017-02-08T06:22:53: 读取文件成功
2017-02-08T06:23:03: 读取文件成功
2017-02-08T06:23:13: 读取文件成功
2017-02-08T06:23:23: 读取文件成功
2017-02-08T06:23:33: 读取文件成功
2017-02-08T06:23:43: 读取文件成功
2017-02-08T06:23:53: 读取文件成功
2017-02-08T06:24:03: 读取文件成功
2017-02-08T06:24:13: 读取文件成功
2017-02-08T06:24:23: 读取文件成功
2017-02-08T06:24:33: 读取文件成功
2017-02-08T06:24:43: 读取文件成功
2017-02-08T06:24:53: 读取文件成功
2017-02-08T06:25:03: 读取文件成功
2017-02-08T06:25:13: 读取文件成功
2017-02-08T06:25:23: 读取文件成功
2017-02-08T06:25:33: 读取文件成功
2017-02-08T06:25:43: 读取文件成功
2017-02-08T06:25:53: 读取文件成功
2017-02-08T06:26:03: 读取文件成功
2017-02-08T06:26:13: 读取文件成功
2017-02-08T06:26:23: 读取文件成功
2017-02-08T06:26:33: 读取文件成功
2017-02-08T06:26:43: 读取文件成功
2017-02-08T06:26:53: 读取文件成功
2017-02-08T06:27:03: 读取文件成功
2017-02-08T06:27:13: 读取文件成功
2017-02-08T06:27:23: 读取文件成功
2017-02-08T06:27:33: 读取文件成功
2017-02-08T06:27:43: 读取文件成功
2017-02-08T06:27:53: 读取文件成功
2017-02-08T06:28:03: 读取文件成功
2017-02-08T06:28:13: 读取文件成功
2017-02-08T06:28:23: 读取文件成功
2017-02-08T06:28:33: 读取文件成功
2017-02-08T06:28:43: 读取文件成功
2017-02-08T06:28:53: 读取文件成功
2017-02-08T06:29:03: 读取文件成功
2017-02-08T06:29:13: 读取文件成功
2017-02-08T06:29:23: 读取文件成功
2017-02-08T06:29:33: 读取文件成功
2017-02-08T06:29:43: 读取文件成功
2017-02-08T06:29:53: 读取文件成功
2017-02-08T06:30:03: 读取文件成功
2017-02-08T06:30:13: 读取文件成功
2017-02-08T06:30:23: 读取文件成功
2017-02-08T06:30:33: 读取文件成功
2017-02-08T06:30:43: 读取文件成功
2017-02-08T06:30:53: 读取文件成功
2017-02-08T06:31:03: 读取文件成功
2017-02-08T06:31:13: 读取文件成功
2017-02-08T06:31:23: 读取文件成功
2017-02-08T06:31:33: 读取文件成功
2017-02-08T06:31:43: 读取文件成功
2017-02-08T06:31:53: 读取文件成功
2017-02-08T06:32:03: 读取文件成功
2017-02-08T06:32:13: 读取文件成功
2017-02-08T06:32:23: 读取文件成功
2017-02-08T06:32:33: 读取文件成功
2017-02-08T06:32:43: 读取文件成功
2017-02-08T06:32:53: 读取文件成功
2017-02-08T06:33:03: 读取文件成功
2017-02-08T06:33:13: 读取文件成功
2017-02-08T06:33:23: 读取文件成功
2017-02-08T06:33:33: 读取文件成功
2017-02-08T06:33:43: 读取文件成功
2017-02-08T06:33:53: 读取文件成功
2017-02-08T06:34:03: 读取文件成功
2017-02-08T06:34:13: 读取文件成功
2017-02-08T06:34:23: 读取文件成功
2017-02-08T06:34:33: 读取文件成功
2017-02-08T06:34:43: 读取文件成功
2017-02-08T06:34:53: 读取文件成功
2017-02-08T06:35:03: 读取文件成功
2017-02-08T06:35:13: 读取文件成功
2017-02-08T06:35:23: 读取文件成功
2017-02-08T06:35:33: 读取文件成功
2017-02-08T06:35:43: 读取文件成功
2017-02-08T06:35:53: 读取文件成功
2017-02-08T06:36:03: 读取文件成功
2017-02-08T06:36:13: 读取文件成功
2017-02-08T06:36:23: 读取文件成功
2017-02-08T06:36:33: 读取文件成功
2017-02-08T06:36:43: 读取文件成功
2017-02-08T06:36:53: 读取文件成功
2017-02-08T06:37:03: 读取文件成功
2017-02-08T06:37:13: 读取文件成功
2017-02-08T06:37:23: 读取文件成功
2017-02-08T06:37:33: 读取文件成功
2017-02-08T06:37:43: 读取文件成功
2017-02-08T06:37:53: 读取文件成功
2017-02-08T06:38:03: 读取文件成功
2017-02-08T06:38:13: 读取文件成功
2017-02-08T06:38:23: 读取文件成功
2017-02-08T06:38:33: 读取文件成功
2017-02-08T06:38:43: 读取文件成功
2017-02-08T06:38:53: 读取文件成功
2017-02-08T06:39:03: 读取文件成功
2017-02-08T06:39:13: 读取文件成功
2017-02-08T06:39:23: 读取文件成功
2017-02-08T06:39:34: 读取文件成功
2017-02-08T06:39:43: 读取文件成功
2017-02-08T06:39:53: 读取文件成功
2017-02-08T06:40:03: 读取文件成功
2017-02-08T06:40:13: 读取文件成功
2017-02-08T06:40:23: 读取文件成功
2017-02-08T06:40:33: 读取文件成功
2017-02-08T06:40:43: 读取文件成功
2017-02-08T06:40:53: 读取文件成功
2017-02-08T06:41:03: 读取文件成功
2017-02-08T06:41:13: 读取文件成功
2017-02-08T06:41:23: 读取文件成功
2017-02-08T06:41:34: 读取文件成功
2017-02-08T06:41:44: 读取文件成功
2017-02-08T06:41:54: 读取文件成功
2017-02-08T06:42:04: 读取文件成功
2017-02-08T06:42:14: 读取文件成功
2017-02-08T06:42:24: 读取文件成功
2017-02-08T06:42:34: 读取文件成功
2017-02-08T06:42:44: 读取文件成功
2017-02-08T06:42:54: 读取文件成功
2017-02-08T06:43:04: 读取文件成功
2017-02-08T06:43:14: 读取文件成功
2017-02-08T06:43:24: 读取文件成功
2017-02-08T06:43:34: 读取文件成功
2017-02-08T06:43:44: 读取文件成功
2017-02-08T06:43:54: 读取文件成功
2017-02-08T06:44:04: 读取文件成功
2017-02-08T06:44:14: 读取文件成功
2017-02-08T06:44:24: 读取文件成功
2017-02-08T06:44:34: 读取文件成功
2017-02-08T06:44:44: 读取文件成功
2017-02-08T06:44:54: 读取文件成功
2017-02-08T06:45:04: 读取文件成功
2017-02-08T06:45:14: 读取文件成功
2017-02-08T06:45:24: 读取文件成功
2017-02-08T06:45:34: 读取文件成功
2017-02-08T06:45:44: 读取文件成功
2017-02-08T06:45:54: 读取文件成功
2017-02-08T06:46:04: 读取文件成功
2017-02-08T06:46:14: 读取文件成功
2017-02-08T06:46:24: 读取文件成功
2017-02-08T06:46:34: 读取文件成功
2017-02-08T06:46:44: 读取文件成功
2017-02-08T06:46:54: 读取文件成功
2017-02-08T06:47:04: 读取文件成功
2017-02-08T06:47:14: 读取文件成功
2017-02-08T06:47:24: 读取文件成功
2017-02-08T06:47:34: 读取文件成功
2017-02-08T06:47:44: 读取文件成功
2017-02-08T06:47:54: 读取文件成功
2017-02-08T06:48:04: 读取文件成功
2017-02-08T06:48:14: 读取文件成功
2017-02-08T06:48:24: 读取文件成功
2017-02-08T06:48:34: 读取文件成功
2017-02-08T06:48:44: 读取文件成功
2017-02-08T06:48:54: 读取文件成功
2017-02-08T06:49:04: 读取文件成功
2017-02-08T06:49:14: 读取文件成功
2017-02-08T06:49:24: 读取文件成功
2017-02-08T06:49:34: 读取文件成功
2017-02-08T06:49:44: 读取文件成功
2017-02-08T06:49:54: 读取文件成功
2017-02-08T06:50:04: 读取文件成功
2017-02-08T06:50:14: 读取文件成功
2017-02-08T06:50:24: 读取文件成功
2017-02-08T06:50:34: 读取文件成功
2017-02-08T06:50:44: 读取文件成功
2017-02-08T06:50:54: 读取文件成功
2017-02-08T06:51:04: 读取文件成功
2017-02-08T06:51:14: 读取文件成功
2017-02-08T06:51:24: 读取文件成功
2017-02-08T06:51:34: 读取文件成功
2017-02-08T06:51:44: 读取文件成功
2017-02-08T06:51:54: 读取文件成功
2017-02-08T06:52:04: 读取文件成功
2017-02-08T06:52:14: 读取文件成功
2017-02-08T06:52:24: 读取文件成功
2017-02-08T06:52:34: 读取文件成功
2017-02-08T06:52:44: 读取文件成功
2017-02-08T06:52:54: 读取文件成功
2017-02-08T06:53:04: 读取文件成功
2017-02-08T06:53:14: 读取文件成功
2017-02-08T06:53:24: 读取文件成功
2017-02-08T06:53:34: 读取文件成功
2017-02-08T06:53:44: 读取文件成功
2017-02-08T06:53:54: 读取文件成功
2017-02-08T06:54:04: 读取文件成功
2017-02-08T06:54:14: 读取文件成功
2017-02-08T06:54:24: 读取文件成功
2017-02-08T06:54:34: 读取文件成功
2017-02-08T06:54:44: 读取文件成功
2017-02-08T06:54:54: 读取文件成功
2017-02-08T06:55:04: 读取文件成功
2017-02-08T06:55:14: 读取文件成功
2017-02-08T06:55:24: 读取文件成功
2017-02-08T06:55:34: 读取文件成功
2017-02-08T06:55:44: 读取文件成功
2017-02-08T06:55:54: 读取文件成功
2017-02-08T06:56:04: 读取文件成功
2017-02-08T06:56:14: 读取文件成功
2017-02-08T06:56:24: 读取文件成功
2017-02-08T06:56:34: 读取文件成功
2017-02-08T06:56:44: 读取文件成功
2017-02-08T06:56:54: 读取文件成功
2017-02-08T06:57:04: 读取文件成功
2017-02-08T06:57:14: 读取文件成功
2017-02-08T06:57:24: 读取文件成功
2017-02-08T06:57:34: 读取文件成功
2017-02-08T06:57:44: 读取文件成功
2017-02-08T06:57:54: 读取文件成功
2017-02-08T06:58:04: 读取文件成功
2017-02-08T06:58:14: 读取文件成功
2017-02-08T06:58:24: 读取文件成功
2017-02-08T06:58:34: 读取文件成功
2017-02-08T06:58:44: 读取文件成功
2017-02-08T06:58:54: 读取文件成功
2017-02-08T06:59:04: 读取文件成功
2017-02-08T06:59:14: 读取文件成功
2017-02-08T06:59:24: 读取文件成功
2017-02-08T06:59:34: 读取文件成功
2017-02-08T06:59:44: 读取文件成功
2017-02-08T06:59:54: 读取文件成功
2017-02-08T07:00:05: 读取文件成功
2017-02-08T07:00:14: 读取文件成功
2017-02-08T07:00:25: 读取文件成功
2017-02-08T07:00:35: 读取文件成功
2017-02-08T07:00:45: 读取文件成功
2017-02-08T07:00:55: 读取文件成功
2017-02-08T07:01:05: 读取文件成功
2017-02-08T07:01:15: 读取文件成功
2017-02-08T07:01:25: 读取文件成功
2017-02-08T07:01:35: 读取文件成功
2017-02-08T07:01:45: 读取文件成功
2017-02-08T07:01:55: 读取文件成功
2017-02-08T07:02:05: 读取文件成功
2017-02-08T07:02:15: 读取文件成功
2017-02-08T07:02:25: 读取文件成功
2017-02-08T07:02:35: 读取文件成功
2017-02-08T07:02:45: 读取文件成功
2017-02-08T07:02:55: 读取文件成功
2017-02-08T07:03:05: 读取文件成功
2017-02-08T07:03:15: 读取文件成功
2017-02-08T07:03:25: 读取文件成功
2017-02-08T07:03:35: 读取文件成功
2017-02-08T07:03:45: 读取文件成功
2017-02-08T07:03:55: 读取文件成功
2017-02-08T07:04:05: 读取文件成功
2017-02-08T07:04:15: 读取文件成功
2017-02-08T07:04:25: 读取文件成功
2017-02-08T07:04:35: 读取文件成功
2017-02-08T07:04:45: 读取文件成功
2017-02-08T07:04:55: 读取文件成功
2017-02-08T07:05:05: 读取文件成功
2017-02-08T07:05:15: 读取文件成功
2017-02-08T07:05:25: 读取文件成功
2017-02-08T07:05:35: 读取文件成功
2017-02-08T07:05:45: 读取文件成功
2017-02-08T07:05:55: 读取文件成功
2017-02-08T07:06:05: 读取文件成功
2017-02-08T07:06:15: 读取文件成功
2017-02-08T07:06:25: 读取文件成功
2017-02-08T07:06:35: 读取文件成功
2017-02-08T07:06:45: 读取文件成功
2017-02-08T07:06:55: 读取文件成功
2017-02-08T07:07:05: 读取文件成功
2017-02-08T07:07:15: 读取文件成功
2017-02-08T07:07:25: 读取文件成功
2017-02-08T07:07:35: 读取文件成功
2017-02-08T07:07:45: 读取文件成功
2017-02-08T07:07:55: 读取文件成功
2017-02-08T07:08:05: 读取文件成功
2017-02-08T07:08:15: 读取文件成功
2017-02-08T07:08:25: 读取文件成功
2017-02-08T07:08:35: 读取文件成功
2017-02-08T07:08:45: 读取文件成功
2017-02-08T07:08:55: 读取文件成功
2017-02-08T07:09:05: 读取文件成功
2017-02-08T07:09:15: 读取文件成功
2017-02-08T07:09:25: 读取文件成功
2017-02-08T07:09:35: 读取文件成功
2017-02-08T07:09:45: 读取文件成功
2017-02-08T07:09:55: 读取文件成功
2017-02-08T07:10:05: 读取文件成功
2017-02-08T07:10:15: 读取文件成功
2017-02-08T07:10:25: 读取文件成功
2017-02-08T07:10:35: 读取文件成功
2017-02-08T07:10:45: 读取文件成功
2017-02-08T07:10:55: 读取文件成功
2017-02-08T07:11:05: 读取文件成功
2017-02-08T07:11:15: 读取文件成功
2017-02-08T07:11:25: 读取文件成功
2017-02-08T07:11:35: 读取文件成功
2017-02-08T07:11:45: 读取文件成功
2017-02-08T07:11:55: 读取文件成功
2017-02-08T07:12:05: 读取文件成功
2017-02-08T07:12:15: 读取文件成功
2017-02-08T07:12:25: 读取文件成功
2017-02-08T07:12:35: 读取文件成功
2017-02-08T07:12:45: 读取文件成功
2017-02-08T07:12:55: 读取文件成功
2017-02-08T07:13:05: 读取文件成功
2017-02-08T07:13:15: 读取文件成功
2017-02-08T07:13:25: 读取文件成功
2017-02-08T07:13:35: 读取文件成功
2017-02-08T07:13:45: 读取文件成功
2017-02-08T07:13:55: 读取文件成功
2017-02-08T07:14:05: 读取文件成功
2017-02-08T07:14:15: 读取文件成功
2017-02-08T07:14:25: 读取文件成功
2017-02-08T07:14:35: 读取文件成功
2017-02-08T07:14:45: 读取文件成功
2017-02-08T07:14:55: 读取文件成功
2017-02-08T07:15:05: 读取文件成功
2017-02-08T07:15:15: 读取文件成功
2017-02-08T07:15:25: 读取文件成功
2017-02-08T07:15:35: 读取文件成功
2017-02-08T07:15:45: 读取文件成功
2017-02-08T07:15:55: 读取文件成功
2017-02-08T07:16:05: 读取文件成功
2017-02-08T07:16:15: 读取文件成功
2017-02-08T07:16:25: 读取文件成功
2017-02-08T07:16:35: 读取文件成功
2017-02-08T07:16:45: 读取文件成功
2017-02-08T07:16:55: 读取文件成功
2017-02-08T07:17:05: 读取文件成功
2017-02-08T07:17:15: 读取文件成功
2017-02-08T07:17:25: 读取文件成功
2017-02-08T07:17:36: 读取文件成功
2017-02-08T07:17:46: 读取文件成功
2017-02-08T07:17:56: 读取文件成功
2017-02-08T07:18:06: 读取文件成功
2017-02-08T07:18:16: 读取文件成功
2017-02-08T07:18:26: 读取文件成功
2017-02-08T07:18:36: 读取文件成功
2017-02-08T07:18:46: 读取文件成功
2017-02-08T07:18:56: 读取文件成功
2017-02-08T07:19:06: 读取文件成功
2017-02-08T07:19:16: 读取文件成功
2017-02-08T07:19:26: 读取文件成功
2017-02-08T07:19:36: 读取文件成功
2017-02-08T07:19:46: 读取文件成功
2017-02-08T07:19:56: 读取文件成功
2017-02-08T07:20:06: 读取文件成功
2017-02-08T07:20:16: 读取文件成功
2017-02-08T07:20:26: 读取文件成功
2017-02-08T07:20:36: 读取文件成功
2017-02-08T07:20:46: 读取文件成功
2017-02-08T07:20:56: 读取文件成功
2017-02-08T07:21:06: 读取文件成功
2017-02-08T07:21:16: 读取文件成功
2017-02-08T07:21:26: 读取文件成功
2017-02-08T07:21:36: 读取文件成功
2017-02-08T07:21:46: 读取文件成功
2017-02-08T07:21:56: 读取文件成功
2017-02-08T07:22:06: 读取文件成功
2017-02-08T07:22:16: 读取文件成功
2017-02-08T07:22:26: 读取文件成功
2017-02-08T07:22:36: 读取文件成功
2017-02-08T07:22:46: 读取文件成功
2017-02-08T07:22:56: 读取文件成功
2017-02-08T07:23:06: 读取文件成功
2017-02-08T07:23:16: 读取文件成功
2017-02-08T07:23:26: 读取文件成功
2017-02-08T07:23:36: 读取文件成功
2017-02-08T07:23:46: 读取文件成功
2017-02-08T07:23:56: 读取文件成功
2017-02-08T07:24:06: 读取文件成功
2017-02-08T07:24:16: 读取文件成功
2017-02-08T07:24:26: 读取文件成功
2017-02-08T07:24:36: 读取文件成功
2017-02-08T07:24:46: 读取文件成功
2017-02-08T07:24:56: 读取文件成功
2017-02-08T07:25:06: 读取文件成功
2017-02-08T07:25:16: 读取文件成功
2017-02-08T07:25:26: 读取文件成功
2017-02-08T07:25:36: 读取文件成功
2017-02-08T07:25:46: 读取文件成功
2017-02-08T07:25:56: 读取文件成功
2017-02-08T07:26:06: 读取文件成功
2017-02-08T07:26:16: 读取文件成功
2017-02-08T07:26:26: 读取文件成功
2017-02-08T07:26:36: 读取文件成功
2017-02-08T07:26:46: 读取文件成功
2017-02-08T07:26:56: 读取文件成功
2017-02-08T07:27:06: 读取文件成功
2017-02-08T07:27:16: 读取文件成功
2017-02-08T07:27:26: 读取文件成功
2017-02-08T07:27:36: 读取文件成功
2017-02-08T07:27:46: 读取文件成功
2017-02-08T07:27:56: 读取文件成功
2017-02-08T07:28:06: 读取文件成功
2017-02-08T07:28:16: 读取文件成功
2017-02-08T07:28:26: 读取文件成功
2017-02-08T07:28:36: 读取文件成功
2017-02-08T07:28:46: 读取文件成功
2017-02-08T07:28:56: 读取文件成功
2017-02-08T07:29:06: 读取文件成功
2017-02-08T07:29:16: 读取文件成功
2017-02-08T07:29:26: 读取文件成功
2017-02-08T07:29:36: 读取文件成功
2017-02-08T07:29:46: 读取文件成功
2017-02-08T07:29:56: 读取文件成功
2017-02-08T07:30:06: 读取文件成功
2017-02-08T07:30:16: 读取文件成功
2017-02-08T07:30:26: 读取文件成功
2017-02-08T07:30:36: 读取文件成功
2017-02-08T07:30:46: 读取文件成功
2017-02-08T07:30:56: 读取文件成功
2017-02-08T07:31:06: 读取文件成功
2017-02-08T07:31:16: 读取文件成功
2017-02-08T07:31:26: 读取文件成功
2017-02-08T07:31:36: 读取文件成功
2017-02-08T07:31:46: 读取文件成功
2017-02-08T07:31:56: 读取文件成功
2017-02-08T07:32:06: 读取文件成功
2017-02-08T07:32:16: 读取文件成功
2017-02-08T07:32:26: 读取文件成功
2017-02-08T07:32:36: 读取文件成功
2017-02-08T07:32:46: 读取文件成功
2017-02-08T07:32:56: 读取文件成功
2017-02-08T07:33:06: 读取文件成功
2017-02-08T07:33:16: 读取文件成功
2017-02-08T07:33:26: 读取文件成功
2017-02-08T07:33:36: 读取文件成功
2017-02-08T07:33:46: 读取文件成功
2017-02-08T07:33:56: 读取文件成功
2017-02-08T07:34:06: 读取文件成功
2017-02-08T07:34:16: 读取文件成功
2017-02-08T07:34:26: 读取文件成功
2017-02-08T07:34:37: 读取文件成功
2017-02-08T07:34:47: 读取文件成功
2017-02-08T07:34:57: 读取文件成功
2017-02-08T07:35:07: 读取文件成功
2017-02-08T07:35:17: 读取文件成功
2017-02-08T07:35:27: 读取文件成功
2017-02-08T07:35:37: 读取文件成功
2017-02-08T07:35:47: 读取文件成功
2017-02-08T07:35:57: 读取文件成功
2017-02-08T07:36:07: 读取文件成功
2017-02-08T07:36:17: 读取文件成功
2017-02-08T07:36:27: 读取文件成功
2017-02-08T07:36:37: 读取文件成功
2017-02-08T07:36:47: 读取文件成功
2017-02-08T07:36:57: 读取文件成功
2017-02-08T07:37:07: 读取文件成功
2017-02-08T07:37:17: 读取文件成功
2017-02-08T07:37:27: 读取文件成功
2017-02-08T07:37:37: 读取文件成功
2017-02-08T07:37:47: 读取文件成功
2017-02-08T07:37:57: 读取文件成功
2017-02-08T07:38:07: 读取文件成功
2017-02-08T07:38:17: 读取文件成功
2017-02-08T07:38:27: 读取文件成功
2017-02-08T07:38:37: 读取文件成功
2017-02-08T07:38:47: 读取文件成功
2017-02-08T07:38:57: 读取文件成功
2017-02-08T07:39:07: 读取文件成功
2017-02-08T07:39:17: 读取文件成功
2017-02-08T07:39:27: 读取文件成功
2017-02-08T07:39:37: 读取文件成功
2017-02-08T07:39:47: 读取文件成功
2017-02-08T07:39:57: 读取文件成功
2017-02-08T07:40:07: 读取文件成功
2017-02-08T07:40:17: 读取文件成功
2017-02-08T07:40:27: 读取文件成功
2017-02-08T07:40:37: 读取文件成功
2017-02-08T07:40:47: 读取文件成功
2017-02-08T07:40:57: 读取文件成功
2017-02-08T07:41:07: 读取文件成功
2017-02-08T07:41:17: 读取文件成功
2017-02-08T07:41:27: 读取文件成功
2017-02-08T07:41:37: 读取文件成功
2017-02-08T07:41:47: 读取文件成功
2017-02-08T07:41:57: 读取文件成功
2017-02-08T07:42:07: 读取文件成功
2017-02-08T07:42:17: 读取文件成功
2017-02-08T07:42:27: 读取文件成功
2017-02-08T07:42:37: 读取文件成功
2017-02-08T07:42:47: 读取文件成功
2017-02-08T07:42:57: 读取文件成功
2017-02-08T07:43:07: 读取文件成功
2017-02-08T07:43:17: 读取文件成功
2017-02-08T07:43:27: 读取文件成功
2017-02-08T07:43:37: 读取文件成功
2017-02-08T07:43:47: 读取文件成功
2017-02-08T07:43:57: 读取文件成功
2017-02-08T07:44:07: 读取文件成功
2017-02-08T07:44:17: 读取文件成功
2017-02-08T07:44:27: 读取文件成功
2017-02-08T07:44:37: 读取文件成功
2017-02-08T07:44:47: 读取文件成功
2017-02-08T07:44:57: 读取文件成功
2017-02-08T07:45:07: 读取文件成功
2017-02-08T07:45:17: 读取文件成功
2017-02-08T07:45:27: 读取文件成功
2017-02-08T07:45:37: 读取文件成功
2017-02-08T07:45:47: 读取文件成功
2017-02-08T07:45:57: 读取文件成功
2017-02-08T07:46:07: 读取文件成功
2017-02-08T07:46:17: 读取文件成功
2017-02-08T07:46:27: 读取文件成功
2017-02-08T07:46:37: 读取文件成功
2017-02-08T07:46:47: 读取文件成功
2017-02-08T07:46:57: 读取文件成功
2017-02-08T07:47:07: 读取文件成功
2017-02-08T07:47:17: 读取文件成功
2017-02-08T07:47:27: 读取文件成功
2017-02-08T07:47:37: 读取文件成功
2017-02-08T07:47:47: 读取文件成功
2017-02-08T07:47:57: 读取文件成功
2017-02-08T07:48:07: 读取文件成功
2017-02-08T07:48:17: 读取文件成功
2017-02-08T07:48:27: 读取文件成功
2017-02-08T07:48:37: 读取文件成功
2017-02-08T07:48:47: 读取文件成功
2017-02-08T07:48:57: 读取文件成功
2017-02-08T07:49:07: 读取文件成功
2017-02-08T07:49:17: 读取文件成功
2017-02-08T07:49:27: 读取文件成功
2017-02-08T07:49:37: 读取文件成功
2017-02-08T07:49:47: 读取文件成功
2017-02-08T07:49:57: 读取文件成功
2017-02-08T07:50:07: 读取文件成功
2017-02-08T07:50:17: 读取文件成功
2017-02-08T07:50:27: 读取文件成功
2017-02-08T07:50:37: 读取文件成功
2017-02-08T07:50:47: 读取文件成功
2017-02-08T07:50:57: 读取文件成功
2017-02-08T07:51:07: 读取文件成功
2017-02-08T07:51:17: 读取文件成功
2017-02-08T07:51:27: 读取文件成功
2017-02-08T07:51:37: 读取文件成功
2017-02-08T07:51:47: 读取文件成功
2017-02-08T07:51:57: 读取文件成功
2017-02-08T07:52:07: 读取文件成功
2017-02-08T07:52:17: 读取文件成功
2017-02-08T07:52:27: 读取文件成功
2017-02-08T07:52:37: 读取文件成功
2017-02-08T07:52:47: 读取文件成功
2017-02-08T07:52:57: 读取文件成功
2017-02-08T07:53:07: 读取文件成功
2017-02-08T07:53:17: 读取文件成功
2017-02-08T07:53:27: 读取文件成功
2017-02-08T07:53:37: 读取文件成功
2017-02-08T07:53:47: 读取文件成功
2017-02-08T07:53:57: 读取文件成功
2017-02-08T07:54:07: 读取文件成功
2017-02-08T07:54:17: 读取文件成功
2017-02-08T07:54:27: 读取文件成功
2017-02-08T07:54:37: 读取文件成功
2017-02-08T07:54:47: 读取文件成功
2017-02-08T07:54:57: 读取文件成功
2017-02-08T07:55:08: 读取文件成功
2017-02-08T07:55:18: 读取文件成功
2017-02-08T07:55:28: 读取文件成功
2017-02-08T07:55:38: 读取文件成功
2017-02-08T07:55:48: 读取文件成功
2017-02-08T07:55:58: 读取文件成功
2017-02-08T07:56:08: 读取文件成功
2017-02-08T07:56:18: 读取文件成功
2017-02-08T07:56:28: 读取文件成功
2017-02-08T07:56:38: 读取文件成功
2017-02-08T07:56:48: 读取文件成功
2017-02-08T07:56:58: 读取文件成功
2017-02-08T07:57:08: 读取文件成功
2017-02-08T07:57:18: 读取文件成功
2017-02-08T07:57:28: 读取文件成功
2017-02-08T07:57:38: 读取文件成功
2017-02-08T07:57:48: 读取文件成功
2017-02-08T07:57:58: 读取文件成功
2017-02-08T07:58:08: 读取文件成功
2017-02-08T07:58:18: 读取文件成功
2017-02-08T07:58:28: 读取文件成功
2017-02-08T07:58:38: 读取文件成功
2017-02-08T07:58:48: 读取文件成功
2017-02-08T07:58:58: 读取文件成功
2017-02-08T07:59:08: 读取文件成功
