2017-07-01T00:00:52: 非记录时间：2017-07-01T00:00:52+08:00
2017-07-01T00:01:52: 非记录时间：2017-07-01T00:01:52+08:00
2017-07-01T00:02:52: 非记录时间：2017-07-01T00:02:52+08:00
2017-07-01T00:03:52: 非记录时间：2017-07-01T00:03:52+08:00
2017-07-01T00:04:52: 非记录时间：2017-07-01T00:04:52+08:00
2017-07-01T00:05:52: 非记录时间：2017-07-01T00:05:52+08:00
2017-07-01T00:06:52: 非记录时间：2017-07-01T00:06:52+08:00
2017-07-01T00:07:52: 非记录时间：2017-07-01T00:07:52+08:00
2017-07-01T00:08:52: 非记录时间：2017-07-01T00:08:52+08:00
2017-07-01T00:09:52: 非记录时间：2017-07-01T00:09:52+08:00
2017-07-01T00:10:52: 非记录时间：2017-07-01T00:10:52+08:00
2017-07-01T00:11:52: 非记录时间：2017-07-01T00:11:52+08:00
2017-07-01T00:12:52: 非记录时间：2017-07-01T00:12:52+08:00
2017-07-01T00:13:52: 非记录时间：2017-07-01T00:13:52+08:00
2017-07-01T00:14:52: 非记录时间：2017-07-01T00:14:52+08:00
2017-07-01T00:15:52: 非记录时间：2017-07-01T00:15:52+08:00
2017-07-01T00:16:52: 非记录时间：2017-07-01T00:16:52+08:00
2017-07-01T00:17:52: 非记录时间：2017-07-01T00:17:52+08:00
2017-07-01T00:18:52: 非记录时间：2017-07-01T00:18:52+08:00
2017-07-01T00:19:52: 非记录时间：2017-07-01T00:19:52+08:00
2017-07-01T00:20:52: 非记录时间：2017-07-01T00:20:52+08:00
2017-07-01T00:21:52: 非记录时间：2017-07-01T00:21:52+08:00
2017-07-01T00:22:52: 非记录时间：2017-07-01T00:22:52+08:00
2017-07-01T00:23:52: 非记录时间：2017-07-01T00:23:52+08:00
2017-07-01T00:24:52: 非记录时间：2017-07-01T00:24:52+08:00
2017-07-01T00:25:52: 非记录时间：2017-07-01T00:25:52+08:00
2017-07-01T00:26:52: 非记录时间：2017-07-01T00:26:52+08:00
2017-07-01T00:27:52: 非记录时间：2017-07-01T00:27:52+08:00
2017-07-01T00:28:52: 非记录时间：2017-07-01T00:28:52+08:00
2017-07-01T00:29:52: 非记录时间：2017-07-01T00:29:52+08:00
2017-07-01T00:30:52: 非记录时间：2017-07-01T00:30:52+08:00
2017-07-01T00:31:52: 非记录时间：2017-07-01T00:31:52+08:00
2017-07-01T00:32:52: 非记录时间：2017-07-01T00:32:52+08:00
2017-07-01T00:33:52: 非记录时间：2017-07-01T00:33:52+08:00
2017-07-01T00:34:52: 非记录时间：2017-07-01T00:34:52+08:00
2017-07-01T00:35:52: 非记录时间：2017-07-01T00:35:52+08:00
2017-07-01T00:36:52: 非记录时间：2017-07-01T00:36:52+08:00
2017-07-01T00:37:52: 非记录时间：2017-07-01T00:37:52+08:00
2017-07-01T00:38:52: 非记录时间：2017-07-01T00:38:52+08:00
2017-07-01T00:39:52: 非记录时间：2017-07-01T00:39:52+08:00
2017-07-01T00:40:52: 非记录时间：2017-07-01T00:40:52+08:00
2017-07-01T00:41:52: 非记录时间：2017-07-01T00:41:52+08:00
2017-07-01T00:42:52: 非记录时间：2017-07-01T00:42:52+08:00
2017-07-01T00:43:52: 非记录时间：2017-07-01T00:43:52+08:00
2017-07-01T00:44:52: 非记录时间：2017-07-01T00:44:52+08:00
2017-07-01T00:45:52: 非记录时间：2017-07-01T00:45:52+08:00
2017-07-01T00:46:52: 非记录时间：2017-07-01T00:46:52+08:00
2017-07-01T00:47:52: 非记录时间：2017-07-01T00:47:52+08:00
2017-07-01T00:48:52: 非记录时间：2017-07-01T00:48:52+08:00
2017-07-01T00:49:52: 非记录时间：2017-07-01T00:49:52+08:00
2017-07-01T00:50:52: 非记录时间：2017-07-01T00:50:52+08:00
2017-07-01T00:51:52: 非记录时间：2017-07-01T00:51:52+08:00
2017-07-01T00:52:52: 非记录时间：2017-07-01T00:52:52+08:00
2017-07-01T00:53:52: 非记录时间：2017-07-01T00:53:52+08:00
2017-07-01T00:54:52: 非记录时间：2017-07-01T00:54:52+08:00
2017-07-01T00:55:52: 非记录时间：2017-07-01T00:55:52+08:00
2017-07-01T00:56:52: 非记录时间：2017-07-01T00:56:52+08:00
2017-07-01T00:57:52: 非记录时间：2017-07-01T00:57:52+08:00
2017-07-01T00:58:52: 非记录时间：2017-07-01T00:58:52+08:00
2017-07-01T00:59:52: 非记录时间：2017-07-01T00:59:52+08:00
2017-07-01T01:00:52: 非记录时间：2017-07-01T01:00:52+08:00
2017-07-01T01:01:52: 非记录时间：2017-07-01T01:01:52+08:00
2017-07-01T01:02:52: 非记录时间：2017-07-01T01:02:52+08:00
2017-07-01T01:03:52: 非记录时间：2017-07-01T01:03:52+08:00
2017-07-01T01:04:52: 非记录时间：2017-07-01T01:04:52+08:00
2017-07-01T01:05:52: 非记录时间：2017-07-01T01:05:52+08:00
2017-07-01T01:06:52: 非记录时间：2017-07-01T01:06:52+08:00
2017-07-01T01:07:52: 非记录时间：2017-07-01T01:07:52+08:00
2017-07-01T01:08:52: 非记录时间：2017-07-01T01:08:52+08:00
2017-07-01T01:09:52: 非记录时间：2017-07-01T01:09:52+08:00
2017-07-01T01:10:52: 非记录时间：2017-07-01T01:10:52+08:00
2017-07-01T01:11:53: 读取文件失败，可能是该文件不存在
2017-07-01T01:11:53: Error: ENOENT: no such file or directory, open './data/2017-07-01.json'
2017-07-01T01:12:52: 读取文件成功
2017-07-01T01:13:52: 读取文件成功
2017-07-01T01:14:52: 读取文件成功
2017-07-01T01:15:52: 读取文件成功
2017-07-01T01:16:52: 读取文件成功
2017-07-01T01:17:52: 读取文件成功
2017-07-01T01:18:52: 读取文件成功
2017-07-01T01:19:52: 读取文件成功
2017-07-01T01:20:52: 读取文件成功
2017-07-01T01:21:52: 读取文件成功
2017-07-01T01:22:52: 读取文件成功
2017-07-01T01:23:52: 读取文件成功
2017-07-01T01:24:52: 读取文件成功
2017-07-01T01:25:52: 读取文件成功
2017-07-01T01:26:52: 读取文件成功
2017-07-01T01:27:52: 读取文件成功
2017-07-01T01:28:52: 读取文件成功
2017-07-01T01:29:52: 读取文件成功
2017-07-01T01:30:52: 读取文件成功
2017-07-01T01:31:52: 读取文件成功
2017-07-01T01:32:52: 读取文件成功
2017-07-01T01:33:52: 读取文件成功
2017-07-01T01:34:52: 读取文件成功
2017-07-01T01:35:52: 读取文件成功
2017-07-01T01:36:52: 读取文件成功
2017-07-01T01:37:52: 读取文件成功
2017-07-01T01:38:52: 读取文件成功
2017-07-01T01:39:52: 读取文件成功
2017-07-01T01:40:52: 读取文件成功
2017-07-01T01:41:53: 读取文件成功
2017-07-01T01:42:52: 读取文件成功
2017-07-01T01:43:52: 读取文件成功
2017-07-01T01:44:52: 读取文件成功
2017-07-01T01:45:52: 读取文件成功
2017-07-01T01:46:52: 读取文件成功
2017-07-01T01:47:53: 读取文件成功
2017-07-01T01:48:52: 读取文件成功
2017-07-01T01:49:52: 读取文件成功
2017-07-01T01:50:52: 读取文件成功
2017-07-01T01:51:52: 读取文件成功
2017-07-01T01:52:53: 读取文件成功
2017-07-01T01:53:53: 读取文件成功
2017-07-01T01:54:53: 读取文件成功
2017-07-01T01:55:53: 读取文件成功
2017-07-01T01:56:53: 读取文件成功
2017-07-01T01:57:53: 读取文件成功
2017-07-01T01:58:53: 读取文件成功
2017-07-01T01:59:53: 读取文件成功
2017-07-01T02:00:53: 读取文件成功
2017-07-01T02:01:53: 读取文件成功
2017-07-01T02:02:53: 读取文件成功
2017-07-01T02:03:53: 读取文件成功
2017-07-01T02:04:53: 读取文件成功
2017-07-01T02:05:53: 读取文件成功
2017-07-01T02:06:53: 读取文件成功
2017-07-01T02:07:53: 读取文件成功
2017-07-01T02:08:53: 读取文件成功
2017-07-01T02:09:53: 读取文件成功
2017-07-01T02:10:53: 读取文件成功
2017-07-01T02:11:53: 读取文件成功
2017-07-01T02:12:53: 读取文件成功
2017-07-01T02:13:53: 读取文件成功
2017-07-01T02:14:53: 读取文件成功
2017-07-01T02:15:53: 读取文件成功
2017-07-01T02:16:53: 读取文件成功
2017-07-01T02:17:53: 读取文件成功
2017-07-01T02:18:53: 读取文件成功
2017-07-01T02:19:53: 读取文件成功
2017-07-01T02:20:53: 读取文件成功
2017-07-01T02:21:53: 读取文件成功
2017-07-01T02:22:53: 读取文件成功
2017-07-01T02:23:53: 读取文件成功
2017-07-01T02:24:53: 读取文件成功
2017-07-01T02:25:53: 读取文件成功
2017-07-01T02:26:53: 读取文件成功
2017-07-01T02:27:53: 读取文件成功
2017-07-01T02:28:53: 读取文件成功
2017-07-01T02:29:53: 读取文件成功
2017-07-01T02:30:53: 读取文件成功
2017-07-01T02:31:53: 读取文件成功
2017-07-01T02:32:53: 读取文件成功
2017-07-01T02:33:53: 读取文件成功
2017-07-01T02:34:53: 读取文件成功
2017-07-01T02:35:53: 读取文件成功
2017-07-01T02:36:53: 读取文件成功
2017-07-01T02:37:53: 读取文件成功
2017-07-01T02:38:53: 读取文件成功
2017-07-01T02:39:53: 读取文件成功
2017-07-01T02:40:53: 读取文件成功
2017-07-01T02:41:53: 读取文件成功
2017-07-01T02:42:53: 读取文件成功
2017-07-01T02:43:53: 读取文件成功
2017-07-01T02:44:53: 读取文件成功
2017-07-01T02:45:53: 读取文件成功
2017-07-01T02:46:53: 读取文件成功
2017-07-01T02:47:53: 读取文件成功
2017-07-01T02:48:53: 读取文件成功
2017-07-01T02:49:53: 读取文件成功
2017-07-01T02:50:53: 读取文件成功
2017-07-01T02:51:53: 读取文件成功
2017-07-01T02:52:53: 读取文件成功
2017-07-01T02:53:55: 读取文件成功
2017-07-01T02:54:54: 读取文件成功
2017-07-01T02:55:55: 读取文件成功
2017-07-01T02:56:53: 读取文件成功
2017-07-01T02:57:53: 读取文件成功
2017-07-01T02:59:00: 读取文件成功
2017-07-01T02:59:57: 读取文件成功
2017-07-01T03:00:54: 读取文件成功
2017-07-01T03:01:55: 读取文件成功
2017-07-01T03:02:53: 读取文件成功
2017-07-01T03:03:55: 读取文件成功
2017-07-01T03:04:55: 读取文件成功
2017-07-01T03:05:54: 读取文件成功
2017-07-01T03:06:54: 读取文件成功
2017-07-01T03:07:53: 读取文件成功
2017-07-01T03:08:53: 读取文件成功
2017-07-01T03:09:53: 读取文件成功
2017-07-01T03:10:53: 读取文件成功
2017-07-01T03:11:53: 读取文件成功
2017-07-01T03:12:53: 读取文件成功
2017-07-01T03:13:53: 读取文件成功
2017-07-01T03:14:53: 读取文件成功
2017-07-01T03:15:53: 读取文件成功
2017-07-01T03:16:53: 读取文件成功
2017-07-01T03:17:53: 读取文件成功
2017-07-01T03:18:53: 读取文件成功
2017-07-01T03:19:53: 读取文件成功
2017-07-01T03:20:53: 读取文件成功
2017-07-01T03:21:53: 读取文件成功
2017-07-01T03:22:53: 读取文件成功
2017-07-01T03:23:53: 读取文件成功
2017-07-01T03:24:53: 读取文件成功
2017-07-01T03:25:53: 读取文件成功
2017-07-01T03:26:53: 读取文件成功
2017-07-01T03:27:53: 读取文件成功
2017-07-01T03:28:54: 读取文件成功
2017-07-01T03:29:53: 读取文件成功
2017-07-01T03:30:53: 读取文件成功
2017-07-01T03:31:53: 读取文件成功
2017-07-01T03:32:53: 读取文件成功
2017-07-01T03:33:53: 读取文件成功
2017-07-01T03:34:54: 读取文件成功
2017-07-01T03:35:53: 读取文件成功
2017-07-01T03:36:54: 读取文件成功
2017-07-01T03:37:53: 读取文件成功
2017-07-01T03:38:54: 读取文件成功
2017-07-01T03:39:53: 读取文件成功
2017-07-01T03:40:54: 读取文件成功
2017-07-01T03:41:54: 读取文件成功
2017-07-01T03:42:54: 读取文件成功
2017-07-01T03:43:54: 读取文件成功
2017-07-01T03:44:54: 读取文件成功
2017-07-01T03:46:00: 读取文件成功
2017-07-01T03:46:54: 读取文件成功
2017-07-01T03:47:54: 读取文件成功
2017-07-01T03:48:54: 读取文件成功
2017-07-01T03:49:54: 读取文件成功
2017-07-01T03:50:54: 读取文件成功
2017-07-01T03:51:54: 读取文件成功
2017-07-01T03:52:54: 读取文件成功
2017-07-01T03:53:54: 读取文件成功
2017-07-01T03:54:54: 读取文件成功
2017-07-01T03:55:54: 读取文件成功
2017-07-01T03:56:54: 读取文件成功
2017-07-01T03:57:54: 读取文件成功
2017-07-01T03:58:54: 读取文件成功
2017-07-01T03:59:54: 读取文件成功
2017-07-01T04:00:54: 读取文件成功
2017-07-01T04:01:54: 读取文件成功
2017-07-01T04:02:54: 读取文件成功
2017-07-01T04:03:54: 读取文件成功
2017-07-01T04:04:54: 读取文件成功
2017-07-01T04:05:54: 读取文件成功
2017-07-01T04:06:54: 读取文件成功
2017-07-01T04:07:54: 读取文件成功
2017-07-01T04:08:54: 读取文件成功
2017-07-01T04:09:54: 读取文件成功
2017-07-01T04:10:54: 读取文件成功
2017-07-01T04:11:54: 读取文件成功
2017-07-01T04:12:54: 读取文件成功
2017-07-01T04:13:54: 读取文件成功
2017-07-01T04:14:54: 读取文件成功
2017-07-01T04:15:54: 读取文件成功
2017-07-01T04:16:54: 读取文件成功
2017-07-01T04:17:54: 读取文件成功
2017-07-01T04:18:54: 读取文件成功
2017-07-01T04:19:54: 读取文件成功
2017-07-01T04:20:54: 读取文件成功
2017-07-01T04:21:54: 读取文件成功
2017-07-01T04:22:54: 读取文件成功
2017-07-01T04:23:54: 读取文件成功
2017-07-01T04:24:54: 读取文件成功
2017-07-01T04:25:54: 读取文件成功
2017-07-01T04:26:54: 读取文件成功
2017-07-01T04:27:54: 读取文件成功
2017-07-01T04:28:54: 读取文件成功
2017-07-01T04:29:54: 读取文件成功
2017-07-01T04:30:54: 读取文件成功
2017-07-01T04:31:54: 读取文件成功
2017-07-01T04:32:54: 读取文件成功
2017-07-01T04:33:54: 读取文件成功
2017-07-01T04:34:54: 读取文件成功
2017-07-01T04:35:54: 读取文件成功
2017-07-01T04:36:54: 读取文件成功
2017-07-01T04:37:54: 读取文件成功
2017-07-01T04:38:54: 读取文件成功
2017-07-01T04:39:54: 读取文件成功
2017-07-01T04:40:54: 读取文件成功
2017-07-01T04:41:54: 读取文件成功
2017-07-01T04:42:54: 读取文件成功
2017-07-01T04:43:54: 读取文件成功
2017-07-01T04:44:54: 读取文件成功
2017-07-01T04:45:54: 读取文件成功
2017-07-01T04:46:54: 读取文件成功
2017-07-01T04:47:54: 读取文件成功
2017-07-01T04:48:54: 读取文件成功
2017-07-01T04:49:54: 读取文件成功
2017-07-01T04:50:54: 读取文件成功
2017-07-01T04:51:54: 读取文件成功
2017-07-01T04:52:54: 读取文件成功
2017-07-01T04:53:54: 读取文件成功
2017-07-01T04:54:54: 读取文件成功
2017-07-01T04:55:54: 读取文件成功
2017-07-01T04:56:54: 读取文件成功
2017-07-01T04:57:54: 读取文件成功
2017-07-01T04:58:54: 读取文件成功
2017-07-01T04:59:54: 读取文件成功
2017-07-01T05:00:54: 读取文件成功
2017-07-01T05:01:54: 读取文件成功
2017-07-01T05:02:54: 读取文件成功
2017-07-01T05:03:54: 读取文件成功
2017-07-01T05:04:54: 读取文件成功
2017-07-01T05:05:54: 读取文件成功
2017-07-01T05:06:54: 读取文件成功
2017-07-01T05:07:54: 读取文件成功
2017-07-01T05:08:54: 读取文件成功
2017-07-01T05:09:54: 读取文件成功
2017-07-01T05:10:54: 读取文件成功
2017-07-01T05:11:54: 读取文件成功
2017-07-01T05:12:54: 读取文件成功
2017-07-01T05:13:54: 读取文件成功
2017-07-01T05:14:54: 读取文件成功
2017-07-01T05:15:54: 读取文件成功
2017-07-01T05:16:54: 读取文件成功
2017-07-01T05:17:54: 读取文件成功
2017-07-01T05:18:54: 读取文件成功
2017-07-01T05:19:54: 读取文件成功
2017-07-01T05:20:55: 读取文件成功
2017-07-01T05:21:54: 读取文件成功
2017-07-01T05:22:54: 读取文件成功
2017-07-01T05:23:54: 读取文件成功
2017-07-01T05:24:54: 读取文件成功
2017-07-01T05:25:54: 读取文件成功
2017-07-01T05:26:55: 读取文件成功
2017-07-01T05:27:54: 读取文件成功
2017-07-01T05:28:54: 读取文件成功
2017-07-01T05:29:55: 读取文件成功
2017-07-01T05:30:54: 读取文件成功
2017-07-01T05:31:54: 读取文件成功
2017-07-01T05:32:55: 读取文件成功
2017-07-01T05:33:55: 读取文件成功
2017-07-01T05:34:55: 读取文件成功
2017-07-01T05:35:55: 读取文件成功
2017-07-01T05:36:55: 读取文件成功
2017-07-01T05:37:55: 读取文件成功
2017-07-01T05:38:55: 读取文件成功
2017-07-01T05:39:55: 读取文件成功
2017-07-01T05:40:55: 读取文件成功
2017-07-01T05:41:55: 读取文件成功
2017-07-01T05:42:55: 读取文件成功
2017-07-01T05:43:55: 读取文件成功
2017-07-01T05:44:55: 读取文件成功
2017-07-01T05:45:55: 读取文件成功
2017-07-01T05:46:55: 读取文件成功
2017-07-01T05:47:55: 读取文件成功
2017-07-01T05:48:55: 读取文件成功
2017-07-01T05:49:55: 读取文件成功
2017-07-01T05:50:55: 读取文件成功
2017-07-01T05:51:55: 读取文件成功
2017-07-01T05:52:55: 读取文件成功
2017-07-01T05:53:55: 读取文件成功
2017-07-01T05:54:55: 读取文件成功
2017-07-01T05:55:55: 读取文件成功
2017-07-01T05:56:55: 读取文件成功
2017-07-01T05:57:55: 读取文件成功
2017-07-01T05:58:55: 读取文件成功
2017-07-01T05:59:55: 读取文件成功
2017-07-01T06:00:55: 读取文件成功
2017-07-01T06:01:55: 读取文件成功
2017-07-01T06:02:55: 读取文件成功
2017-07-01T06:03:55: 读取文件成功
2017-07-01T06:04:55: 读取文件成功
2017-07-01T06:05:55: 读取文件成功
2017-07-01T06:06:55: 读取文件成功
2017-07-01T06:07:55: 读取文件成功
2017-07-01T06:08:55: 读取文件成功
2017-07-01T06:09:55: 读取文件成功
2017-07-01T06:10:55: 读取文件成功
2017-07-01T06:11:55: 读取文件成功
2017-07-01T06:12:55: 读取文件成功
2017-07-01T06:13:55: 读取文件成功
2017-07-01T06:14:55: 读取文件成功
2017-07-01T06:15:55: 读取文件成功
2017-07-01T06:16:55: 读取文件成功
2017-07-01T06:17:55: 读取文件成功
2017-07-01T06:18:55: 读取文件成功
2017-07-01T06:19:55: 读取文件成功
2017-07-01T06:20:55: 读取文件成功
2017-07-01T06:21:55: 读取文件成功
2017-07-01T06:22:55: 读取文件成功
2017-07-01T06:23:55: 读取文件成功
2017-07-01T06:24:55: 读取文件成功
2017-07-01T06:26:09: 读取文件成功
2017-07-01T06:26:55: 读取文件成功
2017-07-01T06:27:55: 读取文件成功
2017-07-01T06:28:55: 读取文件成功
2017-07-01T06:29:55: 读取文件成功
2017-07-01T06:30:55: 读取文件成功
2017-07-01T06:31:55: 读取文件成功
2017-07-01T06:32:55: 读取文件成功
2017-07-01T06:33:55: 读取文件成功
2017-07-01T06:34:55: 读取文件成功
2017-07-01T06:35:55: 读取文件成功
2017-07-01T06:36:55: 读取文件成功
2017-07-01T06:37:55: 读取文件成功
2017-07-01T06:38:55: 读取文件成功
2017-07-01T06:39:55: 读取文件成功
2017-07-01T06:40:55: 读取文件成功
2017-07-01T06:41:55: 读取文件成功
2017-07-01T06:42:55: 读取文件成功
2017-07-01T06:43:55: 读取文件成功
2017-07-01T06:44:55: 读取文件成功
2017-07-01T06:45:55: 读取文件成功
2017-07-01T06:46:55: 读取文件成功
2017-07-01T06:47:55: 读取文件成功
2017-07-01T06:48:55: 读取文件成功
2017-07-01T06:49:55: 读取文件成功
2017-07-01T06:50:55: 读取文件成功
2017-07-01T06:51:55: 读取文件成功
2017-07-01T06:52:55: 读取文件成功
2017-07-01T06:53:55: 读取文件成功
2017-07-01T06:54:55: 读取文件成功
2017-07-01T06:55:55: 读取文件成功
2017-07-01T06:56:55: 读取文件成功
2017-07-01T06:57:55: 读取文件成功
2017-07-01T06:58:55: 读取文件成功
2017-07-01T06:59:55: 读取文件成功
2017-07-01T07:00:55: 读取文件成功
2017-07-01T07:01:55: 读取文件成功
2017-07-01T07:02:55: 读取文件成功
2017-07-01T07:03:56: 读取文件成功
2017-07-01T07:04:55: 读取文件成功
2017-07-01T07:05:55: 读取文件成功
2017-07-01T07:06:55: 读取文件成功
2017-07-01T07:07:55: 读取文件成功
2017-07-01T07:08:55: 读取文件成功
2017-07-01T07:09:55: 读取文件成功
2017-07-01T07:10:55: 读取文件成功
2017-07-01T07:11:55: 读取文件成功
2017-07-01T07:12:55: 读取文件成功
2017-07-01T07:13:55: 读取文件成功
2017-07-01T07:14:55: 读取文件成功
2017-07-01T07:15:55: 读取文件成功
2017-07-01T07:16:55: 读取文件成功
2017-07-01T07:17:56: 读取文件成功
2017-07-01T07:18:55: 读取文件成功
2017-07-01T07:19:56: 读取文件成功
2017-07-01T07:20:55: 读取文件成功
2017-07-01T07:21:55: 读取文件成功
2017-07-01T07:22:55: 读取文件成功
2017-07-01T07:23:56: 读取文件成功
2017-07-01T07:24:56: 读取文件成功
2017-07-01T07:25:56: 读取文件成功
2017-07-01T07:26:56: 读取文件成功
2017-07-01T07:27:56: 读取文件成功
2017-07-01T07:28:56: 读取文件成功
2017-07-01T07:29:56: 读取文件成功
2017-07-01T07:30:56: 读取文件成功
2017-07-01T07:31:56: 读取文件成功
2017-07-01T07:32:56: 读取文件成功
2017-07-01T07:33:56: 读取文件成功
2017-07-01T07:34:56: 读取文件成功
2017-07-01T07:35:56: 读取文件成功
2017-07-01T07:36:56: 读取文件成功
2017-07-01T07:37:56: 读取文件成功
2017-07-01T07:38:56: 读取文件成功
2017-07-01T07:39:56: 读取文件成功
2017-07-01T07:40:56: 读取文件成功
2017-07-01T07:41:56: 读取文件成功
2017-07-01T07:42:56: 读取文件成功
2017-07-01T07:43:56: 读取文件成功
2017-07-01T07:44:56: 读取文件成功
2017-07-01T07:45:56: 读取文件成功
2017-07-01T07:46:56: 读取文件成功
2017-07-01T07:47:56: 读取文件成功
2017-07-01T07:48:56: 读取文件成功
2017-07-01T07:49:56: 读取文件成功
2017-07-01T07:50:56: 读取文件成功
2017-07-01T07:51:56: 读取文件成功
2017-07-01T07:52:56: 读取文件成功
2017-07-01T07:53:56: 读取文件成功
2017-07-01T07:54:56: 读取文件成功
2017-07-01T07:55:56: 读取文件成功
2017-07-01T07:56:56: 读取文件成功
2017-07-01T07:57:56: 读取文件成功
2017-07-01T07:58:56: 读取文件成功
2017-07-01T07:59:56: 读取文件成功
2017-07-01T08:00:56: 读取文件成功
2017-07-01T08:01:56: 读取文件成功
2017-07-01T08:02:56: 读取文件成功
2017-07-01T08:03:56: 读取文件成功
2017-07-01T08:04:56: 读取文件成功
2017-07-01T08:05:56: 读取文件成功
2017-07-01T08:06:56: 读取文件成功
2017-07-01T08:07:56: 读取文件成功
2017-07-01T08:08:56: 读取文件成功
2017-07-01T08:09:56: 读取文件成功
2017-07-01T08:10:56: 读取文件成功
2017-07-01T08:11:56: 读取文件成功
2017-07-01T08:12:56: 读取文件成功
2017-07-01T08:13:56: 读取文件成功
2017-07-01T08:14:56: 读取文件成功
2017-07-01T08:15:56: 读取文件成功
2017-07-01T08:16:56: 读取文件成功
2017-07-01T08:17:56: 读取文件成功
2017-07-01T08:18:56: 读取文件成功
2017-07-01T08:19:56: 读取文件成功
2017-07-01T08:20:56: 读取文件成功
2017-07-01T08:21:56: 读取文件成功
2017-07-01T08:22:56: 读取文件成功
2017-07-01T08:23:56: 读取文件成功
2017-07-01T08:24:56: 读取文件成功
2017-07-01T08:25:56: 读取文件成功
2017-07-01T08:26:56: 读取文件成功
2017-07-01T08:27:56: 读取文件成功
2017-07-01T08:28:56: 读取文件成功
2017-07-01T08:29:56: 读取文件成功
2017-07-01T08:30:56: 读取文件成功
2017-07-01T08:31:56: 读取文件成功
2017-07-01T08:32:56: 读取文件成功
2017-07-01T08:33:56: 读取文件成功
2017-07-01T08:34:56: 读取文件成功
2017-07-01T08:35:56: 读取文件成功
2017-07-01T08:36:56: 读取文件成功
2017-07-01T08:37:56: 读取文件成功
2017-07-01T08:38:56: 读取文件成功
2017-07-01T08:39:56: 读取文件成功
2017-07-01T08:40:56: 读取文件成功
2017-07-01T08:41:56: 读取文件成功
2017-07-01T08:42:56: 读取文件成功
2017-07-01T08:43:56: 读取文件成功
2017-07-01T08:44:56: 读取文件成功
2017-07-01T08:45:56: 读取文件成功
2017-07-01T08:46:56: 读取文件成功
2017-07-01T08:47:56: 读取文件成功
2017-07-01T08:48:56: 读取文件成功
2017-07-01T08:49:56: 读取文件成功
2017-07-01T08:50:56: 读取文件成功
2017-07-01T08:51:56: 读取文件成功
2017-07-01T08:52:56: 读取文件成功
2017-07-01T08:53:56: 读取文件成功
2017-07-01T08:54:56: 读取文件成功
2017-07-01T08:55:56: 读取文件成功
2017-07-01T08:56:56: 读取文件成功
2017-07-01T08:57:56: 读取文件成功
2017-07-01T08:58:56: 读取文件成功
2017-07-01T08:59:56: 读取文件成功
2017-07-01T09:00:56: 读取文件成功
2017-07-01T09:01:56: 读取文件成功
2017-07-01T09:02:56: 读取文件成功
2017-07-01T09:03:56: 读取文件成功
2017-07-01T09:04:56: 读取文件成功
2017-07-01T09:05:56: 读取文件成功
2017-07-01T09:06:57: 读取文件成功
2017-07-01T09:07:56: 读取文件成功
2017-07-01T09:08:56: 读取文件成功
2017-07-01T09:09:56: 读取文件成功
2017-07-01T09:10:57: 读取文件成功
2017-07-01T09:11:56: 读取文件成功
2017-07-01T09:12:57: 读取文件成功
2017-07-01T09:13:57: 读取文件成功
2017-07-01T09:14:56: 读取文件成功
2017-07-01T09:15:57: 读取文件成功
2017-07-01T09:16:57: 读取文件成功
2017-07-01T09:17:57: 读取文件成功
2017-07-01T09:18:57: 读取文件成功
2017-07-01T09:19:57: 读取文件成功
2017-07-01T09:20:57: 读取文件成功
2017-07-01T09:21:57: 读取文件成功
2017-07-01T09:22:57: 读取文件成功
2017-07-01T09:23:57: 读取文件成功
2017-07-01T09:24:57: 读取文件成功
2017-07-01T09:25:57: 读取文件成功
2017-07-01T09:26:57: 读取文件成功
2017-07-01T09:27:57: 读取文件成功
2017-07-01T09:28:57: 读取文件成功
2017-07-01T09:29:57: 读取文件成功
2017-07-01T09:30:57: 读取文件成功
2017-07-01T09:31:57: 读取文件成功
2017-07-01T09:32:57: 读取文件成功
2017-07-01T09:33:57: 读取文件成功
2017-07-01T09:34:57: 读取文件成功
2017-07-01T09:35:57: 读取文件成功
2017-07-01T09:36:57: 读取文件成功
2017-07-01T09:37:57: 读取文件成功
2017-07-01T09:38:57: 读取文件成功
2017-07-01T09:39:57: 读取文件成功
2017-07-01T09:40:57: 读取文件成功
2017-07-01T09:41:57: 读取文件成功
2017-07-01T09:42:57: 读取文件成功
2017-07-01T09:43:57: 读取文件成功
2017-07-01T09:44:57: 读取文件成功
2017-07-01T09:45:57: 读取文件成功
2017-07-01T09:46:57: 读取文件成功
2017-07-01T09:47:57: 读取文件成功
2017-07-01T09:48:57: 读取文件成功
2017-07-01T09:49:57: 读取文件成功
2017-07-01T09:50:57: 读取文件成功
2017-07-01T09:51:57: 读取文件成功
2017-07-01T09:52:57: 读取文件成功
2017-07-01T09:53:57: 读取文件成功
2017-07-01T09:54:57: 读取文件成功
2017-07-01T09:55:57: 读取文件成功
2017-07-01T09:56:57: 读取文件成功
2017-07-01T09:57:57: 读取文件成功
2017-07-01T09:58:57: 读取文件成功
2017-07-01T09:59:57: 读取文件成功
2017-07-01T10:00:57: 读取文件成功
2017-07-01T10:01:57: 读取文件成功
2017-07-01T10:02:57: 读取文件成功
2017-07-01T10:03:57: 读取文件成功
2017-07-01T10:04:57: 读取文件成功
2017-07-01T10:05:57: 读取文件成功
2017-07-01T10:06:57: 读取文件成功
2017-07-01T10:07:57: 读取文件成功
2017-07-01T10:08:57: 读取文件成功
2017-07-01T10:09:57: 读取文件成功
2017-07-01T10:10:57: 读取文件成功
2017-07-01T10:11:57: 读取文件成功
2017-07-01T10:12:57: 读取文件成功
2017-07-01T10:13:57: 读取文件成功
2017-07-01T10:14:57: 读取文件成功
2017-07-01T10:15:57: 读取文件成功
2017-07-01T10:16:57: 读取文件成功
2017-07-01T10:17:57: 读取文件成功
2017-07-01T10:18:57: 读取文件成功
2017-07-01T10:19:57: 读取文件成功
2017-07-01T10:20:57: 读取文件成功
2017-07-01T10:21:57: 读取文件成功
2017-07-01T10:22:57: 读取文件成功
2017-07-01T10:23:57: 读取文件成功
2017-07-01T10:24:57: 读取文件成功
2017-07-01T10:25:57: 读取文件成功
2017-07-01T10:26:57: 读取文件成功
2017-07-01T10:27:57: 读取文件成功
2017-07-01T10:28:57: 读取文件成功
2017-07-01T10:29:57: 读取文件成功
2017-07-01T10:30:57: 读取文件成功
2017-07-01T10:31:57: 读取文件成功
2017-07-01T10:32:57: 读取文件成功
2017-07-01T10:33:57: 读取文件成功
2017-07-01T10:34:57: 读取文件成功
2017-07-01T10:35:57: 读取文件成功
2017-07-01T10:36:57: 读取文件成功
2017-07-01T10:37:57: 读取文件成功
2017-07-01T10:38:57: 读取文件成功
2017-07-01T10:39:57: 读取文件成功
2017-07-01T10:40:57: 读取文件成功
2017-07-01T10:41:57: 读取文件成功
2017-07-01T10:42:58: 读取文件成功
2017-07-01T10:43:57: 读取文件成功
2017-07-01T10:44:57: 读取文件成功
2017-07-01T10:45:57: 读取文件成功
2017-07-01T10:46:57: 读取文件成功
2017-07-01T10:47:57: 读取文件成功
2017-07-01T10:48:58: 读取文件成功
2017-07-01T10:49:58: 读取文件成功
2017-07-01T10:50:57: 读取文件成功
2017-07-01T10:51:57: 读取文件成功
2017-07-01T10:52:58: 读取文件成功
2017-07-01T10:53:57: 读取文件成功
2017-07-01T10:54:58: 读取文件成功
2017-07-01T10:55:57: 读取文件成功
2017-07-01T10:56:58: 读取文件成功
2017-07-01T10:57:58: 读取文件成功
2017-07-01T10:58:58: 读取文件成功
2017-07-01T10:59:58: 读取文件成功
2017-07-01T11:00:58: 读取文件成功
2017-07-01T11:01:58: 读取文件成功
2017-07-01T11:02:58: 读取文件成功
2017-07-01T11:03:58: 读取文件成功
2017-07-01T11:04:58: 读取文件成功
2017-07-01T11:05:58: 读取文件成功
2017-07-01T11:06:58: 读取文件成功
2017-07-01T11:07:58: 读取文件成功
2017-07-01T11:08:58: 读取文件成功
2017-07-01T11:09:58: 读取文件成功
2017-07-01T11:10:58: 读取文件成功
2017-07-01T11:11:58: 读取文件成功
2017-07-01T11:12:58: 读取文件成功
2017-07-01T11:13:58: 读取文件成功
2017-07-01T11:14:58: 读取文件成功
2017-07-01T11:15:58: 读取文件成功
2017-07-01T11:16:58: 读取文件成功
2017-07-01T11:17:58: 读取文件成功
2017-07-01T11:18:58: 读取文件成功
2017-07-01T11:19:58: 读取文件成功
2017-07-01T11:20:58: 读取文件成功
2017-07-01T11:21:58: 读取文件成功
2017-07-01T11:22:58: 读取文件成功
2017-07-01T11:23:58: 读取文件成功
2017-07-01T11:24:58: 读取文件成功
2017-07-01T11:25:58: 读取文件成功
2017-07-01T11:26:58: 读取文件成功
2017-07-01T11:27:58: 读取文件成功
2017-07-01T11:28:58: 读取文件成功
2017-07-01T11:29:58: 读取文件成功
2017-07-01T11:30:58: 读取文件成功
2017-07-01T11:31:58: 读取文件成功
2017-07-01T11:32:58: 读取文件成功
2017-07-01T11:33:58: 读取文件成功
2017-07-01T11:34:58: 读取文件成功
2017-07-01T11:35:58: 读取文件成功
2017-07-01T11:36:58: 读取文件成功
2017-07-01T11:37:58: 读取文件成功
2017-07-01T11:38:58: 读取文件成功
2017-07-01T11:39:58: 读取文件成功
2017-07-01T11:40:58: 读取文件成功
2017-07-01T11:41:59: 读取文件成功
2017-07-01T11:42:58: 读取文件成功
2017-07-01T11:43:58: 读取文件成功
2017-07-01T11:44:58: 读取文件成功
2017-07-01T11:45:58: 读取文件成功
2017-07-01T11:46:58: 读取文件成功
2017-07-01T11:47:58: 读取文件成功
2017-07-01T11:48:58: 读取文件成功
2017-07-01T11:49:58: 读取文件成功
2017-07-01T11:50:58: 读取文件成功
2017-07-01T11:51:58: 读取文件成功
2017-07-01T11:52:58: 读取文件成功
2017-07-01T11:53:58: 读取文件成功
2017-07-01T11:54:58: 读取文件成功
2017-07-01T11:55:58: 读取文件成功
2017-07-01T11:56:58: 读取文件成功
2017-07-01T11:57:58: 读取文件成功
2017-07-01T11:58:58: 读取文件成功
2017-07-01T11:59:58: 读取文件成功
2017-07-01T12:00:58: 读取文件成功
2017-07-01T12:01:58: 读取文件成功
2017-07-01T12:02:58: 读取文件成功
2017-07-01T12:03:58: 读取文件成功
2017-07-01T12:04:58: 读取文件成功
2017-07-01T12:05:58: 读取文件成功
2017-07-01T12:06:58: 读取文件成功
2017-07-01T12:07:58: 读取文件成功
2017-07-01T12:08:58: 读取文件成功
2017-07-01T12:09:58: 读取文件成功
2017-07-01T12:10:58: 读取文件成功
2017-07-01T12:11:58: 读取文件成功
2017-07-01T12:12:58: 读取文件成功
2017-07-01T12:13:58: 读取文件成功
2017-07-01T12:14:58: 读取文件成功
2017-07-01T12:15:58: 读取文件成功
2017-07-01T12:16:58: 读取文件成功
2017-07-01T12:17:58: 读取文件成功
2017-07-01T12:18:58: 读取文件成功
2017-07-01T12:19:58: 读取文件成功
2017-07-01T12:20:58: 读取文件成功
2017-07-01T12:21:58: 读取文件成功
2017-07-01T12:22:58: 读取文件成功
2017-07-01T12:23:58: 读取文件成功
2017-07-01T12:24:58: 读取文件成功
2017-07-01T12:25:59: 读取文件成功
2017-07-01T12:26:58: 读取文件成功
2017-07-01T12:27:58: 读取文件成功
2017-07-01T12:28:58: 读取文件成功
2017-07-01T12:29:58: 读取文件成功
2017-07-01T12:30:58: 读取文件成功
2017-07-01T12:31:58: 读取文件成功
2017-07-01T12:32:58: 读取文件成功
2017-07-01T12:33:58: 读取文件成功
2017-07-01T12:34:58: 读取文件成功
2017-07-01T12:35:58: 读取文件成功
2017-07-01T12:36:58: 读取文件成功
2017-07-01T12:37:58: 读取文件成功
2017-07-01T12:38:58: 读取文件成功
2017-07-01T12:39:58: 读取文件成功
2017-07-01T12:40:58: 读取文件成功
2017-07-01T12:41:59: 读取文件成功
2017-07-01T12:42:59: 读取文件成功
2017-07-01T12:43:59: 读取文件成功
2017-07-01T12:44:58: 读取文件成功
2017-07-01T12:45:58: 读取文件成功
2017-07-01T12:46:58: 读取文件成功
2017-07-01T12:47:59: 读取文件成功
2017-07-01T12:48:59: 读取文件成功
2017-07-01T12:49:59: 读取文件成功
2017-07-01T12:50:59: 读取文件成功
2017-07-01T12:51:59: 读取文件成功
2017-07-01T12:52:59: 读取文件成功
2017-07-01T12:53:59: 读取文件成功
2017-07-01T12:54:59: 读取文件成功
2017-07-01T12:55:59: 读取文件成功
2017-07-01T12:56:59: 读取文件成功
2017-07-01T12:57:59: 读取文件成功
2017-07-01T12:58:59: 读取文件成功
2017-07-01T12:59:59: 读取文件成功
2017-07-01T13:00:59: 读取文件成功
2017-07-01T13:01:59: 读取文件成功
2017-07-01T13:02:59: 读取文件成功
2017-07-01T13:03:59: 读取文件成功
2017-07-01T13:04:59: 读取文件成功
2017-07-01T13:05:59: 读取文件成功
2017-07-01T13:06:59: 读取文件成功
2017-07-01T13:07:59: 读取文件成功
2017-07-01T13:08:59: 读取文件成功
2017-07-01T13:09:59: 读取文件成功
2017-07-01T13:10:59: 读取文件成功
2017-07-01T13:11:59: 读取文件成功
2017-07-01T13:12:59: 读取文件成功
2017-07-01T13:13:59: 读取文件成功
2017-07-01T13:14:59: 读取文件成功
2017-07-01T13:15:59: 读取文件成功
2017-07-01T13:16:59: 读取文件成功
2017-07-01T13:17:59: 读取文件成功
2017-07-01T13:18:59: 读取文件成功
2017-07-01T13:19:59: 读取文件成功
2017-07-01T13:20:59: 读取文件成功
2017-07-01T13:21:59: 读取文件成功
2017-07-01T13:22:59: 读取文件成功
2017-07-01T13:23:59: 读取文件成功
2017-07-01T13:24:59: 读取文件成功
2017-07-01T13:25:59: 读取文件成功
2017-07-01T13:26:59: 读取文件成功
2017-07-01T13:27:59: 读取文件成功
2017-07-01T13:28:59: 读取文件成功
2017-07-01T13:29:59: 读取文件成功
2017-07-01T13:30:59: 读取文件成功
2017-07-01T13:31:59: 读取文件成功
2017-07-01T13:32:59: 读取文件成功
2017-07-01T13:33:59: 读取文件成功
2017-07-01T13:34:59: 读取文件成功
2017-07-01T13:35:59: 读取文件成功
2017-07-01T13:36:59: 读取文件成功
2017-07-01T13:37:59: 读取文件成功
2017-07-01T13:38:59: 读取文件成功
2017-07-01T13:39:59: 读取文件成功
2017-07-01T13:40:59: 读取文件成功
2017-07-01T13:41:59: 读取文件成功
2017-07-01T13:42:59: 读取文件成功
2017-07-01T13:43:59: 读取文件成功
2017-07-01T13:44:59: 读取文件成功
2017-07-01T13:45:59: 读取文件成功
2017-07-01T13:46:59: 读取文件成功
2017-07-01T13:47:59: 读取文件成功
2017-07-01T13:48:59: 读取文件成功
2017-07-01T13:49:59: 读取文件成功
2017-07-01T13:50:59: 读取文件成功
2017-07-01T13:51:59: 读取文件成功
2017-07-01T13:52:59: 读取文件成功
2017-07-01T13:53:59: 读取文件成功
2017-07-01T13:54:59: 读取文件成功
2017-07-01T13:55:59: 读取文件成功
2017-07-01T13:56:59: 读取文件成功
2017-07-01T13:57:59: 读取文件成功
2017-07-01T13:58:59: 读取文件成功
2017-07-01T13:59:59: 读取文件成功
2017-07-01T14:00:59: 读取文件成功
2017-07-01T14:01:59: 读取文件成功
2017-07-01T14:02:59: 读取文件成功
2017-07-01T14:03:59: 读取文件成功
2017-07-01T14:04:59: 读取文件成功
2017-07-01T14:05:59: 读取文件成功
2017-07-01T14:06:59: 读取文件成功
2017-07-01T14:07:59: 读取文件成功
2017-07-01T14:08:59: 读取文件成功
2017-07-01T14:09:59: 读取文件成功
2017-07-01T14:10:59: 读取文件成功
2017-07-01T14:11:59: 读取文件成功
2017-07-01T14:12:59: 读取文件成功
2017-07-01T14:13:59: 读取文件成功
2017-07-01T14:14:59: 读取文件成功
2017-07-01T14:15:59: 读取文件成功
2017-07-01T14:17:00: 读取文件成功
2017-07-01T14:17:59: 读取文件成功
2017-07-01T14:18:59: 读取文件成功
2017-07-01T14:19:59: 读取文件成功
2017-07-01T14:20:59: 读取文件成功
2017-07-01T14:21:59: 读取文件成功
2017-07-01T14:23:00: 读取文件成功
2017-07-01T14:23:59: 读取文件成功
2017-07-01T14:24:59: 读取文件成功
2017-07-01T14:26:07: 读取文件成功
2017-07-01T14:26:59: 读取文件成功
2017-07-01T14:27:59: 读取文件成功
2017-07-01T14:29:00: 读取文件成功
2017-07-01T14:29:59: 读取文件成功
2017-07-01T14:31:00: 读取文件成功
2017-07-01T14:32:00: 读取文件成功
2017-07-01T14:33:00: 读取文件成功
2017-07-01T14:34:00: 读取文件成功
2017-07-01T14:35:00: 读取文件成功
2017-07-01T14:36:00: 读取文件成功
2017-07-01T14:37:00: 读取文件成功
2017-07-01T14:38:00: 读取文件成功
2017-07-01T14:39:00: 读取文件成功
2017-07-01T14:40:00: 读取文件成功
2017-07-01T14:41:00: 读取文件成功
2017-07-01T14:42:00: 读取文件成功
2017-07-01T14:43:00: 读取文件成功
2017-07-01T14:44:00: 读取文件成功
2017-07-01T14:45:00: 读取文件成功
2017-07-01T14:46:00: 读取文件成功
2017-07-01T14:47:00: 读取文件成功
2017-07-01T14:48:00: 读取文件成功
2017-07-01T14:49:00: 读取文件成功
2017-07-01T14:50:00: 读取文件成功
2017-07-01T14:51:00: 读取文件成功
2017-07-01T14:52:00: 读取文件成功
2017-07-01T14:53:00: 读取文件成功
2017-07-01T14:54:00: 读取文件成功
2017-07-01T14:55:00: 读取文件成功
2017-07-01T14:56:00: 读取文件成功
2017-07-01T14:57:00: 读取文件成功
2017-07-01T14:58:00: 读取文件成功
2017-07-01T14:59:00: 读取文件成功
2017-07-01T15:00:00: 读取文件成功
2017-07-01T15:01:00: 读取文件成功
2017-07-01T15:02:00: 读取文件成功
2017-07-01T15:03:00: 读取文件成功
2017-07-01T15:04:00: 读取文件成功
2017-07-01T15:05:00: 读取文件成功
2017-07-01T15:06:00: 读取文件成功
2017-07-01T15:07:00: 读取文件成功
2017-07-01T15:08:00: 读取文件成功
2017-07-01T15:09:00: 读取文件成功
2017-07-01T15:10:00: 读取文件成功
2017-07-01T15:11:00: 读取文件成功
2017-07-01T15:12:00: 读取文件成功
2017-07-01T15:13:00: 读取文件成功
2017-07-01T15:14:00: 读取文件成功
2017-07-01T15:15:00: 读取文件成功
2017-07-01T15:16:00: 读取文件成功
2017-07-01T15:17:00: 读取文件成功
2017-07-01T15:18:00: 读取文件成功
2017-07-01T15:19:00: 读取文件成功
2017-07-01T15:20:00: 读取文件成功
2017-07-01T15:21:00: 读取文件成功
2017-07-01T15:22:00: 读取文件成功
2017-07-01T15:23:00: 读取文件成功
2017-07-01T15:24:00: 读取文件成功
2017-07-01T15:25:00: 读取文件成功
2017-07-01T15:26:00: 读取文件成功
2017-07-01T15:27:00: 读取文件成功
2017-07-01T15:28:00: 读取文件成功
2017-07-01T15:29:00: 读取文件成功
2017-07-01T15:30:00: 读取文件成功
2017-07-01T15:31:00: 读取文件成功
2017-07-01T15:32:00: 读取文件成功
2017-07-01T15:33:00: 读取文件成功
2017-07-01T15:34:00: 读取文件成功
2017-07-01T15:35:00: 读取文件成功
2017-07-01T15:36:00: 读取文件成功
2017-07-01T15:37:00: 读取文件成功
2017-07-01T15:38:00: 读取文件成功
2017-07-01T15:39:00: 读取文件成功
2017-07-01T15:40:00: 读取文件成功
2017-07-01T15:41:00: 读取文件成功
2017-07-01T15:42:00: 读取文件成功
2017-07-01T15:43:00: 读取文件成功
2017-07-01T15:44:00: 读取文件成功
2017-07-01T15:45:00: 读取文件成功
2017-07-01T15:46:00: 读取文件成功
2017-07-01T15:47:00: 读取文件成功
2017-07-01T15:48:00: 读取文件成功
2017-07-01T15:49:00: 读取文件成功
2017-07-01T15:50:00: 读取文件成功
2017-07-01T15:51:00: 读取文件成功
2017-07-01T15:52:00: 读取文件成功
2017-07-01T15:53:00: 读取文件成功
2017-07-01T15:54:00: 读取文件成功
2017-07-01T15:55:00: 读取文件成功
2017-07-01T15:56:00: 读取文件成功
2017-07-01T15:57:00: 读取文件成功
2017-07-01T15:58:00: 读取文件成功
2017-07-01T15:59:00: 读取文件成功
2017-07-01T16:00:00: 读取文件成功
2017-07-01T16:01:01: 读取文件成功
2017-07-01T16:02:00: 读取文件成功
2017-07-01T16:03:00: 读取文件成功
2017-07-01T16:04:00: 读取文件成功
2017-07-01T16:05:00: 读取文件成功
2017-07-01T16:06:00: 读取文件成功
2017-07-01T16:07:00: 读取文件成功
2017-07-01T16:08:00: 读取文件成功
2017-07-01T16:09:00: 读取文件成功
2017-07-01T16:10:01: 读取文件成功
2017-07-01T16:11:00: 读取文件成功
2017-07-01T16:12:01: 读取文件成功
2017-07-01T16:13:00: 读取文件成功
2017-07-01T16:14:00: 读取文件成功
2017-07-01T16:15:00: 读取文件成功
2017-07-01T16:16:01: 读取文件成功
2017-07-01T16:17:00: 读取文件成功
2017-07-01T16:18:00: 读取文件成功
2017-07-01T16:19:01: 读取文件成功
2017-07-01T16:20:01: 读取文件成功
2017-07-01T16:21:01: 读取文件成功
2017-07-01T16:22:01: 读取文件成功
2017-07-01T16:23:01: 读取文件成功
2017-07-01T16:24:01: 读取文件成功
2017-07-01T16:25:01: 读取文件成功
2017-07-01T16:26:01: 读取文件成功
2017-07-01T16:27:01: 读取文件成功
2017-07-01T16:28:01: 读取文件成功
2017-07-01T16:29:01: 读取文件成功
2017-07-01T16:30:01: 读取文件成功
2017-07-01T16:31:01: 读取文件成功
2017-07-01T16:32:01: 读取文件成功
2017-07-01T16:33:01: 读取文件成功
2017-07-01T16:34:01: 读取文件成功
2017-07-01T16:35:01: 读取文件成功
2017-07-01T16:36:01: 读取文件成功
2017-07-01T16:37:01: 读取文件成功
2017-07-01T16:38:01: 读取文件成功
2017-07-01T16:39:01: 读取文件成功
2017-07-01T16:40:01: 读取文件成功
2017-07-01T16:41:01: 读取文件成功
2017-07-01T16:42:01: 读取文件成功
2017-07-01T16:43:01: 读取文件成功
2017-07-01T16:44:01: 读取文件成功
2017-07-01T16:45:01: 读取文件成功
2017-07-01T16:46:01: 读取文件成功
2017-07-01T16:47:01: 读取文件成功
2017-07-01T16:48:01: 读取文件成功
2017-07-01T16:49:01: 读取文件成功
2017-07-01T16:50:01: 读取文件成功
2017-07-01T16:51:01: 读取文件成功
2017-07-01T16:52:01: 读取文件成功
2017-07-01T16:53:01: 读取文件成功
2017-07-01T16:54:01: 读取文件成功
2017-07-01T16:55:01: 读取文件成功
2017-07-01T16:56:01: 读取文件成功
2017-07-01T16:57:01: 读取文件成功
2017-07-01T16:58:01: 读取文件成功
2017-07-01T16:59:01: 读取文件成功
2017-07-01T17:00:01: 读取文件成功
2017-07-01T17:01:01: 读取文件成功
2017-07-01T17:02:01: 读取文件成功
2017-07-01T17:03:01: 读取文件成功
2017-07-01T17:04:01: 读取文件成功
2017-07-01T17:05:01: 读取文件成功
2017-07-01T17:06:01: 读取文件成功
2017-07-01T17:07:01: 读取文件成功
2017-07-01T17:08:01: 读取文件成功
2017-07-01T17:09:01: 读取文件成功
2017-07-01T17:10:01: 读取文件成功
2017-07-01T17:11:01: 读取文件成功
2017-07-01T17:12:01: 读取文件成功
2017-07-01T17:13:01: 读取文件成功
2017-07-01T17:14:01: 读取文件成功
2017-07-01T17:15:01: 读取文件成功
2017-07-01T17:16:01: 读取文件成功
2017-07-01T17:17:01: 读取文件成功
2017-07-01T17:18:01: 读取文件成功
2017-07-01T17:19:01: 读取文件成功
2017-07-01T17:20:01: 读取文件成功
2017-07-01T17:21:01: 读取文件成功
2017-07-01T17:22:01: 读取文件成功
2017-07-01T17:23:01: 读取文件成功
2017-07-01T17:24:01: 读取文件成功
2017-07-01T17:25:01: 读取文件成功
2017-07-01T17:26:01: 读取文件成功
2017-07-01T17:27:01: 读取文件成功
2017-07-01T17:28:01: 读取文件成功
2017-07-01T17:29:01: 读取文件成功
2017-07-01T17:30:01: 读取文件成功
2017-07-01T17:31:01: 读取文件成功
2017-07-01T17:32:01: 读取文件成功
2017-07-01T17:33:01: 读取文件成功
2017-07-01T17:34:01: 读取文件成功
2017-07-01T17:35:01: 读取文件成功
2017-07-01T17:36:01: 读取文件成功
2017-07-01T17:37:01: 读取文件成功
2017-07-01T17:38:01: 读取文件成功
2017-07-01T17:39:01: 读取文件成功
2017-07-01T17:40:01: 读取文件成功
2017-07-01T17:41:01: 读取文件成功
2017-07-01T17:42:01: 读取文件成功
2017-07-01T17:43:01: 读取文件成功
2017-07-01T17:44:01: 读取文件成功
2017-07-01T17:45:02: 读取文件成功
2017-07-01T17:46:09: 读取文件成功
2017-07-01T17:47:01: 读取文件成功
2017-07-01T17:48:01: 读取文件成功
2017-07-01T17:49:01: 读取文件成功
2017-07-01T17:50:01: 读取文件成功
2017-07-01T17:51:01: 读取文件成功
2017-07-01T17:52:01: 读取文件成功
2017-07-01T17:53:01: 读取文件成功
2017-07-01T17:54:01: 读取文件成功
2017-07-01T17:55:01: 读取文件成功
2017-07-01T17:56:01: 读取文件成功
2017-07-01T17:57:02: 读取文件成功
2017-07-01T17:58:01: 读取文件成功
2017-07-01T17:59:01: 读取文件成功
2017-07-01T18:00:01: 读取文件成功
2017-07-01T18:01:01: 读取文件成功
2017-07-01T18:02:01: 读取文件成功
2017-07-01T18:03:02: 读取文件成功
2017-07-01T18:04:01: 读取文件成功
2017-07-01T18:05:01: 读取文件成功
2017-07-01T18:06:02: 读取文件成功
2017-07-01T18:07:01: 读取文件成功
2017-07-01T18:08:01: 读取文件成功
2017-07-01T18:09:02: 读取文件成功
2017-07-01T18:10:02: 读取文件成功
2017-07-01T18:11:02: 读取文件成功
2017-07-01T18:12:02: 读取文件成功
2017-07-01T18:13:02: 读取文件成功
2017-07-01T18:14:02: 读取文件成功
2017-07-01T18:15:02: 读取文件成功
2017-07-01T18:16:02: 读取文件成功
2017-07-01T18:17:02: 读取文件成功
2017-07-01T18:18:02: 读取文件成功
2017-07-01T18:19:02: 读取文件成功
2017-07-01T18:20:02: 读取文件成功
2017-07-01T18:21:02: 读取文件成功
2017-07-01T18:22:02: 读取文件成功
2017-07-01T18:23:02: 读取文件成功
2017-07-01T18:24:02: 读取文件成功
2017-07-01T18:25:02: 读取文件成功
2017-07-01T18:26:02: 读取文件成功
2017-07-01T18:27:02: 读取文件成功
2017-07-01T18:28:02: 读取文件成功
2017-07-01T18:29:02: 读取文件成功
2017-07-01T18:30:02: 读取文件成功
2017-07-01T18:31:02: 读取文件成功
2017-07-01T18:32:02: 读取文件成功
2017-07-01T18:33:02: 读取文件成功
2017-07-01T18:34:02: 读取文件成功
2017-07-01T18:35:02: 读取文件成功
2017-07-01T18:36:02: 读取文件成功
2017-07-01T18:37:02: 读取文件成功
2017-07-01T18:38:02: 读取文件成功
2017-07-01T18:39:02: 读取文件成功
2017-07-01T18:40:02: 读取文件成功
2017-07-01T18:41:02: 读取文件成功
2017-07-01T18:42:02: 读取文件成功
2017-07-01T18:43:02: 读取文件成功
2017-07-01T18:44:05: 读取文件成功
2017-07-01T18:45:02: 读取文件成功
2017-07-01T18:46:02: 读取文件成功
2017-07-01T18:47:02: 读取文件成功
2017-07-01T18:48:02: 读取文件成功
2017-07-01T18:49:02: 读取文件成功
2017-07-01T18:50:02: 读取文件成功
2017-07-01T18:51:02: 读取文件成功
2017-07-01T18:52:02: 读取文件成功
2017-07-01T18:53:02: 读取文件成功
2017-07-01T18:54:02: 读取文件成功
2017-07-01T18:55:02: 读取文件成功
2017-07-01T18:56:02: 读取文件成功
2017-07-01T18:57:02: 读取文件成功
2017-07-01T18:58:02: 读取文件成功
2017-07-01T18:59:02: 读取文件成功
2017-07-01T19:00:02: 读取文件成功
2017-07-01T19:01:02: 读取文件成功
2017-07-01T19:02:02: 读取文件成功
2017-07-01T19:03:02: 读取文件成功
2017-07-01T19:04:02: 读取文件成功
2017-07-01T19:05:02: 读取文件成功
2017-07-01T19:06:02: 读取文件成功
2017-07-01T19:07:02: 读取文件成功
2017-07-01T19:08:02: 读取文件成功
2017-07-01T19:09:02: 读取文件成功
2017-07-01T19:10:02: 读取文件成功
2017-07-01T19:11:02: 读取文件成功
2017-07-01T19:12:02: 读取文件成功
2017-07-01T19:13:02: 读取文件成功
2017-07-01T19:14:02: 读取文件成功
2017-07-01T19:15:02: 读取文件成功
2017-07-01T19:16:02: 读取文件成功
2017-07-01T19:17:02: 读取文件成功
2017-07-01T19:18:02: 读取文件成功
2017-07-01T19:19:02: 读取文件成功
2017-07-01T19:20:02: 读取文件成功
2017-07-01T19:21:02: 读取文件成功
2017-07-01T19:22:02: 读取文件成功
2017-07-01T19:23:02: 读取文件成功
2017-07-01T19:24:02: 读取文件成功
2017-07-01T19:25:02: 读取文件成功
2017-07-01T19:26:15: 读取文件成功
2017-07-01T19:27:02: 读取文件成功
2017-07-01T19:28:02: 读取文件成功
2017-07-01T19:29:02: 读取文件成功
2017-07-01T19:30:02: 读取文件成功
2017-07-01T19:31:02: 读取文件成功
2017-07-01T19:32:02: 读取文件成功
2017-07-01T19:33:02: 读取文件成功
2017-07-01T19:34:02: 读取文件成功
2017-07-01T19:35:02: 读取文件成功
2017-07-01T19:36:02: 读取文件成功
2017-07-01T19:37:02: 读取文件成功
2017-07-01T19:38:02: 读取文件成功
2017-07-01T19:39:02: 读取文件成功
2017-07-01T19:40:02: 读取文件成功
2017-07-01T19:41:02: 读取文件成功
2017-07-01T19:42:03: 读取文件成功
2017-07-01T19:43:02: 读取文件成功
2017-07-01T19:44:02: 读取文件成功
2017-07-01T19:45:02: 读取文件成功
2017-07-01T19:46:02: 读取文件成功
2017-07-01T19:47:02: 读取文件成功
2017-07-01T19:48:02: 读取文件成功
2017-07-01T19:49:02: 读取文件成功
2017-07-01T19:50:03: 读取文件成功
2017-07-01T19:51:02: 读取文件成功
2017-07-01T19:52:02: 读取文件成功
2017-07-01T19:53:02: 读取文件成功
2017-07-01T19:54:02: 读取文件成功
2017-07-01T19:55:02: 读取文件成功
2017-07-01T19:56:03: 读取文件成功
2017-07-01T19:57:02: 读取文件成功
2017-07-01T19:58:02: 读取文件成功
2017-07-01T19:59:02: 读取文件成功
2017-07-01T20:00:02: 读取文件成功
2017-07-01T20:01:03: 读取文件成功
2017-07-01T20:02:03: 读取文件成功
2017-07-01T20:03:03: 读取文件成功
2017-07-01T20:04:03: 读取文件成功
2017-07-01T20:05:03: 读取文件成功
2017-07-01T20:06:03: 读取文件成功
2017-07-01T20:07:03: 读取文件成功
2017-07-01T20:08:03: 读取文件成功
2017-07-01T20:09:03: 读取文件成功
2017-07-01T20:10:03: 读取文件成功
2017-07-01T20:11:03: 读取文件成功
2017-07-01T20:12:03: 读取文件成功
2017-07-01T20:13:03: 读取文件成功
2017-07-01T20:14:03: 读取文件成功
2017-07-01T20:15:03: 读取文件成功
2017-07-01T20:16:03: 读取文件成功
2017-07-01T20:17:03: 读取文件成功
2017-07-01T20:18:03: 读取文件成功
2017-07-01T20:19:03: 读取文件成功
2017-07-01T20:20:03: 读取文件成功
2017-07-01T20:21:03: 读取文件成功
2017-07-01T20:22:03: 读取文件成功
2017-07-01T20:23:03: 读取文件成功
2017-07-01T20:24:03: 读取文件成功
2017-07-01T20:25:03: 读取文件成功
2017-07-01T20:26:03: 读取文件成功
2017-07-01T20:27:03: 读取文件成功
2017-07-01T20:28:03: 读取文件成功
2017-07-01T20:29:03: 读取文件成功
2017-07-01T20:30:05: 读取文件成功
2017-07-01T20:31:27: 读取文件成功
2017-07-01T20:32:03: 读取文件成功
2017-07-01T20:33:03: 读取文件成功
2017-07-01T20:34:03: 读取文件成功
2017-07-01T20:35:03: 读取文件成功
2017-07-01T20:36:03: 读取文件成功
2017-07-01T20:37:03: 读取文件成功
2017-07-01T20:38:03: 读取文件成功
2017-07-01T20:39:03: 读取文件成功
2017-07-01T20:40:03: 读取文件成功
2017-07-01T20:41:03: 读取文件成功
2017-07-01T20:42:03: 读取文件成功
2017-07-01T20:43:03: 读取文件成功
2017-07-01T20:44:03: 读取文件成功
2017-07-01T20:45:03: 读取文件成功
2017-07-01T20:46:03: 读取文件成功
2017-07-01T20:47:03: 读取文件成功
2017-07-01T20:48:03: 读取文件成功
2017-07-01T20:49:03: 读取文件成功
2017-07-01T20:50:03: 读取文件成功
2017-07-01T20:51:03: 读取文件成功
2017-07-01T20:52:03: 读取文件成功
2017-07-01T20:53:03: 读取文件成功
2017-07-01T20:54:03: 读取文件成功
2017-07-01T20:55:03: 读取文件成功
2017-07-01T20:56:03: 读取文件成功
2017-07-01T20:57:03: 读取文件成功
2017-07-01T20:58:03: 读取文件成功
2017-07-01T20:59:03: 读取文件成功
2017-07-01T21:00:03: 读取文件成功
2017-07-01T21:01:03: 读取文件成功
2017-07-01T21:02:03: 读取文件成功
2017-07-01T21:03:03: 读取文件成功
2017-07-01T21:04:03: 读取文件成功
2017-07-01T21:05:03: 读取文件成功
2017-07-01T21:06:03: 读取文件成功
2017-07-01T21:07:03: 读取文件成功
2017-07-01T21:08:03: 读取文件成功
2017-07-01T21:09:03: 读取文件成功
2017-07-01T21:10:03: 读取文件成功
2017-07-01T21:11:03: 读取文件成功
2017-07-01T21:12:03: 读取文件成功
2017-07-01T21:13:03: 读取文件成功
2017-07-01T21:14:03: 读取文件成功
2017-07-01T21:15:03: 读取文件成功
2017-07-01T21:16:03: 读取文件成功
2017-07-01T21:17:03: 读取文件成功
2017-07-01T21:18:03: 读取文件成功
2017-07-01T21:19:03: 读取文件成功
2017-07-01T21:20:03: 读取文件成功
2017-07-01T21:21:03: 读取文件成功
2017-07-01T21:22:03: 读取文件成功
2017-07-01T21:23:03: 读取文件成功
2017-07-01T21:24:03: 读取文件成功
2017-07-01T21:25:03: 读取文件成功
2017-07-01T21:26:03: 读取文件成功
2017-07-01T21:27:03: 读取文件成功
2017-07-01T21:28:03: 读取文件成功
2017-07-01T21:29:03: 读取文件成功
2017-07-01T21:30:03: 读取文件成功
2017-07-01T21:31:04: 读取文件成功
2017-07-01T21:32:03: 读取文件成功
2017-07-01T21:33:03: 读取文件成功
2017-07-01T21:34:03: 读取文件成功
2017-07-01T21:35:03: 读取文件成功
2017-07-01T21:36:03: 读取文件成功
2017-07-01T21:37:04: 读取文件成功
2017-07-01T21:38:03: 读取文件成功
2017-07-01T21:39:03: 读取文件成功
2017-07-01T21:40:03: 读取文件成功
2017-07-01T21:41:03: 读取文件成功
2017-07-01T21:42:03: 读取文件成功
2017-07-01T21:43:04: 读取文件成功
2017-07-01T21:44:03: 读取文件成功
2017-07-01T21:45:03: 读取文件成功
2017-07-01T21:46:03: 读取文件成功
2017-07-01T21:47:04: 读取文件成功
2017-07-01T21:48:03: 读取文件成功
2017-07-01T21:49:04: 读取文件成功
2017-07-01T21:50:03: 读取文件成功
2017-07-01T21:51:04: 读取文件成功
2017-07-01T21:52:04: 读取文件成功
2017-07-01T21:53:04: 读取文件成功
2017-07-01T21:54:04: 读取文件成功
2017-07-01T21:55:04: 读取文件成功
2017-07-01T21:56:04: 读取文件成功
2017-07-01T21:57:04: 读取文件成功
2017-07-01T21:58:04: 读取文件成功
2017-07-01T21:59:04: 读取文件成功
2017-07-01T22:00:04: 读取文件成功
2017-07-01T22:01:05: 读取文件成功
2017-07-01T22:02:04: 读取文件成功
2017-07-01T22:03:04: 读取文件成功
2017-07-01T22:04:04: 读取文件成功
2017-07-01T22:05:04: 读取文件成功
2017-07-01T22:06:04: 读取文件成功
2017-07-01T22:07:04: 读取文件成功
2017-07-01T22:08:04: 读取文件成功
2017-07-01T22:09:04: 读取文件成功
2017-07-01T22:10:04: 读取文件成功
2017-07-01T22:11:04: 读取文件成功
2017-07-01T22:12:04: 读取文件成功
2017-07-01T22:13:04: 读取文件成功
2017-07-01T22:14:04: 读取文件成功
2017-07-01T22:15:04: 读取文件成功
2017-07-01T22:16:04: 读取文件成功
2017-07-01T22:17:04: 读取文件成功
2017-07-01T22:18:04: 读取文件成功
2017-07-01T22:19:04: 读取文件成功
2017-07-01T22:20:04: 读取文件成功
2017-07-01T22:21:04: 读取文件成功
2017-07-01T22:22:04: 读取文件成功
2017-07-01T22:23:04: 读取文件成功
2017-07-01T22:24:04: 读取文件成功
2017-07-01T22:25:04: 读取文件成功
2017-07-01T22:26:04: 读取文件成功
2017-07-01T22:27:04: 读取文件成功
2017-07-01T22:28:04: 读取文件成功
2017-07-01T22:29:05: 读取文件成功
2017-07-01T22:30:04: 读取文件成功
2017-07-01T22:31:04: 读取文件成功
2017-07-01T22:32:04: 读取文件成功
2017-07-01T22:33:04: 读取文件成功
2017-07-01T22:34:04: 读取文件成功
2017-07-01T22:35:04: 读取文件成功
2017-07-01T22:36:04: 读取文件成功
2017-07-01T22:37:04: 读取文件成功
2017-07-01T22:38:04: 读取文件成功
2017-07-01T22:39:04: 读取文件成功
2017-07-01T22:40:04: 读取文件成功
2017-07-01T22:41:04: 读取文件成功
2017-07-01T22:42:04: 读取文件成功
2017-07-01T22:43:04: 读取文件成功
2017-07-01T22:44:04: 读取文件成功
2017-07-01T22:45:04: 读取文件成功
2017-07-01T22:46:04: 读取文件成功
2017-07-01T22:47:04: 读取文件成功
2017-07-01T22:48:04: 读取文件成功
2017-07-01T22:49:04: 读取文件成功
2017-07-01T22:50:04: 读取文件成功
2017-07-01T22:51:04: 读取文件成功
2017-07-01T22:52:04: 读取文件成功
2017-07-01T22:53:04: 读取文件成功
2017-07-01T22:54:04: 读取文件成功
2017-07-01T22:55:04: 读取文件成功
2017-07-01T22:56:05: 读取文件成功
2017-07-01T22:57:04: 读取文件成功
2017-07-01T22:58:04: 读取文件成功
2017-07-01T22:59:04: 读取文件成功
2017-07-01T23:00:04: 读取文件成功
2017-07-01T23:01:06: 读取文件成功
2017-07-01T23:02:04: 读取文件成功
2017-07-01T23:03:04: 读取文件成功
2017-07-01T23:04:04: 读取文件成功
2017-07-01T23:05:04: 读取文件成功
2017-07-01T23:06:04: 读取文件成功
2017-07-01T23:07:04: 读取文件成功
2017-07-01T23:08:04: 读取文件成功
2017-07-01T23:09:04: 读取文件成功
2017-07-01T23:10:04: 读取文件成功
2017-07-01T23:11:04: 读取文件成功
2017-07-01T23:12:04: 读取文件成功
2017-07-01T23:13:04: 读取文件成功
2017-07-01T23:14:04: 读取文件成功
2017-07-01T23:15:04: 读取文件成功
2017-07-01T23:16:04: 读取文件成功
2017-07-01T23:17:04: 读取文件成功
2017-07-01T23:18:04: 读取文件成功
2017-07-01T23:19:04: 读取文件成功
2017-07-01T23:20:04: 读取文件成功
2017-07-01T23:21:04: 读取文件成功
2017-07-01T23:22:04: 读取文件成功
2017-07-01T23:23:04: 读取文件成功
2017-07-01T23:24:04: 读取文件成功
2017-07-01T23:25:05: 读取文件成功
2017-07-01T23:26:04: 读取文件成功
2017-07-01T23:27:04: 读取文件成功
2017-07-01T23:28:04: 读取文件成功
2017-07-01T23:29:04: 读取文件成功
2017-07-01T23:30:04: 读取文件成功
2017-07-01T23:31:05: 读取文件成功
2017-07-01T23:32:04: 读取文件成功
2017-07-01T23:33:04: 读取文件成功
2017-07-01T23:34:04: 读取文件成功
2017-07-01T23:35:04: 读取文件成功
2017-07-01T23:36:05: 读取文件成功
2017-07-01T23:37:05: 读取文件成功
2017-07-01T23:38:04: 读取文件成功
2017-07-01T23:39:05: 读取文件成功
2017-07-01T23:40:05: 读取文件成功
2017-07-01T23:41:05: 读取文件成功
2017-07-01T23:42:05: 读取文件成功
2017-07-01T23:43:05: 读取文件成功
2017-07-01T23:44:05: 读取文件成功
2017-07-01T23:45:05: 读取文件成功
2017-07-01T23:46:05: 读取文件成功
2017-07-01T23:47:05: 读取文件成功
2017-07-01T23:48:05: 读取文件成功
2017-07-01T23:49:05: 读取文件成功
2017-07-01T23:50:04: 非记录时间：2017-07-01T23:50:04+08:00
2017-07-01T23:51:04: 非记录时间：2017-07-01T23:51:04+08:00
2017-07-01T23:52:04: 非记录时间：2017-07-01T23:52:04+08:00
2017-07-01T23:53:04: 非记录时间：2017-07-01T23:53:04+08:00
2017-07-01T23:54:04: 非记录时间：2017-07-01T23:54:04+08:00
2017-07-01T23:55:04: 非记录时间：2017-07-01T23:55:04+08:00
2017-07-01T23:56:04: 非记录时间：2017-07-01T23:56:04+08:00
2017-07-01T23:57:04: 非记录时间：2017-07-01T23:57:04+08:00
2017-07-01T23:58:04: 非记录时间：2017-07-01T23:58:04+08:00
2017-07-01T23:59:04: 非记录时间：2017-07-01T23:59:04+08:00
