2017-01-25T00:00:02: 非记录时间：2017-01-25T00:00:02+08:00
2017-01-25T00:00:12: 非记录时间：2017-01-25T00:00:12+08:00
2017-01-25T00:00:22: 非记录时间：2017-01-25T00:00:22+08:00
2017-01-25T00:00:32: 非记录时间：2017-01-25T00:00:32+08:00
2017-01-25T00:00:42: 非记录时间：2017-01-25T00:00:42+08:00
2017-01-25T00:00:52: 非记录时间：2017-01-25T00:00:52+08:00
2017-01-25T00:01:02: 非记录时间：2017-01-25T00:01:02+08:00
2017-01-25T00:01:12: 非记录时间：2017-01-25T00:01:12+08:00
2017-01-25T00:01:22: 非记录时间：2017-01-25T00:01:22+08:00
2017-01-25T00:01:32: 非记录时间：2017-01-25T00:01:32+08:00
2017-01-25T00:01:42: 非记录时间：2017-01-25T00:01:42+08:00
2017-01-25T00:01:52: 非记录时间：2017-01-25T00:01:52+08:00
2017-01-25T00:02:02: 非记录时间：2017-01-25T00:02:02+08:00
2017-01-25T00:02:12: 非记录时间：2017-01-25T00:02:12+08:00
2017-01-25T00:02:22: 非记录时间：2017-01-25T00:02:22+08:00
2017-01-25T00:02:32: 非记录时间：2017-01-25T00:02:32+08:00
2017-01-25T00:02:42: 非记录时间：2017-01-25T00:02:42+08:00
2017-01-25T00:02:52: 非记录时间：2017-01-25T00:02:52+08:00
2017-01-25T00:03:02: 非记录时间：2017-01-25T00:03:02+08:00
2017-01-25T00:03:12: 非记录时间：2017-01-25T00:03:12+08:00
2017-01-25T00:03:22: 非记录时间：2017-01-25T00:03:22+08:00
2017-01-25T00:03:32: 非记录时间：2017-01-25T00:03:32+08:00
2017-01-25T00:03:42: 非记录时间：2017-01-25T00:03:42+08:00
2017-01-25T00:03:52: 非记录时间：2017-01-25T00:03:52+08:00
2017-01-25T00:04:02: 非记录时间：2017-01-25T00:04:02+08:00
2017-01-25T00:04:12: 非记录时间：2017-01-25T00:04:12+08:00
2017-01-25T00:04:22: 非记录时间：2017-01-25T00:04:22+08:00
2017-01-25T00:04:32: 非记录时间：2017-01-25T00:04:32+08:00
2017-01-25T00:04:42: 非记录时间：2017-01-25T00:04:42+08:00
2017-01-25T00:04:52: 非记录时间：2017-01-25T00:04:52+08:00
2017-01-25T00:05:02: 非记录时间：2017-01-25T00:05:02+08:00
2017-01-25T00:05:12: 非记录时间：2017-01-25T00:05:12+08:00
2017-01-25T00:05:22: 非记录时间：2017-01-25T00:05:22+08:00
2017-01-25T00:05:32: 非记录时间：2017-01-25T00:05:32+08:00
2017-01-25T00:05:42: 非记录时间：2017-01-25T00:05:42+08:00
2017-01-25T00:05:52: 非记录时间：2017-01-25T00:05:52+08:00
2017-01-25T00:06:02: 非记录时间：2017-01-25T00:06:02+08:00
2017-01-25T00:06:12: 非记录时间：2017-01-25T00:06:12+08:00
2017-01-25T00:06:22: 非记录时间：2017-01-25T00:06:22+08:00
2017-01-25T00:06:32: 非记录时间：2017-01-25T00:06:32+08:00
2017-01-25T00:06:42: 非记录时间：2017-01-25T00:06:42+08:00
2017-01-25T00:06:52: 非记录时间：2017-01-25T00:06:52+08:00
2017-01-25T00:07:02: 非记录时间：2017-01-25T00:07:02+08:00
2017-01-25T00:07:12: 非记录时间：2017-01-25T00:07:12+08:00
2017-01-25T00:07:22: 非记录时间：2017-01-25T00:07:22+08:00
2017-01-25T00:07:32: 非记录时间：2017-01-25T00:07:32+08:00
2017-01-25T00:07:42: 非记录时间：2017-01-25T00:07:42+08:00
2017-01-25T00:07:52: 非记录时间：2017-01-25T00:07:52+08:00
2017-01-25T00:08:02: 非记录时间：2017-01-25T00:08:02+08:00
2017-01-25T00:08:12: 非记录时间：2017-01-25T00:08:12+08:00
2017-01-25T00:08:22: 非记录时间：2017-01-25T00:08:22+08:00
2017-01-25T00:08:32: 非记录时间：2017-01-25T00:08:32+08:00
2017-01-25T00:08:42: 非记录时间：2017-01-25T00:08:42+08:00
2017-01-25T00:08:52: 非记录时间：2017-01-25T00:08:52+08:00
2017-01-25T00:09:02: 非记录时间：2017-01-25T00:09:02+08:00
2017-01-25T00:09:12: 非记录时间：2017-01-25T00:09:12+08:00
2017-01-25T00:09:22: 非记录时间：2017-01-25T00:09:22+08:00
2017-01-25T00:09:32: 非记录时间：2017-01-25T00:09:32+08:00
2017-01-25T00:09:42: 非记录时间：2017-01-25T00:09:42+08:00
2017-01-25T00:09:52: 非记录时间：2017-01-25T00:09:52+08:00
2017-01-25T00:10:02: 非记录时间：2017-01-25T00:10:02+08:00
2017-01-25T00:10:12: 非记录时间：2017-01-25T00:10:12+08:00
2017-01-25T00:10:22: 非记录时间：2017-01-25T00:10:22+08:00
2017-01-25T00:10:32: 非记录时间：2017-01-25T00:10:32+08:00
2017-01-25T00:10:42: 非记录时间：2017-01-25T00:10:42+08:00
2017-01-25T00:10:52: 非记录时间：2017-01-25T00:10:52+08:00
2017-01-25T00:11:02: 非记录时间：2017-01-25T00:11:02+08:00
2017-01-25T00:11:12: 非记录时间：2017-01-25T00:11:12+08:00
2017-01-25T00:11:22: 非记录时间：2017-01-25T00:11:22+08:00
2017-01-25T00:11:32: 非记录时间：2017-01-25T00:11:32+08:00
2017-01-25T00:11:42: 非记录时间：2017-01-25T00:11:42+08:00
2017-01-25T00:11:52: 非记录时间：2017-01-25T00:11:52+08:00
2017-01-25T00:12:02: 非记录时间：2017-01-25T00:12:02+08:00
2017-01-25T00:12:12: 非记录时间：2017-01-25T00:12:12+08:00
2017-01-25T00:12:22: 非记录时间：2017-01-25T00:12:22+08:00
2017-01-25T00:12:32: 非记录时间：2017-01-25T00:12:32+08:00
2017-01-25T00:12:42: 非记录时间：2017-01-25T00:12:42+08:00
2017-01-25T00:12:52: 非记录时间：2017-01-25T00:12:52+08:00
2017-01-25T00:13:02: 非记录时间：2017-01-25T00:13:02+08:00
2017-01-25T00:13:12: 非记录时间：2017-01-25T00:13:12+08:00
2017-01-25T00:13:22: 非记录时间：2017-01-25T00:13:22+08:00
2017-01-25T00:13:32: 非记录时间：2017-01-25T00:13:32+08:00
2017-01-25T00:13:42: 非记录时间：2017-01-25T00:13:42+08:00
2017-01-25T00:13:52: 非记录时间：2017-01-25T00:13:52+08:00
2017-01-25T00:14:02: 非记录时间：2017-01-25T00:14:02+08:00
2017-01-25T00:14:12: 非记录时间：2017-01-25T00:14:12+08:00
2017-01-25T00:14:22: 非记录时间：2017-01-25T00:14:22+08:00
2017-01-25T00:14:32: 非记录时间：2017-01-25T00:14:32+08:00
2017-01-25T00:14:42: 非记录时间：2017-01-25T00:14:42+08:00
2017-01-25T00:14:52: 非记录时间：2017-01-25T00:14:52+08:00
2017-01-25T00:15:02: 非记录时间：2017-01-25T00:15:02+08:00
2017-01-25T00:15:12: 非记录时间：2017-01-25T00:15:12+08:00
2017-01-25T00:15:22: 非记录时间：2017-01-25T00:15:22+08:00
2017-01-25T00:15:32: 非记录时间：2017-01-25T00:15:32+08:00
2017-01-25T00:15:42: 非记录时间：2017-01-25T00:15:42+08:00
2017-01-25T00:15:52: 非记录时间：2017-01-25T00:15:52+08:00
2017-01-25T00:16:02: 非记录时间：2017-01-25T00:16:02+08:00
2017-01-25T00:16:12: 非记录时间：2017-01-25T00:16:12+08:00
2017-01-25T00:16:22: 非记录时间：2017-01-25T00:16:22+08:00
2017-01-25T00:16:32: 非记录时间：2017-01-25T00:16:32+08:00
2017-01-25T00:16:42: 非记录时间：2017-01-25T00:16:42+08:00
2017-01-25T00:16:52: 非记录时间：2017-01-25T00:16:52+08:00
2017-01-25T00:17:02: 非记录时间：2017-01-25T00:17:02+08:00
2017-01-25T00:17:12: 非记录时间：2017-01-25T00:17:12+08:00
2017-01-25T00:17:22: 非记录时间：2017-01-25T00:17:22+08:00
2017-01-25T00:17:32: 非记录时间：2017-01-25T00:17:32+08:00
2017-01-25T00:17:42: 非记录时间：2017-01-25T00:17:42+08:00
2017-01-25T00:17:52: 非记录时间：2017-01-25T00:17:52+08:00
2017-01-25T00:18:02: 非记录时间：2017-01-25T00:18:02+08:00
2017-01-25T00:18:12: 非记录时间：2017-01-25T00:18:12+08:00
2017-01-25T00:18:22: 非记录时间：2017-01-25T00:18:22+08:00
2017-01-25T00:18:32: 非记录时间：2017-01-25T00:18:32+08:00
2017-01-25T00:18:42: 非记录时间：2017-01-25T00:18:42+08:00
2017-01-25T00:18:52: 非记录时间：2017-01-25T00:18:52+08:00
2017-01-25T00:19:02: 非记录时间：2017-01-25T00:19:02+08:00
2017-01-25T00:19:12: 非记录时间：2017-01-25T00:19:12+08:00
2017-01-25T00:19:22: 非记录时间：2017-01-25T00:19:22+08:00
2017-01-25T00:19:32: 非记录时间：2017-01-25T00:19:32+08:00
2017-01-25T00:19:42: 非记录时间：2017-01-25T00:19:42+08:00
2017-01-25T00:19:52: 非记录时间：2017-01-25T00:19:52+08:00
2017-01-25T00:20:02: 非记录时间：2017-01-25T00:20:02+08:00
2017-01-25T00:20:12: 非记录时间：2017-01-25T00:20:12+08:00
2017-01-25T00:20:22: 非记录时间：2017-01-25T00:20:22+08:00
2017-01-25T00:20:32: 非记录时间：2017-01-25T00:20:32+08:00
2017-01-25T00:20:42: 非记录时间：2017-01-25T00:20:42+08:00
2017-01-25T00:20:52: 非记录时间：2017-01-25T00:20:52+08:00
2017-01-25T00:21:02: 非记录时间：2017-01-25T00:21:02+08:00
2017-01-25T00:21:12: 非记录时间：2017-01-25T00:21:12+08:00
2017-01-25T00:21:22: 非记录时间：2017-01-25T00:21:22+08:00
2017-01-25T00:21:32: 非记录时间：2017-01-25T00:21:32+08:00
2017-01-25T00:21:42: 非记录时间：2017-01-25T00:21:42+08:00
2017-01-25T00:21:52: 非记录时间：2017-01-25T00:21:52+08:00
2017-01-25T00:22:02: 非记录时间：2017-01-25T00:22:02+08:00
2017-01-25T00:22:12: 非记录时间：2017-01-25T00:22:12+08:00
2017-01-25T00:22:22: 非记录时间：2017-01-25T00:22:22+08:00
2017-01-25T00:22:32: 非记录时间：2017-01-25T00:22:32+08:00
2017-01-25T00:22:42: 非记录时间：2017-01-25T00:22:42+08:00
2017-01-25T00:22:52: 非记录时间：2017-01-25T00:22:52+08:00
2017-01-25T00:23:02: 非记录时间：2017-01-25T00:23:02+08:00
2017-01-25T00:23:12: 非记录时间：2017-01-25T00:23:12+08:00
2017-01-25T00:23:22: 非记录时间：2017-01-25T00:23:22+08:00
2017-01-25T00:23:32: 非记录时间：2017-01-25T00:23:32+08:00
2017-01-25T00:23:42: 非记录时间：2017-01-25T00:23:42+08:00
2017-01-25T00:23:52: 非记录时间：2017-01-25T00:23:52+08:00
2017-01-25T00:24:02: 非记录时间：2017-01-25T00:24:02+08:00
2017-01-25T00:24:12: 非记录时间：2017-01-25T00:24:12+08:00
2017-01-25T00:24:22: 非记录时间：2017-01-25T00:24:22+08:00
2017-01-25T00:24:32: 非记录时间：2017-01-25T00:24:32+08:00
2017-01-25T00:24:42: 非记录时间：2017-01-25T00:24:42+08:00
2017-01-25T00:24:52: 非记录时间：2017-01-25T00:24:52+08:00
2017-01-25T00:25:02: 非记录时间：2017-01-25T00:25:02+08:00
2017-01-25T00:25:12: 非记录时间：2017-01-25T00:25:12+08:00
2017-01-25T00:25:22: 非记录时间：2017-01-25T00:25:22+08:00
2017-01-25T00:25:32: 非记录时间：2017-01-25T00:25:32+08:00
2017-01-25T00:25:42: 非记录时间：2017-01-25T00:25:42+08:00
2017-01-25T00:25:52: 非记录时间：2017-01-25T00:25:52+08:00
2017-01-25T00:26:02: 非记录时间：2017-01-25T00:26:02+08:00
2017-01-25T00:26:12: 非记录时间：2017-01-25T00:26:12+08:00
2017-01-25T00:26:22: 非记录时间：2017-01-25T00:26:22+08:00
2017-01-25T00:26:32: 非记录时间：2017-01-25T00:26:32+08:00
2017-01-25T00:26:42: 非记录时间：2017-01-25T00:26:42+08:00
2017-01-25T00:26:52: 非记录时间：2017-01-25T00:26:52+08:00
2017-01-25T00:27:02: 非记录时间：2017-01-25T00:27:02+08:00
2017-01-25T00:27:12: 非记录时间：2017-01-25T00:27:12+08:00
2017-01-25T00:27:23: 非记录时间：2017-01-25T00:27:23+08:00
2017-01-25T00:27:33: 非记录时间：2017-01-25T00:27:33+08:00
2017-01-25T00:27:43: 非记录时间：2017-01-25T00:27:43+08:00
2017-01-25T00:27:53: 非记录时间：2017-01-25T00:27:53+08:00
2017-01-25T00:28:03: 非记录时间：2017-01-25T00:28:03+08:00
2017-01-25T00:28:13: 非记录时间：2017-01-25T00:28:13+08:00
2017-01-25T00:28:23: 非记录时间：2017-01-25T00:28:23+08:00
2017-01-25T00:28:33: 非记录时间：2017-01-25T00:28:33+08:00
2017-01-25T00:28:43: 非记录时间：2017-01-25T00:28:43+08:00
2017-01-25T00:28:53: 非记录时间：2017-01-25T00:28:53+08:00
2017-01-25T00:29:03: 非记录时间：2017-01-25T00:29:03+08:00
2017-01-25T00:29:13: 非记录时间：2017-01-25T00:29:13+08:00
2017-01-25T00:29:23: 非记录时间：2017-01-25T00:29:23+08:00
2017-01-25T00:29:33: 非记录时间：2017-01-25T00:29:33+08:00
2017-01-25T00:29:43: 非记录时间：2017-01-25T00:29:43+08:00
2017-01-25T00:29:53: 非记录时间：2017-01-25T00:29:53+08:00
2017-01-25T00:30:03: 非记录时间：2017-01-25T00:30:03+08:00
2017-01-25T00:30:13: 非记录时间：2017-01-25T00:30:13+08:00
2017-01-25T00:30:23: 非记录时间：2017-01-25T00:30:23+08:00
2017-01-25T00:30:33: 非记录时间：2017-01-25T00:30:33+08:00
2017-01-25T00:30:43: 非记录时间：2017-01-25T00:30:43+08:00
2017-01-25T00:30:53: 非记录时间：2017-01-25T00:30:53+08:00
2017-01-25T00:31:03: 非记录时间：2017-01-25T00:31:03+08:00
2017-01-25T00:31:13: 非记录时间：2017-01-25T00:31:13+08:00
2017-01-25T00:31:23: 非记录时间：2017-01-25T00:31:23+08:00
2017-01-25T00:31:33: 非记录时间：2017-01-25T00:31:33+08:00
2017-01-25T00:31:43: 非记录时间：2017-01-25T00:31:43+08:00
2017-01-25T00:31:53: 非记录时间：2017-01-25T00:31:53+08:00
2017-01-25T00:32:03: 非记录时间：2017-01-25T00:32:03+08:00
2017-01-25T00:32:13: 非记录时间：2017-01-25T00:32:13+08:00
2017-01-25T00:32:23: 非记录时间：2017-01-25T00:32:23+08:00
2017-01-25T00:32:33: 非记录时间：2017-01-25T00:32:33+08:00
2017-01-25T00:32:43: 非记录时间：2017-01-25T00:32:43+08:00
2017-01-25T00:32:53: 非记录时间：2017-01-25T00:32:53+08:00
2017-01-25T00:33:03: 非记录时间：2017-01-25T00:33:03+08:00
2017-01-25T00:33:13: 非记录时间：2017-01-25T00:33:13+08:00
2017-01-25T00:33:23: 非记录时间：2017-01-25T00:33:23+08:00
2017-01-25T00:33:33: 非记录时间：2017-01-25T00:33:33+08:00
2017-01-25T00:33:43: 非记录时间：2017-01-25T00:33:43+08:00
2017-01-25T00:33:53: 非记录时间：2017-01-25T00:33:53+08:00
2017-01-25T00:34:03: 非记录时间：2017-01-25T00:34:03+08:00
2017-01-25T00:34:13: 非记录时间：2017-01-25T00:34:13+08:00
2017-01-25T00:34:23: 非记录时间：2017-01-25T00:34:23+08:00
2017-01-25T00:34:33: 非记录时间：2017-01-25T00:34:33+08:00
2017-01-25T00:34:43: 非记录时间：2017-01-25T00:34:43+08:00
2017-01-25T00:34:53: 非记录时间：2017-01-25T00:34:53+08:00
2017-01-25T00:35:03: 非记录时间：2017-01-25T00:35:03+08:00
2017-01-25T00:35:13: 非记录时间：2017-01-25T00:35:13+08:00
2017-01-25T00:35:23: 非记录时间：2017-01-25T00:35:23+08:00
2017-01-25T00:35:33: 非记录时间：2017-01-25T00:35:33+08:00
2017-01-25T00:35:43: 非记录时间：2017-01-25T00:35:43+08:00
2017-01-25T00:35:53: 非记录时间：2017-01-25T00:35:53+08:00
2017-01-25T00:36:03: 非记录时间：2017-01-25T00:36:03+08:00
2017-01-25T00:36:13: 非记录时间：2017-01-25T00:36:13+08:00
2017-01-25T00:36:23: 非记录时间：2017-01-25T00:36:23+08:00
2017-01-25T00:36:33: 非记录时间：2017-01-25T00:36:33+08:00
2017-01-25T00:36:43: 非记录时间：2017-01-25T00:36:43+08:00
2017-01-25T00:36:53: 非记录时间：2017-01-25T00:36:53+08:00
2017-01-25T00:37:03: 非记录时间：2017-01-25T00:37:03+08:00
2017-01-25T00:37:13: 非记录时间：2017-01-25T00:37:13+08:00
2017-01-25T00:37:23: 非记录时间：2017-01-25T00:37:23+08:00
2017-01-25T00:37:33: 非记录时间：2017-01-25T00:37:33+08:00
2017-01-25T00:37:43: 非记录时间：2017-01-25T00:37:43+08:00
2017-01-25T00:37:53: 非记录时间：2017-01-25T00:37:53+08:00
2017-01-25T00:38:03: 非记录时间：2017-01-25T00:38:03+08:00
2017-01-25T00:38:13: 非记录时间：2017-01-25T00:38:13+08:00
2017-01-25T00:38:23: 非记录时间：2017-01-25T00:38:23+08:00
2017-01-25T00:38:33: 非记录时间：2017-01-25T00:38:33+08:00
2017-01-25T00:38:43: 非记录时间：2017-01-25T00:38:43+08:00
2017-01-25T00:38:53: 非记录时间：2017-01-25T00:38:53+08:00
2017-01-25T00:39:03: 非记录时间：2017-01-25T00:39:03+08:00
2017-01-25T00:39:13: 非记录时间：2017-01-25T00:39:13+08:00
2017-01-25T00:39:23: 非记录时间：2017-01-25T00:39:23+08:00
2017-01-25T00:39:33: 非记录时间：2017-01-25T00:39:33+08:00
2017-01-25T00:39:43: 非记录时间：2017-01-25T00:39:43+08:00
2017-01-25T00:39:53: 非记录时间：2017-01-25T00:39:53+08:00
2017-01-25T00:40:03: 非记录时间：2017-01-25T00:40:03+08:00
2017-01-25T00:40:13: 非记录时间：2017-01-25T00:40:13+08:00
2017-01-25T00:40:23: 非记录时间：2017-01-25T00:40:23+08:00
2017-01-25T00:40:33: 非记录时间：2017-01-25T00:40:33+08:00
2017-01-25T00:40:43: 非记录时间：2017-01-25T00:40:43+08:00
2017-01-25T00:40:53: 非记录时间：2017-01-25T00:40:53+08:00
2017-01-25T00:41:03: 非记录时间：2017-01-25T00:41:03+08:00
2017-01-25T00:41:13: 非记录时间：2017-01-25T00:41:13+08:00
2017-01-25T00:41:23: 非记录时间：2017-01-25T00:41:23+08:00
2017-01-25T00:41:33: 非记录时间：2017-01-25T00:41:33+08:00
2017-01-25T00:41:43: 非记录时间：2017-01-25T00:41:43+08:00
2017-01-25T00:41:53: 非记录时间：2017-01-25T00:41:53+08:00
2017-01-25T00:42:03: 非记录时间：2017-01-25T00:42:03+08:00
2017-01-25T00:42:13: 非记录时间：2017-01-25T00:42:13+08:00
2017-01-25T00:42:23: 非记录时间：2017-01-25T00:42:23+08:00
2017-01-25T00:42:33: 非记录时间：2017-01-25T00:42:33+08:00
2017-01-25T00:42:43: 非记录时间：2017-01-25T00:42:43+08:00
2017-01-25T00:42:53: 非记录时间：2017-01-25T00:42:53+08:00
2017-01-25T00:43:03: 非记录时间：2017-01-25T00:43:03+08:00
2017-01-25T00:43:13: 非记录时间：2017-01-25T00:43:13+08:00
2017-01-25T00:43:23: 非记录时间：2017-01-25T00:43:23+08:00
2017-01-25T00:43:33: 非记录时间：2017-01-25T00:43:33+08:00
2017-01-25T00:43:43: 非记录时间：2017-01-25T00:43:43+08:00
2017-01-25T00:43:53: 非记录时间：2017-01-25T00:43:53+08:00
2017-01-25T00:44:03: 非记录时间：2017-01-25T00:44:03+08:00
2017-01-25T00:44:13: 非记录时间：2017-01-25T00:44:13+08:00
2017-01-25T00:44:23: 非记录时间：2017-01-25T00:44:23+08:00
2017-01-25T00:44:33: 非记录时间：2017-01-25T00:44:33+08:00
2017-01-25T00:44:43: 非记录时间：2017-01-25T00:44:43+08:00
2017-01-25T00:44:53: 非记录时间：2017-01-25T00:44:53+08:00
2017-01-25T00:45:03: 非记录时间：2017-01-25T00:45:03+08:00
2017-01-25T00:45:13: 非记录时间：2017-01-25T00:45:13+08:00
2017-01-25T00:45:23: 非记录时间：2017-01-25T00:45:23+08:00
2017-01-25T00:45:33: 非记录时间：2017-01-25T00:45:33+08:00
2017-01-25T00:45:43: 非记录时间：2017-01-25T00:45:43+08:00
2017-01-25T00:45:53: 非记录时间：2017-01-25T00:45:53+08:00
2017-01-25T00:46:03: 非记录时间：2017-01-25T00:46:03+08:00
2017-01-25T00:46:13: 非记录时间：2017-01-25T00:46:13+08:00
2017-01-25T00:46:23: 非记录时间：2017-01-25T00:46:23+08:00
2017-01-25T00:46:33: 非记录时间：2017-01-25T00:46:33+08:00
2017-01-25T00:46:43: 非记录时间：2017-01-25T00:46:43+08:00
2017-01-25T00:46:53: 非记录时间：2017-01-25T00:46:53+08:00
2017-01-25T00:47:03: 非记录时间：2017-01-25T00:47:03+08:00
2017-01-25T00:47:13: 非记录时间：2017-01-25T00:47:13+08:00
2017-01-25T00:47:23: 非记录时间：2017-01-25T00:47:23+08:00
2017-01-25T00:47:33: 非记录时间：2017-01-25T00:47:33+08:00
2017-01-25T00:47:43: 非记录时间：2017-01-25T00:47:43+08:00
2017-01-25T00:47:53: 非记录时间：2017-01-25T00:47:53+08:00
2017-01-25T00:48:03: 非记录时间：2017-01-25T00:48:03+08:00
2017-01-25T00:48:13: 非记录时间：2017-01-25T00:48:13+08:00
2017-01-25T00:48:23: 非记录时间：2017-01-25T00:48:23+08:00
2017-01-25T00:48:33: 非记录时间：2017-01-25T00:48:33+08:00
2017-01-25T00:48:43: 非记录时间：2017-01-25T00:48:43+08:00
2017-01-25T00:48:53: 非记录时间：2017-01-25T00:48:53+08:00
2017-01-25T00:49:03: 非记录时间：2017-01-25T00:49:03+08:00
2017-01-25T00:49:13: 非记录时间：2017-01-25T00:49:13+08:00
2017-01-25T00:49:23: 非记录时间：2017-01-25T00:49:23+08:00
2017-01-25T00:49:33: 非记录时间：2017-01-25T00:49:33+08:00
2017-01-25T00:49:43: 非记录时间：2017-01-25T00:49:43+08:00
2017-01-25T00:49:53: 非记录时间：2017-01-25T00:49:53+08:00
2017-01-25T00:50:03: 非记录时间：2017-01-25T00:50:03+08:00
2017-01-25T00:50:13: 非记录时间：2017-01-25T00:50:13+08:00
2017-01-25T00:50:23: 非记录时间：2017-01-25T00:50:23+08:00
2017-01-25T00:50:33: 非记录时间：2017-01-25T00:50:33+08:00
2017-01-25T00:50:43: 非记录时间：2017-01-25T00:50:43+08:00
2017-01-25T00:50:53: 非记录时间：2017-01-25T00:50:53+08:00
2017-01-25T00:51:03: 非记录时间：2017-01-25T00:51:03+08:00
2017-01-25T00:51:13: 非记录时间：2017-01-25T00:51:13+08:00
2017-01-25T00:51:23: 非记录时间：2017-01-25T00:51:23+08:00
2017-01-25T00:51:33: 非记录时间：2017-01-25T00:51:33+08:00
2017-01-25T00:51:43: 非记录时间：2017-01-25T00:51:43+08:00
2017-01-25T00:51:53: 非记录时间：2017-01-25T00:51:53+08:00
2017-01-25T00:52:03: 非记录时间：2017-01-25T00:52:03+08:00
2017-01-25T00:52:13: 非记录时间：2017-01-25T00:52:13+08:00
2017-01-25T00:52:23: 非记录时间：2017-01-25T00:52:23+08:00
2017-01-25T00:52:33: 非记录时间：2017-01-25T00:52:33+08:00
2017-01-25T00:52:43: 非记录时间：2017-01-25T00:52:43+08:00
2017-01-25T00:52:53: 非记录时间：2017-01-25T00:52:53+08:00
2017-01-25T00:53:03: 非记录时间：2017-01-25T00:53:03+08:00
2017-01-25T00:53:13: 非记录时间：2017-01-25T00:53:13+08:00
2017-01-25T00:53:23: 非记录时间：2017-01-25T00:53:23+08:00
2017-01-25T00:53:33: 非记录时间：2017-01-25T00:53:33+08:00
2017-01-25T00:53:43: 非记录时间：2017-01-25T00:53:43+08:00
2017-01-25T00:53:53: 非记录时间：2017-01-25T00:53:53+08:00
2017-01-25T00:54:03: 非记录时间：2017-01-25T00:54:03+08:00
2017-01-25T00:54:13: 非记录时间：2017-01-25T00:54:13+08:00
2017-01-25T00:54:23: 非记录时间：2017-01-25T00:54:23+08:00
2017-01-25T00:54:33: 非记录时间：2017-01-25T00:54:33+08:00
2017-01-25T00:54:43: 非记录时间：2017-01-25T00:54:43+08:00
2017-01-25T00:54:53: 非记录时间：2017-01-25T00:54:53+08:00
2017-01-25T00:55:03: 非记录时间：2017-01-25T00:55:03+08:00
2017-01-25T00:55:13: 非记录时间：2017-01-25T00:55:13+08:00
2017-01-25T00:55:23: 非记录时间：2017-01-25T00:55:23+08:00
2017-01-25T00:55:33: 非记录时间：2017-01-25T00:55:33+08:00
2017-01-25T00:55:43: 非记录时间：2017-01-25T00:55:43+08:00
2017-01-25T00:55:53: 非记录时间：2017-01-25T00:55:53+08:00
2017-01-25T00:56:03: 非记录时间：2017-01-25T00:56:03+08:00
2017-01-25T00:56:13: 非记录时间：2017-01-25T00:56:13+08:00
2017-01-25T00:56:23: 非记录时间：2017-01-25T00:56:23+08:00
2017-01-25T00:56:33: 非记录时间：2017-01-25T00:56:33+08:00
2017-01-25T00:56:43: 非记录时间：2017-01-25T00:56:43+08:00
2017-01-25T00:56:53: 非记录时间：2017-01-25T00:56:53+08:00
2017-01-25T00:57:03: 非记录时间：2017-01-25T00:57:03+08:00
2017-01-25T00:57:13: 非记录时间：2017-01-25T00:57:13+08:00
2017-01-25T00:57:23: 非记录时间：2017-01-25T00:57:23+08:00
2017-01-25T00:57:33: 非记录时间：2017-01-25T00:57:33+08:00
2017-01-25T00:57:43: 非记录时间：2017-01-25T00:57:43+08:00
2017-01-25T00:57:53: 非记录时间：2017-01-25T00:57:53+08:00
2017-01-25T00:58:03: 非记录时间：2017-01-25T00:58:03+08:00
2017-01-25T00:58:13: 非记录时间：2017-01-25T00:58:13+08:00
2017-01-25T00:58:23: 非记录时间：2017-01-25T00:58:23+08:00
2017-01-25T00:58:33: 非记录时间：2017-01-25T00:58:33+08:00
2017-01-25T00:58:43: 非记录时间：2017-01-25T00:58:43+08:00
2017-01-25T00:58:53: 非记录时间：2017-01-25T00:58:53+08:00
2017-01-25T00:59:03: 非记录时间：2017-01-25T00:59:03+08:00
2017-01-25T00:59:13: 非记录时间：2017-01-25T00:59:13+08:00
2017-01-25T00:59:23: 非记录时间：2017-01-25T00:59:23+08:00
2017-01-25T00:59:33: 非记录时间：2017-01-25T00:59:33+08:00
2017-01-25T00:59:43: 非记录时间：2017-01-25T00:59:43+08:00
2017-01-25T00:59:53: 非记录时间：2017-01-25T00:59:53+08:00
2017-01-25T01:00:03: 非记录时间：2017-01-25T01:00:03+08:00
2017-01-25T01:00:13: 非记录时间：2017-01-25T01:00:13+08:00
2017-01-25T01:00:23: 非记录时间：2017-01-25T01:00:23+08:00
2017-01-25T01:00:33: 非记录时间：2017-01-25T01:00:33+08:00
2017-01-25T01:00:43: 非记录时间：2017-01-25T01:00:43+08:00
2017-01-25T01:00:53: 非记录时间：2017-01-25T01:00:53+08:00
2017-01-25T01:01:03: 非记录时间：2017-01-25T01:01:03+08:00
2017-01-25T01:01:13: 非记录时间：2017-01-25T01:01:13+08:00
2017-01-25T01:01:23: 非记录时间：2017-01-25T01:01:23+08:00
2017-01-25T01:01:33: 非记录时间：2017-01-25T01:01:33+08:00
2017-01-25T01:01:43: 非记录时间：2017-01-25T01:01:43+08:00
2017-01-25T01:01:53: 非记录时间：2017-01-25T01:01:53+08:00
2017-01-25T01:02:03: 非记录时间：2017-01-25T01:02:03+08:00
2017-01-25T01:02:13: 非记录时间：2017-01-25T01:02:13+08:00
2017-01-25T01:02:23: 非记录时间：2017-01-25T01:02:23+08:00
2017-01-25T01:02:33: 非记录时间：2017-01-25T01:02:33+08:00
2017-01-25T01:02:43: 非记录时间：2017-01-25T01:02:43+08:00
2017-01-25T01:02:53: 非记录时间：2017-01-25T01:02:53+08:00
2017-01-25T01:03:03: 非记录时间：2017-01-25T01:03:03+08:00
2017-01-25T01:03:13: 非记录时间：2017-01-25T01:03:13+08:00
2017-01-25T01:03:23: 非记录时间：2017-01-25T01:03:23+08:00
2017-01-25T01:03:33: 非记录时间：2017-01-25T01:03:33+08:00
2017-01-25T01:03:43: 非记录时间：2017-01-25T01:03:43+08:00
2017-01-25T01:03:53: 非记录时间：2017-01-25T01:03:53+08:00
2017-01-25T01:04:03: 非记录时间：2017-01-25T01:04:03+08:00
2017-01-25T01:04:13: 非记录时间：2017-01-25T01:04:13+08:00
2017-01-25T01:04:23: 非记录时间：2017-01-25T01:04:23+08:00
2017-01-25T01:04:33: 非记录时间：2017-01-25T01:04:33+08:00
2017-01-25T01:04:43: 非记录时间：2017-01-25T01:04:43+08:00
2017-01-25T01:04:53: 非记录时间：2017-01-25T01:04:53+08:00
2017-01-25T01:05:03: 非记录时间：2017-01-25T01:05:03+08:00
2017-01-25T01:05:13: 非记录时间：2017-01-25T01:05:13+08:00
2017-01-25T01:05:23: 非记录时间：2017-01-25T01:05:23+08:00
2017-01-25T01:05:33: 非记录时间：2017-01-25T01:05:33+08:00
2017-01-25T01:05:43: 非记录时间：2017-01-25T01:05:43+08:00
2017-01-25T01:05:53: 非记录时间：2017-01-25T01:05:53+08:00
2017-01-25T01:06:03: 非记录时间：2017-01-25T01:06:03+08:00
2017-01-25T01:06:13: 非记录时间：2017-01-25T01:06:13+08:00
2017-01-25T01:06:23: 非记录时间：2017-01-25T01:06:23+08:00
2017-01-25T01:06:33: 非记录时间：2017-01-25T01:06:33+08:00
2017-01-25T01:06:43: 非记录时间：2017-01-25T01:06:43+08:00
2017-01-25T01:06:53: 非记录时间：2017-01-25T01:06:53+08:00
2017-01-25T01:07:03: 非记录时间：2017-01-25T01:07:03+08:00
2017-01-25T01:07:13: 非记录时间：2017-01-25T01:07:13+08:00
2017-01-25T01:07:23: 非记录时间：2017-01-25T01:07:23+08:00
2017-01-25T01:07:33: 非记录时间：2017-01-25T01:07:33+08:00
2017-01-25T01:07:43: 非记录时间：2017-01-25T01:07:43+08:00
2017-01-25T01:07:53: 非记录时间：2017-01-25T01:07:53+08:00
2017-01-25T01:08:03: 非记录时间：2017-01-25T01:08:03+08:00
2017-01-25T01:08:13: 非记录时间：2017-01-25T01:08:13+08:00
2017-01-25T01:08:23: 非记录时间：2017-01-25T01:08:23+08:00
2017-01-25T01:08:33: 非记录时间：2017-01-25T01:08:33+08:00
2017-01-25T01:08:43: 非记录时间：2017-01-25T01:08:43+08:00
2017-01-25T01:08:53: 非记录时间：2017-01-25T01:08:53+08:00
2017-01-25T01:09:03: 非记录时间：2017-01-25T01:09:03+08:00
2017-01-25T01:09:13: 非记录时间：2017-01-25T01:09:13+08:00
2017-01-25T01:09:23: 非记录时间：2017-01-25T01:09:23+08:00
2017-01-25T01:09:33: 非记录时间：2017-01-25T01:09:33+08:00
2017-01-25T01:09:43: 非记录时间：2017-01-25T01:09:43+08:00
2017-01-25T01:09:53: 非记录时间：2017-01-25T01:09:53+08:00
2017-01-25T01:10:03: 非记录时间：2017-01-25T01:10:03+08:00
2017-01-25T01:10:13: 非记录时间：2017-01-25T01:10:13+08:00
2017-01-25T01:10:23: 非记录时间：2017-01-25T01:10:23+08:00
2017-01-25T01:10:33: 非记录时间：2017-01-25T01:10:33+08:00
2017-01-25T01:10:43: 非记录时间：2017-01-25T01:10:43+08:00
2017-01-25T01:10:53: 非记录时间：2017-01-25T01:10:53+08:00
2017-01-25T01:11:04: 读取文件失败，可能是该文件不存在
2017-01-25T01:11:04: Error: ENOENT: no such file or directory, open './data/2017-01-25.json'
2017-01-25T01:11:14: 读取文件成功
2017-01-25T01:11:24: 读取文件成功
2017-01-25T01:11:34: 读取文件成功
2017-01-25T01:11:44: 读取文件成功
2017-01-25T01:11:54: 读取文件成功
2017-01-25T01:12:04: 读取文件成功
2017-01-25T01:12:14: 读取文件成功
2017-01-25T01:12:24: 读取文件成功
2017-01-25T01:12:34: 读取文件成功
2017-01-25T01:12:44: 读取文件成功
2017-01-25T01:12:55: 读取文件成功
2017-01-25T01:13:04: 读取文件成功
2017-01-25T01:13:14: 读取文件成功
2017-01-25T01:13:24: 读取文件成功
2017-01-25T01:13:34: 读取文件成功
2017-01-25T01:13:45: 读取文件成功
2017-01-25T01:13:54: 读取文件成功
2017-01-25T01:14:04: 读取文件成功
2017-01-25T01:14:14: 读取文件成功
2017-01-25T01:14:25: 读取文件成功
2017-01-25T01:14:34: 读取文件成功
2017-01-25T01:14:44: 读取文件成功
2017-01-25T01:14:54: 读取文件成功
2017-01-25T01:15:04: 读取文件成功
2017-01-25T01:15:14: 读取文件成功
2017-01-25T01:15:24: 读取文件成功
2017-01-25T01:15:34: 读取文件成功
2017-01-25T01:15:44: 读取文件成功
2017-01-25T01:15:54: 读取文件成功
2017-01-25T01:16:04: 读取文件成功
2017-01-25T01:16:14: 读取文件成功
2017-01-25T01:16:24: 读取文件成功
2017-01-25T01:16:34: 读取文件成功
2017-01-25T01:16:45: 读取文件成功
2017-01-25T01:16:54: 读取文件成功
2017-01-25T01:17:04: 读取文件成功
2017-01-25T01:17:15: 读取文件成功
2017-01-25T01:17:24: 读取文件成功
2017-01-25T01:17:34: 读取文件成功
2017-01-25T01:17:44: 读取文件成功
2017-01-25T01:17:54: 读取文件成功
2017-01-25T01:18:04: 读取文件成功
2017-01-25T01:18:14: 读取文件成功
2017-01-25T01:18:24: 读取文件成功
2017-01-25T01:18:34: 读取文件成功
2017-01-25T01:18:44: 读取文件成功
2017-01-25T01:18:54: 读取文件成功
2017-01-25T01:19:04: 读取文件成功
2017-01-25T01:19:14: 读取文件成功
2017-01-25T01:19:24: 读取文件成功
2017-01-25T01:19:34: 读取文件成功
2017-01-25T01:19:44: 读取文件成功
2017-01-25T01:19:54: 读取文件成功
2017-01-25T01:20:04: 读取文件成功
2017-01-25T01:20:14: 读取文件成功
2017-01-25T01:20:24: 读取文件成功
2017-01-25T01:20:34: 读取文件成功
2017-01-25T01:20:44: 读取文件成功
2017-01-25T01:20:54: 读取文件成功
2017-01-25T01:21:04: 读取文件成功
2017-01-25T01:21:14: 读取文件成功
2017-01-25T01:21:25: 读取文件成功
2017-01-25T01:21:34: 读取文件成功
2017-01-25T01:21:44: 读取文件成功
2017-01-25T01:21:54: 读取文件成功
2017-01-25T01:22:04: 读取文件成功
2017-01-25T01:22:14: 读取文件成功
2017-01-25T01:22:24: 读取文件成功
2017-01-25T01:22:34: 读取文件成功
2017-01-25T01:22:44: 读取文件成功
2017-01-25T01:22:55: 读取文件成功
2017-01-25T01:23:05: 读取文件成功
2017-01-25T01:23:15: 读取文件成功
2017-01-25T01:23:25: 读取文件成功
2017-01-25T01:23:35: 读取文件成功
2017-01-25T01:23:45: 读取文件成功
2017-01-25T01:23:55: 读取文件成功
2017-01-25T01:24:05: 读取文件成功
2017-01-25T01:24:15: 读取文件成功
2017-01-25T01:24:25: 读取文件成功
2017-01-25T01:24:35: 读取文件成功
2017-01-25T01:24:45: 读取文件成功
2017-01-25T01:24:55: 读取文件成功
2017-01-25T01:25:05: 读取文件成功
2017-01-25T01:25:15: 读取文件成功
2017-01-25T01:25:25: 读取文件成功
2017-01-25T01:25:35: 读取文件成功
2017-01-25T01:25:46: 读取文件成功
2017-01-25T01:25:55: 读取文件成功
2017-01-25T01:26:05: 读取文件成功
2017-01-25T01:26:15: 读取文件成功
2017-01-25T01:26:25: 读取文件成功
2017-01-25T01:26:35: 读取文件成功
2017-01-25T01:26:45: 读取文件成功
2017-01-25T01:26:55: 读取文件成功
2017-01-25T01:27:05: 读取文件成功
2017-01-25T01:27:15: 读取文件成功
2017-01-25T01:27:25: 读取文件成功
2017-01-25T01:27:35: 读取文件成功
2017-01-25T01:27:45: 读取文件成功
2017-01-25T01:27:55: 读取文件成功
2017-01-25T01:28:05: 读取文件成功
2017-01-25T01:28:15: 读取文件成功
2017-01-25T01:28:25: 读取文件成功
2017-01-25T01:28:35: 读取文件成功
2017-01-25T01:28:45: 读取文件成功
2017-01-25T01:28:55: 读取文件成功
2017-01-25T01:29:05: 读取文件成功
2017-01-25T01:29:15: 读取文件成功
2017-01-25T01:29:25: 读取文件成功
2017-01-25T01:29:35: 读取文件成功
2017-01-25T01:29:45: 读取文件成功
2017-01-25T01:29:55: 读取文件成功
2017-01-25T01:30:05: 读取文件成功
2017-01-25T01:30:15: 读取文件成功
2017-01-25T01:30:25: 读取文件成功
2017-01-25T01:30:35: 读取文件成功
2017-01-25T01:30:45: 读取文件成功
2017-01-25T01:30:55: 读取文件成功
2017-01-25T01:31:05: 读取文件成功
2017-01-25T01:31:15: 读取文件成功
2017-01-25T01:31:25: 读取文件成功
2017-01-25T01:31:35: 读取文件成功
2017-01-25T01:31:45: 读取文件成功
2017-01-25T01:31:55: 读取文件成功
2017-01-25T01:32:05: 读取文件成功
2017-01-25T01:32:15: 读取文件成功
2017-01-25T01:32:25: 读取文件成功
2017-01-25T01:32:35: 读取文件成功
2017-01-25T01:32:45: 读取文件成功
2017-01-25T01:32:55: 读取文件成功
2017-01-25T01:33:05: 读取文件成功
2017-01-25T01:33:15: 读取文件成功
2017-01-25T01:33:25: 读取文件成功
2017-01-25T01:33:35: 读取文件成功
2017-01-25T01:33:45: 读取文件成功
2017-01-25T01:33:55: 读取文件成功
2017-01-25T01:34:05: 读取文件成功
2017-01-25T01:34:15: 读取文件成功
2017-01-25T01:34:25: 读取文件成功
2017-01-25T01:34:35: 读取文件成功
2017-01-25T01:34:45: 读取文件成功
2017-01-25T01:34:55: 读取文件成功
2017-01-25T01:35:05: 读取文件成功
2017-01-25T01:35:15: 读取文件成功
2017-01-25T01:35:25: 读取文件成功
2017-01-25T01:35:35: 读取文件成功
2017-01-25T01:35:45: 读取文件成功
2017-01-25T01:35:55: 读取文件成功
2017-01-25T01:36:05: 读取文件成功
2017-01-25T01:36:15: 读取文件成功
2017-01-25T01:36:25: 读取文件成功
2017-01-25T01:36:35: 读取文件成功
2017-01-25T01:36:46: 读取文件成功
2017-01-25T01:36:55: 读取文件成功
2017-01-25T01:37:05: 读取文件成功
2017-01-25T01:37:15: 读取文件成功
2017-01-25T01:37:25: 读取文件成功
2017-01-25T01:37:35: 读取文件成功
2017-01-25T01:37:45: 读取文件成功
2017-01-25T01:37:56: 读取文件成功
2017-01-25T01:38:05: 读取文件成功
2017-01-25T01:38:15: 读取文件成功
2017-01-25T01:38:25: 读取文件成功
2017-01-25T01:38:35: 读取文件成功
2017-01-25T01:38:45: 读取文件成功
2017-01-25T01:38:55: 读取文件成功
2017-01-25T01:39:05: 读取文件成功
2017-01-25T01:39:15: 读取文件成功
2017-01-25T01:39:26: 读取文件成功
2017-01-25T01:39:36: 读取文件成功
2017-01-25T01:39:46: 读取文件成功
2017-01-25T01:39:56: 读取文件成功
2017-01-25T01:40:06: 读取文件成功
2017-01-25T01:40:16: 读取文件成功
2017-01-25T01:40:26: 读取文件成功
2017-01-25T01:40:36: 读取文件成功
2017-01-25T01:40:46: 读取文件成功
2017-01-25T01:40:56: 读取文件成功
2017-01-25T01:41:06: 读取文件成功
2017-01-25T01:41:16: 读取文件成功
2017-01-25T01:41:26: 读取文件成功
2017-01-25T01:41:36: 读取文件成功
2017-01-25T01:41:46: 读取文件成功
2017-01-25T01:41:56: 读取文件成功
2017-01-25T01:42:06: 读取文件成功
2017-01-25T01:42:16: 读取文件成功
2017-01-25T01:42:26: 读取文件成功
2017-01-25T01:42:36: 读取文件成功
2017-01-25T01:42:46: 读取文件成功
2017-01-25T01:42:56: 读取文件成功
2017-01-25T01:43:06: 读取文件成功
2017-01-25T01:43:16: 读取文件成功
2017-01-25T01:43:26: 读取文件成功
2017-01-25T01:43:36: 读取文件成功
2017-01-25T01:43:46: 读取文件成功
2017-01-25T01:43:56: 读取文件成功
2017-01-25T01:44:06: 读取文件成功
2017-01-25T01:44:16: 读取文件成功
2017-01-25T01:44:26: 读取文件成功
2017-01-25T01:44:36: 读取文件成功
2017-01-25T01:44:46: 读取文件成功
2017-01-25T01:44:56: 读取文件成功
2017-01-25T01:45:06: 读取文件成功
2017-01-25T01:45:16: 读取文件成功
2017-01-25T01:45:26: 读取文件成功
2017-01-25T01:45:36: 读取文件成功
2017-01-25T01:45:46: 读取文件成功
2017-01-25T01:45:56: 读取文件成功
2017-01-25T01:46:06: 读取文件成功
2017-01-25T01:46:16: 读取文件成功
2017-01-25T01:46:26: 读取文件成功
2017-01-25T01:46:36: 读取文件成功
2017-01-25T01:46:46: 读取文件成功
2017-01-25T01:46:56: 读取文件成功
2017-01-25T01:47:06: 读取文件成功
2017-01-25T01:47:16: 读取文件成功
2017-01-25T01:47:26: 读取文件成功
2017-01-25T01:47:36: 读取文件成功
2017-01-25T01:47:46: 读取文件成功
2017-01-25T01:47:56: 读取文件成功
2017-01-25T01:48:06: 读取文件成功
2017-01-25T01:48:16: 读取文件成功
2017-01-25T01:48:26: 读取文件成功
2017-01-25T01:48:36: 读取文件成功
2017-01-25T01:48:46: 读取文件成功
2017-01-25T01:48:56: 读取文件成功
2017-01-25T01:49:06: 读取文件成功
2017-01-25T01:49:16: 读取文件成功
2017-01-25T01:49:26: 读取文件成功
2017-01-25T01:49:36: 读取文件成功
2017-01-25T01:49:46: 读取文件成功
2017-01-25T01:49:56: 读取文件成功
2017-01-25T01:50:06: 读取文件成功
2017-01-25T01:50:16: 读取文件成功
2017-01-25T01:50:26: 读取文件成功
2017-01-25T01:50:36: 读取文件成功
2017-01-25T01:50:46: 读取文件成功
2017-01-25T01:50:56: 读取文件成功
2017-01-25T01:51:06: 读取文件成功
2017-01-25T01:51:16: 读取文件成功
2017-01-25T01:51:26: 读取文件成功
2017-01-25T01:51:36: 读取文件成功
2017-01-25T01:51:46: 读取文件成功
2017-01-25T01:51:56: 读取文件成功
2017-01-25T01:52:07: 读取文件成功
2017-01-25T01:52:16: 读取文件成功
2017-01-25T01:52:26: 读取文件成功
2017-01-25T01:52:36: 读取文件成功
2017-01-25T01:52:46: 读取文件成功
2017-01-25T01:52:56: 读取文件成功
2017-01-25T01:53:06: 读取文件成功
2017-01-25T01:53:16: 读取文件成功
2017-01-25T01:53:26: 读取文件成功
2017-01-25T01:53:36: 读取文件成功
2017-01-25T01:53:46: 读取文件成功
2017-01-25T01:53:56: 读取文件成功
2017-01-25T01:54:06: 读取文件成功
2017-01-25T01:54:16: 读取文件成功
2017-01-25T01:54:27: 读取文件成功
2017-01-25T01:54:36: 读取文件成功
2017-01-25T01:54:47: 读取文件成功
2017-01-25T01:54:57: 读取文件成功
2017-01-25T01:55:07: 读取文件成功
2017-01-25T01:55:17: 读取文件成功
2017-01-25T01:55:28: 读取文件成功
2017-01-25T01:55:37: 读取文件成功
2017-01-25T01:55:47: 读取文件成功
2017-01-25T01:55:57: 读取文件成功
2017-01-25T01:56:07: 读取文件成功
2017-01-25T01:56:17: 读取文件成功
2017-01-25T01:56:27: 读取文件成功
2017-01-25T01:56:37: 读取文件成功
2017-01-25T01:56:47: 读取文件成功
2017-01-25T01:56:57: 读取文件成功
2017-01-25T01:57:07: 读取文件成功
2017-01-25T01:57:17: 读取文件成功
2017-01-25T01:57:27: 读取文件成功
2017-01-25T01:57:37: 读取文件成功
2017-01-25T01:57:47: 读取文件成功
2017-01-25T01:57:57: 读取文件成功
2017-01-25T01:58:07: 读取文件成功
2017-01-25T01:58:17: 读取文件成功
2017-01-25T01:58:27: 读取文件成功
2017-01-25T01:58:37: 读取文件成功
2017-01-25T01:58:47: 读取文件成功
2017-01-25T01:58:57: 读取文件成功
2017-01-25T01:59:07: 读取文件成功
2017-01-25T01:59:17: 读取文件成功
2017-01-25T01:59:27: 读取文件成功
2017-01-25T01:59:37: 读取文件成功
2017-01-25T01:59:47: 读取文件成功
2017-01-25T01:59:57: 读取文件成功
2017-01-25T02:00:07: 读取文件成功
2017-01-25T02:00:17: 读取文件成功
2017-01-25T02:00:27: 读取文件成功
2017-01-25T02:00:37: 读取文件成功
2017-01-25T02:00:47: 读取文件成功
2017-01-25T02:00:57: 读取文件成功
2017-01-25T02:01:07: 读取文件成功
2017-01-25T02:01:17: 读取文件成功
2017-01-25T02:01:27: 读取文件成功
2017-01-25T02:01:37: 读取文件成功
2017-01-25T02:01:47: 读取文件成功
2017-01-25T02:01:57: 读取文件成功
2017-01-25T02:02:07: 读取文件成功
2017-01-25T02:02:17: 读取文件成功
2017-01-25T02:02:27: 读取文件成功
2017-01-25T02:02:37: 读取文件成功
2017-01-25T02:02:47: 读取文件成功
2017-01-25T02:02:57: 读取文件成功
2017-01-25T02:03:07: 读取文件成功
2017-01-25T02:03:17: 读取文件成功
2017-01-25T02:03:27: 读取文件成功
2017-01-25T02:03:37: 读取文件成功
2017-01-25T02:03:47: 读取文件成功
2017-01-25T02:03:57: 读取文件成功
2017-01-25T02:04:07: 读取文件成功
2017-01-25T02:04:17: 读取文件成功
2017-01-25T02:04:27: 读取文件成功
2017-01-25T02:04:37: 读取文件成功
2017-01-25T02:04:47: 读取文件成功
2017-01-25T02:04:57: 读取文件成功
2017-01-25T02:05:07: 读取文件成功
2017-01-25T02:05:17: 读取文件成功
2017-01-25T02:05:27: 读取文件成功
2017-01-25T02:05:37: 读取文件成功
2017-01-25T02:05:47: 读取文件成功
2017-01-25T02:05:57: 读取文件成功
2017-01-25T02:06:07: 读取文件成功
2017-01-25T02:06:17: 读取文件成功
2017-01-25T02:06:27: 读取文件成功
2017-01-25T02:06:37: 读取文件成功
2017-01-25T02:06:47: 读取文件成功
2017-01-25T02:06:57: 读取文件成功
2017-01-25T02:07:07: 读取文件成功
2017-01-25T02:07:17: 读取文件成功
2017-01-25T02:07:28: 读取文件成功
2017-01-25T02:07:37: 读取文件成功
2017-01-25T02:07:47: 读取文件成功
2017-01-25T02:07:57: 读取文件成功
2017-01-25T02:08:07: 读取文件成功
2017-01-25T02:08:17: 读取文件成功
2017-01-25T02:08:27: 读取文件成功
2017-01-25T02:08:37: 读取文件成功
2017-01-25T02:08:47: 读取文件成功
2017-01-25T02:08:57: 读取文件成功
2017-01-25T02:09:08: 读取文件成功
2017-01-25T02:09:17: 读取文件成功
2017-01-25T02:09:28: 读取文件成功
2017-01-25T02:09:37: 读取文件成功
2017-01-25T02:09:48: 读取文件成功
2017-01-25T02:09:58: 读取文件成功
2017-01-25T02:10:08: 读取文件成功
2017-01-25T02:10:18: 读取文件成功
2017-01-25T02:10:28: 读取文件成功
2017-01-25T02:10:37: 读取文件成功
2017-01-25T02:10:48: 读取文件成功
2017-01-25T02:10:58: 读取文件成功
2017-01-25T02:11:08: 读取文件成功
2017-01-25T02:11:18: 读取文件成功
2017-01-25T02:11:28: 读取文件成功
2017-01-25T02:11:37: 读取文件成功
2017-01-25T02:11:48: 读取文件成功
2017-01-25T02:11:58: 读取文件成功
2017-01-25T02:12:08: 读取文件成功
2017-01-25T02:12:18: 读取文件成功
2017-01-25T02:12:28: 读取文件成功
2017-01-25T02:12:38: 读取文件成功
2017-01-25T02:12:48: 读取文件成功
2017-01-25T02:12:58: 读取文件成功
2017-01-25T02:13:08: 读取文件成功
2017-01-25T02:13:18: 读取文件成功
2017-01-25T02:13:28: 读取文件成功
2017-01-25T02:13:38: 读取文件成功
2017-01-25T02:13:48: 读取文件成功
2017-01-25T02:13:58: 读取文件成功
2017-01-25T02:14:08: 读取文件成功
2017-01-25T02:14:18: 读取文件成功
2017-01-25T02:14:28: 读取文件成功
2017-01-25T02:14:38: 读取文件成功
2017-01-25T02:14:48: 读取文件成功
2017-01-25T02:14:58: 读取文件成功
2017-01-25T02:15:08: 读取文件成功
2017-01-25T02:15:18: 读取文件成功
2017-01-25T02:15:28: 读取文件成功
2017-01-25T02:15:38: 读取文件成功
2017-01-25T02:15:48: 读取文件成功
2017-01-25T02:15:58: 读取文件成功
2017-01-25T02:16:08: 读取文件成功
2017-01-25T02:16:18: 读取文件成功
2017-01-25T02:16:28: 读取文件成功
2017-01-25T02:16:38: 读取文件成功
2017-01-25T02:16:48: 读取文件成功
2017-01-25T02:16:58: 读取文件成功
2017-01-25T02:17:08: 读取文件成功
2017-01-25T02:17:18: 读取文件成功
2017-01-25T02:17:28: 读取文件成功
2017-01-25T02:17:38: 读取文件成功
2017-01-25T02:17:48: 读取文件成功
2017-01-25T02:17:58: 读取文件成功
2017-01-25T02:18:08: 读取文件成功
2017-01-25T02:18:18: 读取文件成功
2017-01-25T02:18:28: 读取文件成功
2017-01-25T02:18:38: 读取文件成功
2017-01-25T02:18:48: 读取文件成功
2017-01-25T02:18:58: 读取文件成功
2017-01-25T02:19:08: 读取文件成功
2017-01-25T02:19:18: 读取文件成功
2017-01-25T02:19:28: 读取文件成功
2017-01-25T02:19:38: 读取文件成功
2017-01-25T02:19:48: 读取文件成功
2017-01-25T02:19:58: 读取文件成功
2017-01-25T02:20:08: 读取文件成功
2017-01-25T02:20:18: 读取文件成功
2017-01-25T02:20:28: 读取文件成功
2017-01-25T02:20:38: 读取文件成功
2017-01-25T02:20:48: 读取文件成功
2017-01-25T02:20:58: 读取文件成功
2017-01-25T02:21:08: 读取文件成功
2017-01-25T02:21:18: 读取文件成功
2017-01-25T02:21:28: 读取文件成功
2017-01-25T02:21:38: 读取文件成功
2017-01-25T02:21:48: 读取文件成功
2017-01-25T02:21:58: 读取文件成功
2017-01-25T02:22:08: 读取文件成功
2017-01-25T02:22:18: 读取文件成功
2017-01-25T02:22:28: 读取文件成功
2017-01-25T02:22:38: 读取文件成功
2017-01-25T02:22:48: 读取文件成功
2017-01-25T02:22:58: 读取文件成功
2017-01-25T02:23:08: 读取文件成功
2017-01-25T02:23:18: 读取文件成功
2017-01-25T02:23:28: 读取文件成功
2017-01-25T02:23:38: 读取文件成功
2017-01-25T02:23:48: 读取文件成功
2017-01-25T02:23:58: 读取文件成功
2017-01-25T02:24:08: 读取文件成功
2017-01-25T02:24:19: 读取文件成功
2017-01-25T02:24:28: 读取文件成功
2017-01-25T02:24:38: 读取文件成功
2017-01-25T02:24:48: 读取文件成功
2017-01-25T02:24:58: 读取文件成功
2017-01-25T02:25:08: 读取文件成功
2017-01-25T02:25:18: 读取文件成功
2017-01-25T02:25:29: 读取文件成功
2017-01-25T02:25:38: 读取文件成功
2017-01-25T02:25:49: 读取文件成功
2017-01-25T02:25:59: 读取文件成功
2017-01-25T02:26:09: 读取文件成功
2017-01-25T02:26:18: 读取文件成功
2017-01-25T02:26:28: 读取文件成功
2017-01-25T02:26:38: 读取文件成功
2017-01-25T02:26:49: 读取文件成功
2017-01-25T02:26:59: 读取文件成功
2017-01-25T02:27:09: 读取文件成功
2017-01-25T02:27:19: 读取文件成功
2017-01-25T02:27:29: 读取文件成功
2017-01-25T02:27:38: 读取文件成功
2017-01-25T02:27:49: 读取文件成功
2017-01-25T02:27:59: 读取文件成功
2017-01-25T02:28:09: 读取文件成功
2017-01-25T02:28:19: 读取文件成功
2017-01-25T02:28:29: 读取文件成功
2017-01-25T02:28:38: 读取文件成功
2017-01-25T02:28:49: 读取文件成功
2017-01-25T02:28:59: 读取文件成功
2017-01-25T02:29:09: 读取文件成功
2017-01-25T02:29:19: 读取文件成功
2017-01-25T02:29:29: 读取文件成功
2017-01-25T02:29:38: 读取文件成功
2017-01-25T02:29:49: 读取文件成功
2017-01-25T02:29:59: 读取文件成功
2017-01-25T02:30:09: 读取文件成功
2017-01-25T02:30:19: 读取文件成功
2017-01-25T02:30:29: 读取文件成功
2017-01-25T02:30:39: 读取文件成功
2017-01-25T02:30:49: 读取文件成功
2017-01-25T02:30:59: 读取文件成功
2017-01-25T02:31:09: 读取文件成功
2017-01-25T02:31:19: 读取文件成功
2017-01-25T02:31:29: 读取文件成功
2017-01-25T02:31:39: 读取文件成功
2017-01-25T02:31:49: 读取文件成功
2017-01-25T02:31:59: 读取文件成功
2017-01-25T02:32:09: 读取文件成功
2017-01-25T02:32:19: 读取文件成功
2017-01-25T02:32:29: 读取文件成功
2017-01-25T02:32:39: 读取文件成功
2017-01-25T02:32:49: 读取文件成功
2017-01-25T02:32:59: 读取文件成功
2017-01-25T02:33:09: 读取文件成功
2017-01-25T02:33:19: 读取文件成功
2017-01-25T02:33:29: 读取文件成功
2017-01-25T02:33:39: 读取文件成功
2017-01-25T02:33:49: 读取文件成功
2017-01-25T02:33:59: 读取文件成功
2017-01-25T02:34:09: 读取文件成功
2017-01-25T02:34:19: 读取文件成功
2017-01-25T02:34:29: 读取文件成功
2017-01-25T02:34:39: 读取文件成功
2017-01-25T02:34:49: 读取文件成功
2017-01-25T02:34:59: 读取文件成功
2017-01-25T02:35:09: 读取文件成功
2017-01-25T02:35:19: 读取文件成功
2017-01-25T02:35:29: 读取文件成功
2017-01-25T02:35:39: 读取文件成功
2017-01-25T02:35:49: 读取文件成功
2017-01-25T02:35:59: 读取文件成功
2017-01-25T02:36:09: 读取文件成功
2017-01-25T02:36:19: 读取文件成功
2017-01-25T02:36:29: 读取文件成功
2017-01-25T02:36:39: 读取文件成功
2017-01-25T02:36:49: 读取文件成功
2017-01-25T02:36:59: 读取文件成功
2017-01-25T02:37:09: 读取文件成功
2017-01-25T02:37:19: 读取文件成功
2017-01-25T02:37:29: 读取文件成功
2017-01-25T02:37:39: 读取文件成功
2017-01-25T02:37:49: 读取文件成功
2017-01-25T02:37:59: 读取文件成功
2017-01-25T02:38:09: 读取文件成功
2017-01-25T02:38:19: 读取文件成功
2017-01-25T02:38:29: 读取文件成功
2017-01-25T02:38:39: 读取文件成功
2017-01-25T02:38:49: 读取文件成功
2017-01-25T02:38:59: 读取文件成功
2017-01-25T02:39:10: 读取文件成功
2017-01-25T02:39:19: 读取文件成功
2017-01-25T02:39:29: 读取文件成功
2017-01-25T02:39:39: 读取文件成功
2017-01-25T02:39:49: 读取文件成功
2017-01-25T02:39:59: 读取文件成功
2017-01-25T02:40:09: 读取文件成功
2017-01-25T02:40:19: 读取文件成功
2017-01-25T02:40:29: 读取文件成功
2017-01-25T02:40:39: 读取文件成功
2017-01-25T02:40:49: 读取文件成功
2017-01-25T02:40:59: 读取文件成功
2017-01-25T02:41:09: 读取文件成功
2017-01-25T02:41:19: 读取文件成功
2017-01-25T02:41:29: 读取文件成功
2017-01-25T02:41:39: 读取文件成功
2017-01-25T02:41:49: 读取文件成功
2017-01-25T02:41:59: 读取文件成功
2017-01-25T02:42:09: 读取文件成功
2017-01-25T02:42:19: 读取文件成功
2017-01-25T02:42:29: 读取文件成功
2017-01-25T02:42:39: 读取文件成功
2017-01-25T02:42:49: 读取文件成功
2017-01-25T02:42:59: 读取文件成功
2017-01-25T02:43:09: 读取文件成功
2017-01-25T02:43:20: 读取文件成功
2017-01-25T02:43:29: 读取文件成功
2017-01-25T02:43:39: 读取文件成功
2017-01-25T02:43:49: 读取文件成功
2017-01-25T02:43:59: 读取文件成功
2017-01-25T02:44:09: 读取文件成功
2017-01-25T02:44:19: 读取文件成功
2017-01-25T02:44:29: 读取文件成功
2017-01-25T02:44:39: 读取文件成功
2017-01-25T02:44:49: 读取文件成功
2017-01-25T02:44:59: 读取文件成功
2017-01-25T02:45:09: 读取文件成功
2017-01-25T02:45:20: 读取文件成功
2017-01-25T02:45:29: 读取文件成功
2017-01-25T02:45:39: 读取文件成功
2017-01-25T02:45:49: 读取文件成功
2017-01-25T02:46:00: 读取文件成功
2017-01-25T02:46:10: 读取文件成功
2017-01-25T02:46:20: 读取文件成功
2017-01-25T02:46:30: 读取文件成功
2017-01-25T02:46:40: 读取文件成功
2017-01-25T02:46:50: 读取文件成功
2017-01-25T02:47:00: 读取文件成功
2017-01-25T02:47:10: 读取文件成功
2017-01-25T02:47:20: 读取文件成功
2017-01-25T02:47:30: 读取文件成功
2017-01-25T02:47:40: 读取文件成功
2017-01-25T02:47:50: 读取文件成功
2017-01-25T02:48:00: 读取文件成功
2017-01-25T02:48:10: 读取文件成功
2017-01-25T02:48:20: 读取文件成功
2017-01-25T02:48:30: 读取文件成功
2017-01-25T02:48:40: 读取文件成功
2017-01-25T02:48:50: 读取文件成功
2017-01-25T02:49:00: 读取文件成功
2017-01-25T02:49:10: 读取文件成功
2017-01-25T02:49:20: 读取文件成功
2017-01-25T02:49:30: 读取文件成功
2017-01-25T02:49:40: 读取文件成功
2017-01-25T02:49:50: 读取文件成功
2017-01-25T02:50:00: 读取文件成功
2017-01-25T02:50:10: 读取文件成功
2017-01-25T02:50:20: 读取文件成功
2017-01-25T02:50:30: 读取文件成功
2017-01-25T02:50:40: 读取文件成功
2017-01-25T02:50:50: 读取文件成功
2017-01-25T02:51:00: 读取文件成功
2017-01-25T02:51:10: 读取文件成功
2017-01-25T02:51:20: 读取文件成功
2017-01-25T02:51:30: 读取文件成功
2017-01-25T02:51:40: 读取文件成功
2017-01-25T02:51:50: 读取文件成功
2017-01-25T02:52:00: 读取文件成功
2017-01-25T02:52:10: 读取文件成功
2017-01-25T02:52:20: 读取文件成功
2017-01-25T02:52:30: 读取文件成功
2017-01-25T02:52:40: 读取文件成功
2017-01-25T02:52:50: 读取文件成功
2017-01-25T02:53:00: 读取文件成功
2017-01-25T02:53:10: 读取文件成功
2017-01-25T02:53:20: 读取文件成功
2017-01-25T02:53:30: 读取文件成功
2017-01-25T02:53:40: 读取文件成功
2017-01-25T02:53:50: 读取文件成功
2017-01-25T02:54:00: 读取文件成功
2017-01-25T02:54:10: 读取文件成功
2017-01-25T02:54:20: 读取文件成功
2017-01-25T02:54:30: 读取文件成功
2017-01-25T02:54:40: 读取文件成功
2017-01-25T02:54:50: 读取文件成功
2017-01-25T02:55:00: 读取文件成功
2017-01-25T02:55:10: 读取文件成功
2017-01-25T02:55:20: 读取文件成功
2017-01-25T02:55:30: 读取文件成功
2017-01-25T02:55:40: 读取文件成功
2017-01-25T02:55:50: 读取文件成功
2017-01-25T02:56:00: 读取文件成功
2017-01-25T02:56:10: 读取文件成功
2017-01-25T02:56:20: 读取文件成功
2017-01-25T02:56:30: 读取文件成功
2017-01-25T02:56:40: 读取文件成功
2017-01-25T02:56:50: 读取文件成功
2017-01-25T02:57:00: 读取文件成功
2017-01-25T02:57:10: 读取文件成功
2017-01-25T02:57:20: 读取文件成功
2017-01-25T02:57:30: 读取文件成功
2017-01-25T02:57:40: 读取文件成功
2017-01-25T02:57:50: 读取文件成功
2017-01-25T02:58:00: 读取文件成功
2017-01-25T02:58:10: 读取文件成功
2017-01-25T02:58:20: 读取文件成功
2017-01-25T02:58:30: 读取文件成功
2017-01-25T02:58:40: 读取文件成功
2017-01-25T02:58:50: 读取文件成功
2017-01-25T02:59:00: 读取文件成功
2017-01-25T02:59:10: 读取文件成功
