2017-03-11T00:00:05: 非记录时间：2017-03-11T00:00:05+08:00
2017-03-11T00:00:15: 非记录时间：2017-03-11T00:00:15+08:00
2017-03-11T00:00:25: 非记录时间：2017-03-11T00:00:25+08:00
2017-03-11T00:00:35: 非记录时间：2017-03-11T00:00:35+08:00
2017-03-11T00:00:45: 非记录时间：2017-03-11T00:00:45+08:00
2017-03-11T00:00:55: 非记录时间：2017-03-11T00:00:55+08:00
2017-03-11T00:01:05: 非记录时间：2017-03-11T00:01:05+08:00
2017-03-11T00:01:15: 非记录时间：2017-03-11T00:01:15+08:00
2017-03-11T00:01:25: 非记录时间：2017-03-11T00:01:25+08:00
2017-03-11T00:01:35: 非记录时间：2017-03-11T00:01:35+08:00
2017-03-11T00:01:45: 非记录时间：2017-03-11T00:01:45+08:00
2017-03-11T00:01:55: 非记录时间：2017-03-11T00:01:55+08:00
2017-03-11T00:02:05: 非记录时间：2017-03-11T00:02:05+08:00
2017-03-11T00:02:15: 非记录时间：2017-03-11T00:02:15+08:00
2017-03-11T00:02:25: 非记录时间：2017-03-11T00:02:25+08:00
2017-03-11T00:02:35: 非记录时间：2017-03-11T00:02:35+08:00
2017-03-11T00:02:45: 非记录时间：2017-03-11T00:02:45+08:00
2017-03-11T00:02:55: 非记录时间：2017-03-11T00:02:55+08:00
2017-03-11T00:03:05: 非记录时间：2017-03-11T00:03:05+08:00
2017-03-11T00:03:15: 非记录时间：2017-03-11T00:03:15+08:00
2017-03-11T00:03:25: 非记录时间：2017-03-11T00:03:25+08:00
2017-03-11T00:03:35: 非记录时间：2017-03-11T00:03:35+08:00
2017-03-11T00:03:45: 非记录时间：2017-03-11T00:03:45+08:00
2017-03-11T00:03:55: 非记录时间：2017-03-11T00:03:55+08:00
2017-03-11T00:04:05: 非记录时间：2017-03-11T00:04:05+08:00
2017-03-11T00:04:15: 非记录时间：2017-03-11T00:04:15+08:00
2017-03-11T00:04:25: 非记录时间：2017-03-11T00:04:25+08:00
2017-03-11T00:04:35: 非记录时间：2017-03-11T00:04:35+08:00
2017-03-11T00:04:45: 非记录时间：2017-03-11T00:04:45+08:00
2017-03-11T00:04:55: 非记录时间：2017-03-11T00:04:55+08:00
2017-03-11T00:05:05: 非记录时间：2017-03-11T00:05:05+08:00
2017-03-11T00:05:15: 非记录时间：2017-03-11T00:05:15+08:00
2017-03-11T00:05:25: 非记录时间：2017-03-11T00:05:25+08:00
2017-03-11T00:05:35: 非记录时间：2017-03-11T00:05:35+08:00
2017-03-11T00:05:45: 非记录时间：2017-03-11T00:05:45+08:00
2017-03-11T00:05:55: 非记录时间：2017-03-11T00:05:55+08:00
2017-03-11T00:06:05: 非记录时间：2017-03-11T00:06:05+08:00
2017-03-11T00:06:15: 非记录时间：2017-03-11T00:06:15+08:00
2017-03-11T00:06:25: 非记录时间：2017-03-11T00:06:25+08:00
2017-03-11T00:06:35: 非记录时间：2017-03-11T00:06:35+08:00
2017-03-11T00:06:45: 非记录时间：2017-03-11T00:06:45+08:00
2017-03-11T00:06:55: 非记录时间：2017-03-11T00:06:55+08:00
2017-03-11T00:07:05: 非记录时间：2017-03-11T00:07:05+08:00
2017-03-11T00:07:15: 非记录时间：2017-03-11T00:07:15+08:00
2017-03-11T00:07:25: 非记录时间：2017-03-11T00:07:25+08:00
2017-03-11T00:07:35: 非记录时间：2017-03-11T00:07:35+08:00
2017-03-11T00:07:45: 非记录时间：2017-03-11T00:07:45+08:00
2017-03-11T00:07:55: 非记录时间：2017-03-11T00:07:55+08:00
2017-03-11T00:08:05: 非记录时间：2017-03-11T00:08:05+08:00
2017-03-11T00:08:15: 非记录时间：2017-03-11T00:08:15+08:00
2017-03-11T00:08:25: 非记录时间：2017-03-11T00:08:25+08:00
2017-03-11T00:08:35: 非记录时间：2017-03-11T00:08:35+08:00
2017-03-11T00:08:45: 非记录时间：2017-03-11T00:08:45+08:00
2017-03-11T00:08:55: 非记录时间：2017-03-11T00:08:55+08:00
2017-03-11T00:09:05: 非记录时间：2017-03-11T00:09:05+08:00
2017-03-11T00:09:15: 非记录时间：2017-03-11T00:09:15+08:00
2017-03-11T00:09:25: 非记录时间：2017-03-11T00:09:25+08:00
2017-03-11T00:09:35: 非记录时间：2017-03-11T00:09:35+08:00
2017-03-11T00:09:45: 非记录时间：2017-03-11T00:09:45+08:00
2017-03-11T00:09:55: 非记录时间：2017-03-11T00:09:55+08:00
2017-03-11T00:10:05: 非记录时间：2017-03-11T00:10:05+08:00
2017-03-11T00:10:15: 非记录时间：2017-03-11T00:10:15+08:00
2017-03-11T00:10:25: 非记录时间：2017-03-11T00:10:25+08:00
2017-03-11T00:10:35: 非记录时间：2017-03-11T00:10:35+08:00
2017-03-11T00:10:45: 非记录时间：2017-03-11T00:10:45+08:00
2017-03-11T00:10:55: 非记录时间：2017-03-11T00:10:55+08:00
2017-03-11T00:11:05: 非记录时间：2017-03-11T00:11:05+08:00
2017-03-11T00:11:15: 非记录时间：2017-03-11T00:11:15+08:00
2017-03-11T00:11:25: 非记录时间：2017-03-11T00:11:25+08:00
2017-03-11T00:11:35: 非记录时间：2017-03-11T00:11:35+08:00
2017-03-11T00:11:45: 非记录时间：2017-03-11T00:11:45+08:00
2017-03-11T00:11:55: 非记录时间：2017-03-11T00:11:55+08:00
2017-03-11T00:12:05: 非记录时间：2017-03-11T00:12:05+08:00
2017-03-11T00:12:15: 非记录时间：2017-03-11T00:12:15+08:00
2017-03-11T00:12:25: 非记录时间：2017-03-11T00:12:25+08:00
2017-03-11T00:12:35: 非记录时间：2017-03-11T00:12:35+08:00
2017-03-11T00:12:45: 非记录时间：2017-03-11T00:12:45+08:00
2017-03-11T00:12:55: 非记录时间：2017-03-11T00:12:55+08:00
2017-03-11T00:13:05: 非记录时间：2017-03-11T00:13:05+08:00
2017-03-11T00:13:15: 非记录时间：2017-03-11T00:13:15+08:00
2017-03-11T00:13:25: 非记录时间：2017-03-11T00:13:25+08:00
2017-03-11T00:13:35: 非记录时间：2017-03-11T00:13:35+08:00
2017-03-11T00:13:45: 非记录时间：2017-03-11T00:13:45+08:00
2017-03-11T00:13:55: 非记录时间：2017-03-11T00:13:55+08:00
2017-03-11T00:14:05: 非记录时间：2017-03-11T00:14:05+08:00
2017-03-11T00:14:15: 非记录时间：2017-03-11T00:14:15+08:00
2017-03-11T00:14:25: 非记录时间：2017-03-11T00:14:25+08:00
2017-03-11T00:14:35: 非记录时间：2017-03-11T00:14:35+08:00
2017-03-11T00:14:45: 非记录时间：2017-03-11T00:14:45+08:00
2017-03-11T00:14:55: 非记录时间：2017-03-11T00:14:55+08:00
2017-03-11T00:15:05: 非记录时间：2017-03-11T00:15:05+08:00
2017-03-11T00:15:15: 非记录时间：2017-03-11T00:15:15+08:00
2017-03-11T00:15:25: 非记录时间：2017-03-11T00:15:25+08:00
2017-03-11T00:15:35: 非记录时间：2017-03-11T00:15:35+08:00
2017-03-11T00:15:45: 非记录时间：2017-03-11T00:15:45+08:00
2017-03-11T00:15:55: 非记录时间：2017-03-11T00:15:55+08:00
2017-03-11T00:16:05: 非记录时间：2017-03-11T00:16:05+08:00
2017-03-11T00:16:15: 非记录时间：2017-03-11T00:16:15+08:00
2017-03-11T00:16:25: 非记录时间：2017-03-11T00:16:25+08:00
2017-03-11T00:16:35: 非记录时间：2017-03-11T00:16:35+08:00
2017-03-11T00:16:45: 非记录时间：2017-03-11T00:16:45+08:00
2017-03-11T00:16:55: 非记录时间：2017-03-11T00:16:55+08:00
2017-03-11T00:17:05: 非记录时间：2017-03-11T00:17:05+08:00
2017-03-11T00:17:15: 非记录时间：2017-03-11T00:17:15+08:00
2017-03-11T00:17:25: 非记录时间：2017-03-11T00:17:25+08:00
2017-03-11T00:17:35: 非记录时间：2017-03-11T00:17:35+08:00
2017-03-11T00:17:45: 非记录时间：2017-03-11T00:17:45+08:00
2017-03-11T00:17:55: 非记录时间：2017-03-11T00:17:55+08:00
2017-03-11T00:18:05: 非记录时间：2017-03-11T00:18:05+08:00
2017-03-11T00:18:15: 非记录时间：2017-03-11T00:18:15+08:00
2017-03-11T00:18:25: 非记录时间：2017-03-11T00:18:25+08:00
2017-03-11T00:18:35: 非记录时间：2017-03-11T00:18:35+08:00
2017-03-11T00:18:45: 非记录时间：2017-03-11T00:18:45+08:00
2017-03-11T00:18:55: 非记录时间：2017-03-11T00:18:55+08:00
2017-03-11T00:19:05: 非记录时间：2017-03-11T00:19:05+08:00
2017-03-11T00:19:15: 非记录时间：2017-03-11T00:19:15+08:00
2017-03-11T00:19:25: 非记录时间：2017-03-11T00:19:25+08:00
2017-03-11T00:19:35: 非记录时间：2017-03-11T00:19:35+08:00
2017-03-11T00:19:45: 非记录时间：2017-03-11T00:19:45+08:00
2017-03-11T00:19:55: 非记录时间：2017-03-11T00:19:55+08:00
2017-03-11T00:20:05: 非记录时间：2017-03-11T00:20:05+08:00
2017-03-11T00:20:15: 非记录时间：2017-03-11T00:20:15+08:00
2017-03-11T00:20:25: 非记录时间：2017-03-11T00:20:25+08:00
2017-03-11T00:20:35: 非记录时间：2017-03-11T00:20:35+08:00
2017-03-11T00:20:45: 非记录时间：2017-03-11T00:20:45+08:00
2017-03-11T00:20:55: 非记录时间：2017-03-11T00:20:55+08:00
2017-03-11T00:21:05: 非记录时间：2017-03-11T00:21:05+08:00
2017-03-11T00:21:15: 非记录时间：2017-03-11T00:21:15+08:00
2017-03-11T00:21:25: 非记录时间：2017-03-11T00:21:25+08:00
2017-03-11T00:21:35: 非记录时间：2017-03-11T00:21:35+08:00
2017-03-11T00:21:45: 非记录时间：2017-03-11T00:21:45+08:00
2017-03-11T00:21:55: 非记录时间：2017-03-11T00:21:55+08:00
2017-03-11T00:22:05: 非记录时间：2017-03-11T00:22:05+08:00
2017-03-11T00:22:15: 非记录时间：2017-03-11T00:22:15+08:00
2017-03-11T00:22:25: 非记录时间：2017-03-11T00:22:25+08:00
2017-03-11T00:22:35: 非记录时间：2017-03-11T00:22:35+08:00
2017-03-11T00:22:45: 非记录时间：2017-03-11T00:22:45+08:00
2017-03-11T00:22:55: 非记录时间：2017-03-11T00:22:55+08:00
2017-03-11T00:23:05: 非记录时间：2017-03-11T00:23:05+08:00
2017-03-11T00:23:15: 非记录时间：2017-03-11T00:23:15+08:00
2017-03-11T00:23:25: 非记录时间：2017-03-11T00:23:25+08:00
2017-03-11T00:23:35: 非记录时间：2017-03-11T00:23:35+08:00
2017-03-11T00:23:45: 非记录时间：2017-03-11T00:23:45+08:00
2017-03-11T00:23:55: 非记录时间：2017-03-11T00:23:55+08:00
2017-03-11T00:24:05: 非记录时间：2017-03-11T00:24:05+08:00
2017-03-11T00:24:15: 非记录时间：2017-03-11T00:24:15+08:00
2017-03-11T00:24:25: 非记录时间：2017-03-11T00:24:25+08:00
2017-03-11T00:24:35: 非记录时间：2017-03-11T00:24:35+08:00
2017-03-11T00:24:45: 非记录时间：2017-03-11T00:24:45+08:00
2017-03-11T00:24:55: 非记录时间：2017-03-11T00:24:55+08:00
2017-03-11T00:25:05: 非记录时间：2017-03-11T00:25:05+08:00
2017-03-11T00:25:15: 非记录时间：2017-03-11T00:25:15+08:00
2017-03-11T00:25:25: 非记录时间：2017-03-11T00:25:25+08:00
2017-03-11T00:25:35: 非记录时间：2017-03-11T00:25:35+08:00
2017-03-11T00:25:45: 非记录时间：2017-03-11T00:25:45+08:00
2017-03-11T00:25:55: 非记录时间：2017-03-11T00:25:55+08:00
2017-03-11T00:26:05: 非记录时间：2017-03-11T00:26:05+08:00
2017-03-11T00:26:15: 非记录时间：2017-03-11T00:26:15+08:00
2017-03-11T00:26:25: 非记录时间：2017-03-11T00:26:25+08:00
2017-03-11T00:26:35: 非记录时间：2017-03-11T00:26:35+08:00
2017-03-11T00:26:45: 非记录时间：2017-03-11T00:26:45+08:00
2017-03-11T00:26:55: 非记录时间：2017-03-11T00:26:55+08:00
2017-03-11T00:27:05: 非记录时间：2017-03-11T00:27:05+08:00
2017-03-11T00:27:15: 非记录时间：2017-03-11T00:27:15+08:00
2017-03-11T00:27:25: 非记录时间：2017-03-11T00:27:25+08:00
2017-03-11T00:27:35: 非记录时间：2017-03-11T00:27:35+08:00
2017-03-11T00:27:45: 非记录时间：2017-03-11T00:27:45+08:00
2017-03-11T00:27:55: 非记录时间：2017-03-11T00:27:55+08:00
2017-03-11T00:28:05: 非记录时间：2017-03-11T00:28:05+08:00
2017-03-11T00:28:15: 非记录时间：2017-03-11T00:28:15+08:00
2017-03-11T00:28:25: 非记录时间：2017-03-11T00:28:25+08:00
2017-03-11T00:28:35: 非记录时间：2017-03-11T00:28:35+08:00
2017-03-11T00:28:45: 非记录时间：2017-03-11T00:28:45+08:00
2017-03-11T00:28:55: 非记录时间：2017-03-11T00:28:55+08:00
2017-03-11T00:29:05: 非记录时间：2017-03-11T00:29:05+08:00
2017-03-11T00:29:15: 非记录时间：2017-03-11T00:29:15+08:00
2017-03-11T00:29:25: 非记录时间：2017-03-11T00:29:25+08:00
2017-03-11T00:29:35: 非记录时间：2017-03-11T00:29:35+08:00
2017-03-11T00:29:45: 非记录时间：2017-03-11T00:29:45+08:00
2017-03-11T00:29:55: 非记录时间：2017-03-11T00:29:55+08:00
2017-03-11T00:30:05: 非记录时间：2017-03-11T00:30:05+08:00
2017-03-11T00:30:15: 非记录时间：2017-03-11T00:30:15+08:00
2017-03-11T00:30:25: 非记录时间：2017-03-11T00:30:25+08:00
2017-03-11T00:30:35: 非记录时间：2017-03-11T00:30:35+08:00
2017-03-11T00:30:45: 非记录时间：2017-03-11T00:30:45+08:00
2017-03-11T00:30:55: 非记录时间：2017-03-11T00:30:55+08:00
2017-03-11T00:31:05: 非记录时间：2017-03-11T00:31:05+08:00
2017-03-11T00:31:15: 非记录时间：2017-03-11T00:31:15+08:00
2017-03-11T00:31:25: 非记录时间：2017-03-11T00:31:25+08:00
2017-03-11T00:31:35: 非记录时间：2017-03-11T00:31:35+08:00
2017-03-11T00:31:45: 非记录时间：2017-03-11T00:31:45+08:00
2017-03-11T00:31:55: 非记录时间：2017-03-11T00:31:55+08:00
2017-03-11T00:32:05: 非记录时间：2017-03-11T00:32:05+08:00
2017-03-11T00:32:15: 非记录时间：2017-03-11T00:32:15+08:00
2017-03-11T00:32:25: 非记录时间：2017-03-11T00:32:25+08:00
2017-03-11T00:32:35: 非记录时间：2017-03-11T00:32:35+08:00
2017-03-11T00:32:45: 非记录时间：2017-03-11T00:32:45+08:00
2017-03-11T00:32:55: 非记录时间：2017-03-11T00:32:55+08:00
2017-03-11T00:33:05: 非记录时间：2017-03-11T00:33:05+08:00
2017-03-11T00:33:15: 非记录时间：2017-03-11T00:33:15+08:00
2017-03-11T00:33:25: 非记录时间：2017-03-11T00:33:25+08:00
2017-03-11T00:33:35: 非记录时间：2017-03-11T00:33:35+08:00
2017-03-11T00:33:45: 非记录时间：2017-03-11T00:33:45+08:00
2017-03-11T00:33:55: 非记录时间：2017-03-11T00:33:55+08:00
2017-03-11T00:34:05: 非记录时间：2017-03-11T00:34:05+08:00
2017-03-11T00:34:15: 非记录时间：2017-03-11T00:34:15+08:00
2017-03-11T00:34:25: 非记录时间：2017-03-11T00:34:25+08:00
2017-03-11T00:34:35: 非记录时间：2017-03-11T00:34:35+08:00
2017-03-11T00:34:45: 非记录时间：2017-03-11T00:34:45+08:00
2017-03-11T00:34:55: 非记录时间：2017-03-11T00:34:55+08:00
2017-03-11T00:35:05: 非记录时间：2017-03-11T00:35:05+08:00
2017-03-11T00:35:15: 非记录时间：2017-03-11T00:35:15+08:00
2017-03-11T00:35:25: 非记录时间：2017-03-11T00:35:25+08:00
2017-03-11T00:35:35: 非记录时间：2017-03-11T00:35:35+08:00
2017-03-11T00:35:45: 非记录时间：2017-03-11T00:35:45+08:00
2017-03-11T00:35:55: 非记录时间：2017-03-11T00:35:55+08:00
2017-03-11T00:36:05: 非记录时间：2017-03-11T00:36:05+08:00
2017-03-11T00:36:15: 非记录时间：2017-03-11T00:36:15+08:00
2017-03-11T00:36:25: 非记录时间：2017-03-11T00:36:25+08:00
2017-03-11T00:36:35: 非记录时间：2017-03-11T00:36:35+08:00
2017-03-11T00:36:45: 非记录时间：2017-03-11T00:36:45+08:00
2017-03-11T00:36:55: 非记录时间：2017-03-11T00:36:55+08:00
2017-03-11T00:37:05: 非记录时间：2017-03-11T00:37:05+08:00
2017-03-11T00:37:15: 非记录时间：2017-03-11T00:37:15+08:00
2017-03-11T00:37:25: 非记录时间：2017-03-11T00:37:25+08:00
2017-03-11T00:37:35: 非记录时间：2017-03-11T00:37:35+08:00
2017-03-11T00:37:45: 非记录时间：2017-03-11T00:37:45+08:00
2017-03-11T00:37:55: 非记录时间：2017-03-11T00:37:55+08:00
2017-03-11T00:38:05: 非记录时间：2017-03-11T00:38:05+08:00
2017-03-11T00:38:15: 非记录时间：2017-03-11T00:38:15+08:00
2017-03-11T00:38:25: 非记录时间：2017-03-11T00:38:25+08:00
2017-03-11T00:38:35: 非记录时间：2017-03-11T00:38:35+08:00
2017-03-11T00:38:45: 非记录时间：2017-03-11T00:38:45+08:00
2017-03-11T00:38:55: 非记录时间：2017-03-11T00:38:55+08:00
2017-03-11T00:39:05: 非记录时间：2017-03-11T00:39:05+08:00
2017-03-11T00:39:15: 非记录时间：2017-03-11T00:39:15+08:00
2017-03-11T00:39:25: 非记录时间：2017-03-11T00:39:25+08:00
2017-03-11T00:39:35: 非记录时间：2017-03-11T00:39:35+08:00
2017-03-11T00:39:45: 非记录时间：2017-03-11T00:39:45+08:00
2017-03-11T00:39:56: 非记录时间：2017-03-11T00:39:56+08:00
2017-03-11T00:40:06: 非记录时间：2017-03-11T00:40:06+08:00
2017-03-11T00:40:16: 非记录时间：2017-03-11T00:40:16+08:00
2017-03-11T00:40:26: 非记录时间：2017-03-11T00:40:26+08:00
2017-03-11T00:40:36: 非记录时间：2017-03-11T00:40:36+08:00
2017-03-11T00:40:46: 非记录时间：2017-03-11T00:40:46+08:00
2017-03-11T00:40:56: 非记录时间：2017-03-11T00:40:56+08:00
2017-03-11T00:41:06: 非记录时间：2017-03-11T00:41:06+08:00
2017-03-11T00:41:16: 非记录时间：2017-03-11T00:41:16+08:00
2017-03-11T00:41:26: 非记录时间：2017-03-11T00:41:26+08:00
2017-03-11T00:41:36: 非记录时间：2017-03-11T00:41:36+08:00
2017-03-11T00:41:46: 非记录时间：2017-03-11T00:41:46+08:00
2017-03-11T00:41:56: 非记录时间：2017-03-11T00:41:56+08:00
2017-03-11T00:42:06: 非记录时间：2017-03-11T00:42:06+08:00
2017-03-11T00:42:16: 非记录时间：2017-03-11T00:42:16+08:00
2017-03-11T00:42:26: 非记录时间：2017-03-11T00:42:26+08:00
2017-03-11T00:42:36: 非记录时间：2017-03-11T00:42:36+08:00
2017-03-11T00:42:46: 非记录时间：2017-03-11T00:42:46+08:00
2017-03-11T00:42:56: 非记录时间：2017-03-11T00:42:56+08:00
2017-03-11T00:43:06: 非记录时间：2017-03-11T00:43:06+08:00
2017-03-11T00:43:16: 非记录时间：2017-03-11T00:43:16+08:00
2017-03-11T00:43:26: 非记录时间：2017-03-11T00:43:26+08:00
2017-03-11T00:43:36: 非记录时间：2017-03-11T00:43:36+08:00
2017-03-11T00:43:46: 非记录时间：2017-03-11T00:43:46+08:00
2017-03-11T00:43:56: 非记录时间：2017-03-11T00:43:56+08:00
2017-03-11T00:44:06: 非记录时间：2017-03-11T00:44:06+08:00
2017-03-11T00:44:16: 非记录时间：2017-03-11T00:44:16+08:00
2017-03-11T00:44:26: 非记录时间：2017-03-11T00:44:26+08:00
2017-03-11T00:44:36: 非记录时间：2017-03-11T00:44:36+08:00
2017-03-11T00:44:46: 非记录时间：2017-03-11T00:44:46+08:00
2017-03-11T00:44:56: 非记录时间：2017-03-11T00:44:56+08:00
2017-03-11T00:45:06: 非记录时间：2017-03-11T00:45:06+08:00
2017-03-11T00:45:16: 非记录时间：2017-03-11T00:45:16+08:00
2017-03-11T00:45:26: 非记录时间：2017-03-11T00:45:26+08:00
2017-03-11T00:45:36: 非记录时间：2017-03-11T00:45:36+08:00
2017-03-11T00:45:46: 非记录时间：2017-03-11T00:45:46+08:00
2017-03-11T00:45:56: 非记录时间：2017-03-11T00:45:56+08:00
2017-03-11T00:46:06: 非记录时间：2017-03-11T00:46:06+08:00
2017-03-11T00:46:16: 非记录时间：2017-03-11T00:46:16+08:00
2017-03-11T00:46:26: 非记录时间：2017-03-11T00:46:26+08:00
2017-03-11T00:46:36: 非记录时间：2017-03-11T00:46:36+08:00
2017-03-11T00:46:46: 非记录时间：2017-03-11T00:46:46+08:00
2017-03-11T00:46:56: 非记录时间：2017-03-11T00:46:56+08:00
2017-03-11T00:47:06: 非记录时间：2017-03-11T00:47:06+08:00
2017-03-11T00:47:16: 非记录时间：2017-03-11T00:47:16+08:00
2017-03-11T00:47:26: 非记录时间：2017-03-11T00:47:26+08:00
2017-03-11T00:47:36: 非记录时间：2017-03-11T00:47:36+08:00
2017-03-11T00:47:46: 非记录时间：2017-03-11T00:47:46+08:00
2017-03-11T00:47:56: 非记录时间：2017-03-11T00:47:56+08:00
2017-03-11T00:48:06: 非记录时间：2017-03-11T00:48:06+08:00
2017-03-11T00:48:16: 非记录时间：2017-03-11T00:48:16+08:00
2017-03-11T00:48:26: 非记录时间：2017-03-11T00:48:26+08:00
2017-03-11T00:48:36: 非记录时间：2017-03-11T00:48:36+08:00
2017-03-11T00:48:46: 非记录时间：2017-03-11T00:48:46+08:00
2017-03-11T00:48:56: 非记录时间：2017-03-11T00:48:56+08:00
2017-03-11T00:49:06: 非记录时间：2017-03-11T00:49:06+08:00
2017-03-11T00:49:16: 非记录时间：2017-03-11T00:49:16+08:00
2017-03-11T00:49:26: 非记录时间：2017-03-11T00:49:26+08:00
2017-03-11T00:49:36: 非记录时间：2017-03-11T00:49:36+08:00
2017-03-11T00:49:46: 非记录时间：2017-03-11T00:49:46+08:00
2017-03-11T00:49:56: 非记录时间：2017-03-11T00:49:56+08:00
2017-03-11T00:50:06: 非记录时间：2017-03-11T00:50:06+08:00
2017-03-11T00:50:16: 非记录时间：2017-03-11T00:50:16+08:00
2017-03-11T00:50:26: 非记录时间：2017-03-11T00:50:26+08:00
2017-03-11T00:50:36: 非记录时间：2017-03-11T00:50:36+08:00
2017-03-11T00:50:46: 非记录时间：2017-03-11T00:50:46+08:00
2017-03-11T00:50:56: 非记录时间：2017-03-11T00:50:56+08:00
2017-03-11T00:51:06: 非记录时间：2017-03-11T00:51:06+08:00
2017-03-11T00:51:16: 非记录时间：2017-03-11T00:51:16+08:00
2017-03-11T00:51:26: 非记录时间：2017-03-11T00:51:26+08:00
2017-03-11T00:51:36: 非记录时间：2017-03-11T00:51:36+08:00
2017-03-11T00:51:46: 非记录时间：2017-03-11T00:51:46+08:00
2017-03-11T00:51:56: 非记录时间：2017-03-11T00:51:56+08:00
2017-03-11T00:52:06: 非记录时间：2017-03-11T00:52:06+08:00
2017-03-11T00:52:16: 非记录时间：2017-03-11T00:52:16+08:00
2017-03-11T00:52:26: 非记录时间：2017-03-11T00:52:26+08:00
2017-03-11T00:52:36: 非记录时间：2017-03-11T00:52:36+08:00
2017-03-11T00:52:46: 非记录时间：2017-03-11T00:52:46+08:00
2017-03-11T00:52:56: 非记录时间：2017-03-11T00:52:56+08:00
2017-03-11T00:53:06: 非记录时间：2017-03-11T00:53:06+08:00
2017-03-11T00:53:16: 非记录时间：2017-03-11T00:53:16+08:00
2017-03-11T00:53:26: 非记录时间：2017-03-11T00:53:26+08:00
2017-03-11T00:53:36: 非记录时间：2017-03-11T00:53:36+08:00
2017-03-11T00:53:46: 非记录时间：2017-03-11T00:53:46+08:00
2017-03-11T00:53:56: 非记录时间：2017-03-11T00:53:56+08:00
2017-03-11T00:54:06: 非记录时间：2017-03-11T00:54:06+08:00
2017-03-11T00:54:16: 非记录时间：2017-03-11T00:54:16+08:00
2017-03-11T00:54:26: 非记录时间：2017-03-11T00:54:26+08:00
2017-03-11T00:54:36: 非记录时间：2017-03-11T00:54:36+08:00
2017-03-11T00:54:46: 非记录时间：2017-03-11T00:54:46+08:00
2017-03-11T00:54:56: 非记录时间：2017-03-11T00:54:56+08:00
2017-03-11T00:55:06: 非记录时间：2017-03-11T00:55:06+08:00
2017-03-11T00:55:16: 非记录时间：2017-03-11T00:55:16+08:00
2017-03-11T00:55:26: 非记录时间：2017-03-11T00:55:26+08:00
2017-03-11T00:55:36: 非记录时间：2017-03-11T00:55:36+08:00
2017-03-11T00:55:46: 非记录时间：2017-03-11T00:55:46+08:00
2017-03-11T00:55:56: 非记录时间：2017-03-11T00:55:56+08:00
2017-03-11T00:56:06: 非记录时间：2017-03-11T00:56:06+08:00
2017-03-11T00:56:16: 非记录时间：2017-03-11T00:56:16+08:00
2017-03-11T00:56:26: 非记录时间：2017-03-11T00:56:26+08:00
2017-03-11T00:56:36: 非记录时间：2017-03-11T00:56:36+08:00
2017-03-11T00:56:46: 非记录时间：2017-03-11T00:56:46+08:00
2017-03-11T00:56:56: 非记录时间：2017-03-11T00:56:56+08:00
2017-03-11T00:57:06: 非记录时间：2017-03-11T00:57:06+08:00
2017-03-11T00:57:16: 非记录时间：2017-03-11T00:57:16+08:00
2017-03-11T00:57:26: 非记录时间：2017-03-11T00:57:26+08:00
2017-03-11T00:57:36: 非记录时间：2017-03-11T00:57:36+08:00
2017-03-11T00:57:46: 非记录时间：2017-03-11T00:57:46+08:00
2017-03-11T00:57:56: 非记录时间：2017-03-11T00:57:56+08:00
2017-03-11T00:58:06: 非记录时间：2017-03-11T00:58:06+08:00
2017-03-11T00:58:16: 非记录时间：2017-03-11T00:58:16+08:00
2017-03-11T00:58:26: 非记录时间：2017-03-11T00:58:26+08:00
2017-03-11T00:58:36: 非记录时间：2017-03-11T00:58:36+08:00
2017-03-11T00:58:46: 非记录时间：2017-03-11T00:58:46+08:00
2017-03-11T00:58:56: 非记录时间：2017-03-11T00:58:56+08:00
2017-03-11T00:59:06: 非记录时间：2017-03-11T00:59:06+08:00
2017-03-11T00:59:16: 非记录时间：2017-03-11T00:59:16+08:00
2017-03-11T00:59:26: 非记录时间：2017-03-11T00:59:26+08:00
2017-03-11T00:59:36: 非记录时间：2017-03-11T00:59:36+08:00
2017-03-11T00:59:46: 非记录时间：2017-03-11T00:59:46+08:00
2017-03-11T00:59:56: 非记录时间：2017-03-11T00:59:56+08:00
2017-03-11T01:00:06: 非记录时间：2017-03-11T01:00:06+08:00
2017-03-11T01:00:16: 非记录时间：2017-03-11T01:00:16+08:00
2017-03-11T01:00:26: 非记录时间：2017-03-11T01:00:26+08:00
2017-03-11T01:00:36: 非记录时间：2017-03-11T01:00:36+08:00
2017-03-11T01:00:46: 非记录时间：2017-03-11T01:00:46+08:00
2017-03-11T01:00:56: 非记录时间：2017-03-11T01:00:56+08:00
2017-03-11T01:01:06: 非记录时间：2017-03-11T01:01:06+08:00
2017-03-11T01:01:16: 非记录时间：2017-03-11T01:01:16+08:00
2017-03-11T01:01:26: 非记录时间：2017-03-11T01:01:26+08:00
2017-03-11T01:01:36: 非记录时间：2017-03-11T01:01:36+08:00
2017-03-11T01:01:46: 非记录时间：2017-03-11T01:01:46+08:00
2017-03-11T01:01:56: 非记录时间：2017-03-11T01:01:56+08:00
2017-03-11T01:02:06: 非记录时间：2017-03-11T01:02:06+08:00
2017-03-11T01:02:16: 非记录时间：2017-03-11T01:02:16+08:00
2017-03-11T01:02:26: 非记录时间：2017-03-11T01:02:26+08:00
2017-03-11T01:02:36: 非记录时间：2017-03-11T01:02:36+08:00
2017-03-11T01:02:46: 非记录时间：2017-03-11T01:02:46+08:00
2017-03-11T01:02:56: 非记录时间：2017-03-11T01:02:56+08:00
2017-03-11T01:03:06: 非记录时间：2017-03-11T01:03:06+08:00
2017-03-11T01:03:16: 非记录时间：2017-03-11T01:03:16+08:00
2017-03-11T01:03:26: 非记录时间：2017-03-11T01:03:26+08:00
2017-03-11T01:03:36: 非记录时间：2017-03-11T01:03:36+08:00
2017-03-11T01:03:46: 非记录时间：2017-03-11T01:03:46+08:00
2017-03-11T01:03:56: 非记录时间：2017-03-11T01:03:56+08:00
2017-03-11T01:04:06: 非记录时间：2017-03-11T01:04:06+08:00
2017-03-11T01:04:16: 非记录时间：2017-03-11T01:04:16+08:00
2017-03-11T01:04:26: 非记录时间：2017-03-11T01:04:26+08:00
2017-03-11T01:04:36: 非记录时间：2017-03-11T01:04:36+08:00
2017-03-11T01:04:46: 非记录时间：2017-03-11T01:04:46+08:00
2017-03-11T01:04:56: 非记录时间：2017-03-11T01:04:56+08:00
2017-03-11T01:05:06: 非记录时间：2017-03-11T01:05:06+08:00
2017-03-11T01:05:16: 非记录时间：2017-03-11T01:05:16+08:00
2017-03-11T01:05:26: 非记录时间：2017-03-11T01:05:26+08:00
2017-03-11T01:05:36: 非记录时间：2017-03-11T01:05:36+08:00
2017-03-11T01:05:46: 非记录时间：2017-03-11T01:05:46+08:00
2017-03-11T01:05:56: 非记录时间：2017-03-11T01:05:56+08:00
2017-03-11T01:06:06: 非记录时间：2017-03-11T01:06:06+08:00
2017-03-11T01:06:16: 非记录时间：2017-03-11T01:06:16+08:00
2017-03-11T01:06:26: 非记录时间：2017-03-11T01:06:26+08:00
2017-03-11T01:06:36: 非记录时间：2017-03-11T01:06:36+08:00
2017-03-11T01:06:46: 非记录时间：2017-03-11T01:06:46+08:00
2017-03-11T01:06:56: 非记录时间：2017-03-11T01:06:56+08:00
2017-03-11T01:07:06: 非记录时间：2017-03-11T01:07:06+08:00
2017-03-11T01:07:16: 非记录时间：2017-03-11T01:07:16+08:00
2017-03-11T01:07:26: 非记录时间：2017-03-11T01:07:26+08:00
2017-03-11T01:07:36: 非记录时间：2017-03-11T01:07:36+08:00
2017-03-11T01:07:46: 非记录时间：2017-03-11T01:07:46+08:00
2017-03-11T01:07:56: 非记录时间：2017-03-11T01:07:56+08:00
2017-03-11T01:08:06: 非记录时间：2017-03-11T01:08:06+08:00
2017-03-11T01:08:16: 非记录时间：2017-03-11T01:08:16+08:00
2017-03-11T01:08:26: 非记录时间：2017-03-11T01:08:26+08:00
2017-03-11T01:08:36: 非记录时间：2017-03-11T01:08:36+08:00
2017-03-11T01:08:46: 非记录时间：2017-03-11T01:08:46+08:00
2017-03-11T01:08:56: 非记录时间：2017-03-11T01:08:56+08:00
2017-03-11T01:09:06: 非记录时间：2017-03-11T01:09:06+08:00
2017-03-11T01:09:16: 非记录时间：2017-03-11T01:09:16+08:00
2017-03-11T01:09:26: 非记录时间：2017-03-11T01:09:26+08:00
2017-03-11T01:09:36: 非记录时间：2017-03-11T01:09:36+08:00
2017-03-11T01:09:46: 非记录时间：2017-03-11T01:09:46+08:00
2017-03-11T01:09:56: 非记录时间：2017-03-11T01:09:56+08:00
2017-03-11T01:10:06: 非记录时间：2017-03-11T01:10:06+08:00
2017-03-11T01:10:16: 非记录时间：2017-03-11T01:10:16+08:00
2017-03-11T01:10:26: 非记录时间：2017-03-11T01:10:26+08:00
2017-03-11T01:10:36: 非记录时间：2017-03-11T01:10:36+08:00
2017-03-11T01:10:46: 非记录时间：2017-03-11T01:10:46+08:00
2017-03-11T01:10:56: 非记录时间：2017-03-11T01:10:56+08:00
2017-03-11T01:11:07: 读取文件失败，可能是该文件不存在
2017-03-11T01:11:07: Error: ENOENT: no such file or directory, open './data/2017-03-11.json'
2017-03-11T01:11:19: 读取文件成功
2017-03-11T01:11:26: 读取文件成功
2017-03-11T01:11:37: 读取文件成功
2017-03-11T01:11:47: 读取文件成功
2017-03-11T01:11:57: 读取文件成功
2017-03-11T01:12:06: 读取文件成功
2017-03-11T01:12:16: 读取文件成功
2017-03-11T01:12:26: 读取文件成功
2017-03-11T01:12:37: 读取文件成功
2017-03-11T01:12:47: 读取文件成功
2017-03-11T01:12:57: 读取文件成功
2017-03-11T01:13:07: 读取文件成功
2017-03-11T01:13:18: 读取文件成功
2017-03-11T01:13:27: 读取文件成功
2017-03-11T01:13:37: 读取文件成功
2017-03-11T01:13:47: 读取文件成功
2017-03-11T01:13:57: 读取文件成功
2017-03-11T01:14:07: 读取文件成功
2017-03-11T01:14:17: 读取文件成功
2017-03-11T01:14:27: 读取文件成功
2017-03-11T01:14:37: 读取文件成功
2017-03-11T01:14:47: 读取文件成功
2017-03-11T01:14:57: 读取文件成功
2017-03-11T01:15:07: 读取文件成功
2017-03-11T01:15:17: 读取文件成功
2017-03-11T01:15:27: 读取文件成功
2017-03-11T01:15:37: 读取文件成功
2017-03-11T01:15:47: 读取文件成功
2017-03-11T01:15:57: 读取文件成功
2017-03-11T01:16:07: 读取文件成功
2017-03-11T01:16:18: 读取文件成功
2017-03-11T01:16:27: 读取文件成功
2017-03-11T01:16:37: 读取文件成功
2017-03-11T01:16:47: 读取文件成功
2017-03-11T01:16:57: 读取文件成功
2017-03-11T01:17:07: 读取文件成功
2017-03-11T01:17:17: 读取文件成功
2017-03-11T01:17:27: 读取文件成功
2017-03-11T01:17:37: 读取文件成功
2017-03-11T01:17:48: 读取文件成功
2017-03-11T01:17:57: 读取文件成功
2017-03-11T01:18:07: 读取文件成功
2017-03-11T01:18:17: 读取文件成功
2017-03-11T01:18:28: 读取文件成功
2017-03-11T01:18:38: 读取文件成功
2017-03-11T01:18:47: 读取文件成功
2017-03-11T01:18:57: 读取文件成功
2017-03-11T01:19:07: 读取文件成功
2017-03-11T01:19:17: 读取文件成功
2017-03-11T01:19:27: 读取文件成功
2017-03-11T01:19:37: 读取文件成功
2017-03-11T01:19:47: 读取文件成功
2017-03-11T01:19:57: 读取文件成功
2017-03-11T01:20:07: 读取文件成功
2017-03-11T01:20:17: 读取文件成功
2017-03-11T01:20:27: 读取文件成功
2017-03-11T01:20:37: 读取文件成功
2017-03-11T01:20:47: 读取文件成功
2017-03-11T01:20:57: 读取文件成功
2017-03-11T01:21:07: 读取文件成功
2017-03-11T01:21:17: 读取文件成功
2017-03-11T01:21:27: 读取文件成功
2017-03-11T01:21:37: 读取文件成功
2017-03-11T01:21:47: 读取文件成功
2017-03-11T01:21:57: 读取文件成功
2017-03-11T01:22:08: 读取文件成功
2017-03-11T01:22:17: 读取文件成功
2017-03-11T01:22:27: 读取文件成功
2017-03-11T01:22:37: 读取文件成功
2017-03-11T01:22:47: 读取文件成功
2017-03-11T01:22:57: 读取文件成功
2017-03-11T01:23:07: 读取文件成功
2017-03-11T01:23:17: 读取文件成功
2017-03-11T01:23:27: 读取文件成功
2017-03-11T01:23:37: 读取文件成功
2017-03-11T01:23:47: 读取文件成功
2017-03-11T01:23:57: 读取文件成功
2017-03-11T01:24:07: 读取文件成功
2017-03-11T01:24:17: 读取文件成功
2017-03-11T01:24:27: 读取文件成功
2017-03-11T01:24:37: 读取文件成功
2017-03-11T01:24:47: 读取文件成功
2017-03-11T01:24:57: 读取文件成功
2017-03-11T01:25:07: 读取文件成功
2017-03-11T01:25:17: 读取文件成功
2017-03-11T01:25:27: 读取文件成功
2017-03-11T01:25:38: 读取文件成功
2017-03-11T01:25:47: 读取文件成功
2017-03-11T01:25:57: 读取文件成功
2017-03-11T01:26:08: 读取文件成功
2017-03-11T01:26:17: 读取文件成功
2017-03-11T01:26:27: 读取文件成功
2017-03-11T01:26:37: 读取文件成功
2017-03-11T01:26:47: 读取文件成功
2017-03-11T01:26:58: 读取文件成功
2017-03-11T01:27:08: 读取文件成功
2017-03-11T01:27:18: 读取文件成功
2017-03-11T01:27:27: 读取文件成功
2017-03-11T01:27:37: 读取文件成功
2017-03-11T01:27:47: 读取文件成功
2017-03-11T01:27:57: 读取文件成功
2017-03-11T01:28:07: 读取文件成功
2017-03-11T01:28:18: 读取文件成功
2017-03-11T01:28:27: 读取文件成功
2017-03-11T01:28:38: 读取文件成功
2017-03-11T01:28:47: 读取文件成功
2017-03-11T01:28:57: 读取文件成功
2017-03-11T01:29:07: 读取文件成功
2017-03-11T01:29:18: 读取文件成功
2017-03-11T01:29:27: 读取文件成功
2017-03-11T01:29:37: 读取文件成功
2017-03-11T01:29:47: 读取文件成功
2017-03-11T01:29:57: 读取文件成功
2017-03-11T01:30:07: 读取文件成功
2017-03-11T01:30:17: 读取文件成功
2017-03-11T01:30:27: 读取文件成功
2017-03-11T01:30:37: 读取文件成功
2017-03-11T01:30:47: 读取文件成功
2017-03-11T01:30:58: 读取文件成功
2017-03-11T01:31:07: 读取文件成功
2017-03-11T01:31:17: 读取文件成功
2017-03-11T01:31:28: 读取文件成功
2017-03-11T01:31:38: 读取文件成功
2017-03-11T01:31:48: 读取文件成功
2017-03-11T01:31:58: 读取文件成功
2017-03-11T01:32:08: 读取文件成功
2017-03-11T01:32:18: 读取文件成功
2017-03-11T01:32:28: 读取文件成功
2017-03-11T01:32:38: 读取文件成功
2017-03-11T01:32:48: 读取文件成功
2017-03-11T01:32:58: 读取文件成功
2017-03-11T01:33:08: 读取文件成功
2017-03-11T01:33:18: 读取文件成功
2017-03-11T01:33:28: 读取文件成功
2017-03-11T01:33:39: 读取文件成功
2017-03-11T01:33:48: 读取文件成功
2017-03-11T01:33:58: 读取文件成功
2017-03-11T01:34:08: 读取文件成功
2017-03-11T01:34:18: 读取文件成功
2017-03-11T01:34:31: 读取文件成功
2017-03-11T01:34:38: 读取文件成功
2017-03-11T01:34:48: 读取文件成功
2017-03-11T01:34:58: 读取文件成功
2017-03-11T01:35:08: 读取文件成功
2017-03-11T01:35:21: 读取文件成功
2017-03-11T01:35:28: 读取文件成功
2017-03-11T01:35:38: 读取文件成功
2017-03-11T01:35:48: 读取文件成功
2017-03-11T01:35:58: 读取文件成功
2017-03-11T01:36:08: 读取文件成功
2017-03-11T01:36:18: 读取文件成功
2017-03-11T01:36:28: 读取文件成功
2017-03-11T01:36:38: 读取文件成功
2017-03-11T01:36:48: 读取文件成功
2017-03-11T01:36:58: 读取文件成功
2017-03-11T01:37:08: 读取文件成功
2017-03-11T01:37:18: 读取文件成功
2017-03-11T01:37:28: 读取文件成功
2017-03-11T01:37:38: 读取文件成功
2017-03-11T01:37:48: 读取文件成功
2017-03-11T01:37:58: 读取文件成功
2017-03-11T01:38:08: 读取文件成功
2017-03-11T01:38:18: 读取文件成功
2017-03-11T01:38:28: 读取文件成功
2017-03-11T01:38:38: 读取文件成功
2017-03-11T01:38:48: 读取文件成功
2017-03-11T01:38:58: 读取文件成功
2017-03-11T01:39:08: 读取文件成功
2017-03-11T01:39:18: 读取文件成功
2017-03-11T01:39:28: 读取文件成功
2017-03-11T01:39:39: 读取文件成功
2017-03-11T01:39:48: 读取文件成功
2017-03-11T01:39:58: 读取文件成功
2017-03-11T01:40:08: 读取文件成功
2017-03-11T01:40:18: 读取文件成功
2017-03-11T01:40:28: 读取文件成功
2017-03-11T01:40:38: 读取文件成功
2017-03-11T01:40:49: 读取文件成功
2017-03-11T01:40:58: 读取文件成功
2017-03-11T01:41:08: 读取文件成功
2017-03-11T01:41:18: 读取文件成功
2017-03-11T01:41:29: 读取文件成功
2017-03-11T01:41:38: 读取文件成功
2017-03-11T01:41:48: 读取文件成功
2017-03-11T01:41:59: 读取文件成功
2017-03-11T01:42:09: 读取文件成功
2017-03-11T01:42:19: 读取文件成功
2017-03-11T01:42:30: 读取文件成功
2017-03-11T01:42:38: 读取文件成功
2017-03-11T01:42:48: 读取文件成功
2017-03-11T01:42:59: 读取文件成功
2017-03-11T01:43:08: 读取文件成功
2017-03-11T01:43:18: 读取文件成功
2017-03-11T01:43:29: 读取文件成功
2017-03-11T01:43:39: 读取文件成功
2017-03-11T01:43:50: 读取文件成功
2017-03-11T01:44:00: 读取文件成功
2017-03-11T01:44:09: 读取文件成功
2017-03-11T01:44:19: 读取文件成功
2017-03-11T01:44:29: 读取文件成功
2017-03-11T01:44:42: 读取文件成功
2017-03-11T01:44:49: 读取文件成功
2017-03-11T01:44:59: 读取文件成功
2017-03-11T01:45:09: 读取文件成功
2017-03-11T01:45:19: 读取文件成功
2017-03-11T01:45:29: 读取文件成功
2017-03-11T01:45:39: 读取文件成功
2017-03-11T01:45:49: 读取文件成功
2017-03-11T01:45:59: 读取文件成功
2017-03-11T01:46:09: 读取文件成功
2017-03-11T01:46:19: 读取文件成功
2017-03-11T01:46:29: 读取文件成功
2017-03-11T01:46:39: 读取文件成功
2017-03-11T01:46:49: 读取文件成功
2017-03-11T01:46:59: 读取文件成功
2017-03-11T01:47:09: 读取文件成功
2017-03-11T01:47:19: 读取文件成功
2017-03-11T01:47:29: 读取文件成功
2017-03-11T01:47:39: 读取文件成功
2017-03-11T01:47:49: 读取文件成功
2017-03-11T01:48:00: 读取文件成功
2017-03-11T01:48:09: 读取文件成功
2017-03-11T01:48:19: 读取文件成功
2017-03-11T01:48:29: 读取文件成功
2017-03-11T01:48:39: 读取文件成功
2017-03-11T01:48:49: 读取文件成功
2017-03-11T01:48:59: 读取文件成功
2017-03-11T01:49:09: 读取文件成功
2017-03-11T01:49:19: 读取文件成功
2017-03-11T01:49:30: 读取文件成功
2017-03-11T01:49:39: 读取文件成功
2017-03-11T01:49:49: 读取文件成功
2017-03-11T01:49:59: 读取文件成功
2017-03-11T01:50:09: 读取文件成功
2017-03-11T01:50:19: 读取文件成功
2017-03-11T01:50:29: 读取文件成功
2017-03-11T01:50:39: 读取文件成功
2017-03-11T01:50:50: 读取文件成功
2017-03-11T01:50:59: 读取文件成功
2017-03-11T01:51:09: 读取文件成功
2017-03-11T01:51:19: 读取文件成功
2017-03-11T01:51:29: 读取文件成功
2017-03-11T01:51:39: 读取文件成功
2017-03-11T01:51:49: 读取文件成功
2017-03-11T01:51:59: 读取文件成功
2017-03-11T01:52:09: 读取文件成功
2017-03-11T01:52:19: 读取文件成功
2017-03-11T01:52:29: 读取文件成功
2017-03-11T01:52:39: 读取文件成功
2017-03-11T01:52:49: 读取文件成功
2017-03-11T01:52:59: 读取文件成功
2017-03-11T01:53:10: 读取文件成功
2017-03-11T01:53:19: 读取文件成功
2017-03-11T01:53:29: 读取文件成功
2017-03-11T01:53:39: 读取文件成功
2017-03-11T01:53:49: 读取文件成功
2017-03-11T01:53:59: 读取文件成功
2017-03-11T01:54:10: 读取文件成功
2017-03-11T01:54:19: 读取文件成功
2017-03-11T01:54:29: 读取文件成功
2017-03-11T01:54:40: 读取文件成功
2017-03-11T01:54:49: 读取文件成功
2017-03-11T01:54:59: 读取文件成功
2017-03-11T01:55:09: 读取文件成功
2017-03-11T01:55:19: 读取文件成功
2017-03-11T01:55:29: 读取文件成功
2017-03-11T01:55:39: 读取文件成功
2017-03-11T01:55:49: 读取文件成功
2017-03-11T01:55:59: 读取文件成功
2017-03-11T01:56:09: 读取文件成功
2017-03-11T01:56:19: 读取文件成功
2017-03-11T01:56:29: 读取文件成功
2017-03-11T01:56:39: 读取文件成功
2017-03-11T01:56:49: 读取文件成功
2017-03-11T01:57:01: 读取文件成功
2017-03-11T01:57:09: 读取文件成功
2017-03-11T01:57:20: 读取文件成功
2017-03-11T01:57:29: 读取文件成功
2017-03-11T01:57:39: 读取文件成功
2017-03-11T01:57:50: 读取文件成功
2017-03-11T01:57:59: 读取文件成功
2017-03-11T01:58:10: 读取文件成功
2017-03-11T01:58:19: 读取文件成功
2017-03-11T01:58:29: 读取文件成功
2017-03-11T01:58:39: 读取文件成功
2017-03-11T01:58:50: 读取文件成功
2017-03-11T01:58:59: 读取文件成功
2017-03-11T01:59:10: 读取文件成功
2017-03-11T01:59:20: 读取文件成功
2017-03-11T01:59:30: 读取文件成功
2017-03-11T01:59:40: 读取文件成功
2017-03-11T01:59:50: 读取文件成功
2017-03-11T02:00:00: 读取文件成功
2017-03-11T02:00:10: 读取文件成功
2017-03-11T02:00:20: 读取文件成功
2017-03-11T02:00:30: 读取文件成功
2017-03-11T02:00:40: 读取文件成功
2017-03-11T02:00:50: 读取文件成功
2017-03-11T02:01:00: 读取文件成功
2017-03-11T02:01:10: 读取文件成功
2017-03-11T02:01:20: 读取文件成功
2017-03-11T02:01:30: 读取文件成功
2017-03-11T02:01:40: 读取文件成功
2017-03-11T02:01:50: 读取文件成功
2017-03-11T02:02:00: 读取文件成功
2017-03-11T02:02:10: 读取文件成功
2017-03-11T02:02:20: 读取文件成功
2017-03-11T02:02:30: 读取文件成功
2017-03-11T02:02:40: 读取文件成功
2017-03-11T02:02:50: 读取文件成功
2017-03-11T02:03:00: 读取文件成功
2017-03-11T02:03:10: 读取文件成功
2017-03-11T02:03:20: 读取文件成功
2017-03-11T02:03:30: 读取文件成功
2017-03-11T02:03:40: 读取文件成功
2017-03-11T02:03:50: 读取文件成功
2017-03-11T02:04:00: 读取文件成功
2017-03-11T02:04:10: 读取文件成功
2017-03-11T02:04:20: 读取文件成功
2017-03-11T02:04:30: 读取文件成功
2017-03-11T02:04:40: 读取文件成功
2017-03-11T02:04:50: 读取文件成功
2017-03-11T02:05:00: 读取文件成功
2017-03-11T02:05:10: 读取文件成功
2017-03-11T02:05:20: 读取文件成功
2017-03-11T02:05:30: 读取文件成功
2017-03-11T02:05:40: 读取文件成功
2017-03-11T02:05:50: 读取文件成功
2017-03-11T02:06:00: 读取文件成功
2017-03-11T02:06:38: 读取文件成功
2017-03-11T02:06:39: 读取文件成功
2017-03-11T02:06:40: 读取文件成功
2017-03-11T02:06:50: 读取文件成功
2017-03-11T02:06:51: 读取文件成功
2017-03-11T02:07:00: 读取文件成功
2017-03-11T02:07:10: 读取文件成功
2017-03-11T02:07:20: 读取文件成功
2017-03-11T02:07:30: 读取文件成功
2017-03-11T02:07:40: 读取文件成功
2017-03-11T02:07:50: 读取文件成功
2017-03-11T02:08:00: 读取文件成功
2017-03-11T02:08:10: 读取文件成功
2017-03-11T02:08:20: 读取文件成功
2017-03-11T02:08:30: 读取文件成功
2017-03-11T02:08:40: 读取文件成功
2017-03-11T02:08:50: 读取文件成功
2017-03-11T02:09:00: 读取文件成功
2017-03-11T02:09:10: 读取文件成功
2017-03-11T02:09:20: 读取文件成功
2017-03-11T02:09:31: 读取文件成功
2017-03-11T02:09:40: 读取文件成功
2017-03-11T02:09:50: 读取文件成功
2017-03-11T02:10:00: 读取文件成功
2017-03-11T02:10:10: 读取文件成功
2017-03-11T02:10:20: 读取文件成功
2017-03-11T02:10:30: 读取文件成功
2017-03-11T02:10:40: 读取文件成功
2017-03-11T02:10:50: 读取文件成功
2017-03-11T02:11:00: 读取文件成功
2017-03-11T02:11:10: 读取文件成功
2017-03-11T02:11:20: 读取文件成功
2017-03-11T02:11:30: 读取文件成功
2017-03-11T02:11:40: 读取文件成功
2017-03-11T02:11:50: 读取文件成功
2017-03-11T02:12:00: 读取文件成功
2017-03-11T02:12:10: 读取文件成功
2017-03-11T02:12:20: 读取文件成功
2017-03-11T02:12:31: 读取文件成功
2017-03-11T02:12:40: 读取文件成功
2017-03-11T02:12:50: 读取文件成功
2017-03-11T02:13:00: 读取文件成功
2017-03-11T02:13:11: 读取文件成功
2017-03-11T02:13:20: 读取文件成功
2017-03-11T02:13:30: 读取文件成功
2017-03-11T02:13:40: 读取文件成功
2017-03-11T02:13:50: 读取文件成功
2017-03-11T02:14:01: 读取文件成功
2017-03-11T02:14:10: 读取文件成功
2017-03-11T02:14:20: 读取文件成功
2017-03-11T02:14:30: 读取文件成功
2017-03-11T02:14:40: 读取文件成功
2017-03-11T02:14:50: 读取文件成功
2017-03-11T02:15:00: 读取文件成功
2017-03-11T02:15:10: 读取文件成功
2017-03-11T02:15:20: 读取文件成功
2017-03-11T02:15:31: 读取文件成功
2017-03-11T02:15:40: 读取文件成功
2017-03-11T02:15:50: 读取文件成功
2017-03-11T02:16:01: 读取文件成功
2017-03-11T02:16:11: 读取文件成功
2017-03-11T02:16:20: 读取文件成功
2017-03-11T02:16:31: 读取文件成功
2017-03-11T02:16:40: 读取文件成功
2017-03-11T02:16:50: 读取文件成功
2017-03-11T02:17:01: 读取文件成功
2017-03-11T02:17:11: 读取文件成功
2017-03-11T02:17:20: 读取文件成功
2017-03-11T02:17:31: 读取文件成功
2017-03-11T02:17:40: 读取文件成功
2017-03-11T02:17:50: 读取文件成功
2017-03-11T02:18:01: 读取文件成功
2017-03-11T02:18:10: 读取文件成功
2017-03-11T02:18:20: 读取文件成功
2017-03-11T02:18:30: 读取文件成功
2017-03-11T02:18:40: 读取文件成功
2017-03-11T02:18:50: 读取文件成功
2017-03-11T02:19:00: 读取文件成功
2017-03-11T02:19:10: 读取文件成功
2017-03-11T02:19:20: 读取文件成功
2017-03-11T02:19:31: 读取文件成功
2017-03-11T02:19:43: 读取文件成功
2017-03-11T02:19:50: 读取文件成功
2017-03-11T02:20:01: 读取文件成功
2017-03-11T02:20:11: 读取文件成功
2017-03-11T02:20:21: 读取文件成功
2017-03-11T02:20:31: 读取文件成功
2017-03-11T02:20:41: 读取文件成功
2017-03-11T02:20:51: 读取文件成功
2017-03-11T02:21:01: 读取文件成功
2017-03-11T02:21:11: 读取文件成功
2017-03-11T02:21:21: 读取文件成功
2017-03-11T02:21:31: 读取文件成功
2017-03-11T02:21:41: 读取文件成功
2017-03-11T02:21:51: 读取文件成功
2017-03-11T02:22:01: 读取文件成功
2017-03-11T02:22:11: 读取文件成功
2017-03-11T02:22:21: 读取文件成功
2017-03-11T02:22:31: 读取文件成功
2017-03-11T02:22:41: 读取文件成功
2017-03-11T02:22:52: 读取文件成功
2017-03-11T02:23:01: 读取文件成功
2017-03-11T02:23:11: 读取文件成功
2017-03-11T02:23:21: 读取文件成功
2017-03-11T02:23:31: 读取文件成功
2017-03-11T02:23:41: 读取文件成功
2017-03-11T02:23:51: 读取文件成功
2017-03-11T02:24:01: 读取文件成功
2017-03-11T02:24:11: 读取文件成功
2017-03-11T02:24:21: 读取文件成功
2017-03-11T02:24:31: 读取文件成功
2017-03-11T02:24:41: 读取文件成功
2017-03-11T02:24:51: 读取文件成功
2017-03-11T02:25:01: 读取文件成功
2017-03-11T02:25:11: 读取文件成功
2017-03-11T02:25:21: 读取文件成功
2017-03-11T02:25:31: 读取文件成功
2017-03-11T02:25:41: 读取文件成功
2017-03-11T02:25:51: 读取文件成功
2017-03-11T02:26:01: 读取文件成功
2017-03-11T02:26:11: 读取文件成功
2017-03-11T02:26:21: 读取文件成功
2017-03-11T02:26:31: 读取文件成功
2017-03-11T02:26:41: 读取文件成功
2017-03-11T02:26:51: 读取文件成功
2017-03-11T02:27:01: 读取文件成功
2017-03-11T02:27:11: 读取文件成功
2017-03-11T02:27:21: 读取文件成功
2017-03-11T02:27:31: 读取文件成功
2017-03-11T02:27:41: 读取文件成功
2017-03-11T02:27:51: 读取文件成功
2017-03-11T02:28:01: 读取文件成功
2017-03-11T02:28:11: 读取文件成功
2017-03-11T02:28:21: 读取文件成功
2017-03-11T02:28:31: 读取文件成功
2017-03-11T02:28:41: 读取文件成功
2017-03-11T02:28:51: 读取文件成功
2017-03-11T02:29:01: 读取文件成功
2017-03-11T02:29:11: 读取文件成功
2017-03-11T02:29:21: 读取文件成功
2017-03-11T02:29:31: 读取文件成功
2017-03-11T02:29:41: 读取文件成功
2017-03-11T02:29:51: 读取文件成功
2017-03-11T02:30:02: 读取文件成功
2017-03-11T02:30:11: 读取文件成功
2017-03-11T02:30:21: 读取文件成功
2017-03-11T02:30:31: 读取文件成功
2017-03-11T02:30:41: 读取文件成功
2017-03-11T02:30:51: 读取文件成功
2017-03-11T02:31:01: 读取文件成功
2017-03-11T02:31:11: 读取文件成功
2017-03-11T02:31:21: 读取文件成功
2017-03-11T02:31:31: 读取文件成功
2017-03-11T02:31:41: 读取文件成功
2017-03-11T02:31:51: 读取文件成功
2017-03-11T02:32:01: 读取文件成功
2017-03-11T02:32:11: 读取文件成功
2017-03-11T02:32:21: 读取文件成功
2017-03-11T02:32:31: 读取文件成功
2017-03-11T02:32:41: 读取文件成功
2017-03-11T02:32:51: 读取文件成功
2017-03-11T02:33:01: 读取文件成功
2017-03-11T02:33:11: 读取文件成功
2017-03-11T02:33:21: 读取文件成功
2017-03-11T02:33:31: 读取文件成功
2017-03-11T02:33:42: 读取文件成功
2017-03-11T02:33:51: 读取文件成功
2017-03-11T02:34:01: 读取文件成功
2017-03-11T02:34:11: 读取文件成功
2017-03-11T02:34:21: 读取文件成功
2017-03-11T02:34:31: 读取文件成功
2017-03-11T02:34:41: 读取文件成功
2017-03-11T02:34:51: 读取文件成功
2017-03-11T02:35:01: 读取文件成功
2017-03-11T02:35:11: 读取文件成功
2017-03-11T02:35:22: 读取文件成功
2017-03-11T02:35:31: 读取文件成功
2017-03-11T02:35:41: 读取文件成功
2017-03-11T02:35:51: 读取文件成功
2017-03-11T02:36:02: 读取文件成功
2017-03-11T02:36:11: 读取文件成功
2017-03-11T02:36:21: 读取文件成功
2017-03-11T02:36:31: 读取文件成功
2017-03-11T02:36:41: 读取文件成功
2017-03-11T02:36:51: 读取文件成功
2017-03-11T02:37:01: 读取文件成功
2017-03-11T02:37:11: 读取文件成功
2017-03-11T02:37:22: 读取文件成功
2017-03-11T02:37:31: 读取文件成功
2017-03-11T02:37:42: 读取文件成功
2017-03-11T02:37:51: 读取文件成功
2017-03-11T02:38:02: 读取文件成功
2017-03-11T02:38:11: 读取文件成功
2017-03-11T02:38:21: 读取文件成功
2017-03-11T02:38:32: 读取文件成功
2017-03-11T02:38:41: 读取文件成功
2017-03-11T02:38:52: 读取文件成功
2017-03-11T02:39:01: 读取文件成功
2017-03-11T02:39:11: 读取文件成功
2017-03-11T02:39:21: 读取文件成功
2017-03-11T02:39:31: 读取文件成功
2017-03-11T02:39:41: 读取文件成功
2017-03-11T02:39:51: 读取文件成功
2017-03-11T02:40:01: 读取文件成功
2017-03-11T02:40:12: 读取文件成功
2017-03-11T02:40:22: 读取文件成功
2017-03-11T02:40:32: 读取文件成功
2017-03-11T02:40:42: 读取文件成功
2017-03-11T02:40:52: 读取文件成功
2017-03-11T02:41:02: 读取文件成功
2017-03-11T02:41:13: 读取文件成功
2017-03-11T02:41:22: 读取文件成功
2017-03-11T02:41:32: 读取文件成功
2017-03-11T02:41:42: 读取文件成功
2017-03-11T02:41:52: 读取文件成功
2017-03-11T02:42:02: 读取文件成功
2017-03-11T02:42:12: 读取文件成功
2017-03-11T02:42:22: 读取文件成功
2017-03-11T02:42:32: 读取文件成功
2017-03-11T02:42:42: 读取文件成功
2017-03-11T02:42:52: 读取文件成功
2017-03-11T02:43:02: 读取文件成功
2017-03-11T02:43:12: 读取文件成功
2017-03-11T02:43:22: 读取文件成功
2017-03-11T02:43:33: 读取文件成功
2017-03-11T02:43:42: 读取文件成功
2017-03-11T02:43:52: 读取文件成功
2017-03-11T02:44:02: 读取文件成功
2017-03-11T02:44:12: 读取文件成功
2017-03-11T02:44:22: 读取文件成功
2017-03-11T02:44:32: 读取文件成功
2017-03-11T02:44:42: 读取文件成功
2017-03-11T02:44:52: 读取文件成功
2017-03-11T02:45:02: 读取文件成功
2017-03-11T02:45:12: 读取文件成功
2017-03-11T02:45:22: 读取文件成功
2017-03-11T02:45:32: 读取文件成功
2017-03-11T02:45:42: 读取文件成功
2017-03-11T02:45:52: 读取文件成功
2017-03-11T02:46:02: 读取文件成功
2017-03-11T02:46:12: 读取文件成功
2017-03-11T02:46:22: 读取文件成功
2017-03-11T02:46:32: 读取文件成功
2017-03-11T02:46:42: 读取文件成功
2017-03-11T02:46:52: 读取文件成功
2017-03-11T02:47:02: 读取文件成功
2017-03-11T02:47:12: 读取文件成功
2017-03-11T02:47:22: 读取文件成功
2017-03-11T02:47:32: 读取文件成功
2017-03-11T02:47:42: 读取文件成功
2017-03-11T02:47:52: 读取文件成功
2017-03-11T02:48:02: 读取文件成功
2017-03-11T02:48:12: 读取文件成功
2017-03-11T02:48:22: 读取文件成功
2017-03-11T02:48:32: 读取文件成功
2017-03-11T02:48:42: 读取文件成功
2017-03-11T02:48:52: 读取文件成功
2017-03-11T02:49:02: 读取文件成功
2017-03-11T02:49:12: 读取文件成功
2017-03-11T02:49:23: 读取文件成功
2017-03-11T02:49:32: 读取文件成功
2017-03-11T02:49:42: 读取文件成功
2017-03-11T02:49:52: 读取文件成功
2017-03-11T02:50:02: 读取文件成功
2017-03-11T02:50:12: 读取文件成功
2017-03-11T02:50:22: 读取文件成功
2017-03-11T02:50:32: 读取文件成功
2017-03-11T02:50:42: 读取文件成功
2017-03-11T02:50:52: 读取文件成功
2017-03-11T02:51:02: 读取文件成功
2017-03-11T02:51:12: 读取文件成功
2017-03-11T02:51:22: 读取文件成功
2017-03-11T02:51:32: 读取文件成功
2017-03-11T02:51:42: 读取文件成功
2017-03-11T02:51:52: 读取文件成功
2017-03-11T02:52:02: 读取文件成功
2017-03-11T02:52:12: 读取文件成功
2017-03-11T02:52:22: 读取文件成功
2017-03-11T02:52:32: 读取文件成功
2017-03-11T02:52:42: 读取文件成功
2017-03-11T02:52:52: 读取文件成功
2017-03-11T02:53:02: 读取文件成功
2017-03-11T02:53:12: 读取文件成功
2017-03-11T02:53:22: 读取文件成功
2017-03-11T02:53:32: 读取文件成功
2017-03-11T02:53:42: 读取文件成功
2017-03-11T02:53:53: 读取文件成功
2017-03-11T02:54:03: 读取文件成功
2017-03-11T02:54:13: 读取文件成功
2017-03-11T02:54:23: 读取文件成功
2017-03-11T02:54:33: 读取文件成功
2017-03-11T02:54:43: 读取文件成功
2017-03-11T02:54:53: 读取文件成功
2017-03-11T02:55:03: 读取文件成功
2017-03-11T02:55:13: 读取文件成功
2017-03-11T02:55:23: 读取文件成功
2017-03-11T02:55:33: 读取文件成功
2017-03-11T02:55:43: 读取文件成功
2017-03-11T02:55:53: 读取文件成功
2017-03-11T02:56:03: 读取文件成功
2017-03-11T02:56:13: 读取文件成功
2017-03-11T02:56:23: 读取文件成功
2017-03-11T02:56:33: 读取文件成功
2017-03-11T02:56:43: 读取文件成功
2017-03-11T02:56:53: 读取文件成功
2017-03-11T02:57:03: 读取文件成功
2017-03-11T02:57:13: 读取文件成功
2017-03-11T02:57:23: 读取文件成功
2017-03-11T02:57:33: 读取文件成功
2017-03-11T02:57:43: 读取文件成功
2017-03-11T02:57:53: 读取文件成功
2017-03-11T02:58:03: 读取文件成功
2017-03-11T02:58:13: 读取文件成功
2017-03-11T02:58:23: 读取文件成功
2017-03-11T02:58:33: 读取文件成功
2017-03-11T02:58:43: 读取文件成功
2017-03-11T02:58:53: 读取文件成功
2017-03-11T02:59:03: 读取文件成功
2017-03-11T02:59:14: 读取文件成功
2017-03-11T02:59:23: 读取文件成功
2017-03-11T02:59:33: 读取文件成功
2017-03-11T02:59:43: 读取文件成功
2017-03-11T02:59:53: 读取文件成功
2017-03-11T03:00:03: 读取文件成功
2017-03-11T03:00:13: 读取文件成功
2017-03-11T03:00:23: 读取文件成功
2017-03-11T03:00:33: 读取文件成功
2017-03-11T03:00:43: 读取文件成功
2017-03-11T03:00:53: 读取文件成功
2017-03-11T03:01:03: 读取文件成功
2017-03-11T03:01:13: 读取文件成功
2017-03-11T03:01:23: 读取文件成功
2017-03-11T03:01:33: 读取文件成功
2017-03-11T03:01:43: 读取文件成功
2017-03-11T03:01:53: 读取文件成功
2017-03-11T03:02:03: 读取文件成功
2017-03-11T03:02:13: 读取文件成功
2017-03-11T03:02:23: 读取文件成功
2017-03-11T03:02:33: 读取文件成功
2017-03-11T03:02:43: 读取文件成功
2017-03-11T03:02:53: 读取文件成功
2017-03-11T03:03:03: 读取文件成功
2017-03-11T03:03:13: 读取文件成功
2017-03-11T03:03:23: 读取文件成功
2017-03-11T03:03:33: 读取文件成功
2017-03-11T03:03:43: 读取文件成功
2017-03-11T03:03:53: 读取文件成功
2017-03-11T03:04:04: 读取文件成功
2017-03-11T03:04:13: 读取文件成功
2017-03-11T03:04:23: 读取文件成功
2017-03-11T03:04:33: 读取文件成功
2017-03-11T03:04:43: 读取文件成功
2017-03-11T03:04:53: 读取文件成功
2017-03-11T03:05:04: 读取文件成功
2017-03-11T03:05:14: 读取文件成功
2017-03-11T03:05:24: 读取文件成功
2017-03-11T03:05:34: 读取文件成功
2017-03-11T03:05:44: 读取文件成功
2017-03-11T03:05:54: 读取文件成功
2017-03-11T03:06:04: 读取文件成功
2017-03-11T03:06:14: 读取文件成功
2017-03-11T03:06:24: 读取文件成功
2017-03-11T03:06:34: 读取文件成功
2017-03-11T03:06:44: 读取文件成功
2017-03-11T03:06:54: 读取文件成功
2017-03-11T03:07:04: 读取文件成功
2017-03-11T03:07:14: 读取文件成功
2017-03-11T03:07:24: 读取文件成功
2017-03-11T03:07:34: 读取文件成功
2017-03-11T03:07:44: 读取文件成功
2017-03-11T03:07:54: 读取文件成功
2017-03-11T03:08:04: 读取文件成功
2017-03-11T03:08:14: 读取文件成功
2017-03-11T03:08:24: 读取文件成功
2017-03-11T03:08:34: 读取文件成功
2017-03-11T03:08:44: 读取文件成功
2017-03-11T03:08:54: 读取文件成功
2017-03-11T03:09:04: 读取文件成功
2017-03-11T03:09:15: 读取文件成功
2017-03-11T03:09:24: 读取文件成功
2017-03-11T03:09:34: 读取文件成功
2017-03-11T03:09:44: 读取文件成功
2017-03-11T03:09:54: 读取文件成功
2017-03-11T03:10:04: 读取文件成功
2017-03-11T03:10:14: 读取文件成功
2017-03-11T03:10:24: 读取文件成功
2017-03-11T03:10:35: 读取文件成功
2017-03-11T03:10:44: 读取文件成功
2017-03-11T03:10:54: 读取文件成功
2017-03-11T03:11:04: 读取文件成功
2017-03-11T03:11:14: 读取文件成功
2017-03-11T03:11:24: 读取文件成功
2017-03-11T03:11:34: 读取文件成功
2017-03-11T03:11:44: 读取文件成功
2017-03-11T03:11:54: 读取文件成功
2017-03-11T03:12:04: 读取文件成功
2017-03-11T03:12:14: 读取文件成功
2017-03-11T03:12:24: 读取文件成功
2017-03-11T03:12:34: 读取文件成功
2017-03-11T03:12:44: 读取文件成功
2017-03-11T03:12:54: 读取文件成功
2017-03-11T03:13:04: 读取文件成功
2017-03-11T03:13:14: 读取文件成功
2017-03-11T03:13:24: 读取文件成功
2017-03-11T03:13:34: 读取文件成功
2017-03-11T03:13:44: 读取文件成功
2017-03-11T03:13:54: 读取文件成功
2017-03-11T03:14:05: 读取文件成功
2017-03-11T03:14:14: 读取文件成功
2017-03-11T03:14:24: 读取文件成功
2017-03-11T03:14:34: 读取文件成功
2017-03-11T03:14:44: 读取文件成功
2017-03-11T03:14:54: 读取文件成功
2017-03-11T03:15:05: 读取文件成功
2017-03-11T03:15:14: 读取文件成功
2017-03-11T03:15:24: 读取文件成功
2017-03-11T03:15:34: 读取文件成功
2017-03-11T03:15:44: 读取文件成功
2017-03-11T03:15:54: 读取文件成功
2017-03-11T03:16:04: 读取文件成功
2017-03-11T03:16:15: 读取文件成功
2017-03-11T03:16:24: 读取文件成功
2017-03-11T03:16:34: 读取文件成功
2017-03-11T03:16:44: 读取文件成功
2017-03-11T03:16:55: 读取文件成功
2017-03-11T03:17:04: 读取文件成功
2017-03-11T03:17:14: 读取文件成功
2017-03-11T03:17:24: 读取文件成功
2017-03-11T03:17:35: 读取文件成功
2017-03-11T03:17:44: 读取文件成功
2017-03-11T03:17:54: 读取文件成功
2017-03-11T03:18:04: 读取文件成功
2017-03-11T03:18:15: 读取文件成功
2017-03-11T03:18:24: 读取文件成功
2017-03-11T03:18:34: 读取文件成功
2017-03-11T03:18:44: 读取文件成功
2017-03-11T03:18:54: 读取文件成功
2017-03-11T03:19:05: 读取文件成功
2017-03-11T03:19:15: 读取文件成功
2017-03-11T03:19:25: 读取文件成功
2017-03-11T03:19:35: 读取文件成功
2017-03-11T03:19:45: 读取文件成功
2017-03-11T03:19:55: 读取文件成功
2017-03-11T03:20:05: 读取文件成功
2017-03-11T03:20:15: 读取文件成功
2017-03-11T03:20:26: 读取文件成功
2017-03-11T03:20:35: 读取文件成功
2017-03-11T03:20:45: 读取文件成功
2017-03-11T03:20:55: 读取文件成功
2017-03-11T03:21:05: 读取文件成功
2017-03-11T03:21:15: 读取文件成功
2017-03-11T03:21:25: 读取文件成功
2017-03-11T03:21:35: 读取文件成功
2017-03-11T03:21:45: 读取文件成功
2017-03-11T03:21:55: 读取文件成功
2017-03-11T03:22:05: 读取文件成功
2017-03-11T03:22:15: 读取文件成功
2017-03-11T03:22:25: 读取文件成功
2017-03-11T03:22:35: 读取文件成功
2017-03-11T03:22:45: 读取文件成功
2017-03-11T03:22:55: 读取文件成功
2017-03-11T03:23:05: 读取文件成功
2017-03-11T03:23:15: 读取文件成功
2017-03-11T03:23:25: 读取文件成功
2017-03-11T03:23:35: 读取文件成功
2017-03-11T03:23:45: 读取文件成功
2017-03-11T03:23:55: 读取文件成功
2017-03-11T03:24:05: 读取文件成功
2017-03-11T03:24:15: 读取文件成功
2017-03-11T03:24:25: 读取文件成功
2017-03-11T03:24:35: 读取文件成功
2017-03-11T03:24:45: 读取文件成功
2017-03-11T03:24:55: 读取文件成功
2017-03-11T03:25:05: 读取文件成功
2017-03-11T03:25:15: 读取文件成功
2017-03-11T03:25:25: 读取文件成功
2017-03-11T03:25:35: 读取文件成功
2017-03-11T03:25:45: 读取文件成功
2017-03-11T03:25:55: 读取文件成功
2017-03-11T03:26:05: 读取文件成功
2017-03-11T03:26:15: 读取文件成功
2017-03-11T03:26:25: 读取文件成功
2017-03-11T03:26:35: 读取文件成功
2017-03-11T03:26:45: 读取文件成功
2017-03-11T03:26:55: 读取文件成功
2017-03-11T03:27:05: 读取文件成功
2017-03-11T03:27:15: 读取文件成功
2017-03-11T03:27:25: 读取文件成功
2017-03-11T03:27:35: 读取文件成功
2017-03-11T03:27:45: 读取文件成功
2017-03-11T03:27:55: 读取文件成功
2017-03-11T03:28:05: 读取文件成功
2017-03-11T03:28:15: 读取文件成功
2017-03-11T03:28:25: 读取文件成功
2017-03-11T03:28:35: 读取文件成功
2017-03-11T03:28:45: 读取文件成功
2017-03-11T03:28:55: 读取文件成功
2017-03-11T03:29:05: 读取文件成功
2017-03-11T03:29:15: 读取文件成功
2017-03-11T03:29:25: 读取文件成功
2017-03-11T03:29:35: 读取文件成功
2017-03-11T03:29:45: 读取文件成功
2017-03-11T03:29:55: 读取文件成功
2017-03-11T03:30:05: 读取文件成功
2017-03-11T03:30:16: 读取文件成功
2017-03-11T03:30:25: 读取文件成功
2017-03-11T03:30:35: 读取文件成功
2017-03-11T03:30:45: 读取文件成功
2017-03-11T03:30:55: 读取文件成功
2017-03-11T03:31:05: 读取文件成功
2017-03-11T03:31:15: 读取文件成功
2017-03-11T03:31:25: 读取文件成功
2017-03-11T03:31:35: 读取文件成功
2017-03-11T03:31:45: 读取文件成功
2017-03-11T03:31:55: 读取文件成功
2017-03-11T03:32:05: 读取文件成功
2017-03-11T03:32:15: 读取文件成功
2017-03-11T03:32:25: 读取文件成功
2017-03-11T03:32:35: 读取文件成功
2017-03-11T03:32:46: 读取文件成功
2017-03-11T03:32:55: 读取文件成功
2017-03-11T03:33:05: 读取文件成功
2017-03-11T03:33:15: 读取文件成功
2017-03-11T03:33:25: 读取文件成功
2017-03-11T03:33:35: 读取文件成功
2017-03-11T03:33:46: 读取文件成功
2017-03-11T03:33:55: 读取文件成功
2017-03-11T03:34:05: 读取文件成功
2017-03-11T03:34:16: 读取文件成功
2017-03-11T03:34:25: 读取文件成功
2017-03-11T03:34:35: 读取文件成功
2017-03-11T03:34:46: 读取文件成功
2017-03-11T03:34:55: 读取文件成功
2017-03-11T03:35:05: 读取文件成功
2017-03-11T03:35:15: 读取文件成功
2017-03-11T03:35:25: 读取文件成功
2017-03-11T03:35:36: 读取文件成功
2017-03-11T03:35:46: 读取文件成功
2017-03-11T03:35:56: 读取文件成功
2017-03-11T03:36:06: 读取文件成功
2017-03-11T03:36:16: 读取文件成功
2017-03-11T03:36:26: 读取文件成功
2017-03-11T03:36:36: 读取文件成功
2017-03-11T03:36:46: 读取文件成功
2017-03-11T03:36:56: 读取文件成功
2017-03-11T03:37:06: 读取文件成功
2017-03-11T03:37:16: 读取文件成功
2017-03-11T03:37:26: 读取文件成功
2017-03-11T03:37:36: 读取文件成功
2017-03-11T03:37:46: 读取文件成功
2017-03-11T03:37:56: 读取文件成功
2017-03-11T03:38:06: 读取文件成功
2017-03-11T03:38:16: 读取文件成功
2017-03-11T03:38:26: 读取文件成功
2017-03-11T03:38:36: 读取文件成功
2017-03-11T03:38:46: 读取文件成功
2017-03-11T03:38:56: 读取文件成功
2017-03-11T03:39:06: 读取文件成功
2017-03-11T03:39:16: 读取文件成功
2017-03-11T03:39:26: 读取文件成功
2017-03-11T03:39:36: 读取文件成功
2017-03-11T03:39:46: 读取文件成功
2017-03-11T03:39:56: 读取文件成功
2017-03-11T03:40:06: 读取文件成功
2017-03-11T03:40:16: 读取文件成功
2017-03-11T03:40:26: 读取文件成功
2017-03-11T03:40:36: 读取文件成功
2017-03-11T03:40:46: 读取文件成功
2017-03-11T03:40:56: 读取文件成功
2017-03-11T03:41:07: 读取文件成功
2017-03-11T03:41:16: 读取文件成功
2017-03-11T03:41:26: 读取文件成功
2017-03-11T03:41:36: 读取文件成功
2017-03-11T03:41:46: 读取文件成功
2017-03-11T03:41:56: 读取文件成功
2017-03-11T03:42:06: 读取文件成功
2017-03-11T03:42:16: 读取文件成功
2017-03-11T03:42:26: 读取文件成功
2017-03-11T03:42:36: 读取文件成功
2017-03-11T03:42:46: 读取文件成功
2017-03-11T03:42:56: 读取文件成功
2017-03-11T03:43:06: 读取文件成功
2017-03-11T03:43:16: 读取文件成功
2017-03-11T03:43:26: 读取文件成功
2017-03-11T03:43:36: 读取文件成功
2017-03-11T03:43:46: 读取文件成功
2017-03-11T03:43:57: 读取文件成功
2017-03-11T03:44:06: 读取文件成功
2017-03-11T03:44:16: 读取文件成功
2017-03-11T03:44:26: 读取文件成功
2017-03-11T03:44:36: 读取文件成功
2017-03-11T03:44:46: 读取文件成功
2017-03-11T03:44:56: 读取文件成功
2017-03-11T03:45:06: 读取文件成功
2017-03-11T03:45:16: 读取文件成功
2017-03-11T03:45:26: 读取文件成功
2017-03-11T03:45:36: 读取文件成功
2017-03-11T03:45:46: 读取文件成功
2017-03-11T03:45:56: 读取文件成功
2017-03-11T03:46:06: 读取文件成功
2017-03-11T03:46:16: 读取文件成功
2017-03-11T03:46:26: 读取文件成功
2017-03-11T03:46:36: 读取文件成功
2017-03-11T03:46:46: 读取文件成功
2017-03-11T03:46:56: 读取文件成功
2017-03-11T03:47:06: 读取文件成功
2017-03-11T03:47:16: 读取文件成功
2017-03-11T03:47:26: 读取文件成功
2017-03-11T03:48:06: 读取文件成功
2017-03-11T03:48:09: 读取文件成功
2017-03-11T03:48:16: 读取文件成功
2017-03-11T03:48:26: 读取文件成功
2017-03-11T03:48:36: 读取文件成功
2017-03-11T03:48:46: 读取文件成功
2017-03-11T03:48:49: 读取文件成功
2017-03-11T03:48:57: 读取文件成功
2017-03-11T03:49:06: 读取文件成功
2017-03-11T03:49:16: 读取文件成功
2017-03-11T03:49:26: 读取文件成功
2017-03-11T03:49:36: 读取文件成功
2017-03-11T03:49:46: 读取文件成功
2017-03-11T03:49:56: 读取文件成功
2017-03-11T03:50:07: 读取文件成功
2017-03-11T03:50:16: 读取文件成功
2017-03-11T03:50:26: 读取文件成功
2017-03-11T03:50:36: 读取文件成功
2017-03-11T03:50:46: 读取文件成功
2017-03-11T03:50:57: 读取文件成功
2017-03-11T03:51:07: 读取文件成功
2017-03-11T03:51:17: 读取文件成功
2017-03-11T03:51:27: 读取文件成功
2017-03-11T03:51:37: 读取文件成功
2017-03-11T03:51:47: 读取文件成功
2017-03-11T03:51:57: 读取文件成功
2017-03-11T03:52:08: 读取文件成功
2017-03-11T03:52:17: 读取文件成功
2017-03-11T03:52:28: 读取文件成功
2017-03-11T03:52:37: 读取文件成功
2017-03-11T03:52:47: 读取文件成功
2017-03-11T03:52:57: 读取文件成功
2017-03-11T03:53:07: 读取文件成功
2017-03-11T03:53:17: 读取文件成功
2017-03-11T03:53:27: 读取文件成功
2017-03-11T03:53:37: 读取文件成功
2017-03-11T03:53:47: 读取文件成功
2017-03-11T03:53:57: 读取文件成功
2017-03-11T03:54:07: 读取文件成功
2017-03-11T03:54:17: 读取文件成功
2017-03-11T03:54:27: 读取文件成功
2017-03-11T03:54:37: 读取文件成功
2017-03-11T03:54:47: 读取文件成功
2017-03-11T03:54:57: 读取文件成功
2017-03-11T03:55:07: 读取文件成功
2017-03-11T03:55:17: 读取文件成功
2017-03-11T03:55:27: 读取文件成功
2017-03-11T03:55:37: 读取文件成功
2017-03-11T03:55:47: 读取文件成功
2017-03-11T03:55:57: 读取文件成功
2017-03-11T03:56:07: 读取文件成功
2017-03-11T03:56:17: 读取文件成功
2017-03-11T03:56:27: 读取文件成功
2017-03-11T03:56:37: 读取文件成功
2017-03-11T03:56:47: 读取文件成功
2017-03-11T03:56:57: 读取文件成功
2017-03-11T03:57:07: 读取文件成功
2017-03-11T03:57:17: 读取文件成功
2017-03-11T03:57:27: 读取文件成功
2017-03-11T03:57:37: 读取文件成功
2017-03-11T03:57:47: 读取文件成功
2017-03-11T03:57:57: 读取文件成功
2017-03-11T03:58:07: 读取文件成功
2017-03-11T03:58:17: 读取文件成功
2017-03-11T03:58:27: 读取文件成功
2017-03-11T03:58:37: 读取文件成功
2017-03-11T03:58:47: 读取文件成功
2017-03-11T03:58:57: 读取文件成功
2017-03-11T03:59:07: 读取文件成功
2017-03-11T03:59:17: 读取文件成功
2017-03-11T03:59:27: 读取文件成功
2017-03-11T03:59:37: 读取文件成功
2017-03-11T03:59:47: 读取文件成功
2017-03-11T03:59:57: 读取文件成功
2017-03-11T04:00:07: 读取文件成功
2017-03-11T04:00:17: 读取文件成功
2017-03-11T04:00:27: 读取文件成功
2017-03-11T04:00:37: 读取文件成功
2017-03-11T04:00:47: 读取文件成功
2017-03-11T04:00:58: 读取文件成功
2017-03-11T04:01:07: 读取文件成功
2017-03-11T04:01:17: 读取文件成功
2017-03-11T04:01:27: 读取文件成功
2017-03-11T04:01:37: 读取文件成功
2017-03-11T04:01:47: 读取文件成功
2017-03-11T04:01:57: 读取文件成功
2017-03-11T04:02:07: 读取文件成功
2017-03-11T04:02:17: 读取文件成功
2017-03-11T04:02:27: 读取文件成功
2017-03-11T04:02:37: 读取文件成功
2017-03-11T04:02:47: 读取文件成功
2017-03-11T04:02:57: 读取文件成功
2017-03-11T04:03:08: 读取文件成功
2017-03-11T04:03:17: 读取文件成功
2017-03-11T04:03:27: 读取文件成功
2017-03-11T04:03:37: 读取文件成功
2017-03-11T04:03:47: 读取文件成功
2017-03-11T04:03:58: 读取文件成功
2017-03-11T04:04:07: 读取文件成功
2017-03-11T04:04:17: 读取文件成功
2017-03-11T04:04:27: 读取文件成功
2017-03-11T04:04:37: 读取文件成功
2017-03-11T04:04:48: 读取文件成功
2017-03-11T04:04:58: 读取文件成功
2017-03-11T04:05:08: 读取文件成功
2017-03-11T04:05:18: 读取文件成功
2017-03-11T04:05:28: 读取文件成功
2017-03-11T04:05:38: 读取文件成功
2017-03-11T04:05:48: 读取文件成功
2017-03-11T04:05:58: 读取文件成功
2017-03-11T04:06:08: 读取文件成功
2017-03-11T04:06:18: 读取文件成功
2017-03-11T04:06:28: 读取文件成功
2017-03-11T04:06:38: 读取文件成功
2017-03-11T04:06:48: 读取文件成功
2017-03-11T04:06:58: 读取文件成功
2017-03-11T04:07:08: 读取文件成功
2017-03-11T04:07:18: 读取文件成功
2017-03-11T04:07:28: 读取文件成功
2017-03-11T04:07:38: 读取文件成功
2017-03-11T04:07:48: 读取文件成功
2017-03-11T04:07:58: 读取文件成功
2017-03-11T04:08:08: 读取文件成功
2017-03-11T04:08:18: 读取文件成功
2017-03-11T04:08:28: 读取文件成功
2017-03-11T04:08:38: 读取文件成功
2017-03-11T04:08:48: 读取文件成功
2017-03-11T04:08:59: 读取文件成功
2017-03-11T04:09:08: 读取文件成功
2017-03-11T04:09:18: 读取文件成功
2017-03-11T04:09:28: 读取文件成功
2017-03-11T04:09:38: 读取文件成功
2017-03-11T04:09:48: 读取文件成功
2017-03-11T04:09:58: 读取文件成功
2017-03-11T04:10:08: 读取文件成功
2017-03-11T04:10:18: 读取文件成功
2017-03-11T04:10:28: 读取文件成功
2017-03-11T04:10:38: 读取文件成功
2017-03-11T04:10:48: 读取文件成功
2017-03-11T04:10:58: 读取文件成功
2017-03-11T04:11:08: 读取文件成功
2017-03-11T04:11:18: 读取文件成功
2017-03-11T04:11:28: 读取文件成功
2017-03-11T04:11:38: 读取文件成功
2017-03-11T04:11:48: 读取文件成功
2017-03-11T04:11:58: 读取文件成功
2017-03-11T04:12:08: 读取文件成功
2017-03-11T04:12:18: 读取文件成功
2017-03-11T04:12:29: 读取文件成功
2017-03-11T04:12:38: 读取文件成功
2017-03-11T04:12:48: 读取文件成功
2017-03-11T04:12:58: 读取文件成功
2017-03-11T04:13:08: 读取文件成功
2017-03-11T04:13:18: 读取文件成功
2017-03-11T04:13:28: 读取文件成功
2017-03-11T04:13:39: 读取文件成功
2017-03-11T04:13:49: 读取文件成功
2017-03-11T04:13:58: 读取文件成功
2017-03-11T04:14:08: 读取文件成功
2017-03-11T04:14:18: 读取文件成功
2017-03-11T04:14:28: 读取文件成功
2017-03-11T04:14:38: 读取文件成功
2017-03-11T04:14:49: 读取文件成功
2017-03-11T04:14:58: 读取文件成功
2017-03-11T04:15:08: 读取文件成功
2017-03-11T04:15:18: 读取文件成功
2017-03-11T04:15:29: 读取文件成功
2017-03-11T04:15:38: 读取文件成功
2017-03-11T04:15:48: 读取文件成功
2017-03-11T04:15:58: 读取文件成功
2017-03-11T04:16:08: 读取文件成功
2017-03-11T04:16:18: 读取文件成功
2017-03-11T04:16:28: 读取文件成功
2017-03-11T04:16:38: 读取文件成功
2017-03-11T04:16:48: 读取文件成功
2017-03-11T04:16:58: 读取文件成功
2017-03-11T04:17:08: 读取文件成功
2017-03-11T04:17:18: 读取文件成功
2017-03-11T04:17:29: 读取文件成功
2017-03-11T04:17:39: 读取文件成功
2017-03-11T04:17:49: 读取文件成功
2017-03-11T04:17:59: 读取文件成功
2017-03-11T04:18:09: 读取文件成功
2017-03-11T04:18:19: 读取文件成功
2017-03-11T04:18:29: 读取文件成功
2017-03-11T04:18:39: 读取文件成功
2017-03-11T04:18:49: 读取文件成功
2017-03-11T04:18:59: 读取文件成功
2017-03-11T04:19:09: 读取文件成功
2017-03-11T04:19:19: 读取文件成功
2017-03-11T04:19:29: 读取文件成功
2017-03-11T04:19:39: 读取文件成功
2017-03-11T04:19:49: 读取文件成功
2017-03-11T04:19:59: 读取文件成功
2017-03-11T04:20:09: 读取文件成功
2017-03-11T04:20:19: 读取文件成功
2017-03-11T04:20:29: 读取文件成功
2017-03-11T04:20:39: 读取文件成功
2017-03-11T04:20:49: 读取文件成功
2017-03-11T04:20:59: 读取文件成功
2017-03-11T04:21:09: 读取文件成功
2017-03-11T04:21:19: 读取文件成功
2017-03-11T04:21:29: 读取文件成功
2017-03-11T04:21:39: 读取文件成功
2017-03-11T04:21:49: 读取文件成功
2017-03-11T04:21:59: 读取文件成功
2017-03-11T04:22:09: 读取文件成功
2017-03-11T04:22:19: 读取文件成功
2017-03-11T04:22:29: 读取文件成功
2017-03-11T04:22:39: 读取文件成功
2017-03-11T04:22:49: 读取文件成功
2017-03-11T04:22:59: 读取文件成功
2017-03-11T04:23:09: 读取文件成功
2017-03-11T04:23:19: 读取文件成功
2017-03-11T04:23:29: 读取文件成功
2017-03-11T04:23:39: 读取文件成功
2017-03-11T04:23:49: 读取文件成功
2017-03-11T04:23:59: 读取文件成功
2017-03-11T04:24:09: 读取文件成功
2017-03-11T04:24:19: 读取文件成功
2017-03-11T04:24:29: 读取文件成功
2017-03-11T04:24:39: 读取文件成功
2017-03-11T04:24:49: 读取文件成功
2017-03-11T04:24:59: 读取文件成功
2017-03-11T04:25:09: 读取文件成功
2017-03-11T04:25:19: 读取文件成功
2017-03-11T04:25:29: 读取文件成功
2017-03-11T04:25:39: 读取文件成功
2017-03-11T04:25:49: 读取文件成功
2017-03-11T04:25:59: 读取文件成功
2017-03-11T04:26:09: 读取文件成功
2017-03-11T04:26:19: 读取文件成功
2017-03-11T04:26:29: 读取文件成功
2017-03-11T04:26:39: 读取文件成功
2017-03-11T04:26:49: 读取文件成功
2017-03-11T04:26:59: 读取文件成功
2017-03-11T04:27:09: 读取文件成功
2017-03-11T04:27:19: 读取文件成功
2017-03-11T04:27:29: 读取文件成功
2017-03-11T04:27:39: 读取文件成功
2017-03-11T04:27:49: 读取文件成功
2017-03-11T04:27:59: 读取文件成功
2017-03-11T04:28:09: 读取文件成功
2017-03-11T04:28:19: 读取文件成功
2017-03-11T04:28:29: 读取文件成功
2017-03-11T04:28:39: 读取文件成功
2017-03-11T04:28:49: 读取文件成功
2017-03-11T04:28:59: 读取文件成功
2017-03-11T04:29:09: 读取文件成功
2017-03-11T04:29:19: 读取文件成功
2017-03-11T04:29:29: 读取文件成功
2017-03-11T04:29:39: 读取文件成功
2017-03-11T04:29:50: 读取文件成功
2017-03-11T04:29:59: 读取文件成功
2017-03-11T04:30:09: 读取文件成功
2017-03-11T04:30:19: 读取文件成功
2017-03-11T04:30:29: 读取文件成功
2017-03-11T04:30:39: 读取文件成功
2017-03-11T04:30:49: 读取文件成功
2017-03-11T04:31:00: 读取文件成功
2017-03-11T04:31:09: 读取文件成功
2017-03-11T04:31:19: 读取文件成功
2017-03-11T04:31:30: 读取文件成功
2017-03-11T04:31:40: 读取文件成功
2017-03-11T04:31:50: 读取文件成功
2017-03-11T04:32:00: 读取文件成功
2017-03-11T04:32:10: 读取文件成功
2017-03-11T04:32:20: 读取文件成功
2017-03-11T04:32:30: 读取文件成功
2017-03-11T04:32:40: 读取文件成功
2017-03-11T04:32:50: 读取文件成功
2017-03-11T04:33:00: 读取文件成功
2017-03-11T04:33:10: 读取文件成功
2017-03-11T04:33:20: 读取文件成功
2017-03-11T04:33:30: 读取文件成功
2017-03-11T04:33:40: 读取文件成功
2017-03-11T04:33:50: 读取文件成功
2017-03-11T04:34:00: 读取文件成功
2017-03-11T04:34:10: 读取文件成功
2017-03-11T04:34:20: 读取文件成功
2017-03-11T04:34:30: 读取文件成功
2017-03-11T04:34:40: 读取文件成功
2017-03-11T04:34:50: 读取文件成功
2017-03-11T04:35:00: 读取文件成功
2017-03-11T04:35:10: 读取文件成功
2017-03-11T04:35:20: 读取文件成功
2017-03-11T04:35:30: 读取文件成功
2017-03-11T04:35:40: 读取文件成功
2017-03-11T04:35:50: 读取文件成功
2017-03-11T04:36:00: 读取文件成功
2017-03-11T04:36:10: 读取文件成功
2017-03-11T04:36:20: 读取文件成功
2017-03-11T04:36:30: 读取文件成功
2017-03-11T04:36:40: 读取文件成功
2017-03-11T04:36:50: 读取文件成功
2017-03-11T04:37:00: 读取文件成功
2017-03-11T04:37:11: 读取文件成功
2017-03-11T04:37:20: 读取文件成功
2017-03-11T04:37:30: 读取文件成功
2017-03-11T04:37:40: 读取文件成功
2017-03-11T04:37:50: 读取文件成功
2017-03-11T04:38:00: 读取文件成功
2017-03-11T04:38:10: 读取文件成功
2017-03-11T04:38:20: 读取文件成功
2017-03-11T04:38:30: 读取文件成功
2017-03-11T04:38:40: 读取文件成功
2017-03-11T04:38:50: 读取文件成功
2017-03-11T04:39:00: 读取文件成功
2017-03-11T04:39:10: 读取文件成功
2017-03-11T04:39:20: 读取文件成功
2017-03-11T04:39:30: 读取文件成功
2017-03-11T04:39:40: 读取文件成功
2017-03-11T04:39:50: 读取文件成功
2017-03-11T04:40:00: 读取文件成功
2017-03-11T04:40:10: 读取文件成功
2017-03-11T04:40:20: 读取文件成功
2017-03-11T04:40:30: 读取文件成功
2017-03-11T04:40:40: 读取文件成功
2017-03-11T04:40:50: 读取文件成功
2017-03-11T04:41:00: 读取文件成功
2017-03-11T04:41:10: 读取文件成功
2017-03-11T04:41:20: 读取文件成功
2017-03-11T04:41:30: 读取文件成功
2017-03-11T04:41:40: 读取文件成功
2017-03-11T04:41:50: 读取文件成功
2017-03-11T04:42:00: 读取文件成功
2017-03-11T04:42:10: 读取文件成功
2017-03-11T04:42:20: 读取文件成功
2017-03-11T04:42:30: 读取文件成功
2017-03-11T04:42:40: 读取文件成功
2017-03-11T04:42:50: 读取文件成功
2017-03-11T04:43:00: 读取文件成功
2017-03-11T04:43:10: 读取文件成功
2017-03-11T04:43:20: 读取文件成功
2017-03-11T04:43:30: 读取文件成功
2017-03-11T04:43:40: 读取文件成功
2017-03-11T04:43:50: 读取文件成功
2017-03-11T04:44:00: 读取文件成功
2017-03-11T04:44:10: 读取文件成功
2017-03-11T04:44:20: 读取文件成功
2017-03-11T04:44:30: 读取文件成功
2017-03-11T04:44:40: 读取文件成功
2017-03-11T04:44:50: 读取文件成功
2017-03-11T04:45:00: 读取文件成功
2017-03-11T04:45:10: 读取文件成功
2017-03-11T04:45:20: 读取文件成功
2017-03-11T04:45:30: 读取文件成功
2017-03-11T04:45:40: 读取文件成功
2017-03-11T04:45:50: 读取文件成功
2017-03-11T04:46:00: 读取文件成功
2017-03-11T04:46:10: 读取文件成功
2017-03-11T04:46:20: 读取文件成功
2017-03-11T04:46:30: 读取文件成功
2017-03-11T04:46:40: 读取文件成功
2017-03-11T04:46:50: 读取文件成功
2017-03-11T04:47:00: 读取文件成功
2017-03-11T04:47:10: 读取文件成功
2017-03-11T04:47:20: 读取文件成功
2017-03-11T04:47:30: 读取文件成功
2017-03-11T04:47:40: 读取文件成功
2017-03-11T04:47:50: 读取文件成功
2017-03-11T04:48:00: 读取文件成功
2017-03-11T04:48:10: 读取文件成功
2017-03-11T04:48:20: 读取文件成功
2017-03-11T04:48:30: 读取文件成功
2017-03-11T04:48:40: 读取文件成功
2017-03-11T04:48:50: 读取文件成功
2017-03-11T04:49:00: 读取文件成功
2017-03-11T04:49:10: 读取文件成功
2017-03-11T04:49:20: 读取文件成功
2017-03-11T04:49:30: 读取文件成功
2017-03-11T04:49:40: 读取文件成功
2017-03-11T04:49:51: 读取文件成功
2017-03-11T04:50:00: 读取文件成功
2017-03-11T04:50:10: 读取文件成功
2017-03-11T04:50:20: 读取文件成功
2017-03-11T04:50:30: 读取文件成功
2017-03-11T04:50:40: 读取文件成功
2017-03-11T04:50:50: 读取文件成功
2017-03-11T04:51:00: 读取文件成功
2017-03-11T04:51:10: 读取文件成功
2017-03-11T04:51:20: 读取文件成功
2017-03-11T04:51:31: 读取文件成功
2017-03-11T04:51:40: 读取文件成功
2017-03-11T04:51:51: 读取文件成功
2017-03-11T04:52:01: 读取文件成功
2017-03-11T04:52:11: 读取文件成功
2017-03-11T04:52:21: 读取文件成功
2017-03-11T04:52:31: 读取文件成功
2017-03-11T04:52:41: 读取文件成功
2017-03-11T04:52:51: 读取文件成功
2017-03-11T04:53:01: 读取文件成功
2017-03-11T04:53:11: 读取文件成功
2017-03-11T04:53:21: 读取文件成功
2017-03-11T04:53:31: 读取文件成功
2017-03-11T04:53:41: 读取文件成功
2017-03-11T04:53:51: 读取文件成功
2017-03-11T04:54:01: 读取文件成功
2017-03-11T04:54:11: 读取文件成功
2017-03-11T04:54:21: 读取文件成功
2017-03-11T04:54:31: 读取文件成功
2017-03-11T04:54:41: 读取文件成功
2017-03-11T04:54:51: 读取文件成功
2017-03-11T04:55:01: 读取文件成功
2017-03-11T04:55:11: 读取文件成功
2017-03-11T04:55:21: 读取文件成功
2017-03-11T04:55:31: 读取文件成功
2017-03-11T04:55:41: 读取文件成功
2017-03-11T04:55:51: 读取文件成功
2017-03-11T04:56:01: 读取文件成功
2017-03-11T04:56:11: 读取文件成功
2017-03-11T04:56:21: 读取文件成功
2017-03-11T04:56:31: 读取文件成功
2017-03-11T04:56:41: 读取文件成功
2017-03-11T04:56:51: 读取文件成功
2017-03-11T04:57:01: 读取文件成功
2017-03-11T04:57:11: 读取文件成功
2017-03-11T04:57:21: 读取文件成功
2017-03-11T04:57:31: 读取文件成功
2017-03-11T04:57:41: 读取文件成功
2017-03-11T04:57:51: 读取文件成功
2017-03-11T04:58:01: 读取文件成功
2017-03-11T04:58:11: 读取文件成功
2017-03-11T04:58:21: 读取文件成功
2017-03-11T04:58:31: 读取文件成功
2017-03-11T04:58:41: 读取文件成功
2017-03-11T04:58:51: 读取文件成功
2017-03-11T04:59:02: 读取文件成功
2017-03-11T04:59:11: 读取文件成功
2017-03-11T04:59:21: 读取文件成功
2017-03-11T04:59:31: 读取文件成功
2017-03-11T04:59:42: 读取文件成功
2017-03-11T04:59:51: 读取文件成功
2017-03-11T05:00:01: 读取文件成功
2017-03-11T05:00:11: 读取文件成功
2017-03-11T05:00:21: 读取文件成功
2017-03-11T05:00:31: 读取文件成功
2017-03-11T05:00:41: 读取文件成功
2017-03-11T05:00:51: 读取文件成功
2017-03-11T05:01:01: 读取文件成功
2017-03-11T05:01:11: 读取文件成功
2017-03-11T05:01:21: 读取文件成功
2017-03-11T05:01:31: 读取文件成功
2017-03-11T05:01:41: 读取文件成功
2017-03-11T05:01:51: 读取文件成功
2017-03-11T05:02:01: 读取文件成功
2017-03-11T05:02:11: 读取文件成功
2017-03-11T05:02:21: 读取文件成功
2017-03-11T05:02:31: 读取文件成功
2017-03-11T05:02:41: 读取文件成功
2017-03-11T05:02:51: 读取文件成功
2017-03-11T05:03:01: 读取文件成功
2017-03-11T05:03:11: 读取文件成功
2017-03-11T05:03:21: 读取文件成功
2017-03-11T05:03:31: 读取文件成功
2017-03-11T05:03:41: 读取文件成功
2017-03-11T05:03:51: 读取文件成功
2017-03-11T05:04:01: 读取文件成功
2017-03-11T05:04:11: 读取文件成功
2017-03-11T05:04:21: 读取文件成功
2017-03-11T05:04:31: 读取文件成功
2017-03-11T05:04:41: 读取文件成功
2017-03-11T05:04:51: 读取文件成功
2017-03-11T05:05:01: 读取文件成功
2017-03-11T05:05:11: 读取文件成功
2017-03-11T05:05:21: 读取文件成功
2017-03-11T05:05:31: 读取文件成功
2017-03-11T05:05:41: 读取文件成功
2017-03-11T05:05:51: 读取文件成功
2017-03-11T05:06:01: 读取文件成功
2017-03-11T05:06:11: 读取文件成功
2017-03-11T05:06:21: 读取文件成功
2017-03-11T05:06:31: 读取文件成功
2017-03-11T05:06:41: 读取文件成功
2017-03-11T05:06:52: 读取文件成功
2017-03-11T05:07:01: 读取文件成功
2017-03-11T05:07:11: 读取文件成功
2017-03-11T05:07:21: 读取文件成功
2017-03-11T05:07:32: 读取文件成功
2017-03-11T05:07:41: 读取文件成功
2017-03-11T05:07:51: 读取文件成功
2017-03-11T05:08:01: 读取文件成功
2017-03-11T05:08:11: 读取文件成功
2017-03-11T05:08:21: 读取文件成功
2017-03-11T05:08:32: 读取文件成功
2017-03-11T05:08:42: 读取文件成功
2017-03-11T05:08:52: 读取文件成功
2017-03-11T05:09:02: 读取文件成功
2017-03-11T05:09:12: 读取文件成功
2017-03-11T05:09:22: 读取文件成功
2017-03-11T05:09:32: 读取文件成功
2017-03-11T05:09:42: 读取文件成功
2017-03-11T05:09:52: 读取文件成功
2017-03-11T05:10:02: 读取文件成功
2017-03-11T05:10:12: 读取文件成功
2017-03-11T05:10:23: 读取文件成功
2017-03-11T05:10:32: 读取文件成功
2017-03-11T05:10:42: 读取文件成功
2017-03-11T05:10:52: 读取文件成功
2017-03-11T05:11:02: 读取文件成功
2017-03-11T05:11:12: 读取文件成功
2017-03-11T05:11:22: 读取文件成功
2017-03-11T05:11:32: 读取文件成功
2017-03-11T05:11:42: 读取文件成功
2017-03-11T05:11:52: 读取文件成功
2017-03-11T05:12:02: 读取文件成功
2017-03-11T05:12:12: 读取文件成功
2017-03-11T05:12:22: 读取文件成功
2017-03-11T05:12:32: 读取文件成功
2017-03-11T05:12:42: 读取文件成功
2017-03-11T05:12:52: 读取文件成功
2017-03-11T05:13:23: 读取文件成功
2017-03-11T05:13:24: 读取文件成功
2017-03-11T05:13:30: 读取文件成功
2017-03-11T05:13:32: 读取文件成功
2017-03-11T05:13:42: 读取文件成功
2017-03-11T05:13:52: 读取文件成功
2017-03-11T05:14:02: 读取文件成功
2017-03-11T05:14:12: 读取文件成功
2017-03-11T05:14:22: 读取文件成功
2017-03-11T05:14:32: 读取文件成功
2017-03-11T05:14:42: 读取文件成功
2017-03-11T05:14:52: 读取文件成功
2017-03-11T05:15:02: 读取文件成功
2017-03-11T05:15:12: 读取文件成功
2017-03-11T05:15:22: 读取文件成功
2017-03-11T05:15:32: 读取文件成功
2017-03-11T05:15:42: 读取文件成功
2017-03-11T05:15:52: 读取文件成功
2017-03-11T05:16:02: 读取文件成功
2017-03-11T05:16:12: 读取文件成功
2017-03-11T05:16:22: 读取文件成功
2017-03-11T05:16:32: 读取文件成功
2017-03-11T05:16:42: 读取文件成功
2017-03-11T05:16:52: 读取文件成功
2017-03-11T05:17:02: 读取文件成功
2017-03-11T05:17:12: 读取文件成功
2017-03-11T05:17:22: 读取文件成功
2017-03-11T05:17:32: 读取文件成功
2017-03-11T05:17:42: 读取文件成功
2017-03-11T05:17:52: 读取文件成功
2017-03-11T05:18:02: 读取文件成功
2017-03-11T05:18:12: 读取文件成功
2017-03-11T05:18:22: 读取文件成功
2017-03-11T05:18:32: 读取文件成功
2017-03-11T05:18:42: 读取文件成功
2017-03-11T05:18:52: 读取文件成功
2017-03-11T05:19:02: 读取文件成功
2017-03-11T05:19:12: 读取文件成功
2017-03-11T05:19:22: 读取文件成功
2017-03-11T05:19:32: 读取文件成功
2017-03-11T05:19:42: 读取文件成功
2017-03-11T05:19:52: 读取文件成功
2017-03-11T05:20:02: 读取文件成功
2017-03-11T05:20:12: 读取文件成功
2017-03-11T05:20:22: 读取文件成功
2017-03-11T05:20:32: 读取文件成功
2017-03-11T05:20:42: 读取文件成功
2017-03-11T05:20:52: 读取文件成功
2017-03-11T05:21:02: 读取文件成功
2017-03-11T05:21:12: 读取文件成功
2017-03-11T05:21:22: 读取文件成功
2017-03-11T05:21:32: 读取文件成功
2017-03-11T05:21:42: 读取文件成功
2017-03-11T05:21:52: 读取文件成功
2017-03-11T05:22:02: 读取文件成功
2017-03-11T05:22:12: 读取文件成功
2017-03-11T05:22:22: 读取文件成功
2017-03-11T05:22:32: 读取文件成功
2017-03-11T05:22:42: 读取文件成功
2017-03-11T05:22:52: 读取文件成功
2017-03-11T05:23:02: 读取文件成功
2017-03-11T05:23:12: 读取文件成功
2017-03-11T05:23:22: 读取文件成功
2017-03-11T05:23:32: 读取文件成功
2017-03-11T05:23:42: 读取文件成功
2017-03-11T05:23:52: 读取文件成功
2017-03-11T05:24:02: 读取文件成功
2017-03-11T05:24:12: 读取文件成功
2017-03-11T05:24:22: 读取文件成功
2017-03-11T05:24:32: 读取文件成功
2017-03-11T05:24:42: 读取文件成功
2017-03-11T05:24:52: 读取文件成功
2017-03-11T05:25:02: 读取文件成功
2017-03-11T05:25:13: 读取文件成功
2017-03-11T05:25:22: 读取文件成功
2017-03-11T05:25:32: 读取文件成功
2017-03-11T05:25:42: 读取文件成功
2017-03-11T05:25:52: 读取文件成功
2017-03-11T05:26:02: 读取文件成功
2017-03-11T05:26:12: 读取文件成功
2017-03-11T05:26:22: 读取文件成功
2017-03-11T05:26:32: 读取文件成功
2017-03-11T05:26:43: 读取文件成功
2017-03-11T05:26:53: 读取文件成功
2017-03-11T05:27:03: 读取文件成功
2017-03-11T05:27:13: 读取文件成功
2017-03-11T05:27:23: 读取文件成功
2017-03-11T05:27:33: 读取文件成功
2017-03-11T05:27:43: 读取文件成功
2017-03-11T05:27:53: 读取文件成功
2017-03-11T05:28:03: 读取文件成功
2017-03-11T05:28:13: 读取文件成功
2017-03-11T05:28:23: 读取文件成功
2017-03-11T05:28:33: 读取文件成功
2017-03-11T05:28:43: 读取文件成功
2017-03-11T05:28:53: 读取文件成功
2017-03-11T05:29:03: 读取文件成功
2017-03-11T05:29:13: 读取文件成功
2017-03-11T05:29:23: 读取文件成功
2017-03-11T05:29:33: 读取文件成功
2017-03-11T05:29:43: 读取文件成功
2017-03-11T05:29:53: 读取文件成功
2017-03-11T05:30:03: 读取文件成功
2017-03-11T05:30:13: 读取文件成功
2017-03-11T05:30:23: 读取文件成功
2017-03-11T05:30:33: 读取文件成功
2017-03-11T05:30:43: 读取文件成功
2017-03-11T05:30:53: 读取文件成功
2017-03-11T05:31:03: 读取文件成功
2017-03-11T05:31:13: 读取文件成功
2017-03-11T05:31:23: 读取文件成功
2017-03-11T05:31:33: 读取文件成功
2017-03-11T05:31:43: 读取文件成功
2017-03-11T05:31:53: 读取文件成功
2017-03-11T05:32:03: 读取文件成功
2017-03-11T05:32:13: 读取文件成功
2017-03-11T05:32:23: 读取文件成功
2017-03-11T05:32:33: 读取文件成功
2017-03-11T05:32:43: 读取文件成功
2017-03-11T05:32:53: 读取文件成功
2017-03-11T05:33:03: 读取文件成功
2017-03-11T05:33:13: 读取文件成功
2017-03-11T05:33:23: 读取文件成功
2017-03-11T05:33:33: 读取文件成功
2017-03-11T05:33:43: 读取文件成功
2017-03-11T05:33:53: 读取文件成功
2017-03-11T05:34:03: 读取文件成功
2017-03-11T05:34:13: 读取文件成功
2017-03-11T05:34:23: 读取文件成功
2017-03-11T05:34:33: 读取文件成功
2017-03-11T05:34:43: 读取文件成功
2017-03-11T05:34:53: 读取文件成功
2017-03-11T05:35:03: 读取文件成功
2017-03-11T05:35:13: 读取文件成功
2017-03-11T05:35:23: 读取文件成功
2017-03-11T05:35:33: 读取文件成功
2017-03-11T05:35:43: 读取文件成功
2017-03-11T05:35:53: 读取文件成功
2017-03-11T05:36:03: 读取文件成功
2017-03-11T05:36:13: 读取文件成功
2017-03-11T05:36:23: 读取文件成功
2017-03-11T05:36:33: 读取文件成功
2017-03-11T05:36:43: 读取文件成功
2017-03-11T05:36:53: 读取文件成功
2017-03-11T05:37:03: 读取文件成功
2017-03-11T05:37:13: 读取文件成功
2017-03-11T05:37:23: 读取文件成功
2017-03-11T05:37:33: 读取文件成功
2017-03-11T05:37:43: 读取文件成功
2017-03-11T05:37:53: 读取文件成功
2017-03-11T05:38:03: 读取文件成功
2017-03-11T05:38:13: 读取文件成功
2017-03-11T05:38:23: 读取文件成功
2017-03-11T05:38:33: 读取文件成功
2017-03-11T05:38:43: 读取文件成功
2017-03-11T05:38:53: 读取文件成功
2017-03-11T05:39:03: 读取文件成功
2017-03-11T05:39:13: 读取文件成功
2017-03-11T05:39:23: 读取文件成功
2017-03-11T05:39:33: 读取文件成功
2017-03-11T05:39:43: 读取文件成功
2017-03-11T05:39:53: 读取文件成功
2017-03-11T05:40:03: 读取文件成功
2017-03-11T05:40:13: 读取文件成功
2017-03-11T05:40:23: 读取文件成功
2017-03-11T05:40:33: 读取文件成功
2017-03-11T05:40:43: 读取文件成功
2017-03-11T05:40:53: 读取文件成功
2017-03-11T05:41:03: 读取文件成功
2017-03-11T05:41:13: 读取文件成功
2017-03-11T05:41:23: 读取文件成功
2017-03-11T05:41:33: 读取文件成功
2017-03-11T05:41:43: 读取文件成功
2017-03-11T05:41:53: 读取文件成功
2017-03-11T05:42:03: 读取文件成功
2017-03-11T05:42:13: 读取文件成功
2017-03-11T05:42:23: 读取文件成功
2017-03-11T05:42:33: 读取文件成功
2017-03-11T05:42:43: 读取文件成功
2017-03-11T05:42:53: 读取文件成功
2017-03-11T05:43:03: 读取文件成功
2017-03-11T05:43:13: 读取文件成功
2017-03-11T05:43:23: 读取文件成功
2017-03-11T05:43:33: 读取文件成功
2017-03-11T05:43:43: 读取文件成功
2017-03-11T05:43:53: 读取文件成功
2017-03-11T05:44:03: 读取文件成功
2017-03-11T05:44:13: 读取文件成功
2017-03-11T05:44:23: 读取文件成功
2017-03-11T05:44:33: 读取文件成功
2017-03-11T05:44:43: 读取文件成功
2017-03-11T05:44:53: 读取文件成功
2017-03-11T05:45:03: 读取文件成功
2017-03-11T05:45:13: 读取文件成功
2017-03-11T05:45:23: 读取文件成功
2017-03-11T05:45:33: 读取文件成功
2017-03-11T05:45:43: 读取文件成功
2017-03-11T05:45:53: 读取文件成功
2017-03-11T05:46:04: 读取文件成功
2017-03-11T05:46:14: 读取文件成功
2017-03-11T05:46:24: 读取文件成功
2017-03-11T05:46:34: 读取文件成功
2017-03-11T05:46:44: 读取文件成功
2017-03-11T05:46:54: 读取文件成功
2017-03-11T05:47:04: 读取文件成功
2017-03-11T05:47:14: 读取文件成功
2017-03-11T05:47:24: 读取文件成功
2017-03-11T05:47:34: 读取文件成功
2017-03-11T05:47:44: 读取文件成功
2017-03-11T05:47:54: 读取文件成功
2017-03-11T05:48:04: 读取文件成功
2017-03-11T05:48:14: 读取文件成功
2017-03-11T05:48:24: 读取文件成功
2017-03-11T05:48:34: 读取文件成功
2017-03-11T05:48:44: 读取文件成功
2017-03-11T05:48:54: 读取文件成功
2017-03-11T05:49:04: 读取文件成功
2017-03-11T05:49:14: 读取文件成功
2017-03-11T05:49:24: 读取文件成功
2017-03-11T05:49:34: 读取文件成功
2017-03-11T05:49:44: 读取文件成功
2017-03-11T05:49:54: 读取文件成功
2017-03-11T05:50:04: 读取文件成功
2017-03-11T05:50:14: 读取文件成功
2017-03-11T05:50:24: 读取文件成功
2017-03-11T05:50:34: 读取文件成功
2017-03-11T05:50:44: 读取文件成功
2017-03-11T05:50:54: 读取文件成功
2017-03-11T05:51:07: 读取文件成功
2017-03-11T05:51:16: 读取文件成功
2017-03-11T05:51:24: 读取文件成功
2017-03-11T05:51:34: 读取文件成功
2017-03-11T05:51:46: 读取文件成功
2017-03-11T05:51:58: 读取文件成功
2017-03-11T05:52:10: 读取文件成功
2017-03-11T05:52:19: 读取文件成功
2017-03-11T05:52:28: 读取文件成功
2017-03-11T05:52:35: 读取文件成功
2017-03-11T05:52:44: 读取文件成功
2017-03-11T05:52:54: 读取文件成功
2017-03-11T05:53:04: 读取文件成功
2017-03-11T05:53:14: 读取文件成功
2017-03-11T05:53:24: 读取文件成功
2017-03-11T05:53:34: 读取文件成功
2017-03-11T05:53:44: 读取文件成功
2017-03-11T05:53:54: 读取文件成功
2017-03-11T05:54:04: 读取文件成功
2017-03-11T05:54:14: 读取文件成功
2017-03-11T05:54:24: 读取文件成功
2017-03-11T05:54:34: 读取文件成功
2017-03-11T05:54:44: 读取文件成功
2017-03-11T05:54:54: 读取文件成功
2017-03-11T05:55:04: 读取文件成功
2017-03-11T05:55:14: 读取文件成功
2017-03-11T05:55:24: 读取文件成功
2017-03-11T05:55:34: 读取文件成功
2017-03-11T05:55:44: 读取文件成功
2017-03-11T05:55:54: 读取文件成功
2017-03-11T05:56:04: 读取文件成功
2017-03-11T05:56:14: 读取文件成功
2017-03-11T05:56:24: 读取文件成功
2017-03-11T05:56:34: 读取文件成功
2017-03-11T05:56:44: 读取文件成功
2017-03-11T05:56:54: 读取文件成功
2017-03-11T05:57:04: 读取文件成功
2017-03-11T05:57:14: 读取文件成功
2017-03-11T05:57:24: 读取文件成功
2017-03-11T05:57:34: 读取文件成功
2017-03-11T05:57:44: 读取文件成功
2017-03-11T05:57:54: 读取文件成功
2017-03-11T05:58:04: 读取文件成功
2017-03-11T05:58:14: 读取文件成功
2017-03-11T05:58:24: 读取文件成功
2017-03-11T05:58:34: 读取文件成功
2017-03-11T05:58:44: 读取文件成功
2017-03-11T05:58:54: 读取文件成功
2017-03-11T05:59:04: 读取文件成功
