2017-01-13T00:00:08: 非记录时间：2017-01-13T00:00:08+08:00
2017-01-13T00:00:18: 非记录时间：2017-01-13T00:00:18+08:00
2017-01-13T00:00:28: 非记录时间：2017-01-13T00:00:28+08:00
2017-01-13T00:00:38: 非记录时间：2017-01-13T00:00:38+08:00
2017-01-13T00:00:48: 非记录时间：2017-01-13T00:00:48+08:00
2017-01-13T00:00:58: 非记录时间：2017-01-13T00:00:58+08:00
2017-01-13T00:01:08: 非记录时间：2017-01-13T00:01:08+08:00
2017-01-13T00:01:18: 非记录时间：2017-01-13T00:01:18+08:00
2017-01-13T00:01:28: 非记录时间：2017-01-13T00:01:28+08:00
2017-01-13T00:01:38: 非记录时间：2017-01-13T00:01:38+08:00
2017-01-13T00:01:48: 非记录时间：2017-01-13T00:01:48+08:00
2017-01-13T00:01:58: 非记录时间：2017-01-13T00:01:58+08:00
2017-01-13T00:02:08: 非记录时间：2017-01-13T00:02:08+08:00
2017-01-13T00:02:18: 非记录时间：2017-01-13T00:02:18+08:00
2017-01-13T00:02:28: 非记录时间：2017-01-13T00:02:28+08:00
2017-01-13T00:02:38: 非记录时间：2017-01-13T00:02:38+08:00
2017-01-13T00:02:48: 非记录时间：2017-01-13T00:02:48+08:00
2017-01-13T00:02:58: 非记录时间：2017-01-13T00:02:58+08:00
2017-01-13T00:03:08: 非记录时间：2017-01-13T00:03:08+08:00
2017-01-13T00:03:18: 非记录时间：2017-01-13T00:03:18+08:00
2017-01-13T00:03:28: 非记录时间：2017-01-13T00:03:28+08:00
2017-01-13T00:03:38: 非记录时间：2017-01-13T00:03:38+08:00
2017-01-13T00:03:48: 非记录时间：2017-01-13T00:03:48+08:00
2017-01-13T00:03:58: 非记录时间：2017-01-13T00:03:58+08:00
2017-01-13T00:04:08: 非记录时间：2017-01-13T00:04:08+08:00
2017-01-13T00:04:18: 非记录时间：2017-01-13T00:04:18+08:00
2017-01-13T00:04:28: 非记录时间：2017-01-13T00:04:28+08:00
2017-01-13T00:04:38: 非记录时间：2017-01-13T00:04:38+08:00
2017-01-13T00:04:48: 非记录时间：2017-01-13T00:04:48+08:00
2017-01-13T00:04:58: 非记录时间：2017-01-13T00:04:58+08:00
2017-01-13T00:05:08: 非记录时间：2017-01-13T00:05:08+08:00
2017-01-13T00:05:18: 非记录时间：2017-01-13T00:05:18+08:00
2017-01-13T00:05:28: 非记录时间：2017-01-13T00:05:28+08:00
2017-01-13T00:05:38: 非记录时间：2017-01-13T00:05:38+08:00
2017-01-13T00:05:48: 非记录时间：2017-01-13T00:05:48+08:00
2017-01-13T00:05:58: 非记录时间：2017-01-13T00:05:58+08:00
2017-01-13T00:06:08: 非记录时间：2017-01-13T00:06:08+08:00
2017-01-13T00:06:18: 非记录时间：2017-01-13T00:06:18+08:00
2017-01-13T00:06:28: 非记录时间：2017-01-13T00:06:28+08:00
2017-01-13T00:06:38: 非记录时间：2017-01-13T00:06:38+08:00
2017-01-13T00:06:48: 非记录时间：2017-01-13T00:06:48+08:00
2017-01-13T00:06:58: 非记录时间：2017-01-13T00:06:58+08:00
2017-01-13T00:07:08: 非记录时间：2017-01-13T00:07:08+08:00
2017-01-13T00:07:18: 非记录时间：2017-01-13T00:07:18+08:00
2017-01-13T00:07:28: 非记录时间：2017-01-13T00:07:28+08:00
2017-01-13T00:07:38: 非记录时间：2017-01-13T00:07:38+08:00
2017-01-13T00:07:48: 非记录时间：2017-01-13T00:07:48+08:00
2017-01-13T00:07:58: 非记录时间：2017-01-13T00:07:58+08:00
2017-01-13T00:08:08: 非记录时间：2017-01-13T00:08:08+08:00
2017-01-13T00:08:18: 非记录时间：2017-01-13T00:08:18+08:00
2017-01-13T00:08:28: 非记录时间：2017-01-13T00:08:28+08:00
2017-01-13T00:08:38: 非记录时间：2017-01-13T00:08:38+08:00
2017-01-13T00:08:48: 非记录时间：2017-01-13T00:08:48+08:00
2017-01-13T00:08:58: 非记录时间：2017-01-13T00:08:58+08:00
2017-01-13T00:09:08: 非记录时间：2017-01-13T00:09:08+08:00
2017-01-13T00:09:18: 非记录时间：2017-01-13T00:09:18+08:00
2017-01-13T00:09:28: 非记录时间：2017-01-13T00:09:28+08:00
2017-01-13T00:09:38: 非记录时间：2017-01-13T00:09:38+08:00
2017-01-13T00:09:48: 非记录时间：2017-01-13T00:09:48+08:00
2017-01-13T00:09:58: 非记录时间：2017-01-13T00:09:58+08:00
2017-01-13T00:10:08: 非记录时间：2017-01-13T00:10:08+08:00
2017-01-13T00:10:18: 非记录时间：2017-01-13T00:10:18+08:00
2017-01-13T00:10:28: 非记录时间：2017-01-13T00:10:28+08:00
2017-01-13T00:10:38: 非记录时间：2017-01-13T00:10:38+08:00
2017-01-13T00:10:48: 非记录时间：2017-01-13T00:10:48+08:00
2017-01-13T00:10:58: 非记录时间：2017-01-13T00:10:58+08:00
2017-01-13T00:11:08: 非记录时间：2017-01-13T00:11:08+08:00
2017-01-13T00:11:18: 非记录时间：2017-01-13T00:11:18+08:00
2017-01-13T00:11:28: 非记录时间：2017-01-13T00:11:28+08:00
2017-01-13T00:11:38: 非记录时间：2017-01-13T00:11:38+08:00
2017-01-13T00:11:48: 非记录时间：2017-01-13T00:11:48+08:00
2017-01-13T00:11:58: 非记录时间：2017-01-13T00:11:58+08:00
2017-01-13T00:12:08: 非记录时间：2017-01-13T00:12:08+08:00
2017-01-13T00:12:18: 非记录时间：2017-01-13T00:12:18+08:00
2017-01-13T00:12:28: 非记录时间：2017-01-13T00:12:28+08:00
2017-01-13T00:12:38: 非记录时间：2017-01-13T00:12:38+08:00
2017-01-13T00:12:48: 非记录时间：2017-01-13T00:12:48+08:00
2017-01-13T00:12:58: 非记录时间：2017-01-13T00:12:58+08:00
2017-01-13T00:13:08: 非记录时间：2017-01-13T00:13:08+08:00
2017-01-13T00:13:18: 非记录时间：2017-01-13T00:13:18+08:00
2017-01-13T00:13:28: 非记录时间：2017-01-13T00:13:28+08:00
2017-01-13T00:13:38: 非记录时间：2017-01-13T00:13:38+08:00
2017-01-13T00:13:48: 非记录时间：2017-01-13T00:13:48+08:00
2017-01-13T00:13:58: 非记录时间：2017-01-13T00:13:58+08:00
2017-01-13T00:14:08: 非记录时间：2017-01-13T00:14:08+08:00
2017-01-13T00:14:18: 非记录时间：2017-01-13T00:14:18+08:00
2017-01-13T00:14:28: 非记录时间：2017-01-13T00:14:28+08:00
2017-01-13T00:14:38: 非记录时间：2017-01-13T00:14:38+08:00
2017-01-13T00:14:48: 非记录时间：2017-01-13T00:14:48+08:00
2017-01-13T00:14:58: 非记录时间：2017-01-13T00:14:58+08:00
2017-01-13T00:15:08: 非记录时间：2017-01-13T00:15:08+08:00
2017-01-13T00:15:18: 非记录时间：2017-01-13T00:15:18+08:00
2017-01-13T00:15:28: 非记录时间：2017-01-13T00:15:28+08:00
2017-01-13T00:15:38: 非记录时间：2017-01-13T00:15:38+08:00
2017-01-13T00:15:48: 非记录时间：2017-01-13T00:15:48+08:00
2017-01-13T00:15:58: 非记录时间：2017-01-13T00:15:58+08:00
2017-01-13T00:16:08: 非记录时间：2017-01-13T00:16:08+08:00
2017-01-13T00:16:18: 非记录时间：2017-01-13T00:16:18+08:00
2017-01-13T00:16:28: 非记录时间：2017-01-13T00:16:28+08:00
2017-01-13T00:16:38: 非记录时间：2017-01-13T00:16:38+08:00
2017-01-13T00:16:48: 非记录时间：2017-01-13T00:16:48+08:00
2017-01-13T00:16:58: 非记录时间：2017-01-13T00:16:58+08:00
2017-01-13T00:17:08: 非记录时间：2017-01-13T00:17:08+08:00
2017-01-13T00:17:18: 非记录时间：2017-01-13T00:17:18+08:00
2017-01-13T00:17:28: 非记录时间：2017-01-13T00:17:28+08:00
2017-01-13T00:17:38: 非记录时间：2017-01-13T00:17:38+08:00
2017-01-13T00:17:48: 非记录时间：2017-01-13T00:17:48+08:00
2017-01-13T00:17:58: 非记录时间：2017-01-13T00:17:58+08:00
2017-01-13T00:18:08: 非记录时间：2017-01-13T00:18:08+08:00
2017-01-13T00:18:18: 非记录时间：2017-01-13T00:18:18+08:00
2017-01-13T00:18:28: 非记录时间：2017-01-13T00:18:28+08:00
2017-01-13T00:18:38: 非记录时间：2017-01-13T00:18:38+08:00
2017-01-13T00:18:48: 非记录时间：2017-01-13T00:18:48+08:00
2017-01-13T00:18:58: 非记录时间：2017-01-13T00:18:58+08:00
2017-01-13T00:19:08: 非记录时间：2017-01-13T00:19:08+08:00
2017-01-13T00:19:18: 非记录时间：2017-01-13T00:19:18+08:00
2017-01-13T00:19:28: 非记录时间：2017-01-13T00:19:28+08:00
2017-01-13T00:19:38: 非记录时间：2017-01-13T00:19:38+08:00
2017-01-13T00:19:48: 非记录时间：2017-01-13T00:19:48+08:00
2017-01-13T00:19:58: 非记录时间：2017-01-13T00:19:58+08:00
2017-01-13T00:20:08: 非记录时间：2017-01-13T00:20:08+08:00
2017-01-13T00:20:18: 非记录时间：2017-01-13T00:20:18+08:00
2017-01-13T00:20:28: 非记录时间：2017-01-13T00:20:28+08:00
2017-01-13T00:20:38: 非记录时间：2017-01-13T00:20:38+08:00
2017-01-13T00:20:48: 非记录时间：2017-01-13T00:20:48+08:00
2017-01-13T00:20:58: 非记录时间：2017-01-13T00:20:58+08:00
2017-01-13T00:21:08: 非记录时间：2017-01-13T00:21:08+08:00
2017-01-13T00:21:18: 非记录时间：2017-01-13T00:21:18+08:00
2017-01-13T00:21:28: 非记录时间：2017-01-13T00:21:28+08:00
2017-01-13T00:21:38: 非记录时间：2017-01-13T00:21:38+08:00
2017-01-13T00:21:48: 非记录时间：2017-01-13T00:21:48+08:00
2017-01-13T00:21:58: 非记录时间：2017-01-13T00:21:58+08:00
2017-01-13T00:22:08: 非记录时间：2017-01-13T00:22:08+08:00
2017-01-13T00:22:18: 非记录时间：2017-01-13T00:22:18+08:00
2017-01-13T00:22:28: 非记录时间：2017-01-13T00:22:28+08:00
2017-01-13T00:22:38: 非记录时间：2017-01-13T00:22:38+08:00
2017-01-13T00:22:48: 非记录时间：2017-01-13T00:22:48+08:00
2017-01-13T00:22:58: 非记录时间：2017-01-13T00:22:58+08:00
2017-01-13T00:23:08: 非记录时间：2017-01-13T00:23:08+08:00
2017-01-13T00:23:18: 非记录时间：2017-01-13T00:23:18+08:00
2017-01-13T00:23:28: 非记录时间：2017-01-13T00:23:28+08:00
2017-01-13T00:23:38: 非记录时间：2017-01-13T00:23:38+08:00
2017-01-13T00:23:48: 非记录时间：2017-01-13T00:23:48+08:00
2017-01-13T00:23:58: 非记录时间：2017-01-13T00:23:58+08:00
2017-01-13T00:24:08: 非记录时间：2017-01-13T00:24:08+08:00
2017-01-13T00:24:18: 非记录时间：2017-01-13T00:24:18+08:00
2017-01-13T00:24:28: 非记录时间：2017-01-13T00:24:28+08:00
2017-01-13T00:24:38: 非记录时间：2017-01-13T00:24:38+08:00
2017-01-13T00:24:48: 非记录时间：2017-01-13T00:24:48+08:00
2017-01-13T00:24:58: 非记录时间：2017-01-13T00:24:58+08:00
2017-01-13T00:25:08: 非记录时间：2017-01-13T00:25:08+08:00
2017-01-13T00:25:18: 非记录时间：2017-01-13T00:25:18+08:00
2017-01-13T00:25:28: 非记录时间：2017-01-13T00:25:28+08:00
2017-01-13T00:25:38: 非记录时间：2017-01-13T00:25:38+08:00
2017-01-13T00:25:48: 非记录时间：2017-01-13T00:25:48+08:00
2017-01-13T00:25:58: 非记录时间：2017-01-13T00:25:58+08:00
2017-01-13T00:26:08: 非记录时间：2017-01-13T00:26:08+08:00
2017-01-13T00:26:18: 非记录时间：2017-01-13T00:26:18+08:00
2017-01-13T00:26:28: 非记录时间：2017-01-13T00:26:28+08:00
2017-01-13T00:26:38: 非记录时间：2017-01-13T00:26:38+08:00
2017-01-13T00:26:48: 非记录时间：2017-01-13T00:26:48+08:00
2017-01-13T00:26:58: 非记录时间：2017-01-13T00:26:58+08:00
2017-01-13T00:27:08: 非记录时间：2017-01-13T00:27:08+08:00
2017-01-13T00:27:18: 非记录时间：2017-01-13T00:27:18+08:00
2017-01-13T00:27:28: 非记录时间：2017-01-13T00:27:28+08:00
2017-01-13T00:27:38: 非记录时间：2017-01-13T00:27:38+08:00
2017-01-13T00:27:48: 非记录时间：2017-01-13T00:27:48+08:00
2017-01-13T00:27:58: 非记录时间：2017-01-13T00:27:58+08:00
2017-01-13T00:28:08: 非记录时间：2017-01-13T00:28:08+08:00
2017-01-13T00:28:18: 非记录时间：2017-01-13T00:28:18+08:00
2017-01-13T00:28:28: 非记录时间：2017-01-13T00:28:28+08:00
2017-01-13T00:28:38: 非记录时间：2017-01-13T00:28:38+08:00
2017-01-13T00:28:48: 非记录时间：2017-01-13T00:28:48+08:00
2017-01-13T00:28:58: 非记录时间：2017-01-13T00:28:58+08:00
2017-01-13T00:29:08: 非记录时间：2017-01-13T00:29:08+08:00
2017-01-13T00:29:18: 非记录时间：2017-01-13T00:29:18+08:00
2017-01-13T00:29:28: 非记录时间：2017-01-13T00:29:28+08:00
2017-01-13T00:29:38: 非记录时间：2017-01-13T00:29:38+08:00
2017-01-13T00:29:48: 非记录时间：2017-01-13T00:29:48+08:00
2017-01-13T00:29:58: 非记录时间：2017-01-13T00:29:58+08:00
2017-01-13T00:30:08: 非记录时间：2017-01-13T00:30:08+08:00
2017-01-13T00:30:18: 非记录时间：2017-01-13T00:30:18+08:00
2017-01-13T00:30:28: 非记录时间：2017-01-13T00:30:28+08:00
2017-01-13T00:30:38: 非记录时间：2017-01-13T00:30:38+08:00
2017-01-13T00:30:48: 非记录时间：2017-01-13T00:30:48+08:00
2017-01-13T00:30:58: 非记录时间：2017-01-13T00:30:58+08:00
2017-01-13T00:31:08: 非记录时间：2017-01-13T00:31:08+08:00
2017-01-13T00:31:18: 非记录时间：2017-01-13T00:31:18+08:00
2017-01-13T00:31:28: 非记录时间：2017-01-13T00:31:28+08:00
2017-01-13T00:31:38: 非记录时间：2017-01-13T00:31:38+08:00
2017-01-13T00:31:48: 非记录时间：2017-01-13T00:31:48+08:00
2017-01-13T00:31:58: 非记录时间：2017-01-13T00:31:58+08:00
2017-01-13T00:32:08: 非记录时间：2017-01-13T00:32:08+08:00
2017-01-13T00:32:18: 非记录时间：2017-01-13T00:32:18+08:00
2017-01-13T00:32:28: 非记录时间：2017-01-13T00:32:28+08:00
2017-01-13T00:32:38: 非记录时间：2017-01-13T00:32:38+08:00
2017-01-13T00:32:48: 非记录时间：2017-01-13T00:32:48+08:00
2017-01-13T00:32:58: 非记录时间：2017-01-13T00:32:58+08:00
2017-01-13T00:33:08: 非记录时间：2017-01-13T00:33:08+08:00
2017-01-13T00:33:18: 非记录时间：2017-01-13T00:33:18+08:00
2017-01-13T00:33:28: 非记录时间：2017-01-13T00:33:28+08:00
2017-01-13T00:33:38: 非记录时间：2017-01-13T00:33:38+08:00
2017-01-13T00:33:48: 非记录时间：2017-01-13T00:33:48+08:00
2017-01-13T00:33:58: 非记录时间：2017-01-13T00:33:58+08:00
2017-01-13T00:34:08: 非记录时间：2017-01-13T00:34:08+08:00
2017-01-13T00:34:18: 非记录时间：2017-01-13T00:34:18+08:00
2017-01-13T00:34:28: 非记录时间：2017-01-13T00:34:28+08:00
2017-01-13T00:34:38: 非记录时间：2017-01-13T00:34:38+08:00
2017-01-13T00:34:48: 非记录时间：2017-01-13T00:34:48+08:00
2017-01-13T00:34:58: 非记录时间：2017-01-13T00:34:58+08:00
2017-01-13T00:35:08: 非记录时间：2017-01-13T00:35:08+08:00
2017-01-13T00:35:18: 非记录时间：2017-01-13T00:35:18+08:00
2017-01-13T00:35:28: 非记录时间：2017-01-13T00:35:28+08:00
2017-01-13T00:35:38: 非记录时间：2017-01-13T00:35:38+08:00
2017-01-13T00:35:48: 非记录时间：2017-01-13T00:35:48+08:00
2017-01-13T00:35:58: 非记录时间：2017-01-13T00:35:58+08:00
2017-01-13T00:36:08: 非记录时间：2017-01-13T00:36:08+08:00
2017-01-13T00:36:18: 非记录时间：2017-01-13T00:36:18+08:00
2017-01-13T00:36:28: 非记录时间：2017-01-13T00:36:28+08:00
2017-01-13T00:36:38: 非记录时间：2017-01-13T00:36:38+08:00
2017-01-13T00:36:48: 非记录时间：2017-01-13T00:36:48+08:00
2017-01-13T00:36:58: 非记录时间：2017-01-13T00:36:58+08:00
2017-01-13T00:37:08: 非记录时间：2017-01-13T00:37:08+08:00
2017-01-13T00:37:18: 非记录时间：2017-01-13T00:37:18+08:00
2017-01-13T00:37:28: 非记录时间：2017-01-13T00:37:28+08:00
2017-01-13T00:37:38: 非记录时间：2017-01-13T00:37:38+08:00
2017-01-13T00:37:48: 非记录时间：2017-01-13T00:37:48+08:00
2017-01-13T00:37:58: 非记录时间：2017-01-13T00:37:58+08:00
2017-01-13T00:38:08: 非记录时间：2017-01-13T00:38:08+08:00
2017-01-13T00:38:18: 非记录时间：2017-01-13T00:38:18+08:00
2017-01-13T00:38:28: 非记录时间：2017-01-13T00:38:28+08:00
2017-01-13T00:38:38: 非记录时间：2017-01-13T00:38:38+08:00
2017-01-13T00:38:48: 非记录时间：2017-01-13T00:38:48+08:00
2017-01-13T00:38:58: 非记录时间：2017-01-13T00:38:58+08:00
2017-01-13T00:39:08: 非记录时间：2017-01-13T00:39:08+08:00
2017-01-13T00:39:18: 非记录时间：2017-01-13T00:39:18+08:00
2017-01-13T00:39:28: 非记录时间：2017-01-13T00:39:28+08:00
2017-01-13T00:39:38: 非记录时间：2017-01-13T00:39:38+08:00
2017-01-13T00:39:48: 非记录时间：2017-01-13T00:39:48+08:00
2017-01-13T00:39:58: 非记录时间：2017-01-13T00:39:58+08:00
2017-01-13T00:40:08: 非记录时间：2017-01-13T00:40:08+08:00
2017-01-13T00:40:18: 非记录时间：2017-01-13T00:40:18+08:00
2017-01-13T00:40:28: 非记录时间：2017-01-13T00:40:28+08:00
2017-01-13T00:40:38: 非记录时间：2017-01-13T00:40:38+08:00
2017-01-13T00:40:48: 非记录时间：2017-01-13T00:40:48+08:00
2017-01-13T00:40:58: 非记录时间：2017-01-13T00:40:58+08:00
2017-01-13T00:41:08: 非记录时间：2017-01-13T00:41:08+08:00
2017-01-13T00:41:18: 非记录时间：2017-01-13T00:41:18+08:00
2017-01-13T00:41:28: 非记录时间：2017-01-13T00:41:28+08:00
2017-01-13T00:41:38: 非记录时间：2017-01-13T00:41:38+08:00
2017-01-13T00:41:48: 非记录时间：2017-01-13T00:41:48+08:00
2017-01-13T00:41:58: 非记录时间：2017-01-13T00:41:58+08:00
2017-01-13T00:42:08: 非记录时间：2017-01-13T00:42:08+08:00
2017-01-13T00:42:18: 非记录时间：2017-01-13T00:42:18+08:00
2017-01-13T00:42:28: 非记录时间：2017-01-13T00:42:28+08:00
2017-01-13T00:42:39: 非记录时间：2017-01-13T00:42:39+08:00
2017-01-13T00:42:49: 非记录时间：2017-01-13T00:42:49+08:00
2017-01-13T00:42:59: 非记录时间：2017-01-13T00:42:59+08:00
2017-01-13T00:43:09: 非记录时间：2017-01-13T00:43:09+08:00
2017-01-13T00:43:19: 非记录时间：2017-01-13T00:43:19+08:00
2017-01-13T00:43:29: 非记录时间：2017-01-13T00:43:29+08:00
2017-01-13T00:43:39: 非记录时间：2017-01-13T00:43:39+08:00
2017-01-13T00:43:49: 非记录时间：2017-01-13T00:43:49+08:00
2017-01-13T00:43:59: 非记录时间：2017-01-13T00:43:59+08:00
2017-01-13T00:44:09: 非记录时间：2017-01-13T00:44:09+08:00
2017-01-13T00:44:19: 非记录时间：2017-01-13T00:44:19+08:00
2017-01-13T00:44:29: 非记录时间：2017-01-13T00:44:29+08:00
2017-01-13T00:44:39: 非记录时间：2017-01-13T00:44:39+08:00
2017-01-13T00:44:49: 非记录时间：2017-01-13T00:44:49+08:00
2017-01-13T00:44:59: 非记录时间：2017-01-13T00:44:59+08:00
2017-01-13T00:45:09: 非记录时间：2017-01-13T00:45:09+08:00
2017-01-13T00:45:19: 非记录时间：2017-01-13T00:45:19+08:00
2017-01-13T00:45:29: 非记录时间：2017-01-13T00:45:29+08:00
2017-01-13T00:45:39: 非记录时间：2017-01-13T00:45:39+08:00
2017-01-13T00:45:49: 非记录时间：2017-01-13T00:45:49+08:00
2017-01-13T00:45:59: 非记录时间：2017-01-13T00:45:59+08:00
2017-01-13T00:46:09: 非记录时间：2017-01-13T00:46:09+08:00
2017-01-13T00:46:19: 非记录时间：2017-01-13T00:46:19+08:00
2017-01-13T00:46:29: 非记录时间：2017-01-13T00:46:29+08:00
2017-01-13T00:46:39: 非记录时间：2017-01-13T00:46:39+08:00
2017-01-13T00:46:49: 非记录时间：2017-01-13T00:46:49+08:00
2017-01-13T00:46:59: 非记录时间：2017-01-13T00:46:59+08:00
2017-01-13T00:47:09: 非记录时间：2017-01-13T00:47:09+08:00
2017-01-13T00:47:19: 非记录时间：2017-01-13T00:47:19+08:00
2017-01-13T00:47:29: 非记录时间：2017-01-13T00:47:29+08:00
2017-01-13T00:47:39: 非记录时间：2017-01-13T00:47:39+08:00
2017-01-13T00:47:49: 非记录时间：2017-01-13T00:47:49+08:00
2017-01-13T00:47:59: 非记录时间：2017-01-13T00:47:59+08:00
2017-01-13T00:48:09: 非记录时间：2017-01-13T00:48:09+08:00
2017-01-13T00:48:19: 非记录时间：2017-01-13T00:48:19+08:00
2017-01-13T00:48:29: 非记录时间：2017-01-13T00:48:29+08:00
2017-01-13T00:48:39: 非记录时间：2017-01-13T00:48:39+08:00
2017-01-13T00:48:49: 非记录时间：2017-01-13T00:48:49+08:00
2017-01-13T00:48:59: 非记录时间：2017-01-13T00:48:59+08:00
2017-01-13T00:49:09: 非记录时间：2017-01-13T00:49:09+08:00
2017-01-13T00:49:19: 非记录时间：2017-01-13T00:49:19+08:00
2017-01-13T00:49:29: 非记录时间：2017-01-13T00:49:29+08:00
2017-01-13T00:49:39: 非记录时间：2017-01-13T00:49:39+08:00
2017-01-13T00:49:49: 非记录时间：2017-01-13T00:49:49+08:00
2017-01-13T00:49:59: 非记录时间：2017-01-13T00:49:59+08:00
2017-01-13T00:50:09: 非记录时间：2017-01-13T00:50:09+08:00
2017-01-13T00:50:19: 非记录时间：2017-01-13T00:50:19+08:00
2017-01-13T00:50:29: 非记录时间：2017-01-13T00:50:29+08:00
2017-01-13T00:50:39: 非记录时间：2017-01-13T00:50:39+08:00
2017-01-13T00:50:49: 非记录时间：2017-01-13T00:50:49+08:00
2017-01-13T00:50:59: 非记录时间：2017-01-13T00:50:59+08:00
2017-01-13T00:51:09: 非记录时间：2017-01-13T00:51:09+08:00
2017-01-13T00:51:19: 非记录时间：2017-01-13T00:51:19+08:00
2017-01-13T00:51:29: 非记录时间：2017-01-13T00:51:29+08:00
2017-01-13T00:51:39: 非记录时间：2017-01-13T00:51:39+08:00
2017-01-13T00:51:49: 非记录时间：2017-01-13T00:51:49+08:00
2017-01-13T00:51:59: 非记录时间：2017-01-13T00:51:59+08:00
2017-01-13T00:52:09: 非记录时间：2017-01-13T00:52:09+08:00
2017-01-13T00:52:19: 非记录时间：2017-01-13T00:52:19+08:00
2017-01-13T00:52:29: 非记录时间：2017-01-13T00:52:29+08:00
2017-01-13T00:52:39: 非记录时间：2017-01-13T00:52:39+08:00
2017-01-13T00:52:49: 非记录时间：2017-01-13T00:52:49+08:00
2017-01-13T00:52:59: 非记录时间：2017-01-13T00:52:59+08:00
2017-01-13T00:53:09: 非记录时间：2017-01-13T00:53:09+08:00
2017-01-13T00:53:19: 非记录时间：2017-01-13T00:53:19+08:00
2017-01-13T00:53:29: 非记录时间：2017-01-13T00:53:29+08:00
2017-01-13T00:53:39: 非记录时间：2017-01-13T00:53:39+08:00
2017-01-13T00:53:49: 非记录时间：2017-01-13T00:53:49+08:00
2017-01-13T00:53:59: 非记录时间：2017-01-13T00:53:59+08:00
2017-01-13T00:54:09: 非记录时间：2017-01-13T00:54:09+08:00
2017-01-13T00:54:19: 非记录时间：2017-01-13T00:54:19+08:00
2017-01-13T00:54:29: 非记录时间：2017-01-13T00:54:29+08:00
2017-01-13T00:54:39: 非记录时间：2017-01-13T00:54:39+08:00
2017-01-13T00:54:49: 非记录时间：2017-01-13T00:54:49+08:00
2017-01-13T00:54:59: 非记录时间：2017-01-13T00:54:59+08:00
2017-01-13T00:55:09: 非记录时间：2017-01-13T00:55:09+08:00
2017-01-13T00:55:19: 非记录时间：2017-01-13T00:55:19+08:00
2017-01-13T00:55:29: 非记录时间：2017-01-13T00:55:29+08:00
2017-01-13T00:55:39: 非记录时间：2017-01-13T00:55:39+08:00
2017-01-13T00:55:49: 非记录时间：2017-01-13T00:55:49+08:00
2017-01-13T00:55:59: 非记录时间：2017-01-13T00:55:59+08:00
2017-01-13T00:56:09: 非记录时间：2017-01-13T00:56:09+08:00
2017-01-13T00:56:19: 非记录时间：2017-01-13T00:56:19+08:00
2017-01-13T00:56:29: 非记录时间：2017-01-13T00:56:29+08:00
2017-01-13T00:56:39: 非记录时间：2017-01-13T00:56:39+08:00
2017-01-13T00:56:49: 非记录时间：2017-01-13T00:56:49+08:00
2017-01-13T00:56:59: 非记录时间：2017-01-13T00:56:59+08:00
2017-01-13T00:57:09: 非记录时间：2017-01-13T00:57:09+08:00
2017-01-13T00:57:19: 非记录时间：2017-01-13T00:57:19+08:00
2017-01-13T00:57:29: 非记录时间：2017-01-13T00:57:29+08:00
2017-01-13T00:57:39: 非记录时间：2017-01-13T00:57:39+08:00
2017-01-13T00:57:49: 非记录时间：2017-01-13T00:57:49+08:00
2017-01-13T00:57:59: 非记录时间：2017-01-13T00:57:59+08:00
2017-01-13T00:58:09: 非记录时间：2017-01-13T00:58:09+08:00
2017-01-13T00:58:19: 非记录时间：2017-01-13T00:58:19+08:00
2017-01-13T00:58:29: 非记录时间：2017-01-13T00:58:29+08:00
2017-01-13T00:58:39: 非记录时间：2017-01-13T00:58:39+08:00
2017-01-13T00:58:49: 非记录时间：2017-01-13T00:58:49+08:00
2017-01-13T00:58:59: 非记录时间：2017-01-13T00:58:59+08:00
2017-01-13T00:59:09: 非记录时间：2017-01-13T00:59:09+08:00
2017-01-13T00:59:19: 非记录时间：2017-01-13T00:59:19+08:00
2017-01-13T00:59:29: 非记录时间：2017-01-13T00:59:29+08:00
2017-01-13T00:59:39: 非记录时间：2017-01-13T00:59:39+08:00
2017-01-13T00:59:49: 非记录时间：2017-01-13T00:59:49+08:00
2017-01-13T00:59:59: 非记录时间：2017-01-13T00:59:59+08:00
2017-01-13T01:00:09: 非记录时间：2017-01-13T01:00:09+08:00
2017-01-13T01:00:19: 非记录时间：2017-01-13T01:00:19+08:00
2017-01-13T01:00:29: 非记录时间：2017-01-13T01:00:29+08:00
2017-01-13T01:00:39: 非记录时间：2017-01-13T01:00:39+08:00
2017-01-13T01:00:49: 非记录时间：2017-01-13T01:00:49+08:00
2017-01-13T01:00:59: 非记录时间：2017-01-13T01:00:59+08:00
2017-01-13T01:01:09: 非记录时间：2017-01-13T01:01:09+08:00
2017-01-13T01:01:19: 非记录时间：2017-01-13T01:01:19+08:00
2017-01-13T01:01:29: 非记录时间：2017-01-13T01:01:29+08:00
2017-01-13T01:01:39: 非记录时间：2017-01-13T01:01:39+08:00
2017-01-13T01:01:49: 非记录时间：2017-01-13T01:01:49+08:00
2017-01-13T01:01:59: 非记录时间：2017-01-13T01:01:59+08:00
2017-01-13T01:02:09: 非记录时间：2017-01-13T01:02:09+08:00
2017-01-13T01:02:19: 非记录时间：2017-01-13T01:02:19+08:00
2017-01-13T01:02:29: 非记录时间：2017-01-13T01:02:29+08:00
2017-01-13T01:02:39: 非记录时间：2017-01-13T01:02:39+08:00
2017-01-13T01:02:49: 非记录时间：2017-01-13T01:02:49+08:00
2017-01-13T01:02:59: 非记录时间：2017-01-13T01:02:59+08:00
2017-01-13T01:03:09: 非记录时间：2017-01-13T01:03:09+08:00
2017-01-13T01:03:19: 非记录时间：2017-01-13T01:03:19+08:00
2017-01-13T01:03:29: 非记录时间：2017-01-13T01:03:29+08:00
2017-01-13T01:03:39: 非记录时间：2017-01-13T01:03:39+08:00
2017-01-13T01:03:49: 非记录时间：2017-01-13T01:03:49+08:00
2017-01-13T01:03:59: 非记录时间：2017-01-13T01:03:59+08:00
2017-01-13T01:04:09: 非记录时间：2017-01-13T01:04:09+08:00
2017-01-13T01:04:19: 非记录时间：2017-01-13T01:04:19+08:00
2017-01-13T01:04:29: 非记录时间：2017-01-13T01:04:29+08:00
2017-01-13T01:04:39: 非记录时间：2017-01-13T01:04:39+08:00
2017-01-13T01:04:49: 非记录时间：2017-01-13T01:04:49+08:00
2017-01-13T01:04:59: 非记录时间：2017-01-13T01:04:59+08:00
2017-01-13T01:05:09: 非记录时间：2017-01-13T01:05:09+08:00
2017-01-13T01:05:19: 非记录时间：2017-01-13T01:05:19+08:00
2017-01-13T01:05:29: 非记录时间：2017-01-13T01:05:29+08:00
2017-01-13T01:05:39: 非记录时间：2017-01-13T01:05:39+08:00
2017-01-13T01:05:49: 非记录时间：2017-01-13T01:05:49+08:00
2017-01-13T01:05:59: 非记录时间：2017-01-13T01:05:59+08:00
2017-01-13T01:06:09: 非记录时间：2017-01-13T01:06:09+08:00
2017-01-13T01:06:19: 非记录时间：2017-01-13T01:06:19+08:00
2017-01-13T01:06:29: 非记录时间：2017-01-13T01:06:29+08:00
2017-01-13T01:06:39: 非记录时间：2017-01-13T01:06:39+08:00
2017-01-13T01:06:49: 非记录时间：2017-01-13T01:06:49+08:00
2017-01-13T01:06:59: 非记录时间：2017-01-13T01:06:59+08:00
2017-01-13T01:07:09: 非记录时间：2017-01-13T01:07:09+08:00
2017-01-13T01:07:19: 非记录时间：2017-01-13T01:07:19+08:00
2017-01-13T01:07:29: 非记录时间：2017-01-13T01:07:29+08:00
2017-01-13T01:07:39: 非记录时间：2017-01-13T01:07:39+08:00
2017-01-13T01:07:49: 非记录时间：2017-01-13T01:07:49+08:00
2017-01-13T01:07:59: 非记录时间：2017-01-13T01:07:59+08:00
2017-01-13T01:08:09: 非记录时间：2017-01-13T01:08:09+08:00
2017-01-13T01:08:19: 非记录时间：2017-01-13T01:08:19+08:00
2017-01-13T01:08:29: 非记录时间：2017-01-13T01:08:29+08:00
2017-01-13T01:08:39: 非记录时间：2017-01-13T01:08:39+08:00
2017-01-13T01:08:49: 非记录时间：2017-01-13T01:08:49+08:00
2017-01-13T01:08:59: 非记录时间：2017-01-13T01:08:59+08:00
2017-01-13T01:09:09: 非记录时间：2017-01-13T01:09:09+08:00
2017-01-13T01:09:19: 非记录时间：2017-01-13T01:09:19+08:00
2017-01-13T01:09:29: 非记录时间：2017-01-13T01:09:29+08:00
2017-01-13T01:09:39: 非记录时间：2017-01-13T01:09:39+08:00
2017-01-13T01:09:49: 非记录时间：2017-01-13T01:09:49+08:00
2017-01-13T01:09:59: 非记录时间：2017-01-13T01:09:59+08:00
2017-01-13T01:10:09: 非记录时间：2017-01-13T01:10:09+08:00
2017-01-13T01:10:19: 非记录时间：2017-01-13T01:10:19+08:00
2017-01-13T01:10:29: 非记录时间：2017-01-13T01:10:29+08:00
2017-01-13T01:10:39: 非记录时间：2017-01-13T01:10:39+08:00
2017-01-13T01:10:49: 非记录时间：2017-01-13T01:10:49+08:00
2017-01-13T01:10:59: 非记录时间：2017-01-13T01:10:59+08:00
2017-01-13T01:11:10: 读取文件失败，可能是该文件不存在
2017-01-13T01:11:10: Error: ENOENT: no such file or directory, open './data/2017-01-13.json'
2017-01-13T01:11:20: 读取文件成功
2017-01-13T01:11:29: 读取文件成功
2017-01-13T01:11:40: 读取文件成功
2017-01-13T01:11:49: 读取文件成功
2017-01-13T01:11:59: 读取文件成功
2017-01-13T01:12:10: 读取文件成功
2017-01-13T01:12:20: 读取文件成功
2017-01-13T01:12:30: 读取文件成功
2017-01-13T01:12:40: 读取文件成功
2017-01-13T01:12:50: 读取文件成功
2017-01-13T01:13:01: 读取文件成功
2017-01-13T01:13:10: 读取文件成功
2017-01-13T01:13:20: 读取文件成功
2017-01-13T01:13:30: 读取文件成功
2017-01-13T01:13:40: 读取文件成功
2017-01-13T01:13:50: 读取文件成功
2017-01-13T01:14:00: 读取文件成功
2017-01-13T01:14:10: 读取文件成功
2017-01-13T01:14:20: 读取文件成功
2017-01-13T01:14:30: 读取文件成功
2017-01-13T01:14:40: 读取文件成功
2017-01-13T01:14:50: 读取文件成功
2017-01-13T01:15:00: 读取文件成功
2017-01-13T01:15:10: 读取文件成功
2017-01-13T01:15:22: 读取文件成功
2017-01-13T01:15:31: 读取文件成功
2017-01-13T01:15:50: 读取文件成功
2017-01-13T01:15:55: 读取文件成功
2017-01-13T01:16:00: 读取文件成功
2017-01-13T01:16:10: 读取文件成功
2017-01-13T01:16:20: 读取文件成功
2017-01-13T01:16:30: 读取文件成功
2017-01-13T01:16:40: 读取文件成功
2017-01-13T01:16:51: 读取文件成功
2017-01-13T01:17:01: 读取文件成功
2017-01-13T01:17:10: 读取文件成功
2017-01-13T01:17:20: 读取文件成功
2017-01-13T01:17:30: 读取文件成功
2017-01-13T01:17:46: 读取文件成功
2017-01-13T01:17:50: 读取文件成功
2017-01-13T01:18:00: 读取文件成功
2017-01-13T01:18:10: 读取文件成功
2017-01-13T01:18:20: 读取文件成功
2017-01-13T01:18:30: 读取文件成功
2017-01-13T01:18:40: 读取文件成功
2017-01-13T01:18:50: 读取文件成功
2017-01-13T01:19:03: 读取文件成功
2017-01-13T01:19:10: 读取文件成功
2017-01-13T01:19:20: 读取文件成功
2017-01-13T01:19:31: 读取文件成功
2017-01-13T01:19:40: 读取文件成功
2017-01-13T01:19:50: 读取文件成功
2017-01-13T01:20:00: 读取文件成功
2017-01-13T01:20:10: 读取文件成功
2017-01-13T01:20:20: 读取文件成功
2017-01-13T01:20:30: 读取文件成功
2017-01-13T01:20:40: 读取文件成功
2017-01-13T01:20:50: 读取文件成功
2017-01-13T01:21:00: 读取文件成功
2017-01-13T01:21:10: 读取文件成功
2017-01-13T01:21:20: 读取文件成功
2017-01-13T01:21:30: 读取文件成功
2017-01-13T01:21:40: 读取文件成功
2017-01-13T01:21:52: 读取文件成功
2017-01-13T01:22:00: 读取文件成功
2017-01-13T01:22:10: 读取文件成功
2017-01-13T01:22:20: 读取文件成功
2017-01-13T01:22:30: 读取文件成功
2017-01-13T01:22:40: 读取文件成功
2017-01-13T01:22:50: 读取文件成功
2017-01-13T01:23:00: 读取文件成功
2017-01-13T01:23:10: 读取文件成功
2017-01-13T01:23:20: 读取文件成功
2017-01-13T01:23:30: 读取文件成功
2017-01-13T01:23:40: 读取文件成功
2017-01-13T01:23:53: 读取文件成功
2017-01-13T01:24:00: 读取文件成功
2017-01-13T01:24:10: 读取文件成功
2017-01-13T01:24:20: 读取文件成功
2017-01-13T01:24:30: 读取文件成功
2017-01-13T01:24:41: 读取文件成功
2017-01-13T01:24:50: 读取文件成功
2017-01-13T01:25:00: 读取文件成功
2017-01-13T01:25:10: 读取文件成功
2017-01-13T01:25:20: 读取文件成功
2017-01-13T01:25:30: 读取文件成功
2017-01-13T01:25:40: 读取文件成功
2017-01-13T01:25:50: 读取文件成功
2017-01-13T01:26:00: 读取文件成功
2017-01-13T01:26:10: 读取文件成功
2017-01-13T01:26:20: 读取文件成功
2017-01-13T01:26:31: 读取文件成功
2017-01-13T01:26:40: 读取文件成功
2017-01-13T01:26:50: 读取文件成功
2017-01-13T01:27:00: 读取文件成功
2017-01-13T01:27:10: 读取文件成功
2017-01-13T01:27:20: 读取文件成功
2017-01-13T01:27:30: 读取文件成功
2017-01-13T01:27:40: 读取文件成功
2017-01-13T01:27:50: 读取文件成功
2017-01-13T01:28:00: 读取文件成功
2017-01-13T01:28:10: 读取文件成功
2017-01-13T01:28:20: 读取文件成功
2017-01-13T01:28:30: 读取文件成功
2017-01-13T01:28:40: 读取文件成功
2017-01-13T01:28:51: 读取文件成功
2017-01-13T01:29:02: 读取文件成功
2017-01-13T01:29:11: 读取文件成功
2017-01-13T01:29:21: 读取文件成功
2017-01-13T01:29:31: 读取文件成功
2017-01-13T01:29:41: 读取文件成功
2017-01-13T01:29:51: 读取文件成功
2017-01-13T01:30:01: 读取文件成功
2017-01-13T01:30:11: 读取文件成功
2017-01-13T01:30:21: 读取文件成功
2017-01-13T01:30:31: 读取文件成功
2017-01-13T01:30:41: 读取文件成功
2017-01-13T01:30:51: 读取文件成功
2017-01-13T01:31:01: 读取文件成功
2017-01-13T01:31:11: 读取文件成功
2017-01-13T01:31:21: 读取文件成功
2017-01-13T01:31:31: 读取文件成功
2017-01-13T01:31:41: 读取文件成功
2017-01-13T01:31:51: 读取文件成功
2017-01-13T01:32:01: 读取文件成功
2017-01-13T01:32:11: 读取文件成功
2017-01-13T01:32:21: 读取文件成功
2017-01-13T01:32:31: 读取文件成功
2017-01-13T01:32:41: 读取文件成功
2017-01-13T01:32:51: 读取文件成功
2017-01-13T01:33:01: 读取文件成功
2017-01-13T01:33:11: 读取文件成功
2017-01-13T01:33:21: 读取文件成功
2017-01-13T01:33:31: 读取文件成功
2017-01-13T01:33:41: 读取文件成功
2017-01-13T01:33:51: 读取文件成功
2017-01-13T01:34:06: 读取文件成功
2017-01-13T01:34:13: 读取文件成功
2017-01-13T01:34:21: 读取文件成功
2017-01-13T01:34:33: 读取文件成功
2017-01-13T01:34:46: 读取文件成功
2017-01-13T01:34:55: 读取文件成功
2017-01-13T01:35:01: 读取文件成功
2017-01-13T01:35:11: 读取文件成功
2017-01-13T01:35:21: 读取文件成功
2017-01-13T01:35:31: 读取文件成功
2017-01-13T01:35:41: 读取文件成功
2017-01-13T01:35:51: 读取文件成功
2017-01-13T01:36:01: 读取文件成功
2017-01-13T01:36:11: 读取文件成功
2017-01-13T01:36:21: 读取文件成功
2017-01-13T01:36:31: 读取文件成功
2017-01-13T01:36:41: 读取文件成功
2017-01-13T01:36:51: 读取文件成功
2017-01-13T01:37:01: 读取文件成功
2017-01-13T01:37:11: 读取文件成功
2017-01-13T01:37:21: 读取文件成功
2017-01-13T01:37:31: 读取文件成功
2017-01-13T01:37:41: 读取文件成功
2017-01-13T01:37:51: 读取文件成功
2017-01-13T01:38:01: 读取文件成功
2017-01-13T01:38:11: 读取文件成功
2017-01-13T01:38:21: 读取文件成功
2017-01-13T01:38:31: 读取文件成功
2017-01-13T01:38:41: 读取文件成功
2017-01-13T01:38:51: 读取文件成功
2017-01-13T01:39:01: 读取文件成功
2017-01-13T01:39:11: 读取文件成功
2017-01-13T01:39:21: 读取文件成功
2017-01-13T01:39:31: 读取文件成功
2017-01-13T01:39:41: 读取文件成功
2017-01-13T01:39:51: 读取文件成功
2017-01-13T01:40:01: 读取文件成功
2017-01-13T01:40:11: 读取文件成功
2017-01-13T01:40:21: 读取文件成功
2017-01-13T01:40:31: 读取文件成功
2017-01-13T01:40:41: 读取文件成功
2017-01-13T01:40:51: 读取文件成功
2017-01-13T01:41:01: 读取文件成功
2017-01-13T01:41:11: 读取文件成功
2017-01-13T01:41:21: 读取文件成功
2017-01-13T01:41:31: 读取文件成功
2017-01-13T01:41:41: 读取文件成功
2017-01-13T01:41:51: 读取文件成功
2017-01-13T01:42:01: 读取文件成功
2017-01-13T01:42:11: 读取文件成功
2017-01-13T01:42:21: 读取文件成功
2017-01-13T01:42:31: 读取文件成功
2017-01-13T01:42:41: 读取文件成功
2017-01-13T01:42:51: 读取文件成功
2017-01-13T01:43:01: 读取文件成功
2017-01-13T01:43:11: 读取文件成功
2017-01-13T01:43:21: 读取文件成功
2017-01-13T01:43:31: 读取文件成功
2017-01-13T01:43:41: 读取文件成功
2017-01-13T01:43:51: 读取文件成功
2017-01-13T01:44:01: 读取文件成功
2017-01-13T01:44:11: 读取文件成功
2017-01-13T01:44:21: 读取文件成功
2017-01-13T01:44:31: 读取文件成功
2017-01-13T01:44:42: 读取文件成功
2017-01-13T01:44:52: 读取文件成功
2017-01-13T01:45:01: 读取文件成功
2017-01-13T01:45:12: 读取文件成功
2017-01-13T01:45:22: 读取文件成功
2017-01-13T01:45:32: 读取文件成功
2017-01-13T01:45:42: 读取文件成功
2017-01-13T01:45:52: 读取文件成功
2017-01-13T01:46:02: 读取文件成功
2017-01-13T01:46:12: 读取文件成功
2017-01-13T01:46:22: 读取文件成功
2017-01-13T01:46:32: 读取文件成功
2017-01-13T01:46:42: 读取文件成功
2017-01-13T01:46:52: 读取文件成功
2017-01-13T01:47:02: 读取文件成功
2017-01-13T01:47:12: 读取文件成功
2017-01-13T01:47:22: 读取文件成功
2017-01-13T01:47:32: 读取文件成功
2017-01-13T01:47:42: 读取文件成功
2017-01-13T01:47:52: 读取文件成功
2017-01-13T01:48:02: 读取文件成功
2017-01-13T01:48:12: 读取文件成功
2017-01-13T01:48:22: 读取文件成功
2017-01-13T01:48:32: 读取文件成功
2017-01-13T01:48:42: 读取文件成功
2017-01-13T01:48:52: 读取文件成功
2017-01-13T01:49:02: 读取文件成功
2017-01-13T01:49:12: 读取文件成功
2017-01-13T01:49:22: 读取文件成功
2017-01-13T01:49:32: 读取文件成功
2017-01-13T01:49:42: 读取文件成功
2017-01-13T01:49:52: 读取文件成功
2017-01-13T01:50:02: 读取文件成功
2017-01-13T01:50:12: 读取文件成功
2017-01-13T01:50:22: 读取文件成功
2017-01-13T01:50:32: 读取文件成功
2017-01-13T01:50:42: 读取文件成功
2017-01-13T01:50:52: 读取文件成功
2017-01-13T01:51:02: 读取文件成功
2017-01-13T01:51:12: 读取文件成功
2017-01-13T01:51:22: 读取文件成功
2017-01-13T01:51:32: 读取文件成功
2017-01-13T01:51:42: 读取文件成功
2017-01-13T01:51:52: 读取文件成功
2017-01-13T01:52:02: 读取文件成功
2017-01-13T01:52:12: 读取文件成功
2017-01-13T01:52:22: 读取文件成功
2017-01-13T01:52:32: 读取文件成功
2017-01-13T01:52:42: 读取文件成功
2017-01-13T01:52:52: 读取文件成功
2017-01-13T01:53:02: 读取文件成功
2017-01-13T01:53:12: 读取文件成功
2017-01-13T01:53:22: 读取文件成功
2017-01-13T01:53:32: 读取文件成功
2017-01-13T01:53:42: 读取文件成功
2017-01-13T01:53:52: 读取文件成功
2017-01-13T01:54:02: 读取文件成功
2017-01-13T01:54:12: 读取文件成功
2017-01-13T01:54:22: 读取文件成功
2017-01-13T01:54:32: 读取文件成功
2017-01-13T01:54:42: 读取文件成功
2017-01-13T01:54:52: 读取文件成功
2017-01-13T01:55:02: 读取文件成功
2017-01-13T01:55:12: 读取文件成功
2017-01-13T01:55:22: 读取文件成功
2017-01-13T01:55:32: 读取文件成功
2017-01-13T01:55:42: 读取文件成功
2017-01-13T01:55:52: 读取文件成功
2017-01-13T01:56:02: 读取文件成功
2017-01-13T01:56:12: 读取文件成功
2017-01-13T01:56:22: 读取文件成功
2017-01-13T01:56:32: 读取文件成功
2017-01-13T01:56:43: 读取文件成功
2017-01-13T01:56:52: 读取文件成功
2017-01-13T01:57:02: 读取文件成功
2017-01-13T01:57:13: 读取文件成功
2017-01-13T01:57:22: 读取文件成功
2017-01-13T01:57:32: 读取文件成功
2017-01-13T01:57:42: 读取文件成功
2017-01-13T01:57:52: 读取文件成功
2017-01-13T01:58:02: 读取文件成功
2017-01-13T01:58:12: 读取文件成功
2017-01-13T01:58:22: 读取文件成功
2017-01-13T01:58:32: 读取文件成功
2017-01-13T01:58:42: 读取文件成功
2017-01-13T01:58:52: 读取文件成功
2017-01-13T01:59:02: 读取文件成功
2017-01-13T01:59:12: 读取文件成功
2017-01-13T01:59:22: 读取文件成功
2017-01-13T01:59:33: 读取文件成功
2017-01-13T01:59:42: 读取文件成功
2017-01-13T01:59:53: 读取文件成功
2017-01-13T02:00:02: 读取文件成功
2017-01-13T02:00:12: 读取文件成功
2017-01-13T02:00:23: 读取文件成功
2017-01-13T02:00:33: 读取文件成功
2017-01-13T02:00:43: 读取文件成功
2017-01-13T02:00:53: 读取文件成功
2017-01-13T02:01:03: 读取文件成功
2017-01-13T02:01:13: 读取文件成功
2017-01-13T02:01:23: 读取文件成功
2017-01-13T02:01:33: 读取文件成功
2017-01-13T02:01:43: 读取文件成功
2017-01-13T02:01:53: 读取文件成功
2017-01-13T02:02:03: 读取文件成功
2017-01-13T02:02:13: 读取文件成功
2017-01-13T02:02:23: 读取文件成功
2017-01-13T02:02:33: 读取文件成功
2017-01-13T02:02:43: 读取文件成功
2017-01-13T02:02:53: 读取文件成功
2017-01-13T02:03:03: 读取文件成功
2017-01-13T02:03:13: 读取文件成功
2017-01-13T02:03:23: 读取文件成功
2017-01-13T02:03:33: 读取文件成功
2017-01-13T02:03:43: 读取文件成功
2017-01-13T02:03:53: 读取文件成功
2017-01-13T02:04:03: 读取文件成功
2017-01-13T02:04:13: 读取文件成功
2017-01-13T02:04:23: 读取文件成功
2017-01-13T02:04:33: 读取文件成功
2017-01-13T02:04:48: 读取文件成功
2017-01-13T02:04:53: 读取文件成功
2017-01-13T02:05:03: 读取文件成功
2017-01-13T02:05:13: 读取文件成功
2017-01-13T02:05:23: 读取文件成功
2017-01-13T02:05:33: 读取文件成功
2017-01-13T02:05:43: 读取文件成功
2017-01-13T02:05:53: 读取文件成功
2017-01-13T02:06:03: 读取文件成功
2017-01-13T02:06:13: 读取文件成功
2017-01-13T02:06:23: 读取文件成功
2017-01-13T02:06:33: 读取文件成功
2017-01-13T02:06:43: 读取文件成功
2017-01-13T02:06:53: 读取文件成功
2017-01-13T02:07:03: 读取文件成功
2017-01-13T02:07:13: 读取文件成功
2017-01-13T02:07:23: 读取文件成功
2017-01-13T02:07:33: 读取文件成功
2017-01-13T02:07:43: 读取文件成功
2017-01-13T02:07:53: 读取文件成功
2017-01-13T02:08:03: 读取文件成功
2017-01-13T02:08:13: 读取文件成功
2017-01-13T02:08:23: 读取文件成功
2017-01-13T02:08:33: 读取文件成功
2017-01-13T02:08:43: 读取文件成功
2017-01-13T02:08:53: 读取文件成功
2017-01-13T02:09:03: 读取文件成功
2017-01-13T02:09:13: 读取文件成功
2017-01-13T02:09:23: 读取文件成功
2017-01-13T02:09:33: 读取文件成功
2017-01-13T02:09:43: 读取文件成功
2017-01-13T02:09:53: 读取文件成功
2017-01-13T02:10:03: 读取文件成功
2017-01-13T02:10:13: 读取文件成功
2017-01-13T02:10:23: 读取文件成功
2017-01-13T02:10:33: 读取文件成功
2017-01-13T02:10:43: 读取文件成功
2017-01-13T02:10:53: 读取文件成功
2017-01-13T02:11:03: 读取文件成功
2017-01-13T02:11:13: 读取文件成功
2017-01-13T02:11:23: 读取文件成功
2017-01-13T02:11:33: 读取文件成功
2017-01-13T02:11:43: 读取文件成功
2017-01-13T02:11:53: 读取文件成功
2017-01-13T02:12:03: 读取文件成功
2017-01-13T02:12:13: 读取文件成功
2017-01-13T02:12:23: 读取文件成功
2017-01-13T02:12:33: 读取文件成功
2017-01-13T02:12:43: 读取文件成功
2017-01-13T02:12:53: 读取文件成功
2017-01-13T02:13:03: 读取文件成功
2017-01-13T02:13:13: 读取文件成功
2017-01-13T02:13:23: 读取文件成功
2017-01-13T02:13:33: 读取文件成功
2017-01-13T02:13:43: 读取文件成功
2017-01-13T02:13:53: 读取文件成功
2017-01-13T02:14:03: 读取文件成功
2017-01-13T02:14:13: 读取文件成功
2017-01-13T02:14:23: 读取文件成功
2017-01-13T02:14:33: 读取文件成功
2017-01-13T02:14:43: 读取文件成功
2017-01-13T02:14:53: 读取文件成功
2017-01-13T02:15:03: 读取文件成功
2017-01-13T02:15:13: 读取文件成功
2017-01-13T02:15:23: 读取文件成功
2017-01-13T02:15:33: 读取文件成功
2017-01-13T02:15:43: 读取文件成功
2017-01-13T02:15:53: 读取文件成功
2017-01-13T02:16:03: 读取文件成功
2017-01-13T02:16:13: 读取文件成功
2017-01-13T02:16:23: 读取文件成功
2017-01-13T02:16:33: 读取文件成功
2017-01-13T02:16:43: 读取文件成功
2017-01-13T02:16:53: 读取文件成功
2017-01-13T02:17:03: 读取文件成功
2017-01-13T02:17:13: 读取文件成功
2017-01-13T02:17:23: 读取文件成功
2017-01-13T02:17:33: 读取文件成功
2017-01-13T02:17:44: 读取文件成功
2017-01-13T02:17:53: 读取文件成功
2017-01-13T02:18:03: 读取文件成功
2017-01-13T02:18:14: 读取文件成功
2017-01-13T02:18:24: 读取文件成功
2017-01-13T02:18:34: 读取文件成功
2017-01-13T02:18:44: 读取文件成功
2017-01-13T02:18:54: 读取文件成功
2017-01-13T02:19:04: 读取文件成功
2017-01-13T02:19:14: 读取文件成功
2017-01-13T02:19:24: 读取文件成功
2017-01-13T02:19:34: 读取文件成功
2017-01-13T02:19:44: 读取文件成功
2017-01-13T02:19:54: 读取文件成功
2017-01-13T02:20:04: 读取文件成功
2017-01-13T02:20:14: 读取文件成功
2017-01-13T02:20:24: 读取文件成功
2017-01-13T02:20:34: 读取文件成功
2017-01-13T02:20:44: 读取文件成功
2017-01-13T02:20:54: 读取文件成功
2017-01-13T02:21:04: 读取文件成功
2017-01-13T02:21:14: 读取文件成功
2017-01-13T02:21:24: 读取文件成功
2017-01-13T02:21:34: 读取文件成功
2017-01-13T02:21:44: 读取文件成功
2017-01-13T02:21:54: 读取文件成功
2017-01-13T02:22:04: 读取文件成功
2017-01-13T02:22:14: 读取文件成功
2017-01-13T02:22:24: 读取文件成功
2017-01-13T02:22:34: 读取文件成功
2017-01-13T02:22:44: 读取文件成功
2017-01-13T02:22:54: 读取文件成功
2017-01-13T02:23:04: 读取文件成功
2017-01-13T02:23:14: 读取文件成功
2017-01-13T02:23:24: 读取文件成功
2017-01-13T02:23:34: 读取文件成功
2017-01-13T02:23:44: 读取文件成功
2017-01-13T02:23:54: 读取文件成功
2017-01-13T02:24:04: 读取文件成功
2017-01-13T02:24:14: 读取文件成功
2017-01-13T02:24:24: 读取文件成功
2017-01-13T02:24:34: 读取文件成功
2017-01-13T02:24:44: 读取文件成功
2017-01-13T02:24:54: 读取文件成功
2017-01-13T02:25:04: 读取文件成功
2017-01-13T02:25:14: 读取文件成功
2017-01-13T02:25:24: 读取文件成功
2017-01-13T02:25:34: 读取文件成功
2017-01-13T02:25:44: 读取文件成功
2017-01-13T02:25:54: 读取文件成功
2017-01-13T02:26:04: 读取文件成功
2017-01-13T02:26:14: 读取文件成功
2017-01-13T02:26:24: 读取文件成功
2017-01-13T02:26:34: 读取文件成功
2017-01-13T02:26:44: 读取文件成功
2017-01-13T02:26:54: 读取文件成功
2017-01-13T02:27:04: 读取文件成功
2017-01-13T02:27:14: 读取文件成功
2017-01-13T02:27:24: 读取文件成功
2017-01-13T02:27:34: 读取文件成功
2017-01-13T02:27:44: 读取文件成功
2017-01-13T02:27:54: 读取文件成功
2017-01-13T02:28:04: 读取文件成功
2017-01-13T02:28:14: 读取文件成功
2017-01-13T02:28:24: 读取文件成功
2017-01-13T02:28:34: 读取文件成功
2017-01-13T02:28:44: 读取文件成功
2017-01-13T02:28:54: 读取文件成功
2017-01-13T02:29:04: 读取文件成功
2017-01-13T02:29:14: 读取文件成功
2017-01-13T02:29:24: 读取文件成功
2017-01-13T02:29:34: 读取文件成功
2017-01-13T02:29:44: 读取文件成功
2017-01-13T02:29:54: 读取文件成功
2017-01-13T02:30:04: 读取文件成功
2017-01-13T02:30:14: 读取文件成功
2017-01-13T02:30:24: 读取文件成功
2017-01-13T02:30:34: 读取文件成功
2017-01-13T02:30:44: 读取文件成功
2017-01-13T02:30:54: 读取文件成功
2017-01-13T02:31:04: 读取文件成功
2017-01-13T02:31:14: 读取文件成功
2017-01-13T02:31:24: 读取文件成功
2017-01-13T02:31:34: 读取文件成功
2017-01-13T02:31:44: 读取文件成功
2017-01-13T02:31:54: 读取文件成功
2017-01-13T02:32:04: 读取文件成功
2017-01-13T02:32:14: 读取文件成功
2017-01-13T02:32:24: 读取文件成功
2017-01-13T02:32:34: 读取文件成功
2017-01-13T02:32:44: 读取文件成功
2017-01-13T02:32:54: 读取文件成功
2017-01-13T02:33:05: 读取文件成功
2017-01-13T02:33:14: 读取文件成功
2017-01-13T02:33:24: 读取文件成功
2017-01-13T02:33:35: 读取文件成功
2017-01-13T02:33:45: 读取文件成功
2017-01-13T02:33:55: 读取文件成功
2017-01-13T02:34:05: 读取文件成功
2017-01-13T02:34:15: 读取文件成功
2017-01-13T02:34:25: 读取文件成功
2017-01-13T02:34:35: 读取文件成功
2017-01-13T02:34:45: 读取文件成功
2017-01-13T02:34:55: 读取文件成功
2017-01-13T02:35:05: 读取文件成功
2017-01-13T02:35:15: 读取文件成功
2017-01-13T02:35:25: 读取文件成功
2017-01-13T02:35:35: 读取文件成功
2017-01-13T02:35:45: 读取文件成功
2017-01-13T02:35:55: 读取文件成功
2017-01-13T02:36:05: 读取文件成功
2017-01-13T02:36:15: 读取文件成功
2017-01-13T02:36:25: 读取文件成功
2017-01-13T02:36:35: 读取文件成功
2017-01-13T02:36:45: 读取文件成功
2017-01-13T02:36:55: 读取文件成功
2017-01-13T02:37:05: 读取文件成功
2017-01-13T02:37:15: 读取文件成功
2017-01-13T02:37:25: 读取文件成功
2017-01-13T02:37:35: 读取文件成功
2017-01-13T02:37:45: 读取文件成功
2017-01-13T02:37:55: 读取文件成功
2017-01-13T02:38:05: 读取文件成功
2017-01-13T02:38:15: 读取文件成功
2017-01-13T02:38:25: 读取文件成功
2017-01-13T02:38:35: 读取文件成功
2017-01-13T02:38:45: 读取文件成功
2017-01-13T02:38:55: 读取文件成功
2017-01-13T02:39:05: 读取文件成功
2017-01-13T02:39:15: 读取文件成功
2017-01-13T02:39:25: 读取文件成功
2017-01-13T02:39:35: 读取文件成功
2017-01-13T02:39:45: 读取文件成功
2017-01-13T02:39:55: 读取文件成功
2017-01-13T02:40:05: 读取文件成功
2017-01-13T02:40:15: 读取文件成功
2017-01-13T02:40:25: 读取文件成功
2017-01-13T02:40:35: 读取文件成功
2017-01-13T02:40:45: 读取文件成功
2017-01-13T02:40:55: 读取文件成功
2017-01-13T02:41:05: 读取文件成功
2017-01-13T02:41:15: 读取文件成功
2017-01-13T02:41:25: 读取文件成功
2017-01-13T02:41:35: 读取文件成功
2017-01-13T02:41:45: 读取文件成功
2017-01-13T02:41:55: 读取文件成功
2017-01-13T02:42:05: 读取文件成功
2017-01-13T02:42:15: 读取文件成功
2017-01-13T02:42:25: 读取文件成功
2017-01-13T02:42:35: 读取文件成功
2017-01-13T02:42:45: 读取文件成功
2017-01-13T02:42:55: 读取文件成功
2017-01-13T02:43:05: 读取文件成功
2017-01-13T02:43:15: 读取文件成功
2017-01-13T02:43:25: 读取文件成功
2017-01-13T02:43:35: 读取文件成功
2017-01-13T02:43:45: 读取文件成功
2017-01-13T02:43:55: 读取文件成功
2017-01-13T02:44:05: 读取文件成功
2017-01-13T02:44:15: 读取文件成功
2017-01-13T02:44:25: 读取文件成功
2017-01-13T02:44:35: 读取文件成功
2017-01-13T02:44:45: 读取文件成功
2017-01-13T02:44:55: 读取文件成功
2017-01-13T02:45:05: 读取文件成功
2017-01-13T02:45:15: 读取文件成功
2017-01-13T02:45:25: 读取文件成功
2017-01-13T02:45:35: 读取文件成功
2017-01-13T02:45:45: 读取文件成功
2017-01-13T02:45:55: 读取文件成功
2017-01-13T02:46:05: 读取文件成功
2017-01-13T02:46:15: 读取文件成功
2017-01-13T02:46:25: 读取文件成功
2017-01-13T02:46:35: 读取文件成功
2017-01-13T02:46:45: 读取文件成功
2017-01-13T02:46:55: 读取文件成功
2017-01-13T02:47:05: 读取文件成功
2017-01-13T02:47:15: 读取文件成功
2017-01-13T02:47:25: 读取文件成功
2017-01-13T02:47:35: 读取文件成功
2017-01-13T02:47:46: 读取文件成功
2017-01-13T02:47:55: 读取文件成功
2017-01-13T02:48:05: 读取文件成功
2017-01-13T02:48:15: 读取文件成功
2017-01-13T02:48:25: 读取文件成功
2017-01-13T02:48:35: 读取文件成功
2017-01-13T02:48:45: 读取文件成功
2017-01-13T02:48:55: 读取文件成功
2017-01-13T02:49:05: 读取文件成功
2017-01-13T02:49:15: 读取文件成功
2017-01-13T02:49:25: 读取文件成功
2017-01-13T02:49:35: 读取文件成功
2017-01-13T02:49:45: 读取文件成功
2017-01-13T02:49:55: 读取文件成功
2017-01-13T02:50:05: 读取文件成功
2017-01-13T02:50:15: 读取文件成功
2017-01-13T02:50:25: 读取文件成功
2017-01-13T02:50:36: 读取文件成功
2017-01-13T02:50:45: 读取文件成功
2017-01-13T02:50:56: 读取文件成功
2017-01-13T02:51:06: 读取文件成功
2017-01-13T02:51:16: 读取文件成功
2017-01-13T02:51:26: 读取文件成功
2017-01-13T02:51:36: 读取文件成功
2017-01-13T02:51:46: 读取文件成功
2017-01-13T02:51:56: 读取文件成功
2017-01-13T02:52:06: 读取文件成功
2017-01-13T02:52:16: 读取文件成功
2017-01-13T02:52:26: 读取文件成功
2017-01-13T02:52:36: 读取文件成功
2017-01-13T02:52:46: 读取文件成功
2017-01-13T02:52:56: 读取文件成功
2017-01-13T02:53:06: 读取文件成功
2017-01-13T02:53:16: 读取文件成功
2017-01-13T02:53:26: 读取文件成功
2017-01-13T02:53:36: 读取文件成功
2017-01-13T02:53:46: 读取文件成功
2017-01-13T02:53:56: 读取文件成功
2017-01-13T02:54:06: 读取文件成功
2017-01-13T02:54:16: 读取文件成功
2017-01-13T02:54:26: 读取文件成功
2017-01-13T02:54:36: 读取文件成功
2017-01-13T02:54:46: 读取文件成功
2017-01-13T02:54:56: 读取文件成功
2017-01-13T02:55:06: 读取文件成功
2017-01-13T02:55:16: 读取文件成功
2017-01-13T02:55:26: 读取文件成功
2017-01-13T02:55:36: 读取文件成功
2017-01-13T02:55:46: 读取文件成功
2017-01-13T02:55:56: 读取文件成功
2017-01-13T02:56:06: 读取文件成功
2017-01-13T02:56:16: 读取文件成功
2017-01-13T02:56:26: 读取文件成功
2017-01-13T02:56:36: 读取文件成功
2017-01-13T02:56:46: 读取文件成功
2017-01-13T02:56:56: 读取文件成功
2017-01-13T02:57:06: 读取文件成功
2017-01-13T02:57:16: 读取文件成功
2017-01-13T02:57:26: 读取文件成功
2017-01-13T02:57:36: 读取文件成功
2017-01-13T02:57:46: 读取文件成功
2017-01-13T02:57:56: 读取文件成功
2017-01-13T02:58:06: 读取文件成功
2017-01-13T02:58:16: 读取文件成功
2017-01-13T02:58:26: 读取文件成功
2017-01-13T02:58:36: 读取文件成功
2017-01-13T02:58:46: 读取文件成功
2017-01-13T02:58:56: 读取文件成功
2017-01-13T02:59:06: 读取文件成功
2017-01-13T02:59:16: 读取文件成功
2017-01-13T02:59:26: 读取文件成功
2017-01-13T02:59:36: 读取文件成功
2017-01-13T02:59:46: 读取文件成功
2017-01-13T02:59:56: 读取文件成功
2017-01-13T03:00:06: 读取文件成功
2017-01-13T03:00:16: 读取文件成功
2017-01-13T03:00:26: 读取文件成功
2017-01-13T03:00:36: 读取文件成功
2017-01-13T03:00:46: 读取文件成功
2017-01-13T03:00:56: 读取文件成功
2017-01-13T03:01:07: 读取文件成功
2017-01-13T03:01:16: 读取文件成功
2017-01-13T03:01:26: 读取文件成功
2017-01-13T03:01:36: 读取文件成功
2017-01-13T03:01:46: 读取文件成功
2017-01-13T03:01:56: 读取文件成功
2017-01-13T03:02:06: 读取文件成功
2017-01-13T03:02:16: 读取文件成功
2017-01-13T03:02:26: 读取文件成功
2017-01-13T03:02:36: 读取文件成功
2017-01-13T03:02:46: 读取文件成功
2017-01-13T03:02:56: 读取文件成功
2017-01-13T03:03:06: 读取文件成功
2017-01-13T03:03:16: 读取文件成功
2017-01-13T03:03:26: 读取文件成功
2017-01-13T03:03:36: 读取文件成功
2017-01-13T03:03:46: 读取文件成功
2017-01-13T03:03:56: 读取文件成功
2017-01-13T03:04:06: 读取文件成功
2017-01-13T03:04:16: 读取文件成功
2017-01-13T03:04:26: 读取文件成功
2017-01-13T03:04:36: 读取文件成功
2017-01-13T03:04:46: 读取文件成功
2017-01-13T03:04:56: 读取文件成功
2017-01-13T03:05:06: 读取文件成功
2017-01-13T03:05:16: 读取文件成功
2017-01-13T03:05:26: 读取文件成功
2017-01-13T03:05:36: 读取文件成功
2017-01-13T03:05:46: 读取文件成功
2017-01-13T03:05:56: 读取文件成功
2017-01-13T03:06:06: 读取文件成功
2017-01-13T03:06:16: 读取文件成功
2017-01-13T03:06:26: 读取文件成功
2017-01-13T03:06:36: 读取文件成功
2017-01-13T03:06:47: 读取文件成功
2017-01-13T03:06:56: 读取文件成功
2017-01-13T03:07:06: 读取文件成功
2017-01-13T03:07:16: 读取文件成功
2017-01-13T03:07:26: 读取文件成功
2017-01-13T03:07:36: 读取文件成功
2017-01-13T03:07:47: 读取文件成功
2017-01-13T03:07:56: 读取文件成功
2017-01-13T03:08:07: 读取文件成功
2017-01-13T03:08:17: 读取文件成功
2017-01-13T03:08:27: 读取文件成功
2017-01-13T03:08:37: 读取文件成功
2017-01-13T03:08:47: 读取文件成功
2017-01-13T03:08:57: 读取文件成功
2017-01-13T03:09:07: 读取文件成功
2017-01-13T03:09:17: 读取文件成功
2017-01-13T03:09:27: 读取文件成功
2017-01-13T03:09:37: 读取文件成功
2017-01-13T03:09:47: 读取文件成功
2017-01-13T03:09:57: 读取文件成功
2017-01-13T03:10:07: 读取文件成功
2017-01-13T03:10:17: 读取文件成功
2017-01-13T03:10:27: 读取文件成功
2017-01-13T03:10:37: 读取文件成功
2017-01-13T03:10:47: 读取文件成功
2017-01-13T03:10:57: 读取文件成功
2017-01-13T03:11:07: 读取文件成功
2017-01-13T03:11:17: 读取文件成功
2017-01-13T03:11:27: 读取文件成功
2017-01-13T03:11:37: 读取文件成功
2017-01-13T03:11:47: 读取文件成功
2017-01-13T03:11:57: 读取文件成功
2017-01-13T03:12:07: 读取文件成功
2017-01-13T03:12:17: 读取文件成功
2017-01-13T03:12:27: 读取文件成功
2017-01-13T03:12:37: 读取文件成功
2017-01-13T03:12:47: 读取文件成功
2017-01-13T03:12:57: 读取文件成功
2017-01-13T03:13:07: 读取文件成功
2017-01-13T03:13:17: 读取文件成功
2017-01-13T03:13:27: 读取文件成功
2017-01-13T03:13:37: 读取文件成功
2017-01-13T03:13:47: 读取文件成功
2017-01-13T03:13:57: 读取文件成功
2017-01-13T03:14:07: 读取文件成功
2017-01-13T03:14:17: 读取文件成功
2017-01-13T03:14:27: 读取文件成功
2017-01-13T03:14:37: 读取文件成功
2017-01-13T03:14:47: 读取文件成功
2017-01-13T03:14:57: 读取文件成功
2017-01-13T03:15:07: 读取文件成功
2017-01-13T03:15:17: 读取文件成功
2017-01-13T03:15:27: 读取文件成功
2017-01-13T03:15:37: 读取文件成功
2017-01-13T03:15:47: 读取文件成功
2017-01-13T03:15:57: 读取文件成功
2017-01-13T03:16:07: 读取文件成功
2017-01-13T03:16:17: 读取文件成功
2017-01-13T03:16:27: 读取文件成功
2017-01-13T03:16:37: 读取文件成功
2017-01-13T03:16:47: 读取文件成功
2017-01-13T03:16:57: 读取文件成功
2017-01-13T03:17:07: 读取文件成功
2017-01-13T03:17:17: 读取文件成功
2017-01-13T03:17:27: 读取文件成功
2017-01-13T03:17:37: 读取文件成功
2017-01-13T03:17:47: 读取文件成功
2017-01-13T03:17:57: 读取文件成功
2017-01-13T03:18:07: 读取文件成功
2017-01-13T03:18:17: 读取文件成功
2017-01-13T03:18:27: 读取文件成功
2017-01-13T03:18:37: 读取文件成功
2017-01-13T03:18:47: 读取文件成功
2017-01-13T03:18:57: 读取文件成功
2017-01-13T03:19:07: 读取文件成功
2017-01-13T03:19:17: 读取文件成功
2017-01-13T03:19:27: 读取文件成功
2017-01-13T03:19:37: 读取文件成功
2017-01-13T03:19:47: 读取文件成功
2017-01-13T03:19:57: 读取文件成功
2017-01-13T03:20:07: 读取文件成功
2017-01-13T03:20:17: 读取文件成功
2017-01-13T03:20:27: 读取文件成功
2017-01-13T03:20:37: 读取文件成功
2017-01-13T03:20:47: 读取文件成功
2017-01-13T03:20:57: 读取文件成功
2017-01-13T03:21:07: 读取文件成功
2017-01-13T03:21:17: 读取文件成功
2017-01-13T03:21:27: 读取文件成功
2017-01-13T03:21:37: 读取文件成功
2017-01-13T03:21:47: 读取文件成功
2017-01-13T03:21:57: 读取文件成功
2017-01-13T03:22:07: 读取文件成功
2017-01-13T03:22:17: 读取文件成功
2017-01-13T03:22:27: 读取文件成功
2017-01-13T03:22:37: 读取文件成功
2017-01-13T03:22:47: 读取文件成功
2017-01-13T03:22:57: 读取文件成功
2017-01-13T03:23:07: 读取文件成功
2017-01-13T03:23:17: 读取文件成功
2017-01-13T03:23:27: 读取文件成功
2017-01-13T03:23:37: 读取文件成功
2017-01-13T03:23:47: 读取文件成功
2017-01-13T03:23:57: 读取文件成功
2017-01-13T03:24:07: 读取文件成功
2017-01-13T03:24:18: 读取文件成功
2017-01-13T03:24:28: 读取文件成功
2017-01-13T03:24:38: 读取文件成功
2017-01-13T03:24:48: 读取文件成功
2017-01-13T03:24:58: 读取文件成功
2017-01-13T03:25:08: 读取文件成功
2017-01-13T03:25:18: 读取文件成功
2017-01-13T03:25:28: 读取文件成功
2017-01-13T03:25:38: 读取文件成功
2017-01-13T03:25:48: 读取文件成功
2017-01-13T03:25:58: 读取文件成功
2017-01-13T03:26:08: 读取文件成功
2017-01-13T03:26:18: 读取文件成功
2017-01-13T03:26:28: 读取文件成功
2017-01-13T03:26:38: 读取文件成功
2017-01-13T03:26:48: 读取文件成功
2017-01-13T03:26:58: 读取文件成功
2017-01-13T03:27:08: 读取文件成功
2017-01-13T03:27:18: 读取文件成功
2017-01-13T03:27:28: 读取文件成功
2017-01-13T03:27:38: 读取文件成功
2017-01-13T03:27:48: 读取文件成功
2017-01-13T03:27:58: 读取文件成功
2017-01-13T03:28:08: 读取文件成功
2017-01-13T03:28:18: 读取文件成功
2017-01-13T03:28:28: 读取文件成功
2017-01-13T03:28:38: 读取文件成功
2017-01-13T03:28:48: 读取文件成功
2017-01-13T03:28:58: 读取文件成功
2017-01-13T03:29:08: 读取文件成功
2017-01-13T03:29:18: 读取文件成功
2017-01-13T03:29:28: 读取文件成功
2017-01-13T03:29:38: 读取文件成功
2017-01-13T03:29:48: 读取文件成功
2017-01-13T03:29:58: 读取文件成功
2017-01-13T03:30:08: 读取文件成功
2017-01-13T03:30:18: 读取文件成功
2017-01-13T03:30:28: 读取文件成功
2017-01-13T03:30:38: 读取文件成功
2017-01-13T03:30:48: 读取文件成功
2017-01-13T03:30:58: 读取文件成功
2017-01-13T03:31:08: 读取文件成功
2017-01-13T03:31:18: 读取文件成功
2017-01-13T03:31:28: 读取文件成功
2017-01-13T03:31:38: 读取文件成功
2017-01-13T03:31:48: 读取文件成功
2017-01-13T03:31:58: 读取文件成功
2017-01-13T03:32:08: 读取文件成功
2017-01-13T03:32:18: 读取文件成功
2017-01-13T03:32:28: 读取文件成功
2017-01-13T03:32:38: 读取文件成功
2017-01-13T03:32:48: 读取文件成功
2017-01-13T03:32:58: 读取文件成功
2017-01-13T03:33:08: 读取文件成功
2017-01-13T03:33:18: 读取文件成功
2017-01-13T03:33:28: 读取文件成功
2017-01-13T03:33:38: 读取文件成功
2017-01-13T03:33:48: 读取文件成功
2017-01-13T03:33:58: 读取文件成功
2017-01-13T03:34:08: 读取文件成功
2017-01-13T03:34:18: 读取文件成功
2017-01-13T03:34:28: 读取文件成功
2017-01-13T03:34:38: 读取文件成功
2017-01-13T03:34:48: 读取文件成功
2017-01-13T03:34:58: 读取文件成功
2017-01-13T03:35:08: 读取文件成功
2017-01-13T03:35:18: 读取文件成功
2017-01-13T03:35:28: 读取文件成功
2017-01-13T03:35:38: 读取文件成功
2017-01-13T03:35:48: 读取文件成功
2017-01-13T03:35:58: 读取文件成功
2017-01-13T03:36:08: 读取文件成功
2017-01-13T03:36:18: 读取文件成功
2017-01-13T03:36:28: 读取文件成功
2017-01-13T03:36:38: 读取文件成功
2017-01-13T03:36:48: 读取文件成功
2017-01-13T03:36:58: 读取文件成功
2017-01-13T03:37:08: 读取文件成功
2017-01-13T03:37:18: 读取文件成功
2017-01-13T03:37:28: 读取文件成功
2017-01-13T03:37:38: 读取文件成功
2017-01-13T03:37:48: 读取文件成功
2017-01-13T03:37:58: 读取文件成功
2017-01-13T03:38:08: 读取文件成功
2017-01-13T03:38:18: 读取文件成功
2017-01-13T03:38:28: 读取文件成功
2017-01-13T03:38:38: 读取文件成功
2017-01-13T03:38:48: 读取文件成功
2017-01-13T03:38:58: 读取文件成功
2017-01-13T03:39:08: 读取文件成功
2017-01-13T03:39:18: 读取文件成功
2017-01-13T03:39:28: 读取文件成功
2017-01-13T03:39:38: 读取文件成功
2017-01-13T03:39:48: 读取文件成功
2017-01-13T03:39:58: 读取文件成功
2017-01-13T03:40:08: 读取文件成功
2017-01-13T03:40:18: 读取文件成功
2017-01-13T03:40:28: 读取文件成功
2017-01-13T03:40:38: 读取文件成功
2017-01-13T03:40:48: 读取文件成功
2017-01-13T03:40:58: 读取文件成功
2017-01-13T03:41:08: 读取文件成功
2017-01-13T03:41:18: 读取文件成功
2017-01-13T03:41:29: 读取文件成功
2017-01-13T03:41:39: 读取文件成功
2017-01-13T03:41:49: 读取文件成功
2017-01-13T03:41:59: 读取文件成功
2017-01-13T03:42:09: 读取文件成功
2017-01-13T03:42:19: 读取文件成功
2017-01-13T03:42:29: 读取文件成功
2017-01-13T03:42:39: 读取文件成功
2017-01-13T03:42:49: 读取文件成功
2017-01-13T03:42:59: 读取文件成功
2017-01-13T03:43:09: 读取文件成功
2017-01-13T03:43:19: 读取文件成功
2017-01-13T03:43:29: 读取文件成功
2017-01-13T03:43:39: 读取文件成功
2017-01-13T03:43:49: 读取文件成功
2017-01-13T03:43:59: 读取文件成功
2017-01-13T03:44:09: 读取文件成功
2017-01-13T03:44:19: 读取文件成功
2017-01-13T03:44:29: 读取文件成功
2017-01-13T03:44:39: 读取文件成功
2017-01-13T03:44:49: 读取文件成功
2017-01-13T03:44:59: 读取文件成功
2017-01-13T03:45:09: 读取文件成功
2017-01-13T03:45:19: 读取文件成功
2017-01-13T03:45:29: 读取文件成功
2017-01-13T03:45:39: 读取文件成功
2017-01-13T03:45:49: 读取文件成功
2017-01-13T03:45:59: 读取文件成功
2017-01-13T03:46:09: 读取文件成功
2017-01-13T03:46:19: 读取文件成功
2017-01-13T03:46:29: 读取文件成功
2017-01-13T03:46:39: 读取文件成功
2017-01-13T03:46:49: 读取文件成功
2017-01-13T03:46:59: 读取文件成功
2017-01-13T03:47:09: 读取文件成功
2017-01-13T03:47:19: 读取文件成功
2017-01-13T03:47:29: 读取文件成功
2017-01-13T03:47:39: 读取文件成功
2017-01-13T03:47:49: 读取文件成功
2017-01-13T03:47:59: 读取文件成功
2017-01-13T03:48:09: 读取文件成功
2017-01-13T03:48:19: 读取文件成功
2017-01-13T03:48:29: 读取文件成功
2017-01-13T03:48:39: 读取文件成功
2017-01-13T03:48:49: 读取文件成功
2017-01-13T03:48:59: 读取文件成功
2017-01-13T03:49:09: 读取文件成功
2017-01-13T03:49:19: 读取文件成功
2017-01-13T03:49:29: 读取文件成功
2017-01-13T03:49:39: 读取文件成功
2017-01-13T03:49:49: 读取文件成功
2017-01-13T03:49:59: 读取文件成功
2017-01-13T03:50:09: 读取文件成功
2017-01-13T03:50:19: 读取文件成功
2017-01-13T03:50:29: 读取文件成功
2017-01-13T03:50:39: 读取文件成功
2017-01-13T03:50:49: 读取文件成功
2017-01-13T03:50:59: 读取文件成功
2017-01-13T03:51:09: 读取文件成功
2017-01-13T03:51:19: 读取文件成功
2017-01-13T03:51:29: 读取文件成功
2017-01-13T03:51:39: 读取文件成功
2017-01-13T03:51:49: 读取文件成功
2017-01-13T03:51:59: 读取文件成功
2017-01-13T03:52:09: 读取文件成功
2017-01-13T03:52:19: 读取文件成功
2017-01-13T03:52:29: 读取文件成功
2017-01-13T03:52:39: 读取文件成功
2017-01-13T03:52:49: 读取文件成功
2017-01-13T03:52:59: 读取文件成功
2017-01-13T03:53:09: 读取文件成功
2017-01-13T03:53:19: 读取文件成功
2017-01-13T03:53:29: 读取文件成功
2017-01-13T03:53:39: 读取文件成功
2017-01-13T03:53:49: 读取文件成功
2017-01-13T03:53:59: 读取文件成功
2017-01-13T03:54:09: 读取文件成功
2017-01-13T03:54:19: 读取文件成功
2017-01-13T03:54:29: 读取文件成功
2017-01-13T03:54:39: 读取文件成功
2017-01-13T03:54:49: 读取文件成功
2017-01-13T03:54:59: 读取文件成功
2017-01-13T03:55:09: 读取文件成功
2017-01-13T03:55:19: 读取文件成功
2017-01-13T03:55:29: 读取文件成功
2017-01-13T03:55:39: 读取文件成功
2017-01-13T03:55:49: 读取文件成功
2017-01-13T03:55:59: 读取文件成功
2017-01-13T03:56:09: 读取文件成功
2017-01-13T03:56:19: 读取文件成功
2017-01-13T03:56:29: 读取文件成功
2017-01-13T03:56:39: 读取文件成功
2017-01-13T03:56:49: 读取文件成功
2017-01-13T03:56:59: 读取文件成功
2017-01-13T03:57:09: 读取文件成功
2017-01-13T03:57:19: 读取文件成功
2017-01-13T03:57:29: 读取文件成功
2017-01-13T03:57:39: 读取文件成功
2017-01-13T03:57:49: 读取文件成功
2017-01-13T03:57:59: 读取文件成功
2017-01-13T03:58:09: 读取文件成功
2017-01-13T03:58:19: 读取文件成功
2017-01-13T03:58:30: 读取文件成功
2017-01-13T03:58:40: 读取文件成功
2017-01-13T03:58:50: 读取文件成功
2017-01-13T03:59:00: 读取文件成功
2017-01-13T03:59:10: 读取文件成功
2017-01-13T03:59:20: 读取文件成功
2017-01-13T03:59:30: 读取文件成功
2017-01-13T03:59:40: 读取文件成功
2017-01-13T03:59:50: 读取文件成功
2017-01-13T04:00:00: 读取文件成功
2017-01-13T04:00:10: 读取文件成功
2017-01-13T04:00:20: 读取文件成功
2017-01-13T04:00:30: 读取文件成功
2017-01-13T04:00:40: 读取文件成功
2017-01-13T04:00:50: 读取文件成功
2017-01-13T04:01:00: 读取文件成功
2017-01-13T04:01:10: 读取文件成功
2017-01-13T04:01:20: 读取文件成功
2017-01-13T04:01:30: 读取文件成功
2017-01-13T04:01:40: 读取文件成功
2017-01-13T04:01:50: 读取文件成功
2017-01-13T04:02:00: 读取文件成功
2017-01-13T04:02:10: 读取文件成功
2017-01-13T04:02:20: 读取文件成功
2017-01-13T04:02:30: 读取文件成功
2017-01-13T04:02:40: 读取文件成功
2017-01-13T04:02:50: 读取文件成功
2017-01-13T04:03:00: 读取文件成功
2017-01-13T04:03:10: 读取文件成功
2017-01-13T04:03:20: 读取文件成功
2017-01-13T04:03:30: 读取文件成功
2017-01-13T04:03:40: 读取文件成功
2017-01-13T04:03:50: 读取文件成功
2017-01-13T04:04:00: 读取文件成功
2017-01-13T04:04:10: 读取文件成功
2017-01-13T04:04:20: 读取文件成功
2017-01-13T04:04:30: 读取文件成功
2017-01-13T04:04:40: 读取文件成功
2017-01-13T04:04:50: 读取文件成功
2017-01-13T04:05:00: 读取文件成功
2017-01-13T04:05:10: 读取文件成功
2017-01-13T04:05:20: 读取文件成功
2017-01-13T04:05:30: 读取文件成功
2017-01-13T04:05:40: 读取文件成功
2017-01-13T04:05:50: 读取文件成功
2017-01-13T04:06:00: 读取文件成功
2017-01-13T04:06:10: 读取文件成功
2017-01-13T04:06:20: 读取文件成功
2017-01-13T04:06:30: 读取文件成功
2017-01-13T04:06:40: 读取文件成功
2017-01-13T04:06:50: 读取文件成功
2017-01-13T04:07:00: 读取文件成功
2017-01-13T04:07:10: 读取文件成功
2017-01-13T04:07:20: 读取文件成功
2017-01-13T04:07:30: 读取文件成功
2017-01-13T04:07:40: 读取文件成功
2017-01-13T04:07:50: 读取文件成功
2017-01-13T04:08:00: 读取文件成功
2017-01-13T04:08:10: 读取文件成功
2017-01-13T04:08:20: 读取文件成功
2017-01-13T04:08:30: 读取文件成功
2017-01-13T04:08:40: 读取文件成功
2017-01-13T04:08:50: 读取文件成功
2017-01-13T04:09:00: 读取文件成功
2017-01-13T04:09:10: 读取文件成功
2017-01-13T04:09:20: 读取文件成功
2017-01-13T04:09:30: 读取文件成功
2017-01-13T04:09:40: 读取文件成功
2017-01-13T04:09:50: 读取文件成功
2017-01-13T04:10:00: 读取文件成功
2017-01-13T04:10:10: 读取文件成功
2017-01-13T04:10:20: 读取文件成功
2017-01-13T04:10:30: 读取文件成功
2017-01-13T04:10:40: 读取文件成功
2017-01-13T04:10:50: 读取文件成功
2017-01-13T04:11:00: 读取文件成功
2017-01-13T04:11:10: 读取文件成功
2017-01-13T04:11:20: 读取文件成功
2017-01-13T04:11:30: 读取文件成功
2017-01-13T04:11:40: 读取文件成功
2017-01-13T04:11:50: 读取文件成功
2017-01-13T04:12:00: 读取文件成功
2017-01-13T04:12:10: 读取文件成功
2017-01-13T04:12:20: 读取文件成功
2017-01-13T04:12:30: 读取文件成功
2017-01-13T04:12:40: 读取文件成功
2017-01-13T04:12:50: 读取文件成功
2017-01-13T04:13:00: 读取文件成功
2017-01-13T04:13:10: 读取文件成功
2017-01-13T04:13:20: 读取文件成功
2017-01-13T04:13:30: 读取文件成功
2017-01-13T04:13:40: 读取文件成功
2017-01-13T04:13:50: 读取文件成功
2017-01-13T04:14:00: 读取文件成功
2017-01-13T04:14:11: 读取文件成功
2017-01-13T04:14:20: 读取文件成功
2017-01-13T04:14:31: 读取文件成功
2017-01-13T04:14:41: 读取文件成功
2017-01-13T04:14:51: 读取文件成功
2017-01-13T04:15:01: 读取文件成功
2017-01-13T04:15:11: 读取文件成功
2017-01-13T04:15:21: 读取文件成功
2017-01-13T04:15:31: 读取文件成功
2017-01-13T04:15:41: 读取文件成功
2017-01-13T04:15:51: 读取文件成功
2017-01-13T04:16:01: 读取文件成功
2017-01-13T04:16:11: 读取文件成功
2017-01-13T04:16:21: 读取文件成功
2017-01-13T04:16:31: 读取文件成功
2017-01-13T04:16:41: 读取文件成功
2017-01-13T04:16:51: 读取文件成功
2017-01-13T04:17:01: 读取文件成功
2017-01-13T04:17:11: 读取文件成功
2017-01-13T04:17:21: 读取文件成功
2017-01-13T04:17:31: 读取文件成功
2017-01-13T04:17:41: 读取文件成功
2017-01-13T04:17:51: 读取文件成功
2017-01-13T04:18:01: 读取文件成功
2017-01-13T04:18:11: 读取文件成功
2017-01-13T04:18:21: 读取文件成功
2017-01-13T04:18:31: 读取文件成功
2017-01-13T04:18:41: 读取文件成功
2017-01-13T04:18:51: 读取文件成功
2017-01-13T04:19:01: 读取文件成功
2017-01-13T04:19:11: 读取文件成功
2017-01-13T04:19:21: 读取文件成功
2017-01-13T04:19:31: 读取文件成功
2017-01-13T04:19:41: 读取文件成功
2017-01-13T04:19:51: 读取文件成功
2017-01-13T04:20:01: 读取文件成功
2017-01-13T04:20:11: 读取文件成功
2017-01-13T04:20:21: 读取文件成功
2017-01-13T04:20:31: 读取文件成功
2017-01-13T04:20:41: 读取文件成功
2017-01-13T04:20:51: 读取文件成功
2017-01-13T04:21:01: 读取文件成功
2017-01-13T04:21:11: 读取文件成功
2017-01-13T04:21:21: 读取文件成功
2017-01-13T04:21:31: 读取文件成功
2017-01-13T04:21:41: 读取文件成功
2017-01-13T04:21:51: 读取文件成功
2017-01-13T04:22:01: 读取文件成功
2017-01-13T04:22:11: 读取文件成功
2017-01-13T04:22:21: 读取文件成功
2017-01-13T04:22:31: 读取文件成功
2017-01-13T04:22:41: 读取文件成功
2017-01-13T04:22:51: 读取文件成功
2017-01-13T04:23:01: 读取文件成功
2017-01-13T04:23:11: 读取文件成功
2017-01-13T04:23:21: 读取文件成功
2017-01-13T04:23:31: 读取文件成功
2017-01-13T04:23:41: 读取文件成功
2017-01-13T04:23:51: 读取文件成功
2017-01-13T04:24:01: 读取文件成功
2017-01-13T04:24:11: 读取文件成功
2017-01-13T04:24:21: 读取文件成功
2017-01-13T04:24:31: 读取文件成功
2017-01-13T04:24:41: 读取文件成功
2017-01-13T04:24:51: 读取文件成功
2017-01-13T04:25:01: 读取文件成功
2017-01-13T04:25:11: 读取文件成功
2017-01-13T04:25:21: 读取文件成功
2017-01-13T04:25:31: 读取文件成功
2017-01-13T04:25:41: 读取文件成功
2017-01-13T04:25:51: 读取文件成功
2017-01-13T04:26:01: 读取文件成功
2017-01-13T04:26:11: 读取文件成功
2017-01-13T04:26:21: 读取文件成功
2017-01-13T04:26:31: 读取文件成功
2017-01-13T04:26:41: 读取文件成功
2017-01-13T04:26:51: 读取文件成功
2017-01-13T04:27:01: 读取文件成功
2017-01-13T04:27:11: 读取文件成功
2017-01-13T04:27:21: 读取文件成功
2017-01-13T04:27:31: 读取文件成功
2017-01-13T04:27:41: 读取文件成功
2017-01-13T04:27:51: 读取文件成功
2017-01-13T04:28:01: 读取文件成功
2017-01-13T04:28:11: 读取文件成功
2017-01-13T04:28:21: 读取文件成功
2017-01-13T04:28:31: 读取文件成功
2017-01-13T04:28:41: 读取文件成功
2017-01-13T04:28:51: 读取文件成功
2017-01-13T04:29:02: 读取文件成功
2017-01-13T04:29:12: 读取文件成功
2017-01-13T04:29:22: 读取文件成功
2017-01-13T04:29:32: 读取文件成功
2017-01-13T04:29:42: 读取文件成功
2017-01-13T04:29:52: 读取文件成功
2017-01-13T04:30:02: 读取文件成功
2017-01-13T04:30:12: 读取文件成功
2017-01-13T04:30:22: 读取文件成功
2017-01-13T04:30:32: 读取文件成功
2017-01-13T04:30:42: 读取文件成功
2017-01-13T04:30:52: 读取文件成功
2017-01-13T04:31:02: 读取文件成功
2017-01-13T04:31:12: 读取文件成功
2017-01-13T04:31:22: 读取文件成功
2017-01-13T04:31:32: 读取文件成功
2017-01-13T04:31:42: 读取文件成功
2017-01-13T04:31:52: 读取文件成功
2017-01-13T04:32:02: 读取文件成功
2017-01-13T04:32:12: 读取文件成功
2017-01-13T04:32:22: 读取文件成功
2017-01-13T04:32:32: 读取文件成功
2017-01-13T04:32:42: 读取文件成功
2017-01-13T04:32:52: 读取文件成功
2017-01-13T04:33:02: 读取文件成功
2017-01-13T04:33:12: 读取文件成功
2017-01-13T04:33:22: 读取文件成功
2017-01-13T04:33:32: 读取文件成功
2017-01-13T04:33:42: 读取文件成功
2017-01-13T04:33:52: 读取文件成功
2017-01-13T04:34:02: 读取文件成功
2017-01-13T04:34:12: 读取文件成功
2017-01-13T04:34:22: 读取文件成功
2017-01-13T04:34:32: 读取文件成功
2017-01-13T04:34:42: 读取文件成功
2017-01-13T04:34:52: 读取文件成功
2017-01-13T04:35:02: 读取文件成功
2017-01-13T04:35:12: 读取文件成功
2017-01-13T04:35:22: 读取文件成功
2017-01-13T04:35:32: 读取文件成功
2017-01-13T04:35:42: 读取文件成功
2017-01-13T04:35:52: 读取文件成功
2017-01-13T04:36:02: 读取文件成功
2017-01-13T04:36:12: 读取文件成功
2017-01-13T04:36:22: 读取文件成功
2017-01-13T04:36:32: 读取文件成功
2017-01-13T04:36:42: 读取文件成功
2017-01-13T04:36:52: 读取文件成功
2017-01-13T04:37:02: 读取文件成功
2017-01-13T04:37:12: 读取文件成功
2017-01-13T04:37:22: 读取文件成功
2017-01-13T04:37:32: 读取文件成功
2017-01-13T04:37:42: 读取文件成功
2017-01-13T04:37:52: 读取文件成功
2017-01-13T04:38:02: 读取文件成功
2017-01-13T04:38:12: 读取文件成功
2017-01-13T04:38:22: 读取文件成功
2017-01-13T04:38:32: 读取文件成功
2017-01-13T04:38:42: 读取文件成功
2017-01-13T04:38:52: 读取文件成功
2017-01-13T04:39:02: 读取文件成功
2017-01-13T04:39:12: 读取文件成功
2017-01-13T04:39:22: 读取文件成功
2017-01-13T04:39:32: 读取文件成功
2017-01-13T04:39:42: 读取文件成功
2017-01-13T04:39:52: 读取文件成功
2017-01-13T04:40:02: 读取文件成功
2017-01-13T04:40:12: 读取文件成功
2017-01-13T04:40:22: 读取文件成功
2017-01-13T04:40:32: 读取文件成功
2017-01-13T04:40:42: 读取文件成功
2017-01-13T04:40:52: 读取文件成功
2017-01-13T04:41:02: 读取文件成功
2017-01-13T04:41:12: 读取文件成功
2017-01-13T04:41:22: 读取文件成功
2017-01-13T04:41:32: 读取文件成功
2017-01-13T04:41:42: 读取文件成功
2017-01-13T04:41:52: 读取文件成功
2017-01-13T04:42:02: 读取文件成功
2017-01-13T04:42:12: 读取文件成功
2017-01-13T04:42:22: 读取文件成功
2017-01-13T04:42:32: 读取文件成功
2017-01-13T04:42:42: 读取文件成功
2017-01-13T04:42:52: 读取文件成功
2017-01-13T04:43:02: 读取文件成功
2017-01-13T04:43:12: 读取文件成功
2017-01-13T04:43:22: 读取文件成功
2017-01-13T04:43:32: 读取文件成功
2017-01-13T04:43:43: 读取文件成功
2017-01-13T04:43:53: 读取文件成功
2017-01-13T04:44:03: 读取文件成功
2017-01-13T04:44:13: 读取文件成功
2017-01-13T04:44:23: 读取文件成功
2017-01-13T04:44:33: 读取文件成功
2017-01-13T04:44:43: 读取文件成功
2017-01-13T04:44:53: 读取文件成功
2017-01-13T04:45:03: 读取文件成功
2017-01-13T04:45:13: 读取文件成功
2017-01-13T04:45:23: 读取文件成功
2017-01-13T04:45:33: 读取文件成功
2017-01-13T04:45:43: 读取文件成功
2017-01-13T04:45:53: 读取文件成功
2017-01-13T04:46:03: 读取文件成功
2017-01-13T04:46:13: 读取文件成功
2017-01-13T04:46:23: 读取文件成功
2017-01-13T04:46:33: 读取文件成功
2017-01-13T04:46:43: 读取文件成功
2017-01-13T04:46:53: 读取文件成功
2017-01-13T04:47:03: 读取文件成功
2017-01-13T04:47:13: 读取文件成功
2017-01-13T04:47:23: 读取文件成功
2017-01-13T04:47:33: 读取文件成功
2017-01-13T04:47:43: 读取文件成功
2017-01-13T04:47:53: 读取文件成功
2017-01-13T04:48:03: 读取文件成功
2017-01-13T04:48:13: 读取文件成功
2017-01-13T04:48:23: 读取文件成功
2017-01-13T04:48:33: 读取文件成功
2017-01-13T04:48:43: 读取文件成功
2017-01-13T04:48:53: 读取文件成功
2017-01-13T04:49:03: 读取文件成功
2017-01-13T04:49:13: 读取文件成功
2017-01-13T04:49:23: 读取文件成功
2017-01-13T04:49:33: 读取文件成功
2017-01-13T04:49:43: 读取文件成功
2017-01-13T04:49:53: 读取文件成功
2017-01-13T04:50:03: 读取文件成功
2017-01-13T04:50:13: 读取文件成功
2017-01-13T04:50:23: 读取文件成功
2017-01-13T04:50:33: 读取文件成功
2017-01-13T04:50:43: 读取文件成功
2017-01-13T04:50:53: 读取文件成功
2017-01-13T04:51:03: 读取文件成功
2017-01-13T04:51:13: 读取文件成功
2017-01-13T04:51:23: 读取文件成功
2017-01-13T04:51:33: 读取文件成功
2017-01-13T04:51:43: 读取文件成功
2017-01-13T04:51:53: 读取文件成功
2017-01-13T04:52:03: 读取文件成功
2017-01-13T04:52:13: 读取文件成功
2017-01-13T04:52:23: 读取文件成功
2017-01-13T04:52:33: 读取文件成功
2017-01-13T04:52:43: 读取文件成功
2017-01-13T04:52:53: 读取文件成功
2017-01-13T04:53:03: 读取文件成功
2017-01-13T04:53:13: 读取文件成功
2017-01-13T04:53:23: 读取文件成功
2017-01-13T04:53:33: 读取文件成功
2017-01-13T04:53:43: 读取文件成功
2017-01-13T04:53:53: 读取文件成功
2017-01-13T04:54:03: 读取文件成功
2017-01-13T04:54:13: 读取文件成功
2017-01-13T04:54:23: 读取文件成功
2017-01-13T04:54:33: 读取文件成功
2017-01-13T04:54:43: 读取文件成功
2017-01-13T04:54:53: 读取文件成功
2017-01-13T04:55:03: 读取文件成功
2017-01-13T04:55:13: 读取文件成功
2017-01-13T04:55:23: 读取文件成功
2017-01-13T04:55:33: 读取文件成功
2017-01-13T04:55:43: 读取文件成功
2017-01-13T04:55:53: 读取文件成功
2017-01-13T04:56:03: 读取文件成功
2017-01-13T04:56:13: 读取文件成功
2017-01-13T04:56:23: 读取文件成功
2017-01-13T04:56:33: 读取文件成功
2017-01-13T04:56:43: 读取文件成功
2017-01-13T04:56:53: 读取文件成功
2017-01-13T04:57:03: 读取文件成功
2017-01-13T04:57:13: 读取文件成功
2017-01-13T04:57:23: 读取文件成功
2017-01-13T04:57:33: 读取文件成功
2017-01-13T04:57:43: 读取文件成功
2017-01-13T04:57:53: 读取文件成功
2017-01-13T04:58:03: 读取文件成功
2017-01-13T04:58:13: 读取文件成功
2017-01-13T04:58:23: 读取文件成功
2017-01-13T04:58:33: 读取文件成功
2017-01-13T04:58:43: 读取文件成功
2017-01-13T04:58:53: 读取文件成功
2017-01-13T04:59:04: 读取文件成功
2017-01-13T04:59:14: 读取文件成功
2017-01-13T04:59:24: 读取文件成功
2017-01-13T04:59:34: 读取文件成功
2017-01-13T04:59:44: 读取文件成功
2017-01-13T04:59:54: 读取文件成功
2017-01-13T05:00:04: 读取文件成功
2017-01-13T05:00:14: 读取文件成功
2017-01-13T05:00:24: 读取文件成功
2017-01-13T05:00:34: 读取文件成功
2017-01-13T05:00:44: 读取文件成功
2017-01-13T05:00:54: 读取文件成功
2017-01-13T05:01:04: 读取文件成功
2017-01-13T05:01:14: 读取文件成功
2017-01-13T05:01:24: 读取文件成功
2017-01-13T05:01:34: 读取文件成功
2017-01-13T05:01:44: 读取文件成功
2017-01-13T05:01:54: 读取文件成功
2017-01-13T05:02:04: 读取文件成功
2017-01-13T05:02:14: 读取文件成功
2017-01-13T05:02:24: 读取文件成功
2017-01-13T05:02:34: 读取文件成功
2017-01-13T05:02:44: 读取文件成功
2017-01-13T05:02:54: 读取文件成功
2017-01-13T05:03:04: 读取文件成功
2017-01-13T05:03:14: 读取文件成功
2017-01-13T05:03:24: 读取文件成功
2017-01-13T05:03:34: 读取文件成功
2017-01-13T05:03:44: 读取文件成功
2017-01-13T05:03:54: 读取文件成功
2017-01-13T05:04:04: 读取文件成功
2017-01-13T05:04:14: 读取文件成功
2017-01-13T05:04:24: 读取文件成功
2017-01-13T05:04:34: 读取文件成功
2017-01-13T05:04:44: 读取文件成功
2017-01-13T05:04:54: 读取文件成功
2017-01-13T05:05:04: 读取文件成功
2017-01-13T05:05:14: 读取文件成功
2017-01-13T05:05:24: 读取文件成功
2017-01-13T05:05:34: 读取文件成功
2017-01-13T05:05:44: 读取文件成功
2017-01-13T05:05:54: 读取文件成功
2017-01-13T05:06:04: 读取文件成功
2017-01-13T05:06:14: 读取文件成功
2017-01-13T05:06:24: 读取文件成功
2017-01-13T05:06:34: 读取文件成功
2017-01-13T05:06:44: 读取文件成功
2017-01-13T05:06:54: 读取文件成功
2017-01-13T05:07:04: 读取文件成功
2017-01-13T05:07:14: 读取文件成功
2017-01-13T05:07:24: 读取文件成功
2017-01-13T05:07:34: 读取文件成功
2017-01-13T05:07:44: 读取文件成功
2017-01-13T05:07:54: 读取文件成功
2017-01-13T05:08:04: 读取文件成功
2017-01-13T05:08:14: 读取文件成功
2017-01-13T05:08:24: 读取文件成功
2017-01-13T05:08:34: 读取文件成功
2017-01-13T05:08:44: 读取文件成功
2017-01-13T05:08:54: 读取文件成功
2017-01-13T05:09:04: 读取文件成功
2017-01-13T05:09:14: 读取文件成功
2017-01-13T05:09:24: 读取文件成功
2017-01-13T05:09:34: 读取文件成功
2017-01-13T05:09:44: 读取文件成功
2017-01-13T05:09:54: 读取文件成功
2017-01-13T05:10:04: 读取文件成功
2017-01-13T05:10:14: 读取文件成功
2017-01-13T05:10:24: 读取文件成功
2017-01-13T05:10:34: 读取文件成功
2017-01-13T05:10:44: 读取文件成功
2017-01-13T05:10:54: 读取文件成功
2017-01-13T05:11:04: 读取文件成功
2017-01-13T05:11:14: 读取文件成功
2017-01-13T05:11:24: 读取文件成功
2017-01-13T05:11:34: 读取文件成功
2017-01-13T05:11:44: 读取文件成功
2017-01-13T05:11:54: 读取文件成功
2017-01-13T05:12:04: 读取文件成功
2017-01-13T05:12:14: 读取文件成功
2017-01-13T05:12:24: 读取文件成功
2017-01-13T05:12:34: 读取文件成功
2017-01-13T05:12:44: 读取文件成功
2017-01-13T05:12:54: 读取文件成功
2017-01-13T05:13:04: 读取文件成功
2017-01-13T05:13:14: 读取文件成功
2017-01-13T05:13:24: 读取文件成功
2017-01-13T05:13:34: 读取文件成功
2017-01-13T05:13:44: 读取文件成功
2017-01-13T05:13:54: 读取文件成功
2017-01-13T05:14:04: 读取文件成功
2017-01-13T05:14:14: 读取文件成功
2017-01-13T05:14:24: 读取文件成功
2017-01-13T05:14:34: 读取文件成功
2017-01-13T05:14:45: 读取文件成功
2017-01-13T05:14:54: 读取文件成功
2017-01-13T05:15:05: 读取文件成功
2017-01-13T05:15:15: 读取文件成功
2017-01-13T05:15:25: 读取文件成功
2017-01-13T05:15:35: 读取文件成功
2017-01-13T05:15:45: 读取文件成功
2017-01-13T05:15:55: 读取文件成功
2017-01-13T05:16:05: 读取文件成功
2017-01-13T05:16:15: 读取文件成功
2017-01-13T05:16:25: 读取文件成功
2017-01-13T05:16:35: 读取文件成功
2017-01-13T05:16:45: 读取文件成功
2017-01-13T05:16:55: 读取文件成功
2017-01-13T05:17:05: 读取文件成功
2017-01-13T05:17:15: 读取文件成功
2017-01-13T05:17:25: 读取文件成功
2017-01-13T05:17:35: 读取文件成功
2017-01-13T05:17:45: 读取文件成功
2017-01-13T05:17:55: 读取文件成功
2017-01-13T05:18:05: 读取文件成功
2017-01-13T05:18:15: 读取文件成功
2017-01-13T05:18:25: 读取文件成功
2017-01-13T05:18:35: 读取文件成功
2017-01-13T05:18:45: 读取文件成功
2017-01-13T05:18:55: 读取文件成功
2017-01-13T05:19:05: 读取文件成功
2017-01-13T05:19:15: 读取文件成功
2017-01-13T05:19:25: 读取文件成功
2017-01-13T05:19:35: 读取文件成功
2017-01-13T05:19:45: 读取文件成功
2017-01-13T05:19:55: 读取文件成功
2017-01-13T05:20:05: 读取文件成功
2017-01-13T05:20:15: 读取文件成功
2017-01-13T05:20:25: 读取文件成功
2017-01-13T05:20:35: 读取文件成功
2017-01-13T05:20:45: 读取文件成功
2017-01-13T05:20:55: 读取文件成功
2017-01-13T05:21:05: 读取文件成功
2017-01-13T05:21:15: 读取文件成功
2017-01-13T05:21:25: 读取文件成功
2017-01-13T05:21:35: 读取文件成功
2017-01-13T05:21:45: 读取文件成功
2017-01-13T05:21:55: 读取文件成功
2017-01-13T05:22:05: 读取文件成功
2017-01-13T05:22:15: 读取文件成功
2017-01-13T05:22:25: 读取文件成功
2017-01-13T05:22:35: 读取文件成功
2017-01-13T05:22:45: 读取文件成功
2017-01-13T05:22:55: 读取文件成功
2017-01-13T05:23:05: 读取文件成功
2017-01-13T05:23:15: 读取文件成功
2017-01-13T05:23:25: 读取文件成功
2017-01-13T05:23:35: 读取文件成功
2017-01-13T05:23:45: 读取文件成功
2017-01-13T05:23:55: 读取文件成功
2017-01-13T05:24:05: 读取文件成功
2017-01-13T05:24:15: 读取文件成功
2017-01-13T05:24:25: 读取文件成功
2017-01-13T05:24:35: 读取文件成功
2017-01-13T05:24:45: 读取文件成功
2017-01-13T05:24:55: 读取文件成功
2017-01-13T05:25:05: 读取文件成功
2017-01-13T05:25:15: 读取文件成功
2017-01-13T05:25:25: 读取文件成功
2017-01-13T05:25:35: 读取文件成功
2017-01-13T05:25:45: 读取文件成功
2017-01-13T05:25:55: 读取文件成功
2017-01-13T05:26:05: 读取文件成功
2017-01-13T05:26:15: 读取文件成功
2017-01-13T05:26:26: 读取文件成功
2017-01-13T05:26:35: 读取文件成功
2017-01-13T05:26:45: 读取文件成功
2017-01-13T05:26:55: 读取文件成功
2017-01-13T05:27:05: 读取文件成功
2017-01-13T05:27:15: 读取文件成功
2017-01-13T05:27:25: 读取文件成功
2017-01-13T05:27:35: 读取文件成功
2017-01-13T05:27:45: 读取文件成功
2017-01-13T05:27:55: 读取文件成功
2017-01-13T05:28:05: 读取文件成功
2017-01-13T05:28:15: 读取文件成功
2017-01-13T05:28:25: 读取文件成功
2017-01-13T05:28:35: 读取文件成功
2017-01-13T05:28:45: 读取文件成功
2017-01-13T05:28:55: 读取文件成功
2017-01-13T05:29:05: 读取文件成功
2017-01-13T05:29:15: 读取文件成功
2017-01-13T05:29:25: 读取文件成功
2017-01-13T05:29:35: 读取文件成功
2017-01-13T05:29:46: 读取文件成功
2017-01-13T05:29:56: 读取文件成功
2017-01-13T05:30:06: 读取文件成功
2017-01-13T05:30:16: 读取文件成功
2017-01-13T05:30:26: 读取文件成功
2017-01-13T05:30:36: 读取文件成功
2017-01-13T05:30:46: 读取文件成功
2017-01-13T05:30:56: 读取文件成功
2017-01-13T05:31:06: 读取文件成功
2017-01-13T05:31:16: 读取文件成功
2017-01-13T05:31:26: 读取文件成功
2017-01-13T05:31:36: 读取文件成功
2017-01-13T05:31:46: 读取文件成功
2017-01-13T05:31:56: 读取文件成功
2017-01-13T05:32:06: 读取文件成功
2017-01-13T05:32:16: 读取文件成功
2017-01-13T05:32:26: 读取文件成功
2017-01-13T05:32:36: 读取文件成功
2017-01-13T05:32:46: 读取文件成功
2017-01-13T05:32:56: 读取文件成功
2017-01-13T05:33:06: 读取文件成功
2017-01-13T05:33:16: 读取文件成功
2017-01-13T05:33:26: 读取文件成功
2017-01-13T05:33:36: 读取文件成功
2017-01-13T05:33:46: 读取文件成功
2017-01-13T05:33:56: 读取文件成功
2017-01-13T05:34:06: 读取文件成功
2017-01-13T05:34:16: 读取文件成功
2017-01-13T05:34:26: 读取文件成功
2017-01-13T05:34:36: 读取文件成功
2017-01-13T05:34:46: 读取文件成功
2017-01-13T05:34:56: 读取文件成功
2017-01-13T05:35:06: 读取文件成功
2017-01-13T05:35:16: 读取文件成功
2017-01-13T05:35:26: 读取文件成功
2017-01-13T05:35:36: 读取文件成功
2017-01-13T05:35:46: 读取文件成功
2017-01-13T05:35:56: 读取文件成功
2017-01-13T05:36:06: 读取文件成功
2017-01-13T05:36:16: 读取文件成功
2017-01-13T05:36:26: 读取文件成功
2017-01-13T05:36:36: 读取文件成功
2017-01-13T05:36:46: 读取文件成功
2017-01-13T05:36:56: 读取文件成功
2017-01-13T05:37:06: 读取文件成功
2017-01-13T05:37:16: 读取文件成功
2017-01-13T05:37:26: 读取文件成功
2017-01-13T05:37:36: 读取文件成功
2017-01-13T05:37:46: 读取文件成功
2017-01-13T05:37:56: 读取文件成功
2017-01-13T05:38:06: 读取文件成功
2017-01-13T05:38:16: 读取文件成功
2017-01-13T05:38:26: 读取文件成功
2017-01-13T05:38:36: 读取文件成功
2017-01-13T05:38:46: 读取文件成功
2017-01-13T05:38:56: 读取文件成功
2017-01-13T05:39:06: 读取文件成功
2017-01-13T05:39:16: 读取文件成功
2017-01-13T05:39:26: 读取文件成功
2017-01-13T05:39:36: 读取文件成功
2017-01-13T05:39:46: 读取文件成功
2017-01-13T05:39:56: 读取文件成功
2017-01-13T05:40:06: 读取文件成功
2017-01-13T05:40:16: 读取文件成功
2017-01-13T05:40:26: 读取文件成功
2017-01-13T05:40:36: 读取文件成功
2017-01-13T05:40:46: 读取文件成功
2017-01-13T05:40:56: 读取文件成功
2017-01-13T05:41:06: 读取文件成功
2017-01-13T05:41:16: 读取文件成功
2017-01-13T05:41:26: 读取文件成功
2017-01-13T05:41:36: 读取文件成功
2017-01-13T05:41:46: 读取文件成功
2017-01-13T05:41:56: 读取文件成功
2017-01-13T05:42:06: 读取文件成功
2017-01-13T05:42:16: 读取文件成功
2017-01-13T05:42:27: 读取文件成功
2017-01-13T05:42:36: 读取文件成功
2017-01-13T05:42:46: 读取文件成功
2017-01-13T05:42:56: 读取文件成功
2017-01-13T05:43:06: 读取文件成功
2017-01-13T05:43:16: 读取文件成功
2017-01-13T05:43:26: 读取文件成功
2017-01-13T05:43:36: 读取文件成功
2017-01-13T05:43:46: 读取文件成功
2017-01-13T05:43:56: 读取文件成功
2017-01-13T05:44:06: 读取文件成功
2017-01-13T05:44:16: 读取文件成功
2017-01-13T05:44:26: 读取文件成功
2017-01-13T05:44:36: 读取文件成功
2017-01-13T05:44:46: 读取文件成功
2017-01-13T05:44:57: 读取文件成功
2017-01-13T05:45:07: 读取文件成功
2017-01-13T05:45:17: 读取文件成功
2017-01-13T05:45:27: 读取文件成功
2017-01-13T05:45:37: 读取文件成功
2017-01-13T05:45:47: 读取文件成功
2017-01-13T05:45:57: 读取文件成功
2017-01-13T05:46:07: 读取文件成功
2017-01-13T05:46:17: 读取文件成功
2017-01-13T05:46:27: 读取文件成功
2017-01-13T05:46:37: 读取文件成功
2017-01-13T05:46:47: 读取文件成功
2017-01-13T05:46:57: 读取文件成功
2017-01-13T05:47:07: 读取文件成功
2017-01-13T05:47:17: 读取文件成功
2017-01-13T05:47:27: 读取文件成功
2017-01-13T05:47:37: 读取文件成功
2017-01-13T05:47:47: 读取文件成功
2017-01-13T05:47:57: 读取文件成功
2017-01-13T05:48:07: 读取文件成功
2017-01-13T05:48:17: 读取文件成功
2017-01-13T05:48:27: 读取文件成功
2017-01-13T05:48:37: 读取文件成功
2017-01-13T05:48:47: 读取文件成功
2017-01-13T05:48:57: 读取文件成功
2017-01-13T05:49:07: 读取文件成功
2017-01-13T05:49:17: 读取文件成功
2017-01-13T05:49:27: 读取文件成功
2017-01-13T05:49:37: 读取文件成功
2017-01-13T05:49:47: 读取文件成功
2017-01-13T05:49:57: 读取文件成功
2017-01-13T05:50:07: 读取文件成功
2017-01-13T05:50:17: 读取文件成功
2017-01-13T05:50:27: 读取文件成功
2017-01-13T05:50:37: 读取文件成功
2017-01-13T05:50:47: 读取文件成功
2017-01-13T05:50:57: 读取文件成功
2017-01-13T05:51:07: 读取文件成功
2017-01-13T05:51:17: 读取文件成功
2017-01-13T05:51:27: 读取文件成功
2017-01-13T05:51:37: 读取文件成功
2017-01-13T05:51:47: 读取文件成功
2017-01-13T05:51:57: 读取文件成功
2017-01-13T05:52:07: 读取文件成功
2017-01-13T05:52:17: 读取文件成功
2017-01-13T05:52:27: 读取文件成功
2017-01-13T05:52:37: 读取文件成功
2017-01-13T05:52:47: 读取文件成功
2017-01-13T05:52:57: 读取文件成功
2017-01-13T05:53:07: 读取文件成功
2017-01-13T05:53:17: 读取文件成功
2017-01-13T05:53:27: 读取文件成功
2017-01-13T05:53:37: 读取文件成功
2017-01-13T05:53:47: 读取文件成功
2017-01-13T05:53:57: 读取文件成功
2017-01-13T05:54:07: 读取文件成功
2017-01-13T05:54:17: 读取文件成功
2017-01-13T05:54:27: 读取文件成功
2017-01-13T05:54:37: 读取文件成功
2017-01-13T05:54:47: 读取文件成功
2017-01-13T05:54:57: 读取文件成功
2017-01-13T05:55:07: 读取文件成功
2017-01-13T05:55:17: 读取文件成功
2017-01-13T05:55:27: 读取文件成功
2017-01-13T05:55:37: 读取文件成功
2017-01-13T05:55:47: 读取文件成功
2017-01-13T05:55:57: 读取文件成功
2017-01-13T05:56:07: 读取文件成功
2017-01-13T05:56:17: 读取文件成功
2017-01-13T05:56:27: 读取文件成功
2017-01-13T05:56:37: 读取文件成功
2017-01-13T05:56:47: 读取文件成功
2017-01-13T05:56:57: 读取文件成功
2017-01-13T05:57:07: 读取文件成功
2017-01-13T05:57:17: 读取文件成功
2017-01-13T05:57:27: 读取文件成功
2017-01-13T05:57:37: 读取文件成功
2017-01-13T05:57:48: 读取文件成功
2017-01-13T05:57:57: 读取文件成功
2017-01-13T05:58:07: 读取文件成功
2017-01-13T05:58:17: 读取文件成功
2017-01-13T05:58:27: 读取文件成功
2017-01-13T05:58:37: 读取文件成功
2017-01-13T05:58:47: 读取文件成功
2017-01-13T05:58:57: 读取文件成功
2017-01-13T05:59:07: 读取文件成功
2017-01-13T05:59:17: 读取文件成功
2017-01-13T05:59:27: 读取文件成功
2017-01-13T05:59:37: 读取文件成功
2017-01-13T05:59:48: 读取文件成功
2017-01-13T05:59:58: 读取文件成功
2017-01-13T06:00:08: 读取文件成功
2017-01-13T06:00:18: 读取文件成功
2017-01-13T06:00:28: 读取文件成功
2017-01-13T06:00:38: 读取文件成功
2017-01-13T06:00:48: 读取文件成功
2017-01-13T06:00:58: 读取文件成功
2017-01-13T06:01:08: 读取文件成功
2017-01-13T06:01:18: 读取文件成功
2017-01-13T06:01:28: 读取文件成功
2017-01-13T06:01:38: 读取文件成功
2017-01-13T06:01:48: 读取文件成功
2017-01-13T06:01:58: 读取文件成功
2017-01-13T06:02:08: 读取文件成功
2017-01-13T06:02:18: 读取文件成功
2017-01-13T06:02:28: 读取文件成功
2017-01-13T06:02:38: 读取文件成功
2017-01-13T06:02:48: 读取文件成功
2017-01-13T06:02:58: 读取文件成功
2017-01-13T06:03:08: 读取文件成功
2017-01-13T06:03:18: 读取文件成功
2017-01-13T06:03:28: 读取文件成功
2017-01-13T06:03:38: 读取文件成功
2017-01-13T06:03:48: 读取文件成功
2017-01-13T06:03:58: 读取文件成功
2017-01-13T06:04:08: 读取文件成功
2017-01-13T06:04:18: 读取文件成功
2017-01-13T06:04:28: 读取文件成功
2017-01-13T06:04:38: 读取文件成功
2017-01-13T06:04:48: 读取文件成功
2017-01-13T06:04:58: 读取文件成功
2017-01-13T06:05:08: 读取文件成功
2017-01-13T06:05:18: 读取文件成功
2017-01-13T06:05:28: 读取文件成功
2017-01-13T06:05:38: 读取文件成功
2017-01-13T06:05:48: 读取文件成功
2017-01-13T06:05:58: 读取文件成功
2017-01-13T06:06:08: 读取文件成功
2017-01-13T06:06:18: 读取文件成功
2017-01-13T06:06:28: 读取文件成功
2017-01-13T06:06:38: 读取文件成功
2017-01-13T06:06:48: 读取文件成功
2017-01-13T06:06:58: 读取文件成功
2017-01-13T06:07:08: 读取文件成功
2017-01-13T06:07:18: 读取文件成功
2017-01-13T06:07:28: 读取文件成功
2017-01-13T06:07:38: 读取文件成功
2017-01-13T06:07:48: 读取文件成功
2017-01-13T06:07:58: 读取文件成功
2017-01-13T06:08:08: 读取文件成功
2017-01-13T06:08:18: 读取文件成功
2017-01-13T06:08:28: 读取文件成功
2017-01-13T06:08:38: 读取文件成功
2017-01-13T06:08:48: 读取文件成功
2017-01-13T06:08:58: 读取文件成功
2017-01-13T06:09:08: 读取文件成功
2017-01-13T06:09:18: 读取文件成功
2017-01-13T06:09:28: 读取文件成功
2017-01-13T06:09:38: 读取文件成功
2017-01-13T06:09:48: 读取文件成功
2017-01-13T06:09:58: 读取文件成功
2017-01-13T06:10:08: 读取文件成功
2017-01-13T06:10:18: 读取文件成功
2017-01-13T06:10:28: 读取文件成功
2017-01-13T06:10:38: 读取文件成功
2017-01-13T06:10:48: 读取文件成功
2017-01-13T06:10:58: 读取文件成功
2017-01-13T06:11:08: 读取文件成功
2017-01-13T06:11:18: 读取文件成功
2017-01-13T06:11:28: 读取文件成功
2017-01-13T06:11:38: 读取文件成功
2017-01-13T06:11:48: 读取文件成功
2017-01-13T06:11:58: 读取文件成功
2017-01-13T06:12:08: 读取文件成功
2017-01-13T06:12:18: 读取文件成功
2017-01-13T06:12:28: 读取文件成功
2017-01-13T06:12:38: 读取文件成功
2017-01-13T06:12:48: 读取文件成功
2017-01-13T06:12:58: 读取文件成功
2017-01-13T06:13:09: 读取文件成功
2017-01-13T06:13:18: 读取文件成功
2017-01-13T06:13:28: 读取文件成功
2017-01-13T06:13:38: 读取文件成功
2017-01-13T06:13:48: 读取文件成功
2017-01-13T06:13:58: 读取文件成功
2017-01-13T06:14:08: 读取文件成功
2017-01-13T06:14:18: 读取文件成功
2017-01-13T06:14:28: 读取文件成功
2017-01-13T06:14:38: 读取文件成功
2017-01-13T06:14:48: 读取文件成功
2017-01-13T06:14:58: 读取文件成功
2017-01-13T06:15:08: 读取文件成功
2017-01-13T06:15:19: 读取文件成功
2017-01-13T06:15:29: 读取文件成功
2017-01-13T06:15:39: 读取文件成功
2017-01-13T06:15:49: 读取文件成功
2017-01-13T06:15:59: 读取文件成功
2017-01-13T06:16:09: 读取文件成功
2017-01-13T06:16:19: 读取文件成功
2017-01-13T06:16:29: 读取文件成功
2017-01-13T06:16:39: 读取文件成功
2017-01-13T06:16:49: 读取文件成功
2017-01-13T06:16:59: 读取文件成功
2017-01-13T06:17:09: 读取文件成功
2017-01-13T06:17:19: 读取文件成功
2017-01-13T06:17:29: 读取文件成功
2017-01-13T06:17:39: 读取文件成功
2017-01-13T06:17:49: 读取文件成功
2017-01-13T06:17:59: 读取文件成功
2017-01-13T06:18:09: 读取文件成功
2017-01-13T06:18:19: 读取文件成功
2017-01-13T06:18:29: 读取文件成功
2017-01-13T06:18:39: 读取文件成功
2017-01-13T06:18:49: 读取文件成功
2017-01-13T06:18:59: 读取文件成功
2017-01-13T06:19:09: 读取文件成功
2017-01-13T06:19:19: 读取文件成功
2017-01-13T06:19:29: 读取文件成功
2017-01-13T06:19:39: 读取文件成功
2017-01-13T06:19:49: 读取文件成功
2017-01-13T06:19:59: 读取文件成功
2017-01-13T06:20:09: 读取文件成功
2017-01-13T06:20:19: 读取文件成功
2017-01-13T06:20:29: 读取文件成功
2017-01-13T06:20:39: 读取文件成功
2017-01-13T06:20:49: 读取文件成功
2017-01-13T06:20:59: 读取文件成功
2017-01-13T06:21:09: 读取文件成功
2017-01-13T06:21:19: 读取文件成功
2017-01-13T06:21:29: 读取文件成功
2017-01-13T06:21:39: 读取文件成功
2017-01-13T06:21:49: 读取文件成功
2017-01-13T06:21:59: 读取文件成功
2017-01-13T06:22:09: 读取文件成功
2017-01-13T06:22:19: 读取文件成功
2017-01-13T06:22:29: 读取文件成功
2017-01-13T06:22:39: 读取文件成功
2017-01-13T06:22:49: 读取文件成功
2017-01-13T06:22:59: 读取文件成功
2017-01-13T06:23:09: 读取文件成功
2017-01-13T06:23:19: 读取文件成功
2017-01-13T06:23:29: 读取文件成功
2017-01-13T06:23:39: 读取文件成功
2017-01-13T06:23:49: 读取文件成功
2017-01-13T06:23:59: 读取文件成功
2017-01-13T06:24:09: 读取文件成功
2017-01-13T06:24:19: 读取文件成功
2017-01-13T06:24:29: 读取文件成功
2017-01-13T06:24:39: 读取文件成功
2017-01-13T06:24:49: 读取文件成功
2017-01-13T06:24:59: 读取文件成功
2017-01-13T06:25:09: 读取文件成功
2017-01-13T06:25:19: 读取文件成功
2017-01-13T06:25:29: 读取文件成功
2017-01-13T06:25:39: 读取文件成功
2017-01-13T06:25:49: 读取文件成功
2017-01-13T06:25:59: 读取文件成功
2017-01-13T06:26:09: 读取文件成功
2017-01-13T06:26:19: 读取文件成功
2017-01-13T06:26:29: 读取文件成功
2017-01-13T06:26:39: 读取文件成功
2017-01-13T06:26:49: 读取文件成功
2017-01-13T06:26:59: 读取文件成功
2017-01-13T06:27:09: 读取文件成功
2017-01-13T06:27:19: 读取文件成功
2017-01-13T06:27:29: 读取文件成功
2017-01-13T06:27:39: 读取文件成功
2017-01-13T06:27:49: 读取文件成功
2017-01-13T06:27:59: 读取文件成功
2017-01-13T06:28:09: 读取文件成功
2017-01-13T06:28:19: 读取文件成功
2017-01-13T06:28:30: 读取文件成功
2017-01-13T06:28:39: 读取文件成功
2017-01-13T06:28:49: 读取文件成功
2017-01-13T06:28:59: 读取文件成功
2017-01-13T06:29:09: 读取文件成功
2017-01-13T06:29:19: 读取文件成功
2017-01-13T06:29:29: 读取文件成功
2017-01-13T06:29:39: 读取文件成功
2017-01-13T06:29:50: 读取文件成功
2017-01-13T06:30:00: 读取文件成功
2017-01-13T06:30:10: 读取文件成功
2017-01-13T06:30:20: 读取文件成功
2017-01-13T06:30:30: 读取文件成功
2017-01-13T06:30:40: 读取文件成功
2017-01-13T06:30:50: 读取文件成功
2017-01-13T06:31:00: 读取文件成功
2017-01-13T06:31:10: 读取文件成功
2017-01-13T06:31:20: 读取文件成功
2017-01-13T06:31:30: 读取文件成功
2017-01-13T06:31:40: 读取文件成功
2017-01-13T06:31:50: 读取文件成功
2017-01-13T06:32:00: 读取文件成功
2017-01-13T06:32:10: 读取文件成功
2017-01-13T06:32:20: 读取文件成功
2017-01-13T06:32:30: 读取文件成功
2017-01-13T06:32:40: 读取文件成功
2017-01-13T06:32:50: 读取文件成功
2017-01-13T06:33:00: 读取文件成功
2017-01-13T06:33:10: 读取文件成功
2017-01-13T06:33:20: 读取文件成功
2017-01-13T06:33:30: 读取文件成功
2017-01-13T06:33:40: 读取文件成功
2017-01-13T06:33:50: 读取文件成功
2017-01-13T06:34:00: 读取文件成功
2017-01-13T06:34:10: 读取文件成功
2017-01-13T06:34:20: 读取文件成功
2017-01-13T06:34:30: 读取文件成功
2017-01-13T06:34:40: 读取文件成功
2017-01-13T06:34:50: 读取文件成功
2017-01-13T06:35:00: 读取文件成功
2017-01-13T06:35:10: 读取文件成功
2017-01-13T06:35:20: 读取文件成功
2017-01-13T06:35:30: 读取文件成功
2017-01-13T06:35:40: 读取文件成功
2017-01-13T06:35:50: 读取文件成功
2017-01-13T06:36:00: 读取文件成功
2017-01-13T06:36:10: 读取文件成功
2017-01-13T06:36:20: 读取文件成功
2017-01-13T06:36:30: 读取文件成功
2017-01-13T06:36:40: 读取文件成功
2017-01-13T06:36:50: 读取文件成功
2017-01-13T06:37:00: 读取文件成功
2017-01-13T06:37:10: 读取文件成功
2017-01-13T06:37:20: 读取文件成功
2017-01-13T06:37:30: 读取文件成功
2017-01-13T06:37:40: 读取文件成功
2017-01-13T06:37:50: 读取文件成功
2017-01-13T06:38:00: 读取文件成功
2017-01-13T06:38:10: 读取文件成功
2017-01-13T06:38:20: 读取文件成功
2017-01-13T06:38:30: 读取文件成功
2017-01-13T06:38:40: 读取文件成功
2017-01-13T06:38:50: 读取文件成功
2017-01-13T06:39:00: 读取文件成功
2017-01-13T06:39:10: 读取文件成功
2017-01-13T06:39:20: 读取文件成功
2017-01-13T06:39:30: 读取文件成功
2017-01-13T06:39:40: 读取文件成功
2017-01-13T06:39:50: 读取文件成功
2017-01-13T06:40:00: 读取文件成功
2017-01-13T06:40:10: 读取文件成功
2017-01-13T06:40:20: 读取文件成功
2017-01-13T06:40:30: 读取文件成功
2017-01-13T06:40:40: 读取文件成功
2017-01-13T06:40:50: 读取文件成功
2017-01-13T06:41:00: 读取文件成功
2017-01-13T06:41:10: 读取文件成功
2017-01-13T06:41:20: 读取文件成功
2017-01-13T06:41:30: 读取文件成功
2017-01-13T06:41:40: 读取文件成功
2017-01-13T06:41:50: 读取文件成功
2017-01-13T06:42:00: 读取文件成功
2017-01-13T06:42:10: 读取文件成功
2017-01-13T06:42:20: 读取文件成功
2017-01-13T06:42:30: 读取文件成功
2017-01-13T06:42:40: 读取文件成功
2017-01-13T06:42:50: 读取文件成功
2017-01-13T06:43:00: 读取文件成功
2017-01-13T06:43:10: 读取文件成功
2017-01-13T06:43:20: 读取文件成功
2017-01-13T06:43:30: 读取文件成功
2017-01-13T06:43:40: 读取文件成功
2017-01-13T06:43:50: 读取文件成功
2017-01-13T06:44:01: 读取文件成功
2017-01-13T06:44:10: 读取文件成功
2017-01-13T06:44:20: 读取文件成功
2017-01-13T06:44:30: 读取文件成功
2017-01-13T06:44:40: 读取文件成功
2017-01-13T06:44:50: 读取文件成功
2017-01-13T06:45:00: 读取文件成功
2017-01-13T06:45:11: 读取文件成功
2017-01-13T06:45:21: 读取文件成功
2017-01-13T06:45:31: 读取文件成功
2017-01-13T06:45:41: 读取文件成功
2017-01-13T06:45:51: 读取文件成功
2017-01-13T06:46:01: 读取文件成功
2017-01-13T06:46:11: 读取文件成功
2017-01-13T06:46:21: 读取文件成功
2017-01-13T06:46:31: 读取文件成功
2017-01-13T06:46:41: 读取文件成功
2017-01-13T06:46:51: 读取文件成功
2017-01-13T06:47:01: 读取文件成功
2017-01-13T06:47:11: 读取文件成功
2017-01-13T06:47:21: 读取文件成功
2017-01-13T06:47:31: 读取文件成功
2017-01-13T06:47:41: 读取文件成功
2017-01-13T06:47:51: 读取文件成功
2017-01-13T06:48:01: 读取文件成功
2017-01-13T06:48:11: 读取文件成功
2017-01-13T06:48:21: 读取文件成功
2017-01-13T06:48:31: 读取文件成功
2017-01-13T06:48:41: 读取文件成功
2017-01-13T06:48:51: 读取文件成功
2017-01-13T06:49:01: 读取文件成功
2017-01-13T06:49:11: 读取文件成功
2017-01-13T06:49:21: 读取文件成功
2017-01-13T06:49:31: 读取文件成功
2017-01-13T06:49:41: 读取文件成功
2017-01-13T06:49:51: 读取文件成功
2017-01-13T06:50:01: 读取文件成功
2017-01-13T06:50:11: 读取文件成功
2017-01-13T06:50:21: 读取文件成功
2017-01-13T06:50:31: 读取文件成功
2017-01-13T06:50:41: 读取文件成功
2017-01-13T06:50:51: 读取文件成功
2017-01-13T06:51:01: 读取文件成功
2017-01-13T06:51:11: 读取文件成功
2017-01-13T06:51:21: 读取文件成功
2017-01-13T06:51:31: 读取文件成功
2017-01-13T06:51:41: 读取文件成功
2017-01-13T06:51:51: 读取文件成功
2017-01-13T06:52:01: 读取文件成功
2017-01-13T06:52:11: 读取文件成功
2017-01-13T06:52:21: 读取文件成功
2017-01-13T06:52:31: 读取文件成功
2017-01-13T06:52:41: 读取文件成功
2017-01-13T06:52:51: 读取文件成功
2017-01-13T06:53:01: 读取文件成功
2017-01-13T06:53:11: 读取文件成功
2017-01-13T06:53:21: 读取文件成功
2017-01-13T06:53:31: 读取文件成功
2017-01-13T06:53:41: 读取文件成功
2017-01-13T06:53:51: 读取文件成功
2017-01-13T06:54:01: 读取文件成功
2017-01-13T06:54:11: 读取文件成功
2017-01-13T06:54:21: 读取文件成功
2017-01-13T06:54:31: 读取文件成功
2017-01-13T06:54:41: 读取文件成功
2017-01-13T06:54:51: 读取文件成功
2017-01-13T06:55:01: 读取文件成功
2017-01-13T06:55:11: 读取文件成功
2017-01-13T06:55:21: 读取文件成功
2017-01-13T06:55:31: 读取文件成功
2017-01-13T06:55:41: 读取文件成功
2017-01-13T06:55:51: 读取文件成功
2017-01-13T06:56:01: 读取文件成功
2017-01-13T06:56:11: 读取文件成功
2017-01-13T06:56:21: 读取文件成功
2017-01-13T06:56:31: 读取文件成功
2017-01-13T06:56:41: 读取文件成功
2017-01-13T06:56:51: 读取文件成功
2017-01-13T06:57:01: 读取文件成功
2017-01-13T06:57:11: 读取文件成功
2017-01-13T06:57:21: 读取文件成功
2017-01-13T06:57:31: 读取文件成功
2017-01-13T06:57:41: 读取文件成功
2017-01-13T06:57:51: 读取文件成功
2017-01-13T06:58:01: 读取文件成功
2017-01-13T06:58:11: 读取文件成功
2017-01-13T06:58:21: 读取文件成功
2017-01-13T06:58:31: 读取文件成功
2017-01-13T06:58:41: 读取文件成功
2017-01-13T06:58:51: 读取文件成功
2017-01-13T06:59:01: 读取文件成功
2017-01-13T06:59:12: 读取文件成功
2017-01-13T06:59:21: 读取文件成功
2017-01-13T06:59:31: 读取文件成功
2017-01-13T06:59:41: 读取文件成功
2017-01-13T06:59:51: 读取文件成功
2017-01-13T07:00:02: 读取文件成功
2017-01-13T07:00:11: 读取文件成功
2017-01-13T07:00:21: 读取文件成功
2017-01-13T07:00:32: 读取文件成功
2017-01-13T07:00:42: 读取文件成功
2017-01-13T07:00:52: 读取文件成功
2017-01-13T07:01:02: 读取文件成功
2017-01-13T07:01:12: 读取文件成功
2017-01-13T07:01:22: 读取文件成功
2017-01-13T07:01:32: 读取文件成功
2017-01-13T07:01:42: 读取文件成功
2017-01-13T07:01:52: 读取文件成功
2017-01-13T07:02:02: 读取文件成功
2017-01-13T07:02:12: 读取文件成功
2017-01-13T07:02:22: 读取文件成功
2017-01-13T07:02:32: 读取文件成功
2017-01-13T07:02:42: 读取文件成功
2017-01-13T07:02:52: 读取文件成功
2017-01-13T07:03:02: 读取文件成功
2017-01-13T07:03:12: 读取文件成功
2017-01-13T07:03:22: 读取文件成功
2017-01-13T07:03:32: 读取文件成功
2017-01-13T07:03:42: 读取文件成功
2017-01-13T07:03:52: 读取文件成功
2017-01-13T07:04:02: 读取文件成功
2017-01-13T07:04:12: 读取文件成功
2017-01-13T07:04:22: 读取文件成功
2017-01-13T07:04:32: 读取文件成功
2017-01-13T07:04:42: 读取文件成功
2017-01-13T07:04:52: 读取文件成功
2017-01-13T07:05:02: 读取文件成功
2017-01-13T07:05:12: 读取文件成功
2017-01-13T07:05:22: 读取文件成功
2017-01-13T07:05:32: 读取文件成功
2017-01-13T07:05:42: 读取文件成功
2017-01-13T07:05:52: 读取文件成功
2017-01-13T07:06:02: 读取文件成功
2017-01-13T07:06:12: 读取文件成功
2017-01-13T07:06:22: 读取文件成功
2017-01-13T07:06:32: 读取文件成功
2017-01-13T07:06:42: 读取文件成功
2017-01-13T07:06:52: 读取文件成功
2017-01-13T07:07:02: 读取文件成功
2017-01-13T07:07:12: 读取文件成功
2017-01-13T07:07:22: 读取文件成功
2017-01-13T07:07:32: 读取文件成功
2017-01-13T07:07:42: 读取文件成功
2017-01-13T07:07:52: 读取文件成功
2017-01-13T07:08:02: 读取文件成功
2017-01-13T07:08:12: 读取文件成功
2017-01-13T07:08:22: 读取文件成功
2017-01-13T07:08:32: 读取文件成功
2017-01-13T07:08:42: 读取文件成功
2017-01-13T07:08:52: 读取文件成功
2017-01-13T07:09:02: 读取文件成功
2017-01-13T07:09:12: 读取文件成功
2017-01-13T07:09:22: 读取文件成功
2017-01-13T07:09:32: 读取文件成功
2017-01-13T07:09:42: 读取文件成功
2017-01-13T07:09:52: 读取文件成功
2017-01-13T07:10:02: 读取文件成功
2017-01-13T07:10:12: 读取文件成功
2017-01-13T07:10:22: 读取文件成功
2017-01-13T07:10:32: 读取文件成功
2017-01-13T07:10:42: 读取文件成功
2017-01-13T07:10:52: 读取文件成功
2017-01-13T07:11:02: 读取文件成功
2017-01-13T07:11:12: 读取文件成功
2017-01-13T07:11:22: 读取文件成功
2017-01-13T07:11:32: 读取文件成功
2017-01-13T07:11:42: 读取文件成功
2017-01-13T07:11:52: 读取文件成功
2017-01-13T07:12:02: 读取文件成功
2017-01-13T07:12:12: 读取文件成功
2017-01-13T07:12:22: 读取文件成功
2017-01-13T07:12:32: 读取文件成功
2017-01-13T07:12:42: 读取文件成功
2017-01-13T07:12:52: 读取文件成功
2017-01-13T07:13:02: 读取文件成功
2017-01-13T07:13:12: 读取文件成功
2017-01-13T07:13:22: 读取文件成功
2017-01-13T07:13:32: 读取文件成功
2017-01-13T07:13:42: 读取文件成功
2017-01-13T07:13:52: 读取文件成功
2017-01-13T07:14:02: 读取文件成功
2017-01-13T07:14:12: 读取文件成功
2017-01-13T07:14:22: 读取文件成功
2017-01-13T07:14:32: 读取文件成功
2017-01-13T07:14:42: 读取文件成功
2017-01-13T07:14:52: 读取文件成功
2017-01-13T07:15:02: 读取文件成功
2017-01-13T07:15:12: 读取文件成功
2017-01-13T07:15:22: 读取文件成功
2017-01-13T07:15:32: 读取文件成功
2017-01-13T07:15:42: 读取文件成功
2017-01-13T07:15:52: 读取文件成功
2017-01-13T07:16:02: 读取文件成功
2017-01-13T07:16:12: 读取文件成功
2017-01-13T07:16:22: 读取文件成功
2017-01-13T07:16:32: 读取文件成功
2017-01-13T07:16:42: 读取文件成功
2017-01-13T07:16:52: 读取文件成功
2017-01-13T07:17:02: 读取文件成功
2017-01-13T07:17:13: 读取文件成功
2017-01-13T07:17:22: 读取文件成功
2017-01-13T07:17:33: 读取文件成功
2017-01-13T07:17:43: 读取文件成功
2017-01-13T07:17:53: 读取文件成功
2017-01-13T07:18:03: 读取文件成功
2017-01-13T07:18:13: 读取文件成功
2017-01-13T07:18:23: 读取文件成功
2017-01-13T07:18:33: 读取文件成功
2017-01-13T07:18:43: 读取文件成功
2017-01-13T07:18:53: 读取文件成功
2017-01-13T07:19:03: 读取文件成功
2017-01-13T07:19:13: 读取文件成功
2017-01-13T07:19:23: 读取文件成功
2017-01-13T07:19:33: 读取文件成功
2017-01-13T07:19:43: 读取文件成功
2017-01-13T07:19:53: 读取文件成功
2017-01-13T07:20:03: 读取文件成功
2017-01-13T07:20:13: 读取文件成功
2017-01-13T07:20:23: 读取文件成功
2017-01-13T07:20:33: 读取文件成功
2017-01-13T07:20:43: 读取文件成功
2017-01-13T07:20:53: 读取文件成功
2017-01-13T07:21:03: 读取文件成功
2017-01-13T07:21:13: 读取文件成功
2017-01-13T07:21:23: 读取文件成功
2017-01-13T07:21:33: 读取文件成功
2017-01-13T07:21:43: 读取文件成功
2017-01-13T07:21:53: 读取文件成功
2017-01-13T07:22:03: 读取文件成功
2017-01-13T07:22:13: 读取文件成功
2017-01-13T07:22:23: 读取文件成功
2017-01-13T07:22:33: 读取文件成功
2017-01-13T07:22:43: 读取文件成功
2017-01-13T07:22:53: 读取文件成功
2017-01-13T07:23:03: 读取文件成功
2017-01-13T07:23:13: 读取文件成功
2017-01-13T07:23:23: 读取文件成功
2017-01-13T07:23:33: 读取文件成功
2017-01-13T07:23:43: 读取文件成功
2017-01-13T07:23:53: 读取文件成功
2017-01-13T07:24:03: 读取文件成功
2017-01-13T07:24:13: 读取文件成功
2017-01-13T07:24:23: 读取文件成功
2017-01-13T07:24:33: 读取文件成功
2017-01-13T07:24:43: 读取文件成功
2017-01-13T07:24:53: 读取文件成功
2017-01-13T07:25:03: 读取文件成功
2017-01-13T07:25:13: 读取文件成功
2017-01-13T07:25:23: 读取文件成功
2017-01-13T07:25:33: 读取文件成功
2017-01-13T07:25:43: 读取文件成功
2017-01-13T07:25:53: 读取文件成功
2017-01-13T07:26:03: 读取文件成功
2017-01-13T07:26:14: 读取文件成功
2017-01-13T07:26:23: 读取文件成功
2017-01-13T07:26:33: 读取文件成功
2017-01-13T07:26:43: 读取文件成功
2017-01-13T07:26:53: 读取文件成功
2017-01-13T07:27:03: 读取文件成功
2017-01-13T07:27:13: 读取文件成功
2017-01-13T07:27:23: 读取文件成功
2017-01-13T07:27:33: 读取文件成功
2017-01-13T07:27:43: 读取文件成功
2017-01-13T07:27:53: 读取文件成功
2017-01-13T07:28:03: 读取文件成功
2017-01-13T07:28:13: 读取文件成功
2017-01-13T07:28:23: 读取文件成功
2017-01-13T07:28:33: 读取文件成功
2017-01-13T07:28:43: 读取文件成功
2017-01-13T07:28:53: 读取文件成功
2017-01-13T07:29:03: 读取文件成功
