2017-06-25T00:00:33: 非记录时间：2017-06-25T00:00:33+08:00
2017-06-25T00:01:33: 非记录时间：2017-06-25T00:01:33+08:00
2017-06-25T00:02:33: 非记录时间：2017-06-25T00:02:33+08:00
2017-06-25T00:03:33: 非记录时间：2017-06-25T00:03:33+08:00
2017-06-25T00:04:33: 非记录时间：2017-06-25T00:04:33+08:00
2017-06-25T00:05:33: 非记录时间：2017-06-25T00:05:33+08:00
2017-06-25T00:06:33: 非记录时间：2017-06-25T00:06:33+08:00
2017-06-25T00:07:33: 非记录时间：2017-06-25T00:07:33+08:00
2017-06-25T00:08:33: 非记录时间：2017-06-25T00:08:33+08:00
2017-06-25T00:09:33: 非记录时间：2017-06-25T00:09:33+08:00
2017-06-25T00:10:33: 非记录时间：2017-06-25T00:10:33+08:00
2017-06-25T00:11:33: 非记录时间：2017-06-25T00:11:33+08:00
2017-06-25T00:12:33: 非记录时间：2017-06-25T00:12:33+08:00
2017-06-25T00:13:33: 非记录时间：2017-06-25T00:13:33+08:00
2017-06-25T00:14:33: 非记录时间：2017-06-25T00:14:33+08:00
2017-06-25T00:15:33: 非记录时间：2017-06-25T00:15:33+08:00
2017-06-25T00:16:33: 非记录时间：2017-06-25T00:16:33+08:00
2017-06-25T00:17:33: 非记录时间：2017-06-25T00:17:33+08:00
2017-06-25T00:18:33: 非记录时间：2017-06-25T00:18:33+08:00
2017-06-25T00:19:33: 非记录时间：2017-06-25T00:19:33+08:00
2017-06-25T00:20:33: 非记录时间：2017-06-25T00:20:33+08:00
2017-06-25T00:21:33: 非记录时间：2017-06-25T00:21:33+08:00
2017-06-25T00:22:33: 非记录时间：2017-06-25T00:22:33+08:00
2017-06-25T00:23:33: 非记录时间：2017-06-25T00:23:33+08:00
2017-06-25T00:24:33: 非记录时间：2017-06-25T00:24:33+08:00
2017-06-25T00:25:33: 非记录时间：2017-06-25T00:25:33+08:00
2017-06-25T00:26:33: 非记录时间：2017-06-25T00:26:33+08:00
2017-06-25T00:27:33: 非记录时间：2017-06-25T00:27:33+08:00
2017-06-25T00:28:33: 非记录时间：2017-06-25T00:28:33+08:00
2017-06-25T00:29:33: 非记录时间：2017-06-25T00:29:33+08:00
2017-06-25T00:30:33: 非记录时间：2017-06-25T00:30:33+08:00
2017-06-25T00:31:33: 非记录时间：2017-06-25T00:31:33+08:00
2017-06-25T00:32:33: 非记录时间：2017-06-25T00:32:33+08:00
2017-06-25T00:33:33: 非记录时间：2017-06-25T00:33:33+08:00
2017-06-25T00:34:33: 非记录时间：2017-06-25T00:34:33+08:00
2017-06-25T00:35:33: 非记录时间：2017-06-25T00:35:33+08:00
2017-06-25T00:36:33: 非记录时间：2017-06-25T00:36:33+08:00
2017-06-25T00:37:33: 非记录时间：2017-06-25T00:37:33+08:00
2017-06-25T00:38:33: 非记录时间：2017-06-25T00:38:33+08:00
2017-06-25T00:39:33: 非记录时间：2017-06-25T00:39:33+08:00
2017-06-25T00:40:33: 非记录时间：2017-06-25T00:40:33+08:00
2017-06-25T00:41:33: 非记录时间：2017-06-25T00:41:33+08:00
2017-06-25T00:42:33: 非记录时间：2017-06-25T00:42:33+08:00
2017-06-25T00:43:33: 非记录时间：2017-06-25T00:43:33+08:00
2017-06-25T00:44:33: 非记录时间：2017-06-25T00:44:33+08:00
2017-06-25T00:45:33: 非记录时间：2017-06-25T00:45:33+08:00
2017-06-25T00:46:33: 非记录时间：2017-06-25T00:46:33+08:00
2017-06-25T00:47:33: 非记录时间：2017-06-25T00:47:33+08:00
2017-06-25T00:48:33: 非记录时间：2017-06-25T00:48:33+08:00
2017-06-25T00:49:33: 非记录时间：2017-06-25T00:49:33+08:00
2017-06-25T00:50:33: 非记录时间：2017-06-25T00:50:33+08:00
2017-06-25T00:51:33: 非记录时间：2017-06-25T00:51:33+08:00
2017-06-25T00:52:33: 非记录时间：2017-06-25T00:52:33+08:00
2017-06-25T00:53:33: 非记录时间：2017-06-25T00:53:33+08:00
2017-06-25T00:54:33: 非记录时间：2017-06-25T00:54:33+08:00
2017-06-25T00:55:33: 非记录时间：2017-06-25T00:55:33+08:00
2017-06-25T00:56:33: 非记录时间：2017-06-25T00:56:33+08:00
2017-06-25T00:57:33: 非记录时间：2017-06-25T00:57:33+08:00
2017-06-25T00:58:33: 非记录时间：2017-06-25T00:58:33+08:00
2017-06-25T00:59:33: 非记录时间：2017-06-25T00:59:33+08:00
2017-06-25T01:00:33: 非记录时间：2017-06-25T01:00:33+08:00
2017-06-25T01:01:33: 非记录时间：2017-06-25T01:01:33+08:00
2017-06-25T01:02:33: 非记录时间：2017-06-25T01:02:33+08:00
2017-06-25T01:03:33: 非记录时间：2017-06-25T01:03:33+08:00
2017-06-25T01:04:33: 非记录时间：2017-06-25T01:04:33+08:00
2017-06-25T01:05:33: 非记录时间：2017-06-25T01:05:33+08:00
2017-06-25T01:06:33: 非记录时间：2017-06-25T01:06:33+08:00
2017-06-25T01:07:33: 非记录时间：2017-06-25T01:07:33+08:00
2017-06-25T01:08:33: 非记录时间：2017-06-25T01:08:33+08:00
2017-06-25T01:09:33: 非记录时间：2017-06-25T01:09:33+08:00
2017-06-25T01:10:33: 非记录时间：2017-06-25T01:10:33+08:00
2017-06-25T01:11:34: 读取文件失败，可能是该文件不存在
2017-06-25T01:11:34: Error: ENOENT: no such file or directory, open './data/2017-06-25.json'
2017-06-25T01:12:33: 读取文件成功
2017-06-25T01:13:33: 读取文件成功
2017-06-25T01:14:33: 读取文件成功
2017-06-25T01:15:33: 读取文件成功
2017-06-25T01:16:33: 读取文件成功
2017-06-25T01:17:34: 读取文件成功
2017-06-25T01:18:33: 读取文件成功
2017-06-25T01:19:33: 读取文件成功
2017-06-25T01:20:33: 读取文件成功
2017-06-25T01:21:33: 读取文件成功
2017-06-25T01:22:33: 读取文件成功
2017-06-25T01:23:33: 读取文件成功
2017-06-25T01:24:33: 读取文件成功
2017-06-25T01:25:33: 读取文件成功
2017-06-25T01:26:33: 读取文件成功
2017-06-25T01:27:33: 读取文件成功
2017-06-25T01:28:33: 读取文件成功
2017-06-25T01:29:33: 读取文件成功
2017-06-25T01:30:33: 读取文件成功
2017-06-25T01:31:33: 读取文件成功
2017-06-25T01:32:33: 读取文件成功
2017-06-25T01:33:33: 读取文件成功
2017-06-25T01:34:33: 读取文件成功
2017-06-25T01:35:34: 读取文件成功
2017-06-25T01:36:33: 读取文件成功
2017-06-25T01:37:33: 读取文件成功
2017-06-25T01:38:33: 读取文件成功
2017-06-25T01:39:33: 读取文件成功
2017-06-25T01:40:33: 读取文件成功
2017-06-25T01:41:34: 读取文件成功
2017-06-25T01:42:33: 读取文件成功
2017-06-25T01:43:33: 读取文件成功
2017-06-25T01:44:33: 读取文件成功
2017-06-25T01:45:33: 读取文件成功
2017-06-25T01:46:33: 读取文件成功
2017-06-25T01:47:34: 读取文件成功
2017-06-25T01:48:34: 读取文件成功
2017-06-25T01:49:34: 读取文件成功
2017-06-25T01:50:34: 读取文件成功
2017-06-25T01:51:34: 读取文件成功
2017-06-25T01:52:34: 读取文件成功
2017-06-25T01:53:34: 读取文件成功
2017-06-25T01:54:34: 读取文件成功
2017-06-25T01:55:34: 读取文件成功
2017-06-25T01:56:34: 读取文件成功
2017-06-25T01:57:34: 读取文件成功
2017-06-25T01:58:34: 读取文件成功
2017-06-25T01:59:34: 读取文件成功
2017-06-25T02:00:34: 读取文件成功
2017-06-25T02:01:34: 读取文件成功
2017-06-25T02:02:34: 读取文件成功
2017-06-25T02:03:34: 读取文件成功
2017-06-25T02:04:34: 读取文件成功
2017-06-25T02:05:34: 读取文件成功
2017-06-25T02:06:34: 读取文件成功
2017-06-25T02:07:34: 读取文件成功
2017-06-25T02:08:34: 读取文件成功
2017-06-25T02:09:34: 读取文件成功
2017-06-25T02:10:34: 读取文件成功
2017-06-25T02:11:34: 读取文件成功
2017-06-25T02:12:34: 读取文件成功
2017-06-25T02:13:34: 读取文件成功
2017-06-25T02:14:34: 读取文件成功
2017-06-25T02:15:34: 读取文件成功
2017-06-25T02:16:34: 读取文件成功
2017-06-25T02:17:34: 读取文件成功
2017-06-25T02:18:34: 读取文件成功
2017-06-25T02:19:34: 读取文件成功
2017-06-25T02:20:34: 读取文件成功
2017-06-25T02:21:34: 读取文件成功
2017-06-25T02:22:34: 读取文件成功
2017-06-25T02:23:34: 读取文件成功
2017-06-25T02:24:34: 读取文件成功
2017-06-25T02:25:34: 读取文件成功
2017-06-25T02:26:34: 读取文件成功
2017-06-25T02:27:34: 读取文件成功
2017-06-25T02:28:34: 读取文件成功
2017-06-25T02:29:34: 读取文件成功
2017-06-25T02:30:34: 读取文件成功
2017-06-25T02:31:34: 读取文件成功
2017-06-25T02:32:34: 读取文件成功
2017-06-25T02:33:34: 读取文件成功
2017-06-25T02:34:34: 读取文件成功
2017-06-25T02:35:34: 读取文件成功
2017-06-25T02:36:34: 读取文件成功
2017-06-25T02:37:34: 读取文件成功
2017-06-25T02:38:34: 读取文件成功
2017-06-25T02:39:34: 读取文件成功
2017-06-25T02:40:34: 读取文件成功
2017-06-25T02:41:34: 读取文件成功
2017-06-25T02:42:34: 读取文件成功
2017-06-25T02:43:34: 读取文件成功
2017-06-25T02:44:34: 读取文件成功
2017-06-25T02:45:34: 读取文件成功
2017-06-25T02:46:34: 读取文件成功
2017-06-25T02:47:34: 读取文件成功
2017-06-25T02:48:34: 读取文件成功
2017-06-25T02:49:34: 读取文件成功
2017-06-25T02:50:34: 读取文件成功
2017-06-25T02:51:34: 读取文件成功
2017-06-25T02:52:34: 读取文件成功
2017-06-25T02:53:34: 读取文件成功
2017-06-25T02:54:34: 读取文件成功
2017-06-25T02:55:34: 读取文件成功
2017-06-25T02:56:34: 读取文件成功
2017-06-25T02:57:34: 读取文件成功
2017-06-25T02:58:34: 读取文件成功
2017-06-25T02:59:34: 读取文件成功
2017-06-25T03:00:34: 读取文件成功
2017-06-25T03:01:34: 读取文件成功
2017-06-25T03:02:34: 读取文件成功
2017-06-25T03:03:34: 读取文件成功
2017-06-25T03:04:34: 读取文件成功
2017-06-25T03:05:34: 读取文件成功
2017-06-25T03:06:34: 读取文件成功
2017-06-25T03:07:34: 读取文件成功
2017-06-25T03:08:34: 读取文件成功
2017-06-25T03:09:34: 读取文件成功
2017-06-25T03:10:34: 读取文件成功
2017-06-25T03:11:34: 读取文件成功
2017-06-25T03:12:34: 读取文件成功
2017-06-25T03:13:34: 读取文件成功
2017-06-25T03:14:34: 读取文件成功
2017-06-25T03:15:34: 读取文件成功
2017-06-25T03:16:34: 读取文件成功
2017-06-25T03:17:34: 读取文件成功
2017-06-25T03:18:34: 读取文件成功
2017-06-25T03:19:34: 读取文件成功
2017-06-25T03:20:34: 读取文件成功
2017-06-25T03:21:34: 读取文件成功
2017-06-25T03:22:35: 读取文件成功
2017-06-25T03:23:34: 读取文件成功
2017-06-25T03:24:34: 读取文件成功
2017-06-25T03:25:34: 读取文件成功
2017-06-25T03:26:34: 读取文件成功
2017-06-25T03:27:34: 读取文件成功
2017-06-25T03:28:35: 读取文件成功
2017-06-25T03:29:34: 读取文件成功
2017-06-25T03:30:34: 读取文件成功
2017-06-25T03:31:35: 读取文件成功
2017-06-25T03:32:34: 读取文件成功
2017-06-25T03:33:35: 读取文件成功
2017-06-25T03:34:35: 读取文件成功
2017-06-25T03:35:35: 读取文件成功
2017-06-25T03:36:35: 读取文件成功
2017-06-25T03:37:35: 读取文件成功
2017-06-25T03:38:35: 读取文件成功
2017-06-25T03:39:35: 读取文件成功
2017-06-25T03:40:35: 读取文件成功
2017-06-25T03:41:35: 读取文件成功
2017-06-25T03:42:35: 读取文件成功
2017-06-25T03:43:35: 读取文件成功
2017-06-25T03:44:35: 读取文件成功
2017-06-25T03:45:35: 读取文件成功
2017-06-25T03:46:35: 读取文件成功
2017-06-25T03:47:35: 读取文件成功
2017-06-25T03:48:35: 读取文件成功
2017-06-25T03:49:35: 读取文件成功
2017-06-25T03:50:35: 读取文件成功
2017-06-25T03:51:35: 读取文件成功
2017-06-25T03:52:35: 读取文件成功
2017-06-25T03:53:35: 读取文件成功
2017-06-25T03:54:35: 读取文件成功
2017-06-25T03:55:35: 读取文件成功
2017-06-25T03:56:35: 读取文件成功
2017-06-25T03:57:35: 读取文件成功
2017-06-25T03:58:35: 读取文件成功
2017-06-25T03:59:35: 读取文件成功
2017-06-25T04:00:35: 读取文件成功
2017-06-25T04:01:35: 读取文件成功
2017-06-25T04:02:35: 读取文件成功
2017-06-25T04:03:35: 读取文件成功
2017-06-25T04:04:35: 读取文件成功
2017-06-25T04:05:35: 读取文件成功
2017-06-25T04:06:35: 读取文件成功
2017-06-25T04:07:35: 读取文件成功
2017-06-25T04:08:35: 读取文件成功
2017-06-25T04:09:35: 读取文件成功
2017-06-25T04:10:35: 读取文件成功
2017-06-25T04:11:35: 读取文件成功
2017-06-25T04:12:35: 读取文件成功
2017-06-25T04:13:35: 读取文件成功
2017-06-25T04:14:35: 读取文件成功
2017-06-25T04:15:35: 读取文件成功
2017-06-25T04:16:35: 读取文件成功
2017-06-25T04:17:35: 读取文件成功
2017-06-25T04:18:35: 读取文件成功
2017-06-25T04:19:35: 读取文件成功
2017-06-25T04:20:35: 读取文件成功
2017-06-25T04:21:35: 读取文件成功
2017-06-25T04:22:35: 读取文件成功
2017-06-25T04:23:35: 读取文件成功
2017-06-25T04:24:35: 读取文件成功
2017-06-25T04:25:35: 读取文件成功
2017-06-25T04:26:35: 读取文件成功
2017-06-25T04:27:35: 读取文件成功
2017-06-25T04:28:35: 读取文件成功
2017-06-25T04:29:35: 读取文件成功
2017-06-25T04:30:35: 读取文件成功
2017-06-25T04:31:35: 读取文件成功
2017-06-25T04:32:35: 读取文件成功
2017-06-25T04:33:35: 读取文件成功
2017-06-25T04:34:35: 读取文件成功
2017-06-25T04:35:57: 读取文件成功
2017-06-25T04:37:43: 读取文件成功
2017-06-25T04:38:35: 读取文件成功
2017-06-25T04:40:59: 读取文件成功
2017-06-25T04:41:35: 读取文件成功
2017-06-25T04:44:35: 读取文件成功
2017-06-25T04:44:37: 读取文件成功
2017-06-25T04:47:35: 读取文件成功
2017-06-25T04:47:39: 读取文件成功
2017-06-25T04:48:12: 读取文件成功
2017-06-25T04:48:35: 读取文件成功
2017-06-25T04:49:35: 读取文件成功
2017-06-25T04:50:35: 读取文件成功
2017-06-25T04:51:35: 读取文件成功
2017-06-25T04:52:35: 读取文件成功
2017-06-25T04:53:35: 读取文件成功
2017-06-25T04:54:35: 读取文件成功
2017-06-25T04:55:35: 读取文件成功
2017-06-25T04:56:35: 读取文件成功
2017-06-25T04:57:35: 读取文件成功
2017-06-25T04:58:35: 读取文件成功
2017-06-25T04:59:35: 读取文件成功
2017-06-25T05:00:35: 读取文件成功
2017-06-25T05:01:35: 读取文件成功
2017-06-25T05:02:35: 读取文件成功
2017-06-25T05:03:35: 读取文件成功
2017-06-25T05:04:35: 读取文件成功
2017-06-25T05:05:36: 读取文件成功
2017-06-25T05:06:35: 读取文件成功
2017-06-25T05:07:35: 读取文件成功
2017-06-25T05:08:35: 读取文件成功
2017-06-25T05:09:35: 读取文件成功
2017-06-25T05:10:35: 读取文件成功
2017-06-25T05:11:36: 读取文件成功
2017-06-25T05:12:35: 读取文件成功
2017-06-25T05:13:35: 读取文件成功
2017-06-25T05:14:35: 读取文件成功
2017-06-25T05:15:35: 读取文件成功
2017-06-25T05:16:35: 读取文件成功
2017-06-25T05:17:36: 读取文件成功
2017-06-25T05:18:35: 读取文件成功
2017-06-25T05:19:35: 读取文件成功
2017-06-25T05:20:36: 读取文件成功
2017-06-25T05:21:36: 读取文件成功
2017-06-25T05:22:36: 读取文件成功
2017-06-25T05:23:36: 读取文件成功
2017-06-25T05:24:36: 读取文件成功
2017-06-25T05:25:36: 读取文件成功
2017-06-25T05:26:36: 读取文件成功
2017-06-25T05:27:36: 读取文件成功
2017-06-25T05:28:36: 读取文件成功
2017-06-25T05:29:36: 读取文件成功
2017-06-25T05:30:36: 读取文件成功
2017-06-25T05:31:36: 读取文件成功
2017-06-25T05:32:36: 读取文件成功
2017-06-25T05:33:36: 读取文件成功
2017-06-25T05:34:36: 读取文件成功
2017-06-25T05:35:36: 读取文件成功
2017-06-25T05:36:36: 读取文件成功
2017-06-25T05:37:36: 读取文件成功
2017-06-25T05:38:36: 读取文件成功
2017-06-25T05:39:36: 读取文件成功
2017-06-25T05:40:36: 读取文件成功
2017-06-25T05:41:36: 读取文件成功
2017-06-25T05:42:36: 读取文件成功
2017-06-25T05:43:36: 读取文件成功
2017-06-25T05:44:36: 读取文件成功
2017-06-25T05:45:36: 读取文件成功
2017-06-25T05:46:36: 读取文件成功
2017-06-25T05:47:36: 读取文件成功
2017-06-25T05:48:36: 读取文件成功
2017-06-25T05:49:36: 读取文件成功
2017-06-25T05:50:36: 读取文件成功
2017-06-25T05:51:36: 读取文件成功
2017-06-25T05:52:36: 读取文件成功
2017-06-25T05:53:36: 读取文件成功
2017-06-25T05:54:36: 读取文件成功
2017-06-25T05:55:36: 读取文件成功
2017-06-25T05:56:36: 读取文件成功
2017-06-25T05:57:36: 读取文件成功
2017-06-25T05:58:36: 读取文件成功
2017-06-25T05:59:36: 读取文件成功
2017-06-25T06:00:36: 读取文件成功
2017-06-25T06:01:36: 读取文件成功
2017-06-25T06:02:36: 读取文件成功
2017-06-25T06:03:36: 读取文件成功
2017-06-25T06:04:36: 读取文件成功
2017-06-25T06:05:36: 读取文件成功
2017-06-25T06:06:36: 读取文件成功
2017-06-25T06:07:36: 读取文件成功
2017-06-25T06:08:36: 读取文件成功
2017-06-25T06:09:36: 读取文件成功
2017-06-25T06:10:36: 读取文件成功
2017-06-25T06:11:36: 读取文件成功
2017-06-25T06:12:36: 读取文件成功
2017-06-25T06:13:36: 读取文件成功
2017-06-25T06:14:36: 读取文件成功
2017-06-25T06:15:36: 读取文件成功
2017-06-25T06:16:36: 读取文件成功
2017-06-25T06:17:36: 读取文件成功
2017-06-25T06:18:36: 读取文件成功
2017-06-25T06:19:36: 读取文件成功
2017-06-25T06:20:36: 读取文件成功
2017-06-25T06:21:36: 读取文件成功
2017-06-25T06:22:36: 读取文件成功
2017-06-25T06:23:36: 读取文件成功
2017-06-25T06:24:36: 读取文件成功
2017-06-25T06:25:36: 读取文件成功
2017-06-25T06:26:36: 读取文件成功
2017-06-25T06:27:36: 读取文件成功
2017-06-25T06:28:36: 读取文件成功
2017-06-25T06:29:36: 读取文件成功
2017-06-25T06:30:36: 读取文件成功
2017-06-25T06:31:36: 读取文件成功
2017-06-25T06:32:36: 读取文件成功
2017-06-25T06:33:36: 读取文件成功
2017-06-25T06:34:36: 读取文件成功
2017-06-25T06:35:36: 读取文件成功
2017-06-25T06:36:36: 读取文件成功
2017-06-25T06:37:36: 读取文件成功
2017-06-25T06:38:36: 读取文件成功
2017-06-25T06:39:36: 读取文件成功
2017-06-25T06:40:36: 读取文件成功
2017-06-25T06:41:36: 读取文件成功
2017-06-25T06:42:36: 读取文件成功
2017-06-25T06:43:36: 读取文件成功
2017-06-25T06:44:36: 读取文件成功
2017-06-25T06:45:36: 读取文件成功
2017-06-25T06:46:36: 读取文件成功
2017-06-25T06:47:36: 读取文件成功
2017-06-25T06:48:36: 读取文件成功
2017-06-25T06:49:36: 读取文件成功
2017-06-25T06:50:36: 读取文件成功
2017-06-25T06:51:36: 读取文件成功
2017-06-25T06:52:37: 读取文件成功
2017-06-25T06:53:36: 读取文件成功
2017-06-25T06:54:36: 读取文件成功
2017-06-25T06:55:36: 读取文件成功
2017-06-25T06:56:36: 读取文件成功
2017-06-25T06:57:36: 读取文件成功
2017-06-25T06:58:37: 读取文件成功
2017-06-25T06:59:36: 读取文件成功
2017-06-25T07:00:36: 读取文件成功
2017-06-25T07:01:36: 读取文件成功
2017-06-25T07:02:36: 读取文件成功
2017-06-25T07:03:36: 读取文件成功
2017-06-25T07:04:37: 读取文件成功
2017-06-25T07:05:37: 读取文件成功
2017-06-25T07:06:36: 读取文件成功
2017-06-25T07:07:37: 读取文件成功
2017-06-25T07:08:37: 读取文件成功
2017-06-25T07:09:37: 读取文件成功
2017-06-25T07:10:37: 读取文件成功
2017-06-25T07:11:37: 读取文件成功
2017-06-25T07:12:37: 读取文件成功
2017-06-25T07:13:37: 读取文件成功
2017-06-25T07:14:37: 读取文件成功
2017-06-25T07:15:37: 读取文件成功
2017-06-25T07:16:37: 读取文件成功
2017-06-25T07:17:37: 读取文件成功
2017-06-25T07:18:37: 读取文件成功
2017-06-25T07:19:37: 读取文件成功
2017-06-25T07:20:37: 读取文件成功
2017-06-25T07:21:37: 读取文件成功
2017-06-25T07:22:37: 读取文件成功
2017-06-25T07:23:37: 读取文件成功
2017-06-25T07:24:37: 读取文件成功
2017-06-25T07:25:37: 读取文件成功
2017-06-25T07:26:37: 读取文件成功
2017-06-25T07:27:37: 读取文件成功
2017-06-25T07:28:37: 读取文件成功
2017-06-25T07:29:37: 读取文件成功
2017-06-25T07:30:37: 读取文件成功
2017-06-25T07:31:37: 读取文件成功
2017-06-25T07:32:37: 读取文件成功
2017-06-25T07:33:37: 读取文件成功
2017-06-25T07:34:37: 读取文件成功
2017-06-25T07:35:37: 读取文件成功
2017-06-25T07:36:37: 读取文件成功
2017-06-25T07:37:37: 读取文件成功
2017-06-25T07:38:37: 读取文件成功
2017-06-25T07:39:37: 读取文件成功
2017-06-25T07:40:37: 读取文件成功
2017-06-25T07:41:37: 读取文件成功
2017-06-25T07:42:37: 读取文件成功
2017-06-25T07:43:37: 读取文件成功
2017-06-25T07:44:37: 读取文件成功
2017-06-25T07:45:37: 读取文件成功
2017-06-25T07:46:37: 读取文件成功
2017-06-25T07:47:37: 读取文件成功
2017-06-25T07:48:37: 读取文件成功
2017-06-25T07:49:37: 读取文件成功
2017-06-25T07:50:37: 读取文件成功
2017-06-25T07:51:37: 读取文件成功
2017-06-25T07:52:37: 读取文件成功
2017-06-25T07:53:37: 读取文件成功
2017-06-25T07:54:37: 读取文件成功
2017-06-25T07:55:37: 读取文件成功
2017-06-25T07:56:37: 读取文件成功
2017-06-25T07:57:37: 读取文件成功
2017-06-25T07:58:37: 读取文件成功
2017-06-25T07:59:37: 读取文件成功
2017-06-25T08:00:37: 读取文件成功
2017-06-25T08:01:37: 读取文件成功
2017-06-25T08:02:37: 读取文件成功
2017-06-25T08:03:37: 读取文件成功
2017-06-25T08:04:37: 读取文件成功
2017-06-25T08:05:37: 读取文件成功
2017-06-25T08:06:37: 读取文件成功
2017-06-25T08:07:37: 读取文件成功
2017-06-25T08:08:37: 读取文件成功
2017-06-25T08:09:37: 读取文件成功
2017-06-25T08:10:37: 读取文件成功
2017-06-25T08:11:37: 读取文件成功
2017-06-25T08:12:37: 读取文件成功
2017-06-25T08:13:37: 读取文件成功
2017-06-25T08:14:37: 读取文件成功
2017-06-25T08:15:37: 读取文件成功
2017-06-25T08:16:37: 读取文件成功
2017-06-25T08:17:37: 读取文件成功
2017-06-25T08:18:37: 读取文件成功
2017-06-25T08:19:37: 读取文件成功
2017-06-25T08:20:37: 读取文件成功
2017-06-25T08:21:37: 读取文件成功
2017-06-25T08:22:37: 读取文件成功
2017-06-25T08:23:37: 读取文件成功
2017-06-25T08:24:37: 读取文件成功
2017-06-25T08:25:37: 读取文件成功
2017-06-25T08:26:37: 读取文件成功
2017-06-25T08:27:37: 读取文件成功
2017-06-25T08:28:37: 读取文件成功
2017-06-25T08:29:37: 读取文件成功
2017-06-25T08:30:37: 读取文件成功
2017-06-25T08:31:37: 读取文件成功
2017-06-25T08:32:37: 读取文件成功
2017-06-25T08:33:37: 读取文件成功
2017-06-25T08:34:37: 读取文件成功
2017-06-25T08:35:37: 读取文件成功
2017-06-25T08:36:37: 读取文件成功
2017-06-25T08:37:37: 读取文件成功
2017-06-25T08:38:37: 读取文件成功
2017-06-25T08:39:37: 读取文件成功
2017-06-25T08:40:37: 读取文件成功
2017-06-25T08:41:37: 读取文件成功
2017-06-25T08:42:37: 读取文件成功
2017-06-25T08:43:37: 读取文件成功
2017-06-25T08:44:37: 读取文件成功
2017-06-25T08:45:38: 读取文件成功
2017-06-25T08:46:37: 读取文件成功
2017-06-25T08:47:37: 读取文件成功
2017-06-25T08:48:37: 读取文件成功
2017-06-25T08:49:37: 读取文件成功
2017-06-25T08:50:37: 读取文件成功
2017-06-25T08:51:38: 读取文件成功
2017-06-25T08:52:37: 读取文件成功
2017-06-25T08:53:37: 读取文件成功
2017-06-25T08:54:38: 读取文件成功
2017-06-25T08:55:38: 读取文件成功
2017-06-25T08:56:38: 读取文件成功
2017-06-25T08:57:38: 读取文件成功
2017-06-25T08:58:38: 读取文件成功
2017-06-25T08:59:38: 读取文件成功
2017-06-25T09:00:38: 读取文件成功
2017-06-25T09:01:38: 读取文件成功
2017-06-25T09:02:38: 读取文件成功
2017-06-25T09:03:38: 读取文件成功
2017-06-25T09:04:38: 读取文件成功
2017-06-25T09:05:38: 读取文件成功
2017-06-25T09:06:38: 读取文件成功
2017-06-25T09:07:38: 读取文件成功
2017-06-25T09:08:38: 读取文件成功
2017-06-25T09:09:38: 读取文件成功
2017-06-25T09:10:38: 读取文件成功
2017-06-25T09:11:38: 读取文件成功
2017-06-25T09:12:38: 读取文件成功
2017-06-25T09:13:38: 读取文件成功
2017-06-25T09:14:38: 读取文件成功
2017-06-25T09:15:38: 读取文件成功
2017-06-25T09:16:38: 读取文件成功
2017-06-25T09:17:38: 读取文件成功
2017-06-25T09:18:38: 读取文件成功
2017-06-25T09:19:38: 读取文件成功
2017-06-25T09:20:38: 读取文件成功
2017-06-25T09:21:38: 读取文件成功
2017-06-25T09:22:38: 读取文件成功
2017-06-25T09:23:38: 读取文件成功
2017-06-25T09:24:38: 读取文件成功
2017-06-25T09:25:38: 读取文件成功
2017-06-25T09:26:38: 读取文件成功
2017-06-25T09:27:38: 读取文件成功
2017-06-25T09:28:38: 读取文件成功
2017-06-25T09:29:38: 读取文件成功
2017-06-25T09:30:38: 读取文件成功
2017-06-25T09:31:38: 读取文件成功
2017-06-25T09:32:38: 读取文件成功
2017-06-25T09:33:38: 读取文件成功
2017-06-25T09:34:38: 读取文件成功
2017-06-25T09:35:38: 读取文件成功
2017-06-25T09:36:38: 读取文件成功
2017-06-25T09:37:38: 读取文件成功
2017-06-25T09:38:38: 读取文件成功
2017-06-25T09:39:38: 读取文件成功
2017-06-25T09:40:38: 读取文件成功
2017-06-25T09:41:38: 读取文件成功
2017-06-25T09:42:38: 读取文件成功
2017-06-25T09:43:38: 读取文件成功
2017-06-25T09:44:38: 读取文件成功
2017-06-25T09:45:38: 读取文件成功
2017-06-25T09:46:38: 读取文件成功
2017-06-25T09:47:38: 读取文件成功
2017-06-25T09:48:38: 读取文件成功
2017-06-25T09:49:38: 读取文件成功
2017-06-25T09:50:38: 读取文件成功
2017-06-25T09:51:38: 读取文件成功
2017-06-25T09:52:38: 读取文件成功
2017-06-25T09:53:38: 读取文件成功
2017-06-25T09:54:38: 读取文件成功
2017-06-25T09:55:38: 读取文件成功
2017-06-25T09:56:38: 读取文件成功
2017-06-25T09:57:38: 读取文件成功
2017-06-25T09:58:38: 读取文件成功
2017-06-25T09:59:38: 读取文件成功
2017-06-25T10:00:38: 读取文件成功
2017-06-25T10:01:38: 读取文件成功
2017-06-25T10:02:38: 读取文件成功
2017-06-25T10:03:38: 读取文件成功
2017-06-25T10:04:38: 读取文件成功
2017-06-25T10:05:38: 读取文件成功
2017-06-25T10:06:38: 读取文件成功
2017-06-25T10:07:38: 读取文件成功
2017-06-25T10:08:39: 读取文件成功
2017-06-25T10:09:38: 读取文件成功
2017-06-25T10:10:38: 读取文件成功
2017-06-25T10:11:38: 读取文件成功
2017-06-25T10:12:38: 读取文件成功
2017-06-25T10:13:38: 读取文件成功
2017-06-25T10:14:39: 读取文件成功
2017-06-25T10:15:38: 读取文件成功
2017-06-25T10:16:38: 读取文件成功
2017-06-25T10:17:38: 读取文件成功
2017-06-25T10:18:38: 读取文件成功
2017-06-25T10:19:38: 读取文件成功
2017-06-25T10:20:39: 读取文件成功
2017-06-25T10:21:38: 读取文件成功
2017-06-25T10:22:38: 读取文件成功
2017-06-25T10:23:38: 读取文件成功
2017-06-25T10:24:38: 读取文件成功
2017-06-25T10:25:38: 读取文件成功
2017-06-25T10:26:39: 读取文件成功
2017-06-25T10:27:38: 读取文件成功
2017-06-25T10:28:39: 读取文件成功
2017-06-25T10:29:39: 读取文件成功
2017-06-25T10:30:39: 读取文件成功
2017-06-25T10:31:39: 读取文件成功
2017-06-25T10:32:39: 读取文件成功
2017-06-25T10:33:39: 读取文件成功
2017-06-25T10:34:39: 读取文件成功
2017-06-25T10:35:39: 读取文件成功
2017-06-25T10:36:39: 读取文件成功
2017-06-25T10:37:39: 读取文件成功
2017-06-25T10:38:39: 读取文件成功
2017-06-25T10:39:39: 读取文件成功
2017-06-25T10:40:39: 读取文件成功
2017-06-25T10:41:39: 读取文件成功
2017-06-25T10:42:39: 读取文件成功
2017-06-25T10:43:39: 读取文件成功
2017-06-25T10:44:39: 读取文件成功
2017-06-25T10:45:39: 读取文件成功
2017-06-25T10:46:39: 读取文件成功
2017-06-25T10:47:39: 读取文件成功
2017-06-25T10:48:39: 读取文件成功
2017-06-25T10:49:39: 读取文件成功
2017-06-25T10:50:39: 读取文件成功
2017-06-25T10:51:39: 读取文件成功
2017-06-25T10:52:39: 读取文件成功
2017-06-25T10:53:39: 读取文件成功
2017-06-25T10:54:39: 读取文件成功
2017-06-25T10:55:39: 读取文件成功
2017-06-25T10:56:39: 读取文件成功
2017-06-25T10:57:39: 读取文件成功
2017-06-25T10:58:39: 读取文件成功
2017-06-25T10:59:39: 读取文件成功
2017-06-25T11:00:39: 读取文件成功
2017-06-25T11:01:39: 读取文件成功
2017-06-25T11:02:39: 读取文件成功
2017-06-25T11:03:39: 读取文件成功
2017-06-25T11:04:39: 读取文件成功
2017-06-25T11:05:39: 读取文件成功
2017-06-25T11:06:39: 读取文件成功
2017-06-25T11:07:39: 读取文件成功
2017-06-25T11:08:39: 读取文件成功
2017-06-25T11:09:39: 读取文件成功
2017-06-25T11:10:39: 读取文件成功
2017-06-25T11:11:39: 读取文件成功
2017-06-25T11:12:39: 读取文件成功
2017-06-25T11:13:40: 读取文件成功
2017-06-25T11:14:39: 读取文件成功
2017-06-25T11:15:39: 读取文件成功
2017-06-25T11:16:39: 读取文件成功
2017-06-25T11:17:39: 读取文件成功
2017-06-25T11:18:39: 读取文件成功
2017-06-25T11:19:39: 读取文件成功
2017-06-25T11:20:39: 读取文件成功
2017-06-25T11:21:39: 读取文件成功
2017-06-25T11:22:39: 读取文件成功
2017-06-25T11:23:39: 读取文件成功
2017-06-25T11:24:39: 读取文件成功
2017-06-25T11:25:39: 读取文件成功
2017-06-25T11:26:39: 读取文件成功
2017-06-25T11:27:39: 读取文件成功
2017-06-25T11:28:39: 读取文件成功
2017-06-25T11:29:39: 读取文件成功
2017-06-25T11:30:39: 读取文件成功
2017-06-25T11:31:39: 读取文件成功
2017-06-25T11:32:39: 读取文件成功
2017-06-25T11:33:39: 读取文件成功
2017-06-25T11:34:39: 读取文件成功
2017-06-25T11:35:39: 读取文件成功
2017-06-25T11:36:39: 读取文件成功
2017-06-25T11:37:39: 读取文件成功
2017-06-25T11:38:39: 读取文件成功
2017-06-25T11:39:39: 读取文件成功
2017-06-25T11:40:39: 读取文件成功
2017-06-25T11:41:39: 读取文件成功
2017-06-25T11:42:39: 读取文件成功
2017-06-25T11:43:39: 读取文件成功
2017-06-25T11:44:39: 读取文件成功
2017-06-25T11:45:39: 读取文件成功
2017-06-25T11:46:39: 读取文件成功
2017-06-25T11:47:39: 读取文件成功
2017-06-25T11:48:39: 读取文件成功
2017-06-25T11:49:39: 读取文件成功
2017-06-25T11:50:40: 读取文件成功
2017-06-25T11:51:39: 读取文件成功
2017-06-25T11:52:39: 读取文件成功
2017-06-25T11:53:39: 读取文件成功
2017-06-25T11:54:39: 读取文件成功
2017-06-25T11:55:39: 读取文件成功
2017-06-25T11:56:39: 读取文件成功
2017-06-25T11:57:39: 读取文件成功
2017-06-25T11:58:39: 读取文件成功
2017-06-25T11:59:40: 读取文件成功
2017-06-25T12:00:39: 读取文件成功
2017-06-25T12:01:39: 读取文件成功
2017-06-25T12:02:39: 读取文件成功
2017-06-25T12:03:39: 读取文件成功
2017-06-25T12:04:39: 读取文件成功
2017-06-25T12:05:39: 读取文件成功
2017-06-25T12:06:39: 读取文件成功
2017-06-25T12:07:39: 读取文件成功
2017-06-25T12:08:40: 读取文件成功
2017-06-25T12:09:39: 读取文件成功
2017-06-25T12:10:39: 读取文件成功
2017-06-25T12:11:42: 读取文件成功
2017-06-25T12:12:39: 读取文件成功
2017-06-25T12:13:39: 读取文件成功
2017-06-25T12:14:39: 读取文件成功
2017-06-25T12:15:39: 读取文件成功
2017-06-25T12:16:39: 读取文件成功
2017-06-25T12:17:39: 读取文件成功
2017-06-25T12:18:39: 读取文件成功
2017-06-25T12:19:40: 读取文件成功
2017-06-25T12:20:39: 读取文件成功
2017-06-25T12:21:39: 读取文件成功
2017-06-25T12:22:39: 读取文件成功
2017-06-25T12:23:39: 读取文件成功
2017-06-25T12:24:40: 读取文件成功
2017-06-25T12:25:40: 读取文件成功
2017-06-25T12:26:40: 读取文件成功
2017-06-25T12:27:40: 读取文件成功
2017-06-25T12:28:40: 读取文件成功
2017-06-25T12:29:40: 读取文件成功
2017-06-25T12:30:40: 读取文件成功
2017-06-25T12:31:40: 读取文件成功
2017-06-25T12:32:40: 读取文件成功
2017-06-25T12:33:40: 读取文件成功
2017-06-25T12:34:40: 读取文件成功
2017-06-25T12:35:40: 读取文件成功
2017-06-25T12:36:40: 读取文件成功
2017-06-25T12:37:40: 读取文件成功
2017-06-25T12:38:40: 读取文件成功
2017-06-25T12:39:40: 读取文件成功
2017-06-25T12:40:40: 读取文件成功
2017-06-25T12:41:40: 读取文件成功
2017-06-25T12:42:40: 读取文件成功
2017-06-25T12:43:40: 读取文件成功
2017-06-25T12:44:40: 读取文件成功
2017-06-25T12:45:40: 读取文件成功
2017-06-25T12:46:40: 读取文件成功
2017-06-25T12:47:40: 读取文件成功
2017-06-25T12:48:40: 读取文件成功
2017-06-25T12:49:40: 读取文件成功
2017-06-25T12:50:40: 读取文件成功
2017-06-25T12:51:40: 读取文件成功
2017-06-25T12:52:40: 读取文件成功
2017-06-25T12:53:40: 读取文件成功
2017-06-25T12:54:40: 读取文件成功
2017-06-25T12:55:40: 读取文件成功
2017-06-25T12:56:40: 读取文件成功
2017-06-25T12:57:40: 读取文件成功
2017-06-25T12:58:40: 读取文件成功
2017-06-25T12:59:40: 读取文件成功
2017-06-25T13:00:43: 读取文件成功
2017-06-25T13:01:40: 读取文件成功
2017-06-25T13:02:40: 读取文件成功
2017-06-25T13:03:40: 读取文件成功
2017-06-25T13:04:40: 读取文件成功
2017-06-25T13:05:40: 读取文件成功
2017-06-25T13:06:40: 读取文件成功
2017-06-25T13:07:40: 读取文件成功
2017-06-25T13:08:40: 读取文件成功
2017-06-25T13:09:40: 读取文件成功
2017-06-25T13:10:40: 读取文件成功
2017-06-25T13:11:40: 读取文件成功
2017-06-25T13:12:40: 读取文件成功
2017-06-25T13:13:40: 读取文件成功
2017-06-25T13:14:40: 读取文件成功
2017-06-25T13:15:40: 读取文件成功
2017-06-25T13:16:40: 读取文件成功
2017-06-25T13:17:40: 读取文件成功
2017-06-25T13:18:40: 读取文件成功
2017-06-25T13:19:40: 读取文件成功
2017-06-25T13:20:40: 读取文件成功
2017-06-25T13:21:40: 读取文件成功
2017-06-25T13:22:40: 读取文件成功
2017-06-25T13:23:40: 读取文件成功
2017-06-25T13:24:40: 读取文件成功
2017-06-25T13:25:40: 读取文件成功
2017-06-25T13:26:40: 读取文件成功
2017-06-25T13:27:40: 读取文件成功
2017-06-25T13:28:40: 读取文件成功
2017-06-25T13:29:40: 读取文件成功
2017-06-25T13:30:40: 读取文件成功
2017-06-25T13:31:40: 读取文件成功
2017-06-25T13:32:40: 读取文件成功
2017-06-25T13:33:40: 读取文件成功
2017-06-25T13:34:40: 读取文件成功
2017-06-25T13:35:40: 读取文件成功
2017-06-25T13:36:41: 读取文件成功
2017-06-25T13:37:40: 读取文件成功
2017-06-25T13:38:40: 读取文件成功
2017-06-25T13:39:40: 读取文件成功
2017-06-25T13:40:40: 读取文件成功
2017-06-25T13:41:40: 读取文件成功
2017-06-25T13:42:40: 读取文件成功
2017-06-25T13:43:40: 读取文件成功
2017-06-25T13:44:40: 读取文件成功
2017-06-25T13:45:40: 读取文件成功
2017-06-25T13:46:40: 读取文件成功
2017-06-25T13:47:40: 读取文件成功
2017-06-25T13:48:41: 读取文件成功
2017-06-25T13:49:40: 读取文件成功
2017-06-25T13:50:40: 读取文件成功
2017-06-25T13:51:40: 读取文件成功
2017-06-25T13:52:40: 读取文件成功
2017-06-25T13:53:41: 读取文件成功
2017-06-25T13:54:41: 读取文件成功
2017-06-25T13:55:40: 读取文件成功
2017-06-25T13:56:40: 读取文件成功
2017-06-25T13:57:41: 读取文件成功
2017-06-25T13:58:40: 读取文件成功
2017-06-25T13:59:41: 读取文件成功
2017-06-25T14:00:41: 读取文件成功
2017-06-25T14:01:41: 读取文件成功
2017-06-25T14:02:41: 读取文件成功
2017-06-25T14:03:41: 读取文件成功
2017-06-25T14:04:41: 读取文件成功
2017-06-25T14:05:41: 读取文件成功
2017-06-25T14:06:42: 读取文件成功
2017-06-25T14:07:41: 读取文件成功
2017-06-25T14:08:41: 读取文件成功
2017-06-25T14:09:41: 读取文件成功
2017-06-25T14:10:41: 读取文件成功
2017-06-25T14:11:41: 读取文件成功
2017-06-25T14:12:41: 读取文件成功
2017-06-25T14:13:41: 读取文件成功
2017-06-25T14:14:41: 读取文件成功
2017-06-25T14:15:41: 读取文件成功
2017-06-25T14:16:41: 读取文件成功
2017-06-25T14:17:41: 读取文件成功
2017-06-25T14:18:41: 读取文件成功
2017-06-25T14:19:41: 读取文件成功
2017-06-25T14:20:41: 读取文件成功
2017-06-25T14:21:41: 读取文件成功
2017-06-25T14:22:41: 读取文件成功
2017-06-25T14:23:41: 读取文件成功
2017-06-25T14:24:41: 读取文件成功
2017-06-25T14:25:41: 读取文件成功
2017-06-25T14:26:41: 读取文件成功
2017-06-25T14:27:41: 读取文件成功
2017-06-25T14:28:41: 读取文件成功
2017-06-25T14:29:41: 读取文件成功
2017-06-25T14:30:41: 读取文件成功
2017-06-25T14:31:41: 读取文件成功
2017-06-25T14:32:41: 读取文件成功
2017-06-25T14:33:41: 读取文件成功
2017-06-25T14:34:41: 读取文件成功
2017-06-25T14:35:41: 读取文件成功
2017-06-25T14:36:41: 读取文件成功
2017-06-25T14:37:41: 读取文件成功
2017-06-25T14:38:41: 读取文件成功
2017-06-25T14:39:41: 读取文件成功
2017-06-25T14:40:41: 读取文件成功
2017-06-25T14:41:41: 读取文件成功
2017-06-25T14:42:41: 读取文件成功
2017-06-25T14:43:41: 读取文件成功
2017-06-25T14:44:41: 读取文件成功
2017-06-25T14:45:42: 读取文件成功
2017-06-25T14:46:41: 读取文件成功
2017-06-25T14:47:41: 读取文件成功
2017-06-25T14:48:41: 读取文件成功
2017-06-25T14:49:41: 读取文件成功
2017-06-25T14:50:41: 读取文件成功
2017-06-25T14:51:41: 读取文件成功
2017-06-25T14:52:41: 读取文件成功
2017-06-25T14:53:41: 读取文件成功
2017-06-25T14:54:41: 读取文件成功
2017-06-25T14:55:41: 读取文件成功
2017-06-25T14:56:41: 读取文件成功
2017-06-25T14:57:41: 读取文件成功
2017-06-25T14:58:41: 读取文件成功
2017-06-25T14:59:41: 读取文件成功
2017-06-25T15:00:41: 读取文件成功
2017-06-25T15:01:41: 读取文件成功
2017-06-25T15:02:41: 读取文件成功
2017-06-25T15:03:41: 读取文件成功
2017-06-25T15:04:41: 读取文件成功
2017-06-25T15:05:41: 读取文件成功
2017-06-25T15:06:41: 读取文件成功
2017-06-25T15:07:41: 读取文件成功
2017-06-25T15:08:41: 读取文件成功
2017-06-25T15:09:41: 读取文件成功
2017-06-25T15:10:41: 读取文件成功
2017-06-25T15:11:42: 读取文件成功
2017-06-25T15:12:41: 读取文件成功
2017-06-25T15:13:41: 读取文件成功
2017-06-25T15:14:41: 读取文件成功
2017-06-25T15:15:41: 读取文件成功
2017-06-25T15:16:41: 读取文件成功
2017-06-25T15:17:42: 读取文件成功
2017-06-25T15:18:41: 读取文件成功
2017-06-25T15:19:41: 读取文件成功
2017-06-25T15:20:41: 读取文件成功
2017-06-25T15:21:41: 读取文件成功
2017-06-25T15:22:41: 读取文件成功
2017-06-25T15:23:41: 读取文件成功
2017-06-25T15:24:41: 读取文件成功
2017-06-25T15:25:41: 读取文件成功
2017-06-25T15:26:41: 读取文件成功
2017-06-25T15:27:41: 读取文件成功
2017-06-25T15:28:41: 读取文件成功
2017-06-25T15:29:42: 读取文件成功
2017-06-25T15:30:41: 读取文件成功
2017-06-25T15:31:41: 读取文件成功
2017-06-25T15:32:41: 读取文件成功
2017-06-25T15:33:41: 读取文件成功
2017-06-25T15:34:41: 读取文件成功
2017-06-25T15:35:42: 读取文件成功
2017-06-25T15:36:41: 读取文件成功
2017-06-25T15:37:42: 读取文件成功
2017-06-25T15:38:42: 读取文件成功
2017-06-25T15:39:41: 读取文件成功
2017-06-25T15:40:42: 读取文件成功
2017-06-25T15:41:42: 读取文件成功
2017-06-25T15:42:42: 读取文件成功
2017-06-25T15:43:42: 读取文件成功
2017-06-25T15:44:44: 读取文件成功
2017-06-25T15:45:42: 读取文件成功
2017-06-25T15:46:42: 读取文件成功
2017-06-25T15:47:42: 读取文件成功
2017-06-25T15:48:42: 读取文件成功
2017-06-25T15:49:42: 读取文件成功
2017-06-25T15:50:42: 读取文件成功
2017-06-25T15:51:42: 读取文件成功
2017-06-25T15:52:42: 读取文件成功
2017-06-25T15:53:42: 读取文件成功
2017-06-25T15:54:42: 读取文件成功
2017-06-25T15:55:42: 读取文件成功
2017-06-25T15:56:42: 读取文件成功
2017-06-25T15:57:42: 读取文件成功
2017-06-25T15:58:42: 读取文件成功
2017-06-25T15:59:42: 读取文件成功
2017-06-25T16:00:42: 读取文件成功
2017-06-25T16:01:42: 读取文件成功
2017-06-25T16:02:42: 读取文件成功
2017-06-25T16:03:42: 读取文件成功
2017-06-25T16:04:42: 读取文件成功
2017-06-25T16:05:42: 读取文件成功
2017-06-25T16:06:42: 读取文件成功
2017-06-25T16:07:42: 读取文件成功
2017-06-25T16:08:42: 读取文件成功
2017-06-25T16:09:42: 读取文件成功
2017-06-25T16:10:42: 读取文件成功
2017-06-25T16:11:42: 读取文件成功
2017-06-25T16:12:42: 读取文件成功
2017-06-25T16:13:42: 读取文件成功
2017-06-25T16:14:42: 读取文件成功
2017-06-25T16:15:42: 读取文件成功
2017-06-25T16:16:42: 读取文件成功
2017-06-25T16:17:42: 读取文件成功
2017-06-25T16:18:42: 读取文件成功
2017-06-25T16:19:42: 读取文件成功
2017-06-25T16:20:42: 读取文件成功
2017-06-25T16:21:42: 读取文件成功
2017-06-25T16:22:42: 读取文件成功
2017-06-25T16:23:42: 读取文件成功
2017-06-25T16:24:42: 读取文件成功
2017-06-25T16:25:42: 读取文件成功
2017-06-25T16:26:42: 读取文件成功
2017-06-25T16:27:42: 读取文件成功
2017-06-25T16:28:42: 读取文件成功
2017-06-25T16:29:42: 读取文件成功
2017-06-25T16:30:42: 读取文件成功
2017-06-25T16:31:42: 读取文件成功
2017-06-25T16:32:42: 读取文件成功
2017-06-25T16:33:42: 读取文件成功
2017-06-25T16:34:42: 读取文件成功
2017-06-25T16:35:42: 读取文件成功
2017-06-25T16:36:42: 读取文件成功
2017-06-25T16:37:42: 读取文件成功
2017-06-25T16:38:44: 读取文件成功
2017-06-25T16:39:42: 读取文件成功
2017-06-25T16:40:42: 读取文件成功
2017-06-25T16:41:43: 读取文件成功
2017-06-25T16:42:49: 读取文件成功
2017-06-25T16:43:42: 读取文件成功
2017-06-25T16:44:42: 读取文件成功
2017-06-25T16:45:42: 读取文件成功
2017-06-25T16:46:42: 读取文件成功
2017-06-25T16:47:42: 读取文件成功
2017-06-25T16:48:42: 读取文件成功
2017-06-25T16:49:42: 读取文件成功
2017-06-25T16:50:42: 读取文件成功
2017-06-25T16:51:42: 读取文件成功
2017-06-25T16:52:42: 读取文件成功
2017-06-25T16:53:42: 读取文件成功
2017-06-25T16:54:42: 读取文件成功
2017-06-25T16:55:42: 读取文件成功
2017-06-25T16:56:42: 读取文件成功
2017-06-25T16:57:42: 读取文件成功
2017-06-25T16:58:43: 读取文件成功
2017-06-25T16:59:42: 读取文件成功
2017-06-25T17:00:42: 读取文件成功
2017-06-25T17:01:42: 读取文件成功
2017-06-25T17:02:42: 读取文件成功
2017-06-25T17:03:42: 读取文件成功
2017-06-25T17:04:42: 读取文件成功
2017-06-25T17:05:42: 读取文件成功
2017-06-25T17:06:42: 读取文件成功
2017-06-25T17:07:42: 读取文件成功
2017-06-25T17:08:42: 读取文件成功
2017-06-25T17:09:42: 读取文件成功
2017-06-25T17:10:42: 读取文件成功
2017-06-25T17:11:42: 读取文件成功
2017-06-25T17:12:42: 读取文件成功
2017-06-25T17:13:42: 读取文件成功
2017-06-25T17:14:42: 读取文件成功
2017-06-25T17:15:42: 读取文件成功
2017-06-25T17:16:42: 读取文件成功
2017-06-25T17:17:42: 读取文件成功
2017-06-25T17:18:42: 读取文件成功
2017-06-25T17:19:42: 读取文件成功
2017-06-25T17:20:42: 读取文件成功
2017-06-25T17:21:42: 读取文件成功
2017-06-25T17:22:43: 读取文件成功
2017-06-25T17:23:42: 读取文件成功
2017-06-25T17:24:42: 读取文件成功
2017-06-25T17:25:42: 读取文件成功
2017-06-25T17:26:42: 读取文件成功
2017-06-25T17:27:42: 读取文件成功
2017-06-25T17:28:44: 读取文件成功
2017-06-25T17:29:42: 读取文件成功
2017-06-25T17:30:42: 读取文件成功
2017-06-25T17:31:42: 读取文件成功
2017-06-25T17:32:42: 读取文件成功
2017-06-25T17:33:44: 读取文件成功
2017-06-25T17:34:43: 读取文件成功
2017-06-25T17:35:43: 读取文件成功
2017-06-25T17:36:42: 读取文件成功
2017-06-25T17:37:42: 读取文件成功
2017-06-25T17:38:42: 读取文件成功
2017-06-25T17:39:43: 读取文件成功
2017-06-25T17:40:43: 读取文件成功
2017-06-25T17:41:43: 读取文件成功
2017-06-25T17:42:43: 读取文件成功
2017-06-25T17:43:43: 读取文件成功
2017-06-25T17:44:43: 读取文件成功
2017-06-25T17:45:43: 读取文件成功
2017-06-25T17:46:43: 读取文件成功
2017-06-25T17:47:52: 读取文件成功
2017-06-25T17:48:43: 读取文件成功
2017-06-25T17:49:43: 读取文件成功
2017-06-25T17:50:44: 读取文件成功
2017-06-25T17:51:43: 读取文件成功
2017-06-25T17:52:43: 读取文件成功
2017-06-25T17:53:43: 读取文件成功
2017-06-25T17:54:43: 读取文件成功
2017-06-25T17:55:44: 读取文件成功
2017-06-25T17:56:46: 读取文件成功
2017-06-25T17:57:43: 读取文件成功
2017-06-25T17:58:43: 读取文件成功
2017-06-25T17:59:43: 读取文件成功
2017-06-25T18:00:43: 读取文件成功
2017-06-25T18:01:43: 读取文件成功
2017-06-25T18:02:43: 读取文件成功
2017-06-25T18:03:43: 读取文件成功
2017-06-25T18:04:43: 读取文件成功
2017-06-25T18:05:43: 读取文件成功
2017-06-25T18:06:43: 读取文件成功
2017-06-25T18:07:43: 读取文件成功
2017-06-25T18:08:43: 读取文件成功
2017-06-25T18:09:43: 读取文件成功
2017-06-25T18:10:43: 读取文件成功
2017-06-25T18:11:43: 读取文件成功
2017-06-25T18:12:43: 读取文件成功
2017-06-25T18:13:43: 读取文件成功
2017-06-25T18:14:43: 读取文件成功
2017-06-25T18:15:43: 读取文件成功
2017-06-25T18:16:43: 读取文件成功
2017-06-25T18:17:43: 读取文件成功
2017-06-25T18:18:43: 读取文件成功
2017-06-25T18:19:43: 读取文件成功
2017-06-25T18:20:43: 读取文件成功
2017-06-25T18:21:43: 读取文件成功
2017-06-25T18:22:43: 读取文件成功
2017-06-25T18:23:43: 读取文件成功
2017-06-25T18:24:43: 读取文件成功
2017-06-25T18:25:43: 读取文件成功
2017-06-25T18:26:43: 读取文件成功
2017-06-25T18:27:43: 读取文件成功
2017-06-25T18:28:43: 读取文件成功
2017-06-25T18:29:43: 读取文件成功
2017-06-25T18:30:43: 读取文件成功
2017-06-25T18:31:43: 读取文件成功
2017-06-25T18:32:43: 读取文件成功
2017-06-25T18:33:43: 读取文件成功
2017-06-25T18:34:43: 读取文件成功
2017-06-25T18:35:43: 读取文件成功
2017-06-25T18:36:43: 读取文件成功
2017-06-25T18:37:43: 读取文件成功
2017-06-25T18:38:43: 读取文件成功
2017-06-25T18:39:43: 读取文件成功
2017-06-25T18:40:43: 读取文件成功
2017-06-25T18:41:43: 读取文件成功
2017-06-25T18:42:43: 读取文件成功
2017-06-25T18:43:43: 读取文件成功
2017-06-25T18:44:43: 读取文件成功
2017-06-25T18:45:43: 读取文件成功
2017-06-25T18:46:43: 读取文件成功
2017-06-25T18:47:43: 读取文件成功
2017-06-25T18:48:43: 读取文件成功
2017-06-25T18:49:43: 读取文件成功
2017-06-25T18:50:43: 读取文件成功
2017-06-25T18:51:43: 读取文件成功
2017-06-25T18:52:43: 读取文件成功
2017-06-25T18:53:43: 读取文件成功
2017-06-25T18:54:43: 读取文件成功
2017-06-25T18:55:43: 读取文件成功
2017-06-25T18:56:43: 读取文件成功
2017-06-25T18:57:44: 读取文件成功
2017-06-25T18:58:43: 读取文件成功
2017-06-25T18:59:43: 读取文件成功
2017-06-25T19:00:43: 读取文件成功
2017-06-25T19:01:43: 读取文件成功
2017-06-25T19:02:43: 读取文件成功
2017-06-25T19:03:44: 读取文件成功
2017-06-25T19:04:43: 读取文件成功
2017-06-25T19:05:43: 读取文件成功
2017-06-25T19:06:44: 读取文件成功
2017-06-25T19:07:43: 读取文件成功
2017-06-25T19:08:43: 读取文件成功
2017-06-25T19:09:44: 读取文件成功
2017-06-25T19:10:43: 读取文件成功
2017-06-25T19:11:43: 读取文件成功
2017-06-25T19:12:43: 读取文件成功
2017-06-25T19:13:43: 读取文件成功
2017-06-25T19:14:43: 读取文件成功
2017-06-25T19:15:44: 读取文件成功
2017-06-25T19:16:44: 读取文件成功
2017-06-25T19:17:44: 读取文件成功
2017-06-25T19:18:44: 读取文件成功
2017-06-25T19:19:44: 读取文件成功
2017-06-25T19:20:44: 读取文件成功
2017-06-25T19:21:45: 读取文件成功
2017-06-25T19:22:44: 读取文件成功
2017-06-25T19:23:44: 读取文件成功
2017-06-25T19:24:44: 读取文件成功
2017-06-25T19:25:45: 读取文件成功
2017-06-25T19:26:44: 读取文件成功
2017-06-25T19:27:59: 读取文件成功
2017-06-25T19:28:44: 读取文件成功
2017-06-25T19:29:44: 读取文件成功
2017-06-25T19:30:44: 读取文件成功
2017-06-25T19:31:44: 读取文件成功
2017-06-25T19:32:44: 读取文件成功
2017-06-25T19:33:44: 读取文件成功
2017-06-25T19:34:44: 读取文件成功
2017-06-25T19:35:44: 读取文件成功
2017-06-25T19:36:44: 读取文件成功
2017-06-25T19:37:44: 读取文件成功
2017-06-25T19:38:44: 读取文件成功
2017-06-25T19:39:44: 读取文件成功
2017-06-25T19:40:44: 读取文件成功
2017-06-25T19:41:44: 读取文件成功
2017-06-25T19:42:44: 读取文件成功
2017-06-25T19:43:44: 读取文件成功
2017-06-25T19:44:44: 读取文件成功
2017-06-25T19:45:44: 读取文件成功
2017-06-25T19:46:44: 读取文件成功
2017-06-25T19:47:44: 读取文件成功
2017-06-25T19:48:44: 读取文件成功
2017-06-25T19:49:44: 读取文件成功
2017-06-25T19:50:44: 读取文件成功
2017-06-25T19:51:44: 读取文件成功
2017-06-25T19:52:44: 读取文件成功
2017-06-25T19:53:44: 读取文件成功
2017-06-25T19:54:44: 读取文件成功
2017-06-25T19:55:44: 读取文件成功
2017-06-25T19:56:44: 读取文件成功
2017-06-25T19:57:44: 读取文件成功
2017-06-25T19:58:44: 读取文件成功
2017-06-25T19:59:44: 读取文件成功
2017-06-25T20:00:44: 读取文件成功
2017-06-25T20:01:44: 读取文件成功
2017-06-25T20:02:44: 读取文件成功
2017-06-25T20:03:44: 读取文件成功
2017-06-25T20:04:44: 读取文件成功
2017-06-25T20:05:44: 读取文件成功
2017-06-25T20:06:44: 读取文件成功
2017-06-25T20:07:44: 读取文件成功
2017-06-25T20:08:44: 读取文件成功
2017-06-25T20:09:44: 读取文件成功
2017-06-25T20:10:44: 读取文件成功
2017-06-25T20:11:44: 读取文件成功
2017-06-25T20:12:44: 读取文件成功
2017-06-25T20:13:44: 读取文件成功
2017-06-25T20:14:44: 读取文件成功
2017-06-25T20:15:44: 读取文件成功
2017-06-25T20:16:44: 读取文件成功
2017-06-25T20:17:44: 读取文件成功
2017-06-25T20:18:44: 读取文件成功
2017-06-25T20:19:44: 读取文件成功
2017-06-25T20:20:44: 读取文件成功
2017-06-25T20:21:44: 读取文件成功
2017-06-25T20:22:44: 读取文件成功
2017-06-25T20:23:44: 读取文件成功
2017-06-25T20:24:44: 读取文件成功
2017-06-25T20:25:44: 读取文件成功
2017-06-25T20:26:44: 读取文件成功
2017-06-25T20:27:44: 读取文件成功
2017-06-25T20:28:44: 读取文件成功
2017-06-25T20:29:44: 读取文件成功
2017-06-25T20:30:44: 读取文件成功
2017-06-25T20:31:44: 读取文件成功
2017-06-25T20:32:44: 读取文件成功
2017-06-25T20:33:44: 读取文件成功
2017-06-25T20:34:44: 读取文件成功
2017-06-25T20:35:44: 读取文件成功
2017-06-25T20:36:44: 读取文件成功
2017-06-25T20:37:44: 读取文件成功
2017-06-25T20:38:44: 读取文件成功
2017-06-25T20:39:45: 读取文件成功
2017-06-25T20:40:44: 读取文件成功
2017-06-25T20:41:44: 读取文件成功
2017-06-25T20:42:44: 读取文件成功
2017-06-25T20:43:44: 读取文件成功
2017-06-25T20:44:44: 读取文件成功
2017-06-25T20:45:45: 读取文件成功
2017-06-25T20:46:44: 读取文件成功
2017-06-25T20:47:44: 读取文件成功
2017-06-25T20:48:44: 读取文件成功
2017-06-25T20:49:44: 读取文件成功
2017-06-25T20:50:44: 读取文件成功
2017-06-25T20:51:45: 读取文件成功
2017-06-25T20:52:44: 读取文件成功
2017-06-25T20:53:44: 读取文件成功
2017-06-25T20:54:44: 读取文件成功
2017-06-25T20:55:44: 读取文件成功
2017-06-25T20:56:44: 读取文件成功
2017-06-25T20:57:45: 读取文件成功
2017-06-25T20:58:45: 读取文件成功
2017-06-25T20:59:45: 读取文件成功
2017-06-25T21:00:45: 读取文件成功
2017-06-25T21:01:45: 读取文件成功
2017-06-25T21:02:45: 读取文件成功
2017-06-25T21:03:46: 读取文件成功
2017-06-25T21:04:45: 读取文件成功
2017-06-25T21:05:45: 读取文件成功
2017-06-25T21:06:45: 读取文件成功
2017-06-25T21:07:45: 读取文件成功
2017-06-25T21:08:45: 读取文件成功
2017-06-25T21:09:45: 读取文件成功
2017-06-25T21:10:45: 读取文件成功
2017-06-25T21:11:45: 读取文件成功
2017-06-25T21:12:45: 读取文件成功
2017-06-25T21:13:45: 读取文件成功
2017-06-25T21:14:45: 读取文件成功
2017-06-25T21:15:45: 读取文件成功
2017-06-25T21:16:45: 读取文件成功
2017-06-25T21:17:45: 读取文件成功
2017-06-25T21:18:45: 读取文件成功
2017-06-25T21:19:45: 读取文件成功
2017-06-25T21:20:45: 读取文件成功
2017-06-25T21:21:45: 读取文件成功
2017-06-25T21:22:45: 读取文件成功
2017-06-25T21:23:45: 读取文件成功
2017-06-25T21:24:45: 读取文件成功
2017-06-25T21:25:45: 读取文件成功
2017-06-25T21:26:45: 读取文件成功
2017-06-25T21:27:45: 读取文件成功
2017-06-25T21:28:45: 读取文件成功
2017-06-25T21:29:45: 读取文件成功
2017-06-25T21:30:45: 读取文件成功
2017-06-25T21:31:45: 读取文件成功
2017-06-25T21:32:45: 读取文件成功
2017-06-25T21:33:45: 读取文件成功
2017-06-25T21:34:45: 读取文件成功
2017-06-25T21:35:45: 读取文件成功
2017-06-25T21:36:45: 读取文件成功
2017-06-25T21:37:45: 读取文件成功
2017-06-25T21:38:45: 读取文件成功
2017-06-25T21:39:45: 读取文件成功
2017-06-25T21:40:45: 读取文件成功
2017-06-25T21:41:45: 读取文件成功
2017-06-25T21:42:45: 读取文件成功
2017-06-25T21:43:45: 读取文件成功
2017-06-25T21:44:45: 读取文件成功
2017-06-25T21:45:45: 读取文件成功
2017-06-25T21:46:45: 读取文件成功
2017-06-25T21:47:45: 读取文件成功
2017-06-25T21:48:45: 读取文件成功
2017-06-25T21:49:45: 读取文件成功
2017-06-25T21:50:45: 读取文件成功
2017-06-25T21:51:45: 读取文件成功
2017-06-25T21:52:45: 读取文件成功
2017-06-25T21:53:45: 读取文件成功
2017-06-25T21:54:45: 读取文件成功
2017-06-25T21:55:45: 读取文件成功
2017-06-25T21:56:45: 读取文件成功
2017-06-25T21:57:45: 读取文件成功
2017-06-25T21:58:45: 读取文件成功
2017-06-25T21:59:45: 读取文件成功
2017-06-25T22:00:45: 读取文件成功
2017-06-25T22:01:45: 读取文件成功
2017-06-25T22:02:45: 读取文件成功
2017-06-25T22:03:45: 读取文件成功
2017-06-25T22:04:45: 读取文件成功
2017-06-25T22:05:45: 读取文件成功
2017-06-25T22:06:49: 读取文件成功
2017-06-25T22:07:47: 读取文件成功
2017-06-25T22:08:45: 读取文件成功
2017-06-25T22:09:47: 读取文件成功
2017-06-25T22:10:46: 读取文件成功
2017-06-25T22:11:45: 读取文件成功
2017-06-25T22:12:46: 读取文件成功
2017-06-25T22:13:45: 读取文件成功
2017-06-25T22:14:45: 读取文件成功
2017-06-25T22:15:46: 读取文件成功
2017-06-25T22:16:45: 读取文件成功
2017-06-25T22:17:45: 读取文件成功
2017-06-25T22:18:45: 读取文件成功
2017-06-25T22:19:45: 读取文件成功
2017-06-25T22:20:45: 读取文件成功
2017-06-25T22:21:45: 读取文件成功
2017-06-25T22:22:45: 读取文件成功
2017-06-25T22:23:45: 读取文件成功
2017-06-25T22:24:45: 读取文件成功
2017-06-25T22:25:45: 读取文件成功
2017-06-25T22:26:45: 读取文件成功
2017-06-25T22:27:46: 读取文件成功
2017-06-25T22:28:45: 读取文件成功
2017-06-25T22:29:45: 读取文件成功
2017-06-25T22:30:45: 读取文件成功
2017-06-25T22:31:45: 读取文件成功
2017-06-25T22:32:45: 读取文件成功
2017-06-25T22:33:46: 读取文件成功
2017-06-25T22:34:45: 读取文件成功
2017-06-25T22:35:45: 读取文件成功
2017-06-25T22:36:45: 读取文件成功
2017-06-25T22:37:45: 读取文件成功
2017-06-25T22:38:45: 读取文件成功
2017-06-25T22:39:47: 读取文件成功
2017-06-25T22:40:45: 读取文件成功
2017-06-25T22:41:46: 读取文件成功
2017-06-25T22:42:45: 读取文件成功
2017-06-25T22:43:46: 读取文件成功
2017-06-25T22:44:46: 读取文件成功
2017-06-25T22:45:46: 读取文件成功
2017-06-25T22:46:46: 读取文件成功
2017-06-25T22:47:46: 读取文件成功
2017-06-25T22:48:46: 读取文件成功
2017-06-25T22:49:46: 读取文件成功
2017-06-25T22:50:46: 读取文件成功
2017-06-25T22:51:46: 读取文件成功
2017-06-25T22:52:46: 读取文件成功
2017-06-25T22:53:46: 读取文件成功
2017-06-25T22:54:46: 读取文件成功
2017-06-25T22:55:46: 读取文件成功
2017-06-25T22:56:46: 读取文件成功
2017-06-25T22:57:46: 读取文件成功
2017-06-25T22:58:46: 读取文件成功
2017-06-25T22:59:46: 读取文件成功
2017-06-25T23:00:46: 读取文件成功
2017-06-25T23:01:46: 读取文件成功
2017-06-25T23:02:46: 读取文件成功
2017-06-25T23:03:46: 读取文件成功
2017-06-25T23:04:46: 读取文件成功
2017-06-25T23:05:46: 读取文件成功
2017-06-25T23:06:46: 读取文件成功
2017-06-25T23:07:46: 读取文件成功
2017-06-25T23:08:46: 读取文件成功
2017-06-25T23:09:46: 读取文件成功
2017-06-25T23:10:46: 读取文件成功
2017-06-25T23:11:46: 读取文件成功
2017-06-25T23:12:46: 读取文件成功
2017-06-25T23:13:46: 读取文件成功
2017-06-25T23:14:46: 读取文件成功
2017-06-25T23:15:46: 读取文件成功
2017-06-25T23:16:46: 读取文件成功
2017-06-25T23:17:46: 读取文件成功
2017-06-25T23:18:46: 读取文件成功
2017-06-25T23:19:46: 读取文件成功
2017-06-25T23:20:46: 读取文件成功
2017-06-25T23:21:46: 读取文件成功
2017-06-25T23:22:46: 读取文件成功
2017-06-25T23:23:46: 读取文件成功
2017-06-25T23:24:46: 读取文件成功
2017-06-25T23:25:46: 读取文件成功
2017-06-25T23:26:46: 读取文件成功
2017-06-25T23:27:46: 读取文件成功
2017-06-25T23:28:46: 读取文件成功
2017-06-25T23:29:46: 读取文件成功
2017-06-25T23:30:46: 读取文件成功
2017-06-25T23:31:46: 读取文件成功
2017-06-25T23:32:46: 读取文件成功
2017-06-25T23:33:46: 读取文件成功
2017-06-25T23:34:46: 读取文件成功
2017-06-25T23:35:46: 读取文件成功
2017-06-25T23:36:46: 读取文件成功
2017-06-25T23:37:46: 读取文件成功
2017-06-25T23:38:46: 读取文件成功
2017-06-25T23:39:46: 读取文件成功
2017-06-25T23:40:46: 读取文件成功
2017-06-25T23:41:46: 读取文件成功
2017-06-25T23:42:46: 读取文件成功
2017-06-25T23:43:46: 读取文件成功
2017-06-25T23:44:46: 读取文件成功
2017-06-25T23:45:46: 读取文件成功
2017-06-25T23:46:46: 读取文件成功
2017-06-25T23:47:46: 读取文件成功
2017-06-25T23:48:46: 读取文件成功
2017-06-25T23:49:46: 读取文件成功
2017-06-25T23:50:46: 非记录时间：2017-06-25T23:50:46+08:00
2017-06-25T23:51:46: 非记录时间：2017-06-25T23:51:46+08:00
2017-06-25T23:52:46: 非记录时间：2017-06-25T23:52:46+08:00
2017-06-25T23:53:46: 非记录时间：2017-06-25T23:53:46+08:00
2017-06-25T23:54:46: 非记录时间：2017-06-25T23:54:46+08:00
2017-06-25T23:55:46: 非记录时间：2017-06-25T23:55:46+08:00
2017-06-25T23:56:46: 非记录时间：2017-06-25T23:56:46+08:00
2017-06-25T23:57:46: 非记录时间：2017-06-25T23:57:46+08:00
2017-06-25T23:58:46: 非记录时间：2017-06-25T23:58:46+08:00
2017-06-25T23:59:46: 非记录时间：2017-06-25T23:59:46+08:00
