2017-04-09T00:00:39: 非记录时间：2017-04-09T00:00:39+08:00
2017-04-09T00:01:39: 非记录时间：2017-04-09T00:01:39+08:00
2017-04-09T00:02:39: 非记录时间：2017-04-09T00:02:39+08:00
2017-04-09T00:03:39: 非记录时间：2017-04-09T00:03:39+08:00
2017-04-09T00:04:39: 非记录时间：2017-04-09T00:04:39+08:00
2017-04-09T00:05:39: 非记录时间：2017-04-09T00:05:39+08:00
2017-04-09T00:06:39: 非记录时间：2017-04-09T00:06:39+08:00
2017-04-09T00:07:39: 非记录时间：2017-04-09T00:07:39+08:00
2017-04-09T00:08:39: 非记录时间：2017-04-09T00:08:39+08:00
2017-04-09T00:09:39: 非记录时间：2017-04-09T00:09:39+08:00
2017-04-09T00:10:39: 非记录时间：2017-04-09T00:10:39+08:00
2017-04-09T00:11:39: 非记录时间：2017-04-09T00:11:39+08:00
2017-04-09T00:12:39: 非记录时间：2017-04-09T00:12:39+08:00
2017-04-09T00:13:39: 非记录时间：2017-04-09T00:13:39+08:00
2017-04-09T00:14:39: 非记录时间：2017-04-09T00:14:39+08:00
2017-04-09T00:15:39: 非记录时间：2017-04-09T00:15:39+08:00
2017-04-09T00:16:39: 非记录时间：2017-04-09T00:16:39+08:00
2017-04-09T00:17:39: 非记录时间：2017-04-09T00:17:39+08:00
2017-04-09T00:18:39: 非记录时间：2017-04-09T00:18:39+08:00
2017-04-09T00:19:39: 非记录时间：2017-04-09T00:19:39+08:00
2017-04-09T00:20:39: 非记录时间：2017-04-09T00:20:39+08:00
2017-04-09T00:21:39: 非记录时间：2017-04-09T00:21:39+08:00
2017-04-09T00:22:39: 非记录时间：2017-04-09T00:22:39+08:00
2017-04-09T00:23:39: 非记录时间：2017-04-09T00:23:39+08:00
2017-04-09T00:24:39: 非记录时间：2017-04-09T00:24:39+08:00
2017-04-09T00:25:39: 非记录时间：2017-04-09T00:25:39+08:00
2017-04-09T00:26:39: 非记录时间：2017-04-09T00:26:39+08:00
2017-04-09T00:27:39: 非记录时间：2017-04-09T00:27:39+08:00
2017-04-09T00:28:39: 非记录时间：2017-04-09T00:28:39+08:00
2017-04-09T00:29:39: 非记录时间：2017-04-09T00:29:39+08:00
2017-04-09T00:30:39: 非记录时间：2017-04-09T00:30:39+08:00
2017-04-09T00:31:39: 非记录时间：2017-04-09T00:31:39+08:00
2017-04-09T00:32:39: 非记录时间：2017-04-09T00:32:39+08:00
2017-04-09T00:33:39: 非记录时间：2017-04-09T00:33:39+08:00
2017-04-09T00:34:39: 非记录时间：2017-04-09T00:34:39+08:00
2017-04-09T00:35:39: 非记录时间：2017-04-09T00:35:39+08:00
2017-04-09T00:36:39: 非记录时间：2017-04-09T00:36:39+08:00
2017-04-09T00:37:39: 非记录时间：2017-04-09T00:37:39+08:00
2017-04-09T00:38:39: 非记录时间：2017-04-09T00:38:39+08:00
2017-04-09T00:39:39: 非记录时间：2017-04-09T00:39:39+08:00
2017-04-09T00:40:39: 非记录时间：2017-04-09T00:40:39+08:00
2017-04-09T00:41:39: 非记录时间：2017-04-09T00:41:39+08:00
2017-04-09T00:42:39: 非记录时间：2017-04-09T00:42:39+08:00
2017-04-09T00:43:39: 非记录时间：2017-04-09T00:43:39+08:00
2017-04-09T00:44:39: 非记录时间：2017-04-09T00:44:39+08:00
2017-04-09T00:45:39: 非记录时间：2017-04-09T00:45:39+08:00
2017-04-09T00:46:39: 非记录时间：2017-04-09T00:46:39+08:00
2017-04-09T00:47:39: 非记录时间：2017-04-09T00:47:39+08:00
2017-04-09T00:48:39: 非记录时间：2017-04-09T00:48:39+08:00
2017-04-09T00:49:39: 非记录时间：2017-04-09T00:49:39+08:00
2017-04-09T00:50:39: 非记录时间：2017-04-09T00:50:39+08:00
2017-04-09T00:51:39: 非记录时间：2017-04-09T00:51:39+08:00
2017-04-09T00:52:39: 非记录时间：2017-04-09T00:52:39+08:00
2017-04-09T00:53:39: 非记录时间：2017-04-09T00:53:39+08:00
2017-04-09T00:54:39: 非记录时间：2017-04-09T00:54:39+08:00
2017-04-09T00:55:39: 非记录时间：2017-04-09T00:55:39+08:00
2017-04-09T00:56:39: 非记录时间：2017-04-09T00:56:39+08:00
2017-04-09T00:57:39: 非记录时间：2017-04-09T00:57:39+08:00
2017-04-09T00:58:39: 非记录时间：2017-04-09T00:58:39+08:00
2017-04-09T00:59:39: 非记录时间：2017-04-09T00:59:39+08:00
2017-04-09T01:00:39: 非记录时间：2017-04-09T01:00:39+08:00
2017-04-09T01:01:39: 非记录时间：2017-04-09T01:01:39+08:00
2017-04-09T01:02:39: 非记录时间：2017-04-09T01:02:39+08:00
2017-04-09T01:03:39: 非记录时间：2017-04-09T01:03:39+08:00
2017-04-09T01:04:39: 非记录时间：2017-04-09T01:04:39+08:00
2017-04-09T01:05:39: 非记录时间：2017-04-09T01:05:39+08:00
2017-04-09T01:06:39: 非记录时间：2017-04-09T01:06:39+08:00
2017-04-09T01:07:39: 非记录时间：2017-04-09T01:07:39+08:00
2017-04-09T01:08:39: 非记录时间：2017-04-09T01:08:39+08:00
2017-04-09T01:09:39: 非记录时间：2017-04-09T01:09:39+08:00
2017-04-09T01:10:39: 非记录时间：2017-04-09T01:10:39+08:00
2017-04-09T01:11:41: 读取文件失败，可能是该文件不存在
2017-04-09T01:11:41: Error: ENOENT: no such file or directory, open './data/2017-04-09.json'
2017-04-09T01:12:40: 读取文件成功
2017-04-09T01:13:40: 读取文件成功
2017-04-09T01:14:40: 读取文件成功
2017-04-09T01:15:39: 读取文件成功
2017-04-09T01:16:39: 读取文件成功
2017-04-09T01:17:40: 读取文件成功
2017-04-09T01:18:39: 读取文件成功
2017-04-09T01:19:40: 读取文件成功
2017-04-09T01:20:40: 读取文件成功
2017-04-09T01:21:39: 读取文件成功
2017-04-09T01:22:39: 读取文件成功
2017-04-09T01:23:40: 读取文件成功
2017-04-09T01:24:39: 读取文件成功
2017-04-09T01:25:39: 读取文件成功
2017-04-09T01:26:39: 读取文件成功
2017-04-09T01:27:39: 读取文件成功
2017-04-09T01:28:39: 读取文件成功
2017-04-09T01:29:40: 读取文件成功
2017-04-09T01:30:39: 读取文件成功
2017-04-09T01:31:39: 读取文件成功
2017-04-09T01:32:39: 读取文件成功
2017-04-09T01:33:39: 读取文件成功
2017-04-09T01:34:39: 读取文件成功
2017-04-09T01:35:40: 读取文件成功
2017-04-09T01:36:39: 读取文件成功
2017-04-09T01:37:40: 读取文件成功
2017-04-09T01:38:40: 读取文件成功
2017-04-09T01:39:40: 读取文件成功
2017-04-09T01:40:40: 读取文件成功
2017-04-09T01:41:40: 读取文件成功
2017-04-09T01:42:41: 读取文件成功
2017-04-09T01:43:40: 读取文件成功
2017-04-09T01:44:40: 读取文件成功
2017-04-09T01:45:41: 读取文件成功
2017-04-09T01:46:40: 读取文件成功
2017-04-09T01:47:40: 读取文件成功
2017-04-09T01:48:41: 读取文件成功
2017-04-09T01:49:40: 读取文件成功
2017-04-09T01:50:40: 读取文件成功
2017-04-09T01:51:40: 读取文件成功
2017-04-09T01:52:40: 读取文件成功
2017-04-09T01:53:40: 读取文件成功
2017-04-09T01:54:40: 读取文件成功
2017-04-09T01:55:40: 读取文件成功
2017-04-09T01:56:41: 读取文件成功
2017-04-09T01:57:40: 读取文件成功
2017-04-09T01:58:40: 读取文件成功
2017-04-09T01:59:40: 读取文件成功
2017-04-09T02:00:40: 读取文件成功
2017-04-09T02:01:40: 读取文件成功
2017-04-09T02:02:40: 读取文件成功
2017-04-09T02:03:40: 读取文件成功
2017-04-09T02:04:40: 读取文件成功
2017-04-09T02:05:40: 读取文件成功
2017-04-09T02:06:40: 读取文件成功
2017-04-09T02:07:40: 读取文件成功
2017-04-09T02:08:40: 读取文件成功
2017-04-09T02:09:40: 读取文件成功
2017-04-09T02:10:40: 读取文件成功
2017-04-09T02:11:40: 读取文件成功
2017-04-09T02:12:40: 读取文件成功
2017-04-09T02:13:40: 读取文件成功
2017-04-09T02:14:40: 读取文件成功
2017-04-09T02:15:40: 读取文件成功
2017-04-09T02:16:40: 读取文件成功
2017-04-09T02:17:40: 读取文件成功
2017-04-09T02:18:40: 读取文件成功
2017-04-09T02:19:40: 读取文件成功
2017-04-09T02:20:41: 读取文件成功
2017-04-09T02:21:40: 读取文件成功
2017-04-09T02:22:40: 读取文件成功
2017-04-09T02:23:40: 读取文件成功
2017-04-09T02:24:40: 读取文件成功
2017-04-09T02:25:40: 读取文件成功
2017-04-09T02:26:40: 读取文件成功
2017-04-09T02:27:40: 读取文件成功
2017-04-09T02:28:40: 读取文件成功
2017-04-09T02:29:40: 读取文件成功
2017-04-09T02:30:40: 读取文件成功
2017-04-09T02:31:40: 读取文件成功
2017-04-09T02:32:40: 读取文件成功
2017-04-09T02:33:40: 读取文件成功
2017-04-09T02:34:40: 读取文件成功
2017-04-09T02:35:40: 读取文件成功
2017-04-09T02:36:41: 读取文件成功
2017-04-09T02:37:40: 读取文件成功
2017-04-09T02:38:40: 读取文件成功
2017-04-09T02:39:40: 读取文件成功
2017-04-09T02:40:40: 读取文件成功
2017-04-09T02:41:40: 读取文件成功
2017-04-09T02:42:40: 读取文件成功
2017-04-09T02:43:40: 读取文件成功
2017-04-09T02:44:40: 读取文件成功
2017-04-09T02:45:40: 读取文件成功
2017-04-09T02:46:40: 读取文件成功
2017-04-09T02:47:40: 读取文件成功
2017-04-09T02:48:41: 读取文件成功
2017-04-09T02:49:40: 读取文件成功
2017-04-09T02:50:40: 读取文件成功
2017-04-09T02:51:40: 读取文件成功
2017-04-09T02:52:40: 读取文件成功
2017-04-09T02:53:40: 读取文件成功
2017-04-09T02:54:40: 读取文件成功
2017-04-09T02:55:40: 读取文件成功
2017-04-09T02:56:41: 读取文件成功
2017-04-09T02:57:40: 读取文件成功
2017-04-09T02:58:41: 读取文件成功
2017-04-09T02:59:40: 读取文件成功
2017-04-09T03:00:40: 读取文件成功
2017-04-09T03:01:41: 读取文件成功
2017-04-09T03:02:40: 读取文件成功
2017-04-09T03:03:40: 读取文件成功
2017-04-09T03:04:40: 读取文件成功
2017-04-09T03:05:40: 读取文件成功
2017-04-09T03:06:40: 读取文件成功
2017-04-09T03:07:40: 读取文件成功
2017-04-09T03:08:40: 读取文件成功
2017-04-09T03:09:40: 读取文件成功
2017-04-09T03:10:40: 读取文件成功
2017-04-09T03:11:40: 读取文件成功
2017-04-09T03:12:41: 读取文件成功
2017-04-09T03:13:40: 读取文件成功
2017-04-09T03:14:40: 读取文件成功
2017-04-09T03:15:41: 读取文件成功
2017-04-09T03:16:40: 读取文件成功
2017-04-09T03:17:40: 读取文件成功
2017-04-09T03:18:40: 读取文件成功
2017-04-09T03:19:40: 读取文件成功
2017-04-09T03:20:40: 读取文件成功
2017-04-09T03:21:41: 读取文件成功
2017-04-09T03:22:40: 读取文件成功
2017-04-09T03:23:40: 读取文件成功
2017-04-09T03:24:40: 读取文件成功
2017-04-09T03:25:40: 读取文件成功
2017-04-09T03:26:40: 读取文件成功
2017-04-09T03:27:41: 读取文件成功
2017-04-09T03:28:41: 读取文件成功
2017-04-09T03:29:41: 读取文件成功
2017-04-09T03:30:41: 读取文件成功
2017-04-09T03:31:41: 读取文件成功
2017-04-09T03:32:41: 读取文件成功
2017-04-09T03:33:41: 读取文件成功
2017-04-09T03:34:41: 读取文件成功
2017-04-09T03:35:41: 读取文件成功
2017-04-09T03:36:41: 读取文件成功
2017-04-09T03:37:41: 读取文件成功
2017-04-09T03:38:41: 读取文件成功
2017-04-09T03:39:41: 读取文件成功
2017-04-09T03:40:41: 读取文件成功
2017-04-09T03:41:41: 读取文件成功
2017-04-09T03:42:41: 读取文件成功
2017-04-09T03:43:41: 读取文件成功
2017-04-09T03:44:41: 读取文件成功
2017-04-09T03:45:41: 读取文件成功
2017-04-09T03:46:41: 读取文件成功
2017-04-09T03:47:41: 读取文件成功
2017-04-09T03:48:41: 读取文件成功
2017-04-09T03:49:41: 读取文件成功
2017-04-09T03:50:41: 读取文件成功
2017-04-09T03:51:41: 读取文件成功
2017-04-09T03:52:41: 读取文件成功
2017-04-09T03:53:41: 读取文件成功
2017-04-09T03:54:41: 读取文件成功
2017-04-09T03:55:41: 读取文件成功
2017-04-09T03:56:41: 读取文件成功
2017-04-09T03:57:41: 读取文件成功
2017-04-09T03:58:41: 读取文件成功
2017-04-09T03:59:41: 读取文件成功
2017-04-09T04:00:41: 读取文件成功
2017-04-09T04:01:41: 读取文件成功
2017-04-09T04:02:41: 读取文件成功
2017-04-09T04:03:41: 读取文件成功
2017-04-09T04:04:41: 读取文件成功
2017-04-09T04:05:41: 读取文件成功
2017-04-09T04:06:41: 读取文件成功
2017-04-09T04:07:41: 读取文件成功
2017-04-09T04:08:41: 读取文件成功
2017-04-09T04:09:41: 读取文件成功
2017-04-09T04:10:41: 读取文件成功
2017-04-09T04:11:41: 读取文件成功
2017-04-09T04:12:41: 读取文件成功
2017-04-09T04:13:41: 读取文件成功
2017-04-09T04:14:41: 读取文件成功
2017-04-09T04:15:41: 读取文件成功
2017-04-09T04:16:41: 读取文件成功
2017-04-09T04:17:41: 读取文件成功
2017-04-09T04:18:41: 读取文件成功
2017-04-09T04:19:41: 读取文件成功
2017-04-09T04:20:41: 读取文件成功
2017-04-09T04:21:41: 读取文件成功
2017-04-09T04:22:41: 读取文件成功
2017-04-09T04:23:41: 读取文件成功
2017-04-09T04:24:41: 读取文件成功
2017-04-09T04:25:41: 读取文件成功
2017-04-09T04:26:41: 读取文件成功
2017-04-09T04:27:41: 读取文件成功
2017-04-09T04:28:41: 读取文件成功
2017-04-09T04:29:41: 读取文件成功
2017-04-09T04:30:41: 读取文件成功
2017-04-09T04:31:41: 读取文件成功
2017-04-09T04:32:41: 读取文件成功
2017-04-09T04:33:41: 读取文件成功
2017-04-09T04:34:41: 读取文件成功
2017-04-09T04:35:41: 读取文件成功
2017-04-09T04:36:41: 读取文件成功
2017-04-09T04:37:41: 读取文件成功
2017-04-09T04:38:41: 读取文件成功
2017-04-09T04:39:41: 读取文件成功
2017-04-09T04:40:41: 读取文件成功
2017-04-09T04:41:41: 读取文件成功
2017-04-09T04:42:41: 读取文件成功
2017-04-09T04:43:41: 读取文件成功
2017-04-09T04:44:41: 读取文件成功
2017-04-09T04:45:41: 读取文件成功
2017-04-09T04:46:41: 读取文件成功
2017-04-09T04:47:41: 读取文件成功
2017-04-09T04:48:41: 读取文件成功
2017-04-09T04:49:41: 读取文件成功
2017-04-09T04:50:41: 读取文件成功
2017-04-09T04:51:41: 读取文件成功
2017-04-09T04:52:41: 读取文件成功
2017-04-09T04:53:41: 读取文件成功
2017-04-09T04:54:41: 读取文件成功
2017-04-09T04:55:41: 读取文件成功
2017-04-09T04:56:41: 读取文件成功
2017-04-09T04:57:41: 读取文件成功
2017-04-09T04:58:41: 读取文件成功
2017-04-09T04:59:41: 读取文件成功
2017-04-09T05:00:41: 读取文件成功
2017-04-09T05:01:41: 读取文件成功
2017-04-09T05:02:41: 读取文件成功
2017-04-09T05:03:41: 读取文件成功
2017-04-09T05:04:41: 读取文件成功
2017-04-09T05:05:41: 读取文件成功
2017-04-09T05:06:42: 读取文件成功
2017-04-09T05:07:41: 读取文件成功
2017-04-09T05:08:42: 读取文件成功
2017-04-09T05:09:41: 读取文件成功
2017-04-09T05:10:41: 读取文件成功
2017-04-09T05:11:41: 读取文件成功
2017-04-09T05:12:41: 读取文件成功
2017-04-09T05:13:41: 读取文件成功
2017-04-09T05:14:42: 读取文件成功
2017-04-09T05:15:41: 读取文件成功
2017-04-09T05:16:41: 读取文件成功
2017-04-09T05:17:41: 读取文件成功
2017-04-09T05:18:42: 读取文件成功
2017-04-09T05:19:41: 读取文件成功
2017-04-09T05:20:42: 读取文件成功
2017-04-09T05:21:42: 读取文件成功
2017-04-09T05:22:42: 读取文件成功
2017-04-09T05:23:42: 读取文件成功
2017-04-09T05:24:42: 读取文件成功
2017-04-09T05:25:42: 读取文件成功
2017-04-09T05:26:42: 读取文件成功
2017-04-09T05:27:42: 读取文件成功
2017-04-09T05:28:42: 读取文件成功
2017-04-09T05:29:42: 读取文件成功
2017-04-09T05:30:42: 读取文件成功
2017-04-09T05:31:42: 读取文件成功
2017-04-09T05:32:42: 读取文件成功
2017-04-09T05:33:42: 读取文件成功
2017-04-09T05:34:42: 读取文件成功
2017-04-09T05:35:42: 读取文件成功
2017-04-09T05:36:42: 读取文件成功
2017-04-09T05:37:42: 读取文件成功
2017-04-09T05:38:42: 读取文件成功
2017-04-09T05:39:42: 读取文件成功
2017-04-09T05:40:42: 读取文件成功
2017-04-09T05:41:42: 读取文件成功
2017-04-09T05:42:42: 读取文件成功
2017-04-09T05:43:42: 读取文件成功
2017-04-09T05:44:42: 读取文件成功
2017-04-09T05:45:42: 读取文件成功
2017-04-09T05:46:42: 读取文件成功
2017-04-09T05:47:42: 读取文件成功
2017-04-09T05:48:42: 读取文件成功
2017-04-09T05:49:42: 读取文件成功
2017-04-09T05:50:42: 读取文件成功
2017-04-09T05:51:42: 读取文件成功
2017-04-09T05:52:42: 读取文件成功
2017-04-09T05:53:42: 读取文件成功
2017-04-09T05:54:42: 读取文件成功
2017-04-09T05:55:42: 读取文件成功
2017-04-09T05:56:42: 读取文件成功
2017-04-09T05:57:42: 读取文件成功
2017-04-09T05:58:42: 读取文件成功
2017-04-09T05:59:42: 读取文件成功
2017-04-09T06:00:42: 读取文件成功
2017-04-09T06:01:42: 读取文件成功
2017-04-09T06:02:42: 读取文件成功
2017-04-09T06:03:42: 读取文件成功
2017-04-09T06:04:42: 读取文件成功
2017-04-09T06:05:42: 读取文件成功
2017-04-09T06:06:42: 读取文件成功
2017-04-09T06:07:42: 读取文件成功
2017-04-09T06:08:42: 读取文件成功
2017-04-09T06:09:42: 读取文件成功
2017-04-09T06:10:42: 读取文件成功
2017-04-09T06:11:42: 读取文件成功
2017-04-09T06:12:42: 读取文件成功
2017-04-09T06:13:42: 读取文件成功
2017-04-09T06:14:42: 读取文件成功
2017-04-09T06:15:42: 读取文件成功
2017-04-09T06:16:42: 读取文件成功
2017-04-09T06:17:42: 读取文件成功
2017-04-09T06:18:42: 读取文件成功
2017-04-09T06:19:42: 读取文件成功
2017-04-09T06:20:42: 读取文件成功
2017-04-09T06:21:42: 读取文件成功
2017-04-09T06:22:42: 读取文件成功
2017-04-09T06:23:42: 读取文件成功
2017-04-09T06:24:42: 读取文件成功
2017-04-09T06:25:42: 读取文件成功
2017-04-09T06:26:42: 读取文件成功
2017-04-09T06:27:42: 读取文件成功
2017-04-09T06:28:42: 读取文件成功
2017-04-09T06:29:42: 读取文件成功
2017-04-09T06:30:43: 读取文件成功
2017-04-09T06:31:42: 读取文件成功
2017-04-09T06:32:42: 读取文件成功
2017-04-09T06:33:42: 读取文件成功
2017-04-09T06:34:42: 读取文件成功
2017-04-09T06:35:42: 读取文件成功
2017-04-09T06:36:43: 读取文件成功
2017-04-09T06:37:42: 读取文件成功
2017-04-09T06:38:42: 读取文件成功
2017-04-09T06:39:42: 读取文件成功
2017-04-09T06:40:42: 读取文件成功
2017-04-09T06:41:42: 读取文件成功
2017-04-09T06:42:42: 读取文件成功
2017-04-09T06:43:42: 读取文件成功
2017-04-09T06:44:42: 读取文件成功
2017-04-09T06:45:42: 读取文件成功
2017-04-09T06:46:42: 读取文件成功
2017-04-09T06:47:42: 读取文件成功
2017-04-09T06:48:42: 读取文件成功
2017-04-09T06:49:42: 读取文件成功
2017-04-09T06:50:42: 读取文件成功
2017-04-09T06:51:42: 读取文件成功
2017-04-09T06:52:42: 读取文件成功
2017-04-09T06:53:42: 读取文件成功
2017-04-09T06:54:42: 读取文件成功
2017-04-09T06:55:42: 读取文件成功
2017-04-09T06:56:42: 读取文件成功
2017-04-09T06:57:42: 读取文件成功
2017-04-09T06:58:42: 读取文件成功
2017-04-09T06:59:42: 读取文件成功
2017-04-09T07:00:43: 读取文件成功
2017-04-09T07:01:42: 读取文件成功
2017-04-09T07:02:43: 读取文件成功
2017-04-09T07:03:42: 读取文件成功
2017-04-09T07:04:42: 读取文件成功
2017-04-09T07:05:42: 读取文件成功
2017-04-09T07:06:43: 读取文件成功
2017-04-09T07:07:43: 读取文件成功
2017-04-09T07:08:42: 读取文件成功
2017-04-09T07:09:42: 读取文件成功
2017-04-09T07:10:42: 读取文件成功
2017-04-09T07:11:42: 读取文件成功
2017-04-09T07:12:43: 读取文件成功
2017-04-09T07:13:43: 读取文件成功
2017-04-09T07:14:43: 读取文件成功
2017-04-09T07:15:43: 读取文件成功
2017-04-09T07:16:43: 读取文件成功
2017-04-09T07:17:43: 读取文件成功
2017-04-09T07:18:43: 读取文件成功
2017-04-09T07:19:43: 读取文件成功
2017-04-09T07:20:43: 读取文件成功
2017-04-09T07:21:43: 读取文件成功
2017-04-09T07:22:43: 读取文件成功
2017-04-09T07:23:43: 读取文件成功
2017-04-09T07:24:43: 读取文件成功
2017-04-09T07:25:43: 读取文件成功
2017-04-09T07:26:43: 读取文件成功
2017-04-09T07:27:43: 读取文件成功
2017-04-09T07:28:43: 读取文件成功
2017-04-09T07:29:43: 读取文件成功
2017-04-09T07:30:43: 读取文件成功
2017-04-09T07:31:43: 读取文件成功
2017-04-09T07:32:43: 读取文件成功
2017-04-09T07:33:43: 读取文件成功
2017-04-09T07:34:43: 读取文件成功
2017-04-09T07:35:43: 读取文件成功
2017-04-09T07:36:43: 读取文件成功
2017-04-09T07:37:43: 读取文件成功
2017-04-09T07:38:43: 读取文件成功
2017-04-09T07:39:43: 读取文件成功
2017-04-09T07:40:43: 读取文件成功
2017-04-09T07:41:43: 读取文件成功
2017-04-09T07:42:43: 读取文件成功
2017-04-09T07:43:43: 读取文件成功
2017-04-09T07:44:43: 读取文件成功
2017-04-09T07:45:43: 读取文件成功
2017-04-09T07:46:43: 读取文件成功
2017-04-09T07:47:43: 读取文件成功
2017-04-09T07:48:43: 读取文件成功
2017-04-09T07:49:43: 读取文件成功
2017-04-09T07:50:43: 读取文件成功
2017-04-09T07:51:43: 读取文件成功
2017-04-09T07:52:43: 读取文件成功
2017-04-09T07:53:43: 读取文件成功
2017-04-09T07:54:43: 读取文件成功
2017-04-09T07:55:43: 读取文件成功
2017-04-09T07:56:43: 读取文件成功
2017-04-09T07:57:43: 读取文件成功
2017-04-09T07:58:43: 读取文件成功
2017-04-09T07:59:43: 读取文件成功
2017-04-09T08:00:43: 读取文件成功
2017-04-09T08:01:43: 读取文件成功
2017-04-09T08:02:43: 读取文件成功
2017-04-09T08:03:43: 读取文件成功
2017-04-09T08:04:43: 读取文件成功
2017-04-09T08:05:43: 读取文件成功
2017-04-09T08:06:43: 读取文件成功
2017-04-09T08:07:44: 读取文件成功
2017-04-09T08:08:43: 读取文件成功
2017-04-09T08:09:44: 读取文件成功
2017-04-09T08:10:43: 读取文件成功
2017-04-09T08:11:43: 读取文件成功
2017-04-09T08:12:43: 读取文件成功
2017-04-09T08:13:43: 读取文件成功
2017-04-09T08:14:43: 读取文件成功
2017-04-09T08:15:44: 读取文件成功
2017-04-09T08:16:43: 读取文件成功
2017-04-09T08:17:43: 读取文件成功
2017-04-09T08:18:43: 读取文件成功
2017-04-09T08:19:43: 读取文件成功
2017-04-09T08:20:43: 读取文件成功
2017-04-09T08:21:43: 读取文件成功
2017-04-09T08:22:43: 读取文件成功
2017-04-09T08:23:44: 读取文件成功
2017-04-09T08:24:43: 读取文件成功
2017-04-09T08:25:43: 读取文件成功
2017-04-09T08:26:43: 读取文件成功
2017-04-09T08:27:43: 读取文件成功
2017-04-09T08:28:43: 读取文件成功
2017-04-09T08:29:44: 读取文件成功
2017-04-09T08:30:43: 读取文件成功
2017-04-09T08:31:44: 读取文件成功
2017-04-09T08:32:43: 读取文件成功
2017-04-09T08:33:43: 读取文件成功
2017-04-09T08:34:43: 读取文件成功
2017-04-09T08:35:43: 读取文件成功
2017-04-09T08:36:43: 读取文件成功
2017-04-09T08:37:43: 读取文件成功
2017-04-09T08:38:44: 读取文件成功
2017-04-09T08:39:43: 读取文件成功
2017-04-09T08:40:43: 读取文件成功
2017-04-09T08:41:43: 读取文件成功
2017-04-09T08:42:43: 读取文件成功
2017-04-09T08:43:43: 读取文件成功
2017-04-09T08:44:44: 读取文件成功
2017-04-09T08:45:43: 读取文件成功
2017-04-09T08:46:43: 读取文件成功
2017-04-09T08:47:44: 读取文件成功
2017-04-09T08:48:43: 读取文件成功
2017-04-09T08:49:43: 读取文件成功
2017-04-09T08:50:43: 读取文件成功
2017-04-09T08:51:43: 读取文件成功
2017-04-09T08:52:43: 读取文件成功
2017-04-09T08:53:44: 读取文件成功
2017-04-09T08:54:43: 读取文件成功
2017-04-09T08:55:44: 读取文件成功
2017-04-09T08:56:43: 读取文件成功
2017-04-09T08:57:43: 读取文件成功
2017-04-09T08:58:43: 读取文件成功
2017-04-09T08:59:44: 读取文件成功
2017-04-09T09:00:43: 读取文件成功
2017-04-09T09:01:43: 读取文件成功
2017-04-09T09:02:43: 读取文件成功
2017-04-09T09:03:43: 读取文件成功
2017-04-09T09:04:43: 读取文件成功
2017-04-09T09:05:45: 读取文件成功
2017-04-09T09:06:43: 读取文件成功
2017-04-09T09:07:44: 读取文件成功
2017-04-09T09:08:44: 读取文件成功
2017-04-09T09:09:44: 读取文件成功
2017-04-09T09:10:44: 读取文件成功
2017-04-09T09:11:45: 读取文件成功
2017-04-09T09:12:44: 读取文件成功
2017-04-09T09:13:44: 读取文件成功
2017-04-09T09:14:44: 读取文件成功
2017-04-09T09:15:45: 读取文件成功
2017-04-09T09:16:44: 读取文件成功
2017-04-09T09:17:44: 读取文件成功
2017-04-09T09:18:44: 读取文件成功
2017-04-09T09:19:44: 读取文件成功
2017-04-09T09:20:44: 读取文件成功
2017-04-09T09:21:44: 读取文件成功
2017-04-09T09:22:44: 读取文件成功
2017-04-09T09:23:44: 读取文件成功
2017-04-09T09:24:44: 读取文件成功
2017-04-09T09:25:44: 读取文件成功
2017-04-09T09:26:45: 读取文件成功
2017-04-09T09:27:44: 读取文件成功
2017-04-09T09:28:44: 读取文件成功
2017-04-09T09:29:44: 读取文件成功
2017-04-09T09:30:44: 读取文件成功
2017-04-09T09:31:44: 读取文件成功
2017-04-09T09:32:44: 读取文件成功
2017-04-09T09:33:44: 读取文件成功
2017-04-09T09:34:45: 读取文件成功
2017-04-09T09:35:44: 读取文件成功
2017-04-09T09:36:44: 读取文件成功
2017-04-09T09:37:44: 读取文件成功
2017-04-09T09:38:44: 读取文件成功
2017-04-09T09:39:45: 读取文件成功
2017-04-09T09:40:44: 读取文件成功
2017-04-09T09:41:44: 读取文件成功
2017-04-09T09:42:44: 读取文件成功
2017-04-09T09:43:44: 读取文件成功
2017-04-09T09:44:44: 读取文件成功
2017-04-09T09:45:44: 读取文件成功
2017-04-09T09:46:44: 读取文件成功
2017-04-09T09:47:44: 读取文件成功
2017-04-09T09:48:44: 读取文件成功
2017-04-09T09:49:44: 读取文件成功
2017-04-09T09:50:44: 读取文件成功
2017-04-09T09:51:44: 读取文件成功
2017-04-09T09:52:44: 读取文件成功
2017-04-09T09:53:44: 读取文件成功
2017-04-09T09:54:44: 读取文件成功
2017-04-09T09:55:44: 读取文件成功
2017-04-09T09:56:44: 读取文件成功
2017-04-09T09:57:44: 读取文件成功
2017-04-09T09:58:44: 读取文件成功
2017-04-09T09:59:44: 读取文件成功
2017-04-09T10:00:44: 读取文件成功
2017-04-09T10:01:45: 读取文件成功
2017-04-09T10:02:45: 读取文件成功
2017-04-09T10:03:45: 读取文件成功
2017-04-09T10:04:44: 读取文件成功
2017-04-09T10:05:44: 读取文件成功
2017-04-09T10:06:44: 读取文件成功
2017-04-09T10:07:45: 读取文件成功
2017-04-09T10:08:44: 读取文件成功
2017-04-09T10:09:44: 读取文件成功
2017-04-09T10:10:44: 读取文件成功
2017-04-09T10:11:44: 读取文件成功
2017-04-09T10:12:44: 读取文件成功
2017-04-09T10:13:44: 读取文件成功
2017-04-09T10:14:44: 读取文件成功
2017-04-09T10:15:44: 读取文件成功
2017-04-09T10:16:44: 读取文件成功
2017-04-09T10:17:44: 读取文件成功
2017-04-09T10:18:44: 读取文件成功
2017-04-09T10:19:44: 读取文件成功
2017-04-09T10:20:44: 读取文件成功
2017-04-09T10:21:44: 读取文件成功
2017-04-09T10:22:44: 读取文件成功
2017-04-09T10:23:44: 读取文件成功
2017-04-09T10:24:44: 读取文件成功
2017-04-09T10:25:44: 读取文件成功
2017-04-09T10:26:45: 读取文件成功
2017-04-09T10:27:45: 读取文件成功
2017-04-09T10:28:44: 读取文件成功
2017-04-09T10:29:44: 读取文件成功
2017-04-09T10:30:44: 读取文件成功
2017-04-09T10:31:44: 读取文件成功
2017-04-09T10:32:45: 读取文件成功
2017-04-09T10:33:44: 读取文件成功
2017-04-09T10:34:44: 读取文件成功
2017-04-09T10:35:44: 读取文件成功
2017-04-09T10:36:44: 读取文件成功
2017-04-09T10:37:44: 读取文件成功
2017-04-09T10:38:45: 读取文件成功
2017-04-09T10:39:44: 读取文件成功
2017-04-09T10:40:44: 读取文件成功
2017-04-09T10:41:45: 读取文件成功
2017-04-09T10:42:45: 读取文件成功
2017-04-09T10:43:44: 读取文件成功
2017-04-09T10:44:45: 读取文件成功
2017-04-09T10:45:45: 读取文件成功
2017-04-09T10:46:45: 读取文件成功
2017-04-09T10:47:44: 读取文件成功
2017-04-09T10:48:44: 读取文件成功
2017-04-09T10:49:44: 读取文件成功
2017-04-09T10:50:45: 读取文件成功
2017-04-09T10:51:45: 读取文件成功
2017-04-09T10:52:45: 读取文件成功
2017-04-09T10:53:46: 读取文件成功
2017-04-09T10:54:45: 读取文件成功
2017-04-09T10:55:44: 读取文件成功
2017-04-09T10:56:45: 读取文件成功
2017-04-09T10:57:44: 读取文件成功
2017-04-09T10:58:44: 读取文件成功
2017-04-09T10:59:45: 读取文件成功
2017-04-09T11:00:45: 读取文件成功
2017-04-09T11:01:45: 读取文件成功
2017-04-09T11:02:45: 读取文件成功
2017-04-09T11:03:46: 读取文件成功
2017-04-09T11:04:45: 读取文件成功
2017-04-09T11:05:45: 读取文件成功
2017-04-09T11:06:45: 读取文件成功
2017-04-09T11:07:45: 读取文件成功
2017-04-09T11:08:45: 读取文件成功
2017-04-09T11:09:45: 读取文件成功
2017-04-09T11:10:45: 读取文件成功
2017-04-09T11:11:46: 读取文件成功
2017-04-09T11:12:45: 读取文件成功
2017-04-09T11:13:45: 读取文件成功
2017-04-09T11:14:45: 读取文件成功
2017-04-09T11:15:45: 读取文件成功
2017-04-09T11:16:45: 读取文件成功
2017-04-09T11:17:46: 读取文件成功
2017-04-09T11:18:45: 读取文件成功
2017-04-09T11:19:46: 读取文件成功
2017-04-09T11:20:45: 读取文件成功
2017-04-09T11:21:45: 读取文件成功
2017-04-09T11:22:45: 读取文件成功
2017-04-09T11:23:45: 读取文件成功
2017-04-09T11:24:45: 读取文件成功
2017-04-09T11:25:45: 读取文件成功
2017-04-09T11:26:45: 读取文件成功
2017-04-09T11:27:46: 读取文件成功
2017-04-09T11:28:45: 读取文件成功
2017-04-09T11:29:45: 读取文件成功
2017-04-09T11:30:45: 读取文件成功
2017-04-09T11:31:45: 读取文件成功
2017-04-09T11:32:45: 读取文件成功
2017-04-09T11:33:46: 读取文件成功
2017-04-09T11:34:45: 读取文件成功
2017-04-09T11:35:46: 读取文件成功
2017-04-09T11:36:45: 读取文件成功
2017-04-09T11:37:45: 读取文件成功
2017-04-09T11:38:46: 读取文件成功
2017-04-09T11:39:45: 读取文件成功
2017-04-09T11:40:45: 读取文件成功
2017-04-09T11:41:45: 读取文件成功
2017-04-09T11:42:45: 读取文件成功
2017-04-09T11:43:45: 读取文件成功
2017-04-09T11:44:46: 读取文件成功
2017-04-09T11:45:46: 读取文件成功
2017-04-09T11:46:46: 读取文件成功
2017-04-09T11:47:45: 读取文件成功
2017-04-09T11:48:45: 读取文件成功
2017-04-09T11:49:45: 读取文件成功
2017-04-09T11:50:45: 读取文件成功
2017-04-09T11:51:45: 读取文件成功
2017-04-09T11:52:45: 读取文件成功
2017-04-09T11:53:45: 读取文件成功
2017-04-09T11:54:45: 读取文件成功
2017-04-09T11:55:50: 读取文件成功
2017-04-09T11:56:45: 读取文件成功
2017-04-09T11:57:46: 读取文件成功
2017-04-09T11:58:45: 读取文件成功
2017-04-09T11:59:45: 读取文件成功
2017-04-09T12:00:46: 读取文件成功
2017-04-09T12:01:46: 读取文件成功
2017-04-09T12:02:45: 读取文件成功
2017-04-09T12:03:45: 读取文件成功
2017-04-09T12:04:45: 读取文件成功
2017-04-09T12:05:45: 读取文件成功
2017-04-09T12:06:46: 读取文件成功
2017-04-09T12:07:47: 读取文件成功
2017-04-09T12:08:46: 读取文件成功
2017-04-09T12:09:45: 读取文件成功
2017-04-09T12:10:45: 读取文件成功
2017-04-09T12:11:46: 读取文件成功
2017-04-09T12:12:45: 读取文件成功
2017-04-09T12:13:45: 读取文件成功
2017-04-09T12:14:45: 读取文件成功
2017-04-09T12:15:45: 读取文件成功
2017-04-09T12:16:46: 读取文件成功
2017-04-09T12:17:45: 读取文件成功
2017-04-09T12:18:45: 读取文件成功
2017-04-09T12:19:45: 读取文件成功
2017-04-09T12:20:46: 读取文件成功
2017-04-09T12:21:46: 读取文件成功
2017-04-09T12:22:45: 读取文件成功
2017-04-09T12:23:45: 读取文件成功
2017-04-09T12:24:45: 读取文件成功
2017-04-09T12:25:45: 读取文件成功
2017-04-09T12:26:45: 读取文件成功
2017-04-09T12:27:45: 读取文件成功
2017-04-09T12:28:46: 读取文件成功
2017-04-09T12:29:48: 读取文件成功
2017-04-09T12:30:45: 读取文件成功
2017-04-09T12:31:45: 读取文件成功
2017-04-09T12:32:46: 读取文件成功
2017-04-09T12:33:45: 读取文件成功
2017-04-09T12:34:45: 读取文件成功
2017-04-09T12:35:45: 读取文件成功
2017-04-09T12:36:45: 读取文件成功
2017-04-09T12:37:46: 读取文件成功
2017-04-09T12:38:46: 读取文件成功
2017-04-09T12:39:45: 读取文件成功
2017-04-09T12:40:45: 读取文件成功
2017-04-09T12:41:46: 读取文件成功
2017-04-09T12:42:46: 读取文件成功
2017-04-09T12:43:46: 读取文件成功
2017-04-09T12:44:46: 读取文件成功
2017-04-09T12:45:46: 读取文件成功
2017-04-09T12:46:45: 读取文件成功
2017-04-09T12:47:46: 读取文件成功
2017-04-09T12:48:45: 读取文件成功
2017-04-09T12:50:17: 读取文件成功
2017-04-09T12:50:45: 读取文件成功
2017-04-09T12:51:46: 读取文件成功
2017-04-09T12:52:46: 读取文件成功
2017-04-09T12:54:39: 读取文件成功
2017-04-09T12:59:02: 读取文件成功
2017-04-09T12:59:52: 读取文件成功
2017-04-09T13:01:23: 读取文件成功
2017-04-09T13:03:46: 读取文件成功
2017-04-09T13:03:56: 读取文件成功
2017-04-09T13:04:46: 读取文件成功
2017-04-09T13:05:46: 读取文件成功
2017-04-09T13:06:48: 读取文件成功
2017-04-09T13:07:46: 读取文件成功
2017-04-09T13:08:46: 读取文件成功
2017-04-09T13:09:46: 读取文件成功
2017-04-09T13:10:46: 读取文件成功
2017-04-09T13:11:46: 读取文件成功
2017-04-09T13:12:46: 读取文件成功
2017-04-09T13:13:46: 读取文件成功
2017-04-09T13:14:46: 读取文件成功
2017-04-09T13:15:46: 读取文件成功
2017-04-09T13:16:46: 读取文件成功
2017-04-09T13:17:46: 读取文件成功
2017-04-09T13:18:46: 读取文件成功
2017-04-09T13:19:46: 读取文件成功
2017-04-09T13:20:46: 读取文件成功
2017-04-09T13:21:46: 读取文件成功
2017-04-09T13:22:46: 读取文件成功
2017-04-09T13:23:46: 读取文件成功
2017-04-09T13:24:46: 读取文件成功
2017-04-09T13:25:46: 读取文件成功
2017-04-09T13:26:46: 读取文件成功
2017-04-09T13:27:46: 读取文件成功
2017-04-09T13:28:46: 读取文件成功
2017-04-09T13:29:46: 读取文件成功
2017-04-09T13:30:46: 读取文件成功
2017-04-09T13:31:48: 读取文件成功
2017-04-09T13:32:48: 读取文件成功
2017-04-09T13:33:46: 读取文件成功
2017-04-09T13:34:46: 读取文件成功
2017-04-09T13:35:46: 读取文件成功
2017-04-09T13:36:47: 读取文件成功
2017-04-09T13:37:47: 读取文件成功
2017-04-09T13:38:46: 读取文件成功
2017-04-09T13:39:48: 读取文件成功
2017-04-09T13:40:46: 读取文件成功
2017-04-09T13:41:46: 读取文件成功
2017-04-09T13:42:46: 读取文件成功
2017-04-09T13:43:46: 读取文件成功
2017-04-09T13:44:47: 读取文件成功
2017-04-09T13:45:48: 读取文件成功
2017-04-09T13:46:47: 读取文件成功
2017-04-09T13:47:46: 读取文件成功
2017-04-09T13:48:47: 读取文件成功
2017-04-09T13:49:46: 读取文件成功
2017-04-09T13:50:46: 读取文件成功
2017-04-09T13:51:47: 读取文件成功
2017-04-09T13:52:47: 读取文件成功
2017-04-09T13:53:47: 读取文件成功
2017-04-09T13:54:46: 读取文件成功
2017-04-09T13:55:46: 读取文件成功
2017-04-09T13:56:46: 读取文件成功
2017-04-09T13:57:46: 读取文件成功
2017-04-09T13:58:47: 读取文件成功
2017-04-09T13:59:46: 读取文件成功
2017-04-09T14:00:46: 读取文件成功
2017-04-09T14:01:46: 读取文件成功
2017-04-09T14:02:46: 读取文件成功
2017-04-09T14:03:46: 读取文件成功
2017-04-09T14:04:46: 读取文件成功
2017-04-09T14:05:47: 读取文件成功
2017-04-09T14:06:47: 读取文件成功
2017-04-09T14:07:46: 读取文件成功
2017-04-09T14:08:46: 读取文件成功
2017-04-09T14:09:46: 读取文件成功
2017-04-09T14:10:46: 读取文件成功
2017-04-09T14:11:46: 读取文件成功
2017-04-09T14:12:46: 读取文件成功
2017-04-09T14:13:47: 读取文件成功
2017-04-09T14:14:52: 读取文件成功
2017-04-09T14:16:01: 读取文件成功
2017-04-09T14:16:46: 读取文件成功
2017-04-09T14:17:46: 读取文件成功
2017-04-09T14:18:46: 读取文件成功
2017-04-09T14:19:46: 读取文件成功
2017-04-09T14:20:47: 读取文件成功
2017-04-09T14:21:47: 读取文件成功
2017-04-09T14:22:46: 读取文件成功
2017-04-09T14:23:46: 读取文件成功
2017-04-09T14:24:48: 读取文件成功
2017-04-09T14:25:47: 读取文件成功
2017-04-09T14:26:46: 读取文件成功
2017-04-09T14:27:46: 读取文件成功
2017-04-09T14:28:46: 读取文件成功
2017-04-09T14:29:47: 读取文件成功
2017-04-09T14:30:46: 读取文件成功
2017-04-09T14:31:46: 读取文件成功
2017-04-09T14:32:56: 读取文件成功
2017-04-09T14:33:47: 读取文件成功
2017-04-09T14:34:55: 读取文件成功
2017-04-09T14:36:17: 读取文件成功
2017-04-09T14:37:01: 读取文件成功
2017-04-09T14:37:47: 读取文件成功
2017-04-09T14:38:50: 读取文件成功
2017-04-09T14:39:47: 读取文件成功
2017-04-09T14:41:59: 读取文件成功
2017-04-09T14:41:59: 读取文件成功
2017-04-09T14:43:15: 读取文件成功
2017-04-09T14:45:13: 读取文件成功
2017-04-09T14:45:48: 读取文件成功
2017-04-09T14:47:51: 读取文件成功
2017-04-09T14:48:47: 读取文件成功
2017-04-09T14:50:50: 读取文件成功
2017-04-09T14:52:30: 读取文件成功
2017-04-09T14:52:47: 读取文件成功
2017-04-09T14:54:39: 读取文件成功
2017-04-09T14:54:47: 读取文件成功
2017-04-09T14:55:47: 读取文件成功
2017-04-09T14:56:47: 读取文件成功
2017-04-09T14:57:47: 读取文件成功
2017-04-09T14:58:48: 读取文件成功
2017-04-09T14:59:50: 读取文件成功
2017-04-09T15:00:47: 读取文件成功
2017-04-09T15:01:47: 读取文件成功
2017-04-09T15:02:47: 读取文件成功
2017-04-09T15:03:47: 读取文件成功
2017-04-09T15:04:47: 读取文件成功
2017-04-09T15:05:54: 读取文件成功
2017-04-09T15:06:47: 读取文件成功
2017-04-09T15:08:24: 读取文件成功
2017-04-09T15:09:02: 读取文件成功
2017-04-09T15:09:47: 读取文件成功
2017-04-09T15:11:01: 读取文件成功
2017-04-09T15:12:16: 读取文件成功
2017-04-09T15:14:07: 读取文件成功
2017-04-09T15:14:47: 读取文件成功
2017-04-09T15:17:09: 读取文件成功
2017-04-09T15:17:47: 读取文件成功
2017-04-09T15:19:47: 读取文件成功
2017-04-09T15:20:52: 读取文件成功
2017-04-09T15:22:12: 读取文件成功
2017-04-09T15:23:47: 读取文件成功
2017-04-09T15:25:05: 读取文件成功
2017-04-09T15:25:47: 读取文件成功
2017-04-09T15:26:54: 读取文件成功
2017-04-09T15:28:04: 读取文件成功
2017-04-09T15:29:18: 读取文件成功
2017-04-09T15:29:47: 读取文件成功
2017-04-09T15:30:52: 读取文件成功
2017-04-09T15:31:47: 读取文件成功
2017-04-09T15:32:47: 读取文件成功
2017-04-09T15:33:47: 读取文件成功
2017-04-09T15:35:05: 读取文件成功
2017-04-09T15:35:47: 读取文件成功
2017-04-09T15:36:50: 读取文件成功
2017-04-09T15:37:51: 读取文件成功
2017-04-09T15:39:07: 读取文件成功
2017-04-09T15:39:50: 读取文件成功
2017-04-09T15:41:03: 读取文件成功
2017-04-09T15:41:51: 读取文件成功
2017-04-09T15:43:25: 读取文件成功
2017-04-09T15:43:47: 读取文件成功
2017-04-09T15:44:47: 读取文件成功
2017-04-09T15:45:47: 读取文件成功
2017-04-09T15:46:47: 读取文件成功
2017-04-09T15:47:48: 读取文件成功
2017-04-09T15:48:47: 读取文件成功
2017-04-09T15:49:47: 读取文件成功
2017-04-09T15:50:47: 读取文件成功
2017-04-09T15:51:47: 读取文件成功
2017-04-09T15:52:47: 读取文件成功
2017-04-09T15:53:47: 读取文件成功
2017-04-09T15:54:48: 读取文件成功
2017-04-09T15:55:47: 读取文件成功
2017-04-09T15:56:47: 读取文件成功
2017-04-09T15:57:47: 读取文件成功
2017-04-09T15:58:47: 读取文件成功
2017-04-09T15:59:47: 读取文件成功
2017-04-09T16:00:48: 读取文件成功
2017-04-09T16:01:47: 读取文件成功
2017-04-09T16:02:47: 读取文件成功
2017-04-09T16:03:47: 读取文件成功
2017-04-09T16:04:48: 读取文件成功
2017-04-09T16:05:48: 读取文件成功
2017-04-09T16:06:47: 读取文件成功
2017-04-09T16:07:48: 读取文件成功
2017-04-09T16:08:48: 读取文件成功
2017-04-09T16:09:47: 读取文件成功
2017-04-09T16:10:48: 读取文件成功
2017-04-09T16:11:47: 读取文件成功
2017-04-09T16:12:48: 读取文件成功
2017-04-09T16:13:47: 读取文件成功
2017-04-09T16:14:47: 读取文件成功
2017-04-09T16:15:47: 读取文件成功
2017-04-09T16:16:47: 读取文件成功
2017-04-09T16:17:47: 读取文件成功
2017-04-09T16:18:47: 读取文件成功
2017-04-09T16:19:48: 读取文件成功
2017-04-09T16:20:47: 读取文件成功
2017-04-09T16:21:47: 读取文件成功
2017-04-09T16:22:55: 读取文件成功
2017-04-09T16:25:51: 读取文件成功
2017-04-09T16:26:07: 读取文件成功
2017-04-09T16:27:02: 读取文件成功
2017-04-09T16:27:47: 读取文件成功
2017-04-09T16:28:47: 读取文件成功
2017-04-09T16:29:47: 读取文件成功
2017-04-09T16:30:48: 读取文件成功
2017-04-09T16:31:47: 读取文件成功
2017-04-09T16:32:48: 读取文件成功
2017-04-09T16:33:48: 读取文件成功
2017-04-09T16:34:47: 读取文件成功
2017-04-09T16:35:49: 读取文件成功
2017-04-09T16:36:48: 读取文件成功
2017-04-09T16:37:48: 读取文件成功
2017-04-09T16:38:49: 读取文件成功
2017-04-09T16:39:48: 读取文件成功
2017-04-09T16:40:48: 读取文件成功
2017-04-09T16:41:48: 读取文件成功
2017-04-09T16:42:48: 读取文件成功
2017-04-09T16:43:48: 读取文件成功
2017-04-09T16:44:48: 读取文件成功
2017-04-09T16:45:51: 读取文件成功
2017-04-09T16:46:48: 读取文件成功
2017-04-09T16:47:48: 读取文件成功
2017-04-09T16:48:48: 读取文件成功
2017-04-09T16:49:48: 读取文件成功
2017-04-09T16:50:48: 读取文件成功
2017-04-09T16:51:48: 读取文件成功
2017-04-09T16:52:48: 读取文件成功
2017-04-09T16:53:49: 读取文件成功
2017-04-09T16:54:48: 读取文件成功
2017-04-09T16:55:48: 读取文件成功
2017-04-09T16:56:48: 读取文件成功
2017-04-09T16:57:48: 读取文件成功
2017-04-09T16:58:48: 读取文件成功
2017-04-09T16:59:48: 读取文件成功
2017-04-09T17:00:48: 读取文件成功
2017-04-09T17:01:49: 读取文件成功
2017-04-09T17:02:48: 读取文件成功
2017-04-09T17:03:48: 读取文件成功
2017-04-09T17:04:48: 读取文件成功
2017-04-09T17:05:48: 读取文件成功
2017-04-09T17:06:49: 读取文件成功
2017-04-09T17:07:48: 读取文件成功
2017-04-09T17:08:48: 读取文件成功
2017-04-09T17:09:49: 读取文件成功
2017-04-09T17:10:48: 读取文件成功
2017-04-09T17:11:48: 读取文件成功
2017-04-09T17:12:48: 读取文件成功
2017-04-09T17:13:48: 读取文件成功
2017-04-09T17:14:48: 读取文件成功
2017-04-09T17:15:49: 读取文件成功
2017-04-09T17:16:48: 读取文件成功
2017-04-09T17:17:48: 读取文件成功
2017-04-09T17:18:48: 读取文件成功
2017-04-09T17:19:48: 读取文件成功
2017-04-09T17:20:48: 读取文件成功
2017-04-09T17:21:48: 读取文件成功
2017-04-09T17:22:48: 读取文件成功
2017-04-09T17:23:48: 读取文件成功
2017-04-09T17:24:48: 读取文件成功
2017-04-09T17:25:48: 读取文件成功
2017-04-09T17:26:48: 读取文件成功
2017-04-09T17:27:48: 读取文件成功
2017-04-09T17:28:48: 读取文件成功
2017-04-09T17:29:48: 读取文件成功
2017-04-09T17:30:48: 读取文件成功
2017-04-09T17:32:03: 读取文件成功
2017-04-09T17:32:48: 读取文件成功
2017-04-09T17:33:49: 读取文件成功
2017-04-09T17:34:49: 读取文件成功
2017-04-09T17:35:48: 读取文件成功
2017-04-09T17:36:48: 读取文件成功
2017-04-09T17:37:48: 读取文件成功
2017-04-09T17:38:51: 读取文件成功
2017-04-09T17:39:48: 读取文件成功
2017-04-09T17:40:48: 读取文件成功
2017-04-09T17:41:48: 读取文件成功
2017-04-09T17:42:48: 读取文件成功
2017-04-09T17:43:48: 读取文件成功
2017-04-09T17:44:51: 读取文件成功
2017-04-09T17:45:49: 读取文件成功
2017-04-09T17:46:48: 读取文件成功
2017-04-09T17:47:48: 读取文件成功
2017-04-09T17:48:49: 读取文件成功
2017-04-09T17:49:48: 读取文件成功
2017-04-09T17:50:50: 读取文件成功
2017-04-09T17:51:48: 读取文件成功
2017-04-09T17:52:48: 读取文件成功
2017-04-09T17:53:48: 读取文件成功
2017-04-09T17:54:48: 读取文件成功
2017-04-09T17:55:48: 读取文件成功
2017-04-09T17:56:49: 读取文件成功
2017-04-09T17:57:48: 读取文件成功
2017-04-09T17:58:48: 读取文件成功
2017-04-09T17:59:48: 读取文件成功
2017-04-09T18:00:48: 读取文件成功
2017-04-09T18:01:49: 读取文件成功
2017-04-09T18:02:48: 读取文件成功
2017-04-09T18:03:49: 读取文件成功
2017-04-09T18:04:48: 读取文件成功
2017-04-09T18:05:49: 读取文件成功
2017-04-09T18:06:48: 读取文件成功
2017-04-09T18:07:57: 读取文件成功
2017-04-09T18:08:49: 读取文件成功
2017-04-09T18:09:48: 读取文件成功
2017-04-09T18:10:48: 读取文件成功
2017-04-09T18:11:48: 读取文件成功
2017-04-09T18:12:48: 读取文件成功
2017-04-09T18:13:49: 读取文件成功
2017-04-09T18:14:49: 读取文件成功
2017-04-09T18:15:49: 读取文件成功
2017-04-09T18:16:48: 读取文件成功
2017-04-09T18:17:48: 读取文件成功
2017-04-09T18:18:49: 读取文件成功
2017-04-09T18:19:49: 读取文件成功
2017-04-09T18:20:48: 读取文件成功
2017-04-09T18:21:48: 读取文件成功
2017-04-09T18:22:49: 读取文件成功
2017-04-09T18:23:48: 读取文件成功
2017-04-09T18:24:48: 读取文件成功
2017-04-09T18:25:49: 读取文件成功
2017-04-09T18:26:48: 读取文件成功
2017-04-09T18:27:48: 读取文件成功
2017-04-09T18:28:49: 读取文件成功
2017-04-09T18:29:48: 读取文件成功
2017-04-09T18:30:48: 读取文件成功
2017-04-09T18:31:49: 读取文件成功
2017-04-09T18:33:20: 读取文件成功
2017-04-09T18:33:48: 读取文件成功
2017-04-09T18:34:49: 读取文件成功
2017-04-09T18:35:49: 读取文件成功
2017-04-09T18:36:50: 读取文件成功
2017-04-09T18:37:52: 读取文件成功
2017-04-09T18:38:49: 读取文件成功
2017-04-09T18:39:49: 读取文件成功
2017-04-09T18:40:50: 读取文件成功
2017-04-09T18:41:49: 读取文件成功
2017-04-09T18:42:50: 读取文件成功
2017-04-09T18:43:49: 读取文件成功
2017-04-09T18:44:49: 读取文件成功
2017-04-09T18:46:17: 读取文件成功
2017-04-09T18:46:49: 读取文件成功
2017-04-09T18:49:26: 读取文件成功
2017-04-09T18:49:49: 读取文件成功
2017-04-09T18:50:49: 读取文件成功
2017-04-09T18:51:49: 读取文件成功
2017-04-09T18:52:49: 读取文件成功
2017-04-09T18:53:49: 读取文件成功
2017-04-09T18:54:49: 读取文件成功
2017-04-09T18:55:49: 读取文件成功
2017-04-09T18:56:50: 读取文件成功
2017-04-09T18:57:49: 读取文件成功
2017-04-09T18:58:49: 读取文件成功
2017-04-09T18:59:49: 读取文件成功
2017-04-09T19:00:49: 读取文件成功
2017-04-09T19:01:49: 读取文件成功
2017-04-09T19:02:49: 读取文件成功
2017-04-09T19:03:49: 读取文件成功
2017-04-09T19:04:49: 读取文件成功
2017-04-09T19:05:49: 读取文件成功
2017-04-09T19:06:49: 读取文件成功
2017-04-09T19:07:50: 读取文件成功
2017-04-09T19:08:49: 读取文件成功
2017-04-09T19:09:49: 读取文件成功
2017-04-09T19:10:49: 读取文件成功
2017-04-09T19:11:49: 读取文件成功
2017-04-09T19:12:49: 读取文件成功
2017-04-09T19:13:50: 读取文件成功
2017-04-09T19:14:49: 读取文件成功
2017-04-09T19:15:49: 读取文件成功
2017-04-09T19:16:50: 读取文件成功
2017-04-09T19:17:50: 读取文件成功
2017-04-09T19:18:49: 读取文件成功
2017-04-09T19:19:49: 读取文件成功
2017-04-09T19:20:49: 读取文件成功
2017-04-09T19:21:49: 读取文件成功
2017-04-09T19:22:49: 读取文件成功
2017-04-09T19:23:49: 读取文件成功
2017-04-09T19:24:50: 读取文件成功
2017-04-09T19:25:49: 读取文件成功
2017-04-09T19:26:50: 读取文件成功
2017-04-09T19:27:49: 读取文件成功
2017-04-09T19:28:49: 读取文件成功
2017-04-09T19:29:49: 读取文件成功
2017-04-09T19:30:49: 读取文件成功
2017-04-09T19:31:49: 读取文件成功
2017-04-09T19:32:49: 读取文件成功
2017-04-09T19:33:49: 读取文件成功
2017-04-09T19:34:49: 读取文件成功
2017-04-09T19:35:50: 读取文件成功
2017-04-09T19:36:49: 读取文件成功
2017-04-09T19:37:49: 读取文件成功
2017-04-09T19:38:49: 读取文件成功
2017-04-09T19:39:49: 读取文件成功
2017-04-09T19:40:49: 读取文件成功
2017-04-09T19:41:49: 读取文件成功
2017-04-09T19:42:49: 读取文件成功
2017-04-09T19:43:49: 读取文件成功
2017-04-09T19:44:49: 读取文件成功
2017-04-09T19:45:49: 读取文件成功
2017-04-09T19:46:49: 读取文件成功
2017-04-09T19:47:49: 读取文件成功
2017-04-09T19:48:49: 读取文件成功
2017-04-09T19:49:50: 读取文件成功
2017-04-09T19:50:49: 读取文件成功
2017-04-09T19:51:49: 读取文件成功
2017-04-09T19:52:50: 读取文件成功
2017-04-09T19:53:49: 读取文件成功
2017-04-09T19:54:50: 读取文件成功
2017-04-09T19:55:49: 读取文件成功
2017-04-09T19:56:50: 读取文件成功
2017-04-09T19:57:49: 读取文件成功
2017-04-09T19:58:51: 读取文件成功
2017-04-09T19:59:50: 读取文件成功
2017-04-09T20:00:50: 读取文件成功
2017-04-09T20:01:49: 读取文件成功
2017-04-09T20:02:49: 读取文件成功
2017-04-09T20:03:49: 读取文件成功
2017-04-09T20:04:49: 读取文件成功
2017-04-09T20:05:49: 读取文件成功
2017-04-09T20:06:50: 读取文件成功
2017-04-09T20:07:50: 读取文件成功
2017-04-09T20:08:50: 读取文件成功
2017-04-09T20:09:49: 读取文件成功
2017-04-09T20:10:50: 读取文件成功
2017-04-09T20:11:49: 读取文件成功
2017-04-09T20:12:50: 读取文件成功
2017-04-09T20:13:50: 读取文件成功
2017-04-09T20:14:49: 读取文件成功
2017-04-09T20:15:49: 读取文件成功
2017-04-09T20:16:51: 读取文件成功
2017-04-09T20:17:50: 读取文件成功
2017-04-09T20:18:49: 读取文件成功
2017-04-09T20:19:50: 读取文件成功
2017-04-09T20:20:50: 读取文件成功
2017-04-09T20:21:49: 读取文件成功
2017-04-09T20:22:49: 读取文件成功
2017-04-09T20:23:49: 读取文件成功
2017-04-09T20:24:50: 读取文件成功
2017-04-09T20:25:50: 读取文件成功
2017-04-09T20:26:50: 读取文件成功
2017-04-09T20:27:50: 读取文件成功
2017-04-09T20:28:51: 读取文件成功
2017-04-09T20:29:50: 读取文件成功
2017-04-09T20:30:50: 读取文件成功
2017-04-09T20:31:50: 读取文件成功
2017-04-09T20:32:50: 读取文件成功
2017-04-09T20:33:50: 读取文件成功
2017-04-09T20:34:51: 读取文件成功
2017-04-09T20:35:50: 读取文件成功
2017-04-09T20:36:50: 读取文件成功
2017-04-09T20:37:51: 读取文件成功
2017-04-09T20:38:50: 读取文件成功
2017-04-09T20:39:51: 读取文件成功
2017-04-09T20:40:50: 读取文件成功
2017-04-09T20:41:50: 读取文件成功
2017-04-09T20:42:50: 读取文件成功
2017-04-09T20:43:50: 读取文件成功
2017-04-09T20:44:51: 读取文件成功
2017-04-09T20:45:50: 读取文件成功
2017-04-09T20:46:53: 读取文件成功
2017-04-09T20:47:50: 读取文件成功
2017-04-09T20:48:52: 读取文件成功
2017-04-09T20:49:50: 读取文件成功
2017-04-09T20:50:50: 读取文件成功
2017-04-09T20:51:50: 读取文件成功
2017-04-09T20:52:50: 读取文件成功
2017-04-09T20:53:50: 读取文件成功
2017-04-09T20:54:50: 读取文件成功
2017-04-09T20:55:50: 读取文件成功
2017-04-09T20:56:50: 读取文件成功
2017-04-09T20:57:51: 读取文件成功
2017-04-09T20:58:50: 读取文件成功
2017-04-09T20:59:51: 读取文件成功
2017-04-09T21:00:53: 读取文件成功
2017-04-09T21:01:50: 读取文件成功
2017-04-09T21:02:54: 读取文件成功
2017-04-09T21:03:50: 读取文件成功
2017-04-09T21:04:50: 读取文件成功
2017-04-09T21:06:01: 读取文件成功
2017-04-09T21:06:51: 读取文件成功
2017-04-09T21:07:50: 读取文件成功
2017-04-09T21:08:50: 读取文件成功
2017-04-09T21:09:53: 读取文件成功
2017-04-09T21:10:50: 读取文件成功
2017-04-09T21:11:50: 读取文件成功
2017-04-09T21:12:50: 读取文件成功
2017-04-09T21:13:50: 读取文件成功
2017-04-09T21:14:50: 读取文件成功
2017-04-09T21:15:50: 读取文件成功
2017-04-09T21:16:50: 读取文件成功
2017-04-09T21:17:50: 读取文件成功
2017-04-09T21:18:51: 读取文件成功
2017-04-09T21:19:50: 读取文件成功
2017-04-09T21:20:52: 读取文件成功
2017-04-09T21:21:51: 读取文件成功
2017-04-09T21:22:50: 读取文件成功
2017-04-09T21:24:05: 读取文件成功
2017-04-09T21:24:52: 读取文件成功
2017-04-09T21:25:51: 读取文件成功
2017-04-09T21:26:50: 读取文件成功
2017-04-09T21:27:50: 读取文件成功
2017-04-09T21:28:50: 读取文件成功
2017-04-09T21:29:50: 读取文件成功
2017-04-09T21:30:50: 读取文件成功
2017-04-09T21:31:53: 读取文件成功
2017-04-09T21:32:50: 读取文件成功
2017-04-09T21:33:51: 读取文件成功
2017-04-09T21:34:50: 读取文件成功
2017-04-09T21:35:51: 读取文件成功
2017-04-09T21:36:54: 读取文件成功
2017-04-09T21:37:51: 读取文件成功
2017-04-09T21:38:50: 读取文件成功
2017-04-09T21:39:51: 读取文件成功
2017-04-09T21:40:51: 读取文件成功
2017-04-09T21:41:50: 读取文件成功
2017-04-09T21:42:51: 读取文件成功
2017-04-09T21:43:50: 读取文件成功
2017-04-09T21:44:51: 读取文件成功
2017-04-09T21:45:51: 读取文件成功
2017-04-09T21:46:50: 读取文件成功
2017-04-09T21:47:50: 读取文件成功
2017-04-09T21:48:52: 读取文件成功
2017-04-09T21:49:51: 读取文件成功
2017-04-09T21:50:51: 读取文件成功
2017-04-09T21:51:50: 读取文件成功
2017-04-09T21:52:51: 读取文件成功
2017-04-09T21:53:51: 读取文件成功
2017-04-09T21:54:54: 读取文件成功
2017-04-09T21:55:53: 读取文件成功
2017-04-09T21:57:10: 读取文件成功
2017-04-09T21:57:51: 读取文件成功
2017-04-09T21:58:50: 读取文件成功
2017-04-09T21:59:51: 读取文件成功
2017-04-09T22:00:50: 读取文件成功
2017-04-09T22:01:51: 读取文件成功
2017-04-09T22:02:50: 读取文件成功
2017-04-09T22:03:50: 读取文件成功
2017-04-09T22:04:51: 读取文件成功
2017-04-09T22:05:51: 读取文件成功
2017-04-09T22:06:50: 读取文件成功
2017-04-09T22:07:51: 读取文件成功
2017-04-09T22:08:50: 读取文件成功
2017-04-09T22:09:50: 读取文件成功
2017-04-09T22:10:53: 读取文件成功
2017-04-09T22:13:01: 读取文件成功
2017-04-09T22:14:07: 读取文件成功
2017-04-09T22:17:51: 读取文件成功
2017-04-09T22:20:05: 读取文件成功
2017-04-09T22:23:21: 读取文件成功
2017-04-09T22:23:54: 读取文件成功
2017-04-09T22:24:59: 读取文件成功
2017-04-09T22:26:36: 读取文件成功
2017-04-09T22:26:51: 读取文件成功
2017-04-09T22:27:51: 读取文件成功
2017-04-09T22:28:51: 读取文件成功
2017-04-09T22:29:51: 读取文件成功
2017-04-09T22:30:51: 读取文件成功
2017-04-09T22:31:51: 读取文件成功
2017-04-09T22:32:52: 读取文件成功
2017-04-09T22:33:51: 读取文件成功
2017-04-09T22:34:51: 读取文件成功
2017-04-09T22:35:52: 读取文件成功
2017-04-09T22:36:51: 读取文件成功
2017-04-09T22:37:51: 读取文件成功
2017-04-09T22:38:51: 读取文件成功
2017-04-09T22:39:51: 读取文件成功
2017-04-09T22:40:51: 读取文件成功
2017-04-09T22:41:51: 读取文件成功
2017-04-09T22:42:51: 读取文件成功
2017-04-09T22:43:52: 读取文件成功
2017-04-09T22:44:51: 读取文件成功
2017-04-09T22:45:51: 读取文件成功
2017-04-09T22:46:52: 读取文件成功
2017-04-09T22:47:51: 读取文件成功
2017-04-09T22:48:51: 读取文件成功
2017-04-09T22:49:51: 读取文件成功
2017-04-09T22:50:51: 读取文件成功
2017-04-09T22:51:52: 读取文件成功
2017-04-09T22:52:51: 读取文件成功
2017-04-09T22:53:51: 读取文件成功
2017-04-09T22:54:52: 读取文件成功
2017-04-09T22:55:51: 读取文件成功
2017-04-09T22:56:52: 读取文件成功
2017-04-09T22:57:51: 读取文件成功
2017-04-09T22:58:51: 读取文件成功
2017-04-09T22:59:52: 读取文件成功
2017-04-09T23:00:51: 读取文件成功
2017-04-09T23:01:51: 读取文件成功
2017-04-09T23:02:51: 读取文件成功
2017-04-09T23:03:51: 读取文件成功
2017-04-09T23:04:51: 读取文件成功
2017-04-09T23:05:51: 读取文件成功
2017-04-09T23:06:51: 读取文件成功
2017-04-09T23:07:51: 读取文件成功
2017-04-09T23:08:51: 读取文件成功
2017-04-09T23:09:51: 读取文件成功
2017-04-09T23:10:52: 读取文件成功
2017-04-09T23:11:51: 读取文件成功
2017-04-09T23:12:51: 读取文件成功
2017-04-09T23:13:52: 读取文件成功
2017-04-09T23:14:51: 读取文件成功
2017-04-09T23:15:54: 读取文件成功
2017-04-09T23:16:51: 读取文件成功
2017-04-09T23:17:51: 读取文件成功
2017-04-09T23:18:52: 读取文件成功
2017-04-09T23:19:51: 读取文件成功
2017-04-09T23:20:51: 读取文件成功
2017-04-09T23:21:52: 读取文件成功
2017-04-09T23:22:51: 读取文件成功
2017-04-09T23:23:51: 读取文件成功
2017-04-09T23:24:51: 读取文件成功
2017-04-09T23:25:51: 读取文件成功
2017-04-09T23:26:51: 读取文件成功
2017-04-09T23:27:52: 读取文件成功
2017-04-09T23:28:51: 读取文件成功
2017-04-09T23:29:51: 读取文件成功
2017-04-09T23:30:52: 读取文件成功
2017-04-09T23:31:51: 读取文件成功
2017-04-09T23:32:51: 读取文件成功
2017-04-09T23:33:52: 读取文件成功
2017-04-09T23:34:51: 读取文件成功
2017-04-09T23:35:52: 读取文件成功
2017-04-09T23:36:51: 读取文件成功
2017-04-09T23:37:51: 读取文件成功
2017-04-09T23:38:51: 读取文件成功
2017-04-09T23:39:51: 读取文件成功
2017-04-09T23:40:52: 读取文件成功
2017-04-09T23:41:51: 读取文件成功
2017-04-09T23:42:52: 读取文件成功
2017-04-09T23:43:52: 读取文件成功
2017-04-09T23:44:52: 读取文件成功
2017-04-09T23:45:53: 读取文件成功
2017-04-09T23:46:52: 读取文件成功
2017-04-09T23:47:51: 读取文件成功
2017-04-09T23:48:51: 读取文件成功
2017-04-09T23:49:52: 读取文件成功
2017-04-09T23:50:51: 非记录时间：2017-04-09T23:50:51+08:00
2017-04-09T23:51:51: 非记录时间：2017-04-09T23:51:51+08:00
2017-04-09T23:52:51: 非记录时间：2017-04-09T23:52:51+08:00
2017-04-09T23:53:51: 非记录时间：2017-04-09T23:53:51+08:00
2017-04-09T23:54:51: 非记录时间：2017-04-09T23:54:51+08:00
2017-04-09T23:55:51: 非记录时间：2017-04-09T23:55:51+08:00
2017-04-09T23:56:51: 非记录时间：2017-04-09T23:56:51+08:00
2017-04-09T23:57:51: 非记录时间：2017-04-09T23:57:51+08:00
2017-04-09T23:58:51: 非记录时间：2017-04-09T23:58:51+08:00
2017-04-09T23:59:51: 非记录时间：2017-04-09T23:59:51+08:00
