2017-01-10T00:00:09: 非记录时间：2017-01-10T00:00:09+08:00
2017-01-10T00:00:19: 非记录时间：2017-01-10T00:00:19+08:00
2017-01-10T00:00:29: 非记录时间：2017-01-10T00:00:29+08:00
2017-01-10T00:00:39: 非记录时间：2017-01-10T00:00:39+08:00
2017-01-10T00:00:49: 非记录时间：2017-01-10T00:00:49+08:00
2017-01-10T00:00:59: 非记录时间：2017-01-10T00:00:59+08:00
2017-01-10T00:01:09: 非记录时间：2017-01-10T00:01:09+08:00
2017-01-10T00:01:19: 非记录时间：2017-01-10T00:01:19+08:00
2017-01-10T00:01:29: 非记录时间：2017-01-10T00:01:29+08:00
2017-01-10T00:01:39: 非记录时间：2017-01-10T00:01:39+08:00
2017-01-10T00:01:49: 非记录时间：2017-01-10T00:01:49+08:00
2017-01-10T00:01:59: 非记录时间：2017-01-10T00:01:59+08:00
2017-01-10T00:02:09: 非记录时间：2017-01-10T00:02:09+08:00
2017-01-10T00:02:19: 非记录时间：2017-01-10T00:02:19+08:00
2017-01-10T00:02:29: 非记录时间：2017-01-10T00:02:29+08:00
2017-01-10T00:02:39: 非记录时间：2017-01-10T00:02:39+08:00
2017-01-10T00:02:49: 非记录时间：2017-01-10T00:02:49+08:00
2017-01-10T00:02:59: 非记录时间：2017-01-10T00:02:59+08:00
2017-01-10T00:03:09: 非记录时间：2017-01-10T00:03:09+08:00
2017-01-10T00:03:19: 非记录时间：2017-01-10T00:03:19+08:00
2017-01-10T00:03:29: 非记录时间：2017-01-10T00:03:29+08:00
2017-01-10T00:03:39: 非记录时间：2017-01-10T00:03:39+08:00
2017-01-10T00:03:49: 非记录时间：2017-01-10T00:03:49+08:00
2017-01-10T00:03:59: 非记录时间：2017-01-10T00:03:59+08:00
2017-01-10T00:04:09: 非记录时间：2017-01-10T00:04:09+08:00
2017-01-10T00:04:19: 非记录时间：2017-01-10T00:04:19+08:00
2017-01-10T00:04:29: 非记录时间：2017-01-10T00:04:29+08:00
2017-01-10T00:04:39: 非记录时间：2017-01-10T00:04:39+08:00
2017-01-10T00:04:49: 非记录时间：2017-01-10T00:04:49+08:00
2017-01-10T00:04:59: 非记录时间：2017-01-10T00:04:59+08:00
2017-01-10T00:05:09: 非记录时间：2017-01-10T00:05:09+08:00
2017-01-10T00:05:19: 非记录时间：2017-01-10T00:05:19+08:00
2017-01-10T00:05:29: 非记录时间：2017-01-10T00:05:29+08:00
2017-01-10T00:05:39: 非记录时间：2017-01-10T00:05:39+08:00
2017-01-10T00:05:49: 非记录时间：2017-01-10T00:05:49+08:00
2017-01-10T00:05:59: 非记录时间：2017-01-10T00:05:59+08:00
2017-01-10T00:06:09: 非记录时间：2017-01-10T00:06:09+08:00
2017-01-10T00:06:19: 非记录时间：2017-01-10T00:06:19+08:00
2017-01-10T00:06:29: 非记录时间：2017-01-10T00:06:29+08:00
2017-01-10T00:06:39: 非记录时间：2017-01-10T00:06:39+08:00
2017-01-10T00:06:49: 非记录时间：2017-01-10T00:06:49+08:00
2017-01-10T00:06:59: 非记录时间：2017-01-10T00:06:59+08:00
2017-01-10T00:07:09: 非记录时间：2017-01-10T00:07:09+08:00
2017-01-10T00:07:19: 非记录时间：2017-01-10T00:07:19+08:00
2017-01-10T00:07:29: 非记录时间：2017-01-10T00:07:29+08:00
2017-01-10T00:07:40: 非记录时间：2017-01-10T00:07:40+08:00
2017-01-10T00:07:50: 非记录时间：2017-01-10T00:07:50+08:00
2017-01-10T00:08:00: 非记录时间：2017-01-10T00:08:00+08:00
2017-01-10T00:08:10: 非记录时间：2017-01-10T00:08:10+08:00
2017-01-10T00:08:20: 非记录时间：2017-01-10T00:08:20+08:00
2017-01-10T00:08:30: 非记录时间：2017-01-10T00:08:30+08:00
2017-01-10T00:08:40: 非记录时间：2017-01-10T00:08:40+08:00
2017-01-10T00:08:50: 非记录时间：2017-01-10T00:08:50+08:00
2017-01-10T00:09:00: 非记录时间：2017-01-10T00:09:00+08:00
2017-01-10T00:09:10: 非记录时间：2017-01-10T00:09:10+08:00
2017-01-10T00:09:20: 非记录时间：2017-01-10T00:09:20+08:00
2017-01-10T00:09:30: 非记录时间：2017-01-10T00:09:30+08:00
2017-01-10T00:09:40: 非记录时间：2017-01-10T00:09:40+08:00
2017-01-10T00:09:50: 非记录时间：2017-01-10T00:09:50+08:00
2017-01-10T00:10:00: 非记录时间：2017-01-10T00:10:00+08:00
2017-01-10T00:10:10: 非记录时间：2017-01-10T00:10:10+08:00
2017-01-10T00:10:20: 非记录时间：2017-01-10T00:10:20+08:00
2017-01-10T00:10:30: 非记录时间：2017-01-10T00:10:30+08:00
2017-01-10T00:10:40: 非记录时间：2017-01-10T00:10:40+08:00
2017-01-10T00:10:50: 非记录时间：2017-01-10T00:10:50+08:00
2017-01-10T00:11:00: 非记录时间：2017-01-10T00:11:00+08:00
2017-01-10T00:11:10: 非记录时间：2017-01-10T00:11:10+08:00
2017-01-10T00:11:20: 非记录时间：2017-01-10T00:11:20+08:00
2017-01-10T00:11:30: 非记录时间：2017-01-10T00:11:30+08:00
2017-01-10T00:11:40: 非记录时间：2017-01-10T00:11:40+08:00
2017-01-10T00:11:50: 非记录时间：2017-01-10T00:11:50+08:00
2017-01-10T00:12:00: 非记录时间：2017-01-10T00:12:00+08:00
2017-01-10T00:12:10: 非记录时间：2017-01-10T00:12:10+08:00
2017-01-10T00:12:20: 非记录时间：2017-01-10T00:12:20+08:00
2017-01-10T00:12:30: 非记录时间：2017-01-10T00:12:30+08:00
2017-01-10T00:12:40: 非记录时间：2017-01-10T00:12:40+08:00
2017-01-10T00:12:50: 非记录时间：2017-01-10T00:12:50+08:00
2017-01-10T00:13:00: 非记录时间：2017-01-10T00:13:00+08:00
2017-01-10T00:13:10: 非记录时间：2017-01-10T00:13:10+08:00
2017-01-10T00:13:20: 非记录时间：2017-01-10T00:13:20+08:00
2017-01-10T00:13:30: 非记录时间：2017-01-10T00:13:30+08:00
2017-01-10T00:13:40: 非记录时间：2017-01-10T00:13:40+08:00
2017-01-10T00:13:50: 非记录时间：2017-01-10T00:13:50+08:00
2017-01-10T00:14:00: 非记录时间：2017-01-10T00:14:00+08:00
2017-01-10T00:14:10: 非记录时间：2017-01-10T00:14:10+08:00
2017-01-10T00:14:20: 非记录时间：2017-01-10T00:14:20+08:00
2017-01-10T00:14:30: 非记录时间：2017-01-10T00:14:30+08:00
2017-01-10T00:14:40: 非记录时间：2017-01-10T00:14:40+08:00
2017-01-10T00:14:50: 非记录时间：2017-01-10T00:14:50+08:00
2017-01-10T00:15:00: 非记录时间：2017-01-10T00:15:00+08:00
2017-01-10T00:15:10: 非记录时间：2017-01-10T00:15:10+08:00
2017-01-10T00:15:20: 非记录时间：2017-01-10T00:15:20+08:00
2017-01-10T00:15:30: 非记录时间：2017-01-10T00:15:30+08:00
2017-01-10T00:15:40: 非记录时间：2017-01-10T00:15:40+08:00
2017-01-10T00:15:50: 非记录时间：2017-01-10T00:15:50+08:00
2017-01-10T00:16:00: 非记录时间：2017-01-10T00:16:00+08:00
2017-01-10T00:16:10: 非记录时间：2017-01-10T00:16:10+08:00
2017-01-10T00:16:20: 非记录时间：2017-01-10T00:16:20+08:00
2017-01-10T00:16:30: 非记录时间：2017-01-10T00:16:30+08:00
2017-01-10T00:16:40: 非记录时间：2017-01-10T00:16:40+08:00
2017-01-10T00:16:50: 非记录时间：2017-01-10T00:16:50+08:00
2017-01-10T00:17:00: 非记录时间：2017-01-10T00:17:00+08:00
2017-01-10T00:17:10: 非记录时间：2017-01-10T00:17:10+08:00
2017-01-10T00:17:20: 非记录时间：2017-01-10T00:17:20+08:00
2017-01-10T00:17:30: 非记录时间：2017-01-10T00:17:30+08:00
2017-01-10T00:17:40: 非记录时间：2017-01-10T00:17:40+08:00
2017-01-10T00:17:50: 非记录时间：2017-01-10T00:17:50+08:00
2017-01-10T00:18:00: 非记录时间：2017-01-10T00:18:00+08:00
2017-01-10T00:18:10: 非记录时间：2017-01-10T00:18:10+08:00
2017-01-10T00:18:20: 非记录时间：2017-01-10T00:18:20+08:00
2017-01-10T00:18:30: 非记录时间：2017-01-10T00:18:30+08:00
2017-01-10T00:18:40: 非记录时间：2017-01-10T00:18:40+08:00
2017-01-10T00:18:50: 非记录时间：2017-01-10T00:18:50+08:00
2017-01-10T00:19:00: 非记录时间：2017-01-10T00:19:00+08:00
2017-01-10T00:19:10: 非记录时间：2017-01-10T00:19:10+08:00
2017-01-10T00:19:20: 非记录时间：2017-01-10T00:19:20+08:00
2017-01-10T00:19:30: 非记录时间：2017-01-10T00:19:30+08:00
2017-01-10T00:19:40: 非记录时间：2017-01-10T00:19:40+08:00
2017-01-10T00:19:50: 非记录时间：2017-01-10T00:19:50+08:00
2017-01-10T00:20:00: 非记录时间：2017-01-10T00:20:00+08:00
2017-01-10T00:20:10: 非记录时间：2017-01-10T00:20:10+08:00
2017-01-10T00:20:20: 非记录时间：2017-01-10T00:20:20+08:00
2017-01-10T00:20:30: 非记录时间：2017-01-10T00:20:30+08:00
2017-01-10T00:20:40: 非记录时间：2017-01-10T00:20:40+08:00
2017-01-10T00:20:50: 非记录时间：2017-01-10T00:20:50+08:00
2017-01-10T00:21:00: 非记录时间：2017-01-10T00:21:00+08:00
2017-01-10T00:21:10: 非记录时间：2017-01-10T00:21:10+08:00
2017-01-10T00:21:20: 非记录时间：2017-01-10T00:21:20+08:00
2017-01-10T00:21:30: 非记录时间：2017-01-10T00:21:30+08:00
2017-01-10T00:21:40: 非记录时间：2017-01-10T00:21:40+08:00
2017-01-10T00:21:50: 非记录时间：2017-01-10T00:21:50+08:00
2017-01-10T00:22:00: 非记录时间：2017-01-10T00:22:00+08:00
2017-01-10T00:22:10: 非记录时间：2017-01-10T00:22:10+08:00
2017-01-10T00:22:20: 非记录时间：2017-01-10T00:22:20+08:00
2017-01-10T00:22:30: 非记录时间：2017-01-10T00:22:30+08:00
2017-01-10T00:22:40: 非记录时间：2017-01-10T00:22:40+08:00
2017-01-10T00:22:50: 非记录时间：2017-01-10T00:22:50+08:00
2017-01-10T00:23:00: 非记录时间：2017-01-10T00:23:00+08:00
2017-01-10T00:23:10: 非记录时间：2017-01-10T00:23:10+08:00
2017-01-10T00:23:20: 非记录时间：2017-01-10T00:23:20+08:00
2017-01-10T00:23:30: 非记录时间：2017-01-10T00:23:30+08:00
2017-01-10T00:23:40: 非记录时间：2017-01-10T00:23:40+08:00
2017-01-10T00:23:50: 非记录时间：2017-01-10T00:23:50+08:00
2017-01-10T00:24:00: 非记录时间：2017-01-10T00:24:00+08:00
2017-01-10T00:24:10: 非记录时间：2017-01-10T00:24:10+08:00
2017-01-10T00:24:20: 非记录时间：2017-01-10T00:24:20+08:00
2017-01-10T00:24:30: 非记录时间：2017-01-10T00:24:30+08:00
2017-01-10T00:24:40: 非记录时间：2017-01-10T00:24:40+08:00
2017-01-10T00:24:50: 非记录时间：2017-01-10T00:24:50+08:00
2017-01-10T00:25:00: 非记录时间：2017-01-10T00:25:00+08:00
2017-01-10T00:25:10: 非记录时间：2017-01-10T00:25:10+08:00
2017-01-10T00:25:20: 非记录时间：2017-01-10T00:25:20+08:00
2017-01-10T00:25:30: 非记录时间：2017-01-10T00:25:30+08:00
2017-01-10T00:25:40: 非记录时间：2017-01-10T00:25:40+08:00
2017-01-10T00:25:50: 非记录时间：2017-01-10T00:25:50+08:00
2017-01-10T00:26:00: 非记录时间：2017-01-10T00:26:00+08:00
2017-01-10T00:26:10: 非记录时间：2017-01-10T00:26:10+08:00
2017-01-10T00:26:20: 非记录时间：2017-01-10T00:26:20+08:00
2017-01-10T00:26:30: 非记录时间：2017-01-10T00:26:30+08:00
2017-01-10T00:26:40: 非记录时间：2017-01-10T00:26:40+08:00
2017-01-10T00:26:50: 非记录时间：2017-01-10T00:26:50+08:00
2017-01-10T00:27:00: 非记录时间：2017-01-10T00:27:00+08:00
2017-01-10T00:27:10: 非记录时间：2017-01-10T00:27:10+08:00
2017-01-10T00:27:20: 非记录时间：2017-01-10T00:27:20+08:00
2017-01-10T00:27:30: 非记录时间：2017-01-10T00:27:30+08:00
2017-01-10T00:27:40: 非记录时间：2017-01-10T00:27:40+08:00
2017-01-10T00:27:50: 非记录时间：2017-01-10T00:27:50+08:00
2017-01-10T00:28:00: 非记录时间：2017-01-10T00:28:00+08:00
2017-01-10T00:28:10: 非记录时间：2017-01-10T00:28:10+08:00
2017-01-10T00:28:20: 非记录时间：2017-01-10T00:28:20+08:00
2017-01-10T00:28:30: 非记录时间：2017-01-10T00:28:30+08:00
2017-01-10T00:28:40: 非记录时间：2017-01-10T00:28:40+08:00
2017-01-10T00:28:50: 非记录时间：2017-01-10T00:28:50+08:00
2017-01-10T00:29:00: 非记录时间：2017-01-10T00:29:00+08:00
2017-01-10T00:29:10: 非记录时间：2017-01-10T00:29:10+08:00
2017-01-10T00:29:20: 非记录时间：2017-01-10T00:29:20+08:00
2017-01-10T00:29:30: 非记录时间：2017-01-10T00:29:30+08:00
2017-01-10T00:29:40: 非记录时间：2017-01-10T00:29:40+08:00
2017-01-10T00:29:50: 非记录时间：2017-01-10T00:29:50+08:00
2017-01-10T00:30:00: 非记录时间：2017-01-10T00:30:00+08:00
2017-01-10T00:30:10: 非记录时间：2017-01-10T00:30:10+08:00
2017-01-10T00:30:20: 非记录时间：2017-01-10T00:30:20+08:00
2017-01-10T00:30:30: 非记录时间：2017-01-10T00:30:30+08:00
2017-01-10T00:30:40: 非记录时间：2017-01-10T00:30:40+08:00
2017-01-10T00:30:50: 非记录时间：2017-01-10T00:30:50+08:00
2017-01-10T00:31:00: 非记录时间：2017-01-10T00:31:00+08:00
2017-01-10T00:31:10: 非记录时间：2017-01-10T00:31:10+08:00
2017-01-10T00:31:20: 非记录时间：2017-01-10T00:31:20+08:00
2017-01-10T00:31:30: 非记录时间：2017-01-10T00:31:30+08:00
2017-01-10T00:31:40: 非记录时间：2017-01-10T00:31:40+08:00
2017-01-10T00:31:50: 非记录时间：2017-01-10T00:31:50+08:00
2017-01-10T00:32:00: 非记录时间：2017-01-10T00:32:00+08:00
2017-01-10T00:32:10: 非记录时间：2017-01-10T00:32:10+08:00
2017-01-10T00:32:20: 非记录时间：2017-01-10T00:32:20+08:00
2017-01-10T00:32:30: 非记录时间：2017-01-10T00:32:30+08:00
2017-01-10T00:32:40: 非记录时间：2017-01-10T00:32:40+08:00
2017-01-10T00:32:50: 非记录时间：2017-01-10T00:32:50+08:00
2017-01-10T00:33:00: 非记录时间：2017-01-10T00:33:00+08:00
2017-01-10T00:33:10: 非记录时间：2017-01-10T00:33:10+08:00
2017-01-10T00:33:20: 非记录时间：2017-01-10T00:33:20+08:00
2017-01-10T00:33:30: 非记录时间：2017-01-10T00:33:30+08:00
2017-01-10T00:33:40: 非记录时间：2017-01-10T00:33:40+08:00
2017-01-10T00:33:50: 非记录时间：2017-01-10T00:33:50+08:00
2017-01-10T00:34:00: 非记录时间：2017-01-10T00:34:00+08:00
2017-01-10T00:34:10: 非记录时间：2017-01-10T00:34:10+08:00
2017-01-10T00:34:20: 非记录时间：2017-01-10T00:34:20+08:00
2017-01-10T00:34:30: 非记录时间：2017-01-10T00:34:30+08:00
2017-01-10T00:34:40: 非记录时间：2017-01-10T00:34:40+08:00
2017-01-10T00:34:50: 非记录时间：2017-01-10T00:34:50+08:00
2017-01-10T00:35:00: 非记录时间：2017-01-10T00:35:00+08:00
2017-01-10T00:35:10: 非记录时间：2017-01-10T00:35:10+08:00
2017-01-10T00:35:20: 非记录时间：2017-01-10T00:35:20+08:00
2017-01-10T00:35:30: 非记录时间：2017-01-10T00:35:30+08:00
2017-01-10T00:35:40: 非记录时间：2017-01-10T00:35:40+08:00
2017-01-10T00:35:50: 非记录时间：2017-01-10T00:35:50+08:00
2017-01-10T00:36:00: 非记录时间：2017-01-10T00:36:00+08:00
2017-01-10T00:36:10: 非记录时间：2017-01-10T00:36:10+08:00
2017-01-10T00:36:20: 非记录时间：2017-01-10T00:36:20+08:00
2017-01-10T00:36:30: 非记录时间：2017-01-10T00:36:30+08:00
2017-01-10T00:36:40: 非记录时间：2017-01-10T00:36:40+08:00
2017-01-10T00:36:50: 非记录时间：2017-01-10T00:36:50+08:00
2017-01-10T00:37:00: 非记录时间：2017-01-10T00:37:00+08:00
2017-01-10T00:37:10: 非记录时间：2017-01-10T00:37:10+08:00
2017-01-10T00:37:20: 非记录时间：2017-01-10T00:37:20+08:00
2017-01-10T00:37:30: 非记录时间：2017-01-10T00:37:30+08:00
2017-01-10T00:37:40: 非记录时间：2017-01-10T00:37:40+08:00
2017-01-10T00:37:50: 非记录时间：2017-01-10T00:37:50+08:00
2017-01-10T00:38:00: 非记录时间：2017-01-10T00:38:00+08:00
2017-01-10T00:38:10: 非记录时间：2017-01-10T00:38:10+08:00
2017-01-10T00:38:20: 非记录时间：2017-01-10T00:38:20+08:00
2017-01-10T00:38:30: 非记录时间：2017-01-10T00:38:30+08:00
2017-01-10T00:38:40: 非记录时间：2017-01-10T00:38:40+08:00
2017-01-10T00:38:50: 非记录时间：2017-01-10T00:38:50+08:00
2017-01-10T00:39:00: 非记录时间：2017-01-10T00:39:00+08:00
2017-01-10T00:39:10: 非记录时间：2017-01-10T00:39:10+08:00
2017-01-10T00:39:20: 非记录时间：2017-01-10T00:39:20+08:00
2017-01-10T00:39:30: 非记录时间：2017-01-10T00:39:30+08:00
2017-01-10T00:39:40: 非记录时间：2017-01-10T00:39:40+08:00
2017-01-10T00:39:50: 非记录时间：2017-01-10T00:39:50+08:00
2017-01-10T00:40:00: 非记录时间：2017-01-10T00:40:00+08:00
2017-01-10T00:40:10: 非记录时间：2017-01-10T00:40:10+08:00
2017-01-10T00:40:20: 非记录时间：2017-01-10T00:40:20+08:00
2017-01-10T00:40:30: 非记录时间：2017-01-10T00:40:30+08:00
2017-01-10T00:40:40: 非记录时间：2017-01-10T00:40:40+08:00
2017-01-10T00:40:50: 非记录时间：2017-01-10T00:40:50+08:00
2017-01-10T00:41:00: 非记录时间：2017-01-10T00:41:00+08:00
2017-01-10T00:41:10: 非记录时间：2017-01-10T00:41:10+08:00
2017-01-10T00:41:20: 非记录时间：2017-01-10T00:41:20+08:00
2017-01-10T00:41:30: 非记录时间：2017-01-10T00:41:30+08:00
2017-01-10T00:41:40: 非记录时间：2017-01-10T00:41:40+08:00
2017-01-10T00:41:50: 非记录时间：2017-01-10T00:41:50+08:00
2017-01-10T00:42:00: 非记录时间：2017-01-10T00:42:00+08:00
2017-01-10T00:42:10: 非记录时间：2017-01-10T00:42:10+08:00
2017-01-10T00:42:20: 非记录时间：2017-01-10T00:42:20+08:00
2017-01-10T00:42:30: 非记录时间：2017-01-10T00:42:30+08:00
2017-01-10T00:42:40: 非记录时间：2017-01-10T00:42:40+08:00
2017-01-10T00:42:50: 非记录时间：2017-01-10T00:42:50+08:00
2017-01-10T00:43:00: 非记录时间：2017-01-10T00:43:00+08:00
2017-01-10T00:43:10: 非记录时间：2017-01-10T00:43:10+08:00
2017-01-10T00:43:20: 非记录时间：2017-01-10T00:43:20+08:00
2017-01-10T00:43:30: 非记录时间：2017-01-10T00:43:30+08:00
2017-01-10T00:43:40: 非记录时间：2017-01-10T00:43:40+08:00
2017-01-10T00:43:50: 非记录时间：2017-01-10T00:43:50+08:00
2017-01-10T00:44:00: 非记录时间：2017-01-10T00:44:00+08:00
2017-01-10T00:44:10: 非记录时间：2017-01-10T00:44:10+08:00
2017-01-10T00:44:20: 非记录时间：2017-01-10T00:44:20+08:00
2017-01-10T00:44:30: 非记录时间：2017-01-10T00:44:30+08:00
2017-01-10T00:44:40: 非记录时间：2017-01-10T00:44:40+08:00
2017-01-10T00:44:50: 非记录时间：2017-01-10T00:44:50+08:00
2017-01-10T00:45:00: 非记录时间：2017-01-10T00:45:00+08:00
2017-01-10T00:45:10: 非记录时间：2017-01-10T00:45:10+08:00
2017-01-10T00:45:20: 非记录时间：2017-01-10T00:45:20+08:00
2017-01-10T00:45:30: 非记录时间：2017-01-10T00:45:30+08:00
2017-01-10T00:45:40: 非记录时间：2017-01-10T00:45:40+08:00
2017-01-10T00:45:50: 非记录时间：2017-01-10T00:45:50+08:00
2017-01-10T00:46:00: 非记录时间：2017-01-10T00:46:00+08:00
2017-01-10T00:46:10: 非记录时间：2017-01-10T00:46:10+08:00
2017-01-10T00:46:20: 非记录时间：2017-01-10T00:46:20+08:00
2017-01-10T00:46:30: 非记录时间：2017-01-10T00:46:30+08:00
2017-01-10T00:46:40: 非记录时间：2017-01-10T00:46:40+08:00
2017-01-10T00:46:50: 非记录时间：2017-01-10T00:46:50+08:00
2017-01-10T00:47:00: 非记录时间：2017-01-10T00:47:00+08:00
2017-01-10T00:47:10: 非记录时间：2017-01-10T00:47:10+08:00
2017-01-10T00:47:20: 非记录时间：2017-01-10T00:47:20+08:00
2017-01-10T00:47:30: 非记录时间：2017-01-10T00:47:30+08:00
2017-01-10T00:47:40: 非记录时间：2017-01-10T00:47:40+08:00
2017-01-10T00:47:50: 非记录时间：2017-01-10T00:47:50+08:00
2017-01-10T00:48:00: 非记录时间：2017-01-10T00:48:00+08:00
2017-01-10T00:48:10: 非记录时间：2017-01-10T00:48:10+08:00
2017-01-10T00:48:20: 非记录时间：2017-01-10T00:48:20+08:00
2017-01-10T00:48:30: 非记录时间：2017-01-10T00:48:30+08:00
2017-01-10T00:48:40: 非记录时间：2017-01-10T00:48:40+08:00
2017-01-10T00:48:50: 非记录时间：2017-01-10T00:48:50+08:00
2017-01-10T00:49:00: 非记录时间：2017-01-10T00:49:00+08:00
2017-01-10T00:49:10: 非记录时间：2017-01-10T00:49:10+08:00
2017-01-10T00:49:20: 非记录时间：2017-01-10T00:49:20+08:00
2017-01-10T00:49:30: 非记录时间：2017-01-10T00:49:30+08:00
2017-01-10T00:49:40: 非记录时间：2017-01-10T00:49:40+08:00
2017-01-10T00:49:50: 非记录时间：2017-01-10T00:49:50+08:00
2017-01-10T00:50:00: 非记录时间：2017-01-10T00:50:00+08:00
2017-01-10T00:50:10: 非记录时间：2017-01-10T00:50:10+08:00
2017-01-10T00:50:20: 非记录时间：2017-01-10T00:50:20+08:00
2017-01-10T00:50:30: 非记录时间：2017-01-10T00:50:30+08:00
2017-01-10T00:50:40: 非记录时间：2017-01-10T00:50:40+08:00
2017-01-10T00:50:50: 非记录时间：2017-01-10T00:50:50+08:00
2017-01-10T00:51:00: 非记录时间：2017-01-10T00:51:00+08:00
2017-01-10T00:51:10: 非记录时间：2017-01-10T00:51:10+08:00
2017-01-10T00:51:20: 非记录时间：2017-01-10T00:51:20+08:00
2017-01-10T00:51:30: 非记录时间：2017-01-10T00:51:30+08:00
2017-01-10T00:51:40: 非记录时间：2017-01-10T00:51:40+08:00
2017-01-10T00:51:50: 非记录时间：2017-01-10T00:51:50+08:00
2017-01-10T00:52:00: 非记录时间：2017-01-10T00:52:00+08:00
2017-01-10T00:52:10: 非记录时间：2017-01-10T00:52:10+08:00
2017-01-10T00:52:20: 非记录时间：2017-01-10T00:52:20+08:00
2017-01-10T00:52:30: 非记录时间：2017-01-10T00:52:30+08:00
2017-01-10T00:52:40: 非记录时间：2017-01-10T00:52:40+08:00
2017-01-10T00:52:50: 非记录时间：2017-01-10T00:52:50+08:00
2017-01-10T00:53:00: 非记录时间：2017-01-10T00:53:00+08:00
2017-01-10T00:53:10: 非记录时间：2017-01-10T00:53:10+08:00
2017-01-10T00:53:20: 非记录时间：2017-01-10T00:53:20+08:00
2017-01-10T00:53:30: 非记录时间：2017-01-10T00:53:30+08:00
2017-01-10T00:53:40: 非记录时间：2017-01-10T00:53:40+08:00
2017-01-10T00:53:50: 非记录时间：2017-01-10T00:53:50+08:00
2017-01-10T00:54:00: 非记录时间：2017-01-10T00:54:00+08:00
2017-01-10T00:54:10: 非记录时间：2017-01-10T00:54:10+08:00
2017-01-10T00:54:20: 非记录时间：2017-01-10T00:54:20+08:00
2017-01-10T00:54:30: 非记录时间：2017-01-10T00:54:30+08:00
2017-01-10T00:54:40: 非记录时间：2017-01-10T00:54:40+08:00
2017-01-10T00:54:50: 非记录时间：2017-01-10T00:54:50+08:00
2017-01-10T00:55:00: 非记录时间：2017-01-10T00:55:00+08:00
2017-01-10T00:55:10: 非记录时间：2017-01-10T00:55:10+08:00
2017-01-10T00:55:20: 非记录时间：2017-01-10T00:55:20+08:00
2017-01-10T00:55:30: 非记录时间：2017-01-10T00:55:30+08:00
2017-01-10T00:55:40: 非记录时间：2017-01-10T00:55:40+08:00
2017-01-10T00:55:50: 非记录时间：2017-01-10T00:55:50+08:00
2017-01-10T00:56:00: 非记录时间：2017-01-10T00:56:00+08:00
2017-01-10T00:56:10: 非记录时间：2017-01-10T00:56:10+08:00
2017-01-10T00:56:20: 非记录时间：2017-01-10T00:56:20+08:00
2017-01-10T00:56:30: 非记录时间：2017-01-10T00:56:30+08:00
2017-01-10T00:56:40: 非记录时间：2017-01-10T00:56:40+08:00
2017-01-10T00:56:50: 非记录时间：2017-01-10T00:56:50+08:00
2017-01-10T00:57:00: 非记录时间：2017-01-10T00:57:00+08:00
2017-01-10T00:57:10: 非记录时间：2017-01-10T00:57:10+08:00
2017-01-10T00:57:20: 非记录时间：2017-01-10T00:57:20+08:00
2017-01-10T00:57:30: 非记录时间：2017-01-10T00:57:30+08:00
2017-01-10T00:57:40: 非记录时间：2017-01-10T00:57:40+08:00
2017-01-10T00:57:50: 非记录时间：2017-01-10T00:57:50+08:00
2017-01-10T00:58:00: 非记录时间：2017-01-10T00:58:00+08:00
2017-01-10T00:58:10: 非记录时间：2017-01-10T00:58:10+08:00
2017-01-10T00:58:20: 非记录时间：2017-01-10T00:58:20+08:00
2017-01-10T00:58:30: 非记录时间：2017-01-10T00:58:30+08:00
2017-01-10T00:58:40: 非记录时间：2017-01-10T00:58:40+08:00
2017-01-10T00:58:50: 非记录时间：2017-01-10T00:58:50+08:00
2017-01-10T00:59:00: 非记录时间：2017-01-10T00:59:00+08:00
2017-01-10T00:59:10: 非记录时间：2017-01-10T00:59:10+08:00
2017-01-10T00:59:20: 非记录时间：2017-01-10T00:59:20+08:00
2017-01-10T00:59:30: 非记录时间：2017-01-10T00:59:30+08:00
2017-01-10T00:59:40: 非记录时间：2017-01-10T00:59:40+08:00
2017-01-10T00:59:50: 非记录时间：2017-01-10T00:59:50+08:00
2017-01-10T01:00:00: 非记录时间：2017-01-10T01:00:00+08:00
2017-01-10T01:00:10: 非记录时间：2017-01-10T01:00:10+08:00
2017-01-10T01:00:20: 非记录时间：2017-01-10T01:00:20+08:00
2017-01-10T01:00:30: 非记录时间：2017-01-10T01:00:30+08:00
2017-01-10T01:00:40: 非记录时间：2017-01-10T01:00:40+08:00
2017-01-10T01:00:50: 非记录时间：2017-01-10T01:00:50+08:00
2017-01-10T01:01:00: 非记录时间：2017-01-10T01:01:00+08:00
2017-01-10T01:01:10: 非记录时间：2017-01-10T01:01:10+08:00
2017-01-10T01:01:20: 非记录时间：2017-01-10T01:01:20+08:00
2017-01-10T01:01:30: 非记录时间：2017-01-10T01:01:30+08:00
2017-01-10T01:01:40: 非记录时间：2017-01-10T01:01:40+08:00
2017-01-10T01:01:50: 非记录时间：2017-01-10T01:01:50+08:00
2017-01-10T01:02:00: 非记录时间：2017-01-10T01:02:00+08:00
2017-01-10T01:02:10: 非记录时间：2017-01-10T01:02:10+08:00
2017-01-10T01:02:20: 非记录时间：2017-01-10T01:02:20+08:00
2017-01-10T01:02:30: 非记录时间：2017-01-10T01:02:30+08:00
2017-01-10T01:02:40: 非记录时间：2017-01-10T01:02:40+08:00
2017-01-10T01:02:50: 非记录时间：2017-01-10T01:02:50+08:00
2017-01-10T01:03:00: 非记录时间：2017-01-10T01:03:00+08:00
2017-01-10T01:03:10: 非记录时间：2017-01-10T01:03:10+08:00
2017-01-10T01:03:20: 非记录时间：2017-01-10T01:03:20+08:00
2017-01-10T01:03:30: 非记录时间：2017-01-10T01:03:30+08:00
2017-01-10T01:03:40: 非记录时间：2017-01-10T01:03:40+08:00
2017-01-10T01:03:50: 非记录时间：2017-01-10T01:03:50+08:00
2017-01-10T01:04:00: 非记录时间：2017-01-10T01:04:00+08:00
2017-01-10T01:04:10: 非记录时间：2017-01-10T01:04:10+08:00
2017-01-10T01:04:20: 非记录时间：2017-01-10T01:04:20+08:00
2017-01-10T01:04:30: 非记录时间：2017-01-10T01:04:30+08:00
2017-01-10T01:04:40: 非记录时间：2017-01-10T01:04:40+08:00
2017-01-10T01:04:50: 非记录时间：2017-01-10T01:04:50+08:00
2017-01-10T01:05:00: 非记录时间：2017-01-10T01:05:00+08:00
2017-01-10T01:05:10: 非记录时间：2017-01-10T01:05:10+08:00
2017-01-10T01:05:20: 非记录时间：2017-01-10T01:05:20+08:00
2017-01-10T01:05:30: 非记录时间：2017-01-10T01:05:30+08:00
2017-01-10T01:05:40: 非记录时间：2017-01-10T01:05:40+08:00
2017-01-10T01:05:50: 非记录时间：2017-01-10T01:05:50+08:00
2017-01-10T01:06:00: 非记录时间：2017-01-10T01:06:00+08:00
2017-01-10T01:06:10: 非记录时间：2017-01-10T01:06:10+08:00
2017-01-10T01:06:20: 非记录时间：2017-01-10T01:06:20+08:00
2017-01-10T01:06:30: 非记录时间：2017-01-10T01:06:30+08:00
2017-01-10T01:06:40: 非记录时间：2017-01-10T01:06:40+08:00
2017-01-10T01:06:50: 非记录时间：2017-01-10T01:06:50+08:00
2017-01-10T01:07:00: 非记录时间：2017-01-10T01:07:00+08:00
2017-01-10T01:07:10: 非记录时间：2017-01-10T01:07:10+08:00
2017-01-10T01:07:20: 非记录时间：2017-01-10T01:07:20+08:00
2017-01-10T01:07:30: 非记录时间：2017-01-10T01:07:30+08:00
2017-01-10T01:07:40: 非记录时间：2017-01-10T01:07:40+08:00
2017-01-10T01:07:50: 非记录时间：2017-01-10T01:07:50+08:00
2017-01-10T01:08:00: 非记录时间：2017-01-10T01:08:00+08:00
2017-01-10T01:08:10: 非记录时间：2017-01-10T01:08:10+08:00
2017-01-10T01:08:20: 非记录时间：2017-01-10T01:08:20+08:00
2017-01-10T01:08:30: 非记录时间：2017-01-10T01:08:30+08:00
2017-01-10T01:08:40: 非记录时间：2017-01-10T01:08:40+08:00
2017-01-10T01:08:50: 非记录时间：2017-01-10T01:08:50+08:00
2017-01-10T01:09:00: 非记录时间：2017-01-10T01:09:00+08:00
2017-01-10T01:09:10: 非记录时间：2017-01-10T01:09:10+08:00
2017-01-10T01:09:20: 非记录时间：2017-01-10T01:09:20+08:00
2017-01-10T01:09:30: 非记录时间：2017-01-10T01:09:30+08:00
2017-01-10T01:09:40: 非记录时间：2017-01-10T01:09:40+08:00
2017-01-10T01:09:50: 非记录时间：2017-01-10T01:09:50+08:00
2017-01-10T01:10:00: 非记录时间：2017-01-10T01:10:00+08:00
2017-01-10T01:10:10: 非记录时间：2017-01-10T01:10:10+08:00
2017-01-10T01:10:20: 非记录时间：2017-01-10T01:10:20+08:00
2017-01-10T01:10:30: 非记录时间：2017-01-10T01:10:30+08:00
2017-01-10T01:10:40: 非记录时间：2017-01-10T01:10:40+08:00
2017-01-10T01:10:50: 非记录时间：2017-01-10T01:10:50+08:00
2017-01-10T01:11:01: 读取文件失败，可能是该文件不存在
2017-01-10T01:11:01: Error: ENOENT: no such file or directory, open './data/2017-01-10.json'
2017-01-10T01:11:11: 读取文件成功
2017-01-10T01:11:21: 读取文件成功
2017-01-10T01:11:31: 读取文件成功
2017-01-10T01:11:41: 读取文件成功
2017-01-10T01:11:51: 读取文件成功
2017-01-10T01:12:01: 读取文件成功
2017-01-10T01:12:11: 读取文件成功
2017-01-10T01:12:21: 读取文件成功
2017-01-10T01:12:31: 读取文件成功
2017-01-10T01:12:41: 读取文件成功
2017-01-10T01:12:51: 读取文件成功
2017-01-10T01:13:01: 读取文件成功
2017-01-10T01:13:11: 读取文件成功
2017-01-10T01:13:21: 读取文件成功
2017-01-10T01:13:31: 读取文件成功
2017-01-10T01:13:41: 读取文件成功
2017-01-10T01:13:51: 读取文件成功
2017-01-10T01:14:01: 读取文件成功
2017-01-10T01:14:11: 读取文件成功
2017-01-10T01:14:21: 读取文件成功
2017-01-10T01:14:31: 读取文件成功
2017-01-10T01:14:41: 读取文件成功
2017-01-10T01:14:56: 读取文件成功
2017-01-10T01:15:01: 读取文件成功
2017-01-10T01:15:11: 读取文件成功
2017-01-10T01:15:21: 读取文件成功
2017-01-10T01:15:31: 读取文件成功
2017-01-10T01:15:41: 读取文件成功
2017-01-10T01:15:51: 读取文件成功
2017-01-10T01:16:01: 读取文件成功
2017-01-10T01:16:11: 读取文件成功
2017-01-10T01:16:21: 读取文件成功
2017-01-10T01:16:31: 读取文件成功
2017-01-10T01:16:41: 读取文件成功
2017-01-10T01:16:51: 读取文件成功
2017-01-10T01:17:01: 读取文件成功
2017-01-10T01:17:11: 读取文件成功
2017-01-10T01:17:21: 读取文件成功
2017-01-10T01:17:31: 读取文件成功
2017-01-10T01:17:41: 读取文件成功
2017-01-10T01:17:51: 读取文件成功
2017-01-10T01:18:01: 读取文件成功
2017-01-10T01:18:11: 读取文件成功
2017-01-10T01:18:21: 读取文件成功
2017-01-10T01:18:31: 读取文件成功
2017-01-10T01:18:41: 读取文件成功
2017-01-10T01:18:51: 读取文件成功
2017-01-10T01:19:01: 读取文件成功
2017-01-10T01:19:11: 读取文件成功
2017-01-10T01:19:21: 读取文件成功
2017-01-10T01:19:31: 读取文件成功
2017-01-10T01:19:41: 读取文件成功
2017-01-10T01:19:51: 读取文件成功
2017-01-10T01:20:01: 读取文件成功
2017-01-10T01:20:11: 读取文件成功
2017-01-10T01:20:21: 读取文件成功
2017-01-10T01:20:31: 读取文件成功
2017-01-10T01:20:41: 读取文件成功
2017-01-10T01:20:51: 读取文件成功
2017-01-10T01:21:01: 读取文件成功
2017-01-10T01:21:11: 读取文件成功
2017-01-10T01:21:22: 读取文件成功
2017-01-10T01:21:31: 读取文件成功
2017-01-10T01:21:42: 读取文件成功
2017-01-10T01:21:51: 读取文件成功
2017-01-10T01:22:01: 读取文件成功
2017-01-10T01:22:12: 读取文件成功
2017-01-10T01:22:22: 读取文件成功
2017-01-10T01:22:32: 读取文件成功
2017-01-10T01:22:42: 读取文件成功
2017-01-10T01:22:52: 读取文件成功
2017-01-10T01:23:02: 读取文件成功
2017-01-10T01:23:12: 读取文件成功
2017-01-10T01:23:22: 读取文件成功
2017-01-10T01:23:32: 读取文件成功
2017-01-10T01:23:42: 读取文件成功
2017-01-10T01:23:52: 读取文件成功
2017-01-10T01:24:02: 读取文件成功
2017-01-10T01:24:12: 读取文件成功
2017-01-10T01:24:22: 读取文件成功
2017-01-10T01:24:32: 读取文件成功
2017-01-10T01:24:42: 读取文件成功
2017-01-10T01:24:52: 读取文件成功
2017-01-10T01:25:02: 读取文件成功
2017-01-10T01:25:12: 读取文件成功
2017-01-10T01:25:22: 读取文件成功
2017-01-10T01:25:32: 读取文件成功
2017-01-10T01:25:42: 读取文件成功
2017-01-10T01:25:52: 读取文件成功
2017-01-10T01:26:02: 读取文件成功
2017-01-10T01:26:12: 读取文件成功
2017-01-10T01:26:22: 读取文件成功
2017-01-10T01:26:32: 读取文件成功
2017-01-10T01:26:42: 读取文件成功
2017-01-10T01:26:52: 读取文件成功
2017-01-10T01:27:02: 读取文件成功
2017-01-10T01:27:12: 读取文件成功
2017-01-10T01:27:22: 读取文件成功
2017-01-10T01:27:32: 读取文件成功
2017-01-10T01:27:42: 读取文件成功
2017-01-10T01:27:52: 读取文件成功
2017-01-10T01:28:02: 读取文件成功
2017-01-10T01:28:12: 读取文件成功
2017-01-10T01:28:22: 读取文件成功
2017-01-10T01:28:32: 读取文件成功
2017-01-10T01:28:42: 读取文件成功
2017-01-10T01:28:52: 读取文件成功
2017-01-10T01:29:02: 读取文件成功
2017-01-10T01:29:12: 读取文件成功
2017-01-10T01:29:22: 读取文件成功
2017-01-10T01:29:32: 读取文件成功
2017-01-10T01:29:42: 读取文件成功
2017-01-10T01:29:52: 读取文件成功
2017-01-10T01:30:02: 读取文件成功
2017-01-10T01:30:12: 读取文件成功
2017-01-10T01:30:22: 读取文件成功
2017-01-10T01:30:32: 读取文件成功
2017-01-10T01:30:42: 读取文件成功
2017-01-10T01:30:52: 读取文件成功
2017-01-10T01:31:02: 读取文件成功
2017-01-10T01:31:12: 读取文件成功
2017-01-10T01:31:22: 读取文件成功
2017-01-10T01:31:32: 读取文件成功
2017-01-10T01:31:42: 读取文件成功
2017-01-10T01:31:52: 读取文件成功
2017-01-10T01:32:02: 读取文件成功
2017-01-10T01:32:12: 读取文件成功
2017-01-10T01:32:22: 读取文件成功
2017-01-10T01:32:32: 读取文件成功
2017-01-10T01:32:42: 读取文件成功
2017-01-10T01:32:52: 读取文件成功
2017-01-10T01:33:02: 读取文件成功
2017-01-10T01:33:12: 读取文件成功
2017-01-10T01:33:22: 读取文件成功
2017-01-10T01:33:32: 读取文件成功
2017-01-10T01:33:42: 读取文件成功
2017-01-10T01:33:52: 读取文件成功
2017-01-10T01:34:02: 读取文件成功
2017-01-10T01:34:12: 读取文件成功
2017-01-10T01:34:22: 读取文件成功
2017-01-10T01:34:32: 读取文件成功
2017-01-10T01:34:42: 读取文件成功
2017-01-10T01:34:52: 读取文件成功
2017-01-10T01:35:02: 读取文件成功
2017-01-10T01:35:12: 读取文件成功
2017-01-10T01:35:22: 读取文件成功
2017-01-10T01:35:32: 读取文件成功
2017-01-10T01:35:42: 读取文件成功
2017-01-10T01:35:52: 读取文件成功
2017-01-10T01:36:02: 读取文件成功
2017-01-10T01:36:12: 读取文件成功
2017-01-10T01:36:22: 读取文件成功
2017-01-10T01:36:32: 读取文件成功
2017-01-10T01:36:43: 读取文件成功
2017-01-10T01:36:52: 读取文件成功
2017-01-10T01:37:02: 读取文件成功
2017-01-10T01:37:12: 读取文件成功
2017-01-10T01:37:22: 读取文件成功
2017-01-10T01:37:32: 读取文件成功
2017-01-10T01:37:42: 读取文件成功
2017-01-10T01:37:52: 读取文件成功
2017-01-10T01:38:02: 读取文件成功
2017-01-10T01:38:12: 读取文件成功
2017-01-10T01:38:22: 读取文件成功
2017-01-10T01:38:32: 读取文件成功
2017-01-10T01:38:42: 读取文件成功
2017-01-10T01:38:53: 读取文件成功
2017-01-10T01:39:03: 读取文件成功
2017-01-10T01:39:13: 读取文件成功
2017-01-10T01:39:23: 读取文件成功
2017-01-10T01:39:33: 读取文件成功
2017-01-10T01:39:43: 读取文件成功
2017-01-10T01:39:53: 读取文件成功
2017-01-10T01:40:03: 读取文件成功
2017-01-10T01:40:13: 读取文件成功
2017-01-10T01:40:23: 读取文件成功
2017-01-10T01:40:33: 读取文件成功
2017-01-10T01:40:43: 读取文件成功
2017-01-10T01:40:53: 读取文件成功
2017-01-10T01:41:03: 读取文件成功
2017-01-10T01:41:13: 读取文件成功
2017-01-10T01:41:23: 读取文件成功
2017-01-10T01:41:33: 读取文件成功
2017-01-10T01:41:43: 读取文件成功
2017-01-10T01:41:53: 读取文件成功
2017-01-10T01:42:03: 读取文件成功
2017-01-10T01:42:13: 读取文件成功
2017-01-10T01:42:23: 读取文件成功
2017-01-10T01:42:33: 读取文件成功
2017-01-10T01:42:43: 读取文件成功
2017-01-10T01:42:53: 读取文件成功
2017-01-10T01:43:03: 读取文件成功
2017-01-10T01:43:13: 读取文件成功
2017-01-10T01:43:23: 读取文件成功
2017-01-10T01:43:33: 读取文件成功
2017-01-10T01:43:43: 读取文件成功
2017-01-10T01:43:53: 读取文件成功
2017-01-10T01:44:03: 读取文件成功
2017-01-10T01:44:13: 读取文件成功
2017-01-10T01:44:23: 读取文件成功
2017-01-10T01:44:33: 读取文件成功
2017-01-10T01:44:43: 读取文件成功
2017-01-10T01:44:53: 读取文件成功
2017-01-10T01:45:03: 读取文件成功
2017-01-10T01:45:13: 读取文件成功
2017-01-10T01:45:23: 读取文件成功
2017-01-10T01:45:33: 读取文件成功
2017-01-10T01:45:43: 读取文件成功
2017-01-10T01:45:53: 读取文件成功
2017-01-10T01:46:03: 读取文件成功
2017-01-10T01:46:13: 读取文件成功
2017-01-10T01:46:23: 读取文件成功
2017-01-10T01:46:33: 读取文件成功
2017-01-10T01:46:43: 读取文件成功
2017-01-10T01:46:53: 读取文件成功
2017-01-10T01:47:03: 读取文件成功
2017-01-10T01:47:13: 读取文件成功
2017-01-10T01:47:23: 读取文件成功
2017-01-10T01:47:33: 读取文件成功
2017-01-10T01:47:43: 读取文件成功
2017-01-10T01:47:53: 读取文件成功
2017-01-10T01:48:03: 读取文件成功
2017-01-10T01:48:13: 读取文件成功
2017-01-10T01:48:23: 读取文件成功
2017-01-10T01:48:33: 读取文件成功
2017-01-10T01:48:43: 读取文件成功
2017-01-10T01:48:53: 读取文件成功
2017-01-10T01:49:03: 读取文件成功
2017-01-10T01:49:13: 读取文件成功
2017-01-10T01:49:23: 读取文件成功
2017-01-10T01:49:33: 读取文件成功
2017-01-10T01:49:43: 读取文件成功
2017-01-10T01:49:53: 读取文件成功
2017-01-10T01:50:03: 读取文件成功
2017-01-10T01:50:13: 读取文件成功
2017-01-10T01:50:23: 读取文件成功
2017-01-10T01:50:33: 读取文件成功
2017-01-10T01:50:43: 读取文件成功
2017-01-10T01:50:53: 读取文件成功
2017-01-10T01:51:03: 读取文件成功
2017-01-10T01:51:13: 读取文件成功
2017-01-10T01:51:23: 读取文件成功
2017-01-10T01:51:33: 读取文件成功
2017-01-10T01:51:43: 读取文件成功
2017-01-10T01:51:53: 读取文件成功
2017-01-10T01:52:03: 读取文件成功
2017-01-10T01:52:13: 读取文件成功
2017-01-10T01:52:24: 读取文件成功
2017-01-10T01:52:34: 读取文件成功
2017-01-10T01:52:44: 读取文件成功
2017-01-10T01:52:53: 读取文件成功
2017-01-10T01:53:03: 读取文件成功
2017-01-10T01:53:13: 读取文件成功
2017-01-10T01:53:23: 读取文件成功
2017-01-10T01:53:33: 读取文件成功
2017-01-10T01:53:43: 读取文件成功
2017-01-10T01:53:53: 读取文件成功
2017-01-10T01:54:03: 读取文件成功
2017-01-10T01:54:13: 读取文件成功
2017-01-10T01:54:23: 读取文件成功
2017-01-10T01:54:33: 读取文件成功
2017-01-10T01:54:43: 读取文件成功
2017-01-10T01:54:53: 读取文件成功
2017-01-10T01:55:03: 读取文件成功
2017-01-10T01:55:13: 读取文件成功
2017-01-10T01:55:23: 读取文件成功
2017-01-10T01:55:33: 读取文件成功
2017-01-10T01:55:43: 读取文件成功
2017-01-10T01:55:53: 读取文件成功
2017-01-10T01:56:03: 读取文件成功
2017-01-10T01:56:13: 读取文件成功
2017-01-10T01:56:23: 读取文件成功
2017-01-10T01:56:33: 读取文件成功
2017-01-10T01:56:43: 读取文件成功
2017-01-10T01:56:54: 读取文件成功
2017-01-10T01:57:03: 读取文件成功
2017-01-10T01:57:14: 读取文件成功
2017-01-10T01:57:24: 读取文件成功
2017-01-10T01:57:34: 读取文件成功
2017-01-10T01:57:44: 读取文件成功
2017-01-10T01:57:54: 读取文件成功
2017-01-10T01:58:04: 读取文件成功
2017-01-10T01:58:14: 读取文件成功
2017-01-10T01:58:24: 读取文件成功
2017-01-10T01:58:34: 读取文件成功
2017-01-10T01:58:44: 读取文件成功
2017-01-10T01:58:54: 读取文件成功
2017-01-10T01:59:04: 读取文件成功
2017-01-10T01:59:14: 读取文件成功
2017-01-10T01:59:24: 读取文件成功
2017-01-10T01:59:34: 读取文件成功
2017-01-10T01:59:44: 读取文件成功
2017-01-10T01:59:54: 读取文件成功
2017-01-10T02:00:04: 读取文件成功
2017-01-10T02:00:14: 读取文件成功
2017-01-10T02:00:24: 读取文件成功
2017-01-10T02:00:34: 读取文件成功
2017-01-10T02:00:44: 读取文件成功
2017-01-10T02:00:54: 读取文件成功
2017-01-10T02:01:04: 读取文件成功
2017-01-10T02:01:14: 读取文件成功
2017-01-10T02:01:24: 读取文件成功
2017-01-10T02:01:34: 读取文件成功
2017-01-10T02:01:44: 读取文件成功
2017-01-10T02:01:54: 读取文件成功
2017-01-10T02:02:04: 读取文件成功
2017-01-10T02:02:14: 读取文件成功
2017-01-10T02:02:24: 读取文件成功
2017-01-10T02:02:34: 读取文件成功
2017-01-10T02:02:44: 读取文件成功
2017-01-10T02:02:54: 读取文件成功
2017-01-10T02:03:04: 读取文件成功
2017-01-10T02:03:14: 读取文件成功
2017-01-10T02:03:24: 读取文件成功
2017-01-10T02:03:34: 读取文件成功
2017-01-10T02:03:44: 读取文件成功
2017-01-10T02:03:54: 读取文件成功
2017-01-10T02:04:04: 读取文件成功
2017-01-10T02:04:14: 读取文件成功
2017-01-10T02:04:24: 读取文件成功
2017-01-10T02:04:34: 读取文件成功
2017-01-10T02:04:44: 读取文件成功
2017-01-10T02:04:54: 读取文件成功
2017-01-10T02:05:04: 读取文件成功
2017-01-10T02:05:14: 读取文件成功
2017-01-10T02:05:24: 读取文件成功
2017-01-10T02:05:34: 读取文件成功
2017-01-10T02:05:44: 读取文件成功
2017-01-10T02:05:54: 读取文件成功
2017-01-10T02:06:04: 读取文件成功
2017-01-10T02:06:14: 读取文件成功
2017-01-10T02:06:24: 读取文件成功
2017-01-10T02:06:34: 读取文件成功
2017-01-10T02:06:44: 读取文件成功
2017-01-10T02:06:54: 读取文件成功
2017-01-10T02:07:04: 读取文件成功
2017-01-10T02:07:14: 读取文件成功
2017-01-10T02:07:24: 读取文件成功
2017-01-10T02:07:34: 读取文件成功
2017-01-10T02:07:44: 读取文件成功
2017-01-10T02:07:54: 读取文件成功
2017-01-10T02:08:04: 读取文件成功
2017-01-10T02:08:14: 读取文件成功
2017-01-10T02:08:24: 读取文件成功
2017-01-10T02:08:34: 读取文件成功
2017-01-10T02:08:44: 读取文件成功
2017-01-10T02:08:54: 读取文件成功
2017-01-10T02:09:04: 读取文件成功
2017-01-10T02:09:14: 读取文件成功
2017-01-10T02:09:24: 读取文件成功
2017-01-10T02:09:34: 读取文件成功
2017-01-10T02:09:44: 读取文件成功
2017-01-10T02:09:54: 读取文件成功
2017-01-10T02:10:04: 读取文件成功
2017-01-10T02:10:14: 读取文件成功
2017-01-10T02:10:24: 读取文件成功
2017-01-10T02:10:34: 读取文件成功
2017-01-10T02:10:44: 读取文件成功
2017-01-10T02:10:54: 读取文件成功
2017-01-10T02:11:04: 读取文件成功
2017-01-10T02:11:14: 读取文件成功
2017-01-10T02:11:24: 读取文件成功
2017-01-10T02:11:34: 读取文件成功
2017-01-10T02:11:44: 读取文件成功
2017-01-10T02:11:54: 读取文件成功
2017-01-10T02:12:04: 读取文件成功
2017-01-10T02:12:14: 读取文件成功
2017-01-10T02:12:24: 读取文件成功
2017-01-10T02:12:35: 读取文件成功
2017-01-10T02:12:44: 读取文件成功
2017-01-10T02:12:54: 读取文件成功
2017-01-10T02:13:05: 读取文件成功
2017-01-10T02:13:15: 读取文件成功
2017-01-10T02:13:25: 读取文件成功
2017-01-10T02:13:35: 读取文件成功
2017-01-10T02:13:45: 读取文件成功
2017-01-10T02:13:55: 读取文件成功
2017-01-10T02:14:05: 读取文件成功
2017-01-10T02:14:15: 读取文件成功
2017-01-10T02:14:25: 读取文件成功
2017-01-10T02:14:35: 读取文件成功
2017-01-10T02:14:45: 读取文件成功
2017-01-10T02:14:55: 读取文件成功
2017-01-10T02:15:05: 读取文件成功
2017-01-10T02:15:15: 读取文件成功
2017-01-10T02:15:25: 读取文件成功
2017-01-10T02:15:35: 读取文件成功
2017-01-10T02:15:45: 读取文件成功
2017-01-10T02:15:55: 读取文件成功
2017-01-10T02:16:05: 读取文件成功
2017-01-10T02:16:15: 读取文件成功
2017-01-10T02:16:25: 读取文件成功
2017-01-10T02:16:35: 读取文件成功
2017-01-10T02:16:45: 读取文件成功
2017-01-10T02:16:55: 读取文件成功
2017-01-10T02:17:05: 读取文件成功
2017-01-10T02:17:15: 读取文件成功
2017-01-10T02:17:25: 读取文件成功
2017-01-10T02:17:35: 读取文件成功
2017-01-10T02:17:45: 读取文件成功
2017-01-10T02:17:55: 读取文件成功
2017-01-10T02:18:05: 读取文件成功
2017-01-10T02:18:15: 读取文件成功
2017-01-10T02:18:25: 读取文件成功
2017-01-10T02:18:35: 读取文件成功
2017-01-10T02:18:45: 读取文件成功
2017-01-10T02:18:55: 读取文件成功
2017-01-10T02:19:05: 读取文件成功
2017-01-10T02:19:15: 读取文件成功
2017-01-10T02:19:25: 读取文件成功
2017-01-10T02:19:35: 读取文件成功
2017-01-10T02:19:45: 读取文件成功
2017-01-10T02:19:55: 读取文件成功
2017-01-10T02:20:05: 读取文件成功
2017-01-10T02:20:15: 读取文件成功
2017-01-10T02:20:25: 读取文件成功
2017-01-10T02:20:35: 读取文件成功
2017-01-10T02:20:45: 读取文件成功
2017-01-10T02:20:55: 读取文件成功
2017-01-10T02:21:05: 读取文件成功
2017-01-10T02:21:15: 读取文件成功
2017-01-10T02:21:25: 读取文件成功
2017-01-10T02:21:35: 读取文件成功
2017-01-10T02:21:45: 读取文件成功
2017-01-10T02:21:55: 读取文件成功
2017-01-10T02:22:05: 读取文件成功
2017-01-10T02:22:15: 读取文件成功
2017-01-10T02:22:25: 读取文件成功
2017-01-10T02:22:35: 读取文件成功
2017-01-10T02:22:45: 读取文件成功
2017-01-10T02:22:55: 读取文件成功
2017-01-10T02:23:05: 读取文件成功
2017-01-10T02:23:15: 读取文件成功
2017-01-10T02:23:25: 读取文件成功
2017-01-10T02:23:35: 读取文件成功
2017-01-10T02:23:45: 读取文件成功
2017-01-10T02:23:55: 读取文件成功
2017-01-10T02:24:05: 读取文件成功
2017-01-10T02:24:15: 读取文件成功
2017-01-10T02:24:25: 读取文件成功
2017-01-10T02:24:35: 读取文件成功
2017-01-10T02:24:45: 读取文件成功
2017-01-10T02:24:55: 读取文件成功
2017-01-10T02:25:05: 读取文件成功
2017-01-10T02:25:15: 读取文件成功
2017-01-10T02:25:25: 读取文件成功
2017-01-10T02:25:35: 读取文件成功
2017-01-10T02:25:45: 读取文件成功
2017-01-10T02:25:55: 读取文件成功
2017-01-10T02:26:05: 读取文件成功
2017-01-10T02:26:15: 读取文件成功
2017-01-10T02:26:25: 读取文件成功
2017-01-10T02:26:35: 读取文件成功
2017-01-10T02:26:45: 读取文件成功
2017-01-10T02:26:55: 读取文件成功
2017-01-10T02:27:05: 读取文件成功
2017-01-10T02:27:15: 读取文件成功
2017-01-10T02:27:25: 读取文件成功
2017-01-10T02:27:35: 读取文件成功
2017-01-10T02:27:45: 读取文件成功
2017-01-10T02:27:56: 读取文件成功
2017-01-10T02:28:05: 读取文件成功
2017-01-10T02:28:15: 读取文件成功
2017-01-10T02:28:25: 读取文件成功
2017-01-10T02:28:35: 读取文件成功
2017-01-10T02:28:45: 读取文件成功
2017-01-10T02:28:55: 读取文件成功
2017-01-10T02:29:05: 读取文件成功
2017-01-10T02:29:15: 读取文件成功
2017-01-10T02:29:26: 读取文件成功
2017-01-10T02:29:36: 读取文件成功
2017-01-10T02:29:46: 读取文件成功
2017-01-10T02:29:56: 读取文件成功
2017-01-10T02:30:06: 读取文件成功
2017-01-10T02:30:16: 读取文件成功
2017-01-10T02:30:26: 读取文件成功
2017-01-10T02:30:36: 读取文件成功
2017-01-10T02:30:46: 读取文件成功
2017-01-10T02:30:56: 读取文件成功
2017-01-10T02:31:06: 读取文件成功
2017-01-10T02:31:16: 读取文件成功
2017-01-10T02:31:26: 读取文件成功
2017-01-10T02:31:36: 读取文件成功
2017-01-10T02:31:46: 读取文件成功
2017-01-10T02:31:56: 读取文件成功
2017-01-10T02:32:06: 读取文件成功
2017-01-10T02:32:16: 读取文件成功
2017-01-10T02:32:26: 读取文件成功
2017-01-10T02:32:36: 读取文件成功
2017-01-10T02:32:46: 读取文件成功
2017-01-10T02:32:56: 读取文件成功
2017-01-10T02:33:06: 读取文件成功
2017-01-10T02:33:16: 读取文件成功
2017-01-10T02:33:26: 读取文件成功
2017-01-10T02:33:36: 读取文件成功
2017-01-10T02:33:46: 读取文件成功
2017-01-10T02:33:56: 读取文件成功
2017-01-10T02:34:06: 读取文件成功
2017-01-10T02:34:16: 读取文件成功
2017-01-10T02:34:26: 读取文件成功
2017-01-10T02:34:36: 读取文件成功
2017-01-10T02:34:46: 读取文件成功
2017-01-10T02:34:56: 读取文件成功
2017-01-10T02:35:06: 读取文件成功
2017-01-10T02:35:16: 读取文件成功
2017-01-10T02:35:26: 读取文件成功
2017-01-10T02:35:36: 读取文件成功
2017-01-10T02:35:46: 读取文件成功
2017-01-10T02:35:56: 读取文件成功
2017-01-10T02:36:06: 读取文件成功
2017-01-10T02:36:16: 读取文件成功
2017-01-10T02:36:26: 读取文件成功
2017-01-10T02:36:36: 读取文件成功
2017-01-10T02:36:46: 读取文件成功
2017-01-10T02:36:56: 读取文件成功
2017-01-10T02:37:06: 读取文件成功
2017-01-10T02:37:16: 读取文件成功
2017-01-10T02:37:26: 读取文件成功
2017-01-10T02:37:36: 读取文件成功
2017-01-10T02:37:46: 读取文件成功
2017-01-10T02:37:56: 读取文件成功
2017-01-10T02:38:06: 读取文件成功
2017-01-10T02:38:16: 读取文件成功
2017-01-10T02:38:26: 读取文件成功
2017-01-10T02:38:36: 读取文件成功
2017-01-10T02:38:46: 读取文件成功
2017-01-10T02:38:56: 读取文件成功
2017-01-10T02:39:06: 读取文件成功
2017-01-10T02:39:16: 读取文件成功
2017-01-10T02:39:26: 读取文件成功
2017-01-10T02:39:36: 读取文件成功
2017-01-10T02:39:46: 读取文件成功
2017-01-10T02:39:56: 读取文件成功
2017-01-10T02:40:06: 读取文件成功
2017-01-10T02:40:16: 读取文件成功
2017-01-10T02:40:26: 读取文件成功
2017-01-10T02:40:36: 读取文件成功
2017-01-10T02:40:46: 读取文件成功
2017-01-10T02:40:56: 读取文件成功
2017-01-10T02:41:06: 读取文件成功
2017-01-10T02:41:16: 读取文件成功
2017-01-10T02:41:26: 读取文件成功
2017-01-10T02:41:36: 读取文件成功
2017-01-10T02:41:46: 读取文件成功
2017-01-10T02:41:56: 读取文件成功
2017-01-10T02:42:06: 读取文件成功
2017-01-10T02:42:16: 读取文件成功
2017-01-10T02:42:26: 读取文件成功
2017-01-10T02:42:36: 读取文件成功
2017-01-10T02:42:46: 读取文件成功
2017-01-10T02:42:56: 读取文件成功
2017-01-10T02:43:06: 读取文件成功
2017-01-10T02:43:17: 读取文件成功
2017-01-10T02:43:26: 读取文件成功
2017-01-10T02:43:36: 读取文件成功
2017-01-10T02:43:46: 读取文件成功
2017-01-10T02:43:56: 读取文件成功
2017-01-10T02:44:06: 读取文件成功
2017-01-10T02:44:16: 读取文件成功
2017-01-10T02:44:26: 读取文件成功
2017-01-10T02:44:36: 读取文件成功
2017-01-10T02:44:46: 读取文件成功
2017-01-10T02:44:56: 读取文件成功
2017-01-10T02:45:06: 读取文件成功
2017-01-10T02:45:16: 读取文件成功
2017-01-10T02:45:27: 读取文件成功
2017-01-10T02:45:37: 读取文件成功
2017-01-10T02:45:47: 读取文件成功
2017-01-10T02:45:57: 读取文件成功
2017-01-10T02:46:07: 读取文件成功
2017-01-10T02:46:17: 读取文件成功
2017-01-10T02:46:27: 读取文件成功
2017-01-10T02:46:37: 读取文件成功
2017-01-10T02:46:47: 读取文件成功
2017-01-10T02:46:57: 读取文件成功
2017-01-10T02:47:07: 读取文件成功
2017-01-10T02:47:17: 读取文件成功
2017-01-10T02:47:27: 读取文件成功
2017-01-10T02:47:37: 读取文件成功
2017-01-10T02:47:47: 读取文件成功
2017-01-10T02:47:57: 读取文件成功
2017-01-10T02:48:07: 读取文件成功
2017-01-10T02:48:17: 读取文件成功
2017-01-10T02:48:27: 读取文件成功
2017-01-10T02:48:37: 读取文件成功
2017-01-10T02:48:47: 读取文件成功
2017-01-10T02:48:57: 读取文件成功
2017-01-10T02:49:07: 读取文件成功
2017-01-10T02:49:17: 读取文件成功
2017-01-10T02:49:27: 读取文件成功
2017-01-10T02:49:37: 读取文件成功
2017-01-10T02:49:47: 读取文件成功
2017-01-10T02:49:57: 读取文件成功
2017-01-10T02:50:07: 读取文件成功
2017-01-10T02:50:17: 读取文件成功
2017-01-10T02:50:27: 读取文件成功
2017-01-10T02:50:37: 读取文件成功
2017-01-10T02:50:47: 读取文件成功
2017-01-10T02:50:57: 读取文件成功
2017-01-10T02:51:07: 读取文件成功
2017-01-10T02:51:17: 读取文件成功
2017-01-10T02:51:27: 读取文件成功
2017-01-10T02:51:37: 读取文件成功
2017-01-10T02:51:47: 读取文件成功
2017-01-10T02:51:57: 读取文件成功
2017-01-10T02:52:07: 读取文件成功
2017-01-10T02:52:17: 读取文件成功
2017-01-10T02:52:27: 读取文件成功
2017-01-10T02:52:37: 读取文件成功
2017-01-10T02:52:47: 读取文件成功
2017-01-10T02:52:57: 读取文件成功
2017-01-10T02:53:07: 读取文件成功
2017-01-10T02:53:17: 读取文件成功
2017-01-10T02:53:27: 读取文件成功
2017-01-10T02:53:37: 读取文件成功
2017-01-10T02:53:47: 读取文件成功
2017-01-10T02:53:57: 读取文件成功
2017-01-10T02:54:07: 读取文件成功
2017-01-10T02:54:17: 读取文件成功
2017-01-10T02:54:27: 读取文件成功
2017-01-10T02:54:37: 读取文件成功
2017-01-10T02:54:47: 读取文件成功
2017-01-10T02:54:57: 读取文件成功
2017-01-10T02:55:07: 读取文件成功
2017-01-10T02:55:17: 读取文件成功
2017-01-10T02:55:27: 读取文件成功
2017-01-10T02:55:37: 读取文件成功
2017-01-10T02:55:47: 读取文件成功
2017-01-10T02:55:57: 读取文件成功
2017-01-10T02:56:07: 读取文件成功
2017-01-10T02:56:17: 读取文件成功
2017-01-10T02:56:27: 读取文件成功
2017-01-10T02:56:37: 读取文件成功
2017-01-10T02:56:47: 读取文件成功
2017-01-10T02:56:57: 读取文件成功
2017-01-10T02:57:07: 读取文件成功
2017-01-10T02:57:17: 读取文件成功
2017-01-10T02:57:27: 读取文件成功
2017-01-10T02:57:37: 读取文件成功
2017-01-10T02:57:47: 读取文件成功
2017-01-10T02:57:57: 读取文件成功
2017-01-10T02:58:07: 读取文件成功
2017-01-10T02:58:17: 读取文件成功
2017-01-10T02:58:27: 读取文件成功
2017-01-10T02:58:37: 读取文件成功
2017-01-10T02:58:47: 读取文件成功
2017-01-10T02:58:57: 读取文件成功
2017-01-10T02:59:07: 读取文件成功
2017-01-10T02:59:17: 读取文件成功
2017-01-10T02:59:27: 读取文件成功
2017-01-10T02:59:37: 读取文件成功
2017-01-10T02:59:47: 读取文件成功
2017-01-10T02:59:57: 读取文件成功
2017-01-10T03:00:07: 读取文件成功
2017-01-10T03:00:17: 读取文件成功
2017-01-10T03:00:27: 读取文件成功
2017-01-10T03:00:37: 读取文件成功
2017-01-10T03:00:48: 读取文件成功
2017-01-10T03:00:57: 读取文件成功
2017-01-10T03:01:07: 读取文件成功
2017-01-10T03:01:18: 读取文件成功
2017-01-10T03:01:28: 读取文件成功
2017-01-10T03:01:38: 读取文件成功
2017-01-10T03:01:48: 读取文件成功
2017-01-10T03:01:58: 读取文件成功
2017-01-10T03:02:08: 读取文件成功
2017-01-10T03:02:18: 读取文件成功
2017-01-10T03:02:28: 读取文件成功
2017-01-10T03:02:38: 读取文件成功
2017-01-10T03:02:48: 读取文件成功
2017-01-10T03:02:58: 读取文件成功
2017-01-10T03:03:08: 读取文件成功
2017-01-10T03:03:18: 读取文件成功
2017-01-10T03:03:28: 读取文件成功
2017-01-10T03:03:38: 读取文件成功
2017-01-10T03:03:48: 读取文件成功
2017-01-10T03:03:58: 读取文件成功
2017-01-10T03:04:08: 读取文件成功
2017-01-10T03:04:18: 读取文件成功
2017-01-10T03:04:28: 读取文件成功
2017-01-10T03:04:38: 读取文件成功
2017-01-10T03:04:48: 读取文件成功
2017-01-10T03:04:58: 读取文件成功
2017-01-10T03:05:08: 读取文件成功
2017-01-10T03:05:18: 读取文件成功
2017-01-10T03:05:28: 读取文件成功
2017-01-10T03:05:38: 读取文件成功
2017-01-10T03:05:48: 读取文件成功
2017-01-10T03:05:58: 读取文件成功
2017-01-10T03:06:08: 读取文件成功
2017-01-10T03:06:18: 读取文件成功
2017-01-10T03:06:28: 读取文件成功
2017-01-10T03:06:38: 读取文件成功
2017-01-10T03:06:48: 读取文件成功
2017-01-10T03:06:58: 读取文件成功
2017-01-10T03:07:08: 读取文件成功
2017-01-10T03:07:18: 读取文件成功
2017-01-10T03:07:28: 读取文件成功
2017-01-10T03:07:38: 读取文件成功
2017-01-10T03:07:48: 读取文件成功
2017-01-10T03:07:58: 读取文件成功
2017-01-10T03:08:08: 读取文件成功
2017-01-10T03:08:18: 读取文件成功
2017-01-10T03:08:28: 读取文件成功
2017-01-10T03:08:38: 读取文件成功
2017-01-10T03:08:48: 读取文件成功
2017-01-10T03:08:58: 读取文件成功
2017-01-10T03:09:08: 读取文件成功
2017-01-10T03:09:18: 读取文件成功
2017-01-10T03:09:28: 读取文件成功
2017-01-10T03:09:38: 读取文件成功
2017-01-10T03:09:48: 读取文件成功
2017-01-10T03:09:58: 读取文件成功
2017-01-10T03:10:08: 读取文件成功
2017-01-10T03:10:18: 读取文件成功
2017-01-10T03:10:28: 读取文件成功
2017-01-10T03:10:38: 读取文件成功
2017-01-10T03:10:48: 读取文件成功
2017-01-10T03:10:58: 读取文件成功
2017-01-10T03:11:08: 读取文件成功
2017-01-10T03:11:18: 读取文件成功
2017-01-10T03:11:28: 读取文件成功
2017-01-10T03:11:38: 读取文件成功
2017-01-10T03:11:48: 读取文件成功
2017-01-10T03:11:58: 读取文件成功
2017-01-10T03:12:08: 读取文件成功
2017-01-10T03:12:18: 读取文件成功
2017-01-10T03:12:28: 读取文件成功
2017-01-10T03:12:38: 读取文件成功
2017-01-10T03:12:48: 读取文件成功
2017-01-10T03:12:58: 读取文件成功
2017-01-10T03:13:08: 读取文件成功
2017-01-10T03:13:18: 读取文件成功
2017-01-10T03:13:28: 读取文件成功
2017-01-10T03:13:38: 读取文件成功
2017-01-10T03:13:48: 读取文件成功
2017-01-10T03:13:58: 读取文件成功
2017-01-10T03:14:08: 读取文件成功
2017-01-10T03:14:18: 读取文件成功
2017-01-10T03:14:28: 读取文件成功
2017-01-10T03:14:38: 读取文件成功
2017-01-10T03:14:48: 读取文件成功
2017-01-10T03:14:58: 读取文件成功
2017-01-10T03:15:08: 读取文件成功
2017-01-10T03:15:18: 读取文件成功
2017-01-10T03:15:28: 读取文件成功
2017-01-10T03:15:38: 读取文件成功
2017-01-10T03:15:48: 读取文件成功
2017-01-10T03:15:58: 读取文件成功
2017-01-10T03:16:08: 读取文件成功
2017-01-10T03:16:18: 读取文件成功
2017-01-10T03:16:28: 读取文件成功
2017-01-10T03:16:38: 读取文件成功
2017-01-10T03:16:48: 读取文件成功
2017-01-10T03:16:58: 读取文件成功
2017-01-10T03:17:08: 读取文件成功
2017-01-10T03:17:18: 读取文件成功
2017-01-10T03:17:29: 读取文件成功
2017-01-10T03:17:39: 读取文件成功
2017-01-10T03:17:49: 读取文件成功
2017-01-10T03:17:59: 读取文件成功
2017-01-10T03:18:09: 读取文件成功
2017-01-10T03:18:19: 读取文件成功
2017-01-10T03:18:29: 读取文件成功
2017-01-10T03:18:39: 读取文件成功
2017-01-10T03:18:49: 读取文件成功
2017-01-10T03:18:59: 读取文件成功
2017-01-10T03:19:09: 读取文件成功
2017-01-10T03:19:19: 读取文件成功
2017-01-10T03:19:29: 读取文件成功
2017-01-10T03:19:39: 读取文件成功
2017-01-10T03:19:49: 读取文件成功
2017-01-10T03:19:59: 读取文件成功
2017-01-10T03:20:09: 读取文件成功
2017-01-10T03:20:19: 读取文件成功
2017-01-10T03:20:29: 读取文件成功
2017-01-10T03:20:39: 读取文件成功
2017-01-10T03:20:49: 读取文件成功
2017-01-10T03:20:59: 读取文件成功
2017-01-10T03:21:09: 读取文件成功
2017-01-10T03:21:19: 读取文件成功
2017-01-10T03:21:29: 读取文件成功
2017-01-10T03:21:39: 读取文件成功
2017-01-10T03:21:49: 读取文件成功
2017-01-10T03:21:59: 读取文件成功
2017-01-10T03:22:09: 读取文件成功
2017-01-10T03:22:19: 读取文件成功
2017-01-10T03:22:29: 读取文件成功
2017-01-10T03:22:39: 读取文件成功
2017-01-10T03:22:49: 读取文件成功
2017-01-10T03:22:59: 读取文件成功
2017-01-10T03:23:09: 读取文件成功
2017-01-10T03:23:19: 读取文件成功
2017-01-10T03:23:29: 读取文件成功
2017-01-10T03:23:39: 读取文件成功
2017-01-10T03:23:49: 读取文件成功
2017-01-10T03:23:59: 读取文件成功
2017-01-10T03:24:09: 读取文件成功
2017-01-10T03:24:19: 读取文件成功
2017-01-10T03:24:29: 读取文件成功
2017-01-10T03:24:39: 读取文件成功
2017-01-10T03:24:49: 读取文件成功
2017-01-10T03:24:59: 读取文件成功
2017-01-10T03:25:09: 读取文件成功
2017-01-10T03:25:19: 读取文件成功
2017-01-10T03:25:29: 读取文件成功
2017-01-10T03:25:39: 读取文件成功
2017-01-10T03:25:49: 读取文件成功
2017-01-10T03:25:59: 读取文件成功
2017-01-10T03:26:09: 读取文件成功
2017-01-10T03:26:19: 读取文件成功
2017-01-10T03:26:29: 读取文件成功
2017-01-10T03:26:39: 读取文件成功
2017-01-10T03:26:49: 读取文件成功
2017-01-10T03:26:59: 读取文件成功
2017-01-10T03:27:09: 读取文件成功
2017-01-10T03:27:19: 读取文件成功
2017-01-10T03:27:29: 读取文件成功
2017-01-10T03:27:39: 读取文件成功
2017-01-10T03:27:49: 读取文件成功
2017-01-10T03:27:59: 读取文件成功
2017-01-10T03:28:09: 读取文件成功
2017-01-10T03:28:19: 读取文件成功
2017-01-10T03:28:29: 读取文件成功
2017-01-10T03:28:39: 读取文件成功
2017-01-10T03:28:49: 读取文件成功
2017-01-10T03:28:59: 读取文件成功
2017-01-10T03:29:09: 读取文件成功
2017-01-10T03:29:19: 读取文件成功
2017-01-10T03:29:29: 读取文件成功
2017-01-10T03:29:39: 读取文件成功
2017-01-10T03:29:49: 读取文件成功
2017-01-10T03:29:59: 读取文件成功
2017-01-10T03:30:09: 读取文件成功
2017-01-10T03:30:19: 读取文件成功
2017-01-10T03:30:29: 读取文件成功
2017-01-10T03:30:39: 读取文件成功
2017-01-10T03:30:49: 读取文件成功
2017-01-10T03:30:59: 读取文件成功
2017-01-10T03:31:09: 读取文件成功
2017-01-10T03:31:19: 读取文件成功
2017-01-10T03:31:29: 读取文件成功
2017-01-10T03:31:39: 读取文件成功
2017-01-10T03:31:49: 读取文件成功
2017-01-10T03:31:59: 读取文件成功
2017-01-10T03:32:09: 读取文件成功
2017-01-10T03:32:19: 读取文件成功
2017-01-10T03:32:29: 读取文件成功
2017-01-10T03:32:39: 读取文件成功
2017-01-10T03:32:49: 读取文件成功
2017-01-10T03:32:59: 读取文件成功
2017-01-10T03:33:09: 读取文件成功
2017-01-10T03:33:19: 读取文件成功
2017-01-10T03:33:29: 读取文件成功
2017-01-10T03:33:39: 读取文件成功
2017-01-10T03:33:49: 读取文件成功
2017-01-10T03:33:59: 读取文件成功
2017-01-10T03:34:09: 读取文件成功
2017-01-10T03:34:19: 读取文件成功
2017-01-10T03:34:30: 读取文件成功
2017-01-10T03:34:39: 读取文件成功
2017-01-10T03:34:49: 读取文件成功
2017-01-10T03:34:59: 读取文件成功
2017-01-10T03:35:09: 读取文件成功
2017-01-10T03:35:20: 读取文件成功
2017-01-10T03:35:30: 读取文件成功
2017-01-10T03:35:40: 读取文件成功
2017-01-10T03:35:50: 读取文件成功
2017-01-10T03:36:00: 读取文件成功
2017-01-10T03:36:10: 读取文件成功
2017-01-10T03:36:20: 读取文件成功
2017-01-10T03:36:30: 读取文件成功
2017-01-10T03:36:40: 读取文件成功
2017-01-10T03:36:50: 读取文件成功
2017-01-10T03:37:00: 读取文件成功
2017-01-10T03:37:10: 读取文件成功
2017-01-10T03:37:20: 读取文件成功
2017-01-10T03:37:30: 读取文件成功
2017-01-10T03:37:40: 读取文件成功
2017-01-10T03:37:50: 读取文件成功
2017-01-10T03:38:00: 读取文件成功
2017-01-10T03:38:10: 读取文件成功
2017-01-10T03:38:20: 读取文件成功
2017-01-10T03:38:30: 读取文件成功
2017-01-10T03:38:40: 读取文件成功
2017-01-10T03:38:50: 读取文件成功
2017-01-10T03:39:00: 读取文件成功
2017-01-10T03:39:10: 读取文件成功
2017-01-10T03:39:20: 读取文件成功
2017-01-10T03:39:30: 读取文件成功
2017-01-10T03:39:40: 读取文件成功
2017-01-10T03:39:50: 读取文件成功
2017-01-10T03:40:00: 读取文件成功
2017-01-10T03:40:10: 读取文件成功
2017-01-10T03:40:20: 读取文件成功
2017-01-10T03:40:30: 读取文件成功
2017-01-10T03:40:40: 读取文件成功
2017-01-10T03:40:50: 读取文件成功
2017-01-10T03:41:00: 读取文件成功
2017-01-10T03:41:10: 读取文件成功
2017-01-10T03:41:20: 读取文件成功
2017-01-10T03:41:30: 读取文件成功
2017-01-10T03:41:40: 读取文件成功
2017-01-10T03:41:50: 读取文件成功
2017-01-10T03:42:00: 读取文件成功
2017-01-10T03:42:10: 读取文件成功
2017-01-10T03:42:20: 读取文件成功
2017-01-10T03:42:30: 读取文件成功
2017-01-10T03:42:40: 读取文件成功
2017-01-10T03:42:50: 读取文件成功
2017-01-10T03:43:00: 读取文件成功
2017-01-10T03:43:10: 读取文件成功
2017-01-10T03:43:20: 读取文件成功
2017-01-10T03:43:30: 读取文件成功
2017-01-10T03:43:40: 读取文件成功
2017-01-10T03:43:50: 读取文件成功
2017-01-10T03:44:00: 读取文件成功
2017-01-10T03:44:10: 读取文件成功
2017-01-10T03:44:20: 读取文件成功
2017-01-10T03:44:30: 读取文件成功
2017-01-10T03:44:40: 读取文件成功
2017-01-10T03:44:50: 读取文件成功
2017-01-10T03:45:00: 读取文件成功
2017-01-10T03:45:10: 读取文件成功
2017-01-10T03:45:20: 读取文件成功
2017-01-10T03:45:30: 读取文件成功
2017-01-10T03:45:40: 读取文件成功
2017-01-10T03:45:50: 读取文件成功
2017-01-10T03:46:00: 读取文件成功
2017-01-10T03:46:10: 读取文件成功
2017-01-10T03:46:20: 读取文件成功
2017-01-10T03:46:30: 读取文件成功
2017-01-10T03:46:40: 读取文件成功
2017-01-10T03:46:50: 读取文件成功
2017-01-10T03:47:00: 读取文件成功
2017-01-10T03:47:10: 读取文件成功
2017-01-10T03:47:20: 读取文件成功
2017-01-10T03:47:30: 读取文件成功
2017-01-10T03:47:40: 读取文件成功
2017-01-10T03:47:50: 读取文件成功
2017-01-10T03:48:00: 读取文件成功
2017-01-10T03:48:10: 读取文件成功
2017-01-10T03:48:20: 读取文件成功
2017-01-10T03:48:30: 读取文件成功
2017-01-10T03:48:40: 读取文件成功
2017-01-10T03:48:50: 读取文件成功
2017-01-10T03:49:00: 读取文件成功
2017-01-10T03:49:10: 读取文件成功
2017-01-10T03:49:20: 读取文件成功
2017-01-10T03:49:30: 读取文件成功
2017-01-10T03:49:40: 读取文件成功
2017-01-10T03:49:51: 读取文件成功
2017-01-10T03:50:00: 读取文件成功
2017-01-10T03:50:10: 读取文件成功
2017-01-10T03:50:20: 读取文件成功
2017-01-10T03:50:30: 读取文件成功
2017-01-10T03:50:40: 读取文件成功
2017-01-10T03:50:50: 读取文件成功
2017-01-10T03:51:00: 读取文件成功
2017-01-10T03:51:10: 读取文件成功
2017-01-10T03:51:20: 读取文件成功
2017-01-10T03:51:31: 读取文件成功
2017-01-10T03:51:41: 读取文件成功
2017-01-10T03:51:51: 读取文件成功
2017-01-10T03:52:01: 读取文件成功
2017-01-10T03:52:11: 读取文件成功
2017-01-10T03:52:21: 读取文件成功
2017-01-10T03:52:31: 读取文件成功
2017-01-10T03:52:41: 读取文件成功
2017-01-10T03:52:51: 读取文件成功
2017-01-10T03:53:01: 读取文件成功
2017-01-10T03:53:11: 读取文件成功
2017-01-10T03:53:21: 读取文件成功
2017-01-10T03:53:31: 读取文件成功
2017-01-10T03:53:41: 读取文件成功
2017-01-10T03:53:51: 读取文件成功
2017-01-10T03:54:01: 读取文件成功
2017-01-10T03:54:11: 读取文件成功
2017-01-10T03:54:21: 读取文件成功
2017-01-10T03:54:31: 读取文件成功
2017-01-10T03:54:41: 读取文件成功
2017-01-10T03:54:51: 读取文件成功
2017-01-10T03:55:01: 读取文件成功
2017-01-10T03:55:11: 读取文件成功
2017-01-10T03:55:21: 读取文件成功
2017-01-10T03:55:31: 读取文件成功
2017-01-10T03:55:41: 读取文件成功
2017-01-10T03:55:51: 读取文件成功
2017-01-10T03:56:01: 读取文件成功
2017-01-10T03:56:11: 读取文件成功
2017-01-10T03:56:21: 读取文件成功
2017-01-10T03:56:31: 读取文件成功
2017-01-10T03:56:41: 读取文件成功
2017-01-10T03:56:51: 读取文件成功
2017-01-10T03:57:01: 读取文件成功
2017-01-10T03:57:11: 读取文件成功
2017-01-10T03:57:21: 读取文件成功
2017-01-10T03:57:31: 读取文件成功
2017-01-10T03:57:41: 读取文件成功
2017-01-10T03:57:51: 读取文件成功
2017-01-10T03:58:01: 读取文件成功
2017-01-10T03:58:11: 读取文件成功
2017-01-10T03:58:21: 读取文件成功
2017-01-10T03:58:31: 读取文件成功
2017-01-10T03:58:41: 读取文件成功
2017-01-10T03:58:51: 读取文件成功
2017-01-10T03:59:01: 读取文件成功
2017-01-10T03:59:11: 读取文件成功
2017-01-10T03:59:21: 读取文件成功
2017-01-10T03:59:31: 读取文件成功
2017-01-10T03:59:41: 读取文件成功
2017-01-10T03:59:51: 读取文件成功
2017-01-10T04:00:01: 读取文件成功
2017-01-10T04:00:11: 读取文件成功
2017-01-10T04:00:21: 读取文件成功
2017-01-10T04:00:31: 读取文件成功
2017-01-10T04:00:41: 读取文件成功
2017-01-10T04:00:51: 读取文件成功
2017-01-10T04:01:01: 读取文件成功
2017-01-10T04:01:11: 读取文件成功
2017-01-10T04:01:21: 读取文件成功
2017-01-10T04:01:31: 读取文件成功
2017-01-10T04:01:41: 读取文件成功
2017-01-10T04:01:51: 读取文件成功
2017-01-10T04:02:01: 读取文件成功
2017-01-10T04:02:11: 读取文件成功
2017-01-10T04:02:21: 读取文件成功
2017-01-10T04:02:31: 读取文件成功
2017-01-10T04:02:41: 读取文件成功
2017-01-10T04:02:51: 读取文件成功
2017-01-10T04:03:01: 读取文件成功
2017-01-10T04:03:11: 读取文件成功
2017-01-10T04:03:21: 读取文件成功
2017-01-10T04:03:31: 读取文件成功
2017-01-10T04:03:41: 读取文件成功
2017-01-10T04:03:51: 读取文件成功
2017-01-10T04:04:01: 读取文件成功
2017-01-10T04:04:11: 读取文件成功
2017-01-10T04:04:21: 读取文件成功
2017-01-10T04:04:31: 读取文件成功
2017-01-10T04:04:41: 读取文件成功
2017-01-10T04:04:51: 读取文件成功
2017-01-10T04:05:01: 读取文件成功
2017-01-10T04:05:11: 读取文件成功
2017-01-10T04:05:21: 读取文件成功
2017-01-10T04:05:31: 读取文件成功
2017-01-10T04:05:41: 读取文件成功
2017-01-10T04:05:51: 读取文件成功
2017-01-10T04:06:01: 读取文件成功
2017-01-10T04:06:11: 读取文件成功
2017-01-10T04:06:21: 读取文件成功
2017-01-10T04:06:31: 读取文件成功
2017-01-10T04:06:41: 读取文件成功
2017-01-10T04:06:51: 读取文件成功
2017-01-10T04:07:01: 读取文件成功
2017-01-10T04:07:11: 读取文件成功
2017-01-10T04:07:22: 读取文件成功
2017-01-10T04:07:31: 读取文件成功
2017-01-10T04:07:41: 读取文件成功
2017-01-10T04:07:52: 读取文件成功
2017-01-10T04:08:02: 读取文件成功
2017-01-10T04:08:12: 读取文件成功
2017-01-10T04:08:22: 读取文件成功
2017-01-10T04:08:32: 读取文件成功
2017-01-10T04:08:42: 读取文件成功
2017-01-10T04:08:52: 读取文件成功
2017-01-10T04:09:02: 读取文件成功
2017-01-10T04:09:12: 读取文件成功
2017-01-10T04:09:22: 读取文件成功
2017-01-10T04:09:32: 读取文件成功
2017-01-10T04:09:42: 读取文件成功
2017-01-10T04:09:52: 读取文件成功
2017-01-10T04:10:02: 读取文件成功
2017-01-10T04:10:12: 读取文件成功
2017-01-10T04:10:22: 读取文件成功
2017-01-10T04:10:32: 读取文件成功
2017-01-10T04:10:42: 读取文件成功
2017-01-10T04:10:52: 读取文件成功
2017-01-10T04:11:02: 读取文件成功
2017-01-10T04:11:12: 读取文件成功
2017-01-10T04:11:22: 读取文件成功
2017-01-10T04:11:32: 读取文件成功
2017-01-10T04:11:42: 读取文件成功
2017-01-10T04:11:52: 读取文件成功
2017-01-10T04:12:02: 读取文件成功
2017-01-10T04:12:12: 读取文件成功
2017-01-10T04:12:22: 读取文件成功
2017-01-10T04:12:32: 读取文件成功
2017-01-10T04:12:42: 读取文件成功
2017-01-10T04:12:52: 读取文件成功
2017-01-10T04:13:02: 读取文件成功
2017-01-10T04:13:12: 读取文件成功
2017-01-10T04:13:22: 读取文件成功
2017-01-10T04:13:32: 读取文件成功
2017-01-10T04:13:42: 读取文件成功
2017-01-10T04:13:52: 读取文件成功
2017-01-10T04:14:02: 读取文件成功
2017-01-10T04:14:12: 读取文件成功
2017-01-10T04:14:22: 读取文件成功
2017-01-10T04:14:32: 读取文件成功
2017-01-10T04:14:42: 读取文件成功
2017-01-10T04:14:52: 读取文件成功
2017-01-10T04:15:02: 读取文件成功
2017-01-10T04:15:12: 读取文件成功
2017-01-10T04:15:22: 读取文件成功
2017-01-10T04:15:32: 读取文件成功
2017-01-10T04:15:42: 读取文件成功
2017-01-10T04:15:52: 读取文件成功
2017-01-10T04:16:02: 读取文件成功
2017-01-10T04:16:12: 读取文件成功
2017-01-10T04:16:22: 读取文件成功
2017-01-10T04:16:32: 读取文件成功
2017-01-10T04:16:42: 读取文件成功
2017-01-10T04:16:52: 读取文件成功
2017-01-10T04:17:02: 读取文件成功
2017-01-10T04:17:12: 读取文件成功
2017-01-10T04:17:22: 读取文件成功
2017-01-10T04:17:32: 读取文件成功
2017-01-10T04:17:42: 读取文件成功
2017-01-10T04:17:52: 读取文件成功
2017-01-10T04:18:02: 读取文件成功
2017-01-10T04:18:12: 读取文件成功
2017-01-10T04:18:22: 读取文件成功
2017-01-10T04:18:32: 读取文件成功
2017-01-10T04:18:42: 读取文件成功
2017-01-10T04:18:52: 读取文件成功
2017-01-10T04:19:02: 读取文件成功
2017-01-10T04:19:12: 读取文件成功
2017-01-10T04:19:22: 读取文件成功
2017-01-10T04:19:32: 读取文件成功
2017-01-10T04:19:42: 读取文件成功
2017-01-10T04:19:52: 读取文件成功
2017-01-10T04:20:02: 读取文件成功
2017-01-10T04:20:12: 读取文件成功
2017-01-10T04:20:22: 读取文件成功
2017-01-10T04:20:32: 读取文件成功
2017-01-10T04:20:42: 读取文件成功
2017-01-10T04:20:52: 读取文件成功
2017-01-10T04:21:02: 读取文件成功
2017-01-10T04:21:12: 读取文件成功
2017-01-10T04:21:22: 读取文件成功
2017-01-10T04:21:32: 读取文件成功
2017-01-10T04:21:42: 读取文件成功
2017-01-10T04:21:52: 读取文件成功
2017-01-10T04:22:02: 读取文件成功
2017-01-10T04:22:12: 读取文件成功
2017-01-10T04:22:22: 读取文件成功
2017-01-10T04:22:32: 读取文件成功
2017-01-10T04:22:42: 读取文件成功
2017-01-10T04:22:52: 读取文件成功
2017-01-10T04:23:02: 读取文件成功
2017-01-10T04:23:12: 读取文件成功
2017-01-10T04:23:22: 读取文件成功
2017-01-10T04:23:32: 读取文件成功
2017-01-10T04:23:42: 读取文件成功
2017-01-10T04:23:52: 读取文件成功
2017-01-10T04:24:03: 读取文件成功
2017-01-10T04:24:13: 读取文件成功
2017-01-10T04:24:23: 读取文件成功
2017-01-10T04:24:33: 读取文件成功
2017-01-10T04:24:43: 读取文件成功
2017-01-10T04:24:53: 读取文件成功
2017-01-10T04:25:03: 读取文件成功
2017-01-10T04:25:13: 读取文件成功
2017-01-10T04:25:23: 读取文件成功
2017-01-10T04:25:33: 读取文件成功
2017-01-10T04:25:43: 读取文件成功
2017-01-10T04:25:53: 读取文件成功
2017-01-10T04:26:03: 读取文件成功
2017-01-10T04:26:13: 读取文件成功
2017-01-10T04:26:23: 读取文件成功
2017-01-10T04:26:33: 读取文件成功
2017-01-10T04:26:43: 读取文件成功
2017-01-10T04:26:53: 读取文件成功
2017-01-10T04:27:03: 读取文件成功
2017-01-10T04:27:13: 读取文件成功
2017-01-10T04:27:23: 读取文件成功
2017-01-10T04:27:33: 读取文件成功
2017-01-10T04:27:43: 读取文件成功
2017-01-10T04:27:53: 读取文件成功
2017-01-10T04:28:03: 读取文件成功
2017-01-10T04:28:13: 读取文件成功
2017-01-10T04:28:23: 读取文件成功
2017-01-10T04:28:33: 读取文件成功
2017-01-10T04:28:43: 读取文件成功
2017-01-10T04:28:53: 读取文件成功
2017-01-10T04:29:03: 读取文件成功
2017-01-10T04:29:13: 读取文件成功
2017-01-10T04:29:23: 读取文件成功
2017-01-10T04:29:33: 读取文件成功
2017-01-10T04:29:43: 读取文件成功
2017-01-10T04:29:53: 读取文件成功
2017-01-10T04:30:03: 读取文件成功
2017-01-10T04:30:13: 读取文件成功
2017-01-10T04:30:23: 读取文件成功
2017-01-10T04:30:33: 读取文件成功
2017-01-10T04:30:43: 读取文件成功
2017-01-10T04:30:53: 读取文件成功
2017-01-10T04:31:03: 读取文件成功
2017-01-10T04:31:13: 读取文件成功
2017-01-10T04:31:23: 读取文件成功
2017-01-10T04:31:33: 读取文件成功
2017-01-10T04:31:43: 读取文件成功
2017-01-10T04:31:53: 读取文件成功
2017-01-10T04:32:03: 读取文件成功
2017-01-10T04:32:13: 读取文件成功
2017-01-10T04:32:23: 读取文件成功
2017-01-10T04:32:33: 读取文件成功
2017-01-10T04:32:43: 读取文件成功
2017-01-10T04:32:53: 读取文件成功
2017-01-10T04:33:03: 读取文件成功
2017-01-10T04:33:13: 读取文件成功
2017-01-10T04:33:23: 读取文件成功
2017-01-10T04:33:33: 读取文件成功
2017-01-10T04:33:43: 读取文件成功
2017-01-10T04:33:53: 读取文件成功
2017-01-10T04:34:03: 读取文件成功
2017-01-10T04:34:13: 读取文件成功
2017-01-10T04:34:23: 读取文件成功
2017-01-10T04:34:33: 读取文件成功
2017-01-10T04:34:43: 读取文件成功
2017-01-10T04:34:53: 读取文件成功
2017-01-10T04:35:03: 读取文件成功
2017-01-10T04:35:13: 读取文件成功
2017-01-10T04:35:23: 读取文件成功
2017-01-10T04:35:33: 读取文件成功
2017-01-10T04:35:43: 读取文件成功
2017-01-10T04:35:53: 读取文件成功
2017-01-10T04:36:03: 读取文件成功
2017-01-10T04:36:13: 读取文件成功
2017-01-10T04:36:23: 读取文件成功
2017-01-10T04:36:33: 读取文件成功
2017-01-10T04:36:43: 读取文件成功
2017-01-10T04:36:53: 读取文件成功
2017-01-10T04:37:03: 读取文件成功
2017-01-10T04:37:13: 读取文件成功
2017-01-10T04:37:23: 读取文件成功
2017-01-10T04:37:33: 读取文件成功
2017-01-10T04:37:43: 读取文件成功
2017-01-10T04:37:53: 读取文件成功
2017-01-10T04:38:03: 读取文件成功
2017-01-10T04:38:13: 读取文件成功
2017-01-10T04:38:23: 读取文件成功
2017-01-10T04:38:33: 读取文件成功
2017-01-10T04:38:43: 读取文件成功
2017-01-10T04:38:53: 读取文件成功
2017-01-10T04:39:03: 读取文件成功
2017-01-10T04:39:13: 读取文件成功
2017-01-10T04:39:23: 读取文件成功
2017-01-10T04:39:33: 读取文件成功
2017-01-10T04:39:43: 读取文件成功
2017-01-10T04:39:53: 读取文件成功
2017-01-10T04:40:04: 读取文件成功
2017-01-10T04:40:13: 读取文件成功
2017-01-10T04:40:24: 读取文件成功
2017-01-10T04:40:34: 读取文件成功
2017-01-10T04:40:44: 读取文件成功
2017-01-10T04:40:54: 读取文件成功
2017-01-10T04:41:04: 读取文件成功
2017-01-10T04:41:14: 读取文件成功
2017-01-10T04:41:24: 读取文件成功
2017-01-10T04:41:34: 读取文件成功
2017-01-10T04:41:44: 读取文件成功
2017-01-10T04:41:54: 读取文件成功
2017-01-10T04:42:04: 读取文件成功
2017-01-10T04:42:14: 读取文件成功
2017-01-10T04:42:24: 读取文件成功
2017-01-10T04:42:34: 读取文件成功
2017-01-10T04:42:44: 读取文件成功
2017-01-10T04:42:54: 读取文件成功
2017-01-10T04:43:04: 读取文件成功
2017-01-10T04:43:14: 读取文件成功
2017-01-10T04:43:24: 读取文件成功
2017-01-10T04:43:34: 读取文件成功
2017-01-10T04:43:44: 读取文件成功
2017-01-10T04:43:54: 读取文件成功
2017-01-10T04:44:04: 读取文件成功
2017-01-10T04:44:14: 读取文件成功
2017-01-10T04:44:24: 读取文件成功
2017-01-10T04:44:34: 读取文件成功
2017-01-10T04:44:44: 读取文件成功
2017-01-10T04:44:54: 读取文件成功
2017-01-10T04:45:04: 读取文件成功
2017-01-10T04:45:14: 读取文件成功
2017-01-10T04:45:24: 读取文件成功
2017-01-10T04:45:34: 读取文件成功
2017-01-10T04:45:44: 读取文件成功
2017-01-10T04:45:54: 读取文件成功
2017-01-10T04:46:04: 读取文件成功
2017-01-10T04:46:14: 读取文件成功
2017-01-10T04:46:24: 读取文件成功
2017-01-10T04:46:34: 读取文件成功
2017-01-10T04:46:44: 读取文件成功
2017-01-10T04:46:54: 读取文件成功
2017-01-10T04:47:04: 读取文件成功
2017-01-10T04:47:14: 读取文件成功
2017-01-10T04:47:24: 读取文件成功
2017-01-10T04:47:34: 读取文件成功
2017-01-10T04:47:44: 读取文件成功
2017-01-10T04:47:54: 读取文件成功
2017-01-10T04:48:04: 读取文件成功
2017-01-10T04:48:14: 读取文件成功
2017-01-10T04:48:24: 读取文件成功
2017-01-10T04:48:34: 读取文件成功
2017-01-10T04:48:44: 读取文件成功
2017-01-10T04:48:54: 读取文件成功
2017-01-10T04:49:04: 读取文件成功
2017-01-10T04:49:14: 读取文件成功
2017-01-10T04:49:24: 读取文件成功
2017-01-10T04:49:34: 读取文件成功
2017-01-10T04:49:44: 读取文件成功
2017-01-10T04:49:54: 读取文件成功
2017-01-10T04:50:04: 读取文件成功
2017-01-10T04:50:14: 读取文件成功
2017-01-10T04:50:24: 读取文件成功
2017-01-10T04:50:34: 读取文件成功
2017-01-10T04:50:44: 读取文件成功
2017-01-10T04:50:54: 读取文件成功
2017-01-10T04:51:04: 读取文件成功
2017-01-10T04:51:14: 读取文件成功
2017-01-10T04:51:24: 读取文件成功
2017-01-10T04:51:34: 读取文件成功
2017-01-10T04:51:44: 读取文件成功
2017-01-10T04:51:54: 读取文件成功
2017-01-10T04:52:04: 读取文件成功
2017-01-10T04:52:14: 读取文件成功
2017-01-10T04:52:24: 读取文件成功
2017-01-10T04:52:34: 读取文件成功
2017-01-10T04:52:44: 读取文件成功
2017-01-10T04:52:54: 读取文件成功
2017-01-10T04:53:04: 读取文件成功
2017-01-10T04:53:14: 读取文件成功
2017-01-10T04:53:24: 读取文件成功
2017-01-10T04:53:34: 读取文件成功
2017-01-10T04:53:44: 读取文件成功
2017-01-10T04:53:54: 读取文件成功
2017-01-10T04:54:04: 读取文件成功
2017-01-10T04:54:14: 读取文件成功
2017-01-10T04:54:24: 读取文件成功
2017-01-10T04:54:34: 读取文件成功
2017-01-10T04:54:44: 读取文件成功
2017-01-10T04:54:54: 读取文件成功
2017-01-10T04:55:04: 读取文件成功
2017-01-10T04:55:15: 读取文件成功
2017-01-10T04:55:24: 读取文件成功
2017-01-10T04:55:35: 读取文件成功
2017-01-10T04:55:44: 读取文件成功
2017-01-10T04:55:54: 读取文件成功
2017-01-10T04:56:05: 读取文件成功
2017-01-10T04:56:14: 读取文件成功
2017-01-10T04:56:25: 读取文件成功
2017-01-10T04:56:35: 读取文件成功
2017-01-10T04:56:45: 读取文件成功
2017-01-10T04:56:55: 读取文件成功
2017-01-10T04:57:05: 读取文件成功
2017-01-10T04:57:15: 读取文件成功
2017-01-10T04:57:25: 读取文件成功
2017-01-10T04:57:35: 读取文件成功
2017-01-10T04:57:45: 读取文件成功
2017-01-10T04:57:55: 读取文件成功
2017-01-10T04:58:05: 读取文件成功
2017-01-10T04:58:15: 读取文件成功
2017-01-10T04:58:25: 读取文件成功
2017-01-10T04:58:35: 读取文件成功
2017-01-10T04:58:45: 读取文件成功
2017-01-10T04:58:55: 读取文件成功
2017-01-10T04:59:05: 读取文件成功
2017-01-10T04:59:15: 读取文件成功
2017-01-10T04:59:25: 读取文件成功
2017-01-10T04:59:35: 读取文件成功
2017-01-10T04:59:45: 读取文件成功
2017-01-10T04:59:55: 读取文件成功
2017-01-10T05:00:05: 读取文件成功
2017-01-10T05:00:15: 读取文件成功
2017-01-10T05:00:25: 读取文件成功
2017-01-10T05:00:35: 读取文件成功
2017-01-10T05:00:45: 读取文件成功
2017-01-10T05:00:55: 读取文件成功
2017-01-10T05:01:05: 读取文件成功
2017-01-10T05:01:15: 读取文件成功
2017-01-10T05:01:25: 读取文件成功
2017-01-10T05:01:35: 读取文件成功
2017-01-10T05:01:45: 读取文件成功
2017-01-10T05:01:55: 读取文件成功
2017-01-10T05:02:05: 读取文件成功
2017-01-10T05:02:15: 读取文件成功
2017-01-10T05:02:25: 读取文件成功
2017-01-10T05:02:35: 读取文件成功
2017-01-10T05:02:45: 读取文件成功
2017-01-10T05:02:55: 读取文件成功
2017-01-10T05:03:05: 读取文件成功
2017-01-10T05:03:15: 读取文件成功
2017-01-10T05:03:25: 读取文件成功
2017-01-10T05:03:35: 读取文件成功
2017-01-10T05:03:45: 读取文件成功
2017-01-10T05:03:55: 读取文件成功
2017-01-10T05:04:05: 读取文件成功
2017-01-10T05:04:15: 读取文件成功
2017-01-10T05:04:25: 读取文件成功
2017-01-10T05:04:35: 读取文件成功
2017-01-10T05:04:45: 读取文件成功
2017-01-10T05:04:55: 读取文件成功
2017-01-10T05:05:05: 读取文件成功
2017-01-10T05:05:15: 读取文件成功
2017-01-10T05:05:25: 读取文件成功
2017-01-10T05:05:35: 读取文件成功
2017-01-10T05:05:45: 读取文件成功
2017-01-10T05:05:55: 读取文件成功
2017-01-10T05:06:05: 读取文件成功
2017-01-10T05:06:15: 读取文件成功
2017-01-10T05:06:25: 读取文件成功
2017-01-10T05:06:35: 读取文件成功
2017-01-10T05:06:45: 读取文件成功
2017-01-10T05:06:55: 读取文件成功
2017-01-10T05:07:05: 读取文件成功
2017-01-10T05:07:15: 读取文件成功
2017-01-10T05:07:25: 读取文件成功
2017-01-10T05:07:35: 读取文件成功
2017-01-10T05:07:45: 读取文件成功
2017-01-10T05:07:55: 读取文件成功
2017-01-10T05:08:05: 读取文件成功
2017-01-10T05:08:15: 读取文件成功
2017-01-10T05:08:25: 读取文件成功
2017-01-10T05:08:35: 读取文件成功
2017-01-10T05:08:45: 读取文件成功
2017-01-10T05:08:55: 读取文件成功
2017-01-10T05:09:05: 读取文件成功
2017-01-10T05:09:15: 读取文件成功
2017-01-10T05:09:25: 读取文件成功
2017-01-10T05:09:35: 读取文件成功
2017-01-10T05:09:45: 读取文件成功
2017-01-10T05:09:55: 读取文件成功
2017-01-10T05:10:05: 读取文件成功
2017-01-10T05:10:15: 读取文件成功
2017-01-10T05:10:25: 读取文件成功
2017-01-10T05:10:35: 读取文件成功
2017-01-10T05:10:46: 读取文件成功
2017-01-10T05:10:56: 读取文件成功
2017-01-10T05:11:06: 读取文件成功
2017-01-10T05:11:16: 读取文件成功
2017-01-10T05:11:26: 读取文件成功
2017-01-10T05:11:36: 读取文件成功
2017-01-10T05:11:46: 读取文件成功
2017-01-10T05:11:56: 读取文件成功
2017-01-10T05:12:06: 读取文件成功
2017-01-10T05:12:16: 读取文件成功
2017-01-10T05:12:26: 读取文件成功
2017-01-10T05:12:36: 读取文件成功
2017-01-10T05:12:46: 读取文件成功
2017-01-10T05:12:56: 读取文件成功
2017-01-10T05:13:06: 读取文件成功
2017-01-10T05:13:16: 读取文件成功
2017-01-10T05:13:26: 读取文件成功
2017-01-10T05:13:36: 读取文件成功
2017-01-10T05:13:46: 读取文件成功
2017-01-10T05:13:56: 读取文件成功
2017-01-10T05:14:06: 读取文件成功
2017-01-10T05:14:16: 读取文件成功
2017-01-10T05:14:26: 读取文件成功
2017-01-10T05:14:36: 读取文件成功
2017-01-10T05:14:46: 读取文件成功
2017-01-10T05:14:56: 读取文件成功
2017-01-10T05:15:06: 读取文件成功
2017-01-10T05:15:16: 读取文件成功
2017-01-10T05:15:26: 读取文件成功
2017-01-10T05:15:36: 读取文件成功
2017-01-10T05:15:46: 读取文件成功
2017-01-10T05:15:56: 读取文件成功
2017-01-10T05:16:06: 读取文件成功
2017-01-10T05:16:16: 读取文件成功
2017-01-10T05:16:26: 读取文件成功
2017-01-10T05:16:36: 读取文件成功
2017-01-10T05:16:46: 读取文件成功
2017-01-10T05:16:56: 读取文件成功
2017-01-10T05:17:06: 读取文件成功
2017-01-10T05:17:16: 读取文件成功
2017-01-10T05:17:26: 读取文件成功
2017-01-10T05:17:36: 读取文件成功
2017-01-10T05:17:46: 读取文件成功
2017-01-10T05:17:56: 读取文件成功
2017-01-10T05:18:06: 读取文件成功
2017-01-10T05:18:16: 读取文件成功
2017-01-10T05:18:26: 读取文件成功
2017-01-10T05:18:36: 读取文件成功
2017-01-10T05:18:46: 读取文件成功
2017-01-10T05:18:56: 读取文件成功
2017-01-10T05:19:06: 读取文件成功
2017-01-10T05:19:16: 读取文件成功
2017-01-10T05:19:26: 读取文件成功
2017-01-10T05:19:36: 读取文件成功
2017-01-10T05:19:46: 读取文件成功
2017-01-10T05:19:56: 读取文件成功
2017-01-10T05:20:06: 读取文件成功
2017-01-10T05:20:16: 读取文件成功
2017-01-10T05:20:26: 读取文件成功
2017-01-10T05:20:36: 读取文件成功
2017-01-10T05:20:46: 读取文件成功
2017-01-10T05:20:56: 读取文件成功
2017-01-10T05:21:06: 读取文件成功
2017-01-10T05:21:16: 读取文件成功
2017-01-10T05:21:26: 读取文件成功
2017-01-10T05:21:36: 读取文件成功
2017-01-10T05:21:46: 读取文件成功
2017-01-10T05:21:56: 读取文件成功
2017-01-10T05:22:06: 读取文件成功
2017-01-10T05:22:16: 读取文件成功
2017-01-10T05:22:26: 读取文件成功
2017-01-10T05:22:36: 读取文件成功
2017-01-10T05:22:46: 读取文件成功
2017-01-10T05:22:56: 读取文件成功
2017-01-10T05:23:06: 读取文件成功
2017-01-10T05:23:16: 读取文件成功
2017-01-10T05:23:26: 读取文件成功
2017-01-10T05:23:36: 读取文件成功
2017-01-10T05:23:46: 读取文件成功
2017-01-10T05:23:56: 读取文件成功
2017-01-10T05:24:06: 读取文件成功
2017-01-10T05:24:16: 读取文件成功
2017-01-10T05:24:26: 读取文件成功
2017-01-10T05:24:36: 读取文件成功
2017-01-10T05:24:46: 读取文件成功
2017-01-10T05:24:57: 读取文件成功
2017-01-10T05:25:06: 读取文件成功
2017-01-10T05:25:16: 读取文件成功
2017-01-10T05:25:26: 读取文件成功
2017-01-10T05:25:36: 读取文件成功
2017-01-10T05:25:47: 读取文件成功
2017-01-10T05:25:57: 读取文件成功
2017-01-10T05:26:07: 读取文件成功
2017-01-10T05:26:17: 读取文件成功
2017-01-10T05:26:27: 读取文件成功
2017-01-10T05:26:37: 读取文件成功
2017-01-10T05:26:47: 读取文件成功
2017-01-10T05:26:57: 读取文件成功
2017-01-10T05:27:07: 读取文件成功
2017-01-10T05:27:17: 读取文件成功
2017-01-10T05:27:27: 读取文件成功
2017-01-10T05:27:37: 读取文件成功
2017-01-10T05:27:47: 读取文件成功
2017-01-10T05:27:57: 读取文件成功
2017-01-10T05:28:07: 读取文件成功
2017-01-10T05:28:17: 读取文件成功
2017-01-10T05:28:27: 读取文件成功
2017-01-10T05:28:37: 读取文件成功
2017-01-10T05:28:47: 读取文件成功
2017-01-10T05:28:57: 读取文件成功
2017-01-10T05:29:07: 读取文件成功
2017-01-10T05:29:17: 读取文件成功
2017-01-10T05:29:27: 读取文件成功
2017-01-10T05:29:37: 读取文件成功
2017-01-10T05:29:47: 读取文件成功
2017-01-10T05:29:57: 读取文件成功
2017-01-10T05:30:07: 读取文件成功
2017-01-10T05:30:17: 读取文件成功
2017-01-10T05:30:27: 读取文件成功
2017-01-10T05:30:37: 读取文件成功
2017-01-10T05:30:47: 读取文件成功
2017-01-10T05:30:57: 读取文件成功
2017-01-10T05:31:07: 读取文件成功
2017-01-10T05:31:17: 读取文件成功
2017-01-10T05:31:27: 读取文件成功
2017-01-10T05:31:37: 读取文件成功
2017-01-10T05:31:47: 读取文件成功
2017-01-10T05:31:57: 读取文件成功
2017-01-10T05:32:07: 读取文件成功
2017-01-10T05:32:17: 读取文件成功
2017-01-10T05:32:27: 读取文件成功
2017-01-10T05:32:37: 读取文件成功
2017-01-10T05:32:47: 读取文件成功
2017-01-10T05:32:57: 读取文件成功
2017-01-10T05:33:07: 读取文件成功
2017-01-10T05:33:17: 读取文件成功
2017-01-10T05:33:27: 读取文件成功
2017-01-10T05:33:37: 读取文件成功
2017-01-10T05:33:47: 读取文件成功
2017-01-10T05:33:57: 读取文件成功
2017-01-10T05:34:07: 读取文件成功
2017-01-10T05:34:17: 读取文件成功
2017-01-10T05:34:27: 读取文件成功
2017-01-10T05:34:37: 读取文件成功
2017-01-10T05:34:47: 读取文件成功
2017-01-10T05:34:57: 读取文件成功
2017-01-10T05:35:07: 读取文件成功
2017-01-10T05:35:17: 读取文件成功
2017-01-10T05:35:27: 读取文件成功
2017-01-10T05:35:37: 读取文件成功
2017-01-10T05:35:47: 读取文件成功
2017-01-10T05:35:57: 读取文件成功
2017-01-10T05:36:07: 读取文件成功
2017-01-10T05:36:17: 读取文件成功
2017-01-10T05:36:27: 读取文件成功
2017-01-10T05:36:37: 读取文件成功
2017-01-10T05:36:47: 读取文件成功
2017-01-10T05:36:57: 读取文件成功
2017-01-10T05:37:07: 读取文件成功
2017-01-10T05:37:17: 读取文件成功
2017-01-10T05:37:27: 读取文件成功
2017-01-10T05:37:37: 读取文件成功
2017-01-10T05:37:47: 读取文件成功
2017-01-10T05:37:57: 读取文件成功
2017-01-10T05:38:07: 读取文件成功
2017-01-10T05:38:17: 读取文件成功
2017-01-10T05:38:27: 读取文件成功
2017-01-10T05:38:37: 读取文件成功
2017-01-10T05:38:47: 读取文件成功
2017-01-10T05:38:57: 读取文件成功
2017-01-10T05:39:07: 读取文件成功
2017-01-10T05:39:17: 读取文件成功
2017-01-10T05:39:27: 读取文件成功
2017-01-10T05:39:37: 读取文件成功
2017-01-10T05:39:47: 读取文件成功
2017-01-10T05:39:57: 读取文件成功
2017-01-10T05:40:07: 读取文件成功
2017-01-10T05:40:17: 读取文件成功
2017-01-10T05:40:27: 读取文件成功
2017-01-10T05:40:37: 读取文件成功
2017-01-10T05:40:47: 读取文件成功
2017-01-10T05:40:57: 读取文件成功
2017-01-10T05:41:07: 读取文件成功
2017-01-10T05:41:18: 读取文件成功
2017-01-10T05:41:27: 读取文件成功
2017-01-10T05:41:38: 读取文件成功
2017-01-10T05:41:48: 读取文件成功
2017-01-10T05:41:58: 读取文件成功
2017-01-10T05:42:08: 读取文件成功
2017-01-10T05:42:18: 读取文件成功
2017-01-10T05:42:28: 读取文件成功
2017-01-10T05:42:38: 读取文件成功
2017-01-10T05:42:48: 读取文件成功
2017-01-10T05:42:58: 读取文件成功
2017-01-10T05:43:08: 读取文件成功
2017-01-10T05:43:18: 读取文件成功
2017-01-10T05:43:28: 读取文件成功
2017-01-10T05:43:38: 读取文件成功
2017-01-10T05:43:48: 读取文件成功
2017-01-10T05:43:58: 读取文件成功
2017-01-10T05:44:08: 读取文件成功
2017-01-10T05:44:18: 读取文件成功
2017-01-10T05:44:28: 读取文件成功
2017-01-10T05:44:38: 读取文件成功
2017-01-10T05:44:48: 读取文件成功
2017-01-10T05:44:58: 读取文件成功
2017-01-10T05:45:08: 读取文件成功
2017-01-10T05:45:18: 读取文件成功
2017-01-10T05:45:28: 读取文件成功
2017-01-10T05:45:38: 读取文件成功
2017-01-10T05:45:48: 读取文件成功
2017-01-10T05:45:58: 读取文件成功
2017-01-10T05:46:08: 读取文件成功
2017-01-10T05:46:18: 读取文件成功
2017-01-10T05:46:28: 读取文件成功
2017-01-10T05:46:38: 读取文件成功
2017-01-10T05:46:48: 读取文件成功
2017-01-10T05:46:58: 读取文件成功
2017-01-10T05:47:08: 读取文件成功
2017-01-10T05:47:18: 读取文件成功
2017-01-10T05:47:28: 读取文件成功
2017-01-10T05:47:38: 读取文件成功
2017-01-10T05:47:48: 读取文件成功
2017-01-10T05:47:58: 读取文件成功
2017-01-10T05:48:08: 读取文件成功
2017-01-10T05:48:18: 读取文件成功
2017-01-10T05:48:28: 读取文件成功
2017-01-10T05:48:38: 读取文件成功
2017-01-10T05:48:48: 读取文件成功
2017-01-10T05:48:58: 读取文件成功
2017-01-10T05:49:08: 读取文件成功
2017-01-10T05:49:18: 读取文件成功
2017-01-10T05:49:28: 读取文件成功
2017-01-10T05:49:38: 读取文件成功
2017-01-10T05:49:48: 读取文件成功
2017-01-10T05:49:58: 读取文件成功
2017-01-10T05:50:08: 读取文件成功
2017-01-10T05:50:18: 读取文件成功
2017-01-10T05:50:28: 读取文件成功
2017-01-10T05:50:38: 读取文件成功
2017-01-10T05:50:48: 读取文件成功
2017-01-10T05:50:58: 读取文件成功
2017-01-10T05:51:08: 读取文件成功
2017-01-10T05:51:18: 读取文件成功
2017-01-10T05:51:28: 读取文件成功
2017-01-10T05:51:38: 读取文件成功
2017-01-10T05:51:48: 读取文件成功
2017-01-10T05:51:58: 读取文件成功
2017-01-10T05:52:08: 读取文件成功
2017-01-10T05:52:18: 读取文件成功
2017-01-10T05:52:28: 读取文件成功
2017-01-10T05:52:38: 读取文件成功
2017-01-10T05:52:48: 读取文件成功
2017-01-10T05:52:58: 读取文件成功
2017-01-10T05:53:08: 读取文件成功
2017-01-10T05:53:18: 读取文件成功
2017-01-10T05:53:28: 读取文件成功
2017-01-10T05:53:38: 读取文件成功
2017-01-10T05:53:48: 读取文件成功
2017-01-10T05:53:58: 读取文件成功
2017-01-10T05:54:08: 读取文件成功
2017-01-10T05:54:18: 读取文件成功
2017-01-10T05:54:29: 读取文件成功
2017-01-10T05:54:38: 读取文件成功
2017-01-10T05:54:48: 读取文件成功
2017-01-10T05:54:58: 读取文件成功
2017-01-10T05:55:08: 读取文件成功
2017-01-10T05:55:18: 读取文件成功
2017-01-10T05:55:28: 读取文件成功
2017-01-10T05:55:38: 读取文件成功
2017-01-10T05:55:49: 读取文件成功
2017-01-10T05:55:59: 读取文件成功
2017-01-10T05:56:08: 读取文件成功
2017-01-10T05:56:18: 读取文件成功
2017-01-10T05:56:28: 读取文件成功
2017-01-10T05:56:38: 读取文件成功
2017-01-10T05:56:48: 读取文件成功
2017-01-10T05:56:58: 读取文件成功
2017-01-10T05:57:08: 读取文件成功
2017-01-10T05:57:19: 读取文件成功
2017-01-10T05:57:29: 读取文件成功
2017-01-10T05:57:39: 读取文件成功
2017-01-10T05:57:49: 读取文件成功
2017-01-10T05:57:59: 读取文件成功
2017-01-10T05:58:09: 读取文件成功
2017-01-10T05:58:19: 读取文件成功
2017-01-10T05:58:29: 读取文件成功
2017-01-10T05:58:39: 读取文件成功
2017-01-10T05:58:49: 读取文件成功
2017-01-10T05:58:59: 读取文件成功
2017-01-10T05:59:09: 读取文件成功
2017-01-10T05:59:19: 读取文件成功
2017-01-10T05:59:29: 读取文件成功
2017-01-10T05:59:39: 读取文件成功
2017-01-10T05:59:49: 读取文件成功
2017-01-10T05:59:59: 读取文件成功
2017-01-10T06:00:09: 读取文件成功
2017-01-10T06:00:19: 读取文件成功
2017-01-10T06:00:29: 读取文件成功
2017-01-10T06:00:39: 读取文件成功
2017-01-10T06:00:49: 读取文件成功
2017-01-10T06:00:59: 读取文件成功
2017-01-10T06:01:09: 读取文件成功
2017-01-10T06:01:19: 读取文件成功
2017-01-10T06:01:29: 读取文件成功
2017-01-10T06:01:39: 读取文件成功
2017-01-10T06:01:49: 读取文件成功
2017-01-10T06:01:59: 读取文件成功
2017-01-10T06:02:09: 读取文件成功
2017-01-10T06:02:19: 读取文件成功
2017-01-10T06:02:29: 读取文件成功
2017-01-10T06:02:39: 读取文件成功
2017-01-10T06:02:49: 读取文件成功
2017-01-10T06:02:59: 读取文件成功
2017-01-10T06:03:09: 读取文件成功
2017-01-10T06:03:19: 读取文件成功
2017-01-10T06:03:29: 读取文件成功
2017-01-10T06:03:39: 读取文件成功
2017-01-10T06:03:49: 读取文件成功
2017-01-10T06:03:59: 读取文件成功
2017-01-10T06:04:09: 读取文件成功
2017-01-10T06:04:19: 读取文件成功
2017-01-10T06:04:29: 读取文件成功
2017-01-10T06:04:39: 读取文件成功
2017-01-10T06:04:49: 读取文件成功
2017-01-10T06:04:59: 读取文件成功
2017-01-10T06:05:09: 读取文件成功
2017-01-10T06:05:19: 读取文件成功
2017-01-10T06:05:29: 读取文件成功
2017-01-10T06:05:39: 读取文件成功
2017-01-10T06:05:49: 读取文件成功
2017-01-10T06:05:59: 读取文件成功
2017-01-10T06:06:09: 读取文件成功
2017-01-10T06:06:19: 读取文件成功
2017-01-10T06:06:29: 读取文件成功
2017-01-10T06:06:39: 读取文件成功
2017-01-10T06:06:49: 读取文件成功
2017-01-10T06:06:59: 读取文件成功
2017-01-10T06:07:09: 读取文件成功
2017-01-10T06:07:19: 读取文件成功
2017-01-10T06:07:29: 读取文件成功
2017-01-10T06:07:39: 读取文件成功
2017-01-10T06:07:49: 读取文件成功
2017-01-10T06:07:59: 读取文件成功
2017-01-10T06:08:09: 读取文件成功
2017-01-10T06:08:19: 读取文件成功
2017-01-10T06:08:29: 读取文件成功
2017-01-10T06:08:39: 读取文件成功
2017-01-10T06:08:49: 读取文件成功
2017-01-10T06:08:59: 读取文件成功
2017-01-10T06:09:09: 读取文件成功
2017-01-10T06:09:19: 读取文件成功
2017-01-10T06:09:29: 读取文件成功
2017-01-10T06:09:39: 读取文件成功
2017-01-10T06:09:49: 读取文件成功
2017-01-10T06:09:59: 读取文件成功
2017-01-10T06:10:09: 读取文件成功
2017-01-10T06:10:19: 读取文件成功
2017-01-10T06:10:29: 读取文件成功
2017-01-10T06:10:39: 读取文件成功
2017-01-10T06:10:49: 读取文件成功
2017-01-10T06:10:59: 读取文件成功
2017-01-10T06:11:09: 读取文件成功
2017-01-10T06:11:19: 读取文件成功
2017-01-10T06:11:29: 读取文件成功
2017-01-10T06:11:39: 读取文件成功
2017-01-10T06:11:49: 读取文件成功
2017-01-10T06:11:59: 读取文件成功
2017-01-10T06:12:09: 读取文件成功
2017-01-10T06:12:19: 读取文件成功
2017-01-10T06:12:29: 读取文件成功
2017-01-10T06:12:39: 读取文件成功
2017-01-10T06:12:49: 读取文件成功
2017-01-10T06:12:59: 读取文件成功
2017-01-10T06:13:10: 读取文件成功
2017-01-10T06:13:19: 读取文件成功
2017-01-10T06:13:29: 读取文件成功
2017-01-10T06:13:39: 读取文件成功
2017-01-10T06:13:49: 读取文件成功
2017-01-10T06:13:59: 读取文件成功
2017-01-10T06:14:09: 读取文件成功
2017-01-10T06:14:20: 读取文件成功
2017-01-10T06:14:30: 读取文件成功
2017-01-10T06:14:40: 读取文件成功
2017-01-10T06:14:50: 读取文件成功
2017-01-10T06:15:00: 读取文件成功
2017-01-10T06:15:10: 读取文件成功
2017-01-10T06:15:20: 读取文件成功
2017-01-10T06:15:30: 读取文件成功
2017-01-10T06:15:40: 读取文件成功
2017-01-10T06:15:50: 读取文件成功
2017-01-10T06:16:00: 读取文件成功
2017-01-10T06:16:10: 读取文件成功
2017-01-10T06:16:20: 读取文件成功
2017-01-10T06:16:30: 读取文件成功
2017-01-10T06:16:40: 读取文件成功
2017-01-10T06:16:50: 读取文件成功
2017-01-10T06:17:00: 读取文件成功
2017-01-10T06:17:10: 读取文件成功
2017-01-10T06:17:20: 读取文件成功
2017-01-10T06:17:30: 读取文件成功
2017-01-10T06:17:40: 读取文件成功
2017-01-10T06:17:50: 读取文件成功
2017-01-10T06:18:00: 读取文件成功
2017-01-10T06:18:10: 读取文件成功
2017-01-10T06:18:20: 读取文件成功
2017-01-10T06:18:30: 读取文件成功
2017-01-10T06:18:40: 读取文件成功
2017-01-10T06:18:50: 读取文件成功
2017-01-10T06:19:00: 读取文件成功
2017-01-10T06:19:10: 读取文件成功
2017-01-10T06:19:20: 读取文件成功
2017-01-10T06:19:30: 读取文件成功
2017-01-10T06:19:40: 读取文件成功
2017-01-10T06:19:50: 读取文件成功
2017-01-10T06:20:00: 读取文件成功
2017-01-10T06:20:10: 读取文件成功
2017-01-10T06:20:20: 读取文件成功
2017-01-10T06:20:30: 读取文件成功
2017-01-10T06:20:40: 读取文件成功
2017-01-10T06:20:50: 读取文件成功
2017-01-10T06:21:00: 读取文件成功
2017-01-10T06:21:10: 读取文件成功
2017-01-10T06:21:20: 读取文件成功
2017-01-10T06:21:30: 读取文件成功
2017-01-10T06:21:40: 读取文件成功
2017-01-10T06:21:50: 读取文件成功
2017-01-10T06:22:00: 读取文件成功
2017-01-10T06:22:10: 读取文件成功
2017-01-10T06:22:20: 读取文件成功
2017-01-10T06:22:30: 读取文件成功
2017-01-10T06:22:40: 读取文件成功
2017-01-10T06:22:50: 读取文件成功
2017-01-10T06:23:00: 读取文件成功
2017-01-10T06:23:10: 读取文件成功
2017-01-10T06:23:20: 读取文件成功
2017-01-10T06:23:30: 读取文件成功
2017-01-10T06:23:40: 读取文件成功
2017-01-10T06:23:50: 读取文件成功
2017-01-10T06:24:00: 读取文件成功
2017-01-10T06:24:14: 读取文件成功
2017-01-10T06:24:20: 读取文件成功
2017-01-10T06:24:30: 读取文件成功
2017-01-10T06:24:40: 读取文件成功
2017-01-10T06:24:50: 读取文件成功
2017-01-10T06:25:00: 读取文件成功
2017-01-10T06:25:10: 读取文件成功
2017-01-10T06:25:20: 读取文件成功
2017-01-10T06:25:30: 读取文件成功
2017-01-10T06:25:40: 读取文件成功
2017-01-10T06:25:50: 读取文件成功
2017-01-10T06:26:00: 读取文件成功
2017-01-10T06:26:10: 读取文件成功
2017-01-10T06:26:20: 读取文件成功
2017-01-10T06:26:30: 读取文件成功
2017-01-10T06:26:40: 读取文件成功
2017-01-10T06:26:50: 读取文件成功
2017-01-10T06:27:00: 读取文件成功
2017-01-10T06:27:10: 读取文件成功
2017-01-10T06:27:20: 读取文件成功
2017-01-10T06:27:30: 读取文件成功
2017-01-10T06:27:40: 读取文件成功
2017-01-10T06:27:50: 读取文件成功
2017-01-10T06:28:00: 读取文件成功
2017-01-10T06:28:10: 读取文件成功
2017-01-10T06:28:20: 读取文件成功
2017-01-10T06:28:31: 读取文件成功
2017-01-10T06:28:40: 读取文件成功
2017-01-10T06:28:50: 读取文件成功
2017-01-10T06:29:00: 读取文件成功
2017-01-10T06:29:10: 读取文件成功
2017-01-10T06:29:20: 读取文件成功
2017-01-10T06:29:30: 读取文件成功
2017-01-10T06:29:40: 读取文件成功
2017-01-10T06:29:50: 读取文件成功
2017-01-10T06:30:00: 读取文件成功
2017-01-10T06:30:10: 读取文件成功
2017-01-10T06:30:20: 读取文件成功
2017-01-10T06:30:31: 读取文件成功
2017-01-10T06:30:41: 读取文件成功
2017-01-10T06:30:51: 读取文件成功
2017-01-10T06:31:01: 读取文件成功
2017-01-10T06:31:11: 读取文件成功
2017-01-10T06:31:21: 读取文件成功
2017-01-10T06:31:31: 读取文件成功
2017-01-10T06:31:41: 读取文件成功
2017-01-10T06:31:51: 读取文件成功
2017-01-10T06:32:01: 读取文件成功
2017-01-10T06:32:11: 读取文件成功
2017-01-10T06:32:21: 读取文件成功
2017-01-10T06:32:31: 读取文件成功
2017-01-10T06:32:41: 读取文件成功
2017-01-10T06:32:51: 读取文件成功
2017-01-10T06:33:01: 读取文件成功
2017-01-10T06:33:11: 读取文件成功
2017-01-10T06:33:21: 读取文件成功
2017-01-10T06:33:31: 读取文件成功
2017-01-10T06:33:41: 读取文件成功
2017-01-10T06:33:51: 读取文件成功
2017-01-10T06:34:01: 读取文件成功
2017-01-10T06:34:11: 读取文件成功
2017-01-10T06:34:21: 读取文件成功
2017-01-10T06:34:31: 读取文件成功
2017-01-10T06:34:41: 读取文件成功
2017-01-10T06:34:51: 读取文件成功
2017-01-10T06:35:01: 读取文件成功
2017-01-10T06:35:11: 读取文件成功
2017-01-10T06:35:21: 读取文件成功
2017-01-10T06:35:31: 读取文件成功
2017-01-10T06:35:41: 读取文件成功
2017-01-10T06:35:51: 读取文件成功
2017-01-10T06:36:01: 读取文件成功
2017-01-10T06:36:11: 读取文件成功
2017-01-10T06:36:21: 读取文件成功
2017-01-10T06:36:31: 读取文件成功
2017-01-10T06:36:41: 读取文件成功
2017-01-10T06:36:51: 读取文件成功
2017-01-10T06:37:01: 读取文件成功
2017-01-10T06:37:11: 读取文件成功
2017-01-10T06:37:21: 读取文件成功
2017-01-10T06:37:31: 读取文件成功
2017-01-10T06:37:41: 读取文件成功
2017-01-10T06:37:51: 读取文件成功
2017-01-10T06:38:01: 读取文件成功
2017-01-10T06:38:11: 读取文件成功
2017-01-10T06:38:21: 读取文件成功
2017-01-10T06:38:31: 读取文件成功
2017-01-10T06:38:41: 读取文件成功
2017-01-10T06:38:51: 读取文件成功
2017-01-10T06:39:01: 读取文件成功
2017-01-10T06:39:11: 读取文件成功
2017-01-10T06:39:21: 读取文件成功
2017-01-10T06:39:31: 读取文件成功
2017-01-10T06:39:41: 读取文件成功
2017-01-10T06:39:51: 读取文件成功
2017-01-10T06:40:01: 读取文件成功
2017-01-10T06:40:11: 读取文件成功
2017-01-10T06:40:21: 读取文件成功
2017-01-10T06:40:31: 读取文件成功
2017-01-10T06:40:41: 读取文件成功
2017-01-10T06:40:51: 读取文件成功
2017-01-10T06:41:01: 读取文件成功
2017-01-10T06:41:11: 读取文件成功
2017-01-10T06:41:21: 读取文件成功
2017-01-10T06:41:31: 读取文件成功
2017-01-10T06:41:41: 读取文件成功
2017-01-10T06:41:51: 读取文件成功
2017-01-10T06:42:01: 读取文件成功
2017-01-10T06:42:11: 读取文件成功
2017-01-10T06:42:21: 读取文件成功
2017-01-10T06:42:31: 读取文件成功
2017-01-10T06:42:41: 读取文件成功
2017-01-10T06:42:51: 读取文件成功
2017-01-10T06:43:01: 读取文件成功
2017-01-10T06:43:11: 读取文件成功
2017-01-10T06:43:21: 读取文件成功
2017-01-10T06:43:31: 读取文件成功
2017-01-10T06:43:41: 读取文件成功
2017-01-10T06:43:51: 读取文件成功
2017-01-10T06:44:01: 读取文件成功
2017-01-10T06:44:11: 读取文件成功
2017-01-10T06:44:21: 读取文件成功
2017-01-10T06:44:31: 读取文件成功
2017-01-10T06:44:41: 读取文件成功
2017-01-10T06:44:51: 读取文件成功
2017-01-10T06:45:01: 读取文件成功
2017-01-10T06:45:11: 读取文件成功
2017-01-10T06:45:21: 读取文件成功
2017-01-10T06:45:31: 读取文件成功
2017-01-10T06:45:41: 读取文件成功
2017-01-10T06:45:51: 读取文件成功
2017-01-10T06:46:01: 读取文件成功
2017-01-10T06:46:11: 读取文件成功
2017-01-10T06:46:21: 读取文件成功
2017-01-10T06:46:31: 读取文件成功
2017-01-10T06:46:41: 读取文件成功
2017-01-10T06:46:51: 读取文件成功
2017-01-10T06:47:02: 读取文件成功
2017-01-10T06:47:11: 读取文件成功
2017-01-10T06:47:21: 读取文件成功
2017-01-10T06:47:32: 读取文件成功
2017-01-10T06:47:42: 读取文件成功
2017-01-10T06:47:52: 读取文件成功
2017-01-10T06:48:02: 读取文件成功
2017-01-10T06:48:12: 读取文件成功
2017-01-10T06:48:22: 读取文件成功
2017-01-10T06:48:32: 读取文件成功
2017-01-10T06:48:42: 读取文件成功
2017-01-10T06:48:52: 读取文件成功
2017-01-10T06:49:02: 读取文件成功
2017-01-10T06:49:12: 读取文件成功
2017-01-10T06:49:22: 读取文件成功
2017-01-10T06:49:32: 读取文件成功
2017-01-10T06:49:42: 读取文件成功
2017-01-10T06:49:52: 读取文件成功
2017-01-10T06:50:02: 读取文件成功
2017-01-10T06:50:12: 读取文件成功
2017-01-10T06:50:22: 读取文件成功
2017-01-10T06:50:32: 读取文件成功
2017-01-10T06:50:42: 读取文件成功
2017-01-10T06:50:52: 读取文件成功
2017-01-10T06:51:02: 读取文件成功
2017-01-10T06:51:12: 读取文件成功
2017-01-10T06:51:22: 读取文件成功
2017-01-10T06:51:32: 读取文件成功
2017-01-10T06:51:42: 读取文件成功
2017-01-10T06:51:52: 读取文件成功
2017-01-10T06:52:02: 读取文件成功
2017-01-10T06:52:12: 读取文件成功
2017-01-10T06:52:22: 读取文件成功
2017-01-10T06:52:32: 读取文件成功
2017-01-10T06:52:42: 读取文件成功
2017-01-10T06:52:52: 读取文件成功
2017-01-10T06:53:02: 读取文件成功
2017-01-10T06:53:12: 读取文件成功
2017-01-10T06:53:22: 读取文件成功
2017-01-10T06:53:32: 读取文件成功
2017-01-10T06:53:42: 读取文件成功
2017-01-10T06:53:52: 读取文件成功
2017-01-10T06:54:02: 读取文件成功
2017-01-10T06:54:12: 读取文件成功
2017-01-10T06:54:22: 读取文件成功
2017-01-10T06:54:32: 读取文件成功
2017-01-10T06:54:42: 读取文件成功
2017-01-10T06:54:52: 读取文件成功
2017-01-10T06:55:02: 读取文件成功
2017-01-10T06:55:12: 读取文件成功
2017-01-10T06:55:22: 读取文件成功
2017-01-10T06:55:32: 读取文件成功
2017-01-10T06:55:42: 读取文件成功
2017-01-10T06:55:52: 读取文件成功
2017-01-10T06:56:02: 读取文件成功
2017-01-10T06:56:12: 读取文件成功
2017-01-10T06:56:22: 读取文件成功
2017-01-10T06:56:32: 读取文件成功
2017-01-10T06:56:42: 读取文件成功
2017-01-10T06:56:52: 读取文件成功
2017-01-10T06:57:02: 读取文件成功
2017-01-10T06:57:12: 读取文件成功
2017-01-10T06:57:22: 读取文件成功
2017-01-10T06:57:32: 读取文件成功
2017-01-10T06:57:42: 读取文件成功
2017-01-10T06:57:52: 读取文件成功
2017-01-10T06:58:02: 读取文件成功
2017-01-10T06:58:12: 读取文件成功
2017-01-10T06:58:22: 读取文件成功
2017-01-10T06:58:32: 读取文件成功
2017-01-10T06:58:42: 读取文件成功
2017-01-10T06:58:52: 读取文件成功
2017-01-10T06:59:02: 读取文件成功
2017-01-10T06:59:12: 读取文件成功
2017-01-10T06:59:22: 读取文件成功
2017-01-10T06:59:32: 读取文件成功
2017-01-10T06:59:42: 读取文件成功
2017-01-10T06:59:52: 读取文件成功
2017-01-10T07:00:02: 读取文件成功
2017-01-10T07:00:12: 读取文件成功
2017-01-10T07:00:22: 读取文件成功
2017-01-10T07:00:32: 读取文件成功
2017-01-10T07:00:42: 读取文件成功
2017-01-10T07:00:52: 读取文件成功
2017-01-10T07:01:02: 读取文件成功
2017-01-10T07:01:12: 读取文件成功
2017-01-10T07:01:22: 读取文件成功
2017-01-10T07:01:32: 读取文件成功
2017-01-10T07:01:42: 读取文件成功
2017-01-10T07:01:52: 读取文件成功
2017-01-10T07:02:02: 读取文件成功
2017-01-10T07:02:12: 读取文件成功
2017-01-10T07:02:22: 读取文件成功
2017-01-10T07:02:32: 读取文件成功
2017-01-10T07:02:42: 读取文件成功
2017-01-10T07:02:52: 读取文件成功
2017-01-10T07:03:02: 读取文件成功
2017-01-10T07:03:12: 读取文件成功
2017-01-10T07:03:23: 读取文件成功
2017-01-10T07:03:33: 读取文件成功
2017-01-10T07:03:43: 读取文件成功
2017-01-10T07:03:53: 读取文件成功
2017-01-10T07:04:03: 读取文件成功
2017-01-10T07:04:13: 读取文件成功
2017-01-10T07:04:23: 读取文件成功
2017-01-10T07:04:33: 读取文件成功
2017-01-10T07:04:43: 读取文件成功
2017-01-10T07:04:53: 读取文件成功
2017-01-10T07:05:03: 读取文件成功
2017-01-10T07:05:13: 读取文件成功
2017-01-10T07:05:23: 读取文件成功
2017-01-10T07:05:33: 读取文件成功
2017-01-10T07:05:43: 读取文件成功
2017-01-10T07:05:53: 读取文件成功
2017-01-10T07:06:03: 读取文件成功
2017-01-10T07:06:13: 读取文件成功
2017-01-10T07:06:23: 读取文件成功
2017-01-10T07:06:33: 读取文件成功
2017-01-10T07:06:43: 读取文件成功
2017-01-10T07:06:53: 读取文件成功
2017-01-10T07:07:03: 读取文件成功
2017-01-10T07:07:13: 读取文件成功
2017-01-10T07:07:23: 读取文件成功
2017-01-10T07:07:33: 读取文件成功
2017-01-10T07:07:43: 读取文件成功
2017-01-10T07:07:53: 读取文件成功
2017-01-10T07:08:03: 读取文件成功
2017-01-10T07:08:13: 读取文件成功
2017-01-10T07:08:23: 读取文件成功
2017-01-10T07:08:33: 读取文件成功
2017-01-10T07:08:43: 读取文件成功
2017-01-10T07:08:53: 读取文件成功
2017-01-10T07:09:03: 读取文件成功
2017-01-10T07:09:13: 读取文件成功
2017-01-10T07:09:23: 读取文件成功
2017-01-10T07:09:33: 读取文件成功
2017-01-10T07:09:43: 读取文件成功
2017-01-10T07:09:53: 读取文件成功
2017-01-10T07:10:03: 读取文件成功
2017-01-10T07:10:13: 读取文件成功
2017-01-10T07:10:23: 读取文件成功
2017-01-10T07:10:33: 读取文件成功
2017-01-10T07:10:43: 读取文件成功
2017-01-10T07:10:53: 读取文件成功
2017-01-10T07:11:03: 读取文件成功
2017-01-10T07:11:13: 读取文件成功
2017-01-10T07:11:23: 读取文件成功
2017-01-10T07:11:33: 读取文件成功
2017-01-10T07:11:43: 读取文件成功
2017-01-10T07:11:53: 读取文件成功
2017-01-10T07:12:03: 读取文件成功
2017-01-10T07:12:13: 读取文件成功
2017-01-10T07:12:23: 读取文件成功
2017-01-10T07:12:33: 读取文件成功
2017-01-10T07:12:43: 读取文件成功
2017-01-10T07:12:53: 读取文件成功
2017-01-10T07:13:03: 读取文件成功
2017-01-10T07:13:13: 读取文件成功
2017-01-10T07:13:23: 读取文件成功
2017-01-10T07:13:33: 读取文件成功
2017-01-10T07:13:43: 读取文件成功
2017-01-10T07:13:53: 读取文件成功
2017-01-10T07:14:03: 读取文件成功
2017-01-10T07:14:13: 读取文件成功
2017-01-10T07:14:23: 读取文件成功
2017-01-10T07:14:33: 读取文件成功
2017-01-10T07:14:43: 读取文件成功
2017-01-10T07:14:53: 读取文件成功
2017-01-10T07:15:03: 读取文件成功
2017-01-10T07:15:13: 读取文件成功
2017-01-10T07:15:23: 读取文件成功
2017-01-10T07:15:33: 读取文件成功
2017-01-10T07:15:43: 读取文件成功
2017-01-10T07:15:53: 读取文件成功
2017-01-10T07:16:03: 读取文件成功
2017-01-10T07:16:13: 读取文件成功
2017-01-10T07:16:23: 读取文件成功
2017-01-10T07:16:33: 读取文件成功
2017-01-10T07:16:43: 读取文件成功
2017-01-10T07:16:53: 读取文件成功
2017-01-10T07:17:03: 读取文件成功
2017-01-10T07:17:13: 读取文件成功
2017-01-10T07:17:23: 读取文件成功
2017-01-10T07:17:33: 读取文件成功
2017-01-10T07:17:43: 读取文件成功
2017-01-10T07:17:53: 读取文件成功
2017-01-10T07:18:03: 读取文件成功
2017-01-10T07:18:13: 读取文件成功
2017-01-10T07:18:23: 读取文件成功
2017-01-10T07:18:33: 读取文件成功
2017-01-10T07:18:43: 读取文件成功
2017-01-10T07:18:53: 读取文件成功
2017-01-10T07:19:03: 读取文件成功
2017-01-10T07:19:13: 读取文件成功
2017-01-10T07:19:23: 读取文件成功
2017-01-10T07:19:34: 读取文件成功
2017-01-10T07:19:44: 读取文件成功
2017-01-10T07:19:54: 读取文件成功
2017-01-10T07:20:04: 读取文件成功
2017-01-10T07:20:14: 读取文件成功
2017-01-10T07:20:24: 读取文件成功
2017-01-10T07:20:34: 读取文件成功
2017-01-10T07:20:44: 读取文件成功
2017-01-10T07:20:54: 读取文件成功
2017-01-10T07:21:04: 读取文件成功
2017-01-10T07:21:14: 读取文件成功
2017-01-10T07:21:24: 读取文件成功
2017-01-10T07:21:34: 读取文件成功
2017-01-10T07:21:44: 读取文件成功
2017-01-10T07:21:54: 读取文件成功
2017-01-10T07:22:04: 读取文件成功
2017-01-10T07:22:14: 读取文件成功
2017-01-10T07:22:24: 读取文件成功
2017-01-10T07:22:34: 读取文件成功
2017-01-10T07:22:44: 读取文件成功
2017-01-10T07:22:54: 读取文件成功
2017-01-10T07:23:04: 读取文件成功
2017-01-10T07:23:14: 读取文件成功
2017-01-10T07:23:24: 读取文件成功
2017-01-10T07:23:34: 读取文件成功
2017-01-10T07:23:44: 读取文件成功
2017-01-10T07:23:54: 读取文件成功
2017-01-10T07:24:04: 读取文件成功
2017-01-10T07:24:14: 读取文件成功
2017-01-10T07:24:24: 读取文件成功
2017-01-10T07:24:34: 读取文件成功
2017-01-10T07:24:44: 读取文件成功
2017-01-10T07:24:54: 读取文件成功
2017-01-10T07:25:04: 读取文件成功
2017-01-10T07:25:14: 读取文件成功
2017-01-10T07:25:24: 读取文件成功
2017-01-10T07:25:34: 读取文件成功
2017-01-10T07:25:44: 读取文件成功
2017-01-10T07:25:54: 读取文件成功
2017-01-10T07:26:04: 读取文件成功
2017-01-10T07:26:14: 读取文件成功
2017-01-10T07:26:24: 读取文件成功
2017-01-10T07:26:34: 读取文件成功
2017-01-10T07:26:44: 读取文件成功
2017-01-10T07:26:54: 读取文件成功
2017-01-10T07:27:04: 读取文件成功
2017-01-10T07:27:14: 读取文件成功
2017-01-10T07:27:24: 读取文件成功
2017-01-10T07:27:34: 读取文件成功
2017-01-10T07:27:44: 读取文件成功
2017-01-10T07:27:54: 读取文件成功
2017-01-10T07:28:04: 读取文件成功
2017-01-10T07:28:14: 读取文件成功
2017-01-10T07:28:24: 读取文件成功
2017-01-10T07:28:34: 读取文件成功
2017-01-10T07:28:44: 读取文件成功
2017-01-10T07:28:54: 读取文件成功
2017-01-10T07:29:04: 读取文件成功
2017-01-10T07:29:14: 读取文件成功
2017-01-10T07:29:24: 读取文件成功
2017-01-10T07:29:34: 读取文件成功
2017-01-10T07:29:44: 读取文件成功
2017-01-10T07:29:54: 读取文件成功
2017-01-10T07:30:04: 读取文件成功
2017-01-10T07:30:14: 读取文件成功
2017-01-10T07:30:24: 读取文件成功
2017-01-10T07:30:34: 读取文件成功
2017-01-10T07:30:44: 读取文件成功
2017-01-10T07:30:54: 读取文件成功
2017-01-10T07:31:04: 读取文件成功
2017-01-10T07:31:14: 读取文件成功
2017-01-10T07:31:24: 读取文件成功
2017-01-10T07:31:34: 读取文件成功
2017-01-10T07:31:44: 读取文件成功
2017-01-10T07:31:54: 读取文件成功
2017-01-10T07:32:04: 读取文件成功
2017-01-10T07:32:14: 读取文件成功
2017-01-10T07:32:24: 读取文件成功
2017-01-10T07:32:34: 读取文件成功
2017-01-10T07:32:44: 读取文件成功
2017-01-10T07:32:54: 读取文件成功
2017-01-10T07:33:04: 读取文件成功
2017-01-10T07:33:14: 读取文件成功
2017-01-10T07:33:24: 读取文件成功
2017-01-10T07:33:34: 读取文件成功
2017-01-10T07:33:44: 读取文件成功
2017-01-10T07:33:54: 读取文件成功
2017-01-10T07:34:04: 读取文件成功
2017-01-10T07:34:14: 读取文件成功
2017-01-10T07:34:24: 读取文件成功
2017-01-10T07:34:34: 读取文件成功
2017-01-10T07:34:44: 读取文件成功
2017-01-10T07:34:54: 读取文件成功
2017-01-10T07:35:05: 读取文件成功
2017-01-10T07:35:14: 读取文件成功
2017-01-10T07:35:24: 读取文件成功
2017-01-10T07:35:34: 读取文件成功
2017-01-10T07:35:44: 读取文件成功
2017-01-10T07:35:54: 读取文件成功
2017-01-10T07:36:04: 读取文件成功
2017-01-10T07:36:14: 读取文件成功
2017-01-10T07:36:24: 读取文件成功
2017-01-10T07:36:34: 读取文件成功
2017-01-10T07:36:44: 读取文件成功
2017-01-10T07:36:55: 读取文件成功
2017-01-10T07:37:05: 读取文件成功
2017-01-10T07:37:15: 读取文件成功
2017-01-10T07:37:25: 读取文件成功
2017-01-10T07:37:35: 读取文件成功
2017-01-10T07:37:45: 读取文件成功
2017-01-10T07:37:55: 读取文件成功
2017-01-10T07:38:05: 读取文件成功
2017-01-10T07:38:15: 读取文件成功
2017-01-10T07:38:25: 读取文件成功
2017-01-10T07:38:35: 读取文件成功
2017-01-10T07:38:45: 读取文件成功
2017-01-10T07:38:55: 读取文件成功
2017-01-10T07:39:05: 读取文件成功
2017-01-10T07:39:15: 读取文件成功
2017-01-10T07:39:25: 读取文件成功
2017-01-10T07:39:35: 读取文件成功
2017-01-10T07:39:45: 读取文件成功
2017-01-10T07:39:55: 读取文件成功
2017-01-10T07:40:05: 读取文件成功
2017-01-10T07:40:15: 读取文件成功
2017-01-10T07:40:25: 读取文件成功
2017-01-10T07:40:35: 读取文件成功
2017-01-10T07:40:45: 读取文件成功
2017-01-10T07:40:55: 读取文件成功
2017-01-10T07:41:05: 读取文件成功
2017-01-10T07:41:15: 读取文件成功
2017-01-10T07:41:25: 读取文件成功
2017-01-10T07:41:35: 读取文件成功
2017-01-10T07:41:45: 读取文件成功
2017-01-10T07:41:55: 读取文件成功
2017-01-10T07:42:05: 读取文件成功
2017-01-10T07:42:15: 读取文件成功
2017-01-10T07:42:25: 读取文件成功
2017-01-10T07:42:35: 读取文件成功
2017-01-10T07:42:45: 读取文件成功
2017-01-10T07:42:55: 读取文件成功
2017-01-10T07:43:05: 读取文件成功
2017-01-10T07:43:15: 读取文件成功
2017-01-10T07:43:25: 读取文件成功
2017-01-10T07:43:35: 读取文件成功
2017-01-10T07:43:45: 读取文件成功
2017-01-10T07:43:55: 读取文件成功
2017-01-10T07:44:05: 读取文件成功
2017-01-10T07:44:15: 读取文件成功
2017-01-10T07:44:25: 读取文件成功
2017-01-10T07:44:35: 读取文件成功
2017-01-10T07:44:45: 读取文件成功
2017-01-10T07:44:55: 读取文件成功
2017-01-10T07:45:05: 读取文件成功
2017-01-10T07:45:15: 读取文件成功
2017-01-10T07:45:25: 读取文件成功
2017-01-10T07:45:35: 读取文件成功
2017-01-10T07:45:45: 读取文件成功
2017-01-10T07:45:55: 读取文件成功
2017-01-10T07:46:05: 读取文件成功
2017-01-10T07:46:15: 读取文件成功
2017-01-10T07:46:25: 读取文件成功
2017-01-10T07:46:35: 读取文件成功
2017-01-10T07:46:45: 读取文件成功
2017-01-10T07:46:55: 读取文件成功
2017-01-10T07:47:05: 读取文件成功
2017-01-10T07:47:15: 读取文件成功
2017-01-10T07:47:25: 读取文件成功
2017-01-10T07:47:35: 读取文件成功
2017-01-10T07:47:45: 读取文件成功
2017-01-10T07:47:55: 读取文件成功
2017-01-10T07:48:05: 读取文件成功
2017-01-10T07:48:15: 读取文件成功
2017-01-10T07:48:25: 读取文件成功
2017-01-10T07:48:35: 读取文件成功
2017-01-10T07:48:45: 读取文件成功
2017-01-10T07:48:55: 读取文件成功
2017-01-10T07:49:05: 读取文件成功
2017-01-10T07:49:15: 读取文件成功
2017-01-10T07:49:25: 读取文件成功
2017-01-10T07:49:35: 读取文件成功
2017-01-10T07:49:45: 读取文件成功
2017-01-10T07:49:55: 读取文件成功
2017-01-10T07:50:05: 读取文件成功
2017-01-10T07:50:15: 读取文件成功
2017-01-10T07:50:25: 读取文件成功
2017-01-10T07:50:35: 读取文件成功
2017-01-10T07:50:45: 读取文件成功
2017-01-10T07:50:55: 读取文件成功
2017-01-10T07:51:05: 读取文件成功
2017-01-10T07:51:15: 读取文件成功
2017-01-10T07:51:25: 读取文件成功
2017-01-10T07:51:36: 读取文件成功
2017-01-10T07:51:45: 读取文件成功
2017-01-10T07:51:55: 读取文件成功
2017-01-10T07:52:05: 读取文件成功
2017-01-10T07:52:15: 读取文件成功
2017-01-10T07:52:25: 读取文件成功
2017-01-10T07:52:35: 读取文件成功
2017-01-10T07:52:45: 读取文件成功
2017-01-10T07:52:55: 读取文件成功
2017-01-10T07:53:05: 读取文件成功
2017-01-10T07:53:15: 读取文件成功
2017-01-10T07:53:26: 读取文件成功
2017-01-10T07:53:36: 读取文件成功
2017-01-10T07:53:45: 读取文件成功
2017-01-10T07:53:56: 读取文件成功
2017-01-10T07:54:06: 读取文件成功
2017-01-10T07:54:16: 读取文件成功
2017-01-10T07:54:26: 读取文件成功
2017-01-10T07:54:36: 读取文件成功
2017-01-10T07:54:46: 读取文件成功
2017-01-10T07:54:56: 读取文件成功
2017-01-10T07:55:06: 读取文件成功
2017-01-10T07:55:16: 读取文件成功
2017-01-10T07:55:26: 读取文件成功
2017-01-10T07:55:36: 读取文件成功
2017-01-10T07:55:46: 读取文件成功
2017-01-10T07:55:56: 读取文件成功
2017-01-10T07:56:06: 读取文件成功
2017-01-10T07:56:16: 读取文件成功
2017-01-10T07:56:26: 读取文件成功
2017-01-10T07:56:36: 读取文件成功
2017-01-10T07:56:46: 读取文件成功
2017-01-10T07:56:56: 读取文件成功
2017-01-10T07:57:06: 读取文件成功
2017-01-10T07:57:16: 读取文件成功
2017-01-10T07:57:26: 读取文件成功
2017-01-10T07:57:36: 读取文件成功
2017-01-10T07:57:46: 读取文件成功
2017-01-10T07:57:56: 读取文件成功
2017-01-10T07:58:06: 读取文件成功
2017-01-10T07:58:16: 读取文件成功
2017-01-10T07:58:26: 读取文件成功
2017-01-10T07:58:36: 读取文件成功
2017-01-10T07:58:46: 读取文件成功
2017-01-10T07:58:56: 读取文件成功
2017-01-10T07:59:06: 读取文件成功
