2017-03-09T00:00:06: 非记录时间：2017-03-09T00:00:06+08:00
2017-03-09T00:00:16: 非记录时间：2017-03-09T00:00:16+08:00
2017-03-09T00:00:26: 非记录时间：2017-03-09T00:00:26+08:00
2017-03-09T00:00:36: 非记录时间：2017-03-09T00:00:36+08:00
2017-03-09T00:00:46: 非记录时间：2017-03-09T00:00:46+08:00
2017-03-09T00:00:56: 非记录时间：2017-03-09T00:00:56+08:00
2017-03-09T00:01:06: 非记录时间：2017-03-09T00:01:06+08:00
2017-03-09T00:01:16: 非记录时间：2017-03-09T00:01:16+08:00
2017-03-09T00:01:26: 非记录时间：2017-03-09T00:01:26+08:00
2017-03-09T00:01:36: 非记录时间：2017-03-09T00:01:36+08:00
2017-03-09T00:01:46: 非记录时间：2017-03-09T00:01:46+08:00
2017-03-09T00:01:57: 非记录时间：2017-03-09T00:01:57+08:00
2017-03-09T00:02:07: 非记录时间：2017-03-09T00:02:07+08:00
2017-03-09T00:02:17: 非记录时间：2017-03-09T00:02:17+08:00
2017-03-09T00:02:27: 非记录时间：2017-03-09T00:02:27+08:00
2017-03-09T00:02:37: 非记录时间：2017-03-09T00:02:37+08:00
2017-03-09T00:02:47: 非记录时间：2017-03-09T00:02:47+08:00
2017-03-09T00:02:57: 非记录时间：2017-03-09T00:02:57+08:00
2017-03-09T00:03:07: 非记录时间：2017-03-09T00:03:07+08:00
2017-03-09T00:03:17: 非记录时间：2017-03-09T00:03:17+08:00
2017-03-09T00:03:27: 非记录时间：2017-03-09T00:03:27+08:00
2017-03-09T00:03:37: 非记录时间：2017-03-09T00:03:37+08:00
2017-03-09T00:03:47: 非记录时间：2017-03-09T00:03:47+08:00
2017-03-09T00:03:57: 非记录时间：2017-03-09T00:03:57+08:00
2017-03-09T00:04:07: 非记录时间：2017-03-09T00:04:07+08:00
2017-03-09T00:04:17: 非记录时间：2017-03-09T00:04:17+08:00
2017-03-09T00:04:27: 非记录时间：2017-03-09T00:04:27+08:00
2017-03-09T00:04:37: 非记录时间：2017-03-09T00:04:37+08:00
2017-03-09T00:04:47: 非记录时间：2017-03-09T00:04:47+08:00
2017-03-09T00:04:57: 非记录时间：2017-03-09T00:04:57+08:00
2017-03-09T00:05:07: 非记录时间：2017-03-09T00:05:07+08:00
2017-03-09T00:05:17: 非记录时间：2017-03-09T00:05:17+08:00
2017-03-09T00:05:27: 非记录时间：2017-03-09T00:05:27+08:00
2017-03-09T00:05:37: 非记录时间：2017-03-09T00:05:37+08:00
2017-03-09T00:05:47: 非记录时间：2017-03-09T00:05:47+08:00
2017-03-09T00:05:57: 非记录时间：2017-03-09T00:05:57+08:00
2017-03-09T00:06:07: 非记录时间：2017-03-09T00:06:07+08:00
2017-03-09T00:06:17: 非记录时间：2017-03-09T00:06:17+08:00
2017-03-09T00:06:27: 非记录时间：2017-03-09T00:06:27+08:00
2017-03-09T00:06:37: 非记录时间：2017-03-09T00:06:37+08:00
2017-03-09T00:06:47: 非记录时间：2017-03-09T00:06:47+08:00
2017-03-09T00:06:57: 非记录时间：2017-03-09T00:06:57+08:00
2017-03-09T00:07:07: 非记录时间：2017-03-09T00:07:07+08:00
2017-03-09T00:07:17: 非记录时间：2017-03-09T00:07:17+08:00
2017-03-09T00:07:27: 非记录时间：2017-03-09T00:07:27+08:00
2017-03-09T00:07:37: 非记录时间：2017-03-09T00:07:37+08:00
2017-03-09T00:07:47: 非记录时间：2017-03-09T00:07:47+08:00
2017-03-09T00:07:57: 非记录时间：2017-03-09T00:07:57+08:00
2017-03-09T00:08:07: 非记录时间：2017-03-09T00:08:07+08:00
2017-03-09T00:08:17: 非记录时间：2017-03-09T00:08:17+08:00
2017-03-09T00:08:27: 非记录时间：2017-03-09T00:08:27+08:00
2017-03-09T00:08:37: 非记录时间：2017-03-09T00:08:37+08:00
2017-03-09T00:08:47: 非记录时间：2017-03-09T00:08:47+08:00
2017-03-09T00:08:57: 非记录时间：2017-03-09T00:08:57+08:00
2017-03-09T00:09:07: 非记录时间：2017-03-09T00:09:07+08:00
2017-03-09T00:09:17: 非记录时间：2017-03-09T00:09:17+08:00
2017-03-09T00:09:27: 非记录时间：2017-03-09T00:09:27+08:00
2017-03-09T00:09:37: 非记录时间：2017-03-09T00:09:37+08:00
2017-03-09T00:09:47: 非记录时间：2017-03-09T00:09:47+08:00
2017-03-09T00:09:57: 非记录时间：2017-03-09T00:09:57+08:00
2017-03-09T00:10:07: 非记录时间：2017-03-09T00:10:07+08:00
2017-03-09T00:10:17: 非记录时间：2017-03-09T00:10:17+08:00
2017-03-09T00:10:27: 非记录时间：2017-03-09T00:10:27+08:00
2017-03-09T00:10:37: 非记录时间：2017-03-09T00:10:37+08:00
2017-03-09T00:10:47: 非记录时间：2017-03-09T00:10:47+08:00
2017-03-09T00:10:57: 非记录时间：2017-03-09T00:10:57+08:00
2017-03-09T00:11:07: 非记录时间：2017-03-09T00:11:07+08:00
2017-03-09T00:11:17: 非记录时间：2017-03-09T00:11:17+08:00
2017-03-09T00:11:27: 非记录时间：2017-03-09T00:11:27+08:00
2017-03-09T00:11:37: 非记录时间：2017-03-09T00:11:37+08:00
2017-03-09T00:11:47: 非记录时间：2017-03-09T00:11:47+08:00
2017-03-09T00:11:57: 非记录时间：2017-03-09T00:11:57+08:00
2017-03-09T00:12:07: 非记录时间：2017-03-09T00:12:07+08:00
2017-03-09T00:12:17: 非记录时间：2017-03-09T00:12:17+08:00
2017-03-09T00:12:27: 非记录时间：2017-03-09T00:12:27+08:00
2017-03-09T00:12:37: 非记录时间：2017-03-09T00:12:37+08:00
2017-03-09T00:12:47: 非记录时间：2017-03-09T00:12:47+08:00
2017-03-09T00:12:57: 非记录时间：2017-03-09T00:12:57+08:00
2017-03-09T00:13:07: 非记录时间：2017-03-09T00:13:07+08:00
2017-03-09T00:13:17: 非记录时间：2017-03-09T00:13:17+08:00
2017-03-09T00:13:27: 非记录时间：2017-03-09T00:13:27+08:00
2017-03-09T00:13:37: 非记录时间：2017-03-09T00:13:37+08:00
2017-03-09T00:13:47: 非记录时间：2017-03-09T00:13:47+08:00
2017-03-09T00:13:57: 非记录时间：2017-03-09T00:13:57+08:00
2017-03-09T00:14:07: 非记录时间：2017-03-09T00:14:07+08:00
2017-03-09T00:14:17: 非记录时间：2017-03-09T00:14:17+08:00
2017-03-09T00:14:27: 非记录时间：2017-03-09T00:14:27+08:00
2017-03-09T00:14:37: 非记录时间：2017-03-09T00:14:37+08:00
2017-03-09T00:14:47: 非记录时间：2017-03-09T00:14:47+08:00
2017-03-09T00:14:57: 非记录时间：2017-03-09T00:14:57+08:00
2017-03-09T00:15:07: 非记录时间：2017-03-09T00:15:07+08:00
2017-03-09T00:15:17: 非记录时间：2017-03-09T00:15:17+08:00
2017-03-09T00:15:27: 非记录时间：2017-03-09T00:15:27+08:00
2017-03-09T00:15:37: 非记录时间：2017-03-09T00:15:37+08:00
2017-03-09T00:15:47: 非记录时间：2017-03-09T00:15:47+08:00
2017-03-09T00:15:57: 非记录时间：2017-03-09T00:15:57+08:00
2017-03-09T00:16:07: 非记录时间：2017-03-09T00:16:07+08:00
2017-03-09T00:16:17: 非记录时间：2017-03-09T00:16:17+08:00
2017-03-09T00:16:27: 非记录时间：2017-03-09T00:16:27+08:00
2017-03-09T00:16:37: 非记录时间：2017-03-09T00:16:37+08:00
2017-03-09T00:16:47: 非记录时间：2017-03-09T00:16:47+08:00
2017-03-09T00:16:57: 非记录时间：2017-03-09T00:16:57+08:00
2017-03-09T00:17:07: 非记录时间：2017-03-09T00:17:07+08:00
2017-03-09T00:17:17: 非记录时间：2017-03-09T00:17:17+08:00
2017-03-09T00:17:27: 非记录时间：2017-03-09T00:17:27+08:00
2017-03-09T00:17:37: 非记录时间：2017-03-09T00:17:37+08:00
2017-03-09T00:17:47: 非记录时间：2017-03-09T00:17:47+08:00
2017-03-09T00:17:57: 非记录时间：2017-03-09T00:17:57+08:00
2017-03-09T00:18:07: 非记录时间：2017-03-09T00:18:07+08:00
2017-03-09T00:18:17: 非记录时间：2017-03-09T00:18:17+08:00
2017-03-09T00:18:27: 非记录时间：2017-03-09T00:18:27+08:00
2017-03-09T00:18:37: 非记录时间：2017-03-09T00:18:37+08:00
2017-03-09T00:18:47: 非记录时间：2017-03-09T00:18:47+08:00
2017-03-09T00:18:57: 非记录时间：2017-03-09T00:18:57+08:00
2017-03-09T00:19:07: 非记录时间：2017-03-09T00:19:07+08:00
2017-03-09T00:19:17: 非记录时间：2017-03-09T00:19:17+08:00
2017-03-09T00:19:27: 非记录时间：2017-03-09T00:19:27+08:00
2017-03-09T00:19:37: 非记录时间：2017-03-09T00:19:37+08:00
2017-03-09T00:19:47: 非记录时间：2017-03-09T00:19:47+08:00
2017-03-09T00:19:57: 非记录时间：2017-03-09T00:19:57+08:00
2017-03-09T00:20:07: 非记录时间：2017-03-09T00:20:07+08:00
2017-03-09T00:20:17: 非记录时间：2017-03-09T00:20:17+08:00
2017-03-09T00:20:27: 非记录时间：2017-03-09T00:20:27+08:00
2017-03-09T00:20:37: 非记录时间：2017-03-09T00:20:37+08:00
2017-03-09T00:20:47: 非记录时间：2017-03-09T00:20:47+08:00
2017-03-09T00:20:57: 非记录时间：2017-03-09T00:20:57+08:00
2017-03-09T00:21:07: 非记录时间：2017-03-09T00:21:07+08:00
2017-03-09T00:21:17: 非记录时间：2017-03-09T00:21:17+08:00
2017-03-09T00:21:27: 非记录时间：2017-03-09T00:21:27+08:00
2017-03-09T00:21:37: 非记录时间：2017-03-09T00:21:37+08:00
2017-03-09T00:21:47: 非记录时间：2017-03-09T00:21:47+08:00
2017-03-09T00:21:57: 非记录时间：2017-03-09T00:21:57+08:00
2017-03-09T00:22:07: 非记录时间：2017-03-09T00:22:07+08:00
2017-03-09T00:22:17: 非记录时间：2017-03-09T00:22:17+08:00
2017-03-09T00:22:27: 非记录时间：2017-03-09T00:22:27+08:00
2017-03-09T00:22:37: 非记录时间：2017-03-09T00:22:37+08:00
2017-03-09T00:22:47: 非记录时间：2017-03-09T00:22:47+08:00
2017-03-09T00:22:57: 非记录时间：2017-03-09T00:22:57+08:00
2017-03-09T00:23:07: 非记录时间：2017-03-09T00:23:07+08:00
2017-03-09T00:23:17: 非记录时间：2017-03-09T00:23:17+08:00
2017-03-09T00:23:27: 非记录时间：2017-03-09T00:23:27+08:00
2017-03-09T00:23:37: 非记录时间：2017-03-09T00:23:37+08:00
2017-03-09T00:23:47: 非记录时间：2017-03-09T00:23:47+08:00
2017-03-09T00:23:57: 非记录时间：2017-03-09T00:23:57+08:00
2017-03-09T00:24:07: 非记录时间：2017-03-09T00:24:07+08:00
2017-03-09T00:24:17: 非记录时间：2017-03-09T00:24:17+08:00
2017-03-09T00:24:27: 非记录时间：2017-03-09T00:24:27+08:00
2017-03-09T00:24:37: 非记录时间：2017-03-09T00:24:37+08:00
2017-03-09T00:24:47: 非记录时间：2017-03-09T00:24:47+08:00
2017-03-09T00:24:57: 非记录时间：2017-03-09T00:24:57+08:00
2017-03-09T00:25:07: 非记录时间：2017-03-09T00:25:07+08:00
2017-03-09T00:25:17: 非记录时间：2017-03-09T00:25:17+08:00
2017-03-09T00:25:27: 非记录时间：2017-03-09T00:25:27+08:00
2017-03-09T00:25:37: 非记录时间：2017-03-09T00:25:37+08:00
2017-03-09T00:25:47: 非记录时间：2017-03-09T00:25:47+08:00
2017-03-09T00:25:57: 非记录时间：2017-03-09T00:25:57+08:00
2017-03-09T00:26:07: 非记录时间：2017-03-09T00:26:07+08:00
2017-03-09T00:26:17: 非记录时间：2017-03-09T00:26:17+08:00
2017-03-09T00:26:27: 非记录时间：2017-03-09T00:26:27+08:00
2017-03-09T00:26:37: 非记录时间：2017-03-09T00:26:37+08:00
2017-03-09T00:26:47: 非记录时间：2017-03-09T00:26:47+08:00
2017-03-09T00:26:57: 非记录时间：2017-03-09T00:26:57+08:00
2017-03-09T00:27:07: 非记录时间：2017-03-09T00:27:07+08:00
2017-03-09T00:27:17: 非记录时间：2017-03-09T00:27:17+08:00
2017-03-09T00:27:27: 非记录时间：2017-03-09T00:27:27+08:00
2017-03-09T00:27:37: 非记录时间：2017-03-09T00:27:37+08:00
2017-03-09T00:27:47: 非记录时间：2017-03-09T00:27:47+08:00
2017-03-09T00:27:57: 非记录时间：2017-03-09T00:27:57+08:00
2017-03-09T00:28:07: 非记录时间：2017-03-09T00:28:07+08:00
2017-03-09T00:28:17: 非记录时间：2017-03-09T00:28:17+08:00
2017-03-09T00:28:27: 非记录时间：2017-03-09T00:28:27+08:00
2017-03-09T00:28:37: 非记录时间：2017-03-09T00:28:37+08:00
2017-03-09T00:28:47: 非记录时间：2017-03-09T00:28:47+08:00
2017-03-09T00:28:57: 非记录时间：2017-03-09T00:28:57+08:00
2017-03-09T00:29:07: 非记录时间：2017-03-09T00:29:07+08:00
2017-03-09T00:29:17: 非记录时间：2017-03-09T00:29:17+08:00
2017-03-09T00:29:27: 非记录时间：2017-03-09T00:29:27+08:00
2017-03-09T00:29:37: 非记录时间：2017-03-09T00:29:37+08:00
2017-03-09T00:29:47: 非记录时间：2017-03-09T00:29:47+08:00
2017-03-09T00:29:57: 非记录时间：2017-03-09T00:29:57+08:00
2017-03-09T00:30:07: 非记录时间：2017-03-09T00:30:07+08:00
2017-03-09T00:30:17: 非记录时间：2017-03-09T00:30:17+08:00
2017-03-09T00:30:27: 非记录时间：2017-03-09T00:30:27+08:00
2017-03-09T00:30:37: 非记录时间：2017-03-09T00:30:37+08:00
2017-03-09T00:30:47: 非记录时间：2017-03-09T00:30:47+08:00
2017-03-09T00:30:57: 非记录时间：2017-03-09T00:30:57+08:00
2017-03-09T00:31:07: 非记录时间：2017-03-09T00:31:07+08:00
2017-03-09T00:31:17: 非记录时间：2017-03-09T00:31:17+08:00
2017-03-09T00:31:27: 非记录时间：2017-03-09T00:31:27+08:00
2017-03-09T00:31:37: 非记录时间：2017-03-09T00:31:37+08:00
2017-03-09T00:31:47: 非记录时间：2017-03-09T00:31:47+08:00
2017-03-09T00:31:57: 非记录时间：2017-03-09T00:31:57+08:00
2017-03-09T00:32:07: 非记录时间：2017-03-09T00:32:07+08:00
2017-03-09T00:32:17: 非记录时间：2017-03-09T00:32:17+08:00
2017-03-09T00:32:27: 非记录时间：2017-03-09T00:32:27+08:00
2017-03-09T00:32:37: 非记录时间：2017-03-09T00:32:37+08:00
2017-03-09T00:32:47: 非记录时间：2017-03-09T00:32:47+08:00
2017-03-09T00:32:57: 非记录时间：2017-03-09T00:32:57+08:00
2017-03-09T00:33:07: 非记录时间：2017-03-09T00:33:07+08:00
2017-03-09T00:33:17: 非记录时间：2017-03-09T00:33:17+08:00
2017-03-09T00:33:27: 非记录时间：2017-03-09T00:33:27+08:00
2017-03-09T00:33:37: 非记录时间：2017-03-09T00:33:37+08:00
2017-03-09T00:33:47: 非记录时间：2017-03-09T00:33:47+08:00
2017-03-09T00:33:57: 非记录时间：2017-03-09T00:33:57+08:00
2017-03-09T00:34:07: 非记录时间：2017-03-09T00:34:07+08:00
2017-03-09T00:34:17: 非记录时间：2017-03-09T00:34:17+08:00
2017-03-09T00:34:27: 非记录时间：2017-03-09T00:34:27+08:00
2017-03-09T00:34:37: 非记录时间：2017-03-09T00:34:37+08:00
2017-03-09T00:34:47: 非记录时间：2017-03-09T00:34:47+08:00
2017-03-09T00:34:57: 非记录时间：2017-03-09T00:34:57+08:00
2017-03-09T00:35:07: 非记录时间：2017-03-09T00:35:07+08:00
2017-03-09T00:35:17: 非记录时间：2017-03-09T00:35:17+08:00
2017-03-09T00:35:27: 非记录时间：2017-03-09T00:35:27+08:00
2017-03-09T00:35:37: 非记录时间：2017-03-09T00:35:37+08:00
2017-03-09T00:35:47: 非记录时间：2017-03-09T00:35:47+08:00
2017-03-09T00:35:57: 非记录时间：2017-03-09T00:35:57+08:00
2017-03-09T00:36:07: 非记录时间：2017-03-09T00:36:07+08:00
2017-03-09T00:36:17: 非记录时间：2017-03-09T00:36:17+08:00
2017-03-09T00:36:27: 非记录时间：2017-03-09T00:36:27+08:00
2017-03-09T00:36:37: 非记录时间：2017-03-09T00:36:37+08:00
2017-03-09T00:36:47: 非记录时间：2017-03-09T00:36:47+08:00
2017-03-09T00:36:57: 非记录时间：2017-03-09T00:36:57+08:00
2017-03-09T00:37:07: 非记录时间：2017-03-09T00:37:07+08:00
2017-03-09T00:37:17: 非记录时间：2017-03-09T00:37:17+08:00
2017-03-09T00:37:27: 非记录时间：2017-03-09T00:37:27+08:00
2017-03-09T00:37:37: 非记录时间：2017-03-09T00:37:37+08:00
2017-03-09T00:37:47: 非记录时间：2017-03-09T00:37:47+08:00
2017-03-09T00:37:57: 非记录时间：2017-03-09T00:37:57+08:00
2017-03-09T00:38:07: 非记录时间：2017-03-09T00:38:07+08:00
2017-03-09T00:38:17: 非记录时间：2017-03-09T00:38:17+08:00
2017-03-09T00:38:27: 非记录时间：2017-03-09T00:38:27+08:00
2017-03-09T00:38:37: 非记录时间：2017-03-09T00:38:37+08:00
2017-03-09T00:38:47: 非记录时间：2017-03-09T00:38:47+08:00
2017-03-09T00:38:57: 非记录时间：2017-03-09T00:38:57+08:00
2017-03-09T00:39:07: 非记录时间：2017-03-09T00:39:07+08:00
2017-03-09T00:39:17: 非记录时间：2017-03-09T00:39:17+08:00
2017-03-09T00:39:27: 非记录时间：2017-03-09T00:39:27+08:00
2017-03-09T00:39:37: 非记录时间：2017-03-09T00:39:37+08:00
2017-03-09T00:39:47: 非记录时间：2017-03-09T00:39:47+08:00
2017-03-09T00:39:57: 非记录时间：2017-03-09T00:39:57+08:00
2017-03-09T00:40:07: 非记录时间：2017-03-09T00:40:07+08:00
2017-03-09T00:40:17: 非记录时间：2017-03-09T00:40:17+08:00
2017-03-09T00:40:27: 非记录时间：2017-03-09T00:40:27+08:00
2017-03-09T00:40:37: 非记录时间：2017-03-09T00:40:37+08:00
2017-03-09T00:40:47: 非记录时间：2017-03-09T00:40:47+08:00
2017-03-09T00:40:57: 非记录时间：2017-03-09T00:40:57+08:00
2017-03-09T00:41:07: 非记录时间：2017-03-09T00:41:07+08:00
2017-03-09T00:41:17: 非记录时间：2017-03-09T00:41:17+08:00
2017-03-09T00:41:27: 非记录时间：2017-03-09T00:41:27+08:00
2017-03-09T00:41:37: 非记录时间：2017-03-09T00:41:37+08:00
2017-03-09T00:41:47: 非记录时间：2017-03-09T00:41:47+08:00
2017-03-09T00:41:57: 非记录时间：2017-03-09T00:41:57+08:00
2017-03-09T00:42:07: 非记录时间：2017-03-09T00:42:07+08:00
2017-03-09T00:42:17: 非记录时间：2017-03-09T00:42:17+08:00
2017-03-09T00:42:27: 非记录时间：2017-03-09T00:42:27+08:00
2017-03-09T00:42:37: 非记录时间：2017-03-09T00:42:37+08:00
2017-03-09T00:42:47: 非记录时间：2017-03-09T00:42:47+08:00
2017-03-09T00:42:57: 非记录时间：2017-03-09T00:42:57+08:00
2017-03-09T00:43:07: 非记录时间：2017-03-09T00:43:07+08:00
2017-03-09T00:43:17: 非记录时间：2017-03-09T00:43:17+08:00
2017-03-09T00:43:27: 非记录时间：2017-03-09T00:43:27+08:00
2017-03-09T00:43:37: 非记录时间：2017-03-09T00:43:37+08:00
2017-03-09T00:43:47: 非记录时间：2017-03-09T00:43:47+08:00
2017-03-09T00:43:57: 非记录时间：2017-03-09T00:43:57+08:00
2017-03-09T00:44:07: 非记录时间：2017-03-09T00:44:07+08:00
2017-03-09T00:44:17: 非记录时间：2017-03-09T00:44:17+08:00
2017-03-09T00:44:27: 非记录时间：2017-03-09T00:44:27+08:00
2017-03-09T00:44:37: 非记录时间：2017-03-09T00:44:37+08:00
2017-03-09T00:44:47: 非记录时间：2017-03-09T00:44:47+08:00
2017-03-09T00:44:57: 非记录时间：2017-03-09T00:44:57+08:00
2017-03-09T00:45:07: 非记录时间：2017-03-09T00:45:07+08:00
2017-03-09T00:45:17: 非记录时间：2017-03-09T00:45:17+08:00
2017-03-09T00:45:27: 非记录时间：2017-03-09T00:45:27+08:00
2017-03-09T00:45:37: 非记录时间：2017-03-09T00:45:37+08:00
2017-03-09T00:45:47: 非记录时间：2017-03-09T00:45:47+08:00
2017-03-09T00:45:57: 非记录时间：2017-03-09T00:45:57+08:00
2017-03-09T00:46:07: 非记录时间：2017-03-09T00:46:07+08:00
2017-03-09T00:46:17: 非记录时间：2017-03-09T00:46:17+08:00
2017-03-09T00:46:27: 非记录时间：2017-03-09T00:46:27+08:00
2017-03-09T00:46:37: 非记录时间：2017-03-09T00:46:37+08:00
2017-03-09T00:46:47: 非记录时间：2017-03-09T00:46:47+08:00
2017-03-09T00:46:57: 非记录时间：2017-03-09T00:46:57+08:00
2017-03-09T00:47:07: 非记录时间：2017-03-09T00:47:07+08:00
2017-03-09T00:47:17: 非记录时间：2017-03-09T00:47:17+08:00
2017-03-09T00:47:27: 非记录时间：2017-03-09T00:47:27+08:00
2017-03-09T00:47:37: 非记录时间：2017-03-09T00:47:37+08:00
2017-03-09T00:47:47: 非记录时间：2017-03-09T00:47:47+08:00
2017-03-09T00:47:57: 非记录时间：2017-03-09T00:47:57+08:00
2017-03-09T00:48:07: 非记录时间：2017-03-09T00:48:07+08:00
2017-03-09T00:48:17: 非记录时间：2017-03-09T00:48:17+08:00
2017-03-09T00:48:27: 非记录时间：2017-03-09T00:48:27+08:00
2017-03-09T00:48:37: 非记录时间：2017-03-09T00:48:37+08:00
2017-03-09T00:48:47: 非记录时间：2017-03-09T00:48:47+08:00
2017-03-09T00:48:57: 非记录时间：2017-03-09T00:48:57+08:00
2017-03-09T00:49:07: 非记录时间：2017-03-09T00:49:07+08:00
2017-03-09T00:49:17: 非记录时间：2017-03-09T00:49:17+08:00
2017-03-09T00:49:27: 非记录时间：2017-03-09T00:49:27+08:00
2017-03-09T00:49:37: 非记录时间：2017-03-09T00:49:37+08:00
2017-03-09T00:49:47: 非记录时间：2017-03-09T00:49:47+08:00
2017-03-09T00:49:57: 非记录时间：2017-03-09T00:49:57+08:00
2017-03-09T00:50:07: 非记录时间：2017-03-09T00:50:07+08:00
2017-03-09T00:50:17: 非记录时间：2017-03-09T00:50:17+08:00
2017-03-09T00:50:27: 非记录时间：2017-03-09T00:50:27+08:00
2017-03-09T00:50:37: 非记录时间：2017-03-09T00:50:37+08:00
2017-03-09T00:50:47: 非记录时间：2017-03-09T00:50:47+08:00
2017-03-09T00:50:57: 非记录时间：2017-03-09T00:50:57+08:00
2017-03-09T00:51:07: 非记录时间：2017-03-09T00:51:07+08:00
2017-03-09T00:51:17: 非记录时间：2017-03-09T00:51:17+08:00
2017-03-09T00:51:27: 非记录时间：2017-03-09T00:51:27+08:00
2017-03-09T00:51:37: 非记录时间：2017-03-09T00:51:37+08:00
2017-03-09T00:51:47: 非记录时间：2017-03-09T00:51:47+08:00
2017-03-09T00:51:57: 非记录时间：2017-03-09T00:51:57+08:00
2017-03-09T00:52:07: 非记录时间：2017-03-09T00:52:07+08:00
2017-03-09T00:52:17: 非记录时间：2017-03-09T00:52:17+08:00
2017-03-09T00:52:27: 非记录时间：2017-03-09T00:52:27+08:00
2017-03-09T00:52:37: 非记录时间：2017-03-09T00:52:37+08:00
2017-03-09T00:52:47: 非记录时间：2017-03-09T00:52:47+08:00
2017-03-09T00:52:57: 非记录时间：2017-03-09T00:52:57+08:00
2017-03-09T00:53:07: 非记录时间：2017-03-09T00:53:07+08:00
2017-03-09T00:53:17: 非记录时间：2017-03-09T00:53:17+08:00
2017-03-09T00:53:27: 非记录时间：2017-03-09T00:53:27+08:00
2017-03-09T00:53:37: 非记录时间：2017-03-09T00:53:37+08:00
2017-03-09T00:53:47: 非记录时间：2017-03-09T00:53:47+08:00
2017-03-09T00:53:57: 非记录时间：2017-03-09T00:53:57+08:00
2017-03-09T00:54:07: 非记录时间：2017-03-09T00:54:07+08:00
2017-03-09T00:54:17: 非记录时间：2017-03-09T00:54:17+08:00
2017-03-09T00:54:27: 非记录时间：2017-03-09T00:54:27+08:00
2017-03-09T00:54:37: 非记录时间：2017-03-09T00:54:37+08:00
2017-03-09T00:54:47: 非记录时间：2017-03-09T00:54:47+08:00
2017-03-09T00:54:57: 非记录时间：2017-03-09T00:54:57+08:00
2017-03-09T00:55:07: 非记录时间：2017-03-09T00:55:07+08:00
2017-03-09T00:55:17: 非记录时间：2017-03-09T00:55:17+08:00
2017-03-09T00:55:27: 非记录时间：2017-03-09T00:55:27+08:00
2017-03-09T00:55:37: 非记录时间：2017-03-09T00:55:37+08:00
2017-03-09T00:55:47: 非记录时间：2017-03-09T00:55:47+08:00
2017-03-09T00:55:57: 非记录时间：2017-03-09T00:55:57+08:00
2017-03-09T00:56:07: 非记录时间：2017-03-09T00:56:07+08:00
2017-03-09T00:56:17: 非记录时间：2017-03-09T00:56:17+08:00
2017-03-09T00:56:27: 非记录时间：2017-03-09T00:56:27+08:00
2017-03-09T00:56:37: 非记录时间：2017-03-09T00:56:37+08:00
2017-03-09T00:56:47: 非记录时间：2017-03-09T00:56:47+08:00
2017-03-09T00:56:57: 非记录时间：2017-03-09T00:56:57+08:00
2017-03-09T00:57:07: 非记录时间：2017-03-09T00:57:07+08:00
2017-03-09T00:57:17: 非记录时间：2017-03-09T00:57:17+08:00
2017-03-09T00:57:27: 非记录时间：2017-03-09T00:57:27+08:00
2017-03-09T00:57:37: 非记录时间：2017-03-09T00:57:37+08:00
2017-03-09T00:57:47: 非记录时间：2017-03-09T00:57:47+08:00
2017-03-09T00:57:57: 非记录时间：2017-03-09T00:57:57+08:00
2017-03-09T00:58:07: 非记录时间：2017-03-09T00:58:07+08:00
2017-03-09T00:58:17: 非记录时间：2017-03-09T00:58:17+08:00
2017-03-09T00:58:27: 非记录时间：2017-03-09T00:58:27+08:00
2017-03-09T00:58:37: 非记录时间：2017-03-09T00:58:37+08:00
2017-03-09T00:58:47: 非记录时间：2017-03-09T00:58:47+08:00
2017-03-09T00:58:58: 非记录时间：2017-03-09T00:58:57+08:00
2017-03-09T00:59:08: 非记录时间：2017-03-09T00:59:08+08:00
2017-03-09T00:59:18: 非记录时间：2017-03-09T00:59:18+08:00
2017-03-09T00:59:28: 非记录时间：2017-03-09T00:59:28+08:00
2017-03-09T00:59:38: 非记录时间：2017-03-09T00:59:38+08:00
2017-03-09T00:59:48: 非记录时间：2017-03-09T00:59:48+08:00
2017-03-09T00:59:58: 非记录时间：2017-03-09T00:59:58+08:00
2017-03-09T01:00:08: 非记录时间：2017-03-09T01:00:08+08:00
2017-03-09T01:00:18: 非记录时间：2017-03-09T01:00:18+08:00
2017-03-09T01:00:28: 非记录时间：2017-03-09T01:00:28+08:00
2017-03-09T01:00:38: 非记录时间：2017-03-09T01:00:38+08:00
2017-03-09T01:00:48: 非记录时间：2017-03-09T01:00:48+08:00
2017-03-09T01:00:58: 非记录时间：2017-03-09T01:00:58+08:00
2017-03-09T01:01:08: 非记录时间：2017-03-09T01:01:08+08:00
2017-03-09T01:01:18: 非记录时间：2017-03-09T01:01:18+08:00
2017-03-09T01:01:28: 非记录时间：2017-03-09T01:01:28+08:00
2017-03-09T01:01:38: 非记录时间：2017-03-09T01:01:38+08:00
2017-03-09T01:01:48: 非记录时间：2017-03-09T01:01:48+08:00
2017-03-09T01:01:58: 非记录时间：2017-03-09T01:01:58+08:00
2017-03-09T01:02:08: 非记录时间：2017-03-09T01:02:08+08:00
2017-03-09T01:02:18: 非记录时间：2017-03-09T01:02:18+08:00
2017-03-09T01:02:28: 非记录时间：2017-03-09T01:02:28+08:00
2017-03-09T01:02:38: 非记录时间：2017-03-09T01:02:38+08:00
2017-03-09T01:02:48: 非记录时间：2017-03-09T01:02:48+08:00
2017-03-09T01:02:58: 非记录时间：2017-03-09T01:02:58+08:00
2017-03-09T01:03:08: 非记录时间：2017-03-09T01:03:08+08:00
2017-03-09T01:03:18: 非记录时间：2017-03-09T01:03:18+08:00
2017-03-09T01:03:28: 非记录时间：2017-03-09T01:03:28+08:00
2017-03-09T01:03:38: 非记录时间：2017-03-09T01:03:38+08:00
2017-03-09T01:03:48: 非记录时间：2017-03-09T01:03:48+08:00
2017-03-09T01:03:58: 非记录时间：2017-03-09T01:03:58+08:00
2017-03-09T01:04:08: 非记录时间：2017-03-09T01:04:08+08:00
2017-03-09T01:04:18: 非记录时间：2017-03-09T01:04:18+08:00
2017-03-09T01:04:28: 非记录时间：2017-03-09T01:04:28+08:00
2017-03-09T01:04:38: 非记录时间：2017-03-09T01:04:38+08:00
2017-03-09T01:04:48: 非记录时间：2017-03-09T01:04:48+08:00
2017-03-09T01:04:58: 非记录时间：2017-03-09T01:04:58+08:00
2017-03-09T01:05:08: 非记录时间：2017-03-09T01:05:08+08:00
2017-03-09T01:05:18: 非记录时间：2017-03-09T01:05:18+08:00
2017-03-09T01:05:28: 非记录时间：2017-03-09T01:05:28+08:00
2017-03-09T01:05:38: 非记录时间：2017-03-09T01:05:38+08:00
2017-03-09T01:05:48: 非记录时间：2017-03-09T01:05:48+08:00
2017-03-09T01:05:58: 非记录时间：2017-03-09T01:05:58+08:00
2017-03-09T01:06:08: 非记录时间：2017-03-09T01:06:08+08:00
2017-03-09T01:06:18: 非记录时间：2017-03-09T01:06:18+08:00
2017-03-09T01:06:28: 非记录时间：2017-03-09T01:06:28+08:00
2017-03-09T01:06:38: 非记录时间：2017-03-09T01:06:38+08:00
2017-03-09T01:06:48: 非记录时间：2017-03-09T01:06:48+08:00
2017-03-09T01:06:58: 非记录时间：2017-03-09T01:06:58+08:00
2017-03-09T01:07:08: 非记录时间：2017-03-09T01:07:08+08:00
2017-03-09T01:07:18: 非记录时间：2017-03-09T01:07:18+08:00
2017-03-09T01:07:28: 非记录时间：2017-03-09T01:07:28+08:00
2017-03-09T01:07:38: 非记录时间：2017-03-09T01:07:38+08:00
2017-03-09T01:07:48: 非记录时间：2017-03-09T01:07:48+08:00
2017-03-09T01:07:58: 非记录时间：2017-03-09T01:07:58+08:00
2017-03-09T01:08:08: 非记录时间：2017-03-09T01:08:08+08:00
2017-03-09T01:08:18: 非记录时间：2017-03-09T01:08:18+08:00
2017-03-09T01:08:28: 非记录时间：2017-03-09T01:08:28+08:00
2017-03-09T01:08:38: 非记录时间：2017-03-09T01:08:38+08:00
2017-03-09T01:08:48: 非记录时间：2017-03-09T01:08:48+08:00
2017-03-09T01:08:58: 非记录时间：2017-03-09T01:08:58+08:00
2017-03-09T01:09:08: 非记录时间：2017-03-09T01:09:08+08:00
2017-03-09T01:09:18: 非记录时间：2017-03-09T01:09:18+08:00
2017-03-09T01:09:28: 非记录时间：2017-03-09T01:09:28+08:00
2017-03-09T01:09:38: 非记录时间：2017-03-09T01:09:38+08:00
2017-03-09T01:09:48: 非记录时间：2017-03-09T01:09:48+08:00
2017-03-09T01:09:58: 非记录时间：2017-03-09T01:09:58+08:00
2017-03-09T01:10:08: 非记录时间：2017-03-09T01:10:08+08:00
2017-03-09T01:10:18: 非记录时间：2017-03-09T01:10:18+08:00
2017-03-09T01:10:28: 非记录时间：2017-03-09T01:10:28+08:00
2017-03-09T01:10:38: 非记录时间：2017-03-09T01:10:38+08:00
2017-03-09T01:10:48: 非记录时间：2017-03-09T01:10:48+08:00
2017-03-09T01:10:58: 非记录时间：2017-03-09T01:10:58+08:00
2017-03-09T01:11:08: 读取文件失败，可能是该文件不存在
2017-03-09T01:11:08: Error: ENOENT: no such file or directory, open './data/2017-03-09.json'
2017-03-09T01:11:18: 读取文件成功
2017-03-09T01:11:28: 读取文件成功
2017-03-09T01:11:38: 读取文件成功
2017-03-09T01:11:48: 读取文件成功
2017-03-09T01:11:58: 读取文件成功
2017-03-09T01:12:08: 读取文件成功
2017-03-09T01:12:18: 读取文件成功
2017-03-09T01:12:29: 读取文件成功
2017-03-09T01:12:38: 读取文件成功
2017-03-09T01:12:48: 读取文件成功
2017-03-09T01:12:58: 读取文件成功
2017-03-09T01:13:09: 读取文件成功
2017-03-09T01:13:18: 读取文件成功
2017-03-09T01:13:30: 读取文件成功
2017-03-09T01:13:38: 读取文件成功
2017-03-09T01:13:49: 读取文件成功
2017-03-09T01:13:58: 读取文件成功
2017-03-09T01:14:08: 读取文件成功
2017-03-09T01:14:18: 读取文件成功
2017-03-09T01:14:28: 读取文件成功
2017-03-09T01:14:38: 读取文件成功
2017-03-09T01:14:48: 读取文件成功
2017-03-09T01:14:58: 读取文件成功
2017-03-09T01:15:08: 读取文件成功
2017-03-09T01:15:18: 读取文件成功
2017-03-09T01:15:29: 读取文件成功
2017-03-09T01:15:38: 读取文件成功
2017-03-09T01:15:49: 读取文件成功
2017-03-09T01:15:58: 读取文件成功
2017-03-09T01:16:09: 读取文件成功
2017-03-09T01:16:19: 读取文件成功
2017-03-09T01:16:28: 读取文件成功
2017-03-09T01:16:39: 读取文件成功
2017-03-09T01:16:48: 读取文件成功
2017-03-09T01:16:58: 读取文件成功
2017-03-09T01:17:08: 读取文件成功
2017-03-09T01:17:18: 读取文件成功
2017-03-09T01:17:29: 读取文件成功
2017-03-09T01:17:39: 读取文件成功
2017-03-09T01:17:49: 读取文件成功
2017-03-09T01:17:59: 读取文件成功
2017-03-09T01:18:09: 读取文件成功
2017-03-09T01:18:19: 读取文件成功
2017-03-09T01:18:29: 读取文件成功
2017-03-09T01:18:39: 读取文件成功
2017-03-09T01:18:49: 读取文件成功
2017-03-09T01:18:59: 读取文件成功
2017-03-09T01:19:09: 读取文件成功
2017-03-09T01:19:19: 读取文件成功
2017-03-09T01:19:29: 读取文件成功
2017-03-09T01:19:39: 读取文件成功
2017-03-09T01:19:49: 读取文件成功
2017-03-09T01:19:59: 读取文件成功
2017-03-09T01:20:09: 读取文件成功
2017-03-09T01:20:19: 读取文件成功
2017-03-09T01:20:29: 读取文件成功
2017-03-09T01:20:40: 读取文件成功
2017-03-09T01:20:49: 读取文件成功
2017-03-09T01:20:59: 读取文件成功
2017-03-09T01:21:09: 读取文件成功
2017-03-09T01:21:19: 读取文件成功
2017-03-09T01:21:29: 读取文件成功
2017-03-09T01:21:40: 读取文件成功
2017-03-09T01:21:49: 读取文件成功
2017-03-09T01:22:00: 读取文件成功
2017-03-09T01:22:09: 读取文件成功
2017-03-09T01:22:19: 读取文件成功
2017-03-09T01:22:29: 读取文件成功
2017-03-09T01:22:39: 读取文件成功
2017-03-09T01:22:49: 读取文件成功
2017-03-09T01:23:01: 读取文件成功
2017-03-09T01:23:09: 读取文件成功
2017-03-09T01:23:19: 读取文件成功
2017-03-09T01:23:29: 读取文件成功
2017-03-09T01:23:39: 读取文件成功
2017-03-09T01:23:49: 读取文件成功
2017-03-09T01:23:59: 读取文件成功
2017-03-09T01:24:09: 读取文件成功
2017-03-09T01:24:19: 读取文件成功
2017-03-09T01:24:29: 读取文件成功
2017-03-09T01:24:39: 读取文件成功
2017-03-09T01:24:49: 读取文件成功
2017-03-09T01:24:59: 读取文件成功
2017-03-09T01:25:09: 读取文件成功
2017-03-09T01:25:19: 读取文件成功
2017-03-09T01:25:30: 读取文件成功
2017-03-09T01:25:39: 读取文件成功
2017-03-09T01:25:49: 读取文件成功
2017-03-09T01:25:59: 读取文件成功
2017-03-09T01:26:09: 读取文件成功
2017-03-09T01:26:19: 读取文件成功
2017-03-09T01:26:29: 读取文件成功
2017-03-09T01:26:39: 读取文件成功
2017-03-09T01:26:49: 读取文件成功
2017-03-09T01:27:00: 读取文件成功
2017-03-09T01:27:09: 读取文件成功
2017-03-09T01:27:19: 读取文件成功
2017-03-09T01:27:29: 读取文件成功
2017-03-09T01:27:39: 读取文件成功
2017-03-09T01:27:49: 读取文件成功
2017-03-09T01:27:59: 读取文件成功
2017-03-09T01:28:09: 读取文件成功
2017-03-09T01:28:19: 读取文件成功
2017-03-09T01:28:29: 读取文件成功
2017-03-09T01:28:39: 读取文件成功
2017-03-09T01:28:49: 读取文件成功
2017-03-09T01:28:59: 读取文件成功
2017-03-09T01:29:09: 读取文件成功
2017-03-09T01:29:19: 读取文件成功
2017-03-09T01:29:29: 读取文件成功
2017-03-09T01:29:39: 读取文件成功
2017-03-09T01:29:50: 读取文件成功
2017-03-09T01:30:00: 读取文件成功
2017-03-09T01:30:09: 读取文件成功
2017-03-09T01:30:19: 读取文件成功
2017-03-09T01:30:29: 读取文件成功
2017-03-09T01:30:39: 读取文件成功
2017-03-09T01:30:49: 读取文件成功
2017-03-09T01:30:59: 读取文件成功
2017-03-09T01:31:09: 读取文件成功
2017-03-09T01:31:19: 读取文件成功
2017-03-09T01:31:29: 读取文件成功
2017-03-09T01:31:39: 读取文件成功
2017-03-09T01:31:50: 读取文件成功
2017-03-09T01:31:59: 读取文件成功
2017-03-09T01:32:09: 读取文件成功
2017-03-09T01:32:20: 读取文件成功
2017-03-09T01:32:29: 读取文件成功
2017-03-09T01:32:40: 读取文件成功
2017-03-09T01:32:50: 读取文件成功
2017-03-09T01:32:59: 读取文件成功
2017-03-09T01:33:09: 读取文件成功
2017-03-09T01:33:19: 读取文件成功
2017-03-09T01:33:30: 读取文件成功
2017-03-09T01:33:39: 读取文件成功
2017-03-09T01:33:49: 读取文件成功
2017-03-09T01:33:59: 读取文件成功
2017-03-09T01:34:10: 读取文件成功
2017-03-09T01:34:20: 读取文件成功
2017-03-09T01:34:30: 读取文件成功
2017-03-09T01:34:40: 读取文件成功
2017-03-09T01:34:50: 读取文件成功
2017-03-09T01:35:00: 读取文件成功
2017-03-09T01:35:10: 读取文件成功
2017-03-09T01:35:20: 读取文件成功
2017-03-09T01:35:30: 读取文件成功
2017-03-09T01:35:40: 读取文件成功
2017-03-09T01:35:50: 读取文件成功
2017-03-09T01:36:00: 读取文件成功
2017-03-09T01:36:10: 读取文件成功
2017-03-09T01:36:20: 读取文件成功
2017-03-09T01:36:30: 读取文件成功
2017-03-09T01:36:40: 读取文件成功
2017-03-09T01:36:50: 读取文件成功
2017-03-09T01:37:00: 读取文件成功
2017-03-09T01:37:11: 读取文件成功
2017-03-09T01:37:20: 读取文件成功
2017-03-09T01:37:30: 读取文件成功
2017-03-09T01:37:40: 读取文件成功
2017-03-09T01:37:50: 读取文件成功
2017-03-09T01:38:01: 读取文件成功
2017-03-09T01:38:10: 读取文件成功
2017-03-09T01:38:20: 读取文件成功
2017-03-09T01:38:30: 读取文件成功
2017-03-09T01:38:40: 读取文件成功
2017-03-09T01:38:51: 读取文件成功
2017-03-09T01:39:00: 读取文件成功
2017-03-09T01:39:10: 读取文件成功
2017-03-09T01:39:20: 读取文件成功
2017-03-09T01:39:30: 读取文件成功
2017-03-09T01:39:41: 读取文件成功
2017-03-09T01:39:50: 读取文件成功
2017-03-09T01:40:05: 读取文件成功
2017-03-09T01:40:10: 读取文件成功
2017-03-09T01:40:20: 读取文件成功
2017-03-09T01:40:30: 读取文件成功
2017-03-09T01:40:40: 读取文件成功
2017-03-09T01:40:51: 读取文件成功
2017-03-09T01:41:00: 读取文件成功
2017-03-09T01:41:10: 读取文件成功
2017-03-09T01:41:20: 读取文件成功
2017-03-09T01:41:30: 读取文件成功
2017-03-09T01:41:40: 读取文件成功
2017-03-09T01:41:50: 读取文件成功
2017-03-09T01:42:01: 读取文件成功
2017-03-09T01:42:10: 读取文件成功
2017-03-09T01:42:20: 读取文件成功
2017-03-09T01:42:30: 读取文件成功
2017-03-09T01:42:40: 读取文件成功
2017-03-09T01:42:50: 读取文件成功
2017-03-09T01:43:03: 读取文件成功
2017-03-09T01:43:10: 读取文件成功
2017-03-09T01:43:20: 读取文件成功
2017-03-09T01:43:30: 读取文件成功
2017-03-09T01:43:40: 读取文件成功
2017-03-09T01:43:51: 读取文件成功
2017-03-09T01:44:00: 读取文件成功
2017-03-09T01:44:10: 读取文件成功
2017-03-09T01:44:20: 读取文件成功
2017-03-09T01:44:30: 读取文件成功
2017-03-09T01:44:40: 读取文件成功
2017-03-09T01:44:50: 读取文件成功
2017-03-09T01:45:01: 读取文件成功
2017-03-09T01:45:11: 读取文件成功
2017-03-09T01:45:21: 读取文件成功
2017-03-09T01:45:30: 读取文件成功
2017-03-09T01:45:40: 读取文件成功
2017-03-09T01:45:51: 读取文件成功
2017-03-09T01:46:01: 读取文件成功
2017-03-09T01:46:12: 读取文件成功
2017-03-09T01:46:23: 读取文件成功
2017-03-09T01:46:31: 读取文件成功
2017-03-09T01:46:40: 读取文件成功
2017-03-09T01:46:50: 读取文件成功
2017-03-09T01:47:00: 读取文件成功
2017-03-09T01:47:13: 读取文件成功
2017-03-09T01:47:21: 读取文件成功
2017-03-09T01:47:33: 读取文件成功
2017-03-09T01:47:43: 读取文件成功
2017-03-09T01:47:50: 读取文件成功
2017-03-09T01:48:01: 读取文件成功
2017-03-09T01:48:13: 读取文件成功
2017-03-09T01:48:20: 读取文件成功
2017-03-09T01:48:33: 读取文件成功
2017-03-09T01:48:51: 读取文件成功
2017-03-09T01:48:53: 读取文件成功
2017-03-09T01:49:00: 读取文件成功
2017-03-09T01:49:10: 读取文件成功
2017-03-09T01:49:27: 读取文件成功
2017-03-09T01:49:31: 读取文件成功
2017-03-09T01:49:41: 读取文件成功
2017-03-09T01:49:50: 读取文件成功
2017-03-09T01:50:00: 读取文件成功
2017-03-09T01:50:10: 读取文件成功
2017-03-09T01:50:20: 读取文件成功
2017-03-09T01:50:30: 读取文件成功
2017-03-09T01:50:41: 读取文件成功
2017-03-09T01:50:50: 读取文件成功
2017-03-09T01:51:00: 读取文件成功
2017-03-09T01:51:10: 读取文件成功
2017-03-09T01:51:20: 读取文件成功
2017-03-09T01:51:31: 读取文件成功
2017-03-09T01:51:41: 读取文件成功
2017-03-09T01:51:51: 读取文件成功
2017-03-09T01:52:01: 读取文件成功
2017-03-09T01:52:12: 读取文件成功
2017-03-09T01:52:21: 读取文件成功
2017-03-09T01:52:31: 读取文件成功
2017-03-09T01:52:41: 读取文件成功
2017-03-09T01:52:51: 读取文件成功
2017-03-09T01:53:01: 读取文件成功
2017-03-09T01:53:12: 读取文件成功
2017-03-09T01:53:21: 读取文件成功
2017-03-09T01:53:31: 读取文件成功
2017-03-09T01:53:41: 读取文件成功
2017-03-09T01:53:51: 读取文件成功
2017-03-09T01:54:01: 读取文件成功
2017-03-09T01:54:11: 读取文件成功
2017-03-09T01:54:21: 读取文件成功
2017-03-09T01:54:31: 读取文件成功
2017-03-09T01:54:41: 读取文件成功
2017-03-09T01:54:51: 读取文件成功
2017-03-09T01:55:01: 读取文件成功
2017-03-09T01:55:11: 读取文件成功
2017-03-09T01:55:21: 读取文件成功
2017-03-09T01:55:31: 读取文件成功
2017-03-09T01:55:41: 读取文件成功
2017-03-09T01:55:51: 读取文件成功
2017-03-09T01:56:01: 读取文件成功
2017-03-09T01:56:11: 读取文件成功
2017-03-09T01:56:21: 读取文件成功
2017-03-09T01:56:31: 读取文件成功
2017-03-09T01:56:41: 读取文件成功
2017-03-09T01:56:51: 读取文件成功
2017-03-09T01:57:01: 读取文件成功
2017-03-09T01:57:11: 读取文件成功
2017-03-09T01:57:21: 读取文件成功
2017-03-09T01:57:31: 读取文件成功
2017-03-09T01:57:41: 读取文件成功
2017-03-09T01:57:51: 读取文件成功
2017-03-09T01:58:01: 读取文件成功
2017-03-09T01:58:11: 读取文件成功
2017-03-09T01:58:21: 读取文件成功
2017-03-09T01:58:31: 读取文件成功
2017-03-09T01:58:41: 读取文件成功
2017-03-09T01:58:51: 读取文件成功
2017-03-09T01:59:01: 读取文件成功
2017-03-09T01:59:11: 读取文件成功
2017-03-09T01:59:21: 读取文件成功
2017-03-09T01:59:31: 读取文件成功
2017-03-09T01:59:41: 读取文件成功
2017-03-09T01:59:51: 读取文件成功
2017-03-09T02:00:01: 读取文件成功
2017-03-09T02:00:11: 读取文件成功
2017-03-09T02:00:21: 读取文件成功
2017-03-09T02:00:31: 读取文件成功
2017-03-09T02:00:41: 读取文件成功
2017-03-09T02:00:51: 读取文件成功
2017-03-09T02:01:01: 读取文件成功
2017-03-09T02:01:11: 读取文件成功
2017-03-09T02:01:21: 读取文件成功
2017-03-09T02:01:31: 读取文件成功
2017-03-09T02:01:41: 读取文件成功
2017-03-09T02:01:51: 读取文件成功
2017-03-09T02:02:01: 读取文件成功
2017-03-09T02:02:11: 读取文件成功
2017-03-09T02:02:21: 读取文件成功
2017-03-09T02:02:31: 读取文件成功
2017-03-09T02:02:41: 读取文件成功
2017-03-09T02:02:51: 读取文件成功
2017-03-09T02:03:02: 读取文件成功
2017-03-09T02:03:11: 读取文件成功
2017-03-09T02:03:21: 读取文件成功
2017-03-09T02:03:31: 读取文件成功
2017-03-09T02:03:41: 读取文件成功
2017-03-09T02:03:51: 读取文件成功
2017-03-09T02:04:01: 读取文件成功
2017-03-09T02:04:11: 读取文件成功
2017-03-09T02:04:21: 读取文件成功
2017-03-09T02:04:32: 读取文件成功
2017-03-09T02:04:42: 读取文件成功
2017-03-09T02:04:51: 读取文件成功
2017-03-09T02:05:01: 读取文件成功
2017-03-09T02:05:12: 读取文件成功
2017-03-09T02:05:21: 读取文件成功
2017-03-09T02:05:31: 读取文件成功
2017-03-09T02:05:41: 读取文件成功
2017-03-09T02:05:51: 读取文件成功
2017-03-09T02:06:01: 读取文件成功
2017-03-09T02:06:11: 读取文件成功
2017-03-09T02:06:21: 读取文件成功
2017-03-09T02:06:31: 读取文件成功
2017-03-09T02:06:41: 读取文件成功
2017-03-09T02:06:51: 读取文件成功
2017-03-09T02:07:01: 读取文件成功
2017-03-09T02:07:11: 读取文件成功
2017-03-09T02:07:22: 读取文件成功
2017-03-09T02:07:31: 读取文件成功
2017-03-09T02:07:42: 读取文件成功
2017-03-09T02:07:51: 读取文件成功
2017-03-09T02:08:01: 读取文件成功
2017-03-09T02:08:12: 读取文件成功
2017-03-09T02:08:21: 读取文件成功
2017-03-09T02:08:31: 读取文件成功
2017-03-09T02:08:42: 读取文件成功
2017-03-09T02:08:52: 读取文件成功
2017-03-09T02:09:03: 读取文件成功
2017-03-09T02:09:12: 读取文件成功
2017-03-09T02:09:22: 读取文件成功
2017-03-09T02:09:32: 读取文件成功
2017-03-09T02:09:42: 读取文件成功
2017-03-09T02:09:52: 读取文件成功
2017-03-09T02:10:02: 读取文件成功
2017-03-09T02:10:12: 读取文件成功
2017-03-09T02:10:22: 读取文件成功
2017-03-09T02:10:32: 读取文件成功
2017-03-09T02:10:42: 读取文件成功
2017-03-09T02:10:52: 读取文件成功
2017-03-09T02:11:02: 读取文件成功
2017-03-09T02:11:12: 读取文件成功
2017-03-09T02:11:22: 读取文件成功
2017-03-09T02:11:32: 读取文件成功
2017-03-09T02:11:42: 读取文件成功
2017-03-09T02:11:52: 读取文件成功
2017-03-09T02:12:02: 读取文件成功
2017-03-09T02:12:12: 读取文件成功
2017-03-09T02:12:22: 读取文件成功
2017-03-09T02:12:32: 读取文件成功
2017-03-09T02:12:42: 读取文件成功
2017-03-09T02:12:52: 读取文件成功
2017-03-09T02:13:02: 读取文件成功
2017-03-09T02:13:12: 读取文件成功
2017-03-09T02:13:22: 读取文件成功
2017-03-09T02:13:32: 读取文件成功
2017-03-09T02:13:42: 读取文件成功
2017-03-09T02:13:52: 读取文件成功
2017-03-09T02:14:02: 读取文件成功
2017-03-09T02:14:12: 读取文件成功
2017-03-09T02:14:23: 读取文件成功
2017-03-09T02:14:32: 读取文件成功
2017-03-09T02:14:42: 读取文件成功
2017-03-09T02:14:52: 读取文件成功
2017-03-09T02:15:02: 读取文件成功
2017-03-09T02:15:12: 读取文件成功
2017-03-09T02:15:22: 读取文件成功
2017-03-09T02:15:32: 读取文件成功
2017-03-09T02:15:42: 读取文件成功
2017-03-09T02:15:53: 读取文件成功
2017-03-09T02:16:02: 读取文件成功
2017-03-09T02:16:12: 读取文件成功
2017-03-09T02:16:22: 读取文件成功
2017-03-09T02:16:32: 读取文件成功
2017-03-09T02:16:42: 读取文件成功
2017-03-09T02:16:52: 读取文件成功
2017-03-09T02:17:02: 读取文件成功
2017-03-09T02:17:12: 读取文件成功
2017-03-09T02:17:22: 读取文件成功
2017-03-09T02:17:32: 读取文件成功
2017-03-09T02:17:42: 读取文件成功
2017-03-09T02:17:52: 读取文件成功
2017-03-09T02:18:02: 读取文件成功
2017-03-09T02:18:12: 读取文件成功
2017-03-09T02:18:23: 读取文件成功
2017-03-09T02:18:32: 读取文件成功
2017-03-09T02:18:42: 读取文件成功
2017-03-09T02:18:52: 读取文件成功
2017-03-09T02:19:02: 读取文件成功
2017-03-09T02:19:12: 读取文件成功
2017-03-09T02:19:22: 读取文件成功
2017-03-09T02:19:32: 读取文件成功
2017-03-09T02:19:42: 读取文件成功
2017-03-09T02:19:53: 读取文件成功
2017-03-09T02:20:02: 读取文件成功
2017-03-09T02:20:12: 读取文件成功
2017-03-09T02:20:22: 读取文件成功
2017-03-09T02:20:32: 读取文件成功
2017-03-09T02:20:42: 读取文件成功
2017-03-09T02:20:52: 读取文件成功
2017-03-09T02:21:02: 读取文件成功
2017-03-09T02:21:12: 读取文件成功
2017-03-09T02:21:22: 读取文件成功
2017-03-09T02:21:32: 读取文件成功
2017-03-09T02:21:43: 读取文件成功
2017-03-09T02:21:52: 读取文件成功
2017-03-09T02:22:02: 读取文件成功
2017-03-09T02:22:12: 读取文件成功
2017-03-09T02:22:22: 读取文件成功
2017-03-09T02:22:32: 读取文件成功
2017-03-09T02:22:42: 读取文件成功
2017-03-09T02:22:52: 读取文件成功
2017-03-09T02:23:03: 读取文件成功
2017-03-09T02:23:12: 读取文件成功
2017-03-09T02:23:22: 读取文件成功
2017-03-09T02:23:32: 读取文件成功
2017-03-09T02:23:42: 读取文件成功
2017-03-09T02:23:52: 读取文件成功
2017-03-09T02:24:02: 读取文件成功
2017-03-09T02:24:12: 读取文件成功
2017-03-09T02:24:22: 读取文件成功
2017-03-09T02:24:32: 读取文件成功
2017-03-09T02:24:42: 读取文件成功
2017-03-09T02:24:52: 读取文件成功
2017-03-09T02:25:02: 读取文件成功
2017-03-09T02:25:13: 读取文件成功
2017-03-09T02:25:23: 读取文件成功
2017-03-09T02:25:33: 读取文件成功
2017-03-09T02:25:43: 读取文件成功
2017-03-09T02:25:53: 读取文件成功
2017-03-09T02:26:03: 读取文件成功
2017-03-09T02:26:13: 读取文件成功
2017-03-09T02:26:23: 读取文件成功
2017-03-09T02:26:33: 读取文件成功
2017-03-09T02:26:43: 读取文件成功
2017-03-09T02:26:53: 读取文件成功
2017-03-09T02:27:03: 读取文件成功
2017-03-09T02:27:13: 读取文件成功
2017-03-09T02:27:23: 读取文件成功
2017-03-09T02:27:33: 读取文件成功
2017-03-09T02:27:43: 读取文件成功
2017-03-09T02:27:53: 读取文件成功
2017-03-09T02:28:03: 读取文件成功
2017-03-09T02:28:13: 读取文件成功
2017-03-09T02:28:23: 读取文件成功
2017-03-09T02:28:33: 读取文件成功
2017-03-09T02:28:43: 读取文件成功
2017-03-09T02:28:53: 读取文件成功
2017-03-09T02:29:03: 读取文件成功
2017-03-09T02:29:13: 读取文件成功
2017-03-09T02:29:23: 读取文件成功
2017-03-09T02:29:33: 读取文件成功
2017-03-09T02:29:43: 读取文件成功
2017-03-09T02:29:53: 读取文件成功
2017-03-09T02:30:03: 读取文件成功
2017-03-09T02:30:14: 读取文件成功
2017-03-09T02:30:23: 读取文件成功
2017-03-09T02:30:33: 读取文件成功
2017-03-09T02:30:43: 读取文件成功
2017-03-09T02:30:53: 读取文件成功
2017-03-09T02:31:03: 读取文件成功
2017-03-09T02:31:13: 读取文件成功
2017-03-09T02:31:23: 读取文件成功
2017-03-09T02:31:33: 读取文件成功
2017-03-09T02:31:43: 读取文件成功
2017-03-09T02:31:53: 读取文件成功
2017-03-09T02:32:03: 读取文件成功
2017-03-09T02:32:13: 读取文件成功
2017-03-09T02:32:23: 读取文件成功
2017-03-09T02:32:33: 读取文件成功
2017-03-09T02:32:43: 读取文件成功
2017-03-09T02:32:53: 读取文件成功
2017-03-09T02:33:03: 读取文件成功
2017-03-09T02:33:13: 读取文件成功
2017-03-09T02:33:23: 读取文件成功
2017-03-09T02:33:33: 读取文件成功
2017-03-09T02:33:43: 读取文件成功
2017-03-09T02:33:53: 读取文件成功
2017-03-09T02:34:03: 读取文件成功
2017-03-09T02:34:13: 读取文件成功
2017-03-09T02:34:23: 读取文件成功
2017-03-09T02:34:33: 读取文件成功
2017-03-09T02:34:43: 读取文件成功
2017-03-09T02:34:53: 读取文件成功
2017-03-09T02:35:03: 读取文件成功
2017-03-09T02:35:13: 读取文件成功
2017-03-09T02:35:23: 读取文件成功
2017-03-09T02:35:33: 读取文件成功
2017-03-09T02:35:43: 读取文件成功
2017-03-09T02:35:53: 读取文件成功
2017-03-09T02:36:03: 读取文件成功
2017-03-09T02:36:13: 读取文件成功
2017-03-09T02:36:23: 读取文件成功
2017-03-09T02:36:33: 读取文件成功
2017-03-09T02:36:43: 读取文件成功
2017-03-09T02:36:53: 读取文件成功
2017-03-09T02:37:04: 读取文件成功
2017-03-09T02:37:13: 读取文件成功
2017-03-09T02:37:23: 读取文件成功
2017-03-09T02:37:33: 读取文件成功
2017-03-09T02:37:43: 读取文件成功
2017-03-09T02:37:53: 读取文件成功
2017-03-09T02:38:03: 读取文件成功
2017-03-09T02:38:13: 读取文件成功
2017-03-09T02:38:23: 读取文件成功
2017-03-09T02:38:33: 读取文件成功
2017-03-09T02:38:43: 读取文件成功
2017-03-09T02:38:53: 读取文件成功
2017-03-09T02:39:03: 读取文件成功
2017-03-09T02:39:13: 读取文件成功
2017-03-09T02:39:23: 读取文件成功
2017-03-09T02:39:33: 读取文件成功
2017-03-09T02:39:43: 读取文件成功
2017-03-09T02:39:53: 读取文件成功
2017-03-09T02:40:03: 读取文件成功
2017-03-09T02:40:13: 读取文件成功
2017-03-09T02:40:23: 读取文件成功
2017-03-09T02:40:33: 读取文件成功
2017-03-09T02:40:43: 读取文件成功
2017-03-09T02:40:53: 读取文件成功
2017-03-09T02:41:03: 读取文件成功
2017-03-09T02:41:13: 读取文件成功
2017-03-09T02:41:23: 读取文件成功
2017-03-09T02:41:33: 读取文件成功
2017-03-09T02:41:44: 读取文件成功
2017-03-09T02:41:53: 读取文件成功
2017-03-09T02:42:04: 读取文件成功
2017-03-09T02:42:14: 读取文件成功
2017-03-09T02:42:24: 读取文件成功
2017-03-09T02:42:34: 读取文件成功
2017-03-09T02:42:44: 读取文件成功
2017-03-09T02:42:54: 读取文件成功
2017-03-09T02:43:04: 读取文件成功
2017-03-09T02:43:14: 读取文件成功
2017-03-09T02:43:24: 读取文件成功
2017-03-09T02:43:34: 读取文件成功
2017-03-09T02:43:44: 读取文件成功
2017-03-09T02:43:54: 读取文件成功
2017-03-09T02:44:04: 读取文件成功
2017-03-09T02:44:15: 读取文件成功
2017-03-09T02:44:24: 读取文件成功
2017-03-09T02:44:34: 读取文件成功
2017-03-09T02:44:44: 读取文件成功
2017-03-09T02:44:54: 读取文件成功
2017-03-09T02:45:04: 读取文件成功
2017-03-09T02:45:14: 读取文件成功
2017-03-09T02:45:24: 读取文件成功
2017-03-09T02:45:34: 读取文件成功
2017-03-09T02:45:44: 读取文件成功
2017-03-09T02:45:54: 读取文件成功
2017-03-09T02:46:04: 读取文件成功
2017-03-09T02:46:14: 读取文件成功
2017-03-09T02:46:24: 读取文件成功
2017-03-09T02:46:34: 读取文件成功
2017-03-09T02:46:44: 读取文件成功
2017-03-09T02:46:54: 读取文件成功
2017-03-09T02:47:04: 读取文件成功
2017-03-09T02:47:14: 读取文件成功
2017-03-09T02:47:24: 读取文件成功
2017-03-09T02:47:34: 读取文件成功
2017-03-09T02:47:44: 读取文件成功
2017-03-09T02:47:54: 读取文件成功
2017-03-09T02:48:04: 读取文件成功
2017-03-09T02:48:14: 读取文件成功
2017-03-09T02:48:24: 读取文件成功
2017-03-09T02:48:34: 读取文件成功
2017-03-09T02:48:44: 读取文件成功
2017-03-09T02:48:54: 读取文件成功
2017-03-09T02:49:04: 读取文件成功
2017-03-09T02:49:14: 读取文件成功
2017-03-09T02:49:24: 读取文件成功
2017-03-09T02:49:34: 读取文件成功
2017-03-09T02:49:44: 读取文件成功
2017-03-09T02:49:54: 读取文件成功
2017-03-09T02:50:04: 读取文件成功
2017-03-09T02:50:14: 读取文件成功
2017-03-09T02:50:24: 读取文件成功
2017-03-09T02:50:34: 读取文件成功
2017-03-09T02:50:44: 读取文件成功
2017-03-09T02:50:54: 读取文件成功
2017-03-09T02:51:04: 读取文件成功
2017-03-09T02:51:14: 读取文件成功
2017-03-09T02:51:24: 读取文件成功
2017-03-09T02:51:34: 读取文件成功
2017-03-09T02:51:44: 读取文件成功
2017-03-09T02:51:54: 读取文件成功
2017-03-09T02:52:04: 读取文件成功
2017-03-09T02:52:14: 读取文件成功
2017-03-09T02:52:24: 读取文件成功
2017-03-09T02:52:34: 读取文件成功
2017-03-09T02:52:44: 读取文件成功
2017-03-09T02:52:55: 读取文件成功
2017-03-09T02:53:04: 读取文件成功
2017-03-09T02:53:15: 读取文件成功
2017-03-09T02:53:25: 读取文件成功
2017-03-09T02:53:34: 读取文件成功
2017-03-09T02:53:44: 读取文件成功
2017-03-09T02:53:54: 读取文件成功
2017-03-09T02:54:04: 读取文件成功
2017-03-09T02:54:14: 读取文件成功
2017-03-09T02:54:24: 读取文件成功
2017-03-09T02:54:35: 读取文件成功
2017-03-09T02:54:44: 读取文件成功
2017-03-09T02:54:54: 读取文件成功
2017-03-09T02:55:04: 读取文件成功
2017-03-09T02:55:14: 读取文件成功
2017-03-09T02:55:24: 读取文件成功
2017-03-09T02:55:35: 读取文件成功
2017-03-09T02:55:44: 读取文件成功
2017-03-09T02:55:54: 读取文件成功
2017-03-09T02:56:04: 读取文件成功
2017-03-09T02:56:14: 读取文件成功
2017-03-09T02:56:24: 读取文件成功
2017-03-09T02:56:34: 读取文件成功
2017-03-09T02:56:44: 读取文件成功
2017-03-09T02:56:54: 读取文件成功
2017-03-09T02:57:04: 读取文件成功
2017-03-09T02:57:14: 读取文件成功
2017-03-09T02:57:24: 读取文件成功
2017-03-09T02:57:34: 读取文件成功
2017-03-09T02:57:44: 读取文件成功
2017-03-09T02:57:54: 读取文件成功
2017-03-09T02:58:04: 读取文件成功
2017-03-09T02:58:14: 读取文件成功
2017-03-09T02:58:24: 读取文件成功
2017-03-09T02:58:34: 读取文件成功
2017-03-09T02:58:44: 读取文件成功
2017-03-09T02:58:54: 读取文件成功
2017-03-09T02:59:05: 读取文件成功
2017-03-09T02:59:14: 读取文件成功
2017-03-09T02:59:24: 读取文件成功
2017-03-09T02:59:34: 读取文件成功
2017-03-09T02:59:44: 读取文件成功
2017-03-09T02:59:54: 读取文件成功
2017-03-09T03:00:04: 读取文件成功
2017-03-09T03:00:14: 读取文件成功
2017-03-09T03:00:24: 读取文件成功
2017-03-09T03:00:34: 读取文件成功
2017-03-09T03:00:45: 读取文件成功
2017-03-09T03:00:55: 读取文件成功
2017-03-09T03:01:05: 读取文件成功
2017-03-09T03:01:15: 读取文件成功
2017-03-09T03:01:25: 读取文件成功
2017-03-09T03:01:35: 读取文件成功
2017-03-09T03:01:45: 读取文件成功
2017-03-09T03:01:55: 读取文件成功
2017-03-09T03:02:05: 读取文件成功
2017-03-09T03:02:15: 读取文件成功
2017-03-09T03:02:25: 读取文件成功
2017-03-09T03:02:35: 读取文件成功
2017-03-09T03:02:45: 读取文件成功
2017-03-09T03:02:55: 读取文件成功
2017-03-09T03:03:05: 读取文件成功
2017-03-09T03:03:15: 读取文件成功
2017-03-09T03:03:25: 读取文件成功
2017-03-09T03:03:35: 读取文件成功
2017-03-09T03:03:45: 读取文件成功
2017-03-09T03:03:55: 读取文件成功
2017-03-09T03:04:05: 读取文件成功
2017-03-09T03:04:15: 读取文件成功
2017-03-09T03:04:25: 读取文件成功
2017-03-09T03:04:35: 读取文件成功
2017-03-09T03:04:45: 读取文件成功
2017-03-09T03:04:55: 读取文件成功
2017-03-09T03:05:05: 读取文件成功
2017-03-09T03:05:15: 读取文件成功
2017-03-09T03:05:25: 读取文件成功
2017-03-09T03:05:35: 读取文件成功
2017-03-09T03:05:45: 读取文件成功
2017-03-09T03:05:55: 读取文件成功
2017-03-09T03:06:05: 读取文件成功
2017-03-09T03:06:15: 读取文件成功
2017-03-09T03:06:25: 读取文件成功
2017-03-09T03:06:35: 读取文件成功
2017-03-09T03:06:46: 读取文件成功
2017-03-09T03:06:55: 读取文件成功
2017-03-09T03:07:05: 读取文件成功
2017-03-09T03:07:15: 读取文件成功
2017-03-09T03:07:25: 读取文件成功
2017-03-09T03:07:35: 读取文件成功
2017-03-09T03:07:45: 读取文件成功
2017-03-09T03:07:55: 读取文件成功
2017-03-09T03:08:05: 读取文件成功
2017-03-09T03:08:15: 读取文件成功
2017-03-09T03:08:25: 读取文件成功
2017-03-09T03:08:35: 读取文件成功
2017-03-09T03:08:45: 读取文件成功
2017-03-09T03:08:55: 读取文件成功
2017-03-09T03:09:05: 读取文件成功
2017-03-09T03:09:15: 读取文件成功
2017-03-09T03:09:25: 读取文件成功
2017-03-09T03:09:35: 读取文件成功
2017-03-09T03:09:45: 读取文件成功
2017-03-09T03:09:55: 读取文件成功
2017-03-09T03:10:05: 读取文件成功
2017-03-09T03:10:15: 读取文件成功
2017-03-09T03:10:25: 读取文件成功
2017-03-09T03:10:35: 读取文件成功
2017-03-09T03:10:45: 读取文件成功
2017-03-09T03:10:55: 读取文件成功
2017-03-09T03:11:05: 读取文件成功
2017-03-09T03:11:15: 读取文件成功
2017-03-09T03:11:25: 读取文件成功
2017-03-09T03:11:35: 读取文件成功
2017-03-09T03:11:45: 读取文件成功
2017-03-09T03:11:55: 读取文件成功
2017-03-09T03:12:05: 读取文件成功
2017-03-09T03:12:15: 读取文件成功
2017-03-09T03:12:25: 读取文件成功
2017-03-09T03:12:35: 读取文件成功
2017-03-09T03:12:45: 读取文件成功
2017-03-09T03:12:55: 读取文件成功
2017-03-09T03:13:05: 读取文件成功
2017-03-09T03:13:15: 读取文件成功
2017-03-09T03:13:25: 读取文件成功
2017-03-09T03:13:35: 读取文件成功
2017-03-09T03:13:45: 读取文件成功
2017-03-09T03:13:55: 读取文件成功
2017-03-09T03:14:05: 读取文件成功
2017-03-09T03:14:15: 读取文件成功
2017-03-09T03:14:25: 读取文件成功
2017-03-09T03:14:35: 读取文件成功
2017-03-09T03:14:45: 读取文件成功
2017-03-09T03:14:55: 读取文件成功
2017-03-09T03:15:05: 读取文件成功
2017-03-09T03:15:15: 读取文件成功
2017-03-09T03:15:25: 读取文件成功
2017-03-09T03:15:35: 读取文件成功
2017-03-09T03:15:45: 读取文件成功
2017-03-09T03:15:55: 读取文件成功
2017-03-09T03:16:05: 读取文件成功
2017-03-09T03:16:15: 读取文件成功
2017-03-09T03:16:25: 读取文件成功
2017-03-09T03:16:35: 读取文件成功
2017-03-09T03:16:45: 读取文件成功
2017-03-09T03:16:55: 读取文件成功
2017-03-09T03:17:05: 读取文件成功
2017-03-09T03:17:15: 读取文件成功
2017-03-09T03:17:25: 读取文件成功
2017-03-09T03:17:35: 读取文件成功
2017-03-09T03:17:45: 读取文件成功
2017-03-09T03:17:55: 读取文件成功
2017-03-09T03:18:05: 读取文件成功
2017-03-09T03:18:15: 读取文件成功
2017-03-09T03:18:25: 读取文件成功
2017-03-09T03:18:35: 读取文件成功
2017-03-09T03:18:45: 读取文件成功
2017-03-09T03:18:55: 读取文件成功
2017-03-09T03:19:05: 读取文件成功
2017-03-09T03:19:15: 读取文件成功
2017-03-09T03:19:25: 读取文件成功
2017-03-09T03:19:36: 读取文件成功
2017-03-09T03:19:45: 读取文件成功
2017-03-09T03:19:55: 读取文件成功
2017-03-09T03:20:06: 读取文件成功
2017-03-09T03:20:16: 读取文件成功
2017-03-09T03:20:26: 读取文件成功
2017-03-09T03:20:36: 读取文件成功
2017-03-09T03:20:46: 读取文件成功
2017-03-09T03:20:56: 读取文件成功
2017-03-09T03:21:06: 读取文件成功
2017-03-09T03:21:16: 读取文件成功
2017-03-09T03:21:26: 读取文件成功
2017-03-09T03:21:36: 读取文件成功
2017-03-09T03:21:46: 读取文件成功
2017-03-09T03:21:56: 读取文件成功
2017-03-09T03:22:06: 读取文件成功
2017-03-09T03:22:16: 读取文件成功
2017-03-09T03:22:26: 读取文件成功
2017-03-09T03:22:36: 读取文件成功
2017-03-09T03:22:46: 读取文件成功
2017-03-09T03:22:56: 读取文件成功
2017-03-09T03:23:06: 读取文件成功
2017-03-09T03:23:16: 读取文件成功
2017-03-09T03:23:26: 读取文件成功
2017-03-09T03:23:36: 读取文件成功
2017-03-09T03:23:46: 读取文件成功
2017-03-09T03:23:56: 读取文件成功
2017-03-09T03:24:06: 读取文件成功
2017-03-09T03:24:16: 读取文件成功
2017-03-09T03:24:26: 读取文件成功
2017-03-09T03:24:36: 读取文件成功
2017-03-09T03:24:46: 读取文件成功
2017-03-09T03:24:56: 读取文件成功
2017-03-09T03:25:06: 读取文件成功
2017-03-09T03:25:16: 读取文件成功
2017-03-09T03:25:26: 读取文件成功
2017-03-09T03:25:36: 读取文件成功
2017-03-09T03:25:46: 读取文件成功
2017-03-09T03:25:56: 读取文件成功
2017-03-09T03:26:06: 读取文件成功
2017-03-09T03:26:16: 读取文件成功
2017-03-09T03:26:26: 读取文件成功
2017-03-09T03:26:36: 读取文件成功
2017-03-09T03:26:46: 读取文件成功
2017-03-09T03:26:56: 读取文件成功
2017-03-09T03:27:06: 读取文件成功
2017-03-09T03:27:16: 读取文件成功
2017-03-09T03:27:26: 读取文件成功
2017-03-09T03:27:36: 读取文件成功
2017-03-09T03:27:46: 读取文件成功
2017-03-09T03:27:56: 读取文件成功
2017-03-09T03:28:06: 读取文件成功
2017-03-09T03:28:16: 读取文件成功
2017-03-09T03:28:26: 读取文件成功
2017-03-09T03:28:36: 读取文件成功
2017-03-09T03:28:46: 读取文件成功
2017-03-09T03:28:56: 读取文件成功
2017-03-09T03:29:06: 读取文件成功
2017-03-09T03:29:16: 读取文件成功
2017-03-09T03:29:26: 读取文件成功
2017-03-09T03:29:36: 读取文件成功
2017-03-09T03:29:46: 读取文件成功
2017-03-09T03:29:56: 读取文件成功
2017-03-09T03:30:06: 读取文件成功
2017-03-09T03:30:16: 读取文件成功
2017-03-09T03:30:26: 读取文件成功
2017-03-09T03:30:36: 读取文件成功
2017-03-09T03:30:46: 读取文件成功
2017-03-09T03:30:56: 读取文件成功
2017-03-09T03:31:06: 读取文件成功
2017-03-09T03:31:16: 读取文件成功
2017-03-09T03:31:26: 读取文件成功
2017-03-09T03:31:36: 读取文件成功
2017-03-09T03:31:46: 读取文件成功
2017-03-09T03:31:56: 读取文件成功
2017-03-09T03:32:06: 读取文件成功
2017-03-09T03:32:16: 读取文件成功
2017-03-09T03:32:26: 读取文件成功
2017-03-09T03:32:36: 读取文件成功
2017-03-09T03:32:46: 读取文件成功
2017-03-09T03:32:56: 读取文件成功
2017-03-09T03:33:06: 读取文件成功
2017-03-09T03:33:16: 读取文件成功
2017-03-09T03:33:26: 读取文件成功
2017-03-09T03:33:36: 读取文件成功
2017-03-09T03:33:46: 读取文件成功
2017-03-09T03:33:56: 读取文件成功
2017-03-09T03:34:06: 读取文件成功
2017-03-09T03:34:16: 读取文件成功
2017-03-09T03:34:26: 读取文件成功
2017-03-09T03:34:36: 读取文件成功
2017-03-09T03:34:46: 读取文件成功
2017-03-09T03:34:57: 读取文件成功
2017-03-09T03:35:06: 读取文件成功
2017-03-09T03:35:16: 读取文件成功
2017-03-09T03:35:26: 读取文件成功
2017-03-09T03:35:36: 读取文件成功
2017-03-09T03:35:46: 读取文件成功
2017-03-09T03:35:56: 读取文件成功
2017-03-09T03:36:07: 读取文件成功
2017-03-09T03:36:16: 读取文件成功
2017-03-09T03:36:26: 读取文件成功
2017-03-09T03:36:36: 读取文件成功
2017-03-09T03:36:46: 读取文件成功
2017-03-09T03:36:56: 读取文件成功
2017-03-09T03:37:06: 读取文件成功
2017-03-09T03:37:16: 读取文件成功
2017-03-09T03:37:27: 读取文件成功
2017-03-09T03:37:37: 读取文件成功
2017-03-09T03:37:47: 读取文件成功
2017-03-09T03:37:58: 读取文件成功
2017-03-09T03:38:07: 读取文件成功
2017-03-09T03:38:17: 读取文件成功
2017-03-09T03:38:27: 读取文件成功
2017-03-09T03:38:37: 读取文件成功
2017-03-09T03:38:47: 读取文件成功
2017-03-09T03:38:57: 读取文件成功
2017-03-09T03:39:07: 读取文件成功
2017-03-09T03:39:17: 读取文件成功
2017-03-09T03:39:27: 读取文件成功
2017-03-09T03:39:37: 读取文件成功
2017-03-09T03:39:47: 读取文件成功
2017-03-09T03:39:57: 读取文件成功
2017-03-09T03:40:07: 读取文件成功
2017-03-09T03:40:17: 读取文件成功
2017-03-09T03:40:27: 读取文件成功
2017-03-09T03:40:37: 读取文件成功
2017-03-09T03:40:47: 读取文件成功
2017-03-09T03:40:57: 读取文件成功
2017-03-09T03:41:07: 读取文件成功
2017-03-09T03:41:17: 读取文件成功
2017-03-09T03:41:27: 读取文件成功
2017-03-09T03:41:37: 读取文件成功
2017-03-09T03:41:47: 读取文件成功
2017-03-09T03:41:57: 读取文件成功
2017-03-09T03:42:07: 读取文件成功
2017-03-09T03:42:17: 读取文件成功
2017-03-09T03:42:27: 读取文件成功
2017-03-09T03:42:37: 读取文件成功
2017-03-09T03:42:47: 读取文件成功
2017-03-09T03:42:57: 读取文件成功
2017-03-09T03:43:07: 读取文件成功
2017-03-09T03:43:17: 读取文件成功
2017-03-09T03:43:27: 读取文件成功
2017-03-09T03:43:37: 读取文件成功
2017-03-09T03:43:47: 读取文件成功
2017-03-09T03:43:57: 读取文件成功
2017-03-09T03:44:07: 读取文件成功
2017-03-09T03:44:17: 读取文件成功
2017-03-09T03:44:27: 读取文件成功
2017-03-09T03:44:37: 读取文件成功
2017-03-09T03:44:47: 读取文件成功
2017-03-09T03:44:57: 读取文件成功
2017-03-09T03:45:07: 读取文件成功
2017-03-09T03:45:17: 读取文件成功
2017-03-09T03:45:27: 读取文件成功
2017-03-09T03:45:37: 读取文件成功
2017-03-09T03:45:47: 读取文件成功
2017-03-09T03:45:57: 读取文件成功
2017-03-09T03:46:07: 读取文件成功
2017-03-09T03:46:17: 读取文件成功
2017-03-09T03:46:27: 读取文件成功
2017-03-09T03:46:37: 读取文件成功
2017-03-09T03:46:47: 读取文件成功
2017-03-09T03:46:57: 读取文件成功
2017-03-09T03:47:07: 读取文件成功
2017-03-09T03:47:17: 读取文件成功
2017-03-09T03:47:27: 读取文件成功
2017-03-09T03:47:37: 读取文件成功
2017-03-09T03:47:48: 读取文件成功
2017-03-09T03:47:57: 读取文件成功
2017-03-09T03:48:07: 读取文件成功
2017-03-09T03:48:17: 读取文件成功
2017-03-09T03:48:27: 读取文件成功
2017-03-09T03:48:37: 读取文件成功
2017-03-09T03:48:47: 读取文件成功
2017-03-09T03:48:57: 读取文件成功
2017-03-09T03:49:07: 读取文件成功
2017-03-09T03:49:17: 读取文件成功
2017-03-09T03:49:27: 读取文件成功
2017-03-09T03:49:37: 读取文件成功
2017-03-09T03:49:47: 读取文件成功
2017-03-09T03:49:57: 读取文件成功
2017-03-09T03:50:07: 读取文件成功
2017-03-09T03:50:17: 读取文件成功
2017-03-09T03:50:27: 读取文件成功
2017-03-09T03:50:37: 读取文件成功
2017-03-09T03:50:47: 读取文件成功
2017-03-09T03:50:57: 读取文件成功
2017-03-09T03:51:07: 读取文件成功
2017-03-09T03:51:17: 读取文件成功
2017-03-09T03:51:27: 读取文件成功
2017-03-09T03:51:37: 读取文件成功
2017-03-09T03:51:47: 读取文件成功
2017-03-09T03:51:57: 读取文件成功
2017-03-09T03:52:07: 读取文件成功
2017-03-09T03:52:17: 读取文件成功
2017-03-09T03:52:27: 读取文件成功
2017-03-09T03:52:37: 读取文件成功
2017-03-09T03:52:47: 读取文件成功
2017-03-09T03:52:57: 读取文件成功
2017-03-09T03:53:07: 读取文件成功
2017-03-09T03:53:18: 读取文件成功
2017-03-09T03:53:27: 读取文件成功
2017-03-09T03:53:37: 读取文件成功
2017-03-09T03:53:47: 读取文件成功
2017-03-09T03:53:57: 读取文件成功
2017-03-09T03:54:07: 读取文件成功
2017-03-09T03:54:17: 读取文件成功
2017-03-09T03:54:29: 读取文件成功
2017-03-09T03:54:38: 读取文件成功
2017-03-09T03:54:48: 读取文件成功
2017-03-09T03:54:58: 读取文件成功
2017-03-09T03:55:08: 读取文件成功
2017-03-09T03:55:18: 读取文件成功
2017-03-09T03:55:28: 读取文件成功
2017-03-09T03:55:38: 读取文件成功
2017-03-09T03:55:48: 读取文件成功
2017-03-09T03:55:58: 读取文件成功
2017-03-09T03:56:08: 读取文件成功
2017-03-09T03:56:18: 读取文件成功
2017-03-09T03:56:28: 读取文件成功
2017-03-09T03:56:38: 读取文件成功
2017-03-09T03:56:48: 读取文件成功
2017-03-09T03:56:58: 读取文件成功
2017-03-09T03:57:08: 读取文件成功
2017-03-09T03:57:18: 读取文件成功
2017-03-09T03:57:28: 读取文件成功
2017-03-09T03:57:38: 读取文件成功
2017-03-09T03:57:48: 读取文件成功
2017-03-09T03:57:58: 读取文件成功
2017-03-09T03:58:08: 读取文件成功
2017-03-09T03:58:18: 读取文件成功
2017-03-09T03:58:28: 读取文件成功
2017-03-09T03:58:38: 读取文件成功
2017-03-09T03:58:48: 读取文件成功
2017-03-09T03:58:58: 读取文件成功
2017-03-09T03:59:08: 读取文件成功
2017-03-09T03:59:18: 读取文件成功
2017-03-09T03:59:28: 读取文件成功
2017-03-09T03:59:38: 读取文件成功
2017-03-09T03:59:48: 读取文件成功
2017-03-09T03:59:58: 读取文件成功
2017-03-09T04:00:08: 读取文件成功
2017-03-09T04:00:18: 读取文件成功
2017-03-09T04:00:28: 读取文件成功
2017-03-09T04:00:38: 读取文件成功
2017-03-09T04:00:48: 读取文件成功
2017-03-09T04:00:58: 读取文件成功
2017-03-09T04:01:08: 读取文件成功
2017-03-09T04:01:18: 读取文件成功
2017-03-09T04:01:28: 读取文件成功
2017-03-09T04:01:38: 读取文件成功
2017-03-09T04:01:49: 读取文件成功
2017-03-09T04:01:58: 读取文件成功
2017-03-09T04:02:08: 读取文件成功
2017-03-09T04:02:18: 读取文件成功
2017-03-09T04:02:28: 读取文件成功
2017-03-09T04:02:38: 读取文件成功
2017-03-09T04:02:48: 读取文件成功
2017-03-09T04:02:58: 读取文件成功
2017-03-09T04:03:08: 读取文件成功
2017-03-09T04:03:18: 读取文件成功
2017-03-09T04:03:28: 读取文件成功
2017-03-09T04:03:38: 读取文件成功
2017-03-09T04:03:48: 读取文件成功
2017-03-09T04:03:58: 读取文件成功
2017-03-09T04:04:08: 读取文件成功
2017-03-09T04:04:18: 读取文件成功
2017-03-09T04:04:28: 读取文件成功
2017-03-09T04:04:38: 读取文件成功
2017-03-09T04:04:48: 读取文件成功
2017-03-09T04:04:58: 读取文件成功
2017-03-09T04:05:08: 读取文件成功
2017-03-09T04:05:18: 读取文件成功
2017-03-09T04:05:28: 读取文件成功
2017-03-09T04:05:38: 读取文件成功
2017-03-09T04:05:48: 读取文件成功
2017-03-09T04:05:58: 读取文件成功
2017-03-09T04:06:08: 读取文件成功
2017-03-09T04:06:18: 读取文件成功
2017-03-09T04:06:28: 读取文件成功
2017-03-09T04:06:38: 读取文件成功
2017-03-09T04:06:48: 读取文件成功
2017-03-09T04:06:58: 读取文件成功
2017-03-09T04:07:08: 读取文件成功
2017-03-09T04:07:18: 读取文件成功
2017-03-09T04:07:28: 读取文件成功
2017-03-09T04:07:38: 读取文件成功
2017-03-09T04:07:48: 读取文件成功
2017-03-09T04:07:58: 读取文件成功
2017-03-09T04:08:08: 读取文件成功
2017-03-09T04:08:18: 读取文件成功
2017-03-09T04:08:28: 读取文件成功
2017-03-09T04:08:38: 读取文件成功
2017-03-09T04:08:48: 读取文件成功
2017-03-09T04:08:58: 读取文件成功
2017-03-09T04:09:09: 读取文件成功
2017-03-09T04:09:18: 读取文件成功
2017-03-09T04:09:28: 读取文件成功
2017-03-09T04:09:39: 读取文件成功
2017-03-09T04:09:49: 读取文件成功
2017-03-09T04:09:59: 读取文件成功
2017-03-09T04:10:09: 读取文件成功
2017-03-09T04:10:19: 读取文件成功
2017-03-09T04:10:29: 读取文件成功
2017-03-09T04:10:39: 读取文件成功
2017-03-09T04:10:49: 读取文件成功
2017-03-09T04:10:59: 读取文件成功
2017-03-09T04:11:09: 读取文件成功
2017-03-09T04:11:19: 读取文件成功
2017-03-09T04:11:29: 读取文件成功
2017-03-09T04:11:39: 读取文件成功
2017-03-09T04:11:49: 读取文件成功
2017-03-09T04:11:59: 读取文件成功
2017-03-09T04:12:09: 读取文件成功
2017-03-09T04:12:19: 读取文件成功
2017-03-09T04:12:30: 读取文件成功
2017-03-09T04:12:39: 读取文件成功
2017-03-09T04:12:49: 读取文件成功
2017-03-09T04:12:59: 读取文件成功
2017-03-09T04:13:09: 读取文件成功
2017-03-09T04:13:19: 读取文件成功
2017-03-09T04:13:29: 读取文件成功
2017-03-09T04:13:39: 读取文件成功
2017-03-09T04:13:49: 读取文件成功
2017-03-09T04:13:59: 读取文件成功
2017-03-09T04:14:09: 读取文件成功
2017-03-09T04:14:19: 读取文件成功
2017-03-09T04:14:29: 读取文件成功
2017-03-09T04:14:39: 读取文件成功
2017-03-09T04:14:49: 读取文件成功
2017-03-09T04:14:59: 读取文件成功
2017-03-09T04:15:09: 读取文件成功
2017-03-09T04:15:19: 读取文件成功
2017-03-09T04:15:29: 读取文件成功
2017-03-09T04:15:39: 读取文件成功
2017-03-09T04:15:49: 读取文件成功
2017-03-09T04:15:59: 读取文件成功
2017-03-09T04:16:09: 读取文件成功
2017-03-09T04:16:19: 读取文件成功
2017-03-09T04:16:29: 读取文件成功
2017-03-09T04:16:39: 读取文件成功
2017-03-09T04:16:49: 读取文件成功
2017-03-09T04:16:59: 读取文件成功
2017-03-09T04:17:09: 读取文件成功
2017-03-09T04:17:19: 读取文件成功
2017-03-09T04:17:29: 读取文件成功
2017-03-09T04:17:39: 读取文件成功
2017-03-09T04:17:49: 读取文件成功
2017-03-09T04:17:59: 读取文件成功
2017-03-09T04:18:09: 读取文件成功
2017-03-09T04:18:19: 读取文件成功
2017-03-09T04:18:29: 读取文件成功
2017-03-09T04:18:39: 读取文件成功
2017-03-09T04:18:49: 读取文件成功
2017-03-09T04:18:59: 读取文件成功
2017-03-09T04:19:09: 读取文件成功
2017-03-09T04:19:19: 读取文件成功
2017-03-09T04:19:29: 读取文件成功
2017-03-09T04:19:39: 读取文件成功
2017-03-09T04:19:49: 读取文件成功
2017-03-09T04:19:59: 读取文件成功
2017-03-09T04:20:09: 读取文件成功
2017-03-09T04:20:19: 读取文件成功
2017-03-09T04:20:29: 读取文件成功
2017-03-09T04:20:39: 读取文件成功
2017-03-09T04:20:49: 读取文件成功
2017-03-09T04:20:59: 读取文件成功
2017-03-09T04:21:09: 读取文件成功
2017-03-09T04:21:19: 读取文件成功
2017-03-09T04:21:29: 读取文件成功
2017-03-09T04:21:39: 读取文件成功
2017-03-09T04:21:49: 读取文件成功
2017-03-09T04:21:59: 读取文件成功
2017-03-09T04:22:09: 读取文件成功
2017-03-09T04:22:19: 读取文件成功
2017-03-09T04:22:29: 读取文件成功
2017-03-09T04:22:39: 读取文件成功
2017-03-09T04:22:49: 读取文件成功
2017-03-09T04:22:59: 读取文件成功
2017-03-09T04:23:09: 读取文件成功
2017-03-09T04:23:19: 读取文件成功
2017-03-09T04:23:29: 读取文件成功
2017-03-09T04:23:39: 读取文件成功
2017-03-09T04:23:49: 读取文件成功
2017-03-09T04:24:00: 读取文件成功
2017-03-09T04:24:10: 读取文件成功
2017-03-09T04:24:20: 读取文件成功
2017-03-09T04:24:30: 读取文件成功
2017-03-09T04:24:40: 读取文件成功
2017-03-09T04:24:50: 读取文件成功
2017-03-09T04:25:00: 读取文件成功
2017-03-09T04:25:10: 读取文件成功
2017-03-09T04:25:20: 读取文件成功
2017-03-09T04:25:30: 读取文件成功
2017-03-09T04:25:40: 读取文件成功
2017-03-09T04:25:50: 读取文件成功
2017-03-09T04:26:00: 读取文件成功
2017-03-09T04:26:10: 读取文件成功
2017-03-09T04:26:20: 读取文件成功
2017-03-09T04:26:30: 读取文件成功
2017-03-09T04:26:40: 读取文件成功
2017-03-09T04:26:50: 读取文件成功
2017-03-09T04:27:00: 读取文件成功
2017-03-09T04:27:10: 读取文件成功
2017-03-09T04:27:20: 读取文件成功
2017-03-09T04:27:30: 读取文件成功
2017-03-09T04:27:40: 读取文件成功
2017-03-09T04:27:50: 读取文件成功
2017-03-09T04:28:00: 读取文件成功
2017-03-09T04:28:10: 读取文件成功
2017-03-09T04:28:20: 读取文件成功
2017-03-09T04:28:30: 读取文件成功
2017-03-09T04:28:40: 读取文件成功
2017-03-09T04:28:50: 读取文件成功
2017-03-09T04:29:00: 读取文件成功
2017-03-09T04:29:10: 读取文件成功
2017-03-09T04:29:20: 读取文件成功
2017-03-09T04:29:30: 读取文件成功
2017-03-09T04:29:40: 读取文件成功
2017-03-09T04:29:50: 读取文件成功
2017-03-09T04:30:00: 读取文件成功
2017-03-09T04:30:10: 读取文件成功
2017-03-09T04:30:20: 读取文件成功
2017-03-09T04:30:30: 读取文件成功
2017-03-09T04:30:40: 读取文件成功
2017-03-09T04:30:50: 读取文件成功
2017-03-09T04:31:00: 读取文件成功
2017-03-09T04:31:10: 读取文件成功
2017-03-09T04:31:20: 读取文件成功
2017-03-09T04:31:30: 读取文件成功
2017-03-09T04:31:40: 读取文件成功
2017-03-09T04:31:50: 读取文件成功
2017-03-09T04:32:00: 读取文件成功
2017-03-09T04:32:10: 读取文件成功
2017-03-09T04:32:20: 读取文件成功
2017-03-09T04:32:30: 读取文件成功
2017-03-09T04:32:40: 读取文件成功
2017-03-09T04:32:50: 读取文件成功
2017-03-09T04:33:00: 读取文件成功
2017-03-09T04:33:10: 读取文件成功
2017-03-09T04:33:20: 读取文件成功
2017-03-09T04:33:30: 读取文件成功
2017-03-09T04:33:40: 读取文件成功
2017-03-09T04:33:50: 读取文件成功
2017-03-09T04:34:00: 读取文件成功
2017-03-09T04:34:10: 读取文件成功
2017-03-09T04:34:20: 读取文件成功
2017-03-09T04:34:30: 读取文件成功
2017-03-09T04:34:40: 读取文件成功
2017-03-09T04:34:50: 读取文件成功
2017-03-09T04:35:00: 读取文件成功
2017-03-09T04:35:10: 读取文件成功
2017-03-09T04:35:20: 读取文件成功
2017-03-09T04:35:30: 读取文件成功
2017-03-09T04:35:40: 读取文件成功
2017-03-09T04:35:50: 读取文件成功
2017-03-09T04:36:00: 读取文件成功
2017-03-09T04:36:10: 读取文件成功
2017-03-09T04:36:20: 读取文件成功
2017-03-09T04:36:30: 读取文件成功
2017-03-09T04:36:40: 读取文件成功
2017-03-09T04:36:50: 读取文件成功
2017-03-09T04:37:00: 读取文件成功
2017-03-09T04:37:10: 读取文件成功
2017-03-09T04:37:20: 读取文件成功
2017-03-09T04:37:30: 读取文件成功
2017-03-09T04:37:40: 读取文件成功
2017-03-09T04:37:50: 读取文件成功
2017-03-09T04:38:00: 读取文件成功
2017-03-09T04:38:10: 读取文件成功
2017-03-09T04:38:20: 读取文件成功
2017-03-09T04:38:30: 读取文件成功
2017-03-09T04:38:40: 读取文件成功
2017-03-09T04:38:51: 读取文件成功
2017-03-09T04:39:01: 读取文件成功
2017-03-09T04:39:11: 读取文件成功
2017-03-09T04:39:21: 读取文件成功
2017-03-09T04:39:31: 读取文件成功
2017-03-09T04:39:41: 读取文件成功
2017-03-09T04:39:51: 读取文件成功
2017-03-09T04:40:01: 读取文件成功
2017-03-09T04:40:11: 读取文件成功
2017-03-09T04:40:21: 读取文件成功
2017-03-09T04:40:31: 读取文件成功
2017-03-09T04:40:41: 读取文件成功
2017-03-09T04:40:51: 读取文件成功
2017-03-09T04:41:01: 读取文件成功
2017-03-09T04:41:11: 读取文件成功
2017-03-09T04:41:21: 读取文件成功
2017-03-09T04:41:31: 读取文件成功
2017-03-09T04:41:41: 读取文件成功
2017-03-09T04:41:51: 读取文件成功
2017-03-09T04:42:01: 读取文件成功
2017-03-09T04:42:11: 读取文件成功
2017-03-09T04:42:21: 读取文件成功
2017-03-09T04:42:31: 读取文件成功
2017-03-09T04:42:41: 读取文件成功
2017-03-09T04:42:51: 读取文件成功
2017-03-09T04:43:01: 读取文件成功
2017-03-09T04:43:11: 读取文件成功
2017-03-09T04:43:21: 读取文件成功
2017-03-09T04:43:31: 读取文件成功
2017-03-09T04:43:41: 读取文件成功
2017-03-09T04:43:51: 读取文件成功
2017-03-09T04:44:01: 读取文件成功
2017-03-09T04:44:11: 读取文件成功
2017-03-09T04:44:21: 读取文件成功
2017-03-09T04:44:31: 读取文件成功
2017-03-09T04:44:41: 读取文件成功
2017-03-09T04:44:51: 读取文件成功
2017-03-09T04:45:01: 读取文件成功
2017-03-09T04:45:11: 读取文件成功
2017-03-09T04:45:21: 读取文件成功
2017-03-09T04:45:31: 读取文件成功
2017-03-09T04:45:41: 读取文件成功
2017-03-09T04:45:51: 读取文件成功
2017-03-09T04:46:01: 读取文件成功
2017-03-09T04:46:11: 读取文件成功
2017-03-09T04:46:21: 读取文件成功
2017-03-09T04:46:31: 读取文件成功
2017-03-09T04:46:41: 读取文件成功
2017-03-09T04:46:51: 读取文件成功
2017-03-09T04:47:01: 读取文件成功
2017-03-09T04:47:11: 读取文件成功
2017-03-09T04:47:21: 读取文件成功
2017-03-09T04:47:31: 读取文件成功
2017-03-09T04:47:41: 读取文件成功
2017-03-09T04:47:51: 读取文件成功
2017-03-09T04:48:01: 读取文件成功
2017-03-09T04:48:11: 读取文件成功
2017-03-09T04:48:21: 读取文件成功
2017-03-09T04:48:31: 读取文件成功
2017-03-09T04:48:41: 读取文件成功
2017-03-09T04:48:51: 读取文件成功
2017-03-09T04:49:01: 读取文件成功
2017-03-09T04:49:11: 读取文件成功
2017-03-09T04:49:21: 读取文件成功
2017-03-09T04:49:31: 读取文件成功
2017-03-09T04:49:41: 读取文件成功
2017-03-09T04:49:51: 读取文件成功
2017-03-09T04:50:01: 读取文件成功
2017-03-09T04:50:11: 读取文件成功
2017-03-09T04:50:21: 读取文件成功
2017-03-09T04:50:31: 读取文件成功
2017-03-09T04:50:41: 读取文件成功
2017-03-09T04:50:51: 读取文件成功
2017-03-09T04:51:01: 读取文件成功
2017-03-09T04:51:11: 读取文件成功
2017-03-09T04:51:21: 读取文件成功
2017-03-09T04:51:31: 读取文件成功
2017-03-09T04:51:41: 读取文件成功
2017-03-09T04:51:52: 读取文件成功
2017-03-09T04:52:01: 读取文件成功
2017-03-09T04:52:11: 读取文件成功
2017-03-09T04:52:21: 读取文件成功
2017-03-09T04:52:31: 读取文件成功
2017-03-09T04:52:41: 读取文件成功
2017-03-09T04:52:51: 读取文件成功
2017-03-09T04:53:01: 读取文件成功
2017-03-09T04:53:11: 读取文件成功
2017-03-09T04:53:21: 读取文件成功
2017-03-09T04:53:31: 读取文件成功
2017-03-09T04:53:41: 读取文件成功
2017-03-09T04:53:51: 读取文件成功
2017-03-09T04:54:01: 读取文件成功
2017-03-09T04:54:11: 读取文件成功
2017-03-09T04:54:22: 读取文件成功
2017-03-09T04:54:32: 读取文件成功
2017-03-09T04:54:42: 读取文件成功
2017-03-09T04:54:52: 读取文件成功
2017-03-09T04:55:02: 读取文件成功
2017-03-09T04:55:12: 读取文件成功
2017-03-09T04:55:22: 读取文件成功
2017-03-09T04:55:32: 读取文件成功
2017-03-09T04:55:42: 读取文件成功
2017-03-09T04:55:52: 读取文件成功
2017-03-09T04:56:02: 读取文件成功
2017-03-09T04:56:12: 读取文件成功
2017-03-09T04:56:22: 读取文件成功
2017-03-09T04:56:32: 读取文件成功
2017-03-09T04:56:42: 读取文件成功
2017-03-09T04:56:52: 读取文件成功
2017-03-09T04:57:02: 读取文件成功
2017-03-09T04:57:12: 读取文件成功
2017-03-09T04:57:22: 读取文件成功
2017-03-09T04:57:32: 读取文件成功
2017-03-09T04:57:42: 读取文件成功
2017-03-09T04:57:52: 读取文件成功
2017-03-09T04:58:02: 读取文件成功
2017-03-09T04:58:12: 读取文件成功
2017-03-09T04:58:22: 读取文件成功
2017-03-09T04:58:32: 读取文件成功
2017-03-09T04:58:42: 读取文件成功
2017-03-09T04:58:52: 读取文件成功
2017-03-09T04:59:02: 读取文件成功
