2017-07-22T00:00:29: 非记录时间：2017-07-22T00:00:29+08:00
2017-07-22T00:01:29: 非记录时间：2017-07-22T00:01:29+08:00
2017-07-22T00:02:29: 非记录时间：2017-07-22T00:02:29+08:00
2017-07-22T00:03:29: 非记录时间：2017-07-22T00:03:29+08:00
2017-07-22T00:04:29: 非记录时间：2017-07-22T00:04:29+08:00
2017-07-22T00:05:29: 非记录时间：2017-07-22T00:05:29+08:00
2017-07-22T00:06:29: 非记录时间：2017-07-22T00:06:29+08:00
2017-07-22T00:07:29: 非记录时间：2017-07-22T00:07:29+08:00
2017-07-22T00:08:29: 非记录时间：2017-07-22T00:08:29+08:00
2017-07-22T00:09:29: 非记录时间：2017-07-22T00:09:29+08:00
2017-07-22T00:10:29: 非记录时间：2017-07-22T00:10:29+08:00
2017-07-22T00:11:29: 非记录时间：2017-07-22T00:11:29+08:00
2017-07-22T00:12:29: 非记录时间：2017-07-22T00:12:29+08:00
2017-07-22T00:13:29: 非记录时间：2017-07-22T00:13:29+08:00
2017-07-22T00:14:29: 非记录时间：2017-07-22T00:14:29+08:00
2017-07-22T00:15:29: 非记录时间：2017-07-22T00:15:29+08:00
2017-07-22T00:16:29: 非记录时间：2017-07-22T00:16:29+08:00
2017-07-22T00:17:29: 非记录时间：2017-07-22T00:17:29+08:00
2017-07-22T00:18:29: 非记录时间：2017-07-22T00:18:29+08:00
2017-07-22T00:19:29: 非记录时间：2017-07-22T00:19:29+08:00
2017-07-22T00:20:29: 非记录时间：2017-07-22T00:20:29+08:00
2017-07-22T00:21:29: 非记录时间：2017-07-22T00:21:29+08:00
2017-07-22T00:22:29: 非记录时间：2017-07-22T00:22:29+08:00
2017-07-22T00:23:29: 非记录时间：2017-07-22T00:23:29+08:00
2017-07-22T00:24:29: 非记录时间：2017-07-22T00:24:29+08:00
2017-07-22T00:25:29: 非记录时间：2017-07-22T00:25:29+08:00
2017-07-22T00:26:29: 非记录时间：2017-07-22T00:26:29+08:00
2017-07-22T00:27:29: 非记录时间：2017-07-22T00:27:29+08:00
2017-07-22T00:28:29: 非记录时间：2017-07-22T00:28:29+08:00
2017-07-22T00:29:29: 非记录时间：2017-07-22T00:29:29+08:00
2017-07-22T00:30:29: 非记录时间：2017-07-22T00:30:29+08:00
2017-07-22T00:31:29: 非记录时间：2017-07-22T00:31:29+08:00
2017-07-22T00:32:29: 非记录时间：2017-07-22T00:32:29+08:00
2017-07-22T00:33:29: 非记录时间：2017-07-22T00:33:29+08:00
2017-07-22T00:34:29: 非记录时间：2017-07-22T00:34:29+08:00
2017-07-22T00:35:29: 非记录时间：2017-07-22T00:35:29+08:00
2017-07-22T00:36:29: 非记录时间：2017-07-22T00:36:29+08:00
2017-07-22T00:37:29: 非记录时间：2017-07-22T00:37:29+08:00
2017-07-22T00:38:29: 非记录时间：2017-07-22T00:38:29+08:00
2017-07-22T00:39:29: 非记录时间：2017-07-22T00:39:29+08:00
2017-07-22T00:40:29: 非记录时间：2017-07-22T00:40:29+08:00
2017-07-22T00:41:29: 非记录时间：2017-07-22T00:41:29+08:00
2017-07-22T00:42:29: 非记录时间：2017-07-22T00:42:29+08:00
2017-07-22T00:43:29: 非记录时间：2017-07-22T00:43:29+08:00
2017-07-22T00:44:29: 非记录时间：2017-07-22T00:44:29+08:00
2017-07-22T00:45:29: 非记录时间：2017-07-22T00:45:29+08:00
2017-07-22T00:46:29: 非记录时间：2017-07-22T00:46:29+08:00
2017-07-22T00:47:29: 非记录时间：2017-07-22T00:47:29+08:00
2017-07-22T00:48:29: 非记录时间：2017-07-22T00:48:29+08:00
2017-07-22T00:49:29: 非记录时间：2017-07-22T00:49:29+08:00
2017-07-22T00:50:29: 非记录时间：2017-07-22T00:50:29+08:00
2017-07-22T00:51:29: 非记录时间：2017-07-22T00:51:29+08:00
2017-07-22T00:52:29: 非记录时间：2017-07-22T00:52:29+08:00
2017-07-22T00:53:29: 非记录时间：2017-07-22T00:53:29+08:00
2017-07-22T00:54:29: 非记录时间：2017-07-22T00:54:29+08:00
2017-07-22T00:55:29: 非记录时间：2017-07-22T00:55:29+08:00
2017-07-22T00:56:29: 非记录时间：2017-07-22T00:56:29+08:00
2017-07-22T00:57:29: 非记录时间：2017-07-22T00:57:29+08:00
2017-07-22T00:58:29: 非记录时间：2017-07-22T00:58:29+08:00
2017-07-22T00:59:29: 非记录时间：2017-07-22T00:59:29+08:00
2017-07-22T01:00:29: 非记录时间：2017-07-22T01:00:29+08:00
2017-07-22T01:01:29: 非记录时间：2017-07-22T01:01:29+08:00
2017-07-22T01:02:29: 非记录时间：2017-07-22T01:02:29+08:00
2017-07-22T01:03:29: 非记录时间：2017-07-22T01:03:29+08:00
2017-07-22T01:04:29: 非记录时间：2017-07-22T01:04:29+08:00
2017-07-22T01:05:29: 非记录时间：2017-07-22T01:05:29+08:00
2017-07-22T01:06:29: 非记录时间：2017-07-22T01:06:29+08:00
2017-07-22T01:07:29: 非记录时间：2017-07-22T01:07:29+08:00
2017-07-22T01:08:29: 非记录时间：2017-07-22T01:08:29+08:00
2017-07-22T01:09:29: 非记录时间：2017-07-22T01:09:29+08:00
2017-07-22T01:10:29: 非记录时间：2017-07-22T01:10:29+08:00
2017-07-22T01:11:30: 读取文件失败，可能是该文件不存在
2017-07-22T01:11:30: Error: ENOENT: no such file or directory, open './data/2017-07-22.json'
2017-07-22T01:12:30: 读取文件成功
2017-07-22T01:13:30: 读取文件成功
2017-07-22T01:14:30: 读取文件成功
2017-07-22T01:15:30: 读取文件成功
2017-07-22T01:16:30: 读取文件成功
2017-07-22T01:17:30: 读取文件成功
2017-07-22T01:18:30: 读取文件成功
2017-07-22T01:19:30: 读取文件成功
2017-07-22T01:20:30: 读取文件成功
2017-07-22T01:21:30: 读取文件成功
2017-07-22T01:22:30: 读取文件成功
2017-07-22T01:23:30: 读取文件成功
2017-07-22T01:24:30: 读取文件成功
2017-07-22T01:25:30: 读取文件成功
2017-07-22T01:26:30: 读取文件成功
2017-07-22T01:27:30: 读取文件成功
2017-07-22T01:28:30: 读取文件成功
2017-07-22T01:29:30: 读取文件成功
2017-07-22T01:30:30: 读取文件成功
2017-07-22T01:31:30: 读取文件成功
2017-07-22T01:32:30: 读取文件成功
2017-07-22T01:33:30: 读取文件成功
2017-07-22T01:34:30: 读取文件成功
2017-07-22T01:35:30: 读取文件成功
2017-07-22T01:36:30: 读取文件成功
2017-07-22T01:37:30: 读取文件成功
2017-07-22T01:38:30: 读取文件成功
2017-07-22T01:39:30: 读取文件成功
2017-07-22T01:40:30: 读取文件成功
2017-07-22T01:41:30: 读取文件成功
2017-07-22T01:42:30: 读取文件成功
2017-07-22T01:43:30: 读取文件成功
2017-07-22T01:44:30: 读取文件成功
2017-07-22T01:45:30: 读取文件成功
2017-07-22T01:46:30: 读取文件成功
2017-07-22T01:47:30: 读取文件成功
2017-07-22T01:48:30: 读取文件成功
2017-07-22T01:49:30: 读取文件成功
2017-07-22T01:50:30: 读取文件成功
2017-07-22T01:51:30: 读取文件成功
2017-07-22T01:52:30: 读取文件成功
2017-07-22T01:53:30: 读取文件成功
2017-07-22T01:54:30: 读取文件成功
2017-07-22T01:55:30: 读取文件成功
2017-07-22T01:56:30: 读取文件成功
2017-07-22T01:57:30: 读取文件成功
2017-07-22T01:58:30: 读取文件成功
2017-07-22T01:59:30: 读取文件成功
2017-07-22T02:00:30: 读取文件成功
2017-07-22T02:01:30: 读取文件成功
2017-07-22T02:02:30: 读取文件成功
2017-07-22T02:03:30: 读取文件成功
2017-07-22T02:04:30: 读取文件成功
2017-07-22T02:05:30: 读取文件成功
2017-07-22T02:06:30: 读取文件成功
2017-07-22T02:07:30: 读取文件成功
2017-07-22T02:08:30: 读取文件成功
2017-07-22T02:09:30: 读取文件成功
2017-07-22T02:10:30: 读取文件成功
2017-07-22T02:11:30: 读取文件成功
2017-07-22T02:12:30: 读取文件成功
2017-07-22T02:13:30: 读取文件成功
2017-07-22T02:14:30: 读取文件成功
2017-07-22T02:15:30: 读取文件成功
2017-07-22T02:16:30: 读取文件成功
2017-07-22T02:17:30: 读取文件成功
2017-07-22T02:20:01: 读取文件成功
2017-07-22T02:20:30: 读取文件成功
2017-07-22T02:21:30: 读取文件成功
2017-07-22T02:22:30: 读取文件成功
2017-07-22T02:23:30: 读取文件成功
2017-07-22T02:24:30: 读取文件成功
2017-07-22T02:25:30: 读取文件成功
2017-07-22T02:26:30: 读取文件成功
2017-07-22T02:27:30: 读取文件成功
2017-07-22T02:28:30: 读取文件成功
2017-07-22T02:29:30: 读取文件成功
2017-07-22T02:30:30: 读取文件成功
2017-07-22T02:31:30: 读取文件成功
2017-07-22T02:32:30: 读取文件成功
2017-07-22T02:33:30: 读取文件成功
2017-07-22T02:34:30: 读取文件成功
2017-07-22T02:35:30: 读取文件成功
2017-07-22T02:36:30: 读取文件成功
2017-07-22T02:37:30: 读取文件成功
2017-07-22T02:38:30: 读取文件成功
2017-07-22T02:39:30: 读取文件成功
2017-07-22T02:40:30: 读取文件成功
2017-07-22T02:41:30: 读取文件成功
2017-07-22T02:42:30: 读取文件成功
2017-07-22T02:43:30: 读取文件成功
2017-07-22T02:44:30: 读取文件成功
2017-07-22T02:45:31: 读取文件成功
2017-07-22T02:46:30: 读取文件成功
2017-07-22T02:47:30: 读取文件成功
2017-07-22T02:48:30: 读取文件成功
2017-07-22T02:49:30: 读取文件成功
2017-07-22T02:50:30: 读取文件成功
2017-07-22T02:51:31: 读取文件成功
2017-07-22T02:52:30: 读取文件成功
2017-07-22T02:53:30: 读取文件成功
2017-07-22T02:54:30: 读取文件成功
2017-07-22T02:55:30: 读取文件成功
2017-07-22T02:56:31: 读取文件成功
2017-07-22T02:57:31: 读取文件成功
2017-07-22T02:58:31: 读取文件成功
2017-07-22T02:59:31: 读取文件成功
2017-07-22T03:00:31: 读取文件成功
2017-07-22T03:01:31: 读取文件成功
2017-07-22T03:02:31: 读取文件成功
2017-07-22T03:03:31: 读取文件成功
2017-07-22T03:04:31: 读取文件成功
2017-07-22T03:05:31: 读取文件成功
2017-07-22T03:06:31: 读取文件成功
2017-07-22T03:07:31: 读取文件成功
2017-07-22T03:08:31: 读取文件成功
2017-07-22T03:09:31: 读取文件成功
2017-07-22T03:10:31: 读取文件成功
2017-07-22T03:11:31: 读取文件成功
2017-07-22T03:12:31: 读取文件成功
2017-07-22T03:13:31: 读取文件成功
2017-07-22T03:14:31: 读取文件成功
2017-07-22T03:15:31: 读取文件成功
2017-07-22T03:16:31: 读取文件成功
2017-07-22T03:17:31: 读取文件成功
2017-07-22T03:18:31: 读取文件成功
2017-07-22T03:19:31: 读取文件成功
2017-07-22T03:20:31: 读取文件成功
2017-07-22T03:21:31: 读取文件成功
2017-07-22T03:22:31: 读取文件成功
2017-07-22T03:23:31: 读取文件成功
2017-07-22T03:24:31: 读取文件成功
2017-07-22T03:25:31: 读取文件成功
2017-07-22T03:26:31: 读取文件成功
2017-07-22T03:27:31: 读取文件成功
2017-07-22T03:28:31: 读取文件成功
2017-07-22T03:29:31: 读取文件成功
2017-07-22T03:30:31: 读取文件成功
2017-07-22T03:31:31: 读取文件成功
2017-07-22T03:32:31: 读取文件成功
2017-07-22T03:33:31: 读取文件成功
2017-07-22T03:34:31: 读取文件成功
2017-07-22T03:35:31: 读取文件成功
2017-07-22T03:36:31: 读取文件成功
2017-07-22T03:37:31: 读取文件成功
2017-07-22T03:38:31: 读取文件成功
2017-07-22T03:39:31: 读取文件成功
2017-07-22T03:40:31: 读取文件成功
2017-07-22T03:41:31: 读取文件成功
2017-07-22T03:42:31: 读取文件成功
2017-07-22T03:43:31: 读取文件成功
2017-07-22T03:44:31: 读取文件成功
2017-07-22T03:45:31: 读取文件成功
2017-07-22T03:46:31: 读取文件成功
2017-07-22T03:47:31: 读取文件成功
2017-07-22T03:48:31: 读取文件成功
2017-07-22T03:49:31: 读取文件成功
2017-07-22T03:50:31: 读取文件成功
2017-07-22T03:51:31: 读取文件成功
2017-07-22T03:52:31: 读取文件成功
2017-07-22T03:53:31: 读取文件成功
2017-07-22T03:54:31: 读取文件成功
2017-07-22T03:55:31: 读取文件成功
2017-07-22T03:56:31: 读取文件成功
2017-07-22T03:57:31: 读取文件成功
2017-07-22T03:58:31: 读取文件成功
2017-07-22T03:59:31: 读取文件成功
2017-07-22T04:00:31: 读取文件成功
2017-07-22T04:01:31: 读取文件成功
2017-07-22T04:02:31: 读取文件成功
2017-07-22T04:03:31: 读取文件成功
2017-07-22T04:04:31: 读取文件成功
2017-07-22T04:05:31: 读取文件成功
2017-07-22T04:06:31: 读取文件成功
2017-07-22T04:07:31: 读取文件成功
2017-07-22T04:08:31: 读取文件成功
2017-07-22T04:09:31: 读取文件成功
2017-07-22T04:10:31: 读取文件成功
2017-07-22T04:11:31: 读取文件成功
2017-07-22T04:12:31: 读取文件成功
2017-07-22T04:13:31: 读取文件成功
2017-07-22T04:14:31: 读取文件成功
2017-07-22T04:15:31: 读取文件成功
2017-07-22T04:16:31: 读取文件成功
2017-07-22T04:17:31: 读取文件成功
2017-07-22T04:18:31: 读取文件成功
2017-07-22T04:19:31: 读取文件成功
2017-07-22T04:20:32: 读取文件成功
2017-07-22T04:21:31: 读取文件成功
2017-07-22T04:22:31: 读取文件成功
2017-07-22T04:23:31: 读取文件成功
2017-07-22T04:24:32: 读取文件成功
2017-07-22T04:25:32: 读取文件成功
2017-07-22T04:26:32: 读取文件成功
2017-07-22T04:27:32: 读取文件成功
2017-07-22T04:28:32: 读取文件成功
2017-07-22T04:29:32: 读取文件成功
2017-07-22T04:30:32: 读取文件成功
2017-07-22T04:31:32: 读取文件成功
2017-07-22T04:32:32: 读取文件成功
2017-07-22T04:33:32: 读取文件成功
2017-07-22T04:34:32: 读取文件成功
2017-07-22T04:35:32: 读取文件成功
2017-07-22T04:36:32: 读取文件成功
2017-07-22T04:37:32: 读取文件成功
2017-07-22T04:38:32: 读取文件成功
2017-07-22T04:39:32: 读取文件成功
2017-07-22T04:40:32: 读取文件成功
2017-07-22T04:41:32: 读取文件成功
2017-07-22T04:42:32: 读取文件成功
2017-07-22T04:43:32: 读取文件成功
2017-07-22T04:44:32: 读取文件成功
2017-07-22T04:45:32: 读取文件成功
2017-07-22T04:46:32: 读取文件成功
2017-07-22T04:47:32: 读取文件成功
2017-07-22T04:48:32: 读取文件成功
2017-07-22T04:49:32: 读取文件成功
2017-07-22T04:50:32: 读取文件成功
2017-07-22T04:51:32: 读取文件成功
2017-07-22T04:52:32: 读取文件成功
2017-07-22T04:53:32: 读取文件成功
2017-07-22T04:54:32: 读取文件成功
2017-07-22T04:55:32: 读取文件成功
2017-07-22T04:56:32: 读取文件成功
2017-07-22T04:57:32: 读取文件成功
2017-07-22T04:58:32: 读取文件成功
2017-07-22T04:59:32: 读取文件成功
2017-07-22T05:00:32: 读取文件成功
2017-07-22T05:01:32: 读取文件成功
2017-07-22T05:02:32: 读取文件成功
2017-07-22T05:03:32: 读取文件成功
2017-07-22T05:04:32: 读取文件成功
2017-07-22T05:05:32: 读取文件成功
2017-07-22T05:06:32: 读取文件成功
2017-07-22T05:07:32: 读取文件成功
2017-07-22T05:08:32: 读取文件成功
2017-07-22T05:09:32: 读取文件成功
2017-07-22T05:10:32: 读取文件成功
2017-07-22T05:11:32: 读取文件成功
2017-07-22T05:12:32: 读取文件成功
2017-07-22T05:13:32: 读取文件成功
2017-07-22T05:14:32: 读取文件成功
2017-07-22T05:15:32: 读取文件成功
2017-07-22T05:16:32: 读取文件成功
2017-07-22T05:17:32: 读取文件成功
2017-07-22T05:18:32: 读取文件成功
2017-07-22T05:19:32: 读取文件成功
2017-07-22T05:20:32: 读取文件成功
2017-07-22T05:21:32: 读取文件成功
2017-07-22T05:22:32: 读取文件成功
2017-07-22T05:23:32: 读取文件成功
2017-07-22T05:24:32: 读取文件成功
2017-07-22T05:25:32: 读取文件成功
2017-07-22T05:26:32: 读取文件成功
2017-07-22T05:27:32: 读取文件成功
2017-07-22T05:28:32: 读取文件成功
2017-07-22T05:29:32: 读取文件成功
2017-07-22T05:30:32: 读取文件成功
2017-07-22T05:31:32: 读取文件成功
2017-07-22T05:32:32: 读取文件成功
2017-07-22T05:33:32: 读取文件成功
2017-07-22T05:34:32: 读取文件成功
2017-07-22T05:35:32: 读取文件成功
2017-07-22T05:36:32: 读取文件成功
2017-07-22T05:37:32: 读取文件成功
2017-07-22T05:38:32: 读取文件成功
2017-07-22T05:39:32: 读取文件成功
2017-07-22T05:40:32: 读取文件成功
2017-07-22T05:41:32: 读取文件成功
2017-07-22T05:42:32: 读取文件成功
2017-07-22T05:43:32: 读取文件成功
2017-07-22T05:44:32: 读取文件成功
2017-07-22T05:45:33: 读取文件成功
2017-07-22T05:46:32: 读取文件成功
2017-07-22T05:47:32: 读取文件成功
2017-07-22T05:48:32: 读取文件成功
2017-07-22T05:49:33: 读取文件成功
2017-07-22T05:50:32: 读取文件成功
2017-07-22T05:51:32: 读取文件成功
2017-07-22T05:52:32: 读取文件成功
2017-07-22T05:53:32: 读取文件成功
2017-07-22T05:54:32: 读取文件成功
2017-07-22T05:55:33: 读取文件成功
2017-07-22T05:56:32: 读取文件成功
2017-07-22T05:57:32: 读取文件成功
2017-07-22T05:58:32: 读取文件成功
2017-07-22T05:59:33: 读取文件成功
2017-07-22T06:00:33: 读取文件成功
2017-07-22T06:01:33: 读取文件成功
2017-07-22T06:02:33: 读取文件成功
2017-07-22T06:03:33: 读取文件成功
2017-07-22T06:04:33: 读取文件成功
2017-07-22T06:05:33: 读取文件成功
2017-07-22T06:06:33: 读取文件成功
2017-07-22T06:07:33: 读取文件成功
2017-07-22T06:08:33: 读取文件成功
2017-07-22T06:09:33: 读取文件成功
2017-07-22T06:10:33: 读取文件成功
2017-07-22T06:11:33: 读取文件成功
2017-07-22T06:12:33: 读取文件成功
2017-07-22T06:13:33: 读取文件成功
2017-07-22T06:14:33: 读取文件成功
2017-07-22T06:15:33: 读取文件成功
2017-07-22T06:16:33: 读取文件成功
2017-07-22T06:17:33: 读取文件成功
2017-07-22T06:18:33: 读取文件成功
2017-07-22T06:19:33: 读取文件成功
2017-07-22T06:20:33: 读取文件成功
2017-07-22T06:21:33: 读取文件成功
2017-07-22T06:22:33: 读取文件成功
2017-07-22T06:23:33: 读取文件成功
2017-07-22T06:24:33: 读取文件成功
2017-07-22T06:25:33: 读取文件成功
2017-07-22T06:26:33: 读取文件成功
2017-07-22T06:27:33: 读取文件成功
2017-07-22T06:28:33: 读取文件成功
2017-07-22T06:29:33: 读取文件成功
2017-07-22T06:30:33: 读取文件成功
2017-07-22T06:31:33: 读取文件成功
2017-07-22T06:32:33: 读取文件成功
2017-07-22T06:33:33: 读取文件成功
2017-07-22T06:34:33: 读取文件成功
2017-07-22T06:35:33: 读取文件成功
2017-07-22T06:36:33: 读取文件成功
2017-07-22T06:37:33: 读取文件成功
2017-07-22T06:38:33: 读取文件成功
2017-07-22T06:39:33: 读取文件成功
2017-07-22T06:40:33: 读取文件成功
2017-07-22T06:41:33: 读取文件成功
2017-07-22T06:42:33: 读取文件成功
2017-07-22T06:43:33: 读取文件成功
2017-07-22T06:44:33: 读取文件成功
2017-07-22T06:45:33: 读取文件成功
2017-07-22T06:46:33: 读取文件成功
2017-07-22T06:47:33: 读取文件成功
2017-07-22T06:48:33: 读取文件成功
2017-07-22T06:49:33: 读取文件成功
2017-07-22T06:50:33: 读取文件成功
2017-07-22T06:51:33: 读取文件成功
2017-07-22T06:52:33: 读取文件成功
2017-07-22T06:53:33: 读取文件成功
2017-07-22T06:54:33: 读取文件成功
2017-07-22T06:55:33: 读取文件成功
2017-07-22T06:56:33: 读取文件成功
2017-07-22T06:57:33: 读取文件成功
2017-07-22T06:58:33: 读取文件成功
2017-07-22T06:59:33: 读取文件成功
2017-07-22T07:00:33: 读取文件成功
2017-07-22T07:01:33: 读取文件成功
2017-07-22T07:02:33: 读取文件成功
2017-07-22T07:03:33: 读取文件成功
2017-07-22T07:04:33: 读取文件成功
2017-07-22T07:05:33: 读取文件成功
2017-07-22T07:06:33: 读取文件成功
2017-07-22T07:07:33: 读取文件成功
2017-07-22T07:08:33: 读取文件成功
2017-07-22T07:09:33: 读取文件成功
2017-07-22T07:10:33: 读取文件成功
2017-07-22T07:11:33: 读取文件成功
2017-07-22T07:12:33: 读取文件成功
2017-07-22T07:13:33: 读取文件成功
2017-07-22T07:14:33: 读取文件成功
2017-07-22T07:15:33: 读取文件成功
2017-07-22T07:16:33: 读取文件成功
2017-07-22T07:17:33: 读取文件成功
2017-07-22T07:18:33: 读取文件成功
2017-07-22T07:19:33: 读取文件成功
2017-07-22T07:20:33: 读取文件成功
2017-07-22T07:21:33: 读取文件成功
2017-07-22T07:22:33: 读取文件成功
2017-07-22T07:23:33: 读取文件成功
2017-07-22T07:24:34: 读取文件成功
2017-07-22T07:25:34: 读取文件成功
2017-07-22T07:26:34: 读取文件成功
2017-07-22T07:27:33: 读取文件成功
2017-07-22T07:28:34: 读取文件成功
2017-07-22T07:29:34: 读取文件成功
2017-07-22T07:30:34: 读取文件成功
2017-07-22T07:31:34: 读取文件成功
2017-07-22T07:32:34: 读取文件成功
2017-07-22T07:33:34: 读取文件成功
2017-07-22T07:34:34: 读取文件成功
2017-07-22T07:35:34: 读取文件成功
2017-07-22T07:36:34: 读取文件成功
2017-07-22T07:37:34: 读取文件成功
2017-07-22T07:38:34: 读取文件成功
2017-07-22T07:39:34: 读取文件成功
2017-07-22T07:40:34: 读取文件成功
2017-07-22T07:41:34: 读取文件成功
2017-07-22T07:42:34: 读取文件成功
2017-07-22T07:43:34: 读取文件成功
2017-07-22T07:44:34: 读取文件成功
2017-07-22T07:45:34: 读取文件成功
2017-07-22T07:46:34: 读取文件成功
2017-07-22T07:47:34: 读取文件成功
2017-07-22T07:48:34: 读取文件成功
2017-07-22T07:49:34: 读取文件成功
2017-07-22T07:50:34: 读取文件成功
2017-07-22T07:51:34: 读取文件成功
2017-07-22T07:52:34: 读取文件成功
2017-07-22T07:53:34: 读取文件成功
2017-07-22T07:54:34: 读取文件成功
2017-07-22T07:55:34: 读取文件成功
2017-07-22T07:56:34: 读取文件成功
2017-07-22T07:57:34: 读取文件成功
2017-07-22T07:58:34: 读取文件成功
2017-07-22T07:59:34: 读取文件成功
2017-07-22T08:00:34: 读取文件成功
2017-07-22T08:01:34: 读取文件成功
2017-07-22T08:02:34: 读取文件成功
2017-07-22T08:03:34: 读取文件成功
2017-07-22T08:04:34: 读取文件成功
2017-07-22T08:05:34: 读取文件成功
2017-07-22T08:06:34: 读取文件成功
2017-07-22T08:07:34: 读取文件成功
2017-07-22T08:08:34: 读取文件成功
2017-07-22T08:09:34: 读取文件成功
2017-07-22T08:10:34: 读取文件成功
2017-07-22T08:11:34: 读取文件成功
2017-07-22T08:12:34: 读取文件成功
2017-07-22T08:13:34: 读取文件成功
2017-07-22T08:14:34: 读取文件成功
2017-07-22T08:15:34: 读取文件成功
2017-07-22T08:16:34: 读取文件成功
2017-07-22T08:17:34: 读取文件成功
2017-07-22T08:18:34: 读取文件成功
2017-07-22T08:19:34: 读取文件成功
2017-07-22T08:20:34: 读取文件成功
2017-07-22T08:21:34: 读取文件成功
2017-07-22T08:22:34: 读取文件成功
2017-07-22T08:23:34: 读取文件成功
2017-07-22T08:24:34: 读取文件成功
2017-07-22T08:25:34: 读取文件成功
2017-07-22T08:26:34: 读取文件成功
2017-07-22T08:27:34: 读取文件成功
2017-07-22T08:28:34: 读取文件成功
2017-07-22T08:29:34: 读取文件成功
2017-07-22T08:30:34: 读取文件成功
2017-07-22T08:31:34: 读取文件成功
2017-07-22T08:32:34: 读取文件成功
2017-07-22T08:33:34: 读取文件成功
2017-07-22T08:34:34: 读取文件成功
2017-07-22T08:35:34: 读取文件成功
2017-07-22T08:36:34: 读取文件成功
2017-07-22T08:37:34: 读取文件成功
2017-07-22T08:38:34: 读取文件成功
2017-07-22T08:39:34: 读取文件成功
2017-07-22T08:40:34: 读取文件成功
2017-07-22T08:41:34: 读取文件成功
2017-07-22T08:42:34: 读取文件成功
2017-07-22T08:43:34: 读取文件成功
2017-07-22T08:44:34: 读取文件成功
2017-07-22T08:45:34: 读取文件成功
2017-07-22T08:46:34: 读取文件成功
2017-07-22T08:47:35: 读取文件成功
2017-07-22T08:48:34: 读取文件成功
2017-07-22T08:49:34: 读取文件成功
2017-07-22T08:50:34: 读取文件成功
2017-07-22T08:51:34: 读取文件成功
2017-07-22T08:52:34: 读取文件成功
2017-07-22T08:53:35: 读取文件成功
2017-07-22T08:54:34: 读取文件成功
2017-07-22T08:55:34: 读取文件成功
2017-07-22T08:56:34: 读取文件成功
2017-07-22T08:57:34: 读取文件成功
2017-07-22T08:58:34: 读取文件成功
2017-07-22T08:59:35: 读取文件成功
2017-07-22T09:00:34: 读取文件成功
2017-07-22T09:01:35: 读取文件成功
2017-07-22T09:02:35: 读取文件成功
2017-07-22T09:03:35: 读取文件成功
2017-07-22T09:04:35: 读取文件成功
2017-07-22T09:05:35: 读取文件成功
2017-07-22T09:06:35: 读取文件成功
2017-07-22T09:07:35: 读取文件成功
2017-07-22T09:08:35: 读取文件成功
2017-07-22T09:09:35: 读取文件成功
2017-07-22T09:10:35: 读取文件成功
2017-07-22T09:11:35: 读取文件成功
2017-07-22T09:12:35: 读取文件成功
2017-07-22T09:13:35: 读取文件成功
2017-07-22T09:14:35: 读取文件成功
2017-07-22T09:15:35: 读取文件成功
2017-07-22T09:16:35: 读取文件成功
2017-07-22T09:17:35: 读取文件成功
2017-07-22T09:18:35: 读取文件成功
2017-07-22T09:19:35: 读取文件成功
2017-07-22T09:20:35: 读取文件成功
2017-07-22T09:21:35: 读取文件成功
2017-07-22T09:22:35: 读取文件成功
2017-07-22T09:23:35: 读取文件成功
2017-07-22T09:24:35: 读取文件成功
2017-07-22T09:25:35: 读取文件成功
2017-07-22T09:26:35: 读取文件成功
2017-07-22T09:27:35: 读取文件成功
2017-07-22T09:28:35: 读取文件成功
2017-07-22T09:29:35: 读取文件成功
2017-07-22T09:30:35: 读取文件成功
2017-07-22T09:31:35: 读取文件成功
2017-07-22T09:32:35: 读取文件成功
2017-07-22T09:33:35: 读取文件成功
2017-07-22T09:34:35: 读取文件成功
2017-07-22T09:35:35: 读取文件成功
2017-07-22T09:36:35: 读取文件成功
2017-07-22T09:37:35: 读取文件成功
2017-07-22T09:38:35: 读取文件成功
2017-07-22T09:39:35: 读取文件成功
2017-07-22T09:40:35: 读取文件成功
2017-07-22T09:41:35: 读取文件成功
2017-07-22T09:42:35: 读取文件成功
2017-07-22T09:43:35: 读取文件成功
2017-07-22T09:44:35: 读取文件成功
2017-07-22T09:45:35: 读取文件成功
2017-07-22T09:46:35: 读取文件成功
2017-07-22T09:47:35: 读取文件成功
2017-07-22T09:48:35: 读取文件成功
2017-07-22T09:49:35: 读取文件成功
2017-07-22T09:50:35: 读取文件成功
2017-07-22T09:51:35: 读取文件成功
2017-07-22T09:52:35: 读取文件成功
2017-07-22T09:53:35: 读取文件成功
2017-07-22T09:54:35: 读取文件成功
2017-07-22T09:55:35: 读取文件成功
2017-07-22T09:56:35: 读取文件成功
2017-07-22T09:57:35: 读取文件成功
2017-07-22T09:58:35: 读取文件成功
2017-07-22T09:59:35: 读取文件成功
2017-07-22T10:00:35: 读取文件成功
2017-07-22T10:01:35: 读取文件成功
2017-07-22T10:02:35: 读取文件成功
2017-07-22T10:03:35: 读取文件成功
2017-07-22T10:04:35: 读取文件成功
2017-07-22T10:05:35: 读取文件成功
2017-07-22T10:06:35: 读取文件成功
2017-07-22T10:07:35: 读取文件成功
2017-07-22T10:08:35: 读取文件成功
2017-07-22T10:09:35: 读取文件成功
2017-07-22T10:10:35: 读取文件成功
2017-07-22T10:11:35: 读取文件成功
2017-07-22T10:12:35: 读取文件成功
2017-07-22T10:13:35: 读取文件成功
2017-07-22T10:14:35: 读取文件成功
2017-07-22T10:15:35: 读取文件成功
2017-07-22T10:16:35: 读取文件成功
2017-07-22T10:17:35: 读取文件成功
2017-07-22T10:18:35: 读取文件成功
2017-07-22T10:19:35: 读取文件成功
2017-07-22T10:20:35: 读取文件成功
2017-07-22T10:21:35: 读取文件成功
2017-07-22T10:22:36: 读取文件成功
2017-07-22T10:23:35: 读取文件成功
2017-07-22T10:24:35: 读取文件成功
2017-07-22T10:25:35: 读取文件成功
2017-07-22T10:26:35: 读取文件成功
2017-07-22T10:27:35: 读取文件成功
2017-07-22T10:28:36: 读取文件成功
2017-07-22T10:29:36: 读取文件成功
2017-07-22T10:30:36: 读取文件成功
2017-07-22T10:31:36: 读取文件成功
2017-07-22T10:32:36: 读取文件成功
2017-07-22T10:33:36: 读取文件成功
2017-07-22T10:34:36: 读取文件成功
2017-07-22T10:35:36: 读取文件成功
2017-07-22T10:36:36: 读取文件成功
2017-07-22T10:37:36: 读取文件成功
2017-07-22T10:38:36: 读取文件成功
2017-07-22T10:39:36: 读取文件成功
2017-07-22T10:40:36: 读取文件成功
2017-07-22T10:41:36: 读取文件成功
2017-07-22T10:42:36: 读取文件成功
2017-07-22T10:43:36: 读取文件成功
2017-07-22T10:44:36: 读取文件成功
2017-07-22T10:45:36: 读取文件成功
2017-07-22T10:46:36: 读取文件成功
2017-07-22T10:47:36: 读取文件成功
2017-07-22T10:48:36: 读取文件成功
2017-07-22T10:49:36: 读取文件成功
2017-07-22T10:50:36: 读取文件成功
2017-07-22T10:51:36: 读取文件成功
2017-07-22T10:52:36: 读取文件成功
2017-07-22T10:53:36: 读取文件成功
2017-07-22T10:54:36: 读取文件成功
2017-07-22T10:55:36: 读取文件成功
2017-07-22T10:56:36: 读取文件成功
2017-07-22T10:57:36: 读取文件成功
2017-07-22T10:58:36: 读取文件成功
2017-07-22T10:59:36: 读取文件成功
2017-07-22T11:00:36: 读取文件成功
2017-07-22T11:01:36: 读取文件成功
2017-07-22T11:02:36: 读取文件成功
2017-07-22T11:03:36: 读取文件成功
2017-07-22T11:04:36: 读取文件成功
2017-07-22T11:05:36: 读取文件成功
2017-07-22T11:06:36: 读取文件成功
2017-07-22T11:07:36: 读取文件成功
2017-07-22T11:08:36: 读取文件成功
2017-07-22T11:09:36: 读取文件成功
2017-07-22T11:10:36: 读取文件成功
2017-07-22T11:11:36: 读取文件成功
2017-07-22T11:12:36: 读取文件成功
2017-07-22T11:13:36: 读取文件成功
2017-07-22T11:14:36: 读取文件成功
2017-07-22T11:15:36: 读取文件成功
2017-07-22T11:16:36: 读取文件成功
2017-07-22T11:17:36: 读取文件成功
2017-07-22T11:18:36: 读取文件成功
2017-07-22T11:19:36: 读取文件成功
2017-07-22T11:20:36: 读取文件成功
2017-07-22T11:21:36: 读取文件成功
2017-07-22T11:22:36: 读取文件成功
2017-07-22T11:23:36: 读取文件成功
2017-07-22T11:24:36: 读取文件成功
2017-07-22T11:25:36: 读取文件成功
2017-07-22T11:26:36: 读取文件成功
2017-07-22T11:27:36: 读取文件成功
2017-07-22T11:28:36: 读取文件成功
2017-07-22T11:29:36: 读取文件成功
2017-07-22T11:30:36: 读取文件成功
2017-07-22T11:31:36: 读取文件成功
2017-07-22T11:32:36: 读取文件成功
2017-07-22T11:33:36: 读取文件成功
2017-07-22T11:34:36: 读取文件成功
2017-07-22T11:35:36: 读取文件成功
2017-07-22T11:36:36: 读取文件成功
2017-07-22T11:37:36: 读取文件成功
2017-07-22T11:38:36: 读取文件成功
2017-07-22T11:39:36: 读取文件成功
2017-07-22T11:40:36: 读取文件成功
2017-07-22T11:41:36: 读取文件成功
2017-07-22T11:42:36: 读取文件成功
2017-07-22T11:43:36: 读取文件成功
2017-07-22T11:44:36: 读取文件成功
2017-07-22T11:45:36: 读取文件成功
2017-07-22T11:46:36: 读取文件成功
2017-07-22T11:47:36: 读取文件成功
2017-07-22T11:48:36: 读取文件成功
2017-07-22T11:49:36: 读取文件成功
2017-07-22T11:50:36: 读取文件成功
2017-07-22T11:51:36: 读取文件成功
2017-07-22T11:52:36: 读取文件成功
2017-07-22T11:53:36: 读取文件成功
2017-07-22T11:54:36: 读取文件成功
2017-07-22T11:55:36: 读取文件成功
2017-07-22T11:56:36: 读取文件成功
2017-07-22T11:57:36: 读取文件成功
2017-07-22T11:58:36: 读取文件成功
2017-07-22T11:59:36: 读取文件成功
2017-07-22T12:00:36: 读取文件成功
2017-07-22T12:01:36: 读取文件成功
2017-07-22T12:02:36: 读取文件成功
2017-07-22T12:03:36: 读取文件成功
2017-07-22T12:04:36: 读取文件成功
2017-07-22T12:05:36: 读取文件成功
2017-07-22T12:06:36: 读取文件成功
2017-07-22T12:07:37: 读取文件成功
2017-07-22T12:08:36: 读取文件成功
2017-07-22T12:09:37: 读取文件成功
2017-07-22T12:10:36: 读取文件成功
2017-07-22T12:11:36: 读取文件成功
2017-07-22T12:12:36: 读取文件成功
2017-07-22T12:13:37: 读取文件成功
2017-07-22T12:14:37: 读取文件成功
2017-07-22T12:15:37: 读取文件成功
2017-07-22T12:16:37: 读取文件成功
2017-07-22T12:17:37: 读取文件成功
2017-07-22T12:18:37: 读取文件成功
2017-07-22T12:19:37: 读取文件成功
2017-07-22T12:20:37: 读取文件成功
2017-07-22T12:21:37: 读取文件成功
2017-07-22T12:22:37: 读取文件成功
2017-07-22T12:23:37: 读取文件成功
2017-07-22T12:24:37: 读取文件成功
2017-07-22T12:25:37: 读取文件成功
2017-07-22T12:26:37: 读取文件成功
2017-07-22T12:27:37: 读取文件成功
2017-07-22T12:28:37: 读取文件成功
2017-07-22T12:29:37: 读取文件成功
2017-07-22T12:30:37: 读取文件成功
2017-07-22T12:31:37: 读取文件成功
2017-07-22T12:32:37: 读取文件成功
2017-07-22T12:33:37: 读取文件成功
2017-07-22T12:34:37: 读取文件成功
2017-07-22T12:35:37: 读取文件成功
2017-07-22T12:36:37: 读取文件成功
2017-07-22T12:37:37: 读取文件成功
2017-07-22T12:38:37: 读取文件成功
2017-07-22T12:39:37: 读取文件成功
2017-07-22T12:40:37: 读取文件成功
2017-07-22T12:41:37: 读取文件成功
2017-07-22T12:42:37: 读取文件成功
2017-07-22T12:43:37: 读取文件成功
2017-07-22T12:44:37: 读取文件成功
2017-07-22T12:45:38: 读取文件成功
2017-07-22T12:46:38: 读取文件成功
2017-07-22T12:47:37: 读取文件成功
2017-07-22T12:48:37: 读取文件成功
2017-07-22T12:49:37: 读取文件成功
2017-07-22T12:50:38: 读取文件成功
2017-07-22T12:51:37: 读取文件成功
2017-07-22T12:52:37: 读取文件成功
2017-07-22T12:53:37: 读取文件成功
2017-07-22T12:54:37: 读取文件成功
2017-07-22T12:55:37: 读取文件成功
2017-07-22T12:56:37: 读取文件成功
2017-07-22T12:57:37: 读取文件成功
2017-07-22T12:58:37: 读取文件成功
2017-07-22T12:59:37: 读取文件成功
2017-07-22T13:00:37: 读取文件成功
2017-07-22T13:01:37: 读取文件成功
2017-07-22T13:02:37: 读取文件成功
2017-07-22T13:03:37: 读取文件成功
2017-07-22T13:04:37: 读取文件成功
2017-07-22T13:05:37: 读取文件成功
2017-07-22T13:06:37: 读取文件成功
2017-07-22T13:07:37: 读取文件成功
2017-07-22T13:08:37: 读取文件成功
2017-07-22T13:09:37: 读取文件成功
2017-07-22T13:10:37: 读取文件成功
2017-07-22T13:11:37: 读取文件成功
2017-07-22T13:12:37: 读取文件成功
2017-07-22T13:13:37: 读取文件成功
2017-07-22T13:14:37: 读取文件成功
2017-07-22T13:15:37: 读取文件成功
2017-07-22T13:16:37: 读取文件成功
2017-07-22T13:17:37: 读取文件成功
2017-07-22T13:18:37: 读取文件成功
2017-07-22T13:19:37: 读取文件成功
2017-07-22T13:20:38: 读取文件成功
2017-07-22T13:21:37: 读取文件成功
2017-07-22T13:22:37: 读取文件成功
2017-07-22T13:23:37: 读取文件成功
2017-07-22T13:24:37: 读取文件成功
2017-07-22T13:25:37: 读取文件成功
2017-07-22T13:26:37: 读取文件成功
2017-07-22T13:27:37: 读取文件成功
2017-07-22T13:28:37: 读取文件成功
2017-07-22T13:29:37: 读取文件成功
2017-07-22T13:30:37: 读取文件成功
2017-07-22T13:31:38: 读取文件成功
2017-07-22T13:33:38: 读取文件成功
2017-07-22T13:34:37: 读取文件成功
2017-07-22T13:35:37: 读取文件成功
2017-07-22T13:36:37: 读取文件成功
2017-07-22T13:37:37: 读取文件成功
2017-07-22T13:38:37: 读取文件成功
2017-07-22T13:39:38: 读取文件成功
2017-07-22T13:40:37: 读取文件成功
2017-07-22T13:41:37: 读取文件成功
2017-07-22T13:42:37: 读取文件成功
2017-07-22T13:43:37: 读取文件成功
2017-07-22T13:44:38: 读取文件成功
2017-07-22T13:45:38: 读取文件成功
2017-07-22T13:46:38: 读取文件成功
2017-07-22T13:47:38: 读取文件成功
2017-07-22T13:48:38: 读取文件成功
2017-07-22T13:49:38: 读取文件成功
2017-07-22T13:50:38: 读取文件成功
2017-07-22T13:51:38: 读取文件成功
2017-07-22T13:52:38: 读取文件成功
2017-07-22T13:53:38: 读取文件成功
2017-07-22T13:54:38: 读取文件成功
2017-07-22T13:55:38: 读取文件成功
2017-07-22T13:56:38: 读取文件成功
2017-07-22T13:57:38: 读取文件成功
2017-07-22T13:58:38: 读取文件成功
2017-07-22T13:59:38: 读取文件成功
2017-07-22T14:00:38: 读取文件成功
2017-07-22T14:01:38: 读取文件成功
2017-07-22T14:02:38: 读取文件成功
2017-07-22T14:03:38: 读取文件成功
2017-07-22T14:04:38: 读取文件成功
2017-07-22T14:05:38: 读取文件成功
2017-07-22T14:06:38: 读取文件成功
2017-07-22T14:07:38: 读取文件成功
2017-07-22T14:08:38: 读取文件成功
2017-07-22T14:09:38: 读取文件成功
2017-07-22T14:10:38: 读取文件成功
2017-07-22T14:11:38: 读取文件成功
2017-07-22T14:12:38: 读取文件成功
2017-07-22T14:13:38: 读取文件成功
2017-07-22T14:14:38: 读取文件成功
2017-07-22T14:15:38: 读取文件成功
2017-07-22T14:16:38: 读取文件成功
2017-07-22T14:17:38: 读取文件成功
2017-07-22T14:18:38: 读取文件成功
2017-07-22T14:19:38: 读取文件成功
2017-07-22T14:20:38: 读取文件成功
2017-07-22T14:21:38: 读取文件成功
2017-07-22T14:22:38: 读取文件成功
2017-07-22T14:23:38: 读取文件成功
2017-07-22T14:24:38: 读取文件成功
2017-07-22T14:25:38: 读取文件成功
2017-07-22T14:26:38: 读取文件成功
2017-07-22T14:27:38: 读取文件成功
2017-07-22T14:28:38: 读取文件成功
2017-07-22T14:29:38: 读取文件成功
2017-07-22T14:30:38: 读取文件成功
2017-07-22T14:31:38: 读取文件成功
2017-07-22T14:32:38: 读取文件成功
2017-07-22T14:33:38: 读取文件成功
2017-07-22T14:34:38: 读取文件成功
2017-07-22T14:35:38: 读取文件成功
2017-07-22T14:36:38: 读取文件成功
2017-07-22T14:37:38: 读取文件成功
2017-07-22T14:38:38: 读取文件成功
2017-07-22T14:39:38: 读取文件成功
2017-07-22T14:40:38: 读取文件成功
2017-07-22T14:41:38: 读取文件成功
2017-07-22T14:42:38: 读取文件成功
2017-07-22T14:43:38: 读取文件成功
2017-07-22T14:44:38: 读取文件成功
2017-07-22T14:45:38: 读取文件成功
2017-07-22T14:46:38: 读取文件成功
2017-07-22T14:47:38: 读取文件成功
2017-07-22T14:48:38: 读取文件成功
2017-07-22T14:49:38: 读取文件成功
2017-07-22T14:50:38: 读取文件成功
2017-07-22T14:51:39: 读取文件成功
2017-07-22T14:52:38: 读取文件成功
2017-07-22T14:53:38: 读取文件成功
2017-07-22T14:54:38: 读取文件成功
2017-07-22T14:55:38: 读取文件成功
2017-07-22T14:56:38: 读取文件成功
2017-07-22T14:57:38: 读取文件成功
2017-07-22T14:58:38: 读取文件成功
2017-07-22T14:59:38: 读取文件成功
2017-07-22T15:00:38: 读取文件成功
2017-07-22T15:01:38: 读取文件成功
2017-07-22T15:02:38: 读取文件成功
2017-07-22T15:03:39: 读取文件成功
2017-07-22T15:04:38: 读取文件成功
2017-07-22T15:05:38: 读取文件成功
2017-07-22T15:06:38: 读取文件成功
2017-07-22T15:07:38: 读取文件成功
2017-07-22T15:08:38: 读取文件成功
2017-07-22T15:09:38: 读取文件成功
2017-07-22T15:10:38: 读取文件成功
2017-07-22T15:11:38: 读取文件成功
2017-07-22T15:12:38: 读取文件成功
2017-07-22T15:13:38: 读取文件成功
2017-07-22T15:14:39: 读取文件成功
2017-07-22T15:15:38: 读取文件成功
2017-07-22T15:16:38: 读取文件成功
2017-07-22T15:17:38: 读取文件成功
2017-07-22T15:18:38: 读取文件成功
2017-07-22T15:19:38: 读取文件成功
2017-07-22T15:20:39: 读取文件成功
2017-07-22T15:21:38: 读取文件成功
2017-07-22T15:22:38: 读取文件成功
2017-07-22T15:23:38: 读取文件成功
2017-07-22T15:24:38: 读取文件成功
2017-07-22T15:25:39: 读取文件成功
2017-07-22T15:26:39: 读取文件成功
2017-07-22T15:27:39: 读取文件成功
2017-07-22T15:28:39: 读取文件成功
2017-07-22T15:29:39: 读取文件成功
2017-07-22T15:30:39: 读取文件成功
2017-07-22T15:31:39: 读取文件成功
2017-07-22T15:32:39: 读取文件成功
2017-07-22T15:33:39: 读取文件成功
2017-07-22T15:34:39: 读取文件成功
2017-07-22T15:35:39: 读取文件成功
2017-07-22T15:36:39: 读取文件成功
2017-07-22T15:37:39: 读取文件成功
2017-07-22T15:38:39: 读取文件成功
2017-07-22T15:39:39: 读取文件成功
2017-07-22T15:40:39: 读取文件成功
2017-07-22T15:41:39: 读取文件成功
2017-07-22T15:42:39: 读取文件成功
2017-07-22T15:43:39: 读取文件成功
2017-07-22T15:44:39: 读取文件成功
2017-07-22T15:45:39: 读取文件成功
2017-07-22T15:46:39: 读取文件成功
2017-07-22T15:47:39: 读取文件成功
2017-07-22T15:48:39: 读取文件成功
2017-07-22T15:49:39: 读取文件成功
2017-07-22T15:50:39: 读取文件成功
2017-07-22T15:51:39: 读取文件成功
2017-07-22T15:52:39: 读取文件成功
2017-07-22T15:53:39: 读取文件成功
2017-07-22T15:54:39: 读取文件成功
2017-07-22T15:55:39: 读取文件成功
2017-07-22T15:56:39: 读取文件成功
2017-07-22T15:57:39: 读取文件成功
2017-07-22T15:58:39: 读取文件成功
2017-07-22T15:59:39: 读取文件成功
2017-07-22T16:00:39: 读取文件成功
2017-07-22T16:01:39: 读取文件成功
2017-07-22T16:02:39: 读取文件成功
2017-07-22T16:03:39: 读取文件成功
2017-07-22T16:04:39: 读取文件成功
2017-07-22T16:05:39: 读取文件成功
2017-07-22T16:06:39: 读取文件成功
2017-07-22T16:07:39: 读取文件成功
2017-07-22T16:08:39: 读取文件成功
2017-07-22T16:09:39: 读取文件成功
2017-07-22T16:10:39: 读取文件成功
2017-07-22T16:11:39: 读取文件成功
2017-07-22T16:12:39: 读取文件成功
2017-07-22T16:13:39: 读取文件成功
2017-07-22T16:14:39: 读取文件成功
2017-07-22T16:15:39: 读取文件成功
2017-07-22T16:16:39: 读取文件成功
2017-07-22T16:17:39: 读取文件成功
2017-07-22T16:18:39: 读取文件成功
2017-07-22T16:19:39: 读取文件成功
2017-07-22T16:20:39: 读取文件成功
2017-07-22T16:21:39: 读取文件成功
2017-07-22T16:22:39: 读取文件成功
2017-07-22T16:23:39: 读取文件成功
2017-07-22T16:24:39: 读取文件成功
2017-07-22T16:25:39: 读取文件成功
2017-07-22T16:26:39: 读取文件成功
2017-07-22T16:27:39: 读取文件成功
2017-07-22T16:28:39: 读取文件成功
2017-07-22T16:29:39: 读取文件成功
2017-07-22T16:30:39: 读取文件成功
2017-07-22T16:31:39: 读取文件成功
2017-07-22T16:32:39: 读取文件成功
2017-07-22T16:33:39: 读取文件成功
2017-07-22T16:34:39: 读取文件成功
2017-07-22T16:35:39: 读取文件成功
2017-07-22T16:36:39: 读取文件成功
2017-07-22T16:37:39: 读取文件成功
2017-07-22T16:38:39: 读取文件成功
2017-07-22T16:39:39: 读取文件成功
2017-07-22T16:40:39: 读取文件成功
2017-07-22T16:41:39: 读取文件成功
2017-07-22T16:42:39: 读取文件成功
2017-07-22T16:43:39: 读取文件成功
2017-07-22T16:44:39: 读取文件成功
2017-07-22T16:45:39: 读取文件成功
2017-07-22T16:46:39: 读取文件成功
2017-07-22T16:47:39: 读取文件成功
2017-07-22T16:48:39: 读取文件成功
2017-07-22T16:49:39: 读取文件成功
2017-07-22T16:50:39: 读取文件成功
2017-07-22T16:51:39: 读取文件成功
2017-07-22T16:52:39: 读取文件成功
2017-07-22T16:53:39: 读取文件成功
2017-07-22T16:54:39: 读取文件成功
2017-07-22T16:55:40: 读取文件成功
2017-07-22T16:56:39: 读取文件成功
2017-07-22T16:57:39: 读取文件成功
2017-07-22T16:58:39: 读取文件成功
2017-07-22T16:59:39: 读取文件成功
2017-07-22T17:00:39: 读取文件成功
2017-07-22T17:01:40: 读取文件成功
2017-07-22T17:02:39: 读取文件成功
2017-07-22T17:03:39: 读取文件成功
2017-07-22T17:04:39: 读取文件成功
2017-07-22T17:05:39: 读取文件成功
2017-07-22T17:06:39: 读取文件成功
2017-07-22T17:07:40: 读取文件成功
2017-07-22T17:08:40: 读取文件成功
2017-07-22T17:09:40: 读取文件成功
2017-07-22T17:10:40: 读取文件成功
2017-07-22T17:11:40: 读取文件成功
2017-07-22T17:12:40: 读取文件成功
2017-07-22T17:13:40: 读取文件成功
2017-07-22T17:14:40: 读取文件成功
2017-07-22T17:15:40: 读取文件成功
2017-07-22T17:16:40: 读取文件成功
2017-07-22T17:17:40: 读取文件成功
2017-07-22T17:18:40: 读取文件成功
2017-07-22T17:19:40: 读取文件成功
2017-07-22T17:20:40: 读取文件成功
2017-07-22T17:21:40: 读取文件成功
2017-07-22T17:22:40: 读取文件成功
2017-07-22T17:23:40: 读取文件成功
2017-07-22T17:24:40: 读取文件成功
2017-07-22T17:25:40: 读取文件成功
2017-07-22T17:26:40: 读取文件成功
2017-07-22T17:27:40: 读取文件成功
2017-07-22T17:28:40: 读取文件成功
2017-07-22T17:29:40: 读取文件成功
2017-07-22T17:30:40: 读取文件成功
2017-07-22T17:31:40: 读取文件成功
2017-07-22T17:32:40: 读取文件成功
2017-07-22T17:33:40: 读取文件成功
2017-07-22T17:34:40: 读取文件成功
2017-07-22T17:35:40: 读取文件成功
2017-07-22T17:36:40: 读取文件成功
2017-07-22T17:37:40: 读取文件成功
2017-07-22T17:38:40: 读取文件成功
2017-07-22T17:39:40: 读取文件成功
2017-07-22T17:40:40: 读取文件成功
2017-07-22T17:41:40: 读取文件成功
2017-07-22T17:42:40: 读取文件成功
2017-07-22T17:43:40: 读取文件成功
2017-07-22T17:44:40: 读取文件成功
2017-07-22T17:45:40: 读取文件成功
2017-07-22T17:46:40: 读取文件成功
2017-07-22T17:47:40: 读取文件成功
2017-07-22T17:48:40: 读取文件成功
2017-07-22T17:49:40: 读取文件成功
2017-07-22T17:50:40: 读取文件成功
2017-07-22T17:51:40: 读取文件成功
2017-07-22T17:52:40: 读取文件成功
2017-07-22T17:53:40: 读取文件成功
2017-07-22T17:54:40: 读取文件成功
2017-07-22T17:55:40: 读取文件成功
2017-07-22T17:56:40: 读取文件成功
2017-07-22T17:57:40: 读取文件成功
2017-07-22T17:58:40: 读取文件成功
2017-07-22T17:59:40: 读取文件成功
2017-07-22T18:00:40: 读取文件成功
2017-07-22T18:01:40: 读取文件成功
2017-07-22T18:02:40: 读取文件成功
2017-07-22T18:03:40: 读取文件成功
2017-07-22T18:04:40: 读取文件成功
2017-07-22T18:05:40: 读取文件成功
2017-07-22T18:06:40: 读取文件成功
2017-07-22T18:07:40: 读取文件成功
2017-07-22T18:08:40: 读取文件成功
2017-07-22T18:09:40: 读取文件成功
2017-07-22T18:10:40: 读取文件成功
2017-07-22T18:11:40: 读取文件成功
2017-07-22T18:12:40: 读取文件成功
2017-07-22T18:13:40: 读取文件成功
2017-07-22T18:14:40: 读取文件成功
2017-07-22T18:15:40: 读取文件成功
2017-07-22T18:16:40: 读取文件成功
2017-07-22T18:17:40: 读取文件成功
2017-07-22T18:18:40: 读取文件成功
2017-07-22T18:19:40: 读取文件成功
2017-07-22T18:20:40: 读取文件成功
2017-07-22T18:21:40: 读取文件成功
2017-07-22T18:22:40: 读取文件成功
2017-07-22T18:23:40: 读取文件成功
2017-07-22T18:24:40: 读取文件成功
2017-07-22T18:25:40: 读取文件成功
2017-07-22T18:26:40: 读取文件成功
2017-07-22T18:27:40: 读取文件成功
2017-07-22T18:28:40: 读取文件成功
2017-07-22T18:29:40: 读取文件成功
2017-07-22T18:30:40: 读取文件成功
2017-07-22T18:31:40: 读取文件成功
2017-07-22T18:32:40: 读取文件成功
2017-07-22T18:33:40: 读取文件成功
2017-07-22T18:34:40: 读取文件成功
2017-07-22T18:35:40: 读取文件成功
2017-07-22T18:36:40: 读取文件成功
2017-07-22T18:37:40: 读取文件成功
2017-07-22T18:38:40: 读取文件成功
2017-07-22T18:39:40: 读取文件成功
2017-07-22T18:40:40: 读取文件成功
2017-07-22T18:41:40: 读取文件成功
2017-07-22T18:42:40: 读取文件成功
2017-07-22T18:43:40: 读取文件成功
2017-07-22T18:44:40: 读取文件成功
2017-07-22T18:45:40: 读取文件成功
2017-07-22T18:46:40: 读取文件成功
2017-07-22T18:47:40: 读取文件成功
2017-07-22T18:48:41: 读取文件成功
2017-07-22T18:49:40: 读取文件成功
2017-07-22T18:50:41: 读取文件成功
2017-07-22T18:51:41: 读取文件成功
2017-07-22T18:52:40: 读取文件成功
2017-07-22T18:53:41: 读取文件成功
2017-07-22T18:54:41: 读取文件成功
2017-07-22T18:55:40: 读取文件成功
2017-07-22T18:56:41: 读取文件成功
2017-07-22T18:57:40: 读取文件成功
2017-07-22T18:58:40: 读取文件成功
2017-07-22T18:59:41: 读取文件成功
2017-07-22T19:00:41: 读取文件成功
2017-07-22T19:01:41: 读取文件成功
2017-07-22T19:02:41: 读取文件成功
2017-07-22T19:03:41: 读取文件成功
2017-07-22T19:04:41: 读取文件成功
2017-07-22T19:05:41: 读取文件成功
2017-07-22T19:06:41: 读取文件成功
2017-07-22T19:07:41: 读取文件成功
2017-07-22T19:08:41: 读取文件成功
2017-07-22T19:09:41: 读取文件成功
2017-07-22T19:10:41: 读取文件成功
2017-07-22T19:11:41: 读取文件成功
2017-07-22T19:12:41: 读取文件成功
2017-07-22T19:13:41: 读取文件成功
2017-07-22T19:14:41: 读取文件成功
2017-07-22T19:15:41: 读取文件成功
2017-07-22T19:16:41: 读取文件成功
2017-07-22T19:17:41: 读取文件成功
2017-07-22T19:18:41: 读取文件成功
2017-07-22T19:19:41: 读取文件成功
2017-07-22T19:20:41: 读取文件成功
2017-07-22T19:21:41: 读取文件成功
2017-07-22T19:22:41: 读取文件成功
2017-07-22T19:23:41: 读取文件成功
2017-07-22T19:24:41: 读取文件成功
2017-07-22T19:25:41: 读取文件成功
2017-07-22T19:26:41: 读取文件成功
2017-07-22T19:27:41: 读取文件成功
2017-07-22T19:28:41: 读取文件成功
2017-07-22T19:29:41: 读取文件成功
2017-07-22T19:30:41: 读取文件成功
2017-07-22T19:31:41: 读取文件成功
2017-07-22T19:32:41: 读取文件成功
2017-07-22T19:33:41: 读取文件成功
2017-07-22T19:34:41: 读取文件成功
2017-07-22T19:35:41: 读取文件成功
2017-07-22T19:36:41: 读取文件成功
2017-07-22T19:37:41: 读取文件成功
2017-07-22T19:38:41: 读取文件成功
2017-07-22T19:39:41: 读取文件成功
2017-07-22T19:40:41: 读取文件成功
2017-07-22T19:41:41: 读取文件成功
2017-07-22T19:42:41: 读取文件成功
2017-07-22T19:43:41: 读取文件成功
2017-07-22T19:44:41: 读取文件成功
2017-07-22T19:45:41: 读取文件成功
2017-07-22T19:46:41: 读取文件成功
2017-07-22T19:47:41: 读取文件成功
2017-07-22T19:48:41: 读取文件成功
2017-07-22T19:49:41: 读取文件成功
2017-07-22T19:50:41: 读取文件成功
2017-07-22T19:51:41: 读取文件成功
2017-07-22T19:52:41: 读取文件成功
2017-07-22T19:53:41: 读取文件成功
2017-07-22T19:54:41: 读取文件成功
2017-07-22T19:55:41: 读取文件成功
2017-07-22T19:56:41: 读取文件成功
2017-07-22T19:57:41: 读取文件成功
2017-07-22T19:58:41: 读取文件成功
2017-07-22T19:59:41: 读取文件成功
2017-07-22T20:00:41: 读取文件成功
2017-07-22T20:01:41: 读取文件成功
2017-07-22T20:02:41: 读取文件成功
2017-07-22T20:03:41: 读取文件成功
2017-07-22T20:04:41: 读取文件成功
2017-07-22T20:05:41: 读取文件成功
2017-07-22T20:06:41: 读取文件成功
2017-07-22T20:07:41: 读取文件成功
2017-07-22T20:08:41: 读取文件成功
2017-07-22T20:09:41: 读取文件成功
2017-07-22T20:10:41: 读取文件成功
2017-07-22T20:11:41: 读取文件成功
2017-07-22T20:12:41: 读取文件成功
2017-07-22T20:13:41: 读取文件成功
2017-07-22T20:14:41: 读取文件成功
2017-07-22T20:15:41: 读取文件成功
2017-07-22T20:16:41: 读取文件成功
2017-07-22T20:17:41: 读取文件成功
2017-07-22T20:18:42: 读取文件成功
2017-07-22T20:19:41: 读取文件成功
2017-07-22T20:20:41: 读取文件成功
2017-07-22T20:21:41: 读取文件成功
2017-07-22T20:22:41: 读取文件成功
2017-07-22T20:23:41: 读取文件成功
2017-07-22T20:24:42: 读取文件成功
2017-07-22T20:25:41: 读取文件成功
2017-07-22T20:26:41: 读取文件成功
2017-07-22T20:27:41: 读取文件成功
2017-07-22T20:28:41: 读取文件成功
2017-07-22T20:29:41: 读取文件成功
2017-07-22T20:30:42: 读取文件成功
2017-07-22T20:31:41: 读取文件成功
2017-07-22T20:32:42: 读取文件成功
2017-07-22T20:33:42: 读取文件成功
2017-07-22T20:34:42: 读取文件成功
2017-07-22T20:35:42: 读取文件成功
2017-07-22T20:36:42: 读取文件成功
2017-07-22T20:37:42: 读取文件成功
2017-07-22T20:38:42: 读取文件成功
2017-07-22T20:39:42: 读取文件成功
2017-07-22T20:40:42: 读取文件成功
2017-07-22T20:41:42: 读取文件成功
2017-07-22T20:42:42: 读取文件成功
2017-07-22T20:43:42: 读取文件成功
2017-07-22T20:44:42: 读取文件成功
2017-07-22T20:45:42: 读取文件成功
2017-07-22T20:46:42: 读取文件成功
2017-07-22T20:47:42: 读取文件成功
2017-07-22T20:48:42: 读取文件成功
2017-07-22T20:49:42: 读取文件成功
2017-07-22T20:50:42: 读取文件成功
2017-07-22T20:51:42: 读取文件成功
2017-07-22T20:52:42: 读取文件成功
2017-07-22T20:53:42: 读取文件成功
2017-07-22T20:54:42: 读取文件成功
2017-07-22T20:55:42: 读取文件成功
2017-07-22T20:56:42: 读取文件成功
2017-07-22T20:57:42: 读取文件成功
2017-07-22T20:58:42: 读取文件成功
2017-07-22T20:59:42: 读取文件成功
2017-07-22T21:00:42: 读取文件成功
2017-07-22T21:01:42: 读取文件成功
2017-07-22T21:02:42: 读取文件成功
2017-07-22T21:03:42: 读取文件成功
2017-07-22T21:04:42: 读取文件成功
2017-07-22T21:05:42: 读取文件成功
2017-07-22T21:06:42: 读取文件成功
2017-07-22T21:07:42: 读取文件成功
2017-07-22T21:08:42: 读取文件成功
2017-07-22T21:09:42: 读取文件成功
2017-07-22T21:10:42: 读取文件成功
2017-07-22T21:11:42: 读取文件成功
2017-07-22T21:12:42: 读取文件成功
2017-07-22T21:13:42: 读取文件成功
2017-07-22T21:14:42: 读取文件成功
2017-07-22T21:15:42: 读取文件成功
2017-07-22T21:16:42: 读取文件成功
2017-07-22T21:17:42: 读取文件成功
2017-07-22T21:18:42: 读取文件成功
2017-07-22T21:19:42: 读取文件成功
2017-07-22T21:20:42: 读取文件成功
2017-07-22T21:21:42: 读取文件成功
2017-07-22T21:22:42: 读取文件成功
2017-07-22T21:23:42: 读取文件成功
2017-07-22T21:24:42: 读取文件成功
2017-07-22T21:25:42: 读取文件成功
2017-07-22T21:26:42: 读取文件成功
2017-07-22T21:27:42: 读取文件成功
2017-07-22T21:28:42: 读取文件成功
2017-07-22T21:29:42: 读取文件成功
2017-07-22T21:30:42: 读取文件成功
2017-07-22T21:31:42: 读取文件成功
2017-07-22T21:32:42: 读取文件成功
2017-07-22T21:33:43: 读取文件成功
2017-07-22T21:34:42: 读取文件成功
2017-07-22T21:35:42: 读取文件成功
2017-07-22T21:36:42: 读取文件成功
2017-07-22T21:37:42: 读取文件成功
2017-07-22T21:38:42: 读取文件成功
2017-07-22T21:39:42: 读取文件成功
2017-07-22T21:40:42: 读取文件成功
2017-07-22T21:41:42: 读取文件成功
2017-07-22T21:42:42: 读取文件成功
2017-07-22T21:43:42: 读取文件成功
2017-07-22T21:44:42: 读取文件成功
2017-07-22T21:45:42: 读取文件成功
2017-07-22T21:46:42: 读取文件成功
2017-07-22T21:47:42: 读取文件成功
2017-07-22T21:48:42: 读取文件成功
2017-07-22T21:49:42: 读取文件成功
2017-07-22T21:50:42: 读取文件成功
2017-07-22T21:51:42: 读取文件成功
2017-07-22T21:52:42: 读取文件成功
2017-07-22T21:53:42: 读取文件成功
2017-07-22T21:54:43: 读取文件成功
2017-07-22T21:55:42: 读取文件成功
2017-07-22T21:56:42: 读取文件成功
2017-07-22T21:57:42: 读取文件成功
2017-07-22T21:58:42: 读取文件成功
2017-07-22T21:59:42: 读取文件成功
2017-07-22T22:00:43: 读取文件成功
2017-07-22T22:01:42: 读取文件成功
2017-07-22T22:02:42: 读取文件成功
2017-07-22T22:03:42: 读取文件成功
2017-07-22T22:04:42: 读取文件成功
2017-07-22T22:05:42: 读取文件成功
2017-07-22T22:06:43: 读取文件成功
2017-07-22T22:07:42: 读取文件成功
2017-07-22T22:08:42: 读取文件成功
2017-07-22T22:09:43: 读取文件成功
2017-07-22T22:10:43: 读取文件成功
2017-07-22T22:11:42: 读取文件成功
2017-07-22T22:12:43: 读取文件成功
2017-07-22T22:13:44: 读取文件成功
2017-07-22T22:14:43: 读取文件成功
2017-07-22T22:15:43: 读取文件成功
2017-07-22T22:16:43: 读取文件成功
2017-07-22T22:17:43: 读取文件成功
2017-07-22T22:18:43: 读取文件成功
2017-07-22T22:19:43: 读取文件成功
2017-07-22T22:20:43: 读取文件成功
2017-07-22T22:21:43: 读取文件成功
2017-07-22T22:22:43: 读取文件成功
2017-07-22T22:23:43: 读取文件成功
2017-07-22T22:24:43: 读取文件成功
2017-07-22T22:25:44: 读取文件成功
2017-07-22T22:26:43: 读取文件成功
2017-07-22T22:27:43: 读取文件成功
2017-07-22T22:28:43: 读取文件成功
2017-07-22T22:29:43: 读取文件成功
2017-07-22T22:30:43: 读取文件成功
2017-07-22T22:31:43: 读取文件成功
2017-07-22T22:32:43: 读取文件成功
2017-07-22T22:33:43: 读取文件成功
2017-07-22T22:34:43: 读取文件成功
2017-07-22T22:35:43: 读取文件成功
2017-07-22T22:36:43: 读取文件成功
2017-07-22T22:37:43: 读取文件成功
2017-07-22T22:38:43: 读取文件成功
2017-07-22T22:39:43: 读取文件成功
2017-07-22T22:40:43: 读取文件成功
2017-07-22T22:41:43: 读取文件成功
2017-07-22T22:42:43: 读取文件成功
2017-07-22T22:43:43: 读取文件成功
2017-07-22T22:44:43: 读取文件成功
2017-07-22T22:45:43: 读取文件成功
2017-07-22T22:46:43: 读取文件成功
2017-07-22T22:47:43: 读取文件成功
2017-07-22T22:48:43: 读取文件成功
2017-07-22T22:49:43: 读取文件成功
2017-07-22T22:50:43: 读取文件成功
2017-07-22T22:51:43: 读取文件成功
2017-07-22T22:52:43: 读取文件成功
2017-07-22T22:53:43: 读取文件成功
2017-07-22T22:54:43: 读取文件成功
2017-07-22T22:55:43: 读取文件成功
2017-07-22T22:56:43: 读取文件成功
2017-07-22T22:57:43: 读取文件成功
2017-07-22T22:58:43: 读取文件成功
2017-07-22T22:59:43: 读取文件成功
2017-07-22T23:00:43: 读取文件成功
2017-07-22T23:01:43: 读取文件成功
2017-07-22T23:02:43: 读取文件成功
2017-07-22T23:03:43: 读取文件成功
2017-07-22T23:04:43: 读取文件成功
2017-07-22T23:05:43: 读取文件成功
2017-07-22T23:06:43: 读取文件成功
2017-07-22T23:07:43: 读取文件成功
2017-07-22T23:08:43: 读取文件成功
2017-07-22T23:09:43: 读取文件成功
2017-07-22T23:10:43: 读取文件成功
2017-07-22T23:11:43: 读取文件成功
2017-07-22T23:12:43: 读取文件成功
2017-07-22T23:13:43: 读取文件成功
2017-07-22T23:14:43: 读取文件成功
2017-07-22T23:15:43: 读取文件成功
2017-07-22T23:16:43: 读取文件成功
2017-07-22T23:17:43: 读取文件成功
2017-07-22T23:18:43: 读取文件成功
2017-07-22T23:19:43: 读取文件成功
2017-07-22T23:20:43: 读取文件成功
2017-07-22T23:21:43: 读取文件成功
2017-07-22T23:22:43: 读取文件成功
2017-07-22T23:23:43: 读取文件成功
2017-07-22T23:24:43: 读取文件成功
2017-07-22T23:25:43: 读取文件成功
2017-07-22T23:26:43: 读取文件成功
2017-07-22T23:27:43: 读取文件成功
2017-07-22T23:28:43: 读取文件成功
2017-07-22T23:29:43: 读取文件成功
2017-07-22T23:30:43: 读取文件成功
2017-07-22T23:31:43: 读取文件成功
2017-07-22T23:32:43: 读取文件成功
2017-07-22T23:33:43: 读取文件成功
2017-07-22T23:34:43: 读取文件成功
2017-07-22T23:35:44: 读取文件成功
2017-07-22T23:36:43: 读取文件成功
2017-07-22T23:37:43: 读取文件成功
2017-07-22T23:38:43: 读取文件成功
2017-07-22T23:39:43: 读取文件成功
2017-07-22T23:40:48: 读取文件成功
2017-07-22T23:41:59: 读取文件成功
2017-07-22T23:42:43: 读取文件成功
2017-07-22T23:43:43: 读取文件成功
2017-07-22T23:44:48: 读取文件成功
2017-07-22T23:45:44: 读取文件成功
2017-07-22T23:46:43: 读取文件成功
2017-07-22T23:47:44: 读取文件成功
2017-07-22T23:48:43: 读取文件成功
2017-07-22T23:49:44: 读取文件成功
2017-07-22T23:50:43: 非记录时间：2017-07-22T23:50:43+08:00
2017-07-22T23:51:43: 非记录时间：2017-07-22T23:51:43+08:00
2017-07-22T23:52:43: 非记录时间：2017-07-22T23:52:43+08:00
2017-07-22T23:53:43: 非记录时间：2017-07-22T23:53:43+08:00
2017-07-22T23:54:43: 非记录时间：2017-07-22T23:54:43+08:00
2017-07-22T23:55:43: 非记录时间：2017-07-22T23:55:43+08:00
2017-07-22T23:56:43: 非记录时间：2017-07-22T23:56:43+08:00
2017-07-22T23:57:43: 非记录时间：2017-07-22T23:57:43+08:00
2017-07-22T23:58:43: 非记录时间：2017-07-22T23:58:43+08:00
2017-07-22T23:59:43: 非记录时间：2017-07-22T23:59:43+08:00
