2017-05-21T00:00:51: 非记录时间：2017-05-21T00:00:51+08:00
2017-05-21T00:01:51: 非记录时间：2017-05-21T00:01:51+08:00
2017-05-21T00:02:51: 非记录时间：2017-05-21T00:02:51+08:00
2017-05-21T00:03:51: 非记录时间：2017-05-21T00:03:51+08:00
2017-05-21T00:04:51: 非记录时间：2017-05-21T00:04:51+08:00
2017-05-21T00:05:51: 非记录时间：2017-05-21T00:05:51+08:00
2017-05-21T00:06:51: 非记录时间：2017-05-21T00:06:51+08:00
2017-05-21T00:07:51: 非记录时间：2017-05-21T00:07:51+08:00
2017-05-21T00:08:51: 非记录时间：2017-05-21T00:08:51+08:00
2017-05-21T00:09:51: 非记录时间：2017-05-21T00:09:51+08:00
2017-05-21T00:10:51: 非记录时间：2017-05-21T00:10:51+08:00
2017-05-21T00:11:51: 非记录时间：2017-05-21T00:11:51+08:00
2017-05-21T00:12:51: 非记录时间：2017-05-21T00:12:51+08:00
2017-05-21T00:13:51: 非记录时间：2017-05-21T00:13:51+08:00
2017-05-21T00:14:51: 非记录时间：2017-05-21T00:14:51+08:00
2017-05-21T00:15:51: 非记录时间：2017-05-21T00:15:51+08:00
2017-05-21T00:16:51: 非记录时间：2017-05-21T00:16:51+08:00
2017-05-21T00:17:51: 非记录时间：2017-05-21T00:17:51+08:00
2017-05-21T00:18:51: 非记录时间：2017-05-21T00:18:51+08:00
2017-05-21T00:19:51: 非记录时间：2017-05-21T00:19:51+08:00
2017-05-21T00:20:51: 非记录时间：2017-05-21T00:20:51+08:00
2017-05-21T00:21:51: 非记录时间：2017-05-21T00:21:51+08:00
2017-05-21T00:22:51: 非记录时间：2017-05-21T00:22:51+08:00
2017-05-21T00:23:51: 非记录时间：2017-05-21T00:23:51+08:00
2017-05-21T00:24:51: 非记录时间：2017-05-21T00:24:51+08:00
2017-05-21T00:25:51: 非记录时间：2017-05-21T00:25:51+08:00
2017-05-21T00:26:51: 非记录时间：2017-05-21T00:26:51+08:00
2017-05-21T00:27:51: 非记录时间：2017-05-21T00:27:51+08:00
2017-05-21T00:28:51: 非记录时间：2017-05-21T00:28:51+08:00
2017-05-21T00:29:51: 非记录时间：2017-05-21T00:29:51+08:00
2017-05-21T00:30:51: 非记录时间：2017-05-21T00:30:51+08:00
2017-05-21T00:31:51: 非记录时间：2017-05-21T00:31:51+08:00
2017-05-21T00:32:51: 非记录时间：2017-05-21T00:32:51+08:00
2017-05-21T00:33:51: 非记录时间：2017-05-21T00:33:51+08:00
2017-05-21T00:34:51: 非记录时间：2017-05-21T00:34:51+08:00
2017-05-21T00:35:51: 非记录时间：2017-05-21T00:35:51+08:00
2017-05-21T00:36:51: 非记录时间：2017-05-21T00:36:51+08:00
2017-05-21T00:37:51: 非记录时间：2017-05-21T00:37:51+08:00
2017-05-21T00:38:51: 非记录时间：2017-05-21T00:38:51+08:00
2017-05-21T00:39:51: 非记录时间：2017-05-21T00:39:51+08:00
2017-05-21T00:40:51: 非记录时间：2017-05-21T00:40:51+08:00
2017-05-21T00:41:51: 非记录时间：2017-05-21T00:41:51+08:00
2017-05-21T00:42:51: 非记录时间：2017-05-21T00:42:51+08:00
2017-05-21T00:43:51: 非记录时间：2017-05-21T00:43:51+08:00
2017-05-21T00:44:51: 非记录时间：2017-05-21T00:44:51+08:00
2017-05-21T00:45:51: 非记录时间：2017-05-21T00:45:51+08:00
2017-05-21T00:46:51: 非记录时间：2017-05-21T00:46:51+08:00
2017-05-21T00:47:51: 非记录时间：2017-05-21T00:47:51+08:00
2017-05-21T00:48:51: 非记录时间：2017-05-21T00:48:51+08:00
2017-05-21T00:49:51: 非记录时间：2017-05-21T00:49:51+08:00
2017-05-21T00:50:51: 非记录时间：2017-05-21T00:50:51+08:00
2017-05-21T00:51:51: 非记录时间：2017-05-21T00:51:51+08:00
2017-05-21T00:52:51: 非记录时间：2017-05-21T00:52:51+08:00
2017-05-21T00:53:51: 非记录时间：2017-05-21T00:53:51+08:00
2017-05-21T00:54:51: 非记录时间：2017-05-21T00:54:51+08:00
2017-05-21T00:55:51: 非记录时间：2017-05-21T00:55:51+08:00
2017-05-21T00:56:51: 非记录时间：2017-05-21T00:56:51+08:00
2017-05-21T00:57:51: 非记录时间：2017-05-21T00:57:51+08:00
2017-05-21T00:58:51: 非记录时间：2017-05-21T00:58:51+08:00
2017-05-21T00:59:51: 非记录时间：2017-05-21T00:59:51+08:00
2017-05-21T01:00:51: 非记录时间：2017-05-21T01:00:51+08:00
2017-05-21T01:01:51: 非记录时间：2017-05-21T01:01:51+08:00
2017-05-21T01:02:51: 非记录时间：2017-05-21T01:02:51+08:00
2017-05-21T01:03:51: 非记录时间：2017-05-21T01:03:51+08:00
2017-05-21T01:04:51: 非记录时间：2017-05-21T01:04:51+08:00
2017-05-21T01:05:51: 非记录时间：2017-05-21T01:05:51+08:00
2017-05-21T01:06:51: 非记录时间：2017-05-21T01:06:51+08:00
2017-05-21T01:07:51: 非记录时间：2017-05-21T01:07:51+08:00
2017-05-21T01:08:51: 非记录时间：2017-05-21T01:08:51+08:00
2017-05-21T01:09:51: 非记录时间：2017-05-21T01:09:51+08:00
2017-05-21T01:10:51: 非记录时间：2017-05-21T01:10:51+08:00
2017-05-21T01:11:52: 读取文件失败，可能是该文件不存在
2017-05-21T01:11:52: Error: ENOENT: no such file or directory, open './data/2017-05-21.json'
2017-05-21T01:12:51: 读取文件成功
2017-05-21T01:13:51: 读取文件成功
2017-05-21T01:14:51: 读取文件成功
2017-05-21T01:15:51: 读取文件成功
2017-05-21T01:16:51: 读取文件成功
2017-05-21T01:17:51: 读取文件成功
2017-05-21T01:18:51: 读取文件成功
2017-05-21T01:19:51: 读取文件成功
2017-05-21T01:20:51: 读取文件成功
2017-05-21T01:21:51: 读取文件成功
2017-05-21T01:22:51: 读取文件成功
2017-05-21T01:23:52: 读取文件成功
2017-05-21T01:24:51: 读取文件成功
2017-05-21T01:25:51: 读取文件成功
2017-05-21T01:26:51: 读取文件成功
2017-05-21T01:27:51: 读取文件成功
2017-05-21T01:28:52: 读取文件成功
2017-05-21T01:29:52: 读取文件成功
2017-05-21T01:30:51: 读取文件成功
2017-05-21T01:31:52: 读取文件成功
2017-05-21T01:32:52: 读取文件成功
2017-05-21T01:33:52: 读取文件成功
2017-05-21T01:34:52: 读取文件成功
2017-05-21T01:35:52: 读取文件成功
2017-05-21T01:36:52: 读取文件成功
2017-05-21T01:37:52: 读取文件成功
2017-05-21T01:38:52: 读取文件成功
2017-05-21T01:39:52: 读取文件成功
2017-05-21T01:40:52: 读取文件成功
2017-05-21T01:41:52: 读取文件成功
2017-05-21T01:42:52: 读取文件成功
2017-05-21T01:43:52: 读取文件成功
2017-05-21T01:44:52: 读取文件成功
2017-05-21T01:45:52: 读取文件成功
2017-05-21T01:46:52: 读取文件成功
2017-05-21T01:47:52: 读取文件成功
2017-05-21T01:48:52: 读取文件成功
2017-05-21T01:49:52: 读取文件成功
2017-05-21T01:50:52: 读取文件成功
2017-05-21T01:51:52: 读取文件成功
2017-05-21T01:52:52: 读取文件成功
2017-05-21T01:53:52: 读取文件成功
2017-05-21T01:54:52: 读取文件成功
2017-05-21T01:55:52: 读取文件成功
2017-05-21T01:56:52: 读取文件成功
2017-05-21T01:57:52: 读取文件成功
2017-05-21T01:58:52: 读取文件成功
2017-05-21T01:59:52: 读取文件成功
2017-05-21T02:00:52: 读取文件成功
2017-05-21T02:01:52: 读取文件成功
2017-05-21T02:02:52: 读取文件成功
2017-05-21T02:03:52: 读取文件成功
2017-05-21T02:04:52: 读取文件成功
2017-05-21T02:05:52: 读取文件成功
2017-05-21T02:06:52: 读取文件成功
2017-05-21T02:07:52: 读取文件成功
2017-05-21T02:08:52: 读取文件成功
2017-05-21T02:09:52: 读取文件成功
2017-05-21T02:10:52: 读取文件成功
2017-05-21T02:11:52: 读取文件成功
2017-05-21T02:12:52: 读取文件成功
2017-05-21T02:13:52: 读取文件成功
2017-05-21T02:14:52: 读取文件成功
2017-05-21T02:15:52: 读取文件成功
2017-05-21T02:16:52: 读取文件成功
2017-05-21T02:17:52: 读取文件成功
2017-05-21T02:18:52: 读取文件成功
2017-05-21T02:19:52: 读取文件成功
2017-05-21T02:20:52: 读取文件成功
2017-05-21T02:21:52: 读取文件成功
2017-05-21T02:22:52: 读取文件成功
2017-05-21T02:23:52: 读取文件成功
2017-05-21T02:24:52: 读取文件成功
2017-05-21T02:25:52: 读取文件成功
2017-05-21T02:26:52: 读取文件成功
2017-05-21T02:27:52: 读取文件成功
2017-05-21T02:28:52: 读取文件成功
2017-05-21T02:29:52: 读取文件成功
2017-05-21T02:30:52: 读取文件成功
2017-05-21T02:31:52: 读取文件成功
2017-05-21T02:32:52: 读取文件成功
2017-05-21T02:33:52: 读取文件成功
2017-05-21T02:34:52: 读取文件成功
2017-05-21T02:35:52: 读取文件成功
2017-05-21T02:36:52: 读取文件成功
2017-05-21T02:37:52: 读取文件成功
2017-05-21T02:38:52: 读取文件成功
2017-05-21T02:39:52: 读取文件成功
2017-05-21T02:40:52: 读取文件成功
2017-05-21T02:41:52: 读取文件成功
2017-05-21T02:42:52: 读取文件成功
2017-05-21T02:43:52: 读取文件成功
2017-05-21T02:44:52: 读取文件成功
2017-05-21T02:45:52: 读取文件成功
2017-05-21T02:46:52: 读取文件成功
2017-05-21T02:47:52: 读取文件成功
2017-05-21T02:48:52: 读取文件成功
2017-05-21T02:49:52: 读取文件成功
2017-05-21T02:50:52: 读取文件成功
2017-05-21T02:51:52: 读取文件成功
2017-05-21T02:52:52: 读取文件成功
2017-05-21T02:53:52: 读取文件成功
2017-05-21T02:54:52: 读取文件成功
2017-05-21T02:55:52: 读取文件成功
2017-05-21T02:56:52: 读取文件成功
2017-05-21T02:57:52: 读取文件成功
2017-05-21T02:58:52: 读取文件成功
2017-05-21T02:59:52: 读取文件成功
2017-05-21T03:00:52: 读取文件成功
2017-05-21T03:01:52: 读取文件成功
2017-05-21T03:02:52: 读取文件成功
2017-05-21T03:03:52: 读取文件成功
2017-05-21T03:04:53: 读取文件成功
2017-05-21T03:05:52: 读取文件成功
2017-05-21T03:06:52: 读取文件成功
2017-05-21T03:07:52: 读取文件成功
2017-05-21T03:08:52: 读取文件成功
2017-05-21T03:09:52: 读取文件成功
2017-05-21T03:10:53: 读取文件成功
2017-05-21T03:11:53: 读取文件成功
2017-05-21T03:12:52: 读取文件成功
2017-05-21T03:13:53: 读取文件成功
2017-05-21T03:14:53: 读取文件成功
2017-05-21T03:15:53: 读取文件成功
2017-05-21T03:16:53: 读取文件成功
2017-05-21T03:17:53: 读取文件成功
2017-05-21T03:18:53: 读取文件成功
2017-05-21T03:19:53: 读取文件成功
2017-05-21T03:20:53: 读取文件成功
2017-05-21T03:21:53: 读取文件成功
2017-05-21T03:22:53: 读取文件成功
2017-05-21T03:23:53: 读取文件成功
2017-05-21T03:24:53: 读取文件成功
2017-05-21T03:25:53: 读取文件成功
2017-05-21T03:26:53: 读取文件成功
2017-05-21T03:27:53: 读取文件成功
2017-05-21T03:28:53: 读取文件成功
2017-05-21T03:29:53: 读取文件成功
2017-05-21T03:30:53: 读取文件成功
2017-05-21T03:31:53: 读取文件成功
2017-05-21T03:32:53: 读取文件成功
2017-05-21T03:33:53: 读取文件成功
2017-05-21T03:34:53: 读取文件成功
2017-05-21T03:35:53: 读取文件成功
2017-05-21T03:36:53: 读取文件成功
2017-05-21T03:37:53: 读取文件成功
2017-05-21T03:38:53: 读取文件成功
2017-05-21T03:39:53: 读取文件成功
2017-05-21T03:40:53: 读取文件成功
2017-05-21T03:41:53: 读取文件成功
2017-05-21T03:42:53: 读取文件成功
2017-05-21T03:43:53: 读取文件成功
2017-05-21T03:44:53: 读取文件成功
2017-05-21T03:45:53: 读取文件成功
2017-05-21T03:46:53: 读取文件成功
2017-05-21T03:47:53: 读取文件成功
2017-05-21T03:48:53: 读取文件成功
2017-05-21T03:49:53: 读取文件成功
2017-05-21T03:50:53: 读取文件成功
2017-05-21T03:51:53: 读取文件成功
2017-05-21T03:52:53: 读取文件成功
2017-05-21T03:53:53: 读取文件成功
2017-05-21T03:54:53: 读取文件成功
2017-05-21T03:55:53: 读取文件成功
2017-05-21T03:56:53: 读取文件成功
2017-05-21T03:57:53: 读取文件成功
2017-05-21T03:58:53: 读取文件成功
2017-05-21T03:59:53: 读取文件成功
2017-05-21T04:00:53: 读取文件成功
2017-05-21T04:01:53: 读取文件成功
2017-05-21T04:02:53: 读取文件成功
2017-05-21T04:03:53: 读取文件成功
2017-05-21T04:04:53: 读取文件成功
2017-05-21T04:05:53: 读取文件成功
2017-05-21T04:06:53: 读取文件成功
2017-05-21T04:07:53: 读取文件成功
2017-05-21T04:08:53: 读取文件成功
2017-05-21T04:09:53: 读取文件成功
2017-05-21T04:10:53: 读取文件成功
2017-05-21T04:11:53: 读取文件成功
2017-05-21T04:12:53: 读取文件成功
2017-05-21T04:13:53: 读取文件成功
2017-05-21T04:14:53: 读取文件成功
2017-05-21T04:15:53: 读取文件成功
2017-05-21T04:16:53: 读取文件成功
2017-05-21T04:17:53: 读取文件成功
2017-05-21T04:18:53: 读取文件成功
2017-05-21T04:19:53: 读取文件成功
2017-05-21T04:20:53: 读取文件成功
2017-05-21T04:21:53: 读取文件成功
2017-05-21T04:22:53: 读取文件成功
2017-05-21T04:23:53: 读取文件成功
2017-05-21T04:24:53: 读取文件成功
2017-05-21T04:25:53: 读取文件成功
2017-05-21T04:26:53: 读取文件成功
2017-05-21T04:27:53: 读取文件成功
2017-05-21T04:28:53: 读取文件成功
2017-05-21T04:29:53: 读取文件成功
2017-05-21T04:30:53: 读取文件成功
2017-05-21T04:32:53: 读取文件成功
2017-05-21T04:33:53: 读取文件成功
2017-05-21T04:34:53: 读取文件成功
2017-05-21T04:35:53: 读取文件成功
2017-05-21T04:36:53: 读取文件成功
2017-05-21T04:37:53: 读取文件成功
2017-05-21T04:38:53: 读取文件成功
2017-05-21T04:39:53: 读取文件成功
2017-05-21T04:40:53: 读取文件成功
2017-05-21T04:41:53: 读取文件成功
2017-05-21T04:42:53: 读取文件成功
2017-05-21T04:43:53: 读取文件成功
2017-05-21T04:44:53: 读取文件成功
2017-05-21T04:45:54: 读取文件成功
2017-05-21T04:46:53: 读取文件成功
2017-05-21T04:47:53: 读取文件成功
2017-05-21T04:48:53: 读取文件成功
2017-05-21T04:49:53: 读取文件成功
2017-05-21T04:50:53: 读取文件成功
2017-05-21T04:51:54: 读取文件成功
2017-05-21T04:52:53: 读取文件成功
2017-05-21T04:53:53: 读取文件成功
2017-05-21T04:54:53: 读取文件成功
2017-05-21T04:55:53: 读取文件成功
2017-05-21T04:56:54: 读取文件成功
2017-05-21T04:57:54: 读取文件成功
2017-05-21T04:58:54: 读取文件成功
2017-05-21T04:59:54: 读取文件成功
2017-05-21T05:00:54: 读取文件成功
2017-05-21T05:01:54: 读取文件成功
2017-05-21T05:02:54: 读取文件成功
2017-05-21T05:03:54: 读取文件成功
2017-05-21T05:04:54: 读取文件成功
2017-05-21T05:05:54: 读取文件成功
2017-05-21T05:06:54: 读取文件成功
2017-05-21T05:07:54: 读取文件成功
2017-05-21T05:08:54: 读取文件成功
2017-05-21T05:09:54: 读取文件成功
2017-05-21T05:10:54: 读取文件成功
2017-05-21T05:11:54: 读取文件成功
2017-05-21T05:12:54: 读取文件成功
2017-05-21T05:13:54: 读取文件成功
2017-05-21T05:14:54: 读取文件成功
2017-05-21T05:15:54: 读取文件成功
2017-05-21T05:16:54: 读取文件成功
2017-05-21T05:17:54: 读取文件成功
2017-05-21T05:18:54: 读取文件成功
2017-05-21T05:19:54: 读取文件成功
2017-05-21T05:20:54: 读取文件成功
2017-05-21T05:21:54: 读取文件成功
2017-05-21T05:22:54: 读取文件成功
2017-05-21T05:23:54: 读取文件成功
2017-05-21T05:24:54: 读取文件成功
2017-05-21T05:25:59: 读取文件成功
2017-05-21T05:26:54: 读取文件成功
2017-05-21T05:27:54: 读取文件成功
2017-05-21T05:28:54: 读取文件成功
2017-05-21T05:29:54: 读取文件成功
2017-05-21T05:30:54: 读取文件成功
2017-05-21T05:31:54: 读取文件成功
2017-05-21T05:32:54: 读取文件成功
2017-05-21T05:33:54: 读取文件成功
2017-05-21T05:34:54: 读取文件成功
2017-05-21T05:35:54: 读取文件成功
2017-05-21T05:36:54: 读取文件成功
2017-05-21T05:37:54: 读取文件成功
2017-05-21T05:38:54: 读取文件成功
2017-05-21T05:39:54: 读取文件成功
2017-05-21T05:40:54: 读取文件成功
2017-05-21T05:41:54: 读取文件成功
2017-05-21T05:42:54: 读取文件成功
2017-05-21T05:43:54: 读取文件成功
2017-05-21T05:44:54: 读取文件成功
2017-05-21T05:45:54: 读取文件成功
2017-05-21T05:46:54: 读取文件成功
2017-05-21T05:47:54: 读取文件成功
2017-05-21T05:48:54: 读取文件成功
2017-05-21T05:49:54: 读取文件成功
2017-05-21T05:50:54: 读取文件成功
2017-05-21T05:51:54: 读取文件成功
2017-05-21T05:52:54: 读取文件成功
2017-05-21T05:53:54: 读取文件成功
2017-05-21T05:54:54: 读取文件成功
2017-05-21T05:55:54: 读取文件成功
2017-05-21T05:56:54: 读取文件成功
2017-05-21T05:57:54: 读取文件成功
2017-05-21T05:58:54: 读取文件成功
2017-05-21T05:59:54: 读取文件成功
2017-05-21T06:00:54: 读取文件成功
2017-05-21T06:01:54: 读取文件成功
2017-05-21T06:02:54: 读取文件成功
2017-05-21T06:03:54: 读取文件成功
2017-05-21T06:04:54: 读取文件成功
2017-05-21T06:05:54: 读取文件成功
2017-05-21T06:06:54: 读取文件成功
2017-05-21T06:07:54: 读取文件成功
2017-05-21T06:08:54: 读取文件成功
2017-05-21T06:09:54: 读取文件成功
2017-05-21T06:10:54: 读取文件成功
2017-05-21T06:11:54: 读取文件成功
2017-05-21T06:12:54: 读取文件成功
2017-05-21T06:13:54: 读取文件成功
2017-05-21T06:14:54: 读取文件成功
2017-05-21T06:15:54: 读取文件成功
2017-05-21T06:16:54: 读取文件成功
2017-05-21T06:17:54: 读取文件成功
2017-05-21T06:18:54: 读取文件成功
2017-05-21T06:19:54: 读取文件成功
2017-05-21T06:20:54: 读取文件成功
2017-05-21T06:21:54: 读取文件成功
2017-05-21T06:22:54: 读取文件成功
2017-05-21T06:23:54: 读取文件成功
2017-05-21T06:24:54: 读取文件成功
2017-05-21T06:25:54: 读取文件成功
2017-05-21T06:26:54: 读取文件成功
2017-05-21T06:27:54: 读取文件成功
2017-05-21T06:28:54: 读取文件成功
2017-05-21T06:29:54: 读取文件成功
2017-05-21T06:30:54: 读取文件成功
2017-05-21T06:31:55: 读取文件成功
2017-05-21T06:32:54: 读取文件成功
2017-05-21T06:33:54: 读取文件成功
2017-05-21T06:34:54: 读取文件成功
2017-05-21T06:35:54: 读取文件成功
2017-05-21T06:36:55: 读取文件成功
2017-05-21T06:37:55: 读取文件成功
2017-05-21T06:38:55: 读取文件成功
2017-05-21T06:39:55: 读取文件成功
2017-05-21T06:40:55: 读取文件成功
2017-05-21T06:41:55: 读取文件成功
2017-05-21T06:42:55: 读取文件成功
2017-05-21T06:43:55: 读取文件成功
2017-05-21T06:44:55: 读取文件成功
2017-05-21T06:45:55: 读取文件成功
2017-05-21T06:46:55: 读取文件成功
2017-05-21T06:47:55: 读取文件成功
2017-05-21T06:48:55: 读取文件成功
2017-05-21T06:49:55: 读取文件成功
2017-05-21T06:50:55: 读取文件成功
2017-05-21T06:51:55: 读取文件成功
2017-05-21T06:52:55: 读取文件成功
2017-05-21T06:53:55: 读取文件成功
2017-05-21T06:54:55: 读取文件成功
2017-05-21T06:55:55: 读取文件成功
2017-05-21T06:56:55: 读取文件成功
2017-05-21T06:57:55: 读取文件成功
2017-05-21T06:58:55: 读取文件成功
2017-05-21T06:59:55: 读取文件成功
2017-05-21T07:00:55: 读取文件成功
2017-05-21T07:01:55: 读取文件成功
2017-05-21T07:02:55: 读取文件成功
2017-05-21T07:03:55: 读取文件成功
2017-05-21T07:04:55: 读取文件成功
2017-05-21T07:05:55: 读取文件成功
2017-05-21T07:06:55: 读取文件成功
2017-05-21T07:07:55: 读取文件成功
2017-05-21T07:08:55: 读取文件成功
2017-05-21T07:09:55: 读取文件成功
2017-05-21T07:10:55: 读取文件成功
2017-05-21T07:11:55: 读取文件成功
2017-05-21T07:12:55: 读取文件成功
2017-05-21T07:13:55: 读取文件成功
2017-05-21T07:14:55: 读取文件成功
2017-05-21T07:15:55: 读取文件成功
2017-05-21T07:16:55: 读取文件成功
2017-05-21T07:17:56: 读取文件成功
2017-05-21T07:18:55: 读取文件成功
2017-05-21T07:19:55: 读取文件成功
2017-05-21T07:20:55: 读取文件成功
2017-05-21T07:21:55: 读取文件成功
2017-05-21T07:22:55: 读取文件成功
2017-05-21T07:23:55: 读取文件成功
2017-05-21T07:24:55: 读取文件成功
2017-05-21T07:25:55: 读取文件成功
2017-05-21T07:26:55: 读取文件成功
2017-05-21T07:27:55: 读取文件成功
2017-05-21T07:28:55: 读取文件成功
2017-05-21T07:29:55: 读取文件成功
2017-05-21T07:30:55: 读取文件成功
2017-05-21T07:31:55: 读取文件成功
2017-05-21T07:32:55: 读取文件成功
2017-05-21T07:33:55: 读取文件成功
2017-05-21T07:34:55: 读取文件成功
2017-05-21T07:35:55: 读取文件成功
2017-05-21T07:36:55: 读取文件成功
2017-05-21T07:37:55: 读取文件成功
2017-05-21T07:38:55: 读取文件成功
2017-05-21T07:39:55: 读取文件成功
2017-05-21T07:40:55: 读取文件成功
2017-05-21T07:41:55: 读取文件成功
2017-05-21T07:42:55: 读取文件成功
2017-05-21T07:43:55: 读取文件成功
2017-05-21T07:44:55: 读取文件成功
2017-05-21T07:45:57: 读取文件成功
2017-05-21T07:46:55: 读取文件成功
2017-05-21T07:47:55: 读取文件成功
2017-05-21T07:48:55: 读取文件成功
2017-05-21T07:49:55: 读取文件成功
2017-05-21T07:50:55: 读取文件成功
2017-05-21T07:51:55: 读取文件成功
2017-05-21T07:52:55: 读取文件成功
2017-05-21T07:53:55: 读取文件成功
2017-05-21T07:54:55: 读取文件成功
2017-05-21T07:55:55: 读取文件成功
2017-05-21T07:56:55: 读取文件成功
2017-05-21T07:57:55: 读取文件成功
2017-05-21T07:58:55: 读取文件成功
2017-05-21T07:59:55: 读取文件成功
2017-05-21T08:00:55: 读取文件成功
2017-05-21T08:01:55: 读取文件成功
2017-05-21T08:02:55: 读取文件成功
2017-05-21T08:03:55: 读取文件成功
2017-05-21T08:04:55: 读取文件成功
2017-05-21T08:06:00: 读取文件成功
2017-05-21T08:06:55: 读取文件成功
2017-05-21T08:07:55: 读取文件成功
2017-05-21T08:08:55: 读取文件成功
2017-05-21T08:09:56: 读取文件成功
2017-05-21T08:10:55: 读取文件成功
2017-05-21T08:11:55: 读取文件成功
2017-05-21T08:12:55: 读取文件成功
2017-05-21T08:13:55: 读取文件成功
2017-05-21T08:14:55: 读取文件成功
2017-05-21T08:15:55: 读取文件成功
2017-05-21T08:16:55: 读取文件成功
2017-05-21T08:17:56: 读取文件成功
2017-05-21T08:18:55: 读取文件成功
2017-05-21T08:19:55: 读取文件成功
2017-05-21T08:20:55: 读取文件成功
2017-05-21T08:21:55: 读取文件成功
2017-05-21T08:22:55: 读取文件成功
2017-05-21T08:23:56: 读取文件成功
2017-05-21T08:24:55: 读取文件成功
2017-05-21T08:25:56: 读取文件成功
2017-05-21T08:26:56: 读取文件成功
2017-05-21T08:27:56: 读取文件成功
2017-05-21T08:28:56: 读取文件成功
2017-05-21T08:29:56: 读取文件成功
2017-05-21T08:30:56: 读取文件成功
2017-05-21T08:31:56: 读取文件成功
2017-05-21T08:32:56: 读取文件成功
2017-05-21T08:33:56: 读取文件成功
2017-05-21T08:34:56: 读取文件成功
2017-05-21T08:35:56: 读取文件成功
2017-05-21T08:36:56: 读取文件成功
2017-05-21T08:37:56: 读取文件成功
2017-05-21T08:38:56: 读取文件成功
2017-05-21T08:39:56: 读取文件成功
2017-05-21T08:40:56: 读取文件成功
2017-05-21T08:41:56: 读取文件成功
2017-05-21T08:42:56: 读取文件成功
2017-05-21T08:43:56: 读取文件成功
2017-05-21T08:44:56: 读取文件成功
2017-05-21T08:45:56: 读取文件成功
2017-05-21T08:46:56: 读取文件成功
2017-05-21T08:47:56: 读取文件成功
2017-05-21T08:48:56: 读取文件成功
2017-05-21T08:49:56: 读取文件成功
2017-05-21T08:50:56: 读取文件成功
2017-05-21T08:51:56: 读取文件成功
2017-05-21T08:53:01: 读取文件成功
2017-05-21T08:53:56: 读取文件成功
2017-05-21T08:54:56: 读取文件成功
2017-05-21T08:55:56: 读取文件成功
2017-05-21T08:56:56: 读取文件成功
2017-05-21T08:57:56: 读取文件成功
2017-05-21T08:58:56: 读取文件成功
2017-05-21T08:59:56: 读取文件成功
2017-05-21T09:00:56: 读取文件成功
2017-05-21T09:01:56: 读取文件成功
2017-05-21T09:02:56: 读取文件成功
2017-05-21T09:03:56: 读取文件成功
2017-05-21T09:04:56: 读取文件成功
2017-05-21T09:05:56: 读取文件成功
2017-05-21T09:06:56: 读取文件成功
2017-05-21T09:08:01: 读取文件成功
2017-05-21T09:08:56: 读取文件成功
2017-05-21T09:09:56: 读取文件成功
2017-05-21T09:10:56: 读取文件成功
2017-05-21T09:11:56: 读取文件成功
2017-05-21T09:12:56: 读取文件成功
2017-05-21T09:14:01: 读取文件成功
2017-05-21T09:14:56: 读取文件成功
2017-05-21T09:16:01: 读取文件成功
2017-05-21T09:16:56: 读取文件成功
2017-05-21T09:17:56: 读取文件成功
2017-05-21T09:18:56: 读取文件成功
2017-05-21T09:19:56: 读取文件成功
2017-05-21T09:20:56: 读取文件成功
2017-05-21T09:21:56: 读取文件成功
2017-05-21T09:22:56: 读取文件成功
2017-05-21T09:23:56: 读取文件成功
2017-05-21T09:24:56: 读取文件成功
2017-05-21T09:25:56: 读取文件成功
2017-05-21T09:27:01: 读取文件成功
2017-05-21T09:27:56: 读取文件成功
2017-05-21T09:28:56: 读取文件成功
2017-05-21T09:29:56: 读取文件成功
2017-05-21T09:30:56: 读取文件成功
2017-05-21T09:31:56: 读取文件成功
2017-05-21T09:32:56: 读取文件成功
2017-05-21T09:33:56: 读取文件成功
2017-05-21T09:34:56: 读取文件成功
2017-05-21T09:35:56: 读取文件成功
2017-05-21T09:36:56: 读取文件成功
2017-05-21T09:37:56: 读取文件成功
2017-05-21T09:38:56: 读取文件成功
2017-05-21T09:39:56: 读取文件成功
2017-05-21T09:41:01: 读取文件成功
2017-05-21T09:41:56: 读取文件成功
2017-05-21T09:42:56: 读取文件成功
2017-05-21T09:43:56: 读取文件成功
2017-05-21T09:44:56: 读取文件成功
2017-05-21T09:45:56: 读取文件成功
2017-05-21T09:46:56: 读取文件成功
2017-05-21T09:47:56: 读取文件成功
2017-05-21T09:48:56: 读取文件成功
2017-05-21T09:49:56: 读取文件成功
2017-05-21T09:50:56: 读取文件成功
2017-05-21T09:51:56: 读取文件成功
2017-05-21T09:52:56: 读取文件成功
2017-05-21T09:53:56: 读取文件成功
2017-05-21T09:54:56: 读取文件成功
2017-05-21T09:55:56: 读取文件成功
2017-05-21T09:56:56: 读取文件成功
2017-05-21T09:57:56: 读取文件成功
2017-05-21T09:58:56: 读取文件成功
2017-05-21T09:59:57: 读取文件成功
2017-05-21T10:00:56: 读取文件成功
2017-05-21T10:01:56: 读取文件成功
2017-05-21T10:02:57: 读取文件成功
2017-05-21T10:03:56: 读取文件成功
2017-05-21T10:04:56: 读取文件成功
2017-05-21T10:05:58: 读取文件成功
2017-05-21T10:06:56: 读取文件成功
2017-05-21T10:07:57: 读取文件成功
2017-05-21T10:08:57: 读取文件成功
2017-05-21T10:09:57: 读取文件成功
2017-05-21T10:10:57: 读取文件成功
2017-05-21T10:11:57: 读取文件成功
2017-05-21T10:12:57: 读取文件成功
2017-05-21T10:13:57: 读取文件成功
2017-05-21T10:14:57: 读取文件成功
2017-05-21T10:15:57: 读取文件成功
2017-05-21T10:16:57: 读取文件成功
2017-05-21T10:17:57: 读取文件成功
2017-05-21T10:18:57: 读取文件成功
2017-05-21T10:19:57: 读取文件成功
2017-05-21T10:20:57: 读取文件成功
2017-05-21T10:21:57: 读取文件成功
2017-05-21T10:22:57: 读取文件成功
2017-05-21T10:23:57: 读取文件成功
2017-05-21T10:24:57: 读取文件成功
2017-05-21T10:25:57: 读取文件成功
2017-05-21T10:26:57: 读取文件成功
2017-05-21T10:27:57: 读取文件成功
2017-05-21T10:28:57: 读取文件成功
2017-05-21T10:29:57: 读取文件成功
2017-05-21T10:30:57: 读取文件成功
2017-05-21T10:31:57: 读取文件成功
2017-05-21T10:32:57: 读取文件成功
2017-05-21T10:33:57: 读取文件成功
2017-05-21T10:34:57: 读取文件成功
2017-05-21T10:35:57: 读取文件成功
2017-05-21T10:36:57: 读取文件成功
2017-05-21T10:37:57: 读取文件成功
2017-05-21T10:38:57: 读取文件成功
2017-05-21T10:39:57: 读取文件成功
2017-05-21T10:40:57: 读取文件成功
2017-05-21T10:41:57: 读取文件成功
2017-05-21T10:42:57: 读取文件成功
2017-05-21T10:43:57: 读取文件成功
2017-05-21T10:44:57: 读取文件成功
2017-05-21T10:45:57: 读取文件成功
2017-05-21T10:46:57: 读取文件成功
2017-05-21T10:47:57: 读取文件成功
2017-05-21T10:48:57: 读取文件成功
2017-05-21T10:49:57: 读取文件成功
2017-05-21T10:51:02: 读取文件成功
2017-05-21T10:51:57: 读取文件成功
2017-05-21T10:52:57: 读取文件成功
2017-05-21T10:53:57: 读取文件成功
2017-05-21T10:54:57: 读取文件成功
2017-05-21T10:55:57: 读取文件成功
2017-05-21T10:56:57: 读取文件成功
2017-05-21T10:57:57: 读取文件成功
2017-05-21T10:58:57: 读取文件成功
2017-05-21T10:59:57: 读取文件成功
2017-05-21T11:00:57: 读取文件成功
2017-05-21T11:01:57: 读取文件成功
2017-05-21T11:02:57: 读取文件成功
2017-05-21T11:04:02: 读取文件成功
2017-05-21T11:04:57: 读取文件成功
2017-05-21T11:05:57: 读取文件成功
2017-05-21T11:06:57: 读取文件成功
2017-05-21T11:07:57: 读取文件成功
2017-05-21T11:08:57: 读取文件成功
2017-05-21T11:09:57: 读取文件成功
2017-05-21T11:10:57: 读取文件成功
2017-05-21T11:11:57: 读取文件成功
2017-05-21T11:12:57: 读取文件成功
2017-05-21T11:13:57: 读取文件成功
2017-05-21T11:14:57: 读取文件成功
2017-05-21T11:15:57: 读取文件成功
2017-05-21T11:16:57: 读取文件成功
2017-05-21T11:17:57: 读取文件成功
2017-05-21T11:18:57: 读取文件成功
2017-05-21T11:19:57: 读取文件成功
2017-05-21T11:20:57: 读取文件成功
2017-05-21T11:21:57: 读取文件成功
2017-05-21T11:22:57: 读取文件成功
2017-05-21T11:23:57: 读取文件成功
2017-05-21T11:24:57: 读取文件成功
2017-05-21T11:25:57: 读取文件成功
2017-05-21T11:26:57: 读取文件成功
2017-05-21T11:27:57: 读取文件成功
2017-05-21T11:28:57: 读取文件成功
2017-05-21T11:29:57: 读取文件成功
2017-05-21T11:30:57: 读取文件成功
2017-05-21T11:31:57: 读取文件成功
2017-05-21T11:32:57: 读取文件成功
2017-05-21T11:33:57: 读取文件成功
2017-05-21T11:34:57: 读取文件成功
2017-05-21T11:35:57: 读取文件成功
2017-05-21T11:36:57: 读取文件成功
2017-05-21T11:37:57: 读取文件成功
2017-05-21T11:38:57: 读取文件成功
2017-05-21T11:39:57: 读取文件成功
2017-05-21T11:40:57: 读取文件成功
2017-05-21T11:41:57: 读取文件成功
2017-05-21T11:42:57: 读取文件成功
2017-05-21T11:43:58: 读取文件成功
2017-05-21T11:44:57: 读取文件成功
2017-05-21T11:45:57: 读取文件成功
2017-05-21T11:47:02: 读取文件成功
2017-05-21T11:47:58: 读取文件成功
2017-05-21T11:48:58: 读取文件成功
2017-05-21T11:49:58: 读取文件成功
2017-05-21T11:50:58: 读取文件成功
2017-05-21T11:51:58: 读取文件成功
2017-05-21T11:52:58: 读取文件成功
2017-05-21T11:53:58: 读取文件成功
2017-05-21T11:54:58: 读取文件成功
2017-05-21T11:55:58: 读取文件成功
2017-05-21T11:56:58: 读取文件成功
2017-05-21T11:57:58: 读取文件成功
2017-05-21T11:58:58: 读取文件成功
2017-05-21T11:59:58: 读取文件成功
2017-05-21T12:00:58: 读取文件成功
2017-05-21T12:01:58: 读取文件成功
2017-05-21T12:02:58: 读取文件成功
2017-05-21T12:03:58: 读取文件成功
2017-05-21T12:04:58: 读取文件成功
2017-05-21T12:05:58: 读取文件成功
2017-05-21T12:06:58: 读取文件成功
2017-05-21T12:07:58: 读取文件成功
2017-05-21T12:08:58: 读取文件成功
2017-05-21T12:09:58: 读取文件成功
2017-05-21T12:11:03: 读取文件成功
2017-05-21T12:11:58: 读取文件成功
2017-05-21T12:12:58: 读取文件成功
2017-05-21T12:13:58: 读取文件成功
2017-05-21T12:14:58: 读取文件成功
2017-05-21T12:15:58: 读取文件成功
2017-05-21T12:16:58: 读取文件成功
2017-05-21T12:17:58: 读取文件成功
2017-05-21T12:18:58: 读取文件成功
2017-05-21T12:19:58: 读取文件成功
2017-05-21T12:20:58: 读取文件成功
2017-05-21T12:21:58: 读取文件成功
2017-05-21T12:22:58: 读取文件成功
2017-05-21T12:23:58: 读取文件成功
2017-05-21T12:24:58: 读取文件成功
2017-05-21T12:25:58: 读取文件成功
2017-05-21T12:26:58: 读取文件成功
2017-05-21T12:27:58: 读取文件成功
2017-05-21T12:28:58: 读取文件成功
2017-05-21T12:29:58: 读取文件成功
2017-05-21T12:30:58: 读取文件成功
2017-05-21T12:31:58: 读取文件成功
2017-05-21T12:32:58: 读取文件成功
2017-05-21T12:33:58: 读取文件成功
2017-05-21T12:34:58: 读取文件成功
2017-05-21T12:35:58: 读取文件成功
2017-05-21T12:36:58: 读取文件成功
2017-05-21T12:37:58: 读取文件成功
2017-05-21T12:38:58: 读取文件成功
2017-05-21T12:39:58: 读取文件成功
2017-05-21T12:40:58: 读取文件成功
2017-05-21T12:41:58: 读取文件成功
2017-05-21T12:42:58: 读取文件成功
2017-05-21T12:43:58: 读取文件成功
2017-05-21T12:44:58: 读取文件成功
2017-05-21T12:45:58: 读取文件成功
2017-05-21T12:46:58: 读取文件成功
2017-05-21T12:47:58: 读取文件成功
2017-05-21T12:48:58: 读取文件成功
2017-05-21T12:49:58: 读取文件成功
2017-05-21T12:50:58: 读取文件成功
2017-05-21T12:51:58: 读取文件成功
2017-05-21T12:52:58: 读取文件成功
2017-05-21T12:53:58: 读取文件成功
2017-05-21T12:54:58: 读取文件成功
2017-05-21T12:55:58: 读取文件成功
2017-05-21T12:56:58: 读取文件成功
2017-05-21T12:57:58: 读取文件成功
2017-05-21T12:58:58: 读取文件成功
2017-05-21T12:59:58: 读取文件成功
2017-05-21T13:00:58: 读取文件成功
2017-05-21T13:01:58: 读取文件成功
2017-05-21T13:02:58: 读取文件成功
2017-05-21T13:03:58: 读取文件成功
2017-05-21T13:04:58: 读取文件成功
2017-05-21T13:05:58: 读取文件成功
2017-05-21T13:06:59: 读取文件成功
2017-05-21T13:07:59: 读取文件成功
2017-05-21T13:08:58: 读取文件成功
2017-05-21T13:10:05: 读取文件成功
2017-05-21T13:10:58: 读取文件成功
2017-05-21T13:11:58: 读取文件成功
2017-05-21T13:12:59: 读取文件成功
2017-05-21T13:13:58: 读取文件成功
2017-05-21T13:14:59: 读取文件成功
2017-05-21T13:15:58: 读取文件成功
2017-05-21T13:16:58: 读取文件成功
2017-05-21T13:17:58: 读取文件成功
2017-05-21T13:18:59: 读取文件成功
2017-05-21T13:19:59: 读取文件成功
2017-05-21T13:20:59: 读取文件成功
2017-05-21T13:21:59: 读取文件成功
2017-05-21T13:22:59: 读取文件成功
2017-05-21T13:23:59: 读取文件成功
2017-05-21T13:24:59: 读取文件成功
2017-05-21T13:25:59: 读取文件成功
2017-05-21T13:26:59: 读取文件成功
2017-05-21T13:27:59: 读取文件成功
2017-05-21T13:28:59: 读取文件成功
2017-05-21T13:29:59: 读取文件成功
2017-05-21T13:30:59: 读取文件成功
2017-05-21T13:31:59: 读取文件成功
2017-05-21T13:32:59: 读取文件成功
2017-05-21T13:33:59: 读取文件成功
2017-05-21T13:35:01: 读取文件成功
2017-05-21T13:35:59: 读取文件成功
2017-05-21T13:36:59: 读取文件成功
2017-05-21T13:37:59: 读取文件成功
2017-05-21T13:38:59: 读取文件成功
2017-05-21T13:39:59: 读取文件成功
2017-05-21T13:40:59: 读取文件成功
2017-05-21T13:42:01: 读取文件成功
2017-05-21T13:42:59: 读取文件成功
2017-05-21T13:43:59: 读取文件成功
2017-05-21T13:44:59: 读取文件成功
2017-05-21T13:45:59: 读取文件成功
2017-05-21T13:46:59: 读取文件成功
2017-05-21T13:47:59: 读取文件成功
2017-05-21T13:48:59: 读取文件成功
2017-05-21T13:49:59: 读取文件成功
2017-05-21T13:50:59: 读取文件成功
2017-05-21T13:51:59: 读取文件成功
2017-05-21T13:52:59: 读取文件成功
2017-05-21T13:53:59: 读取文件成功
2017-05-21T13:54:59: 读取文件成功
2017-05-21T13:55:59: 读取文件成功
2017-05-21T13:56:59: 读取文件成功
2017-05-21T13:57:59: 读取文件成功
2017-05-21T13:58:59: 读取文件成功
2017-05-21T13:59:59: 读取文件成功
2017-05-21T14:00:59: 读取文件成功
2017-05-21T14:01:59: 读取文件成功
2017-05-21T14:02:59: 读取文件成功
2017-05-21T14:03:59: 读取文件成功
2017-05-21T14:04:59: 读取文件成功
2017-05-21T14:05:59: 读取文件成功
2017-05-21T14:06:59: 读取文件成功
2017-05-21T14:07:59: 读取文件成功
2017-05-21T14:08:59: 读取文件成功
2017-05-21T14:09:59: 读取文件成功
2017-05-21T14:10:59: 读取文件成功
2017-05-21T14:11:59: 读取文件成功
2017-05-21T14:12:59: 读取文件成功
2017-05-21T14:13:59: 读取文件成功
2017-05-21T14:14:59: 读取文件成功
2017-05-21T14:15:59: 读取文件成功
2017-05-21T14:17:04: 读取文件成功
2017-05-21T14:17:59: 读取文件成功
2017-05-21T14:18:59: 读取文件成功
2017-05-21T14:19:59: 读取文件成功
2017-05-21T14:20:59: 读取文件成功
2017-05-21T14:21:59: 读取文件成功
2017-05-21T14:22:59: 读取文件成功
2017-05-21T14:23:59: 读取文件成功
2017-05-21T14:24:59: 读取文件成功
2017-05-21T14:26:00: 读取文件成功
2017-05-21T14:26:59: 读取文件成功
2017-05-21T14:27:59: 读取文件成功
2017-05-21T14:28:59: 读取文件成功
2017-05-21T14:29:59: 读取文件成功
2017-05-21T14:30:59: 读取文件成功
2017-05-21T14:31:59: 读取文件成功
2017-05-21T14:33:01: 读取文件成功
2017-05-21T14:33:59: 读取文件成功
2017-05-21T14:34:59: 读取文件成功
2017-05-21T14:35:59: 读取文件成功
2017-05-21T14:36:59: 读取文件成功
2017-05-21T14:37:59: 读取文件成功
2017-05-21T14:38:59: 读取文件成功
2017-05-21T14:39:59: 读取文件成功
2017-05-21T14:40:59: 读取文件成功
2017-05-21T14:41:59: 读取文件成功
2017-05-21T14:42:59: 读取文件成功
2017-05-21T14:43:59: 读取文件成功
2017-05-21T14:44:59: 读取文件成功
2017-05-21T14:45:59: 读取文件成功
2017-05-21T14:46:59: 读取文件成功
2017-05-21T14:48:07: 读取文件成功
2017-05-21T14:48:59: 读取文件成功
2017-05-21T14:49:59: 读取文件成功
2017-05-21T14:50:59: 读取文件成功
2017-05-21T14:51:59: 读取文件成功
2017-05-21T14:52:59: 读取文件成功
2017-05-21T14:53:59: 读取文件成功
2017-05-21T14:54:59: 读取文件成功
2017-05-21T14:55:59: 读取文件成功
2017-05-21T14:57:04: 读取文件成功
2017-05-21T14:57:59: 读取文件成功
2017-05-21T14:59:00: 读取文件成功
2017-05-21T14:59:59: 读取文件成功
2017-05-21T15:00:59: 读取文件成功
2017-05-21T15:01:59: 读取文件成功
2017-05-21T15:02:59: 读取文件成功
2017-05-21T15:03:59: 读取文件成功
2017-05-21T15:05:00: 读取文件成功
2017-05-21T15:06:00: 读取文件成功
2017-05-21T15:07:00: 读取文件成功
2017-05-21T15:08:00: 读取文件成功
2017-05-21T15:09:00: 读取文件成功
2017-05-21T15:10:00: 读取文件成功
2017-05-21T15:11:00: 读取文件成功
2017-05-21T15:12:00: 读取文件成功
2017-05-21T15:13:00: 读取文件成功
2017-05-21T15:14:00: 读取文件成功
2017-05-21T15:15:00: 读取文件成功
2017-05-21T15:16:00: 读取文件成功
2017-05-21T15:17:00: 读取文件成功
2017-05-21T15:18:00: 读取文件成功
2017-05-21T15:19:00: 读取文件成功
2017-05-21T15:20:00: 读取文件成功
2017-05-21T15:21:01: 读取文件成功
2017-05-21T15:22:00: 读取文件成功
2017-05-21T15:23:00: 读取文件成功
2017-05-21T15:24:00: 读取文件成功
2017-05-21T15:25:00: 读取文件成功
2017-05-21T15:26:00: 读取文件成功
2017-05-21T15:27:00: 读取文件成功
2017-05-21T15:28:00: 读取文件成功
2017-05-21T15:29:00: 读取文件成功
2017-05-21T15:30:00: 读取文件成功
2017-05-21T15:31:00: 读取文件成功
2017-05-21T15:32:00: 读取文件成功
2017-05-21T15:33:00: 读取文件成功
2017-05-21T15:34:00: 读取文件成功
2017-05-21T15:35:00: 读取文件成功
2017-05-21T15:36:00: 读取文件成功
2017-05-21T15:37:00: 读取文件成功
2017-05-21T15:38:00: 读取文件成功
2017-05-21T15:39:00: 读取文件成功
2017-05-21T15:40:00: 读取文件成功
2017-05-21T15:41:00: 读取文件成功
2017-05-21T15:42:00: 读取文件成功
2017-05-21T15:43:00: 读取文件成功
2017-05-21T15:44:00: 读取文件成功
2017-05-21T15:45:00: 读取文件成功
2017-05-21T15:46:00: 读取文件成功
2017-05-21T15:47:00: 读取文件成功
2017-05-21T15:48:00: 读取文件成功
2017-05-21T15:49:00: 读取文件成功
2017-05-21T15:50:00: 读取文件成功
2017-05-21T15:51:00: 读取文件成功
2017-05-21T15:52:00: 读取文件成功
2017-05-21T15:53:00: 读取文件成功
2017-05-21T15:54:00: 读取文件成功
2017-05-21T15:55:00: 读取文件成功
2017-05-21T15:56:00: 读取文件成功
2017-05-21T15:57:00: 读取文件成功
2017-05-21T15:58:00: 读取文件成功
2017-05-21T15:59:00: 读取文件成功
2017-05-21T16:00:00: 读取文件成功
2017-05-21T16:01:00: 读取文件成功
2017-05-21T16:02:00: 读取文件成功
2017-05-21T16:03:00: 读取文件成功
2017-05-21T16:04:00: 读取文件成功
2017-05-21T16:05:00: 读取文件成功
2017-05-21T16:07:00: 读取文件成功
2017-05-21T16:08:00: 读取文件成功
2017-05-21T16:09:00: 读取文件成功
2017-05-21T16:10:00: 读取文件成功
2017-05-21T16:11:00: 读取文件成功
2017-05-21T16:12:00: 读取文件成功
2017-05-21T16:13:00: 读取文件成功
2017-05-21T16:14:05: 读取文件成功
2017-05-21T16:15:05: 读取文件成功
2017-05-21T16:16:00: 读取文件成功
2017-05-21T16:17:00: 读取文件成功
2017-05-21T16:18:01: 读取文件成功
2017-05-21T16:19:00: 读取文件成功
2017-05-21T16:20:00: 读取文件成功
2017-05-21T16:21:00: 读取文件成功
2017-05-21T16:22:00: 读取文件成功
2017-05-21T16:23:00: 读取文件成功
2017-05-21T16:24:00: 读取文件成功
2017-05-21T16:25:00: 读取文件成功
2017-05-21T16:26:00: 读取文件成功
2017-05-21T16:28:00: 读取文件成功
2017-05-21T16:29:00: 读取文件成功
2017-05-21T16:30:00: 读取文件成功
2017-05-21T16:31:00: 读取文件成功
2017-05-21T16:32:00: 读取文件成功
2017-05-21T16:33:00: 读取文件成功
2017-05-21T16:34:00: 读取文件成功
2017-05-21T16:35:00: 读取文件成功
2017-05-21T16:36:00: 读取文件成功
2017-05-21T16:37:00: 读取文件成功
2017-05-21T16:38:00: 读取文件成功
2017-05-21T16:39:00: 读取文件成功
2017-05-21T16:40:01: 读取文件成功
2017-05-21T16:41:00: 读取文件成功
2017-05-21T16:42:00: 读取文件成功
2017-05-21T16:43:00: 读取文件成功
2017-05-21T16:44:00: 读取文件成功
2017-05-21T16:45:00: 读取文件成功
2017-05-21T16:46:00: 读取文件成功
2017-05-21T16:47:00: 读取文件成功
2017-05-21T16:48:00: 读取文件成功
2017-05-21T16:49:00: 读取文件成功
2017-05-21T16:50:00: 读取文件成功
2017-05-21T16:51:00: 读取文件成功
2017-05-21T16:52:01: 读取文件成功
2017-05-21T16:53:01: 读取文件成功
2017-05-21T16:54:00: 读取文件成功
2017-05-21T16:55:01: 读取文件成功
2017-05-21T16:56:00: 读取文件成功
2017-05-21T16:57:00: 读取文件成功
2017-05-21T16:58:01: 读取文件成功
2017-05-21T16:59:00: 读取文件成功
2017-05-21T17:00:00: 读取文件成功
2017-05-21T17:01:01: 读取文件成功
2017-05-21T17:02:00: 读取文件成功
2017-05-21T17:03:01: 读取文件成功
2017-05-21T17:04:01: 读取文件成功
2017-05-21T17:05:06: 读取文件成功
2017-05-21T17:06:01: 读取文件成功
2017-05-21T17:07:01: 读取文件成功
2017-05-21T17:08:01: 读取文件成功
2017-05-21T17:09:01: 读取文件成功
2017-05-21T17:10:01: 读取文件成功
2017-05-21T17:11:01: 读取文件成功
2017-05-21T17:12:01: 读取文件成功
2017-05-21T17:13:01: 读取文件成功
2017-05-21T17:14:01: 读取文件成功
2017-05-21T17:15:01: 读取文件成功
2017-05-21T17:16:01: 读取文件成功
2017-05-21T17:17:01: 读取文件成功
2017-05-21T17:18:01: 读取文件成功
2017-05-21T17:19:01: 读取文件成功
2017-05-21T17:20:01: 读取文件成功
2017-05-21T17:21:01: 读取文件成功
2017-05-21T17:22:01: 读取文件成功
2017-05-21T17:23:01: 读取文件成功
2017-05-21T17:24:01: 读取文件成功
2017-05-21T17:25:01: 读取文件成功
2017-05-21T17:26:01: 读取文件成功
2017-05-21T17:27:01: 读取文件成功
2017-05-21T17:29:01: 读取文件成功
2017-05-21T17:30:01: 读取文件成功
2017-05-21T17:31:01: 读取文件成功
2017-05-21T17:32:01: 读取文件成功
2017-05-21T17:33:01: 读取文件成功
2017-05-21T17:34:01: 读取文件成功
2017-05-21T17:35:01: 读取文件成功
2017-05-21T17:36:01: 读取文件成功
2017-05-21T17:37:01: 读取文件成功
2017-05-21T17:38:01: 读取文件成功
2017-05-21T17:39:01: 读取文件成功
2017-05-21T17:40:01: 读取文件成功
2017-05-21T17:41:01: 读取文件成功
2017-05-21T17:42:01: 读取文件成功
2017-05-21T17:43:01: 读取文件成功
2017-05-21T17:44:01: 读取文件成功
2017-05-21T17:45:01: 读取文件成功
2017-05-21T17:46:01: 读取文件成功
2017-05-21T17:47:01: 读取文件成功
2017-05-21T17:48:01: 读取文件成功
2017-05-21T17:49:01: 读取文件成功
2017-05-21T17:50:01: 读取文件成功
2017-05-21T17:51:01: 读取文件成功
2017-05-21T17:52:01: 读取文件成功
2017-05-21T17:53:01: 读取文件成功
2017-05-21T17:54:01: 读取文件成功
2017-05-21T17:55:01: 读取文件成功
2017-05-21T17:56:01: 读取文件成功
2017-05-21T17:57:01: 读取文件成功
2017-05-21T17:58:01: 读取文件成功
2017-05-21T17:59:01: 读取文件成功
2017-05-21T18:00:01: 读取文件成功
2017-05-21T18:01:01: 读取文件成功
2017-05-21T18:02:01: 读取文件成功
2017-05-21T18:03:01: 读取文件成功
2017-05-21T18:04:01: 读取文件成功
2017-05-21T18:05:01: 读取文件成功
2017-05-21T18:06:01: 读取文件成功
2017-05-21T18:07:01: 读取文件成功
2017-05-21T18:08:01: 读取文件成功
2017-05-21T18:09:01: 读取文件成功
2017-05-21T18:10:01: 读取文件成功
2017-05-21T18:11:01: 读取文件成功
2017-05-21T18:12:01: 读取文件成功
2017-05-21T18:13:01: 读取文件成功
2017-05-21T18:14:01: 读取文件成功
2017-05-21T18:15:01: 读取文件成功
2017-05-21T18:16:01: 读取文件成功
2017-05-21T18:17:01: 读取文件成功
2017-05-21T18:18:01: 读取文件成功
2017-05-21T18:19:01: 读取文件成功
2017-05-21T18:20:01: 读取文件成功
2017-05-21T18:21:01: 读取文件成功
2017-05-21T18:22:01: 读取文件成功
2017-05-21T18:23:01: 读取文件成功
2017-05-21T18:24:01: 读取文件成功
2017-05-21T18:25:01: 读取文件成功
2017-05-21T18:26:01: 读取文件成功
2017-05-21T18:27:01: 读取文件成功
2017-05-21T18:28:01: 读取文件成功
2017-05-21T18:29:01: 读取文件成功
2017-05-21T18:30:01: 读取文件成功
2017-05-21T18:31:01: 读取文件成功
2017-05-21T18:32:01: 读取文件成功
2017-05-21T18:33:01: 读取文件成功
2017-05-21T18:34:01: 读取文件成功
2017-05-21T18:35:01: 读取文件成功
2017-05-21T18:36:01: 读取文件成功
2017-05-21T18:37:01: 读取文件成功
2017-05-21T18:38:01: 读取文件成功
2017-05-21T18:39:01: 读取文件成功
2017-05-21T18:40:01: 读取文件成功
2017-05-21T18:41:01: 读取文件成功
2017-05-21T18:42:01: 读取文件成功
2017-05-21T18:43:01: 读取文件成功
2017-05-21T18:44:01: 读取文件成功
2017-05-21T18:45:01: 读取文件成功
2017-05-21T18:46:01: 读取文件成功
2017-05-21T18:47:01: 读取文件成功
2017-05-21T18:48:01: 读取文件成功
2017-05-21T18:49:01: 读取文件成功
2017-05-21T18:50:01: 读取文件成功
2017-05-21T18:51:02: 读取文件成功
2017-05-21T18:52:02: 读取文件成功
2017-05-21T18:53:01: 读取文件成功
2017-05-21T18:54:02: 读取文件成功
2017-05-21T18:55:02: 读取文件成功
2017-05-21T18:56:01: 读取文件成功
2017-05-21T18:57:02: 读取文件成功
2017-05-21T18:58:02: 读取文件成功
2017-05-21T18:59:02: 读取文件成功
2017-05-21T19:00:02: 读取文件成功
2017-05-21T19:01:02: 读取文件成功
2017-05-21T19:02:02: 读取文件成功
2017-05-21T19:03:02: 读取文件成功
2017-05-21T19:04:02: 读取文件成功
2017-05-21T19:05:02: 读取文件成功
2017-05-21T19:06:02: 读取文件成功
2017-05-21T19:07:02: 读取文件成功
2017-05-21T19:08:02: 读取文件成功
2017-05-21T19:09:02: 读取文件成功
2017-05-21T19:10:02: 读取文件成功
2017-05-21T19:11:07: 读取文件成功
2017-05-21T19:12:02: 读取文件成功
2017-05-21T19:13:02: 读取文件成功
2017-05-21T19:14:02: 读取文件成功
2017-05-21T19:15:02: 读取文件成功
2017-05-21T19:16:02: 读取文件成功
2017-05-21T19:17:02: 读取文件成功
2017-05-21T19:18:02: 读取文件成功
2017-05-21T19:19:02: 读取文件成功
2017-05-21T19:20:02: 读取文件成功
2017-05-21T19:21:02: 读取文件成功
2017-05-21T19:22:02: 读取文件成功
2017-05-21T19:23:07: 读取文件成功
2017-05-21T19:24:02: 读取文件成功
2017-05-21T19:25:02: 读取文件成功
2017-05-21T19:26:02: 读取文件成功
2017-05-21T19:27:02: 读取文件成功
2017-05-21T19:28:02: 读取文件成功
2017-05-21T19:29:02: 读取文件成功
2017-05-21T19:30:02: 读取文件成功
2017-05-21T19:31:02: 读取文件成功
2017-05-21T19:32:02: 读取文件成功
2017-05-21T19:33:02: 读取文件成功
2017-05-21T19:34:02: 读取文件成功
2017-05-21T19:35:02: 读取文件成功
2017-05-21T19:36:02: 读取文件成功
2017-05-21T19:37:02: 读取文件成功
2017-05-21T19:38:02: 读取文件成功
2017-05-21T19:39:02: 读取文件成功
2017-05-21T19:40:02: 读取文件成功
2017-05-21T19:41:02: 读取文件成功
2017-05-21T19:42:02: 读取文件成功
2017-05-21T19:43:02: 读取文件成功
2017-05-21T19:44:02: 读取文件成功
2017-05-21T19:45:02: 读取文件成功
2017-05-21T19:46:02: 读取文件成功
2017-05-21T19:47:02: 读取文件成功
2017-05-21T19:48:02: 读取文件成功
2017-05-21T19:49:02: 读取文件成功
2017-05-21T19:50:02: 读取文件成功
2017-05-21T19:51:02: 读取文件成功
2017-05-21T19:52:07: 读取文件成功
2017-05-21T19:53:02: 读取文件成功
2017-05-21T19:54:02: 读取文件成功
2017-05-21T19:55:02: 读取文件成功
2017-05-21T19:56:02: 读取文件成功
2017-05-21T19:57:02: 读取文件成功
2017-05-21T19:58:02: 读取文件成功
2017-05-21T19:59:02: 读取文件成功
2017-05-21T20:00:02: 读取文件成功
2017-05-21T20:01:02: 读取文件成功
2017-05-21T20:02:02: 读取文件成功
2017-05-21T20:03:02: 读取文件成功
2017-05-21T20:04:02: 读取文件成功
2017-05-21T20:05:02: 读取文件成功
2017-05-21T20:06:02: 读取文件成功
2017-05-21T20:07:02: 读取文件成功
2017-05-21T20:08:03: 读取文件成功
2017-05-21T20:09:02: 读取文件成功
2017-05-21T20:10:02: 读取文件成功
2017-05-21T20:11:02: 读取文件成功
2017-05-21T20:12:02: 读取文件成功
2017-05-21T20:13:02: 读取文件成功
2017-05-21T20:14:02: 读取文件成功
2017-05-21T20:15:02: 读取文件成功
2017-05-21T20:16:02: 读取文件成功
2017-05-21T20:17:02: 读取文件成功
2017-05-21T20:18:02: 读取文件成功
2017-05-21T20:19:02: 读取文件成功
2017-05-21T20:20:02: 读取文件成功
2017-05-21T20:21:02: 读取文件成功
2017-05-21T20:22:02: 读取文件成功
2017-05-21T20:23:02: 读取文件成功
2017-05-21T20:24:02: 读取文件成功
2017-05-21T20:25:02: 读取文件成功
2017-05-21T20:26:02: 读取文件成功
2017-05-21T20:27:02: 读取文件成功
2017-05-21T20:28:02: 读取文件成功
2017-05-21T20:29:02: 读取文件成功
2017-05-21T20:30:02: 读取文件成功
2017-05-21T20:31:02: 读取文件成功
2017-05-21T20:32:03: 读取文件成功
2017-05-21T20:33:02: 读取文件成功
2017-05-21T20:34:03: 读取文件成功
2017-05-21T20:35:02: 读取文件成功
2017-05-21T20:36:03: 读取文件成功
2017-05-21T20:37:02: 读取文件成功
2017-05-21T20:38:03: 读取文件成功
2017-05-21T20:39:03: 读取文件成功
2017-05-21T20:40:02: 读取文件成功
2017-05-21T20:41:02: 读取文件成功
2017-05-21T20:42:02: 读取文件成功
2017-05-21T20:43:03: 读取文件成功
2017-05-21T20:44:03: 读取文件成功
2017-05-21T20:45:03: 读取文件成功
2017-05-21T20:46:03: 读取文件成功
2017-05-21T20:47:03: 读取文件成功
2017-05-21T20:48:03: 读取文件成功
2017-05-21T20:49:03: 读取文件成功
2017-05-21T20:50:03: 读取文件成功
2017-05-21T20:51:03: 读取文件成功
2017-05-21T20:52:03: 读取文件成功
2017-05-21T20:53:03: 读取文件成功
2017-05-21T20:54:03: 读取文件成功
2017-05-21T20:55:03: 读取文件成功
2017-05-21T20:56:03: 读取文件成功
2017-05-21T20:57:03: 读取文件成功
2017-05-21T20:58:03: 读取文件成功
2017-05-21T20:59:03: 读取文件成功
2017-05-21T21:00:03: 读取文件成功
2017-05-21T21:01:03: 读取文件成功
2017-05-21T21:02:03: 读取文件成功
2017-05-21T21:03:03: 读取文件成功
2017-05-21T21:04:03: 读取文件成功
2017-05-21T21:05:03: 读取文件成功
2017-05-21T21:06:03: 读取文件成功
2017-05-21T21:07:03: 读取文件成功
2017-05-21T21:08:03: 读取文件成功
2017-05-21T21:09:03: 读取文件成功
2017-05-21T21:10:03: 读取文件成功
2017-05-21T21:11:03: 读取文件成功
2017-05-21T21:12:03: 读取文件成功
2017-05-21T21:13:03: 读取文件成功
2017-05-21T21:14:03: 读取文件成功
2017-05-21T21:15:03: 读取文件成功
2017-05-21T21:16:03: 读取文件成功
2017-05-21T21:17:03: 读取文件成功
2017-05-21T21:18:03: 读取文件成功
2017-05-21T21:19:03: 读取文件成功
2017-05-21T21:20:03: 读取文件成功
2017-05-21T21:21:03: 读取文件成功
2017-05-21T21:22:03: 读取文件成功
2017-05-21T21:23:08: 读取文件成功
2017-05-21T21:24:03: 读取文件成功
2017-05-21T21:25:03: 读取文件成功
2017-05-21T21:26:03: 读取文件成功
2017-05-21T21:27:03: 读取文件成功
2017-05-21T21:28:03: 读取文件成功
2017-05-21T21:29:03: 读取文件成功
2017-05-21T21:30:03: 读取文件成功
2017-05-21T21:31:03: 读取文件成功
2017-05-21T21:32:03: 读取文件成功
2017-05-21T21:33:03: 读取文件成功
2017-05-21T21:34:03: 读取文件成功
2017-05-21T21:35:03: 读取文件成功
2017-05-21T21:36:03: 读取文件成功
2017-05-21T21:37:03: 读取文件成功
2017-05-21T21:38:03: 读取文件成功
2017-05-21T21:39:03: 读取文件成功
2017-05-21T21:40:03: 读取文件成功
2017-05-21T21:41:03: 读取文件成功
2017-05-21T21:42:03: 读取文件成功
2017-05-21T21:43:03: 读取文件成功
2017-05-21T21:44:03: 读取文件成功
2017-05-21T21:45:03: 读取文件成功
2017-05-21T21:46:03: 读取文件成功
2017-05-21T21:47:03: 读取文件成功
2017-05-21T21:48:03: 读取文件成功
2017-05-21T21:49:03: 读取文件成功
2017-05-21T21:50:03: 读取文件成功
2017-05-21T21:51:03: 读取文件成功
2017-05-21T21:52:03: 读取文件成功
2017-05-21T21:53:03: 读取文件成功
2017-05-21T21:54:03: 读取文件成功
2017-05-21T21:55:03: 读取文件成功
2017-05-21T21:56:03: 读取文件成功
2017-05-21T21:57:04: 读取文件成功
2017-05-21T21:58:04: 读取文件成功
2017-05-21T21:59:04: 读取文件成功
2017-05-21T22:00:04: 读取文件成功
2017-05-21T22:01:04: 读取文件成功
2017-05-21T22:02:04: 读取文件成功
2017-05-21T22:03:04: 读取文件成功
2017-05-21T22:04:04: 读取文件成功
2017-05-21T22:05:04: 读取文件成功
2017-05-21T22:06:04: 读取文件成功
2017-05-21T22:07:04: 读取文件成功
2017-05-21T22:08:04: 读取文件成功
2017-05-21T22:09:04: 读取文件成功
2017-05-21T22:10:04: 读取文件成功
2017-05-21T22:11:03: 读取文件成功
2017-05-21T22:12:03: 读取文件成功
2017-05-21T22:13:04: 读取文件成功
2017-05-21T22:14:03: 读取文件成功
2017-05-21T22:15:04: 读取文件成功
2017-05-21T22:16:04: 读取文件成功
2017-05-21T22:17:04: 读取文件成功
2017-05-21T22:18:04: 读取文件成功
2017-05-21T22:19:04: 读取文件成功
2017-05-21T22:20:04: 读取文件成功
2017-05-21T22:21:04: 读取文件成功
2017-05-21T22:22:04: 读取文件成功
2017-05-21T22:23:04: 读取文件成功
2017-05-21T22:24:04: 读取文件成功
2017-05-21T22:25:04: 读取文件成功
2017-05-21T22:26:04: 读取文件成功
2017-05-21T22:27:04: 读取文件成功
2017-05-21T22:28:04: 读取文件成功
2017-05-21T22:29:04: 读取文件成功
2017-05-21T22:30:04: 读取文件成功
2017-05-21T22:31:04: 读取文件成功
2017-05-21T22:32:04: 读取文件成功
2017-05-21T22:33:04: 读取文件成功
2017-05-21T22:34:04: 读取文件成功
2017-05-21T22:35:04: 读取文件成功
2017-05-21T22:36:04: 读取文件成功
2017-05-21T22:37:04: 读取文件成功
2017-05-21T22:38:04: 读取文件成功
2017-05-21T22:39:04: 读取文件成功
2017-05-21T22:40:04: 读取文件成功
2017-05-21T22:41:04: 读取文件成功
2017-05-21T22:42:04: 读取文件成功
2017-05-21T22:43:04: 读取文件成功
2017-05-21T22:44:04: 读取文件成功
2017-05-21T22:45:04: 读取文件成功
2017-05-21T22:46:04: 读取文件成功
2017-05-21T22:47:04: 读取文件成功
2017-05-21T22:48:04: 读取文件成功
2017-05-21T22:49:04: 读取文件成功
2017-05-21T22:50:04: 读取文件成功
2017-05-21T22:51:04: 读取文件成功
2017-05-21T22:53:04: 读取文件成功
2017-05-21T22:54:04: 读取文件成功
2017-05-21T22:55:04: 读取文件成功
2017-05-21T22:56:04: 读取文件成功
2017-05-21T22:57:04: 读取文件成功
2017-05-21T22:58:04: 读取文件成功
2017-05-21T22:59:04: 读取文件成功
2017-05-21T23:00:04: 读取文件成功
2017-05-21T23:01:04: 读取文件成功
2017-05-21T23:02:04: 读取文件成功
2017-05-21T23:03:04: 读取文件成功
2017-05-21T23:04:04: 读取文件成功
2017-05-21T23:05:04: 读取文件成功
2017-05-21T23:06:04: 读取文件成功
2017-05-21T23:07:04: 读取文件成功
2017-05-21T23:08:04: 读取文件成功
2017-05-21T23:09:04: 读取文件成功
2017-05-21T23:10:04: 读取文件成功
2017-05-21T23:11:04: 读取文件成功
2017-05-21T23:12:04: 读取文件成功
2017-05-21T23:13:04: 读取文件成功
2017-05-21T23:14:04: 读取文件成功
2017-05-21T23:15:04: 读取文件成功
2017-05-21T23:16:04: 读取文件成功
2017-05-21T23:17:04: 读取文件成功
2017-05-21T23:18:04: 读取文件成功
2017-05-21T23:19:04: 读取文件成功
2017-05-21T23:20:04: 读取文件成功
2017-05-21T23:21:04: 读取文件成功
2017-05-21T23:22:04: 读取文件成功
2017-05-21T23:23:04: 读取文件成功
2017-05-21T23:24:04: 读取文件成功
2017-05-21T23:25:04: 读取文件成功
2017-05-21T23:26:04: 读取文件成功
2017-05-21T23:27:05: 读取文件成功
2017-05-21T23:29:04: 读取文件成功
2017-05-21T23:30:04: 读取文件成功
2017-05-21T23:31:04: 读取文件成功
2017-05-21T23:32:04: 读取文件成功
2017-05-21T23:33:04: 读取文件成功
2017-05-21T23:34:04: 读取文件成功
2017-05-21T23:35:04: 读取文件成功
2017-05-21T23:36:04: 读取文件成功
2017-05-21T23:37:04: 读取文件成功
2017-05-21T23:38:04: 读取文件成功
2017-05-21T23:39:04: 读取文件成功
2017-05-21T23:40:04: 读取文件成功
2017-05-21T23:41:04: 读取文件成功
2017-05-21T23:42:04: 读取文件成功
2017-05-21T23:43:04: 读取文件成功
2017-05-21T23:44:04: 读取文件成功
2017-05-21T23:45:04: 读取文件成功
2017-05-21T23:46:04: 读取文件成功
2017-05-21T23:47:04: 读取文件成功
2017-05-21T23:48:05: 读取文件成功
2017-05-21T23:49:04: 读取文件成功
2017-05-21T23:50:04: 非记录时间：2017-05-21T23:50:04+08:00
2017-05-21T23:51:04: 非记录时间：2017-05-21T23:51:04+08:00
2017-05-21T23:52:04: 非记录时间：2017-05-21T23:52:04+08:00
2017-05-21T23:53:04: 非记录时间：2017-05-21T23:53:04+08:00
2017-05-21T23:54:04: 非记录时间：2017-05-21T23:54:04+08:00
2017-05-21T23:55:04: 非记录时间：2017-05-21T23:55:04+08:00
2017-05-21T23:56:04: 非记录时间：2017-05-21T23:56:04+08:00
2017-05-21T23:57:04: 非记录时间：2017-05-21T23:57:04+08:00
2017-05-21T23:58:04: 非记录时间：2017-05-21T23:58:04+08:00
2017-05-21T23:59:04: 非记录时间：2017-05-21T23:59:04+08:00
