2017-03-17T00:00:00: 非记录时间：2017-03-17T00:00:00+08:00
2017-03-17T00:00:10: 非记录时间：2017-03-17T00:00:10+08:00
2017-03-17T00:00:20: 非记录时间：2017-03-17T00:00:20+08:00
2017-03-17T00:00:30: 非记录时间：2017-03-17T00:00:30+08:00
2017-03-17T00:00:40: 非记录时间：2017-03-17T00:00:40+08:00
2017-03-17T00:00:50: 非记录时间：2017-03-17T00:00:50+08:00
2017-03-17T00:01:00: 非记录时间：2017-03-17T00:01:00+08:00
2017-03-17T00:01:10: 非记录时间：2017-03-17T00:01:10+08:00
2017-03-17T00:01:20: 非记录时间：2017-03-17T00:01:20+08:00
2017-03-17T00:01:30: 非记录时间：2017-03-17T00:01:30+08:00
2017-03-17T00:01:40: 非记录时间：2017-03-17T00:01:40+08:00
2017-03-17T00:01:50: 非记录时间：2017-03-17T00:01:50+08:00
2017-03-17T00:02:00: 非记录时间：2017-03-17T00:02:00+08:00
2017-03-17T00:02:10: 非记录时间：2017-03-17T00:02:10+08:00
2017-03-17T00:02:20: 非记录时间：2017-03-17T00:02:20+08:00
2017-03-17T00:02:30: 非记录时间：2017-03-17T00:02:30+08:00
2017-03-17T00:02:40: 非记录时间：2017-03-17T00:02:40+08:00
2017-03-17T00:02:50: 非记录时间：2017-03-17T00:02:50+08:00
2017-03-17T00:03:00: 非记录时间：2017-03-17T00:03:00+08:00
2017-03-17T00:03:10: 非记录时间：2017-03-17T00:03:10+08:00
2017-03-17T00:03:20: 非记录时间：2017-03-17T00:03:20+08:00
2017-03-17T00:03:30: 非记录时间：2017-03-17T00:03:30+08:00
2017-03-17T00:03:40: 非记录时间：2017-03-17T00:03:40+08:00
2017-03-17T00:03:50: 非记录时间：2017-03-17T00:03:50+08:00
2017-03-17T00:04:00: 非记录时间：2017-03-17T00:04:00+08:00
2017-03-17T00:04:10: 非记录时间：2017-03-17T00:04:10+08:00
2017-03-17T00:04:20: 非记录时间：2017-03-17T00:04:20+08:00
2017-03-17T00:04:30: 非记录时间：2017-03-17T00:04:30+08:00
2017-03-17T00:04:40: 非记录时间：2017-03-17T00:04:40+08:00
2017-03-17T00:04:50: 非记录时间：2017-03-17T00:04:50+08:00
2017-03-17T00:05:00: 非记录时间：2017-03-17T00:05:00+08:00
2017-03-17T00:05:10: 非记录时间：2017-03-17T00:05:10+08:00
2017-03-17T00:05:20: 非记录时间：2017-03-17T00:05:20+08:00
2017-03-17T00:05:30: 非记录时间：2017-03-17T00:05:30+08:00
2017-03-17T00:05:40: 非记录时间：2017-03-17T00:05:40+08:00
2017-03-17T00:05:50: 非记录时间：2017-03-17T00:05:50+08:00
2017-03-17T00:06:00: 非记录时间：2017-03-17T00:06:00+08:00
2017-03-17T00:06:10: 非记录时间：2017-03-17T00:06:10+08:00
2017-03-17T00:06:20: 非记录时间：2017-03-17T00:06:20+08:00
2017-03-17T00:06:30: 非记录时间：2017-03-17T00:06:30+08:00
2017-03-17T00:06:40: 非记录时间：2017-03-17T00:06:40+08:00
2017-03-17T00:06:50: 非记录时间：2017-03-17T00:06:50+08:00
2017-03-17T00:07:00: 非记录时间：2017-03-17T00:07:00+08:00
2017-03-17T00:07:10: 非记录时间：2017-03-17T00:07:10+08:00
2017-03-17T00:07:20: 非记录时间：2017-03-17T00:07:20+08:00
2017-03-17T00:07:30: 非记录时间：2017-03-17T00:07:30+08:00
2017-03-17T00:07:40: 非记录时间：2017-03-17T00:07:40+08:00
2017-03-17T00:07:50: 非记录时间：2017-03-17T00:07:50+08:00
2017-03-17T00:08:00: 非记录时间：2017-03-17T00:08:00+08:00
2017-03-17T00:08:10: 非记录时间：2017-03-17T00:08:10+08:00
2017-03-17T00:08:20: 非记录时间：2017-03-17T00:08:20+08:00
2017-03-17T00:08:30: 非记录时间：2017-03-17T00:08:30+08:00
2017-03-17T00:08:40: 非记录时间：2017-03-17T00:08:40+08:00
2017-03-17T00:08:50: 非记录时间：2017-03-17T00:08:50+08:00
2017-03-17T00:09:00: 非记录时间：2017-03-17T00:09:00+08:00
2017-03-17T00:09:10: 非记录时间：2017-03-17T00:09:10+08:00
2017-03-17T00:09:20: 非记录时间：2017-03-17T00:09:20+08:00
2017-03-17T00:09:30: 非记录时间：2017-03-17T00:09:30+08:00
2017-03-17T00:09:40: 非记录时间：2017-03-17T00:09:40+08:00
2017-03-17T00:09:50: 非记录时间：2017-03-17T00:09:50+08:00
2017-03-17T00:10:00: 非记录时间：2017-03-17T00:10:00+08:00
2017-03-17T00:10:10: 非记录时间：2017-03-17T00:10:10+08:00
2017-03-17T00:10:20: 非记录时间：2017-03-17T00:10:20+08:00
2017-03-17T00:10:30: 非记录时间：2017-03-17T00:10:30+08:00
2017-03-17T00:10:40: 非记录时间：2017-03-17T00:10:40+08:00
2017-03-17T00:10:50: 非记录时间：2017-03-17T00:10:50+08:00
2017-03-17T00:11:00: 非记录时间：2017-03-17T00:11:00+08:00
2017-03-17T00:11:10: 非记录时间：2017-03-17T00:11:10+08:00
2017-03-17T00:11:20: 非记录时间：2017-03-17T00:11:20+08:00
2017-03-17T00:11:30: 非记录时间：2017-03-17T00:11:30+08:00
2017-03-17T00:11:40: 非记录时间：2017-03-17T00:11:40+08:00
2017-03-17T00:11:50: 非记录时间：2017-03-17T00:11:50+08:00
2017-03-17T00:12:00: 非记录时间：2017-03-17T00:12:00+08:00
2017-03-17T00:12:10: 非记录时间：2017-03-17T00:12:10+08:00
2017-03-17T00:12:20: 非记录时间：2017-03-17T00:12:20+08:00
2017-03-17T00:12:30: 非记录时间：2017-03-17T00:12:30+08:00
2017-03-17T00:12:40: 非记录时间：2017-03-17T00:12:40+08:00
2017-03-17T00:12:50: 非记录时间：2017-03-17T00:12:50+08:00
2017-03-17T00:13:00: 非记录时间：2017-03-17T00:13:00+08:00
2017-03-17T00:13:10: 非记录时间：2017-03-17T00:13:10+08:00
2017-03-17T00:13:20: 非记录时间：2017-03-17T00:13:20+08:00
2017-03-17T00:13:30: 非记录时间：2017-03-17T00:13:30+08:00
2017-03-17T00:13:40: 非记录时间：2017-03-17T00:13:40+08:00
2017-03-17T00:13:50: 非记录时间：2017-03-17T00:13:50+08:00
2017-03-17T00:14:00: 非记录时间：2017-03-17T00:14:00+08:00
2017-03-17T00:14:10: 非记录时间：2017-03-17T00:14:10+08:00
2017-03-17T00:14:20: 非记录时间：2017-03-17T00:14:20+08:00
2017-03-17T00:14:30: 非记录时间：2017-03-17T00:14:30+08:00
2017-03-17T00:14:40: 非记录时间：2017-03-17T00:14:40+08:00
2017-03-17T00:14:50: 非记录时间：2017-03-17T00:14:50+08:00
2017-03-17T00:15:00: 非记录时间：2017-03-17T00:15:00+08:00
2017-03-17T00:15:10: 非记录时间：2017-03-17T00:15:10+08:00
2017-03-17T00:15:20: 非记录时间：2017-03-17T00:15:20+08:00
2017-03-17T00:15:30: 非记录时间：2017-03-17T00:15:30+08:00
2017-03-17T00:15:40: 非记录时间：2017-03-17T00:15:40+08:00
2017-03-17T00:15:50: 非记录时间：2017-03-17T00:15:50+08:00
2017-03-17T00:16:00: 非记录时间：2017-03-17T00:16:00+08:00
2017-03-17T00:16:10: 非记录时间：2017-03-17T00:16:10+08:00
2017-03-17T00:16:20: 非记录时间：2017-03-17T00:16:20+08:00
2017-03-17T00:16:30: 非记录时间：2017-03-17T00:16:30+08:00
2017-03-17T00:16:40: 非记录时间：2017-03-17T00:16:40+08:00
2017-03-17T00:16:50: 非记录时间：2017-03-17T00:16:50+08:00
2017-03-17T00:17:00: 非记录时间：2017-03-17T00:17:00+08:00
2017-03-17T00:17:10: 非记录时间：2017-03-17T00:17:10+08:00
2017-03-17T00:17:20: 非记录时间：2017-03-17T00:17:20+08:00
2017-03-17T00:17:30: 非记录时间：2017-03-17T00:17:30+08:00
2017-03-17T00:17:40: 非记录时间：2017-03-17T00:17:40+08:00
2017-03-17T00:17:50: 非记录时间：2017-03-17T00:17:50+08:00
2017-03-17T00:18:00: 非记录时间：2017-03-17T00:18:00+08:00
2017-03-17T00:18:10: 非记录时间：2017-03-17T00:18:10+08:00
2017-03-17T00:18:20: 非记录时间：2017-03-17T00:18:20+08:00
2017-03-17T00:18:30: 非记录时间：2017-03-17T00:18:30+08:00
2017-03-17T00:18:40: 非记录时间：2017-03-17T00:18:40+08:00
2017-03-17T00:18:50: 非记录时间：2017-03-17T00:18:50+08:00
2017-03-17T00:19:00: 非记录时间：2017-03-17T00:19:00+08:00
2017-03-17T00:19:10: 非记录时间：2017-03-17T00:19:10+08:00
2017-03-17T00:19:20: 非记录时间：2017-03-17T00:19:20+08:00
2017-03-17T00:19:30: 非记录时间：2017-03-17T00:19:30+08:00
2017-03-17T00:19:40: 非记录时间：2017-03-17T00:19:40+08:00
2017-03-17T00:19:50: 非记录时间：2017-03-17T00:19:50+08:00
2017-03-17T00:20:00: 非记录时间：2017-03-17T00:20:00+08:00
2017-03-17T00:20:10: 非记录时间：2017-03-17T00:20:10+08:00
2017-03-17T00:20:20: 非记录时间：2017-03-17T00:20:20+08:00
2017-03-17T00:20:30: 非记录时间：2017-03-17T00:20:30+08:00
2017-03-17T00:20:40: 非记录时间：2017-03-17T00:20:40+08:00
2017-03-17T00:20:50: 非记录时间：2017-03-17T00:20:50+08:00
2017-03-17T00:21:00: 非记录时间：2017-03-17T00:21:00+08:00
2017-03-17T00:21:10: 非记录时间：2017-03-17T00:21:10+08:00
2017-03-17T00:21:20: 非记录时间：2017-03-17T00:21:20+08:00
2017-03-17T00:21:30: 非记录时间：2017-03-17T00:21:30+08:00
2017-03-17T00:21:40: 非记录时间：2017-03-17T00:21:40+08:00
2017-03-17T00:21:50: 非记录时间：2017-03-17T00:21:50+08:00
2017-03-17T00:22:00: 非记录时间：2017-03-17T00:22:00+08:00
2017-03-17T00:22:10: 非记录时间：2017-03-17T00:22:10+08:00
2017-03-17T00:22:20: 非记录时间：2017-03-17T00:22:20+08:00
2017-03-17T00:22:30: 非记录时间：2017-03-17T00:22:30+08:00
2017-03-17T00:22:40: 非记录时间：2017-03-17T00:22:40+08:00
2017-03-17T00:22:50: 非记录时间：2017-03-17T00:22:50+08:00
2017-03-17T00:23:00: 非记录时间：2017-03-17T00:23:00+08:00
2017-03-17T00:23:10: 非记录时间：2017-03-17T00:23:10+08:00
2017-03-17T00:23:20: 非记录时间：2017-03-17T00:23:20+08:00
2017-03-17T00:23:30: 非记录时间：2017-03-17T00:23:30+08:00
2017-03-17T00:23:40: 非记录时间：2017-03-17T00:23:40+08:00
2017-03-17T00:23:50: 非记录时间：2017-03-17T00:23:50+08:00
2017-03-17T00:24:00: 非记录时间：2017-03-17T00:24:00+08:00
2017-03-17T00:24:10: 非记录时间：2017-03-17T00:24:10+08:00
2017-03-17T00:24:20: 非记录时间：2017-03-17T00:24:20+08:00
2017-03-17T00:24:30: 非记录时间：2017-03-17T00:24:30+08:00
2017-03-17T00:24:40: 非记录时间：2017-03-17T00:24:40+08:00
2017-03-17T00:24:50: 非记录时间：2017-03-17T00:24:50+08:00
2017-03-17T00:25:00: 非记录时间：2017-03-17T00:25:00+08:00
2017-03-17T00:25:10: 非记录时间：2017-03-17T00:25:10+08:00
2017-03-17T00:25:20: 非记录时间：2017-03-17T00:25:20+08:00
2017-03-17T00:25:30: 非记录时间：2017-03-17T00:25:30+08:00
2017-03-17T00:25:40: 非记录时间：2017-03-17T00:25:40+08:00
2017-03-17T00:25:50: 非记录时间：2017-03-17T00:25:50+08:00
2017-03-17T00:26:00: 非记录时间：2017-03-17T00:26:00+08:00
2017-03-17T00:26:10: 非记录时间：2017-03-17T00:26:10+08:00
2017-03-17T00:26:20: 非记录时间：2017-03-17T00:26:20+08:00
2017-03-17T00:26:30: 非记录时间：2017-03-17T00:26:30+08:00
2017-03-17T00:26:40: 非记录时间：2017-03-17T00:26:40+08:00
2017-03-17T00:26:50: 非记录时间：2017-03-17T00:26:50+08:00
2017-03-17T00:27:00: 非记录时间：2017-03-17T00:27:00+08:00
2017-03-17T00:27:10: 非记录时间：2017-03-17T00:27:10+08:00
2017-03-17T00:27:20: 非记录时间：2017-03-17T00:27:20+08:00
2017-03-17T00:27:30: 非记录时间：2017-03-17T00:27:30+08:00
2017-03-17T00:27:40: 非记录时间：2017-03-17T00:27:40+08:00
2017-03-17T00:27:50: 非记录时间：2017-03-17T00:27:50+08:00
2017-03-17T00:28:00: 非记录时间：2017-03-17T00:28:00+08:00
2017-03-17T00:28:10: 非记录时间：2017-03-17T00:28:10+08:00
2017-03-17T00:28:20: 非记录时间：2017-03-17T00:28:20+08:00
2017-03-17T00:28:30: 非记录时间：2017-03-17T00:28:30+08:00
2017-03-17T00:28:40: 非记录时间：2017-03-17T00:28:40+08:00
2017-03-17T00:28:50: 非记录时间：2017-03-17T00:28:50+08:00
2017-03-17T00:29:00: 非记录时间：2017-03-17T00:29:00+08:00
2017-03-17T00:29:10: 非记录时间：2017-03-17T00:29:10+08:00
2017-03-17T00:29:20: 非记录时间：2017-03-17T00:29:20+08:00
2017-03-17T00:29:30: 非记录时间：2017-03-17T00:29:30+08:00
2017-03-17T00:29:40: 非记录时间：2017-03-17T00:29:40+08:00
2017-03-17T00:29:50: 非记录时间：2017-03-17T00:29:50+08:00
2017-03-17T00:30:00: 非记录时间：2017-03-17T00:30:00+08:00
2017-03-17T00:30:10: 非记录时间：2017-03-17T00:30:10+08:00
2017-03-17T00:30:20: 非记录时间：2017-03-17T00:30:20+08:00
2017-03-17T00:30:30: 非记录时间：2017-03-17T00:30:30+08:00
2017-03-17T00:30:40: 非记录时间：2017-03-17T00:30:40+08:00
2017-03-17T00:30:50: 非记录时间：2017-03-17T00:30:50+08:00
2017-03-17T00:31:01: 非记录时间：2017-03-17T00:31:01+08:00
2017-03-17T00:31:11: 非记录时间：2017-03-17T00:31:11+08:00
2017-03-17T00:31:21: 非记录时间：2017-03-17T00:31:21+08:00
2017-03-17T00:31:31: 非记录时间：2017-03-17T00:31:31+08:00
2017-03-17T00:31:41: 非记录时间：2017-03-17T00:31:41+08:00
2017-03-17T00:31:51: 非记录时间：2017-03-17T00:31:51+08:00
2017-03-17T00:32:01: 非记录时间：2017-03-17T00:32:01+08:00
2017-03-17T00:32:11: 非记录时间：2017-03-17T00:32:11+08:00
2017-03-17T00:32:21: 非记录时间：2017-03-17T00:32:21+08:00
2017-03-17T00:32:31: 非记录时间：2017-03-17T00:32:31+08:00
2017-03-17T00:32:41: 非记录时间：2017-03-17T00:32:41+08:00
2017-03-17T00:32:51: 非记录时间：2017-03-17T00:32:51+08:00
2017-03-17T00:33:01: 非记录时间：2017-03-17T00:33:01+08:00
2017-03-17T00:33:11: 非记录时间：2017-03-17T00:33:11+08:00
2017-03-17T00:33:21: 非记录时间：2017-03-17T00:33:21+08:00
2017-03-17T00:33:31: 非记录时间：2017-03-17T00:33:31+08:00
2017-03-17T00:33:41: 非记录时间：2017-03-17T00:33:41+08:00
2017-03-17T00:33:51: 非记录时间：2017-03-17T00:33:51+08:00
2017-03-17T00:34:01: 非记录时间：2017-03-17T00:34:01+08:00
2017-03-17T00:34:11: 非记录时间：2017-03-17T00:34:11+08:00
2017-03-17T00:34:21: 非记录时间：2017-03-17T00:34:21+08:00
2017-03-17T00:34:31: 非记录时间：2017-03-17T00:34:31+08:00
2017-03-17T00:34:41: 非记录时间：2017-03-17T00:34:41+08:00
2017-03-17T00:34:51: 非记录时间：2017-03-17T00:34:51+08:00
2017-03-17T00:35:01: 非记录时间：2017-03-17T00:35:01+08:00
2017-03-17T00:35:11: 非记录时间：2017-03-17T00:35:11+08:00
2017-03-17T00:35:21: 非记录时间：2017-03-17T00:35:21+08:00
2017-03-17T00:35:31: 非记录时间：2017-03-17T00:35:31+08:00
2017-03-17T00:35:41: 非记录时间：2017-03-17T00:35:41+08:00
2017-03-17T00:35:51: 非记录时间：2017-03-17T00:35:51+08:00
2017-03-17T00:36:01: 非记录时间：2017-03-17T00:36:01+08:00
2017-03-17T00:36:11: 非记录时间：2017-03-17T00:36:11+08:00
2017-03-17T00:36:21: 非记录时间：2017-03-17T00:36:21+08:00
2017-03-17T00:36:31: 非记录时间：2017-03-17T00:36:31+08:00
2017-03-17T00:36:41: 非记录时间：2017-03-17T00:36:41+08:00
2017-03-17T00:36:51: 非记录时间：2017-03-17T00:36:51+08:00
2017-03-17T00:37:01: 非记录时间：2017-03-17T00:37:01+08:00
2017-03-17T00:37:11: 非记录时间：2017-03-17T00:37:11+08:00
2017-03-17T00:37:21: 非记录时间：2017-03-17T00:37:21+08:00
2017-03-17T00:37:31: 非记录时间：2017-03-17T00:37:31+08:00
2017-03-17T00:37:41: 非记录时间：2017-03-17T00:37:41+08:00
2017-03-17T00:37:51: 非记录时间：2017-03-17T00:37:51+08:00
2017-03-17T00:38:01: 非记录时间：2017-03-17T00:38:01+08:00
2017-03-17T00:38:11: 非记录时间：2017-03-17T00:38:11+08:00
2017-03-17T00:38:21: 非记录时间：2017-03-17T00:38:21+08:00
2017-03-17T00:38:31: 非记录时间：2017-03-17T00:38:31+08:00
2017-03-17T00:38:41: 非记录时间：2017-03-17T00:38:41+08:00
2017-03-17T00:38:51: 非记录时间：2017-03-17T00:38:51+08:00
2017-03-17T00:39:01: 非记录时间：2017-03-17T00:39:01+08:00
2017-03-17T00:39:11: 非记录时间：2017-03-17T00:39:11+08:00
2017-03-17T00:39:21: 非记录时间：2017-03-17T00:39:21+08:00
2017-03-17T00:39:31: 非记录时间：2017-03-17T00:39:31+08:00
2017-03-17T00:39:41: 非记录时间：2017-03-17T00:39:41+08:00
2017-03-17T00:39:51: 非记录时间：2017-03-17T00:39:51+08:00
2017-03-17T00:40:01: 非记录时间：2017-03-17T00:40:01+08:00
2017-03-17T00:40:11: 非记录时间：2017-03-17T00:40:11+08:00
2017-03-17T00:40:21: 非记录时间：2017-03-17T00:40:21+08:00
2017-03-17T00:40:31: 非记录时间：2017-03-17T00:40:31+08:00
2017-03-17T00:40:41: 非记录时间：2017-03-17T00:40:41+08:00
2017-03-17T00:40:51: 非记录时间：2017-03-17T00:40:51+08:00
2017-03-17T00:41:01: 非记录时间：2017-03-17T00:41:01+08:00
2017-03-17T00:41:11: 非记录时间：2017-03-17T00:41:11+08:00
2017-03-17T00:41:21: 非记录时间：2017-03-17T00:41:21+08:00
2017-03-17T00:41:31: 非记录时间：2017-03-17T00:41:31+08:00
2017-03-17T00:41:41: 非记录时间：2017-03-17T00:41:41+08:00
2017-03-17T00:41:51: 非记录时间：2017-03-17T00:41:51+08:00
2017-03-17T00:42:01: 非记录时间：2017-03-17T00:42:01+08:00
2017-03-17T00:42:11: 非记录时间：2017-03-17T00:42:11+08:00
2017-03-17T00:42:21: 非记录时间：2017-03-17T00:42:21+08:00
2017-03-17T00:42:31: 非记录时间：2017-03-17T00:42:31+08:00
2017-03-17T00:42:41: 非记录时间：2017-03-17T00:42:41+08:00
2017-03-17T00:42:51: 非记录时间：2017-03-17T00:42:51+08:00
2017-03-17T00:43:01: 非记录时间：2017-03-17T00:43:01+08:00
2017-03-17T00:43:11: 非记录时间：2017-03-17T00:43:11+08:00
2017-03-17T00:43:21: 非记录时间：2017-03-17T00:43:21+08:00
2017-03-17T00:43:31: 非记录时间：2017-03-17T00:43:31+08:00
2017-03-17T00:43:41: 非记录时间：2017-03-17T00:43:41+08:00
2017-03-17T00:43:51: 非记录时间：2017-03-17T00:43:51+08:00
2017-03-17T00:44:01: 非记录时间：2017-03-17T00:44:01+08:00
2017-03-17T00:44:11: 非记录时间：2017-03-17T00:44:11+08:00
2017-03-17T00:44:21: 非记录时间：2017-03-17T00:44:21+08:00
2017-03-17T00:44:31: 非记录时间：2017-03-17T00:44:31+08:00
2017-03-17T00:44:41: 非记录时间：2017-03-17T00:44:41+08:00
2017-03-17T00:44:51: 非记录时间：2017-03-17T00:44:51+08:00
2017-03-17T00:45:01: 非记录时间：2017-03-17T00:45:01+08:00
2017-03-17T00:45:11: 非记录时间：2017-03-17T00:45:11+08:00
2017-03-17T00:45:21: 非记录时间：2017-03-17T00:45:21+08:00
2017-03-17T00:45:31: 非记录时间：2017-03-17T00:45:31+08:00
2017-03-17T00:45:41: 非记录时间：2017-03-17T00:45:41+08:00
2017-03-17T00:45:51: 非记录时间：2017-03-17T00:45:51+08:00
2017-03-17T00:46:01: 非记录时间：2017-03-17T00:46:01+08:00
2017-03-17T00:46:11: 非记录时间：2017-03-17T00:46:11+08:00
2017-03-17T00:46:21: 非记录时间：2017-03-17T00:46:21+08:00
2017-03-17T00:46:31: 非记录时间：2017-03-17T00:46:31+08:00
2017-03-17T00:46:41: 非记录时间：2017-03-17T00:46:41+08:00
2017-03-17T00:46:51: 非记录时间：2017-03-17T00:46:51+08:00
2017-03-17T00:47:01: 非记录时间：2017-03-17T00:47:01+08:00
2017-03-17T00:47:11: 非记录时间：2017-03-17T00:47:11+08:00
2017-03-17T00:47:21: 非记录时间：2017-03-17T00:47:21+08:00
2017-03-17T00:47:31: 非记录时间：2017-03-17T00:47:31+08:00
2017-03-17T00:47:41: 非记录时间：2017-03-17T00:47:41+08:00
2017-03-17T00:47:51: 非记录时间：2017-03-17T00:47:51+08:00
2017-03-17T00:48:01: 非记录时间：2017-03-17T00:48:01+08:00
2017-03-17T00:48:11: 非记录时间：2017-03-17T00:48:11+08:00
2017-03-17T00:48:21: 非记录时间：2017-03-17T00:48:21+08:00
2017-03-17T00:48:31: 非记录时间：2017-03-17T00:48:31+08:00
2017-03-17T00:48:41: 非记录时间：2017-03-17T00:48:41+08:00
2017-03-17T00:48:51: 非记录时间：2017-03-17T00:48:51+08:00
2017-03-17T00:49:01: 非记录时间：2017-03-17T00:49:01+08:00
2017-03-17T00:49:11: 非记录时间：2017-03-17T00:49:11+08:00
2017-03-17T00:49:21: 非记录时间：2017-03-17T00:49:21+08:00
2017-03-17T00:49:31: 非记录时间：2017-03-17T00:49:31+08:00
2017-03-17T00:49:41: 非记录时间：2017-03-17T00:49:41+08:00
2017-03-17T00:49:51: 非记录时间：2017-03-17T00:49:51+08:00
2017-03-17T00:50:01: 非记录时间：2017-03-17T00:50:01+08:00
2017-03-17T00:50:11: 非记录时间：2017-03-17T00:50:11+08:00
2017-03-17T00:50:21: 非记录时间：2017-03-17T00:50:21+08:00
2017-03-17T00:50:31: 非记录时间：2017-03-17T00:50:31+08:00
2017-03-17T00:50:41: 非记录时间：2017-03-17T00:50:41+08:00
2017-03-17T00:50:51: 非记录时间：2017-03-17T00:50:51+08:00
2017-03-17T00:51:01: 非记录时间：2017-03-17T00:51:01+08:00
2017-03-17T00:51:11: 非记录时间：2017-03-17T00:51:11+08:00
2017-03-17T00:51:21: 非记录时间：2017-03-17T00:51:21+08:00
2017-03-17T00:51:31: 非记录时间：2017-03-17T00:51:31+08:00
2017-03-17T00:51:41: 非记录时间：2017-03-17T00:51:41+08:00
2017-03-17T00:51:51: 非记录时间：2017-03-17T00:51:51+08:00
2017-03-17T00:52:01: 非记录时间：2017-03-17T00:52:01+08:00
2017-03-17T00:52:11: 非记录时间：2017-03-17T00:52:11+08:00
2017-03-17T00:52:21: 非记录时间：2017-03-17T00:52:21+08:00
2017-03-17T00:52:31: 非记录时间：2017-03-17T00:52:31+08:00
2017-03-17T00:52:41: 非记录时间：2017-03-17T00:52:41+08:00
2017-03-17T00:52:51: 非记录时间：2017-03-17T00:52:51+08:00
2017-03-17T00:53:01: 非记录时间：2017-03-17T00:53:01+08:00
2017-03-17T00:53:11: 非记录时间：2017-03-17T00:53:11+08:00
2017-03-17T00:53:21: 非记录时间：2017-03-17T00:53:21+08:00
2017-03-17T00:53:31: 非记录时间：2017-03-17T00:53:31+08:00
2017-03-17T00:53:41: 非记录时间：2017-03-17T00:53:41+08:00
2017-03-17T00:53:51: 非记录时间：2017-03-17T00:53:51+08:00
2017-03-17T00:54:01: 非记录时间：2017-03-17T00:54:01+08:00
2017-03-17T00:54:11: 非记录时间：2017-03-17T00:54:11+08:00
2017-03-17T00:54:21: 非记录时间：2017-03-17T00:54:21+08:00
2017-03-17T00:54:31: 非记录时间：2017-03-17T00:54:31+08:00
2017-03-17T00:54:41: 非记录时间：2017-03-17T00:54:41+08:00
2017-03-17T00:54:51: 非记录时间：2017-03-17T00:54:51+08:00
2017-03-17T00:55:01: 非记录时间：2017-03-17T00:55:01+08:00
2017-03-17T00:55:11: 非记录时间：2017-03-17T00:55:11+08:00
2017-03-17T00:55:21: 非记录时间：2017-03-17T00:55:21+08:00
2017-03-17T00:55:31: 非记录时间：2017-03-17T00:55:31+08:00
2017-03-17T00:55:41: 非记录时间：2017-03-17T00:55:41+08:00
2017-03-17T00:55:51: 非记录时间：2017-03-17T00:55:51+08:00
2017-03-17T00:56:01: 非记录时间：2017-03-17T00:56:01+08:00
2017-03-17T00:56:11: 非记录时间：2017-03-17T00:56:11+08:00
2017-03-17T00:56:21: 非记录时间：2017-03-17T00:56:21+08:00
2017-03-17T00:56:31: 非记录时间：2017-03-17T00:56:31+08:00
2017-03-17T00:56:41: 非记录时间：2017-03-17T00:56:41+08:00
2017-03-17T00:56:51: 非记录时间：2017-03-17T00:56:51+08:00
2017-03-17T00:57:01: 非记录时间：2017-03-17T00:57:01+08:00
2017-03-17T00:57:11: 非记录时间：2017-03-17T00:57:11+08:00
2017-03-17T00:57:21: 非记录时间：2017-03-17T00:57:21+08:00
2017-03-17T00:57:31: 非记录时间：2017-03-17T00:57:31+08:00
2017-03-17T00:57:41: 非记录时间：2017-03-17T00:57:41+08:00
2017-03-17T00:57:51: 非记录时间：2017-03-17T00:57:51+08:00
2017-03-17T00:58:01: 非记录时间：2017-03-17T00:58:01+08:00
2017-03-17T00:58:11: 非记录时间：2017-03-17T00:58:11+08:00
2017-03-17T00:58:21: 非记录时间：2017-03-17T00:58:21+08:00
2017-03-17T00:58:31: 非记录时间：2017-03-17T00:58:31+08:00
2017-03-17T00:58:41: 非记录时间：2017-03-17T00:58:41+08:00
2017-03-17T00:58:51: 非记录时间：2017-03-17T00:58:51+08:00
2017-03-17T00:59:01: 非记录时间：2017-03-17T00:59:01+08:00
2017-03-17T00:59:11: 非记录时间：2017-03-17T00:59:11+08:00
2017-03-17T00:59:21: 非记录时间：2017-03-17T00:59:21+08:00
2017-03-17T00:59:31: 非记录时间：2017-03-17T00:59:31+08:00
2017-03-17T00:59:41: 非记录时间：2017-03-17T00:59:41+08:00
2017-03-17T00:59:51: 非记录时间：2017-03-17T00:59:51+08:00
2017-03-17T01:00:01: 非记录时间：2017-03-17T01:00:01+08:00
2017-03-17T01:00:11: 非记录时间：2017-03-17T01:00:11+08:00
2017-03-17T01:00:21: 非记录时间：2017-03-17T01:00:21+08:00
2017-03-17T01:00:31: 非记录时间：2017-03-17T01:00:31+08:00
2017-03-17T01:00:41: 非记录时间：2017-03-17T01:00:41+08:00
2017-03-17T01:00:51: 非记录时间：2017-03-17T01:00:51+08:00
2017-03-17T01:01:01: 非记录时间：2017-03-17T01:01:01+08:00
2017-03-17T01:01:11: 非记录时间：2017-03-17T01:01:11+08:00
2017-03-17T01:01:21: 非记录时间：2017-03-17T01:01:21+08:00
2017-03-17T01:01:31: 非记录时间：2017-03-17T01:01:31+08:00
2017-03-17T01:01:41: 非记录时间：2017-03-17T01:01:41+08:00
2017-03-17T01:01:51: 非记录时间：2017-03-17T01:01:51+08:00
2017-03-17T01:02:01: 非记录时间：2017-03-17T01:02:01+08:00
2017-03-17T01:02:11: 非记录时间：2017-03-17T01:02:11+08:00
2017-03-17T01:02:21: 非记录时间：2017-03-17T01:02:21+08:00
2017-03-17T01:02:31: 非记录时间：2017-03-17T01:02:31+08:00
2017-03-17T01:02:41: 非记录时间：2017-03-17T01:02:41+08:00
2017-03-17T01:02:51: 非记录时间：2017-03-17T01:02:51+08:00
2017-03-17T01:03:01: 非记录时间：2017-03-17T01:03:01+08:00
2017-03-17T01:03:11: 非记录时间：2017-03-17T01:03:11+08:00
2017-03-17T01:03:21: 非记录时间：2017-03-17T01:03:21+08:00
2017-03-17T01:03:31: 非记录时间：2017-03-17T01:03:31+08:00
2017-03-17T01:03:41: 非记录时间：2017-03-17T01:03:41+08:00
2017-03-17T01:03:51: 非记录时间：2017-03-17T01:03:51+08:00
2017-03-17T01:04:01: 非记录时间：2017-03-17T01:04:01+08:00
2017-03-17T01:04:11: 非记录时间：2017-03-17T01:04:11+08:00
2017-03-17T01:04:21: 非记录时间：2017-03-17T01:04:21+08:00
2017-03-17T01:04:31: 非记录时间：2017-03-17T01:04:31+08:00
2017-03-17T01:04:41: 非记录时间：2017-03-17T01:04:41+08:00
2017-03-17T01:04:51: 非记录时间：2017-03-17T01:04:51+08:00
2017-03-17T01:05:01: 非记录时间：2017-03-17T01:05:01+08:00
2017-03-17T01:05:11: 非记录时间：2017-03-17T01:05:11+08:00
2017-03-17T01:05:21: 非记录时间：2017-03-17T01:05:21+08:00
2017-03-17T01:05:31: 非记录时间：2017-03-17T01:05:31+08:00
2017-03-17T01:05:41: 非记录时间：2017-03-17T01:05:41+08:00
2017-03-17T01:05:51: 非记录时间：2017-03-17T01:05:51+08:00
2017-03-17T01:06:01: 非记录时间：2017-03-17T01:06:01+08:00
2017-03-17T01:06:11: 非记录时间：2017-03-17T01:06:11+08:00
2017-03-17T01:06:21: 非记录时间：2017-03-17T01:06:21+08:00
2017-03-17T01:06:31: 非记录时间：2017-03-17T01:06:31+08:00
2017-03-17T01:06:41: 非记录时间：2017-03-17T01:06:41+08:00
2017-03-17T01:06:51: 非记录时间：2017-03-17T01:06:51+08:00
2017-03-17T01:07:01: 非记录时间：2017-03-17T01:07:01+08:00
2017-03-17T01:07:11: 非记录时间：2017-03-17T01:07:11+08:00
2017-03-17T01:07:21: 非记录时间：2017-03-17T01:07:21+08:00
2017-03-17T01:07:31: 非记录时间：2017-03-17T01:07:31+08:00
2017-03-17T01:07:41: 非记录时间：2017-03-17T01:07:41+08:00
2017-03-17T01:07:51: 非记录时间：2017-03-17T01:07:51+08:00
2017-03-17T01:08:01: 非记录时间：2017-03-17T01:08:01+08:00
2017-03-17T01:08:11: 非记录时间：2017-03-17T01:08:11+08:00
2017-03-17T01:08:21: 非记录时间：2017-03-17T01:08:21+08:00
2017-03-17T01:08:31: 非记录时间：2017-03-17T01:08:31+08:00
2017-03-17T01:08:41: 非记录时间：2017-03-17T01:08:41+08:00
2017-03-17T01:08:51: 非记录时间：2017-03-17T01:08:51+08:00
2017-03-17T01:09:01: 非记录时间：2017-03-17T01:09:01+08:00
2017-03-17T01:09:11: 非记录时间：2017-03-17T01:09:11+08:00
2017-03-17T01:09:21: 非记录时间：2017-03-17T01:09:21+08:00
2017-03-17T01:09:31: 非记录时间：2017-03-17T01:09:31+08:00
2017-03-17T01:09:41: 非记录时间：2017-03-17T01:09:41+08:00
2017-03-17T01:09:51: 非记录时间：2017-03-17T01:09:51+08:00
2017-03-17T01:10:01: 非记录时间：2017-03-17T01:10:01+08:00
2017-03-17T01:10:11: 非记录时间：2017-03-17T01:10:11+08:00
2017-03-17T01:10:21: 非记录时间：2017-03-17T01:10:21+08:00
2017-03-17T01:10:31: 非记录时间：2017-03-17T01:10:31+08:00
2017-03-17T01:10:41: 非记录时间：2017-03-17T01:10:41+08:00
2017-03-17T01:10:51: 非记录时间：2017-03-17T01:10:51+08:00
2017-03-17T01:11:02: 读取文件失败，可能是该文件不存在
2017-03-17T01:11:02: Error: ENOENT: no such file or directory, open './data/2017-03-17.json'
2017-03-17T01:11:12: 读取文件成功
2017-03-17T01:11:22: 读取文件成功
2017-03-17T01:11:32: 读取文件成功
2017-03-17T01:11:42: 读取文件成功
2017-03-17T01:11:52: 读取文件成功
2017-03-17T01:12:02: 读取文件成功
2017-03-17T01:12:12: 读取文件成功
2017-03-17T01:12:22: 读取文件成功
2017-03-17T01:12:32: 读取文件成功
2017-03-17T01:12:42: 读取文件成功
2017-03-17T01:12:52: 读取文件成功
2017-03-17T01:13:02: 读取文件成功
2017-03-17T01:13:12: 读取文件成功
2017-03-17T01:13:22: 读取文件成功
2017-03-17T01:13:32: 读取文件成功
2017-03-17T01:13:42: 读取文件成功
2017-03-17T01:13:52: 读取文件成功
2017-03-17T01:14:02: 读取文件成功
2017-03-17T01:14:12: 读取文件成功
2017-03-17T01:14:22: 读取文件成功
2017-03-17T01:14:32: 读取文件成功
2017-03-17T01:14:42: 读取文件成功
2017-03-17T01:14:52: 读取文件成功
2017-03-17T01:15:02: 读取文件成功
2017-03-17T01:15:12: 读取文件成功
2017-03-17T01:15:22: 读取文件成功
2017-03-17T01:15:32: 读取文件成功
2017-03-17T01:15:42: 读取文件成功
2017-03-17T01:15:52: 读取文件成功
2017-03-17T01:16:02: 读取文件成功
2017-03-17T01:16:12: 读取文件成功
2017-03-17T01:16:22: 读取文件成功
2017-03-17T01:16:32: 读取文件成功
2017-03-17T01:16:42: 读取文件成功
2017-03-17T01:16:52: 读取文件成功
2017-03-17T01:17:02: 读取文件成功
2017-03-17T01:17:12: 读取文件成功
2017-03-17T01:17:22: 读取文件成功
2017-03-17T01:17:32: 读取文件成功
2017-03-17T01:17:42: 读取文件成功
2017-03-17T01:17:53: 读取文件成功
2017-03-17T01:18:02: 读取文件成功
2017-03-17T01:18:12: 读取文件成功
2017-03-17T01:18:22: 读取文件成功
2017-03-17T01:18:32: 读取文件成功
2017-03-17T01:18:42: 读取文件成功
2017-03-17T01:18:52: 读取文件成功
2017-03-17T01:19:02: 读取文件成功
2017-03-17T01:19:12: 读取文件成功
2017-03-17T01:19:22: 读取文件成功
2017-03-17T01:19:32: 读取文件成功
2017-03-17T01:19:42: 读取文件成功
2017-03-17T01:19:52: 读取文件成功
2017-03-17T01:20:02: 读取文件成功
2017-03-17T01:20:12: 读取文件成功
2017-03-17T01:20:22: 读取文件成功
2017-03-17T01:20:32: 读取文件成功
2017-03-17T01:20:42: 读取文件成功
2017-03-17T01:20:52: 读取文件成功
2017-03-17T01:21:02: 读取文件成功
2017-03-17T01:21:12: 读取文件成功
2017-03-17T01:21:22: 读取文件成功
2017-03-17T01:21:32: 读取文件成功
2017-03-17T01:21:42: 读取文件成功
2017-03-17T01:21:52: 读取文件成功
2017-03-17T01:22:02: 读取文件成功
2017-03-17T01:22:12: 读取文件成功
2017-03-17T01:22:22: 读取文件成功
2017-03-17T01:22:32: 读取文件成功
2017-03-17T01:22:42: 读取文件成功
2017-03-17T01:22:52: 读取文件成功
2017-03-17T01:23:02: 读取文件成功
2017-03-17T01:23:12: 读取文件成功
2017-03-17T01:23:22: 读取文件成功
2017-03-17T01:23:32: 读取文件成功
2017-03-17T01:23:42: 读取文件成功
2017-03-17T01:23:52: 读取文件成功
2017-03-17T01:24:02: 读取文件成功
2017-03-17T01:24:12: 读取文件成功
2017-03-17T01:24:22: 读取文件成功
2017-03-17T01:24:32: 读取文件成功
2017-03-17T01:24:42: 读取文件成功
2017-03-17T01:24:52: 读取文件成功
2017-03-17T01:25:02: 读取文件成功
2017-03-17T01:25:12: 读取文件成功
2017-03-17T01:25:22: 读取文件成功
2017-03-17T01:25:32: 读取文件成功
2017-03-17T01:25:42: 读取文件成功
2017-03-17T01:25:52: 读取文件成功
2017-03-17T01:26:02: 读取文件成功
2017-03-17T01:26:12: 读取文件成功
2017-03-17T01:26:22: 读取文件成功
2017-03-17T01:26:32: 读取文件成功
2017-03-17T01:26:42: 读取文件成功
2017-03-17T01:26:52: 读取文件成功
2017-03-17T01:27:02: 读取文件成功
2017-03-17T01:27:12: 读取文件成功
2017-03-17T01:27:22: 读取文件成功
2017-03-17T01:27:32: 读取文件成功
2017-03-17T01:27:42: 读取文件成功
2017-03-17T01:27:52: 读取文件成功
2017-03-17T01:28:02: 读取文件成功
2017-03-17T01:28:12: 读取文件成功
2017-03-17T01:28:22: 读取文件成功
2017-03-17T01:28:32: 读取文件成功
2017-03-17T01:28:42: 读取文件成功
2017-03-17T01:28:52: 读取文件成功
2017-03-17T01:29:03: 读取文件成功
2017-03-17T01:29:12: 读取文件成功
2017-03-17T01:29:22: 读取文件成功
2017-03-17T01:29:33: 读取文件成功
2017-03-17T01:29:43: 读取文件成功
2017-03-17T01:29:53: 读取文件成功
2017-03-17T01:30:03: 读取文件成功
2017-03-17T01:30:13: 读取文件成功
2017-03-17T01:30:23: 读取文件成功
2017-03-17T01:30:33: 读取文件成功
2017-03-17T01:30:43: 读取文件成功
2017-03-17T01:30:53: 读取文件成功
2017-03-17T01:31:03: 读取文件成功
2017-03-17T01:31:13: 读取文件成功
2017-03-17T01:31:23: 读取文件成功
2017-03-17T01:31:33: 读取文件成功
2017-03-17T01:31:43: 读取文件成功
2017-03-17T01:31:53: 读取文件成功
2017-03-17T01:32:03: 读取文件成功
2017-03-17T01:32:13: 读取文件成功
2017-03-17T01:32:23: 读取文件成功
2017-03-17T01:32:33: 读取文件成功
2017-03-17T01:32:43: 读取文件成功
2017-03-17T01:32:53: 读取文件成功
2017-03-17T01:33:03: 读取文件成功
2017-03-17T01:33:13: 读取文件成功
2017-03-17T01:33:23: 读取文件成功
2017-03-17T01:33:33: 读取文件成功
2017-03-17T01:33:43: 读取文件成功
2017-03-17T01:33:53: 读取文件成功
2017-03-17T01:34:03: 读取文件成功
2017-03-17T01:34:13: 读取文件成功
2017-03-17T01:34:23: 读取文件成功
2017-03-17T01:34:33: 读取文件成功
2017-03-17T01:34:43: 读取文件成功
2017-03-17T01:34:53: 读取文件成功
2017-03-17T01:35:03: 读取文件成功
2017-03-17T01:35:13: 读取文件成功
2017-03-17T01:35:23: 读取文件成功
2017-03-17T01:35:33: 读取文件成功
2017-03-17T01:35:43: 读取文件成功
2017-03-17T01:35:53: 读取文件成功
2017-03-17T01:36:03: 读取文件成功
2017-03-17T01:36:13: 读取文件成功
2017-03-17T01:36:23: 读取文件成功
2017-03-17T01:36:33: 读取文件成功
2017-03-17T01:36:43: 读取文件成功
2017-03-17T01:36:53: 读取文件成功
2017-03-17T01:37:03: 读取文件成功
2017-03-17T01:37:13: 读取文件成功
2017-03-17T01:37:23: 读取文件成功
2017-03-17T01:37:33: 读取文件成功
2017-03-17T01:37:43: 读取文件成功
2017-03-17T01:37:53: 读取文件成功
2017-03-17T01:38:03: 读取文件成功
2017-03-17T01:38:13: 读取文件成功
2017-03-17T01:38:23: 读取文件成功
2017-03-17T01:38:33: 读取文件成功
2017-03-17T01:38:43: 读取文件成功
2017-03-17T01:38:53: 读取文件成功
2017-03-17T01:39:03: 读取文件成功
2017-03-17T01:39:13: 读取文件成功
2017-03-17T01:39:23: 读取文件成功
2017-03-17T01:39:33: 读取文件成功
2017-03-17T01:39:43: 读取文件成功
2017-03-17T01:39:53: 读取文件成功
2017-03-17T01:40:03: 读取文件成功
2017-03-17T01:40:13: 读取文件成功
2017-03-17T01:40:23: 读取文件成功
2017-03-17T01:40:33: 读取文件成功
2017-03-17T01:40:43: 读取文件成功
2017-03-17T01:40:53: 读取文件成功
2017-03-17T01:41:03: 读取文件成功
2017-03-17T01:41:13: 读取文件成功
2017-03-17T01:41:23: 读取文件成功
2017-03-17T01:41:33: 读取文件成功
2017-03-17T01:41:43: 读取文件成功
2017-03-17T01:41:53: 读取文件成功
2017-03-17T01:42:03: 读取文件成功
2017-03-17T01:42:13: 读取文件成功
2017-03-17T01:42:23: 读取文件成功
2017-03-17T01:42:33: 读取文件成功
2017-03-17T01:42:43: 读取文件成功
2017-03-17T01:42:53: 读取文件成功
2017-03-17T01:43:03: 读取文件成功
2017-03-17T01:43:13: 读取文件成功
2017-03-17T01:43:23: 读取文件成功
2017-03-17T01:43:33: 读取文件成功
2017-03-17T01:43:43: 读取文件成功
2017-03-17T01:43:53: 读取文件成功
2017-03-17T01:44:03: 读取文件成功
2017-03-17T01:44:13: 读取文件成功
2017-03-17T01:44:23: 读取文件成功
2017-03-17T01:44:33: 读取文件成功
2017-03-17T01:44:43: 读取文件成功
2017-03-17T01:44:53: 读取文件成功
2017-03-17T01:45:03: 读取文件成功
2017-03-17T01:45:13: 读取文件成功
2017-03-17T01:45:23: 读取文件成功
2017-03-17T01:45:33: 读取文件成功
2017-03-17T01:45:43: 读取文件成功
2017-03-17T01:45:53: 读取文件成功
2017-03-17T01:46:03: 读取文件成功
2017-03-17T01:46:13: 读取文件成功
2017-03-17T01:46:23: 读取文件成功
2017-03-17T01:46:33: 读取文件成功
2017-03-17T01:46:43: 读取文件成功
2017-03-17T01:46:54: 读取文件成功
2017-03-17T01:47:03: 读取文件成功
2017-03-17T01:47:13: 读取文件成功
2017-03-17T01:47:23: 读取文件成功
2017-03-17T01:47:33: 读取文件成功
2017-03-17T01:47:43: 读取文件成功
2017-03-17T01:47:53: 读取文件成功
2017-03-17T01:48:03: 读取文件成功
2017-03-17T01:48:13: 读取文件成功
2017-03-17T01:48:23: 读取文件成功
2017-03-17T01:48:33: 读取文件成功
2017-03-17T01:48:43: 读取文件成功
2017-03-17T01:48:53: 读取文件成功
2017-03-17T01:49:03: 读取文件成功
2017-03-17T01:49:13: 读取文件成功
2017-03-17T01:49:23: 读取文件成功
2017-03-17T01:49:33: 读取文件成功
2017-03-17T01:49:43: 读取文件成功
2017-03-17T01:49:54: 读取文件成功
2017-03-17T01:50:03: 读取文件成功
2017-03-17T01:50:13: 读取文件成功
2017-03-17T01:50:24: 读取文件成功
2017-03-17T01:50:33: 读取文件成功
2017-03-17T01:50:44: 读取文件成功
2017-03-17T01:50:54: 读取文件成功
2017-03-17T01:51:04: 读取文件成功
2017-03-17T01:51:13: 读取文件成功
2017-03-17T01:51:23: 读取文件成功
2017-03-17T01:51:33: 读取文件成功
2017-03-17T01:51:43: 读取文件成功
2017-03-17T01:51:53: 读取文件成功
2017-03-17T01:52:04: 读取文件成功
2017-03-17T01:52:13: 读取文件成功
2017-03-17T01:52:24: 读取文件成功
2017-03-17T01:52:34: 读取文件成功
2017-03-17T01:52:44: 读取文件成功
2017-03-17T01:52:54: 读取文件成功
2017-03-17T01:53:04: 读取文件成功
2017-03-17T01:53:14: 读取文件成功
2017-03-17T01:53:24: 读取文件成功
2017-03-17T01:53:34: 读取文件成功
2017-03-17T01:53:44: 读取文件成功
2017-03-17T01:53:54: 读取文件成功
2017-03-17T01:54:04: 读取文件成功
2017-03-17T01:54:14: 读取文件成功
2017-03-17T01:54:24: 读取文件成功
2017-03-17T01:54:34: 读取文件成功
2017-03-17T01:54:44: 读取文件成功
2017-03-17T01:54:54: 读取文件成功
2017-03-17T01:55:04: 读取文件成功
2017-03-17T01:55:14: 读取文件成功
2017-03-17T01:55:24: 读取文件成功
2017-03-17T01:55:34: 读取文件成功
2017-03-17T01:55:44: 读取文件成功
2017-03-17T01:55:54: 读取文件成功
2017-03-17T01:56:04: 读取文件成功
2017-03-17T01:56:14: 读取文件成功
2017-03-17T01:56:24: 读取文件成功
2017-03-17T01:56:34: 读取文件成功
2017-03-17T01:56:44: 读取文件成功
2017-03-17T01:56:54: 读取文件成功
2017-03-17T01:57:04: 读取文件成功
2017-03-17T01:57:15: 读取文件成功
2017-03-17T01:57:24: 读取文件成功
2017-03-17T01:57:34: 读取文件成功
2017-03-17T01:57:46: 读取文件成功
2017-03-17T01:57:54: 读取文件成功
2017-03-17T01:58:04: 读取文件成功
2017-03-17T01:58:14: 读取文件成功
2017-03-17T01:58:27: 读取文件成功
2017-03-17T01:58:34: 读取文件成功
2017-03-17T01:58:47: 读取文件成功
2017-03-17T01:58:55: 读取文件成功
2017-03-17T01:59:05: 读取文件成功
2017-03-17T01:59:14: 读取文件成功
2017-03-17T01:59:24: 读取文件成功
2017-03-17T01:59:34: 读取文件成功
2017-03-17T01:59:44: 读取文件成功
2017-03-17T01:59:54: 读取文件成功
2017-03-17T02:00:04: 读取文件成功
2017-03-17T02:00:14: 读取文件成功
2017-03-17T02:00:24: 读取文件成功
2017-03-17T02:00:34: 读取文件成功
2017-03-17T02:00:44: 读取文件成功
2017-03-17T02:00:54: 读取文件成功
2017-03-17T02:01:04: 读取文件成功
2017-03-17T02:01:14: 读取文件成功
2017-03-17T02:01:24: 读取文件成功
2017-03-17T02:01:34: 读取文件成功
2017-03-17T02:01:44: 读取文件成功
2017-03-17T02:01:54: 读取文件成功
2017-03-17T02:02:04: 读取文件成功
2017-03-17T02:02:14: 读取文件成功
2017-03-17T02:02:24: 读取文件成功
2017-03-17T02:02:34: 读取文件成功
2017-03-17T02:02:44: 读取文件成功
2017-03-17T02:02:54: 读取文件成功
2017-03-17T02:03:04: 读取文件成功
2017-03-17T02:03:14: 读取文件成功
2017-03-17T02:03:24: 读取文件成功
2017-03-17T02:03:34: 读取文件成功
2017-03-17T02:03:44: 读取文件成功
2017-03-17T02:03:54: 读取文件成功
2017-03-17T02:04:04: 读取文件成功
2017-03-17T02:04:14: 读取文件成功
2017-03-17T02:04:24: 读取文件成功
2017-03-17T02:04:34: 读取文件成功
2017-03-17T02:04:44: 读取文件成功
2017-03-17T02:04:54: 读取文件成功
2017-03-17T02:05:04: 读取文件成功
2017-03-17T02:05:14: 读取文件成功
2017-03-17T02:05:24: 读取文件成功
2017-03-17T02:05:34: 读取文件成功
2017-03-17T02:05:44: 读取文件成功
2017-03-17T02:05:54: 读取文件成功
2017-03-17T02:06:04: 读取文件成功
2017-03-17T02:06:14: 读取文件成功
2017-03-17T02:06:24: 读取文件成功
2017-03-17T02:06:34: 读取文件成功
2017-03-17T02:06:44: 读取文件成功
2017-03-17T02:06:54: 读取文件成功
2017-03-17T02:07:04: 读取文件成功
2017-03-17T02:07:14: 读取文件成功
2017-03-17T02:07:24: 读取文件成功
2017-03-17T02:07:34: 读取文件成功
2017-03-17T02:07:44: 读取文件成功
2017-03-17T02:07:54: 读取文件成功
2017-03-17T02:08:04: 读取文件成功
2017-03-17T02:08:14: 读取文件成功
2017-03-17T02:08:24: 读取文件成功
2017-03-17T02:08:34: 读取文件成功
2017-03-17T02:08:44: 读取文件成功
2017-03-17T02:08:54: 读取文件成功
2017-03-17T02:09:04: 读取文件成功
2017-03-17T02:09:14: 读取文件成功
2017-03-17T02:09:24: 读取文件成功
2017-03-17T02:09:34: 读取文件成功
2017-03-17T02:09:44: 读取文件成功
2017-03-17T02:09:55: 读取文件成功
2017-03-17T02:10:05: 读取文件成功
2017-03-17T02:10:15: 读取文件成功
2017-03-17T02:10:25: 读取文件成功
2017-03-17T02:10:35: 读取文件成功
2017-03-17T02:10:45: 读取文件成功
2017-03-17T02:10:55: 读取文件成功
2017-03-17T02:11:05: 读取文件成功
2017-03-17T02:11:15: 读取文件成功
2017-03-17T02:11:25: 读取文件成功
2017-03-17T02:11:35: 读取文件成功
2017-03-17T02:11:45: 读取文件成功
2017-03-17T02:11:55: 读取文件成功
2017-03-17T02:12:05: 读取文件成功
2017-03-17T02:12:15: 读取文件成功
2017-03-17T02:12:25: 读取文件成功
2017-03-17T02:12:35: 读取文件成功
2017-03-17T02:12:45: 读取文件成功
2017-03-17T02:12:55: 读取文件成功
2017-03-17T02:13:05: 读取文件成功
2017-03-17T02:13:15: 读取文件成功
2017-03-17T02:13:25: 读取文件成功
2017-03-17T02:13:35: 读取文件成功
2017-03-17T02:13:45: 读取文件成功
2017-03-17T02:13:55: 读取文件成功
2017-03-17T02:14:05: 读取文件成功
2017-03-17T02:14:15: 读取文件成功
2017-03-17T02:14:25: 读取文件成功
2017-03-17T02:14:35: 读取文件成功
2017-03-17T02:14:45: 读取文件成功
2017-03-17T02:14:55: 读取文件成功
2017-03-17T02:15:05: 读取文件成功
2017-03-17T02:15:15: 读取文件成功
2017-03-17T02:15:25: 读取文件成功
2017-03-17T02:15:35: 读取文件成功
2017-03-17T02:15:45: 读取文件成功
2017-03-17T02:15:55: 读取文件成功
2017-03-17T02:16:05: 读取文件成功
2017-03-17T02:16:15: 读取文件成功
2017-03-17T02:16:25: 读取文件成功
2017-03-17T02:16:35: 读取文件成功
2017-03-17T02:16:45: 读取文件成功
2017-03-17T02:16:55: 读取文件成功
2017-03-17T02:17:05: 读取文件成功
2017-03-17T02:17:15: 读取文件成功
2017-03-17T02:17:25: 读取文件成功
2017-03-17T02:17:35: 读取文件成功
2017-03-17T02:17:45: 读取文件成功
2017-03-17T02:17:55: 读取文件成功
2017-03-17T02:18:05: 读取文件成功
2017-03-17T02:18:15: 读取文件成功
2017-03-17T02:18:25: 读取文件成功
2017-03-17T02:18:35: 读取文件成功
2017-03-17T02:18:45: 读取文件成功
2017-03-17T02:18:55: 读取文件成功
2017-03-17T02:19:05: 读取文件成功
2017-03-17T02:19:15: 读取文件成功
2017-03-17T02:19:25: 读取文件成功
2017-03-17T02:19:35: 读取文件成功
2017-03-17T02:19:45: 读取文件成功
2017-03-17T02:19:55: 读取文件成功
2017-03-17T02:20:05: 读取文件成功
2017-03-17T02:20:15: 读取文件成功
2017-03-17T02:20:25: 读取文件成功
2017-03-17T02:20:35: 读取文件成功
2017-03-17T02:20:45: 读取文件成功
2017-03-17T02:20:55: 读取文件成功
2017-03-17T02:21:05: 读取文件成功
2017-03-17T02:21:15: 读取文件成功
2017-03-17T02:21:25: 读取文件成功
2017-03-17T02:21:35: 读取文件成功
2017-03-17T02:21:45: 读取文件成功
2017-03-17T02:21:55: 读取文件成功
2017-03-17T02:22:05: 读取文件成功
2017-03-17T02:22:15: 读取文件成功
2017-03-17T02:22:25: 读取文件成功
2017-03-17T02:22:35: 读取文件成功
2017-03-17T02:22:45: 读取文件成功
2017-03-17T02:22:55: 读取文件成功
2017-03-17T02:23:05: 读取文件成功
2017-03-17T02:23:15: 读取文件成功
2017-03-17T02:23:25: 读取文件成功
2017-03-17T02:23:35: 读取文件成功
2017-03-17T02:23:45: 读取文件成功
2017-03-17T02:23:55: 读取文件成功
2017-03-17T02:24:05: 读取文件成功
2017-03-17T02:24:15: 读取文件成功
2017-03-17T02:24:25: 读取文件成功
2017-03-17T02:24:35: 读取文件成功
2017-03-17T02:24:45: 读取文件成功
2017-03-17T02:24:55: 读取文件成功
2017-03-17T02:25:05: 读取文件成功
2017-03-17T02:25:15: 读取文件成功
2017-03-17T02:25:25: 读取文件成功
2017-03-17T02:25:35: 读取文件成功
2017-03-17T02:25:45: 读取文件成功
2017-03-17T02:25:55: 读取文件成功
2017-03-17T02:26:06: 读取文件成功
2017-03-17T02:26:15: 读取文件成功
2017-03-17T02:26:25: 读取文件成功
2017-03-17T02:26:35: 读取文件成功
2017-03-17T02:26:45: 读取文件成功
2017-03-17T02:26:55: 读取文件成功
2017-03-17T02:27:05: 读取文件成功
2017-03-17T02:27:15: 读取文件成功
2017-03-17T02:27:25: 读取文件成功
2017-03-17T02:27:35: 读取文件成功
2017-03-17T02:27:45: 读取文件成功
2017-03-17T02:27:56: 读取文件成功
2017-03-17T02:28:05: 读取文件成功
2017-03-17T02:28:15: 读取文件成功
2017-03-17T02:28:25: 读取文件成功
2017-03-17T02:28:36: 读取文件成功
2017-03-17T02:28:45: 读取文件成功
2017-03-17T02:28:55: 读取文件成功
2017-03-17T02:29:06: 读取文件成功
2017-03-17T02:29:16: 读取文件成功
2017-03-17T02:29:26: 读取文件成功
2017-03-17T02:29:36: 读取文件成功
2017-03-17T02:29:46: 读取文件成功
2017-03-17T02:29:56: 读取文件成功
2017-03-17T02:30:06: 读取文件成功
2017-03-17T02:30:16: 读取文件成功
2017-03-17T02:30:26: 读取文件成功
2017-03-17T02:30:36: 读取文件成功
2017-03-17T02:30:46: 读取文件成功
2017-03-17T02:30:56: 读取文件成功
2017-03-17T02:31:06: 读取文件成功
2017-03-17T02:31:16: 读取文件成功
2017-03-17T02:31:26: 读取文件成功
2017-03-17T02:31:36: 读取文件成功
2017-03-17T02:31:46: 读取文件成功
2017-03-17T02:31:56: 读取文件成功
2017-03-17T02:32:06: 读取文件成功
2017-03-17T02:32:16: 读取文件成功
2017-03-17T02:32:26: 读取文件成功
2017-03-17T02:32:36: 读取文件成功
2017-03-17T02:32:46: 读取文件成功
2017-03-17T02:32:56: 读取文件成功
2017-03-17T02:33:06: 读取文件成功
2017-03-17T02:33:16: 读取文件成功
2017-03-17T02:33:26: 读取文件成功
2017-03-17T02:33:36: 读取文件成功
2017-03-17T02:33:46: 读取文件成功
2017-03-17T02:33:56: 读取文件成功
2017-03-17T02:34:06: 读取文件成功
2017-03-17T02:34:16: 读取文件成功
2017-03-17T02:34:26: 读取文件成功
2017-03-17T02:34:36: 读取文件成功
2017-03-17T02:34:46: 读取文件成功
2017-03-17T02:34:56: 读取文件成功
2017-03-17T02:35:06: 读取文件成功
2017-03-17T02:35:16: 读取文件成功
2017-03-17T02:35:26: 读取文件成功
2017-03-17T02:35:36: 读取文件成功
2017-03-17T02:35:46: 读取文件成功
2017-03-17T02:35:56: 读取文件成功
2017-03-17T02:36:06: 读取文件成功
2017-03-17T02:36:16: 读取文件成功
2017-03-17T02:36:26: 读取文件成功
2017-03-17T02:36:36: 读取文件成功
2017-03-17T02:36:46: 读取文件成功
2017-03-17T02:36:56: 读取文件成功
2017-03-17T02:37:06: 读取文件成功
2017-03-17T02:37:16: 读取文件成功
2017-03-17T02:37:26: 读取文件成功
2017-03-17T02:37:36: 读取文件成功
2017-03-17T02:37:46: 读取文件成功
2017-03-17T02:37:56: 读取文件成功
2017-03-17T02:38:06: 读取文件成功
2017-03-17T02:38:16: 读取文件成功
2017-03-17T02:38:26: 读取文件成功
2017-03-17T02:38:36: 读取文件成功
2017-03-17T02:38:46: 读取文件成功
2017-03-17T02:38:56: 读取文件成功
2017-03-17T02:39:06: 读取文件成功
2017-03-17T02:39:16: 读取文件成功
2017-03-17T02:39:26: 读取文件成功
2017-03-17T02:39:36: 读取文件成功
2017-03-17T02:39:46: 读取文件成功
2017-03-17T02:39:56: 读取文件成功
2017-03-17T02:40:06: 读取文件成功
2017-03-17T02:40:16: 读取文件成功
2017-03-17T02:40:26: 读取文件成功
2017-03-17T02:40:36: 读取文件成功
2017-03-17T02:40:46: 读取文件成功
2017-03-17T02:40:56: 读取文件成功
2017-03-17T02:41:06: 读取文件成功
2017-03-17T02:41:16: 读取文件成功
2017-03-17T02:41:26: 读取文件成功
2017-03-17T02:41:36: 读取文件成功
2017-03-17T02:41:46: 读取文件成功
2017-03-17T02:41:56: 读取文件成功
2017-03-17T02:42:06: 读取文件成功
2017-03-17T02:42:16: 读取文件成功
2017-03-17T02:42:26: 读取文件成功
2017-03-17T02:42:36: 读取文件成功
2017-03-17T02:42:46: 读取文件成功
2017-03-17T02:42:56: 读取文件成功
2017-03-17T02:43:06: 读取文件成功
2017-03-17T02:43:16: 读取文件成功
2017-03-17T02:43:26: 读取文件成功
2017-03-17T02:43:36: 读取文件成功
2017-03-17T02:43:46: 读取文件成功
2017-03-17T02:43:56: 读取文件成功
2017-03-17T02:44:06: 读取文件成功
2017-03-17T02:44:16: 读取文件成功
2017-03-17T02:44:26: 读取文件成功
2017-03-17T02:44:36: 读取文件成功
2017-03-17T02:44:46: 读取文件成功
2017-03-17T02:44:56: 读取文件成功
2017-03-17T02:45:06: 读取文件成功
2017-03-17T02:45:16: 读取文件成功
2017-03-17T02:45:26: 读取文件成功
2017-03-17T02:45:36: 读取文件成功
2017-03-17T02:45:46: 读取文件成功
2017-03-17T02:45:56: 读取文件成功
2017-03-17T02:46:06: 读取文件成功
2017-03-17T02:46:16: 读取文件成功
2017-03-17T02:46:26: 读取文件成功
2017-03-17T02:46:36: 读取文件成功
2017-03-17T02:46:46: 读取文件成功
2017-03-17T02:46:57: 读取文件成功
2017-03-17T02:47:07: 读取文件成功
2017-03-17T02:47:17: 读取文件成功
2017-03-17T02:47:27: 读取文件成功
2017-03-17T02:47:37: 读取文件成功
2017-03-17T02:47:47: 读取文件成功
2017-03-17T02:47:57: 读取文件成功
2017-03-17T02:48:07: 读取文件成功
2017-03-17T02:48:17: 读取文件成功
2017-03-17T02:48:27: 读取文件成功
2017-03-17T02:48:37: 读取文件成功
2017-03-17T02:48:47: 读取文件成功
2017-03-17T02:48:57: 读取文件成功
2017-03-17T02:49:07: 读取文件成功
2017-03-17T02:49:17: 读取文件成功
2017-03-17T02:49:27: 读取文件成功
2017-03-17T02:49:37: 读取文件成功
2017-03-17T02:49:47: 读取文件成功
2017-03-17T02:49:57: 读取文件成功
2017-03-17T02:50:07: 读取文件成功
2017-03-17T02:50:17: 读取文件成功
2017-03-17T02:50:27: 读取文件成功
2017-03-17T02:50:37: 读取文件成功
2017-03-17T02:50:47: 读取文件成功
2017-03-17T02:50:57: 读取文件成功
2017-03-17T02:51:07: 读取文件成功
2017-03-17T02:51:17: 读取文件成功
2017-03-17T02:51:27: 读取文件成功
2017-03-17T02:51:37: 读取文件成功
2017-03-17T02:51:47: 读取文件成功
2017-03-17T02:51:57: 读取文件成功
2017-03-17T02:52:07: 读取文件成功
2017-03-17T02:52:17: 读取文件成功
2017-03-17T02:52:27: 读取文件成功
2017-03-17T02:52:37: 读取文件成功
2017-03-17T02:52:47: 读取文件成功
2017-03-17T02:52:57: 读取文件成功
2017-03-17T02:53:07: 读取文件成功
2017-03-17T02:53:17: 读取文件成功
2017-03-17T02:53:27: 读取文件成功
2017-03-17T02:53:37: 读取文件成功
2017-03-17T02:53:47: 读取文件成功
2017-03-17T02:53:57: 读取文件成功
2017-03-17T02:54:07: 读取文件成功
2017-03-17T02:54:17: 读取文件成功
2017-03-17T02:54:27: 读取文件成功
2017-03-17T02:54:37: 读取文件成功
2017-03-17T02:54:47: 读取文件成功
2017-03-17T02:54:57: 读取文件成功
2017-03-17T02:55:07: 读取文件成功
2017-03-17T02:55:17: 读取文件成功
2017-03-17T02:55:27: 读取文件成功
2017-03-17T02:55:37: 读取文件成功
2017-03-17T02:55:47: 读取文件成功
2017-03-17T02:55:57: 读取文件成功
2017-03-17T02:56:07: 读取文件成功
2017-03-17T02:56:17: 读取文件成功
2017-03-17T02:56:27: 读取文件成功
2017-03-17T02:56:37: 读取文件成功
2017-03-17T02:56:47: 读取文件成功
2017-03-17T02:56:57: 读取文件成功
2017-03-17T02:57:07: 读取文件成功
2017-03-17T02:57:17: 读取文件成功
2017-03-17T02:57:27: 读取文件成功
2017-03-17T02:57:37: 读取文件成功
2017-03-17T02:57:47: 读取文件成功
2017-03-17T02:57:57: 读取文件成功
2017-03-17T02:58:07: 读取文件成功
2017-03-17T02:58:17: 读取文件成功
2017-03-17T02:58:27: 读取文件成功
2017-03-17T02:58:37: 读取文件成功
2017-03-17T02:58:47: 读取文件成功
2017-03-17T02:58:57: 读取文件成功
2017-03-17T02:59:07: 读取文件成功
2017-03-17T02:59:17: 读取文件成功
2017-03-17T02:59:27: 读取文件成功
2017-03-17T02:59:37: 读取文件成功
2017-03-17T02:59:47: 读取文件成功
2017-03-17T02:59:57: 读取文件成功
2017-03-17T03:00:07: 读取文件成功
2017-03-17T03:00:17: 读取文件成功
2017-03-17T03:00:27: 读取文件成功
2017-03-17T03:00:37: 读取文件成功
2017-03-17T03:00:47: 读取文件成功
2017-03-17T03:00:57: 读取文件成功
2017-03-17T03:01:07: 读取文件成功
2017-03-17T03:01:17: 读取文件成功
2017-03-17T03:01:27: 读取文件成功
2017-03-17T03:01:37: 读取文件成功
2017-03-17T03:01:47: 读取文件成功
2017-03-17T03:01:57: 读取文件成功
2017-03-17T03:02:07: 读取文件成功
2017-03-17T03:02:17: 读取文件成功
2017-03-17T03:02:27: 读取文件成功
2017-03-17T03:02:37: 读取文件成功
2017-03-17T03:02:47: 读取文件成功
2017-03-17T03:02:57: 读取文件成功
2017-03-17T03:03:07: 读取文件成功
2017-03-17T03:03:17: 读取文件成功
2017-03-17T03:03:27: 读取文件成功
2017-03-17T03:03:37: 读取文件成功
2017-03-17T03:03:47: 读取文件成功
2017-03-17T03:03:57: 读取文件成功
2017-03-17T03:04:07: 读取文件成功
2017-03-17T03:04:17: 读取文件成功
2017-03-17T03:04:27: 读取文件成功
2017-03-17T03:04:37: 读取文件成功
2017-03-17T03:04:47: 读取文件成功
2017-03-17T03:04:57: 读取文件成功
2017-03-17T03:05:07: 读取文件成功
2017-03-17T03:05:17: 读取文件成功
2017-03-17T03:05:27: 读取文件成功
2017-03-17T03:05:37: 读取文件成功
2017-03-17T03:05:47: 读取文件成功
2017-03-17T03:05:57: 读取文件成功
2017-03-17T03:06:07: 读取文件成功
2017-03-17T03:06:17: 读取文件成功
2017-03-17T03:06:27: 读取文件成功
2017-03-17T03:06:37: 读取文件成功
2017-03-17T03:06:47: 读取文件成功
2017-03-17T03:06:57: 读取文件成功
2017-03-17T03:07:07: 读取文件成功
2017-03-17T03:07:17: 读取文件成功
2017-03-17T03:07:27: 读取文件成功
2017-03-17T03:07:37: 读取文件成功
2017-03-17T03:07:47: 读取文件成功
2017-03-17T03:07:57: 读取文件成功
2017-03-17T03:08:07: 读取文件成功
2017-03-17T03:08:17: 读取文件成功
2017-03-17T03:08:28: 读取文件成功
2017-03-17T03:08:37: 读取文件成功
2017-03-17T03:08:48: 读取文件成功
2017-03-17T03:08:58: 读取文件成功
2017-03-17T03:09:08: 读取文件成功
2017-03-17T03:09:18: 读取文件成功
2017-03-17T03:09:28: 读取文件成功
2017-03-17T03:09:38: 读取文件成功
2017-03-17T03:09:48: 读取文件成功
2017-03-17T03:09:58: 读取文件成功
2017-03-17T03:10:08: 读取文件成功
2017-03-17T03:10:18: 读取文件成功
2017-03-17T03:10:28: 读取文件成功
2017-03-17T03:10:38: 读取文件成功
2017-03-17T03:10:48: 读取文件成功
2017-03-17T03:10:58: 读取文件成功
2017-03-17T03:11:08: 读取文件成功
2017-03-17T03:11:18: 读取文件成功
2017-03-17T03:11:28: 读取文件成功
2017-03-17T03:11:38: 读取文件成功
2017-03-17T03:11:48: 读取文件成功
2017-03-17T03:11:58: 读取文件成功
2017-03-17T03:12:08: 读取文件成功
2017-03-17T03:12:18: 读取文件成功
2017-03-17T03:12:28: 读取文件成功
2017-03-17T03:12:38: 读取文件成功
2017-03-17T03:12:48: 读取文件成功
2017-03-17T03:12:58: 读取文件成功
2017-03-17T03:13:08: 读取文件成功
2017-03-17T03:13:18: 读取文件成功
2017-03-17T03:13:28: 读取文件成功
2017-03-17T03:13:38: 读取文件成功
2017-03-17T03:13:48: 读取文件成功
2017-03-17T03:13:58: 读取文件成功
2017-03-17T03:14:08: 读取文件成功
2017-03-17T03:14:18: 读取文件成功
2017-03-17T03:14:28: 读取文件成功
2017-03-17T03:14:38: 读取文件成功
2017-03-17T03:14:48: 读取文件成功
2017-03-17T03:14:58: 读取文件成功
2017-03-17T03:15:08: 读取文件成功
2017-03-17T03:15:18: 读取文件成功
2017-03-17T03:15:28: 读取文件成功
2017-03-17T03:15:38: 读取文件成功
2017-03-17T03:15:48: 读取文件成功
2017-03-17T03:15:58: 读取文件成功
2017-03-17T03:16:08: 读取文件成功
2017-03-17T03:16:18: 读取文件成功
2017-03-17T03:16:28: 读取文件成功
2017-03-17T03:16:38: 读取文件成功
2017-03-17T03:16:48: 读取文件成功
2017-03-17T03:16:58: 读取文件成功
2017-03-17T03:17:08: 读取文件成功
2017-03-17T03:17:18: 读取文件成功
2017-03-17T03:17:28: 读取文件成功
2017-03-17T03:17:38: 读取文件成功
2017-03-17T03:17:48: 读取文件成功
2017-03-17T03:17:58: 读取文件成功
2017-03-17T03:18:08: 读取文件成功
2017-03-17T03:18:18: 读取文件成功
2017-03-17T03:18:28: 读取文件成功
2017-03-17T03:18:38: 读取文件成功
2017-03-17T03:18:48: 读取文件成功
2017-03-17T03:18:58: 读取文件成功
2017-03-17T03:19:08: 读取文件成功
2017-03-17T03:19:18: 读取文件成功
2017-03-17T03:19:28: 读取文件成功
2017-03-17T03:19:38: 读取文件成功
2017-03-17T03:19:48: 读取文件成功
2017-03-17T03:19:58: 读取文件成功
2017-03-17T03:20:08: 读取文件成功
2017-03-17T03:20:18: 读取文件成功
2017-03-17T03:20:28: 读取文件成功
2017-03-17T03:20:38: 读取文件成功
2017-03-17T03:20:48: 读取文件成功
2017-03-17T03:20:58: 读取文件成功
2017-03-17T03:21:08: 读取文件成功
2017-03-17T03:21:18: 读取文件成功
2017-03-17T03:21:28: 读取文件成功
2017-03-17T03:21:38: 读取文件成功
2017-03-17T03:21:48: 读取文件成功
2017-03-17T03:21:58: 读取文件成功
2017-03-17T03:22:08: 读取文件成功
2017-03-17T03:22:18: 读取文件成功
2017-03-17T03:22:28: 读取文件成功
2017-03-17T03:22:38: 读取文件成功
2017-03-17T03:22:48: 读取文件成功
2017-03-17T03:22:58: 读取文件成功
2017-03-17T03:23:08: 读取文件成功
2017-03-17T03:23:18: 读取文件成功
2017-03-17T03:23:28: 读取文件成功
2017-03-17T03:23:38: 读取文件成功
2017-03-17T03:23:48: 读取文件成功
2017-03-17T03:23:58: 读取文件成功
2017-03-17T03:24:08: 读取文件成功
2017-03-17T03:24:19: 读取文件成功
2017-03-17T03:24:28: 读取文件成功
2017-03-17T03:24:38: 读取文件成功
2017-03-17T03:24:48: 读取文件成功
2017-03-17T03:24:58: 读取文件成功
2017-03-17T03:25:08: 读取文件成功
2017-03-17T03:25:18: 读取文件成功
2017-03-17T03:25:28: 读取文件成功
2017-03-17T03:25:38: 读取文件成功
2017-03-17T03:25:48: 读取文件成功
2017-03-17T03:25:59: 读取文件成功
2017-03-17T03:26:09: 读取文件成功
2017-03-17T03:26:19: 读取文件成功
2017-03-17T03:26:29: 读取文件成功
2017-03-17T03:26:39: 读取文件成功
2017-03-17T03:26:49: 读取文件成功
2017-03-17T03:26:59: 读取文件成功
2017-03-17T03:27:09: 读取文件成功
2017-03-17T03:27:19: 读取文件成功
2017-03-17T03:27:29: 读取文件成功
2017-03-17T03:27:39: 读取文件成功
2017-03-17T03:27:49: 读取文件成功
2017-03-17T03:27:59: 读取文件成功
2017-03-17T03:28:09: 读取文件成功
2017-03-17T03:28:19: 读取文件成功
2017-03-17T03:28:29: 读取文件成功
2017-03-17T03:28:39: 读取文件成功
2017-03-17T03:28:49: 读取文件成功
2017-03-17T03:28:59: 读取文件成功
2017-03-17T03:29:09: 读取文件成功
2017-03-17T03:29:19: 读取文件成功
2017-03-17T03:29:29: 读取文件成功
2017-03-17T03:29:39: 读取文件成功
2017-03-17T03:29:49: 读取文件成功
2017-03-17T03:29:59: 读取文件成功
2017-03-17T03:30:09: 读取文件成功
2017-03-17T03:30:19: 读取文件成功
2017-03-17T03:30:29: 读取文件成功
2017-03-17T03:30:39: 读取文件成功
2017-03-17T03:30:49: 读取文件成功
2017-03-17T03:30:59: 读取文件成功
2017-03-17T03:31:09: 读取文件成功
2017-03-17T03:31:19: 读取文件成功
2017-03-17T03:31:29: 读取文件成功
2017-03-17T03:31:39: 读取文件成功
2017-03-17T03:31:49: 读取文件成功
2017-03-17T03:31:59: 读取文件成功
2017-03-17T03:32:09: 读取文件成功
2017-03-17T03:32:19: 读取文件成功
2017-03-17T03:32:29: 读取文件成功
2017-03-17T03:32:39: 读取文件成功
2017-03-17T03:32:49: 读取文件成功
2017-03-17T03:32:59: 读取文件成功
2017-03-17T03:33:09: 读取文件成功
2017-03-17T03:33:19: 读取文件成功
2017-03-17T03:33:29: 读取文件成功
2017-03-17T03:33:39: 读取文件成功
2017-03-17T03:33:49: 读取文件成功
2017-03-17T03:33:59: 读取文件成功
2017-03-17T03:34:09: 读取文件成功
2017-03-17T03:34:19: 读取文件成功
2017-03-17T03:34:29: 读取文件成功
2017-03-17T03:34:39: 读取文件成功
2017-03-17T03:34:49: 读取文件成功
2017-03-17T03:34:59: 读取文件成功
2017-03-17T03:35:09: 读取文件成功
2017-03-17T03:35:19: 读取文件成功
2017-03-17T03:35:29: 读取文件成功
2017-03-17T03:35:39: 读取文件成功
2017-03-17T03:35:49: 读取文件成功
2017-03-17T03:35:59: 读取文件成功
2017-03-17T03:36:09: 读取文件成功
2017-03-17T03:36:19: 读取文件成功
2017-03-17T03:36:29: 读取文件成功
2017-03-17T03:36:39: 读取文件成功
2017-03-17T03:36:49: 读取文件成功
2017-03-17T03:36:59: 读取文件成功
2017-03-17T03:37:09: 读取文件成功
2017-03-17T03:37:19: 读取文件成功
2017-03-17T03:37:29: 读取文件成功
2017-03-17T03:37:39: 读取文件成功
2017-03-17T03:37:49: 读取文件成功
2017-03-17T03:37:59: 读取文件成功
2017-03-17T03:38:09: 读取文件成功
2017-03-17T03:38:19: 读取文件成功
2017-03-17T03:38:29: 读取文件成功
2017-03-17T03:38:39: 读取文件成功
2017-03-17T03:38:49: 读取文件成功
2017-03-17T03:38:59: 读取文件成功
2017-03-17T03:39:09: 读取文件成功
2017-03-17T03:39:19: 读取文件成功
2017-03-17T03:39:29: 读取文件成功
2017-03-17T03:39:39: 读取文件成功
2017-03-17T03:39:49: 读取文件成功
2017-03-17T03:39:59: 读取文件成功
2017-03-17T03:40:09: 读取文件成功
2017-03-17T03:40:19: 读取文件成功
2017-03-17T03:40:29: 读取文件成功
2017-03-17T03:40:39: 读取文件成功
2017-03-17T03:40:49: 读取文件成功
2017-03-17T03:40:59: 读取文件成功
2017-03-17T03:41:09: 读取文件成功
2017-03-17T03:41:19: 读取文件成功
2017-03-17T03:41:29: 读取文件成功
2017-03-17T03:41:39: 读取文件成功
2017-03-17T03:41:49: 读取文件成功
2017-03-17T03:41:59: 读取文件成功
2017-03-17T03:42:09: 读取文件成功
2017-03-17T03:42:19: 读取文件成功
2017-03-17T03:42:29: 读取文件成功
2017-03-17T03:42:39: 读取文件成功
2017-03-17T03:42:49: 读取文件成功
2017-03-17T03:42:59: 读取文件成功
2017-03-17T03:43:09: 读取文件成功
2017-03-17T03:43:19: 读取文件成功
2017-03-17T03:43:29: 读取文件成功
2017-03-17T03:43:39: 读取文件成功
2017-03-17T03:43:49: 读取文件成功
2017-03-17T03:43:59: 读取文件成功
2017-03-17T03:44:09: 读取文件成功
2017-03-17T03:44:19: 读取文件成功
2017-03-17T03:44:29: 读取文件成功
2017-03-17T03:44:39: 读取文件成功
2017-03-17T03:44:50: 读取文件成功
2017-03-17T03:44:59: 读取文件成功
2017-03-17T03:45:10: 读取文件成功
2017-03-17T03:45:19: 读取文件成功
2017-03-17T03:45:30: 读取文件成功
2017-03-17T03:45:40: 读取文件成功
2017-03-17T03:45:50: 读取文件成功
2017-03-17T03:46:00: 读取文件成功
2017-03-17T03:46:10: 读取文件成功
2017-03-17T03:46:20: 读取文件成功
2017-03-17T03:46:30: 读取文件成功
2017-03-17T03:46:40: 读取文件成功
2017-03-17T03:46:50: 读取文件成功
2017-03-17T03:47:00: 读取文件成功
2017-03-17T03:47:10: 读取文件成功
2017-03-17T03:47:20: 读取文件成功
2017-03-17T03:47:30: 读取文件成功
2017-03-17T03:47:40: 读取文件成功
2017-03-17T03:47:50: 读取文件成功
2017-03-17T03:48:00: 读取文件成功
2017-03-17T03:48:10: 读取文件成功
2017-03-17T03:48:20: 读取文件成功
2017-03-17T03:48:30: 读取文件成功
2017-03-17T03:48:40: 读取文件成功
2017-03-17T03:48:50: 读取文件成功
2017-03-17T03:49:00: 读取文件成功
2017-03-17T03:49:10: 读取文件成功
2017-03-17T03:49:20: 读取文件成功
2017-03-17T03:49:30: 读取文件成功
2017-03-17T03:49:40: 读取文件成功
2017-03-17T03:49:50: 读取文件成功
2017-03-17T03:50:00: 读取文件成功
2017-03-17T03:50:10: 读取文件成功
2017-03-17T03:50:20: 读取文件成功
2017-03-17T03:50:30: 读取文件成功
2017-03-17T03:50:40: 读取文件成功
2017-03-17T03:50:50: 读取文件成功
2017-03-17T03:51:00: 读取文件成功
2017-03-17T03:51:10: 读取文件成功
2017-03-17T03:51:20: 读取文件成功
2017-03-17T03:51:30: 读取文件成功
2017-03-17T03:51:40: 读取文件成功
2017-03-17T03:51:50: 读取文件成功
2017-03-17T03:52:00: 读取文件成功
2017-03-17T03:52:10: 读取文件成功
2017-03-17T03:52:20: 读取文件成功
2017-03-17T03:52:30: 读取文件成功
2017-03-17T03:52:40: 读取文件成功
2017-03-17T03:52:50: 读取文件成功
2017-03-17T03:53:00: 读取文件成功
2017-03-17T03:53:10: 读取文件成功
2017-03-17T03:53:20: 读取文件成功
2017-03-17T03:53:30: 读取文件成功
2017-03-17T03:53:40: 读取文件成功
2017-03-17T03:53:50: 读取文件成功
2017-03-17T03:54:00: 读取文件成功
2017-03-17T03:54:10: 读取文件成功
2017-03-17T03:54:20: 读取文件成功
2017-03-17T03:54:30: 读取文件成功
2017-03-17T03:54:40: 读取文件成功
2017-03-17T03:54:50: 读取文件成功
2017-03-17T03:55:00: 读取文件成功
2017-03-17T03:55:10: 读取文件成功
2017-03-17T03:55:20: 读取文件成功
2017-03-17T03:55:30: 读取文件成功
2017-03-17T03:55:40: 读取文件成功
2017-03-17T03:55:50: 读取文件成功
2017-03-17T03:56:00: 读取文件成功
2017-03-17T03:56:10: 读取文件成功
2017-03-17T03:56:20: 读取文件成功
2017-03-17T03:56:30: 读取文件成功
2017-03-17T03:56:40: 读取文件成功
2017-03-17T03:56:50: 读取文件成功
2017-03-17T03:57:00: 读取文件成功
2017-03-17T03:57:10: 读取文件成功
2017-03-17T03:57:20: 读取文件成功
2017-03-17T03:57:30: 读取文件成功
2017-03-17T03:57:40: 读取文件成功
2017-03-17T03:57:50: 读取文件成功
2017-03-17T03:58:00: 读取文件成功
2017-03-17T03:58:10: 读取文件成功
2017-03-17T03:58:20: 读取文件成功
2017-03-17T03:58:30: 读取文件成功
2017-03-17T03:58:40: 读取文件成功
2017-03-17T03:58:50: 读取文件成功
2017-03-17T03:59:00: 读取文件成功
2017-03-17T03:59:10: 读取文件成功
2017-03-17T03:59:20: 读取文件成功
2017-03-17T03:59:30: 读取文件成功
2017-03-17T03:59:40: 读取文件成功
2017-03-17T03:59:50: 读取文件成功
2017-03-17T04:00:00: 读取文件成功
2017-03-17T04:00:10: 读取文件成功
2017-03-17T04:00:20: 读取文件成功
2017-03-17T04:00:30: 读取文件成功
2017-03-17T04:00:40: 读取文件成功
2017-03-17T04:00:50: 读取文件成功
2017-03-17T04:01:00: 读取文件成功
2017-03-17T04:01:10: 读取文件成功
2017-03-17T04:01:20: 读取文件成功
2017-03-17T04:01:30: 读取文件成功
2017-03-17T04:01:40: 读取文件成功
2017-03-17T04:01:50: 读取文件成功
2017-03-17T04:02:00: 读取文件成功
2017-03-17T04:02:10: 读取文件成功
2017-03-17T04:02:20: 读取文件成功
2017-03-17T04:02:30: 读取文件成功
2017-03-17T04:02:40: 读取文件成功
2017-03-17T04:02:50: 读取文件成功
2017-03-17T04:03:00: 读取文件成功
2017-03-17T04:03:10: 读取文件成功
2017-03-17T04:03:20: 读取文件成功
2017-03-17T04:03:30: 读取文件成功
2017-03-17T04:03:40: 读取文件成功
2017-03-17T04:03:50: 读取文件成功
2017-03-17T04:04:00: 读取文件成功
2017-03-17T04:04:11: 读取文件成功
2017-03-17T04:04:21: 读取文件成功
2017-03-17T04:04:31: 读取文件成功
2017-03-17T04:04:41: 读取文件成功
2017-03-17T04:04:51: 读取文件成功
2017-03-17T04:05:01: 读取文件成功
2017-03-17T04:05:11: 读取文件成功
2017-03-17T04:05:21: 读取文件成功
2017-03-17T04:05:31: 读取文件成功
2017-03-17T04:05:41: 读取文件成功
2017-03-17T04:05:51: 读取文件成功
2017-03-17T04:06:01: 读取文件成功
2017-03-17T04:06:11: 读取文件成功
2017-03-17T04:06:21: 读取文件成功
2017-03-17T04:06:31: 读取文件成功
2017-03-17T04:06:41: 读取文件成功
2017-03-17T04:06:51: 读取文件成功
2017-03-17T04:07:01: 读取文件成功
2017-03-17T04:07:11: 读取文件成功
2017-03-17T04:07:21: 读取文件成功
2017-03-17T04:07:31: 读取文件成功
2017-03-17T04:07:41: 读取文件成功
2017-03-17T04:07:51: 读取文件成功
2017-03-17T04:08:01: 读取文件成功
2017-03-17T04:08:11: 读取文件成功
2017-03-17T04:08:21: 读取文件成功
2017-03-17T04:08:31: 读取文件成功
2017-03-17T04:08:41: 读取文件成功
2017-03-17T04:08:51: 读取文件成功
2017-03-17T04:09:01: 读取文件成功
2017-03-17T04:09:11: 读取文件成功
2017-03-17T04:09:21: 读取文件成功
2017-03-17T04:09:31: 读取文件成功
2017-03-17T04:09:41: 读取文件成功
2017-03-17T04:09:51: 读取文件成功
2017-03-17T04:10:01: 读取文件成功
2017-03-17T04:10:11: 读取文件成功
2017-03-17T04:10:21: 读取文件成功
2017-03-17T04:10:31: 读取文件成功
2017-03-17T04:10:41: 读取文件成功
2017-03-17T04:10:51: 读取文件成功
2017-03-17T04:11:01: 读取文件成功
2017-03-17T04:11:11: 读取文件成功
2017-03-17T04:11:21: 读取文件成功
2017-03-17T04:11:31: 读取文件成功
2017-03-17T04:11:41: 读取文件成功
2017-03-17T04:11:51: 读取文件成功
2017-03-17T04:12:01: 读取文件成功
2017-03-17T04:12:11: 读取文件成功
2017-03-17T04:12:21: 读取文件成功
2017-03-17T04:12:31: 读取文件成功
2017-03-17T04:12:41: 读取文件成功
2017-03-17T04:12:51: 读取文件成功
2017-03-17T04:13:01: 读取文件成功
2017-03-17T04:13:11: 读取文件成功
2017-03-17T04:13:21: 读取文件成功
2017-03-17T04:13:31: 读取文件成功
2017-03-17T04:13:41: 读取文件成功
2017-03-17T04:13:51: 读取文件成功
2017-03-17T04:14:01: 读取文件成功
2017-03-17T04:14:11: 读取文件成功
2017-03-17T04:14:21: 读取文件成功
2017-03-17T04:14:31: 读取文件成功
2017-03-17T04:14:41: 读取文件成功
2017-03-17T04:14:51: 读取文件成功
2017-03-17T04:15:01: 读取文件成功
2017-03-17T04:15:11: 读取文件成功
2017-03-17T04:15:21: 读取文件成功
2017-03-17T04:15:31: 读取文件成功
2017-03-17T04:15:41: 读取文件成功
2017-03-17T04:15:51: 读取文件成功
2017-03-17T04:16:01: 读取文件成功
2017-03-17T04:16:11: 读取文件成功
2017-03-17T04:16:21: 读取文件成功
2017-03-17T04:16:31: 读取文件成功
2017-03-17T04:16:41: 读取文件成功
2017-03-17T04:16:51: 读取文件成功
2017-03-17T04:17:01: 读取文件成功
2017-03-17T04:17:11: 读取文件成功
2017-03-17T04:17:21: 读取文件成功
2017-03-17T04:17:31: 读取文件成功
2017-03-17T04:17:41: 读取文件成功
2017-03-17T04:17:51: 读取文件成功
2017-03-17T04:18:01: 读取文件成功
2017-03-17T04:18:11: 读取文件成功
2017-03-17T04:18:21: 读取文件成功
2017-03-17T04:18:31: 读取文件成功
2017-03-17T04:18:41: 读取文件成功
2017-03-17T04:18:51: 读取文件成功
2017-03-17T04:19:01: 读取文件成功
2017-03-17T04:19:11: 读取文件成功
2017-03-17T04:19:21: 读取文件成功
2017-03-17T04:19:31: 读取文件成功
2017-03-17T04:19:41: 读取文件成功
2017-03-17T04:19:51: 读取文件成功
2017-03-17T04:20:01: 读取文件成功
2017-03-17T04:20:11: 读取文件成功
2017-03-17T04:20:21: 读取文件成功
2017-03-17T04:20:31: 读取文件成功
2017-03-17T04:20:41: 读取文件成功
2017-03-17T04:20:51: 读取文件成功
2017-03-17T04:21:01: 读取文件成功
2017-03-17T04:21:11: 读取文件成功
2017-03-17T04:21:21: 读取文件成功
2017-03-17T04:21:31: 读取文件成功
2017-03-17T04:21:41: 读取文件成功
2017-03-17T04:21:51: 读取文件成功
2017-03-17T04:22:01: 读取文件成功
2017-03-17T04:22:11: 读取文件成功
2017-03-17T04:22:22: 读取文件成功
2017-03-17T04:22:32: 读取文件成功
2017-03-17T04:22:41: 读取文件成功
2017-03-17T04:22:52: 读取文件成功
2017-03-17T04:23:02: 读取文件成功
2017-03-17T04:23:12: 读取文件成功
2017-03-17T04:23:22: 读取文件成功
2017-03-17T04:23:32: 读取文件成功
2017-03-17T04:23:42: 读取文件成功
2017-03-17T04:23:52: 读取文件成功
2017-03-17T04:24:02: 读取文件成功
2017-03-17T04:24:12: 读取文件成功
2017-03-17T04:24:22: 读取文件成功
2017-03-17T04:24:32: 读取文件成功
2017-03-17T04:24:42: 读取文件成功
2017-03-17T04:24:52: 读取文件成功
2017-03-17T04:25:02: 读取文件成功
2017-03-17T04:25:12: 读取文件成功
2017-03-17T04:25:22: 读取文件成功
2017-03-17T04:25:32: 读取文件成功
2017-03-17T04:25:42: 读取文件成功
2017-03-17T04:25:52: 读取文件成功
2017-03-17T04:26:02: 读取文件成功
2017-03-17T04:26:12: 读取文件成功
2017-03-17T04:26:22: 读取文件成功
2017-03-17T04:26:32: 读取文件成功
2017-03-17T04:26:42: 读取文件成功
2017-03-17T04:26:52: 读取文件成功
2017-03-17T04:27:02: 读取文件成功
2017-03-17T04:27:12: 读取文件成功
2017-03-17T04:27:22: 读取文件成功
2017-03-17T04:27:32: 读取文件成功
2017-03-17T04:27:42: 读取文件成功
2017-03-17T04:27:52: 读取文件成功
2017-03-17T04:28:02: 读取文件成功
2017-03-17T04:28:12: 读取文件成功
2017-03-17T04:28:22: 读取文件成功
2017-03-17T04:28:32: 读取文件成功
2017-03-17T04:28:42: 读取文件成功
2017-03-17T04:28:52: 读取文件成功
2017-03-17T04:29:02: 读取文件成功
2017-03-17T04:29:12: 读取文件成功
2017-03-17T04:29:22: 读取文件成功
2017-03-17T04:29:32: 读取文件成功
2017-03-17T04:29:42: 读取文件成功
2017-03-17T04:29:52: 读取文件成功
2017-03-17T04:30:02: 读取文件成功
2017-03-17T04:30:12: 读取文件成功
2017-03-17T04:30:22: 读取文件成功
2017-03-17T04:30:32: 读取文件成功
2017-03-17T04:30:42: 读取文件成功
2017-03-17T04:30:52: 读取文件成功
2017-03-17T04:31:02: 读取文件成功
2017-03-17T04:31:12: 读取文件成功
2017-03-17T04:31:22: 读取文件成功
2017-03-17T04:31:32: 读取文件成功
2017-03-17T04:31:42: 读取文件成功
2017-03-17T04:31:52: 读取文件成功
2017-03-17T04:32:02: 读取文件成功
2017-03-17T04:32:12: 读取文件成功
2017-03-17T04:32:22: 读取文件成功
2017-03-17T04:32:32: 读取文件成功
2017-03-17T04:32:42: 读取文件成功
2017-03-17T04:32:52: 读取文件成功
2017-03-17T04:33:02: 读取文件成功
2017-03-17T04:33:12: 读取文件成功
2017-03-17T04:33:22: 读取文件成功
2017-03-17T04:33:32: 读取文件成功
2017-03-17T04:33:42: 读取文件成功
2017-03-17T04:33:52: 读取文件成功
2017-03-17T04:34:02: 读取文件成功
2017-03-17T04:34:12: 读取文件成功
2017-03-17T04:34:22: 读取文件成功
2017-03-17T04:34:32: 读取文件成功
2017-03-17T04:34:42: 读取文件成功
2017-03-17T04:34:52: 读取文件成功
2017-03-17T04:35:02: 读取文件成功
2017-03-17T04:35:12: 读取文件成功
2017-03-17T04:35:22: 读取文件成功
2017-03-17T04:35:32: 读取文件成功
2017-03-17T04:35:42: 读取文件成功
2017-03-17T04:35:52: 读取文件成功
2017-03-17T04:36:02: 读取文件成功
2017-03-17T04:36:12: 读取文件成功
2017-03-17T04:36:22: 读取文件成功
2017-03-17T04:36:32: 读取文件成功
2017-03-17T04:36:42: 读取文件成功
2017-03-17T04:36:52: 读取文件成功
2017-03-17T04:37:02: 读取文件成功
2017-03-17T04:37:12: 读取文件成功
2017-03-17T04:37:22: 读取文件成功
2017-03-17T04:37:32: 读取文件成功
2017-03-17T04:37:42: 读取文件成功
2017-03-17T04:37:52: 读取文件成功
2017-03-17T04:38:02: 读取文件成功
2017-03-17T04:38:12: 读取文件成功
2017-03-17T04:38:22: 读取文件成功
2017-03-17T04:38:32: 读取文件成功
2017-03-17T04:38:42: 读取文件成功
2017-03-17T04:38:52: 读取文件成功
2017-03-17T04:39:02: 读取文件成功
2017-03-17T04:39:12: 读取文件成功
2017-03-17T04:39:22: 读取文件成功
2017-03-17T04:39:32: 读取文件成功
2017-03-17T04:39:42: 读取文件成功
2017-03-17T04:39:52: 读取文件成功
2017-03-17T04:40:02: 读取文件成功
2017-03-17T04:40:12: 读取文件成功
2017-03-17T04:40:22: 读取文件成功
2017-03-17T04:40:32: 读取文件成功
2017-03-17T04:40:42: 读取文件成功
2017-03-17T04:40:52: 读取文件成功
2017-03-17T04:41:02: 读取文件成功
2017-03-17T04:41:13: 读取文件成功
2017-03-17T04:41:22: 读取文件成功
2017-03-17T04:41:32: 读取文件成功
2017-03-17T04:41:42: 读取文件成功
2017-03-17T04:41:52: 读取文件成功
2017-03-17T04:42:02: 读取文件成功
2017-03-17T04:42:12: 读取文件成功
2017-03-17T04:42:22: 读取文件成功
2017-03-17T04:42:32: 读取文件成功
2017-03-17T04:42:42: 读取文件成功
2017-03-17T04:42:52: 读取文件成功
2017-03-17T04:43:03: 读取文件成功
2017-03-17T04:43:12: 读取文件成功
2017-03-17T04:43:23: 读取文件成功
2017-03-17T04:43:33: 读取文件成功
2017-03-17T04:43:43: 读取文件成功
2017-03-17T04:43:53: 读取文件成功
2017-03-17T04:44:03: 读取文件成功
2017-03-17T04:44:13: 读取文件成功
2017-03-17T04:44:23: 读取文件成功
2017-03-17T04:44:33: 读取文件成功
2017-03-17T04:44:43: 读取文件成功
2017-03-17T04:44:53: 读取文件成功
2017-03-17T04:45:03: 读取文件成功
2017-03-17T04:45:13: 读取文件成功
2017-03-17T04:45:23: 读取文件成功
2017-03-17T04:45:33: 读取文件成功
2017-03-17T04:45:43: 读取文件成功
2017-03-17T04:45:53: 读取文件成功
2017-03-17T04:46:03: 读取文件成功
2017-03-17T04:46:13: 读取文件成功
2017-03-17T04:46:23: 读取文件成功
2017-03-17T04:46:33: 读取文件成功
2017-03-17T04:46:43: 读取文件成功
2017-03-17T04:46:53: 读取文件成功
2017-03-17T04:47:03: 读取文件成功
2017-03-17T04:47:13: 读取文件成功
2017-03-17T04:47:23: 读取文件成功
2017-03-17T04:47:33: 读取文件成功
2017-03-17T04:47:43: 读取文件成功
2017-03-17T04:47:53: 读取文件成功
2017-03-17T04:48:03: 读取文件成功
2017-03-17T04:48:13: 读取文件成功
2017-03-17T04:48:23: 读取文件成功
2017-03-17T04:48:33: 读取文件成功
2017-03-17T04:48:43: 读取文件成功
2017-03-17T04:48:53: 读取文件成功
2017-03-17T04:49:03: 读取文件成功
2017-03-17T04:49:13: 读取文件成功
2017-03-17T04:49:23: 读取文件成功
2017-03-17T04:49:33: 读取文件成功
2017-03-17T04:49:43: 读取文件成功
2017-03-17T04:49:53: 读取文件成功
2017-03-17T04:50:03: 读取文件成功
2017-03-17T04:50:13: 读取文件成功
2017-03-17T04:50:23: 读取文件成功
2017-03-17T04:50:33: 读取文件成功
2017-03-17T04:50:43: 读取文件成功
2017-03-17T04:50:53: 读取文件成功
2017-03-17T04:51:03: 读取文件成功
2017-03-17T04:51:13: 读取文件成功
2017-03-17T04:51:23: 读取文件成功
2017-03-17T04:51:33: 读取文件成功
2017-03-17T04:51:43: 读取文件成功
2017-03-17T04:51:53: 读取文件成功
2017-03-17T04:52:03: 读取文件成功
2017-03-17T04:52:13: 读取文件成功
2017-03-17T04:52:23: 读取文件成功
2017-03-17T04:52:33: 读取文件成功
2017-03-17T04:52:43: 读取文件成功
2017-03-17T04:52:53: 读取文件成功
2017-03-17T04:53:03: 读取文件成功
2017-03-17T04:53:13: 读取文件成功
2017-03-17T04:53:23: 读取文件成功
2017-03-17T04:53:33: 读取文件成功
2017-03-17T04:53:43: 读取文件成功
2017-03-17T04:53:53: 读取文件成功
2017-03-17T04:54:03: 读取文件成功
2017-03-17T04:54:13: 读取文件成功
2017-03-17T04:54:23: 读取文件成功
2017-03-17T04:54:33: 读取文件成功
2017-03-17T04:54:43: 读取文件成功
2017-03-17T04:54:53: 读取文件成功
2017-03-17T04:55:03: 读取文件成功
2017-03-17T04:55:13: 读取文件成功
2017-03-17T04:55:23: 读取文件成功
2017-03-17T04:55:33: 读取文件成功
2017-03-17T04:55:43: 读取文件成功
2017-03-17T04:55:53: 读取文件成功
2017-03-17T04:56:03: 读取文件成功
2017-03-17T04:56:13: 读取文件成功
2017-03-17T04:56:23: 读取文件成功
2017-03-17T04:56:33: 读取文件成功
2017-03-17T04:56:43: 读取文件成功
2017-03-17T04:56:53: 读取文件成功
2017-03-17T04:57:03: 读取文件成功
2017-03-17T04:57:13: 读取文件成功
2017-03-17T04:57:23: 读取文件成功
2017-03-17T04:57:33: 读取文件成功
2017-03-17T04:57:43: 读取文件成功
2017-03-17T04:57:53: 读取文件成功
2017-03-17T04:58:03: 读取文件成功
2017-03-17T04:58:13: 读取文件成功
2017-03-17T04:58:23: 读取文件成功
2017-03-17T04:58:33: 读取文件成功
2017-03-17T04:58:43: 读取文件成功
2017-03-17T04:58:53: 读取文件成功
2017-03-17T04:59:03: 读取文件成功
