2017-02-06T00:00:02: 非记录时间：2017-02-06T00:00:02+08:00
2017-02-06T00:00:12: 非记录时间：2017-02-06T00:00:12+08:00
2017-02-06T00:00:22: 非记录时间：2017-02-06T00:00:22+08:00
2017-02-06T00:00:32: 非记录时间：2017-02-06T00:00:32+08:00
2017-02-06T00:00:42: 非记录时间：2017-02-06T00:00:42+08:00
2017-02-06T00:00:52: 非记录时间：2017-02-06T00:00:52+08:00
2017-02-06T00:01:02: 非记录时间：2017-02-06T00:01:02+08:00
2017-02-06T00:01:12: 非记录时间：2017-02-06T00:01:12+08:00
2017-02-06T00:01:22: 非记录时间：2017-02-06T00:01:22+08:00
2017-02-06T00:01:32: 非记录时间：2017-02-06T00:01:32+08:00
2017-02-06T00:01:42: 非记录时间：2017-02-06T00:01:42+08:00
2017-02-06T00:01:52: 非记录时间：2017-02-06T00:01:52+08:00
2017-02-06T00:02:02: 非记录时间：2017-02-06T00:02:02+08:00
2017-02-06T00:02:12: 非记录时间：2017-02-06T00:02:12+08:00
2017-02-06T00:02:22: 非记录时间：2017-02-06T00:02:22+08:00
2017-02-06T00:02:32: 非记录时间：2017-02-06T00:02:32+08:00
2017-02-06T00:02:42: 非记录时间：2017-02-06T00:02:42+08:00
2017-02-06T00:02:52: 非记录时间：2017-02-06T00:02:52+08:00
2017-02-06T00:03:02: 非记录时间：2017-02-06T00:03:02+08:00
2017-02-06T00:03:12: 非记录时间：2017-02-06T00:03:12+08:00
2017-02-06T00:03:22: 非记录时间：2017-02-06T00:03:22+08:00
2017-02-06T00:03:32: 非记录时间：2017-02-06T00:03:32+08:00
2017-02-06T00:03:42: 非记录时间：2017-02-06T00:03:42+08:00
2017-02-06T00:03:52: 非记录时间：2017-02-06T00:03:52+08:00
2017-02-06T00:04:02: 非记录时间：2017-02-06T00:04:02+08:00
2017-02-06T00:04:12: 非记录时间：2017-02-06T00:04:12+08:00
2017-02-06T00:04:22: 非记录时间：2017-02-06T00:04:22+08:00
2017-02-06T00:04:32: 非记录时间：2017-02-06T00:04:32+08:00
2017-02-06T00:04:42: 非记录时间：2017-02-06T00:04:42+08:00
2017-02-06T00:04:52: 非记录时间：2017-02-06T00:04:52+08:00
2017-02-06T00:05:02: 非记录时间：2017-02-06T00:05:02+08:00
2017-02-06T00:05:12: 非记录时间：2017-02-06T00:05:12+08:00
2017-02-06T00:05:22: 非记录时间：2017-02-06T00:05:22+08:00
2017-02-06T00:05:32: 非记录时间：2017-02-06T00:05:32+08:00
2017-02-06T00:05:42: 非记录时间：2017-02-06T00:05:42+08:00
2017-02-06T00:05:52: 非记录时间：2017-02-06T00:05:52+08:00
2017-02-06T00:06:02: 非记录时间：2017-02-06T00:06:02+08:00
2017-02-06T00:06:12: 非记录时间：2017-02-06T00:06:12+08:00
2017-02-06T00:06:22: 非记录时间：2017-02-06T00:06:22+08:00
2017-02-06T00:06:32: 非记录时间：2017-02-06T00:06:32+08:00
2017-02-06T00:06:42: 非记录时间：2017-02-06T00:06:42+08:00
2017-02-06T00:06:52: 非记录时间：2017-02-06T00:06:52+08:00
2017-02-06T00:07:02: 非记录时间：2017-02-06T00:07:02+08:00
2017-02-06T00:07:12: 非记录时间：2017-02-06T00:07:12+08:00
2017-02-06T00:07:22: 非记录时间：2017-02-06T00:07:22+08:00
2017-02-06T00:07:32: 非记录时间：2017-02-06T00:07:32+08:00
2017-02-06T00:07:42: 非记录时间：2017-02-06T00:07:42+08:00
2017-02-06T00:07:52: 非记录时间：2017-02-06T00:07:52+08:00
2017-02-06T00:08:02: 非记录时间：2017-02-06T00:08:02+08:00
2017-02-06T00:08:12: 非记录时间：2017-02-06T00:08:12+08:00
2017-02-06T00:08:22: 非记录时间：2017-02-06T00:08:22+08:00
2017-02-06T00:08:32: 非记录时间：2017-02-06T00:08:32+08:00
2017-02-06T00:08:42: 非记录时间：2017-02-06T00:08:42+08:00
2017-02-06T00:08:52: 非记录时间：2017-02-06T00:08:52+08:00
2017-02-06T00:09:02: 非记录时间：2017-02-06T00:09:02+08:00
2017-02-06T00:09:12: 非记录时间：2017-02-06T00:09:12+08:00
2017-02-06T00:09:22: 非记录时间：2017-02-06T00:09:22+08:00
2017-02-06T00:09:32: 非记录时间：2017-02-06T00:09:32+08:00
2017-02-06T00:09:42: 非记录时间：2017-02-06T00:09:42+08:00
2017-02-06T00:09:52: 非记录时间：2017-02-06T00:09:52+08:00
2017-02-06T00:10:02: 非记录时间：2017-02-06T00:10:02+08:00
2017-02-06T00:10:12: 非记录时间：2017-02-06T00:10:12+08:00
2017-02-06T00:10:22: 非记录时间：2017-02-06T00:10:22+08:00
2017-02-06T00:10:32: 非记录时间：2017-02-06T00:10:32+08:00
2017-02-06T00:10:42: 非记录时间：2017-02-06T00:10:42+08:00
2017-02-06T00:10:52: 非记录时间：2017-02-06T00:10:52+08:00
2017-02-06T00:11:02: 非记录时间：2017-02-06T00:11:02+08:00
2017-02-06T00:11:12: 非记录时间：2017-02-06T00:11:12+08:00
2017-02-06T00:11:23: 非记录时间：2017-02-06T00:11:22+08:00
2017-02-06T00:11:33: 非记录时间：2017-02-06T00:11:33+08:00
2017-02-06T00:11:43: 非记录时间：2017-02-06T00:11:43+08:00
2017-02-06T00:11:53: 非记录时间：2017-02-06T00:11:53+08:00
2017-02-06T00:12:03: 非记录时间：2017-02-06T00:12:03+08:00
2017-02-06T00:12:13: 非记录时间：2017-02-06T00:12:13+08:00
2017-02-06T00:12:23: 非记录时间：2017-02-06T00:12:23+08:00
2017-02-06T00:12:33: 非记录时间：2017-02-06T00:12:33+08:00
2017-02-06T00:12:43: 非记录时间：2017-02-06T00:12:43+08:00
2017-02-06T00:12:53: 非记录时间：2017-02-06T00:12:53+08:00
2017-02-06T00:13:03: 非记录时间：2017-02-06T00:13:03+08:00
2017-02-06T00:13:13: 非记录时间：2017-02-06T00:13:13+08:00
2017-02-06T00:13:23: 非记录时间：2017-02-06T00:13:23+08:00
2017-02-06T00:13:33: 非记录时间：2017-02-06T00:13:33+08:00
2017-02-06T00:13:43: 非记录时间：2017-02-06T00:13:43+08:00
2017-02-06T00:13:53: 非记录时间：2017-02-06T00:13:53+08:00
2017-02-06T00:14:03: 非记录时间：2017-02-06T00:14:03+08:00
2017-02-06T00:14:13: 非记录时间：2017-02-06T00:14:13+08:00
2017-02-06T00:14:23: 非记录时间：2017-02-06T00:14:23+08:00
2017-02-06T00:14:33: 非记录时间：2017-02-06T00:14:33+08:00
2017-02-06T00:14:43: 非记录时间：2017-02-06T00:14:43+08:00
2017-02-06T00:14:53: 非记录时间：2017-02-06T00:14:53+08:00
2017-02-06T00:15:03: 非记录时间：2017-02-06T00:15:03+08:00
2017-02-06T00:15:13: 非记录时间：2017-02-06T00:15:13+08:00
2017-02-06T00:15:23: 非记录时间：2017-02-06T00:15:23+08:00
2017-02-06T00:15:33: 非记录时间：2017-02-06T00:15:33+08:00
2017-02-06T00:15:43: 非记录时间：2017-02-06T00:15:43+08:00
2017-02-06T00:15:53: 非记录时间：2017-02-06T00:15:53+08:00
2017-02-06T00:16:03: 非记录时间：2017-02-06T00:16:03+08:00
2017-02-06T00:16:13: 非记录时间：2017-02-06T00:16:13+08:00
2017-02-06T00:16:23: 非记录时间：2017-02-06T00:16:23+08:00
2017-02-06T00:16:33: 非记录时间：2017-02-06T00:16:33+08:00
2017-02-06T00:16:43: 非记录时间：2017-02-06T00:16:43+08:00
2017-02-06T00:16:53: 非记录时间：2017-02-06T00:16:53+08:00
2017-02-06T00:17:03: 非记录时间：2017-02-06T00:17:03+08:00
2017-02-06T00:17:13: 非记录时间：2017-02-06T00:17:13+08:00
2017-02-06T00:17:23: 非记录时间：2017-02-06T00:17:23+08:00
2017-02-06T00:17:33: 非记录时间：2017-02-06T00:17:33+08:00
2017-02-06T00:17:43: 非记录时间：2017-02-06T00:17:43+08:00
2017-02-06T00:17:53: 非记录时间：2017-02-06T00:17:53+08:00
2017-02-06T00:18:03: 非记录时间：2017-02-06T00:18:03+08:00
2017-02-06T00:18:13: 非记录时间：2017-02-06T00:18:13+08:00
2017-02-06T00:18:23: 非记录时间：2017-02-06T00:18:23+08:00
2017-02-06T00:18:33: 非记录时间：2017-02-06T00:18:33+08:00
2017-02-06T00:18:43: 非记录时间：2017-02-06T00:18:43+08:00
2017-02-06T00:18:53: 非记录时间：2017-02-06T00:18:53+08:00
2017-02-06T00:19:03: 非记录时间：2017-02-06T00:19:03+08:00
2017-02-06T00:19:13: 非记录时间：2017-02-06T00:19:13+08:00
2017-02-06T00:19:23: 非记录时间：2017-02-06T00:19:23+08:00
2017-02-06T00:19:33: 非记录时间：2017-02-06T00:19:33+08:00
2017-02-06T00:19:43: 非记录时间：2017-02-06T00:19:43+08:00
2017-02-06T00:19:53: 非记录时间：2017-02-06T00:19:53+08:00
2017-02-06T00:20:03: 非记录时间：2017-02-06T00:20:03+08:00
2017-02-06T00:20:13: 非记录时间：2017-02-06T00:20:13+08:00
2017-02-06T00:20:23: 非记录时间：2017-02-06T00:20:23+08:00
2017-02-06T00:20:33: 非记录时间：2017-02-06T00:20:33+08:00
2017-02-06T00:20:43: 非记录时间：2017-02-06T00:20:43+08:00
2017-02-06T00:20:53: 非记录时间：2017-02-06T00:20:53+08:00
2017-02-06T00:21:03: 非记录时间：2017-02-06T00:21:03+08:00
2017-02-06T00:21:13: 非记录时间：2017-02-06T00:21:13+08:00
2017-02-06T00:21:23: 非记录时间：2017-02-06T00:21:23+08:00
2017-02-06T00:21:33: 非记录时间：2017-02-06T00:21:33+08:00
2017-02-06T00:21:43: 非记录时间：2017-02-06T00:21:43+08:00
2017-02-06T00:21:53: 非记录时间：2017-02-06T00:21:53+08:00
2017-02-06T00:22:03: 非记录时间：2017-02-06T00:22:03+08:00
2017-02-06T00:22:13: 非记录时间：2017-02-06T00:22:13+08:00
2017-02-06T00:22:23: 非记录时间：2017-02-06T00:22:23+08:00
2017-02-06T00:22:33: 非记录时间：2017-02-06T00:22:33+08:00
2017-02-06T00:22:43: 非记录时间：2017-02-06T00:22:43+08:00
2017-02-06T00:22:53: 非记录时间：2017-02-06T00:22:53+08:00
2017-02-06T00:23:03: 非记录时间：2017-02-06T00:23:03+08:00
2017-02-06T00:23:13: 非记录时间：2017-02-06T00:23:13+08:00
2017-02-06T00:23:23: 非记录时间：2017-02-06T00:23:23+08:00
2017-02-06T00:23:33: 非记录时间：2017-02-06T00:23:33+08:00
2017-02-06T00:23:43: 非记录时间：2017-02-06T00:23:43+08:00
2017-02-06T00:23:53: 非记录时间：2017-02-06T00:23:53+08:00
2017-02-06T00:24:03: 非记录时间：2017-02-06T00:24:03+08:00
2017-02-06T00:24:13: 非记录时间：2017-02-06T00:24:13+08:00
2017-02-06T00:24:23: 非记录时间：2017-02-06T00:24:23+08:00
2017-02-06T00:24:33: 非记录时间：2017-02-06T00:24:33+08:00
2017-02-06T00:24:43: 非记录时间：2017-02-06T00:24:43+08:00
2017-02-06T00:24:53: 非记录时间：2017-02-06T00:24:53+08:00
2017-02-06T00:25:03: 非记录时间：2017-02-06T00:25:03+08:00
2017-02-06T00:25:13: 非记录时间：2017-02-06T00:25:13+08:00
2017-02-06T00:25:23: 非记录时间：2017-02-06T00:25:23+08:00
2017-02-06T00:25:33: 非记录时间：2017-02-06T00:25:33+08:00
2017-02-06T00:25:43: 非记录时间：2017-02-06T00:25:43+08:00
2017-02-06T00:25:53: 非记录时间：2017-02-06T00:25:53+08:00
2017-02-06T00:26:03: 非记录时间：2017-02-06T00:26:03+08:00
2017-02-06T00:26:13: 非记录时间：2017-02-06T00:26:13+08:00
2017-02-06T00:26:23: 非记录时间：2017-02-06T00:26:23+08:00
2017-02-06T00:26:33: 非记录时间：2017-02-06T00:26:33+08:00
2017-02-06T00:26:43: 非记录时间：2017-02-06T00:26:43+08:00
2017-02-06T00:26:53: 非记录时间：2017-02-06T00:26:53+08:00
2017-02-06T00:27:03: 非记录时间：2017-02-06T00:27:03+08:00
2017-02-06T00:27:13: 非记录时间：2017-02-06T00:27:13+08:00
2017-02-06T00:27:23: 非记录时间：2017-02-06T00:27:23+08:00
2017-02-06T00:27:33: 非记录时间：2017-02-06T00:27:33+08:00
2017-02-06T00:27:43: 非记录时间：2017-02-06T00:27:43+08:00
2017-02-06T00:27:53: 非记录时间：2017-02-06T00:27:53+08:00
2017-02-06T00:28:03: 非记录时间：2017-02-06T00:28:03+08:00
2017-02-06T00:28:13: 非记录时间：2017-02-06T00:28:13+08:00
2017-02-06T00:28:23: 非记录时间：2017-02-06T00:28:23+08:00
2017-02-06T00:28:33: 非记录时间：2017-02-06T00:28:33+08:00
2017-02-06T00:28:43: 非记录时间：2017-02-06T00:28:43+08:00
2017-02-06T00:28:53: 非记录时间：2017-02-06T00:28:53+08:00
2017-02-06T00:29:03: 非记录时间：2017-02-06T00:29:03+08:00
2017-02-06T00:29:13: 非记录时间：2017-02-06T00:29:13+08:00
2017-02-06T00:29:23: 非记录时间：2017-02-06T00:29:23+08:00
2017-02-06T00:29:33: 非记录时间：2017-02-06T00:29:33+08:00
2017-02-06T00:29:43: 非记录时间：2017-02-06T00:29:43+08:00
2017-02-06T00:29:53: 非记录时间：2017-02-06T00:29:53+08:00
2017-02-06T00:30:03: 非记录时间：2017-02-06T00:30:03+08:00
2017-02-06T00:30:13: 非记录时间：2017-02-06T00:30:13+08:00
2017-02-06T00:30:23: 非记录时间：2017-02-06T00:30:23+08:00
2017-02-06T00:30:33: 非记录时间：2017-02-06T00:30:33+08:00
2017-02-06T00:30:43: 非记录时间：2017-02-06T00:30:43+08:00
2017-02-06T00:30:53: 非记录时间：2017-02-06T00:30:53+08:00
2017-02-06T00:31:03: 非记录时间：2017-02-06T00:31:03+08:00
2017-02-06T00:31:13: 非记录时间：2017-02-06T00:31:13+08:00
2017-02-06T00:31:23: 非记录时间：2017-02-06T00:31:23+08:00
2017-02-06T00:31:33: 非记录时间：2017-02-06T00:31:33+08:00
2017-02-06T00:31:43: 非记录时间：2017-02-06T00:31:43+08:00
2017-02-06T00:31:53: 非记录时间：2017-02-06T00:31:53+08:00
2017-02-06T00:32:03: 非记录时间：2017-02-06T00:32:03+08:00
2017-02-06T00:32:13: 非记录时间：2017-02-06T00:32:13+08:00
2017-02-06T00:32:23: 非记录时间：2017-02-06T00:32:23+08:00
2017-02-06T00:32:33: 非记录时间：2017-02-06T00:32:33+08:00
2017-02-06T00:32:43: 非记录时间：2017-02-06T00:32:43+08:00
2017-02-06T00:32:53: 非记录时间：2017-02-06T00:32:53+08:00
2017-02-06T00:33:03: 非记录时间：2017-02-06T00:33:03+08:00
2017-02-06T00:33:13: 非记录时间：2017-02-06T00:33:13+08:00
2017-02-06T00:33:23: 非记录时间：2017-02-06T00:33:23+08:00
2017-02-06T00:33:33: 非记录时间：2017-02-06T00:33:33+08:00
2017-02-06T00:33:43: 非记录时间：2017-02-06T00:33:43+08:00
2017-02-06T00:33:53: 非记录时间：2017-02-06T00:33:53+08:00
2017-02-06T00:34:03: 非记录时间：2017-02-06T00:34:03+08:00
2017-02-06T00:34:13: 非记录时间：2017-02-06T00:34:13+08:00
2017-02-06T00:34:23: 非记录时间：2017-02-06T00:34:23+08:00
2017-02-06T00:34:33: 非记录时间：2017-02-06T00:34:33+08:00
2017-02-06T00:34:43: 非记录时间：2017-02-06T00:34:43+08:00
2017-02-06T00:34:53: 非记录时间：2017-02-06T00:34:53+08:00
2017-02-06T00:35:03: 非记录时间：2017-02-06T00:35:03+08:00
2017-02-06T00:35:13: 非记录时间：2017-02-06T00:35:13+08:00
2017-02-06T00:35:23: 非记录时间：2017-02-06T00:35:23+08:00
2017-02-06T00:35:33: 非记录时间：2017-02-06T00:35:33+08:00
2017-02-06T00:35:43: 非记录时间：2017-02-06T00:35:43+08:00
2017-02-06T00:35:53: 非记录时间：2017-02-06T00:35:53+08:00
2017-02-06T00:36:03: 非记录时间：2017-02-06T00:36:03+08:00
2017-02-06T00:36:13: 非记录时间：2017-02-06T00:36:13+08:00
2017-02-06T00:36:23: 非记录时间：2017-02-06T00:36:23+08:00
2017-02-06T00:36:33: 非记录时间：2017-02-06T00:36:33+08:00
2017-02-06T00:36:43: 非记录时间：2017-02-06T00:36:43+08:00
2017-02-06T00:36:53: 非记录时间：2017-02-06T00:36:53+08:00
2017-02-06T00:37:03: 非记录时间：2017-02-06T00:37:03+08:00
2017-02-06T00:37:13: 非记录时间：2017-02-06T00:37:13+08:00
2017-02-06T00:37:23: 非记录时间：2017-02-06T00:37:23+08:00
2017-02-06T00:37:33: 非记录时间：2017-02-06T00:37:33+08:00
2017-02-06T00:37:43: 非记录时间：2017-02-06T00:37:43+08:00
2017-02-06T00:37:53: 非记录时间：2017-02-06T00:37:53+08:00
2017-02-06T00:38:03: 非记录时间：2017-02-06T00:38:03+08:00
2017-02-06T00:38:13: 非记录时间：2017-02-06T00:38:13+08:00
2017-02-06T00:38:23: 非记录时间：2017-02-06T00:38:23+08:00
2017-02-06T00:38:33: 非记录时间：2017-02-06T00:38:33+08:00
2017-02-06T00:38:43: 非记录时间：2017-02-06T00:38:43+08:00
2017-02-06T00:38:53: 非记录时间：2017-02-06T00:38:53+08:00
2017-02-06T00:39:03: 非记录时间：2017-02-06T00:39:03+08:00
2017-02-06T00:39:13: 非记录时间：2017-02-06T00:39:13+08:00
2017-02-06T00:39:23: 非记录时间：2017-02-06T00:39:23+08:00
2017-02-06T00:39:33: 非记录时间：2017-02-06T00:39:33+08:00
2017-02-06T00:39:43: 非记录时间：2017-02-06T00:39:43+08:00
2017-02-06T00:39:53: 非记录时间：2017-02-06T00:39:53+08:00
2017-02-06T00:40:03: 非记录时间：2017-02-06T00:40:03+08:00
2017-02-06T00:40:13: 非记录时间：2017-02-06T00:40:13+08:00
2017-02-06T00:40:23: 非记录时间：2017-02-06T00:40:23+08:00
2017-02-06T00:40:33: 非记录时间：2017-02-06T00:40:33+08:00
2017-02-06T00:40:43: 非记录时间：2017-02-06T00:40:43+08:00
2017-02-06T00:40:53: 非记录时间：2017-02-06T00:40:53+08:00
2017-02-06T00:41:03: 非记录时间：2017-02-06T00:41:03+08:00
2017-02-06T00:41:13: 非记录时间：2017-02-06T00:41:13+08:00
2017-02-06T00:41:23: 非记录时间：2017-02-06T00:41:23+08:00
2017-02-06T00:41:33: 非记录时间：2017-02-06T00:41:33+08:00
2017-02-06T00:41:43: 非记录时间：2017-02-06T00:41:43+08:00
2017-02-06T00:41:53: 非记录时间：2017-02-06T00:41:53+08:00
2017-02-06T00:42:03: 非记录时间：2017-02-06T00:42:03+08:00
2017-02-06T00:42:13: 非记录时间：2017-02-06T00:42:13+08:00
2017-02-06T00:42:23: 非记录时间：2017-02-06T00:42:23+08:00
2017-02-06T00:42:33: 非记录时间：2017-02-06T00:42:33+08:00
2017-02-06T00:42:43: 非记录时间：2017-02-06T00:42:43+08:00
2017-02-06T00:42:53: 非记录时间：2017-02-06T00:42:53+08:00
2017-02-06T00:43:03: 非记录时间：2017-02-06T00:43:03+08:00
2017-02-06T00:43:13: 非记录时间：2017-02-06T00:43:13+08:00
2017-02-06T00:43:23: 非记录时间：2017-02-06T00:43:23+08:00
2017-02-06T00:43:33: 非记录时间：2017-02-06T00:43:33+08:00
2017-02-06T00:43:43: 非记录时间：2017-02-06T00:43:43+08:00
2017-02-06T00:43:53: 非记录时间：2017-02-06T00:43:53+08:00
2017-02-06T00:44:03: 非记录时间：2017-02-06T00:44:03+08:00
2017-02-06T00:44:13: 非记录时间：2017-02-06T00:44:13+08:00
2017-02-06T00:44:23: 非记录时间：2017-02-06T00:44:23+08:00
2017-02-06T00:44:33: 非记录时间：2017-02-06T00:44:33+08:00
2017-02-06T00:44:43: 非记录时间：2017-02-06T00:44:43+08:00
2017-02-06T00:44:53: 非记录时间：2017-02-06T00:44:53+08:00
2017-02-06T00:45:03: 非记录时间：2017-02-06T00:45:03+08:00
2017-02-06T00:45:13: 非记录时间：2017-02-06T00:45:13+08:00
2017-02-06T00:45:23: 非记录时间：2017-02-06T00:45:23+08:00
2017-02-06T00:45:33: 非记录时间：2017-02-06T00:45:33+08:00
2017-02-06T00:45:43: 非记录时间：2017-02-06T00:45:43+08:00
2017-02-06T00:45:53: 非记录时间：2017-02-06T00:45:53+08:00
2017-02-06T00:46:03: 非记录时间：2017-02-06T00:46:03+08:00
2017-02-06T00:46:13: 非记录时间：2017-02-06T00:46:13+08:00
2017-02-06T00:46:23: 非记录时间：2017-02-06T00:46:23+08:00
2017-02-06T00:46:33: 非记录时间：2017-02-06T00:46:33+08:00
2017-02-06T00:46:43: 非记录时间：2017-02-06T00:46:43+08:00
2017-02-06T00:46:53: 非记录时间：2017-02-06T00:46:53+08:00
2017-02-06T00:47:03: 非记录时间：2017-02-06T00:47:03+08:00
2017-02-06T00:47:13: 非记录时间：2017-02-06T00:47:13+08:00
2017-02-06T00:47:23: 非记录时间：2017-02-06T00:47:23+08:00
2017-02-06T00:47:33: 非记录时间：2017-02-06T00:47:33+08:00
2017-02-06T00:47:43: 非记录时间：2017-02-06T00:47:43+08:00
2017-02-06T00:47:53: 非记录时间：2017-02-06T00:47:53+08:00
2017-02-06T00:48:03: 非记录时间：2017-02-06T00:48:03+08:00
2017-02-06T00:48:13: 非记录时间：2017-02-06T00:48:13+08:00
2017-02-06T00:48:23: 非记录时间：2017-02-06T00:48:23+08:00
2017-02-06T00:48:33: 非记录时间：2017-02-06T00:48:33+08:00
2017-02-06T00:48:43: 非记录时间：2017-02-06T00:48:43+08:00
2017-02-06T00:48:53: 非记录时间：2017-02-06T00:48:53+08:00
2017-02-06T00:49:03: 非记录时间：2017-02-06T00:49:03+08:00
2017-02-06T00:49:13: 非记录时间：2017-02-06T00:49:13+08:00
2017-02-06T00:49:23: 非记录时间：2017-02-06T00:49:23+08:00
2017-02-06T00:49:33: 非记录时间：2017-02-06T00:49:33+08:00
2017-02-06T00:49:43: 非记录时间：2017-02-06T00:49:43+08:00
2017-02-06T00:49:53: 非记录时间：2017-02-06T00:49:53+08:00
2017-02-06T00:50:03: 非记录时间：2017-02-06T00:50:03+08:00
2017-02-06T00:50:13: 非记录时间：2017-02-06T00:50:13+08:00
2017-02-06T00:50:23: 非记录时间：2017-02-06T00:50:23+08:00
2017-02-06T00:50:33: 非记录时间：2017-02-06T00:50:33+08:00
2017-02-06T00:50:43: 非记录时间：2017-02-06T00:50:43+08:00
2017-02-06T00:50:53: 非记录时间：2017-02-06T00:50:53+08:00
2017-02-06T00:51:03: 非记录时间：2017-02-06T00:51:03+08:00
2017-02-06T00:51:13: 非记录时间：2017-02-06T00:51:13+08:00
2017-02-06T00:51:23: 非记录时间：2017-02-06T00:51:23+08:00
2017-02-06T00:51:33: 非记录时间：2017-02-06T00:51:33+08:00
2017-02-06T00:51:43: 非记录时间：2017-02-06T00:51:43+08:00
2017-02-06T00:51:53: 非记录时间：2017-02-06T00:51:53+08:00
2017-02-06T00:52:03: 非记录时间：2017-02-06T00:52:03+08:00
2017-02-06T00:52:13: 非记录时间：2017-02-06T00:52:13+08:00
2017-02-06T00:52:23: 非记录时间：2017-02-06T00:52:23+08:00
2017-02-06T00:52:33: 非记录时间：2017-02-06T00:52:33+08:00
2017-02-06T00:52:43: 非记录时间：2017-02-06T00:52:43+08:00
2017-02-06T00:52:53: 非记录时间：2017-02-06T00:52:53+08:00
2017-02-06T00:53:03: 非记录时间：2017-02-06T00:53:03+08:00
2017-02-06T00:53:13: 非记录时间：2017-02-06T00:53:13+08:00
2017-02-06T00:53:23: 非记录时间：2017-02-06T00:53:23+08:00
2017-02-06T00:53:33: 非记录时间：2017-02-06T00:53:33+08:00
2017-02-06T00:53:43: 非记录时间：2017-02-06T00:53:43+08:00
2017-02-06T00:53:53: 非记录时间：2017-02-06T00:53:53+08:00
2017-02-06T00:54:03: 非记录时间：2017-02-06T00:54:03+08:00
2017-02-06T00:54:13: 非记录时间：2017-02-06T00:54:13+08:00
2017-02-06T00:54:23: 非记录时间：2017-02-06T00:54:23+08:00
2017-02-06T00:54:33: 非记录时间：2017-02-06T00:54:33+08:00
2017-02-06T00:54:43: 非记录时间：2017-02-06T00:54:43+08:00
2017-02-06T00:54:53: 非记录时间：2017-02-06T00:54:53+08:00
2017-02-06T00:55:03: 非记录时间：2017-02-06T00:55:03+08:00
2017-02-06T00:55:13: 非记录时间：2017-02-06T00:55:13+08:00
2017-02-06T00:55:23: 非记录时间：2017-02-06T00:55:23+08:00
2017-02-06T00:55:33: 非记录时间：2017-02-06T00:55:33+08:00
2017-02-06T00:55:43: 非记录时间：2017-02-06T00:55:43+08:00
2017-02-06T00:55:53: 非记录时间：2017-02-06T00:55:53+08:00
2017-02-06T00:56:03: 非记录时间：2017-02-06T00:56:03+08:00
2017-02-06T00:56:13: 非记录时间：2017-02-06T00:56:13+08:00
2017-02-06T00:56:23: 非记录时间：2017-02-06T00:56:23+08:00
2017-02-06T00:56:33: 非记录时间：2017-02-06T00:56:33+08:00
2017-02-06T00:56:43: 非记录时间：2017-02-06T00:56:43+08:00
2017-02-06T00:56:53: 非记录时间：2017-02-06T00:56:53+08:00
2017-02-06T00:57:03: 非记录时间：2017-02-06T00:57:03+08:00
2017-02-06T00:57:13: 非记录时间：2017-02-06T00:57:13+08:00
2017-02-06T00:57:23: 非记录时间：2017-02-06T00:57:23+08:00
2017-02-06T00:57:33: 非记录时间：2017-02-06T00:57:33+08:00
2017-02-06T00:57:43: 非记录时间：2017-02-06T00:57:43+08:00
2017-02-06T00:57:53: 非记录时间：2017-02-06T00:57:53+08:00
2017-02-06T00:58:03: 非记录时间：2017-02-06T00:58:03+08:00
2017-02-06T00:58:13: 非记录时间：2017-02-06T00:58:13+08:00
2017-02-06T00:58:23: 非记录时间：2017-02-06T00:58:23+08:00
2017-02-06T00:58:33: 非记录时间：2017-02-06T00:58:33+08:00
2017-02-06T00:58:43: 非记录时间：2017-02-06T00:58:43+08:00
2017-02-06T00:58:53: 非记录时间：2017-02-06T00:58:53+08:00
2017-02-06T00:59:03: 非记录时间：2017-02-06T00:59:03+08:00
2017-02-06T00:59:13: 非记录时间：2017-02-06T00:59:13+08:00
2017-02-06T00:59:23: 非记录时间：2017-02-06T00:59:23+08:00
2017-02-06T00:59:33: 非记录时间：2017-02-06T00:59:33+08:00
2017-02-06T00:59:43: 非记录时间：2017-02-06T00:59:43+08:00
2017-02-06T00:59:53: 非记录时间：2017-02-06T00:59:53+08:00
2017-02-06T01:00:03: 非记录时间：2017-02-06T01:00:03+08:00
2017-02-06T01:00:13: 非记录时间：2017-02-06T01:00:13+08:00
2017-02-06T01:00:23: 非记录时间：2017-02-06T01:00:23+08:00
2017-02-06T01:00:33: 非记录时间：2017-02-06T01:00:33+08:00
2017-02-06T01:00:43: 非记录时间：2017-02-06T01:00:43+08:00
2017-02-06T01:00:53: 非记录时间：2017-02-06T01:00:53+08:00
2017-02-06T01:01:03: 非记录时间：2017-02-06T01:01:03+08:00
2017-02-06T01:01:13: 非记录时间：2017-02-06T01:01:13+08:00
2017-02-06T01:01:23: 非记录时间：2017-02-06T01:01:23+08:00
2017-02-06T01:01:33: 非记录时间：2017-02-06T01:01:33+08:00
2017-02-06T01:01:43: 非记录时间：2017-02-06T01:01:43+08:00
2017-02-06T01:01:53: 非记录时间：2017-02-06T01:01:53+08:00
2017-02-06T01:02:03: 非记录时间：2017-02-06T01:02:03+08:00
2017-02-06T01:02:13: 非记录时间：2017-02-06T01:02:13+08:00
2017-02-06T01:02:23: 非记录时间：2017-02-06T01:02:23+08:00
2017-02-06T01:02:33: 非记录时间：2017-02-06T01:02:33+08:00
2017-02-06T01:02:43: 非记录时间：2017-02-06T01:02:43+08:00
2017-02-06T01:02:53: 非记录时间：2017-02-06T01:02:53+08:00
2017-02-06T01:03:03: 非记录时间：2017-02-06T01:03:03+08:00
2017-02-06T01:03:13: 非记录时间：2017-02-06T01:03:13+08:00
2017-02-06T01:03:23: 非记录时间：2017-02-06T01:03:23+08:00
2017-02-06T01:03:33: 非记录时间：2017-02-06T01:03:33+08:00
2017-02-06T01:03:43: 非记录时间：2017-02-06T01:03:43+08:00
2017-02-06T01:03:53: 非记录时间：2017-02-06T01:03:53+08:00
2017-02-06T01:04:03: 非记录时间：2017-02-06T01:04:03+08:00
2017-02-06T01:04:13: 非记录时间：2017-02-06T01:04:13+08:00
2017-02-06T01:04:23: 非记录时间：2017-02-06T01:04:23+08:00
2017-02-06T01:04:33: 非记录时间：2017-02-06T01:04:33+08:00
2017-02-06T01:04:43: 非记录时间：2017-02-06T01:04:43+08:00
2017-02-06T01:04:53: 非记录时间：2017-02-06T01:04:53+08:00
2017-02-06T01:05:03: 非记录时间：2017-02-06T01:05:03+08:00
2017-02-06T01:05:13: 非记录时间：2017-02-06T01:05:13+08:00
2017-02-06T01:05:23: 非记录时间：2017-02-06T01:05:23+08:00
2017-02-06T01:05:33: 非记录时间：2017-02-06T01:05:33+08:00
2017-02-06T01:05:43: 非记录时间：2017-02-06T01:05:43+08:00
2017-02-06T01:05:53: 非记录时间：2017-02-06T01:05:53+08:00
2017-02-06T01:06:03: 非记录时间：2017-02-06T01:06:03+08:00
2017-02-06T01:06:13: 非记录时间：2017-02-06T01:06:13+08:00
2017-02-06T01:06:23: 非记录时间：2017-02-06T01:06:23+08:00
2017-02-06T01:06:33: 非记录时间：2017-02-06T01:06:33+08:00
2017-02-06T01:06:43: 非记录时间：2017-02-06T01:06:43+08:00
2017-02-06T01:06:53: 非记录时间：2017-02-06T01:06:53+08:00
2017-02-06T01:07:03: 非记录时间：2017-02-06T01:07:03+08:00
2017-02-06T01:07:13: 非记录时间：2017-02-06T01:07:13+08:00
2017-02-06T01:07:23: 非记录时间：2017-02-06T01:07:23+08:00
2017-02-06T01:07:33: 非记录时间：2017-02-06T01:07:33+08:00
2017-02-06T01:07:43: 非记录时间：2017-02-06T01:07:43+08:00
2017-02-06T01:07:53: 非记录时间：2017-02-06T01:07:53+08:00
2017-02-06T01:08:03: 非记录时间：2017-02-06T01:08:03+08:00
2017-02-06T01:08:13: 非记录时间：2017-02-06T01:08:13+08:00
2017-02-06T01:08:23: 非记录时间：2017-02-06T01:08:23+08:00
2017-02-06T01:08:33: 非记录时间：2017-02-06T01:08:33+08:00
2017-02-06T01:08:43: 非记录时间：2017-02-06T01:08:43+08:00
2017-02-06T01:08:53: 非记录时间：2017-02-06T01:08:53+08:00
2017-02-06T01:09:03: 非记录时间：2017-02-06T01:09:03+08:00
2017-02-06T01:09:13: 非记录时间：2017-02-06T01:09:13+08:00
2017-02-06T01:09:23: 非记录时间：2017-02-06T01:09:23+08:00
2017-02-06T01:09:33: 非记录时间：2017-02-06T01:09:33+08:00
2017-02-06T01:09:43: 非记录时间：2017-02-06T01:09:43+08:00
2017-02-06T01:09:53: 非记录时间：2017-02-06T01:09:53+08:00
2017-02-06T01:10:03: 非记录时间：2017-02-06T01:10:03+08:00
2017-02-06T01:10:13: 非记录时间：2017-02-06T01:10:13+08:00
2017-02-06T01:10:23: 非记录时间：2017-02-06T01:10:23+08:00
2017-02-06T01:10:33: 非记录时间：2017-02-06T01:10:33+08:00
2017-02-06T01:10:43: 非记录时间：2017-02-06T01:10:43+08:00
2017-02-06T01:10:53: 非记录时间：2017-02-06T01:10:53+08:00
2017-02-06T01:11:04: 读取文件失败，可能是该文件不存在
2017-02-06T01:11:04: Error: ENOENT: no such file or directory, open './data/2017-02-06.json'
2017-02-06T01:11:14: 读取文件成功
2017-02-06T01:11:24: 读取文件成功
2017-02-06T01:11:34: 读取文件成功
2017-02-06T01:11:44: 读取文件成功
2017-02-06T01:11:54: 读取文件成功
2017-02-06T01:12:04: 读取文件成功
2017-02-06T01:12:15: 读取文件成功
2017-02-06T01:12:24: 读取文件成功
2017-02-06T01:12:36: 读取文件成功
2017-02-06T01:12:44: 读取文件成功
2017-02-06T01:12:54: 读取文件成功
2017-02-06T01:13:04: 读取文件成功
2017-02-06T01:13:14: 读取文件成功
2017-02-06T01:13:24: 读取文件成功
2017-02-06T01:13:34: 读取文件成功
2017-02-06T01:13:44: 读取文件成功
2017-02-06T01:13:54: 读取文件成功
2017-02-06T01:14:05: 读取文件成功
2017-02-06T01:14:14: 读取文件成功
2017-02-06T01:14:24: 读取文件成功
2017-02-06T01:14:34: 读取文件成功
2017-02-06T01:14:44: 读取文件成功
2017-02-06T01:14:54: 读取文件成功
2017-02-06T01:15:04: 读取文件成功
2017-02-06T01:15:14: 读取文件成功
2017-02-06T01:15:25: 读取文件成功
2017-02-06T01:15:34: 读取文件成功
2017-02-06T01:15:44: 读取文件成功
2017-02-06T01:15:54: 读取文件成功
2017-02-06T01:16:04: 读取文件成功
2017-02-06T01:16:14: 读取文件成功
2017-02-06T01:16:24: 读取文件成功
2017-02-06T01:16:34: 读取文件成功
2017-02-06T01:16:44: 读取文件成功
2017-02-06T01:16:54: 读取文件成功
2017-02-06T01:17:05: 读取文件成功
2017-02-06T01:17:14: 读取文件成功
2017-02-06T01:17:25: 读取文件成功
2017-02-06T01:17:36: 读取文件成功
2017-02-06T01:17:44: 读取文件成功
2017-02-06T01:17:54: 读取文件成功
2017-02-06T01:18:06: 读取文件成功
2017-02-06T01:18:14: 读取文件成功
2017-02-06T01:18:24: 读取文件成功
2017-02-06T01:18:34: 读取文件成功
2017-02-06T01:18:44: 读取文件成功
2017-02-06T01:18:54: 读取文件成功
2017-02-06T01:19:04: 读取文件成功
2017-02-06T01:19:14: 读取文件成功
2017-02-06T01:19:24: 读取文件成功
2017-02-06T01:19:34: 读取文件成功
2017-02-06T01:19:44: 读取文件成功
2017-02-06T01:19:54: 读取文件成功
2017-02-06T01:20:04: 读取文件成功
2017-02-06T01:20:15: 读取文件成功
2017-02-06T01:20:25: 读取文件成功
2017-02-06T01:20:35: 读取文件成功
2017-02-06T01:20:45: 读取文件成功
2017-02-06T01:20:55: 读取文件成功
2017-02-06T01:21:05: 读取文件成功
2017-02-06T01:21:15: 读取文件成功
2017-02-06T01:21:25: 读取文件成功
2017-02-06T01:21:35: 读取文件成功
2017-02-06T01:21:45: 读取文件成功
2017-02-06T01:21:56: 读取文件成功
2017-02-06T01:22:05: 读取文件成功
2017-02-06T01:22:15: 读取文件成功
2017-02-06T01:22:25: 读取文件成功
2017-02-06T01:22:35: 读取文件成功
2017-02-06T01:22:45: 读取文件成功
2017-02-06T01:22:55: 读取文件成功
2017-02-06T01:23:05: 读取文件成功
2017-02-06T01:23:15: 读取文件成功
2017-02-06T01:23:25: 读取文件成功
2017-02-06T01:23:35: 读取文件成功
2017-02-06T01:23:45: 读取文件成功
2017-02-06T01:23:55: 读取文件成功
2017-02-06T01:24:05: 读取文件成功
2017-02-06T01:24:15: 读取文件成功
2017-02-06T01:24:25: 读取文件成功
2017-02-06T01:24:36: 读取文件成功
2017-02-06T01:24:45: 读取文件成功
2017-02-06T01:24:55: 读取文件成功
2017-02-06T01:25:05: 读取文件成功
2017-02-06T01:25:15: 读取文件成功
2017-02-06T01:25:25: 读取文件成功
2017-02-06T01:25:35: 读取文件成功
2017-02-06T01:25:45: 读取文件成功
2017-02-06T01:25:55: 读取文件成功
2017-02-06T01:26:05: 读取文件成功
2017-02-06T01:26:15: 读取文件成功
2017-02-06T01:26:25: 读取文件成功
2017-02-06T01:26:36: 读取文件成功
2017-02-06T01:26:45: 读取文件成功
2017-02-06T01:26:55: 读取文件成功
2017-02-06T01:27:05: 读取文件成功
2017-02-06T01:27:15: 读取文件成功
2017-02-06T01:27:25: 读取文件成功
2017-02-06T01:27:35: 读取文件成功
2017-02-06T01:27:45: 读取文件成功
2017-02-06T01:27:55: 读取文件成功
2017-02-06T01:28:05: 读取文件成功
2017-02-06T01:28:15: 读取文件成功
2017-02-06T01:28:26: 读取文件成功
2017-02-06T01:28:35: 读取文件成功
2017-02-06T01:28:45: 读取文件成功
2017-02-06T01:28:55: 读取文件成功
2017-02-06T01:29:05: 读取文件成功
2017-02-06T01:29:15: 读取文件成功
2017-02-06T01:29:25: 读取文件成功
2017-02-06T01:29:35: 读取文件成功
2017-02-06T01:29:45: 读取文件成功
2017-02-06T01:29:55: 读取文件成功
2017-02-06T01:30:05: 读取文件成功
2017-02-06T01:30:15: 读取文件成功
2017-02-06T01:30:25: 读取文件成功
2017-02-06T01:30:35: 读取文件成功
2017-02-06T01:30:45: 读取文件成功
2017-02-06T01:30:55: 读取文件成功
2017-02-06T01:31:05: 读取文件成功
2017-02-06T01:31:15: 读取文件成功
2017-02-06T01:31:25: 读取文件成功
2017-02-06T01:31:35: 读取文件成功
2017-02-06T01:31:46: 读取文件成功
2017-02-06T01:31:55: 读取文件成功
2017-02-06T01:32:05: 读取文件成功
2017-02-06T01:32:15: 读取文件成功
2017-02-06T01:32:25: 读取文件成功
2017-02-06T01:32:35: 读取文件成功
2017-02-06T01:32:45: 读取文件成功
2017-02-06T01:32:55: 读取文件成功
2017-02-06T01:33:05: 读取文件成功
2017-02-06T01:33:15: 读取文件成功
2017-02-06T01:33:26: 读取文件成功
2017-02-06T01:33:35: 读取文件成功
2017-02-06T01:33:45: 读取文件成功
2017-02-06T01:33:55: 读取文件成功
2017-02-06T01:34:05: 读取文件成功
2017-02-06T01:34:15: 读取文件成功
2017-02-06T01:34:25: 读取文件成功
2017-02-06T01:34:35: 读取文件成功
2017-02-06T01:34:45: 读取文件成功
2017-02-06T01:34:55: 读取文件成功
2017-02-06T01:35:06: 读取文件成功
2017-02-06T01:35:15: 读取文件成功
2017-02-06T01:35:25: 读取文件成功
2017-02-06T01:35:35: 读取文件成功
2017-02-06T01:35:45: 读取文件成功
2017-02-06T01:35:55: 读取文件成功
2017-02-06T01:36:05: 读取文件成功
2017-02-06T01:36:15: 读取文件成功
2017-02-06T01:36:25: 读取文件成功
2017-02-06T01:36:35: 读取文件成功
2017-02-06T01:36:46: 读取文件成功
2017-02-06T01:36:55: 读取文件成功
2017-02-06T01:37:05: 读取文件成功
2017-02-06T01:37:15: 读取文件成功
2017-02-06T01:37:25: 读取文件成功
2017-02-06T01:37:35: 读取文件成功
2017-02-06T01:37:47: 读取文件成功
2017-02-06T01:37:56: 读取文件成功
2017-02-06T01:38:06: 读取文件成功
2017-02-06T01:38:16: 读取文件成功
2017-02-06T01:38:26: 读取文件成功
2017-02-06T01:38:36: 读取文件成功
2017-02-06T01:38:46: 读取文件成功
2017-02-06T01:38:56: 读取文件成功
2017-02-06T01:39:06: 读取文件成功
2017-02-06T01:39:16: 读取文件成功
2017-02-06T01:39:26: 读取文件成功
2017-02-06T01:39:36: 读取文件成功
2017-02-06T01:39:46: 读取文件成功
2017-02-06T01:39:56: 读取文件成功
2017-02-06T01:40:06: 读取文件成功
2017-02-06T01:40:16: 读取文件成功
2017-02-06T01:40:26: 读取文件成功
2017-02-06T01:40:36: 读取文件成功
2017-02-06T01:40:46: 读取文件成功
2017-02-06T01:40:56: 读取文件成功
2017-02-06T01:41:06: 读取文件成功
2017-02-06T01:41:16: 读取文件成功
2017-02-06T01:41:26: 读取文件成功
2017-02-06T01:41:36: 读取文件成功
2017-02-06T01:41:46: 读取文件成功
2017-02-06T01:41:56: 读取文件成功
2017-02-06T01:42:06: 读取文件成功
2017-02-06T01:42:16: 读取文件成功
2017-02-06T01:42:26: 读取文件成功
2017-02-06T01:42:36: 读取文件成功
2017-02-06T01:42:46: 读取文件成功
2017-02-06T01:42:56: 读取文件成功
2017-02-06T01:43:06: 读取文件成功
2017-02-06T01:43:16: 读取文件成功
2017-02-06T01:43:26: 读取文件成功
2017-02-06T01:43:36: 读取文件成功
2017-02-06T01:43:46: 读取文件成功
2017-02-06T01:43:56: 读取文件成功
2017-02-06T01:44:06: 读取文件成功
2017-02-06T01:44:16: 读取文件成功
2017-02-06T01:44:26: 读取文件成功
2017-02-06T01:44:36: 读取文件成功
2017-02-06T01:44:46: 读取文件成功
2017-02-06T01:44:56: 读取文件成功
2017-02-06T01:45:06: 读取文件成功
2017-02-06T01:45:16: 读取文件成功
2017-02-06T01:45:26: 读取文件成功
2017-02-06T01:45:36: 读取文件成功
2017-02-06T01:45:46: 读取文件成功
2017-02-06T01:45:56: 读取文件成功
2017-02-06T01:46:06: 读取文件成功
2017-02-06T01:46:16: 读取文件成功
2017-02-06T01:46:26: 读取文件成功
2017-02-06T01:46:36: 读取文件成功
2017-02-06T01:46:46: 读取文件成功
2017-02-06T01:46:56: 读取文件成功
2017-02-06T01:47:06: 读取文件成功
2017-02-06T01:47:17: 读取文件成功
2017-02-06T01:47:26: 读取文件成功
2017-02-06T01:47:36: 读取文件成功
2017-02-06T01:47:46: 读取文件成功
2017-02-06T01:47:56: 读取文件成功
2017-02-06T01:48:06: 读取文件成功
2017-02-06T01:48:16: 读取文件成功
2017-02-06T01:48:26: 读取文件成功
2017-02-06T01:48:36: 读取文件成功
2017-02-06T01:48:46: 读取文件成功
2017-02-06T01:48:56: 读取文件成功
2017-02-06T01:49:06: 读取文件成功
2017-02-06T01:49:16: 读取文件成功
2017-02-06T01:49:26: 读取文件成功
2017-02-06T01:49:36: 读取文件成功
2017-02-06T01:49:46: 读取文件成功
2017-02-06T01:49:56: 读取文件成功
2017-02-06T01:50:07: 读取文件成功
2017-02-06T01:50:16: 读取文件成功
2017-02-06T01:50:26: 读取文件成功
2017-02-06T01:50:36: 读取文件成功
2017-02-06T01:50:46: 读取文件成功
2017-02-06T01:50:56: 读取文件成功
2017-02-06T01:51:06: 读取文件成功
2017-02-06T01:51:16: 读取文件成功
2017-02-06T01:51:26: 读取文件成功
2017-02-06T01:51:36: 读取文件成功
2017-02-06T01:51:47: 读取文件成功
2017-02-06T01:51:56: 读取文件成功
2017-02-06T01:52:06: 读取文件成功
2017-02-06T01:52:16: 读取文件成功
2017-02-06T01:52:26: 读取文件成功
2017-02-06T01:52:36: 读取文件成功
2017-02-06T01:52:46: 读取文件成功
2017-02-06T01:52:56: 读取文件成功
2017-02-06T01:53:06: 读取文件成功
2017-02-06T01:53:16: 读取文件成功
2017-02-06T01:53:26: 读取文件成功
2017-02-06T01:53:36: 读取文件成功
2017-02-06T01:53:46: 读取文件成功
2017-02-06T01:53:56: 读取文件成功
2017-02-06T01:54:06: 读取文件成功
2017-02-06T01:54:16: 读取文件成功
2017-02-06T01:54:26: 读取文件成功
2017-02-06T01:54:36: 读取文件成功
2017-02-06T01:54:46: 读取文件成功
2017-02-06T01:54:56: 读取文件成功
2017-02-06T01:55:06: 读取文件成功
2017-02-06T01:55:16: 读取文件成功
2017-02-06T01:55:26: 读取文件成功
2017-02-06T01:55:36: 读取文件成功
2017-02-06T01:55:47: 读取文件成功
2017-02-06T01:55:57: 读取文件成功
2017-02-06T01:56:07: 读取文件成功
2017-02-06T01:56:17: 读取文件成功
2017-02-06T01:56:27: 读取文件成功
2017-02-06T01:56:37: 读取文件成功
2017-02-06T01:56:47: 读取文件成功
2017-02-06T01:56:57: 读取文件成功
2017-02-06T01:57:07: 读取文件成功
2017-02-06T01:57:17: 读取文件成功
2017-02-06T01:57:27: 读取文件成功
2017-02-06T01:57:37: 读取文件成功
2017-02-06T01:57:47: 读取文件成功
2017-02-06T01:57:57: 读取文件成功
2017-02-06T01:58:07: 读取文件成功
2017-02-06T01:58:17: 读取文件成功
2017-02-06T01:58:27: 读取文件成功
2017-02-06T01:58:37: 读取文件成功
2017-02-06T01:58:47: 读取文件成功
2017-02-06T01:58:57: 读取文件成功
2017-02-06T01:59:07: 读取文件成功
2017-02-06T01:59:17: 读取文件成功
2017-02-06T01:59:27: 读取文件成功
2017-02-06T01:59:37: 读取文件成功
2017-02-06T01:59:47: 读取文件成功
2017-02-06T01:59:57: 读取文件成功
2017-02-06T02:00:07: 读取文件成功
2017-02-06T02:00:17: 读取文件成功
2017-02-06T02:00:27: 读取文件成功
2017-02-06T02:00:37: 读取文件成功
2017-02-06T02:00:47: 读取文件成功
2017-02-06T02:00:57: 读取文件成功
2017-02-06T02:01:07: 读取文件成功
2017-02-06T02:01:17: 读取文件成功
2017-02-06T02:01:27: 读取文件成功
2017-02-06T02:01:37: 读取文件成功
2017-02-06T02:01:47: 读取文件成功
2017-02-06T02:01:57: 读取文件成功
2017-02-06T02:02:07: 读取文件成功
2017-02-06T02:02:17: 读取文件成功
2017-02-06T02:02:27: 读取文件成功
2017-02-06T02:02:37: 读取文件成功
2017-02-06T02:02:47: 读取文件成功
2017-02-06T02:02:57: 读取文件成功
2017-02-06T02:03:07: 读取文件成功
2017-02-06T02:03:17: 读取文件成功
2017-02-06T02:03:27: 读取文件成功
2017-02-06T02:03:37: 读取文件成功
2017-02-06T02:03:47: 读取文件成功
2017-02-06T02:03:57: 读取文件成功
2017-02-06T02:04:07: 读取文件成功
2017-02-06T02:04:17: 读取文件成功
2017-02-06T02:04:27: 读取文件成功
2017-02-06T02:04:37: 读取文件成功
2017-02-06T02:04:47: 读取文件成功
2017-02-06T02:04:57: 读取文件成功
2017-02-06T02:05:07: 读取文件成功
2017-02-06T02:05:17: 读取文件成功
2017-02-06T02:05:27: 读取文件成功
2017-02-06T02:05:37: 读取文件成功
2017-02-06T02:05:47: 读取文件成功
2017-02-06T02:05:57: 读取文件成功
2017-02-06T02:06:07: 读取文件成功
2017-02-06T02:06:17: 读取文件成功
2017-02-06T02:06:27: 读取文件成功
2017-02-06T02:06:37: 读取文件成功
2017-02-06T02:06:47: 读取文件成功
2017-02-06T02:06:57: 读取文件成功
2017-02-06T02:07:07: 读取文件成功
2017-02-06T02:07:17: 读取文件成功
2017-02-06T02:07:27: 读取文件成功
2017-02-06T02:07:37: 读取文件成功
2017-02-06T02:07:47: 读取文件成功
2017-02-06T02:07:57: 读取文件成功
2017-02-06T02:08:07: 读取文件成功
2017-02-06T02:08:17: 读取文件成功
2017-02-06T02:08:27: 读取文件成功
2017-02-06T02:08:37: 读取文件成功
2017-02-06T02:08:47: 读取文件成功
2017-02-06T02:08:57: 读取文件成功
2017-02-06T02:09:07: 读取文件成功
2017-02-06T02:09:17: 读取文件成功
2017-02-06T02:09:27: 读取文件成功
2017-02-06T02:09:37: 读取文件成功
2017-02-06T02:09:47: 读取文件成功
2017-02-06T02:09:57: 读取文件成功
2017-02-06T02:10:07: 读取文件成功
2017-02-06T02:10:17: 读取文件成功
2017-02-06T02:10:27: 读取文件成功
2017-02-06T02:10:37: 读取文件成功
2017-02-06T02:10:47: 读取文件成功
2017-02-06T02:10:57: 读取文件成功
2017-02-06T02:11:07: 读取文件成功
2017-02-06T02:11:17: 读取文件成功
2017-02-06T02:11:27: 读取文件成功
2017-02-06T02:11:37: 读取文件成功
2017-02-06T02:11:47: 读取文件成功
2017-02-06T02:11:57: 读取文件成功
2017-02-06T02:12:07: 读取文件成功
2017-02-06T02:12:17: 读取文件成功
2017-02-06T02:12:27: 读取文件成功
2017-02-06T02:12:38: 读取文件成功
2017-02-06T02:12:48: 读取文件成功
2017-02-06T02:12:57: 读取文件成功
2017-02-06T02:13:08: 读取文件成功
2017-02-06T02:13:18: 读取文件成功
2017-02-06T02:13:28: 读取文件成功
2017-02-06T02:13:38: 读取文件成功
2017-02-06T02:13:48: 读取文件成功
2017-02-06T02:13:58: 读取文件成功
2017-02-06T02:14:08: 读取文件成功
2017-02-06T02:14:18: 读取文件成功
2017-02-06T02:14:28: 读取文件成功
2017-02-06T02:14:38: 读取文件成功
2017-02-06T02:14:48: 读取文件成功
2017-02-06T02:14:58: 读取文件成功
2017-02-06T02:15:08: 读取文件成功
2017-02-06T02:15:18: 读取文件成功
2017-02-06T02:15:28: 读取文件成功
2017-02-06T02:15:38: 读取文件成功
2017-02-06T02:15:48: 读取文件成功
2017-02-06T02:15:58: 读取文件成功
2017-02-06T02:16:08: 读取文件成功
2017-02-06T02:16:18: 读取文件成功
2017-02-06T02:16:28: 读取文件成功
2017-02-06T02:16:38: 读取文件成功
2017-02-06T02:16:48: 读取文件成功
2017-02-06T02:16:58: 读取文件成功
2017-02-06T02:17:08: 读取文件成功
2017-02-06T02:17:18: 读取文件成功
2017-02-06T02:17:28: 读取文件成功
2017-02-06T02:17:38: 读取文件成功
2017-02-06T02:17:48: 读取文件成功
2017-02-06T02:17:58: 读取文件成功
2017-02-06T02:18:08: 读取文件成功
2017-02-06T02:18:18: 读取文件成功
2017-02-06T02:18:28: 读取文件成功
2017-02-06T02:18:38: 读取文件成功
2017-02-06T02:18:48: 读取文件成功
2017-02-06T02:18:58: 读取文件成功
2017-02-06T02:19:08: 读取文件成功
2017-02-06T02:19:18: 读取文件成功
2017-02-06T02:19:28: 读取文件成功
2017-02-06T02:19:38: 读取文件成功
2017-02-06T02:19:48: 读取文件成功
2017-02-06T02:19:58: 读取文件成功
2017-02-06T02:20:08: 读取文件成功
2017-02-06T02:20:18: 读取文件成功
2017-02-06T02:20:28: 读取文件成功
2017-02-06T02:20:38: 读取文件成功
2017-02-06T02:20:48: 读取文件成功
2017-02-06T02:20:58: 读取文件成功
2017-02-06T02:21:08: 读取文件成功
2017-02-06T02:21:18: 读取文件成功
2017-02-06T02:21:28: 读取文件成功
2017-02-06T02:21:38: 读取文件成功
2017-02-06T02:21:48: 读取文件成功
2017-02-06T02:21:58: 读取文件成功
2017-02-06T02:22:08: 读取文件成功
2017-02-06T02:22:18: 读取文件成功
2017-02-06T02:22:28: 读取文件成功
2017-02-06T02:22:38: 读取文件成功
2017-02-06T02:22:48: 读取文件成功
2017-02-06T02:22:58: 读取文件成功
2017-02-06T02:23:08: 读取文件成功
2017-02-06T02:23:18: 读取文件成功
2017-02-06T02:23:28: 读取文件成功
2017-02-06T02:23:38: 读取文件成功
2017-02-06T02:23:48: 读取文件成功
2017-02-06T02:23:58: 读取文件成功
2017-02-06T02:24:08: 读取文件成功
2017-02-06T02:24:18: 读取文件成功
2017-02-06T02:24:28: 读取文件成功
2017-02-06T02:24:38: 读取文件成功
2017-02-06T02:24:48: 读取文件成功
2017-02-06T02:24:58: 读取文件成功
2017-02-06T02:25:08: 读取文件成功
2017-02-06T02:25:18: 读取文件成功
2017-02-06T02:25:28: 读取文件成功
2017-02-06T02:25:38: 读取文件成功
2017-02-06T02:25:48: 读取文件成功
2017-02-06T02:25:58: 读取文件成功
2017-02-06T02:26:08: 读取文件成功
2017-02-06T02:26:18: 读取文件成功
2017-02-06T02:26:28: 读取文件成功
2017-02-06T02:26:38: 读取文件成功
2017-02-06T02:26:48: 读取文件成功
2017-02-06T02:26:58: 读取文件成功
2017-02-06T02:27:08: 读取文件成功
2017-02-06T02:27:18: 读取文件成功
2017-02-06T02:27:28: 读取文件成功
2017-02-06T02:27:38: 读取文件成功
2017-02-06T02:27:48: 读取文件成功
2017-02-06T02:27:58: 读取文件成功
2017-02-06T02:28:08: 读取文件成功
2017-02-06T02:28:18: 读取文件成功
2017-02-06T02:28:28: 读取文件成功
2017-02-06T02:28:38: 读取文件成功
2017-02-06T02:28:48: 读取文件成功
2017-02-06T02:28:58: 读取文件成功
2017-02-06T02:29:08: 读取文件成功
2017-02-06T02:29:18: 读取文件成功
2017-02-06T02:29:28: 读取文件成功
2017-02-06T02:29:38: 读取文件成功
2017-02-06T02:29:48: 读取文件成功
2017-02-06T02:29:58: 读取文件成功
2017-02-06T02:30:08: 读取文件成功
2017-02-06T02:30:18: 读取文件成功
2017-02-06T02:30:28: 读取文件成功
2017-02-06T02:30:38: 读取文件成功
2017-02-06T02:30:48: 读取文件成功
2017-02-06T02:30:58: 读取文件成功
2017-02-06T02:31:08: 读取文件成功
2017-02-06T02:31:18: 读取文件成功
2017-02-06T02:31:28: 读取文件成功
2017-02-06T02:31:38: 读取文件成功
2017-02-06T02:31:48: 读取文件成功
2017-02-06T02:31:58: 读取文件成功
2017-02-06T02:32:08: 读取文件成功
2017-02-06T02:32:18: 读取文件成功
2017-02-06T02:32:28: 读取文件成功
2017-02-06T02:32:38: 读取文件成功
2017-02-06T02:32:48: 读取文件成功
2017-02-06T02:32:58: 读取文件成功
2017-02-06T02:33:08: 读取文件成功
2017-02-06T02:33:18: 读取文件成功
2017-02-06T02:33:28: 读取文件成功
2017-02-06T02:33:39: 读取文件成功
2017-02-06T02:33:49: 读取文件成功
2017-02-06T02:33:59: 读取文件成功
2017-02-06T02:34:09: 读取文件成功
2017-02-06T02:34:19: 读取文件成功
2017-02-06T02:34:29: 读取文件成功
2017-02-06T02:34:39: 读取文件成功
2017-02-06T02:34:49: 读取文件成功
2017-02-06T02:34:59: 读取文件成功
2017-02-06T02:35:09: 读取文件成功
2017-02-06T02:35:19: 读取文件成功
2017-02-06T02:35:29: 读取文件成功
2017-02-06T02:35:39: 读取文件成功
2017-02-06T02:35:49: 读取文件成功
2017-02-06T02:35:59: 读取文件成功
2017-02-06T02:36:09: 读取文件成功
2017-02-06T02:36:19: 读取文件成功
2017-02-06T02:36:29: 读取文件成功
2017-02-06T02:36:39: 读取文件成功
2017-02-06T02:36:49: 读取文件成功
2017-02-06T02:36:59: 读取文件成功
2017-02-06T02:37:09: 读取文件成功
2017-02-06T02:37:19: 读取文件成功
2017-02-06T02:37:29: 读取文件成功
2017-02-06T02:37:39: 读取文件成功
2017-02-06T02:37:49: 读取文件成功
2017-02-06T02:37:59: 读取文件成功
2017-02-06T02:38:09: 读取文件成功
2017-02-06T02:38:19: 读取文件成功
2017-02-06T02:38:29: 读取文件成功
2017-02-06T02:38:39: 读取文件成功
2017-02-06T02:38:49: 读取文件成功
2017-02-06T02:38:59: 读取文件成功
2017-02-06T02:39:09: 读取文件成功
2017-02-06T02:39:19: 读取文件成功
2017-02-06T02:39:29: 读取文件成功
2017-02-06T02:39:39: 读取文件成功
2017-02-06T02:39:49: 读取文件成功
2017-02-06T02:39:59: 读取文件成功
2017-02-06T02:40:09: 读取文件成功
2017-02-06T02:40:19: 读取文件成功
2017-02-06T02:40:29: 读取文件成功
2017-02-06T02:40:39: 读取文件成功
2017-02-06T02:40:49: 读取文件成功
2017-02-06T02:40:59: 读取文件成功
2017-02-06T02:41:09: 读取文件成功
2017-02-06T02:41:19: 读取文件成功
2017-02-06T02:41:29: 读取文件成功
2017-02-06T02:41:39: 读取文件成功
2017-02-06T02:41:49: 读取文件成功
2017-02-06T02:41:59: 读取文件成功
2017-02-06T02:42:09: 读取文件成功
2017-02-06T02:42:19: 读取文件成功
2017-02-06T02:42:29: 读取文件成功
2017-02-06T02:42:39: 读取文件成功
2017-02-06T02:42:49: 读取文件成功
2017-02-06T02:42:59: 读取文件成功
2017-02-06T02:43:09: 读取文件成功
2017-02-06T02:43:19: 读取文件成功
2017-02-06T02:43:29: 读取文件成功
2017-02-06T02:43:39: 读取文件成功
2017-02-06T02:43:49: 读取文件成功
2017-02-06T02:43:59: 读取文件成功
2017-02-06T02:44:09: 读取文件成功
2017-02-06T02:44:19: 读取文件成功
2017-02-06T02:44:29: 读取文件成功
2017-02-06T02:44:39: 读取文件成功
2017-02-06T02:44:49: 读取文件成功
2017-02-06T02:44:59: 读取文件成功
2017-02-06T02:45:09: 读取文件成功
2017-02-06T02:45:19: 读取文件成功
2017-02-06T02:45:29: 读取文件成功
2017-02-06T02:45:39: 读取文件成功
2017-02-06T02:45:49: 读取文件成功
2017-02-06T02:45:59: 读取文件成功
2017-02-06T02:46:09: 读取文件成功
2017-02-06T02:46:19: 读取文件成功
2017-02-06T02:46:29: 读取文件成功
2017-02-06T02:46:39: 读取文件成功
2017-02-06T02:46:49: 读取文件成功
2017-02-06T02:46:59: 读取文件成功
2017-02-06T02:47:09: 读取文件成功
2017-02-06T02:47:19: 读取文件成功
2017-02-06T02:47:29: 读取文件成功
2017-02-06T02:47:39: 读取文件成功
2017-02-06T02:47:49: 读取文件成功
2017-02-06T02:47:59: 读取文件成功
2017-02-06T02:48:09: 读取文件成功
2017-02-06T02:48:19: 读取文件成功
2017-02-06T02:48:29: 读取文件成功
2017-02-06T02:48:39: 读取文件成功
2017-02-06T02:48:49: 读取文件成功
2017-02-06T02:48:59: 读取文件成功
2017-02-06T02:49:09: 读取文件成功
2017-02-06T02:49:19: 读取文件成功
2017-02-06T02:49:29: 读取文件成功
2017-02-06T02:49:39: 读取文件成功
2017-02-06T02:49:49: 读取文件成功
2017-02-06T02:49:59: 读取文件成功
2017-02-06T02:50:09: 读取文件成功
2017-02-06T02:50:19: 读取文件成功
2017-02-06T02:50:29: 读取文件成功
2017-02-06T02:50:39: 读取文件成功
2017-02-06T02:50:49: 读取文件成功
2017-02-06T02:50:59: 读取文件成功
2017-02-06T02:51:09: 读取文件成功
2017-02-06T02:51:19: 读取文件成功
2017-02-06T02:51:29: 读取文件成功
2017-02-06T02:51:39: 读取文件成功
2017-02-06T02:51:49: 读取文件成功
2017-02-06T02:51:59: 读取文件成功
2017-02-06T02:52:09: 读取文件成功
2017-02-06T02:52:19: 读取文件成功
2017-02-06T02:52:29: 读取文件成功
2017-02-06T02:52:40: 读取文件成功
2017-02-06T02:52:49: 读取文件成功
2017-02-06T02:52:59: 读取文件成功
2017-02-06T02:53:10: 读取文件成功
2017-02-06T02:53:20: 读取文件成功
2017-02-06T02:53:30: 读取文件成功
2017-02-06T02:53:40: 读取文件成功
2017-02-06T02:53:50: 读取文件成功
2017-02-06T02:54:00: 读取文件成功
2017-02-06T02:54:10: 读取文件成功
2017-02-06T02:54:20: 读取文件成功
2017-02-06T02:54:30: 读取文件成功
2017-02-06T02:54:40: 读取文件成功
2017-02-06T02:54:50: 读取文件成功
2017-02-06T02:55:00: 读取文件成功
2017-02-06T02:55:10: 读取文件成功
2017-02-06T02:55:20: 读取文件成功
2017-02-06T02:55:30: 读取文件成功
2017-02-06T02:55:40: 读取文件成功
2017-02-06T02:55:50: 读取文件成功
2017-02-06T02:56:00: 读取文件成功
2017-02-06T02:56:10: 读取文件成功
2017-02-06T02:56:20: 读取文件成功
2017-02-06T02:56:30: 读取文件成功
2017-02-06T02:56:40: 读取文件成功
2017-02-06T02:56:50: 读取文件成功
2017-02-06T02:57:00: 读取文件成功
2017-02-06T02:57:10: 读取文件成功
2017-02-06T02:57:20: 读取文件成功
2017-02-06T02:57:30: 读取文件成功
2017-02-06T02:57:40: 读取文件成功
2017-02-06T02:57:50: 读取文件成功
2017-02-06T02:58:00: 读取文件成功
2017-02-06T02:58:10: 读取文件成功
2017-02-06T02:58:20: 读取文件成功
2017-02-06T02:58:30: 读取文件成功
2017-02-06T02:58:40: 读取文件成功
2017-02-06T02:58:50: 读取文件成功
2017-02-06T02:59:00: 读取文件成功
2017-02-06T02:59:10: 读取文件成功
2017-02-06T02:59:20: 读取文件成功
2017-02-06T02:59:30: 读取文件成功
2017-02-06T02:59:40: 读取文件成功
2017-02-06T02:59:50: 读取文件成功
2017-02-06T03:00:00: 读取文件成功
2017-02-06T03:00:10: 读取文件成功
2017-02-06T03:00:20: 读取文件成功
2017-02-06T03:00:30: 读取文件成功
2017-02-06T03:00:40: 读取文件成功
2017-02-06T03:00:50: 读取文件成功
2017-02-06T03:01:00: 读取文件成功
2017-02-06T03:01:10: 读取文件成功
2017-02-06T03:01:20: 读取文件成功
2017-02-06T03:01:30: 读取文件成功
2017-02-06T03:01:40: 读取文件成功
2017-02-06T03:01:50: 读取文件成功
2017-02-06T03:02:00: 读取文件成功
2017-02-06T03:02:10: 读取文件成功
2017-02-06T03:02:20: 读取文件成功
2017-02-06T03:02:30: 读取文件成功
2017-02-06T03:02:40: 读取文件成功
2017-02-06T03:02:50: 读取文件成功
2017-02-06T03:03:00: 读取文件成功
2017-02-06T03:03:10: 读取文件成功
2017-02-06T03:03:20: 读取文件成功
2017-02-06T03:03:30: 读取文件成功
2017-02-06T03:03:40: 读取文件成功
2017-02-06T03:03:50: 读取文件成功
2017-02-06T03:04:00: 读取文件成功
2017-02-06T03:04:10: 读取文件成功
2017-02-06T03:04:20: 读取文件成功
2017-02-06T03:04:30: 读取文件成功
2017-02-06T03:04:40: 读取文件成功
2017-02-06T03:04:50: 读取文件成功
2017-02-06T03:05:00: 读取文件成功
2017-02-06T03:05:10: 读取文件成功
2017-02-06T03:05:20: 读取文件成功
2017-02-06T03:05:30: 读取文件成功
2017-02-06T03:05:40: 读取文件成功
2017-02-06T03:05:50: 读取文件成功
2017-02-06T03:06:00: 读取文件成功
2017-02-06T03:06:10: 读取文件成功
2017-02-06T03:06:20: 读取文件成功
2017-02-06T03:06:30: 读取文件成功
2017-02-06T03:06:40: 读取文件成功
2017-02-06T03:06:50: 读取文件成功
2017-02-06T03:07:00: 读取文件成功
2017-02-06T03:07:10: 读取文件成功
2017-02-06T03:07:20: 读取文件成功
2017-02-06T03:07:30: 读取文件成功
2017-02-06T03:07:40: 读取文件成功
2017-02-06T03:07:50: 读取文件成功
2017-02-06T03:08:00: 读取文件成功
2017-02-06T03:08:10: 读取文件成功
2017-02-06T03:08:20: 读取文件成功
2017-02-06T03:08:30: 读取文件成功
2017-02-06T03:08:40: 读取文件成功
2017-02-06T03:08:50: 读取文件成功
2017-02-06T03:09:00: 读取文件成功
2017-02-06T03:09:10: 读取文件成功
2017-02-06T03:09:20: 读取文件成功
2017-02-06T03:09:30: 读取文件成功
2017-02-06T03:09:40: 读取文件成功
2017-02-06T03:09:50: 读取文件成功
2017-02-06T03:10:00: 读取文件成功
2017-02-06T03:10:10: 读取文件成功
2017-02-06T03:10:20: 读取文件成功
2017-02-06T03:10:30: 读取文件成功
2017-02-06T03:10:40: 读取文件成功
2017-02-06T03:10:50: 读取文件成功
2017-02-06T03:11:00: 读取文件成功
2017-02-06T03:11:10: 读取文件成功
2017-02-06T03:11:20: 读取文件成功
2017-02-06T03:11:30: 读取文件成功
2017-02-06T03:11:40: 读取文件成功
2017-02-06T03:11:50: 读取文件成功
2017-02-06T03:12:00: 读取文件成功
2017-02-06T03:12:10: 读取文件成功
2017-02-06T03:12:20: 读取文件成功
2017-02-06T03:12:30: 读取文件成功
2017-02-06T03:12:40: 读取文件成功
2017-02-06T03:12:50: 读取文件成功
2017-02-06T03:13:00: 读取文件成功
2017-02-06T03:13:11: 读取文件成功
2017-02-06T03:13:21: 读取文件成功
2017-02-06T03:13:31: 读取文件成功
2017-02-06T03:13:41: 读取文件成功
2017-02-06T03:13:51: 读取文件成功
2017-02-06T03:14:01: 读取文件成功
2017-02-06T03:14:11: 读取文件成功
2017-02-06T03:14:21: 读取文件成功
2017-02-06T03:14:31: 读取文件成功
2017-02-06T03:14:41: 读取文件成功
2017-02-06T03:14:51: 读取文件成功
2017-02-06T03:15:01: 读取文件成功
2017-02-06T03:15:11: 读取文件成功
2017-02-06T03:15:21: 读取文件成功
2017-02-06T03:15:31: 读取文件成功
2017-02-06T03:15:41: 读取文件成功
2017-02-06T03:15:51: 读取文件成功
2017-02-06T03:16:01: 读取文件成功
2017-02-06T03:16:11: 读取文件成功
2017-02-06T03:16:21: 读取文件成功
2017-02-06T03:16:31: 读取文件成功
2017-02-06T03:16:41: 读取文件成功
2017-02-06T03:16:51: 读取文件成功
2017-02-06T03:17:01: 读取文件成功
2017-02-06T03:17:11: 读取文件成功
2017-02-06T03:17:21: 读取文件成功
2017-02-06T03:17:31: 读取文件成功
2017-02-06T03:17:41: 读取文件成功
2017-02-06T03:17:51: 读取文件成功
2017-02-06T03:18:01: 读取文件成功
2017-02-06T03:18:11: 读取文件成功
2017-02-06T03:18:21: 读取文件成功
2017-02-06T03:18:31: 读取文件成功
2017-02-06T03:18:41: 读取文件成功
2017-02-06T03:18:51: 读取文件成功
2017-02-06T03:19:01: 读取文件成功
2017-02-06T03:19:11: 读取文件成功
2017-02-06T03:19:21: 读取文件成功
2017-02-06T03:19:31: 读取文件成功
2017-02-06T03:19:41: 读取文件成功
2017-02-06T03:19:51: 读取文件成功
2017-02-06T03:20:01: 读取文件成功
2017-02-06T03:20:11: 读取文件成功
2017-02-06T03:20:21: 读取文件成功
2017-02-06T03:20:31: 读取文件成功
2017-02-06T03:20:41: 读取文件成功
2017-02-06T03:20:51: 读取文件成功
2017-02-06T03:21:01: 读取文件成功
2017-02-06T03:21:11: 读取文件成功
2017-02-06T03:21:21: 读取文件成功
2017-02-06T03:21:31: 读取文件成功
2017-02-06T03:21:41: 读取文件成功
2017-02-06T03:21:51: 读取文件成功
2017-02-06T03:22:01: 读取文件成功
2017-02-06T03:22:11: 读取文件成功
2017-02-06T03:22:21: 读取文件成功
2017-02-06T03:22:31: 读取文件成功
2017-02-06T03:22:41: 读取文件成功
2017-02-06T03:22:51: 读取文件成功
2017-02-06T03:23:01: 读取文件成功
2017-02-06T03:23:11: 读取文件成功
2017-02-06T03:23:21: 读取文件成功
2017-02-06T03:23:31: 读取文件成功
2017-02-06T03:23:41: 读取文件成功
2017-02-06T03:23:51: 读取文件成功
2017-02-06T03:24:01: 读取文件成功
2017-02-06T03:24:11: 读取文件成功
2017-02-06T03:24:21: 读取文件成功
2017-02-06T03:24:31: 读取文件成功
2017-02-06T03:24:41: 读取文件成功
2017-02-06T03:24:51: 读取文件成功
2017-02-06T03:25:01: 读取文件成功
2017-02-06T03:25:11: 读取文件成功
2017-02-06T03:25:21: 读取文件成功
2017-02-06T03:25:31: 读取文件成功
2017-02-06T03:25:41: 读取文件成功
2017-02-06T03:25:51: 读取文件成功
2017-02-06T03:26:01: 读取文件成功
2017-02-06T03:26:11: 读取文件成功
2017-02-06T03:26:21: 读取文件成功
2017-02-06T03:26:31: 读取文件成功
2017-02-06T03:26:41: 读取文件成功
2017-02-06T03:26:51: 读取文件成功
2017-02-06T03:27:01: 读取文件成功
2017-02-06T03:27:11: 读取文件成功
2017-02-06T03:27:21: 读取文件成功
2017-02-06T03:27:31: 读取文件成功
2017-02-06T03:27:41: 读取文件成功
2017-02-06T03:27:51: 读取文件成功
2017-02-06T03:28:01: 读取文件成功
2017-02-06T03:28:11: 读取文件成功
2017-02-06T03:28:21: 读取文件成功
2017-02-06T03:28:31: 读取文件成功
2017-02-06T03:28:41: 读取文件成功
2017-02-06T03:28:51: 读取文件成功
2017-02-06T03:29:01: 读取文件成功
2017-02-06T03:29:11: 读取文件成功
2017-02-06T03:29:21: 读取文件成功
2017-02-06T03:29:31: 读取文件成功
2017-02-06T03:29:41: 读取文件成功
2017-02-06T03:29:51: 读取文件成功
2017-02-06T03:30:01: 读取文件成功
2017-02-06T03:30:11: 读取文件成功
2017-02-06T03:30:21: 读取文件成功
2017-02-06T03:30:31: 读取文件成功
2017-02-06T03:30:41: 读取文件成功
2017-02-06T03:30:51: 读取文件成功
2017-02-06T03:31:01: 读取文件成功
2017-02-06T03:31:11: 读取文件成功
2017-02-06T03:31:22: 读取文件成功
2017-02-06T03:31:32: 读取文件成功
2017-02-06T03:31:42: 读取文件成功
2017-02-06T03:31:52: 读取文件成功
2017-02-06T03:32:02: 读取文件成功
2017-02-06T03:32:12: 读取文件成功
2017-02-06T03:32:22: 读取文件成功
2017-02-06T03:32:32: 读取文件成功
2017-02-06T03:32:42: 读取文件成功
2017-02-06T03:32:52: 读取文件成功
2017-02-06T03:33:02: 读取文件成功
2017-02-06T03:33:12: 读取文件成功
2017-02-06T03:33:22: 读取文件成功
2017-02-06T03:33:32: 读取文件成功
2017-02-06T03:33:42: 读取文件成功
2017-02-06T03:33:52: 读取文件成功
2017-02-06T03:34:02: 读取文件成功
2017-02-06T03:34:12: 读取文件成功
2017-02-06T03:34:22: 读取文件成功
2017-02-06T03:34:32: 读取文件成功
2017-02-06T03:34:42: 读取文件成功
2017-02-06T03:34:52: 读取文件成功
2017-02-06T03:35:02: 读取文件成功
2017-02-06T03:35:12: 读取文件成功
2017-02-06T03:35:22: 读取文件成功
2017-02-06T03:35:32: 读取文件成功
2017-02-06T03:35:42: 读取文件成功
2017-02-06T03:35:52: 读取文件成功
2017-02-06T03:36:02: 读取文件成功
2017-02-06T03:36:12: 读取文件成功
2017-02-06T03:36:22: 读取文件成功
2017-02-06T03:36:32: 读取文件成功
2017-02-06T03:36:42: 读取文件成功
2017-02-06T03:36:52: 读取文件成功
2017-02-06T03:37:02: 读取文件成功
2017-02-06T03:37:12: 读取文件成功
2017-02-06T03:37:22: 读取文件成功
2017-02-06T03:37:32: 读取文件成功
2017-02-06T03:37:42: 读取文件成功
2017-02-06T03:37:52: 读取文件成功
2017-02-06T03:38:02: 读取文件成功
2017-02-06T03:38:12: 读取文件成功
2017-02-06T03:38:22: 读取文件成功
2017-02-06T03:38:32: 读取文件成功
2017-02-06T03:38:42: 读取文件成功
2017-02-06T03:38:52: 读取文件成功
2017-02-06T03:39:02: 读取文件成功
2017-02-06T03:39:12: 读取文件成功
2017-02-06T03:39:22: 读取文件成功
2017-02-06T03:39:32: 读取文件成功
2017-02-06T03:39:42: 读取文件成功
2017-02-06T03:39:52: 读取文件成功
2017-02-06T03:40:02: 读取文件成功
2017-02-06T03:40:12: 读取文件成功
2017-02-06T03:40:22: 读取文件成功
2017-02-06T03:40:32: 读取文件成功
2017-02-06T03:40:42: 读取文件成功
2017-02-06T03:40:52: 读取文件成功
2017-02-06T03:41:02: 读取文件成功
2017-02-06T03:41:12: 读取文件成功
2017-02-06T03:41:22: 读取文件成功
2017-02-06T03:41:32: 读取文件成功
2017-02-06T03:41:42: 读取文件成功
2017-02-06T03:41:52: 读取文件成功
2017-02-06T03:42:02: 读取文件成功
2017-02-06T03:42:12: 读取文件成功
2017-02-06T03:42:22: 读取文件成功
2017-02-06T03:42:32: 读取文件成功
2017-02-06T03:42:42: 读取文件成功
2017-02-06T03:42:52: 读取文件成功
2017-02-06T03:43:02: 读取文件成功
2017-02-06T03:43:12: 读取文件成功
2017-02-06T03:43:22: 读取文件成功
2017-02-06T03:43:32: 读取文件成功
2017-02-06T03:43:42: 读取文件成功
2017-02-06T03:43:52: 读取文件成功
2017-02-06T03:44:02: 读取文件成功
2017-02-06T03:44:12: 读取文件成功
2017-02-06T03:44:22: 读取文件成功
2017-02-06T03:44:32: 读取文件成功
2017-02-06T03:44:42: 读取文件成功
2017-02-06T03:44:52: 读取文件成功
2017-02-06T03:45:02: 读取文件成功
2017-02-06T03:45:12: 读取文件成功
2017-02-06T03:45:22: 读取文件成功
2017-02-06T03:45:32: 读取文件成功
2017-02-06T03:45:42: 读取文件成功
2017-02-06T03:45:52: 读取文件成功
2017-02-06T03:46:02: 读取文件成功
2017-02-06T03:46:12: 读取文件成功
2017-02-06T03:46:22: 读取文件成功
2017-02-06T03:46:32: 读取文件成功
2017-02-06T03:46:42: 读取文件成功
2017-02-06T03:46:52: 读取文件成功
2017-02-06T03:47:02: 读取文件成功
2017-02-06T03:47:12: 读取文件成功
2017-02-06T03:47:22: 读取文件成功
2017-02-06T03:47:32: 读取文件成功
2017-02-06T03:47:42: 读取文件成功
2017-02-06T03:47:52: 读取文件成功
2017-02-06T03:48:02: 读取文件成功
2017-02-06T03:48:13: 读取文件成功
2017-02-06T03:48:23: 读取文件成功
2017-02-06T03:48:33: 读取文件成功
2017-02-06T03:48:43: 读取文件成功
2017-02-06T03:48:53: 读取文件成功
2017-02-06T03:49:03: 读取文件成功
2017-02-06T03:49:13: 读取文件成功
2017-02-06T03:49:23: 读取文件成功
2017-02-06T03:49:33: 读取文件成功
2017-02-06T03:49:43: 读取文件成功
2017-02-06T03:49:53: 读取文件成功
2017-02-06T03:50:03: 读取文件成功
2017-02-06T03:50:13: 读取文件成功
2017-02-06T03:50:23: 读取文件成功
2017-02-06T03:50:33: 读取文件成功
2017-02-06T03:50:43: 读取文件成功
2017-02-06T03:50:53: 读取文件成功
2017-02-06T03:51:03: 读取文件成功
2017-02-06T03:51:13: 读取文件成功
2017-02-06T03:51:23: 读取文件成功
2017-02-06T03:51:33: 读取文件成功
2017-02-06T03:51:43: 读取文件成功
2017-02-06T03:51:53: 读取文件成功
2017-02-06T03:52:03: 读取文件成功
2017-02-06T03:52:13: 读取文件成功
2017-02-06T03:52:23: 读取文件成功
2017-02-06T03:52:33: 读取文件成功
2017-02-06T03:52:43: 读取文件成功
2017-02-06T03:52:53: 读取文件成功
2017-02-06T03:53:03: 读取文件成功
2017-02-06T03:53:13: 读取文件成功
2017-02-06T03:53:23: 读取文件成功
2017-02-06T03:53:33: 读取文件成功
2017-02-06T03:53:43: 读取文件成功
2017-02-06T03:53:53: 读取文件成功
2017-02-06T03:54:03: 读取文件成功
2017-02-06T03:54:13: 读取文件成功
2017-02-06T03:54:23: 读取文件成功
2017-02-06T03:54:33: 读取文件成功
2017-02-06T03:54:43: 读取文件成功
2017-02-06T03:54:53: 读取文件成功
2017-02-06T03:55:03: 读取文件成功
2017-02-06T03:55:13: 读取文件成功
2017-02-06T03:55:23: 读取文件成功
2017-02-06T03:55:33: 读取文件成功
2017-02-06T03:55:43: 读取文件成功
2017-02-06T03:55:53: 读取文件成功
2017-02-06T03:56:03: 读取文件成功
2017-02-06T03:56:13: 读取文件成功
2017-02-06T03:56:23: 读取文件成功
2017-02-06T03:56:33: 读取文件成功
2017-02-06T03:56:43: 读取文件成功
2017-02-06T03:56:53: 读取文件成功
2017-02-06T03:57:03: 读取文件成功
2017-02-06T03:57:13: 读取文件成功
2017-02-06T03:57:23: 读取文件成功
2017-02-06T03:57:33: 读取文件成功
2017-02-06T03:57:43: 读取文件成功
2017-02-06T03:57:53: 读取文件成功
2017-02-06T03:58:03: 读取文件成功
2017-02-06T03:58:13: 读取文件成功
2017-02-06T03:58:23: 读取文件成功
2017-02-06T03:58:33: 读取文件成功
2017-02-06T03:58:43: 读取文件成功
2017-02-06T03:58:53: 读取文件成功
2017-02-06T03:59:03: 读取文件成功
2017-02-06T03:59:13: 读取文件成功
2017-02-06T03:59:23: 读取文件成功
2017-02-06T03:59:33: 读取文件成功
2017-02-06T03:59:43: 读取文件成功
2017-02-06T03:59:53: 读取文件成功
2017-02-06T04:00:03: 读取文件成功
2017-02-06T04:00:13: 读取文件成功
2017-02-06T04:00:23: 读取文件成功
2017-02-06T04:00:33: 读取文件成功
2017-02-06T04:00:43: 读取文件成功
2017-02-06T04:00:53: 读取文件成功
2017-02-06T04:01:03: 读取文件成功
2017-02-06T04:01:13: 读取文件成功
2017-02-06T04:01:23: 读取文件成功
2017-02-06T04:01:33: 读取文件成功
2017-02-06T04:01:43: 读取文件成功
2017-02-06T04:01:53: 读取文件成功
2017-02-06T04:02:03: 读取文件成功
2017-02-06T04:02:13: 读取文件成功
2017-02-06T04:02:23: 读取文件成功
2017-02-06T04:02:33: 读取文件成功
2017-02-06T04:02:43: 读取文件成功
2017-02-06T04:02:53: 读取文件成功
2017-02-06T04:03:03: 读取文件成功
2017-02-06T04:03:13: 读取文件成功
2017-02-06T04:03:23: 读取文件成功
2017-02-06T04:03:33: 读取文件成功
2017-02-06T04:03:43: 读取文件成功
2017-02-06T04:03:53: 读取文件成功
2017-02-06T04:04:03: 读取文件成功
2017-02-06T04:04:14: 读取文件成功
2017-02-06T04:04:24: 读取文件成功
2017-02-06T04:04:34: 读取文件成功
2017-02-06T04:04:44: 读取文件成功
2017-02-06T04:04:54: 读取文件成功
2017-02-06T04:05:04: 读取文件成功
2017-02-06T04:05:14: 读取文件成功
2017-02-06T04:05:24: 读取文件成功
2017-02-06T04:05:34: 读取文件成功
2017-02-06T04:05:44: 读取文件成功
2017-02-06T04:05:54: 读取文件成功
2017-02-06T04:06:04: 读取文件成功
2017-02-06T04:06:14: 读取文件成功
2017-02-06T04:06:24: 读取文件成功
2017-02-06T04:06:34: 读取文件成功
2017-02-06T04:06:44: 读取文件成功
2017-02-06T04:06:54: 读取文件成功
2017-02-06T04:07:04: 读取文件成功
2017-02-06T04:07:14: 读取文件成功
2017-02-06T04:07:24: 读取文件成功
2017-02-06T04:07:34: 读取文件成功
2017-02-06T04:07:44: 读取文件成功
2017-02-06T04:07:54: 读取文件成功
2017-02-06T04:08:04: 读取文件成功
2017-02-06T04:08:14: 读取文件成功
2017-02-06T04:08:24: 读取文件成功
2017-02-06T04:08:34: 读取文件成功
2017-02-06T04:08:44: 读取文件成功
2017-02-06T04:08:54: 读取文件成功
2017-02-06T04:09:04: 读取文件成功
2017-02-06T04:09:14: 读取文件成功
2017-02-06T04:09:24: 读取文件成功
2017-02-06T04:09:34: 读取文件成功
2017-02-06T04:09:44: 读取文件成功
2017-02-06T04:09:54: 读取文件成功
2017-02-06T04:10:04: 读取文件成功
2017-02-06T04:10:14: 读取文件成功
2017-02-06T04:10:24: 读取文件成功
2017-02-06T04:10:34: 读取文件成功
2017-02-06T04:10:44: 读取文件成功
2017-02-06T04:10:54: 读取文件成功
2017-02-06T04:11:04: 读取文件成功
2017-02-06T04:11:14: 读取文件成功
2017-02-06T04:11:24: 读取文件成功
2017-02-06T04:11:34: 读取文件成功
2017-02-06T04:11:44: 读取文件成功
2017-02-06T04:11:54: 读取文件成功
2017-02-06T04:12:04: 读取文件成功
2017-02-06T04:12:14: 读取文件成功
2017-02-06T04:12:24: 读取文件成功
2017-02-06T04:12:34: 读取文件成功
2017-02-06T04:12:44: 读取文件成功
2017-02-06T04:12:54: 读取文件成功
2017-02-06T04:13:04: 读取文件成功
2017-02-06T04:13:14: 读取文件成功
2017-02-06T04:13:24: 读取文件成功
2017-02-06T04:13:34: 读取文件成功
2017-02-06T04:13:44: 读取文件成功
2017-02-06T04:13:54: 读取文件成功
2017-02-06T04:14:04: 读取文件成功
2017-02-06T04:14:14: 读取文件成功
2017-02-06T04:14:24: 读取文件成功
2017-02-06T04:14:34: 读取文件成功
2017-02-06T04:14:44: 读取文件成功
2017-02-06T04:14:54: 读取文件成功
2017-02-06T04:15:04: 读取文件成功
2017-02-06T04:15:14: 读取文件成功
2017-02-06T04:15:24: 读取文件成功
2017-02-06T04:15:34: 读取文件成功
2017-02-06T04:15:44: 读取文件成功
2017-02-06T04:15:54: 读取文件成功
2017-02-06T04:16:04: 读取文件成功
2017-02-06T04:16:14: 读取文件成功
2017-02-06T04:16:24: 读取文件成功
2017-02-06T04:16:34: 读取文件成功
2017-02-06T04:16:44: 读取文件成功
2017-02-06T04:16:54: 读取文件成功
2017-02-06T04:17:04: 读取文件成功
2017-02-06T04:17:14: 读取文件成功
2017-02-06T04:17:24: 读取文件成功
2017-02-06T04:17:34: 读取文件成功
2017-02-06T04:17:44: 读取文件成功
2017-02-06T04:17:54: 读取文件成功
2017-02-06T04:18:04: 读取文件成功
2017-02-06T04:18:14: 读取文件成功
2017-02-06T04:18:24: 读取文件成功
2017-02-06T04:18:34: 读取文件成功
2017-02-06T04:18:44: 读取文件成功
2017-02-06T04:18:54: 读取文件成功
2017-02-06T04:19:04: 读取文件成功
2017-02-06T04:19:14: 读取文件成功
2017-02-06T04:19:24: 读取文件成功
2017-02-06T04:19:34: 读取文件成功
2017-02-06T04:19:44: 读取文件成功
2017-02-06T04:19:54: 读取文件成功
2017-02-06T04:20:04: 读取文件成功
2017-02-06T04:20:14: 读取文件成功
2017-02-06T04:20:24: 读取文件成功
2017-02-06T04:20:34: 读取文件成功
2017-02-06T04:20:45: 读取文件成功
2017-02-06T04:20:54: 读取文件成功
2017-02-06T04:21:04: 读取文件成功
2017-02-06T04:21:14: 读取文件成功
2017-02-06T04:21:25: 读取文件成功
2017-02-06T04:21:34: 读取文件成功
2017-02-06T04:21:44: 读取文件成功
2017-02-06T04:21:54: 读取文件成功
2017-02-06T04:22:05: 读取文件成功
2017-02-06T04:22:15: 读取文件成功
2017-02-06T04:22:25: 读取文件成功
2017-02-06T04:22:35: 读取文件成功
2017-02-06T04:22:45: 读取文件成功
2017-02-06T04:22:55: 读取文件成功
2017-02-06T04:23:05: 读取文件成功
2017-02-06T04:23:15: 读取文件成功
2017-02-06T04:23:25: 读取文件成功
2017-02-06T04:23:35: 读取文件成功
2017-02-06T04:23:45: 读取文件成功
2017-02-06T04:23:55: 读取文件成功
2017-02-06T04:24:05: 读取文件成功
2017-02-06T04:24:15: 读取文件成功
2017-02-06T04:24:25: 读取文件成功
2017-02-06T04:24:35: 读取文件成功
2017-02-06T04:24:45: 读取文件成功
2017-02-06T04:24:55: 读取文件成功
2017-02-06T04:25:05: 读取文件成功
2017-02-06T04:25:15: 读取文件成功
2017-02-06T04:25:25: 读取文件成功
2017-02-06T04:25:35: 读取文件成功
2017-02-06T04:25:45: 读取文件成功
2017-02-06T04:25:55: 读取文件成功
2017-02-06T04:26:05: 读取文件成功
2017-02-06T04:26:15: 读取文件成功
2017-02-06T04:26:25: 读取文件成功
2017-02-06T04:26:35: 读取文件成功
2017-02-06T04:26:45: 读取文件成功
2017-02-06T04:26:55: 读取文件成功
2017-02-06T04:27:05: 读取文件成功
2017-02-06T04:27:15: 读取文件成功
2017-02-06T04:27:25: 读取文件成功
2017-02-06T04:27:35: 读取文件成功
2017-02-06T04:27:45: 读取文件成功
2017-02-06T04:27:55: 读取文件成功
2017-02-06T04:28:05: 读取文件成功
2017-02-06T04:28:15: 读取文件成功
2017-02-06T04:28:25: 读取文件成功
2017-02-06T04:28:35: 读取文件成功
2017-02-06T04:28:45: 读取文件成功
2017-02-06T04:28:55: 读取文件成功
2017-02-06T04:29:05: 读取文件成功
2017-02-06T04:29:15: 读取文件成功
2017-02-06T04:29:25: 读取文件成功
2017-02-06T04:29:35: 读取文件成功
2017-02-06T04:29:45: 读取文件成功
2017-02-06T04:29:55: 读取文件成功
2017-02-06T04:30:05: 读取文件成功
2017-02-06T04:30:15: 读取文件成功
2017-02-06T04:30:25: 读取文件成功
2017-02-06T04:30:35: 读取文件成功
2017-02-06T04:30:45: 读取文件成功
2017-02-06T04:30:55: 读取文件成功
2017-02-06T04:31:05: 读取文件成功
2017-02-06T04:31:15: 读取文件成功
2017-02-06T04:31:25: 读取文件成功
2017-02-06T04:31:35: 读取文件成功
2017-02-06T04:31:45: 读取文件成功
2017-02-06T04:31:55: 读取文件成功
2017-02-06T04:32:05: 读取文件成功
2017-02-06T04:32:15: 读取文件成功
2017-02-06T04:32:25: 读取文件成功
2017-02-06T04:32:35: 读取文件成功
2017-02-06T04:32:45: 读取文件成功
2017-02-06T04:32:55: 读取文件成功
2017-02-06T04:33:05: 读取文件成功
2017-02-06T04:33:15: 读取文件成功
2017-02-06T04:33:25: 读取文件成功
2017-02-06T04:33:35: 读取文件成功
2017-02-06T04:33:45: 读取文件成功
2017-02-06T04:33:55: 读取文件成功
2017-02-06T04:34:05: 读取文件成功
2017-02-06T04:34:15: 读取文件成功
2017-02-06T04:34:25: 读取文件成功
2017-02-06T04:34:35: 读取文件成功
2017-02-06T04:34:45: 读取文件成功
2017-02-06T04:34:55: 读取文件成功
2017-02-06T04:35:05: 读取文件成功
2017-02-06T04:35:15: 读取文件成功
2017-02-06T04:35:25: 读取文件成功
2017-02-06T04:35:35: 读取文件成功
2017-02-06T04:35:45: 读取文件成功
2017-02-06T04:35:55: 读取文件成功
2017-02-06T04:36:06: 读取文件成功
2017-02-06T04:36:15: 读取文件成功
2017-02-06T04:36:25: 读取文件成功
2017-02-06T04:36:35: 读取文件成功
2017-02-06T04:36:45: 读取文件成功
2017-02-06T04:36:55: 读取文件成功
2017-02-06T04:37:05: 读取文件成功
2017-02-06T04:37:15: 读取文件成功
2017-02-06T04:37:25: 读取文件成功
2017-02-06T04:37:35: 读取文件成功
2017-02-06T04:37:45: 读取文件成功
2017-02-06T04:37:55: 读取文件成功
2017-02-06T04:38:05: 读取文件成功
2017-02-06T04:38:15: 读取文件成功
2017-02-06T04:38:25: 读取文件成功
2017-02-06T04:38:35: 读取文件成功
2017-02-06T04:38:45: 读取文件成功
2017-02-06T04:38:55: 读取文件成功
2017-02-06T04:39:05: 读取文件成功
2017-02-06T04:39:15: 读取文件成功
2017-02-06T04:39:26: 读取文件成功
2017-02-06T04:39:36: 读取文件成功
2017-02-06T04:39:46: 读取文件成功
2017-02-06T04:39:56: 读取文件成功
2017-02-06T04:40:06: 读取文件成功
2017-02-06T04:40:16: 读取文件成功
2017-02-06T04:40:26: 读取文件成功
2017-02-06T04:40:36: 读取文件成功
2017-02-06T04:40:46: 读取文件成功
2017-02-06T04:40:56: 读取文件成功
2017-02-06T04:41:06: 读取文件成功
2017-02-06T04:41:16: 读取文件成功
2017-02-06T04:41:26: 读取文件成功
2017-02-06T04:41:36: 读取文件成功
2017-02-06T04:41:46: 读取文件成功
2017-02-06T04:41:56: 读取文件成功
2017-02-06T04:42:06: 读取文件成功
2017-02-06T04:42:16: 读取文件成功
2017-02-06T04:42:26: 读取文件成功
2017-02-06T04:42:36: 读取文件成功
2017-02-06T04:42:46: 读取文件成功
2017-02-06T04:42:56: 读取文件成功
2017-02-06T04:43:06: 读取文件成功
2017-02-06T04:43:16: 读取文件成功
2017-02-06T04:43:26: 读取文件成功
2017-02-06T04:43:36: 读取文件成功
2017-02-06T04:43:46: 读取文件成功
2017-02-06T04:43:56: 读取文件成功
2017-02-06T04:44:06: 读取文件成功
2017-02-06T04:44:16: 读取文件成功
2017-02-06T04:44:26: 读取文件成功
2017-02-06T04:44:36: 读取文件成功
2017-02-06T04:44:46: 读取文件成功
2017-02-06T04:44:56: 读取文件成功
2017-02-06T04:45:06: 读取文件成功
2017-02-06T04:45:16: 读取文件成功
2017-02-06T04:45:26: 读取文件成功
2017-02-06T04:45:36: 读取文件成功
2017-02-06T04:45:46: 读取文件成功
2017-02-06T04:45:56: 读取文件成功
2017-02-06T04:46:06: 读取文件成功
2017-02-06T04:46:16: 读取文件成功
2017-02-06T04:46:26: 读取文件成功
2017-02-06T04:46:36: 读取文件成功
2017-02-06T04:46:46: 读取文件成功
2017-02-06T04:46:56: 读取文件成功
2017-02-06T04:47:06: 读取文件成功
2017-02-06T04:47:16: 读取文件成功
2017-02-06T04:47:26: 读取文件成功
2017-02-06T04:47:36: 读取文件成功
2017-02-06T04:47:46: 读取文件成功
2017-02-06T04:47:56: 读取文件成功
2017-02-06T04:48:06: 读取文件成功
2017-02-06T04:48:16: 读取文件成功
2017-02-06T04:48:26: 读取文件成功
2017-02-06T04:48:36: 读取文件成功
2017-02-06T04:48:46: 读取文件成功
2017-02-06T04:48:56: 读取文件成功
2017-02-06T04:49:06: 读取文件成功
2017-02-06T04:49:16: 读取文件成功
2017-02-06T04:49:26: 读取文件成功
2017-02-06T04:49:36: 读取文件成功
2017-02-06T04:49:46: 读取文件成功
2017-02-06T04:49:56: 读取文件成功
2017-02-06T04:50:06: 读取文件成功
2017-02-06T04:50:16: 读取文件成功
2017-02-06T04:50:26: 读取文件成功
2017-02-06T04:50:36: 读取文件成功
2017-02-06T04:50:46: 读取文件成功
2017-02-06T04:50:56: 读取文件成功
2017-02-06T04:51:06: 读取文件成功
2017-02-06T04:51:16: 读取文件成功
2017-02-06T04:51:26: 读取文件成功
2017-02-06T04:51:36: 读取文件成功
2017-02-06T04:51:46: 读取文件成功
2017-02-06T04:51:56: 读取文件成功
2017-02-06T04:52:06: 读取文件成功
2017-02-06T04:52:16: 读取文件成功
2017-02-06T04:52:26: 读取文件成功
2017-02-06T04:52:36: 读取文件成功
2017-02-06T04:52:46: 读取文件成功
2017-02-06T04:52:56: 读取文件成功
2017-02-06T04:53:06: 读取文件成功
2017-02-06T04:53:16: 读取文件成功
2017-02-06T04:53:26: 读取文件成功
2017-02-06T04:53:36: 读取文件成功
2017-02-06T04:53:46: 读取文件成功
2017-02-06T04:53:56: 读取文件成功
2017-02-06T04:54:06: 读取文件成功
2017-02-06T04:54:16: 读取文件成功
2017-02-06T04:54:26: 读取文件成功
2017-02-06T04:54:36: 读取文件成功
2017-02-06T04:54:46: 读取文件成功
2017-02-06T04:54:56: 读取文件成功
2017-02-06T04:55:06: 读取文件成功
2017-02-06T04:55:16: 读取文件成功
2017-02-06T04:55:26: 读取文件成功
2017-02-06T04:55:36: 读取文件成功
2017-02-06T04:55:46: 读取文件成功
2017-02-06T04:55:56: 读取文件成功
2017-02-06T04:56:06: 读取文件成功
2017-02-06T04:56:16: 读取文件成功
2017-02-06T04:56:26: 读取文件成功
2017-02-06T04:56:37: 读取文件成功
2017-02-06T04:56:46: 读取文件成功
2017-02-06T04:56:56: 读取文件成功
2017-02-06T04:57:06: 读取文件成功
2017-02-06T04:57:17: 读取文件成功
2017-02-06T04:57:27: 读取文件成功
2017-02-06T04:57:37: 读取文件成功
2017-02-06T04:57:47: 读取文件成功
2017-02-06T04:57:57: 读取文件成功
2017-02-06T04:58:07: 读取文件成功
2017-02-06T04:58:17: 读取文件成功
2017-02-06T04:58:27: 读取文件成功
2017-02-06T04:58:37: 读取文件成功
2017-02-06T04:58:47: 读取文件成功
2017-02-06T04:58:57: 读取文件成功
2017-02-06T04:59:07: 读取文件成功
2017-02-06T04:59:17: 读取文件成功
2017-02-06T04:59:27: 读取文件成功
2017-02-06T04:59:37: 读取文件成功
2017-02-06T04:59:47: 读取文件成功
2017-02-06T04:59:57: 读取文件成功
2017-02-06T05:00:07: 读取文件成功
2017-02-06T05:00:17: 读取文件成功
2017-02-06T05:00:27: 读取文件成功
2017-02-06T05:00:37: 读取文件成功
2017-02-06T05:00:47: 读取文件成功
2017-02-06T05:00:57: 读取文件成功
2017-02-06T05:01:07: 读取文件成功
2017-02-06T05:01:17: 读取文件成功
2017-02-06T05:01:27: 读取文件成功
2017-02-06T05:01:37: 读取文件成功
2017-02-06T05:01:47: 读取文件成功
2017-02-06T05:01:57: 读取文件成功
2017-02-06T05:02:07: 读取文件成功
2017-02-06T05:02:17: 读取文件成功
2017-02-06T05:02:27: 读取文件成功
2017-02-06T05:02:37: 读取文件成功
2017-02-06T05:02:47: 读取文件成功
2017-02-06T05:02:57: 读取文件成功
2017-02-06T05:03:07: 读取文件成功
2017-02-06T05:03:17: 读取文件成功
2017-02-06T05:03:27: 读取文件成功
2017-02-06T05:03:37: 读取文件成功
2017-02-06T05:03:47: 读取文件成功
2017-02-06T05:03:57: 读取文件成功
2017-02-06T05:04:07: 读取文件成功
2017-02-06T05:04:17: 读取文件成功
2017-02-06T05:04:27: 读取文件成功
2017-02-06T05:04:37: 读取文件成功
2017-02-06T05:04:47: 读取文件成功
2017-02-06T05:04:57: 读取文件成功
2017-02-06T05:05:07: 读取文件成功
2017-02-06T05:05:17: 读取文件成功
2017-02-06T05:05:27: 读取文件成功
2017-02-06T05:05:37: 读取文件成功
2017-02-06T05:05:47: 读取文件成功
2017-02-06T05:05:57: 读取文件成功
2017-02-06T05:06:07: 读取文件成功
2017-02-06T05:06:17: 读取文件成功
2017-02-06T05:06:27: 读取文件成功
2017-02-06T05:06:37: 读取文件成功
2017-02-06T05:06:47: 读取文件成功
2017-02-06T05:06:57: 读取文件成功
2017-02-06T05:07:07: 读取文件成功
2017-02-06T05:07:17: 读取文件成功
2017-02-06T05:07:27: 读取文件成功
2017-02-06T05:07:37: 读取文件成功
2017-02-06T05:07:47: 读取文件成功
2017-02-06T05:07:57: 读取文件成功
2017-02-06T05:08:07: 读取文件成功
2017-02-06T05:08:17: 读取文件成功
2017-02-06T05:08:27: 读取文件成功
2017-02-06T05:08:37: 读取文件成功
2017-02-06T05:08:47: 读取文件成功
2017-02-06T05:08:57: 读取文件成功
2017-02-06T05:09:07: 读取文件成功
2017-02-06T05:09:17: 读取文件成功
2017-02-06T05:09:27: 读取文件成功
2017-02-06T05:09:37: 读取文件成功
2017-02-06T05:09:47: 读取文件成功
2017-02-06T05:09:57: 读取文件成功
2017-02-06T05:10:07: 读取文件成功
2017-02-06T05:10:17: 读取文件成功
2017-02-06T05:10:27: 读取文件成功
2017-02-06T05:10:37: 读取文件成功
2017-02-06T05:10:47: 读取文件成功
2017-02-06T05:10:57: 读取文件成功
2017-02-06T05:11:07: 读取文件成功
2017-02-06T05:11:17: 读取文件成功
2017-02-06T05:11:27: 读取文件成功
2017-02-06T05:11:37: 读取文件成功
2017-02-06T05:11:47: 读取文件成功
2017-02-06T05:11:57: 读取文件成功
2017-02-06T05:12:07: 读取文件成功
2017-02-06T05:12:17: 读取文件成功
2017-02-06T05:12:27: 读取文件成功
2017-02-06T05:12:37: 读取文件成功
2017-02-06T05:12:47: 读取文件成功
2017-02-06T05:12:57: 读取文件成功
2017-02-06T05:13:07: 读取文件成功
2017-02-06T05:13:17: 读取文件成功
2017-02-06T05:13:27: 读取文件成功
2017-02-06T05:13:37: 读取文件成功
2017-02-06T05:13:47: 读取文件成功
2017-02-06T05:13:57: 读取文件成功
2017-02-06T05:14:07: 读取文件成功
2017-02-06T05:14:17: 读取文件成功
2017-02-06T05:14:27: 读取文件成功
2017-02-06T05:14:37: 读取文件成功
2017-02-06T05:14:47: 读取文件成功
2017-02-06T05:14:57: 读取文件成功
2017-02-06T05:15:08: 读取文件成功
2017-02-06T05:15:18: 读取文件成功
2017-02-06T05:15:28: 读取文件成功
2017-02-06T05:15:38: 读取文件成功
2017-02-06T05:15:48: 读取文件成功
2017-02-06T05:15:58: 读取文件成功
2017-02-06T05:16:08: 读取文件成功
2017-02-06T05:16:18: 读取文件成功
2017-02-06T05:16:28: 读取文件成功
2017-02-06T05:16:38: 读取文件成功
2017-02-06T05:16:48: 读取文件成功
2017-02-06T05:16:58: 读取文件成功
2017-02-06T05:17:08: 读取文件成功
2017-02-06T05:17:18: 读取文件成功
2017-02-06T05:17:28: 读取文件成功
2017-02-06T05:17:38: 读取文件成功
2017-02-06T05:17:48: 读取文件成功
2017-02-06T05:17:58: 读取文件成功
2017-02-06T05:18:08: 读取文件成功
2017-02-06T05:18:18: 读取文件成功
2017-02-06T05:18:28: 读取文件成功
2017-02-06T05:18:38: 读取文件成功
2017-02-06T05:18:48: 读取文件成功
2017-02-06T05:18:58: 读取文件成功
2017-02-06T05:19:08: 读取文件成功
2017-02-06T05:19:18: 读取文件成功
2017-02-06T05:19:28: 读取文件成功
2017-02-06T05:19:38: 读取文件成功
2017-02-06T05:19:48: 读取文件成功
2017-02-06T05:19:58: 读取文件成功
2017-02-06T05:20:08: 读取文件成功
2017-02-06T05:20:18: 读取文件成功
2017-02-06T05:20:28: 读取文件成功
2017-02-06T05:20:38: 读取文件成功
2017-02-06T05:20:48: 读取文件成功
2017-02-06T05:20:58: 读取文件成功
2017-02-06T05:21:08: 读取文件成功
2017-02-06T05:21:18: 读取文件成功
2017-02-06T05:21:28: 读取文件成功
2017-02-06T05:21:38: 读取文件成功
2017-02-06T05:21:48: 读取文件成功
2017-02-06T05:21:58: 读取文件成功
2017-02-06T05:22:08: 读取文件成功
2017-02-06T05:22:18: 读取文件成功
2017-02-06T05:22:28: 读取文件成功
2017-02-06T05:22:38: 读取文件成功
2017-02-06T05:22:48: 读取文件成功
2017-02-06T05:22:58: 读取文件成功
2017-02-06T05:23:08: 读取文件成功
2017-02-06T05:23:18: 读取文件成功
2017-02-06T05:23:28: 读取文件成功
2017-02-06T05:23:38: 读取文件成功
2017-02-06T05:23:48: 读取文件成功
2017-02-06T05:23:58: 读取文件成功
2017-02-06T05:24:08: 读取文件成功
2017-02-06T05:24:18: 读取文件成功
2017-02-06T05:24:28: 读取文件成功
2017-02-06T05:24:38: 读取文件成功
2017-02-06T05:24:48: 读取文件成功
2017-02-06T05:24:58: 读取文件成功
2017-02-06T05:25:08: 读取文件成功
2017-02-06T05:25:18: 读取文件成功
2017-02-06T05:25:28: 读取文件成功
2017-02-06T05:25:38: 读取文件成功
2017-02-06T05:25:48: 读取文件成功
2017-02-06T05:25:58: 读取文件成功
2017-02-06T05:26:08: 读取文件成功
2017-02-06T05:26:18: 读取文件成功
2017-02-06T05:26:28: 读取文件成功
2017-02-06T05:26:38: 读取文件成功
2017-02-06T05:26:48: 读取文件成功
2017-02-06T05:26:58: 读取文件成功
2017-02-06T05:27:08: 读取文件成功
2017-02-06T05:27:18: 读取文件成功
2017-02-06T05:27:28: 读取文件成功
2017-02-06T05:27:38: 读取文件成功
2017-02-06T05:27:48: 读取文件成功
2017-02-06T05:27:58: 读取文件成功
2017-02-06T05:28:08: 读取文件成功
2017-02-06T05:28:18: 读取文件成功
2017-02-06T05:28:28: 读取文件成功
2017-02-06T05:28:38: 读取文件成功
2017-02-06T05:28:48: 读取文件成功
2017-02-06T05:28:58: 读取文件成功
2017-02-06T05:29:08: 读取文件成功
2017-02-06T05:29:18: 读取文件成功
2017-02-06T05:29:28: 读取文件成功
2017-02-06T05:29:38: 读取文件成功
2017-02-06T05:29:48: 读取文件成功
2017-02-06T05:29:58: 读取文件成功
2017-02-06T05:30:08: 读取文件成功
2017-02-06T05:30:18: 读取文件成功
2017-02-06T05:30:28: 读取文件成功
2017-02-06T05:30:38: 读取文件成功
2017-02-06T05:30:48: 读取文件成功
2017-02-06T05:30:58: 读取文件成功
2017-02-06T05:31:08: 读取文件成功
2017-02-06T05:31:18: 读取文件成功
2017-02-06T05:31:28: 读取文件成功
2017-02-06T05:31:38: 读取文件成功
2017-02-06T05:31:48: 读取文件成功
2017-02-06T05:31:58: 读取文件成功
2017-02-06T05:32:08: 读取文件成功
2017-02-06T05:32:18: 读取文件成功
2017-02-06T05:32:29: 读取文件成功
2017-02-06T05:32:38: 读取文件成功
2017-02-06T05:32:48: 读取文件成功
2017-02-06T05:32:59: 读取文件成功
2017-02-06T05:33:09: 读取文件成功
2017-02-06T05:33:19: 读取文件成功
2017-02-06T05:33:29: 读取文件成功
2017-02-06T05:33:39: 读取文件成功
2017-02-06T05:33:49: 读取文件成功
2017-02-06T05:33:59: 读取文件成功
2017-02-06T05:34:09: 读取文件成功
2017-02-06T05:34:19: 读取文件成功
2017-02-06T05:34:29: 读取文件成功
2017-02-06T05:34:39: 读取文件成功
2017-02-06T05:34:49: 读取文件成功
2017-02-06T05:34:59: 读取文件成功
2017-02-06T05:35:09: 读取文件成功
2017-02-06T05:35:19: 读取文件成功
2017-02-06T05:35:29: 读取文件成功
2017-02-06T05:35:39: 读取文件成功
2017-02-06T05:35:49: 读取文件成功
2017-02-06T05:35:59: 读取文件成功
2017-02-06T05:36:09: 读取文件成功
2017-02-06T05:36:19: 读取文件成功
2017-02-06T05:36:29: 读取文件成功
2017-02-06T05:36:39: 读取文件成功
2017-02-06T05:36:49: 读取文件成功
2017-02-06T05:36:59: 读取文件成功
2017-02-06T05:37:09: 读取文件成功
2017-02-06T05:37:19: 读取文件成功
2017-02-06T05:37:29: 读取文件成功
2017-02-06T05:37:39: 读取文件成功
2017-02-06T05:37:49: 读取文件成功
2017-02-06T05:37:59: 读取文件成功
2017-02-06T05:38:09: 读取文件成功
2017-02-06T05:38:19: 读取文件成功
2017-02-06T05:38:29: 读取文件成功
2017-02-06T05:38:39: 读取文件成功
2017-02-06T05:38:49: 读取文件成功
2017-02-06T05:38:59: 读取文件成功
2017-02-06T05:39:09: 读取文件成功
2017-02-06T05:39:19: 读取文件成功
2017-02-06T05:39:29: 读取文件成功
2017-02-06T05:39:39: 读取文件成功
2017-02-06T05:39:49: 读取文件成功
2017-02-06T05:39:59: 读取文件成功
2017-02-06T05:40:09: 读取文件成功
2017-02-06T05:40:19: 读取文件成功
2017-02-06T05:40:29: 读取文件成功
2017-02-06T05:40:39: 读取文件成功
2017-02-06T05:40:49: 读取文件成功
2017-02-06T05:40:59: 读取文件成功
2017-02-06T05:41:09: 读取文件成功
2017-02-06T05:41:19: 读取文件成功
2017-02-06T05:41:29: 读取文件成功
2017-02-06T05:41:39: 读取文件成功
2017-02-06T05:41:49: 读取文件成功
2017-02-06T05:41:59: 读取文件成功
2017-02-06T05:42:09: 读取文件成功
2017-02-06T05:42:19: 读取文件成功
2017-02-06T05:42:29: 读取文件成功
2017-02-06T05:42:39: 读取文件成功
2017-02-06T05:42:49: 读取文件成功
2017-02-06T05:42:59: 读取文件成功
2017-02-06T05:43:09: 读取文件成功
2017-02-06T05:43:19: 读取文件成功
2017-02-06T05:43:29: 读取文件成功
2017-02-06T05:43:39: 读取文件成功
2017-02-06T05:43:49: 读取文件成功
2017-02-06T05:43:59: 读取文件成功
2017-02-06T05:44:09: 读取文件成功
2017-02-06T05:44:19: 读取文件成功
2017-02-06T05:44:29: 读取文件成功
2017-02-06T05:44:39: 读取文件成功
2017-02-06T05:44:49: 读取文件成功
2017-02-06T05:44:59: 读取文件成功
2017-02-06T05:45:09: 读取文件成功
2017-02-06T05:45:19: 读取文件成功
2017-02-06T05:45:29: 读取文件成功
2017-02-06T05:45:39: 读取文件成功
2017-02-06T05:45:49: 读取文件成功
2017-02-06T05:45:59: 读取文件成功
2017-02-06T05:46:09: 读取文件成功
2017-02-06T05:46:19: 读取文件成功
2017-02-06T05:46:29: 读取文件成功
2017-02-06T05:46:39: 读取文件成功
2017-02-06T05:46:49: 读取文件成功
2017-02-06T05:46:59: 读取文件成功
2017-02-06T05:47:09: 读取文件成功
2017-02-06T05:47:19: 读取文件成功
2017-02-06T05:47:29: 读取文件成功
2017-02-06T05:47:39: 读取文件成功
2017-02-06T05:47:50: 读取文件成功
2017-02-06T05:47:59: 读取文件成功
2017-02-06T05:48:09: 读取文件成功
2017-02-06T05:48:20: 读取文件成功
2017-02-06T05:48:29: 读取文件成功
2017-02-06T05:48:40: 读取文件成功
2017-02-06T05:48:50: 读取文件成功
2017-02-06T05:49:00: 读取文件成功
2017-02-06T05:49:10: 读取文件成功
2017-02-06T05:49:20: 读取文件成功
2017-02-06T05:49:30: 读取文件成功
2017-02-06T05:49:40: 读取文件成功
2017-02-06T05:49:50: 读取文件成功
2017-02-06T05:50:00: 读取文件成功
2017-02-06T05:50:10: 读取文件成功
2017-02-06T05:50:20: 读取文件成功
2017-02-06T05:50:30: 读取文件成功
2017-02-06T05:50:40: 读取文件成功
2017-02-06T05:50:50: 读取文件成功
2017-02-06T05:51:00: 读取文件成功
2017-02-06T05:51:10: 读取文件成功
2017-02-06T05:51:20: 读取文件成功
2017-02-06T05:51:30: 读取文件成功
2017-02-06T05:51:40: 读取文件成功
2017-02-06T05:51:50: 读取文件成功
2017-02-06T05:52:00: 读取文件成功
2017-02-06T05:52:10: 读取文件成功
2017-02-06T05:52:20: 读取文件成功
2017-02-06T05:52:30: 读取文件成功
2017-02-06T05:52:40: 读取文件成功
2017-02-06T05:52:50: 读取文件成功
2017-02-06T05:53:00: 读取文件成功
2017-02-06T05:53:10: 读取文件成功
2017-02-06T05:53:20: 读取文件成功
2017-02-06T05:53:30: 读取文件成功
2017-02-06T05:53:40: 读取文件成功
2017-02-06T05:53:50: 读取文件成功
2017-02-06T05:54:00: 读取文件成功
2017-02-06T05:54:10: 读取文件成功
2017-02-06T05:54:20: 读取文件成功
2017-02-06T05:54:30: 读取文件成功
2017-02-06T05:54:40: 读取文件成功
2017-02-06T05:54:50: 读取文件成功
2017-02-06T05:55:00: 读取文件成功
2017-02-06T05:55:10: 读取文件成功
2017-02-06T05:55:20: 读取文件成功
2017-02-06T05:55:30: 读取文件成功
2017-02-06T05:55:40: 读取文件成功
2017-02-06T05:55:50: 读取文件成功
2017-02-06T05:56:00: 读取文件成功
2017-02-06T05:56:10: 读取文件成功
2017-02-06T05:56:20: 读取文件成功
2017-02-06T05:56:30: 读取文件成功
2017-02-06T05:56:40: 读取文件成功
2017-02-06T05:56:50: 读取文件成功
2017-02-06T05:57:00: 读取文件成功
2017-02-06T05:57:10: 读取文件成功
2017-02-06T05:57:20: 读取文件成功
2017-02-06T05:57:30: 读取文件成功
2017-02-06T05:57:40: 读取文件成功
2017-02-06T05:57:50: 读取文件成功
2017-02-06T05:58:00: 读取文件成功
2017-02-06T05:58:10: 读取文件成功
2017-02-06T05:58:20: 读取文件成功
2017-02-06T05:58:30: 读取文件成功
2017-02-06T05:58:40: 读取文件成功
2017-02-06T05:58:50: 读取文件成功
2017-02-06T05:59:00: 读取文件成功
2017-02-06T05:59:10: 读取文件成功
2017-02-06T05:59:20: 读取文件成功
2017-02-06T05:59:30: 读取文件成功
2017-02-06T05:59:40: 读取文件成功
2017-02-06T05:59:50: 读取文件成功
2017-02-06T06:00:00: 读取文件成功
2017-02-06T06:00:10: 读取文件成功
2017-02-06T06:00:20: 读取文件成功
2017-02-06T06:00:30: 读取文件成功
2017-02-06T06:00:40: 读取文件成功
2017-02-06T06:00:50: 读取文件成功
2017-02-06T06:01:00: 读取文件成功
2017-02-06T06:01:10: 读取文件成功
2017-02-06T06:01:20: 读取文件成功
2017-02-06T06:01:30: 读取文件成功
2017-02-06T06:01:40: 读取文件成功
2017-02-06T06:01:50: 读取文件成功
2017-02-06T06:02:00: 读取文件成功
2017-02-06T06:02:10: 读取文件成功
2017-02-06T06:02:20: 读取文件成功
2017-02-06T06:02:30: 读取文件成功
2017-02-06T06:02:40: 读取文件成功
2017-02-06T06:02:50: 读取文件成功
2017-02-06T06:03:00: 读取文件成功
2017-02-06T06:03:10: 读取文件成功
2017-02-06T06:03:20: 读取文件成功
2017-02-06T06:03:30: 读取文件成功
2017-02-06T06:03:40: 读取文件成功
2017-02-06T06:03:50: 读取文件成功
2017-02-06T06:04:00: 读取文件成功
2017-02-06T06:04:10: 读取文件成功
2017-02-06T06:04:20: 读取文件成功
2017-02-06T06:04:30: 读取文件成功
2017-02-06T06:04:40: 读取文件成功
2017-02-06T06:04:50: 读取文件成功
2017-02-06T06:05:00: 读取文件成功
2017-02-06T06:05:10: 读取文件成功
2017-02-06T06:05:20: 读取文件成功
2017-02-06T06:05:30: 读取文件成功
2017-02-06T06:05:40: 读取文件成功
2017-02-06T06:05:50: 读取文件成功
2017-02-06T06:06:00: 读取文件成功
2017-02-06T06:06:10: 读取文件成功
2017-02-06T06:06:20: 读取文件成功
2017-02-06T06:06:30: 读取文件成功
2017-02-06T06:06:40: 读取文件成功
2017-02-06T06:06:50: 读取文件成功
2017-02-06T06:07:00: 读取文件成功
2017-02-06T06:07:11: 读取文件成功
2017-02-06T06:07:21: 读取文件成功
2017-02-06T06:07:31: 读取文件成功
2017-02-06T06:07:41: 读取文件成功
2017-02-06T06:07:51: 读取文件成功
2017-02-06T06:08:01: 读取文件成功
2017-02-06T06:08:11: 读取文件成功
2017-02-06T06:08:21: 读取文件成功
2017-02-06T06:08:31: 读取文件成功
2017-02-06T06:08:41: 读取文件成功
2017-02-06T06:08:51: 读取文件成功
2017-02-06T06:09:01: 读取文件成功
2017-02-06T06:09:11: 读取文件成功
2017-02-06T06:09:21: 读取文件成功
2017-02-06T06:09:31: 读取文件成功
2017-02-06T06:09:41: 读取文件成功
2017-02-06T06:09:51: 读取文件成功
2017-02-06T06:10:01: 读取文件成功
2017-02-06T06:10:11: 读取文件成功
2017-02-06T06:10:21: 读取文件成功
2017-02-06T06:10:31: 读取文件成功
2017-02-06T06:10:41: 读取文件成功
2017-02-06T06:10:51: 读取文件成功
2017-02-06T06:11:01: 读取文件成功
2017-02-06T06:11:11: 读取文件成功
2017-02-06T06:11:21: 读取文件成功
2017-02-06T06:11:31: 读取文件成功
2017-02-06T06:11:41: 读取文件成功
2017-02-06T06:11:51: 读取文件成功
2017-02-06T06:12:01: 读取文件成功
2017-02-06T06:12:11: 读取文件成功
2017-02-06T06:12:21: 读取文件成功
2017-02-06T06:12:31: 读取文件成功
2017-02-06T06:12:41: 读取文件成功
2017-02-06T06:12:51: 读取文件成功
2017-02-06T06:13:01: 读取文件成功
2017-02-06T06:13:11: 读取文件成功
2017-02-06T06:13:21: 读取文件成功
2017-02-06T06:13:31: 读取文件成功
2017-02-06T06:13:41: 读取文件成功
2017-02-06T06:13:51: 读取文件成功
2017-02-06T06:14:01: 读取文件成功
2017-02-06T06:14:11: 读取文件成功
2017-02-06T06:14:21: 读取文件成功
2017-02-06T06:14:31: 读取文件成功
2017-02-06T06:14:41: 读取文件成功
2017-02-06T06:14:51: 读取文件成功
2017-02-06T06:15:01: 读取文件成功
2017-02-06T06:15:11: 读取文件成功
2017-02-06T06:15:21: 读取文件成功
2017-02-06T06:15:31: 读取文件成功
2017-02-06T06:15:41: 读取文件成功
2017-02-06T06:15:51: 读取文件成功
2017-02-06T06:16:01: 读取文件成功
2017-02-06T06:16:11: 读取文件成功
2017-02-06T06:16:21: 读取文件成功
2017-02-06T06:16:31: 读取文件成功
2017-02-06T06:16:41: 读取文件成功
2017-02-06T06:16:51: 读取文件成功
2017-02-06T06:17:01: 读取文件成功
2017-02-06T06:17:11: 读取文件成功
2017-02-06T06:17:21: 读取文件成功
2017-02-06T06:17:31: 读取文件成功
2017-02-06T06:17:41: 读取文件成功
2017-02-06T06:17:51: 读取文件成功
2017-02-06T06:18:01: 读取文件成功
2017-02-06T06:18:11: 读取文件成功
2017-02-06T06:18:21: 读取文件成功
2017-02-06T06:18:31: 读取文件成功
2017-02-06T06:18:41: 读取文件成功
2017-02-06T06:18:51: 读取文件成功
2017-02-06T06:19:01: 读取文件成功
2017-02-06T06:19:11: 读取文件成功
2017-02-06T06:19:21: 读取文件成功
2017-02-06T06:19:31: 读取文件成功
2017-02-06T06:19:41: 读取文件成功
2017-02-06T06:19:51: 读取文件成功
2017-02-06T06:20:01: 读取文件成功
2017-02-06T06:20:11: 读取文件成功
2017-02-06T06:20:21: 读取文件成功
2017-02-06T06:20:31: 读取文件成功
2017-02-06T06:20:41: 读取文件成功
2017-02-06T06:20:51: 读取文件成功
2017-02-06T06:21:01: 读取文件成功
2017-02-06T06:21:11: 读取文件成功
2017-02-06T06:21:21: 读取文件成功
2017-02-06T06:21:31: 读取文件成功
2017-02-06T06:21:41: 读取文件成功
2017-02-06T06:21:51: 读取文件成功
2017-02-06T06:22:01: 读取文件成功
2017-02-06T06:22:11: 读取文件成功
2017-02-06T06:22:21: 读取文件成功
2017-02-06T06:22:31: 读取文件成功
2017-02-06T06:22:41: 读取文件成功
2017-02-06T06:22:51: 读取文件成功
2017-02-06T06:23:01: 读取文件成功
2017-02-06T06:23:11: 读取文件成功
2017-02-06T06:23:21: 读取文件成功
2017-02-06T06:23:31: 读取文件成功
2017-02-06T06:23:41: 读取文件成功
2017-02-06T06:23:51: 读取文件成功
2017-02-06T06:24:01: 读取文件成功
2017-02-06T06:24:11: 读取文件成功
2017-02-06T06:24:21: 读取文件成功
2017-02-06T06:24:31: 读取文件成功
2017-02-06T06:24:41: 读取文件成功
2017-02-06T06:24:51: 读取文件成功
2017-02-06T06:25:01: 读取文件成功
2017-02-06T06:25:11: 读取文件成功
2017-02-06T06:25:21: 读取文件成功
2017-02-06T06:25:31: 读取文件成功
2017-02-06T06:25:41: 读取文件成功
2017-02-06T06:25:51: 读取文件成功
2017-02-06T06:26:01: 读取文件成功
2017-02-06T06:26:11: 读取文件成功
2017-02-06T06:26:21: 读取文件成功
2017-02-06T06:26:31: 读取文件成功
2017-02-06T06:26:41: 读取文件成功
2017-02-06T06:26:52: 读取文件成功
2017-02-06T06:27:02: 读取文件成功
2017-02-06T06:27:12: 读取文件成功
2017-02-06T06:27:22: 读取文件成功
2017-02-06T06:27:32: 读取文件成功
2017-02-06T06:27:42: 读取文件成功
2017-02-06T06:27:52: 读取文件成功
2017-02-06T06:28:02: 读取文件成功
2017-02-06T06:28:12: 读取文件成功
2017-02-06T06:28:22: 读取文件成功
2017-02-06T06:28:32: 读取文件成功
2017-02-06T06:28:42: 读取文件成功
2017-02-06T06:28:52: 读取文件成功
2017-02-06T06:29:02: 读取文件成功
2017-02-06T06:29:12: 读取文件成功
2017-02-06T06:29:22: 读取文件成功
2017-02-06T06:29:32: 读取文件成功
2017-02-06T06:29:42: 读取文件成功
2017-02-06T06:29:52: 读取文件成功
2017-02-06T06:30:02: 读取文件成功
2017-02-06T06:30:12: 读取文件成功
2017-02-06T06:30:22: 读取文件成功
2017-02-06T06:30:32: 读取文件成功
2017-02-06T06:30:42: 读取文件成功
2017-02-06T06:30:52: 读取文件成功
2017-02-06T06:31:02: 读取文件成功
2017-02-06T06:31:12: 读取文件成功
2017-02-06T06:31:22: 读取文件成功
2017-02-06T06:31:32: 读取文件成功
2017-02-06T06:31:42: 读取文件成功
2017-02-06T06:31:52: 读取文件成功
2017-02-06T06:32:02: 读取文件成功
2017-02-06T06:32:12: 读取文件成功
2017-02-06T06:32:22: 读取文件成功
2017-02-06T06:32:32: 读取文件成功
2017-02-06T06:32:42: 读取文件成功
2017-02-06T06:32:52: 读取文件成功
2017-02-06T06:33:02: 读取文件成功
2017-02-06T06:33:12: 读取文件成功
2017-02-06T06:33:22: 读取文件成功
2017-02-06T06:33:32: 读取文件成功
2017-02-06T06:33:42: 读取文件成功
2017-02-06T06:33:52: 读取文件成功
2017-02-06T06:34:02: 读取文件成功
2017-02-06T06:34:12: 读取文件成功
2017-02-06T06:34:22: 读取文件成功
2017-02-06T06:34:32: 读取文件成功
2017-02-06T06:34:42: 读取文件成功
2017-02-06T06:34:52: 读取文件成功
2017-02-06T06:35:02: 读取文件成功
2017-02-06T06:35:12: 读取文件成功
2017-02-06T06:35:22: 读取文件成功
2017-02-06T06:35:32: 读取文件成功
2017-02-06T06:35:42: 读取文件成功
2017-02-06T06:35:52: 读取文件成功
2017-02-06T06:36:02: 读取文件成功
2017-02-06T06:36:12: 读取文件成功
2017-02-06T06:36:22: 读取文件成功
2017-02-06T06:36:32: 读取文件成功
2017-02-06T06:36:42: 读取文件成功
2017-02-06T06:36:52: 读取文件成功
2017-02-06T06:37:02: 读取文件成功
2017-02-06T06:37:12: 读取文件成功
2017-02-06T06:37:22: 读取文件成功
2017-02-06T06:37:32: 读取文件成功
2017-02-06T06:37:42: 读取文件成功
2017-02-06T06:37:52: 读取文件成功
2017-02-06T06:38:02: 读取文件成功
2017-02-06T06:38:12: 读取文件成功
2017-02-06T06:38:22: 读取文件成功
2017-02-06T06:38:32: 读取文件成功
2017-02-06T06:38:42: 读取文件成功
2017-02-06T06:38:52: 读取文件成功
2017-02-06T06:39:02: 读取文件成功
2017-02-06T06:39:12: 读取文件成功
2017-02-06T06:39:22: 读取文件成功
2017-02-06T06:39:32: 读取文件成功
2017-02-06T06:39:42: 读取文件成功
2017-02-06T06:39:52: 读取文件成功
2017-02-06T06:40:02: 读取文件成功
2017-02-06T06:40:12: 读取文件成功
2017-02-06T06:40:22: 读取文件成功
2017-02-06T06:40:32: 读取文件成功
2017-02-06T06:40:42: 读取文件成功
2017-02-06T06:40:52: 读取文件成功
2017-02-06T06:41:02: 读取文件成功
2017-02-06T06:41:12: 读取文件成功
2017-02-06T06:41:22: 读取文件成功
2017-02-06T06:41:32: 读取文件成功
2017-02-06T06:41:42: 读取文件成功
2017-02-06T06:41:52: 读取文件成功
2017-02-06T06:42:02: 读取文件成功
2017-02-06T06:42:12: 读取文件成功
2017-02-06T06:42:22: 读取文件成功
2017-02-06T06:42:32: 读取文件成功
2017-02-06T06:42:43: 读取文件成功
2017-02-06T06:42:53: 读取文件成功
2017-02-06T06:43:03: 读取文件成功
2017-02-06T06:43:13: 读取文件成功
2017-02-06T06:43:23: 读取文件成功
2017-02-06T06:43:33: 读取文件成功
2017-02-06T06:43:43: 读取文件成功
2017-02-06T06:43:53: 读取文件成功
2017-02-06T06:44:03: 读取文件成功
2017-02-06T06:44:13: 读取文件成功
2017-02-06T06:44:23: 读取文件成功
2017-02-06T06:44:33: 读取文件成功
2017-02-06T06:44:43: 读取文件成功
2017-02-06T06:44:53: 读取文件成功
2017-02-06T06:45:03: 读取文件成功
2017-02-06T06:45:13: 读取文件成功
2017-02-06T06:45:23: 读取文件成功
2017-02-06T06:45:33: 读取文件成功
2017-02-06T06:45:43: 读取文件成功
2017-02-06T06:45:53: 读取文件成功
2017-02-06T06:46:03: 读取文件成功
2017-02-06T06:46:13: 读取文件成功
2017-02-06T06:46:23: 读取文件成功
2017-02-06T06:46:33: 读取文件成功
2017-02-06T06:46:43: 读取文件成功
2017-02-06T06:46:53: 读取文件成功
2017-02-06T06:47:03: 读取文件成功
2017-02-06T06:47:13: 读取文件成功
2017-02-06T06:47:23: 读取文件成功
2017-02-06T06:47:33: 读取文件成功
2017-02-06T06:47:43: 读取文件成功
2017-02-06T06:47:53: 读取文件成功
2017-02-06T06:48:03: 读取文件成功
2017-02-06T06:48:13: 读取文件成功
2017-02-06T06:48:23: 读取文件成功
2017-02-06T06:48:33: 读取文件成功
2017-02-06T06:48:43: 读取文件成功
2017-02-06T06:48:53: 读取文件成功
2017-02-06T06:49:03: 读取文件成功
2017-02-06T06:49:13: 读取文件成功
2017-02-06T06:49:23: 读取文件成功
2017-02-06T06:49:33: 读取文件成功
2017-02-06T06:49:43: 读取文件成功
2017-02-06T06:49:53: 读取文件成功
2017-02-06T06:50:03: 读取文件成功
2017-02-06T06:50:13: 读取文件成功
2017-02-06T06:50:23: 读取文件成功
2017-02-06T06:50:33: 读取文件成功
2017-02-06T06:50:43: 读取文件成功
2017-02-06T06:50:53: 读取文件成功
2017-02-06T06:51:03: 读取文件成功
2017-02-06T06:51:13: 读取文件成功
2017-02-06T06:51:23: 读取文件成功
2017-02-06T06:51:33: 读取文件成功
2017-02-06T06:51:43: 读取文件成功
2017-02-06T06:51:53: 读取文件成功
2017-02-06T06:52:03: 读取文件成功
2017-02-06T06:52:13: 读取文件成功
2017-02-06T06:52:23: 读取文件成功
2017-02-06T06:52:33: 读取文件成功
2017-02-06T06:52:43: 读取文件成功
2017-02-06T06:52:53: 读取文件成功
2017-02-06T06:53:03: 读取文件成功
2017-02-06T06:53:13: 读取文件成功
2017-02-06T06:53:23: 读取文件成功
2017-02-06T06:53:33: 读取文件成功
2017-02-06T06:53:43: 读取文件成功
2017-02-06T06:53:53: 读取文件成功
2017-02-06T06:54:03: 读取文件成功
2017-02-06T06:54:13: 读取文件成功
2017-02-06T06:54:23: 读取文件成功
2017-02-06T06:54:33: 读取文件成功
2017-02-06T06:54:43: 读取文件成功
2017-02-06T06:54:53: 读取文件成功
2017-02-06T06:55:03: 读取文件成功
2017-02-06T06:55:13: 读取文件成功
2017-02-06T06:55:23: 读取文件成功
2017-02-06T06:55:33: 读取文件成功
2017-02-06T06:55:43: 读取文件成功
2017-02-06T06:55:53: 读取文件成功
2017-02-06T06:56:03: 读取文件成功
2017-02-06T06:56:13: 读取文件成功
2017-02-06T06:56:23: 读取文件成功
2017-02-06T06:56:33: 读取文件成功
2017-02-06T06:56:43: 读取文件成功
2017-02-06T06:56:53: 读取文件成功
2017-02-06T06:57:03: 读取文件成功
2017-02-06T06:57:13: 读取文件成功
2017-02-06T06:57:23: 读取文件成功
2017-02-06T06:57:33: 读取文件成功
2017-02-06T06:57:43: 读取文件成功
2017-02-06T06:57:53: 读取文件成功
2017-02-06T06:58:03: 读取文件成功
2017-02-06T06:58:13: 读取文件成功
2017-02-06T06:58:23: 读取文件成功
2017-02-06T06:58:33: 读取文件成功
2017-02-06T06:58:43: 读取文件成功
2017-02-06T06:58:53: 读取文件成功
2017-02-06T06:59:03: 读取文件成功
2017-02-06T06:59:13: 读取文件成功
2017-02-06T06:59:23: 读取文件成功
2017-02-06T06:59:34: 读取文件成功
2017-02-06T06:59:44: 读取文件成功
2017-02-06T06:59:54: 读取文件成功
2017-02-06T07:00:04: 读取文件成功
2017-02-06T07:00:14: 读取文件成功
2017-02-06T07:00:24: 读取文件成功
2017-02-06T07:00:34: 读取文件成功
2017-02-06T07:00:44: 读取文件成功
2017-02-06T07:00:54: 读取文件成功
2017-02-06T07:01:04: 读取文件成功
2017-02-06T07:01:14: 读取文件成功
2017-02-06T07:01:24: 读取文件成功
2017-02-06T07:01:34: 读取文件成功
2017-02-06T07:01:44: 读取文件成功
2017-02-06T07:01:54: 读取文件成功
2017-02-06T07:02:04: 读取文件成功
2017-02-06T07:02:14: 读取文件成功
2017-02-06T07:02:24: 读取文件成功
2017-02-06T07:02:34: 读取文件成功
2017-02-06T07:02:44: 读取文件成功
2017-02-06T07:02:54: 读取文件成功
2017-02-06T07:03:04: 读取文件成功
2017-02-06T07:03:14: 读取文件成功
2017-02-06T07:03:24: 读取文件成功
2017-02-06T07:03:34: 读取文件成功
2017-02-06T07:03:44: 读取文件成功
2017-02-06T07:03:54: 读取文件成功
2017-02-06T07:04:04: 读取文件成功
2017-02-06T07:04:14: 读取文件成功
2017-02-06T07:04:24: 读取文件成功
2017-02-06T07:04:34: 读取文件成功
2017-02-06T07:04:44: 读取文件成功
2017-02-06T07:04:54: 读取文件成功
2017-02-06T07:05:04: 读取文件成功
2017-02-06T07:05:14: 读取文件成功
2017-02-06T07:05:24: 读取文件成功
2017-02-06T07:05:34: 读取文件成功
2017-02-06T07:05:44: 读取文件成功
2017-02-06T07:05:54: 读取文件成功
2017-02-06T07:06:04: 读取文件成功
2017-02-06T07:06:14: 读取文件成功
2017-02-06T07:06:24: 读取文件成功
2017-02-06T07:06:34: 读取文件成功
2017-02-06T07:06:44: 读取文件成功
2017-02-06T07:06:54: 读取文件成功
2017-02-06T07:07:04: 读取文件成功
2017-02-06T07:07:14: 读取文件成功
2017-02-06T07:07:24: 读取文件成功
2017-02-06T07:07:34: 读取文件成功
2017-02-06T07:07:44: 读取文件成功
2017-02-06T07:07:54: 读取文件成功
2017-02-06T07:08:04: 读取文件成功
2017-02-06T07:08:14: 读取文件成功
2017-02-06T07:08:24: 读取文件成功
2017-02-06T07:08:34: 读取文件成功
2017-02-06T07:08:44: 读取文件成功
2017-02-06T07:08:54: 读取文件成功
2017-02-06T07:09:04: 读取文件成功
2017-02-06T07:09:14: 读取文件成功
2017-02-06T07:09:24: 读取文件成功
2017-02-06T07:09:34: 读取文件成功
2017-02-06T07:09:44: 读取文件成功
2017-02-06T07:09:54: 读取文件成功
2017-02-06T07:10:04: 读取文件成功
2017-02-06T07:10:14: 读取文件成功
2017-02-06T07:10:24: 读取文件成功
2017-02-06T07:10:34: 读取文件成功
2017-02-06T07:10:44: 读取文件成功
2017-02-06T07:10:54: 读取文件成功
2017-02-06T07:11:04: 读取文件成功
2017-02-06T07:11:14: 读取文件成功
2017-02-06T07:11:24: 读取文件成功
2017-02-06T07:11:34: 读取文件成功
2017-02-06T07:11:44: 读取文件成功
2017-02-06T07:11:54: 读取文件成功
2017-02-06T07:12:04: 读取文件成功
2017-02-06T07:12:14: 读取文件成功
2017-02-06T07:12:24: 读取文件成功
2017-02-06T07:12:34: 读取文件成功
2017-02-06T07:12:44: 读取文件成功
2017-02-06T07:12:54: 读取文件成功
2017-02-06T07:13:04: 读取文件成功
2017-02-06T07:13:14: 读取文件成功
2017-02-06T07:13:24: 读取文件成功
2017-02-06T07:13:34: 读取文件成功
2017-02-06T07:13:44: 读取文件成功
2017-02-06T07:13:54: 读取文件成功
2017-02-06T07:14:04: 读取文件成功
2017-02-06T07:14:14: 读取文件成功
2017-02-06T07:14:24: 读取文件成功
2017-02-06T07:14:34: 读取文件成功
2017-02-06T07:14:44: 读取文件成功
2017-02-06T07:14:55: 读取文件成功
2017-02-06T07:15:04: 读取文件成功
2017-02-06T07:15:14: 读取文件成功
2017-02-06T07:15:24: 读取文件成功
2017-02-06T07:15:35: 读取文件成功
2017-02-06T07:15:45: 读取文件成功
2017-02-06T07:15:55: 读取文件成功
2017-02-06T07:16:05: 读取文件成功
2017-02-06T07:16:15: 读取文件成功
2017-02-06T07:16:25: 读取文件成功
2017-02-06T07:16:35: 读取文件成功
2017-02-06T07:16:45: 读取文件成功
2017-02-06T07:16:55: 读取文件成功
2017-02-06T07:17:05: 读取文件成功
2017-02-06T07:17:15: 读取文件成功
2017-02-06T07:17:25: 读取文件成功
2017-02-06T07:17:35: 读取文件成功
2017-02-06T07:17:45: 读取文件成功
2017-02-06T07:17:55: 读取文件成功
2017-02-06T07:18:05: 读取文件成功
2017-02-06T07:18:15: 读取文件成功
2017-02-06T07:18:25: 读取文件成功
2017-02-06T07:18:35: 读取文件成功
2017-02-06T07:18:45: 读取文件成功
2017-02-06T07:18:55: 读取文件成功
2017-02-06T07:19:05: 读取文件成功
2017-02-06T07:19:15: 读取文件成功
2017-02-06T07:19:25: 读取文件成功
2017-02-06T07:19:35: 读取文件成功
2017-02-06T07:19:45: 读取文件成功
2017-02-06T07:19:55: 读取文件成功
2017-02-06T07:20:05: 读取文件成功
2017-02-06T07:20:15: 读取文件成功
2017-02-06T07:20:25: 读取文件成功
2017-02-06T07:20:35: 读取文件成功
2017-02-06T07:20:45: 读取文件成功
2017-02-06T07:20:55: 读取文件成功
2017-02-06T07:21:05: 读取文件成功
2017-02-06T07:21:15: 读取文件成功
2017-02-06T07:21:25: 读取文件成功
2017-02-06T07:21:35: 读取文件成功
2017-02-06T07:21:45: 读取文件成功
2017-02-06T07:21:55: 读取文件成功
2017-02-06T07:22:05: 读取文件成功
2017-02-06T07:22:15: 读取文件成功
2017-02-06T07:22:25: 读取文件成功
2017-02-06T07:22:35: 读取文件成功
2017-02-06T07:22:45: 读取文件成功
2017-02-06T07:22:55: 读取文件成功
2017-02-06T07:23:05: 读取文件成功
2017-02-06T07:23:15: 读取文件成功
2017-02-06T07:23:25: 读取文件成功
2017-02-06T07:23:35: 读取文件成功
2017-02-06T07:23:45: 读取文件成功
2017-02-06T07:23:55: 读取文件成功
2017-02-06T07:24:05: 读取文件成功
2017-02-06T07:24:15: 读取文件成功
2017-02-06T07:24:25: 读取文件成功
2017-02-06T07:24:35: 读取文件成功
2017-02-06T07:24:45: 读取文件成功
2017-02-06T07:24:55: 读取文件成功
2017-02-06T07:25:05: 读取文件成功
2017-02-06T07:25:15: 读取文件成功
2017-02-06T07:25:25: 读取文件成功
2017-02-06T07:25:35: 读取文件成功
2017-02-06T07:25:45: 读取文件成功
2017-02-06T07:25:55: 读取文件成功
2017-02-06T07:26:05: 读取文件成功
2017-02-06T07:26:15: 读取文件成功
2017-02-06T07:26:25: 读取文件成功
2017-02-06T07:26:35: 读取文件成功
2017-02-06T07:26:45: 读取文件成功
2017-02-06T07:26:55: 读取文件成功
2017-02-06T07:27:05: 读取文件成功
2017-02-06T07:27:15: 读取文件成功
2017-02-06T07:27:25: 读取文件成功
2017-02-06T07:27:35: 读取文件成功
2017-02-06T07:27:45: 读取文件成功
2017-02-06T07:27:55: 读取文件成功
2017-02-06T07:28:05: 读取文件成功
2017-02-06T07:28:15: 读取文件成功
2017-02-06T07:28:25: 读取文件成功
2017-02-06T07:28:35: 读取文件成功
2017-02-06T07:28:45: 读取文件成功
2017-02-06T07:28:55: 读取文件成功
2017-02-06T07:29:05: 读取文件成功
