2017-05-03T00:00:49: 非记录时间：2017-05-03T00:00:49+08:00
2017-05-03T00:01:49: 非记录时间：2017-05-03T00:01:49+08:00
2017-05-03T00:02:49: 非记录时间：2017-05-03T00:02:49+08:00
2017-05-03T00:03:49: 非记录时间：2017-05-03T00:03:49+08:00
2017-05-03T00:04:49: 非记录时间：2017-05-03T00:04:49+08:00
2017-05-03T00:05:49: 非记录时间：2017-05-03T00:05:49+08:00
2017-05-03T00:06:49: 非记录时间：2017-05-03T00:06:49+08:00
2017-05-03T00:07:49: 非记录时间：2017-05-03T00:07:49+08:00
2017-05-03T00:08:49: 非记录时间：2017-05-03T00:08:49+08:00
2017-05-03T00:09:49: 非记录时间：2017-05-03T00:09:49+08:00
2017-05-03T00:10:49: 非记录时间：2017-05-03T00:10:49+08:00
2017-05-03T00:11:49: 非记录时间：2017-05-03T00:11:49+08:00
2017-05-03T00:12:49: 非记录时间：2017-05-03T00:12:49+08:00
2017-05-03T00:13:49: 非记录时间：2017-05-03T00:13:49+08:00
2017-05-03T00:14:49: 非记录时间：2017-05-03T00:14:49+08:00
2017-05-03T00:15:49: 非记录时间：2017-05-03T00:15:49+08:00
2017-05-03T00:16:49: 非记录时间：2017-05-03T00:16:49+08:00
2017-05-03T00:17:49: 非记录时间：2017-05-03T00:17:49+08:00
2017-05-03T00:18:49: 非记录时间：2017-05-03T00:18:49+08:00
2017-05-03T00:19:49: 非记录时间：2017-05-03T00:19:49+08:00
2017-05-03T00:20:49: 非记录时间：2017-05-03T00:20:49+08:00
2017-05-03T00:21:49: 非记录时间：2017-05-03T00:21:49+08:00
2017-05-03T00:22:49: 非记录时间：2017-05-03T00:22:49+08:00
2017-05-03T00:23:49: 非记录时间：2017-05-03T00:23:49+08:00
2017-05-03T00:24:49: 非记录时间：2017-05-03T00:24:49+08:00
2017-05-03T00:25:49: 非记录时间：2017-05-03T00:25:49+08:00
2017-05-03T00:26:49: 非记录时间：2017-05-03T00:26:49+08:00
2017-05-03T00:27:49: 非记录时间：2017-05-03T00:27:49+08:00
2017-05-03T00:28:49: 非记录时间：2017-05-03T00:28:49+08:00
2017-05-03T00:29:49: 非记录时间：2017-05-03T00:29:49+08:00
2017-05-03T00:30:49: 非记录时间：2017-05-03T00:30:49+08:00
2017-05-03T00:31:49: 非记录时间：2017-05-03T00:31:49+08:00
2017-05-03T00:32:49: 非记录时间：2017-05-03T00:32:49+08:00
2017-05-03T00:33:49: 非记录时间：2017-05-03T00:33:49+08:00
2017-05-03T00:34:49: 非记录时间：2017-05-03T00:34:49+08:00
2017-05-03T00:35:49: 非记录时间：2017-05-03T00:35:49+08:00
2017-05-03T00:36:49: 非记录时间：2017-05-03T00:36:49+08:00
2017-05-03T00:37:49: 非记录时间：2017-05-03T00:37:49+08:00
2017-05-03T00:38:49: 非记录时间：2017-05-03T00:38:49+08:00
2017-05-03T00:39:49: 非记录时间：2017-05-03T00:39:49+08:00
2017-05-03T00:40:49: 非记录时间：2017-05-03T00:40:49+08:00
2017-05-03T00:41:49: 非记录时间：2017-05-03T00:41:49+08:00
2017-05-03T00:42:49: 非记录时间：2017-05-03T00:42:49+08:00
2017-05-03T00:43:49: 非记录时间：2017-05-03T00:43:49+08:00
2017-05-03T00:44:49: 非记录时间：2017-05-03T00:44:49+08:00
2017-05-03T00:45:49: 非记录时间：2017-05-03T00:45:49+08:00
2017-05-03T00:46:49: 非记录时间：2017-05-03T00:46:49+08:00
2017-05-03T00:47:49: 非记录时间：2017-05-03T00:47:49+08:00
2017-05-03T00:48:49: 非记录时间：2017-05-03T00:48:49+08:00
2017-05-03T00:49:49: 非记录时间：2017-05-03T00:49:49+08:00
2017-05-03T00:50:49: 非记录时间：2017-05-03T00:50:49+08:00
2017-05-03T00:51:49: 非记录时间：2017-05-03T00:51:49+08:00
2017-05-03T00:52:49: 非记录时间：2017-05-03T00:52:49+08:00
2017-05-03T00:53:49: 非记录时间：2017-05-03T00:53:49+08:00
2017-05-03T00:54:49: 非记录时间：2017-05-03T00:54:49+08:00
2017-05-03T00:55:49: 非记录时间：2017-05-03T00:55:49+08:00
2017-05-03T00:56:49: 非记录时间：2017-05-03T00:56:49+08:00
2017-05-03T00:57:49: 非记录时间：2017-05-03T00:57:49+08:00
2017-05-03T00:58:49: 非记录时间：2017-05-03T00:58:49+08:00
2017-05-03T00:59:49: 非记录时间：2017-05-03T00:59:49+08:00
2017-05-03T01:00:49: 非记录时间：2017-05-03T01:00:49+08:00
2017-05-03T01:01:49: 非记录时间：2017-05-03T01:01:49+08:00
2017-05-03T01:02:49: 非记录时间：2017-05-03T01:02:49+08:00
2017-05-03T01:03:49: 非记录时间：2017-05-03T01:03:49+08:00
2017-05-03T01:04:49: 非记录时间：2017-05-03T01:04:49+08:00
2017-05-03T01:05:49: 非记录时间：2017-05-03T01:05:49+08:00
2017-05-03T01:06:49: 非记录时间：2017-05-03T01:06:49+08:00
2017-05-03T01:07:49: 非记录时间：2017-05-03T01:07:49+08:00
2017-05-03T01:08:49: 非记录时间：2017-05-03T01:08:49+08:00
2017-05-03T01:09:49: 非记录时间：2017-05-03T01:09:49+08:00
2017-05-03T01:10:49: 非记录时间：2017-05-03T01:10:49+08:00
2017-05-03T01:11:50: 读取文件失败，可能是该文件不存在
2017-05-03T01:11:50: Error: ENOENT: no such file or directory, open './data/2017-05-03.json'
2017-05-03T01:12:50: 读取文件成功
2017-05-03T01:13:50: 读取文件成功
2017-05-03T01:14:50: 读取文件成功
2017-05-03T01:15:50: 读取文件成功
2017-05-03T01:16:50: 读取文件成功
2017-05-03T01:17:50: 读取文件成功
2017-05-03T01:18:50: 读取文件成功
2017-05-03T01:19:50: 读取文件成功
2017-05-03T01:20:50: 读取文件成功
2017-05-03T01:21:50: 读取文件成功
2017-05-03T01:22:50: 读取文件成功
2017-05-03T01:23:50: 读取文件成功
2017-05-03T01:24:50: 读取文件成功
2017-05-03T01:25:50: 读取文件成功
2017-05-03T01:26:50: 读取文件成功
2017-05-03T01:27:51: 读取文件成功
2017-05-03T01:28:50: 读取文件成功
2017-05-03T01:29:50: 读取文件成功
2017-05-03T01:30:50: 读取文件成功
2017-05-03T01:31:57: 读取文件成功
2017-05-03T01:32:50: 读取文件成功
2017-05-03T01:34:00: 读取文件成功
2017-05-03T01:34:50: 读取文件成功
2017-05-03T01:35:50: 读取文件成功
2017-05-03T01:36:50: 读取文件成功
2017-05-03T01:37:50: 读取文件成功
2017-05-03T01:38:50: 读取文件成功
2017-05-03T01:39:50: 读取文件成功
2017-05-03T01:40:50: 读取文件成功
2017-05-03T01:41:50: 读取文件成功
2017-05-03T01:42:50: 读取文件成功
2017-05-03T01:43:50: 读取文件成功
2017-05-03T01:44:50: 读取文件成功
2017-05-03T01:45:50: 读取文件成功
2017-05-03T01:46:51: 读取文件成功
2017-05-03T01:47:50: 读取文件成功
2017-05-03T01:48:50: 读取文件成功
2017-05-03T01:49:50: 读取文件成功
2017-05-03T01:50:50: 读取文件成功
2017-05-03T01:51:50: 读取文件成功
2017-05-03T01:52:50: 读取文件成功
2017-05-03T01:53:50: 读取文件成功
2017-05-03T01:54:50: 读取文件成功
2017-05-03T01:55:50: 读取文件成功
2017-05-03T01:56:50: 读取文件成功
2017-05-03T01:57:50: 读取文件成功
2017-05-03T01:58:51: 读取文件成功
2017-05-03T01:59:51: 读取文件成功
2017-05-03T02:00:50: 读取文件成功
2017-05-03T02:01:50: 读取文件成功
2017-05-03T02:02:50: 读取文件成功
2017-05-03T02:03:50: 读取文件成功
2017-05-03T02:04:50: 读取文件成功
2017-05-03T02:05:50: 读取文件成功
2017-05-03T02:06:50: 读取文件成功
2017-05-03T02:07:51: 读取文件成功
2017-05-03T02:08:50: 读取文件成功
2017-05-03T02:09:50: 读取文件成功
2017-05-03T02:10:51: 读取文件成功
2017-05-03T02:11:50: 读取文件成功
2017-05-03T02:12:51: 读取文件成功
2017-05-03T02:13:50: 读取文件成功
2017-05-03T02:14:50: 读取文件成功
2017-05-03T02:15:50: 读取文件成功
2017-05-03T02:16:51: 读取文件成功
2017-05-03T02:17:51: 读取文件成功
2017-05-03T02:19:09: 读取文件成功
2017-05-03T02:19:53: 读取文件成功
2017-05-03T02:20:51: 读取文件成功
2017-05-03T02:21:51: 读取文件成功
2017-05-03T02:22:53: 读取文件成功
2017-05-03T02:23:51: 读取文件成功
2017-05-03T02:24:51: 读取文件成功
2017-05-03T02:25:51: 读取文件成功
2017-05-03T02:26:51: 读取文件成功
2017-05-03T02:27:51: 读取文件成功
2017-05-03T02:28:51: 读取文件成功
2017-05-03T02:29:51: 读取文件成功
2017-05-03T02:30:51: 读取文件成功
2017-05-03T02:31:51: 读取文件成功
2017-05-03T02:32:51: 读取文件成功
2017-05-03T02:33:51: 读取文件成功
2017-05-03T02:34:51: 读取文件成功
2017-05-03T02:35:51: 读取文件成功
2017-05-03T02:36:51: 读取文件成功
2017-05-03T02:37:51: 读取文件成功
2017-05-03T02:38:51: 读取文件成功
2017-05-03T02:39:51: 读取文件成功
2017-05-03T02:40:51: 读取文件成功
2017-05-03T02:41:51: 读取文件成功
2017-05-03T02:42:51: 读取文件成功
2017-05-03T02:43:51: 读取文件成功
2017-05-03T02:44:51: 读取文件成功
2017-05-03T02:45:51: 读取文件成功
2017-05-03T02:46:51: 读取文件成功
2017-05-03T02:47:51: 读取文件成功
2017-05-03T02:48:51: 读取文件成功
2017-05-03T02:49:51: 读取文件成功
2017-05-03T02:50:51: 读取文件成功
2017-05-03T02:51:51: 读取文件成功
2017-05-03T02:52:51: 读取文件成功
2017-05-03T02:53:51: 读取文件成功
2017-05-03T02:54:51: 读取文件成功
2017-05-03T02:55:51: 读取文件成功
2017-05-03T02:56:51: 读取文件成功
2017-05-03T02:57:51: 读取文件成功
2017-05-03T02:58:51: 读取文件成功
2017-05-03T02:59:51: 读取文件成功
2017-05-03T03:00:51: 读取文件成功
2017-05-03T03:01:51: 读取文件成功
2017-05-03T03:02:51: 读取文件成功
2017-05-03T03:03:51: 读取文件成功
2017-05-03T03:04:51: 读取文件成功
2017-05-03T03:05:51: 读取文件成功
2017-05-03T03:06:51: 读取文件成功
2017-05-03T03:07:51: 读取文件成功
2017-05-03T03:08:51: 读取文件成功
2017-05-03T03:09:51: 读取文件成功
2017-05-03T03:10:51: 读取文件成功
2017-05-03T03:11:51: 读取文件成功
2017-05-03T03:12:51: 读取文件成功
2017-05-03T03:13:51: 读取文件成功
2017-05-03T03:14:51: 读取文件成功
2017-05-03T03:15:51: 读取文件成功
2017-05-03T03:16:51: 读取文件成功
2017-05-03T03:17:51: 读取文件成功
2017-05-03T03:18:51: 读取文件成功
2017-05-03T03:19:51: 读取文件成功
2017-05-03T03:20:51: 读取文件成功
2017-05-03T03:21:51: 读取文件成功
2017-05-03T03:22:51: 读取文件成功
2017-05-03T03:23:51: 读取文件成功
2017-05-03T03:24:51: 读取文件成功
2017-05-03T03:25:51: 读取文件成功
2017-05-03T03:26:51: 读取文件成功
2017-05-03T03:27:51: 读取文件成功
2017-05-03T03:28:51: 读取文件成功
2017-05-03T03:29:51: 读取文件成功
2017-05-03T03:30:51: 读取文件成功
2017-05-03T03:31:51: 读取文件成功
2017-05-03T03:32:51: 读取文件成功
2017-05-03T03:33:51: 读取文件成功
2017-05-03T03:34:51: 读取文件成功
2017-05-03T03:35:51: 读取文件成功
2017-05-03T03:36:51: 读取文件成功
2017-05-03T03:37:51: 读取文件成功
2017-05-03T03:38:52: 读取文件成功
2017-05-03T03:39:51: 读取文件成功
2017-05-03T03:40:51: 读取文件成功
2017-05-03T03:41:51: 读取文件成功
2017-05-03T03:42:51: 读取文件成功
2017-05-03T03:43:51: 读取文件成功
2017-05-03T03:44:51: 读取文件成功
2017-05-03T03:45:52: 读取文件成功
2017-05-03T03:46:51: 读取文件成功
2017-05-03T03:47:51: 读取文件成功
2017-05-03T03:48:52: 读取文件成功
2017-05-03T03:49:52: 读取文件成功
2017-05-03T03:50:52: 读取文件成功
2017-05-03T03:51:52: 读取文件成功
2017-05-03T03:52:51: 读取文件成功
2017-05-03T03:54:31: 读取文件成功
2017-05-03T03:54:51: 读取文件成功
2017-05-03T03:55:51: 读取文件成功
2017-05-03T03:56:51: 读取文件成功
2017-05-03T03:57:52: 读取文件成功
2017-05-03T03:58:52: 读取文件成功
2017-05-03T03:59:52: 读取文件成功
2017-05-03T04:00:52: 读取文件成功
2017-05-03T04:01:52: 读取文件成功
2017-05-03T04:02:51: 读取文件成功
2017-05-03T04:03:52: 读取文件成功
2017-05-03T04:04:51: 读取文件成功
2017-05-03T04:05:51: 读取文件成功
2017-05-03T04:06:52: 读取文件成功
2017-05-03T04:07:52: 读取文件成功
2017-05-03T04:08:52: 读取文件成功
2017-05-03T04:09:52: 读取文件成功
2017-05-03T04:10:52: 读取文件成功
2017-05-03T04:11:52: 读取文件成功
2017-05-03T04:12:52: 读取文件成功
2017-05-03T04:13:52: 读取文件成功
2017-05-03T04:14:52: 读取文件成功
2017-05-03T04:15:52: 读取文件成功
2017-05-03T04:16:52: 读取文件成功
2017-05-03T04:17:52: 读取文件成功
2017-05-03T04:18:52: 读取文件成功
2017-05-03T04:19:52: 读取文件成功
2017-05-03T04:20:52: 读取文件成功
2017-05-03T04:21:52: 读取文件成功
2017-05-03T04:22:52: 读取文件成功
2017-05-03T04:23:52: 读取文件成功
2017-05-03T04:24:52: 读取文件成功
2017-05-03T04:25:52: 读取文件成功
2017-05-03T04:26:52: 读取文件成功
2017-05-03T04:27:52: 读取文件成功
2017-05-03T04:28:52: 读取文件成功
2017-05-03T04:29:52: 读取文件成功
2017-05-03T04:30:52: 读取文件成功
2017-05-03T04:31:52: 读取文件成功
2017-05-03T04:32:52: 读取文件成功
2017-05-03T04:33:52: 读取文件成功
2017-05-03T04:34:52: 读取文件成功
2017-05-03T04:35:52: 读取文件成功
2017-05-03T04:36:52: 读取文件成功
2017-05-03T04:37:52: 读取文件成功
2017-05-03T04:38:52: 读取文件成功
2017-05-03T04:39:52: 读取文件成功
2017-05-03T04:40:52: 读取文件成功
2017-05-03T04:41:52: 读取文件成功
2017-05-03T04:42:52: 读取文件成功
2017-05-03T04:43:52: 读取文件成功
2017-05-03T04:44:52: 读取文件成功
2017-05-03T04:45:52: 读取文件成功
2017-05-03T04:46:52: 读取文件成功
2017-05-03T04:47:52: 读取文件成功
2017-05-03T04:48:52: 读取文件成功
2017-05-03T04:49:52: 读取文件成功
2017-05-03T04:50:52: 读取文件成功
2017-05-03T04:51:52: 读取文件成功
2017-05-03T04:52:52: 读取文件成功
2017-05-03T04:53:52: 读取文件成功
2017-05-03T04:54:52: 读取文件成功
2017-05-03T04:56:36: 读取文件成功
2017-05-03T04:56:52: 读取文件成功
2017-05-03T04:57:52: 读取文件成功
2017-05-03T04:58:52: 读取文件成功
2017-05-03T04:59:52: 读取文件成功
2017-05-03T05:00:52: 读取文件成功
2017-05-03T05:01:52: 读取文件成功
2017-05-03T05:02:52: 读取文件成功
2017-05-03T05:03:52: 读取文件成功
2017-05-03T05:04:52: 读取文件成功
2017-05-03T05:05:52: 读取文件成功
2017-05-03T05:06:52: 读取文件成功
2017-05-03T05:07:52: 读取文件成功
2017-05-03T05:08:52: 读取文件成功
2017-05-03T05:09:52: 读取文件成功
2017-05-03T05:10:52: 读取文件成功
2017-05-03T05:11:52: 读取文件成功
2017-05-03T05:12:52: 读取文件成功
2017-05-03T05:13:52: 读取文件成功
2017-05-03T05:14:52: 读取文件成功
2017-05-03T05:15:52: 读取文件成功
2017-05-03T05:16:52: 读取文件成功
2017-05-03T05:17:52: 读取文件成功
2017-05-03T05:18:52: 读取文件成功
2017-05-03T05:19:52: 读取文件成功
2017-05-03T05:20:52: 读取文件成功
2017-05-03T05:21:52: 读取文件成功
2017-05-03T05:22:52: 读取文件成功
2017-05-03T05:23:52: 读取文件成功
2017-05-03T05:24:52: 读取文件成功
2017-05-03T05:25:52: 读取文件成功
2017-05-03T05:26:52: 读取文件成功
2017-05-03T05:27:52: 读取文件成功
2017-05-03T05:28:52: 读取文件成功
2017-05-03T05:29:52: 读取文件成功
2017-05-03T05:30:52: 读取文件成功
2017-05-03T05:31:52: 读取文件成功
2017-05-03T05:32:52: 读取文件成功
2017-05-03T05:33:52: 读取文件成功
2017-05-03T05:34:52: 读取文件成功
2017-05-03T05:35:52: 读取文件成功
2017-05-03T05:36:52: 读取文件成功
2017-05-03T05:37:53: 读取文件成功
2017-05-03T05:38:52: 读取文件成功
2017-05-03T05:39:52: 读取文件成功
2017-05-03T05:40:53: 读取文件成功
2017-05-03T05:41:53: 读取文件成功
2017-05-03T05:42:53: 读取文件成功
2017-05-03T05:43:53: 读取文件成功
2017-05-03T05:44:53: 读取文件成功
2017-05-03T05:45:53: 读取文件成功
2017-05-03T05:46:53: 读取文件成功
2017-05-03T05:47:53: 读取文件成功
2017-05-03T05:48:53: 读取文件成功
2017-05-03T05:49:53: 读取文件成功
2017-05-03T05:50:53: 读取文件成功
2017-05-03T05:51:53: 读取文件成功
2017-05-03T05:52:53: 读取文件成功
2017-05-03T05:53:53: 读取文件成功
2017-05-03T05:54:53: 读取文件成功
2017-05-03T05:55:53: 读取文件成功
2017-05-03T05:56:53: 读取文件成功
2017-05-03T05:57:53: 读取文件成功
2017-05-03T05:58:53: 读取文件成功
2017-05-03T05:59:53: 读取文件成功
2017-05-03T06:00:53: 读取文件成功
2017-05-03T06:01:53: 读取文件成功
2017-05-03T06:02:53: 读取文件成功
2017-05-03T06:03:53: 读取文件成功
2017-05-03T06:04:53: 读取文件成功
2017-05-03T06:05:53: 读取文件成功
2017-05-03T06:06:53: 读取文件成功
2017-05-03T06:07:53: 读取文件成功
2017-05-03T06:08:53: 读取文件成功
2017-05-03T06:09:53: 读取文件成功
2017-05-03T06:10:53: 读取文件成功
2017-05-03T06:11:53: 读取文件成功
2017-05-03T06:12:53: 读取文件成功
2017-05-03T06:13:53: 读取文件成功
2017-05-03T06:14:53: 读取文件成功
2017-05-03T06:15:53: 读取文件成功
2017-05-03T06:16:53: 读取文件成功
2017-05-03T06:17:53: 读取文件成功
2017-05-03T06:18:53: 读取文件成功
2017-05-03T06:19:53: 读取文件成功
2017-05-03T06:20:53: 读取文件成功
2017-05-03T06:21:53: 读取文件成功
2017-05-03T06:22:53: 读取文件成功
2017-05-03T06:23:53: 读取文件成功
2017-05-03T06:24:53: 读取文件成功
2017-05-03T06:25:53: 读取文件成功
2017-05-03T06:26:53: 读取文件成功
2017-05-03T06:27:53: 读取文件成功
2017-05-03T06:28:53: 读取文件成功
2017-05-03T06:29:53: 读取文件成功
2017-05-03T06:30:53: 读取文件成功
2017-05-03T06:31:53: 读取文件成功
2017-05-03T06:32:53: 读取文件成功
2017-05-03T06:33:53: 读取文件成功
2017-05-03T06:34:53: 读取文件成功
2017-05-03T06:35:53: 读取文件成功
2017-05-03T06:36:53: 读取文件成功
2017-05-03T06:37:54: 读取文件成功
2017-05-03T06:38:53: 读取文件成功
2017-05-03T06:39:53: 读取文件成功
2017-05-03T06:40:53: 读取文件成功
2017-05-03T06:41:53: 读取文件成功
2017-05-03T06:42:53: 读取文件成功
2017-05-03T06:43:53: 读取文件成功
2017-05-03T06:44:53: 读取文件成功
2017-05-03T06:45:53: 读取文件成功
2017-05-03T06:46:53: 读取文件成功
2017-05-03T06:47:53: 读取文件成功
2017-05-03T06:48:53: 读取文件成功
2017-05-03T06:49:53: 读取文件成功
2017-05-03T06:50:53: 读取文件成功
2017-05-03T06:51:53: 读取文件成功
2017-05-03T06:52:53: 读取文件成功
2017-05-03T06:53:53: 读取文件成功
2017-05-03T06:54:53: 读取文件成功
2017-05-03T06:55:53: 读取文件成功
2017-05-03T06:56:53: 读取文件成功
2017-05-03T06:57:53: 读取文件成功
2017-05-03T06:58:53: 读取文件成功
2017-05-03T06:59:53: 读取文件成功
2017-05-03T07:00:54: 读取文件成功
2017-05-03T07:01:53: 读取文件成功
2017-05-03T07:02:53: 读取文件成功
2017-05-03T07:03:53: 读取文件成功
2017-05-03T07:04:53: 读取文件成功
2017-05-03T07:05:53: 读取文件成功
2017-05-03T07:06:54: 读取文件成功
2017-05-03T07:07:54: 读取文件成功
2017-05-03T07:08:53: 读取文件成功
2017-05-03T07:09:53: 读取文件成功
2017-05-03T07:10:53: 读取文件成功
2017-05-03T07:11:54: 读取文件成功
2017-05-03T07:12:54: 读取文件成功
2017-05-03T07:13:53: 读取文件成功
2017-05-03T07:14:54: 读取文件成功
2017-05-03T07:15:54: 读取文件成功
2017-05-03T07:16:54: 读取文件成功
2017-05-03T07:17:54: 读取文件成功
2017-05-03T07:18:54: 读取文件成功
2017-05-03T07:19:54: 读取文件成功
2017-05-03T07:20:54: 读取文件成功
2017-05-03T07:21:54: 读取文件成功
2017-05-03T07:22:54: 读取文件成功
2017-05-03T07:23:54: 读取文件成功
2017-05-03T07:24:54: 读取文件成功
2017-05-03T07:25:54: 读取文件成功
2017-05-03T07:26:54: 读取文件成功
2017-05-03T07:27:54: 读取文件成功
2017-05-03T07:28:54: 读取文件成功
2017-05-03T07:29:54: 读取文件成功
2017-05-03T07:30:54: 读取文件成功
2017-05-03T07:31:54: 读取文件成功
2017-05-03T07:32:54: 读取文件成功
2017-05-03T07:33:54: 读取文件成功
2017-05-03T07:34:54: 读取文件成功
2017-05-03T07:35:54: 读取文件成功
2017-05-03T07:36:54: 读取文件成功
2017-05-03T07:37:54: 读取文件成功
2017-05-03T07:38:54: 读取文件成功
2017-05-03T07:39:54: 读取文件成功
2017-05-03T07:40:54: 读取文件成功
2017-05-03T07:41:54: 读取文件成功
2017-05-03T07:42:54: 读取文件成功
2017-05-03T07:43:54: 读取文件成功
2017-05-03T07:44:57: 读取文件成功
2017-05-03T07:45:54: 读取文件成功
2017-05-03T07:46:54: 读取文件成功
2017-05-03T07:47:54: 读取文件成功
2017-05-03T07:48:54: 读取文件成功
2017-05-03T07:49:54: 读取文件成功
2017-05-03T07:50:54: 读取文件成功
2017-05-03T07:51:54: 读取文件成功
2017-05-03T07:52:54: 读取文件成功
2017-05-03T07:53:54: 读取文件成功
2017-05-03T07:54:54: 读取文件成功
2017-05-03T07:55:54: 读取文件成功
2017-05-03T07:56:54: 读取文件成功
2017-05-03T07:57:54: 读取文件成功
2017-05-03T07:58:54: 读取文件成功
2017-05-03T07:59:54: 读取文件成功
2017-05-03T08:00:54: 读取文件成功
2017-05-03T08:02:34: 读取文件成功
2017-05-03T08:02:54: 读取文件成功
2017-05-03T08:03:54: 读取文件成功
2017-05-03T08:04:54: 读取文件成功
2017-05-03T08:05:54: 读取文件成功
2017-05-03T08:06:54: 读取文件成功
2017-05-03T08:07:54: 读取文件成功
2017-05-03T08:08:54: 读取文件成功
2017-05-03T08:09:54: 读取文件成功
2017-05-03T08:10:54: 读取文件成功
2017-05-03T08:11:54: 读取文件成功
2017-05-03T08:12:54: 读取文件成功
2017-05-03T08:13:54: 读取文件成功
2017-05-03T08:14:54: 读取文件成功
2017-05-03T08:15:54: 读取文件成功
2017-05-03T08:16:54: 读取文件成功
2017-05-03T08:17:56: 读取文件成功
2017-05-03T08:18:54: 读取文件成功
2017-05-03T08:19:55: 读取文件成功
2017-05-03T08:20:54: 读取文件成功
2017-05-03T08:21:54: 读取文件成功
2017-05-03T08:22:54: 读取文件成功
2017-05-03T08:23:54: 读取文件成功
2017-05-03T08:24:56: 读取文件成功
2017-05-03T08:25:54: 读取文件成功
2017-05-03T08:26:54: 读取文件成功
2017-05-03T08:27:54: 读取文件成功
2017-05-03T08:28:54: 读取文件成功
2017-05-03T08:29:54: 读取文件成功
2017-05-03T08:30:55: 读取文件成功
2017-05-03T08:31:54: 读取文件成功
2017-05-03T08:32:54: 读取文件成功
2017-05-03T08:33:54: 读取文件成功
2017-05-03T08:34:54: 读取文件成功
2017-05-03T08:35:54: 读取文件成功
2017-05-03T08:36:55: 读取文件成功
2017-05-03T08:37:55: 读取文件成功
2017-05-03T08:38:55: 读取文件成功
2017-05-03T08:39:55: 读取文件成功
2017-05-03T08:40:55: 读取文件成功
2017-05-03T08:41:55: 读取文件成功
2017-05-03T08:42:55: 读取文件成功
2017-05-03T08:43:55: 读取文件成功
2017-05-03T08:44:55: 读取文件成功
2017-05-03T08:45:55: 读取文件成功
2017-05-03T08:46:55: 读取文件成功
2017-05-03T08:47:55: 读取文件成功
2017-05-03T08:48:55: 读取文件成功
2017-05-03T08:49:55: 读取文件成功
2017-05-03T08:50:55: 读取文件成功
2017-05-03T08:51:55: 读取文件成功
2017-05-03T08:52:55: 读取文件成功
2017-05-03T08:53:55: 读取文件成功
2017-05-03T08:54:55: 读取文件成功
2017-05-03T08:55:55: 读取文件成功
2017-05-03T08:56:55: 读取文件成功
2017-05-03T08:57:55: 读取文件成功
2017-05-03T08:58:55: 读取文件成功
2017-05-03T08:59:55: 读取文件成功
2017-05-03T09:00:55: 读取文件成功
2017-05-03T09:01:55: 读取文件成功
2017-05-03T09:02:55: 读取文件成功
2017-05-03T09:03:55: 读取文件成功
2017-05-03T09:04:55: 读取文件成功
2017-05-03T09:05:55: 读取文件成功
2017-05-03T09:06:55: 读取文件成功
2017-05-03T09:07:55: 读取文件成功
2017-05-03T09:08:55: 读取文件成功
2017-05-03T09:09:55: 读取文件成功
2017-05-03T09:10:55: 读取文件成功
2017-05-03T09:11:55: 读取文件成功
2017-05-03T09:12:55: 读取文件成功
2017-05-03T09:13:55: 读取文件成功
2017-05-03T09:14:55: 读取文件成功
2017-05-03T09:15:55: 读取文件成功
2017-05-03T09:16:55: 读取文件成功
2017-05-03T09:17:55: 读取文件成功
2017-05-03T09:18:55: 读取文件成功
2017-05-03T09:19:56: 读取文件成功
2017-05-03T09:20:55: 读取文件成功
2017-05-03T09:21:55: 读取文件成功
2017-05-03T09:22:55: 读取文件成功
2017-05-03T09:23:55: 读取文件成功
2017-05-03T09:24:55: 读取文件成功
2017-05-03T09:25:55: 读取文件成功
2017-05-03T09:26:55: 读取文件成功
2017-05-03T09:27:55: 读取文件成功
2017-05-03T09:28:55: 读取文件成功
2017-05-03T09:29:55: 读取文件成功
2017-05-03T09:30:55: 读取文件成功
2017-05-03T09:31:55: 读取文件成功
2017-05-03T09:32:55: 读取文件成功
2017-05-03T09:33:55: 读取文件成功
2017-05-03T09:34:55: 读取文件成功
2017-05-03T09:35:55: 读取文件成功
2017-05-03T09:36:55: 读取文件成功
2017-05-03T09:37:55: 读取文件成功
2017-05-03T09:38:55: 读取文件成功
2017-05-03T09:39:55: 读取文件成功
2017-05-03T09:40:55: 读取文件成功
2017-05-03T09:41:55: 读取文件成功
2017-05-03T09:42:55: 读取文件成功
2017-05-03T09:43:55: 读取文件成功
2017-05-03T09:44:56: 读取文件成功
2017-05-03T09:45:55: 读取文件成功
2017-05-03T09:46:55: 读取文件成功
2017-05-03T09:47:56: 读取文件成功
2017-05-03T09:48:55: 读取文件成功
2017-05-03T09:49:55: 读取文件成功
2017-05-03T09:50:55: 读取文件成功
2017-05-03T09:51:56: 读取文件成功
2017-05-03T09:52:55: 读取文件成功
2017-05-03T09:53:55: 读取文件成功
2017-05-03T09:54:55: 读取文件成功
2017-05-03T09:55:55: 读取文件成功
2017-05-03T09:56:55: 读取文件成功
2017-05-03T09:57:56: 读取文件成功
2017-05-03T09:58:57: 读取文件成功
2017-05-03T09:59:56: 读取文件成功
2017-05-03T10:00:55: 读取文件成功
2017-05-03T10:01:55: 读取文件成功
2017-05-03T10:02:55: 读取文件成功
2017-05-03T10:03:55: 读取文件成功
2017-05-03T10:04:56: 读取文件成功
2017-05-03T10:05:56: 读取文件成功
2017-05-03T10:06:56: 读取文件成功
2017-05-03T10:07:56: 读取文件成功
2017-05-03T10:08:56: 读取文件成功
2017-05-03T10:09:56: 读取文件成功
2017-05-03T10:10:56: 读取文件成功
2017-05-03T10:11:56: 读取文件成功
2017-05-03T10:12:56: 读取文件成功
2017-05-03T10:13:56: 读取文件成功
2017-05-03T10:14:57: 读取文件成功
2017-05-03T10:15:56: 读取文件成功
2017-05-03T10:16:56: 读取文件成功
2017-05-03T10:17:56: 读取文件成功
2017-05-03T10:18:56: 读取文件成功
2017-05-03T10:19:56: 读取文件成功
2017-05-03T10:20:56: 读取文件成功
2017-05-03T10:21:56: 读取文件成功
2017-05-03T10:22:56: 读取文件成功
2017-05-03T10:23:56: 读取文件成功
2017-05-03T10:24:56: 读取文件成功
2017-05-03T10:25:56: 读取文件成功
2017-05-03T10:26:56: 读取文件成功
2017-05-03T10:27:56: 读取文件成功
2017-05-03T10:28:56: 读取文件成功
2017-05-03T10:29:56: 读取文件成功
2017-05-03T10:30:56: 读取文件成功
2017-05-03T10:31:56: 读取文件成功
2017-05-03T10:32:56: 读取文件成功
2017-05-03T10:33:56: 读取文件成功
2017-05-03T10:34:56: 读取文件成功
2017-05-03T10:35:56: 读取文件成功
2017-05-03T10:36:56: 读取文件成功
2017-05-03T10:37:56: 读取文件成功
2017-05-03T10:38:56: 读取文件成功
2017-05-03T10:39:56: 读取文件成功
2017-05-03T10:40:56: 读取文件成功
2017-05-03T10:41:56: 读取文件成功
2017-05-03T10:42:56: 读取文件成功
2017-05-03T10:43:56: 读取文件成功
2017-05-03T10:44:56: 读取文件成功
2017-05-03T10:45:56: 读取文件成功
2017-05-03T10:46:56: 读取文件成功
2017-05-03T10:47:56: 读取文件成功
2017-05-03T10:48:56: 读取文件成功
2017-05-03T10:49:56: 读取文件成功
2017-05-03T10:50:56: 读取文件成功
2017-05-03T10:51:56: 读取文件成功
2017-05-03T10:52:56: 读取文件成功
2017-05-03T10:53:56: 读取文件成功
2017-05-03T10:54:56: 读取文件成功
2017-05-03T10:55:56: 读取文件成功
2017-05-03T10:56:56: 读取文件成功
2017-05-03T10:57:56: 读取文件成功
2017-05-03T10:58:56: 读取文件成功
2017-05-03T10:59:56: 读取文件成功
2017-05-03T11:00:56: 读取文件成功
2017-05-03T11:01:56: 读取文件成功
2017-05-03T11:02:56: 读取文件成功
2017-05-03T11:03:56: 读取文件成功
2017-05-03T11:04:57: 读取文件成功
2017-05-03T11:05:56: 读取文件成功
2017-05-03T11:06:56: 读取文件成功
2017-05-03T11:07:56: 读取文件成功
2017-05-03T11:08:56: 读取文件成功
2017-05-03T11:09:56: 读取文件成功
2017-05-03T11:10:56: 读取文件成功
2017-05-03T11:11:56: 读取文件成功
2017-05-03T11:12:56: 读取文件成功
2017-05-03T11:13:56: 读取文件成功
2017-05-03T11:15:05: 读取文件成功
2017-05-03T11:15:57: 读取文件成功
2017-05-03T11:16:56: 读取文件成功
2017-05-03T11:17:56: 读取文件成功
2017-05-03T11:18:56: 读取文件成功
2017-05-03T11:19:56: 读取文件成功
2017-05-03T11:20:56: 读取文件成功
2017-05-03T11:21:56: 读取文件成功
2017-05-03T11:22:56: 读取文件成功
2017-05-03T11:23:56: 读取文件成功
2017-05-03T11:24:56: 读取文件成功
2017-05-03T11:25:56: 读取文件成功
2017-05-03T11:26:56: 读取文件成功
2017-05-03T11:27:57: 读取文件成功
2017-05-03T11:28:56: 读取文件成功
2017-05-03T11:29:56: 读取文件成功
2017-05-03T11:30:56: 读取文件成功
2017-05-03T11:31:56: 读取文件成功
2017-05-03T11:32:56: 读取文件成功
2017-05-03T11:33:57: 读取文件成功
2017-05-03T11:34:58: 读取文件成功
2017-05-03T11:36:00: 读取文件成功
2017-05-03T11:36:57: 读取文件成功
2017-05-03T11:37:58: 读取文件成功
2017-05-03T11:39:05: 读取文件成功
2017-05-03T11:39:57: 读取文件成功
2017-05-03T11:40:57: 读取文件成功
2017-05-03T11:42:04: 读取文件成功
2017-05-03T11:43:01: 读取文件成功
2017-05-03T11:43:58: 读取文件成功
2017-05-03T11:44:57: 读取文件成功
2017-05-03T11:45:57: 读取文件成功
2017-05-03T11:46:57: 读取文件成功
2017-05-03T11:47:57: 读取文件成功
2017-05-03T11:48:57: 读取文件成功
2017-05-03T11:49:57: 读取文件成功
2017-05-03T11:50:57: 读取文件成功
2017-05-03T11:51:57: 读取文件成功
2017-05-03T11:52:57: 读取文件成功
2017-05-03T11:53:57: 读取文件成功
2017-05-03T11:54:57: 读取文件成功
2017-05-03T11:55:57: 读取文件成功
2017-05-03T11:56:57: 读取文件成功
2017-05-03T11:57:57: 读取文件成功
2017-05-03T11:58:57: 读取文件成功
2017-05-03T11:59:57: 读取文件成功
2017-05-03T12:00:57: 读取文件成功
2017-05-03T12:01:57: 读取文件成功
2017-05-03T12:02:57: 读取文件成功
2017-05-03T12:03:57: 读取文件成功
2017-05-03T12:04:57: 读取文件成功
2017-05-03T12:05:57: 读取文件成功
2017-05-03T12:06:57: 读取文件成功
2017-05-03T12:07:57: 读取文件成功
2017-05-03T12:08:57: 读取文件成功
2017-05-03T12:09:57: 读取文件成功
2017-05-03T12:10:57: 读取文件成功
2017-05-03T12:11:57: 读取文件成功
2017-05-03T12:12:57: 读取文件成功
2017-05-03T12:13:57: 读取文件成功
2017-05-03T12:14:57: 读取文件成功
2017-05-03T12:15:57: 读取文件成功
2017-05-03T12:16:57: 读取文件成功
2017-05-03T12:17:57: 读取文件成功
2017-05-03T12:18:57: 读取文件成功
2017-05-03T12:19:57: 读取文件成功
2017-05-03T12:20:57: 读取文件成功
2017-05-03T12:21:57: 读取文件成功
2017-05-03T12:22:57: 读取文件成功
2017-05-03T12:23:57: 读取文件成功
2017-05-03T12:24:57: 读取文件成功
2017-05-03T12:25:57: 读取文件成功
2017-05-03T12:26:57: 读取文件成功
2017-05-03T12:27:57: 读取文件成功
2017-05-03T12:28:57: 读取文件成功
2017-05-03T12:29:57: 读取文件成功
2017-05-03T12:30:57: 读取文件成功
2017-05-03T12:31:57: 读取文件成功
2017-05-03T12:32:57: 读取文件成功
2017-05-03T12:33:57: 读取文件成功
2017-05-03T12:34:57: 读取文件成功
2017-05-03T12:35:57: 读取文件成功
2017-05-03T12:36:57: 读取文件成功
2017-05-03T12:37:57: 读取文件成功
2017-05-03T12:38:57: 读取文件成功
2017-05-03T12:39:57: 读取文件成功
2017-05-03T12:40:57: 读取文件成功
2017-05-03T12:41:57: 读取文件成功
2017-05-03T12:42:57: 读取文件成功
2017-05-03T12:43:57: 读取文件成功
2017-05-03T12:44:57: 读取文件成功
2017-05-03T12:45:57: 读取文件成功
2017-05-03T12:46:57: 读取文件成功
2017-05-03T12:47:57: 读取文件成功
2017-05-03T12:48:58: 读取文件成功
2017-05-03T12:49:57: 读取文件成功
2017-05-03T12:50:57: 读取文件成功
2017-05-03T12:51:57: 读取文件成功
2017-05-03T12:52:57: 读取文件成功
2017-05-03T12:53:57: 读取文件成功
2017-05-03T12:54:57: 读取文件成功
2017-05-03T12:55:57: 读取文件成功
2017-05-03T12:56:57: 读取文件成功
2017-05-03T12:57:57: 读取文件成功
2017-05-03T12:58:58: 读取文件成功
2017-05-03T12:59:57: 读取文件成功
2017-05-03T13:00:57: 读取文件成功
2017-05-03T13:01:57: 读取文件成功
2017-05-03T13:02:57: 读取文件成功
2017-05-03T13:03:58: 读取文件成功
2017-05-03T13:04:57: 读取文件成功
2017-05-03T13:05:57: 读取文件成功
2017-05-03T13:06:58: 读取文件成功
2017-05-03T13:07:58: 读取文件成功
2017-05-03T13:08:58: 读取文件成功
2017-05-03T13:09:57: 读取文件成功
2017-05-03T13:10:57: 读取文件成功
2017-05-03T13:11:58: 读取文件成功
2017-05-03T13:12:58: 读取文件成功
2017-05-03T13:13:57: 读取文件成功
2017-05-03T13:14:58: 读取文件成功
2017-05-03T13:15:58: 读取文件成功
2017-05-03T13:16:58: 读取文件成功
2017-05-03T13:17:58: 读取文件成功
2017-05-03T13:18:58: 读取文件成功
2017-05-03T13:19:58: 读取文件成功
2017-05-03T13:20:58: 读取文件成功
2017-05-03T13:21:59: 读取文件成功
2017-05-03T13:22:58: 读取文件成功
2017-05-03T13:23:58: 读取文件成功
2017-05-03T13:24:58: 读取文件成功
2017-05-03T13:25:58: 读取文件成功
2017-05-03T13:26:58: 读取文件成功
2017-05-03T13:27:59: 读取文件成功
2017-05-03T13:28:58: 读取文件成功
2017-05-03T13:29:58: 读取文件成功
2017-05-03T13:30:58: 读取文件成功
2017-05-03T13:31:58: 读取文件成功
2017-05-03T13:32:58: 读取文件成功
2017-05-03T13:33:58: 读取文件成功
2017-05-03T13:34:58: 读取文件成功
2017-05-03T13:35:58: 读取文件成功
2017-05-03T13:36:58: 读取文件成功
2017-05-03T13:37:58: 读取文件成功
2017-05-03T13:38:58: 读取文件成功
2017-05-03T13:39:58: 读取文件成功
2017-05-03T13:40:58: 读取文件成功
2017-05-03T13:41:58: 读取文件成功
2017-05-03T13:42:58: 读取文件成功
2017-05-03T13:43:58: 读取文件成功
2017-05-03T13:44:58: 读取文件成功
2017-05-03T13:46:13: 读取文件成功
2017-05-03T13:46:59: 读取文件成功
2017-05-03T13:47:58: 读取文件成功
2017-05-03T13:48:58: 读取文件成功
2017-05-03T13:49:58: 读取文件成功
2017-05-03T13:50:58: 读取文件成功
2017-05-03T13:51:58: 读取文件成功
2017-05-03T13:52:58: 读取文件成功
2017-05-03T13:53:58: 读取文件成功
2017-05-03T13:54:58: 读取文件成功
2017-05-03T13:55:58: 读取文件成功
2017-05-03T13:56:58: 读取文件成功
2017-05-03T13:58:20: 读取文件成功
2017-05-03T13:58:58: 读取文件成功
2017-05-03T13:59:59: 读取文件成功
2017-05-03T14:00:58: 读取文件成功
2017-05-03T14:01:58: 读取文件成功
2017-05-03T14:02:58: 读取文件成功
2017-05-03T14:03:58: 读取文件成功
2017-05-03T14:04:58: 读取文件成功
2017-05-03T14:05:58: 读取文件成功
2017-05-03T14:06:58: 读取文件成功
2017-05-03T14:07:58: 读取文件成功
2017-05-03T14:09:01: 读取文件成功
2017-05-03T14:09:58: 读取文件成功
2017-05-03T14:10:58: 读取文件成功
2017-05-03T14:11:58: 读取文件成功
2017-05-03T14:12:59: 读取文件成功
2017-05-03T14:13:58: 读取文件成功
2017-05-03T14:14:58: 读取文件成功
2017-05-03T14:15:58: 读取文件成功
2017-05-03T14:16:58: 读取文件成功
2017-05-03T14:17:58: 读取文件成功
2017-05-03T14:18:58: 读取文件成功
2017-05-03T14:19:58: 读取文件成功
2017-05-03T14:20:58: 读取文件成功
2017-05-03T14:22:10: 读取文件成功
2017-05-03T14:22:58: 读取文件成功
2017-05-03T14:23:58: 读取文件成功
2017-05-03T14:24:59: 读取文件成功
2017-05-03T14:25:58: 读取文件成功
2017-05-03T14:26:59: 读取文件成功
2017-05-03T14:27:58: 读取文件成功
2017-05-03T14:28:58: 读取文件成功
2017-05-03T14:29:58: 读取文件成功
2017-05-03T14:30:58: 读取文件成功
2017-05-03T14:31:58: 读取文件成功
2017-05-03T14:33:11: 读取文件成功
2017-05-03T14:33:58: 读取文件成功
2017-05-03T14:34:58: 读取文件成功
2017-05-03T14:35:58: 读取文件成功
2017-05-03T14:36:58: 读取文件成功
2017-05-03T14:37:58: 读取文件成功
2017-05-03T14:38:59: 读取文件成功
2017-05-03T14:39:58: 读取文件成功
2017-05-03T14:40:58: 读取文件成功
2017-05-03T14:41:58: 读取文件成功
2017-05-03T14:42:59: 读取文件成功
2017-05-03T14:43:58: 读取文件成功
2017-05-03T14:45:21: 读取文件成功
2017-05-03T14:45:58: 读取文件成功
2017-05-03T14:46:59: 读取文件成功
2017-05-03T14:47:58: 读取文件成功
2017-05-03T14:48:59: 读取文件成功
2017-05-03T14:49:59: 读取文件成功
2017-05-03T14:50:59: 读取文件成功
2017-05-03T14:51:59: 读取文件成功
2017-05-03T14:52:59: 读取文件成功
2017-05-03T14:53:59: 读取文件成功
2017-05-03T14:54:59: 读取文件成功
2017-05-03T14:55:59: 读取文件成功
2017-05-03T14:57:10: 读取文件成功
2017-05-03T14:57:59: 读取文件成功
2017-05-03T14:58:59: 读取文件成功
2017-05-03T14:59:59: 读取文件成功
2017-05-03T15:00:59: 读取文件成功
2017-05-03T15:01:59: 读取文件成功
2017-05-03T15:02:59: 读取文件成功
2017-05-03T15:03:59: 读取文件成功
2017-05-03T15:04:59: 读取文件成功
2017-05-03T15:05:59: 读取文件成功
2017-05-03T15:06:59: 读取文件成功
2017-05-03T15:08:07: 读取文件成功
2017-05-03T15:08:59: 读取文件成功
2017-05-03T15:09:59: 读取文件成功
2017-05-03T15:10:59: 读取文件成功
2017-05-03T15:11:59: 读取文件成功
2017-05-03T15:12:59: 读取文件成功
2017-05-03T15:13:59: 读取文件成功
2017-05-03T15:14:59: 读取文件成功
2017-05-03T15:15:59: 读取文件成功
2017-05-03T15:16:59: 读取文件成功
2017-05-03T15:17:59: 读取文件成功
2017-05-03T15:18:59: 读取文件成功
2017-05-03T15:19:59: 读取文件成功
2017-05-03T15:20:59: 读取文件成功
2017-05-03T15:21:59: 读取文件成功
2017-05-03T15:22:59: 读取文件成功
2017-05-03T15:23:59: 读取文件成功
2017-05-03T15:24:59: 读取文件成功
2017-05-03T15:25:59: 读取文件成功
2017-05-03T15:26:59: 读取文件成功
2017-05-03T15:27:59: 读取文件成功
2017-05-03T15:28:59: 读取文件成功
2017-05-03T15:29:59: 读取文件成功
2017-05-03T15:30:59: 读取文件成功
2017-05-03T15:31:59: 读取文件成功
2017-05-03T15:32:59: 读取文件成功
2017-05-03T15:33:59: 读取文件成功
2017-05-03T15:34:59: 读取文件成功
2017-05-03T15:35:59: 读取文件成功
2017-05-03T15:36:59: 读取文件成功
2017-05-03T15:37:59: 读取文件成功
2017-05-03T15:39:00: 读取文件成功
2017-05-03T15:39:59: 读取文件成功
2017-05-03T15:40:59: 读取文件成功
2017-05-03T15:41:59: 读取文件成功
2017-05-03T15:42:59: 读取文件成功
2017-05-03T15:43:59: 读取文件成功
2017-05-03T15:44:59: 读取文件成功
2017-05-03T15:45:59: 读取文件成功
2017-05-03T15:46:59: 读取文件成功
2017-05-03T15:47:59: 读取文件成功
2017-05-03T15:49:00: 读取文件成功
2017-05-03T15:49:59: 读取文件成功
2017-05-03T15:50:59: 读取文件成功
2017-05-03T15:51:59: 读取文件成功
2017-05-03T15:52:59: 读取文件成功
2017-05-03T15:53:59: 读取文件成功
2017-05-03T15:54:59: 读取文件成功
2017-05-03T15:55:59: 读取文件成功
2017-05-03T15:56:59: 读取文件成功
2017-05-03T15:58:00: 读取文件成功
2017-05-03T15:59:00: 读取文件成功
2017-05-03T15:59:59: 读取文件成功
2017-05-03T16:00:59: 读取文件成功
2017-05-03T16:01:59: 读取文件成功
2017-05-03T16:02:59: 读取文件成功
2017-05-03T16:04:02: 读取文件成功
2017-05-03T16:05:00: 读取文件成功
2017-05-03T16:05:59: 读取文件成功
2017-05-03T16:06:59: 读取文件成功
2017-05-03T16:07:59: 读取文件成功
2017-05-03T16:08:59: 读取文件成功
2017-05-03T16:10:00: 读取文件成功
2017-05-03T16:10:59: 读取文件成功
2017-05-03T16:11:59: 读取文件成功
2017-05-03T16:13:00: 读取文件成功
2017-05-03T16:14:00: 读取文件成功
2017-05-03T16:15:00: 读取文件成功
2017-05-03T16:16:00: 读取文件成功
2017-05-03T16:17:00: 读取文件成功
2017-05-03T16:17:59: 读取文件成功
2017-05-03T16:19:00: 读取文件成功
2017-05-03T16:20:00: 读取文件成功
2017-05-03T16:21:00: 读取文件成功
2017-05-03T16:22:00: 读取文件成功
2017-05-03T16:23:00: 读取文件成功
2017-05-03T16:24:00: 读取文件成功
2017-05-03T16:25:00: 读取文件成功
2017-05-03T16:26:00: 读取文件成功
2017-05-03T16:27:00: 读取文件成功
2017-05-03T16:28:00: 读取文件成功
2017-05-03T16:29:00: 读取文件成功
2017-05-03T16:30:00: 读取文件成功
2017-05-03T16:31:01: 读取文件成功
2017-05-03T16:32:00: 读取文件成功
2017-05-03T16:33:00: 读取文件成功
2017-05-03T16:34:00: 读取文件成功
2017-05-03T16:35:00: 读取文件成功
2017-05-03T16:36:00: 读取文件成功
2017-05-03T16:37:01: 读取文件成功
2017-05-03T16:38:00: 读取文件成功
2017-05-03T16:39:00: 读取文件成功
2017-05-03T16:40:00: 读取文件成功
2017-05-03T16:41:01: 读取文件成功
2017-05-03T16:42:00: 读取文件成功
2017-05-03T16:43:01: 读取文件成功
2017-05-03T16:44:00: 读取文件成功
2017-05-03T16:45:00: 读取文件成功
2017-05-03T16:46:00: 读取文件成功
2017-05-03T16:47:00: 读取文件成功
2017-05-03T16:48:00: 读取文件成功
2017-05-03T16:49:00: 读取文件成功
2017-05-03T16:50:00: 读取文件成功
2017-05-03T16:51:00: 读取文件成功
2017-05-03T16:52:00: 读取文件成功
2017-05-03T16:53:01: 读取文件成功
2017-05-03T16:54:00: 读取文件成功
2017-05-03T16:56:01: 读取文件成功
2017-05-03T16:57:00: 读取文件成功
2017-05-03T16:58:00: 读取文件成功
2017-05-03T16:59:00: 读取文件成功
2017-05-03T17:00:00: 读取文件成功
2017-05-03T17:01:00: 读取文件成功
2017-05-03T17:02:00: 读取文件成功
2017-05-03T17:03:01: 读取文件成功
2017-05-03T17:04:00: 读取文件成功
2017-05-03T17:05:00: 读取文件成功
2017-05-03T17:06:00: 读取文件成功
2017-05-03T17:07:00: 读取文件成功
2017-05-03T17:08:00: 读取文件成功
2017-05-03T17:09:00: 读取文件成功
2017-05-03T17:10:22: 读取文件成功
2017-05-03T17:11:00: 读取文件成功
2017-05-03T17:12:01: 读取文件成功
2017-05-03T17:13:00: 读取文件成功
2017-05-03T17:14:00: 读取文件成功
2017-05-03T17:15:00: 读取文件成功
2017-05-03T17:16:01: 读取文件成功
2017-05-03T17:17:00: 读取文件成功
2017-05-03T17:18:00: 读取文件成功
2017-05-03T17:19:01: 读取文件成功
2017-05-03T17:20:01: 读取文件成功
2017-05-03T17:21:00: 读取文件成功
2017-05-03T17:22:00: 读取文件成功
2017-05-03T17:23:00: 读取文件成功
2017-05-03T17:24:00: 读取文件成功
2017-05-03T17:25:19: 读取文件成功
2017-05-03T17:26:01: 读取文件成功
2017-05-03T17:27:02: 读取文件成功
2017-05-03T17:28:01: 读取文件成功
2017-05-03T17:29:00: 读取文件成功
2017-05-03T17:30:01: 读取文件成功
2017-05-03T17:31:01: 读取文件成功
2017-05-03T17:32:00: 读取文件成功
2017-05-03T17:33:01: 读取文件成功
2017-05-03T17:34:01: 读取文件成功
2017-05-03T17:35:02: 读取文件成功
2017-05-03T17:36:00: 读取文件成功
2017-05-03T17:37:00: 读取文件成功
2017-05-03T17:38:01: 读取文件成功
2017-05-03T17:39:00: 读取文件成功
2017-05-03T17:40:16: 读取文件成功
2017-05-03T17:41:01: 读取文件成功
2017-05-03T17:42:01: 读取文件成功
2017-05-03T17:43:01: 读取文件成功
2017-05-03T17:44:00: 读取文件成功
2017-05-03T17:45:01: 读取文件成功
2017-05-03T17:46:01: 读取文件成功
2017-05-03T17:47:00: 读取文件成功
2017-05-03T17:48:01: 读取文件成功
2017-05-03T17:49:00: 读取文件成功
2017-05-03T17:50:02: 读取文件成功
2017-05-03T17:51:00: 读取文件成功
2017-05-03T17:52:01: 读取文件成功
2017-05-03T17:53:01: 读取文件成功
2017-05-03T17:54:01: 读取文件成功
2017-05-03T17:55:14: 读取文件成功
2017-05-03T17:56:00: 读取文件成功
2017-05-03T17:57:01: 读取文件成功
2017-05-03T17:58:00: 读取文件成功
2017-05-03T17:59:01: 读取文件成功
2017-05-03T18:00:01: 读取文件成功
2017-05-03T18:01:01: 读取文件成功
2017-05-03T18:02:01: 读取文件成功
2017-05-03T18:03:01: 读取文件成功
2017-05-03T18:04:01: 读取文件成功
2017-05-03T18:05:01: 读取文件成功
2017-05-03T18:06:01: 读取文件成功
2017-05-03T18:07:02: 读取文件成功
2017-05-03T18:08:02: 读取文件成功
2017-05-03T18:09:01: 读取文件成功
2017-05-03T18:10:57: 读取文件成功
2017-05-03T18:11:01: 读取文件成功
2017-05-03T18:12:01: 读取文件成功
2017-05-03T18:13:01: 读取文件成功
2017-05-03T18:14:01: 读取文件成功
2017-05-03T18:15:01: 读取文件成功
2017-05-03T18:16:01: 读取文件成功
2017-05-03T18:17:01: 读取文件成功
2017-05-03T18:18:01: 读取文件成功
2017-05-03T18:19:01: 读取文件成功
2017-05-03T18:20:01: 读取文件成功
2017-05-03T18:21:02: 读取文件成功
2017-05-03T18:22:03: 读取文件成功
2017-05-03T18:23:01: 读取文件成功
2017-05-03T18:24:01: 读取文件成功
2017-05-03T18:25:04: 读取文件成功
2017-05-03T18:26:02: 读取文件成功
2017-05-03T18:27:01: 读取文件成功
2017-05-03T18:28:01: 读取文件成功
2017-05-03T18:29:01: 读取文件成功
2017-05-03T18:30:03: 读取文件成功
2017-05-03T18:31:04: 读取文件成功
2017-05-03T18:32:01: 读取文件成功
2017-05-03T18:33:04: 读取文件成功
2017-05-03T18:34:01: 读取文件成功
2017-05-03T18:35:02: 读取文件成功
2017-05-03T18:36:01: 读取文件成功
2017-05-03T18:37:01: 读取文件成功
2017-05-03T18:38:01: 读取文件成功
2017-05-03T18:39:01: 读取文件成功
2017-05-03T18:40:03: 读取文件成功
2017-05-03T18:41:01: 读取文件成功
2017-05-03T18:42:01: 读取文件成功
2017-05-03T18:43:02: 读取文件成功
2017-05-03T18:44:02: 读取文件成功
2017-05-03T18:45:01: 读取文件成功
2017-05-03T18:46:04: 读取文件成功
2017-05-03T18:47:01: 读取文件成功
2017-05-03T18:48:01: 读取文件成功
2017-05-03T18:49:01: 读取文件成功
2017-05-03T18:50:01: 读取文件成功
2017-05-03T18:51:02: 读取文件成功
2017-05-03T18:52:01: 读取文件成功
2017-05-03T18:53:03: 读取文件成功
2017-05-03T18:54:02: 读取文件成功
2017-05-03T18:55:03: 读取文件成功
2017-05-03T18:56:02: 读取文件成功
2017-05-03T18:57:01: 读取文件成功
2017-05-03T18:58:02: 读取文件成功
2017-05-03T18:59:01: 读取文件成功
2017-05-03T19:00:02: 读取文件成功
2017-05-03T19:01:02: 读取文件成功
2017-05-03T19:02:01: 读取文件成功
2017-05-03T19:03:01: 读取文件成功
2017-05-03T19:04:02: 读取文件成功
2017-05-03T19:05:01: 读取文件成功
2017-05-03T19:06:01: 读取文件成功
2017-05-03T19:07:01: 读取文件成功
2017-05-03T19:08:01: 读取文件成功
2017-05-03T19:09:01: 读取文件成功
2017-05-03T19:10:42: 读取文件成功
2017-05-03T19:11:01: 读取文件成功
2017-05-03T19:12:01: 读取文件成功
2017-05-03T19:13:02: 读取文件成功
2017-05-03T19:14:02: 读取文件成功
2017-05-03T19:15:01: 读取文件成功
2017-05-03T19:16:01: 读取文件成功
2017-05-03T19:17:02: 读取文件成功
2017-05-03T19:18:02: 读取文件成功
2017-05-03T19:19:01: 读取文件成功
2017-05-03T19:20:01: 读取文件成功
2017-05-03T19:21:01: 读取文件成功
2017-05-03T19:22:01: 读取文件成功
2017-05-03T19:23:05: 读取文件成功
2017-05-03T19:24:01: 读取文件成功
2017-05-03T19:25:02: 读取文件成功
2017-05-03T19:26:02: 读取文件成功
2017-05-03T19:27:01: 读取文件成功
2017-05-03T19:28:01: 读取文件成功
2017-05-03T19:29:02: 读取文件成功
2017-05-03T19:30:03: 读取文件成功
2017-05-03T19:31:02: 读取文件成功
2017-05-03T19:32:03: 读取文件成功
2017-05-03T19:33:02: 读取文件成功
2017-05-03T19:34:02: 读取文件成功
2017-05-03T19:35:03: 读取文件成功
2017-05-03T19:36:02: 读取文件成功
2017-05-03T19:37:02: 读取文件成功
2017-05-03T19:38:02: 读取文件成功
2017-05-03T19:39:02: 读取文件成功
2017-05-03T19:40:23: 读取文件成功
2017-05-03T19:41:02: 读取文件成功
2017-05-03T19:42:02: 读取文件成功
2017-05-03T19:43:02: 读取文件成功
2017-05-03T19:44:03: 读取文件成功
2017-05-03T19:45:02: 读取文件成功
2017-05-03T19:46:02: 读取文件成功
2017-05-03T19:47:02: 读取文件成功
2017-05-03T19:48:02: 读取文件成功
2017-05-03T19:49:02: 读取文件成功
2017-05-03T19:50:03: 读取文件成功
2017-05-03T19:51:02: 读取文件成功
2017-05-03T19:52:02: 读取文件成功
2017-05-03T19:53:02: 读取文件成功
2017-05-03T19:54:02: 读取文件成功
2017-05-03T19:55:20: 读取文件成功
2017-05-03T19:56:02: 读取文件成功
2017-05-03T19:57:02: 读取文件成功
2017-05-03T19:58:02: 读取文件成功
2017-05-03T19:59:02: 读取文件成功
2017-05-03T20:00:02: 读取文件成功
2017-05-03T20:01:03: 读取文件成功
2017-05-03T20:02:02: 读取文件成功
2017-05-03T20:03:02: 读取文件成功
2017-05-03T20:04:03: 读取文件成功
2017-05-03T20:05:05: 读取文件成功
2017-05-03T20:06:02: 读取文件成功
2017-05-03T20:07:02: 读取文件成功
2017-05-03T20:08:02: 读取文件成功
2017-05-03T20:09:02: 读取文件成功
2017-05-03T20:10:20: 读取文件成功
2017-05-03T20:11:37: 读取文件成功
2017-05-03T20:12:02: 读取文件成功
2017-05-03T20:13:02: 读取文件成功
2017-05-03T20:14:03: 读取文件成功
2017-05-03T20:15:02: 读取文件成功
2017-05-03T20:16:05: 读取文件成功
2017-05-03T20:17:02: 读取文件成功
2017-05-03T20:18:02: 读取文件成功
2017-05-03T20:19:02: 读取文件成功
2017-05-03T20:20:02: 读取文件成功
2017-05-03T20:21:02: 读取文件成功
2017-05-03T20:22:02: 读取文件成功
2017-05-03T20:23:02: 读取文件成功
2017-05-03T20:24:02: 读取文件成功
2017-05-03T20:25:17: 读取文件成功
2017-05-03T20:26:02: 读取文件成功
2017-05-03T20:27:02: 读取文件成功
2017-05-03T20:28:03: 读取文件成功
2017-05-03T20:29:02: 读取文件成功
2017-05-03T20:30:02: 读取文件成功
2017-05-03T20:31:02: 读取文件成功
2017-05-03T20:32:03: 读取文件成功
2017-05-03T20:33:03: 读取文件成功
2017-05-03T20:34:02: 读取文件成功
2017-05-03T20:35:02: 读取文件成功
2017-05-03T20:36:02: 读取文件成功
2017-05-03T20:37:04: 读取文件成功
2017-05-03T20:38:02: 读取文件成功
2017-05-03T20:39:02: 读取文件成功
2017-05-03T20:40:17: 读取文件成功
2017-05-03T20:41:02: 读取文件成功
2017-05-03T20:42:03: 读取文件成功
2017-05-03T20:43:02: 读取文件成功
2017-05-03T20:44:02: 读取文件成功
2017-05-03T20:45:02: 读取文件成功
2017-05-03T20:46:02: 读取文件成功
2017-05-03T20:47:02: 读取文件成功
2017-05-03T20:48:02: 读取文件成功
2017-05-03T20:49:02: 读取文件成功
2017-05-03T20:50:04: 读取文件成功
2017-05-03T20:51:02: 读取文件成功
2017-05-03T20:52:03: 读取文件成功
2017-05-03T20:53:03: 读取文件成功
2017-05-03T20:54:03: 读取文件成功
2017-05-03T20:55:24: 读取文件成功
2017-05-03T20:56:02: 读取文件成功
2017-05-03T20:57:02: 读取文件成功
2017-05-03T20:58:02: 读取文件成功
2017-05-03T20:59:02: 读取文件成功
2017-05-03T21:00:03: 读取文件成功
2017-05-03T21:01:03: 读取文件成功
2017-05-03T21:02:02: 读取文件成功
2017-05-03T21:03:04: 读取文件成功
2017-05-03T21:04:03: 读取文件成功
2017-05-03T21:05:03: 读取文件成功
2017-05-03T21:06:03: 读取文件成功
2017-05-03T21:07:03: 读取文件成功
2017-05-03T21:08:03: 读取文件成功
2017-05-03T21:09:37: 读取文件成功
2017-05-03T21:10:07: 读取文件成功
2017-05-03T21:11:03: 读取文件成功
2017-05-03T21:12:03: 读取文件成功
2017-05-03T21:13:03: 读取文件成功
2017-05-03T21:14:03: 读取文件成功
2017-05-03T21:15:04: 读取文件成功
2017-05-03T21:16:03: 读取文件成功
2017-05-03T21:17:03: 读取文件成功
2017-05-03T21:18:03: 读取文件成功
2017-05-03T21:19:03: 读取文件成功
2017-05-03T21:20:03: 读取文件成功
2017-05-03T21:21:03: 读取文件成功
2017-05-03T21:22:03: 读取文件成功
2017-05-03T21:23:03: 读取文件成功
2017-05-03T21:25:03: 读取文件成功
2017-05-03T21:26:03: 读取文件成功
2017-05-03T21:27:04: 读取文件成功
2017-05-03T21:28:03: 读取文件成功
2017-05-03T21:29:03: 读取文件成功
2017-05-03T21:30:03: 读取文件成功
2017-05-03T21:31:03: 读取文件成功
2017-05-03T21:32:03: 读取文件成功
2017-05-03T21:33:03: 读取文件成功
2017-05-03T21:34:03: 读取文件成功
2017-05-03T21:35:04: 读取文件成功
2017-05-03T21:36:03: 读取文件成功
2017-05-03T21:37:04: 读取文件成功
2017-05-03T21:38:03: 读取文件成功
2017-05-03T21:40:03: 读取文件成功
2017-05-03T21:41:04: 读取文件成功
2017-05-03T21:42:03: 读取文件成功
2017-05-03T21:43:04: 读取文件成功
2017-05-03T21:44:04: 读取文件成功
2017-05-03T21:45:03: 读取文件成功
2017-05-03T21:46:03: 读取文件成功
2017-05-03T21:47:03: 读取文件成功
2017-05-03T21:48:03: 读取文件成功
2017-05-03T21:49:03: 读取文件成功
2017-05-03T21:50:03: 读取文件成功
2017-05-03T21:51:03: 读取文件成功
2017-05-03T21:52:03: 读取文件成功
2017-05-03T21:53:03: 读取文件成功
2017-05-03T21:54:29: 读取文件成功
2017-05-03T21:55:03: 读取文件成功
2017-05-03T21:56:03: 读取文件成功
2017-05-03T21:57:03: 读取文件成功
2017-05-03T21:58:03: 读取文件成功
2017-05-03T21:59:03: 读取文件成功
2017-05-03T22:00:03: 读取文件成功
2017-05-03T22:01:03: 读取文件成功
2017-05-03T22:02:03: 读取文件成功
2017-05-03T22:03:14: 读取文件成功
2017-05-03T22:04:03: 读取文件成功
2017-05-03T22:05:08: 读取文件成功
2017-05-03T22:06:03: 读取文件成功
2017-05-03T22:07:03: 读取文件成功
2017-05-03T22:08:04: 读取文件成功
2017-05-03T22:09:04: 读取文件成功
2017-05-03T22:11:16: 读取文件成功
2017-05-03T22:12:03: 读取文件成功
2017-05-03T22:13:03: 读取文件成功
2017-05-03T22:14:04: 读取文件成功
2017-05-03T22:15:04: 读取文件成功
2017-05-03T22:16:03: 读取文件成功
2017-05-03T22:17:04: 读取文件成功
2017-05-03T22:18:03: 读取文件成功
2017-05-03T22:19:04: 读取文件成功
2017-05-03T22:20:03: 读取文件成功
2017-05-03T22:21:03: 读取文件成功
2017-05-03T22:22:03: 读取文件成功
2017-05-03T22:23:04: 读取文件成功
2017-05-03T22:24:04: 读取文件成功
2017-05-03T22:26:03: 读取文件成功
2017-05-03T22:26:08: 读取文件成功
2017-05-03T22:27:04: 读取文件成功
2017-05-03T22:28:03: 读取文件成功
2017-05-03T22:29:04: 读取文件成功
2017-05-03T22:30:03: 读取文件成功
2017-05-03T22:31:04: 读取文件成功
2017-05-03T22:32:05: 读取文件成功
2017-05-03T22:33:03: 读取文件成功
2017-05-03T22:34:03: 读取文件成功
2017-05-03T22:35:04: 读取文件成功
2017-05-03T22:36:04: 读取文件成功
2017-05-03T22:37:04: 读取文件成功
2017-05-03T22:38:04: 读取文件成功
2017-05-03T22:39:04: 读取文件成功
2017-05-03T22:40:04: 读取文件成功
2017-05-03T22:41:21: 读取文件成功
2017-05-03T22:42:04: 读取文件成功
2017-05-03T22:43:04: 读取文件成功
2017-05-03T22:44:04: 读取文件成功
2017-05-03T22:45:04: 读取文件成功
2017-05-03T22:46:04: 读取文件成功
2017-05-03T22:47:04: 读取文件成功
2017-05-03T22:48:04: 读取文件成功
2017-05-03T22:49:04: 读取文件成功
2017-05-03T22:50:04: 读取文件成功
2017-05-03T22:51:04: 读取文件成功
2017-05-03T22:52:05: 读取文件成功
2017-05-03T22:53:04: 读取文件成功
2017-05-03T22:54:04: 读取文件成功
2017-05-03T22:55:04: 读取文件成功
2017-05-03T22:56:15: 读取文件成功
2017-05-03T22:57:04: 读取文件成功
2017-05-03T22:58:05: 读取文件成功
2017-05-03T22:59:04: 读取文件成功
2017-05-03T23:00:04: 读取文件成功
2017-05-03T23:01:04: 读取文件成功
2017-05-03T23:02:04: 读取文件成功
2017-05-03T23:03:04: 读取文件成功
2017-05-03T23:04:04: 读取文件成功
2017-05-03T23:05:04: 读取文件成功
2017-05-03T23:06:04: 读取文件成功
2017-05-03T23:07:05: 读取文件成功
2017-05-03T23:08:04: 读取文件成功
2017-05-03T23:09:04: 读取文件成功
2017-05-03T23:10:04: 读取文件成功
2017-05-03T23:11:10: 读取文件成功
2017-05-03T23:12:04: 读取文件成功
2017-05-03T23:13:04: 读取文件成功
2017-05-03T23:14:05: 读取文件成功
2017-05-03T23:15:04: 读取文件成功
2017-05-03T23:16:04: 读取文件成功
2017-05-03T23:17:04: 读取文件成功
2017-05-03T23:18:05: 读取文件成功
2017-05-03T23:19:04: 读取文件成功
2017-05-03T23:20:04: 读取文件成功
2017-05-03T23:21:04: 读取文件成功
2017-05-03T23:22:04: 读取文件成功
2017-05-03T23:23:04: 读取文件成功
2017-05-03T23:24:04: 读取文件成功
2017-05-03T23:25:04: 读取文件成功
2017-05-03T23:26:14: 读取文件成功
2017-05-03T23:27:05: 读取文件成功
2017-05-03T23:28:04: 读取文件成功
2017-05-03T23:29:04: 读取文件成功
2017-05-03T23:30:04: 读取文件成功
2017-05-03T23:31:04: 读取文件成功
2017-05-03T23:32:04: 读取文件成功
2017-05-03T23:33:04: 读取文件成功
2017-05-03T23:34:04: 读取文件成功
2017-05-03T23:35:04: 读取文件成功
2017-05-03T23:36:04: 读取文件成功
2017-05-03T23:37:04: 读取文件成功
2017-05-03T23:38:04: 读取文件成功
2017-05-03T23:39:04: 读取文件成功
2017-05-03T23:40:04: 读取文件成功
2017-05-03T23:41:04: 读取文件成功
2017-05-03T23:42:04: 读取文件成功
2017-05-03T23:44:11: 读取文件成功
2017-05-03T23:45:05: 读取文件成功
2017-05-03T23:46:05: 读取文件成功
2017-05-03T23:47:04: 读取文件成功
2017-05-03T23:48:04: 读取文件成功
2017-05-03T23:49:04: 读取文件成功
2017-05-03T23:50:04: 非记录时间：2017-05-03T23:50:04+08:00
2017-05-03T23:51:04: 非记录时间：2017-05-03T23:51:04+08:00
2017-05-03T23:52:04: 非记录时间：2017-05-03T23:52:04+08:00
2017-05-03T23:53:04: 非记录时间：2017-05-03T23:53:04+08:00
2017-05-03T23:54:04: 非记录时间：2017-05-03T23:54:04+08:00
2017-05-03T23:55:04: 非记录时间：2017-05-03T23:55:04+08:00
2017-05-03T23:56:04: 非记录时间：2017-05-03T23:56:04+08:00
2017-05-03T23:57:04: 非记录时间：2017-05-03T23:57:04+08:00
2017-05-03T23:58:04: 非记录时间：2017-05-03T23:58:04+08:00
2017-05-03T23:59:04: 非记录时间：2017-05-03T23:59:04+08:00
