2017-03-24T00:00:08: 非记录时间：2017-03-24T00:00:08+08:00
2017-03-24T00:00:18: 非记录时间：2017-03-24T00:00:18+08:00
2017-03-24T00:00:28: 非记录时间：2017-03-24T00:00:28+08:00
2017-03-24T00:00:38: 非记录时间：2017-03-24T00:00:38+08:00
2017-03-24T00:00:48: 非记录时间：2017-03-24T00:00:48+08:00
2017-03-24T00:00:58: 非记录时间：2017-03-24T00:00:58+08:00
2017-03-24T00:01:08: 非记录时间：2017-03-24T00:01:08+08:00
2017-03-24T00:01:18: 非记录时间：2017-03-24T00:01:18+08:00
2017-03-24T00:01:28: 非记录时间：2017-03-24T00:01:28+08:00
2017-03-24T00:01:38: 非记录时间：2017-03-24T00:01:38+08:00
2017-03-24T00:01:48: 非记录时间：2017-03-24T00:01:48+08:00
2017-03-24T00:01:58: 非记录时间：2017-03-24T00:01:58+08:00
2017-03-24T00:02:08: 非记录时间：2017-03-24T00:02:08+08:00
2017-03-24T00:02:18: 非记录时间：2017-03-24T00:02:18+08:00
2017-03-24T00:02:28: 非记录时间：2017-03-24T00:02:28+08:00
2017-03-24T00:02:38: 非记录时间：2017-03-24T00:02:38+08:00
2017-03-24T00:02:48: 非记录时间：2017-03-24T00:02:48+08:00
2017-03-24T00:02:58: 非记录时间：2017-03-24T00:02:58+08:00
2017-03-24T00:03:08: 非记录时间：2017-03-24T00:03:08+08:00
2017-03-24T00:03:18: 非记录时间：2017-03-24T00:03:18+08:00
2017-03-24T00:03:28: 非记录时间：2017-03-24T00:03:28+08:00
2017-03-24T00:03:38: 非记录时间：2017-03-24T00:03:38+08:00
2017-03-24T00:03:48: 非记录时间：2017-03-24T00:03:48+08:00
2017-03-24T00:03:58: 非记录时间：2017-03-24T00:03:58+08:00
2017-03-24T00:04:08: 非记录时间：2017-03-24T00:04:08+08:00
2017-03-24T00:04:18: 非记录时间：2017-03-24T00:04:18+08:00
2017-03-24T00:04:28: 非记录时间：2017-03-24T00:04:28+08:00
2017-03-24T00:04:38: 非记录时间：2017-03-24T00:04:38+08:00
2017-03-24T00:04:48: 非记录时间：2017-03-24T00:04:48+08:00
2017-03-24T00:04:58: 非记录时间：2017-03-24T00:04:58+08:00
2017-03-24T00:05:08: 非记录时间：2017-03-24T00:05:08+08:00
2017-03-24T00:05:18: 非记录时间：2017-03-24T00:05:18+08:00
2017-03-24T00:05:28: 非记录时间：2017-03-24T00:05:28+08:00
2017-03-24T00:05:38: 非记录时间：2017-03-24T00:05:38+08:00
2017-03-24T00:05:48: 非记录时间：2017-03-24T00:05:48+08:00
2017-03-24T00:05:58: 非记录时间：2017-03-24T00:05:58+08:00
2017-03-24T00:06:08: 非记录时间：2017-03-24T00:06:08+08:00
2017-03-24T00:06:18: 非记录时间：2017-03-24T00:06:18+08:00
2017-03-24T00:06:28: 非记录时间：2017-03-24T00:06:28+08:00
2017-03-24T00:06:38: 非记录时间：2017-03-24T00:06:38+08:00
2017-03-24T00:06:48: 非记录时间：2017-03-24T00:06:48+08:00
2017-03-24T00:06:58: 非记录时间：2017-03-24T00:06:58+08:00
2017-03-24T00:07:08: 非记录时间：2017-03-24T00:07:08+08:00
2017-03-24T00:07:18: 非记录时间：2017-03-24T00:07:18+08:00
2017-03-24T00:07:28: 非记录时间：2017-03-24T00:07:28+08:00
2017-03-24T00:07:38: 非记录时间：2017-03-24T00:07:38+08:00
2017-03-24T00:07:48: 非记录时间：2017-03-24T00:07:48+08:00
2017-03-24T00:07:58: 非记录时间：2017-03-24T00:07:58+08:00
2017-03-24T00:08:08: 非记录时间：2017-03-24T00:08:08+08:00
2017-03-24T00:08:18: 非记录时间：2017-03-24T00:08:18+08:00
2017-03-24T00:08:28: 非记录时间：2017-03-24T00:08:28+08:00
2017-03-24T00:08:38: 非记录时间：2017-03-24T00:08:38+08:00
2017-03-24T00:08:48: 非记录时间：2017-03-24T00:08:48+08:00
2017-03-24T00:08:58: 非记录时间：2017-03-24T00:08:58+08:00
2017-03-24T00:09:08: 非记录时间：2017-03-24T00:09:08+08:00
2017-03-24T00:09:18: 非记录时间：2017-03-24T00:09:18+08:00
2017-03-24T00:09:28: 非记录时间：2017-03-24T00:09:28+08:00
2017-03-24T00:09:38: 非记录时间：2017-03-24T00:09:38+08:00
2017-03-24T00:09:48: 非记录时间：2017-03-24T00:09:48+08:00
2017-03-24T00:09:58: 非记录时间：2017-03-24T00:09:58+08:00
2017-03-24T00:10:08: 非记录时间：2017-03-24T00:10:08+08:00
2017-03-24T00:10:18: 非记录时间：2017-03-24T00:10:18+08:00
2017-03-24T00:10:28: 非记录时间：2017-03-24T00:10:28+08:00
2017-03-24T00:10:38: 非记录时间：2017-03-24T00:10:38+08:00
2017-03-24T00:10:48: 非记录时间：2017-03-24T00:10:48+08:00
2017-03-24T00:10:58: 非记录时间：2017-03-24T00:10:58+08:00
2017-03-24T00:11:08: 非记录时间：2017-03-24T00:11:08+08:00
2017-03-24T00:11:18: 非记录时间：2017-03-24T00:11:18+08:00
2017-03-24T00:11:28: 非记录时间：2017-03-24T00:11:28+08:00
2017-03-24T00:11:38: 非记录时间：2017-03-24T00:11:38+08:00
2017-03-24T00:11:48: 非记录时间：2017-03-24T00:11:48+08:00
2017-03-24T00:11:58: 非记录时间：2017-03-24T00:11:58+08:00
2017-03-24T00:12:08: 非记录时间：2017-03-24T00:12:08+08:00
2017-03-24T00:12:18: 非记录时间：2017-03-24T00:12:18+08:00
2017-03-24T00:12:28: 非记录时间：2017-03-24T00:12:28+08:00
2017-03-24T00:12:38: 非记录时间：2017-03-24T00:12:38+08:00
2017-03-24T00:12:48: 非记录时间：2017-03-24T00:12:48+08:00
2017-03-24T00:12:58: 非记录时间：2017-03-24T00:12:58+08:00
2017-03-24T00:13:08: 非记录时间：2017-03-24T00:13:08+08:00
2017-03-24T00:13:18: 非记录时间：2017-03-24T00:13:18+08:00
2017-03-24T00:13:28: 非记录时间：2017-03-24T00:13:28+08:00
2017-03-24T00:13:38: 非记录时间：2017-03-24T00:13:38+08:00
2017-03-24T00:13:48: 非记录时间：2017-03-24T00:13:48+08:00
2017-03-24T00:13:58: 非记录时间：2017-03-24T00:13:58+08:00
2017-03-24T00:14:08: 非记录时间：2017-03-24T00:14:08+08:00
2017-03-24T00:14:18: 非记录时间：2017-03-24T00:14:18+08:00
2017-03-24T00:14:28: 非记录时间：2017-03-24T00:14:28+08:00
2017-03-24T00:14:38: 非记录时间：2017-03-24T00:14:38+08:00
2017-03-24T00:14:48: 非记录时间：2017-03-24T00:14:48+08:00
2017-03-24T00:14:58: 非记录时间：2017-03-24T00:14:58+08:00
2017-03-24T00:15:08: 非记录时间：2017-03-24T00:15:08+08:00
2017-03-24T00:15:18: 非记录时间：2017-03-24T00:15:18+08:00
2017-03-24T00:15:28: 非记录时间：2017-03-24T00:15:28+08:00
2017-03-24T00:15:38: 非记录时间：2017-03-24T00:15:38+08:00
2017-03-24T00:15:48: 非记录时间：2017-03-24T00:15:48+08:00
2017-03-24T00:15:58: 非记录时间：2017-03-24T00:15:58+08:00
2017-03-24T00:16:08: 非记录时间：2017-03-24T00:16:08+08:00
2017-03-24T00:16:18: 非记录时间：2017-03-24T00:16:18+08:00
2017-03-24T00:16:28: 非记录时间：2017-03-24T00:16:28+08:00
2017-03-24T00:16:38: 非记录时间：2017-03-24T00:16:38+08:00
2017-03-24T00:16:48: 非记录时间：2017-03-24T00:16:48+08:00
2017-03-24T00:16:58: 非记录时间：2017-03-24T00:16:58+08:00
2017-03-24T00:17:08: 非记录时间：2017-03-24T00:17:08+08:00
2017-03-24T00:17:18: 非记录时间：2017-03-24T00:17:18+08:00
2017-03-24T00:17:28: 非记录时间：2017-03-24T00:17:28+08:00
2017-03-24T00:17:38: 非记录时间：2017-03-24T00:17:38+08:00
2017-03-24T00:17:48: 非记录时间：2017-03-24T00:17:48+08:00
2017-03-24T00:17:58: 非记录时间：2017-03-24T00:17:58+08:00
2017-03-24T00:18:08: 非记录时间：2017-03-24T00:18:08+08:00
2017-03-24T00:18:18: 非记录时间：2017-03-24T00:18:18+08:00
2017-03-24T00:18:28: 非记录时间：2017-03-24T00:18:28+08:00
2017-03-24T00:18:38: 非记录时间：2017-03-24T00:18:38+08:00
2017-03-24T00:18:48: 非记录时间：2017-03-24T00:18:48+08:00
2017-03-24T00:18:58: 非记录时间：2017-03-24T00:18:58+08:00
2017-03-24T00:19:08: 非记录时间：2017-03-24T00:19:08+08:00
2017-03-24T00:19:18: 非记录时间：2017-03-24T00:19:18+08:00
2017-03-24T00:19:28: 非记录时间：2017-03-24T00:19:28+08:00
2017-03-24T00:19:38: 非记录时间：2017-03-24T00:19:38+08:00
2017-03-24T00:19:48: 非记录时间：2017-03-24T00:19:48+08:00
2017-03-24T00:19:58: 非记录时间：2017-03-24T00:19:58+08:00
2017-03-24T00:20:08: 非记录时间：2017-03-24T00:20:08+08:00
2017-03-24T00:20:18: 非记录时间：2017-03-24T00:20:18+08:00
2017-03-24T00:20:28: 非记录时间：2017-03-24T00:20:28+08:00
2017-03-24T00:20:38: 非记录时间：2017-03-24T00:20:38+08:00
2017-03-24T00:20:48: 非记录时间：2017-03-24T00:20:48+08:00
2017-03-24T00:20:58: 非记录时间：2017-03-24T00:20:58+08:00
2017-03-24T00:21:08: 非记录时间：2017-03-24T00:21:08+08:00
2017-03-24T00:21:18: 非记录时间：2017-03-24T00:21:18+08:00
2017-03-24T00:21:28: 非记录时间：2017-03-24T00:21:28+08:00
2017-03-24T00:21:38: 非记录时间：2017-03-24T00:21:38+08:00
2017-03-24T00:21:48: 非记录时间：2017-03-24T00:21:48+08:00
2017-03-24T00:21:58: 非记录时间：2017-03-24T00:21:58+08:00
2017-03-24T00:22:08: 非记录时间：2017-03-24T00:22:08+08:00
2017-03-24T00:22:18: 非记录时间：2017-03-24T00:22:18+08:00
2017-03-24T00:22:28: 非记录时间：2017-03-24T00:22:28+08:00
2017-03-24T00:22:38: 非记录时间：2017-03-24T00:22:38+08:00
2017-03-24T00:22:48: 非记录时间：2017-03-24T00:22:48+08:00
2017-03-24T00:22:58: 非记录时间：2017-03-24T00:22:58+08:00
2017-03-24T00:23:08: 非记录时间：2017-03-24T00:23:08+08:00
2017-03-24T00:23:18: 非记录时间：2017-03-24T00:23:18+08:00
2017-03-24T00:23:28: 非记录时间：2017-03-24T00:23:28+08:00
2017-03-24T00:23:38: 非记录时间：2017-03-24T00:23:38+08:00
2017-03-24T00:23:48: 非记录时间：2017-03-24T00:23:48+08:00
2017-03-24T00:23:58: 非记录时间：2017-03-24T00:23:58+08:00
2017-03-24T00:24:08: 非记录时间：2017-03-24T00:24:08+08:00
2017-03-24T00:24:18: 非记录时间：2017-03-24T00:24:18+08:00
2017-03-24T00:24:28: 非记录时间：2017-03-24T00:24:28+08:00
2017-03-24T00:24:38: 非记录时间：2017-03-24T00:24:38+08:00
2017-03-24T00:24:48: 非记录时间：2017-03-24T00:24:48+08:00
2017-03-24T00:24:58: 非记录时间：2017-03-24T00:24:58+08:00
2017-03-24T00:25:08: 非记录时间：2017-03-24T00:25:08+08:00
2017-03-24T00:25:18: 非记录时间：2017-03-24T00:25:18+08:00
2017-03-24T00:25:28: 非记录时间：2017-03-24T00:25:28+08:00
2017-03-24T00:25:38: 非记录时间：2017-03-24T00:25:38+08:00
2017-03-24T00:25:48: 非记录时间：2017-03-24T00:25:48+08:00
2017-03-24T00:25:58: 非记录时间：2017-03-24T00:25:58+08:00
2017-03-24T00:26:08: 非记录时间：2017-03-24T00:26:08+08:00
2017-03-24T00:26:18: 非记录时间：2017-03-24T00:26:18+08:00
2017-03-24T00:26:28: 非记录时间：2017-03-24T00:26:28+08:00
2017-03-24T00:26:38: 非记录时间：2017-03-24T00:26:38+08:00
2017-03-24T00:26:48: 非记录时间：2017-03-24T00:26:48+08:00
2017-03-24T00:26:58: 非记录时间：2017-03-24T00:26:58+08:00
2017-03-24T00:27:08: 非记录时间：2017-03-24T00:27:08+08:00
2017-03-24T00:27:18: 非记录时间：2017-03-24T00:27:18+08:00
2017-03-24T00:27:28: 非记录时间：2017-03-24T00:27:28+08:00
2017-03-24T00:27:38: 非记录时间：2017-03-24T00:27:38+08:00
2017-03-24T00:27:48: 非记录时间：2017-03-24T00:27:48+08:00
2017-03-24T00:27:58: 非记录时间：2017-03-24T00:27:58+08:00
2017-03-24T00:28:08: 非记录时间：2017-03-24T00:28:08+08:00
2017-03-24T00:28:18: 非记录时间：2017-03-24T00:28:18+08:00
2017-03-24T00:28:28: 非记录时间：2017-03-24T00:28:28+08:00
2017-03-24T00:28:38: 非记录时间：2017-03-24T00:28:38+08:00
2017-03-24T00:28:48: 非记录时间：2017-03-24T00:28:48+08:00
2017-03-24T00:28:58: 非记录时间：2017-03-24T00:28:58+08:00
2017-03-24T00:29:08: 非记录时间：2017-03-24T00:29:08+08:00
2017-03-24T00:29:18: 非记录时间：2017-03-24T00:29:18+08:00
2017-03-24T00:29:28: 非记录时间：2017-03-24T00:29:28+08:00
2017-03-24T00:29:38: 非记录时间：2017-03-24T00:29:38+08:00
2017-03-24T00:29:48: 非记录时间：2017-03-24T00:29:48+08:00
2017-03-24T00:29:58: 非记录时间：2017-03-24T00:29:58+08:00
2017-03-24T00:30:08: 非记录时间：2017-03-24T00:30:08+08:00
2017-03-24T00:30:18: 非记录时间：2017-03-24T00:30:18+08:00
2017-03-24T00:30:28: 非记录时间：2017-03-24T00:30:28+08:00
2017-03-24T00:30:38: 非记录时间：2017-03-24T00:30:38+08:00
2017-03-24T00:30:48: 非记录时间：2017-03-24T00:30:48+08:00
2017-03-24T00:30:58: 非记录时间：2017-03-24T00:30:58+08:00
2017-03-24T00:31:08: 非记录时间：2017-03-24T00:31:08+08:00
2017-03-24T00:31:18: 非记录时间：2017-03-24T00:31:18+08:00
2017-03-24T00:31:28: 非记录时间：2017-03-24T00:31:28+08:00
2017-03-24T00:31:38: 非记录时间：2017-03-24T00:31:38+08:00
2017-03-24T00:31:48: 非记录时间：2017-03-24T00:31:48+08:00
2017-03-24T00:31:58: 非记录时间：2017-03-24T00:31:58+08:00
2017-03-24T00:32:08: 非记录时间：2017-03-24T00:32:08+08:00
2017-03-24T00:32:18: 非记录时间：2017-03-24T00:32:18+08:00
2017-03-24T00:32:28: 非记录时间：2017-03-24T00:32:28+08:00
2017-03-24T00:32:38: 非记录时间：2017-03-24T00:32:38+08:00
2017-03-24T00:32:48: 非记录时间：2017-03-24T00:32:48+08:00
2017-03-24T00:32:58: 非记录时间：2017-03-24T00:32:58+08:00
2017-03-24T00:33:08: 非记录时间：2017-03-24T00:33:08+08:00
2017-03-24T00:33:18: 非记录时间：2017-03-24T00:33:18+08:00
2017-03-24T00:33:28: 非记录时间：2017-03-24T00:33:28+08:00
2017-03-24T00:33:38: 非记录时间：2017-03-24T00:33:38+08:00
2017-03-24T00:33:48: 非记录时间：2017-03-24T00:33:48+08:00
2017-03-24T00:33:58: 非记录时间：2017-03-24T00:33:58+08:00
2017-03-24T00:34:08: 非记录时间：2017-03-24T00:34:08+08:00
2017-03-24T00:34:18: 非记录时间：2017-03-24T00:34:18+08:00
2017-03-24T00:34:28: 非记录时间：2017-03-24T00:34:28+08:00
2017-03-24T00:34:38: 非记录时间：2017-03-24T00:34:38+08:00
2017-03-24T00:34:48: 非记录时间：2017-03-24T00:34:48+08:00
2017-03-24T00:34:58: 非记录时间：2017-03-24T00:34:58+08:00
2017-03-24T00:35:08: 非记录时间：2017-03-24T00:35:08+08:00
2017-03-24T00:35:18: 非记录时间：2017-03-24T00:35:18+08:00
2017-03-24T00:35:28: 非记录时间：2017-03-24T00:35:28+08:00
2017-03-24T00:35:38: 非记录时间：2017-03-24T00:35:38+08:00
2017-03-24T00:35:48: 非记录时间：2017-03-24T00:35:48+08:00
2017-03-24T00:35:58: 非记录时间：2017-03-24T00:35:58+08:00
2017-03-24T00:36:08: 非记录时间：2017-03-24T00:36:08+08:00
2017-03-24T00:36:18: 非记录时间：2017-03-24T00:36:18+08:00
2017-03-24T00:36:28: 非记录时间：2017-03-24T00:36:28+08:00
2017-03-24T00:36:38: 非记录时间：2017-03-24T00:36:38+08:00
2017-03-24T00:36:48: 非记录时间：2017-03-24T00:36:48+08:00
2017-03-24T00:36:58: 非记录时间：2017-03-24T00:36:58+08:00
2017-03-24T00:37:08: 非记录时间：2017-03-24T00:37:08+08:00
2017-03-24T00:37:18: 非记录时间：2017-03-24T00:37:18+08:00
2017-03-24T00:37:28: 非记录时间：2017-03-24T00:37:28+08:00
2017-03-24T00:37:38: 非记录时间：2017-03-24T00:37:38+08:00
2017-03-24T00:37:48: 非记录时间：2017-03-24T00:37:48+08:00
2017-03-24T00:37:58: 非记录时间：2017-03-24T00:37:58+08:00
2017-03-24T00:38:08: 非记录时间：2017-03-24T00:38:08+08:00
2017-03-24T00:38:18: 非记录时间：2017-03-24T00:38:18+08:00
2017-03-24T00:38:28: 非记录时间：2017-03-24T00:38:28+08:00
2017-03-24T00:38:38: 非记录时间：2017-03-24T00:38:38+08:00
2017-03-24T00:38:48: 非记录时间：2017-03-24T00:38:48+08:00
2017-03-24T00:38:58: 非记录时间：2017-03-24T00:38:58+08:00
2017-03-24T00:39:08: 非记录时间：2017-03-24T00:39:08+08:00
2017-03-24T00:39:18: 非记录时间：2017-03-24T00:39:18+08:00
2017-03-24T00:39:28: 非记录时间：2017-03-24T00:39:28+08:00
2017-03-24T00:39:38: 非记录时间：2017-03-24T00:39:38+08:00
2017-03-24T00:39:48: 非记录时间：2017-03-24T00:39:48+08:00
2017-03-24T00:39:58: 非记录时间：2017-03-24T00:39:58+08:00
2017-03-24T00:40:08: 非记录时间：2017-03-24T00:40:08+08:00
2017-03-24T00:40:18: 非记录时间：2017-03-24T00:40:18+08:00
2017-03-24T00:40:28: 非记录时间：2017-03-24T00:40:28+08:00
2017-03-24T00:40:38: 非记录时间：2017-03-24T00:40:38+08:00
2017-03-24T00:40:48: 非记录时间：2017-03-24T00:40:48+08:00
2017-03-24T00:40:58: 非记录时间：2017-03-24T00:40:58+08:00
2017-03-24T00:41:08: 非记录时间：2017-03-24T00:41:08+08:00
2017-03-24T00:41:18: 非记录时间：2017-03-24T00:41:18+08:00
2017-03-24T00:41:28: 非记录时间：2017-03-24T00:41:28+08:00
2017-03-24T00:41:38: 非记录时间：2017-03-24T00:41:38+08:00
2017-03-24T00:41:48: 非记录时间：2017-03-24T00:41:48+08:00
2017-03-24T00:41:58: 非记录时间：2017-03-24T00:41:58+08:00
2017-03-24T00:42:08: 非记录时间：2017-03-24T00:42:08+08:00
2017-03-24T00:42:18: 非记录时间：2017-03-24T00:42:18+08:00
2017-03-24T00:42:28: 非记录时间：2017-03-24T00:42:28+08:00
2017-03-24T00:42:38: 非记录时间：2017-03-24T00:42:38+08:00
2017-03-24T00:42:48: 非记录时间：2017-03-24T00:42:48+08:00
2017-03-24T00:42:58: 非记录时间：2017-03-24T00:42:58+08:00
2017-03-24T00:43:08: 非记录时间：2017-03-24T00:43:08+08:00
2017-03-24T00:43:18: 非记录时间：2017-03-24T00:43:18+08:00
2017-03-24T00:43:28: 非记录时间：2017-03-24T00:43:28+08:00
2017-03-24T00:43:38: 非记录时间：2017-03-24T00:43:38+08:00
2017-03-24T00:43:48: 非记录时间：2017-03-24T00:43:48+08:00
2017-03-24T00:43:58: 非记录时间：2017-03-24T00:43:58+08:00
2017-03-24T00:44:08: 非记录时间：2017-03-24T00:44:08+08:00
2017-03-24T00:44:18: 非记录时间：2017-03-24T00:44:18+08:00
2017-03-24T00:44:28: 非记录时间：2017-03-24T00:44:28+08:00
2017-03-24T00:44:38: 非记录时间：2017-03-24T00:44:38+08:00
2017-03-24T00:44:48: 非记录时间：2017-03-24T00:44:48+08:00
2017-03-24T00:44:59: 非记录时间：2017-03-24T00:44:59+08:00
2017-03-24T00:45:09: 非记录时间：2017-03-24T00:45:09+08:00
2017-03-24T00:45:19: 非记录时间：2017-03-24T00:45:19+08:00
2017-03-24T00:45:29: 非记录时间：2017-03-24T00:45:29+08:00
2017-03-24T00:45:39: 非记录时间：2017-03-24T00:45:39+08:00
2017-03-24T00:45:49: 非记录时间：2017-03-24T00:45:49+08:00
2017-03-24T00:45:59: 非记录时间：2017-03-24T00:45:59+08:00
2017-03-24T00:46:09: 非记录时间：2017-03-24T00:46:09+08:00
2017-03-24T00:46:19: 非记录时间：2017-03-24T00:46:19+08:00
2017-03-24T00:46:29: 非记录时间：2017-03-24T00:46:29+08:00
2017-03-24T00:46:39: 非记录时间：2017-03-24T00:46:39+08:00
2017-03-24T00:46:49: 非记录时间：2017-03-24T00:46:49+08:00
2017-03-24T00:46:59: 非记录时间：2017-03-24T00:46:59+08:00
2017-03-24T00:47:09: 非记录时间：2017-03-24T00:47:09+08:00
2017-03-24T00:47:19: 非记录时间：2017-03-24T00:47:19+08:00
2017-03-24T00:47:29: 非记录时间：2017-03-24T00:47:29+08:00
2017-03-24T00:47:39: 非记录时间：2017-03-24T00:47:39+08:00
2017-03-24T00:47:49: 非记录时间：2017-03-24T00:47:49+08:00
2017-03-24T00:47:59: 非记录时间：2017-03-24T00:47:59+08:00
2017-03-24T00:48:09: 非记录时间：2017-03-24T00:48:09+08:00
2017-03-24T00:48:19: 非记录时间：2017-03-24T00:48:19+08:00
2017-03-24T00:48:29: 非记录时间：2017-03-24T00:48:29+08:00
2017-03-24T00:48:39: 非记录时间：2017-03-24T00:48:39+08:00
2017-03-24T00:48:49: 非记录时间：2017-03-24T00:48:49+08:00
2017-03-24T00:48:59: 非记录时间：2017-03-24T00:48:59+08:00
2017-03-24T00:49:09: 非记录时间：2017-03-24T00:49:09+08:00
2017-03-24T00:49:19: 非记录时间：2017-03-24T00:49:19+08:00
2017-03-24T00:49:29: 非记录时间：2017-03-24T00:49:29+08:00
2017-03-24T00:49:39: 非记录时间：2017-03-24T00:49:39+08:00
2017-03-24T00:49:49: 非记录时间：2017-03-24T00:49:49+08:00
2017-03-24T00:49:59: 非记录时间：2017-03-24T00:49:59+08:00
2017-03-24T00:50:09: 非记录时间：2017-03-24T00:50:09+08:00
2017-03-24T00:50:19: 非记录时间：2017-03-24T00:50:19+08:00
2017-03-24T00:50:29: 非记录时间：2017-03-24T00:50:29+08:00
2017-03-24T00:50:39: 非记录时间：2017-03-24T00:50:39+08:00
2017-03-24T00:50:49: 非记录时间：2017-03-24T00:50:49+08:00
2017-03-24T00:50:59: 非记录时间：2017-03-24T00:50:59+08:00
2017-03-24T00:51:09: 非记录时间：2017-03-24T00:51:09+08:00
2017-03-24T00:51:19: 非记录时间：2017-03-24T00:51:19+08:00
2017-03-24T00:51:29: 非记录时间：2017-03-24T00:51:29+08:00
2017-03-24T00:51:39: 非记录时间：2017-03-24T00:51:39+08:00
2017-03-24T00:51:49: 非记录时间：2017-03-24T00:51:49+08:00
2017-03-24T00:51:59: 非记录时间：2017-03-24T00:51:59+08:00
2017-03-24T00:52:09: 非记录时间：2017-03-24T00:52:09+08:00
2017-03-24T00:52:19: 非记录时间：2017-03-24T00:52:19+08:00
2017-03-24T00:52:29: 非记录时间：2017-03-24T00:52:29+08:00
2017-03-24T00:52:39: 非记录时间：2017-03-24T00:52:39+08:00
2017-03-24T00:52:49: 非记录时间：2017-03-24T00:52:49+08:00
2017-03-24T00:52:59: 非记录时间：2017-03-24T00:52:59+08:00
2017-03-24T00:53:09: 非记录时间：2017-03-24T00:53:09+08:00
2017-03-24T00:53:19: 非记录时间：2017-03-24T00:53:19+08:00
2017-03-24T00:53:29: 非记录时间：2017-03-24T00:53:29+08:00
2017-03-24T00:53:39: 非记录时间：2017-03-24T00:53:39+08:00
2017-03-24T00:53:49: 非记录时间：2017-03-24T00:53:49+08:00
2017-03-24T00:53:59: 非记录时间：2017-03-24T00:53:59+08:00
2017-03-24T00:54:09: 非记录时间：2017-03-24T00:54:09+08:00
2017-03-24T00:54:19: 非记录时间：2017-03-24T00:54:19+08:00
2017-03-24T00:54:29: 非记录时间：2017-03-24T00:54:29+08:00
2017-03-24T00:54:39: 非记录时间：2017-03-24T00:54:39+08:00
2017-03-24T00:54:49: 非记录时间：2017-03-24T00:54:49+08:00
2017-03-24T00:54:59: 非记录时间：2017-03-24T00:54:59+08:00
2017-03-24T00:55:09: 非记录时间：2017-03-24T00:55:09+08:00
2017-03-24T00:55:19: 非记录时间：2017-03-24T00:55:19+08:00
2017-03-24T00:55:29: 非记录时间：2017-03-24T00:55:29+08:00
2017-03-24T00:55:39: 非记录时间：2017-03-24T00:55:39+08:00
2017-03-24T00:55:49: 非记录时间：2017-03-24T00:55:49+08:00
2017-03-24T00:55:59: 非记录时间：2017-03-24T00:55:59+08:00
2017-03-24T00:56:09: 非记录时间：2017-03-24T00:56:09+08:00
2017-03-24T00:56:19: 非记录时间：2017-03-24T00:56:19+08:00
2017-03-24T00:56:29: 非记录时间：2017-03-24T00:56:29+08:00
2017-03-24T00:56:39: 非记录时间：2017-03-24T00:56:39+08:00
2017-03-24T00:56:49: 非记录时间：2017-03-24T00:56:49+08:00
2017-03-24T00:56:59: 非记录时间：2017-03-24T00:56:59+08:00
2017-03-24T00:57:09: 非记录时间：2017-03-24T00:57:09+08:00
2017-03-24T00:57:19: 非记录时间：2017-03-24T00:57:19+08:00
2017-03-24T00:57:29: 非记录时间：2017-03-24T00:57:29+08:00
2017-03-24T00:57:39: 非记录时间：2017-03-24T00:57:39+08:00
2017-03-24T00:57:49: 非记录时间：2017-03-24T00:57:49+08:00
2017-03-24T00:57:59: 非记录时间：2017-03-24T00:57:59+08:00
2017-03-24T00:58:09: 非记录时间：2017-03-24T00:58:09+08:00
2017-03-24T00:58:19: 非记录时间：2017-03-24T00:58:19+08:00
2017-03-24T00:58:29: 非记录时间：2017-03-24T00:58:29+08:00
2017-03-24T00:58:39: 非记录时间：2017-03-24T00:58:39+08:00
2017-03-24T00:58:49: 非记录时间：2017-03-24T00:58:49+08:00
2017-03-24T00:58:59: 非记录时间：2017-03-24T00:58:59+08:00
2017-03-24T00:59:09: 非记录时间：2017-03-24T00:59:09+08:00
2017-03-24T00:59:19: 非记录时间：2017-03-24T00:59:19+08:00
2017-03-24T00:59:29: 非记录时间：2017-03-24T00:59:29+08:00
2017-03-24T00:59:39: 非记录时间：2017-03-24T00:59:39+08:00
2017-03-24T00:59:49: 非记录时间：2017-03-24T00:59:49+08:00
2017-03-24T00:59:59: 非记录时间：2017-03-24T00:59:59+08:00
2017-03-24T01:00:09: 非记录时间：2017-03-24T01:00:09+08:00
2017-03-24T01:00:19: 非记录时间：2017-03-24T01:00:19+08:00
2017-03-24T01:00:29: 非记录时间：2017-03-24T01:00:29+08:00
2017-03-24T01:00:39: 非记录时间：2017-03-24T01:00:39+08:00
2017-03-24T01:00:49: 非记录时间：2017-03-24T01:00:49+08:00
2017-03-24T01:00:59: 非记录时间：2017-03-24T01:00:59+08:00
2017-03-24T01:01:09: 非记录时间：2017-03-24T01:01:09+08:00
2017-03-24T01:01:19: 非记录时间：2017-03-24T01:01:19+08:00
2017-03-24T01:01:29: 非记录时间：2017-03-24T01:01:29+08:00
2017-03-24T01:01:39: 非记录时间：2017-03-24T01:01:39+08:00
2017-03-24T01:01:49: 非记录时间：2017-03-24T01:01:49+08:00
2017-03-24T01:01:59: 非记录时间：2017-03-24T01:01:59+08:00
2017-03-24T01:02:09: 非记录时间：2017-03-24T01:02:09+08:00
2017-03-24T01:02:19: 非记录时间：2017-03-24T01:02:19+08:00
2017-03-24T01:02:29: 非记录时间：2017-03-24T01:02:29+08:00
2017-03-24T01:02:39: 非记录时间：2017-03-24T01:02:39+08:00
2017-03-24T01:02:49: 非记录时间：2017-03-24T01:02:49+08:00
2017-03-24T01:02:59: 非记录时间：2017-03-24T01:02:59+08:00
2017-03-24T01:03:09: 非记录时间：2017-03-24T01:03:09+08:00
2017-03-24T01:03:19: 非记录时间：2017-03-24T01:03:19+08:00
2017-03-24T01:03:29: 非记录时间：2017-03-24T01:03:29+08:00
2017-03-24T01:03:39: 非记录时间：2017-03-24T01:03:39+08:00
2017-03-24T01:03:49: 非记录时间：2017-03-24T01:03:49+08:00
2017-03-24T01:03:59: 非记录时间：2017-03-24T01:03:59+08:00
2017-03-24T01:04:09: 非记录时间：2017-03-24T01:04:09+08:00
2017-03-24T01:04:19: 非记录时间：2017-03-24T01:04:19+08:00
2017-03-24T01:04:29: 非记录时间：2017-03-24T01:04:29+08:00
2017-03-24T01:04:39: 非记录时间：2017-03-24T01:04:39+08:00
2017-03-24T01:04:49: 非记录时间：2017-03-24T01:04:49+08:00
2017-03-24T01:04:59: 非记录时间：2017-03-24T01:04:59+08:00
2017-03-24T01:05:09: 非记录时间：2017-03-24T01:05:09+08:00
2017-03-24T01:05:19: 非记录时间：2017-03-24T01:05:19+08:00
2017-03-24T01:05:29: 非记录时间：2017-03-24T01:05:29+08:00
2017-03-24T01:05:39: 非记录时间：2017-03-24T01:05:39+08:00
2017-03-24T01:05:49: 非记录时间：2017-03-24T01:05:49+08:00
2017-03-24T01:05:59: 非记录时间：2017-03-24T01:05:59+08:00
2017-03-24T01:06:09: 非记录时间：2017-03-24T01:06:09+08:00
2017-03-24T01:06:19: 非记录时间：2017-03-24T01:06:19+08:00
2017-03-24T01:06:29: 非记录时间：2017-03-24T01:06:29+08:00
2017-03-24T01:06:39: 非记录时间：2017-03-24T01:06:39+08:00
2017-03-24T01:06:49: 非记录时间：2017-03-24T01:06:49+08:00
2017-03-24T01:06:59: 非记录时间：2017-03-24T01:06:59+08:00
2017-03-24T01:07:09: 非记录时间：2017-03-24T01:07:09+08:00
2017-03-24T01:07:19: 非记录时间：2017-03-24T01:07:19+08:00
2017-03-24T01:07:29: 非记录时间：2017-03-24T01:07:29+08:00
2017-03-24T01:07:39: 非记录时间：2017-03-24T01:07:39+08:00
2017-03-24T01:07:49: 非记录时间：2017-03-24T01:07:49+08:00
2017-03-24T01:07:59: 非记录时间：2017-03-24T01:07:59+08:00
2017-03-24T01:08:09: 非记录时间：2017-03-24T01:08:09+08:00
2017-03-24T01:08:19: 非记录时间：2017-03-24T01:08:19+08:00
2017-03-24T01:08:29: 非记录时间：2017-03-24T01:08:29+08:00
2017-03-24T01:08:39: 非记录时间：2017-03-24T01:08:39+08:00
2017-03-24T01:08:49: 非记录时间：2017-03-24T01:08:49+08:00
2017-03-24T01:08:59: 非记录时间：2017-03-24T01:08:59+08:00
2017-03-24T01:09:09: 非记录时间：2017-03-24T01:09:09+08:00
2017-03-24T01:09:19: 非记录时间：2017-03-24T01:09:19+08:00
2017-03-24T01:09:29: 非记录时间：2017-03-24T01:09:29+08:00
2017-03-24T01:09:39: 非记录时间：2017-03-24T01:09:39+08:00
2017-03-24T01:09:49: 非记录时间：2017-03-24T01:09:49+08:00
2017-03-24T01:09:59: 非记录时间：2017-03-24T01:09:59+08:00
2017-03-24T01:10:09: 非记录时间：2017-03-24T01:10:09+08:00
2017-03-24T01:10:19: 非记录时间：2017-03-24T01:10:19+08:00
2017-03-24T01:10:29: 非记录时间：2017-03-24T01:10:29+08:00
2017-03-24T01:10:39: 非记录时间：2017-03-24T01:10:39+08:00
2017-03-24T01:10:49: 非记录时间：2017-03-24T01:10:49+08:00
2017-03-24T01:10:59: 非记录时间：2017-03-24T01:10:59+08:00
2017-03-24T01:11:10: 读取文件失败，可能是该文件不存在
2017-03-24T01:11:10: Error: ENOENT: no such file or directory, open './data/2017-03-24.json'
2017-03-24T01:11:20: 读取文件成功
2017-03-24T01:11:29: 读取文件成功
2017-03-24T01:11:40: 读取文件成功
2017-03-24T01:11:49: 读取文件成功
2017-03-24T01:11:59: 读取文件成功
2017-03-24T01:12:10: 读取文件成功
2017-03-24T01:12:20: 读取文件成功
2017-03-24T01:12:29: 读取文件成功
2017-03-24T01:12:39: 读取文件成功
2017-03-24T01:12:50: 读取文件成功
2017-03-24T01:13:00: 读取文件成功
2017-03-24T01:13:10: 读取文件成功
2017-03-24T01:13:20: 读取文件成功
2017-03-24T01:13:30: 读取文件成功
2017-03-24T01:13:40: 读取文件成功
2017-03-24T01:13:50: 读取文件成功
2017-03-24T01:14:00: 读取文件成功
2017-03-24T01:14:10: 读取文件成功
2017-03-24T01:14:20: 读取文件成功
2017-03-24T01:14:30: 读取文件成功
2017-03-24T01:14:40: 读取文件成功
2017-03-24T01:14:50: 读取文件成功
2017-03-24T01:15:00: 读取文件成功
2017-03-24T01:15:10: 读取文件成功
2017-03-24T01:15:20: 读取文件成功
2017-03-24T01:15:30: 读取文件成功
2017-03-24T01:15:40: 读取文件成功
2017-03-24T01:15:50: 读取文件成功
2017-03-24T01:16:00: 读取文件成功
2017-03-24T01:16:10: 读取文件成功
2017-03-24T01:16:20: 读取文件成功
2017-03-24T01:16:30: 读取文件成功
2017-03-24T01:16:40: 读取文件成功
2017-03-24T01:16:50: 读取文件成功
2017-03-24T01:17:00: 读取文件成功
2017-03-24T01:17:10: 读取文件成功
2017-03-24T01:17:20: 读取文件成功
2017-03-24T01:17:30: 读取文件成功
2017-03-24T01:17:40: 读取文件成功
2017-03-24T01:17:50: 读取文件成功
2017-03-24T01:18:00: 读取文件成功
2017-03-24T01:18:10: 读取文件成功
2017-03-24T01:18:20: 读取文件成功
2017-03-24T01:18:30: 读取文件成功
2017-03-24T01:18:40: 读取文件成功
2017-03-24T01:18:50: 读取文件成功
2017-03-24T01:19:00: 读取文件成功
2017-03-24T01:19:10: 读取文件成功
2017-03-24T01:19:20: 读取文件成功
2017-03-24T01:19:30: 读取文件成功
2017-03-24T01:19:40: 读取文件成功
2017-03-24T01:19:50: 读取文件成功
2017-03-24T01:20:00: 读取文件成功
2017-03-24T01:20:10: 读取文件成功
2017-03-24T01:20:20: 读取文件成功
2017-03-24T01:20:30: 读取文件成功
2017-03-24T01:20:40: 读取文件成功
2017-03-24T01:20:50: 读取文件成功
2017-03-24T01:21:00: 读取文件成功
2017-03-24T01:21:10: 读取文件成功
2017-03-24T01:21:20: 读取文件成功
2017-03-24T01:21:30: 读取文件成功
2017-03-24T01:21:40: 读取文件成功
2017-03-24T01:21:50: 读取文件成功
2017-03-24T01:22:00: 读取文件成功
2017-03-24T01:22:10: 读取文件成功
2017-03-24T01:22:20: 读取文件成功
2017-03-24T01:22:30: 读取文件成功
2017-03-24T01:22:40: 读取文件成功
2017-03-24T01:22:50: 读取文件成功
2017-03-24T01:23:00: 读取文件成功
2017-03-24T01:23:10: 读取文件成功
2017-03-24T01:23:20: 读取文件成功
2017-03-24T01:23:30: 读取文件成功
2017-03-24T01:23:40: 读取文件成功
2017-03-24T01:23:50: 读取文件成功
2017-03-24T01:24:00: 读取文件成功
2017-03-24T01:24:10: 读取文件成功
2017-03-24T01:24:20: 读取文件成功
2017-03-24T01:24:30: 读取文件成功
2017-03-24T01:24:40: 读取文件成功
2017-03-24T01:24:50: 读取文件成功
2017-03-24T01:25:00: 读取文件成功
2017-03-24T01:25:10: 读取文件成功
2017-03-24T01:25:20: 读取文件成功
2017-03-24T01:25:30: 读取文件成功
2017-03-24T01:25:40: 读取文件成功
2017-03-24T01:25:50: 读取文件成功
2017-03-24T01:26:00: 读取文件成功
2017-03-24T01:26:10: 读取文件成功
2017-03-24T01:26:20: 读取文件成功
2017-03-24T01:26:30: 读取文件成功
2017-03-24T01:26:41: 读取文件成功
2017-03-24T01:26:50: 读取文件成功
2017-03-24T01:27:00: 读取文件成功
2017-03-24T01:27:10: 读取文件成功
2017-03-24T01:27:20: 读取文件成功
2017-03-24T01:27:30: 读取文件成功
2017-03-24T01:27:40: 读取文件成功
2017-03-24T01:27:50: 读取文件成功
2017-03-24T01:28:00: 读取文件成功
2017-03-24T01:28:10: 读取文件成功
2017-03-24T01:28:20: 读取文件成功
2017-03-24T01:28:30: 读取文件成功
2017-03-24T01:28:40: 读取文件成功
2017-03-24T01:28:50: 读取文件成功
2017-03-24T01:29:00: 读取文件成功
2017-03-24T01:29:10: 读取文件成功
2017-03-24T01:29:20: 读取文件成功
2017-03-24T01:29:31: 读取文件成功
2017-03-24T01:29:40: 读取文件成功
2017-03-24T01:29:51: 读取文件成功
2017-03-24T01:30:00: 读取文件成功
2017-03-24T01:30:10: 读取文件成功
2017-03-24T01:30:21: 读取文件成功
2017-03-24T01:30:31: 读取文件成功
2017-03-24T01:30:41: 读取文件成功
2017-03-24T01:30:51: 读取文件成功
2017-03-24T01:31:01: 读取文件成功
2017-03-24T01:31:11: 读取文件成功
2017-03-24T01:31:21: 读取文件成功
2017-03-24T01:31:31: 读取文件成功
2017-03-24T01:31:41: 读取文件成功
2017-03-24T01:31:51: 读取文件成功
2017-03-24T01:32:01: 读取文件成功
2017-03-24T01:32:11: 读取文件成功
2017-03-24T01:32:21: 读取文件成功
2017-03-24T01:32:31: 读取文件成功
2017-03-24T01:32:41: 读取文件成功
2017-03-24T01:32:51: 读取文件成功
2017-03-24T01:33:01: 读取文件成功
2017-03-24T01:33:11: 读取文件成功
2017-03-24T01:33:21: 读取文件成功
2017-03-24T01:33:31: 读取文件成功
2017-03-24T01:33:41: 读取文件成功
2017-03-24T01:33:51: 读取文件成功
2017-03-24T01:34:01: 读取文件成功
2017-03-24T01:34:11: 读取文件成功
2017-03-24T01:34:21: 读取文件成功
2017-03-24T01:34:31: 读取文件成功
2017-03-24T01:34:41: 读取文件成功
2017-03-24T01:34:51: 读取文件成功
2017-03-24T01:35:01: 读取文件成功
2017-03-24T01:35:11: 读取文件成功
2017-03-24T01:35:21: 读取文件成功
2017-03-24T01:35:31: 读取文件成功
2017-03-24T01:35:41: 读取文件成功
2017-03-24T01:35:51: 读取文件成功
2017-03-24T01:36:01: 读取文件成功
2017-03-24T01:36:11: 读取文件成功
2017-03-24T01:36:21: 读取文件成功
2017-03-24T01:36:31: 读取文件成功
2017-03-24T01:36:41: 读取文件成功
2017-03-24T01:36:51: 读取文件成功
2017-03-24T01:37:01: 读取文件成功
2017-03-24T01:37:11: 读取文件成功
2017-03-24T01:37:21: 读取文件成功
2017-03-24T01:37:31: 读取文件成功
2017-03-24T01:37:41: 读取文件成功
2017-03-24T01:37:51: 读取文件成功
2017-03-24T01:38:01: 读取文件成功
2017-03-24T01:38:11: 读取文件成功
2017-03-24T01:38:21: 读取文件成功
2017-03-24T01:38:31: 读取文件成功
2017-03-24T01:38:41: 读取文件成功
2017-03-24T01:38:51: 读取文件成功
2017-03-24T01:39:01: 读取文件成功
2017-03-24T01:39:11: 读取文件成功
2017-03-24T01:39:21: 读取文件成功
2017-03-24T01:39:31: 读取文件成功
2017-03-24T01:39:41: 读取文件成功
2017-03-24T01:39:51: 读取文件成功
2017-03-24T01:40:01: 读取文件成功
2017-03-24T01:40:11: 读取文件成功
2017-03-24T01:40:21: 读取文件成功
2017-03-24T01:40:31: 读取文件成功
2017-03-24T01:40:41: 读取文件成功
2017-03-24T01:40:51: 读取文件成功
2017-03-24T01:41:01: 读取文件成功
2017-03-24T01:41:11: 读取文件成功
2017-03-24T01:41:21: 读取文件成功
2017-03-24T01:41:31: 读取文件成功
2017-03-24T01:41:41: 读取文件成功
2017-03-24T01:41:51: 读取文件成功
2017-03-24T01:42:01: 读取文件成功
2017-03-24T01:42:11: 读取文件成功
2017-03-24T01:42:21: 读取文件成功
2017-03-24T01:42:31: 读取文件成功
2017-03-24T01:42:41: 读取文件成功
2017-03-24T01:42:51: 读取文件成功
2017-03-24T01:43:01: 读取文件成功
2017-03-24T01:43:11: 读取文件成功
2017-03-24T01:43:21: 读取文件成功
2017-03-24T01:43:31: 读取文件成功
2017-03-24T01:43:41: 读取文件成功
2017-03-24T01:43:51: 读取文件成功
2017-03-24T01:44:01: 读取文件成功
2017-03-24T01:44:11: 读取文件成功
2017-03-24T01:44:22: 读取文件成功
2017-03-24T01:44:31: 读取文件成功
2017-03-24T01:44:42: 读取文件成功
2017-03-24T01:44:51: 读取文件成功
2017-03-24T01:45:01: 读取文件成功
2017-03-24T01:45:11: 读取文件成功
2017-03-24T01:45:21: 读取文件成功
2017-03-24T01:45:31: 读取文件成功
2017-03-24T01:45:41: 读取文件成功
2017-03-24T01:45:51: 读取文件成功
2017-03-24T01:46:01: 读取文件成功
2017-03-24T01:46:11: 读取文件成功
2017-03-24T01:46:21: 读取文件成功
2017-03-24T01:46:31: 读取文件成功
2017-03-24T01:46:41: 读取文件成功
2017-03-24T01:46:51: 读取文件成功
2017-03-24T01:47:01: 读取文件成功
2017-03-24T01:47:12: 读取文件成功
2017-03-24T01:47:21: 读取文件成功
2017-03-24T01:47:31: 读取文件成功
2017-03-24T01:47:41: 读取文件成功
2017-03-24T01:47:52: 读取文件成功
2017-03-24T01:48:03: 读取文件成功
2017-03-24T01:48:12: 读取文件成功
2017-03-24T01:48:22: 读取文件成功
2017-03-24T01:48:32: 读取文件成功
2017-03-24T01:48:42: 读取文件成功
2017-03-24T01:48:51: 读取文件成功
2017-03-24T01:49:01: 读取文件成功
2017-03-24T01:49:11: 读取文件成功
2017-03-24T01:49:21: 读取文件成功
2017-03-24T01:49:31: 读取文件成功
2017-03-24T01:49:41: 读取文件成功
2017-03-24T01:49:51: 读取文件成功
2017-03-24T01:50:01: 读取文件成功
2017-03-24T01:50:11: 读取文件成功
2017-03-24T01:50:21: 读取文件成功
2017-03-24T01:50:31: 读取文件成功
2017-03-24T01:50:41: 读取文件成功
2017-03-24T01:50:51: 读取文件成功
2017-03-24T01:51:02: 读取文件成功
2017-03-24T01:51:11: 读取文件成功
2017-03-24T01:51:21: 读取文件成功
2017-03-24T01:51:32: 读取文件成功
2017-03-24T01:51:42: 读取文件成功
2017-03-24T01:51:52: 读取文件成功
2017-03-24T01:52:02: 读取文件成功
2017-03-24T01:52:12: 读取文件成功
2017-03-24T01:52:22: 读取文件成功
2017-03-24T01:52:32: 读取文件成功
2017-03-24T01:52:42: 读取文件成功
2017-03-24T01:52:52: 读取文件成功
2017-03-24T01:53:02: 读取文件成功
2017-03-24T01:53:12: 读取文件成功
2017-03-24T01:53:22: 读取文件成功
2017-03-24T01:53:32: 读取文件成功
2017-03-24T01:53:42: 读取文件成功
2017-03-24T01:53:52: 读取文件成功
2017-03-24T01:54:02: 读取文件成功
2017-03-24T01:54:12: 读取文件成功
2017-03-24T01:54:22: 读取文件成功
2017-03-24T01:54:32: 读取文件成功
2017-03-24T01:54:42: 读取文件成功
2017-03-24T01:54:52: 读取文件成功
2017-03-24T01:55:02: 读取文件成功
2017-03-24T01:55:12: 读取文件成功
2017-03-24T01:55:22: 读取文件成功
2017-03-24T01:55:32: 读取文件成功
2017-03-24T01:55:42: 读取文件成功
2017-03-24T01:55:52: 读取文件成功
2017-03-24T01:56:02: 读取文件成功
2017-03-24T01:56:12: 读取文件成功
2017-03-24T01:56:22: 读取文件成功
2017-03-24T01:56:32: 读取文件成功
2017-03-24T01:56:42: 读取文件成功
2017-03-24T01:56:52: 读取文件成功
2017-03-24T01:57:02: 读取文件成功
2017-03-24T01:57:12: 读取文件成功
2017-03-24T01:57:22: 读取文件成功
2017-03-24T01:57:32: 读取文件成功
2017-03-24T01:57:42: 读取文件成功
2017-03-24T01:57:52: 读取文件成功
2017-03-24T01:58:02: 读取文件成功
2017-03-24T01:58:12: 读取文件成功
2017-03-24T01:58:22: 读取文件成功
2017-03-24T01:58:32: 读取文件成功
2017-03-24T01:58:42: 读取文件成功
2017-03-24T01:58:52: 读取文件成功
2017-03-24T01:59:02: 读取文件成功
2017-03-24T01:59:12: 读取文件成功
2017-03-24T01:59:22: 读取文件成功
2017-03-24T01:59:32: 读取文件成功
2017-03-24T01:59:42: 读取文件成功
2017-03-24T01:59:52: 读取文件成功
2017-03-24T02:00:02: 读取文件成功
2017-03-24T02:00:12: 读取文件成功
2017-03-24T02:00:22: 读取文件成功
2017-03-24T02:00:32: 读取文件成功
2017-03-24T02:00:42: 读取文件成功
2017-03-24T02:00:52: 读取文件成功
2017-03-24T02:01:02: 读取文件成功
2017-03-24T02:01:12: 读取文件成功
2017-03-24T02:01:22: 读取文件成功
2017-03-24T02:01:32: 读取文件成功
2017-03-24T02:01:42: 读取文件成功
2017-03-24T02:01:52: 读取文件成功
2017-03-24T02:02:02: 读取文件成功
2017-03-24T02:02:12: 读取文件成功
2017-03-24T02:02:22: 读取文件成功
2017-03-24T02:02:32: 读取文件成功
2017-03-24T02:02:42: 读取文件成功
2017-03-24T02:02:52: 读取文件成功
2017-03-24T02:03:02: 读取文件成功
2017-03-24T02:03:12: 读取文件成功
2017-03-24T02:03:22: 读取文件成功
2017-03-24T02:03:32: 读取文件成功
2017-03-24T02:03:42: 读取文件成功
2017-03-24T02:03:52: 读取文件成功
2017-03-24T02:04:02: 读取文件成功
2017-03-24T02:04:12: 读取文件成功
2017-03-24T02:04:22: 读取文件成功
2017-03-24T02:04:32: 读取文件成功
2017-03-24T02:04:42: 读取文件成功
2017-03-24T02:04:52: 读取文件成功
2017-03-24T02:05:02: 读取文件成功
2017-03-24T02:05:12: 读取文件成功
2017-03-24T02:05:22: 读取文件成功
2017-03-24T02:05:32: 读取文件成功
2017-03-24T02:05:42: 读取文件成功
2017-03-24T02:05:52: 读取文件成功
2017-03-24T02:06:02: 读取文件成功
2017-03-24T02:06:12: 读取文件成功
2017-03-24T02:06:22: 读取文件成功
2017-03-24T02:06:32: 读取文件成功
2017-03-24T02:06:42: 读取文件成功
2017-03-24T02:06:52: 读取文件成功
2017-03-24T02:07:02: 读取文件成功
2017-03-24T02:07:12: 读取文件成功
2017-03-24T02:07:22: 读取文件成功
2017-03-24T02:07:32: 读取文件成功
2017-03-24T02:07:43: 读取文件成功
2017-03-24T02:07:53: 读取文件成功
2017-03-24T02:08:03: 读取文件成功
2017-03-24T02:08:12: 读取文件成功
2017-03-24T02:08:23: 读取文件成功
2017-03-24T02:08:33: 读取文件成功
2017-03-24T02:08:43: 读取文件成功
2017-03-24T02:08:53: 读取文件成功
2017-03-24T02:09:03: 读取文件成功
2017-03-24T02:09:13: 读取文件成功
2017-03-24T02:09:23: 读取文件成功
2017-03-24T02:09:33: 读取文件成功
2017-03-24T02:09:43: 读取文件成功
2017-03-24T02:09:53: 读取文件成功
2017-03-24T02:10:03: 读取文件成功
2017-03-24T02:10:13: 读取文件成功
2017-03-24T02:10:23: 读取文件成功
2017-03-24T02:10:33: 读取文件成功
2017-03-24T02:10:43: 读取文件成功
2017-03-24T02:10:53: 读取文件成功
2017-03-24T02:11:03: 读取文件成功
2017-03-24T02:11:13: 读取文件成功
2017-03-24T02:11:23: 读取文件成功
2017-03-24T02:11:33: 读取文件成功
2017-03-24T02:11:43: 读取文件成功
2017-03-24T02:11:53: 读取文件成功
2017-03-24T02:12:03: 读取文件成功
2017-03-24T02:12:13: 读取文件成功
2017-03-24T02:12:23: 读取文件成功
2017-03-24T02:12:33: 读取文件成功
2017-03-24T02:12:43: 读取文件成功
2017-03-24T02:12:53: 读取文件成功
2017-03-24T02:13:03: 读取文件成功
2017-03-24T02:13:13: 读取文件成功
2017-03-24T02:13:23: 读取文件成功
2017-03-24T02:13:33: 读取文件成功
2017-03-24T02:13:43: 读取文件成功
2017-03-24T02:13:53: 读取文件成功
2017-03-24T02:14:03: 读取文件成功
2017-03-24T02:14:13: 读取文件成功
2017-03-24T02:14:23: 读取文件成功
2017-03-24T02:14:33: 读取文件成功
2017-03-24T02:14:43: 读取文件成功
2017-03-24T02:14:53: 读取文件成功
2017-03-24T02:15:03: 读取文件成功
2017-03-24T02:15:13: 读取文件成功
2017-03-24T02:15:23: 读取文件成功
2017-03-24T02:15:33: 读取文件成功
2017-03-24T02:15:43: 读取文件成功
2017-03-24T02:15:53: 读取文件成功
2017-03-24T02:16:03: 读取文件成功
2017-03-24T02:16:13: 读取文件成功
2017-03-24T02:16:23: 读取文件成功
2017-03-24T02:16:33: 读取文件成功
2017-03-24T02:16:43: 读取文件成功
2017-03-24T02:16:53: 读取文件成功
2017-03-24T02:17:03: 读取文件成功
2017-03-24T02:17:13: 读取文件成功
2017-03-24T02:17:23: 读取文件成功
2017-03-24T02:17:33: 读取文件成功
2017-03-24T02:17:43: 读取文件成功
2017-03-24T02:17:53: 读取文件成功
2017-03-24T02:18:03: 读取文件成功
2017-03-24T02:18:13: 读取文件成功
2017-03-24T02:18:23: 读取文件成功
2017-03-24T02:18:33: 读取文件成功
2017-03-24T02:18:43: 读取文件成功
2017-03-24T02:18:53: 读取文件成功
2017-03-24T02:19:03: 读取文件成功
2017-03-24T02:19:13: 读取文件成功
2017-03-24T02:19:23: 读取文件成功
2017-03-24T02:19:33: 读取文件成功
2017-03-24T02:19:43: 读取文件成功
2017-03-24T02:19:53: 读取文件成功
2017-03-24T02:20:03: 读取文件成功
2017-03-24T02:20:13: 读取文件成功
2017-03-24T02:20:23: 读取文件成功
2017-03-24T02:20:33: 读取文件成功
2017-03-24T02:20:43: 读取文件成功
2017-03-24T02:20:53: 读取文件成功
2017-03-24T02:21:03: 读取文件成功
2017-03-24T02:21:13: 读取文件成功
2017-03-24T02:21:23: 读取文件成功
2017-03-24T02:21:33: 读取文件成功
2017-03-24T02:21:43: 读取文件成功
2017-03-24T02:21:53: 读取文件成功
2017-03-24T02:22:03: 读取文件成功
2017-03-24T02:22:13: 读取文件成功
2017-03-24T02:22:23: 读取文件成功
2017-03-24T02:22:33: 读取文件成功
2017-03-24T02:22:43: 读取文件成功
2017-03-24T02:22:53: 读取文件成功
2017-03-24T02:23:03: 读取文件成功
2017-03-24T02:23:13: 读取文件成功
2017-03-24T02:23:23: 读取文件成功
2017-03-24T02:23:33: 读取文件成功
2017-03-24T02:23:43: 读取文件成功
2017-03-24T02:23:53: 读取文件成功
2017-03-24T02:24:03: 读取文件成功
2017-03-24T02:24:13: 读取文件成功
2017-03-24T02:24:23: 读取文件成功
2017-03-24T02:24:33: 读取文件成功
2017-03-24T02:24:43: 读取文件成功
2017-03-24T02:24:53: 读取文件成功
2017-03-24T02:25:03: 读取文件成功
2017-03-24T02:25:13: 读取文件成功
2017-03-24T02:25:23: 读取文件成功
2017-03-24T02:25:33: 读取文件成功
2017-03-24T02:25:43: 读取文件成功
2017-03-24T02:25:53: 读取文件成功
2017-03-24T02:26:03: 读取文件成功
2017-03-24T02:26:13: 读取文件成功
2017-03-24T02:26:23: 读取文件成功
2017-03-24T02:26:33: 读取文件成功
2017-03-24T02:26:43: 读取文件成功
2017-03-24T02:26:53: 读取文件成功
2017-03-24T02:27:03: 读取文件成功
2017-03-24T02:27:13: 读取文件成功
2017-03-24T02:27:23: 读取文件成功
2017-03-24T02:27:33: 读取文件成功
2017-03-24T02:27:43: 读取文件成功
2017-03-24T02:27:53: 读取文件成功
2017-03-24T02:28:03: 读取文件成功
2017-03-24T02:28:14: 读取文件成功
2017-03-24T02:28:23: 读取文件成功
2017-03-24T02:28:34: 读取文件成功
2017-03-24T02:28:44: 读取文件成功
2017-03-24T02:28:54: 读取文件成功
2017-03-24T02:29:04: 读取文件成功
2017-03-24T02:29:14: 读取文件成功
2017-03-24T02:29:24: 读取文件成功
2017-03-24T02:29:34: 读取文件成功
2017-03-24T02:29:44: 读取文件成功
2017-03-24T02:29:54: 读取文件成功
2017-03-24T02:30:04: 读取文件成功
2017-03-24T02:30:14: 读取文件成功
2017-03-24T02:30:24: 读取文件成功
2017-03-24T02:30:34: 读取文件成功
2017-03-24T02:30:44: 读取文件成功
2017-03-24T02:30:54: 读取文件成功
2017-03-24T02:31:04: 读取文件成功
2017-03-24T02:31:14: 读取文件成功
2017-03-24T02:31:24: 读取文件成功
2017-03-24T02:31:34: 读取文件成功
2017-03-24T02:31:44: 读取文件成功
2017-03-24T02:31:54: 读取文件成功
2017-03-24T02:32:04: 读取文件成功
2017-03-24T02:32:14: 读取文件成功
2017-03-24T02:32:24: 读取文件成功
2017-03-24T02:32:34: 读取文件成功
2017-03-24T02:32:44: 读取文件成功
2017-03-24T02:32:54: 读取文件成功
2017-03-24T02:33:04: 读取文件成功
2017-03-24T02:33:14: 读取文件成功
2017-03-24T02:33:24: 读取文件成功
2017-03-24T02:33:34: 读取文件成功
2017-03-24T02:33:44: 读取文件成功
2017-03-24T02:33:54: 读取文件成功
2017-03-24T02:34:04: 读取文件成功
2017-03-24T02:34:14: 读取文件成功
2017-03-24T02:34:24: 读取文件成功
2017-03-24T02:34:34: 读取文件成功
2017-03-24T02:34:44: 读取文件成功
2017-03-24T02:34:54: 读取文件成功
2017-03-24T02:35:04: 读取文件成功
2017-03-24T02:35:14: 读取文件成功
2017-03-24T02:35:24: 读取文件成功
2017-03-24T02:35:34: 读取文件成功
2017-03-24T02:35:44: 读取文件成功
2017-03-24T02:35:54: 读取文件成功
2017-03-24T02:36:04: 读取文件成功
2017-03-24T02:36:14: 读取文件成功
2017-03-24T02:36:24: 读取文件成功
2017-03-24T02:36:34: 读取文件成功
2017-03-24T02:36:44: 读取文件成功
2017-03-24T02:36:54: 读取文件成功
2017-03-24T02:37:04: 读取文件成功
2017-03-24T02:37:14: 读取文件成功
2017-03-24T02:37:24: 读取文件成功
2017-03-24T02:37:34: 读取文件成功
2017-03-24T02:37:44: 读取文件成功
2017-03-24T02:37:54: 读取文件成功
2017-03-24T02:38:04: 读取文件成功
2017-03-24T02:38:14: 读取文件成功
2017-03-24T02:38:24: 读取文件成功
2017-03-24T02:38:34: 读取文件成功
2017-03-24T02:38:44: 读取文件成功
2017-03-24T02:38:54: 读取文件成功
2017-03-24T02:39:04: 读取文件成功
2017-03-24T02:39:14: 读取文件成功
2017-03-24T02:39:24: 读取文件成功
2017-03-24T02:39:34: 读取文件成功
2017-03-24T02:39:44: 读取文件成功
2017-03-24T02:39:54: 读取文件成功
2017-03-24T02:40:04: 读取文件成功
2017-03-24T02:40:14: 读取文件成功
2017-03-24T02:40:24: 读取文件成功
2017-03-24T02:40:34: 读取文件成功
2017-03-24T02:40:44: 读取文件成功
2017-03-24T02:40:54: 读取文件成功
2017-03-24T02:41:04: 读取文件成功
2017-03-24T02:41:14: 读取文件成功
2017-03-24T02:41:24: 读取文件成功
2017-03-24T02:41:34: 读取文件成功
2017-03-24T02:41:44: 读取文件成功
2017-03-24T02:41:54: 读取文件成功
2017-03-24T02:42:04: 读取文件成功
2017-03-24T02:42:14: 读取文件成功
2017-03-24T02:42:24: 读取文件成功
2017-03-24T02:42:34: 读取文件成功
2017-03-24T02:42:44: 读取文件成功
2017-03-24T02:42:54: 读取文件成功
2017-03-24T02:43:04: 读取文件成功
2017-03-24T02:43:14: 读取文件成功
2017-03-24T02:43:24: 读取文件成功
2017-03-24T02:43:34: 读取文件成功
2017-03-24T02:43:44: 读取文件成功
2017-03-24T02:43:54: 读取文件成功
2017-03-24T02:44:04: 读取文件成功
2017-03-24T02:44:14: 读取文件成功
2017-03-24T02:44:24: 读取文件成功
2017-03-24T02:44:34: 读取文件成功
2017-03-24T02:44:44: 读取文件成功
2017-03-24T02:44:55: 读取文件成功
2017-03-24T02:45:05: 读取文件成功
2017-03-24T02:45:15: 读取文件成功
2017-03-24T02:45:24: 读取文件成功
2017-03-24T02:45:34: 读取文件成功
2017-03-24T02:45:44: 读取文件成功
2017-03-24T02:45:54: 读取文件成功
2017-03-24T02:46:04: 读取文件成功
2017-03-24T02:46:14: 读取文件成功
2017-03-24T02:46:24: 读取文件成功
2017-03-24T02:46:34: 读取文件成功
2017-03-24T02:46:44: 读取文件成功
2017-03-24T02:46:54: 读取文件成功
2017-03-24T02:47:04: 读取文件成功
2017-03-24T02:47:14: 读取文件成功
2017-03-24T02:47:25: 读取文件成功
2017-03-24T02:47:34: 读取文件成功
2017-03-24T02:47:45: 读取文件成功
2017-03-24T02:47:55: 读取文件成功
2017-03-24T02:48:05: 读取文件成功
2017-03-24T02:48:15: 读取文件成功
2017-03-24T02:48:25: 读取文件成功
2017-03-24T02:48:35: 读取文件成功
2017-03-24T02:48:45: 读取文件成功
2017-03-24T02:48:55: 读取文件成功
2017-03-24T02:49:05: 读取文件成功
2017-03-24T02:49:15: 读取文件成功
2017-03-24T02:49:25: 读取文件成功
2017-03-24T02:49:35: 读取文件成功
2017-03-24T02:49:45: 读取文件成功
2017-03-24T02:49:55: 读取文件成功
2017-03-24T02:50:05: 读取文件成功
2017-03-24T02:50:15: 读取文件成功
2017-03-24T02:50:25: 读取文件成功
2017-03-24T02:50:35: 读取文件成功
2017-03-24T02:50:45: 读取文件成功
2017-03-24T02:50:55: 读取文件成功
2017-03-24T02:51:05: 读取文件成功
2017-03-24T02:51:15: 读取文件成功
2017-03-24T02:51:25: 读取文件成功
2017-03-24T02:51:35: 读取文件成功
2017-03-24T02:51:45: 读取文件成功
2017-03-24T02:51:55: 读取文件成功
2017-03-24T02:52:05: 读取文件成功
2017-03-24T02:52:15: 读取文件成功
2017-03-24T02:52:25: 读取文件成功
2017-03-24T02:52:35: 读取文件成功
2017-03-24T02:52:45: 读取文件成功
2017-03-24T02:52:55: 读取文件成功
2017-03-24T02:53:05: 读取文件成功
2017-03-24T02:53:15: 读取文件成功
2017-03-24T02:53:25: 读取文件成功
2017-03-24T02:53:35: 读取文件成功
2017-03-24T02:53:45: 读取文件成功
2017-03-24T02:53:55: 读取文件成功
2017-03-24T02:54:05: 读取文件成功
2017-03-24T02:54:15: 读取文件成功
2017-03-24T02:54:25: 读取文件成功
2017-03-24T02:54:35: 读取文件成功
2017-03-24T02:54:45: 读取文件成功
2017-03-24T02:54:55: 读取文件成功
2017-03-24T02:55:05: 读取文件成功
2017-03-24T02:55:15: 读取文件成功
2017-03-24T02:55:25: 读取文件成功
2017-03-24T02:55:35: 读取文件成功
2017-03-24T02:55:45: 读取文件成功
2017-03-24T02:55:55: 读取文件成功
2017-03-24T02:56:05: 读取文件成功
2017-03-24T02:56:15: 读取文件成功
2017-03-24T02:56:25: 读取文件成功
2017-03-24T02:56:35: 读取文件成功
2017-03-24T02:56:45: 读取文件成功
2017-03-24T02:56:55: 读取文件成功
2017-03-24T02:57:05: 读取文件成功
2017-03-24T02:57:15: 读取文件成功
2017-03-24T02:57:25: 读取文件成功
2017-03-24T02:57:35: 读取文件成功
2017-03-24T02:57:45: 读取文件成功
2017-03-24T02:57:55: 读取文件成功
2017-03-24T02:58:05: 读取文件成功
2017-03-24T02:58:15: 读取文件成功
2017-03-24T02:58:25: 读取文件成功
2017-03-24T02:58:35: 读取文件成功
2017-03-24T02:58:45: 读取文件成功
2017-03-24T02:58:55: 读取文件成功
2017-03-24T02:59:05: 读取文件成功
2017-03-24T02:59:15: 读取文件成功
2017-03-24T02:59:25: 读取文件成功
2017-03-24T02:59:35: 读取文件成功
2017-03-24T02:59:45: 读取文件成功
2017-03-24T02:59:55: 读取文件成功
2017-03-24T03:00:05: 读取文件成功
2017-03-24T03:00:15: 读取文件成功
2017-03-24T03:00:25: 读取文件成功
2017-03-24T03:00:35: 读取文件成功
2017-03-24T03:00:45: 读取文件成功
2017-03-24T03:00:55: 读取文件成功
2017-03-24T03:01:05: 读取文件成功
2017-03-24T03:01:15: 读取文件成功
2017-03-24T03:01:25: 读取文件成功
2017-03-24T03:01:35: 读取文件成功
2017-03-24T03:01:45: 读取文件成功
2017-03-24T03:01:55: 读取文件成功
2017-03-24T03:02:05: 读取文件成功
2017-03-24T03:02:15: 读取文件成功
2017-03-24T03:02:25: 读取文件成功
2017-03-24T03:02:35: 读取文件成功
2017-03-24T03:02:45: 读取文件成功
2017-03-24T03:02:55: 读取文件成功
2017-03-24T03:03:05: 读取文件成功
2017-03-24T03:03:15: 读取文件成功
2017-03-24T03:03:25: 读取文件成功
2017-03-24T03:03:35: 读取文件成功
2017-03-24T03:03:45: 读取文件成功
2017-03-24T03:03:55: 读取文件成功
2017-03-24T03:04:06: 读取文件成功
2017-03-24T03:04:15: 读取文件成功
2017-03-24T03:04:25: 读取文件成功
2017-03-24T03:04:35: 读取文件成功
2017-03-24T03:04:45: 读取文件成功
2017-03-24T03:04:55: 读取文件成功
2017-03-24T03:05:06: 读取文件成功
2017-03-24T03:05:16: 读取文件成功
2017-03-24T03:05:26: 读取文件成功
2017-03-24T03:05:36: 读取文件成功
2017-03-24T03:05:46: 读取文件成功
2017-03-24T03:05:56: 读取文件成功
2017-03-24T03:06:06: 读取文件成功
2017-03-24T03:06:16: 读取文件成功
2017-03-24T03:06:26: 读取文件成功
2017-03-24T03:06:36: 读取文件成功
2017-03-24T03:06:46: 读取文件成功
2017-03-24T03:06:56: 读取文件成功
2017-03-24T03:07:06: 读取文件成功
2017-03-24T03:07:16: 读取文件成功
2017-03-24T03:07:26: 读取文件成功
2017-03-24T03:07:36: 读取文件成功
2017-03-24T03:07:46: 读取文件成功
2017-03-24T03:07:56: 读取文件成功
2017-03-24T03:08:06: 读取文件成功
2017-03-24T03:08:16: 读取文件成功
2017-03-24T03:08:26: 读取文件成功
2017-03-24T03:08:36: 读取文件成功
2017-03-24T03:08:46: 读取文件成功
2017-03-24T03:08:56: 读取文件成功
2017-03-24T03:09:06: 读取文件成功
2017-03-24T03:09:16: 读取文件成功
2017-03-24T03:09:26: 读取文件成功
2017-03-24T03:09:36: 读取文件成功
2017-03-24T03:09:46: 读取文件成功
2017-03-24T03:09:56: 读取文件成功
2017-03-24T03:10:06: 读取文件成功
2017-03-24T03:10:16: 读取文件成功
2017-03-24T03:10:26: 读取文件成功
2017-03-24T03:10:36: 读取文件成功
2017-03-24T03:10:46: 读取文件成功
2017-03-24T03:10:56: 读取文件成功
2017-03-24T03:11:06: 读取文件成功
2017-03-24T03:11:16: 读取文件成功
2017-03-24T03:11:26: 读取文件成功
2017-03-24T03:11:36: 读取文件成功
2017-03-24T03:11:46: 读取文件成功
2017-03-24T03:11:56: 读取文件成功
2017-03-24T03:12:06: 读取文件成功
2017-03-24T03:12:16: 读取文件成功
2017-03-24T03:12:26: 读取文件成功
2017-03-24T03:12:36: 读取文件成功
2017-03-24T03:12:46: 读取文件成功
2017-03-24T03:12:56: 读取文件成功
2017-03-24T03:13:06: 读取文件成功
2017-03-24T03:13:16: 读取文件成功
2017-03-24T03:13:26: 读取文件成功
2017-03-24T03:13:36: 读取文件成功
2017-03-24T03:13:46: 读取文件成功
2017-03-24T03:13:56: 读取文件成功
2017-03-24T03:14:06: 读取文件成功
2017-03-24T03:14:16: 读取文件成功
2017-03-24T03:14:26: 读取文件成功
2017-03-24T03:14:36: 读取文件成功
2017-03-24T03:14:46: 读取文件成功
2017-03-24T03:14:56: 读取文件成功
2017-03-24T03:15:06: 读取文件成功
2017-03-24T03:15:16: 读取文件成功
2017-03-24T03:15:26: 读取文件成功
2017-03-24T03:15:36: 读取文件成功
2017-03-24T03:15:46: 读取文件成功
2017-03-24T03:15:56: 读取文件成功
2017-03-24T03:16:06: 读取文件成功
2017-03-24T03:16:16: 读取文件成功
2017-03-24T03:16:26: 读取文件成功
2017-03-24T03:16:36: 读取文件成功
2017-03-24T03:16:46: 读取文件成功
2017-03-24T03:16:56: 读取文件成功
2017-03-24T03:17:06: 读取文件成功
2017-03-24T03:17:16: 读取文件成功
2017-03-24T03:17:26: 读取文件成功
2017-03-24T03:17:36: 读取文件成功
2017-03-24T03:17:46: 读取文件成功
2017-03-24T03:17:56: 读取文件成功
2017-03-24T03:18:06: 读取文件成功
2017-03-24T03:18:16: 读取文件成功
2017-03-24T03:18:26: 读取文件成功
2017-03-24T03:18:36: 读取文件成功
2017-03-24T03:18:46: 读取文件成功
2017-03-24T03:18:56: 读取文件成功
2017-03-24T03:19:06: 读取文件成功
2017-03-24T03:19:16: 读取文件成功
2017-03-24T03:19:26: 读取文件成功
2017-03-24T03:19:36: 读取文件成功
2017-03-24T03:19:46: 读取文件成功
2017-03-24T03:19:56: 读取文件成功
2017-03-24T03:20:06: 读取文件成功
2017-03-24T03:20:16: 读取文件成功
2017-03-24T03:20:26: 读取文件成功
2017-03-24T03:20:36: 读取文件成功
2017-03-24T03:20:46: 读取文件成功
2017-03-24T03:20:56: 读取文件成功
2017-03-24T03:21:06: 读取文件成功
2017-03-24T03:21:16: 读取文件成功
2017-03-24T03:21:26: 读取文件成功
2017-03-24T03:21:36: 读取文件成功
2017-03-24T03:21:46: 读取文件成功
2017-03-24T03:21:56: 读取文件成功
2017-03-24T03:22:06: 读取文件成功
2017-03-24T03:22:16: 读取文件成功
2017-03-24T03:22:26: 读取文件成功
2017-03-24T03:22:36: 读取文件成功
2017-03-24T03:22:46: 读取文件成功
2017-03-24T03:22:56: 读取文件成功
2017-03-24T03:23:06: 读取文件成功
2017-03-24T03:23:16: 读取文件成功
2017-03-24T03:23:26: 读取文件成功
2017-03-24T03:23:36: 读取文件成功
2017-03-24T03:23:46: 读取文件成功
2017-03-24T03:23:56: 读取文件成功
2017-03-24T03:24:06: 读取文件成功
2017-03-24T03:24:16: 读取文件成功
2017-03-24T03:24:26: 读取文件成功
2017-03-24T03:24:36: 读取文件成功
2017-03-24T03:24:46: 读取文件成功
2017-03-24T03:24:56: 读取文件成功
2017-03-24T03:25:06: 读取文件成功
2017-03-24T03:25:16: 读取文件成功
2017-03-24T03:25:26: 读取文件成功
2017-03-24T03:25:36: 读取文件成功
2017-03-24T03:25:46: 读取文件成功
2017-03-24T03:25:56: 读取文件成功
2017-03-24T03:26:06: 读取文件成功
2017-03-24T03:26:16: 读取文件成功
2017-03-24T03:26:26: 读取文件成功
2017-03-24T03:26:36: 读取文件成功
2017-03-24T03:26:46: 读取文件成功
2017-03-24T03:26:56: 读取文件成功
2017-03-24T03:27:06: 读取文件成功
2017-03-24T03:27:16: 读取文件成功
2017-03-24T03:27:26: 读取文件成功
2017-03-24T03:27:36: 读取文件成功
2017-03-24T03:27:46: 读取文件成功
2017-03-24T03:27:56: 读取文件成功
2017-03-24T03:28:06: 读取文件成功
2017-03-24T03:28:17: 读取文件成功
2017-03-24T03:28:27: 读取文件成功
2017-03-24T03:28:37: 读取文件成功
2017-03-24T03:28:47: 读取文件成功
2017-03-24T03:28:57: 读取文件成功
2017-03-24T03:29:07: 读取文件成功
2017-03-24T03:29:17: 读取文件成功
2017-03-24T03:29:27: 读取文件成功
2017-03-24T03:29:37: 读取文件成功
2017-03-24T03:29:47: 读取文件成功
2017-03-24T03:29:57: 读取文件成功
2017-03-24T03:30:07: 读取文件成功
2017-03-24T03:30:17: 读取文件成功
2017-03-24T03:30:27: 读取文件成功
2017-03-24T03:30:37: 读取文件成功
2017-03-24T03:30:47: 读取文件成功
2017-03-24T03:30:57: 读取文件成功
2017-03-24T03:31:07: 读取文件成功
2017-03-24T03:31:17: 读取文件成功
2017-03-24T03:31:27: 读取文件成功
2017-03-24T03:31:37: 读取文件成功
2017-03-24T03:31:47: 读取文件成功
2017-03-24T03:31:57: 读取文件成功
2017-03-24T03:32:07: 读取文件成功
2017-03-24T03:32:17: 读取文件成功
2017-03-24T03:32:27: 读取文件成功
2017-03-24T03:32:37: 读取文件成功
2017-03-24T03:32:47: 读取文件成功
2017-03-24T03:32:57: 读取文件成功
2017-03-24T03:33:07: 读取文件成功
2017-03-24T03:33:17: 读取文件成功
2017-03-24T03:33:27: 读取文件成功
2017-03-24T03:33:37: 读取文件成功
2017-03-24T03:33:47: 读取文件成功
2017-03-24T03:33:57: 读取文件成功
2017-03-24T03:34:07: 读取文件成功
2017-03-24T03:34:17: 读取文件成功
2017-03-24T03:34:27: 读取文件成功
2017-03-24T03:34:37: 读取文件成功
2017-03-24T03:34:47: 读取文件成功
2017-03-24T03:34:57: 读取文件成功
2017-03-24T03:35:07: 读取文件成功
2017-03-24T03:35:17: 读取文件成功
2017-03-24T03:35:27: 读取文件成功
2017-03-24T03:35:37: 读取文件成功
2017-03-24T03:35:47: 读取文件成功
2017-03-24T03:35:57: 读取文件成功
2017-03-24T03:36:07: 读取文件成功
2017-03-24T03:36:17: 读取文件成功
2017-03-24T03:36:27: 读取文件成功
2017-03-24T03:36:37: 读取文件成功
2017-03-24T03:36:47: 读取文件成功
2017-03-24T03:36:57: 读取文件成功
2017-03-24T03:37:07: 读取文件成功
2017-03-24T03:37:17: 读取文件成功
2017-03-24T03:37:27: 读取文件成功
2017-03-24T03:37:37: 读取文件成功
2017-03-24T03:37:47: 读取文件成功
2017-03-24T03:37:57: 读取文件成功
2017-03-24T03:38:07: 读取文件成功
2017-03-24T03:38:17: 读取文件成功
2017-03-24T03:38:27: 读取文件成功
2017-03-24T03:38:37: 读取文件成功
2017-03-24T03:38:47: 读取文件成功
2017-03-24T03:38:57: 读取文件成功
2017-03-24T03:39:07: 读取文件成功
2017-03-24T03:39:17: 读取文件成功
2017-03-24T03:39:27: 读取文件成功
2017-03-24T03:39:37: 读取文件成功
2017-03-24T03:39:47: 读取文件成功
2017-03-24T03:39:57: 读取文件成功
2017-03-24T03:40:07: 读取文件成功
2017-03-24T03:40:17: 读取文件成功
2017-03-24T03:40:27: 读取文件成功
2017-03-24T03:40:37: 读取文件成功
2017-03-24T03:40:47: 读取文件成功
2017-03-24T03:40:57: 读取文件成功
2017-03-24T03:41:07: 读取文件成功
2017-03-24T03:41:17: 读取文件成功
2017-03-24T03:41:27: 读取文件成功
2017-03-24T03:41:37: 读取文件成功
2017-03-24T03:41:47: 读取文件成功
2017-03-24T03:41:57: 读取文件成功
2017-03-24T03:42:07: 读取文件成功
2017-03-24T03:42:17: 读取文件成功
2017-03-24T03:42:27: 读取文件成功
2017-03-24T03:42:37: 读取文件成功
2017-03-24T03:42:47: 读取文件成功
2017-03-24T03:42:57: 读取文件成功
2017-03-24T03:43:07: 读取文件成功
2017-03-24T03:43:17: 读取文件成功
2017-03-24T03:43:27: 读取文件成功
2017-03-24T03:43:37: 读取文件成功
2017-03-24T03:43:47: 读取文件成功
2017-03-24T03:43:57: 读取文件成功
2017-03-24T03:44:07: 读取文件成功
2017-03-24T03:44:17: 读取文件成功
2017-03-24T03:44:27: 读取文件成功
2017-03-24T03:44:37: 读取文件成功
2017-03-24T03:44:47: 读取文件成功
2017-03-24T03:44:57: 读取文件成功
2017-03-24T03:45:08: 读取文件成功
2017-03-24T03:45:17: 读取文件成功
2017-03-24T03:45:27: 读取文件成功
2017-03-24T03:45:37: 读取文件成功
2017-03-24T03:45:47: 读取文件成功
2017-03-24T03:45:57: 读取文件成功
2017-03-24T03:46:07: 读取文件成功
2017-03-24T03:46:17: 读取文件成功
2017-03-24T03:46:27: 读取文件成功
2017-03-24T03:46:37: 读取文件成功
2017-03-24T03:46:47: 读取文件成功
2017-03-24T03:46:57: 读取文件成功
2017-03-24T03:47:07: 读取文件成功
2017-03-24T03:47:17: 读取文件成功
2017-03-24T03:47:27: 读取文件成功
2017-03-24T03:47:37: 读取文件成功
2017-03-24T03:47:47: 读取文件成功
2017-03-24T03:47:58: 读取文件成功
2017-03-24T03:48:07: 读取文件成功
2017-03-24T03:48:18: 读取文件成功
2017-03-24T03:48:28: 读取文件成功
2017-03-24T03:48:38: 读取文件成功
2017-03-24T03:48:48: 读取文件成功
2017-03-24T03:48:58: 读取文件成功
2017-03-24T03:49:08: 读取文件成功
2017-03-24T03:49:18: 读取文件成功
2017-03-24T03:49:28: 读取文件成功
2017-03-24T03:49:38: 读取文件成功
2017-03-24T03:49:48: 读取文件成功
2017-03-24T03:49:58: 读取文件成功
2017-03-24T03:50:08: 读取文件成功
2017-03-24T03:50:18: 读取文件成功
2017-03-24T03:50:28: 读取文件成功
2017-03-24T03:50:38: 读取文件成功
2017-03-24T03:50:48: 读取文件成功
2017-03-24T03:50:58: 读取文件成功
2017-03-24T03:51:08: 读取文件成功
2017-03-24T03:51:18: 读取文件成功
2017-03-24T03:51:28: 读取文件成功
2017-03-24T03:51:38: 读取文件成功
2017-03-24T03:51:48: 读取文件成功
2017-03-24T03:51:58: 读取文件成功
2017-03-24T03:52:08: 读取文件成功
2017-03-24T03:52:18: 读取文件成功
2017-03-24T03:52:28: 读取文件成功
2017-03-24T03:52:38: 读取文件成功
2017-03-24T03:52:48: 读取文件成功
2017-03-24T03:52:58: 读取文件成功
2017-03-24T03:53:08: 读取文件成功
2017-03-24T03:53:18: 读取文件成功
2017-03-24T03:53:28: 读取文件成功
2017-03-24T03:53:38: 读取文件成功
2017-03-24T03:53:48: 读取文件成功
2017-03-24T03:53:58: 读取文件成功
2017-03-24T03:54:08: 读取文件成功
2017-03-24T03:54:18: 读取文件成功
2017-03-24T03:54:28: 读取文件成功
2017-03-24T03:54:38: 读取文件成功
2017-03-24T03:54:48: 读取文件成功
2017-03-24T03:54:58: 读取文件成功
2017-03-24T03:55:08: 读取文件成功
2017-03-24T03:55:18: 读取文件成功
2017-03-24T03:55:28: 读取文件成功
2017-03-24T03:55:38: 读取文件成功
2017-03-24T03:55:48: 读取文件成功
2017-03-24T03:55:58: 读取文件成功
2017-03-24T03:56:08: 读取文件成功
2017-03-24T03:56:18: 读取文件成功
2017-03-24T03:56:28: 读取文件成功
2017-03-24T03:56:38: 读取文件成功
2017-03-24T03:56:48: 读取文件成功
2017-03-24T03:56:58: 读取文件成功
2017-03-24T03:57:08: 读取文件成功
2017-03-24T03:57:18: 读取文件成功
2017-03-24T03:57:28: 读取文件成功
2017-03-24T03:57:38: 读取文件成功
2017-03-24T03:57:48: 读取文件成功
2017-03-24T03:57:58: 读取文件成功
2017-03-24T03:58:08: 读取文件成功
2017-03-24T03:58:18: 读取文件成功
2017-03-24T03:58:28: 读取文件成功
2017-03-24T03:58:38: 读取文件成功
2017-03-24T03:58:48: 读取文件成功
2017-03-24T03:58:58: 读取文件成功
2017-03-24T03:59:08: 读取文件成功
2017-03-24T03:59:18: 读取文件成功
2017-03-24T03:59:28: 读取文件成功
2017-03-24T03:59:38: 读取文件成功
2017-03-24T03:59:48: 读取文件成功
2017-03-24T03:59:58: 读取文件成功
2017-03-24T04:00:08: 读取文件成功
2017-03-24T04:00:18: 读取文件成功
2017-03-24T04:00:28: 读取文件成功
2017-03-24T04:00:38: 读取文件成功
2017-03-24T04:00:48: 读取文件成功
2017-03-24T04:00:58: 读取文件成功
2017-03-24T04:01:08: 读取文件成功
2017-03-24T04:01:18: 读取文件成功
2017-03-24T04:01:28: 读取文件成功
2017-03-24T04:01:38: 读取文件成功
2017-03-24T04:01:48: 读取文件成功
2017-03-24T04:01:58: 读取文件成功
2017-03-24T04:02:08: 读取文件成功
2017-03-24T04:02:18: 读取文件成功
2017-03-24T04:02:28: 读取文件成功
2017-03-24T04:02:38: 读取文件成功
2017-03-24T04:02:48: 读取文件成功
2017-03-24T04:02:58: 读取文件成功
2017-03-24T04:03:08: 读取文件成功
2017-03-24T04:03:18: 读取文件成功
2017-03-24T04:03:28: 读取文件成功
2017-03-24T04:03:38: 读取文件成功
2017-03-24T04:03:48: 读取文件成功
2017-03-24T04:03:58: 读取文件成功
2017-03-24T04:04:08: 读取文件成功
2017-03-24T04:04:18: 读取文件成功
2017-03-24T04:04:28: 读取文件成功
2017-03-24T04:04:38: 读取文件成功
2017-03-24T04:04:48: 读取文件成功
2017-03-24T04:04:59: 读取文件成功
2017-03-24T04:05:08: 读取文件成功
2017-03-24T04:05:18: 读取文件成功
2017-03-24T04:05:29: 读取文件成功
2017-03-24T04:05:39: 读取文件成功
2017-03-24T04:05:48: 读取文件成功
2017-03-24T04:05:59: 读取文件成功
2017-03-24T04:06:09: 读取文件成功
2017-03-24T04:06:19: 读取文件成功
2017-03-24T04:06:29: 读取文件成功
2017-03-24T04:06:39: 读取文件成功
2017-03-24T04:06:49: 读取文件成功
2017-03-24T04:06:59: 读取文件成功
2017-03-24T04:07:09: 读取文件成功
2017-03-24T04:07:19: 读取文件成功
2017-03-24T04:07:29: 读取文件成功
2017-03-24T04:07:39: 读取文件成功
2017-03-24T04:07:49: 读取文件成功
2017-03-24T04:07:59: 读取文件成功
2017-03-24T04:08:09: 读取文件成功
2017-03-24T04:08:19: 读取文件成功
2017-03-24T04:08:29: 读取文件成功
2017-03-24T04:08:39: 读取文件成功
2017-03-24T04:08:49: 读取文件成功
2017-03-24T04:08:59: 读取文件成功
2017-03-24T04:09:09: 读取文件成功
2017-03-24T04:09:19: 读取文件成功
2017-03-24T04:09:29: 读取文件成功
2017-03-24T04:09:39: 读取文件成功
2017-03-24T04:09:49: 读取文件成功
2017-03-24T04:09:59: 读取文件成功
2017-03-24T04:10:09: 读取文件成功
2017-03-24T04:10:19: 读取文件成功
2017-03-24T04:10:29: 读取文件成功
2017-03-24T04:10:39: 读取文件成功
2017-03-24T04:10:49: 读取文件成功
2017-03-24T04:10:59: 读取文件成功
2017-03-24T04:11:09: 读取文件成功
2017-03-24T04:11:19: 读取文件成功
2017-03-24T04:11:29: 读取文件成功
2017-03-24T04:11:39: 读取文件成功
2017-03-24T04:11:49: 读取文件成功
2017-03-24T04:11:59: 读取文件成功
2017-03-24T04:12:09: 读取文件成功
2017-03-24T04:12:19: 读取文件成功
2017-03-24T04:12:29: 读取文件成功
2017-03-24T04:12:39: 读取文件成功
2017-03-24T04:12:49: 读取文件成功
2017-03-24T04:12:59: 读取文件成功
2017-03-24T04:13:09: 读取文件成功
2017-03-24T04:13:19: 读取文件成功
2017-03-24T04:13:29: 读取文件成功
2017-03-24T04:13:39: 读取文件成功
2017-03-24T04:13:49: 读取文件成功
2017-03-24T04:13:59: 读取文件成功
2017-03-24T04:14:09: 读取文件成功
2017-03-24T04:14:19: 读取文件成功
2017-03-24T04:14:29: 读取文件成功
2017-03-24T04:14:39: 读取文件成功
2017-03-24T04:14:49: 读取文件成功
2017-03-24T04:14:59: 读取文件成功
2017-03-24T04:15:09: 读取文件成功
2017-03-24T04:15:19: 读取文件成功
2017-03-24T04:15:29: 读取文件成功
2017-03-24T04:15:39: 读取文件成功
2017-03-24T04:15:49: 读取文件成功
2017-03-24T04:15:59: 读取文件成功
2017-03-24T04:16:09: 读取文件成功
2017-03-24T04:16:19: 读取文件成功
2017-03-24T04:16:29: 读取文件成功
2017-03-24T04:16:39: 读取文件成功
2017-03-24T04:16:49: 读取文件成功
2017-03-24T04:16:59: 读取文件成功
2017-03-24T04:17:09: 读取文件成功
2017-03-24T04:17:19: 读取文件成功
2017-03-24T04:17:29: 读取文件成功
2017-03-24T04:17:39: 读取文件成功
2017-03-24T04:17:49: 读取文件成功
2017-03-24T04:17:59: 读取文件成功
2017-03-24T04:18:09: 读取文件成功
2017-03-24T04:18:19: 读取文件成功
2017-03-24T04:18:29: 读取文件成功
2017-03-24T04:18:39: 读取文件成功
2017-03-24T04:18:49: 读取文件成功
2017-03-24T04:18:59: 读取文件成功
2017-03-24T04:19:09: 读取文件成功
2017-03-24T04:19:19: 读取文件成功
2017-03-24T04:19:29: 读取文件成功
2017-03-24T04:19:39: 读取文件成功
2017-03-24T04:19:49: 读取文件成功
2017-03-24T04:19:59: 读取文件成功
2017-03-24T04:20:09: 读取文件成功
2017-03-24T04:20:19: 读取文件成功
2017-03-24T04:20:29: 读取文件成功
2017-03-24T04:20:39: 读取文件成功
2017-03-24T04:20:49: 读取文件成功
2017-03-24T04:21:00: 读取文件成功
2017-03-24T04:21:09: 读取文件成功
2017-03-24T04:21:19: 读取文件成功
2017-03-24T04:21:29: 读取文件成功
2017-03-24T04:21:39: 读取文件成功
2017-03-24T04:21:49: 读取文件成功
2017-03-24T04:21:59: 读取文件成功
2017-03-24T04:22:10: 读取文件成功
2017-03-24T04:22:19: 读取文件成功
2017-03-24T04:22:29: 读取文件成功
2017-03-24T04:22:40: 读取文件成功
2017-03-24T04:22:50: 读取文件成功
2017-03-24T04:23:00: 读取文件成功
2017-03-24T04:23:10: 读取文件成功
2017-03-24T04:23:20: 读取文件成功
2017-03-24T04:23:30: 读取文件成功
2017-03-24T04:23:40: 读取文件成功
2017-03-24T04:23:50: 读取文件成功
2017-03-24T04:24:00: 读取文件成功
2017-03-24T04:24:10: 读取文件成功
2017-03-24T04:24:20: 读取文件成功
2017-03-24T04:24:30: 读取文件成功
2017-03-24T04:24:40: 读取文件成功
2017-03-24T04:24:50: 读取文件成功
2017-03-24T04:25:00: 读取文件成功
2017-03-24T04:25:10: 读取文件成功
2017-03-24T04:25:20: 读取文件成功
2017-03-24T04:25:30: 读取文件成功
2017-03-24T04:25:40: 读取文件成功
2017-03-24T04:25:50: 读取文件成功
2017-03-24T04:26:00: 读取文件成功
2017-03-24T04:26:10: 读取文件成功
2017-03-24T04:26:20: 读取文件成功
2017-03-24T04:26:30: 读取文件成功
2017-03-24T04:26:40: 读取文件成功
2017-03-24T04:26:50: 读取文件成功
2017-03-24T04:27:00: 读取文件成功
2017-03-24T04:27:10: 读取文件成功
2017-03-24T04:27:20: 读取文件成功
2017-03-24T04:27:30: 读取文件成功
2017-03-24T04:27:40: 读取文件成功
2017-03-24T04:27:50: 读取文件成功
2017-03-24T04:28:00: 读取文件成功
2017-03-24T04:28:10: 读取文件成功
2017-03-24T04:28:20: 读取文件成功
2017-03-24T04:28:30: 读取文件成功
2017-03-24T04:28:40: 读取文件成功
2017-03-24T04:28:50: 读取文件成功
2017-03-24T04:29:00: 读取文件成功
2017-03-24T04:29:10: 读取文件成功
2017-03-24T04:29:20: 读取文件成功
2017-03-24T04:29:30: 读取文件成功
2017-03-24T04:29:40: 读取文件成功
2017-03-24T04:29:50: 读取文件成功
2017-03-24T04:30:00: 读取文件成功
2017-03-24T04:30:10: 读取文件成功
2017-03-24T04:30:20: 读取文件成功
2017-03-24T04:30:30: 读取文件成功
2017-03-24T04:30:40: 读取文件成功
2017-03-24T04:30:50: 读取文件成功
2017-03-24T04:31:00: 读取文件成功
2017-03-24T04:31:10: 读取文件成功
2017-03-24T04:31:20: 读取文件成功
2017-03-24T04:31:30: 读取文件成功
2017-03-24T04:31:40: 读取文件成功
2017-03-24T04:31:50: 读取文件成功
2017-03-24T04:32:00: 读取文件成功
2017-03-24T04:32:10: 读取文件成功
2017-03-24T04:32:20: 读取文件成功
2017-03-24T04:32:30: 读取文件成功
2017-03-24T04:32:40: 读取文件成功
2017-03-24T04:32:50: 读取文件成功
2017-03-24T04:33:00: 读取文件成功
2017-03-24T04:33:10: 读取文件成功
2017-03-24T04:33:20: 读取文件成功
2017-03-24T04:33:30: 读取文件成功
2017-03-24T04:33:40: 读取文件成功
2017-03-24T04:33:50: 读取文件成功
2017-03-24T04:34:00: 读取文件成功
2017-03-24T04:34:10: 读取文件成功
2017-03-24T04:34:20: 读取文件成功
2017-03-24T04:34:30: 读取文件成功
2017-03-24T04:34:40: 读取文件成功
2017-03-24T04:34:50: 读取文件成功
2017-03-24T04:35:00: 读取文件成功
2017-03-24T04:35:10: 读取文件成功
2017-03-24T04:35:20: 读取文件成功
2017-03-24T04:35:30: 读取文件成功
2017-03-24T04:35:40: 读取文件成功
2017-03-24T04:35:50: 读取文件成功
2017-03-24T04:36:00: 读取文件成功
2017-03-24T04:36:10: 读取文件成功
2017-03-24T04:36:20: 读取文件成功
2017-03-24T04:36:30: 读取文件成功
2017-03-24T04:36:40: 读取文件成功
2017-03-24T04:36:50: 读取文件成功
2017-03-24T04:37:00: 读取文件成功
2017-03-24T04:37:10: 读取文件成功
2017-03-24T04:37:20: 读取文件成功
2017-03-24T04:37:30: 读取文件成功
2017-03-24T04:37:40: 读取文件成功
2017-03-24T04:37:50: 读取文件成功
2017-03-24T04:38:00: 读取文件成功
2017-03-24T04:38:10: 读取文件成功
2017-03-24T04:38:20: 读取文件成功
2017-03-24T04:38:30: 读取文件成功
2017-03-24T04:38:40: 读取文件成功
2017-03-24T04:38:50: 读取文件成功
2017-03-24T04:39:00: 读取文件成功
2017-03-24T04:39:10: 读取文件成功
2017-03-24T04:39:20: 读取文件成功
2017-03-24T04:39:30: 读取文件成功
2017-03-24T04:39:40: 读取文件成功
2017-03-24T04:39:50: 读取文件成功
2017-03-24T04:40:00: 读取文件成功
2017-03-24T04:40:10: 读取文件成功
2017-03-24T04:40:20: 读取文件成功
2017-03-24T04:40:31: 读取文件成功
2017-03-24T04:40:41: 读取文件成功
2017-03-24T04:40:51: 读取文件成功
2017-03-24T04:41:01: 读取文件成功
2017-03-24T04:41:11: 读取文件成功
2017-03-24T04:41:21: 读取文件成功
2017-03-24T04:41:31: 读取文件成功
2017-03-24T04:41:41: 读取文件成功
2017-03-24T04:41:51: 读取文件成功
2017-03-24T04:42:01: 读取文件成功
2017-03-24T04:42:11: 读取文件成功
2017-03-24T04:42:21: 读取文件成功
2017-03-24T04:42:31: 读取文件成功
2017-03-24T04:42:41: 读取文件成功
2017-03-24T04:42:51: 读取文件成功
2017-03-24T04:43:01: 读取文件成功
2017-03-24T04:43:11: 读取文件成功
2017-03-24T04:43:21: 读取文件成功
2017-03-24T04:43:31: 读取文件成功
2017-03-24T04:43:41: 读取文件成功
2017-03-24T04:43:51: 读取文件成功
2017-03-24T04:44:01: 读取文件成功
2017-03-24T04:44:11: 读取文件成功
2017-03-24T04:44:21: 读取文件成功
2017-03-24T04:44:31: 读取文件成功
2017-03-24T04:44:41: 读取文件成功
2017-03-24T04:44:51: 读取文件成功
2017-03-24T04:45:01: 读取文件成功
2017-03-24T04:45:11: 读取文件成功
2017-03-24T04:45:21: 读取文件成功
2017-03-24T04:45:31: 读取文件成功
2017-03-24T04:45:41: 读取文件成功
2017-03-24T04:45:51: 读取文件成功
2017-03-24T04:46:01: 读取文件成功
2017-03-24T04:46:11: 读取文件成功
2017-03-24T04:46:21: 读取文件成功
2017-03-24T04:46:31: 读取文件成功
2017-03-24T04:46:41: 读取文件成功
2017-03-24T04:46:51: 读取文件成功
2017-03-24T04:47:01: 读取文件成功
2017-03-24T04:47:11: 读取文件成功
2017-03-24T04:47:21: 读取文件成功
2017-03-24T04:47:31: 读取文件成功
2017-03-24T04:47:41: 读取文件成功
2017-03-24T04:47:51: 读取文件成功
2017-03-24T04:48:01: 读取文件成功
2017-03-24T04:48:11: 读取文件成功
2017-03-24T04:48:21: 读取文件成功
2017-03-24T04:48:31: 读取文件成功
2017-03-24T04:48:41: 读取文件成功
2017-03-24T04:48:51: 读取文件成功
2017-03-24T04:49:01: 读取文件成功
2017-03-24T04:49:11: 读取文件成功
2017-03-24T04:49:21: 读取文件成功
2017-03-24T04:49:31: 读取文件成功
2017-03-24T04:49:41: 读取文件成功
2017-03-24T04:49:51: 读取文件成功
2017-03-24T04:50:01: 读取文件成功
2017-03-24T04:50:11: 读取文件成功
2017-03-24T04:50:21: 读取文件成功
2017-03-24T04:50:31: 读取文件成功
2017-03-24T04:50:41: 读取文件成功
2017-03-24T04:50:51: 读取文件成功
2017-03-24T04:51:01: 读取文件成功
2017-03-24T04:51:11: 读取文件成功
2017-03-24T04:51:21: 读取文件成功
2017-03-24T04:51:31: 读取文件成功
2017-03-24T04:51:41: 读取文件成功
2017-03-24T04:51:51: 读取文件成功
2017-03-24T04:52:01: 读取文件成功
2017-03-24T04:52:11: 读取文件成功
2017-03-24T04:52:21: 读取文件成功
2017-03-24T04:52:31: 读取文件成功
2017-03-24T04:52:41: 读取文件成功
2017-03-24T04:52:51: 读取文件成功
2017-03-24T04:53:01: 读取文件成功
2017-03-24T04:53:11: 读取文件成功
2017-03-24T04:53:21: 读取文件成功
2017-03-24T04:53:31: 读取文件成功
2017-03-24T04:53:41: 读取文件成功
2017-03-24T04:53:51: 读取文件成功
2017-03-24T04:54:01: 读取文件成功
2017-03-24T04:54:11: 读取文件成功
2017-03-24T04:54:21: 读取文件成功
2017-03-24T04:54:31: 读取文件成功
2017-03-24T04:54:41: 读取文件成功
2017-03-24T04:54:51: 读取文件成功
2017-03-24T04:55:01: 读取文件成功
2017-03-24T04:55:11: 读取文件成功
2017-03-24T04:55:21: 读取文件成功
2017-03-24T04:55:31: 读取文件成功
2017-03-24T04:55:41: 读取文件成功
2017-03-24T04:55:51: 读取文件成功
2017-03-24T04:56:01: 读取文件成功
2017-03-24T04:56:11: 读取文件成功
2017-03-24T04:56:21: 读取文件成功
2017-03-24T04:56:31: 读取文件成功
2017-03-24T04:56:41: 读取文件成功
2017-03-24T04:56:52: 读取文件成功
2017-03-24T04:57:01: 读取文件成功
2017-03-24T04:57:11: 读取文件成功
2017-03-24T04:57:21: 读取文件成功
2017-03-24T04:57:31: 读取文件成功
2017-03-24T04:57:41: 读取文件成功
2017-03-24T04:57:51: 读取文件成功
2017-03-24T04:58:01: 读取文件成功
2017-03-24T04:58:11: 读取文件成功
2017-03-24T04:58:21: 读取文件成功
2017-03-24T04:58:31: 读取文件成功
2017-03-24T04:58:41: 读取文件成功
2017-03-24T04:58:51: 读取文件成功
2017-03-24T04:59:02: 读取文件成功
2017-03-24T04:59:11: 读取文件成功
2017-03-24T04:59:21: 读取文件成功
2017-03-24T04:59:31: 读取文件成功
2017-03-24T04:59:41: 读取文件成功
2017-03-24T04:59:52: 读取文件成功
2017-03-24T05:00:02: 读取文件成功
2017-03-24T05:00:11: 读取文件成功
2017-03-24T05:00:22: 读取文件成功
2017-03-24T05:00:32: 读取文件成功
2017-03-24T05:00:42: 读取文件成功
2017-03-24T05:00:52: 读取文件成功
2017-03-24T05:01:02: 读取文件成功
2017-03-24T05:01:12: 读取文件成功
2017-03-24T05:01:22: 读取文件成功
2017-03-24T05:01:32: 读取文件成功
2017-03-24T05:01:42: 读取文件成功
2017-03-24T05:01:52: 读取文件成功
2017-03-24T05:02:02: 读取文件成功
2017-03-24T05:02:12: 读取文件成功
2017-03-24T05:02:22: 读取文件成功
2017-03-24T05:02:32: 读取文件成功
2017-03-24T05:02:42: 读取文件成功
2017-03-24T05:02:52: 读取文件成功
2017-03-24T05:03:02: 读取文件成功
2017-03-24T05:03:12: 读取文件成功
2017-03-24T05:03:22: 读取文件成功
2017-03-24T05:03:32: 读取文件成功
2017-03-24T05:03:42: 读取文件成功
2017-03-24T05:03:52: 读取文件成功
2017-03-24T05:04:02: 读取文件成功
2017-03-24T05:04:12: 读取文件成功
2017-03-24T05:04:22: 读取文件成功
2017-03-24T05:04:32: 读取文件成功
2017-03-24T05:04:42: 读取文件成功
2017-03-24T05:04:52: 读取文件成功
2017-03-24T05:05:02: 读取文件成功
2017-03-24T05:05:12: 读取文件成功
2017-03-24T05:05:22: 读取文件成功
2017-03-24T05:05:32: 读取文件成功
2017-03-24T05:05:42: 读取文件成功
2017-03-24T05:05:52: 读取文件成功
2017-03-24T05:06:02: 读取文件成功
2017-03-24T05:06:12: 读取文件成功
2017-03-24T05:06:22: 读取文件成功
2017-03-24T05:06:32: 读取文件成功
2017-03-24T05:06:42: 读取文件成功
2017-03-24T05:06:52: 读取文件成功
2017-03-24T05:07:02: 读取文件成功
2017-03-24T05:07:12: 读取文件成功
2017-03-24T05:07:22: 读取文件成功
2017-03-24T05:07:32: 读取文件成功
2017-03-24T05:07:42: 读取文件成功
2017-03-24T05:07:52: 读取文件成功
2017-03-24T05:08:02: 读取文件成功
2017-03-24T05:08:12: 读取文件成功
2017-03-24T05:08:22: 读取文件成功
2017-03-24T05:08:32: 读取文件成功
2017-03-24T05:08:42: 读取文件成功
2017-03-24T05:08:52: 读取文件成功
2017-03-24T05:09:02: 读取文件成功
2017-03-24T05:09:12: 读取文件成功
2017-03-24T05:09:22: 读取文件成功
2017-03-24T05:09:32: 读取文件成功
2017-03-24T05:09:42: 读取文件成功
2017-03-24T05:09:52: 读取文件成功
2017-03-24T05:10:02: 读取文件成功
2017-03-24T05:10:12: 读取文件成功
2017-03-24T05:10:22: 读取文件成功
2017-03-24T05:10:32: 读取文件成功
2017-03-24T05:10:42: 读取文件成功
2017-03-24T05:10:52: 读取文件成功
2017-03-24T05:11:02: 读取文件成功
2017-03-24T05:11:12: 读取文件成功
2017-03-24T05:11:22: 读取文件成功
2017-03-24T05:11:32: 读取文件成功
2017-03-24T05:11:42: 读取文件成功
2017-03-24T05:11:52: 读取文件成功
2017-03-24T05:12:02: 读取文件成功
2017-03-24T05:12:12: 读取文件成功
2017-03-24T05:12:22: 读取文件成功
2017-03-24T05:12:32: 读取文件成功
2017-03-24T05:12:42: 读取文件成功
2017-03-24T05:12:52: 读取文件成功
2017-03-24T05:13:02: 读取文件成功
2017-03-24T05:13:12: 读取文件成功
2017-03-24T05:13:22: 读取文件成功
2017-03-24T05:13:32: 读取文件成功
2017-03-24T05:13:42: 读取文件成功
2017-03-24T05:13:52: 读取文件成功
2017-03-24T05:14:02: 读取文件成功
2017-03-24T05:14:12: 读取文件成功
2017-03-24T05:14:22: 读取文件成功
2017-03-24T05:14:32: 读取文件成功
2017-03-24T05:14:42: 读取文件成功
2017-03-24T05:14:52: 读取文件成功
2017-03-24T05:15:02: 读取文件成功
2017-03-24T05:15:12: 读取文件成功
2017-03-24T05:15:22: 读取文件成功
2017-03-24T05:15:32: 读取文件成功
2017-03-24T05:15:42: 读取文件成功
2017-03-24T05:15:52: 读取文件成功
2017-03-24T05:16:02: 读取文件成功
2017-03-24T05:16:12: 读取文件成功
2017-03-24T05:16:22: 读取文件成功
2017-03-24T05:16:32: 读取文件成功
2017-03-24T05:16:42: 读取文件成功
2017-03-24T05:16:52: 读取文件成功
2017-03-24T05:17:02: 读取文件成功
2017-03-24T05:17:12: 读取文件成功
2017-03-24T05:17:22: 读取文件成功
2017-03-24T05:17:32: 读取文件成功
2017-03-24T05:17:42: 读取文件成功
2017-03-24T05:17:52: 读取文件成功
2017-03-24T05:18:02: 读取文件成功
2017-03-24T05:18:12: 读取文件成功
2017-03-24T05:18:22: 读取文件成功
2017-03-24T05:18:32: 读取文件成功
2017-03-24T05:18:42: 读取文件成功
2017-03-24T05:18:52: 读取文件成功
2017-03-24T05:19:02: 读取文件成功
2017-03-24T05:19:12: 读取文件成功
2017-03-24T05:19:22: 读取文件成功
2017-03-24T05:19:32: 读取文件成功
2017-03-24T05:19:42: 读取文件成功
2017-03-24T05:19:52: 读取文件成功
2017-03-24T05:20:02: 读取文件成功
2017-03-24T05:20:12: 读取文件成功
2017-03-24T05:20:22: 读取文件成功
2017-03-24T05:20:32: 读取文件成功
2017-03-24T05:20:42: 读取文件成功
2017-03-24T05:20:52: 读取文件成功
2017-03-24T05:21:03: 读取文件成功
2017-03-24T05:21:12: 读取文件成功
2017-03-24T05:21:23: 读取文件成功
2017-03-24T05:21:33: 读取文件成功
2017-03-24T05:21:43: 读取文件成功
2017-03-24T05:21:53: 读取文件成功
2017-03-24T05:22:03: 读取文件成功
2017-03-24T05:22:13: 读取文件成功
2017-03-24T05:22:23: 读取文件成功
2017-03-24T05:22:33: 读取文件成功
2017-03-24T05:22:43: 读取文件成功
2017-03-24T05:22:53: 读取文件成功
2017-03-24T05:23:03: 读取文件成功
2017-03-24T05:23:13: 读取文件成功
2017-03-24T05:23:23: 读取文件成功
2017-03-24T05:23:33: 读取文件成功
2017-03-24T05:23:43: 读取文件成功
2017-03-24T05:23:53: 读取文件成功
2017-03-24T05:24:03: 读取文件成功
2017-03-24T05:24:13: 读取文件成功
2017-03-24T05:24:23: 读取文件成功
2017-03-24T05:24:33: 读取文件成功
2017-03-24T05:24:43: 读取文件成功
2017-03-24T05:24:53: 读取文件成功
2017-03-24T05:25:03: 读取文件成功
2017-03-24T05:25:13: 读取文件成功
2017-03-24T05:25:23: 读取文件成功
2017-03-24T05:25:33: 读取文件成功
2017-03-24T05:25:43: 读取文件成功
2017-03-24T05:25:53: 读取文件成功
2017-03-24T05:26:03: 读取文件成功
2017-03-24T05:26:13: 读取文件成功
2017-03-24T05:26:23: 读取文件成功
2017-03-24T05:26:33: 读取文件成功
2017-03-24T05:26:43: 读取文件成功
2017-03-24T05:26:53: 读取文件成功
2017-03-24T05:27:03: 读取文件成功
2017-03-24T05:27:13: 读取文件成功
2017-03-24T05:27:23: 读取文件成功
2017-03-24T05:27:33: 读取文件成功
2017-03-24T05:27:43: 读取文件成功
2017-03-24T05:27:53: 读取文件成功
2017-03-24T05:28:03: 读取文件成功
2017-03-24T05:28:13: 读取文件成功
2017-03-24T05:28:23: 读取文件成功
2017-03-24T05:28:33: 读取文件成功
2017-03-24T05:28:43: 读取文件成功
2017-03-24T05:28:53: 读取文件成功
2017-03-24T05:29:03: 读取文件成功
2017-03-24T05:29:13: 读取文件成功
2017-03-24T05:29:23: 读取文件成功
2017-03-24T05:29:33: 读取文件成功
2017-03-24T05:29:43: 读取文件成功
2017-03-24T05:29:53: 读取文件成功
2017-03-24T05:30:03: 读取文件成功
2017-03-24T05:30:13: 读取文件成功
2017-03-24T05:30:23: 读取文件成功
2017-03-24T05:30:33: 读取文件成功
2017-03-24T05:30:43: 读取文件成功
2017-03-24T05:30:53: 读取文件成功
2017-03-24T05:31:03: 读取文件成功
2017-03-24T05:31:13: 读取文件成功
2017-03-24T05:31:23: 读取文件成功
2017-03-24T05:31:33: 读取文件成功
2017-03-24T05:31:43: 读取文件成功
2017-03-24T05:31:53: 读取文件成功
2017-03-24T05:32:03: 读取文件成功
2017-03-24T05:32:13: 读取文件成功
2017-03-24T05:32:23: 读取文件成功
2017-03-24T05:32:33: 读取文件成功
2017-03-24T05:32:43: 读取文件成功
2017-03-24T05:32:53: 读取文件成功
2017-03-24T05:33:03: 读取文件成功
2017-03-24T05:33:13: 读取文件成功
2017-03-24T05:33:23: 读取文件成功
2017-03-24T05:33:33: 读取文件成功
2017-03-24T05:33:43: 读取文件成功
2017-03-24T05:33:54: 读取文件成功
2017-03-24T05:34:03: 读取文件成功
2017-03-24T05:34:13: 读取文件成功
2017-03-24T05:34:23: 读取文件成功
2017-03-24T05:34:33: 读取文件成功
2017-03-24T05:34:43: 读取文件成功
2017-03-24T05:34:53: 读取文件成功
2017-03-24T05:35:03: 读取文件成功
2017-03-24T05:35:13: 读取文件成功
2017-03-24T05:35:23: 读取文件成功
2017-03-24T05:35:33: 读取文件成功
2017-03-24T05:35:43: 读取文件成功
2017-03-24T05:35:53: 读取文件成功
2017-03-24T05:36:03: 读取文件成功
2017-03-24T05:36:13: 读取文件成功
2017-03-24T05:36:23: 读取文件成功
2017-03-24T05:36:33: 读取文件成功
2017-03-24T05:36:43: 读取文件成功
2017-03-24T05:36:53: 读取文件成功
2017-03-24T05:37:03: 读取文件成功
2017-03-24T05:37:13: 读取文件成功
2017-03-24T05:37:23: 读取文件成功
2017-03-24T05:37:33: 读取文件成功
2017-03-24T05:37:43: 读取文件成功
2017-03-24T05:37:54: 读取文件成功
2017-03-24T05:38:03: 读取文件成功
2017-03-24T05:38:13: 读取文件成功
2017-03-24T05:38:23: 读取文件成功
2017-03-24T05:38:33: 读取文件成功
2017-03-24T05:38:43: 读取文件成功
2017-03-24T05:38:53: 读取文件成功
2017-03-24T05:39:03: 读取文件成功
2017-03-24T05:39:13: 读取文件成功
2017-03-24T05:39:23: 读取文件成功
2017-03-24T05:39:33: 读取文件成功
2017-03-24T05:39:43: 读取文件成功
2017-03-24T05:39:53: 读取文件成功
2017-03-24T05:40:03: 读取文件成功
2017-03-24T05:40:13: 读取文件成功
2017-03-24T05:40:23: 读取文件成功
2017-03-24T05:40:33: 读取文件成功
2017-03-24T05:40:43: 读取文件成功
2017-03-24T05:40:53: 读取文件成功
2017-03-24T05:41:03: 读取文件成功
2017-03-24T05:41:13: 读取文件成功
2017-03-24T05:41:23: 读取文件成功
2017-03-24T05:41:33: 读取文件成功
2017-03-24T05:41:43: 读取文件成功
2017-03-24T05:41:53: 读取文件成功
2017-03-24T05:42:03: 读取文件成功
2017-03-24T05:42:13: 读取文件成功
2017-03-24T05:42:23: 读取文件成功
2017-03-24T05:42:34: 读取文件成功
2017-03-24T05:42:43: 读取文件成功
2017-03-24T05:42:53: 读取文件成功
2017-03-24T05:43:04: 读取文件成功
2017-03-24T05:43:13: 读取文件成功
2017-03-24T05:43:24: 读取文件成功
2017-03-24T05:43:34: 读取文件成功
2017-03-24T05:43:44: 读取文件成功
2017-03-24T05:43:54: 读取文件成功
2017-03-24T05:44:04: 读取文件成功
2017-03-24T05:44:14: 读取文件成功
2017-03-24T05:44:24: 读取文件成功
2017-03-24T05:44:34: 读取文件成功
2017-03-24T05:44:44: 读取文件成功
2017-03-24T05:44:54: 读取文件成功
2017-03-24T05:45:04: 读取文件成功
2017-03-24T05:45:14: 读取文件成功
2017-03-24T05:45:24: 读取文件成功
2017-03-24T05:45:34: 读取文件成功
2017-03-24T05:45:44: 读取文件成功
2017-03-24T05:45:54: 读取文件成功
2017-03-24T05:46:04: 读取文件成功
2017-03-24T05:46:14: 读取文件成功
2017-03-24T05:46:24: 读取文件成功
2017-03-24T05:46:34: 读取文件成功
2017-03-24T05:46:44: 读取文件成功
2017-03-24T05:46:54: 读取文件成功
2017-03-24T05:47:04: 读取文件成功
2017-03-24T05:47:14: 读取文件成功
2017-03-24T05:47:24: 读取文件成功
2017-03-24T05:47:34: 读取文件成功
2017-03-24T05:47:44: 读取文件成功
2017-03-24T05:47:54: 读取文件成功
2017-03-24T05:48:04: 读取文件成功
2017-03-24T05:48:14: 读取文件成功
2017-03-24T05:48:24: 读取文件成功
2017-03-24T05:48:34: 读取文件成功
2017-03-24T05:48:44: 读取文件成功
2017-03-24T05:48:54: 读取文件成功
2017-03-24T05:49:04: 读取文件成功
2017-03-24T05:49:14: 读取文件成功
2017-03-24T05:49:24: 读取文件成功
2017-03-24T05:49:34: 读取文件成功
2017-03-24T05:49:44: 读取文件成功
2017-03-24T05:49:54: 读取文件成功
2017-03-24T05:50:04: 读取文件成功
2017-03-24T05:50:14: 读取文件成功
2017-03-24T05:50:24: 读取文件成功
2017-03-24T05:50:34: 读取文件成功
2017-03-24T05:50:44: 读取文件成功
2017-03-24T05:50:54: 读取文件成功
2017-03-24T05:51:04: 读取文件成功
2017-03-24T05:51:14: 读取文件成功
2017-03-24T05:51:24: 读取文件成功
2017-03-24T05:51:34: 读取文件成功
2017-03-24T05:51:44: 读取文件成功
2017-03-24T05:51:54: 读取文件成功
2017-03-24T05:52:04: 读取文件成功
2017-03-24T05:52:14: 读取文件成功
2017-03-24T05:52:24: 读取文件成功
2017-03-24T05:52:34: 读取文件成功
2017-03-24T05:52:44: 读取文件成功
2017-03-24T05:52:54: 读取文件成功
2017-03-24T05:53:04: 读取文件成功
2017-03-24T05:53:14: 读取文件成功
2017-03-24T05:53:24: 读取文件成功
2017-03-24T05:53:34: 读取文件成功
2017-03-24T05:53:44: 读取文件成功
2017-03-24T05:53:54: 读取文件成功
2017-03-24T05:54:04: 读取文件成功
2017-03-24T05:54:14: 读取文件成功
2017-03-24T05:54:24: 读取文件成功
2017-03-24T05:54:34: 读取文件成功
2017-03-24T05:54:44: 读取文件成功
2017-03-24T05:54:54: 读取文件成功
2017-03-24T05:55:04: 读取文件成功
2017-03-24T05:55:14: 读取文件成功
2017-03-24T05:55:24: 读取文件成功
2017-03-24T05:55:34: 读取文件成功
2017-03-24T05:55:44: 读取文件成功
2017-03-24T05:55:54: 读取文件成功
2017-03-24T05:56:04: 读取文件成功
2017-03-24T05:56:14: 读取文件成功
2017-03-24T05:56:24: 读取文件成功
2017-03-24T05:56:34: 读取文件成功
2017-03-24T05:56:44: 读取文件成功
2017-03-24T05:56:54: 读取文件成功
2017-03-24T05:57:04: 读取文件成功
2017-03-24T05:57:14: 读取文件成功
2017-03-24T05:57:24: 读取文件成功
2017-03-24T05:57:34: 读取文件成功
2017-03-24T05:57:44: 读取文件成功
2017-03-24T05:57:54: 读取文件成功
2017-03-24T05:58:04: 读取文件成功
2017-03-24T05:58:14: 读取文件成功
2017-03-24T05:58:24: 读取文件成功
2017-03-24T05:58:34: 读取文件成功
2017-03-24T05:58:44: 读取文件成功
2017-03-24T05:58:54: 读取文件成功
2017-03-24T05:59:04: 读取文件成功
2017-03-24T05:59:14: 读取文件成功
2017-03-24T05:59:24: 读取文件成功
2017-03-24T05:59:34: 读取文件成功
2017-03-24T05:59:44: 读取文件成功
2017-03-24T05:59:54: 读取文件成功
2017-03-24T06:00:04: 读取文件成功
2017-03-24T06:00:14: 读取文件成功
2017-03-24T06:00:24: 读取文件成功
2017-03-24T06:00:34: 读取文件成功
2017-03-24T06:00:44: 读取文件成功
2017-03-24T06:00:54: 读取文件成功
2017-03-24T06:01:04: 读取文件成功
2017-03-24T06:01:14: 读取文件成功
2017-03-24T06:01:24: 读取文件成功
2017-03-24T06:01:34: 读取文件成功
2017-03-24T06:01:44: 读取文件成功
2017-03-24T06:01:54: 读取文件成功
2017-03-24T06:02:05: 读取文件成功
2017-03-24T06:02:15: 读取文件成功
2017-03-24T06:02:24: 读取文件成功
2017-03-24T06:02:34: 读取文件成功
2017-03-24T06:02:44: 读取文件成功
2017-03-24T06:02:55: 读取文件成功
2017-03-24T06:03:05: 读取文件成功
2017-03-24T06:03:15: 读取文件成功
2017-03-24T06:03:25: 读取文件成功
2017-03-24T06:03:35: 读取文件成功
2017-03-24T06:03:45: 读取文件成功
2017-03-24T06:03:55: 读取文件成功
2017-03-24T06:04:05: 读取文件成功
2017-03-24T06:04:15: 读取文件成功
2017-03-24T06:04:25: 读取文件成功
2017-03-24T06:04:35: 读取文件成功
2017-03-24T06:04:45: 读取文件成功
2017-03-24T06:04:55: 读取文件成功
2017-03-24T06:05:05: 读取文件成功
2017-03-24T06:05:15: 读取文件成功
2017-03-24T06:05:25: 读取文件成功
2017-03-24T06:05:35: 读取文件成功
2017-03-24T06:05:45: 读取文件成功
2017-03-24T06:05:55: 读取文件成功
2017-03-24T06:06:05: 读取文件成功
2017-03-24T06:06:15: 读取文件成功
2017-03-24T06:06:25: 读取文件成功
2017-03-24T06:06:35: 读取文件成功
2017-03-24T06:06:45: 读取文件成功
2017-03-24T06:06:55: 读取文件成功
2017-03-24T06:07:05: 读取文件成功
2017-03-24T06:07:15: 读取文件成功
2017-03-24T06:07:25: 读取文件成功
2017-03-24T06:07:35: 读取文件成功
2017-03-24T06:07:45: 读取文件成功
2017-03-24T06:07:55: 读取文件成功
2017-03-24T06:08:05: 读取文件成功
2017-03-24T06:08:15: 读取文件成功
2017-03-24T06:08:25: 读取文件成功
2017-03-24T06:08:35: 读取文件成功
2017-03-24T06:08:45: 读取文件成功
2017-03-24T06:08:55: 读取文件成功
2017-03-24T06:09:05: 读取文件成功
2017-03-24T06:09:15: 读取文件成功
2017-03-24T06:09:25: 读取文件成功
2017-03-24T06:09:35: 读取文件成功
2017-03-24T06:09:45: 读取文件成功
2017-03-24T06:09:55: 读取文件成功
2017-03-24T06:10:05: 读取文件成功
2017-03-24T06:10:15: 读取文件成功
2017-03-24T06:10:25: 读取文件成功
2017-03-24T06:10:35: 读取文件成功
2017-03-24T06:10:45: 读取文件成功
2017-03-24T06:10:55: 读取文件成功
2017-03-24T06:11:05: 读取文件成功
2017-03-24T06:11:15: 读取文件成功
2017-03-24T06:11:25: 读取文件成功
2017-03-24T06:11:35: 读取文件成功
2017-03-24T06:11:45: 读取文件成功
2017-03-24T06:11:55: 读取文件成功
2017-03-24T06:12:05: 读取文件成功
2017-03-24T06:12:15: 读取文件成功
2017-03-24T06:12:25: 读取文件成功
2017-03-24T06:12:35: 读取文件成功
2017-03-24T06:12:45: 读取文件成功
2017-03-24T06:12:55: 读取文件成功
2017-03-24T06:13:05: 读取文件成功
2017-03-24T06:13:15: 读取文件成功
2017-03-24T06:13:25: 读取文件成功
2017-03-24T06:13:35: 读取文件成功
2017-03-24T06:13:45: 读取文件成功
2017-03-24T06:13:55: 读取文件成功
2017-03-24T06:14:05: 读取文件成功
2017-03-24T06:14:15: 读取文件成功
2017-03-24T06:14:25: 读取文件成功
2017-03-24T06:14:35: 读取文件成功
2017-03-24T06:14:45: 读取文件成功
2017-03-24T06:14:55: 读取文件成功
2017-03-24T06:15:05: 读取文件成功
2017-03-24T06:15:15: 读取文件成功
2017-03-24T06:15:25: 读取文件成功
2017-03-24T06:15:35: 读取文件成功
2017-03-24T06:15:45: 读取文件成功
2017-03-24T06:15:55: 读取文件成功
2017-03-24T06:16:05: 读取文件成功
2017-03-24T06:16:15: 读取文件成功
2017-03-24T06:16:25: 读取文件成功
2017-03-24T06:16:35: 读取文件成功
2017-03-24T06:16:45: 读取文件成功
2017-03-24T06:16:55: 读取文件成功
2017-03-24T06:17:05: 读取文件成功
2017-03-24T06:17:15: 读取文件成功
2017-03-24T06:17:25: 读取文件成功
2017-03-24T06:17:35: 读取文件成功
2017-03-24T06:17:45: 读取文件成功
2017-03-24T06:17:55: 读取文件成功
2017-03-24T06:18:05: 读取文件成功
2017-03-24T06:18:15: 读取文件成功
2017-03-24T06:18:25: 读取文件成功
2017-03-24T06:18:35: 读取文件成功
2017-03-24T06:18:45: 读取文件成功
2017-03-24T06:18:55: 读取文件成功
2017-03-24T06:19:06: 读取文件成功
2017-03-24T06:19:15: 读取文件成功
2017-03-24T06:19:25: 读取文件成功
2017-03-24T06:19:35: 读取文件成功
2017-03-24T06:19:45: 读取文件成功
2017-03-24T06:19:55: 读取文件成功
2017-03-24T06:20:05: 读取文件成功
2017-03-24T06:20:15: 读取文件成功
2017-03-24T06:20:25: 读取文件成功
2017-03-24T06:20:35: 读取文件成功
2017-03-24T06:20:45: 读取文件成功
2017-03-24T06:20:55: 读取文件成功
2017-03-24T06:21:05: 读取文件成功
2017-03-24T06:21:15: 读取文件成功
2017-03-24T06:21:25: 读取文件成功
2017-03-24T06:21:35: 读取文件成功
2017-03-24T06:21:46: 读取文件成功
2017-03-24T06:21:55: 读取文件成功
2017-03-24T06:22:06: 读取文件成功
2017-03-24T06:22:15: 读取文件成功
2017-03-24T06:22:25: 读取文件成功
2017-03-24T06:22:36: 读取文件成功
2017-03-24T06:22:46: 读取文件成功
2017-03-24T06:22:56: 读取文件成功
2017-03-24T06:23:06: 读取文件成功
2017-03-24T06:23:16: 读取文件成功
2017-03-24T06:23:26: 读取文件成功
2017-03-24T06:23:36: 读取文件成功
2017-03-24T06:23:46: 读取文件成功
2017-03-24T06:23:56: 读取文件成功
2017-03-24T06:24:06: 读取文件成功
2017-03-24T06:24:16: 读取文件成功
2017-03-24T06:24:26: 读取文件成功
2017-03-24T06:24:36: 读取文件成功
2017-03-24T06:24:46: 读取文件成功
2017-03-24T06:24:56: 读取文件成功
2017-03-24T06:25:06: 读取文件成功
2017-03-24T06:25:16: 读取文件成功
2017-03-24T06:25:26: 读取文件成功
2017-03-24T06:25:36: 读取文件成功
2017-03-24T06:25:46: 读取文件成功
2017-03-24T06:25:56: 读取文件成功
2017-03-24T06:26:06: 读取文件成功
2017-03-24T06:26:16: 读取文件成功
2017-03-24T06:26:26: 读取文件成功
2017-03-24T06:26:36: 读取文件成功
2017-03-24T06:26:46: 读取文件成功
2017-03-24T06:26:56: 读取文件成功
2017-03-24T06:27:06: 读取文件成功
2017-03-24T06:27:16: 读取文件成功
2017-03-24T06:27:26: 读取文件成功
2017-03-24T06:27:36: 读取文件成功
2017-03-24T06:27:46: 读取文件成功
2017-03-24T06:27:56: 读取文件成功
2017-03-24T06:28:06: 读取文件成功
2017-03-24T06:28:16: 读取文件成功
2017-03-24T06:28:26: 读取文件成功
2017-03-24T06:28:36: 读取文件成功
2017-03-24T06:28:46: 读取文件成功
2017-03-24T06:28:56: 读取文件成功
2017-03-24T06:29:06: 读取文件成功
