2017-01-07T00:00:08: 非记录时间：2017-01-07T00:00:08+08:00
2017-01-07T00:00:18: 非记录时间：2017-01-07T00:00:18+08:00
2017-01-07T00:00:28: 非记录时间：2017-01-07T00:00:28+08:00
2017-01-07T00:00:38: 非记录时间：2017-01-07T00:00:38+08:00
2017-01-07T00:00:48: 非记录时间：2017-01-07T00:00:48+08:00
2017-01-07T00:00:58: 非记录时间：2017-01-07T00:00:58+08:00
2017-01-07T00:01:08: 非记录时间：2017-01-07T00:01:08+08:00
2017-01-07T00:01:18: 非记录时间：2017-01-07T00:01:18+08:00
2017-01-07T00:01:28: 非记录时间：2017-01-07T00:01:28+08:00
2017-01-07T00:01:38: 非记录时间：2017-01-07T00:01:38+08:00
2017-01-07T00:01:48: 非记录时间：2017-01-07T00:01:48+08:00
2017-01-07T00:01:58: 非记录时间：2017-01-07T00:01:58+08:00
2017-01-07T00:02:08: 非记录时间：2017-01-07T00:02:08+08:00
2017-01-07T00:02:18: 非记录时间：2017-01-07T00:02:18+08:00
2017-01-07T00:02:28: 非记录时间：2017-01-07T00:02:28+08:00
2017-01-07T00:02:38: 非记录时间：2017-01-07T00:02:38+08:00
2017-01-07T00:02:48: 非记录时间：2017-01-07T00:02:48+08:00
2017-01-07T00:02:58: 非记录时间：2017-01-07T00:02:58+08:00
2017-01-07T00:03:08: 非记录时间：2017-01-07T00:03:08+08:00
2017-01-07T00:03:18: 非记录时间：2017-01-07T00:03:18+08:00
2017-01-07T00:03:28: 非记录时间：2017-01-07T00:03:28+08:00
2017-01-07T00:03:38: 非记录时间：2017-01-07T00:03:38+08:00
2017-01-07T00:03:48: 非记录时间：2017-01-07T00:03:48+08:00
2017-01-07T00:03:58: 非记录时间：2017-01-07T00:03:58+08:00
2017-01-07T00:04:08: 非记录时间：2017-01-07T00:04:08+08:00
2017-01-07T00:04:18: 非记录时间：2017-01-07T00:04:18+08:00
2017-01-07T00:04:28: 非记录时间：2017-01-07T00:04:28+08:00
2017-01-07T00:04:38: 非记录时间：2017-01-07T00:04:38+08:00
2017-01-07T00:04:48: 非记录时间：2017-01-07T00:04:48+08:00
2017-01-07T00:04:58: 非记录时间：2017-01-07T00:04:58+08:00
2017-01-07T00:05:08: 非记录时间：2017-01-07T00:05:08+08:00
2017-01-07T00:05:18: 非记录时间：2017-01-07T00:05:18+08:00
2017-01-07T00:05:28: 非记录时间：2017-01-07T00:05:28+08:00
2017-01-07T00:05:38: 非记录时间：2017-01-07T00:05:38+08:00
2017-01-07T00:05:48: 非记录时间：2017-01-07T00:05:48+08:00
2017-01-07T00:05:58: 非记录时间：2017-01-07T00:05:58+08:00
2017-01-07T00:06:08: 非记录时间：2017-01-07T00:06:08+08:00
2017-01-07T00:06:18: 非记录时间：2017-01-07T00:06:18+08:00
2017-01-07T00:06:28: 非记录时间：2017-01-07T00:06:28+08:00
2017-01-07T00:06:38: 非记录时间：2017-01-07T00:06:38+08:00
2017-01-07T00:06:48: 非记录时间：2017-01-07T00:06:48+08:00
2017-01-07T00:06:58: 非记录时间：2017-01-07T00:06:58+08:00
2017-01-07T00:07:08: 非记录时间：2017-01-07T00:07:08+08:00
2017-01-07T00:07:18: 非记录时间：2017-01-07T00:07:18+08:00
2017-01-07T00:07:28: 非记录时间：2017-01-07T00:07:28+08:00
2017-01-07T00:07:38: 非记录时间：2017-01-07T00:07:38+08:00
2017-01-07T00:07:48: 非记录时间：2017-01-07T00:07:48+08:00
2017-01-07T00:07:58: 非记录时间：2017-01-07T00:07:58+08:00
2017-01-07T00:08:08: 非记录时间：2017-01-07T00:08:08+08:00
2017-01-07T00:08:18: 非记录时间：2017-01-07T00:08:18+08:00
2017-01-07T00:08:28: 非记录时间：2017-01-07T00:08:28+08:00
2017-01-07T00:08:38: 非记录时间：2017-01-07T00:08:38+08:00
2017-01-07T00:08:48: 非记录时间：2017-01-07T00:08:48+08:00
2017-01-07T00:08:58: 非记录时间：2017-01-07T00:08:58+08:00
2017-01-07T00:09:08: 非记录时间：2017-01-07T00:09:08+08:00
2017-01-07T00:09:18: 非记录时间：2017-01-07T00:09:18+08:00
2017-01-07T00:09:28: 非记录时间：2017-01-07T00:09:28+08:00
2017-01-07T00:09:38: 非记录时间：2017-01-07T00:09:38+08:00
2017-01-07T00:09:48: 非记录时间：2017-01-07T00:09:48+08:00
2017-01-07T00:09:58: 非记录时间：2017-01-07T00:09:58+08:00
2017-01-07T00:10:08: 非记录时间：2017-01-07T00:10:08+08:00
2017-01-07T00:10:18: 非记录时间：2017-01-07T00:10:18+08:00
2017-01-07T00:10:28: 非记录时间：2017-01-07T00:10:28+08:00
2017-01-07T00:10:38: 非记录时间：2017-01-07T00:10:38+08:00
2017-01-07T00:10:48: 非记录时间：2017-01-07T00:10:48+08:00
2017-01-07T00:10:58: 非记录时间：2017-01-07T00:10:58+08:00
2017-01-07T00:11:08: 非记录时间：2017-01-07T00:11:08+08:00
2017-01-07T00:11:18: 非记录时间：2017-01-07T00:11:18+08:00
2017-01-07T00:11:28: 非记录时间：2017-01-07T00:11:28+08:00
2017-01-07T00:11:38: 非记录时间：2017-01-07T00:11:38+08:00
2017-01-07T00:11:48: 非记录时间：2017-01-07T00:11:48+08:00
2017-01-07T00:11:58: 非记录时间：2017-01-07T00:11:58+08:00
2017-01-07T00:12:08: 非记录时间：2017-01-07T00:12:08+08:00
2017-01-07T00:12:18: 非记录时间：2017-01-07T00:12:18+08:00
2017-01-07T00:12:28: 非记录时间：2017-01-07T00:12:28+08:00
2017-01-07T00:12:38: 非记录时间：2017-01-07T00:12:38+08:00
2017-01-07T00:12:48: 非记录时间：2017-01-07T00:12:48+08:00
2017-01-07T00:12:58: 非记录时间：2017-01-07T00:12:58+08:00
2017-01-07T00:13:08: 非记录时间：2017-01-07T00:13:08+08:00
2017-01-07T00:13:18: 非记录时间：2017-01-07T00:13:18+08:00
2017-01-07T00:13:28: 非记录时间：2017-01-07T00:13:28+08:00
2017-01-07T00:13:38: 非记录时间：2017-01-07T00:13:38+08:00
2017-01-07T00:13:48: 非记录时间：2017-01-07T00:13:48+08:00
2017-01-07T00:13:58: 非记录时间：2017-01-07T00:13:58+08:00
2017-01-07T00:14:08: 非记录时间：2017-01-07T00:14:08+08:00
2017-01-07T00:14:18: 非记录时间：2017-01-07T00:14:18+08:00
2017-01-07T00:14:28: 非记录时间：2017-01-07T00:14:28+08:00
2017-01-07T00:14:38: 非记录时间：2017-01-07T00:14:38+08:00
2017-01-07T00:14:48: 非记录时间：2017-01-07T00:14:48+08:00
2017-01-07T00:14:58: 非记录时间：2017-01-07T00:14:58+08:00
2017-01-07T00:15:08: 非记录时间：2017-01-07T00:15:08+08:00
2017-01-07T00:15:18: 非记录时间：2017-01-07T00:15:18+08:00
2017-01-07T00:15:28: 非记录时间：2017-01-07T00:15:28+08:00
2017-01-07T00:15:38: 非记录时间：2017-01-07T00:15:38+08:00
2017-01-07T00:15:48: 非记录时间：2017-01-07T00:15:48+08:00
2017-01-07T00:15:58: 非记录时间：2017-01-07T00:15:58+08:00
2017-01-07T00:16:08: 非记录时间：2017-01-07T00:16:08+08:00
2017-01-07T00:16:18: 非记录时间：2017-01-07T00:16:18+08:00
2017-01-07T00:16:28: 非记录时间：2017-01-07T00:16:28+08:00
2017-01-07T00:16:38: 非记录时间：2017-01-07T00:16:38+08:00
2017-01-07T00:16:48: 非记录时间：2017-01-07T00:16:48+08:00
2017-01-07T00:16:58: 非记录时间：2017-01-07T00:16:58+08:00
2017-01-07T00:17:08: 非记录时间：2017-01-07T00:17:08+08:00
2017-01-07T00:17:18: 非记录时间：2017-01-07T00:17:18+08:00
2017-01-07T00:17:28: 非记录时间：2017-01-07T00:17:28+08:00
2017-01-07T00:17:38: 非记录时间：2017-01-07T00:17:38+08:00
2017-01-07T00:17:48: 非记录时间：2017-01-07T00:17:48+08:00
2017-01-07T00:17:58: 非记录时间：2017-01-07T00:17:58+08:00
2017-01-07T00:18:08: 非记录时间：2017-01-07T00:18:08+08:00
2017-01-07T00:18:18: 非记录时间：2017-01-07T00:18:18+08:00
2017-01-07T00:18:28: 非记录时间：2017-01-07T00:18:28+08:00
2017-01-07T00:18:38: 非记录时间：2017-01-07T00:18:38+08:00
2017-01-07T00:18:48: 非记录时间：2017-01-07T00:18:48+08:00
2017-01-07T00:18:58: 非记录时间：2017-01-07T00:18:58+08:00
2017-01-07T00:19:08: 非记录时间：2017-01-07T00:19:08+08:00
2017-01-07T00:19:18: 非记录时间：2017-01-07T00:19:18+08:00
2017-01-07T00:19:28: 非记录时间：2017-01-07T00:19:28+08:00
2017-01-07T00:19:38: 非记录时间：2017-01-07T00:19:38+08:00
2017-01-07T00:19:48: 非记录时间：2017-01-07T00:19:48+08:00
2017-01-07T00:19:58: 非记录时间：2017-01-07T00:19:58+08:00
2017-01-07T00:20:08: 非记录时间：2017-01-07T00:20:08+08:00
2017-01-07T00:20:18: 非记录时间：2017-01-07T00:20:18+08:00
2017-01-07T00:20:28: 非记录时间：2017-01-07T00:20:28+08:00
2017-01-07T00:20:38: 非记录时间：2017-01-07T00:20:38+08:00
2017-01-07T00:20:48: 非记录时间：2017-01-07T00:20:48+08:00
2017-01-07T00:20:58: 非记录时间：2017-01-07T00:20:58+08:00
2017-01-07T00:21:08: 非记录时间：2017-01-07T00:21:08+08:00
2017-01-07T00:21:18: 非记录时间：2017-01-07T00:21:18+08:00
2017-01-07T00:21:28: 非记录时间：2017-01-07T00:21:28+08:00
2017-01-07T00:21:38: 非记录时间：2017-01-07T00:21:38+08:00
2017-01-07T00:21:48: 非记录时间：2017-01-07T00:21:48+08:00
2017-01-07T00:21:58: 非记录时间：2017-01-07T00:21:58+08:00
2017-01-07T00:22:08: 非记录时间：2017-01-07T00:22:08+08:00
2017-01-07T00:22:18: 非记录时间：2017-01-07T00:22:18+08:00
2017-01-07T00:22:28: 非记录时间：2017-01-07T00:22:28+08:00
2017-01-07T00:22:38: 非记录时间：2017-01-07T00:22:38+08:00
2017-01-07T00:22:48: 非记录时间：2017-01-07T00:22:48+08:00
2017-01-07T00:22:58: 非记录时间：2017-01-07T00:22:58+08:00
2017-01-07T00:23:08: 非记录时间：2017-01-07T00:23:08+08:00
2017-01-07T00:23:18: 非记录时间：2017-01-07T00:23:18+08:00
2017-01-07T00:23:28: 非记录时间：2017-01-07T00:23:28+08:00
2017-01-07T00:23:38: 非记录时间：2017-01-07T00:23:38+08:00
2017-01-07T00:23:48: 非记录时间：2017-01-07T00:23:48+08:00
2017-01-07T00:23:58: 非记录时间：2017-01-07T00:23:58+08:00
2017-01-07T00:24:08: 非记录时间：2017-01-07T00:24:08+08:00
2017-01-07T00:24:18: 非记录时间：2017-01-07T00:24:18+08:00
2017-01-07T00:24:28: 非记录时间：2017-01-07T00:24:28+08:00
2017-01-07T00:24:38: 非记录时间：2017-01-07T00:24:38+08:00
2017-01-07T00:24:48: 非记录时间：2017-01-07T00:24:48+08:00
2017-01-07T00:24:58: 非记录时间：2017-01-07T00:24:58+08:00
2017-01-07T00:25:08: 非记录时间：2017-01-07T00:25:08+08:00
2017-01-07T00:25:18: 非记录时间：2017-01-07T00:25:18+08:00
2017-01-07T00:25:28: 非记录时间：2017-01-07T00:25:28+08:00
2017-01-07T00:25:38: 非记录时间：2017-01-07T00:25:38+08:00
2017-01-07T00:25:48: 非记录时间：2017-01-07T00:25:48+08:00
2017-01-07T00:25:58: 非记录时间：2017-01-07T00:25:58+08:00
2017-01-07T00:26:08: 非记录时间：2017-01-07T00:26:08+08:00
2017-01-07T00:26:18: 非记录时间：2017-01-07T00:26:18+08:00
2017-01-07T00:26:28: 非记录时间：2017-01-07T00:26:28+08:00
2017-01-07T00:26:38: 非记录时间：2017-01-07T00:26:38+08:00
2017-01-07T00:26:48: 非记录时间：2017-01-07T00:26:48+08:00
2017-01-07T00:26:58: 非记录时间：2017-01-07T00:26:58+08:00
2017-01-07T00:27:08: 非记录时间：2017-01-07T00:27:08+08:00
2017-01-07T00:27:18: 非记录时间：2017-01-07T00:27:18+08:00
2017-01-07T00:27:28: 非记录时间：2017-01-07T00:27:28+08:00
2017-01-07T00:27:38: 非记录时间：2017-01-07T00:27:38+08:00
2017-01-07T00:27:48: 非记录时间：2017-01-07T00:27:48+08:00
2017-01-07T00:27:58: 非记录时间：2017-01-07T00:27:58+08:00
2017-01-07T00:28:08: 非记录时间：2017-01-07T00:28:08+08:00
2017-01-07T00:28:18: 非记录时间：2017-01-07T00:28:18+08:00
2017-01-07T00:28:28: 非记录时间：2017-01-07T00:28:28+08:00
2017-01-07T00:28:38: 非记录时间：2017-01-07T00:28:38+08:00
2017-01-07T00:28:48: 非记录时间：2017-01-07T00:28:48+08:00
2017-01-07T00:28:58: 非记录时间：2017-01-07T00:28:58+08:00
2017-01-07T00:29:08: 非记录时间：2017-01-07T00:29:08+08:00
2017-01-07T00:29:18: 非记录时间：2017-01-07T00:29:18+08:00
2017-01-07T00:29:28: 非记录时间：2017-01-07T00:29:28+08:00
2017-01-07T00:29:38: 非记录时间：2017-01-07T00:29:38+08:00
2017-01-07T00:29:48: 非记录时间：2017-01-07T00:29:48+08:00
2017-01-07T00:29:58: 非记录时间：2017-01-07T00:29:58+08:00
2017-01-07T00:30:08: 非记录时间：2017-01-07T00:30:08+08:00
2017-01-07T00:30:18: 非记录时间：2017-01-07T00:30:18+08:00
2017-01-07T00:30:28: 非记录时间：2017-01-07T00:30:28+08:00
2017-01-07T00:30:38: 非记录时间：2017-01-07T00:30:38+08:00
2017-01-07T00:30:48: 非记录时间：2017-01-07T00:30:48+08:00
2017-01-07T00:30:58: 非记录时间：2017-01-07T00:30:58+08:00
2017-01-07T00:31:09: 非记录时间：2017-01-07T00:31:08+08:00
2017-01-07T00:31:19: 非记录时间：2017-01-07T00:31:19+08:00
2017-01-07T00:31:29: 非记录时间：2017-01-07T00:31:29+08:00
2017-01-07T00:31:39: 非记录时间：2017-01-07T00:31:39+08:00
2017-01-07T00:31:49: 非记录时间：2017-01-07T00:31:49+08:00
2017-01-07T00:31:59: 非记录时间：2017-01-07T00:31:59+08:00
2017-01-07T00:32:09: 非记录时间：2017-01-07T00:32:09+08:00
2017-01-07T00:32:19: 非记录时间：2017-01-07T00:32:19+08:00
2017-01-07T00:32:29: 非记录时间：2017-01-07T00:32:29+08:00
2017-01-07T00:32:39: 非记录时间：2017-01-07T00:32:39+08:00
2017-01-07T00:32:49: 非记录时间：2017-01-07T00:32:49+08:00
2017-01-07T00:32:59: 非记录时间：2017-01-07T00:32:59+08:00
2017-01-07T00:33:09: 非记录时间：2017-01-07T00:33:09+08:00
2017-01-07T00:33:19: 非记录时间：2017-01-07T00:33:19+08:00
2017-01-07T00:33:29: 非记录时间：2017-01-07T00:33:29+08:00
2017-01-07T00:33:39: 非记录时间：2017-01-07T00:33:39+08:00
2017-01-07T00:33:49: 非记录时间：2017-01-07T00:33:49+08:00
2017-01-07T00:33:59: 非记录时间：2017-01-07T00:33:59+08:00
2017-01-07T00:34:09: 非记录时间：2017-01-07T00:34:09+08:00
2017-01-07T00:34:19: 非记录时间：2017-01-07T00:34:19+08:00
2017-01-07T00:34:29: 非记录时间：2017-01-07T00:34:29+08:00
2017-01-07T00:34:39: 非记录时间：2017-01-07T00:34:39+08:00
2017-01-07T00:34:49: 非记录时间：2017-01-07T00:34:49+08:00
2017-01-07T00:34:59: 非记录时间：2017-01-07T00:34:59+08:00
2017-01-07T00:35:09: 非记录时间：2017-01-07T00:35:09+08:00
2017-01-07T00:35:19: 非记录时间：2017-01-07T00:35:19+08:00
2017-01-07T00:35:29: 非记录时间：2017-01-07T00:35:29+08:00
2017-01-07T00:35:39: 非记录时间：2017-01-07T00:35:39+08:00
2017-01-07T00:35:49: 非记录时间：2017-01-07T00:35:49+08:00
2017-01-07T00:35:59: 非记录时间：2017-01-07T00:35:59+08:00
2017-01-07T00:36:09: 非记录时间：2017-01-07T00:36:09+08:00
2017-01-07T00:36:19: 非记录时间：2017-01-07T00:36:19+08:00
2017-01-07T00:36:29: 非记录时间：2017-01-07T00:36:29+08:00
2017-01-07T00:36:39: 非记录时间：2017-01-07T00:36:39+08:00
2017-01-07T00:36:49: 非记录时间：2017-01-07T00:36:49+08:00
2017-01-07T00:36:59: 非记录时间：2017-01-07T00:36:59+08:00
2017-01-07T00:37:09: 非记录时间：2017-01-07T00:37:09+08:00
2017-01-07T00:37:19: 非记录时间：2017-01-07T00:37:19+08:00
2017-01-07T00:37:29: 非记录时间：2017-01-07T00:37:29+08:00
2017-01-07T00:37:39: 非记录时间：2017-01-07T00:37:39+08:00
2017-01-07T00:37:49: 非记录时间：2017-01-07T00:37:49+08:00
2017-01-07T00:37:59: 非记录时间：2017-01-07T00:37:59+08:00
2017-01-07T00:38:09: 非记录时间：2017-01-07T00:38:09+08:00
2017-01-07T00:38:19: 非记录时间：2017-01-07T00:38:19+08:00
2017-01-07T00:38:29: 非记录时间：2017-01-07T00:38:29+08:00
2017-01-07T00:38:39: 非记录时间：2017-01-07T00:38:39+08:00
2017-01-07T00:38:49: 非记录时间：2017-01-07T00:38:49+08:00
2017-01-07T00:38:59: 非记录时间：2017-01-07T00:38:59+08:00
2017-01-07T00:39:09: 非记录时间：2017-01-07T00:39:09+08:00
2017-01-07T00:39:19: 非记录时间：2017-01-07T00:39:19+08:00
2017-01-07T00:39:29: 非记录时间：2017-01-07T00:39:29+08:00
2017-01-07T00:39:39: 非记录时间：2017-01-07T00:39:39+08:00
2017-01-07T00:39:49: 非记录时间：2017-01-07T00:39:49+08:00
2017-01-07T00:39:59: 非记录时间：2017-01-07T00:39:59+08:00
2017-01-07T00:40:09: 非记录时间：2017-01-07T00:40:09+08:00
2017-01-07T00:40:19: 非记录时间：2017-01-07T00:40:19+08:00
2017-01-07T00:40:29: 非记录时间：2017-01-07T00:40:29+08:00
2017-01-07T00:40:39: 非记录时间：2017-01-07T00:40:39+08:00
2017-01-07T00:40:49: 非记录时间：2017-01-07T00:40:49+08:00
2017-01-07T00:40:59: 非记录时间：2017-01-07T00:40:59+08:00
2017-01-07T00:41:09: 非记录时间：2017-01-07T00:41:09+08:00
2017-01-07T00:41:19: 非记录时间：2017-01-07T00:41:19+08:00
2017-01-07T00:41:29: 非记录时间：2017-01-07T00:41:29+08:00
2017-01-07T00:41:39: 非记录时间：2017-01-07T00:41:39+08:00
2017-01-07T00:41:49: 非记录时间：2017-01-07T00:41:49+08:00
2017-01-07T00:41:59: 非记录时间：2017-01-07T00:41:59+08:00
2017-01-07T00:42:09: 非记录时间：2017-01-07T00:42:09+08:00
2017-01-07T00:42:19: 非记录时间：2017-01-07T00:42:19+08:00
2017-01-07T00:42:29: 非记录时间：2017-01-07T00:42:29+08:00
2017-01-07T00:42:39: 非记录时间：2017-01-07T00:42:39+08:00
2017-01-07T00:42:49: 非记录时间：2017-01-07T00:42:49+08:00
2017-01-07T00:42:59: 非记录时间：2017-01-07T00:42:59+08:00
2017-01-07T00:43:09: 非记录时间：2017-01-07T00:43:09+08:00
2017-01-07T00:43:19: 非记录时间：2017-01-07T00:43:19+08:00
2017-01-07T00:43:29: 非记录时间：2017-01-07T00:43:29+08:00
2017-01-07T00:43:39: 非记录时间：2017-01-07T00:43:39+08:00
2017-01-07T00:43:49: 非记录时间：2017-01-07T00:43:49+08:00
2017-01-07T00:43:59: 非记录时间：2017-01-07T00:43:59+08:00
2017-01-07T00:44:09: 非记录时间：2017-01-07T00:44:09+08:00
2017-01-07T00:44:19: 非记录时间：2017-01-07T00:44:19+08:00
2017-01-07T00:44:29: 非记录时间：2017-01-07T00:44:29+08:00
2017-01-07T00:44:39: 非记录时间：2017-01-07T00:44:39+08:00
2017-01-07T00:44:49: 非记录时间：2017-01-07T00:44:49+08:00
2017-01-07T00:44:59: 非记录时间：2017-01-07T00:44:59+08:00
2017-01-07T00:45:09: 非记录时间：2017-01-07T00:45:09+08:00
2017-01-07T00:45:19: 非记录时间：2017-01-07T00:45:19+08:00
2017-01-07T00:45:29: 非记录时间：2017-01-07T00:45:29+08:00
2017-01-07T00:45:39: 非记录时间：2017-01-07T00:45:39+08:00
2017-01-07T00:45:49: 非记录时间：2017-01-07T00:45:49+08:00
2017-01-07T00:45:59: 非记录时间：2017-01-07T00:45:59+08:00
2017-01-07T00:46:09: 非记录时间：2017-01-07T00:46:09+08:00
2017-01-07T00:46:19: 非记录时间：2017-01-07T00:46:19+08:00
2017-01-07T00:46:29: 非记录时间：2017-01-07T00:46:29+08:00
2017-01-07T00:46:39: 非记录时间：2017-01-07T00:46:39+08:00
2017-01-07T00:46:49: 非记录时间：2017-01-07T00:46:49+08:00
2017-01-07T00:46:59: 非记录时间：2017-01-07T00:46:59+08:00
2017-01-07T00:47:09: 非记录时间：2017-01-07T00:47:09+08:00
2017-01-07T00:47:19: 非记录时间：2017-01-07T00:47:19+08:00
2017-01-07T00:47:29: 非记录时间：2017-01-07T00:47:29+08:00
2017-01-07T00:47:39: 非记录时间：2017-01-07T00:47:39+08:00
2017-01-07T00:47:49: 非记录时间：2017-01-07T00:47:49+08:00
2017-01-07T00:47:59: 非记录时间：2017-01-07T00:47:59+08:00
2017-01-07T00:48:09: 非记录时间：2017-01-07T00:48:09+08:00
2017-01-07T00:48:19: 非记录时间：2017-01-07T00:48:19+08:00
2017-01-07T00:48:29: 非记录时间：2017-01-07T00:48:29+08:00
2017-01-07T00:48:39: 非记录时间：2017-01-07T00:48:39+08:00
2017-01-07T00:48:49: 非记录时间：2017-01-07T00:48:49+08:00
2017-01-07T00:48:59: 非记录时间：2017-01-07T00:48:59+08:00
2017-01-07T00:49:09: 非记录时间：2017-01-07T00:49:09+08:00
2017-01-07T00:49:19: 非记录时间：2017-01-07T00:49:19+08:00
2017-01-07T00:49:29: 非记录时间：2017-01-07T00:49:29+08:00
2017-01-07T00:49:39: 非记录时间：2017-01-07T00:49:39+08:00
2017-01-07T00:49:49: 非记录时间：2017-01-07T00:49:49+08:00
2017-01-07T00:49:59: 非记录时间：2017-01-07T00:49:59+08:00
2017-01-07T00:50:09: 非记录时间：2017-01-07T00:50:09+08:00
2017-01-07T00:50:19: 非记录时间：2017-01-07T00:50:19+08:00
2017-01-07T00:50:29: 非记录时间：2017-01-07T00:50:29+08:00
2017-01-07T00:50:39: 非记录时间：2017-01-07T00:50:39+08:00
2017-01-07T00:50:49: 非记录时间：2017-01-07T00:50:49+08:00
2017-01-07T00:50:59: 非记录时间：2017-01-07T00:50:59+08:00
2017-01-07T00:51:09: 非记录时间：2017-01-07T00:51:09+08:00
2017-01-07T00:51:19: 非记录时间：2017-01-07T00:51:19+08:00
2017-01-07T00:51:29: 非记录时间：2017-01-07T00:51:29+08:00
2017-01-07T00:51:39: 非记录时间：2017-01-07T00:51:39+08:00
2017-01-07T00:51:49: 非记录时间：2017-01-07T00:51:49+08:00
2017-01-07T00:51:59: 非记录时间：2017-01-07T00:51:59+08:00
2017-01-07T00:52:09: 非记录时间：2017-01-07T00:52:09+08:00
2017-01-07T00:52:19: 非记录时间：2017-01-07T00:52:19+08:00
2017-01-07T00:52:29: 非记录时间：2017-01-07T00:52:29+08:00
2017-01-07T00:52:39: 非记录时间：2017-01-07T00:52:39+08:00
2017-01-07T00:52:49: 非记录时间：2017-01-07T00:52:49+08:00
2017-01-07T00:52:59: 非记录时间：2017-01-07T00:52:59+08:00
2017-01-07T00:53:09: 非记录时间：2017-01-07T00:53:09+08:00
2017-01-07T00:53:19: 非记录时间：2017-01-07T00:53:19+08:00
2017-01-07T00:53:29: 非记录时间：2017-01-07T00:53:29+08:00
2017-01-07T00:53:39: 非记录时间：2017-01-07T00:53:39+08:00
2017-01-07T00:53:49: 非记录时间：2017-01-07T00:53:49+08:00
2017-01-07T00:53:59: 非记录时间：2017-01-07T00:53:59+08:00
2017-01-07T00:54:09: 非记录时间：2017-01-07T00:54:09+08:00
2017-01-07T00:54:19: 非记录时间：2017-01-07T00:54:19+08:00
2017-01-07T00:54:29: 非记录时间：2017-01-07T00:54:29+08:00
2017-01-07T00:54:39: 非记录时间：2017-01-07T00:54:39+08:00
2017-01-07T00:54:49: 非记录时间：2017-01-07T00:54:49+08:00
2017-01-07T00:54:59: 非记录时间：2017-01-07T00:54:59+08:00
2017-01-07T00:55:09: 非记录时间：2017-01-07T00:55:09+08:00
2017-01-07T00:55:19: 非记录时间：2017-01-07T00:55:19+08:00
2017-01-07T00:55:29: 非记录时间：2017-01-07T00:55:29+08:00
2017-01-07T00:55:39: 非记录时间：2017-01-07T00:55:39+08:00
2017-01-07T00:55:49: 非记录时间：2017-01-07T00:55:49+08:00
2017-01-07T00:55:59: 非记录时间：2017-01-07T00:55:59+08:00
2017-01-07T00:56:09: 非记录时间：2017-01-07T00:56:09+08:00
2017-01-07T00:56:19: 非记录时间：2017-01-07T00:56:19+08:00
2017-01-07T00:56:29: 非记录时间：2017-01-07T00:56:29+08:00
2017-01-07T00:56:39: 非记录时间：2017-01-07T00:56:39+08:00
2017-01-07T00:56:49: 非记录时间：2017-01-07T00:56:49+08:00
2017-01-07T00:56:59: 非记录时间：2017-01-07T00:56:59+08:00
2017-01-07T00:57:09: 非记录时间：2017-01-07T00:57:09+08:00
2017-01-07T00:57:19: 非记录时间：2017-01-07T00:57:19+08:00
2017-01-07T00:57:29: 非记录时间：2017-01-07T00:57:29+08:00
2017-01-07T00:57:39: 非记录时间：2017-01-07T00:57:39+08:00
2017-01-07T00:57:49: 非记录时间：2017-01-07T00:57:49+08:00
2017-01-07T00:57:59: 非记录时间：2017-01-07T00:57:59+08:00
2017-01-07T00:58:09: 非记录时间：2017-01-07T00:58:09+08:00
2017-01-07T00:58:19: 非记录时间：2017-01-07T00:58:19+08:00
2017-01-07T00:58:29: 非记录时间：2017-01-07T00:58:29+08:00
2017-01-07T00:58:39: 非记录时间：2017-01-07T00:58:39+08:00
2017-01-07T00:58:49: 非记录时间：2017-01-07T00:58:49+08:00
2017-01-07T00:58:59: 非记录时间：2017-01-07T00:58:59+08:00
2017-01-07T00:59:09: 非记录时间：2017-01-07T00:59:09+08:00
2017-01-07T00:59:19: 非记录时间：2017-01-07T00:59:19+08:00
2017-01-07T00:59:29: 非记录时间：2017-01-07T00:59:29+08:00
2017-01-07T00:59:39: 非记录时间：2017-01-07T00:59:39+08:00
2017-01-07T00:59:49: 非记录时间：2017-01-07T00:59:49+08:00
2017-01-07T00:59:59: 非记录时间：2017-01-07T00:59:59+08:00
2017-01-07T01:00:09: 非记录时间：2017-01-07T01:00:09+08:00
2017-01-07T01:00:19: 非记录时间：2017-01-07T01:00:19+08:00
2017-01-07T01:00:29: 非记录时间：2017-01-07T01:00:29+08:00
2017-01-07T01:00:39: 非记录时间：2017-01-07T01:00:39+08:00
2017-01-07T01:00:49: 非记录时间：2017-01-07T01:00:49+08:00
2017-01-07T01:00:59: 非记录时间：2017-01-07T01:00:59+08:00
2017-01-07T01:01:09: 非记录时间：2017-01-07T01:01:09+08:00
2017-01-07T01:01:19: 非记录时间：2017-01-07T01:01:19+08:00
2017-01-07T01:01:29: 非记录时间：2017-01-07T01:01:29+08:00
2017-01-07T01:01:39: 非记录时间：2017-01-07T01:01:39+08:00
2017-01-07T01:01:49: 非记录时间：2017-01-07T01:01:49+08:00
2017-01-07T01:01:59: 非记录时间：2017-01-07T01:01:59+08:00
2017-01-07T01:02:09: 非记录时间：2017-01-07T01:02:09+08:00
2017-01-07T01:02:19: 非记录时间：2017-01-07T01:02:19+08:00
2017-01-07T01:02:29: 非记录时间：2017-01-07T01:02:29+08:00
2017-01-07T01:02:39: 非记录时间：2017-01-07T01:02:39+08:00
2017-01-07T01:02:49: 非记录时间：2017-01-07T01:02:49+08:00
2017-01-07T01:02:59: 非记录时间：2017-01-07T01:02:59+08:00
2017-01-07T01:03:09: 非记录时间：2017-01-07T01:03:09+08:00
2017-01-07T01:03:19: 非记录时间：2017-01-07T01:03:19+08:00
2017-01-07T01:03:29: 非记录时间：2017-01-07T01:03:29+08:00
2017-01-07T01:03:39: 非记录时间：2017-01-07T01:03:39+08:00
2017-01-07T01:03:49: 非记录时间：2017-01-07T01:03:49+08:00
2017-01-07T01:03:59: 非记录时间：2017-01-07T01:03:59+08:00
2017-01-07T01:04:09: 非记录时间：2017-01-07T01:04:09+08:00
2017-01-07T01:04:19: 非记录时间：2017-01-07T01:04:19+08:00
2017-01-07T01:04:29: 非记录时间：2017-01-07T01:04:29+08:00
2017-01-07T01:04:39: 非记录时间：2017-01-07T01:04:39+08:00
2017-01-07T01:04:49: 非记录时间：2017-01-07T01:04:49+08:00
2017-01-07T01:04:59: 非记录时间：2017-01-07T01:04:59+08:00
2017-01-07T01:05:09: 非记录时间：2017-01-07T01:05:09+08:00
2017-01-07T01:05:19: 非记录时间：2017-01-07T01:05:19+08:00
2017-01-07T01:05:29: 非记录时间：2017-01-07T01:05:29+08:00
2017-01-07T01:05:39: 非记录时间：2017-01-07T01:05:39+08:00
2017-01-07T01:05:49: 非记录时间：2017-01-07T01:05:49+08:00
2017-01-07T01:05:59: 非记录时间：2017-01-07T01:05:59+08:00
2017-01-07T01:06:09: 非记录时间：2017-01-07T01:06:09+08:00
2017-01-07T01:06:19: 非记录时间：2017-01-07T01:06:19+08:00
2017-01-07T01:06:29: 非记录时间：2017-01-07T01:06:29+08:00
2017-01-07T01:06:39: 非记录时间：2017-01-07T01:06:39+08:00
2017-01-07T01:06:49: 非记录时间：2017-01-07T01:06:49+08:00
2017-01-07T01:06:59: 非记录时间：2017-01-07T01:06:59+08:00
2017-01-07T01:07:09: 非记录时间：2017-01-07T01:07:09+08:00
2017-01-07T01:07:19: 非记录时间：2017-01-07T01:07:19+08:00
2017-01-07T01:07:29: 非记录时间：2017-01-07T01:07:29+08:00
2017-01-07T01:07:39: 非记录时间：2017-01-07T01:07:39+08:00
2017-01-07T01:07:49: 非记录时间：2017-01-07T01:07:49+08:00
2017-01-07T01:07:59: 非记录时间：2017-01-07T01:07:59+08:00
2017-01-07T01:08:09: 非记录时间：2017-01-07T01:08:09+08:00
2017-01-07T01:08:19: 非记录时间：2017-01-07T01:08:19+08:00
2017-01-07T01:08:29: 非记录时间：2017-01-07T01:08:29+08:00
2017-01-07T01:08:39: 非记录时间：2017-01-07T01:08:39+08:00
2017-01-07T01:08:49: 非记录时间：2017-01-07T01:08:49+08:00
2017-01-07T01:08:59: 非记录时间：2017-01-07T01:08:59+08:00
2017-01-07T01:09:09: 非记录时间：2017-01-07T01:09:09+08:00
2017-01-07T01:09:19: 非记录时间：2017-01-07T01:09:19+08:00
2017-01-07T01:09:29: 非记录时间：2017-01-07T01:09:29+08:00
2017-01-07T01:09:39: 非记录时间：2017-01-07T01:09:39+08:00
2017-01-07T01:09:49: 非记录时间：2017-01-07T01:09:49+08:00
2017-01-07T01:09:59: 非记录时间：2017-01-07T01:09:59+08:00
2017-01-07T01:10:09: 非记录时间：2017-01-07T01:10:09+08:00
2017-01-07T01:10:19: 非记录时间：2017-01-07T01:10:19+08:00
2017-01-07T01:10:29: 非记录时间：2017-01-07T01:10:29+08:00
2017-01-07T01:10:39: 非记录时间：2017-01-07T01:10:39+08:00
2017-01-07T01:10:49: 非记录时间：2017-01-07T01:10:49+08:00
2017-01-07T01:10:59: 非记录时间：2017-01-07T01:10:59+08:00
2017-01-07T01:11:10: 读取文件失败，可能是该文件不存在
2017-01-07T01:11:10: Error: ENOENT: no such file or directory, open './data/2017-01-07.json'
2017-01-07T01:11:20: 读取文件成功
2017-01-07T01:11:30: 读取文件成功
2017-01-07T01:11:40: 读取文件成功
2017-01-07T01:12:02: 读取文件成功
2017-01-07T01:12:02: 读取文件成功
2017-01-07T01:12:15: 读取文件成功
2017-01-07T01:12:20: 读取文件成功
2017-01-07T01:12:30: 读取文件成功
2017-01-07T01:12:40: 读取文件成功
2017-01-07T01:12:50: 读取文件成功
2017-01-07T01:13:00: 读取文件成功
2017-01-07T01:13:10: 读取文件成功
2017-01-07T01:13:20: 读取文件成功
2017-01-07T01:13:30: 读取文件成功
2017-01-07T01:13:40: 读取文件成功
2017-01-07T01:13:50: 读取文件成功
2017-01-07T01:14:00: 读取文件成功
2017-01-07T01:14:10: 读取文件成功
2017-01-07T01:14:20: 读取文件成功
2017-01-07T01:14:30: 读取文件成功
2017-01-07T01:14:40: 读取文件成功
2017-01-07T01:14:50: 读取文件成功
2017-01-07T01:15:00: 读取文件成功
2017-01-07T01:15:10: 读取文件成功
2017-01-07T01:15:20: 读取文件成功
2017-01-07T01:15:30: 读取文件成功
2017-01-07T01:15:40: 读取文件成功
2017-01-07T01:15:50: 读取文件成功
2017-01-07T01:16:00: 读取文件成功
2017-01-07T01:16:10: 读取文件成功
2017-01-07T01:16:20: 读取文件成功
2017-01-07T01:16:30: 读取文件成功
2017-01-07T01:16:40: 读取文件成功
2017-01-07T01:16:50: 读取文件成功
2017-01-07T01:17:00: 读取文件成功
2017-01-07T01:17:10: 读取文件成功
2017-01-07T01:17:20: 读取文件成功
2017-01-07T01:17:30: 读取文件成功
2017-01-07T01:17:40: 读取文件成功
2017-01-07T01:17:50: 读取文件成功
2017-01-07T01:18:00: 读取文件成功
2017-01-07T01:18:10: 读取文件成功
2017-01-07T01:18:20: 读取文件成功
2017-01-07T01:18:30: 读取文件成功
2017-01-07T01:18:40: 读取文件成功
2017-01-07T01:18:50: 读取文件成功
2017-01-07T01:19:00: 读取文件成功
2017-01-07T01:19:10: 读取文件成功
2017-01-07T01:19:20: 读取文件成功
2017-01-07T01:19:30: 读取文件成功
2017-01-07T01:19:40: 读取文件成功
2017-01-07T01:19:50: 读取文件成功
2017-01-07T01:20:00: 读取文件成功
2017-01-07T01:20:10: 读取文件成功
2017-01-07T01:20:20: 读取文件成功
2017-01-07T01:20:30: 读取文件成功
2017-01-07T01:20:40: 读取文件成功
2017-01-07T01:20:50: 读取文件成功
2017-01-07T01:21:00: 读取文件成功
2017-01-07T01:21:10: 读取文件成功
2017-01-07T01:21:20: 读取文件成功
2017-01-07T01:21:30: 读取文件成功
2017-01-07T01:21:40: 读取文件成功
2017-01-07T01:21:50: 读取文件成功
2017-01-07T01:22:00: 读取文件成功
2017-01-07T01:22:10: 读取文件成功
2017-01-07T01:22:20: 读取文件成功
2017-01-07T01:22:30: 读取文件成功
2017-01-07T01:22:40: 读取文件成功
2017-01-07T01:22:50: 读取文件成功
2017-01-07T01:23:00: 读取文件成功
2017-01-07T01:23:10: 读取文件成功
2017-01-07T01:23:20: 读取文件成功
2017-01-07T01:23:30: 读取文件成功
2017-01-07T01:23:40: 读取文件成功
2017-01-07T01:23:50: 读取文件成功
2017-01-07T01:24:00: 读取文件成功
2017-01-07T01:24:10: 读取文件成功
2017-01-07T01:24:20: 读取文件成功
2017-01-07T01:24:30: 读取文件成功
2017-01-07T01:24:40: 读取文件成功
2017-01-07T01:24:50: 读取文件成功
2017-01-07T01:25:00: 读取文件成功
2017-01-07T01:25:10: 读取文件成功
2017-01-07T01:25:20: 读取文件成功
2017-01-07T01:25:30: 读取文件成功
2017-01-07T01:25:40: 读取文件成功
2017-01-07T01:25:50: 读取文件成功
2017-01-07T01:26:00: 读取文件成功
2017-01-07T01:26:10: 读取文件成功
2017-01-07T01:26:20: 读取文件成功
2017-01-07T01:26:30: 读取文件成功
2017-01-07T01:26:41: 读取文件成功
2017-01-07T01:26:50: 读取文件成功
2017-01-07T01:27:00: 读取文件成功
2017-01-07T01:27:10: 读取文件成功
2017-01-07T01:27:20: 读取文件成功
2017-01-07T01:27:30: 读取文件成功
2017-01-07T01:27:40: 读取文件成功
2017-01-07T01:27:50: 读取文件成功
2017-01-07T01:28:00: 读取文件成功
2017-01-07T01:28:10: 读取文件成功
2017-01-07T01:28:20: 读取文件成功
2017-01-07T01:28:30: 读取文件成功
2017-01-07T01:28:40: 读取文件成功
2017-01-07T01:28:50: 读取文件成功
2017-01-07T01:29:01: 读取文件成功
2017-01-07T01:29:11: 读取文件成功
2017-01-07T01:29:21: 读取文件成功
2017-01-07T01:29:31: 读取文件成功
2017-01-07T01:29:41: 读取文件成功
2017-01-07T01:29:51: 读取文件成功
2017-01-07T01:30:01: 读取文件成功
2017-01-07T01:30:11: 读取文件成功
2017-01-07T01:30:21: 读取文件成功
2017-01-07T01:30:31: 读取文件成功
2017-01-07T01:30:41: 读取文件成功
2017-01-07T01:30:51: 读取文件成功
2017-01-07T01:31:01: 读取文件成功
2017-01-07T01:31:11: 读取文件成功
2017-01-07T01:31:21: 读取文件成功
2017-01-07T01:31:31: 读取文件成功
2017-01-07T01:31:41: 读取文件成功
2017-01-07T01:31:51: 读取文件成功
2017-01-07T01:32:01: 读取文件成功
2017-01-07T01:32:11: 读取文件成功
2017-01-07T01:32:21: 读取文件成功
2017-01-07T01:32:31: 读取文件成功
2017-01-07T01:32:41: 读取文件成功
2017-01-07T01:32:51: 读取文件成功
2017-01-07T01:33:01: 读取文件成功
2017-01-07T01:33:11: 读取文件成功
2017-01-07T01:33:21: 读取文件成功
2017-01-07T01:33:31: 读取文件成功
2017-01-07T01:33:41: 读取文件成功
2017-01-07T01:33:51: 读取文件成功
2017-01-07T01:34:01: 读取文件成功
2017-01-07T01:34:11: 读取文件成功
2017-01-07T01:34:21: 读取文件成功
2017-01-07T01:34:31: 读取文件成功
2017-01-07T01:34:41: 读取文件成功
2017-01-07T01:34:51: 读取文件成功
2017-01-07T01:35:01: 读取文件成功
2017-01-07T01:35:11: 读取文件成功
2017-01-07T01:35:21: 读取文件成功
2017-01-07T01:35:31: 读取文件成功
2017-01-07T01:35:41: 读取文件成功
2017-01-07T01:35:51: 读取文件成功
2017-01-07T01:36:01: 读取文件成功
2017-01-07T01:36:11: 读取文件成功
2017-01-07T01:36:21: 读取文件成功
2017-01-07T01:36:31: 读取文件成功
2017-01-07T01:36:41: 读取文件成功
2017-01-07T01:36:51: 读取文件成功
2017-01-07T01:37:01: 读取文件成功
2017-01-07T01:37:11: 读取文件成功
2017-01-07T01:37:21: 读取文件成功
2017-01-07T01:37:31: 读取文件成功
2017-01-07T01:37:41: 读取文件成功
2017-01-07T01:37:51: 读取文件成功
2017-01-07T01:38:01: 读取文件成功
2017-01-07T01:38:11: 读取文件成功
2017-01-07T01:38:21: 读取文件成功
2017-01-07T01:38:31: 读取文件成功
2017-01-07T01:38:41: 读取文件成功
2017-01-07T01:38:51: 读取文件成功
2017-01-07T01:39:01: 读取文件成功
2017-01-07T01:39:11: 读取文件成功
2017-01-07T01:39:21: 读取文件成功
2017-01-07T01:39:31: 读取文件成功
2017-01-07T01:39:41: 读取文件成功
2017-01-07T01:39:51: 读取文件成功
2017-01-07T01:40:01: 读取文件成功
2017-01-07T01:40:11: 读取文件成功
2017-01-07T01:40:21: 读取文件成功
2017-01-07T01:40:31: 读取文件成功
2017-01-07T01:40:41: 读取文件成功
2017-01-07T01:40:51: 读取文件成功
2017-01-07T01:41:01: 读取文件成功
2017-01-07T01:41:11: 读取文件成功
2017-01-07T01:41:21: 读取文件成功
2017-01-07T01:41:31: 读取文件成功
2017-01-07T01:41:41: 读取文件成功
2017-01-07T01:41:51: 读取文件成功
2017-01-07T01:42:01: 读取文件成功
2017-01-07T01:42:11: 读取文件成功
2017-01-07T01:42:21: 读取文件成功
2017-01-07T01:42:31: 读取文件成功
2017-01-07T01:42:41: 读取文件成功
2017-01-07T01:42:51: 读取文件成功
2017-01-07T01:43:01: 读取文件成功
2017-01-07T01:43:11: 读取文件成功
2017-01-07T01:43:21: 读取文件成功
2017-01-07T01:43:31: 读取文件成功
2017-01-07T01:43:41: 读取文件成功
2017-01-07T01:43:51: 读取文件成功
2017-01-07T01:44:01: 读取文件成功
2017-01-07T01:44:11: 读取文件成功
2017-01-07T01:44:21: 读取文件成功
2017-01-07T01:44:31: 读取文件成功
2017-01-07T01:44:41: 读取文件成功
2017-01-07T01:44:51: 读取文件成功
2017-01-07T01:45:01: 读取文件成功
2017-01-07T01:45:11: 读取文件成功
2017-01-07T01:45:21: 读取文件成功
2017-01-07T01:45:31: 读取文件成功
2017-01-07T01:45:41: 读取文件成功
2017-01-07T01:45:52: 读取文件成功
2017-01-07T01:46:01: 读取文件成功
2017-01-07T01:46:12: 读取文件成功
2017-01-07T01:46:22: 读取文件成功
2017-01-07T01:46:32: 读取文件成功
2017-01-07T01:46:42: 读取文件成功
2017-01-07T01:46:52: 读取文件成功
2017-01-07T01:47:02: 读取文件成功
2017-01-07T01:47:12: 读取文件成功
2017-01-07T01:47:23: 读取文件成功
2017-01-07T01:47:32: 读取文件成功
2017-01-07T01:47:42: 读取文件成功
2017-01-07T01:47:52: 读取文件成功
2017-01-07T01:48:02: 读取文件成功
2017-01-07T01:48:12: 读取文件成功
2017-01-07T01:48:22: 读取文件成功
2017-01-07T01:48:32: 读取文件成功
2017-01-07T01:48:42: 读取文件成功
2017-01-07T01:48:52: 读取文件成功
2017-01-07T01:49:02: 读取文件成功
2017-01-07T01:49:12: 读取文件成功
2017-01-07T01:49:22: 读取文件成功
2017-01-07T01:49:32: 读取文件成功
2017-01-07T01:49:42: 读取文件成功
2017-01-07T01:49:52: 读取文件成功
2017-01-07T01:50:02: 读取文件成功
2017-01-07T01:50:12: 读取文件成功
2017-01-07T01:50:22: 读取文件成功
2017-01-07T01:50:32: 读取文件成功
2017-01-07T01:50:42: 读取文件成功
2017-01-07T01:50:52: 读取文件成功
2017-01-07T01:51:02: 读取文件成功
2017-01-07T01:51:12: 读取文件成功
2017-01-07T01:51:22: 读取文件成功
2017-01-07T01:51:32: 读取文件成功
2017-01-07T01:51:42: 读取文件成功
2017-01-07T01:51:52: 读取文件成功
2017-01-07T01:52:02: 读取文件成功
2017-01-07T01:52:12: 读取文件成功
2017-01-07T01:52:22: 读取文件成功
2017-01-07T01:52:32: 读取文件成功
2017-01-07T01:52:42: 读取文件成功
2017-01-07T01:52:52: 读取文件成功
2017-01-07T01:53:02: 读取文件成功
2017-01-07T01:53:12: 读取文件成功
2017-01-07T01:53:22: 读取文件成功
2017-01-07T01:53:32: 读取文件成功
2017-01-07T01:53:42: 读取文件成功
2017-01-07T01:53:52: 读取文件成功
2017-01-07T01:54:02: 读取文件成功
2017-01-07T01:54:12: 读取文件成功
2017-01-07T01:54:22: 读取文件成功
2017-01-07T01:54:32: 读取文件成功
2017-01-07T01:54:42: 读取文件成功
2017-01-07T01:54:52: 读取文件成功
2017-01-07T01:55:02: 读取文件成功
2017-01-07T01:55:12: 读取文件成功
2017-01-07T01:55:22: 读取文件成功
2017-01-07T01:55:32: 读取文件成功
2017-01-07T01:55:42: 读取文件成功
2017-01-07T01:55:52: 读取文件成功
2017-01-07T01:56:02: 读取文件成功
2017-01-07T01:56:12: 读取文件成功
2017-01-07T01:56:22: 读取文件成功
2017-01-07T01:56:32: 读取文件成功
2017-01-07T01:56:42: 读取文件成功
2017-01-07T01:56:52: 读取文件成功
2017-01-07T01:57:02: 读取文件成功
2017-01-07T01:57:12: 读取文件成功
2017-01-07T01:57:22: 读取文件成功
2017-01-07T01:57:32: 读取文件成功
2017-01-07T01:57:42: 读取文件成功
2017-01-07T01:57:52: 读取文件成功
2017-01-07T01:58:02: 读取文件成功
2017-01-07T01:58:12: 读取文件成功
2017-01-07T01:58:22: 读取文件成功
2017-01-07T01:58:32: 读取文件成功
2017-01-07T01:58:42: 读取文件成功
2017-01-07T01:58:52: 读取文件成功
2017-01-07T01:59:02: 读取文件成功
2017-01-07T01:59:12: 读取文件成功
2017-01-07T01:59:22: 读取文件成功
2017-01-07T01:59:32: 读取文件成功
2017-01-07T01:59:42: 读取文件成功
2017-01-07T01:59:52: 读取文件成功
2017-01-07T02:00:02: 读取文件成功
2017-01-07T02:00:12: 读取文件成功
2017-01-07T02:00:22: 读取文件成功
2017-01-07T02:00:32: 读取文件成功
2017-01-07T02:00:42: 读取文件成功
2017-01-07T02:00:52: 读取文件成功
2017-01-07T02:01:02: 读取文件成功
2017-01-07T02:01:12: 读取文件成功
2017-01-07T02:01:22: 读取文件成功
2017-01-07T02:01:32: 读取文件成功
2017-01-07T02:01:42: 读取文件成功
2017-01-07T02:01:52: 读取文件成功
2017-01-07T02:02:02: 读取文件成功
2017-01-07T02:02:12: 读取文件成功
2017-01-07T02:02:22: 读取文件成功
2017-01-07T02:02:32: 读取文件成功
2017-01-07T02:02:42: 读取文件成功
2017-01-07T02:02:53: 读取文件成功
2017-01-07T02:03:02: 读取文件成功
2017-01-07T02:03:12: 读取文件成功
2017-01-07T02:03:22: 读取文件成功
2017-01-07T02:03:32: 读取文件成功
2017-01-07T02:03:42: 读取文件成功
2017-01-07T02:03:52: 读取文件成功
2017-01-07T02:04:02: 读取文件成功
2017-01-07T02:04:13: 读取文件成功
2017-01-07T02:04:22: 读取文件成功
2017-01-07T02:04:33: 读取文件成功
2017-01-07T02:04:43: 读取文件成功
2017-01-07T02:04:53: 读取文件成功
2017-01-07T02:05:03: 读取文件成功
2017-01-07T02:05:13: 读取文件成功
2017-01-07T02:05:23: 读取文件成功
2017-01-07T02:05:33: 读取文件成功
2017-01-07T02:05:43: 读取文件成功
2017-01-07T02:05:59: 读取文件成功
2017-01-07T02:06:03: 读取文件成功
2017-01-07T02:06:13: 读取文件成功
2017-01-07T02:06:23: 读取文件成功
2017-01-07T02:06:33: 读取文件成功
2017-01-07T02:06:43: 读取文件成功
2017-01-07T02:06:53: 读取文件成功
2017-01-07T02:07:03: 读取文件成功
2017-01-07T02:07:13: 读取文件成功
2017-01-07T02:07:23: 读取文件成功
2017-01-07T02:07:33: 读取文件成功
2017-01-07T02:07:43: 读取文件成功
2017-01-07T02:07:53: 读取文件成功
2017-01-07T02:08:03: 读取文件成功
2017-01-07T02:08:13: 读取文件成功
2017-01-07T02:08:23: 读取文件成功
2017-01-07T02:08:33: 读取文件成功
2017-01-07T02:08:43: 读取文件成功
2017-01-07T02:08:53: 读取文件成功
2017-01-07T02:09:03: 读取文件成功
2017-01-07T02:09:13: 读取文件成功
2017-01-07T02:09:23: 读取文件成功
2017-01-07T02:09:33: 读取文件成功
2017-01-07T02:09:43: 读取文件成功
2017-01-07T02:09:53: 读取文件成功
2017-01-07T02:10:03: 读取文件成功
2017-01-07T02:10:13: 读取文件成功
2017-01-07T02:10:23: 读取文件成功
2017-01-07T02:10:33: 读取文件成功
2017-01-07T02:10:43: 读取文件成功
2017-01-07T02:10:53: 读取文件成功
2017-01-07T02:11:03: 读取文件成功
2017-01-07T02:11:13: 读取文件成功
2017-01-07T02:11:23: 读取文件成功
2017-01-07T02:11:33: 读取文件成功
2017-01-07T02:11:43: 读取文件成功
2017-01-07T02:11:53: 读取文件成功
2017-01-07T02:12:03: 读取文件成功
2017-01-07T02:12:13: 读取文件成功
2017-01-07T02:12:23: 读取文件成功
2017-01-07T02:12:33: 读取文件成功
2017-01-07T02:12:43: 读取文件成功
2017-01-07T02:12:53: 读取文件成功
2017-01-07T02:13:03: 读取文件成功
2017-01-07T02:13:13: 读取文件成功
2017-01-07T02:13:23: 读取文件成功
2017-01-07T02:13:33: 读取文件成功
2017-01-07T02:13:43: 读取文件成功
2017-01-07T02:13:53: 读取文件成功
2017-01-07T02:14:03: 读取文件成功
2017-01-07T02:14:13: 读取文件成功
2017-01-07T02:14:23: 读取文件成功
2017-01-07T02:14:33: 读取文件成功
2017-01-07T02:14:43: 读取文件成功
2017-01-07T02:14:53: 读取文件成功
2017-01-07T02:15:03: 读取文件成功
2017-01-07T02:15:13: 读取文件成功
2017-01-07T02:15:23: 读取文件成功
2017-01-07T02:15:33: 读取文件成功
2017-01-07T02:15:43: 读取文件成功
2017-01-07T02:15:53: 读取文件成功
2017-01-07T02:16:03: 读取文件成功
2017-01-07T02:16:13: 读取文件成功
2017-01-07T02:16:23: 读取文件成功
2017-01-07T02:16:33: 读取文件成功
2017-01-07T02:16:43: 读取文件成功
2017-01-07T02:16:53: 读取文件成功
2017-01-07T02:17:03: 读取文件成功
2017-01-07T02:17:13: 读取文件成功
2017-01-07T02:17:23: 读取文件成功
2017-01-07T02:17:33: 读取文件成功
2017-01-07T02:17:43: 读取文件成功
2017-01-07T02:17:53: 读取文件成功
2017-01-07T02:18:03: 读取文件成功
2017-01-07T02:18:13: 读取文件成功
2017-01-07T02:18:23: 读取文件成功
2017-01-07T02:18:33: 读取文件成功
2017-01-07T02:18:43: 读取文件成功
2017-01-07T02:18:53: 读取文件成功
2017-01-07T02:19:03: 读取文件成功
2017-01-07T02:19:13: 读取文件成功
2017-01-07T02:19:23: 读取文件成功
2017-01-07T02:19:33: 读取文件成功
2017-01-07T02:19:43: 读取文件成功
2017-01-07T02:19:53: 读取文件成功
2017-01-07T02:20:03: 读取文件成功
2017-01-07T02:20:13: 读取文件成功
2017-01-07T02:20:23: 读取文件成功
2017-01-07T02:20:33: 读取文件成功
2017-01-07T02:20:43: 读取文件成功
2017-01-07T02:20:53: 读取文件成功
2017-01-07T02:21:03: 读取文件成功
2017-01-07T02:21:13: 读取文件成功
2017-01-07T02:21:23: 读取文件成功
2017-01-07T02:21:33: 读取文件成功
2017-01-07T02:21:43: 读取文件成功
2017-01-07T02:21:53: 读取文件成功
2017-01-07T02:22:03: 读取文件成功
2017-01-07T02:22:13: 读取文件成功
2017-01-07T02:22:23: 读取文件成功
2017-01-07T02:22:33: 读取文件成功
2017-01-07T02:22:43: 读取文件成功
2017-01-07T02:22:53: 读取文件成功
2017-01-07T02:23:03: 读取文件成功
2017-01-07T02:23:13: 读取文件成功
2017-01-07T02:23:24: 读取文件成功
2017-01-07T02:23:33: 读取文件成功
2017-01-07T02:23:43: 读取文件成功
2017-01-07T02:23:53: 读取文件成功
2017-01-07T02:24:03: 读取文件成功
2017-01-07T02:24:13: 读取文件成功
2017-01-07T02:24:23: 读取文件成功
2017-01-07T02:24:33: 读取文件成功
2017-01-07T02:24:44: 读取文件成功
2017-01-07T02:24:54: 读取文件成功
2017-01-07T02:25:04: 读取文件成功
2017-01-07T02:25:14: 读取文件成功
2017-01-07T02:25:24: 读取文件成功
2017-01-07T02:25:34: 读取文件成功
2017-01-07T02:25:44: 读取文件成功
2017-01-07T02:25:54: 读取文件成功
2017-01-07T02:26:04: 读取文件成功
2017-01-07T02:26:14: 读取文件成功
2017-01-07T02:26:24: 读取文件成功
2017-01-07T02:26:34: 读取文件成功
2017-01-07T02:26:44: 读取文件成功
2017-01-07T02:26:54: 读取文件成功
2017-01-07T02:27:04: 读取文件成功
2017-01-07T02:27:14: 读取文件成功
2017-01-07T02:27:24: 读取文件成功
2017-01-07T02:27:34: 读取文件成功
2017-01-07T02:27:44: 读取文件成功
2017-01-07T02:27:54: 读取文件成功
2017-01-07T02:28:04: 读取文件成功
2017-01-07T02:28:14: 读取文件成功
2017-01-07T02:28:24: 读取文件成功
2017-01-07T02:28:34: 读取文件成功
2017-01-07T02:28:44: 读取文件成功
2017-01-07T02:28:54: 读取文件成功
2017-01-07T02:29:04: 读取文件成功
2017-01-07T02:29:14: 读取文件成功
2017-01-07T02:29:24: 读取文件成功
2017-01-07T02:29:34: 读取文件成功
2017-01-07T02:29:44: 读取文件成功
2017-01-07T02:29:54: 读取文件成功
2017-01-07T02:30:04: 读取文件成功
2017-01-07T02:30:14: 读取文件成功
2017-01-07T02:30:24: 读取文件成功
2017-01-07T02:30:34: 读取文件成功
2017-01-07T02:30:44: 读取文件成功
2017-01-07T02:30:54: 读取文件成功
2017-01-07T02:31:04: 读取文件成功
2017-01-07T02:31:14: 读取文件成功
2017-01-07T02:31:24: 读取文件成功
2017-01-07T02:31:34: 读取文件成功
2017-01-07T02:31:44: 读取文件成功
2017-01-07T02:31:54: 读取文件成功
2017-01-07T02:32:04: 读取文件成功
2017-01-07T02:32:14: 读取文件成功
2017-01-07T02:32:24: 读取文件成功
2017-01-07T02:32:34: 读取文件成功
2017-01-07T02:32:44: 读取文件成功
2017-01-07T02:32:54: 读取文件成功
2017-01-07T02:33:04: 读取文件成功
2017-01-07T02:33:14: 读取文件成功
2017-01-07T02:33:24: 读取文件成功
2017-01-07T02:33:34: 读取文件成功
2017-01-07T02:33:44: 读取文件成功
2017-01-07T02:33:54: 读取文件成功
2017-01-07T02:34:04: 读取文件成功
2017-01-07T02:34:14: 读取文件成功
2017-01-07T02:34:24: 读取文件成功
2017-01-07T02:34:34: 读取文件成功
2017-01-07T02:34:44: 读取文件成功
2017-01-07T02:34:54: 读取文件成功
2017-01-07T02:35:04: 读取文件成功
2017-01-07T02:35:14: 读取文件成功
2017-01-07T02:35:24: 读取文件成功
2017-01-07T02:35:34: 读取文件成功
2017-01-07T02:35:44: 读取文件成功
2017-01-07T02:35:54: 读取文件成功
2017-01-07T02:36:04: 读取文件成功
2017-01-07T02:36:14: 读取文件成功
2017-01-07T02:36:24: 读取文件成功
2017-01-07T02:36:34: 读取文件成功
2017-01-07T02:36:44: 读取文件成功
2017-01-07T02:36:54: 读取文件成功
2017-01-07T02:37:05: 读取文件成功
2017-01-07T02:37:14: 读取文件成功
2017-01-07T02:37:24: 读取文件成功
2017-01-07T02:37:34: 读取文件成功
2017-01-07T02:37:44: 读取文件成功
2017-01-07T02:37:54: 读取文件成功
2017-01-07T02:38:04: 读取文件成功
2017-01-07T02:38:14: 读取文件成功
2017-01-07T02:38:24: 读取文件成功
2017-01-07T02:38:34: 读取文件成功
2017-01-07T02:38:44: 读取文件成功
2017-01-07T02:38:54: 读取文件成功
2017-01-07T02:39:04: 读取文件成功
2017-01-07T02:39:14: 读取文件成功
2017-01-07T02:39:24: 读取文件成功
2017-01-07T02:39:34: 读取文件成功
2017-01-07T02:39:44: 读取文件成功
2017-01-07T02:39:54: 读取文件成功
2017-01-07T02:40:04: 读取文件成功
2017-01-07T02:40:14: 读取文件成功
2017-01-07T02:40:24: 读取文件成功
2017-01-07T02:40:34: 读取文件成功
2017-01-07T02:40:44: 读取文件成功
2017-01-07T02:40:54: 读取文件成功
2017-01-07T02:41:04: 读取文件成功
2017-01-07T02:41:14: 读取文件成功
2017-01-07T02:41:24: 读取文件成功
2017-01-07T02:41:34: 读取文件成功
2017-01-07T02:41:44: 读取文件成功
2017-01-07T02:41:54: 读取文件成功
2017-01-07T02:42:04: 读取文件成功
2017-01-07T02:42:14: 读取文件成功
2017-01-07T02:42:24: 读取文件成功
2017-01-07T02:42:35: 读取文件成功
2017-01-07T02:42:44: 读取文件成功
2017-01-07T02:42:55: 读取文件成功
2017-01-07T02:43:05: 读取文件成功
2017-01-07T02:43:15: 读取文件成功
2017-01-07T02:43:25: 读取文件成功
2017-01-07T02:43:35: 读取文件成功
2017-01-07T02:43:45: 读取文件成功
2017-01-07T02:43:55: 读取文件成功
2017-01-07T02:44:05: 读取文件成功
2017-01-07T02:44:15: 读取文件成功
2017-01-07T02:44:25: 读取文件成功
2017-01-07T02:44:35: 读取文件成功
2017-01-07T02:44:45: 读取文件成功
2017-01-07T02:44:55: 读取文件成功
2017-01-07T02:45:05: 读取文件成功
2017-01-07T02:45:15: 读取文件成功
2017-01-07T02:45:25: 读取文件成功
2017-01-07T02:45:35: 读取文件成功
2017-01-07T02:45:45: 读取文件成功
2017-01-07T02:45:55: 读取文件成功
2017-01-07T02:46:05: 读取文件成功
2017-01-07T02:46:15: 读取文件成功
2017-01-07T02:46:25: 读取文件成功
2017-01-07T02:46:35: 读取文件成功
2017-01-07T02:46:45: 读取文件成功
2017-01-07T02:46:55: 读取文件成功
2017-01-07T02:47:05: 读取文件成功
2017-01-07T02:47:15: 读取文件成功
2017-01-07T02:47:25: 读取文件成功
2017-01-07T02:47:35: 读取文件成功
2017-01-07T02:47:45: 读取文件成功
2017-01-07T02:47:55: 读取文件成功
2017-01-07T02:48:05: 读取文件成功
2017-01-07T02:48:15: 读取文件成功
2017-01-07T02:48:25: 读取文件成功
2017-01-07T02:48:35: 读取文件成功
2017-01-07T02:48:45: 读取文件成功
2017-01-07T02:48:55: 读取文件成功
2017-01-07T02:49:05: 读取文件成功
2017-01-07T02:49:15: 读取文件成功
2017-01-07T02:49:25: 读取文件成功
2017-01-07T02:49:35: 读取文件成功
2017-01-07T02:49:45: 读取文件成功
2017-01-07T02:49:55: 读取文件成功
2017-01-07T02:50:05: 读取文件成功
2017-01-07T02:50:15: 读取文件成功
2017-01-07T02:50:25: 读取文件成功
2017-01-07T02:50:35: 读取文件成功
2017-01-07T02:50:45: 读取文件成功
2017-01-07T02:50:55: 读取文件成功
2017-01-07T02:51:05: 读取文件成功
2017-01-07T02:51:15: 读取文件成功
2017-01-07T02:51:25: 读取文件成功
2017-01-07T02:51:35: 读取文件成功
2017-01-07T02:51:45: 读取文件成功
2017-01-07T02:51:55: 读取文件成功
2017-01-07T02:52:05: 读取文件成功
2017-01-07T02:52:15: 读取文件成功
2017-01-07T02:52:25: 读取文件成功
2017-01-07T02:52:35: 读取文件成功
2017-01-07T02:52:45: 读取文件成功
2017-01-07T02:52:55: 读取文件成功
2017-01-07T02:53:05: 读取文件成功
2017-01-07T02:53:15: 读取文件成功
2017-01-07T02:53:25: 读取文件成功
2017-01-07T02:53:35: 读取文件成功
2017-01-07T02:53:45: 读取文件成功
2017-01-07T02:53:55: 读取文件成功
2017-01-07T02:54:05: 读取文件成功
2017-01-07T02:54:15: 读取文件成功
2017-01-07T02:54:25: 读取文件成功
2017-01-07T02:54:35: 读取文件成功
2017-01-07T02:54:45: 读取文件成功
2017-01-07T02:54:55: 读取文件成功
2017-01-07T02:55:05: 读取文件成功
2017-01-07T02:55:15: 读取文件成功
2017-01-07T02:55:25: 读取文件成功
2017-01-07T02:55:35: 读取文件成功
2017-01-07T02:55:45: 读取文件成功
2017-01-07T02:55:55: 读取文件成功
2017-01-07T02:56:05: 读取文件成功
2017-01-07T02:56:15: 读取文件成功
2017-01-07T02:56:25: 读取文件成功
2017-01-07T02:56:35: 读取文件成功
2017-01-07T02:56:45: 读取文件成功
2017-01-07T02:56:55: 读取文件成功
2017-01-07T02:57:05: 读取文件成功
2017-01-07T02:57:15: 读取文件成功
2017-01-07T02:57:25: 读取文件成功
2017-01-07T02:57:35: 读取文件成功
2017-01-07T02:57:45: 读取文件成功
2017-01-07T02:57:55: 读取文件成功
2017-01-07T02:58:05: 读取文件成功
2017-01-07T02:58:15: 读取文件成功
2017-01-07T02:58:25: 读取文件成功
2017-01-07T02:58:35: 读取文件成功
2017-01-07T02:58:45: 读取文件成功
2017-01-07T02:58:55: 读取文件成功
2017-01-07T02:59:05: 读取文件成功
2017-01-07T02:59:16: 读取文件成功
2017-01-07T02:59:25: 读取文件成功
2017-01-07T02:59:35: 读取文件成功
2017-01-07T02:59:46: 读取文件成功
2017-01-07T02:59:56: 读取文件成功
2017-01-07T03:00:06: 读取文件成功
2017-01-07T03:00:16: 读取文件成功
2017-01-07T03:00:26: 读取文件成功
2017-01-07T03:00:36: 读取文件成功
2017-01-07T03:00:46: 读取文件成功
2017-01-07T03:00:56: 读取文件成功
2017-01-07T03:01:06: 读取文件成功
2017-01-07T03:01:16: 读取文件成功
2017-01-07T03:01:26: 读取文件成功
2017-01-07T03:01:36: 读取文件成功
2017-01-07T03:01:46: 读取文件成功
2017-01-07T03:01:56: 读取文件成功
2017-01-07T03:02:06: 读取文件成功
2017-01-07T03:02:16: 读取文件成功
2017-01-07T03:02:26: 读取文件成功
2017-01-07T03:02:36: 读取文件成功
2017-01-07T03:02:46: 读取文件成功
2017-01-07T03:02:56: 读取文件成功
2017-01-07T03:03:06: 读取文件成功
2017-01-07T03:03:16: 读取文件成功
2017-01-07T03:03:26: 读取文件成功
2017-01-07T03:03:36: 读取文件成功
2017-01-07T03:03:46: 读取文件成功
2017-01-07T03:03:56: 读取文件成功
2017-01-07T03:04:06: 读取文件成功
2017-01-07T03:04:16: 读取文件成功
2017-01-07T03:04:26: 读取文件成功
2017-01-07T03:04:36: 读取文件成功
2017-01-07T03:04:46: 读取文件成功
2017-01-07T03:04:56: 读取文件成功
2017-01-07T03:05:06: 读取文件成功
2017-01-07T03:05:16: 读取文件成功
2017-01-07T03:05:26: 读取文件成功
2017-01-07T03:05:36: 读取文件成功
2017-01-07T03:05:46: 读取文件成功
2017-01-07T03:05:56: 读取文件成功
2017-01-07T03:06:06: 读取文件成功
2017-01-07T03:06:16: 读取文件成功
2017-01-07T03:06:26: 读取文件成功
2017-01-07T03:06:36: 读取文件成功
2017-01-07T03:06:46: 读取文件成功
2017-01-07T03:06:56: 读取文件成功
2017-01-07T03:07:06: 读取文件成功
2017-01-07T03:07:16: 读取文件成功
2017-01-07T03:07:26: 读取文件成功
2017-01-07T03:07:36: 读取文件成功
2017-01-07T03:07:46: 读取文件成功
2017-01-07T03:07:56: 读取文件成功
2017-01-07T03:08:06: 读取文件成功
2017-01-07T03:08:16: 读取文件成功
2017-01-07T03:08:26: 读取文件成功
2017-01-07T03:08:36: 读取文件成功
2017-01-07T03:08:46: 读取文件成功
2017-01-07T03:08:56: 读取文件成功
2017-01-07T03:09:06: 读取文件成功
2017-01-07T03:09:16: 读取文件成功
2017-01-07T03:09:26: 读取文件成功
2017-01-07T03:09:36: 读取文件成功
2017-01-07T03:09:46: 读取文件成功
2017-01-07T03:09:56: 读取文件成功
2017-01-07T03:10:06: 读取文件成功
2017-01-07T03:10:16: 读取文件成功
2017-01-07T03:10:26: 读取文件成功
2017-01-07T03:10:36: 读取文件成功
2017-01-07T03:10:46: 读取文件成功
2017-01-07T03:10:56: 读取文件成功
2017-01-07T03:11:06: 读取文件成功
2017-01-07T03:11:16: 读取文件成功
2017-01-07T03:11:26: 读取文件成功
2017-01-07T03:11:36: 读取文件成功
2017-01-07T03:11:46: 读取文件成功
2017-01-07T03:11:56: 读取文件成功
2017-01-07T03:12:06: 读取文件成功
2017-01-07T03:12:16: 读取文件成功
2017-01-07T03:12:26: 读取文件成功
2017-01-07T03:12:36: 读取文件成功
2017-01-07T03:12:46: 读取文件成功
2017-01-07T03:12:56: 读取文件成功
2017-01-07T03:13:06: 读取文件成功
2017-01-07T03:13:16: 读取文件成功
2017-01-07T03:13:26: 读取文件成功
2017-01-07T03:13:36: 读取文件成功
2017-01-07T03:13:46: 读取文件成功
2017-01-07T03:13:56: 读取文件成功
2017-01-07T03:14:06: 读取文件成功
2017-01-07T03:14:16: 读取文件成功
2017-01-07T03:14:26: 读取文件成功
2017-01-07T03:14:37: 读取文件成功
2017-01-07T03:14:46: 读取文件成功
2017-01-07T03:14:57: 读取文件成功
2017-01-07T03:15:07: 读取文件成功
2017-01-07T03:15:17: 读取文件成功
2017-01-07T03:15:27: 读取文件成功
2017-01-07T03:15:37: 读取文件成功
2017-01-07T03:15:47: 读取文件成功
2017-01-07T03:15:57: 读取文件成功
2017-01-07T03:16:07: 读取文件成功
2017-01-07T03:16:17: 读取文件成功
2017-01-07T03:16:27: 读取文件成功
2017-01-07T03:16:37: 读取文件成功
2017-01-07T03:16:47: 读取文件成功
2017-01-07T03:16:57: 读取文件成功
2017-01-07T03:17:07: 读取文件成功
2017-01-07T03:17:17: 读取文件成功
2017-01-07T03:17:27: 读取文件成功
2017-01-07T03:17:37: 读取文件成功
2017-01-07T03:17:47: 读取文件成功
2017-01-07T03:17:57: 读取文件成功
2017-01-07T03:18:07: 读取文件成功
2017-01-07T03:18:17: 读取文件成功
2017-01-07T03:18:27: 读取文件成功
2017-01-07T03:18:37: 读取文件成功
2017-01-07T03:18:47: 读取文件成功
2017-01-07T03:18:57: 读取文件成功
2017-01-07T03:19:07: 读取文件成功
2017-01-07T03:19:17: 读取文件成功
2017-01-07T03:19:27: 读取文件成功
2017-01-07T03:19:37: 读取文件成功
2017-01-07T03:19:47: 读取文件成功
2017-01-07T03:19:57: 读取文件成功
2017-01-07T03:20:07: 读取文件成功
2017-01-07T03:20:17: 读取文件成功
2017-01-07T03:20:27: 读取文件成功
2017-01-07T03:20:37: 读取文件成功
2017-01-07T03:20:47: 读取文件成功
2017-01-07T03:20:57: 读取文件成功
2017-01-07T03:21:07: 读取文件成功
2017-01-07T03:21:17: 读取文件成功
2017-01-07T03:21:27: 读取文件成功
2017-01-07T03:21:37: 读取文件成功
2017-01-07T03:21:47: 读取文件成功
2017-01-07T03:21:57: 读取文件成功
2017-01-07T03:22:07: 读取文件成功
2017-01-07T03:22:17: 读取文件成功
2017-01-07T03:22:27: 读取文件成功
2017-01-07T03:22:37: 读取文件成功
2017-01-07T03:22:47: 读取文件成功
2017-01-07T03:22:57: 读取文件成功
2017-01-07T03:23:07: 读取文件成功
2017-01-07T03:23:17: 读取文件成功
2017-01-07T03:23:27: 读取文件成功
2017-01-07T03:23:37: 读取文件成功
2017-01-07T03:23:47: 读取文件成功
2017-01-07T03:23:57: 读取文件成功
2017-01-07T03:24:07: 读取文件成功
2017-01-07T03:24:17: 读取文件成功
2017-01-07T03:24:27: 读取文件成功
2017-01-07T03:24:37: 读取文件成功
2017-01-07T03:24:47: 读取文件成功
2017-01-07T03:24:57: 读取文件成功
2017-01-07T03:25:07: 读取文件成功
2017-01-07T03:25:17: 读取文件成功
2017-01-07T03:25:27: 读取文件成功
2017-01-07T03:25:37: 读取文件成功
2017-01-07T03:25:47: 读取文件成功
2017-01-07T03:25:57: 读取文件成功
2017-01-07T03:26:07: 读取文件成功
2017-01-07T03:26:17: 读取文件成功
2017-01-07T03:26:27: 读取文件成功
2017-01-07T03:26:37: 读取文件成功
2017-01-07T03:26:47: 读取文件成功
2017-01-07T03:26:57: 读取文件成功
2017-01-07T03:27:07: 读取文件成功
2017-01-07T03:27:17: 读取文件成功
2017-01-07T03:27:27: 读取文件成功
2017-01-07T03:27:37: 读取文件成功
2017-01-07T03:27:47: 读取文件成功
2017-01-07T03:27:57: 读取文件成功
2017-01-07T03:28:07: 读取文件成功
2017-01-07T03:28:17: 读取文件成功
2017-01-07T03:28:27: 读取文件成功
2017-01-07T03:28:37: 读取文件成功
2017-01-07T03:28:47: 读取文件成功
2017-01-07T03:28:57: 读取文件成功
2017-01-07T03:29:08: 读取文件成功
2017-01-07T03:29:18: 读取文件成功
2017-01-07T03:29:27: 读取文件成功
2017-01-07T03:29:38: 读取文件成功
2017-01-07T03:29:48: 读取文件成功
2017-01-07T03:29:58: 读取文件成功
2017-01-07T03:30:08: 读取文件成功
2017-01-07T03:30:18: 读取文件成功
2017-01-07T03:30:28: 读取文件成功
2017-01-07T03:30:38: 读取文件成功
2017-01-07T03:30:48: 读取文件成功
2017-01-07T03:30:58: 读取文件成功
2017-01-07T03:31:08: 读取文件成功
2017-01-07T03:31:18: 读取文件成功
2017-01-07T03:31:28: 读取文件成功
2017-01-07T03:31:38: 读取文件成功
2017-01-07T03:31:48: 读取文件成功
2017-01-07T03:31:58: 读取文件成功
2017-01-07T03:32:08: 读取文件成功
2017-01-07T03:32:18: 读取文件成功
2017-01-07T03:32:28: 读取文件成功
2017-01-07T03:32:38: 读取文件成功
2017-01-07T03:32:48: 读取文件成功
2017-01-07T03:32:58: 读取文件成功
2017-01-07T03:33:08: 读取文件成功
2017-01-07T03:33:18: 读取文件成功
2017-01-07T03:33:28: 读取文件成功
2017-01-07T03:33:38: 读取文件成功
2017-01-07T03:33:48: 读取文件成功
2017-01-07T03:33:58: 读取文件成功
2017-01-07T03:34:08: 读取文件成功
2017-01-07T03:34:18: 读取文件成功
2017-01-07T03:34:28: 读取文件成功
2017-01-07T03:34:38: 读取文件成功
2017-01-07T03:34:48: 读取文件成功
2017-01-07T03:34:58: 读取文件成功
2017-01-07T03:35:08: 读取文件成功
2017-01-07T03:35:18: 读取文件成功
2017-01-07T03:35:28: 读取文件成功
2017-01-07T03:35:38: 读取文件成功
2017-01-07T03:35:48: 读取文件成功
2017-01-07T03:35:58: 读取文件成功
2017-01-07T03:36:08: 读取文件成功
2017-01-07T03:36:18: 读取文件成功
2017-01-07T03:36:28: 读取文件成功
2017-01-07T03:36:38: 读取文件成功
2017-01-07T03:36:48: 读取文件成功
2017-01-07T03:36:58: 读取文件成功
2017-01-07T03:37:08: 读取文件成功
2017-01-07T03:37:18: 读取文件成功
2017-01-07T03:37:28: 读取文件成功
2017-01-07T03:37:38: 读取文件成功
2017-01-07T03:37:48: 读取文件成功
2017-01-07T03:37:58: 读取文件成功
2017-01-07T03:38:08: 读取文件成功
2017-01-07T03:38:18: 读取文件成功
2017-01-07T03:38:28: 读取文件成功
2017-01-07T03:38:38: 读取文件成功
2017-01-07T03:38:48: 读取文件成功
2017-01-07T03:38:58: 读取文件成功
2017-01-07T03:39:08: 读取文件成功
2017-01-07T03:39:18: 读取文件成功
2017-01-07T03:39:28: 读取文件成功
2017-01-07T03:39:38: 读取文件成功
2017-01-07T03:39:48: 读取文件成功
2017-01-07T03:39:58: 读取文件成功
2017-01-07T03:40:08: 读取文件成功
2017-01-07T03:40:18: 读取文件成功
2017-01-07T03:40:28: 读取文件成功
2017-01-07T03:40:38: 读取文件成功
2017-01-07T03:40:48: 读取文件成功
2017-01-07T03:40:58: 读取文件成功
2017-01-07T03:41:08: 读取文件成功
2017-01-07T03:41:18: 读取文件成功
2017-01-07T03:41:28: 读取文件成功
2017-01-07T03:41:38: 读取文件成功
2017-01-07T03:41:48: 读取文件成功
2017-01-07T03:41:58: 读取文件成功
2017-01-07T03:42:08: 读取文件成功
2017-01-07T03:42:18: 读取文件成功
2017-01-07T03:42:28: 读取文件成功
2017-01-07T03:42:38: 读取文件成功
2017-01-07T03:42:48: 读取文件成功
2017-01-07T03:42:58: 读取文件成功
2017-01-07T03:43:08: 读取文件成功
2017-01-07T03:43:18: 读取文件成功
2017-01-07T03:43:28: 读取文件成功
2017-01-07T03:43:38: 读取文件成功
2017-01-07T03:43:48: 读取文件成功
2017-01-07T03:43:58: 读取文件成功
2017-01-07T03:44:08: 读取文件成功
2017-01-07T03:44:18: 读取文件成功
2017-01-07T03:44:28: 读取文件成功
2017-01-07T03:44:38: 读取文件成功
2017-01-07T03:44:49: 读取文件成功
2017-01-07T03:44:58: 读取文件成功
2017-01-07T03:45:09: 读取文件成功
2017-01-07T03:45:19: 读取文件成功
2017-01-07T03:45:29: 读取文件成功
2017-01-07T03:45:39: 读取文件成功
2017-01-07T03:45:49: 读取文件成功
2017-01-07T03:45:59: 读取文件成功
2017-01-07T03:46:09: 读取文件成功
2017-01-07T03:46:19: 读取文件成功
2017-01-07T03:46:29: 读取文件成功
2017-01-07T03:46:39: 读取文件成功
2017-01-07T03:46:49: 读取文件成功
2017-01-07T03:46:59: 读取文件成功
2017-01-07T03:47:09: 读取文件成功
2017-01-07T03:47:19: 读取文件成功
2017-01-07T03:47:29: 读取文件成功
2017-01-07T03:47:39: 读取文件成功
2017-01-07T03:47:49: 读取文件成功
2017-01-07T03:47:59: 读取文件成功
2017-01-07T03:48:09: 读取文件成功
2017-01-07T03:48:19: 读取文件成功
2017-01-07T03:48:29: 读取文件成功
2017-01-07T03:48:39: 读取文件成功
2017-01-07T03:48:49: 读取文件成功
2017-01-07T03:48:59: 读取文件成功
2017-01-07T03:49:09: 读取文件成功
2017-01-07T03:49:19: 读取文件成功
2017-01-07T03:49:29: 读取文件成功
2017-01-07T03:49:39: 读取文件成功
2017-01-07T03:49:49: 读取文件成功
2017-01-07T03:49:59: 读取文件成功
2017-01-07T03:50:09: 读取文件成功
2017-01-07T03:50:19: 读取文件成功
2017-01-07T03:50:29: 读取文件成功
2017-01-07T03:50:39: 读取文件成功
2017-01-07T03:50:49: 读取文件成功
2017-01-07T03:50:59: 读取文件成功
2017-01-07T03:51:09: 读取文件成功
2017-01-07T03:51:19: 读取文件成功
2017-01-07T03:51:29: 读取文件成功
2017-01-07T03:51:39: 读取文件成功
2017-01-07T03:51:49: 读取文件成功
2017-01-07T03:51:59: 读取文件成功
2017-01-07T03:52:09: 读取文件成功
2017-01-07T03:52:19: 读取文件成功
2017-01-07T03:52:29: 读取文件成功
2017-01-07T03:52:39: 读取文件成功
2017-01-07T03:52:49: 读取文件成功
2017-01-07T03:52:59: 读取文件成功
2017-01-07T03:53:09: 读取文件成功
2017-01-07T03:53:19: 读取文件成功
2017-01-07T03:53:29: 读取文件成功
2017-01-07T03:53:39: 读取文件成功
2017-01-07T03:53:49: 读取文件成功
2017-01-07T03:53:59: 读取文件成功
2017-01-07T03:54:09: 读取文件成功
2017-01-07T03:54:19: 读取文件成功
2017-01-07T03:54:29: 读取文件成功
2017-01-07T03:54:39: 读取文件成功
2017-01-07T03:54:49: 读取文件成功
2017-01-07T03:54:59: 读取文件成功
2017-01-07T03:55:09: 读取文件成功
2017-01-07T03:55:19: 读取文件成功
2017-01-07T03:55:29: 读取文件成功
2017-01-07T03:55:39: 读取文件成功
2017-01-07T03:55:49: 读取文件成功
2017-01-07T03:55:59: 读取文件成功
2017-01-07T03:56:09: 读取文件成功
2017-01-07T03:56:19: 读取文件成功
2017-01-07T03:56:29: 读取文件成功
2017-01-07T03:56:39: 读取文件成功
2017-01-07T03:56:49: 读取文件成功
2017-01-07T03:56:59: 读取文件成功
2017-01-07T03:57:09: 读取文件成功
2017-01-07T03:57:19: 读取文件成功
2017-01-07T03:57:29: 读取文件成功
2017-01-07T03:57:39: 读取文件成功
2017-01-07T03:57:49: 读取文件成功
2017-01-07T03:57:59: 读取文件成功
2017-01-07T03:58:09: 读取文件成功
2017-01-07T03:58:19: 读取文件成功
2017-01-07T03:58:29: 读取文件成功
2017-01-07T03:58:39: 读取文件成功
2017-01-07T03:58:49: 读取文件成功
2017-01-07T03:58:59: 读取文件成功
2017-01-07T03:59:09: 读取文件成功
2017-01-07T03:59:19: 读取文件成功
2017-01-07T03:59:29: 读取文件成功
2017-01-07T03:59:39: 读取文件成功
2017-01-07T03:59:49: 读取文件成功
2017-01-07T03:59:59: 读取文件成功
2017-01-07T04:00:09: 读取文件成功
2017-01-07T04:00:19: 读取文件成功
2017-01-07T04:00:30: 读取文件成功
2017-01-07T04:00:40: 读取文件成功
2017-01-07T04:00:50: 读取文件成功
2017-01-07T04:01:00: 读取文件成功
2017-01-07T04:01:10: 读取文件成功
2017-01-07T04:01:20: 读取文件成功
2017-01-07T04:01:30: 读取文件成功
2017-01-07T04:01:40: 读取文件成功
2017-01-07T04:01:50: 读取文件成功
2017-01-07T04:02:00: 读取文件成功
2017-01-07T04:02:10: 读取文件成功
2017-01-07T04:02:20: 读取文件成功
2017-01-07T04:02:30: 读取文件成功
2017-01-07T04:02:40: 读取文件成功
2017-01-07T04:02:50: 读取文件成功
2017-01-07T04:03:00: 读取文件成功
2017-01-07T04:03:10: 读取文件成功
2017-01-07T04:03:20: 读取文件成功
2017-01-07T04:03:30: 读取文件成功
2017-01-07T04:03:40: 读取文件成功
2017-01-07T04:03:50: 读取文件成功
2017-01-07T04:04:00: 读取文件成功
2017-01-07T04:04:10: 读取文件成功
2017-01-07T04:04:20: 读取文件成功
2017-01-07T04:04:30: 读取文件成功
2017-01-07T04:04:40: 读取文件成功
2017-01-07T04:04:50: 读取文件成功
2017-01-07T04:05:00: 读取文件成功
2017-01-07T04:05:10: 读取文件成功
2017-01-07T04:05:20: 读取文件成功
2017-01-07T04:05:30: 读取文件成功
2017-01-07T04:05:40: 读取文件成功
2017-01-07T04:05:50: 读取文件成功
2017-01-07T04:06:00: 读取文件成功
2017-01-07T04:06:10: 读取文件成功
2017-01-07T04:06:20: 读取文件成功
2017-01-07T04:06:30: 读取文件成功
2017-01-07T04:06:40: 读取文件成功
2017-01-07T04:06:50: 读取文件成功
2017-01-07T04:07:00: 读取文件成功
2017-01-07T04:07:10: 读取文件成功
2017-01-07T04:07:20: 读取文件成功
2017-01-07T04:07:30: 读取文件成功
2017-01-07T04:07:40: 读取文件成功
2017-01-07T04:07:50: 读取文件成功
2017-01-07T04:08:00: 读取文件成功
2017-01-07T04:08:10: 读取文件成功
2017-01-07T04:08:20: 读取文件成功
2017-01-07T04:08:30: 读取文件成功
2017-01-07T04:08:40: 读取文件成功
2017-01-07T04:08:50: 读取文件成功
2017-01-07T04:09:00: 读取文件成功
2017-01-07T04:09:10: 读取文件成功
2017-01-07T04:09:20: 读取文件成功
2017-01-07T04:09:30: 读取文件成功
2017-01-07T04:09:40: 读取文件成功
2017-01-07T04:09:50: 读取文件成功
2017-01-07T04:10:00: 读取文件成功
2017-01-07T04:10:10: 读取文件成功
2017-01-07T04:10:20: 读取文件成功
2017-01-07T04:10:30: 读取文件成功
2017-01-07T04:10:40: 读取文件成功
2017-01-07T04:10:50: 读取文件成功
2017-01-07T04:11:00: 读取文件成功
2017-01-07T04:11:10: 读取文件成功
2017-01-07T04:11:20: 读取文件成功
2017-01-07T04:11:30: 读取文件成功
2017-01-07T04:11:40: 读取文件成功
2017-01-07T04:11:50: 读取文件成功
2017-01-07T04:12:00: 读取文件成功
2017-01-07T04:12:10: 读取文件成功
2017-01-07T04:12:20: 读取文件成功
2017-01-07T04:12:30: 读取文件成功
2017-01-07T04:12:40: 读取文件成功
2017-01-07T04:12:50: 读取文件成功
2017-01-07T04:13:00: 读取文件成功
2017-01-07T04:13:10: 读取文件成功
2017-01-07T04:13:20: 读取文件成功
2017-01-07T04:13:30: 读取文件成功
2017-01-07T04:13:40: 读取文件成功
2017-01-07T04:13:50: 读取文件成功
2017-01-07T04:14:00: 读取文件成功
2017-01-07T04:14:10: 读取文件成功
2017-01-07T04:14:20: 读取文件成功
2017-01-07T04:14:30: 读取文件成功
2017-01-07T04:14:40: 读取文件成功
2017-01-07T04:14:50: 读取文件成功
2017-01-07T04:15:00: 读取文件成功
2017-01-07T04:15:10: 读取文件成功
2017-01-07T04:15:20: 读取文件成功
2017-01-07T04:15:30: 读取文件成功
2017-01-07T04:15:40: 读取文件成功
2017-01-07T04:15:51: 读取文件成功
2017-01-07T04:16:01: 读取文件成功
2017-01-07T04:16:10: 读取文件成功
2017-01-07T04:16:21: 读取文件成功
2017-01-07T04:16:31: 读取文件成功
2017-01-07T04:16:41: 读取文件成功
2017-01-07T04:16:51: 读取文件成功
2017-01-07T04:17:01: 读取文件成功
2017-01-07T04:17:11: 读取文件成功
2017-01-07T04:17:21: 读取文件成功
2017-01-07T04:17:31: 读取文件成功
2017-01-07T04:17:41: 读取文件成功
2017-01-07T04:17:51: 读取文件成功
2017-01-07T04:18:01: 读取文件成功
2017-01-07T04:18:11: 读取文件成功
2017-01-07T04:18:21: 读取文件成功
2017-01-07T04:18:31: 读取文件成功
2017-01-07T04:18:41: 读取文件成功
2017-01-07T04:18:51: 读取文件成功
2017-01-07T04:19:01: 读取文件成功
2017-01-07T04:19:11: 读取文件成功
2017-01-07T04:19:21: 读取文件成功
2017-01-07T04:19:31: 读取文件成功
2017-01-07T04:19:41: 读取文件成功
2017-01-07T04:19:51: 读取文件成功
2017-01-07T04:20:01: 读取文件成功
2017-01-07T04:20:11: 读取文件成功
2017-01-07T04:20:26: 读取文件成功
2017-01-07T04:20:31: 读取文件成功
2017-01-07T04:20:50: 读取文件成功
2017-01-07T04:20:51: 读取文件成功
2017-01-07T04:21:04: 读取文件成功
2017-01-07T04:21:11: 读取文件成功
2017-01-07T04:21:39: 读取文件成功
2017-01-07T04:21:39: 读取文件成功
2017-01-07T04:21:41: 读取文件成功
2017-01-07T04:21:53: 读取文件成功
2017-01-07T04:22:01: 读取文件成功
2017-01-07T04:22:12: 读取文件成功
2017-01-07T04:22:21: 读取文件成功
2017-01-07T04:22:36: 读取文件成功
2017-01-07T04:22:51: 读取文件成功
2017-01-07T04:22:51: 读取文件成功
2017-01-07T04:23:07: 读取文件成功
2017-01-07T04:23:11: 读取文件成功
2017-01-07T04:23:21: 读取文件成功
2017-01-07T04:23:31: 读取文件成功
2017-01-07T04:23:41: 读取文件成功
2017-01-07T04:23:51: 读取文件成功
2017-01-07T04:24:01: 读取文件成功
2017-01-07T04:24:13: 读取文件成功
2017-01-07T04:24:21: 读取文件成功
2017-01-07T04:24:31: 读取文件成功
2017-01-07T04:24:41: 读取文件成功
2017-01-07T04:24:51: 读取文件成功
2017-01-07T04:25:01: 读取文件成功
2017-01-07T04:25:11: 读取文件成功
2017-01-07T04:25:21: 读取文件成功
2017-01-07T04:25:31: 读取文件成功
2017-01-07T04:25:41: 读取文件成功
2017-01-07T04:25:51: 读取文件成功
2017-01-07T04:26:01: 读取文件成功
2017-01-07T04:26:11: 读取文件成功
2017-01-07T04:26:21: 读取文件成功
2017-01-07T04:26:31: 读取文件成功
2017-01-07T04:26:41: 读取文件成功
2017-01-07T04:26:51: 读取文件成功
2017-01-07T04:27:01: 读取文件成功
2017-01-07T04:27:11: 读取文件成功
2017-01-07T04:27:21: 读取文件成功
2017-01-07T04:27:31: 读取文件成功
2017-01-07T04:27:41: 读取文件成功
2017-01-07T04:27:51: 读取文件成功
2017-01-07T04:28:01: 读取文件成功
2017-01-07T04:28:11: 读取文件成功
2017-01-07T04:28:21: 读取文件成功
2017-01-07T04:28:31: 读取文件成功
2017-01-07T04:28:41: 读取文件成功
2017-01-07T04:28:51: 读取文件成功
2017-01-07T04:29:01: 读取文件成功
2017-01-07T04:29:11: 读取文件成功
