2017-09-17T00:00:54: 非记录时间：2017-09-17T00:00:54+08:00
2017-09-17T00:01:54: 非记录时间：2017-09-17T00:01:54+08:00
2017-09-17T00:02:54: 非记录时间：2017-09-17T00:02:54+08:00
2017-09-17T00:03:54: 非记录时间：2017-09-17T00:03:54+08:00
2017-09-17T00:04:54: 非记录时间：2017-09-17T00:04:54+08:00
2017-09-17T00:05:54: 非记录时间：2017-09-17T00:05:54+08:00
2017-09-17T00:06:55: 非记录时间：2017-09-17T00:06:55+08:00
2017-09-17T00:07:55: 非记录时间：2017-09-17T00:07:55+08:00
2017-09-17T00:08:55: 非记录时间：2017-09-17T00:08:55+08:00
2017-09-17T00:09:55: 非记录时间：2017-09-17T00:09:55+08:00
2017-09-17T00:10:55: 非记录时间：2017-09-17T00:10:55+08:00
2017-09-17T00:11:55: 非记录时间：2017-09-17T00:11:55+08:00
2017-09-17T00:12:55: 非记录时间：2017-09-17T00:12:55+08:00
2017-09-17T00:13:55: 非记录时间：2017-09-17T00:13:55+08:00
2017-09-17T00:14:55: 非记录时间：2017-09-17T00:14:55+08:00
2017-09-17T00:15:55: 非记录时间：2017-09-17T00:15:55+08:00
2017-09-17T00:16:55: 非记录时间：2017-09-17T00:16:55+08:00
2017-09-17T00:17:55: 非记录时间：2017-09-17T00:17:55+08:00
2017-09-17T00:18:55: 非记录时间：2017-09-17T00:18:55+08:00
2017-09-17T00:19:55: 非记录时间：2017-09-17T00:19:55+08:00
2017-09-17T00:20:55: 非记录时间：2017-09-17T00:20:55+08:00
2017-09-17T00:21:55: 非记录时间：2017-09-17T00:21:55+08:00
2017-09-17T00:22:55: 非记录时间：2017-09-17T00:22:55+08:00
2017-09-17T00:23:55: 非记录时间：2017-09-17T00:23:55+08:00
2017-09-17T00:24:55: 非记录时间：2017-09-17T00:24:55+08:00
2017-09-17T00:25:55: 非记录时间：2017-09-17T00:25:55+08:00
2017-09-17T00:26:55: 非记录时间：2017-09-17T00:26:55+08:00
2017-09-17T00:27:55: 非记录时间：2017-09-17T00:27:55+08:00
2017-09-17T00:28:55: 非记录时间：2017-09-17T00:28:55+08:00
2017-09-17T00:29:55: 非记录时间：2017-09-17T00:29:55+08:00
2017-09-17T00:30:55: 非记录时间：2017-09-17T00:30:55+08:00
2017-09-17T00:31:55: 非记录时间：2017-09-17T00:31:55+08:00
2017-09-17T00:32:55: 非记录时间：2017-09-17T00:32:55+08:00
2017-09-17T00:33:55: 非记录时间：2017-09-17T00:33:55+08:00
2017-09-17T00:34:55: 非记录时间：2017-09-17T00:34:55+08:00
2017-09-17T00:35:55: 非记录时间：2017-09-17T00:35:55+08:00
2017-09-17T00:36:55: 非记录时间：2017-09-17T00:36:55+08:00
2017-09-17T00:37:55: 非记录时间：2017-09-17T00:37:55+08:00
2017-09-17T00:38:55: 非记录时间：2017-09-17T00:38:55+08:00
2017-09-17T00:39:55: 非记录时间：2017-09-17T00:39:55+08:00
2017-09-17T00:40:55: 非记录时间：2017-09-17T00:40:55+08:00
2017-09-17T00:41:55: 非记录时间：2017-09-17T00:41:55+08:00
2017-09-17T00:42:55: 非记录时间：2017-09-17T00:42:55+08:00
2017-09-17T00:43:55: 非记录时间：2017-09-17T00:43:55+08:00
2017-09-17T00:44:55: 非记录时间：2017-09-17T00:44:55+08:00
2017-09-17T00:45:55: 非记录时间：2017-09-17T00:45:55+08:00
2017-09-17T00:46:55: 非记录时间：2017-09-17T00:46:55+08:00
2017-09-17T00:47:55: 非记录时间：2017-09-17T00:47:55+08:00
2017-09-17T00:48:55: 非记录时间：2017-09-17T00:48:55+08:00
2017-09-17T00:49:55: 非记录时间：2017-09-17T00:49:55+08:00
2017-09-17T00:50:55: 非记录时间：2017-09-17T00:50:55+08:00
2017-09-17T00:51:55: 非记录时间：2017-09-17T00:51:55+08:00
2017-09-17T00:52:55: 非记录时间：2017-09-17T00:52:55+08:00
2017-09-17T00:53:55: 非记录时间：2017-09-17T00:53:55+08:00
2017-09-17T00:54:55: 非记录时间：2017-09-17T00:54:55+08:00
2017-09-17T00:55:55: 非记录时间：2017-09-17T00:55:55+08:00
2017-09-17T00:56:55: 非记录时间：2017-09-17T00:56:55+08:00
2017-09-17T00:57:55: 非记录时间：2017-09-17T00:57:55+08:00
2017-09-17T00:58:55: 非记录时间：2017-09-17T00:58:55+08:00
2017-09-17T00:59:55: 非记录时间：2017-09-17T00:59:55+08:00
2017-09-17T01:00:55: 非记录时间：2017-09-17T01:00:55+08:00
2017-09-17T01:01:55: 非记录时间：2017-09-17T01:01:55+08:00
2017-09-17T01:02:55: 非记录时间：2017-09-17T01:02:55+08:00
2017-09-17T01:03:55: 非记录时间：2017-09-17T01:03:55+08:00
2017-09-17T01:04:55: 非记录时间：2017-09-17T01:04:55+08:00
2017-09-17T01:05:55: 非记录时间：2017-09-17T01:05:55+08:00
2017-09-17T01:06:55: 非记录时间：2017-09-17T01:06:55+08:00
2017-09-17T01:07:55: 非记录时间：2017-09-17T01:07:55+08:00
2017-09-17T01:08:55: 非记录时间：2017-09-17T01:08:55+08:00
2017-09-17T01:09:55: 非记录时间：2017-09-17T01:09:55+08:00
2017-09-17T01:10:55: 非记录时间：2017-09-17T01:10:55+08:00
2017-09-17T01:11:56: 读取文件失败，可能是该文件不存在
2017-09-17T01:11:56: Error: ENOENT: no such file or directory, open './data/2017-09-17.json'
2017-09-17T01:12:55: 读取文件成功
2017-09-17T01:13:55: 读取文件成功
2017-09-17T01:14:55: 读取文件成功
2017-09-17T01:15:55: 读取文件成功
2017-09-17T01:16:55: 读取文件成功
2017-09-17T01:17:55: 读取文件成功
2017-09-17T01:18:55: 读取文件成功
2017-09-17T01:19:55: 读取文件成功
2017-09-17T01:20:56: 读取文件成功
2017-09-17T01:21:55: 读取文件成功
2017-09-17T01:22:55: 读取文件成功
2017-09-17T01:23:55: 读取文件成功
2017-09-17T01:24:55: 读取文件成功
2017-09-17T01:25:55: 读取文件成功
2017-09-17T01:26:55: 读取文件成功
2017-09-17T01:27:55: 读取文件成功
2017-09-17T01:28:55: 读取文件成功
2017-09-17T01:29:56: 读取文件成功
2017-09-17T01:30:55: 读取文件成功
2017-09-17T01:31:55: 读取文件成功
2017-09-17T01:32:55: 读取文件成功
2017-09-17T01:33:55: 读取文件成功
2017-09-17T01:34:55: 读取文件成功
2017-09-17T01:35:55: 读取文件成功
2017-09-17T01:36:55: 读取文件成功
2017-09-17T01:37:55: 读取文件成功
2017-09-17T01:38:55: 读取文件成功
2017-09-17T01:39:55: 读取文件成功
2017-09-17T01:40:55: 读取文件成功
2017-09-17T01:41:56: 读取文件成功
2017-09-17T01:42:55: 读取文件成功
2017-09-17T01:43:55: 读取文件成功
2017-09-17T01:44:56: 读取文件成功
2017-09-17T01:45:55: 读取文件成功
2017-09-17T01:46:55: 读取文件成功
2017-09-17T01:47:56: 读取文件成功
2017-09-17T01:49:12: 读取文件成功
2017-09-17T01:49:56: 读取文件成功
2017-09-17T01:50:56: 读取文件成功
2017-09-17T01:51:56: 读取文件成功
2017-09-17T01:52:56: 读取文件成功
2017-09-17T01:53:56: 读取文件成功
2017-09-17T01:54:56: 读取文件成功
2017-09-17T01:55:56: 读取文件成功
2017-09-17T01:56:56: 读取文件成功
2017-09-17T01:57:56: 读取文件成功
2017-09-17T01:58:56: 读取文件成功
2017-09-17T01:59:56: 读取文件成功
2017-09-17T02:00:56: 读取文件成功
2017-09-17T02:01:56: 读取文件成功
2017-09-17T02:02:56: 读取文件成功
2017-09-17T02:03:56: 读取文件成功
2017-09-17T02:04:56: 读取文件成功
2017-09-17T02:05:56: 读取文件成功
2017-09-17T02:06:56: 读取文件成功
2017-09-17T02:07:56: 读取文件成功
2017-09-17T02:08:56: 读取文件成功
2017-09-17T02:09:56: 读取文件成功
2017-09-17T02:10:56: 读取文件成功
2017-09-17T02:11:56: 读取文件成功
2017-09-17T02:12:56: 读取文件成功
2017-09-17T02:13:56: 读取文件成功
2017-09-17T02:14:56: 读取文件成功
2017-09-17T02:15:56: 读取文件成功
2017-09-17T02:16:56: 读取文件成功
2017-09-17T02:17:56: 读取文件成功
2017-09-17T02:18:56: 读取文件成功
2017-09-17T02:19:56: 读取文件成功
2017-09-17T02:20:56: 读取文件成功
2017-09-17T02:21:56: 读取文件成功
2017-09-17T02:22:56: 读取文件成功
2017-09-17T02:23:56: 读取文件成功
2017-09-17T02:24:56: 读取文件成功
2017-09-17T02:25:56: 读取文件成功
2017-09-17T02:26:56: 读取文件成功
2017-09-17T02:27:56: 读取文件成功
2017-09-17T02:28:56: 读取文件成功
2017-09-17T02:29:56: 读取文件成功
2017-09-17T02:30:56: 读取文件成功
2017-09-17T02:31:56: 读取文件成功
2017-09-17T02:32:56: 读取文件成功
2017-09-17T02:33:56: 读取文件成功
2017-09-17T02:34:56: 读取文件成功
2017-09-17T02:35:56: 读取文件成功
2017-09-17T02:36:56: 读取文件成功
2017-09-17T02:37:56: 读取文件成功
2017-09-17T02:38:56: 读取文件成功
2017-09-17T02:39:56: 读取文件成功
2017-09-17T02:40:56: 读取文件成功
2017-09-17T02:41:56: 读取文件成功
2017-09-17T02:42:56: 读取文件成功
2017-09-17T02:43:56: 读取文件成功
2017-09-17T02:44:56: 读取文件成功
2017-09-17T02:45:56: 读取文件成功
2017-09-17T02:46:56: 读取文件成功
2017-09-17T02:47:56: 读取文件成功
2017-09-17T02:48:56: 读取文件成功
2017-09-17T02:49:56: 读取文件成功
2017-09-17T02:50:56: 读取文件成功
2017-09-17T02:51:56: 读取文件成功
2017-09-17T02:52:56: 读取文件成功
2017-09-17T02:53:56: 读取文件成功
2017-09-17T02:54:56: 读取文件成功
2017-09-17T02:55:56: 读取文件成功
2017-09-17T02:56:56: 读取文件成功
2017-09-17T02:57:56: 读取文件成功
2017-09-17T02:58:56: 读取文件成功
2017-09-17T02:59:56: 读取文件成功
2017-09-17T03:00:56: 读取文件成功
2017-09-17T03:01:56: 读取文件成功
2017-09-17T03:02:57: 读取文件成功
2017-09-17T03:03:56: 读取文件成功
2017-09-17T03:04:56: 读取文件成功
2017-09-17T03:05:56: 读取文件成功
2017-09-17T03:06:56: 读取文件成功
2017-09-17T03:07:56: 读取文件成功
2017-09-17T03:08:56: 读取文件成功
2017-09-17T03:09:56: 读取文件成功
2017-09-17T03:10:56: 读取文件成功
2017-09-17T03:11:56: 读取文件成功
2017-09-17T03:12:56: 读取文件成功
2017-09-17T03:13:56: 读取文件成功
2017-09-17T03:14:56: 读取文件成功
2017-09-17T03:15:56: 读取文件成功
2017-09-17T03:16:57: 读取文件成功
2017-09-17T03:17:56: 读取文件成功
2017-09-17T03:18:56: 读取文件成功
2017-09-17T03:19:56: 读取文件成功
2017-09-17T03:20:56: 读取文件成功
2017-09-17T03:21:56: 读取文件成功
2017-09-17T03:22:57: 读取文件成功
2017-09-17T03:23:57: 读取文件成功
2017-09-17T03:24:57: 读取文件成功
2017-09-17T03:25:57: 读取文件成功
2017-09-17T03:26:57: 读取文件成功
2017-09-17T03:27:57: 读取文件成功
2017-09-17T03:28:57: 读取文件成功
2017-09-17T03:29:57: 读取文件成功
2017-09-17T03:30:57: 读取文件成功
2017-09-17T03:31:57: 读取文件成功
2017-09-17T03:32:57: 读取文件成功
2017-09-17T03:33:57: 读取文件成功
2017-09-17T03:34:57: 读取文件成功
2017-09-17T03:35:57: 读取文件成功
2017-09-17T03:36:57: 读取文件成功
2017-09-17T03:37:57: 读取文件成功
2017-09-17T03:38:57: 读取文件成功
2017-09-17T03:39:57: 读取文件成功
2017-09-17T03:40:57: 读取文件成功
2017-09-17T03:41:57: 读取文件成功
2017-09-17T03:42:57: 读取文件成功
2017-09-17T03:43:57: 读取文件成功
2017-09-17T03:44:57: 读取文件成功
2017-09-17T03:45:57: 读取文件成功
2017-09-17T03:46:57: 读取文件成功
2017-09-17T03:47:57: 读取文件成功
2017-09-17T03:48:57: 读取文件成功
2017-09-17T03:49:57: 读取文件成功
2017-09-17T03:50:57: 读取文件成功
2017-09-17T03:51:57: 读取文件成功
2017-09-17T03:52:57: 读取文件成功
2017-09-17T03:53:57: 读取文件成功
2017-09-17T03:54:57: 读取文件成功
2017-09-17T03:55:57: 读取文件成功
2017-09-17T03:56:57: 读取文件成功
2017-09-17T03:57:57: 读取文件成功
2017-09-17T03:58:57: 读取文件成功
2017-09-17T03:59:57: 读取文件成功
2017-09-17T04:00:57: 读取文件成功
2017-09-17T04:01:57: 读取文件成功
2017-09-17T04:02:57: 读取文件成功
2017-09-17T04:03:57: 读取文件成功
2017-09-17T04:04:57: 读取文件成功
2017-09-17T04:05:57: 读取文件成功
2017-09-17T04:06:57: 读取文件成功
2017-09-17T04:07:57: 读取文件成功
2017-09-17T04:08:57: 读取文件成功
2017-09-17T04:09:57: 读取文件成功
2017-09-17T04:10:57: 读取文件成功
2017-09-17T04:11:57: 读取文件成功
2017-09-17T04:12:57: 读取文件成功
2017-09-17T04:13:57: 读取文件成功
2017-09-17T04:14:57: 读取文件成功
2017-09-17T04:15:57: 读取文件成功
2017-09-17T04:16:57: 读取文件成功
2017-09-17T04:17:57: 读取文件成功
2017-09-17T04:18:57: 读取文件成功
2017-09-17T04:19:57: 读取文件成功
2017-09-17T04:20:57: 读取文件成功
2017-09-17T04:21:57: 读取文件成功
2017-09-17T04:22:57: 读取文件成功
2017-09-17T04:23:57: 读取文件成功
2017-09-17T04:24:57: 读取文件成功
2017-09-17T04:25:57: 读取文件成功
2017-09-17T04:26:57: 读取文件成功
2017-09-17T04:27:57: 读取文件成功
2017-09-17T04:28:57: 读取文件成功
2017-09-17T04:29:57: 读取文件成功
2017-09-17T04:30:57: 读取文件成功
2017-09-17T04:31:57: 读取文件成功
2017-09-17T04:32:57: 读取文件成功
2017-09-17T04:33:57: 读取文件成功
2017-09-17T04:34:57: 读取文件成功
2017-09-17T04:35:57: 读取文件成功
2017-09-17T04:36:57: 读取文件成功
2017-09-17T04:37:57: 读取文件成功
2017-09-17T04:38:57: 读取文件成功
2017-09-17T04:39:57: 读取文件成功
2017-09-17T04:40:57: 读取文件成功
2017-09-17T04:41:57: 读取文件成功
2017-09-17T04:42:57: 读取文件成功
2017-09-17T04:43:57: 读取文件成功
2017-09-17T04:44:57: 读取文件成功
2017-09-17T04:45:57: 读取文件成功
2017-09-17T04:46:57: 读取文件成功
2017-09-17T04:47:57: 读取文件成功
2017-09-17T04:48:57: 读取文件成功
2017-09-17T04:49:57: 读取文件成功
2017-09-17T04:50:57: 读取文件成功
2017-09-17T04:51:58: 读取文件成功
2017-09-17T04:52:57: 读取文件成功
2017-09-17T04:53:57: 读取文件成功
2017-09-17T04:54:57: 读取文件成功
2017-09-17T04:55:57: 读取文件成功
2017-09-17T04:56:57: 读取文件成功
2017-09-17T04:57:58: 读取文件成功
2017-09-17T04:58:57: 读取文件成功
2017-09-17T04:59:58: 读取文件成功
2017-09-17T05:00:58: 读取文件成功
2017-09-17T05:01:58: 读取文件成功
2017-09-17T05:02:58: 读取文件成功
2017-09-17T05:03:58: 读取文件成功
2017-09-17T05:04:58: 读取文件成功
2017-09-17T05:05:58: 读取文件成功
2017-09-17T05:06:58: 读取文件成功
2017-09-17T05:07:58: 读取文件成功
2017-09-17T05:08:58: 读取文件成功
2017-09-17T05:09:58: 读取文件成功
2017-09-17T05:10:58: 读取文件成功
2017-09-17T05:11:58: 读取文件成功
2017-09-17T05:12:58: 读取文件成功
2017-09-17T05:13:58: 读取文件成功
2017-09-17T05:14:58: 读取文件成功
2017-09-17T05:15:58: 读取文件成功
2017-09-17T05:16:58: 读取文件成功
2017-09-17T05:17:58: 读取文件成功
2017-09-17T05:18:58: 读取文件成功
2017-09-17T05:19:58: 读取文件成功
2017-09-17T05:20:58: 读取文件成功
2017-09-17T05:21:58: 读取文件成功
2017-09-17T05:22:58: 读取文件成功
2017-09-17T05:23:58: 读取文件成功
2017-09-17T05:24:58: 读取文件成功
2017-09-17T05:25:58: 读取文件成功
2017-09-17T05:26:58: 读取文件成功
2017-09-17T05:27:58: 读取文件成功
2017-09-17T05:28:58: 读取文件成功
2017-09-17T05:29:58: 读取文件成功
2017-09-17T05:30:58: 读取文件成功
2017-09-17T05:31:58: 读取文件成功
2017-09-17T05:32:58: 读取文件成功
2017-09-17T05:33:58: 读取文件成功
2017-09-17T05:34:58: 读取文件成功
2017-09-17T05:35:58: 读取文件成功
2017-09-17T05:36:58: 读取文件成功
2017-09-17T05:37:58: 读取文件成功
2017-09-17T05:38:58: 读取文件成功
2017-09-17T05:39:58: 读取文件成功
2017-09-17T05:40:58: 读取文件成功
2017-09-17T05:41:58: 读取文件成功
2017-09-17T05:42:58: 读取文件成功
2017-09-17T05:43:58: 读取文件成功
2017-09-17T05:44:58: 读取文件成功
2017-09-17T05:45:58: 读取文件成功
2017-09-17T05:46:58: 读取文件成功
2017-09-17T05:47:58: 读取文件成功
2017-09-17T05:48:58: 读取文件成功
2017-09-17T05:49:58: 读取文件成功
2017-09-17T05:50:58: 读取文件成功
2017-09-17T05:51:58: 读取文件成功
2017-09-17T05:52:58: 读取文件成功
2017-09-17T05:53:58: 读取文件成功
2017-09-17T05:54:58: 读取文件成功
2017-09-17T05:55:58: 读取文件成功
2017-09-17T05:56:58: 读取文件成功
2017-09-17T05:57:58: 读取文件成功
2017-09-17T05:58:58: 读取文件成功
2017-09-17T05:59:58: 读取文件成功
2017-09-17T06:00:58: 读取文件成功
2017-09-17T06:01:58: 读取文件成功
2017-09-17T06:02:58: 读取文件成功
2017-09-17T06:03:58: 读取文件成功
2017-09-17T06:04:58: 读取文件成功
2017-09-17T06:05:58: 读取文件成功
2017-09-17T06:06:58: 读取文件成功
2017-09-17T06:07:58: 读取文件成功
2017-09-17T06:08:58: 读取文件成功
2017-09-17T06:09:58: 读取文件成功
2017-09-17T06:10:58: 读取文件成功
2017-09-17T06:11:58: 读取文件成功
2017-09-17T06:12:58: 读取文件成功
2017-09-17T06:13:58: 读取文件成功
2017-09-17T06:14:58: 读取文件成功
2017-09-17T06:15:58: 读取文件成功
2017-09-17T06:16:58: 读取文件成功
2017-09-17T06:17:58: 读取文件成功
2017-09-17T06:18:58: 读取文件成功
2017-09-17T06:19:58: 读取文件成功
2017-09-17T06:20:58: 读取文件成功
2017-09-17T06:21:58: 读取文件成功
2017-09-17T06:22:58: 读取文件成功
2017-09-17T06:23:58: 读取文件成功
2017-09-17T06:24:58: 读取文件成功
2017-09-17T06:25:58: 读取文件成功
2017-09-17T06:26:58: 读取文件成功
2017-09-17T06:27:58: 读取文件成功
2017-09-17T06:28:58: 读取文件成功
2017-09-17T06:29:58: 读取文件成功
2017-09-17T06:30:58: 读取文件成功
2017-09-17T06:31:58: 读取文件成功
2017-09-17T06:32:59: 读取文件成功
2017-09-17T06:33:58: 读取文件成功
2017-09-17T06:34:58: 读取文件成功
2017-09-17T06:35:58: 读取文件成功
2017-09-17T06:36:58: 读取文件成功
2017-09-17T06:37:58: 读取文件成功
2017-09-17T06:38:59: 读取文件成功
2017-09-17T06:39:58: 读取文件成功
2017-09-17T06:40:58: 读取文件成功
2017-09-17T06:41:58: 读取文件成功
2017-09-17T06:42:58: 读取文件成功
2017-09-17T06:43:58: 读取文件成功
2017-09-17T06:44:59: 读取文件成功
2017-09-17T06:45:59: 读取文件成功
2017-09-17T06:46:59: 读取文件成功
2017-09-17T06:47:59: 读取文件成功
2017-09-17T06:48:59: 读取文件成功
2017-09-17T06:49:59: 读取文件成功
2017-09-17T06:50:59: 读取文件成功
2017-09-17T06:51:59: 读取文件成功
2017-09-17T06:52:59: 读取文件成功
2017-09-17T06:53:59: 读取文件成功
2017-09-17T06:54:59: 读取文件成功
2017-09-17T06:55:59: 读取文件成功
2017-09-17T06:56:59: 读取文件成功
2017-09-17T06:57:59: 读取文件成功
2017-09-17T06:58:59: 读取文件成功
2017-09-17T06:59:59: 读取文件成功
2017-09-17T07:00:59: 读取文件成功
2017-09-17T07:01:59: 读取文件成功
2017-09-17T07:02:59: 读取文件成功
2017-09-17T07:03:59: 读取文件成功
2017-09-17T07:04:59: 读取文件成功
2017-09-17T07:05:59: 读取文件成功
2017-09-17T07:06:59: 读取文件成功
2017-09-17T07:07:59: 读取文件成功
2017-09-17T07:08:59: 读取文件成功
2017-09-17T07:09:59: 读取文件成功
2017-09-17T07:10:59: 读取文件成功
2017-09-17T07:11:59: 读取文件成功
2017-09-17T07:12:59: 读取文件成功
2017-09-17T07:13:59: 读取文件成功
2017-09-17T07:14:59: 读取文件成功
2017-09-17T07:15:59: 读取文件成功
2017-09-17T07:16:59: 读取文件成功
2017-09-17T07:17:59: 读取文件成功
2017-09-17T07:18:59: 读取文件成功
2017-09-17T07:19:59: 读取文件成功
2017-09-17T07:20:59: 读取文件成功
2017-09-17T07:21:59: 读取文件成功
2017-09-17T07:22:59: 读取文件成功
2017-09-17T07:23:59: 读取文件成功
2017-09-17T07:24:59: 读取文件成功
2017-09-17T07:25:59: 读取文件成功
2017-09-17T07:26:59: 读取文件成功
2017-09-17T07:27:59: 读取文件成功
2017-09-17T07:28:59: 读取文件成功
2017-09-17T07:29:59: 读取文件成功
2017-09-17T07:30:59: 读取文件成功
2017-09-17T07:31:59: 读取文件成功
2017-09-17T07:32:59: 读取文件成功
2017-09-17T07:33:59: 读取文件成功
2017-09-17T07:34:59: 读取文件成功
2017-09-17T07:35:59: 读取文件成功
2017-09-17T07:36:59: 读取文件成功
2017-09-17T07:37:59: 读取文件成功
2017-09-17T07:38:59: 读取文件成功
2017-09-17T07:39:59: 读取文件成功
2017-09-17T07:40:59: 读取文件成功
2017-09-17T07:41:59: 读取文件成功
2017-09-17T07:42:59: 读取文件成功
2017-09-17T07:43:59: 读取文件成功
2017-09-17T07:44:59: 读取文件成功
2017-09-17T07:45:59: 读取文件成功
2017-09-17T07:46:59: 读取文件成功
2017-09-17T07:47:59: 读取文件成功
2017-09-17T07:48:59: 读取文件成功
2017-09-17T07:49:59: 读取文件成功
2017-09-17T07:50:59: 读取文件成功
2017-09-17T07:51:59: 读取文件成功
2017-09-17T07:52:59: 读取文件成功
2017-09-17T07:53:59: 读取文件成功
2017-09-17T07:54:59: 读取文件成功
2017-09-17T07:55:59: 读取文件成功
2017-09-17T07:56:59: 读取文件成功
2017-09-17T07:57:59: 读取文件成功
2017-09-17T07:58:59: 读取文件成功
2017-09-17T07:59:59: 读取文件成功
2017-09-17T08:00:59: 读取文件成功
2017-09-17T08:01:59: 读取文件成功
2017-09-17T08:02:59: 读取文件成功
2017-09-17T08:03:59: 读取文件成功
2017-09-17T08:04:59: 读取文件成功
2017-09-17T08:05:59: 读取文件成功
2017-09-17T08:06:59: 读取文件成功
2017-09-17T08:08:00: 读取文件成功
2017-09-17T08:08:59: 读取文件成功
2017-09-17T08:09:59: 读取文件成功
2017-09-17T08:10:59: 读取文件成功
2017-09-17T08:11:59: 读取文件成功
2017-09-17T08:13:00: 读取文件成功
2017-09-17T08:14:00: 读取文件成功
2017-09-17T08:14:59: 读取文件成功
2017-09-17T08:15:59: 读取文件成功
2017-09-17T08:16:59: 读取文件成功
2017-09-17T08:17:59: 读取文件成功
2017-09-17T08:18:59: 读取文件成功
2017-09-17T08:20:00: 读取文件成功
2017-09-17T08:20:59: 读取文件成功
2017-09-17T08:21:59: 读取文件成功
2017-09-17T08:22:59: 读取文件成功
2017-09-17T08:24:00: 读取文件成功
2017-09-17T08:25:00: 读取文件成功
2017-09-17T08:26:00: 读取文件成功
2017-09-17T08:27:00: 读取文件成功
2017-09-17T08:28:00: 读取文件成功
2017-09-17T08:29:00: 读取文件成功
2017-09-17T08:30:00: 读取文件成功
2017-09-17T08:31:00: 读取文件成功
2017-09-17T08:32:00: 读取文件成功
2017-09-17T08:33:00: 读取文件成功
2017-09-17T08:34:00: 读取文件成功
2017-09-17T08:35:00: 读取文件成功
2017-09-17T08:36:00: 读取文件成功
2017-09-17T08:37:00: 读取文件成功
2017-09-17T08:38:00: 读取文件成功
2017-09-17T08:39:00: 读取文件成功
2017-09-17T08:40:00: 读取文件成功
2017-09-17T08:41:00: 读取文件成功
2017-09-17T08:42:00: 读取文件成功
2017-09-17T08:43:00: 读取文件成功
2017-09-17T08:44:00: 读取文件成功
2017-09-17T08:45:00: 读取文件成功
2017-09-17T08:46:00: 读取文件成功
2017-09-17T08:47:00: 读取文件成功
2017-09-17T08:48:00: 读取文件成功
2017-09-17T08:49:00: 读取文件成功
2017-09-17T08:50:00: 读取文件成功
2017-09-17T08:51:00: 读取文件成功
2017-09-17T08:52:00: 读取文件成功
2017-09-17T08:53:00: 读取文件成功
2017-09-17T08:54:00: 读取文件成功
2017-09-17T08:55:00: 读取文件成功
2017-09-17T08:56:00: 读取文件成功
2017-09-17T08:57:00: 读取文件成功
2017-09-17T08:58:00: 读取文件成功
2017-09-17T08:59:00: 读取文件成功
2017-09-17T09:00:00: 读取文件成功
2017-09-17T09:01:00: 读取文件成功
2017-09-17T09:02:00: 读取文件成功
2017-09-17T09:03:00: 读取文件成功
2017-09-17T09:04:00: 读取文件成功
2017-09-17T09:05:00: 读取文件成功
2017-09-17T09:06:00: 读取文件成功
2017-09-17T09:07:00: 读取文件成功
2017-09-17T09:08:00: 读取文件成功
2017-09-17T09:09:00: 读取文件成功
2017-09-17T09:10:00: 读取文件成功
2017-09-17T09:11:00: 读取文件成功
2017-09-17T09:12:00: 读取文件成功
2017-09-17T09:13:00: 读取文件成功
2017-09-17T09:14:00: 读取文件成功
2017-09-17T09:15:00: 读取文件成功
2017-09-17T09:16:00: 读取文件成功
2017-09-17T09:17:00: 读取文件成功
2017-09-17T09:18:00: 读取文件成功
2017-09-17T09:19:00: 读取文件成功
2017-09-17T09:20:00: 读取文件成功
2017-09-17T09:21:00: 读取文件成功
2017-09-17T09:22:00: 读取文件成功
2017-09-17T09:23:00: 读取文件成功
2017-09-17T09:24:00: 读取文件成功
2017-09-17T09:25:00: 读取文件成功
2017-09-17T09:26:00: 读取文件成功
2017-09-17T09:27:00: 读取文件成功
2017-09-17T09:28:00: 读取文件成功
2017-09-17T09:29:00: 读取文件成功
2017-09-17T09:30:00: 读取文件成功
2017-09-17T09:31:00: 读取文件成功
2017-09-17T09:32:00: 读取文件成功
2017-09-17T09:33:00: 读取文件成功
2017-09-17T09:34:00: 读取文件成功
2017-09-17T09:35:00: 读取文件成功
2017-09-17T09:36:00: 读取文件成功
2017-09-17T09:37:01: 读取文件成功
2017-09-17T09:38:00: 读取文件成功
2017-09-17T09:39:00: 读取文件成功
2017-09-17T09:40:00: 读取文件成功
2017-09-17T09:41:00: 读取文件成功
2017-09-17T09:42:00: 读取文件成功
2017-09-17T09:43:01: 读取文件成功
2017-09-17T09:44:00: 读取文件成功
2017-09-17T09:45:00: 读取文件成功
2017-09-17T09:46:00: 读取文件成功
2017-09-17T09:47:00: 读取文件成功
2017-09-17T09:48:01: 读取文件成功
2017-09-17T09:49:01: 读取文件成功
2017-09-17T09:50:00: 读取文件成功
2017-09-17T09:51:00: 读取文件成功
2017-09-17T09:52:00: 读取文件成功
2017-09-17T09:53:00: 读取文件成功
2017-09-17T09:54:00: 读取文件成功
2017-09-17T09:55:01: 读取文件成功
2017-09-17T09:56:01: 读取文件成功
2017-09-17T09:57:01: 读取文件成功
2017-09-17T09:58:01: 读取文件成功
2017-09-17T09:59:01: 读取文件成功
2017-09-17T10:00:01: 读取文件成功
2017-09-17T10:01:01: 读取文件成功
2017-09-17T10:02:01: 读取文件成功
2017-09-17T10:03:01: 读取文件成功
2017-09-17T10:04:01: 读取文件成功
2017-09-17T10:05:01: 读取文件成功
2017-09-17T10:06:01: 读取文件成功
2017-09-17T10:07:01: 读取文件成功
2017-09-17T10:08:01: 读取文件成功
2017-09-17T10:09:01: 读取文件成功
2017-09-17T10:10:01: 读取文件成功
2017-09-17T10:11:01: 读取文件成功
2017-09-17T10:12:01: 读取文件成功
2017-09-17T10:13:01: 读取文件成功
2017-09-17T10:14:01: 读取文件成功
2017-09-17T10:15:01: 读取文件成功
2017-09-17T10:16:01: 读取文件成功
2017-09-17T10:17:01: 读取文件成功
2017-09-17T10:18:01: 读取文件成功
2017-09-17T10:19:01: 读取文件成功
2017-09-17T10:20:01: 读取文件成功
2017-09-17T10:21:01: 读取文件成功
2017-09-17T10:22:01: 读取文件成功
2017-09-17T10:23:01: 读取文件成功
2017-09-17T10:24:01: 读取文件成功
2017-09-17T10:25:01: 读取文件成功
2017-09-17T10:26:01: 读取文件成功
2017-09-17T10:27:01: 读取文件成功
2017-09-17T10:28:01: 读取文件成功
2017-09-17T10:29:01: 读取文件成功
2017-09-17T10:30:01: 读取文件成功
2017-09-17T10:31:01: 读取文件成功
2017-09-17T10:32:01: 读取文件成功
2017-09-17T10:33:01: 读取文件成功
2017-09-17T10:34:01: 读取文件成功
2017-09-17T10:35:01: 读取文件成功
2017-09-17T10:36:01: 读取文件成功
2017-09-17T10:37:01: 读取文件成功
2017-09-17T10:38:01: 读取文件成功
2017-09-17T10:39:01: 读取文件成功
2017-09-17T10:40:01: 读取文件成功
2017-09-17T10:41:01: 读取文件成功
2017-09-17T10:42:01: 读取文件成功
2017-09-17T10:43:01: 读取文件成功
2017-09-17T10:44:01: 读取文件成功
2017-09-17T10:45:01: 读取文件成功
2017-09-17T10:46:01: 读取文件成功
2017-09-17T10:47:01: 读取文件成功
2017-09-17T10:48:01: 读取文件成功
2017-09-17T10:49:01: 读取文件成功
2017-09-17T10:50:01: 读取文件成功
2017-09-17T10:51:01: 读取文件成功
2017-09-17T10:52:01: 读取文件成功
2017-09-17T10:53:01: 读取文件成功
2017-09-17T10:54:01: 读取文件成功
2017-09-17T10:55:01: 读取文件成功
2017-09-17T10:56:01: 读取文件成功
2017-09-17T10:57:01: 读取文件成功
2017-09-17T10:58:01: 读取文件成功
2017-09-17T10:59:01: 读取文件成功
2017-09-17T11:00:01: 读取文件成功
2017-09-17T11:01:01: 读取文件成功
2017-09-17T11:02:01: 读取文件成功
2017-09-17T11:03:01: 读取文件成功
2017-09-17T11:04:01: 读取文件成功
2017-09-17T11:05:01: 读取文件成功
2017-09-17T11:06:01: 读取文件成功
2017-09-17T11:07:01: 读取文件成功
2017-09-17T11:08:02: 读取文件成功
2017-09-17T11:09:01: 读取文件成功
2017-09-17T11:10:01: 读取文件成功
2017-09-17T11:11:01: 读取文件成功
2017-09-17T11:12:02: 读取文件成功
2017-09-17T11:13:01: 读取文件成功
2017-09-17T11:14:02: 读取文件成功
2017-09-17T11:15:01: 读取文件成功
2017-09-17T11:16:01: 读取文件成功
2017-09-17T11:17:01: 读取文件成功
2017-09-17T11:18:01: 读取文件成功
2017-09-17T11:19:01: 读取文件成功
2017-09-17T11:20:01: 读取文件成功
2017-09-17T11:21:01: 读取文件成功
2017-09-17T11:22:01: 读取文件成功
2017-09-17T11:23:01: 读取文件成功
2017-09-17T11:24:03: 读取文件成功
2017-09-17T11:25:01: 读取文件成功
2017-09-17T11:26:02: 读取文件成功
2017-09-17T11:27:03: 读取文件成功
2017-09-17T11:28:02: 读取文件成功
2017-09-17T11:29:02: 读取文件成功
2017-09-17T11:30:03: 读取文件成功
2017-09-17T11:31:02: 读取文件成功
2017-09-17T11:32:02: 读取文件成功
2017-09-17T11:33:02: 读取文件成功
2017-09-17T11:34:02: 读取文件成功
2017-09-17T11:35:01: 读取文件成功
2017-09-17T11:36:02: 读取文件成功
2017-09-17T11:37:02: 读取文件成功
2017-09-17T11:38:02: 读取文件成功
2017-09-17T11:39:02: 读取文件成功
2017-09-17T11:40:02: 读取文件成功
2017-09-17T11:41:02: 读取文件成功
2017-09-17T11:42:02: 读取文件成功
2017-09-17T11:43:02: 读取文件成功
2017-09-17T11:44:02: 读取文件成功
2017-09-17T11:45:02: 读取文件成功
2017-09-17T11:46:02: 读取文件成功
2017-09-17T11:47:02: 读取文件成功
2017-09-17T11:48:02: 读取文件成功
2017-09-17T11:49:02: 读取文件成功
2017-09-17T11:50:02: 读取文件成功
2017-09-17T11:51:02: 读取文件成功
2017-09-17T11:52:02: 读取文件成功
2017-09-17T11:53:02: 读取文件成功
2017-09-17T11:54:02: 读取文件成功
2017-09-17T11:55:02: 读取文件成功
2017-09-17T11:56:02: 读取文件成功
2017-09-17T11:57:02: 读取文件成功
2017-09-17T11:58:02: 读取文件成功
2017-09-17T11:59:02: 读取文件成功
2017-09-17T12:00:02: 读取文件成功
2017-09-17T12:01:02: 读取文件成功
2017-09-17T12:02:02: 读取文件成功
2017-09-17T12:03:02: 读取文件成功
2017-09-17T12:04:02: 读取文件成功
2017-09-17T12:05:02: 读取文件成功
2017-09-17T12:06:02: 读取文件成功
2017-09-17T12:07:02: 读取文件成功
2017-09-17T12:08:02: 读取文件成功
2017-09-17T12:09:02: 读取文件成功
2017-09-17T12:10:02: 读取文件成功
2017-09-17T12:11:03: 读取文件成功
2017-09-17T12:12:02: 读取文件成功
2017-09-17T12:13:02: 读取文件成功
2017-09-17T12:14:02: 读取文件成功
2017-09-17T12:15:02: 读取文件成功
2017-09-17T12:16:02: 读取文件成功
2017-09-17T12:17:02: 读取文件成功
2017-09-17T12:18:02: 读取文件成功
2017-09-17T12:19:02: 读取文件成功
2017-09-17T12:20:02: 读取文件成功
2017-09-17T12:21:02: 读取文件成功
2017-09-17T12:22:02: 读取文件成功
2017-09-17T12:23:02: 读取文件成功
2017-09-17T12:24:02: 读取文件成功
2017-09-17T12:25:02: 读取文件成功
2017-09-17T12:26:02: 读取文件成功
2017-09-17T12:27:02: 读取文件成功
2017-09-17T12:28:02: 读取文件成功
2017-09-17T12:29:02: 读取文件成功
2017-09-17T12:30:02: 读取文件成功
2017-09-17T12:31:02: 读取文件成功
2017-09-17T12:32:02: 读取文件成功
2017-09-17T12:33:02: 读取文件成功
2017-09-17T12:34:02: 读取文件成功
2017-09-17T12:35:02: 读取文件成功
2017-09-17T12:36:02: 读取文件成功
2017-09-17T12:37:02: 读取文件成功
2017-09-17T12:38:02: 读取文件成功
2017-09-17T12:39:02: 读取文件成功
2017-09-17T12:40:02: 读取文件成功
2017-09-17T12:41:02: 读取文件成功
2017-09-17T12:42:02: 读取文件成功
2017-09-17T12:43:02: 读取文件成功
2017-09-17T12:44:02: 读取文件成功
2017-09-17T12:45:02: 读取文件成功
2017-09-17T12:46:02: 读取文件成功
2017-09-17T12:47:02: 读取文件成功
2017-09-17T12:48:03: 读取文件成功
2017-09-17T12:49:02: 读取文件成功
2017-09-17T12:50:02: 读取文件成功
2017-09-17T12:51:02: 读取文件成功
2017-09-17T12:52:03: 读取文件成功
2017-09-17T12:53:05: 读取文件成功
2017-09-17T12:54:02: 读取文件成功
2017-09-17T12:55:03: 读取文件成功
2017-09-17T12:56:02: 读取文件成功
2017-09-17T12:57:03: 读取文件成功
2017-09-17T12:58:03: 读取文件成功
2017-09-17T12:59:02: 读取文件成功
2017-09-17T13:00:02: 读取文件成功
2017-09-17T13:01:02: 读取文件成功
2017-09-17T13:02:02: 读取文件成功
2017-09-17T13:03:02: 读取文件成功
2017-09-17T13:04:03: 读取文件成功
2017-09-17T13:05:02: 读取文件成功
2017-09-17T13:06:02: 读取文件成功
2017-09-17T13:07:02: 读取文件成功
2017-09-17T13:08:03: 读取文件成功
2017-09-17T13:09:02: 读取文件成功
2017-09-17T13:10:03: 读取文件成功
2017-09-17T13:11:02: 读取文件成功
2017-09-17T13:12:02: 读取文件成功
2017-09-17T13:13:02: 读取文件成功
2017-09-17T13:14:03: 读取文件成功
2017-09-17T13:15:03: 读取文件成功
2017-09-17T13:16:03: 读取文件成功
2017-09-17T13:17:02: 读取文件成功
2017-09-17T13:18:03: 读取文件成功
2017-09-17T13:19:03: 读取文件成功
2017-09-17T13:20:03: 读取文件成功
2017-09-17T13:21:03: 读取文件成功
2017-09-17T13:22:03: 读取文件成功
2017-09-17T13:23:03: 读取文件成功
2017-09-17T13:24:03: 读取文件成功
2017-09-17T13:25:03: 读取文件成功
2017-09-17T13:26:03: 读取文件成功
2017-09-17T13:27:03: 读取文件成功
2017-09-17T13:28:03: 读取文件成功
2017-09-17T13:29:03: 读取文件成功
2017-09-17T13:30:03: 读取文件成功
2017-09-17T13:31:03: 读取文件成功
2017-09-17T13:32:03: 读取文件成功
2017-09-17T13:33:03: 读取文件成功
2017-09-17T13:34:03: 读取文件成功
2017-09-17T13:35:03: 读取文件成功
2017-09-17T13:36:03: 读取文件成功
2017-09-17T13:37:03: 读取文件成功
2017-09-17T13:38:03: 读取文件成功
2017-09-17T13:39:03: 读取文件成功
2017-09-17T13:40:03: 读取文件成功
2017-09-17T13:41:03: 读取文件成功
2017-09-17T13:42:03: 读取文件成功
2017-09-17T13:43:03: 读取文件成功
2017-09-17T13:44:03: 读取文件成功
2017-09-17T13:45:03: 读取文件成功
2017-09-17T13:46:03: 读取文件成功
2017-09-17T13:47:03: 读取文件成功
2017-09-17T13:48:03: 读取文件成功
2017-09-17T13:49:03: 读取文件成功
2017-09-17T13:50:03: 读取文件成功
2017-09-17T13:51:03: 读取文件成功
2017-09-17T13:52:03: 读取文件成功
2017-09-17T13:53:03: 读取文件成功
2017-09-17T13:54:03: 读取文件成功
2017-09-17T13:55:03: 读取文件成功
2017-09-17T13:56:03: 读取文件成功
2017-09-17T13:57:03: 读取文件成功
2017-09-17T13:58:03: 读取文件成功
2017-09-17T13:59:03: 读取文件成功
2017-09-17T14:00:03: 读取文件成功
2017-09-17T14:01:03: 读取文件成功
2017-09-17T14:02:03: 读取文件成功
2017-09-17T14:03:03: 读取文件成功
2017-09-17T14:04:03: 读取文件成功
2017-09-17T14:05:03: 读取文件成功
2017-09-17T14:06:03: 读取文件成功
2017-09-17T14:07:03: 读取文件成功
2017-09-17T14:08:03: 读取文件成功
2017-09-17T14:09:03: 读取文件成功
2017-09-17T14:10:03: 读取文件成功
2017-09-17T14:11:03: 读取文件成功
2017-09-17T14:12:03: 读取文件成功
2017-09-17T14:13:03: 读取文件成功
2017-09-17T14:14:03: 读取文件成功
2017-09-17T14:15:03: 读取文件成功
2017-09-17T14:16:03: 读取文件成功
2017-09-17T14:17:03: 读取文件成功
2017-09-17T14:18:03: 读取文件成功
2017-09-17T14:19:03: 读取文件成功
2017-09-17T14:20:03: 读取文件成功
2017-09-17T14:21:03: 读取文件成功
2017-09-17T14:22:03: 读取文件成功
2017-09-17T14:23:03: 读取文件成功
2017-09-17T14:24:03: 读取文件成功
2017-09-17T14:25:03: 读取文件成功
2017-09-17T14:26:03: 读取文件成功
2017-09-17T14:27:04: 读取文件成功
2017-09-17T14:28:03: 读取文件成功
2017-09-17T14:29:03: 读取文件成功
2017-09-17T14:30:03: 读取文件成功
2017-09-17T14:31:03: 读取文件成功
2017-09-17T14:32:03: 读取文件成功
2017-09-17T14:33:03: 读取文件成功
2017-09-17T14:34:03: 读取文件成功
2017-09-17T14:35:03: 读取文件成功
2017-09-17T14:36:03: 读取文件成功
2017-09-17T14:37:03: 读取文件成功
2017-09-17T14:38:03: 读取文件成功
2017-09-17T14:39:04: 读取文件成功
2017-09-17T14:40:03: 读取文件成功
2017-09-17T14:41:03: 读取文件成功
2017-09-17T14:42:03: 读取文件成功
2017-09-17T14:43:03: 读取文件成功
2017-09-17T14:44:03: 读取文件成功
2017-09-17T14:45:04: 读取文件成功
2017-09-17T14:46:03: 读取文件成功
2017-09-17T14:47:03: 读取文件成功
2017-09-17T14:48:04: 读取文件成功
2017-09-17T14:49:03: 读取文件成功
2017-09-17T14:50:04: 读取文件成功
2017-09-17T14:51:04: 读取文件成功
2017-09-17T14:52:04: 读取文件成功
2017-09-17T14:53:04: 读取文件成功
2017-09-17T14:54:04: 读取文件成功
2017-09-17T14:55:04: 读取文件成功
2017-09-17T14:56:04: 读取文件成功
2017-09-17T14:57:04: 读取文件成功
2017-09-17T14:58:04: 读取文件成功
2017-09-17T14:59:04: 读取文件成功
2017-09-17T15:00:04: 读取文件成功
2017-09-17T15:01:04: 读取文件成功
2017-09-17T15:02:04: 读取文件成功
2017-09-17T15:03:04: 读取文件成功
2017-09-17T15:04:04: 读取文件成功
2017-09-17T15:05:04: 读取文件成功
2017-09-17T15:06:04: 读取文件成功
2017-09-17T15:07:04: 读取文件成功
2017-09-17T15:08:04: 读取文件成功
2017-09-17T15:09:04: 读取文件成功
2017-09-17T15:10:04: 读取文件成功
2017-09-17T15:11:04: 读取文件成功
2017-09-17T15:12:04: 读取文件成功
2017-09-17T15:13:04: 读取文件成功
2017-09-17T15:14:04: 读取文件成功
2017-09-17T15:15:04: 读取文件成功
2017-09-17T15:16:04: 读取文件成功
2017-09-17T15:17:04: 读取文件成功
2017-09-17T15:18:04: 读取文件成功
2017-09-17T15:19:04: 读取文件成功
2017-09-17T15:20:04: 读取文件成功
2017-09-17T15:21:04: 读取文件成功
2017-09-17T15:22:04: 读取文件成功
2017-09-17T15:23:04: 读取文件成功
2017-09-17T15:24:04: 读取文件成功
2017-09-17T15:25:04: 读取文件成功
2017-09-17T15:26:04: 读取文件成功
2017-09-17T15:27:04: 读取文件成功
2017-09-17T15:28:04: 读取文件成功
2017-09-17T15:29:04: 读取文件成功
2017-09-17T15:30:04: 读取文件成功
2017-09-17T15:31:04: 读取文件成功
2017-09-17T15:32:04: 读取文件成功
2017-09-17T15:33:04: 读取文件成功
2017-09-17T15:34:04: 读取文件成功
2017-09-17T15:35:04: 读取文件成功
2017-09-17T15:36:04: 读取文件成功
2017-09-17T15:37:04: 读取文件成功
2017-09-17T15:38:05: 读取文件成功
2017-09-17T15:39:04: 读取文件成功
2017-09-17T15:40:04: 读取文件成功
2017-09-17T15:41:04: 读取文件成功
2017-09-17T15:42:04: 读取文件成功
2017-09-17T15:43:04: 读取文件成功
2017-09-17T15:44:04: 读取文件成功
2017-09-17T15:45:04: 读取文件成功
2017-09-17T15:46:04: 读取文件成功
2017-09-17T15:47:04: 读取文件成功
2017-09-17T15:48:04: 读取文件成功
2017-09-17T15:49:04: 读取文件成功
2017-09-17T15:50:04: 读取文件成功
2017-09-17T15:51:04: 读取文件成功
2017-09-17T15:52:04: 读取文件成功
2017-09-17T15:53:04: 读取文件成功
2017-09-17T15:54:04: 读取文件成功
2017-09-17T15:55:04: 读取文件成功
2017-09-17T15:56:04: 读取文件成功
2017-09-17T15:57:04: 读取文件成功
2017-09-17T15:58:04: 读取文件成功
2017-09-17T15:59:04: 读取文件成功
2017-09-17T16:00:04: 读取文件成功
2017-09-17T16:01:04: 读取文件成功
2017-09-17T16:02:04: 读取文件成功
2017-09-17T16:03:04: 读取文件成功
2017-09-17T16:04:04: 读取文件成功
2017-09-17T16:05:04: 读取文件成功
2017-09-17T16:06:04: 读取文件成功
2017-09-17T16:07:08: 读取文件成功
2017-09-17T16:08:09: 读取文件成功
2017-09-17T16:09:04: 读取文件成功
2017-09-17T16:10:04: 读取文件成功
2017-09-17T16:11:04: 读取文件成功
2017-09-17T16:12:04: 读取文件成功
2017-09-17T16:13:04: 读取文件成功
2017-09-17T16:14:05: 读取文件成功
2017-09-17T16:15:04: 读取文件成功
2017-09-17T16:16:04: 读取文件成功
2017-09-17T16:17:04: 读取文件成功
2017-09-17T16:18:04: 读取文件成功
2017-09-17T16:19:04: 读取文件成功
2017-09-17T16:20:05: 读取文件成功
2017-09-17T16:21:04: 读取文件成功
2017-09-17T16:22:04: 读取文件成功
2017-09-17T16:23:04: 读取文件成功
2017-09-17T16:24:04: 读取文件成功
2017-09-17T16:25:04: 读取文件成功
2017-09-17T16:26:05: 读取文件成功
2017-09-17T16:27:04: 读取文件成功
2017-09-17T16:28:05: 读取文件成功
2017-09-17T16:29:05: 读取文件成功
2017-09-17T16:30:05: 读取文件成功
2017-09-17T16:31:05: 读取文件成功
2017-09-17T16:32:05: 读取文件成功
2017-09-17T16:33:05: 读取文件成功
2017-09-17T16:34:05: 读取文件成功
2017-09-17T16:35:05: 读取文件成功
2017-09-17T16:36:05: 读取文件成功
2017-09-17T16:37:05: 读取文件成功
2017-09-17T16:38:05: 读取文件成功
2017-09-17T16:39:05: 读取文件成功
2017-09-17T16:40:05: 读取文件成功
2017-09-17T16:41:05: 读取文件成功
2017-09-17T16:42:05: 读取文件成功
2017-09-17T16:43:05: 读取文件成功
2017-09-17T16:44:05: 读取文件成功
2017-09-17T16:45:05: 读取文件成功
2017-09-17T16:46:05: 读取文件成功
2017-09-17T16:47:05: 读取文件成功
2017-09-17T16:48:05: 读取文件成功
2017-09-17T16:49:05: 读取文件成功
2017-09-17T16:50:05: 读取文件成功
2017-09-17T16:51:05: 读取文件成功
2017-09-17T16:52:05: 读取文件成功
2017-09-17T16:53:05: 读取文件成功
2017-09-17T16:54:05: 读取文件成功
2017-09-17T16:55:05: 读取文件成功
2017-09-17T16:56:05: 读取文件成功
2017-09-17T16:57:05: 读取文件成功
2017-09-17T16:58:05: 读取文件成功
2017-09-17T16:59:05: 读取文件成功
2017-09-17T17:00:05: 读取文件成功
2017-09-17T17:01:05: 读取文件成功
2017-09-17T17:02:05: 读取文件成功
2017-09-17T17:03:05: 读取文件成功
2017-09-17T17:04:05: 读取文件成功
2017-09-17T17:05:06: 读取文件成功
2017-09-17T17:06:05: 读取文件成功
2017-09-17T17:07:05: 读取文件成功
2017-09-17T17:08:05: 读取文件成功
2017-09-17T17:09:05: 读取文件成功
2017-09-17T17:10:05: 读取文件成功
2017-09-17T17:11:05: 读取文件成功
2017-09-17T17:12:07: 读取文件成功
2017-09-17T17:13:05: 读取文件成功
2017-09-17T17:14:10: 读取文件成功
2017-09-17T17:15:05: 读取文件成功
2017-09-17T17:16:05: 读取文件成功
2017-09-17T17:17:05: 读取文件成功
2017-09-17T17:18:05: 读取文件成功
2017-09-17T17:19:05: 读取文件成功
2017-09-17T17:20:06: 读取文件成功
2017-09-17T17:21:05: 读取文件成功
2017-09-17T17:22:05: 读取文件成功
2017-09-17T17:23:05: 读取文件成功
2017-09-17T17:24:05: 读取文件成功
2017-09-17T17:25:05: 读取文件成功
2017-09-17T17:26:05: 读取文件成功
2017-09-17T17:27:05: 读取文件成功
2017-09-17T17:28:05: 读取文件成功
2017-09-17T17:29:05: 读取文件成功
2017-09-17T17:30:05: 读取文件成功
2017-09-17T17:31:06: 读取文件成功
2017-09-17T17:32:05: 读取文件成功
2017-09-17T17:33:05: 读取文件成功
2017-09-17T17:34:05: 读取文件成功
2017-09-17T17:35:05: 读取文件成功
2017-09-17T17:36:05: 读取文件成功
2017-09-17T17:37:05: 读取文件成功
2017-09-17T17:38:05: 读取文件成功
2017-09-17T17:39:05: 读取文件成功
2017-09-17T17:40:05: 读取文件成功
2017-09-17T17:41:05: 读取文件成功
2017-09-17T17:42:05: 读取文件成功
2017-09-17T17:43:05: 读取文件成功
2017-09-17T17:44:05: 读取文件成功
2017-09-17T17:45:05: 读取文件成功
2017-09-17T17:46:05: 读取文件成功
2017-09-17T17:47:05: 读取文件成功
2017-09-17T17:48:05: 读取文件成功
2017-09-17T17:49:05: 读取文件成功
2017-09-17T17:50:06: 读取文件成功
2017-09-17T17:51:05: 读取文件成功
2017-09-17T17:52:05: 读取文件成功
2017-09-17T17:53:05: 读取文件成功
2017-09-17T17:54:05: 读取文件成功
2017-09-17T17:55:06: 读取文件成功
2017-09-17T17:56:05: 读取文件成功
2017-09-17T17:57:06: 读取文件成功
2017-09-17T17:58:05: 读取文件成功
2017-09-17T17:59:05: 读取文件成功
2017-09-17T18:00:05: 读取文件成功
2017-09-17T18:01:06: 读取文件成功
2017-09-17T18:02:05: 读取文件成功
2017-09-17T18:03:05: 读取文件成功
2017-09-17T18:04:05: 读取文件成功
2017-09-17T18:05:05: 读取文件成功
2017-09-17T18:06:06: 读取文件成功
2017-09-17T18:07:06: 读取文件成功
2017-09-17T18:08:06: 读取文件成功
2017-09-17T18:09:06: 读取文件成功
2017-09-17T18:10:06: 读取文件成功
2017-09-17T18:11:06: 读取文件成功
2017-09-17T18:12:06: 读取文件成功
2017-09-17T18:13:06: 读取文件成功
2017-09-17T18:14:06: 读取文件成功
2017-09-17T18:15:06: 读取文件成功
2017-09-17T18:16:06: 读取文件成功
2017-09-17T18:17:06: 读取文件成功
2017-09-17T18:18:06: 读取文件成功
2017-09-17T18:19:06: 读取文件成功
2017-09-17T18:20:06: 读取文件成功
2017-09-17T18:21:06: 读取文件成功
2017-09-17T18:22:06: 读取文件成功
2017-09-17T18:23:06: 读取文件成功
2017-09-17T18:24:06: 读取文件成功
2017-09-17T18:25:07: 读取文件成功
2017-09-17T18:26:06: 读取文件成功
2017-09-17T18:27:06: 读取文件成功
2017-09-17T18:28:06: 读取文件成功
2017-09-17T18:29:06: 读取文件成功
2017-09-17T18:30:06: 读取文件成功
2017-09-17T18:31:06: 读取文件成功
2017-09-17T18:32:06: 读取文件成功
2017-09-17T18:33:06: 读取文件成功
2017-09-17T18:34:06: 读取文件成功
2017-09-17T18:35:06: 读取文件成功
2017-09-17T18:36:06: 读取文件成功
2017-09-17T18:37:06: 读取文件成功
2017-09-17T18:38:06: 读取文件成功
2017-09-17T18:39:06: 读取文件成功
2017-09-17T18:40:06: 读取文件成功
2017-09-17T18:41:06: 读取文件成功
2017-09-17T18:42:06: 读取文件成功
2017-09-17T18:43:06: 读取文件成功
2017-09-17T18:44:06: 读取文件成功
2017-09-17T18:45:06: 读取文件成功
2017-09-17T18:46:06: 读取文件成功
2017-09-17T18:47:06: 读取文件成功
2017-09-17T18:48:06: 读取文件成功
2017-09-17T18:49:06: 读取文件成功
2017-09-17T18:50:06: 读取文件成功
2017-09-17T18:51:06: 读取文件成功
2017-09-17T18:52:06: 读取文件成功
2017-09-17T18:53:06: 读取文件成功
2017-09-17T18:54:06: 读取文件成功
2017-09-17T18:55:06: 读取文件成功
2017-09-17T18:56:06: 读取文件成功
2017-09-17T18:57:06: 读取文件成功
2017-09-17T18:58:06: 读取文件成功
2017-09-17T18:59:06: 读取文件成功
2017-09-17T19:00:06: 读取文件成功
2017-09-17T19:01:06: 读取文件成功
2017-09-17T19:02:06: 读取文件成功
2017-09-17T19:03:06: 读取文件成功
2017-09-17T19:04:07: 读取文件成功
2017-09-17T19:05:06: 读取文件成功
2017-09-17T19:06:06: 读取文件成功
2017-09-17T19:07:06: 读取文件成功
2017-09-17T19:08:06: 读取文件成功
2017-09-17T19:09:06: 读取文件成功
2017-09-17T19:10:06: 读取文件成功
2017-09-17T19:11:06: 读取文件成功
2017-09-17T19:12:06: 读取文件成功
2017-09-17T19:13:06: 读取文件成功
2017-09-17T19:14:06: 读取文件成功
2017-09-17T19:15:06: 读取文件成功
2017-09-17T19:16:06: 读取文件成功
2017-09-17T19:17:06: 读取文件成功
2017-09-17T19:18:06: 读取文件成功
2017-09-17T19:19:06: 读取文件成功
2017-09-17T19:20:06: 读取文件成功
2017-09-17T19:21:06: 读取文件成功
2017-09-17T19:23:06: 读取文件成功
2017-09-17T19:23:15: 读取文件成功
2017-09-17T19:24:06: 读取文件成功
2017-09-17T19:25:06: 读取文件成功
2017-09-17T19:26:06: 读取文件成功
2017-09-17T19:27:06: 读取文件成功
2017-09-17T19:28:06: 读取文件成功
2017-09-17T19:29:06: 读取文件成功
2017-09-17T19:30:06: 读取文件成功
2017-09-17T19:31:06: 读取文件成功
2017-09-17T19:32:06: 读取文件成功
2017-09-17T19:33:06: 读取文件成功
2017-09-17T19:34:06: 读取文件成功
2017-09-17T19:35:06: 读取文件成功
2017-09-17T19:36:07: 读取文件成功
2017-09-17T19:37:06: 读取文件成功
2017-09-17T19:38:07: 读取文件成功
2017-09-17T19:39:06: 读取文件成功
2017-09-17T19:40:06: 读取文件成功
2017-09-17T19:41:06: 读取文件成功
2017-09-17T19:42:07: 读取文件成功
2017-09-17T19:43:06: 读取文件成功
2017-09-17T19:44:07: 读取文件成功
2017-09-17T19:45:07: 读取文件成功
2017-09-17T19:46:07: 读取文件成功
2017-09-17T19:47:08: 读取文件成功
2017-09-17T19:48:07: 读取文件成功
2017-09-17T19:49:07: 读取文件成功
2017-09-17T19:50:07: 读取文件成功
2017-09-17T19:51:07: 读取文件成功
2017-09-17T19:52:07: 读取文件成功
2017-09-17T19:53:07: 读取文件成功
2017-09-17T19:54:07: 读取文件成功
2017-09-17T19:55:07: 读取文件成功
2017-09-17T19:56:07: 读取文件成功
2017-09-17T19:57:07: 读取文件成功
2017-09-17T19:58:07: 读取文件成功
2017-09-17T19:59:07: 读取文件成功
2017-09-17T20:00:07: 读取文件成功
2017-09-17T20:01:07: 读取文件成功
2017-09-17T20:02:07: 读取文件成功
2017-09-17T20:03:07: 读取文件成功
2017-09-17T20:04:07: 读取文件成功
2017-09-17T20:05:07: 读取文件成功
2017-09-17T20:06:07: 读取文件成功
2017-09-17T20:07:07: 读取文件成功
2017-09-17T20:08:07: 读取文件成功
2017-09-17T20:09:07: 读取文件成功
2017-09-17T20:10:07: 读取文件成功
2017-09-17T20:11:07: 读取文件成功
2017-09-17T20:12:07: 读取文件成功
2017-09-17T20:13:07: 读取文件成功
2017-09-17T20:14:07: 读取文件成功
2017-09-17T20:15:07: 读取文件成功
2017-09-17T20:16:07: 读取文件成功
2017-09-17T20:17:07: 读取文件成功
2017-09-17T20:18:07: 读取文件成功
2017-09-17T20:19:07: 读取文件成功
2017-09-17T20:20:07: 读取文件成功
2017-09-17T20:21:07: 读取文件成功
2017-09-17T20:22:07: 读取文件成功
2017-09-17T20:23:07: 读取文件成功
2017-09-17T20:24:07: 读取文件成功
2017-09-17T20:25:07: 读取文件成功
2017-09-17T20:26:07: 读取文件成功
2017-09-17T20:27:07: 读取文件成功
2017-09-17T20:28:07: 读取文件成功
2017-09-17T20:29:07: 读取文件成功
2017-09-17T20:30:07: 读取文件成功
2017-09-17T20:31:07: 读取文件成功
2017-09-17T20:32:07: 读取文件成功
2017-09-17T20:33:07: 读取文件成功
2017-09-17T20:34:07: 读取文件成功
2017-09-17T20:35:07: 读取文件成功
2017-09-17T20:36:07: 读取文件成功
2017-09-17T20:37:07: 读取文件成功
2017-09-17T20:38:07: 读取文件成功
2017-09-17T20:39:07: 读取文件成功
2017-09-17T20:40:07: 读取文件成功
2017-09-17T20:41:07: 读取文件成功
2017-09-17T20:42:07: 读取文件成功
2017-09-17T20:43:07: 读取文件成功
2017-09-17T20:44:07: 读取文件成功
2017-09-17T20:45:07: 读取文件成功
2017-09-17T20:46:07: 读取文件成功
2017-09-17T20:47:07: 读取文件成功
2017-09-17T20:48:07: 读取文件成功
2017-09-17T20:49:07: 读取文件成功
2017-09-17T20:50:07: 读取文件成功
2017-09-17T20:51:07: 读取文件成功
2017-09-17T20:52:07: 读取文件成功
2017-09-17T20:53:07: 读取文件成功
2017-09-17T20:54:07: 读取文件成功
2017-09-17T20:55:07: 读取文件成功
2017-09-17T20:56:07: 读取文件成功
2017-09-17T20:57:07: 读取文件成功
2017-09-17T20:58:08: 读取文件成功
2017-09-17T20:59:07: 读取文件成功
2017-09-17T21:00:07: 读取文件成功
2017-09-17T21:01:07: 读取文件成功
2017-09-17T21:02:07: 读取文件成功
2017-09-17T21:03:07: 读取文件成功
2017-09-17T21:04:08: 读取文件成功
2017-09-17T21:05:07: 读取文件成功
2017-09-17T21:06:07: 读取文件成功
2017-09-17T21:07:07: 读取文件成功
2017-09-17T21:08:08: 读取文件成功
2017-09-17T21:09:07: 读取文件成功
2017-09-17T21:10:08: 读取文件成功
2017-09-17T21:11:07: 读取文件成功
2017-09-17T21:12:07: 读取文件成功
2017-09-17T21:13:07: 读取文件成功
2017-09-17T21:14:07: 读取文件成功
2017-09-17T21:15:08: 读取文件成功
2017-09-17T21:16:08: 读取文件成功
2017-09-17T21:17:08: 读取文件成功
2017-09-17T21:18:08: 读取文件成功
2017-09-17T21:19:08: 读取文件成功
2017-09-17T21:20:08: 读取文件成功
2017-09-17T21:21:08: 读取文件成功
2017-09-17T21:22:08: 读取文件成功
2017-09-17T21:23:08: 读取文件成功
2017-09-17T21:24:08: 读取文件成功
2017-09-17T21:25:08: 读取文件成功
2017-09-17T21:26:08: 读取文件成功
2017-09-17T21:27:08: 读取文件成功
2017-09-17T21:28:08: 读取文件成功
2017-09-17T21:29:08: 读取文件成功
2017-09-17T21:30:08: 读取文件成功
2017-09-17T21:31:08: 读取文件成功
2017-09-17T21:32:08: 读取文件成功
2017-09-17T21:33:08: 读取文件成功
2017-09-17T21:34:08: 读取文件成功
2017-09-17T21:35:08: 读取文件成功
2017-09-17T21:36:08: 读取文件成功
2017-09-17T21:37:08: 读取文件成功
2017-09-17T21:38:08: 读取文件成功
2017-09-17T21:39:08: 读取文件成功
2017-09-17T21:40:08: 读取文件成功
2017-09-17T21:41:08: 读取文件成功
2017-09-17T21:42:08: 读取文件成功
2017-09-17T21:43:08: 读取文件成功
2017-09-17T21:44:08: 读取文件成功
2017-09-17T21:45:08: 读取文件成功
2017-09-17T21:46:08: 读取文件成功
2017-09-17T21:47:08: 读取文件成功
2017-09-17T21:48:08: 读取文件成功
2017-09-17T21:49:08: 读取文件成功
2017-09-17T21:50:08: 读取文件成功
2017-09-17T21:51:08: 读取文件成功
2017-09-17T21:52:08: 读取文件成功
2017-09-17T21:53:08: 读取文件成功
2017-09-17T21:54:08: 读取文件成功
2017-09-17T21:55:08: 读取文件成功
2017-09-17T21:56:08: 读取文件成功
2017-09-17T21:57:08: 读取文件成功
2017-09-17T21:58:08: 读取文件成功
2017-09-17T21:59:08: 读取文件成功
2017-09-17T22:00:08: 读取文件成功
2017-09-17T22:01:08: 读取文件成功
2017-09-17T22:02:08: 读取文件成功
2017-09-17T22:03:08: 读取文件成功
2017-09-17T22:04:08: 读取文件成功
2017-09-17T22:05:08: 读取文件成功
2017-09-17T22:06:08: 读取文件成功
2017-09-17T22:07:08: 读取文件成功
2017-09-17T22:08:08: 读取文件成功
2017-09-17T22:09:08: 读取文件成功
2017-09-17T22:10:08: 读取文件成功
2017-09-17T22:11:08: 读取文件成功
2017-09-17T22:12:08: 读取文件成功
2017-09-17T22:13:08: 读取文件成功
2017-09-17T22:14:08: 读取文件成功
2017-09-17T22:15:08: 读取文件成功
2017-09-17T22:16:08: 读取文件成功
2017-09-17T22:17:08: 读取文件成功
2017-09-17T22:18:08: 读取文件成功
2017-09-17T22:19:08: 读取文件成功
2017-09-17T22:20:09: 读取文件成功
2017-09-17T22:21:08: 读取文件成功
2017-09-17T22:22:08: 读取文件成功
2017-09-17T22:23:08: 读取文件成功
2017-09-17T22:24:08: 读取文件成功
2017-09-17T22:25:08: 读取文件成功
2017-09-17T22:26:08: 读取文件成功
2017-09-17T22:27:09: 读取文件成功
2017-09-17T22:28:08: 读取文件成功
2017-09-17T22:29:08: 读取文件成功
2017-09-17T22:30:08: 读取文件成功
2017-09-17T22:31:08: 读取文件成功
2017-09-17T22:32:08: 读取文件成功
2017-09-17T22:33:09: 读取文件成功
2017-09-17T22:34:08: 读取文件成功
2017-09-17T22:35:08: 读取文件成功
2017-09-17T22:36:08: 读取文件成功
2017-09-17T22:37:09: 读取文件成功
2017-09-17T22:38:08: 读取文件成功
2017-09-17T22:39:09: 读取文件成功
2017-09-17T22:40:08: 读取文件成功
2017-09-17T22:41:08: 读取文件成功
2017-09-17T22:42:08: 读取文件成功
2017-09-17T22:43:08: 读取文件成功
2017-09-17T22:44:08: 读取文件成功
2017-09-17T22:45:09: 读取文件成功
2017-09-17T22:46:08: 读取文件成功
2017-09-17T22:47:09: 读取文件成功
2017-09-17T22:48:08: 读取文件成功
2017-09-17T22:49:09: 读取文件成功
2017-09-17T22:50:08: 读取文件成功
2017-09-17T22:51:09: 读取文件成功
2017-09-17T22:52:09: 读取文件成功
2017-09-17T22:53:09: 读取文件成功
2017-09-17T22:54:09: 读取文件成功
2017-09-17T22:55:09: 读取文件成功
2017-09-17T22:56:12: 读取文件成功
2017-09-17T22:57:09: 读取文件成功
2017-09-17T22:58:09: 读取文件成功
2017-09-17T22:59:09: 读取文件成功
2017-09-17T23:00:09: 读取文件成功
2017-09-17T23:01:09: 读取文件成功
2017-09-17T23:02:10: 读取文件成功
2017-09-17T23:03:09: 读取文件成功
2017-09-17T23:04:09: 读取文件成功
2017-09-17T23:05:09: 读取文件成功
2017-09-17T23:06:09: 读取文件成功
2017-09-17T23:07:09: 读取文件成功
2017-09-17T23:08:09: 读取文件成功
2017-09-17T23:09:09: 读取文件成功
2017-09-17T23:10:09: 读取文件成功
2017-09-17T23:11:09: 读取文件成功
2017-09-17T23:12:09: 读取文件成功
2017-09-17T23:13:09: 读取文件成功
2017-09-17T23:14:09: 读取文件成功
2017-09-17T23:15:09: 读取文件成功
2017-09-17T23:16:09: 读取文件成功
2017-09-17T23:17:09: 读取文件成功
2017-09-17T23:18:09: 读取文件成功
2017-09-17T23:19:10: 读取文件成功
2017-09-17T23:20:09: 读取文件成功
2017-09-17T23:21:09: 读取文件成功
2017-09-17T23:22:09: 读取文件成功
2017-09-17T23:23:09: 读取文件成功
2017-09-17T23:24:09: 读取文件成功
2017-09-17T23:25:09: 读取文件成功
2017-09-17T23:26:09: 读取文件成功
2017-09-17T23:27:09: 读取文件成功
2017-09-17T23:28:09: 读取文件成功
2017-09-17T23:29:09: 读取文件成功
2017-09-17T23:30:09: 读取文件成功
2017-09-17T23:31:09: 读取文件成功
2017-09-17T23:32:09: 读取文件成功
2017-09-17T23:33:09: 读取文件成功
2017-09-17T23:34:09: 读取文件成功
2017-09-17T23:35:09: 读取文件成功
2017-09-17T23:36:09: 读取文件成功
2017-09-17T23:37:10: 读取文件成功
2017-09-17T23:38:09: 读取文件成功
2017-09-17T23:39:09: 读取文件成功
2017-09-17T23:40:09: 读取文件成功
2017-09-17T23:41:10: 读取文件成功
2017-09-17T23:42:09: 读取文件成功
2017-09-17T23:43:09: 读取文件成功
2017-09-17T23:44:09: 读取文件成功
2017-09-17T23:45:09: 读取文件成功
2017-09-17T23:46:09: 读取文件成功
2017-09-17T23:47:09: 读取文件成功
2017-09-17T23:48:09: 读取文件成功
2017-09-17T23:49:09: 读取文件成功
2017-09-17T23:50:09: 非记录时间：2017-09-17T23:50:09+08:00
2017-09-17T23:51:09: 非记录时间：2017-09-17T23:51:09+08:00
2017-09-17T23:52:09: 非记录时间：2017-09-17T23:52:09+08:00
2017-09-17T23:53:09: 非记录时间：2017-09-17T23:53:09+08:00
2017-09-17T23:54:09: 非记录时间：2017-09-17T23:54:09+08:00
2017-09-17T23:55:09: 非记录时间：2017-09-17T23:55:09+08:00
2017-09-17T23:56:09: 非记录时间：2017-09-17T23:56:09+08:00
2017-09-17T23:57:09: 非记录时间：2017-09-17T23:57:09+08:00
2017-09-17T23:58:09: 非记录时间：2017-09-17T23:58:09+08:00
2017-09-17T23:59:09: 非记录时间：2017-09-17T23:59:09+08:00
