2017-01-05T00:00:01: 非记录时间：2017-01-05T00:00:01+08:00
2017-01-05T00:00:11: 非记录时间：2017-01-05T00:00:11+08:00
2017-01-05T00:00:21: 非记录时间：2017-01-05T00:00:21+08:00
2017-01-05T00:00:31: 非记录时间：2017-01-05T00:00:31+08:00
2017-01-05T00:00:41: 非记录时间：2017-01-05T00:00:41+08:00
2017-01-05T00:00:51: 非记录时间：2017-01-05T00:00:51+08:00
2017-01-05T00:01:01: 非记录时间：2017-01-05T00:01:01+08:00
2017-01-05T00:01:11: 非记录时间：2017-01-05T00:01:11+08:00
2017-01-05T00:01:21: 非记录时间：2017-01-05T00:01:21+08:00
2017-01-05T00:01:31: 非记录时间：2017-01-05T00:01:31+08:00
2017-01-05T00:01:41: 非记录时间：2017-01-05T00:01:41+08:00
2017-01-05T00:01:51: 非记录时间：2017-01-05T00:01:51+08:00
2017-01-05T00:02:01: 非记录时间：2017-01-05T00:02:01+08:00
2017-01-05T00:02:11: 非记录时间：2017-01-05T00:02:11+08:00
2017-01-05T00:02:21: 非记录时间：2017-01-05T00:02:21+08:00
2017-01-05T00:02:31: 非记录时间：2017-01-05T00:02:31+08:00
2017-01-05T00:02:41: 非记录时间：2017-01-05T00:02:41+08:00
2017-01-05T00:02:51: 非记录时间：2017-01-05T00:02:51+08:00
2017-01-05T00:03:01: 非记录时间：2017-01-05T00:03:01+08:00
2017-01-05T00:03:11: 非记录时间：2017-01-05T00:03:11+08:00
2017-01-05T00:03:21: 非记录时间：2017-01-05T00:03:21+08:00
2017-01-05T00:03:31: 非记录时间：2017-01-05T00:03:31+08:00
2017-01-05T00:03:41: 非记录时间：2017-01-05T00:03:41+08:00
2017-01-05T00:03:51: 非记录时间：2017-01-05T00:03:51+08:00
2017-01-05T00:04:01: 非记录时间：2017-01-05T00:04:01+08:00
2017-01-05T00:04:11: 非记录时间：2017-01-05T00:04:11+08:00
2017-01-05T00:04:21: 非记录时间：2017-01-05T00:04:21+08:00
2017-01-05T00:04:31: 非记录时间：2017-01-05T00:04:31+08:00
2017-01-05T00:04:41: 非记录时间：2017-01-05T00:04:41+08:00
2017-01-05T00:04:51: 非记录时间：2017-01-05T00:04:51+08:00
2017-01-05T00:05:01: 非记录时间：2017-01-05T00:05:01+08:00
2017-01-05T00:05:11: 非记录时间：2017-01-05T00:05:11+08:00
2017-01-05T00:05:21: 非记录时间：2017-01-05T00:05:21+08:00
2017-01-05T00:05:31: 非记录时间：2017-01-05T00:05:31+08:00
2017-01-05T00:05:41: 非记录时间：2017-01-05T00:05:41+08:00
2017-01-05T00:05:51: 非记录时间：2017-01-05T00:05:51+08:00
2017-01-05T00:06:01: 非记录时间：2017-01-05T00:06:01+08:00
2017-01-05T00:06:11: 非记录时间：2017-01-05T00:06:11+08:00
2017-01-05T00:06:21: 非记录时间：2017-01-05T00:06:21+08:00
2017-01-05T00:06:31: 非记录时间：2017-01-05T00:06:31+08:00
2017-01-05T00:06:41: 非记录时间：2017-01-05T00:06:41+08:00
2017-01-05T00:06:51: 非记录时间：2017-01-05T00:06:51+08:00
2017-01-05T00:07:01: 非记录时间：2017-01-05T00:07:01+08:00
2017-01-05T00:07:11: 非记录时间：2017-01-05T00:07:11+08:00
2017-01-05T00:07:21: 非记录时间：2017-01-05T00:07:21+08:00
2017-01-05T00:07:31: 非记录时间：2017-01-05T00:07:31+08:00
2017-01-05T00:07:41: 非记录时间：2017-01-05T00:07:41+08:00
2017-01-05T00:07:51: 非记录时间：2017-01-05T00:07:51+08:00
2017-01-05T00:08:01: 非记录时间：2017-01-05T00:08:01+08:00
2017-01-05T00:08:11: 非记录时间：2017-01-05T00:08:11+08:00
2017-01-05T00:08:21: 非记录时间：2017-01-05T00:08:21+08:00
2017-01-05T00:08:31: 非记录时间：2017-01-05T00:08:31+08:00
2017-01-05T00:08:41: 非记录时间：2017-01-05T00:08:41+08:00
2017-01-05T00:08:51: 非记录时间：2017-01-05T00:08:51+08:00
2017-01-05T00:09:01: 非记录时间：2017-01-05T00:09:01+08:00
2017-01-05T00:09:11: 非记录时间：2017-01-05T00:09:11+08:00
2017-01-05T00:09:21: 非记录时间：2017-01-05T00:09:21+08:00
2017-01-05T00:09:31: 非记录时间：2017-01-05T00:09:31+08:00
2017-01-05T00:09:41: 非记录时间：2017-01-05T00:09:41+08:00
2017-01-05T00:09:51: 非记录时间：2017-01-05T00:09:51+08:00
2017-01-05T00:10:01: 非记录时间：2017-01-05T00:10:01+08:00
2017-01-05T00:10:11: 非记录时间：2017-01-05T00:10:11+08:00
2017-01-05T00:10:21: 非记录时间：2017-01-05T00:10:21+08:00
2017-01-05T00:10:31: 非记录时间：2017-01-05T00:10:31+08:00
2017-01-05T00:10:41: 非记录时间：2017-01-05T00:10:41+08:00
2017-01-05T00:10:51: 非记录时间：2017-01-05T00:10:51+08:00
2017-01-05T00:11:01: 非记录时间：2017-01-05T00:11:01+08:00
2017-01-05T00:11:11: 非记录时间：2017-01-05T00:11:11+08:00
2017-01-05T00:11:21: 非记录时间：2017-01-05T00:11:21+08:00
2017-01-05T00:11:31: 非记录时间：2017-01-05T00:11:31+08:00
2017-01-05T00:11:41: 非记录时间：2017-01-05T00:11:41+08:00
2017-01-05T00:11:51: 非记录时间：2017-01-05T00:11:51+08:00
2017-01-05T00:12:01: 非记录时间：2017-01-05T00:12:01+08:00
2017-01-05T00:12:11: 非记录时间：2017-01-05T00:12:11+08:00
2017-01-05T00:12:21: 非记录时间：2017-01-05T00:12:21+08:00
2017-01-05T00:12:31: 非记录时间：2017-01-05T00:12:31+08:00
2017-01-05T00:12:41: 非记录时间：2017-01-05T00:12:41+08:00
2017-01-05T00:12:51: 非记录时间：2017-01-05T00:12:51+08:00
2017-01-05T00:13:01: 非记录时间：2017-01-05T00:13:01+08:00
2017-01-05T00:13:11: 非记录时间：2017-01-05T00:13:11+08:00
2017-01-05T00:13:21: 非记录时间：2017-01-05T00:13:21+08:00
2017-01-05T00:13:31: 非记录时间：2017-01-05T00:13:31+08:00
2017-01-05T00:13:41: 非记录时间：2017-01-05T00:13:41+08:00
2017-01-05T00:13:51: 非记录时间：2017-01-05T00:13:51+08:00
2017-01-05T00:14:01: 非记录时间：2017-01-05T00:14:01+08:00
2017-01-05T00:14:11: 非记录时间：2017-01-05T00:14:11+08:00
2017-01-05T00:14:21: 非记录时间：2017-01-05T00:14:21+08:00
2017-01-05T00:14:31: 非记录时间：2017-01-05T00:14:31+08:00
2017-01-05T00:14:41: 非记录时间：2017-01-05T00:14:41+08:00
2017-01-05T00:14:51: 非记录时间：2017-01-05T00:14:51+08:00
2017-01-05T00:15:01: 非记录时间：2017-01-05T00:15:01+08:00
2017-01-05T00:15:11: 非记录时间：2017-01-05T00:15:11+08:00
2017-01-05T00:15:21: 非记录时间：2017-01-05T00:15:21+08:00
2017-01-05T00:15:31: 非记录时间：2017-01-05T00:15:31+08:00
2017-01-05T00:15:41: 非记录时间：2017-01-05T00:15:41+08:00
2017-01-05T00:15:51: 非记录时间：2017-01-05T00:15:51+08:00
2017-01-05T00:16:01: 非记录时间：2017-01-05T00:16:01+08:00
2017-01-05T00:16:11: 非记录时间：2017-01-05T00:16:11+08:00
2017-01-05T00:16:21: 非记录时间：2017-01-05T00:16:21+08:00
2017-01-05T00:16:31: 非记录时间：2017-01-05T00:16:31+08:00
2017-01-05T00:16:41: 非记录时间：2017-01-05T00:16:41+08:00
2017-01-05T00:16:51: 非记录时间：2017-01-05T00:16:51+08:00
2017-01-05T00:17:01: 非记录时间：2017-01-05T00:17:01+08:00
2017-01-05T00:17:11: 非记录时间：2017-01-05T00:17:11+08:00
2017-01-05T00:17:21: 非记录时间：2017-01-05T00:17:21+08:00
2017-01-05T00:17:31: 非记录时间：2017-01-05T00:17:31+08:00
2017-01-05T00:17:41: 非记录时间：2017-01-05T00:17:41+08:00
2017-01-05T00:17:51: 非记录时间：2017-01-05T00:17:51+08:00
2017-01-05T00:18:01: 非记录时间：2017-01-05T00:18:01+08:00
2017-01-05T00:18:11: 非记录时间：2017-01-05T00:18:11+08:00
2017-01-05T00:18:21: 非记录时间：2017-01-05T00:18:21+08:00
2017-01-05T00:18:31: 非记录时间：2017-01-05T00:18:31+08:00
2017-01-05T00:18:41: 非记录时间：2017-01-05T00:18:41+08:00
2017-01-05T00:18:51: 非记录时间：2017-01-05T00:18:51+08:00
2017-01-05T00:19:01: 非记录时间：2017-01-05T00:19:01+08:00
2017-01-05T00:19:11: 非记录时间：2017-01-05T00:19:11+08:00
2017-01-05T00:19:21: 非记录时间：2017-01-05T00:19:21+08:00
2017-01-05T00:19:31: 非记录时间：2017-01-05T00:19:31+08:00
2017-01-05T00:19:41: 非记录时间：2017-01-05T00:19:41+08:00
2017-01-05T00:19:51: 非记录时间：2017-01-05T00:19:51+08:00
2017-01-05T00:20:01: 非记录时间：2017-01-05T00:20:01+08:00
2017-01-05T00:20:11: 非记录时间：2017-01-05T00:20:11+08:00
2017-01-05T00:20:21: 非记录时间：2017-01-05T00:20:21+08:00
2017-01-05T00:20:31: 非记录时间：2017-01-05T00:20:31+08:00
2017-01-05T00:20:41: 非记录时间：2017-01-05T00:20:41+08:00
2017-01-05T00:20:51: 非记录时间：2017-01-05T00:20:51+08:00
2017-01-05T00:21:01: 非记录时间：2017-01-05T00:21:01+08:00
2017-01-05T00:21:11: 非记录时间：2017-01-05T00:21:11+08:00
2017-01-05T00:21:21: 非记录时间：2017-01-05T00:21:21+08:00
2017-01-05T00:21:31: 非记录时间：2017-01-05T00:21:31+08:00
2017-01-05T00:21:41: 非记录时间：2017-01-05T00:21:41+08:00
2017-01-05T00:21:51: 非记录时间：2017-01-05T00:21:51+08:00
2017-01-05T00:22:01: 非记录时间：2017-01-05T00:22:01+08:00
2017-01-05T00:22:11: 非记录时间：2017-01-05T00:22:11+08:00
2017-01-05T00:22:21: 非记录时间：2017-01-05T00:22:21+08:00
2017-01-05T00:22:31: 非记录时间：2017-01-05T00:22:31+08:00
2017-01-05T00:22:41: 非记录时间：2017-01-05T00:22:41+08:00
2017-01-05T00:22:51: 非记录时间：2017-01-05T00:22:51+08:00
2017-01-05T00:23:01: 非记录时间：2017-01-05T00:23:01+08:00
2017-01-05T00:23:11: 非记录时间：2017-01-05T00:23:11+08:00
2017-01-05T00:23:21: 非记录时间：2017-01-05T00:23:21+08:00
2017-01-05T00:23:31: 非记录时间：2017-01-05T00:23:31+08:00
2017-01-05T00:23:41: 非记录时间：2017-01-05T00:23:41+08:00
2017-01-05T00:23:51: 非记录时间：2017-01-05T00:23:51+08:00
2017-01-05T00:24:01: 非记录时间：2017-01-05T00:24:01+08:00
2017-01-05T00:24:11: 非记录时间：2017-01-05T00:24:11+08:00
2017-01-05T00:24:21: 非记录时间：2017-01-05T00:24:21+08:00
2017-01-05T00:24:31: 非记录时间：2017-01-05T00:24:31+08:00
2017-01-05T00:24:41: 非记录时间：2017-01-05T00:24:41+08:00
2017-01-05T00:24:51: 非记录时间：2017-01-05T00:24:51+08:00
2017-01-05T00:25:01: 非记录时间：2017-01-05T00:25:01+08:00
2017-01-05T00:25:11: 非记录时间：2017-01-05T00:25:11+08:00
2017-01-05T00:25:21: 非记录时间：2017-01-05T00:25:21+08:00
2017-01-05T00:25:31: 非记录时间：2017-01-05T00:25:31+08:00
2017-01-05T00:25:41: 非记录时间：2017-01-05T00:25:41+08:00
2017-01-05T00:25:51: 非记录时间：2017-01-05T00:25:51+08:00
2017-01-05T00:26:01: 非记录时间：2017-01-05T00:26:01+08:00
2017-01-05T00:26:11: 非记录时间：2017-01-05T00:26:11+08:00
2017-01-05T00:26:21: 非记录时间：2017-01-05T00:26:21+08:00
2017-01-05T00:26:31: 非记录时间：2017-01-05T00:26:31+08:00
2017-01-05T00:26:41: 非记录时间：2017-01-05T00:26:41+08:00
2017-01-05T00:26:51: 非记录时间：2017-01-05T00:26:51+08:00
2017-01-05T00:27:01: 非记录时间：2017-01-05T00:27:01+08:00
2017-01-05T00:27:11: 非记录时间：2017-01-05T00:27:11+08:00
2017-01-05T00:27:21: 非记录时间：2017-01-05T00:27:21+08:00
2017-01-05T00:27:31: 非记录时间：2017-01-05T00:27:31+08:00
2017-01-05T00:27:41: 非记录时间：2017-01-05T00:27:41+08:00
2017-01-05T00:27:51: 非记录时间：2017-01-05T00:27:51+08:00
2017-01-05T00:28:01: 非记录时间：2017-01-05T00:28:01+08:00
2017-01-05T00:28:11: 非记录时间：2017-01-05T00:28:11+08:00
2017-01-05T00:28:21: 非记录时间：2017-01-05T00:28:21+08:00
2017-01-05T00:28:31: 非记录时间：2017-01-05T00:28:31+08:00
2017-01-05T00:28:41: 非记录时间：2017-01-05T00:28:41+08:00
2017-01-05T00:28:51: 非记录时间：2017-01-05T00:28:51+08:00
2017-01-05T00:29:01: 非记录时间：2017-01-05T00:29:01+08:00
2017-01-05T00:29:11: 非记录时间：2017-01-05T00:29:11+08:00
2017-01-05T00:29:21: 非记录时间：2017-01-05T00:29:21+08:00
2017-01-05T00:29:31: 非记录时间：2017-01-05T00:29:31+08:00
2017-01-05T00:29:41: 非记录时间：2017-01-05T00:29:41+08:00
2017-01-05T00:29:51: 非记录时间：2017-01-05T00:29:51+08:00
2017-01-05T00:30:01: 非记录时间：2017-01-05T00:30:01+08:00
2017-01-05T00:30:11: 非记录时间：2017-01-05T00:30:11+08:00
2017-01-05T00:30:21: 非记录时间：2017-01-05T00:30:21+08:00
2017-01-05T00:30:31: 非记录时间：2017-01-05T00:30:31+08:00
2017-01-05T00:30:41: 非记录时间：2017-01-05T00:30:41+08:00
2017-01-05T00:30:51: 非记录时间：2017-01-05T00:30:51+08:00
2017-01-05T00:31:01: 非记录时间：2017-01-05T00:31:01+08:00
2017-01-05T00:31:11: 非记录时间：2017-01-05T00:31:11+08:00
2017-01-05T00:31:21: 非记录时间：2017-01-05T00:31:21+08:00
2017-01-05T00:31:31: 非记录时间：2017-01-05T00:31:31+08:00
2017-01-05T00:31:41: 非记录时间：2017-01-05T00:31:41+08:00
2017-01-05T00:31:51: 非记录时间：2017-01-05T00:31:51+08:00
2017-01-05T00:32:01: 非记录时间：2017-01-05T00:32:01+08:00
2017-01-05T00:32:11: 非记录时间：2017-01-05T00:32:11+08:00
2017-01-05T00:32:21: 非记录时间：2017-01-05T00:32:21+08:00
2017-01-05T00:32:31: 非记录时间：2017-01-05T00:32:31+08:00
2017-01-05T00:32:41: 非记录时间：2017-01-05T00:32:41+08:00
2017-01-05T00:32:51: 非记录时间：2017-01-05T00:32:51+08:00
2017-01-05T00:33:01: 非记录时间：2017-01-05T00:33:01+08:00
2017-01-05T00:33:11: 非记录时间：2017-01-05T00:33:11+08:00
2017-01-05T00:33:21: 非记录时间：2017-01-05T00:33:21+08:00
2017-01-05T00:33:31: 非记录时间：2017-01-05T00:33:31+08:00
2017-01-05T00:33:41: 非记录时间：2017-01-05T00:33:41+08:00
2017-01-05T00:33:51: 非记录时间：2017-01-05T00:33:51+08:00
2017-01-05T00:34:01: 非记录时间：2017-01-05T00:34:01+08:00
2017-01-05T00:34:11: 非记录时间：2017-01-05T00:34:11+08:00
2017-01-05T00:34:21: 非记录时间：2017-01-05T00:34:21+08:00
2017-01-05T00:34:31: 非记录时间：2017-01-05T00:34:31+08:00
2017-01-05T00:34:41: 非记录时间：2017-01-05T00:34:41+08:00
2017-01-05T00:34:51: 非记录时间：2017-01-05T00:34:51+08:00
2017-01-05T00:35:01: 非记录时间：2017-01-05T00:35:01+08:00
2017-01-05T00:35:11: 非记录时间：2017-01-05T00:35:11+08:00
2017-01-05T00:35:21: 非记录时间：2017-01-05T00:35:21+08:00
2017-01-05T00:35:31: 非记录时间：2017-01-05T00:35:31+08:00
2017-01-05T00:35:41: 非记录时间：2017-01-05T00:35:41+08:00
2017-01-05T00:35:51: 非记录时间：2017-01-05T00:35:51+08:00
2017-01-05T00:36:01: 非记录时间：2017-01-05T00:36:01+08:00
2017-01-05T00:36:11: 非记录时间：2017-01-05T00:36:11+08:00
2017-01-05T00:36:21: 非记录时间：2017-01-05T00:36:21+08:00
2017-01-05T00:36:31: 非记录时间：2017-01-05T00:36:31+08:00
2017-01-05T00:36:41: 非记录时间：2017-01-05T00:36:41+08:00
2017-01-05T00:36:51: 非记录时间：2017-01-05T00:36:51+08:00
2017-01-05T00:37:01: 非记录时间：2017-01-05T00:37:01+08:00
2017-01-05T00:37:11: 非记录时间：2017-01-05T00:37:11+08:00
2017-01-05T00:37:21: 非记录时间：2017-01-05T00:37:21+08:00
2017-01-05T00:37:31: 非记录时间：2017-01-05T00:37:31+08:00
2017-01-05T00:37:41: 非记录时间：2017-01-05T00:37:41+08:00
2017-01-05T00:37:51: 非记录时间：2017-01-05T00:37:51+08:00
2017-01-05T00:38:01: 非记录时间：2017-01-05T00:38:01+08:00
2017-01-05T00:38:11: 非记录时间：2017-01-05T00:38:11+08:00
2017-01-05T00:38:21: 非记录时间：2017-01-05T00:38:21+08:00
2017-01-05T00:38:31: 非记录时间：2017-01-05T00:38:31+08:00
2017-01-05T00:38:41: 非记录时间：2017-01-05T00:38:41+08:00
2017-01-05T00:38:51: 非记录时间：2017-01-05T00:38:51+08:00
2017-01-05T00:39:01: 非记录时间：2017-01-05T00:39:01+08:00
2017-01-05T00:39:11: 非记录时间：2017-01-05T00:39:11+08:00
2017-01-05T00:39:21: 非记录时间：2017-01-05T00:39:21+08:00
2017-01-05T00:39:31: 非记录时间：2017-01-05T00:39:31+08:00
2017-01-05T00:39:41: 非记录时间：2017-01-05T00:39:41+08:00
2017-01-05T00:39:51: 非记录时间：2017-01-05T00:39:51+08:00
2017-01-05T00:40:01: 非记录时间：2017-01-05T00:40:01+08:00
2017-01-05T00:40:11: 非记录时间：2017-01-05T00:40:11+08:00
2017-01-05T00:40:21: 非记录时间：2017-01-05T00:40:21+08:00
2017-01-05T00:40:31: 非记录时间：2017-01-05T00:40:31+08:00
2017-01-05T00:40:41: 非记录时间：2017-01-05T00:40:41+08:00
2017-01-05T00:40:51: 非记录时间：2017-01-05T00:40:51+08:00
2017-01-05T00:41:01: 非记录时间：2017-01-05T00:41:01+08:00
2017-01-05T00:41:11: 非记录时间：2017-01-05T00:41:11+08:00
2017-01-05T00:41:21: 非记录时间：2017-01-05T00:41:21+08:00
2017-01-05T00:41:31: 非记录时间：2017-01-05T00:41:31+08:00
2017-01-05T00:41:41: 非记录时间：2017-01-05T00:41:41+08:00
2017-01-05T00:41:51: 非记录时间：2017-01-05T00:41:51+08:00
2017-01-05T00:42:01: 非记录时间：2017-01-05T00:42:01+08:00
2017-01-05T00:42:11: 非记录时间：2017-01-05T00:42:11+08:00
2017-01-05T00:42:21: 非记录时间：2017-01-05T00:42:21+08:00
2017-01-05T00:42:31: 非记录时间：2017-01-05T00:42:31+08:00
2017-01-05T00:42:41: 非记录时间：2017-01-05T00:42:41+08:00
2017-01-05T00:42:51: 非记录时间：2017-01-05T00:42:51+08:00
2017-01-05T00:43:01: 非记录时间：2017-01-05T00:43:01+08:00
2017-01-05T00:43:11: 非记录时间：2017-01-05T00:43:11+08:00
2017-01-05T00:43:21: 非记录时间：2017-01-05T00:43:21+08:00
2017-01-05T00:43:31: 非记录时间：2017-01-05T00:43:31+08:00
2017-01-05T00:43:41: 非记录时间：2017-01-05T00:43:41+08:00
2017-01-05T00:43:51: 非记录时间：2017-01-05T00:43:51+08:00
2017-01-05T00:44:01: 非记录时间：2017-01-05T00:44:01+08:00
2017-01-05T00:44:11: 非记录时间：2017-01-05T00:44:11+08:00
2017-01-05T00:44:21: 非记录时间：2017-01-05T00:44:21+08:00
2017-01-05T00:44:31: 非记录时间：2017-01-05T00:44:31+08:00
2017-01-05T00:44:41: 非记录时间：2017-01-05T00:44:41+08:00
2017-01-05T00:44:51: 非记录时间：2017-01-05T00:44:51+08:00
2017-01-05T00:45:01: 非记录时间：2017-01-05T00:45:01+08:00
2017-01-05T00:45:11: 非记录时间：2017-01-05T00:45:11+08:00
2017-01-05T00:45:21: 非记录时间：2017-01-05T00:45:21+08:00
2017-01-05T00:45:31: 非记录时间：2017-01-05T00:45:31+08:00
2017-01-05T00:45:41: 非记录时间：2017-01-05T00:45:41+08:00
2017-01-05T00:45:51: 非记录时间：2017-01-05T00:45:51+08:00
2017-01-05T00:46:01: 非记录时间：2017-01-05T00:46:01+08:00
2017-01-05T00:46:11: 非记录时间：2017-01-05T00:46:11+08:00
2017-01-05T00:46:21: 非记录时间：2017-01-05T00:46:21+08:00
2017-01-05T00:46:31: 非记录时间：2017-01-05T00:46:31+08:00
2017-01-05T00:46:41: 非记录时间：2017-01-05T00:46:41+08:00
2017-01-05T00:46:51: 非记录时间：2017-01-05T00:46:51+08:00
2017-01-05T00:47:01: 非记录时间：2017-01-05T00:47:01+08:00
2017-01-05T00:47:11: 非记录时间：2017-01-05T00:47:11+08:00
2017-01-05T00:47:21: 非记录时间：2017-01-05T00:47:21+08:00
2017-01-05T00:47:31: 非记录时间：2017-01-05T00:47:31+08:00
2017-01-05T00:47:41: 非记录时间：2017-01-05T00:47:41+08:00
2017-01-05T00:47:51: 非记录时间：2017-01-05T00:47:51+08:00
2017-01-05T00:48:01: 非记录时间：2017-01-05T00:48:01+08:00
2017-01-05T00:48:11: 非记录时间：2017-01-05T00:48:11+08:00
2017-01-05T00:48:21: 非记录时间：2017-01-05T00:48:21+08:00
2017-01-05T00:48:31: 非记录时间：2017-01-05T00:48:31+08:00
2017-01-05T00:48:41: 非记录时间：2017-01-05T00:48:41+08:00
2017-01-05T00:48:51: 非记录时间：2017-01-05T00:48:51+08:00
2017-01-05T00:49:01: 非记录时间：2017-01-05T00:49:01+08:00
2017-01-05T00:49:11: 非记录时间：2017-01-05T00:49:11+08:00
2017-01-05T00:49:21: 非记录时间：2017-01-05T00:49:21+08:00
2017-01-05T00:49:31: 非记录时间：2017-01-05T00:49:31+08:00
2017-01-05T00:49:41: 非记录时间：2017-01-05T00:49:41+08:00
2017-01-05T00:49:51: 非记录时间：2017-01-05T00:49:51+08:00
2017-01-05T00:50:01: 非记录时间：2017-01-05T00:50:01+08:00
2017-01-05T00:50:11: 非记录时间：2017-01-05T00:50:11+08:00
2017-01-05T00:50:21: 非记录时间：2017-01-05T00:50:21+08:00
2017-01-05T00:50:31: 非记录时间：2017-01-05T00:50:31+08:00
2017-01-05T00:50:41: 非记录时间：2017-01-05T00:50:41+08:00
2017-01-05T00:50:51: 非记录时间：2017-01-05T00:50:51+08:00
2017-01-05T00:51:01: 非记录时间：2017-01-05T00:51:01+08:00
2017-01-05T00:51:11: 非记录时间：2017-01-05T00:51:11+08:00
2017-01-05T00:51:21: 非记录时间：2017-01-05T00:51:21+08:00
2017-01-05T00:51:31: 非记录时间：2017-01-05T00:51:31+08:00
2017-01-05T00:51:41: 非记录时间：2017-01-05T00:51:41+08:00
2017-01-05T00:51:51: 非记录时间：2017-01-05T00:51:51+08:00
2017-01-05T00:52:01: 非记录时间：2017-01-05T00:52:01+08:00
2017-01-05T00:52:11: 非记录时间：2017-01-05T00:52:11+08:00
2017-01-05T00:52:21: 非记录时间：2017-01-05T00:52:21+08:00
2017-01-05T00:52:31: 非记录时间：2017-01-05T00:52:31+08:00
2017-01-05T00:52:41: 非记录时间：2017-01-05T00:52:41+08:00
2017-01-05T00:52:51: 非记录时间：2017-01-05T00:52:51+08:00
2017-01-05T00:53:02: 非记录时间：2017-01-05T00:53:02+08:00
2017-01-05T00:53:12: 非记录时间：2017-01-05T00:53:12+08:00
2017-01-05T00:53:22: 非记录时间：2017-01-05T00:53:22+08:00
2017-01-05T00:53:32: 非记录时间：2017-01-05T00:53:32+08:00
2017-01-05T00:53:42: 非记录时间：2017-01-05T00:53:42+08:00
2017-01-05T00:53:52: 非记录时间：2017-01-05T00:53:52+08:00
2017-01-05T00:54:02: 非记录时间：2017-01-05T00:54:02+08:00
2017-01-05T00:54:12: 非记录时间：2017-01-05T00:54:12+08:00
2017-01-05T00:54:22: 非记录时间：2017-01-05T00:54:22+08:00
2017-01-05T00:54:32: 非记录时间：2017-01-05T00:54:32+08:00
2017-01-05T00:54:42: 非记录时间：2017-01-05T00:54:42+08:00
2017-01-05T00:54:52: 非记录时间：2017-01-05T00:54:52+08:00
2017-01-05T00:55:02: 非记录时间：2017-01-05T00:55:02+08:00
2017-01-05T00:55:12: 非记录时间：2017-01-05T00:55:12+08:00
2017-01-05T00:55:22: 非记录时间：2017-01-05T00:55:22+08:00
2017-01-05T00:55:32: 非记录时间：2017-01-05T00:55:32+08:00
2017-01-05T00:55:42: 非记录时间：2017-01-05T00:55:42+08:00
2017-01-05T00:55:52: 非记录时间：2017-01-05T00:55:52+08:00
2017-01-05T00:56:02: 非记录时间：2017-01-05T00:56:02+08:00
2017-01-05T00:56:12: 非记录时间：2017-01-05T00:56:12+08:00
2017-01-05T00:56:22: 非记录时间：2017-01-05T00:56:22+08:00
2017-01-05T00:56:32: 非记录时间：2017-01-05T00:56:32+08:00
2017-01-05T00:56:42: 非记录时间：2017-01-05T00:56:42+08:00
2017-01-05T00:56:52: 非记录时间：2017-01-05T00:56:52+08:00
2017-01-05T00:57:02: 非记录时间：2017-01-05T00:57:02+08:00
2017-01-05T00:57:12: 非记录时间：2017-01-05T00:57:12+08:00
2017-01-05T00:57:22: 非记录时间：2017-01-05T00:57:22+08:00
2017-01-05T00:57:32: 非记录时间：2017-01-05T00:57:32+08:00
2017-01-05T00:57:42: 非记录时间：2017-01-05T00:57:42+08:00
2017-01-05T00:57:52: 非记录时间：2017-01-05T00:57:52+08:00
2017-01-05T00:58:02: 非记录时间：2017-01-05T00:58:02+08:00
2017-01-05T00:58:12: 非记录时间：2017-01-05T00:58:12+08:00
2017-01-05T00:58:22: 非记录时间：2017-01-05T00:58:22+08:00
2017-01-05T00:58:32: 非记录时间：2017-01-05T00:58:32+08:00
2017-01-05T00:58:42: 非记录时间：2017-01-05T00:58:42+08:00
2017-01-05T00:58:52: 非记录时间：2017-01-05T00:58:52+08:00
2017-01-05T00:59:02: 非记录时间：2017-01-05T00:59:02+08:00
2017-01-05T00:59:12: 非记录时间：2017-01-05T00:59:12+08:00
2017-01-05T00:59:22: 非记录时间：2017-01-05T00:59:22+08:00
2017-01-05T00:59:32: 非记录时间：2017-01-05T00:59:32+08:00
2017-01-05T00:59:42: 非记录时间：2017-01-05T00:59:42+08:00
2017-01-05T00:59:52: 非记录时间：2017-01-05T00:59:52+08:00
2017-01-05T01:00:02: 非记录时间：2017-01-05T01:00:02+08:00
2017-01-05T01:00:12: 非记录时间：2017-01-05T01:00:12+08:00
2017-01-05T01:00:22: 非记录时间：2017-01-05T01:00:22+08:00
2017-01-05T01:00:32: 非记录时间：2017-01-05T01:00:32+08:00
2017-01-05T01:00:42: 非记录时间：2017-01-05T01:00:42+08:00
2017-01-05T01:00:52: 非记录时间：2017-01-05T01:00:52+08:00
2017-01-05T01:01:02: 非记录时间：2017-01-05T01:01:02+08:00
2017-01-05T01:01:12: 非记录时间：2017-01-05T01:01:12+08:00
2017-01-05T01:01:22: 非记录时间：2017-01-05T01:01:22+08:00
2017-01-05T01:01:32: 非记录时间：2017-01-05T01:01:32+08:00
2017-01-05T01:01:42: 非记录时间：2017-01-05T01:01:42+08:00
2017-01-05T01:01:52: 非记录时间：2017-01-05T01:01:52+08:00
2017-01-05T01:02:02: 非记录时间：2017-01-05T01:02:02+08:00
2017-01-05T01:02:12: 非记录时间：2017-01-05T01:02:12+08:00
2017-01-05T01:02:22: 非记录时间：2017-01-05T01:02:22+08:00
2017-01-05T01:02:32: 非记录时间：2017-01-05T01:02:32+08:00
2017-01-05T01:02:42: 非记录时间：2017-01-05T01:02:42+08:00
2017-01-05T01:02:52: 非记录时间：2017-01-05T01:02:52+08:00
2017-01-05T01:03:02: 非记录时间：2017-01-05T01:03:02+08:00
2017-01-05T01:03:12: 非记录时间：2017-01-05T01:03:12+08:00
2017-01-05T01:03:22: 非记录时间：2017-01-05T01:03:22+08:00
2017-01-05T01:03:32: 非记录时间：2017-01-05T01:03:32+08:00
2017-01-05T01:03:42: 非记录时间：2017-01-05T01:03:42+08:00
2017-01-05T01:03:52: 非记录时间：2017-01-05T01:03:52+08:00
2017-01-05T01:04:02: 非记录时间：2017-01-05T01:04:02+08:00
2017-01-05T01:04:12: 非记录时间：2017-01-05T01:04:12+08:00
2017-01-05T01:04:22: 非记录时间：2017-01-05T01:04:22+08:00
2017-01-05T01:04:32: 非记录时间：2017-01-05T01:04:32+08:00
2017-01-05T01:04:42: 非记录时间：2017-01-05T01:04:42+08:00
2017-01-05T01:04:52: 非记录时间：2017-01-05T01:04:52+08:00
2017-01-05T01:05:02: 非记录时间：2017-01-05T01:05:02+08:00
2017-01-05T01:05:12: 非记录时间：2017-01-05T01:05:12+08:00
2017-01-05T01:05:22: 非记录时间：2017-01-05T01:05:22+08:00
2017-01-05T01:05:32: 非记录时间：2017-01-05T01:05:32+08:00
2017-01-05T01:05:42: 非记录时间：2017-01-05T01:05:42+08:00
2017-01-05T01:05:52: 非记录时间：2017-01-05T01:05:52+08:00
2017-01-05T01:06:02: 非记录时间：2017-01-05T01:06:02+08:00
2017-01-05T01:06:12: 非记录时间：2017-01-05T01:06:12+08:00
2017-01-05T01:06:22: 非记录时间：2017-01-05T01:06:22+08:00
2017-01-05T01:06:32: 非记录时间：2017-01-05T01:06:32+08:00
2017-01-05T01:06:42: 非记录时间：2017-01-05T01:06:42+08:00
2017-01-05T01:06:52: 非记录时间：2017-01-05T01:06:52+08:00
2017-01-05T01:07:02: 非记录时间：2017-01-05T01:07:02+08:00
2017-01-05T01:07:12: 非记录时间：2017-01-05T01:07:12+08:00
2017-01-05T01:07:22: 非记录时间：2017-01-05T01:07:22+08:00
2017-01-05T01:07:32: 非记录时间：2017-01-05T01:07:32+08:00
2017-01-05T01:07:42: 非记录时间：2017-01-05T01:07:42+08:00
2017-01-05T01:07:52: 非记录时间：2017-01-05T01:07:52+08:00
2017-01-05T01:08:02: 非记录时间：2017-01-05T01:08:02+08:00
2017-01-05T01:08:12: 非记录时间：2017-01-05T01:08:12+08:00
2017-01-05T01:08:22: 非记录时间：2017-01-05T01:08:22+08:00
2017-01-05T01:08:32: 非记录时间：2017-01-05T01:08:32+08:00
2017-01-05T01:08:42: 非记录时间：2017-01-05T01:08:42+08:00
2017-01-05T01:08:52: 非记录时间：2017-01-05T01:08:52+08:00
2017-01-05T01:09:02: 非记录时间：2017-01-05T01:09:02+08:00
2017-01-05T01:09:12: 非记录时间：2017-01-05T01:09:12+08:00
2017-01-05T01:09:22: 非记录时间：2017-01-05T01:09:22+08:00
2017-01-05T01:09:32: 非记录时间：2017-01-05T01:09:32+08:00
2017-01-05T01:09:42: 非记录时间：2017-01-05T01:09:42+08:00
2017-01-05T01:09:52: 非记录时间：2017-01-05T01:09:52+08:00
2017-01-05T01:10:02: 非记录时间：2017-01-05T01:10:02+08:00
2017-01-05T01:10:12: 非记录时间：2017-01-05T01:10:12+08:00
2017-01-05T01:10:22: 非记录时间：2017-01-05T01:10:22+08:00
2017-01-05T01:10:32: 非记录时间：2017-01-05T01:10:32+08:00
2017-01-05T01:10:42: 非记录时间：2017-01-05T01:10:42+08:00
2017-01-05T01:10:52: 非记录时间：2017-01-05T01:10:52+08:00
2017-01-05T01:11:03: 读取文件失败，可能是该文件不存在
2017-01-05T01:11:03: Error: ENOENT: no such file or directory, open './data/2017-01-05.json'
2017-01-05T01:11:12: 读取文件成功
2017-01-05T01:11:22: 读取文件成功
2017-01-05T01:11:32: 读取文件成功
2017-01-05T01:11:42: 读取文件成功
2017-01-05T01:11:52: 读取文件成功
2017-01-05T01:12:02: 读取文件成功
2017-01-05T01:12:12: 读取文件成功
2017-01-05T01:12:22: 读取文件成功
2017-01-05T01:12:32: 读取文件成功
2017-01-05T01:12:42: 读取文件成功
2017-01-05T01:12:52: 读取文件成功
2017-01-05T01:13:02: 读取文件成功
2017-01-05T01:13:12: 读取文件成功
2017-01-05T01:13:22: 读取文件成功
2017-01-05T01:13:32: 读取文件成功
2017-01-05T01:13:42: 读取文件成功
2017-01-05T01:13:52: 读取文件成功
2017-01-05T01:14:02: 读取文件成功
2017-01-05T01:14:12: 读取文件成功
2017-01-05T01:14:22: 读取文件成功
2017-01-05T01:14:32: 读取文件成功
2017-01-05T01:14:42: 读取文件成功
2017-01-05T01:14:52: 读取文件成功
2017-01-05T01:15:02: 读取文件成功
2017-01-05T01:15:12: 读取文件成功
2017-01-05T01:15:22: 读取文件成功
2017-01-05T01:15:32: 读取文件成功
2017-01-05T01:15:42: 读取文件成功
2017-01-05T01:15:52: 读取文件成功
2017-01-05T01:16:02: 读取文件成功
2017-01-05T01:16:12: 读取文件成功
2017-01-05T01:16:22: 读取文件成功
2017-01-05T01:16:32: 读取文件成功
2017-01-05T01:16:42: 读取文件成功
2017-01-05T01:16:52: 读取文件成功
2017-01-05T01:17:02: 读取文件成功
2017-01-05T01:17:12: 读取文件成功
2017-01-05T01:17:22: 读取文件成功
2017-01-05T01:17:32: 读取文件成功
2017-01-05T01:17:42: 读取文件成功
2017-01-05T01:17:52: 读取文件成功
2017-01-05T01:18:02: 读取文件成功
2017-01-05T01:18:12: 读取文件成功
2017-01-05T01:18:22: 读取文件成功
2017-01-05T01:18:32: 读取文件成功
2017-01-05T01:18:43: 读取文件成功
2017-01-05T01:18:52: 读取文件成功
2017-01-05T01:19:03: 读取文件成功
2017-01-05T01:19:13: 读取文件成功
2017-01-05T01:19:23: 读取文件成功
2017-01-05T01:19:33: 读取文件成功
2017-01-05T01:19:43: 读取文件成功
2017-01-05T01:19:53: 读取文件成功
2017-01-05T01:20:03: 读取文件成功
2017-01-05T01:20:13: 读取文件成功
2017-01-05T01:20:23: 读取文件成功
2017-01-05T01:20:33: 读取文件成功
2017-01-05T01:20:43: 读取文件成功
2017-01-05T01:20:53: 读取文件成功
2017-01-05T01:21:03: 读取文件成功
2017-01-05T01:21:13: 读取文件成功
2017-01-05T01:21:23: 读取文件成功
2017-01-05T01:21:33: 读取文件成功
2017-01-05T01:21:43: 读取文件成功
2017-01-05T01:21:53: 读取文件成功
2017-01-05T01:22:03: 读取文件成功
2017-01-05T01:22:13: 读取文件成功
2017-01-05T01:22:23: 读取文件成功
2017-01-05T01:22:33: 读取文件成功
2017-01-05T01:22:43: 读取文件成功
2017-01-05T01:22:53: 读取文件成功
2017-01-05T01:23:03: 读取文件成功
2017-01-05T01:23:13: 读取文件成功
2017-01-05T01:23:23: 读取文件成功
2017-01-05T01:23:33: 读取文件成功
2017-01-05T01:23:43: 读取文件成功
2017-01-05T01:23:53: 读取文件成功
2017-01-05T01:24:03: 读取文件成功
2017-01-05T01:24:13: 读取文件成功
2017-01-05T01:24:23: 读取文件成功
2017-01-05T01:24:33: 读取文件成功
2017-01-05T01:24:43: 读取文件成功
2017-01-05T01:24:53: 读取文件成功
2017-01-05T01:25:03: 读取文件成功
2017-01-05T01:25:13: 读取文件成功
2017-01-05T01:25:23: 读取文件成功
2017-01-05T01:25:33: 读取文件成功
2017-01-05T01:25:43: 读取文件成功
2017-01-05T01:25:53: 读取文件成功
2017-01-05T01:26:03: 读取文件成功
2017-01-05T01:26:13: 读取文件成功
2017-01-05T01:26:23: 读取文件成功
2017-01-05T01:26:33: 读取文件成功
2017-01-05T01:26:43: 读取文件成功
2017-01-05T01:26:53: 读取文件成功
2017-01-05T01:27:03: 读取文件成功
2017-01-05T01:27:13: 读取文件成功
2017-01-05T01:27:23: 读取文件成功
2017-01-05T01:27:33: 读取文件成功
2017-01-05T01:27:43: 读取文件成功
2017-01-05T01:27:53: 读取文件成功
2017-01-05T01:28:03: 读取文件成功
2017-01-05T01:28:13: 读取文件成功
2017-01-05T01:28:23: 读取文件成功
2017-01-05T01:28:33: 读取文件成功
2017-01-05T01:28:43: 读取文件成功
2017-01-05T01:28:53: 读取文件成功
2017-01-05T01:29:03: 读取文件成功
2017-01-05T01:29:13: 读取文件成功
2017-01-05T01:29:23: 读取文件成功
2017-01-05T01:29:33: 读取文件成功
2017-01-05T01:29:43: 读取文件成功
2017-01-05T01:29:53: 读取文件成功
2017-01-05T01:30:03: 读取文件成功
2017-01-05T01:30:13: 读取文件成功
2017-01-05T01:30:23: 读取文件成功
2017-01-05T01:30:33: 读取文件成功
2017-01-05T01:30:43: 读取文件成功
2017-01-05T01:30:53: 读取文件成功
2017-01-05T01:31:03: 读取文件成功
2017-01-05T01:31:13: 读取文件成功
2017-01-05T01:31:23: 读取文件成功
2017-01-05T01:31:33: 读取文件成功
2017-01-05T01:31:43: 读取文件成功
2017-01-05T01:31:53: 读取文件成功
2017-01-05T01:32:03: 读取文件成功
2017-01-05T01:32:13: 读取文件成功
2017-01-05T01:32:23: 读取文件成功
2017-01-05T01:32:33: 读取文件成功
2017-01-05T01:32:43: 读取文件成功
2017-01-05T01:32:53: 读取文件成功
2017-01-05T01:33:03: 读取文件成功
2017-01-05T01:33:13: 读取文件成功
2017-01-05T01:33:23: 读取文件成功
2017-01-05T01:33:33: 读取文件成功
2017-01-05T01:33:43: 读取文件成功
2017-01-05T01:33:53: 读取文件成功
2017-01-05T01:34:03: 读取文件成功
2017-01-05T01:34:13: 读取文件成功
2017-01-05T01:34:23: 读取文件成功
2017-01-05T01:34:33: 读取文件成功
2017-01-05T01:34:43: 读取文件成功
2017-01-05T01:34:53: 读取文件成功
2017-01-05T01:35:03: 读取文件成功
2017-01-05T01:35:13: 读取文件成功
2017-01-05T01:35:23: 读取文件成功
2017-01-05T01:35:33: 读取文件成功
2017-01-05T01:35:43: 读取文件成功
2017-01-05T01:35:53: 读取文件成功
2017-01-05T01:36:03: 读取文件成功
2017-01-05T01:36:13: 读取文件成功
2017-01-05T01:36:23: 读取文件成功
2017-01-05T01:36:34: 读取文件成功
2017-01-05T01:36:44: 读取文件成功
2017-01-05T01:36:54: 读取文件成功
2017-01-05T01:37:04: 读取文件成功
2017-01-05T01:37:14: 读取文件成功
2017-01-05T01:37:24: 读取文件成功
2017-01-05T01:37:34: 读取文件成功
2017-01-05T01:37:44: 读取文件成功
2017-01-05T01:37:54: 读取文件成功
2017-01-05T01:38:04: 读取文件成功
2017-01-05T01:38:14: 读取文件成功
2017-01-05T01:38:24: 读取文件成功
2017-01-05T01:38:34: 读取文件成功
2017-01-05T01:38:44: 读取文件成功
2017-01-05T01:38:54: 读取文件成功
2017-01-05T01:39:04: 读取文件成功
2017-01-05T01:39:14: 读取文件成功
2017-01-05T01:39:24: 读取文件成功
2017-01-05T01:39:34: 读取文件成功
2017-01-05T01:39:44: 读取文件成功
2017-01-05T01:39:54: 读取文件成功
2017-01-05T01:40:04: 读取文件成功
2017-01-05T01:40:14: 读取文件成功
2017-01-05T01:40:24: 读取文件成功
2017-01-05T01:40:34: 读取文件成功
2017-01-05T01:40:44: 读取文件成功
2017-01-05T01:40:54: 读取文件成功
2017-01-05T01:41:04: 读取文件成功
2017-01-05T01:41:14: 读取文件成功
2017-01-05T01:41:24: 读取文件成功
2017-01-05T01:41:34: 读取文件成功
2017-01-05T01:41:44: 读取文件成功
2017-01-05T01:41:54: 读取文件成功
2017-01-05T01:42:04: 读取文件成功
2017-01-05T01:42:14: 读取文件成功
2017-01-05T01:42:24: 读取文件成功
2017-01-05T01:42:34: 读取文件成功
2017-01-05T01:42:44: 读取文件成功
2017-01-05T01:42:54: 读取文件成功
2017-01-05T01:43:04: 读取文件成功
2017-01-05T01:43:14: 读取文件成功
2017-01-05T01:43:24: 读取文件成功
2017-01-05T01:43:34: 读取文件成功
2017-01-05T01:43:44: 读取文件成功
2017-01-05T01:43:54: 读取文件成功
2017-01-05T01:44:04: 读取文件成功
2017-01-05T01:44:14: 读取文件成功
2017-01-05T01:44:24: 读取文件成功
2017-01-05T01:44:34: 读取文件成功
2017-01-05T01:44:44: 读取文件成功
2017-01-05T01:44:54: 读取文件成功
2017-01-05T01:45:04: 读取文件成功
2017-01-05T01:45:14: 读取文件成功
2017-01-05T01:45:24: 读取文件成功
2017-01-05T01:45:34: 读取文件成功
2017-01-05T01:45:44: 读取文件成功
2017-01-05T01:45:54: 读取文件成功
2017-01-05T01:46:04: 读取文件成功
2017-01-05T01:46:14: 读取文件成功
2017-01-05T01:46:24: 读取文件成功
2017-01-05T01:46:34: 读取文件成功
2017-01-05T01:46:44: 读取文件成功
2017-01-05T01:46:54: 读取文件成功
2017-01-05T01:47:04: 读取文件成功
2017-01-05T01:47:14: 读取文件成功
2017-01-05T01:47:24: 读取文件成功
2017-01-05T01:47:34: 读取文件成功
2017-01-05T01:47:44: 读取文件成功
2017-01-05T01:47:54: 读取文件成功
2017-01-05T01:48:04: 读取文件成功
2017-01-05T01:48:14: 读取文件成功
2017-01-05T01:48:24: 读取文件成功
2017-01-05T01:48:34: 读取文件成功
2017-01-05T01:48:44: 读取文件成功
2017-01-05T01:48:54: 读取文件成功
2017-01-05T01:49:04: 读取文件成功
2017-01-05T01:49:14: 读取文件成功
2017-01-05T01:49:24: 读取文件成功
2017-01-05T01:49:34: 读取文件成功
2017-01-05T01:49:44: 读取文件成功
2017-01-05T01:49:54: 读取文件成功
2017-01-05T01:50:04: 读取文件成功
2017-01-05T01:50:14: 读取文件成功
2017-01-05T01:50:24: 读取文件成功
2017-01-05T01:50:34: 读取文件成功
2017-01-05T01:50:44: 读取文件成功
2017-01-05T01:50:54: 读取文件成功
2017-01-05T01:51:04: 读取文件成功
2017-01-05T01:51:14: 读取文件成功
2017-01-05T01:51:24: 读取文件成功
2017-01-05T01:51:34: 读取文件成功
2017-01-05T01:51:44: 读取文件成功
2017-01-05T01:51:54: 读取文件成功
2017-01-05T01:52:04: 读取文件成功
2017-01-05T01:52:14: 读取文件成功
2017-01-05T01:52:24: 读取文件成功
2017-01-05T01:52:34: 读取文件成功
2017-01-05T01:52:44: 读取文件成功
2017-01-05T01:52:54: 读取文件成功
2017-01-05T01:53:04: 读取文件成功
2017-01-05T01:53:14: 读取文件成功
2017-01-05T01:53:24: 读取文件成功
2017-01-05T01:53:34: 读取文件成功
2017-01-05T01:53:44: 读取文件成功
2017-01-05T01:53:54: 读取文件成功
2017-01-05T01:54:04: 读取文件成功
2017-01-05T01:54:14: 读取文件成功
2017-01-05T01:54:24: 读取文件成功
2017-01-05T01:54:34: 读取文件成功
2017-01-05T01:54:44: 读取文件成功
2017-01-05T01:54:54: 读取文件成功
2017-01-05T01:55:05: 读取文件成功
2017-01-05T01:55:14: 读取文件成功
2017-01-05T01:55:25: 读取文件成功
2017-01-05T01:55:35: 读取文件成功
2017-01-05T01:55:45: 读取文件成功
2017-01-05T01:55:55: 读取文件成功
2017-01-05T01:56:05: 读取文件成功
2017-01-05T01:56:15: 读取文件成功
2017-01-05T01:56:25: 读取文件成功
2017-01-05T01:56:35: 读取文件成功
2017-01-05T01:56:45: 读取文件成功
2017-01-05T01:56:55: 读取文件成功
2017-01-05T01:57:05: 读取文件成功
2017-01-05T01:57:15: 读取文件成功
2017-01-05T01:57:25: 读取文件成功
2017-01-05T01:57:35: 读取文件成功
2017-01-05T01:57:45: 读取文件成功
2017-01-05T01:57:55: 读取文件成功
2017-01-05T01:58:05: 读取文件成功
2017-01-05T01:58:15: 读取文件成功
2017-01-05T01:58:25: 读取文件成功
2017-01-05T01:58:35: 读取文件成功
2017-01-05T01:58:45: 读取文件成功
2017-01-05T01:58:55: 读取文件成功
2017-01-05T01:59:05: 读取文件成功
2017-01-05T01:59:15: 读取文件成功
2017-01-05T01:59:25: 读取文件成功
2017-01-05T01:59:35: 读取文件成功
2017-01-05T01:59:45: 读取文件成功
2017-01-05T01:59:55: 读取文件成功
2017-01-05T02:00:05: 读取文件成功
2017-01-05T02:00:15: 读取文件成功
2017-01-05T02:00:25: 读取文件成功
2017-01-05T02:00:35: 读取文件成功
2017-01-05T02:00:45: 读取文件成功
2017-01-05T02:00:55: 读取文件成功
2017-01-05T02:01:05: 读取文件成功
2017-01-05T02:01:15: 读取文件成功
2017-01-05T02:01:25: 读取文件成功
2017-01-05T02:01:35: 读取文件成功
2017-01-05T02:01:45: 读取文件成功
2017-01-05T02:01:55: 读取文件成功
2017-01-05T02:02:05: 读取文件成功
2017-01-05T02:02:15: 读取文件成功
2017-01-05T02:02:25: 读取文件成功
2017-01-05T02:02:35: 读取文件成功
2017-01-05T02:02:45: 读取文件成功
2017-01-05T02:02:55: 读取文件成功
2017-01-05T02:03:05: 读取文件成功
2017-01-05T02:03:15: 读取文件成功
2017-01-05T02:03:25: 读取文件成功
2017-01-05T02:03:35: 读取文件成功
2017-01-05T02:03:45: 读取文件成功
2017-01-05T02:03:55: 读取文件成功
2017-01-05T02:04:05: 读取文件成功
2017-01-05T02:04:15: 读取文件成功
2017-01-05T02:04:25: 读取文件成功
2017-01-05T02:04:35: 读取文件成功
2017-01-05T02:04:45: 读取文件成功
2017-01-05T02:04:55: 读取文件成功
2017-01-05T02:05:05: 读取文件成功
2017-01-05T02:05:15: 读取文件成功
2017-01-05T02:05:25: 读取文件成功
2017-01-05T02:05:35: 读取文件成功
2017-01-05T02:05:45: 读取文件成功
2017-01-05T02:05:55: 读取文件成功
2017-01-05T02:06:05: 读取文件成功
2017-01-05T02:06:15: 读取文件成功
2017-01-05T02:06:25: 读取文件成功
2017-01-05T02:06:35: 读取文件成功
2017-01-05T02:06:45: 读取文件成功
2017-01-05T02:06:55: 读取文件成功
2017-01-05T02:07:05: 读取文件成功
2017-01-05T02:07:15: 读取文件成功
2017-01-05T02:07:25: 读取文件成功
2017-01-05T02:07:35: 读取文件成功
2017-01-05T02:07:45: 读取文件成功
2017-01-05T02:07:55: 读取文件成功
2017-01-05T02:08:05: 读取文件成功
2017-01-05T02:08:15: 读取文件成功
2017-01-05T02:08:25: 读取文件成功
2017-01-05T02:08:35: 读取文件成功
2017-01-05T02:08:45: 读取文件成功
2017-01-05T02:08:55: 读取文件成功
2017-01-05T02:09:05: 读取文件成功
2017-01-05T02:09:15: 读取文件成功
2017-01-05T02:09:25: 读取文件成功
2017-01-05T02:09:35: 读取文件成功
2017-01-05T02:09:45: 读取文件成功
2017-01-05T02:09:55: 读取文件成功
2017-01-05T02:10:05: 读取文件成功
2017-01-05T02:10:15: 读取文件成功
2017-01-05T02:10:25: 读取文件成功
2017-01-05T02:10:35: 读取文件成功
2017-01-05T02:10:45: 读取文件成功
2017-01-05T02:10:55: 读取文件成功
2017-01-05T02:11:05: 读取文件成功
2017-01-05T02:11:15: 读取文件成功
2017-01-05T02:11:25: 读取文件成功
2017-01-05T02:11:35: 读取文件成功
2017-01-05T02:11:45: 读取文件成功
2017-01-05T02:11:55: 读取文件成功
2017-01-05T02:12:05: 读取文件成功
2017-01-05T02:12:15: 读取文件成功
2017-01-05T02:12:25: 读取文件成功
2017-01-05T02:12:36: 读取文件成功
2017-01-05T02:12:45: 读取文件成功
2017-01-05T02:12:55: 读取文件成功
2017-01-05T02:13:05: 读取文件成功
2017-01-05T02:13:15: 读取文件成功
2017-01-05T02:13:25: 读取文件成功
2017-01-05T02:13:35: 读取文件成功
2017-01-05T02:13:45: 读取文件成功
2017-01-05T02:13:55: 读取文件成功
2017-01-05T02:14:05: 读取文件成功
2017-01-05T02:14:15: 读取文件成功
2017-01-05T02:14:26: 读取文件成功
2017-01-05T02:14:35: 读取文件成功
2017-01-05T02:14:46: 读取文件成功
2017-01-05T02:14:55: 读取文件成功
2017-01-05T02:15:06: 读取文件成功
2017-01-05T02:15:16: 读取文件成功
2017-01-05T02:15:26: 读取文件成功
2017-01-05T02:15:36: 读取文件成功
2017-01-05T02:15:46: 读取文件成功
2017-01-05T02:15:56: 读取文件成功
2017-01-05T02:16:06: 读取文件成功
2017-01-05T02:16:16: 读取文件成功
2017-01-05T02:16:26: 读取文件成功
2017-01-05T02:16:36: 读取文件成功
2017-01-05T02:16:46: 读取文件成功
2017-01-05T02:16:56: 读取文件成功
2017-01-05T02:17:06: 读取文件成功
2017-01-05T02:17:16: 读取文件成功
2017-01-05T02:17:26: 读取文件成功
2017-01-05T02:17:36: 读取文件成功
2017-01-05T02:17:46: 读取文件成功
2017-01-05T02:17:56: 读取文件成功
2017-01-05T02:18:06: 读取文件成功
2017-01-05T02:18:16: 读取文件成功
2017-01-05T02:18:26: 读取文件成功
2017-01-05T02:18:36: 读取文件成功
2017-01-05T02:18:46: 读取文件成功
2017-01-05T02:18:56: 读取文件成功
2017-01-05T02:19:06: 读取文件成功
2017-01-05T02:19:16: 读取文件成功
2017-01-05T02:19:26: 读取文件成功
2017-01-05T02:19:36: 读取文件成功
2017-01-05T02:19:46: 读取文件成功
2017-01-05T02:19:56: 读取文件成功
2017-01-05T02:20:06: 读取文件成功
2017-01-05T02:20:16: 读取文件成功
2017-01-05T02:20:26: 读取文件成功
2017-01-05T02:20:36: 读取文件成功
2017-01-05T02:20:46: 读取文件成功
2017-01-05T02:20:56: 读取文件成功
2017-01-05T02:21:06: 读取文件成功
2017-01-05T02:21:16: 读取文件成功
2017-01-05T02:21:26: 读取文件成功
2017-01-05T02:21:36: 读取文件成功
2017-01-05T02:21:46: 读取文件成功
2017-01-05T02:21:56: 读取文件成功
2017-01-05T02:22:06: 读取文件成功
2017-01-05T02:22:16: 读取文件成功
2017-01-05T02:22:26: 读取文件成功
2017-01-05T02:22:36: 读取文件成功
2017-01-05T02:22:46: 读取文件成功
2017-01-05T02:22:56: 读取文件成功
2017-01-05T02:23:06: 读取文件成功
2017-01-05T02:23:16: 读取文件成功
2017-01-05T02:23:26: 读取文件成功
2017-01-05T02:23:36: 读取文件成功
2017-01-05T02:23:46: 读取文件成功
2017-01-05T02:23:56: 读取文件成功
2017-01-05T02:24:06: 读取文件成功
2017-01-05T02:24:16: 读取文件成功
2017-01-05T02:24:26: 读取文件成功
2017-01-05T02:24:36: 读取文件成功
2017-01-05T02:24:46: 读取文件成功
2017-01-05T02:24:56: 读取文件成功
2017-01-05T02:25:06: 读取文件成功
2017-01-05T02:25:16: 读取文件成功
2017-01-05T02:25:26: 读取文件成功
2017-01-05T02:25:36: 读取文件成功
2017-01-05T02:25:46: 读取文件成功
2017-01-05T02:25:56: 读取文件成功
2017-01-05T02:26:06: 读取文件成功
2017-01-05T02:26:16: 读取文件成功
2017-01-05T02:26:26: 读取文件成功
2017-01-05T02:26:36: 读取文件成功
2017-01-05T02:26:46: 读取文件成功
2017-01-05T02:26:56: 读取文件成功
2017-01-05T02:27:06: 读取文件成功
2017-01-05T02:27:16: 读取文件成功
2017-01-05T02:27:26: 读取文件成功
2017-01-05T02:27:36: 读取文件成功
2017-01-05T02:27:46: 读取文件成功
2017-01-05T02:27:56: 读取文件成功
2017-01-05T02:28:06: 读取文件成功
2017-01-05T02:28:16: 读取文件成功
2017-01-05T02:28:26: 读取文件成功
2017-01-05T02:28:36: 读取文件成功
2017-01-05T02:28:46: 读取文件成功
2017-01-05T02:28:56: 读取文件成功
2017-01-05T02:29:06: 读取文件成功
2017-01-05T02:29:16: 读取文件成功
2017-01-05T02:29:26: 读取文件成功
2017-01-05T02:29:36: 读取文件成功
2017-01-05T02:29:46: 读取文件成功
2017-01-05T02:29:56: 读取文件成功
2017-01-05T02:30:06: 读取文件成功
2017-01-05T02:30:16: 读取文件成功
2017-01-05T02:30:26: 读取文件成功
2017-01-05T02:30:36: 读取文件成功
2017-01-05T02:30:46: 读取文件成功
2017-01-05T02:30:56: 读取文件成功
2017-01-05T02:31:06: 读取文件成功
2017-01-05T02:31:16: 读取文件成功
2017-01-05T02:31:26: 读取文件成功
2017-01-05T02:31:37: 读取文件成功
2017-01-05T02:31:47: 读取文件成功
2017-01-05T02:31:57: 读取文件成功
2017-01-05T02:32:07: 读取文件成功
2017-01-05T02:32:17: 读取文件成功
2017-01-05T02:32:27: 读取文件成功
2017-01-05T02:32:37: 读取文件成功
2017-01-05T02:32:47: 读取文件成功
2017-01-05T02:32:57: 读取文件成功
2017-01-05T02:33:07: 读取文件成功
2017-01-05T02:33:17: 读取文件成功
2017-01-05T02:33:27: 读取文件成功
2017-01-05T02:33:37: 读取文件成功
2017-01-05T02:33:47: 读取文件成功
2017-01-05T02:33:57: 读取文件成功
2017-01-05T02:34:07: 读取文件成功
2017-01-05T02:34:17: 读取文件成功
2017-01-05T02:34:27: 读取文件成功
2017-01-05T02:34:37: 读取文件成功
2017-01-05T02:34:47: 读取文件成功
2017-01-05T02:34:57: 读取文件成功
2017-01-05T02:35:07: 读取文件成功
2017-01-05T02:35:17: 读取文件成功
2017-01-05T02:35:27: 读取文件成功
2017-01-05T02:35:37: 读取文件成功
2017-01-05T02:35:47: 读取文件成功
2017-01-05T02:35:57: 读取文件成功
2017-01-05T02:36:07: 读取文件成功
2017-01-05T02:36:17: 读取文件成功
2017-01-05T02:36:27: 读取文件成功
2017-01-05T02:36:37: 读取文件成功
2017-01-05T02:36:47: 读取文件成功
2017-01-05T02:36:57: 读取文件成功
2017-01-05T02:37:07: 读取文件成功
2017-01-05T02:37:17: 读取文件成功
2017-01-05T02:37:27: 读取文件成功
2017-01-05T02:37:37: 读取文件成功
2017-01-05T02:37:47: 读取文件成功
2017-01-05T02:37:57: 读取文件成功
2017-01-05T02:38:07: 读取文件成功
2017-01-05T02:38:17: 读取文件成功
2017-01-05T02:38:27: 读取文件成功
2017-01-05T02:38:37: 读取文件成功
2017-01-05T02:38:47: 读取文件成功
2017-01-05T02:38:57: 读取文件成功
2017-01-05T02:39:07: 读取文件成功
2017-01-05T02:39:17: 读取文件成功
2017-01-05T02:39:27: 读取文件成功
2017-01-05T02:39:37: 读取文件成功
2017-01-05T02:39:47: 读取文件成功
2017-01-05T02:39:57: 读取文件成功
2017-01-05T02:40:07: 读取文件成功
2017-01-05T02:40:17: 读取文件成功
2017-01-05T02:40:27: 读取文件成功
2017-01-05T02:40:37: 读取文件成功
2017-01-05T02:40:47: 读取文件成功
2017-01-05T02:40:57: 读取文件成功
2017-01-05T02:41:07: 读取文件成功
2017-01-05T02:41:17: 读取文件成功
2017-01-05T02:41:27: 读取文件成功
2017-01-05T02:41:37: 读取文件成功
2017-01-05T02:41:47: 读取文件成功
2017-01-05T02:41:57: 读取文件成功
2017-01-05T02:42:07: 读取文件成功
2017-01-05T02:42:17: 读取文件成功
2017-01-05T02:42:27: 读取文件成功
2017-01-05T02:42:37: 读取文件成功
2017-01-05T02:42:47: 读取文件成功
2017-01-05T02:42:57: 读取文件成功
2017-01-05T02:43:07: 读取文件成功
2017-01-05T02:43:17: 读取文件成功
2017-01-05T02:43:27: 读取文件成功
2017-01-05T02:43:37: 读取文件成功
2017-01-05T02:43:47: 读取文件成功
2017-01-05T02:43:57: 读取文件成功
2017-01-05T02:44:07: 读取文件成功
2017-01-05T02:44:17: 读取文件成功
2017-01-05T02:44:27: 读取文件成功
2017-01-05T02:44:37: 读取文件成功
2017-01-05T02:44:47: 读取文件成功
2017-01-05T02:44:57: 读取文件成功
2017-01-05T02:45:07: 读取文件成功
2017-01-05T02:45:17: 读取文件成功
2017-01-05T02:45:27: 读取文件成功
2017-01-05T02:45:37: 读取文件成功
2017-01-05T02:45:47: 读取文件成功
2017-01-05T02:45:57: 读取文件成功
2017-01-05T02:46:07: 读取文件成功
2017-01-05T02:46:17: 读取文件成功
2017-01-05T02:46:27: 读取文件成功
2017-01-05T02:46:37: 读取文件成功
2017-01-05T02:46:47: 读取文件成功
2017-01-05T02:46:57: 读取文件成功
2017-01-05T02:47:07: 读取文件成功
2017-01-05T02:47:17: 读取文件成功
2017-01-05T02:47:27: 读取文件成功
2017-01-05T02:47:37: 读取文件成功
2017-01-05T02:47:47: 读取文件成功
2017-01-05T02:47:57: 读取文件成功
2017-01-05T02:48:07: 读取文件成功
2017-01-05T02:48:17: 读取文件成功
2017-01-05T02:48:28: 读取文件成功
2017-01-05T02:48:37: 读取文件成功
2017-01-05T02:48:47: 读取文件成功
2017-01-05T02:48:57: 读取文件成功
2017-01-05T02:49:07: 读取文件成功
2017-01-05T02:49:17: 读取文件成功
2017-01-05T02:49:27: 读取文件成功
2017-01-05T02:49:38: 读取文件成功
2017-01-05T02:49:47: 读取文件成功
2017-01-05T02:49:58: 读取文件成功
2017-01-05T02:50:08: 读取文件成功
2017-01-05T02:50:18: 读取文件成功
2017-01-05T02:50:28: 读取文件成功
2017-01-05T02:50:38: 读取文件成功
2017-01-05T02:50:48: 读取文件成功
2017-01-05T02:50:58: 读取文件成功
2017-01-05T02:51:08: 读取文件成功
2017-01-05T02:51:18: 读取文件成功
2017-01-05T02:51:28: 读取文件成功
2017-01-05T02:51:38: 读取文件成功
2017-01-05T02:51:48: 读取文件成功
2017-01-05T02:51:58: 读取文件成功
2017-01-05T02:52:08: 读取文件成功
2017-01-05T02:52:18: 读取文件成功
2017-01-05T02:52:28: 读取文件成功
2017-01-05T02:52:38: 读取文件成功
2017-01-05T02:52:48: 读取文件成功
2017-01-05T02:52:58: 读取文件成功
2017-01-05T02:53:08: 读取文件成功
2017-01-05T02:53:18: 读取文件成功
2017-01-05T02:53:28: 读取文件成功
2017-01-05T02:53:38: 读取文件成功
2017-01-05T02:53:48: 读取文件成功
2017-01-05T02:53:58: 读取文件成功
2017-01-05T02:54:08: 读取文件成功
2017-01-05T02:54:18: 读取文件成功
2017-01-05T02:54:28: 读取文件成功
2017-01-05T02:54:38: 读取文件成功
2017-01-05T02:54:48: 读取文件成功
2017-01-05T02:54:58: 读取文件成功
2017-01-05T02:55:08: 读取文件成功
2017-01-05T02:55:18: 读取文件成功
2017-01-05T02:55:28: 读取文件成功
2017-01-05T02:55:38: 读取文件成功
2017-01-05T02:55:48: 读取文件成功
2017-01-05T02:55:58: 读取文件成功
2017-01-05T02:56:08: 读取文件成功
2017-01-05T02:56:18: 读取文件成功
2017-01-05T02:56:28: 读取文件成功
2017-01-05T02:56:38: 读取文件成功
2017-01-05T02:56:48: 读取文件成功
2017-01-05T02:56:58: 读取文件成功
2017-01-05T02:57:08: 读取文件成功
2017-01-05T02:57:18: 读取文件成功
2017-01-05T02:57:28: 读取文件成功
2017-01-05T02:57:38: 读取文件成功
2017-01-05T02:57:48: 读取文件成功
2017-01-05T02:57:58: 读取文件成功
2017-01-05T02:58:08: 读取文件成功
2017-01-05T02:58:18: 读取文件成功
2017-01-05T02:58:28: 读取文件成功
2017-01-05T02:58:38: 读取文件成功
2017-01-05T02:58:48: 读取文件成功
2017-01-05T02:58:58: 读取文件成功
2017-01-05T02:59:08: 读取文件成功
2017-01-05T02:59:18: 读取文件成功
2017-01-05T02:59:28: 读取文件成功
2017-01-05T02:59:38: 读取文件成功
2017-01-05T02:59:48: 读取文件成功
2017-01-05T02:59:58: 读取文件成功
2017-01-05T03:00:08: 读取文件成功
2017-01-05T03:00:18: 读取文件成功
2017-01-05T03:00:28: 读取文件成功
2017-01-05T03:00:38: 读取文件成功
2017-01-05T03:00:48: 读取文件成功
2017-01-05T03:00:58: 读取文件成功
2017-01-05T03:01:08: 读取文件成功
2017-01-05T03:01:18: 读取文件成功
2017-01-05T03:01:28: 读取文件成功
2017-01-05T03:01:38: 读取文件成功
2017-01-05T03:01:48: 读取文件成功
2017-01-05T03:01:58: 读取文件成功
2017-01-05T03:02:08: 读取文件成功
2017-01-05T03:02:18: 读取文件成功
2017-01-05T03:02:28: 读取文件成功
2017-01-05T03:02:38: 读取文件成功
2017-01-05T03:02:48: 读取文件成功
2017-01-05T03:02:58: 读取文件成功
2017-01-05T03:03:08: 读取文件成功
2017-01-05T03:03:18: 读取文件成功
2017-01-05T03:03:28: 读取文件成功
2017-01-05T03:03:38: 读取文件成功
2017-01-05T03:03:48: 读取文件成功
2017-01-05T03:03:58: 读取文件成功
2017-01-05T03:04:08: 读取文件成功
2017-01-05T03:04:18: 读取文件成功
2017-01-05T03:04:28: 读取文件成功
2017-01-05T03:04:38: 读取文件成功
2017-01-05T03:04:48: 读取文件成功
2017-01-05T03:04:58: 读取文件成功
2017-01-05T03:05:08: 读取文件成功
2017-01-05T03:05:18: 读取文件成功
2017-01-05T03:05:28: 读取文件成功
2017-01-05T03:05:38: 读取文件成功
2017-01-05T03:05:48: 读取文件成功
2017-01-05T03:05:58: 读取文件成功
2017-01-05T03:06:08: 读取文件成功
2017-01-05T03:06:18: 读取文件成功
2017-01-05T03:06:28: 读取文件成功
2017-01-05T03:06:38: 读取文件成功
2017-01-05T03:06:48: 读取文件成功
2017-01-05T03:06:58: 读取文件成功
2017-01-05T03:07:08: 读取文件成功
2017-01-05T03:07:18: 读取文件成功
2017-01-05T03:07:28: 读取文件成功
2017-01-05T03:07:39: 读取文件成功
2017-01-05T03:07:48: 读取文件成功
2017-01-05T03:07:59: 读取文件成功
2017-01-05T03:08:09: 读取文件成功
2017-01-05T03:08:19: 读取文件成功
2017-01-05T03:08:29: 读取文件成功
2017-01-05T03:08:39: 读取文件成功
2017-01-05T03:08:49: 读取文件成功
2017-01-05T03:08:59: 读取文件成功
2017-01-05T03:09:09: 读取文件成功
2017-01-05T03:09:19: 读取文件成功
2017-01-05T03:09:29: 读取文件成功
2017-01-05T03:09:39: 读取文件成功
2017-01-05T03:09:49: 读取文件成功
2017-01-05T03:09:59: 读取文件成功
2017-01-05T03:10:09: 读取文件成功
2017-01-05T03:10:19: 读取文件成功
2017-01-05T03:10:29: 读取文件成功
2017-01-05T03:10:39: 读取文件成功
2017-01-05T03:10:49: 读取文件成功
2017-01-05T03:10:59: 读取文件成功
2017-01-05T03:11:09: 读取文件成功
2017-01-05T03:11:19: 读取文件成功
2017-01-05T03:11:29: 读取文件成功
2017-01-05T03:11:39: 读取文件成功
2017-01-05T03:11:49: 读取文件成功
2017-01-05T03:11:59: 读取文件成功
2017-01-05T03:12:09: 读取文件成功
2017-01-05T03:12:19: 读取文件成功
2017-01-05T03:12:29: 读取文件成功
2017-01-05T03:12:39: 读取文件成功
2017-01-05T03:12:49: 读取文件成功
2017-01-05T03:12:59: 读取文件成功
2017-01-05T03:13:09: 读取文件成功
2017-01-05T03:13:19: 读取文件成功
2017-01-05T03:13:29: 读取文件成功
2017-01-05T03:13:39: 读取文件成功
2017-01-05T03:13:49: 读取文件成功
2017-01-05T03:13:59: 读取文件成功
2017-01-05T03:14:09: 读取文件成功
2017-01-05T03:14:19: 读取文件成功
2017-01-05T03:14:29: 读取文件成功
2017-01-05T03:14:39: 读取文件成功
2017-01-05T03:14:49: 读取文件成功
2017-01-05T03:14:59: 读取文件成功
2017-01-05T03:15:09: 读取文件成功
2017-01-05T03:15:19: 读取文件成功
2017-01-05T03:15:29: 读取文件成功
2017-01-05T03:15:39: 读取文件成功
2017-01-05T03:15:49: 读取文件成功
2017-01-05T03:15:59: 读取文件成功
2017-01-05T03:16:09: 读取文件成功
2017-01-05T03:16:19: 读取文件成功
2017-01-05T03:16:29: 读取文件成功
2017-01-05T03:16:39: 读取文件成功
2017-01-05T03:16:49: 读取文件成功
2017-01-05T03:16:59: 读取文件成功
2017-01-05T03:17:09: 读取文件成功
2017-01-05T03:17:19: 读取文件成功
2017-01-05T03:17:29: 读取文件成功
2017-01-05T03:17:39: 读取文件成功
2017-01-05T03:17:49: 读取文件成功
2017-01-05T03:17:59: 读取文件成功
2017-01-05T03:18:09: 读取文件成功
2017-01-05T03:18:19: 读取文件成功
2017-01-05T03:18:29: 读取文件成功
2017-01-05T03:18:39: 读取文件成功
2017-01-05T03:18:49: 读取文件成功
2017-01-05T03:18:59: 读取文件成功
2017-01-05T03:19:09: 读取文件成功
2017-01-05T03:19:19: 读取文件成功
2017-01-05T03:19:29: 读取文件成功
2017-01-05T03:19:39: 读取文件成功
2017-01-05T03:19:49: 读取文件成功
2017-01-05T03:19:59: 读取文件成功
2017-01-05T03:20:09: 读取文件成功
2017-01-05T03:20:19: 读取文件成功
2017-01-05T03:20:29: 读取文件成功
2017-01-05T03:20:39: 读取文件成功
2017-01-05T03:20:49: 读取文件成功
2017-01-05T03:20:59: 读取文件成功
2017-01-05T03:21:09: 读取文件成功
2017-01-05T03:21:19: 读取文件成功
2017-01-05T03:21:29: 读取文件成功
2017-01-05T03:21:39: 读取文件成功
2017-01-05T03:21:49: 读取文件成功
2017-01-05T03:21:59: 读取文件成功
2017-01-05T03:22:09: 读取文件成功
2017-01-05T03:22:19: 读取文件成功
2017-01-05T03:22:29: 读取文件成功
2017-01-05T03:22:39: 读取文件成功
2017-01-05T03:22:49: 读取文件成功
2017-01-05T03:22:59: 读取文件成功
2017-01-05T03:23:09: 读取文件成功
2017-01-05T03:23:19: 读取文件成功
2017-01-05T03:23:29: 读取文件成功
2017-01-05T03:23:39: 读取文件成功
2017-01-05T03:23:49: 读取文件成功
2017-01-05T03:23:59: 读取文件成功
2017-01-05T03:24:09: 读取文件成功
2017-01-05T03:24:19: 读取文件成功
2017-01-05T03:24:29: 读取文件成功
2017-01-05T03:24:39: 读取文件成功
2017-01-05T03:24:49: 读取文件成功
2017-01-05T03:24:59: 读取文件成功
2017-01-05T03:25:09: 读取文件成功
2017-01-05T03:25:19: 读取文件成功
2017-01-05T03:25:29: 读取文件成功
2017-01-05T03:25:39: 读取文件成功
2017-01-05T03:25:49: 读取文件成功
2017-01-05T03:25:59: 读取文件成功
2017-01-05T03:26:09: 读取文件成功
2017-01-05T03:26:19: 读取文件成功
2017-01-05T03:26:29: 读取文件成功
2017-01-05T03:26:39: 读取文件成功
2017-01-05T03:26:49: 读取文件成功
2017-01-05T03:26:59: 读取文件成功
2017-01-05T03:27:09: 读取文件成功
2017-01-05T03:27:19: 读取文件成功
2017-01-05T03:27:29: 读取文件成功
2017-01-05T03:27:39: 读取文件成功
2017-01-05T03:27:49: 读取文件成功
2017-01-05T03:27:59: 读取文件成功
2017-01-05T03:28:09: 读取文件成功
2017-01-05T03:28:20: 读取文件成功
2017-01-05T03:28:29: 读取文件成功
2017-01-05T03:28:39: 读取文件成功
2017-01-05T03:28:49: 读取文件成功
2017-01-05T03:28:59: 读取文件成功
2017-01-05T03:29:09: 读取文件成功
2017-01-05T03:29:19: 读取文件成功
2017-01-05T03:29:30: 读取文件成功
2017-01-05T03:29:39: 读取文件成功
2017-01-05T03:29:49: 读取文件成功
2017-01-05T03:30:00: 读取文件成功
2017-01-05T03:30:09: 读取文件成功
2017-01-05T03:30:20: 读取文件成功
2017-01-05T03:30:30: 读取文件成功
2017-01-05T03:30:40: 读取文件成功
2017-01-05T03:30:50: 读取文件成功
2017-01-05T03:31:00: 读取文件成功
2017-01-05T03:31:10: 读取文件成功
2017-01-05T03:31:20: 读取文件成功
2017-01-05T03:31:30: 读取文件成功
2017-01-05T03:31:40: 读取文件成功
2017-01-05T03:31:50: 读取文件成功
2017-01-05T03:32:00: 读取文件成功
2017-01-05T03:32:10: 读取文件成功
2017-01-05T03:32:20: 读取文件成功
2017-01-05T03:32:30: 读取文件成功
2017-01-05T03:32:40: 读取文件成功
2017-01-05T03:32:50: 读取文件成功
2017-01-05T03:33:00: 读取文件成功
2017-01-05T03:33:10: 读取文件成功
2017-01-05T03:33:20: 读取文件成功
2017-01-05T03:33:30: 读取文件成功
2017-01-05T03:33:40: 读取文件成功
2017-01-05T03:33:50: 读取文件成功
2017-01-05T03:34:00: 读取文件成功
2017-01-05T03:34:10: 读取文件成功
2017-01-05T03:34:20: 读取文件成功
2017-01-05T03:34:30: 读取文件成功
2017-01-05T03:34:40: 读取文件成功
2017-01-05T03:34:50: 读取文件成功
2017-01-05T03:35:00: 读取文件成功
2017-01-05T03:35:10: 读取文件成功
2017-01-05T03:35:20: 读取文件成功
2017-01-05T03:35:30: 读取文件成功
2017-01-05T03:35:40: 读取文件成功
2017-01-05T03:35:50: 读取文件成功
2017-01-05T03:36:00: 读取文件成功
2017-01-05T03:36:10: 读取文件成功
2017-01-05T03:36:20: 读取文件成功
2017-01-05T03:36:30: 读取文件成功
2017-01-05T03:36:40: 读取文件成功
2017-01-05T03:36:50: 读取文件成功
2017-01-05T03:37:00: 读取文件成功
2017-01-05T03:37:10: 读取文件成功
2017-01-05T03:37:20: 读取文件成功
2017-01-05T03:37:30: 读取文件成功
2017-01-05T03:37:40: 读取文件成功
2017-01-05T03:37:50: 读取文件成功
2017-01-05T03:38:00: 读取文件成功
2017-01-05T03:38:10: 读取文件成功
2017-01-05T03:38:20: 读取文件成功
2017-01-05T03:38:30: 读取文件成功
2017-01-05T03:38:40: 读取文件成功
2017-01-05T03:38:50: 读取文件成功
2017-01-05T03:39:00: 读取文件成功
2017-01-05T03:39:10: 读取文件成功
2017-01-05T03:39:20: 读取文件成功
2017-01-05T03:39:30: 读取文件成功
2017-01-05T03:39:40: 读取文件成功
2017-01-05T03:39:50: 读取文件成功
2017-01-05T03:40:00: 读取文件成功
2017-01-05T03:40:10: 读取文件成功
2017-01-05T03:40:20: 读取文件成功
2017-01-05T03:40:30: 读取文件成功
2017-01-05T03:40:40: 读取文件成功
2017-01-05T03:40:50: 读取文件成功
2017-01-05T03:41:00: 读取文件成功
2017-01-05T03:41:10: 读取文件成功
2017-01-05T03:41:20: 读取文件成功
2017-01-05T03:41:30: 读取文件成功
2017-01-05T03:41:40: 读取文件成功
2017-01-05T03:41:50: 读取文件成功
2017-01-05T03:42:00: 读取文件成功
2017-01-05T03:42:10: 读取文件成功
2017-01-05T03:42:20: 读取文件成功
2017-01-05T03:42:30: 读取文件成功
2017-01-05T03:42:40: 读取文件成功
2017-01-05T03:42:50: 读取文件成功
2017-01-05T03:43:00: 读取文件成功
2017-01-05T03:43:10: 读取文件成功
2017-01-05T03:43:20: 读取文件成功
2017-01-05T03:43:30: 读取文件成功
2017-01-05T03:43:40: 读取文件成功
2017-01-05T03:43:50: 读取文件成功
2017-01-05T03:44:00: 读取文件成功
2017-01-05T03:44:10: 读取文件成功
2017-01-05T03:44:20: 读取文件成功
2017-01-05T03:44:30: 读取文件成功
2017-01-05T03:44:40: 读取文件成功
2017-01-05T03:44:50: 读取文件成功
2017-01-05T03:45:00: 读取文件成功
2017-01-05T03:45:10: 读取文件成功
2017-01-05T03:45:20: 读取文件成功
2017-01-05T03:45:30: 读取文件成功
2017-01-05T03:45:40: 读取文件成功
2017-01-05T03:45:50: 读取文件成功
2017-01-05T03:46:00: 读取文件成功
2017-01-05T03:46:10: 读取文件成功
2017-01-05T03:46:20: 读取文件成功
2017-01-05T03:46:30: 读取文件成功
2017-01-05T03:46:40: 读取文件成功
2017-01-05T03:46:50: 读取文件成功
2017-01-05T03:47:00: 读取文件成功
2017-01-05T03:47:10: 读取文件成功
2017-01-05T03:47:20: 读取文件成功
2017-01-05T03:47:30: 读取文件成功
2017-01-05T03:47:40: 读取文件成功
2017-01-05T03:47:50: 读取文件成功
2017-01-05T03:48:00: 读取文件成功
2017-01-05T03:48:11: 读取文件成功
2017-01-05T03:48:20: 读取文件成功
2017-01-05T03:48:31: 读取文件成功
2017-01-05T03:48:41: 读取文件成功
2017-01-05T03:48:51: 读取文件成功
2017-01-05T03:49:01: 读取文件成功
2017-01-05T03:49:11: 读取文件成功
2017-01-05T03:49:21: 读取文件成功
2017-01-05T03:49:31: 读取文件成功
2017-01-05T03:49:41: 读取文件成功
2017-01-05T03:49:51: 读取文件成功
2017-01-05T03:50:01: 读取文件成功
2017-01-05T03:50:11: 读取文件成功
2017-01-05T03:50:21: 读取文件成功
2017-01-05T03:50:31: 读取文件成功
2017-01-05T03:50:41: 读取文件成功
2017-01-05T03:50:51: 读取文件成功
2017-01-05T03:51:01: 读取文件成功
2017-01-05T03:51:11: 读取文件成功
2017-01-05T03:51:21: 读取文件成功
2017-01-05T03:51:31: 读取文件成功
2017-01-05T03:51:41: 读取文件成功
2017-01-05T03:51:51: 读取文件成功
2017-01-05T03:52:01: 读取文件成功
2017-01-05T03:52:11: 读取文件成功
2017-01-05T03:52:21: 读取文件成功
2017-01-05T03:52:31: 读取文件成功
2017-01-05T03:52:41: 读取文件成功
2017-01-05T03:52:51: 读取文件成功
2017-01-05T03:53:01: 读取文件成功
2017-01-05T03:53:11: 读取文件成功
2017-01-05T03:53:21: 读取文件成功
2017-01-05T03:53:31: 读取文件成功
2017-01-05T03:53:41: 读取文件成功
2017-01-05T03:53:51: 读取文件成功
2017-01-05T03:54:01: 读取文件成功
2017-01-05T03:54:11: 读取文件成功
2017-01-05T03:54:21: 读取文件成功
2017-01-05T03:54:31: 读取文件成功
2017-01-05T03:54:41: 读取文件成功
2017-01-05T03:54:51: 读取文件成功
2017-01-05T03:55:01: 读取文件成功
2017-01-05T03:55:11: 读取文件成功
2017-01-05T03:55:21: 读取文件成功
2017-01-05T03:55:31: 读取文件成功
2017-01-05T03:55:41: 读取文件成功
2017-01-05T03:55:51: 读取文件成功
2017-01-05T03:56:01: 读取文件成功
2017-01-05T03:56:11: 读取文件成功
2017-01-05T03:56:21: 读取文件成功
2017-01-05T03:56:31: 读取文件成功
2017-01-05T03:56:41: 读取文件成功
2017-01-05T03:56:51: 读取文件成功
2017-01-05T03:57:01: 读取文件成功
2017-01-05T03:57:11: 读取文件成功
2017-01-05T03:57:21: 读取文件成功
2017-01-05T03:57:31: 读取文件成功
2017-01-05T03:57:41: 读取文件成功
2017-01-05T03:57:51: 读取文件成功
2017-01-05T03:58:01: 读取文件成功
2017-01-05T03:58:11: 读取文件成功
2017-01-05T03:58:21: 读取文件成功
2017-01-05T03:58:31: 读取文件成功
2017-01-05T03:58:41: 读取文件成功
2017-01-05T03:58:51: 读取文件成功
2017-01-05T03:59:01: 读取文件成功
2017-01-05T03:59:11: 读取文件成功
2017-01-05T03:59:21: 读取文件成功
2017-01-05T03:59:31: 读取文件成功
2017-01-05T03:59:41: 读取文件成功
2017-01-05T03:59:51: 读取文件成功
2017-01-05T04:00:01: 读取文件成功
2017-01-05T04:00:11: 读取文件成功
2017-01-05T04:00:21: 读取文件成功
2017-01-05T04:00:31: 读取文件成功
2017-01-05T04:00:41: 读取文件成功
2017-01-05T04:00:51: 读取文件成功
2017-01-05T04:01:01: 读取文件成功
2017-01-05T04:01:11: 读取文件成功
2017-01-05T04:01:21: 读取文件成功
2017-01-05T04:01:31: 读取文件成功
2017-01-05T04:01:41: 读取文件成功
2017-01-05T04:01:51: 读取文件成功
2017-01-05T04:02:01: 读取文件成功
2017-01-05T04:02:11: 读取文件成功
2017-01-05T04:02:21: 读取文件成功
2017-01-05T04:02:31: 读取文件成功
2017-01-05T04:02:41: 读取文件成功
2017-01-05T04:02:51: 读取文件成功
2017-01-05T04:03:01: 读取文件成功
2017-01-05T04:03:11: 读取文件成功
2017-01-05T04:03:21: 读取文件成功
2017-01-05T04:03:31: 读取文件成功
2017-01-05T04:03:41: 读取文件成功
2017-01-05T04:03:51: 读取文件成功
2017-01-05T04:04:01: 读取文件成功
2017-01-05T04:04:11: 读取文件成功
2017-01-05T04:04:21: 读取文件成功
2017-01-05T04:04:31: 读取文件成功
2017-01-05T04:04:41: 读取文件成功
2017-01-05T04:04:51: 读取文件成功
2017-01-05T04:05:01: 读取文件成功
2017-01-05T04:05:11: 读取文件成功
2017-01-05T04:05:22: 读取文件成功
2017-01-05T04:05:31: 读取文件成功
2017-01-05T04:05:41: 读取文件成功
2017-01-05T04:05:51: 读取文件成功
2017-01-05T04:06:01: 读取文件成功
2017-01-05T04:06:11: 读取文件成功
2017-01-05T04:06:21: 读取文件成功
2017-01-05T04:06:31: 读取文件成功
2017-01-05T04:06:41: 读取文件成功
2017-01-05T04:06:51: 读取文件成功
2017-01-05T04:07:01: 读取文件成功
2017-01-05T04:07:12: 读取文件成功
2017-01-05T04:07:22: 读取文件成功
2017-01-05T04:07:32: 读取文件成功
2017-01-05T04:07:42: 读取文件成功
2017-01-05T04:07:52: 读取文件成功
2017-01-05T04:08:02: 读取文件成功
2017-01-05T04:08:12: 读取文件成功
2017-01-05T04:08:22: 读取文件成功
2017-01-05T04:08:32: 读取文件成功
2017-01-05T04:08:42: 读取文件成功
2017-01-05T04:08:52: 读取文件成功
2017-01-05T04:09:02: 读取文件成功
2017-01-05T04:09:12: 读取文件成功
2017-01-05T04:09:22: 读取文件成功
2017-01-05T04:09:32: 读取文件成功
2017-01-05T04:09:42: 读取文件成功
2017-01-05T04:09:52: 读取文件成功
2017-01-05T04:10:02: 读取文件成功
2017-01-05T04:10:12: 读取文件成功
2017-01-05T04:10:22: 读取文件成功
2017-01-05T04:10:32: 读取文件成功
2017-01-05T04:10:42: 读取文件成功
2017-01-05T04:10:52: 读取文件成功
2017-01-05T04:11:02: 读取文件成功
2017-01-05T04:11:12: 读取文件成功
2017-01-05T04:11:22: 读取文件成功
2017-01-05T04:11:32: 读取文件成功
2017-01-05T04:11:42: 读取文件成功
2017-01-05T04:11:52: 读取文件成功
2017-01-05T04:12:02: 读取文件成功
2017-01-05T04:12:12: 读取文件成功
2017-01-05T04:12:22: 读取文件成功
2017-01-05T04:12:32: 读取文件成功
2017-01-05T04:12:42: 读取文件成功
2017-01-05T04:12:52: 读取文件成功
2017-01-05T04:13:02: 读取文件成功
2017-01-05T04:13:12: 读取文件成功
2017-01-05T04:13:22: 读取文件成功
2017-01-05T04:13:32: 读取文件成功
2017-01-05T04:13:42: 读取文件成功
2017-01-05T04:13:52: 读取文件成功
2017-01-05T04:14:02: 读取文件成功
2017-01-05T04:14:12: 读取文件成功
2017-01-05T04:14:22: 读取文件成功
2017-01-05T04:14:32: 读取文件成功
2017-01-05T04:14:42: 读取文件成功
2017-01-05T04:14:52: 读取文件成功
2017-01-05T04:15:02: 读取文件成功
2017-01-05T04:15:12: 读取文件成功
2017-01-05T04:15:22: 读取文件成功
2017-01-05T04:15:32: 读取文件成功
2017-01-05T04:15:42: 读取文件成功
2017-01-05T04:15:52: 读取文件成功
2017-01-05T04:16:02: 读取文件成功
2017-01-05T04:16:12: 读取文件成功
2017-01-05T04:16:22: 读取文件成功
2017-01-05T04:16:32: 读取文件成功
2017-01-05T04:16:42: 读取文件成功
2017-01-05T04:16:52: 读取文件成功
2017-01-05T04:17:02: 读取文件成功
2017-01-05T04:17:12: 读取文件成功
2017-01-05T04:17:22: 读取文件成功
2017-01-05T04:17:32: 读取文件成功
2017-01-05T04:17:42: 读取文件成功
2017-01-05T04:17:52: 读取文件成功
2017-01-05T04:18:02: 读取文件成功
2017-01-05T04:18:12: 读取文件成功
2017-01-05T04:18:22: 读取文件成功
2017-01-05T04:18:32: 读取文件成功
2017-01-05T04:18:42: 读取文件成功
2017-01-05T04:18:52: 读取文件成功
2017-01-05T04:19:02: 读取文件成功
2017-01-05T04:19:12: 读取文件成功
2017-01-05T04:19:22: 读取文件成功
2017-01-05T04:19:32: 读取文件成功
2017-01-05T04:19:42: 读取文件成功
2017-01-05T04:19:52: 读取文件成功
2017-01-05T04:20:02: 读取文件成功
2017-01-05T04:20:12: 读取文件成功
2017-01-05T04:20:22: 读取文件成功
2017-01-05T04:20:32: 读取文件成功
2017-01-05T04:20:42: 读取文件成功
2017-01-05T04:20:52: 读取文件成功
2017-01-05T04:21:02: 读取文件成功
2017-01-05T04:21:12: 读取文件成功
2017-01-05T04:21:22: 读取文件成功
2017-01-05T04:21:32: 读取文件成功
2017-01-05T04:21:42: 读取文件成功
2017-01-05T04:21:52: 读取文件成功
2017-01-05T04:22:02: 读取文件成功
2017-01-05T04:22:12: 读取文件成功
2017-01-05T04:22:22: 读取文件成功
2017-01-05T04:22:32: 读取文件成功
2017-01-05T04:22:42: 读取文件成功
2017-01-05T04:22:52: 读取文件成功
2017-01-05T04:23:02: 读取文件成功
2017-01-05T04:23:12: 读取文件成功
2017-01-05T04:23:22: 读取文件成功
2017-01-05T04:23:32: 读取文件成功
2017-01-05T04:23:42: 读取文件成功
2017-01-05T04:23:53: 读取文件成功
2017-01-05T04:24:02: 读取文件成功
2017-01-05T04:24:12: 读取文件成功
2017-01-05T04:24:22: 读取文件成功
2017-01-05T04:24:32: 读取文件成功
2017-01-05T04:24:42: 读取文件成功
2017-01-05T04:24:52: 读取文件成功
2017-01-05T04:25:02: 读取文件成功
2017-01-05T04:25:12: 读取文件成功
2017-01-05T04:25:22: 读取文件成功
2017-01-05T04:25:32: 读取文件成功
2017-01-05T04:25:42: 读取文件成功
2017-01-05T04:25:53: 读取文件成功
2017-01-05T04:26:02: 读取文件成功
2017-01-05T04:26:12: 读取文件成功
2017-01-05T04:26:22: 读取文件成功
2017-01-05T04:26:33: 读取文件成功
2017-01-05T04:26:42: 读取文件成功
2017-01-05T04:26:52: 读取文件成功
2017-01-05T04:27:03: 读取文件成功
2017-01-05T04:27:13: 读取文件成功
2017-01-05T04:27:23: 读取文件成功
2017-01-05T04:27:33: 读取文件成功
2017-01-05T04:27:43: 读取文件成功
2017-01-05T04:27:53: 读取文件成功
2017-01-05T04:28:03: 读取文件成功
2017-01-05T04:28:13: 读取文件成功
2017-01-05T04:28:23: 读取文件成功
2017-01-05T04:28:33: 读取文件成功
2017-01-05T04:28:43: 读取文件成功
2017-01-05T04:28:53: 读取文件成功
2017-01-05T04:29:03: 读取文件成功
2017-01-05T04:29:13: 读取文件成功
