2017-04-01T00:00:00: 非记录时间：2017-04-01T00:00:00+08:00
2017-04-01T00:00:10: 非记录时间：2017-04-01T00:00:10+08:00
2017-04-01T00:00:20: 非记录时间：2017-04-01T00:00:20+08:00
2017-04-01T00:00:30: 非记录时间：2017-04-01T00:00:30+08:00
2017-04-01T00:00:40: 非记录时间：2017-04-01T00:00:40+08:00
2017-04-01T00:00:50: 非记录时间：2017-04-01T00:00:50+08:00
2017-04-01T00:01:00: 非记录时间：2017-04-01T00:01:00+08:00
2017-04-01T00:01:10: 非记录时间：2017-04-01T00:01:10+08:00
2017-04-01T00:01:20: 非记录时间：2017-04-01T00:01:20+08:00
2017-04-01T00:01:30: 非记录时间：2017-04-01T00:01:30+08:00
2017-04-01T00:01:40: 非记录时间：2017-04-01T00:01:40+08:00
2017-04-01T00:01:50: 非记录时间：2017-04-01T00:01:50+08:00
2017-04-01T00:02:00: 非记录时间：2017-04-01T00:02:00+08:00
2017-04-01T00:02:10: 非记录时间：2017-04-01T00:02:10+08:00
2017-04-01T00:02:20: 非记录时间：2017-04-01T00:02:20+08:00
2017-04-01T00:02:30: 非记录时间：2017-04-01T00:02:30+08:00
2017-04-01T00:02:40: 非记录时间：2017-04-01T00:02:40+08:00
2017-04-01T00:02:50: 非记录时间：2017-04-01T00:02:50+08:00
2017-04-01T00:03:00: 非记录时间：2017-04-01T00:03:00+08:00
2017-04-01T00:03:10: 非记录时间：2017-04-01T00:03:10+08:00
2017-04-01T00:03:20: 非记录时间：2017-04-01T00:03:20+08:00
2017-04-01T00:03:30: 非记录时间：2017-04-01T00:03:30+08:00
2017-04-01T00:03:40: 非记录时间：2017-04-01T00:03:40+08:00
2017-04-01T00:03:50: 非记录时间：2017-04-01T00:03:50+08:00
2017-04-01T00:04:00: 非记录时间：2017-04-01T00:04:00+08:00
2017-04-01T00:04:10: 非记录时间：2017-04-01T00:04:10+08:00
2017-04-01T00:04:20: 非记录时间：2017-04-01T00:04:20+08:00
2017-04-01T00:04:30: 非记录时间：2017-04-01T00:04:30+08:00
2017-04-01T00:04:40: 非记录时间：2017-04-01T00:04:40+08:00
2017-04-01T00:04:50: 非记录时间：2017-04-01T00:04:50+08:00
2017-04-01T00:05:00: 非记录时间：2017-04-01T00:05:00+08:00
2017-04-01T00:05:10: 非记录时间：2017-04-01T00:05:10+08:00
2017-04-01T00:05:20: 非记录时间：2017-04-01T00:05:20+08:00
2017-04-01T00:05:30: 非记录时间：2017-04-01T00:05:30+08:00
2017-04-01T00:05:40: 非记录时间：2017-04-01T00:05:40+08:00
2017-04-01T00:05:50: 非记录时间：2017-04-01T00:05:50+08:00
2017-04-01T00:06:00: 非记录时间：2017-04-01T00:06:00+08:00
2017-04-01T00:06:10: 非记录时间：2017-04-01T00:06:10+08:00
2017-04-01T00:06:20: 非记录时间：2017-04-01T00:06:20+08:00
2017-04-01T00:06:30: 非记录时间：2017-04-01T00:06:30+08:00
2017-04-01T00:06:40: 非记录时间：2017-04-01T00:06:40+08:00
2017-04-01T00:06:50: 非记录时间：2017-04-01T00:06:50+08:00
2017-04-01T00:07:00: 非记录时间：2017-04-01T00:07:00+08:00
2017-04-01T00:07:10: 非记录时间：2017-04-01T00:07:10+08:00
2017-04-01T00:07:20: 非记录时间：2017-04-01T00:07:20+08:00
2017-04-01T00:07:30: 非记录时间：2017-04-01T00:07:30+08:00
2017-04-01T00:07:40: 非记录时间：2017-04-01T00:07:40+08:00
2017-04-01T00:07:50: 非记录时间：2017-04-01T00:07:50+08:00
2017-04-01T00:08:00: 非记录时间：2017-04-01T00:08:00+08:00
2017-04-01T00:08:10: 非记录时间：2017-04-01T00:08:10+08:00
2017-04-01T00:08:20: 非记录时间：2017-04-01T00:08:20+08:00
2017-04-01T00:08:30: 非记录时间：2017-04-01T00:08:30+08:00
2017-04-01T00:08:40: 非记录时间：2017-04-01T00:08:40+08:00
2017-04-01T00:08:50: 非记录时间：2017-04-01T00:08:50+08:00
2017-04-01T00:09:00: 非记录时间：2017-04-01T00:09:00+08:00
2017-04-01T00:09:10: 非记录时间：2017-04-01T00:09:10+08:00
2017-04-01T00:09:20: 非记录时间：2017-04-01T00:09:20+08:00
2017-04-01T00:09:30: 非记录时间：2017-04-01T00:09:30+08:00
2017-04-01T00:09:40: 非记录时间：2017-04-01T00:09:40+08:00
2017-04-01T00:09:50: 非记录时间：2017-04-01T00:09:50+08:00
2017-04-01T00:10:00: 非记录时间：2017-04-01T00:10:00+08:00
2017-04-01T00:10:10: 非记录时间：2017-04-01T00:10:10+08:00
2017-04-01T00:10:20: 非记录时间：2017-04-01T00:10:20+08:00
2017-04-01T00:10:30: 非记录时间：2017-04-01T00:10:30+08:00
2017-04-01T00:10:40: 非记录时间：2017-04-01T00:10:40+08:00
2017-04-01T00:10:50: 非记录时间：2017-04-01T00:10:50+08:00
2017-04-01T00:11:00: 非记录时间：2017-04-01T00:11:00+08:00
2017-04-01T00:11:10: 非记录时间：2017-04-01T00:11:10+08:00
2017-04-01T00:11:20: 非记录时间：2017-04-01T00:11:20+08:00
2017-04-01T00:11:30: 非记录时间：2017-04-01T00:11:30+08:00
2017-04-01T00:11:40: 非记录时间：2017-04-01T00:11:40+08:00
2017-04-01T00:11:50: 非记录时间：2017-04-01T00:11:50+08:00
2017-04-01T00:12:00: 非记录时间：2017-04-01T00:12:00+08:00
2017-04-01T00:12:10: 非记录时间：2017-04-01T00:12:10+08:00
2017-04-01T00:12:20: 非记录时间：2017-04-01T00:12:20+08:00
2017-04-01T00:12:30: 非记录时间：2017-04-01T00:12:30+08:00
2017-04-01T00:12:40: 非记录时间：2017-04-01T00:12:40+08:00
2017-04-01T00:12:50: 非记录时间：2017-04-01T00:12:50+08:00
2017-04-01T00:13:00: 非记录时间：2017-04-01T00:13:00+08:00
2017-04-01T00:13:10: 非记录时间：2017-04-01T00:13:10+08:00
2017-04-01T00:13:20: 非记录时间：2017-04-01T00:13:20+08:00
2017-04-01T00:13:30: 非记录时间：2017-04-01T00:13:30+08:00
2017-04-01T00:13:40: 非记录时间：2017-04-01T00:13:40+08:00
2017-04-01T00:13:50: 非记录时间：2017-04-01T00:13:50+08:00
2017-04-01T00:14:00: 非记录时间：2017-04-01T00:14:00+08:00
2017-04-01T00:14:10: 非记录时间：2017-04-01T00:14:10+08:00
2017-04-01T00:14:20: 非记录时间：2017-04-01T00:14:20+08:00
2017-04-01T00:14:30: 非记录时间：2017-04-01T00:14:30+08:00
2017-04-01T00:14:40: 非记录时间：2017-04-01T00:14:40+08:00
2017-04-01T00:14:50: 非记录时间：2017-04-01T00:14:50+08:00
2017-04-01T00:15:00: 非记录时间：2017-04-01T00:15:00+08:00
2017-04-01T00:15:10: 非记录时间：2017-04-01T00:15:10+08:00
2017-04-01T00:15:20: 非记录时间：2017-04-01T00:15:20+08:00
2017-04-01T00:15:30: 非记录时间：2017-04-01T00:15:30+08:00
2017-04-01T00:15:40: 非记录时间：2017-04-01T00:15:40+08:00
2017-04-01T00:15:50: 非记录时间：2017-04-01T00:15:50+08:00
2017-04-01T00:16:00: 非记录时间：2017-04-01T00:16:00+08:00
2017-04-01T00:16:10: 非记录时间：2017-04-01T00:16:10+08:00
2017-04-01T00:16:20: 非记录时间：2017-04-01T00:16:20+08:00
2017-04-01T00:16:30: 非记录时间：2017-04-01T00:16:30+08:00
2017-04-01T00:16:40: 非记录时间：2017-04-01T00:16:40+08:00
2017-04-01T00:16:50: 非记录时间：2017-04-01T00:16:50+08:00
2017-04-01T00:17:00: 非记录时间：2017-04-01T00:17:00+08:00
2017-04-01T00:17:10: 非记录时间：2017-04-01T00:17:10+08:00
2017-04-01T00:17:20: 非记录时间：2017-04-01T00:17:20+08:00
2017-04-01T00:17:30: 非记录时间：2017-04-01T00:17:30+08:00
2017-04-01T00:17:40: 非记录时间：2017-04-01T00:17:40+08:00
2017-04-01T00:17:50: 非记录时间：2017-04-01T00:17:50+08:00
2017-04-01T00:18:00: 非记录时间：2017-04-01T00:18:00+08:00
2017-04-01T00:18:10: 非记录时间：2017-04-01T00:18:10+08:00
2017-04-01T00:18:20: 非记录时间：2017-04-01T00:18:20+08:00
2017-04-01T00:18:30: 非记录时间：2017-04-01T00:18:30+08:00
2017-04-01T00:18:40: 非记录时间：2017-04-01T00:18:40+08:00
2017-04-01T00:18:50: 非记录时间：2017-04-01T00:18:50+08:00
2017-04-01T00:19:00: 非记录时间：2017-04-01T00:19:00+08:00
2017-04-01T00:19:10: 非记录时间：2017-04-01T00:19:10+08:00
2017-04-01T00:19:20: 非记录时间：2017-04-01T00:19:20+08:00
2017-04-01T00:19:30: 非记录时间：2017-04-01T00:19:30+08:00
2017-04-01T00:19:40: 非记录时间：2017-04-01T00:19:40+08:00
2017-04-01T00:19:50: 非记录时间：2017-04-01T00:19:50+08:00
2017-04-01T00:20:00: 非记录时间：2017-04-01T00:20:00+08:00
2017-04-01T00:20:10: 非记录时间：2017-04-01T00:20:10+08:00
2017-04-01T00:20:20: 非记录时间：2017-04-01T00:20:20+08:00
2017-04-01T00:20:30: 非记录时间：2017-04-01T00:20:30+08:00
2017-04-01T00:20:40: 非记录时间：2017-04-01T00:20:40+08:00
2017-04-01T00:20:50: 非记录时间：2017-04-01T00:20:50+08:00
2017-04-01T00:21:00: 非记录时间：2017-04-01T00:21:00+08:00
2017-04-01T00:21:10: 非记录时间：2017-04-01T00:21:10+08:00
2017-04-01T00:21:20: 非记录时间：2017-04-01T00:21:20+08:00
2017-04-01T00:21:30: 非记录时间：2017-04-01T00:21:30+08:00
2017-04-01T00:21:40: 非记录时间：2017-04-01T00:21:40+08:00
2017-04-01T00:21:50: 非记录时间：2017-04-01T00:21:50+08:00
2017-04-01T00:22:00: 非记录时间：2017-04-01T00:22:00+08:00
2017-04-01T00:22:10: 非记录时间：2017-04-01T00:22:10+08:00
2017-04-01T00:22:20: 非记录时间：2017-04-01T00:22:20+08:00
2017-04-01T00:22:30: 非记录时间：2017-04-01T00:22:30+08:00
2017-04-01T00:22:40: 非记录时间：2017-04-01T00:22:40+08:00
2017-04-01T00:22:50: 非记录时间：2017-04-01T00:22:50+08:00
2017-04-01T00:23:00: 非记录时间：2017-04-01T00:23:00+08:00
2017-04-01T00:23:10: 非记录时间：2017-04-01T00:23:10+08:00
2017-04-01T00:23:20: 非记录时间：2017-04-01T00:23:20+08:00
2017-04-01T00:23:30: 非记录时间：2017-04-01T00:23:30+08:00
2017-04-01T00:23:40: 非记录时间：2017-04-01T00:23:40+08:00
2017-04-01T00:23:50: 非记录时间：2017-04-01T00:23:50+08:00
2017-04-01T00:24:00: 非记录时间：2017-04-01T00:24:00+08:00
2017-04-01T00:24:10: 非记录时间：2017-04-01T00:24:10+08:00
2017-04-01T00:24:20: 非记录时间：2017-04-01T00:24:20+08:00
2017-04-01T00:24:30: 非记录时间：2017-04-01T00:24:30+08:00
2017-04-01T00:24:40: 非记录时间：2017-04-01T00:24:40+08:00
2017-04-01T00:24:50: 非记录时间：2017-04-01T00:24:50+08:00
2017-04-01T00:25:00: 非记录时间：2017-04-01T00:25:00+08:00
2017-04-01T00:25:10: 非记录时间：2017-04-01T00:25:10+08:00
2017-04-01T00:25:20: 非记录时间：2017-04-01T00:25:20+08:00
2017-04-01T00:25:30: 非记录时间：2017-04-01T00:25:30+08:00
2017-04-01T00:25:40: 非记录时间：2017-04-01T00:25:40+08:00
2017-04-01T00:25:50: 非记录时间：2017-04-01T00:25:50+08:00
2017-04-01T00:26:00: 非记录时间：2017-04-01T00:26:00+08:00
2017-04-01T00:26:10: 非记录时间：2017-04-01T00:26:10+08:00
2017-04-01T00:26:20: 非记录时间：2017-04-01T00:26:20+08:00
2017-04-01T00:26:30: 非记录时间：2017-04-01T00:26:30+08:00
2017-04-01T00:26:40: 非记录时间：2017-04-01T00:26:40+08:00
2017-04-01T00:26:50: 非记录时间：2017-04-01T00:26:50+08:00
2017-04-01T00:27:00: 非记录时间：2017-04-01T00:27:00+08:00
2017-04-01T00:27:10: 非记录时间：2017-04-01T00:27:10+08:00
2017-04-01T00:27:20: 非记录时间：2017-04-01T00:27:20+08:00
2017-04-01T00:27:30: 非记录时间：2017-04-01T00:27:30+08:00
2017-04-01T00:27:40: 非记录时间：2017-04-01T00:27:40+08:00
2017-04-01T00:27:50: 非记录时间：2017-04-01T00:27:50+08:00
2017-04-01T00:28:00: 非记录时间：2017-04-01T00:28:00+08:00
2017-04-01T00:28:10: 非记录时间：2017-04-01T00:28:10+08:00
2017-04-01T00:28:20: 非记录时间：2017-04-01T00:28:20+08:00
2017-04-01T00:28:30: 非记录时间：2017-04-01T00:28:30+08:00
2017-04-01T00:28:40: 非记录时间：2017-04-01T00:28:40+08:00
2017-04-01T00:28:50: 非记录时间：2017-04-01T00:28:50+08:00
2017-04-01T00:29:00: 非记录时间：2017-04-01T00:29:00+08:00
2017-04-01T00:29:10: 非记录时间：2017-04-01T00:29:10+08:00
2017-04-01T00:29:20: 非记录时间：2017-04-01T00:29:20+08:00
2017-04-01T00:29:30: 非记录时间：2017-04-01T00:29:30+08:00
2017-04-01T00:29:40: 非记录时间：2017-04-01T00:29:40+08:00
2017-04-01T00:29:50: 非记录时间：2017-04-01T00:29:50+08:00
2017-04-01T00:30:00: 非记录时间：2017-04-01T00:30:00+08:00
2017-04-01T00:30:10: 非记录时间：2017-04-01T00:30:10+08:00
2017-04-01T00:30:20: 非记录时间：2017-04-01T00:30:20+08:00
2017-04-01T00:30:30: 非记录时间：2017-04-01T00:30:30+08:00
2017-04-01T00:30:40: 非记录时间：2017-04-01T00:30:40+08:00
2017-04-01T00:30:50: 非记录时间：2017-04-01T00:30:50+08:00
2017-04-01T00:31:00: 非记录时间：2017-04-01T00:31:00+08:00
2017-04-01T00:31:10: 非记录时间：2017-04-01T00:31:10+08:00
2017-04-01T00:31:20: 非记录时间：2017-04-01T00:31:20+08:00
2017-04-01T00:31:30: 非记录时间：2017-04-01T00:31:30+08:00
2017-04-01T00:31:40: 非记录时间：2017-04-01T00:31:40+08:00
2017-04-01T00:31:50: 非记录时间：2017-04-01T00:31:50+08:00
2017-04-01T00:32:00: 非记录时间：2017-04-01T00:32:00+08:00
2017-04-01T00:32:10: 非记录时间：2017-04-01T00:32:10+08:00
2017-04-01T00:32:20: 非记录时间：2017-04-01T00:32:20+08:00
2017-04-01T00:32:30: 非记录时间：2017-04-01T00:32:30+08:00
2017-04-01T00:32:40: 非记录时间：2017-04-01T00:32:40+08:00
2017-04-01T00:32:50: 非记录时间：2017-04-01T00:32:50+08:00
2017-04-01T00:33:00: 非记录时间：2017-04-01T00:33:00+08:00
2017-04-01T00:33:10: 非记录时间：2017-04-01T00:33:10+08:00
2017-04-01T00:33:20: 非记录时间：2017-04-01T00:33:20+08:00
2017-04-01T00:33:30: 非记录时间：2017-04-01T00:33:30+08:00
2017-04-01T00:33:40: 非记录时间：2017-04-01T00:33:40+08:00
2017-04-01T00:33:50: 非记录时间：2017-04-01T00:33:50+08:00
2017-04-01T00:34:00: 非记录时间：2017-04-01T00:34:00+08:00
2017-04-01T00:34:10: 非记录时间：2017-04-01T00:34:10+08:00
2017-04-01T00:34:20: 非记录时间：2017-04-01T00:34:20+08:00
2017-04-01T00:34:30: 非记录时间：2017-04-01T00:34:30+08:00
2017-04-01T00:34:40: 非记录时间：2017-04-01T00:34:40+08:00
2017-04-01T00:34:50: 非记录时间：2017-04-01T00:34:50+08:00
2017-04-01T00:35:00: 非记录时间：2017-04-01T00:35:00+08:00
2017-04-01T00:35:10: 非记录时间：2017-04-01T00:35:10+08:00
2017-04-01T00:35:20: 非记录时间：2017-04-01T00:35:20+08:00
2017-04-01T00:35:30: 非记录时间：2017-04-01T00:35:30+08:00
2017-04-01T00:35:40: 非记录时间：2017-04-01T00:35:40+08:00
2017-04-01T00:35:50: 非记录时间：2017-04-01T00:35:50+08:00
2017-04-01T00:36:00: 非记录时间：2017-04-01T00:36:00+08:00
2017-04-01T00:36:11: 非记录时间：2017-04-01T00:36:11+08:00
2017-04-01T00:36:21: 非记录时间：2017-04-01T00:36:21+08:00
2017-04-01T00:36:31: 非记录时间：2017-04-01T00:36:31+08:00
2017-04-01T00:36:41: 非记录时间：2017-04-01T00:36:41+08:00
2017-04-01T00:36:51: 非记录时间：2017-04-01T00:36:51+08:00
2017-04-01T00:37:01: 非记录时间：2017-04-01T00:37:01+08:00
2017-04-01T00:37:11: 非记录时间：2017-04-01T00:37:11+08:00
2017-04-01T00:37:21: 非记录时间：2017-04-01T00:37:21+08:00
2017-04-01T00:37:31: 非记录时间：2017-04-01T00:37:31+08:00
2017-04-01T00:37:41: 非记录时间：2017-04-01T00:37:41+08:00
2017-04-01T00:37:51: 非记录时间：2017-04-01T00:37:51+08:00
2017-04-01T00:38:01: 非记录时间：2017-04-01T00:38:01+08:00
2017-04-01T00:38:11: 非记录时间：2017-04-01T00:38:11+08:00
2017-04-01T00:38:21: 非记录时间：2017-04-01T00:38:21+08:00
2017-04-01T00:38:31: 非记录时间：2017-04-01T00:38:31+08:00
2017-04-01T00:38:41: 非记录时间：2017-04-01T00:38:41+08:00
2017-04-01T00:38:51: 非记录时间：2017-04-01T00:38:51+08:00
2017-04-01T00:39:01: 非记录时间：2017-04-01T00:39:01+08:00
2017-04-01T00:39:11: 非记录时间：2017-04-01T00:39:11+08:00
2017-04-01T00:39:21: 非记录时间：2017-04-01T00:39:21+08:00
2017-04-01T00:39:31: 非记录时间：2017-04-01T00:39:31+08:00
2017-04-01T00:39:41: 非记录时间：2017-04-01T00:39:41+08:00
2017-04-01T00:39:51: 非记录时间：2017-04-01T00:39:51+08:00
2017-04-01T00:40:01: 非记录时间：2017-04-01T00:40:01+08:00
2017-04-01T00:40:11: 非记录时间：2017-04-01T00:40:11+08:00
2017-04-01T00:40:21: 非记录时间：2017-04-01T00:40:21+08:00
2017-04-01T00:40:31: 非记录时间：2017-04-01T00:40:31+08:00
2017-04-01T00:40:41: 非记录时间：2017-04-01T00:40:41+08:00
2017-04-01T00:40:51: 非记录时间：2017-04-01T00:40:51+08:00
2017-04-01T00:41:01: 非记录时间：2017-04-01T00:41:01+08:00
2017-04-01T00:41:11: 非记录时间：2017-04-01T00:41:11+08:00
2017-04-01T00:41:21: 非记录时间：2017-04-01T00:41:21+08:00
2017-04-01T00:41:31: 非记录时间：2017-04-01T00:41:31+08:00
2017-04-01T00:41:41: 非记录时间：2017-04-01T00:41:41+08:00
2017-04-01T00:41:51: 非记录时间：2017-04-01T00:41:51+08:00
2017-04-01T00:42:01: 非记录时间：2017-04-01T00:42:01+08:00
2017-04-01T00:42:11: 非记录时间：2017-04-01T00:42:11+08:00
2017-04-01T00:42:21: 非记录时间：2017-04-01T00:42:21+08:00
2017-04-01T00:42:31: 非记录时间：2017-04-01T00:42:31+08:00
2017-04-01T00:42:41: 非记录时间：2017-04-01T00:42:41+08:00
2017-04-01T00:42:51: 非记录时间：2017-04-01T00:42:51+08:00
2017-04-01T00:43:01: 非记录时间：2017-04-01T00:43:01+08:00
2017-04-01T00:43:11: 非记录时间：2017-04-01T00:43:11+08:00
2017-04-01T00:43:21: 非记录时间：2017-04-01T00:43:21+08:00
2017-04-01T00:43:31: 非记录时间：2017-04-01T00:43:31+08:00
2017-04-01T00:43:41: 非记录时间：2017-04-01T00:43:41+08:00
2017-04-01T00:43:51: 非记录时间：2017-04-01T00:43:51+08:00
2017-04-01T00:44:01: 非记录时间：2017-04-01T00:44:01+08:00
2017-04-01T00:44:11: 非记录时间：2017-04-01T00:44:11+08:00
2017-04-01T00:44:21: 非记录时间：2017-04-01T00:44:21+08:00
2017-04-01T00:44:31: 非记录时间：2017-04-01T00:44:31+08:00
2017-04-01T00:44:41: 非记录时间：2017-04-01T00:44:41+08:00
2017-04-01T00:44:51: 非记录时间：2017-04-01T00:44:51+08:00
2017-04-01T00:45:01: 非记录时间：2017-04-01T00:45:01+08:00
2017-04-01T00:45:11: 非记录时间：2017-04-01T00:45:11+08:00
2017-04-01T00:45:21: 非记录时间：2017-04-01T00:45:21+08:00
2017-04-01T00:45:31: 非记录时间：2017-04-01T00:45:31+08:00
2017-04-01T00:45:41: 非记录时间：2017-04-01T00:45:41+08:00
2017-04-01T00:45:51: 非记录时间：2017-04-01T00:45:51+08:00
2017-04-01T00:46:01: 非记录时间：2017-04-01T00:46:01+08:00
2017-04-01T00:46:11: 非记录时间：2017-04-01T00:46:11+08:00
2017-04-01T00:46:21: 非记录时间：2017-04-01T00:46:21+08:00
2017-04-01T00:46:31: 非记录时间：2017-04-01T00:46:31+08:00
2017-04-01T00:46:41: 非记录时间：2017-04-01T00:46:41+08:00
2017-04-01T00:46:51: 非记录时间：2017-04-01T00:46:51+08:00
2017-04-01T00:47:01: 非记录时间：2017-04-01T00:47:01+08:00
2017-04-01T00:47:11: 非记录时间：2017-04-01T00:47:11+08:00
2017-04-01T00:47:21: 非记录时间：2017-04-01T00:47:21+08:00
2017-04-01T00:47:31: 非记录时间：2017-04-01T00:47:31+08:00
2017-04-01T00:47:41: 非记录时间：2017-04-01T00:47:41+08:00
2017-04-01T00:47:51: 非记录时间：2017-04-01T00:47:51+08:00
2017-04-01T00:48:01: 非记录时间：2017-04-01T00:48:01+08:00
2017-04-01T00:48:11: 非记录时间：2017-04-01T00:48:11+08:00
2017-04-01T00:48:21: 非记录时间：2017-04-01T00:48:21+08:00
2017-04-01T00:48:31: 非记录时间：2017-04-01T00:48:31+08:00
2017-04-01T00:48:41: 非记录时间：2017-04-01T00:48:41+08:00
2017-04-01T00:48:51: 非记录时间：2017-04-01T00:48:51+08:00
2017-04-01T00:49:01: 非记录时间：2017-04-01T00:49:01+08:00
2017-04-01T00:49:11: 非记录时间：2017-04-01T00:49:11+08:00
2017-04-01T00:49:21: 非记录时间：2017-04-01T00:49:21+08:00
2017-04-01T00:49:31: 非记录时间：2017-04-01T00:49:31+08:00
2017-04-01T00:49:41: 非记录时间：2017-04-01T00:49:41+08:00
2017-04-01T00:49:51: 非记录时间：2017-04-01T00:49:51+08:00
2017-04-01T00:50:01: 非记录时间：2017-04-01T00:50:01+08:00
2017-04-01T00:50:11: 非记录时间：2017-04-01T00:50:11+08:00
2017-04-01T00:50:21: 非记录时间：2017-04-01T00:50:21+08:00
2017-04-01T00:50:31: 非记录时间：2017-04-01T00:50:31+08:00
2017-04-01T00:50:41: 非记录时间：2017-04-01T00:50:41+08:00
2017-04-01T00:50:51: 非记录时间：2017-04-01T00:50:51+08:00
2017-04-01T00:51:01: 非记录时间：2017-04-01T00:51:01+08:00
2017-04-01T00:51:11: 非记录时间：2017-04-01T00:51:11+08:00
2017-04-01T00:51:21: 非记录时间：2017-04-01T00:51:21+08:00
2017-04-01T00:51:31: 非记录时间：2017-04-01T00:51:31+08:00
2017-04-01T00:51:41: 非记录时间：2017-04-01T00:51:41+08:00
2017-04-01T00:51:51: 非记录时间：2017-04-01T00:51:51+08:00
2017-04-01T00:52:01: 非记录时间：2017-04-01T00:52:01+08:00
2017-04-01T00:52:11: 非记录时间：2017-04-01T00:52:11+08:00
2017-04-01T00:52:21: 非记录时间：2017-04-01T00:52:21+08:00
2017-04-01T00:52:31: 非记录时间：2017-04-01T00:52:31+08:00
2017-04-01T00:52:41: 非记录时间：2017-04-01T00:52:41+08:00
2017-04-01T00:52:51: 非记录时间：2017-04-01T00:52:51+08:00
2017-04-01T00:53:01: 非记录时间：2017-04-01T00:53:01+08:00
2017-04-01T00:53:11: 非记录时间：2017-04-01T00:53:11+08:00
2017-04-01T00:53:21: 非记录时间：2017-04-01T00:53:21+08:00
2017-04-01T00:53:31: 非记录时间：2017-04-01T00:53:31+08:00
2017-04-01T00:53:41: 非记录时间：2017-04-01T00:53:41+08:00
2017-04-01T00:53:51: 非记录时间：2017-04-01T00:53:51+08:00
2017-04-01T00:54:01: 非记录时间：2017-04-01T00:54:01+08:00
2017-04-01T00:54:11: 非记录时间：2017-04-01T00:54:11+08:00
2017-04-01T00:54:21: 非记录时间：2017-04-01T00:54:21+08:00
2017-04-01T00:54:31: 非记录时间：2017-04-01T00:54:31+08:00
2017-04-01T00:54:41: 非记录时间：2017-04-01T00:54:41+08:00
2017-04-01T00:54:51: 非记录时间：2017-04-01T00:54:51+08:00
2017-04-01T00:55:01: 非记录时间：2017-04-01T00:55:01+08:00
2017-04-01T00:55:11: 非记录时间：2017-04-01T00:55:11+08:00
2017-04-01T00:55:21: 非记录时间：2017-04-01T00:55:21+08:00
2017-04-01T00:55:31: 非记录时间：2017-04-01T00:55:31+08:00
2017-04-01T00:55:41: 非记录时间：2017-04-01T00:55:41+08:00
2017-04-01T00:55:51: 非记录时间：2017-04-01T00:55:51+08:00
2017-04-01T00:56:01: 非记录时间：2017-04-01T00:56:01+08:00
2017-04-01T00:56:11: 非记录时间：2017-04-01T00:56:11+08:00
2017-04-01T00:56:21: 非记录时间：2017-04-01T00:56:21+08:00
2017-04-01T00:56:31: 非记录时间：2017-04-01T00:56:31+08:00
2017-04-01T00:56:41: 非记录时间：2017-04-01T00:56:41+08:00
2017-04-01T00:56:51: 非记录时间：2017-04-01T00:56:51+08:00
2017-04-01T00:57:01: 非记录时间：2017-04-01T00:57:01+08:00
2017-04-01T00:57:11: 非记录时间：2017-04-01T00:57:11+08:00
2017-04-01T00:57:21: 非记录时间：2017-04-01T00:57:21+08:00
2017-04-01T00:57:31: 非记录时间：2017-04-01T00:57:31+08:00
2017-04-01T00:57:41: 非记录时间：2017-04-01T00:57:41+08:00
2017-04-01T00:57:51: 非记录时间：2017-04-01T00:57:51+08:00
2017-04-01T00:58:01: 非记录时间：2017-04-01T00:58:01+08:00
2017-04-01T00:58:11: 非记录时间：2017-04-01T00:58:11+08:00
2017-04-01T00:58:21: 非记录时间：2017-04-01T00:58:21+08:00
2017-04-01T00:58:31: 非记录时间：2017-04-01T00:58:31+08:00
2017-04-01T00:58:41: 非记录时间：2017-04-01T00:58:41+08:00
2017-04-01T00:58:51: 非记录时间：2017-04-01T00:58:51+08:00
2017-04-01T00:59:01: 非记录时间：2017-04-01T00:59:01+08:00
2017-04-01T00:59:11: 非记录时间：2017-04-01T00:59:11+08:00
2017-04-01T00:59:21: 非记录时间：2017-04-01T00:59:21+08:00
2017-04-01T00:59:31: 非记录时间：2017-04-01T00:59:31+08:00
2017-04-01T00:59:41: 非记录时间：2017-04-01T00:59:41+08:00
2017-04-01T00:59:51: 非记录时间：2017-04-01T00:59:51+08:00
2017-04-01T01:00:01: 非记录时间：2017-04-01T01:00:01+08:00
2017-04-01T01:00:11: 非记录时间：2017-04-01T01:00:11+08:00
2017-04-01T01:00:21: 非记录时间：2017-04-01T01:00:21+08:00
2017-04-01T01:00:31: 非记录时间：2017-04-01T01:00:31+08:00
2017-04-01T01:00:41: 非记录时间：2017-04-01T01:00:41+08:00
2017-04-01T01:00:51: 非记录时间：2017-04-01T01:00:51+08:00
2017-04-01T01:01:01: 非记录时间：2017-04-01T01:01:01+08:00
2017-04-01T01:01:11: 非记录时间：2017-04-01T01:01:11+08:00
2017-04-01T01:01:21: 非记录时间：2017-04-01T01:01:21+08:00
2017-04-01T01:01:31: 非记录时间：2017-04-01T01:01:31+08:00
2017-04-01T01:01:41: 非记录时间：2017-04-01T01:01:41+08:00
2017-04-01T01:01:51: 非记录时间：2017-04-01T01:01:51+08:00
2017-04-01T01:02:01: 非记录时间：2017-04-01T01:02:01+08:00
2017-04-01T01:02:11: 非记录时间：2017-04-01T01:02:11+08:00
2017-04-01T01:02:21: 非记录时间：2017-04-01T01:02:21+08:00
2017-04-01T01:02:31: 非记录时间：2017-04-01T01:02:31+08:00
2017-04-01T01:02:41: 非记录时间：2017-04-01T01:02:41+08:00
2017-04-01T01:02:51: 非记录时间：2017-04-01T01:02:51+08:00
2017-04-01T01:03:01: 非记录时间：2017-04-01T01:03:01+08:00
2017-04-01T01:03:11: 非记录时间：2017-04-01T01:03:11+08:00
2017-04-01T01:03:21: 非记录时间：2017-04-01T01:03:21+08:00
2017-04-01T01:03:31: 非记录时间：2017-04-01T01:03:31+08:00
2017-04-01T01:03:41: 非记录时间：2017-04-01T01:03:41+08:00
2017-04-01T01:03:51: 非记录时间：2017-04-01T01:03:51+08:00
2017-04-01T01:04:01: 非记录时间：2017-04-01T01:04:01+08:00
2017-04-01T01:04:11: 非记录时间：2017-04-01T01:04:11+08:00
2017-04-01T01:04:21: 非记录时间：2017-04-01T01:04:21+08:00
2017-04-01T01:04:31: 非记录时间：2017-04-01T01:04:31+08:00
2017-04-01T01:04:41: 非记录时间：2017-04-01T01:04:41+08:00
2017-04-01T01:04:51: 非记录时间：2017-04-01T01:04:51+08:00
2017-04-01T01:05:01: 非记录时间：2017-04-01T01:05:01+08:00
2017-04-01T01:05:11: 非记录时间：2017-04-01T01:05:11+08:00
2017-04-01T01:05:21: 非记录时间：2017-04-01T01:05:21+08:00
2017-04-01T01:05:31: 非记录时间：2017-04-01T01:05:31+08:00
2017-04-01T01:05:41: 非记录时间：2017-04-01T01:05:41+08:00
2017-04-01T01:05:51: 非记录时间：2017-04-01T01:05:51+08:00
2017-04-01T01:06:01: 非记录时间：2017-04-01T01:06:01+08:00
2017-04-01T01:06:11: 非记录时间：2017-04-01T01:06:11+08:00
2017-04-01T01:06:21: 非记录时间：2017-04-01T01:06:21+08:00
2017-04-01T01:06:31: 非记录时间：2017-04-01T01:06:31+08:00
2017-04-01T01:06:41: 非记录时间：2017-04-01T01:06:41+08:00
2017-04-01T01:06:51: 非记录时间：2017-04-01T01:06:51+08:00
2017-04-01T01:07:01: 非记录时间：2017-04-01T01:07:01+08:00
2017-04-01T01:07:11: 非记录时间：2017-04-01T01:07:11+08:00
2017-04-01T01:07:21: 非记录时间：2017-04-01T01:07:21+08:00
2017-04-01T01:07:31: 非记录时间：2017-04-01T01:07:31+08:00
2017-04-01T01:07:41: 非记录时间：2017-04-01T01:07:41+08:00
2017-04-01T01:07:51: 非记录时间：2017-04-01T01:07:51+08:00
2017-04-01T01:08:01: 非记录时间：2017-04-01T01:08:01+08:00
2017-04-01T01:08:11: 非记录时间：2017-04-01T01:08:11+08:00
2017-04-01T01:08:21: 非记录时间：2017-04-01T01:08:21+08:00
2017-04-01T01:08:31: 非记录时间：2017-04-01T01:08:31+08:00
2017-04-01T01:08:41: 非记录时间：2017-04-01T01:08:41+08:00
2017-04-01T01:08:51: 非记录时间：2017-04-01T01:08:51+08:00
2017-04-01T01:09:01: 非记录时间：2017-04-01T01:09:01+08:00
2017-04-01T01:09:11: 非记录时间：2017-04-01T01:09:11+08:00
2017-04-01T01:09:21: 非记录时间：2017-04-01T01:09:21+08:00
2017-04-01T01:09:31: 非记录时间：2017-04-01T01:09:31+08:00
2017-04-01T01:09:41: 非记录时间：2017-04-01T01:09:41+08:00
2017-04-01T01:09:51: 非记录时间：2017-04-01T01:09:51+08:00
2017-04-01T01:10:01: 非记录时间：2017-04-01T01:10:01+08:00
2017-04-01T01:10:11: 非记录时间：2017-04-01T01:10:11+08:00
2017-04-01T01:10:21: 非记录时间：2017-04-01T01:10:21+08:00
2017-04-01T01:10:31: 非记录时间：2017-04-01T01:10:31+08:00
2017-04-01T01:10:41: 非记录时间：2017-04-01T01:10:41+08:00
2017-04-01T01:10:51: 非记录时间：2017-04-01T01:10:51+08:00
2017-04-01T01:11:02: 读取文件失败，可能是该文件不存在
2017-04-01T01:11:02: Error: ENOENT: no such file or directory, open './data/2017-04-01.json'
2017-04-01T01:11:12: 读取文件成功
2017-04-01T01:11:22: 读取文件成功
2017-04-01T01:11:33: 读取文件成功
2017-04-01T01:11:42: 读取文件成功
2017-04-01T01:11:52: 读取文件成功
2017-04-01T01:12:02: 读取文件成功
2017-04-01T01:12:12: 读取文件成功
2017-04-01T01:12:22: 读取文件成功
2017-04-01T01:12:32: 读取文件成功
2017-04-01T01:12:42: 读取文件成功
2017-04-01T01:12:52: 读取文件成功
2017-04-01T01:13:02: 读取文件成功
2017-04-01T01:13:12: 读取文件成功
2017-04-01T01:13:22: 读取文件成功
2017-04-01T01:13:32: 读取文件成功
2017-04-01T01:13:42: 读取文件成功
2017-04-01T01:13:52: 读取文件成功
2017-04-01T01:14:02: 读取文件成功
2017-04-01T01:14:12: 读取文件成功
2017-04-01T01:14:22: 读取文件成功
2017-04-01T01:14:32: 读取文件成功
2017-04-01T01:14:42: 读取文件成功
2017-04-01T01:14:52: 读取文件成功
2017-04-01T01:15:02: 读取文件成功
2017-04-01T01:15:12: 读取文件成功
2017-04-01T01:15:22: 读取文件成功
2017-04-01T01:15:32: 读取文件成功
2017-04-01T01:15:42: 读取文件成功
2017-04-01T01:15:52: 读取文件成功
2017-04-01T01:16:02: 读取文件成功
2017-04-01T01:16:14: 读取文件成功
2017-04-01T01:16:22: 读取文件成功
2017-04-01T01:16:33: 读取文件成功
2017-04-01T01:16:42: 读取文件成功
2017-04-01T01:16:52: 读取文件成功
2017-04-01T01:17:02: 读取文件成功
2017-04-01T01:17:12: 读取文件成功
2017-04-01T01:17:22: 读取文件成功
2017-04-01T01:17:32: 读取文件成功
2017-04-01T01:17:42: 读取文件成功
2017-04-01T01:17:52: 读取文件成功
2017-04-01T01:18:02: 读取文件成功
2017-04-01T01:18:12: 读取文件成功
2017-04-01T01:18:22: 读取文件成功
2017-04-01T01:18:32: 读取文件成功
2017-04-01T01:18:42: 读取文件成功
2017-04-01T01:18:52: 读取文件成功
2017-04-01T01:19:03: 读取文件成功
2017-04-01T01:19:12: 读取文件成功
2017-04-01T01:19:22: 读取文件成功
2017-04-01T01:19:32: 读取文件成功
2017-04-01T01:19:42: 读取文件成功
2017-04-01T01:19:52: 读取文件成功
2017-04-01T01:20:02: 读取文件成功
2017-04-01T01:20:12: 读取文件成功
2017-04-01T01:20:22: 读取文件成功
2017-04-01T01:20:32: 读取文件成功
2017-04-01T01:20:42: 读取文件成功
2017-04-01T01:20:52: 读取文件成功
2017-04-01T01:21:02: 读取文件成功
2017-04-01T01:21:13: 读取文件成功
2017-04-01T01:21:23: 读取文件成功
2017-04-01T01:21:32: 读取文件成功
2017-04-01T01:21:42: 读取文件成功
2017-04-01T01:21:52: 读取文件成功
2017-04-01T01:22:02: 读取文件成功
2017-04-01T01:22:12: 读取文件成功
2017-04-01T01:22:22: 读取文件成功
2017-04-01T01:22:32: 读取文件成功
2017-04-01T01:22:42: 读取文件成功
2017-04-01T01:22:52: 读取文件成功
2017-04-01T01:23:02: 读取文件成功
2017-04-01T01:23:13: 读取文件成功
2017-04-01T01:23:23: 读取文件成功
2017-04-01T01:23:32: 读取文件成功
2017-04-01T01:23:42: 读取文件成功
2017-04-01T01:23:52: 读取文件成功
2017-04-01T01:24:02: 读取文件成功
2017-04-01T01:24:13: 读取文件成功
2017-04-01T01:24:22: 读取文件成功
2017-04-01T01:24:33: 读取文件成功
2017-04-01T01:24:43: 读取文件成功
2017-04-01T01:24:53: 读取文件成功
2017-04-01T01:25:02: 读取文件成功
2017-04-01T01:25:12: 读取文件成功
2017-04-01T01:25:22: 读取文件成功
2017-04-01T01:25:32: 读取文件成功
2017-04-01T01:25:42: 读取文件成功
2017-04-01T01:25:52: 读取文件成功
2017-04-01T01:26:02: 读取文件成功
2017-04-01T01:26:12: 读取文件成功
2017-04-01T01:26:23: 读取文件成功
2017-04-01T01:26:33: 读取文件成功
2017-04-01T01:26:42: 读取文件成功
2017-04-01T01:26:52: 读取文件成功
2017-04-01T01:27:03: 读取文件成功
2017-04-01T01:27:12: 读取文件成功
2017-04-01T01:27:22: 读取文件成功
2017-04-01T01:27:32: 读取文件成功
2017-04-01T01:27:43: 读取文件成功
2017-04-01T01:27:52: 读取文件成功
2017-04-01T01:28:02: 读取文件成功
2017-04-01T01:28:12: 读取文件成功
2017-04-01T01:28:22: 读取文件成功
2017-04-01T01:28:33: 读取文件成功
2017-04-01T01:28:42: 读取文件成功
2017-04-01T01:28:52: 读取文件成功
2017-04-01T01:29:03: 读取文件成功
2017-04-01T01:29:13: 读取文件成功
2017-04-01T01:29:23: 读取文件成功
2017-04-01T01:29:33: 读取文件成功
2017-04-01T01:29:43: 读取文件成功
2017-04-01T01:29:53: 读取文件成功
2017-04-01T01:30:03: 读取文件成功
2017-04-01T01:30:13: 读取文件成功
2017-04-01T01:30:23: 读取文件成功
2017-04-01T01:30:33: 读取文件成功
2017-04-01T01:30:43: 读取文件成功
2017-04-01T01:30:53: 读取文件成功
2017-04-01T01:31:03: 读取文件成功
2017-04-01T01:31:13: 读取文件成功
2017-04-01T01:31:23: 读取文件成功
2017-04-01T01:31:33: 读取文件成功
2017-04-01T01:31:43: 读取文件成功
2017-04-01T01:31:53: 读取文件成功
2017-04-01T01:32:03: 读取文件成功
2017-04-01T01:32:13: 读取文件成功
2017-04-01T01:32:23: 读取文件成功
2017-04-01T01:32:33: 读取文件成功
2017-04-01T01:32:43: 读取文件成功
2017-04-01T01:32:53: 读取文件成功
2017-04-01T01:33:03: 读取文件成功
2017-04-01T01:33:13: 读取文件成功
2017-04-01T01:33:24: 读取文件成功
2017-04-01T01:33:33: 读取文件成功
2017-04-01T01:33:43: 读取文件成功
2017-04-01T01:33:53: 读取文件成功
2017-04-01T01:34:03: 读取文件成功
2017-04-01T01:34:13: 读取文件成功
2017-04-01T01:34:23: 读取文件成功
2017-04-01T01:35:05: 读取文件成功
2017-04-01T01:35:07: 读取文件成功
2017-04-01T01:35:09: 读取文件成功
2017-04-01T01:35:13: 读取文件成功
2017-04-01T01:35:22: 读取文件成功
2017-04-01T01:35:23: 读取文件成功
2017-04-01T01:35:33: 读取文件成功
2017-04-01T01:35:43: 读取文件成功
2017-04-01T01:35:53: 读取文件成功
2017-04-01T01:36:03: 读取文件成功
2017-04-01T01:36:13: 读取文件成功
2017-04-01T01:36:23: 读取文件成功
2017-04-01T01:36:33: 读取文件成功
2017-04-01T01:36:43: 读取文件成功
2017-04-01T01:36:53: 读取文件成功
2017-04-01T01:37:03: 读取文件成功
2017-04-01T01:37:13: 读取文件成功
2017-04-01T01:37:23: 读取文件成功
2017-04-01T01:37:33: 读取文件成功
2017-04-01T01:37:43: 读取文件成功
2017-04-01T01:37:53: 读取文件成功
2017-04-01T01:38:03: 读取文件成功
2017-04-01T01:38:13: 读取文件成功
2017-04-01T01:38:23: 读取文件成功
2017-04-01T01:38:33: 读取文件成功
2017-04-01T01:38:43: 读取文件成功
2017-04-01T01:38:54: 读取文件成功
2017-04-01T01:39:03: 读取文件成功
2017-04-01T01:39:13: 读取文件成功
2017-04-01T01:39:23: 读取文件成功
2017-04-01T01:39:33: 读取文件成功
2017-04-01T01:39:43: 读取文件成功
2017-04-01T01:39:53: 读取文件成功
2017-04-01T01:40:03: 读取文件成功
2017-04-01T01:40:13: 读取文件成功
2017-04-01T01:40:23: 读取文件成功
2017-04-01T01:40:33: 读取文件成功
2017-04-01T01:40:43: 读取文件成功
2017-04-01T01:40:53: 读取文件成功
2017-04-01T01:41:03: 读取文件成功
2017-04-01T01:41:13: 读取文件成功
2017-04-01T01:41:24: 读取文件成功
2017-04-01T01:41:33: 读取文件成功
2017-04-01T01:41:43: 读取文件成功
2017-04-01T01:41:53: 读取文件成功
2017-04-01T01:42:03: 读取文件成功
2017-04-01T01:42:13: 读取文件成功
2017-04-01T01:42:23: 读取文件成功
2017-04-01T01:42:33: 读取文件成功
2017-04-01T01:42:43: 读取文件成功
2017-04-01T01:42:53: 读取文件成功
2017-04-01T01:43:03: 读取文件成功
2017-04-01T01:43:13: 读取文件成功
2017-04-01T01:43:23: 读取文件成功
2017-04-01T01:43:33: 读取文件成功
2017-04-01T01:43:43: 读取文件成功
2017-04-01T01:43:53: 读取文件成功
2017-04-01T01:44:04: 读取文件成功
2017-04-01T01:44:13: 读取文件成功
2017-04-01T01:44:23: 读取文件成功
2017-04-01T01:45:07: 读取文件成功
2017-04-01T01:45:08: 读取文件成功
2017-04-01T01:45:13: 读取文件成功
2017-04-01T01:45:15: 读取文件成功
2017-04-01T01:45:22: 读取文件成功
2017-04-01T01:45:24: 读取文件成功
2017-04-01T01:45:34: 读取文件成功
2017-04-01T01:45:44: 读取文件成功
2017-04-01T01:45:54: 读取文件成功
2017-04-01T01:46:04: 读取文件成功
2017-04-01T01:46:14: 读取文件成功
2017-04-01T01:46:24: 读取文件成功
2017-04-01T01:46:34: 读取文件成功
2017-04-01T01:46:44: 读取文件成功
2017-04-01T01:46:54: 读取文件成功
2017-04-01T01:47:04: 读取文件成功
2017-04-01T01:47:14: 读取文件成功
2017-04-01T01:47:24: 读取文件成功
2017-04-01T01:47:34: 读取文件成功
2017-04-01T01:47:44: 读取文件成功
2017-04-01T01:47:54: 读取文件成功
2017-04-01T01:48:04: 读取文件成功
2017-04-01T01:48:14: 读取文件成功
2017-04-01T01:48:24: 读取文件成功
2017-04-01T01:48:35: 读取文件成功
2017-04-01T01:48:44: 读取文件成功
2017-04-01T01:48:54: 读取文件成功
2017-04-01T01:49:04: 读取文件成功
2017-04-01T01:49:14: 读取文件成功
2017-04-01T01:49:24: 读取文件成功
2017-04-01T01:49:34: 读取文件成功
2017-04-01T01:49:44: 读取文件成功
2017-04-01T01:49:54: 读取文件成功
2017-04-01T01:50:04: 读取文件成功
2017-04-01T01:50:14: 读取文件成功
2017-04-01T01:50:24: 读取文件成功
2017-04-01T01:50:34: 读取文件成功
2017-04-01T01:50:44: 读取文件成功
2017-04-01T01:50:54: 读取文件成功
2017-04-01T01:51:04: 读取文件成功
2017-04-01T01:51:14: 读取文件成功
2017-04-01T01:51:24: 读取文件成功
2017-04-01T01:51:34: 读取文件成功
2017-04-01T01:51:44: 读取文件成功
2017-04-01T01:51:54: 读取文件成功
2017-04-01T01:52:04: 读取文件成功
2017-04-01T01:52:14: 读取文件成功
2017-04-01T01:52:24: 读取文件成功
2017-04-01T01:52:34: 读取文件成功
2017-04-01T01:52:44: 读取文件成功
2017-04-01T01:52:54: 读取文件成功
2017-04-01T01:53:04: 读取文件成功
2017-04-01T01:53:14: 读取文件成功
2017-04-01T01:53:24: 读取文件成功
2017-04-01T01:53:34: 读取文件成功
2017-04-01T01:53:44: 读取文件成功
2017-04-01T01:53:54: 读取文件成功
2017-04-01T01:54:04: 读取文件成功
2017-04-01T01:54:14: 读取文件成功
2017-04-01T01:54:24: 读取文件成功
2017-04-01T01:54:34: 读取文件成功
2017-04-01T01:54:44: 读取文件成功
2017-04-01T01:54:54: 读取文件成功
2017-04-01T01:55:04: 读取文件成功
2017-04-01T01:55:14: 读取文件成功
2017-04-01T01:55:24: 读取文件成功
2017-04-01T01:55:34: 读取文件成功
2017-04-01T01:55:45: 读取文件成功
2017-04-01T01:55:54: 读取文件成功
2017-04-01T01:56:04: 读取文件成功
2017-04-01T01:56:14: 读取文件成功
2017-04-01T01:56:24: 读取文件成功
2017-04-01T01:56:34: 读取文件成功
2017-04-01T01:56:44: 读取文件成功
2017-04-01T01:56:55: 读取文件成功
2017-04-01T01:57:04: 读取文件成功
2017-04-01T01:57:15: 读取文件成功
2017-04-01T01:57:24: 读取文件成功
2017-04-01T01:57:34: 读取文件成功
2017-04-01T01:57:44: 读取文件成功
2017-04-01T01:57:54: 读取文件成功
2017-04-01T01:58:04: 读取文件成功
2017-04-01T01:58:14: 读取文件成功
2017-04-01T01:58:24: 读取文件成功
2017-04-01T01:58:34: 读取文件成功
2017-04-01T01:58:45: 读取文件成功
2017-04-01T01:58:54: 读取文件成功
2017-04-01T01:59:05: 读取文件成功
2017-04-01T01:59:14: 读取文件成功
2017-04-01T01:59:24: 读取文件成功
2017-04-01T01:59:34: 读取文件成功
2017-04-01T01:59:45: 读取文件成功
2017-04-01T01:59:54: 读取文件成功
2017-04-01T02:00:05: 读取文件成功
2017-04-01T02:00:14: 读取文件成功
2017-04-01T02:00:25: 读取文件成功
2017-04-01T02:00:34: 读取文件成功
2017-04-01T02:00:45: 读取文件成功
2017-04-01T02:00:54: 读取文件成功
2017-04-01T02:01:05: 读取文件成功
2017-04-01T02:01:14: 读取文件成功
2017-04-01T02:01:25: 读取文件成功
2017-04-01T02:01:34: 读取文件成功
2017-04-01T02:01:45: 读取文件成功
2017-04-01T02:01:54: 读取文件成功
2017-04-01T02:02:05: 读取文件成功
2017-04-01T02:02:14: 读取文件成功
2017-04-01T02:02:25: 读取文件成功
2017-04-01T02:02:34: 读取文件成功
2017-04-01T02:02:45: 读取文件成功
2017-04-01T02:02:54: 读取文件成功
2017-04-01T02:03:05: 读取文件成功
2017-04-01T02:03:14: 读取文件成功
2017-04-01T02:03:25: 读取文件成功
2017-04-01T02:03:34: 读取文件成功
2017-04-01T02:03:44: 读取文件成功
2017-04-01T02:03:55: 读取文件成功
2017-04-01T02:04:05: 读取文件成功
2017-04-01T02:04:15: 读取文件成功
2017-04-01T02:04:25: 读取文件成功
2017-04-01T02:05:06: 读取文件成功
2017-04-01T02:05:08: 读取文件成功
2017-04-01T02:05:10: 读取文件成功
2017-04-01T02:05:12: 读取文件成功
2017-04-01T02:05:15: 读取文件成功
2017-04-01T02:05:25: 读取文件成功
2017-04-01T02:05:35: 读取文件成功
2017-04-01T02:05:45: 读取文件成功
2017-04-01T02:05:55: 读取文件成功
2017-04-01T02:06:05: 读取文件成功
2017-04-01T02:06:15: 读取文件成功
2017-04-01T02:06:25: 读取文件成功
2017-04-01T02:06:35: 读取文件成功
2017-04-01T02:06:45: 读取文件成功
2017-04-01T02:06:55: 读取文件成功
2017-04-01T02:07:05: 读取文件成功
2017-04-01T02:07:15: 读取文件成功
2017-04-01T02:07:25: 读取文件成功
2017-04-01T02:07:35: 读取文件成功
2017-04-01T02:07:45: 读取文件成功
2017-04-01T02:07:55: 读取文件成功
2017-04-01T02:08:05: 读取文件成功
2017-04-01T02:08:15: 读取文件成功
2017-04-01T02:08:25: 读取文件成功
2017-04-01T02:08:35: 读取文件成功
2017-04-01T02:08:45: 读取文件成功
2017-04-01T02:08:55: 读取文件成功
2017-04-01T02:09:05: 读取文件成功
2017-04-01T02:09:15: 读取文件成功
2017-04-01T02:09:25: 读取文件成功
2017-04-01T02:09:35: 读取文件成功
2017-04-01T02:09:45: 读取文件成功
2017-04-01T02:09:55: 读取文件成功
2017-04-01T02:10:05: 读取文件成功
2017-04-01T02:10:15: 读取文件成功
2017-04-01T02:10:25: 读取文件成功
2017-04-01T02:10:35: 读取文件成功
2017-04-01T02:10:45: 读取文件成功
2017-04-01T02:10:55: 读取文件成功
2017-04-01T02:11:05: 读取文件成功
2017-04-01T02:11:15: 读取文件成功
2017-04-01T02:11:25: 读取文件成功
2017-04-01T02:11:35: 读取文件成功
2017-04-01T02:11:45: 读取文件成功
2017-04-01T02:11:55: 读取文件成功
2017-04-01T02:12:05: 读取文件成功
2017-04-01T02:12:15: 读取文件成功
2017-04-01T02:12:25: 读取文件成功
2017-04-01T02:12:35: 读取文件成功
2017-04-01T02:12:45: 读取文件成功
2017-04-01T02:12:55: 读取文件成功
2017-04-01T02:13:05: 读取文件成功
2017-04-01T02:13:15: 读取文件成功
2017-04-01T02:13:25: 读取文件成功
2017-04-01T02:13:35: 读取文件成功
2017-04-01T02:13:45: 读取文件成功
2017-04-01T02:13:55: 读取文件成功
2017-04-01T02:14:05: 读取文件成功
2017-04-01T02:14:15: 读取文件成功
2017-04-01T02:14:25: 读取文件成功
2017-04-01T02:15:06: 读取文件成功
2017-04-01T02:15:06: 读取文件成功
2017-04-01T02:15:15: 读取文件成功
2017-04-01T02:15:15: 读取文件成功
2017-04-01T02:15:16: 读取文件成功
2017-04-01T02:15:25: 读取文件成功
2017-04-01T02:15:35: 读取文件成功
2017-04-01T02:15:45: 读取文件成功
2017-04-01T02:15:55: 读取文件成功
2017-04-01T02:16:05: 读取文件成功
2017-04-01T02:16:16: 读取文件成功
2017-04-01T02:16:25: 读取文件成功
2017-04-01T02:16:35: 读取文件成功
2017-04-01T02:16:45: 读取文件成功
2017-04-01T02:16:55: 读取文件成功
2017-04-01T02:17:05: 读取文件成功
2017-04-01T02:17:15: 读取文件成功
2017-04-01T02:17:25: 读取文件成功
2017-04-01T02:17:35: 读取文件成功
2017-04-01T02:17:45: 读取文件成功
2017-04-01T02:17:55: 读取文件成功
2017-04-01T02:18:05: 读取文件成功
2017-04-01T02:18:15: 读取文件成功
2017-04-01T02:18:25: 读取文件成功
2017-04-01T02:18:35: 读取文件成功
2017-04-01T02:18:45: 读取文件成功
2017-04-01T02:18:55: 读取文件成功
2017-04-01T02:19:05: 读取文件成功
2017-04-01T02:19:15: 读取文件成功
2017-04-01T02:19:25: 读取文件成功
2017-04-01T02:19:35: 读取文件成功
2017-04-01T02:19:45: 读取文件成功
2017-04-01T02:19:55: 读取文件成功
2017-04-01T02:20:05: 读取文件成功
2017-04-01T02:20:15: 读取文件成功
2017-04-01T02:20:25: 读取文件成功
2017-04-01T02:20:35: 读取文件成功
2017-04-01T02:20:45: 读取文件成功
2017-04-01T02:20:55: 读取文件成功
2017-04-01T02:21:05: 读取文件成功
2017-04-01T02:21:15: 读取文件成功
2017-04-01T02:21:25: 读取文件成功
2017-04-01T02:21:35: 读取文件成功
2017-04-01T02:21:45: 读取文件成功
2017-04-01T02:21:55: 读取文件成功
2017-04-01T02:22:05: 读取文件成功
2017-04-01T02:22:15: 读取文件成功
2017-04-01T02:22:25: 读取文件成功
2017-04-01T02:22:35: 读取文件成功
2017-04-01T02:22:45: 读取文件成功
2017-04-01T02:22:56: 读取文件成功
2017-04-01T02:23:06: 读取文件成功
2017-04-01T02:23:16: 读取文件成功
2017-04-01T02:23:26: 读取文件成功
2017-04-01T02:23:36: 读取文件成功
2017-04-01T02:23:46: 读取文件成功
2017-04-01T02:23:56: 读取文件成功
2017-04-01T02:24:06: 读取文件成功
2017-04-01T02:24:16: 读取文件成功
2017-04-01T02:24:26: 读取文件成功
2017-04-01T02:24:36: 读取文件成功
2017-04-01T02:24:46: 读取文件成功
2017-04-01T02:24:56: 读取文件成功
2017-04-01T02:25:06: 读取文件成功
2017-04-01T02:25:16: 读取文件成功
2017-04-01T02:25:26: 读取文件成功
2017-04-01T02:25:36: 读取文件成功
2017-04-01T02:25:46: 读取文件成功
2017-04-01T02:25:56: 读取文件成功
2017-04-01T02:26:06: 读取文件成功
2017-04-01T02:26:16: 读取文件成功
2017-04-01T02:26:26: 读取文件成功
2017-04-01T02:26:36: 读取文件成功
2017-04-01T02:26:46: 读取文件成功
2017-04-01T02:26:56: 读取文件成功
2017-04-01T02:27:06: 读取文件成功
2017-04-01T02:27:16: 读取文件成功
2017-04-01T02:27:26: 读取文件成功
2017-04-01T02:27:36: 读取文件成功
2017-04-01T02:27:46: 读取文件成功
2017-04-01T02:27:56: 读取文件成功
2017-04-01T02:28:06: 读取文件成功
2017-04-01T02:28:16: 读取文件成功
2017-04-01T02:28:26: 读取文件成功
2017-04-01T02:28:36: 读取文件成功
2017-04-01T02:28:46: 读取文件成功
2017-04-01T02:28:56: 读取文件成功
2017-04-01T02:29:06: 读取文件成功
2017-04-01T02:29:16: 读取文件成功
2017-04-01T02:29:26: 读取文件成功
2017-04-01T02:29:36: 读取文件成功
2017-04-01T02:29:46: 读取文件成功
2017-04-01T02:29:56: 读取文件成功
2017-04-01T02:30:06: 读取文件成功
2017-04-01T02:30:16: 读取文件成功
2017-04-01T02:30:26: 读取文件成功
2017-04-01T02:30:36: 读取文件成功
2017-04-01T02:30:46: 读取文件成功
2017-04-01T02:30:56: 读取文件成功
2017-04-01T02:31:06: 读取文件成功
2017-04-01T02:31:16: 读取文件成功
2017-04-01T02:31:26: 读取文件成功
2017-04-01T02:31:36: 读取文件成功
2017-04-01T02:31:46: 读取文件成功
2017-04-01T02:31:56: 读取文件成功
2017-04-01T02:32:06: 读取文件成功
2017-04-01T02:32:16: 读取文件成功
2017-04-01T02:32:26: 读取文件成功
2017-04-01T02:32:36: 读取文件成功
2017-04-01T02:32:46: 读取文件成功
2017-04-01T02:32:56: 读取文件成功
2017-04-01T02:33:06: 读取文件成功
2017-04-01T02:33:16: 读取文件成功
2017-04-01T02:33:26: 读取文件成功
2017-04-01T02:33:36: 读取文件成功
2017-04-01T02:33:46: 读取文件成功
2017-04-01T02:33:56: 读取文件成功
2017-04-01T02:34:06: 读取文件成功
2017-04-01T02:34:16: 读取文件成功
2017-04-01T02:34:26: 读取文件成功
2017-04-01T02:34:36: 读取文件成功
2017-04-01T02:34:46: 读取文件成功
2017-04-01T02:34:56: 读取文件成功
2017-04-01T02:35:06: 读取文件成功
2017-04-01T02:35:16: 读取文件成功
2017-04-01T02:35:26: 读取文件成功
2017-04-01T02:35:36: 读取文件成功
2017-04-01T02:35:46: 读取文件成功
2017-04-01T02:35:56: 读取文件成功
2017-04-01T02:36:06: 读取文件成功
2017-04-01T02:36:16: 读取文件成功
2017-04-01T02:36:26: 读取文件成功
2017-04-01T02:36:36: 读取文件成功
2017-04-01T02:36:46: 读取文件成功
2017-04-01T02:36:56: 读取文件成功
2017-04-01T02:37:06: 读取文件成功
2017-04-01T02:37:16: 读取文件成功
2017-04-01T02:37:26: 读取文件成功
2017-04-01T02:37:36: 读取文件成功
2017-04-01T02:37:46: 读取文件成功
2017-04-01T02:37:56: 读取文件成功
2017-04-01T02:38:06: 读取文件成功
2017-04-01T02:38:16: 读取文件成功
2017-04-01T02:38:26: 读取文件成功
2017-04-01T02:38:36: 读取文件成功
2017-04-01T02:38:46: 读取文件成功
2017-04-01T02:38:56: 读取文件成功
2017-04-01T02:39:06: 读取文件成功
2017-04-01T02:39:16: 读取文件成功
2017-04-01T02:39:26: 读取文件成功
2017-04-01T02:39:36: 读取文件成功
2017-04-01T02:39:46: 读取文件成功
2017-04-01T02:39:56: 读取文件成功
2017-04-01T02:40:06: 读取文件成功
2017-04-01T02:40:16: 读取文件成功
2017-04-01T02:40:26: 读取文件成功
2017-04-01T02:40:36: 读取文件成功
2017-04-01T02:40:46: 读取文件成功
2017-04-01T02:40:56: 读取文件成功
2017-04-01T02:41:06: 读取文件成功
2017-04-01T02:41:16: 读取文件成功
2017-04-01T02:41:26: 读取文件成功
2017-04-01T02:41:36: 读取文件成功
2017-04-01T02:41:46: 读取文件成功
2017-04-01T02:41:56: 读取文件成功
2017-04-01T02:42:06: 读取文件成功
2017-04-01T02:42:16: 读取文件成功
2017-04-01T02:42:26: 读取文件成功
2017-04-01T02:42:36: 读取文件成功
2017-04-01T02:42:46: 读取文件成功
2017-04-01T02:42:56: 读取文件成功
2017-04-01T02:43:06: 读取文件成功
2017-04-01T02:43:16: 读取文件成功
2017-04-01T02:43:27: 读取文件成功
2017-04-01T02:43:36: 读取文件成功
2017-04-01T02:43:46: 读取文件成功
2017-04-01T02:43:56: 读取文件成功
2017-04-01T02:44:06: 读取文件成功
2017-04-01T02:44:16: 读取文件成功
2017-04-01T02:44:27: 读取文件成功
2017-04-01T02:44:37: 读取文件成功
2017-04-01T02:44:47: 读取文件成功
2017-04-01T02:44:57: 读取文件成功
2017-04-01T02:45:07: 读取文件成功
2017-04-01T02:45:17: 读取文件成功
2017-04-01T02:45:27: 读取文件成功
2017-04-01T02:45:37: 读取文件成功
2017-04-01T02:45:47: 读取文件成功
2017-04-01T02:45:57: 读取文件成功
2017-04-01T02:46:07: 读取文件成功
2017-04-01T02:46:17: 读取文件成功
2017-04-01T02:46:27: 读取文件成功
2017-04-01T02:46:37: 读取文件成功
2017-04-01T02:46:47: 读取文件成功
2017-04-01T02:46:57: 读取文件成功
2017-04-01T02:47:07: 读取文件成功
2017-04-01T02:47:17: 读取文件成功
2017-04-01T02:47:27: 读取文件成功
2017-04-01T02:47:37: 读取文件成功
2017-04-01T02:47:47: 读取文件成功
2017-04-01T02:47:57: 读取文件成功
2017-04-01T02:48:07: 读取文件成功
2017-04-01T02:48:17: 读取文件成功
2017-04-01T02:48:27: 读取文件成功
2017-04-01T02:48:37: 读取文件成功
2017-04-01T02:48:47: 读取文件成功
2017-04-01T02:48:57: 读取文件成功
2017-04-01T02:49:07: 读取文件成功
2017-04-01T02:49:17: 读取文件成功
2017-04-01T02:49:27: 读取文件成功
2017-04-01T02:49:37: 读取文件成功
2017-04-01T02:49:47: 读取文件成功
2017-04-01T02:49:57: 读取文件成功
2017-04-01T02:50:07: 读取文件成功
2017-04-01T02:50:17: 读取文件成功
2017-04-01T02:50:27: 读取文件成功
2017-04-01T02:50:37: 读取文件成功
2017-04-01T02:50:47: 读取文件成功
2017-04-01T02:50:57: 读取文件成功
2017-04-01T02:51:07: 读取文件成功
2017-04-01T02:51:17: 读取文件成功
2017-04-01T02:51:27: 读取文件成功
2017-04-01T02:51:37: 读取文件成功
2017-04-01T02:51:47: 读取文件成功
2017-04-01T02:51:57: 读取文件成功
2017-04-01T02:52:07: 读取文件成功
2017-04-01T02:52:17: 读取文件成功
2017-04-01T02:52:27: 读取文件成功
2017-04-01T02:52:37: 读取文件成功
2017-04-01T02:52:47: 读取文件成功
2017-04-01T02:52:57: 读取文件成功
2017-04-01T02:53:07: 读取文件成功
2017-04-01T02:53:17: 读取文件成功
2017-04-01T02:53:27: 读取文件成功
2017-04-01T02:53:37: 读取文件成功
2017-04-01T02:53:47: 读取文件成功
2017-04-01T02:53:57: 读取文件成功
2017-04-01T02:54:07: 读取文件成功
2017-04-01T02:54:17: 读取文件成功
2017-04-01T02:54:27: 读取文件成功
2017-04-01T02:54:37: 读取文件成功
2017-04-01T02:54:47: 读取文件成功
2017-04-01T02:54:57: 读取文件成功
2017-04-01T02:55:07: 读取文件成功
2017-04-01T02:55:17: 读取文件成功
2017-04-01T02:55:27: 读取文件成功
2017-04-01T02:55:37: 读取文件成功
2017-04-01T02:55:47: 读取文件成功
2017-04-01T02:55:57: 读取文件成功
2017-04-01T02:56:07: 读取文件成功
2017-04-01T02:56:17: 读取文件成功
2017-04-01T02:56:27: 读取文件成功
2017-04-01T02:56:37: 读取文件成功
2017-04-01T02:56:47: 读取文件成功
2017-04-01T02:56:57: 读取文件成功
2017-04-01T02:57:07: 读取文件成功
2017-04-01T02:57:17: 读取文件成功
2017-04-01T02:57:27: 读取文件成功
2017-04-01T02:57:37: 读取文件成功
2017-04-01T02:57:47: 读取文件成功
2017-04-01T02:57:57: 读取文件成功
2017-04-01T02:58:07: 读取文件成功
2017-04-01T02:58:17: 读取文件成功
2017-04-01T02:58:27: 读取文件成功
2017-04-01T02:58:37: 读取文件成功
2017-04-01T02:58:47: 读取文件成功
2017-04-01T02:58:57: 读取文件成功
2017-04-01T02:59:07: 读取文件成功
2017-04-01T02:59:17: 读取文件成功
2017-04-01T02:59:27: 读取文件成功
2017-04-01T02:59:37: 读取文件成功
2017-04-01T02:59:47: 读取文件成功
2017-04-01T02:59:57: 读取文件成功
2017-04-01T03:00:07: 读取文件成功
2017-04-01T03:00:17: 读取文件成功
2017-04-01T03:00:27: 读取文件成功
2017-04-01T03:00:37: 读取文件成功
2017-04-01T03:00:47: 读取文件成功
2017-04-01T03:00:57: 读取文件成功
2017-04-01T03:01:07: 读取文件成功
2017-04-01T03:01:17: 读取文件成功
2017-04-01T03:01:27: 读取文件成功
2017-04-01T03:01:37: 读取文件成功
2017-04-01T03:01:47: 读取文件成功
2017-04-01T03:01:57: 读取文件成功
2017-04-01T03:02:07: 读取文件成功
2017-04-01T03:02:17: 读取文件成功
2017-04-01T03:02:27: 读取文件成功
2017-04-01T03:02:38: 读取文件成功
2017-04-01T03:02:47: 读取文件成功
2017-04-01T03:02:57: 读取文件成功
2017-04-01T03:03:07: 读取文件成功
2017-04-01T03:03:17: 读取文件成功
2017-04-01T03:03:27: 读取文件成功
2017-04-01T03:03:37: 读取文件成功
2017-04-01T03:03:49: 读取文件成功
2017-04-01T03:03:57: 读取文件成功
2017-04-01T03:04:08: 读取文件成功
2017-04-01T03:04:17: 读取文件成功
2017-04-01T03:04:28: 读取文件成功
2017-04-01T03:04:37: 读取文件成功
2017-04-01T03:04:47: 读取文件成功
2017-04-01T03:04:57: 读取文件成功
2017-04-01T03:05:07: 读取文件成功
2017-04-01T03:05:17: 读取文件成功
2017-04-01T03:05:27: 读取文件成功
2017-04-01T03:05:37: 读取文件成功
2017-04-01T03:05:47: 读取文件成功
2017-04-01T03:05:57: 读取文件成功
2017-04-01T03:06:07: 读取文件成功
2017-04-01T03:06:17: 读取文件成功
2017-04-01T03:06:27: 读取文件成功
2017-04-01T03:06:38: 读取文件成功
2017-04-01T03:06:47: 读取文件成功
2017-04-01T03:06:58: 读取文件成功
2017-04-01T03:07:07: 读取文件成功
2017-04-01T03:07:17: 读取文件成功
2017-04-01T03:07:28: 读取文件成功
2017-04-01T03:07:38: 读取文件成功
2017-04-01T03:07:48: 读取文件成功
2017-04-01T03:07:57: 读取文件成功
2017-04-01T03:08:08: 读取文件成功
2017-04-01T03:08:17: 读取文件成功
2017-04-01T03:08:28: 读取文件成功
2017-04-01T03:08:38: 读取文件成功
2017-04-01T03:08:48: 读取文件成功
2017-04-01T03:08:58: 读取文件成功
2017-04-01T03:09:08: 读取文件成功
2017-04-01T03:09:18: 读取文件成功
2017-04-01T03:09:28: 读取文件成功
2017-04-01T03:09:38: 读取文件成功
2017-04-01T03:09:48: 读取文件成功
2017-04-01T03:09:58: 读取文件成功
2017-04-01T03:10:08: 读取文件成功
2017-04-01T03:10:18: 读取文件成功
2017-04-01T03:10:28: 读取文件成功
2017-04-01T03:10:38: 读取文件成功
2017-04-01T03:10:48: 读取文件成功
2017-04-01T03:10:58: 读取文件成功
2017-04-01T03:11:08: 读取文件成功
2017-04-01T03:11:18: 读取文件成功
2017-04-01T03:11:28: 读取文件成功
2017-04-01T03:11:38: 读取文件成功
2017-04-01T03:11:48: 读取文件成功
2017-04-01T03:11:58: 读取文件成功
2017-04-01T03:12:08: 读取文件成功
2017-04-01T03:12:18: 读取文件成功
2017-04-01T03:12:28: 读取文件成功
2017-04-01T03:12:38: 读取文件成功
2017-04-01T03:12:48: 读取文件成功
2017-04-01T03:12:58: 读取文件成功
2017-04-01T03:13:08: 读取文件成功
2017-04-01T03:13:18: 读取文件成功
2017-04-01T03:13:28: 读取文件成功
2017-04-01T03:13:38: 读取文件成功
2017-04-01T03:13:48: 读取文件成功
2017-04-01T03:13:58: 读取文件成功
2017-04-01T03:14:08: 读取文件成功
2017-04-01T03:14:18: 读取文件成功
2017-04-01T03:14:28: 读取文件成功
2017-04-01T03:14:38: 读取文件成功
2017-04-01T03:14:48: 读取文件成功
2017-04-01T03:14:58: 读取文件成功
2017-04-01T03:15:08: 读取文件成功
2017-04-01T03:15:18: 读取文件成功
2017-04-01T03:15:28: 读取文件成功
2017-04-01T03:15:38: 读取文件成功
2017-04-01T03:15:48: 读取文件成功
2017-04-01T03:15:58: 读取文件成功
2017-04-01T03:16:08: 读取文件成功
2017-04-01T03:16:18: 读取文件成功
2017-04-01T03:16:28: 读取文件成功
2017-04-01T03:16:38: 读取文件成功
2017-04-01T03:16:48: 读取文件成功
2017-04-01T03:16:58: 读取文件成功
2017-04-01T03:17:08: 读取文件成功
2017-04-01T03:17:18: 读取文件成功
2017-04-01T03:17:28: 读取文件成功
2017-04-01T03:17:39: 读取文件成功
2017-04-01T03:17:48: 读取文件成功
2017-04-01T03:17:58: 读取文件成功
2017-04-01T03:18:08: 读取文件成功
2017-04-01T03:18:18: 读取文件成功
2017-04-01T03:18:28: 读取文件成功
2017-04-01T03:18:38: 读取文件成功
2017-04-01T03:18:48: 读取文件成功
2017-04-01T03:18:59: 读取文件成功
2017-04-01T03:19:08: 读取文件成功
2017-04-01T03:19:18: 读取文件成功
2017-04-01T03:19:28: 读取文件成功
2017-04-01T03:19:38: 读取文件成功
2017-04-01T03:19:48: 读取文件成功
2017-04-01T03:19:58: 读取文件成功
2017-04-01T03:20:08: 读取文件成功
2017-04-01T03:20:18: 读取文件成功
2017-04-01T03:20:28: 读取文件成功
2017-04-01T03:20:38: 读取文件成功
2017-04-01T03:20:48: 读取文件成功
2017-04-01T03:20:58: 读取文件成功
2017-04-01T03:21:08: 读取文件成功
2017-04-01T03:21:18: 读取文件成功
2017-04-01T03:21:28: 读取文件成功
2017-04-01T03:21:38: 读取文件成功
2017-04-01T03:21:48: 读取文件成功
2017-04-01T03:21:58: 读取文件成功
2017-04-01T03:22:08: 读取文件成功
2017-04-01T03:22:18: 读取文件成功
2017-04-01T03:22:28: 读取文件成功
2017-04-01T03:22:38: 读取文件成功
2017-04-01T03:22:48: 读取文件成功
2017-04-01T03:22:58: 读取文件成功
2017-04-01T03:23:08: 读取文件成功
2017-04-01T03:23:18: 读取文件成功
2017-04-01T03:23:28: 读取文件成功
2017-04-01T03:23:38: 读取文件成功
2017-04-01T03:23:48: 读取文件成功
2017-04-01T03:23:58: 读取文件成功
2017-04-01T03:24:08: 读取文件成功
2017-04-01T03:24:18: 读取文件成功
2017-04-01T03:24:28: 读取文件成功
2017-04-01T03:25:08: 读取文件成功
2017-04-01T03:25:13: 读取文件成功
2017-04-01T03:25:16: 读取文件成功
2017-04-01T03:25:18: 读取文件成功
2017-04-01T03:25:21: 读取文件成功
2017-04-01T03:25:28: 读取文件成功
2017-04-01T03:25:38: 读取文件成功
2017-04-01T03:25:48: 读取文件成功
2017-04-01T03:25:58: 读取文件成功
2017-04-01T03:26:08: 读取文件成功
2017-04-01T03:26:18: 读取文件成功
2017-04-01T03:26:28: 读取文件成功
2017-04-01T03:26:38: 读取文件成功
2017-04-01T03:26:48: 读取文件成功
2017-04-01T03:26:58: 读取文件成功
2017-04-01T03:27:08: 读取文件成功
2017-04-01T03:27:18: 读取文件成功
2017-04-01T03:27:28: 读取文件成功
2017-04-01T03:27:38: 读取文件成功
2017-04-01T03:27:48: 读取文件成功
2017-04-01T03:27:58: 读取文件成功
2017-04-01T03:28:08: 读取文件成功
2017-04-01T03:28:18: 读取文件成功
2017-04-01T03:28:28: 读取文件成功
2017-04-01T03:28:38: 读取文件成功
2017-04-01T03:28:48: 读取文件成功
2017-04-01T03:28:59: 读取文件成功
2017-04-01T03:29:09: 读取文件成功
2017-04-01T03:29:19: 读取文件成功
2017-04-01T03:29:29: 读取文件成功
2017-04-01T03:29:39: 读取文件成功
2017-04-01T03:29:49: 读取文件成功
2017-04-01T03:29:59: 读取文件成功
2017-04-01T03:30:09: 读取文件成功
2017-04-01T03:30:19: 读取文件成功
2017-04-01T03:30:29: 读取文件成功
2017-04-01T03:30:39: 读取文件成功
2017-04-01T03:30:49: 读取文件成功
2017-04-01T03:30:59: 读取文件成功
2017-04-01T03:31:09: 读取文件成功
2017-04-01T03:31:19: 读取文件成功
2017-04-01T03:31:29: 读取文件成功
2017-04-01T03:31:39: 读取文件成功
2017-04-01T03:31:49: 读取文件成功
2017-04-01T03:31:59: 读取文件成功
2017-04-01T03:32:09: 读取文件成功
2017-04-01T03:32:19: 读取文件成功
2017-04-01T03:32:29: 读取文件成功
2017-04-01T03:32:39: 读取文件成功
2017-04-01T03:32:49: 读取文件成功
2017-04-01T03:32:59: 读取文件成功
2017-04-01T03:33:09: 读取文件成功
2017-04-01T03:33:19: 读取文件成功
2017-04-01T03:33:29: 读取文件成功
2017-04-01T03:33:39: 读取文件成功
2017-04-01T03:33:49: 读取文件成功
2017-04-01T03:33:59: 读取文件成功
2017-04-01T03:34:09: 读取文件成功
2017-04-01T03:34:19: 读取文件成功
2017-04-01T03:34:29: 读取文件成功
2017-04-01T03:34:39: 读取文件成功
2017-04-01T03:34:49: 读取文件成功
2017-04-01T03:34:59: 读取文件成功
2017-04-01T03:35:09: 读取文件成功
2017-04-01T03:35:19: 读取文件成功
2017-04-01T03:35:29: 读取文件成功
2017-04-01T03:35:39: 读取文件成功
2017-04-01T03:35:49: 读取文件成功
2017-04-01T03:35:59: 读取文件成功
2017-04-01T03:36:09: 读取文件成功
2017-04-01T03:36:19: 读取文件成功
2017-04-01T03:36:29: 读取文件成功
2017-04-01T03:36:39: 读取文件成功
2017-04-01T03:36:49: 读取文件成功
2017-04-01T03:36:59: 读取文件成功
2017-04-01T03:37:09: 读取文件成功
2017-04-01T03:37:19: 读取文件成功
2017-04-01T03:37:29: 读取文件成功
2017-04-01T03:37:39: 读取文件成功
2017-04-01T03:37:49: 读取文件成功
2017-04-01T03:37:59: 读取文件成功
2017-04-01T03:38:09: 读取文件成功
2017-04-01T03:38:19: 读取文件成功
2017-04-01T03:38:29: 读取文件成功
2017-04-01T03:38:39: 读取文件成功
2017-04-01T03:38:49: 读取文件成功
2017-04-01T03:38:59: 读取文件成功
2017-04-01T03:39:09: 读取文件成功
2017-04-01T03:39:19: 读取文件成功
2017-04-01T03:39:29: 读取文件成功
2017-04-01T03:39:39: 读取文件成功
2017-04-01T03:39:49: 读取文件成功
2017-04-01T03:39:59: 读取文件成功
2017-04-01T03:40:09: 读取文件成功
2017-04-01T03:40:19: 读取文件成功
2017-04-01T03:40:29: 读取文件成功
2017-04-01T03:40:39: 读取文件成功
2017-04-01T03:40:49: 读取文件成功
2017-04-01T03:40:59: 读取文件成功
2017-04-01T03:41:09: 读取文件成功
2017-04-01T03:41:19: 读取文件成功
2017-04-01T03:41:29: 读取文件成功
2017-04-01T03:41:39: 读取文件成功
2017-04-01T03:41:49: 读取文件成功
2017-04-01T03:41:59: 读取文件成功
2017-04-01T03:42:09: 读取文件成功
2017-04-01T03:42:19: 读取文件成功
2017-04-01T03:42:29: 读取文件成功
2017-04-01T03:42:39: 读取文件成功
2017-04-01T03:42:49: 读取文件成功
2017-04-01T03:42:59: 读取文件成功
2017-04-01T03:43:09: 读取文件成功
2017-04-01T03:43:19: 读取文件成功
2017-04-01T03:43:29: 读取文件成功
2017-04-01T03:43:39: 读取文件成功
2017-04-01T03:43:49: 读取文件成功
2017-04-01T03:43:59: 读取文件成功
2017-04-01T03:44:09: 读取文件成功
2017-04-01T03:44:19: 读取文件成功
2017-04-01T03:44:29: 读取文件成功
2017-04-01T03:44:39: 读取文件成功
2017-04-01T03:44:49: 读取文件成功
2017-04-01T03:44:59: 读取文件成功
2017-04-01T03:45:09: 读取文件成功
2017-04-01T03:45:19: 读取文件成功
2017-04-01T03:45:29: 读取文件成功
2017-04-01T03:45:39: 读取文件成功
2017-04-01T03:45:49: 读取文件成功
2017-04-01T03:45:59: 读取文件成功
2017-04-01T03:46:09: 读取文件成功
2017-04-01T03:46:19: 读取文件成功
2017-04-01T03:46:29: 读取文件成功
2017-04-01T03:46:39: 读取文件成功
2017-04-01T03:46:49: 读取文件成功
2017-04-01T03:46:59: 读取文件成功
2017-04-01T03:47:09: 读取文件成功
2017-04-01T03:47:19: 读取文件成功
2017-04-01T03:47:29: 读取文件成功
2017-04-01T03:47:39: 读取文件成功
2017-04-01T03:47:49: 读取文件成功
2017-04-01T03:47:59: 读取文件成功
2017-04-01T03:48:09: 读取文件成功
2017-04-01T03:48:19: 读取文件成功
2017-04-01T03:48:29: 读取文件成功
2017-04-01T03:48:39: 读取文件成功
2017-04-01T03:48:49: 读取文件成功
2017-04-01T03:49:00: 读取文件成功
2017-04-01T03:49:09: 读取文件成功
2017-04-01T03:49:19: 读取文件成功
2017-04-01T03:49:29: 读取文件成功
2017-04-01T03:49:40: 读取文件成功
2017-04-01T03:49:49: 读取文件成功
2017-04-01T03:50:00: 读取文件成功
2017-04-01T03:50:10: 读取文件成功
2017-04-01T03:50:20: 读取文件成功
2017-04-01T03:50:29: 读取文件成功
2017-04-01T03:50:40: 读取文件成功
2017-04-01T03:50:49: 读取文件成功
2017-04-01T03:50:59: 读取文件成功
2017-04-01T03:51:10: 读取文件成功
2017-04-01T03:51:20: 读取文件成功
2017-04-01T03:51:30: 读取文件成功
2017-04-01T03:51:40: 读取文件成功
2017-04-01T03:51:50: 读取文件成功
2017-04-01T03:52:00: 读取文件成功
2017-04-01T03:52:10: 读取文件成功
2017-04-01T03:52:20: 读取文件成功
2017-04-01T03:52:30: 读取文件成功
2017-04-01T03:52:40: 读取文件成功
2017-04-01T03:52:50: 读取文件成功
2017-04-01T03:53:00: 读取文件成功
2017-04-01T03:53:10: 读取文件成功
2017-04-01T03:53:20: 读取文件成功
2017-04-01T03:53:30: 读取文件成功
2017-04-01T03:53:40: 读取文件成功
2017-04-01T03:53:50: 读取文件成功
2017-04-01T03:54:00: 读取文件成功
2017-04-01T03:54:10: 读取文件成功
2017-04-01T03:54:20: 读取文件成功
2017-04-01T03:54:30: 读取文件成功
2017-04-01T03:54:40: 读取文件成功
2017-04-01T03:54:50: 读取文件成功
2017-04-01T03:55:00: 读取文件成功
2017-04-01T03:55:10: 读取文件成功
2017-04-01T03:55:20: 读取文件成功
2017-04-01T03:55:30: 读取文件成功
2017-04-01T03:55:40: 读取文件成功
2017-04-01T03:55:50: 读取文件成功
2017-04-01T03:56:00: 读取文件成功
2017-04-01T03:56:10: 读取文件成功
2017-04-01T03:56:20: 读取文件成功
2017-04-01T03:56:30: 读取文件成功
2017-04-01T03:56:40: 读取文件成功
2017-04-01T03:56:50: 读取文件成功
2017-04-01T03:57:00: 读取文件成功
2017-04-01T03:57:10: 读取文件成功
2017-04-01T03:57:20: 读取文件成功
2017-04-01T03:57:30: 读取文件成功
2017-04-01T03:57:40: 读取文件成功
2017-04-01T03:57:50: 读取文件成功
2017-04-01T03:58:00: 读取文件成功
2017-04-01T03:58:10: 读取文件成功
2017-04-01T03:58:20: 读取文件成功
2017-04-01T03:58:30: 读取文件成功
2017-04-01T03:58:40: 读取文件成功
2017-04-01T03:58:50: 读取文件成功
2017-04-01T03:59:00: 读取文件成功
2017-04-01T03:59:10: 读取文件成功
