2017-02-26T00:00:04: 非记录时间：2017-02-26T00:00:04+08:00
2017-02-26T00:00:14: 非记录时间：2017-02-26T00:00:14+08:00
2017-02-26T00:00:24: 非记录时间：2017-02-26T00:00:24+08:00
2017-02-26T00:00:34: 非记录时间：2017-02-26T00:00:34+08:00
2017-02-26T00:00:44: 非记录时间：2017-02-26T00:00:44+08:00
2017-02-26T00:00:54: 非记录时间：2017-02-26T00:00:54+08:00
2017-02-26T00:01:04: 非记录时间：2017-02-26T00:01:04+08:00
2017-02-26T00:01:14: 非记录时间：2017-02-26T00:01:14+08:00
2017-02-26T00:01:24: 非记录时间：2017-02-26T00:01:24+08:00
2017-02-26T00:01:34: 非记录时间：2017-02-26T00:01:34+08:00
2017-02-26T00:01:44: 非记录时间：2017-02-26T00:01:44+08:00
2017-02-26T00:01:54: 非记录时间：2017-02-26T00:01:54+08:00
2017-02-26T00:02:04: 非记录时间：2017-02-26T00:02:04+08:00
2017-02-26T00:02:14: 非记录时间：2017-02-26T00:02:14+08:00
2017-02-26T00:02:24: 非记录时间：2017-02-26T00:02:24+08:00
2017-02-26T00:02:34: 非记录时间：2017-02-26T00:02:34+08:00
2017-02-26T00:02:44: 非记录时间：2017-02-26T00:02:44+08:00
2017-02-26T00:02:54: 非记录时间：2017-02-26T00:02:54+08:00
2017-02-26T00:03:04: 非记录时间：2017-02-26T00:03:04+08:00
2017-02-26T00:03:14: 非记录时间：2017-02-26T00:03:14+08:00
2017-02-26T00:03:24: 非记录时间：2017-02-26T00:03:24+08:00
2017-02-26T00:03:34: 非记录时间：2017-02-26T00:03:34+08:00
2017-02-26T00:03:44: 非记录时间：2017-02-26T00:03:44+08:00
2017-02-26T00:03:54: 非记录时间：2017-02-26T00:03:54+08:00
2017-02-26T00:04:04: 非记录时间：2017-02-26T00:04:04+08:00
2017-02-26T00:04:14: 非记录时间：2017-02-26T00:04:14+08:00
2017-02-26T00:04:24: 非记录时间：2017-02-26T00:04:24+08:00
2017-02-26T00:04:34: 非记录时间：2017-02-26T00:04:34+08:00
2017-02-26T00:04:44: 非记录时间：2017-02-26T00:04:44+08:00
2017-02-26T00:04:54: 非记录时间：2017-02-26T00:04:54+08:00
2017-02-26T00:05:04: 非记录时间：2017-02-26T00:05:04+08:00
2017-02-26T00:05:14: 非记录时间：2017-02-26T00:05:14+08:00
2017-02-26T00:05:24: 非记录时间：2017-02-26T00:05:24+08:00
2017-02-26T00:05:34: 非记录时间：2017-02-26T00:05:34+08:00
2017-02-26T00:05:44: 非记录时间：2017-02-26T00:05:44+08:00
2017-02-26T00:05:54: 非记录时间：2017-02-26T00:05:54+08:00
2017-02-26T00:06:04: 非记录时间：2017-02-26T00:06:04+08:00
2017-02-26T00:06:14: 非记录时间：2017-02-26T00:06:14+08:00
2017-02-26T00:06:24: 非记录时间：2017-02-26T00:06:24+08:00
2017-02-26T00:06:34: 非记录时间：2017-02-26T00:06:34+08:00
2017-02-26T00:06:44: 非记录时间：2017-02-26T00:06:44+08:00
2017-02-26T00:06:54: 非记录时间：2017-02-26T00:06:54+08:00
2017-02-26T00:07:04: 非记录时间：2017-02-26T00:07:04+08:00
2017-02-26T00:07:14: 非记录时间：2017-02-26T00:07:14+08:00
2017-02-26T00:07:24: 非记录时间：2017-02-26T00:07:24+08:00
2017-02-26T00:07:34: 非记录时间：2017-02-26T00:07:34+08:00
2017-02-26T00:07:44: 非记录时间：2017-02-26T00:07:44+08:00
2017-02-26T00:07:54: 非记录时间：2017-02-26T00:07:54+08:00
2017-02-26T00:08:04: 非记录时间：2017-02-26T00:08:04+08:00
2017-02-26T00:08:14: 非记录时间：2017-02-26T00:08:14+08:00
2017-02-26T00:08:24: 非记录时间：2017-02-26T00:08:24+08:00
2017-02-26T00:08:34: 非记录时间：2017-02-26T00:08:34+08:00
2017-02-26T00:08:44: 非记录时间：2017-02-26T00:08:44+08:00
2017-02-26T00:08:54: 非记录时间：2017-02-26T00:08:54+08:00
2017-02-26T00:09:04: 非记录时间：2017-02-26T00:09:04+08:00
2017-02-26T00:09:14: 非记录时间：2017-02-26T00:09:14+08:00
2017-02-26T00:09:24: 非记录时间：2017-02-26T00:09:24+08:00
2017-02-26T00:09:34: 非记录时间：2017-02-26T00:09:34+08:00
2017-02-26T00:09:44: 非记录时间：2017-02-26T00:09:44+08:00
2017-02-26T00:09:54: 非记录时间：2017-02-26T00:09:54+08:00
2017-02-26T00:10:04: 非记录时间：2017-02-26T00:10:04+08:00
2017-02-26T00:10:14: 非记录时间：2017-02-26T00:10:14+08:00
2017-02-26T00:10:24: 非记录时间：2017-02-26T00:10:24+08:00
2017-02-26T00:10:34: 非记录时间：2017-02-26T00:10:34+08:00
2017-02-26T00:10:44: 非记录时间：2017-02-26T00:10:44+08:00
2017-02-26T00:10:54: 非记录时间：2017-02-26T00:10:54+08:00
2017-02-26T00:11:04: 非记录时间：2017-02-26T00:11:04+08:00
2017-02-26T00:11:14: 非记录时间：2017-02-26T00:11:14+08:00
2017-02-26T00:11:24: 非记录时间：2017-02-26T00:11:24+08:00
2017-02-26T00:11:34: 非记录时间：2017-02-26T00:11:34+08:00
2017-02-26T00:11:44: 非记录时间：2017-02-26T00:11:44+08:00
2017-02-26T00:11:54: 非记录时间：2017-02-26T00:11:54+08:00
2017-02-26T00:12:04: 非记录时间：2017-02-26T00:12:04+08:00
2017-02-26T00:12:14: 非记录时间：2017-02-26T00:12:14+08:00
2017-02-26T00:12:24: 非记录时间：2017-02-26T00:12:24+08:00
2017-02-26T00:12:34: 非记录时间：2017-02-26T00:12:34+08:00
2017-02-26T00:12:44: 非记录时间：2017-02-26T00:12:44+08:00
2017-02-26T00:12:54: 非记录时间：2017-02-26T00:12:54+08:00
2017-02-26T00:13:04: 非记录时间：2017-02-26T00:13:04+08:00
2017-02-26T00:13:14: 非记录时间：2017-02-26T00:13:14+08:00
2017-02-26T00:13:24: 非记录时间：2017-02-26T00:13:24+08:00
2017-02-26T00:13:34: 非记录时间：2017-02-26T00:13:34+08:00
2017-02-26T00:13:44: 非记录时间：2017-02-26T00:13:44+08:00
2017-02-26T00:13:54: 非记录时间：2017-02-26T00:13:54+08:00
2017-02-26T00:14:04: 非记录时间：2017-02-26T00:14:04+08:00
2017-02-26T00:14:14: 非记录时间：2017-02-26T00:14:14+08:00
2017-02-26T00:14:24: 非记录时间：2017-02-26T00:14:24+08:00
2017-02-26T00:14:34: 非记录时间：2017-02-26T00:14:34+08:00
2017-02-26T00:14:44: 非记录时间：2017-02-26T00:14:44+08:00
2017-02-26T00:14:54: 非记录时间：2017-02-26T00:14:54+08:00
2017-02-26T00:15:04: 非记录时间：2017-02-26T00:15:04+08:00
2017-02-26T00:15:14: 非记录时间：2017-02-26T00:15:14+08:00
2017-02-26T00:15:24: 非记录时间：2017-02-26T00:15:24+08:00
2017-02-26T00:15:34: 非记录时间：2017-02-26T00:15:34+08:00
2017-02-26T00:15:44: 非记录时间：2017-02-26T00:15:44+08:00
2017-02-26T00:15:54: 非记录时间：2017-02-26T00:15:54+08:00
2017-02-26T00:16:04: 非记录时间：2017-02-26T00:16:04+08:00
2017-02-26T00:16:14: 非记录时间：2017-02-26T00:16:14+08:00
2017-02-26T00:16:24: 非记录时间：2017-02-26T00:16:24+08:00
2017-02-26T00:16:34: 非记录时间：2017-02-26T00:16:34+08:00
2017-02-26T00:16:44: 非记录时间：2017-02-26T00:16:44+08:00
2017-02-26T00:16:54: 非记录时间：2017-02-26T00:16:54+08:00
2017-02-26T00:17:04: 非记录时间：2017-02-26T00:17:04+08:00
2017-02-26T00:17:14: 非记录时间：2017-02-26T00:17:14+08:00
2017-02-26T00:17:24: 非记录时间：2017-02-26T00:17:24+08:00
2017-02-26T00:17:34: 非记录时间：2017-02-26T00:17:34+08:00
2017-02-26T00:17:44: 非记录时间：2017-02-26T00:17:44+08:00
2017-02-26T00:17:54: 非记录时间：2017-02-26T00:17:54+08:00
2017-02-26T00:18:04: 非记录时间：2017-02-26T00:18:04+08:00
2017-02-26T00:18:14: 非记录时间：2017-02-26T00:18:14+08:00
2017-02-26T00:18:24: 非记录时间：2017-02-26T00:18:24+08:00
2017-02-26T00:18:34: 非记录时间：2017-02-26T00:18:34+08:00
2017-02-26T00:18:44: 非记录时间：2017-02-26T00:18:44+08:00
2017-02-26T00:18:54: 非记录时间：2017-02-26T00:18:54+08:00
2017-02-26T00:19:04: 非记录时间：2017-02-26T00:19:04+08:00
2017-02-26T00:19:14: 非记录时间：2017-02-26T00:19:14+08:00
2017-02-26T00:19:24: 非记录时间：2017-02-26T00:19:24+08:00
2017-02-26T00:19:34: 非记录时间：2017-02-26T00:19:34+08:00
2017-02-26T00:19:44: 非记录时间：2017-02-26T00:19:44+08:00
2017-02-26T00:19:54: 非记录时间：2017-02-26T00:19:54+08:00
2017-02-26T00:20:04: 非记录时间：2017-02-26T00:20:04+08:00
2017-02-26T00:20:14: 非记录时间：2017-02-26T00:20:14+08:00
2017-02-26T00:20:24: 非记录时间：2017-02-26T00:20:24+08:00
2017-02-26T00:20:34: 非记录时间：2017-02-26T00:20:34+08:00
2017-02-26T00:20:44: 非记录时间：2017-02-26T00:20:44+08:00
2017-02-26T00:20:54: 非记录时间：2017-02-26T00:20:54+08:00
2017-02-26T00:21:04: 非记录时间：2017-02-26T00:21:04+08:00
2017-02-26T00:21:14: 非记录时间：2017-02-26T00:21:14+08:00
2017-02-26T00:21:24: 非记录时间：2017-02-26T00:21:24+08:00
2017-02-26T00:21:34: 非记录时间：2017-02-26T00:21:34+08:00
2017-02-26T00:21:44: 非记录时间：2017-02-26T00:21:44+08:00
2017-02-26T00:21:54: 非记录时间：2017-02-26T00:21:54+08:00
2017-02-26T00:22:04: 非记录时间：2017-02-26T00:22:04+08:00
2017-02-26T00:22:14: 非记录时间：2017-02-26T00:22:14+08:00
2017-02-26T00:22:24: 非记录时间：2017-02-26T00:22:24+08:00
2017-02-26T00:22:34: 非记录时间：2017-02-26T00:22:34+08:00
2017-02-26T00:22:44: 非记录时间：2017-02-26T00:22:44+08:00
2017-02-26T00:22:54: 非记录时间：2017-02-26T00:22:54+08:00
2017-02-26T00:23:04: 非记录时间：2017-02-26T00:23:04+08:00
2017-02-26T00:23:14: 非记录时间：2017-02-26T00:23:14+08:00
2017-02-26T00:23:24: 非记录时间：2017-02-26T00:23:24+08:00
2017-02-26T00:23:34: 非记录时间：2017-02-26T00:23:34+08:00
2017-02-26T00:23:44: 非记录时间：2017-02-26T00:23:44+08:00
2017-02-26T00:23:54: 非记录时间：2017-02-26T00:23:54+08:00
2017-02-26T00:24:04: 非记录时间：2017-02-26T00:24:04+08:00
2017-02-26T00:24:14: 非记录时间：2017-02-26T00:24:14+08:00
2017-02-26T00:24:24: 非记录时间：2017-02-26T00:24:24+08:00
2017-02-26T00:24:34: 非记录时间：2017-02-26T00:24:34+08:00
2017-02-26T00:24:44: 非记录时间：2017-02-26T00:24:44+08:00
2017-02-26T00:24:54: 非记录时间：2017-02-26T00:24:54+08:00
2017-02-26T00:25:04: 非记录时间：2017-02-26T00:25:04+08:00
2017-02-26T00:25:14: 非记录时间：2017-02-26T00:25:14+08:00
2017-02-26T00:25:24: 非记录时间：2017-02-26T00:25:24+08:00
2017-02-26T00:25:34: 非记录时间：2017-02-26T00:25:34+08:00
2017-02-26T00:25:44: 非记录时间：2017-02-26T00:25:44+08:00
2017-02-26T00:25:54: 非记录时间：2017-02-26T00:25:54+08:00
2017-02-26T00:26:04: 非记录时间：2017-02-26T00:26:04+08:00
2017-02-26T00:26:14: 非记录时间：2017-02-26T00:26:14+08:00
2017-02-26T00:26:24: 非记录时间：2017-02-26T00:26:24+08:00
2017-02-26T00:26:34: 非记录时间：2017-02-26T00:26:34+08:00
2017-02-26T00:26:44: 非记录时间：2017-02-26T00:26:44+08:00
2017-02-26T00:26:54: 非记录时间：2017-02-26T00:26:54+08:00
2017-02-26T00:27:04: 非记录时间：2017-02-26T00:27:04+08:00
2017-02-26T00:27:14: 非记录时间：2017-02-26T00:27:14+08:00
2017-02-26T00:27:24: 非记录时间：2017-02-26T00:27:24+08:00
2017-02-26T00:27:34: 非记录时间：2017-02-26T00:27:34+08:00
2017-02-26T00:27:44: 非记录时间：2017-02-26T00:27:44+08:00
2017-02-26T00:27:54: 非记录时间：2017-02-26T00:27:54+08:00
2017-02-26T00:28:04: 非记录时间：2017-02-26T00:28:04+08:00
2017-02-26T00:28:14: 非记录时间：2017-02-26T00:28:14+08:00
2017-02-26T00:28:24: 非记录时间：2017-02-26T00:28:24+08:00
2017-02-26T00:28:34: 非记录时间：2017-02-26T00:28:34+08:00
2017-02-26T00:28:44: 非记录时间：2017-02-26T00:28:44+08:00
2017-02-26T00:28:54: 非记录时间：2017-02-26T00:28:54+08:00
2017-02-26T00:29:04: 非记录时间：2017-02-26T00:29:04+08:00
2017-02-26T00:29:14: 非记录时间：2017-02-26T00:29:14+08:00
2017-02-26T00:29:24: 非记录时间：2017-02-26T00:29:24+08:00
2017-02-26T00:29:34: 非记录时间：2017-02-26T00:29:34+08:00
2017-02-26T00:29:44: 非记录时间：2017-02-26T00:29:44+08:00
2017-02-26T00:29:54: 非记录时间：2017-02-26T00:29:54+08:00
2017-02-26T00:30:04: 非记录时间：2017-02-26T00:30:04+08:00
2017-02-26T00:30:14: 非记录时间：2017-02-26T00:30:14+08:00
2017-02-26T00:30:24: 非记录时间：2017-02-26T00:30:24+08:00
2017-02-26T00:30:34: 非记录时间：2017-02-26T00:30:34+08:00
2017-02-26T00:30:44: 非记录时间：2017-02-26T00:30:44+08:00
2017-02-26T00:30:54: 非记录时间：2017-02-26T00:30:54+08:00
2017-02-26T00:31:04: 非记录时间：2017-02-26T00:31:04+08:00
2017-02-26T00:31:14: 非记录时间：2017-02-26T00:31:14+08:00
2017-02-26T00:31:24: 非记录时间：2017-02-26T00:31:24+08:00
2017-02-26T00:31:34: 非记录时间：2017-02-26T00:31:34+08:00
2017-02-26T00:31:44: 非记录时间：2017-02-26T00:31:44+08:00
2017-02-26T00:31:54: 非记录时间：2017-02-26T00:31:54+08:00
2017-02-26T00:32:04: 非记录时间：2017-02-26T00:32:04+08:00
2017-02-26T00:32:14: 非记录时间：2017-02-26T00:32:14+08:00
2017-02-26T00:32:24: 非记录时间：2017-02-26T00:32:24+08:00
2017-02-26T00:32:34: 非记录时间：2017-02-26T00:32:34+08:00
2017-02-26T00:32:44: 非记录时间：2017-02-26T00:32:44+08:00
2017-02-26T00:32:54: 非记录时间：2017-02-26T00:32:54+08:00
2017-02-26T00:33:04: 非记录时间：2017-02-26T00:33:04+08:00
2017-02-26T00:33:15: 非记录时间：2017-02-26T00:33:14+08:00
2017-02-26T00:33:25: 非记录时间：2017-02-26T00:33:25+08:00
2017-02-26T00:33:35: 非记录时间：2017-02-26T00:33:35+08:00
2017-02-26T00:33:45: 非记录时间：2017-02-26T00:33:45+08:00
2017-02-26T00:33:55: 非记录时间：2017-02-26T00:33:55+08:00
2017-02-26T00:34:05: 非记录时间：2017-02-26T00:34:05+08:00
2017-02-26T00:34:15: 非记录时间：2017-02-26T00:34:15+08:00
2017-02-26T00:34:25: 非记录时间：2017-02-26T00:34:25+08:00
2017-02-26T00:34:35: 非记录时间：2017-02-26T00:34:35+08:00
2017-02-26T00:34:45: 非记录时间：2017-02-26T00:34:45+08:00
2017-02-26T00:34:55: 非记录时间：2017-02-26T00:34:55+08:00
2017-02-26T00:35:05: 非记录时间：2017-02-26T00:35:05+08:00
2017-02-26T00:35:15: 非记录时间：2017-02-26T00:35:15+08:00
2017-02-26T00:35:25: 非记录时间：2017-02-26T00:35:25+08:00
2017-02-26T00:35:35: 非记录时间：2017-02-26T00:35:35+08:00
2017-02-26T00:35:45: 非记录时间：2017-02-26T00:35:45+08:00
2017-02-26T00:35:55: 非记录时间：2017-02-26T00:35:55+08:00
2017-02-26T00:36:05: 非记录时间：2017-02-26T00:36:05+08:00
2017-02-26T00:36:15: 非记录时间：2017-02-26T00:36:15+08:00
2017-02-26T00:36:25: 非记录时间：2017-02-26T00:36:25+08:00
2017-02-26T00:36:35: 非记录时间：2017-02-26T00:36:35+08:00
2017-02-26T00:36:45: 非记录时间：2017-02-26T00:36:45+08:00
2017-02-26T00:36:55: 非记录时间：2017-02-26T00:36:55+08:00
2017-02-26T00:37:05: 非记录时间：2017-02-26T00:37:05+08:00
2017-02-26T00:37:15: 非记录时间：2017-02-26T00:37:15+08:00
2017-02-26T00:37:25: 非记录时间：2017-02-26T00:37:25+08:00
2017-02-26T00:37:35: 非记录时间：2017-02-26T00:37:35+08:00
2017-02-26T00:37:45: 非记录时间：2017-02-26T00:37:45+08:00
2017-02-26T00:37:55: 非记录时间：2017-02-26T00:37:55+08:00
2017-02-26T00:38:05: 非记录时间：2017-02-26T00:38:05+08:00
2017-02-26T00:38:15: 非记录时间：2017-02-26T00:38:15+08:00
2017-02-26T00:38:25: 非记录时间：2017-02-26T00:38:25+08:00
2017-02-26T00:38:35: 非记录时间：2017-02-26T00:38:35+08:00
2017-02-26T00:38:45: 非记录时间：2017-02-26T00:38:45+08:00
2017-02-26T00:38:55: 非记录时间：2017-02-26T00:38:55+08:00
2017-02-26T00:39:05: 非记录时间：2017-02-26T00:39:05+08:00
2017-02-26T00:39:15: 非记录时间：2017-02-26T00:39:15+08:00
2017-02-26T00:39:25: 非记录时间：2017-02-26T00:39:25+08:00
2017-02-26T00:39:35: 非记录时间：2017-02-26T00:39:35+08:00
2017-02-26T00:39:45: 非记录时间：2017-02-26T00:39:45+08:00
2017-02-26T00:39:55: 非记录时间：2017-02-26T00:39:55+08:00
2017-02-26T00:40:05: 非记录时间：2017-02-26T00:40:05+08:00
2017-02-26T00:40:15: 非记录时间：2017-02-26T00:40:15+08:00
2017-02-26T00:40:25: 非记录时间：2017-02-26T00:40:25+08:00
2017-02-26T00:40:35: 非记录时间：2017-02-26T00:40:35+08:00
2017-02-26T00:40:45: 非记录时间：2017-02-26T00:40:45+08:00
2017-02-26T00:40:55: 非记录时间：2017-02-26T00:40:55+08:00
2017-02-26T00:41:05: 非记录时间：2017-02-26T00:41:05+08:00
2017-02-26T00:41:15: 非记录时间：2017-02-26T00:41:15+08:00
2017-02-26T00:41:25: 非记录时间：2017-02-26T00:41:25+08:00
2017-02-26T00:41:35: 非记录时间：2017-02-26T00:41:35+08:00
2017-02-26T00:41:45: 非记录时间：2017-02-26T00:41:45+08:00
2017-02-26T00:41:55: 非记录时间：2017-02-26T00:41:55+08:00
2017-02-26T00:42:05: 非记录时间：2017-02-26T00:42:05+08:00
2017-02-26T00:42:15: 非记录时间：2017-02-26T00:42:15+08:00
2017-02-26T00:42:25: 非记录时间：2017-02-26T00:42:25+08:00
2017-02-26T00:42:35: 非记录时间：2017-02-26T00:42:35+08:00
2017-02-26T00:42:45: 非记录时间：2017-02-26T00:42:45+08:00
2017-02-26T00:42:55: 非记录时间：2017-02-26T00:42:55+08:00
2017-02-26T00:43:05: 非记录时间：2017-02-26T00:43:05+08:00
2017-02-26T00:43:15: 非记录时间：2017-02-26T00:43:15+08:00
2017-02-26T00:43:25: 非记录时间：2017-02-26T00:43:25+08:00
2017-02-26T00:43:35: 非记录时间：2017-02-26T00:43:35+08:00
2017-02-26T00:43:45: 非记录时间：2017-02-26T00:43:45+08:00
2017-02-26T00:43:55: 非记录时间：2017-02-26T00:43:55+08:00
2017-02-26T00:44:05: 非记录时间：2017-02-26T00:44:05+08:00
2017-02-26T00:44:15: 非记录时间：2017-02-26T00:44:15+08:00
2017-02-26T00:44:25: 非记录时间：2017-02-26T00:44:25+08:00
2017-02-26T00:44:35: 非记录时间：2017-02-26T00:44:35+08:00
2017-02-26T00:44:45: 非记录时间：2017-02-26T00:44:45+08:00
2017-02-26T00:44:55: 非记录时间：2017-02-26T00:44:55+08:00
2017-02-26T00:45:05: 非记录时间：2017-02-26T00:45:05+08:00
2017-02-26T00:45:15: 非记录时间：2017-02-26T00:45:15+08:00
2017-02-26T00:45:25: 非记录时间：2017-02-26T00:45:25+08:00
2017-02-26T00:45:35: 非记录时间：2017-02-26T00:45:35+08:00
2017-02-26T00:45:45: 非记录时间：2017-02-26T00:45:45+08:00
2017-02-26T00:45:55: 非记录时间：2017-02-26T00:45:55+08:00
2017-02-26T00:46:05: 非记录时间：2017-02-26T00:46:05+08:00
2017-02-26T00:46:15: 非记录时间：2017-02-26T00:46:15+08:00
2017-02-26T00:46:25: 非记录时间：2017-02-26T00:46:25+08:00
2017-02-26T00:46:35: 非记录时间：2017-02-26T00:46:35+08:00
2017-02-26T00:46:45: 非记录时间：2017-02-26T00:46:45+08:00
2017-02-26T00:46:55: 非记录时间：2017-02-26T00:46:55+08:00
2017-02-26T00:47:05: 非记录时间：2017-02-26T00:47:05+08:00
2017-02-26T00:47:15: 非记录时间：2017-02-26T00:47:15+08:00
2017-02-26T00:47:25: 非记录时间：2017-02-26T00:47:25+08:00
2017-02-26T00:47:35: 非记录时间：2017-02-26T00:47:35+08:00
2017-02-26T00:47:45: 非记录时间：2017-02-26T00:47:45+08:00
2017-02-26T00:47:55: 非记录时间：2017-02-26T00:47:55+08:00
2017-02-26T00:48:05: 非记录时间：2017-02-26T00:48:05+08:00
2017-02-26T00:48:15: 非记录时间：2017-02-26T00:48:15+08:00
2017-02-26T00:48:25: 非记录时间：2017-02-26T00:48:25+08:00
2017-02-26T00:48:35: 非记录时间：2017-02-26T00:48:35+08:00
2017-02-26T00:48:45: 非记录时间：2017-02-26T00:48:45+08:00
2017-02-26T00:48:55: 非记录时间：2017-02-26T00:48:55+08:00
2017-02-26T00:49:05: 非记录时间：2017-02-26T00:49:05+08:00
2017-02-26T00:49:15: 非记录时间：2017-02-26T00:49:15+08:00
2017-02-26T00:49:25: 非记录时间：2017-02-26T00:49:25+08:00
2017-02-26T00:49:35: 非记录时间：2017-02-26T00:49:35+08:00
2017-02-26T00:49:45: 非记录时间：2017-02-26T00:49:45+08:00
2017-02-26T00:49:55: 非记录时间：2017-02-26T00:49:55+08:00
2017-02-26T00:50:05: 非记录时间：2017-02-26T00:50:05+08:00
2017-02-26T00:50:15: 非记录时间：2017-02-26T00:50:15+08:00
2017-02-26T00:50:25: 非记录时间：2017-02-26T00:50:25+08:00
2017-02-26T00:50:35: 非记录时间：2017-02-26T00:50:35+08:00
2017-02-26T00:50:45: 非记录时间：2017-02-26T00:50:45+08:00
2017-02-26T00:50:55: 非记录时间：2017-02-26T00:50:55+08:00
2017-02-26T00:51:05: 非记录时间：2017-02-26T00:51:05+08:00
2017-02-26T00:51:15: 非记录时间：2017-02-26T00:51:15+08:00
2017-02-26T00:51:25: 非记录时间：2017-02-26T00:51:25+08:00
2017-02-26T00:51:35: 非记录时间：2017-02-26T00:51:35+08:00
2017-02-26T00:51:45: 非记录时间：2017-02-26T00:51:45+08:00
2017-02-26T00:51:55: 非记录时间：2017-02-26T00:51:55+08:00
2017-02-26T00:52:05: 非记录时间：2017-02-26T00:52:05+08:00
2017-02-26T00:52:15: 非记录时间：2017-02-26T00:52:15+08:00
2017-02-26T00:52:25: 非记录时间：2017-02-26T00:52:25+08:00
2017-02-26T00:52:35: 非记录时间：2017-02-26T00:52:35+08:00
2017-02-26T00:52:45: 非记录时间：2017-02-26T00:52:45+08:00
2017-02-26T00:52:55: 非记录时间：2017-02-26T00:52:55+08:00
2017-02-26T00:53:05: 非记录时间：2017-02-26T00:53:05+08:00
2017-02-26T00:53:15: 非记录时间：2017-02-26T00:53:15+08:00
2017-02-26T00:53:25: 非记录时间：2017-02-26T00:53:25+08:00
2017-02-26T00:53:35: 非记录时间：2017-02-26T00:53:35+08:00
2017-02-26T00:53:45: 非记录时间：2017-02-26T00:53:45+08:00
2017-02-26T00:53:55: 非记录时间：2017-02-26T00:53:55+08:00
2017-02-26T00:54:05: 非记录时间：2017-02-26T00:54:05+08:00
2017-02-26T00:54:15: 非记录时间：2017-02-26T00:54:15+08:00
2017-02-26T00:54:25: 非记录时间：2017-02-26T00:54:25+08:00
2017-02-26T00:54:35: 非记录时间：2017-02-26T00:54:35+08:00
2017-02-26T00:54:45: 非记录时间：2017-02-26T00:54:45+08:00
2017-02-26T00:54:55: 非记录时间：2017-02-26T00:54:55+08:00
2017-02-26T00:55:05: 非记录时间：2017-02-26T00:55:05+08:00
2017-02-26T00:55:15: 非记录时间：2017-02-26T00:55:15+08:00
2017-02-26T00:55:25: 非记录时间：2017-02-26T00:55:25+08:00
2017-02-26T00:55:35: 非记录时间：2017-02-26T00:55:35+08:00
2017-02-26T00:55:45: 非记录时间：2017-02-26T00:55:45+08:00
2017-02-26T00:55:55: 非记录时间：2017-02-26T00:55:55+08:00
2017-02-26T00:56:05: 非记录时间：2017-02-26T00:56:05+08:00
2017-02-26T00:56:15: 非记录时间：2017-02-26T00:56:15+08:00
2017-02-26T00:56:25: 非记录时间：2017-02-26T00:56:25+08:00
2017-02-26T00:56:35: 非记录时间：2017-02-26T00:56:35+08:00
2017-02-26T00:56:45: 非记录时间：2017-02-26T00:56:45+08:00
2017-02-26T00:56:55: 非记录时间：2017-02-26T00:56:55+08:00
2017-02-26T00:57:05: 非记录时间：2017-02-26T00:57:05+08:00
2017-02-26T00:57:15: 非记录时间：2017-02-26T00:57:15+08:00
2017-02-26T00:57:25: 非记录时间：2017-02-26T00:57:25+08:00
2017-02-26T00:57:35: 非记录时间：2017-02-26T00:57:35+08:00
2017-02-26T00:57:45: 非记录时间：2017-02-26T00:57:45+08:00
2017-02-26T00:57:55: 非记录时间：2017-02-26T00:57:55+08:00
2017-02-26T00:58:05: 非记录时间：2017-02-26T00:58:05+08:00
2017-02-26T00:58:15: 非记录时间：2017-02-26T00:58:15+08:00
2017-02-26T00:58:25: 非记录时间：2017-02-26T00:58:25+08:00
2017-02-26T00:58:35: 非记录时间：2017-02-26T00:58:35+08:00
2017-02-26T00:58:45: 非记录时间：2017-02-26T00:58:45+08:00
2017-02-26T00:58:55: 非记录时间：2017-02-26T00:58:55+08:00
2017-02-26T00:59:05: 非记录时间：2017-02-26T00:59:05+08:00
2017-02-26T00:59:15: 非记录时间：2017-02-26T00:59:15+08:00
2017-02-26T00:59:25: 非记录时间：2017-02-26T00:59:25+08:00
2017-02-26T00:59:35: 非记录时间：2017-02-26T00:59:35+08:00
2017-02-26T00:59:45: 非记录时间：2017-02-26T00:59:45+08:00
2017-02-26T00:59:55: 非记录时间：2017-02-26T00:59:55+08:00
2017-02-26T01:00:05: 非记录时间：2017-02-26T01:00:05+08:00
2017-02-26T01:00:15: 非记录时间：2017-02-26T01:00:15+08:00
2017-02-26T01:00:25: 非记录时间：2017-02-26T01:00:25+08:00
2017-02-26T01:00:35: 非记录时间：2017-02-26T01:00:35+08:00
2017-02-26T01:00:45: 非记录时间：2017-02-26T01:00:45+08:00
2017-02-26T01:00:55: 非记录时间：2017-02-26T01:00:55+08:00
2017-02-26T01:01:05: 非记录时间：2017-02-26T01:01:05+08:00
2017-02-26T01:01:15: 非记录时间：2017-02-26T01:01:15+08:00
2017-02-26T01:01:25: 非记录时间：2017-02-26T01:01:25+08:00
2017-02-26T01:01:35: 非记录时间：2017-02-26T01:01:35+08:00
2017-02-26T01:01:45: 非记录时间：2017-02-26T01:01:45+08:00
2017-02-26T01:01:55: 非记录时间：2017-02-26T01:01:55+08:00
2017-02-26T01:02:05: 非记录时间：2017-02-26T01:02:05+08:00
2017-02-26T01:02:15: 非记录时间：2017-02-26T01:02:15+08:00
2017-02-26T01:02:25: 非记录时间：2017-02-26T01:02:25+08:00
2017-02-26T01:02:35: 非记录时间：2017-02-26T01:02:35+08:00
2017-02-26T01:02:45: 非记录时间：2017-02-26T01:02:45+08:00
2017-02-26T01:02:55: 非记录时间：2017-02-26T01:02:55+08:00
2017-02-26T01:03:05: 非记录时间：2017-02-26T01:03:05+08:00
2017-02-26T01:03:15: 非记录时间：2017-02-26T01:03:15+08:00
2017-02-26T01:03:25: 非记录时间：2017-02-26T01:03:25+08:00
2017-02-26T01:03:35: 非记录时间：2017-02-26T01:03:35+08:00
2017-02-26T01:03:45: 非记录时间：2017-02-26T01:03:45+08:00
2017-02-26T01:03:55: 非记录时间：2017-02-26T01:03:55+08:00
2017-02-26T01:04:05: 非记录时间：2017-02-26T01:04:05+08:00
2017-02-26T01:04:15: 非记录时间：2017-02-26T01:04:15+08:00
2017-02-26T01:04:25: 非记录时间：2017-02-26T01:04:25+08:00
2017-02-26T01:04:35: 非记录时间：2017-02-26T01:04:35+08:00
2017-02-26T01:04:45: 非记录时间：2017-02-26T01:04:45+08:00
2017-02-26T01:04:55: 非记录时间：2017-02-26T01:04:55+08:00
2017-02-26T01:05:05: 非记录时间：2017-02-26T01:05:05+08:00
2017-02-26T01:05:15: 非记录时间：2017-02-26T01:05:15+08:00
2017-02-26T01:05:25: 非记录时间：2017-02-26T01:05:25+08:00
2017-02-26T01:05:35: 非记录时间：2017-02-26T01:05:35+08:00
2017-02-26T01:05:45: 非记录时间：2017-02-26T01:05:45+08:00
2017-02-26T01:05:55: 非记录时间：2017-02-26T01:05:55+08:00
2017-02-26T01:06:05: 非记录时间：2017-02-26T01:06:05+08:00
2017-02-26T01:06:15: 非记录时间：2017-02-26T01:06:15+08:00
2017-02-26T01:06:25: 非记录时间：2017-02-26T01:06:25+08:00
2017-02-26T01:06:35: 非记录时间：2017-02-26T01:06:35+08:00
2017-02-26T01:06:45: 非记录时间：2017-02-26T01:06:45+08:00
2017-02-26T01:06:55: 非记录时间：2017-02-26T01:06:55+08:00
2017-02-26T01:07:05: 非记录时间：2017-02-26T01:07:05+08:00
2017-02-26T01:07:15: 非记录时间：2017-02-26T01:07:15+08:00
2017-02-26T01:07:25: 非记录时间：2017-02-26T01:07:25+08:00
2017-02-26T01:07:35: 非记录时间：2017-02-26T01:07:35+08:00
2017-02-26T01:07:45: 非记录时间：2017-02-26T01:07:45+08:00
2017-02-26T01:07:55: 非记录时间：2017-02-26T01:07:55+08:00
2017-02-26T01:08:05: 非记录时间：2017-02-26T01:08:05+08:00
2017-02-26T01:08:15: 非记录时间：2017-02-26T01:08:15+08:00
2017-02-26T01:08:25: 非记录时间：2017-02-26T01:08:25+08:00
2017-02-26T01:08:35: 非记录时间：2017-02-26T01:08:35+08:00
2017-02-26T01:08:45: 非记录时间：2017-02-26T01:08:45+08:00
2017-02-26T01:08:55: 非记录时间：2017-02-26T01:08:55+08:00
2017-02-26T01:09:05: 非记录时间：2017-02-26T01:09:05+08:00
2017-02-26T01:09:15: 非记录时间：2017-02-26T01:09:15+08:00
2017-02-26T01:09:25: 非记录时间：2017-02-26T01:09:25+08:00
2017-02-26T01:09:35: 非记录时间：2017-02-26T01:09:35+08:00
2017-02-26T01:09:45: 非记录时间：2017-02-26T01:09:45+08:00
2017-02-26T01:09:55: 非记录时间：2017-02-26T01:09:55+08:00
2017-02-26T01:10:05: 非记录时间：2017-02-26T01:10:05+08:00
2017-02-26T01:10:15: 非记录时间：2017-02-26T01:10:15+08:00
2017-02-26T01:10:25: 非记录时间：2017-02-26T01:10:25+08:00
2017-02-26T01:10:35: 非记录时间：2017-02-26T01:10:35+08:00
2017-02-26T01:10:45: 非记录时间：2017-02-26T01:10:45+08:00
2017-02-26T01:10:55: 非记录时间：2017-02-26T01:10:55+08:00
2017-02-26T01:11:06: 读取文件失败，可能是该文件不存在
2017-02-26T01:11:06: Error: ENOENT: no such file or directory, open './data/2017-02-26.json'
2017-02-26T01:11:15: 读取文件成功
2017-02-26T01:11:25: 读取文件成功
2017-02-26T01:11:36: 读取文件成功
2017-02-26T01:11:46: 读取文件成功
2017-02-26T01:11:56: 读取文件成功
2017-02-26T01:12:09: 读取文件成功
2017-02-26T01:12:17: 读取文件成功
2017-02-26T01:12:26: 读取文件成功
2017-02-26T01:12:35: 读取文件成功
2017-02-26T01:12:46: 读取文件成功
2017-02-26T01:12:56: 读取文件成功
2017-02-26T01:13:06: 读取文件成功
2017-02-26T01:13:16: 读取文件成功
2017-02-26T01:13:26: 读取文件成功
2017-02-26T01:13:36: 读取文件成功
2017-02-26T01:13:46: 读取文件成功
2017-02-26T01:13:56: 读取文件成功
2017-02-26T01:14:06: 读取文件成功
2017-02-26T01:14:16: 读取文件成功
2017-02-26T01:14:27: 读取文件成功
2017-02-26T01:14:36: 读取文件成功
2017-02-26T01:14:46: 读取文件成功
2017-02-26T01:14:56: 读取文件成功
2017-02-26T01:15:06: 读取文件成功
2017-02-26T01:15:16: 读取文件成功
2017-02-26T01:15:27: 读取文件成功
2017-02-26T01:15:36: 读取文件成功
2017-02-26T01:15:46: 读取文件成功
2017-02-26T01:15:57: 读取文件成功
2017-02-26T01:16:06: 读取文件成功
2017-02-26T01:16:16: 读取文件成功
2017-02-26T01:16:26: 读取文件成功
2017-02-26T01:16:36: 读取文件成功
2017-02-26T01:16:49: 读取文件成功
2017-02-26T01:16:56: 读取文件成功
2017-02-26T01:17:06: 读取文件成功
2017-02-26T01:17:16: 读取文件成功
2017-02-26T01:17:26: 读取文件成功
2017-02-26T01:17:36: 读取文件成功
2017-02-26T01:17:46: 读取文件成功
2017-02-26T01:17:56: 读取文件成功
2017-02-26T01:18:06: 读取文件成功
2017-02-26T01:18:16: 读取文件成功
2017-02-26T01:18:27: 读取文件成功
2017-02-26T01:18:36: 读取文件成功
2017-02-26T01:18:46: 读取文件成功
2017-02-26T01:18:56: 读取文件成功
2017-02-26T01:19:06: 读取文件成功
2017-02-26T01:19:16: 读取文件成功
2017-02-26T01:19:29: 读取文件成功
2017-02-26T01:19:36: 读取文件成功
2017-02-26T01:19:46: 读取文件成功
2017-02-26T01:19:57: 读取文件成功
2017-02-26T01:20:06: 读取文件成功
2017-02-26T01:20:16: 读取文件成功
2017-02-26T01:20:26: 读取文件成功
2017-02-26T01:20:36: 读取文件成功
2017-02-26T01:20:46: 读取文件成功
2017-02-26T01:20:56: 读取文件成功
2017-02-26T01:21:06: 读取文件成功
2017-02-26T01:21:16: 读取文件成功
2017-02-26T01:21:26: 读取文件成功
2017-02-26T01:21:36: 读取文件成功
2017-02-26T01:21:46: 读取文件成功
2017-02-26T01:21:56: 读取文件成功
2017-02-26T01:22:06: 读取文件成功
2017-02-26T01:22:16: 读取文件成功
2017-02-26T01:22:27: 读取文件成功
2017-02-26T01:22:36: 读取文件成功
2017-02-26T01:22:46: 读取文件成功
2017-02-26T01:22:56: 读取文件成功
2017-02-26T01:23:06: 读取文件成功
2017-02-26T01:23:16: 读取文件成功
2017-02-26T01:23:26: 读取文件成功
2017-02-26T01:23:36: 读取文件成功
2017-02-26T01:23:46: 读取文件成功
2017-02-26T01:23:56: 读取文件成功
2017-02-26T01:24:07: 读取文件成功
2017-02-26T01:24:16: 读取文件成功
2017-02-26T01:24:26: 读取文件成功
2017-02-26T01:24:36: 读取文件成功
2017-02-26T01:24:46: 读取文件成功
2017-02-26T01:24:56: 读取文件成功
2017-02-26T01:25:06: 读取文件成功
2017-02-26T01:25:17: 读取文件成功
2017-02-26T01:25:26: 读取文件成功
2017-02-26T01:25:36: 读取文件成功
2017-02-26T01:25:46: 读取文件成功
2017-02-26T01:25:56: 读取文件成功
2017-02-26T01:26:06: 读取文件成功
2017-02-26T01:26:16: 读取文件成功
2017-02-26T01:26:27: 读取文件成功
2017-02-26T01:26:37: 读取文件成功
2017-02-26T01:26:47: 读取文件成功
2017-02-26T01:26:57: 读取文件成功
2017-02-26T01:27:07: 读取文件成功
2017-02-26T01:27:16: 读取文件成功
2017-02-26T01:27:26: 读取文件成功
2017-02-26T01:27:37: 读取文件成功
2017-02-26T01:27:47: 读取文件成功
2017-02-26T01:27:56: 读取文件成功
2017-02-26T01:28:08: 读取文件成功
2017-02-26T01:28:16: 读取文件成功
2017-02-26T01:28:26: 读取文件成功
2017-02-26T01:28:37: 读取文件成功
2017-02-26T01:28:47: 读取文件成功
2017-02-26T01:28:56: 读取文件成功
2017-02-26T01:29:06: 读取文件成功
2017-02-26T01:29:17: 读取文件成功
2017-02-26T01:29:27: 读取文件成功
2017-02-26T01:29:36: 读取文件成功
2017-02-26T01:29:46: 读取文件成功
2017-02-26T01:29:58: 读取文件成功
2017-02-26T01:30:06: 读取文件成功
2017-02-26T01:30:16: 读取文件成功
2017-02-26T01:30:27: 读取文件成功
2017-02-26T01:30:36: 读取文件成功
2017-02-26T01:30:46: 读取文件成功
2017-02-26T01:30:56: 读取文件成功
2017-02-26T01:31:06: 读取文件成功
2017-02-26T01:31:17: 读取文件成功
2017-02-26T01:31:26: 读取文件成功
2017-02-26T01:31:36: 读取文件成功
2017-02-26T01:31:47: 读取文件成功
2017-02-26T01:31:56: 读取文件成功
2017-02-26T01:32:06: 读取文件成功
2017-02-26T01:32:16: 读取文件成功
2017-02-26T01:32:27: 读取文件成功
2017-02-26T01:32:36: 读取文件成功
2017-02-26T01:32:47: 读取文件成功
2017-02-26T01:32:57: 读取文件成功
2017-02-26T01:33:07: 读取文件成功
2017-02-26T01:33:17: 读取文件成功
2017-02-26T01:33:27: 读取文件成功
2017-02-26T01:33:37: 读取文件成功
2017-02-26T01:33:47: 读取文件成功
2017-02-26T01:33:57: 读取文件成功
2017-02-26T01:34:08: 读取文件成功
2017-02-26T01:34:17: 读取文件成功
2017-02-26T01:34:30: 读取文件成功
2017-02-26T01:34:37: 读取文件成功
2017-02-26T01:34:49: 读取文件成功
2017-02-26T01:34:58: 读取文件成功
2017-02-26T01:35:07: 读取文件成功
2017-02-26T01:35:17: 读取文件成功
2017-02-26T01:35:27: 读取文件成功
2017-02-26T01:35:38: 读取文件成功
2017-02-26T01:35:56: 读取文件成功
2017-02-26T01:36:04: 读取文件成功
2017-02-26T01:36:07: 读取文件成功
2017-02-26T01:36:17: 读取文件成功
2017-02-26T01:36:28: 读取文件成功
2017-02-26T01:36:37: 读取文件成功
2017-02-26T01:36:47: 读取文件成功
2017-02-26T01:36:57: 读取文件成功
2017-02-26T01:37:07: 读取文件成功
2017-02-26T01:37:17: 读取文件成功
2017-02-26T01:37:27: 读取文件成功
2017-02-26T01:37:38: 读取文件成功
2017-02-26T01:37:47: 读取文件成功
2017-02-26T01:37:57: 读取文件成功
2017-02-26T01:38:07: 读取文件成功
2017-02-26T01:38:20: 读取文件成功
2017-02-26T01:38:27: 读取文件成功
2017-02-26T01:38:37: 读取文件成功
2017-02-26T01:38:47: 读取文件成功
2017-02-26T01:38:57: 读取文件成功
2017-02-26T01:39:08: 读取文件成功
2017-02-26T01:39:17: 读取文件成功
2017-02-26T01:39:27: 读取文件成功
2017-02-26T01:39:37: 读取文件成功
2017-02-26T01:39:47: 读取文件成功
2017-02-26T01:39:57: 读取文件成功
2017-02-26T01:40:07: 读取文件成功
2017-02-26T01:40:17: 读取文件成功
2017-02-26T01:40:27: 读取文件成功
2017-02-26T01:40:37: 读取文件成功
2017-02-26T01:40:47: 读取文件成功
2017-02-26T01:40:57: 读取文件成功
2017-02-26T01:41:07: 读取文件成功
2017-02-26T01:41:17: 读取文件成功
2017-02-26T01:41:30: 读取文件成功
2017-02-26T01:41:37: 读取文件成功
2017-02-26T01:41:47: 读取文件成功
2017-02-26T01:41:57: 读取文件成功
2017-02-26T01:42:07: 读取文件成功
2017-02-26T01:42:17: 读取文件成功
2017-02-26T01:42:27: 读取文件成功
2017-02-26T01:42:37: 读取文件成功
2017-02-26T01:42:47: 读取文件成功
2017-02-26T01:42:57: 读取文件成功
2017-02-26T01:43:07: 读取文件成功
2017-02-26T01:43:17: 读取文件成功
2017-02-26T01:43:27: 读取文件成功
2017-02-26T01:43:37: 读取文件成功
2017-02-26T01:43:47: 读取文件成功
2017-02-26T01:43:57: 读取文件成功
2017-02-26T01:44:08: 读取文件成功
2017-02-26T01:44:17: 读取文件成功
2017-02-26T01:44:28: 读取文件成功
2017-02-26T01:44:37: 读取文件成功
2017-02-26T01:44:47: 读取文件成功
2017-02-26T01:44:57: 读取文件成功
2017-02-26T01:45:07: 读取文件成功
2017-02-26T01:45:17: 读取文件成功
2017-02-26T01:45:27: 读取文件成功
2017-02-26T01:45:37: 读取文件成功
2017-02-26T01:45:47: 读取文件成功
2017-02-26T01:45:57: 读取文件成功
2017-02-26T01:46:07: 读取文件成功
2017-02-26T01:46:18: 读取文件成功
2017-02-26T01:46:27: 读取文件成功
2017-02-26T01:46:37: 读取文件成功
2017-02-26T01:46:47: 读取文件成功
2017-02-26T01:46:57: 读取文件成功
2017-02-26T01:47:07: 读取文件成功
2017-02-26T01:47:17: 读取文件成功
2017-02-26T01:47:27: 读取文件成功
2017-02-26T01:47:37: 读取文件成功
2017-02-26T01:47:47: 读取文件成功
2017-02-26T01:47:57: 读取文件成功
2017-02-26T01:48:07: 读取文件成功
2017-02-26T01:48:17: 读取文件成功
2017-02-26T01:48:27: 读取文件成功
2017-02-26T01:48:37: 读取文件成功
2017-02-26T01:48:47: 读取文件成功
2017-02-26T01:48:57: 读取文件成功
2017-02-26T01:49:08: 读取文件成功
2017-02-26T01:49:17: 读取文件成功
2017-02-26T01:49:27: 读取文件成功
2017-02-26T01:49:38: 读取文件成功
2017-02-26T01:49:47: 读取文件成功
2017-02-26T01:49:57: 读取文件成功
2017-02-26T01:50:07: 读取文件成功
2017-02-26T01:50:18: 读取文件成功
2017-02-26T01:50:27: 读取文件成功
2017-02-26T01:50:37: 读取文件成功
2017-02-26T01:50:47: 读取文件成功
2017-02-26T01:50:57: 读取文件成功
2017-02-26T01:51:07: 读取文件成功
2017-02-26T01:51:18: 读取文件成功
2017-02-26T01:51:28: 读取文件成功
2017-02-26T01:51:38: 读取文件成功
2017-02-26T01:51:48: 读取文件成功
2017-02-26T01:51:58: 读取文件成功
2017-02-26T01:52:08: 读取文件成功
2017-02-26T01:52:18: 读取文件成功
2017-02-26T01:52:28: 读取文件成功
2017-02-26T01:52:38: 读取文件成功
2017-02-26T01:52:48: 读取文件成功
2017-02-26T01:52:58: 读取文件成功
2017-02-26T01:53:08: 读取文件成功
2017-02-26T01:53:18: 读取文件成功
2017-02-26T01:53:29: 读取文件成功
2017-02-26T01:53:38: 读取文件成功
2017-02-26T01:53:48: 读取文件成功
2017-02-26T01:53:58: 读取文件成功
2017-02-26T01:54:08: 读取文件成功
2017-02-26T01:54:18: 读取文件成功
2017-02-26T01:54:28: 读取文件成功
2017-02-26T01:54:38: 读取文件成功
2017-02-26T01:54:48: 读取文件成功
2017-02-26T01:54:58: 读取文件成功
2017-02-26T01:55:08: 读取文件成功
2017-02-26T01:55:18: 读取文件成功
2017-02-26T01:55:28: 读取文件成功
2017-02-26T01:55:38: 读取文件成功
2017-02-26T01:55:48: 读取文件成功
2017-02-26T01:55:58: 读取文件成功
2017-02-26T01:56:08: 读取文件成功
2017-02-26T01:56:18: 读取文件成功
2017-02-26T01:56:28: 读取文件成功
2017-02-26T01:56:38: 读取文件成功
2017-02-26T01:56:48: 读取文件成功
2017-02-26T01:56:58: 读取文件成功
2017-02-26T01:57:08: 读取文件成功
2017-02-26T01:57:18: 读取文件成功
2017-02-26T01:57:28: 读取文件成功
2017-02-26T01:57:38: 读取文件成功
2017-02-26T01:57:48: 读取文件成功
2017-02-26T01:57:58: 读取文件成功
2017-02-26T01:58:08: 读取文件成功
2017-02-26T01:58:18: 读取文件成功
2017-02-26T01:58:28: 读取文件成功
2017-02-26T01:58:38: 读取文件成功
2017-02-26T01:58:48: 读取文件成功
2017-02-26T01:58:58: 读取文件成功
2017-02-26T01:59:08: 读取文件成功
2017-02-26T01:59:18: 读取文件成功
2017-02-26T01:59:28: 读取文件成功
2017-02-26T01:59:38: 读取文件成功
2017-02-26T01:59:48: 读取文件成功
2017-02-26T01:59:58: 读取文件成功
2017-02-26T02:00:08: 读取文件成功
2017-02-26T02:00:18: 读取文件成功
2017-02-26T02:00:28: 读取文件成功
2017-02-26T02:00:38: 读取文件成功
2017-02-26T02:00:48: 读取文件成功
2017-02-26T02:00:58: 读取文件成功
2017-02-26T02:01:08: 读取文件成功
2017-02-26T02:01:18: 读取文件成功
2017-02-26T02:01:28: 读取文件成功
2017-02-26T02:01:38: 读取文件成功
2017-02-26T02:01:48: 读取文件成功
2017-02-26T02:01:58: 读取文件成功
2017-02-26T02:02:08: 读取文件成功
2017-02-26T02:02:18: 读取文件成功
2017-02-26T02:02:28: 读取文件成功
2017-02-26T02:02:38: 读取文件成功
2017-02-26T02:02:48: 读取文件成功
2017-02-26T02:02:58: 读取文件成功
2017-02-26T02:03:08: 读取文件成功
2017-02-26T02:03:19: 读取文件成功
2017-02-26T02:03:28: 读取文件成功
2017-02-26T02:03:38: 读取文件成功
2017-02-26T02:03:48: 读取文件成功
2017-02-26T02:03:58: 读取文件成功
2017-02-26T02:04:08: 读取文件成功
2017-02-26T02:04:18: 读取文件成功
2017-02-26T02:04:28: 读取文件成功
2017-02-26T02:04:39: 读取文件成功
2017-02-26T02:04:48: 读取文件成功
2017-02-26T02:04:58: 读取文件成功
2017-02-26T02:05:08: 读取文件成功
2017-02-26T02:05:18: 读取文件成功
2017-02-26T02:05:28: 读取文件成功
2017-02-26T02:05:38: 读取文件成功
2017-02-26T02:05:48: 读取文件成功
2017-02-26T02:05:58: 读取文件成功
2017-02-26T02:06:08: 读取文件成功
2017-02-26T02:06:18: 读取文件成功
2017-02-26T02:06:28: 读取文件成功
2017-02-26T02:06:38: 读取文件成功
2017-02-26T02:06:48: 读取文件成功
2017-02-26T02:06:59: 读取文件成功
2017-02-26T02:07:08: 读取文件成功
2017-02-26T02:07:19: 读取文件成功
2017-02-26T02:07:29: 读取文件成功
2017-02-26T02:07:51: 读取文件成功
2017-02-26T02:07:59: 读取文件成功
2017-02-26T02:08:02: 读取文件成功
2017-02-26T02:08:09: 读取文件成功
2017-02-26T02:08:19: 读取文件成功
2017-02-26T02:08:29: 读取文件成功
2017-02-26T02:08:39: 读取文件成功
2017-02-26T02:08:49: 读取文件成功
2017-02-26T02:08:59: 读取文件成功
2017-02-26T02:09:09: 读取文件成功
2017-02-26T02:09:19: 读取文件成功
2017-02-26T02:09:29: 读取文件成功
2017-02-26T02:09:39: 读取文件成功
2017-02-26T02:09:49: 读取文件成功
2017-02-26T02:09:59: 读取文件成功
2017-02-26T02:10:09: 读取文件成功
2017-02-26T02:10:20: 读取文件成功
2017-02-26T02:10:29: 读取文件成功
2017-02-26T02:10:46: 读取文件成功
2017-02-26T02:10:49: 读取文件成功
2017-02-26T02:10:59: 读取文件成功
2017-02-26T02:11:14: 读取文件成功
2017-02-26T02:11:21: 读取文件成功
2017-02-26T02:11:29: 读取文件成功
2017-02-26T02:11:44: 读取文件成功
2017-02-26T02:11:49: 读取文件成功
2017-02-26T02:12:03: 读取文件成功
2017-02-26T02:12:09: 读取文件成功
2017-02-26T02:12:19: 读取文件成功
2017-02-26T02:12:31: 读取文件成功
2017-02-26T02:12:39: 读取文件成功
2017-02-26T02:12:53: 读取文件成功
2017-02-26T02:13:04: 读取文件成功
2017-02-26T02:13:09: 读取文件成功
2017-02-26T02:13:20: 读取文件成功
2017-02-26T02:13:30: 读取文件成功
2017-02-26T02:13:50: 读取文件成功
2017-02-26T02:13:59: 读取文件成功
2017-02-26T02:13:59: 读取文件成功
2017-02-26T02:14:09: 读取文件成功
2017-02-26T02:14:19: 读取文件成功
2017-02-26T02:14:29: 读取文件成功
2017-02-26T02:14:39: 读取文件成功
2017-02-26T02:14:49: 读取文件成功
2017-02-26T02:14:59: 读取文件成功
2017-02-26T02:15:09: 读取文件成功
2017-02-26T02:15:19: 读取文件成功
2017-02-26T02:15:29: 读取文件成功
2017-02-26T02:15:39: 读取文件成功
2017-02-26T02:15:50: 读取文件成功
2017-02-26T02:15:59: 读取文件成功
2017-02-26T02:16:09: 读取文件成功
2017-02-26T02:16:19: 读取文件成功
2017-02-26T02:16:29: 读取文件成功
2017-02-26T02:16:39: 读取文件成功
2017-02-26T02:16:49: 读取文件成功
2017-02-26T02:16:59: 读取文件成功
2017-02-26T02:17:09: 读取文件成功
2017-02-26T02:17:19: 读取文件成功
2017-02-26T02:17:29: 读取文件成功
2017-02-26T02:17:40: 读取文件成功
2017-02-26T02:17:49: 读取文件成功
2017-02-26T02:17:59: 读取文件成功
2017-02-26T02:18:09: 读取文件成功
2017-02-26T02:18:19: 读取文件成功
2017-02-26T02:18:29: 读取文件成功
2017-02-26T02:18:39: 读取文件成功
2017-02-26T02:18:49: 读取文件成功
2017-02-26T02:18:59: 读取文件成功
2017-02-26T02:19:09: 读取文件成功
2017-02-26T02:19:19: 读取文件成功
2017-02-26T02:19:29: 读取文件成功
2017-02-26T02:19:39: 读取文件成功
2017-02-26T02:19:49: 读取文件成功
2017-02-26T02:19:59: 读取文件成功
2017-02-26T02:20:09: 读取文件成功
2017-02-26T02:20:19: 读取文件成功
2017-02-26T02:20:30: 读取文件成功
2017-02-26T02:20:39: 读取文件成功
2017-02-26T02:20:49: 读取文件成功
2017-02-26T02:20:59: 读取文件成功
2017-02-26T02:21:09: 读取文件成功
2017-02-26T02:21:20: 读取文件成功
2017-02-26T02:21:29: 读取文件成功
2017-02-26T02:21:39: 读取文件成功
2017-02-26T02:21:49: 读取文件成功
2017-02-26T02:21:59: 读取文件成功
2017-02-26T02:22:09: 读取文件成功
2017-02-26T02:22:20: 读取文件成功
2017-02-26T02:22:29: 读取文件成功
2017-02-26T02:22:39: 读取文件成功
2017-02-26T02:22:49: 读取文件成功
2017-02-26T02:23:00: 读取文件成功
2017-02-26T02:23:09: 读取文件成功
2017-02-26T02:23:19: 读取文件成功
2017-02-26T02:23:29: 读取文件成功
2017-02-26T02:23:39: 读取文件成功
2017-02-26T02:23:49: 读取文件成功
2017-02-26T02:24:00: 读取文件成功
2017-02-26T02:24:09: 读取文件成功
2017-02-26T02:24:19: 读取文件成功
2017-02-26T02:24:29: 读取文件成功
2017-02-26T02:24:39: 读取文件成功
2017-02-26T02:24:49: 读取文件成功
2017-02-26T02:24:59: 读取文件成功
2017-02-26T02:25:10: 读取文件成功
2017-02-26T02:25:20: 读取文件成功
2017-02-26T02:25:30: 读取文件成功
2017-02-26T02:25:40: 读取文件成功
2017-02-26T02:25:50: 读取文件成功
2017-02-26T02:26:00: 读取文件成功
2017-02-26T02:26:10: 读取文件成功
2017-02-26T02:26:20: 读取文件成功
2017-02-26T02:26:30: 读取文件成功
2017-02-26T02:26:40: 读取文件成功
2017-02-26T02:26:50: 读取文件成功
2017-02-26T02:27:00: 读取文件成功
2017-02-26T02:27:10: 读取文件成功
2017-02-26T02:27:20: 读取文件成功
2017-02-26T02:27:30: 读取文件成功
2017-02-26T02:27:40: 读取文件成功
2017-02-26T02:27:50: 读取文件成功
2017-02-26T02:28:00: 读取文件成功
2017-02-26T02:28:10: 读取文件成功
2017-02-26T02:28:20: 读取文件成功
2017-02-26T02:28:30: 读取文件成功
2017-02-26T02:28:40: 读取文件成功
2017-02-26T02:28:50: 读取文件成功
2017-02-26T02:29:00: 读取文件成功
2017-02-26T02:29:10: 读取文件成功
2017-02-26T02:29:20: 读取文件成功
2017-02-26T02:29:30: 读取文件成功
2017-02-26T02:29:40: 读取文件成功
2017-02-26T02:29:50: 读取文件成功
2017-02-26T02:30:00: 读取文件成功
2017-02-26T02:30:10: 读取文件成功
2017-02-26T02:30:20: 读取文件成功
2017-02-26T02:30:30: 读取文件成功
2017-02-26T02:30:40: 读取文件成功
2017-02-26T02:30:50: 读取文件成功
2017-02-26T02:31:00: 读取文件成功
2017-02-26T02:31:10: 读取文件成功
2017-02-26T02:31:21: 读取文件成功
2017-02-26T02:31:30: 读取文件成功
2017-02-26T02:31:40: 读取文件成功
2017-02-26T02:31:50: 读取文件成功
2017-02-26T02:32:00: 读取文件成功
2017-02-26T02:32:10: 读取文件成功
2017-02-26T02:32:20: 读取文件成功
2017-02-26T02:32:30: 读取文件成功
2017-02-26T02:32:40: 读取文件成功
2017-02-26T02:32:50: 读取文件成功
2017-02-26T02:33:00: 读取文件成功
2017-02-26T02:33:10: 读取文件成功
2017-02-26T02:33:20: 读取文件成功
2017-02-26T02:33:30: 读取文件成功
2017-02-26T02:33:40: 读取文件成功
2017-02-26T02:33:50: 读取文件成功
2017-02-26T02:34:00: 读取文件成功
2017-02-26T02:34:10: 读取文件成功
2017-02-26T02:34:20: 读取文件成功
2017-02-26T02:34:30: 读取文件成功
2017-02-26T02:34:40: 读取文件成功
2017-02-26T02:34:50: 读取文件成功
2017-02-26T02:35:00: 读取文件成功
2017-02-26T02:35:10: 读取文件成功
2017-02-26T02:35:20: 读取文件成功
2017-02-26T02:35:30: 读取文件成功
2017-02-26T02:35:40: 读取文件成功
2017-02-26T02:35:50: 读取文件成功
2017-02-26T02:36:00: 读取文件成功
2017-02-26T02:36:10: 读取文件成功
2017-02-26T02:36:20: 读取文件成功
2017-02-26T02:36:30: 读取文件成功
2017-02-26T02:36:40: 读取文件成功
2017-02-26T02:36:50: 读取文件成功
2017-02-26T02:37:00: 读取文件成功
2017-02-26T02:37:10: 读取文件成功
2017-02-26T02:37:20: 读取文件成功
2017-02-26T02:37:30: 读取文件成功
2017-02-26T02:37:40: 读取文件成功
2017-02-26T02:37:50: 读取文件成功
2017-02-26T02:38:00: 读取文件成功
2017-02-26T02:38:10: 读取文件成功
2017-02-26T02:38:20: 读取文件成功
2017-02-26T02:38:30: 读取文件成功
2017-02-26T02:38:40: 读取文件成功
2017-02-26T02:38:51: 读取文件成功
2017-02-26T02:39:00: 读取文件成功
2017-02-26T02:39:10: 读取文件成功
2017-02-26T02:39:21: 读取文件成功
2017-02-26T02:39:30: 读取文件成功
2017-02-26T02:39:40: 读取文件成功
2017-02-26T02:39:50: 读取文件成功
2017-02-26T02:40:00: 读取文件成功
2017-02-26T02:40:11: 读取文件成功
2017-02-26T02:40:20: 读取文件成功
2017-02-26T02:40:31: 读取文件成功
2017-02-26T02:40:40: 读取文件成功
2017-02-26T02:40:50: 读取文件成功
2017-02-26T02:41:00: 读取文件成功
2017-02-26T02:41:10: 读取文件成功
2017-02-26T02:41:21: 读取文件成功
2017-02-26T02:41:30: 读取文件成功
2017-02-26T02:41:40: 读取文件成功
2017-02-26T02:41:50: 读取文件成功
2017-02-26T02:42:00: 读取文件成功
2017-02-26T02:42:10: 读取文件成功
2017-02-26T02:42:20: 读取文件成功
2017-02-26T02:42:30: 读取文件成功
2017-02-26T02:42:40: 读取文件成功
2017-02-26T02:42:51: 读取文件成功
2017-02-26T02:43:01: 读取文件成功
2017-02-26T02:43:11: 读取文件成功
2017-02-26T02:43:21: 读取文件成功
2017-02-26T02:43:31: 读取文件成功
2017-02-26T02:43:41: 读取文件成功
2017-02-26T02:43:51: 读取文件成功
2017-02-26T02:44:01: 读取文件成功
2017-02-26T02:44:11: 读取文件成功
2017-02-26T02:44:21: 读取文件成功
2017-02-26T02:44:31: 读取文件成功
2017-02-26T02:44:41: 读取文件成功
2017-02-26T02:44:52: 读取文件成功
2017-02-26T02:45:01: 读取文件成功
2017-02-26T02:45:11: 读取文件成功
2017-02-26T02:45:21: 读取文件成功
2017-02-26T02:45:31: 读取文件成功
2017-02-26T02:45:41: 读取文件成功
2017-02-26T02:45:51: 读取文件成功
2017-02-26T02:46:01: 读取文件成功
2017-02-26T02:46:11: 读取文件成功
2017-02-26T02:46:21: 读取文件成功
2017-02-26T02:46:32: 读取文件成功
2017-02-26T02:46:41: 读取文件成功
2017-02-26T02:46:51: 读取文件成功
2017-02-26T02:47:01: 读取文件成功
2017-02-26T02:47:11: 读取文件成功
2017-02-26T02:47:21: 读取文件成功
2017-02-26T02:47:31: 读取文件成功
2017-02-26T02:47:41: 读取文件成功
2017-02-26T02:47:51: 读取文件成功
2017-02-26T02:48:01: 读取文件成功
2017-02-26T02:48:11: 读取文件成功
2017-02-26T02:48:21: 读取文件成功
2017-02-26T02:48:32: 读取文件成功
2017-02-26T02:48:41: 读取文件成功
2017-02-26T02:48:51: 读取文件成功
2017-02-26T02:49:01: 读取文件成功
2017-02-26T02:49:11: 读取文件成功
2017-02-26T02:49:21: 读取文件成功
2017-02-26T02:49:31: 读取文件成功
2017-02-26T02:49:41: 读取文件成功
2017-02-26T02:49:51: 读取文件成功
2017-02-26T02:50:01: 读取文件成功
2017-02-26T02:50:11: 读取文件成功
2017-02-26T02:50:21: 读取文件成功
2017-02-26T02:50:31: 读取文件成功
2017-02-26T02:50:41: 读取文件成功
2017-02-26T02:50:51: 读取文件成功
2017-02-26T02:51:01: 读取文件成功
2017-02-26T02:51:11: 读取文件成功
2017-02-26T02:51:21: 读取文件成功
2017-02-26T02:51:31: 读取文件成功
2017-02-26T02:51:41: 读取文件成功
2017-02-26T02:51:51: 读取文件成功
2017-02-26T02:52:01: 读取文件成功
2017-02-26T02:52:11: 读取文件成功
2017-02-26T02:52:21: 读取文件成功
2017-02-26T02:52:31: 读取文件成功
2017-02-26T02:52:41: 读取文件成功
2017-02-26T02:52:51: 读取文件成功
2017-02-26T02:53:02: 读取文件成功
2017-02-26T02:53:14: 读取文件成功
2017-02-26T02:53:22: 读取文件成功
2017-02-26T02:53:31: 读取文件成功
2017-02-26T02:53:41: 读取文件成功
2017-02-26T02:53:51: 读取文件成功
2017-02-26T02:54:01: 读取文件成功
2017-02-26T02:54:11: 读取文件成功
2017-02-26T02:54:21: 读取文件成功
2017-02-26T02:54:31: 读取文件成功
2017-02-26T02:54:42: 读取文件成功
2017-02-26T02:54:52: 读取文件成功
2017-02-26T02:55:01: 读取文件成功
2017-02-26T02:55:12: 读取文件成功
2017-02-26T02:55:21: 读取文件成功
2017-02-26T02:55:31: 读取文件成功
2017-02-26T02:55:42: 读取文件成功
2017-02-26T02:55:51: 读取文件成功
2017-02-26T02:56:01: 读取文件成功
2017-02-26T02:56:11: 读取文件成功
2017-02-26T02:56:21: 读取文件成功
2017-02-26T02:56:31: 读取文件成功
2017-02-26T02:56:41: 读取文件成功
2017-02-26T02:56:51: 读取文件成功
2017-02-26T02:57:01: 读取文件成功
2017-02-26T02:57:11: 读取文件成功
2017-02-26T02:57:21: 读取文件成功
2017-02-26T02:57:32: 读取文件成功
2017-02-26T02:57:42: 读取文件成功
2017-02-26T02:57:51: 读取文件成功
2017-02-26T02:58:01: 读取文件成功
2017-02-26T02:58:11: 读取文件成功
2017-02-26T02:58:21: 读取文件成功
2017-02-26T02:58:31: 读取文件成功
2017-02-26T02:58:41: 读取文件成功
2017-02-26T02:58:51: 读取文件成功
2017-02-26T02:59:02: 读取文件成功
2017-02-26T02:59:12: 读取文件成功
2017-02-26T02:59:22: 读取文件成功
2017-02-26T02:59:32: 读取文件成功
2017-02-26T02:59:42: 读取文件成功
2017-02-26T02:59:52: 读取文件成功
2017-02-26T03:00:02: 读取文件成功
2017-02-26T03:00:12: 读取文件成功
2017-02-26T03:00:22: 读取文件成功
2017-02-26T03:00:32: 读取文件成功
2017-02-26T03:00:42: 读取文件成功
2017-02-26T03:00:52: 读取文件成功
2017-02-26T03:01:02: 读取文件成功
2017-02-26T03:01:12: 读取文件成功
2017-02-26T03:01:22: 读取文件成功
2017-02-26T03:01:32: 读取文件成功
2017-02-26T03:01:42: 读取文件成功
2017-02-26T03:01:52: 读取文件成功
2017-02-26T03:02:02: 读取文件成功
2017-02-26T03:02:12: 读取文件成功
2017-02-26T03:02:22: 读取文件成功
2017-02-26T03:02:32: 读取文件成功
2017-02-26T03:02:42: 读取文件成功
2017-02-26T03:02:52: 读取文件成功
2017-02-26T03:03:04: 读取文件成功
2017-02-26T03:03:12: 读取文件成功
2017-02-26T03:03:22: 读取文件成功
2017-02-26T03:03:32: 读取文件成功
2017-02-26T03:03:42: 读取文件成功
2017-02-26T03:03:52: 读取文件成功
2017-02-26T03:04:02: 读取文件成功
2017-02-26T03:04:12: 读取文件成功
2017-02-26T03:04:22: 读取文件成功
2017-02-26T03:04:32: 读取文件成功
2017-02-26T03:04:42: 读取文件成功
2017-02-26T03:04:52: 读取文件成功
2017-02-26T03:05:02: 读取文件成功
2017-02-26T03:05:12: 读取文件成功
2017-02-26T03:05:22: 读取文件成功
2017-02-26T03:05:32: 读取文件成功
2017-02-26T03:05:42: 读取文件成功
2017-02-26T03:05:52: 读取文件成功
2017-02-26T03:06:02: 读取文件成功
2017-02-26T03:06:12: 读取文件成功
2017-02-26T03:06:23: 读取文件成功
2017-02-26T03:06:32: 读取文件成功
2017-02-26T03:06:42: 读取文件成功
2017-02-26T03:06:52: 读取文件成功
2017-02-26T03:07:02: 读取文件成功
2017-02-26T03:07:12: 读取文件成功
2017-02-26T03:07:22: 读取文件成功
2017-02-26T03:07:32: 读取文件成功
2017-02-26T03:07:42: 读取文件成功
2017-02-26T03:07:53: 读取文件成功
2017-02-26T03:08:02: 读取文件成功
2017-02-26T03:08:12: 读取文件成功
2017-02-26T03:08:23: 读取文件成功
2017-02-26T03:08:32: 读取文件成功
2017-02-26T03:08:42: 读取文件成功
2017-02-26T03:08:52: 读取文件成功
2017-02-26T03:09:02: 读取文件成功
2017-02-26T03:09:12: 读取文件成功
2017-02-26T03:09:22: 读取文件成功
2017-02-26T03:09:32: 读取文件成功
2017-02-26T03:09:42: 读取文件成功
2017-02-26T03:09:52: 读取文件成功
2017-02-26T03:10:02: 读取文件成功
2017-02-26T03:10:12: 读取文件成功
2017-02-26T03:10:23: 读取文件成功
2017-02-26T03:10:32: 读取文件成功
2017-02-26T03:10:42: 读取文件成功
2017-02-26T03:10:52: 读取文件成功
2017-02-26T03:11:02: 读取文件成功
2017-02-26T03:11:12: 读取文件成功
2017-02-26T03:11:22: 读取文件成功
2017-02-26T03:11:32: 读取文件成功
2017-02-26T03:11:42: 读取文件成功
2017-02-26T03:11:52: 读取文件成功
2017-02-26T03:12:02: 读取文件成功
2017-02-26T03:12:13: 读取文件成功
2017-02-26T03:12:22: 读取文件成功
2017-02-26T03:12:32: 读取文件成功
2017-02-26T03:12:42: 读取文件成功
2017-02-26T03:12:52: 读取文件成功
2017-02-26T03:13:02: 读取文件成功
2017-02-26T03:13:12: 读取文件成功
2017-02-26T03:13:22: 读取文件成功
2017-02-26T03:13:32: 读取文件成功
2017-02-26T03:13:42: 读取文件成功
2017-02-26T03:13:52: 读取文件成功
2017-02-26T03:14:02: 读取文件成功
2017-02-26T03:14:12: 读取文件成功
2017-02-26T03:14:23: 读取文件成功
2017-02-26T03:14:32: 读取文件成功
2017-02-26T03:14:42: 读取文件成功
2017-02-26T03:14:52: 读取文件成功
2017-02-26T03:15:03: 读取文件成功
2017-02-26T03:15:13: 读取文件成功
2017-02-26T03:15:23: 读取文件成功
2017-02-26T03:15:33: 读取文件成功
2017-02-26T03:15:43: 读取文件成功
2017-02-26T03:15:53: 读取文件成功
2017-02-26T03:16:03: 读取文件成功
2017-02-26T03:16:13: 读取文件成功
2017-02-26T03:16:23: 读取文件成功
2017-02-26T03:16:33: 读取文件成功
2017-02-26T03:16:43: 读取文件成功
2017-02-26T03:16:53: 读取文件成功
2017-02-26T03:17:03: 读取文件成功
2017-02-26T03:17:13: 读取文件成功
2017-02-26T03:17:23: 读取文件成功
2017-02-26T03:17:33: 读取文件成功
2017-02-26T03:17:43: 读取文件成功
2017-02-26T03:17:53: 读取文件成功
2017-02-26T03:18:03: 读取文件成功
2017-02-26T03:18:13: 读取文件成功
2017-02-26T03:18:23: 读取文件成功
2017-02-26T03:18:33: 读取文件成功
2017-02-26T03:18:43: 读取文件成功
2017-02-26T03:18:53: 读取文件成功
2017-02-26T03:19:03: 读取文件成功
2017-02-26T03:19:13: 读取文件成功
2017-02-26T03:19:23: 读取文件成功
2017-02-26T03:19:33: 读取文件成功
2017-02-26T03:19:44: 读取文件成功
2017-02-26T03:19:53: 读取文件成功
2017-02-26T03:20:03: 读取文件成功
2017-02-26T03:20:13: 读取文件成功
2017-02-26T03:20:23: 读取文件成功
2017-02-26T03:20:33: 读取文件成功
2017-02-26T03:20:43: 读取文件成功
2017-02-26T03:20:53: 读取文件成功
2017-02-26T03:21:03: 读取文件成功
2017-02-26T03:21:13: 读取文件成功
2017-02-26T03:21:23: 读取文件成功
2017-02-26T03:21:33: 读取文件成功
2017-02-26T03:21:43: 读取文件成功
2017-02-26T03:21:53: 读取文件成功
2017-02-26T03:22:03: 读取文件成功
2017-02-26T03:22:13: 读取文件成功
2017-02-26T03:22:23: 读取文件成功
2017-02-26T03:22:33: 读取文件成功
2017-02-26T03:22:43: 读取文件成功
2017-02-26T03:22:53: 读取文件成功
2017-02-26T03:23:03: 读取文件成功
2017-02-26T03:23:13: 读取文件成功
2017-02-26T03:23:23: 读取文件成功
2017-02-26T03:23:33: 读取文件成功
2017-02-26T03:23:43: 读取文件成功
2017-02-26T03:23:53: 读取文件成功
2017-02-26T03:24:03: 读取文件成功
2017-02-26T03:24:13: 读取文件成功
2017-02-26T03:24:23: 读取文件成功
2017-02-26T03:24:33: 读取文件成功
2017-02-26T03:24:43: 读取文件成功
2017-02-26T03:24:53: 读取文件成功
2017-02-26T03:25:03: 读取文件成功
2017-02-26T03:25:13: 读取文件成功
2017-02-26T03:25:23: 读取文件成功
2017-02-26T03:25:33: 读取文件成功
2017-02-26T03:25:43: 读取文件成功
2017-02-26T03:25:53: 读取文件成功
2017-02-26T03:26:04: 读取文件成功
2017-02-26T03:26:13: 读取文件成功
2017-02-26T03:26:23: 读取文件成功
2017-02-26T03:26:33: 读取文件成功
2017-02-26T03:26:43: 读取文件成功
2017-02-26T03:26:53: 读取文件成功
2017-02-26T03:27:03: 读取文件成功
2017-02-26T03:27:13: 读取文件成功
2017-02-26T03:27:23: 读取文件成功
2017-02-26T03:27:33: 读取文件成功
2017-02-26T03:27:43: 读取文件成功
2017-02-26T03:27:53: 读取文件成功
2017-02-26T03:28:03: 读取文件成功
2017-02-26T03:28:13: 读取文件成功
2017-02-26T03:28:23: 读取文件成功
2017-02-26T03:28:33: 读取文件成功
2017-02-26T03:28:43: 读取文件成功
2017-02-26T03:28:53: 读取文件成功
2017-02-26T03:29:03: 读取文件成功
