2017-04-23T00:00:39: 非记录时间：2017-04-23T00:00:39+08:00
2017-04-23T00:01:39: 非记录时间：2017-04-23T00:01:39+08:00
2017-04-23T00:02:39: 非记录时间：2017-04-23T00:02:39+08:00
2017-04-23T00:03:39: 非记录时间：2017-04-23T00:03:39+08:00
2017-04-23T00:04:39: 非记录时间：2017-04-23T00:04:39+08:00
2017-04-23T00:05:39: 非记录时间：2017-04-23T00:05:39+08:00
2017-04-23T00:06:39: 非记录时间：2017-04-23T00:06:39+08:00
2017-04-23T00:07:39: 非记录时间：2017-04-23T00:07:39+08:00
2017-04-23T00:08:39: 非记录时间：2017-04-23T00:08:39+08:00
2017-04-23T00:09:39: 非记录时间：2017-04-23T00:09:39+08:00
2017-04-23T00:10:39: 非记录时间：2017-04-23T00:10:39+08:00
2017-04-23T00:11:39: 非记录时间：2017-04-23T00:11:39+08:00
2017-04-23T00:12:39: 非记录时间：2017-04-23T00:12:39+08:00
2017-04-23T00:13:39: 非记录时间：2017-04-23T00:13:39+08:00
2017-04-23T00:14:39: 非记录时间：2017-04-23T00:14:39+08:00
2017-04-23T00:15:39: 非记录时间：2017-04-23T00:15:39+08:00
2017-04-23T00:16:39: 非记录时间：2017-04-23T00:16:39+08:00
2017-04-23T00:17:39: 非记录时间：2017-04-23T00:17:39+08:00
2017-04-23T00:18:39: 非记录时间：2017-04-23T00:18:39+08:00
2017-04-23T00:19:39: 非记录时间：2017-04-23T00:19:39+08:00
2017-04-23T00:20:39: 非记录时间：2017-04-23T00:20:39+08:00
2017-04-23T00:21:39: 非记录时间：2017-04-23T00:21:39+08:00
2017-04-23T00:22:39: 非记录时间：2017-04-23T00:22:39+08:00
2017-04-23T00:23:39: 非记录时间：2017-04-23T00:23:39+08:00
2017-04-23T00:24:39: 非记录时间：2017-04-23T00:24:39+08:00
2017-04-23T00:25:39: 非记录时间：2017-04-23T00:25:39+08:00
2017-04-23T00:26:39: 非记录时间：2017-04-23T00:26:39+08:00
2017-04-23T00:27:40: 非记录时间：2017-04-23T00:27:40+08:00
2017-04-23T00:28:40: 非记录时间：2017-04-23T00:28:40+08:00
2017-04-23T00:29:40: 非记录时间：2017-04-23T00:29:40+08:00
2017-04-23T00:30:40: 非记录时间：2017-04-23T00:30:40+08:00
2017-04-23T00:31:40: 非记录时间：2017-04-23T00:31:40+08:00
2017-04-23T00:32:40: 非记录时间：2017-04-23T00:32:40+08:00
2017-04-23T00:33:40: 非记录时间：2017-04-23T00:33:40+08:00
2017-04-23T00:34:40: 非记录时间：2017-04-23T00:34:40+08:00
2017-04-23T00:35:40: 非记录时间：2017-04-23T00:35:40+08:00
2017-04-23T00:36:40: 非记录时间：2017-04-23T00:36:40+08:00
2017-04-23T00:37:40: 非记录时间：2017-04-23T00:37:40+08:00
2017-04-23T00:38:40: 非记录时间：2017-04-23T00:38:40+08:00
2017-04-23T00:39:40: 非记录时间：2017-04-23T00:39:40+08:00
2017-04-23T00:40:40: 非记录时间：2017-04-23T00:40:40+08:00
2017-04-23T00:41:40: 非记录时间：2017-04-23T00:41:40+08:00
2017-04-23T00:42:40: 非记录时间：2017-04-23T00:42:40+08:00
2017-04-23T00:43:40: 非记录时间：2017-04-23T00:43:40+08:00
2017-04-23T00:44:40: 非记录时间：2017-04-23T00:44:40+08:00
2017-04-23T00:45:40: 非记录时间：2017-04-23T00:45:40+08:00
2017-04-23T00:46:40: 非记录时间：2017-04-23T00:46:40+08:00
2017-04-23T00:47:40: 非记录时间：2017-04-23T00:47:40+08:00
2017-04-23T00:48:40: 非记录时间：2017-04-23T00:48:40+08:00
2017-04-23T00:49:40: 非记录时间：2017-04-23T00:49:40+08:00
2017-04-23T00:50:40: 非记录时间：2017-04-23T00:50:40+08:00
2017-04-23T00:51:40: 非记录时间：2017-04-23T00:51:40+08:00
2017-04-23T00:52:40: 非记录时间：2017-04-23T00:52:40+08:00
2017-04-23T00:53:40: 非记录时间：2017-04-23T00:53:40+08:00
2017-04-23T00:54:40: 非记录时间：2017-04-23T00:54:40+08:00
2017-04-23T00:55:40: 非记录时间：2017-04-23T00:55:40+08:00
2017-04-23T00:56:40: 非记录时间：2017-04-23T00:56:40+08:00
2017-04-23T00:57:40: 非记录时间：2017-04-23T00:57:40+08:00
2017-04-23T00:58:40: 非记录时间：2017-04-23T00:58:40+08:00
2017-04-23T00:59:40: 非记录时间：2017-04-23T00:59:40+08:00
2017-04-23T01:00:40: 非记录时间：2017-04-23T01:00:40+08:00
2017-04-23T01:01:40: 非记录时间：2017-04-23T01:01:40+08:00
2017-04-23T01:02:40: 非记录时间：2017-04-23T01:02:40+08:00
2017-04-23T01:03:40: 非记录时间：2017-04-23T01:03:40+08:00
2017-04-23T01:04:40: 非记录时间：2017-04-23T01:04:40+08:00
2017-04-23T01:05:40: 非记录时间：2017-04-23T01:05:40+08:00
2017-04-23T01:06:40: 非记录时间：2017-04-23T01:06:40+08:00
2017-04-23T01:07:40: 非记录时间：2017-04-23T01:07:40+08:00
2017-04-23T01:08:40: 非记录时间：2017-04-23T01:08:40+08:00
2017-04-23T01:09:40: 非记录时间：2017-04-23T01:09:40+08:00
2017-04-23T01:10:40: 非记录时间：2017-04-23T01:10:40+08:00
2017-04-23T01:11:41: 读取文件失败，可能是该文件不存在
2017-04-23T01:11:41: Error: ENOENT: no such file or directory, open './data/2017-04-23.json'
2017-04-23T01:12:41: 读取文件成功
2017-04-23T01:13:40: 读取文件成功
2017-04-23T01:14:41: 读取文件成功
2017-04-23T01:15:40: 读取文件成功
2017-04-23T01:16:40: 读取文件成功
2017-04-23T01:17:40: 读取文件成功
2017-04-23T01:18:40: 读取文件成功
2017-04-23T01:19:53: 读取文件成功
2017-04-23T01:20:40: 读取文件成功
2017-04-23T01:21:40: 读取文件成功
2017-04-23T01:22:40: 读取文件成功
2017-04-23T01:23:40: 读取文件成功
2017-04-23T01:24:40: 读取文件成功
2017-04-23T01:25:40: 读取文件成功
2017-04-23T01:26:40: 读取文件成功
2017-04-23T01:27:41: 读取文件成功
2017-04-23T01:28:40: 读取文件成功
2017-04-23T01:29:40: 读取文件成功
2017-04-23T01:30:41: 读取文件成功
2017-04-23T01:31:40: 读取文件成功
2017-04-23T01:32:40: 读取文件成功
2017-04-23T01:33:40: 读取文件成功
2017-04-23T01:34:41: 读取文件成功
2017-04-23T01:35:40: 读取文件成功
2017-04-23T01:36:40: 读取文件成功
2017-04-23T01:37:40: 读取文件成功
2017-04-23T01:38:40: 读取文件成功
2017-04-23T01:39:40: 读取文件成功
2017-04-23T01:40:42: 读取文件成功
2017-04-23T01:41:40: 读取文件成功
2017-04-23T01:42:40: 读取文件成功
2017-04-23T01:43:40: 读取文件成功
2017-04-23T01:44:40: 读取文件成功
2017-04-23T01:45:41: 读取文件成功
2017-04-23T01:46:41: 读取文件成功
2017-04-23T01:47:41: 读取文件成功
2017-04-23T01:48:41: 读取文件成功
2017-04-23T01:49:40: 读取文件成功
2017-04-23T01:50:40: 读取文件成功
2017-04-23T01:51:40: 读取文件成功
2017-04-23T01:52:41: 读取文件成功
2017-04-23T01:53:41: 读取文件成功
2017-04-23T01:54:40: 读取文件成功
2017-04-23T01:55:40: 读取文件成功
2017-04-23T01:56:41: 读取文件成功
2017-04-23T01:57:41: 读取文件成功
2017-04-23T01:58:41: 读取文件成功
2017-04-23T01:59:41: 读取文件成功
2017-04-23T02:00:40: 读取文件成功
2017-04-23T02:01:41: 读取文件成功
2017-04-23T02:02:41: 读取文件成功
2017-04-23T02:03:41: 读取文件成功
2017-04-23T02:04:40: 读取文件成功
2017-04-23T02:05:41: 读取文件成功
2017-04-23T02:06:41: 读取文件成功
2017-04-23T02:07:41: 读取文件成功
2017-04-23T02:08:41: 读取文件成功
2017-04-23T02:09:41: 读取文件成功
2017-04-23T02:10:41: 读取文件成功
2017-04-23T02:11:41: 读取文件成功
2017-04-23T02:12:43: 读取文件成功
2017-04-23T02:13:41: 读取文件成功
2017-04-23T02:14:41: 读取文件成功
2017-04-23T02:15:41: 读取文件成功
2017-04-23T02:16:41: 读取文件成功
2017-04-23T02:17:41: 读取文件成功
2017-04-23T02:18:41: 读取文件成功
2017-04-23T02:19:41: 读取文件成功
2017-04-23T02:20:41: 读取文件成功
2017-04-23T02:21:41: 读取文件成功
2017-04-23T02:22:41: 读取文件成功
2017-04-23T02:23:41: 读取文件成功
2017-04-23T02:24:41: 读取文件成功
2017-04-23T02:25:41: 读取文件成功
2017-04-23T02:26:41: 读取文件成功
2017-04-23T02:27:42: 读取文件成功
2017-04-23T02:28:42: 读取文件成功
2017-04-23T02:29:41: 读取文件成功
2017-04-23T02:30:41: 读取文件成功
2017-04-23T02:31:42: 读取文件成功
2017-04-23T02:32:41: 读取文件成功
2017-04-23T02:33:41: 读取文件成功
2017-04-23T02:34:41: 读取文件成功
2017-04-23T02:35:41: 读取文件成功
2017-04-23T02:36:41: 读取文件成功
2017-04-23T02:37:42: 读取文件成功
2017-04-23T02:38:41: 读取文件成功
2017-04-23T02:39:41: 读取文件成功
2017-04-23T02:40:41: 读取文件成功
2017-04-23T02:41:41: 读取文件成功
2017-04-23T02:42:41: 读取文件成功
2017-04-23T02:43:42: 读取文件成功
2017-04-23T02:44:41: 读取文件成功
2017-04-23T02:45:41: 读取文件成功
2017-04-23T02:46:41: 读取文件成功
2017-04-23T02:47:41: 读取文件成功
2017-04-23T02:48:41: 读取文件成功
2017-04-23T02:49:41: 读取文件成功
2017-04-23T02:50:41: 读取文件成功
2017-04-23T02:51:41: 读取文件成功
2017-04-23T02:52:41: 读取文件成功
2017-04-23T02:53:43: 读取文件成功
2017-04-23T02:54:41: 读取文件成功
2017-04-23T02:55:42: 读取文件成功
2017-04-23T02:56:41: 读取文件成功
2017-04-23T02:57:41: 读取文件成功
2017-04-23T02:58:41: 读取文件成功
2017-04-23T02:59:41: 读取文件成功
2017-04-23T03:00:41: 读取文件成功
2017-04-23T03:01:41: 读取文件成功
2017-04-23T03:02:41: 读取文件成功
2017-04-23T03:03:41: 读取文件成功
2017-04-23T03:04:41: 读取文件成功
2017-04-23T03:05:41: 读取文件成功
2017-04-23T03:06:41: 读取文件成功
2017-04-23T03:07:41: 读取文件成功
2017-04-23T03:08:41: 读取文件成功
2017-04-23T03:09:41: 读取文件成功
2017-04-23T03:10:41: 读取文件成功
2017-04-23T03:11:41: 读取文件成功
2017-04-23T03:12:41: 读取文件成功
2017-04-23T03:13:41: 读取文件成功
2017-04-23T03:14:41: 读取文件成功
2017-04-23T03:15:41: 读取文件成功
2017-04-23T03:16:41: 读取文件成功
2017-04-23T03:17:41: 读取文件成功
2017-04-23T03:18:41: 读取文件成功
2017-04-23T03:19:42: 读取文件成功
2017-04-23T03:20:41: 读取文件成功
2017-04-23T03:21:41: 读取文件成功
2017-04-23T03:22:41: 读取文件成功
2017-04-23T03:23:41: 读取文件成功
2017-04-23T03:24:41: 读取文件成功
2017-04-23T03:25:42: 读取文件成功
2017-04-23T03:26:41: 读取文件成功
2017-04-23T03:27:41: 读取文件成功
2017-04-23T03:28:41: 读取文件成功
2017-04-23T03:29:41: 读取文件成功
2017-04-23T03:30:41: 读取文件成功
2017-04-23T03:31:42: 读取文件成功
2017-04-23T03:32:41: 读取文件成功
2017-04-23T03:33:41: 读取文件成功
2017-04-23T03:34:41: 读取文件成功
2017-04-23T03:35:41: 读取文件成功
2017-04-23T03:36:41: 读取文件成功
2017-04-23T03:37:42: 读取文件成功
2017-04-23T03:38:42: 读取文件成功
2017-04-23T03:39:44: 读取文件成功
2017-04-23T03:40:41: 读取文件成功
2017-04-23T03:41:41: 读取文件成功
2017-04-23T03:42:41: 读取文件成功
2017-04-23T03:43:41: 读取文件成功
2017-04-23T03:44:41: 读取文件成功
2017-04-23T03:45:41: 读取文件成功
2017-04-23T03:46:41: 读取文件成功
2017-04-23T03:47:41: 读取文件成功
2017-04-23T03:48:41: 读取文件成功
2017-04-23T03:49:42: 读取文件成功
2017-04-23T03:50:41: 读取文件成功
2017-04-23T03:51:41: 读取文件成功
2017-04-23T03:52:41: 读取文件成功
2017-04-23T03:53:41: 读取文件成功
2017-04-23T03:54:41: 读取文件成功
2017-04-23T03:55:42: 读取文件成功
2017-04-23T03:56:41: 读取文件成功
2017-04-23T03:57:41: 读取文件成功
2017-04-23T03:58:41: 读取文件成功
2017-04-23T03:59:42: 读取文件成功
2017-04-23T04:00:42: 读取文件成功
2017-04-23T04:01:42: 读取文件成功
2017-04-23T04:02:42: 读取文件成功
2017-04-23T04:03:42: 读取文件成功
2017-04-23T04:04:42: 读取文件成功
2017-04-23T04:05:42: 读取文件成功
2017-04-23T04:06:42: 读取文件成功
2017-04-23T04:07:42: 读取文件成功
2017-04-23T04:08:42: 读取文件成功
2017-04-23T04:09:42: 读取文件成功
2017-04-23T04:10:42: 读取文件成功
2017-04-23T04:11:42: 读取文件成功
2017-04-23T04:12:42: 读取文件成功
2017-04-23T04:13:42: 读取文件成功
2017-04-23T04:14:42: 读取文件成功
2017-04-23T04:15:42: 读取文件成功
2017-04-23T04:16:42: 读取文件成功
2017-04-23T04:17:42: 读取文件成功
2017-04-23T04:18:42: 读取文件成功
2017-04-23T04:19:42: 读取文件成功
2017-04-23T04:20:42: 读取文件成功
2017-04-23T04:21:42: 读取文件成功
2017-04-23T04:22:42: 读取文件成功
2017-04-23T04:23:42: 读取文件成功
2017-04-23T04:24:42: 读取文件成功
2017-04-23T04:25:42: 读取文件成功
2017-04-23T04:26:42: 读取文件成功
2017-04-23T04:27:42: 读取文件成功
2017-04-23T04:28:42: 读取文件成功
2017-04-23T04:29:42: 读取文件成功
2017-04-23T04:30:42: 读取文件成功
2017-04-23T04:31:42: 读取文件成功
2017-04-23T04:32:42: 读取文件成功
2017-04-23T04:33:42: 读取文件成功
2017-04-23T04:34:42: 读取文件成功
2017-04-23T04:35:42: 读取文件成功
2017-04-23T04:36:42: 读取文件成功
2017-04-23T04:37:42: 读取文件成功
2017-04-23T04:38:42: 读取文件成功
2017-04-23T04:39:43: 读取文件成功
2017-04-23T04:40:42: 读取文件成功
2017-04-23T04:41:42: 读取文件成功
2017-04-23T04:42:42: 读取文件成功
2017-04-23T04:43:42: 读取文件成功
2017-04-23T04:44:42: 读取文件成功
2017-04-23T04:45:42: 读取文件成功
2017-04-23T04:46:42: 读取文件成功
2017-04-23T04:47:42: 读取文件成功
2017-04-23T04:48:42: 读取文件成功
2017-04-23T04:49:43: 读取文件成功
2017-04-23T04:50:42: 读取文件成功
2017-04-23T04:51:42: 读取文件成功
2017-04-23T04:52:42: 读取文件成功
2017-04-23T04:53:42: 读取文件成功
2017-04-23T04:54:42: 读取文件成功
2017-04-23T04:55:42: 读取文件成功
2017-04-23T04:56:42: 读取文件成功
2017-04-23T04:57:42: 读取文件成功
2017-04-23T04:58:42: 读取文件成功
2017-04-23T04:59:42: 读取文件成功
2017-04-23T05:00:43: 读取文件成功
2017-04-23T05:01:42: 读取文件成功
2017-04-23T05:02:49: 读取文件成功
2017-04-23T05:03:42: 读取文件成功
2017-04-23T05:04:42: 读取文件成功
2017-04-23T05:05:42: 读取文件成功
2017-04-23T05:06:42: 读取文件成功
2017-04-23T05:07:42: 读取文件成功
2017-04-23T05:08:42: 读取文件成功
2017-04-23T05:09:43: 读取文件成功
2017-04-23T05:10:49: 读取文件成功
2017-04-23T05:11:42: 读取文件成功
2017-04-23T05:12:42: 读取文件成功
2017-04-23T05:13:42: 读取文件成功
2017-04-23T05:14:42: 读取文件成功
2017-04-23T05:15:42: 读取文件成功
2017-04-23T05:16:43: 读取文件成功
2017-04-23T05:17:42: 读取文件成功
2017-04-23T05:18:43: 读取文件成功
2017-04-23T05:19:42: 读取文件成功
2017-04-23T05:20:42: 读取文件成功
2017-04-23T05:21:42: 读取文件成功
2017-04-23T05:22:42: 读取文件成功
2017-04-23T05:23:42: 读取文件成功
2017-04-23T05:24:42: 读取文件成功
2017-04-23T05:25:42: 读取文件成功
2017-04-23T05:26:43: 读取文件成功
2017-04-23T05:27:42: 读取文件成功
2017-04-23T05:28:42: 读取文件成功
2017-04-23T05:29:42: 读取文件成功
2017-04-23T05:30:42: 读取文件成功
2017-04-23T05:31:42: 读取文件成功
2017-04-23T05:32:42: 读取文件成功
2017-04-23T05:33:42: 读取文件成功
2017-04-23T05:34:42: 读取文件成功
2017-04-23T05:35:42: 读取文件成功
2017-04-23T05:36:43: 读取文件成功
2017-04-23T05:37:42: 读取文件成功
2017-04-23T05:38:42: 读取文件成功
2017-04-23T05:39:42: 读取文件成功
2017-04-23T05:40:42: 读取文件成功
2017-04-23T05:41:42: 读取文件成功
2017-04-23T05:42:43: 读取文件成功
2017-04-23T05:43:42: 读取文件成功
2017-04-23T05:44:42: 读取文件成功
2017-04-23T05:45:42: 读取文件成功
2017-04-23T05:46:42: 读取文件成功
2017-04-23T05:47:43: 读取文件成功
2017-04-23T05:48:43: 读取文件成功
2017-04-23T05:49:43: 读取文件成功
2017-04-23T05:50:43: 读取文件成功
2017-04-23T05:51:43: 读取文件成功
2017-04-23T05:52:43: 读取文件成功
2017-04-23T05:53:43: 读取文件成功
2017-04-23T05:54:43: 读取文件成功
2017-04-23T05:55:43: 读取文件成功
2017-04-23T05:56:44: 读取文件成功
2017-04-23T05:57:43: 读取文件成功
2017-04-23T05:58:43: 读取文件成功
2017-04-23T05:59:43: 读取文件成功
2017-04-23T06:00:43: 读取文件成功
2017-04-23T06:01:43: 读取文件成功
2017-04-23T06:02:43: 读取文件成功
2017-04-23T06:03:43: 读取文件成功
2017-04-23T06:04:43: 读取文件成功
2017-04-23T06:05:43: 读取文件成功
2017-04-23T06:06:43: 读取文件成功
2017-04-23T06:07:43: 读取文件成功
2017-04-23T06:08:43: 读取文件成功
2017-04-23T06:09:43: 读取文件成功
2017-04-23T06:10:43: 读取文件成功
2017-04-23T06:11:43: 读取文件成功
2017-04-23T06:12:43: 读取文件成功
2017-04-23T06:13:43: 读取文件成功
2017-04-23T06:14:43: 读取文件成功
2017-04-23T06:15:43: 读取文件成功
2017-04-23T06:16:43: 读取文件成功
2017-04-23T06:17:43: 读取文件成功
2017-04-23T06:18:43: 读取文件成功
2017-04-23T06:19:43: 读取文件成功
2017-04-23T06:20:43: 读取文件成功
2017-04-23T06:21:43: 读取文件成功
2017-04-23T06:22:43: 读取文件成功
2017-04-23T06:23:43: 读取文件成功
2017-04-23T06:24:43: 读取文件成功
2017-04-23T06:25:43: 读取文件成功
2017-04-23T06:26:43: 读取文件成功
2017-04-23T06:27:43: 读取文件成功
2017-04-23T06:28:43: 读取文件成功
2017-04-23T06:29:43: 读取文件成功
2017-04-23T06:30:44: 读取文件成功
2017-04-23T06:31:43: 读取文件成功
2017-04-23T06:32:43: 读取文件成功
2017-04-23T06:33:43: 读取文件成功
2017-04-23T06:34:43: 读取文件成功
2017-04-23T06:35:43: 读取文件成功
2017-04-23T06:36:43: 读取文件成功
2017-04-23T06:37:43: 读取文件成功
2017-04-23T06:38:43: 读取文件成功
2017-04-23T06:39:43: 读取文件成功
2017-04-23T06:40:43: 读取文件成功
2017-04-23T06:41:43: 读取文件成功
2017-04-23T06:42:43: 读取文件成功
2017-04-23T06:43:43: 读取文件成功
2017-04-23T06:44:43: 读取文件成功
2017-04-23T06:45:43: 读取文件成功
2017-04-23T06:46:43: 读取文件成功
2017-04-23T06:47:43: 读取文件成功
2017-04-23T06:48:43: 读取文件成功
2017-04-23T06:49:43: 读取文件成功
2017-04-23T06:50:43: 读取文件成功
2017-04-23T06:51:43: 读取文件成功
2017-04-23T06:52:43: 读取文件成功
2017-04-23T06:53:43: 读取文件成功
2017-04-23T06:54:43: 读取文件成功
2017-04-23T06:55:43: 读取文件成功
2017-04-23T06:56:43: 读取文件成功
2017-04-23T06:57:43: 读取文件成功
2017-04-23T06:58:43: 读取文件成功
2017-04-23T06:59:43: 读取文件成功
2017-04-23T07:00:43: 读取文件成功
2017-04-23T07:01:43: 读取文件成功
2017-04-23T07:02:43: 读取文件成功
2017-04-23T07:03:43: 读取文件成功
2017-04-23T07:04:43: 读取文件成功
2017-04-23T07:05:43: 读取文件成功
2017-04-23T07:06:43: 读取文件成功
2017-04-23T07:07:43: 读取文件成功
2017-04-23T07:08:44: 读取文件成功
2017-04-23T07:09:43: 读取文件成功
2017-04-23T07:10:43: 读取文件成功
2017-04-23T07:11:43: 读取文件成功
2017-04-23T07:12:44: 读取文件成功
2017-04-23T07:13:43: 读取文件成功
2017-04-23T07:14:43: 读取文件成功
2017-04-23T07:15:44: 读取文件成功
2017-04-23T07:16:43: 读取文件成功
2017-04-23T07:17:43: 读取文件成功
2017-04-23T07:18:43: 读取文件成功
2017-04-23T07:19:43: 读取文件成功
2017-04-23T07:20:43: 读取文件成功
2017-04-23T07:21:43: 读取文件成功
2017-04-23T07:22:43: 读取文件成功
2017-04-23T07:23:44: 读取文件成功
2017-04-23T07:24:43: 读取文件成功
2017-04-23T07:25:44: 读取文件成功
2017-04-23T07:26:43: 读取文件成功
2017-04-23T07:27:43: 读取文件成功
2017-04-23T07:28:43: 读取文件成功
2017-04-23T07:29:44: 读取文件成功
2017-04-23T07:30:43: 读取文件成功
2017-04-23T07:31:43: 读取文件成功
2017-04-23T07:32:43: 读取文件成功
2017-04-23T07:33:43: 读取文件成功
2017-04-23T07:34:44: 读取文件成功
2017-04-23T07:35:44: 读取文件成功
2017-04-23T07:36:44: 读取文件成功
2017-04-23T07:37:44: 读取文件成功
2017-04-23T07:38:44: 读取文件成功
2017-04-23T07:39:44: 读取文件成功
2017-04-23T07:40:44: 读取文件成功
2017-04-23T07:41:44: 读取文件成功
2017-04-23T07:42:44: 读取文件成功
2017-04-23T07:43:44: 读取文件成功
2017-04-23T07:44:44: 读取文件成功
2017-04-23T07:45:44: 读取文件成功
2017-04-23T07:46:44: 读取文件成功
2017-04-23T07:47:44: 读取文件成功
2017-04-23T07:48:44: 读取文件成功
2017-04-23T07:49:44: 读取文件成功
2017-04-23T07:50:45: 读取文件成功
2017-04-23T07:51:44: 读取文件成功
2017-04-23T07:52:44: 读取文件成功
2017-04-23T07:53:45: 读取文件成功
2017-04-23T07:54:44: 读取文件成功
2017-04-23T07:55:44: 读取文件成功
2017-04-23T07:56:44: 读取文件成功
2017-04-23T07:57:44: 读取文件成功
2017-04-23T07:58:44: 读取文件成功
2017-04-23T07:59:44: 读取文件成功
2017-04-23T08:00:44: 读取文件成功
2017-04-23T08:01:44: 读取文件成功
2017-04-23T08:02:44: 读取文件成功
2017-04-23T08:03:44: 读取文件成功
2017-04-23T08:04:44: 读取文件成功
2017-04-23T08:05:44: 读取文件成功
2017-04-23T08:06:44: 读取文件成功
2017-04-23T08:07:44: 读取文件成功
2017-04-23T08:08:44: 读取文件成功
2017-04-23T08:09:44: 读取文件成功
2017-04-23T08:10:44: 读取文件成功
2017-04-23T08:11:44: 读取文件成功
2017-04-23T08:12:44: 读取文件成功
2017-04-23T08:13:44: 读取文件成功
2017-04-23T08:14:47: 读取文件成功
2017-04-23T08:15:44: 读取文件成功
2017-04-23T08:16:44: 读取文件成功
2017-04-23T08:17:44: 读取文件成功
2017-04-23T08:18:47: 读取文件成功
2017-04-23T08:19:47: 读取文件成功
2017-04-23T08:20:46: 读取文件成功
2017-04-23T08:21:44: 读取文件成功
2017-04-23T08:22:44: 读取文件成功
2017-04-23T08:23:45: 读取文件成功
2017-04-23T08:24:44: 读取文件成功
2017-04-23T08:25:45: 读取文件成功
2017-04-23T08:26:44: 读取文件成功
2017-04-23T08:27:44: 读取文件成功
2017-04-23T08:28:44: 读取文件成功
2017-04-23T08:29:44: 读取文件成功
2017-04-23T08:30:44: 读取文件成功
2017-04-23T08:31:44: 读取文件成功
2017-04-23T08:32:44: 读取文件成功
2017-04-23T08:33:44: 读取文件成功
2017-04-23T08:34:44: 读取文件成功
2017-04-23T08:35:44: 读取文件成功
2017-04-23T08:36:44: 读取文件成功
2017-04-23T08:37:46: 读取文件成功
2017-04-23T08:38:44: 读取文件成功
2017-04-23T08:39:44: 读取文件成功
2017-04-23T08:40:44: 读取文件成功
2017-04-23T08:41:45: 读取文件成功
2017-04-23T08:42:44: 读取文件成功
2017-04-23T08:43:44: 读取文件成功
2017-04-23T08:44:44: 读取文件成功
2017-04-23T08:45:44: 读取文件成功
2017-04-23T08:46:44: 读取文件成功
2017-04-23T08:47:44: 读取文件成功
2017-04-23T08:48:44: 读取文件成功
2017-04-23T08:49:44: 读取文件成功
2017-04-23T08:50:44: 读取文件成功
2017-04-23T08:51:44: 读取文件成功
2017-04-23T08:52:44: 读取文件成功
2017-04-23T08:53:44: 读取文件成功
2017-04-23T08:54:44: 读取文件成功
2017-04-23T08:55:44: 读取文件成功
2017-04-23T08:56:44: 读取文件成功
2017-04-23T08:57:44: 读取文件成功
2017-04-23T08:58:44: 读取文件成功
2017-04-23T08:59:44: 读取文件成功
2017-04-23T09:00:44: 读取文件成功
2017-04-23T09:01:45: 读取文件成功
2017-04-23T09:02:44: 读取文件成功
2017-04-23T09:03:45: 读取文件成功
2017-04-23T09:04:44: 读取文件成功
2017-04-23T09:05:44: 读取文件成功
2017-04-23T09:06:44: 读取文件成功
2017-04-23T09:07:45: 读取文件成功
2017-04-23T09:08:44: 读取文件成功
2017-04-23T09:09:45: 读取文件成功
2017-04-23T09:10:45: 读取文件成功
2017-04-23T09:11:44: 读取文件成功
2017-04-23T09:12:44: 读取文件成功
2017-04-23T09:13:45: 读取文件成功
2017-04-23T09:14:45: 读取文件成功
2017-04-23T09:15:44: 读取文件成功
2017-04-23T09:16:44: 读取文件成功
2017-04-23T09:17:45: 读取文件成功
2017-04-23T09:18:45: 读取文件成功
2017-04-23T09:19:45: 读取文件成功
2017-04-23T09:20:45: 读取文件成功
2017-04-23T09:21:45: 读取文件成功
2017-04-23T09:22:45: 读取文件成功
2017-04-23T09:23:45: 读取文件成功
2017-04-23T09:24:45: 读取文件成功
2017-04-23T09:25:45: 读取文件成功
2017-04-23T09:26:45: 读取文件成功
2017-04-23T09:27:45: 读取文件成功
2017-04-23T09:28:46: 读取文件成功
2017-04-23T09:29:47: 读取文件成功
2017-04-23T09:30:45: 读取文件成功
2017-04-23T09:31:45: 读取文件成功
2017-04-23T09:32:45: 读取文件成功
2017-04-23T09:33:45: 读取文件成功
2017-04-23T09:34:45: 读取文件成功
2017-04-23T09:35:45: 读取文件成功
2017-04-23T09:36:45: 读取文件成功
2017-04-23T09:37:45: 读取文件成功
2017-04-23T09:38:45: 读取文件成功
2017-04-23T09:39:45: 读取文件成功
2017-04-23T09:40:45: 读取文件成功
2017-04-23T09:41:45: 读取文件成功
2017-04-23T09:42:45: 读取文件成功
2017-04-23T09:43:45: 读取文件成功
2017-04-23T09:44:45: 读取文件成功
2017-04-23T09:45:45: 读取文件成功
2017-04-23T09:46:45: 读取文件成功
2017-04-23T09:47:45: 读取文件成功
2017-04-23T09:48:45: 读取文件成功
2017-04-23T09:49:45: 读取文件成功
2017-04-23T09:50:45: 读取文件成功
2017-04-23T09:51:45: 读取文件成功
2017-04-23T09:52:45: 读取文件成功
2017-04-23T09:53:45: 读取文件成功
2017-04-23T09:54:45: 读取文件成功
2017-04-23T09:55:45: 读取文件成功
2017-04-23T09:56:45: 读取文件成功
2017-04-23T09:57:45: 读取文件成功
2017-04-23T09:58:45: 读取文件成功
2017-04-23T09:59:45: 读取文件成功
2017-04-23T10:00:45: 读取文件成功
2017-04-23T10:01:47: 读取文件成功
2017-04-23T10:02:45: 读取文件成功
2017-04-23T10:03:45: 读取文件成功
2017-04-23T10:04:45: 读取文件成功
2017-04-23T10:05:45: 读取文件成功
2017-04-23T10:06:45: 读取文件成功
2017-04-23T10:07:45: 读取文件成功
2017-04-23T10:08:45: 读取文件成功
2017-04-23T10:09:45: 读取文件成功
2017-04-23T10:10:45: 读取文件成功
2017-04-23T10:11:45: 读取文件成功
2017-04-23T10:12:45: 读取文件成功
2017-04-23T10:13:45: 读取文件成功
2017-04-23T10:14:45: 读取文件成功
2017-04-23T10:15:45: 读取文件成功
2017-04-23T10:16:45: 读取文件成功
2017-04-23T10:17:45: 读取文件成功
2017-04-23T10:18:45: 读取文件成功
2017-04-23T10:19:46: 读取文件成功
2017-04-23T10:20:46: 读取文件成功
2017-04-23T10:21:45: 读取文件成功
2017-04-23T10:22:45: 读取文件成功
2017-04-23T10:23:45: 读取文件成功
2017-04-23T10:24:45: 读取文件成功
2017-04-23T10:25:45: 读取文件成功
2017-04-23T10:26:45: 读取文件成功
2017-04-23T10:27:45: 读取文件成功
2017-04-23T10:28:45: 读取文件成功
2017-04-23T10:29:52: 读取文件成功
2017-04-23T10:30:46: 读取文件成功
2017-04-23T10:31:45: 读取文件成功
2017-04-23T10:32:45: 读取文件成功
2017-04-23T10:33:45: 读取文件成功
2017-04-23T10:34:46: 读取文件成功
2017-04-23T10:35:45: 读取文件成功
2017-04-23T10:36:45: 读取文件成功
2017-04-23T10:37:47: 读取文件成功
2017-04-23T10:38:46: 读取文件成功
2017-04-23T10:39:45: 读取文件成功
2017-04-23T10:40:47: 读取文件成功
2017-04-23T10:41:46: 读取文件成功
2017-04-23T10:42:46: 读取文件成功
2017-04-23T10:43:45: 读取文件成功
2017-04-23T10:44:45: 读取文件成功
2017-04-23T10:45:45: 读取文件成功
2017-04-23T10:46:45: 读取文件成功
2017-04-23T10:47:45: 读取文件成功
2017-04-23T10:48:46: 读取文件成功
2017-04-23T10:49:47: 读取文件成功
2017-04-23T10:50:45: 读取文件成功
2017-04-23T10:51:46: 读取文件成功
2017-04-23T10:52:45: 读取文件成功
2017-04-23T10:53:45: 读取文件成功
2017-04-23T10:54:45: 读取文件成功
2017-04-23T10:55:47: 读取文件成功
2017-04-23T10:56:46: 读取文件成功
2017-04-23T10:57:45: 读取文件成功
2017-04-23T10:58:45: 读取文件成功
2017-04-23T10:59:46: 读取文件成功
2017-04-23T11:00:45: 读取文件成功
2017-04-23T11:01:45: 读取文件成功
2017-04-23T11:02:45: 读取文件成功
2017-04-23T11:03:45: 读取文件成功
2017-04-23T11:04:45: 读取文件成功
2017-04-23T11:05:46: 读取文件成功
2017-04-23T11:06:45: 读取文件成功
2017-04-23T11:07:46: 读取文件成功
2017-04-23T11:08:46: 读取文件成功
2017-04-23T11:09:45: 读取文件成功
2017-04-23T11:10:46: 读取文件成功
2017-04-23T11:11:46: 读取文件成功
2017-04-23T11:12:46: 读取文件成功
2017-04-23T11:13:46: 读取文件成功
2017-04-23T11:14:46: 读取文件成功
2017-04-23T11:15:46: 读取文件成功
2017-04-23T11:16:46: 读取文件成功
2017-04-23T11:17:47: 读取文件成功
2017-04-23T11:18:46: 读取文件成功
2017-04-23T11:19:46: 读取文件成功
2017-04-23T11:20:47: 读取文件成功
2017-04-23T11:21:46: 读取文件成功
2017-04-23T11:22:46: 读取文件成功
2017-04-23T11:23:46: 读取文件成功
2017-04-23T11:24:46: 读取文件成功
2017-04-23T11:25:46: 读取文件成功
2017-04-23T11:26:46: 读取文件成功
2017-04-23T11:27:46: 读取文件成功
2017-04-23T11:28:46: 读取文件成功
2017-04-23T11:29:46: 读取文件成功
2017-04-23T11:30:46: 读取文件成功
2017-04-23T11:31:46: 读取文件成功
2017-04-23T11:32:46: 读取文件成功
2017-04-23T11:33:46: 读取文件成功
2017-04-23T11:34:46: 读取文件成功
2017-04-23T11:35:46: 读取文件成功
2017-04-23T11:36:46: 读取文件成功
2017-04-23T11:37:46: 读取文件成功
2017-04-23T11:38:46: 读取文件成功
2017-04-23T11:39:46: 读取文件成功
2017-04-23T11:40:47: 读取文件成功
2017-04-23T11:41:46: 读取文件成功
2017-04-23T11:42:46: 读取文件成功
2017-04-23T11:43:46: 读取文件成功
2017-04-23T11:44:46: 读取文件成功
2017-04-23T11:45:46: 读取文件成功
2017-04-23T11:46:46: 读取文件成功
2017-04-23T11:47:46: 读取文件成功
2017-04-23T11:48:46: 读取文件成功
2017-04-23T11:49:46: 读取文件成功
2017-04-23T11:50:46: 读取文件成功
2017-04-23T11:51:46: 读取文件成功
2017-04-23T11:52:46: 读取文件成功
2017-04-23T11:53:46: 读取文件成功
2017-04-23T11:54:46: 读取文件成功
2017-04-23T11:55:47: 读取文件成功
2017-04-23T11:56:46: 读取文件成功
2017-04-23T11:57:46: 读取文件成功
2017-04-23T11:58:46: 读取文件成功
2017-04-23T11:59:47: 读取文件成功
2017-04-23T12:00:47: 读取文件成功
2017-04-23T12:01:46: 读取文件成功
2017-04-23T12:02:46: 读取文件成功
2017-04-23T12:03:46: 读取文件成功
2017-04-23T12:04:46: 读取文件成功
2017-04-23T12:05:46: 读取文件成功
2017-04-23T12:06:46: 读取文件成功
2017-04-23T12:07:48: 读取文件成功
2017-04-23T12:08:46: 读取文件成功
2017-04-23T12:09:46: 读取文件成功
2017-04-23T12:10:46: 读取文件成功
2017-04-23T12:11:46: 读取文件成功
2017-04-23T12:12:46: 读取文件成功
2017-04-23T12:13:46: 读取文件成功
2017-04-23T12:14:46: 读取文件成功
2017-04-23T12:15:46: 读取文件成功
2017-04-23T12:16:46: 读取文件成功
2017-04-23T12:18:08: 读取文件成功
2017-04-23T12:18:47: 读取文件成功
2017-04-23T12:19:46: 读取文件成功
2017-04-23T12:20:46: 读取文件成功
2017-04-23T12:21:46: 读取文件成功
2017-04-23T12:22:47: 读取文件成功
2017-04-23T12:23:47: 读取文件成功
2017-04-23T12:24:47: 读取文件成功
2017-04-23T12:25:46: 读取文件成功
2017-04-23T12:26:46: 读取文件成功
2017-04-23T12:27:48: 读取文件成功
2017-04-23T12:28:46: 读取文件成功
2017-04-23T12:29:46: 读取文件成功
2017-04-23T12:30:46: 读取文件成功
2017-04-23T12:31:46: 读取文件成功
2017-04-23T12:32:47: 读取文件成功
2017-04-23T12:33:46: 读取文件成功
2017-04-23T12:34:47: 读取文件成功
2017-04-23T12:35:46: 读取文件成功
2017-04-23T12:36:46: 读取文件成功
2017-04-23T12:37:46: 读取文件成功
2017-04-23T12:38:48: 读取文件成功
2017-04-23T12:39:46: 读取文件成功
2017-04-23T12:40:46: 读取文件成功
2017-04-23T12:41:46: 读取文件成功
2017-04-23T12:42:47: 读取文件成功
2017-04-23T12:43:47: 读取文件成功
2017-04-23T12:44:47: 读取文件成功
2017-04-23T12:45:47: 读取文件成功
2017-04-23T12:46:46: 读取文件成功
2017-04-23T12:47:47: 读取文件成功
2017-04-23T12:48:46: 读取文件成功
2017-04-23T12:49:47: 读取文件成功
2017-04-23T12:50:48: 读取文件成功
2017-04-23T12:51:47: 读取文件成功
2017-04-23T12:52:47: 读取文件成功
2017-04-23T12:53:46: 读取文件成功
2017-04-23T12:54:46: 读取文件成功
2017-04-23T12:55:46: 读取文件成功
2017-04-23T12:56:47: 读取文件成功
2017-04-23T12:57:47: 读取文件成功
2017-04-23T12:58:47: 读取文件成功
2017-04-23T12:59:46: 读取文件成功
2017-04-23T13:00:47: 读取文件成功
2017-04-23T13:01:47: 读取文件成功
2017-04-23T13:02:47: 读取文件成功
2017-04-23T13:03:47: 读取文件成功
2017-04-23T13:04:47: 读取文件成功
2017-04-23T13:05:47: 读取文件成功
2017-04-23T13:06:47: 读取文件成功
2017-04-23T13:07:47: 读取文件成功
2017-04-23T13:08:47: 读取文件成功
2017-04-23T13:09:47: 读取文件成功
2017-04-23T13:10:48: 读取文件成功
2017-04-23T13:11:47: 读取文件成功
2017-04-23T13:12:47: 读取文件成功
2017-04-23T13:13:47: 读取文件成功
2017-04-23T13:14:47: 读取文件成功
2017-04-23T13:15:47: 读取文件成功
2017-04-23T13:16:47: 读取文件成功
2017-04-23T13:17:47: 读取文件成功
2017-04-23T13:18:47: 读取文件成功
2017-04-23T13:19:47: 读取文件成功
2017-04-23T13:20:47: 读取文件成功
2017-04-23T13:21:47: 读取文件成功
2017-04-23T13:22:47: 读取文件成功
2017-04-23T13:23:47: 读取文件成功
2017-04-23T13:24:47: 读取文件成功
2017-04-23T13:25:47: 读取文件成功
2017-04-23T13:26:47: 读取文件成功
2017-04-23T13:27:47: 读取文件成功
2017-04-23T13:28:48: 读取文件成功
2017-04-23T13:29:47: 读取文件成功
2017-04-23T13:30:47: 读取文件成功
2017-04-23T13:31:47: 读取文件成功
2017-04-23T13:32:47: 读取文件成功
2017-04-23T13:33:47: 读取文件成功
2017-04-23T13:34:47: 读取文件成功
2017-04-23T13:35:47: 读取文件成功
2017-04-23T13:36:47: 读取文件成功
2017-04-23T13:37:47: 读取文件成功
2017-04-23T13:38:47: 读取文件成功
2017-04-23T13:39:47: 读取文件成功
2017-04-23T13:40:47: 读取文件成功
2017-04-23T13:41:47: 读取文件成功
2017-04-23T13:42:47: 读取文件成功
2017-04-23T13:43:47: 读取文件成功
2017-04-23T13:44:47: 读取文件成功
2017-04-23T13:45:47: 读取文件成功
2017-04-23T13:46:47: 读取文件成功
2017-04-23T13:47:48: 读取文件成功
2017-04-23T13:48:49: 读取文件成功
2017-04-23T13:49:47: 读取文件成功
2017-04-23T13:50:50: 读取文件成功
2017-04-23T13:51:47: 读取文件成功
2017-04-23T13:52:47: 读取文件成功
2017-04-23T13:53:48: 读取文件成功
2017-04-23T13:54:47: 读取文件成功
2017-04-23T13:55:48: 读取文件成功
2017-04-23T13:56:48: 读取文件成功
2017-04-23T13:57:47: 读取文件成功
2017-04-23T13:58:47: 读取文件成功
2017-04-23T13:59:47: 读取文件成功
2017-04-23T14:00:47: 读取文件成功
2017-04-23T14:01:48: 读取文件成功
2017-04-23T14:02:48: 读取文件成功
2017-04-23T14:03:47: 读取文件成功
2017-04-23T14:04:47: 读取文件成功
2017-04-23T14:05:47: 读取文件成功
2017-04-23T14:07:07: 读取文件成功
2017-04-23T14:07:47: 读取文件成功
2017-04-23T14:08:48: 读取文件成功
2017-04-23T14:09:50: 读取文件成功
2017-04-23T14:10:49: 读取文件成功
2017-04-23T14:11:48: 读取文件成功
2017-04-23T14:12:47: 读取文件成功
2017-04-23T14:13:47: 读取文件成功
2017-04-23T14:14:47: 读取文件成功
2017-04-23T14:15:47: 读取文件成功
2017-04-23T14:16:47: 读取文件成功
2017-04-23T14:17:47: 读取文件成功
2017-04-23T14:18:49: 读取文件成功
2017-04-23T14:19:47: 读取文件成功
2017-04-23T14:20:47: 读取文件成功
2017-04-23T14:21:47: 读取文件成功
2017-04-23T14:22:48: 读取文件成功
2017-04-23T14:23:49: 读取文件成功
2017-04-23T14:24:47: 读取文件成功
2017-04-23T14:25:48: 读取文件成功
2017-04-23T14:26:47: 读取文件成功
2017-04-23T14:27:48: 读取文件成功
2017-04-23T14:28:47: 读取文件成功
2017-04-23T14:29:47: 读取文件成功
2017-04-23T14:30:47: 读取文件成功
2017-04-23T14:31:47: 读取文件成功
2017-04-23T14:32:47: 读取文件成功
2017-04-23T14:33:48: 读取文件成功
2017-04-23T14:34:49: 读取文件成功
2017-04-23T14:35:48: 读取文件成功
2017-04-23T14:36:48: 读取文件成功
2017-04-23T14:37:50: 读取文件成功
2017-04-23T14:38:49: 读取文件成功
2017-04-23T14:39:47: 读取文件成功
2017-04-23T14:40:49: 读取文件成功
2017-04-23T14:41:48: 读取文件成功
2017-04-23T14:42:47: 读取文件成功
2017-04-23T14:43:47: 读取文件成功
2017-04-23T14:44:47: 读取文件成功
2017-04-23T14:45:47: 读取文件成功
2017-04-23T14:46:48: 读取文件成功
2017-04-23T14:47:47: 读取文件成功
2017-04-23T14:48:47: 读取文件成功
2017-04-23T14:49:47: 读取文件成功
2017-04-23T14:50:47: 读取文件成功
2017-04-23T14:51:47: 读取文件成功
2017-04-23T14:52:54: 读取文件成功
2017-04-23T14:53:48: 读取文件成功
2017-04-23T14:54:48: 读取文件成功
2017-04-23T14:55:48: 读取文件成功
2017-04-23T14:56:49: 读取文件成功
2017-04-23T14:57:48: 读取文件成功
2017-04-23T14:58:48: 读取文件成功
2017-04-23T14:59:48: 读取文件成功
2017-04-23T15:00:48: 读取文件成功
2017-04-23T15:01:48: 读取文件成功
2017-04-23T15:02:48: 读取文件成功
2017-04-23T15:03:48: 读取文件成功
2017-04-23T15:04:48: 读取文件成功
2017-04-23T15:05:48: 读取文件成功
2017-04-23T15:06:48: 读取文件成功
2017-04-23T15:07:48: 读取文件成功
2017-04-23T15:08:48: 读取文件成功
2017-04-23T15:09:48: 读取文件成功
2017-04-23T15:10:48: 读取文件成功
2017-04-23T15:11:48: 读取文件成功
2017-04-23T15:12:48: 读取文件成功
2017-04-23T15:13:48: 读取文件成功
2017-04-23T15:14:48: 读取文件成功
2017-04-23T15:15:48: 读取文件成功
2017-04-23T15:16:49: 读取文件成功
2017-04-23T15:17:48: 读取文件成功
2017-04-23T15:18:48: 读取文件成功
2017-04-23T15:19:48: 读取文件成功
2017-04-23T15:20:48: 读取文件成功
2017-04-23T15:21:48: 读取文件成功
2017-04-23T15:22:48: 读取文件成功
2017-04-23T15:23:48: 读取文件成功
2017-04-23T15:24:48: 读取文件成功
2017-04-23T15:25:48: 读取文件成功
2017-04-23T15:26:48: 读取文件成功
2017-04-23T15:27:48: 读取文件成功
2017-04-23T15:28:48: 读取文件成功
2017-04-23T15:29:48: 读取文件成功
2017-04-23T15:30:48: 读取文件成功
2017-04-23T15:31:49: 读取文件成功
2017-04-23T15:32:48: 读取文件成功
2017-04-23T15:33:49: 读取文件成功
2017-04-23T15:34:48: 读取文件成功
2017-04-23T15:35:48: 读取文件成功
2017-04-23T15:36:48: 读取文件成功
2017-04-23T15:37:48: 读取文件成功
2017-04-23T15:38:48: 读取文件成功
2017-04-23T15:39:49: 读取文件成功
2017-04-23T15:40:48: 读取文件成功
2017-04-23T15:41:48: 读取文件成功
2017-04-23T15:42:48: 读取文件成功
2017-04-23T15:43:49: 读取文件成功
2017-04-23T15:44:48: 读取文件成功
2017-04-23T15:45:48: 读取文件成功
2017-04-23T15:46:48: 读取文件成功
2017-04-23T15:47:51: 读取文件成功
2017-04-23T15:48:49: 读取文件成功
2017-04-23T15:49:48: 读取文件成功
2017-04-23T15:50:51: 读取文件成功
2017-04-23T15:51:48: 读取文件成功
2017-04-23T15:52:48: 读取文件成功
2017-04-23T15:53:48: 读取文件成功
2017-04-23T15:54:48: 读取文件成功
2017-04-23T15:55:49: 读取文件成功
2017-04-23T15:56:48: 读取文件成功
2017-04-23T15:57:48: 读取文件成功
2017-04-23T15:58:48: 读取文件成功
2017-04-23T15:59:48: 读取文件成功
2017-04-23T16:00:48: 读取文件成功
2017-04-23T16:01:48: 读取文件成功
2017-04-23T16:02:48: 读取文件成功
2017-04-23T16:03:48: 读取文件成功
2017-04-23T16:04:48: 读取文件成功
2017-04-23T16:05:48: 读取文件成功
2017-04-23T16:06:48: 读取文件成功
2017-04-23T16:07:48: 读取文件成功
2017-04-23T16:08:48: 读取文件成功
2017-04-23T16:09:48: 读取文件成功
2017-04-23T16:10:48: 读取文件成功
2017-04-23T16:11:53: 读取文件成功
2017-04-23T16:12:48: 读取文件成功
2017-04-23T16:13:48: 读取文件成功
2017-04-23T16:14:48: 读取文件成功
2017-04-23T16:15:48: 读取文件成功
2017-04-23T16:16:48: 读取文件成功
2017-04-23T16:17:48: 读取文件成功
2017-04-23T16:18:48: 读取文件成功
2017-04-23T16:19:48: 读取文件成功
2017-04-23T16:20:48: 读取文件成功
2017-04-23T16:21:58: 读取文件成功
2017-04-23T16:22:49: 读取文件成功
2017-04-23T16:23:48: 读取文件成功
2017-04-23T16:24:48: 读取文件成功
2017-04-23T16:25:48: 读取文件成功
2017-04-23T16:26:49: 读取文件成功
2017-04-23T16:27:48: 读取文件成功
2017-04-23T16:28:48: 读取文件成功
2017-04-23T16:29:48: 读取文件成功
2017-04-23T16:30:48: 读取文件成功
2017-04-23T16:31:48: 读取文件成功
2017-04-23T16:32:50: 读取文件成功
2017-04-23T16:33:49: 读取文件成功
2017-04-23T16:34:48: 读取文件成功
2017-04-23T16:35:48: 读取文件成功
2017-04-23T16:36:49: 读取文件成功
2017-04-23T16:37:49: 读取文件成功
2017-04-23T16:38:50: 读取文件成功
2017-04-23T16:39:48: 读取文件成功
2017-04-23T16:40:49: 读取文件成功
2017-04-23T16:41:48: 读取文件成功
2017-04-23T16:42:49: 读取文件成功
2017-04-23T16:43:49: 读取文件成功
2017-04-23T16:44:49: 读取文件成功
2017-04-23T16:45:49: 读取文件成功
2017-04-23T16:46:49: 读取文件成功
2017-04-23T16:47:50: 读取文件成功
2017-04-23T16:48:50: 读取文件成功
2017-04-23T16:49:49: 读取文件成功
2017-04-23T16:50:49: 读取文件成功
2017-04-23T16:51:49: 读取文件成功
2017-04-23T16:52:49: 读取文件成功
2017-04-23T16:53:49: 读取文件成功
2017-04-23T16:54:49: 读取文件成功
2017-04-23T16:55:49: 读取文件成功
2017-04-23T16:56:49: 读取文件成功
2017-04-23T16:57:49: 读取文件成功
2017-04-23T16:58:50: 读取文件成功
2017-04-23T16:59:51: 读取文件成功
2017-04-23T17:00:49: 读取文件成功
2017-04-23T17:02:49: 读取文件成功
2017-04-23T17:03:49: 读取文件成功
2017-04-23T17:04:49: 读取文件成功
2017-04-23T17:05:49: 读取文件成功
2017-04-23T17:06:49: 读取文件成功
2017-04-23T17:07:49: 读取文件成功
2017-04-23T17:08:49: 读取文件成功
2017-04-23T17:09:49: 读取文件成功
2017-04-23T17:10:49: 读取文件成功
2017-04-23T17:11:49: 读取文件成功
2017-04-23T17:12:49: 读取文件成功
2017-04-23T17:13:49: 读取文件成功
2017-04-23T17:14:49: 读取文件成功
2017-04-23T17:15:50: 读取文件成功
2017-04-23T17:16:49: 读取文件成功
2017-04-23T17:17:49: 读取文件成功
2017-04-23T17:18:49: 读取文件成功
2017-04-23T17:19:49: 读取文件成功
2017-04-23T17:20:49: 读取文件成功
2017-04-23T17:21:49: 读取文件成功
2017-04-23T17:22:49: 读取文件成功
2017-04-23T17:23:49: 读取文件成功
2017-04-23T17:24:49: 读取文件成功
2017-04-23T17:25:49: 读取文件成功
2017-04-23T17:26:49: 读取文件成功
2017-04-23T17:27:49: 读取文件成功
2017-04-23T17:28:50: 读取文件成功
2017-04-23T17:29:49: 读取文件成功
2017-04-23T17:30:49: 读取文件成功
2017-04-23T17:31:50: 读取文件成功
2017-04-23T17:33:49: 读取文件成功
2017-04-23T17:34:49: 读取文件成功
2017-04-23T17:35:49: 读取文件成功
2017-04-23T17:36:50: 读取文件成功
2017-04-23T17:37:49: 读取文件成功
2017-04-23T17:38:49: 读取文件成功
2017-04-23T17:39:49: 读取文件成功
2017-04-23T17:40:50: 读取文件成功
2017-04-23T17:41:49: 读取文件成功
2017-04-23T17:42:49: 读取文件成功
2017-04-23T17:43:49: 读取文件成功
2017-04-23T17:44:50: 读取文件成功
2017-04-23T17:45:49: 读取文件成功
2017-04-23T17:46:50: 读取文件成功
2017-04-23T17:47:49: 读取文件成功
2017-04-23T17:48:49: 读取文件成功
2017-04-23T17:49:49: 读取文件成功
2017-04-23T17:50:49: 读取文件成功
2017-04-23T17:51:49: 读取文件成功
2017-04-23T17:52:49: 读取文件成功
2017-04-23T17:53:49: 读取文件成功
2017-04-23T17:54:49: 读取文件成功
2017-04-23T17:55:49: 读取文件成功
2017-04-23T17:56:49: 读取文件成功
2017-04-23T17:57:49: 读取文件成功
2017-04-23T17:58:51: 读取文件成功
2017-04-23T17:59:49: 读取文件成功
2017-04-23T18:00:49: 读取文件成功
2017-04-23T18:01:50: 读取文件成功
2017-04-23T18:02:49: 读取文件成功
2017-04-23T18:03:50: 读取文件成功
2017-04-23T18:04:49: 读取文件成功
2017-04-23T18:05:50: 读取文件成功
2017-04-23T18:06:49: 读取文件成功
2017-04-23T18:07:49: 读取文件成功
2017-04-23T18:08:49: 读取文件成功
2017-04-23T18:09:49: 读取文件成功
2017-04-23T18:10:49: 读取文件成功
2017-04-23T18:11:49: 读取文件成功
2017-04-23T18:12:49: 读取文件成功
2017-04-23T18:13:50: 读取文件成功
2017-04-23T18:14:49: 读取文件成功
2017-04-23T18:15:49: 读取文件成功
2017-04-23T18:16:50: 读取文件成功
2017-04-23T18:17:49: 读取文件成功
2017-04-23T18:18:49: 读取文件成功
2017-04-23T18:19:50: 读取文件成功
2017-04-23T18:20:50: 读取文件成功
2017-04-23T18:21:50: 读取文件成功
2017-04-23T18:22:50: 读取文件成功
2017-04-23T18:23:49: 读取文件成功
2017-04-23T18:24:49: 读取文件成功
2017-04-23T18:25:49: 读取文件成功
2017-04-23T18:26:49: 读取文件成功
2017-04-23T18:27:49: 读取文件成功
2017-04-23T18:28:50: 读取文件成功
2017-04-23T18:29:49: 读取文件成功
2017-04-23T18:30:50: 读取文件成功
2017-04-23T18:31:50: 读取文件成功
2017-04-23T18:32:49: 读取文件成功
2017-04-23T18:33:50: 读取文件成功
2017-04-23T18:34:50: 读取文件成功
2017-04-23T18:35:50: 读取文件成功
2017-04-23T18:36:50: 读取文件成功
2017-04-23T18:37:50: 读取文件成功
2017-04-23T18:38:50: 读取文件成功
2017-04-23T18:39:50: 读取文件成功
2017-04-23T18:40:50: 读取文件成功
2017-04-23T18:41:50: 读取文件成功
2017-04-23T18:42:50: 读取文件成功
2017-04-23T18:43:50: 读取文件成功
2017-04-23T18:44:50: 读取文件成功
2017-04-23T18:45:51: 读取文件成功
2017-04-23T18:46:50: 读取文件成功
2017-04-23T18:47:51: 读取文件成功
2017-04-23T18:48:50: 读取文件成功
2017-04-23T18:49:50: 读取文件成功
2017-04-23T18:50:50: 读取文件成功
2017-04-23T18:51:50: 读取文件成功
2017-04-23T18:52:50: 读取文件成功
2017-04-23T18:53:50: 读取文件成功
2017-04-23T18:54:50: 读取文件成功
2017-04-23T18:55:50: 读取文件成功
2017-04-23T18:56:50: 读取文件成功
2017-04-23T18:57:50: 读取文件成功
2017-04-23T18:58:50: 读取文件成功
2017-04-23T18:59:50: 读取文件成功
2017-04-23T19:00:50: 读取文件成功
2017-04-23T19:01:50: 读取文件成功
2017-04-23T19:02:50: 读取文件成功
2017-04-23T19:03:50: 读取文件成功
2017-04-23T19:04:51: 读取文件成功
2017-04-23T19:05:50: 读取文件成功
2017-04-23T19:06:50: 读取文件成功
2017-04-23T19:07:51: 读取文件成功
2017-04-23T19:08:50: 读取文件成功
2017-04-23T19:09:53: 读取文件成功
2017-04-23T19:10:50: 读取文件成功
2017-04-23T19:11:50: 读取文件成功
2017-04-23T19:12:50: 读取文件成功
2017-04-23T19:13:50: 读取文件成功
2017-04-23T19:14:50: 读取文件成功
2017-04-23T19:15:51: 读取文件成功
2017-04-23T19:16:50: 读取文件成功
2017-04-23T19:17:50: 读取文件成功
2017-04-23T19:18:50: 读取文件成功
2017-04-23T19:19:51: 读取文件成功
2017-04-23T19:20:50: 读取文件成功
2017-04-23T19:21:50: 读取文件成功
2017-04-23T19:22:50: 读取文件成功
2017-04-23T19:23:50: 读取文件成功
2017-04-23T19:24:50: 读取文件成功
2017-04-23T19:25:50: 读取文件成功
2017-04-23T19:26:50: 读取文件成功
2017-04-23T19:27:50: 读取文件成功
2017-04-23T19:28:50: 读取文件成功
2017-04-23T19:29:50: 读取文件成功
2017-04-23T19:30:50: 读取文件成功
2017-04-23T19:31:50: 读取文件成功
2017-04-23T19:32:50: 读取文件成功
2017-04-23T19:33:50: 读取文件成功
2017-04-23T19:34:50: 读取文件成功
2017-04-23T19:35:50: 读取文件成功
2017-04-23T19:36:50: 读取文件成功
2017-04-23T19:37:50: 读取文件成功
2017-04-23T19:38:50: 读取文件成功
2017-04-23T19:39:50: 读取文件成功
2017-04-23T19:40:50: 读取文件成功
2017-04-23T19:41:51: 读取文件成功
2017-04-23T19:42:50: 读取文件成功
2017-04-23T19:43:51: 读取文件成功
2017-04-23T19:44:50: 读取文件成功
2017-04-23T19:45:50: 读取文件成功
2017-04-23T19:46:50: 读取文件成功
2017-04-23T19:47:50: 读取文件成功
2017-04-23T19:48:50: 读取文件成功
2017-04-23T19:49:51: 读取文件成功
2017-04-23T19:50:54: 读取文件成功
2017-04-23T19:51:51: 读取文件成功
2017-04-23T19:52:51: 读取文件成功
2017-04-23T19:53:50: 读取文件成功
2017-04-23T19:54:51: 读取文件成功
2017-04-23T19:55:50: 读取文件成功
2017-04-23T19:56:51: 读取文件成功
2017-04-23T19:57:50: 读取文件成功
2017-04-23T19:58:50: 读取文件成功
2017-04-23T19:59:50: 读取文件成功
2017-04-23T20:00:51: 读取文件成功
2017-04-23T20:01:51: 读取文件成功
2017-04-23T20:02:51: 读取文件成功
2017-04-23T20:03:51: 读取文件成功
2017-04-23T20:04:53: 读取文件成功
2017-04-23T20:05:51: 读取文件成功
2017-04-23T20:06:50: 读取文件成功
2017-04-23T20:07:50: 读取文件成功
2017-04-23T20:08:51: 读取文件成功
2017-04-23T20:09:50: 读取文件成功
2017-04-23T20:10:50: 读取文件成功
2017-04-23T20:11:50: 读取文件成功
2017-04-23T20:12:50: 读取文件成功
2017-04-23T20:13:54: 读取文件成功
2017-04-23T20:14:50: 读取文件成功
2017-04-23T20:15:51: 读取文件成功
2017-04-23T20:16:51: 读取文件成功
2017-04-23T20:17:52: 读取文件成功
2017-04-23T20:18:51: 读取文件成功
2017-04-23T20:19:51: 读取文件成功
2017-04-23T20:20:50: 读取文件成功
2017-04-23T20:21:50: 读取文件成功
2017-04-23T20:22:51: 读取文件成功
2017-04-23T20:23:51: 读取文件成功
2017-04-23T20:24:52: 读取文件成功
2017-04-23T20:25:51: 读取文件成功
2017-04-23T20:26:51: 读取文件成功
2017-04-23T20:27:51: 读取文件成功
2017-04-23T20:28:52: 读取文件成功
2017-04-23T20:29:51: 读取文件成功
2017-04-23T20:30:51: 读取文件成功
2017-04-23T20:31:51: 读取文件成功
2017-04-23T20:32:52: 读取文件成功
2017-04-23T20:33:51: 读取文件成功
2017-04-23T20:34:51: 读取文件成功
2017-04-23T20:35:51: 读取文件成功
2017-04-23T20:36:51: 读取文件成功
2017-04-23T20:37:51: 读取文件成功
2017-04-23T20:38:51: 读取文件成功
2017-04-23T20:39:51: 读取文件成功
2017-04-23T20:40:51: 读取文件成功
2017-04-23T20:41:51: 读取文件成功
2017-04-23T20:42:51: 读取文件成功
2017-04-23T20:43:51: 读取文件成功
2017-04-23T20:44:51: 读取文件成功
2017-04-23T20:45:52: 读取文件成功
2017-04-23T20:46:51: 读取文件成功
2017-04-23T20:47:51: 读取文件成功
2017-04-23T20:48:52: 读取文件成功
2017-04-23T20:49:51: 读取文件成功
2017-04-23T20:50:51: 读取文件成功
2017-04-23T20:51:51: 读取文件成功
2017-04-23T20:52:51: 读取文件成功
2017-04-23T20:53:51: 读取文件成功
2017-04-23T20:54:51: 读取文件成功
2017-04-23T20:55:51: 读取文件成功
2017-04-23T20:56:54: 读取文件成功
2017-04-23T20:57:51: 读取文件成功
2017-04-23T20:58:51: 读取文件成功
2017-04-23T20:59:52: 读取文件成功
2017-04-23T21:00:51: 读取文件成功
2017-04-23T21:01:51: 读取文件成功
2017-04-23T21:02:51: 读取文件成功
2017-04-23T21:03:51: 读取文件成功
2017-04-23T21:04:51: 读取文件成功
2017-04-23T21:05:51: 读取文件成功
2017-04-23T21:06:51: 读取文件成功
2017-04-23T21:07:51: 读取文件成功
2017-04-23T21:08:52: 读取文件成功
2017-04-23T21:09:51: 读取文件成功
2017-04-23T21:10:52: 读取文件成功
2017-04-23T21:11:52: 读取文件成功
2017-04-23T21:12:51: 读取文件成功
2017-04-23T21:13:51: 读取文件成功
2017-04-23T21:14:51: 读取文件成功
2017-04-23T21:15:52: 读取文件成功
2017-04-23T21:16:51: 读取文件成功
2017-04-23T21:17:51: 读取文件成功
2017-04-23T21:18:51: 读取文件成功
2017-04-23T21:19:51: 读取文件成功
2017-04-23T21:20:51: 读取文件成功
2017-04-23T21:21:51: 读取文件成功
2017-04-23T21:22:51: 读取文件成功
2017-04-23T21:23:51: 读取文件成功
2017-04-23T21:24:51: 读取文件成功
2017-04-23T21:25:51: 读取文件成功
2017-04-23T21:26:51: 读取文件成功
2017-04-23T21:27:51: 读取文件成功
2017-04-23T21:28:52: 读取文件成功
2017-04-23T21:29:51: 读取文件成功
2017-04-23T21:30:51: 读取文件成功
2017-04-23T21:31:52: 读取文件成功
2017-04-23T21:32:51: 读取文件成功
2017-04-23T21:33:51: 读取文件成功
2017-04-23T21:34:52: 读取文件成功
2017-04-23T21:35:52: 读取文件成功
2017-04-23T21:36:51: 读取文件成功
2017-04-23T21:37:51: 读取文件成功
2017-04-23T21:38:51: 读取文件成功
2017-04-23T21:39:51: 读取文件成功
2017-04-23T21:40:52: 读取文件成功
2017-04-23T21:41:51: 读取文件成功
2017-04-23T21:42:51: 读取文件成功
2017-04-23T21:43:51: 读取文件成功
2017-04-23T21:44:52: 读取文件成功
2017-04-23T21:45:53: 读取文件成功
2017-04-23T21:46:51: 读取文件成功
2017-04-23T21:47:52: 读取文件成功
2017-04-23T21:48:52: 读取文件成功
2017-04-23T21:49:51: 读取文件成功
2017-04-23T21:50:51: 读取文件成功
2017-04-23T21:51:51: 读取文件成功
2017-04-23T21:52:51: 读取文件成功
2017-04-23T21:53:52: 读取文件成功
2017-04-23T21:54:52: 读取文件成功
2017-04-23T21:55:52: 读取文件成功
2017-04-23T21:56:52: 读取文件成功
2017-04-23T21:57:52: 读取文件成功
2017-04-23T21:58:52: 读取文件成功
2017-04-23T21:59:51: 读取文件成功
2017-04-23T22:00:51: 读取文件成功
2017-04-23T22:01:52: 读取文件成功
2017-04-23T22:02:52: 读取文件成功
2017-04-23T22:03:52: 读取文件成功
2017-04-23T22:04:51: 读取文件成功
2017-04-23T22:05:54: 读取文件成功
2017-04-23T22:06:51: 读取文件成功
2017-04-23T22:07:51: 读取文件成功
2017-04-23T22:08:52: 读取文件成功
2017-04-23T22:09:52: 读取文件成功
2017-04-23T22:10:52: 读取文件成功
2017-04-23T22:11:53: 读取文件成功
2017-04-23T22:12:52: 读取文件成功
2017-04-23T22:13:52: 读取文件成功
2017-04-23T22:14:52: 读取文件成功
2017-04-23T22:15:53: 读取文件成功
2017-04-23T22:16:52: 读取文件成功
2017-04-23T22:17:52: 读取文件成功
2017-04-23T22:18:52: 读取文件成功
2017-04-23T22:19:52: 读取文件成功
2017-04-23T22:20:52: 读取文件成功
2017-04-23T22:21:52: 读取文件成功
2017-04-23T22:22:52: 读取文件成功
2017-04-23T22:23:52: 读取文件成功
2017-04-23T22:24:52: 读取文件成功
2017-04-23T22:25:52: 读取文件成功
2017-04-23T22:26:52: 读取文件成功
2017-04-23T22:27:52: 读取文件成功
2017-04-23T22:28:52: 读取文件成功
2017-04-23T22:29:52: 读取文件成功
2017-04-23T22:30:52: 读取文件成功
2017-04-23T22:31:52: 读取文件成功
2017-04-23T22:32:52: 读取文件成功
2017-04-23T22:33:53: 读取文件成功
2017-04-23T22:34:53: 读取文件成功
2017-04-23T22:35:52: 读取文件成功
2017-04-23T22:36:52: 读取文件成功
2017-04-23T22:37:52: 读取文件成功
2017-04-23T22:38:52: 读取文件成功
2017-04-23T22:39:52: 读取文件成功
2017-04-23T22:40:52: 读取文件成功
2017-04-23T22:41:52: 读取文件成功
2017-04-23T22:42:52: 读取文件成功
2017-04-23T22:43:52: 读取文件成功
2017-04-23T22:44:52: 读取文件成功
2017-04-23T22:45:53: 读取文件成功
2017-04-23T22:46:52: 读取文件成功
2017-04-23T22:47:52: 读取文件成功
2017-04-23T22:48:52: 读取文件成功
2017-04-23T22:49:52: 读取文件成功
2017-04-23T22:50:53: 读取文件成功
2017-04-23T22:51:52: 读取文件成功
2017-04-23T22:52:52: 读取文件成功
2017-04-23T22:53:52: 读取文件成功
2017-04-23T22:54:52: 读取文件成功
2017-04-23T22:55:52: 读取文件成功
2017-04-23T22:56:52: 读取文件成功
2017-04-23T22:57:52: 读取文件成功
2017-04-23T22:58:52: 读取文件成功
2017-04-23T22:59:52: 读取文件成功
2017-04-23T23:00:52: 读取文件成功
2017-04-23T23:01:52: 读取文件成功
2017-04-23T23:02:52: 读取文件成功
2017-04-23T23:03:52: 读取文件成功
2017-04-23T23:04:52: 读取文件成功
2017-04-23T23:05:52: 读取文件成功
2017-04-23T23:06:52: 读取文件成功
2017-04-23T23:07:53: 读取文件成功
2017-04-23T23:08:52: 读取文件成功
2017-04-23T23:09:52: 读取文件成功
2017-04-23T23:10:52: 读取文件成功
2017-04-23T23:11:52: 读取文件成功
2017-04-23T23:12:52: 读取文件成功
2017-04-23T23:13:52: 读取文件成功
2017-04-23T23:14:53: 读取文件成功
2017-04-23T23:15:52: 读取文件成功
2017-04-23T23:16:53: 读取文件成功
2017-04-23T23:17:52: 读取文件成功
2017-04-23T23:18:52: 读取文件成功
2017-04-23T23:19:52: 读取文件成功
2017-04-23T23:20:52: 读取文件成功
2017-04-23T23:21:52: 读取文件成功
2017-04-23T23:22:52: 读取文件成功
2017-04-23T23:23:52: 读取文件成功
2017-04-23T23:24:52: 读取文件成功
2017-04-23T23:25:52: 读取文件成功
2017-04-23T23:26:52: 读取文件成功
2017-04-23T23:27:52: 读取文件成功
2017-04-23T23:28:52: 读取文件成功
2017-04-23T23:29:52: 读取文件成功
2017-04-23T23:30:53: 读取文件成功
2017-04-23T23:31:52: 读取文件成功
2017-04-23T23:32:52: 读取文件成功
2017-04-23T23:33:53: 读取文件成功
2017-04-23T23:34:52: 读取文件成功
2017-04-23T23:35:53: 读取文件成功
2017-04-23T23:36:52: 读取文件成功
2017-04-23T23:37:53: 读取文件成功
2017-04-23T23:38:52: 读取文件成功
2017-04-23T23:39:52: 读取文件成功
2017-04-23T23:40:53: 读取文件成功
2017-04-23T23:41:52: 读取文件成功
2017-04-23T23:42:52: 读取文件成功
2017-04-23T23:43:52: 读取文件成功
2017-04-23T23:44:53: 读取文件成功
2017-04-23T23:45:53: 读取文件成功
2017-04-23T23:46:52: 读取文件成功
2017-04-23T23:47:52: 读取文件成功
2017-04-23T23:48:52: 读取文件成功
2017-04-23T23:49:56: 读取文件成功
2017-04-23T23:50:52: 非记录时间：2017-04-23T23:50:52+08:00
2017-04-23T23:51:52: 非记录时间：2017-04-23T23:51:52+08:00
2017-04-23T23:52:52: 非记录时间：2017-04-23T23:52:52+08:00
2017-04-23T23:53:52: 非记录时间：2017-04-23T23:53:52+08:00
2017-04-23T23:54:52: 非记录时间：2017-04-23T23:54:52+08:00
2017-04-23T23:55:52: 非记录时间：2017-04-23T23:55:52+08:00
2017-04-23T23:56:52: 非记录时间：2017-04-23T23:56:52+08:00
2017-04-23T23:57:52: 非记录时间：2017-04-23T23:57:52+08:00
2017-04-23T23:58:52: 非记录时间：2017-04-23T23:58:52+08:00
2017-04-23T23:59:52: 非记录时间：2017-04-23T23:59:52+08:00
