2017-03-12T00:00:03: 非记录时间：2017-03-12T00:00:03+08:00
2017-03-12T00:00:13: 非记录时间：2017-03-12T00:00:13+08:00
2017-03-12T00:00:23: 非记录时间：2017-03-12T00:00:23+08:00
2017-03-12T00:00:33: 非记录时间：2017-03-12T00:00:33+08:00
2017-03-12T00:00:43: 非记录时间：2017-03-12T00:00:43+08:00
2017-03-12T00:00:53: 非记录时间：2017-03-12T00:00:53+08:00
2017-03-12T00:01:03: 非记录时间：2017-03-12T00:01:03+08:00
2017-03-12T00:01:13: 非记录时间：2017-03-12T00:01:13+08:00
2017-03-12T00:01:23: 非记录时间：2017-03-12T00:01:23+08:00
2017-03-12T00:01:33: 非记录时间：2017-03-12T00:01:33+08:00
2017-03-12T00:01:43: 非记录时间：2017-03-12T00:01:43+08:00
2017-03-12T00:01:53: 非记录时间：2017-03-12T00:01:53+08:00
2017-03-12T00:02:03: 非记录时间：2017-03-12T00:02:03+08:00
2017-03-12T00:02:13: 非记录时间：2017-03-12T00:02:13+08:00
2017-03-12T00:02:23: 非记录时间：2017-03-12T00:02:23+08:00
2017-03-12T00:02:33: 非记录时间：2017-03-12T00:02:33+08:00
2017-03-12T00:02:43: 非记录时间：2017-03-12T00:02:43+08:00
2017-03-12T00:02:53: 非记录时间：2017-03-12T00:02:53+08:00
2017-03-12T00:03:03: 非记录时间：2017-03-12T00:03:03+08:00
2017-03-12T00:03:13: 非记录时间：2017-03-12T00:03:13+08:00
2017-03-12T00:03:23: 非记录时间：2017-03-12T00:03:23+08:00
2017-03-12T00:03:33: 非记录时间：2017-03-12T00:03:33+08:00
2017-03-12T00:03:43: 非记录时间：2017-03-12T00:03:43+08:00
2017-03-12T00:03:53: 非记录时间：2017-03-12T00:03:53+08:00
2017-03-12T00:04:03: 非记录时间：2017-03-12T00:04:03+08:00
2017-03-12T00:04:13: 非记录时间：2017-03-12T00:04:13+08:00
2017-03-12T00:04:23: 非记录时间：2017-03-12T00:04:23+08:00
2017-03-12T00:04:33: 非记录时间：2017-03-12T00:04:33+08:00
2017-03-12T00:04:43: 非记录时间：2017-03-12T00:04:43+08:00
2017-03-12T00:04:53: 非记录时间：2017-03-12T00:04:53+08:00
2017-03-12T00:05:03: 非记录时间：2017-03-12T00:05:03+08:00
2017-03-12T00:05:13: 非记录时间：2017-03-12T00:05:13+08:00
2017-03-12T00:05:23: 非记录时间：2017-03-12T00:05:23+08:00
2017-03-12T00:05:33: 非记录时间：2017-03-12T00:05:33+08:00
2017-03-12T00:05:43: 非记录时间：2017-03-12T00:05:43+08:00
2017-03-12T00:05:53: 非记录时间：2017-03-12T00:05:53+08:00
2017-03-12T00:06:03: 非记录时间：2017-03-12T00:06:03+08:00
2017-03-12T00:06:13: 非记录时间：2017-03-12T00:06:13+08:00
2017-03-12T00:06:23: 非记录时间：2017-03-12T00:06:23+08:00
2017-03-12T00:06:33: 非记录时间：2017-03-12T00:06:33+08:00
2017-03-12T00:06:43: 非记录时间：2017-03-12T00:06:43+08:00
2017-03-12T00:06:53: 非记录时间：2017-03-12T00:06:53+08:00
2017-03-12T00:07:03: 非记录时间：2017-03-12T00:07:03+08:00
2017-03-12T00:07:13: 非记录时间：2017-03-12T00:07:13+08:00
2017-03-12T00:07:23: 非记录时间：2017-03-12T00:07:23+08:00
2017-03-12T00:07:33: 非记录时间：2017-03-12T00:07:33+08:00
2017-03-12T00:07:43: 非记录时间：2017-03-12T00:07:43+08:00
2017-03-12T00:07:53: 非记录时间：2017-03-12T00:07:53+08:00
2017-03-12T00:08:03: 非记录时间：2017-03-12T00:08:03+08:00
2017-03-12T00:08:13: 非记录时间：2017-03-12T00:08:13+08:00
2017-03-12T00:08:23: 非记录时间：2017-03-12T00:08:23+08:00
2017-03-12T00:08:33: 非记录时间：2017-03-12T00:08:33+08:00
2017-03-12T00:08:43: 非记录时间：2017-03-12T00:08:43+08:00
2017-03-12T00:08:53: 非记录时间：2017-03-12T00:08:53+08:00
2017-03-12T00:09:03: 非记录时间：2017-03-12T00:09:03+08:00
2017-03-12T00:09:13: 非记录时间：2017-03-12T00:09:13+08:00
2017-03-12T00:09:23: 非记录时间：2017-03-12T00:09:23+08:00
2017-03-12T00:09:33: 非记录时间：2017-03-12T00:09:33+08:00
2017-03-12T00:09:43: 非记录时间：2017-03-12T00:09:43+08:00
2017-03-12T00:09:53: 非记录时间：2017-03-12T00:09:53+08:00
2017-03-12T00:10:03: 非记录时间：2017-03-12T00:10:03+08:00
2017-03-12T00:10:13: 非记录时间：2017-03-12T00:10:13+08:00
2017-03-12T00:10:23: 非记录时间：2017-03-12T00:10:23+08:00
2017-03-12T00:10:33: 非记录时间：2017-03-12T00:10:33+08:00
2017-03-12T00:10:43: 非记录时间：2017-03-12T00:10:43+08:00
2017-03-12T00:10:53: 非记录时间：2017-03-12T00:10:53+08:00
2017-03-12T00:11:03: 非记录时间：2017-03-12T00:11:03+08:00
2017-03-12T00:11:13: 非记录时间：2017-03-12T00:11:13+08:00
2017-03-12T00:11:23: 非记录时间：2017-03-12T00:11:23+08:00
2017-03-12T00:11:33: 非记录时间：2017-03-12T00:11:33+08:00
2017-03-12T00:11:43: 非记录时间：2017-03-12T00:11:43+08:00
2017-03-12T00:11:53: 非记录时间：2017-03-12T00:11:53+08:00
2017-03-12T00:12:03: 非记录时间：2017-03-12T00:12:03+08:00
2017-03-12T00:12:13: 非记录时间：2017-03-12T00:12:13+08:00
2017-03-12T00:12:23: 非记录时间：2017-03-12T00:12:23+08:00
2017-03-12T00:12:33: 非记录时间：2017-03-12T00:12:33+08:00
2017-03-12T00:12:43: 非记录时间：2017-03-12T00:12:43+08:00
2017-03-12T00:12:53: 非记录时间：2017-03-12T00:12:53+08:00
2017-03-12T00:13:03: 非记录时间：2017-03-12T00:13:03+08:00
2017-03-12T00:13:13: 非记录时间：2017-03-12T00:13:13+08:00
2017-03-12T00:13:23: 非记录时间：2017-03-12T00:13:23+08:00
2017-03-12T00:13:33: 非记录时间：2017-03-12T00:13:33+08:00
2017-03-12T00:13:43: 非记录时间：2017-03-12T00:13:43+08:00
2017-03-12T00:13:53: 非记录时间：2017-03-12T00:13:53+08:00
2017-03-12T00:14:03: 非记录时间：2017-03-12T00:14:03+08:00
2017-03-12T00:14:13: 非记录时间：2017-03-12T00:14:13+08:00
2017-03-12T00:14:23: 非记录时间：2017-03-12T00:14:23+08:00
2017-03-12T00:14:33: 非记录时间：2017-03-12T00:14:33+08:00
2017-03-12T00:14:43: 非记录时间：2017-03-12T00:14:43+08:00
2017-03-12T00:14:53: 非记录时间：2017-03-12T00:14:53+08:00
2017-03-12T00:15:03: 非记录时间：2017-03-12T00:15:03+08:00
2017-03-12T00:15:13: 非记录时间：2017-03-12T00:15:13+08:00
2017-03-12T00:15:23: 非记录时间：2017-03-12T00:15:23+08:00
2017-03-12T00:15:33: 非记录时间：2017-03-12T00:15:33+08:00
2017-03-12T00:15:43: 非记录时间：2017-03-12T00:15:43+08:00
2017-03-12T00:15:53: 非记录时间：2017-03-12T00:15:53+08:00
2017-03-12T00:16:03: 非记录时间：2017-03-12T00:16:03+08:00
2017-03-12T00:16:13: 非记录时间：2017-03-12T00:16:13+08:00
2017-03-12T00:16:23: 非记录时间：2017-03-12T00:16:23+08:00
2017-03-12T00:16:33: 非记录时间：2017-03-12T00:16:33+08:00
2017-03-12T00:16:43: 非记录时间：2017-03-12T00:16:43+08:00
2017-03-12T00:16:53: 非记录时间：2017-03-12T00:16:53+08:00
2017-03-12T00:17:03: 非记录时间：2017-03-12T00:17:03+08:00
2017-03-12T00:17:13: 非记录时间：2017-03-12T00:17:13+08:00
2017-03-12T00:17:23: 非记录时间：2017-03-12T00:17:23+08:00
2017-03-12T00:17:33: 非记录时间：2017-03-12T00:17:33+08:00
2017-03-12T00:17:43: 非记录时间：2017-03-12T00:17:43+08:00
2017-03-12T00:17:53: 非记录时间：2017-03-12T00:17:53+08:00
2017-03-12T00:18:03: 非记录时间：2017-03-12T00:18:03+08:00
2017-03-12T00:18:13: 非记录时间：2017-03-12T00:18:13+08:00
2017-03-12T00:18:23: 非记录时间：2017-03-12T00:18:23+08:00
2017-03-12T00:18:33: 非记录时间：2017-03-12T00:18:33+08:00
2017-03-12T00:18:43: 非记录时间：2017-03-12T00:18:43+08:00
2017-03-12T00:18:53: 非记录时间：2017-03-12T00:18:53+08:00
2017-03-12T00:19:03: 非记录时间：2017-03-12T00:19:03+08:00
2017-03-12T00:19:13: 非记录时间：2017-03-12T00:19:13+08:00
2017-03-12T00:19:23: 非记录时间：2017-03-12T00:19:23+08:00
2017-03-12T00:19:33: 非记录时间：2017-03-12T00:19:33+08:00
2017-03-12T00:19:43: 非记录时间：2017-03-12T00:19:43+08:00
2017-03-12T00:19:53: 非记录时间：2017-03-12T00:19:53+08:00
2017-03-12T00:20:03: 非记录时间：2017-03-12T00:20:03+08:00
2017-03-12T00:20:13: 非记录时间：2017-03-12T00:20:13+08:00
2017-03-12T00:20:23: 非记录时间：2017-03-12T00:20:23+08:00
2017-03-12T00:20:33: 非记录时间：2017-03-12T00:20:33+08:00
2017-03-12T00:20:43: 非记录时间：2017-03-12T00:20:43+08:00
2017-03-12T00:20:53: 非记录时间：2017-03-12T00:20:53+08:00
2017-03-12T00:21:03: 非记录时间：2017-03-12T00:21:03+08:00
2017-03-12T00:21:13: 非记录时间：2017-03-12T00:21:13+08:00
2017-03-12T00:21:23: 非记录时间：2017-03-12T00:21:23+08:00
2017-03-12T00:21:33: 非记录时间：2017-03-12T00:21:33+08:00
2017-03-12T00:21:43: 非记录时间：2017-03-12T00:21:43+08:00
2017-03-12T00:21:53: 非记录时间：2017-03-12T00:21:53+08:00
2017-03-12T00:22:03: 非记录时间：2017-03-12T00:22:03+08:00
2017-03-12T00:22:13: 非记录时间：2017-03-12T00:22:13+08:00
2017-03-12T00:22:23: 非记录时间：2017-03-12T00:22:23+08:00
2017-03-12T00:22:33: 非记录时间：2017-03-12T00:22:33+08:00
2017-03-12T00:22:43: 非记录时间：2017-03-12T00:22:43+08:00
2017-03-12T00:22:53: 非记录时间：2017-03-12T00:22:53+08:00
2017-03-12T00:23:03: 非记录时间：2017-03-12T00:23:03+08:00
2017-03-12T00:23:13: 非记录时间：2017-03-12T00:23:13+08:00
2017-03-12T00:23:23: 非记录时间：2017-03-12T00:23:23+08:00
2017-03-12T00:23:33: 非记录时间：2017-03-12T00:23:33+08:00
2017-03-12T00:23:43: 非记录时间：2017-03-12T00:23:43+08:00
2017-03-12T00:23:53: 非记录时间：2017-03-12T00:23:53+08:00
2017-03-12T00:24:03: 非记录时间：2017-03-12T00:24:03+08:00
2017-03-12T00:24:13: 非记录时间：2017-03-12T00:24:13+08:00
2017-03-12T00:24:23: 非记录时间：2017-03-12T00:24:23+08:00
2017-03-12T00:24:33: 非记录时间：2017-03-12T00:24:33+08:00
2017-03-12T00:24:43: 非记录时间：2017-03-12T00:24:43+08:00
2017-03-12T00:24:53: 非记录时间：2017-03-12T00:24:53+08:00
2017-03-12T00:25:03: 非记录时间：2017-03-12T00:25:03+08:00
2017-03-12T00:25:13: 非记录时间：2017-03-12T00:25:13+08:00
2017-03-12T00:25:23: 非记录时间：2017-03-12T00:25:23+08:00
2017-03-12T00:25:33: 非记录时间：2017-03-12T00:25:33+08:00
2017-03-12T00:25:43: 非记录时间：2017-03-12T00:25:43+08:00
2017-03-12T00:25:53: 非记录时间：2017-03-12T00:25:53+08:00
2017-03-12T00:26:03: 非记录时间：2017-03-12T00:26:03+08:00
2017-03-12T00:26:13: 非记录时间：2017-03-12T00:26:13+08:00
2017-03-12T00:26:23: 非记录时间：2017-03-12T00:26:23+08:00
2017-03-12T00:26:33: 非记录时间：2017-03-12T00:26:33+08:00
2017-03-12T00:26:43: 非记录时间：2017-03-12T00:26:43+08:00
2017-03-12T00:26:53: 非记录时间：2017-03-12T00:26:53+08:00
2017-03-12T00:27:03: 非记录时间：2017-03-12T00:27:03+08:00
2017-03-12T00:27:13: 非记录时间：2017-03-12T00:27:13+08:00
2017-03-12T00:27:23: 非记录时间：2017-03-12T00:27:23+08:00
2017-03-12T00:27:33: 非记录时间：2017-03-12T00:27:33+08:00
2017-03-12T00:27:43: 非记录时间：2017-03-12T00:27:43+08:00
2017-03-12T00:27:53: 非记录时间：2017-03-12T00:27:53+08:00
2017-03-12T00:28:03: 非记录时间：2017-03-12T00:28:03+08:00
2017-03-12T00:28:13: 非记录时间：2017-03-12T00:28:13+08:00
2017-03-12T00:28:23: 非记录时间：2017-03-12T00:28:23+08:00
2017-03-12T00:28:33: 非记录时间：2017-03-12T00:28:33+08:00
2017-03-12T00:28:43: 非记录时间：2017-03-12T00:28:43+08:00
2017-03-12T00:28:53: 非记录时间：2017-03-12T00:28:53+08:00
2017-03-12T00:29:03: 非记录时间：2017-03-12T00:29:03+08:00
2017-03-12T00:29:13: 非记录时间：2017-03-12T00:29:13+08:00
2017-03-12T00:29:23: 非记录时间：2017-03-12T00:29:23+08:00
2017-03-12T00:29:33: 非记录时间：2017-03-12T00:29:33+08:00
2017-03-12T00:29:43: 非记录时间：2017-03-12T00:29:43+08:00
2017-03-12T00:29:53: 非记录时间：2017-03-12T00:29:53+08:00
2017-03-12T00:30:03: 非记录时间：2017-03-12T00:30:03+08:00
2017-03-12T00:30:13: 非记录时间：2017-03-12T00:30:13+08:00
2017-03-12T00:30:23: 非记录时间：2017-03-12T00:30:23+08:00
2017-03-12T00:30:33: 非记录时间：2017-03-12T00:30:33+08:00
2017-03-12T00:30:43: 非记录时间：2017-03-12T00:30:43+08:00
2017-03-12T00:30:53: 非记录时间：2017-03-12T00:30:53+08:00
2017-03-12T00:31:03: 非记录时间：2017-03-12T00:31:03+08:00
2017-03-12T00:31:13: 非记录时间：2017-03-12T00:31:13+08:00
2017-03-12T00:31:23: 非记录时间：2017-03-12T00:31:23+08:00
2017-03-12T00:31:33: 非记录时间：2017-03-12T00:31:33+08:00
2017-03-12T00:31:43: 非记录时间：2017-03-12T00:31:43+08:00
2017-03-12T00:31:53: 非记录时间：2017-03-12T00:31:53+08:00
2017-03-12T00:32:03: 非记录时间：2017-03-12T00:32:03+08:00
2017-03-12T00:32:13: 非记录时间：2017-03-12T00:32:13+08:00
2017-03-12T00:32:23: 非记录时间：2017-03-12T00:32:23+08:00
2017-03-12T00:32:33: 非记录时间：2017-03-12T00:32:33+08:00
2017-03-12T00:32:43: 非记录时间：2017-03-12T00:32:43+08:00
2017-03-12T00:32:53: 非记录时间：2017-03-12T00:32:53+08:00
2017-03-12T00:33:03: 非记录时间：2017-03-12T00:33:03+08:00
2017-03-12T00:33:13: 非记录时间：2017-03-12T00:33:13+08:00
2017-03-12T00:33:23: 非记录时间：2017-03-12T00:33:23+08:00
2017-03-12T00:33:33: 非记录时间：2017-03-12T00:33:33+08:00
2017-03-12T00:33:43: 非记录时间：2017-03-12T00:33:43+08:00
2017-03-12T00:33:53: 非记录时间：2017-03-12T00:33:53+08:00
2017-03-12T00:34:03: 非记录时间：2017-03-12T00:34:03+08:00
2017-03-12T00:34:13: 非记录时间：2017-03-12T00:34:13+08:00
2017-03-12T00:34:23: 非记录时间：2017-03-12T00:34:23+08:00
2017-03-12T00:34:33: 非记录时间：2017-03-12T00:34:33+08:00
2017-03-12T00:34:43: 非记录时间：2017-03-12T00:34:43+08:00
2017-03-12T00:34:53: 非记录时间：2017-03-12T00:34:53+08:00
2017-03-12T00:35:03: 非记录时间：2017-03-12T00:35:03+08:00
2017-03-12T00:35:13: 非记录时间：2017-03-12T00:35:13+08:00
2017-03-12T00:35:23: 非记录时间：2017-03-12T00:35:23+08:00
2017-03-12T00:35:33: 非记录时间：2017-03-12T00:35:33+08:00
2017-03-12T00:35:44: 非记录时间：2017-03-12T00:35:44+08:00
2017-03-12T00:35:54: 非记录时间：2017-03-12T00:35:54+08:00
2017-03-12T00:36:04: 非记录时间：2017-03-12T00:36:04+08:00
2017-03-12T00:36:14: 非记录时间：2017-03-12T00:36:14+08:00
2017-03-12T00:36:24: 非记录时间：2017-03-12T00:36:24+08:00
2017-03-12T00:36:34: 非记录时间：2017-03-12T00:36:34+08:00
2017-03-12T00:36:44: 非记录时间：2017-03-12T00:36:44+08:00
2017-03-12T00:36:54: 非记录时间：2017-03-12T00:36:54+08:00
2017-03-12T00:37:04: 非记录时间：2017-03-12T00:37:04+08:00
2017-03-12T00:37:14: 非记录时间：2017-03-12T00:37:14+08:00
2017-03-12T00:37:24: 非记录时间：2017-03-12T00:37:24+08:00
2017-03-12T00:37:34: 非记录时间：2017-03-12T00:37:34+08:00
2017-03-12T00:37:44: 非记录时间：2017-03-12T00:37:44+08:00
2017-03-12T00:37:54: 非记录时间：2017-03-12T00:37:54+08:00
2017-03-12T00:38:04: 非记录时间：2017-03-12T00:38:04+08:00
2017-03-12T00:38:14: 非记录时间：2017-03-12T00:38:14+08:00
2017-03-12T00:38:24: 非记录时间：2017-03-12T00:38:24+08:00
2017-03-12T00:38:34: 非记录时间：2017-03-12T00:38:34+08:00
2017-03-12T00:38:44: 非记录时间：2017-03-12T00:38:44+08:00
2017-03-12T00:38:54: 非记录时间：2017-03-12T00:38:54+08:00
2017-03-12T00:39:04: 非记录时间：2017-03-12T00:39:04+08:00
2017-03-12T00:39:14: 非记录时间：2017-03-12T00:39:14+08:00
2017-03-12T00:39:24: 非记录时间：2017-03-12T00:39:24+08:00
2017-03-12T00:39:34: 非记录时间：2017-03-12T00:39:34+08:00
2017-03-12T00:39:44: 非记录时间：2017-03-12T00:39:44+08:00
2017-03-12T00:39:54: 非记录时间：2017-03-12T00:39:54+08:00
2017-03-12T00:40:04: 非记录时间：2017-03-12T00:40:04+08:00
2017-03-12T00:40:14: 非记录时间：2017-03-12T00:40:14+08:00
2017-03-12T00:40:24: 非记录时间：2017-03-12T00:40:24+08:00
2017-03-12T00:40:34: 非记录时间：2017-03-12T00:40:34+08:00
2017-03-12T00:40:44: 非记录时间：2017-03-12T00:40:44+08:00
2017-03-12T00:40:54: 非记录时间：2017-03-12T00:40:54+08:00
2017-03-12T00:41:04: 非记录时间：2017-03-12T00:41:04+08:00
2017-03-12T00:41:14: 非记录时间：2017-03-12T00:41:14+08:00
2017-03-12T00:41:24: 非记录时间：2017-03-12T00:41:24+08:00
2017-03-12T00:41:34: 非记录时间：2017-03-12T00:41:34+08:00
2017-03-12T00:41:44: 非记录时间：2017-03-12T00:41:44+08:00
2017-03-12T00:41:54: 非记录时间：2017-03-12T00:41:54+08:00
2017-03-12T00:42:04: 非记录时间：2017-03-12T00:42:04+08:00
2017-03-12T00:42:14: 非记录时间：2017-03-12T00:42:14+08:00
2017-03-12T00:42:24: 非记录时间：2017-03-12T00:42:24+08:00
2017-03-12T00:42:34: 非记录时间：2017-03-12T00:42:34+08:00
2017-03-12T00:42:44: 非记录时间：2017-03-12T00:42:44+08:00
2017-03-12T00:42:54: 非记录时间：2017-03-12T00:42:54+08:00
2017-03-12T00:43:04: 非记录时间：2017-03-12T00:43:04+08:00
2017-03-12T00:43:14: 非记录时间：2017-03-12T00:43:14+08:00
2017-03-12T00:43:24: 非记录时间：2017-03-12T00:43:24+08:00
2017-03-12T00:43:34: 非记录时间：2017-03-12T00:43:34+08:00
2017-03-12T00:43:44: 非记录时间：2017-03-12T00:43:44+08:00
2017-03-12T00:43:54: 非记录时间：2017-03-12T00:43:54+08:00
2017-03-12T00:44:04: 非记录时间：2017-03-12T00:44:04+08:00
2017-03-12T00:44:14: 非记录时间：2017-03-12T00:44:14+08:00
2017-03-12T00:44:24: 非记录时间：2017-03-12T00:44:24+08:00
2017-03-12T00:44:34: 非记录时间：2017-03-12T00:44:34+08:00
2017-03-12T00:44:44: 非记录时间：2017-03-12T00:44:44+08:00
2017-03-12T00:44:54: 非记录时间：2017-03-12T00:44:54+08:00
2017-03-12T00:45:04: 非记录时间：2017-03-12T00:45:04+08:00
2017-03-12T00:45:14: 非记录时间：2017-03-12T00:45:14+08:00
2017-03-12T00:45:24: 非记录时间：2017-03-12T00:45:24+08:00
2017-03-12T00:45:34: 非记录时间：2017-03-12T00:45:34+08:00
2017-03-12T00:45:44: 非记录时间：2017-03-12T00:45:44+08:00
2017-03-12T00:45:54: 非记录时间：2017-03-12T00:45:54+08:00
2017-03-12T00:46:04: 非记录时间：2017-03-12T00:46:04+08:00
2017-03-12T00:46:14: 非记录时间：2017-03-12T00:46:14+08:00
2017-03-12T00:46:24: 非记录时间：2017-03-12T00:46:24+08:00
2017-03-12T00:46:34: 非记录时间：2017-03-12T00:46:34+08:00
2017-03-12T00:46:44: 非记录时间：2017-03-12T00:46:44+08:00
2017-03-12T00:46:54: 非记录时间：2017-03-12T00:46:54+08:00
2017-03-12T00:47:04: 非记录时间：2017-03-12T00:47:04+08:00
2017-03-12T00:47:14: 非记录时间：2017-03-12T00:47:14+08:00
2017-03-12T00:47:24: 非记录时间：2017-03-12T00:47:24+08:00
2017-03-12T00:47:34: 非记录时间：2017-03-12T00:47:34+08:00
2017-03-12T00:47:44: 非记录时间：2017-03-12T00:47:44+08:00
2017-03-12T00:47:54: 非记录时间：2017-03-12T00:47:54+08:00
2017-03-12T00:48:04: 非记录时间：2017-03-12T00:48:04+08:00
2017-03-12T00:48:14: 非记录时间：2017-03-12T00:48:14+08:00
2017-03-12T00:48:24: 非记录时间：2017-03-12T00:48:24+08:00
2017-03-12T00:48:34: 非记录时间：2017-03-12T00:48:34+08:00
2017-03-12T00:48:44: 非记录时间：2017-03-12T00:48:44+08:00
2017-03-12T00:48:54: 非记录时间：2017-03-12T00:48:54+08:00
2017-03-12T00:49:04: 非记录时间：2017-03-12T00:49:04+08:00
2017-03-12T00:49:14: 非记录时间：2017-03-12T00:49:14+08:00
2017-03-12T00:49:24: 非记录时间：2017-03-12T00:49:24+08:00
2017-03-12T00:49:34: 非记录时间：2017-03-12T00:49:34+08:00
2017-03-12T00:49:44: 非记录时间：2017-03-12T00:49:44+08:00
2017-03-12T00:49:54: 非记录时间：2017-03-12T00:49:54+08:00
2017-03-12T00:50:04: 非记录时间：2017-03-12T00:50:04+08:00
2017-03-12T00:50:14: 非记录时间：2017-03-12T00:50:14+08:00
2017-03-12T00:50:24: 非记录时间：2017-03-12T00:50:24+08:00
2017-03-12T00:50:34: 非记录时间：2017-03-12T00:50:34+08:00
2017-03-12T00:50:44: 非记录时间：2017-03-12T00:50:44+08:00
2017-03-12T00:50:54: 非记录时间：2017-03-12T00:50:54+08:00
2017-03-12T00:51:04: 非记录时间：2017-03-12T00:51:04+08:00
2017-03-12T00:51:14: 非记录时间：2017-03-12T00:51:14+08:00
2017-03-12T00:51:24: 非记录时间：2017-03-12T00:51:24+08:00
2017-03-12T00:51:34: 非记录时间：2017-03-12T00:51:34+08:00
2017-03-12T00:51:44: 非记录时间：2017-03-12T00:51:44+08:00
2017-03-12T00:51:54: 非记录时间：2017-03-12T00:51:54+08:00
2017-03-12T00:52:04: 非记录时间：2017-03-12T00:52:04+08:00
2017-03-12T00:52:14: 非记录时间：2017-03-12T00:52:14+08:00
2017-03-12T00:52:24: 非记录时间：2017-03-12T00:52:24+08:00
2017-03-12T00:52:34: 非记录时间：2017-03-12T00:52:34+08:00
2017-03-12T00:52:44: 非记录时间：2017-03-12T00:52:44+08:00
2017-03-12T00:52:54: 非记录时间：2017-03-12T00:52:54+08:00
2017-03-12T00:53:04: 非记录时间：2017-03-12T00:53:04+08:00
2017-03-12T00:53:14: 非记录时间：2017-03-12T00:53:14+08:00
2017-03-12T00:53:24: 非记录时间：2017-03-12T00:53:24+08:00
2017-03-12T00:53:34: 非记录时间：2017-03-12T00:53:34+08:00
2017-03-12T00:53:44: 非记录时间：2017-03-12T00:53:44+08:00
2017-03-12T00:53:54: 非记录时间：2017-03-12T00:53:54+08:00
2017-03-12T00:54:04: 非记录时间：2017-03-12T00:54:04+08:00
2017-03-12T00:54:14: 非记录时间：2017-03-12T00:54:14+08:00
2017-03-12T00:54:24: 非记录时间：2017-03-12T00:54:24+08:00
2017-03-12T00:54:34: 非记录时间：2017-03-12T00:54:34+08:00
2017-03-12T00:54:44: 非记录时间：2017-03-12T00:54:44+08:00
2017-03-12T00:54:54: 非记录时间：2017-03-12T00:54:54+08:00
2017-03-12T00:55:04: 非记录时间：2017-03-12T00:55:04+08:00
2017-03-12T00:55:14: 非记录时间：2017-03-12T00:55:14+08:00
2017-03-12T00:55:24: 非记录时间：2017-03-12T00:55:24+08:00
2017-03-12T00:55:34: 非记录时间：2017-03-12T00:55:34+08:00
2017-03-12T00:55:44: 非记录时间：2017-03-12T00:55:44+08:00
2017-03-12T00:55:54: 非记录时间：2017-03-12T00:55:54+08:00
2017-03-12T00:56:04: 非记录时间：2017-03-12T00:56:04+08:00
2017-03-12T00:56:14: 非记录时间：2017-03-12T00:56:14+08:00
2017-03-12T00:56:24: 非记录时间：2017-03-12T00:56:24+08:00
2017-03-12T00:56:34: 非记录时间：2017-03-12T00:56:34+08:00
2017-03-12T00:56:44: 非记录时间：2017-03-12T00:56:44+08:00
2017-03-12T00:56:54: 非记录时间：2017-03-12T00:56:54+08:00
2017-03-12T00:57:04: 非记录时间：2017-03-12T00:57:04+08:00
2017-03-12T00:57:14: 非记录时间：2017-03-12T00:57:14+08:00
2017-03-12T00:57:24: 非记录时间：2017-03-12T00:57:24+08:00
2017-03-12T00:57:34: 非记录时间：2017-03-12T00:57:34+08:00
2017-03-12T00:57:44: 非记录时间：2017-03-12T00:57:44+08:00
2017-03-12T00:57:54: 非记录时间：2017-03-12T00:57:54+08:00
2017-03-12T00:58:04: 非记录时间：2017-03-12T00:58:04+08:00
2017-03-12T00:58:14: 非记录时间：2017-03-12T00:58:14+08:00
2017-03-12T00:58:24: 非记录时间：2017-03-12T00:58:24+08:00
2017-03-12T00:58:34: 非记录时间：2017-03-12T00:58:34+08:00
2017-03-12T00:58:44: 非记录时间：2017-03-12T00:58:44+08:00
2017-03-12T00:58:54: 非记录时间：2017-03-12T00:58:54+08:00
2017-03-12T00:59:04: 非记录时间：2017-03-12T00:59:04+08:00
2017-03-12T00:59:14: 非记录时间：2017-03-12T00:59:14+08:00
2017-03-12T00:59:24: 非记录时间：2017-03-12T00:59:24+08:00
2017-03-12T00:59:34: 非记录时间：2017-03-12T00:59:34+08:00
2017-03-12T00:59:44: 非记录时间：2017-03-12T00:59:44+08:00
2017-03-12T00:59:54: 非记录时间：2017-03-12T00:59:54+08:00
2017-03-12T01:00:04: 非记录时间：2017-03-12T01:00:04+08:00
2017-03-12T01:00:14: 非记录时间：2017-03-12T01:00:14+08:00
2017-03-12T01:00:24: 非记录时间：2017-03-12T01:00:24+08:00
2017-03-12T01:00:34: 非记录时间：2017-03-12T01:00:34+08:00
2017-03-12T01:00:44: 非记录时间：2017-03-12T01:00:44+08:00
2017-03-12T01:00:54: 非记录时间：2017-03-12T01:00:54+08:00
2017-03-12T01:01:04: 非记录时间：2017-03-12T01:01:04+08:00
2017-03-12T01:01:14: 非记录时间：2017-03-12T01:01:14+08:00
2017-03-12T01:01:24: 非记录时间：2017-03-12T01:01:24+08:00
2017-03-12T01:01:34: 非记录时间：2017-03-12T01:01:34+08:00
2017-03-12T01:01:44: 非记录时间：2017-03-12T01:01:44+08:00
2017-03-12T01:01:54: 非记录时间：2017-03-12T01:01:54+08:00
2017-03-12T01:02:04: 非记录时间：2017-03-12T01:02:04+08:00
2017-03-12T01:02:14: 非记录时间：2017-03-12T01:02:14+08:00
2017-03-12T01:02:24: 非记录时间：2017-03-12T01:02:24+08:00
2017-03-12T01:02:34: 非记录时间：2017-03-12T01:02:34+08:00
2017-03-12T01:02:44: 非记录时间：2017-03-12T01:02:44+08:00
2017-03-12T01:02:54: 非记录时间：2017-03-12T01:02:54+08:00
2017-03-12T01:03:04: 非记录时间：2017-03-12T01:03:04+08:00
2017-03-12T01:03:14: 非记录时间：2017-03-12T01:03:14+08:00
2017-03-12T01:03:24: 非记录时间：2017-03-12T01:03:24+08:00
2017-03-12T01:03:34: 非记录时间：2017-03-12T01:03:34+08:00
2017-03-12T01:03:44: 非记录时间：2017-03-12T01:03:44+08:00
2017-03-12T01:03:54: 非记录时间：2017-03-12T01:03:54+08:00
2017-03-12T01:04:04: 非记录时间：2017-03-12T01:04:04+08:00
2017-03-12T01:04:14: 非记录时间：2017-03-12T01:04:14+08:00
2017-03-12T01:04:24: 非记录时间：2017-03-12T01:04:24+08:00
2017-03-12T01:04:34: 非记录时间：2017-03-12T01:04:34+08:00
2017-03-12T01:04:44: 非记录时间：2017-03-12T01:04:44+08:00
2017-03-12T01:04:54: 非记录时间：2017-03-12T01:04:54+08:00
2017-03-12T01:05:04: 非记录时间：2017-03-12T01:05:04+08:00
2017-03-12T01:05:14: 非记录时间：2017-03-12T01:05:14+08:00
2017-03-12T01:05:24: 非记录时间：2017-03-12T01:05:24+08:00
2017-03-12T01:05:34: 非记录时间：2017-03-12T01:05:34+08:00
2017-03-12T01:05:44: 非记录时间：2017-03-12T01:05:44+08:00
2017-03-12T01:05:54: 非记录时间：2017-03-12T01:05:54+08:00
2017-03-12T01:06:04: 非记录时间：2017-03-12T01:06:04+08:00
2017-03-12T01:06:14: 非记录时间：2017-03-12T01:06:14+08:00
2017-03-12T01:06:24: 非记录时间：2017-03-12T01:06:24+08:00
2017-03-12T01:06:34: 非记录时间：2017-03-12T01:06:34+08:00
2017-03-12T01:06:44: 非记录时间：2017-03-12T01:06:44+08:00
2017-03-12T01:06:54: 非记录时间：2017-03-12T01:06:54+08:00
2017-03-12T01:07:04: 非记录时间：2017-03-12T01:07:04+08:00
2017-03-12T01:07:14: 非记录时间：2017-03-12T01:07:14+08:00
2017-03-12T01:07:24: 非记录时间：2017-03-12T01:07:24+08:00
2017-03-12T01:07:34: 非记录时间：2017-03-12T01:07:34+08:00
2017-03-12T01:07:44: 非记录时间：2017-03-12T01:07:44+08:00
2017-03-12T01:07:54: 非记录时间：2017-03-12T01:07:54+08:00
2017-03-12T01:08:04: 非记录时间：2017-03-12T01:08:04+08:00
2017-03-12T01:08:14: 非记录时间：2017-03-12T01:08:14+08:00
2017-03-12T01:08:24: 非记录时间：2017-03-12T01:08:24+08:00
2017-03-12T01:08:34: 非记录时间：2017-03-12T01:08:34+08:00
2017-03-12T01:08:44: 非记录时间：2017-03-12T01:08:44+08:00
2017-03-12T01:08:54: 非记录时间：2017-03-12T01:08:54+08:00
2017-03-12T01:09:04: 非记录时间：2017-03-12T01:09:04+08:00
2017-03-12T01:09:14: 非记录时间：2017-03-12T01:09:14+08:00
2017-03-12T01:09:24: 非记录时间：2017-03-12T01:09:24+08:00
2017-03-12T01:09:34: 非记录时间：2017-03-12T01:09:34+08:00
2017-03-12T01:09:44: 非记录时间：2017-03-12T01:09:44+08:00
2017-03-12T01:09:54: 非记录时间：2017-03-12T01:09:54+08:00
2017-03-12T01:10:04: 非记录时间：2017-03-12T01:10:04+08:00
2017-03-12T01:10:14: 非记录时间：2017-03-12T01:10:14+08:00
2017-03-12T01:10:24: 非记录时间：2017-03-12T01:10:24+08:00
2017-03-12T01:10:34: 非记录时间：2017-03-12T01:10:34+08:00
2017-03-12T01:10:44: 非记录时间：2017-03-12T01:10:44+08:00
2017-03-12T01:10:54: 非记录时间：2017-03-12T01:10:54+08:00
2017-03-12T01:11:05: 读取文件失败，可能是该文件不存在
2017-03-12T01:11:05: Error: ENOENT: no such file or directory, open './data/2017-03-12.json'
2017-03-12T01:11:15: 读取文件成功
2017-03-12T01:11:25: 读取文件成功
2017-03-12T01:11:35: 读取文件成功
2017-03-12T01:11:44: 读取文件成功
2017-03-12T01:11:55: 读取文件成功
2017-03-12T01:12:04: 读取文件成功
2017-03-12T01:12:14: 读取文件成功
2017-03-12T01:12:25: 读取文件成功
2017-03-12T01:12:35: 读取文件成功
2017-03-12T01:12:44: 读取文件成功
2017-03-12T01:12:55: 读取文件成功
2017-03-12T01:13:04: 读取文件成功
2017-03-12T01:13:14: 读取文件成功
2017-03-12T01:13:24: 读取文件成功
2017-03-12T01:13:34: 读取文件成功
2017-03-12T01:13:44: 读取文件成功
2017-03-12T01:13:55: 读取文件成功
2017-03-12T01:14:05: 读取文件成功
2017-03-12T01:14:15: 读取文件成功
2017-03-12T01:14:25: 读取文件成功
2017-03-12T01:14:35: 读取文件成功
2017-03-12T01:14:45: 读取文件成功
2017-03-12T01:14:55: 读取文件成功
2017-03-12T01:15:05: 读取文件成功
2017-03-12T01:15:15: 读取文件成功
2017-03-12T01:15:25: 读取文件成功
2017-03-12T01:15:35: 读取文件成功
2017-03-12T01:15:45: 读取文件成功
2017-03-12T01:15:55: 读取文件成功
2017-03-12T01:16:05: 读取文件成功
2017-03-12T01:16:15: 读取文件成功
2017-03-12T01:16:25: 读取文件成功
2017-03-12T01:16:35: 读取文件成功
2017-03-12T01:16:45: 读取文件成功
2017-03-12T01:16:55: 读取文件成功
2017-03-12T01:17:05: 读取文件成功
2017-03-12T01:17:15: 读取文件成功
2017-03-12T01:17:25: 读取文件成功
2017-03-12T01:17:35: 读取文件成功
2017-03-12T01:17:45: 读取文件成功
2017-03-12T01:17:55: 读取文件成功
2017-03-12T01:18:05: 读取文件成功
2017-03-12T01:18:15: 读取文件成功
2017-03-12T01:18:25: 读取文件成功
2017-03-12T01:18:35: 读取文件成功
2017-03-12T01:18:45: 读取文件成功
2017-03-12T01:18:55: 读取文件成功
2017-03-12T01:19:05: 读取文件成功
2017-03-12T01:19:15: 读取文件成功
2017-03-12T01:19:25: 读取文件成功
2017-03-12T01:19:35: 读取文件成功
2017-03-12T01:19:45: 读取文件成功
2017-03-12T01:19:55: 读取文件成功
2017-03-12T01:20:05: 读取文件成功
2017-03-12T01:20:15: 读取文件成功
2017-03-12T01:20:25: 读取文件成功
2017-03-12T01:20:36: 读取文件成功
2017-03-12T01:20:45: 读取文件成功
2017-03-12T01:20:55: 读取文件成功
2017-03-12T01:21:05: 读取文件成功
2017-03-12T01:21:15: 读取文件成功
2017-03-12T01:21:25: 读取文件成功
2017-03-12T01:21:35: 读取文件成功
2017-03-12T01:21:45: 读取文件成功
2017-03-12T01:21:55: 读取文件成功
2017-03-12T01:22:05: 读取文件成功
2017-03-12T01:22:15: 读取文件成功
2017-03-12T01:22:25: 读取文件成功
2017-03-12T01:22:35: 读取文件成功
2017-03-12T01:22:45: 读取文件成功
2017-03-12T01:22:55: 读取文件成功
2017-03-12T01:23:05: 读取文件成功
2017-03-12T01:23:15: 读取文件成功
2017-03-12T01:23:25: 读取文件成功
2017-03-12T01:23:35: 读取文件成功
2017-03-12T01:23:45: 读取文件成功
2017-03-12T01:23:55: 读取文件成功
2017-03-12T01:24:05: 读取文件成功
2017-03-12T01:24:15: 读取文件成功
2017-03-12T01:24:25: 读取文件成功
2017-03-12T01:24:35: 读取文件成功
2017-03-12T01:24:46: 读取文件成功
2017-03-12T01:24:55: 读取文件成功
2017-03-12T01:25:06: 读取文件成功
2017-03-12T01:25:15: 读取文件成功
2017-03-12T01:25:25: 读取文件成功
2017-03-12T01:25:35: 读取文件成功
2017-03-12T01:25:45: 读取文件成功
2017-03-12T01:25:55: 读取文件成功
2017-03-12T01:26:41: 读取文件成功
2017-03-12T01:26:42: 读取文件成功
2017-03-12T01:26:42: 读取文件成功
2017-03-12T01:26:45: 读取文件成功
2017-03-12T01:26:55: 读取文件成功
2017-03-12T01:27:05: 读取文件成功
2017-03-12T01:27:15: 读取文件成功
2017-03-12T01:27:19: 读取文件成功
2017-03-12T01:27:25: 读取文件成功
2017-03-12T01:27:35: 读取文件成功
2017-03-12T01:27:45: 读取文件成功
2017-03-12T01:27:55: 读取文件成功
2017-03-12T01:28:06: 读取文件成功
2017-03-12T01:28:15: 读取文件成功
2017-03-12T01:28:25: 读取文件成功
2017-03-12T01:28:36: 读取文件成功
2017-03-12T01:28:45: 读取文件成功
2017-03-12T01:28:55: 读取文件成功
2017-03-12T01:29:05: 读取文件成功
2017-03-12T01:29:15: 读取文件成功
2017-03-12T01:29:25: 读取文件成功
2017-03-12T01:29:35: 读取文件成功
2017-03-12T01:29:45: 读取文件成功
2017-03-12T01:29:55: 读取文件成功
2017-03-12T01:30:05: 读取文件成功
2017-03-12T01:30:15: 读取文件成功
2017-03-12T01:30:25: 读取文件成功
2017-03-12T01:30:36: 读取文件成功
2017-03-12T01:30:46: 读取文件成功
2017-03-12T01:30:56: 读取文件成功
2017-03-12T01:31:06: 读取文件成功
2017-03-12T01:31:16: 读取文件成功
2017-03-12T01:31:26: 读取文件成功
2017-03-12T01:31:36: 读取文件成功
2017-03-12T01:31:46: 读取文件成功
2017-03-12T01:31:56: 读取文件成功
2017-03-12T01:32:06: 读取文件成功
2017-03-12T01:32:16: 读取文件成功
2017-03-12T01:32:26: 读取文件成功
2017-03-12T01:32:36: 读取文件成功
2017-03-12T01:32:46: 读取文件成功
2017-03-12T01:32:56: 读取文件成功
2017-03-12T01:33:06: 读取文件成功
2017-03-12T01:33:16: 读取文件成功
2017-03-12T01:33:26: 读取文件成功
2017-03-12T01:33:36: 读取文件成功
2017-03-12T01:33:46: 读取文件成功
2017-03-12T01:33:56: 读取文件成功
2017-03-12T01:34:06: 读取文件成功
2017-03-12T01:34:16: 读取文件成功
2017-03-12T01:34:26: 读取文件成功
2017-03-12T01:34:36: 读取文件成功
2017-03-12T01:34:46: 读取文件成功
2017-03-12T01:34:56: 读取文件成功
2017-03-12T01:35:06: 读取文件成功
2017-03-12T01:35:16: 读取文件成功
2017-03-12T01:35:27: 读取文件成功
2017-03-12T01:35:36: 读取文件成功
2017-03-12T01:35:47: 读取文件成功
2017-03-12T01:35:57: 读取文件成功
2017-03-12T01:36:06: 读取文件成功
2017-03-12T01:36:16: 读取文件成功
2017-03-12T01:36:27: 读取文件成功
2017-03-12T01:36:36: 读取文件成功
2017-03-12T01:36:46: 读取文件成功
2017-03-12T01:36:56: 读取文件成功
2017-03-12T01:37:06: 读取文件成功
2017-03-12T01:37:16: 读取文件成功
2017-03-12T01:37:26: 读取文件成功
2017-03-12T01:37:36: 读取文件成功
2017-03-12T01:37:46: 读取文件成功
2017-03-12T01:37:56: 读取文件成功
2017-03-12T01:38:06: 读取文件成功
2017-03-12T01:38:16: 读取文件成功
2017-03-12T01:38:26: 读取文件成功
2017-03-12T01:38:36: 读取文件成功
2017-03-12T01:38:46: 读取文件成功
2017-03-12T01:38:56: 读取文件成功
2017-03-12T01:39:06: 读取文件成功
2017-03-12T01:39:16: 读取文件成功
2017-03-12T01:39:26: 读取文件成功
2017-03-12T01:39:36: 读取文件成功
2017-03-12T01:39:46: 读取文件成功
2017-03-12T01:39:56: 读取文件成功
2017-03-12T01:40:06: 读取文件成功
2017-03-12T01:40:16: 读取文件成功
2017-03-12T01:40:26: 读取文件成功
2017-03-12T01:40:36: 读取文件成功
2017-03-12T01:40:46: 读取文件成功
2017-03-12T01:40:56: 读取文件成功
2017-03-12T01:41:06: 读取文件成功
2017-03-12T01:41:16: 读取文件成功
2017-03-12T01:41:27: 读取文件成功
2017-03-12T01:41:36: 读取文件成功
2017-03-12T01:41:46: 读取文件成功
2017-03-12T01:41:56: 读取文件成功
2017-03-12T01:42:09: 读取文件成功
2017-03-12T01:42:16: 读取文件成功
2017-03-12T01:42:27: 读取文件成功
2017-03-12T01:42:36: 读取文件成功
2017-03-12T01:42:46: 读取文件成功
2017-03-12T01:42:57: 读取文件成功
2017-03-12T01:43:06: 读取文件成功
2017-03-12T01:43:16: 读取文件成功
2017-03-12T01:43:26: 读取文件成功
2017-03-12T01:43:36: 读取文件成功
2017-03-12T01:43:46: 读取文件成功
2017-03-12T01:43:56: 读取文件成功
2017-03-12T01:44:06: 读取文件成功
2017-03-12T01:44:16: 读取文件成功
2017-03-12T01:44:26: 读取文件成功
2017-03-12T01:44:36: 读取文件成功
2017-03-12T01:44:46: 读取文件成功
2017-03-12T01:44:56: 读取文件成功
2017-03-12T01:45:06: 读取文件成功
2017-03-12T01:45:16: 读取文件成功
2017-03-12T01:45:26: 读取文件成功
2017-03-12T01:45:36: 读取文件成功
2017-03-12T01:45:46: 读取文件成功
2017-03-12T01:45:56: 读取文件成功
2017-03-12T01:46:06: 读取文件成功
2017-03-12T01:46:16: 读取文件成功
2017-03-12T01:46:26: 读取文件成功
2017-03-12T01:46:37: 读取文件成功
2017-03-12T01:46:46: 读取文件成功
2017-03-12T01:46:56: 读取文件成功
2017-03-12T01:47:06: 读取文件成功
2017-03-12T01:47:16: 读取文件成功
2017-03-12T01:47:26: 读取文件成功
2017-03-12T01:47:36: 读取文件成功
2017-03-12T01:47:47: 读取文件成功
2017-03-12T01:47:56: 读取文件成功
2017-03-12T01:48:06: 读取文件成功
2017-03-12T01:48:16: 读取文件成功
2017-03-12T01:48:26: 读取文件成功
2017-03-12T01:48:36: 读取文件成功
2017-03-12T01:48:46: 读取文件成功
2017-03-12T01:48:56: 读取文件成功
2017-03-12T01:49:06: 读取文件成功
2017-03-12T01:49:16: 读取文件成功
2017-03-12T01:49:27: 读取文件成功
2017-03-12T01:49:36: 读取文件成功
2017-03-12T01:49:46: 读取文件成功
2017-03-12T01:49:56: 读取文件成功
2017-03-12T01:50:06: 读取文件成功
2017-03-12T01:50:17: 读取文件成功
2017-03-12T01:50:27: 读取文件成功
2017-03-12T01:50:37: 读取文件成功
2017-03-12T01:50:47: 读取文件成功
2017-03-12T01:50:57: 读取文件成功
2017-03-12T01:51:07: 读取文件成功
2017-03-12T01:51:17: 读取文件成功
2017-03-12T01:51:27: 读取文件成功
2017-03-12T01:51:37: 读取文件成功
2017-03-12T01:51:47: 读取文件成功
2017-03-12T01:51:57: 读取文件成功
2017-03-12T01:52:07: 读取文件成功
2017-03-12T01:52:17: 读取文件成功
2017-03-12T01:52:27: 读取文件成功
2017-03-12T01:52:37: 读取文件成功
2017-03-12T01:52:47: 读取文件成功
2017-03-12T01:52:57: 读取文件成功
2017-03-12T01:53:07: 读取文件成功
2017-03-12T01:53:17: 读取文件成功
2017-03-12T01:53:27: 读取文件成功
2017-03-12T01:53:37: 读取文件成功
2017-03-12T01:53:47: 读取文件成功
2017-03-12T01:53:57: 读取文件成功
2017-03-12T01:54:07: 读取文件成功
2017-03-12T01:54:17: 读取文件成功
2017-03-12T01:54:27: 读取文件成功
2017-03-12T01:54:38: 读取文件成功
2017-03-12T01:54:48: 读取文件成功
2017-03-12T01:54:57: 读取文件成功
2017-03-12T01:55:07: 读取文件成功
2017-03-12T01:55:17: 读取文件成功
2017-03-12T01:55:27: 读取文件成功
2017-03-12T01:55:37: 读取文件成功
2017-03-12T01:55:48: 读取文件成功
2017-03-12T01:55:57: 读取文件成功
2017-03-12T01:56:07: 读取文件成功
2017-03-12T01:56:17: 读取文件成功
2017-03-12T01:56:27: 读取文件成功
2017-03-12T01:56:37: 读取文件成功
2017-03-12T01:56:48: 读取文件成功
2017-03-12T01:56:57: 读取文件成功
2017-03-12T01:57:07: 读取文件成功
2017-03-12T01:57:17: 读取文件成功
2017-03-12T01:57:27: 读取文件成功
2017-03-12T01:57:38: 读取文件成功
2017-03-12T01:57:47: 读取文件成功
2017-03-12T01:57:57: 读取文件成功
2017-03-12T01:58:07: 读取文件成功
2017-03-12T01:58:17: 读取文件成功
2017-03-12T01:58:27: 读取文件成功
2017-03-12T01:58:37: 读取文件成功
2017-03-12T01:58:47: 读取文件成功
2017-03-12T01:58:57: 读取文件成功
2017-03-12T01:59:07: 读取文件成功
2017-03-12T01:59:17: 读取文件成功
2017-03-12T01:59:27: 读取文件成功
2017-03-12T01:59:37: 读取文件成功
2017-03-12T01:59:47: 读取文件成功
2017-03-12T01:59:58: 读取文件成功
2017-03-12T02:00:07: 读取文件成功
2017-03-12T02:00:17: 读取文件成功
2017-03-12T02:00:27: 读取文件成功
2017-03-12T02:00:37: 读取文件成功
2017-03-12T02:00:47: 读取文件成功
2017-03-12T02:00:57: 读取文件成功
2017-03-12T02:01:07: 读取文件成功
2017-03-12T02:01:17: 读取文件成功
2017-03-12T02:01:27: 读取文件成功
2017-03-12T02:01:37: 读取文件成功
2017-03-12T02:01:47: 读取文件成功
2017-03-12T02:01:58: 读取文件成功
2017-03-12T02:02:07: 读取文件成功
2017-03-12T02:02:17: 读取文件成功
2017-03-12T02:02:27: 读取文件成功
2017-03-12T02:02:37: 读取文件成功
2017-03-12T02:02:47: 读取文件成功
2017-03-12T02:02:58: 读取文件成功
2017-03-12T02:03:07: 读取文件成功
2017-03-12T02:03:17: 读取文件成功
2017-03-12T02:03:27: 读取文件成功
2017-03-12T02:03:37: 读取文件成功
2017-03-12T02:03:47: 读取文件成功
2017-03-12T02:03:57: 读取文件成功
2017-03-12T02:04:07: 读取文件成功
2017-03-12T02:04:17: 读取文件成功
2017-03-12T02:04:27: 读取文件成功
2017-03-12T02:04:37: 读取文件成功
2017-03-12T02:04:47: 读取文件成功
2017-03-12T02:04:57: 读取文件成功
2017-03-12T02:05:07: 读取文件成功
2017-03-12T02:05:17: 读取文件成功
2017-03-12T02:05:27: 读取文件成功
2017-03-12T02:05:37: 读取文件成功
2017-03-12T02:05:48: 读取文件成功
2017-03-12T02:05:58: 读取文件成功
2017-03-12T02:06:07: 读取文件成功
2017-03-12T02:06:17: 读取文件成功
2017-03-12T02:06:27: 读取文件成功
2017-03-12T02:06:37: 读取文件成功
2017-03-12T02:06:48: 读取文件成功
2017-03-12T02:06:57: 读取文件成功
2017-03-12T02:07:07: 读取文件成功
2017-03-12T02:07:17: 读取文件成功
2017-03-12T02:07:27: 读取文件成功
2017-03-12T02:07:37: 读取文件成功
2017-03-12T02:07:47: 读取文件成功
2017-03-12T02:07:57: 读取文件成功
2017-03-12T02:08:08: 读取文件成功
2017-03-12T02:08:17: 读取文件成功
2017-03-12T02:08:27: 读取文件成功
2017-03-12T02:08:37: 读取文件成功
2017-03-12T02:08:47: 读取文件成功
2017-03-12T02:08:58: 读取文件成功
2017-03-12T02:09:08: 读取文件成功
2017-03-12T02:09:18: 读取文件成功
2017-03-12T02:09:27: 读取文件成功
2017-03-12T02:09:38: 读取文件成功
2017-03-12T02:09:47: 读取文件成功
2017-03-12T02:09:58: 读取文件成功
2017-03-12T02:10:08: 读取文件成功
2017-03-12T02:10:18: 读取文件成功
2017-03-12T02:10:28: 读取文件成功
2017-03-12T02:10:38: 读取文件成功
2017-03-12T02:10:49: 读取文件成功
2017-03-12T02:10:58: 读取文件成功
2017-03-12T02:11:08: 读取文件成功
2017-03-12T02:11:18: 读取文件成功
2017-03-12T02:11:28: 读取文件成功
2017-03-12T02:11:38: 读取文件成功
2017-03-12T02:11:48: 读取文件成功
2017-03-12T02:11:58: 读取文件成功
2017-03-12T02:12:08: 读取文件成功
2017-03-12T02:12:18: 读取文件成功
2017-03-12T02:12:28: 读取文件成功
2017-03-12T02:12:38: 读取文件成功
2017-03-12T02:12:48: 读取文件成功
2017-03-12T02:12:58: 读取文件成功
2017-03-12T02:13:08: 读取文件成功
2017-03-12T02:13:19: 读取文件成功
2017-03-12T02:13:28: 读取文件成功
2017-03-12T02:13:38: 读取文件成功
2017-03-12T02:13:48: 读取文件成功
2017-03-12T02:14:31: 读取文件成功
2017-03-12T02:14:33: 读取文件成功
2017-03-12T02:14:38: 读取文件成功
2017-03-12T02:14:42: 读取文件成功
2017-03-12T02:14:44: 读取文件成功
2017-03-12T02:14:48: 读取文件成功
2017-03-12T02:14:58: 读取文件成功
2017-03-12T02:15:08: 读取文件成功
2017-03-12T02:15:18: 读取文件成功
2017-03-12T02:15:28: 读取文件成功
2017-03-12T02:15:38: 读取文件成功
2017-03-12T02:15:48: 读取文件成功
2017-03-12T02:15:58: 读取文件成功
2017-03-12T02:16:09: 读取文件成功
2017-03-12T02:16:18: 读取文件成功
2017-03-12T02:16:28: 读取文件成功
2017-03-12T02:16:38: 读取文件成功
2017-03-12T02:16:48: 读取文件成功
2017-03-12T02:16:58: 读取文件成功
2017-03-12T02:17:08: 读取文件成功
2017-03-12T02:17:18: 读取文件成功
2017-03-12T02:17:28: 读取文件成功
2017-03-12T02:17:38: 读取文件成功
2017-03-12T02:17:48: 读取文件成功
2017-03-12T02:17:58: 读取文件成功
2017-03-12T02:18:08: 读取文件成功
2017-03-12T02:18:18: 读取文件成功
2017-03-12T02:18:29: 读取文件成功
2017-03-12T02:18:38: 读取文件成功
2017-03-12T02:18:48: 读取文件成功
2017-03-12T02:18:58: 读取文件成功
2017-03-12T02:19:08: 读取文件成功
2017-03-12T02:19:18: 读取文件成功
2017-03-12T02:19:28: 读取文件成功
2017-03-12T02:19:38: 读取文件成功
2017-03-12T02:19:48: 读取文件成功
2017-03-12T02:19:58: 读取文件成功
2017-03-12T02:20:08: 读取文件成功
2017-03-12T02:20:18: 读取文件成功
2017-03-12T02:20:28: 读取文件成功
2017-03-12T02:20:38: 读取文件成功
2017-03-12T02:20:48: 读取文件成功
2017-03-12T02:20:58: 读取文件成功
2017-03-12T02:21:08: 读取文件成功
2017-03-12T02:21:19: 读取文件成功
2017-03-12T02:21:28: 读取文件成功
2017-03-12T02:21:38: 读取文件成功
2017-03-12T02:21:48: 读取文件成功
2017-03-12T02:21:59: 读取文件成功
2017-03-12T02:22:08: 读取文件成功
2017-03-12T02:22:18: 读取文件成功
2017-03-12T02:22:28: 读取文件成功
2017-03-12T02:22:38: 读取文件成功
2017-03-12T02:22:48: 读取文件成功
2017-03-12T02:22:58: 读取文件成功
2017-03-12T02:23:08: 读取文件成功
2017-03-12T02:23:18: 读取文件成功
2017-03-12T02:23:29: 读取文件成功
2017-03-12T02:23:38: 读取文件成功
2017-03-12T02:23:48: 读取文件成功
2017-03-12T02:23:58: 读取文件成功
2017-03-12T02:24:08: 读取文件成功
2017-03-12T02:24:18: 读取文件成功
2017-03-12T02:24:28: 读取文件成功
2017-03-12T02:24:38: 读取文件成功
2017-03-12T02:24:48: 读取文件成功
2017-03-12T02:24:58: 读取文件成功
2017-03-12T02:25:08: 读取文件成功
2017-03-12T02:25:18: 读取文件成功
2017-03-12T02:25:28: 读取文件成功
2017-03-12T02:25:38: 读取文件成功
2017-03-12T02:25:48: 读取文件成功
2017-03-12T02:25:58: 读取文件成功
2017-03-12T02:26:08: 读取文件成功
2017-03-12T02:26:18: 读取文件成功
2017-03-12T02:26:28: 读取文件成功
2017-03-12T02:26:38: 读取文件成功
2017-03-12T02:26:48: 读取文件成功
2017-03-12T02:26:58: 读取文件成功
2017-03-12T02:27:08: 读取文件成功
2017-03-12T02:27:18: 读取文件成功
2017-03-12T02:27:29: 读取文件成功
2017-03-12T02:27:38: 读取文件成功
2017-03-12T02:27:48: 读取文件成功
2017-03-12T02:27:58: 读取文件成功
2017-03-12T02:28:08: 读取文件成功
2017-03-12T02:28:18: 读取文件成功
2017-03-12T02:28:30: 读取文件成功
2017-03-12T02:28:38: 读取文件成功
2017-03-12T02:28:48: 读取文件成功
2017-03-12T02:28:58: 读取文件成功
2017-03-12T02:29:11: 读取文件成功
2017-03-12T02:29:18: 读取文件成功
2017-03-12T02:29:29: 读取文件成功
2017-03-12T02:29:39: 读取文件成功
2017-03-12T02:29:49: 读取文件成功
2017-03-12T02:29:59: 读取文件成功
2017-03-12T02:30:09: 读取文件成功
2017-03-12T02:30:19: 读取文件成功
2017-03-12T02:30:29: 读取文件成功
2017-03-12T02:30:39: 读取文件成功
2017-03-12T02:30:49: 读取文件成功
2017-03-12T02:30:59: 读取文件成功
2017-03-12T02:31:09: 读取文件成功
2017-03-12T02:31:19: 读取文件成功
2017-03-12T02:31:29: 读取文件成功
2017-03-12T02:31:39: 读取文件成功
2017-03-12T02:31:49: 读取文件成功
2017-03-12T02:31:59: 读取文件成功
2017-03-12T02:32:09: 读取文件成功
2017-03-12T02:32:19: 读取文件成功
2017-03-12T02:32:29: 读取文件成功
2017-03-12T02:32:40: 读取文件成功
2017-03-12T02:32:50: 读取文件成功
2017-03-12T02:32:59: 读取文件成功
2017-03-12T02:33:09: 读取文件成功
2017-03-12T02:33:20: 读取文件成功
2017-03-12T02:33:29: 读取文件成功
2017-03-12T02:33:39: 读取文件成功
2017-03-12T02:33:49: 读取文件成功
2017-03-12T02:33:59: 读取文件成功
2017-03-12T02:34:09: 读取文件成功
2017-03-12T02:34:19: 读取文件成功
2017-03-12T02:34:29: 读取文件成功
2017-03-12T02:34:39: 读取文件成功
2017-03-12T02:34:49: 读取文件成功
2017-03-12T02:34:59: 读取文件成功
2017-03-12T02:35:09: 读取文件成功
2017-03-12T02:35:19: 读取文件成功
2017-03-12T02:35:29: 读取文件成功
2017-03-12T02:35:39: 读取文件成功
2017-03-12T02:35:49: 读取文件成功
2017-03-12T02:35:59: 读取文件成功
2017-03-12T02:36:09: 读取文件成功
2017-03-12T02:36:19: 读取文件成功
2017-03-12T02:36:29: 读取文件成功
2017-03-12T02:36:39: 读取文件成功
2017-03-12T02:36:49: 读取文件成功
2017-03-12T02:36:59: 读取文件成功
2017-03-12T02:37:09: 读取文件成功
2017-03-12T02:37:19: 读取文件成功
2017-03-12T02:37:29: 读取文件成功
2017-03-12T02:37:39: 读取文件成功
2017-03-12T02:37:49: 读取文件成功
2017-03-12T02:37:59: 读取文件成功
2017-03-12T02:38:09: 读取文件成功
2017-03-12T02:38:19: 读取文件成功
2017-03-12T02:38:29: 读取文件成功
2017-03-12T02:38:39: 读取文件成功
2017-03-12T02:38:49: 读取文件成功
2017-03-12T02:38:59: 读取文件成功
2017-03-12T02:39:09: 读取文件成功
2017-03-12T02:39:19: 读取文件成功
2017-03-12T02:39:29: 读取文件成功
2017-03-12T02:39:39: 读取文件成功
2017-03-12T02:39:49: 读取文件成功
2017-03-12T02:39:59: 读取文件成功
2017-03-12T02:40:10: 读取文件成功
2017-03-12T02:40:19: 读取文件成功
2017-03-12T02:40:29: 读取文件成功
2017-03-12T02:40:39: 读取文件成功
2017-03-12T02:40:49: 读取文件成功
2017-03-12T02:40:59: 读取文件成功
2017-03-12T02:41:09: 读取文件成功
2017-03-12T02:41:19: 读取文件成功
2017-03-12T02:41:29: 读取文件成功
2017-03-12T02:41:39: 读取文件成功
2017-03-12T02:41:49: 读取文件成功
2017-03-12T02:41:59: 读取文件成功
2017-03-12T02:42:09: 读取文件成功
2017-03-12T02:42:19: 读取文件成功
2017-03-12T02:42:29: 读取文件成功
2017-03-12T02:42:39: 读取文件成功
2017-03-12T02:42:49: 读取文件成功
2017-03-12T02:42:59: 读取文件成功
2017-03-12T02:43:10: 读取文件成功
2017-03-12T02:43:19: 读取文件成功
2017-03-12T02:43:30: 读取文件成功
2017-03-12T02:43:40: 读取文件成功
2017-03-12T02:43:49: 读取文件成功
2017-03-12T02:43:59: 读取文件成功
2017-03-12T02:44:09: 读取文件成功
2017-03-12T02:44:19: 读取文件成功
2017-03-12T02:44:29: 读取文件成功
2017-03-12T02:44:39: 读取文件成功
2017-03-12T02:44:49: 读取文件成功
2017-03-12T02:44:59: 读取文件成功
2017-03-12T02:45:09: 读取文件成功
2017-03-12T02:45:20: 读取文件成功
2017-03-12T02:45:29: 读取文件成功
2017-03-12T02:45:39: 读取文件成功
2017-03-12T02:45:49: 读取文件成功
2017-03-12T02:45:59: 读取文件成功
2017-03-12T02:46:09: 读取文件成功
2017-03-12T02:46:19: 读取文件成功
2017-03-12T02:46:29: 读取文件成功
2017-03-12T02:46:39: 读取文件成功
2017-03-12T02:46:49: 读取文件成功
2017-03-12T02:46:59: 读取文件成功
2017-03-12T02:47:09: 读取文件成功
2017-03-12T02:47:19: 读取文件成功
2017-03-12T02:47:29: 读取文件成功
2017-03-12T02:47:39: 读取文件成功
2017-03-12T02:47:49: 读取文件成功
2017-03-12T02:47:59: 读取文件成功
2017-03-12T02:48:09: 读取文件成功
2017-03-12T02:48:19: 读取文件成功
2017-03-12T02:48:29: 读取文件成功
2017-03-12T02:48:39: 读取文件成功
2017-03-12T02:48:50: 读取文件成功
2017-03-12T02:49:00: 读取文件成功
2017-03-12T02:49:10: 读取文件成功
2017-03-12T02:49:20: 读取文件成功
2017-03-12T02:49:30: 读取文件成功
2017-03-12T02:49:40: 读取文件成功
2017-03-12T02:49:50: 读取文件成功
2017-03-12T02:50:00: 读取文件成功
2017-03-12T02:50:10: 读取文件成功
2017-03-12T02:50:20: 读取文件成功
2017-03-12T02:50:30: 读取文件成功
2017-03-12T02:50:40: 读取文件成功
2017-03-12T02:50:50: 读取文件成功
2017-03-12T02:51:00: 读取文件成功
2017-03-12T02:51:10: 读取文件成功
2017-03-12T02:51:20: 读取文件成功
2017-03-12T02:51:30: 读取文件成功
2017-03-12T02:51:40: 读取文件成功
2017-03-12T02:51:51: 读取文件成功
2017-03-12T02:52:00: 读取文件成功
2017-03-12T02:52:10: 读取文件成功
2017-03-12T02:52:20: 读取文件成功
2017-03-12T02:52:30: 读取文件成功
2017-03-12T02:52:40: 读取文件成功
2017-03-12T02:52:50: 读取文件成功
2017-03-12T02:53:00: 读取文件成功
2017-03-12T02:53:10: 读取文件成功
2017-03-12T02:53:20: 读取文件成功
2017-03-12T02:53:30: 读取文件成功
2017-03-12T02:53:40: 读取文件成功
2017-03-12T02:53:50: 读取文件成功
2017-03-12T02:54:00: 读取文件成功
2017-03-12T02:54:10: 读取文件成功
2017-03-12T02:54:20: 读取文件成功
2017-03-12T02:54:30: 读取文件成功
2017-03-12T02:54:40: 读取文件成功
2017-03-12T02:54:50: 读取文件成功
2017-03-12T02:55:00: 读取文件成功
2017-03-12T02:55:10: 读取文件成功
2017-03-12T02:55:20: 读取文件成功
2017-03-12T02:55:30: 读取文件成功
2017-03-12T02:55:40: 读取文件成功
2017-03-12T02:55:50: 读取文件成功
2017-03-12T02:56:00: 读取文件成功
2017-03-12T02:56:10: 读取文件成功
2017-03-12T02:56:20: 读取文件成功
2017-03-12T02:56:30: 读取文件成功
2017-03-12T02:56:40: 读取文件成功
2017-03-12T02:56:50: 读取文件成功
2017-03-12T02:57:00: 读取文件成功
2017-03-12T02:57:10: 读取文件成功
2017-03-12T02:57:20: 读取文件成功
2017-03-12T02:57:30: 读取文件成功
2017-03-12T02:57:40: 读取文件成功
2017-03-12T02:57:50: 读取文件成功
2017-03-12T02:58:00: 读取文件成功
2017-03-12T02:58:10: 读取文件成功
2017-03-12T02:58:20: 读取文件成功
2017-03-12T02:58:30: 读取文件成功
2017-03-12T02:58:40: 读取文件成功
2017-03-12T02:58:50: 读取文件成功
2017-03-12T02:59:00: 读取文件成功
2017-03-12T02:59:10: 读取文件成功
2017-03-12T02:59:20: 读取文件成功
2017-03-12T02:59:30: 读取文件成功
2017-03-12T02:59:40: 读取文件成功
2017-03-12T02:59:50: 读取文件成功
2017-03-12T03:00:00: 读取文件成功
2017-03-12T03:00:10: 读取文件成功
2017-03-12T03:00:20: 读取文件成功
2017-03-12T03:00:30: 读取文件成功
2017-03-12T03:00:40: 读取文件成功
2017-03-12T03:00:50: 读取文件成功
2017-03-12T03:01:00: 读取文件成功
2017-03-12T03:01:11: 读取文件成功
2017-03-12T03:01:20: 读取文件成功
2017-03-12T03:01:30: 读取文件成功
2017-03-12T03:01:40: 读取文件成功
2017-03-12T03:01:51: 读取文件成功
2017-03-12T03:02:00: 读取文件成功
2017-03-12T03:02:10: 读取文件成功
2017-03-12T03:02:20: 读取文件成功
2017-03-12T03:02:30: 读取文件成功
2017-03-12T03:02:40: 读取文件成功
2017-03-12T03:02:50: 读取文件成功
2017-03-12T03:03:00: 读取文件成功
2017-03-12T03:03:10: 读取文件成功
2017-03-12T03:03:20: 读取文件成功
2017-03-12T03:03:31: 读取文件成功
2017-03-12T03:03:40: 读取文件成功
2017-03-12T03:03:50: 读取文件成功
2017-03-12T03:04:00: 读取文件成功
2017-03-12T03:04:10: 读取文件成功
2017-03-12T03:04:20: 读取文件成功
2017-03-12T03:04:31: 读取文件成功
2017-03-12T03:04:40: 读取文件成功
2017-03-12T03:04:51: 读取文件成功
2017-03-12T03:05:01: 读取文件成功
2017-03-12T03:05:10: 读取文件成功
2017-03-12T03:05:20: 读取文件成功
2017-03-12T03:05:30: 读取文件成功
2017-03-12T03:05:40: 读取文件成功
2017-03-12T03:05:50: 读取文件成功
2017-03-12T03:06:00: 读取文件成功
2017-03-12T03:06:10: 读取文件成功
2017-03-12T03:06:20: 读取文件成功
2017-03-12T03:06:30: 读取文件成功
2017-03-12T03:06:40: 读取文件成功
2017-03-12T03:06:50: 读取文件成功
2017-03-12T03:07:00: 读取文件成功
2017-03-12T03:07:10: 读取文件成功
2017-03-12T03:07:20: 读取文件成功
2017-03-12T03:07:31: 读取文件成功
2017-03-12T03:07:40: 读取文件成功
2017-03-12T03:07:51: 读取文件成功
2017-03-12T03:08:01: 读取文件成功
2017-03-12T03:08:11: 读取文件成功
2017-03-12T03:08:21: 读取文件成功
2017-03-12T03:08:31: 读取文件成功
2017-03-12T03:08:41: 读取文件成功
2017-03-12T03:08:51: 读取文件成功
2017-03-12T03:09:01: 读取文件成功
2017-03-12T03:09:21: 读取文件成功
2017-03-12T03:09:26: 读取文件成功
2017-03-12T03:09:31: 读取文件成功
2017-03-12T03:09:41: 读取文件成功
2017-03-12T03:09:51: 读取文件成功
2017-03-12T03:10:01: 读取文件成功
2017-03-12T03:10:11: 读取文件成功
2017-03-12T03:10:21: 读取文件成功
2017-03-12T03:10:31: 读取文件成功
2017-03-12T03:10:41: 读取文件成功
2017-03-12T03:10:51: 读取文件成功
2017-03-12T03:11:01: 读取文件成功
2017-03-12T03:11:11: 读取文件成功
2017-03-12T03:11:21: 读取文件成功
2017-03-12T03:11:31: 读取文件成功
2017-03-12T03:11:41: 读取文件成功
2017-03-12T03:11:51: 读取文件成功
2017-03-12T03:12:01: 读取文件成功
2017-03-12T03:12:11: 读取文件成功
2017-03-12T03:12:21: 读取文件成功
2017-03-12T03:12:31: 读取文件成功
2017-03-12T03:12:41: 读取文件成功
2017-03-12T03:12:56: 读取文件成功
2017-03-12T03:13:01: 读取文件成功
2017-03-12T03:13:11: 读取文件成功
2017-03-12T03:13:21: 读取文件成功
2017-03-12T03:13:31: 读取文件成功
2017-03-12T03:13:41: 读取文件成功
2017-03-12T03:13:51: 读取文件成功
2017-03-12T03:14:01: 读取文件成功
2017-03-12T03:14:11: 读取文件成功
2017-03-12T03:14:21: 读取文件成功
2017-03-12T03:14:31: 读取文件成功
2017-03-12T03:14:41: 读取文件成功
2017-03-12T03:14:51: 读取文件成功
2017-03-12T03:15:01: 读取文件成功
2017-03-12T03:15:11: 读取文件成功
2017-03-12T03:15:21: 读取文件成功
2017-03-12T03:15:31: 读取文件成功
2017-03-12T03:15:41: 读取文件成功
2017-03-12T03:15:51: 读取文件成功
2017-03-12T03:16:01: 读取文件成功
2017-03-12T03:16:11: 读取文件成功
2017-03-12T03:16:21: 读取文件成功
2017-03-12T03:16:31: 读取文件成功
2017-03-12T03:16:41: 读取文件成功
2017-03-12T03:16:51: 读取文件成功
2017-03-12T03:17:01: 读取文件成功
2017-03-12T03:17:11: 读取文件成功
2017-03-12T03:17:21: 读取文件成功
2017-03-12T03:17:31: 读取文件成功
2017-03-12T03:17:41: 读取文件成功
2017-03-12T03:17:51: 读取文件成功
2017-03-12T03:18:01: 读取文件成功
2017-03-12T03:18:11: 读取文件成功
2017-03-12T03:18:21: 读取文件成功
2017-03-12T03:18:31: 读取文件成功
2017-03-12T03:18:41: 读取文件成功
2017-03-12T03:18:51: 读取文件成功
2017-03-12T03:19:01: 读取文件成功
2017-03-12T03:19:11: 读取文件成功
2017-03-12T03:19:30: 读取文件成功
2017-03-12T03:19:31: 读取文件成功
2017-03-12T03:19:41: 读取文件成功
2017-03-12T03:19:51: 读取文件成功
2017-03-12T03:20:01: 读取文件成功
2017-03-12T03:20:11: 读取文件成功
2017-03-12T03:20:21: 读取文件成功
2017-03-12T03:20:31: 读取文件成功
2017-03-12T03:20:42: 读取文件成功
2017-03-12T03:20:51: 读取文件成功
2017-03-12T03:21:01: 读取文件成功
2017-03-12T03:21:11: 读取文件成功
2017-03-12T03:21:21: 读取文件成功
2017-03-12T03:21:31: 读取文件成功
2017-03-12T03:21:41: 读取文件成功
2017-03-12T03:21:51: 读取文件成功
2017-03-12T03:22:01: 读取文件成功
2017-03-12T03:22:11: 读取文件成功
2017-03-12T03:22:21: 读取文件成功
2017-03-12T03:22:31: 读取文件成功
2017-03-12T03:22:41: 读取文件成功
2017-03-12T03:22:51: 读取文件成功
2017-03-12T03:23:01: 读取文件成功
2017-03-12T03:23:11: 读取文件成功
2017-03-12T03:23:21: 读取文件成功
2017-03-12T03:23:31: 读取文件成功
2017-03-12T03:23:41: 读取文件成功
2017-03-12T03:23:51: 读取文件成功
2017-03-12T03:24:01: 读取文件成功
2017-03-12T03:24:14: 读取文件成功
2017-03-12T03:24:21: 读取文件成功
2017-03-12T03:24:31: 读取文件成功
2017-03-12T03:24:41: 读取文件成功
2017-03-12T03:24:51: 读取文件成功
2017-03-12T03:25:02: 读取文件成功
2017-03-12T03:25:11: 读取文件成功
2017-03-12T03:25:21: 读取文件成功
2017-03-12T03:25:32: 读取文件成功
2017-03-12T03:25:42: 读取文件成功
2017-03-12T03:25:52: 读取文件成功
2017-03-12T03:26:01: 读取文件成功
2017-03-12T03:26:11: 读取文件成功
2017-03-12T03:26:21: 读取文件成功
2017-03-12T03:26:31: 读取文件成功
2017-03-12T03:26:41: 读取文件成功
2017-03-12T03:26:52: 读取文件成功
2017-03-12T03:27:02: 读取文件成功
2017-03-12T03:27:12: 读取文件成功
2017-03-12T03:27:22: 读取文件成功
2017-03-12T03:27:32: 读取文件成功
2017-03-12T03:27:42: 读取文件成功
2017-03-12T03:27:52: 读取文件成功
2017-03-12T03:28:02: 读取文件成功
2017-03-12T03:28:12: 读取文件成功
2017-03-12T03:28:22: 读取文件成功
2017-03-12T03:28:32: 读取文件成功
2017-03-12T03:28:42: 读取文件成功
2017-03-12T03:28:52: 读取文件成功
2017-03-12T03:29:02: 读取文件成功
2017-03-12T03:29:12: 读取文件成功
2017-03-12T03:29:22: 读取文件成功
2017-03-12T03:29:32: 读取文件成功
2017-03-12T03:29:42: 读取文件成功
2017-03-12T03:29:52: 读取文件成功
2017-03-12T03:30:02: 读取文件成功
2017-03-12T03:30:12: 读取文件成功
2017-03-12T03:30:22: 读取文件成功
2017-03-12T03:30:32: 读取文件成功
2017-03-12T03:30:42: 读取文件成功
2017-03-12T03:30:52: 读取文件成功
2017-03-12T03:31:02: 读取文件成功
2017-03-12T03:31:12: 读取文件成功
2017-03-12T03:31:22: 读取文件成功
2017-03-12T03:31:32: 读取文件成功
2017-03-12T03:31:42: 读取文件成功
2017-03-12T03:31:52: 读取文件成功
2017-03-12T03:32:02: 读取文件成功
2017-03-12T03:32:12: 读取文件成功
2017-03-12T03:32:22: 读取文件成功
2017-03-12T03:32:32: 读取文件成功
2017-03-12T03:32:42: 读取文件成功
2017-03-12T03:32:52: 读取文件成功
2017-03-12T03:33:02: 读取文件成功
2017-03-12T03:33:13: 读取文件成功
2017-03-12T03:33:22: 读取文件成功
2017-03-12T03:33:32: 读取文件成功
2017-03-12T03:33:42: 读取文件成功
2017-03-12T03:33:52: 读取文件成功
2017-03-12T03:34:02: 读取文件成功
2017-03-12T03:34:12: 读取文件成功
2017-03-12T03:34:22: 读取文件成功
2017-03-12T03:34:32: 读取文件成功
2017-03-12T03:34:42: 读取文件成功
2017-03-12T03:34:52: 读取文件成功
2017-03-12T03:35:02: 读取文件成功
2017-03-12T03:35:12: 读取文件成功
2017-03-12T03:35:22: 读取文件成功
2017-03-12T03:35:32: 读取文件成功
2017-03-12T03:35:42: 读取文件成功
2017-03-12T03:35:52: 读取文件成功
2017-03-12T03:36:02: 读取文件成功
2017-03-12T03:36:17: 读取文件成功
2017-03-12T03:36:22: 读取文件成功
2017-03-12T03:36:32: 读取文件成功
2017-03-12T03:36:42: 读取文件成功
2017-03-12T03:36:52: 读取文件成功
2017-03-12T03:37:02: 读取文件成功
2017-03-12T03:37:12: 读取文件成功
2017-03-12T03:37:22: 读取文件成功
2017-03-12T03:37:32: 读取文件成功
2017-03-12T03:37:42: 读取文件成功
2017-03-12T03:37:52: 读取文件成功
2017-03-12T03:38:03: 读取文件成功
2017-03-12T03:38:12: 读取文件成功
2017-03-12T03:38:22: 读取文件成功
2017-03-12T03:38:32: 读取文件成功
2017-03-12T03:38:43: 读取文件成功
2017-03-12T03:38:52: 读取文件成功
2017-03-12T03:39:02: 读取文件成功
2017-03-12T03:39:12: 读取文件成功
2017-03-12T03:39:22: 读取文件成功
2017-03-12T03:39:32: 读取文件成功
2017-03-12T03:39:42: 读取文件成功
2017-03-12T03:39:52: 读取文件成功
2017-03-12T03:40:02: 读取文件成功
2017-03-12T03:40:12: 读取文件成功
2017-03-12T03:40:22: 读取文件成功
2017-03-12T03:40:32: 读取文件成功
2017-03-12T03:40:42: 读取文件成功
2017-03-12T03:40:52: 读取文件成功
2017-03-12T03:41:02: 读取文件成功
2017-03-12T03:41:12: 读取文件成功
2017-03-12T03:41:22: 读取文件成功
2017-03-12T03:41:32: 读取文件成功
2017-03-12T03:41:42: 读取文件成功
2017-03-12T03:41:53: 读取文件成功
2017-03-12T03:42:02: 读取文件成功
2017-03-12T03:42:13: 读取文件成功
2017-03-12T03:42:22: 读取文件成功
2017-03-12T03:42:32: 读取文件成功
2017-03-12T03:42:42: 读取文件成功
2017-03-12T03:42:52: 读取文件成功
2017-03-12T03:43:03: 读取文件成功
2017-03-12T03:43:12: 读取文件成功
2017-03-12T03:43:23: 读取文件成功
2017-03-12T03:43:33: 读取文件成功
2017-03-12T03:43:43: 读取文件成功
2017-03-12T03:43:53: 读取文件成功
2017-03-12T03:44:02: 读取文件成功
2017-03-12T03:44:12: 读取文件成功
2017-03-12T03:44:22: 读取文件成功
2017-03-12T03:44:33: 读取文件成功
2017-03-12T03:44:43: 读取文件成功
2017-03-12T03:44:53: 读取文件成功
2017-03-12T03:45:04: 读取文件成功
2017-03-12T03:45:13: 读取文件成功
2017-03-12T03:45:23: 读取文件成功
2017-03-12T03:45:33: 读取文件成功
2017-03-12T03:45:43: 读取文件成功
2017-03-12T03:45:53: 读取文件成功
2017-03-12T03:46:03: 读取文件成功
2017-03-12T03:46:13: 读取文件成功
2017-03-12T03:46:23: 读取文件成功
2017-03-12T03:46:33: 读取文件成功
2017-03-12T03:46:43: 读取文件成功
2017-03-12T03:46:53: 读取文件成功
2017-03-12T03:47:03: 读取文件成功
2017-03-12T03:47:13: 读取文件成功
2017-03-12T03:47:23: 读取文件成功
2017-03-12T03:47:33: 读取文件成功
2017-03-12T03:47:43: 读取文件成功
2017-03-12T03:47:53: 读取文件成功
2017-03-12T03:48:03: 读取文件成功
2017-03-12T03:48:13: 读取文件成功
2017-03-12T03:48:23: 读取文件成功
2017-03-12T03:48:33: 读取文件成功
2017-03-12T03:48:43: 读取文件成功
2017-03-12T03:48:54: 读取文件成功
2017-03-12T03:49:03: 读取文件成功
2017-03-12T03:49:13: 读取文件成功
2017-03-12T03:49:23: 读取文件成功
2017-03-12T03:49:33: 读取文件成功
2017-03-12T03:49:43: 读取文件成功
2017-03-12T03:49:53: 读取文件成功
2017-03-12T03:50:03: 读取文件成功
2017-03-12T03:50:13: 读取文件成功
2017-03-12T03:50:23: 读取文件成功
2017-03-12T03:50:33: 读取文件成功
2017-03-12T03:50:43: 读取文件成功
2017-03-12T03:50:53: 读取文件成功
2017-03-12T03:51:03: 读取文件成功
2017-03-12T03:51:13: 读取文件成功
2017-03-12T03:51:23: 读取文件成功
2017-03-12T03:51:34: 读取文件成功
2017-03-12T03:51:43: 读取文件成功
2017-03-12T03:51:53: 读取文件成功
2017-03-12T03:52:03: 读取文件成功
2017-03-12T03:52:13: 读取文件成功
2017-03-12T03:52:24: 读取文件成功
2017-03-12T03:52:33: 读取文件成功
2017-03-12T03:52:43: 读取文件成功
2017-03-12T03:52:53: 读取文件成功
2017-03-12T03:53:03: 读取文件成功
2017-03-12T03:53:13: 读取文件成功
2017-03-12T03:53:23: 读取文件成功
2017-03-12T03:53:33: 读取文件成功
2017-03-12T03:53:43: 读取文件成功
2017-03-12T03:53:53: 读取文件成功
2017-03-12T03:54:03: 读取文件成功
2017-03-12T03:54:13: 读取文件成功
2017-03-12T03:54:23: 读取文件成功
2017-03-12T03:54:33: 读取文件成功
2017-03-12T03:54:43: 读取文件成功
2017-03-12T03:54:53: 读取文件成功
2017-03-12T03:55:03: 读取文件成功
2017-03-12T03:55:13: 读取文件成功
2017-03-12T03:55:23: 读取文件成功
2017-03-12T03:55:33: 读取文件成功
2017-03-12T03:55:43: 读取文件成功
2017-03-12T03:55:53: 读取文件成功
2017-03-12T03:56:03: 读取文件成功
2017-03-12T03:56:13: 读取文件成功
2017-03-12T03:56:23: 读取文件成功
2017-03-12T03:56:33: 读取文件成功
2017-03-12T03:56:43: 读取文件成功
2017-03-12T03:56:53: 读取文件成功
2017-03-12T03:57:03: 读取文件成功
2017-03-12T03:57:13: 读取文件成功
2017-03-12T03:57:23: 读取文件成功
2017-03-12T03:57:33: 读取文件成功
2017-03-12T03:57:43: 读取文件成功
2017-03-12T03:57:53: 读取文件成功
2017-03-12T03:58:03: 读取文件成功
2017-03-12T03:58:13: 读取文件成功
2017-03-12T03:58:23: 读取文件成功
2017-03-12T03:58:33: 读取文件成功
2017-03-12T03:58:43: 读取文件成功
2017-03-12T03:58:53: 读取文件成功
2017-03-12T03:59:03: 读取文件成功
2017-03-12T03:59:14: 读取文件成功
2017-03-12T03:59:23: 读取文件成功
2017-03-12T03:59:34: 读取文件成功
2017-03-12T03:59:43: 读取文件成功
2017-03-12T03:59:53: 读取文件成功
2017-03-12T04:00:04: 读取文件成功
2017-03-12T04:00:13: 读取文件成功
2017-03-12T04:00:23: 读取文件成功
2017-03-12T04:00:33: 读取文件成功
2017-03-12T04:00:43: 读取文件成功
2017-03-12T04:00:53: 读取文件成功
2017-03-12T04:01:03: 读取文件成功
2017-03-12T04:01:13: 读取文件成功
2017-03-12T04:01:23: 读取文件成功
2017-03-12T04:01:34: 读取文件成功
2017-03-12T04:01:43: 读取文件成功
2017-03-12T04:01:53: 读取文件成功
2017-03-12T04:02:03: 读取文件成功
2017-03-12T04:02:14: 读取文件成功
2017-03-12T04:02:23: 读取文件成功
2017-03-12T04:02:34: 读取文件成功
2017-03-12T04:02:43: 读取文件成功
2017-03-12T04:02:53: 读取文件成功
2017-03-12T04:03:03: 读取文件成功
2017-03-12T04:03:13: 读取文件成功
2017-03-12T04:03:27: 读取文件成功
2017-03-12T04:03:34: 读取文件成功
2017-03-12T04:03:44: 读取文件成功
2017-03-12T04:03:54: 读取文件成功
2017-03-12T04:04:04: 读取文件成功
2017-03-12T04:04:14: 读取文件成功
2017-03-12T04:04:24: 读取文件成功
2017-03-12T04:04:34: 读取文件成功
2017-03-12T04:04:44: 读取文件成功
2017-03-12T04:04:54: 读取文件成功
2017-03-12T04:05:04: 读取文件成功
2017-03-12T04:05:14: 读取文件成功
2017-03-12T04:05:24: 读取文件成功
2017-03-12T04:05:34: 读取文件成功
2017-03-12T04:05:45: 读取文件成功
2017-03-12T04:05:54: 读取文件成功
2017-03-12T04:06:04: 读取文件成功
2017-03-12T04:06:14: 读取文件成功
2017-03-12T04:06:24: 读取文件成功
2017-03-12T04:06:34: 读取文件成功
2017-03-12T04:06:44: 读取文件成功
2017-03-12T04:06:54: 读取文件成功
2017-03-12T04:07:04: 读取文件成功
2017-03-12T04:07:14: 读取文件成功
2017-03-12T04:07:24: 读取文件成功
2017-03-12T04:07:34: 读取文件成功
2017-03-12T04:07:44: 读取文件成功
2017-03-12T04:07:54: 读取文件成功
2017-03-12T04:08:05: 读取文件成功
2017-03-12T04:08:14: 读取文件成功
2017-03-12T04:08:24: 读取文件成功
2017-03-12T04:08:34: 读取文件成功
2017-03-12T04:08:44: 读取文件成功
2017-03-12T04:08:54: 读取文件成功
2017-03-12T04:09:04: 读取文件成功
2017-03-12T04:09:14: 读取文件成功
2017-03-12T04:09:24: 读取文件成功
2017-03-12T04:09:34: 读取文件成功
2017-03-12T04:09:44: 读取文件成功
2017-03-12T04:09:54: 读取文件成功
2017-03-12T04:10:04: 读取文件成功
2017-03-12T04:10:15: 读取文件成功
2017-03-12T04:10:24: 读取文件成功
2017-03-12T04:10:34: 读取文件成功
2017-03-12T04:10:44: 读取文件成功
2017-03-12T04:10:54: 读取文件成功
2017-03-12T04:11:04: 读取文件成功
2017-03-12T04:11:14: 读取文件成功
2017-03-12T04:11:24: 读取文件成功
2017-03-12T04:11:34: 读取文件成功
2017-03-12T04:11:44: 读取文件成功
2017-03-12T04:11:54: 读取文件成功
2017-03-12T04:12:04: 读取文件成功
2017-03-12T04:12:14: 读取文件成功
2017-03-12T04:12:24: 读取文件成功
2017-03-12T04:12:34: 读取文件成功
2017-03-12T04:12:44: 读取文件成功
2017-03-12T04:12:54: 读取文件成功
2017-03-12T04:13:04: 读取文件成功
2017-03-12T04:13:14: 读取文件成功
2017-03-12T04:13:24: 读取文件成功
2017-03-12T04:13:34: 读取文件成功
2017-03-12T04:13:44: 读取文件成功
2017-03-12T04:13:54: 读取文件成功
2017-03-12T04:14:05: 读取文件成功
2017-03-12T04:14:14: 读取文件成功
2017-03-12T04:14:24: 读取文件成功
2017-03-12T04:14:34: 读取文件成功
2017-03-12T04:14:44: 读取文件成功
2017-03-12T04:14:54: 读取文件成功
2017-03-12T04:15:04: 读取文件成功
2017-03-12T04:15:14: 读取文件成功
2017-03-12T04:15:24: 读取文件成功
2017-03-12T04:15:34: 读取文件成功
2017-03-12T04:15:44: 读取文件成功
2017-03-12T04:15:54: 读取文件成功
2017-03-12T04:16:04: 读取文件成功
2017-03-12T04:16:15: 读取文件成功
2017-03-12T04:16:24: 读取文件成功
2017-03-12T04:16:34: 读取文件成功
2017-03-12T04:16:44: 读取文件成功
2017-03-12T04:16:54: 读取文件成功
2017-03-12T04:17:04: 读取文件成功
2017-03-12T04:17:14: 读取文件成功
2017-03-12T04:17:24: 读取文件成功
2017-03-12T04:17:34: 读取文件成功
2017-03-12T04:17:44: 读取文件成功
2017-03-12T04:17:54: 读取文件成功
2017-03-12T04:18:04: 读取文件成功
2017-03-12T04:18:14: 读取文件成功
2017-03-12T04:18:24: 读取文件成功
2017-03-12T04:18:34: 读取文件成功
2017-03-12T04:18:44: 读取文件成功
2017-03-12T04:18:54: 读取文件成功
2017-03-12T04:19:04: 读取文件成功
2017-03-12T04:19:14: 读取文件成功
2017-03-12T04:19:24: 读取文件成功
2017-03-12T04:19:34: 读取文件成功
2017-03-12T04:19:44: 读取文件成功
2017-03-12T04:19:54: 读取文件成功
2017-03-12T04:20:04: 读取文件成功
2017-03-12T04:20:14: 读取文件成功
2017-03-12T04:20:24: 读取文件成功
2017-03-12T04:20:34: 读取文件成功
2017-03-12T04:20:44: 读取文件成功
2017-03-12T04:20:54: 读取文件成功
2017-03-12T04:21:04: 读取文件成功
2017-03-12T04:21:14: 读取文件成功
2017-03-12T04:21:24: 读取文件成功
2017-03-12T04:21:34: 读取文件成功
2017-03-12T04:21:44: 读取文件成功
2017-03-12T04:21:54: 读取文件成功
2017-03-12T04:22:04: 读取文件成功
2017-03-12T04:22:14: 读取文件成功
2017-03-12T04:22:24: 读取文件成功
2017-03-12T04:22:34: 读取文件成功
2017-03-12T04:22:44: 读取文件成功
2017-03-12T04:22:54: 读取文件成功
2017-03-12T04:23:04: 读取文件成功
2017-03-12T04:23:14: 读取文件成功
2017-03-12T04:23:24: 读取文件成功
2017-03-12T04:23:34: 读取文件成功
2017-03-12T04:23:44: 读取文件成功
2017-03-12T04:23:54: 读取文件成功
2017-03-12T04:24:04: 读取文件成功
2017-03-12T04:24:15: 读取文件成功
2017-03-12T04:24:25: 读取文件成功
2017-03-12T04:24:35: 读取文件成功
2017-03-12T04:24:45: 读取文件成功
2017-03-12T04:24:55: 读取文件成功
2017-03-12T04:25:05: 读取文件成功
2017-03-12T04:25:15: 读取文件成功
2017-03-12T04:25:25: 读取文件成功
2017-03-12T04:25:35: 读取文件成功
2017-03-12T04:25:45: 读取文件成功
2017-03-12T04:25:55: 读取文件成功
2017-03-12T04:26:05: 读取文件成功
2017-03-12T04:26:15: 读取文件成功
2017-03-12T04:26:25: 读取文件成功
2017-03-12T04:26:35: 读取文件成功
2017-03-12T04:26:45: 读取文件成功
2017-03-12T04:26:55: 读取文件成功
2017-03-12T04:27:05: 读取文件成功
2017-03-12T04:27:15: 读取文件成功
2017-03-12T04:27:25: 读取文件成功
2017-03-12T04:27:35: 读取文件成功
2017-03-12T04:27:45: 读取文件成功
2017-03-12T04:27:55: 读取文件成功
2017-03-12T04:28:05: 读取文件成功
2017-03-12T04:28:15: 读取文件成功
2017-03-12T04:28:25: 读取文件成功
2017-03-12T04:28:35: 读取文件成功
2017-03-12T04:28:45: 读取文件成功
2017-03-12T04:28:55: 读取文件成功
2017-03-12T04:29:05: 读取文件成功
2017-03-12T04:29:15: 读取文件成功
2017-03-12T04:29:25: 读取文件成功
2017-03-12T04:29:35: 读取文件成功
2017-03-12T04:29:45: 读取文件成功
2017-03-12T04:29:56: 读取文件成功
2017-03-12T04:30:05: 读取文件成功
2017-03-12T04:30:15: 读取文件成功
2017-03-12T04:30:25: 读取文件成功
2017-03-12T04:30:35: 读取文件成功
2017-03-12T04:30:45: 读取文件成功
2017-03-12T04:30:55: 读取文件成功
2017-03-12T04:31:05: 读取文件成功
2017-03-12T04:31:15: 读取文件成功
2017-03-12T04:31:25: 读取文件成功
2017-03-12T04:31:35: 读取文件成功
2017-03-12T04:31:45: 读取文件成功
2017-03-12T04:31:55: 读取文件成功
2017-03-12T04:32:05: 读取文件成功
2017-03-12T04:32:15: 读取文件成功
2017-03-12T04:32:25: 读取文件成功
2017-03-12T04:32:35: 读取文件成功
2017-03-12T04:32:45: 读取文件成功
2017-03-12T04:32:55: 读取文件成功
2017-03-12T04:33:05: 读取文件成功
2017-03-12T04:33:15: 读取文件成功
2017-03-12T04:33:25: 读取文件成功
2017-03-12T04:33:35: 读取文件成功
2017-03-12T04:33:45: 读取文件成功
2017-03-12T04:33:55: 读取文件成功
2017-03-12T04:34:05: 读取文件成功
2017-03-12T04:34:15: 读取文件成功
2017-03-12T04:34:25: 读取文件成功
2017-03-12T04:34:35: 读取文件成功
2017-03-12T04:34:45: 读取文件成功
2017-03-12T04:34:55: 读取文件成功
2017-03-12T04:35:05: 读取文件成功
2017-03-12T04:35:15: 读取文件成功
2017-03-12T04:35:25: 读取文件成功
2017-03-12T04:35:35: 读取文件成功
2017-03-12T04:35:45: 读取文件成功
2017-03-12T04:35:55: 读取文件成功
2017-03-12T04:36:05: 读取文件成功
2017-03-12T04:36:15: 读取文件成功
2017-03-12T04:36:25: 读取文件成功
2017-03-12T04:36:35: 读取文件成功
2017-03-12T04:36:45: 读取文件成功
2017-03-12T04:36:55: 读取文件成功
2017-03-12T04:37:05: 读取文件成功
2017-03-12T04:37:15: 读取文件成功
2017-03-12T04:37:25: 读取文件成功
2017-03-12T04:37:35: 读取文件成功
2017-03-12T04:37:45: 读取文件成功
2017-03-12T04:37:55: 读取文件成功
2017-03-12T04:38:05: 读取文件成功
2017-03-12T04:38:16: 读取文件成功
2017-03-12T04:38:25: 读取文件成功
2017-03-12T04:38:35: 读取文件成功
2017-03-12T04:38:45: 读取文件成功
2017-03-12T04:38:55: 读取文件成功
2017-03-12T04:39:05: 读取文件成功
2017-03-12T04:39:15: 读取文件成功
2017-03-12T04:39:25: 读取文件成功
2017-03-12T04:39:35: 读取文件成功
2017-03-12T04:39:45: 读取文件成功
2017-03-12T04:39:55: 读取文件成功
2017-03-12T04:40:05: 读取文件成功
2017-03-12T04:40:15: 读取文件成功
2017-03-12T04:40:25: 读取文件成功
2017-03-12T04:40:35: 读取文件成功
2017-03-12T04:40:45: 读取文件成功
2017-03-12T04:40:55: 读取文件成功
2017-03-12T04:41:05: 读取文件成功
2017-03-12T04:41:15: 读取文件成功
2017-03-12T04:41:25: 读取文件成功
2017-03-12T04:41:35: 读取文件成功
2017-03-12T04:41:45: 读取文件成功
2017-03-12T04:41:56: 读取文件成功
2017-03-12T04:42:05: 读取文件成功
2017-03-12T04:42:16: 读取文件成功
2017-03-12T04:42:25: 读取文件成功
2017-03-12T04:42:36: 读取文件成功
2017-03-12T04:42:45: 读取文件成功
2017-03-12T04:42:55: 读取文件成功
2017-03-12T04:43:05: 读取文件成功
2017-03-12T04:43:15: 读取文件成功
2017-03-12T04:43:25: 读取文件成功
2017-03-12T04:43:35: 读取文件成功
2017-03-12T04:43:46: 读取文件成功
2017-03-12T04:43:55: 读取文件成功
2017-03-12T04:44:06: 读取文件成功
2017-03-12T04:44:16: 读取文件成功
2017-03-12T04:44:26: 读取文件成功
2017-03-12T04:44:36: 读取文件成功
2017-03-12T04:44:46: 读取文件成功
2017-03-12T04:44:56: 读取文件成功
2017-03-12T04:45:06: 读取文件成功
2017-03-12T04:45:16: 读取文件成功
2017-03-12T04:45:26: 读取文件成功
2017-03-12T04:45:36: 读取文件成功
2017-03-12T04:45:46: 读取文件成功
2017-03-12T04:45:56: 读取文件成功
2017-03-12T04:46:06: 读取文件成功
2017-03-12T04:46:16: 读取文件成功
2017-03-12T04:46:26: 读取文件成功
2017-03-12T04:46:36: 读取文件成功
2017-03-12T04:46:46: 读取文件成功
2017-03-12T04:46:56: 读取文件成功
2017-03-12T04:47:06: 读取文件成功
2017-03-12T04:47:16: 读取文件成功
2017-03-12T04:47:26: 读取文件成功
2017-03-12T04:47:36: 读取文件成功
2017-03-12T04:47:46: 读取文件成功
2017-03-12T04:47:56: 读取文件成功
2017-03-12T04:48:06: 读取文件成功
2017-03-12T04:48:16: 读取文件成功
2017-03-12T04:48:26: 读取文件成功
2017-03-12T04:48:36: 读取文件成功
2017-03-12T04:48:46: 读取文件成功
2017-03-12T04:48:56: 读取文件成功
2017-03-12T04:49:06: 读取文件成功
2017-03-12T04:49:16: 读取文件成功
2017-03-12T04:49:26: 读取文件成功
2017-03-12T04:49:36: 读取文件成功
2017-03-12T04:49:46: 读取文件成功
2017-03-12T04:49:56: 读取文件成功
2017-03-12T04:50:06: 读取文件成功
2017-03-12T04:50:16: 读取文件成功
2017-03-12T04:50:26: 读取文件成功
2017-03-12T04:50:36: 读取文件成功
2017-03-12T04:50:46: 读取文件成功
2017-03-12T04:50:56: 读取文件成功
2017-03-12T04:51:06: 读取文件成功
2017-03-12T04:51:16: 读取文件成功
2017-03-12T04:51:26: 读取文件成功
2017-03-12T04:51:36: 读取文件成功
2017-03-12T04:51:46: 读取文件成功
2017-03-12T04:51:56: 读取文件成功
2017-03-12T04:52:06: 读取文件成功
2017-03-12T04:52:16: 读取文件成功
2017-03-12T04:52:26: 读取文件成功
2017-03-12T04:52:36: 读取文件成功
2017-03-12T04:52:46: 读取文件成功
2017-03-12T04:52:56: 读取文件成功
2017-03-12T04:53:06: 读取文件成功
2017-03-12T04:53:16: 读取文件成功
2017-03-12T04:53:26: 读取文件成功
2017-03-12T04:53:36: 读取文件成功
2017-03-12T04:53:46: 读取文件成功
2017-03-12T04:53:56: 读取文件成功
2017-03-12T04:54:06: 读取文件成功
2017-03-12T04:54:16: 读取文件成功
2017-03-12T04:54:26: 读取文件成功
2017-03-12T04:54:36: 读取文件成功
2017-03-12T04:54:46: 读取文件成功
2017-03-12T04:54:56: 读取文件成功
2017-03-12T04:55:06: 读取文件成功
2017-03-12T04:55:16: 读取文件成功
2017-03-12T04:55:26: 读取文件成功
2017-03-12T04:55:36: 读取文件成功
2017-03-12T04:55:46: 读取文件成功
2017-03-12T04:55:56: 读取文件成功
2017-03-12T04:56:06: 读取文件成功
2017-03-12T04:56:16: 读取文件成功
2017-03-12T04:56:26: 读取文件成功
2017-03-12T04:56:36: 读取文件成功
2017-03-12T04:56:46: 读取文件成功
2017-03-12T04:56:56: 读取文件成功
2017-03-12T04:57:06: 读取文件成功
2017-03-12T04:57:16: 读取文件成功
2017-03-12T04:57:26: 读取文件成功
2017-03-12T04:57:36: 读取文件成功
2017-03-12T04:57:46: 读取文件成功
2017-03-12T04:57:56: 读取文件成功
2017-03-12T04:58:06: 读取文件成功
2017-03-12T04:58:17: 读取文件成功
2017-03-12T04:58:26: 读取文件成功
2017-03-12T04:58:36: 读取文件成功
2017-03-12T04:58:46: 读取文件成功
2017-03-12T04:58:56: 读取文件成功
2017-03-12T04:59:06: 读取文件成功
2017-03-12T04:59:16: 读取文件成功
2017-03-12T04:59:26: 读取文件成功
2017-03-12T04:59:36: 读取文件成功
2017-03-12T04:59:46: 读取文件成功
2017-03-12T04:59:56: 读取文件成功
2017-03-12T05:00:06: 读取文件成功
2017-03-12T05:00:16: 读取文件成功
2017-03-12T05:00:26: 读取文件成功
2017-03-12T05:00:36: 读取文件成功
2017-03-12T05:00:46: 读取文件成功
2017-03-12T05:00:56: 读取文件成功
2017-03-12T05:01:06: 读取文件成功
2017-03-12T05:01:16: 读取文件成功
2017-03-12T05:01:26: 读取文件成功
2017-03-12T05:01:36: 读取文件成功
2017-03-12T05:01:46: 读取文件成功
2017-03-12T05:01:56: 读取文件成功
2017-03-12T05:02:06: 读取文件成功
2017-03-12T05:02:16: 读取文件成功
2017-03-12T05:02:27: 读取文件成功
2017-03-12T05:02:36: 读取文件成功
2017-03-12T05:02:46: 读取文件成功
2017-03-12T05:02:56: 读取文件成功
2017-03-12T05:03:06: 读取文件成功
2017-03-12T05:03:16: 读取文件成功
2017-03-12T05:03:26: 读取文件成功
2017-03-12T05:03:36: 读取文件成功
2017-03-12T05:03:46: 读取文件成功
2017-03-12T05:03:56: 读取文件成功
2017-03-12T05:04:06: 读取文件成功
2017-03-12T05:04:16: 读取文件成功
2017-03-12T05:04:26: 读取文件成功
2017-03-12T05:04:36: 读取文件成功
2017-03-12T05:04:46: 读取文件成功
2017-03-12T05:04:57: 读取文件成功
2017-03-12T05:05:07: 读取文件成功
2017-03-12T05:05:17: 读取文件成功
2017-03-12T05:05:27: 读取文件成功
2017-03-12T05:05:37: 读取文件成功
2017-03-12T05:05:47: 读取文件成功
2017-03-12T05:05:57: 读取文件成功
2017-03-12T05:06:07: 读取文件成功
2017-03-12T05:06:17: 读取文件成功
2017-03-12T05:06:27: 读取文件成功
2017-03-12T05:06:37: 读取文件成功
2017-03-12T05:06:47: 读取文件成功
2017-03-12T05:06:57: 读取文件成功
2017-03-12T05:07:07: 读取文件成功
2017-03-12T05:07:17: 读取文件成功
2017-03-12T05:07:27: 读取文件成功
2017-03-12T05:07:37: 读取文件成功
2017-03-12T05:07:47: 读取文件成功
2017-03-12T05:07:57: 读取文件成功
2017-03-12T05:08:07: 读取文件成功
2017-03-12T05:08:17: 读取文件成功
2017-03-12T05:08:27: 读取文件成功
2017-03-12T05:08:37: 读取文件成功
2017-03-12T05:08:47: 读取文件成功
2017-03-12T05:08:57: 读取文件成功
2017-03-12T05:09:07: 读取文件成功
2017-03-12T05:09:17: 读取文件成功
2017-03-12T05:09:27: 读取文件成功
2017-03-12T05:09:37: 读取文件成功
2017-03-12T05:09:47: 读取文件成功
2017-03-12T05:09:57: 读取文件成功
2017-03-12T05:10:07: 读取文件成功
2017-03-12T05:10:17: 读取文件成功
2017-03-12T05:10:27: 读取文件成功
2017-03-12T05:10:37: 读取文件成功
2017-03-12T05:10:47: 读取文件成功
2017-03-12T05:10:57: 读取文件成功
2017-03-12T05:11:07: 读取文件成功
2017-03-12T05:11:17: 读取文件成功
2017-03-12T05:11:27: 读取文件成功
2017-03-12T05:11:37: 读取文件成功
2017-03-12T05:11:47: 读取文件成功
2017-03-12T05:11:57: 读取文件成功
2017-03-12T05:12:07: 读取文件成功
2017-03-12T05:12:17: 读取文件成功
2017-03-12T05:12:27: 读取文件成功
2017-03-12T05:12:37: 读取文件成功
2017-03-12T05:12:47: 读取文件成功
2017-03-12T05:12:57: 读取文件成功
2017-03-12T05:13:07: 读取文件成功
2017-03-12T05:13:17: 读取文件成功
2017-03-12T05:13:27: 读取文件成功
2017-03-12T05:13:37: 读取文件成功
2017-03-12T05:13:47: 读取文件成功
2017-03-12T05:13:57: 读取文件成功
2017-03-12T05:14:07: 读取文件成功
2017-03-12T05:14:17: 读取文件成功
2017-03-12T05:14:27: 读取文件成功
2017-03-12T05:14:37: 读取文件成功
2017-03-12T05:14:47: 读取文件成功
2017-03-12T05:14:57: 读取文件成功
2017-03-12T05:15:07: 读取文件成功
2017-03-12T05:15:17: 读取文件成功
2017-03-12T05:15:27: 读取文件成功
2017-03-12T05:15:37: 读取文件成功
2017-03-12T05:15:47: 读取文件成功
2017-03-12T05:15:57: 读取文件成功
2017-03-12T05:16:07: 读取文件成功
2017-03-12T05:16:17: 读取文件成功
2017-03-12T05:16:27: 读取文件成功
2017-03-12T05:16:37: 读取文件成功
2017-03-12T05:16:47: 读取文件成功
2017-03-12T05:16:57: 读取文件成功
2017-03-12T05:17:07: 读取文件成功
2017-03-12T05:17:17: 读取文件成功
2017-03-12T05:17:27: 读取文件成功
2017-03-12T05:17:37: 读取文件成功
2017-03-12T05:17:47: 读取文件成功
2017-03-12T05:17:57: 读取文件成功
2017-03-12T05:18:07: 读取文件成功
2017-03-12T05:18:17: 读取文件成功
2017-03-12T05:18:27: 读取文件成功
2017-03-12T05:18:37: 读取文件成功
2017-03-12T05:18:47: 读取文件成功
2017-03-12T05:18:57: 读取文件成功
2017-03-12T05:19:07: 读取文件成功
2017-03-12T05:19:17: 读取文件成功
2017-03-12T05:19:27: 读取文件成功
2017-03-12T05:19:37: 读取文件成功
2017-03-12T05:19:47: 读取文件成功
2017-03-12T05:19:57: 读取文件成功
2017-03-12T05:20:07: 读取文件成功
2017-03-12T05:20:17: 读取文件成功
2017-03-12T05:20:27: 读取文件成功
2017-03-12T05:20:37: 读取文件成功
2017-03-12T05:20:47: 读取文件成功
2017-03-12T05:20:57: 读取文件成功
2017-03-12T05:21:07: 读取文件成功
2017-03-12T05:21:17: 读取文件成功
2017-03-12T05:21:27: 读取文件成功
2017-03-12T05:21:37: 读取文件成功
2017-03-12T05:21:47: 读取文件成功
2017-03-12T05:21:57: 读取文件成功
2017-03-12T05:22:07: 读取文件成功
2017-03-12T05:22:17: 读取文件成功
2017-03-12T05:22:27: 读取文件成功
2017-03-12T05:22:37: 读取文件成功
2017-03-12T05:22:48: 读取文件成功
2017-03-12T05:22:58: 读取文件成功
2017-03-12T05:23:08: 读取文件成功
2017-03-12T05:23:18: 读取文件成功
2017-03-12T05:23:28: 读取文件成功
2017-03-12T05:23:38: 读取文件成功
2017-03-12T05:23:48: 读取文件成功
2017-03-12T05:23:58: 读取文件成功
2017-03-12T05:24:08: 读取文件成功
2017-03-12T05:24:18: 读取文件成功
2017-03-12T05:24:28: 读取文件成功
2017-03-12T05:24:38: 读取文件成功
2017-03-12T05:24:48: 读取文件成功
2017-03-12T05:24:58: 读取文件成功
2017-03-12T05:25:08: 读取文件成功
2017-03-12T05:25:18: 读取文件成功
2017-03-12T05:25:28: 读取文件成功
2017-03-12T05:25:38: 读取文件成功
2017-03-12T05:25:48: 读取文件成功
2017-03-12T05:25:58: 读取文件成功
2017-03-12T05:26:08: 读取文件成功
2017-03-12T05:26:18: 读取文件成功
2017-03-12T05:26:28: 读取文件成功
2017-03-12T05:26:38: 读取文件成功
2017-03-12T05:26:48: 读取文件成功
2017-03-12T05:26:58: 读取文件成功
2017-03-12T05:27:08: 读取文件成功
2017-03-12T05:27:18: 读取文件成功
2017-03-12T05:27:28: 读取文件成功
2017-03-12T05:27:38: 读取文件成功
2017-03-12T05:27:48: 读取文件成功
2017-03-12T05:27:58: 读取文件成功
2017-03-12T05:28:08: 读取文件成功
2017-03-12T05:28:18: 读取文件成功
2017-03-12T05:28:28: 读取文件成功
2017-03-12T05:28:38: 读取文件成功
2017-03-12T05:28:48: 读取文件成功
2017-03-12T05:28:58: 读取文件成功
2017-03-12T05:29:08: 读取文件成功
2017-03-12T05:29:18: 读取文件成功
2017-03-12T05:29:28: 读取文件成功
2017-03-12T05:29:38: 读取文件成功
2017-03-12T05:29:48: 读取文件成功
2017-03-12T05:29:58: 读取文件成功
2017-03-12T05:30:08: 读取文件成功
2017-03-12T05:30:18: 读取文件成功
2017-03-12T05:30:28: 读取文件成功
2017-03-12T05:30:38: 读取文件成功
2017-03-12T05:30:48: 读取文件成功
2017-03-12T05:30:58: 读取文件成功
2017-03-12T05:31:08: 读取文件成功
2017-03-12T05:31:18: 读取文件成功
2017-03-12T05:31:28: 读取文件成功
2017-03-12T05:31:38: 读取文件成功
2017-03-12T05:31:48: 读取文件成功
2017-03-12T05:31:58: 读取文件成功
2017-03-12T05:32:08: 读取文件成功
2017-03-12T05:32:18: 读取文件成功
2017-03-12T05:32:28: 读取文件成功
2017-03-12T05:32:38: 读取文件成功
2017-03-12T05:32:48: 读取文件成功
2017-03-12T05:32:58: 读取文件成功
2017-03-12T05:33:08: 读取文件成功
2017-03-12T05:33:18: 读取文件成功
2017-03-12T05:33:28: 读取文件成功
2017-03-12T05:33:38: 读取文件成功
2017-03-12T05:33:48: 读取文件成功
2017-03-12T05:33:58: 读取文件成功
2017-03-12T05:34:08: 读取文件成功
2017-03-12T05:34:18: 读取文件成功
2017-03-12T05:34:28: 读取文件成功
2017-03-12T05:34:38: 读取文件成功
2017-03-12T05:34:48: 读取文件成功
2017-03-12T05:34:58: 读取文件成功
2017-03-12T05:35:08: 读取文件成功
2017-03-12T05:35:18: 读取文件成功
2017-03-12T05:35:28: 读取文件成功
2017-03-12T05:35:38: 读取文件成功
2017-03-12T05:35:48: 读取文件成功
2017-03-12T05:35:58: 读取文件成功
2017-03-12T05:36:08: 读取文件成功
2017-03-12T05:36:18: 读取文件成功
2017-03-12T05:36:28: 读取文件成功
2017-03-12T05:36:38: 读取文件成功
2017-03-12T05:36:48: 读取文件成功
2017-03-12T05:36:58: 读取文件成功
2017-03-12T05:37:08: 读取文件成功
2017-03-12T05:37:18: 读取文件成功
2017-03-12T05:37:28: 读取文件成功
2017-03-12T05:37:38: 读取文件成功
2017-03-12T05:37:48: 读取文件成功
2017-03-12T05:37:58: 读取文件成功
2017-03-12T05:38:08: 读取文件成功
2017-03-12T05:38:18: 读取文件成功
2017-03-12T05:38:28: 读取文件成功
2017-03-12T05:38:38: 读取文件成功
2017-03-12T05:38:48: 读取文件成功
2017-03-12T05:38:58: 读取文件成功
2017-03-12T05:39:08: 读取文件成功
2017-03-12T05:39:18: 读取文件成功
2017-03-12T05:39:28: 读取文件成功
2017-03-12T05:39:38: 读取文件成功
2017-03-12T05:39:48: 读取文件成功
2017-03-12T05:39:58: 读取文件成功
2017-03-12T05:40:08: 读取文件成功
2017-03-12T05:40:18: 读取文件成功
2017-03-12T05:40:28: 读取文件成功
2017-03-12T05:40:38: 读取文件成功
2017-03-12T05:40:48: 读取文件成功
2017-03-12T05:40:58: 读取文件成功
2017-03-12T05:41:08: 读取文件成功
2017-03-12T05:41:19: 读取文件成功
2017-03-12T05:41:28: 读取文件成功
2017-03-12T05:41:38: 读取文件成功
2017-03-12T05:41:49: 读取文件成功
2017-03-12T05:41:59: 读取文件成功
2017-03-12T05:42:09: 读取文件成功
2017-03-12T05:42:19: 读取文件成功
2017-03-12T05:42:29: 读取文件成功
2017-03-12T05:42:39: 读取文件成功
2017-03-12T05:42:49: 读取文件成功
2017-03-12T05:42:59: 读取文件成功
2017-03-12T05:43:09: 读取文件成功
2017-03-12T05:43:19: 读取文件成功
2017-03-12T05:43:29: 读取文件成功
2017-03-12T05:43:39: 读取文件成功
2017-03-12T05:43:49: 读取文件成功
2017-03-12T05:43:59: 读取文件成功
2017-03-12T05:44:09: 读取文件成功
2017-03-12T05:44:19: 读取文件成功
2017-03-12T05:44:29: 读取文件成功
2017-03-12T05:44:39: 读取文件成功
2017-03-12T05:44:49: 读取文件成功
2017-03-12T05:44:59: 读取文件成功
2017-03-12T05:45:09: 读取文件成功
2017-03-12T05:45:19: 读取文件成功
2017-03-12T05:45:29: 读取文件成功
2017-03-12T05:45:39: 读取文件成功
2017-03-12T05:45:49: 读取文件成功
2017-03-12T05:45:59: 读取文件成功
2017-03-12T05:46:09: 读取文件成功
2017-03-12T05:46:19: 读取文件成功
2017-03-12T05:46:29: 读取文件成功
2017-03-12T05:46:39: 读取文件成功
2017-03-12T05:46:49: 读取文件成功
2017-03-12T05:46:59: 读取文件成功
2017-03-12T05:47:09: 读取文件成功
2017-03-12T05:47:19: 读取文件成功
2017-03-12T05:47:29: 读取文件成功
2017-03-12T05:47:39: 读取文件成功
2017-03-12T05:47:49: 读取文件成功
2017-03-12T05:47:59: 读取文件成功
2017-03-12T05:48:09: 读取文件成功
2017-03-12T05:48:19: 读取文件成功
2017-03-12T05:48:29: 读取文件成功
2017-03-12T05:48:39: 读取文件成功
2017-03-12T05:48:49: 读取文件成功
2017-03-12T05:48:59: 读取文件成功
2017-03-12T05:49:09: 读取文件成功
2017-03-12T05:49:19: 读取文件成功
2017-03-12T05:49:29: 读取文件成功
2017-03-12T05:49:39: 读取文件成功
2017-03-12T05:49:49: 读取文件成功
2017-03-12T05:49:59: 读取文件成功
2017-03-12T05:50:09: 读取文件成功
2017-03-12T05:50:19: 读取文件成功
2017-03-12T05:50:29: 读取文件成功
2017-03-12T05:50:39: 读取文件成功
2017-03-12T05:50:49: 读取文件成功
2017-03-12T05:50:59: 读取文件成功
2017-03-12T05:51:09: 读取文件成功
2017-03-12T05:51:19: 读取文件成功
2017-03-12T05:51:29: 读取文件成功
2017-03-12T05:51:39: 读取文件成功
2017-03-12T05:51:49: 读取文件成功
2017-03-12T05:51:59: 读取文件成功
2017-03-12T05:52:10: 读取文件成功
2017-03-12T05:52:19: 读取文件成功
2017-03-12T05:52:29: 读取文件成功
2017-03-12T05:52:39: 读取文件成功
2017-03-12T05:52:49: 读取文件成功
2017-03-12T05:52:59: 读取文件成功
2017-03-12T05:53:09: 读取文件成功
2017-03-12T05:53:19: 读取文件成功
2017-03-12T05:53:29: 读取文件成功
2017-03-12T05:53:40: 读取文件成功
2017-03-12T05:53:49: 读取文件成功
2017-03-12T05:53:59: 读取文件成功
2017-03-12T05:54:09: 读取文件成功
2017-03-12T05:54:19: 读取文件成功
2017-03-12T05:54:29: 读取文件成功
2017-03-12T05:54:39: 读取文件成功
2017-03-12T05:54:49: 读取文件成功
2017-03-12T05:54:59: 读取文件成功
2017-03-12T05:55:09: 读取文件成功
2017-03-12T05:55:19: 读取文件成功
2017-03-12T05:55:29: 读取文件成功
2017-03-12T05:55:39: 读取文件成功
2017-03-12T05:55:49: 读取文件成功
2017-03-12T05:55:59: 读取文件成功
2017-03-12T05:56:09: 读取文件成功
2017-03-12T05:56:19: 读取文件成功
2017-03-12T05:56:29: 读取文件成功
2017-03-12T05:56:39: 读取文件成功
2017-03-12T05:56:49: 读取文件成功
2017-03-12T05:56:59: 读取文件成功
2017-03-12T05:57:09: 读取文件成功
2017-03-12T05:57:19: 读取文件成功
2017-03-12T05:57:29: 读取文件成功
2017-03-12T05:57:39: 读取文件成功
2017-03-12T05:57:49: 读取文件成功
2017-03-12T05:57:59: 读取文件成功
2017-03-12T05:58:09: 读取文件成功
2017-03-12T05:58:19: 读取文件成功
2017-03-12T05:58:29: 读取文件成功
2017-03-12T05:58:39: 读取文件成功
2017-03-12T05:58:50: 读取文件成功
2017-03-12T05:58:59: 读取文件成功
2017-03-12T05:59:09: 读取文件成功
