2017-07-11T00:00:01: 非记录时间：2017-07-11T00:00:01+08:00
2017-07-11T00:01:01: 非记录时间：2017-07-11T00:01:01+08:00
2017-07-11T00:02:01: 非记录时间：2017-07-11T00:02:01+08:00
2017-07-11T00:03:01: 非记录时间：2017-07-11T00:03:01+08:00
2017-07-11T00:04:01: 非记录时间：2017-07-11T00:04:01+08:00
2017-07-11T00:05:01: 非记录时间：2017-07-11T00:05:01+08:00
2017-07-11T00:06:01: 非记录时间：2017-07-11T00:06:01+08:00
2017-07-11T00:07:01: 非记录时间：2017-07-11T00:07:01+08:00
2017-07-11T00:08:01: 非记录时间：2017-07-11T00:08:01+08:00
2017-07-11T00:09:01: 非记录时间：2017-07-11T00:09:01+08:00
2017-07-11T00:10:01: 非记录时间：2017-07-11T00:10:01+08:00
2017-07-11T00:11:01: 非记录时间：2017-07-11T00:11:01+08:00
2017-07-11T00:12:01: 非记录时间：2017-07-11T00:12:01+08:00
2017-07-11T00:13:01: 非记录时间：2017-07-11T00:13:01+08:00
2017-07-11T00:14:01: 非记录时间：2017-07-11T00:14:01+08:00
2017-07-11T00:15:01: 非记录时间：2017-07-11T00:15:01+08:00
2017-07-11T00:16:01: 非记录时间：2017-07-11T00:16:01+08:00
2017-07-11T00:17:01: 非记录时间：2017-07-11T00:17:01+08:00
2017-07-11T00:18:01: 非记录时间：2017-07-11T00:18:01+08:00
2017-07-11T00:19:01: 非记录时间：2017-07-11T00:19:01+08:00
2017-07-11T00:20:01: 非记录时间：2017-07-11T00:20:01+08:00
2017-07-11T00:21:01: 非记录时间：2017-07-11T00:21:01+08:00
2017-07-11T00:22:01: 非记录时间：2017-07-11T00:22:01+08:00
2017-07-11T00:23:01: 非记录时间：2017-07-11T00:23:01+08:00
2017-07-11T00:24:01: 非记录时间：2017-07-11T00:24:01+08:00
2017-07-11T00:25:01: 非记录时间：2017-07-11T00:25:01+08:00
2017-07-11T00:26:01: 非记录时间：2017-07-11T00:26:01+08:00
2017-07-11T00:27:01: 非记录时间：2017-07-11T00:27:01+08:00
2017-07-11T00:28:01: 非记录时间：2017-07-11T00:28:01+08:00
2017-07-11T00:29:01: 非记录时间：2017-07-11T00:29:01+08:00
2017-07-11T00:30:01: 非记录时间：2017-07-11T00:30:01+08:00
2017-07-11T00:31:01: 非记录时间：2017-07-11T00:31:01+08:00
2017-07-11T00:32:01: 非记录时间：2017-07-11T00:32:01+08:00
2017-07-11T00:33:01: 非记录时间：2017-07-11T00:33:01+08:00
2017-07-11T00:34:01: 非记录时间：2017-07-11T00:34:01+08:00
2017-07-11T00:35:01: 非记录时间：2017-07-11T00:35:01+08:00
2017-07-11T00:36:01: 非记录时间：2017-07-11T00:36:01+08:00
2017-07-11T00:37:01: 非记录时间：2017-07-11T00:37:01+08:00
2017-07-11T00:38:02: 非记录时间：2017-07-11T00:38:02+08:00
2017-07-11T00:39:02: 非记录时间：2017-07-11T00:39:02+08:00
2017-07-11T00:40:02: 非记录时间：2017-07-11T00:40:02+08:00
2017-07-11T00:41:02: 非记录时间：2017-07-11T00:41:02+08:00
2017-07-11T00:42:02: 非记录时间：2017-07-11T00:42:02+08:00
2017-07-11T00:43:02: 非记录时间：2017-07-11T00:43:02+08:00
2017-07-11T00:44:02: 非记录时间：2017-07-11T00:44:02+08:00
2017-07-11T00:45:02: 非记录时间：2017-07-11T00:45:02+08:00
2017-07-11T00:46:02: 非记录时间：2017-07-11T00:46:02+08:00
2017-07-11T00:47:02: 非记录时间：2017-07-11T00:47:02+08:00
2017-07-11T00:48:02: 非记录时间：2017-07-11T00:48:02+08:00
2017-07-11T00:49:02: 非记录时间：2017-07-11T00:49:02+08:00
2017-07-11T00:50:02: 非记录时间：2017-07-11T00:50:02+08:00
2017-07-11T00:51:02: 非记录时间：2017-07-11T00:51:02+08:00
2017-07-11T00:52:02: 非记录时间：2017-07-11T00:52:02+08:00
2017-07-11T00:53:02: 非记录时间：2017-07-11T00:53:02+08:00
2017-07-11T00:54:02: 非记录时间：2017-07-11T00:54:02+08:00
2017-07-11T00:55:02: 非记录时间：2017-07-11T00:55:02+08:00
2017-07-11T00:56:02: 非记录时间：2017-07-11T00:56:02+08:00
2017-07-11T00:57:02: 非记录时间：2017-07-11T00:57:02+08:00
2017-07-11T00:58:02: 非记录时间：2017-07-11T00:58:02+08:00
2017-07-11T00:59:02: 非记录时间：2017-07-11T00:59:02+08:00
2017-07-11T01:00:02: 非记录时间：2017-07-11T01:00:02+08:00
2017-07-11T01:01:02: 非记录时间：2017-07-11T01:01:02+08:00
2017-07-11T01:02:02: 非记录时间：2017-07-11T01:02:02+08:00
2017-07-11T01:03:02: 非记录时间：2017-07-11T01:03:02+08:00
2017-07-11T01:04:02: 非记录时间：2017-07-11T01:04:02+08:00
2017-07-11T01:05:02: 非记录时间：2017-07-11T01:05:02+08:00
2017-07-11T01:06:02: 非记录时间：2017-07-11T01:06:02+08:00
2017-07-11T01:07:02: 非记录时间：2017-07-11T01:07:02+08:00
2017-07-11T01:08:02: 非记录时间：2017-07-11T01:08:02+08:00
2017-07-11T01:09:02: 非记录时间：2017-07-11T01:09:02+08:00
2017-07-11T01:10:02: 非记录时间：2017-07-11T01:10:02+08:00
2017-07-11T01:11:02: 读取文件失败，可能是该文件不存在
2017-07-11T01:11:02: Error: ENOENT: no such file or directory, open './data/2017-07-11.json'
2017-07-11T01:12:02: 读取文件成功
2017-07-11T01:13:02: 读取文件成功
2017-07-11T01:14:02: 读取文件成功
2017-07-11T01:15:02: 读取文件成功
2017-07-11T01:16:02: 读取文件成功
2017-07-11T01:17:02: 读取文件成功
2017-07-11T01:18:02: 读取文件成功
2017-07-11T01:19:02: 读取文件成功
2017-07-11T01:20:02: 读取文件成功
2017-07-11T01:21:02: 读取文件成功
2017-07-11T01:22:02: 读取文件成功
2017-07-11T01:23:02: 读取文件成功
2017-07-11T01:24:02: 读取文件成功
2017-07-11T01:25:02: 读取文件成功
2017-07-11T01:26:02: 读取文件成功
2017-07-11T01:27:02: 读取文件成功
2017-07-11T01:28:02: 读取文件成功
2017-07-11T01:29:02: 读取文件成功
2017-07-11T01:30:02: 读取文件成功
2017-07-11T01:31:02: 读取文件成功
2017-07-11T01:32:02: 读取文件成功
2017-07-11T01:33:02: 读取文件成功
2017-07-11T01:34:02: 读取文件成功
2017-07-11T01:35:02: 读取文件成功
2017-07-11T01:36:02: 读取文件成功
2017-07-11T01:37:02: 读取文件成功
2017-07-11T01:38:02: 读取文件成功
2017-07-11T01:39:02: 读取文件成功
2017-07-11T01:40:02: 读取文件成功
2017-07-11T01:41:02: 读取文件成功
2017-07-11T01:42:02: 读取文件成功
2017-07-11T01:43:02: 读取文件成功
2017-07-11T01:44:02: 读取文件成功
2017-07-11T01:45:02: 读取文件成功
2017-07-11T01:46:02: 读取文件成功
2017-07-11T01:47:02: 读取文件成功
2017-07-11T01:48:02: 读取文件成功
2017-07-11T01:49:02: 读取文件成功
2017-07-11T01:50:02: 读取文件成功
2017-07-11T01:51:02: 读取文件成功
2017-07-11T01:52:02: 读取文件成功
2017-07-11T01:53:02: 读取文件成功
2017-07-11T01:54:02: 读取文件成功
2017-07-11T01:55:02: 读取文件成功
2017-07-11T01:56:02: 读取文件成功
2017-07-11T01:57:02: 读取文件成功
2017-07-11T01:58:02: 读取文件成功
2017-07-11T01:59:02: 读取文件成功
2017-07-11T02:00:02: 读取文件成功
2017-07-11T02:01:02: 读取文件成功
2017-07-11T02:02:02: 读取文件成功
2017-07-11T02:03:02: 读取文件成功
2017-07-11T02:04:02: 读取文件成功
2017-07-11T02:05:02: 读取文件成功
2017-07-11T02:06:02: 读取文件成功
2017-07-11T02:07:02: 读取文件成功
2017-07-11T02:08:02: 读取文件成功
2017-07-11T02:09:02: 读取文件成功
2017-07-11T02:10:02: 读取文件成功
2017-07-11T02:11:03: 读取文件成功
2017-07-11T02:12:02: 读取文件成功
2017-07-11T02:13:02: 读取文件成功
2017-07-11T02:14:02: 读取文件成功
2017-07-11T02:15:03: 读取文件成功
2017-07-11T02:16:02: 读取文件成功
2017-07-11T02:17:03: 读取文件成功
2017-07-11T02:18:04: 读取文件成功
2017-07-11T02:19:03: 读取文件成功
2017-07-11T02:20:03: 读取文件成功
2017-07-11T02:21:03: 读取文件成功
2017-07-11T02:22:03: 读取文件成功
2017-07-11T02:23:03: 读取文件成功
2017-07-11T02:24:03: 读取文件成功
2017-07-11T02:25:03: 读取文件成功
2017-07-11T02:26:03: 读取文件成功
2017-07-11T02:27:03: 读取文件成功
2017-07-11T02:28:03: 读取文件成功
2017-07-11T02:29:03: 读取文件成功
2017-07-11T02:30:03: 读取文件成功
2017-07-11T02:31:03: 读取文件成功
2017-07-11T02:32:03: 读取文件成功
2017-07-11T02:33:03: 读取文件成功
2017-07-11T02:34:03: 读取文件成功
2017-07-11T02:35:03: 读取文件成功
2017-07-11T02:36:03: 读取文件成功
2017-07-11T02:37:03: 读取文件成功
2017-07-11T02:38:03: 读取文件成功
2017-07-11T02:39:03: 读取文件成功
2017-07-11T02:40:03: 读取文件成功
2017-07-11T02:41:03: 读取文件成功
2017-07-11T02:42:03: 读取文件成功
2017-07-11T02:43:03: 读取文件成功
2017-07-11T02:44:03: 读取文件成功
2017-07-11T02:45:03: 读取文件成功
2017-07-11T02:46:03: 读取文件成功
2017-07-11T02:47:03: 读取文件成功
2017-07-11T02:48:03: 读取文件成功
2017-07-11T02:49:03: 读取文件成功
2017-07-11T02:50:03: 读取文件成功
2017-07-11T02:51:03: 读取文件成功
2017-07-11T02:52:03: 读取文件成功
2017-07-11T02:53:03: 读取文件成功
2017-07-11T02:54:03: 读取文件成功
2017-07-11T02:55:03: 读取文件成功
2017-07-11T02:56:03: 读取文件成功
2017-07-11T02:57:03: 读取文件成功
2017-07-11T02:58:03: 读取文件成功
2017-07-11T02:59:03: 读取文件成功
2017-07-11T03:00:03: 读取文件成功
2017-07-11T03:01:03: 读取文件成功
2017-07-11T03:02:03: 读取文件成功
2017-07-11T03:03:03: 读取文件成功
2017-07-11T03:04:03: 读取文件成功
2017-07-11T03:05:03: 读取文件成功
2017-07-11T03:06:03: 读取文件成功
2017-07-11T03:07:03: 读取文件成功
2017-07-11T03:08:03: 读取文件成功
2017-07-11T03:09:03: 读取文件成功
2017-07-11T03:10:03: 读取文件成功
2017-07-11T03:11:03: 读取文件成功
2017-07-11T03:12:03: 读取文件成功
2017-07-11T03:13:03: 读取文件成功
2017-07-11T03:14:03: 读取文件成功
2017-07-11T03:15:03: 读取文件成功
2017-07-11T03:16:03: 读取文件成功
2017-07-11T03:17:03: 读取文件成功
2017-07-11T03:18:03: 读取文件成功
2017-07-11T03:19:03: 读取文件成功
2017-07-11T03:20:03: 读取文件成功
2017-07-11T03:21:03: 读取文件成功
2017-07-11T03:22:03: 读取文件成功
2017-07-11T03:23:03: 读取文件成功
2017-07-11T03:24:03: 读取文件成功
2017-07-11T03:25:03: 读取文件成功
2017-07-11T03:26:03: 读取文件成功
2017-07-11T03:27:03: 读取文件成功
2017-07-11T03:28:03: 读取文件成功
2017-07-11T03:29:03: 读取文件成功
2017-07-11T03:30:03: 读取文件成功
2017-07-11T03:31:03: 读取文件成功
2017-07-11T03:32:03: 读取文件成功
2017-07-11T03:33:03: 读取文件成功
2017-07-11T03:34:03: 读取文件成功
2017-07-11T03:35:03: 读取文件成功
2017-07-11T03:36:03: 读取文件成功
2017-07-11T03:37:03: 读取文件成功
2017-07-11T03:38:03: 读取文件成功
2017-07-11T03:39:03: 读取文件成功
2017-07-11T03:40:03: 读取文件成功
2017-07-11T03:41:03: 读取文件成功
2017-07-11T03:42:03: 读取文件成功
2017-07-11T03:43:03: 读取文件成功
2017-07-11T03:44:03: 读取文件成功
2017-07-11T03:45:03: 读取文件成功
2017-07-11T03:46:03: 读取文件成功
2017-07-11T03:47:03: 读取文件成功
2017-07-11T03:48:03: 读取文件成功
2017-07-11T03:49:03: 读取文件成功
2017-07-11T03:50:03: 读取文件成功
2017-07-11T03:51:03: 读取文件成功
2017-07-11T03:52:04: 读取文件成功
2017-07-11T03:53:03: 读取文件成功
2017-07-11T03:54:03: 读取文件成功
2017-07-11T03:55:03: 读取文件成功
2017-07-11T03:56:03: 读取文件成功
2017-07-11T03:57:03: 读取文件成功
2017-07-11T03:58:03: 读取文件成功
2017-07-11T03:59:03: 读取文件成功
2017-07-11T04:00:03: 读取文件成功
2017-07-11T04:01:03: 读取文件成功
2017-07-11T04:02:03: 读取文件成功
2017-07-11T04:03:03: 读取文件成功
2017-07-11T04:04:04: 读取文件成功
2017-07-11T04:05:03: 读取文件成功
2017-07-11T04:06:03: 读取文件成功
2017-07-11T04:07:04: 读取文件成功
2017-07-11T04:08:04: 读取文件成功
2017-07-11T04:09:03: 读取文件成功
2017-07-11T04:10:04: 读取文件成功
2017-07-11T04:11:04: 读取文件成功
2017-07-11T04:12:04: 读取文件成功
2017-07-11T04:13:04: 读取文件成功
2017-07-11T04:14:04: 读取文件成功
2017-07-11T04:15:04: 读取文件成功
2017-07-11T04:16:04: 读取文件成功
2017-07-11T04:17:04: 读取文件成功
2017-07-11T04:18:04: 读取文件成功
2017-07-11T04:19:04: 读取文件成功
2017-07-11T04:20:04: 读取文件成功
2017-07-11T04:21:04: 读取文件成功
2017-07-11T04:22:04: 读取文件成功
2017-07-11T04:23:04: 读取文件成功
2017-07-11T04:24:04: 读取文件成功
2017-07-11T04:25:04: 读取文件成功
2017-07-11T04:26:04: 读取文件成功
2017-07-11T04:27:04: 读取文件成功
2017-07-11T04:28:04: 读取文件成功
2017-07-11T04:29:04: 读取文件成功
2017-07-11T04:30:04: 读取文件成功
2017-07-11T04:31:04: 读取文件成功
2017-07-11T04:32:04: 读取文件成功
2017-07-11T04:33:04: 读取文件成功
2017-07-11T04:34:04: 读取文件成功
2017-07-11T04:35:04: 读取文件成功
2017-07-11T04:36:04: 读取文件成功
2017-07-11T04:37:04: 读取文件成功
2017-07-11T04:38:04: 读取文件成功
2017-07-11T04:39:04: 读取文件成功
2017-07-11T04:40:04: 读取文件成功
2017-07-11T04:41:04: 读取文件成功
2017-07-11T04:42:04: 读取文件成功
2017-07-11T04:43:04: 读取文件成功
2017-07-11T04:44:04: 读取文件成功
2017-07-11T04:45:04: 读取文件成功
2017-07-11T04:46:04: 读取文件成功
2017-07-11T04:47:04: 读取文件成功
2017-07-11T04:48:04: 读取文件成功
2017-07-11T04:49:04: 读取文件成功
2017-07-11T04:50:04: 读取文件成功
2017-07-11T04:51:04: 读取文件成功
2017-07-11T04:52:04: 读取文件成功
2017-07-11T04:53:04: 读取文件成功
2017-07-11T04:54:04: 读取文件成功
2017-07-11T04:55:04: 读取文件成功
2017-07-11T04:56:04: 读取文件成功
2017-07-11T04:57:04: 读取文件成功
2017-07-11T04:58:04: 读取文件成功
2017-07-11T04:59:04: 读取文件成功
2017-07-11T05:00:04: 读取文件成功
2017-07-11T05:01:04: 读取文件成功
2017-07-11T05:02:04: 读取文件成功
2017-07-11T05:03:04: 读取文件成功
2017-07-11T05:04:04: 读取文件成功
2017-07-11T05:05:04: 读取文件成功
2017-07-11T05:06:04: 读取文件成功
2017-07-11T05:07:04: 读取文件成功
2017-07-11T05:08:04: 读取文件成功
2017-07-11T05:09:04: 读取文件成功
2017-07-11T05:10:04: 读取文件成功
2017-07-11T05:11:04: 读取文件成功
2017-07-11T05:12:04: 读取文件成功
2017-07-11T05:13:04: 读取文件成功
2017-07-11T05:14:04: 读取文件成功
2017-07-11T05:15:04: 读取文件成功
2017-07-11T05:16:04: 读取文件成功
2017-07-11T05:17:04: 读取文件成功
2017-07-11T05:18:04: 读取文件成功
2017-07-11T05:19:04: 读取文件成功
2017-07-11T05:20:04: 读取文件成功
2017-07-11T05:21:04: 读取文件成功
2017-07-11T05:22:04: 读取文件成功
2017-07-11T05:23:04: 读取文件成功
2017-07-11T05:24:04: 读取文件成功
2017-07-11T05:25:04: 读取文件成功
2017-07-11T05:26:04: 读取文件成功
2017-07-11T05:27:04: 读取文件成功
2017-07-11T05:28:04: 读取文件成功
2017-07-11T05:29:04: 读取文件成功
2017-07-11T05:30:04: 读取文件成功
2017-07-11T05:31:04: 读取文件成功
2017-07-11T05:32:04: 读取文件成功
2017-07-11T05:33:04: 读取文件成功
2017-07-11T05:34:04: 读取文件成功
2017-07-11T05:35:04: 读取文件成功
2017-07-11T05:36:04: 读取文件成功
2017-07-11T05:37:04: 读取文件成功
2017-07-11T05:38:04: 读取文件成功
2017-07-11T05:39:04: 读取文件成功
2017-07-11T05:40:04: 读取文件成功
2017-07-11T05:41:04: 读取文件成功
2017-07-11T05:42:04: 读取文件成功
2017-07-11T05:43:04: 读取文件成功
2017-07-11T05:44:04: 读取文件成功
2017-07-11T05:45:05: 读取文件成功
2017-07-11T05:46:04: 读取文件成功
2017-07-11T05:47:04: 读取文件成功
2017-07-11T05:48:04: 读取文件成功
2017-07-11T05:49:04: 读取文件成功
2017-07-11T05:50:04: 读取文件成功
2017-07-11T05:51:05: 读取文件成功
2017-07-11T05:52:04: 读取文件成功
2017-07-11T05:53:04: 读取文件成功
2017-07-11T05:54:04: 读取文件成功
2017-07-11T05:55:04: 读取文件成功
2017-07-11T05:56:04: 读取文件成功
2017-07-11T05:57:05: 读取文件成功
2017-07-11T05:58:04: 读取文件成功
2017-07-11T05:59:05: 读取文件成功
2017-07-11T06:00:04: 读取文件成功
2017-07-11T06:01:05: 读取文件成功
2017-07-11T06:02:05: 读取文件成功
2017-07-11T06:03:05: 读取文件成功
2017-07-11T06:04:05: 读取文件成功
2017-07-11T06:05:05: 读取文件成功
2017-07-11T06:06:05: 读取文件成功
2017-07-11T06:07:05: 读取文件成功
2017-07-11T06:08:05: 读取文件成功
2017-07-11T06:09:05: 读取文件成功
2017-07-11T06:10:05: 读取文件成功
2017-07-11T06:11:05: 读取文件成功
2017-07-11T06:12:05: 读取文件成功
2017-07-11T06:13:05: 读取文件成功
2017-07-11T06:14:05: 读取文件成功
2017-07-11T06:15:05: 读取文件成功
2017-07-11T06:16:05: 读取文件成功
2017-07-11T06:17:05: 读取文件成功
2017-07-11T06:18:05: 读取文件成功
2017-07-11T06:19:05: 读取文件成功
2017-07-11T06:20:05: 读取文件成功
2017-07-11T06:21:05: 读取文件成功
2017-07-11T06:22:05: 读取文件成功
2017-07-11T06:23:05: 读取文件成功
2017-07-11T06:24:05: 读取文件成功
2017-07-11T06:25:05: 读取文件成功
2017-07-11T06:26:05: 读取文件成功
2017-07-11T06:27:05: 读取文件成功
2017-07-11T06:28:05: 读取文件成功
2017-07-11T06:29:05: 读取文件成功
2017-07-11T06:30:05: 读取文件成功
2017-07-11T06:31:05: 读取文件成功
2017-07-11T06:32:05: 读取文件成功
2017-07-11T06:33:05: 读取文件成功
2017-07-11T06:34:05: 读取文件成功
2017-07-11T06:35:05: 读取文件成功
2017-07-11T06:36:05: 读取文件成功
2017-07-11T06:37:05: 读取文件成功
2017-07-11T06:38:05: 读取文件成功
2017-07-11T06:39:05: 读取文件成功
2017-07-11T06:40:05: 读取文件成功
2017-07-11T06:41:05: 读取文件成功
2017-07-11T06:42:05: 读取文件成功
2017-07-11T06:43:05: 读取文件成功
2017-07-11T06:44:05: 读取文件成功
2017-07-11T06:45:05: 读取文件成功
2017-07-11T06:46:05: 读取文件成功
2017-07-11T06:47:05: 读取文件成功
2017-07-11T06:48:05: 读取文件成功
2017-07-11T06:49:05: 读取文件成功
2017-07-11T06:50:05: 读取文件成功
2017-07-11T06:51:05: 读取文件成功
2017-07-11T06:52:05: 读取文件成功
2017-07-11T06:53:05: 读取文件成功
2017-07-11T06:54:05: 读取文件成功
2017-07-11T06:55:05: 读取文件成功
2017-07-11T06:56:05: 读取文件成功
2017-07-11T06:57:05: 读取文件成功
2017-07-11T06:58:05: 读取文件成功
2017-07-11T06:59:05: 读取文件成功
2017-07-11T07:00:05: 读取文件成功
2017-07-11T07:01:05: 读取文件成功
2017-07-11T07:02:05: 读取文件成功
2017-07-11T07:03:05: 读取文件成功
2017-07-11T07:04:05: 读取文件成功
2017-07-11T07:05:05: 读取文件成功
2017-07-11T07:06:05: 读取文件成功
2017-07-11T07:07:05: 读取文件成功
2017-07-11T07:08:05: 读取文件成功
2017-07-11T07:09:05: 读取文件成功
2017-07-11T07:10:05: 读取文件成功
2017-07-11T07:11:05: 读取文件成功
2017-07-11T07:12:05: 读取文件成功
2017-07-11T07:13:05: 读取文件成功
2017-07-11T07:14:05: 读取文件成功
2017-07-11T07:15:05: 读取文件成功
2017-07-11T07:16:05: 读取文件成功
2017-07-11T07:17:05: 读取文件成功
2017-07-11T07:18:05: 读取文件成功
2017-07-11T07:19:05: 读取文件成功
2017-07-11T07:20:05: 读取文件成功
2017-07-11T07:21:05: 读取文件成功
2017-07-11T07:22:05: 读取文件成功
2017-07-11T07:23:05: 读取文件成功
2017-07-11T07:24:05: 读取文件成功
2017-07-11T07:25:05: 读取文件成功
2017-07-11T07:26:05: 读取文件成功
2017-07-11T07:27:05: 读取文件成功
2017-07-11T07:28:05: 读取文件成功
2017-07-11T07:29:05: 读取文件成功
2017-07-11T07:30:05: 读取文件成功
2017-07-11T07:31:05: 读取文件成功
2017-07-11T07:32:05: 读取文件成功
2017-07-11T07:33:06: 读取文件成功
2017-07-11T07:34:05: 读取文件成功
2017-07-11T07:35:05: 读取文件成功
2017-07-11T07:36:05: 读取文件成功
2017-07-11T07:37:05: 读取文件成功
2017-07-11T07:38:05: 读取文件成功
2017-07-11T07:39:06: 读取文件成功
2017-07-11T07:40:05: 读取文件成功
2017-07-11T07:41:05: 读取文件成功
2017-07-11T07:42:05: 读取文件成功
2017-07-11T07:43:05: 读取文件成功
2017-07-11T07:44:06: 读取文件成功
2017-07-11T07:45:06: 读取文件成功
2017-07-11T07:46:05: 读取文件成功
2017-07-11T07:47:06: 读取文件成功
2017-07-11T07:48:06: 读取文件成功
2017-07-11T07:49:06: 读取文件成功
2017-07-11T07:50:06: 读取文件成功
2017-07-11T07:51:06: 读取文件成功
2017-07-11T07:52:06: 读取文件成功
2017-07-11T07:53:06: 读取文件成功
2017-07-11T07:54:06: 读取文件成功
2017-07-11T07:55:06: 读取文件成功
2017-07-11T07:56:06: 读取文件成功
2017-07-11T07:57:06: 读取文件成功
2017-07-11T07:58:06: 读取文件成功
2017-07-11T07:59:06: 读取文件成功
2017-07-11T08:00:06: 读取文件成功
2017-07-11T08:01:06: 读取文件成功
2017-07-11T08:02:06: 读取文件成功
2017-07-11T08:03:06: 读取文件成功
2017-07-11T08:04:06: 读取文件成功
2017-07-11T08:05:06: 读取文件成功
2017-07-11T08:06:06: 读取文件成功
2017-07-11T08:07:06: 读取文件成功
2017-07-11T08:08:06: 读取文件成功
2017-07-11T08:09:06: 读取文件成功
2017-07-11T08:10:06: 读取文件成功
2017-07-11T08:11:06: 读取文件成功
2017-07-11T08:12:06: 读取文件成功
2017-07-11T08:13:06: 读取文件成功
2017-07-11T08:14:06: 读取文件成功
2017-07-11T08:15:06: 读取文件成功
2017-07-11T08:16:06: 读取文件成功
2017-07-11T08:17:06: 读取文件成功
2017-07-11T08:18:06: 读取文件成功
2017-07-11T08:19:06: 读取文件成功
2017-07-11T08:20:06: 读取文件成功
2017-07-11T08:21:06: 读取文件成功
2017-07-11T08:22:06: 读取文件成功
2017-07-11T08:23:06: 读取文件成功
2017-07-11T08:24:06: 读取文件成功
2017-07-11T08:25:06: 读取文件成功
2017-07-11T08:26:06: 读取文件成功
2017-07-11T08:27:06: 读取文件成功
2017-07-11T08:28:06: 读取文件成功
2017-07-11T08:29:06: 读取文件成功
2017-07-11T08:30:06: 读取文件成功
2017-07-11T08:31:06: 读取文件成功
2017-07-11T08:32:06: 读取文件成功
2017-07-11T08:33:06: 读取文件成功
2017-07-11T08:34:06: 读取文件成功
2017-07-11T08:35:06: 读取文件成功
2017-07-11T08:36:06: 读取文件成功
2017-07-11T08:37:06: 读取文件成功
2017-07-11T08:38:06: 读取文件成功
2017-07-11T08:39:06: 读取文件成功
2017-07-11T08:40:06: 读取文件成功
2017-07-11T08:41:06: 读取文件成功
2017-07-11T08:42:06: 读取文件成功
2017-07-11T08:43:06: 读取文件成功
2017-07-11T08:44:06: 读取文件成功
2017-07-11T08:45:06: 读取文件成功
2017-07-11T08:46:06: 读取文件成功
2017-07-11T08:47:06: 读取文件成功
2017-07-11T08:48:06: 读取文件成功
2017-07-11T08:49:06: 读取文件成功
2017-07-11T08:50:06: 读取文件成功
2017-07-11T08:51:06: 读取文件成功
2017-07-11T08:52:06: 读取文件成功
2017-07-11T08:53:06: 读取文件成功
2017-07-11T08:54:06: 读取文件成功
2017-07-11T08:55:06: 读取文件成功
2017-07-11T08:56:06: 读取文件成功
2017-07-11T08:57:06: 读取文件成功
2017-07-11T08:58:06: 读取文件成功
2017-07-11T08:59:06: 读取文件成功
2017-07-11T09:00:06: 读取文件成功
2017-07-11T09:01:06: 读取文件成功
2017-07-11T09:02:06: 读取文件成功
2017-07-11T09:03:06: 读取文件成功
2017-07-11T09:04:06: 读取文件成功
2017-07-11T09:05:07: 读取文件成功
2017-07-11T09:06:06: 读取文件成功
2017-07-11T09:07:06: 读取文件成功
2017-07-11T09:08:06: 读取文件成功
2017-07-11T09:09:06: 读取文件成功
2017-07-11T09:10:06: 读取文件成功
2017-07-11T09:11:06: 读取文件成功
2017-07-11T09:12:06: 读取文件成功
2017-07-11T09:13:06: 读取文件成功
2017-07-11T09:14:06: 读取文件成功
2017-07-11T09:15:06: 读取文件成功
2017-07-11T09:16:06: 读取文件成功
2017-07-11T09:17:06: 读取文件成功
2017-07-11T09:18:06: 读取文件成功
2017-07-11T09:19:06: 读取文件成功
2017-07-11T09:20:06: 读取文件成功
2017-07-11T09:21:06: 读取文件成功
2017-07-11T09:22:06: 读取文件成功
2017-07-11T09:23:06: 读取文件成功
2017-07-11T09:24:06: 读取文件成功
2017-07-11T09:25:06: 读取文件成功
2017-07-11T09:26:07: 读取文件成功
2017-07-11T09:27:06: 读取文件成功
2017-07-11T09:28:06: 读取文件成功
2017-07-11T09:29:06: 读取文件成功
2017-07-11T09:30:06: 读取文件成功
2017-07-11T09:31:06: 读取文件成功
2017-07-11T09:32:07: 读取文件成功
2017-07-11T09:33:06: 读取文件成功
2017-07-11T09:34:06: 读取文件成功
2017-07-11T09:35:06: 读取文件成功
2017-07-11T09:36:06: 读取文件成功
2017-07-11T09:37:07: 读取文件成功
2017-07-11T09:38:07: 读取文件成功
2017-07-11T09:39:07: 读取文件成功
2017-07-11T09:40:07: 读取文件成功
2017-07-11T09:41:07: 读取文件成功
2017-07-11T09:42:07: 读取文件成功
2017-07-11T09:43:07: 读取文件成功
2017-07-11T09:44:07: 读取文件成功
2017-07-11T09:45:07: 读取文件成功
2017-07-11T09:46:07: 读取文件成功
2017-07-11T09:47:07: 读取文件成功
2017-07-11T09:48:07: 读取文件成功
2017-07-11T09:49:07: 读取文件成功
2017-07-11T09:50:07: 读取文件成功
2017-07-11T09:51:07: 读取文件成功
2017-07-11T09:52:07: 读取文件成功
2017-07-11T09:53:07: 读取文件成功
2017-07-11T09:54:07: 读取文件成功
2017-07-11T09:55:07: 读取文件成功
2017-07-11T09:56:07: 读取文件成功
2017-07-11T09:57:07: 读取文件成功
2017-07-11T09:58:07: 读取文件成功
2017-07-11T09:59:07: 读取文件成功
2017-07-11T10:00:07: 读取文件成功
2017-07-11T10:01:07: 读取文件成功
2017-07-11T10:02:07: 读取文件成功
2017-07-11T10:03:07: 读取文件成功
2017-07-11T10:04:07: 读取文件成功
2017-07-11T10:05:07: 读取文件成功
2017-07-11T10:06:07: 读取文件成功
2017-07-11T10:07:07: 读取文件成功
2017-07-11T10:08:07: 读取文件成功
2017-07-11T10:09:07: 读取文件成功
2017-07-11T10:10:07: 读取文件成功
2017-07-11T10:11:07: 读取文件成功
2017-07-11T10:12:07: 读取文件成功
2017-07-11T10:13:07: 读取文件成功
2017-07-11T10:14:07: 读取文件成功
2017-07-11T10:15:07: 读取文件成功
2017-07-11T10:16:07: 读取文件成功
2017-07-11T10:17:07: 读取文件成功
2017-07-11T10:18:07: 读取文件成功
2017-07-11T10:19:07: 读取文件成功
2017-07-11T10:20:07: 读取文件成功
2017-07-11T10:21:07: 读取文件成功
2017-07-11T10:22:07: 读取文件成功
2017-07-11T10:23:07: 读取文件成功
2017-07-11T10:24:07: 读取文件成功
2017-07-11T10:25:07: 读取文件成功
2017-07-11T10:26:07: 读取文件成功
2017-07-11T10:27:07: 读取文件成功
2017-07-11T10:28:07: 读取文件成功
2017-07-11T10:29:07: 读取文件成功
2017-07-11T10:30:07: 读取文件成功
2017-07-11T10:31:07: 读取文件成功
2017-07-11T10:32:07: 读取文件成功
2017-07-11T10:33:07: 读取文件成功
2017-07-11T10:34:07: 读取文件成功
2017-07-11T10:35:07: 读取文件成功
2017-07-11T10:36:07: 读取文件成功
2017-07-11T10:37:07: 读取文件成功
2017-07-11T10:38:07: 读取文件成功
2017-07-11T10:39:07: 读取文件成功
2017-07-11T10:40:07: 读取文件成功
2017-07-11T10:41:07: 读取文件成功
2017-07-11T10:42:07: 读取文件成功
2017-07-11T10:43:07: 读取文件成功
2017-07-11T10:44:07: 读取文件成功
2017-07-11T10:45:07: 读取文件成功
2017-07-11T10:46:07: 读取文件成功
2017-07-11T10:47:07: 读取文件成功
2017-07-11T10:48:07: 读取文件成功
2017-07-11T10:49:07: 读取文件成功
2017-07-11T10:50:07: 读取文件成功
2017-07-11T10:51:07: 读取文件成功
2017-07-11T10:52:07: 读取文件成功
2017-07-11T10:53:07: 读取文件成功
2017-07-11T10:54:07: 读取文件成功
2017-07-11T10:55:07: 读取文件成功
2017-07-11T10:56:07: 读取文件成功
2017-07-11T10:57:08: 读取文件成功
2017-07-11T10:58:07: 读取文件成功
2017-07-11T10:59:07: 读取文件成功
2017-07-11T11:00:07: 读取文件成功
2017-07-11T11:01:07: 读取文件成功
2017-07-11T11:02:07: 读取文件成功
2017-07-11T11:03:07: 读取文件成功
2017-07-11T11:04:07: 读取文件成功
2017-07-11T11:05:07: 读取文件成功
2017-07-11T11:06:07: 读取文件成功
2017-07-11T11:07:07: 读取文件成功
2017-07-11T11:08:07: 读取文件成功
2017-07-11T11:09:07: 读取文件成功
2017-07-11T11:10:07: 读取文件成功
2017-07-11T11:11:08: 读取文件成功
2017-07-11T11:12:07: 读取文件成功
2017-07-11T11:13:08: 读取文件成功
2017-07-11T11:14:07: 读取文件成功
2017-07-11T11:15:07: 读取文件成功
2017-07-11T11:16:08: 读取文件成功
2017-07-11T11:17:07: 读取文件成功
2017-07-11T11:18:08: 读取文件成功
2017-07-11T11:19:08: 读取文件成功
2017-07-11T11:20:07: 读取文件成功
2017-07-11T11:21:07: 读取文件成功
2017-07-11T11:22:07: 读取文件成功
2017-07-11T11:23:08: 读取文件成功
2017-07-11T11:24:08: 读取文件成功
2017-07-11T11:25:08: 读取文件成功
2017-07-11T11:26:08: 读取文件成功
2017-07-11T11:27:08: 读取文件成功
2017-07-11T11:28:08: 读取文件成功
2017-07-11T11:29:08: 读取文件成功
2017-07-11T11:30:08: 读取文件成功
2017-07-11T11:31:08: 读取文件成功
2017-07-11T11:32:08: 读取文件成功
2017-07-11T11:33:08: 读取文件成功
2017-07-11T11:34:08: 读取文件成功
2017-07-11T11:35:08: 读取文件成功
2017-07-11T11:36:08: 读取文件成功
2017-07-11T11:37:08: 读取文件成功
2017-07-11T11:38:08: 读取文件成功
2017-07-11T11:39:09: 读取文件成功
2017-07-11T11:40:08: 读取文件成功
2017-07-11T11:41:08: 读取文件成功
2017-07-11T11:42:08: 读取文件成功
2017-07-11T11:43:08: 读取文件成功
2017-07-11T11:44:08: 读取文件成功
2017-07-11T11:45:08: 读取文件成功
2017-07-11T11:46:08: 读取文件成功
2017-07-11T11:47:08: 读取文件成功
2017-07-11T11:48:08: 读取文件成功
2017-07-11T11:49:08: 读取文件成功
2017-07-11T11:50:08: 读取文件成功
2017-07-11T11:51:08: 读取文件成功
2017-07-11T11:52:08: 读取文件成功
2017-07-11T11:53:08: 读取文件成功
2017-07-11T11:54:08: 读取文件成功
2017-07-11T11:55:08: 读取文件成功
2017-07-11T11:56:08: 读取文件成功
2017-07-11T11:57:08: 读取文件成功
2017-07-11T11:58:08: 读取文件成功
2017-07-11T11:59:08: 读取文件成功
2017-07-11T12:00:08: 读取文件成功
2017-07-11T12:01:08: 读取文件成功
2017-07-11T12:02:08: 读取文件成功
2017-07-11T12:03:08: 读取文件成功
2017-07-11T12:04:08: 读取文件成功
2017-07-11T12:05:08: 读取文件成功
2017-07-11T12:06:08: 读取文件成功
2017-07-11T12:07:08: 读取文件成功
2017-07-11T12:08:08: 读取文件成功
2017-07-11T12:09:08: 读取文件成功
2017-07-11T12:10:08: 读取文件成功
2017-07-11T12:11:08: 读取文件成功
2017-07-11T12:12:08: 读取文件成功
2017-07-11T12:13:08: 读取文件成功
2017-07-11T12:14:08: 读取文件成功
2017-07-11T12:15:08: 读取文件成功
2017-07-11T12:16:08: 读取文件成功
2017-07-11T12:17:08: 读取文件成功
2017-07-11T12:18:08: 读取文件成功
2017-07-11T12:19:08: 读取文件成功
2017-07-11T12:20:08: 读取文件成功
2017-07-11T12:21:08: 读取文件成功
2017-07-11T12:22:08: 读取文件成功
2017-07-11T12:23:08: 读取文件成功
2017-07-11T12:24:08: 读取文件成功
2017-07-11T12:25:08: 读取文件成功
2017-07-11T12:26:08: 读取文件成功
2017-07-11T12:27:08: 读取文件成功
2017-07-11T12:28:08: 读取文件成功
2017-07-11T12:29:08: 读取文件成功
2017-07-11T12:30:08: 读取文件成功
2017-07-11T12:31:08: 读取文件成功
2017-07-11T12:32:08: 读取文件成功
2017-07-11T12:33:08: 读取文件成功
2017-07-11T12:34:08: 读取文件成功
2017-07-11T12:35:08: 读取文件成功
2017-07-11T12:36:08: 读取文件成功
2017-07-11T12:37:08: 读取文件成功
2017-07-11T12:38:08: 读取文件成功
2017-07-11T12:39:08: 读取文件成功
2017-07-11T12:40:08: 读取文件成功
2017-07-11T12:41:08: 读取文件成功
2017-07-11T12:42:09: 读取文件成功
2017-07-11T12:43:08: 读取文件成功
2017-07-11T12:44:08: 读取文件成功
2017-07-11T12:45:08: 读取文件成功
2017-07-11T12:46:08: 读取文件成功
2017-07-11T12:47:09: 读取文件成功
2017-07-11T12:48:08: 读取文件成功
2017-07-11T12:49:08: 读取文件成功
2017-07-11T12:50:08: 读取文件成功
2017-07-11T12:51:31: 读取文件成功
2017-07-11T12:52:08: 读取文件成功
2017-07-11T12:53:09: 读取文件成功
2017-07-11T12:54:08: 读取文件成功
2017-07-11T12:56:09: 读取文件成功
2017-07-11T12:57:08: 读取文件成功
2017-07-11T12:58:08: 读取文件成功
2017-07-11T13:00:08: 读取文件成功
2017-07-11T13:00:12: 读取文件成功
2017-07-11T13:01:08: 读取文件成功
2017-07-11T13:02:09: 读取文件成功
2017-07-11T13:03:09: 读取文件成功
2017-07-11T13:04:09: 读取文件成功
2017-07-11T13:05:09: 读取文件成功
2017-07-11T13:06:09: 读取文件成功
2017-07-11T13:07:09: 读取文件成功
2017-07-11T13:08:09: 读取文件成功
2017-07-11T13:09:09: 读取文件成功
2017-07-11T13:10:09: 读取文件成功
2017-07-11T13:11:09: 读取文件成功
2017-07-11T13:12:09: 读取文件成功
2017-07-11T13:13:09: 读取文件成功
2017-07-11T13:14:09: 读取文件成功
2017-07-11T13:15:09: 读取文件成功
2017-07-11T13:16:09: 读取文件成功
2017-07-11T13:17:09: 读取文件成功
2017-07-11T13:18:09: 读取文件成功
2017-07-11T13:19:09: 读取文件成功
2017-07-11T13:20:09: 读取文件成功
2017-07-11T13:21:09: 读取文件成功
2017-07-11T13:22:09: 读取文件成功
2017-07-11T13:23:09: 读取文件成功
2017-07-11T13:24:09: 读取文件成功
2017-07-11T13:25:09: 读取文件成功
2017-07-11T13:26:09: 读取文件成功
2017-07-11T13:27:09: 读取文件成功
2017-07-11T13:28:09: 读取文件成功
2017-07-11T13:29:09: 读取文件成功
2017-07-11T13:30:09: 读取文件成功
2017-07-11T13:31:09: 读取文件成功
2017-07-11T13:32:09: 读取文件成功
2017-07-11T13:33:09: 读取文件成功
2017-07-11T13:34:09: 读取文件成功
2017-07-11T13:35:09: 读取文件成功
2017-07-11T13:36:09: 读取文件成功
2017-07-11T13:37:09: 读取文件成功
2017-07-11T13:38:10: 读取文件成功
2017-07-11T13:39:09: 读取文件成功
2017-07-11T13:40:09: 读取文件成功
2017-07-11T13:41:09: 读取文件成功
2017-07-11T13:42:09: 读取文件成功
2017-07-11T13:43:09: 读取文件成功
2017-07-11T13:44:09: 读取文件成功
2017-07-11T13:45:09: 读取文件成功
2017-07-11T13:46:09: 读取文件成功
2017-07-11T13:47:09: 读取文件成功
2017-07-11T13:48:09: 读取文件成功
2017-07-11T13:49:09: 读取文件成功
2017-07-11T13:50:09: 读取文件成功
2017-07-11T13:51:09: 读取文件成功
2017-07-11T13:52:09: 读取文件成功
2017-07-11T13:53:09: 读取文件成功
2017-07-11T13:54:09: 读取文件成功
2017-07-11T13:55:09: 读取文件成功
2017-07-11T13:56:09: 读取文件成功
2017-07-11T13:57:09: 读取文件成功
2017-07-11T13:58:09: 读取文件成功
2017-07-11T13:59:09: 读取文件成功
2017-07-11T14:00:09: 读取文件成功
2017-07-11T14:01:09: 读取文件成功
2017-07-11T14:02:09: 读取文件成功
2017-07-11T14:03:09: 读取文件成功
2017-07-11T14:04:09: 读取文件成功
2017-07-11T14:05:09: 读取文件成功
2017-07-11T14:06:09: 读取文件成功
2017-07-11T14:07:09: 读取文件成功
2017-07-11T14:08:09: 读取文件成功
2017-07-11T14:09:09: 读取文件成功
2017-07-11T14:10:09: 读取文件成功
2017-07-11T14:11:09: 读取文件成功
2017-07-11T14:12:09: 读取文件成功
2017-07-11T14:13:09: 读取文件成功
2017-07-11T14:14:09: 读取文件成功
2017-07-11T14:15:09: 读取文件成功
2017-07-11T14:16:09: 读取文件成功
2017-07-11T14:17:09: 读取文件成功
2017-07-11T14:18:09: 读取文件成功
2017-07-11T14:19:09: 读取文件成功
2017-07-11T14:20:09: 读取文件成功
2017-07-11T14:21:09: 读取文件成功
2017-07-11T14:22:09: 读取文件成功
2017-07-11T14:23:09: 读取文件成功
2017-07-11T14:24:09: 读取文件成功
2017-07-11T14:25:09: 读取文件成功
2017-07-11T14:26:09: 读取文件成功
2017-07-11T14:27:09: 读取文件成功
2017-07-11T14:28:09: 读取文件成功
2017-07-11T14:29:09: 读取文件成功
2017-07-11T14:30:09: 读取文件成功
2017-07-11T14:31:09: 读取文件成功
2017-07-11T14:32:09: 读取文件成功
2017-07-11T14:33:09: 读取文件成功
2017-07-11T14:34:09: 读取文件成功
2017-07-11T14:35:09: 读取文件成功
2017-07-11T14:36:09: 读取文件成功
2017-07-11T14:37:09: 读取文件成功
2017-07-11T14:38:09: 读取文件成功
2017-07-11T14:39:09: 读取文件成功
2017-07-11T14:40:09: 读取文件成功
2017-07-11T14:41:09: 读取文件成功
2017-07-11T14:42:09: 读取文件成功
2017-07-11T14:43:09: 读取文件成功
2017-07-11T14:44:09: 读取文件成功
2017-07-11T14:45:09: 读取文件成功
2017-07-11T14:46:09: 读取文件成功
2017-07-11T14:47:09: 读取文件成功
2017-07-11T14:48:09: 读取文件成功
2017-07-11T14:49:10: 读取文件成功
2017-07-11T14:50:09: 读取文件成功
2017-07-11T14:51:10: 读取文件成功
2017-07-11T14:52:09: 读取文件成功
2017-07-11T14:53:09: 读取文件成功
2017-07-11T14:54:09: 读取文件成功
2017-07-11T14:55:10: 读取文件成功
2017-07-11T14:56:10: 读取文件成功
2017-07-11T14:57:10: 读取文件成功
2017-07-11T14:58:10: 读取文件成功
2017-07-11T14:59:10: 读取文件成功
2017-07-11T15:00:10: 读取文件成功
2017-07-11T15:01:10: 读取文件成功
2017-07-11T15:02:10: 读取文件成功
2017-07-11T15:03:10: 读取文件成功
2017-07-11T15:04:10: 读取文件成功
2017-07-11T15:05:10: 读取文件成功
2017-07-11T15:06:10: 读取文件成功
2017-07-11T15:07:10: 读取文件成功
2017-07-11T15:08:10: 读取文件成功
2017-07-11T15:09:10: 读取文件成功
2017-07-11T15:10:10: 读取文件成功
2017-07-11T15:11:10: 读取文件成功
2017-07-11T15:12:10: 读取文件成功
2017-07-11T15:13:10: 读取文件成功
2017-07-11T15:14:10: 读取文件成功
2017-07-11T15:15:10: 读取文件成功
2017-07-11T15:16:10: 读取文件成功
2017-07-11T15:17:10: 读取文件成功
2017-07-11T15:18:10: 读取文件成功
2017-07-11T15:19:10: 读取文件成功
2017-07-11T15:20:10: 读取文件成功
2017-07-11T15:21:10: 读取文件成功
2017-07-11T15:22:10: 读取文件成功
2017-07-11T15:23:10: 读取文件成功
2017-07-11T15:24:10: 读取文件成功
2017-07-11T15:25:10: 读取文件成功
2017-07-11T15:26:10: 读取文件成功
2017-07-11T15:27:10: 读取文件成功
2017-07-11T15:28:10: 读取文件成功
2017-07-11T15:29:10: 读取文件成功
2017-07-11T15:30:10: 读取文件成功
2017-07-11T15:31:10: 读取文件成功
2017-07-11T15:32:10: 读取文件成功
2017-07-11T15:33:10: 读取文件成功
2017-07-11T15:34:10: 读取文件成功
2017-07-11T15:35:10: 读取文件成功
2017-07-11T15:36:10: 读取文件成功
2017-07-11T15:37:10: 读取文件成功
2017-07-11T15:38:10: 读取文件成功
2017-07-11T15:39:10: 读取文件成功
2017-07-11T15:40:10: 读取文件成功
2017-07-11T15:41:10: 读取文件成功
2017-07-11T15:42:10: 读取文件成功
2017-07-11T15:43:10: 读取文件成功
2017-07-11T15:44:10: 读取文件成功
2017-07-11T15:45:10: 读取文件成功
2017-07-11T15:46:10: 读取文件成功
2017-07-11T15:47:10: 读取文件成功
2017-07-11T15:48:10: 读取文件成功
2017-07-11T15:49:10: 读取文件成功
2017-07-11T15:50:10: 读取文件成功
2017-07-11T15:51:10: 读取文件成功
2017-07-11T15:52:10: 读取文件成功
2017-07-11T15:53:10: 读取文件成功
2017-07-11T15:54:10: 读取文件成功
2017-07-11T15:55:10: 读取文件成功
2017-07-11T15:56:10: 读取文件成功
2017-07-11T15:57:10: 读取文件成功
2017-07-11T15:58:10: 读取文件成功
2017-07-11T15:59:10: 读取文件成功
2017-07-11T16:00:10: 读取文件成功
2017-07-11T16:01:10: 读取文件成功
2017-07-11T16:02:10: 读取文件成功
2017-07-11T16:03:10: 读取文件成功
2017-07-11T16:04:10: 读取文件成功
2017-07-11T16:05:10: 读取文件成功
2017-07-11T16:06:10: 读取文件成功
2017-07-11T16:07:10: 读取文件成功
2017-07-11T16:08:10: 读取文件成功
2017-07-11T16:09:10: 读取文件成功
2017-07-11T16:10:10: 读取文件成功
2017-07-11T16:11:11: 读取文件成功
2017-07-11T16:12:10: 读取文件成功
2017-07-11T16:13:10: 读取文件成功
2017-07-11T16:14:10: 读取文件成功
2017-07-11T16:15:10: 读取文件成功
2017-07-11T16:16:10: 读取文件成功
2017-07-11T16:17:10: 读取文件成功
2017-07-11T16:18:10: 读取文件成功
2017-07-11T16:19:10: 读取文件成功
2017-07-11T16:20:10: 读取文件成功
2017-07-11T16:21:10: 读取文件成功
2017-07-11T16:22:10: 读取文件成功
2017-07-11T16:23:10: 读取文件成功
2017-07-11T16:24:11: 读取文件成功
2017-07-11T16:25:10: 读取文件成功
2017-07-11T16:26:10: 读取文件成功
2017-07-11T16:27:10: 读取文件成功
2017-07-11T16:28:10: 读取文件成功
2017-07-11T16:29:10: 读取文件成功
2017-07-11T16:30:11: 读取文件成功
2017-07-11T16:31:10: 读取文件成功
2017-07-11T16:32:10: 读取文件成功
2017-07-11T16:33:10: 读取文件成功
2017-07-11T16:34:11: 读取文件成功
2017-07-11T16:35:11: 读取文件成功
2017-07-11T16:36:11: 读取文件成功
2017-07-11T16:37:11: 读取文件成功
2017-07-11T16:38:11: 读取文件成功
2017-07-11T16:39:11: 读取文件成功
2017-07-11T16:40:11: 读取文件成功
2017-07-11T16:41:11: 读取文件成功
2017-07-11T16:42:11: 读取文件成功
2017-07-11T16:43:11: 读取文件成功
2017-07-11T16:44:11: 读取文件成功
2017-07-11T16:45:11: 读取文件成功
2017-07-11T16:46:11: 读取文件成功
2017-07-11T16:47:11: 读取文件成功
2017-07-11T16:48:11: 读取文件成功
2017-07-11T16:49:11: 读取文件成功
2017-07-11T16:50:11: 读取文件成功
2017-07-11T16:51:11: 读取文件成功
2017-07-11T16:52:11: 读取文件成功
2017-07-11T16:53:11: 读取文件成功
2017-07-11T16:54:11: 读取文件成功
2017-07-11T16:55:11: 读取文件成功
2017-07-11T16:56:11: 读取文件成功
2017-07-11T16:57:11: 读取文件成功
2017-07-11T16:58:11: 读取文件成功
2017-07-11T16:59:11: 读取文件成功
2017-07-11T17:00:11: 读取文件成功
2017-07-11T17:01:11: 读取文件成功
2017-07-11T17:02:11: 读取文件成功
2017-07-11T17:03:11: 读取文件成功
2017-07-11T17:04:11: 读取文件成功
2017-07-11T17:05:11: 读取文件成功
2017-07-11T17:06:11: 读取文件成功
2017-07-11T17:07:11: 读取文件成功
2017-07-11T17:08:11: 读取文件成功
2017-07-11T17:09:11: 读取文件成功
2017-07-11T17:10:11: 读取文件成功
2017-07-11T17:11:11: 读取文件成功
2017-07-11T17:12:11: 读取文件成功
2017-07-11T17:13:11: 读取文件成功
2017-07-11T17:14:11: 读取文件成功
2017-07-11T17:15:11: 读取文件成功
2017-07-11T17:16:11: 读取文件成功
2017-07-11T17:17:11: 读取文件成功
2017-07-11T17:18:11: 读取文件成功
2017-07-11T17:19:11: 读取文件成功
2017-07-11T17:20:11: 读取文件成功
2017-07-11T17:21:11: 读取文件成功
2017-07-11T17:22:11: 读取文件成功
2017-07-11T17:23:11: 读取文件成功
2017-07-11T17:24:11: 读取文件成功
2017-07-11T17:25:11: 读取文件成功
2017-07-11T17:26:11: 读取文件成功
2017-07-11T17:27:11: 读取文件成功
2017-07-11T17:28:11: 读取文件成功
2017-07-11T17:29:11: 读取文件成功
2017-07-11T17:30:11: 读取文件成功
2017-07-11T17:31:11: 读取文件成功
2017-07-11T17:32:11: 读取文件成功
2017-07-11T17:33:11: 读取文件成功
2017-07-11T17:34:11: 读取文件成功
2017-07-11T17:35:11: 读取文件成功
2017-07-11T17:36:11: 读取文件成功
2017-07-11T17:37:11: 读取文件成功
2017-07-11T17:38:11: 读取文件成功
2017-07-11T17:39:11: 读取文件成功
2017-07-11T17:40:11: 读取文件成功
2017-07-11T17:41:11: 读取文件成功
2017-07-11T17:42:11: 读取文件成功
2017-07-11T17:43:11: 读取文件成功
2017-07-11T17:44:11: 读取文件成功
2017-07-11T17:45:11: 读取文件成功
2017-07-11T17:46:11: 读取文件成功
2017-07-11T17:47:11: 读取文件成功
2017-07-11T17:48:11: 读取文件成功
2017-07-11T17:49:19: 读取文件成功
2017-07-11T17:50:12: 读取文件成功
2017-07-11T17:51:11: 读取文件成功
2017-07-11T17:52:11: 读取文件成功
2017-07-11T17:53:11: 读取文件成功
2017-07-11T17:54:11: 读取文件成功
2017-07-11T17:55:11: 读取文件成功
2017-07-11T17:56:16: 读取文件成功
2017-07-11T17:57:11: 读取文件成功
2017-07-11T17:58:12: 读取文件成功
2017-07-11T17:59:12: 读取文件成功
2017-07-11T18:00:11: 读取文件成功
2017-07-11T18:01:11: 读取文件成功
2017-07-11T18:02:11: 读取文件成功
2017-07-11T18:03:12: 读取文件成功
2017-07-11T18:04:12: 读取文件成功
2017-07-11T18:05:12: 读取文件成功
2017-07-11T18:06:11: 读取文件成功
2017-07-11T18:07:11: 读取文件成功
2017-07-11T18:08:11: 读取文件成功
2017-07-11T18:09:11: 读取文件成功
2017-07-11T18:10:11: 读取文件成功
2017-07-11T18:11:12: 读取文件成功
2017-07-11T18:12:11: 读取文件成功
2017-07-11T18:13:12: 读取文件成功
2017-07-11T18:14:12: 读取文件成功
2017-07-11T18:15:12: 读取文件成功
2017-07-11T18:16:12: 读取文件成功
2017-07-11T18:17:12: 读取文件成功
2017-07-11T18:18:12: 读取文件成功
2017-07-11T18:19:12: 读取文件成功
2017-07-11T18:20:12: 读取文件成功
2017-07-11T18:21:12: 读取文件成功
2017-07-11T18:22:12: 读取文件成功
2017-07-11T18:23:12: 读取文件成功
2017-07-11T18:24:12: 读取文件成功
2017-07-11T18:25:12: 读取文件成功
2017-07-11T18:26:12: 读取文件成功
2017-07-11T18:27:12: 读取文件成功
2017-07-11T18:28:12: 读取文件成功
2017-07-11T18:29:12: 读取文件成功
2017-07-11T18:30:12: 读取文件成功
2017-07-11T18:31:12: 读取文件成功
2017-07-11T18:32:12: 读取文件成功
2017-07-11T18:33:12: 读取文件成功
2017-07-11T18:34:12: 读取文件成功
2017-07-11T18:35:12: 读取文件成功
2017-07-11T18:36:12: 读取文件成功
2017-07-11T18:37:12: 读取文件成功
2017-07-11T18:38:12: 读取文件成功
2017-07-11T18:39:12: 读取文件成功
2017-07-11T18:40:12: 读取文件成功
2017-07-11T18:41:12: 读取文件成功
2017-07-11T18:42:12: 读取文件成功
2017-07-11T18:43:12: 读取文件成功
2017-07-11T18:44:12: 读取文件成功
2017-07-11T18:45:12: 读取文件成功
2017-07-11T18:46:12: 读取文件成功
2017-07-11T18:47:12: 读取文件成功
2017-07-11T18:48:12: 读取文件成功
2017-07-11T18:49:12: 读取文件成功
2017-07-11T18:50:12: 读取文件成功
2017-07-11T18:51:12: 读取文件成功
2017-07-11T18:52:12: 读取文件成功
2017-07-11T18:53:12: 读取文件成功
2017-07-11T18:54:12: 读取文件成功
2017-07-11T18:55:12: 读取文件成功
2017-07-11T18:56:12: 读取文件成功
2017-07-11T18:57:12: 读取文件成功
2017-07-11T18:58:12: 读取文件成功
2017-07-11T18:59:12: 读取文件成功
2017-07-11T19:00:12: 读取文件成功
2017-07-11T19:01:12: 读取文件成功
2017-07-11T19:02:12: 读取文件成功
2017-07-11T19:03:12: 读取文件成功
2017-07-11T19:04:12: 读取文件成功
2017-07-11T19:05:12: 读取文件成功
2017-07-11T19:06:12: 读取文件成功
2017-07-11T19:07:12: 读取文件成功
2017-07-11T19:08:12: 读取文件成功
2017-07-11T19:09:12: 读取文件成功
2017-07-11T19:10:12: 读取文件成功
2017-07-11T19:11:12: 读取文件成功
2017-07-11T19:12:12: 读取文件成功
2017-07-11T19:13:12: 读取文件成功
2017-07-11T19:14:12: 读取文件成功
2017-07-11T19:15:12: 读取文件成功
2017-07-11T19:16:12: 读取文件成功
2017-07-11T19:17:12: 读取文件成功
2017-07-11T19:18:12: 读取文件成功
2017-07-11T19:19:12: 读取文件成功
2017-07-11T19:20:12: 读取文件成功
2017-07-11T19:21:12: 读取文件成功
2017-07-11T19:22:12: 读取文件成功
2017-07-11T19:23:12: 读取文件成功
2017-07-11T19:24:12: 读取文件成功
2017-07-11T19:25:12: 读取文件成功
2017-07-11T19:26:12: 读取文件成功
2017-07-11T19:27:12: 读取文件成功
2017-07-11T19:28:12: 读取文件成功
2017-07-11T19:29:12: 读取文件成功
2017-07-11T19:30:12: 读取文件成功
2017-07-11T19:31:12: 读取文件成功
2017-07-11T19:32:12: 读取文件成功
2017-07-11T19:33:12: 读取文件成功
2017-07-11T19:34:12: 读取文件成功
2017-07-11T19:35:12: 读取文件成功
2017-07-11T19:36:12: 读取文件成功
2017-07-11T19:37:12: 读取文件成功
2017-07-11T19:38:12: 读取文件成功
2017-07-11T19:39:12: 读取文件成功
2017-07-11T19:40:12: 读取文件成功
2017-07-11T19:41:12: 读取文件成功
2017-07-11T19:42:12: 读取文件成功
2017-07-11T19:43:12: 读取文件成功
2017-07-11T19:44:12: 读取文件成功
2017-07-11T19:45:12: 读取文件成功
2017-07-11T19:46:13: 读取文件成功
2017-07-11T19:47:13: 读取文件成功
2017-07-11T19:48:12: 读取文件成功
2017-07-11T19:49:12: 读取文件成功
2017-07-11T19:50:12: 读取文件成功
2017-07-11T19:51:12: 读取文件成功
2017-07-11T19:52:13: 读取文件成功
2017-07-11T19:53:12: 读取文件成功
2017-07-11T19:54:12: 读取文件成功
2017-07-11T19:55:12: 读取文件成功
2017-07-11T19:56:12: 读取文件成功
2017-07-11T19:57:12: 读取文件成功
2017-07-11T19:58:13: 读取文件成功
2017-07-11T19:59:13: 读取文件成功
2017-07-11T20:00:12: 读取文件成功
2017-07-11T20:01:13: 读取文件成功
2017-07-11T20:02:13: 读取文件成功
2017-07-11T20:03:13: 读取文件成功
2017-07-11T20:04:13: 读取文件成功
2017-07-11T20:05:13: 读取文件成功
2017-07-11T20:06:13: 读取文件成功
2017-07-11T20:07:13: 读取文件成功
2017-07-11T20:08:13: 读取文件成功
2017-07-11T20:09:13: 读取文件成功
2017-07-11T20:10:13: 读取文件成功
2017-07-11T20:11:13: 读取文件成功
2017-07-11T20:12:13: 读取文件成功
2017-07-11T20:13:13: 读取文件成功
2017-07-11T20:14:13: 读取文件成功
2017-07-11T20:15:13: 读取文件成功
2017-07-11T20:16:13: 读取文件成功
2017-07-11T20:17:13: 读取文件成功
2017-07-11T20:18:13: 读取文件成功
2017-07-11T20:19:13: 读取文件成功
2017-07-11T20:20:13: 读取文件成功
2017-07-11T20:21:13: 读取文件成功
2017-07-11T20:22:13: 读取文件成功
2017-07-11T20:23:13: 读取文件成功
2017-07-11T20:24:13: 读取文件成功
2017-07-11T20:25:13: 读取文件成功
2017-07-11T20:26:13: 读取文件成功
2017-07-11T20:27:13: 读取文件成功
2017-07-11T20:28:13: 读取文件成功
2017-07-11T20:29:13: 读取文件成功
2017-07-11T20:30:13: 读取文件成功
2017-07-11T20:31:13: 读取文件成功
2017-07-11T20:32:13: 读取文件成功
2017-07-11T20:33:13: 读取文件成功
2017-07-11T20:34:13: 读取文件成功
2017-07-11T20:35:13: 读取文件成功
2017-07-11T20:36:13: 读取文件成功
2017-07-11T20:37:13: 读取文件成功
2017-07-11T20:38:13: 读取文件成功
2017-07-11T20:39:13: 读取文件成功
2017-07-11T20:40:13: 读取文件成功
2017-07-11T20:41:13: 读取文件成功
2017-07-11T20:42:13: 读取文件成功
2017-07-11T20:43:13: 读取文件成功
2017-07-11T20:44:13: 读取文件成功
2017-07-11T20:45:13: 读取文件成功
2017-07-11T20:46:13: 读取文件成功
2017-07-11T20:47:13: 读取文件成功
2017-07-11T20:48:13: 读取文件成功
2017-07-11T20:49:13: 读取文件成功
2017-07-11T20:50:13: 读取文件成功
2017-07-11T20:51:13: 读取文件成功
2017-07-11T20:52:13: 读取文件成功
2017-07-11T20:53:13: 读取文件成功
2017-07-11T20:54:13: 读取文件成功
2017-07-11T20:55:13: 读取文件成功
2017-07-11T20:56:13: 读取文件成功
2017-07-11T20:57:13: 读取文件成功
2017-07-11T20:58:13: 读取文件成功
2017-07-11T20:59:13: 读取文件成功
2017-07-11T21:00:13: 读取文件成功
2017-07-11T21:01:13: 读取文件成功
2017-07-11T21:02:13: 读取文件成功
2017-07-11T21:03:13: 读取文件成功
2017-07-11T21:04:13: 读取文件成功
2017-07-11T21:05:13: 读取文件成功
2017-07-11T21:06:13: 读取文件成功
2017-07-11T21:07:13: 读取文件成功
2017-07-11T21:08:13: 读取文件成功
2017-07-11T21:09:13: 读取文件成功
2017-07-11T21:10:13: 读取文件成功
2017-07-11T21:11:13: 读取文件成功
2017-07-11T21:12:13: 读取文件成功
2017-07-11T21:13:13: 读取文件成功
2017-07-11T21:14:13: 读取文件成功
2017-07-11T21:15:13: 读取文件成功
2017-07-11T21:16:13: 读取文件成功
2017-07-11T21:17:13: 读取文件成功
2017-07-11T21:18:14: 读取文件成功
2017-07-11T21:19:13: 读取文件成功
2017-07-11T21:20:14: 读取文件成功
2017-07-11T21:21:13: 读取文件成功
2017-07-11T21:22:13: 读取文件成功
2017-07-11T21:23:13: 读取文件成功
2017-07-11T21:24:13: 读取文件成功
2017-07-11T21:25:13: 读取文件成功
2017-07-11T21:26:13: 读取文件成功
2017-07-11T21:27:15: 读取文件成功
2017-07-11T21:28:13: 读取文件成功
2017-07-11T21:29:13: 读取文件成功
2017-07-11T21:30:13: 读取文件成功
2017-07-11T21:31:13: 读取文件成功
2017-07-11T21:32:13: 读取文件成功
2017-07-11T21:33:14: 读取文件成功
2017-07-11T21:34:13: 读取文件成功
2017-07-11T21:35:13: 读取文件成功
2017-07-11T21:36:13: 读取文件成功
2017-07-11T21:37:13: 读取文件成功
2017-07-11T21:38:13: 读取文件成功
2017-07-11T21:39:14: 读取文件成功
2017-07-11T21:40:13: 读取文件成功
2017-07-11T21:41:13: 读取文件成功
2017-07-11T21:42:13: 读取文件成功
2017-07-11T21:43:13: 读取文件成功
2017-07-11T21:44:13: 读取文件成功
2017-07-11T21:45:14: 读取文件成功
2017-07-11T21:46:14: 读取文件成功
2017-07-11T21:47:14: 读取文件成功
2017-07-11T21:48:14: 读取文件成功
2017-07-11T21:49:14: 读取文件成功
2017-07-11T21:50:15: 读取文件成功
2017-07-11T21:51:14: 读取文件成功
2017-07-11T21:52:14: 读取文件成功
2017-07-11T21:53:15: 读取文件成功
2017-07-11T21:54:14: 读取文件成功
2017-07-11T21:55:14: 读取文件成功
2017-07-11T21:56:14: 读取文件成功
2017-07-11T21:57:14: 读取文件成功
2017-07-11T21:58:14: 读取文件成功
2017-07-11T21:59:14: 读取文件成功
2017-07-11T22:00:14: 读取文件成功
2017-07-11T22:01:14: 读取文件成功
2017-07-11T22:02:14: 读取文件成功
2017-07-11T22:03:14: 读取文件成功
2017-07-11T22:04:14: 读取文件成功
2017-07-11T22:05:14: 读取文件成功
2017-07-11T22:06:14: 读取文件成功
2017-07-11T22:07:14: 读取文件成功
2017-07-11T22:08:14: 读取文件成功
2017-07-11T22:09:14: 读取文件成功
2017-07-11T22:10:14: 读取文件成功
2017-07-11T22:11:14: 读取文件成功
2017-07-11T22:12:14: 读取文件成功
2017-07-11T22:13:14: 读取文件成功
2017-07-11T22:14:14: 读取文件成功
2017-07-11T22:15:14: 读取文件成功
2017-07-11T22:16:14: 读取文件成功
2017-07-11T22:17:14: 读取文件成功
2017-07-11T22:18:14: 读取文件成功
2017-07-11T22:19:14: 读取文件成功
2017-07-11T22:20:14: 读取文件成功
2017-07-11T22:21:14: 读取文件成功
2017-07-11T22:22:14: 读取文件成功
2017-07-11T22:23:14: 读取文件成功
2017-07-11T22:24:14: 读取文件成功
2017-07-11T22:25:14: 读取文件成功
2017-07-11T22:26:14: 读取文件成功
2017-07-11T22:27:14: 读取文件成功
2017-07-11T22:28:14: 读取文件成功
2017-07-11T22:29:14: 读取文件成功
2017-07-11T22:30:14: 读取文件成功
2017-07-11T22:31:14: 读取文件成功
2017-07-11T22:32:14: 读取文件成功
2017-07-11T22:33:14: 读取文件成功
2017-07-11T22:34:14: 读取文件成功
2017-07-11T22:35:14: 读取文件成功
2017-07-11T22:36:14: 读取文件成功
2017-07-11T22:37:14: 读取文件成功
2017-07-11T22:38:14: 读取文件成功
2017-07-11T22:39:14: 读取文件成功
2017-07-11T22:40:14: 读取文件成功
2017-07-11T22:41:14: 读取文件成功
2017-07-11T22:42:14: 读取文件成功
2017-07-11T22:43:14: 读取文件成功
2017-07-11T22:44:14: 读取文件成功
2017-07-11T22:45:14: 读取文件成功
2017-07-11T22:46:14: 读取文件成功
2017-07-11T22:47:14: 读取文件成功
2017-07-11T22:48:14: 读取文件成功
2017-07-11T22:49:14: 读取文件成功
2017-07-11T22:50:14: 读取文件成功
2017-07-11T22:51:14: 读取文件成功
2017-07-11T22:52:14: 读取文件成功
2017-07-11T22:53:14: 读取文件成功
2017-07-11T22:54:14: 读取文件成功
2017-07-11T22:55:14: 读取文件成功
2017-07-11T22:56:14: 读取文件成功
2017-07-11T22:57:14: 读取文件成功
2017-07-11T22:58:14: 读取文件成功
2017-07-11T22:59:14: 读取文件成功
2017-07-11T23:00:14: 读取文件成功
2017-07-11T23:01:14: 读取文件成功
2017-07-11T23:02:14: 读取文件成功
2017-07-11T23:03:14: 读取文件成功
2017-07-11T23:04:14: 读取文件成功
2017-07-11T23:05:14: 读取文件成功
2017-07-11T23:06:14: 读取文件成功
2017-07-11T23:07:14: 读取文件成功
2017-07-11T23:08:14: 读取文件成功
2017-07-11T23:09:14: 读取文件成功
2017-07-11T23:10:14: 读取文件成功
2017-07-11T23:11:14: 读取文件成功
2017-07-11T23:12:14: 读取文件成功
2017-07-11T23:13:14: 读取文件成功
2017-07-11T23:14:14: 读取文件成功
2017-07-11T23:15:14: 读取文件成功
2017-07-11T23:16:14: 读取文件成功
2017-07-11T23:17:14: 读取文件成功
2017-07-11T23:18:14: 读取文件成功
2017-07-11T23:19:15: 读取文件成功
2017-07-11T23:20:14: 读取文件成功
2017-07-11T23:21:15: 读取文件成功
2017-07-11T23:22:14: 读取文件成功
2017-07-11T23:23:14: 读取文件成功
2017-07-11T23:24:14: 读取文件成功
2017-07-11T23:25:15: 读取文件成功
2017-07-11T23:26:14: 读取文件成功
2017-07-11T23:27:15: 读取文件成功
2017-07-11T23:28:14: 读取文件成功
2017-07-11T23:29:14: 读取文件成功
2017-07-11T23:30:14: 读取文件成功
2017-07-11T23:31:15: 读取文件成功
2017-07-11T23:32:15: 读取文件成功
2017-07-11T23:33:14: 读取文件成功
2017-07-11T23:34:15: 读取文件成功
2017-07-11T23:35:15: 读取文件成功
2017-07-11T23:36:15: 读取文件成功
2017-07-11T23:37:15: 读取文件成功
2017-07-11T23:38:15: 读取文件成功
2017-07-11T23:39:15: 读取文件成功
2017-07-11T23:40:15: 读取文件成功
2017-07-11T23:41:15: 读取文件成功
2017-07-11T23:42:15: 读取文件成功
2017-07-11T23:43:15: 读取文件成功
2017-07-11T23:44:15: 读取文件成功
2017-07-11T23:45:15: 读取文件成功
2017-07-11T23:46:15: 读取文件成功
2017-07-11T23:47:15: 读取文件成功
2017-07-11T23:48:15: 读取文件成功
2017-07-11T23:49:15: 读取文件成功
2017-07-11T23:50:14: 非记录时间：2017-07-11T23:50:14+08:00
2017-07-11T23:51:14: 非记录时间：2017-07-11T23:51:14+08:00
2017-07-11T23:52:14: 非记录时间：2017-07-11T23:52:14+08:00
2017-07-11T23:53:14: 非记录时间：2017-07-11T23:53:14+08:00
2017-07-11T23:54:14: 非记录时间：2017-07-11T23:54:14+08:00
2017-07-11T23:55:14: 非记录时间：2017-07-11T23:55:14+08:00
2017-07-11T23:56:14: 非记录时间：2017-07-11T23:56:14+08:00
2017-07-11T23:57:14: 非记录时间：2017-07-11T23:57:14+08:00
2017-07-11T23:58:14: 非记录时间：2017-07-11T23:58:14+08:00
2017-07-11T23:59:14: 非记录时间：2017-07-11T23:59:14+08:00
