2017-01-15T00:00:00: 非记录时间：2017-01-15T00:00:00+08:00
2017-01-15T00:00:10: 非记录时间：2017-01-15T00:00:10+08:00
2017-01-15T00:00:20: 非记录时间：2017-01-15T00:00:20+08:00
2017-01-15T00:00:30: 非记录时间：2017-01-15T00:00:30+08:00
2017-01-15T00:00:40: 非记录时间：2017-01-15T00:00:40+08:00
2017-01-15T00:00:50: 非记录时间：2017-01-15T00:00:50+08:00
2017-01-15T00:01:00: 非记录时间：2017-01-15T00:01:00+08:00
2017-01-15T00:01:10: 非记录时间：2017-01-15T00:01:10+08:00
2017-01-15T00:01:20: 非记录时间：2017-01-15T00:01:20+08:00
2017-01-15T00:01:30: 非记录时间：2017-01-15T00:01:30+08:00
2017-01-15T00:01:40: 非记录时间：2017-01-15T00:01:40+08:00
2017-01-15T00:01:50: 非记录时间：2017-01-15T00:01:50+08:00
2017-01-15T00:02:00: 非记录时间：2017-01-15T00:02:00+08:00
2017-01-15T00:02:10: 非记录时间：2017-01-15T00:02:10+08:00
2017-01-15T00:02:20: 非记录时间：2017-01-15T00:02:20+08:00
2017-01-15T00:02:30: 非记录时间：2017-01-15T00:02:30+08:00
2017-01-15T00:02:40: 非记录时间：2017-01-15T00:02:40+08:00
2017-01-15T00:02:50: 非记录时间：2017-01-15T00:02:50+08:00
2017-01-15T00:03:00: 非记录时间：2017-01-15T00:03:00+08:00
2017-01-15T00:03:10: 非记录时间：2017-01-15T00:03:10+08:00
2017-01-15T00:03:20: 非记录时间：2017-01-15T00:03:20+08:00
2017-01-15T00:03:30: 非记录时间：2017-01-15T00:03:30+08:00
2017-01-15T00:03:40: 非记录时间：2017-01-15T00:03:40+08:00
2017-01-15T00:03:50: 非记录时间：2017-01-15T00:03:50+08:00
2017-01-15T00:04:00: 非记录时间：2017-01-15T00:04:00+08:00
2017-01-15T00:04:10: 非记录时间：2017-01-15T00:04:10+08:00
2017-01-15T00:04:20: 非记录时间：2017-01-15T00:04:20+08:00
2017-01-15T00:04:30: 非记录时间：2017-01-15T00:04:30+08:00
2017-01-15T00:04:40: 非记录时间：2017-01-15T00:04:40+08:00
2017-01-15T00:04:50: 非记录时间：2017-01-15T00:04:50+08:00
2017-01-15T00:05:00: 非记录时间：2017-01-15T00:05:00+08:00
2017-01-15T00:05:10: 非记录时间：2017-01-15T00:05:10+08:00
2017-01-15T00:05:20: 非记录时间：2017-01-15T00:05:20+08:00
2017-01-15T00:05:30: 非记录时间：2017-01-15T00:05:30+08:00
2017-01-15T00:05:40: 非记录时间：2017-01-15T00:05:40+08:00
2017-01-15T00:05:50: 非记录时间：2017-01-15T00:05:50+08:00
2017-01-15T00:06:00: 非记录时间：2017-01-15T00:06:00+08:00
2017-01-15T00:06:10: 非记录时间：2017-01-15T00:06:10+08:00
2017-01-15T00:06:20: 非记录时间：2017-01-15T00:06:20+08:00
2017-01-15T00:06:30: 非记录时间：2017-01-15T00:06:30+08:00
2017-01-15T00:06:40: 非记录时间：2017-01-15T00:06:40+08:00
2017-01-15T00:06:50: 非记录时间：2017-01-15T00:06:50+08:00
2017-01-15T00:07:00: 非记录时间：2017-01-15T00:07:00+08:00
2017-01-15T00:07:10: 非记录时间：2017-01-15T00:07:10+08:00
2017-01-15T00:07:20: 非记录时间：2017-01-15T00:07:20+08:00
2017-01-15T00:07:30: 非记录时间：2017-01-15T00:07:30+08:00
2017-01-15T00:07:40: 非记录时间：2017-01-15T00:07:40+08:00
2017-01-15T00:07:50: 非记录时间：2017-01-15T00:07:50+08:00
2017-01-15T00:08:00: 非记录时间：2017-01-15T00:08:00+08:00
2017-01-15T00:08:10: 非记录时间：2017-01-15T00:08:10+08:00
2017-01-15T00:08:20: 非记录时间：2017-01-15T00:08:20+08:00
2017-01-15T00:08:30: 非记录时间：2017-01-15T00:08:30+08:00
2017-01-15T00:08:40: 非记录时间：2017-01-15T00:08:40+08:00
2017-01-15T00:08:50: 非记录时间：2017-01-15T00:08:50+08:00
2017-01-15T00:09:00: 非记录时间：2017-01-15T00:09:00+08:00
2017-01-15T00:09:10: 非记录时间：2017-01-15T00:09:10+08:00
2017-01-15T00:09:20: 非记录时间：2017-01-15T00:09:20+08:00
2017-01-15T00:09:30: 非记录时间：2017-01-15T00:09:30+08:00
2017-01-15T00:09:40: 非记录时间：2017-01-15T00:09:40+08:00
2017-01-15T00:09:50: 非记录时间：2017-01-15T00:09:50+08:00
2017-01-15T00:10:00: 非记录时间：2017-01-15T00:10:00+08:00
2017-01-15T00:10:10: 非记录时间：2017-01-15T00:10:10+08:00
2017-01-15T00:10:20: 非记录时间：2017-01-15T00:10:20+08:00
2017-01-15T00:10:30: 非记录时间：2017-01-15T00:10:30+08:00
2017-01-15T00:10:40: 非记录时间：2017-01-15T00:10:40+08:00
2017-01-15T00:10:50: 非记录时间：2017-01-15T00:10:50+08:00
2017-01-15T00:11:00: 非记录时间：2017-01-15T00:11:00+08:00
2017-01-15T00:11:10: 非记录时间：2017-01-15T00:11:10+08:00
2017-01-15T00:11:20: 非记录时间：2017-01-15T00:11:20+08:00
2017-01-15T00:11:30: 非记录时间：2017-01-15T00:11:30+08:00
2017-01-15T00:11:40: 非记录时间：2017-01-15T00:11:40+08:00
2017-01-15T00:11:50: 非记录时间：2017-01-15T00:11:50+08:00
2017-01-15T00:12:00: 非记录时间：2017-01-15T00:12:00+08:00
2017-01-15T00:12:10: 非记录时间：2017-01-15T00:12:10+08:00
2017-01-15T00:12:20: 非记录时间：2017-01-15T00:12:20+08:00
2017-01-15T00:12:30: 非记录时间：2017-01-15T00:12:30+08:00
2017-01-15T00:12:40: 非记录时间：2017-01-15T00:12:40+08:00
2017-01-15T00:12:50: 非记录时间：2017-01-15T00:12:50+08:00
2017-01-15T00:13:00: 非记录时间：2017-01-15T00:13:00+08:00
2017-01-15T00:13:10: 非记录时间：2017-01-15T00:13:10+08:00
2017-01-15T00:13:20: 非记录时间：2017-01-15T00:13:20+08:00
2017-01-15T00:13:30: 非记录时间：2017-01-15T00:13:30+08:00
2017-01-15T00:13:40: 非记录时间：2017-01-15T00:13:40+08:00
2017-01-15T00:13:50: 非记录时间：2017-01-15T00:13:50+08:00
2017-01-15T00:14:00: 非记录时间：2017-01-15T00:14:00+08:00
2017-01-15T00:14:10: 非记录时间：2017-01-15T00:14:10+08:00
2017-01-15T00:14:20: 非记录时间：2017-01-15T00:14:20+08:00
2017-01-15T00:14:30: 非记录时间：2017-01-15T00:14:30+08:00
2017-01-15T00:14:40: 非记录时间：2017-01-15T00:14:40+08:00
2017-01-15T00:14:50: 非记录时间：2017-01-15T00:14:50+08:00
2017-01-15T00:15:00: 非记录时间：2017-01-15T00:15:00+08:00
2017-01-15T00:15:10: 非记录时间：2017-01-15T00:15:10+08:00
2017-01-15T00:15:20: 非记录时间：2017-01-15T00:15:20+08:00
2017-01-15T00:15:30: 非记录时间：2017-01-15T00:15:30+08:00
2017-01-15T00:15:40: 非记录时间：2017-01-15T00:15:40+08:00
2017-01-15T00:15:50: 非记录时间：2017-01-15T00:15:50+08:00
2017-01-15T00:16:00: 非记录时间：2017-01-15T00:16:00+08:00
2017-01-15T00:16:10: 非记录时间：2017-01-15T00:16:10+08:00
2017-01-15T00:16:20: 非记录时间：2017-01-15T00:16:20+08:00
2017-01-15T00:16:30: 非记录时间：2017-01-15T00:16:30+08:00
2017-01-15T00:16:40: 非记录时间：2017-01-15T00:16:40+08:00
2017-01-15T00:16:50: 非记录时间：2017-01-15T00:16:50+08:00
2017-01-15T00:17:00: 非记录时间：2017-01-15T00:17:00+08:00
2017-01-15T00:17:10: 非记录时间：2017-01-15T00:17:10+08:00
2017-01-15T00:17:20: 非记录时间：2017-01-15T00:17:20+08:00
2017-01-15T00:17:30: 非记录时间：2017-01-15T00:17:30+08:00
2017-01-15T00:17:40: 非记录时间：2017-01-15T00:17:40+08:00
2017-01-15T00:17:50: 非记录时间：2017-01-15T00:17:50+08:00
2017-01-15T00:18:00: 非记录时间：2017-01-15T00:18:00+08:00
2017-01-15T00:18:10: 非记录时间：2017-01-15T00:18:10+08:00
2017-01-15T00:18:20: 非记录时间：2017-01-15T00:18:20+08:00
2017-01-15T00:18:30: 非记录时间：2017-01-15T00:18:30+08:00
2017-01-15T00:18:40: 非记录时间：2017-01-15T00:18:40+08:00
2017-01-15T00:18:50: 非记录时间：2017-01-15T00:18:50+08:00
2017-01-15T00:19:00: 非记录时间：2017-01-15T00:19:00+08:00
2017-01-15T00:19:10: 非记录时间：2017-01-15T00:19:10+08:00
2017-01-15T00:19:20: 非记录时间：2017-01-15T00:19:20+08:00
2017-01-15T00:19:30: 非记录时间：2017-01-15T00:19:30+08:00
2017-01-15T00:19:40: 非记录时间：2017-01-15T00:19:40+08:00
2017-01-15T00:19:50: 非记录时间：2017-01-15T00:19:50+08:00
2017-01-15T00:20:00: 非记录时间：2017-01-15T00:20:00+08:00
2017-01-15T00:20:10: 非记录时间：2017-01-15T00:20:10+08:00
2017-01-15T00:20:20: 非记录时间：2017-01-15T00:20:20+08:00
2017-01-15T00:20:30: 非记录时间：2017-01-15T00:20:30+08:00
2017-01-15T00:20:40: 非记录时间：2017-01-15T00:20:40+08:00
2017-01-15T00:20:50: 非记录时间：2017-01-15T00:20:50+08:00
2017-01-15T00:21:00: 非记录时间：2017-01-15T00:21:00+08:00
2017-01-15T00:21:10: 非记录时间：2017-01-15T00:21:10+08:00
2017-01-15T00:21:20: 非记录时间：2017-01-15T00:21:20+08:00
2017-01-15T00:21:30: 非记录时间：2017-01-15T00:21:30+08:00
2017-01-15T00:21:40: 非记录时间：2017-01-15T00:21:40+08:00
2017-01-15T00:21:50: 非记录时间：2017-01-15T00:21:50+08:00
2017-01-15T00:22:00: 非记录时间：2017-01-15T00:22:00+08:00
2017-01-15T00:22:10: 非记录时间：2017-01-15T00:22:10+08:00
2017-01-15T00:22:20: 非记录时间：2017-01-15T00:22:20+08:00
2017-01-15T00:22:30: 非记录时间：2017-01-15T00:22:30+08:00
2017-01-15T00:22:40: 非记录时间：2017-01-15T00:22:40+08:00
2017-01-15T00:22:50: 非记录时间：2017-01-15T00:22:50+08:00
2017-01-15T00:23:00: 非记录时间：2017-01-15T00:23:00+08:00
2017-01-15T00:23:10: 非记录时间：2017-01-15T00:23:10+08:00
2017-01-15T00:23:20: 非记录时间：2017-01-15T00:23:20+08:00
2017-01-15T00:23:30: 非记录时间：2017-01-15T00:23:30+08:00
2017-01-15T00:23:40: 非记录时间：2017-01-15T00:23:40+08:00
2017-01-15T00:23:50: 非记录时间：2017-01-15T00:23:50+08:00
2017-01-15T00:24:00: 非记录时间：2017-01-15T00:24:00+08:00
2017-01-15T00:24:10: 非记录时间：2017-01-15T00:24:10+08:00
2017-01-15T00:24:20: 非记录时间：2017-01-15T00:24:20+08:00
2017-01-15T00:24:30: 非记录时间：2017-01-15T00:24:30+08:00
2017-01-15T00:24:40: 非记录时间：2017-01-15T00:24:40+08:00
2017-01-15T00:24:50: 非记录时间：2017-01-15T00:24:50+08:00
2017-01-15T00:25:00: 非记录时间：2017-01-15T00:25:00+08:00
2017-01-15T00:25:11: 非记录时间：2017-01-15T00:25:11+08:00
2017-01-15T00:25:21: 非记录时间：2017-01-15T00:25:21+08:00
2017-01-15T00:25:31: 非记录时间：2017-01-15T00:25:31+08:00
2017-01-15T00:25:41: 非记录时间：2017-01-15T00:25:41+08:00
2017-01-15T00:25:51: 非记录时间：2017-01-15T00:25:51+08:00
2017-01-15T00:26:01: 非记录时间：2017-01-15T00:26:01+08:00
2017-01-15T00:26:11: 非记录时间：2017-01-15T00:26:11+08:00
2017-01-15T00:26:21: 非记录时间：2017-01-15T00:26:21+08:00
2017-01-15T00:26:31: 非记录时间：2017-01-15T00:26:31+08:00
2017-01-15T00:26:41: 非记录时间：2017-01-15T00:26:41+08:00
2017-01-15T00:26:51: 非记录时间：2017-01-15T00:26:51+08:00
2017-01-15T00:27:01: 非记录时间：2017-01-15T00:27:01+08:00
2017-01-15T00:27:11: 非记录时间：2017-01-15T00:27:11+08:00
2017-01-15T00:27:21: 非记录时间：2017-01-15T00:27:21+08:00
2017-01-15T00:27:31: 非记录时间：2017-01-15T00:27:31+08:00
2017-01-15T00:27:41: 非记录时间：2017-01-15T00:27:41+08:00
2017-01-15T00:27:51: 非记录时间：2017-01-15T00:27:51+08:00
2017-01-15T00:28:01: 非记录时间：2017-01-15T00:28:01+08:00
2017-01-15T00:28:11: 非记录时间：2017-01-15T00:28:11+08:00
2017-01-15T00:28:21: 非记录时间：2017-01-15T00:28:21+08:00
2017-01-15T00:28:31: 非记录时间：2017-01-15T00:28:31+08:00
2017-01-15T00:28:41: 非记录时间：2017-01-15T00:28:41+08:00
2017-01-15T00:28:51: 非记录时间：2017-01-15T00:28:51+08:00
2017-01-15T00:29:01: 非记录时间：2017-01-15T00:29:01+08:00
2017-01-15T00:29:11: 非记录时间：2017-01-15T00:29:11+08:00
2017-01-15T00:29:21: 非记录时间：2017-01-15T00:29:21+08:00
2017-01-15T00:29:31: 非记录时间：2017-01-15T00:29:31+08:00
2017-01-15T00:29:41: 非记录时间：2017-01-15T00:29:41+08:00
2017-01-15T00:29:51: 非记录时间：2017-01-15T00:29:51+08:00
2017-01-15T00:30:01: 非记录时间：2017-01-15T00:30:01+08:00
2017-01-15T00:30:11: 非记录时间：2017-01-15T00:30:11+08:00
2017-01-15T00:30:21: 非记录时间：2017-01-15T00:30:21+08:00
2017-01-15T00:30:31: 非记录时间：2017-01-15T00:30:31+08:00
2017-01-15T00:30:41: 非记录时间：2017-01-15T00:30:41+08:00
2017-01-15T00:30:51: 非记录时间：2017-01-15T00:30:51+08:00
2017-01-15T00:31:01: 非记录时间：2017-01-15T00:31:01+08:00
2017-01-15T00:31:11: 非记录时间：2017-01-15T00:31:11+08:00
2017-01-15T00:31:21: 非记录时间：2017-01-15T00:31:21+08:00
2017-01-15T00:31:31: 非记录时间：2017-01-15T00:31:31+08:00
2017-01-15T00:31:41: 非记录时间：2017-01-15T00:31:41+08:00
2017-01-15T00:31:51: 非记录时间：2017-01-15T00:31:51+08:00
2017-01-15T00:32:01: 非记录时间：2017-01-15T00:32:01+08:00
2017-01-15T00:32:11: 非记录时间：2017-01-15T00:32:11+08:00
2017-01-15T00:32:21: 非记录时间：2017-01-15T00:32:21+08:00
2017-01-15T00:32:31: 非记录时间：2017-01-15T00:32:31+08:00
2017-01-15T00:32:41: 非记录时间：2017-01-15T00:32:41+08:00
2017-01-15T00:32:51: 非记录时间：2017-01-15T00:32:51+08:00
2017-01-15T00:33:01: 非记录时间：2017-01-15T00:33:01+08:00
2017-01-15T00:33:11: 非记录时间：2017-01-15T00:33:11+08:00
2017-01-15T00:33:21: 非记录时间：2017-01-15T00:33:21+08:00
2017-01-15T00:33:31: 非记录时间：2017-01-15T00:33:31+08:00
2017-01-15T00:33:41: 非记录时间：2017-01-15T00:33:41+08:00
2017-01-15T00:33:51: 非记录时间：2017-01-15T00:33:51+08:00
2017-01-15T00:34:01: 非记录时间：2017-01-15T00:34:01+08:00
2017-01-15T00:34:11: 非记录时间：2017-01-15T00:34:11+08:00
2017-01-15T00:34:21: 非记录时间：2017-01-15T00:34:21+08:00
2017-01-15T00:34:31: 非记录时间：2017-01-15T00:34:31+08:00
2017-01-15T00:34:41: 非记录时间：2017-01-15T00:34:41+08:00
2017-01-15T00:34:51: 非记录时间：2017-01-15T00:34:51+08:00
2017-01-15T00:35:01: 非记录时间：2017-01-15T00:35:01+08:00
2017-01-15T00:35:11: 非记录时间：2017-01-15T00:35:11+08:00
2017-01-15T00:35:21: 非记录时间：2017-01-15T00:35:21+08:00
2017-01-15T00:35:31: 非记录时间：2017-01-15T00:35:31+08:00
2017-01-15T00:35:41: 非记录时间：2017-01-15T00:35:41+08:00
2017-01-15T00:35:51: 非记录时间：2017-01-15T00:35:51+08:00
2017-01-15T00:36:01: 非记录时间：2017-01-15T00:36:01+08:00
2017-01-15T00:36:11: 非记录时间：2017-01-15T00:36:11+08:00
2017-01-15T00:36:21: 非记录时间：2017-01-15T00:36:21+08:00
2017-01-15T00:36:31: 非记录时间：2017-01-15T00:36:31+08:00
2017-01-15T00:36:41: 非记录时间：2017-01-15T00:36:41+08:00
2017-01-15T00:36:51: 非记录时间：2017-01-15T00:36:51+08:00
2017-01-15T00:37:01: 非记录时间：2017-01-15T00:37:01+08:00
2017-01-15T00:37:11: 非记录时间：2017-01-15T00:37:11+08:00
2017-01-15T00:37:21: 非记录时间：2017-01-15T00:37:21+08:00
2017-01-15T00:37:31: 非记录时间：2017-01-15T00:37:31+08:00
2017-01-15T00:37:41: 非记录时间：2017-01-15T00:37:41+08:00
2017-01-15T00:37:51: 非记录时间：2017-01-15T00:37:51+08:00
2017-01-15T00:38:01: 非记录时间：2017-01-15T00:38:01+08:00
2017-01-15T00:38:11: 非记录时间：2017-01-15T00:38:11+08:00
2017-01-15T00:38:21: 非记录时间：2017-01-15T00:38:21+08:00
2017-01-15T00:38:31: 非记录时间：2017-01-15T00:38:31+08:00
2017-01-15T00:38:41: 非记录时间：2017-01-15T00:38:41+08:00
2017-01-15T00:38:51: 非记录时间：2017-01-15T00:38:51+08:00
2017-01-15T00:39:01: 非记录时间：2017-01-15T00:39:01+08:00
2017-01-15T00:39:11: 非记录时间：2017-01-15T00:39:11+08:00
2017-01-15T00:39:21: 非记录时间：2017-01-15T00:39:21+08:00
2017-01-15T00:39:31: 非记录时间：2017-01-15T00:39:31+08:00
2017-01-15T00:39:41: 非记录时间：2017-01-15T00:39:41+08:00
2017-01-15T00:39:51: 非记录时间：2017-01-15T00:39:51+08:00
2017-01-15T00:40:01: 非记录时间：2017-01-15T00:40:01+08:00
2017-01-15T00:40:11: 非记录时间：2017-01-15T00:40:11+08:00
2017-01-15T00:40:21: 非记录时间：2017-01-15T00:40:21+08:00
2017-01-15T00:40:31: 非记录时间：2017-01-15T00:40:31+08:00
2017-01-15T00:40:41: 非记录时间：2017-01-15T00:40:41+08:00
2017-01-15T00:40:51: 非记录时间：2017-01-15T00:40:51+08:00
2017-01-15T00:41:01: 非记录时间：2017-01-15T00:41:01+08:00
2017-01-15T00:41:11: 非记录时间：2017-01-15T00:41:11+08:00
2017-01-15T00:41:21: 非记录时间：2017-01-15T00:41:21+08:00
2017-01-15T00:41:31: 非记录时间：2017-01-15T00:41:31+08:00
2017-01-15T00:41:41: 非记录时间：2017-01-15T00:41:41+08:00
2017-01-15T00:41:51: 非记录时间：2017-01-15T00:41:51+08:00
2017-01-15T00:42:01: 非记录时间：2017-01-15T00:42:01+08:00
2017-01-15T00:42:11: 非记录时间：2017-01-15T00:42:11+08:00
2017-01-15T00:42:21: 非记录时间：2017-01-15T00:42:21+08:00
2017-01-15T00:42:31: 非记录时间：2017-01-15T00:42:31+08:00
2017-01-15T00:42:41: 非记录时间：2017-01-15T00:42:41+08:00
2017-01-15T00:42:51: 非记录时间：2017-01-15T00:42:51+08:00
2017-01-15T00:43:01: 非记录时间：2017-01-15T00:43:01+08:00
2017-01-15T00:43:11: 非记录时间：2017-01-15T00:43:11+08:00
2017-01-15T00:43:21: 非记录时间：2017-01-15T00:43:21+08:00
2017-01-15T00:43:31: 非记录时间：2017-01-15T00:43:31+08:00
2017-01-15T00:43:41: 非记录时间：2017-01-15T00:43:41+08:00
2017-01-15T00:43:51: 非记录时间：2017-01-15T00:43:51+08:00
2017-01-15T00:44:01: 非记录时间：2017-01-15T00:44:01+08:00
2017-01-15T00:44:11: 非记录时间：2017-01-15T00:44:11+08:00
2017-01-15T00:44:21: 非记录时间：2017-01-15T00:44:21+08:00
2017-01-15T00:44:31: 非记录时间：2017-01-15T00:44:31+08:00
2017-01-15T00:44:41: 非记录时间：2017-01-15T00:44:41+08:00
2017-01-15T00:44:51: 非记录时间：2017-01-15T00:44:51+08:00
2017-01-15T00:45:01: 非记录时间：2017-01-15T00:45:01+08:00
2017-01-15T00:45:11: 非记录时间：2017-01-15T00:45:11+08:00
2017-01-15T00:45:21: 非记录时间：2017-01-15T00:45:21+08:00
2017-01-15T00:45:31: 非记录时间：2017-01-15T00:45:31+08:00
2017-01-15T00:45:41: 非记录时间：2017-01-15T00:45:41+08:00
2017-01-15T00:45:51: 非记录时间：2017-01-15T00:45:51+08:00
2017-01-15T00:46:01: 非记录时间：2017-01-15T00:46:01+08:00
2017-01-15T00:46:11: 非记录时间：2017-01-15T00:46:11+08:00
2017-01-15T00:46:21: 非记录时间：2017-01-15T00:46:21+08:00
2017-01-15T00:46:31: 非记录时间：2017-01-15T00:46:31+08:00
2017-01-15T00:46:41: 非记录时间：2017-01-15T00:46:41+08:00
2017-01-15T00:46:51: 非记录时间：2017-01-15T00:46:51+08:00
2017-01-15T00:47:01: 非记录时间：2017-01-15T00:47:01+08:00
2017-01-15T00:47:11: 非记录时间：2017-01-15T00:47:11+08:00
2017-01-15T00:47:21: 非记录时间：2017-01-15T00:47:21+08:00
2017-01-15T00:47:31: 非记录时间：2017-01-15T00:47:31+08:00
2017-01-15T00:47:41: 非记录时间：2017-01-15T00:47:41+08:00
2017-01-15T00:47:51: 非记录时间：2017-01-15T00:47:51+08:00
2017-01-15T00:48:01: 非记录时间：2017-01-15T00:48:01+08:00
2017-01-15T00:48:11: 非记录时间：2017-01-15T00:48:11+08:00
2017-01-15T00:48:21: 非记录时间：2017-01-15T00:48:21+08:00
2017-01-15T00:48:31: 非记录时间：2017-01-15T00:48:31+08:00
2017-01-15T00:48:41: 非记录时间：2017-01-15T00:48:41+08:00
2017-01-15T00:48:51: 非记录时间：2017-01-15T00:48:51+08:00
2017-01-15T00:49:01: 非记录时间：2017-01-15T00:49:01+08:00
2017-01-15T00:49:11: 非记录时间：2017-01-15T00:49:11+08:00
2017-01-15T00:49:21: 非记录时间：2017-01-15T00:49:21+08:00
2017-01-15T00:49:31: 非记录时间：2017-01-15T00:49:31+08:00
2017-01-15T00:49:41: 非记录时间：2017-01-15T00:49:41+08:00
2017-01-15T00:49:51: 非记录时间：2017-01-15T00:49:51+08:00
2017-01-15T00:50:01: 非记录时间：2017-01-15T00:50:01+08:00
2017-01-15T00:50:11: 非记录时间：2017-01-15T00:50:11+08:00
2017-01-15T00:50:21: 非记录时间：2017-01-15T00:50:21+08:00
2017-01-15T00:50:31: 非记录时间：2017-01-15T00:50:31+08:00
2017-01-15T00:50:41: 非记录时间：2017-01-15T00:50:41+08:00
2017-01-15T00:50:51: 非记录时间：2017-01-15T00:50:51+08:00
2017-01-15T00:51:01: 非记录时间：2017-01-15T00:51:01+08:00
2017-01-15T00:51:11: 非记录时间：2017-01-15T00:51:11+08:00
2017-01-15T00:51:21: 非记录时间：2017-01-15T00:51:21+08:00
2017-01-15T00:51:31: 非记录时间：2017-01-15T00:51:31+08:00
2017-01-15T00:51:41: 非记录时间：2017-01-15T00:51:41+08:00
2017-01-15T00:51:51: 非记录时间：2017-01-15T00:51:51+08:00
2017-01-15T00:52:01: 非记录时间：2017-01-15T00:52:01+08:00
2017-01-15T00:52:11: 非记录时间：2017-01-15T00:52:11+08:00
2017-01-15T00:52:21: 非记录时间：2017-01-15T00:52:21+08:00
2017-01-15T00:52:31: 非记录时间：2017-01-15T00:52:31+08:00
2017-01-15T00:52:41: 非记录时间：2017-01-15T00:52:41+08:00
2017-01-15T00:52:51: 非记录时间：2017-01-15T00:52:51+08:00
2017-01-15T00:53:01: 非记录时间：2017-01-15T00:53:01+08:00
2017-01-15T00:53:11: 非记录时间：2017-01-15T00:53:11+08:00
2017-01-15T00:53:21: 非记录时间：2017-01-15T00:53:21+08:00
2017-01-15T00:53:31: 非记录时间：2017-01-15T00:53:31+08:00
2017-01-15T00:53:41: 非记录时间：2017-01-15T00:53:41+08:00
2017-01-15T00:53:51: 非记录时间：2017-01-15T00:53:51+08:00
2017-01-15T00:54:01: 非记录时间：2017-01-15T00:54:01+08:00
2017-01-15T00:54:11: 非记录时间：2017-01-15T00:54:11+08:00
2017-01-15T00:54:21: 非记录时间：2017-01-15T00:54:21+08:00
2017-01-15T00:54:31: 非记录时间：2017-01-15T00:54:31+08:00
2017-01-15T00:54:41: 非记录时间：2017-01-15T00:54:41+08:00
2017-01-15T00:54:51: 非记录时间：2017-01-15T00:54:51+08:00
2017-01-15T00:55:01: 非记录时间：2017-01-15T00:55:01+08:00
2017-01-15T00:55:11: 非记录时间：2017-01-15T00:55:11+08:00
2017-01-15T00:55:21: 非记录时间：2017-01-15T00:55:21+08:00
2017-01-15T00:55:31: 非记录时间：2017-01-15T00:55:31+08:00
2017-01-15T00:55:41: 非记录时间：2017-01-15T00:55:41+08:00
2017-01-15T00:55:51: 非记录时间：2017-01-15T00:55:51+08:00
2017-01-15T00:56:01: 非记录时间：2017-01-15T00:56:01+08:00
2017-01-15T00:56:11: 非记录时间：2017-01-15T00:56:11+08:00
2017-01-15T00:56:21: 非记录时间：2017-01-15T00:56:21+08:00
2017-01-15T00:56:31: 非记录时间：2017-01-15T00:56:31+08:00
2017-01-15T00:56:41: 非记录时间：2017-01-15T00:56:41+08:00
2017-01-15T00:56:51: 非记录时间：2017-01-15T00:56:51+08:00
2017-01-15T00:57:01: 非记录时间：2017-01-15T00:57:01+08:00
2017-01-15T00:57:11: 非记录时间：2017-01-15T00:57:11+08:00
2017-01-15T00:57:21: 非记录时间：2017-01-15T00:57:21+08:00
2017-01-15T00:57:31: 非记录时间：2017-01-15T00:57:31+08:00
2017-01-15T00:57:41: 非记录时间：2017-01-15T00:57:41+08:00
2017-01-15T00:57:51: 非记录时间：2017-01-15T00:57:51+08:00
2017-01-15T00:58:01: 非记录时间：2017-01-15T00:58:01+08:00
2017-01-15T00:58:11: 非记录时间：2017-01-15T00:58:11+08:00
2017-01-15T00:58:21: 非记录时间：2017-01-15T00:58:21+08:00
2017-01-15T00:58:31: 非记录时间：2017-01-15T00:58:31+08:00
2017-01-15T00:58:41: 非记录时间：2017-01-15T00:58:41+08:00
2017-01-15T00:58:51: 非记录时间：2017-01-15T00:58:51+08:00
2017-01-15T00:59:01: 非记录时间：2017-01-15T00:59:01+08:00
2017-01-15T00:59:11: 非记录时间：2017-01-15T00:59:11+08:00
2017-01-15T00:59:21: 非记录时间：2017-01-15T00:59:21+08:00
2017-01-15T00:59:31: 非记录时间：2017-01-15T00:59:31+08:00
2017-01-15T00:59:41: 非记录时间：2017-01-15T00:59:41+08:00
2017-01-15T00:59:51: 非记录时间：2017-01-15T00:59:51+08:00
2017-01-15T01:00:01: 非记录时间：2017-01-15T01:00:01+08:00
2017-01-15T01:00:11: 非记录时间：2017-01-15T01:00:11+08:00
2017-01-15T01:00:21: 非记录时间：2017-01-15T01:00:21+08:00
2017-01-15T01:00:31: 非记录时间：2017-01-15T01:00:31+08:00
2017-01-15T01:00:41: 非记录时间：2017-01-15T01:00:41+08:00
2017-01-15T01:00:51: 非记录时间：2017-01-15T01:00:51+08:00
2017-01-15T01:01:01: 非记录时间：2017-01-15T01:01:01+08:00
2017-01-15T01:01:11: 非记录时间：2017-01-15T01:01:11+08:00
2017-01-15T01:01:21: 非记录时间：2017-01-15T01:01:21+08:00
2017-01-15T01:01:31: 非记录时间：2017-01-15T01:01:31+08:00
2017-01-15T01:01:41: 非记录时间：2017-01-15T01:01:41+08:00
2017-01-15T01:01:51: 非记录时间：2017-01-15T01:01:51+08:00
2017-01-15T01:02:01: 非记录时间：2017-01-15T01:02:01+08:00
2017-01-15T01:02:11: 非记录时间：2017-01-15T01:02:11+08:00
2017-01-15T01:02:21: 非记录时间：2017-01-15T01:02:21+08:00
2017-01-15T01:02:31: 非记录时间：2017-01-15T01:02:31+08:00
2017-01-15T01:02:41: 非记录时间：2017-01-15T01:02:41+08:00
2017-01-15T01:02:51: 非记录时间：2017-01-15T01:02:51+08:00
2017-01-15T01:03:01: 非记录时间：2017-01-15T01:03:01+08:00
2017-01-15T01:03:11: 非记录时间：2017-01-15T01:03:11+08:00
2017-01-15T01:03:21: 非记录时间：2017-01-15T01:03:21+08:00
2017-01-15T01:03:31: 非记录时间：2017-01-15T01:03:31+08:00
2017-01-15T01:03:41: 非记录时间：2017-01-15T01:03:41+08:00
2017-01-15T01:03:51: 非记录时间：2017-01-15T01:03:51+08:00
2017-01-15T01:04:01: 非记录时间：2017-01-15T01:04:01+08:00
2017-01-15T01:04:11: 非记录时间：2017-01-15T01:04:11+08:00
2017-01-15T01:04:21: 非记录时间：2017-01-15T01:04:21+08:00
2017-01-15T01:04:31: 非记录时间：2017-01-15T01:04:31+08:00
2017-01-15T01:04:41: 非记录时间：2017-01-15T01:04:41+08:00
2017-01-15T01:04:51: 非记录时间：2017-01-15T01:04:51+08:00
2017-01-15T01:05:01: 非记录时间：2017-01-15T01:05:01+08:00
2017-01-15T01:05:11: 非记录时间：2017-01-15T01:05:11+08:00
2017-01-15T01:05:21: 非记录时间：2017-01-15T01:05:21+08:00
2017-01-15T01:05:31: 非记录时间：2017-01-15T01:05:31+08:00
2017-01-15T01:05:41: 非记录时间：2017-01-15T01:05:41+08:00
2017-01-15T01:05:51: 非记录时间：2017-01-15T01:05:51+08:00
2017-01-15T01:06:01: 非记录时间：2017-01-15T01:06:01+08:00
2017-01-15T01:06:11: 非记录时间：2017-01-15T01:06:11+08:00
2017-01-15T01:06:21: 非记录时间：2017-01-15T01:06:21+08:00
2017-01-15T01:06:31: 非记录时间：2017-01-15T01:06:31+08:00
2017-01-15T01:06:41: 非记录时间：2017-01-15T01:06:41+08:00
2017-01-15T01:06:51: 非记录时间：2017-01-15T01:06:51+08:00
2017-01-15T01:07:01: 非记录时间：2017-01-15T01:07:01+08:00
2017-01-15T01:07:11: 非记录时间：2017-01-15T01:07:11+08:00
2017-01-15T01:07:21: 非记录时间：2017-01-15T01:07:21+08:00
2017-01-15T01:07:31: 非记录时间：2017-01-15T01:07:31+08:00
2017-01-15T01:07:41: 非记录时间：2017-01-15T01:07:41+08:00
2017-01-15T01:07:51: 非记录时间：2017-01-15T01:07:51+08:00
2017-01-15T01:08:01: 非记录时间：2017-01-15T01:08:01+08:00
2017-01-15T01:08:11: 非记录时间：2017-01-15T01:08:11+08:00
2017-01-15T01:08:21: 非记录时间：2017-01-15T01:08:21+08:00
2017-01-15T01:08:31: 非记录时间：2017-01-15T01:08:31+08:00
2017-01-15T01:08:41: 非记录时间：2017-01-15T01:08:41+08:00
2017-01-15T01:08:51: 非记录时间：2017-01-15T01:08:51+08:00
2017-01-15T01:09:01: 非记录时间：2017-01-15T01:09:01+08:00
2017-01-15T01:09:11: 非记录时间：2017-01-15T01:09:11+08:00
2017-01-15T01:09:21: 非记录时间：2017-01-15T01:09:21+08:00
2017-01-15T01:09:31: 非记录时间：2017-01-15T01:09:31+08:00
2017-01-15T01:09:41: 非记录时间：2017-01-15T01:09:41+08:00
2017-01-15T01:09:51: 非记录时间：2017-01-15T01:09:51+08:00
2017-01-15T01:10:01: 非记录时间：2017-01-15T01:10:01+08:00
2017-01-15T01:10:11: 非记录时间：2017-01-15T01:10:11+08:00
2017-01-15T01:10:21: 非记录时间：2017-01-15T01:10:21+08:00
2017-01-15T01:10:31: 非记录时间：2017-01-15T01:10:31+08:00
2017-01-15T01:10:41: 非记录时间：2017-01-15T01:10:41+08:00
2017-01-15T01:10:51: 非记录时间：2017-01-15T01:10:51+08:00
2017-01-15T01:11:02: 读取文件失败，可能是该文件不存在
2017-01-15T01:11:02: Error: ENOENT: no such file or directory, open './data/2017-01-15.json'
2017-01-15T01:11:12: 读取文件成功
2017-01-15T01:11:22: 读取文件成功
2017-01-15T01:11:32: 读取文件成功
2017-01-15T01:11:42: 读取文件成功
2017-01-15T01:11:52: 读取文件成功
2017-01-15T01:12:02: 读取文件成功
2017-01-15T01:12:12: 读取文件成功
2017-01-15T01:12:22: 读取文件成功
2017-01-15T01:12:32: 读取文件成功
2017-01-15T01:12:42: 读取文件成功
2017-01-15T01:12:52: 读取文件成功
2017-01-15T01:13:02: 读取文件成功
2017-01-15T01:13:12: 读取文件成功
2017-01-15T01:13:22: 读取文件成功
2017-01-15T01:13:32: 读取文件成功
2017-01-15T01:13:42: 读取文件成功
2017-01-15T01:13:52: 读取文件成功
2017-01-15T01:14:02: 读取文件成功
2017-01-15T01:14:12: 读取文件成功
2017-01-15T01:14:22: 读取文件成功
2017-01-15T01:14:32: 读取文件成功
2017-01-15T01:14:42: 读取文件成功
2017-01-15T01:14:52: 读取文件成功
2017-01-15T01:15:02: 读取文件成功
2017-01-15T01:15:12: 读取文件成功
2017-01-15T01:15:22: 读取文件成功
2017-01-15T01:15:32: 读取文件成功
2017-01-15T01:15:42: 读取文件成功
2017-01-15T01:15:52: 读取文件成功
2017-01-15T01:16:02: 读取文件成功
2017-01-15T01:16:12: 读取文件成功
2017-01-15T01:16:22: 读取文件成功
2017-01-15T01:16:32: 读取文件成功
2017-01-15T01:16:42: 读取文件成功
2017-01-15T01:16:52: 读取文件成功
2017-01-15T01:17:02: 读取文件成功
2017-01-15T01:17:12: 读取文件成功
2017-01-15T01:17:22: 读取文件成功
2017-01-15T01:17:32: 读取文件成功
2017-01-15T01:17:42: 读取文件成功
2017-01-15T01:17:52: 读取文件成功
2017-01-15T01:18:02: 读取文件成功
2017-01-15T01:18:12: 读取文件成功
2017-01-15T01:18:22: 读取文件成功
2017-01-15T01:18:32: 读取文件成功
2017-01-15T01:18:42: 读取文件成功
2017-01-15T01:18:52: 读取文件成功
2017-01-15T01:19:02: 读取文件成功
2017-01-15T01:19:12: 读取文件成功
2017-01-15T01:19:22: 读取文件成功
2017-01-15T01:19:32: 读取文件成功
2017-01-15T01:19:42: 读取文件成功
2017-01-15T01:19:52: 读取文件成功
2017-01-15T01:20:02: 读取文件成功
2017-01-15T01:20:12: 读取文件成功
2017-01-15T01:20:22: 读取文件成功
2017-01-15T01:20:32: 读取文件成功
2017-01-15T01:20:42: 读取文件成功
2017-01-15T01:20:52: 读取文件成功
2017-01-15T01:21:02: 读取文件成功
2017-01-15T01:21:12: 读取文件成功
2017-01-15T01:21:23: 读取文件成功
2017-01-15T01:21:32: 读取文件成功
2017-01-15T01:21:42: 读取文件成功
2017-01-15T01:21:52: 读取文件成功
2017-01-15T01:22:02: 读取文件成功
2017-01-15T01:22:12: 读取文件成功
2017-01-15T01:22:22: 读取文件成功
2017-01-15T01:22:32: 读取文件成功
2017-01-15T01:22:42: 读取文件成功
2017-01-15T01:22:52: 读取文件成功
2017-01-15T01:23:03: 读取文件成功
2017-01-15T01:23:13: 读取文件成功
2017-01-15T01:23:23: 读取文件成功
2017-01-15T01:23:33: 读取文件成功
2017-01-15T01:23:43: 读取文件成功
2017-01-15T01:23:53: 读取文件成功
2017-01-15T01:24:03: 读取文件成功
2017-01-15T01:24:13: 读取文件成功
2017-01-15T01:24:23: 读取文件成功
2017-01-15T01:24:33: 读取文件成功
2017-01-15T01:24:43: 读取文件成功
2017-01-15T01:24:53: 读取文件成功
2017-01-15T01:25:03: 读取文件成功
2017-01-15T01:25:13: 读取文件成功
2017-01-15T01:25:23: 读取文件成功
2017-01-15T01:25:33: 读取文件成功
2017-01-15T01:25:43: 读取文件成功
2017-01-15T01:25:53: 读取文件成功
2017-01-15T01:26:03: 读取文件成功
2017-01-15T01:26:13: 读取文件成功
2017-01-15T01:26:23: 读取文件成功
2017-01-15T01:26:33: 读取文件成功
2017-01-15T01:26:43: 读取文件成功
2017-01-15T01:26:53: 读取文件成功
2017-01-15T01:27:03: 读取文件成功
2017-01-15T01:27:13: 读取文件成功
2017-01-15T01:27:23: 读取文件成功
2017-01-15T01:27:33: 读取文件成功
2017-01-15T01:27:43: 读取文件成功
2017-01-15T01:27:53: 读取文件成功
2017-01-15T01:28:03: 读取文件成功
2017-01-15T01:28:13: 读取文件成功
2017-01-15T01:28:23: 读取文件成功
2017-01-15T01:28:33: 读取文件成功
2017-01-15T01:28:43: 读取文件成功
2017-01-15T01:28:53: 读取文件成功
2017-01-15T01:29:03: 读取文件成功
2017-01-15T01:29:13: 读取文件成功
2017-01-15T01:29:23: 读取文件成功
2017-01-15T01:29:33: 读取文件成功
2017-01-15T01:29:43: 读取文件成功
2017-01-15T01:29:53: 读取文件成功
2017-01-15T01:30:03: 读取文件成功
2017-01-15T01:30:13: 读取文件成功
2017-01-15T01:30:23: 读取文件成功
2017-01-15T01:30:33: 读取文件成功
2017-01-15T01:30:43: 读取文件成功
2017-01-15T01:30:53: 读取文件成功
2017-01-15T01:31:03: 读取文件成功
2017-01-15T01:31:13: 读取文件成功
2017-01-15T01:31:23: 读取文件成功
2017-01-15T01:31:33: 读取文件成功
2017-01-15T01:31:43: 读取文件成功
2017-01-15T01:31:53: 读取文件成功
2017-01-15T01:32:03: 读取文件成功
2017-01-15T01:32:13: 读取文件成功
2017-01-15T01:32:23: 读取文件成功
2017-01-15T01:32:33: 读取文件成功
2017-01-15T01:32:43: 读取文件成功
2017-01-15T01:32:53: 读取文件成功
2017-01-15T01:33:03: 读取文件成功
2017-01-15T01:33:13: 读取文件成功
2017-01-15T01:33:23: 读取文件成功
2017-01-15T01:33:33: 读取文件成功
2017-01-15T01:33:43: 读取文件成功
2017-01-15T01:33:53: 读取文件成功
2017-01-15T01:34:03: 读取文件成功
2017-01-15T01:34:13: 读取文件成功
2017-01-15T01:34:23: 读取文件成功
2017-01-15T01:34:34: 读取文件成功
2017-01-15T01:34:43: 读取文件成功
2017-01-15T01:34:53: 读取文件成功
2017-01-15T01:35:03: 读取文件成功
2017-01-15T01:35:13: 读取文件成功
2017-01-15T01:35:23: 读取文件成功
2017-01-15T01:35:33: 读取文件成功
2017-01-15T01:35:43: 读取文件成功
2017-01-15T01:35:53: 读取文件成功
2017-01-15T01:36:03: 读取文件成功
2017-01-15T01:36:13: 读取文件成功
2017-01-15T01:36:23: 读取文件成功
2017-01-15T01:36:33: 读取文件成功
2017-01-15T01:36:43: 读取文件成功
2017-01-15T01:36:53: 读取文件成功
2017-01-15T01:37:03: 读取文件成功
2017-01-15T01:37:13: 读取文件成功
2017-01-15T01:37:23: 读取文件成功
2017-01-15T01:37:33: 读取文件成功
2017-01-15T01:37:43: 读取文件成功
2017-01-15T01:37:53: 读取文件成功
2017-01-15T01:38:03: 读取文件成功
2017-01-15T01:38:13: 读取文件成功
2017-01-15T01:38:23: 读取文件成功
2017-01-15T01:38:33: 读取文件成功
2017-01-15T01:38:43: 读取文件成功
2017-01-15T01:38:53: 读取文件成功
2017-01-15T01:39:06: 读取文件成功
2017-01-15T01:39:14: 读取文件成功
2017-01-15T01:39:25: 读取文件成功
2017-01-15T01:39:33: 读取文件成功
2017-01-15T01:39:43: 读取文件成功
2017-01-15T01:39:53: 读取文件成功
2017-01-15T01:40:03: 读取文件成功
2017-01-15T01:40:13: 读取文件成功
2017-01-15T01:40:23: 读取文件成功
2017-01-15T01:40:33: 读取文件成功
2017-01-15T01:40:44: 读取文件成功
2017-01-15T01:40:53: 读取文件成功
2017-01-15T01:41:03: 读取文件成功
2017-01-15T01:41:13: 读取文件成功
2017-01-15T01:41:24: 读取文件成功
2017-01-15T01:41:34: 读取文件成功
2017-01-15T01:41:44: 读取文件成功
2017-01-15T01:41:54: 读取文件成功
2017-01-15T01:42:04: 读取文件成功
2017-01-15T01:42:14: 读取文件成功
2017-01-15T01:42:24: 读取文件成功
2017-01-15T01:42:34: 读取文件成功
2017-01-15T01:42:44: 读取文件成功
2017-01-15T01:42:54: 读取文件成功
2017-01-15T01:43:04: 读取文件成功
2017-01-15T01:43:14: 读取文件成功
2017-01-15T01:43:24: 读取文件成功
2017-01-15T01:43:34: 读取文件成功
2017-01-15T01:43:44: 读取文件成功
2017-01-15T01:43:54: 读取文件成功
2017-01-15T01:44:04: 读取文件成功
2017-01-15T01:44:14: 读取文件成功
2017-01-15T01:44:24: 读取文件成功
2017-01-15T01:44:34: 读取文件成功
2017-01-15T01:44:44: 读取文件成功
2017-01-15T01:44:54: 读取文件成功
2017-01-15T01:45:04: 读取文件成功
2017-01-15T01:45:14: 读取文件成功
2017-01-15T01:45:24: 读取文件成功
2017-01-15T01:45:34: 读取文件成功
2017-01-15T01:45:44: 读取文件成功
2017-01-15T01:45:54: 读取文件成功
2017-01-15T01:46:04: 读取文件成功
2017-01-15T01:46:14: 读取文件成功
2017-01-15T01:46:24: 读取文件成功
2017-01-15T01:46:34: 读取文件成功
2017-01-15T01:46:44: 读取文件成功
2017-01-15T01:46:54: 读取文件成功
2017-01-15T01:47:12: 读取文件成功
2017-01-15T01:47:14: 读取文件成功
2017-01-15T01:47:24: 读取文件成功
2017-01-15T01:47:34: 读取文件成功
2017-01-15T01:47:44: 读取文件成功
2017-01-15T01:47:54: 读取文件成功
2017-01-15T01:48:04: 读取文件成功
2017-01-15T01:48:14: 读取文件成功
2017-01-15T01:48:24: 读取文件成功
2017-01-15T01:48:34: 读取文件成功
2017-01-15T01:48:44: 读取文件成功
2017-01-15T01:48:54: 读取文件成功
2017-01-15T01:49:04: 读取文件成功
2017-01-15T01:49:14: 读取文件成功
2017-01-15T01:49:24: 读取文件成功
2017-01-15T01:49:34: 读取文件成功
2017-01-15T01:49:44: 读取文件成功
2017-01-15T01:49:54: 读取文件成功
2017-01-15T01:50:04: 读取文件成功
2017-01-15T01:50:14: 读取文件成功
2017-01-15T01:50:24: 读取文件成功
2017-01-15T01:50:34: 读取文件成功
2017-01-15T01:50:44: 读取文件成功
2017-01-15T01:50:54: 读取文件成功
2017-01-15T01:51:04: 读取文件成功
2017-01-15T01:51:14: 读取文件成功
2017-01-15T01:51:24: 读取文件成功
2017-01-15T01:51:34: 读取文件成功
2017-01-15T01:51:44: 读取文件成功
2017-01-15T01:51:54: 读取文件成功
2017-01-15T01:52:04: 读取文件成功
2017-01-15T01:52:14: 读取文件成功
2017-01-15T01:52:24: 读取文件成功
2017-01-15T01:52:34: 读取文件成功
2017-01-15T01:52:44: 读取文件成功
2017-01-15T01:52:54: 读取文件成功
2017-01-15T01:53:04: 读取文件成功
2017-01-15T01:53:14: 读取文件成功
2017-01-15T01:53:24: 读取文件成功
2017-01-15T01:53:34: 读取文件成功
2017-01-15T01:53:44: 读取文件成功
2017-01-15T01:53:54: 读取文件成功
2017-01-15T01:54:04: 读取文件成功
2017-01-15T01:54:14: 读取文件成功
2017-01-15T01:54:24: 读取文件成功
2017-01-15T01:54:34: 读取文件成功
2017-01-15T01:54:44: 读取文件成功
2017-01-15T01:54:54: 读取文件成功
2017-01-15T01:55:04: 读取文件成功
2017-01-15T01:55:14: 读取文件成功
2017-01-15T01:55:24: 读取文件成功
2017-01-15T01:55:34: 读取文件成功
2017-01-15T01:55:44: 读取文件成功
2017-01-15T01:55:54: 读取文件成功
2017-01-15T01:56:04: 读取文件成功
2017-01-15T01:56:14: 读取文件成功
2017-01-15T01:56:24: 读取文件成功
2017-01-15T01:56:34: 读取文件成功
2017-01-15T01:56:44: 读取文件成功
2017-01-15T01:56:54: 读取文件成功
2017-01-15T01:57:04: 读取文件成功
2017-01-15T01:57:15: 读取文件成功
2017-01-15T01:57:24: 读取文件成功
2017-01-15T01:57:34: 读取文件成功
2017-01-15T01:57:44: 读取文件成功
2017-01-15T01:57:54: 读取文件成功
2017-01-15T01:58:04: 读取文件成功
2017-01-15T01:58:14: 读取文件成功
2017-01-15T01:58:24: 读取文件成功
2017-01-15T01:58:34: 读取文件成功
2017-01-15T01:58:44: 读取文件成功
2017-01-15T01:58:54: 读取文件成功
2017-01-15T01:59:04: 读取文件成功
2017-01-15T01:59:14: 读取文件成功
2017-01-15T01:59:24: 读取文件成功
2017-01-15T01:59:34: 读取文件成功
2017-01-15T01:59:46: 读取文件成功
2017-01-15T01:59:55: 读取文件成功
2017-01-15T02:00:05: 读取文件成功
2017-01-15T02:00:15: 读取文件成功
2017-01-15T02:00:25: 读取文件成功
2017-01-15T02:00:35: 读取文件成功
2017-01-15T02:00:45: 读取文件成功
2017-01-15T02:00:55: 读取文件成功
2017-01-15T02:01:05: 读取文件成功
2017-01-15T02:01:15: 读取文件成功
2017-01-15T02:01:25: 读取文件成功
2017-01-15T02:01:35: 读取文件成功
2017-01-15T02:01:45: 读取文件成功
2017-01-15T02:01:55: 读取文件成功
2017-01-15T02:02:05: 读取文件成功
2017-01-15T02:02:15: 读取文件成功
2017-01-15T02:02:25: 读取文件成功
2017-01-15T02:02:35: 读取文件成功
2017-01-15T02:02:45: 读取文件成功
2017-01-15T02:02:55: 读取文件成功
2017-01-15T02:03:05: 读取文件成功
2017-01-15T02:03:15: 读取文件成功
2017-01-15T02:03:25: 读取文件成功
2017-01-15T02:03:35: 读取文件成功
2017-01-15T02:03:45: 读取文件成功
2017-01-15T02:03:55: 读取文件成功
2017-01-15T02:04:05: 读取文件成功
2017-01-15T02:04:15: 读取文件成功
2017-01-15T02:04:25: 读取文件成功
2017-01-15T02:04:35: 读取文件成功
2017-01-15T02:04:45: 读取文件成功
2017-01-15T02:04:55: 读取文件成功
2017-01-15T02:05:05: 读取文件成功
2017-01-15T02:05:15: 读取文件成功
2017-01-15T02:05:25: 读取文件成功
2017-01-15T02:05:35: 读取文件成功
2017-01-15T02:05:45: 读取文件成功
2017-01-15T02:05:55: 读取文件成功
2017-01-15T02:06:05: 读取文件成功
2017-01-15T02:06:15: 读取文件成功
2017-01-15T02:06:25: 读取文件成功
2017-01-15T02:06:35: 读取文件成功
2017-01-15T02:06:45: 读取文件成功
2017-01-15T02:06:55: 读取文件成功
2017-01-15T02:07:05: 读取文件成功
2017-01-15T02:07:15: 读取文件成功
2017-01-15T02:07:25: 读取文件成功
2017-01-15T02:07:35: 读取文件成功
2017-01-15T02:07:45: 读取文件成功
2017-01-15T02:07:55: 读取文件成功
2017-01-15T02:08:05: 读取文件成功
2017-01-15T02:08:15: 读取文件成功
2017-01-15T02:08:25: 读取文件成功
2017-01-15T02:08:35: 读取文件成功
2017-01-15T02:08:45: 读取文件成功
2017-01-15T02:08:55: 读取文件成功
2017-01-15T02:09:05: 读取文件成功
2017-01-15T02:09:15: 读取文件成功
2017-01-15T02:09:25: 读取文件成功
2017-01-15T02:09:35: 读取文件成功
2017-01-15T02:09:45: 读取文件成功
2017-01-15T02:09:55: 读取文件成功
2017-01-15T02:10:05: 读取文件成功
2017-01-15T02:10:15: 读取文件成功
2017-01-15T02:10:25: 读取文件成功
2017-01-15T02:10:35: 读取文件成功
2017-01-15T02:10:45: 读取文件成功
2017-01-15T02:10:55: 读取文件成功
2017-01-15T02:11:05: 读取文件成功
2017-01-15T02:11:15: 读取文件成功
2017-01-15T02:11:25: 读取文件成功
2017-01-15T02:11:35: 读取文件成功
2017-01-15T02:11:45: 读取文件成功
2017-01-15T02:11:55: 读取文件成功
2017-01-15T02:12:05: 读取文件成功
2017-01-15T02:12:15: 读取文件成功
2017-01-15T02:12:25: 读取文件成功
2017-01-15T02:12:35: 读取文件成功
2017-01-15T02:12:45: 读取文件成功
2017-01-15T02:12:55: 读取文件成功
2017-01-15T02:13:05: 读取文件成功
2017-01-15T02:13:15: 读取文件成功
2017-01-15T02:13:25: 读取文件成功
2017-01-15T02:13:35: 读取文件成功
2017-01-15T02:13:45: 读取文件成功
2017-01-15T02:13:55: 读取文件成功
2017-01-15T02:14:05: 读取文件成功
2017-01-15T02:14:15: 读取文件成功
2017-01-15T02:14:25: 读取文件成功
2017-01-15T02:14:35: 读取文件成功
2017-01-15T02:14:45: 读取文件成功
2017-01-15T02:14:55: 读取文件成功
2017-01-15T02:15:05: 读取文件成功
2017-01-15T02:15:15: 读取文件成功
2017-01-15T02:15:25: 读取文件成功
2017-01-15T02:15:35: 读取文件成功
2017-01-15T02:15:45: 读取文件成功
2017-01-15T02:15:55: 读取文件成功
2017-01-15T02:16:05: 读取文件成功
2017-01-15T02:16:15: 读取文件成功
2017-01-15T02:16:25: 读取文件成功
2017-01-15T02:16:35: 读取文件成功
2017-01-15T02:16:45: 读取文件成功
2017-01-15T02:16:55: 读取文件成功
2017-01-15T02:17:05: 读取文件成功
2017-01-15T02:17:15: 读取文件成功
2017-01-15T02:17:26: 读取文件成功
2017-01-15T02:17:36: 读取文件成功
2017-01-15T02:17:46: 读取文件成功
2017-01-15T02:17:55: 读取文件成功
2017-01-15T02:18:06: 读取文件成功
2017-01-15T02:18:15: 读取文件成功
2017-01-15T02:18:26: 读取文件成功
2017-01-15T02:18:36: 读取文件成功
2017-01-15T02:18:46: 读取文件成功
2017-01-15T02:18:56: 读取文件成功
2017-01-15T02:19:06: 读取文件成功
2017-01-15T02:19:16: 读取文件成功
2017-01-15T02:19:26: 读取文件成功
2017-01-15T02:19:36: 读取文件成功
2017-01-15T02:19:46: 读取文件成功
2017-01-15T02:19:56: 读取文件成功
2017-01-15T02:20:06: 读取文件成功
2017-01-15T02:20:16: 读取文件成功
2017-01-15T02:20:26: 读取文件成功
2017-01-15T02:20:36: 读取文件成功
2017-01-15T02:20:46: 读取文件成功
2017-01-15T02:20:56: 读取文件成功
2017-01-15T02:21:06: 读取文件成功
2017-01-15T02:21:16: 读取文件成功
2017-01-15T02:21:26: 读取文件成功
2017-01-15T02:21:36: 读取文件成功
2017-01-15T02:21:46: 读取文件成功
2017-01-15T02:21:56: 读取文件成功
2017-01-15T02:22:06: 读取文件成功
2017-01-15T02:22:16: 读取文件成功
2017-01-15T02:22:26: 读取文件成功
2017-01-15T02:22:36: 读取文件成功
2017-01-15T02:22:46: 读取文件成功
2017-01-15T02:22:56: 读取文件成功
2017-01-15T02:23:06: 读取文件成功
2017-01-15T02:23:16: 读取文件成功
2017-01-15T02:23:26: 读取文件成功
2017-01-15T02:23:36: 读取文件成功
2017-01-15T02:23:46: 读取文件成功
2017-01-15T02:23:56: 读取文件成功
2017-01-15T02:24:06: 读取文件成功
2017-01-15T02:24:16: 读取文件成功
2017-01-15T02:24:26: 读取文件成功
2017-01-15T02:24:36: 读取文件成功
2017-01-15T02:24:46: 读取文件成功
2017-01-15T02:24:56: 读取文件成功
2017-01-15T02:25:06: 读取文件成功
2017-01-15T02:25:16: 读取文件成功
2017-01-15T02:25:26: 读取文件成功
2017-01-15T02:25:36: 读取文件成功
2017-01-15T02:25:46: 读取文件成功
2017-01-15T02:25:56: 读取文件成功
2017-01-15T02:26:06: 读取文件成功
2017-01-15T02:26:16: 读取文件成功
2017-01-15T02:26:26: 读取文件成功
2017-01-15T02:26:36: 读取文件成功
2017-01-15T02:26:46: 读取文件成功
2017-01-15T02:26:56: 读取文件成功
2017-01-15T02:27:06: 读取文件成功
2017-01-15T02:27:16: 读取文件成功
2017-01-15T02:27:26: 读取文件成功
2017-01-15T02:27:36: 读取文件成功
2017-01-15T02:27:46: 读取文件成功
2017-01-15T02:27:56: 读取文件成功
2017-01-15T02:28:06: 读取文件成功
2017-01-15T02:28:16: 读取文件成功
2017-01-15T02:28:26: 读取文件成功
2017-01-15T02:28:36: 读取文件成功
2017-01-15T02:28:46: 读取文件成功
2017-01-15T02:28:56: 读取文件成功
2017-01-15T02:29:06: 读取文件成功
2017-01-15T02:29:16: 读取文件成功
2017-01-15T02:29:26: 读取文件成功
2017-01-15T02:29:36: 读取文件成功
2017-01-15T02:29:46: 读取文件成功
2017-01-15T02:29:56: 读取文件成功
2017-01-15T02:30:06: 读取文件成功
2017-01-15T02:30:16: 读取文件成功
2017-01-15T02:30:26: 读取文件成功
2017-01-15T02:30:36: 读取文件成功
2017-01-15T02:30:46: 读取文件成功
2017-01-15T02:30:56: 读取文件成功
2017-01-15T02:31:06: 读取文件成功
2017-01-15T02:31:16: 读取文件成功
2017-01-15T02:31:26: 读取文件成功
2017-01-15T02:31:36: 读取文件成功
2017-01-15T02:31:46: 读取文件成功
2017-01-15T02:31:56: 读取文件成功
2017-01-15T02:32:06: 读取文件成功
2017-01-15T02:32:16: 读取文件成功
2017-01-15T02:32:26: 读取文件成功
2017-01-15T02:32:36: 读取文件成功
2017-01-15T02:32:46: 读取文件成功
2017-01-15T02:32:56: 读取文件成功
2017-01-15T02:33:06: 读取文件成功
2017-01-15T02:33:16: 读取文件成功
2017-01-15T02:33:26: 读取文件成功
2017-01-15T02:33:36: 读取文件成功
2017-01-15T02:33:46: 读取文件成功
2017-01-15T02:33:56: 读取文件成功
2017-01-15T02:34:06: 读取文件成功
2017-01-15T02:34:16: 读取文件成功
2017-01-15T02:34:26: 读取文件成功
2017-01-15T02:34:36: 读取文件成功
2017-01-15T02:34:46: 读取文件成功
2017-01-15T02:34:56: 读取文件成功
2017-01-15T02:35:06: 读取文件成功
2017-01-15T02:35:16: 读取文件成功
2017-01-15T02:35:26: 读取文件成功
2017-01-15T02:35:36: 读取文件成功
2017-01-15T02:35:46: 读取文件成功
2017-01-15T02:35:56: 读取文件成功
2017-01-15T02:36:06: 读取文件成功
2017-01-15T02:36:16: 读取文件成功
2017-01-15T02:36:27: 读取文件成功
2017-01-15T02:36:36: 读取文件成功
2017-01-15T02:36:46: 读取文件成功
2017-01-15T02:36:57: 读取文件成功
2017-01-15T02:37:07: 读取文件成功
2017-01-15T02:37:17: 读取文件成功
2017-01-15T02:37:27: 读取文件成功
2017-01-15T02:37:37: 读取文件成功
2017-01-15T02:37:47: 读取文件成功
2017-01-15T02:37:57: 读取文件成功
2017-01-15T02:38:07: 读取文件成功
2017-01-15T02:38:17: 读取文件成功
2017-01-15T02:38:27: 读取文件成功
2017-01-15T02:38:37: 读取文件成功
2017-01-15T02:38:47: 读取文件成功
2017-01-15T02:38:57: 读取文件成功
2017-01-15T02:39:07: 读取文件成功
2017-01-15T02:39:17: 读取文件成功
2017-01-15T02:39:27: 读取文件成功
2017-01-15T02:39:37: 读取文件成功
2017-01-15T02:39:47: 读取文件成功
2017-01-15T02:39:57: 读取文件成功
2017-01-15T02:40:07: 读取文件成功
2017-01-15T02:40:17: 读取文件成功
2017-01-15T02:40:27: 读取文件成功
2017-01-15T02:40:37: 读取文件成功
2017-01-15T02:40:47: 读取文件成功
2017-01-15T02:40:57: 读取文件成功
2017-01-15T02:41:07: 读取文件成功
2017-01-15T02:41:17: 读取文件成功
2017-01-15T02:41:27: 读取文件成功
2017-01-15T02:41:37: 读取文件成功
2017-01-15T02:41:47: 读取文件成功
2017-01-15T02:41:57: 读取文件成功
2017-01-15T02:42:07: 读取文件成功
2017-01-15T02:42:17: 读取文件成功
2017-01-15T02:42:27: 读取文件成功
2017-01-15T02:42:37: 读取文件成功
2017-01-15T02:42:47: 读取文件成功
2017-01-15T02:42:57: 读取文件成功
2017-01-15T02:43:07: 读取文件成功
2017-01-15T02:43:17: 读取文件成功
2017-01-15T02:43:27: 读取文件成功
2017-01-15T02:43:37: 读取文件成功
2017-01-15T02:43:47: 读取文件成功
2017-01-15T02:43:57: 读取文件成功
2017-01-15T02:44:07: 读取文件成功
2017-01-15T02:44:17: 读取文件成功
2017-01-15T02:44:27: 读取文件成功
2017-01-15T02:44:37: 读取文件成功
2017-01-15T02:44:47: 读取文件成功
2017-01-15T02:44:57: 读取文件成功
2017-01-15T02:45:07: 读取文件成功
2017-01-15T02:45:17: 读取文件成功
2017-01-15T02:45:27: 读取文件成功
2017-01-15T02:45:37: 读取文件成功
2017-01-15T02:45:47: 读取文件成功
2017-01-15T02:45:57: 读取文件成功
2017-01-15T02:46:07: 读取文件成功
2017-01-15T02:46:17: 读取文件成功
2017-01-15T02:46:27: 读取文件成功
2017-01-15T02:46:37: 读取文件成功
2017-01-15T02:46:47: 读取文件成功
2017-01-15T02:46:57: 读取文件成功
2017-01-15T02:47:07: 读取文件成功
2017-01-15T02:47:17: 读取文件成功
2017-01-15T02:47:27: 读取文件成功
2017-01-15T02:47:37: 读取文件成功
2017-01-15T02:47:47: 读取文件成功
2017-01-15T02:47:57: 读取文件成功
2017-01-15T02:48:07: 读取文件成功
2017-01-15T02:48:17: 读取文件成功
2017-01-15T02:48:27: 读取文件成功
2017-01-15T02:48:37: 读取文件成功
2017-01-15T02:48:47: 读取文件成功
2017-01-15T02:48:57: 读取文件成功
2017-01-15T02:49:07: 读取文件成功
2017-01-15T02:49:17: 读取文件成功
2017-01-15T02:49:27: 读取文件成功
2017-01-15T02:49:37: 读取文件成功
2017-01-15T02:49:47: 读取文件成功
2017-01-15T02:49:57: 读取文件成功
2017-01-15T02:50:07: 读取文件成功
2017-01-15T02:50:17: 读取文件成功
2017-01-15T02:50:27: 读取文件成功
2017-01-15T02:50:37: 读取文件成功
2017-01-15T02:50:47: 读取文件成功
2017-01-15T02:50:57: 读取文件成功
2017-01-15T02:51:07: 读取文件成功
2017-01-15T02:51:17: 读取文件成功
2017-01-15T02:51:28: 读取文件成功
2017-01-15T02:51:37: 读取文件成功
2017-01-15T02:51:47: 读取文件成功
2017-01-15T02:51:57: 读取文件成功
2017-01-15T02:52:07: 读取文件成功
2017-01-15T02:52:17: 读取文件成功
2017-01-15T02:52:27: 读取文件成功
2017-01-15T02:52:37: 读取文件成功
2017-01-15T02:52:47: 读取文件成功
2017-01-15T02:52:57: 读取文件成功
2017-01-15T02:53:07: 读取文件成功
2017-01-15T02:53:17: 读取文件成功
2017-01-15T02:53:27: 读取文件成功
2017-01-15T02:53:38: 读取文件成功
2017-01-15T02:53:47: 读取文件成功
2017-01-15T02:53:57: 读取文件成功
2017-01-15T02:54:08: 读取文件成功
2017-01-15T02:54:17: 读取文件成功
2017-01-15T02:54:27: 读取文件成功
2017-01-15T02:54:37: 读取文件成功
2017-01-15T02:54:48: 读取文件成功
2017-01-15T02:54:57: 读取文件成功
2017-01-15T02:55:08: 读取文件成功
2017-01-15T02:55:17: 读取文件成功
2017-01-15T02:55:27: 读取文件成功
2017-01-15T02:55:38: 读取文件成功
2017-01-15T02:55:48: 读取文件成功
2017-01-15T02:55:58: 读取文件成功
2017-01-15T02:56:08: 读取文件成功
2017-01-15T02:56:18: 读取文件成功
2017-01-15T02:56:28: 读取文件成功
2017-01-15T02:56:38: 读取文件成功
2017-01-15T02:56:48: 读取文件成功
2017-01-15T02:56:58: 读取文件成功
2017-01-15T02:57:08: 读取文件成功
2017-01-15T02:57:18: 读取文件成功
2017-01-15T02:57:28: 读取文件成功
2017-01-15T02:57:38: 读取文件成功
2017-01-15T02:57:48: 读取文件成功
2017-01-15T02:57:58: 读取文件成功
2017-01-15T02:58:08: 读取文件成功
2017-01-15T02:58:18: 读取文件成功
2017-01-15T02:58:28: 读取文件成功
2017-01-15T02:58:38: 读取文件成功
2017-01-15T02:58:48: 读取文件成功
2017-01-15T02:58:58: 读取文件成功
2017-01-15T02:59:08: 读取文件成功
2017-01-15T02:59:18: 读取文件成功
2017-01-15T02:59:28: 读取文件成功
2017-01-15T02:59:38: 读取文件成功
2017-01-15T02:59:48: 读取文件成功
2017-01-15T02:59:58: 读取文件成功
2017-01-15T03:00:08: 读取文件成功
2017-01-15T03:00:18: 读取文件成功
2017-01-15T03:00:28: 读取文件成功
2017-01-15T03:00:38: 读取文件成功
2017-01-15T03:00:48: 读取文件成功
2017-01-15T03:00:58: 读取文件成功
2017-01-15T03:01:08: 读取文件成功
2017-01-15T03:01:18: 读取文件成功
2017-01-15T03:01:28: 读取文件成功
2017-01-15T03:01:38: 读取文件成功
2017-01-15T03:01:48: 读取文件成功
2017-01-15T03:01:58: 读取文件成功
2017-01-15T03:02:08: 读取文件成功
2017-01-15T03:02:18: 读取文件成功
2017-01-15T03:02:28: 读取文件成功
2017-01-15T03:02:38: 读取文件成功
2017-01-15T03:02:48: 读取文件成功
2017-01-15T03:02:58: 读取文件成功
2017-01-15T03:03:08: 读取文件成功
2017-01-15T03:03:18: 读取文件成功
2017-01-15T03:03:28: 读取文件成功
2017-01-15T03:03:38: 读取文件成功
2017-01-15T03:03:48: 读取文件成功
2017-01-15T03:03:58: 读取文件成功
2017-01-15T03:04:08: 读取文件成功
2017-01-15T03:04:18: 读取文件成功
2017-01-15T03:04:28: 读取文件成功
2017-01-15T03:04:38: 读取文件成功
2017-01-15T03:04:48: 读取文件成功
2017-01-15T03:04:58: 读取文件成功
2017-01-15T03:05:08: 读取文件成功
2017-01-15T03:05:18: 读取文件成功
2017-01-15T03:05:28: 读取文件成功
2017-01-15T03:05:38: 读取文件成功
2017-01-15T03:05:48: 读取文件成功
2017-01-15T03:05:58: 读取文件成功
2017-01-15T03:06:08: 读取文件成功
2017-01-15T03:06:18: 读取文件成功
2017-01-15T03:06:28: 读取文件成功
2017-01-15T03:06:38: 读取文件成功
2017-01-15T03:06:48: 读取文件成功
2017-01-15T03:06:58: 读取文件成功
2017-01-15T03:07:08: 读取文件成功
2017-01-15T03:07:18: 读取文件成功
2017-01-15T03:07:28: 读取文件成功
2017-01-15T03:07:38: 读取文件成功
2017-01-15T03:07:48: 读取文件成功
2017-01-15T03:07:58: 读取文件成功
2017-01-15T03:08:08: 读取文件成功
2017-01-15T03:08:18: 读取文件成功
2017-01-15T03:08:28: 读取文件成功
2017-01-15T03:08:38: 读取文件成功
2017-01-15T03:08:48: 读取文件成功
2017-01-15T03:08:58: 读取文件成功
2017-01-15T03:09:08: 读取文件成功
2017-01-15T03:09:18: 读取文件成功
2017-01-15T03:09:28: 读取文件成功
2017-01-15T03:09:38: 读取文件成功
2017-01-15T03:09:48: 读取文件成功
2017-01-15T03:09:58: 读取文件成功
2017-01-15T03:10:08: 读取文件成功
2017-01-15T03:10:18: 读取文件成功
2017-01-15T03:10:28: 读取文件成功
2017-01-15T03:10:38: 读取文件成功
2017-01-15T03:10:48: 读取文件成功
2017-01-15T03:10:58: 读取文件成功
2017-01-15T03:11:08: 读取文件成功
2017-01-15T03:11:18: 读取文件成功
2017-01-15T03:11:28: 读取文件成功
2017-01-15T03:11:38: 读取文件成功
2017-01-15T03:11:48: 读取文件成功
2017-01-15T03:11:58: 读取文件成功
2017-01-15T03:12:08: 读取文件成功
2017-01-15T03:12:18: 读取文件成功
2017-01-15T03:12:28: 读取文件成功
2017-01-15T03:12:38: 读取文件成功
2017-01-15T03:12:48: 读取文件成功
2017-01-15T03:12:58: 读取文件成功
2017-01-15T03:13:08: 读取文件成功
2017-01-15T03:13:18: 读取文件成功
2017-01-15T03:13:28: 读取文件成功
2017-01-15T03:13:38: 读取文件成功
2017-01-15T03:13:48: 读取文件成功
2017-01-15T03:13:58: 读取文件成功
2017-01-15T03:14:09: 读取文件成功
2017-01-15T03:14:18: 读取文件成功
2017-01-15T03:14:28: 读取文件成功
2017-01-15T03:14:38: 读取文件成功
2017-01-15T03:14:48: 读取文件成功
2017-01-15T03:14:58: 读取文件成功
2017-01-15T03:15:09: 读取文件成功
2017-01-15T03:15:19: 读取文件成功
2017-01-15T03:15:28: 读取文件成功
2017-01-15T03:15:38: 读取文件成功
2017-01-15T03:15:49: 读取文件成功
2017-01-15T03:15:59: 读取文件成功
2017-01-15T03:16:09: 读取文件成功
2017-01-15T03:16:19: 读取文件成功
2017-01-15T03:16:29: 读取文件成功
2017-01-15T03:16:39: 读取文件成功
2017-01-15T03:16:49: 读取文件成功
2017-01-15T03:16:59: 读取文件成功
2017-01-15T03:17:09: 读取文件成功
2017-01-15T03:17:19: 读取文件成功
2017-01-15T03:17:29: 读取文件成功
2017-01-15T03:17:39: 读取文件成功
2017-01-15T03:17:49: 读取文件成功
2017-01-15T03:17:59: 读取文件成功
2017-01-15T03:18:09: 读取文件成功
2017-01-15T03:18:19: 读取文件成功
2017-01-15T03:18:29: 读取文件成功
2017-01-15T03:18:39: 读取文件成功
2017-01-15T03:18:49: 读取文件成功
2017-01-15T03:18:59: 读取文件成功
2017-01-15T03:19:09: 读取文件成功
2017-01-15T03:19:19: 读取文件成功
2017-01-15T03:19:29: 读取文件成功
2017-01-15T03:19:39: 读取文件成功
2017-01-15T03:19:49: 读取文件成功
2017-01-15T03:19:59: 读取文件成功
2017-01-15T03:20:09: 读取文件成功
2017-01-15T03:20:19: 读取文件成功
2017-01-15T03:20:29: 读取文件成功
2017-01-15T03:20:39: 读取文件成功
2017-01-15T03:20:49: 读取文件成功
2017-01-15T03:20:59: 读取文件成功
2017-01-15T03:21:09: 读取文件成功
2017-01-15T03:21:19: 读取文件成功
2017-01-15T03:21:29: 读取文件成功
2017-01-15T03:21:39: 读取文件成功
2017-01-15T03:21:49: 读取文件成功
2017-01-15T03:21:59: 读取文件成功
2017-01-15T03:22:09: 读取文件成功
2017-01-15T03:22:19: 读取文件成功
2017-01-15T03:22:29: 读取文件成功
2017-01-15T03:22:39: 读取文件成功
2017-01-15T03:22:49: 读取文件成功
2017-01-15T03:22:59: 读取文件成功
2017-01-15T03:23:09: 读取文件成功
2017-01-15T03:23:19: 读取文件成功
2017-01-15T03:23:29: 读取文件成功
2017-01-15T03:23:39: 读取文件成功
2017-01-15T03:23:49: 读取文件成功
2017-01-15T03:23:59: 读取文件成功
2017-01-15T03:24:09: 读取文件成功
2017-01-15T03:24:19: 读取文件成功
2017-01-15T03:24:29: 读取文件成功
2017-01-15T03:24:39: 读取文件成功
2017-01-15T03:24:49: 读取文件成功
2017-01-15T03:24:59: 读取文件成功
2017-01-15T03:25:09: 读取文件成功
2017-01-15T03:25:19: 读取文件成功
2017-01-15T03:25:29: 读取文件成功
2017-01-15T03:25:39: 读取文件成功
2017-01-15T03:25:49: 读取文件成功
2017-01-15T03:25:59: 读取文件成功
2017-01-15T03:26:09: 读取文件成功
2017-01-15T03:26:19: 读取文件成功
2017-01-15T03:26:29: 读取文件成功
2017-01-15T03:26:39: 读取文件成功
2017-01-15T03:26:49: 读取文件成功
2017-01-15T03:26:59: 读取文件成功
2017-01-15T03:27:09: 读取文件成功
2017-01-15T03:27:19: 读取文件成功
2017-01-15T03:27:29: 读取文件成功
2017-01-15T03:27:39: 读取文件成功
2017-01-15T03:27:49: 读取文件成功
2017-01-15T03:27:59: 读取文件成功
2017-01-15T03:28:09: 读取文件成功
2017-01-15T03:28:19: 读取文件成功
2017-01-15T03:28:29: 读取文件成功
2017-01-15T03:28:39: 读取文件成功
2017-01-15T03:28:49: 读取文件成功
2017-01-15T03:28:59: 读取文件成功
2017-01-15T03:29:09: 读取文件成功
2017-01-15T03:29:19: 读取文件成功
2017-01-15T03:29:29: 读取文件成功
2017-01-15T03:29:39: 读取文件成功
2017-01-15T03:29:49: 读取文件成功
2017-01-15T03:29:59: 读取文件成功
2017-01-15T03:30:09: 读取文件成功
2017-01-15T03:30:19: 读取文件成功
2017-01-15T03:30:29: 读取文件成功
2017-01-15T03:30:39: 读取文件成功
2017-01-15T03:30:49: 读取文件成功
2017-01-15T03:30:59: 读取文件成功
2017-01-15T03:31:09: 读取文件成功
2017-01-15T03:31:19: 读取文件成功
2017-01-15T03:31:29: 读取文件成功
2017-01-15T03:31:39: 读取文件成功
2017-01-15T03:31:49: 读取文件成功
2017-01-15T03:31:59: 读取文件成功
2017-01-15T03:32:09: 读取文件成功
2017-01-15T03:32:19: 读取文件成功
2017-01-15T03:32:29: 读取文件成功
2017-01-15T03:32:39: 读取文件成功
2017-01-15T03:32:49: 读取文件成功
2017-01-15T03:32:59: 读取文件成功
2017-01-15T03:33:09: 读取文件成功
2017-01-15T03:33:19: 读取文件成功
2017-01-15T03:33:29: 读取文件成功
2017-01-15T03:33:39: 读取文件成功
2017-01-15T03:33:49: 读取文件成功
2017-01-15T03:33:59: 读取文件成功
2017-01-15T03:34:09: 读取文件成功
2017-01-15T03:34:19: 读取文件成功
2017-01-15T03:34:30: 读取文件成功
2017-01-15T03:34:40: 读取文件成功
2017-01-15T03:34:50: 读取文件成功
2017-01-15T03:35:00: 读取文件成功
2017-01-15T03:35:10: 读取文件成功
2017-01-15T03:35:20: 读取文件成功
2017-01-15T03:35:30: 读取文件成功
2017-01-15T03:35:40: 读取文件成功
2017-01-15T03:35:50: 读取文件成功
2017-01-15T03:36:00: 读取文件成功
2017-01-15T03:36:10: 读取文件成功
2017-01-15T03:36:20: 读取文件成功
2017-01-15T03:36:30: 读取文件成功
2017-01-15T03:36:40: 读取文件成功
2017-01-15T03:36:50: 读取文件成功
2017-01-15T03:37:00: 读取文件成功
2017-01-15T03:37:10: 读取文件成功
2017-01-15T03:37:20: 读取文件成功
2017-01-15T03:37:30: 读取文件成功
2017-01-15T03:37:40: 读取文件成功
2017-01-15T03:37:50: 读取文件成功
2017-01-15T03:38:00: 读取文件成功
2017-01-15T03:38:10: 读取文件成功
2017-01-15T03:38:20: 读取文件成功
2017-01-15T03:38:30: 读取文件成功
2017-01-15T03:38:40: 读取文件成功
2017-01-15T03:38:50: 读取文件成功
2017-01-15T03:39:00: 读取文件成功
2017-01-15T03:39:10: 读取文件成功
2017-01-15T03:39:20: 读取文件成功
2017-01-15T03:39:30: 读取文件成功
2017-01-15T03:39:40: 读取文件成功
2017-01-15T03:39:50: 读取文件成功
2017-01-15T03:40:00: 读取文件成功
2017-01-15T03:40:10: 读取文件成功
2017-01-15T03:40:20: 读取文件成功
2017-01-15T03:40:30: 读取文件成功
2017-01-15T03:40:40: 读取文件成功
2017-01-15T03:40:50: 读取文件成功
2017-01-15T03:41:00: 读取文件成功
2017-01-15T03:41:10: 读取文件成功
2017-01-15T03:41:20: 读取文件成功
2017-01-15T03:41:30: 读取文件成功
2017-01-15T03:41:40: 读取文件成功
2017-01-15T03:41:50: 读取文件成功
2017-01-15T03:42:00: 读取文件成功
2017-01-15T03:42:10: 读取文件成功
2017-01-15T03:42:20: 读取文件成功
2017-01-15T03:42:30: 读取文件成功
2017-01-15T03:42:40: 读取文件成功
2017-01-15T03:42:50: 读取文件成功
2017-01-15T03:43:00: 读取文件成功
2017-01-15T03:43:10: 读取文件成功
2017-01-15T03:43:20: 读取文件成功
2017-01-15T03:43:30: 读取文件成功
2017-01-15T03:43:40: 读取文件成功
2017-01-15T03:43:50: 读取文件成功
2017-01-15T03:44:00: 读取文件成功
2017-01-15T03:44:10: 读取文件成功
2017-01-15T03:44:20: 读取文件成功
2017-01-15T03:44:30: 读取文件成功
2017-01-15T03:44:40: 读取文件成功
2017-01-15T03:44:50: 读取文件成功
2017-01-15T03:45:00: 读取文件成功
2017-01-15T03:45:10: 读取文件成功
2017-01-15T03:45:20: 读取文件成功
2017-01-15T03:45:30: 读取文件成功
2017-01-15T03:45:40: 读取文件成功
2017-01-15T03:45:50: 读取文件成功
2017-01-15T03:46:00: 读取文件成功
2017-01-15T03:46:10: 读取文件成功
2017-01-15T03:46:20: 读取文件成功
2017-01-15T03:46:30: 读取文件成功
2017-01-15T03:46:40: 读取文件成功
2017-01-15T03:46:50: 读取文件成功
2017-01-15T03:47:00: 读取文件成功
2017-01-15T03:47:10: 读取文件成功
2017-01-15T03:47:20: 读取文件成功
2017-01-15T03:47:30: 读取文件成功
2017-01-15T03:47:40: 读取文件成功
2017-01-15T03:47:50: 读取文件成功
2017-01-15T03:48:00: 读取文件成功
2017-01-15T03:48:10: 读取文件成功
2017-01-15T03:48:20: 读取文件成功
2017-01-15T03:48:30: 读取文件成功
2017-01-15T03:48:40: 读取文件成功
2017-01-15T03:48:50: 读取文件成功
2017-01-15T03:49:00: 读取文件成功
2017-01-15T03:49:10: 读取文件成功
2017-01-15T03:49:20: 读取文件成功
2017-01-15T03:49:30: 读取文件成功
2017-01-15T03:49:40: 读取文件成功
2017-01-15T03:49:50: 读取文件成功
2017-01-15T03:50:00: 读取文件成功
2017-01-15T03:50:10: 读取文件成功
2017-01-15T03:50:20: 读取文件成功
2017-01-15T03:50:30: 读取文件成功
2017-01-15T03:50:40: 读取文件成功
2017-01-15T03:50:50: 读取文件成功
2017-01-15T03:51:00: 读取文件成功
2017-01-15T03:51:10: 读取文件成功
2017-01-15T03:51:20: 读取文件成功
2017-01-15T03:51:30: 读取文件成功
2017-01-15T03:51:40: 读取文件成功
2017-01-15T03:51:50: 读取文件成功
2017-01-15T03:52:00: 读取文件成功
2017-01-15T03:52:10: 读取文件成功
2017-01-15T03:52:20: 读取文件成功
2017-01-15T03:52:30: 读取文件成功
2017-01-15T03:52:40: 读取文件成功
2017-01-15T03:52:53: 读取文件成功
2017-01-15T03:53:06: 读取文件成功
2017-01-15T03:53:12: 读取文件成功
2017-01-15T03:53:22: 读取文件成功
2017-01-15T03:53:32: 读取文件成功
2017-01-15T03:53:41: 读取文件成功
2017-01-15T03:53:51: 读取文件成功
2017-01-15T03:54:01: 读取文件成功
2017-01-15T03:54:11: 读取文件成功
2017-01-15T03:54:21: 读取文件成功
2017-01-15T03:54:31: 读取文件成功
2017-01-15T03:54:41: 读取文件成功
2017-01-15T03:54:51: 读取文件成功
2017-01-15T03:55:01: 读取文件成功
2017-01-15T03:55:11: 读取文件成功
2017-01-15T03:55:21: 读取文件成功
2017-01-15T03:55:31: 读取文件成功
2017-01-15T03:55:41: 读取文件成功
2017-01-15T03:55:51: 读取文件成功
2017-01-15T03:56:01: 读取文件成功
2017-01-15T03:56:11: 读取文件成功
2017-01-15T03:56:21: 读取文件成功
2017-01-15T03:56:31: 读取文件成功
2017-01-15T03:56:41: 读取文件成功
2017-01-15T03:56:51: 读取文件成功
2017-01-15T03:57:01: 读取文件成功
2017-01-15T03:57:11: 读取文件成功
2017-01-15T03:57:21: 读取文件成功
2017-01-15T03:57:31: 读取文件成功
2017-01-15T03:57:41: 读取文件成功
2017-01-15T03:57:51: 读取文件成功
2017-01-15T03:58:01: 读取文件成功
2017-01-15T03:58:11: 读取文件成功
2017-01-15T03:58:21: 读取文件成功
2017-01-15T03:58:31: 读取文件成功
2017-01-15T03:58:41: 读取文件成功
2017-01-15T03:58:51: 读取文件成功
2017-01-15T03:59:01: 读取文件成功
2017-01-15T03:59:11: 读取文件成功
2017-01-15T03:59:21: 读取文件成功
2017-01-15T03:59:31: 读取文件成功
2017-01-15T03:59:41: 读取文件成功
2017-01-15T03:59:51: 读取文件成功
2017-01-15T04:00:01: 读取文件成功
2017-01-15T04:00:11: 读取文件成功
2017-01-15T04:00:21: 读取文件成功
2017-01-15T04:00:31: 读取文件成功
2017-01-15T04:01:03: 读取文件成功
2017-01-15T04:01:09: 读取文件成功
2017-01-15T04:01:12: 读取文件成功
2017-01-15T04:01:12: 读取文件成功
2017-01-15T04:01:27: 读取文件成功
2017-01-15T04:01:35: 读取文件成功
2017-01-15T04:01:41: 读取文件成功
2017-01-15T04:01:51: 读取文件成功
2017-01-15T04:02:01: 读取文件成功
2017-01-15T04:02:11: 读取文件成功
2017-01-15T04:02:21: 读取文件成功
2017-01-15T04:02:31: 读取文件成功
2017-01-15T04:02:41: 读取文件成功
2017-01-15T04:02:51: 读取文件成功
2017-01-15T04:03:01: 读取文件成功
2017-01-15T04:03:11: 读取文件成功
2017-01-15T04:03:21: 读取文件成功
2017-01-15T04:03:31: 读取文件成功
2017-01-15T04:03:41: 读取文件成功
2017-01-15T04:03:51: 读取文件成功
2017-01-15T04:04:01: 读取文件成功
2017-01-15T04:04:11: 读取文件成功
2017-01-15T04:04:21: 读取文件成功
2017-01-15T04:04:31: 读取文件成功
2017-01-15T04:04:45: 读取文件成功
2017-01-15T04:04:51: 读取文件成功
2017-01-15T04:05:01: 读取文件成功
2017-01-15T04:05:11: 读取文件成功
2017-01-15T04:05:21: 读取文件成功
2017-01-15T04:05:31: 读取文件成功
2017-01-15T04:05:41: 读取文件成功
2017-01-15T04:05:51: 读取文件成功
2017-01-15T04:06:01: 读取文件成功
2017-01-15T04:06:11: 读取文件成功
2017-01-15T04:06:21: 读取文件成功
2017-01-15T04:06:31: 读取文件成功
2017-01-15T04:06:41: 读取文件成功
2017-01-15T04:06:51: 读取文件成功
2017-01-15T04:07:01: 读取文件成功
2017-01-15T04:07:11: 读取文件成功
2017-01-15T04:07:21: 读取文件成功
2017-01-15T04:07:31: 读取文件成功
2017-01-15T04:07:41: 读取文件成功
2017-01-15T04:07:51: 读取文件成功
2017-01-15T04:08:01: 读取文件成功
2017-01-15T04:08:11: 读取文件成功
2017-01-15T04:08:21: 读取文件成功
2017-01-15T04:08:31: 读取文件成功
2017-01-15T04:08:41: 读取文件成功
2017-01-15T04:08:51: 读取文件成功
2017-01-15T04:09:01: 读取文件成功
2017-01-15T04:09:11: 读取文件成功
2017-01-15T04:09:21: 读取文件成功
2017-01-15T04:09:31: 读取文件成功
2017-01-15T04:09:41: 读取文件成功
2017-01-15T04:09:51: 读取文件成功
2017-01-15T04:10:01: 读取文件成功
2017-01-15T04:10:11: 读取文件成功
2017-01-15T04:10:21: 读取文件成功
2017-01-15T04:10:32: 读取文件成功
2017-01-15T04:10:41: 读取文件成功
2017-01-15T04:10:51: 读取文件成功
2017-01-15T04:11:01: 读取文件成功
2017-01-15T04:11:11: 读取文件成功
2017-01-15T04:11:21: 读取文件成功
2017-01-15T04:11:31: 读取文件成功
2017-01-15T04:11:41: 读取文件成功
2017-01-15T04:11:52: 读取文件成功
2017-01-15T04:12:01: 读取文件成功
2017-01-15T04:12:12: 读取文件成功
2017-01-15T04:12:22: 读取文件成功
2017-01-15T04:12:32: 读取文件成功
2017-01-15T04:12:42: 读取文件成功
2017-01-15T04:12:52: 读取文件成功
2017-01-15T04:13:02: 读取文件成功
2017-01-15T04:13:12: 读取文件成功
2017-01-15T04:13:22: 读取文件成功
2017-01-15T04:13:32: 读取文件成功
2017-01-15T04:13:42: 读取文件成功
2017-01-15T04:13:52: 读取文件成功
2017-01-15T04:14:02: 读取文件成功
2017-01-15T04:14:12: 读取文件成功
2017-01-15T04:14:22: 读取文件成功
2017-01-15T04:14:32: 读取文件成功
2017-01-15T04:14:42: 读取文件成功
2017-01-15T04:14:52: 读取文件成功
2017-01-15T04:15:02: 读取文件成功
2017-01-15T04:15:12: 读取文件成功
2017-01-15T04:15:22: 读取文件成功
2017-01-15T04:15:32: 读取文件成功
2017-01-15T04:15:42: 读取文件成功
2017-01-15T04:15:52: 读取文件成功
2017-01-15T04:16:02: 读取文件成功
2017-01-15T04:16:12: 读取文件成功
2017-01-15T04:16:22: 读取文件成功
2017-01-15T04:16:32: 读取文件成功
2017-01-15T04:16:42: 读取文件成功
2017-01-15T04:16:52: 读取文件成功
2017-01-15T04:17:02: 读取文件成功
2017-01-15T04:17:12: 读取文件成功
2017-01-15T04:17:22: 读取文件成功
2017-01-15T04:17:32: 读取文件成功
2017-01-15T04:17:42: 读取文件成功
2017-01-15T04:17:52: 读取文件成功
2017-01-15T04:18:02: 读取文件成功
2017-01-15T04:18:12: 读取文件成功
2017-01-15T04:18:22: 读取文件成功
2017-01-15T04:18:32: 读取文件成功
2017-01-15T04:18:42: 读取文件成功
2017-01-15T04:18:52: 读取文件成功
2017-01-15T04:19:02: 读取文件成功
2017-01-15T04:19:12: 读取文件成功
2017-01-15T04:19:22: 读取文件成功
2017-01-15T04:19:32: 读取文件成功
2017-01-15T04:19:42: 读取文件成功
2017-01-15T04:19:52: 读取文件成功
2017-01-15T04:20:02: 读取文件成功
2017-01-15T04:20:12: 读取文件成功
2017-01-15T04:20:22: 读取文件成功
2017-01-15T04:20:32: 读取文件成功
2017-01-15T04:20:42: 读取文件成功
2017-01-15T04:20:52: 读取文件成功
2017-01-15T04:21:02: 读取文件成功
2017-01-15T04:21:12: 读取文件成功
2017-01-15T04:21:22: 读取文件成功
2017-01-15T04:21:32: 读取文件成功
2017-01-15T04:21:42: 读取文件成功
2017-01-15T04:21:52: 读取文件成功
2017-01-15T04:22:02: 读取文件成功
2017-01-15T04:22:12: 读取文件成功
2017-01-15T04:22:22: 读取文件成功
2017-01-15T04:22:32: 读取文件成功
2017-01-15T04:22:42: 读取文件成功
2017-01-15T04:22:52: 读取文件成功
2017-01-15T04:23:02: 读取文件成功
2017-01-15T04:23:12: 读取文件成功
2017-01-15T04:23:22: 读取文件成功
2017-01-15T04:23:32: 读取文件成功
2017-01-15T04:23:42: 读取文件成功
2017-01-15T04:23:52: 读取文件成功
2017-01-15T04:24:02: 读取文件成功
2017-01-15T04:24:12: 读取文件成功
2017-01-15T04:24:22: 读取文件成功
2017-01-15T04:24:32: 读取文件成功
2017-01-15T04:24:42: 读取文件成功
2017-01-15T04:24:52: 读取文件成功
2017-01-15T04:25:02: 读取文件成功
2017-01-15T04:25:12: 读取文件成功
2017-01-15T04:25:22: 读取文件成功
2017-01-15T04:25:32: 读取文件成功
2017-01-15T04:25:42: 读取文件成功
2017-01-15T04:25:52: 读取文件成功
2017-01-15T04:26:02: 读取文件成功
2017-01-15T04:26:12: 读取文件成功
2017-01-15T04:26:22: 读取文件成功
2017-01-15T04:26:32: 读取文件成功
2017-01-15T04:26:42: 读取文件成功
2017-01-15T04:26:52: 读取文件成功
2017-01-15T04:27:02: 读取文件成功
2017-01-15T04:27:12: 读取文件成功
2017-01-15T04:27:22: 读取文件成功
2017-01-15T04:27:32: 读取文件成功
2017-01-15T04:27:42: 读取文件成功
2017-01-15T04:27:52: 读取文件成功
2017-01-15T04:28:03: 读取文件成功
2017-01-15T04:28:12: 读取文件成功
2017-01-15T04:28:22: 读取文件成功
2017-01-15T04:28:33: 读取文件成功
2017-01-15T04:28:43: 读取文件成功
2017-01-15T04:28:53: 读取文件成功
2017-01-15T04:29:03: 读取文件成功
2017-01-15T04:29:13: 读取文件成功
