2017-08-25T00:00:29: 非记录时间：2017-08-25T00:00:29+08:00
2017-08-25T00:01:29: 非记录时间：2017-08-25T00:01:29+08:00
2017-08-25T00:02:29: 非记录时间：2017-08-25T00:02:29+08:00
2017-08-25T00:03:29: 非记录时间：2017-08-25T00:03:29+08:00
2017-08-25T00:04:29: 非记录时间：2017-08-25T00:04:29+08:00
2017-08-25T00:05:29: 非记录时间：2017-08-25T00:05:29+08:00
2017-08-25T00:06:29: 非记录时间：2017-08-25T00:06:29+08:00
2017-08-25T00:07:29: 非记录时间：2017-08-25T00:07:29+08:00
2017-08-25T00:08:29: 非记录时间：2017-08-25T00:08:29+08:00
2017-08-25T00:09:29: 非记录时间：2017-08-25T00:09:29+08:00
2017-08-25T00:10:29: 非记录时间：2017-08-25T00:10:29+08:00
2017-08-25T00:11:29: 非记录时间：2017-08-25T00:11:29+08:00
2017-08-25T00:12:29: 非记录时间：2017-08-25T00:12:29+08:00
2017-08-25T00:13:29: 非记录时间：2017-08-25T00:13:29+08:00
2017-08-25T00:14:29: 非记录时间：2017-08-25T00:14:29+08:00
2017-08-25T00:15:29: 非记录时间：2017-08-25T00:15:29+08:00
2017-08-25T00:16:29: 非记录时间：2017-08-25T00:16:29+08:00
2017-08-25T00:17:29: 非记录时间：2017-08-25T00:17:29+08:00
2017-08-25T00:18:29: 非记录时间：2017-08-25T00:18:29+08:00
2017-08-25T00:19:29: 非记录时间：2017-08-25T00:19:29+08:00
2017-08-25T00:20:29: 非记录时间：2017-08-25T00:20:29+08:00
2017-08-25T00:21:29: 非记录时间：2017-08-25T00:21:29+08:00
2017-08-25T00:22:29: 非记录时间：2017-08-25T00:22:29+08:00
2017-08-25T00:23:29: 非记录时间：2017-08-25T00:23:29+08:00
2017-08-25T00:24:29: 非记录时间：2017-08-25T00:24:29+08:00
2017-08-25T00:25:29: 非记录时间：2017-08-25T00:25:29+08:00
2017-08-25T00:26:29: 非记录时间：2017-08-25T00:26:29+08:00
2017-08-25T00:27:29: 非记录时间：2017-08-25T00:27:29+08:00
2017-08-25T00:28:29: 非记录时间：2017-08-25T00:28:29+08:00
2017-08-25T00:29:29: 非记录时间：2017-08-25T00:29:29+08:00
2017-08-25T00:30:29: 非记录时间：2017-08-25T00:30:29+08:00
2017-08-25T00:31:29: 非记录时间：2017-08-25T00:31:29+08:00
2017-08-25T00:32:29: 非记录时间：2017-08-25T00:32:29+08:00
2017-08-25T00:33:29: 非记录时间：2017-08-25T00:33:29+08:00
2017-08-25T00:34:29: 非记录时间：2017-08-25T00:34:29+08:00
2017-08-25T00:35:29: 非记录时间：2017-08-25T00:35:29+08:00
2017-08-25T00:36:29: 非记录时间：2017-08-25T00:36:29+08:00
2017-08-25T00:37:29: 非记录时间：2017-08-25T00:37:29+08:00
2017-08-25T00:38:29: 非记录时间：2017-08-25T00:38:29+08:00
2017-08-25T00:39:29: 非记录时间：2017-08-25T00:39:29+08:00
2017-08-25T00:40:29: 非记录时间：2017-08-25T00:40:29+08:00
2017-08-25T00:41:29: 非记录时间：2017-08-25T00:41:29+08:00
2017-08-25T00:42:29: 非记录时间：2017-08-25T00:42:29+08:00
2017-08-25T00:43:29: 非记录时间：2017-08-25T00:43:29+08:00
2017-08-25T00:44:29: 非记录时间：2017-08-25T00:44:29+08:00
2017-08-25T00:45:29: 非记录时间：2017-08-25T00:45:29+08:00
2017-08-25T00:46:29: 非记录时间：2017-08-25T00:46:29+08:00
2017-08-25T00:47:29: 非记录时间：2017-08-25T00:47:29+08:00
2017-08-25T00:48:29: 非记录时间：2017-08-25T00:48:29+08:00
2017-08-25T00:49:29: 非记录时间：2017-08-25T00:49:29+08:00
2017-08-25T00:50:29: 非记录时间：2017-08-25T00:50:29+08:00
2017-08-25T00:51:29: 非记录时间：2017-08-25T00:51:29+08:00
2017-08-25T00:52:29: 非记录时间：2017-08-25T00:52:29+08:00
2017-08-25T00:53:29: 非记录时间：2017-08-25T00:53:29+08:00
2017-08-25T00:54:29: 非记录时间：2017-08-25T00:54:29+08:00
2017-08-25T00:55:29: 非记录时间：2017-08-25T00:55:29+08:00
2017-08-25T00:56:29: 非记录时间：2017-08-25T00:56:29+08:00
2017-08-25T00:57:29: 非记录时间：2017-08-25T00:57:29+08:00
2017-08-25T00:58:29: 非记录时间：2017-08-25T00:58:29+08:00
2017-08-25T00:59:29: 非记录时间：2017-08-25T00:59:29+08:00
2017-08-25T01:00:29: 非记录时间：2017-08-25T01:00:29+08:00
2017-08-25T01:01:29: 非记录时间：2017-08-25T01:01:29+08:00
2017-08-25T01:02:29: 非记录时间：2017-08-25T01:02:29+08:00
2017-08-25T01:03:29: 非记录时间：2017-08-25T01:03:29+08:00
2017-08-25T01:04:29: 非记录时间：2017-08-25T01:04:29+08:00
2017-08-25T01:05:29: 非记录时间：2017-08-25T01:05:29+08:00
2017-08-25T01:06:29: 非记录时间：2017-08-25T01:06:29+08:00
2017-08-25T01:07:29: 非记录时间：2017-08-25T01:07:29+08:00
2017-08-25T01:08:29: 非记录时间：2017-08-25T01:08:29+08:00
2017-08-25T01:09:29: 非记录时间：2017-08-25T01:09:29+08:00
2017-08-25T01:10:29: 非记录时间：2017-08-25T01:10:29+08:00
2017-08-25T01:11:29: 读取文件失败，可能是该文件不存在
2017-08-25T01:11:29: Error: ENOENT: no such file or directory, open './data/2017-08-25.json'
2017-08-25T01:12:29: 读取文件成功
2017-08-25T01:13:29: 读取文件成功
2017-08-25T01:14:29: 读取文件成功
2017-08-25T01:15:29: 读取文件成功
2017-08-25T01:16:29: 读取文件成功
2017-08-25T01:17:29: 读取文件成功
2017-08-25T01:18:29: 读取文件成功
2017-08-25T01:19:29: 读取文件成功
2017-08-25T01:20:29: 读取文件成功
2017-08-25T01:21:29: 读取文件成功
2017-08-25T01:22:29: 读取文件成功
2017-08-25T01:23:29: 读取文件成功
2017-08-25T01:24:29: 读取文件成功
2017-08-25T01:25:29: 读取文件成功
2017-08-25T01:26:29: 读取文件成功
2017-08-25T01:27:29: 读取文件成功
2017-08-25T01:28:29: 读取文件成功
2017-08-25T01:29:29: 读取文件成功
2017-08-25T01:30:29: 读取文件成功
2017-08-25T01:31:29: 读取文件成功
2017-08-25T01:32:29: 读取文件成功
2017-08-25T01:33:29: 读取文件成功
2017-08-25T01:34:29: 读取文件成功
2017-08-25T01:35:29: 读取文件成功
2017-08-25T01:36:30: 读取文件成功
2017-08-25T01:37:29: 读取文件成功
2017-08-25T01:38:29: 读取文件成功
2017-08-25T01:39:29: 读取文件成功
2017-08-25T01:40:29: 读取文件成功
2017-08-25T01:41:29: 读取文件成功
2017-08-25T01:42:29: 读取文件成功
2017-08-25T01:43:29: 读取文件成功
2017-08-25T01:44:29: 读取文件成功
2017-08-25T01:45:29: 读取文件成功
2017-08-25T01:46:30: 读取文件成功
2017-08-25T01:47:30: 读取文件成功
2017-08-25T01:48:29: 读取文件成功
2017-08-25T01:49:29: 读取文件成功
2017-08-25T01:50:29: 读取文件成功
2017-08-25T01:51:29: 读取文件成功
2017-08-25T01:52:29: 读取文件成功
2017-08-25T01:53:30: 读取文件成功
2017-08-25T01:54:29: 读取文件成功
2017-08-25T01:55:30: 读取文件成功
2017-08-25T01:56:30: 读取文件成功
2017-08-25T01:57:29: 读取文件成功
2017-08-25T01:58:29: 读取文件成功
2017-08-25T01:59:30: 读取文件成功
2017-08-25T02:00:30: 读取文件成功
2017-08-25T02:01:30: 读取文件成功
2017-08-25T02:02:30: 读取文件成功
2017-08-25T02:03:30: 读取文件成功
2017-08-25T02:04:30: 读取文件成功
2017-08-25T02:05:30: 读取文件成功
2017-08-25T02:06:30: 读取文件成功
2017-08-25T02:07:30: 读取文件成功
2017-08-25T02:08:30: 读取文件成功
2017-08-25T02:09:30: 读取文件成功
2017-08-25T02:10:30: 读取文件成功
2017-08-25T02:11:30: 读取文件成功
2017-08-25T02:12:30: 读取文件成功
2017-08-25T02:13:30: 读取文件成功
2017-08-25T02:14:30: 读取文件成功
2017-08-25T02:15:30: 读取文件成功
2017-08-25T02:16:30: 读取文件成功
2017-08-25T02:17:30: 读取文件成功
2017-08-25T02:18:30: 读取文件成功
2017-08-25T02:19:30: 读取文件成功
2017-08-25T02:20:30: 读取文件成功
2017-08-25T02:21:30: 读取文件成功
2017-08-25T02:22:30: 读取文件成功
2017-08-25T02:23:30: 读取文件成功
2017-08-25T02:24:30: 读取文件成功
2017-08-25T02:25:30: 读取文件成功
2017-08-25T02:26:30: 读取文件成功
2017-08-25T02:27:30: 读取文件成功
2017-08-25T02:28:30: 读取文件成功
2017-08-25T02:29:30: 读取文件成功
2017-08-25T02:30:30: 读取文件成功
2017-08-25T02:31:30: 读取文件成功
2017-08-25T02:32:30: 读取文件成功
2017-08-25T02:33:30: 读取文件成功
2017-08-25T02:34:30: 读取文件成功
2017-08-25T02:35:30: 读取文件成功
2017-08-25T02:36:30: 读取文件成功
2017-08-25T02:37:30: 读取文件成功
2017-08-25T02:38:30: 读取文件成功
2017-08-25T02:39:30: 读取文件成功
2017-08-25T02:40:30: 读取文件成功
2017-08-25T02:41:30: 读取文件成功
2017-08-25T02:42:30: 读取文件成功
2017-08-25T02:43:30: 读取文件成功
2017-08-25T02:44:30: 读取文件成功
2017-08-25T02:45:30: 读取文件成功
2017-08-25T02:46:30: 读取文件成功
2017-08-25T02:47:30: 读取文件成功
2017-08-25T02:48:30: 读取文件成功
2017-08-25T02:49:30: 读取文件成功
2017-08-25T02:50:30: 读取文件成功
2017-08-25T02:51:30: 读取文件成功
2017-08-25T02:52:30: 读取文件成功
2017-08-25T02:53:30: 读取文件成功
2017-08-25T02:54:30: 读取文件成功
2017-08-25T02:55:30: 读取文件成功
2017-08-25T02:56:30: 读取文件成功
2017-08-25T02:57:30: 读取文件成功
2017-08-25T02:58:30: 读取文件成功
2017-08-25T02:59:30: 读取文件成功
2017-08-25T03:00:30: 读取文件成功
2017-08-25T03:01:30: 读取文件成功
2017-08-25T03:02:30: 读取文件成功
2017-08-25T03:03:30: 读取文件成功
2017-08-25T03:04:30: 读取文件成功
2017-08-25T03:05:30: 读取文件成功
2017-08-25T03:06:30: 读取文件成功
2017-08-25T03:07:30: 读取文件成功
2017-08-25T03:08:30: 读取文件成功
2017-08-25T03:09:30: 读取文件成功
2017-08-25T03:10:30: 读取文件成功
2017-08-25T03:11:30: 读取文件成功
2017-08-25T03:12:30: 读取文件成功
2017-08-25T03:13:30: 读取文件成功
2017-08-25T03:14:30: 读取文件成功
2017-08-25T03:15:30: 读取文件成功
2017-08-25T03:16:30: 读取文件成功
2017-08-25T03:17:30: 读取文件成功
2017-08-25T03:18:30: 读取文件成功
2017-08-25T03:19:30: 读取文件成功
2017-08-25T03:20:30: 读取文件成功
2017-08-25T03:21:30: 读取文件成功
2017-08-25T03:22:31: 读取文件成功
2017-08-25T03:23:30: 读取文件成功
2017-08-25T03:24:30: 读取文件成功
2017-08-25T03:25:30: 读取文件成功
2017-08-25T03:26:30: 读取文件成功
2017-08-25T03:27:30: 读取文件成功
2017-08-25T03:28:31: 读取文件成功
2017-08-25T03:29:30: 读取文件成功
2017-08-25T03:30:30: 读取文件成功
2017-08-25T03:31:31: 读取文件成功
2017-08-25T03:32:31: 读取文件成功
2017-08-25T03:33:31: 读取文件成功
2017-08-25T03:34:31: 读取文件成功
2017-08-25T03:35:31: 读取文件成功
2017-08-25T03:36:31: 读取文件成功
2017-08-25T03:37:31: 读取文件成功
2017-08-25T03:38:31: 读取文件成功
2017-08-25T03:39:31: 读取文件成功
2017-08-25T03:40:31: 读取文件成功
2017-08-25T03:41:31: 读取文件成功
2017-08-25T03:42:31: 读取文件成功
2017-08-25T03:43:31: 读取文件成功
2017-08-25T03:44:31: 读取文件成功
2017-08-25T03:45:31: 读取文件成功
2017-08-25T03:46:31: 读取文件成功
2017-08-25T03:47:31: 读取文件成功
2017-08-25T03:48:31: 读取文件成功
2017-08-25T03:49:31: 读取文件成功
2017-08-25T03:50:31: 读取文件成功
2017-08-25T03:51:31: 读取文件成功
2017-08-25T03:52:31: 读取文件成功
2017-08-25T03:53:31: 读取文件成功
2017-08-25T03:54:31: 读取文件成功
2017-08-25T03:55:31: 读取文件成功
2017-08-25T03:56:31: 读取文件成功
2017-08-25T03:57:31: 读取文件成功
2017-08-25T03:58:31: 读取文件成功
2017-08-25T03:59:31: 读取文件成功
2017-08-25T04:00:31: 读取文件成功
2017-08-25T04:01:31: 读取文件成功
2017-08-25T04:02:31: 读取文件成功
2017-08-25T04:03:31: 读取文件成功
2017-08-25T04:04:31: 读取文件成功
2017-08-25T04:05:31: 读取文件成功
2017-08-25T04:06:31: 读取文件成功
2017-08-25T04:07:31: 读取文件成功
2017-08-25T04:08:31: 读取文件成功
2017-08-25T04:09:31: 读取文件成功
2017-08-25T04:10:31: 读取文件成功
2017-08-25T04:11:31: 读取文件成功
2017-08-25T04:12:31: 读取文件成功
2017-08-25T04:13:31: 读取文件成功
2017-08-25T04:14:31: 读取文件成功
2017-08-25T04:15:31: 读取文件成功
2017-08-25T04:16:31: 读取文件成功
2017-08-25T04:17:31: 读取文件成功
2017-08-25T04:18:31: 读取文件成功
2017-08-25T04:19:31: 读取文件成功
2017-08-25T04:20:31: 读取文件成功
2017-08-25T04:21:31: 读取文件成功
2017-08-25T04:22:31: 读取文件成功
2017-08-25T04:23:31: 读取文件成功
2017-08-25T04:24:31: 读取文件成功
2017-08-25T04:25:31: 读取文件成功
2017-08-25T04:26:31: 读取文件成功
2017-08-25T04:27:31: 读取文件成功
2017-08-25T04:28:31: 读取文件成功
2017-08-25T04:29:31: 读取文件成功
2017-08-25T04:30:31: 读取文件成功
2017-08-25T04:31:31: 读取文件成功
2017-08-25T04:32:31: 读取文件成功
2017-08-25T04:33:31: 读取文件成功
2017-08-25T04:34:31: 读取文件成功
2017-08-25T04:35:31: 读取文件成功
2017-08-25T04:36:31: 读取文件成功
2017-08-25T04:37:31: 读取文件成功
2017-08-25T04:38:31: 读取文件成功
2017-08-25T04:39:31: 读取文件成功
2017-08-25T04:40:31: 读取文件成功
2017-08-25T04:41:31: 读取文件成功
2017-08-25T04:42:31: 读取文件成功
2017-08-25T04:43:31: 读取文件成功
2017-08-25T04:44:31: 读取文件成功
2017-08-25T04:45:31: 读取文件成功
2017-08-25T04:46:31: 读取文件成功
2017-08-25T04:47:31: 读取文件成功
2017-08-25T04:48:31: 读取文件成功
2017-08-25T04:49:31: 读取文件成功
2017-08-25T04:50:31: 读取文件成功
2017-08-25T04:51:31: 读取文件成功
2017-08-25T04:52:31: 读取文件成功
2017-08-25T04:53:31: 读取文件成功
2017-08-25T04:54:31: 读取文件成功
2017-08-25T04:55:31: 读取文件成功
2017-08-25T04:56:31: 读取文件成功
2017-08-25T04:57:31: 读取文件成功
2017-08-25T04:58:31: 读取文件成功
2017-08-25T04:59:31: 读取文件成功
2017-08-25T05:00:31: 读取文件成功
2017-08-25T05:01:31: 读取文件成功
2017-08-25T05:02:31: 读取文件成功
2017-08-25T05:03:32: 读取文件成功
2017-08-25T05:04:31: 读取文件成功
2017-08-25T05:05:31: 读取文件成功
2017-08-25T05:06:32: 读取文件成功
2017-08-25T05:07:31: 读取文件成功
2017-08-25T05:08:31: 读取文件成功
2017-08-25T05:09:32: 读取文件成功
2017-08-25T05:10:32: 读取文件成功
2017-08-25T05:11:32: 读取文件成功
2017-08-25T05:12:32: 读取文件成功
2017-08-25T05:13:32: 读取文件成功
2017-08-25T05:14:32: 读取文件成功
2017-08-25T05:15:32: 读取文件成功
2017-08-25T05:16:32: 读取文件成功
2017-08-25T05:17:32: 读取文件成功
2017-08-25T05:18:32: 读取文件成功
2017-08-25T05:19:32: 读取文件成功
2017-08-25T05:20:32: 读取文件成功
2017-08-25T05:21:32: 读取文件成功
2017-08-25T05:22:32: 读取文件成功
2017-08-25T05:23:32: 读取文件成功
2017-08-25T05:24:32: 读取文件成功
2017-08-25T05:25:32: 读取文件成功
2017-08-25T05:26:32: 读取文件成功
2017-08-25T05:27:32: 读取文件成功
2017-08-25T05:28:32: 读取文件成功
2017-08-25T05:29:32: 读取文件成功
2017-08-25T05:30:32: 读取文件成功
2017-08-25T05:31:32: 读取文件成功
2017-08-25T05:32:32: 读取文件成功
2017-08-25T05:33:32: 读取文件成功
2017-08-25T05:34:32: 读取文件成功
2017-08-25T05:35:32: 读取文件成功
2017-08-25T05:36:32: 读取文件成功
2017-08-25T05:37:32: 读取文件成功
2017-08-25T05:38:32: 读取文件成功
2017-08-25T05:39:32: 读取文件成功
2017-08-25T05:40:32: 读取文件成功
2017-08-25T05:41:32: 读取文件成功
2017-08-25T05:42:32: 读取文件成功
2017-08-25T05:43:32: 读取文件成功
2017-08-25T05:44:32: 读取文件成功
2017-08-25T05:45:32: 读取文件成功
2017-08-25T05:46:32: 读取文件成功
2017-08-25T05:47:32: 读取文件成功
2017-08-25T05:48:32: 读取文件成功
2017-08-25T05:49:32: 读取文件成功
2017-08-25T05:50:32: 读取文件成功
2017-08-25T05:51:32: 读取文件成功
2017-08-25T05:52:32: 读取文件成功
2017-08-25T05:53:32: 读取文件成功
2017-08-25T05:54:32: 读取文件成功
2017-08-25T05:55:32: 读取文件成功
2017-08-25T05:56:32: 读取文件成功
2017-08-25T05:57:32: 读取文件成功
2017-08-25T05:58:32: 读取文件成功
2017-08-25T05:59:32: 读取文件成功
2017-08-25T06:00:32: 读取文件成功
2017-08-25T06:01:32: 读取文件成功
2017-08-25T06:02:32: 读取文件成功
2017-08-25T06:03:32: 读取文件成功
2017-08-25T06:04:32: 读取文件成功
2017-08-25T06:05:32: 读取文件成功
2017-08-25T06:06:32: 读取文件成功
2017-08-25T06:07:32: 读取文件成功
2017-08-25T06:08:32: 读取文件成功
2017-08-25T06:09:32: 读取文件成功
2017-08-25T06:10:32: 读取文件成功
2017-08-25T06:11:32: 读取文件成功
2017-08-25T06:12:32: 读取文件成功
2017-08-25T06:13:32: 读取文件成功
2017-08-25T06:14:32: 读取文件成功
2017-08-25T06:15:32: 读取文件成功
2017-08-25T06:16:32: 读取文件成功
2017-08-25T06:17:32: 读取文件成功
2017-08-25T06:18:32: 读取文件成功
2017-08-25T06:19:32: 读取文件成功
2017-08-25T06:20:32: 读取文件成功
2017-08-25T06:21:32: 读取文件成功
2017-08-25T06:22:32: 读取文件成功
2017-08-25T06:23:32: 读取文件成功
2017-08-25T06:24:32: 读取文件成功
2017-08-25T06:25:32: 读取文件成功
2017-08-25T06:26:32: 读取文件成功
2017-08-25T06:27:32: 读取文件成功
2017-08-25T06:28:32: 读取文件成功
2017-08-25T06:29:32: 读取文件成功
2017-08-25T06:30:32: 读取文件成功
2017-08-25T06:31:32: 读取文件成功
2017-08-25T06:32:32: 读取文件成功
2017-08-25T06:33:32: 读取文件成功
2017-08-25T06:34:32: 读取文件成功
2017-08-25T06:35:32: 读取文件成功
2017-08-25T06:36:32: 读取文件成功
2017-08-25T06:37:32: 读取文件成功
2017-08-25T06:38:33: 读取文件成功
2017-08-25T06:39:32: 读取文件成功
2017-08-25T06:40:32: 读取文件成功
2017-08-25T06:41:32: 读取文件成功
2017-08-25T06:42:32: 读取文件成功
2017-08-25T06:43:32: 读取文件成功
2017-08-25T06:44:33: 读取文件成功
2017-08-25T06:45:32: 读取文件成功
2017-08-25T06:46:32: 读取文件成功
2017-08-25T06:47:33: 读取文件成功
2017-08-25T06:48:33: 读取文件成功
2017-08-25T06:49:33: 读取文件成功
2017-08-25T06:50:33: 读取文件成功
2017-08-25T06:51:33: 读取文件成功
2017-08-25T06:52:33: 读取文件成功
2017-08-25T06:53:33: 读取文件成功
2017-08-25T06:54:33: 读取文件成功
2017-08-25T06:55:33: 读取文件成功
2017-08-25T06:56:33: 读取文件成功
2017-08-25T06:57:33: 读取文件成功
2017-08-25T06:58:33: 读取文件成功
2017-08-25T06:59:33: 读取文件成功
2017-08-25T07:00:33: 读取文件成功
2017-08-25T07:01:33: 读取文件成功
2017-08-25T07:02:33: 读取文件成功
2017-08-25T07:03:33: 读取文件成功
2017-08-25T07:04:33: 读取文件成功
2017-08-25T07:05:33: 读取文件成功
2017-08-25T07:06:33: 读取文件成功
2017-08-25T07:07:33: 读取文件成功
2017-08-25T07:08:33: 读取文件成功
2017-08-25T07:09:33: 读取文件成功
2017-08-25T07:10:33: 读取文件成功
2017-08-25T07:11:33: 读取文件成功
2017-08-25T07:12:33: 读取文件成功
2017-08-25T07:13:33: 读取文件成功
2017-08-25T07:14:33: 读取文件成功
2017-08-25T07:15:33: 读取文件成功
2017-08-25T07:16:33: 读取文件成功
2017-08-25T07:17:33: 读取文件成功
2017-08-25T07:18:33: 读取文件成功
2017-08-25T07:19:33: 读取文件成功
2017-08-25T07:20:33: 读取文件成功
2017-08-25T07:21:33: 读取文件成功
2017-08-25T07:22:33: 读取文件成功
2017-08-25T07:23:33: 读取文件成功
2017-08-25T07:24:33: 读取文件成功
2017-08-25T07:25:33: 读取文件成功
2017-08-25T07:26:33: 读取文件成功
2017-08-25T07:27:33: 读取文件成功
2017-08-25T07:28:33: 读取文件成功
2017-08-25T07:29:33: 读取文件成功
2017-08-25T07:30:33: 读取文件成功
2017-08-25T07:31:33: 读取文件成功
2017-08-25T07:32:33: 读取文件成功
2017-08-25T07:33:33: 读取文件成功
2017-08-25T07:34:33: 读取文件成功
2017-08-25T07:35:33: 读取文件成功
2017-08-25T07:36:33: 读取文件成功
2017-08-25T07:37:33: 读取文件成功
2017-08-25T07:38:33: 读取文件成功
2017-08-25T07:39:33: 读取文件成功
2017-08-25T07:40:33: 读取文件成功
2017-08-25T07:41:33: 读取文件成功
2017-08-25T07:42:33: 读取文件成功
2017-08-25T07:43:33: 读取文件成功
2017-08-25T07:44:33: 读取文件成功
2017-08-25T07:45:33: 读取文件成功
2017-08-25T07:46:33: 读取文件成功
2017-08-25T07:47:33: 读取文件成功
2017-08-25T07:48:33: 读取文件成功
2017-08-25T07:49:33: 读取文件成功
2017-08-25T07:50:33: 读取文件成功
2017-08-25T07:51:33: 读取文件成功
2017-08-25T07:52:33: 读取文件成功
2017-08-25T07:53:33: 读取文件成功
2017-08-25T07:54:33: 读取文件成功
2017-08-25T07:55:33: 读取文件成功
2017-08-25T07:56:33: 读取文件成功
2017-08-25T07:57:33: 读取文件成功
2017-08-25T07:58:33: 读取文件成功
2017-08-25T07:59:33: 读取文件成功
2017-08-25T08:00:33: 读取文件成功
2017-08-25T08:01:33: 读取文件成功
2017-08-25T08:02:33: 读取文件成功
2017-08-25T08:03:33: 读取文件成功
2017-08-25T08:04:33: 读取文件成功
2017-08-25T08:05:33: 读取文件成功
2017-08-25T08:06:33: 读取文件成功
2017-08-25T08:07:33: 读取文件成功
2017-08-25T08:08:33: 读取文件成功
2017-08-25T08:09:33: 读取文件成功
2017-08-25T08:10:33: 读取文件成功
2017-08-25T08:11:33: 读取文件成功
2017-08-25T08:12:33: 读取文件成功
2017-08-25T08:13:33: 读取文件成功
2017-08-25T08:14:33: 读取文件成功
2017-08-25T08:15:33: 读取文件成功
2017-08-25T08:16:33: 读取文件成功
2017-08-25T08:17:33: 读取文件成功
2017-08-25T08:18:33: 读取文件成功
2017-08-25T08:19:34: 读取文件成功
2017-08-25T08:20:34: 读取文件成功
2017-08-25T08:21:33: 读取文件成功
2017-08-25T08:22:33: 读取文件成功
2017-08-25T08:23:34: 读取文件成功
2017-08-25T08:24:34: 读取文件成功
2017-08-25T08:25:34: 读取文件成功
2017-08-25T08:26:34: 读取文件成功
2017-08-25T08:27:34: 读取文件成功
2017-08-25T08:28:34: 读取文件成功
2017-08-25T08:29:34: 读取文件成功
2017-08-25T08:30:34: 读取文件成功
2017-08-25T08:31:34: 读取文件成功
2017-08-25T08:32:34: 读取文件成功
2017-08-25T08:33:34: 读取文件成功
2017-08-25T08:34:34: 读取文件成功
2017-08-25T08:35:34: 读取文件成功
2017-08-25T08:36:34: 读取文件成功
2017-08-25T08:37:34: 读取文件成功
2017-08-25T08:38:34: 读取文件成功
2017-08-25T08:39:34: 读取文件成功
2017-08-25T08:40:34: 读取文件成功
2017-08-25T08:41:34: 读取文件成功
2017-08-25T08:42:34: 读取文件成功
2017-08-25T08:43:34: 读取文件成功
2017-08-25T08:44:34: 读取文件成功
2017-08-25T08:45:34: 读取文件成功
2017-08-25T08:46:34: 读取文件成功
2017-08-25T08:47:34: 读取文件成功
2017-08-25T08:48:35: 读取文件成功
2017-08-25T08:49:34: 读取文件成功
2017-08-25T08:50:34: 读取文件成功
2017-08-25T08:51:34: 读取文件成功
2017-08-25T08:52:34: 读取文件成功
2017-08-25T08:53:34: 读取文件成功
2017-08-25T08:54:34: 读取文件成功
2017-08-25T08:55:34: 读取文件成功
2017-08-25T08:56:34: 读取文件成功
2017-08-25T08:57:34: 读取文件成功
2017-08-25T08:58:34: 读取文件成功
2017-08-25T08:59:34: 读取文件成功
2017-08-25T09:00:34: 读取文件成功
2017-08-25T09:01:34: 读取文件成功
2017-08-25T09:02:34: 读取文件成功
2017-08-25T09:03:34: 读取文件成功
2017-08-25T09:04:34: 读取文件成功
2017-08-25T09:05:34: 读取文件成功
2017-08-25T09:06:34: 读取文件成功
2017-08-25T09:07:34: 读取文件成功
2017-08-25T09:08:34: 读取文件成功
2017-08-25T09:09:34: 读取文件成功
2017-08-25T09:10:34: 读取文件成功
2017-08-25T09:11:34: 读取文件成功
2017-08-25T09:12:34: 读取文件成功
2017-08-25T09:13:34: 读取文件成功
2017-08-25T09:14:34: 读取文件成功
2017-08-25T09:15:34: 读取文件成功
2017-08-25T09:16:34: 读取文件成功
2017-08-25T09:17:34: 读取文件成功
2017-08-25T09:18:34: 读取文件成功
2017-08-25T09:19:34: 读取文件成功
2017-08-25T09:20:34: 读取文件成功
2017-08-25T09:21:34: 读取文件成功
2017-08-25T09:22:34: 读取文件成功
2017-08-25T09:23:34: 读取文件成功
2017-08-25T09:24:34: 读取文件成功
2017-08-25T09:25:34: 读取文件成功
2017-08-25T09:26:35: 读取文件成功
2017-08-25T09:27:34: 读取文件成功
2017-08-25T09:28:34: 读取文件成功
2017-08-25T09:29:34: 读取文件成功
2017-08-25T09:30:34: 读取文件成功
2017-08-25T09:31:34: 读取文件成功
2017-08-25T09:32:34: 读取文件成功
2017-08-25T09:33:34: 读取文件成功
2017-08-25T09:34:34: 读取文件成功
2017-08-25T09:35:34: 读取文件成功
2017-08-25T09:36:34: 读取文件成功
2017-08-25T09:37:34: 读取文件成功
2017-08-25T09:38:34: 读取文件成功
2017-08-25T09:39:34: 读取文件成功
2017-08-25T09:40:34: 读取文件成功
2017-08-25T09:41:34: 读取文件成功
2017-08-25T09:42:35: 读取文件成功
2017-08-25T09:43:34: 读取文件成功
2017-08-25T09:44:35: 读取文件成功
2017-08-25T09:45:34: 读取文件成功
2017-08-25T09:46:34: 读取文件成功
2017-08-25T09:47:34: 读取文件成功
2017-08-25T09:48:35: 读取文件成功
2017-08-25T09:49:34: 读取文件成功
2017-08-25T09:50:34: 读取文件成功
2017-08-25T09:51:34: 读取文件成功
2017-08-25T09:52:35: 读取文件成功
2017-08-25T09:53:35: 读取文件成功
2017-08-25T09:54:35: 读取文件成功
2017-08-25T09:55:35: 读取文件成功
2017-08-25T09:56:35: 读取文件成功
2017-08-25T09:57:35: 读取文件成功
2017-08-25T09:58:35: 读取文件成功
2017-08-25T09:59:35: 读取文件成功
2017-08-25T10:00:35: 读取文件成功
2017-08-25T10:01:35: 读取文件成功
2017-08-25T10:02:35: 读取文件成功
2017-08-25T10:03:35: 读取文件成功
2017-08-25T10:04:35: 读取文件成功
2017-08-25T10:05:35: 读取文件成功
2017-08-25T10:06:35: 读取文件成功
2017-08-25T10:07:35: 读取文件成功
2017-08-25T10:08:35: 读取文件成功
2017-08-25T10:09:35: 读取文件成功
2017-08-25T10:10:35: 读取文件成功
2017-08-25T10:11:35: 读取文件成功
2017-08-25T10:12:35: 读取文件成功
2017-08-25T10:13:35: 读取文件成功
2017-08-25T10:14:35: 读取文件成功
2017-08-25T10:15:35: 读取文件成功
2017-08-25T10:16:35: 读取文件成功
2017-08-25T10:17:35: 读取文件成功
2017-08-25T10:18:35: 读取文件成功
2017-08-25T10:19:35: 读取文件成功
2017-08-25T10:20:35: 读取文件成功
2017-08-25T10:21:35: 读取文件成功
2017-08-25T10:22:35: 读取文件成功
2017-08-25T10:23:35: 读取文件成功
2017-08-25T10:24:35: 读取文件成功
2017-08-25T10:25:35: 读取文件成功
2017-08-25T10:26:35: 读取文件成功
2017-08-25T10:27:35: 读取文件成功
2017-08-25T10:28:35: 读取文件成功
2017-08-25T10:29:35: 读取文件成功
2017-08-25T10:30:35: 读取文件成功
2017-08-25T10:31:35: 读取文件成功
2017-08-25T10:32:35: 读取文件成功
2017-08-25T10:33:35: 读取文件成功
2017-08-25T10:34:35: 读取文件成功
2017-08-25T10:35:35: 读取文件成功
2017-08-25T10:36:35: 读取文件成功
2017-08-25T10:37:35: 读取文件成功
2017-08-25T10:38:35: 读取文件成功
2017-08-25T10:39:35: 读取文件成功
2017-08-25T10:40:35: 读取文件成功
2017-08-25T10:41:35: 读取文件成功
2017-08-25T10:42:35: 读取文件成功
2017-08-25T10:43:35: 读取文件成功
2017-08-25T10:44:35: 读取文件成功
2017-08-25T10:45:35: 读取文件成功
2017-08-25T10:46:35: 读取文件成功
2017-08-25T10:47:35: 读取文件成功
2017-08-25T10:48:35: 读取文件成功
2017-08-25T10:49:35: 读取文件成功
2017-08-25T10:50:35: 读取文件成功
2017-08-25T10:51:35: 读取文件成功
2017-08-25T10:52:35: 读取文件成功
2017-08-25T10:53:35: 读取文件成功
2017-08-25T10:54:35: 读取文件成功
2017-08-25T10:55:35: 读取文件成功
2017-08-25T10:56:35: 读取文件成功
2017-08-25T10:57:35: 读取文件成功
2017-08-25T10:58:35: 读取文件成功
2017-08-25T10:59:35: 读取文件成功
2017-08-25T11:00:35: 读取文件成功
2017-08-25T11:01:35: 读取文件成功
2017-08-25T11:02:35: 读取文件成功
2017-08-25T11:03:35: 读取文件成功
2017-08-25T11:04:35: 读取文件成功
2017-08-25T11:05:35: 读取文件成功
2017-08-25T11:06:35: 读取文件成功
2017-08-25T11:07:35: 读取文件成功
2017-08-25T11:08:35: 读取文件成功
2017-08-25T11:09:35: 读取文件成功
2017-08-25T11:10:35: 读取文件成功
2017-08-25T11:11:35: 读取文件成功
2017-08-25T11:12:35: 读取文件成功
2017-08-25T11:13:35: 读取文件成功
2017-08-25T11:14:35: 读取文件成功
2017-08-25T11:15:35: 读取文件成功
2017-08-25T11:16:35: 读取文件成功
2017-08-25T11:17:35: 读取文件成功
2017-08-25T11:18:35: 读取文件成功
2017-08-25T11:19:35: 读取文件成功
2017-08-25T11:20:35: 读取文件成功
2017-08-25T11:21:35: 读取文件成功
2017-08-25T11:22:35: 读取文件成功
2017-08-25T11:23:36: 读取文件成功
2017-08-25T11:24:35: 读取文件成功
2017-08-25T11:25:35: 读取文件成功
2017-08-25T11:26:35: 读取文件成功
2017-08-25T11:27:35: 读取文件成功
2017-08-25T11:28:35: 读取文件成功
2017-08-25T11:29:36: 读取文件成功
2017-08-25T11:30:35: 读取文件成功
2017-08-25T11:31:35: 读取文件成功
2017-08-25T11:32:36: 读取文件成功
2017-08-25T11:33:35: 读取文件成功
2017-08-25T11:34:36: 读取文件成功
2017-08-25T11:35:36: 读取文件成功
2017-08-25T11:36:36: 读取文件成功
2017-08-25T11:37:36: 读取文件成功
2017-08-25T11:38:36: 读取文件成功
2017-08-25T11:39:36: 读取文件成功
2017-08-25T11:40:36: 读取文件成功
2017-08-25T11:41:36: 读取文件成功
2017-08-25T11:42:36: 读取文件成功
2017-08-25T11:43:36: 读取文件成功
2017-08-25T11:44:36: 读取文件成功
2017-08-25T11:45:36: 读取文件成功
2017-08-25T11:46:36: 读取文件成功
2017-08-25T11:47:36: 读取文件成功
2017-08-25T11:48:36: 读取文件成功
2017-08-25T11:49:36: 读取文件成功
2017-08-25T11:50:36: 读取文件成功
2017-08-25T11:51:38: 读取文件成功
2017-08-25T11:52:36: 读取文件成功
2017-08-25T11:53:36: 读取文件成功
2017-08-25T11:54:36: 读取文件成功
2017-08-25T11:55:36: 读取文件成功
2017-08-25T11:56:36: 读取文件成功
2017-08-25T11:57:36: 读取文件成功
2017-08-25T11:58:36: 读取文件成功
2017-08-25T11:59:36: 读取文件成功
2017-08-25T12:00:36: 读取文件成功
2017-08-25T12:01:36: 读取文件成功
2017-08-25T12:02:36: 读取文件成功
2017-08-25T12:03:36: 读取文件成功
2017-08-25T12:04:36: 读取文件成功
2017-08-25T12:05:36: 读取文件成功
2017-08-25T12:06:36: 读取文件成功
2017-08-25T12:07:36: 读取文件成功
2017-08-25T12:08:36: 读取文件成功
2017-08-25T12:09:36: 读取文件成功
2017-08-25T12:10:36: 读取文件成功
2017-08-25T12:11:36: 读取文件成功
2017-08-25T12:12:36: 读取文件成功
2017-08-25T12:13:36: 读取文件成功
2017-08-25T12:14:36: 读取文件成功
2017-08-25T12:15:36: 读取文件成功
2017-08-25T12:16:36: 读取文件成功
2017-08-25T12:17:36: 读取文件成功
2017-08-25T12:18:36: 读取文件成功
2017-08-25T12:19:36: 读取文件成功
2017-08-25T12:20:36: 读取文件成功
2017-08-25T12:21:36: 读取文件成功
2017-08-25T12:22:36: 读取文件成功
2017-08-25T12:23:36: 读取文件成功
2017-08-25T12:24:36: 读取文件成功
2017-08-25T12:25:36: 读取文件成功
2017-08-25T12:26:36: 读取文件成功
2017-08-25T12:27:36: 读取文件成功
2017-08-25T12:28:36: 读取文件成功
2017-08-25T12:29:36: 读取文件成功
2017-08-25T12:30:36: 读取文件成功
2017-08-25T12:31:36: 读取文件成功
2017-08-25T12:32:36: 读取文件成功
2017-08-25T12:33:36: 读取文件成功
2017-08-25T12:34:36: 读取文件成功
2017-08-25T12:35:36: 读取文件成功
2017-08-25T12:36:36: 读取文件成功
2017-08-25T12:37:36: 读取文件成功
2017-08-25T12:38:36: 读取文件成功
2017-08-25T12:39:36: 读取文件成功
2017-08-25T12:40:36: 读取文件成功
2017-08-25T12:41:36: 读取文件成功
2017-08-25T12:42:36: 读取文件成功
2017-08-25T12:43:37: 读取文件成功
2017-08-25T12:44:36: 读取文件成功
2017-08-25T12:45:36: 读取文件成功
2017-08-25T12:46:36: 读取文件成功
2017-08-25T12:47:36: 读取文件成功
2017-08-25T12:48:36: 读取文件成功
2017-08-25T12:49:36: 读取文件成功
2017-08-25T12:50:36: 读取文件成功
2017-08-25T12:51:38: 读取文件成功
2017-08-25T12:52:36: 读取文件成功
2017-08-25T12:53:36: 读取文件成功
2017-08-25T12:54:36: 读取文件成功
2017-08-25T12:55:36: 读取文件成功
2017-08-25T12:56:36: 读取文件成功
2017-08-25T12:57:36: 读取文件成功
2017-08-25T12:58:37: 读取文件成功
2017-08-25T12:59:38: 读取文件成功
2017-08-25T13:00:36: 读取文件成功
2017-08-25T13:01:36: 读取文件成功
2017-08-25T13:02:36: 读取文件成功
2017-08-25T13:03:36: 读取文件成功
2017-08-25T13:04:37: 读取文件成功
2017-08-25T13:05:36: 读取文件成功
2017-08-25T13:06:36: 读取文件成功
2017-08-25T13:07:47: 读取文件成功
2017-08-25T13:08:37: 读取文件成功
2017-08-25T13:09:55: 读取文件成功
2017-08-25T13:10:37: 读取文件成功
2017-08-25T13:11:41: 读取文件成功
2017-08-25T13:12:37: 读取文件成功
2017-08-25T13:13:37: 读取文件成功
2017-08-25T13:14:37: 读取文件成功
2017-08-25T13:15:37: 读取文件成功
2017-08-25T13:16:37: 读取文件成功
2017-08-25T13:17:37: 读取文件成功
2017-08-25T13:18:37: 读取文件成功
2017-08-25T13:19:37: 读取文件成功
2017-08-25T13:20:37: 读取文件成功
2017-08-25T13:21:37: 读取文件成功
2017-08-25T13:22:37: 读取文件成功
2017-08-25T13:23:37: 读取文件成功
2017-08-25T13:24:37: 读取文件成功
2017-08-25T13:25:37: 读取文件成功
2017-08-25T13:26:37: 读取文件成功
2017-08-25T13:27:40: 读取文件成功
2017-08-25T13:29:33: 读取文件成功
2017-08-25T13:29:51: 读取文件成功
2017-08-25T13:30:37: 读取文件成功
2017-08-25T13:31:37: 读取文件成功
2017-08-25T13:32:37: 读取文件成功
2017-08-25T13:33:37: 读取文件成功
2017-08-25T13:34:37: 读取文件成功
2017-08-25T13:35:37: 读取文件成功
2017-08-25T13:36:37: 读取文件成功
2017-08-25T13:37:37: 读取文件成功
2017-08-25T13:38:37: 读取文件成功
2017-08-25T13:39:37: 读取文件成功
2017-08-25T13:40:37: 读取文件成功
2017-08-25T13:41:37: 读取文件成功
2017-08-25T13:42:39: 读取文件成功
2017-08-25T13:43:37: 读取文件成功
2017-08-25T13:45:20: 读取文件成功
2017-08-25T13:46:00: 读取文件成功
2017-08-25T13:46:37: 读取文件成功
2017-08-25T13:47:37: 读取文件成功
2017-08-25T13:48:37: 读取文件成功
2017-08-25T13:49:37: 读取文件成功
2017-08-25T13:50:44: 读取文件成功
2017-08-25T13:51:54: 读取文件成功
2017-08-25T13:52:37: 读取文件成功
2017-08-25T13:53:50: 读取文件成功
2017-08-25T13:54:40: 读取文件成功
2017-08-25T13:55:37: 读取文件成功
2017-08-25T13:56:37: 读取文件成功
2017-08-25T13:57:50: 读取文件成功
2017-08-25T13:58:38: 读取文件成功
2017-08-25T13:59:37: 读取文件成功
2017-08-25T14:00:37: 读取文件成功
2017-08-25T14:01:44: 读取文件成功
2017-08-25T14:02:37: 读取文件成功
2017-08-25T14:03:37: 读取文件成功
2017-08-25T14:04:46: 读取文件成功
2017-08-25T14:05:54: 读取文件成功
2017-08-25T14:06:37: 读取文件成功
2017-08-25T14:07:46: 读取文件成功
2017-08-25T14:08:37: 读取文件成功
2017-08-25T14:09:37: 读取文件成功
2017-08-25T14:10:38: 读取文件成功
2017-08-25T14:11:45: 读取文件成功
2017-08-25T14:12:37: 读取文件成功
2017-08-25T14:13:44: 读取文件成功
2017-08-25T14:14:37: 读取文件成功
2017-08-25T14:15:37: 读取文件成功
2017-08-25T14:16:48: 读取文件成功
2017-08-25T14:17:37: 读取文件成功
2017-08-25T14:18:37: 读取文件成功
2017-08-25T14:19:37: 读取文件成功
2017-08-25T14:20:37: 读取文件成功
2017-08-25T14:21:37: 读取文件成功
2017-08-25T14:22:37: 读取文件成功
2017-08-25T14:23:37: 读取文件成功
2017-08-25T14:24:37: 读取文件成功
2017-08-25T14:25:44: 读取文件成功
2017-08-25T14:27:04: 读取文件成功
2017-08-25T14:27:37: 读取文件成功
2017-08-25T14:28:45: 读取文件成功
2017-08-25T14:29:37: 读取文件成功
2017-08-25T14:30:37: 读取文件成功
2017-08-25T14:31:41: 读取文件成功
2017-08-25T14:32:37: 读取文件成功
2017-08-25T14:33:38: 读取文件成功
2017-08-25T14:34:39: 读取文件成功
2017-08-25T14:36:03: 读取文件成功
2017-08-25T14:36:38: 读取文件成功
2017-08-25T14:37:53: 读取文件成功
2017-08-25T14:39:37: 读取文件成功
2017-08-25T14:39:37: 读取文件成功
2017-08-25T14:40:46: 读取文件成功
2017-08-25T14:41:38: 读取文件成功
2017-08-25T14:42:37: 读取文件成功
2017-08-25T14:43:45: 读取文件成功
2017-08-25T14:45:00: 读取文件成功
2017-08-25T14:45:38: 读取文件成功
2017-08-25T14:46:46: 读取文件成功
2017-08-25T14:47:38: 读取文件成功
2017-08-25T14:48:38: 读取文件成功
2017-08-25T14:49:47: 读取文件成功
2017-08-25T14:50:45: 读取文件成功
2017-08-25T14:51:38: 读取文件成功
2017-08-25T14:52:49: 读取文件成功
2017-08-25T14:53:38: 读取文件成功
2017-08-25T14:54:38: 读取文件成功
2017-08-25T14:55:43: 读取文件成功
2017-08-25T14:57:00: 读取文件成功
2017-08-25T14:57:38: 读取文件成功
2017-08-25T14:58:38: 读取文件成功
2017-08-25T14:59:59: 读取文件成功
2017-08-25T15:00:38: 读取文件成功
2017-08-25T15:01:52: 读取文件成功
2017-08-25T15:02:38: 读取文件成功
2017-08-25T15:03:38: 读取文件成功
2017-08-25T15:04:44: 读取文件成功
2017-08-25T15:05:38: 读取文件成功
2017-08-25T15:06:38: 读取文件成功
2017-08-25T15:07:51: 读取文件成功
2017-08-25T15:08:38: 读取文件成功
2017-08-25T15:09:39: 读取文件成功
2017-08-25T15:10:38: 读取文件成功
2017-08-25T15:11:38: 读取文件成功
2017-08-25T15:12:46: 读取文件成功
2017-08-25T15:13:38: 读取文件成功
2017-08-25T15:14:38: 读取文件成功
2017-08-25T15:15:45: 读取文件成功
2017-08-25T15:16:50: 读取文件成功
2017-08-25T15:17:38: 读取文件成功
2017-08-25T15:18:38: 读取文件成功
2017-08-25T15:19:44: 读取文件成功
2017-08-25T15:20:39: 读取文件成功
2017-08-25T15:21:39: 读取文件成功
2017-08-25T15:22:38: 读取文件成功
2017-08-25T15:23:38: 读取文件成功
2017-08-25T15:24:38: 读取文件成功
2017-08-25T15:25:38: 读取文件成功
2017-08-25T15:26:38: 读取文件成功
2017-08-25T15:27:38: 读取文件成功
2017-08-25T15:28:38: 读取文件成功
2017-08-25T15:29:38: 读取文件成功
2017-08-25T15:30:38: 读取文件成功
2017-08-25T15:31:38: 读取文件成功
2017-08-25T15:32:38: 读取文件成功
2017-08-25T15:33:38: 读取文件成功
2017-08-25T15:34:38: 读取文件成功
2017-08-25T15:35:38: 读取文件成功
2017-08-25T15:36:38: 读取文件成功
2017-08-25T15:37:38: 读取文件成功
2017-08-25T15:38:38: 读取文件成功
2017-08-25T15:39:38: 读取文件成功
2017-08-25T15:40:38: 读取文件成功
2017-08-25T15:41:38: 读取文件成功
2017-08-25T15:42:43: 读取文件成功
2017-08-25T15:43:38: 读取文件成功
2017-08-25T15:45:38: 读取文件成功
2017-08-25T15:46:53: 读取文件成功
2017-08-25T15:47:49: 读取文件成功
2017-08-25T15:48:38: 读取文件成功
2017-08-25T15:49:55: 读取文件成功
2017-08-25T15:50:38: 读取文件成功
2017-08-25T15:51:38: 读取文件成功
2017-08-25T15:52:43: 读取文件成功
2017-08-25T15:53:38: 读取文件成功
2017-08-25T15:54:38: 读取文件成功
2017-08-25T15:55:38: 读取文件成功
2017-08-25T15:56:38: 读取文件成功
2017-08-25T15:57:38: 读取文件成功
2017-08-25T15:58:38: 读取文件成功
2017-08-25T15:59:38: 读取文件成功
2017-08-25T16:00:38: 读取文件成功
2017-08-25T16:01:38: 读取文件成功
2017-08-25T16:02:42: 读取文件成功
2017-08-25T16:03:38: 读取文件成功
2017-08-25T16:04:38: 读取文件成功
2017-08-25T16:05:38: 读取文件成功
2017-08-25T16:06:40: 读取文件成功
2017-08-25T16:07:38: 读取文件成功
2017-08-25T16:08:38: 读取文件成功
2017-08-25T16:09:42: 读取文件成功
2017-08-25T16:10:40: 读取文件成功
2017-08-25T16:11:38: 读取文件成功
2017-08-25T16:12:38: 读取文件成功
2017-08-25T16:13:38: 读取文件成功
2017-08-25T16:14:38: 读取文件成功
2017-08-25T16:15:42: 读取文件成功
2017-08-25T16:16:40: 读取文件成功
2017-08-25T16:17:38: 读取文件成功
2017-08-25T16:18:48: 读取文件成功
2017-08-25T16:19:47: 读取文件成功
2017-08-25T16:20:38: 读取文件成功
2017-08-25T16:21:46: 读取文件成功
2017-08-25T16:22:46: 读取文件成功
2017-08-25T16:24:06: 读取文件成功
2017-08-25T16:24:45: 读取文件成功
2017-08-25T16:25:44: 读取文件成功
2017-08-25T16:26:39: 读取文件成功
2017-08-25T16:27:39: 读取文件成功
2017-08-25T16:28:59: 读取文件成功
2017-08-25T16:29:39: 读取文件成功
2017-08-25T16:30:42: 读取文件成功
2017-08-25T16:31:39: 读取文件成功
2017-08-25T16:32:39: 读取文件成功
2017-08-25T16:33:39: 读取文件成功
2017-08-25T16:34:44: 读取文件成功
2017-08-25T16:35:39: 读取文件成功
2017-08-25T16:36:39: 读取文件成功
2017-08-25T16:37:44: 读取文件成功
2017-08-25T16:38:39: 读取文件成功
2017-08-25T16:39:39: 读取文件成功
2017-08-25T16:40:54: 读取文件成功
2017-08-25T16:41:39: 读取文件成功
2017-08-25T16:42:46: 读取文件成功
2017-08-25T16:43:39: 读取文件成功
2017-08-25T16:44:39: 读取文件成功
2017-08-25T16:45:39: 读取文件成功
2017-08-25T16:46:39: 读取文件成功
2017-08-25T16:47:39: 读取文件成功
2017-08-25T16:48:39: 读取文件成功
2017-08-25T16:49:43: 读取文件成功
2017-08-25T16:50:39: 读取文件成功
2017-08-25T16:51:39: 读取文件成功
2017-08-25T16:52:39: 读取文件成功
2017-08-25T16:53:39: 读取文件成功
2017-08-25T16:54:39: 读取文件成功
2017-08-25T16:55:39: 读取文件成功
2017-08-25T16:56:39: 读取文件成功
2017-08-25T16:57:39: 读取文件成功
2017-08-25T16:58:39: 读取文件成功
2017-08-25T16:59:39: 读取文件成功
2017-08-25T17:00:39: 读取文件成功
2017-08-25T17:01:47: 读取文件成功
2017-08-25T17:02:39: 读取文件成功
2017-08-25T17:03:39: 读取文件成功
2017-08-25T17:04:39: 读取文件成功
2017-08-25T17:05:39: 读取文件成功
2017-08-25T17:06:39: 读取文件成功
2017-08-25T17:07:39: 读取文件成功
2017-08-25T17:08:39: 读取文件成功
2017-08-25T17:09:39: 读取文件成功
2017-08-25T17:10:39: 读取文件成功
2017-08-25T17:11:39: 读取文件成功
2017-08-25T17:12:39: 读取文件成功
2017-08-25T17:13:42: 读取文件成功
2017-08-25T17:14:39: 读取文件成功
2017-08-25T17:15:39: 读取文件成功
2017-08-25T17:16:39: 读取文件成功
2017-08-25T17:17:39: 读取文件成功
2017-08-25T17:18:39: 读取文件成功
2017-08-25T17:19:39: 读取文件成功
2017-08-25T17:20:39: 读取文件成功
2017-08-25T17:21:39: 读取文件成功
2017-08-25T17:22:39: 读取文件成功
2017-08-25T17:23:39: 读取文件成功
2017-08-25T17:24:39: 读取文件成功
2017-08-25T17:25:42: 读取文件成功
2017-08-25T17:26:39: 读取文件成功
2017-08-25T17:27:39: 读取文件成功
2017-08-25T17:28:39: 读取文件成功
2017-08-25T17:29:39: 读取文件成功
2017-08-25T17:30:39: 读取文件成功
2017-08-25T17:31:39: 读取文件成功
2017-08-25T17:32:39: 读取文件成功
2017-08-25T17:33:39: 读取文件成功
2017-08-25T17:34:39: 读取文件成功
2017-08-25T17:35:39: 读取文件成功
2017-08-25T17:36:39: 读取文件成功
2017-08-25T17:37:39: 读取文件成功
2017-08-25T17:38:39: 读取文件成功
2017-08-25T17:39:39: 读取文件成功
2017-08-25T17:40:39: 读取文件成功
2017-08-25T17:41:39: 读取文件成功
2017-08-25T17:42:39: 读取文件成功
2017-08-25T17:43:39: 读取文件成功
2017-08-25T17:44:40: 读取文件成功
2017-08-25T17:45:39: 读取文件成功
2017-08-25T17:46:39: 读取文件成功
2017-08-25T17:47:39: 读取文件成功
2017-08-25T17:48:39: 读取文件成功
2017-08-25T17:49:39: 读取文件成功
2017-08-25T17:50:39: 读取文件成功
2017-08-25T17:51:39: 读取文件成功
2017-08-25T17:52:40: 读取文件成功
2017-08-25T17:53:39: 读取文件成功
2017-08-25T17:54:39: 读取文件成功
2017-08-25T17:55:39: 读取文件成功
2017-08-25T17:56:39: 读取文件成功
2017-08-25T17:57:40: 读取文件成功
2017-08-25T17:58:40: 读取文件成功
2017-08-25T17:59:39: 读取文件成功
2017-08-25T18:00:40: 读取文件成功
2017-08-25T18:01:40: 读取文件成功
2017-08-25T18:02:40: 读取文件成功
2017-08-25T18:03:40: 读取文件成功
2017-08-25T18:04:40: 读取文件成功
2017-08-25T18:05:40: 读取文件成功
2017-08-25T18:06:40: 读取文件成功
2017-08-25T18:07:40: 读取文件成功
2017-08-25T18:08:40: 读取文件成功
2017-08-25T18:09:40: 读取文件成功
2017-08-25T18:10:40: 读取文件成功
2017-08-25T18:11:40: 读取文件成功
2017-08-25T18:12:40: 读取文件成功
2017-08-25T18:13:44: 读取文件成功
2017-08-25T18:14:40: 读取文件成功
2017-08-25T18:15:40: 读取文件成功
2017-08-25T18:16:40: 读取文件成功
2017-08-25T18:17:40: 读取文件成功
2017-08-25T18:18:40: 读取文件成功
2017-08-25T18:19:40: 读取文件成功
2017-08-25T18:20:40: 读取文件成功
2017-08-25T18:21:58: 读取文件成功
2017-08-25T18:22:43: 读取文件成功
2017-08-25T18:24:01: 读取文件成功
2017-08-25T18:24:44: 读取文件成功
2017-08-25T18:25:43: 读取文件成功
2017-08-25T18:26:51: 读取文件成功
2017-08-25T18:27:56: 读取文件成功
2017-08-25T18:28:44: 读取文件成功
2017-08-25T18:29:45: 读取文件成功
2017-08-25T18:30:55: 读取文件成功
2017-08-25T18:31:43: 读取文件成功
2017-08-25T18:32:50: 读取文件成功
2017-08-25T18:33:53: 读取文件成功
2017-08-25T18:34:40: 读取文件成功
2017-08-25T18:35:40: 读取文件成功
2017-08-25T18:36:40: 读取文件成功
2017-08-25T18:37:40: 读取文件成功
2017-08-25T18:38:40: 读取文件成功
2017-08-25T18:39:40: 读取文件成功
2017-08-25T18:40:40: 读取文件成功
2017-08-25T18:41:40: 读取文件成功
2017-08-25T18:42:40: 读取文件成功
2017-08-25T18:43:40: 读取文件成功
2017-08-25T18:44:40: 读取文件成功
2017-08-25T18:45:40: 读取文件成功
2017-08-25T18:46:40: 读取文件成功
2017-08-25T18:47:40: 读取文件成功
2017-08-25T18:48:40: 读取文件成功
2017-08-25T18:49:40: 读取文件成功
2017-08-25T18:50:40: 读取文件成功
2017-08-25T18:51:40: 读取文件成功
2017-08-25T18:52:40: 读取文件成功
2017-08-25T18:53:40: 读取文件成功
2017-08-25T18:54:40: 读取文件成功
2017-08-25T18:55:40: 读取文件成功
2017-08-25T18:56:40: 读取文件成功
2017-08-25T18:57:40: 读取文件成功
2017-08-25T18:58:40: 读取文件成功
2017-08-25T18:59:40: 读取文件成功
2017-08-25T19:00:40: 读取文件成功
2017-08-25T19:01:40: 读取文件成功
2017-08-25T19:02:40: 读取文件成功
2017-08-25T19:03:40: 读取文件成功
2017-08-25T19:04:40: 读取文件成功
2017-08-25T19:05:40: 读取文件成功
2017-08-25T19:06:40: 读取文件成功
2017-08-25T19:07:40: 读取文件成功
2017-08-25T19:08:40: 读取文件成功
2017-08-25T19:09:41: 读取文件成功
2017-08-25T19:11:20: 读取文件成功
2017-08-25T19:11:40: 读取文件成功
2017-08-25T19:12:40: 读取文件成功
2017-08-25T19:13:40: 读取文件成功
2017-08-25T19:14:40: 读取文件成功
2017-08-25T19:15:40: 读取文件成功
2017-08-25T19:16:40: 读取文件成功
2017-08-25T19:17:40: 读取文件成功
2017-08-25T19:18:40: 读取文件成功
2017-08-25T19:19:40: 读取文件成功
2017-08-25T19:20:40: 读取文件成功
2017-08-25T19:21:40: 读取文件成功
2017-08-25T19:22:40: 读取文件成功
2017-08-25T19:23:40: 读取文件成功
2017-08-25T19:24:40: 读取文件成功
2017-08-25T19:25:40: 读取文件成功
2017-08-25T19:26:50: 读取文件成功
2017-08-25T19:27:40: 读取文件成功
2017-08-25T19:28:40: 读取文件成功
2017-08-25T19:29:40: 读取文件成功
2017-08-25T19:30:41: 读取文件成功
2017-08-25T19:31:52: 读取文件成功
2017-08-25T19:32:41: 读取文件成功
2017-08-25T19:33:40: 读取文件成功
2017-08-25T19:34:40: 读取文件成功
2017-08-25T19:35:40: 读取文件成功
2017-08-25T19:36:41: 读取文件成功
2017-08-25T19:37:40: 读取文件成功
2017-08-25T19:38:42: 读取文件成功
2017-08-25T19:39:40: 读取文件成功
2017-08-25T19:40:41: 读取文件成功
2017-08-25T19:41:40: 读取文件成功
2017-08-25T19:42:41: 读取文件成功
2017-08-25T19:43:40: 读取文件成功
2017-08-25T19:44:41: 读取文件成功
2017-08-25T19:45:41: 读取文件成功
2017-08-25T19:46:41: 读取文件成功
2017-08-25T19:47:41: 读取文件成功
2017-08-25T19:48:41: 读取文件成功
2017-08-25T19:49:41: 读取文件成功
2017-08-25T19:50:41: 读取文件成功
2017-08-25T19:51:41: 读取文件成功
2017-08-25T19:52:45: 读取文件成功
2017-08-25T19:53:41: 读取文件成功
2017-08-25T19:54:41: 读取文件成功
2017-08-25T19:55:55: 读取文件成功
2017-08-25T19:56:41: 读取文件成功
2017-08-25T19:57:41: 读取文件成功
2017-08-25T19:58:41: 读取文件成功
2017-08-25T19:59:41: 读取文件成功
2017-08-25T20:00:41: 读取文件成功
2017-08-25T20:01:41: 读取文件成功
2017-08-25T20:02:41: 读取文件成功
2017-08-25T20:03:41: 读取文件成功
2017-08-25T20:04:41: 读取文件成功
2017-08-25T20:05:41: 读取文件成功
2017-08-25T20:06:41: 读取文件成功
2017-08-25T20:07:41: 读取文件成功
2017-08-25T20:08:41: 读取文件成功
2017-08-25T20:09:41: 读取文件成功
2017-08-25T20:10:41: 读取文件成功
2017-08-25T20:11:41: 读取文件成功
2017-08-25T20:12:41: 读取文件成功
2017-08-25T20:13:41: 读取文件成功
2017-08-25T20:14:56: 读取文件成功
2017-08-25T20:15:41: 读取文件成功
2017-08-25T20:16:41: 读取文件成功
2017-08-25T20:17:41: 读取文件成功
2017-08-25T20:18:41: 读取文件成功
2017-08-25T20:20:09: 读取文件成功
2017-08-25T20:20:41: 读取文件成功
2017-08-25T20:21:41: 读取文件成功
2017-08-25T20:22:41: 读取文件成功
2017-08-25T20:23:41: 读取文件成功
2017-08-25T20:24:41: 读取文件成功
2017-08-25T20:25:41: 读取文件成功
2017-08-25T20:26:41: 读取文件成功
2017-08-25T20:27:41: 读取文件成功
2017-08-25T20:28:41: 读取文件成功
2017-08-25T20:29:41: 读取文件成功
2017-08-25T20:30:47: 读取文件成功
2017-08-25T20:31:41: 读取文件成功
2017-08-25T20:32:41: 读取文件成功
2017-08-25T20:33:41: 读取文件成功
2017-08-25T20:34:41: 读取文件成功
2017-08-25T20:35:48: 读取文件成功
2017-08-25T20:36:41: 读取文件成功
2017-08-25T20:37:41: 读取文件成功
2017-08-25T20:39:03: 读取文件成功
2017-08-25T20:39:41: 读取文件成功
2017-08-25T20:40:41: 读取文件成功
2017-08-25T20:41:41: 读取文件成功
2017-08-25T20:42:41: 读取文件成功
2017-08-25T20:44:04: 读取文件成功
2017-08-25T20:44:41: 读取文件成功
2017-08-25T20:45:41: 读取文件成功
2017-08-25T20:46:41: 读取文件成功
2017-08-25T20:47:41: 读取文件成功
2017-08-25T20:48:41: 读取文件成功
2017-08-25T20:49:41: 读取文件成功
2017-08-25T20:50:41: 读取文件成功
2017-08-25T20:51:41: 读取文件成功
2017-08-25T20:52:41: 读取文件成功
2017-08-25T20:53:41: 读取文件成功
2017-08-25T20:54:53: 读取文件成功
2017-08-25T20:55:41: 读取文件成功
2017-08-25T20:56:41: 读取文件成功
2017-08-25T20:57:41: 读取文件成功
2017-08-25T20:58:41: 读取文件成功
2017-08-25T20:59:54: 读取文件成功
2017-08-25T21:00:41: 读取文件成功
2017-08-25T21:01:41: 读取文件成功
2017-08-25T21:02:41: 读取文件成功
2017-08-25T21:03:41: 读取文件成功
2017-08-25T21:04:41: 读取文件成功
2017-08-25T21:05:41: 读取文件成功
2017-08-25T21:06:41: 读取文件成功
2017-08-25T21:07:41: 读取文件成功
2017-08-25T21:08:41: 读取文件成功
2017-08-25T21:09:41: 读取文件成功
2017-08-25T21:10:41: 读取文件成功
2017-08-25T21:11:42: 读取文件成功
2017-08-25T21:12:41: 读取文件成功
2017-08-25T21:13:47: 读取文件成功
2017-08-25T21:14:41: 读取文件成功
2017-08-25T21:15:41: 读取文件成功
2017-08-25T21:16:41: 读取文件成功
2017-08-25T21:17:42: 读取文件成功
2017-08-25T21:18:57: 读取文件成功
2017-08-25T21:19:42: 读取文件成功
2017-08-25T21:20:42: 读取文件成功
2017-08-25T21:21:42: 读取文件成功
2017-08-25T21:22:42: 读取文件成功
2017-08-25T21:23:58: 读取文件成功
2017-08-25T21:24:42: 读取文件成功
2017-08-25T21:25:42: 读取文件成功
2017-08-25T21:27:13: 读取文件成功
2017-08-25T21:27:42: 读取文件成功
2017-08-25T21:28:42: 读取文件成功
2017-08-25T21:29:42: 读取文件成功
2017-08-25T21:30:42: 读取文件成功
2017-08-25T21:31:42: 读取文件成功
2017-08-25T21:32:42: 读取文件成功
2017-08-25T21:33:42: 读取文件成功
2017-08-25T21:34:42: 读取文件成功
2017-08-25T21:35:42: 读取文件成功
2017-08-25T21:36:42: 读取文件成功
2017-08-25T21:37:42: 读取文件成功
2017-08-25T21:38:42: 读取文件成功
2017-08-25T21:39:42: 读取文件成功
2017-08-25T21:40:42: 读取文件成功
2017-08-25T21:41:42: 读取文件成功
2017-08-25T21:42:57: 读取文件成功
2017-08-25T21:43:42: 读取文件成功
2017-08-25T21:44:42: 读取文件成功
2017-08-25T21:45:42: 读取文件成功
2017-08-25T21:46:42: 读取文件成功
2017-08-25T21:48:13: 读取文件成功
2017-08-25T21:48:42: 读取文件成功
2017-08-25T21:49:42: 读取文件成功
2017-08-25T21:51:24: 读取文件成功
2017-08-25T21:51:42: 读取文件成功
2017-08-25T21:52:42: 读取文件成功
2017-08-25T21:53:45: 读取文件成功
2017-08-25T21:54:42: 读取文件成功
2017-08-25T21:55:42: 读取文件成功
2017-08-25T21:56:42: 读取文件成功
2017-08-25T21:57:42: 读取文件成功
2017-08-25T21:58:50: 读取文件成功
2017-08-25T21:59:42: 读取文件成功
2017-08-25T22:00:42: 读取文件成功
2017-08-25T22:01:42: 读取文件成功
2017-08-25T22:02:42: 读取文件成功
2017-08-25T22:03:49: 读取文件成功
2017-08-25T22:04:42: 读取文件成功
2017-08-25T22:05:42: 读取文件成功
2017-08-25T22:06:42: 读取文件成功
2017-08-25T22:07:42: 读取文件成功
2017-08-25T22:08:57: 读取文件成功
2017-08-25T22:09:42: 读取文件成功
2017-08-25T22:10:42: 读取文件成功
2017-08-25T22:11:42: 读取文件成功
2017-08-25T22:12:42: 读取文件成功
2017-08-25T22:13:42: 读取文件成功
2017-08-25T22:14:42: 读取文件成功
2017-08-25T22:15:42: 读取文件成功
2017-08-25T22:16:42: 读取文件成功
2017-08-25T22:17:42: 读取文件成功
2017-08-25T22:18:42: 读取文件成功
2017-08-25T22:19:42: 读取文件成功
2017-08-25T22:20:42: 读取文件成功
2017-08-25T22:21:42: 读取文件成功
2017-08-25T22:22:42: 读取文件成功
2017-08-25T22:23:42: 读取文件成功
2017-08-25T22:24:43: 读取文件成功
2017-08-25T22:25:42: 读取文件成功
2017-08-25T22:26:42: 读取文件成功
2017-08-25T22:27:56: 读取文件成功
2017-08-25T22:28:42: 读取文件成功
2017-08-25T22:29:42: 读取文件成功
2017-08-25T22:30:42: 读取文件成功
2017-08-25T22:31:42: 读取文件成功
2017-08-25T22:33:06: 读取文件成功
2017-08-25T22:33:43: 读取文件成功
2017-08-25T22:34:42: 读取文件成功
2017-08-25T22:35:42: 读取文件成功
2017-08-25T22:36:42: 读取文件成功
2017-08-25T22:38:03: 读取文件成功
2017-08-25T22:38:42: 读取文件成功
2017-08-25T22:39:42: 读取文件成功
2017-08-25T22:40:45: 读取文件成功
2017-08-25T22:41:42: 读取文件成功
2017-08-25T22:42:42: 读取文件成功
2017-08-25T22:43:54: 读取文件成功
2017-08-25T22:44:42: 读取文件成功
2017-08-25T22:45:43: 读取文件成功
2017-08-25T22:46:43: 读取文件成功
2017-08-25T22:47:47: 读取文件成功
2017-08-25T22:48:54: 读取文件成功
2017-08-25T22:49:43: 读取文件成功
2017-08-25T22:50:42: 读取文件成功
2017-08-25T22:51:43: 读取文件成功
2017-08-25T22:52:42: 读取文件成功
2017-08-25T22:53:53: 读取文件成功
2017-08-25T22:54:42: 读取文件成功
2017-08-25T22:55:43: 读取文件成功
2017-08-25T22:56:42: 读取文件成功
2017-08-25T22:57:43: 读取文件成功
2017-08-25T22:58:43: 读取文件成功
2017-08-25T22:59:45: 读取文件成功
