2017-10-03T00:00:40: 非记录时间：2017-10-03T00:00:40+08:00
2017-10-03T00:01:40: 非记录时间：2017-10-03T00:01:40+08:00
2017-10-03T00:02:40: 非记录时间：2017-10-03T00:02:40+08:00
2017-10-03T00:03:40: 非记录时间：2017-10-03T00:03:40+08:00
2017-10-03T00:04:40: 非记录时间：2017-10-03T00:04:40+08:00
2017-10-03T00:05:40: 非记录时间：2017-10-03T00:05:40+08:00
2017-10-03T00:06:40: 非记录时间：2017-10-03T00:06:40+08:00
2017-10-03T00:07:40: 非记录时间：2017-10-03T00:07:40+08:00
2017-10-03T00:08:40: 非记录时间：2017-10-03T00:08:40+08:00
2017-10-03T00:09:40: 非记录时间：2017-10-03T00:09:40+08:00
2017-10-03T00:10:40: 非记录时间：2017-10-03T00:10:40+08:00
2017-10-03T00:11:40: 非记录时间：2017-10-03T00:11:40+08:00
2017-10-03T00:12:40: 非记录时间：2017-10-03T00:12:40+08:00
2017-10-03T00:13:40: 非记录时间：2017-10-03T00:13:40+08:00
2017-10-03T00:14:40: 非记录时间：2017-10-03T00:14:40+08:00
2017-10-03T00:15:40: 非记录时间：2017-10-03T00:15:40+08:00
2017-10-03T00:16:40: 非记录时间：2017-10-03T00:16:40+08:00
2017-10-03T00:17:40: 非记录时间：2017-10-03T00:17:40+08:00
2017-10-03T00:18:40: 非记录时间：2017-10-03T00:18:40+08:00
2017-10-03T00:19:40: 非记录时间：2017-10-03T00:19:40+08:00
2017-10-03T00:20:40: 非记录时间：2017-10-03T00:20:40+08:00
2017-10-03T00:21:40: 非记录时间：2017-10-03T00:21:40+08:00
2017-10-03T00:22:40: 非记录时间：2017-10-03T00:22:40+08:00
2017-10-03T00:23:40: 非记录时间：2017-10-03T00:23:40+08:00
2017-10-03T00:24:40: 非记录时间：2017-10-03T00:24:40+08:00
2017-10-03T00:25:40: 非记录时间：2017-10-03T00:25:40+08:00
2017-10-03T00:26:40: 非记录时间：2017-10-03T00:26:40+08:00
2017-10-03T00:27:40: 非记录时间：2017-10-03T00:27:40+08:00
2017-10-03T00:28:40: 非记录时间：2017-10-03T00:28:40+08:00
2017-10-03T00:29:40: 非记录时间：2017-10-03T00:29:40+08:00
2017-10-03T00:30:40: 非记录时间：2017-10-03T00:30:40+08:00
2017-10-03T00:31:40: 非记录时间：2017-10-03T00:31:40+08:00
2017-10-03T00:32:40: 非记录时间：2017-10-03T00:32:40+08:00
2017-10-03T00:33:40: 非记录时间：2017-10-03T00:33:40+08:00
2017-10-03T00:34:40: 非记录时间：2017-10-03T00:34:40+08:00
2017-10-03T00:35:40: 非记录时间：2017-10-03T00:35:40+08:00
2017-10-03T00:36:40: 非记录时间：2017-10-03T00:36:40+08:00
2017-10-03T00:37:40: 非记录时间：2017-10-03T00:37:40+08:00
2017-10-03T00:38:40: 非记录时间：2017-10-03T00:38:40+08:00
2017-10-03T00:39:40: 非记录时间：2017-10-03T00:39:40+08:00
2017-10-03T00:40:40: 非记录时间：2017-10-03T00:40:40+08:00
2017-10-03T00:41:40: 非记录时间：2017-10-03T00:41:40+08:00
2017-10-03T00:42:40: 非记录时间：2017-10-03T00:42:40+08:00
2017-10-03T00:43:40: 非记录时间：2017-10-03T00:43:40+08:00
2017-10-03T00:44:40: 非记录时间：2017-10-03T00:44:40+08:00
2017-10-03T00:45:40: 非记录时间：2017-10-03T00:45:40+08:00
2017-10-03T00:46:40: 非记录时间：2017-10-03T00:46:40+08:00
2017-10-03T00:47:40: 非记录时间：2017-10-03T00:47:40+08:00
2017-10-03T00:48:40: 非记录时间：2017-10-03T00:48:40+08:00
2017-10-03T00:49:40: 非记录时间：2017-10-03T00:49:40+08:00
2017-10-03T00:50:40: 非记录时间：2017-10-03T00:50:40+08:00
2017-10-03T00:51:40: 非记录时间：2017-10-03T00:51:40+08:00
2017-10-03T00:52:40: 非记录时间：2017-10-03T00:52:40+08:00
2017-10-03T00:53:40: 非记录时间：2017-10-03T00:53:40+08:00
2017-10-03T00:54:40: 非记录时间：2017-10-03T00:54:40+08:00
2017-10-03T00:55:40: 非记录时间：2017-10-03T00:55:40+08:00
2017-10-03T00:56:40: 非记录时间：2017-10-03T00:56:40+08:00
2017-10-03T00:57:40: 非记录时间：2017-10-03T00:57:40+08:00
2017-10-03T00:58:40: 非记录时间：2017-10-03T00:58:40+08:00
2017-10-03T00:59:40: 非记录时间：2017-10-03T00:59:40+08:00
2017-10-03T01:00:40: 非记录时间：2017-10-03T01:00:40+08:00
2017-10-03T01:01:40: 非记录时间：2017-10-03T01:01:40+08:00
2017-10-03T01:02:40: 非记录时间：2017-10-03T01:02:40+08:00
2017-10-03T01:03:40: 非记录时间：2017-10-03T01:03:40+08:00
2017-10-03T01:04:40: 非记录时间：2017-10-03T01:04:40+08:00
2017-10-03T01:05:40: 非记录时间：2017-10-03T01:05:40+08:00
2017-10-03T01:06:40: 非记录时间：2017-10-03T01:06:40+08:00
2017-10-03T01:07:40: 非记录时间：2017-10-03T01:07:40+08:00
2017-10-03T01:08:40: 非记录时间：2017-10-03T01:08:40+08:00
2017-10-03T01:09:40: 非记录时间：2017-10-03T01:09:40+08:00
2017-10-03T01:10:40: 非记录时间：2017-10-03T01:10:40+08:00
2017-10-03T01:11:41: 读取文件失败，可能是该文件不存在
2017-10-03T01:11:41: Error: ENOENT: no such file or directory, open './data/2017-10-03.json'
2017-10-03T01:12:41: 读取文件成功
2017-10-03T01:13:41: 读取文件成功
2017-10-03T01:14:40: 读取文件成功
2017-10-03T01:15:40: 读取文件成功
2017-10-03T01:16:41: 读取文件成功
2017-10-03T01:17:41: 读取文件成功
2017-10-03T01:18:41: 读取文件成功
2017-10-03T01:19:41: 读取文件成功
2017-10-03T01:20:41: 读取文件成功
2017-10-03T01:21:41: 读取文件成功
2017-10-03T01:22:41: 读取文件成功
2017-10-03T01:23:41: 读取文件成功
2017-10-03T01:24:41: 读取文件成功
2017-10-03T01:25:41: 读取文件成功
2017-10-03T01:26:41: 读取文件成功
2017-10-03T01:27:41: 读取文件成功
2017-10-03T01:28:41: 读取文件成功
2017-10-03T01:29:41: 读取文件成功
2017-10-03T01:30:41: 读取文件成功
2017-10-03T01:31:41: 读取文件成功
2017-10-03T01:32:41: 读取文件成功
2017-10-03T01:33:41: 读取文件成功
2017-10-03T01:34:41: 读取文件成功
2017-10-03T01:35:41: 读取文件成功
2017-10-03T01:36:41: 读取文件成功
2017-10-03T01:37:41: 读取文件成功
2017-10-03T01:38:41: 读取文件成功
2017-10-03T01:39:41: 读取文件成功
2017-10-03T01:40:41: 读取文件成功
2017-10-03T01:41:41: 读取文件成功
2017-10-03T01:42:41: 读取文件成功
2017-10-03T01:43:41: 读取文件成功
2017-10-03T01:44:41: 读取文件成功
2017-10-03T01:45:41: 读取文件成功
2017-10-03T01:46:41: 读取文件成功
2017-10-03T01:47:41: 读取文件成功
2017-10-03T01:48:41: 读取文件成功
2017-10-03T01:49:41: 读取文件成功
2017-10-03T01:50:41: 读取文件成功
2017-10-03T01:51:41: 读取文件成功
2017-10-03T01:52:41: 读取文件成功
2017-10-03T01:53:41: 读取文件成功
2017-10-03T01:54:41: 读取文件成功
2017-10-03T01:55:41: 读取文件成功
2017-10-03T01:56:41: 读取文件成功
2017-10-03T01:57:41: 读取文件成功
2017-10-03T01:58:41: 读取文件成功
2017-10-03T01:59:41: 读取文件成功
2017-10-03T02:00:41: 读取文件成功
2017-10-03T02:01:41: 读取文件成功
2017-10-03T02:02:41: 读取文件成功
2017-10-03T02:03:41: 读取文件成功
2017-10-03T02:04:41: 读取文件成功
2017-10-03T02:05:41: 读取文件成功
2017-10-03T02:06:41: 读取文件成功
2017-10-03T02:07:41: 读取文件成功
2017-10-03T02:08:41: 读取文件成功
2017-10-03T02:09:41: 读取文件成功
2017-10-03T02:10:41: 读取文件成功
2017-10-03T02:11:41: 读取文件成功
2017-10-03T02:12:41: 读取文件成功
2017-10-03T02:13:41: 读取文件成功
2017-10-03T02:14:41: 读取文件成功
2017-10-03T02:15:41: 读取文件成功
2017-10-03T02:16:41: 读取文件成功
2017-10-03T02:17:41: 读取文件成功
2017-10-03T02:18:41: 读取文件成功
2017-10-03T02:19:41: 读取文件成功
2017-10-03T02:20:41: 读取文件成功
2017-10-03T02:21:41: 读取文件成功
2017-10-03T02:22:41: 读取文件成功
2017-10-03T02:23:41: 读取文件成功
2017-10-03T02:24:41: 读取文件成功
2017-10-03T02:25:41: 读取文件成功
2017-10-03T02:26:41: 读取文件成功
2017-10-03T02:27:41: 读取文件成功
2017-10-03T02:28:41: 读取文件成功
2017-10-03T02:29:41: 读取文件成功
2017-10-03T02:30:41: 读取文件成功
2017-10-03T02:31:41: 读取文件成功
2017-10-03T02:32:41: 读取文件成功
2017-10-03T02:33:41: 读取文件成功
2017-10-03T02:34:41: 读取文件成功
2017-10-03T02:35:41: 读取文件成功
2017-10-03T02:36:41: 读取文件成功
2017-10-03T02:37:41: 读取文件成功
2017-10-03T02:38:41: 读取文件成功
2017-10-03T02:39:41: 读取文件成功
2017-10-03T02:40:41: 读取文件成功
2017-10-03T02:41:41: 读取文件成功
2017-10-03T02:42:41: 读取文件成功
2017-10-03T02:43:41: 读取文件成功
2017-10-03T02:44:41: 读取文件成功
2017-10-03T02:45:41: 读取文件成功
2017-10-03T02:46:41: 读取文件成功
2017-10-03T02:47:41: 读取文件成功
2017-10-03T02:48:41: 读取文件成功
2017-10-03T02:49:41: 读取文件成功
2017-10-03T02:50:41: 读取文件成功
2017-10-03T02:51:41: 读取文件成功
2017-10-03T02:52:42: 读取文件成功
2017-10-03T02:53:41: 读取文件成功
2017-10-03T02:54:41: 读取文件成功
2017-10-03T02:55:41: 读取文件成功
2017-10-03T02:56:41: 读取文件成功
2017-10-03T02:57:42: 读取文件成功
2017-10-03T02:58:42: 读取文件成功
2017-10-03T02:59:42: 读取文件成功
2017-10-03T03:00:42: 读取文件成功
2017-10-03T03:01:41: 读取文件成功
2017-10-03T03:02:42: 读取文件成功
2017-10-03T03:03:42: 读取文件成功
2017-10-03T03:04:42: 读取文件成功
2017-10-03T03:05:42: 读取文件成功
2017-10-03T03:06:42: 读取文件成功
2017-10-03T03:07:42: 读取文件成功
2017-10-03T03:08:42: 读取文件成功
2017-10-03T03:09:42: 读取文件成功
2017-10-03T03:10:42: 读取文件成功
2017-10-03T03:11:42: 读取文件成功
2017-10-03T03:12:42: 读取文件成功
2017-10-03T03:13:42: 读取文件成功
2017-10-03T03:14:42: 读取文件成功
2017-10-03T03:15:42: 读取文件成功
2017-10-03T03:16:42: 读取文件成功
2017-10-03T03:17:42: 读取文件成功
2017-10-03T03:18:42: 读取文件成功
2017-10-03T03:19:42: 读取文件成功
2017-10-03T03:20:42: 读取文件成功
2017-10-03T03:21:42: 读取文件成功
2017-10-03T03:22:42: 读取文件成功
2017-10-03T03:23:42: 读取文件成功
2017-10-03T03:24:42: 读取文件成功
2017-10-03T03:25:42: 读取文件成功
2017-10-03T03:26:42: 读取文件成功
2017-10-03T03:27:42: 读取文件成功
2017-10-03T03:28:42: 读取文件成功
2017-10-03T03:29:42: 读取文件成功
2017-10-03T03:30:42: 读取文件成功
2017-10-03T03:31:42: 读取文件成功
2017-10-03T03:32:42: 读取文件成功
2017-10-03T03:33:42: 读取文件成功
2017-10-03T03:34:42: 读取文件成功
2017-10-03T03:35:42: 读取文件成功
2017-10-03T03:36:42: 读取文件成功
2017-10-03T03:37:42: 读取文件成功
2017-10-03T03:38:42: 读取文件成功
2017-10-03T03:39:42: 读取文件成功
2017-10-03T03:40:42: 读取文件成功
2017-10-03T03:41:42: 读取文件成功
2017-10-03T03:42:42: 读取文件成功
2017-10-03T03:43:42: 读取文件成功
2017-10-03T03:44:42: 读取文件成功
2017-10-03T03:45:42: 读取文件成功
2017-10-03T03:46:42: 读取文件成功
2017-10-03T03:47:42: 读取文件成功
2017-10-03T03:48:42: 读取文件成功
2017-10-03T03:49:42: 读取文件成功
2017-10-03T03:50:42: 读取文件成功
2017-10-03T03:51:42: 读取文件成功
2017-10-03T03:52:42: 读取文件成功
2017-10-03T03:53:42: 读取文件成功
2017-10-03T03:54:42: 读取文件成功
2017-10-03T03:55:42: 读取文件成功
2017-10-03T03:56:42: 读取文件成功
2017-10-03T03:57:42: 读取文件成功
2017-10-03T03:58:42: 读取文件成功
2017-10-03T03:59:42: 读取文件成功
2017-10-03T04:00:42: 读取文件成功
2017-10-03T04:01:42: 读取文件成功
2017-10-03T04:02:42: 读取文件成功
2017-10-03T04:03:42: 读取文件成功
2017-10-03T04:04:42: 读取文件成功
2017-10-03T04:05:42: 读取文件成功
2017-10-03T04:06:42: 读取文件成功
2017-10-03T04:07:42: 读取文件成功
2017-10-03T04:08:42: 读取文件成功
2017-10-03T04:09:42: 读取文件成功
2017-10-03T04:10:42: 读取文件成功
2017-10-03T04:11:42: 读取文件成功
2017-10-03T04:12:42: 读取文件成功
2017-10-03T04:13:42: 读取文件成功
2017-10-03T04:14:42: 读取文件成功
2017-10-03T04:15:42: 读取文件成功
2017-10-03T04:16:42: 读取文件成功
2017-10-03T04:17:42: 读取文件成功
2017-10-03T04:18:42: 读取文件成功
2017-10-03T04:19:42: 读取文件成功
2017-10-03T04:20:42: 读取文件成功
2017-10-03T04:21:42: 读取文件成功
2017-10-03T04:22:42: 读取文件成功
2017-10-03T04:23:42: 读取文件成功
2017-10-03T04:24:42: 读取文件成功
2017-10-03T04:25:42: 读取文件成功
2017-10-03T04:26:42: 读取文件成功
2017-10-03T04:27:42: 读取文件成功
2017-10-03T04:28:42: 读取文件成功
2017-10-03T04:29:42: 读取文件成功
2017-10-03T04:30:42: 读取文件成功
2017-10-03T04:31:42: 读取文件成功
2017-10-03T04:32:42: 读取文件成功
2017-10-03T04:33:43: 读取文件成功
2017-10-03T04:34:42: 读取文件成功
2017-10-03T04:35:42: 读取文件成功
2017-10-03T04:36:42: 读取文件成功
2017-10-03T04:37:42: 读取文件成功
2017-10-03T04:38:42: 读取文件成功
2017-10-03T04:39:43: 读取文件成功
2017-10-03T04:40:42: 读取文件成功
2017-10-03T04:41:43: 读取文件成功
2017-10-03T04:42:42: 读取文件成功
2017-10-03T04:43:42: 读取文件成功
2017-10-03T04:44:42: 读取文件成功
2017-10-03T04:45:43: 读取文件成功
2017-10-03T04:46:43: 读取文件成功
2017-10-03T04:47:43: 读取文件成功
2017-10-03T04:48:43: 读取文件成功
2017-10-03T04:49:43: 读取文件成功
2017-10-03T04:50:43: 读取文件成功
2017-10-03T04:51:43: 读取文件成功
2017-10-03T04:52:43: 读取文件成功
2017-10-03T04:53:43: 读取文件成功
2017-10-03T04:54:43: 读取文件成功
2017-10-03T04:55:43: 读取文件成功
2017-10-03T04:56:43: 读取文件成功
2017-10-03T04:57:43: 读取文件成功
2017-10-03T04:58:43: 读取文件成功
2017-10-03T04:59:43: 读取文件成功
2017-10-03T05:00:43: 读取文件成功
2017-10-03T05:01:43: 读取文件成功
2017-10-03T05:02:43: 读取文件成功
2017-10-03T05:03:43: 读取文件成功
2017-10-03T05:04:43: 读取文件成功
2017-10-03T05:05:43: 读取文件成功
2017-10-03T05:06:43: 读取文件成功
2017-10-03T05:07:43: 读取文件成功
2017-10-03T05:08:43: 读取文件成功
2017-10-03T05:09:43: 读取文件成功
2017-10-03T05:10:43: 读取文件成功
2017-10-03T05:11:43: 读取文件成功
2017-10-03T05:12:43: 读取文件成功
2017-10-03T05:13:43: 读取文件成功
2017-10-03T05:14:43: 读取文件成功
2017-10-03T05:15:43: 读取文件成功
2017-10-03T05:16:43: 读取文件成功
2017-10-03T05:17:44: 读取文件成功
2017-10-03T05:18:43: 读取文件成功
2017-10-03T05:19:43: 读取文件成功
2017-10-03T05:20:45: 读取文件成功
2017-10-03T05:21:43: 读取文件成功
2017-10-03T05:22:43: 读取文件成功
2017-10-03T05:23:43: 读取文件成功
2017-10-03T05:24:43: 读取文件成功
2017-10-03T05:25:43: 读取文件成功
2017-10-03T05:26:43: 读取文件成功
2017-10-03T05:27:43: 读取文件成功
2017-10-03T05:28:43: 读取文件成功
2017-10-03T05:29:43: 读取文件成功
2017-10-03T05:30:43: 读取文件成功
2017-10-03T05:31:43: 读取文件成功
2017-10-03T05:32:43: 读取文件成功
2017-10-03T05:33:43: 读取文件成功
2017-10-03T05:34:43: 读取文件成功
2017-10-03T05:35:43: 读取文件成功
2017-10-03T05:36:43: 读取文件成功
2017-10-03T05:37:43: 读取文件成功
2017-10-03T05:38:43: 读取文件成功
2017-10-03T05:39:43: 读取文件成功
2017-10-03T05:40:43: 读取文件成功
2017-10-03T05:41:43: 读取文件成功
2017-10-03T05:42:43: 读取文件成功
2017-10-03T05:43:43: 读取文件成功
2017-10-03T05:44:43: 读取文件成功
2017-10-03T05:45:43: 读取文件成功
2017-10-03T05:46:43: 读取文件成功
2017-10-03T05:47:43: 读取文件成功
2017-10-03T05:48:43: 读取文件成功
2017-10-03T05:49:43: 读取文件成功
2017-10-03T05:50:43: 读取文件成功
2017-10-03T05:51:43: 读取文件成功
2017-10-03T05:52:43: 读取文件成功
2017-10-03T05:53:43: 读取文件成功
2017-10-03T05:54:43: 读取文件成功
2017-10-03T05:55:43: 读取文件成功
2017-10-03T05:56:43: 读取文件成功
2017-10-03T05:57:43: 读取文件成功
2017-10-03T05:58:43: 读取文件成功
2017-10-03T05:59:43: 读取文件成功
2017-10-03T06:00:43: 读取文件成功
2017-10-03T06:01:43: 读取文件成功
2017-10-03T06:02:43: 读取文件成功
2017-10-03T06:03:43: 读取文件成功
2017-10-03T06:04:43: 读取文件成功
2017-10-03T06:05:43: 读取文件成功
2017-10-03T06:06:43: 读取文件成功
2017-10-03T06:07:43: 读取文件成功
2017-10-03T06:08:44: 读取文件成功
2017-10-03T06:09:43: 读取文件成功
2017-10-03T06:10:43: 读取文件成功
2017-10-03T06:11:43: 读取文件成功
2017-10-03T06:12:43: 读取文件成功
2017-10-03T06:13:43: 读取文件成功
2017-10-03T06:14:43: 读取文件成功
2017-10-03T06:15:44: 读取文件成功
2017-10-03T06:16:43: 读取文件成功
2017-10-03T06:17:43: 读取文件成功
2017-10-03T06:18:43: 读取文件成功
2017-10-03T06:19:43: 读取文件成功
2017-10-03T06:20:44: 读取文件成功
2017-10-03T06:21:43: 读取文件成功
2017-10-03T06:22:43: 读取文件成功
2017-10-03T06:23:43: 读取文件成功
2017-10-03T06:24:43: 读取文件成功
2017-10-03T06:25:43: 读取文件成功
2017-10-03T06:26:44: 读取文件成功
2017-10-03T06:27:44: 读取文件成功
2017-10-03T06:28:43: 读取文件成功
2017-10-03T06:29:44: 读取文件成功
2017-10-03T06:30:44: 读取文件成功
2017-10-03T06:31:44: 读取文件成功
2017-10-03T06:32:44: 读取文件成功
2017-10-03T06:33:44: 读取文件成功
2017-10-03T06:34:44: 读取文件成功
2017-10-03T06:35:44: 读取文件成功
2017-10-03T06:36:44: 读取文件成功
2017-10-03T06:37:44: 读取文件成功
2017-10-03T06:38:44: 读取文件成功
2017-10-03T06:39:44: 读取文件成功
2017-10-03T06:40:44: 读取文件成功
2017-10-03T06:41:44: 读取文件成功
2017-10-03T06:42:44: 读取文件成功
2017-10-03T06:43:44: 读取文件成功
2017-10-03T06:44:44: 读取文件成功
2017-10-03T06:45:44: 读取文件成功
2017-10-03T06:46:44: 读取文件成功
2017-10-03T06:47:44: 读取文件成功
2017-10-03T06:48:44: 读取文件成功
2017-10-03T06:49:44: 读取文件成功
2017-10-03T06:50:44: 读取文件成功
2017-10-03T06:51:44: 读取文件成功
2017-10-03T06:52:44: 读取文件成功
2017-10-03T06:53:44: 读取文件成功
2017-10-03T06:54:44: 读取文件成功
2017-10-03T06:55:44: 读取文件成功
2017-10-03T06:56:44: 读取文件成功
2017-10-03T06:57:44: 读取文件成功
2017-10-03T06:58:44: 读取文件成功
2017-10-03T06:59:44: 读取文件成功
2017-10-03T07:00:44: 读取文件成功
2017-10-03T07:01:44: 读取文件成功
2017-10-03T07:02:44: 读取文件成功
2017-10-03T07:03:44: 读取文件成功
2017-10-03T07:04:44: 读取文件成功
2017-10-03T07:05:44: 读取文件成功
2017-10-03T07:06:44: 读取文件成功
2017-10-03T07:07:44: 读取文件成功
2017-10-03T07:08:44: 读取文件成功
2017-10-03T07:09:44: 读取文件成功
2017-10-03T07:10:44: 读取文件成功
2017-10-03T07:11:44: 读取文件成功
2017-10-03T07:12:44: 读取文件成功
2017-10-03T07:13:44: 读取文件成功
2017-10-03T07:14:44: 读取文件成功
2017-10-03T07:15:44: 读取文件成功
2017-10-03T07:16:44: 读取文件成功
2017-10-03T07:17:44: 读取文件成功
2017-10-03T07:18:44: 读取文件成功
2017-10-03T07:19:44: 读取文件成功
2017-10-03T07:20:44: 读取文件成功
2017-10-03T07:21:44: 读取文件成功
2017-10-03T07:22:44: 读取文件成功
2017-10-03T07:23:44: 读取文件成功
2017-10-03T07:24:44: 读取文件成功
2017-10-03T07:25:44: 读取文件成功
2017-10-03T07:26:44: 读取文件成功
2017-10-03T07:27:44: 读取文件成功
2017-10-03T07:28:44: 读取文件成功
2017-10-03T07:29:44: 读取文件成功
2017-10-03T07:30:44: 读取文件成功
2017-10-03T07:31:44: 读取文件成功
2017-10-03T07:32:44: 读取文件成功
2017-10-03T07:33:44: 读取文件成功
2017-10-03T07:34:44: 读取文件成功
2017-10-03T07:35:44: 读取文件成功
2017-10-03T07:36:44: 读取文件成功
2017-10-03T07:37:44: 读取文件成功
2017-10-03T07:38:44: 读取文件成功
2017-10-03T07:39:44: 读取文件成功
2017-10-03T07:40:44: 读取文件成功
2017-10-03T07:41:44: 读取文件成功
2017-10-03T07:42:44: 读取文件成功
2017-10-03T07:43:44: 读取文件成功
2017-10-03T07:44:44: 读取文件成功
2017-10-03T07:45:44: 读取文件成功
2017-10-03T07:46:44: 读取文件成功
2017-10-03T07:47:44: 读取文件成功
2017-10-03T07:48:44: 读取文件成功
2017-10-03T07:49:44: 读取文件成功
2017-10-03T07:50:44: 读取文件成功
2017-10-03T07:51:44: 读取文件成功
2017-10-03T07:52:44: 读取文件成功
2017-10-03T07:53:44: 读取文件成功
2017-10-03T07:54:44: 读取文件成功
2017-10-03T07:55:44: 读取文件成功
2017-10-03T07:56:44: 读取文件成功
2017-10-03T07:57:44: 读取文件成功
2017-10-03T07:58:44: 读取文件成功
2017-10-03T07:59:44: 读取文件成功
2017-10-03T08:00:44: 读取文件成功
2017-10-03T08:01:45: 读取文件成功
2017-10-03T08:02:44: 读取文件成功
2017-10-03T08:03:44: 读取文件成功
2017-10-03T08:04:44: 读取文件成功
2017-10-03T08:05:44: 读取文件成功
2017-10-03T08:06:44: 读取文件成功
2017-10-03T08:07:45: 读取文件成功
2017-10-03T08:08:44: 读取文件成功
2017-10-03T08:09:45: 读取文件成功
2017-10-03T08:10:45: 读取文件成功
2017-10-03T08:11:45: 读取文件成功
2017-10-03T08:12:45: 读取文件成功
2017-10-03T08:13:45: 读取文件成功
2017-10-03T08:14:45: 读取文件成功
2017-10-03T08:15:45: 读取文件成功
2017-10-03T08:16:45: 读取文件成功
2017-10-03T08:17:45: 读取文件成功
2017-10-03T08:18:45: 读取文件成功
2017-10-03T08:19:45: 读取文件成功
2017-10-03T08:20:45: 读取文件成功
2017-10-03T08:21:45: 读取文件成功
2017-10-03T08:22:45: 读取文件成功
2017-10-03T08:23:45: 读取文件成功
2017-10-03T08:24:45: 读取文件成功
2017-10-03T08:25:45: 读取文件成功
2017-10-03T08:26:45: 读取文件成功
2017-10-03T08:27:45: 读取文件成功
2017-10-03T08:28:45: 读取文件成功
2017-10-03T08:29:45: 读取文件成功
2017-10-03T08:30:45: 读取文件成功
2017-10-03T08:31:45: 读取文件成功
2017-10-03T08:32:45: 读取文件成功
2017-10-03T08:33:45: 读取文件成功
2017-10-03T08:34:45: 读取文件成功
2017-10-03T08:35:45: 读取文件成功
2017-10-03T08:36:45: 读取文件成功
2017-10-03T08:37:45: 读取文件成功
2017-10-03T08:38:45: 读取文件成功
2017-10-03T08:39:45: 读取文件成功
2017-10-03T08:40:45: 读取文件成功
2017-10-03T08:41:45: 读取文件成功
2017-10-03T08:42:45: 读取文件成功
2017-10-03T08:43:45: 读取文件成功
2017-10-03T08:44:45: 读取文件成功
2017-10-03T08:45:45: 读取文件成功
2017-10-03T08:46:45: 读取文件成功
2017-10-03T08:47:45: 读取文件成功
2017-10-03T08:48:45: 读取文件成功
2017-10-03T08:49:45: 读取文件成功
2017-10-03T08:50:45: 读取文件成功
2017-10-03T08:51:45: 读取文件成功
2017-10-03T08:52:45: 读取文件成功
2017-10-03T08:53:45: 读取文件成功
2017-10-03T08:54:45: 读取文件成功
2017-10-03T08:55:45: 读取文件成功
2017-10-03T08:56:45: 读取文件成功
2017-10-03T08:57:45: 读取文件成功
2017-10-03T08:58:45: 读取文件成功
2017-10-03T08:59:45: 读取文件成功
2017-10-03T09:00:45: 读取文件成功
2017-10-03T09:01:45: 读取文件成功
2017-10-03T09:02:45: 读取文件成功
2017-10-03T09:03:45: 读取文件成功
2017-10-03T09:04:45: 读取文件成功
2017-10-03T09:05:45: 读取文件成功
2017-10-03T09:06:45: 读取文件成功
2017-10-03T09:07:45: 读取文件成功
2017-10-03T09:08:45: 读取文件成功
2017-10-03T09:09:45: 读取文件成功
2017-10-03T09:10:45: 读取文件成功
2017-10-03T09:11:45: 读取文件成功
2017-10-03T09:12:45: 读取文件成功
2017-10-03T09:13:45: 读取文件成功
2017-10-03T09:14:45: 读取文件成功
2017-10-03T09:15:45: 读取文件成功
2017-10-03T09:16:45: 读取文件成功
2017-10-03T09:17:45: 读取文件成功
2017-10-03T09:18:45: 读取文件成功
2017-10-03T09:19:45: 读取文件成功
2017-10-03T09:20:45: 读取文件成功
2017-10-03T09:21:45: 读取文件成功
2017-10-03T09:22:45: 读取文件成功
2017-10-03T09:23:45: 读取文件成功
2017-10-03T09:24:45: 读取文件成功
2017-10-03T09:25:45: 读取文件成功
2017-10-03T09:26:45: 读取文件成功
2017-10-03T09:27:45: 读取文件成功
2017-10-03T09:28:45: 读取文件成功
2017-10-03T09:29:45: 读取文件成功
2017-10-03T09:30:45: 读取文件成功
2017-10-03T09:31:45: 读取文件成功
2017-10-03T09:32:45: 读取文件成功
2017-10-03T09:33:45: 读取文件成功
2017-10-03T09:34:45: 读取文件成功
2017-10-03T09:35:45: 读取文件成功
2017-10-03T09:36:45: 读取文件成功
2017-10-03T09:37:46: 读取文件成功
2017-10-03T09:38:45: 读取文件成功
2017-10-03T09:39:45: 读取文件成功
2017-10-03T09:40:45: 读取文件成功
2017-10-03T09:41:45: 读取文件成功
2017-10-03T09:42:45: 读取文件成功
2017-10-03T09:43:46: 读取文件成功
2017-10-03T09:44:45: 读取文件成功
2017-10-03T09:45:45: 读取文件成功
2017-10-03T09:46:46: 读取文件成功
2017-10-03T09:47:46: 读取文件成功
2017-10-03T09:48:46: 读取文件成功
2017-10-03T09:49:46: 读取文件成功
2017-10-03T09:50:46: 读取文件成功
2017-10-03T09:51:46: 读取文件成功
2017-10-03T09:52:46: 读取文件成功
2017-10-03T09:53:46: 读取文件成功
2017-10-03T09:54:46: 读取文件成功
2017-10-03T09:55:46: 读取文件成功
2017-10-03T09:56:46: 读取文件成功
2017-10-03T09:57:46: 读取文件成功
2017-10-03T09:58:46: 读取文件成功
2017-10-03T09:59:46: 读取文件成功
2017-10-03T10:00:46: 读取文件成功
2017-10-03T10:01:46: 读取文件成功
2017-10-03T10:02:46: 读取文件成功
2017-10-03T10:03:46: 读取文件成功
2017-10-03T10:04:46: 读取文件成功
2017-10-03T10:05:46: 读取文件成功
2017-10-03T10:06:46: 读取文件成功
2017-10-03T10:07:46: 读取文件成功
2017-10-03T10:08:46: 读取文件成功
2017-10-03T10:09:46: 读取文件成功
2017-10-03T10:10:46: 读取文件成功
2017-10-03T10:11:46: 读取文件成功
2017-10-03T10:12:46: 读取文件成功
2017-10-03T10:13:46: 读取文件成功
2017-10-03T10:14:46: 读取文件成功
2017-10-03T10:15:46: 读取文件成功
2017-10-03T10:16:46: 读取文件成功
2017-10-03T10:17:46: 读取文件成功
2017-10-03T10:18:46: 读取文件成功
2017-10-03T10:19:46: 读取文件成功
2017-10-03T10:20:46: 读取文件成功
2017-10-03T10:21:46: 读取文件成功
2017-10-03T10:22:46: 读取文件成功
2017-10-03T10:23:46: 读取文件成功
2017-10-03T10:24:46: 读取文件成功
2017-10-03T10:25:46: 读取文件成功
2017-10-03T10:26:46: 读取文件成功
2017-10-03T10:27:46: 读取文件成功
2017-10-03T10:28:46: 读取文件成功
2017-10-03T10:29:46: 读取文件成功
2017-10-03T10:30:46: 读取文件成功
2017-10-03T10:31:46: 读取文件成功
2017-10-03T10:32:46: 读取文件成功
2017-10-03T10:33:46: 读取文件成功
2017-10-03T10:34:46: 读取文件成功
2017-10-03T10:35:46: 读取文件成功
2017-10-03T10:36:46: 读取文件成功
2017-10-03T10:37:46: 读取文件成功
2017-10-03T10:38:46: 读取文件成功
2017-10-03T10:39:46: 读取文件成功
2017-10-03T10:40:46: 读取文件成功
2017-10-03T10:41:46: 读取文件成功
2017-10-03T10:42:46: 读取文件成功
2017-10-03T10:43:46: 读取文件成功
2017-10-03T10:44:46: 读取文件成功
2017-10-03T10:45:46: 读取文件成功
2017-10-03T10:46:46: 读取文件成功
2017-10-03T10:47:46: 读取文件成功
2017-10-03T10:48:46: 读取文件成功
2017-10-03T10:49:46: 读取文件成功
2017-10-03T10:50:46: 读取文件成功
2017-10-03T10:51:46: 读取文件成功
2017-10-03T10:52:46: 读取文件成功
2017-10-03T10:53:46: 读取文件成功
2017-10-03T10:54:46: 读取文件成功
2017-10-03T10:55:46: 读取文件成功
2017-10-03T10:56:46: 读取文件成功
2017-10-03T10:57:46: 读取文件成功
2017-10-03T10:58:46: 读取文件成功
2017-10-03T10:59:46: 读取文件成功
2017-10-03T11:00:46: 读取文件成功
2017-10-03T11:01:47: 读取文件成功
2017-10-03T11:02:46: 读取文件成功
2017-10-03T11:03:46: 读取文件成功
2017-10-03T11:04:46: 读取文件成功
2017-10-03T11:05:46: 读取文件成功
2017-10-03T11:06:46: 读取文件成功
2017-10-03T11:07:46: 读取文件成功
2017-10-03T11:08:46: 读取文件成功
2017-10-03T11:09:46: 读取文件成功
2017-10-03T11:10:46: 读取文件成功
2017-10-03T11:11:46: 读取文件成功
2017-10-03T11:12:46: 读取文件成功
2017-10-03T11:13:46: 读取文件成功
2017-10-03T11:14:46: 读取文件成功
2017-10-03T11:15:46: 读取文件成功
2017-10-03T11:16:46: 读取文件成功
2017-10-03T11:17:46: 读取文件成功
2017-10-03T11:18:47: 读取文件成功
2017-10-03T11:19:46: 读取文件成功
2017-10-03T11:20:46: 读取文件成功
2017-10-03T11:21:47: 读取文件成功
2017-10-03T11:22:47: 读取文件成功
2017-10-03T11:23:47: 读取文件成功
2017-10-03T11:24:47: 读取文件成功
2017-10-03T11:25:47: 读取文件成功
2017-10-03T11:26:47: 读取文件成功
2017-10-03T11:27:47: 读取文件成功
2017-10-03T11:28:47: 读取文件成功
2017-10-03T11:29:47: 读取文件成功
2017-10-03T11:30:47: 读取文件成功
2017-10-03T11:31:47: 读取文件成功
2017-10-03T11:32:47: 读取文件成功
2017-10-03T11:33:47: 读取文件成功
2017-10-03T11:34:47: 读取文件成功
2017-10-03T11:35:47: 读取文件成功
2017-10-03T11:36:47: 读取文件成功
2017-10-03T11:37:47: 读取文件成功
2017-10-03T11:38:47: 读取文件成功
2017-10-03T11:39:47: 读取文件成功
2017-10-03T11:40:47: 读取文件成功
2017-10-03T11:41:47: 读取文件成功
2017-10-03T11:42:47: 读取文件成功
2017-10-03T11:43:47: 读取文件成功
2017-10-03T11:44:47: 读取文件成功
2017-10-03T11:45:47: 读取文件成功
2017-10-03T11:46:47: 读取文件成功
2017-10-03T11:47:47: 读取文件成功
2017-10-03T11:48:47: 读取文件成功
2017-10-03T11:49:47: 读取文件成功
2017-10-03T11:50:47: 读取文件成功
2017-10-03T11:51:47: 读取文件成功
2017-10-03T11:52:47: 读取文件成功
2017-10-03T11:53:47: 读取文件成功
2017-10-03T11:54:47: 读取文件成功
2017-10-03T11:55:47: 读取文件成功
2017-10-03T11:56:47: 读取文件成功
2017-10-03T11:57:47: 读取文件成功
2017-10-03T11:58:47: 读取文件成功
2017-10-03T11:59:47: 读取文件成功
2017-10-03T12:00:47: 读取文件成功
2017-10-03T12:01:47: 读取文件成功
2017-10-03T12:02:47: 读取文件成功
2017-10-03T12:03:47: 读取文件成功
2017-10-03T12:04:47: 读取文件成功
2017-10-03T12:05:47: 读取文件成功
2017-10-03T12:06:47: 读取文件成功
2017-10-03T12:07:47: 读取文件成功
2017-10-03T12:08:47: 读取文件成功
2017-10-03T12:09:47: 读取文件成功
2017-10-03T12:10:47: 读取文件成功
2017-10-03T12:11:47: 读取文件成功
2017-10-03T12:12:47: 读取文件成功
2017-10-03T12:13:47: 读取文件成功
2017-10-03T12:14:47: 读取文件成功
2017-10-03T12:15:47: 读取文件成功
2017-10-03T12:16:47: 读取文件成功
2017-10-03T12:17:47: 读取文件成功
2017-10-03T12:18:47: 读取文件成功
2017-10-03T12:19:47: 读取文件成功
2017-10-03T12:20:47: 读取文件成功
2017-10-03T12:21:47: 读取文件成功
2017-10-03T12:22:47: 读取文件成功
2017-10-03T12:23:47: 读取文件成功
2017-10-03T12:24:47: 读取文件成功
2017-10-03T12:25:47: 读取文件成功
2017-10-03T12:26:47: 读取文件成功
2017-10-03T12:27:47: 读取文件成功
2017-10-03T12:28:47: 读取文件成功
2017-10-03T12:29:47: 读取文件成功
2017-10-03T12:30:47: 读取文件成功
2017-10-03T12:31:47: 读取文件成功
2017-10-03T12:32:47: 读取文件成功
2017-10-03T12:33:47: 读取文件成功
2017-10-03T12:34:47: 读取文件成功
2017-10-03T12:35:47: 读取文件成功
2017-10-03T12:36:47: 读取文件成功
2017-10-03T12:37:47: 读取文件成功
2017-10-03T12:38:47: 读取文件成功
2017-10-03T12:39:47: 读取文件成功
2017-10-03T12:40:47: 读取文件成功
2017-10-03T12:41:47: 读取文件成功
2017-10-03T12:42:48: 读取文件成功
2017-10-03T12:43:47: 读取文件成功
2017-10-03T12:44:47: 读取文件成功
2017-10-03T12:45:47: 读取文件成功
2017-10-03T12:46:47: 读取文件成功
2017-10-03T12:47:47: 读取文件成功
2017-10-03T12:48:47: 读取文件成功
2017-10-03T12:49:47: 读取文件成功
2017-10-03T12:50:47: 读取文件成功
2017-10-03T12:51:47: 读取文件成功
2017-10-03T12:52:47: 读取文件成功
2017-10-03T12:53:47: 读取文件成功
2017-10-03T12:54:48: 读取文件成功
2017-10-03T12:55:47: 读取文件成功
2017-10-03T12:56:47: 读取文件成功
2017-10-03T12:57:47: 读取文件成功
2017-10-03T12:58:47: 读取文件成功
2017-10-03T12:59:47: 读取文件成功
2017-10-03T13:00:48: 读取文件成功
2017-10-03T13:01:47: 读取文件成功
2017-10-03T13:02:48: 读取文件成功
2017-10-03T13:03:48: 读取文件成功
2017-10-03T13:04:48: 读取文件成功
2017-10-03T13:05:48: 读取文件成功
2017-10-03T13:06:48: 读取文件成功
2017-10-03T13:07:48: 读取文件成功
2017-10-03T13:08:48: 读取文件成功
2017-10-03T13:09:48: 读取文件成功
2017-10-03T13:10:48: 读取文件成功
2017-10-03T13:11:48: 读取文件成功
2017-10-03T13:12:48: 读取文件成功
2017-10-03T13:13:48: 读取文件成功
2017-10-03T13:14:48: 读取文件成功
2017-10-03T13:15:48: 读取文件成功
2017-10-03T13:16:48: 读取文件成功
2017-10-03T13:17:48: 读取文件成功
2017-10-03T13:18:48: 读取文件成功
2017-10-03T13:19:48: 读取文件成功
2017-10-03T13:20:48: 读取文件成功
2017-10-03T13:21:48: 读取文件成功
2017-10-03T13:22:48: 读取文件成功
2017-10-03T13:23:48: 读取文件成功
2017-10-03T13:24:48: 读取文件成功
2017-10-03T13:25:48: 读取文件成功
2017-10-03T13:26:48: 读取文件成功
2017-10-03T13:27:48: 读取文件成功
2017-10-03T13:28:48: 读取文件成功
2017-10-03T13:29:48: 读取文件成功
2017-10-03T13:30:48: 读取文件成功
2017-10-03T13:31:48: 读取文件成功
2017-10-03T13:32:48: 读取文件成功
2017-10-03T13:33:48: 读取文件成功
2017-10-03T13:34:48: 读取文件成功
2017-10-03T13:35:48: 读取文件成功
2017-10-03T13:36:48: 读取文件成功
2017-10-03T13:37:48: 读取文件成功
2017-10-03T13:38:48: 读取文件成功
2017-10-03T13:39:48: 读取文件成功
2017-10-03T13:40:48: 读取文件成功
2017-10-03T13:41:48: 读取文件成功
2017-10-03T13:42:48: 读取文件成功
2017-10-03T13:43:48: 读取文件成功
2017-10-03T13:44:48: 读取文件成功
2017-10-03T13:45:48: 读取文件成功
2017-10-03T13:46:48: 读取文件成功
2017-10-03T13:47:48: 读取文件成功
2017-10-03T13:48:48: 读取文件成功
2017-10-03T13:49:48: 读取文件成功
2017-10-03T13:50:48: 读取文件成功
2017-10-03T13:51:48: 读取文件成功
2017-10-03T13:52:48: 读取文件成功
2017-10-03T13:53:48: 读取文件成功
2017-10-03T13:54:48: 读取文件成功
2017-10-03T13:55:48: 读取文件成功
2017-10-03T13:56:48: 读取文件成功
2017-10-03T13:57:48: 读取文件成功
2017-10-03T13:58:48: 读取文件成功
2017-10-03T13:59:48: 读取文件成功
2017-10-03T14:00:48: 读取文件成功
2017-10-03T14:01:48: 读取文件成功
2017-10-03T14:02:48: 读取文件成功
2017-10-03T14:03:48: 读取文件成功
2017-10-03T14:04:48: 读取文件成功
2017-10-03T14:05:48: 读取文件成功
2017-10-03T14:06:48: 读取文件成功
2017-10-03T14:07:48: 读取文件成功
2017-10-03T14:08:48: 读取文件成功
2017-10-03T14:09:48: 读取文件成功
2017-10-03T14:10:48: 读取文件成功
2017-10-03T14:11:48: 读取文件成功
2017-10-03T14:12:48: 读取文件成功
2017-10-03T14:13:48: 读取文件成功
2017-10-03T14:14:48: 读取文件成功
2017-10-03T14:15:48: 读取文件成功
2017-10-03T14:16:48: 读取文件成功
2017-10-03T14:17:48: 读取文件成功
2017-10-03T14:18:48: 读取文件成功
2017-10-03T14:19:48: 读取文件成功
2017-10-03T14:20:48: 读取文件成功
2017-10-03T14:21:48: 读取文件成功
2017-10-03T14:22:48: 读取文件成功
2017-10-03T14:23:48: 读取文件成功
2017-10-03T14:24:48: 读取文件成功
2017-10-03T14:25:48: 读取文件成功
2017-10-03T14:26:48: 读取文件成功
2017-10-03T14:27:48: 读取文件成功
2017-10-03T14:28:49: 读取文件成功
2017-10-03T14:29:49: 读取文件成功
2017-10-03T14:30:48: 读取文件成功
2017-10-03T14:31:49: 读取文件成功
2017-10-03T14:32:49: 读取文件成功
2017-10-03T14:33:49: 读取文件成功
2017-10-03T14:34:49: 读取文件成功
2017-10-03T14:35:49: 读取文件成功
2017-10-03T14:36:49: 读取文件成功
2017-10-03T14:37:49: 读取文件成功
2017-10-03T14:38:49: 读取文件成功
2017-10-03T14:39:49: 读取文件成功
2017-10-03T14:40:49: 读取文件成功
2017-10-03T14:41:49: 读取文件成功
2017-10-03T14:42:49: 读取文件成功
2017-10-03T14:43:49: 读取文件成功
2017-10-03T14:45:23: 读取文件成功
2017-10-03T14:45:49: 读取文件成功
2017-10-03T14:49:59: 读取文件成功
2017-10-03T14:50:49: 读取文件成功
2017-10-03T14:51:49: 读取文件成功
2017-10-03T14:52:49: 读取文件成功
2017-10-03T14:53:49: 读取文件成功
2017-10-03T14:54:49: 读取文件成功
2017-10-03T14:55:49: 读取文件成功
2017-10-03T14:56:49: 读取文件成功
2017-10-03T14:57:49: 读取文件成功
2017-10-03T14:58:54: 读取文件成功
2017-10-03T15:11:49: 读取文件成功
2017-10-03T15:37:49: 读取文件成功
2017-10-03T15:37:52: 读取文件成功
2017-10-03T15:38:49: 读取文件成功
2017-10-03T15:39:49: 读取文件成功
2017-10-03T15:40:49: 读取文件成功
2017-10-03T15:41:49: 读取文件成功
2017-10-03T15:42:49: 读取文件成功
2017-10-03T15:43:49: 读取文件成功
2017-10-03T15:44:49: 读取文件成功
2017-10-03T15:45:49: 读取文件成功
2017-10-03T15:46:49: 读取文件成功
2017-10-03T15:47:49: 读取文件成功
2017-10-03T15:48:49: 读取文件成功
2017-10-03T15:49:49: 读取文件成功
2017-10-03T15:50:49: 读取文件成功
2017-10-03T15:51:49: 读取文件成功
2017-10-03T15:52:49: 读取文件成功
2017-10-03T15:53:49: 读取文件成功
2017-10-03T15:54:49: 读取文件成功
2017-10-03T15:55:49: 读取文件成功
2017-10-03T15:56:49: 读取文件成功
2017-10-03T15:57:49: 读取文件成功
2017-10-03T15:58:49: 读取文件成功
2017-10-03T15:59:49: 读取文件成功
2017-10-03T16:00:49: 读取文件成功
2017-10-03T16:01:49: 读取文件成功
2017-10-03T16:02:49: 读取文件成功
2017-10-03T16:03:49: 读取文件成功
2017-10-03T16:04:49: 读取文件成功
2017-10-03T16:05:49: 读取文件成功
2017-10-03T16:06:49: 读取文件成功
2017-10-03T16:07:49: 读取文件成功
2017-10-03T16:08:49: 读取文件成功
2017-10-03T16:09:49: 读取文件成功
2017-10-03T16:10:49: 读取文件成功
2017-10-03T16:11:49: 读取文件成功
2017-10-03T16:12:50: 读取文件成功
2017-10-03T16:13:49: 读取文件成功
2017-10-03T16:14:49: 读取文件成功
2017-10-03T16:15:49: 读取文件成功
2017-10-03T16:16:49: 读取文件成功
2017-10-03T16:17:49: 读取文件成功
2017-10-03T16:18:50: 读取文件成功
2017-10-03T16:19:49: 读取文件成功
2017-10-03T16:20:50: 读取文件成功
2017-10-03T16:21:50: 读取文件成功
2017-10-03T16:22:50: 读取文件成功
2017-10-03T16:23:50: 读取文件成功
2017-10-03T16:24:50: 读取文件成功
2017-10-03T16:25:50: 读取文件成功
2017-10-03T16:26:50: 读取文件成功
2017-10-03T16:27:50: 读取文件成功
2017-10-03T16:28:50: 读取文件成功
2017-10-03T16:29:50: 读取文件成功
2017-10-03T16:30:50: 读取文件成功
2017-10-03T16:31:50: 读取文件成功
2017-10-03T16:32:50: 读取文件成功
2017-10-03T16:33:50: 读取文件成功
2017-10-03T16:34:50: 读取文件成功
2017-10-03T16:35:50: 读取文件成功
2017-10-03T16:36:50: 读取文件成功
2017-10-03T16:37:50: 读取文件成功
2017-10-03T16:38:50: 读取文件成功
2017-10-03T16:39:50: 读取文件成功
2017-10-03T16:40:50: 读取文件成功
2017-10-03T16:41:50: 读取文件成功
2017-10-03T16:42:50: 读取文件成功
2017-10-03T16:43:50: 读取文件成功
2017-10-03T16:44:50: 读取文件成功
2017-10-03T16:45:50: 读取文件成功
2017-10-03T16:46:50: 读取文件成功
2017-10-03T16:47:50: 读取文件成功
2017-10-03T16:48:50: 读取文件成功
2017-10-03T16:49:50: 读取文件成功
2017-10-03T16:50:50: 读取文件成功
2017-10-03T16:51:50: 读取文件成功
2017-10-03T16:52:50: 读取文件成功
2017-10-03T16:53:50: 读取文件成功
2017-10-03T16:54:50: 读取文件成功
2017-10-03T16:55:50: 读取文件成功
2017-10-03T16:56:50: 读取文件成功
2017-10-03T16:57:50: 读取文件成功
2017-10-03T16:58:50: 读取文件成功
2017-10-03T16:59:50: 读取文件成功
2017-10-03T17:00:50: 读取文件成功
2017-10-03T17:01:50: 读取文件成功
2017-10-03T17:02:50: 读取文件成功
2017-10-03T17:03:50: 读取文件成功
2017-10-03T17:04:50: 读取文件成功
2017-10-03T17:05:50: 读取文件成功
2017-10-03T17:06:50: 读取文件成功
2017-10-03T17:07:50: 读取文件成功
2017-10-03T17:08:50: 读取文件成功
2017-10-03T17:09:50: 读取文件成功
2017-10-03T17:10:50: 读取文件成功
2017-10-03T17:11:50: 读取文件成功
2017-10-03T17:12:50: 读取文件成功
2017-10-03T17:13:50: 读取文件成功
2017-10-03T17:14:55: 读取文件成功
2017-10-03T17:15:56: 读取文件成功
2017-10-03T17:17:06: 读取文件成功
2017-10-03T17:17:51: 读取文件成功
2017-10-03T17:18:58: 读取文件成功
2017-10-03T17:20:59: 读取文件成功
2017-10-03T17:21:54: 读取文件成功
2017-10-03T17:22:50: 读取文件成功
2017-10-03T17:23:50: 读取文件成功
2017-10-03T17:24:50: 读取文件成功
2017-10-03T17:25:50: 读取文件成功
2017-10-03T17:26:50: 读取文件成功
2017-10-03T17:27:50: 读取文件成功
2017-10-03T17:28:50: 读取文件成功
2017-10-03T17:29:50: 读取文件成功
2017-10-03T17:30:50: 读取文件成功
2017-10-03T17:31:50: 读取文件成功
2017-10-03T17:32:50: 读取文件成功
2017-10-03T17:33:50: 读取文件成功
2017-10-03T17:34:50: 读取文件成功
2017-10-03T17:35:50: 读取文件成功
2017-10-03T17:36:50: 读取文件成功
2017-10-03T17:37:50: 读取文件成功
2017-10-03T17:38:50: 读取文件成功
2017-10-03T17:39:50: 读取文件成功
2017-10-03T17:40:50: 读取文件成功
2017-10-03T17:41:50: 读取文件成功
2017-10-03T17:42:50: 读取文件成功
2017-10-03T17:43:50: 读取文件成功
2017-10-03T17:44:50: 读取文件成功
2017-10-03T17:45:50: 读取文件成功
2017-10-03T17:46:58: 读取文件成功
2017-10-03T17:47:51: 读取文件成功
2017-10-03T17:48:53: 读取文件成功
2017-10-03T17:49:55: 读取文件成功
2017-10-03T17:50:53: 读取文件成功
2017-10-03T17:52:13: 读取文件成功
2017-10-03T17:53:01: 读取文件成功
2017-10-03T17:53:52: 读取文件成功
2017-10-03T17:54:55: 读取文件成功
2017-10-03T17:55:59: 读取文件成功
2017-10-03T17:57:01: 读取文件成功
2017-10-03T17:57:51: 读取文件成功
2017-10-03T17:58:54: 读取文件成功
2017-10-03T17:59:50: 读取文件成功
2017-10-03T18:00:51: 读取文件成功
2017-10-03T18:01:51: 读取文件成功
2017-10-03T18:02:51: 读取文件成功
2017-10-03T18:03:54: 读取文件成功
2017-10-03T18:04:51: 读取文件成功
2017-10-03T18:05:51: 读取文件成功
2017-10-03T18:06:52: 读取文件成功
2017-10-03T18:07:51: 读取文件成功
2017-10-03T18:08:51: 读取文件成功
2017-10-03T18:09:51: 读取文件成功
2017-10-03T18:10:51: 读取文件成功
2017-10-03T18:11:51: 读取文件成功
2017-10-03T18:12:52: 读取文件成功
2017-10-03T18:13:51: 读取文件成功
2017-10-03T18:14:52: 读取文件成功
2017-10-03T18:15:51: 读取文件成功
2017-10-03T18:16:51: 读取文件成功
2017-10-03T18:17:51: 读取文件成功
2017-10-03T18:20:23: 读取文件成功
2017-10-03T18:22:52: 读取文件成功
2017-10-03T18:28:00: 读取文件成功
2017-10-03T18:28:54: 读取文件成功
2017-10-03T18:29:51: 读取文件成功
2017-10-03T18:30:51: 读取文件成功
2017-10-03T18:31:51: 读取文件成功
2017-10-03T18:32:53: 读取文件成功
2017-10-03T18:33:51: 读取文件成功
2017-10-03T18:34:51: 读取文件成功
2017-10-03T18:35:51: 读取文件成功
2017-10-03T18:36:51: 读取文件成功
2017-10-03T18:37:52: 读取文件成功
2017-10-03T18:38:51: 读取文件成功
2017-10-03T18:39:51: 读取文件成功
2017-10-03T18:40:51: 读取文件成功
2017-10-03T18:41:51: 读取文件成功
2017-10-03T18:42:52: 读取文件成功
2017-10-03T18:43:51: 读取文件成功
2017-10-03T18:44:52: 读取文件成功
2017-10-03T18:45:51: 读取文件成功
2017-10-03T18:46:51: 读取文件成功
2017-10-03T18:47:51: 读取文件成功
2017-10-03T18:48:52: 读取文件成功
2017-10-03T18:49:52: 读取文件成功
2017-10-03T18:50:51: 读取文件成功
2017-10-03T18:51:52: 读取文件成功
2017-10-03T18:52:51: 读取文件成功
2017-10-03T18:53:51: 读取文件成功
2017-10-03T18:54:51: 读取文件成功
2017-10-03T18:55:52: 读取文件成功
2017-10-03T18:56:51: 读取文件成功
2017-10-03T18:57:51: 读取文件成功
2017-10-03T18:58:51: 读取文件成功
2017-10-03T18:59:51: 读取文件成功
2017-10-03T19:00:51: 读取文件成功
2017-10-03T19:01:54: 读取文件成功
2017-10-03T19:02:51: 读取文件成功
2017-10-03T19:03:52: 读取文件成功
2017-10-03T19:04:51: 读取文件成功
2017-10-03T19:05:52: 读取文件成功
2017-10-03T19:06:51: 读取文件成功
2017-10-03T19:07:51: 读取文件成功
2017-10-03T19:08:51: 读取文件成功
2017-10-03T19:09:51: 读取文件成功
2017-10-03T19:10:51: 读取文件成功
2017-10-03T19:11:51: 读取文件成功
2017-10-03T19:13:56: 读取文件成功
2017-10-03T19:14:12: 读取文件成功
2017-10-03T19:14:51: 读取文件成功
2017-10-03T19:15:51: 读取文件成功
2017-10-03T19:16:51: 读取文件成功
2017-10-03T19:17:51: 读取文件成功
2017-10-03T19:18:51: 读取文件成功
2017-10-03T19:19:51: 读取文件成功
2017-10-03T19:20:51: 读取文件成功
2017-10-03T19:21:51: 读取文件成功
2017-10-03T19:22:51: 读取文件成功
2017-10-03T19:23:51: 读取文件成功
2017-10-03T19:24:52: 读取文件成功
2017-10-03T19:25:51: 读取文件成功
2017-10-03T19:26:51: 读取文件成功
2017-10-03T19:27:51: 读取文件成功
2017-10-03T19:28:51: 读取文件成功
2017-10-03T19:29:51: 读取文件成功
2017-10-03T19:30:53: 读取文件成功
2017-10-03T19:31:51: 读取文件成功
2017-10-03T19:32:53: 读取文件成功
2017-10-03T19:33:52: 读取文件成功
2017-10-03T19:34:51: 读取文件成功
2017-10-03T19:35:52: 读取文件成功
2017-10-03T19:36:52: 读取文件成功
2017-10-03T19:37:52: 读取文件成功
2017-10-03T19:38:52: 读取文件成功
2017-10-03T19:39:52: 读取文件成功
2017-10-03T19:40:52: 读取文件成功
2017-10-03T19:41:52: 读取文件成功
2017-10-03T19:42:52: 读取文件成功
2017-10-03T19:43:52: 读取文件成功
2017-10-03T19:44:52: 读取文件成功
2017-10-03T19:45:52: 读取文件成功
2017-10-03T19:46:52: 读取文件成功
2017-10-03T19:47:53: 读取文件成功
2017-10-03T19:48:52: 读取文件成功
2017-10-03T19:49:52: 读取文件成功
2017-10-03T19:50:52: 读取文件成功
2017-10-03T19:51:52: 读取文件成功
2017-10-03T19:52:52: 读取文件成功
2017-10-03T19:53:52: 读取文件成功
2017-10-03T19:54:52: 读取文件成功
2017-10-03T19:55:52: 读取文件成功
2017-10-03T19:56:52: 读取文件成功
2017-10-03T19:57:52: 读取文件成功
2017-10-03T19:58:52: 读取文件成功
2017-10-03T19:59:52: 读取文件成功
2017-10-03T20:00:52: 读取文件成功
2017-10-03T20:01:52: 读取文件成功
2017-10-03T20:02:52: 读取文件成功
2017-10-03T20:03:52: 读取文件成功
2017-10-03T20:04:52: 读取文件成功
2017-10-03T20:05:52: 读取文件成功
2017-10-03T20:06:52: 读取文件成功
2017-10-03T20:07:52: 读取文件成功
2017-10-03T20:08:52: 读取文件成功
2017-10-03T20:09:52: 读取文件成功
2017-10-03T20:10:52: 读取文件成功
2017-10-03T20:11:52: 读取文件成功
2017-10-03T20:12:52: 读取文件成功
2017-10-03T20:13:52: 读取文件成功
2017-10-03T20:14:52: 读取文件成功
2017-10-03T20:15:52: 读取文件成功
2017-10-03T20:16:52: 读取文件成功
2017-10-03T20:17:52: 读取文件成功
2017-10-03T20:18:52: 读取文件成功
2017-10-03T20:19:53: 读取文件成功
2017-10-03T20:20:52: 读取文件成功
2017-10-03T20:21:52: 读取文件成功
2017-10-03T20:22:52: 读取文件成功
2017-10-03T20:23:52: 读取文件成功
2017-10-03T20:24:52: 读取文件成功
2017-10-03T20:25:52: 读取文件成功
2017-10-03T20:26:53: 读取文件成功
2017-10-03T20:28:07: 读取文件成功
2017-10-03T20:28:52: 读取文件成功
2017-10-03T20:29:52: 读取文件成功
2017-10-03T20:30:52: 读取文件成功
2017-10-03T20:31:52: 读取文件成功
2017-10-03T20:32:52: 读取文件成功
2017-10-03T20:33:52: 读取文件成功
2017-10-03T20:34:52: 读取文件成功
2017-10-03T20:35:52: 读取文件成功
2017-10-03T20:36:52: 读取文件成功
2017-10-03T20:37:52: 读取文件成功
2017-10-03T20:38:52: 读取文件成功
2017-10-03T20:39:52: 读取文件成功
2017-10-03T20:40:52: 读取文件成功
2017-10-03T20:43:27: 读取文件成功
2017-10-03T20:43:52: 读取文件成功
2017-10-03T20:44:53: 读取文件成功
2017-10-03T20:45:52: 读取文件成功
2017-10-03T20:46:52: 读取文件成功
2017-10-03T20:47:52: 读取文件成功
2017-10-03T20:48:52: 读取文件成功
2017-10-03T20:49:52: 读取文件成功
2017-10-03T20:50:53: 读取文件成功
2017-10-03T20:51:53: 读取文件成功
2017-10-03T20:52:52: 读取文件成功
2017-10-03T20:53:52: 读取文件成功
2017-10-03T20:54:52: 读取文件成功
2017-10-03T20:55:52: 读取文件成功
2017-10-03T20:56:52: 读取文件成功
2017-10-03T20:57:52: 读取文件成功
2017-10-03T20:59:20: 读取文件成功
2017-10-03T20:59:53: 读取文件成功
2017-10-03T21:00:52: 读取文件成功
2017-10-03T21:01:54: 读取文件成功
2017-10-03T21:02:52: 读取文件成功
2017-10-03T21:04:10: 读取文件成功
2017-10-03T21:04:52: 读取文件成功
2017-10-03T21:05:52: 读取文件成功
2017-10-03T21:06:52: 读取文件成功
2017-10-03T21:07:56: 读取文件成功
2017-10-03T21:08:52: 读取文件成功
2017-10-03T21:09:52: 读取文件成功
2017-10-03T21:10:52: 读取文件成功
2017-10-03T21:11:52: 读取文件成功
2017-10-03T21:12:52: 读取文件成功
2017-10-03T21:13:52: 读取文件成功
2017-10-03T21:14:52: 读取文件成功
2017-10-03T21:15:52: 读取文件成功
2017-10-03T21:17:52: 读取文件成功
2017-10-03T21:18:52: 读取文件成功
2017-10-03T21:19:52: 读取文件成功
2017-10-03T21:20:53: 读取文件成功
2017-10-03T21:21:52: 读取文件成功
2017-10-03T21:22:52: 读取文件成功
2017-10-03T21:23:52: 读取文件成功
2017-10-03T21:24:52: 读取文件成功
2017-10-03T21:25:53: 读取文件成功
2017-10-03T21:26:52: 读取文件成功
2017-10-03T21:27:53: 读取文件成功
2017-10-03T21:28:53: 读取文件成功
2017-10-03T21:29:53: 读取文件成功
2017-10-03T21:30:53: 读取文件成功
2017-10-03T21:31:53: 读取文件成功
2017-10-03T21:32:53: 读取文件成功
2017-10-03T21:33:53: 读取文件成功
2017-10-03T21:34:53: 读取文件成功
2017-10-03T21:35:53: 读取文件成功
2017-10-03T21:36:53: 读取文件成功
2017-10-03T21:37:53: 读取文件成功
2017-10-03T21:38:53: 读取文件成功
2017-10-03T21:39:53: 读取文件成功
2017-10-03T21:40:53: 读取文件成功
2017-10-03T21:41:53: 读取文件成功
2017-10-03T21:42:53: 读取文件成功
2017-10-03T21:43:53: 读取文件成功
2017-10-03T21:44:53: 读取文件成功
2017-10-03T21:45:53: 读取文件成功
2017-10-03T21:46:53: 读取文件成功
2017-10-03T21:47:53: 读取文件成功
2017-10-03T21:48:53: 读取文件成功
2017-10-03T21:49:53: 读取文件成功
2017-10-03T21:50:53: 读取文件成功
2017-10-03T21:51:53: 读取文件成功
2017-10-03T21:52:53: 读取文件成功
2017-10-03T21:53:53: 读取文件成功
2017-10-03T21:54:53: 读取文件成功
2017-10-03T21:55:54: 读取文件成功
2017-10-03T21:56:53: 读取文件成功
2017-10-03T21:57:53: 读取文件成功
2017-10-03T21:58:53: 读取文件成功
2017-10-03T21:59:53: 读取文件成功
2017-10-03T22:00:53: 读取文件成功
2017-10-03T22:01:53: 读取文件成功
2017-10-03T22:02:53: 读取文件成功
2017-10-03T22:03:53: 读取文件成功
2017-10-03T22:04:53: 读取文件成功
2017-10-03T22:05:53: 读取文件成功
2017-10-03T22:06:53: 读取文件成功
2017-10-03T22:07:53: 读取文件成功
2017-10-03T22:08:53: 读取文件成功
2017-10-03T22:09:53: 读取文件成功
2017-10-03T22:10:54: 读取文件成功
2017-10-03T22:11:53: 读取文件成功
2017-10-03T22:12:53: 读取文件成功
2017-10-03T22:13:53: 读取文件成功
2017-10-03T22:14:53: 读取文件成功
2017-10-03T22:15:53: 读取文件成功
2017-10-03T22:16:53: 读取文件成功
2017-10-03T22:17:53: 读取文件成功
2017-10-03T22:18:53: 读取文件成功
2017-10-03T22:19:53: 读取文件成功
2017-10-03T22:20:53: 读取文件成功
2017-10-03T22:21:53: 读取文件成功
2017-10-03T22:22:53: 读取文件成功
2017-10-03T22:23:53: 读取文件成功
2017-10-03T22:24:53: 读取文件成功
2017-10-03T22:25:53: 读取文件成功
2017-10-03T22:26:53: 读取文件成功
2017-10-03T22:27:53: 读取文件成功
2017-10-03T22:28:53: 读取文件成功
2017-10-03T22:29:53: 读取文件成功
2017-10-03T22:30:53: 读取文件成功
2017-10-03T22:31:53: 读取文件成功
2017-10-03T22:32:53: 读取文件成功
2017-10-03T22:33:53: 读取文件成功
2017-10-03T22:34:53: 读取文件成功
2017-10-03T22:35:53: 读取文件成功
2017-10-03T22:36:53: 读取文件成功
2017-10-03T22:37:53: 读取文件成功
2017-10-03T22:38:53: 读取文件成功
2017-10-03T22:39:53: 读取文件成功
2017-10-03T22:40:53: 读取文件成功
2017-10-03T22:41:53: 读取文件成功
2017-10-03T22:42:53: 读取文件成功
2017-10-03T22:43:53: 读取文件成功
2017-10-03T22:44:53: 读取文件成功
2017-10-03T22:45:53: 读取文件成功
2017-10-03T22:46:53: 读取文件成功
2017-10-03T22:47:53: 读取文件成功
2017-10-03T22:48:54: 读取文件成功
2017-10-03T22:49:53: 读取文件成功
2017-10-03T22:50:53: 读取文件成功
2017-10-03T22:51:53: 读取文件成功
2017-10-03T22:52:53: 读取文件成功
2017-10-03T22:53:53: 读取文件成功
2017-10-03T22:54:54: 读取文件成功
2017-10-03T22:55:53: 读取文件成功
2017-10-03T22:56:53: 读取文件成功
2017-10-03T22:57:53: 读取文件成功
2017-10-03T22:58:53: 读取文件成功
2017-10-03T22:59:54: 读取文件成功
2017-10-03T23:00:54: 读取文件成功
2017-10-03T23:01:53: 读取文件成功
2017-10-03T23:02:53: 读取文件成功
2017-10-03T23:03:54: 读取文件成功
2017-10-03T23:04:54: 读取文件成功
2017-10-03T23:05:54: 读取文件成功
2017-10-03T23:06:54: 读取文件成功
2017-10-03T23:07:54: 读取文件成功
2017-10-03T23:08:54: 读取文件成功
2017-10-03T23:09:54: 读取文件成功
2017-10-03T23:10:54: 读取文件成功
2017-10-03T23:11:54: 读取文件成功
2017-10-03T23:12:54: 读取文件成功
2017-10-03T23:13:54: 读取文件成功
2017-10-03T23:14:54: 读取文件成功
2017-10-03T23:15:54: 读取文件成功
2017-10-03T23:16:54: 读取文件成功
2017-10-03T23:17:54: 读取文件成功
2017-10-03T23:18:54: 读取文件成功
2017-10-03T23:19:54: 读取文件成功
2017-10-03T23:20:54: 读取文件成功
2017-10-03T23:21:54: 读取文件成功
2017-10-03T23:22:54: 读取文件成功
2017-10-03T23:23:54: 读取文件成功
2017-10-03T23:24:54: 读取文件成功
2017-10-03T23:25:54: 读取文件成功
2017-10-03T23:26:54: 读取文件成功
2017-10-03T23:27:54: 读取文件成功
2017-10-03T23:28:54: 读取文件成功
2017-10-03T23:29:54: 读取文件成功
2017-10-03T23:30:54: 读取文件成功
2017-10-03T23:31:54: 读取文件成功
2017-10-03T23:32:54: 读取文件成功
2017-10-03T23:33:54: 读取文件成功
2017-10-03T23:34:54: 读取文件成功
2017-10-03T23:35:54: 读取文件成功
2017-10-03T23:36:54: 读取文件成功
2017-10-03T23:37:54: 读取文件成功
2017-10-03T23:38:54: 读取文件成功
2017-10-03T23:39:54: 读取文件成功
2017-10-03T23:40:54: 读取文件成功
2017-10-03T23:41:54: 读取文件成功
2017-10-03T23:42:54: 读取文件成功
2017-10-03T23:43:54: 读取文件成功
2017-10-03T23:44:54: 读取文件成功
2017-10-03T23:45:54: 读取文件成功
2017-10-03T23:46:54: 读取文件成功
2017-10-03T23:47:54: 读取文件成功
2017-10-03T23:48:54: 读取文件成功
2017-10-03T23:49:54: 读取文件成功
2017-10-03T23:50:54: 非记录时间：2017-10-03T23:50:54+08:00
2017-10-03T23:51:54: 非记录时间：2017-10-03T23:51:54+08:00
2017-10-03T23:52:54: 非记录时间：2017-10-03T23:52:54+08:00
2017-10-03T23:53:54: 非记录时间：2017-10-03T23:53:54+08:00
2017-10-03T23:54:54: 非记录时间：2017-10-03T23:54:54+08:00
2017-10-03T23:55:54: 非记录时间：2017-10-03T23:55:54+08:00
2017-10-03T23:56:54: 非记录时间：2017-10-03T23:56:54+08:00
2017-10-03T23:57:54: 非记录时间：2017-10-03T23:57:54+08:00
2017-10-03T23:58:54: 非记录时间：2017-10-03T23:58:54+08:00
2017-10-03T23:59:54: 非记录时间：2017-10-03T23:59:54+08:00
