2017-05-18T00:00:09: 非记录时间：2017-05-18T00:00:09+08:00
2017-05-18T00:01:09: 非记录时间：2017-05-18T00:01:09+08:00
2017-05-18T00:02:09: 非记录时间：2017-05-18T00:02:09+08:00
2017-05-18T00:03:09: 非记录时间：2017-05-18T00:03:09+08:00
2017-05-18T00:04:09: 非记录时间：2017-05-18T00:04:09+08:00
2017-05-18T00:05:09: 非记录时间：2017-05-18T00:05:09+08:00
2017-05-18T00:06:09: 非记录时间：2017-05-18T00:06:09+08:00
2017-05-18T00:07:09: 非记录时间：2017-05-18T00:07:09+08:00
2017-05-18T00:08:09: 非记录时间：2017-05-18T00:08:09+08:00
2017-05-18T00:09:09: 非记录时间：2017-05-18T00:09:09+08:00
2017-05-18T00:10:09: 非记录时间：2017-05-18T00:10:09+08:00
2017-05-18T00:11:09: 非记录时间：2017-05-18T00:11:09+08:00
2017-05-18T00:12:09: 非记录时间：2017-05-18T00:12:09+08:00
2017-05-18T00:13:09: 非记录时间：2017-05-18T00:13:09+08:00
2017-05-18T00:14:09: 非记录时间：2017-05-18T00:14:09+08:00
2017-05-18T00:15:09: 非记录时间：2017-05-18T00:15:09+08:00
2017-05-18T00:16:09: 非记录时间：2017-05-18T00:16:09+08:00
2017-05-18T00:17:09: 非记录时间：2017-05-18T00:17:09+08:00
2017-05-18T00:18:09: 非记录时间：2017-05-18T00:18:09+08:00
2017-05-18T00:19:09: 非记录时间：2017-05-18T00:19:09+08:00
2017-05-18T00:20:09: 非记录时间：2017-05-18T00:20:09+08:00
2017-05-18T00:21:09: 非记录时间：2017-05-18T00:21:09+08:00
2017-05-18T00:22:09: 非记录时间：2017-05-18T00:22:09+08:00
2017-05-18T00:23:09: 非记录时间：2017-05-18T00:23:09+08:00
2017-05-18T00:24:09: 非记录时间：2017-05-18T00:24:09+08:00
2017-05-18T00:25:09: 非记录时间：2017-05-18T00:25:09+08:00
2017-05-18T00:26:09: 非记录时间：2017-05-18T00:26:09+08:00
2017-05-18T00:27:09: 非记录时间：2017-05-18T00:27:09+08:00
2017-05-18T00:28:09: 非记录时间：2017-05-18T00:28:09+08:00
2017-05-18T00:29:09: 非记录时间：2017-05-18T00:29:09+08:00
2017-05-18T00:30:09: 非记录时间：2017-05-18T00:30:09+08:00
2017-05-18T00:31:09: 非记录时间：2017-05-18T00:31:09+08:00
2017-05-18T00:32:09: 非记录时间：2017-05-18T00:32:09+08:00
2017-05-18T00:33:09: 非记录时间：2017-05-18T00:33:09+08:00
2017-05-18T00:34:09: 非记录时间：2017-05-18T00:34:09+08:00
2017-05-18T00:35:09: 非记录时间：2017-05-18T00:35:09+08:00
2017-05-18T00:36:09: 非记录时间：2017-05-18T00:36:09+08:00
2017-05-18T00:37:09: 非记录时间：2017-05-18T00:37:09+08:00
2017-05-18T00:38:09: 非记录时间：2017-05-18T00:38:09+08:00
2017-05-18T00:39:09: 非记录时间：2017-05-18T00:39:09+08:00
2017-05-18T00:40:09: 非记录时间：2017-05-18T00:40:09+08:00
2017-05-18T00:41:09: 非记录时间：2017-05-18T00:41:09+08:00
2017-05-18T00:42:09: 非记录时间：2017-05-18T00:42:09+08:00
2017-05-18T00:43:09: 非记录时间：2017-05-18T00:43:09+08:00
2017-05-18T00:44:09: 非记录时间：2017-05-18T00:44:09+08:00
2017-05-18T00:45:09: 非记录时间：2017-05-18T00:45:09+08:00
2017-05-18T00:46:09: 非记录时间：2017-05-18T00:46:09+08:00
2017-05-18T00:47:09: 非记录时间：2017-05-18T00:47:09+08:00
2017-05-18T00:48:09: 非记录时间：2017-05-18T00:48:09+08:00
2017-05-18T00:49:09: 非记录时间：2017-05-18T00:49:09+08:00
2017-05-18T00:50:09: 非记录时间：2017-05-18T00:50:09+08:00
2017-05-18T00:51:09: 非记录时间：2017-05-18T00:51:09+08:00
2017-05-18T00:52:09: 非记录时间：2017-05-18T00:52:09+08:00
2017-05-18T00:53:09: 非记录时间：2017-05-18T00:53:09+08:00
2017-05-18T00:54:09: 非记录时间：2017-05-18T00:54:09+08:00
2017-05-18T00:55:09: 非记录时间：2017-05-18T00:55:09+08:00
2017-05-18T00:56:09: 非记录时间：2017-05-18T00:56:09+08:00
2017-05-18T00:57:09: 非记录时间：2017-05-18T00:57:09+08:00
2017-05-18T00:58:09: 非记录时间：2017-05-18T00:58:09+08:00
2017-05-18T00:59:09: 非记录时间：2017-05-18T00:59:09+08:00
2017-05-18T01:00:09: 非记录时间：2017-05-18T01:00:09+08:00
2017-05-18T01:01:09: 非记录时间：2017-05-18T01:01:09+08:00
2017-05-18T01:02:09: 非记录时间：2017-05-18T01:02:09+08:00
2017-05-18T01:03:09: 非记录时间：2017-05-18T01:03:09+08:00
2017-05-18T01:04:09: 非记录时间：2017-05-18T01:04:09+08:00
2017-05-18T01:05:09: 非记录时间：2017-05-18T01:05:09+08:00
2017-05-18T01:06:09: 非记录时间：2017-05-18T01:06:09+08:00
2017-05-18T01:07:09: 非记录时间：2017-05-18T01:07:09+08:00
2017-05-18T01:08:09: 非记录时间：2017-05-18T01:08:09+08:00
2017-05-18T01:09:09: 非记录时间：2017-05-18T01:09:09+08:00
2017-05-18T01:10:09: 非记录时间：2017-05-18T01:10:09+08:00
2017-05-18T01:11:10: 读取文件失败，可能是该文件不存在
2017-05-18T01:11:10: Error: ENOENT: no such file or directory, open './data/2017-05-18.json'
2017-05-18T01:12:09: 读取文件成功
2017-05-18T01:13:10: 读取文件成功
2017-05-18T01:14:09: 读取文件成功
2017-05-18T01:15:10: 读取文件成功
2017-05-18T01:16:09: 读取文件成功
2017-05-18T01:17:10: 读取文件成功
2017-05-18T01:18:09: 读取文件成功
2017-05-18T01:19:10: 读取文件成功
2017-05-18T01:20:10: 读取文件成功
2017-05-18T01:21:10: 读取文件成功
2017-05-18T01:22:10: 读取文件成功
2017-05-18T01:23:10: 读取文件成功
2017-05-18T01:24:10: 读取文件成功
2017-05-18T01:25:10: 读取文件成功
2017-05-18T01:26:10: 读取文件成功
2017-05-18T01:27:10: 读取文件成功
2017-05-18T01:28:10: 读取文件成功
2017-05-18T01:29:10: 读取文件成功
2017-05-18T01:30:10: 读取文件成功
2017-05-18T01:31:10: 读取文件成功
2017-05-18T01:32:10: 读取文件成功
2017-05-18T01:33:10: 读取文件成功
2017-05-18T01:34:10: 读取文件成功
2017-05-18T01:35:10: 读取文件成功
2017-05-18T01:36:10: 读取文件成功
2017-05-18T01:37:10: 读取文件成功
2017-05-18T01:38:10: 读取文件成功
2017-05-18T01:39:10: 读取文件成功
2017-05-18T01:40:10: 读取文件成功
2017-05-18T01:41:12: 读取文件成功
2017-05-18T01:42:10: 读取文件成功
2017-05-18T01:43:10: 读取文件成功
2017-05-18T01:44:10: 读取文件成功
2017-05-18T01:45:10: 读取文件成功
2017-05-18T01:46:10: 读取文件成功
2017-05-18T01:47:10: 读取文件成功
2017-05-18T01:48:10: 读取文件成功
2017-05-18T01:49:10: 读取文件成功
2017-05-18T01:50:10: 读取文件成功
2017-05-18T01:51:10: 读取文件成功
2017-05-18T01:52:10: 读取文件成功
2017-05-18T01:53:10: 读取文件成功
2017-05-18T01:54:10: 读取文件成功
2017-05-18T01:55:10: 读取文件成功
2017-05-18T01:56:10: 读取文件成功
2017-05-18T01:57:10: 读取文件成功
2017-05-18T01:58:10: 读取文件成功
2017-05-18T01:59:10: 读取文件成功
2017-05-18T02:00:10: 读取文件成功
2017-05-18T02:01:10: 读取文件成功
2017-05-18T02:02:10: 读取文件成功
2017-05-18T02:03:10: 读取文件成功
2017-05-18T02:04:10: 读取文件成功
2017-05-18T02:05:10: 读取文件成功
2017-05-18T02:06:10: 读取文件成功
2017-05-18T02:07:10: 读取文件成功
2017-05-18T02:08:10: 读取文件成功
2017-05-18T02:09:10: 读取文件成功
2017-05-18T02:10:10: 读取文件成功
2017-05-18T02:11:10: 读取文件成功
2017-05-18T02:12:10: 读取文件成功
2017-05-18T02:13:10: 读取文件成功
2017-05-18T02:14:10: 读取文件成功
2017-05-18T02:15:10: 读取文件成功
2017-05-18T02:16:10: 读取文件成功
2017-05-18T02:17:10: 读取文件成功
2017-05-18T02:18:10: 读取文件成功
2017-05-18T02:19:10: 读取文件成功
2017-05-18T02:20:10: 读取文件成功
2017-05-18T02:21:10: 读取文件成功
2017-05-18T02:22:10: 读取文件成功
2017-05-18T02:23:10: 读取文件成功
2017-05-18T02:24:10: 读取文件成功
2017-05-18T02:25:10: 读取文件成功
2017-05-18T02:26:10: 读取文件成功
2017-05-18T02:27:10: 读取文件成功
2017-05-18T02:28:10: 读取文件成功
2017-05-18T02:29:10: 读取文件成功
2017-05-18T02:30:10: 读取文件成功
2017-05-18T02:31:10: 读取文件成功
2017-05-18T02:32:10: 读取文件成功
2017-05-18T02:33:10: 读取文件成功
2017-05-18T02:34:10: 读取文件成功
2017-05-18T02:35:10: 读取文件成功
2017-05-18T02:36:10: 读取文件成功
2017-05-18T02:37:10: 读取文件成功
2017-05-18T02:38:10: 读取文件成功
2017-05-18T02:39:10: 读取文件成功
2017-05-18T02:40:10: 读取文件成功
2017-05-18T02:41:10: 读取文件成功
2017-05-18T02:42:10: 读取文件成功
2017-05-18T02:43:10: 读取文件成功
2017-05-18T02:44:10: 读取文件成功
2017-05-18T02:45:10: 读取文件成功
2017-05-18T02:46:11: 读取文件成功
2017-05-18T02:47:10: 读取文件成功
2017-05-18T02:48:10: 读取文件成功
2017-05-18T02:49:10: 读取文件成功
2017-05-18T02:50:10: 读取文件成功
2017-05-18T02:51:10: 读取文件成功
2017-05-18T02:52:11: 读取文件成功
2017-05-18T02:53:10: 读取文件成功
2017-05-18T02:54:10: 读取文件成功
2017-05-18T02:55:10: 读取文件成功
2017-05-18T02:56:10: 读取文件成功
2017-05-18T02:57:10: 读取文件成功
2017-05-18T02:58:11: 读取文件成功
2017-05-18T02:59:10: 读取文件成功
2017-05-18T03:00:10: 读取文件成功
2017-05-18T03:01:11: 读取文件成功
2017-05-18T03:02:11: 读取文件成功
2017-05-18T03:03:10: 读取文件成功
2017-05-18T03:04:11: 读取文件成功
2017-05-18T03:05:11: 读取文件成功
2017-05-18T03:06:11: 读取文件成功
2017-05-18T03:07:11: 读取文件成功
2017-05-18T03:08:11: 读取文件成功
2017-05-18T03:09:11: 读取文件成功
2017-05-18T03:10:11: 读取文件成功
2017-05-18T03:11:11: 读取文件成功
2017-05-18T03:12:11: 读取文件成功
2017-05-18T03:13:11: 读取文件成功
2017-05-18T03:14:11: 读取文件成功
2017-05-18T03:15:11: 读取文件成功
2017-05-18T03:16:11: 读取文件成功
2017-05-18T03:17:11: 读取文件成功
2017-05-18T03:18:11: 读取文件成功
2017-05-18T03:19:11: 读取文件成功
2017-05-18T03:20:11: 读取文件成功
2017-05-18T03:21:11: 读取文件成功
2017-05-18T03:22:11: 读取文件成功
2017-05-18T03:23:11: 读取文件成功
2017-05-18T03:24:11: 读取文件成功
2017-05-18T03:25:11: 读取文件成功
2017-05-18T03:26:11: 读取文件成功
2017-05-18T03:27:11: 读取文件成功
2017-05-18T03:28:11: 读取文件成功
2017-05-18T03:29:11: 读取文件成功
2017-05-18T03:30:11: 读取文件成功
2017-05-18T03:31:11: 读取文件成功
2017-05-18T03:32:11: 读取文件成功
2017-05-18T03:33:11: 读取文件成功
2017-05-18T03:34:11: 读取文件成功
2017-05-18T03:35:11: 读取文件成功
2017-05-18T03:36:11: 读取文件成功
2017-05-18T03:37:11: 读取文件成功
2017-05-18T03:38:11: 读取文件成功
2017-05-18T03:39:11: 读取文件成功
2017-05-18T03:40:11: 读取文件成功
2017-05-18T03:41:11: 读取文件成功
2017-05-18T03:42:11: 读取文件成功
2017-05-18T03:43:11: 读取文件成功
2017-05-18T03:44:11: 读取文件成功
2017-05-18T03:45:11: 读取文件成功
2017-05-18T03:46:11: 读取文件成功
2017-05-18T03:47:11: 读取文件成功
2017-05-18T03:48:11: 读取文件成功
2017-05-18T03:49:11: 读取文件成功
2017-05-18T03:50:11: 读取文件成功
2017-05-18T03:51:11: 读取文件成功
2017-05-18T03:52:11: 读取文件成功
2017-05-18T03:53:11: 读取文件成功
2017-05-18T03:54:11: 读取文件成功
2017-05-18T03:55:11: 读取文件成功
2017-05-18T03:56:11: 读取文件成功
2017-05-18T03:57:11: 读取文件成功
2017-05-18T03:58:11: 读取文件成功
2017-05-18T03:59:11: 读取文件成功
2017-05-18T04:00:11: 读取文件成功
2017-05-18T04:01:11: 读取文件成功
2017-05-18T04:02:11: 读取文件成功
2017-05-18T04:03:11: 读取文件成功
2017-05-18T04:04:11: 读取文件成功
2017-05-18T04:05:11: 读取文件成功
2017-05-18T04:06:11: 读取文件成功
2017-05-18T04:07:11: 读取文件成功
2017-05-18T04:08:11: 读取文件成功
2017-05-18T04:09:11: 读取文件成功
2017-05-18T04:10:11: 读取文件成功
2017-05-18T04:11:11: 读取文件成功
2017-05-18T04:12:11: 读取文件成功
2017-05-18T04:13:11: 读取文件成功
2017-05-18T04:14:11: 读取文件成功
2017-05-18T04:15:11: 读取文件成功
2017-05-18T04:16:11: 读取文件成功
2017-05-18T04:17:11: 读取文件成功
2017-05-18T04:18:11: 读取文件成功
2017-05-18T04:19:11: 读取文件成功
2017-05-18T04:20:11: 读取文件成功
2017-05-18T04:21:11: 读取文件成功
2017-05-18T04:22:11: 读取文件成功
2017-05-18T04:23:11: 读取文件成功
2017-05-18T04:24:11: 读取文件成功
2017-05-18T04:25:11: 读取文件成功
2017-05-18T04:26:11: 读取文件成功
2017-05-18T04:27:11: 读取文件成功
2017-05-18T04:28:11: 读取文件成功
2017-05-18T04:29:11: 读取文件成功
2017-05-18T04:30:12: 读取文件成功
2017-05-18T04:31:11: 读取文件成功
2017-05-18T04:32:11: 读取文件成功
2017-05-18T04:33:11: 读取文件成功
2017-05-18T04:34:12: 读取文件成功
2017-05-18T04:35:11: 读取文件成功
2017-05-18T04:36:11: 读取文件成功
2017-05-18T04:37:11: 读取文件成功
2017-05-18T04:38:11: 读取文件成功
2017-05-18T04:39:11: 读取文件成功
2017-05-18T04:40:12: 读取文件成功
2017-05-18T04:41:11: 读取文件成功
2017-05-18T04:42:11: 读取文件成功
2017-05-18T04:43:12: 读取文件成功
2017-05-18T04:44:12: 读取文件成功
2017-05-18T04:45:12: 读取文件成功
2017-05-18T04:46:12: 读取文件成功
2017-05-18T04:47:12: 读取文件成功
2017-05-18T04:48:12: 读取文件成功
2017-05-18T04:49:12: 读取文件成功
2017-05-18T04:50:12: 读取文件成功
2017-05-18T04:51:12: 读取文件成功
2017-05-18T04:52:12: 读取文件成功
2017-05-18T04:53:12: 读取文件成功
2017-05-18T04:54:12: 读取文件成功
2017-05-18T04:55:12: 读取文件成功
2017-05-18T04:56:12: 读取文件成功
2017-05-18T04:57:12: 读取文件成功
2017-05-18T04:58:12: 读取文件成功
2017-05-18T04:59:12: 读取文件成功
2017-05-18T05:00:12: 读取文件成功
2017-05-18T05:01:12: 读取文件成功
2017-05-18T05:02:12: 读取文件成功
2017-05-18T05:03:12: 读取文件成功
2017-05-18T05:04:12: 读取文件成功
2017-05-18T05:05:12: 读取文件成功
2017-05-18T05:06:12: 读取文件成功
2017-05-18T05:07:12: 读取文件成功
2017-05-18T05:08:12: 读取文件成功
2017-05-18T05:09:12: 读取文件成功
2017-05-18T05:10:12: 读取文件成功
2017-05-18T05:11:12: 读取文件成功
2017-05-18T05:12:12: 读取文件成功
2017-05-18T05:13:12: 读取文件成功
2017-05-18T05:14:12: 读取文件成功
2017-05-18T05:15:12: 读取文件成功
2017-05-18T05:16:12: 读取文件成功
2017-05-18T05:17:12: 读取文件成功
2017-05-18T05:18:12: 读取文件成功
2017-05-18T05:19:12: 读取文件成功
2017-05-18T05:20:12: 读取文件成功
2017-05-18T05:21:12: 读取文件成功
2017-05-18T05:22:12: 读取文件成功
2017-05-18T05:23:12: 读取文件成功
2017-05-18T05:24:12: 读取文件成功
2017-05-18T05:25:12: 读取文件成功
2017-05-18T05:26:12: 读取文件成功
2017-05-18T05:27:12: 读取文件成功
2017-05-18T05:28:12: 读取文件成功
2017-05-18T05:29:12: 读取文件成功
2017-05-18T05:30:12: 读取文件成功
2017-05-18T05:31:12: 读取文件成功
2017-05-18T05:32:12: 读取文件成功
2017-05-18T05:33:12: 读取文件成功
2017-05-18T05:34:12: 读取文件成功
2017-05-18T05:35:12: 读取文件成功
2017-05-18T05:36:12: 读取文件成功
2017-05-18T05:37:12: 读取文件成功
2017-05-18T05:38:12: 读取文件成功
2017-05-18T05:39:12: 读取文件成功
2017-05-18T05:40:12: 读取文件成功
2017-05-18T05:41:12: 读取文件成功
2017-05-18T05:42:12: 读取文件成功
2017-05-18T05:43:12: 读取文件成功
2017-05-18T05:44:12: 读取文件成功
2017-05-18T05:45:12: 读取文件成功
2017-05-18T05:46:12: 读取文件成功
2017-05-18T05:47:12: 读取文件成功
2017-05-18T05:48:12: 读取文件成功
2017-05-18T05:49:12: 读取文件成功
2017-05-18T05:50:12: 读取文件成功
2017-05-18T05:51:12: 读取文件成功
2017-05-18T05:52:12: 读取文件成功
2017-05-18T05:53:12: 读取文件成功
2017-05-18T05:54:12: 读取文件成功
2017-05-18T05:55:12: 读取文件成功
2017-05-18T05:56:12: 读取文件成功
2017-05-18T05:57:12: 读取文件成功
2017-05-18T05:58:12: 读取文件成功
2017-05-18T05:59:12: 读取文件成功
2017-05-18T06:00:12: 读取文件成功
2017-05-18T06:01:12: 读取文件成功
2017-05-18T06:02:12: 读取文件成功
2017-05-18T06:03:12: 读取文件成功
2017-05-18T06:04:12: 读取文件成功
2017-05-18T06:05:12: 读取文件成功
2017-05-18T06:06:12: 读取文件成功
2017-05-18T06:07:12: 读取文件成功
2017-05-18T06:08:12: 读取文件成功
2017-05-18T06:09:12: 读取文件成功
2017-05-18T06:10:12: 读取文件成功
2017-05-18T06:11:12: 读取文件成功
2017-05-18T06:12:12: 读取文件成功
2017-05-18T06:13:12: 读取文件成功
2017-05-18T06:14:12: 读取文件成功
2017-05-18T06:15:13: 读取文件成功
2017-05-18T06:16:12: 读取文件成功
2017-05-18T06:17:12: 读取文件成功
2017-05-18T06:18:12: 读取文件成功
2017-05-18T06:19:13: 读取文件成功
2017-05-18T06:20:12: 读取文件成功
2017-05-18T06:21:13: 读取文件成功
2017-05-18T06:22:12: 读取文件成功
2017-05-18T06:23:12: 读取文件成功
2017-05-18T06:24:13: 读取文件成功
2017-05-18T06:25:13: 读取文件成功
2017-05-18T06:26:13: 读取文件成功
2017-05-18T06:27:13: 读取文件成功
2017-05-18T06:28:13: 读取文件成功
2017-05-18T06:29:13: 读取文件成功
2017-05-18T06:30:13: 读取文件成功
2017-05-18T06:31:13: 读取文件成功
2017-05-18T06:32:13: 读取文件成功
2017-05-18T06:33:13: 读取文件成功
2017-05-18T06:34:13: 读取文件成功
2017-05-18T06:35:13: 读取文件成功
2017-05-18T06:36:13: 读取文件成功
2017-05-18T06:37:13: 读取文件成功
2017-05-18T06:38:13: 读取文件成功
2017-05-18T06:39:13: 读取文件成功
2017-05-18T06:40:13: 读取文件成功
2017-05-18T06:41:13: 读取文件成功
2017-05-18T06:42:13: 读取文件成功
2017-05-18T06:43:13: 读取文件成功
2017-05-18T06:44:13: 读取文件成功
2017-05-18T06:45:13: 读取文件成功
2017-05-18T06:46:13: 读取文件成功
2017-05-18T06:47:13: 读取文件成功
2017-05-18T06:48:13: 读取文件成功
2017-05-18T06:49:13: 读取文件成功
2017-05-18T06:50:13: 读取文件成功
2017-05-18T06:51:13: 读取文件成功
2017-05-18T06:52:13: 读取文件成功
2017-05-18T06:53:13: 读取文件成功
2017-05-18T06:54:13: 读取文件成功
2017-05-18T06:55:13: 读取文件成功
2017-05-18T06:56:13: 读取文件成功
2017-05-18T06:57:13: 读取文件成功
2017-05-18T06:58:13: 读取文件成功
2017-05-18T06:59:13: 读取文件成功
2017-05-18T07:00:13: 读取文件成功
2017-05-18T07:01:13: 读取文件成功
2017-05-18T07:02:13: 读取文件成功
2017-05-18T07:03:13: 读取文件成功
2017-05-18T07:04:13: 读取文件成功
2017-05-18T07:05:13: 读取文件成功
2017-05-18T07:06:13: 读取文件成功
2017-05-18T07:07:13: 读取文件成功
2017-05-18T07:08:13: 读取文件成功
2017-05-18T07:09:13: 读取文件成功
2017-05-18T07:10:13: 读取文件成功
2017-05-18T07:11:13: 读取文件成功
2017-05-18T07:12:13: 读取文件成功
2017-05-18T07:13:13: 读取文件成功
2017-05-18T07:14:13: 读取文件成功
2017-05-18T07:15:13: 读取文件成功
2017-05-18T07:16:13: 读取文件成功
2017-05-18T07:17:13: 读取文件成功
2017-05-18T07:18:13: 读取文件成功
2017-05-18T07:19:13: 读取文件成功
2017-05-18T07:20:13: 读取文件成功
2017-05-18T07:21:13: 读取文件成功
2017-05-18T07:22:13: 读取文件成功
2017-05-18T07:23:13: 读取文件成功
2017-05-18T07:24:13: 读取文件成功
2017-05-18T07:25:13: 读取文件成功
2017-05-18T07:26:13: 读取文件成功
2017-05-18T07:27:13: 读取文件成功
2017-05-18T07:28:13: 读取文件成功
2017-05-18T07:29:13: 读取文件成功
2017-05-18T07:30:13: 读取文件成功
2017-05-18T07:31:13: 读取文件成功
2017-05-18T07:32:13: 读取文件成功
2017-05-18T07:33:13: 读取文件成功
2017-05-18T07:34:13: 读取文件成功
2017-05-18T07:35:13: 读取文件成功
2017-05-18T07:36:13: 读取文件成功
2017-05-18T07:37:13: 读取文件成功
2017-05-18T07:38:13: 读取文件成功
2017-05-18T07:39:13: 读取文件成功
2017-05-18T07:40:13: 读取文件成功
2017-05-18T07:41:13: 读取文件成功
2017-05-18T07:42:13: 读取文件成功
2017-05-18T07:43:13: 读取文件成功
2017-05-18T07:44:13: 读取文件成功
2017-05-18T07:45:13: 读取文件成功
2017-05-18T07:46:13: 读取文件成功
2017-05-18T07:47:13: 读取文件成功
2017-05-18T07:48:13: 读取文件成功
2017-05-18T07:49:13: 读取文件成功
2017-05-18T07:50:13: 读取文件成功
2017-05-18T07:51:13: 读取文件成功
2017-05-18T07:52:13: 读取文件成功
2017-05-18T07:53:13: 读取文件成功
2017-05-18T07:54:13: 读取文件成功
2017-05-18T07:55:13: 读取文件成功
2017-05-18T07:56:14: 读取文件成功
2017-05-18T07:57:13: 读取文件成功
2017-05-18T07:58:13: 读取文件成功
2017-05-18T07:59:13: 读取文件成功
2017-05-18T08:00:13: 读取文件成功
2017-05-18T08:01:13: 读取文件成功
2017-05-18T08:02:14: 读取文件成功
2017-05-18T08:03:13: 读取文件成功
2017-05-18T08:04:13: 读取文件成功
2017-05-18T08:05:13: 读取文件成功
2017-05-18T08:06:13: 读取文件成功
2017-05-18T08:07:14: 读取文件成功
2017-05-18T08:08:14: 读取文件成功
2017-05-18T08:09:13: 读取文件成功
2017-05-18T08:10:14: 读取文件成功
2017-05-18T08:11:14: 读取文件成功
2017-05-18T08:12:14: 读取文件成功
2017-05-18T08:13:14: 读取文件成功
2017-05-18T08:14:14: 读取文件成功
2017-05-18T08:15:14: 读取文件成功
2017-05-18T08:16:14: 读取文件成功
2017-05-18T08:17:14: 读取文件成功
2017-05-18T08:18:14: 读取文件成功
2017-05-18T08:19:14: 读取文件成功
2017-05-18T08:20:14: 读取文件成功
2017-05-18T08:21:14: 读取文件成功
2017-05-18T08:22:14: 读取文件成功
2017-05-18T08:23:14: 读取文件成功
2017-05-18T08:24:14: 读取文件成功
2017-05-18T08:25:14: 读取文件成功
2017-05-18T08:26:14: 读取文件成功
2017-05-18T08:27:14: 读取文件成功
2017-05-18T08:28:14: 读取文件成功
2017-05-18T08:29:14: 读取文件成功
2017-05-18T08:30:14: 读取文件成功
2017-05-18T08:31:14: 读取文件成功
2017-05-18T08:32:14: 读取文件成功
2017-05-18T08:33:14: 读取文件成功
2017-05-18T08:34:14: 读取文件成功
2017-05-18T08:35:14: 读取文件成功
2017-05-18T08:36:14: 读取文件成功
2017-05-18T08:37:14: 读取文件成功
2017-05-18T08:38:14: 读取文件成功
2017-05-18T08:39:14: 读取文件成功
2017-05-18T08:40:14: 读取文件成功
2017-05-18T08:41:14: 读取文件成功
2017-05-18T08:42:14: 读取文件成功
2017-05-18T08:43:14: 读取文件成功
2017-05-18T08:44:14: 读取文件成功
2017-05-18T08:45:14: 读取文件成功
2017-05-18T08:46:14: 读取文件成功
2017-05-18T08:47:14: 读取文件成功
2017-05-18T08:48:14: 读取文件成功
2017-05-18T08:49:14: 读取文件成功
2017-05-18T08:50:14: 读取文件成功
2017-05-18T08:51:14: 读取文件成功
2017-05-18T08:52:14: 读取文件成功
2017-05-18T08:53:14: 读取文件成功
2017-05-18T08:54:14: 读取文件成功
2017-05-18T08:55:14: 读取文件成功
2017-05-18T08:56:14: 读取文件成功
2017-05-18T08:57:14: 读取文件成功
2017-05-18T08:58:14: 读取文件成功
2017-05-18T08:59:14: 读取文件成功
2017-05-18T09:00:14: 读取文件成功
2017-05-18T09:01:14: 读取文件成功
2017-05-18T09:02:14: 读取文件成功
2017-05-18T09:03:14: 读取文件成功
2017-05-18T09:04:14: 读取文件成功
2017-05-18T09:05:14: 读取文件成功
2017-05-18T09:06:14: 读取文件成功
2017-05-18T09:07:14: 读取文件成功
2017-05-18T09:08:14: 读取文件成功
2017-05-18T09:09:14: 读取文件成功
2017-05-18T09:10:14: 读取文件成功
2017-05-18T09:11:14: 读取文件成功
2017-05-18T09:12:14: 读取文件成功
2017-05-18T09:13:14: 读取文件成功
2017-05-18T09:14:14: 读取文件成功
2017-05-18T09:15:14: 读取文件成功
2017-05-18T09:16:14: 读取文件成功
2017-05-18T09:17:14: 读取文件成功
2017-05-18T09:18:14: 读取文件成功
2017-05-18T09:19:14: 读取文件成功
2017-05-18T09:20:14: 读取文件成功
2017-05-18T09:21:14: 读取文件成功
2017-05-18T09:22:14: 读取文件成功
2017-05-18T09:23:14: 读取文件成功
2017-05-18T09:24:14: 读取文件成功
2017-05-18T09:25:14: 读取文件成功
2017-05-18T09:26:14: 读取文件成功
2017-05-18T09:27:14: 读取文件成功
2017-05-18T09:28:14: 读取文件成功
2017-05-18T09:29:14: 读取文件成功
2017-05-18T09:30:14: 读取文件成功
2017-05-18T09:31:14: 读取文件成功
2017-05-18T09:32:14: 读取文件成功
2017-05-18T09:33:14: 读取文件成功
2017-05-18T09:34:14: 读取文件成功
2017-05-18T09:35:14: 读取文件成功
2017-05-18T09:36:14: 读取文件成功
2017-05-18T09:37:14: 读取文件成功
2017-05-18T09:38:14: 读取文件成功
2017-05-18T09:39:14: 读取文件成功
2017-05-18T09:40:14: 读取文件成功
2017-05-18T09:41:14: 读取文件成功
2017-05-18T09:42:14: 读取文件成功
2017-05-18T09:43:15: 读取文件成功
2017-05-18T09:44:14: 读取文件成功
2017-05-18T09:45:14: 读取文件成功
2017-05-18T09:46:14: 读取文件成功
2017-05-18T09:47:14: 读取文件成功
2017-05-18T09:48:14: 读取文件成功
2017-05-18T09:49:15: 读取文件成功
2017-05-18T09:50:14: 读取文件成功
2017-05-18T09:51:15: 读取文件成功
2017-05-18T09:52:15: 读取文件成功
2017-05-18T09:53:15: 读取文件成功
2017-05-18T09:54:15: 读取文件成功
2017-05-18T09:55:15: 读取文件成功
2017-05-18T09:56:15: 读取文件成功
2017-05-18T09:57:15: 读取文件成功
2017-05-18T09:58:15: 读取文件成功
2017-05-18T09:59:15: 读取文件成功
2017-05-18T10:00:15: 读取文件成功
2017-05-18T10:01:15: 读取文件成功
2017-05-18T10:02:15: 读取文件成功
2017-05-18T10:03:15: 读取文件成功
2017-05-18T10:04:15: 读取文件成功
2017-05-18T10:05:15: 读取文件成功
2017-05-18T10:06:15: 读取文件成功
2017-05-18T10:07:15: 读取文件成功
2017-05-18T10:08:15: 读取文件成功
2017-05-18T10:09:15: 读取文件成功
2017-05-18T10:10:15: 读取文件成功
2017-05-18T10:11:15: 读取文件成功
2017-05-18T10:12:15: 读取文件成功
2017-05-18T10:13:15: 读取文件成功
2017-05-18T10:14:15: 读取文件成功
2017-05-18T10:15:15: 读取文件成功
2017-05-18T10:16:15: 读取文件成功
2017-05-18T10:17:15: 读取文件成功
2017-05-18T10:18:15: 读取文件成功
2017-05-18T10:19:15: 读取文件成功
2017-05-18T10:20:15: 读取文件成功
2017-05-18T10:21:15: 读取文件成功
2017-05-18T10:22:15: 读取文件成功
2017-05-18T10:23:15: 读取文件成功
2017-05-18T10:24:15: 读取文件成功
2017-05-18T10:25:15: 读取文件成功
2017-05-18T10:26:15: 读取文件成功
2017-05-18T10:27:15: 读取文件成功
2017-05-18T10:28:15: 读取文件成功
2017-05-18T10:29:15: 读取文件成功
2017-05-18T10:30:15: 读取文件成功
2017-05-18T10:31:15: 读取文件成功
2017-05-18T10:32:15: 读取文件成功
2017-05-18T10:33:15: 读取文件成功
2017-05-18T10:34:15: 读取文件成功
2017-05-18T10:35:15: 读取文件成功
2017-05-18T10:36:15: 读取文件成功
2017-05-18T10:37:15: 读取文件成功
2017-05-18T10:38:15: 读取文件成功
2017-05-18T10:39:15: 读取文件成功
2017-05-18T10:40:15: 读取文件成功
2017-05-18T10:41:15: 读取文件成功
2017-05-18T10:42:15: 读取文件成功
2017-05-18T10:43:15: 读取文件成功
2017-05-18T10:44:15: 读取文件成功
2017-05-18T10:45:15: 读取文件成功
2017-05-18T10:46:15: 读取文件成功
2017-05-18T10:47:15: 读取文件成功
2017-05-18T10:48:15: 读取文件成功
2017-05-18T10:49:15: 读取文件成功
2017-05-18T10:50:15: 读取文件成功
2017-05-18T10:51:15: 读取文件成功
2017-05-18T10:52:15: 读取文件成功
2017-05-18T10:53:15: 读取文件成功
2017-05-18T10:54:15: 读取文件成功
2017-05-18T10:55:15: 读取文件成功
2017-05-18T10:56:15: 读取文件成功
2017-05-18T10:57:15: 读取文件成功
2017-05-18T10:58:15: 读取文件成功
2017-05-18T10:59:15: 读取文件成功
2017-05-18T11:00:15: 读取文件成功
2017-05-18T11:01:15: 读取文件成功
2017-05-18T11:02:15: 读取文件成功
2017-05-18T11:03:15: 读取文件成功
2017-05-18T11:04:15: 读取文件成功
2017-05-18T11:05:15: 读取文件成功
2017-05-18T11:06:15: 读取文件成功
2017-05-18T11:07:15: 读取文件成功
2017-05-18T11:08:15: 读取文件成功
2017-05-18T11:09:15: 读取文件成功
2017-05-18T11:10:15: 读取文件成功
2017-05-18T11:11:15: 读取文件成功
2017-05-18T11:12:15: 读取文件成功
2017-05-18T11:13:15: 读取文件成功
2017-05-18T11:14:15: 读取文件成功
2017-05-18T11:15:15: 读取文件成功
2017-05-18T11:16:15: 读取文件成功
2017-05-18T11:17:15: 读取文件成功
2017-05-18T11:18:15: 读取文件成功
2017-05-18T11:19:15: 读取文件成功
2017-05-18T11:20:16: 读取文件成功
2017-05-18T11:21:15: 读取文件成功
2017-05-18T11:22:15: 读取文件成功
2017-05-18T11:23:15: 读取文件成功
2017-05-18T11:24:20: 读取文件成功
2017-05-18T11:25:15: 读取文件成功
2017-05-18T11:26:15: 读取文件成功
2017-05-18T11:27:15: 读取文件成功
2017-05-18T11:28:15: 读取文件成功
2017-05-18T11:29:15: 读取文件成功
2017-05-18T11:30:15: 读取文件成功
2017-05-18T11:31:15: 读取文件成功
2017-05-18T11:32:15: 读取文件成功
2017-05-18T11:33:15: 读取文件成功
2017-05-18T11:34:16: 读取文件成功
2017-05-18T11:35:15: 读取文件成功
2017-05-18T11:36:16: 读取文件成功
2017-05-18T11:37:15: 读取文件成功
2017-05-18T11:38:15: 读取文件成功
2017-05-18T11:39:16: 读取文件成功
2017-05-18T11:40:15: 读取文件成功
2017-05-18T11:41:16: 读取文件成功
2017-05-18T11:42:16: 读取文件成功
2017-05-18T11:43:15: 读取文件成功
2017-05-18T11:44:16: 读取文件成功
2017-05-18T11:45:16: 读取文件成功
2017-05-18T11:46:16: 读取文件成功
2017-05-18T11:47:16: 读取文件成功
2017-05-18T11:48:16: 读取文件成功
2017-05-18T11:49:16: 读取文件成功
2017-05-18T11:50:16: 读取文件成功
2017-05-18T11:51:16: 读取文件成功
2017-05-18T11:52:16: 读取文件成功
2017-05-18T11:53:16: 读取文件成功
2017-05-18T11:54:16: 读取文件成功
2017-05-18T11:55:16: 读取文件成功
2017-05-18T11:56:16: 读取文件成功
2017-05-18T11:57:16: 读取文件成功
2017-05-18T11:58:16: 读取文件成功
2017-05-18T11:59:16: 读取文件成功
2017-05-18T12:00:16: 读取文件成功
2017-05-18T12:01:16: 读取文件成功
2017-05-18T12:02:16: 读取文件成功
2017-05-18T12:03:16: 读取文件成功
2017-05-18T12:04:16: 读取文件成功
2017-05-18T12:05:16: 读取文件成功
2017-05-18T12:06:16: 读取文件成功
2017-05-18T12:07:16: 读取文件成功
2017-05-18T12:08:16: 读取文件成功
2017-05-18T12:09:16: 读取文件成功
2017-05-18T12:10:16: 读取文件成功
2017-05-18T12:11:16: 读取文件成功
2017-05-18T12:12:16: 读取文件成功
2017-05-18T12:13:16: 读取文件成功
2017-05-18T12:14:16: 读取文件成功
2017-05-18T12:15:16: 读取文件成功
2017-05-18T12:16:16: 读取文件成功
2017-05-18T12:17:16: 读取文件成功
2017-05-18T12:18:16: 读取文件成功
2017-05-18T12:19:16: 读取文件成功
2017-05-18T12:20:16: 读取文件成功
2017-05-18T12:21:16: 读取文件成功
2017-05-18T12:22:16: 读取文件成功
2017-05-18T12:23:16: 读取文件成功
2017-05-18T12:24:16: 读取文件成功
2017-05-18T12:25:16: 读取文件成功
2017-05-18T12:26:16: 读取文件成功
2017-05-18T12:27:16: 读取文件成功
2017-05-18T12:28:16: 读取文件成功
2017-05-18T12:29:16: 读取文件成功
2017-05-18T12:30:16: 读取文件成功
2017-05-18T12:31:16: 读取文件成功
2017-05-18T12:32:16: 读取文件成功
2017-05-18T12:33:16: 读取文件成功
2017-05-18T12:34:16: 读取文件成功
2017-05-18T12:35:16: 读取文件成功
2017-05-18T12:36:16: 读取文件成功
2017-05-18T12:37:16: 读取文件成功
2017-05-18T12:38:16: 读取文件成功
2017-05-18T12:39:16: 读取文件成功
2017-05-18T12:40:16: 读取文件成功
2017-05-18T12:41:16: 读取文件成功
2017-05-18T12:42:16: 读取文件成功
2017-05-18T12:43:16: 读取文件成功
2017-05-18T12:44:16: 读取文件成功
2017-05-18T12:45:16: 读取文件成功
2017-05-18T12:46:16: 读取文件成功
2017-05-18T12:47:21: 读取文件成功
2017-05-18T12:48:16: 读取文件成功
2017-05-18T12:49:16: 读取文件成功
2017-05-18T12:50:16: 读取文件成功
2017-05-18T12:51:16: 读取文件成功
2017-05-18T12:52:16: 读取文件成功
2017-05-18T12:53:16: 读取文件成功
2017-05-18T12:54:16: 读取文件成功
2017-05-18T12:55:16: 读取文件成功
2017-05-18T12:56:16: 读取文件成功
2017-05-18T12:57:16: 读取文件成功
2017-05-18T12:58:16: 读取文件成功
2017-05-18T12:59:17: 读取文件成功
2017-05-18T13:00:16: 读取文件成功
2017-05-18T13:01:16: 读取文件成功
2017-05-18T13:02:16: 读取文件成功
2017-05-18T13:03:16: 读取文件成功
2017-05-18T13:04:16: 读取文件成功
2017-05-18T13:05:16: 读取文件成功
2017-05-18T13:06:16: 读取文件成功
2017-05-18T13:07:16: 读取文件成功
2017-05-18T13:08:16: 读取文件成功
2017-05-18T13:09:16: 读取文件成功
2017-05-18T13:10:16: 读取文件成功
2017-05-18T13:11:16: 读取文件成功
2017-05-18T13:12:16: 读取文件成功
2017-05-18T13:13:16: 读取文件成功
2017-05-18T13:14:16: 读取文件成功
2017-05-18T13:15:17: 读取文件成功
2017-05-18T13:16:16: 读取文件成功
2017-05-18T13:17:17: 读取文件成功
2017-05-18T13:18:16: 读取文件成功
2017-05-18T13:19:16: 读取文件成功
2017-05-18T13:20:16: 读取文件成功
2017-05-18T13:21:16: 读取文件成功
2017-05-18T13:22:16: 读取文件成功
2017-05-18T13:23:17: 读取文件成功
2017-05-18T13:24:16: 读取文件成功
2017-05-18T13:25:17: 读取文件成功
2017-05-18T13:26:17: 读取文件成功
2017-05-18T13:27:17: 读取文件成功
2017-05-18T13:28:17: 读取文件成功
2017-05-18T13:29:17: 读取文件成功
2017-05-18T13:30:17: 读取文件成功
2017-05-18T13:31:17: 读取文件成功
2017-05-18T13:32:17: 读取文件成功
2017-05-18T13:33:17: 读取文件成功
2017-05-18T13:34:17: 读取文件成功
2017-05-18T13:35:17: 读取文件成功
2017-05-18T13:36:17: 读取文件成功
2017-05-18T13:37:17: 读取文件成功
2017-05-18T13:38:17: 读取文件成功
2017-05-18T13:39:17: 读取文件成功
2017-05-18T13:40:17: 读取文件成功
2017-05-18T13:41:17: 读取文件成功
2017-05-18T13:42:17: 读取文件成功
2017-05-18T13:43:17: 读取文件成功
2017-05-18T13:44:17: 读取文件成功
2017-05-18T13:45:17: 读取文件成功
2017-05-18T13:46:17: 读取文件成功
2017-05-18T13:47:17: 读取文件成功
2017-05-18T13:48:17: 读取文件成功
2017-05-18T13:49:17: 读取文件成功
2017-05-18T13:50:17: 读取文件成功
2017-05-18T13:51:17: 读取文件成功
2017-05-18T13:52:17: 读取文件成功
2017-05-18T13:53:17: 读取文件成功
2017-05-18T13:54:17: 读取文件成功
2017-05-18T13:55:17: 读取文件成功
2017-05-18T13:56:17: 读取文件成功
2017-05-18T13:57:17: 读取文件成功
2017-05-18T13:58:17: 读取文件成功
2017-05-18T13:59:17: 读取文件成功
2017-05-18T14:00:17: 读取文件成功
2017-05-18T14:01:17: 读取文件成功
2017-05-18T14:02:17: 读取文件成功
2017-05-18T14:03:17: 读取文件成功
2017-05-18T14:04:17: 读取文件成功
2017-05-18T14:05:17: 读取文件成功
2017-05-18T14:06:17: 读取文件成功
2017-05-18T14:07:17: 读取文件成功
2017-05-18T14:08:17: 读取文件成功
2017-05-18T14:09:17: 读取文件成功
2017-05-18T14:10:17: 读取文件成功
2017-05-18T14:11:17: 读取文件成功
2017-05-18T14:12:17: 读取文件成功
2017-05-18T14:13:17: 读取文件成功
2017-05-18T14:14:17: 读取文件成功
2017-05-18T14:15:17: 读取文件成功
2017-05-18T14:16:17: 读取文件成功
2017-05-18T14:17:17: 读取文件成功
2017-05-18T14:18:17: 读取文件成功
2017-05-18T14:19:17: 读取文件成功
2017-05-18T14:20:17: 读取文件成功
2017-05-18T14:21:17: 读取文件成功
2017-05-18T14:22:17: 读取文件成功
2017-05-18T14:23:17: 读取文件成功
2017-05-18T14:24:17: 读取文件成功
2017-05-18T14:25:17: 读取文件成功
2017-05-18T14:26:17: 读取文件成功
2017-05-18T14:27:17: 读取文件成功
2017-05-18T14:28:17: 读取文件成功
2017-05-18T14:29:17: 读取文件成功
2017-05-18T14:30:17: 读取文件成功
2017-05-18T14:31:17: 读取文件成功
2017-05-18T14:32:17: 读取文件成功
2017-05-18T14:33:17: 读取文件成功
2017-05-18T14:34:17: 读取文件成功
2017-05-18T14:35:17: 读取文件成功
2017-05-18T14:36:17: 读取文件成功
2017-05-18T14:37:17: 读取文件成功
2017-05-18T14:38:17: 读取文件成功
2017-05-18T14:39:17: 读取文件成功
2017-05-18T14:40:17: 读取文件成功
2017-05-18T14:41:17: 读取文件成功
2017-05-18T14:42:17: 读取文件成功
2017-05-18T14:43:17: 读取文件成功
2017-05-18T14:44:17: 读取文件成功
2017-05-18T14:45:17: 读取文件成功
2017-05-18T14:46:17: 读取文件成功
2017-05-18T14:47:17: 读取文件成功
2017-05-18T14:48:17: 读取文件成功
2017-05-18T14:49:17: 读取文件成功
2017-05-18T14:50:17: 读取文件成功
2017-05-18T14:51:17: 读取文件成功
2017-05-18T14:52:17: 读取文件成功
2017-05-18T14:53:17: 读取文件成功
2017-05-18T14:54:17: 读取文件成功
2017-05-18T14:55:17: 读取文件成功
2017-05-18T14:56:17: 读取文件成功
2017-05-18T14:57:17: 读取文件成功
2017-05-18T14:58:18: 读取文件成功
2017-05-18T14:59:18: 读取文件成功
2017-05-18T15:00:17: 读取文件成功
2017-05-18T15:01:17: 读取文件成功
2017-05-18T15:02:17: 读取文件成功
2017-05-18T15:03:17: 读取文件成功
2017-05-18T15:04:18: 读取文件成功
2017-05-18T15:05:17: 读取文件成功
2017-05-18T15:06:17: 读取文件成功
2017-05-18T15:07:18: 读取文件成功
2017-05-18T15:08:17: 读取文件成功
2017-05-18T15:09:18: 读取文件成功
2017-05-18T15:10:18: 读取文件成功
2017-05-18T15:11:18: 读取文件成功
2017-05-18T15:12:18: 读取文件成功
2017-05-18T15:13:18: 读取文件成功
2017-05-18T15:14:18: 读取文件成功
2017-05-18T15:15:18: 读取文件成功
2017-05-18T15:16:18: 读取文件成功
2017-05-18T15:17:18: 读取文件成功
2017-05-18T15:18:18: 读取文件成功
2017-05-18T15:19:18: 读取文件成功
2017-05-18T15:20:18: 读取文件成功
2017-05-18T15:21:18: 读取文件成功
2017-05-18T15:22:18: 读取文件成功
2017-05-18T15:23:18: 读取文件成功
2017-05-18T15:24:18: 读取文件成功
2017-05-18T15:25:18: 读取文件成功
2017-05-18T15:26:18: 读取文件成功
2017-05-18T15:27:18: 读取文件成功
2017-05-18T15:28:18: 读取文件成功
2017-05-18T15:29:18: 读取文件成功
2017-05-18T15:30:18: 读取文件成功
2017-05-18T15:31:18: 读取文件成功
2017-05-18T15:32:18: 读取文件成功
2017-05-18T15:33:18: 读取文件成功
2017-05-18T15:34:18: 读取文件成功
2017-05-18T15:35:18: 读取文件成功
2017-05-18T15:36:18: 读取文件成功
2017-05-18T15:37:18: 读取文件成功
2017-05-18T15:38:18: 读取文件成功
2017-05-18T15:39:18: 读取文件成功
2017-05-18T15:40:18: 读取文件成功
2017-05-18T15:41:18: 读取文件成功
2017-05-18T15:42:18: 读取文件成功
2017-05-18T15:43:18: 读取文件成功
2017-05-18T15:44:18: 读取文件成功
2017-05-18T15:45:18: 读取文件成功
2017-05-18T15:46:18: 读取文件成功
2017-05-18T15:47:18: 读取文件成功
2017-05-18T15:48:18: 读取文件成功
2017-05-18T15:49:18: 读取文件成功
2017-05-18T15:50:18: 读取文件成功
2017-05-18T15:51:18: 读取文件成功
2017-05-18T15:52:18: 读取文件成功
2017-05-18T15:53:18: 读取文件成功
2017-05-18T15:54:18: 读取文件成功
2017-05-18T15:55:18: 读取文件成功
2017-05-18T15:56:18: 读取文件成功
2017-05-18T15:57:18: 读取文件成功
2017-05-18T15:58:19: 读取文件成功
2017-05-18T15:59:18: 读取文件成功
2017-05-18T16:00:18: 读取文件成功
2017-05-18T16:01:18: 读取文件成功
2017-05-18T16:02:18: 读取文件成功
2017-05-18T16:03:18: 读取文件成功
2017-05-18T16:04:18: 读取文件成功
2017-05-18T16:05:18: 读取文件成功
2017-05-18T16:06:18: 读取文件成功
2017-05-18T16:07:18: 读取文件成功
2017-05-18T16:08:18: 读取文件成功
2017-05-18T16:09:18: 读取文件成功
2017-05-18T16:10:18: 读取文件成功
2017-05-18T16:11:18: 读取文件成功
2017-05-18T16:12:18: 读取文件成功
2017-05-18T16:13:18: 读取文件成功
2017-05-18T16:14:18: 读取文件成功
2017-05-18T16:15:18: 读取文件成功
2017-05-18T16:16:18: 读取文件成功
2017-05-18T16:17:18: 读取文件成功
2017-05-18T16:18:18: 读取文件成功
2017-05-18T16:19:23: 读取文件成功
2017-05-18T16:20:18: 读取文件成功
2017-05-18T16:21:18: 读取文件成功
2017-05-18T16:22:18: 读取文件成功
2017-05-18T16:23:18: 读取文件成功
2017-05-18T16:24:18: 读取文件成功
2017-05-18T16:25:18: 读取文件成功
2017-05-18T16:26:18: 读取文件成功
2017-05-18T16:27:18: 读取文件成功
2017-05-18T16:28:18: 读取文件成功
2017-05-18T16:29:18: 读取文件成功
2017-05-18T16:30:18: 读取文件成功
2017-05-18T16:31:18: 读取文件成功
2017-05-18T16:32:18: 读取文件成功
2017-05-18T16:33:18: 读取文件成功
2017-05-18T16:34:18: 读取文件成功
2017-05-18T16:35:18: 读取文件成功
2017-05-18T16:36:18: 读取文件成功
2017-05-18T16:37:18: 读取文件成功
2017-05-18T16:38:18: 读取文件成功
2017-05-18T16:39:18: 读取文件成功
2017-05-18T16:40:18: 读取文件成功
2017-05-18T16:41:19: 读取文件成功
2017-05-18T16:42:18: 读取文件成功
2017-05-18T16:43:18: 读取文件成功
2017-05-18T16:44:18: 读取文件成功
2017-05-18T16:45:19: 读取文件成功
2017-05-18T16:46:18: 读取文件成功
2017-05-18T16:47:18: 读取文件成功
2017-05-18T16:48:18: 读取文件成功
2017-05-18T16:49:18: 读取文件成功
2017-05-18T16:50:19: 读取文件成功
2017-05-18T16:51:19: 读取文件成功
2017-05-18T16:52:19: 读取文件成功
2017-05-18T16:53:19: 读取文件成功
2017-05-18T16:54:19: 读取文件成功
2017-05-18T16:55:19: 读取文件成功
2017-05-18T16:56:19: 读取文件成功
2017-05-18T16:57:19: 读取文件成功
2017-05-18T16:58:19: 读取文件成功
2017-05-18T16:59:19: 读取文件成功
2017-05-18T17:00:19: 读取文件成功
2017-05-18T17:01:19: 读取文件成功
2017-05-18T17:02:19: 读取文件成功
2017-05-18T17:03:19: 读取文件成功
2017-05-18T17:04:19: 读取文件成功
2017-05-18T17:05:19: 读取文件成功
2017-05-18T17:06:19: 读取文件成功
2017-05-18T17:07:19: 读取文件成功
2017-05-18T17:08:19: 读取文件成功
2017-05-18T17:09:19: 读取文件成功
2017-05-18T17:10:19: 读取文件成功
2017-05-18T17:11:19: 读取文件成功
2017-05-18T17:12:19: 读取文件成功
2017-05-18T17:13:19: 读取文件成功
2017-05-18T17:14:19: 读取文件成功
2017-05-18T17:15:19: 读取文件成功
2017-05-18T17:16:19: 读取文件成功
2017-05-18T17:17:19: 读取文件成功
2017-05-18T17:18:19: 读取文件成功
2017-05-18T17:19:19: 读取文件成功
2017-05-18T17:20:19: 读取文件成功
2017-05-18T17:21:19: 读取文件成功
2017-05-18T17:22:19: 读取文件成功
2017-05-18T17:23:19: 读取文件成功
2017-05-18T17:24:19: 读取文件成功
2017-05-18T17:25:19: 读取文件成功
2017-05-18T17:26:19: 读取文件成功
2017-05-18T17:27:19: 读取文件成功
2017-05-18T17:28:19: 读取文件成功
2017-05-18T17:29:19: 读取文件成功
2017-05-18T17:30:19: 读取文件成功
2017-05-18T17:31:19: 读取文件成功
2017-05-18T17:32:19: 读取文件成功
2017-05-18T17:33:19: 读取文件成功
2017-05-18T17:34:19: 读取文件成功
2017-05-18T17:35:19: 读取文件成功
2017-05-18T17:36:19: 读取文件成功
2017-05-18T17:37:19: 读取文件成功
2017-05-18T17:38:19: 读取文件成功
2017-05-18T17:39:19: 读取文件成功
2017-05-18T17:40:19: 读取文件成功
2017-05-18T17:41:19: 读取文件成功
2017-05-18T17:42:19: 读取文件成功
2017-05-18T17:43:19: 读取文件成功
2017-05-18T17:44:19: 读取文件成功
2017-05-18T17:45:19: 读取文件成功
2017-05-18T17:46:19: 读取文件成功
2017-05-18T17:47:19: 读取文件成功
2017-05-18T17:48:19: 读取文件成功
2017-05-18T17:49:19: 读取文件成功
2017-05-18T17:50:19: 读取文件成功
2017-05-18T17:51:19: 读取文件成功
2017-05-18T17:52:19: 读取文件成功
2017-05-18T17:53:19: 读取文件成功
2017-05-18T17:54:19: 读取文件成功
2017-05-18T17:55:19: 读取文件成功
2017-05-18T17:56:19: 读取文件成功
2017-05-18T17:57:19: 读取文件成功
2017-05-18T17:58:20: 读取文件成功
2017-05-18T17:59:19: 读取文件成功
2017-05-18T18:00:19: 读取文件成功
2017-05-18T18:01:19: 读取文件成功
2017-05-18T18:02:19: 读取文件成功
2017-05-18T18:03:19: 读取文件成功
2017-05-18T18:04:19: 读取文件成功
2017-05-18T18:05:19: 读取文件成功
2017-05-18T18:06:19: 读取文件成功
2017-05-18T18:07:19: 读取文件成功
2017-05-18T18:08:19: 读取文件成功
2017-05-18T18:09:19: 读取文件成功
2017-05-18T18:10:19: 读取文件成功
2017-05-18T18:11:19: 读取文件成功
2017-05-18T18:12:19: 读取文件成功
2017-05-18T18:13:19: 读取文件成功
2017-05-18T18:14:19: 读取文件成功
2017-05-18T18:15:19: 读取文件成功
2017-05-18T18:16:19: 读取文件成功
2017-05-18T18:17:19: 读取文件成功
2017-05-18T18:18:19: 读取文件成功
2017-05-18T18:19:19: 读取文件成功
2017-05-18T18:20:19: 读取文件成功
2017-05-18T18:21:19: 读取文件成功
2017-05-18T18:22:19: 读取文件成功
2017-05-18T18:23:19: 读取文件成功
2017-05-18T18:24:19: 读取文件成功
2017-05-18T18:25:19: 读取文件成功
2017-05-18T18:26:20: 读取文件成功
2017-05-18T18:27:19: 读取文件成功
2017-05-18T18:28:19: 读取文件成功
2017-05-18T18:29:19: 读取文件成功
2017-05-18T18:30:19: 读取文件成功
2017-05-18T18:31:20: 读取文件成功
2017-05-18T18:32:20: 读取文件成功
2017-05-18T18:33:19: 读取文件成功
2017-05-18T18:34:20: 读取文件成功
2017-05-18T18:35:20: 读取文件成功
2017-05-18T18:36:20: 读取文件成功
2017-05-18T18:37:20: 读取文件成功
2017-05-18T18:38:20: 读取文件成功
2017-05-18T18:39:20: 读取文件成功
2017-05-18T18:40:20: 读取文件成功
2017-05-18T18:41:20: 读取文件成功
2017-05-18T18:42:20: 读取文件成功
2017-05-18T18:43:20: 读取文件成功
2017-05-18T18:44:20: 读取文件成功
2017-05-18T18:45:20: 读取文件成功
2017-05-18T18:46:20: 读取文件成功
2017-05-18T18:47:20: 读取文件成功
2017-05-18T18:48:20: 读取文件成功
2017-05-18T18:49:20: 读取文件成功
2017-05-18T18:50:20: 读取文件成功
2017-05-18T18:51:20: 读取文件成功
2017-05-18T18:52:20: 读取文件成功
2017-05-18T18:53:20: 读取文件成功
2017-05-18T18:54:20: 读取文件成功
2017-05-18T18:55:20: 读取文件成功
2017-05-18T18:56:20: 读取文件成功
2017-05-18T18:57:20: 读取文件成功
2017-05-18T18:58:20: 读取文件成功
2017-05-18T18:59:20: 读取文件成功
2017-05-18T19:00:20: 读取文件成功
2017-05-18T19:01:20: 读取文件成功
2017-05-18T19:02:20: 读取文件成功
2017-05-18T19:03:20: 读取文件成功
2017-05-18T19:04:20: 读取文件成功
2017-05-18T19:05:20: 读取文件成功
2017-05-18T19:06:20: 读取文件成功
2017-05-18T19:07:20: 读取文件成功
2017-05-18T19:08:20: 读取文件成功
2017-05-18T19:09:20: 读取文件成功
2017-05-18T19:10:20: 读取文件成功
2017-05-18T19:11:20: 读取文件成功
2017-05-18T19:12:20: 读取文件成功
2017-05-18T19:13:20: 读取文件成功
2017-05-18T19:14:20: 读取文件成功
2017-05-18T19:15:20: 读取文件成功
2017-05-18T19:16:20: 读取文件成功
2017-05-18T19:17:20: 读取文件成功
2017-05-18T19:18:20: 读取文件成功
2017-05-18T19:19:20: 读取文件成功
2017-05-18T19:20:20: 读取文件成功
2017-05-18T19:21:20: 读取文件成功
2017-05-18T19:22:20: 读取文件成功
2017-05-18T19:23:20: 读取文件成功
2017-05-18T19:24:20: 读取文件成功
2017-05-18T19:25:20: 读取文件成功
2017-05-18T19:26:20: 读取文件成功
2017-05-18T19:27:20: 读取文件成功
2017-05-18T19:28:20: 读取文件成功
2017-05-18T19:29:22: 读取文件成功
2017-05-18T19:30:20: 读取文件成功
2017-05-18T19:31:20: 读取文件成功
2017-05-18T19:32:20: 读取文件成功
2017-05-18T19:33:20: 读取文件成功
2017-05-18T19:34:20: 读取文件成功
2017-05-18T19:35:20: 读取文件成功
2017-05-18T19:36:20: 读取文件成功
2017-05-18T19:37:20: 读取文件成功
2017-05-18T19:38:20: 读取文件成功
2017-05-18T19:39:20: 读取文件成功
2017-05-18T19:40:20: 读取文件成功
2017-05-18T19:41:20: 读取文件成功
2017-05-18T19:42:20: 读取文件成功
2017-05-18T19:43:20: 读取文件成功
2017-05-18T19:44:20: 读取文件成功
2017-05-18T19:45:20: 读取文件成功
2017-05-18T19:46:20: 读取文件成功
2017-05-18T19:47:20: 读取文件成功
2017-05-18T19:48:20: 读取文件成功
2017-05-18T19:49:20: 读取文件成功
2017-05-18T19:50:20: 读取文件成功
2017-05-18T19:51:20: 读取文件成功
2017-05-18T19:52:20: 读取文件成功
2017-05-18T19:53:20: 读取文件成功
2017-05-18T19:54:20: 读取文件成功
2017-05-18T19:55:20: 读取文件成功
2017-05-18T19:56:20: 读取文件成功
2017-05-18T19:57:20: 读取文件成功
2017-05-18T19:58:23: 读取文件成功
2017-05-18T19:59:21: 读取文件成功
2017-05-18T20:00:20: 读取文件成功
2017-05-18T20:01:20: 读取文件成功
2017-05-18T20:02:20: 读取文件成功
2017-05-18T20:03:20: 读取文件成功
2017-05-18T20:04:20: 读取文件成功
2017-05-18T20:05:20: 读取文件成功
2017-05-18T20:06:20: 读取文件成功
2017-05-18T20:07:21: 读取文件成功
2017-05-18T20:08:20: 读取文件成功
2017-05-18T20:09:20: 读取文件成功
2017-05-18T20:10:20: 读取文件成功
2017-05-18T20:11:20: 读取文件成功
2017-05-18T20:12:20: 读取文件成功
2017-05-18T20:13:21: 读取文件成功
2017-05-18T20:14:20: 读取文件成功
2017-05-18T20:15:20: 读取文件成功
2017-05-18T20:16:21: 读取文件成功
2017-05-18T20:17:21: 读取文件成功
2017-05-18T20:18:21: 读取文件成功
2017-05-18T20:19:21: 读取文件成功
2017-05-18T20:20:21: 读取文件成功
2017-05-18T20:21:21: 读取文件成功
2017-05-18T20:22:21: 读取文件成功
2017-05-18T20:23:21: 读取文件成功
2017-05-18T20:24:21: 读取文件成功
2017-05-18T20:25:21: 读取文件成功
2017-05-18T20:26:21: 读取文件成功
2017-05-18T20:27:21: 读取文件成功
2017-05-18T20:28:21: 读取文件成功
2017-05-18T20:29:21: 读取文件成功
2017-05-18T20:30:21: 读取文件成功
2017-05-18T20:31:21: 读取文件成功
2017-05-18T20:32:21: 读取文件成功
2017-05-18T20:33:21: 读取文件成功
2017-05-18T20:34:21: 读取文件成功
2017-05-18T20:35:21: 读取文件成功
2017-05-18T20:36:21: 读取文件成功
2017-05-18T20:37:21: 读取文件成功
2017-05-18T20:38:21: 读取文件成功
2017-05-18T20:39:21: 读取文件成功
2017-05-18T20:40:21: 读取文件成功
2017-05-18T20:41:21: 读取文件成功
2017-05-18T20:42:21: 读取文件成功
2017-05-18T20:43:21: 读取文件成功
2017-05-18T20:44:21: 读取文件成功
2017-05-18T20:45:21: 读取文件成功
2017-05-18T20:46:21: 读取文件成功
2017-05-18T20:47:21: 读取文件成功
2017-05-18T20:48:21: 读取文件成功
2017-05-18T20:49:21: 读取文件成功
2017-05-18T20:50:21: 读取文件成功
2017-05-18T20:51:21: 读取文件成功
2017-05-18T20:52:21: 读取文件成功
2017-05-18T20:53:21: 读取文件成功
2017-05-18T20:54:21: 读取文件成功
2017-05-18T20:55:21: 读取文件成功
2017-05-18T20:56:21: 读取文件成功
2017-05-18T20:57:21: 读取文件成功
2017-05-18T20:58:21: 读取文件成功
2017-05-18T20:59:21: 读取文件成功
2017-05-18T21:00:21: 读取文件成功
2017-05-18T21:01:22: 读取文件成功
2017-05-18T21:02:21: 读取文件成功
2017-05-18T21:03:22: 读取文件成功
2017-05-18T21:04:21: 读取文件成功
2017-05-18T21:05:21: 读取文件成功
2017-05-18T21:06:21: 读取文件成功
2017-05-18T21:07:21: 读取文件成功
2017-05-18T21:08:21: 读取文件成功
2017-05-18T21:09:21: 读取文件成功
2017-05-18T21:10:21: 读取文件成功
2017-05-18T21:11:21: 读取文件成功
2017-05-18T21:12:21: 读取文件成功
2017-05-18T21:13:22: 读取文件成功
2017-05-18T21:14:21: 读取文件成功
2017-05-18T21:15:24: 读取文件成功
2017-05-18T21:16:22: 读取文件成功
2017-05-18T21:17:24: 读取文件成功
2017-05-18T21:18:32: 读取文件成功
2017-05-18T21:19:32: 读取文件成功
2017-05-18T21:20:23: 读取文件成功
2017-05-18T21:21:23: 读取文件成功
2017-05-18T21:22:21: 读取文件成功
2017-05-18T21:23:21: 读取文件成功
2017-05-18T21:24:21: 读取文件成功
2017-05-18T21:25:22: 读取文件成功
2017-05-18T21:26:22: 读取文件成功
2017-05-18T21:27:22: 读取文件成功
2017-05-18T21:28:21: 读取文件成功
2017-05-18T21:29:21: 读取文件成功
2017-05-18T21:30:21: 读取文件成功
2017-05-18T21:31:22: 读取文件成功
2017-05-18T21:32:21: 读取文件成功
2017-05-18T21:33:21: 读取文件成功
2017-05-18T21:34:21: 读取文件成功
2017-05-18T21:35:21: 读取文件成功
2017-05-18T21:36:22: 读取文件成功
2017-05-18T21:37:22: 读取文件成功
2017-05-18T21:38:21: 读取文件成功
2017-05-18T21:39:21: 读取文件成功
2017-05-18T21:40:22: 读取文件成功
2017-05-18T21:41:22: 读取文件成功
2017-05-18T21:42:22: 读取文件成功
2017-05-18T21:43:22: 读取文件成功
2017-05-18T21:44:22: 读取文件成功
2017-05-18T21:45:22: 读取文件成功
2017-05-18T21:46:22: 读取文件成功
2017-05-18T21:47:22: 读取文件成功
2017-05-18T21:48:22: 读取文件成功
2017-05-18T21:49:22: 读取文件成功
2017-05-18T21:50:22: 读取文件成功
2017-05-18T21:51:22: 读取文件成功
2017-05-18T21:52:22: 读取文件成功
2017-05-18T21:53:22: 读取文件成功
2017-05-18T21:54:22: 读取文件成功
2017-05-18T21:55:22: 读取文件成功
2017-05-18T21:56:22: 读取文件成功
2017-05-18T21:57:22: 读取文件成功
2017-05-18T21:58:22: 读取文件成功
2017-05-18T21:59:22: 读取文件成功
2017-05-18T22:00:22: 读取文件成功
2017-05-18T22:01:22: 读取文件成功
2017-05-18T22:02:22: 读取文件成功
2017-05-18T22:03:22: 读取文件成功
2017-05-18T22:04:22: 读取文件成功
2017-05-18T22:05:22: 读取文件成功
2017-05-18T22:06:22: 读取文件成功
2017-05-18T22:07:22: 读取文件成功
2017-05-18T22:08:22: 读取文件成功
2017-05-18T22:09:22: 读取文件成功
2017-05-18T22:10:22: 读取文件成功
2017-05-18T22:11:22: 读取文件成功
2017-05-18T22:12:22: 读取文件成功
2017-05-18T22:13:22: 读取文件成功
2017-05-18T22:14:22: 读取文件成功
2017-05-18T22:15:22: 读取文件成功
2017-05-18T22:16:22: 读取文件成功
2017-05-18T22:17:22: 读取文件成功
2017-05-18T22:18:22: 读取文件成功
2017-05-18T22:19:22: 读取文件成功
2017-05-18T22:20:22: 读取文件成功
2017-05-18T22:21:22: 读取文件成功
2017-05-18T22:22:22: 读取文件成功
2017-05-18T22:23:22: 读取文件成功
2017-05-18T22:24:22: 读取文件成功
2017-05-18T22:25:22: 读取文件成功
2017-05-18T22:26:22: 读取文件成功
2017-05-18T22:27:22: 读取文件成功
2017-05-18T22:28:22: 读取文件成功
2017-05-18T22:29:22: 读取文件成功
2017-05-18T22:30:22: 读取文件成功
2017-05-18T22:31:22: 读取文件成功
2017-05-18T22:32:22: 读取文件成功
2017-05-18T22:33:22: 读取文件成功
2017-05-18T22:34:22: 读取文件成功
2017-05-18T22:35:22: 读取文件成功
2017-05-18T22:36:22: 读取文件成功
2017-05-18T22:37:22: 读取文件成功
2017-05-18T22:38:22: 读取文件成功
2017-05-18T22:39:22: 读取文件成功
2017-05-18T22:40:22: 读取文件成功
2017-05-18T22:41:22: 读取文件成功
2017-05-18T22:42:22: 读取文件成功
2017-05-18T22:43:22: 读取文件成功
2017-05-18T22:44:22: 读取文件成功
2017-05-18T22:45:22: 读取文件成功
2017-05-18T22:46:22: 读取文件成功
2017-05-18T22:47:22: 读取文件成功
2017-05-18T22:48:22: 读取文件成功
2017-05-18T22:49:22: 读取文件成功
2017-05-18T22:50:22: 读取文件成功
2017-05-18T22:51:22: 读取文件成功
2017-05-18T22:52:22: 读取文件成功
2017-05-18T22:53:22: 读取文件成功
2017-05-18T22:54:22: 读取文件成功
2017-05-18T22:55:22: 读取文件成功
2017-05-18T22:56:22: 读取文件成功
2017-05-18T22:57:22: 读取文件成功
2017-05-18T22:58:22: 读取文件成功
2017-05-18T22:59:22: 读取文件成功
2017-05-18T23:00:23: 读取文件成功
2017-05-18T23:01:22: 读取文件成功
2017-05-18T23:02:22: 读取文件成功
2017-05-18T23:03:22: 读取文件成功
2017-05-18T23:04:22: 读取文件成功
2017-05-18T23:05:22: 读取文件成功
2017-05-18T23:06:23: 读取文件成功
2017-05-18T23:07:23: 读取文件成功
2017-05-18T23:08:22: 读取文件成功
2017-05-18T23:09:22: 读取文件成功
2017-05-18T23:10:22: 读取文件成功
2017-05-18T23:11:23: 读取文件成功
2017-05-18T23:12:23: 读取文件成功
2017-05-18T23:13:22: 读取文件成功
2017-05-18T23:14:22: 读取文件成功
2017-05-18T23:15:22: 读取文件成功
2017-05-18T23:16:22: 读取文件成功
2017-05-18T23:17:22: 读取文件成功
2017-05-18T23:18:22: 读取文件成功
2017-05-18T23:19:22: 读取文件成功
2017-05-18T23:20:22: 读取文件成功
2017-05-18T23:21:22: 读取文件成功
2017-05-18T23:22:22: 读取文件成功
2017-05-18T23:23:22: 读取文件成功
2017-05-18T23:24:23: 读取文件成功
2017-05-18T23:25:23: 读取文件成功
2017-05-18T23:26:22: 读取文件成功
2017-05-18T23:27:22: 读取文件成功
2017-05-18T23:28:22: 读取文件成功
2017-05-18T23:29:22: 读取文件成功
2017-05-18T23:30:23: 读取文件成功
2017-05-18T23:31:22: 读取文件成功
2017-05-18T23:32:22: 读取文件成功
2017-05-18T23:33:22: 读取文件成功
2017-05-18T23:34:22: 读取文件成功
2017-05-18T23:35:22: 读取文件成功
2017-05-18T23:36:23: 读取文件成功
2017-05-18T23:37:22: 读取文件成功
2017-05-18T23:38:22: 读取文件成功
2017-05-18T23:39:22: 读取文件成功
2017-05-18T23:40:23: 读取文件成功
2017-05-18T23:41:22: 读取文件成功
2017-05-18T23:42:23: 读取文件成功
2017-05-18T23:43:23: 读取文件成功
2017-05-18T23:44:29: 读取文件成功
2017-05-18T23:45:29: 读取文件成功
2017-05-18T23:46:23: 读取文件成功
2017-05-18T23:47:23: 读取文件成功
2017-05-18T23:48:23: 读取文件成功
2017-05-18T23:49:23: 读取文件成功
2017-05-18T23:50:22: 非记录时间：2017-05-18T23:50:22+08:00
2017-05-18T23:51:22: 非记录时间：2017-05-18T23:51:22+08:00
2017-05-18T23:52:22: 非记录时间：2017-05-18T23:52:22+08:00
2017-05-18T23:53:22: 非记录时间：2017-05-18T23:53:22+08:00
2017-05-18T23:54:22: 非记录时间：2017-05-18T23:54:22+08:00
2017-05-18T23:55:22: 非记录时间：2017-05-18T23:55:22+08:00
2017-05-18T23:56:22: 非记录时间：2017-05-18T23:56:22+08:00
2017-05-18T23:57:22: 非记录时间：2017-05-18T23:57:22+08:00
2017-05-18T23:58:22: 非记录时间：2017-05-18T23:58:22+08:00
2017-05-18T23:59:22: 非记录时间：2017-05-18T23:59:22+08:00
