2017-03-25T00:00:08: 非记录时间：2017-03-25T00:00:08+08:00
2017-03-25T00:00:18: 非记录时间：2017-03-25T00:00:18+08:00
2017-03-25T00:00:28: 非记录时间：2017-03-25T00:00:28+08:00
2017-03-25T00:00:38: 非记录时间：2017-03-25T00:00:38+08:00
2017-03-25T00:00:48: 非记录时间：2017-03-25T00:00:48+08:00
2017-03-25T00:00:58: 非记录时间：2017-03-25T00:00:58+08:00
2017-03-25T00:01:08: 非记录时间：2017-03-25T00:01:08+08:00
2017-03-25T00:01:18: 非记录时间：2017-03-25T00:01:18+08:00
2017-03-25T00:01:28: 非记录时间：2017-03-25T00:01:28+08:00
2017-03-25T00:01:38: 非记录时间：2017-03-25T00:01:38+08:00
2017-03-25T00:01:48: 非记录时间：2017-03-25T00:01:48+08:00
2017-03-25T00:01:58: 非记录时间：2017-03-25T00:01:58+08:00
2017-03-25T00:02:08: 非记录时间：2017-03-25T00:02:08+08:00
2017-03-25T00:02:18: 非记录时间：2017-03-25T00:02:18+08:00
2017-03-25T00:02:28: 非记录时间：2017-03-25T00:02:28+08:00
2017-03-25T00:02:38: 非记录时间：2017-03-25T00:02:38+08:00
2017-03-25T00:02:48: 非记录时间：2017-03-25T00:02:48+08:00
2017-03-25T00:02:58: 非记录时间：2017-03-25T00:02:58+08:00
2017-03-25T00:03:08: 非记录时间：2017-03-25T00:03:08+08:00
2017-03-25T00:03:18: 非记录时间：2017-03-25T00:03:18+08:00
2017-03-25T00:03:28: 非记录时间：2017-03-25T00:03:28+08:00
2017-03-25T00:03:38: 非记录时间：2017-03-25T00:03:38+08:00
2017-03-25T00:03:48: 非记录时间：2017-03-25T00:03:48+08:00
2017-03-25T00:03:58: 非记录时间：2017-03-25T00:03:58+08:00
2017-03-25T00:04:08: 非记录时间：2017-03-25T00:04:08+08:00
2017-03-25T00:04:18: 非记录时间：2017-03-25T00:04:18+08:00
2017-03-25T00:04:28: 非记录时间：2017-03-25T00:04:28+08:00
2017-03-25T00:04:38: 非记录时间：2017-03-25T00:04:38+08:00
2017-03-25T00:04:48: 非记录时间：2017-03-25T00:04:48+08:00
2017-03-25T00:04:58: 非记录时间：2017-03-25T00:04:58+08:00
2017-03-25T00:05:08: 非记录时间：2017-03-25T00:05:08+08:00
2017-03-25T00:05:18: 非记录时间：2017-03-25T00:05:18+08:00
2017-03-25T00:05:28: 非记录时间：2017-03-25T00:05:28+08:00
2017-03-25T00:05:38: 非记录时间：2017-03-25T00:05:38+08:00
2017-03-25T00:05:48: 非记录时间：2017-03-25T00:05:48+08:00
2017-03-25T00:05:58: 非记录时间：2017-03-25T00:05:58+08:00
2017-03-25T00:06:08: 非记录时间：2017-03-25T00:06:08+08:00
2017-03-25T00:06:18: 非记录时间：2017-03-25T00:06:18+08:00
2017-03-25T00:06:28: 非记录时间：2017-03-25T00:06:28+08:00
2017-03-25T00:06:38: 非记录时间：2017-03-25T00:06:38+08:00
2017-03-25T00:06:48: 非记录时间：2017-03-25T00:06:48+08:00
2017-03-25T00:06:58: 非记录时间：2017-03-25T00:06:58+08:00
2017-03-25T00:07:08: 非记录时间：2017-03-25T00:07:08+08:00
2017-03-25T00:07:18: 非记录时间：2017-03-25T00:07:18+08:00
2017-03-25T00:07:28: 非记录时间：2017-03-25T00:07:28+08:00
2017-03-25T00:07:38: 非记录时间：2017-03-25T00:07:38+08:00
2017-03-25T00:07:48: 非记录时间：2017-03-25T00:07:48+08:00
2017-03-25T00:07:58: 非记录时间：2017-03-25T00:07:58+08:00
2017-03-25T00:08:08: 非记录时间：2017-03-25T00:08:08+08:00
2017-03-25T00:08:18: 非记录时间：2017-03-25T00:08:18+08:00
2017-03-25T00:08:28: 非记录时间：2017-03-25T00:08:28+08:00
2017-03-25T00:08:38: 非记录时间：2017-03-25T00:08:38+08:00
2017-03-25T00:08:48: 非记录时间：2017-03-25T00:08:48+08:00
2017-03-25T00:08:58: 非记录时间：2017-03-25T00:08:58+08:00
2017-03-25T00:09:08: 非记录时间：2017-03-25T00:09:08+08:00
2017-03-25T00:09:18: 非记录时间：2017-03-25T00:09:18+08:00
2017-03-25T00:09:28: 非记录时间：2017-03-25T00:09:28+08:00
2017-03-25T00:09:38: 非记录时间：2017-03-25T00:09:38+08:00
2017-03-25T00:09:48: 非记录时间：2017-03-25T00:09:48+08:00
2017-03-25T00:09:58: 非记录时间：2017-03-25T00:09:58+08:00
2017-03-25T00:10:08: 非记录时间：2017-03-25T00:10:08+08:00
2017-03-25T00:10:18: 非记录时间：2017-03-25T00:10:18+08:00
2017-03-25T00:10:28: 非记录时间：2017-03-25T00:10:28+08:00
2017-03-25T00:10:38: 非记录时间：2017-03-25T00:10:38+08:00
2017-03-25T00:10:48: 非记录时间：2017-03-25T00:10:48+08:00
2017-03-25T00:10:58: 非记录时间：2017-03-25T00:10:58+08:00
2017-03-25T00:11:08: 非记录时间：2017-03-25T00:11:08+08:00
2017-03-25T00:11:18: 非记录时间：2017-03-25T00:11:18+08:00
2017-03-25T00:11:28: 非记录时间：2017-03-25T00:11:28+08:00
2017-03-25T00:11:38: 非记录时间：2017-03-25T00:11:38+08:00
2017-03-25T00:11:48: 非记录时间：2017-03-25T00:11:48+08:00
2017-03-25T00:11:58: 非记录时间：2017-03-25T00:11:58+08:00
2017-03-25T00:12:08: 非记录时间：2017-03-25T00:12:08+08:00
2017-03-25T00:12:18: 非记录时间：2017-03-25T00:12:18+08:00
2017-03-25T00:12:28: 非记录时间：2017-03-25T00:12:28+08:00
2017-03-25T00:12:38: 非记录时间：2017-03-25T00:12:38+08:00
2017-03-25T00:12:48: 非记录时间：2017-03-25T00:12:48+08:00
2017-03-25T00:12:58: 非记录时间：2017-03-25T00:12:58+08:00
2017-03-25T00:13:08: 非记录时间：2017-03-25T00:13:08+08:00
2017-03-25T00:13:18: 非记录时间：2017-03-25T00:13:18+08:00
2017-03-25T00:13:28: 非记录时间：2017-03-25T00:13:28+08:00
2017-03-25T00:13:38: 非记录时间：2017-03-25T00:13:38+08:00
2017-03-25T00:13:48: 非记录时间：2017-03-25T00:13:48+08:00
2017-03-25T00:13:58: 非记录时间：2017-03-25T00:13:58+08:00
2017-03-25T00:14:08: 非记录时间：2017-03-25T00:14:08+08:00
2017-03-25T00:14:18: 非记录时间：2017-03-25T00:14:18+08:00
2017-03-25T00:14:28: 非记录时间：2017-03-25T00:14:28+08:00
2017-03-25T00:14:38: 非记录时间：2017-03-25T00:14:38+08:00
2017-03-25T00:14:48: 非记录时间：2017-03-25T00:14:48+08:00
2017-03-25T00:14:58: 非记录时间：2017-03-25T00:14:58+08:00
2017-03-25T00:15:08: 非记录时间：2017-03-25T00:15:08+08:00
2017-03-25T00:15:18: 非记录时间：2017-03-25T00:15:18+08:00
2017-03-25T00:15:28: 非记录时间：2017-03-25T00:15:28+08:00
2017-03-25T00:15:38: 非记录时间：2017-03-25T00:15:38+08:00
2017-03-25T00:15:48: 非记录时间：2017-03-25T00:15:48+08:00
2017-03-25T00:15:58: 非记录时间：2017-03-25T00:15:58+08:00
2017-03-25T00:16:08: 非记录时间：2017-03-25T00:16:08+08:00
2017-03-25T00:16:18: 非记录时间：2017-03-25T00:16:18+08:00
2017-03-25T00:16:28: 非记录时间：2017-03-25T00:16:28+08:00
2017-03-25T00:16:38: 非记录时间：2017-03-25T00:16:38+08:00
2017-03-25T00:16:48: 非记录时间：2017-03-25T00:16:48+08:00
2017-03-25T00:16:58: 非记录时间：2017-03-25T00:16:58+08:00
2017-03-25T00:17:08: 非记录时间：2017-03-25T00:17:08+08:00
2017-03-25T00:17:18: 非记录时间：2017-03-25T00:17:18+08:00
2017-03-25T00:17:28: 非记录时间：2017-03-25T00:17:28+08:00
2017-03-25T00:17:38: 非记录时间：2017-03-25T00:17:38+08:00
2017-03-25T00:17:48: 非记录时间：2017-03-25T00:17:48+08:00
2017-03-25T00:17:58: 非记录时间：2017-03-25T00:17:58+08:00
2017-03-25T00:18:08: 非记录时间：2017-03-25T00:18:08+08:00
2017-03-25T00:18:18: 非记录时间：2017-03-25T00:18:18+08:00
2017-03-25T00:18:28: 非记录时间：2017-03-25T00:18:28+08:00
2017-03-25T00:18:38: 非记录时间：2017-03-25T00:18:38+08:00
2017-03-25T00:18:48: 非记录时间：2017-03-25T00:18:48+08:00
2017-03-25T00:18:58: 非记录时间：2017-03-25T00:18:58+08:00
2017-03-25T00:19:08: 非记录时间：2017-03-25T00:19:08+08:00
2017-03-25T00:19:18: 非记录时间：2017-03-25T00:19:18+08:00
2017-03-25T00:19:28: 非记录时间：2017-03-25T00:19:28+08:00
2017-03-25T00:19:38: 非记录时间：2017-03-25T00:19:38+08:00
2017-03-25T00:19:48: 非记录时间：2017-03-25T00:19:48+08:00
2017-03-25T00:19:58: 非记录时间：2017-03-25T00:19:58+08:00
2017-03-25T00:20:08: 非记录时间：2017-03-25T00:20:08+08:00
2017-03-25T00:20:18: 非记录时间：2017-03-25T00:20:18+08:00
2017-03-25T00:20:28: 非记录时间：2017-03-25T00:20:28+08:00
2017-03-25T00:20:38: 非记录时间：2017-03-25T00:20:38+08:00
2017-03-25T00:20:48: 非记录时间：2017-03-25T00:20:48+08:00
2017-03-25T00:20:58: 非记录时间：2017-03-25T00:20:58+08:00
2017-03-25T00:21:08: 非记录时间：2017-03-25T00:21:08+08:00
2017-03-25T00:21:18: 非记录时间：2017-03-25T00:21:18+08:00
2017-03-25T00:21:28: 非记录时间：2017-03-25T00:21:28+08:00
2017-03-25T00:21:38: 非记录时间：2017-03-25T00:21:38+08:00
2017-03-25T00:21:48: 非记录时间：2017-03-25T00:21:48+08:00
2017-03-25T00:21:58: 非记录时间：2017-03-25T00:21:58+08:00
2017-03-25T00:22:08: 非记录时间：2017-03-25T00:22:08+08:00
2017-03-25T00:22:18: 非记录时间：2017-03-25T00:22:18+08:00
2017-03-25T00:22:28: 非记录时间：2017-03-25T00:22:28+08:00
2017-03-25T00:22:38: 非记录时间：2017-03-25T00:22:38+08:00
2017-03-25T00:22:48: 非记录时间：2017-03-25T00:22:48+08:00
2017-03-25T00:22:58: 非记录时间：2017-03-25T00:22:58+08:00
2017-03-25T00:23:08: 非记录时间：2017-03-25T00:23:08+08:00
2017-03-25T00:23:18: 非记录时间：2017-03-25T00:23:18+08:00
2017-03-25T00:23:28: 非记录时间：2017-03-25T00:23:28+08:00
2017-03-25T00:23:38: 非记录时间：2017-03-25T00:23:38+08:00
2017-03-25T00:23:48: 非记录时间：2017-03-25T00:23:48+08:00
2017-03-25T00:23:58: 非记录时间：2017-03-25T00:23:58+08:00
2017-03-25T00:24:08: 非记录时间：2017-03-25T00:24:08+08:00
2017-03-25T00:24:18: 非记录时间：2017-03-25T00:24:18+08:00
2017-03-25T00:24:28: 非记录时间：2017-03-25T00:24:28+08:00
2017-03-25T00:24:38: 非记录时间：2017-03-25T00:24:38+08:00
2017-03-25T00:24:48: 非记录时间：2017-03-25T00:24:48+08:00
2017-03-25T00:24:58: 非记录时间：2017-03-25T00:24:58+08:00
2017-03-25T00:25:08: 非记录时间：2017-03-25T00:25:08+08:00
2017-03-25T00:25:18: 非记录时间：2017-03-25T00:25:18+08:00
2017-03-25T00:25:28: 非记录时间：2017-03-25T00:25:28+08:00
2017-03-25T00:25:38: 非记录时间：2017-03-25T00:25:38+08:00
2017-03-25T00:25:48: 非记录时间：2017-03-25T00:25:48+08:00
2017-03-25T00:25:58: 非记录时间：2017-03-25T00:25:58+08:00
2017-03-25T00:26:08: 非记录时间：2017-03-25T00:26:08+08:00
2017-03-25T00:26:18: 非记录时间：2017-03-25T00:26:18+08:00
2017-03-25T00:26:28: 非记录时间：2017-03-25T00:26:28+08:00
2017-03-25T00:26:38: 非记录时间：2017-03-25T00:26:38+08:00
2017-03-25T00:26:48: 非记录时间：2017-03-25T00:26:48+08:00
2017-03-25T00:26:58: 非记录时间：2017-03-25T00:26:58+08:00
2017-03-25T00:27:08: 非记录时间：2017-03-25T00:27:08+08:00
2017-03-25T00:27:18: 非记录时间：2017-03-25T00:27:18+08:00
2017-03-25T00:27:28: 非记录时间：2017-03-25T00:27:28+08:00
2017-03-25T00:27:38: 非记录时间：2017-03-25T00:27:38+08:00
2017-03-25T00:27:48: 非记录时间：2017-03-25T00:27:48+08:00
2017-03-25T00:27:58: 非记录时间：2017-03-25T00:27:58+08:00
2017-03-25T00:28:08: 非记录时间：2017-03-25T00:28:08+08:00
2017-03-25T00:28:18: 非记录时间：2017-03-25T00:28:18+08:00
2017-03-25T00:28:28: 非记录时间：2017-03-25T00:28:28+08:00
2017-03-25T00:28:38: 非记录时间：2017-03-25T00:28:38+08:00
2017-03-25T00:28:48: 非记录时间：2017-03-25T00:28:48+08:00
2017-03-25T00:28:58: 非记录时间：2017-03-25T00:28:58+08:00
2017-03-25T00:29:08: 非记录时间：2017-03-25T00:29:08+08:00
2017-03-25T00:29:18: 非记录时间：2017-03-25T00:29:18+08:00
2017-03-25T00:29:28: 非记录时间：2017-03-25T00:29:28+08:00
2017-03-25T00:29:38: 非记录时间：2017-03-25T00:29:38+08:00
2017-03-25T00:29:48: 非记录时间：2017-03-25T00:29:48+08:00
2017-03-25T00:29:58: 非记录时间：2017-03-25T00:29:58+08:00
2017-03-25T00:30:08: 非记录时间：2017-03-25T00:30:08+08:00
2017-03-25T00:30:18: 非记录时间：2017-03-25T00:30:18+08:00
2017-03-25T00:30:28: 非记录时间：2017-03-25T00:30:28+08:00
2017-03-25T00:30:38: 非记录时间：2017-03-25T00:30:38+08:00
2017-03-25T00:30:48: 非记录时间：2017-03-25T00:30:48+08:00
2017-03-25T00:30:58: 非记录时间：2017-03-25T00:30:58+08:00
2017-03-25T00:31:08: 非记录时间：2017-03-25T00:31:08+08:00
2017-03-25T00:31:18: 非记录时间：2017-03-25T00:31:18+08:00
2017-03-25T00:31:28: 非记录时间：2017-03-25T00:31:28+08:00
2017-03-25T00:31:38: 非记录时间：2017-03-25T00:31:38+08:00
2017-03-25T00:31:48: 非记录时间：2017-03-25T00:31:48+08:00
2017-03-25T00:31:58: 非记录时间：2017-03-25T00:31:58+08:00
2017-03-25T00:32:08: 非记录时间：2017-03-25T00:32:08+08:00
2017-03-25T00:32:18: 非记录时间：2017-03-25T00:32:18+08:00
2017-03-25T00:32:28: 非记录时间：2017-03-25T00:32:28+08:00
2017-03-25T00:32:38: 非记录时间：2017-03-25T00:32:38+08:00
2017-03-25T00:32:48: 非记录时间：2017-03-25T00:32:48+08:00
2017-03-25T00:32:58: 非记录时间：2017-03-25T00:32:58+08:00
2017-03-25T00:33:08: 非记录时间：2017-03-25T00:33:08+08:00
2017-03-25T00:33:18: 非记录时间：2017-03-25T00:33:18+08:00
2017-03-25T00:33:28: 非记录时间：2017-03-25T00:33:28+08:00
2017-03-25T00:33:38: 非记录时间：2017-03-25T00:33:38+08:00
2017-03-25T00:33:48: 非记录时间：2017-03-25T00:33:48+08:00
2017-03-25T00:33:58: 非记录时间：2017-03-25T00:33:58+08:00
2017-03-25T00:34:08: 非记录时间：2017-03-25T00:34:08+08:00
2017-03-25T00:34:18: 非记录时间：2017-03-25T00:34:18+08:00
2017-03-25T00:34:28: 非记录时间：2017-03-25T00:34:28+08:00
2017-03-25T00:34:38: 非记录时间：2017-03-25T00:34:38+08:00
2017-03-25T00:34:48: 非记录时间：2017-03-25T00:34:48+08:00
2017-03-25T00:34:58: 非记录时间：2017-03-25T00:34:58+08:00
2017-03-25T00:35:08: 非记录时间：2017-03-25T00:35:08+08:00
2017-03-25T00:35:18: 非记录时间：2017-03-25T00:35:18+08:00
2017-03-25T00:35:28: 非记录时间：2017-03-25T00:35:28+08:00
2017-03-25T00:35:38: 非记录时间：2017-03-25T00:35:38+08:00
2017-03-25T00:35:48: 非记录时间：2017-03-25T00:35:48+08:00
2017-03-25T00:35:58: 非记录时间：2017-03-25T00:35:58+08:00
2017-03-25T00:36:08: 非记录时间：2017-03-25T00:36:08+08:00
2017-03-25T00:36:18: 非记录时间：2017-03-25T00:36:18+08:00
2017-03-25T00:36:28: 非记录时间：2017-03-25T00:36:28+08:00
2017-03-25T00:36:38: 非记录时间：2017-03-25T00:36:38+08:00
2017-03-25T00:36:48: 非记录时间：2017-03-25T00:36:48+08:00
2017-03-25T00:36:58: 非记录时间：2017-03-25T00:36:58+08:00
2017-03-25T00:37:08: 非记录时间：2017-03-25T00:37:08+08:00
2017-03-25T00:37:18: 非记录时间：2017-03-25T00:37:18+08:00
2017-03-25T00:37:28: 非记录时间：2017-03-25T00:37:28+08:00
2017-03-25T00:37:38: 非记录时间：2017-03-25T00:37:38+08:00
2017-03-25T00:37:48: 非记录时间：2017-03-25T00:37:48+08:00
2017-03-25T00:37:58: 非记录时间：2017-03-25T00:37:58+08:00
2017-03-25T00:38:08: 非记录时间：2017-03-25T00:38:08+08:00
2017-03-25T00:38:18: 非记录时间：2017-03-25T00:38:18+08:00
2017-03-25T00:38:28: 非记录时间：2017-03-25T00:38:28+08:00
2017-03-25T00:38:38: 非记录时间：2017-03-25T00:38:38+08:00
2017-03-25T00:38:48: 非记录时间：2017-03-25T00:38:48+08:00
2017-03-25T00:38:58: 非记录时间：2017-03-25T00:38:58+08:00
2017-03-25T00:39:08: 非记录时间：2017-03-25T00:39:08+08:00
2017-03-25T00:39:18: 非记录时间：2017-03-25T00:39:18+08:00
2017-03-25T00:39:28: 非记录时间：2017-03-25T00:39:28+08:00
2017-03-25T00:39:38: 非记录时间：2017-03-25T00:39:38+08:00
2017-03-25T00:39:48: 非记录时间：2017-03-25T00:39:48+08:00
2017-03-25T00:39:58: 非记录时间：2017-03-25T00:39:58+08:00
2017-03-25T00:40:08: 非记录时间：2017-03-25T00:40:08+08:00
2017-03-25T00:40:18: 非记录时间：2017-03-25T00:40:18+08:00
2017-03-25T00:40:28: 非记录时间：2017-03-25T00:40:28+08:00
2017-03-25T00:40:38: 非记录时间：2017-03-25T00:40:38+08:00
2017-03-25T00:40:48: 非记录时间：2017-03-25T00:40:48+08:00
2017-03-25T00:40:58: 非记录时间：2017-03-25T00:40:58+08:00
2017-03-25T00:41:08: 非记录时间：2017-03-25T00:41:08+08:00
2017-03-25T00:41:18: 非记录时间：2017-03-25T00:41:18+08:00
2017-03-25T00:41:28: 非记录时间：2017-03-25T00:41:28+08:00
2017-03-25T00:41:38: 非记录时间：2017-03-25T00:41:38+08:00
2017-03-25T00:41:48: 非记录时间：2017-03-25T00:41:48+08:00
2017-03-25T00:41:58: 非记录时间：2017-03-25T00:41:58+08:00
2017-03-25T00:42:08: 非记录时间：2017-03-25T00:42:08+08:00
2017-03-25T00:42:18: 非记录时间：2017-03-25T00:42:18+08:00
2017-03-25T00:42:28: 非记录时间：2017-03-25T00:42:28+08:00
2017-03-25T00:42:38: 非记录时间：2017-03-25T00:42:38+08:00
2017-03-25T00:42:48: 非记录时间：2017-03-25T00:42:48+08:00
2017-03-25T00:42:58: 非记录时间：2017-03-25T00:42:58+08:00
2017-03-25T00:43:08: 非记录时间：2017-03-25T00:43:08+08:00
2017-03-25T00:43:18: 非记录时间：2017-03-25T00:43:18+08:00
2017-03-25T00:43:28: 非记录时间：2017-03-25T00:43:28+08:00
2017-03-25T00:43:38: 非记录时间：2017-03-25T00:43:38+08:00
2017-03-25T00:43:48: 非记录时间：2017-03-25T00:43:48+08:00
2017-03-25T00:43:58: 非记录时间：2017-03-25T00:43:58+08:00
2017-03-25T00:44:08: 非记录时间：2017-03-25T00:44:08+08:00
2017-03-25T00:44:18: 非记录时间：2017-03-25T00:44:18+08:00
2017-03-25T00:44:28: 非记录时间：2017-03-25T00:44:28+08:00
2017-03-25T00:44:38: 非记录时间：2017-03-25T00:44:38+08:00
2017-03-25T00:44:48: 非记录时间：2017-03-25T00:44:48+08:00
2017-03-25T00:44:58: 非记录时间：2017-03-25T00:44:58+08:00
2017-03-25T00:45:08: 非记录时间：2017-03-25T00:45:08+08:00
2017-03-25T00:45:18: 非记录时间：2017-03-25T00:45:18+08:00
2017-03-25T00:45:29: 非记录时间：2017-03-25T00:45:28+08:00
2017-03-25T00:45:39: 非记录时间：2017-03-25T00:45:39+08:00
2017-03-25T00:45:49: 非记录时间：2017-03-25T00:45:49+08:00
2017-03-25T00:45:59: 非记录时间：2017-03-25T00:45:59+08:00
2017-03-25T00:46:09: 非记录时间：2017-03-25T00:46:09+08:00
2017-03-25T00:46:19: 非记录时间：2017-03-25T00:46:19+08:00
2017-03-25T00:46:29: 非记录时间：2017-03-25T00:46:29+08:00
2017-03-25T00:46:39: 非记录时间：2017-03-25T00:46:39+08:00
2017-03-25T00:46:49: 非记录时间：2017-03-25T00:46:49+08:00
2017-03-25T00:46:59: 非记录时间：2017-03-25T00:46:59+08:00
2017-03-25T00:47:09: 非记录时间：2017-03-25T00:47:09+08:00
2017-03-25T00:47:19: 非记录时间：2017-03-25T00:47:19+08:00
2017-03-25T00:47:29: 非记录时间：2017-03-25T00:47:29+08:00
2017-03-25T00:47:39: 非记录时间：2017-03-25T00:47:39+08:00
2017-03-25T00:47:49: 非记录时间：2017-03-25T00:47:49+08:00
2017-03-25T00:47:59: 非记录时间：2017-03-25T00:47:59+08:00
2017-03-25T00:48:09: 非记录时间：2017-03-25T00:48:09+08:00
2017-03-25T00:48:19: 非记录时间：2017-03-25T00:48:19+08:00
2017-03-25T00:48:29: 非记录时间：2017-03-25T00:48:29+08:00
2017-03-25T00:48:39: 非记录时间：2017-03-25T00:48:39+08:00
2017-03-25T00:48:49: 非记录时间：2017-03-25T00:48:49+08:00
2017-03-25T00:48:59: 非记录时间：2017-03-25T00:48:59+08:00
2017-03-25T00:49:09: 非记录时间：2017-03-25T00:49:09+08:00
2017-03-25T00:49:19: 非记录时间：2017-03-25T00:49:19+08:00
2017-03-25T00:49:29: 非记录时间：2017-03-25T00:49:29+08:00
2017-03-25T00:49:39: 非记录时间：2017-03-25T00:49:39+08:00
2017-03-25T00:49:49: 非记录时间：2017-03-25T00:49:49+08:00
2017-03-25T00:49:59: 非记录时间：2017-03-25T00:49:59+08:00
2017-03-25T00:50:09: 非记录时间：2017-03-25T00:50:09+08:00
2017-03-25T00:50:19: 非记录时间：2017-03-25T00:50:19+08:00
2017-03-25T00:50:29: 非记录时间：2017-03-25T00:50:29+08:00
2017-03-25T00:50:39: 非记录时间：2017-03-25T00:50:39+08:00
2017-03-25T00:50:49: 非记录时间：2017-03-25T00:50:49+08:00
2017-03-25T00:50:59: 非记录时间：2017-03-25T00:50:59+08:00
2017-03-25T00:51:09: 非记录时间：2017-03-25T00:51:09+08:00
2017-03-25T00:51:19: 非记录时间：2017-03-25T00:51:19+08:00
2017-03-25T00:51:29: 非记录时间：2017-03-25T00:51:29+08:00
2017-03-25T00:51:39: 非记录时间：2017-03-25T00:51:39+08:00
2017-03-25T00:51:49: 非记录时间：2017-03-25T00:51:49+08:00
2017-03-25T00:51:59: 非记录时间：2017-03-25T00:51:59+08:00
2017-03-25T00:52:09: 非记录时间：2017-03-25T00:52:09+08:00
2017-03-25T00:52:19: 非记录时间：2017-03-25T00:52:19+08:00
2017-03-25T00:52:29: 非记录时间：2017-03-25T00:52:29+08:00
2017-03-25T00:52:39: 非记录时间：2017-03-25T00:52:39+08:00
2017-03-25T00:52:49: 非记录时间：2017-03-25T00:52:49+08:00
2017-03-25T00:52:59: 非记录时间：2017-03-25T00:52:59+08:00
2017-03-25T00:53:09: 非记录时间：2017-03-25T00:53:09+08:00
2017-03-25T00:53:19: 非记录时间：2017-03-25T00:53:19+08:00
2017-03-25T00:53:29: 非记录时间：2017-03-25T00:53:29+08:00
2017-03-25T00:53:39: 非记录时间：2017-03-25T00:53:39+08:00
2017-03-25T00:53:49: 非记录时间：2017-03-25T00:53:49+08:00
2017-03-25T00:53:59: 非记录时间：2017-03-25T00:53:59+08:00
2017-03-25T00:54:09: 非记录时间：2017-03-25T00:54:09+08:00
2017-03-25T00:54:19: 非记录时间：2017-03-25T00:54:19+08:00
2017-03-25T00:54:29: 非记录时间：2017-03-25T00:54:29+08:00
2017-03-25T00:54:39: 非记录时间：2017-03-25T00:54:39+08:00
2017-03-25T00:54:49: 非记录时间：2017-03-25T00:54:49+08:00
2017-03-25T00:54:59: 非记录时间：2017-03-25T00:54:59+08:00
2017-03-25T00:55:09: 非记录时间：2017-03-25T00:55:09+08:00
2017-03-25T00:55:19: 非记录时间：2017-03-25T00:55:19+08:00
2017-03-25T00:55:29: 非记录时间：2017-03-25T00:55:29+08:00
2017-03-25T00:55:39: 非记录时间：2017-03-25T00:55:39+08:00
2017-03-25T00:55:49: 非记录时间：2017-03-25T00:55:49+08:00
2017-03-25T00:55:59: 非记录时间：2017-03-25T00:55:59+08:00
2017-03-25T00:56:09: 非记录时间：2017-03-25T00:56:09+08:00
2017-03-25T00:56:19: 非记录时间：2017-03-25T00:56:19+08:00
2017-03-25T00:56:29: 非记录时间：2017-03-25T00:56:29+08:00
2017-03-25T00:56:39: 非记录时间：2017-03-25T00:56:39+08:00
2017-03-25T00:56:49: 非记录时间：2017-03-25T00:56:49+08:00
2017-03-25T00:56:59: 非记录时间：2017-03-25T00:56:59+08:00
2017-03-25T00:57:09: 非记录时间：2017-03-25T00:57:09+08:00
2017-03-25T00:57:19: 非记录时间：2017-03-25T00:57:19+08:00
2017-03-25T00:57:29: 非记录时间：2017-03-25T00:57:29+08:00
2017-03-25T00:57:39: 非记录时间：2017-03-25T00:57:39+08:00
2017-03-25T00:57:49: 非记录时间：2017-03-25T00:57:49+08:00
2017-03-25T00:57:59: 非记录时间：2017-03-25T00:57:59+08:00
2017-03-25T00:58:09: 非记录时间：2017-03-25T00:58:09+08:00
2017-03-25T00:58:19: 非记录时间：2017-03-25T00:58:19+08:00
2017-03-25T00:58:29: 非记录时间：2017-03-25T00:58:29+08:00
2017-03-25T00:58:39: 非记录时间：2017-03-25T00:58:39+08:00
2017-03-25T00:58:49: 非记录时间：2017-03-25T00:58:49+08:00
2017-03-25T00:58:59: 非记录时间：2017-03-25T00:58:59+08:00
2017-03-25T00:59:09: 非记录时间：2017-03-25T00:59:09+08:00
2017-03-25T00:59:19: 非记录时间：2017-03-25T00:59:19+08:00
2017-03-25T00:59:29: 非记录时间：2017-03-25T00:59:29+08:00
2017-03-25T00:59:39: 非记录时间：2017-03-25T00:59:39+08:00
2017-03-25T00:59:49: 非记录时间：2017-03-25T00:59:49+08:00
2017-03-25T00:59:59: 非记录时间：2017-03-25T00:59:59+08:00
2017-03-25T01:00:09: 非记录时间：2017-03-25T01:00:09+08:00
2017-03-25T01:00:19: 非记录时间：2017-03-25T01:00:19+08:00
2017-03-25T01:00:29: 非记录时间：2017-03-25T01:00:29+08:00
2017-03-25T01:00:39: 非记录时间：2017-03-25T01:00:39+08:00
2017-03-25T01:00:49: 非记录时间：2017-03-25T01:00:49+08:00
2017-03-25T01:00:59: 非记录时间：2017-03-25T01:00:59+08:00
2017-03-25T01:01:09: 非记录时间：2017-03-25T01:01:09+08:00
2017-03-25T01:01:19: 非记录时间：2017-03-25T01:01:19+08:00
2017-03-25T01:01:29: 非记录时间：2017-03-25T01:01:29+08:00
2017-03-25T01:01:39: 非记录时间：2017-03-25T01:01:39+08:00
2017-03-25T01:01:49: 非记录时间：2017-03-25T01:01:49+08:00
2017-03-25T01:01:59: 非记录时间：2017-03-25T01:01:59+08:00
2017-03-25T01:02:09: 非记录时间：2017-03-25T01:02:09+08:00
2017-03-25T01:02:19: 非记录时间：2017-03-25T01:02:19+08:00
2017-03-25T01:02:29: 非记录时间：2017-03-25T01:02:29+08:00
2017-03-25T01:02:39: 非记录时间：2017-03-25T01:02:39+08:00
2017-03-25T01:02:49: 非记录时间：2017-03-25T01:02:49+08:00
2017-03-25T01:02:59: 非记录时间：2017-03-25T01:02:59+08:00
2017-03-25T01:03:09: 非记录时间：2017-03-25T01:03:09+08:00
2017-03-25T01:03:19: 非记录时间：2017-03-25T01:03:19+08:00
2017-03-25T01:03:29: 非记录时间：2017-03-25T01:03:29+08:00
2017-03-25T01:03:39: 非记录时间：2017-03-25T01:03:39+08:00
2017-03-25T01:03:49: 非记录时间：2017-03-25T01:03:49+08:00
2017-03-25T01:03:59: 非记录时间：2017-03-25T01:03:59+08:00
2017-03-25T01:04:09: 非记录时间：2017-03-25T01:04:09+08:00
2017-03-25T01:04:19: 非记录时间：2017-03-25T01:04:19+08:00
2017-03-25T01:04:29: 非记录时间：2017-03-25T01:04:29+08:00
2017-03-25T01:04:39: 非记录时间：2017-03-25T01:04:39+08:00
2017-03-25T01:04:49: 非记录时间：2017-03-25T01:04:49+08:00
2017-03-25T01:04:59: 非记录时间：2017-03-25T01:04:59+08:00
2017-03-25T01:05:09: 非记录时间：2017-03-25T01:05:09+08:00
2017-03-25T01:05:19: 非记录时间：2017-03-25T01:05:19+08:00
2017-03-25T01:05:29: 非记录时间：2017-03-25T01:05:29+08:00
2017-03-25T01:05:39: 非记录时间：2017-03-25T01:05:39+08:00
2017-03-25T01:05:49: 非记录时间：2017-03-25T01:05:49+08:00
2017-03-25T01:05:59: 非记录时间：2017-03-25T01:05:59+08:00
2017-03-25T01:06:09: 非记录时间：2017-03-25T01:06:09+08:00
2017-03-25T01:06:19: 非记录时间：2017-03-25T01:06:19+08:00
2017-03-25T01:06:29: 非记录时间：2017-03-25T01:06:29+08:00
2017-03-25T01:06:39: 非记录时间：2017-03-25T01:06:39+08:00
2017-03-25T01:06:49: 非记录时间：2017-03-25T01:06:49+08:00
2017-03-25T01:06:59: 非记录时间：2017-03-25T01:06:59+08:00
2017-03-25T01:07:09: 非记录时间：2017-03-25T01:07:09+08:00
2017-03-25T01:07:19: 非记录时间：2017-03-25T01:07:19+08:00
2017-03-25T01:07:29: 非记录时间：2017-03-25T01:07:29+08:00
2017-03-25T01:07:39: 非记录时间：2017-03-25T01:07:39+08:00
2017-03-25T01:07:49: 非记录时间：2017-03-25T01:07:49+08:00
2017-03-25T01:07:59: 非记录时间：2017-03-25T01:07:59+08:00
2017-03-25T01:08:09: 非记录时间：2017-03-25T01:08:09+08:00
2017-03-25T01:08:19: 非记录时间：2017-03-25T01:08:19+08:00
2017-03-25T01:08:29: 非记录时间：2017-03-25T01:08:29+08:00
2017-03-25T01:08:39: 非记录时间：2017-03-25T01:08:39+08:00
2017-03-25T01:08:49: 非记录时间：2017-03-25T01:08:49+08:00
2017-03-25T01:08:59: 非记录时间：2017-03-25T01:08:59+08:00
2017-03-25T01:09:09: 非记录时间：2017-03-25T01:09:09+08:00
2017-03-25T01:09:19: 非记录时间：2017-03-25T01:09:19+08:00
2017-03-25T01:09:29: 非记录时间：2017-03-25T01:09:29+08:00
2017-03-25T01:09:39: 非记录时间：2017-03-25T01:09:39+08:00
2017-03-25T01:09:49: 非记录时间：2017-03-25T01:09:49+08:00
2017-03-25T01:09:59: 非记录时间：2017-03-25T01:09:59+08:00
2017-03-25T01:10:09: 非记录时间：2017-03-25T01:10:09+08:00
2017-03-25T01:10:19: 非记录时间：2017-03-25T01:10:19+08:00
2017-03-25T01:10:29: 非记录时间：2017-03-25T01:10:29+08:00
2017-03-25T01:10:39: 非记录时间：2017-03-25T01:10:39+08:00
2017-03-25T01:10:49: 非记录时间：2017-03-25T01:10:49+08:00
2017-03-25T01:10:59: 非记录时间：2017-03-25T01:10:59+08:00
2017-03-25T01:11:10: 读取文件失败，可能是该文件不存在
2017-03-25T01:11:10: Error: ENOENT: no such file or directory, open './data/2017-03-25.json'
2017-03-25T01:11:20: 读取文件成功
2017-03-25T01:11:29: 读取文件成功
2017-03-25T01:11:39: 读取文件成功
2017-03-25T01:11:49: 读取文件成功
2017-03-25T01:12:00: 读取文件成功
2017-03-25T01:12:09: 读取文件成功
2017-03-25T01:12:19: 读取文件成功
2017-03-25T01:12:31: 读取文件成功
2017-03-25T01:12:39: 读取文件成功
2017-03-25T01:12:49: 读取文件成功
2017-03-25T01:12:59: 读取文件成功
2017-03-25T01:13:09: 读取文件成功
2017-03-25T01:13:19: 读取文件成功
2017-03-25T01:13:29: 读取文件成功
2017-03-25T01:13:39: 读取文件成功
2017-03-25T01:13:49: 读取文件成功
2017-03-25T01:13:59: 读取文件成功
2017-03-25T01:14:09: 读取文件成功
2017-03-25T01:14:19: 读取文件成功
2017-03-25T01:14:29: 读取文件成功
2017-03-25T01:14:39: 读取文件成功
2017-03-25T01:14:50: 读取文件成功
2017-03-25T01:14:59: 读取文件成功
2017-03-25T01:15:09: 读取文件成功
2017-03-25T01:15:19: 读取文件成功
2017-03-25T01:15:30: 读取文件成功
2017-03-25T01:15:39: 读取文件成功
2017-03-25T01:15:50: 读取文件成功
2017-03-25T01:15:59: 读取文件成功
2017-03-25T01:16:09: 读取文件成功
2017-03-25T01:16:20: 读取文件成功
2017-03-25T01:16:29: 读取文件成功
2017-03-25T01:16:40: 读取文件成功
2017-03-25T01:16:50: 读取文件成功
2017-03-25T01:17:00: 读取文件成功
2017-03-25T01:17:10: 读取文件成功
2017-03-25T01:17:20: 读取文件成功
2017-03-25T01:17:30: 读取文件成功
2017-03-25T01:17:40: 读取文件成功
2017-03-25T01:17:50: 读取文件成功
2017-03-25T01:18:00: 读取文件成功
2017-03-25T01:18:10: 读取文件成功
2017-03-25T01:18:20: 读取文件成功
2017-03-25T01:18:30: 读取文件成功
2017-03-25T01:18:40: 读取文件成功
2017-03-25T01:18:50: 读取文件成功
2017-03-25T01:19:00: 读取文件成功
2017-03-25T01:19:10: 读取文件成功
2017-03-25T01:19:20: 读取文件成功
2017-03-25T01:19:30: 读取文件成功
2017-03-25T01:19:41: 读取文件成功
2017-03-25T01:19:50: 读取文件成功
2017-03-25T01:20:00: 读取文件成功
2017-03-25T01:20:10: 读取文件成功
2017-03-25T01:20:20: 读取文件成功
2017-03-25T01:20:30: 读取文件成功
2017-03-25T01:20:40: 读取文件成功
2017-03-25T01:20:50: 读取文件成功
2017-03-25T01:21:00: 读取文件成功
2017-03-25T01:21:10: 读取文件成功
2017-03-25T01:21:20: 读取文件成功
2017-03-25T01:21:30: 读取文件成功
2017-03-25T01:21:40: 读取文件成功
2017-03-25T01:21:50: 读取文件成功
2017-03-25T01:22:00: 读取文件成功
2017-03-25T01:22:10: 读取文件成功
2017-03-25T01:22:20: 读取文件成功
2017-03-25T01:22:30: 读取文件成功
2017-03-25T01:22:40: 读取文件成功
2017-03-25T01:22:50: 读取文件成功
2017-03-25T01:23:00: 读取文件成功
2017-03-25T01:23:10: 读取文件成功
2017-03-25T01:23:20: 读取文件成功
2017-03-25T01:23:30: 读取文件成功
2017-03-25T01:23:40: 读取文件成功
2017-03-25T01:23:50: 读取文件成功
2017-03-25T01:24:00: 读取文件成功
2017-03-25T01:24:10: 读取文件成功
2017-03-25T01:24:20: 读取文件成功
2017-03-25T01:24:30: 读取文件成功
2017-03-25T01:24:40: 读取文件成功
2017-03-25T01:24:50: 读取文件成功
2017-03-25T01:25:00: 读取文件成功
2017-03-25T01:25:10: 读取文件成功
2017-03-25T01:25:20: 读取文件成功
2017-03-25T01:25:30: 读取文件成功
2017-03-25T01:25:40: 读取文件成功
2017-03-25T01:25:51: 读取文件成功
2017-03-25T01:26:00: 读取文件成功
2017-03-25T01:26:10: 读取文件成功
2017-03-25T01:26:20: 读取文件成功
2017-03-25T01:26:30: 读取文件成功
2017-03-25T01:26:40: 读取文件成功
2017-03-25T01:26:50: 读取文件成功
2017-03-25T01:27:00: 读取文件成功
2017-03-25T01:27:10: 读取文件成功
2017-03-25T01:27:20: 读取文件成功
2017-03-25T01:27:30: 读取文件成功
2017-03-25T01:27:40: 读取文件成功
2017-03-25T01:27:50: 读取文件成功
2017-03-25T01:28:00: 读取文件成功
2017-03-25T01:28:10: 读取文件成功
2017-03-25T01:28:20: 读取文件成功
2017-03-25T01:28:30: 读取文件成功
2017-03-25T01:28:40: 读取文件成功
2017-03-25T01:28:50: 读取文件成功
2017-03-25T01:29:00: 读取文件成功
2017-03-25T01:29:10: 读取文件成功
2017-03-25T01:29:20: 读取文件成功
2017-03-25T01:29:30: 读取文件成功
2017-03-25T01:29:40: 读取文件成功
2017-03-25T01:29:50: 读取文件成功
2017-03-25T01:30:00: 读取文件成功
2017-03-25T01:30:10: 读取文件成功
2017-03-25T01:30:21: 读取文件成功
2017-03-25T01:30:30: 读取文件成功
2017-03-25T01:30:40: 读取文件成功
2017-03-25T01:30:50: 读取文件成功
2017-03-25T01:31:00: 读取文件成功
2017-03-25T01:31:10: 读取文件成功
2017-03-25T01:31:20: 读取文件成功
2017-03-25T01:31:30: 读取文件成功
2017-03-25T01:31:40: 读取文件成功
2017-03-25T01:31:50: 读取文件成功
2017-03-25T01:32:00: 读取文件成功
2017-03-25T01:32:10: 读取文件成功
2017-03-25T01:32:20: 读取文件成功
2017-03-25T01:32:31: 读取文件成功
2017-03-25T01:32:40: 读取文件成功
2017-03-25T01:32:50: 读取文件成功
2017-03-25T01:33:00: 读取文件成功
2017-03-25T01:33:10: 读取文件成功
2017-03-25T01:33:20: 读取文件成功
2017-03-25T01:33:30: 读取文件成功
2017-03-25T01:33:40: 读取文件成功
2017-03-25T01:33:50: 读取文件成功
2017-03-25T01:34:00: 读取文件成功
2017-03-25T01:34:10: 读取文件成功
2017-03-25T01:34:20: 读取文件成功
2017-03-25T01:34:30: 读取文件成功
2017-03-25T01:34:40: 读取文件成功
2017-03-25T01:34:50: 读取文件成功
2017-03-25T01:35:00: 读取文件成功
2017-03-25T01:35:10: 读取文件成功
2017-03-25T01:35:21: 读取文件成功
2017-03-25T01:35:30: 读取文件成功
2017-03-25T01:35:40: 读取文件成功
2017-03-25T01:35:50: 读取文件成功
2017-03-25T01:36:00: 读取文件成功
2017-03-25T01:36:11: 读取文件成功
2017-03-25T01:36:20: 读取文件成功
2017-03-25T01:36:30: 读取文件成功
2017-03-25T01:36:41: 读取文件成功
2017-03-25T01:36:51: 读取文件成功
2017-03-25T01:37:01: 读取文件成功
2017-03-25T01:37:11: 读取文件成功
2017-03-25T01:37:21: 读取文件成功
2017-03-25T01:37:31: 读取文件成功
2017-03-25T01:37:41: 读取文件成功
2017-03-25T01:37:51: 读取文件成功
2017-03-25T01:38:01: 读取文件成功
2017-03-25T01:38:11: 读取文件成功
2017-03-25T01:38:21: 读取文件成功
2017-03-25T01:38:31: 读取文件成功
2017-03-25T01:38:41: 读取文件成功
2017-03-25T01:38:51: 读取文件成功
2017-03-25T01:39:01: 读取文件成功
2017-03-25T01:39:11: 读取文件成功
2017-03-25T01:39:21: 读取文件成功
2017-03-25T01:39:31: 读取文件成功
2017-03-25T01:39:41: 读取文件成功
2017-03-25T01:39:51: 读取文件成功
2017-03-25T01:40:01: 读取文件成功
2017-03-25T01:40:11: 读取文件成功
2017-03-25T01:40:21: 读取文件成功
2017-03-25T01:40:31: 读取文件成功
2017-03-25T01:40:41: 读取文件成功
2017-03-25T01:40:51: 读取文件成功
2017-03-25T01:41:01: 读取文件成功
2017-03-25T01:41:11: 读取文件成功
2017-03-25T01:41:21: 读取文件成功
2017-03-25T01:41:31: 读取文件成功
2017-03-25T01:41:41: 读取文件成功
2017-03-25T01:41:51: 读取文件成功
2017-03-25T01:42:01: 读取文件成功
2017-03-25T01:42:11: 读取文件成功
2017-03-25T01:42:21: 读取文件成功
2017-03-25T01:42:31: 读取文件成功
2017-03-25T01:42:41: 读取文件成功
2017-03-25T01:42:51: 读取文件成功
2017-03-25T01:43:01: 读取文件成功
2017-03-25T01:43:11: 读取文件成功
2017-03-25T01:43:21: 读取文件成功
2017-03-25T01:43:31: 读取文件成功
2017-03-25T01:43:41: 读取文件成功
2017-03-25T01:43:51: 读取文件成功
2017-03-25T01:44:01: 读取文件成功
2017-03-25T01:44:11: 读取文件成功
2017-03-25T01:44:21: 读取文件成功
2017-03-25T01:44:31: 读取文件成功
2017-03-25T01:44:41: 读取文件成功
2017-03-25T01:44:51: 读取文件成功
2017-03-25T01:45:01: 读取文件成功
2017-03-25T01:45:11: 读取文件成功
2017-03-25T01:45:21: 读取文件成功
2017-03-25T01:45:31: 读取文件成功
2017-03-25T01:45:41: 读取文件成功
2017-03-25T01:45:51: 读取文件成功
2017-03-25T01:46:01: 读取文件成功
2017-03-25T01:46:11: 读取文件成功
2017-03-25T01:46:21: 读取文件成功
2017-03-25T01:46:31: 读取文件成功
2017-03-25T01:46:41: 读取文件成功
2017-03-25T01:46:51: 读取文件成功
2017-03-25T01:47:01: 读取文件成功
2017-03-25T01:47:11: 读取文件成功
2017-03-25T01:47:21: 读取文件成功
2017-03-25T01:47:31: 读取文件成功
2017-03-25T01:47:41: 读取文件成功
2017-03-25T01:47:51: 读取文件成功
2017-03-25T01:48:01: 读取文件成功
2017-03-25T01:48:11: 读取文件成功
2017-03-25T01:48:21: 读取文件成功
2017-03-25T01:48:31: 读取文件成功
2017-03-25T01:48:41: 读取文件成功
2017-03-25T01:48:51: 读取文件成功
2017-03-25T01:49:01: 读取文件成功
2017-03-25T01:49:11: 读取文件成功
2017-03-25T01:49:21: 读取文件成功
2017-03-25T01:49:31: 读取文件成功
2017-03-25T01:49:41: 读取文件成功
2017-03-25T01:49:51: 读取文件成功
2017-03-25T01:50:01: 读取文件成功
2017-03-25T01:50:11: 读取文件成功
2017-03-25T01:50:21: 读取文件成功
2017-03-25T01:50:31: 读取文件成功
2017-03-25T01:50:41: 读取文件成功
2017-03-25T01:50:51: 读取文件成功
2017-03-25T01:51:01: 读取文件成功
2017-03-25T01:51:11: 读取文件成功
2017-03-25T01:51:21: 读取文件成功
2017-03-25T01:51:31: 读取文件成功
2017-03-25T01:51:41: 读取文件成功
2017-03-25T01:51:51: 读取文件成功
2017-03-25T01:52:01: 读取文件成功
2017-03-25T01:52:11: 读取文件成功
2017-03-25T01:52:21: 读取文件成功
2017-03-25T01:52:31: 读取文件成功
2017-03-25T01:52:41: 读取文件成功
2017-03-25T01:52:51: 读取文件成功
2017-03-25T01:53:01: 读取文件成功
2017-03-25T01:53:11: 读取文件成功
2017-03-25T01:53:21: 读取文件成功
2017-03-25T01:53:31: 读取文件成功
2017-03-25T01:53:41: 读取文件成功
2017-03-25T01:53:51: 读取文件成功
2017-03-25T01:54:01: 读取文件成功
2017-03-25T01:54:11: 读取文件成功
2017-03-25T01:54:21: 读取文件成功
2017-03-25T01:54:31: 读取文件成功
2017-03-25T01:54:41: 读取文件成功
2017-03-25T01:54:51: 读取文件成功
2017-03-25T01:55:01: 读取文件成功
2017-03-25T01:55:11: 读取文件成功
2017-03-25T01:55:21: 读取文件成功
2017-03-25T01:55:31: 读取文件成功
2017-03-25T01:55:41: 读取文件成功
2017-03-25T01:55:51: 读取文件成功
2017-03-25T01:56:01: 读取文件成功
2017-03-25T01:56:12: 读取文件成功
2017-03-25T01:56:22: 读取文件成功
2017-03-25T01:56:31: 读取文件成功
2017-03-25T01:56:41: 读取文件成功
2017-03-25T01:56:52: 读取文件成功
2017-03-25T01:57:02: 读取文件成功
2017-03-25T01:57:12: 读取文件成功
2017-03-25T01:57:22: 读取文件成功
2017-03-25T01:57:32: 读取文件成功
2017-03-25T01:57:42: 读取文件成功
2017-03-25T01:57:52: 读取文件成功
2017-03-25T01:58:02: 读取文件成功
2017-03-25T01:58:12: 读取文件成功
2017-03-25T01:58:22: 读取文件成功
2017-03-25T01:58:32: 读取文件成功
2017-03-25T01:58:45: 读取文件成功
2017-03-25T01:58:52: 读取文件成功
2017-03-25T01:59:02: 读取文件成功
2017-03-25T01:59:12: 读取文件成功
2017-03-25T01:59:22: 读取文件成功
2017-03-25T01:59:32: 读取文件成功
2017-03-25T01:59:42: 读取文件成功
2017-03-25T01:59:52: 读取文件成功
2017-03-25T02:00:02: 读取文件成功
2017-03-25T02:00:12: 读取文件成功
2017-03-25T02:00:22: 读取文件成功
2017-03-25T02:00:32: 读取文件成功
2017-03-25T02:00:42: 读取文件成功
2017-03-25T02:00:52: 读取文件成功
2017-03-25T02:01:02: 读取文件成功
2017-03-25T02:01:12: 读取文件成功
2017-03-25T02:01:22: 读取文件成功
2017-03-25T02:01:32: 读取文件成功
2017-03-25T02:01:42: 读取文件成功
2017-03-25T02:01:52: 读取文件成功
2017-03-25T02:02:02: 读取文件成功
2017-03-25T02:02:12: 读取文件成功
2017-03-25T02:02:22: 读取文件成功
2017-03-25T02:02:32: 读取文件成功
2017-03-25T02:02:42: 读取文件成功
2017-03-25T02:02:52: 读取文件成功
2017-03-25T02:03:02: 读取文件成功
2017-03-25T02:03:12: 读取文件成功
2017-03-25T02:03:22: 读取文件成功
2017-03-25T02:03:32: 读取文件成功
2017-03-25T02:03:42: 读取文件成功
2017-03-25T02:03:52: 读取文件成功
2017-03-25T02:04:03: 读取文件成功
2017-03-25T02:04:12: 读取文件成功
2017-03-25T02:04:22: 读取文件成功
2017-03-25T02:04:32: 读取文件成功
2017-03-25T02:04:43: 读取文件成功
2017-03-25T02:04:52: 读取文件成功
2017-03-25T02:05:02: 读取文件成功
2017-03-25T02:05:12: 读取文件成功
2017-03-25T02:05:22: 读取文件成功
2017-03-25T02:05:32: 读取文件成功
2017-03-25T02:05:42: 读取文件成功
2017-03-25T02:05:52: 读取文件成功
2017-03-25T02:06:02: 读取文件成功
2017-03-25T02:06:12: 读取文件成功
2017-03-25T02:06:22: 读取文件成功
2017-03-25T02:06:32: 读取文件成功
2017-03-25T02:06:42: 读取文件成功
2017-03-25T02:06:52: 读取文件成功
2017-03-25T02:07:02: 读取文件成功
2017-03-25T02:07:12: 读取文件成功
2017-03-25T02:07:22: 读取文件成功
2017-03-25T02:07:32: 读取文件成功
2017-03-25T02:07:42: 读取文件成功
2017-03-25T02:07:52: 读取文件成功
2017-03-25T02:08:02: 读取文件成功
2017-03-25T02:08:12: 读取文件成功
2017-03-25T02:08:22: 读取文件成功
2017-03-25T02:08:32: 读取文件成功
2017-03-25T02:08:42: 读取文件成功
2017-03-25T02:08:53: 读取文件成功
2017-03-25T02:09:02: 读取文件成功
2017-03-25T02:09:12: 读取文件成功
2017-03-25T02:09:22: 读取文件成功
2017-03-25T02:09:32: 读取文件成功
2017-03-25T02:09:42: 读取文件成功
2017-03-25T02:09:52: 读取文件成功
2017-03-25T02:10:02: 读取文件成功
2017-03-25T02:10:12: 读取文件成功
2017-03-25T02:10:22: 读取文件成功
2017-03-25T02:10:32: 读取文件成功
2017-03-25T02:10:42: 读取文件成功
2017-03-25T02:10:52: 读取文件成功
2017-03-25T02:11:02: 读取文件成功
2017-03-25T02:11:12: 读取文件成功
2017-03-25T02:11:23: 读取文件成功
2017-03-25T02:11:32: 读取文件成功
2017-03-25T02:11:42: 读取文件成功
2017-03-25T02:11:52: 读取文件成功
2017-03-25T02:12:02: 读取文件成功
2017-03-25T02:12:12: 读取文件成功
2017-03-25T02:12:22: 读取文件成功
2017-03-25T02:12:33: 读取文件成功
2017-03-25T02:12:42: 读取文件成功
2017-03-25T02:12:52: 读取文件成功
2017-03-25T02:13:03: 读取文件成功
2017-03-25T02:13:12: 读取文件成功
2017-03-25T02:13:22: 读取文件成功
2017-03-25T02:13:32: 读取文件成功
2017-03-25T02:13:42: 读取文件成功
2017-03-25T02:13:52: 读取文件成功
2017-03-25T02:14:02: 读取文件成功
2017-03-25T02:14:12: 读取文件成功
2017-03-25T02:14:22: 读取文件成功
2017-03-25T02:14:32: 读取文件成功
2017-03-25T02:14:42: 读取文件成功
2017-03-25T02:14:52: 读取文件成功
2017-03-25T02:15:02: 读取文件成功
2017-03-25T02:15:12: 读取文件成功
2017-03-25T02:15:23: 读取文件成功
2017-03-25T02:15:33: 读取文件成功
2017-03-25T02:15:43: 读取文件成功
2017-03-25T02:15:53: 读取文件成功
2017-03-25T02:16:03: 读取文件成功
2017-03-25T02:16:13: 读取文件成功
2017-03-25T02:16:23: 读取文件成功
2017-03-25T02:16:33: 读取文件成功
2017-03-25T02:16:43: 读取文件成功
2017-03-25T02:16:53: 读取文件成功
2017-03-25T02:17:03: 读取文件成功
2017-03-25T02:17:13: 读取文件成功
2017-03-25T02:17:23: 读取文件成功
2017-03-25T02:17:33: 读取文件成功
2017-03-25T02:17:43: 读取文件成功
2017-03-25T02:17:53: 读取文件成功
2017-03-25T02:18:03: 读取文件成功
2017-03-25T02:18:13: 读取文件成功
2017-03-25T02:18:23: 读取文件成功
2017-03-25T02:18:33: 读取文件成功
2017-03-25T02:19:13: 读取文件成功
2017-03-25T02:19:18: 读取文件成功
2017-03-25T02:19:20: 读取文件成功
2017-03-25T02:19:23: 读取文件成功
2017-03-25T02:19:33: 读取文件成功
2017-03-25T02:19:43: 读取文件成功
2017-03-25T02:19:53: 读取文件成功
2017-03-25T02:20:30: 读取文件成功
2017-03-25T02:20:33: 读取文件成功
2017-03-25T02:20:34: 读取文件成功
2017-03-25T02:20:39: 读取文件成功
2017-03-25T02:20:43: 读取文件成功
2017-03-25T02:20:53: 读取文件成功
2017-03-25T02:21:03: 读取文件成功
2017-03-25T02:21:13: 读取文件成功
2017-03-25T02:21:23: 读取文件成功
2017-03-25T02:21:33: 读取文件成功
2017-03-25T02:21:43: 读取文件成功
2017-03-25T02:21:53: 读取文件成功
2017-03-25T02:22:03: 读取文件成功
2017-03-25T02:22:13: 读取文件成功
2017-03-25T02:22:23: 读取文件成功
2017-03-25T02:22:33: 读取文件成功
2017-03-25T02:22:43: 读取文件成功
2017-03-25T02:22:53: 读取文件成功
2017-03-25T02:23:03: 读取文件成功
2017-03-25T02:23:13: 读取文件成功
2017-03-25T02:23:23: 读取文件成功
2017-03-25T02:23:33: 读取文件成功
2017-03-25T02:23:43: 读取文件成功
2017-03-25T02:23:53: 读取文件成功
2017-03-25T02:24:03: 读取文件成功
2017-03-25T02:24:13: 读取文件成功
2017-03-25T02:24:23: 读取文件成功
2017-03-25T02:24:33: 读取文件成功
2017-03-25T02:24:43: 读取文件成功
2017-03-25T02:24:53: 读取文件成功
2017-03-25T02:25:03: 读取文件成功
2017-03-25T02:25:13: 读取文件成功
2017-03-25T02:25:23: 读取文件成功
2017-03-25T02:25:33: 读取文件成功
2017-03-25T02:25:43: 读取文件成功
2017-03-25T02:25:53: 读取文件成功
2017-03-25T02:26:03: 读取文件成功
2017-03-25T02:26:13: 读取文件成功
2017-03-25T02:26:23: 读取文件成功
2017-03-25T02:26:33: 读取文件成功
2017-03-25T02:26:43: 读取文件成功
2017-03-25T02:26:53: 读取文件成功
2017-03-25T02:27:03: 读取文件成功
2017-03-25T02:27:13: 读取文件成功
2017-03-25T02:27:23: 读取文件成功
2017-03-25T02:27:33: 读取文件成功
2017-03-25T02:27:43: 读取文件成功
2017-03-25T02:27:53: 读取文件成功
2017-03-25T02:28:03: 读取文件成功
2017-03-25T02:28:13: 读取文件成功
2017-03-25T02:28:23: 读取文件成功
2017-03-25T02:28:33: 读取文件成功
2017-03-25T02:28:43: 读取文件成功
2017-03-25T02:28:53: 读取文件成功
2017-03-25T02:29:03: 读取文件成功
2017-03-25T02:29:13: 读取文件成功
2017-03-25T02:29:23: 读取文件成功
2017-03-25T02:29:33: 读取文件成功
2017-03-25T02:29:43: 读取文件成功
2017-03-25T02:29:53: 读取文件成功
2017-03-25T02:30:03: 读取文件成功
2017-03-25T02:30:13: 读取文件成功
2017-03-25T02:30:23: 读取文件成功
2017-03-25T02:30:34: 读取文件成功
2017-03-25T02:30:43: 读取文件成功
2017-03-25T02:30:53: 读取文件成功
2017-03-25T02:31:03: 读取文件成功
2017-03-25T02:31:13: 读取文件成功
2017-03-25T02:31:23: 读取文件成功
2017-03-25T02:31:33: 读取文件成功
2017-03-25T02:31:43: 读取文件成功
2017-03-25T02:31:53: 读取文件成功
2017-03-25T02:32:03: 读取文件成功
2017-03-25T02:32:13: 读取文件成功
2017-03-25T02:32:23: 读取文件成功
2017-03-25T02:32:33: 读取文件成功
2017-03-25T02:32:43: 读取文件成功
2017-03-25T02:32:53: 读取文件成功
2017-03-25T02:33:03: 读取文件成功
2017-03-25T02:33:13: 读取文件成功
2017-03-25T02:33:23: 读取文件成功
2017-03-25T02:33:33: 读取文件成功
2017-03-25T02:33:44: 读取文件成功
2017-03-25T02:33:53: 读取文件成功
2017-03-25T02:34:03: 读取文件成功
2017-03-25T02:34:13: 读取文件成功
2017-03-25T02:34:23: 读取文件成功
2017-03-25T02:34:33: 读取文件成功
2017-03-25T02:34:43: 读取文件成功
2017-03-25T02:34:53: 读取文件成功
2017-03-25T02:35:03: 读取文件成功
2017-03-25T02:35:13: 读取文件成功
2017-03-25T02:35:24: 读取文件成功
2017-03-25T02:35:33: 读取文件成功
2017-03-25T02:35:43: 读取文件成功
2017-03-25T02:35:54: 读取文件成功
2017-03-25T02:36:04: 读取文件成功
2017-03-25T02:36:13: 读取文件成功
2017-03-25T02:36:23: 读取文件成功
2017-03-25T02:36:34: 读取文件成功
2017-03-25T02:36:44: 读取文件成功
2017-03-25T02:36:54: 读取文件成功
2017-03-25T02:37:04: 读取文件成功
2017-03-25T02:37:14: 读取文件成功
2017-03-25T02:37:24: 读取文件成功
2017-03-25T02:37:34: 读取文件成功
2017-03-25T02:37:44: 读取文件成功
2017-03-25T02:37:54: 读取文件成功
2017-03-25T02:38:04: 读取文件成功
2017-03-25T02:38:14: 读取文件成功
2017-03-25T02:38:24: 读取文件成功
2017-03-25T02:38:34: 读取文件成功
2017-03-25T02:38:44: 读取文件成功
2017-03-25T02:38:54: 读取文件成功
2017-03-25T02:39:04: 读取文件成功
2017-03-25T02:39:14: 读取文件成功
2017-03-25T02:39:24: 读取文件成功
2017-03-25T02:39:34: 读取文件成功
2017-03-25T02:39:44: 读取文件成功
2017-03-25T02:39:54: 读取文件成功
2017-03-25T02:40:04: 读取文件成功
2017-03-25T02:40:14: 读取文件成功
2017-03-25T02:40:24: 读取文件成功
2017-03-25T02:40:34: 读取文件成功
2017-03-25T02:40:44: 读取文件成功
2017-03-25T02:40:54: 读取文件成功
2017-03-25T02:41:04: 读取文件成功
2017-03-25T02:41:14: 读取文件成功
2017-03-25T02:41:24: 读取文件成功
2017-03-25T02:41:34: 读取文件成功
2017-03-25T02:41:44: 读取文件成功
2017-03-25T02:41:54: 读取文件成功
2017-03-25T02:42:04: 读取文件成功
2017-03-25T02:42:14: 读取文件成功
2017-03-25T02:42:24: 读取文件成功
2017-03-25T02:42:34: 读取文件成功
2017-03-25T02:42:44: 读取文件成功
2017-03-25T02:42:54: 读取文件成功
2017-03-25T02:43:04: 读取文件成功
2017-03-25T02:43:14: 读取文件成功
2017-03-25T02:43:24: 读取文件成功
2017-03-25T02:43:34: 读取文件成功
2017-03-25T02:43:44: 读取文件成功
2017-03-25T02:43:54: 读取文件成功
2017-03-25T02:44:04: 读取文件成功
2017-03-25T02:44:14: 读取文件成功
2017-03-25T02:44:24: 读取文件成功
2017-03-25T02:44:34: 读取文件成功
2017-03-25T02:44:44: 读取文件成功
2017-03-25T02:44:54: 读取文件成功
2017-03-25T02:45:04: 读取文件成功
2017-03-25T02:45:14: 读取文件成功
2017-03-25T02:45:24: 读取文件成功
2017-03-25T02:45:34: 读取文件成功
2017-03-25T02:45:44: 读取文件成功
2017-03-25T02:45:54: 读取文件成功
2017-03-25T02:46:04: 读取文件成功
2017-03-25T02:46:14: 读取文件成功
2017-03-25T02:46:24: 读取文件成功
2017-03-25T02:46:34: 读取文件成功
2017-03-25T02:46:44: 读取文件成功
2017-03-25T02:46:54: 读取文件成功
2017-03-25T02:47:04: 读取文件成功
2017-03-25T02:47:14: 读取文件成功
2017-03-25T02:47:24: 读取文件成功
2017-03-25T02:47:34: 读取文件成功
2017-03-25T02:47:44: 读取文件成功
2017-03-25T02:47:54: 读取文件成功
2017-03-25T02:48:04: 读取文件成功
2017-03-25T02:48:14: 读取文件成功
2017-03-25T02:48:24: 读取文件成功
2017-03-25T02:48:34: 读取文件成功
2017-03-25T02:48:44: 读取文件成功
2017-03-25T02:48:54: 读取文件成功
2017-03-25T02:49:04: 读取文件成功
2017-03-25T02:49:14: 读取文件成功
2017-03-25T02:49:24: 读取文件成功
2017-03-25T02:49:34: 读取文件成功
2017-03-25T02:49:44: 读取文件成功
2017-03-25T02:49:54: 读取文件成功
2017-03-25T02:50:04: 读取文件成功
2017-03-25T02:50:14: 读取文件成功
2017-03-25T02:50:24: 读取文件成功
2017-03-25T02:50:34: 读取文件成功
2017-03-25T02:50:44: 读取文件成功
2017-03-25T02:50:54: 读取文件成功
2017-03-25T02:51:04: 读取文件成功
2017-03-25T02:51:14: 读取文件成功
2017-03-25T02:51:24: 读取文件成功
2017-03-25T02:51:34: 读取文件成功
2017-03-25T02:51:44: 读取文件成功
2017-03-25T02:51:54: 读取文件成功
2017-03-25T02:52:04: 读取文件成功
2017-03-25T02:52:14: 读取文件成功
2017-03-25T02:52:24: 读取文件成功
2017-03-25T02:52:34: 读取文件成功
2017-03-25T02:52:44: 读取文件成功
2017-03-25T02:52:54: 读取文件成功
2017-03-25T02:53:04: 读取文件成功
2017-03-25T02:53:14: 读取文件成功
2017-03-25T02:53:24: 读取文件成功
2017-03-25T02:53:34: 读取文件成功
2017-03-25T02:53:44: 读取文件成功
2017-03-25T02:53:54: 读取文件成功
2017-03-25T02:54:04: 读取文件成功
2017-03-25T02:54:14: 读取文件成功
2017-03-25T02:54:24: 读取文件成功
2017-03-25T02:54:34: 读取文件成功
2017-03-25T02:54:44: 读取文件成功
2017-03-25T02:54:54: 读取文件成功
2017-03-25T02:55:04: 读取文件成功
2017-03-25T02:55:15: 读取文件成功
2017-03-25T02:55:24: 读取文件成功
2017-03-25T02:55:34: 读取文件成功
2017-03-25T02:55:45: 读取文件成功
2017-03-25T02:55:54: 读取文件成功
2017-03-25T02:56:04: 读取文件成功
2017-03-25T02:56:14: 读取文件成功
2017-03-25T02:56:25: 读取文件成功
2017-03-25T02:56:34: 读取文件成功
2017-03-25T02:56:45: 读取文件成功
2017-03-25T02:56:54: 读取文件成功
2017-03-25T02:57:05: 读取文件成功
2017-03-25T02:57:15: 读取文件成功
2017-03-25T02:57:25: 读取文件成功
2017-03-25T02:57:35: 读取文件成功
2017-03-25T02:57:45: 读取文件成功
2017-03-25T02:57:55: 读取文件成功
2017-03-25T02:58:05: 读取文件成功
2017-03-25T02:58:15: 读取文件成功
2017-03-25T02:58:25: 读取文件成功
2017-03-25T02:58:35: 读取文件成功
2017-03-25T02:58:45: 读取文件成功
2017-03-25T02:58:55: 读取文件成功
2017-03-25T02:59:05: 读取文件成功
2017-03-25T02:59:15: 读取文件成功
2017-03-25T02:59:25: 读取文件成功
2017-03-25T02:59:35: 读取文件成功
2017-03-25T02:59:45: 读取文件成功
2017-03-25T02:59:55: 读取文件成功
2017-03-25T03:00:05: 读取文件成功
2017-03-25T03:00:15: 读取文件成功
2017-03-25T03:00:25: 读取文件成功
2017-03-25T03:00:35: 读取文件成功
2017-03-25T03:00:45: 读取文件成功
2017-03-25T03:00:55: 读取文件成功
2017-03-25T03:01:05: 读取文件成功
2017-03-25T03:01:15: 读取文件成功
2017-03-25T03:01:25: 读取文件成功
2017-03-25T03:01:35: 读取文件成功
2017-03-25T03:01:45: 读取文件成功
2017-03-25T03:01:55: 读取文件成功
2017-03-25T03:02:05: 读取文件成功
2017-03-25T03:02:16: 读取文件成功
2017-03-25T03:02:25: 读取文件成功
2017-03-25T03:02:35: 读取文件成功
2017-03-25T03:02:45: 读取文件成功
2017-03-25T03:02:55: 读取文件成功
2017-03-25T03:03:05: 读取文件成功
2017-03-25T03:03:15: 读取文件成功
2017-03-25T03:03:25: 读取文件成功
2017-03-25T03:03:35: 读取文件成功
2017-03-25T03:03:45: 读取文件成功
2017-03-25T03:03:55: 读取文件成功
2017-03-25T03:04:05: 读取文件成功
2017-03-25T03:04:15: 读取文件成功
2017-03-25T03:04:25: 读取文件成功
2017-03-25T03:04:35: 读取文件成功
2017-03-25T03:04:45: 读取文件成功
2017-03-25T03:04:55: 读取文件成功
2017-03-25T03:05:05: 读取文件成功
2017-03-25T03:05:15: 读取文件成功
2017-03-25T03:05:25: 读取文件成功
2017-03-25T03:05:35: 读取文件成功
2017-03-25T03:05:45: 读取文件成功
2017-03-25T03:05:55: 读取文件成功
2017-03-25T03:06:05: 读取文件成功
2017-03-25T03:06:15: 读取文件成功
2017-03-25T03:06:25: 读取文件成功
2017-03-25T03:06:35: 读取文件成功
2017-03-25T03:06:45: 读取文件成功
2017-03-25T03:06:55: 读取文件成功
2017-03-25T03:07:05: 读取文件成功
2017-03-25T03:07:15: 读取文件成功
2017-03-25T03:07:25: 读取文件成功
2017-03-25T03:07:35: 读取文件成功
2017-03-25T03:07:45: 读取文件成功
2017-03-25T03:07:55: 读取文件成功
2017-03-25T03:08:05: 读取文件成功
2017-03-25T03:08:15: 读取文件成功
2017-03-25T03:08:25: 读取文件成功
2017-03-25T03:08:35: 读取文件成功
2017-03-25T03:08:45: 读取文件成功
2017-03-25T03:08:55: 读取文件成功
2017-03-25T03:09:05: 读取文件成功
2017-03-25T03:09:15: 读取文件成功
2017-03-25T03:09:25: 读取文件成功
2017-03-25T03:09:35: 读取文件成功
2017-03-25T03:09:45: 读取文件成功
2017-03-25T03:09:55: 读取文件成功
2017-03-25T03:10:05: 读取文件成功
2017-03-25T03:10:15: 读取文件成功
2017-03-25T03:10:25: 读取文件成功
2017-03-25T03:10:35: 读取文件成功
2017-03-25T03:10:45: 读取文件成功
2017-03-25T03:10:55: 读取文件成功
2017-03-25T03:11:05: 读取文件成功
2017-03-25T03:11:15: 读取文件成功
2017-03-25T03:11:25: 读取文件成功
2017-03-25T03:11:35: 读取文件成功
2017-03-25T03:11:45: 读取文件成功
2017-03-25T03:11:55: 读取文件成功
2017-03-25T03:12:05: 读取文件成功
2017-03-25T03:12:15: 读取文件成功
2017-03-25T03:12:25: 读取文件成功
2017-03-25T03:12:35: 读取文件成功
2017-03-25T03:12:46: 读取文件成功
2017-03-25T03:12:55: 读取文件成功
2017-03-25T03:13:05: 读取文件成功
2017-03-25T03:13:15: 读取文件成功
2017-03-25T03:13:25: 读取文件成功
2017-03-25T03:13:35: 读取文件成功
2017-03-25T03:13:45: 读取文件成功
2017-03-25T03:13:55: 读取文件成功
2017-03-25T03:14:05: 读取文件成功
2017-03-25T03:14:15: 读取文件成功
2017-03-25T03:14:25: 读取文件成功
2017-03-25T03:14:36: 读取文件成功
2017-03-25T03:14:46: 读取文件成功
2017-03-25T03:14:56: 读取文件成功
2017-03-25T03:15:06: 读取文件成功
2017-03-25T03:15:16: 读取文件成功
2017-03-25T03:15:26: 读取文件成功
2017-03-25T03:15:36: 读取文件成功
2017-03-25T03:15:46: 读取文件成功
2017-03-25T03:15:56: 读取文件成功
2017-03-25T03:16:06: 读取文件成功
2017-03-25T03:16:16: 读取文件成功
2017-03-25T03:16:26: 读取文件成功
2017-03-25T03:16:36: 读取文件成功
2017-03-25T03:16:46: 读取文件成功
2017-03-25T03:16:56: 读取文件成功
2017-03-25T03:17:06: 读取文件成功
2017-03-25T03:17:16: 读取文件成功
2017-03-25T03:17:26: 读取文件成功
2017-03-25T03:17:36: 读取文件成功
2017-03-25T03:17:46: 读取文件成功
2017-03-25T03:17:56: 读取文件成功
2017-03-25T03:18:06: 读取文件成功
2017-03-25T03:18:16: 读取文件成功
2017-03-25T03:18:26: 读取文件成功
2017-03-25T03:18:36: 读取文件成功
2017-03-25T03:18:46: 读取文件成功
2017-03-25T03:18:56: 读取文件成功
2017-03-25T03:19:06: 读取文件成功
2017-03-25T03:19:16: 读取文件成功
2017-03-25T03:19:26: 读取文件成功
2017-03-25T03:19:36: 读取文件成功
2017-03-25T03:19:46: 读取文件成功
2017-03-25T03:19:56: 读取文件成功
2017-03-25T03:20:06: 读取文件成功
2017-03-25T03:20:16: 读取文件成功
2017-03-25T03:20:26: 读取文件成功
2017-03-25T03:20:36: 读取文件成功
2017-03-25T03:20:46: 读取文件成功
2017-03-25T03:20:56: 读取文件成功
2017-03-25T03:21:06: 读取文件成功
2017-03-25T03:21:16: 读取文件成功
2017-03-25T03:21:26: 读取文件成功
2017-03-25T03:21:36: 读取文件成功
2017-03-25T03:21:46: 读取文件成功
2017-03-25T03:21:56: 读取文件成功
2017-03-25T03:22:06: 读取文件成功
2017-03-25T03:22:16: 读取文件成功
2017-03-25T03:22:26: 读取文件成功
2017-03-25T03:22:36: 读取文件成功
2017-03-25T03:22:46: 读取文件成功
2017-03-25T03:22:56: 读取文件成功
2017-03-25T03:23:06: 读取文件成功
2017-03-25T03:23:16: 读取文件成功
2017-03-25T03:23:26: 读取文件成功
2017-03-25T03:23:36: 读取文件成功
2017-03-25T03:23:46: 读取文件成功
2017-03-25T03:23:56: 读取文件成功
2017-03-25T03:24:06: 读取文件成功
2017-03-25T03:24:16: 读取文件成功
2017-03-25T03:24:26: 读取文件成功
2017-03-25T03:24:36: 读取文件成功
2017-03-25T03:24:46: 读取文件成功
2017-03-25T03:24:56: 读取文件成功
2017-03-25T03:25:06: 读取文件成功
2017-03-25T03:25:16: 读取文件成功
2017-03-25T03:25:26: 读取文件成功
2017-03-25T03:25:36: 读取文件成功
2017-03-25T03:25:46: 读取文件成功
2017-03-25T03:25:56: 读取文件成功
2017-03-25T03:26:06: 读取文件成功
2017-03-25T03:26:16: 读取文件成功
2017-03-25T03:26:26: 读取文件成功
2017-03-25T03:26:36: 读取文件成功
2017-03-25T03:26:46: 读取文件成功
2017-03-25T03:26:56: 读取文件成功
2017-03-25T03:27:06: 读取文件成功
2017-03-25T03:27:16: 读取文件成功
2017-03-25T03:27:26: 读取文件成功
2017-03-25T03:27:36: 读取文件成功
2017-03-25T03:27:46: 读取文件成功
2017-03-25T03:27:56: 读取文件成功
2017-03-25T03:28:06: 读取文件成功
2017-03-25T03:28:16: 读取文件成功
2017-03-25T03:28:26: 读取文件成功
2017-03-25T03:28:36: 读取文件成功
2017-03-25T03:28:46: 读取文件成功
2017-03-25T03:28:56: 读取文件成功
2017-03-25T03:29:06: 读取文件成功
2017-03-25T03:29:16: 读取文件成功
2017-03-25T03:29:26: 读取文件成功
2017-03-25T03:29:36: 读取文件成功
2017-03-25T03:29:46: 读取文件成功
2017-03-25T03:29:56: 读取文件成功
2017-03-25T03:30:06: 读取文件成功
2017-03-25T03:30:16: 读取文件成功
2017-03-25T03:30:26: 读取文件成功
2017-03-25T03:30:36: 读取文件成功
2017-03-25T03:30:46: 读取文件成功
2017-03-25T03:30:56: 读取文件成功
2017-03-25T03:31:06: 读取文件成功
2017-03-25T03:31:16: 读取文件成功
2017-03-25T03:31:26: 读取文件成功
2017-03-25T03:31:36: 读取文件成功
2017-03-25T03:31:46: 读取文件成功
2017-03-25T03:31:56: 读取文件成功
2017-03-25T03:32:06: 读取文件成功
2017-03-25T03:32:17: 读取文件成功
2017-03-25T03:32:26: 读取文件成功
2017-03-25T03:32:36: 读取文件成功
2017-03-25T03:32:46: 读取文件成功
2017-03-25T03:32:56: 读取文件成功
2017-03-25T03:33:06: 读取文件成功
2017-03-25T03:33:16: 读取文件成功
2017-03-25T03:33:26: 读取文件成功
2017-03-25T03:33:36: 读取文件成功
2017-03-25T03:33:46: 读取文件成功
2017-03-25T03:33:56: 读取文件成功
2017-03-25T03:34:06: 读取文件成功
2017-03-25T03:34:16: 读取文件成功
2017-03-25T03:34:26: 读取文件成功
2017-03-25T03:34:36: 读取文件成功
2017-03-25T03:34:46: 读取文件成功
2017-03-25T03:34:56: 读取文件成功
2017-03-25T03:35:07: 读取文件成功
2017-03-25T03:35:17: 读取文件成功
2017-03-25T03:35:26: 读取文件成功
2017-03-25T03:35:36: 读取文件成功
2017-03-25T03:35:47: 读取文件成功
2017-03-25T03:35:56: 读取文件成功
2017-03-25T03:36:07: 读取文件成功
2017-03-25T03:36:17: 读取文件成功
2017-03-25T03:36:27: 读取文件成功
2017-03-25T03:36:37: 读取文件成功
2017-03-25T03:36:47: 读取文件成功
2017-03-25T03:36:57: 读取文件成功
2017-03-25T03:37:07: 读取文件成功
2017-03-25T03:37:17: 读取文件成功
2017-03-25T03:37:27: 读取文件成功
2017-03-25T03:37:37: 读取文件成功
2017-03-25T03:37:47: 读取文件成功
2017-03-25T03:37:57: 读取文件成功
2017-03-25T03:38:07: 读取文件成功
2017-03-25T03:38:17: 读取文件成功
2017-03-25T03:38:27: 读取文件成功
2017-03-25T03:38:37: 读取文件成功
2017-03-25T03:38:47: 读取文件成功
2017-03-25T03:38:57: 读取文件成功
2017-03-25T03:39:07: 读取文件成功
2017-03-25T03:39:17: 读取文件成功
2017-03-25T03:39:27: 读取文件成功
2017-03-25T03:39:37: 读取文件成功
2017-03-25T03:39:47: 读取文件成功
2017-03-25T03:39:57: 读取文件成功
2017-03-25T03:40:07: 读取文件成功
2017-03-25T03:40:17: 读取文件成功
2017-03-25T03:40:27: 读取文件成功
2017-03-25T03:40:37: 读取文件成功
2017-03-25T03:40:47: 读取文件成功
2017-03-25T03:40:57: 读取文件成功
2017-03-25T03:41:07: 读取文件成功
2017-03-25T03:41:17: 读取文件成功
2017-03-25T03:41:27: 读取文件成功
2017-03-25T03:41:37: 读取文件成功
2017-03-25T03:41:47: 读取文件成功
2017-03-25T03:41:57: 读取文件成功
2017-03-25T03:42:07: 读取文件成功
2017-03-25T03:42:17: 读取文件成功
2017-03-25T03:42:27: 读取文件成功
2017-03-25T03:42:37: 读取文件成功
2017-03-25T03:42:47: 读取文件成功
2017-03-25T03:42:57: 读取文件成功
2017-03-25T03:43:07: 读取文件成功
2017-03-25T03:43:17: 读取文件成功
2017-03-25T03:43:27: 读取文件成功
2017-03-25T03:43:37: 读取文件成功
2017-03-25T03:43:47: 读取文件成功
2017-03-25T03:43:57: 读取文件成功
2017-03-25T03:44:07: 读取文件成功
2017-03-25T03:44:17: 读取文件成功
2017-03-25T03:44:27: 读取文件成功
2017-03-25T03:44:37: 读取文件成功
2017-03-25T03:44:47: 读取文件成功
2017-03-25T03:44:57: 读取文件成功
2017-03-25T03:45:07: 读取文件成功
2017-03-25T03:45:17: 读取文件成功
2017-03-25T03:45:27: 读取文件成功
2017-03-25T03:45:37: 读取文件成功
2017-03-25T03:45:47: 读取文件成功
2017-03-25T03:45:57: 读取文件成功
2017-03-25T03:46:07: 读取文件成功
2017-03-25T03:46:17: 读取文件成功
2017-03-25T03:46:27: 读取文件成功
2017-03-25T03:46:37: 读取文件成功
2017-03-25T03:46:47: 读取文件成功
2017-03-25T03:46:57: 读取文件成功
2017-03-25T03:47:07: 读取文件成功
2017-03-25T03:47:17: 读取文件成功
2017-03-25T03:47:27: 读取文件成功
2017-03-25T03:47:37: 读取文件成功
2017-03-25T03:47:47: 读取文件成功
2017-03-25T03:47:57: 读取文件成功
2017-03-25T03:48:07: 读取文件成功
2017-03-25T03:48:17: 读取文件成功
2017-03-25T03:48:27: 读取文件成功
2017-03-25T03:48:37: 读取文件成功
2017-03-25T03:48:47: 读取文件成功
2017-03-25T03:48:57: 读取文件成功
2017-03-25T03:49:07: 读取文件成功
2017-03-25T03:49:17: 读取文件成功
2017-03-25T03:49:27: 读取文件成功
2017-03-25T03:49:37: 读取文件成功
2017-03-25T03:49:47: 读取文件成功
2017-03-25T03:49:57: 读取文件成功
2017-03-25T03:50:07: 读取文件成功
2017-03-25T03:50:17: 读取文件成功
2017-03-25T03:50:27: 读取文件成功
2017-03-25T03:50:37: 读取文件成功
2017-03-25T03:50:47: 读取文件成功
2017-03-25T03:50:57: 读取文件成功
2017-03-25T03:51:07: 读取文件成功
2017-03-25T03:51:17: 读取文件成功
2017-03-25T03:51:27: 读取文件成功
2017-03-25T03:51:37: 读取文件成功
2017-03-25T03:51:47: 读取文件成功
2017-03-25T03:51:57: 读取文件成功
2017-03-25T03:52:07: 读取文件成功
2017-03-25T03:52:17: 读取文件成功
2017-03-25T03:52:27: 读取文件成功
2017-03-25T03:52:37: 读取文件成功
2017-03-25T03:52:47: 读取文件成功
2017-03-25T03:52:57: 读取文件成功
2017-03-25T03:53:07: 读取文件成功
2017-03-25T03:53:17: 读取文件成功
2017-03-25T03:53:27: 读取文件成功
2017-03-25T03:53:37: 读取文件成功
2017-03-25T03:53:47: 读取文件成功
2017-03-25T03:53:57: 读取文件成功
2017-03-25T03:54:07: 读取文件成功
2017-03-25T03:54:17: 读取文件成功
2017-03-25T03:54:27: 读取文件成功
2017-03-25T03:54:37: 读取文件成功
2017-03-25T03:54:47: 读取文件成功
2017-03-25T03:54:57: 读取文件成功
2017-03-25T03:55:07: 读取文件成功
2017-03-25T03:55:17: 读取文件成功
2017-03-25T03:55:27: 读取文件成功
2017-03-25T03:55:37: 读取文件成功
2017-03-25T03:55:47: 读取文件成功
2017-03-25T03:55:57: 读取文件成功
2017-03-25T03:56:07: 读取文件成功
2017-03-25T03:56:17: 读取文件成功
2017-03-25T03:56:27: 读取文件成功
2017-03-25T03:56:37: 读取文件成功
2017-03-25T03:56:47: 读取文件成功
2017-03-25T03:56:57: 读取文件成功
2017-03-25T03:57:07: 读取文件成功
2017-03-25T03:57:17: 读取文件成功
2017-03-25T03:57:27: 读取文件成功
2017-03-25T03:57:37: 读取文件成功
2017-03-25T03:57:47: 读取文件成功
2017-03-25T03:57:58: 读取文件成功
2017-03-25T03:58:07: 读取文件成功
2017-03-25T03:58:17: 读取文件成功
2017-03-25T03:58:28: 读取文件成功
2017-03-25T03:58:38: 读取文件成功
2017-03-25T03:58:48: 读取文件成功
2017-03-25T03:58:58: 读取文件成功
2017-03-25T03:59:08: 读取文件成功
2017-03-25T03:59:18: 读取文件成功
2017-03-25T03:59:28: 读取文件成功
2017-03-25T03:59:38: 读取文件成功
2017-03-25T03:59:48: 读取文件成功
2017-03-25T03:59:58: 读取文件成功
2017-03-25T04:00:08: 读取文件成功
2017-03-25T04:00:18: 读取文件成功
2017-03-25T04:00:28: 读取文件成功
2017-03-25T04:00:38: 读取文件成功
2017-03-25T04:00:48: 读取文件成功
2017-03-25T04:00:58: 读取文件成功
2017-03-25T04:01:08: 读取文件成功
2017-03-25T04:01:18: 读取文件成功
2017-03-25T04:01:28: 读取文件成功
2017-03-25T04:01:38: 读取文件成功
2017-03-25T04:01:48: 读取文件成功
2017-03-25T04:01:58: 读取文件成功
2017-03-25T04:02:08: 读取文件成功
2017-03-25T04:02:18: 读取文件成功
2017-03-25T04:02:28: 读取文件成功
2017-03-25T04:02:38: 读取文件成功
2017-03-25T04:02:48: 读取文件成功
2017-03-25T04:02:58: 读取文件成功
2017-03-25T04:03:08: 读取文件成功
2017-03-25T04:03:18: 读取文件成功
2017-03-25T04:03:28: 读取文件成功
2017-03-25T04:03:38: 读取文件成功
2017-03-25T04:03:48: 读取文件成功
2017-03-25T04:03:58: 读取文件成功
2017-03-25T04:04:08: 读取文件成功
2017-03-25T04:04:18: 读取文件成功
2017-03-25T04:04:28: 读取文件成功
2017-03-25T04:04:38: 读取文件成功
2017-03-25T04:04:48: 读取文件成功
2017-03-25T04:04:58: 读取文件成功
2017-03-25T04:05:08: 读取文件成功
2017-03-25T04:05:18: 读取文件成功
2017-03-25T04:05:28: 读取文件成功
2017-03-25T04:05:38: 读取文件成功
2017-03-25T04:05:48: 读取文件成功
2017-03-25T04:05:58: 读取文件成功
2017-03-25T04:06:08: 读取文件成功
2017-03-25T04:06:18: 读取文件成功
2017-03-25T04:06:28: 读取文件成功
2017-03-25T04:06:38: 读取文件成功
2017-03-25T04:06:48: 读取文件成功
2017-03-25T04:06:58: 读取文件成功
2017-03-25T04:07:08: 读取文件成功
2017-03-25T04:07:18: 读取文件成功
2017-03-25T04:07:28: 读取文件成功
2017-03-25T04:07:38: 读取文件成功
2017-03-25T04:07:48: 读取文件成功
2017-03-25T04:07:58: 读取文件成功
2017-03-25T04:08:08: 读取文件成功
2017-03-25T04:08:18: 读取文件成功
2017-03-25T04:08:28: 读取文件成功
2017-03-25T04:08:38: 读取文件成功
2017-03-25T04:08:48: 读取文件成功
2017-03-25T04:08:58: 读取文件成功
2017-03-25T04:09:08: 读取文件成功
2017-03-25T04:09:18: 读取文件成功
2017-03-25T04:09:28: 读取文件成功
2017-03-25T04:09:38: 读取文件成功
2017-03-25T04:09:48: 读取文件成功
2017-03-25T04:09:58: 读取文件成功
2017-03-25T04:10:08: 读取文件成功
2017-03-25T04:10:18: 读取文件成功
2017-03-25T04:10:28: 读取文件成功
2017-03-25T04:10:38: 读取文件成功
2017-03-25T04:10:48: 读取文件成功
2017-03-25T04:10:58: 读取文件成功
2017-03-25T04:11:08: 读取文件成功
2017-03-25T04:11:18: 读取文件成功
2017-03-25T04:11:28: 读取文件成功
2017-03-25T04:11:38: 读取文件成功
2017-03-25T04:11:48: 读取文件成功
2017-03-25T04:11:58: 读取文件成功
2017-03-25T04:12:08: 读取文件成功
2017-03-25T04:12:18: 读取文件成功
2017-03-25T04:12:28: 读取文件成功
2017-03-25T04:12:38: 读取文件成功
2017-03-25T04:12:48: 读取文件成功
2017-03-25T04:12:58: 读取文件成功
2017-03-25T04:13:08: 读取文件成功
2017-03-25T04:13:18: 读取文件成功
2017-03-25T04:13:28: 读取文件成功
2017-03-25T04:13:38: 读取文件成功
2017-03-25T04:13:48: 读取文件成功
2017-03-25T04:13:58: 读取文件成功
2017-03-25T04:14:08: 读取文件成功
2017-03-25T04:14:18: 读取文件成功
2017-03-25T04:14:28: 读取文件成功
2017-03-25T04:14:38: 读取文件成功
2017-03-25T04:14:48: 读取文件成功
2017-03-25T04:14:58: 读取文件成功
2017-03-25T04:15:08: 读取文件成功
2017-03-25T04:15:18: 读取文件成功
2017-03-25T04:15:28: 读取文件成功
2017-03-25T04:15:38: 读取文件成功
2017-03-25T04:15:48: 读取文件成功
2017-03-25T04:15:58: 读取文件成功
2017-03-25T04:16:08: 读取文件成功
2017-03-25T04:16:18: 读取文件成功
2017-03-25T04:16:28: 读取文件成功
2017-03-25T04:16:38: 读取文件成功
2017-03-25T04:16:48: 读取文件成功
2017-03-25T04:16:58: 读取文件成功
2017-03-25T04:17:08: 读取文件成功
2017-03-25T04:17:18: 读取文件成功
2017-03-25T04:17:28: 读取文件成功
2017-03-25T04:17:38: 读取文件成功
2017-03-25T04:17:48: 读取文件成功
2017-03-25T04:17:58: 读取文件成功
2017-03-25T04:18:08: 读取文件成功
2017-03-25T04:18:18: 读取文件成功
2017-03-25T04:18:28: 读取文件成功
2017-03-25T04:18:38: 读取文件成功
2017-03-25T04:18:48: 读取文件成功
2017-03-25T04:18:58: 读取文件成功
2017-03-25T04:19:08: 读取文件成功
2017-03-25T04:19:18: 读取文件成功
2017-03-25T04:19:28: 读取文件成功
2017-03-25T04:19:38: 读取文件成功
2017-03-25T04:19:48: 读取文件成功
2017-03-25T04:19:58: 读取文件成功
2017-03-25T04:20:08: 读取文件成功
2017-03-25T04:20:18: 读取文件成功
2017-03-25T04:20:28: 读取文件成功
2017-03-25T04:20:39: 读取文件成功
2017-03-25T04:20:49: 读取文件成功
2017-03-25T04:20:59: 读取文件成功
2017-03-25T04:21:08: 读取文件成功
2017-03-25T04:21:18: 读取文件成功
2017-03-25T04:21:29: 读取文件成功
2017-03-25T04:21:39: 读取文件成功
2017-03-25T04:21:49: 读取文件成功
2017-03-25T04:21:59: 读取文件成功
2017-03-25T04:22:09: 读取文件成功
2017-03-25T04:22:19: 读取文件成功
2017-03-25T04:22:29: 读取文件成功
2017-03-25T04:22:39: 读取文件成功
2017-03-25T04:22:49: 读取文件成功
2017-03-25T04:22:59: 读取文件成功
2017-03-25T04:23:09: 读取文件成功
2017-03-25T04:23:19: 读取文件成功
2017-03-25T04:23:29: 读取文件成功
2017-03-25T04:23:39: 读取文件成功
2017-03-25T04:23:49: 读取文件成功
2017-03-25T04:23:59: 读取文件成功
2017-03-25T04:24:09: 读取文件成功
2017-03-25T04:24:19: 读取文件成功
2017-03-25T04:24:29: 读取文件成功
2017-03-25T04:24:39: 读取文件成功
2017-03-25T04:24:49: 读取文件成功
2017-03-25T04:24:59: 读取文件成功
2017-03-25T04:25:09: 读取文件成功
2017-03-25T04:25:19: 读取文件成功
2017-03-25T04:25:29: 读取文件成功
2017-03-25T04:25:39: 读取文件成功
2017-03-25T04:25:49: 读取文件成功
2017-03-25T04:25:59: 读取文件成功
2017-03-25T04:26:09: 读取文件成功
2017-03-25T04:26:19: 读取文件成功
2017-03-25T04:26:29: 读取文件成功
2017-03-25T04:26:39: 读取文件成功
2017-03-25T04:26:49: 读取文件成功
2017-03-25T04:26:59: 读取文件成功
2017-03-25T04:27:09: 读取文件成功
2017-03-25T04:27:19: 读取文件成功
2017-03-25T04:27:29: 读取文件成功
2017-03-25T04:27:39: 读取文件成功
2017-03-25T04:27:49: 读取文件成功
2017-03-25T04:27:59: 读取文件成功
2017-03-25T04:28:09: 读取文件成功
2017-03-25T04:28:19: 读取文件成功
2017-03-25T04:28:29: 读取文件成功
2017-03-25T04:28:39: 读取文件成功
2017-03-25T04:28:49: 读取文件成功
2017-03-25T04:28:59: 读取文件成功
2017-03-25T04:29:09: 读取文件成功
2017-03-25T04:29:19: 读取文件成功
2017-03-25T04:29:29: 读取文件成功
2017-03-25T04:29:39: 读取文件成功
2017-03-25T04:29:49: 读取文件成功
2017-03-25T04:29:59: 读取文件成功
2017-03-25T04:30:09: 读取文件成功
2017-03-25T04:30:19: 读取文件成功
2017-03-25T04:30:29: 读取文件成功
2017-03-25T04:30:39: 读取文件成功
2017-03-25T04:30:49: 读取文件成功
2017-03-25T04:30:59: 读取文件成功
2017-03-25T04:31:09: 读取文件成功
2017-03-25T04:31:19: 读取文件成功
2017-03-25T04:31:29: 读取文件成功
2017-03-25T04:31:39: 读取文件成功
2017-03-25T04:31:49: 读取文件成功
2017-03-25T04:31:59: 读取文件成功
2017-03-25T04:32:09: 读取文件成功
2017-03-25T04:32:19: 读取文件成功
2017-03-25T04:32:29: 读取文件成功
2017-03-25T04:32:39: 读取文件成功
2017-03-25T04:32:49: 读取文件成功
2017-03-25T04:32:59: 读取文件成功
2017-03-25T04:33:09: 读取文件成功
2017-03-25T04:33:19: 读取文件成功
2017-03-25T04:33:29: 读取文件成功
2017-03-25T04:33:39: 读取文件成功
2017-03-25T04:33:49: 读取文件成功
2017-03-25T04:33:59: 读取文件成功
2017-03-25T04:34:09: 读取文件成功
2017-03-25T04:34:19: 读取文件成功
2017-03-25T04:34:29: 读取文件成功
2017-03-25T04:34:39: 读取文件成功
2017-03-25T04:34:49: 读取文件成功
2017-03-25T04:34:59: 读取文件成功
2017-03-25T04:35:09: 读取文件成功
2017-03-25T04:35:19: 读取文件成功
2017-03-25T04:35:29: 读取文件成功
2017-03-25T04:35:39: 读取文件成功
2017-03-25T04:35:49: 读取文件成功
2017-03-25T04:35:59: 读取文件成功
2017-03-25T04:36:09: 读取文件成功
2017-03-25T04:36:19: 读取文件成功
2017-03-25T04:36:29: 读取文件成功
2017-03-25T04:36:39: 读取文件成功
2017-03-25T04:36:49: 读取文件成功
2017-03-25T04:36:59: 读取文件成功
2017-03-25T04:37:09: 读取文件成功
2017-03-25T04:37:19: 读取文件成功
2017-03-25T04:37:29: 读取文件成功
2017-03-25T04:37:39: 读取文件成功
2017-03-25T04:37:49: 读取文件成功
2017-03-25T04:37:59: 读取文件成功
2017-03-25T04:38:09: 读取文件成功
2017-03-25T04:38:19: 读取文件成功
2017-03-25T04:38:29: 读取文件成功
2017-03-25T04:38:39: 读取文件成功
2017-03-25T04:38:49: 读取文件成功
2017-03-25T04:39:00: 读取文件成功
2017-03-25T04:39:09: 读取文件成功
2017-03-25T04:39:19: 读取文件成功
2017-03-25T04:39:29: 读取文件成功
2017-03-25T04:39:40: 读取文件成功
2017-03-25T04:39:49: 读取文件成功
2017-03-25T04:40:00: 读取文件成功
2017-03-25T04:40:10: 读取文件成功
2017-03-25T04:40:19: 读取文件成功
2017-03-25T04:40:30: 读取文件成功
2017-03-25T04:40:40: 读取文件成功
2017-03-25T04:40:50: 读取文件成功
2017-03-25T04:41:00: 读取文件成功
2017-03-25T04:41:10: 读取文件成功
2017-03-25T04:41:20: 读取文件成功
2017-03-25T04:41:30: 读取文件成功
2017-03-25T04:41:40: 读取文件成功
2017-03-25T04:41:50: 读取文件成功
2017-03-25T04:42:00: 读取文件成功
2017-03-25T04:42:10: 读取文件成功
2017-03-25T04:42:20: 读取文件成功
2017-03-25T04:42:30: 读取文件成功
2017-03-25T04:42:40: 读取文件成功
2017-03-25T04:42:50: 读取文件成功
2017-03-25T04:43:00: 读取文件成功
2017-03-25T04:43:10: 读取文件成功
2017-03-25T04:43:20: 读取文件成功
2017-03-25T04:43:30: 读取文件成功
2017-03-25T04:43:40: 读取文件成功
2017-03-25T04:43:50: 读取文件成功
2017-03-25T04:44:00: 读取文件成功
2017-03-25T04:44:10: 读取文件成功
2017-03-25T04:44:20: 读取文件成功
2017-03-25T04:44:30: 读取文件成功
2017-03-25T04:44:40: 读取文件成功
2017-03-25T04:44:50: 读取文件成功
2017-03-25T04:45:00: 读取文件成功
2017-03-25T04:45:10: 读取文件成功
2017-03-25T04:45:20: 读取文件成功
2017-03-25T04:45:30: 读取文件成功
2017-03-25T04:45:40: 读取文件成功
2017-03-25T04:45:50: 读取文件成功
2017-03-25T04:46:00: 读取文件成功
2017-03-25T04:46:10: 读取文件成功
2017-03-25T04:46:20: 读取文件成功
2017-03-25T04:46:30: 读取文件成功
2017-03-25T04:46:40: 读取文件成功
2017-03-25T04:46:50: 读取文件成功
2017-03-25T04:47:00: 读取文件成功
2017-03-25T04:47:10: 读取文件成功
2017-03-25T04:47:20: 读取文件成功
2017-03-25T04:47:30: 读取文件成功
2017-03-25T04:47:40: 读取文件成功
2017-03-25T04:47:50: 读取文件成功
2017-03-25T04:48:00: 读取文件成功
2017-03-25T04:48:10: 读取文件成功
2017-03-25T04:48:20: 读取文件成功
2017-03-25T04:48:30: 读取文件成功
2017-03-25T04:48:40: 读取文件成功
2017-03-25T04:48:50: 读取文件成功
2017-03-25T04:49:00: 读取文件成功
2017-03-25T04:49:10: 读取文件成功
2017-03-25T04:49:20: 读取文件成功
2017-03-25T04:49:30: 读取文件成功
2017-03-25T04:49:40: 读取文件成功
2017-03-25T04:49:50: 读取文件成功
2017-03-25T04:50:00: 读取文件成功
2017-03-25T04:50:10: 读取文件成功
2017-03-25T04:50:20: 读取文件成功
2017-03-25T04:50:30: 读取文件成功
2017-03-25T04:50:40: 读取文件成功
2017-03-25T04:50:50: 读取文件成功
2017-03-25T04:51:00: 读取文件成功
2017-03-25T04:51:10: 读取文件成功
2017-03-25T04:51:20: 读取文件成功
2017-03-25T04:51:30: 读取文件成功
2017-03-25T04:51:40: 读取文件成功
2017-03-25T04:51:50: 读取文件成功
2017-03-25T04:52:00: 读取文件成功
2017-03-25T04:52:10: 读取文件成功
2017-03-25T04:52:20: 读取文件成功
2017-03-25T04:52:30: 读取文件成功
2017-03-25T04:52:40: 读取文件成功
2017-03-25T04:52:50: 读取文件成功
2017-03-25T04:53:00: 读取文件成功
2017-03-25T04:53:10: 读取文件成功
2017-03-25T04:53:20: 读取文件成功
2017-03-25T04:53:30: 读取文件成功
2017-03-25T04:53:40: 读取文件成功
2017-03-25T04:53:50: 读取文件成功
2017-03-25T04:54:00: 读取文件成功
2017-03-25T04:54:10: 读取文件成功
2017-03-25T04:54:20: 读取文件成功
2017-03-25T04:54:30: 读取文件成功
2017-03-25T04:54:40: 读取文件成功
2017-03-25T04:54:50: 读取文件成功
2017-03-25T04:55:00: 读取文件成功
2017-03-25T04:55:10: 读取文件成功
2017-03-25T04:55:20: 读取文件成功
2017-03-25T04:55:30: 读取文件成功
2017-03-25T04:55:40: 读取文件成功
2017-03-25T04:55:50: 读取文件成功
2017-03-25T04:56:00: 读取文件成功
2017-03-25T04:56:10: 读取文件成功
2017-03-25T04:56:20: 读取文件成功
2017-03-25T04:56:30: 读取文件成功
2017-03-25T04:56:40: 读取文件成功
2017-03-25T04:56:50: 读取文件成功
2017-03-25T04:57:00: 读取文件成功
2017-03-25T04:57:10: 读取文件成功
2017-03-25T04:57:20: 读取文件成功
2017-03-25T04:57:30: 读取文件成功
2017-03-25T04:57:40: 读取文件成功
2017-03-25T04:57:50: 读取文件成功
2017-03-25T04:58:00: 读取文件成功
2017-03-25T04:58:10: 读取文件成功
2017-03-25T04:58:20: 读取文件成功
2017-03-25T04:58:30: 读取文件成功
2017-03-25T04:58:40: 读取文件成功
2017-03-25T04:58:50: 读取文件成功
2017-03-25T04:59:00: 读取文件成功
2017-03-25T04:59:10: 读取文件成功
2017-03-25T04:59:20: 读取文件成功
2017-03-25T04:59:31: 读取文件成功
2017-03-25T04:59:41: 读取文件成功
2017-03-25T04:59:51: 读取文件成功
2017-03-25T05:00:01: 读取文件成功
2017-03-25T05:00:11: 读取文件成功
2017-03-25T05:00:21: 读取文件成功
2017-03-25T05:00:31: 读取文件成功
2017-03-25T05:00:41: 读取文件成功
2017-03-25T05:00:51: 读取文件成功
2017-03-25T05:01:01: 读取文件成功
2017-03-25T05:01:11: 读取文件成功
2017-03-25T05:01:21: 读取文件成功
2017-03-25T05:01:31: 读取文件成功
2017-03-25T05:01:41: 读取文件成功
2017-03-25T05:01:51: 读取文件成功
2017-03-25T05:02:01: 读取文件成功
2017-03-25T05:02:11: 读取文件成功
2017-03-25T05:02:21: 读取文件成功
2017-03-25T05:02:31: 读取文件成功
2017-03-25T05:02:41: 读取文件成功
2017-03-25T05:02:51: 读取文件成功
2017-03-25T05:03:01: 读取文件成功
2017-03-25T05:03:11: 读取文件成功
2017-03-25T05:03:21: 读取文件成功
2017-03-25T05:03:31: 读取文件成功
2017-03-25T05:03:41: 读取文件成功
2017-03-25T05:03:51: 读取文件成功
2017-03-25T05:04:01: 读取文件成功
2017-03-25T05:04:11: 读取文件成功
2017-03-25T05:04:21: 读取文件成功
2017-03-25T05:04:31: 读取文件成功
2017-03-25T05:04:41: 读取文件成功
2017-03-25T05:04:51: 读取文件成功
2017-03-25T05:05:01: 读取文件成功
2017-03-25T05:05:11: 读取文件成功
2017-03-25T05:05:21: 读取文件成功
2017-03-25T05:05:31: 读取文件成功
2017-03-25T05:05:41: 读取文件成功
2017-03-25T05:05:51: 读取文件成功
2017-03-25T05:06:01: 读取文件成功
2017-03-25T05:06:11: 读取文件成功
2017-03-25T05:06:21: 读取文件成功
2017-03-25T05:06:31: 读取文件成功
2017-03-25T05:06:41: 读取文件成功
2017-03-25T05:06:51: 读取文件成功
2017-03-25T05:07:01: 读取文件成功
2017-03-25T05:07:11: 读取文件成功
2017-03-25T05:07:21: 读取文件成功
2017-03-25T05:07:31: 读取文件成功
2017-03-25T05:07:41: 读取文件成功
2017-03-25T05:07:51: 读取文件成功
2017-03-25T05:08:01: 读取文件成功
2017-03-25T05:08:11: 读取文件成功
2017-03-25T05:08:21: 读取文件成功
2017-03-25T05:08:31: 读取文件成功
2017-03-25T05:08:41: 读取文件成功
2017-03-25T05:08:51: 读取文件成功
2017-03-25T05:09:01: 读取文件成功
2017-03-25T05:09:11: 读取文件成功
2017-03-25T05:09:21: 读取文件成功
2017-03-25T05:09:31: 读取文件成功
2017-03-25T05:09:41: 读取文件成功
2017-03-25T05:09:51: 读取文件成功
2017-03-25T05:10:01: 读取文件成功
2017-03-25T05:10:11: 读取文件成功
2017-03-25T05:10:21: 读取文件成功
2017-03-25T05:10:31: 读取文件成功
2017-03-25T05:10:41: 读取文件成功
2017-03-25T05:10:51: 读取文件成功
2017-03-25T05:11:01: 读取文件成功
2017-03-25T05:11:11: 读取文件成功
2017-03-25T05:11:21: 读取文件成功
2017-03-25T05:11:31: 读取文件成功
2017-03-25T05:11:41: 读取文件成功
2017-03-25T05:11:51: 读取文件成功
2017-03-25T05:12:01: 读取文件成功
2017-03-25T05:12:11: 读取文件成功
2017-03-25T05:12:21: 读取文件成功
2017-03-25T05:12:31: 读取文件成功
2017-03-25T05:12:41: 读取文件成功
2017-03-25T05:12:51: 读取文件成功
2017-03-25T05:13:01: 读取文件成功
2017-03-25T05:13:11: 读取文件成功
2017-03-25T05:13:21: 读取文件成功
2017-03-25T05:13:31: 读取文件成功
2017-03-25T05:13:41: 读取文件成功
2017-03-25T05:13:51: 读取文件成功
2017-03-25T05:14:01: 读取文件成功
2017-03-25T05:14:11: 读取文件成功
2017-03-25T05:14:21: 读取文件成功
2017-03-25T05:14:31: 读取文件成功
2017-03-25T05:14:41: 读取文件成功
2017-03-25T05:14:51: 读取文件成功
2017-03-25T05:15:01: 读取文件成功
2017-03-25T05:15:11: 读取文件成功
2017-03-25T05:15:21: 读取文件成功
2017-03-25T05:15:31: 读取文件成功
2017-03-25T05:15:41: 读取文件成功
2017-03-25T05:15:51: 读取文件成功
2017-03-25T05:16:01: 读取文件成功
2017-03-25T05:16:11: 读取文件成功
2017-03-25T05:16:21: 读取文件成功
2017-03-25T05:16:31: 读取文件成功
2017-03-25T05:16:41: 读取文件成功
2017-03-25T05:16:51: 读取文件成功
2017-03-25T05:17:01: 读取文件成功
2017-03-25T05:17:11: 读取文件成功
2017-03-25T05:17:21: 读取文件成功
2017-03-25T05:17:31: 读取文件成功
2017-03-25T05:17:42: 读取文件成功
2017-03-25T05:17:51: 读取文件成功
2017-03-25T05:18:02: 读取文件成功
2017-03-25T05:18:12: 读取文件成功
2017-03-25T05:18:22: 读取文件成功
2017-03-25T05:18:32: 读取文件成功
2017-03-25T05:18:42: 读取文件成功
2017-03-25T05:18:52: 读取文件成功
2017-03-25T05:19:02: 读取文件成功
2017-03-25T05:19:12: 读取文件成功
2017-03-25T05:19:22: 读取文件成功
2017-03-25T05:19:32: 读取文件成功
2017-03-25T05:19:42: 读取文件成功
2017-03-25T05:19:52: 读取文件成功
2017-03-25T05:20:02: 读取文件成功
2017-03-25T05:20:12: 读取文件成功
2017-03-25T05:20:22: 读取文件成功
2017-03-25T05:20:32: 读取文件成功
2017-03-25T05:20:42: 读取文件成功
2017-03-25T05:20:52: 读取文件成功
2017-03-25T05:21:02: 读取文件成功
2017-03-25T05:21:12: 读取文件成功
2017-03-25T05:21:22: 读取文件成功
2017-03-25T05:21:32: 读取文件成功
2017-03-25T05:21:42: 读取文件成功
2017-03-25T05:21:52: 读取文件成功
2017-03-25T05:22:02: 读取文件成功
2017-03-25T05:22:12: 读取文件成功
2017-03-25T05:22:22: 读取文件成功
2017-03-25T05:22:32: 读取文件成功
2017-03-25T05:22:42: 读取文件成功
2017-03-25T05:22:52: 读取文件成功
2017-03-25T05:23:02: 读取文件成功
2017-03-25T05:23:12: 读取文件成功
2017-03-25T05:23:22: 读取文件成功
2017-03-25T05:23:32: 读取文件成功
2017-03-25T05:23:42: 读取文件成功
2017-03-25T05:23:52: 读取文件成功
2017-03-25T05:24:02: 读取文件成功
2017-03-25T05:24:12: 读取文件成功
2017-03-25T05:24:22: 读取文件成功
2017-03-25T05:24:32: 读取文件成功
2017-03-25T05:24:42: 读取文件成功
2017-03-25T05:24:52: 读取文件成功
2017-03-25T05:25:02: 读取文件成功
2017-03-25T05:25:12: 读取文件成功
2017-03-25T05:25:22: 读取文件成功
2017-03-25T05:25:32: 读取文件成功
2017-03-25T05:25:42: 读取文件成功
2017-03-25T05:25:52: 读取文件成功
2017-03-25T05:26:02: 读取文件成功
2017-03-25T05:26:12: 读取文件成功
2017-03-25T05:26:22: 读取文件成功
2017-03-25T05:26:32: 读取文件成功
2017-03-25T05:26:42: 读取文件成功
2017-03-25T05:26:52: 读取文件成功
2017-03-25T05:27:02: 读取文件成功
2017-03-25T05:27:12: 读取文件成功
2017-03-25T05:27:22: 读取文件成功
2017-03-25T05:27:32: 读取文件成功
2017-03-25T05:27:42: 读取文件成功
2017-03-25T05:27:52: 读取文件成功
2017-03-25T05:28:02: 读取文件成功
2017-03-25T05:28:12: 读取文件成功
2017-03-25T05:28:22: 读取文件成功
2017-03-25T05:28:32: 读取文件成功
2017-03-25T05:28:42: 读取文件成功
2017-03-25T05:28:52: 读取文件成功
2017-03-25T05:29:02: 读取文件成功
