2017-04-02T00:00:06: 非记录时间：2017-04-02T00:00:06+08:00
2017-04-02T00:00:16: 非记录时间：2017-04-02T00:00:16+08:00
2017-04-02T00:00:26: 非记录时间：2017-04-02T00:00:26+08:00
2017-04-02T00:00:36: 非记录时间：2017-04-02T00:00:36+08:00
2017-04-02T00:00:46: 非记录时间：2017-04-02T00:00:46+08:00
2017-04-02T00:00:56: 非记录时间：2017-04-02T00:00:56+08:00
2017-04-02T00:01:06: 非记录时间：2017-04-02T00:01:06+08:00
2017-04-02T00:01:16: 非记录时间：2017-04-02T00:01:16+08:00
2017-04-02T00:01:26: 非记录时间：2017-04-02T00:01:26+08:00
2017-04-02T00:01:36: 非记录时间：2017-04-02T00:01:36+08:00
2017-04-02T00:01:46: 非记录时间：2017-04-02T00:01:46+08:00
2017-04-02T00:01:56: 非记录时间：2017-04-02T00:01:56+08:00
2017-04-02T00:02:06: 非记录时间：2017-04-02T00:02:06+08:00
2017-04-02T00:02:16: 非记录时间：2017-04-02T00:02:16+08:00
2017-04-02T00:02:26: 非记录时间：2017-04-02T00:02:26+08:00
2017-04-02T00:02:36: 非记录时间：2017-04-02T00:02:36+08:00
2017-04-02T00:02:46: 非记录时间：2017-04-02T00:02:46+08:00
2017-04-02T00:02:56: 非记录时间：2017-04-02T00:02:56+08:00
2017-04-02T00:03:06: 非记录时间：2017-04-02T00:03:06+08:00
2017-04-02T00:03:16: 非记录时间：2017-04-02T00:03:16+08:00
2017-04-02T00:03:26: 非记录时间：2017-04-02T00:03:26+08:00
2017-04-02T00:03:36: 非记录时间：2017-04-02T00:03:36+08:00
2017-04-02T00:03:46: 非记录时间：2017-04-02T00:03:46+08:00
2017-04-02T00:03:56: 非记录时间：2017-04-02T00:03:56+08:00
2017-04-02T00:04:06: 非记录时间：2017-04-02T00:04:06+08:00
2017-04-02T00:04:16: 非记录时间：2017-04-02T00:04:16+08:00
2017-04-02T00:04:26: 非记录时间：2017-04-02T00:04:26+08:00
2017-04-02T00:04:36: 非记录时间：2017-04-02T00:04:36+08:00
2017-04-02T00:04:46: 非记录时间：2017-04-02T00:04:46+08:00
2017-04-02T00:04:56: 非记录时间：2017-04-02T00:04:56+08:00
2017-04-02T00:05:06: 非记录时间：2017-04-02T00:05:06+08:00
2017-04-02T00:05:16: 非记录时间：2017-04-02T00:05:16+08:00
2017-04-02T00:05:26: 非记录时间：2017-04-02T00:05:26+08:00
2017-04-02T00:05:36: 非记录时间：2017-04-02T00:05:36+08:00
2017-04-02T00:05:46: 非记录时间：2017-04-02T00:05:46+08:00
2017-04-02T00:05:56: 非记录时间：2017-04-02T00:05:56+08:00
2017-04-02T00:06:06: 非记录时间：2017-04-02T00:06:06+08:00
2017-04-02T00:06:16: 非记录时间：2017-04-02T00:06:16+08:00
2017-04-02T00:06:26: 非记录时间：2017-04-02T00:06:26+08:00
2017-04-02T00:06:36: 非记录时间：2017-04-02T00:06:36+08:00
2017-04-02T00:06:46: 非记录时间：2017-04-02T00:06:46+08:00
2017-04-02T00:06:56: 非记录时间：2017-04-02T00:06:56+08:00
2017-04-02T00:07:06: 非记录时间：2017-04-02T00:07:06+08:00
2017-04-02T00:07:16: 非记录时间：2017-04-02T00:07:16+08:00
2017-04-02T00:07:26: 非记录时间：2017-04-02T00:07:26+08:00
2017-04-02T00:07:36: 非记录时间：2017-04-02T00:07:36+08:00
2017-04-02T00:07:46: 非记录时间：2017-04-02T00:07:46+08:00
2017-04-02T00:07:56: 非记录时间：2017-04-02T00:07:56+08:00
2017-04-02T00:08:06: 非记录时间：2017-04-02T00:08:06+08:00
2017-04-02T00:08:16: 非记录时间：2017-04-02T00:08:16+08:00
2017-04-02T00:08:26: 非记录时间：2017-04-02T00:08:26+08:00
2017-04-02T00:08:36: 非记录时间：2017-04-02T00:08:36+08:00
2017-04-02T00:08:46: 非记录时间：2017-04-02T00:08:46+08:00
2017-04-02T00:08:56: 非记录时间：2017-04-02T00:08:56+08:00
2017-04-02T00:09:06: 非记录时间：2017-04-02T00:09:06+08:00
2017-04-02T00:09:16: 非记录时间：2017-04-02T00:09:16+08:00
2017-04-02T00:09:26: 非记录时间：2017-04-02T00:09:26+08:00
2017-04-02T00:09:36: 非记录时间：2017-04-02T00:09:36+08:00
2017-04-02T00:09:46: 非记录时间：2017-04-02T00:09:46+08:00
2017-04-02T00:09:56: 非记录时间：2017-04-02T00:09:56+08:00
2017-04-02T00:10:06: 非记录时间：2017-04-02T00:10:06+08:00
2017-04-02T00:10:16: 非记录时间：2017-04-02T00:10:16+08:00
2017-04-02T00:10:26: 非记录时间：2017-04-02T00:10:26+08:00
2017-04-02T00:10:36: 非记录时间：2017-04-02T00:10:36+08:00
2017-04-02T00:10:46: 非记录时间：2017-04-02T00:10:46+08:00
2017-04-02T00:10:56: 非记录时间：2017-04-02T00:10:56+08:00
2017-04-02T00:11:06: 非记录时间：2017-04-02T00:11:06+08:00
2017-04-02T00:11:16: 非记录时间：2017-04-02T00:11:16+08:00
2017-04-02T00:11:26: 非记录时间：2017-04-02T00:11:26+08:00
2017-04-02T00:11:36: 非记录时间：2017-04-02T00:11:36+08:00
2017-04-02T00:11:46: 非记录时间：2017-04-02T00:11:46+08:00
2017-04-02T00:11:56: 非记录时间：2017-04-02T00:11:56+08:00
2017-04-02T00:12:06: 非记录时间：2017-04-02T00:12:06+08:00
2017-04-02T00:12:16: 非记录时间：2017-04-02T00:12:16+08:00
2017-04-02T00:12:26: 非记录时间：2017-04-02T00:12:26+08:00
2017-04-02T00:12:36: 非记录时间：2017-04-02T00:12:36+08:00
2017-04-02T00:12:46: 非记录时间：2017-04-02T00:12:46+08:00
2017-04-02T00:12:56: 非记录时间：2017-04-02T00:12:56+08:00
2017-04-02T00:13:06: 非记录时间：2017-04-02T00:13:06+08:00
2017-04-02T00:13:16: 非记录时间：2017-04-02T00:13:16+08:00
2017-04-02T00:13:26: 非记录时间：2017-04-02T00:13:26+08:00
2017-04-02T00:13:36: 非记录时间：2017-04-02T00:13:36+08:00
2017-04-02T00:13:46: 非记录时间：2017-04-02T00:13:46+08:00
2017-04-02T00:13:56: 非记录时间：2017-04-02T00:13:56+08:00
2017-04-02T00:14:06: 非记录时间：2017-04-02T00:14:06+08:00
2017-04-02T00:14:16: 非记录时间：2017-04-02T00:14:16+08:00
2017-04-02T00:14:26: 非记录时间：2017-04-02T00:14:26+08:00
2017-04-02T00:14:36: 非记录时间：2017-04-02T00:14:36+08:00
2017-04-02T00:14:46: 非记录时间：2017-04-02T00:14:46+08:00
2017-04-02T00:14:56: 非记录时间：2017-04-02T00:14:56+08:00
2017-04-02T00:15:06: 非记录时间：2017-04-02T00:15:06+08:00
2017-04-02T00:15:16: 非记录时间：2017-04-02T00:15:16+08:00
2017-04-02T00:15:26: 非记录时间：2017-04-02T00:15:26+08:00
2017-04-02T00:15:36: 非记录时间：2017-04-02T00:15:36+08:00
2017-04-02T00:15:46: 非记录时间：2017-04-02T00:15:46+08:00
2017-04-02T00:15:56: 非记录时间：2017-04-02T00:15:56+08:00
2017-04-02T00:16:06: 非记录时间：2017-04-02T00:16:06+08:00
2017-04-02T00:16:16: 非记录时间：2017-04-02T00:16:16+08:00
2017-04-02T00:16:26: 非记录时间：2017-04-02T00:16:26+08:00
2017-04-02T00:16:36: 非记录时间：2017-04-02T00:16:36+08:00
2017-04-02T00:16:46: 非记录时间：2017-04-02T00:16:46+08:00
2017-04-02T00:16:56: 非记录时间：2017-04-02T00:16:56+08:00
2017-04-02T00:17:06: 非记录时间：2017-04-02T00:17:06+08:00
2017-04-02T00:17:16: 非记录时间：2017-04-02T00:17:16+08:00
2017-04-02T00:17:26: 非记录时间：2017-04-02T00:17:26+08:00
2017-04-02T00:17:36: 非记录时间：2017-04-02T00:17:36+08:00
2017-04-02T00:17:46: 非记录时间：2017-04-02T00:17:46+08:00
2017-04-02T00:17:56: 非记录时间：2017-04-02T00:17:56+08:00
2017-04-02T00:18:06: 非记录时间：2017-04-02T00:18:06+08:00
2017-04-02T00:18:16: 非记录时间：2017-04-02T00:18:16+08:00
2017-04-02T00:18:26: 非记录时间：2017-04-02T00:18:26+08:00
2017-04-02T00:18:36: 非记录时间：2017-04-02T00:18:36+08:00
2017-04-02T00:18:46: 非记录时间：2017-04-02T00:18:46+08:00
2017-04-02T00:18:56: 非记录时间：2017-04-02T00:18:56+08:00
2017-04-02T00:19:06: 非记录时间：2017-04-02T00:19:06+08:00
2017-04-02T00:19:16: 非记录时间：2017-04-02T00:19:16+08:00
2017-04-02T00:19:26: 非记录时间：2017-04-02T00:19:26+08:00
2017-04-02T00:19:36: 非记录时间：2017-04-02T00:19:36+08:00
2017-04-02T00:19:46: 非记录时间：2017-04-02T00:19:46+08:00
2017-04-02T00:19:56: 非记录时间：2017-04-02T00:19:56+08:00
2017-04-02T00:20:06: 非记录时间：2017-04-02T00:20:06+08:00
2017-04-02T00:20:16: 非记录时间：2017-04-02T00:20:16+08:00
2017-04-02T00:20:26: 非记录时间：2017-04-02T00:20:26+08:00
2017-04-02T00:20:36: 非记录时间：2017-04-02T00:20:36+08:00
2017-04-02T00:20:46: 非记录时间：2017-04-02T00:20:46+08:00
2017-04-02T00:20:56: 非记录时间：2017-04-02T00:20:56+08:00
2017-04-02T00:21:06: 非记录时间：2017-04-02T00:21:06+08:00
2017-04-02T00:21:16: 非记录时间：2017-04-02T00:21:16+08:00
2017-04-02T00:21:26: 非记录时间：2017-04-02T00:21:26+08:00
2017-04-02T00:21:36: 非记录时间：2017-04-02T00:21:36+08:00
2017-04-02T00:21:46: 非记录时间：2017-04-02T00:21:46+08:00
2017-04-02T00:21:56: 非记录时间：2017-04-02T00:21:56+08:00
2017-04-02T00:22:06: 非记录时间：2017-04-02T00:22:06+08:00
2017-04-02T00:22:16: 非记录时间：2017-04-02T00:22:16+08:00
2017-04-02T00:22:26: 非记录时间：2017-04-02T00:22:26+08:00
2017-04-02T00:22:36: 非记录时间：2017-04-02T00:22:36+08:00
2017-04-02T00:22:46: 非记录时间：2017-04-02T00:22:46+08:00
2017-04-02T00:22:56: 非记录时间：2017-04-02T00:22:56+08:00
2017-04-02T00:23:06: 非记录时间：2017-04-02T00:23:06+08:00
2017-04-02T00:23:16: 非记录时间：2017-04-02T00:23:16+08:00
2017-04-02T00:23:26: 非记录时间：2017-04-02T00:23:26+08:00
2017-04-02T00:23:36: 非记录时间：2017-04-02T00:23:36+08:00
2017-04-02T00:23:46: 非记录时间：2017-04-02T00:23:46+08:00
2017-04-02T00:23:56: 非记录时间：2017-04-02T00:23:56+08:00
2017-04-02T00:24:06: 非记录时间：2017-04-02T00:24:06+08:00
2017-04-02T00:24:16: 非记录时间：2017-04-02T00:24:16+08:00
2017-04-02T00:24:26: 非记录时间：2017-04-02T00:24:26+08:00
2017-04-02T00:24:36: 非记录时间：2017-04-02T00:24:36+08:00
2017-04-02T00:24:46: 非记录时间：2017-04-02T00:24:46+08:00
2017-04-02T00:24:56: 非记录时间：2017-04-02T00:24:56+08:00
2017-04-02T00:25:06: 非记录时间：2017-04-02T00:25:06+08:00
2017-04-02T00:25:16: 非记录时间：2017-04-02T00:25:16+08:00
2017-04-02T00:25:26: 非记录时间：2017-04-02T00:25:26+08:00
2017-04-02T00:25:36: 非记录时间：2017-04-02T00:25:36+08:00
2017-04-02T00:25:46: 非记录时间：2017-04-02T00:25:46+08:00
2017-04-02T00:25:56: 非记录时间：2017-04-02T00:25:56+08:00
2017-04-02T00:26:06: 非记录时间：2017-04-02T00:26:06+08:00
2017-04-02T00:26:17: 非记录时间：2017-04-02T00:26:16+08:00
2017-04-02T00:26:27: 非记录时间：2017-04-02T00:26:27+08:00
2017-04-02T00:26:37: 非记录时间：2017-04-02T00:26:37+08:00
2017-04-02T00:26:47: 非记录时间：2017-04-02T00:26:47+08:00
2017-04-02T00:26:57: 非记录时间：2017-04-02T00:26:57+08:00
2017-04-02T00:27:07: 非记录时间：2017-04-02T00:27:07+08:00
2017-04-02T00:27:17: 非记录时间：2017-04-02T00:27:17+08:00
2017-04-02T00:27:27: 非记录时间：2017-04-02T00:27:27+08:00
2017-04-02T00:27:37: 非记录时间：2017-04-02T00:27:37+08:00
2017-04-02T00:27:47: 非记录时间：2017-04-02T00:27:47+08:00
2017-04-02T00:27:57: 非记录时间：2017-04-02T00:27:57+08:00
2017-04-02T00:28:07: 非记录时间：2017-04-02T00:28:07+08:00
2017-04-02T00:28:17: 非记录时间：2017-04-02T00:28:17+08:00
2017-04-02T00:28:27: 非记录时间：2017-04-02T00:28:27+08:00
2017-04-02T00:28:37: 非记录时间：2017-04-02T00:28:37+08:00
2017-04-02T00:28:47: 非记录时间：2017-04-02T00:28:47+08:00
2017-04-02T00:28:57: 非记录时间：2017-04-02T00:28:57+08:00
2017-04-02T00:29:07: 非记录时间：2017-04-02T00:29:07+08:00
2017-04-02T00:29:17: 非记录时间：2017-04-02T00:29:17+08:00
2017-04-02T00:29:27: 非记录时间：2017-04-02T00:29:27+08:00
2017-04-02T00:29:37: 非记录时间：2017-04-02T00:29:37+08:00
2017-04-02T00:29:47: 非记录时间：2017-04-02T00:29:47+08:00
2017-04-02T00:29:57: 非记录时间：2017-04-02T00:29:57+08:00
2017-04-02T00:30:07: 非记录时间：2017-04-02T00:30:07+08:00
2017-04-02T00:30:17: 非记录时间：2017-04-02T00:30:17+08:00
2017-04-02T00:30:27: 非记录时间：2017-04-02T00:30:27+08:00
2017-04-02T00:30:37: 非记录时间：2017-04-02T00:30:37+08:00
2017-04-02T00:30:47: 非记录时间：2017-04-02T00:30:47+08:00
2017-04-02T00:30:57: 非记录时间：2017-04-02T00:30:57+08:00
2017-04-02T00:31:07: 非记录时间：2017-04-02T00:31:07+08:00
2017-04-02T00:31:17: 非记录时间：2017-04-02T00:31:17+08:00
2017-04-02T00:31:27: 非记录时间：2017-04-02T00:31:27+08:00
2017-04-02T00:31:37: 非记录时间：2017-04-02T00:31:37+08:00
2017-04-02T00:31:47: 非记录时间：2017-04-02T00:31:47+08:00
2017-04-02T00:31:57: 非记录时间：2017-04-02T00:31:57+08:00
2017-04-02T00:32:07: 非记录时间：2017-04-02T00:32:07+08:00
2017-04-02T00:32:17: 非记录时间：2017-04-02T00:32:17+08:00
2017-04-02T00:32:27: 非记录时间：2017-04-02T00:32:27+08:00
2017-04-02T00:32:37: 非记录时间：2017-04-02T00:32:37+08:00
2017-04-02T00:32:47: 非记录时间：2017-04-02T00:32:47+08:00
2017-04-02T00:32:57: 非记录时间：2017-04-02T00:32:57+08:00
2017-04-02T00:33:07: 非记录时间：2017-04-02T00:33:07+08:00
2017-04-02T00:33:17: 非记录时间：2017-04-02T00:33:17+08:00
2017-04-02T00:33:27: 非记录时间：2017-04-02T00:33:27+08:00
2017-04-02T00:33:37: 非记录时间：2017-04-02T00:33:37+08:00
2017-04-02T00:33:47: 非记录时间：2017-04-02T00:33:47+08:00
2017-04-02T00:33:57: 非记录时间：2017-04-02T00:33:57+08:00
2017-04-02T00:34:07: 非记录时间：2017-04-02T00:34:07+08:00
2017-04-02T00:34:17: 非记录时间：2017-04-02T00:34:17+08:00
2017-04-02T00:34:27: 非记录时间：2017-04-02T00:34:27+08:00
2017-04-02T00:34:37: 非记录时间：2017-04-02T00:34:37+08:00
2017-04-02T00:34:47: 非记录时间：2017-04-02T00:34:47+08:00
2017-04-02T00:34:57: 非记录时间：2017-04-02T00:34:57+08:00
2017-04-02T00:35:07: 非记录时间：2017-04-02T00:35:07+08:00
2017-04-02T00:35:17: 非记录时间：2017-04-02T00:35:17+08:00
2017-04-02T00:35:27: 非记录时间：2017-04-02T00:35:27+08:00
2017-04-02T00:35:37: 非记录时间：2017-04-02T00:35:37+08:00
2017-04-02T00:35:47: 非记录时间：2017-04-02T00:35:47+08:00
2017-04-02T00:35:57: 非记录时间：2017-04-02T00:35:57+08:00
2017-04-02T00:36:07: 非记录时间：2017-04-02T00:36:07+08:00
2017-04-02T00:36:17: 非记录时间：2017-04-02T00:36:17+08:00
2017-04-02T00:36:27: 非记录时间：2017-04-02T00:36:27+08:00
2017-04-02T00:36:37: 非记录时间：2017-04-02T00:36:37+08:00
2017-04-02T00:36:47: 非记录时间：2017-04-02T00:36:47+08:00
2017-04-02T00:36:57: 非记录时间：2017-04-02T00:36:57+08:00
2017-04-02T00:37:07: 非记录时间：2017-04-02T00:37:07+08:00
2017-04-02T00:37:17: 非记录时间：2017-04-02T00:37:17+08:00
2017-04-02T00:37:27: 非记录时间：2017-04-02T00:37:27+08:00
2017-04-02T00:37:37: 非记录时间：2017-04-02T00:37:37+08:00
2017-04-02T00:37:47: 非记录时间：2017-04-02T00:37:47+08:00
2017-04-02T00:37:57: 非记录时间：2017-04-02T00:37:57+08:00
2017-04-02T00:38:07: 非记录时间：2017-04-02T00:38:07+08:00
2017-04-02T00:38:17: 非记录时间：2017-04-02T00:38:17+08:00
2017-04-02T00:38:27: 非记录时间：2017-04-02T00:38:27+08:00
2017-04-02T00:38:37: 非记录时间：2017-04-02T00:38:37+08:00
2017-04-02T00:38:47: 非记录时间：2017-04-02T00:38:47+08:00
2017-04-02T00:38:57: 非记录时间：2017-04-02T00:38:57+08:00
2017-04-02T00:39:07: 非记录时间：2017-04-02T00:39:07+08:00
2017-04-02T00:39:17: 非记录时间：2017-04-02T00:39:17+08:00
2017-04-02T00:39:27: 非记录时间：2017-04-02T00:39:27+08:00
2017-04-02T00:39:37: 非记录时间：2017-04-02T00:39:37+08:00
2017-04-02T00:39:47: 非记录时间：2017-04-02T00:39:47+08:00
2017-04-02T00:39:57: 非记录时间：2017-04-02T00:39:57+08:00
2017-04-02T00:40:07: 非记录时间：2017-04-02T00:40:07+08:00
2017-04-02T00:40:17: 非记录时间：2017-04-02T00:40:17+08:00
2017-04-02T00:40:27: 非记录时间：2017-04-02T00:40:27+08:00
2017-04-02T00:40:37: 非记录时间：2017-04-02T00:40:37+08:00
2017-04-02T00:40:47: 非记录时间：2017-04-02T00:40:47+08:00
2017-04-02T00:40:57: 非记录时间：2017-04-02T00:40:57+08:00
2017-04-02T00:41:07: 非记录时间：2017-04-02T00:41:07+08:00
2017-04-02T00:41:17: 非记录时间：2017-04-02T00:41:17+08:00
2017-04-02T00:41:27: 非记录时间：2017-04-02T00:41:27+08:00
2017-04-02T00:41:37: 非记录时间：2017-04-02T00:41:37+08:00
2017-04-02T00:41:47: 非记录时间：2017-04-02T00:41:47+08:00
2017-04-02T00:41:57: 非记录时间：2017-04-02T00:41:57+08:00
2017-04-02T00:42:07: 非记录时间：2017-04-02T00:42:07+08:00
2017-04-02T00:42:17: 非记录时间：2017-04-02T00:42:17+08:00
2017-04-02T00:42:27: 非记录时间：2017-04-02T00:42:27+08:00
2017-04-02T00:42:37: 非记录时间：2017-04-02T00:42:37+08:00
2017-04-02T00:42:47: 非记录时间：2017-04-02T00:42:47+08:00
2017-04-02T00:42:57: 非记录时间：2017-04-02T00:42:57+08:00
2017-04-02T00:43:07: 非记录时间：2017-04-02T00:43:07+08:00
2017-04-02T00:43:17: 非记录时间：2017-04-02T00:43:17+08:00
2017-04-02T00:43:27: 非记录时间：2017-04-02T00:43:27+08:00
2017-04-02T00:43:37: 非记录时间：2017-04-02T00:43:37+08:00
2017-04-02T00:43:47: 非记录时间：2017-04-02T00:43:47+08:00
2017-04-02T00:43:57: 非记录时间：2017-04-02T00:43:57+08:00
2017-04-02T00:44:07: 非记录时间：2017-04-02T00:44:07+08:00
2017-04-02T00:44:17: 非记录时间：2017-04-02T00:44:17+08:00
2017-04-02T00:44:27: 非记录时间：2017-04-02T00:44:27+08:00
2017-04-02T00:44:37: 非记录时间：2017-04-02T00:44:37+08:00
2017-04-02T00:44:47: 非记录时间：2017-04-02T00:44:47+08:00
2017-04-02T00:44:57: 非记录时间：2017-04-02T00:44:57+08:00
2017-04-02T00:45:07: 非记录时间：2017-04-02T00:45:07+08:00
2017-04-02T00:45:17: 非记录时间：2017-04-02T00:45:17+08:00
2017-04-02T00:45:27: 非记录时间：2017-04-02T00:45:27+08:00
2017-04-02T00:45:37: 非记录时间：2017-04-02T00:45:37+08:00
2017-04-02T00:45:47: 非记录时间：2017-04-02T00:45:47+08:00
2017-04-02T00:45:57: 非记录时间：2017-04-02T00:45:57+08:00
2017-04-02T00:46:07: 非记录时间：2017-04-02T00:46:07+08:00
2017-04-02T00:46:17: 非记录时间：2017-04-02T00:46:17+08:00
2017-04-02T00:46:27: 非记录时间：2017-04-02T00:46:27+08:00
2017-04-02T00:46:37: 非记录时间：2017-04-02T00:46:37+08:00
2017-04-02T00:46:47: 非记录时间：2017-04-02T00:46:47+08:00
2017-04-02T00:46:57: 非记录时间：2017-04-02T00:46:57+08:00
2017-04-02T00:47:07: 非记录时间：2017-04-02T00:47:07+08:00
2017-04-02T00:47:17: 非记录时间：2017-04-02T00:47:17+08:00
2017-04-02T00:47:27: 非记录时间：2017-04-02T00:47:27+08:00
2017-04-02T00:47:37: 非记录时间：2017-04-02T00:47:37+08:00
2017-04-02T00:47:47: 非记录时间：2017-04-02T00:47:47+08:00
2017-04-02T00:47:57: 非记录时间：2017-04-02T00:47:57+08:00
2017-04-02T00:48:07: 非记录时间：2017-04-02T00:48:07+08:00
2017-04-02T00:48:17: 非记录时间：2017-04-02T00:48:17+08:00
2017-04-02T00:48:27: 非记录时间：2017-04-02T00:48:27+08:00
2017-04-02T00:48:37: 非记录时间：2017-04-02T00:48:37+08:00
2017-04-02T00:48:47: 非记录时间：2017-04-02T00:48:47+08:00
2017-04-02T00:48:57: 非记录时间：2017-04-02T00:48:57+08:00
2017-04-02T00:49:07: 非记录时间：2017-04-02T00:49:07+08:00
2017-04-02T00:49:17: 非记录时间：2017-04-02T00:49:17+08:00
2017-04-02T00:49:27: 非记录时间：2017-04-02T00:49:27+08:00
2017-04-02T00:49:37: 非记录时间：2017-04-02T00:49:37+08:00
2017-04-02T00:49:47: 非记录时间：2017-04-02T00:49:47+08:00
2017-04-02T00:49:57: 非记录时间：2017-04-02T00:49:57+08:00
2017-04-02T00:50:07: 非记录时间：2017-04-02T00:50:07+08:00
2017-04-02T00:50:17: 非记录时间：2017-04-02T00:50:17+08:00
2017-04-02T00:50:27: 非记录时间：2017-04-02T00:50:27+08:00
2017-04-02T00:50:37: 非记录时间：2017-04-02T00:50:37+08:00
2017-04-02T00:50:47: 非记录时间：2017-04-02T00:50:47+08:00
2017-04-02T00:50:57: 非记录时间：2017-04-02T00:50:57+08:00
2017-04-02T00:51:07: 非记录时间：2017-04-02T00:51:07+08:00
2017-04-02T00:51:17: 非记录时间：2017-04-02T00:51:17+08:00
2017-04-02T00:51:27: 非记录时间：2017-04-02T00:51:27+08:00
2017-04-02T00:51:37: 非记录时间：2017-04-02T00:51:37+08:00
2017-04-02T00:51:47: 非记录时间：2017-04-02T00:51:47+08:00
2017-04-02T00:51:57: 非记录时间：2017-04-02T00:51:57+08:00
2017-04-02T00:52:07: 非记录时间：2017-04-02T00:52:07+08:00
2017-04-02T00:52:17: 非记录时间：2017-04-02T00:52:17+08:00
2017-04-02T00:52:27: 非记录时间：2017-04-02T00:52:27+08:00
2017-04-02T00:52:37: 非记录时间：2017-04-02T00:52:37+08:00
2017-04-02T00:52:47: 非记录时间：2017-04-02T00:52:47+08:00
2017-04-02T00:52:57: 非记录时间：2017-04-02T00:52:57+08:00
2017-04-02T00:53:07: 非记录时间：2017-04-02T00:53:07+08:00
2017-04-02T00:53:17: 非记录时间：2017-04-02T00:53:17+08:00
2017-04-02T00:53:27: 非记录时间：2017-04-02T00:53:27+08:00
2017-04-02T00:53:37: 非记录时间：2017-04-02T00:53:37+08:00
2017-04-02T00:53:47: 非记录时间：2017-04-02T00:53:47+08:00
2017-04-02T00:53:57: 非记录时间：2017-04-02T00:53:57+08:00
2017-04-02T00:54:07: 非记录时间：2017-04-02T00:54:07+08:00
2017-04-02T00:54:17: 非记录时间：2017-04-02T00:54:17+08:00
2017-04-02T00:54:27: 非记录时间：2017-04-02T00:54:27+08:00
2017-04-02T00:54:37: 非记录时间：2017-04-02T00:54:37+08:00
2017-04-02T00:54:47: 非记录时间：2017-04-02T00:54:47+08:00
2017-04-02T00:54:57: 非记录时间：2017-04-02T00:54:57+08:00
2017-04-02T00:55:07: 非记录时间：2017-04-02T00:55:07+08:00
2017-04-02T00:55:17: 非记录时间：2017-04-02T00:55:17+08:00
2017-04-02T00:55:27: 非记录时间：2017-04-02T00:55:27+08:00
2017-04-02T00:55:37: 非记录时间：2017-04-02T00:55:37+08:00
2017-04-02T00:55:47: 非记录时间：2017-04-02T00:55:47+08:00
2017-04-02T00:55:57: 非记录时间：2017-04-02T00:55:57+08:00
2017-04-02T00:56:07: 非记录时间：2017-04-02T00:56:07+08:00
2017-04-02T00:56:17: 非记录时间：2017-04-02T00:56:17+08:00
2017-04-02T00:56:27: 非记录时间：2017-04-02T00:56:27+08:00
2017-04-02T00:56:37: 非记录时间：2017-04-02T00:56:37+08:00
2017-04-02T00:56:47: 非记录时间：2017-04-02T00:56:47+08:00
2017-04-02T00:56:57: 非记录时间：2017-04-02T00:56:57+08:00
2017-04-02T00:57:07: 非记录时间：2017-04-02T00:57:07+08:00
2017-04-02T00:57:17: 非记录时间：2017-04-02T00:57:17+08:00
2017-04-02T00:57:27: 非记录时间：2017-04-02T00:57:27+08:00
2017-04-02T00:57:37: 非记录时间：2017-04-02T00:57:37+08:00
2017-04-02T00:57:47: 非记录时间：2017-04-02T00:57:47+08:00
2017-04-02T00:57:57: 非记录时间：2017-04-02T00:57:57+08:00
2017-04-02T00:58:07: 非记录时间：2017-04-02T00:58:07+08:00
2017-04-02T00:58:17: 非记录时间：2017-04-02T00:58:17+08:00
2017-04-02T00:58:27: 非记录时间：2017-04-02T00:58:27+08:00
2017-04-02T00:58:37: 非记录时间：2017-04-02T00:58:37+08:00
2017-04-02T00:58:47: 非记录时间：2017-04-02T00:58:47+08:00
2017-04-02T00:58:57: 非记录时间：2017-04-02T00:58:57+08:00
2017-04-02T00:59:07: 非记录时间：2017-04-02T00:59:07+08:00
2017-04-02T00:59:17: 非记录时间：2017-04-02T00:59:17+08:00
2017-04-02T00:59:27: 非记录时间：2017-04-02T00:59:27+08:00
2017-04-02T00:59:37: 非记录时间：2017-04-02T00:59:37+08:00
2017-04-02T00:59:47: 非记录时间：2017-04-02T00:59:47+08:00
2017-04-02T00:59:57: 非记录时间：2017-04-02T00:59:57+08:00
2017-04-02T01:00:07: 非记录时间：2017-04-02T01:00:07+08:00
2017-04-02T01:00:17: 非记录时间：2017-04-02T01:00:17+08:00
2017-04-02T01:00:27: 非记录时间：2017-04-02T01:00:27+08:00
2017-04-02T01:00:37: 非记录时间：2017-04-02T01:00:37+08:00
2017-04-02T01:00:47: 非记录时间：2017-04-02T01:00:47+08:00
2017-04-02T01:00:57: 非记录时间：2017-04-02T01:00:57+08:00
2017-04-02T01:01:07: 非记录时间：2017-04-02T01:01:07+08:00
2017-04-02T01:01:17: 非记录时间：2017-04-02T01:01:17+08:00
2017-04-02T01:01:27: 非记录时间：2017-04-02T01:01:27+08:00
2017-04-02T01:01:37: 非记录时间：2017-04-02T01:01:37+08:00
2017-04-02T01:01:47: 非记录时间：2017-04-02T01:01:47+08:00
2017-04-02T01:01:57: 非记录时间：2017-04-02T01:01:57+08:00
2017-04-02T01:02:07: 非记录时间：2017-04-02T01:02:07+08:00
2017-04-02T01:02:17: 非记录时间：2017-04-02T01:02:17+08:00
2017-04-02T01:02:27: 非记录时间：2017-04-02T01:02:27+08:00
2017-04-02T01:02:37: 非记录时间：2017-04-02T01:02:37+08:00
2017-04-02T01:02:47: 非记录时间：2017-04-02T01:02:47+08:00
2017-04-02T01:02:57: 非记录时间：2017-04-02T01:02:57+08:00
2017-04-02T01:03:07: 非记录时间：2017-04-02T01:03:07+08:00
2017-04-02T01:03:17: 非记录时间：2017-04-02T01:03:17+08:00
2017-04-02T01:03:27: 非记录时间：2017-04-02T01:03:27+08:00
2017-04-02T01:03:37: 非记录时间：2017-04-02T01:03:37+08:00
2017-04-02T01:03:47: 非记录时间：2017-04-02T01:03:47+08:00
2017-04-02T01:03:57: 非记录时间：2017-04-02T01:03:57+08:00
2017-04-02T01:04:07: 非记录时间：2017-04-02T01:04:07+08:00
2017-04-02T01:04:17: 非记录时间：2017-04-02T01:04:17+08:00
2017-04-02T01:04:27: 非记录时间：2017-04-02T01:04:27+08:00
2017-04-02T01:04:37: 非记录时间：2017-04-02T01:04:37+08:00
2017-04-02T01:04:47: 非记录时间：2017-04-02T01:04:47+08:00
2017-04-02T01:04:57: 非记录时间：2017-04-02T01:04:57+08:00
2017-04-02T01:05:07: 非记录时间：2017-04-02T01:05:07+08:00
2017-04-02T01:05:17: 非记录时间：2017-04-02T01:05:17+08:00
2017-04-02T01:05:27: 非记录时间：2017-04-02T01:05:27+08:00
2017-04-02T01:05:37: 非记录时间：2017-04-02T01:05:37+08:00
2017-04-02T01:05:47: 非记录时间：2017-04-02T01:05:47+08:00
2017-04-02T01:05:57: 非记录时间：2017-04-02T01:05:57+08:00
2017-04-02T01:06:07: 非记录时间：2017-04-02T01:06:07+08:00
2017-04-02T01:06:17: 非记录时间：2017-04-02T01:06:17+08:00
2017-04-02T01:06:27: 非记录时间：2017-04-02T01:06:27+08:00
2017-04-02T01:06:37: 非记录时间：2017-04-02T01:06:37+08:00
2017-04-02T01:06:47: 非记录时间：2017-04-02T01:06:47+08:00
2017-04-02T01:06:57: 非记录时间：2017-04-02T01:06:57+08:00
2017-04-02T01:07:07: 非记录时间：2017-04-02T01:07:07+08:00
2017-04-02T01:07:17: 非记录时间：2017-04-02T01:07:17+08:00
2017-04-02T01:07:27: 非记录时间：2017-04-02T01:07:27+08:00
2017-04-02T01:07:37: 非记录时间：2017-04-02T01:07:37+08:00
2017-04-02T01:07:47: 非记录时间：2017-04-02T01:07:47+08:00
2017-04-02T01:07:57: 非记录时间：2017-04-02T01:07:57+08:00
2017-04-02T01:08:07: 非记录时间：2017-04-02T01:08:07+08:00
2017-04-02T01:08:17: 非记录时间：2017-04-02T01:08:17+08:00
2017-04-02T01:08:27: 非记录时间：2017-04-02T01:08:27+08:00
2017-04-02T01:08:37: 非记录时间：2017-04-02T01:08:37+08:00
2017-04-02T01:08:47: 非记录时间：2017-04-02T01:08:47+08:00
2017-04-02T01:08:57: 非记录时间：2017-04-02T01:08:57+08:00
2017-04-02T01:09:07: 非记录时间：2017-04-02T01:09:07+08:00
2017-04-02T01:09:17: 非记录时间：2017-04-02T01:09:17+08:00
2017-04-02T01:09:27: 非记录时间：2017-04-02T01:09:27+08:00
2017-04-02T01:09:37: 非记录时间：2017-04-02T01:09:37+08:00
2017-04-02T01:09:47: 非记录时间：2017-04-02T01:09:47+08:00
2017-04-02T01:09:57: 非记录时间：2017-04-02T01:09:57+08:00
2017-04-02T01:10:07: 非记录时间：2017-04-02T01:10:07+08:00
2017-04-02T01:10:17: 非记录时间：2017-04-02T01:10:17+08:00
2017-04-02T01:10:27: 非记录时间：2017-04-02T01:10:27+08:00
2017-04-02T01:10:37: 非记录时间：2017-04-02T01:10:37+08:00
2017-04-02T01:10:47: 非记录时间：2017-04-02T01:10:47+08:00
2017-04-02T01:10:57: 非记录时间：2017-04-02T01:10:57+08:00
2017-04-02T01:11:08: 读取文件失败，可能是该文件不存在
2017-04-02T01:11:08: Error: ENOENT: no such file or directory, open './data/2017-04-02.json'
2017-04-02T01:11:18: 读取文件成功
2017-04-02T01:11:28: 读取文件成功
2017-04-02T01:11:37: 读取文件成功
2017-04-02T01:11:48: 读取文件成功
2017-04-02T01:11:58: 读取文件成功
2017-04-02T01:12:09: 读取文件成功
2017-04-02T01:12:17: 读取文件成功
2017-04-02T01:12:27: 读取文件成功
2017-04-02T01:12:37: 读取文件成功
2017-04-02T01:12:48: 读取文件成功
2017-04-02T01:12:58: 读取文件成功
2017-04-02T01:13:09: 读取文件成功
2017-04-02T01:13:18: 读取文件成功
2017-04-02T01:13:28: 读取文件成功
2017-04-02T01:13:38: 读取文件成功
2017-04-02T01:13:48: 读取文件成功
2017-04-02T01:13:59: 读取文件成功
2017-04-02T01:14:09: 读取文件成功
2017-04-02T01:14:18: 读取文件成功
2017-04-02T01:14:28: 读取文件成功
2017-04-02T01:14:38: 读取文件成功
2017-04-02T01:14:48: 读取文件成功
2017-04-02T01:14:58: 读取文件成功
2017-04-02T01:15:08: 读取文件成功
2017-04-02T01:15:18: 读取文件成功
2017-04-02T01:15:28: 读取文件成功
2017-04-02T01:15:38: 读取文件成功
2017-04-02T01:15:48: 读取文件成功
2017-04-02T01:15:58: 读取文件成功
2017-04-02T01:16:08: 读取文件成功
2017-04-02T01:16:18: 读取文件成功
2017-04-02T01:16:28: 读取文件成功
2017-04-02T01:16:38: 读取文件成功
2017-04-02T01:16:48: 读取文件成功
2017-04-02T01:16:58: 读取文件成功
2017-04-02T01:17:08: 读取文件成功
2017-04-02T01:17:18: 读取文件成功
2017-04-02T01:17:28: 读取文件成功
2017-04-02T01:17:38: 读取文件成功
2017-04-02T01:17:48: 读取文件成功
2017-04-02T01:17:58: 读取文件成功
2017-04-02T01:18:08: 读取文件成功
2017-04-02T01:18:18: 读取文件成功
2017-04-02T01:18:28: 读取文件成功
2017-04-02T01:18:38: 读取文件成功
2017-04-02T01:18:48: 读取文件成功
2017-04-02T01:18:58: 读取文件成功
2017-04-02T01:19:08: 读取文件成功
2017-04-02T01:19:18: 读取文件成功
2017-04-02T01:19:28: 读取文件成功
2017-04-02T01:19:38: 读取文件成功
2017-04-02T01:19:48: 读取文件成功
2017-04-02T01:19:58: 读取文件成功
2017-04-02T01:20:08: 读取文件成功
2017-04-02T01:20:18: 读取文件成功
2017-04-02T01:20:28: 读取文件成功
2017-04-02T01:20:38: 读取文件成功
2017-04-02T01:20:48: 读取文件成功
2017-04-02T01:20:58: 读取文件成功
2017-04-02T01:21:08: 读取文件成功
2017-04-02T01:21:18: 读取文件成功
2017-04-02T01:21:28: 读取文件成功
2017-04-02T01:21:39: 读取文件成功
2017-04-02T01:21:48: 读取文件成功
2017-04-02T01:21:58: 读取文件成功
2017-04-02T01:22:08: 读取文件成功
2017-04-02T01:22:18: 读取文件成功
2017-04-02T01:22:28: 读取文件成功
2017-04-02T01:22:38: 读取文件成功
2017-04-02T01:22:48: 读取文件成功
2017-04-02T01:22:58: 读取文件成功
2017-04-02T01:23:08: 读取文件成功
2017-04-02T01:23:18: 读取文件成功
2017-04-02T01:23:28: 读取文件成功
2017-04-02T01:23:38: 读取文件成功
2017-04-02T01:23:48: 读取文件成功
2017-04-02T01:23:58: 读取文件成功
2017-04-02T01:24:08: 读取文件成功
2017-04-02T01:24:18: 读取文件成功
2017-04-02T01:24:28: 读取文件成功
2017-04-02T01:24:38: 读取文件成功
2017-04-02T01:24:49: 读取文件成功
2017-04-02T01:24:59: 读取文件成功
2017-04-02T01:25:08: 读取文件成功
2017-04-02T01:25:18: 读取文件成功
2017-04-02T01:25:28: 读取文件成功
2017-04-02T01:25:38: 读取文件成功
2017-04-02T01:25:48: 读取文件成功
2017-04-02T01:25:58: 读取文件成功
2017-04-02T01:26:08: 读取文件成功
2017-04-02T01:26:18: 读取文件成功
2017-04-02T01:26:29: 读取文件成功
2017-04-02T01:26:38: 读取文件成功
2017-04-02T01:26:48: 读取文件成功
2017-04-02T01:26:58: 读取文件成功
2017-04-02T01:27:08: 读取文件成功
2017-04-02T01:27:19: 读取文件成功
2017-04-02T01:27:28: 读取文件成功
2017-04-02T01:27:38: 读取文件成功
2017-04-02T01:27:49: 读取文件成功
2017-04-02T01:27:58: 读取文件成功
2017-04-02T01:28:09: 读取文件成功
2017-04-02T01:28:19: 读取文件成功
2017-04-02T01:28:28: 读取文件成功
2017-04-02T01:28:38: 读取文件成功
2017-04-02T01:28:48: 读取文件成功
2017-04-02T01:28:58: 读取文件成功
2017-04-02T01:29:08: 读取文件成功
2017-04-02T01:29:18: 读取文件成功
2017-04-02T01:29:28: 读取文件成功
2017-04-02T01:29:38: 读取文件成功
2017-04-02T01:29:48: 读取文件成功
2017-04-02T01:29:58: 读取文件成功
2017-04-02T01:30:08: 读取文件成功
2017-04-02T01:30:18: 读取文件成功
2017-04-02T01:30:28: 读取文件成功
2017-04-02T01:30:38: 读取文件成功
2017-04-02T01:30:48: 读取文件成功
2017-04-02T01:30:59: 读取文件成功
2017-04-02T01:31:08: 读取文件成功
2017-04-02T01:31:18: 读取文件成功
2017-04-02T01:31:28: 读取文件成功
2017-04-02T01:31:39: 读取文件成功
2017-04-02T01:31:48: 读取文件成功
2017-04-02T01:31:58: 读取文件成功
2017-04-02T01:32:08: 读取文件成功
2017-04-02T01:32:18: 读取文件成功
2017-04-02T01:32:28: 读取文件成功
2017-04-02T01:32:38: 读取文件成功
2017-04-02T01:32:49: 读取文件成功
2017-04-02T01:32:59: 读取文件成功
2017-04-02T01:33:09: 读取文件成功
2017-04-02T01:33:19: 读取文件成功
2017-04-02T01:33:29: 读取文件成功
2017-04-02T01:33:39: 读取文件成功
2017-04-02T01:33:49: 读取文件成功
2017-04-02T01:33:59: 读取文件成功
2017-04-02T01:34:09: 读取文件成功
2017-04-02T01:34:19: 读取文件成功
2017-04-02T01:34:29: 读取文件成功
2017-04-02T01:34:39: 读取文件成功
2017-04-02T01:34:50: 读取文件成功
2017-04-02T01:34:59: 读取文件成功
2017-04-02T01:35:09: 读取文件成功
2017-04-02T01:35:19: 读取文件成功
2017-04-02T01:35:29: 读取文件成功
2017-04-02T01:35:39: 读取文件成功
2017-04-02T01:35:49: 读取文件成功
2017-04-02T01:35:59: 读取文件成功
2017-04-02T01:36:09: 读取文件成功
2017-04-02T01:36:20: 读取文件成功
2017-04-02T01:36:29: 读取文件成功
2017-04-02T01:36:39: 读取文件成功
2017-04-02T01:36:49: 读取文件成功
2017-04-02T01:36:59: 读取文件成功
2017-04-02T01:37:09: 读取文件成功
2017-04-02T01:37:19: 读取文件成功
2017-04-02T01:37:29: 读取文件成功
2017-04-02T01:37:39: 读取文件成功
2017-04-02T01:37:49: 读取文件成功
2017-04-02T01:37:59: 读取文件成功
2017-04-02T01:38:09: 读取文件成功
2017-04-02T01:38:19: 读取文件成功
2017-04-02T01:38:29: 读取文件成功
2017-04-02T01:38:39: 读取文件成功
2017-04-02T01:38:49: 读取文件成功
2017-04-02T01:38:59: 读取文件成功
2017-04-02T01:39:09: 读取文件成功
2017-04-02T01:39:19: 读取文件成功
2017-04-02T01:39:29: 读取文件成功
2017-04-02T01:39:39: 读取文件成功
2017-04-02T01:39:49: 读取文件成功
2017-04-02T01:39:59: 读取文件成功
2017-04-02T01:40:09: 读取文件成功
2017-04-02T01:40:19: 读取文件成功
2017-04-02T01:40:29: 读取文件成功
2017-04-02T01:40:39: 读取文件成功
2017-04-02T01:40:49: 读取文件成功
2017-04-02T01:40:59: 读取文件成功
2017-04-02T01:41:09: 读取文件成功
2017-04-02T01:41:20: 读取文件成功
2017-04-02T01:41:29: 读取文件成功
2017-04-02T01:41:39: 读取文件成功
2017-04-02T01:41:49: 读取文件成功
2017-04-02T01:41:59: 读取文件成功
2017-04-02T01:42:09: 读取文件成功
2017-04-02T01:42:19: 读取文件成功
2017-04-02T01:42:29: 读取文件成功
2017-04-02T01:42:39: 读取文件成功
2017-04-02T01:42:49: 读取文件成功
2017-04-02T01:42:59: 读取文件成功
2017-04-02T01:43:09: 读取文件成功
2017-04-02T01:43:19: 读取文件成功
2017-04-02T01:43:29: 读取文件成功
2017-04-02T01:43:39: 读取文件成功
2017-04-02T01:43:49: 读取文件成功
2017-04-02T01:43:59: 读取文件成功
2017-04-02T01:44:09: 读取文件成功
2017-04-02T01:44:19: 读取文件成功
2017-04-02T01:44:29: 读取文件成功
2017-04-02T01:44:39: 读取文件成功
2017-04-02T01:44:49: 读取文件成功
2017-04-02T01:44:59: 读取文件成功
2017-04-02T01:45:09: 读取文件成功
2017-04-02T01:45:19: 读取文件成功
2017-04-02T01:45:29: 读取文件成功
2017-04-02T01:45:39: 读取文件成功
2017-04-02T01:45:49: 读取文件成功
2017-04-02T01:45:59: 读取文件成功
2017-04-02T01:46:10: 读取文件成功
2017-04-02T01:46:19: 读取文件成功
2017-04-02T01:46:29: 读取文件成功
2017-04-02T01:46:39: 读取文件成功
2017-04-02T01:46:49: 读取文件成功
2017-04-02T01:46:59: 读取文件成功
2017-04-02T01:47:09: 读取文件成功
2017-04-02T01:47:19: 读取文件成功
2017-04-02T01:47:29: 读取文件成功
2017-04-02T01:47:39: 读取文件成功
2017-04-02T01:47:49: 读取文件成功
2017-04-02T01:47:59: 读取文件成功
2017-04-02T01:48:09: 读取文件成功
2017-04-02T01:48:19: 读取文件成功
2017-04-02T01:48:29: 读取文件成功
2017-04-02T01:48:39: 读取文件成功
2017-04-02T01:48:49: 读取文件成功
2017-04-02T01:48:59: 读取文件成功
2017-04-02T01:49:09: 读取文件成功
2017-04-02T01:49:23: 读取文件成功
2017-04-02T01:49:29: 读取文件成功
2017-04-02T01:49:39: 读取文件成功
2017-04-02T01:49:49: 读取文件成功
2017-04-02T01:49:59: 读取文件成功
2017-04-02T01:50:09: 读取文件成功
2017-04-02T01:50:19: 读取文件成功
2017-04-02T01:50:29: 读取文件成功
2017-04-02T01:50:39: 读取文件成功
2017-04-02T01:50:49: 读取文件成功
2017-04-02T01:51:00: 读取文件成功
2017-04-02T01:51:10: 读取文件成功
2017-04-02T01:51:20: 读取文件成功
2017-04-02T01:51:30: 读取文件成功
2017-04-02T01:51:40: 读取文件成功
2017-04-02T01:51:50: 读取文件成功
2017-04-02T01:52:00: 读取文件成功
2017-04-02T01:52:10: 读取文件成功
2017-04-02T01:52:20: 读取文件成功
2017-04-02T01:52:30: 读取文件成功
2017-04-02T01:52:40: 读取文件成功
2017-04-02T01:52:50: 读取文件成功
2017-04-02T01:53:00: 读取文件成功
2017-04-02T01:53:11: 读取文件成功
2017-04-02T01:53:20: 读取文件成功
2017-04-02T01:53:30: 读取文件成功
2017-04-02T01:53:40: 读取文件成功
2017-04-02T01:53:50: 读取文件成功
2017-04-02T01:54:00: 读取文件成功
2017-04-02T01:54:10: 读取文件成功
2017-04-02T01:54:20: 读取文件成功
2017-04-02T01:54:30: 读取文件成功
2017-04-02T01:54:40: 读取文件成功
2017-04-02T01:54:50: 读取文件成功
2017-04-02T01:55:00: 读取文件成功
2017-04-02T01:55:10: 读取文件成功
2017-04-02T01:55:20: 读取文件成功
2017-04-02T01:55:30: 读取文件成功
2017-04-02T01:55:40: 读取文件成功
2017-04-02T01:55:50: 读取文件成功
2017-04-02T01:56:00: 读取文件成功
2017-04-02T01:56:10: 读取文件成功
2017-04-02T01:56:20: 读取文件成功
2017-04-02T01:56:30: 读取文件成功
2017-04-02T01:56:40: 读取文件成功
2017-04-02T01:56:50: 读取文件成功
2017-04-02T01:57:00: 读取文件成功
2017-04-02T01:57:10: 读取文件成功
2017-04-02T01:57:20: 读取文件成功
2017-04-02T01:57:30: 读取文件成功
2017-04-02T01:57:40: 读取文件成功
2017-04-02T01:57:50: 读取文件成功
2017-04-02T01:58:00: 读取文件成功
2017-04-02T01:58:10: 读取文件成功
2017-04-02T01:58:20: 读取文件成功
2017-04-02T01:58:30: 读取文件成功
2017-04-02T01:58:40: 读取文件成功
2017-04-02T01:58:50: 读取文件成功
2017-04-02T01:59:00: 读取文件成功
2017-04-02T01:59:10: 读取文件成功
2017-04-02T01:59:20: 读取文件成功
2017-04-02T01:59:30: 读取文件成功
2017-04-02T01:59:40: 读取文件成功
2017-04-02T01:59:50: 读取文件成功
2017-04-02T02:00:00: 读取文件成功
2017-04-02T02:00:10: 读取文件成功
2017-04-02T02:00:20: 读取文件成功
2017-04-02T02:00:30: 读取文件成功
2017-04-02T02:00:40: 读取文件成功
2017-04-02T02:00:50: 读取文件成功
2017-04-02T02:01:00: 读取文件成功
2017-04-02T02:01:10: 读取文件成功
2017-04-02T02:01:20: 读取文件成功
2017-04-02T02:01:30: 读取文件成功
2017-04-02T02:01:40: 读取文件成功
2017-04-02T02:01:50: 读取文件成功
2017-04-02T02:02:00: 读取文件成功
2017-04-02T02:02:10: 读取文件成功
2017-04-02T02:02:21: 读取文件成功
2017-04-02T02:02:30: 读取文件成功
2017-04-02T02:02:40: 读取文件成功
2017-04-02T02:02:51: 读取文件成功
2017-04-02T02:03:00: 读取文件成功
2017-04-02T02:03:10: 读取文件成功
2017-04-02T02:03:20: 读取文件成功
2017-04-02T02:03:30: 读取文件成功
2017-04-02T02:03:40: 读取文件成功
2017-04-02T02:03:50: 读取文件成功
2017-04-02T02:04:00: 读取文件成功
2017-04-02T02:04:11: 读取文件成功
2017-04-02T02:04:20: 读取文件成功
2017-04-02T02:04:30: 读取文件成功
2017-04-02T02:04:40: 读取文件成功
2017-04-02T02:04:50: 读取文件成功
2017-04-02T02:05:00: 读取文件成功
2017-04-02T02:05:11: 读取文件成功
2017-04-02T02:05:20: 读取文件成功
2017-04-02T02:05:30: 读取文件成功
2017-04-02T02:05:40: 读取文件成功
2017-04-02T02:05:50: 读取文件成功
2017-04-02T02:06:00: 读取文件成功
2017-04-02T02:06:10: 读取文件成功
2017-04-02T02:06:20: 读取文件成功
2017-04-02T02:06:30: 读取文件成功
2017-04-02T02:06:40: 读取文件成功
2017-04-02T02:06:50: 读取文件成功
2017-04-02T02:07:00: 读取文件成功
2017-04-02T02:07:10: 读取文件成功
2017-04-02T02:07:20: 读取文件成功
2017-04-02T02:07:30: 读取文件成功
2017-04-02T02:07:40: 读取文件成功
2017-04-02T02:07:50: 读取文件成功
2017-04-02T02:08:00: 读取文件成功
2017-04-02T02:08:10: 读取文件成功
2017-04-02T02:08:20: 读取文件成功
2017-04-02T02:08:30: 读取文件成功
2017-04-02T02:08:40: 读取文件成功
2017-04-02T02:08:50: 读取文件成功
2017-04-02T02:09:00: 读取文件成功
2017-04-02T02:09:10: 读取文件成功
2017-04-02T02:09:20: 读取文件成功
2017-04-02T02:09:30: 读取文件成功
2017-04-02T02:09:40: 读取文件成功
2017-04-02T02:09:50: 读取文件成功
2017-04-02T02:10:01: 读取文件成功
2017-04-02T02:10:11: 读取文件成功
2017-04-02T02:10:21: 读取文件成功
2017-04-02T02:10:31: 读取文件成功
2017-04-02T02:10:41: 读取文件成功
2017-04-02T02:10:51: 读取文件成功
2017-04-02T02:11:01: 读取文件成功
2017-04-02T02:11:11: 读取文件成功
2017-04-02T02:11:21: 读取文件成功
2017-04-02T02:11:31: 读取文件成功
2017-04-02T02:11:41: 读取文件成功
2017-04-02T02:11:51: 读取文件成功
2017-04-02T02:12:01: 读取文件成功
2017-04-02T02:12:11: 读取文件成功
2017-04-02T02:12:21: 读取文件成功
2017-04-02T02:12:31: 读取文件成功
2017-04-02T02:12:41: 读取文件成功
2017-04-02T02:12:51: 读取文件成功
2017-04-02T02:13:01: 读取文件成功
2017-04-02T02:13:11: 读取文件成功
2017-04-02T02:13:21: 读取文件成功
2017-04-02T02:13:31: 读取文件成功
2017-04-02T02:13:41: 读取文件成功
2017-04-02T02:13:52: 读取文件成功
2017-04-02T02:14:01: 读取文件成功
2017-04-02T02:14:11: 读取文件成功
2017-04-02T02:14:21: 读取文件成功
2017-04-02T02:14:31: 读取文件成功
2017-04-02T02:14:41: 读取文件成功
2017-04-02T02:14:51: 读取文件成功
2017-04-02T02:15:01: 读取文件成功
2017-04-02T02:15:11: 读取文件成功
2017-04-02T02:15:21: 读取文件成功
2017-04-02T02:15:31: 读取文件成功
2017-04-02T02:15:41: 读取文件成功
2017-04-02T02:15:51: 读取文件成功
2017-04-02T02:16:01: 读取文件成功
2017-04-02T02:16:11: 读取文件成功
2017-04-02T02:16:21: 读取文件成功
2017-04-02T02:16:31: 读取文件成功
2017-04-02T02:16:41: 读取文件成功
2017-04-02T02:16:51: 读取文件成功
2017-04-02T02:17:01: 读取文件成功
2017-04-02T02:17:11: 读取文件成功
2017-04-02T02:17:21: 读取文件成功
2017-04-02T02:17:31: 读取文件成功
2017-04-02T02:17:41: 读取文件成功
2017-04-02T02:17:51: 读取文件成功
2017-04-02T02:18:01: 读取文件成功
2017-04-02T02:18:11: 读取文件成功
2017-04-02T02:18:21: 读取文件成功
2017-04-02T02:18:31: 读取文件成功
2017-04-02T02:18:41: 读取文件成功
2017-04-02T02:18:51: 读取文件成功
2017-04-02T02:19:01: 读取文件成功
2017-04-02T02:19:12: 读取文件成功
2017-04-02T02:19:21: 读取文件成功
2017-04-02T02:19:31: 读取文件成功
2017-04-02T02:19:42: 读取文件成功
2017-04-02T02:19:51: 读取文件成功
2017-04-02T02:20:01: 读取文件成功
2017-04-02T02:20:11: 读取文件成功
2017-04-02T02:20:21: 读取文件成功
2017-04-02T02:20:31: 读取文件成功
2017-04-02T02:20:41: 读取文件成功
2017-04-02T02:20:51: 读取文件成功
2017-04-02T02:21:01: 读取文件成功
2017-04-02T02:21:11: 读取文件成功
2017-04-02T02:21:21: 读取文件成功
2017-04-02T02:21:31: 读取文件成功
2017-04-02T02:21:41: 读取文件成功
2017-04-02T02:21:51: 读取文件成功
2017-04-02T02:22:01: 读取文件成功
2017-04-02T02:22:11: 读取文件成功
2017-04-02T02:22:22: 读取文件成功
2017-04-02T02:22:31: 读取文件成功
2017-04-02T02:22:41: 读取文件成功
2017-04-02T02:22:51: 读取文件成功
2017-04-02T02:23:01: 读取文件成功
2017-04-02T02:23:11: 读取文件成功
2017-04-02T02:23:21: 读取文件成功
2017-04-02T02:23:31: 读取文件成功
2017-04-02T02:23:41: 读取文件成功
2017-04-02T02:23:51: 读取文件成功
2017-04-02T02:24:01: 读取文件成功
2017-04-02T02:24:11: 读取文件成功
2017-04-02T02:24:21: 读取文件成功
2017-04-02T02:24:31: 读取文件成功
2017-04-02T02:24:41: 读取文件成功
2017-04-02T02:24:51: 读取文件成功
2017-04-02T02:25:02: 读取文件成功
2017-04-02T02:25:12: 读取文件成功
2017-04-02T02:25:22: 读取文件成功
2017-04-02T02:25:32: 读取文件成功
2017-04-02T02:25:42: 读取文件成功
2017-04-02T02:25:52: 读取文件成功
2017-04-02T02:26:02: 读取文件成功
2017-04-02T02:26:12: 读取文件成功
2017-04-02T02:26:22: 读取文件成功
2017-04-02T02:26:32: 读取文件成功
2017-04-02T02:26:42: 读取文件成功
2017-04-02T02:26:52: 读取文件成功
2017-04-02T02:27:02: 读取文件成功
2017-04-02T02:27:12: 读取文件成功
2017-04-02T02:27:22: 读取文件成功
2017-04-02T02:27:32: 读取文件成功
2017-04-02T02:27:42: 读取文件成功
2017-04-02T02:27:52: 读取文件成功
2017-04-02T02:28:02: 读取文件成功
2017-04-02T02:28:12: 读取文件成功
2017-04-02T02:28:22: 读取文件成功
2017-04-02T02:28:32: 读取文件成功
2017-04-02T02:28:42: 读取文件成功
2017-04-02T02:28:52: 读取文件成功
2017-04-02T02:29:02: 读取文件成功
2017-04-02T02:29:12: 读取文件成功
2017-04-02T02:29:22: 读取文件成功
2017-04-02T02:29:32: 读取文件成功
2017-04-02T02:29:42: 读取文件成功
2017-04-02T02:29:52: 读取文件成功
2017-04-02T02:30:02: 读取文件成功
2017-04-02T02:30:12: 读取文件成功
2017-04-02T02:30:22: 读取文件成功
2017-04-02T02:30:32: 读取文件成功
2017-04-02T02:30:42: 读取文件成功
2017-04-02T02:30:52: 读取文件成功
2017-04-02T02:31:02: 读取文件成功
2017-04-02T02:31:12: 读取文件成功
2017-04-02T02:31:22: 读取文件成功
2017-04-02T02:31:32: 读取文件成功
2017-04-02T02:31:42: 读取文件成功
2017-04-02T02:31:52: 读取文件成功
2017-04-02T02:32:02: 读取文件成功
2017-04-02T02:32:12: 读取文件成功
2017-04-02T02:32:22: 读取文件成功
2017-04-02T02:32:32: 读取文件成功
2017-04-02T02:32:42: 读取文件成功
2017-04-02T02:32:52: 读取文件成功
2017-04-02T02:33:03: 读取文件成功
2017-04-02T02:33:12: 读取文件成功
2017-04-02T02:33:22: 读取文件成功
2017-04-02T02:33:32: 读取文件成功
2017-04-02T02:33:42: 读取文件成功
2017-04-02T02:33:52: 读取文件成功
2017-04-02T02:34:02: 读取文件成功
2017-04-02T02:34:12: 读取文件成功
2017-04-02T02:34:22: 读取文件成功
2017-04-02T02:34:32: 读取文件成功
2017-04-02T02:34:42: 读取文件成功
2017-04-02T02:34:52: 读取文件成功
2017-04-02T02:35:02: 读取文件成功
2017-04-02T02:35:12: 读取文件成功
2017-04-02T02:35:22: 读取文件成功
2017-04-02T02:35:32: 读取文件成功
2017-04-02T02:35:42: 读取文件成功
2017-04-02T02:35:52: 读取文件成功
2017-04-02T02:36:02: 读取文件成功
2017-04-02T02:36:12: 读取文件成功
2017-04-02T02:36:22: 读取文件成功
2017-04-02T02:36:32: 读取文件成功
2017-04-02T02:36:42: 读取文件成功
2017-04-02T02:36:52: 读取文件成功
2017-04-02T02:37:02: 读取文件成功
2017-04-02T02:37:12: 读取文件成功
2017-04-02T02:37:22: 读取文件成功
2017-04-02T02:37:33: 读取文件成功
2017-04-02T02:37:42: 读取文件成功
2017-04-02T02:37:52: 读取文件成功
2017-04-02T02:38:02: 读取文件成功
2017-04-02T02:38:12: 读取文件成功
2017-04-02T02:38:22: 读取文件成功
2017-04-02T02:38:32: 读取文件成功
2017-04-02T02:38:42: 读取文件成功
2017-04-02T02:38:52: 读取文件成功
2017-04-02T02:39:02: 读取文件成功
2017-04-02T02:39:12: 读取文件成功
2017-04-02T02:39:22: 读取文件成功
2017-04-02T02:39:32: 读取文件成功
2017-04-02T02:39:42: 读取文件成功
2017-04-02T02:39:52: 读取文件成功
2017-04-02T02:40:02: 读取文件成功
2017-04-02T02:40:12: 读取文件成功
2017-04-02T02:40:22: 读取文件成功
2017-04-02T02:40:32: 读取文件成功
2017-04-02T02:40:42: 读取文件成功
2017-04-02T02:40:52: 读取文件成功
2017-04-02T02:41:02: 读取文件成功
2017-04-02T02:41:12: 读取文件成功
2017-04-02T02:41:22: 读取文件成功
2017-04-02T02:41:32: 读取文件成功
2017-04-02T02:41:42: 读取文件成功
2017-04-02T02:41:53: 读取文件成功
2017-04-02T02:42:02: 读取文件成功
2017-04-02T02:42:12: 读取文件成功
2017-04-02T02:42:22: 读取文件成功
2017-04-02T02:42:32: 读取文件成功
2017-04-02T02:42:42: 读取文件成功
2017-04-02T02:42:52: 读取文件成功
2017-04-02T02:43:02: 读取文件成功
2017-04-02T02:43:12: 读取文件成功
2017-04-02T02:43:22: 读取文件成功
2017-04-02T02:43:32: 读取文件成功
2017-04-02T02:43:42: 读取文件成功
2017-04-02T02:43:52: 读取文件成功
2017-04-02T02:44:02: 读取文件成功
2017-04-02T02:44:12: 读取文件成功
2017-04-02T02:44:22: 读取文件成功
2017-04-02T02:44:32: 读取文件成功
2017-04-02T02:44:42: 读取文件成功
2017-04-02T02:44:52: 读取文件成功
2017-04-02T02:45:02: 读取文件成功
2017-04-02T02:45:12: 读取文件成功
2017-04-02T02:45:22: 读取文件成功
2017-04-02T02:45:32: 读取文件成功
2017-04-02T02:45:42: 读取文件成功
2017-04-02T02:45:52: 读取文件成功
2017-04-02T02:46:02: 读取文件成功
2017-04-02T02:46:12: 读取文件成功
2017-04-02T02:46:22: 读取文件成功
2017-04-02T02:46:32: 读取文件成功
2017-04-02T02:46:42: 读取文件成功
2017-04-02T02:46:52: 读取文件成功
2017-04-02T02:47:02: 读取文件成功
2017-04-02T02:47:12: 读取文件成功
2017-04-02T02:47:23: 读取文件成功
2017-04-02T02:47:32: 读取文件成功
2017-04-02T02:47:42: 读取文件成功
2017-04-02T02:47:53: 读取文件成功
2017-04-02T02:48:03: 读取文件成功
2017-04-02T02:48:13: 读取文件成功
2017-04-02T02:48:23: 读取文件成功
2017-04-02T02:48:33: 读取文件成功
2017-04-02T02:48:43: 读取文件成功
2017-04-02T02:48:53: 读取文件成功
2017-04-02T02:49:03: 读取文件成功
2017-04-02T02:49:13: 读取文件成功
2017-04-02T02:49:23: 读取文件成功
2017-04-02T02:49:33: 读取文件成功
2017-04-02T02:49:43: 读取文件成功
2017-04-02T02:49:53: 读取文件成功
2017-04-02T02:50:03: 读取文件成功
2017-04-02T02:50:13: 读取文件成功
2017-04-02T02:50:23: 读取文件成功
2017-04-02T02:50:33: 读取文件成功
2017-04-02T02:50:43: 读取文件成功
2017-04-02T02:50:53: 读取文件成功
2017-04-02T02:51:03: 读取文件成功
2017-04-02T02:51:13: 读取文件成功
2017-04-02T02:51:24: 读取文件成功
2017-04-02T02:51:33: 读取文件成功
2017-04-02T02:51:43: 读取文件成功
2017-04-02T02:51:53: 读取文件成功
2017-04-02T02:52:03: 读取文件成功
2017-04-02T02:52:13: 读取文件成功
2017-04-02T02:52:23: 读取文件成功
2017-04-02T02:52:33: 读取文件成功
2017-04-02T02:52:43: 读取文件成功
2017-04-02T02:52:53: 读取文件成功
2017-04-02T02:53:03: 读取文件成功
2017-04-02T02:53:13: 读取文件成功
2017-04-02T02:53:23: 读取文件成功
2017-04-02T02:53:34: 读取文件成功
2017-04-02T02:53:43: 读取文件成功
2017-04-02T02:53:53: 读取文件成功
2017-04-02T02:54:03: 读取文件成功
2017-04-02T02:54:13: 读取文件成功
2017-04-02T02:54:23: 读取文件成功
2017-04-02T02:54:34: 读取文件成功
2017-04-02T02:54:43: 读取文件成功
2017-04-02T02:54:53: 读取文件成功
2017-04-02T02:55:03: 读取文件成功
2017-04-02T02:55:13: 读取文件成功
2017-04-02T02:55:23: 读取文件成功
2017-04-02T02:55:33: 读取文件成功
2017-04-02T02:55:43: 读取文件成功
2017-04-02T02:55:53: 读取文件成功
2017-04-02T02:56:03: 读取文件成功
2017-04-02T02:56:13: 读取文件成功
2017-04-02T02:56:23: 读取文件成功
2017-04-02T02:56:33: 读取文件成功
2017-04-02T02:56:43: 读取文件成功
2017-04-02T02:56:53: 读取文件成功
2017-04-02T02:57:03: 读取文件成功
2017-04-02T02:57:13: 读取文件成功
2017-04-02T02:57:23: 读取文件成功
2017-04-02T02:57:33: 读取文件成功
2017-04-02T02:57:43: 读取文件成功
2017-04-02T02:57:53: 读取文件成功
2017-04-02T02:58:03: 读取文件成功
2017-04-02T02:58:13: 读取文件成功
2017-04-02T02:58:23: 读取文件成功
2017-04-02T02:58:33: 读取文件成功
2017-04-02T02:58:43: 读取文件成功
2017-04-02T02:58:53: 读取文件成功
2017-04-02T02:59:03: 读取文件成功
2017-04-02T02:59:13: 读取文件成功
2017-04-02T02:59:23: 读取文件成功
2017-04-02T02:59:33: 读取文件成功
2017-04-02T02:59:43: 读取文件成功
2017-04-02T02:59:53: 读取文件成功
2017-04-02T03:00:03: 读取文件成功
2017-04-02T03:00:13: 读取文件成功
2017-04-02T03:00:23: 读取文件成功
2017-04-02T03:00:33: 读取文件成功
2017-04-02T03:00:43: 读取文件成功
2017-04-02T03:00:53: 读取文件成功
2017-04-02T03:01:03: 读取文件成功
2017-04-02T03:01:13: 读取文件成功
2017-04-02T03:01:23: 读取文件成功
2017-04-02T03:01:33: 读取文件成功
2017-04-02T03:01:43: 读取文件成功
2017-04-02T03:01:53: 读取文件成功
2017-04-02T03:02:03: 读取文件成功
2017-04-02T03:02:13: 读取文件成功
2017-04-02T03:02:23: 读取文件成功
2017-04-02T03:02:33: 读取文件成功
2017-04-02T03:02:43: 读取文件成功
2017-04-02T03:02:53: 读取文件成功
2017-04-02T03:03:03: 读取文件成功
2017-04-02T03:03:13: 读取文件成功
2017-04-02T03:03:23: 读取文件成功
2017-04-02T03:03:33: 读取文件成功
2017-04-02T03:03:43: 读取文件成功
2017-04-02T03:03:53: 读取文件成功
2017-04-02T03:04:03: 读取文件成功
2017-04-02T03:04:13: 读取文件成功
2017-04-02T03:04:23: 读取文件成功
2017-04-02T03:04:33: 读取文件成功
2017-04-02T03:04:43: 读取文件成功
2017-04-02T03:04:53: 读取文件成功
2017-04-02T03:05:03: 读取文件成功
2017-04-02T03:05:13: 读取文件成功
2017-04-02T03:05:23: 读取文件成功
2017-04-02T03:05:33: 读取文件成功
2017-04-02T03:05:44: 读取文件成功
2017-04-02T03:05:54: 读取文件成功
2017-04-02T03:06:03: 读取文件成功
2017-04-02T03:06:14: 读取文件成功
2017-04-02T03:06:24: 读取文件成功
2017-04-02T03:06:33: 读取文件成功
2017-04-02T03:06:43: 读取文件成功
2017-04-02T03:06:53: 读取文件成功
2017-04-02T03:07:03: 读取文件成功
2017-04-02T03:07:13: 读取文件成功
2017-04-02T03:07:23: 读取文件成功
2017-04-02T03:07:33: 读取文件成功
2017-04-02T03:07:44: 读取文件成功
2017-04-02T03:07:53: 读取文件成功
2017-04-02T03:08:04: 读取文件成功
2017-04-02T03:08:14: 读取文件成功
2017-04-02T03:08:24: 读取文件成功
2017-04-02T03:08:34: 读取文件成功
2017-04-02T03:08:44: 读取文件成功
2017-04-02T03:08:54: 读取文件成功
2017-04-02T03:09:04: 读取文件成功
2017-04-02T03:09:14: 读取文件成功
2017-04-02T03:09:24: 读取文件成功
2017-04-02T03:09:34: 读取文件成功
2017-04-02T03:09:44: 读取文件成功
2017-04-02T03:09:54: 读取文件成功
2017-04-02T03:10:04: 读取文件成功
2017-04-02T03:10:14: 读取文件成功
2017-04-02T03:10:24: 读取文件成功
2017-04-02T03:10:34: 读取文件成功
2017-04-02T03:10:44: 读取文件成功
2017-04-02T03:10:55: 读取文件成功
2017-04-02T03:11:04: 读取文件成功
2017-04-02T03:11:14: 读取文件成功
2017-04-02T03:11:24: 读取文件成功
2017-04-02T03:11:34: 读取文件成功
2017-04-02T03:11:44: 读取文件成功
2017-04-02T03:11:54: 读取文件成功
2017-04-02T03:12:04: 读取文件成功
2017-04-02T03:12:14: 读取文件成功
2017-04-02T03:12:24: 读取文件成功
2017-04-02T03:12:34: 读取文件成功
2017-04-02T03:12:44: 读取文件成功
2017-04-02T03:12:54: 读取文件成功
2017-04-02T03:13:04: 读取文件成功
2017-04-02T03:13:14: 读取文件成功
2017-04-02T03:13:24: 读取文件成功
2017-04-02T03:13:34: 读取文件成功
2017-04-02T03:13:44: 读取文件成功
2017-04-02T03:13:54: 读取文件成功
2017-04-02T03:14:04: 读取文件成功
2017-04-02T03:14:14: 读取文件成功
2017-04-02T03:14:24: 读取文件成功
2017-04-02T03:14:34: 读取文件成功
2017-04-02T03:14:44: 读取文件成功
2017-04-02T03:14:54: 读取文件成功
2017-04-02T03:15:04: 读取文件成功
2017-04-02T03:15:14: 读取文件成功
2017-04-02T03:15:24: 读取文件成功
2017-04-02T03:15:34: 读取文件成功
2017-04-02T03:15:44: 读取文件成功
2017-04-02T03:15:54: 读取文件成功
2017-04-02T03:16:04: 读取文件成功
2017-04-02T03:16:14: 读取文件成功
2017-04-02T03:16:24: 读取文件成功
2017-04-02T03:16:34: 读取文件成功
2017-04-02T03:16:44: 读取文件成功
2017-04-02T03:16:54: 读取文件成功
2017-04-02T03:17:04: 读取文件成功
2017-04-02T03:17:14: 读取文件成功
2017-04-02T03:17:24: 读取文件成功
2017-04-02T03:17:34: 读取文件成功
2017-04-02T03:17:44: 读取文件成功
2017-04-02T03:17:54: 读取文件成功
2017-04-02T03:18:04: 读取文件成功
2017-04-02T03:18:14: 读取文件成功
2017-04-02T03:18:24: 读取文件成功
2017-04-02T03:18:34: 读取文件成功
2017-04-02T03:18:44: 读取文件成功
2017-04-02T03:18:54: 读取文件成功
2017-04-02T03:19:04: 读取文件成功
2017-04-02T03:19:14: 读取文件成功
2017-04-02T03:19:24: 读取文件成功
2017-04-02T03:19:34: 读取文件成功
2017-04-02T03:19:44: 读取文件成功
2017-04-02T03:19:54: 读取文件成功
2017-04-02T03:20:04: 读取文件成功
2017-04-02T03:20:14: 读取文件成功
2017-04-02T03:20:24: 读取文件成功
2017-04-02T03:20:34: 读取文件成功
2017-04-02T03:20:44: 读取文件成功
2017-04-02T03:20:54: 读取文件成功
2017-04-02T03:21:04: 读取文件成功
2017-04-02T03:21:14: 读取文件成功
2017-04-02T03:21:24: 读取文件成功
2017-04-02T03:21:34: 读取文件成功
2017-04-02T03:21:44: 读取文件成功
2017-04-02T03:21:54: 读取文件成功
2017-04-02T03:22:04: 读取文件成功
2017-04-02T03:22:14: 读取文件成功
2017-04-02T03:22:24: 读取文件成功
2017-04-02T03:22:34: 读取文件成功
2017-04-02T03:22:44: 读取文件成功
2017-04-02T03:22:54: 读取文件成功
2017-04-02T03:23:04: 读取文件成功
2017-04-02T03:23:14: 读取文件成功
2017-04-02T03:23:24: 读取文件成功
2017-04-02T03:23:34: 读取文件成功
2017-04-02T03:23:44: 读取文件成功
2017-04-02T03:23:54: 读取文件成功
2017-04-02T03:24:04: 读取文件成功
2017-04-02T03:24:14: 读取文件成功
2017-04-02T03:24:25: 读取文件成功
2017-04-02T03:24:34: 读取文件成功
2017-04-02T03:24:44: 读取文件成功
2017-04-02T03:24:54: 读取文件成功
2017-04-02T03:25:05: 读取文件成功
2017-04-02T03:25:15: 读取文件成功
2017-04-02T03:25:25: 读取文件成功
2017-04-02T03:25:35: 读取文件成功
2017-04-02T03:25:45: 读取文件成功
2017-04-02T03:25:54: 读取文件成功
2017-04-02T03:26:04: 读取文件成功
2017-04-02T03:26:14: 读取文件成功
2017-04-02T03:26:24: 读取文件成功
2017-04-02T03:26:34: 读取文件成功
2017-04-02T03:26:44: 读取文件成功
2017-04-02T03:26:54: 读取文件成功
2017-04-02T03:28:04: 读取文件成功
2017-04-02T03:28:05: 读取文件成功
2017-04-02T03:28:05: 读取文件成功
2017-04-02T03:28:07: 读取文件成功
2017-04-02T03:28:13: 读取文件成功
2017-04-02T03:28:15: 读取文件成功
2017-04-02T03:28:25: 读取文件成功
2017-04-02T03:28:25: 读取文件成功
2017-04-02T03:28:35: 读取文件成功
2017-04-02T03:28:45: 读取文件成功
2017-04-02T03:28:55: 读取文件成功
2017-04-02T03:29:05: 读取文件成功
2017-04-02T03:29:15: 读取文件成功
2017-04-02T03:29:25: 读取文件成功
2017-04-02T03:29:35: 读取文件成功
2017-04-02T03:29:45: 读取文件成功
2017-04-02T03:29:55: 读取文件成功
2017-04-02T03:30:05: 读取文件成功
2017-04-02T03:30:15: 读取文件成功
2017-04-02T03:30:25: 读取文件成功
2017-04-02T03:30:35: 读取文件成功
2017-04-02T03:30:45: 读取文件成功
2017-04-02T03:30:55: 读取文件成功
2017-04-02T03:31:05: 读取文件成功
2017-04-02T03:31:15: 读取文件成功
2017-04-02T03:31:25: 读取文件成功
2017-04-02T03:31:35: 读取文件成功
2017-04-02T03:31:45: 读取文件成功
2017-04-02T03:31:55: 读取文件成功
2017-04-02T03:32:05: 读取文件成功
2017-04-02T03:32:15: 读取文件成功
2017-04-02T03:32:25: 读取文件成功
2017-04-02T03:32:35: 读取文件成功
2017-04-02T03:32:45: 读取文件成功
2017-04-02T03:32:55: 读取文件成功
2017-04-02T03:33:05: 读取文件成功
2017-04-02T03:33:15: 读取文件成功
2017-04-02T03:33:25: 读取文件成功
2017-04-02T03:33:35: 读取文件成功
2017-04-02T03:33:45: 读取文件成功
2017-04-02T03:33:55: 读取文件成功
2017-04-02T03:34:05: 读取文件成功
2017-04-02T03:34:15: 读取文件成功
2017-04-02T03:34:25: 读取文件成功
2017-04-02T03:34:35: 读取文件成功
2017-04-02T03:34:45: 读取文件成功
2017-04-02T03:34:55: 读取文件成功
2017-04-02T03:35:05: 读取文件成功
2017-04-02T03:35:15: 读取文件成功
2017-04-02T03:35:25: 读取文件成功
2017-04-02T03:35:35: 读取文件成功
2017-04-02T03:35:45: 读取文件成功
2017-04-02T03:35:55: 读取文件成功
2017-04-02T03:36:05: 读取文件成功
2017-04-02T03:36:15: 读取文件成功
2017-04-02T03:36:25: 读取文件成功
2017-04-02T03:36:35: 读取文件成功
2017-04-02T03:36:45: 读取文件成功
2017-04-02T03:36:55: 读取文件成功
2017-04-02T03:37:05: 读取文件成功
2017-04-02T03:37:15: 读取文件成功
2017-04-02T03:37:25: 读取文件成功
2017-04-02T03:37:35: 读取文件成功
2017-04-02T03:37:45: 读取文件成功
2017-04-02T03:37:55: 读取文件成功
2017-04-02T03:38:05: 读取文件成功
2017-04-02T03:38:15: 读取文件成功
2017-04-02T03:38:25: 读取文件成功
2017-04-02T03:38:35: 读取文件成功
2017-04-02T03:38:45: 读取文件成功
2017-04-02T03:38:55: 读取文件成功
2017-04-02T03:39:05: 读取文件成功
2017-04-02T03:39:15: 读取文件成功
2017-04-02T03:39:25: 读取文件成功
2017-04-02T03:39:35: 读取文件成功
2017-04-02T03:39:45: 读取文件成功
2017-04-02T03:39:55: 读取文件成功
2017-04-02T03:40:05: 读取文件成功
2017-04-02T03:40:15: 读取文件成功
2017-04-02T03:40:25: 读取文件成功
2017-04-02T03:40:35: 读取文件成功
2017-04-02T03:40:45: 读取文件成功
2017-04-02T03:40:55: 读取文件成功
2017-04-02T03:41:05: 读取文件成功
2017-04-02T03:41:15: 读取文件成功
2017-04-02T03:41:25: 读取文件成功
2017-04-02T03:41:35: 读取文件成功
2017-04-02T03:41:45: 读取文件成功
2017-04-02T03:41:55: 读取文件成功
2017-04-02T03:42:05: 读取文件成功
2017-04-02T03:42:15: 读取文件成功
2017-04-02T03:42:25: 读取文件成功
2017-04-02T03:42:35: 读取文件成功
2017-04-02T03:42:45: 读取文件成功
2017-04-02T03:42:55: 读取文件成功
2017-04-02T03:43:05: 读取文件成功
2017-04-02T03:43:15: 读取文件成功
2017-04-02T03:43:25: 读取文件成功
2017-04-02T03:43:35: 读取文件成功
2017-04-02T03:43:45: 读取文件成功
2017-04-02T03:43:55: 读取文件成功
2017-04-02T03:44:05: 读取文件成功
2017-04-02T03:44:15: 读取文件成功
2017-04-02T03:44:25: 读取文件成功
2017-04-02T03:44:35: 读取文件成功
2017-04-02T03:44:45: 读取文件成功
2017-04-02T03:44:55: 读取文件成功
2017-04-02T03:45:05: 读取文件成功
2017-04-02T03:45:15: 读取文件成功
2017-04-02T03:45:25: 读取文件成功
2017-04-02T03:45:35: 读取文件成功
2017-04-02T03:45:45: 读取文件成功
2017-04-02T03:45:55: 读取文件成功
2017-04-02T03:46:05: 读取文件成功
2017-04-02T03:46:15: 读取文件成功
2017-04-02T03:46:25: 读取文件成功
2017-04-02T03:46:35: 读取文件成功
2017-04-02T03:46:45: 读取文件成功
2017-04-02T03:46:55: 读取文件成功
2017-04-02T03:47:05: 读取文件成功
2017-04-02T03:47:15: 读取文件成功
2017-04-02T03:47:25: 读取文件成功
2017-04-02T03:47:35: 读取文件成功
2017-04-02T03:47:45: 读取文件成功
2017-04-02T03:47:55: 读取文件成功
2017-04-02T03:48:05: 读取文件成功
2017-04-02T03:48:15: 读取文件成功
2017-04-02T03:48:25: 读取文件成功
2017-04-02T03:48:35: 读取文件成功
2017-04-02T03:48:45: 读取文件成功
2017-04-02T03:48:55: 读取文件成功
2017-04-02T03:49:05: 读取文件成功
2017-04-02T03:49:15: 读取文件成功
2017-04-02T03:49:25: 读取文件成功
2017-04-02T03:49:35: 读取文件成功
2017-04-02T03:49:46: 读取文件成功
2017-04-02T03:49:55: 读取文件成功
2017-04-02T03:50:06: 读取文件成功
2017-04-02T03:50:15: 读取文件成功
2017-04-02T03:50:26: 读取文件成功
2017-04-02T03:50:36: 读取文件成功
2017-04-02T03:50:46: 读取文件成功
2017-04-02T03:50:56: 读取文件成功
2017-04-02T03:51:06: 读取文件成功
2017-04-02T03:51:16: 读取文件成功
2017-04-02T03:51:26: 读取文件成功
2017-04-02T03:51:36: 读取文件成功
2017-04-02T03:51:46: 读取文件成功
2017-04-02T03:51:56: 读取文件成功
2017-04-02T03:52:06: 读取文件成功
2017-04-02T03:52:16: 读取文件成功
2017-04-02T03:52:26: 读取文件成功
2017-04-02T03:52:36: 读取文件成功
2017-04-02T03:52:46: 读取文件成功
2017-04-02T03:52:56: 读取文件成功
2017-04-02T03:53:06: 读取文件成功
2017-04-02T03:53:16: 读取文件成功
2017-04-02T03:53:26: 读取文件成功
2017-04-02T03:53:36: 读取文件成功
2017-04-02T03:53:46: 读取文件成功
2017-04-02T03:53:56: 读取文件成功
2017-04-02T03:54:06: 读取文件成功
2017-04-02T03:54:16: 读取文件成功
2017-04-02T03:54:26: 读取文件成功
2017-04-02T03:54:36: 读取文件成功
2017-04-02T03:54:46: 读取文件成功
2017-04-02T03:54:56: 读取文件成功
2017-04-02T03:55:06: 读取文件成功
2017-04-02T03:55:16: 读取文件成功
2017-04-02T03:55:26: 读取文件成功
2017-04-02T03:55:36: 读取文件成功
2017-04-02T03:55:46: 读取文件成功
2017-04-02T03:55:56: 读取文件成功
2017-04-02T03:56:06: 读取文件成功
2017-04-02T03:56:16: 读取文件成功
2017-04-02T03:56:26: 读取文件成功
2017-04-02T03:56:36: 读取文件成功
2017-04-02T03:56:46: 读取文件成功
2017-04-02T03:56:56: 读取文件成功
2017-04-02T03:57:06: 读取文件成功
2017-04-02T03:57:16: 读取文件成功
2017-04-02T03:57:26: 读取文件成功
2017-04-02T03:57:36: 读取文件成功
2017-04-02T03:57:46: 读取文件成功
2017-04-02T03:57:56: 读取文件成功
2017-04-02T03:58:06: 读取文件成功
2017-04-02T03:58:16: 读取文件成功
2017-04-02T03:58:26: 读取文件成功
2017-04-02T03:58:36: 读取文件成功
2017-04-02T03:58:46: 读取文件成功
2017-04-02T03:58:56: 读取文件成功
2017-04-02T03:59:06: 读取文件成功
