2017-01-31T00:00:00: 非记录时间：2017-01-31T00:00:00+08:00
2017-01-31T00:00:10: 非记录时间：2017-01-31T00:00:10+08:00
2017-01-31T00:00:20: 非记录时间：2017-01-31T00:00:20+08:00
2017-01-31T00:00:30: 非记录时间：2017-01-31T00:00:30+08:00
2017-01-31T00:00:40: 非记录时间：2017-01-31T00:00:40+08:00
2017-01-31T00:00:50: 非记录时间：2017-01-31T00:00:50+08:00
2017-01-31T00:01:00: 非记录时间：2017-01-31T00:01:00+08:00
2017-01-31T00:01:10: 非记录时间：2017-01-31T00:01:10+08:00
2017-01-31T00:01:20: 非记录时间：2017-01-31T00:01:20+08:00
2017-01-31T00:01:30: 非记录时间：2017-01-31T00:01:30+08:00
2017-01-31T00:01:40: 非记录时间：2017-01-31T00:01:40+08:00
2017-01-31T00:01:50: 非记录时间：2017-01-31T00:01:50+08:00
2017-01-31T00:02:00: 非记录时间：2017-01-31T00:02:00+08:00
2017-01-31T00:02:10: 非记录时间：2017-01-31T00:02:10+08:00
2017-01-31T00:02:20: 非记录时间：2017-01-31T00:02:20+08:00
2017-01-31T00:02:30: 非记录时间：2017-01-31T00:02:30+08:00
2017-01-31T00:02:40: 非记录时间：2017-01-31T00:02:40+08:00
2017-01-31T00:02:50: 非记录时间：2017-01-31T00:02:50+08:00
2017-01-31T00:03:00: 非记录时间：2017-01-31T00:03:00+08:00
2017-01-31T00:03:10: 非记录时间：2017-01-31T00:03:10+08:00
2017-01-31T00:03:20: 非记录时间：2017-01-31T00:03:20+08:00
2017-01-31T00:03:30: 非记录时间：2017-01-31T00:03:30+08:00
2017-01-31T00:03:40: 非记录时间：2017-01-31T00:03:40+08:00
2017-01-31T00:03:50: 非记录时间：2017-01-31T00:03:50+08:00
2017-01-31T00:04:00: 非记录时间：2017-01-31T00:04:00+08:00
2017-01-31T00:04:10: 非记录时间：2017-01-31T00:04:10+08:00
2017-01-31T00:04:20: 非记录时间：2017-01-31T00:04:20+08:00
2017-01-31T00:04:30: 非记录时间：2017-01-31T00:04:30+08:00
2017-01-31T00:04:40: 非记录时间：2017-01-31T00:04:40+08:00
2017-01-31T00:04:50: 非记录时间：2017-01-31T00:04:50+08:00
2017-01-31T00:05:00: 非记录时间：2017-01-31T00:05:00+08:00
2017-01-31T00:05:10: 非记录时间：2017-01-31T00:05:10+08:00
2017-01-31T00:05:20: 非记录时间：2017-01-31T00:05:20+08:00
2017-01-31T00:05:30: 非记录时间：2017-01-31T00:05:30+08:00
2017-01-31T00:05:40: 非记录时间：2017-01-31T00:05:40+08:00
2017-01-31T00:05:50: 非记录时间：2017-01-31T00:05:50+08:00
2017-01-31T00:06:00: 非记录时间：2017-01-31T00:06:00+08:00
2017-01-31T00:06:10: 非记录时间：2017-01-31T00:06:10+08:00
2017-01-31T00:06:20: 非记录时间：2017-01-31T00:06:20+08:00
2017-01-31T00:06:30: 非记录时间：2017-01-31T00:06:30+08:00
2017-01-31T00:06:40: 非记录时间：2017-01-31T00:06:40+08:00
2017-01-31T00:06:50: 非记录时间：2017-01-31T00:06:50+08:00
2017-01-31T00:07:00: 非记录时间：2017-01-31T00:07:00+08:00
2017-01-31T00:07:10: 非记录时间：2017-01-31T00:07:10+08:00
2017-01-31T00:07:20: 非记录时间：2017-01-31T00:07:20+08:00
2017-01-31T00:07:30: 非记录时间：2017-01-31T00:07:30+08:00
2017-01-31T00:07:40: 非记录时间：2017-01-31T00:07:40+08:00
2017-01-31T00:07:50: 非记录时间：2017-01-31T00:07:50+08:00
2017-01-31T00:08:00: 非记录时间：2017-01-31T00:08:00+08:00
2017-01-31T00:08:10: 非记录时间：2017-01-31T00:08:10+08:00
2017-01-31T00:08:20: 非记录时间：2017-01-31T00:08:20+08:00
2017-01-31T00:08:30: 非记录时间：2017-01-31T00:08:30+08:00
2017-01-31T00:08:40: 非记录时间：2017-01-31T00:08:40+08:00
2017-01-31T00:08:50: 非记录时间：2017-01-31T00:08:50+08:00
2017-01-31T00:09:00: 非记录时间：2017-01-31T00:09:00+08:00
2017-01-31T00:09:10: 非记录时间：2017-01-31T00:09:10+08:00
2017-01-31T00:09:20: 非记录时间：2017-01-31T00:09:20+08:00
2017-01-31T00:09:30: 非记录时间：2017-01-31T00:09:30+08:00
2017-01-31T00:09:40: 非记录时间：2017-01-31T00:09:40+08:00
2017-01-31T00:09:50: 非记录时间：2017-01-31T00:09:50+08:00
2017-01-31T00:10:00: 非记录时间：2017-01-31T00:10:00+08:00
2017-01-31T00:10:10: 非记录时间：2017-01-31T00:10:10+08:00
2017-01-31T00:10:20: 非记录时间：2017-01-31T00:10:20+08:00
2017-01-31T00:10:30: 非记录时间：2017-01-31T00:10:30+08:00
2017-01-31T00:10:40: 非记录时间：2017-01-31T00:10:40+08:00
2017-01-31T00:10:50: 非记录时间：2017-01-31T00:10:50+08:00
2017-01-31T00:11:00: 非记录时间：2017-01-31T00:11:00+08:00
2017-01-31T00:11:10: 非记录时间：2017-01-31T00:11:10+08:00
2017-01-31T00:11:20: 非记录时间：2017-01-31T00:11:20+08:00
2017-01-31T00:11:30: 非记录时间：2017-01-31T00:11:30+08:00
2017-01-31T00:11:40: 非记录时间：2017-01-31T00:11:40+08:00
2017-01-31T00:11:51: 非记录时间：2017-01-31T00:11:50+08:00
2017-01-31T00:12:01: 非记录时间：2017-01-31T00:12:01+08:00
2017-01-31T00:12:11: 非记录时间：2017-01-31T00:12:11+08:00
2017-01-31T00:12:21: 非记录时间：2017-01-31T00:12:21+08:00
2017-01-31T00:12:31: 非记录时间：2017-01-31T00:12:31+08:00
2017-01-31T00:12:41: 非记录时间：2017-01-31T00:12:41+08:00
2017-01-31T00:12:51: 非记录时间：2017-01-31T00:12:51+08:00
2017-01-31T00:13:01: 非记录时间：2017-01-31T00:13:01+08:00
2017-01-31T00:13:11: 非记录时间：2017-01-31T00:13:11+08:00
2017-01-31T00:13:21: 非记录时间：2017-01-31T00:13:21+08:00
2017-01-31T00:13:31: 非记录时间：2017-01-31T00:13:31+08:00
2017-01-31T00:13:41: 非记录时间：2017-01-31T00:13:41+08:00
2017-01-31T00:13:51: 非记录时间：2017-01-31T00:13:51+08:00
2017-01-31T00:14:01: 非记录时间：2017-01-31T00:14:01+08:00
2017-01-31T00:14:11: 非记录时间：2017-01-31T00:14:11+08:00
2017-01-31T00:14:21: 非记录时间：2017-01-31T00:14:21+08:00
2017-01-31T00:14:31: 非记录时间：2017-01-31T00:14:31+08:00
2017-01-31T00:14:41: 非记录时间：2017-01-31T00:14:41+08:00
2017-01-31T00:14:51: 非记录时间：2017-01-31T00:14:51+08:00
2017-01-31T00:15:01: 非记录时间：2017-01-31T00:15:01+08:00
2017-01-31T00:15:11: 非记录时间：2017-01-31T00:15:11+08:00
2017-01-31T00:15:21: 非记录时间：2017-01-31T00:15:21+08:00
2017-01-31T00:15:31: 非记录时间：2017-01-31T00:15:31+08:00
2017-01-31T00:15:41: 非记录时间：2017-01-31T00:15:41+08:00
2017-01-31T00:15:51: 非记录时间：2017-01-31T00:15:51+08:00
2017-01-31T00:16:01: 非记录时间：2017-01-31T00:16:01+08:00
2017-01-31T00:16:11: 非记录时间：2017-01-31T00:16:11+08:00
2017-01-31T00:16:21: 非记录时间：2017-01-31T00:16:21+08:00
2017-01-31T00:16:31: 非记录时间：2017-01-31T00:16:31+08:00
2017-01-31T00:16:41: 非记录时间：2017-01-31T00:16:41+08:00
2017-01-31T00:16:51: 非记录时间：2017-01-31T00:16:51+08:00
2017-01-31T00:17:01: 非记录时间：2017-01-31T00:17:01+08:00
2017-01-31T00:17:11: 非记录时间：2017-01-31T00:17:11+08:00
2017-01-31T00:17:21: 非记录时间：2017-01-31T00:17:21+08:00
2017-01-31T00:17:31: 非记录时间：2017-01-31T00:17:31+08:00
2017-01-31T00:17:41: 非记录时间：2017-01-31T00:17:41+08:00
2017-01-31T00:17:51: 非记录时间：2017-01-31T00:17:51+08:00
2017-01-31T00:18:01: 非记录时间：2017-01-31T00:18:01+08:00
2017-01-31T00:18:11: 非记录时间：2017-01-31T00:18:11+08:00
2017-01-31T00:18:21: 非记录时间：2017-01-31T00:18:21+08:00
2017-01-31T00:18:31: 非记录时间：2017-01-31T00:18:31+08:00
2017-01-31T00:18:41: 非记录时间：2017-01-31T00:18:41+08:00
2017-01-31T00:18:51: 非记录时间：2017-01-31T00:18:51+08:00
2017-01-31T00:19:01: 非记录时间：2017-01-31T00:19:01+08:00
2017-01-31T00:19:11: 非记录时间：2017-01-31T00:19:11+08:00
2017-01-31T00:19:21: 非记录时间：2017-01-31T00:19:21+08:00
2017-01-31T00:19:31: 非记录时间：2017-01-31T00:19:31+08:00
2017-01-31T00:19:41: 非记录时间：2017-01-31T00:19:41+08:00
2017-01-31T00:19:51: 非记录时间：2017-01-31T00:19:51+08:00
2017-01-31T00:20:01: 非记录时间：2017-01-31T00:20:01+08:00
2017-01-31T00:20:11: 非记录时间：2017-01-31T00:20:11+08:00
2017-01-31T00:20:21: 非记录时间：2017-01-31T00:20:21+08:00
2017-01-31T00:20:31: 非记录时间：2017-01-31T00:20:31+08:00
2017-01-31T00:20:41: 非记录时间：2017-01-31T00:20:41+08:00
2017-01-31T00:20:51: 非记录时间：2017-01-31T00:20:51+08:00
2017-01-31T00:21:01: 非记录时间：2017-01-31T00:21:01+08:00
2017-01-31T00:21:11: 非记录时间：2017-01-31T00:21:11+08:00
2017-01-31T00:21:21: 非记录时间：2017-01-31T00:21:21+08:00
2017-01-31T00:21:31: 非记录时间：2017-01-31T00:21:31+08:00
2017-01-31T00:21:41: 非记录时间：2017-01-31T00:21:41+08:00
2017-01-31T00:21:51: 非记录时间：2017-01-31T00:21:51+08:00
2017-01-31T00:22:01: 非记录时间：2017-01-31T00:22:01+08:00
2017-01-31T00:22:11: 非记录时间：2017-01-31T00:22:11+08:00
2017-01-31T00:22:21: 非记录时间：2017-01-31T00:22:21+08:00
2017-01-31T00:22:31: 非记录时间：2017-01-31T00:22:31+08:00
2017-01-31T00:22:41: 非记录时间：2017-01-31T00:22:41+08:00
2017-01-31T00:22:51: 非记录时间：2017-01-31T00:22:51+08:00
2017-01-31T00:23:01: 非记录时间：2017-01-31T00:23:01+08:00
2017-01-31T00:23:11: 非记录时间：2017-01-31T00:23:11+08:00
2017-01-31T00:23:21: 非记录时间：2017-01-31T00:23:21+08:00
2017-01-31T00:23:31: 非记录时间：2017-01-31T00:23:31+08:00
2017-01-31T00:23:41: 非记录时间：2017-01-31T00:23:41+08:00
2017-01-31T00:23:51: 非记录时间：2017-01-31T00:23:51+08:00
2017-01-31T00:24:01: 非记录时间：2017-01-31T00:24:01+08:00
2017-01-31T00:24:11: 非记录时间：2017-01-31T00:24:11+08:00
2017-01-31T00:24:21: 非记录时间：2017-01-31T00:24:21+08:00
2017-01-31T00:24:31: 非记录时间：2017-01-31T00:24:31+08:00
2017-01-31T00:24:41: 非记录时间：2017-01-31T00:24:41+08:00
2017-01-31T00:24:51: 非记录时间：2017-01-31T00:24:51+08:00
2017-01-31T00:25:01: 非记录时间：2017-01-31T00:25:01+08:00
2017-01-31T00:25:11: 非记录时间：2017-01-31T00:25:11+08:00
2017-01-31T00:25:21: 非记录时间：2017-01-31T00:25:21+08:00
2017-01-31T00:25:31: 非记录时间：2017-01-31T00:25:31+08:00
2017-01-31T00:25:41: 非记录时间：2017-01-31T00:25:41+08:00
2017-01-31T00:25:51: 非记录时间：2017-01-31T00:25:51+08:00
2017-01-31T00:26:01: 非记录时间：2017-01-31T00:26:01+08:00
2017-01-31T00:26:11: 非记录时间：2017-01-31T00:26:11+08:00
2017-01-31T00:26:21: 非记录时间：2017-01-31T00:26:21+08:00
2017-01-31T00:26:31: 非记录时间：2017-01-31T00:26:31+08:00
2017-01-31T00:26:41: 非记录时间：2017-01-31T00:26:41+08:00
2017-01-31T00:26:51: 非记录时间：2017-01-31T00:26:51+08:00
2017-01-31T00:27:01: 非记录时间：2017-01-31T00:27:01+08:00
2017-01-31T00:27:11: 非记录时间：2017-01-31T00:27:11+08:00
2017-01-31T00:27:21: 非记录时间：2017-01-31T00:27:21+08:00
2017-01-31T00:27:31: 非记录时间：2017-01-31T00:27:31+08:00
2017-01-31T00:27:41: 非记录时间：2017-01-31T00:27:41+08:00
2017-01-31T00:27:51: 非记录时间：2017-01-31T00:27:51+08:00
2017-01-31T00:28:01: 非记录时间：2017-01-31T00:28:01+08:00
2017-01-31T00:28:11: 非记录时间：2017-01-31T00:28:11+08:00
2017-01-31T00:28:21: 非记录时间：2017-01-31T00:28:21+08:00
2017-01-31T00:28:31: 非记录时间：2017-01-31T00:28:31+08:00
2017-01-31T00:28:41: 非记录时间：2017-01-31T00:28:41+08:00
2017-01-31T00:28:51: 非记录时间：2017-01-31T00:28:51+08:00
2017-01-31T00:29:01: 非记录时间：2017-01-31T00:29:01+08:00
2017-01-31T00:29:11: 非记录时间：2017-01-31T00:29:11+08:00
2017-01-31T00:29:21: 非记录时间：2017-01-31T00:29:21+08:00
2017-01-31T00:29:31: 非记录时间：2017-01-31T00:29:31+08:00
2017-01-31T00:29:41: 非记录时间：2017-01-31T00:29:41+08:00
2017-01-31T00:29:51: 非记录时间：2017-01-31T00:29:51+08:00
2017-01-31T00:30:01: 非记录时间：2017-01-31T00:30:01+08:00
2017-01-31T00:30:11: 非记录时间：2017-01-31T00:30:11+08:00
2017-01-31T00:30:21: 非记录时间：2017-01-31T00:30:21+08:00
2017-01-31T00:30:31: 非记录时间：2017-01-31T00:30:31+08:00
2017-01-31T00:30:41: 非记录时间：2017-01-31T00:30:41+08:00
2017-01-31T00:30:51: 非记录时间：2017-01-31T00:30:51+08:00
2017-01-31T00:31:01: 非记录时间：2017-01-31T00:31:01+08:00
2017-01-31T00:31:11: 非记录时间：2017-01-31T00:31:11+08:00
2017-01-31T00:31:21: 非记录时间：2017-01-31T00:31:21+08:00
2017-01-31T00:31:31: 非记录时间：2017-01-31T00:31:31+08:00
2017-01-31T00:31:41: 非记录时间：2017-01-31T00:31:41+08:00
2017-01-31T00:31:51: 非记录时间：2017-01-31T00:31:51+08:00
2017-01-31T00:32:01: 非记录时间：2017-01-31T00:32:01+08:00
2017-01-31T00:32:11: 非记录时间：2017-01-31T00:32:11+08:00
2017-01-31T00:32:21: 非记录时间：2017-01-31T00:32:21+08:00
2017-01-31T00:32:31: 非记录时间：2017-01-31T00:32:31+08:00
2017-01-31T00:32:41: 非记录时间：2017-01-31T00:32:41+08:00
2017-01-31T00:32:51: 非记录时间：2017-01-31T00:32:51+08:00
2017-01-31T00:33:01: 非记录时间：2017-01-31T00:33:01+08:00
2017-01-31T00:33:11: 非记录时间：2017-01-31T00:33:11+08:00
2017-01-31T00:33:21: 非记录时间：2017-01-31T00:33:21+08:00
2017-01-31T00:33:31: 非记录时间：2017-01-31T00:33:31+08:00
2017-01-31T00:33:41: 非记录时间：2017-01-31T00:33:41+08:00
2017-01-31T00:33:51: 非记录时间：2017-01-31T00:33:51+08:00
2017-01-31T00:34:01: 非记录时间：2017-01-31T00:34:01+08:00
2017-01-31T00:34:11: 非记录时间：2017-01-31T00:34:11+08:00
2017-01-31T00:34:21: 非记录时间：2017-01-31T00:34:21+08:00
2017-01-31T00:34:31: 非记录时间：2017-01-31T00:34:31+08:00
2017-01-31T00:34:41: 非记录时间：2017-01-31T00:34:41+08:00
2017-01-31T00:34:51: 非记录时间：2017-01-31T00:34:51+08:00
2017-01-31T00:35:01: 非记录时间：2017-01-31T00:35:01+08:00
2017-01-31T00:35:11: 非记录时间：2017-01-31T00:35:11+08:00
2017-01-31T00:35:21: 非记录时间：2017-01-31T00:35:21+08:00
2017-01-31T00:35:31: 非记录时间：2017-01-31T00:35:31+08:00
2017-01-31T00:35:41: 非记录时间：2017-01-31T00:35:41+08:00
2017-01-31T00:35:51: 非记录时间：2017-01-31T00:35:51+08:00
2017-01-31T00:36:01: 非记录时间：2017-01-31T00:36:01+08:00
2017-01-31T00:36:11: 非记录时间：2017-01-31T00:36:11+08:00
2017-01-31T00:36:21: 非记录时间：2017-01-31T00:36:21+08:00
2017-01-31T00:36:31: 非记录时间：2017-01-31T00:36:31+08:00
2017-01-31T00:36:41: 非记录时间：2017-01-31T00:36:41+08:00
2017-01-31T00:36:51: 非记录时间：2017-01-31T00:36:51+08:00
2017-01-31T00:37:01: 非记录时间：2017-01-31T00:37:01+08:00
2017-01-31T00:37:11: 非记录时间：2017-01-31T00:37:11+08:00
2017-01-31T00:37:21: 非记录时间：2017-01-31T00:37:21+08:00
2017-01-31T00:37:31: 非记录时间：2017-01-31T00:37:31+08:00
2017-01-31T00:37:41: 非记录时间：2017-01-31T00:37:41+08:00
2017-01-31T00:37:51: 非记录时间：2017-01-31T00:37:51+08:00
2017-01-31T00:38:01: 非记录时间：2017-01-31T00:38:01+08:00
2017-01-31T00:38:11: 非记录时间：2017-01-31T00:38:11+08:00
2017-01-31T00:38:21: 非记录时间：2017-01-31T00:38:21+08:00
2017-01-31T00:38:31: 非记录时间：2017-01-31T00:38:31+08:00
2017-01-31T00:38:41: 非记录时间：2017-01-31T00:38:41+08:00
2017-01-31T00:38:51: 非记录时间：2017-01-31T00:38:51+08:00
2017-01-31T00:39:01: 非记录时间：2017-01-31T00:39:01+08:00
2017-01-31T00:39:11: 非记录时间：2017-01-31T00:39:11+08:00
2017-01-31T00:39:21: 非记录时间：2017-01-31T00:39:21+08:00
2017-01-31T00:39:31: 非记录时间：2017-01-31T00:39:31+08:00
2017-01-31T00:39:41: 非记录时间：2017-01-31T00:39:41+08:00
2017-01-31T00:39:51: 非记录时间：2017-01-31T00:39:51+08:00
2017-01-31T00:40:01: 非记录时间：2017-01-31T00:40:01+08:00
2017-01-31T00:40:11: 非记录时间：2017-01-31T00:40:11+08:00
2017-01-31T00:40:21: 非记录时间：2017-01-31T00:40:21+08:00
2017-01-31T00:40:31: 非记录时间：2017-01-31T00:40:31+08:00
2017-01-31T00:40:41: 非记录时间：2017-01-31T00:40:41+08:00
2017-01-31T00:40:51: 非记录时间：2017-01-31T00:40:51+08:00
2017-01-31T00:41:01: 非记录时间：2017-01-31T00:41:01+08:00
2017-01-31T00:41:11: 非记录时间：2017-01-31T00:41:11+08:00
2017-01-31T00:41:21: 非记录时间：2017-01-31T00:41:21+08:00
2017-01-31T00:41:31: 非记录时间：2017-01-31T00:41:31+08:00
2017-01-31T00:41:41: 非记录时间：2017-01-31T00:41:41+08:00
2017-01-31T00:41:51: 非记录时间：2017-01-31T00:41:51+08:00
2017-01-31T00:42:01: 非记录时间：2017-01-31T00:42:01+08:00
2017-01-31T00:42:11: 非记录时间：2017-01-31T00:42:11+08:00
2017-01-31T00:42:21: 非记录时间：2017-01-31T00:42:21+08:00
2017-01-31T00:42:31: 非记录时间：2017-01-31T00:42:31+08:00
2017-01-31T00:42:41: 非记录时间：2017-01-31T00:42:41+08:00
2017-01-31T00:42:51: 非记录时间：2017-01-31T00:42:51+08:00
2017-01-31T00:43:01: 非记录时间：2017-01-31T00:43:01+08:00
2017-01-31T00:43:11: 非记录时间：2017-01-31T00:43:11+08:00
2017-01-31T00:43:21: 非记录时间：2017-01-31T00:43:21+08:00
2017-01-31T00:43:31: 非记录时间：2017-01-31T00:43:31+08:00
2017-01-31T00:43:41: 非记录时间：2017-01-31T00:43:41+08:00
2017-01-31T00:43:51: 非记录时间：2017-01-31T00:43:51+08:00
2017-01-31T00:44:01: 非记录时间：2017-01-31T00:44:01+08:00
2017-01-31T00:44:11: 非记录时间：2017-01-31T00:44:11+08:00
2017-01-31T00:44:21: 非记录时间：2017-01-31T00:44:21+08:00
2017-01-31T00:44:31: 非记录时间：2017-01-31T00:44:31+08:00
2017-01-31T00:44:41: 非记录时间：2017-01-31T00:44:41+08:00
2017-01-31T00:44:51: 非记录时间：2017-01-31T00:44:51+08:00
2017-01-31T00:45:01: 非记录时间：2017-01-31T00:45:01+08:00
2017-01-31T00:45:11: 非记录时间：2017-01-31T00:45:11+08:00
2017-01-31T00:45:21: 非记录时间：2017-01-31T00:45:21+08:00
2017-01-31T00:45:31: 非记录时间：2017-01-31T00:45:31+08:00
2017-01-31T00:45:41: 非记录时间：2017-01-31T00:45:41+08:00
2017-01-31T00:45:51: 非记录时间：2017-01-31T00:45:51+08:00
2017-01-31T00:46:01: 非记录时间：2017-01-31T00:46:01+08:00
2017-01-31T00:46:11: 非记录时间：2017-01-31T00:46:11+08:00
2017-01-31T00:46:21: 非记录时间：2017-01-31T00:46:21+08:00
2017-01-31T00:46:31: 非记录时间：2017-01-31T00:46:31+08:00
2017-01-31T00:46:41: 非记录时间：2017-01-31T00:46:41+08:00
2017-01-31T00:46:51: 非记录时间：2017-01-31T00:46:51+08:00
2017-01-31T00:47:01: 非记录时间：2017-01-31T00:47:01+08:00
2017-01-31T00:47:11: 非记录时间：2017-01-31T00:47:11+08:00
2017-01-31T00:47:21: 非记录时间：2017-01-31T00:47:21+08:00
2017-01-31T00:47:31: 非记录时间：2017-01-31T00:47:31+08:00
2017-01-31T00:47:41: 非记录时间：2017-01-31T00:47:41+08:00
2017-01-31T00:47:51: 非记录时间：2017-01-31T00:47:51+08:00
2017-01-31T00:48:01: 非记录时间：2017-01-31T00:48:01+08:00
2017-01-31T00:48:11: 非记录时间：2017-01-31T00:48:11+08:00
2017-01-31T00:48:21: 非记录时间：2017-01-31T00:48:21+08:00
2017-01-31T00:48:31: 非记录时间：2017-01-31T00:48:31+08:00
2017-01-31T00:48:41: 非记录时间：2017-01-31T00:48:41+08:00
2017-01-31T00:48:51: 非记录时间：2017-01-31T00:48:51+08:00
2017-01-31T00:49:01: 非记录时间：2017-01-31T00:49:01+08:00
2017-01-31T00:49:11: 非记录时间：2017-01-31T00:49:11+08:00
2017-01-31T00:49:21: 非记录时间：2017-01-31T00:49:21+08:00
2017-01-31T00:49:31: 非记录时间：2017-01-31T00:49:31+08:00
2017-01-31T00:49:41: 非记录时间：2017-01-31T00:49:41+08:00
2017-01-31T00:49:51: 非记录时间：2017-01-31T00:49:51+08:00
2017-01-31T00:50:01: 非记录时间：2017-01-31T00:50:01+08:00
2017-01-31T00:50:11: 非记录时间：2017-01-31T00:50:11+08:00
2017-01-31T00:50:21: 非记录时间：2017-01-31T00:50:21+08:00
2017-01-31T00:50:31: 非记录时间：2017-01-31T00:50:31+08:00
2017-01-31T00:50:41: 非记录时间：2017-01-31T00:50:41+08:00
2017-01-31T00:50:51: 非记录时间：2017-01-31T00:50:51+08:00
2017-01-31T00:51:01: 非记录时间：2017-01-31T00:51:01+08:00
2017-01-31T00:51:11: 非记录时间：2017-01-31T00:51:11+08:00
2017-01-31T00:51:21: 非记录时间：2017-01-31T00:51:21+08:00
2017-01-31T00:51:31: 非记录时间：2017-01-31T00:51:31+08:00
2017-01-31T00:51:41: 非记录时间：2017-01-31T00:51:41+08:00
2017-01-31T00:51:51: 非记录时间：2017-01-31T00:51:51+08:00
2017-01-31T00:52:01: 非记录时间：2017-01-31T00:52:01+08:00
2017-01-31T00:52:11: 非记录时间：2017-01-31T00:52:11+08:00
2017-01-31T00:52:21: 非记录时间：2017-01-31T00:52:21+08:00
2017-01-31T00:52:31: 非记录时间：2017-01-31T00:52:31+08:00
2017-01-31T00:52:41: 非记录时间：2017-01-31T00:52:41+08:00
2017-01-31T00:52:51: 非记录时间：2017-01-31T00:52:51+08:00
2017-01-31T00:53:01: 非记录时间：2017-01-31T00:53:01+08:00
2017-01-31T00:53:11: 非记录时间：2017-01-31T00:53:11+08:00
2017-01-31T00:53:21: 非记录时间：2017-01-31T00:53:21+08:00
2017-01-31T00:53:31: 非记录时间：2017-01-31T00:53:31+08:00
2017-01-31T00:53:41: 非记录时间：2017-01-31T00:53:41+08:00
2017-01-31T00:53:51: 非记录时间：2017-01-31T00:53:51+08:00
2017-01-31T00:54:01: 非记录时间：2017-01-31T00:54:01+08:00
2017-01-31T00:54:11: 非记录时间：2017-01-31T00:54:11+08:00
2017-01-31T00:54:21: 非记录时间：2017-01-31T00:54:21+08:00
2017-01-31T00:54:31: 非记录时间：2017-01-31T00:54:31+08:00
2017-01-31T00:54:41: 非记录时间：2017-01-31T00:54:41+08:00
2017-01-31T00:54:51: 非记录时间：2017-01-31T00:54:51+08:00
2017-01-31T00:55:01: 非记录时间：2017-01-31T00:55:01+08:00
2017-01-31T00:55:11: 非记录时间：2017-01-31T00:55:11+08:00
2017-01-31T00:55:21: 非记录时间：2017-01-31T00:55:21+08:00
2017-01-31T00:55:31: 非记录时间：2017-01-31T00:55:31+08:00
2017-01-31T00:55:41: 非记录时间：2017-01-31T00:55:41+08:00
2017-01-31T00:55:51: 非记录时间：2017-01-31T00:55:51+08:00
2017-01-31T00:56:01: 非记录时间：2017-01-31T00:56:01+08:00
2017-01-31T00:56:11: 非记录时间：2017-01-31T00:56:11+08:00
2017-01-31T00:56:21: 非记录时间：2017-01-31T00:56:21+08:00
2017-01-31T00:56:31: 非记录时间：2017-01-31T00:56:31+08:00
2017-01-31T00:56:41: 非记录时间：2017-01-31T00:56:41+08:00
2017-01-31T00:56:51: 非记录时间：2017-01-31T00:56:51+08:00
2017-01-31T00:57:01: 非记录时间：2017-01-31T00:57:01+08:00
2017-01-31T00:57:11: 非记录时间：2017-01-31T00:57:11+08:00
2017-01-31T00:57:21: 非记录时间：2017-01-31T00:57:21+08:00
2017-01-31T00:57:31: 非记录时间：2017-01-31T00:57:31+08:00
2017-01-31T00:57:41: 非记录时间：2017-01-31T00:57:41+08:00
2017-01-31T00:57:51: 非记录时间：2017-01-31T00:57:51+08:00
2017-01-31T00:58:01: 非记录时间：2017-01-31T00:58:01+08:00
2017-01-31T00:58:11: 非记录时间：2017-01-31T00:58:11+08:00
2017-01-31T00:58:21: 非记录时间：2017-01-31T00:58:21+08:00
2017-01-31T00:58:31: 非记录时间：2017-01-31T00:58:31+08:00
2017-01-31T00:58:41: 非记录时间：2017-01-31T00:58:41+08:00
2017-01-31T00:58:51: 非记录时间：2017-01-31T00:58:51+08:00
2017-01-31T00:59:01: 非记录时间：2017-01-31T00:59:01+08:00
2017-01-31T00:59:11: 非记录时间：2017-01-31T00:59:11+08:00
2017-01-31T00:59:21: 非记录时间：2017-01-31T00:59:21+08:00
2017-01-31T00:59:31: 非记录时间：2017-01-31T00:59:31+08:00
2017-01-31T00:59:41: 非记录时间：2017-01-31T00:59:41+08:00
2017-01-31T00:59:51: 非记录时间：2017-01-31T00:59:51+08:00
2017-01-31T01:00:01: 非记录时间：2017-01-31T01:00:01+08:00
2017-01-31T01:00:11: 非记录时间：2017-01-31T01:00:11+08:00
2017-01-31T01:00:21: 非记录时间：2017-01-31T01:00:21+08:00
2017-01-31T01:00:31: 非记录时间：2017-01-31T01:00:31+08:00
2017-01-31T01:00:41: 非记录时间：2017-01-31T01:00:41+08:00
2017-01-31T01:00:51: 非记录时间：2017-01-31T01:00:51+08:00
2017-01-31T01:01:01: 非记录时间：2017-01-31T01:01:01+08:00
2017-01-31T01:01:11: 非记录时间：2017-01-31T01:01:11+08:00
2017-01-31T01:01:21: 非记录时间：2017-01-31T01:01:21+08:00
2017-01-31T01:01:31: 非记录时间：2017-01-31T01:01:31+08:00
2017-01-31T01:01:41: 非记录时间：2017-01-31T01:01:41+08:00
2017-01-31T01:01:51: 非记录时间：2017-01-31T01:01:51+08:00
2017-01-31T01:02:01: 非记录时间：2017-01-31T01:02:01+08:00
2017-01-31T01:02:11: 非记录时间：2017-01-31T01:02:11+08:00
2017-01-31T01:02:21: 非记录时间：2017-01-31T01:02:21+08:00
2017-01-31T01:02:31: 非记录时间：2017-01-31T01:02:31+08:00
2017-01-31T01:02:41: 非记录时间：2017-01-31T01:02:41+08:00
2017-01-31T01:02:51: 非记录时间：2017-01-31T01:02:51+08:00
2017-01-31T01:03:01: 非记录时间：2017-01-31T01:03:01+08:00
2017-01-31T01:03:11: 非记录时间：2017-01-31T01:03:11+08:00
2017-01-31T01:03:21: 非记录时间：2017-01-31T01:03:21+08:00
2017-01-31T01:03:31: 非记录时间：2017-01-31T01:03:31+08:00
2017-01-31T01:03:41: 非记录时间：2017-01-31T01:03:41+08:00
2017-01-31T01:03:51: 非记录时间：2017-01-31T01:03:51+08:00
2017-01-31T01:04:01: 非记录时间：2017-01-31T01:04:01+08:00
2017-01-31T01:04:11: 非记录时间：2017-01-31T01:04:11+08:00
2017-01-31T01:04:21: 非记录时间：2017-01-31T01:04:21+08:00
2017-01-31T01:04:31: 非记录时间：2017-01-31T01:04:31+08:00
2017-01-31T01:04:41: 非记录时间：2017-01-31T01:04:41+08:00
2017-01-31T01:04:51: 非记录时间：2017-01-31T01:04:51+08:00
2017-01-31T01:05:01: 非记录时间：2017-01-31T01:05:01+08:00
2017-01-31T01:05:11: 非记录时间：2017-01-31T01:05:11+08:00
2017-01-31T01:05:21: 非记录时间：2017-01-31T01:05:21+08:00
2017-01-31T01:05:31: 非记录时间：2017-01-31T01:05:31+08:00
2017-01-31T01:05:41: 非记录时间：2017-01-31T01:05:41+08:00
2017-01-31T01:05:51: 非记录时间：2017-01-31T01:05:51+08:00
2017-01-31T01:06:01: 非记录时间：2017-01-31T01:06:01+08:00
2017-01-31T01:06:11: 非记录时间：2017-01-31T01:06:11+08:00
2017-01-31T01:06:21: 非记录时间：2017-01-31T01:06:21+08:00
2017-01-31T01:06:31: 非记录时间：2017-01-31T01:06:31+08:00
2017-01-31T01:06:41: 非记录时间：2017-01-31T01:06:41+08:00
2017-01-31T01:06:51: 非记录时间：2017-01-31T01:06:51+08:00
2017-01-31T01:07:01: 非记录时间：2017-01-31T01:07:01+08:00
2017-01-31T01:07:11: 非记录时间：2017-01-31T01:07:11+08:00
2017-01-31T01:07:21: 非记录时间：2017-01-31T01:07:21+08:00
2017-01-31T01:07:31: 非记录时间：2017-01-31T01:07:31+08:00
2017-01-31T01:07:41: 非记录时间：2017-01-31T01:07:41+08:00
2017-01-31T01:07:51: 非记录时间：2017-01-31T01:07:51+08:00
2017-01-31T01:08:01: 非记录时间：2017-01-31T01:08:01+08:00
2017-01-31T01:08:11: 非记录时间：2017-01-31T01:08:11+08:00
2017-01-31T01:08:21: 非记录时间：2017-01-31T01:08:21+08:00
2017-01-31T01:08:31: 非记录时间：2017-01-31T01:08:31+08:00
2017-01-31T01:08:41: 非记录时间：2017-01-31T01:08:41+08:00
2017-01-31T01:08:51: 非记录时间：2017-01-31T01:08:51+08:00
2017-01-31T01:09:01: 非记录时间：2017-01-31T01:09:01+08:00
2017-01-31T01:09:11: 非记录时间：2017-01-31T01:09:11+08:00
2017-01-31T01:09:21: 非记录时间：2017-01-31T01:09:21+08:00
2017-01-31T01:09:31: 非记录时间：2017-01-31T01:09:31+08:00
2017-01-31T01:09:41: 非记录时间：2017-01-31T01:09:41+08:00
2017-01-31T01:09:51: 非记录时间：2017-01-31T01:09:51+08:00
2017-01-31T01:10:01: 非记录时间：2017-01-31T01:10:01+08:00
2017-01-31T01:10:11: 非记录时间：2017-01-31T01:10:11+08:00
2017-01-31T01:10:21: 非记录时间：2017-01-31T01:10:21+08:00
2017-01-31T01:10:31: 非记录时间：2017-01-31T01:10:31+08:00
2017-01-31T01:10:41: 非记录时间：2017-01-31T01:10:41+08:00
2017-01-31T01:10:51: 非记录时间：2017-01-31T01:10:51+08:00
2017-01-31T01:11:02: 读取文件失败，可能是该文件不存在
2017-01-31T01:11:02: Error: ENOENT: no such file or directory, open './data/2017-01-31.json'
2017-01-31T01:11:12: 读取文件成功
2017-01-31T01:11:22: 读取文件成功
2017-01-31T01:11:32: 读取文件成功
2017-01-31T01:11:42: 读取文件成功
2017-01-31T01:11:52: 读取文件成功
2017-01-31T01:12:02: 读取文件成功
2017-01-31T01:12:12: 读取文件成功
2017-01-31T01:12:22: 读取文件成功
2017-01-31T01:12:32: 读取文件成功
2017-01-31T01:12:42: 读取文件成功
2017-01-31T01:12:52: 读取文件成功
2017-01-31T01:13:02: 读取文件成功
2017-01-31T01:13:12: 读取文件成功
2017-01-31T01:13:22: 读取文件成功
2017-01-31T01:13:32: 读取文件成功
2017-01-31T01:13:42: 读取文件成功
2017-01-31T01:13:52: 读取文件成功
2017-01-31T01:14:02: 读取文件成功
2017-01-31T01:14:12: 读取文件成功
2017-01-31T01:14:22: 读取文件成功
2017-01-31T01:14:32: 读取文件成功
2017-01-31T01:14:42: 读取文件成功
2017-01-31T01:14:52: 读取文件成功
2017-01-31T01:15:02: 读取文件成功
2017-01-31T01:15:12: 读取文件成功
2017-01-31T01:15:22: 读取文件成功
2017-01-31T01:15:32: 读取文件成功
2017-01-31T01:15:42: 读取文件成功
2017-01-31T01:15:52: 读取文件成功
2017-01-31T01:16:02: 读取文件成功
2017-01-31T01:16:12: 读取文件成功
2017-01-31T01:16:22: 读取文件成功
2017-01-31T01:16:32: 读取文件成功
2017-01-31T01:16:42: 读取文件成功
2017-01-31T01:16:52: 读取文件成功
2017-01-31T01:17:02: 读取文件成功
2017-01-31T01:17:12: 读取文件成功
2017-01-31T01:17:22: 读取文件成功
2017-01-31T01:17:32: 读取文件成功
2017-01-31T01:17:42: 读取文件成功
2017-01-31T01:17:52: 读取文件成功
2017-01-31T01:18:02: 读取文件成功
2017-01-31T01:18:12: 读取文件成功
2017-01-31T01:18:22: 读取文件成功
2017-01-31T01:18:32: 读取文件成功
2017-01-31T01:18:42: 读取文件成功
2017-01-31T01:18:52: 读取文件成功
2017-01-31T01:19:02: 读取文件成功
2017-01-31T01:19:12: 读取文件成功
2017-01-31T01:19:22: 读取文件成功
2017-01-31T01:19:32: 读取文件成功
2017-01-31T01:19:42: 读取文件成功
2017-01-31T01:19:52: 读取文件成功
2017-01-31T01:20:02: 读取文件成功
2017-01-31T01:20:12: 读取文件成功
2017-01-31T01:20:22: 读取文件成功
2017-01-31T01:20:32: 读取文件成功
2017-01-31T01:20:42: 读取文件成功
2017-01-31T01:20:52: 读取文件成功
2017-01-31T01:21:02: 读取文件成功
2017-01-31T01:21:12: 读取文件成功
2017-01-31T01:21:23: 读取文件成功
2017-01-31T01:21:32: 读取文件成功
2017-01-31T01:21:42: 读取文件成功
2017-01-31T01:21:52: 读取文件成功
2017-01-31T01:22:02: 读取文件成功
2017-01-31T01:22:12: 读取文件成功
2017-01-31T01:22:23: 读取文件成功
2017-01-31T01:22:33: 读取文件成功
2017-01-31T01:22:43: 读取文件成功
2017-01-31T01:22:53: 读取文件成功
2017-01-31T01:23:02: 读取文件成功
2017-01-31T01:23:13: 读取文件成功
2017-01-31T01:23:23: 读取文件成功
2017-01-31T01:23:33: 读取文件成功
2017-01-31T01:23:43: 读取文件成功
2017-01-31T01:23:53: 读取文件成功
2017-01-31T01:24:03: 读取文件成功
2017-01-31T01:24:13: 读取文件成功
2017-01-31T01:24:23: 读取文件成功
2017-01-31T01:24:33: 读取文件成功
2017-01-31T01:24:43: 读取文件成功
2017-01-31T01:24:53: 读取文件成功
2017-01-31T01:25:03: 读取文件成功
2017-01-31T01:25:13: 读取文件成功
2017-01-31T01:25:23: 读取文件成功
2017-01-31T01:25:33: 读取文件成功
2017-01-31T01:25:43: 读取文件成功
2017-01-31T01:25:53: 读取文件成功
2017-01-31T01:26:03: 读取文件成功
2017-01-31T01:26:13: 读取文件成功
2017-01-31T01:26:23: 读取文件成功
2017-01-31T01:26:33: 读取文件成功
2017-01-31T01:26:43: 读取文件成功
2017-01-31T01:26:53: 读取文件成功
2017-01-31T01:27:03: 读取文件成功
2017-01-31T01:27:13: 读取文件成功
2017-01-31T01:27:23: 读取文件成功
2017-01-31T01:27:33: 读取文件成功
2017-01-31T01:27:43: 读取文件成功
2017-01-31T01:27:53: 读取文件成功
2017-01-31T01:28:03: 读取文件成功
2017-01-31T01:28:13: 读取文件成功
2017-01-31T01:28:23: 读取文件成功
2017-01-31T01:28:33: 读取文件成功
2017-01-31T01:28:43: 读取文件成功
2017-01-31T01:28:53: 读取文件成功
2017-01-31T01:29:03: 读取文件成功
2017-01-31T01:29:13: 读取文件成功
2017-01-31T01:29:23: 读取文件成功
2017-01-31T01:29:33: 读取文件成功
2017-01-31T01:29:43: 读取文件成功
2017-01-31T01:29:53: 读取文件成功
2017-01-31T01:30:03: 读取文件成功
2017-01-31T01:30:13: 读取文件成功
2017-01-31T01:30:23: 读取文件成功
2017-01-31T01:30:33: 读取文件成功
2017-01-31T01:30:43: 读取文件成功
2017-01-31T01:30:53: 读取文件成功
2017-01-31T01:31:03: 读取文件成功
2017-01-31T01:31:13: 读取文件成功
2017-01-31T01:31:23: 读取文件成功
2017-01-31T01:31:33: 读取文件成功
2017-01-31T01:31:43: 读取文件成功
2017-01-31T01:31:53: 读取文件成功
2017-01-31T01:32:03: 读取文件成功
2017-01-31T01:32:13: 读取文件成功
2017-01-31T01:32:23: 读取文件成功
2017-01-31T01:32:33: 读取文件成功
2017-01-31T01:32:43: 读取文件成功
2017-01-31T01:32:53: 读取文件成功
2017-01-31T01:33:03: 读取文件成功
2017-01-31T01:33:13: 读取文件成功
2017-01-31T01:33:23: 读取文件成功
2017-01-31T01:33:34: 读取文件成功
2017-01-31T01:33:43: 读取文件成功
2017-01-31T01:33:53: 读取文件成功
2017-01-31T01:34:03: 读取文件成功
2017-01-31T01:34:13: 读取文件成功
2017-01-31T01:34:23: 读取文件成功
2017-01-31T01:34:33: 读取文件成功
2017-01-31T01:34:43: 读取文件成功
2017-01-31T01:34:53: 读取文件成功
2017-01-31T01:35:03: 读取文件成功
2017-01-31T01:35:13: 读取文件成功
2017-01-31T01:35:23: 读取文件成功
2017-01-31T01:35:33: 读取文件成功
2017-01-31T01:35:43: 读取文件成功
2017-01-31T01:35:53: 读取文件成功
2017-01-31T01:36:03: 读取文件成功
2017-01-31T01:36:13: 读取文件成功
2017-01-31T01:36:23: 读取文件成功
2017-01-31T01:36:33: 读取文件成功
2017-01-31T01:36:44: 读取文件成功
2017-01-31T01:36:53: 读取文件成功
2017-01-31T01:37:03: 读取文件成功
2017-01-31T01:37:13: 读取文件成功
2017-01-31T01:37:23: 读取文件成功
2017-01-31T01:37:33: 读取文件成功
2017-01-31T01:37:43: 读取文件成功
2017-01-31T01:37:53: 读取文件成功
2017-01-31T01:38:03: 读取文件成功
2017-01-31T01:38:13: 读取文件成功
2017-01-31T01:38:23: 读取文件成功
2017-01-31T01:38:33: 读取文件成功
2017-01-31T01:38:43: 读取文件成功
2017-01-31T01:38:53: 读取文件成功
2017-01-31T01:39:03: 读取文件成功
2017-01-31T01:39:13: 读取文件成功
2017-01-31T01:39:23: 读取文件成功
2017-01-31T01:39:33: 读取文件成功
2017-01-31T01:39:43: 读取文件成功
2017-01-31T01:39:53: 读取文件成功
2017-01-31T01:40:03: 读取文件成功
2017-01-31T01:40:14: 读取文件成功
2017-01-31T01:40:24: 读取文件成功
2017-01-31T01:40:34: 读取文件成功
2017-01-31T01:40:44: 读取文件成功
2017-01-31T01:40:53: 读取文件成功
2017-01-31T01:41:03: 读取文件成功
2017-01-31T01:41:13: 读取文件成功
2017-01-31T01:41:23: 读取文件成功
2017-01-31T01:41:34: 读取文件成功
2017-01-31T01:41:44: 读取文件成功
2017-01-31T01:41:54: 读取文件成功
2017-01-31T01:42:03: 读取文件成功
2017-01-31T01:42:13: 读取文件成功
2017-01-31T01:42:23: 读取文件成功
2017-01-31T01:42:34: 读取文件成功
2017-01-31T01:42:44: 读取文件成功
2017-01-31T01:42:54: 读取文件成功
2017-01-31T01:43:03: 读取文件成功
2017-01-31T01:43:14: 读取文件成功
2017-01-31T01:43:24: 读取文件成功
2017-01-31T01:43:34: 读取文件成功
2017-01-31T01:43:44: 读取文件成功
2017-01-31T01:43:54: 读取文件成功
2017-01-31T01:44:04: 读取文件成功
2017-01-31T01:44:14: 读取文件成功
2017-01-31T01:44:24: 读取文件成功
2017-01-31T01:44:34: 读取文件成功
2017-01-31T01:44:44: 读取文件成功
2017-01-31T01:44:54: 读取文件成功
2017-01-31T01:45:04: 读取文件成功
2017-01-31T01:45:14: 读取文件成功
2017-01-31T01:45:24: 读取文件成功
2017-01-31T01:45:34: 读取文件成功
2017-01-31T01:45:44: 读取文件成功
2017-01-31T01:45:54: 读取文件成功
2017-01-31T01:46:04: 读取文件成功
2017-01-31T01:46:14: 读取文件成功
2017-01-31T01:46:24: 读取文件成功
2017-01-31T01:46:34: 读取文件成功
2017-01-31T01:46:44: 读取文件成功
2017-01-31T01:46:54: 读取文件成功
2017-01-31T01:47:04: 读取文件成功
2017-01-31T01:47:14: 读取文件成功
2017-01-31T01:47:24: 读取文件成功
2017-01-31T01:47:34: 读取文件成功
2017-01-31T01:47:44: 读取文件成功
2017-01-31T01:47:54: 读取文件成功
2017-01-31T01:48:04: 读取文件成功
2017-01-31T01:48:14: 读取文件成功
2017-01-31T01:48:24: 读取文件成功
2017-01-31T01:48:34: 读取文件成功
2017-01-31T01:48:44: 读取文件成功
2017-01-31T01:48:54: 读取文件成功
2017-01-31T01:49:04: 读取文件成功
2017-01-31T01:49:14: 读取文件成功
2017-01-31T01:49:24: 读取文件成功
2017-01-31T01:49:34: 读取文件成功
2017-01-31T01:49:44: 读取文件成功
2017-01-31T01:49:54: 读取文件成功
2017-01-31T01:50:04: 读取文件成功
2017-01-31T01:50:14: 读取文件成功
2017-01-31T01:50:24: 读取文件成功
2017-01-31T01:50:34: 读取文件成功
2017-01-31T01:50:44: 读取文件成功
2017-01-31T01:50:54: 读取文件成功
2017-01-31T01:51:04: 读取文件成功
2017-01-31T01:51:14: 读取文件成功
2017-01-31T01:51:24: 读取文件成功
2017-01-31T01:51:34: 读取文件成功
2017-01-31T01:51:44: 读取文件成功
2017-01-31T01:51:54: 读取文件成功
2017-01-31T01:52:04: 读取文件成功
2017-01-31T01:52:14: 读取文件成功
2017-01-31T01:52:24: 读取文件成功
2017-01-31T01:52:34: 读取文件成功
2017-01-31T01:52:44: 读取文件成功
2017-01-31T01:52:54: 读取文件成功
2017-01-31T01:53:04: 读取文件成功
2017-01-31T01:53:14: 读取文件成功
2017-01-31T01:53:24: 读取文件成功
2017-01-31T01:53:34: 读取文件成功
2017-01-31T01:53:44: 读取文件成功
2017-01-31T01:53:54: 读取文件成功
2017-01-31T01:54:04: 读取文件成功
2017-01-31T01:54:14: 读取文件成功
2017-01-31T01:54:24: 读取文件成功
2017-01-31T01:54:34: 读取文件成功
2017-01-31T01:54:44: 读取文件成功
2017-01-31T01:54:54: 读取文件成功
2017-01-31T01:55:04: 读取文件成功
2017-01-31T01:55:14: 读取文件成功
2017-01-31T01:55:24: 读取文件成功
2017-01-31T01:55:34: 读取文件成功
2017-01-31T01:55:44: 读取文件成功
2017-01-31T01:55:54: 读取文件成功
2017-01-31T01:56:04: 读取文件成功
2017-01-31T01:56:14: 读取文件成功
2017-01-31T01:56:24: 读取文件成功
2017-01-31T01:56:34: 读取文件成功
2017-01-31T01:56:44: 读取文件成功
2017-01-31T01:56:54: 读取文件成功
2017-01-31T01:57:04: 读取文件成功
2017-01-31T01:57:14: 读取文件成功
2017-01-31T01:57:24: 读取文件成功
2017-01-31T01:57:34: 读取文件成功
2017-01-31T01:57:44: 读取文件成功
2017-01-31T01:57:54: 读取文件成功
2017-01-31T01:58:04: 读取文件成功
2017-01-31T01:58:14: 读取文件成功
2017-01-31T01:58:24: 读取文件成功
2017-01-31T01:58:34: 读取文件成功
2017-01-31T01:58:44: 读取文件成功
2017-01-31T01:58:54: 读取文件成功
2017-01-31T01:59:04: 读取文件成功
2017-01-31T01:59:14: 读取文件成功
2017-01-31T01:59:24: 读取文件成功
2017-01-31T01:59:34: 读取文件成功
2017-01-31T01:59:44: 读取文件成功
2017-01-31T01:59:54: 读取文件成功
2017-01-31T02:00:04: 读取文件成功
2017-01-31T02:00:14: 读取文件成功
2017-01-31T02:00:24: 读取文件成功
2017-01-31T02:00:35: 读取文件成功
2017-01-31T02:00:45: 读取文件成功
2017-01-31T02:00:55: 读取文件成功
2017-01-31T02:01:05: 读取文件成功
2017-01-31T02:01:15: 读取文件成功
2017-01-31T02:01:25: 读取文件成功
2017-01-31T02:01:35: 读取文件成功
2017-01-31T02:01:45: 读取文件成功
2017-01-31T02:01:55: 读取文件成功
2017-01-31T02:02:05: 读取文件成功
2017-01-31T02:02:15: 读取文件成功
2017-01-31T02:02:25: 读取文件成功
2017-01-31T02:02:35: 读取文件成功
2017-01-31T02:02:45: 读取文件成功
2017-01-31T02:02:55: 读取文件成功
2017-01-31T02:03:05: 读取文件成功
2017-01-31T02:03:15: 读取文件成功
2017-01-31T02:03:25: 读取文件成功
2017-01-31T02:03:35: 读取文件成功
2017-01-31T02:03:45: 读取文件成功
2017-01-31T02:03:55: 读取文件成功
2017-01-31T02:04:05: 读取文件成功
2017-01-31T02:04:15: 读取文件成功
2017-01-31T02:04:25: 读取文件成功
2017-01-31T02:04:35: 读取文件成功
2017-01-31T02:04:45: 读取文件成功
2017-01-31T02:04:55: 读取文件成功
2017-01-31T02:05:05: 读取文件成功
2017-01-31T02:05:15: 读取文件成功
2017-01-31T02:05:25: 读取文件成功
2017-01-31T02:05:35: 读取文件成功
2017-01-31T02:05:45: 读取文件成功
2017-01-31T02:05:55: 读取文件成功
2017-01-31T02:06:05: 读取文件成功
2017-01-31T02:06:15: 读取文件成功
2017-01-31T02:06:25: 读取文件成功
2017-01-31T02:06:35: 读取文件成功
2017-01-31T02:06:45: 读取文件成功
2017-01-31T02:06:55: 读取文件成功
2017-01-31T02:07:05: 读取文件成功
2017-01-31T02:07:15: 读取文件成功
2017-01-31T02:07:25: 读取文件成功
2017-01-31T02:07:35: 读取文件成功
2017-01-31T02:07:45: 读取文件成功
2017-01-31T02:07:55: 读取文件成功
2017-01-31T02:08:05: 读取文件成功
2017-01-31T02:08:15: 读取文件成功
2017-01-31T02:08:25: 读取文件成功
2017-01-31T02:08:35: 读取文件成功
2017-01-31T02:08:45: 读取文件成功
2017-01-31T02:08:55: 读取文件成功
2017-01-31T02:09:05: 读取文件成功
2017-01-31T02:09:15: 读取文件成功
2017-01-31T02:09:25: 读取文件成功
2017-01-31T02:09:35: 读取文件成功
2017-01-31T02:09:45: 读取文件成功
2017-01-31T02:09:55: 读取文件成功
2017-01-31T02:10:05: 读取文件成功
2017-01-31T02:10:15: 读取文件成功
2017-01-31T02:10:25: 读取文件成功
2017-01-31T02:10:35: 读取文件成功
2017-01-31T02:10:45: 读取文件成功
2017-01-31T02:10:55: 读取文件成功
2017-01-31T02:11:05: 读取文件成功
2017-01-31T02:11:15: 读取文件成功
2017-01-31T02:11:25: 读取文件成功
2017-01-31T02:11:35: 读取文件成功
2017-01-31T02:11:45: 读取文件成功
2017-01-31T02:11:55: 读取文件成功
2017-01-31T02:12:05: 读取文件成功
2017-01-31T02:12:15: 读取文件成功
2017-01-31T02:12:25: 读取文件成功
2017-01-31T02:12:35: 读取文件成功
2017-01-31T02:12:45: 读取文件成功
2017-01-31T02:12:55: 读取文件成功
2017-01-31T02:13:05: 读取文件成功
2017-01-31T02:13:15: 读取文件成功
2017-01-31T02:13:25: 读取文件成功
2017-01-31T02:13:35: 读取文件成功
2017-01-31T02:13:45: 读取文件成功
2017-01-31T02:13:55: 读取文件成功
2017-01-31T02:14:05: 读取文件成功
2017-01-31T02:14:15: 读取文件成功
2017-01-31T02:14:25: 读取文件成功
2017-01-31T02:14:35: 读取文件成功
2017-01-31T02:14:45: 读取文件成功
2017-01-31T02:14:55: 读取文件成功
2017-01-31T02:15:05: 读取文件成功
2017-01-31T02:15:15: 读取文件成功
2017-01-31T02:15:25: 读取文件成功
2017-01-31T02:15:35: 读取文件成功
2017-01-31T02:15:45: 读取文件成功
2017-01-31T02:15:55: 读取文件成功
2017-01-31T02:16:06: 读取文件成功
2017-01-31T02:16:16: 读取文件成功
2017-01-31T02:16:26: 读取文件成功
2017-01-31T02:16:36: 读取文件成功
2017-01-31T02:16:46: 读取文件成功
2017-01-31T02:16:56: 读取文件成功
2017-01-31T02:17:05: 读取文件成功
2017-01-31T02:17:16: 读取文件成功
2017-01-31T02:17:26: 读取文件成功
2017-01-31T02:17:36: 读取文件成功
2017-01-31T02:17:46: 读取文件成功
2017-01-31T02:17:56: 读取文件成功
2017-01-31T02:18:06: 读取文件成功
2017-01-31T02:18:16: 读取文件成功
2017-01-31T02:18:26: 读取文件成功
2017-01-31T02:18:36: 读取文件成功
2017-01-31T02:18:46: 读取文件成功
2017-01-31T02:18:56: 读取文件成功
2017-01-31T02:19:06: 读取文件成功
2017-01-31T02:19:16: 读取文件成功
2017-01-31T02:19:26: 读取文件成功
2017-01-31T02:19:36: 读取文件成功
2017-01-31T02:19:46: 读取文件成功
2017-01-31T02:19:56: 读取文件成功
2017-01-31T02:20:06: 读取文件成功
2017-01-31T02:20:16: 读取文件成功
2017-01-31T02:20:26: 读取文件成功
2017-01-31T02:20:36: 读取文件成功
2017-01-31T02:20:46: 读取文件成功
2017-01-31T02:20:56: 读取文件成功
2017-01-31T02:21:06: 读取文件成功
2017-01-31T02:21:16: 读取文件成功
2017-01-31T02:21:26: 读取文件成功
2017-01-31T02:21:36: 读取文件成功
2017-01-31T02:21:46: 读取文件成功
2017-01-31T02:21:56: 读取文件成功
2017-01-31T02:22:06: 读取文件成功
2017-01-31T02:22:16: 读取文件成功
2017-01-31T02:22:26: 读取文件成功
2017-01-31T02:22:36: 读取文件成功
2017-01-31T02:22:46: 读取文件成功
2017-01-31T02:22:56: 读取文件成功
2017-01-31T02:23:06: 读取文件成功
2017-01-31T02:23:16: 读取文件成功
2017-01-31T02:23:26: 读取文件成功
2017-01-31T02:23:36: 读取文件成功
2017-01-31T02:23:46: 读取文件成功
2017-01-31T02:23:56: 读取文件成功
2017-01-31T02:24:06: 读取文件成功
2017-01-31T02:24:16: 读取文件成功
2017-01-31T02:24:26: 读取文件成功
2017-01-31T02:24:36: 读取文件成功
2017-01-31T02:24:46: 读取文件成功
2017-01-31T02:24:56: 读取文件成功
2017-01-31T02:25:06: 读取文件成功
2017-01-31T02:25:16: 读取文件成功
2017-01-31T02:25:26: 读取文件成功
2017-01-31T02:25:36: 读取文件成功
2017-01-31T02:25:46: 读取文件成功
2017-01-31T02:25:56: 读取文件成功
2017-01-31T02:26:06: 读取文件成功
2017-01-31T02:26:16: 读取文件成功
2017-01-31T02:26:26: 读取文件成功
2017-01-31T02:26:36: 读取文件成功
2017-01-31T02:26:46: 读取文件成功
2017-01-31T02:26:56: 读取文件成功
2017-01-31T02:27:06: 读取文件成功
2017-01-31T02:27:16: 读取文件成功
2017-01-31T02:27:26: 读取文件成功
2017-01-31T02:27:36: 读取文件成功
2017-01-31T02:27:46: 读取文件成功
2017-01-31T02:27:56: 读取文件成功
2017-01-31T02:28:06: 读取文件成功
2017-01-31T02:28:16: 读取文件成功
2017-01-31T02:28:26: 读取文件成功
2017-01-31T02:28:36: 读取文件成功
2017-01-31T02:28:46: 读取文件成功
2017-01-31T02:28:56: 读取文件成功
2017-01-31T02:29:06: 读取文件成功
2017-01-31T02:29:16: 读取文件成功
2017-01-31T02:29:26: 读取文件成功
2017-01-31T02:29:36: 读取文件成功
2017-01-31T02:29:46: 读取文件成功
2017-01-31T02:29:56: 读取文件成功
2017-01-31T02:30:06: 读取文件成功
2017-01-31T02:30:16: 读取文件成功
2017-01-31T02:30:26: 读取文件成功
2017-01-31T02:30:36: 读取文件成功
2017-01-31T02:30:46: 读取文件成功
2017-01-31T02:30:56: 读取文件成功
2017-01-31T02:31:06: 读取文件成功
2017-01-31T02:31:16: 读取文件成功
2017-01-31T02:31:26: 读取文件成功
2017-01-31T02:31:36: 读取文件成功
2017-01-31T02:31:46: 读取文件成功
2017-01-31T02:31:56: 读取文件成功
2017-01-31T02:32:06: 读取文件成功
2017-01-31T02:32:16: 读取文件成功
2017-01-31T02:32:26: 读取文件成功
2017-01-31T02:32:36: 读取文件成功
2017-01-31T02:32:46: 读取文件成功
2017-01-31T02:32:56: 读取文件成功
2017-01-31T02:33:06: 读取文件成功
2017-01-31T02:33:16: 读取文件成功
2017-01-31T02:33:26: 读取文件成功
2017-01-31T02:33:36: 读取文件成功
2017-01-31T02:33:46: 读取文件成功
2017-01-31T02:33:56: 读取文件成功
2017-01-31T02:34:06: 读取文件成功
2017-01-31T02:34:16: 读取文件成功
2017-01-31T02:34:26: 读取文件成功
2017-01-31T02:34:36: 读取文件成功
2017-01-31T02:34:46: 读取文件成功
2017-01-31T02:34:56: 读取文件成功
2017-01-31T02:35:06: 读取文件成功
2017-01-31T02:35:16: 读取文件成功
2017-01-31T02:35:26: 读取文件成功
2017-01-31T02:35:36: 读取文件成功
2017-01-31T02:35:46: 读取文件成功
2017-01-31T02:35:56: 读取文件成功
2017-01-31T02:36:06: 读取文件成功
2017-01-31T02:36:16: 读取文件成功
2017-01-31T02:36:26: 读取文件成功
2017-01-31T02:36:36: 读取文件成功
2017-01-31T02:36:47: 读取文件成功
2017-01-31T02:36:57: 读取文件成功
2017-01-31T02:37:07: 读取文件成功
2017-01-31T02:37:17: 读取文件成功
2017-01-31T02:37:27: 读取文件成功
2017-01-31T02:37:37: 读取文件成功
2017-01-31T02:37:47: 读取文件成功
2017-01-31T02:37:57: 读取文件成功
2017-01-31T02:38:07: 读取文件成功
2017-01-31T02:38:17: 读取文件成功
2017-01-31T02:38:27: 读取文件成功
2017-01-31T02:38:37: 读取文件成功
2017-01-31T02:38:47: 读取文件成功
2017-01-31T02:38:57: 读取文件成功
2017-01-31T02:39:07: 读取文件成功
2017-01-31T02:39:17: 读取文件成功
2017-01-31T02:39:27: 读取文件成功
2017-01-31T02:39:37: 读取文件成功
2017-01-31T02:39:47: 读取文件成功
2017-01-31T02:39:57: 读取文件成功
2017-01-31T02:40:07: 读取文件成功
2017-01-31T02:40:17: 读取文件成功
2017-01-31T02:40:27: 读取文件成功
2017-01-31T02:40:37: 读取文件成功
2017-01-31T02:40:47: 读取文件成功
2017-01-31T02:40:57: 读取文件成功
2017-01-31T02:41:07: 读取文件成功
2017-01-31T02:41:17: 读取文件成功
2017-01-31T02:41:27: 读取文件成功
2017-01-31T02:41:37: 读取文件成功
2017-01-31T02:41:47: 读取文件成功
2017-01-31T02:41:57: 读取文件成功
2017-01-31T02:42:07: 读取文件成功
2017-01-31T02:42:17: 读取文件成功
2017-01-31T02:42:27: 读取文件成功
2017-01-31T02:42:37: 读取文件成功
2017-01-31T02:42:47: 读取文件成功
2017-01-31T02:42:57: 读取文件成功
2017-01-31T02:43:07: 读取文件成功
2017-01-31T02:43:17: 读取文件成功
2017-01-31T02:43:27: 读取文件成功
2017-01-31T02:43:37: 读取文件成功
2017-01-31T02:43:47: 读取文件成功
2017-01-31T02:43:57: 读取文件成功
2017-01-31T02:44:07: 读取文件成功
2017-01-31T02:44:17: 读取文件成功
2017-01-31T02:44:27: 读取文件成功
2017-01-31T02:44:37: 读取文件成功
2017-01-31T02:44:47: 读取文件成功
2017-01-31T02:44:57: 读取文件成功
2017-01-31T02:45:07: 读取文件成功
2017-01-31T02:45:17: 读取文件成功
2017-01-31T02:45:27: 读取文件成功
2017-01-31T02:45:37: 读取文件成功
2017-01-31T02:45:47: 读取文件成功
2017-01-31T02:45:57: 读取文件成功
2017-01-31T02:46:07: 读取文件成功
2017-01-31T02:46:17: 读取文件成功
2017-01-31T02:46:27: 读取文件成功
2017-01-31T02:46:37: 读取文件成功
2017-01-31T02:46:47: 读取文件成功
2017-01-31T02:46:57: 读取文件成功
2017-01-31T02:47:07: 读取文件成功
2017-01-31T02:47:17: 读取文件成功
2017-01-31T02:47:27: 读取文件成功
2017-01-31T02:47:37: 读取文件成功
2017-01-31T02:47:47: 读取文件成功
2017-01-31T02:47:57: 读取文件成功
2017-01-31T02:48:07: 读取文件成功
2017-01-31T02:48:17: 读取文件成功
2017-01-31T02:48:27: 读取文件成功
2017-01-31T02:48:37: 读取文件成功
2017-01-31T02:48:47: 读取文件成功
2017-01-31T02:48:57: 读取文件成功
2017-01-31T02:49:07: 读取文件成功
2017-01-31T02:49:17: 读取文件成功
2017-01-31T02:49:27: 读取文件成功
2017-01-31T02:49:37: 读取文件成功
2017-01-31T02:49:47: 读取文件成功
2017-01-31T02:49:57: 读取文件成功
2017-01-31T02:50:07: 读取文件成功
2017-01-31T02:50:17: 读取文件成功
2017-01-31T02:50:27: 读取文件成功
2017-01-31T02:50:37: 读取文件成功
2017-01-31T02:50:47: 读取文件成功
2017-01-31T02:50:57: 读取文件成功
2017-01-31T02:51:07: 读取文件成功
2017-01-31T02:51:17: 读取文件成功
2017-01-31T02:51:27: 读取文件成功
2017-01-31T02:51:37: 读取文件成功
2017-01-31T02:51:47: 读取文件成功
2017-01-31T02:51:57: 读取文件成功
2017-01-31T02:52:07: 读取文件成功
2017-01-31T02:52:17: 读取文件成功
2017-01-31T02:52:27: 读取文件成功
2017-01-31T02:52:38: 读取文件成功
2017-01-31T02:52:48: 读取文件成功
2017-01-31T02:52:58: 读取文件成功
2017-01-31T02:53:08: 读取文件成功
2017-01-31T02:53:18: 读取文件成功
2017-01-31T02:53:28: 读取文件成功
2017-01-31T02:53:38: 读取文件成功
2017-01-31T02:53:48: 读取文件成功
2017-01-31T02:53:58: 读取文件成功
2017-01-31T02:54:08: 读取文件成功
2017-01-31T02:54:18: 读取文件成功
2017-01-31T02:54:28: 读取文件成功
2017-01-31T02:54:38: 读取文件成功
2017-01-31T02:54:48: 读取文件成功
2017-01-31T02:54:58: 读取文件成功
2017-01-31T02:55:08: 读取文件成功
2017-01-31T02:55:18: 读取文件成功
2017-01-31T02:55:28: 读取文件成功
2017-01-31T02:55:38: 读取文件成功
2017-01-31T02:55:48: 读取文件成功
2017-01-31T02:55:58: 读取文件成功
2017-01-31T02:56:08: 读取文件成功
2017-01-31T02:56:18: 读取文件成功
2017-01-31T02:56:28: 读取文件成功
2017-01-31T02:56:38: 读取文件成功
2017-01-31T02:56:48: 读取文件成功
2017-01-31T02:56:58: 读取文件成功
2017-01-31T02:57:08: 读取文件成功
2017-01-31T02:57:18: 读取文件成功
2017-01-31T02:57:28: 读取文件成功
2017-01-31T02:57:38: 读取文件成功
2017-01-31T02:57:48: 读取文件成功
2017-01-31T02:57:58: 读取文件成功
2017-01-31T02:58:08: 读取文件成功
2017-01-31T02:58:18: 读取文件成功
2017-01-31T02:58:28: 读取文件成功
2017-01-31T02:58:38: 读取文件成功
2017-01-31T02:58:48: 读取文件成功
2017-01-31T02:58:58: 读取文件成功
2017-01-31T02:59:08: 读取文件成功
2017-01-31T02:59:18: 读取文件成功
2017-01-31T02:59:28: 读取文件成功
2017-01-31T02:59:38: 读取文件成功
2017-01-31T02:59:48: 读取文件成功
2017-01-31T02:59:58: 读取文件成功
2017-01-31T03:00:08: 读取文件成功
2017-01-31T03:00:18: 读取文件成功
2017-01-31T03:00:28: 读取文件成功
2017-01-31T03:00:38: 读取文件成功
2017-01-31T03:00:48: 读取文件成功
2017-01-31T03:00:58: 读取文件成功
2017-01-31T03:01:08: 读取文件成功
2017-01-31T03:01:18: 读取文件成功
2017-01-31T03:01:28: 读取文件成功
2017-01-31T03:01:38: 读取文件成功
2017-01-31T03:01:48: 读取文件成功
2017-01-31T03:01:58: 读取文件成功
2017-01-31T03:02:08: 读取文件成功
2017-01-31T03:02:18: 读取文件成功
2017-01-31T03:02:28: 读取文件成功
2017-01-31T03:02:38: 读取文件成功
2017-01-31T03:02:48: 读取文件成功
2017-01-31T03:02:58: 读取文件成功
2017-01-31T03:03:08: 读取文件成功
2017-01-31T03:03:18: 读取文件成功
2017-01-31T03:03:28: 读取文件成功
2017-01-31T03:03:38: 读取文件成功
2017-01-31T03:03:48: 读取文件成功
2017-01-31T03:03:58: 读取文件成功
2017-01-31T03:04:08: 读取文件成功
2017-01-31T03:04:18: 读取文件成功
2017-01-31T03:04:28: 读取文件成功
2017-01-31T03:04:38: 读取文件成功
2017-01-31T03:04:48: 读取文件成功
2017-01-31T03:04:58: 读取文件成功
2017-01-31T03:05:08: 读取文件成功
2017-01-31T03:05:18: 读取文件成功
2017-01-31T03:05:28: 读取文件成功
2017-01-31T03:05:38: 读取文件成功
2017-01-31T03:05:48: 读取文件成功
2017-01-31T03:05:58: 读取文件成功
2017-01-31T03:06:08: 读取文件成功
2017-01-31T03:06:18: 读取文件成功
2017-01-31T03:06:28: 读取文件成功
2017-01-31T03:06:38: 读取文件成功
2017-01-31T03:06:48: 读取文件成功
2017-01-31T03:06:58: 读取文件成功
2017-01-31T03:07:08: 读取文件成功
2017-01-31T03:07:18: 读取文件成功
2017-01-31T03:07:28: 读取文件成功
2017-01-31T03:07:38: 读取文件成功
2017-01-31T03:07:48: 读取文件成功
2017-01-31T03:07:58: 读取文件成功
2017-01-31T03:08:08: 读取文件成功
2017-01-31T03:08:18: 读取文件成功
2017-01-31T03:08:28: 读取文件成功
2017-01-31T03:08:38: 读取文件成功
2017-01-31T03:08:48: 读取文件成功
2017-01-31T03:08:58: 读取文件成功
2017-01-31T03:09:09: 读取文件成功
2017-01-31T03:09:18: 读取文件成功
2017-01-31T03:09:28: 读取文件成功
2017-01-31T03:09:38: 读取文件成功
2017-01-31T03:09:48: 读取文件成功
2017-01-31T03:09:58: 读取文件成功
2017-01-31T03:10:09: 读取文件成功
2017-01-31T03:10:19: 读取文件成功
2017-01-31T03:10:29: 读取文件成功
2017-01-31T03:10:39: 读取文件成功
2017-01-31T03:10:49: 读取文件成功
2017-01-31T03:10:59: 读取文件成功
2017-01-31T03:11:09: 读取文件成功
2017-01-31T03:11:19: 读取文件成功
2017-01-31T03:11:29: 读取文件成功
2017-01-31T03:11:39: 读取文件成功
2017-01-31T03:11:49: 读取文件成功
2017-01-31T03:11:59: 读取文件成功
2017-01-31T03:12:09: 读取文件成功
2017-01-31T03:12:19: 读取文件成功
2017-01-31T03:12:29: 读取文件成功
2017-01-31T03:12:39: 读取文件成功
2017-01-31T03:12:49: 读取文件成功
2017-01-31T03:12:59: 读取文件成功
2017-01-31T03:13:09: 读取文件成功
2017-01-31T03:13:19: 读取文件成功
2017-01-31T03:13:29: 读取文件成功
2017-01-31T03:13:39: 读取文件成功
2017-01-31T03:13:49: 读取文件成功
2017-01-31T03:13:59: 读取文件成功
2017-01-31T03:14:09: 读取文件成功
2017-01-31T03:14:19: 读取文件成功
2017-01-31T03:14:29: 读取文件成功
2017-01-31T03:14:39: 读取文件成功
2017-01-31T03:14:49: 读取文件成功
2017-01-31T03:14:59: 读取文件成功
2017-01-31T03:15:09: 读取文件成功
2017-01-31T03:15:19: 读取文件成功
2017-01-31T03:15:29: 读取文件成功
2017-01-31T03:15:39: 读取文件成功
2017-01-31T03:15:49: 读取文件成功
2017-01-31T03:15:59: 读取文件成功
2017-01-31T03:16:09: 读取文件成功
2017-01-31T03:16:19: 读取文件成功
2017-01-31T03:16:29: 读取文件成功
2017-01-31T03:16:39: 读取文件成功
2017-01-31T03:16:49: 读取文件成功
2017-01-31T03:16:59: 读取文件成功
2017-01-31T03:17:09: 读取文件成功
2017-01-31T03:17:19: 读取文件成功
2017-01-31T03:17:29: 读取文件成功
2017-01-31T03:17:39: 读取文件成功
2017-01-31T03:17:49: 读取文件成功
2017-01-31T03:17:59: 读取文件成功
2017-01-31T03:18:09: 读取文件成功
2017-01-31T03:18:19: 读取文件成功
2017-01-31T03:18:29: 读取文件成功
2017-01-31T03:18:39: 读取文件成功
2017-01-31T03:18:49: 读取文件成功
2017-01-31T03:18:59: 读取文件成功
2017-01-31T03:19:09: 读取文件成功
2017-01-31T03:19:19: 读取文件成功
2017-01-31T03:19:29: 读取文件成功
2017-01-31T03:19:39: 读取文件成功
2017-01-31T03:19:49: 读取文件成功
2017-01-31T03:19:59: 读取文件成功
2017-01-31T03:20:09: 读取文件成功
2017-01-31T03:20:19: 读取文件成功
2017-01-31T03:20:29: 读取文件成功
2017-01-31T03:20:39: 读取文件成功
2017-01-31T03:20:49: 读取文件成功
2017-01-31T03:20:59: 读取文件成功
2017-01-31T03:21:09: 读取文件成功
2017-01-31T03:21:19: 读取文件成功
2017-01-31T03:21:29: 读取文件成功
2017-01-31T03:21:39: 读取文件成功
2017-01-31T03:21:49: 读取文件成功
2017-01-31T03:21:59: 读取文件成功
2017-01-31T03:22:09: 读取文件成功
2017-01-31T03:22:19: 读取文件成功
2017-01-31T03:22:29: 读取文件成功
2017-01-31T03:22:39: 读取文件成功
2017-01-31T03:22:49: 读取文件成功
2017-01-31T03:22:59: 读取文件成功
2017-01-31T03:23:09: 读取文件成功
2017-01-31T03:23:19: 读取文件成功
2017-01-31T03:23:29: 读取文件成功
2017-01-31T03:23:39: 读取文件成功
2017-01-31T03:23:49: 读取文件成功
2017-01-31T03:23:59: 读取文件成功
2017-01-31T03:24:09: 读取文件成功
2017-01-31T03:24:19: 读取文件成功
2017-01-31T03:24:29: 读取文件成功
2017-01-31T03:24:39: 读取文件成功
2017-01-31T03:24:49: 读取文件成功
2017-01-31T03:24:59: 读取文件成功
2017-01-31T03:25:09: 读取文件成功
2017-01-31T03:25:19: 读取文件成功
2017-01-31T03:25:29: 读取文件成功
2017-01-31T03:25:39: 读取文件成功
2017-01-31T03:25:49: 读取文件成功
2017-01-31T03:25:59: 读取文件成功
2017-01-31T03:26:09: 读取文件成功
2017-01-31T03:26:19: 读取文件成功
2017-01-31T03:26:29: 读取文件成功
2017-01-31T03:26:40: 读取文件成功
2017-01-31T03:26:50: 读取文件成功
2017-01-31T03:27:00: 读取文件成功
2017-01-31T03:27:10: 读取文件成功
2017-01-31T03:27:20: 读取文件成功
2017-01-31T03:27:30: 读取文件成功
2017-01-31T03:27:40: 读取文件成功
2017-01-31T03:27:50: 读取文件成功
2017-01-31T03:28:00: 读取文件成功
2017-01-31T03:28:10: 读取文件成功
2017-01-31T03:28:20: 读取文件成功
2017-01-31T03:28:30: 读取文件成功
2017-01-31T03:28:40: 读取文件成功
2017-01-31T03:28:50: 读取文件成功
2017-01-31T03:29:00: 读取文件成功
2017-01-31T03:29:10: 读取文件成功
2017-01-31T03:29:20: 读取文件成功
2017-01-31T03:29:30: 读取文件成功
2017-01-31T03:29:40: 读取文件成功
2017-01-31T03:29:50: 读取文件成功
2017-01-31T03:30:00: 读取文件成功
2017-01-31T03:30:10: 读取文件成功
2017-01-31T03:30:20: 读取文件成功
2017-01-31T03:30:30: 读取文件成功
2017-01-31T03:30:40: 读取文件成功
2017-01-31T03:30:50: 读取文件成功
2017-01-31T03:31:00: 读取文件成功
2017-01-31T03:31:10: 读取文件成功
2017-01-31T03:31:20: 读取文件成功
2017-01-31T03:31:30: 读取文件成功
2017-01-31T03:31:40: 读取文件成功
2017-01-31T03:31:50: 读取文件成功
2017-01-31T03:32:00: 读取文件成功
2017-01-31T03:32:10: 读取文件成功
2017-01-31T03:32:20: 读取文件成功
2017-01-31T03:32:30: 读取文件成功
2017-01-31T03:32:40: 读取文件成功
2017-01-31T03:32:50: 读取文件成功
2017-01-31T03:33:00: 读取文件成功
2017-01-31T03:33:10: 读取文件成功
2017-01-31T03:33:20: 读取文件成功
2017-01-31T03:33:30: 读取文件成功
2017-01-31T03:33:40: 读取文件成功
2017-01-31T03:33:50: 读取文件成功
2017-01-31T03:34:00: 读取文件成功
2017-01-31T03:34:10: 读取文件成功
2017-01-31T03:34:20: 读取文件成功
2017-01-31T03:34:30: 读取文件成功
2017-01-31T03:34:40: 读取文件成功
2017-01-31T03:34:50: 读取文件成功
2017-01-31T03:35:00: 读取文件成功
2017-01-31T03:35:10: 读取文件成功
2017-01-31T03:35:20: 读取文件成功
2017-01-31T03:35:30: 读取文件成功
2017-01-31T03:35:40: 读取文件成功
2017-01-31T03:35:50: 读取文件成功
2017-01-31T03:36:00: 读取文件成功
2017-01-31T03:36:10: 读取文件成功
2017-01-31T03:36:20: 读取文件成功
2017-01-31T03:36:30: 读取文件成功
2017-01-31T03:36:40: 读取文件成功
2017-01-31T03:36:50: 读取文件成功
2017-01-31T03:37:00: 读取文件成功
2017-01-31T03:37:10: 读取文件成功
2017-01-31T03:37:20: 读取文件成功
2017-01-31T03:37:30: 读取文件成功
2017-01-31T03:37:40: 读取文件成功
2017-01-31T03:37:50: 读取文件成功
2017-01-31T03:38:00: 读取文件成功
2017-01-31T03:38:10: 读取文件成功
2017-01-31T03:38:20: 读取文件成功
2017-01-31T03:38:30: 读取文件成功
2017-01-31T03:38:40: 读取文件成功
2017-01-31T03:38:50: 读取文件成功
2017-01-31T03:39:00: 读取文件成功
2017-01-31T03:39:10: 读取文件成功
2017-01-31T03:39:20: 读取文件成功
2017-01-31T03:39:30: 读取文件成功
2017-01-31T03:39:40: 读取文件成功
2017-01-31T03:39:50: 读取文件成功
2017-01-31T03:40:00: 读取文件成功
2017-01-31T03:40:10: 读取文件成功
2017-01-31T03:40:20: 读取文件成功
2017-01-31T03:40:30: 读取文件成功
2017-01-31T03:40:40: 读取文件成功
2017-01-31T03:40:50: 读取文件成功
2017-01-31T03:41:00: 读取文件成功
2017-01-31T03:41:10: 读取文件成功
2017-01-31T03:41:20: 读取文件成功
2017-01-31T03:41:30: 读取文件成功
2017-01-31T03:41:40: 读取文件成功
2017-01-31T03:41:50: 读取文件成功
2017-01-31T03:42:00: 读取文件成功
2017-01-31T03:42:10: 读取文件成功
2017-01-31T03:42:20: 读取文件成功
2017-01-31T03:42:30: 读取文件成功
2017-01-31T03:42:40: 读取文件成功
2017-01-31T03:42:50: 读取文件成功
2017-01-31T03:43:01: 读取文件成功
2017-01-31T03:43:11: 读取文件成功
2017-01-31T03:43:21: 读取文件成功
2017-01-31T03:43:31: 读取文件成功
2017-01-31T03:43:41: 读取文件成功
2017-01-31T03:43:51: 读取文件成功
2017-01-31T03:44:01: 读取文件成功
2017-01-31T03:44:11: 读取文件成功
2017-01-31T03:44:21: 读取文件成功
2017-01-31T03:44:31: 读取文件成功
2017-01-31T03:44:41: 读取文件成功
2017-01-31T03:44:51: 读取文件成功
2017-01-31T03:45:01: 读取文件成功
2017-01-31T03:45:11: 读取文件成功
2017-01-31T03:45:21: 读取文件成功
2017-01-31T03:45:31: 读取文件成功
2017-01-31T03:45:41: 读取文件成功
2017-01-31T03:45:51: 读取文件成功
2017-01-31T03:46:01: 读取文件成功
2017-01-31T03:46:11: 读取文件成功
2017-01-31T03:46:21: 读取文件成功
2017-01-31T03:46:31: 读取文件成功
2017-01-31T03:46:41: 读取文件成功
2017-01-31T03:46:51: 读取文件成功
2017-01-31T03:47:01: 读取文件成功
2017-01-31T03:47:11: 读取文件成功
2017-01-31T03:47:21: 读取文件成功
2017-01-31T03:47:31: 读取文件成功
2017-01-31T03:47:41: 读取文件成功
2017-01-31T03:47:51: 读取文件成功
2017-01-31T03:48:01: 读取文件成功
2017-01-31T03:48:11: 读取文件成功
2017-01-31T03:48:21: 读取文件成功
2017-01-31T03:48:31: 读取文件成功
2017-01-31T03:48:41: 读取文件成功
2017-01-31T03:48:51: 读取文件成功
2017-01-31T03:49:01: 读取文件成功
2017-01-31T03:49:11: 读取文件成功
2017-01-31T03:49:21: 读取文件成功
2017-01-31T03:49:31: 读取文件成功
2017-01-31T03:49:41: 读取文件成功
2017-01-31T03:49:51: 读取文件成功
2017-01-31T03:50:01: 读取文件成功
2017-01-31T03:50:11: 读取文件成功
2017-01-31T03:50:21: 读取文件成功
2017-01-31T03:50:31: 读取文件成功
2017-01-31T03:50:41: 读取文件成功
2017-01-31T03:50:51: 读取文件成功
2017-01-31T03:51:01: 读取文件成功
2017-01-31T03:51:11: 读取文件成功
2017-01-31T03:51:21: 读取文件成功
2017-01-31T03:51:31: 读取文件成功
2017-01-31T03:51:41: 读取文件成功
2017-01-31T03:51:51: 读取文件成功
2017-01-31T03:52:01: 读取文件成功
2017-01-31T03:52:11: 读取文件成功
2017-01-31T03:52:21: 读取文件成功
2017-01-31T03:52:31: 读取文件成功
2017-01-31T03:52:41: 读取文件成功
2017-01-31T03:52:51: 读取文件成功
2017-01-31T03:53:01: 读取文件成功
2017-01-31T03:53:11: 读取文件成功
2017-01-31T03:53:21: 读取文件成功
2017-01-31T03:53:31: 读取文件成功
2017-01-31T03:53:41: 读取文件成功
2017-01-31T03:53:51: 读取文件成功
2017-01-31T03:54:01: 读取文件成功
2017-01-31T03:54:11: 读取文件成功
2017-01-31T03:54:21: 读取文件成功
2017-01-31T03:54:31: 读取文件成功
2017-01-31T03:54:41: 读取文件成功
2017-01-31T03:54:51: 读取文件成功
2017-01-31T03:55:01: 读取文件成功
2017-01-31T03:55:11: 读取文件成功
2017-01-31T03:55:21: 读取文件成功
2017-01-31T03:55:31: 读取文件成功
2017-01-31T03:55:41: 读取文件成功
2017-01-31T03:55:51: 读取文件成功
2017-01-31T03:56:01: 读取文件成功
2017-01-31T03:56:11: 读取文件成功
2017-01-31T03:56:21: 读取文件成功
2017-01-31T03:56:31: 读取文件成功
2017-01-31T03:56:41: 读取文件成功
2017-01-31T03:56:51: 读取文件成功
2017-01-31T03:57:01: 读取文件成功
2017-01-31T03:57:11: 读取文件成功
2017-01-31T03:57:21: 读取文件成功
2017-01-31T03:57:31: 读取文件成功
2017-01-31T03:57:41: 读取文件成功
2017-01-31T03:57:51: 读取文件成功
2017-01-31T03:58:01: 读取文件成功
2017-01-31T03:58:11: 读取文件成功
2017-01-31T03:58:21: 读取文件成功
2017-01-31T03:58:31: 读取文件成功
2017-01-31T03:58:41: 读取文件成功
2017-01-31T03:58:51: 读取文件成功
2017-01-31T03:59:01: 读取文件成功
2017-01-31T03:59:11: 读取文件成功
2017-01-31T03:59:21: 读取文件成功
2017-01-31T03:59:31: 读取文件成功
2017-01-31T03:59:41: 读取文件成功
2017-01-31T03:59:51: 读取文件成功
2017-01-31T04:00:01: 读取文件成功
2017-01-31T04:00:12: 读取文件成功
2017-01-31T04:00:22: 读取文件成功
2017-01-31T04:00:32: 读取文件成功
2017-01-31T04:00:42: 读取文件成功
2017-01-31T04:00:52: 读取文件成功
2017-01-31T04:01:02: 读取文件成功
2017-01-31T04:01:12: 读取文件成功
2017-01-31T04:01:22: 读取文件成功
2017-01-31T04:01:32: 读取文件成功
2017-01-31T04:01:42: 读取文件成功
2017-01-31T04:01:52: 读取文件成功
2017-01-31T04:02:02: 读取文件成功
2017-01-31T04:02:12: 读取文件成功
2017-01-31T04:02:22: 读取文件成功
2017-01-31T04:02:32: 读取文件成功
2017-01-31T04:02:42: 读取文件成功
2017-01-31T04:02:52: 读取文件成功
2017-01-31T04:03:02: 读取文件成功
2017-01-31T04:03:12: 读取文件成功
2017-01-31T04:03:22: 读取文件成功
2017-01-31T04:03:32: 读取文件成功
2017-01-31T04:03:42: 读取文件成功
2017-01-31T04:03:52: 读取文件成功
2017-01-31T04:04:02: 读取文件成功
2017-01-31T04:04:12: 读取文件成功
2017-01-31T04:04:22: 读取文件成功
2017-01-31T04:04:32: 读取文件成功
2017-01-31T04:04:42: 读取文件成功
2017-01-31T04:04:52: 读取文件成功
2017-01-31T04:05:02: 读取文件成功
2017-01-31T04:05:12: 读取文件成功
2017-01-31T04:05:22: 读取文件成功
2017-01-31T04:05:32: 读取文件成功
2017-01-31T04:05:42: 读取文件成功
2017-01-31T04:05:52: 读取文件成功
2017-01-31T04:06:02: 读取文件成功
2017-01-31T04:06:12: 读取文件成功
2017-01-31T04:06:22: 读取文件成功
2017-01-31T04:06:32: 读取文件成功
2017-01-31T04:06:42: 读取文件成功
2017-01-31T04:06:52: 读取文件成功
2017-01-31T04:07:02: 读取文件成功
2017-01-31T04:07:12: 读取文件成功
2017-01-31T04:07:22: 读取文件成功
2017-01-31T04:07:32: 读取文件成功
2017-01-31T04:07:42: 读取文件成功
2017-01-31T04:07:52: 读取文件成功
2017-01-31T04:08:02: 读取文件成功
2017-01-31T04:08:12: 读取文件成功
2017-01-31T04:08:22: 读取文件成功
2017-01-31T04:08:32: 读取文件成功
2017-01-31T04:08:42: 读取文件成功
2017-01-31T04:08:52: 读取文件成功
2017-01-31T04:09:02: 读取文件成功
2017-01-31T04:09:12: 读取文件成功
2017-01-31T04:09:22: 读取文件成功
2017-01-31T04:09:32: 读取文件成功
2017-01-31T04:09:42: 读取文件成功
2017-01-31T04:09:52: 读取文件成功
2017-01-31T04:10:02: 读取文件成功
2017-01-31T04:10:12: 读取文件成功
2017-01-31T04:10:22: 读取文件成功
2017-01-31T04:10:32: 读取文件成功
2017-01-31T04:10:42: 读取文件成功
2017-01-31T04:10:52: 读取文件成功
2017-01-31T04:11:02: 读取文件成功
2017-01-31T04:11:12: 读取文件成功
2017-01-31T04:11:22: 读取文件成功
2017-01-31T04:11:32: 读取文件成功
2017-01-31T04:11:42: 读取文件成功
2017-01-31T04:11:52: 读取文件成功
2017-01-31T04:12:02: 读取文件成功
2017-01-31T04:12:12: 读取文件成功
2017-01-31T04:12:22: 读取文件成功
2017-01-31T04:12:32: 读取文件成功
2017-01-31T04:12:42: 读取文件成功
2017-01-31T04:12:52: 读取文件成功
2017-01-31T04:13:02: 读取文件成功
2017-01-31T04:13:12: 读取文件成功
2017-01-31T04:13:22: 读取文件成功
2017-01-31T04:13:32: 读取文件成功
2017-01-31T04:13:42: 读取文件成功
2017-01-31T04:13:52: 读取文件成功
2017-01-31T04:14:02: 读取文件成功
2017-01-31T04:14:12: 读取文件成功
2017-01-31T04:14:22: 读取文件成功
2017-01-31T04:14:32: 读取文件成功
2017-01-31T04:14:42: 读取文件成功
2017-01-31T04:14:52: 读取文件成功
2017-01-31T04:15:02: 读取文件成功
2017-01-31T04:15:12: 读取文件成功
2017-01-31T04:15:22: 读取文件成功
2017-01-31T04:15:32: 读取文件成功
2017-01-31T04:15:42: 读取文件成功
2017-01-31T04:15:52: 读取文件成功
2017-01-31T04:16:02: 读取文件成功
2017-01-31T04:16:12: 读取文件成功
2017-01-31T04:16:22: 读取文件成功
2017-01-31T04:16:32: 读取文件成功
2017-01-31T04:16:42: 读取文件成功
2017-01-31T04:16:52: 读取文件成功
2017-01-31T04:17:02: 读取文件成功
2017-01-31T04:17:12: 读取文件成功
2017-01-31T04:17:22: 读取文件成功
2017-01-31T04:17:32: 读取文件成功
2017-01-31T04:17:42: 读取文件成功
2017-01-31T04:17:52: 读取文件成功
2017-01-31T04:18:02: 读取文件成功
2017-01-31T04:18:12: 读取文件成功
2017-01-31T04:18:22: 读取文件成功
2017-01-31T04:18:32: 读取文件成功
2017-01-31T04:18:42: 读取文件成功
2017-01-31T04:18:52: 读取文件成功
2017-01-31T04:19:03: 读取文件成功
2017-01-31T04:19:13: 读取文件成功
2017-01-31T04:19:23: 读取文件成功
2017-01-31T04:19:33: 读取文件成功
2017-01-31T04:19:43: 读取文件成功
2017-01-31T04:19:53: 读取文件成功
2017-01-31T04:20:03: 读取文件成功
2017-01-31T04:20:13: 读取文件成功
2017-01-31T04:20:23: 读取文件成功
2017-01-31T04:20:33: 读取文件成功
2017-01-31T04:20:43: 读取文件成功
2017-01-31T04:20:53: 读取文件成功
2017-01-31T04:21:03: 读取文件成功
2017-01-31T04:21:13: 读取文件成功
2017-01-31T04:21:23: 读取文件成功
2017-01-31T04:21:33: 读取文件成功
2017-01-31T04:21:43: 读取文件成功
2017-01-31T04:21:53: 读取文件成功
2017-01-31T04:22:03: 读取文件成功
2017-01-31T04:22:13: 读取文件成功
2017-01-31T04:22:23: 读取文件成功
2017-01-31T04:22:33: 读取文件成功
2017-01-31T04:22:43: 读取文件成功
2017-01-31T04:22:53: 读取文件成功
2017-01-31T04:23:03: 读取文件成功
2017-01-31T04:23:13: 读取文件成功
2017-01-31T04:23:23: 读取文件成功
2017-01-31T04:23:33: 读取文件成功
2017-01-31T04:23:43: 读取文件成功
2017-01-31T04:23:53: 读取文件成功
2017-01-31T04:24:03: 读取文件成功
2017-01-31T04:24:13: 读取文件成功
2017-01-31T04:24:23: 读取文件成功
2017-01-31T04:24:33: 读取文件成功
2017-01-31T04:24:43: 读取文件成功
2017-01-31T04:24:53: 读取文件成功
2017-01-31T04:25:03: 读取文件成功
2017-01-31T04:25:13: 读取文件成功
2017-01-31T04:25:23: 读取文件成功
2017-01-31T04:25:33: 读取文件成功
2017-01-31T04:25:43: 读取文件成功
2017-01-31T04:25:53: 读取文件成功
2017-01-31T04:26:03: 读取文件成功
2017-01-31T04:26:13: 读取文件成功
2017-01-31T04:26:23: 读取文件成功
2017-01-31T04:26:33: 读取文件成功
2017-01-31T04:26:43: 读取文件成功
2017-01-31T04:26:53: 读取文件成功
2017-01-31T04:27:03: 读取文件成功
2017-01-31T04:27:13: 读取文件成功
2017-01-31T04:27:23: 读取文件成功
2017-01-31T04:27:33: 读取文件成功
2017-01-31T04:27:43: 读取文件成功
2017-01-31T04:27:53: 读取文件成功
2017-01-31T04:28:03: 读取文件成功
2017-01-31T04:28:13: 读取文件成功
2017-01-31T04:28:23: 读取文件成功
2017-01-31T04:28:33: 读取文件成功
2017-01-31T04:28:43: 读取文件成功
2017-01-31T04:28:53: 读取文件成功
2017-01-31T04:29:03: 读取文件成功
2017-01-31T04:29:13: 读取文件成功
2017-01-31T04:29:23: 读取文件成功
2017-01-31T04:29:33: 读取文件成功
2017-01-31T04:29:43: 读取文件成功
2017-01-31T04:29:53: 读取文件成功
2017-01-31T04:30:03: 读取文件成功
2017-01-31T04:30:13: 读取文件成功
2017-01-31T04:30:23: 读取文件成功
2017-01-31T04:30:33: 读取文件成功
2017-01-31T04:30:43: 读取文件成功
2017-01-31T04:30:53: 读取文件成功
2017-01-31T04:31:03: 读取文件成功
2017-01-31T04:31:13: 读取文件成功
2017-01-31T04:31:23: 读取文件成功
2017-01-31T04:31:33: 读取文件成功
2017-01-31T04:31:43: 读取文件成功
2017-01-31T04:31:53: 读取文件成功
2017-01-31T04:32:03: 读取文件成功
2017-01-31T04:32:13: 读取文件成功
2017-01-31T04:32:23: 读取文件成功
2017-01-31T04:32:33: 读取文件成功
2017-01-31T04:32:43: 读取文件成功
2017-01-31T04:32:53: 读取文件成功
2017-01-31T04:33:03: 读取文件成功
2017-01-31T04:33:13: 读取文件成功
2017-01-31T04:33:23: 读取文件成功
2017-01-31T04:33:33: 读取文件成功
2017-01-31T04:33:43: 读取文件成功
2017-01-31T04:33:53: 读取文件成功
2017-01-31T04:34:03: 读取文件成功
2017-01-31T04:34:13: 读取文件成功
2017-01-31T04:34:23: 读取文件成功
2017-01-31T04:34:33: 读取文件成功
2017-01-31T04:34:43: 读取文件成功
2017-01-31T04:34:53: 读取文件成功
2017-01-31T04:35:03: 读取文件成功
2017-01-31T04:35:13: 读取文件成功
2017-01-31T04:35:23: 读取文件成功
2017-01-31T04:35:33: 读取文件成功
2017-01-31T04:35:43: 读取文件成功
2017-01-31T04:35:54: 读取文件成功
2017-01-31T04:36:04: 读取文件成功
2017-01-31T04:36:14: 读取文件成功
2017-01-31T04:36:24: 读取文件成功
2017-01-31T04:36:34: 读取文件成功
2017-01-31T04:36:44: 读取文件成功
2017-01-31T04:36:54: 读取文件成功
2017-01-31T04:37:04: 读取文件成功
2017-01-31T04:37:14: 读取文件成功
2017-01-31T04:37:24: 读取文件成功
2017-01-31T04:37:34: 读取文件成功
2017-01-31T04:37:44: 读取文件成功
2017-01-31T04:37:54: 读取文件成功
2017-01-31T04:38:04: 读取文件成功
2017-01-31T04:38:14: 读取文件成功
2017-01-31T04:38:24: 读取文件成功
2017-01-31T04:38:34: 读取文件成功
2017-01-31T04:38:44: 读取文件成功
2017-01-31T04:38:54: 读取文件成功
2017-01-31T04:39:04: 读取文件成功
2017-01-31T04:39:14: 读取文件成功
2017-01-31T04:39:24: 读取文件成功
2017-01-31T04:39:34: 读取文件成功
2017-01-31T04:39:44: 读取文件成功
2017-01-31T04:39:54: 读取文件成功
2017-01-31T04:40:04: 读取文件成功
2017-01-31T04:40:14: 读取文件成功
2017-01-31T04:40:24: 读取文件成功
2017-01-31T04:40:34: 读取文件成功
2017-01-31T04:40:44: 读取文件成功
2017-01-31T04:40:54: 读取文件成功
2017-01-31T04:41:04: 读取文件成功
2017-01-31T04:41:14: 读取文件成功
2017-01-31T04:41:24: 读取文件成功
2017-01-31T04:41:34: 读取文件成功
2017-01-31T04:41:44: 读取文件成功
2017-01-31T04:41:54: 读取文件成功
2017-01-31T04:42:04: 读取文件成功
2017-01-31T04:42:14: 读取文件成功
2017-01-31T04:42:24: 读取文件成功
2017-01-31T04:42:34: 读取文件成功
2017-01-31T04:42:44: 读取文件成功
2017-01-31T04:42:54: 读取文件成功
2017-01-31T04:43:04: 读取文件成功
2017-01-31T04:43:14: 读取文件成功
2017-01-31T04:43:24: 读取文件成功
2017-01-31T04:43:34: 读取文件成功
2017-01-31T04:43:44: 读取文件成功
2017-01-31T04:43:54: 读取文件成功
2017-01-31T04:44:04: 读取文件成功
2017-01-31T04:44:14: 读取文件成功
2017-01-31T04:44:24: 读取文件成功
2017-01-31T04:44:34: 读取文件成功
2017-01-31T04:44:44: 读取文件成功
2017-01-31T04:44:54: 读取文件成功
2017-01-31T04:45:04: 读取文件成功
2017-01-31T04:45:14: 读取文件成功
2017-01-31T04:45:24: 读取文件成功
2017-01-31T04:45:34: 读取文件成功
2017-01-31T04:45:44: 读取文件成功
2017-01-31T04:45:54: 读取文件成功
2017-01-31T04:46:04: 读取文件成功
2017-01-31T04:46:14: 读取文件成功
2017-01-31T04:46:24: 读取文件成功
2017-01-31T04:46:34: 读取文件成功
2017-01-31T04:46:44: 读取文件成功
2017-01-31T04:46:54: 读取文件成功
2017-01-31T04:47:04: 读取文件成功
2017-01-31T04:47:14: 读取文件成功
2017-01-31T04:47:24: 读取文件成功
2017-01-31T04:47:34: 读取文件成功
2017-01-31T04:47:44: 读取文件成功
2017-01-31T04:47:54: 读取文件成功
2017-01-31T04:48:04: 读取文件成功
2017-01-31T04:48:14: 读取文件成功
2017-01-31T04:48:24: 读取文件成功
2017-01-31T04:48:34: 读取文件成功
2017-01-31T04:48:44: 读取文件成功
2017-01-31T04:48:54: 读取文件成功
2017-01-31T04:49:04: 读取文件成功
2017-01-31T04:49:14: 读取文件成功
2017-01-31T04:49:24: 读取文件成功
2017-01-31T04:49:34: 读取文件成功
2017-01-31T04:49:44: 读取文件成功
2017-01-31T04:49:54: 读取文件成功
2017-01-31T04:50:04: 读取文件成功
2017-01-31T04:50:14: 读取文件成功
2017-01-31T04:50:24: 读取文件成功
2017-01-31T04:50:34: 读取文件成功
2017-01-31T04:50:44: 读取文件成功
2017-01-31T04:50:54: 读取文件成功
2017-01-31T04:51:04: 读取文件成功
2017-01-31T04:51:14: 读取文件成功
2017-01-31T04:51:24: 读取文件成功
2017-01-31T04:51:34: 读取文件成功
2017-01-31T04:51:45: 读取文件成功
2017-01-31T04:51:54: 读取文件成功
2017-01-31T04:52:04: 读取文件成功
2017-01-31T04:52:14: 读取文件成功
2017-01-31T04:52:24: 读取文件成功
2017-01-31T04:52:34: 读取文件成功
2017-01-31T04:52:44: 读取文件成功
2017-01-31T04:52:54: 读取文件成功
2017-01-31T04:53:04: 读取文件成功
2017-01-31T04:53:15: 读取文件成功
2017-01-31T04:53:25: 读取文件成功
2017-01-31T04:53:35: 读取文件成功
2017-01-31T04:53:45: 读取文件成功
2017-01-31T04:53:55: 读取文件成功
2017-01-31T04:54:05: 读取文件成功
2017-01-31T04:54:15: 读取文件成功
2017-01-31T04:54:25: 读取文件成功
2017-01-31T04:54:35: 读取文件成功
2017-01-31T04:54:45: 读取文件成功
2017-01-31T04:54:55: 读取文件成功
2017-01-31T04:55:05: 读取文件成功
2017-01-31T04:55:15: 读取文件成功
2017-01-31T04:55:25: 读取文件成功
2017-01-31T04:55:35: 读取文件成功
2017-01-31T04:55:45: 读取文件成功
2017-01-31T04:55:55: 读取文件成功
2017-01-31T04:56:05: 读取文件成功
2017-01-31T04:56:15: 读取文件成功
2017-01-31T04:56:25: 读取文件成功
2017-01-31T04:56:35: 读取文件成功
2017-01-31T04:56:45: 读取文件成功
2017-01-31T04:56:55: 读取文件成功
2017-01-31T04:57:05: 读取文件成功
2017-01-31T04:57:15: 读取文件成功
2017-01-31T04:57:25: 读取文件成功
2017-01-31T04:57:35: 读取文件成功
2017-01-31T04:57:45: 读取文件成功
2017-01-31T04:57:55: 读取文件成功
2017-01-31T04:58:05: 读取文件成功
2017-01-31T04:58:15: 读取文件成功
2017-01-31T04:58:25: 读取文件成功
2017-01-31T04:58:35: 读取文件成功
2017-01-31T04:58:45: 读取文件成功
2017-01-31T04:58:55: 读取文件成功
2017-01-31T04:59:05: 读取文件成功
2017-01-31T04:59:15: 读取文件成功
2017-01-31T04:59:25: 读取文件成功
2017-01-31T04:59:35: 读取文件成功
2017-01-31T04:59:45: 读取文件成功
2017-01-31T04:59:55: 读取文件成功
2017-01-31T05:00:05: 读取文件成功
2017-01-31T05:00:15: 读取文件成功
2017-01-31T05:00:25: 读取文件成功
2017-01-31T05:00:35: 读取文件成功
2017-01-31T05:00:45: 读取文件成功
2017-01-31T05:00:55: 读取文件成功
2017-01-31T05:01:05: 读取文件成功
2017-01-31T05:01:15: 读取文件成功
2017-01-31T05:01:25: 读取文件成功
2017-01-31T05:01:35: 读取文件成功
2017-01-31T05:01:45: 读取文件成功
2017-01-31T05:01:55: 读取文件成功
2017-01-31T05:02:05: 读取文件成功
2017-01-31T05:02:15: 读取文件成功
2017-01-31T05:02:25: 读取文件成功
2017-01-31T05:02:35: 读取文件成功
2017-01-31T05:02:45: 读取文件成功
2017-01-31T05:02:55: 读取文件成功
2017-01-31T05:03:05: 读取文件成功
2017-01-31T05:03:15: 读取文件成功
2017-01-31T05:03:25: 读取文件成功
2017-01-31T05:03:35: 读取文件成功
2017-01-31T05:03:45: 读取文件成功
2017-01-31T05:03:55: 读取文件成功
2017-01-31T05:04:05: 读取文件成功
2017-01-31T05:04:15: 读取文件成功
2017-01-31T05:04:25: 读取文件成功
2017-01-31T05:04:35: 读取文件成功
2017-01-31T05:04:45: 读取文件成功
2017-01-31T05:04:55: 读取文件成功
2017-01-31T05:05:05: 读取文件成功
2017-01-31T05:05:15: 读取文件成功
2017-01-31T05:05:25: 读取文件成功
2017-01-31T05:05:35: 读取文件成功
2017-01-31T05:05:45: 读取文件成功
2017-01-31T05:05:55: 读取文件成功
2017-01-31T05:06:05: 读取文件成功
2017-01-31T05:06:15: 读取文件成功
2017-01-31T05:06:25: 读取文件成功
2017-01-31T05:06:35: 读取文件成功
2017-01-31T05:06:45: 读取文件成功
2017-01-31T05:06:55: 读取文件成功
2017-01-31T05:07:05: 读取文件成功
2017-01-31T05:07:15: 读取文件成功
2017-01-31T05:07:25: 读取文件成功
2017-01-31T05:07:35: 读取文件成功
2017-01-31T05:07:45: 读取文件成功
2017-01-31T05:07:55: 读取文件成功
2017-01-31T05:08:05: 读取文件成功
2017-01-31T05:08:15: 读取文件成功
2017-01-31T05:08:25: 读取文件成功
2017-01-31T05:08:35: 读取文件成功
2017-01-31T05:08:45: 读取文件成功
2017-01-31T05:08:55: 读取文件成功
2017-01-31T05:09:05: 读取文件成功
2017-01-31T05:09:15: 读取文件成功
2017-01-31T05:09:25: 读取文件成功
2017-01-31T05:09:35: 读取文件成功
2017-01-31T05:09:45: 读取文件成功
2017-01-31T05:09:55: 读取文件成功
2017-01-31T05:10:05: 读取文件成功
2017-01-31T05:10:15: 读取文件成功
2017-01-31T05:10:25: 读取文件成功
2017-01-31T05:10:35: 读取文件成功
2017-01-31T05:10:45: 读取文件成功
2017-01-31T05:10:55: 读取文件成功
2017-01-31T05:11:05: 读取文件成功
2017-01-31T05:11:15: 读取文件成功
2017-01-31T05:11:25: 读取文件成功
2017-01-31T05:11:35: 读取文件成功
2017-01-31T05:11:46: 读取文件成功
2017-01-31T05:11:56: 读取文件成功
2017-01-31T05:12:06: 读取文件成功
2017-01-31T05:12:16: 读取文件成功
2017-01-31T05:12:26: 读取文件成功
2017-01-31T05:12:36: 读取文件成功
2017-01-31T05:12:46: 读取文件成功
2017-01-31T05:12:56: 读取文件成功
2017-01-31T05:13:06: 读取文件成功
2017-01-31T05:13:16: 读取文件成功
2017-01-31T05:13:26: 读取文件成功
2017-01-31T05:13:36: 读取文件成功
2017-01-31T05:13:46: 读取文件成功
2017-01-31T05:13:56: 读取文件成功
2017-01-31T05:14:06: 读取文件成功
2017-01-31T05:14:16: 读取文件成功
2017-01-31T05:14:26: 读取文件成功
2017-01-31T05:14:36: 读取文件成功
2017-01-31T05:14:46: 读取文件成功
2017-01-31T05:14:56: 读取文件成功
2017-01-31T05:15:06: 读取文件成功
2017-01-31T05:15:16: 读取文件成功
2017-01-31T05:15:26: 读取文件成功
2017-01-31T05:15:36: 读取文件成功
2017-01-31T05:15:46: 读取文件成功
2017-01-31T05:15:56: 读取文件成功
2017-01-31T05:16:06: 读取文件成功
2017-01-31T05:16:16: 读取文件成功
2017-01-31T05:16:26: 读取文件成功
2017-01-31T05:16:36: 读取文件成功
2017-01-31T05:16:46: 读取文件成功
2017-01-31T05:16:56: 读取文件成功
2017-01-31T05:17:06: 读取文件成功
2017-01-31T05:17:16: 读取文件成功
2017-01-31T05:17:26: 读取文件成功
2017-01-31T05:17:36: 读取文件成功
2017-01-31T05:17:46: 读取文件成功
2017-01-31T05:17:56: 读取文件成功
2017-01-31T05:18:06: 读取文件成功
2017-01-31T05:18:16: 读取文件成功
2017-01-31T05:18:26: 读取文件成功
2017-01-31T05:18:36: 读取文件成功
2017-01-31T05:18:46: 读取文件成功
2017-01-31T05:18:56: 读取文件成功
2017-01-31T05:19:06: 读取文件成功
2017-01-31T05:19:16: 读取文件成功
2017-01-31T05:19:26: 读取文件成功
2017-01-31T05:19:36: 读取文件成功
2017-01-31T05:19:46: 读取文件成功
2017-01-31T05:19:56: 读取文件成功
2017-01-31T05:20:06: 读取文件成功
2017-01-31T05:20:16: 读取文件成功
2017-01-31T05:20:26: 读取文件成功
2017-01-31T05:20:36: 读取文件成功
2017-01-31T05:20:46: 读取文件成功
2017-01-31T05:20:56: 读取文件成功
2017-01-31T05:21:06: 读取文件成功
2017-01-31T05:21:16: 读取文件成功
2017-01-31T05:21:26: 读取文件成功
2017-01-31T05:21:36: 读取文件成功
2017-01-31T05:21:46: 读取文件成功
2017-01-31T05:21:56: 读取文件成功
2017-01-31T05:22:06: 读取文件成功
2017-01-31T05:22:16: 读取文件成功
2017-01-31T05:22:26: 读取文件成功
2017-01-31T05:22:36: 读取文件成功
2017-01-31T05:22:46: 读取文件成功
2017-01-31T05:22:56: 读取文件成功
2017-01-31T05:23:06: 读取文件成功
2017-01-31T05:23:16: 读取文件成功
2017-01-31T05:23:26: 读取文件成功
2017-01-31T05:23:36: 读取文件成功
2017-01-31T05:23:46: 读取文件成功
2017-01-31T05:23:56: 读取文件成功
2017-01-31T05:24:06: 读取文件成功
2017-01-31T05:24:16: 读取文件成功
2017-01-31T05:24:26: 读取文件成功
2017-01-31T05:24:36: 读取文件成功
2017-01-31T05:24:46: 读取文件成功
2017-01-31T05:24:56: 读取文件成功
2017-01-31T05:25:06: 读取文件成功
2017-01-31T05:25:16: 读取文件成功
2017-01-31T05:25:26: 读取文件成功
2017-01-31T05:25:36: 读取文件成功
2017-01-31T05:25:46: 读取文件成功
2017-01-31T05:25:56: 读取文件成功
2017-01-31T05:26:06: 读取文件成功
2017-01-31T05:26:16: 读取文件成功
2017-01-31T05:26:26: 读取文件成功
2017-01-31T05:26:36: 读取文件成功
2017-01-31T05:26:46: 读取文件成功
2017-01-31T05:26:56: 读取文件成功
2017-01-31T05:27:06: 读取文件成功
2017-01-31T05:27:16: 读取文件成功
2017-01-31T05:27:26: 读取文件成功
2017-01-31T05:27:36: 读取文件成功
2017-01-31T05:27:46: 读取文件成功
2017-01-31T05:27:56: 读取文件成功
2017-01-31T05:28:06: 读取文件成功
2017-01-31T05:28:16: 读取文件成功
2017-01-31T05:28:26: 读取文件成功
2017-01-31T05:28:37: 读取文件成功
2017-01-31T05:28:46: 读取文件成功
2017-01-31T05:28:56: 读取文件成功
2017-01-31T05:29:06: 读取文件成功
2017-01-31T05:29:16: 读取文件成功
2017-01-31T05:29:26: 读取文件成功
2017-01-31T05:29:36: 读取文件成功
2017-01-31T05:29:47: 读取文件成功
2017-01-31T05:29:57: 读取文件成功
2017-01-31T05:30:07: 读取文件成功
2017-01-31T05:30:17: 读取文件成功
2017-01-31T05:30:27: 读取文件成功
2017-01-31T05:30:37: 读取文件成功
2017-01-31T05:30:47: 读取文件成功
2017-01-31T05:30:57: 读取文件成功
2017-01-31T05:31:07: 读取文件成功
2017-01-31T05:31:17: 读取文件成功
2017-01-31T05:31:27: 读取文件成功
2017-01-31T05:31:37: 读取文件成功
2017-01-31T05:31:47: 读取文件成功
2017-01-31T05:31:57: 读取文件成功
2017-01-31T05:32:07: 读取文件成功
2017-01-31T05:32:17: 读取文件成功
2017-01-31T05:32:27: 读取文件成功
2017-01-31T05:32:37: 读取文件成功
2017-01-31T05:32:47: 读取文件成功
2017-01-31T05:32:57: 读取文件成功
2017-01-31T05:33:07: 读取文件成功
2017-01-31T05:33:17: 读取文件成功
2017-01-31T05:33:27: 读取文件成功
2017-01-31T05:33:37: 读取文件成功
2017-01-31T05:33:47: 读取文件成功
2017-01-31T05:33:57: 读取文件成功
2017-01-31T05:34:07: 读取文件成功
2017-01-31T05:34:17: 读取文件成功
2017-01-31T05:34:27: 读取文件成功
2017-01-31T05:34:37: 读取文件成功
2017-01-31T05:34:47: 读取文件成功
2017-01-31T05:34:57: 读取文件成功
2017-01-31T05:35:07: 读取文件成功
2017-01-31T05:35:17: 读取文件成功
2017-01-31T05:35:27: 读取文件成功
2017-01-31T05:35:37: 读取文件成功
2017-01-31T05:35:47: 读取文件成功
2017-01-31T05:35:57: 读取文件成功
2017-01-31T05:36:07: 读取文件成功
2017-01-31T05:36:17: 读取文件成功
2017-01-31T05:36:27: 读取文件成功
2017-01-31T05:36:37: 读取文件成功
2017-01-31T05:36:47: 读取文件成功
2017-01-31T05:36:57: 读取文件成功
2017-01-31T05:37:07: 读取文件成功
2017-01-31T05:37:17: 读取文件成功
2017-01-31T05:37:27: 读取文件成功
2017-01-31T05:37:37: 读取文件成功
2017-01-31T05:37:47: 读取文件成功
2017-01-31T05:37:57: 读取文件成功
2017-01-31T05:38:07: 读取文件成功
2017-01-31T05:38:17: 读取文件成功
2017-01-31T05:38:27: 读取文件成功
2017-01-31T05:38:37: 读取文件成功
2017-01-31T05:38:47: 读取文件成功
2017-01-31T05:38:57: 读取文件成功
2017-01-31T05:39:07: 读取文件成功
2017-01-31T05:39:17: 读取文件成功
2017-01-31T05:39:27: 读取文件成功
2017-01-31T05:39:37: 读取文件成功
2017-01-31T05:39:47: 读取文件成功
2017-01-31T05:39:57: 读取文件成功
2017-01-31T05:40:07: 读取文件成功
2017-01-31T05:40:17: 读取文件成功
2017-01-31T05:40:27: 读取文件成功
2017-01-31T05:40:37: 读取文件成功
2017-01-31T05:40:47: 读取文件成功
2017-01-31T05:40:57: 读取文件成功
2017-01-31T05:41:07: 读取文件成功
2017-01-31T05:41:17: 读取文件成功
2017-01-31T05:41:27: 读取文件成功
2017-01-31T05:41:37: 读取文件成功
2017-01-31T05:41:47: 读取文件成功
2017-01-31T05:41:57: 读取文件成功
2017-01-31T05:42:07: 读取文件成功
2017-01-31T05:42:17: 读取文件成功
2017-01-31T05:42:27: 读取文件成功
2017-01-31T05:42:37: 读取文件成功
2017-01-31T05:42:47: 读取文件成功
2017-01-31T05:42:57: 读取文件成功
2017-01-31T05:43:07: 读取文件成功
2017-01-31T05:43:17: 读取文件成功
2017-01-31T05:43:27: 读取文件成功
2017-01-31T05:43:37: 读取文件成功
2017-01-31T05:43:47: 读取文件成功
2017-01-31T05:43:57: 读取文件成功
2017-01-31T05:44:07: 读取文件成功
2017-01-31T05:44:17: 读取文件成功
2017-01-31T05:44:27: 读取文件成功
2017-01-31T05:44:37: 读取文件成功
2017-01-31T05:44:47: 读取文件成功
2017-01-31T05:44:57: 读取文件成功
2017-01-31T05:45:07: 读取文件成功
2017-01-31T05:45:17: 读取文件成功
2017-01-31T05:45:27: 读取文件成功
2017-01-31T05:45:37: 读取文件成功
2017-01-31T05:45:47: 读取文件成功
2017-01-31T05:45:57: 读取文件成功
2017-01-31T05:46:07: 读取文件成功
2017-01-31T05:46:18: 读取文件成功
2017-01-31T05:46:27: 读取文件成功
2017-01-31T05:46:37: 读取文件成功
2017-01-31T05:46:47: 读取文件成功
2017-01-31T05:46:57: 读取文件成功
2017-01-31T05:47:07: 读取文件成功
2017-01-31T05:47:17: 读取文件成功
2017-01-31T05:47:27: 读取文件成功
2017-01-31T05:47:37: 读取文件成功
2017-01-31T05:47:48: 读取文件成功
2017-01-31T05:47:58: 读取文件成功
2017-01-31T05:48:08: 读取文件成功
2017-01-31T05:48:18: 读取文件成功
2017-01-31T05:48:28: 读取文件成功
2017-01-31T05:48:38: 读取文件成功
2017-01-31T05:48:48: 读取文件成功
2017-01-31T05:48:58: 读取文件成功
2017-01-31T05:49:08: 读取文件成功
2017-01-31T05:49:18: 读取文件成功
2017-01-31T05:49:28: 读取文件成功
2017-01-31T05:49:38: 读取文件成功
2017-01-31T05:49:48: 读取文件成功
2017-01-31T05:49:58: 读取文件成功
2017-01-31T05:50:08: 读取文件成功
2017-01-31T05:50:18: 读取文件成功
2017-01-31T05:50:28: 读取文件成功
2017-01-31T05:50:38: 读取文件成功
2017-01-31T05:50:48: 读取文件成功
2017-01-31T05:50:58: 读取文件成功
2017-01-31T05:51:08: 读取文件成功
2017-01-31T05:51:18: 读取文件成功
2017-01-31T05:51:28: 读取文件成功
2017-01-31T05:51:38: 读取文件成功
2017-01-31T05:51:48: 读取文件成功
2017-01-31T05:51:58: 读取文件成功
2017-01-31T05:52:08: 读取文件成功
2017-01-31T05:52:18: 读取文件成功
2017-01-31T05:52:28: 读取文件成功
2017-01-31T05:52:38: 读取文件成功
2017-01-31T05:52:48: 读取文件成功
2017-01-31T05:52:58: 读取文件成功
2017-01-31T05:53:08: 读取文件成功
2017-01-31T05:53:18: 读取文件成功
2017-01-31T05:53:28: 读取文件成功
2017-01-31T05:53:38: 读取文件成功
2017-01-31T05:53:48: 读取文件成功
2017-01-31T05:53:58: 读取文件成功
2017-01-31T05:54:08: 读取文件成功
2017-01-31T05:54:18: 读取文件成功
2017-01-31T05:54:28: 读取文件成功
2017-01-31T05:54:38: 读取文件成功
2017-01-31T05:54:48: 读取文件成功
2017-01-31T05:54:58: 读取文件成功
2017-01-31T05:55:08: 读取文件成功
2017-01-31T05:55:18: 读取文件成功
2017-01-31T05:55:28: 读取文件成功
2017-01-31T05:55:38: 读取文件成功
2017-01-31T05:55:48: 读取文件成功
2017-01-31T05:55:58: 读取文件成功
2017-01-31T05:56:08: 读取文件成功
2017-01-31T05:56:18: 读取文件成功
2017-01-31T05:56:28: 读取文件成功
2017-01-31T05:56:38: 读取文件成功
2017-01-31T05:56:48: 读取文件成功
2017-01-31T05:56:58: 读取文件成功
2017-01-31T05:57:08: 读取文件成功
2017-01-31T05:57:18: 读取文件成功
2017-01-31T05:57:28: 读取文件成功
2017-01-31T05:57:38: 读取文件成功
2017-01-31T05:57:48: 读取文件成功
2017-01-31T05:57:58: 读取文件成功
2017-01-31T05:58:08: 读取文件成功
2017-01-31T05:58:18: 读取文件成功
2017-01-31T05:58:28: 读取文件成功
2017-01-31T05:58:38: 读取文件成功
2017-01-31T05:58:48: 读取文件成功
2017-01-31T05:58:58: 读取文件成功
2017-01-31T05:59:08: 读取文件成功
2017-01-31T05:59:18: 读取文件成功
2017-01-31T05:59:28: 读取文件成功
2017-01-31T05:59:38: 读取文件成功
2017-01-31T05:59:48: 读取文件成功
2017-01-31T05:59:58: 读取文件成功
2017-01-31T06:00:08: 读取文件成功
2017-01-31T06:00:18: 读取文件成功
2017-01-31T06:00:28: 读取文件成功
2017-01-31T06:00:38: 读取文件成功
2017-01-31T06:00:48: 读取文件成功
2017-01-31T06:00:58: 读取文件成功
2017-01-31T06:01:08: 读取文件成功
2017-01-31T06:01:18: 读取文件成功
2017-01-31T06:01:28: 读取文件成功
2017-01-31T06:01:38: 读取文件成功
2017-01-31T06:01:48: 读取文件成功
2017-01-31T06:01:58: 读取文件成功
2017-01-31T06:02:08: 读取文件成功
2017-01-31T06:02:18: 读取文件成功
2017-01-31T06:02:28: 读取文件成功
2017-01-31T06:02:38: 读取文件成功
2017-01-31T06:02:48: 读取文件成功
2017-01-31T06:02:58: 读取文件成功
2017-01-31T06:03:08: 读取文件成功
2017-01-31T06:03:18: 读取文件成功
2017-01-31T06:03:29: 读取文件成功
2017-01-31T06:03:38: 读取文件成功
2017-01-31T06:03:48: 读取文件成功
2017-01-31T06:03:58: 读取文件成功
2017-01-31T06:04:08: 读取文件成功
2017-01-31T06:04:18: 读取文件成功
2017-01-31T06:04:28: 读取文件成功
2017-01-31T06:04:39: 读取文件成功
2017-01-31T06:04:49: 读取文件成功
2017-01-31T06:04:59: 读取文件成功
2017-01-31T06:05:09: 读取文件成功
2017-01-31T06:05:19: 读取文件成功
2017-01-31T06:05:29: 读取文件成功
2017-01-31T06:05:39: 读取文件成功
2017-01-31T06:05:49: 读取文件成功
2017-01-31T06:05:59: 读取文件成功
2017-01-31T06:06:09: 读取文件成功
2017-01-31T06:06:19: 读取文件成功
2017-01-31T06:06:29: 读取文件成功
2017-01-31T06:06:39: 读取文件成功
2017-01-31T06:06:49: 读取文件成功
2017-01-31T06:06:59: 读取文件成功
2017-01-31T06:07:09: 读取文件成功
2017-01-31T06:07:19: 读取文件成功
2017-01-31T06:07:29: 读取文件成功
2017-01-31T06:07:39: 读取文件成功
2017-01-31T06:07:49: 读取文件成功
2017-01-31T06:07:59: 读取文件成功
2017-01-31T06:08:09: 读取文件成功
2017-01-31T06:08:19: 读取文件成功
2017-01-31T06:08:29: 读取文件成功
2017-01-31T06:08:39: 读取文件成功
2017-01-31T06:08:49: 读取文件成功
2017-01-31T06:08:59: 读取文件成功
2017-01-31T06:09:09: 读取文件成功
2017-01-31T06:09:19: 读取文件成功
2017-01-31T06:09:29: 读取文件成功
2017-01-31T06:09:39: 读取文件成功
2017-01-31T06:09:49: 读取文件成功
2017-01-31T06:09:59: 读取文件成功
2017-01-31T06:10:09: 读取文件成功
2017-01-31T06:10:19: 读取文件成功
2017-01-31T06:10:29: 读取文件成功
2017-01-31T06:10:39: 读取文件成功
2017-01-31T06:10:49: 读取文件成功
2017-01-31T06:10:59: 读取文件成功
2017-01-31T06:11:09: 读取文件成功
2017-01-31T06:11:19: 读取文件成功
2017-01-31T06:11:29: 读取文件成功
2017-01-31T06:11:39: 读取文件成功
2017-01-31T06:11:49: 读取文件成功
2017-01-31T06:11:59: 读取文件成功
2017-01-31T06:12:09: 读取文件成功
2017-01-31T06:12:19: 读取文件成功
2017-01-31T06:12:29: 读取文件成功
2017-01-31T06:12:39: 读取文件成功
2017-01-31T06:12:49: 读取文件成功
2017-01-31T06:12:59: 读取文件成功
2017-01-31T06:13:09: 读取文件成功
2017-01-31T06:13:19: 读取文件成功
2017-01-31T06:13:29: 读取文件成功
2017-01-31T06:13:39: 读取文件成功
2017-01-31T06:13:49: 读取文件成功
2017-01-31T06:13:59: 读取文件成功
2017-01-31T06:14:09: 读取文件成功
2017-01-31T06:14:19: 读取文件成功
2017-01-31T06:14:29: 读取文件成功
2017-01-31T06:14:39: 读取文件成功
2017-01-31T06:14:49: 读取文件成功
2017-01-31T06:14:59: 读取文件成功
2017-01-31T06:15:09: 读取文件成功
2017-01-31T06:15:19: 读取文件成功
2017-01-31T06:15:29: 读取文件成功
2017-01-31T06:15:39: 读取文件成功
2017-01-31T06:15:49: 读取文件成功
2017-01-31T06:15:59: 读取文件成功
2017-01-31T06:16:09: 读取文件成功
2017-01-31T06:16:19: 读取文件成功
2017-01-31T06:16:29: 读取文件成功
2017-01-31T06:16:39: 读取文件成功
2017-01-31T06:16:49: 读取文件成功
2017-01-31T06:16:59: 读取文件成功
2017-01-31T06:17:09: 读取文件成功
2017-01-31T06:17:19: 读取文件成功
2017-01-31T06:17:29: 读取文件成功
2017-01-31T06:17:39: 读取文件成功
2017-01-31T06:17:49: 读取文件成功
2017-01-31T06:17:59: 读取文件成功
2017-01-31T06:18:09: 读取文件成功
2017-01-31T06:18:19: 读取文件成功
2017-01-31T06:18:29: 读取文件成功
2017-01-31T06:18:39: 读取文件成功
2017-01-31T06:18:49: 读取文件成功
2017-01-31T06:18:59: 读取文件成功
2017-01-31T06:19:09: 读取文件成功
2017-01-31T06:19:19: 读取文件成功
2017-01-31T06:19:29: 读取文件成功
2017-01-31T06:19:39: 读取文件成功
2017-01-31T06:19:49: 读取文件成功
2017-01-31T06:19:59: 读取文件成功
2017-01-31T06:20:09: 读取文件成功
2017-01-31T06:20:19: 读取文件成功
2017-01-31T06:20:29: 读取文件成功
2017-01-31T06:20:39: 读取文件成功
2017-01-31T06:20:49: 读取文件成功
2017-01-31T06:20:59: 读取文件成功
2017-01-31T06:21:09: 读取文件成功
2017-01-31T06:21:19: 读取文件成功
2017-01-31T06:21:29: 读取文件成功
2017-01-31T06:21:39: 读取文件成功
2017-01-31T06:21:50: 读取文件成功
2017-01-31T06:22:00: 读取文件成功
2017-01-31T06:22:10: 读取文件成功
2017-01-31T06:22:20: 读取文件成功
2017-01-31T06:22:30: 读取文件成功
2017-01-31T06:22:40: 读取文件成功
2017-01-31T06:22:50: 读取文件成功
2017-01-31T06:23:00: 读取文件成功
2017-01-31T06:23:10: 读取文件成功
2017-01-31T06:23:20: 读取文件成功
2017-01-31T06:23:30: 读取文件成功
2017-01-31T06:23:40: 读取文件成功
2017-01-31T06:23:50: 读取文件成功
2017-01-31T06:24:00: 读取文件成功
2017-01-31T06:24:10: 读取文件成功
2017-01-31T06:24:20: 读取文件成功
2017-01-31T06:24:30: 读取文件成功
2017-01-31T06:24:40: 读取文件成功
2017-01-31T06:24:50: 读取文件成功
2017-01-31T06:25:00: 读取文件成功
2017-01-31T06:25:10: 读取文件成功
2017-01-31T06:25:20: 读取文件成功
2017-01-31T06:25:30: 读取文件成功
2017-01-31T06:25:40: 读取文件成功
2017-01-31T06:25:50: 读取文件成功
2017-01-31T06:26:00: 读取文件成功
2017-01-31T06:26:10: 读取文件成功
2017-01-31T06:26:20: 读取文件成功
2017-01-31T06:26:30: 读取文件成功
2017-01-31T06:26:40: 读取文件成功
2017-01-31T06:26:50: 读取文件成功
2017-01-31T06:27:00: 读取文件成功
2017-01-31T06:27:10: 读取文件成功
2017-01-31T06:27:20: 读取文件成功
2017-01-31T06:27:30: 读取文件成功
2017-01-31T06:27:40: 读取文件成功
2017-01-31T06:27:50: 读取文件成功
2017-01-31T06:28:00: 读取文件成功
2017-01-31T06:28:10: 读取文件成功
2017-01-31T06:28:20: 读取文件成功
2017-01-31T06:28:30: 读取文件成功
2017-01-31T06:28:40: 读取文件成功
2017-01-31T06:28:50: 读取文件成功
2017-01-31T06:29:00: 读取文件成功
2017-01-31T06:29:10: 读取文件成功
2017-01-31T06:29:20: 读取文件成功
2017-01-31T06:29:30: 读取文件成功
2017-01-31T06:29:40: 读取文件成功
2017-01-31T06:29:50: 读取文件成功
2017-01-31T06:30:00: 读取文件成功
2017-01-31T06:30:10: 读取文件成功
2017-01-31T06:30:20: 读取文件成功
2017-01-31T06:30:30: 读取文件成功
2017-01-31T06:30:40: 读取文件成功
2017-01-31T06:30:50: 读取文件成功
2017-01-31T06:31:00: 读取文件成功
2017-01-31T06:31:10: 读取文件成功
2017-01-31T06:31:20: 读取文件成功
2017-01-31T06:31:30: 读取文件成功
2017-01-31T06:31:40: 读取文件成功
2017-01-31T06:31:50: 读取文件成功
2017-01-31T06:32:00: 读取文件成功
2017-01-31T06:32:10: 读取文件成功
2017-01-31T06:32:20: 读取文件成功
2017-01-31T06:32:30: 读取文件成功
2017-01-31T06:32:40: 读取文件成功
2017-01-31T06:32:50: 读取文件成功
2017-01-31T06:33:00: 读取文件成功
2017-01-31T06:33:10: 读取文件成功
2017-01-31T06:33:20: 读取文件成功
2017-01-31T06:33:30: 读取文件成功
2017-01-31T06:33:40: 读取文件成功
2017-01-31T06:33:50: 读取文件成功
2017-01-31T06:34:00: 读取文件成功
2017-01-31T06:34:10: 读取文件成功
2017-01-31T06:34:20: 读取文件成功
2017-01-31T06:34:30: 读取文件成功
2017-01-31T06:34:40: 读取文件成功
2017-01-31T06:34:50: 读取文件成功
2017-01-31T06:35:00: 读取文件成功
2017-01-31T06:35:10: 读取文件成功
2017-01-31T06:35:20: 读取文件成功
2017-01-31T06:35:30: 读取文件成功
2017-01-31T06:35:40: 读取文件成功
2017-01-31T06:35:50: 读取文件成功
2017-01-31T06:36:00: 读取文件成功
2017-01-31T06:36:10: 读取文件成功
2017-01-31T06:36:20: 读取文件成功
2017-01-31T06:36:30: 读取文件成功
2017-01-31T06:36:40: 读取文件成功
2017-01-31T06:36:50: 读取文件成功
2017-01-31T06:37:00: 读取文件成功
2017-01-31T06:37:10: 读取文件成功
2017-01-31T06:37:20: 读取文件成功
2017-01-31T06:37:30: 读取文件成功
2017-01-31T06:37:40: 读取文件成功
2017-01-31T06:37:50: 读取文件成功
2017-01-31T06:38:00: 读取文件成功
2017-01-31T06:38:10: 读取文件成功
2017-01-31T06:38:20: 读取文件成功
2017-01-31T06:38:30: 读取文件成功
2017-01-31T06:38:40: 读取文件成功
2017-01-31T06:38:50: 读取文件成功
2017-01-31T06:39:00: 读取文件成功
2017-01-31T06:39:10: 读取文件成功
2017-01-31T06:39:21: 读取文件成功
2017-01-31T06:39:30: 读取文件成功
2017-01-31T06:39:40: 读取文件成功
2017-01-31T06:39:50: 读取文件成功
2017-01-31T06:40:00: 读取文件成功
2017-01-31T06:40:10: 读取文件成功
2017-01-31T06:40:20: 读取文件成功
2017-01-31T06:40:31: 读取文件成功
2017-01-31T06:40:41: 读取文件成功
2017-01-31T06:40:51: 读取文件成功
2017-01-31T06:41:01: 读取文件成功
2017-01-31T06:41:11: 读取文件成功
2017-01-31T06:41:21: 读取文件成功
2017-01-31T06:41:31: 读取文件成功
2017-01-31T06:41:41: 读取文件成功
2017-01-31T06:41:51: 读取文件成功
2017-01-31T06:42:01: 读取文件成功
2017-01-31T06:42:11: 读取文件成功
2017-01-31T06:42:21: 读取文件成功
2017-01-31T06:42:31: 读取文件成功
2017-01-31T06:42:41: 读取文件成功
2017-01-31T06:42:51: 读取文件成功
2017-01-31T06:43:01: 读取文件成功
2017-01-31T06:43:11: 读取文件成功
2017-01-31T06:43:21: 读取文件成功
2017-01-31T06:43:31: 读取文件成功
2017-01-31T06:43:41: 读取文件成功
2017-01-31T06:43:51: 读取文件成功
2017-01-31T06:44:01: 读取文件成功
2017-01-31T06:44:11: 读取文件成功
2017-01-31T06:44:21: 读取文件成功
2017-01-31T06:44:31: 读取文件成功
2017-01-31T06:44:41: 读取文件成功
2017-01-31T06:44:51: 读取文件成功
2017-01-31T06:45:01: 读取文件成功
2017-01-31T06:45:11: 读取文件成功
2017-01-31T06:45:21: 读取文件成功
2017-01-31T06:45:31: 读取文件成功
2017-01-31T06:45:41: 读取文件成功
2017-01-31T06:45:51: 读取文件成功
2017-01-31T06:46:01: 读取文件成功
2017-01-31T06:46:11: 读取文件成功
2017-01-31T06:46:21: 读取文件成功
2017-01-31T06:46:31: 读取文件成功
2017-01-31T06:46:41: 读取文件成功
2017-01-31T06:46:51: 读取文件成功
2017-01-31T06:47:01: 读取文件成功
2017-01-31T06:47:11: 读取文件成功
2017-01-31T06:47:21: 读取文件成功
2017-01-31T06:47:31: 读取文件成功
2017-01-31T06:47:41: 读取文件成功
2017-01-31T06:47:51: 读取文件成功
2017-01-31T06:48:01: 读取文件成功
2017-01-31T06:48:11: 读取文件成功
2017-01-31T06:48:21: 读取文件成功
2017-01-31T06:48:31: 读取文件成功
2017-01-31T06:48:41: 读取文件成功
2017-01-31T06:48:51: 读取文件成功
2017-01-31T06:49:01: 读取文件成功
2017-01-31T06:49:11: 读取文件成功
2017-01-31T06:49:21: 读取文件成功
2017-01-31T06:49:31: 读取文件成功
2017-01-31T06:49:41: 读取文件成功
2017-01-31T06:49:51: 读取文件成功
2017-01-31T06:50:01: 读取文件成功
2017-01-31T06:50:11: 读取文件成功
2017-01-31T06:50:21: 读取文件成功
2017-01-31T06:50:31: 读取文件成功
2017-01-31T06:50:41: 读取文件成功
2017-01-31T06:50:51: 读取文件成功
2017-01-31T06:51:01: 读取文件成功
2017-01-31T06:51:11: 读取文件成功
2017-01-31T06:51:21: 读取文件成功
2017-01-31T06:51:31: 读取文件成功
2017-01-31T06:51:41: 读取文件成功
2017-01-31T06:51:51: 读取文件成功
2017-01-31T06:52:01: 读取文件成功
2017-01-31T06:52:11: 读取文件成功
2017-01-31T06:52:21: 读取文件成功
2017-01-31T06:52:31: 读取文件成功
2017-01-31T06:52:41: 读取文件成功
2017-01-31T06:52:51: 读取文件成功
2017-01-31T06:53:01: 读取文件成功
2017-01-31T06:53:11: 读取文件成功
2017-01-31T06:53:21: 读取文件成功
2017-01-31T06:53:31: 读取文件成功
2017-01-31T06:53:41: 读取文件成功
2017-01-31T06:53:51: 读取文件成功
2017-01-31T06:54:01: 读取文件成功
2017-01-31T06:54:11: 读取文件成功
2017-01-31T06:54:21: 读取文件成功
2017-01-31T06:54:31: 读取文件成功
2017-01-31T06:54:41: 读取文件成功
2017-01-31T06:54:51: 读取文件成功
2017-01-31T06:55:01: 读取文件成功
2017-01-31T06:55:11: 读取文件成功
2017-01-31T06:55:21: 读取文件成功
2017-01-31T06:55:31: 读取文件成功
2017-01-31T06:55:41: 读取文件成功
2017-01-31T06:55:51: 读取文件成功
2017-01-31T06:56:01: 读取文件成功
2017-01-31T06:56:11: 读取文件成功
2017-01-31T06:56:21: 读取文件成功
2017-01-31T06:56:31: 读取文件成功
2017-01-31T06:56:42: 读取文件成功
2017-01-31T06:56:52: 读取文件成功
2017-01-31T06:57:02: 读取文件成功
2017-01-31T06:57:12: 读取文件成功
2017-01-31T06:57:22: 读取文件成功
2017-01-31T06:57:32: 读取文件成功
2017-01-31T06:57:42: 读取文件成功
2017-01-31T06:57:52: 读取文件成功
2017-01-31T06:58:02: 读取文件成功
2017-01-31T06:58:12: 读取文件成功
2017-01-31T06:58:22: 读取文件成功
2017-01-31T06:58:32: 读取文件成功
2017-01-31T06:58:42: 读取文件成功
2017-01-31T06:58:52: 读取文件成功
2017-01-31T06:59:02: 读取文件成功
2017-01-31T06:59:12: 读取文件成功
2017-01-31T06:59:22: 读取文件成功
2017-01-31T06:59:32: 读取文件成功
2017-01-31T06:59:42: 读取文件成功
2017-01-31T06:59:52: 读取文件成功
2017-01-31T07:00:02: 读取文件成功
2017-01-31T07:00:12: 读取文件成功
2017-01-31T07:00:22: 读取文件成功
2017-01-31T07:00:32: 读取文件成功
2017-01-31T07:00:42: 读取文件成功
2017-01-31T07:00:52: 读取文件成功
2017-01-31T07:01:02: 读取文件成功
2017-01-31T07:01:12: 读取文件成功
2017-01-31T07:01:22: 读取文件成功
2017-01-31T07:01:32: 读取文件成功
2017-01-31T07:01:42: 读取文件成功
2017-01-31T07:01:52: 读取文件成功
2017-01-31T07:02:02: 读取文件成功
2017-01-31T07:02:12: 读取文件成功
2017-01-31T07:02:22: 读取文件成功
2017-01-31T07:02:32: 读取文件成功
2017-01-31T07:02:42: 读取文件成功
2017-01-31T07:02:52: 读取文件成功
2017-01-31T07:03:02: 读取文件成功
2017-01-31T07:03:12: 读取文件成功
2017-01-31T07:03:22: 读取文件成功
2017-01-31T07:03:32: 读取文件成功
2017-01-31T07:03:42: 读取文件成功
2017-01-31T07:03:52: 读取文件成功
2017-01-31T07:04:02: 读取文件成功
2017-01-31T07:04:12: 读取文件成功
2017-01-31T07:04:22: 读取文件成功
2017-01-31T07:04:32: 读取文件成功
2017-01-31T07:04:42: 读取文件成功
2017-01-31T07:04:52: 读取文件成功
2017-01-31T07:05:02: 读取文件成功
2017-01-31T07:05:12: 读取文件成功
2017-01-31T07:05:22: 读取文件成功
2017-01-31T07:05:32: 读取文件成功
2017-01-31T07:05:42: 读取文件成功
2017-01-31T07:05:52: 读取文件成功
2017-01-31T07:06:02: 读取文件成功
2017-01-31T07:06:12: 读取文件成功
2017-01-31T07:06:22: 读取文件成功
2017-01-31T07:06:32: 读取文件成功
2017-01-31T07:06:42: 读取文件成功
2017-01-31T07:06:52: 读取文件成功
2017-01-31T07:07:02: 读取文件成功
2017-01-31T07:07:12: 读取文件成功
2017-01-31T07:07:22: 读取文件成功
2017-01-31T07:07:32: 读取文件成功
2017-01-31T07:07:42: 读取文件成功
2017-01-31T07:07:52: 读取文件成功
2017-01-31T07:08:02: 读取文件成功
2017-01-31T07:08:12: 读取文件成功
2017-01-31T07:08:22: 读取文件成功
2017-01-31T07:08:32: 读取文件成功
2017-01-31T07:08:42: 读取文件成功
2017-01-31T07:08:52: 读取文件成功
2017-01-31T07:09:02: 读取文件成功
2017-01-31T07:09:12: 读取文件成功
2017-01-31T07:09:22: 读取文件成功
2017-01-31T07:09:32: 读取文件成功
2017-01-31T07:09:42: 读取文件成功
2017-01-31T07:09:52: 读取文件成功
2017-01-31T07:10:02: 读取文件成功
2017-01-31T07:10:12: 读取文件成功
2017-01-31T07:10:22: 读取文件成功
2017-01-31T07:10:32: 读取文件成功
2017-01-31T07:10:42: 读取文件成功
2017-01-31T07:10:52: 读取文件成功
2017-01-31T07:11:02: 读取文件成功
2017-01-31T07:11:12: 读取文件成功
2017-01-31T07:11:22: 读取文件成功
2017-01-31T07:11:32: 读取文件成功
2017-01-31T07:11:42: 读取文件成功
2017-01-31T07:11:52: 读取文件成功
2017-01-31T07:12:02: 读取文件成功
2017-01-31T07:12:12: 读取文件成功
2017-01-31T07:12:22: 读取文件成功
2017-01-31T07:12:32: 读取文件成功
2017-01-31T07:12:42: 读取文件成功
2017-01-31T07:12:53: 读取文件成功
2017-01-31T07:13:03: 读取文件成功
2017-01-31T07:13:13: 读取文件成功
2017-01-31T07:13:23: 读取文件成功
2017-01-31T07:13:33: 读取文件成功
2017-01-31T07:13:43: 读取文件成功
2017-01-31T07:13:53: 读取文件成功
2017-01-31T07:14:03: 读取文件成功
2017-01-31T07:14:13: 读取文件成功
2017-01-31T07:14:23: 读取文件成功
2017-01-31T07:14:33: 读取文件成功
2017-01-31T07:14:43: 读取文件成功
2017-01-31T07:14:53: 读取文件成功
2017-01-31T07:15:03: 读取文件成功
2017-01-31T07:15:13: 读取文件成功
2017-01-31T07:15:23: 读取文件成功
2017-01-31T07:15:33: 读取文件成功
2017-01-31T07:15:43: 读取文件成功
2017-01-31T07:15:53: 读取文件成功
2017-01-31T07:16:03: 读取文件成功
2017-01-31T07:16:13: 读取文件成功
2017-01-31T07:16:23: 读取文件成功
2017-01-31T07:16:33: 读取文件成功
2017-01-31T07:16:43: 读取文件成功
2017-01-31T07:16:53: 读取文件成功
2017-01-31T07:17:03: 读取文件成功
2017-01-31T07:17:13: 读取文件成功
2017-01-31T07:17:23: 读取文件成功
2017-01-31T07:17:33: 读取文件成功
2017-01-31T07:17:43: 读取文件成功
2017-01-31T07:17:53: 读取文件成功
2017-01-31T07:18:03: 读取文件成功
2017-01-31T07:18:13: 读取文件成功
2017-01-31T07:18:23: 读取文件成功
2017-01-31T07:18:33: 读取文件成功
2017-01-31T07:18:43: 读取文件成功
2017-01-31T07:18:53: 读取文件成功
2017-01-31T07:19:03: 读取文件成功
2017-01-31T07:19:13: 读取文件成功
2017-01-31T07:19:23: 读取文件成功
2017-01-31T07:19:33: 读取文件成功
2017-01-31T07:19:43: 读取文件成功
2017-01-31T07:19:53: 读取文件成功
2017-01-31T07:20:03: 读取文件成功
2017-01-31T07:20:13: 读取文件成功
2017-01-31T07:20:23: 读取文件成功
2017-01-31T07:20:33: 读取文件成功
2017-01-31T07:20:43: 读取文件成功
2017-01-31T07:20:53: 读取文件成功
2017-01-31T07:21:03: 读取文件成功
2017-01-31T07:21:13: 读取文件成功
2017-01-31T07:21:23: 读取文件成功
2017-01-31T07:21:33: 读取文件成功
2017-01-31T07:21:43: 读取文件成功
2017-01-31T07:21:53: 读取文件成功
2017-01-31T07:22:03: 读取文件成功
2017-01-31T07:22:13: 读取文件成功
2017-01-31T07:22:23: 读取文件成功
2017-01-31T07:22:33: 读取文件成功
2017-01-31T07:22:43: 读取文件成功
2017-01-31T07:22:53: 读取文件成功
2017-01-31T07:23:03: 读取文件成功
2017-01-31T07:23:13: 读取文件成功
2017-01-31T07:23:23: 读取文件成功
2017-01-31T07:23:33: 读取文件成功
2017-01-31T07:23:43: 读取文件成功
2017-01-31T07:23:53: 读取文件成功
2017-01-31T07:24:03: 读取文件成功
2017-01-31T07:24:13: 读取文件成功
2017-01-31T07:24:23: 读取文件成功
2017-01-31T07:24:33: 读取文件成功
2017-01-31T07:24:43: 读取文件成功
2017-01-31T07:24:53: 读取文件成功
2017-01-31T07:25:03: 读取文件成功
2017-01-31T07:25:13: 读取文件成功
2017-01-31T07:25:23: 读取文件成功
2017-01-31T07:25:33: 读取文件成功
2017-01-31T07:25:43: 读取文件成功
2017-01-31T07:25:53: 读取文件成功
2017-01-31T07:26:03: 读取文件成功
2017-01-31T07:26:13: 读取文件成功
2017-01-31T07:26:23: 读取文件成功
2017-01-31T07:26:33: 读取文件成功
2017-01-31T07:26:43: 读取文件成功
2017-01-31T07:26:53: 读取文件成功
2017-01-31T07:27:03: 读取文件成功
2017-01-31T07:27:13: 读取文件成功
2017-01-31T07:27:23: 读取文件成功
2017-01-31T07:27:33: 读取文件成功
2017-01-31T07:27:43: 读取文件成功
2017-01-31T07:27:53: 读取文件成功
2017-01-31T07:28:03: 读取文件成功
2017-01-31T07:28:13: 读取文件成功
2017-01-31T07:28:23: 读取文件成功
2017-01-31T07:28:33: 读取文件成功
2017-01-31T07:28:43: 读取文件成功
2017-01-31T07:28:53: 读取文件成功
2017-01-31T07:29:03: 读取文件成功
2017-01-31T07:29:13: 读取文件成功
2017-01-31T07:29:23: 读取文件成功
2017-01-31T07:29:33: 读取文件成功
2017-01-31T07:29:43: 读取文件成功
2017-01-31T07:29:54: 读取文件成功
2017-01-31T07:30:04: 读取文件成功
2017-01-31T07:30:14: 读取文件成功
2017-01-31T07:30:24: 读取文件成功
2017-01-31T07:30:34: 读取文件成功
2017-01-31T07:30:44: 读取文件成功
2017-01-31T07:30:54: 读取文件成功
2017-01-31T07:31:04: 读取文件成功
2017-01-31T07:31:14: 读取文件成功
2017-01-31T07:31:24: 读取文件成功
2017-01-31T07:31:34: 读取文件成功
2017-01-31T07:31:44: 读取文件成功
2017-01-31T07:31:54: 读取文件成功
2017-01-31T07:32:04: 读取文件成功
2017-01-31T07:32:14: 读取文件成功
2017-01-31T07:32:24: 读取文件成功
2017-01-31T07:32:34: 读取文件成功
2017-01-31T07:32:44: 读取文件成功
2017-01-31T07:32:54: 读取文件成功
2017-01-31T07:33:04: 读取文件成功
2017-01-31T07:33:14: 读取文件成功
2017-01-31T07:33:24: 读取文件成功
2017-01-31T07:33:34: 读取文件成功
2017-01-31T07:33:44: 读取文件成功
2017-01-31T07:33:54: 读取文件成功
2017-01-31T07:34:04: 读取文件成功
2017-01-31T07:34:14: 读取文件成功
2017-01-31T07:34:24: 读取文件成功
2017-01-31T07:34:34: 读取文件成功
2017-01-31T07:34:44: 读取文件成功
2017-01-31T07:34:54: 读取文件成功
2017-01-31T07:35:04: 读取文件成功
2017-01-31T07:35:14: 读取文件成功
2017-01-31T07:35:24: 读取文件成功
2017-01-31T07:35:34: 读取文件成功
2017-01-31T07:35:44: 读取文件成功
2017-01-31T07:35:54: 读取文件成功
2017-01-31T07:36:04: 读取文件成功
2017-01-31T07:36:14: 读取文件成功
2017-01-31T07:36:24: 读取文件成功
2017-01-31T07:36:34: 读取文件成功
2017-01-31T07:36:44: 读取文件成功
2017-01-31T07:36:54: 读取文件成功
2017-01-31T07:37:04: 读取文件成功
2017-01-31T07:37:14: 读取文件成功
2017-01-31T07:37:24: 读取文件成功
2017-01-31T07:37:34: 读取文件成功
2017-01-31T07:37:44: 读取文件成功
2017-01-31T07:37:54: 读取文件成功
2017-01-31T07:38:04: 读取文件成功
2017-01-31T07:38:14: 读取文件成功
2017-01-31T07:38:24: 读取文件成功
2017-01-31T07:38:34: 读取文件成功
2017-01-31T07:38:44: 读取文件成功
2017-01-31T07:38:54: 读取文件成功
2017-01-31T07:39:04: 读取文件成功
2017-01-31T07:39:14: 读取文件成功
2017-01-31T07:39:24: 读取文件成功
2017-01-31T07:39:34: 读取文件成功
2017-01-31T07:39:44: 读取文件成功
2017-01-31T07:39:54: 读取文件成功
2017-01-31T07:40:04: 读取文件成功
2017-01-31T07:40:14: 读取文件成功
2017-01-31T07:40:24: 读取文件成功
2017-01-31T07:40:34: 读取文件成功
2017-01-31T07:40:44: 读取文件成功
2017-01-31T07:40:54: 读取文件成功
2017-01-31T07:41:04: 读取文件成功
2017-01-31T07:41:14: 读取文件成功
2017-01-31T07:41:24: 读取文件成功
2017-01-31T07:41:34: 读取文件成功
2017-01-31T07:41:44: 读取文件成功
2017-01-31T07:41:54: 读取文件成功
2017-01-31T07:42:04: 读取文件成功
2017-01-31T07:42:14: 读取文件成功
2017-01-31T07:42:24: 读取文件成功
2017-01-31T07:42:34: 读取文件成功
2017-01-31T07:42:44: 读取文件成功
2017-01-31T07:42:54: 读取文件成功
2017-01-31T07:43:04: 读取文件成功
2017-01-31T07:43:14: 读取文件成功
2017-01-31T07:43:24: 读取文件成功
2017-01-31T07:43:34: 读取文件成功
2017-01-31T07:43:44: 读取文件成功
2017-01-31T07:43:54: 读取文件成功
2017-01-31T07:44:04: 读取文件成功
2017-01-31T07:44:14: 读取文件成功
2017-01-31T07:44:24: 读取文件成功
2017-01-31T07:44:34: 读取文件成功
2017-01-31T07:44:44: 读取文件成功
2017-01-31T07:44:54: 读取文件成功
2017-01-31T07:45:04: 读取文件成功
2017-01-31T07:45:14: 读取文件成功
2017-01-31T07:45:24: 读取文件成功
2017-01-31T07:45:34: 读取文件成功
2017-01-31T07:45:44: 读取文件成功
2017-01-31T07:45:55: 读取文件成功
2017-01-31T07:46:04: 读取文件成功
2017-01-31T07:46:14: 读取文件成功
2017-01-31T07:46:24: 读取文件成功
2017-01-31T07:46:34: 读取文件成功
2017-01-31T07:46:44: 读取文件成功
2017-01-31T07:46:54: 读取文件成功
2017-01-31T07:47:04: 读取文件成功
2017-01-31T07:47:14: 读取文件成功
2017-01-31T07:47:25: 读取文件成功
2017-01-31T07:47:35: 读取文件成功
2017-01-31T07:47:45: 读取文件成功
2017-01-31T07:47:55: 读取文件成功
2017-01-31T07:48:05: 读取文件成功
2017-01-31T07:48:15: 读取文件成功
2017-01-31T07:48:25: 读取文件成功
2017-01-31T07:48:35: 读取文件成功
2017-01-31T07:48:45: 读取文件成功
2017-01-31T07:48:55: 读取文件成功
2017-01-31T07:49:05: 读取文件成功
2017-01-31T07:49:15: 读取文件成功
2017-01-31T07:49:25: 读取文件成功
2017-01-31T07:49:35: 读取文件成功
2017-01-31T07:49:45: 读取文件成功
2017-01-31T07:49:55: 读取文件成功
2017-01-31T07:50:05: 读取文件成功
2017-01-31T07:50:15: 读取文件成功
2017-01-31T07:50:25: 读取文件成功
2017-01-31T07:50:35: 读取文件成功
2017-01-31T07:50:45: 读取文件成功
2017-01-31T07:50:55: 读取文件成功
2017-01-31T07:51:05: 读取文件成功
2017-01-31T07:51:15: 读取文件成功
2017-01-31T07:51:25: 读取文件成功
2017-01-31T07:51:35: 读取文件成功
2017-01-31T07:51:45: 读取文件成功
2017-01-31T07:51:55: 读取文件成功
2017-01-31T07:52:05: 读取文件成功
2017-01-31T07:52:15: 读取文件成功
2017-01-31T07:52:25: 读取文件成功
2017-01-31T07:52:35: 读取文件成功
2017-01-31T07:52:45: 读取文件成功
2017-01-31T07:52:55: 读取文件成功
2017-01-31T07:53:05: 读取文件成功
2017-01-31T07:53:15: 读取文件成功
2017-01-31T07:53:25: 读取文件成功
2017-01-31T07:53:35: 读取文件成功
2017-01-31T07:53:45: 读取文件成功
2017-01-31T07:53:55: 读取文件成功
2017-01-31T07:54:05: 读取文件成功
2017-01-31T07:54:15: 读取文件成功
2017-01-31T07:54:25: 读取文件成功
2017-01-31T07:54:35: 读取文件成功
2017-01-31T07:54:45: 读取文件成功
2017-01-31T07:54:55: 读取文件成功
2017-01-31T07:55:05: 读取文件成功
2017-01-31T07:55:15: 读取文件成功
2017-01-31T07:55:25: 读取文件成功
2017-01-31T07:55:35: 读取文件成功
2017-01-31T07:55:45: 读取文件成功
2017-01-31T07:55:55: 读取文件成功
2017-01-31T07:56:05: 读取文件成功
2017-01-31T07:56:15: 读取文件成功
2017-01-31T07:56:25: 读取文件成功
2017-01-31T07:56:35: 读取文件成功
2017-01-31T07:56:45: 读取文件成功
2017-01-31T07:56:55: 读取文件成功
2017-01-31T07:57:05: 读取文件成功
2017-01-31T07:57:15: 读取文件成功
2017-01-31T07:57:25: 读取文件成功
2017-01-31T07:57:35: 读取文件成功
2017-01-31T07:57:45: 读取文件成功
2017-01-31T07:57:55: 读取文件成功
2017-01-31T07:58:05: 读取文件成功
2017-01-31T07:58:15: 读取文件成功
2017-01-31T07:58:25: 读取文件成功
2017-01-31T07:58:35: 读取文件成功
2017-01-31T07:58:45: 读取文件成功
2017-01-31T07:58:55: 读取文件成功
2017-01-31T07:59:05: 读取文件成功
2017-01-31T07:59:15: 读取文件成功
2017-01-31T07:59:25: 读取文件成功
2017-01-31T07:59:35: 读取文件成功
2017-01-31T07:59:45: 读取文件成功
2017-01-31T07:59:55: 读取文件成功
2017-01-31T08:00:05: 读取文件成功
2017-01-31T08:00:15: 读取文件成功
2017-01-31T08:00:25: 读取文件成功
2017-01-31T08:00:35: 读取文件成功
2017-01-31T08:00:45: 读取文件成功
2017-01-31T08:00:55: 读取文件成功
2017-01-31T08:01:05: 读取文件成功
2017-01-31T08:01:15: 读取文件成功
2017-01-31T08:01:25: 读取文件成功
2017-01-31T08:01:35: 读取文件成功
2017-01-31T08:01:45: 读取文件成功
2017-01-31T08:01:55: 读取文件成功
2017-01-31T08:02:05: 读取文件成功
2017-01-31T08:02:15: 读取文件成功
2017-01-31T08:02:25: 读取文件成功
2017-01-31T08:02:35: 读取文件成功
2017-01-31T08:02:45: 读取文件成功
2017-01-31T08:02:55: 读取文件成功
2017-01-31T08:03:05: 读取文件成功
2017-01-31T08:03:15: 读取文件成功
2017-01-31T08:03:25: 读取文件成功
2017-01-31T08:03:35: 读取文件成功
2017-01-31T08:03:45: 读取文件成功
2017-01-31T08:03:55: 读取文件成功
2017-01-31T08:04:05: 读取文件成功
2017-01-31T08:04:15: 读取文件成功
2017-01-31T08:04:25: 读取文件成功
2017-01-31T08:04:35: 读取文件成功
2017-01-31T08:04:45: 读取文件成功
2017-01-31T08:04:55: 读取文件成功
2017-01-31T08:05:05: 读取文件成功
2017-01-31T08:05:15: 读取文件成功
2017-01-31T08:05:26: 读取文件成功
2017-01-31T08:05:36: 读取文件成功
2017-01-31T08:05:46: 读取文件成功
2017-01-31T08:05:56: 读取文件成功
2017-01-31T08:06:06: 读取文件成功
2017-01-31T08:06:16: 读取文件成功
2017-01-31T08:06:26: 读取文件成功
2017-01-31T08:06:36: 读取文件成功
2017-01-31T08:06:46: 读取文件成功
2017-01-31T08:06:56: 读取文件成功
2017-01-31T08:07:06: 读取文件成功
2017-01-31T08:07:16: 读取文件成功
2017-01-31T08:07:26: 读取文件成功
2017-01-31T08:07:36: 读取文件成功
2017-01-31T08:07:46: 读取文件成功
2017-01-31T08:07:56: 读取文件成功
2017-01-31T08:08:06: 读取文件成功
2017-01-31T08:08:16: 读取文件成功
2017-01-31T08:08:26: 读取文件成功
2017-01-31T08:08:36: 读取文件成功
2017-01-31T08:08:46: 读取文件成功
2017-01-31T08:08:56: 读取文件成功
2017-01-31T08:09:06: 读取文件成功
2017-01-31T08:09:16: 读取文件成功
2017-01-31T08:09:26: 读取文件成功
2017-01-31T08:09:36: 读取文件成功
2017-01-31T08:09:46: 读取文件成功
2017-01-31T08:09:56: 读取文件成功
2017-01-31T08:10:06: 读取文件成功
2017-01-31T08:10:16: 读取文件成功
2017-01-31T08:10:26: 读取文件成功
2017-01-31T08:10:36: 读取文件成功
2017-01-31T08:10:46: 读取文件成功
2017-01-31T08:10:56: 读取文件成功
2017-01-31T08:11:06: 读取文件成功
2017-01-31T08:11:16: 读取文件成功
2017-01-31T08:11:26: 读取文件成功
2017-01-31T08:11:36: 读取文件成功
2017-01-31T08:11:46: 读取文件成功
2017-01-31T08:11:56: 读取文件成功
2017-01-31T08:12:06: 读取文件成功
2017-01-31T08:12:16: 读取文件成功
2017-01-31T08:12:26: 读取文件成功
2017-01-31T08:12:36: 读取文件成功
2017-01-31T08:12:46: 读取文件成功
2017-01-31T08:12:56: 读取文件成功
2017-01-31T08:13:06: 读取文件成功
2017-01-31T08:13:16: 读取文件成功
2017-01-31T08:13:26: 读取文件成功
2017-01-31T08:13:36: 读取文件成功
2017-01-31T08:13:46: 读取文件成功
2017-01-31T08:13:56: 读取文件成功
2017-01-31T08:14:06: 读取文件成功
2017-01-31T08:14:16: 读取文件成功
2017-01-31T08:14:26: 读取文件成功
2017-01-31T08:14:36: 读取文件成功
2017-01-31T08:14:46: 读取文件成功
2017-01-31T08:14:56: 读取文件成功
2017-01-31T08:15:06: 读取文件成功
2017-01-31T08:15:16: 读取文件成功
2017-01-31T08:15:26: 读取文件成功
2017-01-31T08:15:36: 读取文件成功
2017-01-31T08:15:46: 读取文件成功
2017-01-31T08:15:56: 读取文件成功
2017-01-31T08:16:06: 读取文件成功
2017-01-31T08:16:16: 读取文件成功
2017-01-31T08:16:26: 读取文件成功
2017-01-31T08:16:36: 读取文件成功
2017-01-31T08:16:46: 读取文件成功
2017-01-31T08:16:56: 读取文件成功
2017-01-31T08:17:06: 读取文件成功
2017-01-31T08:17:16: 读取文件成功
2017-01-31T08:17:26: 读取文件成功
2017-01-31T08:17:36: 读取文件成功
2017-01-31T08:17:46: 读取文件成功
2017-01-31T08:17:56: 读取文件成功
2017-01-31T08:18:06: 读取文件成功
2017-01-31T08:18:16: 读取文件成功
2017-01-31T08:18:26: 读取文件成功
2017-01-31T08:18:36: 读取文件成功
2017-01-31T08:18:46: 读取文件成功
2017-01-31T08:18:56: 读取文件成功
2017-01-31T08:19:06: 读取文件成功
2017-01-31T08:19:16: 读取文件成功
2017-01-31T08:19:26: 读取文件成功
2017-01-31T08:19:36: 读取文件成功
2017-01-31T08:19:46: 读取文件成功
2017-01-31T08:19:56: 读取文件成功
2017-01-31T08:20:06: 读取文件成功
2017-01-31T08:20:16: 读取文件成功
2017-01-31T08:20:26: 读取文件成功
2017-01-31T08:20:36: 读取文件成功
2017-01-31T08:20:46: 读取文件成功
2017-01-31T08:20:56: 读取文件成功
2017-01-31T08:21:06: 读取文件成功
2017-01-31T08:21:16: 读取文件成功
2017-01-31T08:21:26: 读取文件成功
2017-01-31T08:21:36: 读取文件成功
2017-01-31T08:21:46: 读取文件成功
2017-01-31T08:21:56: 读取文件成功
2017-01-31T08:22:06: 读取文件成功
2017-01-31T08:22:16: 读取文件成功
2017-01-31T08:22:26: 读取文件成功
2017-01-31T08:22:36: 读取文件成功
2017-01-31T08:22:46: 读取文件成功
2017-01-31T08:22:56: 读取文件成功
2017-01-31T08:23:06: 读取文件成功
2017-01-31T08:23:16: 读取文件成功
2017-01-31T08:23:26: 读取文件成功
2017-01-31T08:23:37: 读取文件成功
2017-01-31T08:23:47: 读取文件成功
2017-01-31T08:23:57: 读取文件成功
2017-01-31T08:24:07: 读取文件成功
2017-01-31T08:24:17: 读取文件成功
2017-01-31T08:24:27: 读取文件成功
2017-01-31T08:24:37: 读取文件成功
2017-01-31T08:24:47: 读取文件成功
2017-01-31T08:24:57: 读取文件成功
2017-01-31T08:25:07: 读取文件成功
2017-01-31T08:25:17: 读取文件成功
2017-01-31T08:25:27: 读取文件成功
2017-01-31T08:25:37: 读取文件成功
2017-01-31T08:25:47: 读取文件成功
2017-01-31T08:25:57: 读取文件成功
2017-01-31T08:26:07: 读取文件成功
2017-01-31T08:26:17: 读取文件成功
2017-01-31T08:26:27: 读取文件成功
2017-01-31T08:26:37: 读取文件成功
2017-01-31T08:26:47: 读取文件成功
2017-01-31T08:26:57: 读取文件成功
2017-01-31T08:27:07: 读取文件成功
2017-01-31T08:27:17: 读取文件成功
2017-01-31T08:27:27: 读取文件成功
2017-01-31T08:27:37: 读取文件成功
2017-01-31T08:27:47: 读取文件成功
2017-01-31T08:27:57: 读取文件成功
2017-01-31T08:28:07: 读取文件成功
2017-01-31T08:28:17: 读取文件成功
2017-01-31T08:28:27: 读取文件成功
2017-01-31T08:28:37: 读取文件成功
2017-01-31T08:28:47: 读取文件成功
2017-01-31T08:28:57: 读取文件成功
2017-01-31T08:29:07: 读取文件成功
