2017-06-04T00:00:58: 非记录时间：2017-06-04T00:00:58+08:00
2017-06-04T00:01:58: 非记录时间：2017-06-04T00:01:58+08:00
2017-06-04T00:02:58: 非记录时间：2017-06-04T00:02:58+08:00
2017-06-04T00:03:59: 非记录时间：2017-06-04T00:03:59+08:00
2017-06-04T00:04:59: 非记录时间：2017-06-04T00:04:59+08:00
2017-06-04T00:05:59: 非记录时间：2017-06-04T00:05:59+08:00
2017-06-04T00:06:59: 非记录时间：2017-06-04T00:06:59+08:00
2017-06-04T00:07:59: 非记录时间：2017-06-04T00:07:59+08:00
2017-06-04T00:08:59: 非记录时间：2017-06-04T00:08:59+08:00
2017-06-04T00:09:59: 非记录时间：2017-06-04T00:09:59+08:00
2017-06-04T00:10:59: 非记录时间：2017-06-04T00:10:59+08:00
2017-06-04T00:11:59: 非记录时间：2017-06-04T00:11:59+08:00
2017-06-04T00:12:59: 非记录时间：2017-06-04T00:12:59+08:00
2017-06-04T00:13:59: 非记录时间：2017-06-04T00:13:59+08:00
2017-06-04T00:14:59: 非记录时间：2017-06-04T00:14:59+08:00
2017-06-04T00:15:59: 非记录时间：2017-06-04T00:15:59+08:00
2017-06-04T00:16:59: 非记录时间：2017-06-04T00:16:59+08:00
2017-06-04T00:17:59: 非记录时间：2017-06-04T00:17:59+08:00
2017-06-04T00:18:59: 非记录时间：2017-06-04T00:18:59+08:00
2017-06-04T00:19:59: 非记录时间：2017-06-04T00:19:59+08:00
2017-06-04T00:20:59: 非记录时间：2017-06-04T00:20:59+08:00
2017-06-04T00:21:59: 非记录时间：2017-06-04T00:21:59+08:00
2017-06-04T00:22:59: 非记录时间：2017-06-04T00:22:59+08:00
2017-06-04T00:23:59: 非记录时间：2017-06-04T00:23:59+08:00
2017-06-04T00:24:59: 非记录时间：2017-06-04T00:24:59+08:00
2017-06-04T00:25:59: 非记录时间：2017-06-04T00:25:59+08:00
2017-06-04T00:26:59: 非记录时间：2017-06-04T00:26:59+08:00
2017-06-04T00:27:59: 非记录时间：2017-06-04T00:27:59+08:00
2017-06-04T00:28:59: 非记录时间：2017-06-04T00:28:59+08:00
2017-06-04T00:29:59: 非记录时间：2017-06-04T00:29:59+08:00
2017-06-04T00:30:59: 非记录时间：2017-06-04T00:30:59+08:00
2017-06-04T00:31:59: 非记录时间：2017-06-04T00:31:59+08:00
2017-06-04T00:32:59: 非记录时间：2017-06-04T00:32:59+08:00
2017-06-04T00:33:59: 非记录时间：2017-06-04T00:33:59+08:00
2017-06-04T00:34:59: 非记录时间：2017-06-04T00:34:59+08:00
2017-06-04T00:35:59: 非记录时间：2017-06-04T00:35:59+08:00
2017-06-04T00:36:59: 非记录时间：2017-06-04T00:36:59+08:00
2017-06-04T00:37:59: 非记录时间：2017-06-04T00:37:59+08:00
2017-06-04T00:38:59: 非记录时间：2017-06-04T00:38:59+08:00
2017-06-04T00:39:59: 非记录时间：2017-06-04T00:39:59+08:00
2017-06-04T00:40:59: 非记录时间：2017-06-04T00:40:59+08:00
2017-06-04T00:41:59: 非记录时间：2017-06-04T00:41:59+08:00
2017-06-04T00:42:59: 非记录时间：2017-06-04T00:42:59+08:00
2017-06-04T00:43:59: 非记录时间：2017-06-04T00:43:59+08:00
2017-06-04T00:44:59: 非记录时间：2017-06-04T00:44:59+08:00
2017-06-04T00:45:59: 非记录时间：2017-06-04T00:45:59+08:00
2017-06-04T00:46:59: 非记录时间：2017-06-04T00:46:59+08:00
2017-06-04T00:47:59: 非记录时间：2017-06-04T00:47:59+08:00
2017-06-04T00:48:59: 非记录时间：2017-06-04T00:48:59+08:00
2017-06-04T00:49:59: 非记录时间：2017-06-04T00:49:59+08:00
2017-06-04T00:50:59: 非记录时间：2017-06-04T00:50:59+08:00
2017-06-04T00:51:59: 非记录时间：2017-06-04T00:51:59+08:00
2017-06-04T00:52:59: 非记录时间：2017-06-04T00:52:59+08:00
2017-06-04T00:53:59: 非记录时间：2017-06-04T00:53:59+08:00
2017-06-04T00:54:59: 非记录时间：2017-06-04T00:54:59+08:00
2017-06-04T00:55:59: 非记录时间：2017-06-04T00:55:59+08:00
2017-06-04T00:56:59: 非记录时间：2017-06-04T00:56:59+08:00
2017-06-04T00:57:59: 非记录时间：2017-06-04T00:57:59+08:00
2017-06-04T00:58:59: 非记录时间：2017-06-04T00:58:59+08:00
2017-06-04T00:59:59: 非记录时间：2017-06-04T00:59:59+08:00
2017-06-04T01:00:59: 非记录时间：2017-06-04T01:00:59+08:00
2017-06-04T01:01:59: 非记录时间：2017-06-04T01:01:59+08:00
2017-06-04T01:02:59: 非记录时间：2017-06-04T01:02:59+08:00
2017-06-04T01:03:59: 非记录时间：2017-06-04T01:03:59+08:00
2017-06-04T01:04:59: 非记录时间：2017-06-04T01:04:59+08:00
2017-06-04T01:05:59: 非记录时间：2017-06-04T01:05:59+08:00
2017-06-04T01:06:59: 非记录时间：2017-06-04T01:06:59+08:00
2017-06-04T01:07:59: 非记录时间：2017-06-04T01:07:59+08:00
2017-06-04T01:08:59: 非记录时间：2017-06-04T01:08:59+08:00
2017-06-04T01:09:59: 非记录时间：2017-06-04T01:09:59+08:00
2017-06-04T01:10:59: 非记录时间：2017-06-04T01:10:59+08:00
2017-06-04T01:11:59: 读取文件失败，可能是该文件不存在
2017-06-04T01:11:59: Error: ENOENT: no such file or directory, open './data/2017-06-04.json'
2017-06-04T01:12:59: 读取文件成功
2017-06-04T01:13:59: 读取文件成功
2017-06-04T01:14:59: 读取文件成功
2017-06-04T01:15:59: 读取文件成功
2017-06-04T01:16:59: 读取文件成功
2017-06-04T01:17:59: 读取文件成功
2017-06-04T01:18:59: 读取文件成功
2017-06-04T01:19:59: 读取文件成功
2017-06-04T01:20:59: 读取文件成功
2017-06-04T01:21:59: 读取文件成功
2017-06-04T01:22:59: 读取文件成功
2017-06-04T01:23:59: 读取文件成功
2017-06-04T01:24:59: 读取文件成功
2017-06-04T01:25:59: 读取文件成功
2017-06-04T01:26:59: 读取文件成功
2017-06-04T01:27:59: 读取文件成功
2017-06-04T01:28:59: 读取文件成功
2017-06-04T01:29:59: 读取文件成功
2017-06-04T01:30:59: 读取文件成功
2017-06-04T01:31:59: 读取文件成功
2017-06-04T01:32:59: 读取文件成功
2017-06-04T01:33:59: 读取文件成功
2017-06-04T01:34:59: 读取文件成功
2017-06-04T01:35:59: 读取文件成功
2017-06-04T01:36:59: 读取文件成功
2017-06-04T01:37:59: 读取文件成功
2017-06-04T01:38:59: 读取文件成功
2017-06-04T01:39:59: 读取文件成功
2017-06-04T01:40:59: 读取文件成功
2017-06-04T01:41:59: 读取文件成功
2017-06-04T01:42:59: 读取文件成功
2017-06-04T01:43:59: 读取文件成功
2017-06-04T01:44:59: 读取文件成功
2017-06-04T01:45:59: 读取文件成功
2017-06-04T01:46:59: 读取文件成功
2017-06-04T01:47:59: 读取文件成功
2017-06-04T01:48:59: 读取文件成功
2017-06-04T01:49:59: 读取文件成功
2017-06-04T01:50:59: 读取文件成功
2017-06-04T01:51:59: 读取文件成功
2017-06-04T01:52:59: 读取文件成功
2017-06-04T01:53:59: 读取文件成功
2017-06-04T01:54:59: 读取文件成功
2017-06-04T01:55:59: 读取文件成功
2017-06-04T01:56:59: 读取文件成功
2017-06-04T01:57:59: 读取文件成功
2017-06-04T01:58:59: 读取文件成功
2017-06-04T01:59:59: 读取文件成功
2017-06-04T02:00:59: 读取文件成功
2017-06-04T02:01:59: 读取文件成功
2017-06-04T02:02:59: 读取文件成功
2017-06-04T02:03:59: 读取文件成功
2017-06-04T02:04:59: 读取文件成功
2017-06-04T02:06:00: 读取文件成功
2017-06-04T02:06:59: 读取文件成功
2017-06-04T02:07:59: 读取文件成功
2017-06-04T02:08:59: 读取文件成功
2017-06-04T02:09:59: 读取文件成功
2017-06-04T02:10:59: 读取文件成功
2017-06-04T02:12:00: 读取文件成功
2017-06-04T02:13:00: 读取文件成功
2017-06-04T02:14:00: 读取文件成功
2017-06-04T02:15:00: 读取文件成功
2017-06-04T02:16:00: 读取文件成功
2017-06-04T02:17:00: 读取文件成功
2017-06-04T02:18:00: 读取文件成功
2017-06-04T02:19:00: 读取文件成功
2017-06-04T02:20:00: 读取文件成功
2017-06-04T02:21:00: 读取文件成功
2017-06-04T02:22:00: 读取文件成功
2017-06-04T02:23:00: 读取文件成功
2017-06-04T02:24:00: 读取文件成功
2017-06-04T02:25:00: 读取文件成功
2017-06-04T02:26:00: 读取文件成功
2017-06-04T02:27:00: 读取文件成功
2017-06-04T02:28:00: 读取文件成功
2017-06-04T02:29:00: 读取文件成功
2017-06-04T02:30:00: 读取文件成功
2017-06-04T02:31:00: 读取文件成功
2017-06-04T02:32:00: 读取文件成功
2017-06-04T02:33:00: 读取文件成功
2017-06-04T02:34:00: 读取文件成功
2017-06-04T02:35:00: 读取文件成功
2017-06-04T02:36:00: 读取文件成功
2017-06-04T02:37:00: 读取文件成功
2017-06-04T02:38:00: 读取文件成功
2017-06-04T02:39:00: 读取文件成功
2017-06-04T02:40:00: 读取文件成功
2017-06-04T02:41:00: 读取文件成功
2017-06-04T02:42:00: 读取文件成功
2017-06-04T02:43:00: 读取文件成功
2017-06-04T02:44:00: 读取文件成功
2017-06-04T02:45:00: 读取文件成功
2017-06-04T02:46:00: 读取文件成功
2017-06-04T02:47:00: 读取文件成功
2017-06-04T02:48:00: 读取文件成功
2017-06-04T02:49:00: 读取文件成功
2017-06-04T02:50:00: 读取文件成功
2017-06-04T02:51:00: 读取文件成功
2017-06-04T02:52:00: 读取文件成功
2017-06-04T02:53:00: 读取文件成功
2017-06-04T02:54:00: 读取文件成功
2017-06-04T02:55:00: 读取文件成功
2017-06-04T02:56:00: 读取文件成功
2017-06-04T02:57:00: 读取文件成功
2017-06-04T02:58:00: 读取文件成功
2017-06-04T02:59:00: 读取文件成功
2017-06-04T03:00:00: 读取文件成功
2017-06-04T03:01:00: 读取文件成功
2017-06-04T03:02:00: 读取文件成功
2017-06-04T03:03:00: 读取文件成功
2017-06-04T03:04:00: 读取文件成功
2017-06-04T03:05:00: 读取文件成功
2017-06-04T03:06:00: 读取文件成功
2017-06-04T03:07:00: 读取文件成功
2017-06-04T03:08:00: 读取文件成功
2017-06-04T03:09:00: 读取文件成功
2017-06-04T03:10:00: 读取文件成功
2017-06-04T03:11:00: 读取文件成功
2017-06-04T03:12:00: 读取文件成功
2017-06-04T03:13:00: 读取文件成功
2017-06-04T03:14:00: 读取文件成功
2017-06-04T03:15:00: 读取文件成功
2017-06-04T03:16:00: 读取文件成功
2017-06-04T03:17:00: 读取文件成功
2017-06-04T03:18:00: 读取文件成功
2017-06-04T03:19:00: 读取文件成功
2017-06-04T03:20:00: 读取文件成功
2017-06-04T03:21:00: 读取文件成功
2017-06-04T03:22:00: 读取文件成功
2017-06-04T03:23:00: 读取文件成功
2017-06-04T03:24:00: 读取文件成功
2017-06-04T03:25:00: 读取文件成功
2017-06-04T03:26:00: 读取文件成功
2017-06-04T03:27:00: 读取文件成功
2017-06-04T03:28:00: 读取文件成功
2017-06-04T03:29:00: 读取文件成功
2017-06-04T03:30:00: 读取文件成功
2017-06-04T03:31:00: 读取文件成功
2017-06-04T03:32:00: 读取文件成功
2017-06-04T03:33:00: 读取文件成功
2017-06-04T03:34:00: 读取文件成功
2017-06-04T03:35:00: 读取文件成功
2017-06-04T03:36:00: 读取文件成功
2017-06-04T03:37:00: 读取文件成功
2017-06-04T03:38:00: 读取文件成功
2017-06-04T03:39:00: 读取文件成功
2017-06-04T03:40:00: 读取文件成功
2017-06-04T03:41:01: 读取文件成功
2017-06-04T03:42:00: 读取文件成功
2017-06-04T03:43:00: 读取文件成功
2017-06-04T03:44:00: 读取文件成功
2017-06-04T03:45:00: 读取文件成功
2017-06-04T03:46:00: 读取文件成功
2017-06-04T03:47:01: 读取文件成功
2017-06-04T03:48:00: 读取文件成功
2017-06-04T03:49:00: 读取文件成功
2017-06-04T03:50:00: 读取文件成功
2017-06-04T03:51:00: 读取文件成功
2017-06-04T03:52:00: 读取文件成功
2017-06-04T03:53:01: 读取文件成功
2017-06-04T03:54:00: 读取文件成功
2017-06-04T03:55:00: 读取文件成功
2017-06-04T03:56:00: 读取文件成功
2017-06-04T03:57:00: 读取文件成功
2017-06-04T03:58:00: 读取文件成功
2017-06-04T03:59:01: 读取文件成功
2017-06-04T04:00:01: 读取文件成功
2017-06-04T04:01:01: 读取文件成功
2017-06-04T04:02:01: 读取文件成功
2017-06-04T04:03:01: 读取文件成功
2017-06-04T04:04:01: 读取文件成功
2017-06-04T04:05:01: 读取文件成功
2017-06-04T04:06:01: 读取文件成功
2017-06-04T04:07:01: 读取文件成功
2017-06-04T04:08:01: 读取文件成功
2017-06-04T04:09:01: 读取文件成功
2017-06-04T04:10:01: 读取文件成功
2017-06-04T04:11:01: 读取文件成功
2017-06-04T04:12:01: 读取文件成功
2017-06-04T04:13:01: 读取文件成功
2017-06-04T04:14:01: 读取文件成功
2017-06-04T04:15:01: 读取文件成功
2017-06-04T04:16:01: 读取文件成功
2017-06-04T04:17:01: 读取文件成功
2017-06-04T04:18:01: 读取文件成功
2017-06-04T04:19:01: 读取文件成功
2017-06-04T04:20:01: 读取文件成功
2017-06-04T04:21:01: 读取文件成功
2017-06-04T04:22:01: 读取文件成功
2017-06-04T04:23:01: 读取文件成功
2017-06-04T04:24:01: 读取文件成功
2017-06-04T04:25:01: 读取文件成功
2017-06-04T04:26:01: 读取文件成功
2017-06-04T04:27:01: 读取文件成功
2017-06-04T04:28:01: 读取文件成功
2017-06-04T04:29:01: 读取文件成功
2017-06-04T04:30:01: 读取文件成功
2017-06-04T04:31:01: 读取文件成功
2017-06-04T04:32:01: 读取文件成功
2017-06-04T04:33:01: 读取文件成功
2017-06-04T04:34:01: 读取文件成功
2017-06-04T04:35:01: 读取文件成功
2017-06-04T04:36:01: 读取文件成功
2017-06-04T04:37:01: 读取文件成功
2017-06-04T04:38:01: 读取文件成功
2017-06-04T04:39:01: 读取文件成功
2017-06-04T04:40:01: 读取文件成功
2017-06-04T04:41:01: 读取文件成功
2017-06-04T04:42:01: 读取文件成功
2017-06-04T04:43:01: 读取文件成功
2017-06-04T04:44:01: 读取文件成功
2017-06-04T04:45:01: 读取文件成功
2017-06-04T04:46:01: 读取文件成功
2017-06-04T04:47:01: 读取文件成功
2017-06-04T04:48:01: 读取文件成功
2017-06-04T04:49:01: 读取文件成功
2017-06-04T04:50:01: 读取文件成功
2017-06-04T04:51:01: 读取文件成功
2017-06-04T04:52:01: 读取文件成功
2017-06-04T04:53:01: 读取文件成功
2017-06-04T04:54:01: 读取文件成功
2017-06-04T04:55:01: 读取文件成功
2017-06-04T04:56:01: 读取文件成功
2017-06-04T04:57:01: 读取文件成功
2017-06-04T04:58:01: 读取文件成功
2017-06-04T04:59:01: 读取文件成功
2017-06-04T05:00:01: 读取文件成功
2017-06-04T05:01:01: 读取文件成功
2017-06-04T05:02:01: 读取文件成功
2017-06-04T05:03:01: 读取文件成功
2017-06-04T05:04:01: 读取文件成功
2017-06-04T05:05:01: 读取文件成功
2017-06-04T05:06:01: 读取文件成功
2017-06-04T05:07:01: 读取文件成功
2017-06-04T05:08:01: 读取文件成功
2017-06-04T05:09:01: 读取文件成功
2017-06-04T05:10:01: 读取文件成功
2017-06-04T05:11:01: 读取文件成功
2017-06-04T05:12:01: 读取文件成功
2017-06-04T05:13:01: 读取文件成功
2017-06-04T05:14:01: 读取文件成功
2017-06-04T05:15:01: 读取文件成功
2017-06-04T05:16:01: 读取文件成功
2017-06-04T05:17:01: 读取文件成功
2017-06-04T05:18:01: 读取文件成功
2017-06-04T05:19:01: 读取文件成功
2017-06-04T05:20:01: 读取文件成功
2017-06-04T05:21:01: 读取文件成功
2017-06-04T05:22:01: 读取文件成功
2017-06-04T05:23:01: 读取文件成功
2017-06-04T05:24:01: 读取文件成功
2017-06-04T05:25:01: 读取文件成功
2017-06-04T05:26:01: 读取文件成功
2017-06-04T05:27:01: 读取文件成功
2017-06-04T05:28:01: 读取文件成功
2017-06-04T05:29:01: 读取文件成功
2017-06-04T05:30:01: 读取文件成功
2017-06-04T05:31:02: 读取文件成功
2017-06-04T05:32:01: 读取文件成功
2017-06-04T05:33:01: 读取文件成功
2017-06-04T05:34:02: 读取文件成功
2017-06-04T05:35:01: 读取文件成功
2017-06-04T05:36:01: 读取文件成功
2017-06-04T05:37:01: 读取文件成功
2017-06-04T05:38:01: 读取文件成功
2017-06-04T05:39:01: 读取文件成功
2017-06-04T05:40:02: 读取文件成功
2017-06-04T05:41:01: 读取文件成功
2017-06-04T05:42:01: 读取文件成功
2017-06-04T05:43:01: 读取文件成功
2017-06-04T05:44:01: 读取文件成功
2017-06-04T05:45:02: 读取文件成功
2017-06-04T05:46:02: 读取文件成功
2017-06-04T05:47:02: 读取文件成功
2017-06-04T05:48:02: 读取文件成功
2017-06-04T05:49:02: 读取文件成功
2017-06-04T05:50:02: 读取文件成功
2017-06-04T05:51:02: 读取文件成功
2017-06-04T05:52:02: 读取文件成功
2017-06-04T05:53:02: 读取文件成功
2017-06-04T05:54:02: 读取文件成功
2017-06-04T05:55:02: 读取文件成功
2017-06-04T05:56:02: 读取文件成功
2017-06-04T05:57:02: 读取文件成功
2017-06-04T05:58:02: 读取文件成功
2017-06-04T05:59:02: 读取文件成功
2017-06-04T06:00:02: 读取文件成功
2017-06-04T06:01:02: 读取文件成功
2017-06-04T06:02:02: 读取文件成功
2017-06-04T06:03:02: 读取文件成功
2017-06-04T06:04:02: 读取文件成功
2017-06-04T06:05:02: 读取文件成功
2017-06-04T06:06:02: 读取文件成功
2017-06-04T06:07:02: 读取文件成功
2017-06-04T06:08:02: 读取文件成功
2017-06-04T06:09:02: 读取文件成功
2017-06-04T06:10:02: 读取文件成功
2017-06-04T06:11:02: 读取文件成功
2017-06-04T06:12:02: 读取文件成功
2017-06-04T06:13:02: 读取文件成功
2017-06-04T06:14:02: 读取文件成功
2017-06-04T06:15:02: 读取文件成功
2017-06-04T06:16:02: 读取文件成功
2017-06-04T06:17:02: 读取文件成功
2017-06-04T06:18:02: 读取文件成功
2017-06-04T06:19:02: 读取文件成功
2017-06-04T06:20:02: 读取文件成功
2017-06-04T06:21:02: 读取文件成功
2017-06-04T06:22:02: 读取文件成功
2017-06-04T06:23:02: 读取文件成功
2017-06-04T06:24:02: 读取文件成功
2017-06-04T06:25:02: 读取文件成功
2017-06-04T06:26:02: 读取文件成功
2017-06-04T06:27:02: 读取文件成功
2017-06-04T06:28:02: 读取文件成功
2017-06-04T06:29:02: 读取文件成功
2017-06-04T06:30:02: 读取文件成功
2017-06-04T06:31:02: 读取文件成功
2017-06-04T06:32:02: 读取文件成功
2017-06-04T06:33:02: 读取文件成功
2017-06-04T06:34:02: 读取文件成功
2017-06-04T06:35:02: 读取文件成功
2017-06-04T06:36:02: 读取文件成功
2017-06-04T06:37:02: 读取文件成功
2017-06-04T06:38:02: 读取文件成功
2017-06-04T06:39:02: 读取文件成功
2017-06-04T06:40:02: 读取文件成功
2017-06-04T06:41:02: 读取文件成功
2017-06-04T06:42:02: 读取文件成功
2017-06-04T06:43:02: 读取文件成功
2017-06-04T06:44:02: 读取文件成功
2017-06-04T06:45:02: 读取文件成功
2017-06-04T06:46:02: 读取文件成功
2017-06-04T06:47:02: 读取文件成功
2017-06-04T06:48:02: 读取文件成功
2017-06-04T06:49:02: 读取文件成功
2017-06-04T06:50:02: 读取文件成功
2017-06-04T06:51:02: 读取文件成功
2017-06-04T06:52:02: 读取文件成功
2017-06-04T06:53:02: 读取文件成功
2017-06-04T06:54:02: 读取文件成功
2017-06-04T06:55:02: 读取文件成功
2017-06-04T06:56:02: 读取文件成功
2017-06-04T06:57:02: 读取文件成功
2017-06-04T06:58:02: 读取文件成功
2017-06-04T06:59:02: 读取文件成功
2017-06-04T07:00:02: 读取文件成功
2017-06-04T07:01:02: 读取文件成功
2017-06-04T07:02:02: 读取文件成功
2017-06-04T07:03:02: 读取文件成功
2017-06-04T07:04:02: 读取文件成功
2017-06-04T07:05:02: 读取文件成功
2017-06-04T07:06:02: 读取文件成功
2017-06-04T07:07:02: 读取文件成功
2017-06-04T07:08:02: 读取文件成功
2017-06-04T07:09:02: 读取文件成功
2017-06-04T07:10:02: 读取文件成功
2017-06-04T07:11:02: 读取文件成功
2017-06-04T07:12:02: 读取文件成功
2017-06-04T07:13:02: 读取文件成功
2017-06-04T07:14:02: 读取文件成功
2017-06-04T07:15:02: 读取文件成功
2017-06-04T07:16:02: 读取文件成功
2017-06-04T07:17:02: 读取文件成功
2017-06-04T07:18:02: 读取文件成功
2017-06-04T07:19:02: 读取文件成功
2017-06-04T07:20:02: 读取文件成功
2017-06-04T07:21:02: 读取文件成功
2017-06-04T07:22:02: 读取文件成功
2017-06-04T07:23:02: 读取文件成功
2017-06-04T07:24:02: 读取文件成功
2017-06-04T07:25:02: 读取文件成功
2017-06-04T07:26:02: 读取文件成功
2017-06-04T07:27:02: 读取文件成功
2017-06-04T07:28:02: 读取文件成功
2017-06-04T07:29:02: 读取文件成功
2017-06-04T07:30:02: 读取文件成功
2017-06-04T07:31:02: 读取文件成功
2017-06-04T07:32:03: 读取文件成功
2017-06-04T07:33:02: 读取文件成功
2017-06-04T07:34:02: 读取文件成功
2017-06-04T07:35:02: 读取文件成功
2017-06-04T07:36:02: 读取文件成功
2017-06-04T07:37:02: 读取文件成功
2017-06-04T07:38:03: 读取文件成功
2017-06-04T07:39:02: 读取文件成功
2017-06-04T07:40:03: 读取文件成功
2017-06-04T07:41:03: 读取文件成功
2017-06-04T07:42:03: 读取文件成功
2017-06-04T07:43:03: 读取文件成功
2017-06-04T07:44:03: 读取文件成功
2017-06-04T07:45:03: 读取文件成功
2017-06-04T07:46:03: 读取文件成功
2017-06-04T07:47:03: 读取文件成功
2017-06-04T07:48:03: 读取文件成功
2017-06-04T07:49:03: 读取文件成功
2017-06-04T07:50:03: 读取文件成功
2017-06-04T07:51:03: 读取文件成功
2017-06-04T07:52:03: 读取文件成功
2017-06-04T07:53:03: 读取文件成功
2017-06-04T07:54:03: 读取文件成功
2017-06-04T07:55:03: 读取文件成功
2017-06-04T07:56:03: 读取文件成功
2017-06-04T07:57:03: 读取文件成功
2017-06-04T07:58:03: 读取文件成功
2017-06-04T07:59:03: 读取文件成功
2017-06-04T08:00:03: 读取文件成功
2017-06-04T08:01:03: 读取文件成功
2017-06-04T08:02:03: 读取文件成功
2017-06-04T08:03:03: 读取文件成功
2017-06-04T08:04:03: 读取文件成功
2017-06-04T08:05:03: 读取文件成功
2017-06-04T08:06:03: 读取文件成功
2017-06-04T08:07:03: 读取文件成功
2017-06-04T08:08:03: 读取文件成功
2017-06-04T08:09:03: 读取文件成功
2017-06-04T08:10:03: 读取文件成功
2017-06-04T08:11:03: 读取文件成功
2017-06-04T08:12:03: 读取文件成功
2017-06-04T08:13:03: 读取文件成功
2017-06-04T08:14:03: 读取文件成功
2017-06-04T08:15:03: 读取文件成功
2017-06-04T08:16:03: 读取文件成功
2017-06-04T08:17:03: 读取文件成功
2017-06-04T08:18:03: 读取文件成功
2017-06-04T08:19:03: 读取文件成功
2017-06-04T08:20:03: 读取文件成功
2017-06-04T08:21:03: 读取文件成功
2017-06-04T08:22:03: 读取文件成功
2017-06-04T08:23:03: 读取文件成功
2017-06-04T08:24:03: 读取文件成功
2017-06-04T08:25:03: 读取文件成功
2017-06-04T08:26:03: 读取文件成功
2017-06-04T08:27:03: 读取文件成功
2017-06-04T08:28:03: 读取文件成功
2017-06-04T08:29:03: 读取文件成功
2017-06-04T08:30:03: 读取文件成功
2017-06-04T08:31:03: 读取文件成功
2017-06-04T08:32:03: 读取文件成功
2017-06-04T08:33:03: 读取文件成功
2017-06-04T08:34:03: 读取文件成功
2017-06-04T08:35:03: 读取文件成功
2017-06-04T08:36:03: 读取文件成功
2017-06-04T08:37:03: 读取文件成功
2017-06-04T08:38:03: 读取文件成功
2017-06-04T08:39:03: 读取文件成功
2017-06-04T08:40:03: 读取文件成功
2017-06-04T08:41:03: 读取文件成功
2017-06-04T08:42:03: 读取文件成功
2017-06-04T08:43:03: 读取文件成功
2017-06-04T08:44:03: 读取文件成功
2017-06-04T08:45:03: 读取文件成功
2017-06-04T08:46:03: 读取文件成功
2017-06-04T08:47:03: 读取文件成功
2017-06-04T08:48:03: 读取文件成功
2017-06-04T08:49:03: 读取文件成功
2017-06-04T08:50:03: 读取文件成功
2017-06-04T08:51:03: 读取文件成功
2017-06-04T08:52:03: 读取文件成功
2017-06-04T08:53:03: 读取文件成功
2017-06-04T08:54:03: 读取文件成功
2017-06-04T08:55:03: 读取文件成功
2017-06-04T08:56:03: 读取文件成功
2017-06-04T08:57:03: 读取文件成功
2017-06-04T08:58:03: 读取文件成功
2017-06-04T08:59:03: 读取文件成功
2017-06-04T09:00:03: 读取文件成功
2017-06-04T09:01:03: 读取文件成功
2017-06-04T09:02:03: 读取文件成功
2017-06-04T09:03:03: 读取文件成功
2017-06-04T09:04:03: 读取文件成功
2017-06-04T09:05:03: 读取文件成功
2017-06-04T09:06:03: 读取文件成功
2017-06-04T09:07:03: 读取文件成功
2017-06-04T09:08:03: 读取文件成功
2017-06-04T09:09:03: 读取文件成功
2017-06-04T09:10:03: 读取文件成功
2017-06-04T09:11:03: 读取文件成功
2017-06-04T09:12:03: 读取文件成功
2017-06-04T09:13:03: 读取文件成功
2017-06-04T09:14:04: 读取文件成功
2017-06-04T09:15:03: 读取文件成功
2017-06-04T09:16:03: 读取文件成功
2017-06-04T09:17:03: 读取文件成功
2017-06-04T09:18:03: 读取文件成功
2017-06-04T09:19:03: 读取文件成功
2017-06-04T09:20:04: 读取文件成功
2017-06-04T09:21:03: 读取文件成功
2017-06-04T09:22:03: 读取文件成功
2017-06-04T09:23:04: 读取文件成功
2017-06-04T09:24:04: 读取文件成功
2017-06-04T09:25:03: 读取文件成功
2017-06-04T09:26:04: 读取文件成功
2017-06-04T09:27:04: 读取文件成功
2017-06-04T09:28:04: 读取文件成功
2017-06-04T09:29:04: 读取文件成功
2017-06-04T09:30:05: 读取文件成功
2017-06-04T09:31:04: 读取文件成功
2017-06-04T09:32:04: 读取文件成功
2017-06-04T09:33:04: 读取文件成功
2017-06-04T09:34:04: 读取文件成功
2017-06-04T09:35:04: 读取文件成功
2017-06-04T09:36:04: 读取文件成功
2017-06-04T09:37:04: 读取文件成功
2017-06-04T09:38:04: 读取文件成功
2017-06-04T09:39:04: 读取文件成功
2017-06-04T09:40:04: 读取文件成功
2017-06-04T09:41:04: 读取文件成功
2017-06-04T09:42:04: 读取文件成功
2017-06-04T09:43:04: 读取文件成功
2017-06-04T09:44:04: 读取文件成功
2017-06-04T09:45:04: 读取文件成功
2017-06-04T09:46:04: 读取文件成功
2017-06-04T09:47:04: 读取文件成功
2017-06-04T09:48:04: 读取文件成功
2017-06-04T09:49:04: 读取文件成功
2017-06-04T09:50:04: 读取文件成功
2017-06-04T09:51:04: 读取文件成功
2017-06-04T09:52:04: 读取文件成功
2017-06-04T09:53:04: 读取文件成功
2017-06-04T09:54:04: 读取文件成功
2017-06-04T09:55:04: 读取文件成功
2017-06-04T09:56:04: 读取文件成功
2017-06-04T09:57:04: 读取文件成功
2017-06-04T09:58:04: 读取文件成功
2017-06-04T09:59:04: 读取文件成功
2017-06-04T10:00:04: 读取文件成功
2017-06-04T10:01:04: 读取文件成功
2017-06-04T10:02:04: 读取文件成功
2017-06-04T10:03:04: 读取文件成功
2017-06-04T10:04:04: 读取文件成功
2017-06-04T10:05:04: 读取文件成功
2017-06-04T10:06:04: 读取文件成功
2017-06-04T10:07:04: 读取文件成功
2017-06-04T10:08:04: 读取文件成功
2017-06-04T10:09:04: 读取文件成功
2017-06-04T10:10:04: 读取文件成功
2017-06-04T10:11:04: 读取文件成功
2017-06-04T10:12:04: 读取文件成功
2017-06-04T10:13:04: 读取文件成功
2017-06-04T10:14:04: 读取文件成功
2017-06-04T10:15:04: 读取文件成功
2017-06-04T10:16:04: 读取文件成功
2017-06-04T10:17:04: 读取文件成功
2017-06-04T10:18:04: 读取文件成功
2017-06-04T10:19:04: 读取文件成功
2017-06-04T10:20:04: 读取文件成功
2017-06-04T10:21:04: 读取文件成功
2017-06-04T10:22:04: 读取文件成功
2017-06-04T10:23:04: 读取文件成功
2017-06-04T10:24:04: 读取文件成功
2017-06-04T10:25:05: 读取文件成功
2017-06-04T10:26:04: 读取文件成功
2017-06-04T10:27:04: 读取文件成功
2017-06-04T10:28:04: 读取文件成功
2017-06-04T10:29:04: 读取文件成功
2017-06-04T10:30:04: 读取文件成功
2017-06-04T10:31:04: 读取文件成功
2017-06-04T10:32:04: 读取文件成功
2017-06-04T10:33:04: 读取文件成功
2017-06-04T10:34:04: 读取文件成功
2017-06-04T10:35:04: 读取文件成功
2017-06-04T10:36:04: 读取文件成功
2017-06-04T10:37:04: 读取文件成功
2017-06-04T10:38:04: 读取文件成功
2017-06-04T10:39:04: 读取文件成功
2017-06-04T10:40:04: 读取文件成功
2017-06-04T10:41:04: 读取文件成功
2017-06-04T10:42:04: 读取文件成功
2017-06-04T10:43:04: 读取文件成功
2017-06-04T10:44:04: 读取文件成功
2017-06-04T10:45:04: 读取文件成功
2017-06-04T10:46:04: 读取文件成功
2017-06-04T10:47:04: 读取文件成功
2017-06-04T10:48:04: 读取文件成功
2017-06-04T10:49:04: 读取文件成功
2017-06-04T10:50:04: 读取文件成功
2017-06-04T10:51:04: 读取文件成功
2017-06-04T10:52:04: 读取文件成功
2017-06-04T10:53:04: 读取文件成功
2017-06-04T10:54:04: 读取文件成功
2017-06-04T10:55:04: 读取文件成功
2017-06-04T10:56:04: 读取文件成功
2017-06-04T10:57:04: 读取文件成功
2017-06-04T10:58:04: 读取文件成功
2017-06-04T10:59:04: 读取文件成功
2017-06-04T11:00:07: 读取文件成功
2017-06-04T11:01:04: 读取文件成功
2017-06-04T11:02:04: 读取文件成功
2017-06-04T11:03:04: 读取文件成功
2017-06-04T11:04:04: 读取文件成功
2017-06-04T11:05:04: 读取文件成功
2017-06-04T12:31:05: 读取文件成功
2017-06-04T12:32:05: 读取文件成功
2017-06-04T12:33:05: 读取文件成功
2017-06-04T12:34:05: 读取文件成功
2017-06-04T12:35:05: 读取文件成功
2017-06-04T12:36:05: 读取文件成功
2017-06-04T12:37:05: 读取文件成功
2017-06-04T12:38:05: 读取文件成功
2017-06-04T12:39:05: 读取文件成功
2017-06-04T12:40:05: 读取文件成功
2017-06-04T12:41:05: 读取文件成功
2017-06-04T12:42:05: 读取文件成功
2017-06-04T12:43:05: 读取文件成功
2017-06-04T12:44:05: 读取文件成功
2017-06-04T12:45:05: 读取文件成功
2017-06-04T12:46:05: 读取文件成功
2017-06-04T12:47:05: 读取文件成功
2017-06-04T12:48:05: 读取文件成功
2017-06-04T12:49:05: 读取文件成功
2017-06-04T12:50:07: 读取文件成功
2017-06-04T12:51:05: 读取文件成功
2017-06-04T12:52:05: 读取文件成功
2017-06-04T12:53:05: 读取文件成功
2017-06-04T12:54:05: 读取文件成功
2017-06-04T12:55:05: 读取文件成功
2017-06-04T12:56:05: 读取文件成功
2017-06-04T12:57:05: 读取文件成功
2017-06-04T12:58:05: 读取文件成功
2017-06-04T12:59:05: 读取文件成功
2017-06-04T13:00:05: 读取文件成功
2017-06-04T13:01:06: 读取文件成功
2017-06-04T13:02:05: 读取文件成功
2017-06-04T13:03:05: 读取文件成功
2017-06-04T13:04:06: 读取文件成功
2017-06-04T13:05:09: 读取文件成功
2017-06-04T13:06:05: 读取文件成功
2017-06-04T13:07:06: 读取文件成功
2017-06-04T13:08:05: 读取文件成功
2017-06-04T13:09:05: 读取文件成功
2017-06-04T13:10:05: 读取文件成功
2017-06-04T13:11:05: 读取文件成功
2017-06-04T13:12:05: 读取文件成功
2017-06-04T13:13:06: 读取文件成功
2017-06-04T13:14:06: 读取文件成功
2017-06-04T13:15:06: 读取文件成功
2017-06-04T13:16:06: 读取文件成功
2017-06-04T13:17:06: 读取文件成功
2017-06-04T13:18:06: 读取文件成功
2017-06-04T13:19:06: 读取文件成功
2017-06-04T13:20:06: 读取文件成功
2017-06-04T13:21:06: 读取文件成功
2017-06-04T13:22:06: 读取文件成功
2017-06-04T13:23:06: 读取文件成功
2017-06-04T13:24:06: 读取文件成功
2017-06-04T13:25:06: 读取文件成功
2017-06-04T13:26:06: 读取文件成功
2017-06-04T13:27:06: 读取文件成功
2017-06-04T13:28:06: 读取文件成功
2017-06-04T13:29:06: 读取文件成功
2017-06-04T13:30:06: 读取文件成功
2017-06-04T13:31:06: 读取文件成功
2017-06-04T13:32:06: 读取文件成功
2017-06-04T13:33:06: 读取文件成功
2017-06-04T13:34:06: 读取文件成功
2017-06-04T13:35:06: 读取文件成功
2017-06-04T13:36:06: 读取文件成功
2017-06-04T13:37:06: 读取文件成功
2017-06-04T13:38:06: 读取文件成功
2017-06-04T13:39:06: 读取文件成功
2017-06-04T13:40:06: 读取文件成功
2017-06-04T13:41:06: 读取文件成功
2017-06-04T13:42:06: 读取文件成功
2017-06-04T13:43:06: 读取文件成功
2017-06-04T13:44:06: 读取文件成功
2017-06-04T13:45:06: 读取文件成功
2017-06-04T13:46:06: 读取文件成功
2017-06-04T13:47:06: 读取文件成功
2017-06-04T13:48:06: 读取文件成功
2017-06-04T13:49:06: 读取文件成功
2017-06-04T13:50:06: 读取文件成功
2017-06-04T13:51:06: 读取文件成功
2017-06-04T13:52:06: 读取文件成功
2017-06-04T13:53:06: 读取文件成功
2017-06-04T13:54:06: 读取文件成功
2017-06-04T13:55:06: 读取文件成功
2017-06-04T13:56:06: 读取文件成功
2017-06-04T13:57:06: 读取文件成功
2017-06-04T13:58:06: 读取文件成功
2017-06-04T13:59:06: 读取文件成功
2017-06-04T14:00:06: 读取文件成功
2017-06-04T14:01:06: 读取文件成功
2017-06-04T14:02:06: 读取文件成功
2017-06-04T14:03:06: 读取文件成功
2017-06-04T14:04:06: 读取文件成功
2017-06-04T14:05:06: 读取文件成功
2017-06-04T14:06:14: 读取文件成功
2017-06-04T14:07:06: 读取文件成功
2017-06-04T14:08:06: 读取文件成功
2017-06-04T14:09:06: 读取文件成功
2017-06-04T14:10:06: 读取文件成功
2017-06-04T14:11:06: 读取文件成功
2017-06-04T14:12:06: 读取文件成功
2017-06-04T14:13:06: 读取文件成功
2017-06-04T14:14:06: 读取文件成功
2017-06-04T14:15:06: 读取文件成功
2017-06-04T14:16:06: 读取文件成功
2017-06-04T14:17:06: 读取文件成功
2017-06-04T14:18:06: 读取文件成功
2017-06-04T14:19:06: 读取文件成功
2017-06-04T14:20:06: 读取文件成功
2017-06-04T14:21:06: 读取文件成功
2017-06-04T14:22:06: 读取文件成功
2017-06-04T14:23:06: 读取文件成功
2017-06-04T14:24:06: 读取文件成功
2017-06-04T14:25:06: 读取文件成功
2017-06-04T14:26:06: 读取文件成功
2017-06-04T14:27:06: 读取文件成功
2017-06-04T14:28:06: 读取文件成功
2017-06-04T14:29:06: 读取文件成功
2017-06-04T14:30:06: 读取文件成功
2017-06-04T14:31:06: 读取文件成功
2017-06-04T14:32:06: 读取文件成功
2017-06-04T14:33:06: 读取文件成功
2017-06-04T14:34:06: 读取文件成功
2017-06-04T14:35:06: 读取文件成功
2017-06-04T14:36:06: 读取文件成功
2017-06-04T14:37:06: 读取文件成功
2017-06-04T14:38:06: 读取文件成功
2017-06-04T14:39:06: 读取文件成功
2017-06-04T14:40:06: 读取文件成功
2017-06-04T14:41:06: 读取文件成功
2017-06-04T14:42:06: 读取文件成功
2017-06-04T14:43:06: 读取文件成功
2017-06-04T14:44:06: 读取文件成功
2017-06-04T14:45:06: 读取文件成功
2017-06-04T14:46:06: 读取文件成功
2017-06-04T14:47:06: 读取文件成功
2017-06-04T14:48:06: 读取文件成功
2017-06-04T14:49:06: 读取文件成功
2017-06-04T14:50:06: 读取文件成功
2017-06-04T14:51:06: 读取文件成功
2017-06-04T14:52:06: 读取文件成功
2017-06-04T14:53:06: 读取文件成功
2017-06-04T14:54:06: 读取文件成功
2017-06-04T14:55:06: 读取文件成功
2017-06-04T14:56:06: 读取文件成功
2017-06-04T14:57:06: 读取文件成功
2017-06-04T14:58:06: 读取文件成功
2017-06-04T14:59:06: 读取文件成功
2017-06-04T15:00:07: 读取文件成功
2017-06-04T15:01:06: 读取文件成功
2017-06-04T15:02:06: 读取文件成功
2017-06-04T15:03:06: 读取文件成功
2017-06-04T15:04:07: 读取文件成功
2017-06-04T15:05:06: 读取文件成功
2017-06-04T15:06:07: 读取文件成功
2017-06-04T15:07:07: 读取文件成功
2017-06-04T15:08:07: 读取文件成功
2017-06-04T15:09:07: 读取文件成功
2017-06-04T15:10:07: 读取文件成功
2017-06-04T15:11:07: 读取文件成功
2017-06-04T15:12:07: 读取文件成功
2017-06-04T15:13:07: 读取文件成功
2017-06-04T15:14:07: 读取文件成功
2017-06-04T15:15:07: 读取文件成功
2017-06-04T15:16:07: 读取文件成功
2017-06-04T15:17:07: 读取文件成功
2017-06-04T15:18:07: 读取文件成功
2017-06-04T15:19:07: 读取文件成功
2017-06-04T15:20:07: 读取文件成功
2017-06-04T15:21:07: 读取文件成功
2017-06-04T15:22:07: 读取文件成功
2017-06-04T15:23:07: 读取文件成功
2017-06-04T15:24:07: 读取文件成功
2017-06-04T15:25:07: 读取文件成功
2017-06-04T15:26:07: 读取文件成功
2017-06-04T15:27:07: 读取文件成功
2017-06-04T15:28:07: 读取文件成功
2017-06-04T15:29:07: 读取文件成功
2017-06-04T15:30:07: 读取文件成功
2017-06-04T15:31:07: 读取文件成功
2017-06-04T15:32:07: 读取文件成功
2017-06-04T15:33:07: 读取文件成功
2017-06-04T15:34:07: 读取文件成功
2017-06-04T15:35:07: 读取文件成功
2017-06-04T15:36:07: 读取文件成功
2017-06-04T15:37:07: 读取文件成功
2017-06-04T15:38:07: 读取文件成功
2017-06-04T15:39:07: 读取文件成功
2017-06-04T15:40:07: 读取文件成功
2017-06-04T15:41:07: 读取文件成功
2017-06-04T15:42:07: 读取文件成功
2017-06-04T15:43:07: 读取文件成功
2017-06-04T15:44:07: 读取文件成功
2017-06-04T15:45:07: 读取文件成功
2017-06-04T15:46:07: 读取文件成功
2017-06-04T15:47:07: 读取文件成功
2017-06-04T15:48:07: 读取文件成功
2017-06-04T15:49:07: 读取文件成功
2017-06-04T15:50:07: 读取文件成功
2017-06-04T15:51:07: 读取文件成功
2017-06-04T15:52:07: 读取文件成功
2017-06-04T15:53:07: 读取文件成功
2017-06-04T15:54:07: 读取文件成功
2017-06-04T15:55:07: 读取文件成功
2017-06-04T15:56:07: 读取文件成功
2017-06-04T15:57:07: 读取文件成功
2017-06-04T15:58:07: 读取文件成功
2017-06-04T15:59:07: 读取文件成功
2017-06-04T16:00:07: 读取文件成功
2017-06-04T16:01:07: 读取文件成功
2017-06-04T16:02:07: 读取文件成功
2017-06-04T16:03:07: 读取文件成功
2017-06-04T16:04:07: 读取文件成功
2017-06-04T16:05:07: 读取文件成功
2017-06-04T16:06:07: 读取文件成功
2017-06-04T16:07:07: 读取文件成功
2017-06-04T16:08:07: 读取文件成功
2017-06-04T16:09:07: 读取文件成功
2017-06-04T16:10:07: 读取文件成功
2017-06-04T16:11:07: 读取文件成功
2017-06-04T16:12:07: 读取文件成功
2017-06-04T16:13:07: 读取文件成功
2017-06-04T16:14:07: 读取文件成功
2017-06-04T16:15:07: 读取文件成功
2017-06-04T16:16:07: 读取文件成功
2017-06-04T16:17:07: 读取文件成功
2017-06-04T16:18:07: 读取文件成功
2017-06-04T16:19:07: 读取文件成功
2017-06-04T16:20:07: 读取文件成功
2017-06-04T16:21:07: 读取文件成功
2017-06-04T16:22:07: 读取文件成功
2017-06-04T16:23:07: 读取文件成功
2017-06-04T16:24:07: 读取文件成功
2017-06-04T16:25:07: 读取文件成功
2017-06-04T16:26:07: 读取文件成功
2017-06-04T16:27:07: 读取文件成功
2017-06-04T16:28:07: 读取文件成功
2017-06-04T16:29:07: 读取文件成功
2017-06-04T16:30:07: 读取文件成功
2017-06-04T16:31:07: 读取文件成功
2017-06-04T16:32:07: 读取文件成功
2017-06-04T16:33:07: 读取文件成功
2017-06-04T16:34:07: 读取文件成功
2017-06-04T16:35:07: 读取文件成功
2017-06-04T16:36:07: 读取文件成功
2017-06-04T16:37:07: 读取文件成功
2017-06-04T16:38:07: 读取文件成功
2017-06-04T16:39:07: 读取文件成功
2017-06-04T16:40:07: 读取文件成功
2017-06-04T16:41:07: 读取文件成功
2017-06-04T16:42:07: 读取文件成功
2017-06-04T16:43:07: 读取文件成功
2017-06-04T16:44:07: 读取文件成功
2017-06-04T16:45:07: 读取文件成功
2017-06-04T16:46:07: 读取文件成功
2017-06-04T16:47:08: 读取文件成功
2017-06-04T16:48:12: 读取文件成功
2017-06-04T16:49:07: 读取文件成功
2017-06-04T16:50:07: 读取文件成功
2017-06-04T16:51:07: 读取文件成功
2017-06-04T16:52:08: 读取文件成功
2017-06-04T16:53:08: 读取文件成功
2017-06-04T16:54:08: 读取文件成功
2017-06-04T16:55:08: 读取文件成功
2017-06-04T16:56:09: 读取文件成功
2017-06-04T16:57:08: 读取文件成功
2017-06-04T16:58:08: 读取文件成功
2017-06-04T16:59:08: 读取文件成功
2017-06-04T17:00:08: 读取文件成功
2017-06-04T17:01:08: 读取文件成功
2017-06-04T17:02:08: 读取文件成功
2017-06-04T17:03:08: 读取文件成功
2017-06-04T17:04:08: 读取文件成功
2017-06-04T17:05:08: 读取文件成功
2017-06-04T17:06:08: 读取文件成功
2017-06-04T17:07:08: 读取文件成功
2017-06-04T17:08:08: 读取文件成功
2017-06-04T17:09:08: 读取文件成功
2017-06-04T17:10:08: 读取文件成功
2017-06-04T17:11:08: 读取文件成功
2017-06-04T17:12:08: 读取文件成功
2017-06-04T17:13:08: 读取文件成功
2017-06-04T17:14:08: 读取文件成功
2017-06-04T17:15:08: 读取文件成功
2017-06-04T17:16:08: 读取文件成功
2017-06-04T17:17:08: 读取文件成功
2017-06-04T17:18:08: 读取文件成功
2017-06-04T17:19:08: 读取文件成功
2017-06-04T17:20:08: 读取文件成功
2017-06-04T17:21:08: 读取文件成功
2017-06-04T17:22:08: 读取文件成功
2017-06-04T17:23:08: 读取文件成功
2017-06-04T17:24:08: 读取文件成功
2017-06-04T17:25:08: 读取文件成功
2017-06-04T17:26:08: 读取文件成功
2017-06-04T17:27:08: 读取文件成功
2017-06-04T17:28:08: 读取文件成功
2017-06-04T17:29:08: 读取文件成功
2017-06-04T17:30:08: 读取文件成功
2017-06-04T17:31:11: 读取文件成功
2017-06-04T17:32:08: 读取文件成功
2017-06-04T17:33:08: 读取文件成功
2017-06-04T17:34:08: 读取文件成功
2017-06-04T17:35:08: 读取文件成功
2017-06-04T17:36:08: 读取文件成功
2017-06-04T17:37:08: 读取文件成功
2017-06-04T17:38:26: 读取文件成功
2017-06-04T17:39:38: 读取文件成功
2017-06-04T17:40:12: 读取文件成功
2017-06-04T17:41:24: 读取文件成功
2017-06-04T17:42:08: 读取文件成功
2017-06-04T17:43:08: 读取文件成功
2017-06-04T17:44:08: 读取文件成功
2017-06-04T17:45:08: 读取文件成功
2017-06-04T17:46:08: 读取文件成功
2017-06-04T17:47:08: 读取文件成功
2017-06-04T17:48:08: 读取文件成功
2017-06-04T17:49:08: 读取文件成功
2017-06-04T17:50:08: 读取文件成功
2017-06-04T17:51:08: 读取文件成功
2017-06-04T17:52:08: 读取文件成功
2017-06-04T17:53:08: 读取文件成功
2017-06-04T17:54:08: 读取文件成功
2017-06-04T17:55:08: 读取文件成功
2017-06-04T17:56:08: 读取文件成功
2017-06-04T17:57:08: 读取文件成功
2017-06-04T17:58:08: 读取文件成功
2017-06-04T17:59:08: 读取文件成功
2017-06-04T18:00:08: 读取文件成功
2017-06-04T18:01:08: 读取文件成功
2017-06-04T18:02:08: 读取文件成功
2017-06-04T18:03:08: 读取文件成功
2017-06-04T18:04:08: 读取文件成功
2017-06-04T18:05:08: 读取文件成功
2017-06-04T18:06:08: 读取文件成功
2017-06-04T18:07:08: 读取文件成功
2017-06-04T18:08:08: 读取文件成功
2017-06-04T18:09:08: 读取文件成功
2017-06-04T18:10:08: 读取文件成功
2017-06-04T18:11:08: 读取文件成功
2017-06-04T18:12:08: 读取文件成功
2017-06-04T18:13:08: 读取文件成功
2017-06-04T18:14:08: 读取文件成功
2017-06-04T18:15:09: 读取文件成功
2017-06-04T18:16:08: 读取文件成功
2017-06-04T18:17:08: 读取文件成功
2017-06-04T18:18:08: 读取文件成功
2017-06-04T18:19:08: 读取文件成功
2017-06-04T18:20:08: 读取文件成功
2017-06-04T18:21:08: 读取文件成功
2017-06-04T18:22:08: 读取文件成功
2017-06-04T18:23:08: 读取文件成功
2017-06-04T18:24:08: 读取文件成功
2017-06-04T18:25:08: 读取文件成功
2017-06-04T18:26:08: 读取文件成功
2017-06-04T18:27:08: 读取文件成功
2017-06-04T18:28:08: 读取文件成功
2017-06-04T18:29:08: 读取文件成功
2017-06-04T18:30:08: 读取文件成功
2017-06-04T18:31:08: 读取文件成功
2017-06-04T18:32:08: 读取文件成功
2017-06-04T18:33:08: 读取文件成功
2017-06-04T18:34:08: 读取文件成功
2017-06-04T18:35:08: 读取文件成功
2017-06-04T18:36:08: 读取文件成功
2017-06-04T18:37:08: 读取文件成功
2017-06-04T18:38:08: 读取文件成功
2017-06-04T18:39:08: 读取文件成功
2017-06-04T18:40:08: 读取文件成功
2017-06-04T18:41:09: 读取文件成功
2017-06-04T18:42:08: 读取文件成功
2017-06-04T18:43:08: 读取文件成功
2017-06-04T18:44:08: 读取文件成功
2017-06-04T18:45:09: 读取文件成功
2017-06-04T18:46:09: 读取文件成功
2017-06-04T18:47:09: 读取文件成功
2017-06-04T18:48:09: 读取文件成功
2017-06-04T18:49:09: 读取文件成功
2017-06-04T18:50:09: 读取文件成功
2017-06-04T18:51:09: 读取文件成功
2017-06-04T18:52:09: 读取文件成功
2017-06-04T18:53:09: 读取文件成功
2017-06-04T18:54:09: 读取文件成功
2017-06-04T18:55:09: 读取文件成功
2017-06-04T18:56:09: 读取文件成功
2017-06-04T18:57:09: 读取文件成功
2017-06-04T18:58:09: 读取文件成功
2017-06-04T18:59:09: 读取文件成功
2017-06-04T19:00:09: 读取文件成功
2017-06-04T19:01:09: 读取文件成功
2017-06-04T19:02:09: 读取文件成功
2017-06-04T19:03:09: 读取文件成功
2017-06-04T19:04:09: 读取文件成功
2017-06-04T19:05:09: 读取文件成功
2017-06-04T19:06:09: 读取文件成功
2017-06-04T19:07:09: 读取文件成功
2017-06-04T19:08:09: 读取文件成功
2017-06-04T19:09:09: 读取文件成功
2017-06-04T19:10:09: 读取文件成功
2017-06-04T19:11:09: 读取文件成功
2017-06-04T19:12:09: 读取文件成功
2017-06-04T19:13:09: 读取文件成功
2017-06-04T19:14:09: 读取文件成功
2017-06-04T19:15:09: 读取文件成功
2017-06-04T19:16:09: 读取文件成功
2017-06-04T19:17:09: 读取文件成功
2017-06-04T19:18:09: 读取文件成功
2017-06-04T19:19:09: 读取文件成功
2017-06-04T19:20:09: 读取文件成功
2017-06-04T19:21:09: 读取文件成功
2017-06-04T19:22:09: 读取文件成功
2017-06-04T19:23:09: 读取文件成功
2017-06-04T19:24:09: 读取文件成功
2017-06-04T19:25:09: 读取文件成功
2017-06-04T19:26:09: 读取文件成功
2017-06-04T19:27:09: 读取文件成功
2017-06-04T19:28:09: 读取文件成功
2017-06-04T19:29:09: 读取文件成功
2017-06-04T19:30:09: 读取文件成功
2017-06-04T19:31:09: 读取文件成功
2017-06-04T19:32:09: 读取文件成功
2017-06-04T19:33:09: 读取文件成功
2017-06-04T19:34:09: 读取文件成功
2017-06-04T19:35:09: 读取文件成功
2017-06-04T19:36:09: 读取文件成功
2017-06-04T19:37:09: 读取文件成功
2017-06-04T19:38:09: 读取文件成功
2017-06-04T19:39:09: 读取文件成功
2017-06-04T19:40:09: 读取文件成功
2017-06-04T19:41:09: 读取文件成功
2017-06-04T19:42:09: 读取文件成功
2017-06-04T19:43:09: 读取文件成功
2017-06-04T19:44:09: 读取文件成功
2017-06-04T19:45:09: 读取文件成功
2017-06-04T19:46:09: 读取文件成功
2017-06-04T19:47:09: 读取文件成功
2017-06-04T19:48:09: 读取文件成功
2017-06-04T19:49:09: 读取文件成功
2017-06-04T19:50:09: 读取文件成功
2017-06-04T19:51:09: 读取文件成功
2017-06-04T19:52:09: 读取文件成功
2017-06-04T19:53:09: 读取文件成功
2017-06-04T19:54:11: 读取文件成功
2017-06-04T19:55:09: 读取文件成功
2017-06-04T19:56:09: 读取文件成功
2017-06-04T19:57:09: 读取文件成功
2017-06-04T19:58:09: 读取文件成功
2017-06-04T19:59:09: 读取文件成功
2017-06-04T20:00:09: 读取文件成功
2017-06-04T20:01:12: 读取文件成功
2017-06-04T20:02:09: 读取文件成功
2017-06-04T20:03:09: 读取文件成功
2017-06-04T20:04:09: 读取文件成功
2017-06-04T20:05:09: 读取文件成功
2017-06-04T20:06:09: 读取文件成功
2017-06-04T20:07:09: 读取文件成功
2017-06-04T20:08:09: 读取文件成功
2017-06-04T20:09:09: 读取文件成功
2017-06-04T20:10:09: 读取文件成功
2017-06-04T20:11:09: 读取文件成功
2017-06-04T20:12:09: 读取文件成功
2017-06-04T20:13:09: 读取文件成功
2017-06-04T20:14:09: 读取文件成功
2017-06-04T20:15:09: 读取文件成功
2017-06-04T20:16:10: 读取文件成功
2017-06-04T20:17:09: 读取文件成功
2017-06-04T20:18:09: 读取文件成功
2017-06-04T20:19:09: 读取文件成功
2017-06-04T20:20:09: 读取文件成功
2017-06-04T20:21:09: 读取文件成功
2017-06-04T20:22:10: 读取文件成功
2017-06-04T20:23:09: 读取文件成功
2017-06-04T20:24:09: 读取文件成功
2017-06-04T20:25:09: 读取文件成功
2017-06-04T20:26:09: 读取文件成功
2017-06-04T20:27:10: 读取文件成功
2017-06-04T20:28:10: 读取文件成功
2017-06-04T20:29:10: 读取文件成功
2017-06-04T20:30:10: 读取文件成功
2017-06-04T20:31:10: 读取文件成功
2017-06-04T20:32:10: 读取文件成功
2017-06-04T20:33:10: 读取文件成功
2017-06-04T20:34:10: 读取文件成功
2017-06-04T20:35:19: 读取文件成功
2017-06-04T20:36:12: 读取文件成功
2017-06-04T20:37:10: 读取文件成功
2017-06-04T20:38:10: 读取文件成功
2017-06-04T20:39:11: 读取文件成功
2017-06-04T20:40:10: 读取文件成功
2017-06-04T20:41:10: 读取文件成功
2017-06-04T20:42:10: 读取文件成功
2017-06-04T20:43:10: 读取文件成功
2017-06-04T20:44:10: 读取文件成功
2017-06-04T20:45:10: 读取文件成功
2017-06-04T20:46:10: 读取文件成功
2017-06-04T20:47:10: 读取文件成功
2017-06-04T20:48:10: 读取文件成功
2017-06-04T20:49:10: 读取文件成功
2017-06-04T20:50:10: 读取文件成功
2017-06-04T20:51:10: 读取文件成功
2017-06-04T20:52:10: 读取文件成功
2017-06-04T20:53:10: 读取文件成功
2017-06-04T20:54:10: 读取文件成功
2017-06-04T20:55:10: 读取文件成功
2017-06-04T20:56:10: 读取文件成功
2017-06-04T20:57:10: 读取文件成功
2017-06-04T20:58:10: 读取文件成功
2017-06-04T20:59:10: 读取文件成功
2017-06-04T21:00:10: 读取文件成功
2017-06-04T21:01:10: 读取文件成功
2017-06-04T21:02:10: 读取文件成功
2017-06-04T21:03:10: 读取文件成功
2017-06-04T21:04:10: 读取文件成功
2017-06-04T21:05:10: 读取文件成功
2017-06-04T21:06:10: 读取文件成功
2017-06-04T21:07:10: 读取文件成功
2017-06-04T21:08:10: 读取文件成功
2017-06-04T21:09:10: 读取文件成功
2017-06-04T21:10:10: 读取文件成功
2017-06-04T21:11:10: 读取文件成功
2017-06-04T21:12:10: 读取文件成功
2017-06-04T21:13:10: 读取文件成功
2017-06-04T21:14:10: 读取文件成功
2017-06-04T21:15:10: 读取文件成功
2017-06-04T21:16:10: 读取文件成功
2017-06-04T21:17:10: 读取文件成功
2017-06-04T21:18:10: 读取文件成功
2017-06-04T21:19:10: 读取文件成功
2017-06-04T21:20:10: 读取文件成功
2017-06-04T21:21:10: 读取文件成功
2017-06-04T21:22:10: 读取文件成功
2017-06-04T21:23:10: 读取文件成功
2017-06-04T21:24:10: 读取文件成功
2017-06-04T21:25:10: 读取文件成功
2017-06-04T21:26:10: 读取文件成功
2017-06-04T21:27:10: 读取文件成功
2017-06-04T21:28:10: 读取文件成功
2017-06-04T21:29:10: 读取文件成功
2017-06-04T21:30:10: 读取文件成功
2017-06-04T21:31:10: 读取文件成功
2017-06-04T21:32:10: 读取文件成功
2017-06-04T21:33:10: 读取文件成功
2017-06-04T21:34:10: 读取文件成功
2017-06-04T21:35:10: 读取文件成功
2017-06-04T21:36:10: 读取文件成功
2017-06-04T21:37:10: 读取文件成功
2017-06-04T21:38:10: 读取文件成功
2017-06-04T21:39:10: 读取文件成功
2017-06-04T21:40:10: 读取文件成功
2017-06-04T21:41:10: 读取文件成功
2017-06-04T21:42:10: 读取文件成功
2017-06-04T21:43:10: 读取文件成功
2017-06-04T21:44:10: 读取文件成功
2017-06-04T21:45:11: 读取文件成功
2017-06-04T21:46:10: 读取文件成功
2017-06-04T21:47:10: 读取文件成功
2017-06-04T21:48:10: 读取文件成功
2017-06-04T21:49:10: 读取文件成功
2017-06-04T21:50:10: 读取文件成功
2017-06-04T21:51:11: 读取文件成功
2017-06-04T21:52:10: 读取文件成功
2017-06-04T21:53:10: 读取文件成功
2017-06-04T21:54:10: 读取文件成功
2017-06-04T21:55:10: 读取文件成功
2017-06-04T21:56:10: 读取文件成功
2017-06-04T21:57:11: 读取文件成功
2017-06-04T21:58:10: 读取文件成功
2017-06-04T21:59:10: 读取文件成功
2017-06-04T22:00:10: 读取文件成功
2017-06-04T22:01:10: 读取文件成功
2017-06-04T22:02:11: 读取文件成功
2017-06-04T22:03:11: 读取文件成功
2017-06-04T22:04:11: 读取文件成功
2017-06-04T22:05:11: 读取文件成功
2017-06-04T22:06:11: 读取文件成功
2017-06-04T22:07:11: 读取文件成功
2017-06-04T22:08:11: 读取文件成功
2017-06-04T22:09:11: 读取文件成功
2017-06-04T22:10:11: 读取文件成功
2017-06-04T22:11:11: 读取文件成功
2017-06-04T22:12:11: 读取文件成功
2017-06-04T22:13:11: 读取文件成功
2017-06-04T22:14:11: 读取文件成功
2017-06-04T22:15:11: 读取文件成功
2017-06-04T22:16:11: 读取文件成功
2017-06-04T22:17:11: 读取文件成功
2017-06-04T22:18:11: 读取文件成功
2017-06-04T22:19:11: 读取文件成功
2017-06-04T22:20:11: 读取文件成功
2017-06-04T22:21:11: 读取文件成功
2017-06-04T22:22:11: 读取文件成功
2017-06-04T22:23:11: 读取文件成功
2017-06-04T22:24:11: 读取文件成功
2017-06-04T22:25:11: 读取文件成功
2017-06-04T22:26:11: 读取文件成功
2017-06-04T22:27:11: 读取文件成功
2017-06-04T22:28:11: 读取文件成功
2017-06-04T22:29:11: 读取文件成功
2017-06-04T22:30:11: 读取文件成功
2017-06-04T22:31:11: 读取文件成功
2017-06-04T22:32:11: 读取文件成功
2017-06-04T22:33:11: 读取文件成功
2017-06-04T22:34:11: 读取文件成功
2017-06-04T22:35:11: 读取文件成功
2017-06-04T22:36:11: 读取文件成功
2017-06-04T22:37:11: 读取文件成功
2017-06-04T22:38:11: 读取文件成功
2017-06-04T22:39:11: 读取文件成功
2017-06-04T22:40:11: 读取文件成功
2017-06-04T22:41:11: 读取文件成功
2017-06-04T22:42:11: 读取文件成功
2017-06-04T22:43:11: 读取文件成功
2017-06-04T22:44:11: 读取文件成功
2017-06-04T22:45:11: 读取文件成功
2017-06-04T22:46:11: 读取文件成功
2017-06-04T22:47:11: 读取文件成功
2017-06-04T22:48:11: 读取文件成功
2017-06-04T22:49:11: 读取文件成功
2017-06-04T22:50:11: 读取文件成功
2017-06-04T22:51:11: 读取文件成功
2017-06-04T22:52:11: 读取文件成功
2017-06-04T22:53:11: 读取文件成功
2017-06-04T22:54:11: 读取文件成功
2017-06-04T22:55:11: 读取文件成功
2017-06-04T22:56:11: 读取文件成功
2017-06-04T22:57:11: 读取文件成功
2017-06-04T22:58:11: 读取文件成功
2017-06-04T22:59:11: 读取文件成功
2017-06-04T23:00:11: 读取文件成功
2017-06-04T23:01:11: 读取文件成功
2017-06-04T23:02:11: 读取文件成功
2017-06-04T23:03:11: 读取文件成功
2017-06-04T23:04:11: 读取文件成功
2017-06-04T23:05:11: 读取文件成功
2017-06-04T23:06:11: 读取文件成功
2017-06-04T23:07:11: 读取文件成功
2017-06-04T23:08:11: 读取文件成功
2017-06-04T23:09:11: 读取文件成功
2017-06-04T23:10:11: 读取文件成功
2017-06-04T23:11:11: 读取文件成功
2017-06-04T23:12:11: 读取文件成功
2017-06-04T23:13:11: 读取文件成功
2017-06-04T23:14:11: 读取文件成功
2017-06-04T23:15:11: 读取文件成功
2017-06-04T23:16:11: 读取文件成功
2017-06-04T23:17:11: 读取文件成功
2017-06-04T23:18:11: 读取文件成功
2017-06-04T23:19:11: 读取文件成功
2017-06-04T23:20:11: 读取文件成功
2017-06-04T23:21:11: 读取文件成功
2017-06-04T23:22:11: 读取文件成功
2017-06-04T23:23:11: 读取文件成功
2017-06-04T23:24:11: 读取文件成功
2017-06-04T23:25:11: 读取文件成功
2017-06-04T23:26:12: 读取文件成功
2017-06-04T23:27:11: 读取文件成功
2017-06-04T23:28:11: 读取文件成功
2017-06-04T23:29:11: 读取文件成功
2017-06-04T23:30:11: 读取文件成功
2017-06-04T23:31:11: 读取文件成功
2017-06-04T23:32:12: 读取文件成功
2017-06-04T23:33:11: 读取文件成功
2017-06-04T23:34:11: 读取文件成功
2017-06-04T23:35:11: 读取文件成功
2017-06-04T23:36:11: 读取文件成功
2017-06-04T23:37:11: 读取文件成功
2017-06-04T23:38:11: 读取文件成功
2017-06-04T23:39:11: 读取文件成功
2017-06-04T23:40:11: 读取文件成功
2017-06-04T23:41:12: 读取文件成功
2017-06-04T23:42:11: 读取文件成功
2017-06-04T23:43:11: 读取文件成功
2017-06-04T23:44:12: 读取文件成功
2017-06-04T23:45:25: 读取文件成功
2017-06-04T23:46:16: 读取文件成功
2017-06-04T23:47:33: 读取文件成功
2017-06-04T23:48:11: 读取文件成功
2017-06-04T23:49:11: 读取文件成功
2017-06-04T23:50:11: 非记录时间：2017-06-04T23:50:11+08:00
2017-06-04T23:51:11: 非记录时间：2017-06-04T23:51:11+08:00
2017-06-04T23:52:11: 非记录时间：2017-06-04T23:52:11+08:00
2017-06-04T23:53:11: 非记录时间：2017-06-04T23:53:11+08:00
2017-06-04T23:54:11: 非记录时间：2017-06-04T23:54:11+08:00
2017-06-04T23:55:11: 非记录时间：2017-06-04T23:55:11+08:00
2017-06-04T23:56:11: 非记录时间：2017-06-04T23:56:11+08:00
2017-06-04T23:57:11: 非记录时间：2017-06-04T23:57:11+08:00
2017-06-04T23:58:11: 非记录时间：2017-06-04T23:58:11+08:00
2017-06-04T23:59:11: 非记录时间：2017-06-04T23:59:11+08:00
