2017-03-10T00:00:09: 非记录时间：2017-03-10T00:00:09+08:00
2017-03-10T00:00:19: 非记录时间：2017-03-10T00:00:19+08:00
2017-03-10T00:00:29: 非记录时间：2017-03-10T00:00:29+08:00
2017-03-10T00:00:39: 非记录时间：2017-03-10T00:00:39+08:00
2017-03-10T00:00:49: 非记录时间：2017-03-10T00:00:49+08:00
2017-03-10T00:00:59: 非记录时间：2017-03-10T00:00:59+08:00
2017-03-10T00:01:09: 非记录时间：2017-03-10T00:01:09+08:00
2017-03-10T00:01:19: 非记录时间：2017-03-10T00:01:19+08:00
2017-03-10T00:01:29: 非记录时间：2017-03-10T00:01:29+08:00
2017-03-10T00:01:39: 非记录时间：2017-03-10T00:01:39+08:00
2017-03-10T00:01:49: 非记录时间：2017-03-10T00:01:49+08:00
2017-03-10T00:01:59: 非记录时间：2017-03-10T00:01:59+08:00
2017-03-10T00:02:09: 非记录时间：2017-03-10T00:02:09+08:00
2017-03-10T00:02:19: 非记录时间：2017-03-10T00:02:19+08:00
2017-03-10T00:02:29: 非记录时间：2017-03-10T00:02:29+08:00
2017-03-10T00:02:39: 非记录时间：2017-03-10T00:02:39+08:00
2017-03-10T00:02:49: 非记录时间：2017-03-10T00:02:49+08:00
2017-03-10T00:02:59: 非记录时间：2017-03-10T00:02:59+08:00
2017-03-10T00:03:09: 非记录时间：2017-03-10T00:03:09+08:00
2017-03-10T00:03:19: 非记录时间：2017-03-10T00:03:19+08:00
2017-03-10T00:03:29: 非记录时间：2017-03-10T00:03:29+08:00
2017-03-10T00:03:39: 非记录时间：2017-03-10T00:03:39+08:00
2017-03-10T00:03:49: 非记录时间：2017-03-10T00:03:49+08:00
2017-03-10T00:03:59: 非记录时间：2017-03-10T00:03:59+08:00
2017-03-10T00:04:09: 非记录时间：2017-03-10T00:04:09+08:00
2017-03-10T00:04:19: 非记录时间：2017-03-10T00:04:19+08:00
2017-03-10T00:04:29: 非记录时间：2017-03-10T00:04:29+08:00
2017-03-10T00:04:39: 非记录时间：2017-03-10T00:04:39+08:00
2017-03-10T00:04:49: 非记录时间：2017-03-10T00:04:49+08:00
2017-03-10T00:04:59: 非记录时间：2017-03-10T00:04:59+08:00
2017-03-10T00:05:09: 非记录时间：2017-03-10T00:05:09+08:00
2017-03-10T00:05:19: 非记录时间：2017-03-10T00:05:19+08:00
2017-03-10T00:05:29: 非记录时间：2017-03-10T00:05:29+08:00
2017-03-10T00:05:39: 非记录时间：2017-03-10T00:05:39+08:00
2017-03-10T00:05:49: 非记录时间：2017-03-10T00:05:49+08:00
2017-03-10T00:05:59: 非记录时间：2017-03-10T00:05:59+08:00
2017-03-10T00:06:09: 非记录时间：2017-03-10T00:06:09+08:00
2017-03-10T00:06:19: 非记录时间：2017-03-10T00:06:19+08:00
2017-03-10T00:06:29: 非记录时间：2017-03-10T00:06:29+08:00
2017-03-10T00:06:39: 非记录时间：2017-03-10T00:06:39+08:00
2017-03-10T00:06:49: 非记录时间：2017-03-10T00:06:49+08:00
2017-03-10T00:06:59: 非记录时间：2017-03-10T00:06:59+08:00
2017-03-10T00:07:09: 非记录时间：2017-03-10T00:07:09+08:00
2017-03-10T00:07:19: 非记录时间：2017-03-10T00:07:19+08:00
2017-03-10T00:07:29: 非记录时间：2017-03-10T00:07:29+08:00
2017-03-10T00:07:39: 非记录时间：2017-03-10T00:07:39+08:00
2017-03-10T00:07:49: 非记录时间：2017-03-10T00:07:49+08:00
2017-03-10T00:07:59: 非记录时间：2017-03-10T00:07:59+08:00
2017-03-10T00:08:09: 非记录时间：2017-03-10T00:08:09+08:00
2017-03-10T00:08:19: 非记录时间：2017-03-10T00:08:19+08:00
2017-03-10T00:08:29: 非记录时间：2017-03-10T00:08:29+08:00
2017-03-10T00:08:39: 非记录时间：2017-03-10T00:08:39+08:00
2017-03-10T00:08:49: 非记录时间：2017-03-10T00:08:49+08:00
2017-03-10T00:08:59: 非记录时间：2017-03-10T00:08:59+08:00
2017-03-10T00:09:09: 非记录时间：2017-03-10T00:09:09+08:00
2017-03-10T00:09:19: 非记录时间：2017-03-10T00:09:19+08:00
2017-03-10T00:09:29: 非记录时间：2017-03-10T00:09:29+08:00
2017-03-10T00:09:39: 非记录时间：2017-03-10T00:09:39+08:00
2017-03-10T00:09:49: 非记录时间：2017-03-10T00:09:49+08:00
2017-03-10T00:09:59: 非记录时间：2017-03-10T00:09:59+08:00
2017-03-10T00:10:09: 非记录时间：2017-03-10T00:10:09+08:00
2017-03-10T00:10:19: 非记录时间：2017-03-10T00:10:19+08:00
2017-03-10T00:10:29: 非记录时间：2017-03-10T00:10:29+08:00
2017-03-10T00:10:39: 非记录时间：2017-03-10T00:10:39+08:00
2017-03-10T00:10:49: 非记录时间：2017-03-10T00:10:49+08:00
2017-03-10T00:10:59: 非记录时间：2017-03-10T00:10:59+08:00
2017-03-10T00:11:09: 非记录时间：2017-03-10T00:11:09+08:00
2017-03-10T00:11:19: 非记录时间：2017-03-10T00:11:19+08:00
2017-03-10T00:11:29: 非记录时间：2017-03-10T00:11:29+08:00
2017-03-10T00:11:39: 非记录时间：2017-03-10T00:11:39+08:00
2017-03-10T00:11:49: 非记录时间：2017-03-10T00:11:49+08:00
2017-03-10T00:11:59: 非记录时间：2017-03-10T00:11:59+08:00
2017-03-10T00:12:09: 非记录时间：2017-03-10T00:12:09+08:00
2017-03-10T00:12:19: 非记录时间：2017-03-10T00:12:19+08:00
2017-03-10T00:12:29: 非记录时间：2017-03-10T00:12:29+08:00
2017-03-10T00:12:39: 非记录时间：2017-03-10T00:12:39+08:00
2017-03-10T00:12:49: 非记录时间：2017-03-10T00:12:49+08:00
2017-03-10T00:12:59: 非记录时间：2017-03-10T00:12:59+08:00
2017-03-10T00:13:09: 非记录时间：2017-03-10T00:13:09+08:00
2017-03-10T00:13:19: 非记录时间：2017-03-10T00:13:19+08:00
2017-03-10T00:13:29: 非记录时间：2017-03-10T00:13:29+08:00
2017-03-10T00:13:39: 非记录时间：2017-03-10T00:13:39+08:00
2017-03-10T00:13:49: 非记录时间：2017-03-10T00:13:49+08:00
2017-03-10T00:13:59: 非记录时间：2017-03-10T00:13:59+08:00
2017-03-10T00:14:09: 非记录时间：2017-03-10T00:14:09+08:00
2017-03-10T00:14:19: 非记录时间：2017-03-10T00:14:19+08:00
2017-03-10T00:14:29: 非记录时间：2017-03-10T00:14:29+08:00
2017-03-10T00:14:39: 非记录时间：2017-03-10T00:14:39+08:00
2017-03-10T00:14:49: 非记录时间：2017-03-10T00:14:49+08:00
2017-03-10T00:14:59: 非记录时间：2017-03-10T00:14:59+08:00
2017-03-10T00:15:09: 非记录时间：2017-03-10T00:15:09+08:00
2017-03-10T00:15:19: 非记录时间：2017-03-10T00:15:19+08:00
2017-03-10T00:15:29: 非记录时间：2017-03-10T00:15:29+08:00
2017-03-10T00:15:39: 非记录时间：2017-03-10T00:15:39+08:00
2017-03-10T00:15:49: 非记录时间：2017-03-10T00:15:49+08:00
2017-03-10T00:15:59: 非记录时间：2017-03-10T00:15:59+08:00
2017-03-10T00:16:09: 非记录时间：2017-03-10T00:16:09+08:00
2017-03-10T00:16:19: 非记录时间：2017-03-10T00:16:19+08:00
2017-03-10T00:16:29: 非记录时间：2017-03-10T00:16:29+08:00
2017-03-10T00:16:39: 非记录时间：2017-03-10T00:16:39+08:00
2017-03-10T00:16:49: 非记录时间：2017-03-10T00:16:49+08:00
2017-03-10T00:16:59: 非记录时间：2017-03-10T00:16:59+08:00
2017-03-10T00:17:09: 非记录时间：2017-03-10T00:17:09+08:00
2017-03-10T00:17:19: 非记录时间：2017-03-10T00:17:19+08:00
2017-03-10T00:17:29: 非记录时间：2017-03-10T00:17:29+08:00
2017-03-10T00:17:39: 非记录时间：2017-03-10T00:17:39+08:00
2017-03-10T00:17:49: 非记录时间：2017-03-10T00:17:49+08:00
2017-03-10T00:17:59: 非记录时间：2017-03-10T00:17:59+08:00
2017-03-10T00:18:09: 非记录时间：2017-03-10T00:18:09+08:00
2017-03-10T00:18:19: 非记录时间：2017-03-10T00:18:19+08:00
2017-03-10T00:18:29: 非记录时间：2017-03-10T00:18:29+08:00
2017-03-10T00:18:39: 非记录时间：2017-03-10T00:18:39+08:00
2017-03-10T00:18:49: 非记录时间：2017-03-10T00:18:49+08:00
2017-03-10T00:18:59: 非记录时间：2017-03-10T00:18:59+08:00
2017-03-10T00:19:09: 非记录时间：2017-03-10T00:19:09+08:00
2017-03-10T00:19:19: 非记录时间：2017-03-10T00:19:19+08:00
2017-03-10T00:19:29: 非记录时间：2017-03-10T00:19:29+08:00
2017-03-10T00:19:39: 非记录时间：2017-03-10T00:19:39+08:00
2017-03-10T00:19:49: 非记录时间：2017-03-10T00:19:49+08:00
2017-03-10T00:19:59: 非记录时间：2017-03-10T00:19:59+08:00
2017-03-10T00:20:09: 非记录时间：2017-03-10T00:20:09+08:00
2017-03-10T00:20:19: 非记录时间：2017-03-10T00:20:19+08:00
2017-03-10T00:20:29: 非记录时间：2017-03-10T00:20:29+08:00
2017-03-10T00:20:39: 非记录时间：2017-03-10T00:20:39+08:00
2017-03-10T00:20:49: 非记录时间：2017-03-10T00:20:49+08:00
2017-03-10T00:20:59: 非记录时间：2017-03-10T00:20:59+08:00
2017-03-10T00:21:09: 非记录时间：2017-03-10T00:21:09+08:00
2017-03-10T00:21:19: 非记录时间：2017-03-10T00:21:19+08:00
2017-03-10T00:21:29: 非记录时间：2017-03-10T00:21:29+08:00
2017-03-10T00:21:39: 非记录时间：2017-03-10T00:21:39+08:00
2017-03-10T00:21:49: 非记录时间：2017-03-10T00:21:49+08:00
2017-03-10T00:21:59: 非记录时间：2017-03-10T00:21:59+08:00
2017-03-10T00:22:09: 非记录时间：2017-03-10T00:22:09+08:00
2017-03-10T00:22:19: 非记录时间：2017-03-10T00:22:19+08:00
2017-03-10T00:22:29: 非记录时间：2017-03-10T00:22:29+08:00
2017-03-10T00:22:39: 非记录时间：2017-03-10T00:22:39+08:00
2017-03-10T00:22:49: 非记录时间：2017-03-10T00:22:49+08:00
2017-03-10T00:22:59: 非记录时间：2017-03-10T00:22:59+08:00
2017-03-10T00:23:09: 非记录时间：2017-03-10T00:23:09+08:00
2017-03-10T00:23:19: 非记录时间：2017-03-10T00:23:19+08:00
2017-03-10T00:23:29: 非记录时间：2017-03-10T00:23:29+08:00
2017-03-10T00:23:39: 非记录时间：2017-03-10T00:23:39+08:00
2017-03-10T00:23:49: 非记录时间：2017-03-10T00:23:49+08:00
2017-03-10T00:23:59: 非记录时间：2017-03-10T00:23:59+08:00
2017-03-10T00:24:09: 非记录时间：2017-03-10T00:24:09+08:00
2017-03-10T00:24:19: 非记录时间：2017-03-10T00:24:19+08:00
2017-03-10T00:24:29: 非记录时间：2017-03-10T00:24:29+08:00
2017-03-10T00:24:39: 非记录时间：2017-03-10T00:24:39+08:00
2017-03-10T00:24:49: 非记录时间：2017-03-10T00:24:49+08:00
2017-03-10T00:24:59: 非记录时间：2017-03-10T00:24:59+08:00
2017-03-10T00:25:09: 非记录时间：2017-03-10T00:25:09+08:00
2017-03-10T00:25:19: 非记录时间：2017-03-10T00:25:19+08:00
2017-03-10T00:25:29: 非记录时间：2017-03-10T00:25:29+08:00
2017-03-10T00:25:39: 非记录时间：2017-03-10T00:25:39+08:00
2017-03-10T00:25:49: 非记录时间：2017-03-10T00:25:49+08:00
2017-03-10T00:25:59: 非记录时间：2017-03-10T00:25:59+08:00
2017-03-10T00:26:09: 非记录时间：2017-03-10T00:26:09+08:00
2017-03-10T00:26:19: 非记录时间：2017-03-10T00:26:19+08:00
2017-03-10T00:26:29: 非记录时间：2017-03-10T00:26:29+08:00
2017-03-10T00:26:39: 非记录时间：2017-03-10T00:26:39+08:00
2017-03-10T00:26:49: 非记录时间：2017-03-10T00:26:49+08:00
2017-03-10T00:26:59: 非记录时间：2017-03-10T00:26:59+08:00
2017-03-10T00:27:09: 非记录时间：2017-03-10T00:27:09+08:00
2017-03-10T00:27:19: 非记录时间：2017-03-10T00:27:19+08:00
2017-03-10T00:27:29: 非记录时间：2017-03-10T00:27:29+08:00
2017-03-10T00:27:39: 非记录时间：2017-03-10T00:27:39+08:00
2017-03-10T00:27:49: 非记录时间：2017-03-10T00:27:49+08:00
2017-03-10T00:27:59: 非记录时间：2017-03-10T00:27:59+08:00
2017-03-10T00:28:09: 非记录时间：2017-03-10T00:28:09+08:00
2017-03-10T00:28:19: 非记录时间：2017-03-10T00:28:19+08:00
2017-03-10T00:28:29: 非记录时间：2017-03-10T00:28:29+08:00
2017-03-10T00:28:39: 非记录时间：2017-03-10T00:28:39+08:00
2017-03-10T00:28:49: 非记录时间：2017-03-10T00:28:49+08:00
2017-03-10T00:28:59: 非记录时间：2017-03-10T00:28:59+08:00
2017-03-10T00:29:09: 非记录时间：2017-03-10T00:29:09+08:00
2017-03-10T00:29:19: 非记录时间：2017-03-10T00:29:19+08:00
2017-03-10T00:29:29: 非记录时间：2017-03-10T00:29:29+08:00
2017-03-10T00:29:39: 非记录时间：2017-03-10T00:29:39+08:00
2017-03-10T00:29:49: 非记录时间：2017-03-10T00:29:49+08:00
2017-03-10T00:29:59: 非记录时间：2017-03-10T00:29:59+08:00
2017-03-10T00:30:09: 非记录时间：2017-03-10T00:30:09+08:00
2017-03-10T00:30:19: 非记录时间：2017-03-10T00:30:19+08:00
2017-03-10T00:30:29: 非记录时间：2017-03-10T00:30:29+08:00
2017-03-10T00:30:39: 非记录时间：2017-03-10T00:30:39+08:00
2017-03-10T00:30:49: 非记录时间：2017-03-10T00:30:49+08:00
2017-03-10T00:30:59: 非记录时间：2017-03-10T00:30:59+08:00
2017-03-10T00:31:09: 非记录时间：2017-03-10T00:31:09+08:00
2017-03-10T00:31:19: 非记录时间：2017-03-10T00:31:19+08:00
2017-03-10T00:31:29: 非记录时间：2017-03-10T00:31:29+08:00
2017-03-10T00:31:39: 非记录时间：2017-03-10T00:31:39+08:00
2017-03-10T00:31:49: 非记录时间：2017-03-10T00:31:49+08:00
2017-03-10T00:31:59: 非记录时间：2017-03-10T00:31:59+08:00
2017-03-10T00:32:09: 非记录时间：2017-03-10T00:32:09+08:00
2017-03-10T00:32:19: 非记录时间：2017-03-10T00:32:19+08:00
2017-03-10T00:32:29: 非记录时间：2017-03-10T00:32:29+08:00
2017-03-10T00:32:39: 非记录时间：2017-03-10T00:32:39+08:00
2017-03-10T00:32:49: 非记录时间：2017-03-10T00:32:49+08:00
2017-03-10T00:32:59: 非记录时间：2017-03-10T00:32:59+08:00
2017-03-10T00:33:09: 非记录时间：2017-03-10T00:33:09+08:00
2017-03-10T00:33:19: 非记录时间：2017-03-10T00:33:19+08:00
2017-03-10T00:33:29: 非记录时间：2017-03-10T00:33:29+08:00
2017-03-10T00:33:39: 非记录时间：2017-03-10T00:33:39+08:00
2017-03-10T00:33:49: 非记录时间：2017-03-10T00:33:49+08:00
2017-03-10T00:33:59: 非记录时间：2017-03-10T00:33:59+08:00
2017-03-10T00:34:09: 非记录时间：2017-03-10T00:34:09+08:00
2017-03-10T00:34:19: 非记录时间：2017-03-10T00:34:19+08:00
2017-03-10T00:34:29: 非记录时间：2017-03-10T00:34:29+08:00
2017-03-10T00:34:39: 非记录时间：2017-03-10T00:34:39+08:00
2017-03-10T00:34:49: 非记录时间：2017-03-10T00:34:49+08:00
2017-03-10T00:34:59: 非记录时间：2017-03-10T00:34:59+08:00
2017-03-10T00:35:09: 非记录时间：2017-03-10T00:35:09+08:00
2017-03-10T00:35:20: 非记录时间：2017-03-10T00:35:20+08:00
2017-03-10T00:35:30: 非记录时间：2017-03-10T00:35:30+08:00
2017-03-10T00:35:40: 非记录时间：2017-03-10T00:35:40+08:00
2017-03-10T00:35:50: 非记录时间：2017-03-10T00:35:50+08:00
2017-03-10T00:36:00: 非记录时间：2017-03-10T00:36:00+08:00
2017-03-10T00:36:10: 非记录时间：2017-03-10T00:36:10+08:00
2017-03-10T00:36:20: 非记录时间：2017-03-10T00:36:20+08:00
2017-03-10T00:36:30: 非记录时间：2017-03-10T00:36:30+08:00
2017-03-10T00:36:40: 非记录时间：2017-03-10T00:36:40+08:00
2017-03-10T00:36:50: 非记录时间：2017-03-10T00:36:50+08:00
2017-03-10T00:37:00: 非记录时间：2017-03-10T00:37:00+08:00
2017-03-10T00:37:10: 非记录时间：2017-03-10T00:37:10+08:00
2017-03-10T00:37:20: 非记录时间：2017-03-10T00:37:20+08:00
2017-03-10T00:37:30: 非记录时间：2017-03-10T00:37:30+08:00
2017-03-10T00:37:40: 非记录时间：2017-03-10T00:37:40+08:00
2017-03-10T00:37:50: 非记录时间：2017-03-10T00:37:50+08:00
2017-03-10T00:38:00: 非记录时间：2017-03-10T00:38:00+08:00
2017-03-10T00:38:10: 非记录时间：2017-03-10T00:38:10+08:00
2017-03-10T00:38:20: 非记录时间：2017-03-10T00:38:20+08:00
2017-03-10T00:38:30: 非记录时间：2017-03-10T00:38:30+08:00
2017-03-10T00:38:40: 非记录时间：2017-03-10T00:38:40+08:00
2017-03-10T00:38:50: 非记录时间：2017-03-10T00:38:50+08:00
2017-03-10T00:39:00: 非记录时间：2017-03-10T00:39:00+08:00
2017-03-10T00:39:10: 非记录时间：2017-03-10T00:39:10+08:00
2017-03-10T00:39:20: 非记录时间：2017-03-10T00:39:20+08:00
2017-03-10T00:39:30: 非记录时间：2017-03-10T00:39:30+08:00
2017-03-10T00:39:40: 非记录时间：2017-03-10T00:39:40+08:00
2017-03-10T00:39:50: 非记录时间：2017-03-10T00:39:50+08:00
2017-03-10T00:40:00: 非记录时间：2017-03-10T00:40:00+08:00
2017-03-10T00:40:10: 非记录时间：2017-03-10T00:40:10+08:00
2017-03-10T00:40:20: 非记录时间：2017-03-10T00:40:20+08:00
2017-03-10T00:40:30: 非记录时间：2017-03-10T00:40:30+08:00
2017-03-10T00:40:40: 非记录时间：2017-03-10T00:40:40+08:00
2017-03-10T00:40:50: 非记录时间：2017-03-10T00:40:50+08:00
2017-03-10T00:41:00: 非记录时间：2017-03-10T00:41:00+08:00
2017-03-10T00:41:10: 非记录时间：2017-03-10T00:41:10+08:00
2017-03-10T00:41:20: 非记录时间：2017-03-10T00:41:20+08:00
2017-03-10T00:41:30: 非记录时间：2017-03-10T00:41:30+08:00
2017-03-10T00:41:40: 非记录时间：2017-03-10T00:41:40+08:00
2017-03-10T00:41:50: 非记录时间：2017-03-10T00:41:50+08:00
2017-03-10T00:42:00: 非记录时间：2017-03-10T00:42:00+08:00
2017-03-10T00:42:10: 非记录时间：2017-03-10T00:42:10+08:00
2017-03-10T00:42:20: 非记录时间：2017-03-10T00:42:20+08:00
2017-03-10T00:42:30: 非记录时间：2017-03-10T00:42:30+08:00
2017-03-10T00:42:40: 非记录时间：2017-03-10T00:42:40+08:00
2017-03-10T00:42:50: 非记录时间：2017-03-10T00:42:50+08:00
2017-03-10T00:43:00: 非记录时间：2017-03-10T00:43:00+08:00
2017-03-10T00:43:10: 非记录时间：2017-03-10T00:43:10+08:00
2017-03-10T00:43:20: 非记录时间：2017-03-10T00:43:20+08:00
2017-03-10T00:43:30: 非记录时间：2017-03-10T00:43:30+08:00
2017-03-10T00:43:40: 非记录时间：2017-03-10T00:43:40+08:00
2017-03-10T00:43:50: 非记录时间：2017-03-10T00:43:50+08:00
2017-03-10T00:44:00: 非记录时间：2017-03-10T00:44:00+08:00
2017-03-10T00:44:10: 非记录时间：2017-03-10T00:44:10+08:00
2017-03-10T00:44:20: 非记录时间：2017-03-10T00:44:20+08:00
2017-03-10T00:44:30: 非记录时间：2017-03-10T00:44:30+08:00
2017-03-10T00:44:40: 非记录时间：2017-03-10T00:44:40+08:00
2017-03-10T00:44:50: 非记录时间：2017-03-10T00:44:50+08:00
2017-03-10T00:45:00: 非记录时间：2017-03-10T00:45:00+08:00
2017-03-10T00:45:10: 非记录时间：2017-03-10T00:45:10+08:00
2017-03-10T00:45:20: 非记录时间：2017-03-10T00:45:20+08:00
2017-03-10T00:45:30: 非记录时间：2017-03-10T00:45:30+08:00
2017-03-10T00:45:40: 非记录时间：2017-03-10T00:45:40+08:00
2017-03-10T00:45:50: 非记录时间：2017-03-10T00:45:50+08:00
2017-03-10T00:46:00: 非记录时间：2017-03-10T00:46:00+08:00
2017-03-10T00:46:10: 非记录时间：2017-03-10T00:46:10+08:00
2017-03-10T00:46:20: 非记录时间：2017-03-10T00:46:20+08:00
2017-03-10T00:46:30: 非记录时间：2017-03-10T00:46:30+08:00
2017-03-10T00:46:40: 非记录时间：2017-03-10T00:46:40+08:00
2017-03-10T00:46:50: 非记录时间：2017-03-10T00:46:50+08:00
2017-03-10T00:47:00: 非记录时间：2017-03-10T00:47:00+08:00
2017-03-10T00:47:10: 非记录时间：2017-03-10T00:47:10+08:00
2017-03-10T00:47:20: 非记录时间：2017-03-10T00:47:20+08:00
2017-03-10T00:47:30: 非记录时间：2017-03-10T00:47:30+08:00
2017-03-10T00:47:40: 非记录时间：2017-03-10T00:47:40+08:00
2017-03-10T00:47:50: 非记录时间：2017-03-10T00:47:50+08:00
2017-03-10T00:48:00: 非记录时间：2017-03-10T00:48:00+08:00
2017-03-10T00:48:10: 非记录时间：2017-03-10T00:48:10+08:00
2017-03-10T00:48:20: 非记录时间：2017-03-10T00:48:20+08:00
2017-03-10T00:48:30: 非记录时间：2017-03-10T00:48:30+08:00
2017-03-10T00:48:40: 非记录时间：2017-03-10T00:48:40+08:00
2017-03-10T00:48:50: 非记录时间：2017-03-10T00:48:50+08:00
2017-03-10T00:49:00: 非记录时间：2017-03-10T00:49:00+08:00
2017-03-10T00:49:10: 非记录时间：2017-03-10T00:49:10+08:00
2017-03-10T00:49:20: 非记录时间：2017-03-10T00:49:20+08:00
2017-03-10T00:49:30: 非记录时间：2017-03-10T00:49:30+08:00
2017-03-10T00:49:40: 非记录时间：2017-03-10T00:49:40+08:00
2017-03-10T00:49:50: 非记录时间：2017-03-10T00:49:50+08:00
2017-03-10T00:50:00: 非记录时间：2017-03-10T00:50:00+08:00
2017-03-10T00:50:10: 非记录时间：2017-03-10T00:50:10+08:00
2017-03-10T00:50:20: 非记录时间：2017-03-10T00:50:20+08:00
2017-03-10T00:50:30: 非记录时间：2017-03-10T00:50:30+08:00
2017-03-10T00:50:40: 非记录时间：2017-03-10T00:50:40+08:00
2017-03-10T00:50:50: 非记录时间：2017-03-10T00:50:50+08:00
2017-03-10T00:51:00: 非记录时间：2017-03-10T00:51:00+08:00
2017-03-10T00:51:10: 非记录时间：2017-03-10T00:51:10+08:00
2017-03-10T00:51:20: 非记录时间：2017-03-10T00:51:20+08:00
2017-03-10T00:51:30: 非记录时间：2017-03-10T00:51:30+08:00
2017-03-10T00:51:40: 非记录时间：2017-03-10T00:51:40+08:00
2017-03-10T00:51:50: 非记录时间：2017-03-10T00:51:50+08:00
2017-03-10T00:52:00: 非记录时间：2017-03-10T00:52:00+08:00
2017-03-10T00:52:10: 非记录时间：2017-03-10T00:52:10+08:00
2017-03-10T00:52:20: 非记录时间：2017-03-10T00:52:20+08:00
2017-03-10T00:52:30: 非记录时间：2017-03-10T00:52:30+08:00
2017-03-10T00:52:40: 非记录时间：2017-03-10T00:52:40+08:00
2017-03-10T00:52:50: 非记录时间：2017-03-10T00:52:50+08:00
2017-03-10T00:53:00: 非记录时间：2017-03-10T00:53:00+08:00
2017-03-10T00:53:10: 非记录时间：2017-03-10T00:53:10+08:00
2017-03-10T00:53:20: 非记录时间：2017-03-10T00:53:20+08:00
2017-03-10T00:53:30: 非记录时间：2017-03-10T00:53:30+08:00
2017-03-10T00:53:40: 非记录时间：2017-03-10T00:53:40+08:00
2017-03-10T00:53:50: 非记录时间：2017-03-10T00:53:50+08:00
2017-03-10T00:54:00: 非记录时间：2017-03-10T00:54:00+08:00
2017-03-10T00:54:10: 非记录时间：2017-03-10T00:54:10+08:00
2017-03-10T00:54:20: 非记录时间：2017-03-10T00:54:20+08:00
2017-03-10T00:54:30: 非记录时间：2017-03-10T00:54:30+08:00
2017-03-10T00:54:40: 非记录时间：2017-03-10T00:54:40+08:00
2017-03-10T00:54:50: 非记录时间：2017-03-10T00:54:50+08:00
2017-03-10T00:55:00: 非记录时间：2017-03-10T00:55:00+08:00
2017-03-10T00:55:10: 非记录时间：2017-03-10T00:55:10+08:00
2017-03-10T00:55:20: 非记录时间：2017-03-10T00:55:20+08:00
2017-03-10T00:55:30: 非记录时间：2017-03-10T00:55:30+08:00
2017-03-10T00:55:40: 非记录时间：2017-03-10T00:55:40+08:00
2017-03-10T00:55:50: 非记录时间：2017-03-10T00:55:50+08:00
2017-03-10T00:56:00: 非记录时间：2017-03-10T00:56:00+08:00
2017-03-10T00:56:10: 非记录时间：2017-03-10T00:56:10+08:00
2017-03-10T00:56:20: 非记录时间：2017-03-10T00:56:20+08:00
2017-03-10T00:56:30: 非记录时间：2017-03-10T00:56:30+08:00
2017-03-10T00:56:40: 非记录时间：2017-03-10T00:56:40+08:00
2017-03-10T00:56:50: 非记录时间：2017-03-10T00:56:50+08:00
2017-03-10T00:57:00: 非记录时间：2017-03-10T00:57:00+08:00
2017-03-10T00:57:10: 非记录时间：2017-03-10T00:57:10+08:00
2017-03-10T00:57:20: 非记录时间：2017-03-10T00:57:20+08:00
2017-03-10T00:57:30: 非记录时间：2017-03-10T00:57:30+08:00
2017-03-10T00:57:40: 非记录时间：2017-03-10T00:57:40+08:00
2017-03-10T00:57:50: 非记录时间：2017-03-10T00:57:50+08:00
2017-03-10T00:58:00: 非记录时间：2017-03-10T00:58:00+08:00
2017-03-10T00:58:10: 非记录时间：2017-03-10T00:58:10+08:00
2017-03-10T00:58:20: 非记录时间：2017-03-10T00:58:20+08:00
2017-03-10T00:58:30: 非记录时间：2017-03-10T00:58:30+08:00
2017-03-10T00:58:40: 非记录时间：2017-03-10T00:58:40+08:00
2017-03-10T00:58:50: 非记录时间：2017-03-10T00:58:50+08:00
2017-03-10T00:59:00: 非记录时间：2017-03-10T00:59:00+08:00
2017-03-10T00:59:10: 非记录时间：2017-03-10T00:59:10+08:00
2017-03-10T00:59:20: 非记录时间：2017-03-10T00:59:20+08:00
2017-03-10T00:59:30: 非记录时间：2017-03-10T00:59:30+08:00
2017-03-10T00:59:40: 非记录时间：2017-03-10T00:59:40+08:00
2017-03-10T00:59:50: 非记录时间：2017-03-10T00:59:50+08:00
2017-03-10T01:00:00: 非记录时间：2017-03-10T01:00:00+08:00
2017-03-10T01:00:10: 非记录时间：2017-03-10T01:00:10+08:00
2017-03-10T01:00:20: 非记录时间：2017-03-10T01:00:20+08:00
2017-03-10T01:00:30: 非记录时间：2017-03-10T01:00:30+08:00
2017-03-10T01:00:40: 非记录时间：2017-03-10T01:00:40+08:00
2017-03-10T01:00:50: 非记录时间：2017-03-10T01:00:50+08:00
2017-03-10T01:01:00: 非记录时间：2017-03-10T01:01:00+08:00
2017-03-10T01:01:10: 非记录时间：2017-03-10T01:01:10+08:00
2017-03-10T01:01:20: 非记录时间：2017-03-10T01:01:20+08:00
2017-03-10T01:01:30: 非记录时间：2017-03-10T01:01:30+08:00
2017-03-10T01:01:40: 非记录时间：2017-03-10T01:01:40+08:00
2017-03-10T01:01:50: 非记录时间：2017-03-10T01:01:50+08:00
2017-03-10T01:02:00: 非记录时间：2017-03-10T01:02:00+08:00
2017-03-10T01:02:10: 非记录时间：2017-03-10T01:02:10+08:00
2017-03-10T01:02:20: 非记录时间：2017-03-10T01:02:20+08:00
2017-03-10T01:02:30: 非记录时间：2017-03-10T01:02:30+08:00
2017-03-10T01:02:40: 非记录时间：2017-03-10T01:02:40+08:00
2017-03-10T01:02:50: 非记录时间：2017-03-10T01:02:50+08:00
2017-03-10T01:03:00: 非记录时间：2017-03-10T01:03:00+08:00
2017-03-10T01:03:10: 非记录时间：2017-03-10T01:03:10+08:00
2017-03-10T01:03:20: 非记录时间：2017-03-10T01:03:20+08:00
2017-03-10T01:03:30: 非记录时间：2017-03-10T01:03:30+08:00
2017-03-10T01:03:40: 非记录时间：2017-03-10T01:03:40+08:00
2017-03-10T01:03:50: 非记录时间：2017-03-10T01:03:50+08:00
2017-03-10T01:04:00: 非记录时间：2017-03-10T01:04:00+08:00
2017-03-10T01:04:10: 非记录时间：2017-03-10T01:04:10+08:00
2017-03-10T01:04:20: 非记录时间：2017-03-10T01:04:20+08:00
2017-03-10T01:04:30: 非记录时间：2017-03-10T01:04:30+08:00
2017-03-10T01:04:40: 非记录时间：2017-03-10T01:04:40+08:00
2017-03-10T01:04:50: 非记录时间：2017-03-10T01:04:50+08:00
2017-03-10T01:05:00: 非记录时间：2017-03-10T01:05:00+08:00
2017-03-10T01:05:10: 非记录时间：2017-03-10T01:05:10+08:00
2017-03-10T01:05:20: 非记录时间：2017-03-10T01:05:20+08:00
2017-03-10T01:05:30: 非记录时间：2017-03-10T01:05:30+08:00
2017-03-10T01:05:40: 非记录时间：2017-03-10T01:05:40+08:00
2017-03-10T01:05:50: 非记录时间：2017-03-10T01:05:50+08:00
2017-03-10T01:06:00: 非记录时间：2017-03-10T01:06:00+08:00
2017-03-10T01:06:10: 非记录时间：2017-03-10T01:06:10+08:00
2017-03-10T01:06:20: 非记录时间：2017-03-10T01:06:20+08:00
2017-03-10T01:06:30: 非记录时间：2017-03-10T01:06:30+08:00
2017-03-10T01:06:40: 非记录时间：2017-03-10T01:06:40+08:00
2017-03-10T01:06:50: 非记录时间：2017-03-10T01:06:50+08:00
2017-03-10T01:07:00: 非记录时间：2017-03-10T01:07:00+08:00
2017-03-10T01:07:10: 非记录时间：2017-03-10T01:07:10+08:00
2017-03-10T01:07:20: 非记录时间：2017-03-10T01:07:20+08:00
2017-03-10T01:07:30: 非记录时间：2017-03-10T01:07:30+08:00
2017-03-10T01:07:40: 非记录时间：2017-03-10T01:07:40+08:00
2017-03-10T01:07:50: 非记录时间：2017-03-10T01:07:50+08:00
2017-03-10T01:08:00: 非记录时间：2017-03-10T01:08:00+08:00
2017-03-10T01:08:10: 非记录时间：2017-03-10T01:08:10+08:00
2017-03-10T01:08:20: 非记录时间：2017-03-10T01:08:20+08:00
2017-03-10T01:08:30: 非记录时间：2017-03-10T01:08:30+08:00
2017-03-10T01:08:40: 非记录时间：2017-03-10T01:08:40+08:00
2017-03-10T01:08:50: 非记录时间：2017-03-10T01:08:50+08:00
2017-03-10T01:09:00: 非记录时间：2017-03-10T01:09:00+08:00
2017-03-10T01:09:10: 非记录时间：2017-03-10T01:09:10+08:00
2017-03-10T01:09:20: 非记录时间：2017-03-10T01:09:20+08:00
2017-03-10T01:09:30: 非记录时间：2017-03-10T01:09:30+08:00
2017-03-10T01:09:40: 非记录时间：2017-03-10T01:09:40+08:00
2017-03-10T01:09:50: 非记录时间：2017-03-10T01:09:50+08:00
2017-03-10T01:10:00: 非记录时间：2017-03-10T01:10:00+08:00
2017-03-10T01:10:10: 非记录时间：2017-03-10T01:10:10+08:00
2017-03-10T01:10:20: 非记录时间：2017-03-10T01:10:20+08:00
2017-03-10T01:10:30: 非记录时间：2017-03-10T01:10:30+08:00
2017-03-10T01:10:40: 非记录时间：2017-03-10T01:10:40+08:00
2017-03-10T01:10:50: 非记录时间：2017-03-10T01:10:50+08:00
2017-03-10T01:11:01: 读取文件失败，可能是该文件不存在
2017-03-10T01:11:01: Error: ENOENT: no such file or directory, open './data/2017-03-10.json'
2017-03-10T01:11:11: 读取文件成功
2017-03-10T01:11:21: 读取文件成功
2017-03-10T01:11:31: 读取文件成功
2017-03-10T01:11:41: 读取文件成功
2017-03-10T01:11:51: 读取文件成功
2017-03-10T01:12:01: 读取文件成功
2017-03-10T01:12:11: 读取文件成功
2017-03-10T01:12:21: 读取文件成功
2017-03-10T01:12:31: 读取文件成功
2017-03-10T01:12:41: 读取文件成功
2017-03-10T01:12:51: 读取文件成功
2017-03-10T01:13:01: 读取文件成功
2017-03-10T01:13:11: 读取文件成功
2017-03-10T01:13:21: 读取文件成功
2017-03-10T01:13:31: 读取文件成功
2017-03-10T01:13:41: 读取文件成功
2017-03-10T01:13:51: 读取文件成功
2017-03-10T01:14:01: 读取文件成功
2017-03-10T01:14:11: 读取文件成功
2017-03-10T01:14:21: 读取文件成功
2017-03-10T01:14:31: 读取文件成功
2017-03-10T01:14:41: 读取文件成功
2017-03-10T01:14:51: 读取文件成功
2017-03-10T01:15:01: 读取文件成功
2017-03-10T01:15:11: 读取文件成功
2017-03-10T01:15:21: 读取文件成功
2017-03-10T01:15:31: 读取文件成功
2017-03-10T01:15:41: 读取文件成功
2017-03-10T01:15:51: 读取文件成功
2017-03-10T01:16:01: 读取文件成功
2017-03-10T01:16:11: 读取文件成功
2017-03-10T01:16:21: 读取文件成功
2017-03-10T01:16:31: 读取文件成功
2017-03-10T01:16:41: 读取文件成功
2017-03-10T01:16:51: 读取文件成功
2017-03-10T01:17:01: 读取文件成功
2017-03-10T01:17:11: 读取文件成功
2017-03-10T01:17:21: 读取文件成功
2017-03-10T01:17:31: 读取文件成功
2017-03-10T01:17:41: 读取文件成功
2017-03-10T01:17:51: 读取文件成功
2017-03-10T01:18:01: 读取文件成功
2017-03-10T01:18:11: 读取文件成功
2017-03-10T01:18:21: 读取文件成功
2017-03-10T01:18:31: 读取文件成功
2017-03-10T01:18:41: 读取文件成功
2017-03-10T01:18:51: 读取文件成功
2017-03-10T01:19:01: 读取文件成功
2017-03-10T01:19:11: 读取文件成功
2017-03-10T01:19:21: 读取文件成功
2017-03-10T01:19:31: 读取文件成功
2017-03-10T01:19:41: 读取文件成功
2017-03-10T01:19:51: 读取文件成功
2017-03-10T01:20:01: 读取文件成功
2017-03-10T01:20:11: 读取文件成功
2017-03-10T01:20:22: 读取文件成功
2017-03-10T01:20:31: 读取文件成功
2017-03-10T01:20:41: 读取文件成功
2017-03-10T01:20:51: 读取文件成功
2017-03-10T01:21:01: 读取文件成功
2017-03-10T01:21:11: 读取文件成功
2017-03-10T01:21:21: 读取文件成功
2017-03-10T01:21:31: 读取文件成功
2017-03-10T01:21:41: 读取文件成功
2017-03-10T01:21:51: 读取文件成功
2017-03-10T01:22:01: 读取文件成功
2017-03-10T01:22:11: 读取文件成功
2017-03-10T01:22:21: 读取文件成功
2017-03-10T01:22:31: 读取文件成功
2017-03-10T01:22:41: 读取文件成功
2017-03-10T01:22:51: 读取文件成功
2017-03-10T01:23:01: 读取文件成功
2017-03-10T01:23:11: 读取文件成功
2017-03-10T01:23:21: 读取文件成功
2017-03-10T01:23:31: 读取文件成功
2017-03-10T01:23:41: 读取文件成功
2017-03-10T01:23:51: 读取文件成功
2017-03-10T01:24:01: 读取文件成功
2017-03-10T01:24:11: 读取文件成功
2017-03-10T01:24:22: 读取文件成功
2017-03-10T01:24:31: 读取文件成功
2017-03-10T01:24:42: 读取文件成功
2017-03-10T01:24:51: 读取文件成功
2017-03-10T01:25:02: 读取文件成功
2017-03-10T01:25:11: 读取文件成功
2017-03-10T01:25:22: 读取文件成功
2017-03-10T01:25:31: 读取文件成功
2017-03-10T01:25:41: 读取文件成功
2017-03-10T01:25:51: 读取文件成功
2017-03-10T01:26:01: 读取文件成功
2017-03-10T01:26:11: 读取文件成功
2017-03-10T01:26:21: 读取文件成功
2017-03-10T01:26:31: 读取文件成功
2017-03-10T01:26:41: 读取文件成功
2017-03-10T01:26:52: 读取文件成功
2017-03-10T01:27:01: 读取文件成功
2017-03-10T01:27:11: 读取文件成功
2017-03-10T01:27:21: 读取文件成功
2017-03-10T01:27:31: 读取文件成功
2017-03-10T01:27:41: 读取文件成功
2017-03-10T01:27:52: 读取文件成功
2017-03-10T01:28:01: 读取文件成功
2017-03-10T01:28:11: 读取文件成功
2017-03-10T01:28:21: 读取文件成功
2017-03-10T01:28:31: 读取文件成功
2017-03-10T01:28:42: 读取文件成功
2017-03-10T01:28:51: 读取文件成功
2017-03-10T01:29:01: 读取文件成功
2017-03-10T01:29:12: 读取文件成功
2017-03-10T01:29:22: 读取文件成功
2017-03-10T01:29:32: 读取文件成功
2017-03-10T01:29:42: 读取文件成功
2017-03-10T01:29:52: 读取文件成功
2017-03-10T01:30:02: 读取文件成功
2017-03-10T01:30:12: 读取文件成功
2017-03-10T01:30:22: 读取文件成功
2017-03-10T01:30:32: 读取文件成功
2017-03-10T01:30:42: 读取文件成功
2017-03-10T01:30:52: 读取文件成功
2017-03-10T01:31:02: 读取文件成功
2017-03-10T01:31:12: 读取文件成功
2017-03-10T01:31:22: 读取文件成功
2017-03-10T01:31:32: 读取文件成功
2017-03-10T01:31:42: 读取文件成功
2017-03-10T01:31:52: 读取文件成功
2017-03-10T01:32:03: 读取文件成功
2017-03-10T01:32:12: 读取文件成功
2017-03-10T01:32:23: 读取文件成功
2017-03-10T01:32:32: 读取文件成功
2017-03-10T01:32:42: 读取文件成功
2017-03-10T01:32:53: 读取文件成功
2017-03-10T01:33:02: 读取文件成功
2017-03-10T01:33:12: 读取文件成功
2017-03-10T01:33:22: 读取文件成功
2017-03-10T01:33:32: 读取文件成功
2017-03-10T01:33:42: 读取文件成功
2017-03-10T01:33:52: 读取文件成功
2017-03-10T01:34:02: 读取文件成功
2017-03-10T01:34:12: 读取文件成功
2017-03-10T01:34:23: 读取文件成功
2017-03-10T01:34:32: 读取文件成功
2017-03-10T01:34:42: 读取文件成功
2017-03-10T01:34:53: 读取文件成功
2017-03-10T01:35:02: 读取文件成功
2017-03-10T01:35:12: 读取文件成功
2017-03-10T01:35:22: 读取文件成功
2017-03-10T01:35:32: 读取文件成功
2017-03-10T01:35:42: 读取文件成功
2017-03-10T01:35:52: 读取文件成功
2017-03-10T01:36:02: 读取文件成功
2017-03-10T01:36:12: 读取文件成功
2017-03-10T01:36:22: 读取文件成功
2017-03-10T01:36:32: 读取文件成功
2017-03-10T01:36:42: 读取文件成功
2017-03-10T01:36:52: 读取文件成功
2017-03-10T01:37:02: 读取文件成功
2017-03-10T01:37:12: 读取文件成功
2017-03-10T01:37:22: 读取文件成功
2017-03-10T01:37:32: 读取文件成功
2017-03-10T01:37:42: 读取文件成功
2017-03-10T01:37:52: 读取文件成功
2017-03-10T01:38:02: 读取文件成功
2017-03-10T01:38:12: 读取文件成功
2017-03-10T01:38:22: 读取文件成功
2017-03-10T01:38:32: 读取文件成功
2017-03-10T01:38:42: 读取文件成功
2017-03-10T01:38:52: 读取文件成功
2017-03-10T01:39:02: 读取文件成功
2017-03-10T01:39:12: 读取文件成功
2017-03-10T01:39:22: 读取文件成功
2017-03-10T01:39:32: 读取文件成功
2017-03-10T01:39:42: 读取文件成功
2017-03-10T01:39:52: 读取文件成功
2017-03-10T01:40:02: 读取文件成功
2017-03-10T01:40:12: 读取文件成功
2017-03-10T01:40:22: 读取文件成功
2017-03-10T01:40:32: 读取文件成功
2017-03-10T01:40:43: 读取文件成功
2017-03-10T01:40:52: 读取文件成功
2017-03-10T01:41:02: 读取文件成功
2017-03-10T01:41:13: 读取文件成功
2017-03-10T01:41:22: 读取文件成功
2017-03-10T01:41:34: 读取文件成功
2017-03-10T01:41:43: 读取文件成功
2017-03-10T01:41:53: 读取文件成功
2017-03-10T01:42:02: 读取文件成功
2017-03-10T01:42:12: 读取文件成功
2017-03-10T01:42:22: 读取文件成功
2017-03-10T01:42:33: 读取文件成功
2017-03-10T01:42:42: 读取文件成功
2017-03-10T01:42:52: 读取文件成功
2017-03-10T01:43:03: 读取文件成功
2017-03-10T01:43:12: 读取文件成功
2017-03-10T01:43:23: 读取文件成功
2017-03-10T01:43:33: 读取文件成功
2017-03-10T01:43:42: 读取文件成功
2017-03-10T01:43:52: 读取文件成功
2017-03-10T01:44:02: 读取文件成功
2017-03-10T01:44:13: 读取文件成功
2017-03-10T01:44:22: 读取文件成功
2017-03-10T01:44:32: 读取文件成功
2017-03-10T01:44:42: 读取文件成功
2017-03-10T01:44:52: 读取文件成功
2017-03-10T01:45:03: 读取文件成功
2017-03-10T01:45:12: 读取文件成功
2017-03-10T01:45:23: 读取文件成功
2017-03-10T01:45:32: 读取文件成功
2017-03-10T01:45:42: 读取文件成功
2017-03-10T01:45:53: 读取文件成功
2017-03-10T01:46:02: 读取文件成功
2017-03-10T01:46:12: 读取文件成功
2017-03-10T01:46:22: 读取文件成功
2017-03-10T01:46:33: 读取文件成功
2017-03-10T01:46:42: 读取文件成功
2017-03-10T01:46:53: 读取文件成功
2017-03-10T01:47:02: 读取文件成功
2017-03-10T01:47:13: 读取文件成功
2017-03-10T01:47:23: 读取文件成功
2017-03-10T01:47:33: 读取文件成功
2017-03-10T01:47:43: 读取文件成功
2017-03-10T01:47:53: 读取文件成功
2017-03-10T01:48:03: 读取文件成功
2017-03-10T01:48:13: 读取文件成功
2017-03-10T01:48:23: 读取文件成功
2017-03-10T01:48:33: 读取文件成功
2017-03-10T01:48:43: 读取文件成功
2017-03-10T01:48:53: 读取文件成功
2017-03-10T01:49:03: 读取文件成功
2017-03-10T01:49:13: 读取文件成功
2017-03-10T01:49:24: 读取文件成功
2017-03-10T01:49:33: 读取文件成功
2017-03-10T01:49:43: 读取文件成功
2017-03-10T01:49:53: 读取文件成功
2017-03-10T01:50:03: 读取文件成功
2017-03-10T01:50:13: 读取文件成功
2017-03-10T01:50:23: 读取文件成功
2017-03-10T01:50:33: 读取文件成功
2017-03-10T01:50:43: 读取文件成功
2017-03-10T01:50:53: 读取文件成功
2017-03-10T01:51:03: 读取文件成功
2017-03-10T01:51:13: 读取文件成功
2017-03-10T01:51:23: 读取文件成功
2017-03-10T01:51:34: 读取文件成功
2017-03-10T01:51:43: 读取文件成功
2017-03-10T01:51:53: 读取文件成功
2017-03-10T01:52:03: 读取文件成功
2017-03-10T01:52:13: 读取文件成功
2017-03-10T01:52:23: 读取文件成功
2017-03-10T01:52:33: 读取文件成功
2017-03-10T01:52:43: 读取文件成功
2017-03-10T01:52:53: 读取文件成功
2017-03-10T01:53:04: 读取文件成功
2017-03-10T01:53:13: 读取文件成功
2017-03-10T01:53:23: 读取文件成功
2017-03-10T01:53:33: 读取文件成功
2017-03-10T01:53:43: 读取文件成功
2017-03-10T01:53:53: 读取文件成功
2017-03-10T01:54:03: 读取文件成功
2017-03-10T01:54:13: 读取文件成功
2017-03-10T01:54:23: 读取文件成功
2017-03-10T01:54:33: 读取文件成功
2017-03-10T01:54:43: 读取文件成功
2017-03-10T01:54:53: 读取文件成功
2017-03-10T01:55:06: 读取文件成功
2017-03-10T01:55:13: 读取文件成功
2017-03-10T01:55:23: 读取文件成功
2017-03-10T01:55:33: 读取文件成功
2017-03-10T01:55:43: 读取文件成功
2017-03-10T01:55:53: 读取文件成功
2017-03-10T01:56:03: 读取文件成功
2017-03-10T01:56:13: 读取文件成功
2017-03-10T01:56:23: 读取文件成功
2017-03-10T01:56:33: 读取文件成功
2017-03-10T01:56:43: 读取文件成功
2017-03-10T01:56:53: 读取文件成功
2017-03-10T01:57:03: 读取文件成功
2017-03-10T01:57:13: 读取文件成功
2017-03-10T01:57:23: 读取文件成功
2017-03-10T01:57:33: 读取文件成功
2017-03-10T01:57:43: 读取文件成功
2017-03-10T01:57:53: 读取文件成功
2017-03-10T01:58:03: 读取文件成功
2017-03-10T01:58:13: 读取文件成功
2017-03-10T01:58:23: 读取文件成功
2017-03-10T01:58:33: 读取文件成功
2017-03-10T01:58:43: 读取文件成功
2017-03-10T01:58:53: 读取文件成功
2017-03-10T01:59:03: 读取文件成功
2017-03-10T01:59:13: 读取文件成功
2017-03-10T01:59:23: 读取文件成功
2017-03-10T01:59:33: 读取文件成功
2017-03-10T01:59:44: 读取文件成功
2017-03-10T01:59:53: 读取文件成功
2017-03-10T02:00:04: 读取文件成功
2017-03-10T02:00:13: 读取文件成功
2017-03-10T02:00:23: 读取文件成功
2017-03-10T02:00:33: 读取文件成功
2017-03-10T02:00:43: 读取文件成功
2017-03-10T02:00:54: 读取文件成功
2017-03-10T02:01:04: 读取文件成功
2017-03-10T02:01:14: 读取文件成功
2017-03-10T02:01:23: 读取文件成功
2017-03-10T02:01:33: 读取文件成功
2017-03-10T02:01:43: 读取文件成功
2017-03-10T02:01:53: 读取文件成功
2017-03-10T02:02:03: 读取文件成功
2017-03-10T02:02:14: 读取文件成功
2017-03-10T02:02:23: 读取文件成功
2017-03-10T02:02:33: 读取文件成功
2017-03-10T02:02:43: 读取文件成功
2017-03-10T02:02:54: 读取文件成功
2017-03-10T02:03:03: 读取文件成功
2017-03-10T02:03:14: 读取文件成功
2017-03-10T02:03:23: 读取文件成功
2017-03-10T02:03:34: 读取文件成功
2017-03-10T02:03:44: 读取文件成功
2017-03-10T02:03:54: 读取文件成功
2017-03-10T02:04:04: 读取文件成功
2017-03-10T02:04:14: 读取文件成功
2017-03-10T02:04:24: 读取文件成功
2017-03-10T02:04:34: 读取文件成功
2017-03-10T02:04:49: 读取文件成功
2017-03-10T02:04:54: 读取文件成功
2017-03-10T02:05:04: 读取文件成功
2017-03-10T02:05:14: 读取文件成功
2017-03-10T02:05:24: 读取文件成功
2017-03-10T02:05:34: 读取文件成功
2017-03-10T02:05:44: 读取文件成功
2017-03-10T02:05:54: 读取文件成功
2017-03-10T02:06:04: 读取文件成功
2017-03-10T02:06:14: 读取文件成功
2017-03-10T02:06:24: 读取文件成功
2017-03-10T02:06:34: 读取文件成功
2017-03-10T02:06:44: 读取文件成功
2017-03-10T02:06:54: 读取文件成功
2017-03-10T02:07:05: 读取文件成功
2017-03-10T02:07:14: 读取文件成功
2017-03-10T02:07:24: 读取文件成功
2017-03-10T02:07:34: 读取文件成功
2017-03-10T02:07:44: 读取文件成功
2017-03-10T02:07:56: 读取文件成功
2017-03-10T02:08:04: 读取文件成功
2017-03-10T02:08:14: 读取文件成功
2017-03-10T02:08:24: 读取文件成功
2017-03-10T02:08:34: 读取文件成功
2017-03-10T02:08:44: 读取文件成功
2017-03-10T02:08:54: 读取文件成功
2017-03-10T02:09:04: 读取文件成功
2017-03-10T02:09:14: 读取文件成功
2017-03-10T02:09:24: 读取文件成功
2017-03-10T02:09:34: 读取文件成功
2017-03-10T02:09:44: 读取文件成功
2017-03-10T02:09:54: 读取文件成功
2017-03-10T02:10:04: 读取文件成功
2017-03-10T02:10:14: 读取文件成功
2017-03-10T02:10:24: 读取文件成功
2017-03-10T02:10:34: 读取文件成功
2017-03-10T02:10:44: 读取文件成功
2017-03-10T02:10:54: 读取文件成功
2017-03-10T02:11:04: 读取文件成功
2017-03-10T02:11:14: 读取文件成功
2017-03-10T02:11:24: 读取文件成功
2017-03-10T02:11:34: 读取文件成功
2017-03-10T02:11:44: 读取文件成功
2017-03-10T02:11:54: 读取文件成功
2017-03-10T02:12:04: 读取文件成功
2017-03-10T02:12:15: 读取文件成功
2017-03-10T02:12:24: 读取文件成功
2017-03-10T02:12:34: 读取文件成功
2017-03-10T02:12:44: 读取文件成功
2017-03-10T02:12:54: 读取文件成功
2017-03-10T02:13:04: 读取文件成功
2017-03-10T02:13:14: 读取文件成功
2017-03-10T02:13:24: 读取文件成功
2017-03-10T02:13:34: 读取文件成功
2017-03-10T02:13:44: 读取文件成功
2017-03-10T02:13:54: 读取文件成功
2017-03-10T02:14:04: 读取文件成功
2017-03-10T02:14:14: 读取文件成功
2017-03-10T02:14:24: 读取文件成功
2017-03-10T02:14:35: 读取文件成功
2017-03-10T02:14:44: 读取文件成功
2017-03-10T02:14:54: 读取文件成功
2017-03-10T02:15:04: 读取文件成功
2017-03-10T02:15:14: 读取文件成功
2017-03-10T02:15:24: 读取文件成功
2017-03-10T02:15:34: 读取文件成功
2017-03-10T02:15:44: 读取文件成功
2017-03-10T02:15:54: 读取文件成功
2017-03-10T02:16:05: 读取文件成功
2017-03-10T02:16:14: 读取文件成功
2017-03-10T02:16:25: 读取文件成功
2017-03-10T02:16:34: 读取文件成功
2017-03-10T02:16:44: 读取文件成功
2017-03-10T02:16:54: 读取文件成功
2017-03-10T02:17:04: 读取文件成功
2017-03-10T02:17:14: 读取文件成功
2017-03-10T02:17:24: 读取文件成功
2017-03-10T02:17:34: 读取文件成功
2017-03-10T02:17:45: 读取文件成功
2017-03-10T02:17:54: 读取文件成功
2017-03-10T02:18:05: 读取文件成功
2017-03-10T02:18:14: 读取文件成功
2017-03-10T02:18:24: 读取文件成功
2017-03-10T02:18:34: 读取文件成功
2017-03-10T02:18:44: 读取文件成功
2017-03-10T02:18:54: 读取文件成功
2017-03-10T02:19:04: 读取文件成功
2017-03-10T02:19:14: 读取文件成功
2017-03-10T02:19:24: 读取文件成功
2017-03-10T02:19:34: 读取文件成功
2017-03-10T02:19:45: 读取文件成功
2017-03-10T02:19:55: 读取文件成功
2017-03-10T02:20:04: 读取文件成功
2017-03-10T02:20:14: 读取文件成功
2017-03-10T02:20:24: 读取文件成功
2017-03-10T02:20:35: 读取文件成功
2017-03-10T02:20:45: 读取文件成功
2017-03-10T02:20:55: 读取文件成功
2017-03-10T02:21:05: 读取文件成功
2017-03-10T02:21:15: 读取文件成功
2017-03-10T02:21:26: 读取文件成功
2017-03-10T02:21:35: 读取文件成功
2017-03-10T02:21:45: 读取文件成功
2017-03-10T02:21:55: 读取文件成功
2017-03-10T02:22:05: 读取文件成功
2017-03-10T02:22:15: 读取文件成功
2017-03-10T02:22:25: 读取文件成功
2017-03-10T02:22:35: 读取文件成功
2017-03-10T02:22:45: 读取文件成功
2017-03-10T02:22:55: 读取文件成功
2017-03-10T02:23:05: 读取文件成功
2017-03-10T02:23:15: 读取文件成功
2017-03-10T02:23:25: 读取文件成功
2017-03-10T02:23:35: 读取文件成功
2017-03-10T02:23:45: 读取文件成功
2017-03-10T02:23:55: 读取文件成功
2017-03-10T02:24:05: 读取文件成功
2017-03-10T02:24:15: 读取文件成功
2017-03-10T02:24:25: 读取文件成功
2017-03-10T02:24:35: 读取文件成功
2017-03-10T02:24:45: 读取文件成功
2017-03-10T02:24:55: 读取文件成功
2017-03-10T02:25:05: 读取文件成功
2017-03-10T02:25:15: 读取文件成功
2017-03-10T02:25:25: 读取文件成功
2017-03-10T02:25:35: 读取文件成功
2017-03-10T02:25:45: 读取文件成功
2017-03-10T02:25:55: 读取文件成功
2017-03-10T02:26:05: 读取文件成功
2017-03-10T02:26:15: 读取文件成功
2017-03-10T02:26:25: 读取文件成功
2017-03-10T02:26:35: 读取文件成功
2017-03-10T02:26:45: 读取文件成功
2017-03-10T02:26:55: 读取文件成功
2017-03-10T02:27:05: 读取文件成功
2017-03-10T02:27:15: 读取文件成功
2017-03-10T02:27:25: 读取文件成功
2017-03-10T02:27:35: 读取文件成功
2017-03-10T02:27:45: 读取文件成功
2017-03-10T02:27:55: 读取文件成功
2017-03-10T02:28:05: 读取文件成功
2017-03-10T02:28:15: 读取文件成功
2017-03-10T02:28:25: 读取文件成功
2017-03-10T02:28:35: 读取文件成功
2017-03-10T02:28:45: 读取文件成功
2017-03-10T02:28:55: 读取文件成功
2017-03-10T02:29:06: 读取文件成功
2017-03-10T02:29:15: 读取文件成功
2017-03-10T02:29:25: 读取文件成功
2017-03-10T02:29:36: 读取文件成功
2017-03-10T02:29:45: 读取文件成功
2017-03-10T02:29:55: 读取文件成功
2017-03-10T02:30:05: 读取文件成功
2017-03-10T02:30:15: 读取文件成功
2017-03-10T02:30:25: 读取文件成功
2017-03-10T02:30:35: 读取文件成功
2017-03-10T02:30:45: 读取文件成功
2017-03-10T02:30:55: 读取文件成功
2017-03-10T02:31:05: 读取文件成功
2017-03-10T02:31:15: 读取文件成功
2017-03-10T02:31:25: 读取文件成功
2017-03-10T02:31:35: 读取文件成功
2017-03-10T02:31:45: 读取文件成功
2017-03-10T02:31:55: 读取文件成功
2017-03-10T02:32:05: 读取文件成功
2017-03-10T02:32:15: 读取文件成功
2017-03-10T02:32:26: 读取文件成功
2017-03-10T02:32:36: 读取文件成功
2017-03-10T02:32:46: 读取文件成功
2017-03-10T02:32:55: 读取文件成功
2017-03-10T02:33:05: 读取文件成功
2017-03-10T02:33:15: 读取文件成功
2017-03-10T02:33:25: 读取文件成功
2017-03-10T02:33:36: 读取文件成功
2017-03-10T02:33:45: 读取文件成功
2017-03-10T02:33:56: 读取文件成功
2017-03-10T02:34:05: 读取文件成功
2017-03-10T02:34:15: 读取文件成功
2017-03-10T02:34:25: 读取文件成功
2017-03-10T02:34:35: 读取文件成功
2017-03-10T02:34:45: 读取文件成功
2017-03-10T02:34:55: 读取文件成功
2017-03-10T02:35:06: 读取文件成功
2017-03-10T02:35:15: 读取文件成功
2017-03-10T02:35:25: 读取文件成功
2017-03-10T02:35:35: 读取文件成功
2017-03-10T02:35:45: 读取文件成功
2017-03-10T02:35:55: 读取文件成功
2017-03-10T02:36:05: 读取文件成功
2017-03-10T02:36:15: 读取文件成功
2017-03-10T02:36:25: 读取文件成功
2017-03-10T02:36:36: 读取文件成功
2017-03-10T02:36:46: 读取文件成功
2017-03-10T02:36:56: 读取文件成功
2017-03-10T02:37:06: 读取文件成功
2017-03-10T02:37:16: 读取文件成功
2017-03-10T02:37:26: 读取文件成功
2017-03-10T02:37:36: 读取文件成功
2017-03-10T02:37:46: 读取文件成功
2017-03-10T02:37:56: 读取文件成功
2017-03-10T02:38:06: 读取文件成功
2017-03-10T02:38:16: 读取文件成功
2017-03-10T02:38:26: 读取文件成功
2017-03-10T02:38:36: 读取文件成功
2017-03-10T02:38:46: 读取文件成功
2017-03-10T02:38:56: 读取文件成功
2017-03-10T02:39:06: 读取文件成功
2017-03-10T02:39:16: 读取文件成功
2017-03-10T02:39:26: 读取文件成功
2017-03-10T02:39:36: 读取文件成功
2017-03-10T02:39:46: 读取文件成功
2017-03-10T02:39:56: 读取文件成功
2017-03-10T02:40:06: 读取文件成功
2017-03-10T02:40:16: 读取文件成功
2017-03-10T02:40:26: 读取文件成功
2017-03-10T02:40:36: 读取文件成功
2017-03-10T02:40:46: 读取文件成功
2017-03-10T02:40:56: 读取文件成功
2017-03-10T02:41:06: 读取文件成功
2017-03-10T02:41:16: 读取文件成功
2017-03-10T02:41:26: 读取文件成功
2017-03-10T02:41:36: 读取文件成功
2017-03-10T02:41:46: 读取文件成功
2017-03-10T02:41:56: 读取文件成功
2017-03-10T02:42:08: 读取文件成功
2017-03-10T02:42:16: 读取文件成功
2017-03-10T02:42:26: 读取文件成功
2017-03-10T02:42:36: 读取文件成功
2017-03-10T02:42:46: 读取文件成功
2017-03-10T02:42:56: 读取文件成功
2017-03-10T02:43:07: 读取文件成功
2017-03-10T02:43:16: 读取文件成功
2017-03-10T02:43:26: 读取文件成功
2017-03-10T02:43:36: 读取文件成功
2017-03-10T02:43:46: 读取文件成功
2017-03-10T02:43:56: 读取文件成功
2017-03-10T02:44:06: 读取文件成功
2017-03-10T02:44:16: 读取文件成功
2017-03-10T02:44:26: 读取文件成功
2017-03-10T02:44:36: 读取文件成功
2017-03-10T02:44:46: 读取文件成功
2017-03-10T02:44:56: 读取文件成功
2017-03-10T02:45:06: 读取文件成功
2017-03-10T02:45:16: 读取文件成功
2017-03-10T02:45:26: 读取文件成功
2017-03-10T02:45:36: 读取文件成功
2017-03-10T02:45:46: 读取文件成功
2017-03-10T02:45:56: 读取文件成功
2017-03-10T02:46:06: 读取文件成功
2017-03-10T02:46:16: 读取文件成功
2017-03-10T02:46:26: 读取文件成功
2017-03-10T02:46:36: 读取文件成功
2017-03-10T02:46:46: 读取文件成功
2017-03-10T02:46:56: 读取文件成功
2017-03-10T02:47:06: 读取文件成功
2017-03-10T02:47:16: 读取文件成功
2017-03-10T02:47:26: 读取文件成功
2017-03-10T02:47:36: 读取文件成功
2017-03-10T02:47:46: 读取文件成功
2017-03-10T02:47:56: 读取文件成功
2017-03-10T02:48:06: 读取文件成功
2017-03-10T02:48:16: 读取文件成功
2017-03-10T02:48:26: 读取文件成功
2017-03-10T02:48:36: 读取文件成功
2017-03-10T02:48:46: 读取文件成功
2017-03-10T02:48:56: 读取文件成功
2017-03-10T02:49:06: 读取文件成功
2017-03-10T02:49:16: 读取文件成功
2017-03-10T02:49:26: 读取文件成功
2017-03-10T02:49:36: 读取文件成功
2017-03-10T02:49:46: 读取文件成功
2017-03-10T02:49:56: 读取文件成功
2017-03-10T02:50:06: 读取文件成功
2017-03-10T02:50:16: 读取文件成功
2017-03-10T02:50:26: 读取文件成功
2017-03-10T02:50:36: 读取文件成功
2017-03-10T02:50:46: 读取文件成功
2017-03-10T02:50:56: 读取文件成功
2017-03-10T02:51:06: 读取文件成功
2017-03-10T02:51:16: 读取文件成功
2017-03-10T02:51:26: 读取文件成功
2017-03-10T02:51:36: 读取文件成功
2017-03-10T02:51:46: 读取文件成功
2017-03-10T02:51:56: 读取文件成功
2017-03-10T02:52:07: 读取文件成功
2017-03-10T02:52:16: 读取文件成功
2017-03-10T02:52:27: 读取文件成功
2017-03-10T02:52:36: 读取文件成功
2017-03-10T02:52:46: 读取文件成功
2017-03-10T02:52:57: 读取文件成功
2017-03-10T02:53:06: 读取文件成功
2017-03-10T02:53:17: 读取文件成功
2017-03-10T02:53:26: 读取文件成功
2017-03-10T02:53:36: 读取文件成功
2017-03-10T02:53:46: 读取文件成功
2017-03-10T02:53:56: 读取文件成功
2017-03-10T02:54:06: 读取文件成功
2017-03-10T02:54:16: 读取文件成功
2017-03-10T02:54:26: 读取文件成功
2017-03-10T02:54:37: 读取文件成功
2017-03-10T02:54:46: 读取文件成功
2017-03-10T02:54:57: 读取文件成功
2017-03-10T02:55:07: 读取文件成功
2017-03-10T02:55:17: 读取文件成功
2017-03-10T02:55:27: 读取文件成功
2017-03-10T02:55:37: 读取文件成功
2017-03-10T02:55:47: 读取文件成功
2017-03-10T02:55:57: 读取文件成功
2017-03-10T02:56:08: 读取文件成功
2017-03-10T02:56:17: 读取文件成功
2017-03-10T02:56:27: 读取文件成功
2017-03-10T02:56:37: 读取文件成功
2017-03-10T02:56:47: 读取文件成功
2017-03-10T02:56:57: 读取文件成功
2017-03-10T02:57:07: 读取文件成功
2017-03-10T02:57:17: 读取文件成功
2017-03-10T02:57:27: 读取文件成功
2017-03-10T02:57:37: 读取文件成功
2017-03-10T02:57:47: 读取文件成功
2017-03-10T02:57:57: 读取文件成功
2017-03-10T02:58:07: 读取文件成功
2017-03-10T02:58:17: 读取文件成功
2017-03-10T02:58:27: 读取文件成功
2017-03-10T02:58:37: 读取文件成功
2017-03-10T02:58:48: 读取文件成功
2017-03-10T02:58:57: 读取文件成功
2017-03-10T02:59:07: 读取文件成功
2017-03-10T02:59:17: 读取文件成功
2017-03-10T02:59:27: 读取文件成功
2017-03-10T02:59:37: 读取文件成功
2017-03-10T02:59:47: 读取文件成功
2017-03-10T02:59:57: 读取文件成功
2017-03-10T03:00:07: 读取文件成功
2017-03-10T03:00:17: 读取文件成功
2017-03-10T03:00:27: 读取文件成功
2017-03-10T03:00:37: 读取文件成功
2017-03-10T03:00:48: 读取文件成功
2017-03-10T03:00:57: 读取文件成功
2017-03-10T03:01:08: 读取文件成功
2017-03-10T03:01:18: 读取文件成功
2017-03-10T03:01:27: 读取文件成功
2017-03-10T03:01:37: 读取文件成功
2017-03-10T03:01:47: 读取文件成功
2017-03-10T03:01:58: 读取文件成功
2017-03-10T03:02:07: 读取文件成功
2017-03-10T03:02:18: 读取文件成功
2017-03-10T03:02:27: 读取文件成功
2017-03-10T03:02:37: 读取文件成功
2017-03-10T03:02:47: 读取文件成功
2017-03-10T03:02:57: 读取文件成功
2017-03-10T03:03:08: 读取文件成功
2017-03-10T03:03:17: 读取文件成功
2017-03-10T03:03:27: 读取文件成功
2017-03-10T03:03:37: 读取文件成功
2017-03-10T03:03:47: 读取文件成功
2017-03-10T03:03:57: 读取文件成功
2017-03-10T03:04:07: 读取文件成功
2017-03-10T03:04:17: 读取文件成功
2017-03-10T03:04:27: 读取文件成功
2017-03-10T03:04:37: 读取文件成功
2017-03-10T03:04:47: 读取文件成功
2017-03-10T03:04:57: 读取文件成功
2017-03-10T03:05:07: 读取文件成功
2017-03-10T03:05:17: 读取文件成功
2017-03-10T03:05:27: 读取文件成功
2017-03-10T03:05:37: 读取文件成功
2017-03-10T03:05:47: 读取文件成功
2017-03-10T03:05:58: 读取文件成功
2017-03-10T03:06:07: 读取文件成功
2017-03-10T03:06:17: 读取文件成功
2017-03-10T03:06:27: 读取文件成功
2017-03-10T03:06:38: 读取文件成功
2017-03-10T03:06:47: 读取文件成功
2017-03-10T03:06:57: 读取文件成功
2017-03-10T03:07:07: 读取文件成功
2017-03-10T03:07:17: 读取文件成功
2017-03-10T03:07:27: 读取文件成功
2017-03-10T03:07:38: 读取文件成功
2017-03-10T03:07:48: 读取文件成功
2017-03-10T03:07:57: 读取文件成功
2017-03-10T03:08:07: 读取文件成功
2017-03-10T03:08:17: 读取文件成功
2017-03-10T03:08:27: 读取文件成功
2017-03-10T03:08:37: 读取文件成功
2017-03-10T03:08:48: 读取文件成功
2017-03-10T03:08:57: 读取文件成功
2017-03-10T03:09:08: 读取文件成功
2017-03-10T03:09:17: 读取文件成功
2017-03-10T03:09:28: 读取文件成功
2017-03-10T03:09:37: 读取文件成功
2017-03-10T03:09:47: 读取文件成功
2017-03-10T03:09:58: 读取文件成功
2017-03-10T03:10:08: 读取文件成功
2017-03-10T03:10:18: 读取文件成功
2017-03-10T03:10:28: 读取文件成功
2017-03-10T03:10:38: 读取文件成功
2017-03-10T03:10:48: 读取文件成功
2017-03-10T03:10:58: 读取文件成功
2017-03-10T03:11:08: 读取文件成功
2017-03-10T03:11:18: 读取文件成功
2017-03-10T03:11:28: 读取文件成功
2017-03-10T03:11:38: 读取文件成功
2017-03-10T03:11:48: 读取文件成功
2017-03-10T03:11:58: 读取文件成功
2017-03-10T03:12:08: 读取文件成功
2017-03-10T03:12:18: 读取文件成功
2017-03-10T03:12:28: 读取文件成功
2017-03-10T03:12:38: 读取文件成功
2017-03-10T03:12:48: 读取文件成功
2017-03-10T03:12:58: 读取文件成功
2017-03-10T03:13:08: 读取文件成功
2017-03-10T03:13:18: 读取文件成功
2017-03-10T03:13:28: 读取文件成功
2017-03-10T03:13:38: 读取文件成功
2017-03-10T03:13:48: 读取文件成功
2017-03-10T03:13:58: 读取文件成功
2017-03-10T03:14:08: 读取文件成功
2017-03-10T03:14:18: 读取文件成功
2017-03-10T03:14:28: 读取文件成功
2017-03-10T03:14:38: 读取文件成功
2017-03-10T03:14:48: 读取文件成功
2017-03-10T03:14:58: 读取文件成功
2017-03-10T03:15:08: 读取文件成功
2017-03-10T03:15:18: 读取文件成功
2017-03-10T03:15:28: 读取文件成功
2017-03-10T03:15:38: 读取文件成功
2017-03-10T03:15:48: 读取文件成功
2017-03-10T03:15:58: 读取文件成功
2017-03-10T03:16:08: 读取文件成功
2017-03-10T03:16:18: 读取文件成功
2017-03-10T03:16:28: 读取文件成功
2017-03-10T03:16:38: 读取文件成功
2017-03-10T03:16:48: 读取文件成功
2017-03-10T03:16:58: 读取文件成功
2017-03-10T03:17:08: 读取文件成功
2017-03-10T03:17:18: 读取文件成功
2017-03-10T03:17:28: 读取文件成功
2017-03-10T03:17:38: 读取文件成功
2017-03-10T03:17:49: 读取文件成功
2017-03-10T03:17:58: 读取文件成功
2017-03-10T03:18:08: 读取文件成功
2017-03-10T03:18:18: 读取文件成功
2017-03-10T03:18:28: 读取文件成功
2017-03-10T03:18:38: 读取文件成功
2017-03-10T03:18:48: 读取文件成功
2017-03-10T03:18:58: 读取文件成功
2017-03-10T03:19:08: 读取文件成功
2017-03-10T03:19:18: 读取文件成功
2017-03-10T03:19:28: 读取文件成功
2017-03-10T03:19:38: 读取文件成功
2017-03-10T03:19:48: 读取文件成功
2017-03-10T03:19:58: 读取文件成功
2017-03-10T03:20:08: 读取文件成功
2017-03-10T03:20:18: 读取文件成功
2017-03-10T03:20:28: 读取文件成功
2017-03-10T03:20:38: 读取文件成功
2017-03-10T03:20:48: 读取文件成功
2017-03-10T03:20:58: 读取文件成功
2017-03-10T03:21:08: 读取文件成功
2017-03-10T03:21:18: 读取文件成功
2017-03-10T03:21:28: 读取文件成功
2017-03-10T03:21:38: 读取文件成功
2017-03-10T03:21:48: 读取文件成功
2017-03-10T03:21:58: 读取文件成功
2017-03-10T03:22:08: 读取文件成功
2017-03-10T03:22:18: 读取文件成功
2017-03-10T03:22:29: 读取文件成功
2017-03-10T03:22:38: 读取文件成功
2017-03-10T03:22:49: 读取文件成功
2017-03-10T03:22:58: 读取文件成功
2017-03-10T03:23:09: 读取文件成功
2017-03-10T03:23:18: 读取文件成功
2017-03-10T03:23:28: 读取文件成功
2017-03-10T03:23:39: 读取文件成功
2017-03-10T03:23:48: 读取文件成功
2017-03-10T03:23:58: 读取文件成功
2017-03-10T03:24:09: 读取文件成功
2017-03-10T03:24:18: 读取文件成功
2017-03-10T03:24:28: 读取文件成功
2017-03-10T03:24:38: 读取文件成功
2017-03-10T03:24:49: 读取文件成功
2017-03-10T03:24:59: 读取文件成功
2017-03-10T03:25:09: 读取文件成功
2017-03-10T03:25:19: 读取文件成功
2017-03-10T03:25:29: 读取文件成功
2017-03-10T03:25:39: 读取文件成功
2017-03-10T03:25:49: 读取文件成功
2017-03-10T03:25:59: 读取文件成功
2017-03-10T03:26:09: 读取文件成功
2017-03-10T03:26:19: 读取文件成功
2017-03-10T03:26:29: 读取文件成功
2017-03-10T03:26:39: 读取文件成功
2017-03-10T03:26:49: 读取文件成功
2017-03-10T03:26:59: 读取文件成功
2017-03-10T03:27:09: 读取文件成功
2017-03-10T03:27:19: 读取文件成功
2017-03-10T03:27:29: 读取文件成功
2017-03-10T03:27:39: 读取文件成功
2017-03-10T03:27:49: 读取文件成功
2017-03-10T03:27:59: 读取文件成功
2017-03-10T03:28:09: 读取文件成功
2017-03-10T03:28:19: 读取文件成功
2017-03-10T03:28:30: 读取文件成功
2017-03-10T03:28:39: 读取文件成功
2017-03-10T03:28:49: 读取文件成功
2017-03-10T03:28:59: 读取文件成功
2017-03-10T03:29:09: 读取文件成功
2017-03-10T03:29:19: 读取文件成功
2017-03-10T03:29:29: 读取文件成功
2017-03-10T03:29:39: 读取文件成功
2017-03-10T03:29:50: 读取文件成功
2017-03-10T03:29:59: 读取文件成功
2017-03-10T03:30:09: 读取文件成功
2017-03-10T03:30:19: 读取文件成功
2017-03-10T03:30:29: 读取文件成功
2017-03-10T03:30:39: 读取文件成功
2017-03-10T03:30:49: 读取文件成功
2017-03-10T03:30:59: 读取文件成功
2017-03-10T03:31:09: 读取文件成功
2017-03-10T03:31:19: 读取文件成功
2017-03-10T03:31:29: 读取文件成功
2017-03-10T03:31:39: 读取文件成功
2017-03-10T03:31:49: 读取文件成功
2017-03-10T03:31:59: 读取文件成功
2017-03-10T03:32:09: 读取文件成功
2017-03-10T03:32:19: 读取文件成功
2017-03-10T03:32:29: 读取文件成功
2017-03-10T03:32:39: 读取文件成功
2017-03-10T03:32:49: 读取文件成功
2017-03-10T03:32:59: 读取文件成功
2017-03-10T03:33:09: 读取文件成功
2017-03-10T03:33:19: 读取文件成功
2017-03-10T03:33:29: 读取文件成功
2017-03-10T03:33:39: 读取文件成功
2017-03-10T03:33:49: 读取文件成功
2017-03-10T03:34:01: 读取文件成功
2017-03-10T03:34:09: 读取文件成功
2017-03-10T03:34:19: 读取文件成功
2017-03-10T03:34:29: 读取文件成功
2017-03-10T03:34:39: 读取文件成功
2017-03-10T03:34:49: 读取文件成功
2017-03-10T03:34:59: 读取文件成功
2017-03-10T03:35:09: 读取文件成功
2017-03-10T03:35:19: 读取文件成功
2017-03-10T03:35:29: 读取文件成功
2017-03-10T03:35:39: 读取文件成功
2017-03-10T03:35:49: 读取文件成功
2017-03-10T03:35:59: 读取文件成功
2017-03-10T03:36:09: 读取文件成功
2017-03-10T03:36:19: 读取文件成功
2017-03-10T03:36:29: 读取文件成功
2017-03-10T03:36:39: 读取文件成功
2017-03-10T03:36:49: 读取文件成功
2017-03-10T03:36:59: 读取文件成功
2017-03-10T03:37:09: 读取文件成功
2017-03-10T03:37:19: 读取文件成功
2017-03-10T03:37:29: 读取文件成功
2017-03-10T03:37:39: 读取文件成功
2017-03-10T03:37:49: 读取文件成功
2017-03-10T03:37:59: 读取文件成功
2017-03-10T03:38:09: 读取文件成功
2017-03-10T03:38:19: 读取文件成功
2017-03-10T03:38:29: 读取文件成功
2017-03-10T03:38:39: 读取文件成功
2017-03-10T03:38:49: 读取文件成功
2017-03-10T03:38:59: 读取文件成功
2017-03-10T03:39:09: 读取文件成功
2017-03-10T03:39:19: 读取文件成功
2017-03-10T03:39:29: 读取文件成功
2017-03-10T03:39:39: 读取文件成功
2017-03-10T03:39:49: 读取文件成功
2017-03-10T03:39:59: 读取文件成功
2017-03-10T03:40:09: 读取文件成功
2017-03-10T03:40:19: 读取文件成功
2017-03-10T03:40:29: 读取文件成功
2017-03-10T03:40:39: 读取文件成功
2017-03-10T03:40:49: 读取文件成功
2017-03-10T03:40:59: 读取文件成功
2017-03-10T03:41:09: 读取文件成功
2017-03-10T03:41:19: 读取文件成功
2017-03-10T03:41:29: 读取文件成功
2017-03-10T03:41:39: 读取文件成功
2017-03-10T03:41:49: 读取文件成功
2017-03-10T03:41:59: 读取文件成功
2017-03-10T03:42:09: 读取文件成功
2017-03-10T03:42:19: 读取文件成功
2017-03-10T03:42:29: 读取文件成功
2017-03-10T03:42:39: 读取文件成功
2017-03-10T03:42:50: 读取文件成功
2017-03-10T03:43:00: 读取文件成功
2017-03-10T03:43:10: 读取文件成功
2017-03-10T03:43:20: 读取文件成功
2017-03-10T03:43:30: 读取文件成功
2017-03-10T03:43:40: 读取文件成功
2017-03-10T03:43:50: 读取文件成功
2017-03-10T03:44:00: 读取文件成功
2017-03-10T03:44:10: 读取文件成功
2017-03-10T03:44:20: 读取文件成功
2017-03-10T03:44:30: 读取文件成功
2017-03-10T03:44:40: 读取文件成功
2017-03-10T03:44:50: 读取文件成功
2017-03-10T03:45:00: 读取文件成功
2017-03-10T03:45:10: 读取文件成功
2017-03-10T03:45:20: 读取文件成功
2017-03-10T03:45:30: 读取文件成功
2017-03-10T03:45:40: 读取文件成功
2017-03-10T03:45:50: 读取文件成功
2017-03-10T03:46:00: 读取文件成功
2017-03-10T03:46:10: 读取文件成功
2017-03-10T03:46:20: 读取文件成功
2017-03-10T03:46:30: 读取文件成功
2017-03-10T03:46:40: 读取文件成功
2017-03-10T03:46:50: 读取文件成功
2017-03-10T03:47:00: 读取文件成功
2017-03-10T03:47:10: 读取文件成功
2017-03-10T03:47:20: 读取文件成功
2017-03-10T03:47:30: 读取文件成功
2017-03-10T03:47:40: 读取文件成功
2017-03-10T03:47:50: 读取文件成功
2017-03-10T03:48:00: 读取文件成功
2017-03-10T03:48:10: 读取文件成功
2017-03-10T03:48:20: 读取文件成功
2017-03-10T03:48:30: 读取文件成功
2017-03-10T03:48:40: 读取文件成功
2017-03-10T03:48:50: 读取文件成功
2017-03-10T03:49:00: 读取文件成功
2017-03-10T03:49:10: 读取文件成功
2017-03-10T03:49:20: 读取文件成功
2017-03-10T03:49:30: 读取文件成功
2017-03-10T03:49:40: 读取文件成功
2017-03-10T03:49:50: 读取文件成功
2017-03-10T03:50:00: 读取文件成功
2017-03-10T03:50:10: 读取文件成功
2017-03-10T03:50:20: 读取文件成功
2017-03-10T03:50:30: 读取文件成功
2017-03-10T03:50:40: 读取文件成功
2017-03-10T03:50:50: 读取文件成功
2017-03-10T03:51:00: 读取文件成功
2017-03-10T03:51:10: 读取文件成功
2017-03-10T03:51:20: 读取文件成功
2017-03-10T03:51:30: 读取文件成功
2017-03-10T03:51:40: 读取文件成功
2017-03-10T03:51:50: 读取文件成功
2017-03-10T03:52:00: 读取文件成功
2017-03-10T03:52:10: 读取文件成功
2017-03-10T03:52:20: 读取文件成功
2017-03-10T03:52:30: 读取文件成功
2017-03-10T03:52:40: 读取文件成功
2017-03-10T03:52:50: 读取文件成功
2017-03-10T03:53:00: 读取文件成功
2017-03-10T03:53:10: 读取文件成功
2017-03-10T03:53:20: 读取文件成功
2017-03-10T03:53:30: 读取文件成功
2017-03-10T03:53:40: 读取文件成功
2017-03-10T03:53:50: 读取文件成功
2017-03-10T03:54:00: 读取文件成功
2017-03-10T03:54:10: 读取文件成功
2017-03-10T03:54:20: 读取文件成功
2017-03-10T03:54:30: 读取文件成功
2017-03-10T03:54:40: 读取文件成功
2017-03-10T03:54:50: 读取文件成功
2017-03-10T03:55:00: 读取文件成功
2017-03-10T03:55:10: 读取文件成功
2017-03-10T03:55:20: 读取文件成功
2017-03-10T03:55:30: 读取文件成功
2017-03-10T03:55:40: 读取文件成功
2017-03-10T03:55:50: 读取文件成功
2017-03-10T03:56:00: 读取文件成功
2017-03-10T03:56:10: 读取文件成功
2017-03-10T03:56:20: 读取文件成功
2017-03-10T03:56:30: 读取文件成功
2017-03-10T03:56:40: 读取文件成功
2017-03-10T03:56:50: 读取文件成功
2017-03-10T03:57:01: 读取文件成功
2017-03-10T03:57:10: 读取文件成功
2017-03-10T03:57:20: 读取文件成功
2017-03-10T03:57:30: 读取文件成功
2017-03-10T03:57:41: 读取文件成功
2017-03-10T03:57:50: 读取文件成功
2017-03-10T03:58:00: 读取文件成功
2017-03-10T03:58:10: 读取文件成功
2017-03-10T03:58:20: 读取文件成功
2017-03-10T03:58:30: 读取文件成功
2017-03-10T03:58:40: 读取文件成功
2017-03-10T03:58:50: 读取文件成功
2017-03-10T03:59:00: 读取文件成功
2017-03-10T03:59:10: 读取文件成功
2017-03-10T03:59:20: 读取文件成功
2017-03-10T03:59:30: 读取文件成功
2017-03-10T03:59:40: 读取文件成功
2017-03-10T03:59:50: 读取文件成功
2017-03-10T04:00:01: 读取文件成功
2017-03-10T04:00:10: 读取文件成功
2017-03-10T04:00:20: 读取文件成功
2017-03-10T04:00:30: 读取文件成功
2017-03-10T04:00:40: 读取文件成功
2017-03-10T04:00:50: 读取文件成功
2017-03-10T04:01:00: 读取文件成功
2017-03-10T04:01:10: 读取文件成功
2017-03-10T04:01:21: 读取文件成功
2017-03-10T04:01:31: 读取文件成功
2017-03-10T04:01:41: 读取文件成功
2017-03-10T04:01:51: 读取文件成功
2017-03-10T04:02:01: 读取文件成功
2017-03-10T04:02:11: 读取文件成功
2017-03-10T04:02:21: 读取文件成功
2017-03-10T04:02:31: 读取文件成功
2017-03-10T04:02:41: 读取文件成功
2017-03-10T04:02:51: 读取文件成功
2017-03-10T04:03:01: 读取文件成功
2017-03-10T04:03:11: 读取文件成功
2017-03-10T04:03:21: 读取文件成功
2017-03-10T04:03:31: 读取文件成功
2017-03-10T04:03:41: 读取文件成功
2017-03-10T04:03:51: 读取文件成功
2017-03-10T04:04:01: 读取文件成功
2017-03-10T04:04:11: 读取文件成功
2017-03-10T04:04:21: 读取文件成功
2017-03-10T04:04:31: 读取文件成功
2017-03-10T04:04:41: 读取文件成功
2017-03-10T04:04:51: 读取文件成功
2017-03-10T04:05:01: 读取文件成功
2017-03-10T04:05:11: 读取文件成功
2017-03-10T04:05:21: 读取文件成功
2017-03-10T04:05:31: 读取文件成功
2017-03-10T04:05:41: 读取文件成功
2017-03-10T04:05:51: 读取文件成功
2017-03-10T04:06:01: 读取文件成功
2017-03-10T04:06:11: 读取文件成功
2017-03-10T04:06:21: 读取文件成功
2017-03-10T04:06:31: 读取文件成功
2017-03-10T04:06:43: 读取文件成功
2017-03-10T04:06:51: 读取文件成功
2017-03-10T04:07:01: 读取文件成功
2017-03-10T04:07:11: 读取文件成功
2017-03-10T04:07:21: 读取文件成功
2017-03-10T04:07:31: 读取文件成功
2017-03-10T04:07:41: 读取文件成功
2017-03-10T04:07:51: 读取文件成功
2017-03-10T04:08:01: 读取文件成功
2017-03-10T04:08:11: 读取文件成功
2017-03-10T04:08:21: 读取文件成功
2017-03-10T04:08:31: 读取文件成功
2017-03-10T04:08:41: 读取文件成功
2017-03-10T04:08:51: 读取文件成功
2017-03-10T04:09:01: 读取文件成功
2017-03-10T04:09:11: 读取文件成功
2017-03-10T04:09:21: 读取文件成功
2017-03-10T04:09:31: 读取文件成功
2017-03-10T04:09:41: 读取文件成功
2017-03-10T04:09:51: 读取文件成功
2017-03-10T04:10:01: 读取文件成功
2017-03-10T04:10:11: 读取文件成功
2017-03-10T04:10:21: 读取文件成功
2017-03-10T04:10:31: 读取文件成功
2017-03-10T04:10:41: 读取文件成功
2017-03-10T04:10:51: 读取文件成功
2017-03-10T04:11:01: 读取文件成功
2017-03-10T04:11:11: 读取文件成功
2017-03-10T04:11:21: 读取文件成功
2017-03-10T04:11:31: 读取文件成功
2017-03-10T04:11:41: 读取文件成功
2017-03-10T04:11:51: 读取文件成功
2017-03-10T04:12:01: 读取文件成功
2017-03-10T04:12:11: 读取文件成功
2017-03-10T04:12:21: 读取文件成功
2017-03-10T04:12:31: 读取文件成功
2017-03-10T04:12:41: 读取文件成功
2017-03-10T04:12:51: 读取文件成功
2017-03-10T04:13:01: 读取文件成功
2017-03-10T04:13:11: 读取文件成功
2017-03-10T04:13:21: 读取文件成功
2017-03-10T04:13:31: 读取文件成功
2017-03-10T04:13:41: 读取文件成功
2017-03-10T04:13:51: 读取文件成功
2017-03-10T04:14:01: 读取文件成功
2017-03-10T04:14:11: 读取文件成功
2017-03-10T04:14:21: 读取文件成功
2017-03-10T04:14:31: 读取文件成功
2017-03-10T04:14:41: 读取文件成功
2017-03-10T04:14:51: 读取文件成功
2017-03-10T04:15:01: 读取文件成功
2017-03-10T04:15:11: 读取文件成功
2017-03-10T04:15:21: 读取文件成功
2017-03-10T04:15:31: 读取文件成功
2017-03-10T04:15:41: 读取文件成功
2017-03-10T04:15:51: 读取文件成功
2017-03-10T04:16:01: 读取文件成功
2017-03-10T04:16:11: 读取文件成功
2017-03-10T04:16:21: 读取文件成功
2017-03-10T04:16:31: 读取文件成功
2017-03-10T04:16:41: 读取文件成功
2017-03-10T04:16:51: 读取文件成功
2017-03-10T04:17:01: 读取文件成功
2017-03-10T04:17:11: 读取文件成功
2017-03-10T04:17:21: 读取文件成功
2017-03-10T04:17:31: 读取文件成功
2017-03-10T04:17:41: 读取文件成功
2017-03-10T04:17:51: 读取文件成功
2017-03-10T04:18:01: 读取文件成功
2017-03-10T04:18:11: 读取文件成功
2017-03-10T04:18:22: 读取文件成功
2017-03-10T04:18:31: 读取文件成功
2017-03-10T04:18:42: 读取文件成功
2017-03-10T04:18:52: 读取文件成功
2017-03-10T04:19:02: 读取文件成功
2017-03-10T04:19:12: 读取文件成功
2017-03-10T04:19:22: 读取文件成功
2017-03-10T04:19:32: 读取文件成功
2017-03-10T04:19:42: 读取文件成功
2017-03-10T04:19:52: 读取文件成功
2017-03-10T04:20:02: 读取文件成功
2017-03-10T04:20:12: 读取文件成功
2017-03-10T04:20:22: 读取文件成功
2017-03-10T04:20:32: 读取文件成功
2017-03-10T04:20:42: 读取文件成功
2017-03-10T04:20:52: 读取文件成功
2017-03-10T04:21:02: 读取文件成功
2017-03-10T04:21:12: 读取文件成功
2017-03-10T04:21:22: 读取文件成功
2017-03-10T04:21:32: 读取文件成功
2017-03-10T04:21:42: 读取文件成功
2017-03-10T04:21:52: 读取文件成功
2017-03-10T04:22:02: 读取文件成功
2017-03-10T04:22:12: 读取文件成功
2017-03-10T04:22:22: 读取文件成功
2017-03-10T04:22:32: 读取文件成功
2017-03-10T04:22:42: 读取文件成功
2017-03-10T04:22:52: 读取文件成功
2017-03-10T04:23:02: 读取文件成功
2017-03-10T04:23:12: 读取文件成功
2017-03-10T04:23:22: 读取文件成功
2017-03-10T04:23:32: 读取文件成功
2017-03-10T04:23:42: 读取文件成功
2017-03-10T04:23:52: 读取文件成功
2017-03-10T04:24:02: 读取文件成功
2017-03-10T04:24:12: 读取文件成功
2017-03-10T04:24:22: 读取文件成功
2017-03-10T04:24:32: 读取文件成功
2017-03-10T04:24:42: 读取文件成功
2017-03-10T04:24:52: 读取文件成功
2017-03-10T04:25:02: 读取文件成功
2017-03-10T04:25:12: 读取文件成功
2017-03-10T04:25:22: 读取文件成功
2017-03-10T04:25:32: 读取文件成功
2017-03-10T04:25:42: 读取文件成功
2017-03-10T04:25:52: 读取文件成功
2017-03-10T04:26:02: 读取文件成功
2017-03-10T04:26:12: 读取文件成功
2017-03-10T04:26:22: 读取文件成功
2017-03-10T04:26:32: 读取文件成功
2017-03-10T04:26:42: 读取文件成功
2017-03-10T04:26:52: 读取文件成功
2017-03-10T04:27:02: 读取文件成功
2017-03-10T04:27:12: 读取文件成功
2017-03-10T04:27:22: 读取文件成功
2017-03-10T04:27:32: 读取文件成功
2017-03-10T04:27:42: 读取文件成功
2017-03-10T04:27:52: 读取文件成功
2017-03-10T04:28:02: 读取文件成功
2017-03-10T04:28:12: 读取文件成功
2017-03-10T04:28:22: 读取文件成功
2017-03-10T04:28:32: 读取文件成功
2017-03-10T04:28:42: 读取文件成功
2017-03-10T04:28:52: 读取文件成功
2017-03-10T04:29:02: 读取文件成功
2017-03-10T04:29:12: 读取文件成功
2017-03-10T04:29:22: 读取文件成功
2017-03-10T04:29:32: 读取文件成功
2017-03-10T04:29:42: 读取文件成功
2017-03-10T04:29:52: 读取文件成功
2017-03-10T04:30:02: 读取文件成功
2017-03-10T04:30:12: 读取文件成功
2017-03-10T04:30:22: 读取文件成功
2017-03-10T04:30:32: 读取文件成功
2017-03-10T04:30:42: 读取文件成功
2017-03-10T04:30:53: 读取文件成功
2017-03-10T04:31:02: 读取文件成功
2017-03-10T04:31:12: 读取文件成功
2017-03-10T04:31:22: 读取文件成功
2017-03-10T04:31:32: 读取文件成功
2017-03-10T04:31:42: 读取文件成功
2017-03-10T04:31:52: 读取文件成功
2017-03-10T04:32:02: 读取文件成功
2017-03-10T04:32:12: 读取文件成功
2017-03-10T04:32:22: 读取文件成功
2017-03-10T04:32:32: 读取文件成功
2017-03-10T04:32:42: 读取文件成功
2017-03-10T04:32:52: 读取文件成功
2017-03-10T04:33:02: 读取文件成功
2017-03-10T04:33:12: 读取文件成功
2017-03-10T04:33:22: 读取文件成功
2017-03-10T04:33:32: 读取文件成功
2017-03-10T04:33:42: 读取文件成功
2017-03-10T04:33:52: 读取文件成功
2017-03-10T04:34:02: 读取文件成功
2017-03-10T04:34:12: 读取文件成功
2017-03-10T04:34:22: 读取文件成功
2017-03-10T04:34:32: 读取文件成功
2017-03-10T04:34:42: 读取文件成功
2017-03-10T04:34:52: 读取文件成功
2017-03-10T04:35:02: 读取文件成功
2017-03-10T04:35:12: 读取文件成功
2017-03-10T04:35:22: 读取文件成功
2017-03-10T04:35:32: 读取文件成功
2017-03-10T04:35:42: 读取文件成功
2017-03-10T04:35:53: 读取文件成功
2017-03-10T04:36:02: 读取文件成功
2017-03-10T04:36:12: 读取文件成功
2017-03-10T04:36:22: 读取文件成功
2017-03-10T04:36:32: 读取文件成功
2017-03-10T04:36:43: 读取文件成功
2017-03-10T04:36:53: 读取文件成功
2017-03-10T04:37:03: 读取文件成功
2017-03-10T04:37:13: 读取文件成功
2017-03-10T04:37:23: 读取文件成功
2017-03-10T04:37:33: 读取文件成功
2017-03-10T04:37:43: 读取文件成功
2017-03-10T04:37:53: 读取文件成功
2017-03-10T04:38:03: 读取文件成功
2017-03-10T04:38:13: 读取文件成功
2017-03-10T04:38:23: 读取文件成功
2017-03-10T04:38:33: 读取文件成功
2017-03-10T04:38:43: 读取文件成功
2017-03-10T04:38:53: 读取文件成功
2017-03-10T04:39:03: 读取文件成功
2017-03-10T04:39:13: 读取文件成功
2017-03-10T04:39:23: 读取文件成功
2017-03-10T04:39:33: 读取文件成功
2017-03-10T04:39:43: 读取文件成功
2017-03-10T04:39:53: 读取文件成功
2017-03-10T04:40:03: 读取文件成功
2017-03-10T04:40:13: 读取文件成功
2017-03-10T04:40:23: 读取文件成功
2017-03-10T04:40:34: 读取文件成功
2017-03-10T04:40:43: 读取文件成功
2017-03-10T04:40:53: 读取文件成功
2017-03-10T04:41:03: 读取文件成功
2017-03-10T04:41:13: 读取文件成功
2017-03-10T04:41:23: 读取文件成功
2017-03-10T04:41:33: 读取文件成功
2017-03-10T04:41:43: 读取文件成功
2017-03-10T04:41:53: 读取文件成功
2017-03-10T04:42:03: 读取文件成功
2017-03-10T04:42:13: 读取文件成功
2017-03-10T04:42:23: 读取文件成功
2017-03-10T04:42:33: 读取文件成功
2017-03-10T04:42:43: 读取文件成功
2017-03-10T04:42:53: 读取文件成功
2017-03-10T04:43:03: 读取文件成功
2017-03-10T04:43:13: 读取文件成功
2017-03-10T04:43:23: 读取文件成功
2017-03-10T04:43:33: 读取文件成功
2017-03-10T04:43:44: 读取文件成功
2017-03-10T04:43:53: 读取文件成功
2017-03-10T04:44:03: 读取文件成功
2017-03-10T04:44:13: 读取文件成功
2017-03-10T04:44:23: 读取文件成功
2017-03-10T04:44:33: 读取文件成功
2017-03-10T04:44:43: 读取文件成功
2017-03-10T04:44:53: 读取文件成功
2017-03-10T04:45:03: 读取文件成功
2017-03-10T04:45:13: 读取文件成功
2017-03-10T04:45:23: 读取文件成功
2017-03-10T04:45:33: 读取文件成功
2017-03-10T04:45:43: 读取文件成功
2017-03-10T04:45:53: 读取文件成功
2017-03-10T04:46:03: 读取文件成功
2017-03-10T04:46:13: 读取文件成功
2017-03-10T04:46:23: 读取文件成功
2017-03-10T04:46:33: 读取文件成功
2017-03-10T04:46:43: 读取文件成功
2017-03-10T04:46:53: 读取文件成功
2017-03-10T04:47:03: 读取文件成功
2017-03-10T04:47:13: 读取文件成功
2017-03-10T04:47:23: 读取文件成功
2017-03-10T04:47:33: 读取文件成功
2017-03-10T04:47:43: 读取文件成功
2017-03-10T04:47:53: 读取文件成功
2017-03-10T04:48:03: 读取文件成功
2017-03-10T04:48:13: 读取文件成功
2017-03-10T04:48:23: 读取文件成功
2017-03-10T04:48:33: 读取文件成功
2017-03-10T04:48:43: 读取文件成功
2017-03-10T04:48:53: 读取文件成功
2017-03-10T04:49:03: 读取文件成功
2017-03-10T04:49:13: 读取文件成功
2017-03-10T04:49:23: 读取文件成功
2017-03-10T04:49:33: 读取文件成功
2017-03-10T04:49:43: 读取文件成功
2017-03-10T04:49:53: 读取文件成功
2017-03-10T04:50:03: 读取文件成功
2017-03-10T04:50:13: 读取文件成功
2017-03-10T04:50:23: 读取文件成功
2017-03-10T04:50:33: 读取文件成功
2017-03-10T04:50:43: 读取文件成功
2017-03-10T04:50:53: 读取文件成功
2017-03-10T04:51:03: 读取文件成功
2017-03-10T04:51:13: 读取文件成功
2017-03-10T04:51:23: 读取文件成功
2017-03-10T04:51:33: 读取文件成功
2017-03-10T04:51:43: 读取文件成功
2017-03-10T04:51:53: 读取文件成功
2017-03-10T04:52:03: 读取文件成功
2017-03-10T04:52:13: 读取文件成功
2017-03-10T04:52:23: 读取文件成功
2017-03-10T04:52:33: 读取文件成功
2017-03-10T04:52:43: 读取文件成功
2017-03-10T04:52:53: 读取文件成功
2017-03-10T04:53:03: 读取文件成功
2017-03-10T04:53:13: 读取文件成功
2017-03-10T04:53:23: 读取文件成功
2017-03-10T04:53:33: 读取文件成功
2017-03-10T04:53:43: 读取文件成功
2017-03-10T04:53:53: 读取文件成功
2017-03-10T04:54:03: 读取文件成功
2017-03-10T04:54:13: 读取文件成功
2017-03-10T04:54:23: 读取文件成功
2017-03-10T04:54:33: 读取文件成功
2017-03-10T04:54:43: 读取文件成功
2017-03-10T04:54:53: 读取文件成功
2017-03-10T04:55:03: 读取文件成功
2017-03-10T04:55:13: 读取文件成功
2017-03-10T04:55:23: 读取文件成功
2017-03-10T04:55:34: 读取文件成功
2017-03-10T04:55:44: 读取文件成功
2017-03-10T04:55:54: 读取文件成功
2017-03-10T04:56:04: 读取文件成功
2017-03-10T04:56:14: 读取文件成功
2017-03-10T04:56:24: 读取文件成功
2017-03-10T04:56:34: 读取文件成功
2017-03-10T04:56:44: 读取文件成功
2017-03-10T04:56:54: 读取文件成功
2017-03-10T04:57:04: 读取文件成功
2017-03-10T04:57:14: 读取文件成功
2017-03-10T04:57:24: 读取文件成功
2017-03-10T04:57:34: 读取文件成功
2017-03-10T04:57:44: 读取文件成功
2017-03-10T04:57:54: 读取文件成功
2017-03-10T04:58:04: 读取文件成功
2017-03-10T04:58:14: 读取文件成功
2017-03-10T04:58:24: 读取文件成功
2017-03-10T04:58:34: 读取文件成功
2017-03-10T04:58:44: 读取文件成功
2017-03-10T04:58:54: 读取文件成功
2017-03-10T04:59:04: 读取文件成功
2017-03-10T04:59:14: 读取文件成功
2017-03-10T04:59:24: 读取文件成功
2017-03-10T04:59:34: 读取文件成功
2017-03-10T04:59:44: 读取文件成功
2017-03-10T04:59:54: 读取文件成功
2017-03-10T05:00:04: 读取文件成功
2017-03-10T05:00:14: 读取文件成功
2017-03-10T05:00:24: 读取文件成功
2017-03-10T05:00:34: 读取文件成功
2017-03-10T05:00:44: 读取文件成功
2017-03-10T05:00:54: 读取文件成功
2017-03-10T05:01:04: 读取文件成功
2017-03-10T05:01:14: 读取文件成功
2017-03-10T05:01:24: 读取文件成功
2017-03-10T05:01:34: 读取文件成功
2017-03-10T05:01:44: 读取文件成功
2017-03-10T05:01:54: 读取文件成功
2017-03-10T05:02:04: 读取文件成功
2017-03-10T05:02:14: 读取文件成功
2017-03-10T05:02:24: 读取文件成功
2017-03-10T05:02:34: 读取文件成功
2017-03-10T05:02:44: 读取文件成功
2017-03-10T05:02:54: 读取文件成功
2017-03-10T05:03:04: 读取文件成功
2017-03-10T05:03:14: 读取文件成功
2017-03-10T05:03:24: 读取文件成功
2017-03-10T05:03:34: 读取文件成功
2017-03-10T05:03:44: 读取文件成功
2017-03-10T05:03:54: 读取文件成功
2017-03-10T05:04:04: 读取文件成功
2017-03-10T05:04:14: 读取文件成功
2017-03-10T05:04:24: 读取文件成功
2017-03-10T05:04:34: 读取文件成功
2017-03-10T05:04:44: 读取文件成功
2017-03-10T05:04:54: 读取文件成功
2017-03-10T05:05:04: 读取文件成功
2017-03-10T05:05:14: 读取文件成功
2017-03-10T05:05:24: 读取文件成功
2017-03-10T05:05:34: 读取文件成功
2017-03-10T05:05:44: 读取文件成功
2017-03-10T05:05:54: 读取文件成功
2017-03-10T05:06:04: 读取文件成功
2017-03-10T05:06:14: 读取文件成功
2017-03-10T05:06:24: 读取文件成功
2017-03-10T05:06:34: 读取文件成功
2017-03-10T05:06:44: 读取文件成功
2017-03-10T05:06:54: 读取文件成功
2017-03-10T05:07:04: 读取文件成功
2017-03-10T05:07:14: 读取文件成功
2017-03-10T05:07:24: 读取文件成功
2017-03-10T05:07:34: 读取文件成功
2017-03-10T05:07:44: 读取文件成功
2017-03-10T05:07:54: 读取文件成功
2017-03-10T05:08:04: 读取文件成功
2017-03-10T05:08:14: 读取文件成功
2017-03-10T05:08:24: 读取文件成功
2017-03-10T05:08:34: 读取文件成功
2017-03-10T05:08:44: 读取文件成功
2017-03-10T05:08:54: 读取文件成功
2017-03-10T05:09:04: 读取文件成功
2017-03-10T05:09:14: 读取文件成功
2017-03-10T05:09:24: 读取文件成功
2017-03-10T05:09:34: 读取文件成功
2017-03-10T05:09:44: 读取文件成功
2017-03-10T05:09:54: 读取文件成功
2017-03-10T05:10:04: 读取文件成功
2017-03-10T05:10:14: 读取文件成功
2017-03-10T05:10:24: 读取文件成功
2017-03-10T05:10:34: 读取文件成功
2017-03-10T05:10:44: 读取文件成功
2017-03-10T05:10:54: 读取文件成功
2017-03-10T05:11:04: 读取文件成功
2017-03-10T05:11:14: 读取文件成功
2017-03-10T05:11:24: 读取文件成功
2017-03-10T05:11:34: 读取文件成功
2017-03-10T05:11:45: 读取文件成功
2017-03-10T05:11:54: 读取文件成功
2017-03-10T05:12:04: 读取文件成功
2017-03-10T05:12:14: 读取文件成功
2017-03-10T05:12:24: 读取文件成功
2017-03-10T05:12:34: 读取文件成功
2017-03-10T05:12:44: 读取文件成功
2017-03-10T05:12:54: 读取文件成功
2017-03-10T05:13:04: 读取文件成功
2017-03-10T05:13:14: 读取文件成功
2017-03-10T05:13:25: 读取文件成功
2017-03-10T05:13:35: 读取文件成功
2017-03-10T05:13:45: 读取文件成功
2017-03-10T05:13:55: 读取文件成功
2017-03-10T05:14:05: 读取文件成功
2017-03-10T05:14:15: 读取文件成功
2017-03-10T05:14:25: 读取文件成功
2017-03-10T05:14:35: 读取文件成功
2017-03-10T05:14:45: 读取文件成功
2017-03-10T05:14:55: 读取文件成功
2017-03-10T05:15:05: 读取文件成功
2017-03-10T05:15:15: 读取文件成功
2017-03-10T05:15:25: 读取文件成功
2017-03-10T05:15:35: 读取文件成功
2017-03-10T05:15:45: 读取文件成功
2017-03-10T05:15:55: 读取文件成功
2017-03-10T05:16:05: 读取文件成功
2017-03-10T05:16:15: 读取文件成功
2017-03-10T05:16:25: 读取文件成功
2017-03-10T05:16:35: 读取文件成功
2017-03-10T05:16:45: 读取文件成功
2017-03-10T05:16:55: 读取文件成功
2017-03-10T05:17:05: 读取文件成功
2017-03-10T05:17:15: 读取文件成功
2017-03-10T05:17:25: 读取文件成功
2017-03-10T05:17:35: 读取文件成功
2017-03-10T05:17:45: 读取文件成功
2017-03-10T05:17:55: 读取文件成功
2017-03-10T05:18:05: 读取文件成功
2017-03-10T05:18:15: 读取文件成功
2017-03-10T05:18:25: 读取文件成功
2017-03-10T05:18:35: 读取文件成功
2017-03-10T05:18:45: 读取文件成功
2017-03-10T05:18:55: 读取文件成功
2017-03-10T05:19:05: 读取文件成功
2017-03-10T05:19:15: 读取文件成功
2017-03-10T05:19:25: 读取文件成功
2017-03-10T05:19:35: 读取文件成功
2017-03-10T05:19:45: 读取文件成功
2017-03-10T05:19:55: 读取文件成功
2017-03-10T05:20:05: 读取文件成功
2017-03-10T05:20:15: 读取文件成功
2017-03-10T05:20:25: 读取文件成功
2017-03-10T05:20:35: 读取文件成功
2017-03-10T05:20:45: 读取文件成功
2017-03-10T05:20:55: 读取文件成功
2017-03-10T05:21:05: 读取文件成功
2017-03-10T05:21:15: 读取文件成功
2017-03-10T05:21:25: 读取文件成功
2017-03-10T05:21:35: 读取文件成功
2017-03-10T05:21:45: 读取文件成功
2017-03-10T05:21:55: 读取文件成功
2017-03-10T05:22:05: 读取文件成功
2017-03-10T05:22:15: 读取文件成功
2017-03-10T05:22:25: 读取文件成功
2017-03-10T05:22:35: 读取文件成功
2017-03-10T05:22:45: 读取文件成功
2017-03-10T05:22:55: 读取文件成功
2017-03-10T05:23:05: 读取文件成功
2017-03-10T05:23:15: 读取文件成功
2017-03-10T05:23:25: 读取文件成功
2017-03-10T05:23:35: 读取文件成功
2017-03-10T05:23:45: 读取文件成功
2017-03-10T05:23:55: 读取文件成功
2017-03-10T05:24:05: 读取文件成功
2017-03-10T05:24:15: 读取文件成功
2017-03-10T05:24:25: 读取文件成功
2017-03-10T05:24:35: 读取文件成功
2017-03-10T05:24:45: 读取文件成功
2017-03-10T05:24:55: 读取文件成功
2017-03-10T05:25:05: 读取文件成功
2017-03-10T05:25:15: 读取文件成功
2017-03-10T05:25:25: 读取文件成功
2017-03-10T05:25:35: 读取文件成功
2017-03-10T05:25:45: 读取文件成功
2017-03-10T05:25:55: 读取文件成功
2017-03-10T05:26:05: 读取文件成功
2017-03-10T05:26:15: 读取文件成功
2017-03-10T05:26:25: 读取文件成功
2017-03-10T05:26:35: 读取文件成功
2017-03-10T05:26:45: 读取文件成功
2017-03-10T05:26:55: 读取文件成功
2017-03-10T05:27:05: 读取文件成功
2017-03-10T05:27:15: 读取文件成功
2017-03-10T05:27:25: 读取文件成功
2017-03-10T05:27:35: 读取文件成功
2017-03-10T05:27:45: 读取文件成功
2017-03-10T05:27:55: 读取文件成功
2017-03-10T05:28:05: 读取文件成功
2017-03-10T05:28:15: 读取文件成功
2017-03-10T05:28:25: 读取文件成功
2017-03-10T05:28:35: 读取文件成功
2017-03-10T05:28:45: 读取文件成功
2017-03-10T05:28:55: 读取文件成功
2017-03-10T05:29:05: 读取文件成功
2017-03-10T05:29:15: 读取文件成功
2017-03-10T05:29:25: 读取文件成功
2017-03-10T05:29:35: 读取文件成功
2017-03-10T05:29:45: 读取文件成功
2017-03-10T05:29:55: 读取文件成功
2017-03-10T05:30:05: 读取文件成功
2017-03-10T05:30:15: 读取文件成功
2017-03-10T05:30:25: 读取文件成功
2017-03-10T05:30:35: 读取文件成功
2017-03-10T05:30:45: 读取文件成功
2017-03-10T05:30:55: 读取文件成功
2017-03-10T05:31:05: 读取文件成功
2017-03-10T05:31:15: 读取文件成功
2017-03-10T05:31:25: 读取文件成功
2017-03-10T05:31:35: 读取文件成功
2017-03-10T05:31:45: 读取文件成功
2017-03-10T05:31:56: 读取文件成功
2017-03-10T05:32:05: 读取文件成功
2017-03-10T05:32:16: 读取文件成功
2017-03-10T05:32:26: 读取文件成功
2017-03-10T05:32:36: 读取文件成功
2017-03-10T05:32:46: 读取文件成功
2017-03-10T05:32:56: 读取文件成功
2017-03-10T05:33:06: 读取文件成功
2017-03-10T05:33:16: 读取文件成功
2017-03-10T05:33:26: 读取文件成功
2017-03-10T05:33:36: 读取文件成功
2017-03-10T05:33:46: 读取文件成功
2017-03-10T05:33:56: 读取文件成功
2017-03-10T05:34:06: 读取文件成功
2017-03-10T05:34:16: 读取文件成功
2017-03-10T05:34:26: 读取文件成功
2017-03-10T05:34:36: 读取文件成功
2017-03-10T05:34:46: 读取文件成功
2017-03-10T05:34:56: 读取文件成功
2017-03-10T05:35:06: 读取文件成功
2017-03-10T05:35:16: 读取文件成功
2017-03-10T05:35:26: 读取文件成功
2017-03-10T05:35:36: 读取文件成功
2017-03-10T05:35:46: 读取文件成功
2017-03-10T05:35:56: 读取文件成功
2017-03-10T05:36:06: 读取文件成功
2017-03-10T05:36:16: 读取文件成功
2017-03-10T05:36:26: 读取文件成功
2017-03-10T05:36:36: 读取文件成功
2017-03-10T05:36:46: 读取文件成功
2017-03-10T05:36:56: 读取文件成功
2017-03-10T05:37:06: 读取文件成功
2017-03-10T05:37:16: 读取文件成功
2017-03-10T05:37:26: 读取文件成功
2017-03-10T05:37:36: 读取文件成功
2017-03-10T05:37:46: 读取文件成功
2017-03-10T05:37:56: 读取文件成功
2017-03-10T05:38:06: 读取文件成功
2017-03-10T05:38:16: 读取文件成功
2017-03-10T05:38:26: 读取文件成功
2017-03-10T05:38:36: 读取文件成功
2017-03-10T05:38:46: 读取文件成功
2017-03-10T05:38:56: 读取文件成功
2017-03-10T05:39:06: 读取文件成功
2017-03-10T05:39:16: 读取文件成功
2017-03-10T05:39:26: 读取文件成功
2017-03-10T05:39:36: 读取文件成功
2017-03-10T05:39:46: 读取文件成功
2017-03-10T05:39:56: 读取文件成功
2017-03-10T05:40:06: 读取文件成功
2017-03-10T05:40:16: 读取文件成功
2017-03-10T05:40:26: 读取文件成功
2017-03-10T05:40:36: 读取文件成功
2017-03-10T05:40:46: 读取文件成功
2017-03-10T05:40:56: 读取文件成功
2017-03-10T05:41:06: 读取文件成功
2017-03-10T05:41:16: 读取文件成功
2017-03-10T05:41:26: 读取文件成功
2017-03-10T05:41:36: 读取文件成功
2017-03-10T05:41:46: 读取文件成功
2017-03-10T05:41:56: 读取文件成功
2017-03-10T05:42:06: 读取文件成功
2017-03-10T05:42:16: 读取文件成功
2017-03-10T05:42:26: 读取文件成功
2017-03-10T05:42:36: 读取文件成功
2017-03-10T05:42:46: 读取文件成功
2017-03-10T05:42:56: 读取文件成功
2017-03-10T05:43:06: 读取文件成功
2017-03-10T05:43:16: 读取文件成功
2017-03-10T05:43:26: 读取文件成功
2017-03-10T05:43:36: 读取文件成功
2017-03-10T05:43:46: 读取文件成功
2017-03-10T05:43:56: 读取文件成功
2017-03-10T05:44:06: 读取文件成功
2017-03-10T05:44:16: 读取文件成功
2017-03-10T05:44:26: 读取文件成功
2017-03-10T05:44:36: 读取文件成功
2017-03-10T05:44:46: 读取文件成功
2017-03-10T05:44:56: 读取文件成功
2017-03-10T05:45:06: 读取文件成功
2017-03-10T05:45:16: 读取文件成功
2017-03-10T05:45:26: 读取文件成功
2017-03-10T05:45:36: 读取文件成功
2017-03-10T05:45:46: 读取文件成功
2017-03-10T05:45:56: 读取文件成功
2017-03-10T05:46:06: 读取文件成功
2017-03-10T05:46:16: 读取文件成功
2017-03-10T05:46:26: 读取文件成功
2017-03-10T05:46:36: 读取文件成功
2017-03-10T05:46:46: 读取文件成功
2017-03-10T05:46:56: 读取文件成功
2017-03-10T05:47:06: 读取文件成功
2017-03-10T05:47:16: 读取文件成功
2017-03-10T05:47:26: 读取文件成功
2017-03-10T05:47:36: 读取文件成功
2017-03-10T05:47:46: 读取文件成功
2017-03-10T05:47:56: 读取文件成功
2017-03-10T05:48:06: 读取文件成功
2017-03-10T05:48:16: 读取文件成功
2017-03-10T05:48:26: 读取文件成功
2017-03-10T05:48:36: 读取文件成功
2017-03-10T05:48:46: 读取文件成功
2017-03-10T05:48:56: 读取文件成功
2017-03-10T05:49:06: 读取文件成功
2017-03-10T05:49:16: 读取文件成功
2017-03-10T05:49:26: 读取文件成功
2017-03-10T05:49:36: 读取文件成功
2017-03-10T05:49:46: 读取文件成功
2017-03-10T05:49:56: 读取文件成功
2017-03-10T05:50:06: 读取文件成功
2017-03-10T05:50:16: 读取文件成功
2017-03-10T05:50:26: 读取文件成功
2017-03-10T05:50:36: 读取文件成功
2017-03-10T05:50:46: 读取文件成功
2017-03-10T05:50:56: 读取文件成功
2017-03-10T05:51:06: 读取文件成功
2017-03-10T05:51:16: 读取文件成功
2017-03-10T05:51:26: 读取文件成功
2017-03-10T05:51:36: 读取文件成功
2017-03-10T05:51:46: 读取文件成功
2017-03-10T05:51:56: 读取文件成功
2017-03-10T05:52:06: 读取文件成功
2017-03-10T05:52:16: 读取文件成功
2017-03-10T05:52:27: 读取文件成功
2017-03-10T05:52:36: 读取文件成功
2017-03-10T05:52:47: 读取文件成功
2017-03-10T05:52:57: 读取文件成功
2017-03-10T05:53:07: 读取文件成功
2017-03-10T05:53:17: 读取文件成功
2017-03-10T05:53:27: 读取文件成功
2017-03-10T05:53:37: 读取文件成功
2017-03-10T05:53:47: 读取文件成功
2017-03-10T05:53:57: 读取文件成功
2017-03-10T05:54:07: 读取文件成功
2017-03-10T05:54:17: 读取文件成功
2017-03-10T05:54:27: 读取文件成功
2017-03-10T05:54:37: 读取文件成功
2017-03-10T05:54:47: 读取文件成功
2017-03-10T05:54:57: 读取文件成功
2017-03-10T05:55:07: 读取文件成功
2017-03-10T05:55:17: 读取文件成功
2017-03-10T05:55:27: 读取文件成功
2017-03-10T05:55:37: 读取文件成功
2017-03-10T05:55:47: 读取文件成功
2017-03-10T05:55:57: 读取文件成功
2017-03-10T05:56:07: 读取文件成功
2017-03-10T05:56:17: 读取文件成功
2017-03-10T05:56:27: 读取文件成功
2017-03-10T05:56:37: 读取文件成功
2017-03-10T05:56:47: 读取文件成功
2017-03-10T05:56:57: 读取文件成功
2017-03-10T05:57:07: 读取文件成功
2017-03-10T05:57:17: 读取文件成功
2017-03-10T05:57:27: 读取文件成功
2017-03-10T05:57:37: 读取文件成功
2017-03-10T05:57:47: 读取文件成功
2017-03-10T05:57:57: 读取文件成功
2017-03-10T05:58:07: 读取文件成功
2017-03-10T05:58:17: 读取文件成功
2017-03-10T05:58:27: 读取文件成功
2017-03-10T05:58:37: 读取文件成功
2017-03-10T05:58:47: 读取文件成功
2017-03-10T05:58:57: 读取文件成功
2017-03-10T05:59:07: 读取文件成功
2017-03-10T05:59:17: 读取文件成功
2017-03-10T05:59:27: 读取文件成功
2017-03-10T05:59:37: 读取文件成功
2017-03-10T05:59:47: 读取文件成功
2017-03-10T05:59:57: 读取文件成功
2017-03-10T06:00:07: 读取文件成功
2017-03-10T06:00:17: 读取文件成功
2017-03-10T06:00:27: 读取文件成功
2017-03-10T06:00:37: 读取文件成功
2017-03-10T06:00:47: 读取文件成功
2017-03-10T06:00:57: 读取文件成功
2017-03-10T06:01:07: 读取文件成功
2017-03-10T06:01:17: 读取文件成功
2017-03-10T06:01:27: 读取文件成功
2017-03-10T06:01:37: 读取文件成功
2017-03-10T06:01:47: 读取文件成功
2017-03-10T06:01:57: 读取文件成功
2017-03-10T06:02:07: 读取文件成功
2017-03-10T06:02:17: 读取文件成功
2017-03-10T06:02:27: 读取文件成功
2017-03-10T06:02:37: 读取文件成功
2017-03-10T06:02:47: 读取文件成功
2017-03-10T06:02:57: 读取文件成功
2017-03-10T06:03:07: 读取文件成功
2017-03-10T06:03:17: 读取文件成功
2017-03-10T06:03:27: 读取文件成功
2017-03-10T06:03:37: 读取文件成功
2017-03-10T06:03:47: 读取文件成功
2017-03-10T06:03:57: 读取文件成功
2017-03-10T06:04:07: 读取文件成功
2017-03-10T06:04:17: 读取文件成功
2017-03-10T06:04:27: 读取文件成功
2017-03-10T06:04:37: 读取文件成功
2017-03-10T06:04:47: 读取文件成功
2017-03-10T06:04:57: 读取文件成功
2017-03-10T06:05:07: 读取文件成功
2017-03-10T06:05:17: 读取文件成功
2017-03-10T06:05:27: 读取文件成功
2017-03-10T06:05:37: 读取文件成功
2017-03-10T06:05:47: 读取文件成功
2017-03-10T06:05:57: 读取文件成功
2017-03-10T06:06:07: 读取文件成功
2017-03-10T06:06:17: 读取文件成功
2017-03-10T06:06:27: 读取文件成功
2017-03-10T06:06:37: 读取文件成功
2017-03-10T06:06:47: 读取文件成功
2017-03-10T06:06:57: 读取文件成功
2017-03-10T06:07:07: 读取文件成功
2017-03-10T06:07:17: 读取文件成功
2017-03-10T06:07:27: 读取文件成功
2017-03-10T06:07:37: 读取文件成功
2017-03-10T06:07:47: 读取文件成功
2017-03-10T06:07:57: 读取文件成功
2017-03-10T06:08:07: 读取文件成功
2017-03-10T06:08:17: 读取文件成功
2017-03-10T06:08:27: 读取文件成功
2017-03-10T06:08:37: 读取文件成功
2017-03-10T06:08:47: 读取文件成功
2017-03-10T06:08:57: 读取文件成功
2017-03-10T06:09:07: 读取文件成功
2017-03-10T06:09:17: 读取文件成功
2017-03-10T06:09:27: 读取文件成功
2017-03-10T06:09:37: 读取文件成功
2017-03-10T06:09:47: 读取文件成功
2017-03-10T06:09:57: 读取文件成功
2017-03-10T06:10:07: 读取文件成功
2017-03-10T06:10:17: 读取文件成功
2017-03-10T06:10:27: 读取文件成功
2017-03-10T06:10:37: 读取文件成功
2017-03-10T06:10:47: 读取文件成功
2017-03-10T06:10:57: 读取文件成功
2017-03-10T06:11:07: 读取文件成功
2017-03-10T06:11:17: 读取文件成功
2017-03-10T06:11:27: 读取文件成功
2017-03-10T06:11:37: 读取文件成功
2017-03-10T06:11:47: 读取文件成功
2017-03-10T06:11:58: 读取文件成功
2017-03-10T06:12:07: 读取文件成功
2017-03-10T06:12:17: 读取文件成功
2017-03-10T06:12:28: 读取文件成功
2017-03-10T06:12:37: 读取文件成功
2017-03-10T06:12:48: 读取文件成功
2017-03-10T06:12:58: 读取文件成功
2017-03-10T06:13:08: 读取文件成功
2017-03-10T06:13:18: 读取文件成功
2017-03-10T06:13:28: 读取文件成功
2017-03-10T06:13:38: 读取文件成功
2017-03-10T06:13:48: 读取文件成功
2017-03-10T06:13:58: 读取文件成功
2017-03-10T06:14:08: 读取文件成功
2017-03-10T06:14:18: 读取文件成功
2017-03-10T06:14:28: 读取文件成功
2017-03-10T06:14:38: 读取文件成功
2017-03-10T06:14:48: 读取文件成功
2017-03-10T06:14:58: 读取文件成功
2017-03-10T06:15:08: 读取文件成功
2017-03-10T06:15:18: 读取文件成功
2017-03-10T06:15:28: 读取文件成功
2017-03-10T06:15:38: 读取文件成功
2017-03-10T06:15:48: 读取文件成功
2017-03-10T06:15:58: 读取文件成功
2017-03-10T06:16:08: 读取文件成功
2017-03-10T06:16:18: 读取文件成功
2017-03-10T06:16:28: 读取文件成功
2017-03-10T06:16:38: 读取文件成功
2017-03-10T06:16:48: 读取文件成功
2017-03-10T06:16:59: 读取文件成功
2017-03-10T06:17:08: 读取文件成功
2017-03-10T06:17:18: 读取文件成功
2017-03-10T06:17:29: 读取文件成功
2017-03-10T06:17:38: 读取文件成功
2017-03-10T06:17:48: 读取文件成功
2017-03-10T06:17:58: 读取文件成功
2017-03-10T06:18:08: 读取文件成功
2017-03-10T06:18:18: 读取文件成功
2017-03-10T06:18:28: 读取文件成功
2017-03-10T06:18:38: 读取文件成功
2017-03-10T06:18:48: 读取文件成功
2017-03-10T06:18:58: 读取文件成功
2017-03-10T06:19:08: 读取文件成功
2017-03-10T06:19:18: 读取文件成功
2017-03-10T06:19:28: 读取文件成功
2017-03-10T06:19:38: 读取文件成功
2017-03-10T06:19:48: 读取文件成功
2017-03-10T06:19:58: 读取文件成功
2017-03-10T06:20:08: 读取文件成功
2017-03-10T06:20:18: 读取文件成功
2017-03-10T06:20:28: 读取文件成功
2017-03-10T06:20:38: 读取文件成功
2017-03-10T06:20:48: 读取文件成功
2017-03-10T06:20:58: 读取文件成功
2017-03-10T06:21:08: 读取文件成功
2017-03-10T06:21:18: 读取文件成功
2017-03-10T06:21:28: 读取文件成功
2017-03-10T06:21:38: 读取文件成功
2017-03-10T06:21:48: 读取文件成功
2017-03-10T06:21:58: 读取文件成功
2017-03-10T06:22:08: 读取文件成功
2017-03-10T06:22:18: 读取文件成功
2017-03-10T06:22:28: 读取文件成功
2017-03-10T06:22:38: 读取文件成功
2017-03-10T06:22:48: 读取文件成功
2017-03-10T06:22:58: 读取文件成功
2017-03-10T06:23:08: 读取文件成功
2017-03-10T06:23:18: 读取文件成功
2017-03-10T06:23:28: 读取文件成功
2017-03-10T06:23:38: 读取文件成功
2017-03-10T06:23:48: 读取文件成功
2017-03-10T06:23:58: 读取文件成功
2017-03-10T06:24:08: 读取文件成功
2017-03-10T06:24:18: 读取文件成功
2017-03-10T06:24:28: 读取文件成功
2017-03-10T06:24:38: 读取文件成功
2017-03-10T06:24:48: 读取文件成功
2017-03-10T06:24:58: 读取文件成功
2017-03-10T06:25:08: 读取文件成功
2017-03-10T06:25:18: 读取文件成功
2017-03-10T06:25:28: 读取文件成功
2017-03-10T06:25:38: 读取文件成功
2017-03-10T06:25:48: 读取文件成功
2017-03-10T06:25:58: 读取文件成功
2017-03-10T06:26:08: 读取文件成功
2017-03-10T06:26:18: 读取文件成功
2017-03-10T06:26:28: 读取文件成功
2017-03-10T06:26:38: 读取文件成功
2017-03-10T06:26:48: 读取文件成功
2017-03-10T06:26:58: 读取文件成功
2017-03-10T06:27:08: 读取文件成功
2017-03-10T06:27:18: 读取文件成功
2017-03-10T06:27:28: 读取文件成功
2017-03-10T06:27:38: 读取文件成功
2017-03-10T06:27:48: 读取文件成功
2017-03-10T06:27:58: 读取文件成功
2017-03-10T06:28:08: 读取文件成功
2017-03-10T06:28:18: 读取文件成功
2017-03-10T06:28:28: 读取文件成功
2017-03-10T06:28:39: 读取文件成功
2017-03-10T06:28:48: 读取文件成功
2017-03-10T06:28:58: 读取文件成功
2017-03-10T06:29:08: 读取文件成功
2017-03-10T06:29:18: 读取文件成功
2017-03-10T06:29:28: 读取文件成功
2017-03-10T06:29:38: 读取文件成功
2017-03-10T06:29:48: 读取文件成功
2017-03-10T06:29:59: 读取文件成功
2017-03-10T06:30:08: 读取文件成功
2017-03-10T06:30:18: 读取文件成功
2017-03-10T06:30:28: 读取文件成功
2017-03-10T06:30:38: 读取文件成功
2017-03-10T06:30:48: 读取文件成功
2017-03-10T06:30:58: 读取文件成功
2017-03-10T06:31:09: 读取文件成功
2017-03-10T06:31:19: 读取文件成功
2017-03-10T06:31:29: 读取文件成功
2017-03-10T06:31:39: 读取文件成功
2017-03-10T06:31:49: 读取文件成功
2017-03-10T06:31:59: 读取文件成功
2017-03-10T06:32:09: 读取文件成功
2017-03-10T06:32:19: 读取文件成功
2017-03-10T06:32:29: 读取文件成功
2017-03-10T06:32:39: 读取文件成功
2017-03-10T06:32:49: 读取文件成功
2017-03-10T06:32:59: 读取文件成功
2017-03-10T06:33:09: 读取文件成功
2017-03-10T06:33:19: 读取文件成功
2017-03-10T06:33:29: 读取文件成功
2017-03-10T06:33:39: 读取文件成功
2017-03-10T06:33:49: 读取文件成功
2017-03-10T06:33:59: 读取文件成功
2017-03-10T06:34:09: 读取文件成功
2017-03-10T06:34:19: 读取文件成功
2017-03-10T06:34:29: 读取文件成功
2017-03-10T06:34:39: 读取文件成功
2017-03-10T06:34:49: 读取文件成功
2017-03-10T06:34:59: 读取文件成功
2017-03-10T06:35:09: 读取文件成功
2017-03-10T06:35:19: 读取文件成功
2017-03-10T06:35:29: 读取文件成功
2017-03-10T06:35:39: 读取文件成功
2017-03-10T06:35:49: 读取文件成功
2017-03-10T06:35:59: 读取文件成功
2017-03-10T06:36:09: 读取文件成功
2017-03-10T06:36:19: 读取文件成功
2017-03-10T06:36:29: 读取文件成功
2017-03-10T06:36:39: 读取文件成功
2017-03-10T06:36:49: 读取文件成功
2017-03-10T06:36:59: 读取文件成功
2017-03-10T06:37:09: 读取文件成功
2017-03-10T06:37:19: 读取文件成功
2017-03-10T06:37:29: 读取文件成功
2017-03-10T06:37:39: 读取文件成功
2017-03-10T06:37:49: 读取文件成功
2017-03-10T06:37:59: 读取文件成功
2017-03-10T06:38:09: 读取文件成功
2017-03-10T06:38:19: 读取文件成功
2017-03-10T06:38:29: 读取文件成功
2017-03-10T06:38:39: 读取文件成功
2017-03-10T06:38:49: 读取文件成功
2017-03-10T06:38:59: 读取文件成功
2017-03-10T06:39:09: 读取文件成功
2017-03-10T06:39:19: 读取文件成功
2017-03-10T06:39:29: 读取文件成功
2017-03-10T06:39:39: 读取文件成功
2017-03-10T06:39:49: 读取文件成功
2017-03-10T06:39:59: 读取文件成功
2017-03-10T06:40:09: 读取文件成功
2017-03-10T06:40:19: 读取文件成功
2017-03-10T06:40:29: 读取文件成功
2017-03-10T06:40:39: 读取文件成功
2017-03-10T06:40:49: 读取文件成功
2017-03-10T06:40:59: 读取文件成功
2017-03-10T06:41:09: 读取文件成功
2017-03-10T06:41:19: 读取文件成功
2017-03-10T06:41:29: 读取文件成功
2017-03-10T06:41:39: 读取文件成功
2017-03-10T06:41:49: 读取文件成功
2017-03-10T06:41:59: 读取文件成功
2017-03-10T06:42:09: 读取文件成功
2017-03-10T06:42:19: 读取文件成功
2017-03-10T06:42:29: 读取文件成功
2017-03-10T06:42:39: 读取文件成功
2017-03-10T06:42:49: 读取文件成功
2017-03-10T06:42:59: 读取文件成功
2017-03-10T06:43:09: 读取文件成功
2017-03-10T06:43:19: 读取文件成功
2017-03-10T06:43:29: 读取文件成功
2017-03-10T06:43:39: 读取文件成功
2017-03-10T06:43:49: 读取文件成功
2017-03-10T06:43:59: 读取文件成功
2017-03-10T06:44:09: 读取文件成功
2017-03-10T06:44:19: 读取文件成功
2017-03-10T06:44:29: 读取文件成功
2017-03-10T06:44:39: 读取文件成功
2017-03-10T06:44:49: 读取文件成功
2017-03-10T06:44:59: 读取文件成功
2017-03-10T06:45:09: 读取文件成功
2017-03-10T06:45:19: 读取文件成功
2017-03-10T06:45:29: 读取文件成功
2017-03-10T06:45:39: 读取文件成功
2017-03-10T06:45:49: 读取文件成功
2017-03-10T06:45:59: 读取文件成功
2017-03-10T06:46:09: 读取文件成功
2017-03-10T06:46:19: 读取文件成功
2017-03-10T06:46:29: 读取文件成功
2017-03-10T06:46:39: 读取文件成功
2017-03-10T06:46:49: 读取文件成功
2017-03-10T06:46:59: 读取文件成功
2017-03-10T06:47:09: 读取文件成功
2017-03-10T06:47:19: 读取文件成功
2017-03-10T06:47:29: 读取文件成功
2017-03-10T06:47:39: 读取文件成功
2017-03-10T06:47:49: 读取文件成功
2017-03-10T06:47:59: 读取文件成功
2017-03-10T06:48:09: 读取文件成功
2017-03-10T06:48:19: 读取文件成功
2017-03-10T06:48:29: 读取文件成功
2017-03-10T06:48:39: 读取文件成功
2017-03-10T06:48:49: 读取文件成功
2017-03-10T06:48:59: 读取文件成功
2017-03-10T06:49:09: 读取文件成功
2017-03-10T06:49:19: 读取文件成功
2017-03-10T06:49:29: 读取文件成功
2017-03-10T06:49:39: 读取文件成功
2017-03-10T06:49:49: 读取文件成功
2017-03-10T06:49:59: 读取文件成功
2017-03-10T06:50:09: 读取文件成功
2017-03-10T06:50:21: 读取文件成功
2017-03-10T06:50:29: 读取文件成功
2017-03-10T06:50:39: 读取文件成功
2017-03-10T06:50:49: 读取文件成功
2017-03-10T06:50:59: 读取文件成功
2017-03-10T06:51:09: 读取文件成功
2017-03-10T06:51:19: 读取文件成功
2017-03-10T06:51:29: 读取文件成功
2017-03-10T06:51:39: 读取文件成功
2017-03-10T06:51:49: 读取文件成功
2017-03-10T06:51:59: 读取文件成功
2017-03-10T06:52:10: 读取文件成功
2017-03-10T06:52:20: 读取文件成功
2017-03-10T06:52:30: 读取文件成功
2017-03-10T06:52:40: 读取文件成功
2017-03-10T06:52:50: 读取文件成功
2017-03-10T06:53:00: 读取文件成功
2017-03-10T06:53:10: 读取文件成功
2017-03-10T06:53:20: 读取文件成功
2017-03-10T06:53:30: 读取文件成功
2017-03-10T06:53:40: 读取文件成功
2017-03-10T06:53:50: 读取文件成功
2017-03-10T06:54:00: 读取文件成功
2017-03-10T06:54:10: 读取文件成功
2017-03-10T06:54:20: 读取文件成功
2017-03-10T06:54:30: 读取文件成功
2017-03-10T06:54:40: 读取文件成功
2017-03-10T06:54:50: 读取文件成功
2017-03-10T06:55:00: 读取文件成功
2017-03-10T06:55:10: 读取文件成功
2017-03-10T06:55:20: 读取文件成功
2017-03-10T06:55:30: 读取文件成功
2017-03-10T06:55:41: 读取文件成功
2017-03-10T06:55:50: 读取文件成功
2017-03-10T06:56:00: 读取文件成功
2017-03-10T06:56:11: 读取文件成功
2017-03-10T06:56:20: 读取文件成功
2017-03-10T06:56:30: 读取文件成功
2017-03-10T06:56:40: 读取文件成功
2017-03-10T06:56:50: 读取文件成功
2017-03-10T06:57:00: 读取文件成功
2017-03-10T06:57:10: 读取文件成功
2017-03-10T06:57:20: 读取文件成功
2017-03-10T06:57:30: 读取文件成功
2017-03-10T06:57:40: 读取文件成功
2017-03-10T06:57:50: 读取文件成功
2017-03-10T06:58:00: 读取文件成功
2017-03-10T06:58:10: 读取文件成功
2017-03-10T06:58:20: 读取文件成功
2017-03-10T06:58:30: 读取文件成功
2017-03-10T06:58:40: 读取文件成功
2017-03-10T06:58:50: 读取文件成功
2017-03-10T06:59:00: 读取文件成功
2017-03-10T06:59:10: 读取文件成功
