2017-02-03T00:00:02: 非记录时间：2017-02-03T00:00:02+08:00
2017-02-03T00:00:12: 非记录时间：2017-02-03T00:00:12+08:00
2017-02-03T00:00:22: 非记录时间：2017-02-03T00:00:22+08:00
2017-02-03T00:00:32: 非记录时间：2017-02-03T00:00:32+08:00
2017-02-03T00:00:42: 非记录时间：2017-02-03T00:00:42+08:00
2017-02-03T00:00:52: 非记录时间：2017-02-03T00:00:52+08:00
2017-02-03T00:01:02: 非记录时间：2017-02-03T00:01:02+08:00
2017-02-03T00:01:12: 非记录时间：2017-02-03T00:01:12+08:00
2017-02-03T00:01:22: 非记录时间：2017-02-03T00:01:22+08:00
2017-02-03T00:01:32: 非记录时间：2017-02-03T00:01:32+08:00
2017-02-03T00:01:42: 非记录时间：2017-02-03T00:01:42+08:00
2017-02-03T00:01:52: 非记录时间：2017-02-03T00:01:52+08:00
2017-02-03T00:02:02: 非记录时间：2017-02-03T00:02:02+08:00
2017-02-03T00:02:12: 非记录时间：2017-02-03T00:02:12+08:00
2017-02-03T00:02:22: 非记录时间：2017-02-03T00:02:22+08:00
2017-02-03T00:02:32: 非记录时间：2017-02-03T00:02:32+08:00
2017-02-03T00:02:42: 非记录时间：2017-02-03T00:02:42+08:00
2017-02-03T00:02:52: 非记录时间：2017-02-03T00:02:52+08:00
2017-02-03T00:03:02: 非记录时间：2017-02-03T00:03:02+08:00
2017-02-03T00:03:12: 非记录时间：2017-02-03T00:03:12+08:00
2017-02-03T00:03:22: 非记录时间：2017-02-03T00:03:22+08:00
2017-02-03T00:03:32: 非记录时间：2017-02-03T00:03:32+08:00
2017-02-03T00:03:42: 非记录时间：2017-02-03T00:03:42+08:00
2017-02-03T00:03:52: 非记录时间：2017-02-03T00:03:52+08:00
2017-02-03T00:04:02: 非记录时间：2017-02-03T00:04:02+08:00
2017-02-03T00:04:12: 非记录时间：2017-02-03T00:04:12+08:00
2017-02-03T00:04:22: 非记录时间：2017-02-03T00:04:22+08:00
2017-02-03T00:04:32: 非记录时间：2017-02-03T00:04:32+08:00
2017-02-03T00:04:42: 非记录时间：2017-02-03T00:04:42+08:00
2017-02-03T00:04:52: 非记录时间：2017-02-03T00:04:52+08:00
2017-02-03T00:05:02: 非记录时间：2017-02-03T00:05:02+08:00
2017-02-03T00:05:12: 非记录时间：2017-02-03T00:05:12+08:00
2017-02-03T00:05:22: 非记录时间：2017-02-03T00:05:22+08:00
2017-02-03T00:05:32: 非记录时间：2017-02-03T00:05:32+08:00
2017-02-03T00:05:42: 非记录时间：2017-02-03T00:05:42+08:00
2017-02-03T00:05:52: 非记录时间：2017-02-03T00:05:52+08:00
2017-02-03T00:06:02: 非记录时间：2017-02-03T00:06:02+08:00
2017-02-03T00:06:12: 非记录时间：2017-02-03T00:06:12+08:00
2017-02-03T00:06:22: 非记录时间：2017-02-03T00:06:22+08:00
2017-02-03T00:06:33: 非记录时间：2017-02-03T00:06:32+08:00
2017-02-03T00:06:43: 非记录时间：2017-02-03T00:06:43+08:00
2017-02-03T00:06:53: 非记录时间：2017-02-03T00:06:53+08:00
2017-02-03T00:07:03: 非记录时间：2017-02-03T00:07:03+08:00
2017-02-03T00:07:13: 非记录时间：2017-02-03T00:07:13+08:00
2017-02-03T00:07:23: 非记录时间：2017-02-03T00:07:23+08:00
2017-02-03T00:07:33: 非记录时间：2017-02-03T00:07:33+08:00
2017-02-03T00:07:43: 非记录时间：2017-02-03T00:07:43+08:00
2017-02-03T00:07:53: 非记录时间：2017-02-03T00:07:53+08:00
2017-02-03T00:08:03: 非记录时间：2017-02-03T00:08:03+08:00
2017-02-03T00:08:13: 非记录时间：2017-02-03T00:08:13+08:00
2017-02-03T00:08:23: 非记录时间：2017-02-03T00:08:23+08:00
2017-02-03T00:08:33: 非记录时间：2017-02-03T00:08:33+08:00
2017-02-03T00:08:43: 非记录时间：2017-02-03T00:08:43+08:00
2017-02-03T00:08:53: 非记录时间：2017-02-03T00:08:53+08:00
2017-02-03T00:09:03: 非记录时间：2017-02-03T00:09:03+08:00
2017-02-03T00:09:13: 非记录时间：2017-02-03T00:09:13+08:00
2017-02-03T00:09:23: 非记录时间：2017-02-03T00:09:23+08:00
2017-02-03T00:09:33: 非记录时间：2017-02-03T00:09:33+08:00
2017-02-03T00:09:43: 非记录时间：2017-02-03T00:09:43+08:00
2017-02-03T00:09:53: 非记录时间：2017-02-03T00:09:53+08:00
2017-02-03T00:10:03: 非记录时间：2017-02-03T00:10:03+08:00
2017-02-03T00:10:13: 非记录时间：2017-02-03T00:10:13+08:00
2017-02-03T00:10:23: 非记录时间：2017-02-03T00:10:23+08:00
2017-02-03T00:10:33: 非记录时间：2017-02-03T00:10:33+08:00
2017-02-03T00:10:43: 非记录时间：2017-02-03T00:10:43+08:00
2017-02-03T00:10:53: 非记录时间：2017-02-03T00:10:53+08:00
2017-02-03T00:11:03: 非记录时间：2017-02-03T00:11:03+08:00
2017-02-03T00:11:13: 非记录时间：2017-02-03T00:11:13+08:00
2017-02-03T00:11:23: 非记录时间：2017-02-03T00:11:23+08:00
2017-02-03T00:11:33: 非记录时间：2017-02-03T00:11:33+08:00
2017-02-03T00:11:43: 非记录时间：2017-02-03T00:11:43+08:00
2017-02-03T00:11:53: 非记录时间：2017-02-03T00:11:53+08:00
2017-02-03T00:12:03: 非记录时间：2017-02-03T00:12:03+08:00
2017-02-03T00:12:13: 非记录时间：2017-02-03T00:12:13+08:00
2017-02-03T00:12:23: 非记录时间：2017-02-03T00:12:23+08:00
2017-02-03T00:12:33: 非记录时间：2017-02-03T00:12:33+08:00
2017-02-03T00:12:43: 非记录时间：2017-02-03T00:12:43+08:00
2017-02-03T00:12:53: 非记录时间：2017-02-03T00:12:53+08:00
2017-02-03T00:13:03: 非记录时间：2017-02-03T00:13:03+08:00
2017-02-03T00:13:13: 非记录时间：2017-02-03T00:13:13+08:00
2017-02-03T00:13:23: 非记录时间：2017-02-03T00:13:23+08:00
2017-02-03T00:13:33: 非记录时间：2017-02-03T00:13:33+08:00
2017-02-03T00:13:43: 非记录时间：2017-02-03T00:13:43+08:00
2017-02-03T00:13:53: 非记录时间：2017-02-03T00:13:53+08:00
2017-02-03T00:14:03: 非记录时间：2017-02-03T00:14:03+08:00
2017-02-03T00:14:13: 非记录时间：2017-02-03T00:14:13+08:00
2017-02-03T00:14:23: 非记录时间：2017-02-03T00:14:23+08:00
2017-02-03T00:14:33: 非记录时间：2017-02-03T00:14:33+08:00
2017-02-03T00:14:43: 非记录时间：2017-02-03T00:14:43+08:00
2017-02-03T00:14:53: 非记录时间：2017-02-03T00:14:53+08:00
2017-02-03T00:15:03: 非记录时间：2017-02-03T00:15:03+08:00
2017-02-03T00:15:13: 非记录时间：2017-02-03T00:15:13+08:00
2017-02-03T00:15:23: 非记录时间：2017-02-03T00:15:23+08:00
2017-02-03T00:15:33: 非记录时间：2017-02-03T00:15:33+08:00
2017-02-03T00:15:43: 非记录时间：2017-02-03T00:15:43+08:00
2017-02-03T00:15:53: 非记录时间：2017-02-03T00:15:53+08:00
2017-02-03T00:16:03: 非记录时间：2017-02-03T00:16:03+08:00
2017-02-03T00:16:13: 非记录时间：2017-02-03T00:16:13+08:00
2017-02-03T00:16:23: 非记录时间：2017-02-03T00:16:23+08:00
2017-02-03T00:16:33: 非记录时间：2017-02-03T00:16:33+08:00
2017-02-03T00:16:43: 非记录时间：2017-02-03T00:16:43+08:00
2017-02-03T00:16:53: 非记录时间：2017-02-03T00:16:53+08:00
2017-02-03T00:17:03: 非记录时间：2017-02-03T00:17:03+08:00
2017-02-03T00:17:13: 非记录时间：2017-02-03T00:17:13+08:00
2017-02-03T00:17:23: 非记录时间：2017-02-03T00:17:23+08:00
2017-02-03T00:17:33: 非记录时间：2017-02-03T00:17:33+08:00
2017-02-03T00:17:43: 非记录时间：2017-02-03T00:17:43+08:00
2017-02-03T00:17:53: 非记录时间：2017-02-03T00:17:53+08:00
2017-02-03T00:18:03: 非记录时间：2017-02-03T00:18:03+08:00
2017-02-03T00:18:13: 非记录时间：2017-02-03T00:18:13+08:00
2017-02-03T00:18:23: 非记录时间：2017-02-03T00:18:23+08:00
2017-02-03T00:18:33: 非记录时间：2017-02-03T00:18:33+08:00
2017-02-03T00:18:43: 非记录时间：2017-02-03T00:18:43+08:00
2017-02-03T00:18:53: 非记录时间：2017-02-03T00:18:53+08:00
2017-02-03T00:19:03: 非记录时间：2017-02-03T00:19:03+08:00
2017-02-03T00:19:13: 非记录时间：2017-02-03T00:19:13+08:00
2017-02-03T00:19:23: 非记录时间：2017-02-03T00:19:23+08:00
2017-02-03T00:19:33: 非记录时间：2017-02-03T00:19:33+08:00
2017-02-03T00:19:43: 非记录时间：2017-02-03T00:19:43+08:00
2017-02-03T00:19:53: 非记录时间：2017-02-03T00:19:53+08:00
2017-02-03T00:20:03: 非记录时间：2017-02-03T00:20:03+08:00
2017-02-03T00:20:13: 非记录时间：2017-02-03T00:20:13+08:00
2017-02-03T00:20:23: 非记录时间：2017-02-03T00:20:23+08:00
2017-02-03T00:20:33: 非记录时间：2017-02-03T00:20:33+08:00
2017-02-03T00:20:43: 非记录时间：2017-02-03T00:20:43+08:00
2017-02-03T00:20:53: 非记录时间：2017-02-03T00:20:53+08:00
2017-02-03T00:21:03: 非记录时间：2017-02-03T00:21:03+08:00
2017-02-03T00:21:13: 非记录时间：2017-02-03T00:21:13+08:00
2017-02-03T00:21:23: 非记录时间：2017-02-03T00:21:23+08:00
2017-02-03T00:21:33: 非记录时间：2017-02-03T00:21:33+08:00
2017-02-03T00:21:43: 非记录时间：2017-02-03T00:21:43+08:00
2017-02-03T00:21:53: 非记录时间：2017-02-03T00:21:53+08:00
2017-02-03T00:22:03: 非记录时间：2017-02-03T00:22:03+08:00
2017-02-03T00:22:13: 非记录时间：2017-02-03T00:22:13+08:00
2017-02-03T00:22:23: 非记录时间：2017-02-03T00:22:23+08:00
2017-02-03T00:22:33: 非记录时间：2017-02-03T00:22:33+08:00
2017-02-03T00:22:43: 非记录时间：2017-02-03T00:22:43+08:00
2017-02-03T00:22:53: 非记录时间：2017-02-03T00:22:53+08:00
2017-02-03T00:23:03: 非记录时间：2017-02-03T00:23:03+08:00
2017-02-03T00:23:13: 非记录时间：2017-02-03T00:23:13+08:00
2017-02-03T00:23:23: 非记录时间：2017-02-03T00:23:23+08:00
2017-02-03T00:23:33: 非记录时间：2017-02-03T00:23:33+08:00
2017-02-03T00:23:43: 非记录时间：2017-02-03T00:23:43+08:00
2017-02-03T00:23:53: 非记录时间：2017-02-03T00:23:53+08:00
2017-02-03T00:24:03: 非记录时间：2017-02-03T00:24:03+08:00
2017-02-03T00:24:13: 非记录时间：2017-02-03T00:24:13+08:00
2017-02-03T00:24:23: 非记录时间：2017-02-03T00:24:23+08:00
2017-02-03T00:24:33: 非记录时间：2017-02-03T00:24:33+08:00
2017-02-03T00:24:43: 非记录时间：2017-02-03T00:24:43+08:00
2017-02-03T00:24:53: 非记录时间：2017-02-03T00:24:53+08:00
2017-02-03T00:25:03: 非记录时间：2017-02-03T00:25:03+08:00
2017-02-03T00:25:13: 非记录时间：2017-02-03T00:25:13+08:00
2017-02-03T00:25:23: 非记录时间：2017-02-03T00:25:23+08:00
2017-02-03T00:25:33: 非记录时间：2017-02-03T00:25:33+08:00
2017-02-03T00:25:43: 非记录时间：2017-02-03T00:25:43+08:00
2017-02-03T00:25:53: 非记录时间：2017-02-03T00:25:53+08:00
2017-02-03T00:26:03: 非记录时间：2017-02-03T00:26:03+08:00
2017-02-03T00:26:13: 非记录时间：2017-02-03T00:26:13+08:00
2017-02-03T00:26:23: 非记录时间：2017-02-03T00:26:23+08:00
2017-02-03T00:26:33: 非记录时间：2017-02-03T00:26:33+08:00
2017-02-03T00:26:43: 非记录时间：2017-02-03T00:26:43+08:00
2017-02-03T00:26:53: 非记录时间：2017-02-03T00:26:53+08:00
2017-02-03T00:27:03: 非记录时间：2017-02-03T00:27:03+08:00
2017-02-03T00:27:13: 非记录时间：2017-02-03T00:27:13+08:00
2017-02-03T00:27:23: 非记录时间：2017-02-03T00:27:23+08:00
2017-02-03T00:27:33: 非记录时间：2017-02-03T00:27:33+08:00
2017-02-03T00:27:43: 非记录时间：2017-02-03T00:27:43+08:00
2017-02-03T00:27:53: 非记录时间：2017-02-03T00:27:53+08:00
2017-02-03T00:28:03: 非记录时间：2017-02-03T00:28:03+08:00
2017-02-03T00:28:13: 非记录时间：2017-02-03T00:28:13+08:00
2017-02-03T00:28:23: 非记录时间：2017-02-03T00:28:23+08:00
2017-02-03T00:28:33: 非记录时间：2017-02-03T00:28:33+08:00
2017-02-03T00:28:43: 非记录时间：2017-02-03T00:28:43+08:00
2017-02-03T00:28:53: 非记录时间：2017-02-03T00:28:53+08:00
2017-02-03T00:29:03: 非记录时间：2017-02-03T00:29:03+08:00
2017-02-03T00:29:13: 非记录时间：2017-02-03T00:29:13+08:00
2017-02-03T00:29:23: 非记录时间：2017-02-03T00:29:23+08:00
2017-02-03T00:29:33: 非记录时间：2017-02-03T00:29:33+08:00
2017-02-03T00:29:43: 非记录时间：2017-02-03T00:29:43+08:00
2017-02-03T00:29:53: 非记录时间：2017-02-03T00:29:53+08:00
2017-02-03T00:30:03: 非记录时间：2017-02-03T00:30:03+08:00
2017-02-03T00:30:13: 非记录时间：2017-02-03T00:30:13+08:00
2017-02-03T00:30:23: 非记录时间：2017-02-03T00:30:23+08:00
2017-02-03T00:30:33: 非记录时间：2017-02-03T00:30:33+08:00
2017-02-03T00:30:43: 非记录时间：2017-02-03T00:30:43+08:00
2017-02-03T00:30:53: 非记录时间：2017-02-03T00:30:53+08:00
2017-02-03T00:31:03: 非记录时间：2017-02-03T00:31:03+08:00
2017-02-03T00:31:13: 非记录时间：2017-02-03T00:31:13+08:00
2017-02-03T00:31:23: 非记录时间：2017-02-03T00:31:23+08:00
2017-02-03T00:31:33: 非记录时间：2017-02-03T00:31:33+08:00
2017-02-03T00:31:43: 非记录时间：2017-02-03T00:31:43+08:00
2017-02-03T00:31:53: 非记录时间：2017-02-03T00:31:53+08:00
2017-02-03T00:32:03: 非记录时间：2017-02-03T00:32:03+08:00
2017-02-03T00:32:13: 非记录时间：2017-02-03T00:32:13+08:00
2017-02-03T00:32:23: 非记录时间：2017-02-03T00:32:23+08:00
2017-02-03T00:32:33: 非记录时间：2017-02-03T00:32:33+08:00
2017-02-03T00:32:43: 非记录时间：2017-02-03T00:32:43+08:00
2017-02-03T00:32:53: 非记录时间：2017-02-03T00:32:53+08:00
2017-02-03T00:33:03: 非记录时间：2017-02-03T00:33:03+08:00
2017-02-03T00:33:13: 非记录时间：2017-02-03T00:33:13+08:00
2017-02-03T00:33:23: 非记录时间：2017-02-03T00:33:23+08:00
2017-02-03T00:33:33: 非记录时间：2017-02-03T00:33:33+08:00
2017-02-03T00:33:43: 非记录时间：2017-02-03T00:33:43+08:00
2017-02-03T00:33:53: 非记录时间：2017-02-03T00:33:53+08:00
2017-02-03T00:34:03: 非记录时间：2017-02-03T00:34:03+08:00
2017-02-03T00:34:13: 非记录时间：2017-02-03T00:34:13+08:00
2017-02-03T00:34:23: 非记录时间：2017-02-03T00:34:23+08:00
2017-02-03T00:34:33: 非记录时间：2017-02-03T00:34:33+08:00
2017-02-03T00:34:43: 非记录时间：2017-02-03T00:34:43+08:00
2017-02-03T00:34:53: 非记录时间：2017-02-03T00:34:53+08:00
2017-02-03T00:35:03: 非记录时间：2017-02-03T00:35:03+08:00
2017-02-03T00:35:13: 非记录时间：2017-02-03T00:35:13+08:00
2017-02-03T00:35:23: 非记录时间：2017-02-03T00:35:23+08:00
2017-02-03T00:35:33: 非记录时间：2017-02-03T00:35:33+08:00
2017-02-03T00:35:43: 非记录时间：2017-02-03T00:35:43+08:00
2017-02-03T00:35:53: 非记录时间：2017-02-03T00:35:53+08:00
2017-02-03T00:36:03: 非记录时间：2017-02-03T00:36:03+08:00
2017-02-03T00:36:13: 非记录时间：2017-02-03T00:36:13+08:00
2017-02-03T00:36:23: 非记录时间：2017-02-03T00:36:23+08:00
2017-02-03T00:36:33: 非记录时间：2017-02-03T00:36:33+08:00
2017-02-03T00:36:43: 非记录时间：2017-02-03T00:36:43+08:00
2017-02-03T00:36:53: 非记录时间：2017-02-03T00:36:53+08:00
2017-02-03T00:37:03: 非记录时间：2017-02-03T00:37:03+08:00
2017-02-03T00:37:13: 非记录时间：2017-02-03T00:37:13+08:00
2017-02-03T00:37:23: 非记录时间：2017-02-03T00:37:23+08:00
2017-02-03T00:37:33: 非记录时间：2017-02-03T00:37:33+08:00
2017-02-03T00:37:43: 非记录时间：2017-02-03T00:37:43+08:00
2017-02-03T00:37:53: 非记录时间：2017-02-03T00:37:53+08:00
2017-02-03T00:38:03: 非记录时间：2017-02-03T00:38:03+08:00
2017-02-03T00:38:13: 非记录时间：2017-02-03T00:38:13+08:00
2017-02-03T00:38:23: 非记录时间：2017-02-03T00:38:23+08:00
2017-02-03T00:38:33: 非记录时间：2017-02-03T00:38:33+08:00
2017-02-03T00:38:43: 非记录时间：2017-02-03T00:38:43+08:00
2017-02-03T00:38:53: 非记录时间：2017-02-03T00:38:53+08:00
2017-02-03T00:39:03: 非记录时间：2017-02-03T00:39:03+08:00
2017-02-03T00:39:13: 非记录时间：2017-02-03T00:39:13+08:00
2017-02-03T00:39:23: 非记录时间：2017-02-03T00:39:23+08:00
2017-02-03T00:39:33: 非记录时间：2017-02-03T00:39:33+08:00
2017-02-03T00:39:43: 非记录时间：2017-02-03T00:39:43+08:00
2017-02-03T00:39:53: 非记录时间：2017-02-03T00:39:53+08:00
2017-02-03T00:40:03: 非记录时间：2017-02-03T00:40:03+08:00
2017-02-03T00:40:13: 非记录时间：2017-02-03T00:40:13+08:00
2017-02-03T00:40:23: 非记录时间：2017-02-03T00:40:23+08:00
2017-02-03T00:40:33: 非记录时间：2017-02-03T00:40:33+08:00
2017-02-03T00:40:43: 非记录时间：2017-02-03T00:40:43+08:00
2017-02-03T00:40:53: 非记录时间：2017-02-03T00:40:53+08:00
2017-02-03T00:41:03: 非记录时间：2017-02-03T00:41:03+08:00
2017-02-03T00:41:13: 非记录时间：2017-02-03T00:41:13+08:00
2017-02-03T00:41:23: 非记录时间：2017-02-03T00:41:23+08:00
2017-02-03T00:41:33: 非记录时间：2017-02-03T00:41:33+08:00
2017-02-03T00:41:43: 非记录时间：2017-02-03T00:41:43+08:00
2017-02-03T00:41:53: 非记录时间：2017-02-03T00:41:53+08:00
2017-02-03T00:42:03: 非记录时间：2017-02-03T00:42:03+08:00
2017-02-03T00:42:13: 非记录时间：2017-02-03T00:42:13+08:00
2017-02-03T00:42:23: 非记录时间：2017-02-03T00:42:23+08:00
2017-02-03T00:42:33: 非记录时间：2017-02-03T00:42:33+08:00
2017-02-03T00:42:43: 非记录时间：2017-02-03T00:42:43+08:00
2017-02-03T00:42:53: 非记录时间：2017-02-03T00:42:53+08:00
2017-02-03T00:43:03: 非记录时间：2017-02-03T00:43:03+08:00
2017-02-03T00:43:13: 非记录时间：2017-02-03T00:43:13+08:00
2017-02-03T00:43:23: 非记录时间：2017-02-03T00:43:23+08:00
2017-02-03T00:43:33: 非记录时间：2017-02-03T00:43:33+08:00
2017-02-03T00:43:43: 非记录时间：2017-02-03T00:43:43+08:00
2017-02-03T00:43:53: 非记录时间：2017-02-03T00:43:53+08:00
2017-02-03T00:44:03: 非记录时间：2017-02-03T00:44:03+08:00
2017-02-03T00:44:13: 非记录时间：2017-02-03T00:44:13+08:00
2017-02-03T00:44:23: 非记录时间：2017-02-03T00:44:23+08:00
2017-02-03T00:44:33: 非记录时间：2017-02-03T00:44:33+08:00
2017-02-03T00:44:43: 非记录时间：2017-02-03T00:44:43+08:00
2017-02-03T00:44:53: 非记录时间：2017-02-03T00:44:53+08:00
2017-02-03T00:45:03: 非记录时间：2017-02-03T00:45:03+08:00
2017-02-03T00:45:13: 非记录时间：2017-02-03T00:45:13+08:00
2017-02-03T00:45:23: 非记录时间：2017-02-03T00:45:23+08:00
2017-02-03T00:45:33: 非记录时间：2017-02-03T00:45:33+08:00
2017-02-03T00:45:43: 非记录时间：2017-02-03T00:45:43+08:00
2017-02-03T00:45:53: 非记录时间：2017-02-03T00:45:53+08:00
2017-02-03T00:46:03: 非记录时间：2017-02-03T00:46:03+08:00
2017-02-03T00:46:13: 非记录时间：2017-02-03T00:46:13+08:00
2017-02-03T00:46:23: 非记录时间：2017-02-03T00:46:23+08:00
2017-02-03T00:46:33: 非记录时间：2017-02-03T00:46:33+08:00
2017-02-03T00:46:43: 非记录时间：2017-02-03T00:46:43+08:00
2017-02-03T00:46:53: 非记录时间：2017-02-03T00:46:53+08:00
2017-02-03T00:47:03: 非记录时间：2017-02-03T00:47:03+08:00
2017-02-03T00:47:13: 非记录时间：2017-02-03T00:47:13+08:00
2017-02-03T00:47:23: 非记录时间：2017-02-03T00:47:23+08:00
2017-02-03T00:47:33: 非记录时间：2017-02-03T00:47:33+08:00
2017-02-03T00:47:43: 非记录时间：2017-02-03T00:47:43+08:00
2017-02-03T00:47:53: 非记录时间：2017-02-03T00:47:53+08:00
2017-02-03T00:48:03: 非记录时间：2017-02-03T00:48:03+08:00
2017-02-03T00:48:13: 非记录时间：2017-02-03T00:48:13+08:00
2017-02-03T00:48:23: 非记录时间：2017-02-03T00:48:23+08:00
2017-02-03T00:48:33: 非记录时间：2017-02-03T00:48:33+08:00
2017-02-03T00:48:43: 非记录时间：2017-02-03T00:48:43+08:00
2017-02-03T00:48:53: 非记录时间：2017-02-03T00:48:53+08:00
2017-02-03T00:49:03: 非记录时间：2017-02-03T00:49:03+08:00
2017-02-03T00:49:13: 非记录时间：2017-02-03T00:49:13+08:00
2017-02-03T00:49:23: 非记录时间：2017-02-03T00:49:23+08:00
2017-02-03T00:49:33: 非记录时间：2017-02-03T00:49:33+08:00
2017-02-03T00:49:43: 非记录时间：2017-02-03T00:49:43+08:00
2017-02-03T00:49:53: 非记录时间：2017-02-03T00:49:53+08:00
2017-02-03T00:50:03: 非记录时间：2017-02-03T00:50:03+08:00
2017-02-03T00:50:13: 非记录时间：2017-02-03T00:50:13+08:00
2017-02-03T00:50:23: 非记录时间：2017-02-03T00:50:23+08:00
2017-02-03T00:50:33: 非记录时间：2017-02-03T00:50:33+08:00
2017-02-03T00:50:43: 非记录时间：2017-02-03T00:50:43+08:00
2017-02-03T00:50:53: 非记录时间：2017-02-03T00:50:53+08:00
2017-02-03T00:51:03: 非记录时间：2017-02-03T00:51:03+08:00
2017-02-03T00:51:13: 非记录时间：2017-02-03T00:51:13+08:00
2017-02-03T00:51:23: 非记录时间：2017-02-03T00:51:23+08:00
2017-02-03T00:51:33: 非记录时间：2017-02-03T00:51:33+08:00
2017-02-03T00:51:43: 非记录时间：2017-02-03T00:51:43+08:00
2017-02-03T00:51:53: 非记录时间：2017-02-03T00:51:53+08:00
2017-02-03T00:52:03: 非记录时间：2017-02-03T00:52:03+08:00
2017-02-03T00:52:13: 非记录时间：2017-02-03T00:52:13+08:00
2017-02-03T00:52:23: 非记录时间：2017-02-03T00:52:23+08:00
2017-02-03T00:52:33: 非记录时间：2017-02-03T00:52:33+08:00
2017-02-03T00:52:43: 非记录时间：2017-02-03T00:52:43+08:00
2017-02-03T00:52:53: 非记录时间：2017-02-03T00:52:53+08:00
2017-02-03T00:53:03: 非记录时间：2017-02-03T00:53:03+08:00
2017-02-03T00:53:13: 非记录时间：2017-02-03T00:53:13+08:00
2017-02-03T00:53:23: 非记录时间：2017-02-03T00:53:23+08:00
2017-02-03T00:53:33: 非记录时间：2017-02-03T00:53:33+08:00
2017-02-03T00:53:43: 非记录时间：2017-02-03T00:53:43+08:00
2017-02-03T00:53:53: 非记录时间：2017-02-03T00:53:53+08:00
2017-02-03T00:54:03: 非记录时间：2017-02-03T00:54:03+08:00
2017-02-03T00:54:13: 非记录时间：2017-02-03T00:54:13+08:00
2017-02-03T00:54:23: 非记录时间：2017-02-03T00:54:23+08:00
2017-02-03T00:54:33: 非记录时间：2017-02-03T00:54:33+08:00
2017-02-03T00:54:43: 非记录时间：2017-02-03T00:54:43+08:00
2017-02-03T00:54:53: 非记录时间：2017-02-03T00:54:53+08:00
2017-02-03T00:55:03: 非记录时间：2017-02-03T00:55:03+08:00
2017-02-03T00:55:13: 非记录时间：2017-02-03T00:55:13+08:00
2017-02-03T00:55:23: 非记录时间：2017-02-03T00:55:23+08:00
2017-02-03T00:55:33: 非记录时间：2017-02-03T00:55:33+08:00
2017-02-03T00:55:43: 非记录时间：2017-02-03T00:55:43+08:00
2017-02-03T00:55:53: 非记录时间：2017-02-03T00:55:53+08:00
2017-02-03T00:56:03: 非记录时间：2017-02-03T00:56:03+08:00
2017-02-03T00:56:13: 非记录时间：2017-02-03T00:56:13+08:00
2017-02-03T00:56:23: 非记录时间：2017-02-03T00:56:23+08:00
2017-02-03T00:56:33: 非记录时间：2017-02-03T00:56:33+08:00
2017-02-03T00:56:43: 非记录时间：2017-02-03T00:56:43+08:00
2017-02-03T00:56:53: 非记录时间：2017-02-03T00:56:53+08:00
2017-02-03T00:57:03: 非记录时间：2017-02-03T00:57:03+08:00
2017-02-03T00:57:13: 非记录时间：2017-02-03T00:57:13+08:00
2017-02-03T00:57:23: 非记录时间：2017-02-03T00:57:23+08:00
2017-02-03T00:57:33: 非记录时间：2017-02-03T00:57:33+08:00
2017-02-03T00:57:43: 非记录时间：2017-02-03T00:57:43+08:00
2017-02-03T00:57:53: 非记录时间：2017-02-03T00:57:53+08:00
2017-02-03T00:58:03: 非记录时间：2017-02-03T00:58:03+08:00
2017-02-03T00:58:13: 非记录时间：2017-02-03T00:58:13+08:00
2017-02-03T00:58:23: 非记录时间：2017-02-03T00:58:23+08:00
2017-02-03T00:58:33: 非记录时间：2017-02-03T00:58:33+08:00
2017-02-03T00:58:43: 非记录时间：2017-02-03T00:58:43+08:00
2017-02-03T00:58:53: 非记录时间：2017-02-03T00:58:53+08:00
2017-02-03T00:59:03: 非记录时间：2017-02-03T00:59:03+08:00
2017-02-03T00:59:13: 非记录时间：2017-02-03T00:59:13+08:00
2017-02-03T00:59:23: 非记录时间：2017-02-03T00:59:23+08:00
2017-02-03T00:59:33: 非记录时间：2017-02-03T00:59:33+08:00
2017-02-03T00:59:43: 非记录时间：2017-02-03T00:59:43+08:00
2017-02-03T00:59:53: 非记录时间：2017-02-03T00:59:53+08:00
2017-02-03T01:00:03: 非记录时间：2017-02-03T01:00:03+08:00
2017-02-03T01:00:13: 非记录时间：2017-02-03T01:00:13+08:00
2017-02-03T01:00:23: 非记录时间：2017-02-03T01:00:23+08:00
2017-02-03T01:00:33: 非记录时间：2017-02-03T01:00:33+08:00
2017-02-03T01:00:43: 非记录时间：2017-02-03T01:00:43+08:00
2017-02-03T01:00:53: 非记录时间：2017-02-03T01:00:53+08:00
2017-02-03T01:01:03: 非记录时间：2017-02-03T01:01:03+08:00
2017-02-03T01:01:13: 非记录时间：2017-02-03T01:01:13+08:00
2017-02-03T01:01:23: 非记录时间：2017-02-03T01:01:23+08:00
2017-02-03T01:01:33: 非记录时间：2017-02-03T01:01:33+08:00
2017-02-03T01:01:44: 非记录时间：2017-02-03T01:01:44+08:00
2017-02-03T01:01:54: 非记录时间：2017-02-03T01:01:54+08:00
2017-02-03T01:02:04: 非记录时间：2017-02-03T01:02:04+08:00
2017-02-03T01:02:14: 非记录时间：2017-02-03T01:02:14+08:00
2017-02-03T01:02:24: 非记录时间：2017-02-03T01:02:24+08:00
2017-02-03T01:02:34: 非记录时间：2017-02-03T01:02:34+08:00
2017-02-03T01:02:44: 非记录时间：2017-02-03T01:02:44+08:00
2017-02-03T01:02:54: 非记录时间：2017-02-03T01:02:54+08:00
2017-02-03T01:03:04: 非记录时间：2017-02-03T01:03:04+08:00
2017-02-03T01:03:14: 非记录时间：2017-02-03T01:03:14+08:00
2017-02-03T01:03:24: 非记录时间：2017-02-03T01:03:24+08:00
2017-02-03T01:03:34: 非记录时间：2017-02-03T01:03:34+08:00
2017-02-03T01:03:44: 非记录时间：2017-02-03T01:03:44+08:00
2017-02-03T01:03:54: 非记录时间：2017-02-03T01:03:54+08:00
2017-02-03T01:04:04: 非记录时间：2017-02-03T01:04:04+08:00
2017-02-03T01:04:14: 非记录时间：2017-02-03T01:04:14+08:00
2017-02-03T01:04:24: 非记录时间：2017-02-03T01:04:24+08:00
2017-02-03T01:04:34: 非记录时间：2017-02-03T01:04:34+08:00
2017-02-03T01:04:44: 非记录时间：2017-02-03T01:04:44+08:00
2017-02-03T01:04:54: 非记录时间：2017-02-03T01:04:54+08:00
2017-02-03T01:05:04: 非记录时间：2017-02-03T01:05:04+08:00
2017-02-03T01:05:14: 非记录时间：2017-02-03T01:05:14+08:00
2017-02-03T01:05:24: 非记录时间：2017-02-03T01:05:24+08:00
2017-02-03T01:05:34: 非记录时间：2017-02-03T01:05:34+08:00
2017-02-03T01:05:44: 非记录时间：2017-02-03T01:05:44+08:00
2017-02-03T01:05:54: 非记录时间：2017-02-03T01:05:54+08:00
2017-02-03T01:06:04: 非记录时间：2017-02-03T01:06:04+08:00
2017-02-03T01:06:14: 非记录时间：2017-02-03T01:06:14+08:00
2017-02-03T01:06:24: 非记录时间：2017-02-03T01:06:24+08:00
2017-02-03T01:06:34: 非记录时间：2017-02-03T01:06:34+08:00
2017-02-03T01:06:44: 非记录时间：2017-02-03T01:06:44+08:00
2017-02-03T01:06:54: 非记录时间：2017-02-03T01:06:54+08:00
2017-02-03T01:07:04: 非记录时间：2017-02-03T01:07:04+08:00
2017-02-03T01:07:14: 非记录时间：2017-02-03T01:07:14+08:00
2017-02-03T01:07:24: 非记录时间：2017-02-03T01:07:24+08:00
2017-02-03T01:07:34: 非记录时间：2017-02-03T01:07:34+08:00
2017-02-03T01:07:44: 非记录时间：2017-02-03T01:07:44+08:00
2017-02-03T01:07:54: 非记录时间：2017-02-03T01:07:54+08:00
2017-02-03T01:08:04: 非记录时间：2017-02-03T01:08:04+08:00
2017-02-03T01:08:14: 非记录时间：2017-02-03T01:08:14+08:00
2017-02-03T01:08:24: 非记录时间：2017-02-03T01:08:24+08:00
2017-02-03T01:08:34: 非记录时间：2017-02-03T01:08:34+08:00
2017-02-03T01:08:44: 非记录时间：2017-02-03T01:08:44+08:00
2017-02-03T01:08:54: 非记录时间：2017-02-03T01:08:54+08:00
2017-02-03T01:09:04: 非记录时间：2017-02-03T01:09:04+08:00
2017-02-03T01:09:14: 非记录时间：2017-02-03T01:09:14+08:00
2017-02-03T01:09:24: 非记录时间：2017-02-03T01:09:24+08:00
2017-02-03T01:09:34: 非记录时间：2017-02-03T01:09:34+08:00
2017-02-03T01:09:44: 非记录时间：2017-02-03T01:09:44+08:00
2017-02-03T01:09:54: 非记录时间：2017-02-03T01:09:54+08:00
2017-02-03T01:10:04: 非记录时间：2017-02-03T01:10:04+08:00
2017-02-03T01:10:14: 非记录时间：2017-02-03T01:10:14+08:00
2017-02-03T01:10:24: 非记录时间：2017-02-03T01:10:24+08:00
2017-02-03T01:10:34: 非记录时间：2017-02-03T01:10:34+08:00
2017-02-03T01:10:44: 非记录时间：2017-02-03T01:10:44+08:00
2017-02-03T01:10:54: 非记录时间：2017-02-03T01:10:54+08:00
2017-02-03T01:11:05: 读取文件失败，可能是该文件不存在
2017-02-03T01:11:05: Error: ENOENT: no such file or directory, open './data/2017-02-03.json'
2017-02-03T01:11:14: 读取文件成功
2017-02-03T01:11:24: 读取文件成功
2017-02-03T01:11:35: 读取文件成功
2017-02-03T01:11:48: 读取文件成功
2017-02-03T01:11:54: 读取文件成功
2017-02-03T01:12:06: 读取文件成功
2017-02-03T01:12:19: 读取文件成功
2017-02-03T01:12:25: 读取文件成功
2017-02-03T01:12:34: 读取文件成功
2017-02-03T01:12:44: 读取文件成功
2017-02-03T01:12:59: 读取文件成功
2017-02-03T01:13:04: 读取文件成功
2017-02-03T01:13:18: 读取文件成功
2017-02-03T01:13:25: 读取文件成功
2017-02-03T01:13:34: 读取文件成功
2017-02-03T01:13:45: 读取文件成功
2017-02-03T01:13:55: 读取文件成功
2017-02-03T01:14:04: 读取文件成功
2017-02-03T01:14:15: 读取文件成功
2017-02-03T01:14:24: 读取文件成功
2017-02-03T01:14:37: 读取文件成功
2017-02-03T01:14:46: 读取文件成功
2017-02-03T01:15:03: 读取文件成功
2017-02-03T01:15:05: 读取文件成功
2017-02-03T01:15:17: 读取文件成功
2017-02-03T01:15:26: 读取文件成功
2017-02-03T01:15:38: 读取文件成功
2017-02-03T01:15:45: 读取文件成功
2017-02-03T01:15:57: 读取文件成功
2017-02-03T01:16:04: 读取文件成功
2017-02-03T01:16:15: 读取文件成功
2017-02-03T01:16:24: 读取文件成功
2017-02-03T01:16:35: 读取文件成功
2017-02-03T01:16:45: 读取文件成功
2017-02-03T01:16:55: 读取文件成功
2017-02-03T01:17:05: 读取文件成功
2017-02-03T01:17:15: 读取文件成功
2017-02-03T01:17:25: 读取文件成功
2017-02-03T01:17:35: 读取文件成功
2017-02-03T01:17:45: 读取文件成功
2017-02-03T01:17:55: 读取文件成功
2017-02-03T01:18:05: 读取文件成功
2017-02-03T01:18:15: 读取文件成功
2017-02-03T01:18:25: 读取文件成功
2017-02-03T01:18:35: 读取文件成功
2017-02-03T01:18:45: 读取文件成功
2017-02-03T01:18:55: 读取文件成功
2017-02-03T01:19:05: 读取文件成功
2017-02-03T01:19:15: 读取文件成功
2017-02-03T01:19:25: 读取文件成功
2017-02-03T01:19:35: 读取文件成功
2017-02-03T01:19:45: 读取文件成功
2017-02-03T01:19:55: 读取文件成功
2017-02-03T01:20:05: 读取文件成功
2017-02-03T01:20:15: 读取文件成功
2017-02-03T01:20:25: 读取文件成功
2017-02-03T01:20:35: 读取文件成功
2017-02-03T01:20:45: 读取文件成功
2017-02-03T01:20:55: 读取文件成功
2017-02-03T01:21:05: 读取文件成功
2017-02-03T01:21:15: 读取文件成功
2017-02-03T01:21:25: 读取文件成功
2017-02-03T01:21:35: 读取文件成功
2017-02-03T01:21:45: 读取文件成功
2017-02-03T01:21:55: 读取文件成功
2017-02-03T01:22:05: 读取文件成功
2017-02-03T01:22:15: 读取文件成功
2017-02-03T01:22:25: 读取文件成功
2017-02-03T01:22:35: 读取文件成功
2017-02-03T01:22:45: 读取文件成功
2017-02-03T01:22:55: 读取文件成功
2017-02-03T01:23:05: 读取文件成功
2017-02-03T01:23:15: 读取文件成功
2017-02-03T01:23:25: 读取文件成功
2017-02-03T01:23:35: 读取文件成功
2017-02-03T01:23:45: 读取文件成功
2017-02-03T01:23:56: 读取文件成功
2017-02-03T01:24:05: 读取文件成功
2017-02-03T01:24:15: 读取文件成功
2017-02-03T01:24:25: 读取文件成功
2017-02-03T01:24:35: 读取文件成功
2017-02-03T01:24:45: 读取文件成功
2017-02-03T01:24:55: 读取文件成功
2017-02-03T01:25:05: 读取文件成功
2017-02-03T01:25:15: 读取文件成功
2017-02-03T01:25:25: 读取文件成功
2017-02-03T01:25:35: 读取文件成功
2017-02-03T01:25:45: 读取文件成功
2017-02-03T01:25:55: 读取文件成功
2017-02-03T01:26:05: 读取文件成功
2017-02-03T01:26:15: 读取文件成功
2017-02-03T01:26:25: 读取文件成功
2017-02-03T01:26:35: 读取文件成功
2017-02-03T01:26:45: 读取文件成功
2017-02-03T01:26:55: 读取文件成功
2017-02-03T01:27:05: 读取文件成功
2017-02-03T01:27:15: 读取文件成功
2017-02-03T01:27:25: 读取文件成功
2017-02-03T01:27:35: 读取文件成功
2017-02-03T01:27:45: 读取文件成功
2017-02-03T01:27:55: 读取文件成功
2017-02-03T01:28:05: 读取文件成功
2017-02-03T01:28:15: 读取文件成功
2017-02-03T01:28:25: 读取文件成功
2017-02-03T01:28:35: 读取文件成功
2017-02-03T01:28:45: 读取文件成功
2017-02-03T01:28:55: 读取文件成功
2017-02-03T01:29:05: 读取文件成功
2017-02-03T01:29:15: 读取文件成功
2017-02-03T01:29:25: 读取文件成功
2017-02-03T01:29:35: 读取文件成功
2017-02-03T01:29:45: 读取文件成功
2017-02-03T01:29:55: 读取文件成功
2017-02-03T01:30:05: 读取文件成功
2017-02-03T01:30:15: 读取文件成功
2017-02-03T01:30:25: 读取文件成功
2017-02-03T01:30:35: 读取文件成功
2017-02-03T01:30:45: 读取文件成功
2017-02-03T01:30:55: 读取文件成功
2017-02-03T01:31:05: 读取文件成功
2017-02-03T01:31:15: 读取文件成功
2017-02-03T01:31:25: 读取文件成功
2017-02-03T01:31:36: 读取文件成功
2017-02-03T01:31:45: 读取文件成功
2017-02-03T01:31:55: 读取文件成功
2017-02-03T01:32:05: 读取文件成功
2017-02-03T01:32:15: 读取文件成功
2017-02-03T01:32:25: 读取文件成功
2017-02-03T01:32:35: 读取文件成功
2017-02-03T01:32:45: 读取文件成功
2017-02-03T01:32:55: 读取文件成功
2017-02-03T01:33:05: 读取文件成功
2017-02-03T01:33:15: 读取文件成功
2017-02-03T01:33:25: 读取文件成功
2017-02-03T01:33:36: 读取文件成功
2017-02-03T01:33:46: 读取文件成功
2017-02-03T01:33:56: 读取文件成功
2017-02-03T01:34:06: 读取文件成功
2017-02-03T01:34:16: 读取文件成功
2017-02-03T01:34:26: 读取文件成功
2017-02-03T01:34:36: 读取文件成功
2017-02-03T01:34:46: 读取文件成功
2017-02-03T01:34:56: 读取文件成功
2017-02-03T01:35:06: 读取文件成功
2017-02-03T01:35:16: 读取文件成功
2017-02-03T01:35:26: 读取文件成功
2017-02-03T01:35:36: 读取文件成功
2017-02-03T01:35:46: 读取文件成功
2017-02-03T01:35:56: 读取文件成功
2017-02-03T01:36:06: 读取文件成功
2017-02-03T01:36:16: 读取文件成功
2017-02-03T01:36:26: 读取文件成功
2017-02-03T01:36:36: 读取文件成功
2017-02-03T01:36:46: 读取文件成功
2017-02-03T01:36:56: 读取文件成功
2017-02-03T01:37:06: 读取文件成功
2017-02-03T01:37:17: 读取文件成功
2017-02-03T01:37:26: 读取文件成功
2017-02-03T01:37:36: 读取文件成功
2017-02-03T01:37:46: 读取文件成功
2017-02-03T01:37:56: 读取文件成功
2017-02-03T01:38:06: 读取文件成功
2017-02-03T01:38:16: 读取文件成功
2017-02-03T01:38:26: 读取文件成功
2017-02-03T01:38:36: 读取文件成功
2017-02-03T01:38:46: 读取文件成功
2017-02-03T01:38:56: 读取文件成功
2017-02-03T01:39:06: 读取文件成功
2017-02-03T01:39:16: 读取文件成功
2017-02-03T01:39:26: 读取文件成功
2017-02-03T01:39:36: 读取文件成功
2017-02-03T01:39:46: 读取文件成功
2017-02-03T01:39:56: 读取文件成功
2017-02-03T01:40:06: 读取文件成功
2017-02-03T01:40:16: 读取文件成功
2017-02-03T01:40:26: 读取文件成功
2017-02-03T01:40:36: 读取文件成功
2017-02-03T01:40:46: 读取文件成功
2017-02-03T01:40:56: 读取文件成功
2017-02-03T01:41:06: 读取文件成功
2017-02-03T01:41:16: 读取文件成功
2017-02-03T01:41:26: 读取文件成功
2017-02-03T01:41:36: 读取文件成功
2017-02-03T01:41:46: 读取文件成功
2017-02-03T01:41:56: 读取文件成功
2017-02-03T01:42:06: 读取文件成功
2017-02-03T01:42:16: 读取文件成功
2017-02-03T01:42:26: 读取文件成功
2017-02-03T01:42:36: 读取文件成功
2017-02-03T01:42:46: 读取文件成功
2017-02-03T01:42:56: 读取文件成功
2017-02-03T01:43:06: 读取文件成功
2017-02-03T01:43:16: 读取文件成功
2017-02-03T01:43:26: 读取文件成功
2017-02-03T01:43:36: 读取文件成功
2017-02-03T01:43:46: 读取文件成功
2017-02-03T01:43:56: 读取文件成功
2017-02-03T01:44:06: 读取文件成功
2017-02-03T01:44:16: 读取文件成功
2017-02-03T01:44:26: 读取文件成功
2017-02-03T01:44:36: 读取文件成功
2017-02-03T01:44:46: 读取文件成功
2017-02-03T01:44:56: 读取文件成功
2017-02-03T01:45:06: 读取文件成功
2017-02-03T01:45:16: 读取文件成功
2017-02-03T01:45:26: 读取文件成功
2017-02-03T01:45:36: 读取文件成功
2017-02-03T01:45:46: 读取文件成功
2017-02-03T01:45:56: 读取文件成功
2017-02-03T01:46:06: 读取文件成功
2017-02-03T01:46:16: 读取文件成功
2017-02-03T01:46:26: 读取文件成功
2017-02-03T01:46:36: 读取文件成功
2017-02-03T01:46:46: 读取文件成功
2017-02-03T01:46:57: 读取文件成功
2017-02-03T01:47:06: 读取文件成功
2017-02-03T01:47:16: 读取文件成功
2017-02-03T01:47:26: 读取文件成功
2017-02-03T01:47:36: 读取文件成功
2017-02-03T01:47:46: 读取文件成功
2017-02-03T01:47:56: 读取文件成功
2017-02-03T01:48:06: 读取文件成功
2017-02-03T01:48:16: 读取文件成功
2017-02-03T01:48:26: 读取文件成功
2017-02-03T01:48:36: 读取文件成功
2017-02-03T01:48:46: 读取文件成功
2017-02-03T01:48:57: 读取文件成功
2017-02-03T01:49:07: 读取文件成功
2017-02-03T01:49:17: 读取文件成功
2017-02-03T01:49:27: 读取文件成功
2017-02-03T01:49:37: 读取文件成功
2017-02-03T01:49:47: 读取文件成功
2017-02-03T01:49:57: 读取文件成功
2017-02-03T01:50:07: 读取文件成功
2017-02-03T01:50:17: 读取文件成功
2017-02-03T01:50:27: 读取文件成功
2017-02-03T01:50:37: 读取文件成功
2017-02-03T01:50:47: 读取文件成功
2017-02-03T01:50:57: 读取文件成功
2017-02-03T01:51:07: 读取文件成功
2017-02-03T01:51:17: 读取文件成功
2017-02-03T01:51:27: 读取文件成功
2017-02-03T01:51:37: 读取文件成功
2017-02-03T01:51:47: 读取文件成功
2017-02-03T01:51:57: 读取文件成功
2017-02-03T01:52:07: 读取文件成功
2017-02-03T01:52:17: 读取文件成功
2017-02-03T01:52:27: 读取文件成功
2017-02-03T01:52:37: 读取文件成功
2017-02-03T01:52:47: 读取文件成功
2017-02-03T01:52:57: 读取文件成功
2017-02-03T01:53:07: 读取文件成功
2017-02-03T01:53:17: 读取文件成功
2017-02-03T01:53:27: 读取文件成功
2017-02-03T01:53:37: 读取文件成功
2017-02-03T01:53:47: 读取文件成功
2017-02-03T01:53:57: 读取文件成功
2017-02-03T01:54:07: 读取文件成功
2017-02-03T01:54:17: 读取文件成功
2017-02-03T01:54:27: 读取文件成功
2017-02-03T01:54:37: 读取文件成功
2017-02-03T01:54:47: 读取文件成功
2017-02-03T01:54:57: 读取文件成功
2017-02-03T01:55:07: 读取文件成功
2017-02-03T01:55:17: 读取文件成功
2017-02-03T01:55:27: 读取文件成功
2017-02-03T01:55:37: 读取文件成功
2017-02-03T01:55:47: 读取文件成功
2017-02-03T01:55:57: 读取文件成功
2017-02-03T01:56:07: 读取文件成功
2017-02-03T01:56:17: 读取文件成功
2017-02-03T01:56:27: 读取文件成功
2017-02-03T01:56:37: 读取文件成功
2017-02-03T01:56:47: 读取文件成功
2017-02-03T01:56:57: 读取文件成功
2017-02-03T01:57:07: 读取文件成功
2017-02-03T01:57:17: 读取文件成功
2017-02-03T01:57:27: 读取文件成功
2017-02-03T01:57:37: 读取文件成功
2017-02-03T01:57:47: 读取文件成功
2017-02-03T01:57:57: 读取文件成功
2017-02-03T01:58:07: 读取文件成功
2017-02-03T01:58:17: 读取文件成功
2017-02-03T01:58:27: 读取文件成功
2017-02-03T01:58:37: 读取文件成功
2017-02-03T01:58:47: 读取文件成功
2017-02-03T01:58:57: 读取文件成功
2017-02-03T01:59:07: 读取文件成功
2017-02-03T01:59:17: 读取文件成功
2017-02-03T01:59:27: 读取文件成功
2017-02-03T01:59:37: 读取文件成功
2017-02-03T01:59:47: 读取文件成功
2017-02-03T01:59:57: 读取文件成功
2017-02-03T02:00:07: 读取文件成功
2017-02-03T02:00:17: 读取文件成功
2017-02-03T02:00:27: 读取文件成功
2017-02-03T02:00:37: 读取文件成功
2017-02-03T02:00:47: 读取文件成功
2017-02-03T02:00:57: 读取文件成功
2017-02-03T02:01:07: 读取文件成功
2017-02-03T02:01:17: 读取文件成功
2017-02-03T02:01:27: 读取文件成功
2017-02-03T02:01:37: 读取文件成功
2017-02-03T02:01:47: 读取文件成功
2017-02-03T02:01:57: 读取文件成功
2017-02-03T02:02:07: 读取文件成功
2017-02-03T02:02:17: 读取文件成功
2017-02-03T02:02:27: 读取文件成功
2017-02-03T02:02:37: 读取文件成功
2017-02-03T02:02:47: 读取文件成功
2017-02-03T02:02:57: 读取文件成功
2017-02-03T02:03:07: 读取文件成功
2017-02-03T02:03:17: 读取文件成功
2017-02-03T02:03:27: 读取文件成功
2017-02-03T02:03:37: 读取文件成功
2017-02-03T02:03:47: 读取文件成功
2017-02-03T02:03:57: 读取文件成功
2017-02-03T02:04:08: 读取文件成功
2017-02-03T02:04:17: 读取文件成功
2017-02-03T02:04:27: 读取文件成功
2017-02-03T02:04:37: 读取文件成功
2017-02-03T02:04:47: 读取文件成功
2017-02-03T02:04:57: 读取文件成功
2017-02-03T02:05:07: 读取文件成功
2017-02-03T02:05:17: 读取文件成功
2017-02-03T02:05:28: 读取文件成功
2017-02-03T02:05:38: 读取文件成功
2017-02-03T02:05:48: 读取文件成功
2017-02-03T02:05:58: 读取文件成功
2017-02-03T02:06:08: 读取文件成功
2017-02-03T02:06:18: 读取文件成功
2017-02-03T02:06:28: 读取文件成功
2017-02-03T02:06:38: 读取文件成功
2017-02-03T02:06:48: 读取文件成功
2017-02-03T02:06:58: 读取文件成功
2017-02-03T02:07:08: 读取文件成功
2017-02-03T02:07:18: 读取文件成功
2017-02-03T02:07:28: 读取文件成功
2017-02-03T02:07:38: 读取文件成功
2017-02-03T02:07:48: 读取文件成功
2017-02-03T02:07:58: 读取文件成功
2017-02-03T02:08:08: 读取文件成功
2017-02-03T02:08:18: 读取文件成功
2017-02-03T02:08:28: 读取文件成功
2017-02-03T02:08:38: 读取文件成功
2017-02-03T02:08:48: 读取文件成功
2017-02-03T02:08:58: 读取文件成功
2017-02-03T02:09:08: 读取文件成功
2017-02-03T02:09:18: 读取文件成功
2017-02-03T02:09:28: 读取文件成功
2017-02-03T02:09:38: 读取文件成功
2017-02-03T02:09:48: 读取文件成功
2017-02-03T02:09:58: 读取文件成功
2017-02-03T02:10:08: 读取文件成功
2017-02-03T02:10:18: 读取文件成功
2017-02-03T02:10:28: 读取文件成功
2017-02-03T02:10:38: 读取文件成功
2017-02-03T02:10:48: 读取文件成功
2017-02-03T02:10:58: 读取文件成功
2017-02-03T02:11:08: 读取文件成功
2017-02-03T02:11:18: 读取文件成功
2017-02-03T02:11:28: 读取文件成功
2017-02-03T02:11:38: 读取文件成功
2017-02-03T02:11:48: 读取文件成功
2017-02-03T02:11:58: 读取文件成功
2017-02-03T02:12:08: 读取文件成功
2017-02-03T02:12:18: 读取文件成功
2017-02-03T02:12:28: 读取文件成功
2017-02-03T02:12:38: 读取文件成功
2017-02-03T02:12:48: 读取文件成功
2017-02-03T02:12:58: 读取文件成功
2017-02-03T02:13:08: 读取文件成功
2017-02-03T02:13:18: 读取文件成功
2017-02-03T02:13:28: 读取文件成功
2017-02-03T02:13:38: 读取文件成功
2017-02-03T02:13:48: 读取文件成功
2017-02-03T02:13:58: 读取文件成功
2017-02-03T02:14:08: 读取文件成功
2017-02-03T02:14:18: 读取文件成功
2017-02-03T02:14:28: 读取文件成功
2017-02-03T02:14:38: 读取文件成功
2017-02-03T02:14:48: 读取文件成功
2017-02-03T02:14:58: 读取文件成功
2017-02-03T02:15:08: 读取文件成功
2017-02-03T02:15:18: 读取文件成功
2017-02-03T02:15:28: 读取文件成功
2017-02-03T02:15:38: 读取文件成功
2017-02-03T02:15:48: 读取文件成功
2017-02-03T02:15:58: 读取文件成功
2017-02-03T02:16:08: 读取文件成功
2017-02-03T02:16:18: 读取文件成功
2017-02-03T02:16:28: 读取文件成功
2017-02-03T02:16:38: 读取文件成功
2017-02-03T02:16:48: 读取文件成功
2017-02-03T02:16:58: 读取文件成功
2017-02-03T02:17:08: 读取文件成功
2017-02-03T02:17:18: 读取文件成功
2017-02-03T02:17:28: 读取文件成功
2017-02-03T02:17:38: 读取文件成功
2017-02-03T02:17:48: 读取文件成功
2017-02-03T02:17:58: 读取文件成功
2017-02-03T02:18:08: 读取文件成功
2017-02-03T02:18:18: 读取文件成功
2017-02-03T02:18:28: 读取文件成功
2017-02-03T02:18:38: 读取文件成功
2017-02-03T02:18:48: 读取文件成功
2017-02-03T02:18:58: 读取文件成功
2017-02-03T02:19:08: 读取文件成功
2017-02-03T02:19:18: 读取文件成功
2017-02-03T02:19:28: 读取文件成功
2017-02-03T02:19:38: 读取文件成功
2017-02-03T02:19:48: 读取文件成功
2017-02-03T02:19:58: 读取文件成功
2017-02-03T02:20:08: 读取文件成功
2017-02-03T02:20:18: 读取文件成功
2017-02-03T02:20:28: 读取文件成功
2017-02-03T02:20:38: 读取文件成功
2017-02-03T02:20:48: 读取文件成功
2017-02-03T02:20:58: 读取文件成功
2017-02-03T02:21:08: 读取文件成功
2017-02-03T02:21:18: 读取文件成功
2017-02-03T02:21:28: 读取文件成功
2017-02-03T02:21:38: 读取文件成功
2017-02-03T02:21:48: 读取文件成功
2017-02-03T02:21:58: 读取文件成功
2017-02-03T02:22:08: 读取文件成功
2017-02-03T02:22:18: 读取文件成功
2017-02-03T02:22:28: 读取文件成功
2017-02-03T02:22:38: 读取文件成功
2017-02-03T02:22:49: 读取文件成功
2017-02-03T02:22:59: 读取文件成功
2017-02-03T02:23:09: 读取文件成功
2017-02-03T02:23:19: 读取文件成功
2017-02-03T02:23:29: 读取文件成功
2017-02-03T02:23:39: 读取文件成功
2017-02-03T02:23:49: 读取文件成功
2017-02-03T02:23:59: 读取文件成功
2017-02-03T02:24:09: 读取文件成功
2017-02-03T02:24:19: 读取文件成功
2017-02-03T02:24:29: 读取文件成功
2017-02-03T02:24:39: 读取文件成功
2017-02-03T02:24:49: 读取文件成功
2017-02-03T02:24:59: 读取文件成功
2017-02-03T02:25:09: 读取文件成功
2017-02-03T02:25:19: 读取文件成功
2017-02-03T02:25:29: 读取文件成功
2017-02-03T02:25:39: 读取文件成功
2017-02-03T02:25:49: 读取文件成功
2017-02-03T02:25:59: 读取文件成功
2017-02-03T02:26:09: 读取文件成功
2017-02-03T02:26:19: 读取文件成功
2017-02-03T02:26:29: 读取文件成功
2017-02-03T02:26:39: 读取文件成功
2017-02-03T02:26:49: 读取文件成功
2017-02-03T02:26:59: 读取文件成功
2017-02-03T02:27:09: 读取文件成功
2017-02-03T02:27:19: 读取文件成功
2017-02-03T02:27:29: 读取文件成功
2017-02-03T02:27:39: 读取文件成功
2017-02-03T02:27:49: 读取文件成功
2017-02-03T02:27:59: 读取文件成功
2017-02-03T02:28:09: 读取文件成功
2017-02-03T02:28:19: 读取文件成功
2017-02-03T02:28:29: 读取文件成功
2017-02-03T02:28:39: 读取文件成功
2017-02-03T02:28:49: 读取文件成功
2017-02-03T02:28:59: 读取文件成功
2017-02-03T02:29:09: 读取文件成功
2017-02-03T02:29:19: 读取文件成功
2017-02-03T02:29:29: 读取文件成功
2017-02-03T02:29:39: 读取文件成功
2017-02-03T02:29:49: 读取文件成功
2017-02-03T02:29:59: 读取文件成功
2017-02-03T02:30:09: 读取文件成功
2017-02-03T02:30:19: 读取文件成功
2017-02-03T02:30:29: 读取文件成功
2017-02-03T02:30:39: 读取文件成功
2017-02-03T02:30:49: 读取文件成功
2017-02-03T02:30:59: 读取文件成功
2017-02-03T02:31:09: 读取文件成功
2017-02-03T02:31:19: 读取文件成功
2017-02-03T02:31:29: 读取文件成功
2017-02-03T02:31:39: 读取文件成功
2017-02-03T02:31:49: 读取文件成功
2017-02-03T02:31:59: 读取文件成功
2017-02-03T02:32:09: 读取文件成功
2017-02-03T02:32:19: 读取文件成功
2017-02-03T02:32:29: 读取文件成功
2017-02-03T02:32:39: 读取文件成功
2017-02-03T02:32:49: 读取文件成功
2017-02-03T02:32:59: 读取文件成功
2017-02-03T02:33:09: 读取文件成功
2017-02-03T02:33:19: 读取文件成功
2017-02-03T02:33:29: 读取文件成功
2017-02-03T02:33:39: 读取文件成功
2017-02-03T02:33:49: 读取文件成功
2017-02-03T02:33:59: 读取文件成功
2017-02-03T02:34:09: 读取文件成功
2017-02-03T02:34:19: 读取文件成功
2017-02-03T02:34:29: 读取文件成功
2017-02-03T02:34:39: 读取文件成功
2017-02-03T02:34:49: 读取文件成功
2017-02-03T02:34:59: 读取文件成功
2017-02-03T02:35:09: 读取文件成功
2017-02-03T02:35:19: 读取文件成功
2017-02-03T02:35:29: 读取文件成功
2017-02-03T02:35:39: 读取文件成功
2017-02-03T02:35:49: 读取文件成功
2017-02-03T02:35:59: 读取文件成功
2017-02-03T02:36:09: 读取文件成功
2017-02-03T02:36:19: 读取文件成功
2017-02-03T02:36:29: 读取文件成功
2017-02-03T02:36:40: 读取文件成功
2017-02-03T02:36:50: 读取文件成功
2017-02-03T02:37:01: 读取文件成功
2017-02-03T02:37:09: 读取文件成功
2017-02-03T02:37:20: 读取文件成功
2017-02-03T02:37:30: 读取文件成功
2017-02-03T02:37:41: 读取文件成功
2017-02-03T02:37:50: 读取文件成功
2017-02-03T02:38:01: 读取文件成功
2017-02-03T02:38:11: 读取文件成功
2017-02-03T02:38:20: 读取文件成功
2017-02-03T02:38:31: 读取文件成功
2017-02-03T02:38:40: 读取文件成功
2017-02-03T02:38:53: 读取文件成功
2017-02-03T02:39:00: 读取文件成功
2017-02-03T02:39:11: 读取文件成功
2017-02-03T02:39:20: 读取文件成功
2017-02-03T02:39:30: 读取文件成功
2017-02-03T02:39:41: 读取文件成功
2017-02-03T02:39:50: 读取文件成功
2017-02-03T02:40:00: 读取文件成功
2017-02-03T02:40:10: 读取文件成功
2017-02-03T02:40:21: 读取文件成功
2017-02-03T02:40:32: 读取文件成功
2017-02-03T02:40:40: 读取文件成功
2017-02-03T02:40:50: 读取文件成功
2017-02-03T02:41:01: 读取文件成功
2017-02-03T02:41:10: 读取文件成功
2017-02-03T02:41:20: 读取文件成功
2017-02-03T02:41:30: 读取文件成功
2017-02-03T02:41:40: 读取文件成功
2017-02-03T02:41:50: 读取文件成功
2017-02-03T02:42:01: 读取文件成功
2017-02-03T02:42:10: 读取文件成功
2017-02-03T02:42:20: 读取文件成功
2017-02-03T02:42:30: 读取文件成功
2017-02-03T02:42:40: 读取文件成功
2017-02-03T02:42:52: 读取文件成功
2017-02-03T02:43:00: 读取文件成功
2017-02-03T02:43:11: 读取文件成功
2017-02-03T02:43:20: 读取文件成功
2017-02-03T02:43:32: 读取文件成功
2017-02-03T02:43:40: 读取文件成功
2017-02-03T02:43:51: 读取文件成功
2017-02-03T02:44:02: 读取文件成功
2017-02-03T02:44:10: 读取文件成功
2017-02-03T02:44:20: 读取文件成功
2017-02-03T02:44:30: 读取文件成功
2017-02-03T02:44:40: 读取文件成功
2017-02-03T02:44:51: 读取文件成功
2017-02-03T02:45:00: 读取文件成功
2017-02-03T02:45:10: 读取文件成功
2017-02-03T02:45:20: 读取文件成功
2017-02-03T02:45:30: 读取文件成功
2017-02-03T02:45:40: 读取文件成功
2017-02-03T02:45:51: 读取文件成功
2017-02-03T02:46:01: 读取文件成功
2017-02-03T02:46:10: 读取文件成功
2017-02-03T02:46:20: 读取文件成功
2017-02-03T02:46:30: 读取文件成功
2017-02-03T02:46:41: 读取文件成功
2017-02-03T02:46:50: 读取文件成功
2017-02-03T02:47:01: 读取文件成功
2017-02-03T02:47:10: 读取文件成功
2017-02-03T02:47:20: 读取文件成功
2017-02-03T02:47:30: 读取文件成功
2017-02-03T02:47:43: 读取文件成功
2017-02-03T02:47:50: 读取文件成功
2017-02-03T02:48:00: 读取文件成功
2017-02-03T02:48:10: 读取文件成功
2017-02-03T02:48:20: 读取文件成功
2017-02-03T02:48:33: 读取文件成功
2017-02-03T02:48:41: 读取文件成功
2017-02-03T02:48:50: 读取文件成功
2017-02-03T02:49:00: 读取文件成功
2017-02-03T02:49:11: 读取文件成功
2017-02-03T02:49:21: 读取文件成功
2017-02-03T02:49:32: 读取文件成功
2017-02-03T02:49:41: 读取文件成功
2017-02-03T02:49:51: 读取文件成功
2017-02-03T02:50:01: 读取文件成功
2017-02-03T02:50:12: 读取文件成功
2017-02-03T02:50:21: 读取文件成功
2017-02-03T02:50:30: 读取文件成功
2017-02-03T02:50:41: 读取文件成功
2017-02-03T02:50:52: 读取文件成功
2017-02-03T02:51:00: 读取文件成功
2017-02-03T02:51:11: 读取文件成功
2017-02-03T02:51:21: 读取文件成功
2017-02-03T02:51:32: 读取文件成功
2017-02-03T02:51:41: 读取文件成功
2017-02-03T02:51:51: 读取文件成功
2017-02-03T02:52:02: 读取文件成功
2017-02-03T02:52:11: 读取文件成功
2017-02-03T02:52:21: 读取文件成功
2017-02-03T02:52:31: 读取文件成功
2017-02-03T02:52:41: 读取文件成功
2017-02-03T02:52:51: 读取文件成功
2017-02-03T02:53:02: 读取文件成功
2017-02-03T02:53:10: 读取文件成功
2017-02-03T02:53:21: 读取文件成功
2017-02-03T02:53:31: 读取文件成功
2017-02-03T02:53:40: 读取文件成功
2017-02-03T02:53:51: 读取文件成功
2017-02-03T02:54:01: 读取文件成功
2017-02-03T02:54:11: 读取文件成功
2017-02-03T02:54:21: 读取文件成功
2017-02-03T02:54:31: 读取文件成功
2017-02-03T02:54:43: 读取文件成功
2017-02-03T02:54:51: 读取文件成功
2017-02-03T02:55:01: 读取文件成功
2017-02-03T02:55:11: 读取文件成功
2017-02-03T02:55:21: 读取文件成功
2017-02-03T02:55:31: 读取文件成功
2017-02-03T02:55:42: 读取文件成功
2017-02-03T02:55:51: 读取文件成功
2017-02-03T02:56:01: 读取文件成功
2017-02-03T02:56:11: 读取文件成功
2017-02-03T02:56:21: 读取文件成功
2017-02-03T02:56:31: 读取文件成功
2017-02-03T02:56:41: 读取文件成功
2017-02-03T02:56:51: 读取文件成功
2017-02-03T02:57:02: 读取文件成功
2017-02-03T02:57:11: 读取文件成功
2017-02-03T02:57:23: 读取文件成功
2017-02-03T02:57:31: 读取文件成功
2017-02-03T02:57:41: 读取文件成功
2017-02-03T02:57:51: 读取文件成功
2017-02-03T02:58:02: 读取文件成功
2017-02-03T02:58:11: 读取文件成功
2017-02-03T02:58:22: 读取文件成功
2017-02-03T02:58:32: 读取文件成功
2017-02-03T02:58:41: 读取文件成功
2017-02-03T02:58:51: 读取文件成功
2017-02-03T02:59:01: 读取文件成功
2017-02-03T02:59:11: 读取文件成功
2017-02-03T02:59:21: 读取文件成功
2017-02-03T02:59:31: 读取文件成功
2017-02-03T02:59:41: 读取文件成功
2017-02-03T02:59:52: 读取文件成功
2017-02-03T03:00:01: 读取文件成功
2017-02-03T03:00:11: 读取文件成功
2017-02-03T03:00:21: 读取文件成功
2017-02-03T03:00:31: 读取文件成功
2017-02-03T03:00:42: 读取文件成功
2017-02-03T03:00:51: 读取文件成功
2017-02-03T03:01:01: 读取文件成功
2017-02-03T03:01:12: 读取文件成功
2017-02-03T03:01:21: 读取文件成功
2017-02-03T03:01:31: 读取文件成功
2017-02-03T03:01:41: 读取文件成功
2017-02-03T03:01:51: 读取文件成功
2017-02-03T03:02:02: 读取文件成功
2017-02-03T03:02:11: 读取文件成功
2017-02-03T03:02:22: 读取文件成功
2017-02-03T03:02:32: 读取文件成功
2017-02-03T03:02:41: 读取文件成功
2017-02-03T03:02:51: 读取文件成功
2017-02-03T03:03:02: 读取文件成功
2017-02-03T03:03:11: 读取文件成功
2017-02-03T03:03:21: 读取文件成功
2017-02-03T03:03:32: 读取文件成功
2017-02-03T03:03:42: 读取文件成功
2017-02-03T03:03:51: 读取文件成功
2017-02-03T03:04:01: 读取文件成功
2017-02-03T03:04:11: 读取文件成功
2017-02-03T03:04:21: 读取文件成功
2017-02-03T03:04:32: 读取文件成功
2017-02-03T03:04:52: 读取文件成功
2017-02-03T03:05:04: 读取文件成功
2017-02-03T03:05:18: 读取文件成功
2017-02-03T03:05:41: 读取文件成功
2017-02-03T03:06:05: 读取文件成功
2017-02-03T03:06:05: 读取文件成功
2017-02-03T03:06:21: 读取文件成功
2017-02-03T03:06:23: 读取文件成功
2017-02-03T03:06:27: 读取文件成功
2017-02-03T03:06:28: 读取文件成功
2017-02-03T03:06:42: 读取文件成功
2017-02-03T03:07:33: 读取文件成功
2017-02-03T03:07:34: 读取文件成功
2017-02-03T03:07:43: 读取文件成功
2017-02-03T03:07:47: 读取文件成功
2017-02-03T03:07:53: 读取文件成功
2017-02-03T03:08:22: 读取文件成功
2017-02-03T03:08:24: 读取文件成功
2017-02-03T03:08:33: 读取文件成功
2017-02-03T03:09:02: 读取文件成功
2017-02-03T03:09:04: 读取文件成功
2017-02-03T03:09:11: 读取文件成功
2017-02-03T03:09:12: 读取文件成功
2017-02-03T03:09:12: 读取文件成功
2017-02-03T03:09:22: 读取文件成功
2017-02-03T03:09:23: 读取文件成功
2017-02-03T03:09:32: 读取文件成功
2017-02-03T03:09:42: 读取文件成功
2017-02-03T03:09:51: 读取文件成功
2017-02-03T03:10:02: 读取文件成功
2017-02-03T03:10:12: 读取文件成功
2017-02-03T03:10:22: 读取文件成功
2017-02-03T03:10:32: 读取文件成功
2017-02-03T03:10:42: 读取文件成功
2017-02-03T03:10:52: 读取文件成功
2017-02-03T03:11:02: 读取文件成功
2017-02-03T03:11:12: 读取文件成功
2017-02-03T03:11:22: 读取文件成功
2017-02-03T03:11:32: 读取文件成功
2017-02-03T03:11:42: 读取文件成功
2017-02-03T03:11:52: 读取文件成功
2017-02-03T03:12:02: 读取文件成功
2017-02-03T03:12:12: 读取文件成功
2017-02-03T03:12:22: 读取文件成功
2017-02-03T03:12:32: 读取文件成功
2017-02-03T03:12:42: 读取文件成功
2017-02-03T03:12:52: 读取文件成功
2017-02-03T03:13:02: 读取文件成功
2017-02-03T03:13:12: 读取文件成功
2017-02-03T03:13:22: 读取文件成功
2017-02-03T03:13:33: 读取文件成功
2017-02-03T03:13:43: 读取文件成功
2017-02-03T03:13:52: 读取文件成功
2017-02-03T03:14:02: 读取文件成功
2017-02-03T03:14:12: 读取文件成功
2017-02-03T03:14:22: 读取文件成功
2017-02-03T03:14:32: 读取文件成功
2017-02-03T03:14:42: 读取文件成功
2017-02-03T03:14:52: 读取文件成功
2017-02-03T03:15:02: 读取文件成功
2017-02-03T03:15:12: 读取文件成功
2017-02-03T03:15:22: 读取文件成功
2017-02-03T03:15:32: 读取文件成功
2017-02-03T03:15:42: 读取文件成功
2017-02-03T03:15:52: 读取文件成功
2017-02-03T03:16:02: 读取文件成功
2017-02-03T03:16:12: 读取文件成功
2017-02-03T03:16:22: 读取文件成功
2017-02-03T03:16:32: 读取文件成功
2017-02-03T03:16:42: 读取文件成功
2017-02-03T03:16:52: 读取文件成功
2017-02-03T03:17:02: 读取文件成功
2017-02-03T03:17:12: 读取文件成功
2017-02-03T03:17:22: 读取文件成功
2017-02-03T03:17:34: 读取文件成功
2017-02-03T03:17:42: 读取文件成功
2017-02-03T03:17:52: 读取文件成功
2017-02-03T03:18:02: 读取文件成功
2017-02-03T03:18:12: 读取文件成功
2017-02-03T03:18:23: 读取文件成功
2017-02-03T03:18:33: 读取文件成功
2017-02-03T03:18:42: 读取文件成功
2017-02-03T03:18:53: 读取文件成功
2017-02-03T03:19:02: 读取文件成功
2017-02-03T03:19:13: 读取文件成功
2017-02-03T03:19:22: 读取文件成功
2017-02-03T03:19:32: 读取文件成功
2017-02-03T03:19:42: 读取文件成功
2017-02-03T03:19:53: 读取文件成功
2017-02-03T03:20:02: 读取文件成功
2017-02-03T03:20:12: 读取文件成功
2017-02-03T03:20:22: 读取文件成功
2017-02-03T03:20:32: 读取文件成功
2017-02-03T03:20:42: 读取文件成功
2017-02-03T03:20:52: 读取文件成功
2017-02-03T03:21:02: 读取文件成功
2017-02-03T03:21:12: 读取文件成功
2017-02-03T03:21:22: 读取文件成功
2017-02-03T03:21:32: 读取文件成功
2017-02-03T03:21:42: 读取文件成功
2017-02-03T03:21:52: 读取文件成功
2017-02-03T03:22:02: 读取文件成功
2017-02-03T03:22:12: 读取文件成功
2017-02-03T03:22:22: 读取文件成功
2017-02-03T03:22:32: 读取文件成功
2017-02-03T03:22:42: 读取文件成功
2017-02-03T03:22:52: 读取文件成功
2017-02-03T03:23:02: 读取文件成功
2017-02-03T03:23:12: 读取文件成功
2017-02-03T03:23:22: 读取文件成功
2017-02-03T03:23:32: 读取文件成功
2017-02-03T03:23:42: 读取文件成功
2017-02-03T03:23:52: 读取文件成功
2017-02-03T03:24:02: 读取文件成功
2017-02-03T03:24:12: 读取文件成功
2017-02-03T03:24:22: 读取文件成功
2017-02-03T03:24:32: 读取文件成功
2017-02-03T03:24:42: 读取文件成功
2017-02-03T03:24:52: 读取文件成功
2017-02-03T03:25:02: 读取文件成功
2017-02-03T03:25:12: 读取文件成功
2017-02-03T03:25:22: 读取文件成功
2017-02-03T03:25:32: 读取文件成功
2017-02-03T03:25:43: 读取文件成功
2017-02-03T03:25:53: 读取文件成功
2017-02-03T03:26:03: 读取文件成功
2017-02-03T03:26:13: 读取文件成功
2017-02-03T03:26:23: 读取文件成功
2017-02-03T03:26:33: 读取文件成功
2017-02-03T03:26:43: 读取文件成功
2017-02-03T03:26:53: 读取文件成功
2017-02-03T03:27:03: 读取文件成功
2017-02-03T03:27:13: 读取文件成功
2017-02-03T03:27:23: 读取文件成功
2017-02-03T03:27:33: 读取文件成功
2017-02-03T03:27:43: 读取文件成功
2017-02-03T03:27:53: 读取文件成功
2017-02-03T03:28:03: 读取文件成功
2017-02-03T03:28:13: 读取文件成功
2017-02-03T03:28:23: 读取文件成功
2017-02-03T03:28:33: 读取文件成功
2017-02-03T03:28:43: 读取文件成功
2017-02-03T03:28:53: 读取文件成功
2017-02-03T03:29:03: 读取文件成功
2017-02-03T03:29:13: 读取文件成功
2017-02-03T03:29:23: 读取文件成功
2017-02-03T03:29:33: 读取文件成功
2017-02-03T03:29:43: 读取文件成功
2017-02-03T03:29:53: 读取文件成功
2017-02-03T03:30:03: 读取文件成功
2017-02-03T03:30:13: 读取文件成功
2017-02-03T03:30:23: 读取文件成功
2017-02-03T03:30:33: 读取文件成功
2017-02-03T03:30:43: 读取文件成功
2017-02-03T03:30:53: 读取文件成功
2017-02-03T03:31:03: 读取文件成功
2017-02-03T03:31:13: 读取文件成功
2017-02-03T03:31:23: 读取文件成功
2017-02-03T03:31:33: 读取文件成功
2017-02-03T03:31:43: 读取文件成功
2017-02-03T03:31:53: 读取文件成功
2017-02-03T03:32:03: 读取文件成功
2017-02-03T03:32:13: 读取文件成功
2017-02-03T03:32:23: 读取文件成功
2017-02-03T03:32:33: 读取文件成功
2017-02-03T03:32:43: 读取文件成功
2017-02-03T03:32:53: 读取文件成功
2017-02-03T03:33:03: 读取文件成功
2017-02-03T03:33:13: 读取文件成功
2017-02-03T03:33:23: 读取文件成功
2017-02-03T03:33:33: 读取文件成功
2017-02-03T03:33:43: 读取文件成功
2017-02-03T03:33:53: 读取文件成功
2017-02-03T03:34:03: 读取文件成功
2017-02-03T03:34:13: 读取文件成功
2017-02-03T03:34:23: 读取文件成功
2017-02-03T03:34:33: 读取文件成功
2017-02-03T03:34:43: 读取文件成功
2017-02-03T03:34:53: 读取文件成功
2017-02-03T03:35:03: 读取文件成功
2017-02-03T03:35:13: 读取文件成功
2017-02-03T03:35:23: 读取文件成功
2017-02-03T03:35:33: 读取文件成功
2017-02-03T03:35:43: 读取文件成功
2017-02-03T03:35:53: 读取文件成功
2017-02-03T03:36:03: 读取文件成功
2017-02-03T03:36:13: 读取文件成功
2017-02-03T03:36:23: 读取文件成功
2017-02-03T03:36:33: 读取文件成功
2017-02-03T03:36:43: 读取文件成功
2017-02-03T03:36:53: 读取文件成功
2017-02-03T03:37:03: 读取文件成功
2017-02-03T03:37:13: 读取文件成功
2017-02-03T03:37:23: 读取文件成功
2017-02-03T03:37:33: 读取文件成功
2017-02-03T03:37:43: 读取文件成功
2017-02-03T03:37:53: 读取文件成功
2017-02-03T03:38:03: 读取文件成功
2017-02-03T03:38:13: 读取文件成功
2017-02-03T03:38:23: 读取文件成功
2017-02-03T03:38:33: 读取文件成功
2017-02-03T03:38:43: 读取文件成功
2017-02-03T03:38:53: 读取文件成功
2017-02-03T03:39:03: 读取文件成功
2017-02-03T03:39:13: 读取文件成功
2017-02-03T03:39:23: 读取文件成功
2017-02-03T03:39:33: 读取文件成功
2017-02-03T03:39:43: 读取文件成功
2017-02-03T03:39:53: 读取文件成功
2017-02-03T03:40:03: 读取文件成功
2017-02-03T03:40:13: 读取文件成功
2017-02-03T03:40:23: 读取文件成功
2017-02-03T03:40:33: 读取文件成功
2017-02-03T03:40:43: 读取文件成功
2017-02-03T03:40:53: 读取文件成功
2017-02-03T03:41:03: 读取文件成功
2017-02-03T03:41:13: 读取文件成功
2017-02-03T03:41:23: 读取文件成功
2017-02-03T03:41:33: 读取文件成功
2017-02-03T03:41:43: 读取文件成功
2017-02-03T03:41:54: 读取文件成功
2017-02-03T03:42:04: 读取文件成功
2017-02-03T03:42:14: 读取文件成功
2017-02-03T03:42:24: 读取文件成功
2017-02-03T03:42:34: 读取文件成功
2017-02-03T03:42:44: 读取文件成功
2017-02-03T03:42:54: 读取文件成功
2017-02-03T03:43:04: 读取文件成功
2017-02-03T03:43:14: 读取文件成功
2017-02-03T03:43:24: 读取文件成功
2017-02-03T03:43:34: 读取文件成功
2017-02-03T03:43:44: 读取文件成功
2017-02-03T03:43:54: 读取文件成功
2017-02-03T03:44:04: 读取文件成功
2017-02-03T03:44:14: 读取文件成功
2017-02-03T03:44:24: 读取文件成功
2017-02-03T03:44:34: 读取文件成功
2017-02-03T03:44:44: 读取文件成功
2017-02-03T03:44:54: 读取文件成功
2017-02-03T03:45:04: 读取文件成功
2017-02-03T03:45:14: 读取文件成功
2017-02-03T03:45:24: 读取文件成功
2017-02-03T03:45:34: 读取文件成功
2017-02-03T03:45:44: 读取文件成功
2017-02-03T03:45:54: 读取文件成功
2017-02-03T03:46:04: 读取文件成功
2017-02-03T03:46:14: 读取文件成功
2017-02-03T03:46:24: 读取文件成功
2017-02-03T03:46:34: 读取文件成功
2017-02-03T03:46:44: 读取文件成功
2017-02-03T03:46:54: 读取文件成功
2017-02-03T03:47:04: 读取文件成功
2017-02-03T03:47:14: 读取文件成功
2017-02-03T03:47:24: 读取文件成功
2017-02-03T03:47:34: 读取文件成功
2017-02-03T03:47:44: 读取文件成功
2017-02-03T03:47:54: 读取文件成功
2017-02-03T03:48:04: 读取文件成功
2017-02-03T03:48:14: 读取文件成功
2017-02-03T03:48:24: 读取文件成功
2017-02-03T03:48:34: 读取文件成功
2017-02-03T03:48:44: 读取文件成功
2017-02-03T03:48:54: 读取文件成功
2017-02-03T03:49:04: 读取文件成功
2017-02-03T03:49:14: 读取文件成功
2017-02-03T03:49:24: 读取文件成功
2017-02-03T03:49:34: 读取文件成功
2017-02-03T03:49:44: 读取文件成功
2017-02-03T03:49:54: 读取文件成功
2017-02-03T03:50:04: 读取文件成功
2017-02-03T03:50:14: 读取文件成功
2017-02-03T03:50:24: 读取文件成功
2017-02-03T03:50:34: 读取文件成功
2017-02-03T03:50:44: 读取文件成功
2017-02-03T03:50:54: 读取文件成功
2017-02-03T03:51:04: 读取文件成功
2017-02-03T03:51:14: 读取文件成功
2017-02-03T03:51:24: 读取文件成功
2017-02-03T03:51:34: 读取文件成功
2017-02-03T03:51:44: 读取文件成功
2017-02-03T03:51:54: 读取文件成功
2017-02-03T03:52:04: 读取文件成功
2017-02-03T03:52:14: 读取文件成功
2017-02-03T03:52:24: 读取文件成功
2017-02-03T03:52:34: 读取文件成功
2017-02-03T03:52:44: 读取文件成功
2017-02-03T03:52:54: 读取文件成功
2017-02-03T03:53:04: 读取文件成功
2017-02-03T03:53:14: 读取文件成功
2017-02-03T03:53:24: 读取文件成功
2017-02-03T03:53:34: 读取文件成功
2017-02-03T03:53:44: 读取文件成功
2017-02-03T03:53:54: 读取文件成功
2017-02-03T03:54:04: 读取文件成功
2017-02-03T03:54:14: 读取文件成功
2017-02-03T03:54:24: 读取文件成功
2017-02-03T03:54:34: 读取文件成功
2017-02-03T03:54:44: 读取文件成功
2017-02-03T03:54:54: 读取文件成功
2017-02-03T03:55:04: 读取文件成功
2017-02-03T03:55:14: 读取文件成功
2017-02-03T03:55:24: 读取文件成功
2017-02-03T03:55:34: 读取文件成功
2017-02-03T03:55:44: 读取文件成功
2017-02-03T03:55:55: 读取文件成功
2017-02-03T03:56:05: 读取文件成功
2017-02-03T03:56:15: 读取文件成功
2017-02-03T03:56:25: 读取文件成功
2017-02-03T03:56:35: 读取文件成功
2017-02-03T03:56:45: 读取文件成功
2017-02-03T03:56:55: 读取文件成功
2017-02-03T03:57:05: 读取文件成功
2017-02-03T03:57:15: 读取文件成功
2017-02-03T03:57:25: 读取文件成功
2017-02-03T03:57:35: 读取文件成功
2017-02-03T03:57:45: 读取文件成功
2017-02-03T03:57:55: 读取文件成功
2017-02-03T03:58:05: 读取文件成功
2017-02-03T03:58:15: 读取文件成功
2017-02-03T03:58:25: 读取文件成功
2017-02-03T03:58:35: 读取文件成功
2017-02-03T03:58:45: 读取文件成功
2017-02-03T03:58:55: 读取文件成功
2017-02-03T03:59:05: 读取文件成功
2017-02-03T03:59:15: 读取文件成功
2017-02-03T03:59:25: 读取文件成功
2017-02-03T03:59:35: 读取文件成功
2017-02-03T03:59:45: 读取文件成功
2017-02-03T03:59:55: 读取文件成功
2017-02-03T04:00:05: 读取文件成功
2017-02-03T04:00:15: 读取文件成功
2017-02-03T04:00:25: 读取文件成功
2017-02-03T04:00:35: 读取文件成功
2017-02-03T04:00:45: 读取文件成功
2017-02-03T04:00:55: 读取文件成功
2017-02-03T04:01:05: 读取文件成功
2017-02-03T04:01:15: 读取文件成功
2017-02-03T04:01:25: 读取文件成功
2017-02-03T04:01:35: 读取文件成功
2017-02-03T04:01:45: 读取文件成功
2017-02-03T04:01:55: 读取文件成功
2017-02-03T04:02:05: 读取文件成功
2017-02-03T04:02:15: 读取文件成功
2017-02-03T04:02:25: 读取文件成功
2017-02-03T04:02:35: 读取文件成功
2017-02-03T04:02:45: 读取文件成功
2017-02-03T04:02:55: 读取文件成功
2017-02-03T04:03:05: 读取文件成功
2017-02-03T04:03:15: 读取文件成功
2017-02-03T04:03:25: 读取文件成功
2017-02-03T04:03:35: 读取文件成功
2017-02-03T04:03:45: 读取文件成功
2017-02-03T04:03:55: 读取文件成功
2017-02-03T04:04:05: 读取文件成功
2017-02-03T04:04:15: 读取文件成功
2017-02-03T04:04:25: 读取文件成功
2017-02-03T04:04:35: 读取文件成功
2017-02-03T04:04:45: 读取文件成功
2017-02-03T04:04:55: 读取文件成功
2017-02-03T04:05:05: 读取文件成功
2017-02-03T04:05:15: 读取文件成功
2017-02-03T04:05:25: 读取文件成功
2017-02-03T04:05:35: 读取文件成功
2017-02-03T04:05:45: 读取文件成功
2017-02-03T04:05:55: 读取文件成功
2017-02-03T04:06:05: 读取文件成功
2017-02-03T04:06:15: 读取文件成功
2017-02-03T04:06:25: 读取文件成功
2017-02-03T04:06:35: 读取文件成功
2017-02-03T04:06:45: 读取文件成功
2017-02-03T04:06:55: 读取文件成功
2017-02-03T04:07:05: 读取文件成功
2017-02-03T04:07:15: 读取文件成功
2017-02-03T04:07:25: 读取文件成功
2017-02-03T04:07:35: 读取文件成功
2017-02-03T04:07:45: 读取文件成功
2017-02-03T04:07:55: 读取文件成功
2017-02-03T04:08:05: 读取文件成功
2017-02-03T04:08:15: 读取文件成功
2017-02-03T04:08:25: 读取文件成功
2017-02-03T04:08:35: 读取文件成功
2017-02-03T04:08:45: 读取文件成功
2017-02-03T04:08:55: 读取文件成功
2017-02-03T04:09:05: 读取文件成功
2017-02-03T04:09:15: 读取文件成功
2017-02-03T04:09:25: 读取文件成功
2017-02-03T04:09:35: 读取文件成功
2017-02-03T04:09:45: 读取文件成功
2017-02-03T04:09:55: 读取文件成功
2017-02-03T04:10:05: 读取文件成功
2017-02-03T04:10:15: 读取文件成功
2017-02-03T04:10:26: 读取文件成功
2017-02-03T04:10:35: 读取文件成功
2017-02-03T04:10:45: 读取文件成功
2017-02-03T04:10:56: 读取文件成功
2017-02-03T04:11:05: 读取文件成功
2017-02-03T04:11:16: 读取文件成功
2017-02-03T04:11:26: 读取文件成功
2017-02-03T04:11:36: 读取文件成功
2017-02-03T04:11:46: 读取文件成功
2017-02-03T04:11:56: 读取文件成功
2017-02-03T04:12:06: 读取文件成功
2017-02-03T04:12:16: 读取文件成功
2017-02-03T04:12:26: 读取文件成功
2017-02-03T04:12:36: 读取文件成功
2017-02-03T04:12:46: 读取文件成功
2017-02-03T04:12:56: 读取文件成功
2017-02-03T04:13:06: 读取文件成功
2017-02-03T04:13:17: 读取文件成功
2017-02-03T04:13:26: 读取文件成功
2017-02-03T04:13:36: 读取文件成功
2017-02-03T04:13:47: 读取文件成功
2017-02-03T04:13:56: 读取文件成功
2017-02-03T04:14:08: 读取文件成功
2017-02-03T04:14:16: 读取文件成功
2017-02-03T04:14:26: 读取文件成功
2017-02-03T04:14:36: 读取文件成功
2017-02-03T04:14:47: 读取文件成功
2017-02-03T04:14:56: 读取文件成功
2017-02-03T04:15:06: 读取文件成功
2017-02-03T04:15:16: 读取文件成功
2017-02-03T04:15:26: 读取文件成功
2017-02-03T04:15:36: 读取文件成功
2017-02-03T04:15:46: 读取文件成功
2017-02-03T04:16:05: 读取文件成功
2017-02-03T04:16:06: 读取文件成功
2017-02-03T04:16:16: 读取文件成功
2017-02-03T04:16:26: 读取文件成功
2017-02-03T04:16:37: 读取文件成功
2017-02-03T04:16:49: 读取文件成功
2017-02-03T04:16:56: 读取文件成功
2017-02-03T04:17:07: 读取文件成功
2017-02-03T04:17:16: 读取文件成功
2017-02-03T04:17:26: 读取文件成功
2017-02-03T04:17:36: 读取文件成功
2017-02-03T04:17:46: 读取文件成功
2017-02-03T04:17:56: 读取文件成功
2017-02-03T04:18:07: 读取文件成功
2017-02-03T04:18:16: 读取文件成功
2017-02-03T04:18:26: 读取文件成功
2017-02-03T04:18:36: 读取文件成功
2017-02-03T04:18:46: 读取文件成功
2017-02-03T04:18:56: 读取文件成功
2017-02-03T04:19:06: 读取文件成功
2017-02-03T04:19:16: 读取文件成功
2017-02-03T04:19:26: 读取文件成功
2017-02-03T04:19:37: 读取文件成功
2017-02-03T04:19:47: 读取文件成功
2017-02-03T04:19:56: 读取文件成功
2017-02-03T04:20:06: 读取文件成功
2017-02-03T04:20:18: 读取文件成功
2017-02-03T04:20:26: 读取文件成功
2017-02-03T04:20:38: 读取文件成功
2017-02-03T04:20:46: 读取文件成功
2017-02-03T04:20:56: 读取文件成功
2017-02-03T04:21:06: 读取文件成功
2017-02-03T04:21:17: 读取文件成功
2017-02-03T04:21:26: 读取文件成功
2017-02-03T04:21:37: 读取文件成功
2017-02-03T04:21:46: 读取文件成功
2017-02-03T04:21:58: 读取文件成功
2017-02-03T04:22:07: 读取文件成功
2017-02-03T04:22:20: 读取文件成功
2017-02-03T04:22:27: 读取文件成功
2017-02-03T04:22:36: 读取文件成功
2017-02-03T04:22:47: 读取文件成功
2017-02-03T04:22:58: 读取文件成功
2017-02-03T04:23:06: 读取文件成功
2017-02-03T04:23:17: 读取文件成功
2017-02-03T04:23:27: 读取文件成功
2017-02-03T04:23:37: 读取文件成功
2017-02-03T04:23:47: 读取文件成功
2017-02-03T04:23:57: 读取文件成功
2017-02-03T04:24:07: 读取文件成功
2017-02-03T04:24:17: 读取文件成功
2017-02-03T04:24:27: 读取文件成功
2017-02-03T04:24:38: 读取文件成功
2017-02-03T04:24:47: 读取文件成功
2017-02-03T04:24:59: 读取文件成功
2017-02-03T04:25:07: 读取文件成功
2017-02-03T04:25:17: 读取文件成功
2017-02-03T04:25:27: 读取文件成功
2017-02-03T04:25:39: 读取文件成功
2017-02-03T04:25:46: 读取文件成功
2017-02-03T04:25:57: 读取文件成功
2017-02-03T04:26:08: 读取文件成功
2017-02-03T04:26:17: 读取文件成功
2017-02-03T04:26:29: 读取文件成功
2017-02-03T04:26:37: 读取文件成功
2017-02-03T04:26:47: 读取文件成功
2017-02-03T04:26:57: 读取文件成功
2017-02-03T04:27:08: 读取文件成功
2017-02-03T04:27:17: 读取文件成功
2017-02-03T04:27:27: 读取文件成功
2017-02-03T04:27:38: 读取文件成功
2017-02-03T04:27:48: 读取文件成功
2017-02-03T04:27:57: 读取文件成功
2017-02-03T04:28:08: 读取文件成功
2017-02-03T04:28:18: 读取文件成功
2017-02-03T04:28:27: 读取文件成功
2017-02-03T04:28:38: 读取文件成功
2017-02-03T04:28:50: 读取文件成功
2017-02-03T04:28:57: 读取文件成功
2017-02-03T04:29:07: 读取文件成功
