2017-07-07T00:00:09: 非记录时间：2017-07-07T00:00:09+08:00
2017-07-07T00:01:09: 非记录时间：2017-07-07T00:01:09+08:00
2017-07-07T00:02:09: 非记录时间：2017-07-07T00:02:09+08:00
2017-07-07T00:03:09: 非记录时间：2017-07-07T00:03:09+08:00
2017-07-07T00:04:09: 非记录时间：2017-07-07T00:04:09+08:00
2017-07-07T00:05:09: 非记录时间：2017-07-07T00:05:09+08:00
2017-07-07T00:06:09: 非记录时间：2017-07-07T00:06:09+08:00
2017-07-07T00:07:09: 非记录时间：2017-07-07T00:07:09+08:00
2017-07-07T00:08:09: 非记录时间：2017-07-07T00:08:09+08:00
2017-07-07T00:09:09: 非记录时间：2017-07-07T00:09:09+08:00
2017-07-07T00:10:09: 非记录时间：2017-07-07T00:10:09+08:00
2017-07-07T00:11:09: 非记录时间：2017-07-07T00:11:09+08:00
2017-07-07T00:12:09: 非记录时间：2017-07-07T00:12:09+08:00
2017-07-07T00:13:09: 非记录时间：2017-07-07T00:13:09+08:00
2017-07-07T00:14:09: 非记录时间：2017-07-07T00:14:09+08:00
2017-07-07T00:15:09: 非记录时间：2017-07-07T00:15:09+08:00
2017-07-07T00:16:09: 非记录时间：2017-07-07T00:16:09+08:00
2017-07-07T00:17:09: 非记录时间：2017-07-07T00:17:09+08:00
2017-07-07T00:18:09: 非记录时间：2017-07-07T00:18:09+08:00
2017-07-07T00:19:09: 非记录时间：2017-07-07T00:19:09+08:00
2017-07-07T00:20:09: 非记录时间：2017-07-07T00:20:09+08:00
2017-07-07T00:21:09: 非记录时间：2017-07-07T00:21:09+08:00
2017-07-07T00:22:09: 非记录时间：2017-07-07T00:22:09+08:00
2017-07-07T00:23:09: 非记录时间：2017-07-07T00:23:09+08:00
2017-07-07T00:24:09: 非记录时间：2017-07-07T00:24:09+08:00
2017-07-07T00:25:09: 非记录时间：2017-07-07T00:25:09+08:00
2017-07-07T00:26:09: 非记录时间：2017-07-07T00:26:09+08:00
2017-07-07T00:27:09: 非记录时间：2017-07-07T00:27:09+08:00
2017-07-07T00:28:09: 非记录时间：2017-07-07T00:28:09+08:00
2017-07-07T00:29:09: 非记录时间：2017-07-07T00:29:09+08:00
2017-07-07T00:30:09: 非记录时间：2017-07-07T00:30:09+08:00
2017-07-07T00:31:09: 非记录时间：2017-07-07T00:31:09+08:00
2017-07-07T00:32:09: 非记录时间：2017-07-07T00:32:09+08:00
2017-07-07T00:33:09: 非记录时间：2017-07-07T00:33:09+08:00
2017-07-07T00:34:09: 非记录时间：2017-07-07T00:34:09+08:00
2017-07-07T00:35:09: 非记录时间：2017-07-07T00:35:09+08:00
2017-07-07T00:36:09: 非记录时间：2017-07-07T00:36:09+08:00
2017-07-07T00:37:09: 非记录时间：2017-07-07T00:37:09+08:00
2017-07-07T00:38:09: 非记录时间：2017-07-07T00:38:09+08:00
2017-07-07T00:39:09: 非记录时间：2017-07-07T00:39:09+08:00
2017-07-07T00:40:09: 非记录时间：2017-07-07T00:40:09+08:00
2017-07-07T00:41:09: 非记录时间：2017-07-07T00:41:09+08:00
2017-07-07T00:42:09: 非记录时间：2017-07-07T00:42:09+08:00
2017-07-07T00:43:09: 非记录时间：2017-07-07T00:43:09+08:00
2017-07-07T00:44:09: 非记录时间：2017-07-07T00:44:09+08:00
2017-07-07T00:45:09: 非记录时间：2017-07-07T00:45:09+08:00
2017-07-07T00:46:09: 非记录时间：2017-07-07T00:46:09+08:00
2017-07-07T00:47:09: 非记录时间：2017-07-07T00:47:09+08:00
2017-07-07T00:48:09: 非记录时间：2017-07-07T00:48:09+08:00
2017-07-07T00:49:09: 非记录时间：2017-07-07T00:49:09+08:00
2017-07-07T00:50:09: 非记录时间：2017-07-07T00:50:09+08:00
2017-07-07T00:51:09: 非记录时间：2017-07-07T00:51:09+08:00
2017-07-07T00:52:09: 非记录时间：2017-07-07T00:52:09+08:00
2017-07-07T00:53:09: 非记录时间：2017-07-07T00:53:09+08:00
2017-07-07T00:54:09: 非记录时间：2017-07-07T00:54:09+08:00
2017-07-07T00:55:09: 非记录时间：2017-07-07T00:55:09+08:00
2017-07-07T00:56:09: 非记录时间：2017-07-07T00:56:09+08:00
2017-07-07T00:57:09: 非记录时间：2017-07-07T00:57:09+08:00
2017-07-07T00:58:09: 非记录时间：2017-07-07T00:58:09+08:00
2017-07-07T00:59:09: 非记录时间：2017-07-07T00:59:09+08:00
2017-07-07T01:00:09: 非记录时间：2017-07-07T01:00:09+08:00
2017-07-07T01:01:09: 非记录时间：2017-07-07T01:01:09+08:00
2017-07-07T01:02:09: 非记录时间：2017-07-07T01:02:09+08:00
2017-07-07T01:03:09: 非记录时间：2017-07-07T01:03:09+08:00
2017-07-07T01:04:09: 非记录时间：2017-07-07T01:04:09+08:00
2017-07-07T01:05:09: 非记录时间：2017-07-07T01:05:09+08:00
2017-07-07T01:06:09: 非记录时间：2017-07-07T01:06:09+08:00
2017-07-07T01:07:09: 非记录时间：2017-07-07T01:07:09+08:00
2017-07-07T01:08:09: 非记录时间：2017-07-07T01:08:09+08:00
2017-07-07T01:09:09: 非记录时间：2017-07-07T01:09:09+08:00
2017-07-07T01:10:09: 非记录时间：2017-07-07T01:10:09+08:00
2017-07-07T01:11:10: 读取文件失败，可能是该文件不存在
2017-07-07T01:11:10: Error: ENOENT: no such file or directory, open './data/2017-07-07.json'
2017-07-07T01:12:09: 读取文件成功
2017-07-07T01:13:09: 读取文件成功
2017-07-07T01:14:09: 读取文件成功
2017-07-07T01:15:10: 读取文件成功
2017-07-07T01:16:09: 读取文件成功
2017-07-07T01:17:10: 读取文件成功
2017-07-07T01:18:10: 读取文件成功
2017-07-07T01:19:10: 读取文件成功
2017-07-07T01:20:10: 读取文件成功
2017-07-07T01:21:10: 读取文件成功
2017-07-07T01:22:10: 读取文件成功
2017-07-07T01:23:10: 读取文件成功
2017-07-07T01:24:10: 读取文件成功
2017-07-07T01:25:10: 读取文件成功
2017-07-07T01:26:10: 读取文件成功
2017-07-07T01:27:10: 读取文件成功
2017-07-07T01:28:10: 读取文件成功
2017-07-07T01:29:56: 读取文件成功
2017-07-07T01:30:10: 读取文件成功
2017-07-07T01:31:46: 读取文件成功
2017-07-07T01:32:10: 读取文件成功
2017-07-07T01:33:10: 读取文件成功
2017-07-07T01:34:10: 读取文件成功
2017-07-07T01:35:10: 读取文件成功
2017-07-07T01:36:10: 读取文件成功
2017-07-07T01:37:10: 读取文件成功
2017-07-07T01:38:10: 读取文件成功
2017-07-07T01:39:10: 读取文件成功
2017-07-07T01:40:10: 读取文件成功
2017-07-07T01:41:10: 读取文件成功
2017-07-07T01:42:10: 读取文件成功
2017-07-07T01:43:10: 读取文件成功
2017-07-07T01:44:10: 读取文件成功
2017-07-07T01:45:10: 读取文件成功
2017-07-07T01:46:10: 读取文件成功
2017-07-07T01:47:10: 读取文件成功
2017-07-07T01:48:10: 读取文件成功
2017-07-07T01:49:10: 读取文件成功
2017-07-07T01:50:10: 读取文件成功
2017-07-07T01:51:10: 读取文件成功
2017-07-07T01:52:10: 读取文件成功
2017-07-07T01:53:10: 读取文件成功
2017-07-07T01:54:10: 读取文件成功
2017-07-07T01:55:10: 读取文件成功
2017-07-07T01:56:10: 读取文件成功
2017-07-07T01:57:10: 读取文件成功
2017-07-07T01:58:10: 读取文件成功
2017-07-07T01:59:10: 读取文件成功
2017-07-07T02:00:10: 读取文件成功
2017-07-07T02:01:10: 读取文件成功
2017-07-07T02:02:10: 读取文件成功
2017-07-07T02:03:10: 读取文件成功
2017-07-07T02:04:10: 读取文件成功
2017-07-07T02:05:10: 读取文件成功
2017-07-07T02:06:10: 读取文件成功
2017-07-07T02:07:10: 读取文件成功
2017-07-07T02:08:10: 读取文件成功
2017-07-07T02:09:10: 读取文件成功
2017-07-07T02:10:10: 读取文件成功
2017-07-07T02:11:10: 读取文件成功
2017-07-07T02:12:10: 读取文件成功
2017-07-07T02:13:10: 读取文件成功
2017-07-07T02:14:10: 读取文件成功
2017-07-07T02:15:10: 读取文件成功
2017-07-07T02:16:10: 读取文件成功
2017-07-07T02:17:10: 读取文件成功
2017-07-07T02:18:10: 读取文件成功
2017-07-07T02:19:15: 读取文件成功
2017-07-07T02:20:10: 读取文件成功
2017-07-07T02:21:10: 读取文件成功
2017-07-07T02:22:10: 读取文件成功
2017-07-07T02:23:10: 读取文件成功
2017-07-07T02:24:10: 读取文件成功
2017-07-07T02:25:10: 读取文件成功
2017-07-07T02:26:10: 读取文件成功
2017-07-07T02:27:10: 读取文件成功
2017-07-07T02:28:10: 读取文件成功
2017-07-07T02:29:10: 读取文件成功
2017-07-07T02:30:10: 读取文件成功
2017-07-07T02:31:10: 读取文件成功
2017-07-07T02:32:10: 读取文件成功
2017-07-07T02:33:10: 读取文件成功
2017-07-07T02:34:10: 读取文件成功
2017-07-07T02:35:10: 读取文件成功
2017-07-07T02:36:10: 读取文件成功
2017-07-07T02:37:10: 读取文件成功
2017-07-07T02:38:10: 读取文件成功
2017-07-07T02:39:10: 读取文件成功
2017-07-07T02:40:11: 读取文件成功
2017-07-07T02:41:10: 读取文件成功
2017-07-07T02:42:10: 读取文件成功
2017-07-07T02:43:10: 读取文件成功
2017-07-07T02:44:10: 读取文件成功
2017-07-07T02:45:10: 读取文件成功
2017-07-07T02:46:10: 读取文件成功
2017-07-07T02:47:10: 读取文件成功
2017-07-07T02:48:10: 读取文件成功
2017-07-07T02:49:10: 读取文件成功
2017-07-07T02:50:10: 读取文件成功
2017-07-07T02:51:10: 读取文件成功
2017-07-07T02:52:11: 读取文件成功
2017-07-07T02:53:10: 读取文件成功
2017-07-07T02:54:10: 读取文件成功
2017-07-07T02:55:10: 读取文件成功
2017-07-07T02:56:10: 读取文件成功
2017-07-07T02:57:10: 读取文件成功
2017-07-07T02:58:11: 读取文件成功
2017-07-07T02:59:10: 读取文件成功
2017-07-07T03:00:10: 读取文件成功
2017-07-07T03:01:11: 读取文件成功
2017-07-07T03:02:11: 读取文件成功
2017-07-07T03:03:10: 读取文件成功
2017-07-07T03:04:11: 读取文件成功
2017-07-07T03:05:11: 读取文件成功
2017-07-07T03:06:11: 读取文件成功
2017-07-07T03:07:11: 读取文件成功
2017-07-07T03:08:11: 读取文件成功
2017-07-07T03:09:11: 读取文件成功
2017-07-07T03:10:11: 读取文件成功
2017-07-07T03:11:11: 读取文件成功
2017-07-07T03:12:11: 读取文件成功
2017-07-07T03:13:11: 读取文件成功
2017-07-07T03:14:11: 读取文件成功
2017-07-07T03:15:11: 读取文件成功
2017-07-07T03:16:11: 读取文件成功
2017-07-07T03:17:11: 读取文件成功
2017-07-07T03:18:11: 读取文件成功
2017-07-07T03:19:11: 读取文件成功
2017-07-07T03:20:11: 读取文件成功
2017-07-07T03:21:11: 读取文件成功
2017-07-07T03:22:11: 读取文件成功
2017-07-07T03:23:11: 读取文件成功
2017-07-07T03:24:11: 读取文件成功
2017-07-07T03:25:11: 读取文件成功
2017-07-07T03:26:11: 读取文件成功
2017-07-07T03:27:11: 读取文件成功
2017-07-07T03:28:11: 读取文件成功
2017-07-07T03:29:11: 读取文件成功
2017-07-07T03:30:11: 读取文件成功
2017-07-07T03:31:11: 读取文件成功
2017-07-07T03:32:11: 读取文件成功
2017-07-07T03:33:11: 读取文件成功
2017-07-07T03:34:11: 读取文件成功
2017-07-07T03:35:11: 读取文件成功
2017-07-07T03:36:11: 读取文件成功
2017-07-07T03:37:11: 读取文件成功
2017-07-07T03:38:11: 读取文件成功
2017-07-07T03:39:11: 读取文件成功
2017-07-07T03:40:11: 读取文件成功
2017-07-07T03:41:11: 读取文件成功
2017-07-07T03:42:11: 读取文件成功
2017-07-07T03:43:11: 读取文件成功
2017-07-07T03:44:11: 读取文件成功
2017-07-07T03:45:11: 读取文件成功
2017-07-07T03:46:11: 读取文件成功
2017-07-07T03:47:11: 读取文件成功
2017-07-07T03:48:11: 读取文件成功
2017-07-07T03:49:11: 读取文件成功
2017-07-07T03:50:11: 读取文件成功
2017-07-07T03:51:11: 读取文件成功
2017-07-07T03:52:11: 读取文件成功
2017-07-07T03:53:11: 读取文件成功
2017-07-07T03:54:11: 读取文件成功
2017-07-07T03:55:11: 读取文件成功
2017-07-07T03:56:11: 读取文件成功
2017-07-07T03:57:11: 读取文件成功
2017-07-07T03:58:11: 读取文件成功
2017-07-07T03:59:11: 读取文件成功
2017-07-07T04:00:11: 读取文件成功
2017-07-07T04:01:11: 读取文件成功
2017-07-07T04:02:11: 读取文件成功
2017-07-07T04:03:11: 读取文件成功
2017-07-07T04:04:11: 读取文件成功
2017-07-07T04:05:11: 读取文件成功
2017-07-07T04:06:11: 读取文件成功
2017-07-07T04:07:11: 读取文件成功
2017-07-07T04:08:11: 读取文件成功
2017-07-07T04:09:11: 读取文件成功
2017-07-07T04:10:11: 读取文件成功
2017-07-07T04:11:11: 读取文件成功
2017-07-07T04:12:11: 读取文件成功
2017-07-07T04:13:11: 读取文件成功
2017-07-07T04:14:11: 读取文件成功
2017-07-07T04:15:11: 读取文件成功
2017-07-07T04:16:11: 读取文件成功
2017-07-07T04:17:11: 读取文件成功
2017-07-07T04:18:11: 读取文件成功
2017-07-07T04:19:11: 读取文件成功
2017-07-07T04:20:11: 读取文件成功
2017-07-07T04:21:11: 读取文件成功
2017-07-07T04:22:11: 读取文件成功
2017-07-07T04:23:11: 读取文件成功
2017-07-07T04:24:11: 读取文件成功
2017-07-07T04:25:11: 读取文件成功
2017-07-07T04:26:11: 读取文件成功
2017-07-07T04:27:11: 读取文件成功
2017-07-07T04:28:11: 读取文件成功
2017-07-07T04:29:11: 读取文件成功
2017-07-07T04:30:11: 读取文件成功
2017-07-07T04:31:11: 读取文件成功
2017-07-07T04:32:11: 读取文件成功
2017-07-07T04:33:11: 读取文件成功
2017-07-07T04:34:12: 读取文件成功
2017-07-07T04:35:11: 读取文件成功
2017-07-07T04:36:11: 读取文件成功
2017-07-07T04:37:11: 读取文件成功
2017-07-07T04:38:11: 读取文件成功
2017-07-07T04:39:11: 读取文件成功
2017-07-07T04:40:12: 读取文件成功
2017-07-07T04:41:11: 读取文件成功
2017-07-07T04:42:11: 读取文件成功
2017-07-07T04:43:11: 读取文件成功
2017-07-07T04:44:11: 读取文件成功
2017-07-07T04:45:11: 读取文件成功
2017-07-07T04:46:12: 读取文件成功
2017-07-07T04:47:11: 读取文件成功
2017-07-07T04:48:11: 读取文件成功
2017-07-07T04:49:11: 读取文件成功
2017-07-07T04:50:12: 读取文件成功
2017-07-07T04:51:12: 读取文件成功
2017-07-07T04:52:12: 读取文件成功
2017-07-07T04:53:12: 读取文件成功
2017-07-07T04:54:12: 读取文件成功
2017-07-07T04:55:12: 读取文件成功
2017-07-07T04:56:12: 读取文件成功
2017-07-07T04:57:12: 读取文件成功
2017-07-07T04:58:12: 读取文件成功
2017-07-07T04:59:12: 读取文件成功
2017-07-07T05:00:12: 读取文件成功
2017-07-07T05:01:12: 读取文件成功
2017-07-07T05:02:12: 读取文件成功
2017-07-07T05:03:12: 读取文件成功
2017-07-07T05:04:12: 读取文件成功
2017-07-07T05:05:12: 读取文件成功
2017-07-07T05:06:12: 读取文件成功
2017-07-07T05:07:12: 读取文件成功
2017-07-07T05:08:12: 读取文件成功
2017-07-07T05:09:12: 读取文件成功
2017-07-07T05:10:12: 读取文件成功
2017-07-07T05:11:12: 读取文件成功
2017-07-07T05:12:12: 读取文件成功
2017-07-07T05:13:12: 读取文件成功
2017-07-07T05:14:12: 读取文件成功
2017-07-07T05:15:12: 读取文件成功
2017-07-07T05:16:12: 读取文件成功
2017-07-07T05:17:12: 读取文件成功
2017-07-07T05:18:12: 读取文件成功
2017-07-07T05:19:12: 读取文件成功
2017-07-07T05:20:12: 读取文件成功
2017-07-07T05:21:12: 读取文件成功
2017-07-07T05:22:12: 读取文件成功
2017-07-07T05:23:12: 读取文件成功
2017-07-07T05:24:12: 读取文件成功
2017-07-07T05:25:12: 读取文件成功
2017-07-07T05:26:12: 读取文件成功
2017-07-07T05:27:12: 读取文件成功
2017-07-07T05:28:12: 读取文件成功
2017-07-07T05:29:12: 读取文件成功
2017-07-07T05:30:12: 读取文件成功
2017-07-07T05:31:12: 读取文件成功
2017-07-07T05:32:12: 读取文件成功
2017-07-07T05:33:12: 读取文件成功
2017-07-07T05:34:12: 读取文件成功
2017-07-07T05:35:12: 读取文件成功
2017-07-07T05:36:12: 读取文件成功
2017-07-07T05:37:12: 读取文件成功
2017-07-07T05:38:12: 读取文件成功
2017-07-07T05:39:12: 读取文件成功
2017-07-07T05:40:12: 读取文件成功
2017-07-07T05:41:12: 读取文件成功
2017-07-07T05:42:12: 读取文件成功
2017-07-07T05:43:12: 读取文件成功
2017-07-07T05:44:12: 读取文件成功
2017-07-07T05:45:12: 读取文件成功
2017-07-07T05:46:12: 读取文件成功
2017-07-07T05:47:12: 读取文件成功
2017-07-07T05:48:12: 读取文件成功
2017-07-07T05:49:12: 读取文件成功
2017-07-07T05:50:12: 读取文件成功
2017-07-07T05:51:12: 读取文件成功
2017-07-07T05:52:12: 读取文件成功
2017-07-07T05:53:12: 读取文件成功
2017-07-07T05:54:12: 读取文件成功
2017-07-07T05:55:12: 读取文件成功
2017-07-07T05:56:12: 读取文件成功
2017-07-07T05:57:12: 读取文件成功
2017-07-07T05:58:12: 读取文件成功
2017-07-07T05:59:12: 读取文件成功
2017-07-07T06:00:12: 读取文件成功
2017-07-07T06:01:12: 读取文件成功
2017-07-07T06:02:12: 读取文件成功
2017-07-07T06:03:12: 读取文件成功
2017-07-07T06:04:12: 读取文件成功
2017-07-07T06:05:12: 读取文件成功
2017-07-07T06:06:12: 读取文件成功
2017-07-07T06:07:12: 读取文件成功
2017-07-07T06:08:12: 读取文件成功
2017-07-07T06:09:12: 读取文件成功
2017-07-07T06:10:12: 读取文件成功
2017-07-07T06:11:12: 读取文件成功
2017-07-07T06:12:12: 读取文件成功
2017-07-07T06:13:12: 读取文件成功
2017-07-07T06:14:12: 读取文件成功
2017-07-07T06:15:12: 读取文件成功
2017-07-07T06:16:12: 读取文件成功
2017-07-07T06:17:12: 读取文件成功
2017-07-07T06:18:12: 读取文件成功
2017-07-07T06:19:12: 读取文件成功
2017-07-07T06:20:12: 读取文件成功
2017-07-07T06:21:12: 读取文件成功
2017-07-07T06:22:12: 读取文件成功
2017-07-07T06:23:12: 读取文件成功
2017-07-07T06:24:12: 读取文件成功
2017-07-07T06:25:12: 读取文件成功
2017-07-07T06:26:12: 读取文件成功
2017-07-07T06:27:13: 读取文件成功
2017-07-07T06:28:13: 读取文件成功
2017-07-07T06:29:12: 读取文件成功
2017-07-07T06:30:12: 读取文件成功
2017-07-07T06:31:12: 读取文件成功
2017-07-07T06:32:13: 读取文件成功
2017-07-07T06:33:13: 读取文件成功
2017-07-07T06:34:13: 读取文件成功
2017-07-07T06:35:13: 读取文件成功
2017-07-07T06:36:13: 读取文件成功
2017-07-07T06:37:13: 读取文件成功
2017-07-07T06:38:13: 读取文件成功
2017-07-07T06:39:13: 读取文件成功
2017-07-07T06:40:13: 读取文件成功
2017-07-07T06:41:13: 读取文件成功
2017-07-07T06:42:13: 读取文件成功
2017-07-07T06:43:13: 读取文件成功
2017-07-07T06:44:13: 读取文件成功
2017-07-07T06:45:13: 读取文件成功
2017-07-07T06:46:13: 读取文件成功
2017-07-07T06:47:13: 读取文件成功
2017-07-07T06:48:13: 读取文件成功
2017-07-07T06:49:13: 读取文件成功
2017-07-07T06:50:13: 读取文件成功
2017-07-07T06:51:13: 读取文件成功
2017-07-07T06:52:13: 读取文件成功
2017-07-07T06:53:13: 读取文件成功
2017-07-07T06:54:13: 读取文件成功
2017-07-07T06:55:13: 读取文件成功
2017-07-07T06:56:13: 读取文件成功
2017-07-07T06:57:13: 读取文件成功
2017-07-07T06:58:13: 读取文件成功
2017-07-07T06:59:13: 读取文件成功
2017-07-07T07:00:13: 读取文件成功
2017-07-07T07:01:13: 读取文件成功
2017-07-07T07:02:13: 读取文件成功
2017-07-07T07:03:13: 读取文件成功
2017-07-07T07:04:13: 读取文件成功
2017-07-07T07:05:13: 读取文件成功
2017-07-07T07:06:13: 读取文件成功
2017-07-07T07:07:13: 读取文件成功
2017-07-07T07:08:13: 读取文件成功
2017-07-07T07:09:13: 读取文件成功
2017-07-07T07:10:13: 读取文件成功
2017-07-07T07:11:13: 读取文件成功
2017-07-07T07:12:13: 读取文件成功
2017-07-07T07:13:13: 读取文件成功
2017-07-07T07:14:14: 读取文件成功
2017-07-07T07:15:13: 读取文件成功
2017-07-07T07:16:13: 读取文件成功
2017-07-07T07:17:13: 读取文件成功
2017-07-07T07:18:13: 读取文件成功
2017-07-07T07:19:13: 读取文件成功
2017-07-07T07:20:13: 读取文件成功
2017-07-07T07:21:13: 读取文件成功
2017-07-07T07:22:13: 读取文件成功
2017-07-07T07:23:13: 读取文件成功
2017-07-07T07:24:13: 读取文件成功
2017-07-07T07:25:13: 读取文件成功
2017-07-07T07:26:13: 读取文件成功
2017-07-07T07:27:13: 读取文件成功
2017-07-07T07:28:13: 读取文件成功
2017-07-07T07:29:13: 读取文件成功
2017-07-07T07:30:16: 读取文件成功
2017-07-07T07:31:13: 读取文件成功
2017-07-07T07:32:14: 读取文件成功
2017-07-07T07:33:13: 读取文件成功
2017-07-07T07:34:17: 读取文件成功
2017-07-07T07:35:13: 读取文件成功
2017-07-07T07:36:13: 读取文件成功
2017-07-07T07:37:13: 读取文件成功
2017-07-07T07:38:13: 读取文件成功
2017-07-07T07:39:13: 读取文件成功
2017-07-07T07:40:13: 读取文件成功
2017-07-07T07:41:13: 读取文件成功
2017-07-07T07:42:13: 读取文件成功
2017-07-07T07:43:13: 读取文件成功
2017-07-07T07:44:13: 读取文件成功
2017-07-07T07:45:13: 读取文件成功
2017-07-07T07:46:13: 读取文件成功
2017-07-07T07:47:13: 读取文件成功
2017-07-07T07:48:13: 读取文件成功
2017-07-07T07:49:13: 读取文件成功
2017-07-07T07:50:13: 读取文件成功
2017-07-07T07:51:13: 读取文件成功
2017-07-07T07:52:13: 读取文件成功
2017-07-07T07:53:13: 读取文件成功
2017-07-07T07:54:13: 读取文件成功
2017-07-07T07:55:13: 读取文件成功
2017-07-07T07:56:13: 读取文件成功
2017-07-07T07:57:13: 读取文件成功
2017-07-07T07:58:13: 读取文件成功
2017-07-07T07:59:13: 读取文件成功
2017-07-07T08:00:13: 读取文件成功
2017-07-07T08:01:13: 读取文件成功
2017-07-07T08:02:13: 读取文件成功
2017-07-07T08:03:13: 读取文件成功
2017-07-07T08:04:13: 读取文件成功
2017-07-07T08:05:13: 读取文件成功
2017-07-07T08:06:13: 读取文件成功
2017-07-07T08:07:13: 读取文件成功
2017-07-07T08:08:13: 读取文件成功
2017-07-07T08:09:13: 读取文件成功
2017-07-07T08:10:13: 读取文件成功
2017-07-07T08:11:14: 读取文件成功
2017-07-07T08:12:13: 读取文件成功
2017-07-07T08:13:13: 读取文件成功
2017-07-07T08:14:14: 读取文件成功
2017-07-07T08:15:14: 读取文件成功
2017-07-07T08:16:13: 读取文件成功
2017-07-07T08:17:13: 读取文件成功
2017-07-07T08:18:14: 读取文件成功
2017-07-07T08:19:14: 读取文件成功
2017-07-07T08:20:14: 读取文件成功
2017-07-07T08:21:14: 读取文件成功
2017-07-07T08:22:14: 读取文件成功
2017-07-07T08:23:14: 读取文件成功
2017-07-07T08:24:14: 读取文件成功
2017-07-07T08:25:14: 读取文件成功
2017-07-07T08:26:14: 读取文件成功
2017-07-07T08:27:14: 读取文件成功
2017-07-07T08:28:14: 读取文件成功
2017-07-07T08:29:14: 读取文件成功
2017-07-07T08:30:14: 读取文件成功
2017-07-07T08:31:14: 读取文件成功
2017-07-07T08:32:14: 读取文件成功
2017-07-07T08:33:14: 读取文件成功
2017-07-07T08:34:14: 读取文件成功
2017-07-07T08:35:14: 读取文件成功
2017-07-07T08:36:14: 读取文件成功
2017-07-07T08:37:14: 读取文件成功
2017-07-07T08:38:14: 读取文件成功
2017-07-07T08:39:14: 读取文件成功
2017-07-07T08:40:14: 读取文件成功
2017-07-07T08:41:14: 读取文件成功
2017-07-07T08:42:14: 读取文件成功
2017-07-07T08:43:14: 读取文件成功
2017-07-07T08:44:14: 读取文件成功
2017-07-07T08:45:14: 读取文件成功
2017-07-07T08:46:14: 读取文件成功
2017-07-07T08:47:14: 读取文件成功
2017-07-07T08:48:14: 读取文件成功
2017-07-07T08:49:14: 读取文件成功
2017-07-07T08:50:14: 读取文件成功
2017-07-07T08:51:14: 读取文件成功
2017-07-07T08:52:14: 读取文件成功
2017-07-07T08:53:14: 读取文件成功
2017-07-07T08:54:14: 读取文件成功
2017-07-07T08:55:14: 读取文件成功
2017-07-07T08:56:14: 读取文件成功
2017-07-07T08:57:14: 读取文件成功
2017-07-07T08:58:14: 读取文件成功
2017-07-07T08:59:14: 读取文件成功
2017-07-07T09:00:14: 读取文件成功
2017-07-07T09:01:14: 读取文件成功
2017-07-07T09:02:16: 读取文件成功
2017-07-07T09:03:14: 读取文件成功
2017-07-07T09:04:14: 读取文件成功
2017-07-07T09:05:14: 读取文件成功
2017-07-07T09:06:14: 读取文件成功
2017-07-07T09:07:14: 读取文件成功
2017-07-07T09:08:14: 读取文件成功
2017-07-07T09:09:14: 读取文件成功
2017-07-07T09:10:14: 读取文件成功
2017-07-07T09:11:14: 读取文件成功
2017-07-07T09:12:14: 读取文件成功
2017-07-07T09:13:14: 读取文件成功
2017-07-07T09:14:14: 读取文件成功
2017-07-07T09:15:14: 读取文件成功
2017-07-07T09:16:14: 读取文件成功
2017-07-07T09:17:14: 读取文件成功
2017-07-07T09:18:14: 读取文件成功
2017-07-07T09:19:14: 读取文件成功
2017-07-07T09:20:14: 读取文件成功
2017-07-07T09:21:14: 读取文件成功
2017-07-07T09:22:14: 读取文件成功
2017-07-07T09:23:14: 读取文件成功
2017-07-07T09:24:14: 读取文件成功
2017-07-07T09:25:14: 读取文件成功
2017-07-07T09:26:14: 读取文件成功
2017-07-07T09:27:14: 读取文件成功
2017-07-07T09:28:14: 读取文件成功
2017-07-07T09:29:14: 读取文件成功
2017-07-07T09:30:14: 读取文件成功
2017-07-07T09:31:14: 读取文件成功
2017-07-07T09:32:14: 读取文件成功
2017-07-07T09:33:14: 读取文件成功
2017-07-07T09:34:14: 读取文件成功
2017-07-07T09:35:14: 读取文件成功
2017-07-07T09:36:14: 读取文件成功
2017-07-07T09:37:14: 读取文件成功
2017-07-07T09:38:14: 读取文件成功
2017-07-07T09:39:14: 读取文件成功
2017-07-07T09:40:14: 读取文件成功
2017-07-07T09:41:14: 读取文件成功
2017-07-07T09:42:14: 读取文件成功
2017-07-07T09:43:14: 读取文件成功
2017-07-07T09:44:14: 读取文件成功
2017-07-07T09:45:14: 读取文件成功
2017-07-07T09:46:14: 读取文件成功
2017-07-07T09:47:15: 读取文件成功
2017-07-07T09:48:14: 读取文件成功
2017-07-07T09:49:14: 读取文件成功
2017-07-07T09:50:14: 读取文件成功
2017-07-07T09:51:14: 读取文件成功
2017-07-07T09:52:14: 读取文件成功
2017-07-07T09:53:14: 读取文件成功
2017-07-07T09:54:14: 读取文件成功
2017-07-07T09:55:15: 读取文件成功
2017-07-07T09:56:14: 读取文件成功
2017-07-07T09:57:14: 读取文件成功
2017-07-07T09:58:14: 读取文件成功
2017-07-07T09:59:14: 读取文件成功
2017-07-07T10:00:14: 读取文件成功
2017-07-07T10:01:15: 读取文件成功
2017-07-07T10:02:14: 读取文件成功
2017-07-07T10:03:15: 读取文件成功
2017-07-07T10:04:14: 读取文件成功
2017-07-07T10:05:15: 读取文件成功
2017-07-07T10:06:15: 读取文件成功
2017-07-07T10:07:15: 读取文件成功
2017-07-07T10:08:15: 读取文件成功
2017-07-07T10:09:15: 读取文件成功
2017-07-07T10:10:15: 读取文件成功
2017-07-07T10:11:15: 读取文件成功
2017-07-07T10:12:15: 读取文件成功
2017-07-07T10:13:15: 读取文件成功
2017-07-07T10:14:15: 读取文件成功
2017-07-07T10:15:15: 读取文件成功
2017-07-07T10:16:15: 读取文件成功
2017-07-07T10:17:15: 读取文件成功
2017-07-07T10:18:15: 读取文件成功
2017-07-07T10:19:15: 读取文件成功
2017-07-07T10:20:15: 读取文件成功
2017-07-07T10:21:15: 读取文件成功
2017-07-07T10:22:15: 读取文件成功
2017-07-07T10:23:15: 读取文件成功
2017-07-07T10:24:15: 读取文件成功
2017-07-07T10:25:15: 读取文件成功
2017-07-07T10:26:15: 读取文件成功
2017-07-07T10:27:15: 读取文件成功
2017-07-07T10:28:15: 读取文件成功
2017-07-07T10:29:15: 读取文件成功
2017-07-07T10:30:15: 读取文件成功
2017-07-07T10:31:15: 读取文件成功
2017-07-07T10:32:15: 读取文件成功
2017-07-07T10:33:15: 读取文件成功
2017-07-07T10:34:15: 读取文件成功
2017-07-07T10:35:15: 读取文件成功
2017-07-07T10:36:15: 读取文件成功
2017-07-07T10:37:15: 读取文件成功
2017-07-07T10:38:15: 读取文件成功
2017-07-07T10:39:15: 读取文件成功
2017-07-07T10:40:15: 读取文件成功
2017-07-07T10:41:15: 读取文件成功
2017-07-07T10:42:15: 读取文件成功
2017-07-07T10:43:15: 读取文件成功
2017-07-07T10:44:15: 读取文件成功
2017-07-07T10:45:15: 读取文件成功
2017-07-07T10:46:15: 读取文件成功
2017-07-07T10:47:15: 读取文件成功
2017-07-07T10:48:15: 读取文件成功
2017-07-07T10:49:15: 读取文件成功
2017-07-07T10:50:15: 读取文件成功
2017-07-07T10:51:15: 读取文件成功
2017-07-07T10:52:15: 读取文件成功
2017-07-07T10:53:15: 读取文件成功
2017-07-07T10:54:15: 读取文件成功
2017-07-07T10:55:15: 读取文件成功
2017-07-07T10:56:15: 读取文件成功
2017-07-07T10:57:15: 读取文件成功
2017-07-07T10:58:15: 读取文件成功
2017-07-07T11:00:12: 读取文件成功
2017-07-07T11:00:15: 读取文件成功
2017-07-07T11:01:15: 读取文件成功
2017-07-07T11:02:15: 读取文件成功
2017-07-07T11:03:15: 读取文件成功
2017-07-07T11:04:15: 读取文件成功
2017-07-07T11:05:15: 读取文件成功
2017-07-07T11:06:15: 读取文件成功
2017-07-07T11:07:15: 读取文件成功
2017-07-07T11:08:15: 读取文件成功
2017-07-07T11:09:15: 读取文件成功
2017-07-07T11:10:15: 读取文件成功
2017-07-07T11:11:15: 读取文件成功
2017-07-07T11:12:15: 读取文件成功
2017-07-07T11:13:15: 读取文件成功
2017-07-07T11:14:15: 读取文件成功
2017-07-07T11:15:15: 读取文件成功
2017-07-07T11:16:15: 读取文件成功
2017-07-07T11:17:15: 读取文件成功
2017-07-07T11:18:15: 读取文件成功
2017-07-07T11:19:16: 读取文件成功
2017-07-07T11:20:15: 读取文件成功
2017-07-07T11:21:15: 读取文件成功
2017-07-07T11:22:15: 读取文件成功
2017-07-07T11:23:15: 读取文件成功
2017-07-07T11:24:15: 读取文件成功
2017-07-07T11:25:15: 读取文件成功
2017-07-07T11:26:15: 读取文件成功
2017-07-07T11:27:15: 读取文件成功
2017-07-07T11:28:15: 读取文件成功
2017-07-07T11:29:15: 读取文件成功
2017-07-07T11:30:15: 读取文件成功
2017-07-07T11:31:15: 读取文件成功
2017-07-07T11:32:21: 读取文件成功
2017-07-07T11:33:15: 读取文件成功
2017-07-07T11:34:15: 读取文件成功
2017-07-07T11:35:16: 读取文件成功
2017-07-07T11:36:16: 读取文件成功
2017-07-07T11:37:16: 读取文件成功
2017-07-07T11:38:15: 读取文件成功
2017-07-07T11:39:15: 读取文件成功
2017-07-07T11:40:16: 读取文件成功
2017-07-07T11:41:17: 读取文件成功
2017-07-07T11:42:15: 读取文件成功
2017-07-07T11:43:15: 读取文件成功
2017-07-07T11:44:15: 读取文件成功
2017-07-07T11:45:15: 读取文件成功
2017-07-07T11:46:22: 读取文件成功
2017-07-07T11:47:16: 读取文件成功
2017-07-07T11:48:16: 读取文件成功
2017-07-07T11:49:16: 读取文件成功
2017-07-07T11:50:16: 读取文件成功
2017-07-07T11:51:16: 读取文件成功
2017-07-07T11:52:16: 读取文件成功
2017-07-07T11:53:17: 读取文件成功
2017-07-07T11:54:16: 读取文件成功
2017-07-07T11:55:16: 读取文件成功
2017-07-07T11:56:16: 读取文件成功
2017-07-07T11:57:16: 读取文件成功
2017-07-07T11:58:30: 读取文件成功
2017-07-07T11:59:16: 读取文件成功
2017-07-07T12:00:16: 读取文件成功
2017-07-07T12:01:16: 读取文件成功
2017-07-07T12:02:16: 读取文件成功
2017-07-07T12:03:16: 读取文件成功
2017-07-07T12:04:16: 读取文件成功
2017-07-07T12:05:16: 读取文件成功
2017-07-07T12:06:16: 读取文件成功
2017-07-07T12:07:16: 读取文件成功
2017-07-07T12:08:16: 读取文件成功
2017-07-07T12:09:16: 读取文件成功
2017-07-07T12:10:16: 读取文件成功
2017-07-07T12:11:16: 读取文件成功
2017-07-07T12:12:16: 读取文件成功
2017-07-07T12:13:16: 读取文件成功
2017-07-07T12:14:16: 读取文件成功
2017-07-07T12:15:16: 读取文件成功
2017-07-07T12:16:16: 读取文件成功
2017-07-07T12:17:31: 读取文件成功
2017-07-07T12:18:16: 读取文件成功
2017-07-07T12:19:16: 读取文件成功
2017-07-07T12:20:16: 读取文件成功
2017-07-07T12:21:16: 读取文件成功
2017-07-07T12:22:16: 读取文件成功
2017-07-07T12:23:16: 读取文件成功
2017-07-07T12:24:16: 读取文件成功
2017-07-07T12:25:16: 读取文件成功
2017-07-07T12:26:16: 读取文件成功
2017-07-07T12:27:16: 读取文件成功
2017-07-07T12:28:16: 读取文件成功
2017-07-07T12:29:16: 读取文件成功
2017-07-07T12:30:16: 读取文件成功
2017-07-07T12:31:16: 读取文件成功
2017-07-07T12:32:16: 读取文件成功
2017-07-07T12:33:16: 读取文件成功
2017-07-07T12:34:16: 读取文件成功
2017-07-07T12:35:16: 读取文件成功
2017-07-07T12:36:16: 读取文件成功
2017-07-07T12:37:16: 读取文件成功
2017-07-07T12:38:16: 读取文件成功
2017-07-07T12:39:16: 读取文件成功
2017-07-07T12:40:16: 读取文件成功
2017-07-07T12:41:16: 读取文件成功
2017-07-07T12:42:16: 读取文件成功
2017-07-07T12:43:16: 读取文件成功
2017-07-07T12:44:16: 读取文件成功
2017-07-07T12:45:16: 读取文件成功
2017-07-07T12:46:16: 读取文件成功
2017-07-07T12:47:16: 读取文件成功
2017-07-07T12:48:16: 读取文件成功
2017-07-07T12:49:16: 读取文件成功
2017-07-07T12:50:16: 读取文件成功
2017-07-07T12:51:16: 读取文件成功
2017-07-07T12:52:16: 读取文件成功
2017-07-07T12:53:16: 读取文件成功
2017-07-07T12:54:16: 读取文件成功
2017-07-07T12:55:16: 读取文件成功
2017-07-07T12:56:16: 读取文件成功
2017-07-07T12:57:16: 读取文件成功
2017-07-07T12:58:16: 读取文件成功
2017-07-07T12:59:16: 读取文件成功
2017-07-07T13:00:16: 读取文件成功
2017-07-07T13:01:16: 读取文件成功
2017-07-07T13:02:16: 读取文件成功
2017-07-07T13:03:16: 读取文件成功
2017-07-07T13:04:16: 读取文件成功
2017-07-07T13:05:16: 读取文件成功
2017-07-07T13:06:16: 读取文件成功
2017-07-07T13:07:16: 读取文件成功
2017-07-07T13:08:16: 读取文件成功
2017-07-07T13:09:16: 读取文件成功
2017-07-07T13:10:16: 读取文件成功
2017-07-07T13:11:16: 读取文件成功
2017-07-07T13:12:16: 读取文件成功
2017-07-07T13:13:16: 读取文件成功
2017-07-07T13:14:16: 读取文件成功
2017-07-07T13:15:17: 读取文件成功
2017-07-07T13:16:16: 读取文件成功
2017-07-07T13:17:16: 读取文件成功
2017-07-07T13:18:16: 读取文件成功
2017-07-07T13:19:16: 读取文件成功
2017-07-07T13:20:16: 读取文件成功
2017-07-07T13:21:17: 读取文件成功
2017-07-07T13:22:17: 读取文件成功
2017-07-07T13:23:17: 读取文件成功
2017-07-07T13:24:17: 读取文件成功
2017-07-07T13:25:17: 读取文件成功
2017-07-07T13:26:17: 读取文件成功
2017-07-07T13:27:17: 读取文件成功
2017-07-07T13:28:17: 读取文件成功
2017-07-07T13:29:17: 读取文件成功
2017-07-07T13:30:17: 读取文件成功
2017-07-07T13:31:17: 读取文件成功
2017-07-07T13:32:17: 读取文件成功
2017-07-07T13:33:17: 读取文件成功
2017-07-07T13:34:17: 读取文件成功
2017-07-07T13:35:17: 读取文件成功
2017-07-07T13:36:17: 读取文件成功
2017-07-07T13:37:17: 读取文件成功
2017-07-07T13:38:17: 读取文件成功
2017-07-07T13:39:17: 读取文件成功
2017-07-07T13:40:17: 读取文件成功
2017-07-07T13:41:17: 读取文件成功
2017-07-07T13:42:17: 读取文件成功
2017-07-07T13:43:17: 读取文件成功
2017-07-07T13:44:17: 读取文件成功
2017-07-07T13:45:17: 读取文件成功
2017-07-07T13:46:17: 读取文件成功
2017-07-07T13:47:17: 读取文件成功
2017-07-07T13:48:17: 读取文件成功
2017-07-07T13:49:17: 读取文件成功
2017-07-07T13:50:17: 读取文件成功
2017-07-07T13:51:17: 读取文件成功
2017-07-07T13:52:17: 读取文件成功
2017-07-07T13:53:17: 读取文件成功
2017-07-07T13:54:17: 读取文件成功
2017-07-07T13:55:17: 读取文件成功
2017-07-07T13:56:17: 读取文件成功
2017-07-07T13:57:17: 读取文件成功
2017-07-07T13:58:17: 读取文件成功
2017-07-07T13:59:17: 读取文件成功
2017-07-07T14:00:17: 读取文件成功
2017-07-07T14:01:17: 读取文件成功
2017-07-07T14:02:17: 读取文件成功
2017-07-07T14:03:17: 读取文件成功
2017-07-07T14:04:17: 读取文件成功
2017-07-07T14:05:17: 读取文件成功
2017-07-07T14:06:17: 读取文件成功
2017-07-07T14:07:17: 读取文件成功
2017-07-07T14:08:17: 读取文件成功
2017-07-07T14:09:17: 读取文件成功
2017-07-07T14:10:17: 读取文件成功
2017-07-07T14:11:17: 读取文件成功
2017-07-07T14:12:17: 读取文件成功
2017-07-07T14:13:17: 读取文件成功
2017-07-07T14:14:17: 读取文件成功
2017-07-07T14:15:17: 读取文件成功
2017-07-07T14:16:17: 读取文件成功
2017-07-07T14:17:17: 读取文件成功
2017-07-07T14:18:17: 读取文件成功
2017-07-07T14:19:17: 读取文件成功
2017-07-07T14:20:17: 读取文件成功
2017-07-07T14:21:17: 读取文件成功
2017-07-07T14:22:17: 读取文件成功
2017-07-07T14:23:17: 读取文件成功
2017-07-07T14:24:17: 读取文件成功
2017-07-07T14:25:17: 读取文件成功
2017-07-07T14:26:17: 读取文件成功
2017-07-07T14:27:17: 读取文件成功
2017-07-07T14:28:17: 读取文件成功
2017-07-07T14:29:17: 读取文件成功
2017-07-07T14:30:17: 读取文件成功
2017-07-07T14:31:17: 读取文件成功
2017-07-07T14:32:17: 读取文件成功
2017-07-07T14:33:17: 读取文件成功
2017-07-07T14:34:17: 读取文件成功
2017-07-07T14:35:17: 读取文件成功
2017-07-07T14:36:17: 读取文件成功
2017-07-07T14:37:17: 读取文件成功
2017-07-07T14:38:17: 读取文件成功
2017-07-07T14:39:17: 读取文件成功
2017-07-07T14:40:17: 读取文件成功
2017-07-07T14:41:17: 读取文件成功
2017-07-07T14:42:17: 读取文件成功
2017-07-07T14:43:17: 读取文件成功
2017-07-07T14:44:17: 读取文件成功
2017-07-07T14:45:17: 读取文件成功
2017-07-07T14:46:17: 读取文件成功
2017-07-07T14:47:17: 读取文件成功
2017-07-07T14:48:17: 读取文件成功
2017-07-07T14:49:17: 读取文件成功
2017-07-07T14:50:17: 读取文件成功
2017-07-07T14:51:17: 读取文件成功
2017-07-07T14:52:17: 读取文件成功
2017-07-07T14:53:17: 读取文件成功
2017-07-07T14:54:17: 读取文件成功
2017-07-07T14:55:17: 读取文件成功
2017-07-07T14:56:17: 读取文件成功
2017-07-07T14:57:17: 读取文件成功
2017-07-07T14:58:17: 读取文件成功
2017-07-07T14:59:17: 读取文件成功
2017-07-07T15:00:17: 读取文件成功
2017-07-07T15:01:17: 读取文件成功
2017-07-07T15:02:18: 读取文件成功
2017-07-07T15:03:17: 读取文件成功
2017-07-07T15:04:17: 读取文件成功
2017-07-07T15:05:17: 读取文件成功
2017-07-07T15:06:17: 读取文件成功
2017-07-07T15:07:17: 读取文件成功
2017-07-07T15:08:18: 读取文件成功
2017-07-07T15:09:18: 读取文件成功
2017-07-07T15:10:17: 读取文件成功
2017-07-07T15:11:18: 读取文件成功
2017-07-07T15:12:18: 读取文件成功
2017-07-07T15:13:18: 读取文件成功
2017-07-07T15:14:18: 读取文件成功
2017-07-07T15:15:18: 读取文件成功
2017-07-07T15:16:18: 读取文件成功
2017-07-07T15:17:18: 读取文件成功
2017-07-07T15:18:18: 读取文件成功
2017-07-07T15:19:18: 读取文件成功
2017-07-07T15:20:18: 读取文件成功
2017-07-07T15:21:18: 读取文件成功
2017-07-07T15:22:18: 读取文件成功
2017-07-07T15:23:18: 读取文件成功
2017-07-07T15:24:18: 读取文件成功
2017-07-07T15:25:18: 读取文件成功
2017-07-07T15:26:18: 读取文件成功
2017-07-07T15:27:18: 读取文件成功
2017-07-07T15:28:18: 读取文件成功
2017-07-07T15:29:18: 读取文件成功
2017-07-07T15:30:18: 读取文件成功
2017-07-07T15:31:18: 读取文件成功
2017-07-07T15:32:18: 读取文件成功
2017-07-07T15:33:18: 读取文件成功
2017-07-07T15:34:18: 读取文件成功
2017-07-07T15:35:18: 读取文件成功
2017-07-07T15:36:18: 读取文件成功
2017-07-07T15:37:18: 读取文件成功
2017-07-07T15:38:18: 读取文件成功
2017-07-07T15:39:18: 读取文件成功
2017-07-07T15:40:18: 读取文件成功
2017-07-07T15:41:18: 读取文件成功
2017-07-07T15:42:18: 读取文件成功
2017-07-07T15:43:18: 读取文件成功
2017-07-07T15:44:18: 读取文件成功
2017-07-07T15:45:18: 读取文件成功
2017-07-07T15:46:18: 读取文件成功
2017-07-07T15:47:18: 读取文件成功
2017-07-07T15:48:18: 读取文件成功
2017-07-07T15:49:18: 读取文件成功
2017-07-07T15:50:18: 读取文件成功
2017-07-07T15:51:18: 读取文件成功
2017-07-07T15:52:18: 读取文件成功
2017-07-07T15:53:18: 读取文件成功
2017-07-07T15:54:18: 读取文件成功
2017-07-07T15:55:18: 读取文件成功
2017-07-07T15:56:18: 读取文件成功
2017-07-07T15:57:18: 读取文件成功
2017-07-07T15:58:18: 读取文件成功
2017-07-07T15:59:18: 读取文件成功
2017-07-07T16:00:18: 读取文件成功
2017-07-07T16:01:18: 读取文件成功
2017-07-07T16:02:18: 读取文件成功
2017-07-07T16:03:18: 读取文件成功
2017-07-07T16:04:18: 读取文件成功
2017-07-07T16:05:18: 读取文件成功
2017-07-07T16:06:18: 读取文件成功
2017-07-07T16:07:18: 读取文件成功
2017-07-07T16:08:18: 读取文件成功
2017-07-07T16:09:18: 读取文件成功
2017-07-07T16:10:18: 读取文件成功
2017-07-07T16:11:18: 读取文件成功
2017-07-07T16:12:18: 读取文件成功
2017-07-07T16:13:18: 读取文件成功
2017-07-07T16:14:18: 读取文件成功
2017-07-07T16:15:18: 读取文件成功
2017-07-07T16:16:18: 读取文件成功
2017-07-07T16:17:18: 读取文件成功
2017-07-07T16:18:18: 读取文件成功
2017-07-07T16:19:18: 读取文件成功
2017-07-07T16:20:18: 读取文件成功
2017-07-07T16:21:18: 读取文件成功
2017-07-07T16:22:18: 读取文件成功
2017-07-07T16:23:18: 读取文件成功
2017-07-07T16:24:18: 读取文件成功
2017-07-07T16:25:18: 读取文件成功
2017-07-07T16:26:18: 读取文件成功
2017-07-07T16:27:22: 读取文件成功
2017-07-07T16:28:19: 读取文件成功
2017-07-07T16:29:18: 读取文件成功
2017-07-07T16:30:18: 读取文件成功
2017-07-07T16:31:18: 读取文件成功
2017-07-07T16:32:18: 读取文件成功
2017-07-07T16:33:18: 读取文件成功
2017-07-07T16:34:18: 读取文件成功
2017-07-07T16:35:18: 读取文件成功
2017-07-07T16:36:18: 读取文件成功
2017-07-07T16:37:18: 读取文件成功
2017-07-07T16:38:18: 读取文件成功
2017-07-07T16:39:18: 读取文件成功
2017-07-07T16:40:22: 读取文件成功
2017-07-07T16:41:18: 读取文件成功
2017-07-07T16:42:18: 读取文件成功
2017-07-07T16:43:18: 读取文件成功
2017-07-07T16:44:18: 读取文件成功
2017-07-07T16:45:18: 读取文件成功
2017-07-07T16:46:18: 读取文件成功
2017-07-07T16:47:18: 读取文件成功
2017-07-07T16:48:19: 读取文件成功
2017-07-07T16:49:19: 读取文件成功
2017-07-07T16:50:18: 读取文件成功
2017-07-07T16:51:18: 读取文件成功
2017-07-07T16:52:18: 读取文件成功
2017-07-07T16:53:18: 读取文件成功
2017-07-07T16:54:18: 读取文件成功
2017-07-07T16:55:19: 读取文件成功
2017-07-07T16:56:19: 读取文件成功
2017-07-07T16:57:18: 读取文件成功
2017-07-07T16:58:18: 读取文件成功
2017-07-07T16:59:19: 读取文件成功
2017-07-07T17:00:19: 读取文件成功
2017-07-07T17:01:19: 读取文件成功
2017-07-07T17:02:19: 读取文件成功
2017-07-07T17:03:18: 读取文件成功
2017-07-07T17:04:19: 读取文件成功
2017-07-07T17:05:19: 读取文件成功
2017-07-07T17:06:19: 读取文件成功
2017-07-07T17:07:19: 读取文件成功
2017-07-07T17:08:19: 读取文件成功
2017-07-07T17:09:19: 读取文件成功
2017-07-07T17:10:19: 读取文件成功
2017-07-07T17:11:19: 读取文件成功
2017-07-07T17:12:19: 读取文件成功
2017-07-07T17:13:19: 读取文件成功
2017-07-07T17:14:19: 读取文件成功
2017-07-07T17:15:19: 读取文件成功
2017-07-07T17:16:19: 读取文件成功
2017-07-07T17:17:19: 读取文件成功
2017-07-07T17:18:19: 读取文件成功
2017-07-07T17:19:19: 读取文件成功
2017-07-07T17:20:19: 读取文件成功
2017-07-07T17:21:19: 读取文件成功
2017-07-07T17:22:19: 读取文件成功
2017-07-07T17:23:19: 读取文件成功
2017-07-07T17:24:19: 读取文件成功
2017-07-07T17:25:19: 读取文件成功
2017-07-07T17:26:19: 读取文件成功
2017-07-07T17:27:19: 读取文件成功
2017-07-07T17:28:19: 读取文件成功
2017-07-07T17:29:19: 读取文件成功
2017-07-07T17:30:19: 读取文件成功
2017-07-07T17:31:19: 读取文件成功
2017-07-07T17:32:19: 读取文件成功
2017-07-07T17:33:19: 读取文件成功
2017-07-07T17:34:19: 读取文件成功
2017-07-07T17:35:19: 读取文件成功
2017-07-07T17:36:19: 读取文件成功
2017-07-07T17:37:19: 读取文件成功
2017-07-07T17:38:19: 读取文件成功
2017-07-07T17:39:19: 读取文件成功
2017-07-07T17:40:19: 读取文件成功
2017-07-07T17:41:19: 读取文件成功
2017-07-07T17:42:19: 读取文件成功
2017-07-07T17:43:24: 读取文件成功
2017-07-07T17:44:19: 读取文件成功
2017-07-07T17:45:19: 读取文件成功
2017-07-07T17:46:19: 读取文件成功
2017-07-07T17:47:19: 读取文件成功
2017-07-07T17:48:19: 读取文件成功
2017-07-07T17:49:19: 读取文件成功
2017-07-07T17:50:19: 读取文件成功
2017-07-07T17:51:19: 读取文件成功
2017-07-07T17:52:19: 读取文件成功
2017-07-07T17:53:19: 读取文件成功
2017-07-07T17:54:19: 读取文件成功
2017-07-07T17:55:19: 读取文件成功
2017-07-07T17:56:19: 读取文件成功
2017-07-07T17:57:19: 读取文件成功
2017-07-07T17:58:19: 读取文件成功
2017-07-07T17:59:19: 读取文件成功
2017-07-07T18:00:19: 读取文件成功
2017-07-07T18:01:19: 读取文件成功
2017-07-07T18:02:19: 读取文件成功
2017-07-07T18:03:19: 读取文件成功
2017-07-07T18:04:19: 读取文件成功
2017-07-07T18:05:19: 读取文件成功
2017-07-07T18:06:19: 读取文件成功
2017-07-07T18:07:19: 读取文件成功
2017-07-07T18:08:19: 读取文件成功
2017-07-07T18:09:19: 读取文件成功
2017-07-07T18:10:19: 读取文件成功
2017-07-07T18:11:20: 读取文件成功
2017-07-07T18:12:19: 读取文件成功
2017-07-07T18:13:19: 读取文件成功
2017-07-07T18:14:19: 读取文件成功
2017-07-07T18:15:20: 读取文件成功
2017-07-07T18:16:19: 读取文件成功
2017-07-07T18:17:19: 读取文件成功
2017-07-07T18:18:19: 读取文件成功
2017-07-07T18:19:20: 读取文件成功
2017-07-07T18:20:19: 读取文件成功
2017-07-07T18:21:19: 读取文件成功
2017-07-07T18:22:19: 读取文件成功
2017-07-07T18:23:19: 读取文件成功
2017-07-07T18:24:19: 读取文件成功
2017-07-07T18:25:20: 读取文件成功
2017-07-07T18:26:19: 读取文件成功
2017-07-07T18:27:19: 读取文件成功
2017-07-07T18:28:20: 读取文件成功
2017-07-07T18:29:20: 读取文件成功
2017-07-07T18:30:20: 读取文件成功
2017-07-07T18:31:20: 读取文件成功
2017-07-07T18:32:20: 读取文件成功
2017-07-07T18:33:20: 读取文件成功
2017-07-07T18:34:20: 读取文件成功
2017-07-07T18:35:20: 读取文件成功
2017-07-07T18:36:20: 读取文件成功
2017-07-07T18:37:20: 读取文件成功
2017-07-07T18:38:20: 读取文件成功
2017-07-07T18:39:20: 读取文件成功
2017-07-07T18:40:20: 读取文件成功
2017-07-07T18:41:20: 读取文件成功
2017-07-07T18:42:20: 读取文件成功
2017-07-07T18:43:20: 读取文件成功
2017-07-07T18:44:20: 读取文件成功
2017-07-07T18:45:20: 读取文件成功
2017-07-07T18:46:20: 读取文件成功
2017-07-07T18:47:20: 读取文件成功
2017-07-07T18:48:20: 读取文件成功
2017-07-07T18:49:20: 读取文件成功
2017-07-07T18:50:20: 读取文件成功
2017-07-07T18:51:20: 读取文件成功
2017-07-07T18:52:20: 读取文件成功
2017-07-07T18:53:20: 读取文件成功
2017-07-07T18:54:20: 读取文件成功
2017-07-07T18:55:20: 读取文件成功
2017-07-07T18:56:20: 读取文件成功
2017-07-07T18:57:20: 读取文件成功
2017-07-07T18:58:20: 读取文件成功
2017-07-07T18:59:20: 读取文件成功
2017-07-07T19:00:20: 读取文件成功
2017-07-07T19:01:20: 读取文件成功
2017-07-07T19:02:20: 读取文件成功
2017-07-07T19:03:20: 读取文件成功
2017-07-07T19:04:20: 读取文件成功
2017-07-07T19:05:20: 读取文件成功
2017-07-07T19:06:24: 读取文件成功
2017-07-07T19:07:20: 读取文件成功
2017-07-07T19:08:20: 读取文件成功
2017-07-07T19:09:20: 读取文件成功
2017-07-07T19:10:20: 读取文件成功
2017-07-07T19:11:20: 读取文件成功
2017-07-07T19:12:20: 读取文件成功
2017-07-07T19:13:20: 读取文件成功
2017-07-07T19:14:20: 读取文件成功
2017-07-07T19:15:20: 读取文件成功
2017-07-07T19:16:20: 读取文件成功
2017-07-07T19:17:20: 读取文件成功
2017-07-07T19:18:20: 读取文件成功
2017-07-07T19:19:20: 读取文件成功
2017-07-07T19:20:20: 读取文件成功
2017-07-07T19:21:20: 读取文件成功
2017-07-07T19:22:20: 读取文件成功
2017-07-07T19:23:20: 读取文件成功
2017-07-07T19:24:20: 读取文件成功
2017-07-07T19:25:20: 读取文件成功
2017-07-07T19:26:20: 读取文件成功
2017-07-07T19:27:20: 读取文件成功
2017-07-07T19:28:20: 读取文件成功
2017-07-07T19:29:20: 读取文件成功
2017-07-07T19:30:20: 读取文件成功
2017-07-07T19:31:20: 读取文件成功
2017-07-07T19:32:20: 读取文件成功
2017-07-07T19:33:20: 读取文件成功
2017-07-07T19:34:20: 读取文件成功
2017-07-07T19:35:20: 读取文件成功
2017-07-07T19:36:20: 读取文件成功
2017-07-07T19:37:20: 读取文件成功
2017-07-07T19:38:20: 读取文件成功
2017-07-07T19:39:20: 读取文件成功
2017-07-07T19:40:20: 读取文件成功
2017-07-07T19:41:20: 读取文件成功
2017-07-07T19:42:20: 读取文件成功
2017-07-07T19:43:20: 读取文件成功
2017-07-07T19:44:20: 读取文件成功
2017-07-07T19:45:20: 读取文件成功
2017-07-07T19:46:20: 读取文件成功
2017-07-07T19:47:20: 读取文件成功
2017-07-07T19:48:23: 读取文件成功
2017-07-07T19:49:20: 读取文件成功
2017-07-07T19:50:20: 读取文件成功
2017-07-07T19:51:20: 读取文件成功
2017-07-07T19:52:20: 读取文件成功
2017-07-07T19:53:20: 读取文件成功
2017-07-07T19:54:21: 读取文件成功
2017-07-07T19:55:20: 读取文件成功
2017-07-07T19:56:20: 读取文件成功
2017-07-07T19:57:20: 读取文件成功
2017-07-07T19:58:20: 读取文件成功
2017-07-07T19:59:20: 读取文件成功
2017-07-07T20:00:21: 读取文件成功
2017-07-07T20:01:20: 读取文件成功
2017-07-07T20:02:20: 读取文件成功
2017-07-07T20:03:20: 读取文件成功
2017-07-07T20:04:20: 读取文件成功
2017-07-07T20:05:20: 读取文件成功
2017-07-07T20:06:21: 读取文件成功
2017-07-07T20:07:20: 读取文件成功
2017-07-07T20:08:20: 读取文件成功
2017-07-07T20:09:35: 读取文件成功
2017-07-07T20:10:20: 读取文件成功
2017-07-07T20:11:20: 读取文件成功
2017-07-07T20:12:21: 读取文件成功
2017-07-07T20:13:20: 读取文件成功
2017-07-07T20:14:20: 读取文件成功
2017-07-07T20:15:20: 读取文件成功
2017-07-07T20:16:20: 读取文件成功
2017-07-07T20:17:20: 读取文件成功
2017-07-07T20:18:21: 读取文件成功
2017-07-07T20:19:21: 读取文件成功
2017-07-07T20:20:20: 读取文件成功
2017-07-07T20:21:20: 读取文件成功
2017-07-07T20:22:21: 读取文件成功
2017-07-07T20:23:21: 读取文件成功
2017-07-07T20:24:21: 读取文件成功
2017-07-07T20:25:21: 读取文件成功
2017-07-07T20:26:21: 读取文件成功
2017-07-07T20:27:21: 读取文件成功
2017-07-07T20:28:21: 读取文件成功
2017-07-07T20:29:36: 读取文件成功
2017-07-07T20:30:21: 读取文件成功
2017-07-07T20:31:21: 读取文件成功
2017-07-07T20:32:21: 读取文件成功
2017-07-07T20:33:21: 读取文件成功
2017-07-07T20:34:21: 读取文件成功
2017-07-07T20:35:21: 读取文件成功
2017-07-07T20:36:21: 读取文件成功
2017-07-07T20:37:21: 读取文件成功
2017-07-07T20:38:21: 读取文件成功
2017-07-07T20:39:21: 读取文件成功
2017-07-07T20:40:21: 读取文件成功
2017-07-07T20:41:21: 读取文件成功
2017-07-07T20:42:21: 读取文件成功
2017-07-07T20:43:21: 读取文件成功
2017-07-07T20:44:21: 读取文件成功
2017-07-07T20:45:21: 读取文件成功
2017-07-07T20:46:21: 读取文件成功
2017-07-07T20:47:21: 读取文件成功
2017-07-07T20:48:21: 读取文件成功
2017-07-07T20:49:21: 读取文件成功
2017-07-07T20:50:21: 读取文件成功
2017-07-07T20:51:21: 读取文件成功
2017-07-07T20:52:21: 读取文件成功
2017-07-07T20:53:21: 读取文件成功
2017-07-07T20:54:21: 读取文件成功
2017-07-07T20:55:21: 读取文件成功
2017-07-07T20:56:21: 读取文件成功
2017-07-07T20:57:21: 读取文件成功
2017-07-07T20:58:22: 读取文件成功
2017-07-07T20:59:21: 读取文件成功
2017-07-07T21:00:21: 读取文件成功
2017-07-07T21:01:21: 读取文件成功
2017-07-07T21:02:21: 读取文件成功
2017-07-07T21:03:21: 读取文件成功
2017-07-07T21:04:21: 读取文件成功
2017-07-07T21:05:21: 读取文件成功
2017-07-07T21:06:21: 读取文件成功
2017-07-07T21:07:21: 读取文件成功
2017-07-07T21:08:21: 读取文件成功
2017-07-07T21:09:21: 读取文件成功
2017-07-07T21:10:21: 读取文件成功
2017-07-07T21:11:21: 读取文件成功
2017-07-07T21:12:21: 读取文件成功
2017-07-07T21:13:22: 读取文件成功
2017-07-07T21:14:21: 读取文件成功
2017-07-07T21:15:21: 读取文件成功
2017-07-07T21:16:21: 读取文件成功
2017-07-07T21:17:21: 读取文件成功
2017-07-07T21:18:21: 读取文件成功
2017-07-07T21:19:21: 读取文件成功
2017-07-07T21:20:21: 读取文件成功
2017-07-07T21:21:21: 读取文件成功
2017-07-07T21:22:29: 读取文件成功
2017-07-07T21:23:21: 读取文件成功
2017-07-07T21:24:21: 读取文件成功
2017-07-07T21:25:22: 读取文件成功
2017-07-07T21:26:21: 读取文件成功
2017-07-07T21:27:21: 读取文件成功
2017-07-07T21:28:21: 读取文件成功
2017-07-07T21:29:21: 读取文件成功
2017-07-07T21:30:21: 读取文件成功
2017-07-07T21:31:21: 读取文件成功
2017-07-07T21:32:21: 读取文件成功
2017-07-07T21:33:21: 读取文件成功
2017-07-07T21:34:21: 读取文件成功
2017-07-07T21:35:21: 读取文件成功
2017-07-07T21:36:21: 读取文件成功
2017-07-07T21:37:21: 读取文件成功
2017-07-07T21:38:21: 读取文件成功
2017-07-07T21:39:21: 读取文件成功
2017-07-07T21:40:21: 读取文件成功
2017-07-07T21:41:21: 读取文件成功
2017-07-07T21:42:21: 读取文件成功
2017-07-07T21:43:21: 读取文件成功
2017-07-07T21:44:21: 读取文件成功
2017-07-07T21:45:21: 读取文件成功
2017-07-07T21:46:22: 读取文件成功
2017-07-07T21:47:21: 读取文件成功
2017-07-07T21:48:21: 读取文件成功
2017-07-07T21:49:21: 读取文件成功
2017-07-07T21:50:21: 读取文件成功
2017-07-07T21:51:21: 读取文件成功
2017-07-07T21:52:22: 读取文件成功
2017-07-07T21:53:21: 读取文件成功
2017-07-07T21:54:21: 读取文件成功
2017-07-07T21:55:21: 读取文件成功
2017-07-07T21:56:21: 读取文件成功
2017-07-07T21:57:21: 读取文件成功
2017-07-07T21:58:22: 读取文件成功
2017-07-07T21:59:21: 读取文件成功
2017-07-07T22:00:21: 读取文件成功
2017-07-07T22:01:21: 读取文件成功
2017-07-07T22:02:21: 读取文件成功
2017-07-07T22:03:22: 读取文件成功
2017-07-07T22:04:22: 读取文件成功
2017-07-07T22:05:22: 读取文件成功
2017-07-07T22:06:22: 读取文件成功
2017-07-07T22:07:22: 读取文件成功
2017-07-07T22:08:22: 读取文件成功
2017-07-07T22:09:22: 读取文件成功
2017-07-07T22:10:22: 读取文件成功
2017-07-07T22:11:22: 读取文件成功
2017-07-07T22:12:22: 读取文件成功
2017-07-07T22:13:22: 读取文件成功
2017-07-07T22:14:22: 读取文件成功
2017-07-07T22:15:22: 读取文件成功
2017-07-07T22:16:22: 读取文件成功
2017-07-07T22:17:23: 读取文件成功
2017-07-07T22:18:22: 读取文件成功
2017-07-07T22:19:22: 读取文件成功
2017-07-07T22:20:22: 读取文件成功
2017-07-07T22:21:22: 读取文件成功
2017-07-07T22:22:25: 读取文件成功
2017-07-07T22:23:22: 读取文件成功
2017-07-07T22:24:22: 读取文件成功
2017-07-07T22:25:22: 读取文件成功
2017-07-07T22:26:22: 读取文件成功
2017-07-07T22:27:24: 读取文件成功
2017-07-07T22:28:30: 读取文件成功
2017-07-07T22:29:22: 读取文件成功
2017-07-07T22:30:22: 读取文件成功
2017-07-07T22:31:26: 读取文件成功
2017-07-07T22:32:22: 读取文件成功
2017-07-07T22:33:22: 读取文件成功
2017-07-07T22:34:29: 读取文件成功
2017-07-07T22:35:22: 读取文件成功
2017-07-07T22:36:22: 读取文件成功
2017-07-07T22:37:22: 读取文件成功
2017-07-07T22:38:24: 读取文件成功
2017-07-07T22:39:22: 读取文件成功
2017-07-07T22:40:22: 读取文件成功
2017-07-07T22:41:23: 读取文件成功
2017-07-07T22:42:23: 读取文件成功
2017-07-07T22:43:22: 读取文件成功
2017-07-07T22:44:22: 读取文件成功
2017-07-07T22:45:22: 读取文件成功
2017-07-07T22:46:22: 读取文件成功
2017-07-07T22:47:22: 读取文件成功
2017-07-07T22:48:22: 读取文件成功
2017-07-07T22:49:23: 读取文件成功
2017-07-07T22:50:22: 读取文件成功
2017-07-07T22:51:22: 读取文件成功
2017-07-07T22:52:22: 读取文件成功
2017-07-07T22:53:22: 读取文件成功
2017-07-07T22:54:22: 读取文件成功
2017-07-07T22:55:22: 读取文件成功
2017-07-07T22:56:22: 读取文件成功
2017-07-07T22:57:22: 读取文件成功
2017-07-07T22:58:23: 读取文件成功
2017-07-07T22:59:22: 读取文件成功
2017-07-07T23:00:22: 读取文件成功
2017-07-07T23:01:22: 读取文件成功
2017-07-07T23:02:22: 读取文件成功
2017-07-07T23:03:22: 读取文件成功
2017-07-07T23:04:22: 读取文件成功
2017-07-07T23:05:22: 读取文件成功
2017-07-07T23:06:22: 读取文件成功
2017-07-07T23:07:22: 读取文件成功
2017-07-07T23:08:22: 读取文件成功
2017-07-07T23:09:22: 读取文件成功
2017-07-07T23:10:22: 读取文件成功
2017-07-07T23:11:22: 读取文件成功
2017-07-07T23:12:24: 读取文件成功
2017-07-07T23:13:23: 读取文件成功
2017-07-07T23:14:22: 读取文件成功
2017-07-07T23:15:22: 读取文件成功
2017-07-07T23:16:22: 读取文件成功
2017-07-07T23:17:22: 读取文件成功
2017-07-07T23:18:22: 读取文件成功
2017-07-07T23:19:22: 读取文件成功
2017-07-07T23:20:22: 读取文件成功
2017-07-07T23:21:22: 读取文件成功
2017-07-07T23:22:22: 读取文件成功
2017-07-07T23:23:22: 读取文件成功
2017-07-07T23:24:22: 读取文件成功
2017-07-07T23:25:22: 读取文件成功
2017-07-07T23:26:22: 读取文件成功
2017-07-07T23:27:23: 读取文件成功
2017-07-07T23:28:23: 读取文件成功
2017-07-07T23:29:22: 读取文件成功
2017-07-07T23:30:22: 读取文件成功
2017-07-07T23:31:22: 读取文件成功
2017-07-07T23:32:22: 读取文件成功
2017-07-07T23:33:22: 读取文件成功
2017-07-07T23:34:23: 读取文件成功
2017-07-07T23:35:24: 读取文件成功
2017-07-07T23:36:22: 读取文件成功
2017-07-07T23:37:22: 读取文件成功
2017-07-07T23:38:22: 读取文件成功
2017-07-07T23:39:22: 读取文件成功
2017-07-07T23:40:23: 读取文件成功
2017-07-07T23:41:22: 读取文件成功
2017-07-07T23:42:23: 读取文件成功
2017-07-07T23:43:22: 读取文件成功
2017-07-07T23:44:23: 读取文件成功
2017-07-07T23:45:33: 读取文件成功
2017-07-07T23:46:27: 读取文件成功
2017-07-07T23:47:22: 读取文件成功
2017-07-07T23:48:22: 读取文件成功
2017-07-07T23:49:23: 读取文件成功
2017-07-07T23:50:22: 非记录时间：2017-07-07T23:50:22+08:00
2017-07-07T23:51:22: 非记录时间：2017-07-07T23:51:22+08:00
2017-07-07T23:52:22: 非记录时间：2017-07-07T23:52:22+08:00
2017-07-07T23:53:22: 非记录时间：2017-07-07T23:53:22+08:00
2017-07-07T23:54:22: 非记录时间：2017-07-07T23:54:22+08:00
2017-07-07T23:55:22: 非记录时间：2017-07-07T23:55:22+08:00
2017-07-07T23:56:22: 非记录时间：2017-07-07T23:56:22+08:00
2017-07-07T23:57:22: 非记录时间：2017-07-07T23:57:22+08:00
2017-07-07T23:58:22: 非记录时间：2017-07-07T23:58:22+08:00
2017-07-07T23:59:22: 非记录时间：2017-07-07T23:59:22+08:00
