2017-04-21T00:00:13: 非记录时间：2017-04-21T00:00:13+08:00
2017-04-21T00:01:13: 非记录时间：2017-04-21T00:01:13+08:00
2017-04-21T00:02:13: 非记录时间：2017-04-21T00:02:13+08:00
2017-04-21T00:03:13: 非记录时间：2017-04-21T00:03:13+08:00
2017-04-21T00:04:13: 非记录时间：2017-04-21T00:04:13+08:00
2017-04-21T00:05:13: 非记录时间：2017-04-21T00:05:13+08:00
2017-04-21T00:06:13: 非记录时间：2017-04-21T00:06:13+08:00
2017-04-21T00:07:13: 非记录时间：2017-04-21T00:07:13+08:00
2017-04-21T00:08:13: 非记录时间：2017-04-21T00:08:13+08:00
2017-04-21T00:09:13: 非记录时间：2017-04-21T00:09:13+08:00
2017-04-21T00:10:13: 非记录时间：2017-04-21T00:10:13+08:00
2017-04-21T00:11:13: 非记录时间：2017-04-21T00:11:13+08:00
2017-04-21T00:12:13: 非记录时间：2017-04-21T00:12:13+08:00
2017-04-21T00:13:13: 非记录时间：2017-04-21T00:13:13+08:00
2017-04-21T00:14:13: 非记录时间：2017-04-21T00:14:13+08:00
2017-04-21T00:15:13: 非记录时间：2017-04-21T00:15:13+08:00
2017-04-21T00:16:13: 非记录时间：2017-04-21T00:16:13+08:00
2017-04-21T00:17:13: 非记录时间：2017-04-21T00:17:13+08:00
2017-04-21T00:18:13: 非记录时间：2017-04-21T00:18:13+08:00
2017-04-21T00:19:13: 非记录时间：2017-04-21T00:19:13+08:00
2017-04-21T00:20:13: 非记录时间：2017-04-21T00:20:13+08:00
2017-04-21T00:21:13: 非记录时间：2017-04-21T00:21:13+08:00
2017-04-21T00:22:13: 非记录时间：2017-04-21T00:22:13+08:00
2017-04-21T00:23:13: 非记录时间：2017-04-21T00:23:13+08:00
2017-04-21T00:24:13: 非记录时间：2017-04-21T00:24:13+08:00
2017-04-21T00:25:13: 非记录时间：2017-04-21T00:25:13+08:00
2017-04-21T00:26:13: 非记录时间：2017-04-21T00:26:13+08:00
2017-04-21T00:27:13: 非记录时间：2017-04-21T00:27:13+08:00
2017-04-21T00:28:13: 非记录时间：2017-04-21T00:28:13+08:00
2017-04-21T00:29:13: 非记录时间：2017-04-21T00:29:13+08:00
2017-04-21T00:30:13: 非记录时间：2017-04-21T00:30:13+08:00
2017-04-21T00:31:13: 非记录时间：2017-04-21T00:31:13+08:00
2017-04-21T00:32:13: 非记录时间：2017-04-21T00:32:13+08:00
2017-04-21T00:33:13: 非记录时间：2017-04-21T00:33:13+08:00
2017-04-21T00:34:13: 非记录时间：2017-04-21T00:34:13+08:00
2017-04-21T00:35:13: 非记录时间：2017-04-21T00:35:13+08:00
2017-04-21T00:36:13: 非记录时间：2017-04-21T00:36:13+08:00
2017-04-21T00:37:13: 非记录时间：2017-04-21T00:37:13+08:00
2017-04-21T00:38:13: 非记录时间：2017-04-21T00:38:13+08:00
2017-04-21T00:39:13: 非记录时间：2017-04-21T00:39:13+08:00
2017-04-21T00:40:13: 非记录时间：2017-04-21T00:40:13+08:00
2017-04-21T00:41:13: 非记录时间：2017-04-21T00:41:13+08:00
2017-04-21T00:42:13: 非记录时间：2017-04-21T00:42:13+08:00
2017-04-21T00:43:13: 非记录时间：2017-04-21T00:43:13+08:00
2017-04-21T00:44:13: 非记录时间：2017-04-21T00:44:13+08:00
2017-04-21T00:45:13: 非记录时间：2017-04-21T00:45:13+08:00
2017-04-21T00:46:13: 非记录时间：2017-04-21T00:46:13+08:00
2017-04-21T00:47:13: 非记录时间：2017-04-21T00:47:13+08:00
2017-04-21T00:48:13: 非记录时间：2017-04-21T00:48:13+08:00
2017-04-21T00:49:13: 非记录时间：2017-04-21T00:49:13+08:00
2017-04-21T00:50:13: 非记录时间：2017-04-21T00:50:13+08:00
2017-04-21T00:51:13: 非记录时间：2017-04-21T00:51:13+08:00
2017-04-21T00:52:13: 非记录时间：2017-04-21T00:52:13+08:00
2017-04-21T00:53:13: 非记录时间：2017-04-21T00:53:13+08:00
2017-04-21T00:54:13: 非记录时间：2017-04-21T00:54:13+08:00
2017-04-21T00:55:13: 非记录时间：2017-04-21T00:55:13+08:00
2017-04-21T00:56:13: 非记录时间：2017-04-21T00:56:13+08:00
2017-04-21T00:57:13: 非记录时间：2017-04-21T00:57:13+08:00
2017-04-21T00:58:13: 非记录时间：2017-04-21T00:58:13+08:00
2017-04-21T00:59:13: 非记录时间：2017-04-21T00:59:13+08:00
2017-04-21T01:00:13: 非记录时间：2017-04-21T01:00:13+08:00
2017-04-21T01:01:13: 非记录时间：2017-04-21T01:01:13+08:00
2017-04-21T01:02:13: 非记录时间：2017-04-21T01:02:13+08:00
2017-04-21T01:03:13: 非记录时间：2017-04-21T01:03:13+08:00
2017-04-21T01:04:13: 非记录时间：2017-04-21T01:04:13+08:00
2017-04-21T01:05:13: 非记录时间：2017-04-21T01:05:13+08:00
2017-04-21T01:06:13: 非记录时间：2017-04-21T01:06:13+08:00
2017-04-21T01:07:13: 非记录时间：2017-04-21T01:07:13+08:00
2017-04-21T01:08:13: 非记录时间：2017-04-21T01:08:13+08:00
2017-04-21T01:09:13: 非记录时间：2017-04-21T01:09:13+08:00
2017-04-21T01:10:13: 非记录时间：2017-04-21T01:10:13+08:00
2017-04-21T01:11:15: 读取文件失败，可能是该文件不存在
2017-04-21T01:11:15: Error: ENOENT: no such file or directory, open './data/2017-04-21.json'
2017-04-21T01:12:14: 读取文件成功
2017-04-21T01:13:14: 读取文件成功
2017-04-21T01:14:14: 读取文件成功
2017-04-21T01:15:14: 读取文件成功
2017-04-21T01:16:14: 读取文件成功
2017-04-21T01:17:14: 读取文件成功
2017-04-21T01:18:14: 读取文件成功
2017-04-21T01:19:14: 读取文件成功
2017-04-21T01:20:14: 读取文件成功
2017-04-21T01:21:14: 读取文件成功
2017-04-21T01:22:14: 读取文件成功
2017-04-21T01:23:14: 读取文件成功
2017-04-21T01:24:14: 读取文件成功
2017-04-21T01:25:14: 读取文件成功
2017-04-21T01:26:14: 读取文件成功
2017-04-21T01:27:14: 读取文件成功
2017-04-21T01:28:14: 读取文件成功
2017-04-21T01:29:14: 读取文件成功
2017-04-21T01:30:14: 读取文件成功
2017-04-21T01:31:14: 读取文件成功
2017-04-21T01:32:15: 读取文件成功
2017-04-21T01:33:14: 读取文件成功
2017-04-21T01:34:14: 读取文件成功
2017-04-21T01:35:14: 读取文件成功
2017-04-21T01:36:14: 读取文件成功
2017-04-21T01:37:14: 读取文件成功
2017-04-21T01:38:14: 读取文件成功
2017-04-21T01:39:14: 读取文件成功
2017-04-21T01:40:14: 读取文件成功
2017-04-21T01:41:14: 读取文件成功
2017-04-21T01:42:14: 读取文件成功
2017-04-21T01:43:14: 读取文件成功
2017-04-21T01:44:14: 读取文件成功
2017-04-21T01:45:14: 读取文件成功
2017-04-21T01:46:14: 读取文件成功
2017-04-21T01:47:14: 读取文件成功
2017-04-21T01:48:14: 读取文件成功
2017-04-21T01:49:14: 读取文件成功
2017-04-21T01:50:14: 读取文件成功
2017-04-21T01:51:14: 读取文件成功
2017-04-21T01:52:14: 读取文件成功
2017-04-21T01:53:14: 读取文件成功
2017-04-21T01:54:14: 读取文件成功
2017-04-21T01:55:14: 读取文件成功
2017-04-21T01:56:14: 读取文件成功
2017-04-21T01:57:14: 读取文件成功
2017-04-21T01:58:14: 读取文件成功
2017-04-21T01:59:15: 读取文件成功
2017-04-21T02:00:14: 读取文件成功
2017-04-21T02:01:14: 读取文件成功
2017-04-21T02:02:14: 读取文件成功
2017-04-21T02:03:14: 读取文件成功
2017-04-21T02:04:14: 读取文件成功
2017-04-21T02:05:14: 读取文件成功
2017-04-21T02:06:14: 读取文件成功
2017-04-21T02:07:14: 读取文件成功
2017-04-21T02:08:14: 读取文件成功
2017-04-21T02:09:14: 读取文件成功
2017-04-21T02:10:14: 读取文件成功
2017-04-21T02:11:14: 读取文件成功
2017-04-21T02:12:14: 读取文件成功
2017-04-21T02:13:14: 读取文件成功
2017-04-21T02:14:15: 读取文件成功
2017-04-21T02:15:14: 读取文件成功
2017-04-21T02:16:14: 读取文件成功
2017-04-21T02:17:14: 读取文件成功
2017-04-21T02:18:14: 读取文件成功
2017-04-21T02:19:14: 读取文件成功
2017-04-21T02:20:15: 读取文件成功
2017-04-21T02:21:15: 读取文件成功
2017-04-21T02:22:15: 读取文件成功
2017-04-21T02:23:15: 读取文件成功
2017-04-21T02:24:15: 读取文件成功
2017-04-21T02:25:15: 读取文件成功
2017-04-21T02:26:15: 读取文件成功
2017-04-21T02:27:14: 读取文件成功
2017-04-21T02:28:14: 读取文件成功
2017-04-21T02:29:15: 读取文件成功
2017-04-21T02:30:15: 读取文件成功
2017-04-21T02:31:15: 读取文件成功
2017-04-21T02:32:15: 读取文件成功
2017-04-21T02:33:15: 读取文件成功
2017-04-21T02:34:15: 读取文件成功
2017-04-21T02:35:15: 读取文件成功
2017-04-21T02:36:15: 读取文件成功
2017-04-21T02:37:15: 读取文件成功
2017-04-21T02:38:15: 读取文件成功
2017-04-21T02:39:15: 读取文件成功
2017-04-21T02:40:15: 读取文件成功
2017-04-21T02:41:15: 读取文件成功
2017-04-21T02:42:15: 读取文件成功
2017-04-21T02:43:15: 读取文件成功
2017-04-21T02:44:15: 读取文件成功
2017-04-21T02:45:15: 读取文件成功
2017-04-21T02:46:15: 读取文件成功
2017-04-21T02:47:15: 读取文件成功
2017-04-21T02:48:15: 读取文件成功
2017-04-21T02:49:15: 读取文件成功
2017-04-21T02:50:15: 读取文件成功
2017-04-21T02:51:15: 读取文件成功
2017-04-21T02:52:15: 读取文件成功
2017-04-21T02:53:15: 读取文件成功
2017-04-21T02:54:15: 读取文件成功
2017-04-21T02:55:15: 读取文件成功
2017-04-21T02:56:15: 读取文件成功
2017-04-21T02:57:15: 读取文件成功
2017-04-21T02:58:15: 读取文件成功
2017-04-21T02:59:15: 读取文件成功
2017-04-21T03:00:15: 读取文件成功
2017-04-21T03:01:15: 读取文件成功
2017-04-21T03:02:15: 读取文件成功
2017-04-21T03:03:15: 读取文件成功
2017-04-21T03:04:15: 读取文件成功
2017-04-21T03:05:15: 读取文件成功
2017-04-21T03:06:15: 读取文件成功
2017-04-21T03:07:16: 读取文件成功
2017-04-21T03:08:15: 读取文件成功
2017-04-21T03:09:15: 读取文件成功
2017-04-21T03:10:15: 读取文件成功
2017-04-21T03:11:15: 读取文件成功
2017-04-21T03:12:15: 读取文件成功
2017-04-21T03:13:15: 读取文件成功
2017-04-21T03:14:15: 读取文件成功
2017-04-21T03:15:15: 读取文件成功
2017-04-21T03:16:15: 读取文件成功
2017-04-21T03:17:15: 读取文件成功
2017-04-21T03:18:15: 读取文件成功
2017-04-21T03:19:15: 读取文件成功
2017-04-21T03:20:15: 读取文件成功
2017-04-21T03:21:15: 读取文件成功
2017-04-21T03:22:15: 读取文件成功
2017-04-21T03:23:15: 读取文件成功
2017-04-21T03:24:15: 读取文件成功
2017-04-21T03:25:15: 读取文件成功
2017-04-21T03:26:15: 读取文件成功
2017-04-21T03:27:15: 读取文件成功
2017-04-21T03:28:15: 读取文件成功
2017-04-21T03:29:15: 读取文件成功
2017-04-21T03:30:15: 读取文件成功
2017-04-21T03:31:15: 读取文件成功
2017-04-21T03:32:15: 读取文件成功
2017-04-21T03:33:15: 读取文件成功
2017-04-21T03:34:15: 读取文件成功
2017-04-21T03:35:15: 读取文件成功
2017-04-21T03:36:15: 读取文件成功
2017-04-21T03:37:15: 读取文件成功
2017-04-21T03:38:15: 读取文件成功
2017-04-21T03:39:15: 读取文件成功
2017-04-21T03:40:15: 读取文件成功
2017-04-21T03:41:15: 读取文件成功
2017-04-21T03:42:15: 读取文件成功
2017-04-21T03:43:41: 读取文件成功
2017-04-21T03:44:15: 读取文件成功
2017-04-21T03:45:15: 读取文件成功
2017-04-21T03:46:15: 读取文件成功
2017-04-21T03:47:15: 读取文件成功
2017-04-21T03:48:15: 读取文件成功
2017-04-21T03:49:15: 读取文件成功
2017-04-21T03:50:15: 读取文件成功
2017-04-21T03:51:15: 读取文件成功
2017-04-21T03:52:15: 读取文件成功
2017-04-21T03:53:15: 读取文件成功
2017-04-21T03:54:15: 读取文件成功
2017-04-21T03:55:15: 读取文件成功
2017-04-21T03:56:15: 读取文件成功
2017-04-21T03:57:17: 读取文件成功
2017-04-21T03:58:15: 读取文件成功
2017-04-21T03:59:15: 读取文件成功
2017-04-21T04:00:15: 读取文件成功
2017-04-21T04:01:15: 读取文件成功
2017-04-21T04:02:15: 读取文件成功
2017-04-21T04:03:15: 读取文件成功
2017-04-21T04:04:16: 读取文件成功
2017-04-21T04:05:15: 读取文件成功
2017-04-21T04:06:15: 读取文件成功
2017-04-21T04:07:15: 读取文件成功
2017-04-21T04:08:16: 读取文件成功
2017-04-21T04:09:16: 读取文件成功
2017-04-21T04:10:16: 读取文件成功
2017-04-21T04:11:15: 读取文件成功
2017-04-21T04:12:15: 读取文件成功
2017-04-21T04:13:16: 读取文件成功
2017-04-21T04:14:16: 读取文件成功
2017-04-21T04:15:16: 读取文件成功
2017-04-21T04:16:16: 读取文件成功
2017-04-21T04:17:15: 读取文件成功
2017-04-21T04:18:15: 读取文件成功
2017-04-21T04:19:15: 读取文件成功
2017-04-21T04:20:16: 读取文件成功
2017-04-21T04:21:16: 读取文件成功
2017-04-21T04:22:16: 读取文件成功
2017-04-21T04:23:16: 读取文件成功
2017-04-21T04:24:16: 读取文件成功
2017-04-21T04:25:16: 读取文件成功
2017-04-21T04:26:16: 读取文件成功
2017-04-21T04:27:16: 读取文件成功
2017-04-21T04:28:16: 读取文件成功
2017-04-21T04:29:16: 读取文件成功
2017-04-21T04:30:16: 读取文件成功
2017-04-21T04:31:16: 读取文件成功
2017-04-21T04:32:16: 读取文件成功
2017-04-21T04:33:16: 读取文件成功
2017-04-21T04:34:16: 读取文件成功
2017-04-21T04:35:16: 读取文件成功
2017-04-21T04:36:16: 读取文件成功
2017-04-21T04:37:16: 读取文件成功
2017-04-21T04:38:16: 读取文件成功
2017-04-21T04:39:16: 读取文件成功
2017-04-21T04:40:16: 读取文件成功
2017-04-21T04:41:16: 读取文件成功
2017-04-21T04:42:16: 读取文件成功
2017-04-21T04:43:16: 读取文件成功
2017-04-21T04:44:16: 读取文件成功
2017-04-21T04:45:16: 读取文件成功
2017-04-21T04:46:16: 读取文件成功
2017-04-21T04:47:16: 读取文件成功
2017-04-21T04:48:16: 读取文件成功
2017-04-21T04:49:16: 读取文件成功
2017-04-21T04:50:16: 读取文件成功
2017-04-21T04:51:16: 读取文件成功
2017-04-21T04:52:16: 读取文件成功
2017-04-21T04:53:16: 读取文件成功
2017-04-21T04:54:16: 读取文件成功
2017-04-21T04:55:16: 读取文件成功
2017-04-21T04:56:16: 读取文件成功
2017-04-21T04:57:16: 读取文件成功
2017-04-21T04:58:16: 读取文件成功
2017-04-21T04:59:16: 读取文件成功
2017-04-21T05:00:16: 读取文件成功
2017-04-21T05:01:16: 读取文件成功
2017-04-21T05:02:16: 读取文件成功
2017-04-21T05:03:16: 读取文件成功
2017-04-21T05:04:16: 读取文件成功
2017-04-21T05:05:16: 读取文件成功
2017-04-21T05:06:16: 读取文件成功
2017-04-21T05:07:16: 读取文件成功
2017-04-21T05:08:16: 读取文件成功
2017-04-21T05:09:16: 读取文件成功
2017-04-21T05:10:16: 读取文件成功
2017-04-21T05:11:16: 读取文件成功
2017-04-21T05:12:16: 读取文件成功
2017-04-21T05:13:16: 读取文件成功
2017-04-21T05:14:16: 读取文件成功
2017-04-21T05:15:16: 读取文件成功
2017-04-21T05:16:16: 读取文件成功
2017-04-21T05:17:16: 读取文件成功
2017-04-21T05:18:16: 读取文件成功
2017-04-21T05:19:16: 读取文件成功
2017-04-21T05:20:16: 读取文件成功
2017-04-21T05:21:16: 读取文件成功
2017-04-21T05:22:16: 读取文件成功
2017-04-21T05:23:16: 读取文件成功
2017-04-21T05:24:16: 读取文件成功
2017-04-21T05:25:16: 读取文件成功
2017-04-21T05:26:16: 读取文件成功
2017-04-21T05:27:16: 读取文件成功
2017-04-21T05:28:16: 读取文件成功
2017-04-21T05:29:16: 读取文件成功
2017-04-21T05:30:16: 读取文件成功
2017-04-21T05:31:16: 读取文件成功
2017-04-21T05:32:16: 读取文件成功
2017-04-21T05:33:16: 读取文件成功
2017-04-21T05:34:16: 读取文件成功
2017-04-21T05:35:16: 读取文件成功
2017-04-21T05:36:16: 读取文件成功
2017-04-21T05:37:16: 读取文件成功
2017-04-21T05:38:16: 读取文件成功
2017-04-21T05:39:17: 读取文件成功
2017-04-21T05:40:16: 读取文件成功
2017-04-21T05:41:16: 读取文件成功
2017-04-21T05:42:16: 读取文件成功
2017-04-21T05:43:16: 读取文件成功
2017-04-21T05:44:16: 读取文件成功
2017-04-21T05:45:17: 读取文件成功
2017-04-21T05:46:16: 读取文件成功
2017-04-21T05:47:16: 读取文件成功
2017-04-21T05:48:16: 读取文件成功
2017-04-21T05:49:16: 读取文件成功
2017-04-21T05:50:17: 读取文件成功
2017-04-21T05:51:17: 读取文件成功
2017-04-21T05:52:17: 读取文件成功
2017-04-21T05:53:17: 读取文件成功
2017-04-21T05:54:17: 读取文件成功
2017-04-21T05:55:17: 读取文件成功
2017-04-21T05:56:17: 读取文件成功
2017-04-21T05:57:17: 读取文件成功
2017-04-21T05:58:17: 读取文件成功
2017-04-21T05:59:17: 读取文件成功
2017-04-21T06:00:17: 读取文件成功
2017-04-21T06:01:17: 读取文件成功
2017-04-21T06:02:17: 读取文件成功
2017-04-21T06:03:17: 读取文件成功
2017-04-21T06:04:17: 读取文件成功
2017-04-21T06:05:17: 读取文件成功
2017-04-21T06:06:17: 读取文件成功
2017-04-21T06:07:17: 读取文件成功
2017-04-21T06:08:17: 读取文件成功
2017-04-21T06:09:17: 读取文件成功
2017-04-21T06:10:26: 读取文件成功
2017-04-21T06:11:17: 读取文件成功
2017-04-21T06:12:17: 读取文件成功
2017-04-21T06:13:17: 读取文件成功
2017-04-21T06:14:17: 读取文件成功
2017-04-21T06:15:17: 读取文件成功
2017-04-21T06:16:17: 读取文件成功
2017-04-21T06:17:24: 读取文件成功
2017-04-21T06:18:17: 读取文件成功
2017-04-21T06:19:17: 读取文件成功
2017-04-21T06:20:17: 读取文件成功
2017-04-21T06:21:17: 读取文件成功
2017-04-21T06:22:17: 读取文件成功
2017-04-21T06:23:17: 读取文件成功
2017-04-21T06:24:17: 读取文件成功
2017-04-21T06:25:17: 读取文件成功
2017-04-21T06:26:17: 读取文件成功
2017-04-21T06:27:17: 读取文件成功
2017-04-21T06:28:35: 读取文件成功
2017-04-21T06:29:17: 读取文件成功
2017-04-21T06:30:17: 读取文件成功
2017-04-21T06:31:17: 读取文件成功
2017-04-21T06:32:17: 读取文件成功
2017-04-21T06:33:17: 读取文件成功
2017-04-21T06:34:17: 读取文件成功
2017-04-21T06:35:17: 读取文件成功
2017-04-21T06:36:17: 读取文件成功
2017-04-21T06:37:17: 读取文件成功
2017-04-21T06:38:17: 读取文件成功
2017-04-21T06:39:17: 读取文件成功
2017-04-21T06:40:17: 读取文件成功
2017-04-21T06:41:17: 读取文件成功
2017-04-21T06:42:17: 读取文件成功
2017-04-21T06:43:17: 读取文件成功
2017-04-21T06:44:17: 读取文件成功
2017-04-21T06:45:17: 读取文件成功
2017-04-21T06:46:17: 读取文件成功
2017-04-21T06:47:18: 读取文件成功
2017-04-21T06:48:17: 读取文件成功
2017-04-21T06:49:18: 读取文件成功
2017-04-21T06:50:17: 读取文件成功
2017-04-21T06:51:17: 读取文件成功
2017-04-21T06:52:17: 读取文件成功
2017-04-21T06:53:17: 读取文件成功
2017-04-21T06:54:17: 读取文件成功
2017-04-21T06:55:17: 读取文件成功
2017-04-21T06:56:17: 读取文件成功
2017-04-21T06:57:17: 读取文件成功
2017-04-21T06:58:17: 读取文件成功
2017-04-21T06:59:17: 读取文件成功
2017-04-21T07:00:17: 读取文件成功
2017-04-21T07:01:18: 读取文件成功
2017-04-21T07:02:17: 读取文件成功
2017-04-21T07:03:17: 读取文件成功
2017-04-21T07:04:17: 读取文件成功
2017-04-21T07:05:17: 读取文件成功
2017-04-21T07:06:17: 读取文件成功
2017-04-21T07:07:17: 读取文件成功
2017-04-21T07:08:17: 读取文件成功
2017-04-21T07:09:17: 读取文件成功
2017-04-21T07:10:17: 读取文件成功
2017-04-21T07:11:17: 读取文件成功
2017-04-21T07:12:17: 读取文件成功
2017-04-21T07:13:17: 读取文件成功
2017-04-21T07:14:17: 读取文件成功
2017-04-21T07:15:17: 读取文件成功
2017-04-21T07:16:17: 读取文件成功
2017-04-21T07:17:17: 读取文件成功
2017-04-21T07:18:17: 读取文件成功
2017-04-21T07:19:17: 读取文件成功
2017-04-21T07:20:17: 读取文件成功
2017-04-21T07:21:17: 读取文件成功
2017-04-21T07:22:17: 读取文件成功
2017-04-21T07:23:17: 读取文件成功
2017-04-21T07:24:18: 读取文件成功
2017-04-21T07:25:18: 读取文件成功
2017-04-21T07:26:17: 读取文件成功
2017-04-21T07:27:17: 读取文件成功
2017-04-21T07:28:17: 读取文件成功
2017-04-21T07:29:18: 读取文件成功
2017-04-21T07:30:17: 读取文件成功
2017-04-21T07:31:18: 读取文件成功
2017-04-21T07:32:18: 读取文件成功
2017-04-21T07:33:18: 读取文件成功
2017-04-21T07:34:18: 读取文件成功
2017-04-21T07:35:18: 读取文件成功
2017-04-21T07:36:18: 读取文件成功
2017-04-21T07:37:18: 读取文件成功
2017-04-21T07:38:19: 读取文件成功
2017-04-21T07:39:18: 读取文件成功
2017-04-21T07:40:18: 读取文件成功
2017-04-21T07:41:18: 读取文件成功
2017-04-21T07:42:18: 读取文件成功
2017-04-21T07:43:18: 读取文件成功
2017-04-21T07:44:18: 读取文件成功
2017-04-21T07:45:18: 读取文件成功
2017-04-21T07:46:18: 读取文件成功
2017-04-21T07:47:18: 读取文件成功
2017-04-21T07:48:18: 读取文件成功
2017-04-21T07:49:18: 读取文件成功
2017-04-21T07:50:18: 读取文件成功
2017-04-21T07:51:18: 读取文件成功
2017-04-21T07:52:18: 读取文件成功
2017-04-21T07:53:18: 读取文件成功
2017-04-21T07:54:20: 读取文件成功
2017-04-21T07:55:18: 读取文件成功
2017-04-21T07:56:18: 读取文件成功
2017-04-21T07:57:18: 读取文件成功
2017-04-21T07:58:18: 读取文件成功
2017-04-21T07:59:18: 读取文件成功
2017-04-21T08:00:18: 读取文件成功
2017-04-21T08:01:18: 读取文件成功
2017-04-21T08:02:18: 读取文件成功
2017-04-21T08:03:18: 读取文件成功
2017-04-21T08:04:18: 读取文件成功
2017-04-21T08:05:18: 读取文件成功
2017-04-21T08:06:18: 读取文件成功
2017-04-21T08:07:18: 读取文件成功
2017-04-21T08:08:19: 读取文件成功
2017-04-21T08:09:18: 读取文件成功
2017-04-21T08:10:18: 读取文件成功
2017-04-21T08:11:18: 读取文件成功
2017-04-21T08:12:18: 读取文件成功
2017-04-21T08:13:18: 读取文件成功
2017-04-21T08:14:18: 读取文件成功
2017-04-21T08:15:18: 读取文件成功
2017-04-21T08:16:18: 读取文件成功
2017-04-21T08:17:18: 读取文件成功
2017-04-21T08:18:18: 读取文件成功
2017-04-21T08:19:18: 读取文件成功
2017-04-21T08:20:18: 读取文件成功
2017-04-21T08:21:18: 读取文件成功
2017-04-21T08:22:18: 读取文件成功
2017-04-21T08:23:18: 读取文件成功
2017-04-21T08:24:18: 读取文件成功
2017-04-21T08:25:18: 读取文件成功
2017-04-21T08:26:18: 读取文件成功
2017-04-21T08:27:18: 读取文件成功
2017-04-21T08:28:18: 读取文件成功
2017-04-21T08:29:18: 读取文件成功
2017-04-21T08:30:18: 读取文件成功
2017-04-21T08:31:18: 读取文件成功
2017-04-21T08:32:18: 读取文件成功
2017-04-21T08:33:18: 读取文件成功
2017-04-21T08:34:19: 读取文件成功
2017-04-21T08:35:18: 读取文件成功
2017-04-21T08:36:18: 读取文件成功
2017-04-21T08:37:18: 读取文件成功
2017-04-21T08:38:24: 读取文件成功
2017-04-21T08:39:18: 读取文件成功
2017-04-21T08:40:18: 读取文件成功
2017-04-21T08:41:49: 读取文件成功
2017-04-21T08:42:18: 读取文件成功
2017-04-21T08:43:18: 读取文件成功
2017-04-21T08:44:18: 读取文件成功
2017-04-21T08:45:18: 读取文件成功
2017-04-21T08:46:18: 读取文件成功
2017-04-21T08:47:18: 读取文件成功
2017-04-21T08:48:18: 读取文件成功
2017-04-21T08:49:18: 读取文件成功
2017-04-21T08:50:18: 读取文件成功
2017-04-21T08:51:18: 读取文件成功
2017-04-21T08:52:18: 读取文件成功
2017-04-21T08:53:18: 读取文件成功
2017-04-21T08:54:31: 读取文件成功
2017-04-21T08:55:18: 读取文件成功
2017-04-21T08:56:19: 读取文件成功
2017-04-21T08:57:18: 读取文件成功
2017-04-21T08:58:18: 读取文件成功
2017-04-21T08:59:19: 读取文件成功
2017-04-21T09:00:19: 读取文件成功
2017-04-21T09:01:18: 读取文件成功
2017-04-21T09:02:18: 读取文件成功
2017-04-21T09:03:18: 读取文件成功
2017-04-21T09:04:18: 读取文件成功
2017-04-21T09:05:18: 读取文件成功
2017-04-21T09:06:18: 读取文件成功
2017-04-21T09:07:19: 读取文件成功
2017-04-21T09:08:19: 读取文件成功
2017-04-21T09:09:18: 读取文件成功
2017-04-21T09:10:19: 读取文件成功
2017-04-21T09:11:19: 读取文件成功
2017-04-21T09:12:18: 读取文件成功
2017-04-21T09:13:18: 读取文件成功
2017-04-21T09:14:19: 读取文件成功
2017-04-21T09:15:18: 读取文件成功
2017-04-21T09:16:18: 读取文件成功
2017-04-21T09:17:19: 读取文件成功
2017-04-21T09:18:19: 读取文件成功
2017-04-21T09:19:18: 读取文件成功
2017-04-21T09:20:19: 读取文件成功
2017-04-21T09:21:19: 读取文件成功
2017-04-21T09:22:19: 读取文件成功
2017-04-21T09:23:19: 读取文件成功
2017-04-21T09:24:19: 读取文件成功
2017-04-21T09:25:19: 读取文件成功
2017-04-21T09:26:19: 读取文件成功
2017-04-21T09:27:19: 读取文件成功
2017-04-21T09:28:19: 读取文件成功
2017-04-21T09:29:19: 读取文件成功
2017-04-21T09:30:18: 读取文件成功
2017-04-21T09:31:18: 读取文件成功
2017-04-21T09:32:19: 读取文件成功
2017-04-21T09:33:19: 读取文件成功
2017-04-21T09:34:19: 读取文件成功
2017-04-21T09:35:19: 读取文件成功
2017-04-21T09:36:19: 读取文件成功
2017-04-21T09:37:19: 读取文件成功
2017-04-21T09:38:21: 读取文件成功
2017-04-21T09:39:19: 读取文件成功
2017-04-21T09:40:19: 读取文件成功
2017-04-21T09:41:19: 读取文件成功
2017-04-21T09:42:19: 读取文件成功
2017-04-21T09:43:19: 读取文件成功
2017-04-21T09:44:19: 读取文件成功
2017-04-21T09:45:19: 读取文件成功
2017-04-21T09:46:20: 读取文件成功
2017-04-21T09:47:19: 读取文件成功
2017-04-21T09:48:19: 读取文件成功
2017-04-21T09:49:19: 读取文件成功
2017-04-21T09:50:19: 读取文件成功
2017-04-21T09:51:20: 读取文件成功
2017-04-21T09:52:19: 读取文件成功
2017-04-21T09:53:19: 读取文件成功
2017-04-21T09:54:19: 读取文件成功
2017-04-21T09:55:19: 读取文件成功
2017-04-21T09:56:19: 读取文件成功
2017-04-21T09:57:19: 读取文件成功
2017-04-21T09:58:19: 读取文件成功
2017-04-21T09:59:19: 读取文件成功
2017-04-21T10:00:19: 读取文件成功
2017-04-21T10:01:19: 读取文件成功
2017-04-21T10:02:19: 读取文件成功
2017-04-21T10:03:19: 读取文件成功
2017-04-21T10:04:19: 读取文件成功
2017-04-21T10:05:19: 读取文件成功
2017-04-21T10:06:19: 读取文件成功
2017-04-21T10:07:19: 读取文件成功
2017-04-21T10:08:20: 读取文件成功
2017-04-21T10:09:19: 读取文件成功
2017-04-21T10:10:19: 读取文件成功
2017-04-21T10:11:19: 读取文件成功
2017-04-21T10:12:19: 读取文件成功
2017-04-21T10:13:19: 读取文件成功
2017-04-21T10:14:19: 读取文件成功
2017-04-21T10:15:19: 读取文件成功
2017-04-21T10:16:19: 读取文件成功
2017-04-21T10:17:19: 读取文件成功
2017-04-21T10:18:19: 读取文件成功
2017-04-21T10:19:19: 读取文件成功
2017-04-21T10:20:19: 读取文件成功
2017-04-21T10:21:19: 读取文件成功
2017-04-21T10:22:19: 读取文件成功
2017-04-21T10:23:19: 读取文件成功
2017-04-21T10:24:19: 读取文件成功
2017-04-21T10:25:19: 读取文件成功
2017-04-21T10:26:19: 读取文件成功
2017-04-21T10:27:19: 读取文件成功
2017-04-21T10:28:19: 读取文件成功
2017-04-21T10:29:19: 读取文件成功
2017-04-21T10:30:20: 读取文件成功
2017-04-21T10:31:19: 读取文件成功
2017-04-21T10:32:19: 读取文件成功
2017-04-21T10:33:19: 读取文件成功
2017-04-21T10:34:19: 读取文件成功
2017-04-21T10:35:19: 读取文件成功
2017-04-21T10:36:19: 读取文件成功
2017-04-21T10:37:19: 读取文件成功
2017-04-21T10:38:19: 读取文件成功
2017-04-21T10:39:19: 读取文件成功
2017-04-21T10:40:19: 读取文件成功
2017-04-21T10:41:19: 读取文件成功
2017-04-21T10:42:19: 读取文件成功
2017-04-21T10:43:20: 读取文件成功
2017-04-21T10:44:19: 读取文件成功
2017-04-21T10:45:19: 读取文件成功
2017-04-21T10:46:19: 读取文件成功
2017-04-21T10:47:19: 读取文件成功
2017-04-21T10:48:19: 读取文件成功
2017-04-21T10:49:19: 读取文件成功
2017-04-21T10:50:19: 读取文件成功
2017-04-21T10:51:19: 读取文件成功
2017-04-21T10:52:20: 读取文件成功
2017-04-21T10:53:20: 读取文件成功
2017-04-21T10:54:20: 读取文件成功
2017-04-21T10:55:19: 读取文件成功
2017-04-21T10:56:19: 读取文件成功
2017-04-21T10:57:19: 读取文件成功
2017-04-21T10:58:20: 读取文件成功
2017-04-21T10:59:19: 读取文件成功
2017-04-21T11:00:19: 读取文件成功
2017-04-21T11:01:19: 读取文件成功
2017-04-21T11:02:20: 读取文件成功
2017-04-21T11:03:19: 读取文件成功
2017-04-21T11:04:20: 读取文件成功
2017-04-21T11:05:23: 读取文件成功
2017-04-21T11:06:19: 读取文件成功
2017-04-21T11:07:20: 读取文件成功
2017-04-21T11:08:19: 读取文件成功
2017-04-21T11:09:19: 读取文件成功
2017-04-21T11:10:20: 读取文件成功
2017-04-21T11:11:20: 读取文件成功
2017-04-21T11:12:20: 读取文件成功
2017-04-21T11:13:21: 读取文件成功
2017-04-21T11:14:20: 读取文件成功
2017-04-21T11:15:20: 读取文件成功
2017-04-21T11:16:20: 读取文件成功
2017-04-21T11:17:20: 读取文件成功
2017-04-21T11:18:20: 读取文件成功
2017-04-21T11:19:20: 读取文件成功
2017-04-21T11:20:20: 读取文件成功
2017-04-21T11:21:20: 读取文件成功
2017-04-21T11:22:20: 读取文件成功
2017-04-21T11:23:20: 读取文件成功
2017-04-21T11:24:20: 读取文件成功
2017-04-21T11:25:20: 读取文件成功
2017-04-21T11:26:20: 读取文件成功
2017-04-21T11:27:20: 读取文件成功
2017-04-21T11:28:20: 读取文件成功
2017-04-21T11:29:20: 读取文件成功
2017-04-21T11:30:20: 读取文件成功
2017-04-21T11:31:20: 读取文件成功
2017-04-21T11:32:20: 读取文件成功
2017-04-21T11:33:20: 读取文件成功
2017-04-21T11:34:21: 读取文件成功
2017-04-21T11:35:21: 读取文件成功
2017-04-21T11:36:21: 读取文件成功
2017-04-21T11:37:20: 读取文件成功
2017-04-21T11:38:20: 读取文件成功
2017-04-21T11:39:20: 读取文件成功
2017-04-21T11:40:20: 读取文件成功
2017-04-21T11:41:20: 读取文件成功
2017-04-21T11:42:20: 读取文件成功
2017-04-21T11:43:20: 读取文件成功
2017-04-21T11:44:20: 读取文件成功
2017-04-21T11:45:20: 读取文件成功
2017-04-21T11:46:20: 读取文件成功
2017-04-21T11:47:20: 读取文件成功
2017-04-21T11:48:21: 读取文件成功
2017-04-21T11:49:20: 读取文件成功
2017-04-21T11:50:21: 读取文件成功
2017-04-21T11:51:20: 读取文件成功
2017-04-21T11:52:20: 读取文件成功
2017-04-21T11:53:20: 读取文件成功
2017-04-21T11:54:20: 读取文件成功
2017-04-21T11:55:20: 读取文件成功
2017-04-21T11:56:22: 读取文件成功
2017-04-21T11:57:21: 读取文件成功
2017-04-21T11:58:20: 读取文件成功
2017-04-21T11:59:20: 读取文件成功
2017-04-21T12:00:20: 读取文件成功
2017-04-21T12:01:20: 读取文件成功
2017-04-21T12:02:20: 读取文件成功
2017-04-21T12:03:20: 读取文件成功
2017-04-21T12:04:20: 读取文件成功
2017-04-21T12:05:20: 读取文件成功
2017-04-21T12:06:20: 读取文件成功
2017-04-21T12:07:20: 读取文件成功
2017-04-21T12:08:20: 读取文件成功
2017-04-21T12:09:20: 读取文件成功
2017-04-21T12:10:20: 读取文件成功
2017-04-21T12:11:20: 读取文件成功
2017-04-21T12:12:20: 读取文件成功
2017-04-21T12:13:20: 读取文件成功
2017-04-21T12:14:20: 读取文件成功
2017-04-21T12:15:20: 读取文件成功
2017-04-21T12:16:20: 读取文件成功
2017-04-21T12:17:20: 读取文件成功
2017-04-21T12:18:20: 读取文件成功
2017-04-21T12:19:20: 读取文件成功
2017-04-21T12:20:21: 读取文件成功
2017-04-21T12:21:20: 读取文件成功
2017-04-21T12:22:20: 读取文件成功
2017-04-21T12:23:20: 读取文件成功
2017-04-21T12:24:20: 读取文件成功
2017-04-21T12:25:20: 读取文件成功
2017-04-21T12:26:21: 读取文件成功
2017-04-21T12:27:20: 读取文件成功
2017-04-21T12:28:20: 读取文件成功
2017-04-21T12:29:20: 读取文件成功
2017-04-21T12:30:20: 读取文件成功
2017-04-21T12:31:21: 读取文件成功
2017-04-21T12:32:20: 读取文件成功
2017-04-21T12:33:20: 读取文件成功
2017-04-21T12:34:20: 读取文件成功
2017-04-21T12:35:20: 读取文件成功
2017-04-21T12:36:20: 读取文件成功
2017-04-21T12:37:20: 读取文件成功
2017-04-21T12:38:20: 读取文件成功
2017-04-21T12:39:20: 读取文件成功
2017-04-21T12:40:23: 读取文件成功
2017-04-21T12:41:20: 读取文件成功
2017-04-21T12:42:20: 读取文件成功
2017-04-21T12:43:21: 读取文件成功
2017-04-21T12:44:20: 读取文件成功
2017-04-21T12:45:20: 读取文件成功
2017-04-21T12:46:20: 读取文件成功
2017-04-21T12:47:20: 读取文件成功
2017-04-21T12:48:20: 读取文件成功
2017-04-21T12:49:20: 读取文件成功
2017-04-21T12:50:21: 读取文件成功
2017-04-21T12:51:20: 读取文件成功
2017-04-21T12:52:21: 读取文件成功
2017-04-21T12:53:20: 读取文件成功
2017-04-21T12:54:20: 读取文件成功
2017-04-21T12:55:20: 读取文件成功
2017-04-21T12:56:21: 读取文件成功
2017-04-21T12:57:20: 读取文件成功
2017-04-21T12:58:20: 读取文件成功
2017-04-21T12:59:20: 读取文件成功
2017-04-21T13:00:20: 读取文件成功
2017-04-21T13:01:20: 读取文件成功
2017-04-21T13:02:21: 读取文件成功
2017-04-21T13:03:20: 读取文件成功
2017-04-21T13:04:21: 读取文件成功
2017-04-21T13:05:21: 读取文件成功
2017-04-21T13:06:20: 读取文件成功
2017-04-21T13:07:21: 读取文件成功
2017-04-21T13:08:21: 读取文件成功
2017-04-21T13:09:21: 读取文件成功
2017-04-21T13:10:21: 读取文件成功
2017-04-21T13:11:21: 读取文件成功
2017-04-21T13:12:22: 读取文件成功
2017-04-21T13:13:21: 读取文件成功
2017-04-21T13:14:21: 读取文件成功
2017-04-21T13:15:21: 读取文件成功
2017-04-21T13:16:21: 读取文件成功
2017-04-21T13:17:21: 读取文件成功
2017-04-21T13:18:21: 读取文件成功
2017-04-21T13:19:21: 读取文件成功
2017-04-21T13:20:21: 读取文件成功
2017-04-21T13:21:24: 读取文件成功
2017-04-21T13:23:00: 读取文件成功
2017-04-21T13:23:21: 读取文件成功
2017-04-21T13:24:21: 读取文件成功
2017-04-21T13:25:21: 读取文件成功
2017-04-21T13:26:21: 读取文件成功
2017-04-21T13:27:21: 读取文件成功
2017-04-21T13:28:22: 读取文件成功
2017-04-21T13:29:22: 读取文件成功
2017-04-21T13:30:21: 读取文件成功
2017-04-21T13:31:21: 读取文件成功
2017-04-21T13:32:25: 读取文件成功
2017-04-21T13:33:21: 读取文件成功
2017-04-21T13:34:21: 读取文件成功
2017-04-21T13:35:21: 读取文件成功
2017-04-21T13:36:21: 读取文件成功
2017-04-21T13:37:21: 读取文件成功
2017-04-21T13:38:21: 读取文件成功
2017-04-21T13:39:21: 读取文件成功
2017-04-21T13:40:21: 读取文件成功
2017-04-21T13:41:21: 读取文件成功
2017-04-21T13:42:21: 读取文件成功
2017-04-21T13:43:21: 读取文件成功
2017-04-21T13:44:21: 读取文件成功
2017-04-21T13:45:21: 读取文件成功
2017-04-21T13:46:21: 读取文件成功
2017-04-21T13:47:21: 读取文件成功
2017-04-21T13:48:21: 读取文件成功
2017-04-21T13:49:21: 读取文件成功
2017-04-21T13:50:21: 读取文件成功
2017-04-21T13:51:21: 读取文件成功
2017-04-21T13:52:21: 读取文件成功
2017-04-21T13:53:21: 读取文件成功
2017-04-21T13:54:21: 读取文件成功
2017-04-21T13:55:21: 读取文件成功
2017-04-21T13:56:21: 读取文件成功
2017-04-21T13:57:24: 读取文件成功
2017-04-21T13:58:21: 读取文件成功
2017-04-21T13:59:21: 读取文件成功
2017-04-21T14:00:21: 读取文件成功
2017-04-21T14:01:21: 读取文件成功
2017-04-21T14:02:21: 读取文件成功
2017-04-21T14:03:21: 读取文件成功
2017-04-21T14:04:21: 读取文件成功
2017-04-21T14:05:21: 读取文件成功
2017-04-21T14:06:21: 读取文件成功
2017-04-21T14:07:21: 读取文件成功
2017-04-21T14:08:21: 读取文件成功
2017-04-21T14:09:22: 读取文件成功
2017-04-21T14:10:21: 读取文件成功
2017-04-21T14:11:21: 读取文件成功
2017-04-21T14:12:21: 读取文件成功
2017-04-21T14:13:21: 读取文件成功
2017-04-21T14:14:21: 读取文件成功
2017-04-21T14:15:21: 读取文件成功
2017-04-21T14:16:21: 读取文件成功
2017-04-21T14:17:21: 读取文件成功
2017-04-21T14:18:21: 读取文件成功
2017-04-21T14:19:22: 读取文件成功
2017-04-21T14:20:21: 读取文件成功
2017-04-21T14:21:21: 读取文件成功
2017-04-21T14:22:21: 读取文件成功
2017-04-21T14:23:21: 读取文件成功
2017-04-21T14:24:21: 读取文件成功
2017-04-21T14:25:22: 读取文件成功
2017-04-21T14:26:21: 读取文件成功
2017-04-21T14:27:21: 读取文件成功
2017-04-21T14:28:22: 读取文件成功
2017-04-21T14:29:21: 读取文件成功
2017-04-21T14:30:21: 读取文件成功
2017-04-21T14:31:23: 读取文件成功
2017-04-21T14:32:21: 读取文件成功
2017-04-21T14:33:21: 读取文件成功
2017-04-21T14:34:21: 读取文件成功
2017-04-21T14:35:21: 读取文件成功
2017-04-21T14:36:21: 读取文件成功
2017-04-21T14:37:21: 读取文件成功
2017-04-21T14:38:21: 读取文件成功
2017-04-21T14:39:21: 读取文件成功
2017-04-21T14:40:21: 读取文件成功
2017-04-21T14:41:22: 读取文件成功
2017-04-21T14:42:23: 读取文件成功
2017-04-21T14:43:21: 读取文件成功
2017-04-21T14:44:21: 读取文件成功
2017-04-21T14:45:21: 读取文件成功
2017-04-21T14:46:21: 读取文件成功
2017-04-21T14:47:22: 读取文件成功
2017-04-21T14:48:22: 读取文件成功
2017-04-21T14:49:22: 读取文件成功
2017-04-21T14:50:21: 读取文件成功
2017-04-21T14:51:21: 读取文件成功
2017-04-21T14:52:22: 读取文件成功
2017-04-21T14:53:22: 读取文件成功
2017-04-21T14:54:22: 读取文件成功
2017-04-21T14:55:22: 读取文件成功
2017-04-21T14:56:23: 读取文件成功
2017-04-21T14:57:23: 读取文件成功
2017-04-21T14:58:22: 读取文件成功
2017-04-21T14:59:22: 读取文件成功
2017-04-21T15:00:22: 读取文件成功
2017-04-21T15:01:22: 读取文件成功
2017-04-21T15:02:22: 读取文件成功
2017-04-21T15:03:22: 读取文件成功
2017-04-21T15:04:22: 读取文件成功
2017-04-21T15:05:22: 读取文件成功
2017-04-21T15:06:22: 读取文件成功
2017-04-21T15:07:22: 读取文件成功
2017-04-21T15:08:22: 读取文件成功
2017-04-21T15:09:22: 读取文件成功
2017-04-21T15:10:22: 读取文件成功
2017-04-21T15:11:22: 读取文件成功
2017-04-21T15:12:22: 读取文件成功
2017-04-21T15:13:22: 读取文件成功
2017-04-21T15:14:22: 读取文件成功
2017-04-21T15:15:22: 读取文件成功
2017-04-21T15:16:23: 读取文件成功
2017-04-21T15:17:22: 读取文件成功
2017-04-21T15:18:22: 读取文件成功
2017-04-21T15:19:22: 读取文件成功
2017-04-21T15:20:22: 读取文件成功
2017-04-21T15:21:22: 读取文件成功
2017-04-21T15:22:23: 读取文件成功
2017-04-21T15:23:23: 读取文件成功
2017-04-21T15:24:22: 读取文件成功
2017-04-21T15:25:22: 读取文件成功
2017-04-21T15:26:22: 读取文件成功
2017-04-21T15:27:22: 读取文件成功
2017-04-21T15:28:23: 读取文件成功
2017-04-21T15:29:22: 读取文件成功
2017-04-21T15:30:22: 读取文件成功
2017-04-21T15:32:35: 读取文件成功
2017-04-21T15:33:22: 读取文件成功
2017-04-21T15:34:22: 读取文件成功
2017-04-21T15:35:22: 读取文件成功
2017-04-21T15:36:22: 读取文件成功
2017-04-21T15:37:22: 读取文件成功
2017-04-21T15:38:22: 读取文件成功
2017-04-21T15:39:22: 读取文件成功
2017-04-21T15:40:22: 读取文件成功
2017-04-21T15:41:22: 读取文件成功
2017-04-21T15:42:22: 读取文件成功
2017-04-21T15:43:22: 读取文件成功
2017-04-21T15:44:22: 读取文件成功
2017-04-21T15:45:22: 读取文件成功
2017-04-21T15:46:22: 读取文件成功
2017-04-21T15:47:22: 读取文件成功
2017-04-21T15:48:23: 读取文件成功
2017-04-21T15:49:22: 读取文件成功
2017-04-21T15:50:22: 读取文件成功
2017-04-21T15:51:22: 读取文件成功
2017-04-21T15:52:22: 读取文件成功
2017-04-21T15:53:22: 读取文件成功
2017-04-21T15:54:22: 读取文件成功
2017-04-21T15:55:22: 读取文件成功
2017-04-21T15:56:22: 读取文件成功
2017-04-21T15:57:23: 读取文件成功
2017-04-21T15:58:22: 读取文件成功
2017-04-21T15:59:23: 读取文件成功
2017-04-21T16:00:22: 读取文件成功
2017-04-21T16:01:22: 读取文件成功
2017-04-21T16:02:22: 读取文件成功
2017-04-21T16:03:24: 读取文件成功
2017-04-21T16:04:22: 读取文件成功
2017-04-21T16:05:22: 读取文件成功
2017-04-21T16:06:22: 读取文件成功
2017-04-21T16:07:22: 读取文件成功
2017-04-21T16:08:23: 读取文件成功
2017-04-21T16:09:22: 读取文件成功
2017-04-21T16:10:22: 读取文件成功
2017-04-21T16:11:22: 读取文件成功
2017-04-21T16:12:22: 读取文件成功
2017-04-21T16:13:22: 读取文件成功
2017-04-21T16:14:22: 读取文件成功
2017-04-21T16:15:24: 读取文件成功
2017-04-21T16:16:22: 读取文件成功
2017-04-21T16:17:22: 读取文件成功
2017-04-21T16:18:22: 读取文件成功
2017-04-21T16:19:24: 读取文件成功
2017-04-21T16:20:23: 读取文件成功
2017-04-21T16:21:23: 读取文件成功
2017-04-21T16:22:22: 读取文件成功
2017-04-21T16:23:22: 读取文件成功
2017-04-21T16:24:22: 读取文件成功
2017-04-21T16:25:22: 读取文件成功
2017-04-21T16:26:22: 读取文件成功
2017-04-21T16:27:23: 读取文件成功
2017-04-21T16:28:22: 读取文件成功
2017-04-21T16:29:22: 读取文件成功
2017-04-21T16:30:22: 读取文件成功
2017-04-21T16:31:22: 读取文件成功
2017-04-21T16:32:22: 读取文件成功
2017-04-21T16:33:24: 读取文件成功
2017-04-21T16:34:22: 读取文件成功
2017-04-21T16:35:22: 读取文件成功
2017-04-21T16:36:22: 读取文件成功
2017-04-21T16:37:22: 读取文件成功
2017-04-21T16:38:22: 读取文件成功
2017-04-21T16:39:24: 读取文件成功
2017-04-21T16:40:23: 读取文件成功
2017-04-21T16:41:24: 读取文件成功
2017-04-21T16:42:23: 读取文件成功
2017-04-21T16:43:24: 读取文件成功
2017-04-21T16:44:23: 读取文件成功
2017-04-21T16:45:23: 读取文件成功
2017-04-21T16:46:23: 读取文件成功
2017-04-21T16:47:23: 读取文件成功
2017-04-21T16:48:23: 读取文件成功
2017-04-21T16:49:23: 读取文件成功
2017-04-21T16:50:24: 读取文件成功
2017-04-21T16:51:23: 读取文件成功
2017-04-21T16:52:23: 读取文件成功
2017-04-21T16:53:23: 读取文件成功
2017-04-21T16:54:23: 读取文件成功
2017-04-21T16:55:23: 读取文件成功
2017-04-21T16:56:23: 读取文件成功
2017-04-21T16:57:23: 读取文件成功
2017-04-21T16:58:23: 读取文件成功
2017-04-21T16:59:23: 读取文件成功
2017-04-21T17:00:23: 读取文件成功
2017-04-21T17:01:24: 读取文件成功
2017-04-21T17:02:23: 读取文件成功
2017-04-21T17:03:23: 读取文件成功
2017-04-21T17:04:23: 读取文件成功
2017-04-21T17:05:24: 读取文件成功
2017-04-21T17:06:23: 读取文件成功
2017-04-21T17:07:23: 读取文件成功
2017-04-21T17:08:23: 读取文件成功
2017-04-21T17:09:23: 读取文件成功
2017-04-21T17:10:23: 读取文件成功
2017-04-21T17:11:23: 读取文件成功
2017-04-21T17:12:24: 读取文件成功
2017-04-21T17:13:24: 读取文件成功
2017-04-21T17:14:23: 读取文件成功
2017-04-21T17:15:23: 读取文件成功
2017-04-21T17:16:23: 读取文件成功
2017-04-21T17:17:23: 读取文件成功
2017-04-21T17:18:23: 读取文件成功
2017-04-21T17:19:23: 读取文件成功
2017-04-21T17:20:26: 读取文件成功
2017-04-21T17:21:23: 读取文件成功
2017-04-21T17:22:23: 读取文件成功
2017-04-21T17:23:23: 读取文件成功
2017-04-21T17:24:23: 读取文件成功
2017-04-21T17:25:23: 读取文件成功
2017-04-21T17:26:23: 读取文件成功
2017-04-21T17:27:23: 读取文件成功
2017-04-21T17:28:24: 读取文件成功
2017-04-21T17:29:24: 读取文件成功
2017-04-21T17:30:26: 读取文件成功
2017-04-21T17:31:23: 读取文件成功
2017-04-21T17:32:24: 读取文件成功
2017-04-21T17:33:23: 读取文件成功
2017-04-21T17:34:23: 读取文件成功
2017-04-21T17:35:23: 读取文件成功
2017-04-21T17:36:23: 读取文件成功
2017-04-21T17:37:23: 读取文件成功
2017-04-21T17:38:23: 读取文件成功
2017-04-21T17:39:23: 读取文件成功
2017-04-21T17:40:23: 读取文件成功
2017-04-21T17:41:29: 读取文件成功
2017-04-21T17:42:24: 读取文件成功
2017-04-21T17:43:23: 读取文件成功
2017-04-21T17:44:23: 读取文件成功
2017-04-21T17:45:23: 读取文件成功
2017-04-21T17:46:23: 读取文件成功
2017-04-21T17:47:23: 读取文件成功
2017-04-21T17:48:23: 读取文件成功
2017-04-21T17:49:23: 读取文件成功
2017-04-21T17:50:23: 读取文件成功
2017-04-21T17:51:23: 读取文件成功
2017-04-21T17:52:25: 读取文件成功
2017-04-21T17:53:24: 读取文件成功
2017-04-21T17:54:23: 读取文件成功
2017-04-21T17:55:24: 读取文件成功
2017-04-21T17:56:24: 读取文件成功
2017-04-21T17:57:24: 读取文件成功
2017-04-21T17:58:24: 读取文件成功
2017-04-21T17:59:23: 读取文件成功
2017-04-21T18:00:23: 读取文件成功
2017-04-21T18:01:23: 读取文件成功
2017-04-21T18:02:23: 读取文件成功
2017-04-21T18:03:23: 读取文件成功
2017-04-21T18:04:23: 读取文件成功
2017-04-21T18:05:23: 读取文件成功
2017-04-21T18:06:23: 读取文件成功
2017-04-21T18:07:24: 读取文件成功
2017-04-21T18:08:24: 读取文件成功
2017-04-21T18:09:23: 读取文件成功
2017-04-21T18:10:23: 读取文件成功
2017-04-21T18:11:23: 读取文件成功
2017-04-21T18:12:24: 读取文件成功
2017-04-21T18:13:23: 读取文件成功
2017-04-21T18:14:24: 读取文件成功
2017-04-21T18:15:23: 读取文件成功
2017-04-21T18:16:25: 读取文件成功
2017-04-21T18:17:23: 读取文件成功
2017-04-21T18:18:24: 读取文件成功
2017-04-21T18:19:23: 读取文件成功
2017-04-21T18:20:23: 读取文件成功
2017-04-21T18:21:25: 读取文件成功
2017-04-21T18:22:24: 读取文件成功
2017-04-21T18:23:23: 读取文件成功
2017-04-21T18:24:23: 读取文件成功
2017-04-21T18:25:24: 读取文件成功
2017-04-21T18:26:24: 读取文件成功
2017-04-21T18:27:25: 读取文件成功
2017-04-21T18:28:24: 读取文件成功
2017-04-21T18:29:24: 读取文件成功
2017-04-21T18:30:24: 读取文件成功
2017-04-21T18:31:57: 读取文件成功
2017-04-21T18:32:24: 读取文件成功
2017-04-21T18:33:24: 读取文件成功
2017-04-21T18:34:24: 读取文件成功
2017-04-21T18:35:25: 读取文件成功
2017-04-21T18:36:24: 读取文件成功
2017-04-21T18:37:24: 读取文件成功
2017-04-21T18:38:24: 读取文件成功
2017-04-21T18:39:24: 读取文件成功
2017-04-21T18:40:24: 读取文件成功
2017-04-21T18:41:24: 读取文件成功
2017-04-21T18:42:24: 读取文件成功
2017-04-21T18:43:24: 读取文件成功
2017-04-21T18:44:24: 读取文件成功
2017-04-21T18:45:24: 读取文件成功
2017-04-21T18:46:24: 读取文件成功
2017-04-21T18:47:24: 读取文件成功
2017-04-21T18:48:24: 读取文件成功
2017-04-21T18:49:24: 读取文件成功
2017-04-21T18:50:25: 读取文件成功
2017-04-21T18:51:25: 读取文件成功
2017-04-21T18:52:24: 读取文件成功
2017-04-21T18:53:24: 读取文件成功
2017-04-21T18:54:24: 读取文件成功
2017-04-21T18:55:24: 读取文件成功
2017-04-21T18:56:24: 读取文件成功
2017-04-21T18:57:25: 读取文件成功
2017-04-21T18:58:24: 读取文件成功
2017-04-21T18:59:24: 读取文件成功
2017-04-21T19:00:24: 读取文件成功
2017-04-21T19:01:24: 读取文件成功
2017-04-21T19:02:24: 读取文件成功
2017-04-21T19:03:24: 读取文件成功
2017-04-21T19:04:24: 读取文件成功
2017-04-21T19:05:24: 读取文件成功
2017-04-21T19:06:24: 读取文件成功
2017-04-21T19:07:24: 读取文件成功
2017-04-21T19:08:24: 读取文件成功
2017-04-21T19:09:24: 读取文件成功
2017-04-21T19:10:25: 读取文件成功
2017-04-21T19:11:24: 读取文件成功
2017-04-21T19:12:24: 读取文件成功
2017-04-21T19:13:25: 读取文件成功
2017-04-21T19:14:24: 读取文件成功
2017-04-21T19:15:25: 读取文件成功
2017-04-21T19:16:24: 读取文件成功
2017-04-21T19:17:24: 读取文件成功
2017-04-21T19:18:24: 读取文件成功
2017-04-21T19:19:24: 读取文件成功
2017-04-21T19:20:24: 读取文件成功
2017-04-21T19:21:25: 读取文件成功
2017-04-21T19:22:24: 读取文件成功
2017-04-21T19:23:24: 读取文件成功
2017-04-21T19:24:24: 读取文件成功
2017-04-21T19:25:24: 读取文件成功
2017-04-21T19:26:25: 读取文件成功
2017-04-21T19:27:24: 读取文件成功
2017-04-21T19:28:24: 读取文件成功
2017-04-21T19:29:24: 读取文件成功
2017-04-21T19:31:08: 读取文件成功
2017-04-21T19:31:44: 读取文件成功
2017-04-21T19:32:46: 读取文件成功
2017-04-21T19:33:24: 读取文件成功
2017-04-21T19:34:24: 读取文件成功
2017-04-21T19:35:24: 读取文件成功
2017-04-21T19:36:24: 读取文件成功
2017-04-21T19:37:24: 读取文件成功
2017-04-21T19:38:25: 读取文件成功
2017-04-21T19:39:24: 读取文件成功
2017-04-21T19:40:24: 读取文件成功
2017-04-21T19:41:24: 读取文件成功
2017-04-21T19:42:24: 读取文件成功
2017-04-21T19:43:24: 读取文件成功
2017-04-21T19:44:25: 读取文件成功
2017-04-21T19:45:24: 读取文件成功
2017-04-21T19:46:25: 读取文件成功
2017-04-21T19:47:25: 读取文件成功
2017-04-21T19:48:26: 读取文件成功
2017-04-21T19:49:24: 读取文件成功
2017-04-21T19:50:25: 读取文件成功
2017-04-21T19:51:24: 读取文件成功
2017-04-21T19:52:24: 读取文件成功
2017-04-21T19:53:24: 读取文件成功
2017-04-21T19:54:24: 读取文件成功
2017-04-21T19:55:24: 读取文件成功
2017-04-21T19:56:24: 读取文件成功
2017-04-21T19:57:24: 读取文件成功
2017-04-21T19:58:24: 读取文件成功
2017-04-21T19:59:24: 读取文件成功
2017-04-21T20:00:25: 读取文件成功
2017-04-21T20:01:24: 读取文件成功
2017-04-21T20:02:25: 读取文件成功
2017-04-21T20:03:24: 读取文件成功
2017-04-21T20:04:25: 读取文件成功
2017-04-21T20:05:25: 读取文件成功
2017-04-21T20:06:25: 读取文件成功
2017-04-21T20:07:24: 读取文件成功
2017-04-21T20:08:24: 读取文件成功
2017-04-21T20:09:24: 读取文件成功
2017-04-21T20:10:24: 读取文件成功
2017-04-21T20:11:25: 读取文件成功
2017-04-21T20:12:24: 读取文件成功
2017-04-21T20:13:25: 读取文件成功
2017-04-21T20:14:25: 读取文件成功
2017-04-21T20:15:25: 读取文件成功
2017-04-21T20:16:25: 读取文件成功
2017-04-21T20:17:25: 读取文件成功
2017-04-21T20:18:25: 读取文件成功
2017-04-21T20:19:25: 读取文件成功
2017-04-21T20:20:25: 读取文件成功
2017-04-21T20:21:25: 读取文件成功
2017-04-21T20:22:25: 读取文件成功
2017-04-21T20:23:25: 读取文件成功
2017-04-21T20:24:25: 读取文件成功
2017-04-21T20:25:25: 读取文件成功
2017-04-21T20:26:25: 读取文件成功
2017-04-21T20:27:25: 读取文件成功
2017-04-21T20:28:25: 读取文件成功
2017-04-21T20:29:25: 读取文件成功
2017-04-21T20:30:25: 读取文件成功
2017-04-21T20:31:26: 读取文件成功
2017-04-21T20:32:25: 读取文件成功
2017-04-21T20:33:26: 读取文件成功
2017-04-21T20:34:25: 读取文件成功
2017-04-21T20:35:25: 读取文件成功
2017-04-21T20:36:25: 读取文件成功
2017-04-21T20:37:25: 读取文件成功
2017-04-21T20:38:25: 读取文件成功
2017-04-21T20:39:25: 读取文件成功
2017-04-21T20:40:25: 读取文件成功
2017-04-21T20:41:25: 读取文件成功
2017-04-21T20:42:25: 读取文件成功
2017-04-21T20:43:25: 读取文件成功
2017-04-21T20:44:25: 读取文件成功
2017-04-21T20:45:25: 读取文件成功
2017-04-21T20:46:25: 读取文件成功
2017-04-21T20:47:25: 读取文件成功
2017-04-21T20:48:25: 读取文件成功
2017-04-21T20:49:25: 读取文件成功
2017-04-21T20:50:25: 读取文件成功
2017-04-21T20:51:25: 读取文件成功
2017-04-21T20:52:25: 读取文件成功
2017-04-21T20:53:25: 读取文件成功
2017-04-21T20:54:25: 读取文件成功
2017-04-21T20:55:25: 读取文件成功
2017-04-21T20:56:25: 读取文件成功
2017-04-21T20:57:26: 读取文件成功
2017-04-21T20:58:25: 读取文件成功
2017-04-21T20:59:25: 读取文件成功
2017-04-21T21:00:26: 读取文件成功
2017-04-21T21:01:25: 读取文件成功
2017-04-21T21:02:25: 读取文件成功
2017-04-21T21:03:25: 读取文件成功
2017-04-21T21:04:25: 读取文件成功
2017-04-21T21:05:26: 读取文件成功
2017-04-21T21:06:25: 读取文件成功
2017-04-21T21:07:25: 读取文件成功
2017-04-21T21:08:27: 读取文件成功
2017-04-21T21:09:25: 读取文件成功
2017-04-21T21:10:25: 读取文件成功
2017-04-21T21:11:25: 读取文件成功
2017-04-21T21:12:25: 读取文件成功
2017-04-21T21:13:26: 读取文件成功
2017-04-21T21:14:25: 读取文件成功
2017-04-21T21:15:25: 读取文件成功
2017-04-21T21:16:25: 读取文件成功
2017-04-21T21:17:25: 读取文件成功
2017-04-21T21:18:25: 读取文件成功
2017-04-21T21:19:26: 读取文件成功
2017-04-21T21:20:25: 读取文件成功
2017-04-21T21:21:26: 读取文件成功
2017-04-21T21:22:25: 读取文件成功
2017-04-21T21:23:25: 读取文件成功
2017-04-21T21:24:25: 读取文件成功
2017-04-21T21:25:25: 读取文件成功
2017-04-21T21:26:25: 读取文件成功
2017-04-21T21:27:25: 读取文件成功
2017-04-21T21:28:25: 读取文件成功
2017-04-21T21:29:25: 读取文件成功
2017-04-21T21:30:26: 读取文件成功
2017-04-21T21:31:26: 读取文件成功
2017-04-21T21:32:25: 读取文件成功
2017-04-21T21:33:26: 读取文件成功
2017-04-21T21:34:25: 读取文件成功
2017-04-21T21:35:25: 读取文件成功
2017-04-21T21:36:26: 读取文件成功
2017-04-21T21:37:26: 读取文件成功
2017-04-21T21:38:27: 读取文件成功
2017-04-21T21:39:26: 读取文件成功
2017-04-21T21:40:26: 读取文件成功
2017-04-21T21:41:26: 读取文件成功
2017-04-21T21:42:28: 读取文件成功
2017-04-21T21:43:25: 读取文件成功
2017-04-21T21:44:25: 读取文件成功
2017-04-21T21:45:26: 读取文件成功
2017-04-21T21:46:25: 读取文件成功
2017-04-21T21:47:27: 读取文件成功
2017-04-21T21:48:25: 读取文件成功
2017-04-21T21:49:25: 读取文件成功
2017-04-21T21:50:27: 读取文件成功
2017-04-21T21:51:25: 读取文件成功
2017-04-21T21:52:26: 读取文件成功
2017-04-21T21:53:28: 读取文件成功
2017-04-21T21:54:25: 读取文件成功
2017-04-21T21:55:25: 读取文件成功
2017-04-21T21:56:27: 读取文件成功
2017-04-21T21:57:25: 读取文件成功
2017-04-21T21:58:25: 读取文件成功
2017-04-21T21:59:26: 读取文件成功
2017-04-21T22:00:26: 读取文件成功
2017-04-21T22:01:26: 读取文件成功
2017-04-21T22:02:26: 读取文件成功
2017-04-21T22:03:26: 读取文件成功
2017-04-21T22:04:26: 读取文件成功
2017-04-21T22:05:26: 读取文件成功
2017-04-21T22:06:27: 读取文件成功
2017-04-21T22:07:27: 读取文件成功
2017-04-21T22:08:27: 读取文件成功
2017-04-21T22:09:26: 读取文件成功
2017-04-21T22:10:26: 读取文件成功
2017-04-21T22:11:27: 读取文件成功
2017-04-21T22:12:27: 读取文件成功
2017-04-21T22:13:26: 读取文件成功
2017-04-21T22:14:26: 读取文件成功
2017-04-21T22:15:26: 读取文件成功
2017-04-21T22:16:26: 读取文件成功
2017-04-21T22:17:26: 读取文件成功
2017-04-21T22:18:27: 读取文件成功
2017-04-21T22:19:26: 读取文件成功
2017-04-21T22:20:27: 读取文件成功
2017-04-21T22:21:26: 读取文件成功
2017-04-21T22:22:26: 读取文件成功
2017-04-21T22:23:26: 读取文件成功
2017-04-21T22:24:28: 读取文件成功
2017-04-21T22:25:27: 读取文件成功
2017-04-21T22:26:26: 读取文件成功
2017-04-21T22:27:26: 读取文件成功
2017-04-21T22:28:26: 读取文件成功
2017-04-21T22:29:27: 读取文件成功
2017-04-21T22:30:26: 读取文件成功
2017-04-21T22:31:26: 读取文件成功
2017-04-21T22:32:26: 读取文件成功
2017-04-21T22:33:26: 读取文件成功
2017-04-21T22:34:26: 读取文件成功
2017-04-21T22:35:26: 读取文件成功
2017-04-21T22:36:26: 读取文件成功
2017-04-21T22:37:26: 读取文件成功
2017-04-21T22:38:26: 读取文件成功
2017-04-21T22:39:27: 读取文件成功
2017-04-21T22:40:27: 读取文件成功
2017-04-21T22:41:26: 读取文件成功
2017-04-21T22:42:26: 读取文件成功
2017-04-21T22:43:26: 读取文件成功
2017-04-21T22:44:26: 读取文件成功
2017-04-21T22:45:26: 读取文件成功
2017-04-21T22:46:27: 读取文件成功
2017-04-21T22:47:26: 读取文件成功
2017-04-21T22:48:26: 读取文件成功
2017-04-21T22:49:26: 读取文件成功
2017-04-21T22:50:26: 读取文件成功
2017-04-21T22:51:26: 读取文件成功
2017-04-21T22:52:27: 读取文件成功
2017-04-21T22:53:26: 读取文件成功
2017-04-21T22:54:26: 读取文件成功
2017-04-21T22:55:26: 读取文件成功
2017-04-21T22:56:26: 读取文件成功
2017-04-21T22:57:26: 读取文件成功
2017-04-21T22:58:26: 读取文件成功
2017-04-21T22:59:26: 读取文件成功
2017-04-21T23:00:26: 读取文件成功
2017-04-21T23:01:26: 读取文件成功
2017-04-21T23:02:26: 读取文件成功
2017-04-21T23:03:26: 读取文件成功
2017-04-21T23:04:26: 读取文件成功
2017-04-21T23:05:30: 读取文件成功
2017-04-21T23:06:30: 读取文件成功
2017-04-21T23:07:26: 读取文件成功
2017-04-21T23:08:27: 读取文件成功
2017-04-21T23:09:27: 读取文件成功
2017-04-21T23:10:26: 读取文件成功
2017-04-21T23:11:27: 读取文件成功
2017-04-21T23:12:26: 读取文件成功
2017-04-21T23:13:26: 读取文件成功
2017-04-21T23:14:30: 读取文件成功
2017-04-21T23:15:27: 读取文件成功
2017-04-21T23:16:26: 读取文件成功
2017-04-21T23:17:26: 读取文件成功
2017-04-21T23:18:26: 读取文件成功
2017-04-21T23:19:27: 读取文件成功
2017-04-21T23:20:27: 读取文件成功
2017-04-21T23:21:35: 读取文件成功
2017-04-21T23:22:28: 读取文件成功
2017-04-21T23:23:26: 读取文件成功
2017-04-21T23:24:27: 读取文件成功
2017-04-21T23:25:26: 读取文件成功
2017-04-21T23:26:26: 读取文件成功
2017-04-21T23:27:27: 读取文件成功
2017-04-21T23:28:26: 读取文件成功
2017-04-21T23:29:26: 读取文件成功
2017-04-21T23:30:26: 读取文件成功
2017-04-21T23:31:26: 读取文件成功
2017-04-21T23:32:27: 读取文件成功
2017-04-21T23:33:26: 读取文件成功
2017-04-21T23:34:27: 读取文件成功
2017-04-21T23:35:27: 读取文件成功
2017-04-21T23:36:26: 读取文件成功
2017-04-21T23:37:28: 读取文件成功
2017-04-21T23:38:27: 读取文件成功
2017-04-21T23:39:28: 读取文件成功
2017-04-21T23:40:26: 读取文件成功
2017-04-21T23:41:26: 读取文件成功
2017-04-21T23:42:27: 读取文件成功
2017-04-21T23:43:27: 读取文件成功
2017-04-21T23:44:26: 读取文件成功
2017-04-21T23:45:30: 读取文件成功
2017-04-21T23:46:27: 读取文件成功
2017-04-21T23:47:27: 读取文件成功
2017-04-21T23:48:27: 读取文件成功
2017-04-21T23:49:28: 读取文件成功
2017-04-21T23:50:26: 非记录时间：2017-04-21T23:50:26+08:00
2017-04-21T23:51:26: 非记录时间：2017-04-21T23:51:26+08:00
2017-04-21T23:52:26: 非记录时间：2017-04-21T23:52:26+08:00
2017-04-21T23:53:26: 非记录时间：2017-04-21T23:53:26+08:00
2017-04-21T23:54:26: 非记录时间：2017-04-21T23:54:26+08:00
2017-04-21T23:55:26: 非记录时间：2017-04-21T23:55:26+08:00
2017-04-21T23:56:26: 非记录时间：2017-04-21T23:56:26+08:00
2017-04-21T23:57:26: 非记录时间：2017-04-21T23:57:26+08:00
2017-04-21T23:58:26: 非记录时间：2017-04-21T23:58:26+08:00
2017-04-21T23:59:26: 非记录时间：2017-04-21T23:59:26+08:00
