2017-01-16T00:00:00: 非记录时间：2017-01-16T00:00:00+08:00
2017-01-16T00:00:10: 非记录时间：2017-01-16T00:00:10+08:00
2017-01-16T00:00:20: 非记录时间：2017-01-16T00:00:20+08:00
2017-01-16T00:00:30: 非记录时间：2017-01-16T00:00:30+08:00
2017-01-16T00:00:40: 非记录时间：2017-01-16T00:00:40+08:00
2017-01-16T00:00:50: 非记录时间：2017-01-16T00:00:50+08:00
2017-01-16T00:01:00: 非记录时间：2017-01-16T00:01:00+08:00
2017-01-16T00:01:10: 非记录时间：2017-01-16T00:01:10+08:00
2017-01-16T00:01:20: 非记录时间：2017-01-16T00:01:20+08:00
2017-01-16T00:01:30: 非记录时间：2017-01-16T00:01:30+08:00
2017-01-16T00:01:40: 非记录时间：2017-01-16T00:01:40+08:00
2017-01-16T00:01:50: 非记录时间：2017-01-16T00:01:50+08:00
2017-01-16T00:02:00: 非记录时间：2017-01-16T00:02:00+08:00
2017-01-16T00:02:10: 非记录时间：2017-01-16T00:02:10+08:00
2017-01-16T00:02:20: 非记录时间：2017-01-16T00:02:20+08:00
2017-01-16T00:02:30: 非记录时间：2017-01-16T00:02:30+08:00
2017-01-16T00:02:40: 非记录时间：2017-01-16T00:02:40+08:00
2017-01-16T00:02:50: 非记录时间：2017-01-16T00:02:50+08:00
2017-01-16T00:03:00: 非记录时间：2017-01-16T00:03:00+08:00
2017-01-16T00:03:10: 非记录时间：2017-01-16T00:03:10+08:00
2017-01-16T00:03:20: 非记录时间：2017-01-16T00:03:20+08:00
2017-01-16T00:03:30: 非记录时间：2017-01-16T00:03:30+08:00
2017-01-16T00:03:40: 非记录时间：2017-01-16T00:03:40+08:00
2017-01-16T00:03:50: 非记录时间：2017-01-16T00:03:50+08:00
2017-01-16T00:04:00: 非记录时间：2017-01-16T00:04:00+08:00
2017-01-16T00:04:10: 非记录时间：2017-01-16T00:04:10+08:00
2017-01-16T00:04:20: 非记录时间：2017-01-16T00:04:20+08:00
2017-01-16T00:04:30: 非记录时间：2017-01-16T00:04:30+08:00
2017-01-16T00:04:40: 非记录时间：2017-01-16T00:04:40+08:00
2017-01-16T00:04:50: 非记录时间：2017-01-16T00:04:50+08:00
2017-01-16T00:05:00: 非记录时间：2017-01-16T00:05:00+08:00
2017-01-16T00:05:10: 非记录时间：2017-01-16T00:05:10+08:00
2017-01-16T00:05:20: 非记录时间：2017-01-16T00:05:20+08:00
2017-01-16T00:05:30: 非记录时间：2017-01-16T00:05:30+08:00
2017-01-16T00:05:40: 非记录时间：2017-01-16T00:05:40+08:00
2017-01-16T00:05:50: 非记录时间：2017-01-16T00:05:50+08:00
2017-01-16T00:06:00: 非记录时间：2017-01-16T00:06:00+08:00
2017-01-16T00:06:10: 非记录时间：2017-01-16T00:06:10+08:00
2017-01-16T00:06:20: 非记录时间：2017-01-16T00:06:20+08:00
2017-01-16T00:06:30: 非记录时间：2017-01-16T00:06:30+08:00
2017-01-16T00:06:40: 非记录时间：2017-01-16T00:06:40+08:00
2017-01-16T00:06:50: 非记录时间：2017-01-16T00:06:50+08:00
2017-01-16T00:07:00: 非记录时间：2017-01-16T00:07:00+08:00
2017-01-16T00:07:10: 非记录时间：2017-01-16T00:07:10+08:00
2017-01-16T00:07:20: 非记录时间：2017-01-16T00:07:20+08:00
2017-01-16T00:07:30: 非记录时间：2017-01-16T00:07:30+08:00
2017-01-16T00:07:40: 非记录时间：2017-01-16T00:07:40+08:00
2017-01-16T00:07:50: 非记录时间：2017-01-16T00:07:50+08:00
2017-01-16T00:08:00: 非记录时间：2017-01-16T00:08:00+08:00
2017-01-16T00:08:10: 非记录时间：2017-01-16T00:08:10+08:00
2017-01-16T00:08:20: 非记录时间：2017-01-16T00:08:20+08:00
2017-01-16T00:08:30: 非记录时间：2017-01-16T00:08:30+08:00
2017-01-16T00:08:40: 非记录时间：2017-01-16T00:08:40+08:00
2017-01-16T00:08:50: 非记录时间：2017-01-16T00:08:50+08:00
2017-01-16T00:09:00: 非记录时间：2017-01-16T00:09:00+08:00
2017-01-16T00:09:10: 非记录时间：2017-01-16T00:09:10+08:00
2017-01-16T00:09:20: 非记录时间：2017-01-16T00:09:20+08:00
2017-01-16T00:09:30: 非记录时间：2017-01-16T00:09:30+08:00
2017-01-16T00:09:40: 非记录时间：2017-01-16T00:09:40+08:00
2017-01-16T00:09:50: 非记录时间：2017-01-16T00:09:50+08:00
2017-01-16T00:10:00: 非记录时间：2017-01-16T00:10:00+08:00
2017-01-16T00:10:10: 非记录时间：2017-01-16T00:10:10+08:00
2017-01-16T00:10:20: 非记录时间：2017-01-16T00:10:20+08:00
2017-01-16T00:10:30: 非记录时间：2017-01-16T00:10:30+08:00
2017-01-16T00:10:40: 非记录时间：2017-01-16T00:10:40+08:00
2017-01-16T00:10:50: 非记录时间：2017-01-16T00:10:50+08:00
2017-01-16T00:11:00: 非记录时间：2017-01-16T00:11:00+08:00
2017-01-16T00:11:10: 非记录时间：2017-01-16T00:11:10+08:00
2017-01-16T00:11:20: 非记录时间：2017-01-16T00:11:20+08:00
2017-01-16T00:11:30: 非记录时间：2017-01-16T00:11:30+08:00
2017-01-16T00:11:40: 非记录时间：2017-01-16T00:11:40+08:00
2017-01-16T00:11:50: 非记录时间：2017-01-16T00:11:50+08:00
2017-01-16T00:12:00: 非记录时间：2017-01-16T00:12:00+08:00
2017-01-16T00:12:10: 非记录时间：2017-01-16T00:12:10+08:00
2017-01-16T00:12:20: 非记录时间：2017-01-16T00:12:20+08:00
2017-01-16T00:12:30: 非记录时间：2017-01-16T00:12:30+08:00
2017-01-16T00:12:40: 非记录时间：2017-01-16T00:12:40+08:00
2017-01-16T00:12:50: 非记录时间：2017-01-16T00:12:50+08:00
2017-01-16T00:13:00: 非记录时间：2017-01-16T00:13:00+08:00
2017-01-16T00:13:10: 非记录时间：2017-01-16T00:13:10+08:00
2017-01-16T00:13:20: 非记录时间：2017-01-16T00:13:20+08:00
2017-01-16T00:13:30: 非记录时间：2017-01-16T00:13:30+08:00
2017-01-16T00:13:40: 非记录时间：2017-01-16T00:13:40+08:00
2017-01-16T00:13:50: 非记录时间：2017-01-16T00:13:50+08:00
2017-01-16T00:14:00: 非记录时间：2017-01-16T00:14:00+08:00
2017-01-16T00:14:10: 非记录时间：2017-01-16T00:14:10+08:00
2017-01-16T00:14:20: 非记录时间：2017-01-16T00:14:20+08:00
2017-01-16T00:14:30: 非记录时间：2017-01-16T00:14:30+08:00
2017-01-16T00:14:40: 非记录时间：2017-01-16T00:14:40+08:00
2017-01-16T00:14:50: 非记录时间：2017-01-16T00:14:50+08:00
2017-01-16T00:15:00: 非记录时间：2017-01-16T00:15:00+08:00
2017-01-16T00:15:10: 非记录时间：2017-01-16T00:15:10+08:00
2017-01-16T00:15:20: 非记录时间：2017-01-16T00:15:20+08:00
2017-01-16T00:15:30: 非记录时间：2017-01-16T00:15:30+08:00
2017-01-16T00:15:40: 非记录时间：2017-01-16T00:15:40+08:00
2017-01-16T00:15:50: 非记录时间：2017-01-16T00:15:50+08:00
2017-01-16T00:16:00: 非记录时间：2017-01-16T00:16:00+08:00
2017-01-16T00:16:10: 非记录时间：2017-01-16T00:16:10+08:00
2017-01-16T00:16:20: 非记录时间：2017-01-16T00:16:20+08:00
2017-01-16T00:16:30: 非记录时间：2017-01-16T00:16:30+08:00
2017-01-16T00:16:40: 非记录时间：2017-01-16T00:16:40+08:00
2017-01-16T00:16:50: 非记录时间：2017-01-16T00:16:50+08:00
2017-01-16T00:17:00: 非记录时间：2017-01-16T00:17:00+08:00
2017-01-16T00:17:10: 非记录时间：2017-01-16T00:17:10+08:00
2017-01-16T00:17:20: 非记录时间：2017-01-16T00:17:20+08:00
2017-01-16T00:17:30: 非记录时间：2017-01-16T00:17:30+08:00
2017-01-16T00:17:40: 非记录时间：2017-01-16T00:17:40+08:00
2017-01-16T00:17:50: 非记录时间：2017-01-16T00:17:50+08:00
2017-01-16T00:18:00: 非记录时间：2017-01-16T00:18:00+08:00
2017-01-16T00:18:10: 非记录时间：2017-01-16T00:18:10+08:00
2017-01-16T00:18:20: 非记录时间：2017-01-16T00:18:20+08:00
2017-01-16T00:18:30: 非记录时间：2017-01-16T00:18:30+08:00
2017-01-16T00:18:40: 非记录时间：2017-01-16T00:18:40+08:00
2017-01-16T00:18:50: 非记录时间：2017-01-16T00:18:50+08:00
2017-01-16T00:19:00: 非记录时间：2017-01-16T00:19:00+08:00
2017-01-16T00:19:10: 非记录时间：2017-01-16T00:19:10+08:00
2017-01-16T00:19:20: 非记录时间：2017-01-16T00:19:20+08:00
2017-01-16T00:19:30: 非记录时间：2017-01-16T00:19:30+08:00
2017-01-16T00:19:40: 非记录时间：2017-01-16T00:19:40+08:00
2017-01-16T00:19:50: 非记录时间：2017-01-16T00:19:50+08:00
2017-01-16T00:20:00: 非记录时间：2017-01-16T00:20:00+08:00
2017-01-16T00:20:10: 非记录时间：2017-01-16T00:20:10+08:00
2017-01-16T00:20:20: 非记录时间：2017-01-16T00:20:20+08:00
2017-01-16T00:20:30: 非记录时间：2017-01-16T00:20:30+08:00
2017-01-16T00:20:40: 非记录时间：2017-01-16T00:20:40+08:00
2017-01-16T00:20:50: 非记录时间：2017-01-16T00:20:50+08:00
2017-01-16T00:21:00: 非记录时间：2017-01-16T00:21:00+08:00
2017-01-16T00:21:10: 非记录时间：2017-01-16T00:21:10+08:00
2017-01-16T00:21:20: 非记录时间：2017-01-16T00:21:20+08:00
2017-01-16T00:21:30: 非记录时间：2017-01-16T00:21:30+08:00
2017-01-16T00:21:40: 非记录时间：2017-01-16T00:21:40+08:00
2017-01-16T00:21:50: 非记录时间：2017-01-16T00:21:50+08:00
2017-01-16T00:22:00: 非记录时间：2017-01-16T00:22:00+08:00
2017-01-16T00:22:10: 非记录时间：2017-01-16T00:22:10+08:00
2017-01-16T00:22:20: 非记录时间：2017-01-16T00:22:20+08:00
2017-01-16T00:22:30: 非记录时间：2017-01-16T00:22:30+08:00
2017-01-16T00:22:40: 非记录时间：2017-01-16T00:22:40+08:00
2017-01-16T00:22:50: 非记录时间：2017-01-16T00:22:50+08:00
2017-01-16T00:23:00: 非记录时间：2017-01-16T00:23:00+08:00
2017-01-16T00:23:10: 非记录时间：2017-01-16T00:23:10+08:00
2017-01-16T00:23:20: 非记录时间：2017-01-16T00:23:20+08:00
2017-01-16T00:23:30: 非记录时间：2017-01-16T00:23:30+08:00
2017-01-16T00:23:40: 非记录时间：2017-01-16T00:23:40+08:00
2017-01-16T00:23:50: 非记录时间：2017-01-16T00:23:50+08:00
2017-01-16T00:24:00: 非记录时间：2017-01-16T00:24:00+08:00
2017-01-16T00:24:10: 非记录时间：2017-01-16T00:24:10+08:00
2017-01-16T00:24:20: 非记录时间：2017-01-16T00:24:20+08:00
2017-01-16T00:24:30: 非记录时间：2017-01-16T00:24:30+08:00
2017-01-16T00:24:40: 非记录时间：2017-01-16T00:24:40+08:00
2017-01-16T00:24:50: 非记录时间：2017-01-16T00:24:50+08:00
2017-01-16T00:25:00: 非记录时间：2017-01-16T00:25:00+08:00
2017-01-16T00:25:10: 非记录时间：2017-01-16T00:25:10+08:00
2017-01-16T00:25:20: 非记录时间：2017-01-16T00:25:20+08:00
2017-01-16T00:25:30: 非记录时间：2017-01-16T00:25:30+08:00
2017-01-16T00:25:40: 非记录时间：2017-01-16T00:25:40+08:00
2017-01-16T00:25:50: 非记录时间：2017-01-16T00:25:50+08:00
2017-01-16T00:26:00: 非记录时间：2017-01-16T00:26:00+08:00
2017-01-16T00:26:10: 非记录时间：2017-01-16T00:26:10+08:00
2017-01-16T00:26:20: 非记录时间：2017-01-16T00:26:20+08:00
2017-01-16T00:26:30: 非记录时间：2017-01-16T00:26:30+08:00
2017-01-16T00:26:40: 非记录时间：2017-01-16T00:26:40+08:00
2017-01-16T00:26:50: 非记录时间：2017-01-16T00:26:50+08:00
2017-01-16T00:27:00: 非记录时间：2017-01-16T00:27:00+08:00
2017-01-16T00:27:10: 非记录时间：2017-01-16T00:27:10+08:00
2017-01-16T00:27:20: 非记录时间：2017-01-16T00:27:20+08:00
2017-01-16T00:27:30: 非记录时间：2017-01-16T00:27:30+08:00
2017-01-16T00:27:40: 非记录时间：2017-01-16T00:27:40+08:00
2017-01-16T00:27:50: 非记录时间：2017-01-16T00:27:50+08:00
2017-01-16T00:28:00: 非记录时间：2017-01-16T00:28:00+08:00
2017-01-16T00:28:10: 非记录时间：2017-01-16T00:28:10+08:00
2017-01-16T00:28:20: 非记录时间：2017-01-16T00:28:20+08:00
2017-01-16T00:28:30: 非记录时间：2017-01-16T00:28:30+08:00
2017-01-16T00:28:40: 非记录时间：2017-01-16T00:28:40+08:00
2017-01-16T00:28:50: 非记录时间：2017-01-16T00:28:50+08:00
2017-01-16T00:29:00: 非记录时间：2017-01-16T00:29:00+08:00
2017-01-16T00:29:10: 非记录时间：2017-01-16T00:29:10+08:00
2017-01-16T00:29:20: 非记录时间：2017-01-16T00:29:20+08:00
2017-01-16T00:29:30: 非记录时间：2017-01-16T00:29:30+08:00
2017-01-16T00:29:40: 非记录时间：2017-01-16T00:29:40+08:00
2017-01-16T00:29:50: 非记录时间：2017-01-16T00:29:50+08:00
2017-01-16T00:30:00: 非记录时间：2017-01-16T00:30:00+08:00
2017-01-16T00:30:10: 非记录时间：2017-01-16T00:30:10+08:00
2017-01-16T00:30:20: 非记录时间：2017-01-16T00:30:20+08:00
2017-01-16T00:30:30: 非记录时间：2017-01-16T00:30:30+08:00
2017-01-16T00:30:40: 非记录时间：2017-01-16T00:30:40+08:00
2017-01-16T00:30:50: 非记录时间：2017-01-16T00:30:50+08:00
2017-01-16T00:31:00: 非记录时间：2017-01-16T00:31:00+08:00
2017-01-16T00:31:10: 非记录时间：2017-01-16T00:31:10+08:00
2017-01-16T00:31:20: 非记录时间：2017-01-16T00:31:20+08:00
2017-01-16T00:31:30: 非记录时间：2017-01-16T00:31:30+08:00
2017-01-16T00:31:40: 非记录时间：2017-01-16T00:31:40+08:00
2017-01-16T00:31:50: 非记录时间：2017-01-16T00:31:50+08:00
2017-01-16T00:32:00: 非记录时间：2017-01-16T00:32:00+08:00
2017-01-16T00:32:10: 非记录时间：2017-01-16T00:32:10+08:00
2017-01-16T00:32:20: 非记录时间：2017-01-16T00:32:20+08:00
2017-01-16T00:32:30: 非记录时间：2017-01-16T00:32:30+08:00
2017-01-16T00:32:40: 非记录时间：2017-01-16T00:32:40+08:00
2017-01-16T00:32:50: 非记录时间：2017-01-16T00:32:50+08:00
2017-01-16T00:33:00: 非记录时间：2017-01-16T00:33:00+08:00
2017-01-16T00:33:10: 非记录时间：2017-01-16T00:33:10+08:00
2017-01-16T00:33:20: 非记录时间：2017-01-16T00:33:20+08:00
2017-01-16T00:33:30: 非记录时间：2017-01-16T00:33:30+08:00
2017-01-16T00:33:40: 非记录时间：2017-01-16T00:33:40+08:00
2017-01-16T00:33:50: 非记录时间：2017-01-16T00:33:50+08:00
2017-01-16T00:34:00: 非记录时间：2017-01-16T00:34:00+08:00
2017-01-16T00:34:10: 非记录时间：2017-01-16T00:34:10+08:00
2017-01-16T00:34:20: 非记录时间：2017-01-16T00:34:20+08:00
2017-01-16T00:34:30: 非记录时间：2017-01-16T00:34:30+08:00
2017-01-16T00:34:40: 非记录时间：2017-01-16T00:34:40+08:00
2017-01-16T00:34:50: 非记录时间：2017-01-16T00:34:50+08:00
2017-01-16T00:35:00: 非记录时间：2017-01-16T00:35:00+08:00
2017-01-16T00:35:10: 非记录时间：2017-01-16T00:35:10+08:00
2017-01-16T00:35:20: 非记录时间：2017-01-16T00:35:20+08:00
2017-01-16T00:35:30: 非记录时间：2017-01-16T00:35:30+08:00
2017-01-16T00:35:40: 非记录时间：2017-01-16T00:35:40+08:00
2017-01-16T00:35:50: 非记录时间：2017-01-16T00:35:50+08:00
2017-01-16T00:36:00: 非记录时间：2017-01-16T00:36:00+08:00
2017-01-16T00:36:10: 非记录时间：2017-01-16T00:36:10+08:00
2017-01-16T00:36:20: 非记录时间：2017-01-16T00:36:20+08:00
2017-01-16T00:36:30: 非记录时间：2017-01-16T00:36:30+08:00
2017-01-16T00:36:40: 非记录时间：2017-01-16T00:36:40+08:00
2017-01-16T00:36:50: 非记录时间：2017-01-16T00:36:50+08:00
2017-01-16T00:37:00: 非记录时间：2017-01-16T00:37:00+08:00
2017-01-16T00:37:10: 非记录时间：2017-01-16T00:37:10+08:00
2017-01-16T00:37:20: 非记录时间：2017-01-16T00:37:20+08:00
2017-01-16T00:37:30: 非记录时间：2017-01-16T00:37:30+08:00
2017-01-16T00:37:40: 非记录时间：2017-01-16T00:37:40+08:00
2017-01-16T00:37:50: 非记录时间：2017-01-16T00:37:50+08:00
2017-01-16T00:38:00: 非记录时间：2017-01-16T00:38:00+08:00
2017-01-16T00:38:10: 非记录时间：2017-01-16T00:38:10+08:00
2017-01-16T00:38:20: 非记录时间：2017-01-16T00:38:20+08:00
2017-01-16T00:38:30: 非记录时间：2017-01-16T00:38:30+08:00
2017-01-16T00:38:40: 非记录时间：2017-01-16T00:38:40+08:00
2017-01-16T00:38:50: 非记录时间：2017-01-16T00:38:50+08:00
2017-01-16T00:39:00: 非记录时间：2017-01-16T00:39:00+08:00
2017-01-16T00:39:10: 非记录时间：2017-01-16T00:39:10+08:00
2017-01-16T00:39:20: 非记录时间：2017-01-16T00:39:20+08:00
2017-01-16T00:39:30: 非记录时间：2017-01-16T00:39:30+08:00
2017-01-16T00:39:40: 非记录时间：2017-01-16T00:39:40+08:00
2017-01-16T00:39:50: 非记录时间：2017-01-16T00:39:50+08:00
2017-01-16T00:40:00: 非记录时间：2017-01-16T00:40:00+08:00
2017-01-16T00:40:10: 非记录时间：2017-01-16T00:40:10+08:00
2017-01-16T00:40:20: 非记录时间：2017-01-16T00:40:20+08:00
2017-01-16T00:40:30: 非记录时间：2017-01-16T00:40:30+08:00
2017-01-16T00:40:40: 非记录时间：2017-01-16T00:40:40+08:00
2017-01-16T00:40:50: 非记录时间：2017-01-16T00:40:50+08:00
2017-01-16T00:41:00: 非记录时间：2017-01-16T00:41:00+08:00
2017-01-16T00:41:10: 非记录时间：2017-01-16T00:41:10+08:00
2017-01-16T00:41:21: 非记录时间：2017-01-16T00:41:20+08:00
2017-01-16T00:41:31: 非记录时间：2017-01-16T00:41:31+08:00
2017-01-16T00:41:41: 非记录时间：2017-01-16T00:41:41+08:00
2017-01-16T00:41:51: 非记录时间：2017-01-16T00:41:51+08:00
2017-01-16T00:42:01: 非记录时间：2017-01-16T00:42:01+08:00
2017-01-16T00:42:11: 非记录时间：2017-01-16T00:42:11+08:00
2017-01-16T00:42:21: 非记录时间：2017-01-16T00:42:21+08:00
2017-01-16T00:42:31: 非记录时间：2017-01-16T00:42:31+08:00
2017-01-16T00:42:41: 非记录时间：2017-01-16T00:42:41+08:00
2017-01-16T00:42:51: 非记录时间：2017-01-16T00:42:51+08:00
2017-01-16T00:43:01: 非记录时间：2017-01-16T00:43:01+08:00
2017-01-16T00:43:11: 非记录时间：2017-01-16T00:43:11+08:00
2017-01-16T00:43:21: 非记录时间：2017-01-16T00:43:21+08:00
2017-01-16T00:43:31: 非记录时间：2017-01-16T00:43:31+08:00
2017-01-16T00:43:41: 非记录时间：2017-01-16T00:43:41+08:00
2017-01-16T00:43:51: 非记录时间：2017-01-16T00:43:51+08:00
2017-01-16T00:44:01: 非记录时间：2017-01-16T00:44:01+08:00
2017-01-16T00:44:11: 非记录时间：2017-01-16T00:44:11+08:00
2017-01-16T00:44:21: 非记录时间：2017-01-16T00:44:21+08:00
2017-01-16T00:44:31: 非记录时间：2017-01-16T00:44:31+08:00
2017-01-16T00:44:41: 非记录时间：2017-01-16T00:44:41+08:00
2017-01-16T00:44:51: 非记录时间：2017-01-16T00:44:51+08:00
2017-01-16T00:45:01: 非记录时间：2017-01-16T00:45:01+08:00
2017-01-16T00:45:11: 非记录时间：2017-01-16T00:45:11+08:00
2017-01-16T00:45:21: 非记录时间：2017-01-16T00:45:21+08:00
2017-01-16T00:45:31: 非记录时间：2017-01-16T00:45:31+08:00
2017-01-16T00:45:41: 非记录时间：2017-01-16T00:45:41+08:00
2017-01-16T00:45:51: 非记录时间：2017-01-16T00:45:51+08:00
2017-01-16T00:46:01: 非记录时间：2017-01-16T00:46:01+08:00
2017-01-16T00:46:11: 非记录时间：2017-01-16T00:46:11+08:00
2017-01-16T00:46:21: 非记录时间：2017-01-16T00:46:21+08:00
2017-01-16T00:46:31: 非记录时间：2017-01-16T00:46:31+08:00
2017-01-16T00:46:41: 非记录时间：2017-01-16T00:46:41+08:00
2017-01-16T00:46:51: 非记录时间：2017-01-16T00:46:51+08:00
2017-01-16T00:47:01: 非记录时间：2017-01-16T00:47:01+08:00
2017-01-16T00:47:11: 非记录时间：2017-01-16T00:47:11+08:00
2017-01-16T00:47:21: 非记录时间：2017-01-16T00:47:21+08:00
2017-01-16T00:47:31: 非记录时间：2017-01-16T00:47:31+08:00
2017-01-16T00:47:41: 非记录时间：2017-01-16T00:47:41+08:00
2017-01-16T00:47:51: 非记录时间：2017-01-16T00:47:51+08:00
2017-01-16T00:48:01: 非记录时间：2017-01-16T00:48:01+08:00
2017-01-16T00:48:11: 非记录时间：2017-01-16T00:48:11+08:00
2017-01-16T00:48:21: 非记录时间：2017-01-16T00:48:21+08:00
2017-01-16T00:48:31: 非记录时间：2017-01-16T00:48:31+08:00
2017-01-16T00:48:41: 非记录时间：2017-01-16T00:48:41+08:00
2017-01-16T00:48:51: 非记录时间：2017-01-16T00:48:51+08:00
2017-01-16T00:49:01: 非记录时间：2017-01-16T00:49:01+08:00
2017-01-16T00:49:11: 非记录时间：2017-01-16T00:49:11+08:00
2017-01-16T00:49:21: 非记录时间：2017-01-16T00:49:21+08:00
2017-01-16T00:49:31: 非记录时间：2017-01-16T00:49:31+08:00
2017-01-16T00:49:41: 非记录时间：2017-01-16T00:49:41+08:00
2017-01-16T00:49:51: 非记录时间：2017-01-16T00:49:51+08:00
2017-01-16T00:50:01: 非记录时间：2017-01-16T00:50:01+08:00
2017-01-16T00:50:11: 非记录时间：2017-01-16T00:50:11+08:00
2017-01-16T00:50:21: 非记录时间：2017-01-16T00:50:21+08:00
2017-01-16T00:50:31: 非记录时间：2017-01-16T00:50:31+08:00
2017-01-16T00:50:41: 非记录时间：2017-01-16T00:50:41+08:00
2017-01-16T00:50:51: 非记录时间：2017-01-16T00:50:51+08:00
2017-01-16T00:51:01: 非记录时间：2017-01-16T00:51:01+08:00
2017-01-16T00:51:11: 非记录时间：2017-01-16T00:51:11+08:00
2017-01-16T00:51:21: 非记录时间：2017-01-16T00:51:21+08:00
2017-01-16T00:51:31: 非记录时间：2017-01-16T00:51:31+08:00
2017-01-16T00:51:41: 非记录时间：2017-01-16T00:51:41+08:00
2017-01-16T00:51:51: 非记录时间：2017-01-16T00:51:51+08:00
2017-01-16T00:52:01: 非记录时间：2017-01-16T00:52:01+08:00
2017-01-16T00:52:11: 非记录时间：2017-01-16T00:52:11+08:00
2017-01-16T00:52:21: 非记录时间：2017-01-16T00:52:21+08:00
2017-01-16T00:52:31: 非记录时间：2017-01-16T00:52:31+08:00
2017-01-16T00:52:41: 非记录时间：2017-01-16T00:52:41+08:00
2017-01-16T00:52:51: 非记录时间：2017-01-16T00:52:51+08:00
2017-01-16T00:53:01: 非记录时间：2017-01-16T00:53:01+08:00
2017-01-16T00:53:11: 非记录时间：2017-01-16T00:53:11+08:00
2017-01-16T00:53:21: 非记录时间：2017-01-16T00:53:21+08:00
2017-01-16T00:53:31: 非记录时间：2017-01-16T00:53:31+08:00
2017-01-16T00:53:41: 非记录时间：2017-01-16T00:53:41+08:00
2017-01-16T00:53:51: 非记录时间：2017-01-16T00:53:51+08:00
2017-01-16T00:54:01: 非记录时间：2017-01-16T00:54:01+08:00
2017-01-16T00:54:11: 非记录时间：2017-01-16T00:54:11+08:00
2017-01-16T00:54:21: 非记录时间：2017-01-16T00:54:21+08:00
2017-01-16T00:54:31: 非记录时间：2017-01-16T00:54:31+08:00
2017-01-16T00:54:41: 非记录时间：2017-01-16T00:54:41+08:00
2017-01-16T00:54:51: 非记录时间：2017-01-16T00:54:51+08:00
2017-01-16T00:55:01: 非记录时间：2017-01-16T00:55:01+08:00
2017-01-16T00:55:11: 非记录时间：2017-01-16T00:55:11+08:00
2017-01-16T00:55:21: 非记录时间：2017-01-16T00:55:21+08:00
2017-01-16T00:55:31: 非记录时间：2017-01-16T00:55:31+08:00
2017-01-16T00:55:41: 非记录时间：2017-01-16T00:55:41+08:00
2017-01-16T00:55:51: 非记录时间：2017-01-16T00:55:51+08:00
2017-01-16T00:56:01: 非记录时间：2017-01-16T00:56:01+08:00
2017-01-16T00:56:11: 非记录时间：2017-01-16T00:56:11+08:00
2017-01-16T00:56:21: 非记录时间：2017-01-16T00:56:21+08:00
2017-01-16T00:56:31: 非记录时间：2017-01-16T00:56:31+08:00
2017-01-16T00:56:41: 非记录时间：2017-01-16T00:56:41+08:00
2017-01-16T00:56:51: 非记录时间：2017-01-16T00:56:51+08:00
2017-01-16T00:57:01: 非记录时间：2017-01-16T00:57:01+08:00
2017-01-16T00:57:11: 非记录时间：2017-01-16T00:57:11+08:00
2017-01-16T00:57:21: 非记录时间：2017-01-16T00:57:21+08:00
2017-01-16T00:57:31: 非记录时间：2017-01-16T00:57:31+08:00
2017-01-16T00:57:41: 非记录时间：2017-01-16T00:57:41+08:00
2017-01-16T00:57:51: 非记录时间：2017-01-16T00:57:51+08:00
2017-01-16T00:58:01: 非记录时间：2017-01-16T00:58:01+08:00
2017-01-16T00:58:11: 非记录时间：2017-01-16T00:58:11+08:00
2017-01-16T00:58:21: 非记录时间：2017-01-16T00:58:21+08:00
2017-01-16T00:58:31: 非记录时间：2017-01-16T00:58:31+08:00
2017-01-16T00:58:41: 非记录时间：2017-01-16T00:58:41+08:00
2017-01-16T00:58:51: 非记录时间：2017-01-16T00:58:51+08:00
2017-01-16T00:59:01: 非记录时间：2017-01-16T00:59:01+08:00
2017-01-16T00:59:11: 非记录时间：2017-01-16T00:59:11+08:00
2017-01-16T00:59:21: 非记录时间：2017-01-16T00:59:21+08:00
2017-01-16T00:59:31: 非记录时间：2017-01-16T00:59:31+08:00
2017-01-16T00:59:41: 非记录时间：2017-01-16T00:59:41+08:00
2017-01-16T00:59:51: 非记录时间：2017-01-16T00:59:51+08:00
2017-01-16T01:00:01: 非记录时间：2017-01-16T01:00:01+08:00
2017-01-16T01:00:11: 非记录时间：2017-01-16T01:00:11+08:00
2017-01-16T01:00:21: 非记录时间：2017-01-16T01:00:21+08:00
2017-01-16T01:00:31: 非记录时间：2017-01-16T01:00:31+08:00
2017-01-16T01:00:41: 非记录时间：2017-01-16T01:00:41+08:00
2017-01-16T01:00:51: 非记录时间：2017-01-16T01:00:51+08:00
2017-01-16T01:01:01: 非记录时间：2017-01-16T01:01:01+08:00
2017-01-16T01:01:11: 非记录时间：2017-01-16T01:01:11+08:00
2017-01-16T01:01:21: 非记录时间：2017-01-16T01:01:21+08:00
2017-01-16T01:01:31: 非记录时间：2017-01-16T01:01:31+08:00
2017-01-16T01:01:41: 非记录时间：2017-01-16T01:01:41+08:00
2017-01-16T01:01:51: 非记录时间：2017-01-16T01:01:51+08:00
2017-01-16T01:02:01: 非记录时间：2017-01-16T01:02:01+08:00
2017-01-16T01:02:11: 非记录时间：2017-01-16T01:02:11+08:00
2017-01-16T01:02:21: 非记录时间：2017-01-16T01:02:21+08:00
2017-01-16T01:02:31: 非记录时间：2017-01-16T01:02:31+08:00
2017-01-16T01:02:41: 非记录时间：2017-01-16T01:02:41+08:00
2017-01-16T01:02:51: 非记录时间：2017-01-16T01:02:51+08:00
2017-01-16T01:03:01: 非记录时间：2017-01-16T01:03:01+08:00
2017-01-16T01:03:11: 非记录时间：2017-01-16T01:03:11+08:00
2017-01-16T01:03:21: 非记录时间：2017-01-16T01:03:21+08:00
2017-01-16T01:03:31: 非记录时间：2017-01-16T01:03:31+08:00
2017-01-16T01:03:41: 非记录时间：2017-01-16T01:03:41+08:00
2017-01-16T01:03:51: 非记录时间：2017-01-16T01:03:51+08:00
2017-01-16T01:04:01: 非记录时间：2017-01-16T01:04:01+08:00
2017-01-16T01:04:11: 非记录时间：2017-01-16T01:04:11+08:00
2017-01-16T01:04:21: 非记录时间：2017-01-16T01:04:21+08:00
2017-01-16T01:04:31: 非记录时间：2017-01-16T01:04:31+08:00
2017-01-16T01:04:41: 非记录时间：2017-01-16T01:04:41+08:00
2017-01-16T01:04:51: 非记录时间：2017-01-16T01:04:51+08:00
2017-01-16T01:05:01: 非记录时间：2017-01-16T01:05:01+08:00
2017-01-16T01:05:11: 非记录时间：2017-01-16T01:05:11+08:00
2017-01-16T01:05:21: 非记录时间：2017-01-16T01:05:21+08:00
2017-01-16T01:05:31: 非记录时间：2017-01-16T01:05:31+08:00
2017-01-16T01:05:41: 非记录时间：2017-01-16T01:05:41+08:00
2017-01-16T01:05:51: 非记录时间：2017-01-16T01:05:51+08:00
2017-01-16T01:06:01: 非记录时间：2017-01-16T01:06:01+08:00
2017-01-16T01:06:11: 非记录时间：2017-01-16T01:06:11+08:00
2017-01-16T01:06:21: 非记录时间：2017-01-16T01:06:21+08:00
2017-01-16T01:06:31: 非记录时间：2017-01-16T01:06:31+08:00
2017-01-16T01:06:41: 非记录时间：2017-01-16T01:06:41+08:00
2017-01-16T01:06:51: 非记录时间：2017-01-16T01:06:51+08:00
2017-01-16T01:07:01: 非记录时间：2017-01-16T01:07:01+08:00
2017-01-16T01:07:11: 非记录时间：2017-01-16T01:07:11+08:00
2017-01-16T01:07:21: 非记录时间：2017-01-16T01:07:21+08:00
2017-01-16T01:07:31: 非记录时间：2017-01-16T01:07:31+08:00
2017-01-16T01:07:41: 非记录时间：2017-01-16T01:07:41+08:00
2017-01-16T01:07:51: 非记录时间：2017-01-16T01:07:51+08:00
2017-01-16T01:08:01: 非记录时间：2017-01-16T01:08:01+08:00
2017-01-16T01:08:11: 非记录时间：2017-01-16T01:08:11+08:00
2017-01-16T01:08:21: 非记录时间：2017-01-16T01:08:21+08:00
2017-01-16T01:08:31: 非记录时间：2017-01-16T01:08:31+08:00
2017-01-16T01:08:41: 非记录时间：2017-01-16T01:08:41+08:00
2017-01-16T01:08:51: 非记录时间：2017-01-16T01:08:51+08:00
2017-01-16T01:09:01: 非记录时间：2017-01-16T01:09:01+08:00
2017-01-16T01:09:11: 非记录时间：2017-01-16T01:09:11+08:00
2017-01-16T01:09:21: 非记录时间：2017-01-16T01:09:21+08:00
2017-01-16T01:09:31: 非记录时间：2017-01-16T01:09:31+08:00
2017-01-16T01:09:41: 非记录时间：2017-01-16T01:09:41+08:00
2017-01-16T01:09:51: 非记录时间：2017-01-16T01:09:51+08:00
2017-01-16T01:10:01: 非记录时间：2017-01-16T01:10:01+08:00
2017-01-16T01:10:11: 非记录时间：2017-01-16T01:10:11+08:00
2017-01-16T01:10:21: 非记录时间：2017-01-16T01:10:21+08:00
2017-01-16T01:10:31: 非记录时间：2017-01-16T01:10:31+08:00
2017-01-16T01:10:41: 非记录时间：2017-01-16T01:10:41+08:00
2017-01-16T01:10:51: 非记录时间：2017-01-16T01:10:51+08:00
2017-01-16T01:11:02: 读取文件失败，可能是该文件不存在
2017-01-16T01:11:02: Error: ENOENT: no such file or directory, open './data/2017-01-16.json'
2017-01-16T01:11:12: 读取文件成功
2017-01-16T01:11:21: 读取文件成功
2017-01-16T01:11:32: 读取文件成功
2017-01-16T01:11:41: 读取文件成功
2017-01-16T01:11:51: 读取文件成功
2017-01-16T01:12:01: 读取文件成功
2017-01-16T01:12:11: 读取文件成功
2017-01-16T01:12:21: 读取文件成功
2017-01-16T01:12:31: 读取文件成功
2017-01-16T01:12:41: 读取文件成功
2017-01-16T01:12:51: 读取文件成功
2017-01-16T01:13:01: 读取文件成功
2017-01-16T01:13:12: 读取文件成功
2017-01-16T01:13:22: 读取文件成功
2017-01-16T01:13:32: 读取文件成功
2017-01-16T01:13:42: 读取文件成功
2017-01-16T01:13:52: 读取文件成功
2017-01-16T01:14:02: 读取文件成功
2017-01-16T01:14:12: 读取文件成功
2017-01-16T01:14:22: 读取文件成功
2017-01-16T01:14:32: 读取文件成功
2017-01-16T01:14:42: 读取文件成功
2017-01-16T01:14:52: 读取文件成功
2017-01-16T01:15:02: 读取文件成功
2017-01-16T01:15:12: 读取文件成功
2017-01-16T01:15:22: 读取文件成功
2017-01-16T01:15:32: 读取文件成功
2017-01-16T01:15:42: 读取文件成功
2017-01-16T01:15:52: 读取文件成功
2017-01-16T01:16:02: 读取文件成功
2017-01-16T01:16:12: 读取文件成功
2017-01-16T01:16:22: 读取文件成功
2017-01-16T01:16:32: 读取文件成功
2017-01-16T01:16:42: 读取文件成功
2017-01-16T01:16:52: 读取文件成功
2017-01-16T01:17:02: 读取文件成功
2017-01-16T01:17:12: 读取文件成功
2017-01-16T01:17:22: 读取文件成功
2017-01-16T01:17:32: 读取文件成功
2017-01-16T01:17:42: 读取文件成功
2017-01-16T01:17:52: 读取文件成功
2017-01-16T01:18:02: 读取文件成功
2017-01-16T01:18:12: 读取文件成功
2017-01-16T01:18:22: 读取文件成功
2017-01-16T01:18:32: 读取文件成功
2017-01-16T01:18:42: 读取文件成功
2017-01-16T01:18:52: 读取文件成功
2017-01-16T01:19:02: 读取文件成功
2017-01-16T01:19:12: 读取文件成功
2017-01-16T01:19:22: 读取文件成功
2017-01-16T01:19:32: 读取文件成功
2017-01-16T01:19:42: 读取文件成功
2017-01-16T01:19:52: 读取文件成功
2017-01-16T01:20:02: 读取文件成功
2017-01-16T01:20:12: 读取文件成功
2017-01-16T01:20:22: 读取文件成功
2017-01-16T01:20:32: 读取文件成功
2017-01-16T01:20:42: 读取文件成功
2017-01-16T01:20:52: 读取文件成功
2017-01-16T01:21:02: 读取文件成功
2017-01-16T01:21:12: 读取文件成功
2017-01-16T01:21:22: 读取文件成功
2017-01-16T01:21:32: 读取文件成功
2017-01-16T01:21:42: 读取文件成功
2017-01-16T01:21:52: 读取文件成功
2017-01-16T01:22:02: 读取文件成功
2017-01-16T01:22:12: 读取文件成功
2017-01-16T01:22:22: 读取文件成功
2017-01-16T01:22:32: 读取文件成功
2017-01-16T01:22:42: 读取文件成功
2017-01-16T01:22:52: 读取文件成功
2017-01-16T01:23:02: 读取文件成功
2017-01-16T01:23:12: 读取文件成功
2017-01-16T01:23:25: 读取文件成功
2017-01-16T01:23:33: 读取文件成功
2017-01-16T01:23:42: 读取文件成功
2017-01-16T01:23:52: 读取文件成功
2017-01-16T01:24:02: 读取文件成功
2017-01-16T01:24:13: 读取文件成功
2017-01-16T01:24:22: 读取文件成功
2017-01-16T01:24:32: 读取文件成功
2017-01-16T01:24:42: 读取文件成功
2017-01-16T01:24:52: 读取文件成功
2017-01-16T01:25:03: 读取文件成功
2017-01-16T01:25:12: 读取文件成功
2017-01-16T01:25:22: 读取文件成功
2017-01-16T01:25:32: 读取文件成功
2017-01-16T01:25:42: 读取文件成功
2017-01-16T01:25:52: 读取文件成功
2017-01-16T01:26:02: 读取文件成功
2017-01-16T01:26:12: 读取文件成功
2017-01-16T01:26:22: 读取文件成功
2017-01-16T01:26:32: 读取文件成功
2017-01-16T01:26:42: 读取文件成功
2017-01-16T01:26:52: 读取文件成功
2017-01-16T01:27:02: 读取文件成功
2017-01-16T01:27:12: 读取文件成功
2017-01-16T01:27:22: 读取文件成功
2017-01-16T01:27:32: 读取文件成功
2017-01-16T01:27:42: 读取文件成功
2017-01-16T01:27:52: 读取文件成功
2017-01-16T01:28:02: 读取文件成功
2017-01-16T01:28:12: 读取文件成功
2017-01-16T01:28:22: 读取文件成功
2017-01-16T01:28:32: 读取文件成功
2017-01-16T01:28:42: 读取文件成功
2017-01-16T01:28:52: 读取文件成功
2017-01-16T01:29:02: 读取文件成功
2017-01-16T01:29:12: 读取文件成功
2017-01-16T01:29:22: 读取文件成功
2017-01-16T01:29:32: 读取文件成功
2017-01-16T01:29:42: 读取文件成功
2017-01-16T01:29:52: 读取文件成功
2017-01-16T01:30:02: 读取文件成功
2017-01-16T01:30:12: 读取文件成功
2017-01-16T01:30:22: 读取文件成功
2017-01-16T01:30:32: 读取文件成功
2017-01-16T01:30:43: 读取文件成功
2017-01-16T01:30:52: 读取文件成功
2017-01-16T01:31:03: 读取文件成功
2017-01-16T01:31:13: 读取文件成功
2017-01-16T01:31:23: 读取文件成功
2017-01-16T01:31:33: 读取文件成功
2017-01-16T01:31:44: 读取文件成功
2017-01-16T01:31:59: 读取文件成功
2017-01-16T01:32:04: 读取文件成功
2017-01-16T01:32:13: 读取文件成功
2017-01-16T01:32:23: 读取文件成功
2017-01-16T01:32:33: 读取文件成功
2017-01-16T01:32:43: 读取文件成功
2017-01-16T01:32:53: 读取文件成功
2017-01-16T01:33:03: 读取文件成功
2017-01-16T01:33:13: 读取文件成功
2017-01-16T01:33:23: 读取文件成功
2017-01-16T01:33:33: 读取文件成功
2017-01-16T01:33:43: 读取文件成功
2017-01-16T01:33:53: 读取文件成功
2017-01-16T01:34:03: 读取文件成功
2017-01-16T01:34:13: 读取文件成功
2017-01-16T01:34:23: 读取文件成功
2017-01-16T01:34:33: 读取文件成功
2017-01-16T01:34:43: 读取文件成功
2017-01-16T01:34:53: 读取文件成功
2017-01-16T01:35:03: 读取文件成功
2017-01-16T01:35:13: 读取文件成功
2017-01-16T01:35:23: 读取文件成功
2017-01-16T01:35:33: 读取文件成功
2017-01-16T01:35:43: 读取文件成功
2017-01-16T01:35:53: 读取文件成功
2017-01-16T01:36:03: 读取文件成功
2017-01-16T01:36:13: 读取文件成功
2017-01-16T01:36:23: 读取文件成功
2017-01-16T01:36:33: 读取文件成功
2017-01-16T01:36:43: 读取文件成功
2017-01-16T01:36:53: 读取文件成功
2017-01-16T01:37:03: 读取文件成功
2017-01-16T01:37:13: 读取文件成功
2017-01-16T01:37:23: 读取文件成功
2017-01-16T01:37:33: 读取文件成功
2017-01-16T01:37:43: 读取文件成功
2017-01-16T01:37:53: 读取文件成功
2017-01-16T01:38:03: 读取文件成功
2017-01-16T01:38:13: 读取文件成功
2017-01-16T01:38:23: 读取文件成功
2017-01-16T01:38:33: 读取文件成功
2017-01-16T01:38:43: 读取文件成功
2017-01-16T01:38:53: 读取文件成功
2017-01-16T01:39:03: 读取文件成功
2017-01-16T01:39:13: 读取文件成功
2017-01-16T01:39:23: 读取文件成功
2017-01-16T01:39:33: 读取文件成功
2017-01-16T01:39:43: 读取文件成功
2017-01-16T01:39:53: 读取文件成功
2017-01-16T01:40:03: 读取文件成功
2017-01-16T01:40:13: 读取文件成功
2017-01-16T01:40:23: 读取文件成功
2017-01-16T01:40:33: 读取文件成功
2017-01-16T01:40:43: 读取文件成功
2017-01-16T01:40:53: 读取文件成功
2017-01-16T01:41:03: 读取文件成功
2017-01-16T01:41:13: 读取文件成功
2017-01-16T01:41:23: 读取文件成功
2017-01-16T01:41:33: 读取文件成功
2017-01-16T01:41:43: 读取文件成功
2017-01-16T01:41:53: 读取文件成功
2017-01-16T01:42:03: 读取文件成功
2017-01-16T01:42:13: 读取文件成功
2017-01-16T01:42:23: 读取文件成功
2017-01-16T01:42:33: 读取文件成功
2017-01-16T01:42:43: 读取文件成功
2017-01-16T01:42:53: 读取文件成功
2017-01-16T01:43:03: 读取文件成功
2017-01-16T01:43:13: 读取文件成功
2017-01-16T01:43:23: 读取文件成功
2017-01-16T01:43:33: 读取文件成功
2017-01-16T01:43:43: 读取文件成功
2017-01-16T01:43:53: 读取文件成功
2017-01-16T01:44:03: 读取文件成功
2017-01-16T01:44:13: 读取文件成功
2017-01-16T01:44:23: 读取文件成功
2017-01-16T01:44:33: 读取文件成功
2017-01-16T01:44:43: 读取文件成功
2017-01-16T01:44:53: 读取文件成功
2017-01-16T01:45:03: 读取文件成功
2017-01-16T01:45:13: 读取文件成功
2017-01-16T01:45:23: 读取文件成功
2017-01-16T01:45:33: 读取文件成功
2017-01-16T01:45:43: 读取文件成功
2017-01-16T01:45:53: 读取文件成功
2017-01-16T01:46:03: 读取文件成功
2017-01-16T01:46:13: 读取文件成功
2017-01-16T01:46:23: 读取文件成功
2017-01-16T01:46:33: 读取文件成功
2017-01-16T01:46:43: 读取文件成功
2017-01-16T01:46:54: 读取文件成功
2017-01-16T01:47:03: 读取文件成功
2017-01-16T01:47:13: 读取文件成功
2017-01-16T01:47:23: 读取文件成功
2017-01-16T01:47:33: 读取文件成功
2017-01-16T01:47:43: 读取文件成功
2017-01-16T01:47:53: 读取文件成功
2017-01-16T01:48:04: 读取文件成功
2017-01-16T01:48:14: 读取文件成功
2017-01-16T01:48:23: 读取文件成功
2017-01-16T01:48:34: 读取文件成功
2017-01-16T01:48:44: 读取文件成功
2017-01-16T01:48:54: 读取文件成功
2017-01-16T01:49:04: 读取文件成功
2017-01-16T01:49:14: 读取文件成功
2017-01-16T01:49:24: 读取文件成功
2017-01-16T01:49:34: 读取文件成功
2017-01-16T01:49:44: 读取文件成功
2017-01-16T01:49:54: 读取文件成功
2017-01-16T01:50:04: 读取文件成功
2017-01-16T01:50:14: 读取文件成功
2017-01-16T01:50:24: 读取文件成功
2017-01-16T01:50:34: 读取文件成功
2017-01-16T01:50:44: 读取文件成功
2017-01-16T01:50:54: 读取文件成功
2017-01-16T01:51:04: 读取文件成功
2017-01-16T01:51:14: 读取文件成功
2017-01-16T01:51:24: 读取文件成功
2017-01-16T01:51:34: 读取文件成功
2017-01-16T01:51:44: 读取文件成功
2017-01-16T01:51:54: 读取文件成功
2017-01-16T01:52:04: 读取文件成功
2017-01-16T01:52:14: 读取文件成功
2017-01-16T01:52:24: 读取文件成功
2017-01-16T01:52:34: 读取文件成功
2017-01-16T01:52:44: 读取文件成功
2017-01-16T01:52:54: 读取文件成功
2017-01-16T01:53:04: 读取文件成功
2017-01-16T01:53:14: 读取文件成功
2017-01-16T01:53:24: 读取文件成功
2017-01-16T01:53:34: 读取文件成功
2017-01-16T01:53:44: 读取文件成功
2017-01-16T01:53:54: 读取文件成功
2017-01-16T01:54:04: 读取文件成功
2017-01-16T01:54:14: 读取文件成功
2017-01-16T01:54:24: 读取文件成功
2017-01-16T01:54:34: 读取文件成功
2017-01-16T01:54:44: 读取文件成功
2017-01-16T01:54:54: 读取文件成功
2017-01-16T01:55:04: 读取文件成功
2017-01-16T01:55:14: 读取文件成功
2017-01-16T01:55:24: 读取文件成功
2017-01-16T01:55:34: 读取文件成功
2017-01-16T01:55:44: 读取文件成功
2017-01-16T01:55:54: 读取文件成功
2017-01-16T01:56:04: 读取文件成功
2017-01-16T01:56:14: 读取文件成功
2017-01-16T01:56:24: 读取文件成功
2017-01-16T01:56:34: 读取文件成功
2017-01-16T01:56:44: 读取文件成功
2017-01-16T01:56:54: 读取文件成功
2017-01-16T01:57:04: 读取文件成功
2017-01-16T01:57:14: 读取文件成功
2017-01-16T01:57:24: 读取文件成功
2017-01-16T01:57:34: 读取文件成功
2017-01-16T01:57:44: 读取文件成功
2017-01-16T01:57:54: 读取文件成功
2017-01-16T01:58:04: 读取文件成功
2017-01-16T01:58:14: 读取文件成功
2017-01-16T01:58:24: 读取文件成功
2017-01-16T01:58:34: 读取文件成功
2017-01-16T01:58:44: 读取文件成功
2017-01-16T01:58:54: 读取文件成功
2017-01-16T01:59:04: 读取文件成功
2017-01-16T01:59:14: 读取文件成功
2017-01-16T01:59:24: 读取文件成功
2017-01-16T01:59:34: 读取文件成功
2017-01-16T01:59:44: 读取文件成功
2017-01-16T01:59:54: 读取文件成功
2017-01-16T02:00:04: 读取文件成功
2017-01-16T02:00:14: 读取文件成功
2017-01-16T02:00:24: 读取文件成功
2017-01-16T02:00:34: 读取文件成功
2017-01-16T02:00:44: 读取文件成功
2017-01-16T02:00:54: 读取文件成功
2017-01-16T02:01:04: 读取文件成功
2017-01-16T02:01:14: 读取文件成功
2017-01-16T02:01:24: 读取文件成功
2017-01-16T02:01:34: 读取文件成功
2017-01-16T02:01:44: 读取文件成功
2017-01-16T02:01:54: 读取文件成功
2017-01-16T02:02:04: 读取文件成功
2017-01-16T02:02:14: 读取文件成功
2017-01-16T02:02:24: 读取文件成功
2017-01-16T02:02:34: 读取文件成功
2017-01-16T02:02:44: 读取文件成功
2017-01-16T02:02:54: 读取文件成功
2017-01-16T02:03:04: 读取文件成功
2017-01-16T02:03:14: 读取文件成功
2017-01-16T02:03:24: 读取文件成功
2017-01-16T02:03:34: 读取文件成功
2017-01-16T02:03:44: 读取文件成功
2017-01-16T02:03:54: 读取文件成功
2017-01-16T02:04:04: 读取文件成功
2017-01-16T02:04:14: 读取文件成功
2017-01-16T02:04:24: 读取文件成功
2017-01-16T02:04:34: 读取文件成功
2017-01-16T02:04:44: 读取文件成功
2017-01-16T02:04:54: 读取文件成功
2017-01-16T02:05:04: 读取文件成功
2017-01-16T02:05:14: 读取文件成功
2017-01-16T02:05:24: 读取文件成功
2017-01-16T02:05:34: 读取文件成功
2017-01-16T02:05:44: 读取文件成功
2017-01-16T02:05:54: 读取文件成功
2017-01-16T02:06:04: 读取文件成功
2017-01-16T02:06:14: 读取文件成功
2017-01-16T02:06:25: 读取文件成功
2017-01-16T02:06:35: 读取文件成功
2017-01-16T02:06:45: 读取文件成功
2017-01-16T02:06:55: 读取文件成功
2017-01-16T02:07:05: 读取文件成功
2017-01-16T02:07:15: 读取文件成功
2017-01-16T02:07:25: 读取文件成功
2017-01-16T02:07:35: 读取文件成功
2017-01-16T02:07:45: 读取文件成功
2017-01-16T02:07:55: 读取文件成功
2017-01-16T02:08:05: 读取文件成功
2017-01-16T02:08:15: 读取文件成功
2017-01-16T02:08:25: 读取文件成功
2017-01-16T02:08:35: 读取文件成功
2017-01-16T02:08:45: 读取文件成功
2017-01-16T02:08:55: 读取文件成功
2017-01-16T02:09:05: 读取文件成功
2017-01-16T02:09:15: 读取文件成功
2017-01-16T02:09:25: 读取文件成功
2017-01-16T02:09:35: 读取文件成功
2017-01-16T02:09:45: 读取文件成功
2017-01-16T02:09:55: 读取文件成功
2017-01-16T02:10:05: 读取文件成功
2017-01-16T02:10:15: 读取文件成功
2017-01-16T02:10:25: 读取文件成功
2017-01-16T02:10:35: 读取文件成功
2017-01-16T02:10:45: 读取文件成功
2017-01-16T02:10:55: 读取文件成功
2017-01-16T02:11:05: 读取文件成功
2017-01-16T02:11:15: 读取文件成功
2017-01-16T02:11:25: 读取文件成功
2017-01-16T02:11:35: 读取文件成功
2017-01-16T02:11:45: 读取文件成功
2017-01-16T02:11:55: 读取文件成功
2017-01-16T02:12:05: 读取文件成功
2017-01-16T02:12:15: 读取文件成功
2017-01-16T02:12:25: 读取文件成功
2017-01-16T02:12:35: 读取文件成功
2017-01-16T02:12:45: 读取文件成功
2017-01-16T02:12:55: 读取文件成功
2017-01-16T02:13:05: 读取文件成功
2017-01-16T02:13:15: 读取文件成功
2017-01-16T02:13:25: 读取文件成功
2017-01-16T02:13:35: 读取文件成功
2017-01-16T02:13:45: 读取文件成功
2017-01-16T02:13:55: 读取文件成功
2017-01-16T02:14:05: 读取文件成功
2017-01-16T02:14:15: 读取文件成功
2017-01-16T02:14:25: 读取文件成功
2017-01-16T02:14:35: 读取文件成功
2017-01-16T02:14:45: 读取文件成功
2017-01-16T02:14:55: 读取文件成功
2017-01-16T02:15:05: 读取文件成功
2017-01-16T02:15:15: 读取文件成功
2017-01-16T02:15:25: 读取文件成功
2017-01-16T02:15:35: 读取文件成功
2017-01-16T02:15:45: 读取文件成功
2017-01-16T02:15:55: 读取文件成功
2017-01-16T02:16:05: 读取文件成功
2017-01-16T02:16:15: 读取文件成功
2017-01-16T02:16:25: 读取文件成功
2017-01-16T02:16:35: 读取文件成功
2017-01-16T02:16:45: 读取文件成功
2017-01-16T02:16:55: 读取文件成功
2017-01-16T02:17:05: 读取文件成功
2017-01-16T02:17:15: 读取文件成功
2017-01-16T02:17:25: 读取文件成功
2017-01-16T02:17:35: 读取文件成功
2017-01-16T02:17:45: 读取文件成功
2017-01-16T02:17:55: 读取文件成功
2017-01-16T02:18:05: 读取文件成功
2017-01-16T02:18:15: 读取文件成功
2017-01-16T02:18:25: 读取文件成功
2017-01-16T02:18:35: 读取文件成功
2017-01-16T02:18:45: 读取文件成功
2017-01-16T02:18:55: 读取文件成功
2017-01-16T02:19:05: 读取文件成功
2017-01-16T02:19:15: 读取文件成功
2017-01-16T02:19:25: 读取文件成功
2017-01-16T02:19:35: 读取文件成功
2017-01-16T02:19:45: 读取文件成功
2017-01-16T02:19:55: 读取文件成功
2017-01-16T02:20:05: 读取文件成功
2017-01-16T02:20:15: 读取文件成功
2017-01-16T02:20:25: 读取文件成功
2017-01-16T02:20:35: 读取文件成功
2017-01-16T02:20:45: 读取文件成功
2017-01-16T02:20:55: 读取文件成功
2017-01-16T02:21:05: 读取文件成功
2017-01-16T02:21:15: 读取文件成功
2017-01-16T02:21:25: 读取文件成功
2017-01-16T02:21:35: 读取文件成功
2017-01-16T02:21:45: 读取文件成功
2017-01-16T02:21:55: 读取文件成功
2017-01-16T02:22:05: 读取文件成功
2017-01-16T02:22:15: 读取文件成功
2017-01-16T02:22:25: 读取文件成功
2017-01-16T02:22:35: 读取文件成功
2017-01-16T02:22:47: 读取文件成功
2017-01-16T02:22:56: 读取文件成功
2017-01-16T02:23:06: 读取文件成功
2017-01-16T02:23:16: 读取文件成功
2017-01-16T02:23:26: 读取文件成功
2017-01-16T02:23:35: 读取文件成功
2017-01-16T02:23:45: 读取文件成功
2017-01-16T02:23:55: 读取文件成功
2017-01-16T02:24:05: 读取文件成功
2017-01-16T02:24:15: 读取文件成功
2017-01-16T02:24:26: 读取文件成功
2017-01-16T02:24:36: 读取文件成功
2017-01-16T02:24:46: 读取文件成功
2017-01-16T02:24:56: 读取文件成功
2017-01-16T02:25:06: 读取文件成功
2017-01-16T02:25:16: 读取文件成功
2017-01-16T02:25:26: 读取文件成功
2017-01-16T02:25:36: 读取文件成功
2017-01-16T02:25:46: 读取文件成功
2017-01-16T02:25:56: 读取文件成功
2017-01-16T02:26:06: 读取文件成功
2017-01-16T02:26:16: 读取文件成功
2017-01-16T02:26:26: 读取文件成功
2017-01-16T02:26:36: 读取文件成功
2017-01-16T02:26:46: 读取文件成功
2017-01-16T02:26:56: 读取文件成功
2017-01-16T02:27:06: 读取文件成功
2017-01-16T02:27:16: 读取文件成功
2017-01-16T02:27:26: 读取文件成功
2017-01-16T02:27:36: 读取文件成功
2017-01-16T02:27:46: 读取文件成功
2017-01-16T02:27:56: 读取文件成功
2017-01-16T02:28:06: 读取文件成功
2017-01-16T02:28:16: 读取文件成功
2017-01-16T02:28:26: 读取文件成功
2017-01-16T02:28:36: 读取文件成功
2017-01-16T02:28:46: 读取文件成功
2017-01-16T02:28:56: 读取文件成功
2017-01-16T02:29:06: 读取文件成功
2017-01-16T02:29:16: 读取文件成功
2017-01-16T02:29:26: 读取文件成功
2017-01-16T02:29:36: 读取文件成功
2017-01-16T02:29:46: 读取文件成功
2017-01-16T02:29:56: 读取文件成功
2017-01-16T02:30:06: 读取文件成功
2017-01-16T02:30:16: 读取文件成功
2017-01-16T02:30:26: 读取文件成功
2017-01-16T02:30:36: 读取文件成功
2017-01-16T02:30:46: 读取文件成功
2017-01-16T02:30:56: 读取文件成功
2017-01-16T02:31:06: 读取文件成功
2017-01-16T02:31:16: 读取文件成功
2017-01-16T02:31:26: 读取文件成功
2017-01-16T02:31:36: 读取文件成功
2017-01-16T02:31:46: 读取文件成功
2017-01-16T02:31:56: 读取文件成功
2017-01-16T02:32:06: 读取文件成功
2017-01-16T02:32:16: 读取文件成功
2017-01-16T02:32:26: 读取文件成功
2017-01-16T02:32:36: 读取文件成功
2017-01-16T02:32:46: 读取文件成功
2017-01-16T02:32:56: 读取文件成功
2017-01-16T02:33:06: 读取文件成功
2017-01-16T02:33:16: 读取文件成功
2017-01-16T02:33:26: 读取文件成功
2017-01-16T02:33:36: 读取文件成功
2017-01-16T02:33:46: 读取文件成功
2017-01-16T02:33:56: 读取文件成功
2017-01-16T02:34:06: 读取文件成功
2017-01-16T02:34:16: 读取文件成功
2017-01-16T02:34:26: 读取文件成功
2017-01-16T02:34:36: 读取文件成功
2017-01-16T02:34:46: 读取文件成功
2017-01-16T02:34:56: 读取文件成功
2017-01-16T02:35:06: 读取文件成功
2017-01-16T02:35:16: 读取文件成功
2017-01-16T02:35:26: 读取文件成功
2017-01-16T02:35:36: 读取文件成功
2017-01-16T02:35:46: 读取文件成功
2017-01-16T02:35:56: 读取文件成功
2017-01-16T02:36:06: 读取文件成功
2017-01-16T02:36:16: 读取文件成功
2017-01-16T02:36:26: 读取文件成功
2017-01-16T02:36:36: 读取文件成功
2017-01-16T02:36:46: 读取文件成功
2017-01-16T02:36:56: 读取文件成功
2017-01-16T02:37:06: 读取文件成功
2017-01-16T02:37:16: 读取文件成功
2017-01-16T02:37:26: 读取文件成功
2017-01-16T02:37:36: 读取文件成功
2017-01-16T02:37:46: 读取文件成功
2017-01-16T02:37:56: 读取文件成功
2017-01-16T02:38:06: 读取文件成功
2017-01-16T02:38:16: 读取文件成功
2017-01-16T02:38:26: 读取文件成功
2017-01-16T02:38:36: 读取文件成功
2017-01-16T02:38:46: 读取文件成功
2017-01-16T02:38:56: 读取文件成功
2017-01-16T02:39:06: 读取文件成功
2017-01-16T02:39:16: 读取文件成功
2017-01-16T02:39:26: 读取文件成功
2017-01-16T02:39:36: 读取文件成功
2017-01-16T02:39:46: 读取文件成功
2017-01-16T02:39:56: 读取文件成功
2017-01-16T02:40:06: 读取文件成功
2017-01-16T02:40:16: 读取文件成功
2017-01-16T02:40:26: 读取文件成功
2017-01-16T02:40:36: 读取文件成功
2017-01-16T02:40:46: 读取文件成功
2017-01-16T02:40:57: 读取文件成功
2017-01-16T02:41:07: 读取文件成功
2017-01-16T02:41:17: 读取文件成功
2017-01-16T02:41:27: 读取文件成功
2017-01-16T02:41:37: 读取文件成功
2017-01-16T02:41:47: 读取文件成功
2017-01-16T02:41:57: 读取文件成功
2017-01-16T02:42:07: 读取文件成功
2017-01-16T02:42:17: 读取文件成功
2017-01-16T02:42:27: 读取文件成功
2017-01-16T02:42:37: 读取文件成功
2017-01-16T02:42:47: 读取文件成功
2017-01-16T02:42:57: 读取文件成功
2017-01-16T02:43:07: 读取文件成功
2017-01-16T02:43:17: 读取文件成功
2017-01-16T02:43:27: 读取文件成功
2017-01-16T02:43:37: 读取文件成功
2017-01-16T02:43:47: 读取文件成功
2017-01-16T02:43:57: 读取文件成功
2017-01-16T02:44:07: 读取文件成功
2017-01-16T02:44:17: 读取文件成功
2017-01-16T02:44:27: 读取文件成功
2017-01-16T02:44:37: 读取文件成功
2017-01-16T02:44:47: 读取文件成功
2017-01-16T02:44:57: 读取文件成功
2017-01-16T02:45:07: 读取文件成功
2017-01-16T02:45:20: 读取文件成功
2017-01-16T02:45:27: 读取文件成功
2017-01-16T02:45:37: 读取文件成功
2017-01-16T02:45:51: 读取文件成功
2017-01-16T02:45:59: 读取文件成功
2017-01-16T02:46:07: 读取文件成功
2017-01-16T02:46:17: 读取文件成功
2017-01-16T02:46:27: 读取文件成功
2017-01-16T02:46:37: 读取文件成功
2017-01-16T02:46:47: 读取文件成功
2017-01-16T02:46:57: 读取文件成功
2017-01-16T02:47:07: 读取文件成功
2017-01-16T02:47:17: 读取文件成功
2017-01-16T02:47:27: 读取文件成功
2017-01-16T02:47:37: 读取文件成功
2017-01-16T02:47:47: 读取文件成功
2017-01-16T02:47:57: 读取文件成功
2017-01-16T02:48:07: 读取文件成功
2017-01-16T02:48:17: 读取文件成功
2017-01-16T02:48:27: 读取文件成功
2017-01-16T02:48:37: 读取文件成功
2017-01-16T02:48:47: 读取文件成功
2017-01-16T02:48:57: 读取文件成功
2017-01-16T02:49:07: 读取文件成功
2017-01-16T02:49:17: 读取文件成功
2017-01-16T02:49:27: 读取文件成功
2017-01-16T02:49:37: 读取文件成功
2017-01-16T02:49:47: 读取文件成功
2017-01-16T02:49:57: 读取文件成功
2017-01-16T02:50:07: 读取文件成功
2017-01-16T02:50:17: 读取文件成功
2017-01-16T02:50:27: 读取文件成功
2017-01-16T02:50:37: 读取文件成功
2017-01-16T02:50:47: 读取文件成功
2017-01-16T02:50:57: 读取文件成功
2017-01-16T02:51:07: 读取文件成功
2017-01-16T02:51:17: 读取文件成功
2017-01-16T02:51:27: 读取文件成功
2017-01-16T02:51:37: 读取文件成功
2017-01-16T02:51:47: 读取文件成功
2017-01-16T02:51:57: 读取文件成功
2017-01-16T02:52:07: 读取文件成功
2017-01-16T02:52:17: 读取文件成功
2017-01-16T02:52:27: 读取文件成功
2017-01-16T02:52:37: 读取文件成功
2017-01-16T02:52:47: 读取文件成功
2017-01-16T02:52:57: 读取文件成功
2017-01-16T02:53:07: 读取文件成功
2017-01-16T02:53:17: 读取文件成功
2017-01-16T02:53:27: 读取文件成功
2017-01-16T02:53:37: 读取文件成功
2017-01-16T02:53:47: 读取文件成功
2017-01-16T02:53:57: 读取文件成功
2017-01-16T02:54:07: 读取文件成功
2017-01-16T02:54:17: 读取文件成功
2017-01-16T02:54:27: 读取文件成功
2017-01-16T02:54:37: 读取文件成功
2017-01-16T02:54:47: 读取文件成功
2017-01-16T02:54:57: 读取文件成功
2017-01-16T02:55:07: 读取文件成功
2017-01-16T02:55:17: 读取文件成功
2017-01-16T02:55:27: 读取文件成功
2017-01-16T02:55:37: 读取文件成功
2017-01-16T02:55:47: 读取文件成功
2017-01-16T02:55:57: 读取文件成功
2017-01-16T02:56:07: 读取文件成功
2017-01-16T02:56:17: 读取文件成功
2017-01-16T02:56:27: 读取文件成功
2017-01-16T02:56:37: 读取文件成功
2017-01-16T02:56:47: 读取文件成功
2017-01-16T02:56:57: 读取文件成功
2017-01-16T02:57:07: 读取文件成功
2017-01-16T02:57:17: 读取文件成功
2017-01-16T02:57:27: 读取文件成功
2017-01-16T02:57:37: 读取文件成功
2017-01-16T02:57:47: 读取文件成功
2017-01-16T02:57:57: 读取文件成功
2017-01-16T02:58:07: 读取文件成功
2017-01-16T02:58:17: 读取文件成功
2017-01-16T02:58:27: 读取文件成功
2017-01-16T02:58:37: 读取文件成功
2017-01-16T02:58:48: 读取文件成功
2017-01-16T02:58:57: 读取文件成功
2017-01-16T02:59:07: 读取文件成功
2017-01-16T02:59:17: 读取文件成功
2017-01-16T02:59:27: 读取文件成功
2017-01-16T02:59:37: 读取文件成功
2017-01-16T02:59:47: 读取文件成功
2017-01-16T02:59:57: 读取文件成功
2017-01-16T03:00:07: 读取文件成功
2017-01-16T03:00:18: 读取文件成功
2017-01-16T03:00:28: 读取文件成功
2017-01-16T03:00:38: 读取文件成功
2017-01-16T03:00:48: 读取文件成功
2017-01-16T03:00:58: 读取文件成功
2017-01-16T03:01:08: 读取文件成功
2017-01-16T03:01:18: 读取文件成功
2017-01-16T03:01:28: 读取文件成功
2017-01-16T03:01:38: 读取文件成功
2017-01-16T03:01:48: 读取文件成功
2017-01-16T03:01:58: 读取文件成功
2017-01-16T03:02:08: 读取文件成功
2017-01-16T03:02:18: 读取文件成功
2017-01-16T03:02:28: 读取文件成功
2017-01-16T03:02:38: 读取文件成功
2017-01-16T03:02:48: 读取文件成功
2017-01-16T03:02:58: 读取文件成功
2017-01-16T03:03:08: 读取文件成功
2017-01-16T03:03:18: 读取文件成功
2017-01-16T03:03:28: 读取文件成功
2017-01-16T03:03:38: 读取文件成功
2017-01-16T03:03:48: 读取文件成功
2017-01-16T03:03:58: 读取文件成功
2017-01-16T03:04:08: 读取文件成功
2017-01-16T03:04:18: 读取文件成功
2017-01-16T03:04:28: 读取文件成功
2017-01-16T03:04:38: 读取文件成功
2017-01-16T03:04:48: 读取文件成功
2017-01-16T03:04:58: 读取文件成功
2017-01-16T03:05:08: 读取文件成功
2017-01-16T03:05:18: 读取文件成功
2017-01-16T03:05:28: 读取文件成功
2017-01-16T03:05:38: 读取文件成功
2017-01-16T03:05:48: 读取文件成功
2017-01-16T03:05:58: 读取文件成功
2017-01-16T03:06:08: 读取文件成功
2017-01-16T03:06:18: 读取文件成功
2017-01-16T03:06:28: 读取文件成功
2017-01-16T03:06:38: 读取文件成功
2017-01-16T03:06:48: 读取文件成功
2017-01-16T03:06:58: 读取文件成功
2017-01-16T03:07:08: 读取文件成功
2017-01-16T03:07:18: 读取文件成功
2017-01-16T03:07:28: 读取文件成功
2017-01-16T03:07:38: 读取文件成功
2017-01-16T03:07:48: 读取文件成功
2017-01-16T03:07:58: 读取文件成功
2017-01-16T03:08:08: 读取文件成功
2017-01-16T03:08:18: 读取文件成功
2017-01-16T03:08:28: 读取文件成功
2017-01-16T03:08:38: 读取文件成功
2017-01-16T03:08:48: 读取文件成功
2017-01-16T03:08:58: 读取文件成功
2017-01-16T03:09:08: 读取文件成功
2017-01-16T03:09:18: 读取文件成功
2017-01-16T03:09:28: 读取文件成功
2017-01-16T03:09:38: 读取文件成功
2017-01-16T03:09:48: 读取文件成功
2017-01-16T03:09:58: 读取文件成功
2017-01-16T03:10:08: 读取文件成功
2017-01-16T03:10:18: 读取文件成功
2017-01-16T03:10:28: 读取文件成功
2017-01-16T03:10:38: 读取文件成功
2017-01-16T03:10:48: 读取文件成功
2017-01-16T03:10:58: 读取文件成功
2017-01-16T03:11:08: 读取文件成功
2017-01-16T03:11:18: 读取文件成功
2017-01-16T03:11:28: 读取文件成功
2017-01-16T03:11:38: 读取文件成功
2017-01-16T03:11:48: 读取文件成功
2017-01-16T03:11:58: 读取文件成功
2017-01-16T03:12:08: 读取文件成功
2017-01-16T03:12:18: 读取文件成功
2017-01-16T03:12:32: 读取文件成功
2017-01-16T03:12:47: 读取文件成功
2017-01-16T03:12:48: 读取文件成功
2017-01-16T03:12:58: 读取文件成功
2017-01-16T03:13:08: 读取文件成功
2017-01-16T03:13:18: 读取文件成功
2017-01-16T03:13:28: 读取文件成功
2017-01-16T03:13:38: 读取文件成功
2017-01-16T03:13:48: 读取文件成功
2017-01-16T03:13:58: 读取文件成功
2017-01-16T03:14:08: 读取文件成功
2017-01-16T03:14:18: 读取文件成功
2017-01-16T03:14:28: 读取文件成功
2017-01-16T03:14:38: 读取文件成功
2017-01-16T03:14:48: 读取文件成功
2017-01-16T03:14:58: 读取文件成功
2017-01-16T03:15:08: 读取文件成功
2017-01-16T03:15:18: 读取文件成功
2017-01-16T03:15:28: 读取文件成功
2017-01-16T03:15:38: 读取文件成功
2017-01-16T03:15:48: 读取文件成功
2017-01-16T03:15:58: 读取文件成功
2017-01-16T03:16:08: 读取文件成功
2017-01-16T03:16:18: 读取文件成功
2017-01-16T03:16:28: 读取文件成功
2017-01-16T03:16:38: 读取文件成功
2017-01-16T03:16:48: 读取文件成功
2017-01-16T03:16:58: 读取文件成功
2017-01-16T03:17:08: 读取文件成功
2017-01-16T03:17:18: 读取文件成功
2017-01-16T03:17:28: 读取文件成功
2017-01-16T03:17:38: 读取文件成功
2017-01-16T03:17:48: 读取文件成功
2017-01-16T03:17:59: 读取文件成功
2017-01-16T03:18:08: 读取文件成功
2017-01-16T03:18:18: 读取文件成功
2017-01-16T03:18:29: 读取文件成功
2017-01-16T03:18:39: 读取文件成功
2017-01-16T03:18:49: 读取文件成功
2017-01-16T03:18:59: 读取文件成功
2017-01-16T03:19:09: 读取文件成功
2017-01-16T03:19:19: 读取文件成功
2017-01-16T03:19:29: 读取文件成功
2017-01-16T03:19:39: 读取文件成功
2017-01-16T03:19:49: 读取文件成功
2017-01-16T03:19:59: 读取文件成功
2017-01-16T03:20:09: 读取文件成功
2017-01-16T03:20:19: 读取文件成功
2017-01-16T03:20:29: 读取文件成功
2017-01-16T03:20:39: 读取文件成功
2017-01-16T03:20:49: 读取文件成功
2017-01-16T03:20:59: 读取文件成功
2017-01-16T03:21:09: 读取文件成功
2017-01-16T03:21:19: 读取文件成功
2017-01-16T03:21:29: 读取文件成功
2017-01-16T03:21:39: 读取文件成功
2017-01-16T03:21:49: 读取文件成功
2017-01-16T03:21:59: 读取文件成功
2017-01-16T03:22:09: 读取文件成功
2017-01-16T03:22:19: 读取文件成功
2017-01-16T03:22:29: 读取文件成功
2017-01-16T03:22:39: 读取文件成功
2017-01-16T03:22:49: 读取文件成功
2017-01-16T03:22:59: 读取文件成功
2017-01-16T03:23:09: 读取文件成功
2017-01-16T03:23:19: 读取文件成功
2017-01-16T03:23:29: 读取文件成功
2017-01-16T03:23:39: 读取文件成功
2017-01-16T03:23:49: 读取文件成功
2017-01-16T03:23:59: 读取文件成功
2017-01-16T03:24:09: 读取文件成功
2017-01-16T03:24:19: 读取文件成功
2017-01-16T03:24:29: 读取文件成功
2017-01-16T03:24:39: 读取文件成功
2017-01-16T03:24:49: 读取文件成功
2017-01-16T03:24:59: 读取文件成功
2017-01-16T03:25:09: 读取文件成功
2017-01-16T03:25:19: 读取文件成功
2017-01-16T03:25:29: 读取文件成功
2017-01-16T03:25:39: 读取文件成功
2017-01-16T03:25:49: 读取文件成功
2017-01-16T03:25:59: 读取文件成功
2017-01-16T03:26:09: 读取文件成功
2017-01-16T03:26:19: 读取文件成功
2017-01-16T03:26:29: 读取文件成功
2017-01-16T03:26:39: 读取文件成功
2017-01-16T03:26:49: 读取文件成功
2017-01-16T03:26:59: 读取文件成功
2017-01-16T03:27:09: 读取文件成功
2017-01-16T03:27:19: 读取文件成功
2017-01-16T03:27:29: 读取文件成功
2017-01-16T03:27:39: 读取文件成功
2017-01-16T03:27:49: 读取文件成功
2017-01-16T03:27:59: 读取文件成功
2017-01-16T03:28:09: 读取文件成功
2017-01-16T03:28:19: 读取文件成功
2017-01-16T03:28:29: 读取文件成功
2017-01-16T03:28:39: 读取文件成功
2017-01-16T03:28:49: 读取文件成功
2017-01-16T03:28:59: 读取文件成功
2017-01-16T03:29:09: 读取文件成功
2017-01-16T03:29:19: 读取文件成功
2017-01-16T03:29:29: 读取文件成功
2017-01-16T03:29:39: 读取文件成功
2017-01-16T03:29:49: 读取文件成功
2017-01-16T03:29:59: 读取文件成功
2017-01-16T03:30:09: 读取文件成功
2017-01-16T03:30:19: 读取文件成功
2017-01-16T03:30:29: 读取文件成功
2017-01-16T03:30:39: 读取文件成功
2017-01-16T03:30:49: 读取文件成功
2017-01-16T03:30:59: 读取文件成功
2017-01-16T03:31:09: 读取文件成功
2017-01-16T03:31:19: 读取文件成功
2017-01-16T03:31:29: 读取文件成功
2017-01-16T03:31:39: 读取文件成功
2017-01-16T03:31:49: 读取文件成功
2017-01-16T03:31:59: 读取文件成功
2017-01-16T03:32:09: 读取文件成功
2017-01-16T03:32:19: 读取文件成功
2017-01-16T03:32:29: 读取文件成功
2017-01-16T03:32:39: 读取文件成功
2017-01-16T03:32:49: 读取文件成功
2017-01-16T03:32:59: 读取文件成功
2017-01-16T03:33:09: 读取文件成功
2017-01-16T03:33:19: 读取文件成功
2017-01-16T03:33:29: 读取文件成功
2017-01-16T03:33:39: 读取文件成功
2017-01-16T03:33:49: 读取文件成功
2017-01-16T03:33:59: 读取文件成功
2017-01-16T03:34:09: 读取文件成功
2017-01-16T03:34:20: 读取文件成功
2017-01-16T03:34:30: 读取文件成功
2017-01-16T03:34:40: 读取文件成功
2017-01-16T03:34:50: 读取文件成功
2017-01-16T03:35:00: 读取文件成功
2017-01-16T03:35:10: 读取文件成功
2017-01-16T03:35:20: 读取文件成功
2017-01-16T03:35:30: 读取文件成功
2017-01-16T03:35:40: 读取文件成功
2017-01-16T03:35:50: 读取文件成功
2017-01-16T03:36:00: 读取文件成功
2017-01-16T03:36:10: 读取文件成功
2017-01-16T03:36:20: 读取文件成功
2017-01-16T03:36:30: 读取文件成功
2017-01-16T03:36:40: 读取文件成功
2017-01-16T03:36:50: 读取文件成功
2017-01-16T03:37:00: 读取文件成功
2017-01-16T03:37:10: 读取文件成功
2017-01-16T03:37:20: 读取文件成功
2017-01-16T03:37:30: 读取文件成功
2017-01-16T03:37:53: 读取文件成功
2017-01-16T03:37:54: 读取文件成功
2017-01-16T03:38:03: 读取文件成功
2017-01-16T03:38:13: 读取文件成功
2017-01-16T03:38:22: 读取文件成功
2017-01-16T03:38:33: 读取文件成功
2017-01-16T03:38:42: 读取文件成功
2017-01-16T03:38:54: 读取文件成功
2017-01-16T03:39:00: 读取文件成功
2017-01-16T03:39:10: 读取文件成功
2017-01-16T03:39:20: 读取文件成功
2017-01-16T03:39:30: 读取文件成功
2017-01-16T03:39:40: 读取文件成功
2017-01-16T03:39:50: 读取文件成功
2017-01-16T03:40:00: 读取文件成功
2017-01-16T03:40:10: 读取文件成功
2017-01-16T03:40:20: 读取文件成功
2017-01-16T03:40:30: 读取文件成功
2017-01-16T03:40:40: 读取文件成功
2017-01-16T03:40:50: 读取文件成功
2017-01-16T03:41:00: 读取文件成功
2017-01-16T03:41:10: 读取文件成功
2017-01-16T03:41:20: 读取文件成功
2017-01-16T03:41:30: 读取文件成功
2017-01-16T03:41:40: 读取文件成功
2017-01-16T03:41:50: 读取文件成功
2017-01-16T03:42:00: 读取文件成功
2017-01-16T03:42:10: 读取文件成功
2017-01-16T03:42:20: 读取文件成功
2017-01-16T03:42:30: 读取文件成功
2017-01-16T03:42:40: 读取文件成功
2017-01-16T03:42:50: 读取文件成功
2017-01-16T03:43:00: 读取文件成功
2017-01-16T03:43:10: 读取文件成功
2017-01-16T03:43:20: 读取文件成功
2017-01-16T03:43:30: 读取文件成功
2017-01-16T03:43:40: 读取文件成功
2017-01-16T03:43:50: 读取文件成功
2017-01-16T03:44:00: 读取文件成功
2017-01-16T03:44:10: 读取文件成功
2017-01-16T03:44:20: 读取文件成功
2017-01-16T03:44:30: 读取文件成功
2017-01-16T03:44:40: 读取文件成功
2017-01-16T03:44:50: 读取文件成功
2017-01-16T03:45:00: 读取文件成功
2017-01-16T03:45:10: 读取文件成功
2017-01-16T03:45:20: 读取文件成功
2017-01-16T03:45:30: 读取文件成功
2017-01-16T03:45:40: 读取文件成功
2017-01-16T03:45:50: 读取文件成功
2017-01-16T03:46:00: 读取文件成功
2017-01-16T03:46:10: 读取文件成功
2017-01-16T03:46:20: 读取文件成功
2017-01-16T03:46:30: 读取文件成功
2017-01-16T03:46:40: 读取文件成功
2017-01-16T03:46:50: 读取文件成功
2017-01-16T03:47:00: 读取文件成功
2017-01-16T03:47:10: 读取文件成功
2017-01-16T03:47:20: 读取文件成功
2017-01-16T03:47:30: 读取文件成功
2017-01-16T03:47:40: 读取文件成功
2017-01-16T03:47:50: 读取文件成功
2017-01-16T03:48:00: 读取文件成功
2017-01-16T03:48:10: 读取文件成功
2017-01-16T03:48:20: 读取文件成功
2017-01-16T03:48:30: 读取文件成功
2017-01-16T03:48:40: 读取文件成功
2017-01-16T03:48:50: 读取文件成功
2017-01-16T03:49:00: 读取文件成功
2017-01-16T03:49:10: 读取文件成功
2017-01-16T03:49:20: 读取文件成功
2017-01-16T03:49:30: 读取文件成功
2017-01-16T03:49:40: 读取文件成功
2017-01-16T03:49:50: 读取文件成功
2017-01-16T03:50:00: 读取文件成功
2017-01-16T03:50:10: 读取文件成功
2017-01-16T03:50:20: 读取文件成功
2017-01-16T03:50:30: 读取文件成功
2017-01-16T03:50:40: 读取文件成功
2017-01-16T03:50:50: 读取文件成功
2017-01-16T03:51:00: 读取文件成功
2017-01-16T03:51:10: 读取文件成功
2017-01-16T03:51:20: 读取文件成功
2017-01-16T03:51:30: 读取文件成功
2017-01-16T03:51:40: 读取文件成功
2017-01-16T03:51:50: 读取文件成功
2017-01-16T03:52:01: 读取文件成功
2017-01-16T03:52:11: 读取文件成功
2017-01-16T03:52:21: 读取文件成功
2017-01-16T03:52:31: 读取文件成功
2017-01-16T03:52:41: 读取文件成功
2017-01-16T03:52:51: 读取文件成功
2017-01-16T03:53:01: 读取文件成功
2017-01-16T03:53:11: 读取文件成功
2017-01-16T03:53:21: 读取文件成功
2017-01-16T03:53:31: 读取文件成功
2017-01-16T03:53:41: 读取文件成功
2017-01-16T03:53:51: 读取文件成功
2017-01-16T03:54:01: 读取文件成功
2017-01-16T03:54:11: 读取文件成功
2017-01-16T03:54:21: 读取文件成功
2017-01-16T03:54:31: 读取文件成功
2017-01-16T03:54:41: 读取文件成功
2017-01-16T03:54:51: 读取文件成功
2017-01-16T03:55:01: 读取文件成功
2017-01-16T03:55:11: 读取文件成功
2017-01-16T03:55:21: 读取文件成功
2017-01-16T03:55:31: 读取文件成功
2017-01-16T03:55:41: 读取文件成功
2017-01-16T03:55:51: 读取文件成功
2017-01-16T03:56:01: 读取文件成功
2017-01-16T03:56:11: 读取文件成功
2017-01-16T03:56:21: 读取文件成功
2017-01-16T03:56:31: 读取文件成功
2017-01-16T03:56:41: 读取文件成功
2017-01-16T03:56:51: 读取文件成功
2017-01-16T03:57:01: 读取文件成功
2017-01-16T03:57:11: 读取文件成功
2017-01-16T03:57:21: 读取文件成功
2017-01-16T03:57:31: 读取文件成功
2017-01-16T03:57:41: 读取文件成功
2017-01-16T03:57:51: 读取文件成功
2017-01-16T03:58:01: 读取文件成功
2017-01-16T03:58:11: 读取文件成功
2017-01-16T03:58:21: 读取文件成功
2017-01-16T03:58:31: 读取文件成功
2017-01-16T03:58:41: 读取文件成功
2017-01-16T03:58:51: 读取文件成功
2017-01-16T03:59:01: 读取文件成功
2017-01-16T03:59:11: 读取文件成功
2017-01-16T03:59:21: 读取文件成功
2017-01-16T03:59:31: 读取文件成功
2017-01-16T03:59:41: 读取文件成功
2017-01-16T03:59:51: 读取文件成功
2017-01-16T04:00:01: 读取文件成功
2017-01-16T04:00:11: 读取文件成功
2017-01-16T04:00:21: 读取文件成功
2017-01-16T04:00:31: 读取文件成功
2017-01-16T04:00:41: 读取文件成功
2017-01-16T04:00:51: 读取文件成功
2017-01-16T04:01:01: 读取文件成功
2017-01-16T04:01:11: 读取文件成功
2017-01-16T04:01:21: 读取文件成功
2017-01-16T04:01:31: 读取文件成功
2017-01-16T04:01:41: 读取文件成功
2017-01-16T04:01:51: 读取文件成功
2017-01-16T04:02:01: 读取文件成功
2017-01-16T04:02:11: 读取文件成功
2017-01-16T04:02:21: 读取文件成功
2017-01-16T04:02:31: 读取文件成功
2017-01-16T04:02:41: 读取文件成功
2017-01-16T04:02:51: 读取文件成功
2017-01-16T04:03:01: 读取文件成功
2017-01-16T04:03:11: 读取文件成功
2017-01-16T04:03:21: 读取文件成功
2017-01-16T04:03:31: 读取文件成功
2017-01-16T04:03:41: 读取文件成功
2017-01-16T04:03:51: 读取文件成功
2017-01-16T04:04:01: 读取文件成功
2017-01-16T04:04:11: 读取文件成功
2017-01-16T04:04:21: 读取文件成功
2017-01-16T04:04:31: 读取文件成功
2017-01-16T04:04:41: 读取文件成功
2017-01-16T04:04:51: 读取文件成功
2017-01-16T04:05:01: 读取文件成功
2017-01-16T04:05:11: 读取文件成功
2017-01-16T04:05:21: 读取文件成功
2017-01-16T04:05:31: 读取文件成功
2017-01-16T04:05:41: 读取文件成功
2017-01-16T04:05:51: 读取文件成功
2017-01-16T04:06:01: 读取文件成功
2017-01-16T04:06:11: 读取文件成功
2017-01-16T04:06:21: 读取文件成功
2017-01-16T04:06:31: 读取文件成功
2017-01-16T04:06:41: 读取文件成功
2017-01-16T04:06:51: 读取文件成功
2017-01-16T04:07:01: 读取文件成功
2017-01-16T04:07:11: 读取文件成功
2017-01-16T04:07:21: 读取文件成功
2017-01-16T04:07:31: 读取文件成功
2017-01-16T04:07:41: 读取文件成功
2017-01-16T04:07:51: 读取文件成功
2017-01-16T04:08:01: 读取文件成功
2017-01-16T04:08:11: 读取文件成功
2017-01-16T04:08:21: 读取文件成功
2017-01-16T04:08:31: 读取文件成功
2017-01-16T04:08:41: 读取文件成功
2017-01-16T04:08:51: 读取文件成功
2017-01-16T04:09:01: 读取文件成功
2017-01-16T04:09:11: 读取文件成功
2017-01-16T04:09:21: 读取文件成功
2017-01-16T04:09:31: 读取文件成功
2017-01-16T04:09:42: 读取文件成功
2017-01-16T04:09:52: 读取文件成功
2017-01-16T04:10:02: 读取文件成功
2017-01-16T04:10:12: 读取文件成功
2017-01-16T04:10:22: 读取文件成功
2017-01-16T04:10:32: 读取文件成功
2017-01-16T04:10:42: 读取文件成功
2017-01-16T04:10:52: 读取文件成功
2017-01-16T04:11:02: 读取文件成功
2017-01-16T04:11:12: 读取文件成功
2017-01-16T04:11:22: 读取文件成功
2017-01-16T04:11:32: 读取文件成功
2017-01-16T04:11:42: 读取文件成功
2017-01-16T04:11:52: 读取文件成功
2017-01-16T04:12:02: 读取文件成功
2017-01-16T04:12:12: 读取文件成功
2017-01-16T04:12:22: 读取文件成功
2017-01-16T04:12:32: 读取文件成功
2017-01-16T04:12:42: 读取文件成功
2017-01-16T04:12:52: 读取文件成功
2017-01-16T04:13:02: 读取文件成功
2017-01-16T04:13:12: 读取文件成功
2017-01-16T04:13:22: 读取文件成功
2017-01-16T04:13:32: 读取文件成功
2017-01-16T04:13:42: 读取文件成功
2017-01-16T04:13:52: 读取文件成功
2017-01-16T04:14:02: 读取文件成功
2017-01-16T04:14:12: 读取文件成功
2017-01-16T04:14:22: 读取文件成功
2017-01-16T04:14:32: 读取文件成功
2017-01-16T04:14:42: 读取文件成功
2017-01-16T04:14:52: 读取文件成功
2017-01-16T04:15:02: 读取文件成功
2017-01-16T04:15:12: 读取文件成功
2017-01-16T04:15:22: 读取文件成功
2017-01-16T04:15:32: 读取文件成功
2017-01-16T04:15:42: 读取文件成功
2017-01-16T04:15:52: 读取文件成功
2017-01-16T04:16:02: 读取文件成功
2017-01-16T04:16:12: 读取文件成功
2017-01-16T04:16:22: 读取文件成功
2017-01-16T04:16:32: 读取文件成功
2017-01-16T04:16:42: 读取文件成功
2017-01-16T04:16:52: 读取文件成功
2017-01-16T04:17:02: 读取文件成功
2017-01-16T04:17:12: 读取文件成功
2017-01-16T04:17:22: 读取文件成功
2017-01-16T04:17:32: 读取文件成功
2017-01-16T04:17:42: 读取文件成功
2017-01-16T04:17:52: 读取文件成功
2017-01-16T04:18:02: 读取文件成功
2017-01-16T04:18:12: 读取文件成功
2017-01-16T04:18:22: 读取文件成功
2017-01-16T04:18:32: 读取文件成功
2017-01-16T04:18:42: 读取文件成功
2017-01-16T04:18:52: 读取文件成功
2017-01-16T04:19:02: 读取文件成功
2017-01-16T04:19:12: 读取文件成功
2017-01-16T04:19:22: 读取文件成功
2017-01-16T04:19:32: 读取文件成功
2017-01-16T04:19:42: 读取文件成功
2017-01-16T04:19:52: 读取文件成功
2017-01-16T04:20:02: 读取文件成功
2017-01-16T04:20:12: 读取文件成功
2017-01-16T04:20:22: 读取文件成功
2017-01-16T04:20:32: 读取文件成功
2017-01-16T04:20:42: 读取文件成功
2017-01-16T04:20:52: 读取文件成功
2017-01-16T04:21:02: 读取文件成功
2017-01-16T04:21:12: 读取文件成功
2017-01-16T04:21:22: 读取文件成功
2017-01-16T04:21:32: 读取文件成功
2017-01-16T04:21:42: 读取文件成功
2017-01-16T04:21:52: 读取文件成功
2017-01-16T04:22:02: 读取文件成功
2017-01-16T04:22:12: 读取文件成功
2017-01-16T04:22:22: 读取文件成功
2017-01-16T04:22:32: 读取文件成功
2017-01-16T04:22:42: 读取文件成功
2017-01-16T04:22:52: 读取文件成功
2017-01-16T04:23:02: 读取文件成功
2017-01-16T04:23:12: 读取文件成功
2017-01-16T04:23:22: 读取文件成功
2017-01-16T04:23:32: 读取文件成功
2017-01-16T04:23:42: 读取文件成功
2017-01-16T04:23:52: 读取文件成功
2017-01-16T04:24:02: 读取文件成功
2017-01-16T04:24:12: 读取文件成功
2017-01-16T04:24:22: 读取文件成功
2017-01-16T04:24:32: 读取文件成功
2017-01-16T04:24:42: 读取文件成功
2017-01-16T04:24:52: 读取文件成功
2017-01-16T04:25:02: 读取文件成功
2017-01-16T04:25:12: 读取文件成功
2017-01-16T04:25:22: 读取文件成功
2017-01-16T04:25:32: 读取文件成功
2017-01-16T04:25:42: 读取文件成功
2017-01-16T04:26:01: 读取文件成功
2017-01-16T04:26:03: 读取文件成功
2017-01-16T04:26:12: 读取文件成功
2017-01-16T04:26:27: 读取文件成功
2017-01-16T04:26:33: 读取文件成功
2017-01-16T04:26:42: 读取文件成功
2017-01-16T04:26:52: 读取文件成功
2017-01-16T04:27:03: 读取文件成功
2017-01-16T04:27:13: 读取文件成功
2017-01-16T04:27:23: 读取文件成功
2017-01-16T04:27:33: 读取文件成功
2017-01-16T04:27:43: 读取文件成功
2017-01-16T04:27:53: 读取文件成功
2017-01-16T04:28:03: 读取文件成功
2017-01-16T04:28:13: 读取文件成功
2017-01-16T04:28:23: 读取文件成功
2017-01-16T04:28:33: 读取文件成功
2017-01-16T04:28:47: 读取文件成功
2017-01-16T04:29:01: 读取文件成功
2017-01-16T04:29:03: 读取文件成功
2017-01-16T04:29:13: 读取文件成功
2017-01-16T04:29:23: 读取文件成功
2017-01-16T04:29:33: 读取文件成功
2017-01-16T04:29:43: 读取文件成功
2017-01-16T04:29:53: 读取文件成功
2017-01-16T04:30:03: 读取文件成功
2017-01-16T04:30:13: 读取文件成功
2017-01-16T04:30:23: 读取文件成功
2017-01-16T04:30:33: 读取文件成功
2017-01-16T04:30:43: 读取文件成功
2017-01-16T04:30:53: 读取文件成功
2017-01-16T04:31:03: 读取文件成功
2017-01-16T04:31:13: 读取文件成功
2017-01-16T04:31:23: 读取文件成功
2017-01-16T04:31:33: 读取文件成功
2017-01-16T04:31:43: 读取文件成功
2017-01-16T04:31:53: 读取文件成功
2017-01-16T04:32:03: 读取文件成功
2017-01-16T04:32:13: 读取文件成功
2017-01-16T04:32:23: 读取文件成功
2017-01-16T04:32:33: 读取文件成功
2017-01-16T04:32:43: 读取文件成功
2017-01-16T04:32:53: 读取文件成功
2017-01-16T04:33:03: 读取文件成功
2017-01-16T04:33:13: 读取文件成功
2017-01-16T04:33:23: 读取文件成功
2017-01-16T04:33:33: 读取文件成功
2017-01-16T04:33:43: 读取文件成功
2017-01-16T04:33:53: 读取文件成功
2017-01-16T04:34:03: 读取文件成功
2017-01-16T04:34:13: 读取文件成功
2017-01-16T04:34:23: 读取文件成功
2017-01-16T04:34:33: 读取文件成功
2017-01-16T04:34:43: 读取文件成功
2017-01-16T04:34:53: 读取文件成功
2017-01-16T04:35:03: 读取文件成功
2017-01-16T04:35:13: 读取文件成功
2017-01-16T04:35:23: 读取文件成功
2017-01-16T04:35:33: 读取文件成功
2017-01-16T04:35:43: 读取文件成功
2017-01-16T04:35:53: 读取文件成功
2017-01-16T04:36:03: 读取文件成功
2017-01-16T04:36:13: 读取文件成功
2017-01-16T04:36:23: 读取文件成功
2017-01-16T04:36:33: 读取文件成功
2017-01-16T04:36:43: 读取文件成功
2017-01-16T04:36:53: 读取文件成功
2017-01-16T04:37:03: 读取文件成功
2017-01-16T04:37:13: 读取文件成功
2017-01-16T04:37:23: 读取文件成功
2017-01-16T04:37:33: 读取文件成功
2017-01-16T04:37:43: 读取文件成功
2017-01-16T04:37:53: 读取文件成功
2017-01-16T04:38:03: 读取文件成功
2017-01-16T04:38:13: 读取文件成功
2017-01-16T04:38:23: 读取文件成功
2017-01-16T04:38:33: 读取文件成功
2017-01-16T04:38:43: 读取文件成功
2017-01-16T04:38:53: 读取文件成功
2017-01-16T04:39:03: 读取文件成功
2017-01-16T04:39:13: 读取文件成功
2017-01-16T04:39:23: 读取文件成功
2017-01-16T04:39:33: 读取文件成功
2017-01-16T04:39:43: 读取文件成功
2017-01-16T04:39:53: 读取文件成功
2017-01-16T04:40:03: 读取文件成功
2017-01-16T04:40:13: 读取文件成功
2017-01-16T04:40:23: 读取文件成功
2017-01-16T04:40:33: 读取文件成功
2017-01-16T04:40:43: 读取文件成功
2017-01-16T04:40:53: 读取文件成功
2017-01-16T04:41:03: 读取文件成功
2017-01-16T04:41:13: 读取文件成功
2017-01-16T04:41:24: 读取文件成功
2017-01-16T04:41:33: 读取文件成功
2017-01-16T04:41:43: 读取文件成功
2017-01-16T04:41:53: 读取文件成功
2017-01-16T04:42:03: 读取文件成功
2017-01-16T04:42:13: 读取文件成功
2017-01-16T04:42:23: 读取文件成功
2017-01-16T04:42:33: 读取文件成功
2017-01-16T04:42:43: 读取文件成功
2017-01-16T04:42:53: 读取文件成功
2017-01-16T04:43:03: 读取文件成功
2017-01-16T04:43:13: 读取文件成功
2017-01-16T04:43:23: 读取文件成功
2017-01-16T04:43:33: 读取文件成功
2017-01-16T04:43:43: 读取文件成功
2017-01-16T04:43:53: 读取文件成功
2017-01-16T04:44:03: 读取文件成功
2017-01-16T04:44:13: 读取文件成功
2017-01-16T04:44:33: 读取文件成功
2017-01-16T04:44:43: 读取文件成功
2017-01-16T04:44:44: 读取文件成功
2017-01-16T04:44:54: 读取文件成功
2017-01-16T04:45:04: 读取文件成功
2017-01-16T04:45:14: 读取文件成功
2017-01-16T04:45:24: 读取文件成功
2017-01-16T04:45:34: 读取文件成功
2017-01-16T04:45:44: 读取文件成功
2017-01-16T04:45:54: 读取文件成功
2017-01-16T04:46:04: 读取文件成功
2017-01-16T04:46:14: 读取文件成功
2017-01-16T04:46:24: 读取文件成功
2017-01-16T04:46:34: 读取文件成功
2017-01-16T04:46:44: 读取文件成功
2017-01-16T04:46:54: 读取文件成功
2017-01-16T04:47:04: 读取文件成功
2017-01-16T04:47:14: 读取文件成功
2017-01-16T04:47:24: 读取文件成功
2017-01-16T04:47:34: 读取文件成功
2017-01-16T04:47:44: 读取文件成功
2017-01-16T04:47:54: 读取文件成功
2017-01-16T04:48:04: 读取文件成功
2017-01-16T04:48:14: 读取文件成功
2017-01-16T04:48:24: 读取文件成功
2017-01-16T04:48:34: 读取文件成功
2017-01-16T04:48:44: 读取文件成功
2017-01-16T04:48:54: 读取文件成功
2017-01-16T04:49:04: 读取文件成功
2017-01-16T04:49:14: 读取文件成功
2017-01-16T04:49:24: 读取文件成功
2017-01-16T04:49:34: 读取文件成功
2017-01-16T04:49:44: 读取文件成功
2017-01-16T04:49:54: 读取文件成功
2017-01-16T04:50:04: 读取文件成功
2017-01-16T04:50:14: 读取文件成功
2017-01-16T04:50:24: 读取文件成功
2017-01-16T04:50:34: 读取文件成功
2017-01-16T04:50:44: 读取文件成功
2017-01-16T04:50:54: 读取文件成功
2017-01-16T04:51:04: 读取文件成功
2017-01-16T04:51:14: 读取文件成功
2017-01-16T04:51:24: 读取文件成功
2017-01-16T04:51:34: 读取文件成功
2017-01-16T04:51:44: 读取文件成功
2017-01-16T04:51:54: 读取文件成功
2017-01-16T04:52:04: 读取文件成功
2017-01-16T04:52:14: 读取文件成功
2017-01-16T04:52:24: 读取文件成功
2017-01-16T04:52:34: 读取文件成功
2017-01-16T04:52:44: 读取文件成功
2017-01-16T04:52:54: 读取文件成功
2017-01-16T04:53:04: 读取文件成功
2017-01-16T04:53:14: 读取文件成功
2017-01-16T04:53:24: 读取文件成功
2017-01-16T04:53:34: 读取文件成功
2017-01-16T04:53:44: 读取文件成功
2017-01-16T04:53:54: 读取文件成功
2017-01-16T04:54:04: 读取文件成功
2017-01-16T04:54:14: 读取文件成功
2017-01-16T04:54:24: 读取文件成功
2017-01-16T04:54:34: 读取文件成功
2017-01-16T04:54:44: 读取文件成功
2017-01-16T04:54:54: 读取文件成功
2017-01-16T04:55:04: 读取文件成功
2017-01-16T04:55:14: 读取文件成功
2017-01-16T04:55:24: 读取文件成功
2017-01-16T04:55:34: 读取文件成功
2017-01-16T04:55:44: 读取文件成功
2017-01-16T04:55:54: 读取文件成功
2017-01-16T04:56:04: 读取文件成功
2017-01-16T04:56:14: 读取文件成功
2017-01-16T04:56:24: 读取文件成功
2017-01-16T04:56:34: 读取文件成功
2017-01-16T04:56:44: 读取文件成功
2017-01-16T04:56:54: 读取文件成功
2017-01-16T04:57:04: 读取文件成功
2017-01-16T04:57:14: 读取文件成功
2017-01-16T04:57:24: 读取文件成功
2017-01-16T04:57:34: 读取文件成功
2017-01-16T04:57:44: 读取文件成功
2017-01-16T04:57:54: 读取文件成功
2017-01-16T04:58:04: 读取文件成功
2017-01-16T04:58:14: 读取文件成功
2017-01-16T04:58:24: 读取文件成功
2017-01-16T04:58:34: 读取文件成功
2017-01-16T04:58:44: 读取文件成功
2017-01-16T04:58:54: 读取文件成功
2017-01-16T04:59:04: 读取文件成功
2017-01-16T04:59:14: 读取文件成功
2017-01-16T04:59:24: 读取文件成功
2017-01-16T04:59:34: 读取文件成功
2017-01-16T04:59:44: 读取文件成功
2017-01-16T04:59:54: 读取文件成功
2017-01-16T05:00:04: 读取文件成功
2017-01-16T05:00:14: 读取文件成功
2017-01-16T05:00:24: 读取文件成功
2017-01-16T05:00:34: 读取文件成功
2017-01-16T05:00:44: 读取文件成功
2017-01-16T05:00:54: 读取文件成功
2017-01-16T05:01:04: 读取文件成功
2017-01-16T05:01:14: 读取文件成功
2017-01-16T05:01:24: 读取文件成功
2017-01-16T05:01:34: 读取文件成功
2017-01-16T05:01:45: 读取文件成功
2017-01-16T05:01:55: 读取文件成功
2017-01-16T05:02:05: 读取文件成功
2017-01-16T05:02:15: 读取文件成功
2017-01-16T05:02:25: 读取文件成功
2017-01-16T05:02:35: 读取文件成功
2017-01-16T05:02:45: 读取文件成功
2017-01-16T05:02:55: 读取文件成功
2017-01-16T05:03:05: 读取文件成功
2017-01-16T05:03:15: 读取文件成功
2017-01-16T05:03:25: 读取文件成功
2017-01-16T05:03:35: 读取文件成功
2017-01-16T05:03:45: 读取文件成功
2017-01-16T05:03:55: 读取文件成功
2017-01-16T05:04:05: 读取文件成功
2017-01-16T05:04:15: 读取文件成功
2017-01-16T05:04:25: 读取文件成功
2017-01-16T05:04:35: 读取文件成功
2017-01-16T05:04:45: 读取文件成功
2017-01-16T05:04:55: 读取文件成功
2017-01-16T05:05:05: 读取文件成功
2017-01-16T05:05:15: 读取文件成功
2017-01-16T05:05:25: 读取文件成功
2017-01-16T05:05:36: 读取文件成功
2017-01-16T05:05:45: 读取文件成功
2017-01-16T05:05:55: 读取文件成功
2017-01-16T05:06:05: 读取文件成功
2017-01-16T05:06:15: 读取文件成功
2017-01-16T05:06:25: 读取文件成功
2017-01-16T05:06:35: 读取文件成功
2017-01-16T05:06:45: 读取文件成功
2017-01-16T05:06:55: 读取文件成功
2017-01-16T05:07:05: 读取文件成功
2017-01-16T05:07:15: 读取文件成功
2017-01-16T05:07:25: 读取文件成功
2017-01-16T05:07:35: 读取文件成功
2017-01-16T05:07:45: 读取文件成功
2017-01-16T05:07:55: 读取文件成功
2017-01-16T05:08:05: 读取文件成功
2017-01-16T05:08:15: 读取文件成功
2017-01-16T05:08:25: 读取文件成功
2017-01-16T05:08:35: 读取文件成功
2017-01-16T05:08:45: 读取文件成功
2017-01-16T05:08:55: 读取文件成功
2017-01-16T05:09:05: 读取文件成功
2017-01-16T05:09:15: 读取文件成功
2017-01-16T05:09:25: 读取文件成功
2017-01-16T05:09:35: 读取文件成功
2017-01-16T05:09:45: 读取文件成功
2017-01-16T05:09:55: 读取文件成功
2017-01-16T05:10:05: 读取文件成功
2017-01-16T05:10:15: 读取文件成功
2017-01-16T05:10:25: 读取文件成功
2017-01-16T05:10:35: 读取文件成功
2017-01-16T05:10:45: 读取文件成功
2017-01-16T05:10:55: 读取文件成功
2017-01-16T05:11:05: 读取文件成功
2017-01-16T05:11:15: 读取文件成功
2017-01-16T05:11:25: 读取文件成功
2017-01-16T05:11:35: 读取文件成功
2017-01-16T05:11:45: 读取文件成功
2017-01-16T05:11:55: 读取文件成功
2017-01-16T05:12:05: 读取文件成功
2017-01-16T05:12:15: 读取文件成功
2017-01-16T05:12:25: 读取文件成功
2017-01-16T05:12:35: 读取文件成功
2017-01-16T05:12:45: 读取文件成功
2017-01-16T05:12:55: 读取文件成功
2017-01-16T05:13:05: 读取文件成功
2017-01-16T05:13:15: 读取文件成功
2017-01-16T05:13:25: 读取文件成功
2017-01-16T05:13:35: 读取文件成功
2017-01-16T05:13:45: 读取文件成功
2017-01-16T05:13:55: 读取文件成功
2017-01-16T05:14:05: 读取文件成功
2017-01-16T05:14:15: 读取文件成功
2017-01-16T05:14:25: 读取文件成功
2017-01-16T05:14:35: 读取文件成功
2017-01-16T05:14:45: 读取文件成功
2017-01-16T05:14:55: 读取文件成功
2017-01-16T05:15:05: 读取文件成功
2017-01-16T05:15:15: 读取文件成功
2017-01-16T05:15:25: 读取文件成功
2017-01-16T05:15:35: 读取文件成功
2017-01-16T05:15:45: 读取文件成功
2017-01-16T05:15:55: 读取文件成功
2017-01-16T05:16:05: 读取文件成功
2017-01-16T05:16:15: 读取文件成功
2017-01-16T05:16:25: 读取文件成功
2017-01-16T05:16:35: 读取文件成功
2017-01-16T05:16:45: 读取文件成功
2017-01-16T05:16:55: 读取文件成功
2017-01-16T05:17:05: 读取文件成功
2017-01-16T05:17:16: 读取文件成功
2017-01-16T05:17:25: 读取文件成功
2017-01-16T05:17:35: 读取文件成功
2017-01-16T05:17:45: 读取文件成功
2017-01-16T05:17:55: 读取文件成功
2017-01-16T05:18:05: 读取文件成功
2017-01-16T05:18:18: 读取文件成功
2017-01-16T05:18:38: 读取文件成功
2017-01-16T05:18:40: 读取文件成功
2017-01-16T05:18:49: 读取文件成功
2017-01-16T05:19:00: 读取文件成功
2017-01-16T05:19:08: 读取文件成功
2017-01-16T05:19:18: 读取文件成功
2017-01-16T05:19:27: 读取文件成功
2017-01-16T05:19:36: 读取文件成功
2017-01-16T05:19:46: 读取文件成功
2017-01-16T05:19:56: 读取文件成功
2017-01-16T05:20:06: 读取文件成功
2017-01-16T05:20:16: 读取文件成功
2017-01-16T05:20:26: 读取文件成功
2017-01-16T05:20:36: 读取文件成功
2017-01-16T05:20:46: 读取文件成功
2017-01-16T05:20:56: 读取文件成功
2017-01-16T05:21:06: 读取文件成功
2017-01-16T05:21:16: 读取文件成功
2017-01-16T05:21:26: 读取文件成功
2017-01-16T05:21:36: 读取文件成功
2017-01-16T05:21:46: 读取文件成功
2017-01-16T05:21:56: 读取文件成功
2017-01-16T05:22:06: 读取文件成功
2017-01-16T05:22:16: 读取文件成功
2017-01-16T05:22:26: 读取文件成功
2017-01-16T05:22:36: 读取文件成功
2017-01-16T05:22:46: 读取文件成功
2017-01-16T05:22:56: 读取文件成功
2017-01-16T05:23:06: 读取文件成功
2017-01-16T05:23:16: 读取文件成功
2017-01-16T05:23:26: 读取文件成功
2017-01-16T05:23:36: 读取文件成功
2017-01-16T05:23:46: 读取文件成功
2017-01-16T05:23:56: 读取文件成功
2017-01-16T05:24:06: 读取文件成功
2017-01-16T05:24:16: 读取文件成功
2017-01-16T05:24:26: 读取文件成功
2017-01-16T05:24:36: 读取文件成功
2017-01-16T05:24:46: 读取文件成功
2017-01-16T05:24:56: 读取文件成功
2017-01-16T05:25:06: 读取文件成功
2017-01-16T05:25:16: 读取文件成功
2017-01-16T05:25:26: 读取文件成功
2017-01-16T05:25:36: 读取文件成功
2017-01-16T05:25:46: 读取文件成功
2017-01-16T05:25:56: 读取文件成功
2017-01-16T05:26:44: 读取文件成功
2017-01-16T05:26:44: 读取文件成功
2017-01-16T05:26:44: 读取文件成功
2017-01-16T05:26:45: 读取文件成功
2017-01-16T05:26:46: 读取文件成功
2017-01-16T05:26:56: 读取文件成功
2017-01-16T05:27:06: 读取文件成功
2017-01-16T05:27:16: 读取文件成功
2017-01-16T05:27:26: 读取文件成功
2017-01-16T05:27:36: 读取文件成功
2017-01-16T05:27:46: 读取文件成功
2017-01-16T05:27:56: 读取文件成功
2017-01-16T05:28:06: 读取文件成功
2017-01-16T05:28:16: 读取文件成功
2017-01-16T05:28:26: 读取文件成功
2017-01-16T05:28:36: 读取文件成功
2017-01-16T05:28:46: 读取文件成功
2017-01-16T05:28:56: 读取文件成功
2017-01-16T05:29:06: 读取文件成功
2017-01-16T05:29:16: 读取文件成功
2017-01-16T05:29:26: 读取文件成功
2017-01-16T05:29:36: 读取文件成功
2017-01-16T05:29:46: 读取文件成功
2017-01-16T05:29:56: 读取文件成功
2017-01-16T05:30:06: 读取文件成功
2017-01-16T05:30:16: 读取文件成功
2017-01-16T05:30:26: 读取文件成功
2017-01-16T05:30:36: 读取文件成功
2017-01-16T05:30:46: 读取文件成功
2017-01-16T05:30:56: 读取文件成功
2017-01-16T05:31:06: 读取文件成功
2017-01-16T05:31:16: 读取文件成功
2017-01-16T05:31:26: 读取文件成功
2017-01-16T05:31:36: 读取文件成功
2017-01-16T05:31:46: 读取文件成功
2017-01-16T05:31:56: 读取文件成功
2017-01-16T05:32:06: 读取文件成功
2017-01-16T05:32:16: 读取文件成功
2017-01-16T05:32:26: 读取文件成功
2017-01-16T05:32:36: 读取文件成功
2017-01-16T05:32:46: 读取文件成功
2017-01-16T05:32:56: 读取文件成功
2017-01-16T05:33:06: 读取文件成功
2017-01-16T05:33:16: 读取文件成功
2017-01-16T05:33:26: 读取文件成功
2017-01-16T05:33:36: 读取文件成功
2017-01-16T05:33:46: 读取文件成功
2017-01-16T05:33:56: 读取文件成功
2017-01-16T05:34:06: 读取文件成功
2017-01-16T05:34:16: 读取文件成功
2017-01-16T05:34:26: 读取文件成功
2017-01-16T05:34:36: 读取文件成功
2017-01-16T05:34:46: 读取文件成功
2017-01-16T05:34:56: 读取文件成功
2017-01-16T05:35:06: 读取文件成功
2017-01-16T05:35:16: 读取文件成功
2017-01-16T05:35:26: 读取文件成功
2017-01-16T05:35:36: 读取文件成功
2017-01-16T05:35:46: 读取文件成功
2017-01-16T05:35:57: 读取文件成功
2017-01-16T05:36:06: 读取文件成功
2017-01-16T05:36:17: 读取文件成功
2017-01-16T05:36:27: 读取文件成功
2017-01-16T05:36:37: 读取文件成功
2017-01-16T05:36:47: 读取文件成功
2017-01-16T05:36:57: 读取文件成功
2017-01-16T05:37:07: 读取文件成功
2017-01-16T05:37:17: 读取文件成功
2017-01-16T05:37:27: 读取文件成功
2017-01-16T05:37:37: 读取文件成功
2017-01-16T05:37:47: 读取文件成功
2017-01-16T05:37:57: 读取文件成功
2017-01-16T05:38:07: 读取文件成功
2017-01-16T05:38:17: 读取文件成功
2017-01-16T05:38:27: 读取文件成功
2017-01-16T05:38:37: 读取文件成功
2017-01-16T05:38:47: 读取文件成功
2017-01-16T05:38:57: 读取文件成功
2017-01-16T05:39:07: 读取文件成功
2017-01-16T05:39:17: 读取文件成功
2017-01-16T05:39:27: 读取文件成功
2017-01-16T05:39:37: 读取文件成功
2017-01-16T05:39:47: 读取文件成功
2017-01-16T05:39:57: 读取文件成功
2017-01-16T05:40:07: 读取文件成功
2017-01-16T05:40:17: 读取文件成功
2017-01-16T05:40:27: 读取文件成功
2017-01-16T05:40:37: 读取文件成功
2017-01-16T05:40:47: 读取文件成功
2017-01-16T05:40:57: 读取文件成功
2017-01-16T05:41:07: 读取文件成功
2017-01-16T05:41:17: 读取文件成功
2017-01-16T05:41:27: 读取文件成功
2017-01-16T05:41:37: 读取文件成功
2017-01-16T05:41:47: 读取文件成功
2017-01-16T05:41:57: 读取文件成功
2017-01-16T05:42:07: 读取文件成功
2017-01-16T05:42:17: 读取文件成功
2017-01-16T05:42:27: 读取文件成功
2017-01-16T05:42:37: 读取文件成功
2017-01-16T05:42:47: 读取文件成功
2017-01-16T05:42:57: 读取文件成功
2017-01-16T05:43:07: 读取文件成功
2017-01-16T05:43:17: 读取文件成功
2017-01-16T05:43:37: 读取文件成功
2017-01-16T05:43:48: 读取文件成功
2017-01-16T05:43:49: 读取文件成功
2017-01-16T05:43:59: 读取文件成功
2017-01-16T05:44:09: 读取文件成功
2017-01-16T05:44:19: 读取文件成功
2017-01-16T05:44:27: 读取文件成功
2017-01-16T05:44:39: 读取文件成功
2017-01-16T05:44:47: 读取文件成功
2017-01-16T05:44:57: 读取文件成功
2017-01-16T05:45:07: 读取文件成功
2017-01-16T05:45:17: 读取文件成功
2017-01-16T05:45:27: 读取文件成功
2017-01-16T05:45:37: 读取文件成功
2017-01-16T05:45:47: 读取文件成功
2017-01-16T05:45:57: 读取文件成功
2017-01-16T05:46:07: 读取文件成功
2017-01-16T05:46:17: 读取文件成功
2017-01-16T05:46:27: 读取文件成功
2017-01-16T05:46:37: 读取文件成功
2017-01-16T05:46:47: 读取文件成功
2017-01-16T05:46:57: 读取文件成功
2017-01-16T05:47:07: 读取文件成功
2017-01-16T05:47:17: 读取文件成功
2017-01-16T05:47:27: 读取文件成功
2017-01-16T05:47:37: 读取文件成功
2017-01-16T05:47:47: 读取文件成功
2017-01-16T05:47:57: 读取文件成功
2017-01-16T05:48:07: 读取文件成功
2017-01-16T05:48:17: 读取文件成功
2017-01-16T05:48:27: 读取文件成功
2017-01-16T05:48:37: 读取文件成功
2017-01-16T05:48:47: 读取文件成功
2017-01-16T05:48:57: 读取文件成功
2017-01-16T05:49:07: 读取文件成功
2017-01-16T05:49:17: 读取文件成功
2017-01-16T05:49:27: 读取文件成功
2017-01-16T05:49:37: 读取文件成功
2017-01-16T05:49:47: 读取文件成功
2017-01-16T05:49:57: 读取文件成功
2017-01-16T05:50:07: 读取文件成功
2017-01-16T05:50:17: 读取文件成功
2017-01-16T05:50:27: 读取文件成功
2017-01-16T05:50:37: 读取文件成功
2017-01-16T05:50:47: 读取文件成功
2017-01-16T05:50:57: 读取文件成功
2017-01-16T05:51:07: 读取文件成功
2017-01-16T05:51:17: 读取文件成功
2017-01-16T05:51:27: 读取文件成功
2017-01-16T05:51:37: 读取文件成功
2017-01-16T05:51:47: 读取文件成功
2017-01-16T05:51:57: 读取文件成功
2017-01-16T05:52:07: 读取文件成功
2017-01-16T05:52:17: 读取文件成功
2017-01-16T05:52:27: 读取文件成功
2017-01-16T05:52:37: 读取文件成功
2017-01-16T05:52:47: 读取文件成功
2017-01-16T05:52:57: 读取文件成功
2017-01-16T05:53:08: 读取文件成功
2017-01-16T05:53:17: 读取文件成功
2017-01-16T05:53:27: 读取文件成功
2017-01-16T05:53:37: 读取文件成功
2017-01-16T05:53:47: 读取文件成功
2017-01-16T05:53:58: 读取文件成功
2017-01-16T05:54:08: 读取文件成功
2017-01-16T05:54:18: 读取文件成功
2017-01-16T05:54:28: 读取文件成功
2017-01-16T05:54:38: 读取文件成功
2017-01-16T05:54:48: 读取文件成功
2017-01-16T05:54:58: 读取文件成功
2017-01-16T05:55:08: 读取文件成功
2017-01-16T05:55:18: 读取文件成功
2017-01-16T05:55:28: 读取文件成功
2017-01-16T05:55:38: 读取文件成功
2017-01-16T05:55:48: 读取文件成功
2017-01-16T05:55:58: 读取文件成功
2017-01-16T05:56:08: 读取文件成功
2017-01-16T05:56:18: 读取文件成功
2017-01-16T05:56:28: 读取文件成功
2017-01-16T05:56:38: 读取文件成功
2017-01-16T05:56:48: 读取文件成功
2017-01-16T05:56:58: 读取文件成功
2017-01-16T05:57:08: 读取文件成功
2017-01-16T05:57:18: 读取文件成功
2017-01-16T05:57:28: 读取文件成功
2017-01-16T05:57:38: 读取文件成功
2017-01-16T05:57:48: 读取文件成功
2017-01-16T05:57:58: 读取文件成功
2017-01-16T05:58:08: 读取文件成功
2017-01-16T05:58:18: 读取文件成功
2017-01-16T05:58:28: 读取文件成功
2017-01-16T05:58:38: 读取文件成功
2017-01-16T05:58:48: 读取文件成功
2017-01-16T05:58:58: 读取文件成功
2017-01-16T05:59:08: 读取文件成功
2017-01-16T05:59:18: 读取文件成功
2017-01-16T05:59:28: 读取文件成功
2017-01-16T05:59:38: 读取文件成功
2017-01-16T05:59:48: 读取文件成功
2017-01-16T05:59:58: 读取文件成功
2017-01-16T06:00:08: 读取文件成功
2017-01-16T06:00:18: 读取文件成功
2017-01-16T06:00:28: 读取文件成功
2017-01-16T06:00:38: 读取文件成功
2017-01-16T06:00:48: 读取文件成功
2017-01-16T06:00:58: 读取文件成功
2017-01-16T06:01:08: 读取文件成功
2017-01-16T06:01:18: 读取文件成功
2017-01-16T06:01:28: 读取文件成功
2017-01-16T06:01:38: 读取文件成功
2017-01-16T06:01:48: 读取文件成功
2017-01-16T06:01:58: 读取文件成功
2017-01-16T06:02:08: 读取文件成功
2017-01-16T06:02:18: 读取文件成功
2017-01-16T06:02:28: 读取文件成功
2017-01-16T06:02:38: 读取文件成功
2017-01-16T06:02:48: 读取文件成功
2017-01-16T06:02:58: 读取文件成功
2017-01-16T06:03:08: 读取文件成功
2017-01-16T06:03:18: 读取文件成功
2017-01-16T06:03:28: 读取文件成功
2017-01-16T06:03:38: 读取文件成功
2017-01-16T06:03:48: 读取文件成功
2017-01-16T06:03:58: 读取文件成功
2017-01-16T06:04:08: 读取文件成功
2017-01-16T06:04:18: 读取文件成功
2017-01-16T06:04:28: 读取文件成功
2017-01-16T06:04:38: 读取文件成功
2017-01-16T06:04:48: 读取文件成功
2017-01-16T06:04:58: 读取文件成功
2017-01-16T06:05:08: 读取文件成功
2017-01-16T06:05:18: 读取文件成功
2017-01-16T06:05:28: 读取文件成功
2017-01-16T06:05:38: 读取文件成功
2017-01-16T06:05:48: 读取文件成功
2017-01-16T06:05:58: 读取文件成功
2017-01-16T06:06:08: 读取文件成功
2017-01-16T06:06:18: 读取文件成功
2017-01-16T06:06:39: 读取文件成功
2017-01-16T06:06:39: 读取文件成功
2017-01-16T06:06:48: 读取文件成功
2017-01-16T06:06:58: 读取文件成功
2017-01-16T06:07:08: 读取文件成功
2017-01-16T06:07:18: 读取文件成功
2017-01-16T06:07:28: 读取文件成功
2017-01-16T06:07:38: 读取文件成功
2017-01-16T06:07:48: 读取文件成功
2017-01-16T06:07:58: 读取文件成功
2017-01-16T06:08:08: 读取文件成功
2017-01-16T06:08:18: 读取文件成功
2017-01-16T06:08:29: 读取文件成功
2017-01-16T06:08:38: 读取文件成功
2017-01-16T06:08:48: 读取文件成功
2017-01-16T06:08:58: 读取文件成功
2017-01-16T06:09:08: 读取文件成功
2017-01-16T06:09:18: 读取文件成功
2017-01-16T06:09:28: 读取文件成功
2017-01-16T06:09:38: 读取文件成功
2017-01-16T06:09:49: 读取文件成功
2017-01-16T06:09:59: 读取文件成功
2017-01-16T06:10:09: 读取文件成功
2017-01-16T06:10:19: 读取文件成功
2017-01-16T06:10:29: 读取文件成功
2017-01-16T06:10:39: 读取文件成功
2017-01-16T06:10:49: 读取文件成功
2017-01-16T06:10:59: 读取文件成功
2017-01-16T06:11:09: 读取文件成功
2017-01-16T06:11:19: 读取文件成功
2017-01-16T06:11:29: 读取文件成功
2017-01-16T06:11:39: 读取文件成功
2017-01-16T06:11:49: 读取文件成功
2017-01-16T06:11:59: 读取文件成功
2017-01-16T06:12:09: 读取文件成功
2017-01-16T06:12:19: 读取文件成功
2017-01-16T06:12:29: 读取文件成功
2017-01-16T06:12:39: 读取文件成功
2017-01-16T06:12:49: 读取文件成功
2017-01-16T06:12:59: 读取文件成功
2017-01-16T06:13:09: 读取文件成功
2017-01-16T06:13:19: 读取文件成功
2017-01-16T06:13:29: 读取文件成功
2017-01-16T06:13:39: 读取文件成功
2017-01-16T06:13:49: 读取文件成功
2017-01-16T06:13:59: 读取文件成功
2017-01-16T06:14:09: 读取文件成功
2017-01-16T06:14:19: 读取文件成功
2017-01-16T06:14:29: 读取文件成功
2017-01-16T06:14:39: 读取文件成功
2017-01-16T06:14:49: 读取文件成功
2017-01-16T06:14:59: 读取文件成功
2017-01-16T06:15:09: 读取文件成功
2017-01-16T06:15:19: 读取文件成功
2017-01-16T06:15:29: 读取文件成功
2017-01-16T06:15:39: 读取文件成功
2017-01-16T06:15:49: 读取文件成功
2017-01-16T06:15:59: 读取文件成功
2017-01-16T06:16:09: 读取文件成功
2017-01-16T06:16:19: 读取文件成功
2017-01-16T06:16:29: 读取文件成功
2017-01-16T06:16:39: 读取文件成功
2017-01-16T06:16:49: 读取文件成功
2017-01-16T06:16:59: 读取文件成功
2017-01-16T06:17:09: 读取文件成功
2017-01-16T06:17:19: 读取文件成功
2017-01-16T06:17:29: 读取文件成功
2017-01-16T06:17:39: 读取文件成功
2017-01-16T06:17:49: 读取文件成功
2017-01-16T06:17:59: 读取文件成功
2017-01-16T06:18:09: 读取文件成功
2017-01-16T06:18:19: 读取文件成功
2017-01-16T06:18:29: 读取文件成功
2017-01-16T06:18:39: 读取文件成功
2017-01-16T06:18:49: 读取文件成功
2017-01-16T06:18:59: 读取文件成功
2017-01-16T06:19:09: 读取文件成功
2017-01-16T06:19:19: 读取文件成功
2017-01-16T06:19:29: 读取文件成功
2017-01-16T06:19:39: 读取文件成功
2017-01-16T06:19:49: 读取文件成功
2017-01-16T06:19:59: 读取文件成功
2017-01-16T06:20:09: 读取文件成功
2017-01-16T06:20:19: 读取文件成功
2017-01-16T06:20:29: 读取文件成功
2017-01-16T06:20:39: 读取文件成功
2017-01-16T06:20:49: 读取文件成功
2017-01-16T06:20:59: 读取文件成功
2017-01-16T06:21:09: 读取文件成功
2017-01-16T06:21:19: 读取文件成功
2017-01-16T06:21:29: 读取文件成功
2017-01-16T06:21:39: 读取文件成功
2017-01-16T06:21:49: 读取文件成功
2017-01-16T06:21:59: 读取文件成功
2017-01-16T06:22:09: 读取文件成功
2017-01-16T06:22:19: 读取文件成功
2017-01-16T06:22:29: 读取文件成功
2017-01-16T06:22:39: 读取文件成功
2017-01-16T06:22:49: 读取文件成功
2017-01-16T06:22:59: 读取文件成功
2017-01-16T06:23:09: 读取文件成功
2017-01-16T06:23:19: 读取文件成功
2017-01-16T06:23:29: 读取文件成功
2017-01-16T06:23:39: 读取文件成功
2017-01-16T06:23:49: 读取文件成功
2017-01-16T06:23:59: 读取文件成功
2017-01-16T06:24:09: 读取文件成功
2017-01-16T06:24:19: 读取文件成功
2017-01-16T06:24:29: 读取文件成功
2017-01-16T06:24:39: 读取文件成功
2017-01-16T06:24:49: 读取文件成功
2017-01-16T06:25:21: 读取文件成功
2017-01-16T06:25:23: 读取文件成功
2017-01-16T06:25:29: 读取文件成功
2017-01-16T06:25:34: 读取文件成功
2017-01-16T06:25:39: 读取文件成功
2017-01-16T06:25:49: 读取文件成功
2017-01-16T06:25:59: 读取文件成功
2017-01-16T06:26:09: 读取文件成功
2017-01-16T06:26:19: 读取文件成功
2017-01-16T06:26:29: 读取文件成功
2017-01-16T06:26:39: 读取文件成功
2017-01-16T06:26:49: 读取文件成功
2017-01-16T06:26:59: 读取文件成功
2017-01-16T06:27:10: 读取文件成功
2017-01-16T06:27:19: 读取文件成功
2017-01-16T06:27:30: 读取文件成功
2017-01-16T06:27:40: 读取文件成功
2017-01-16T06:27:50: 读取文件成功
2017-01-16T06:28:00: 读取文件成功
2017-01-16T06:28:10: 读取文件成功
2017-01-16T06:28:20: 读取文件成功
2017-01-16T06:28:30: 读取文件成功
2017-01-16T06:28:40: 读取文件成功
2017-01-16T06:28:50: 读取文件成功
2017-01-16T06:29:00: 读取文件成功
2017-01-16T06:29:10: 读取文件成功
2017-01-16T06:29:20: 读取文件成功
2017-01-16T06:29:30: 读取文件成功
2017-01-16T06:29:40: 读取文件成功
2017-01-16T06:29:50: 读取文件成功
2017-01-16T06:30:00: 读取文件成功
2017-01-16T06:30:10: 读取文件成功
2017-01-16T06:30:20: 读取文件成功
2017-01-16T06:30:30: 读取文件成功
2017-01-16T06:30:40: 读取文件成功
2017-01-16T06:30:50: 读取文件成功
2017-01-16T06:31:00: 读取文件成功
2017-01-16T06:31:10: 读取文件成功
2017-01-16T06:31:20: 读取文件成功
2017-01-16T06:31:30: 读取文件成功
2017-01-16T06:31:40: 读取文件成功
2017-01-16T06:31:50: 读取文件成功
2017-01-16T06:32:00: 读取文件成功
2017-01-16T06:32:10: 读取文件成功
2017-01-16T06:32:20: 读取文件成功
2017-01-16T06:32:30: 读取文件成功
2017-01-16T06:32:40: 读取文件成功
2017-01-16T06:32:50: 读取文件成功
2017-01-16T06:33:00: 读取文件成功
2017-01-16T06:33:10: 读取文件成功
2017-01-16T06:33:20: 读取文件成功
2017-01-16T06:33:30: 读取文件成功
2017-01-16T06:33:40: 读取文件成功
2017-01-16T06:33:50: 读取文件成功
2017-01-16T06:34:00: 读取文件成功
2017-01-16T06:34:10: 读取文件成功
2017-01-16T06:34:20: 读取文件成功
2017-01-16T06:34:30: 读取文件成功
2017-01-16T06:34:40: 读取文件成功
2017-01-16T06:34:50: 读取文件成功
2017-01-16T06:35:00: 读取文件成功
2017-01-16T06:35:10: 读取文件成功
2017-01-16T06:35:20: 读取文件成功
2017-01-16T06:35:33: 读取文件成功
2017-01-16T06:35:44: 读取文件成功
2017-01-16T06:35:51: 读取文件成功
2017-01-16T06:36:07: 读取文件成功
2017-01-16T06:36:11: 读取文件成功
2017-01-16T06:36:25: 读取文件成功
2017-01-16T06:36:31: 读取文件成功
2017-01-16T06:37:00: 读取文件成功
2017-01-16T06:37:01: 读取文件成功
2017-01-16T06:37:04: 读取文件成功
2017-01-16T06:37:19: 读取文件成功
2017-01-16T06:37:27: 读取文件成功
2017-01-16T06:37:31: 读取文件成功
2017-01-16T06:37:40: 读取文件成功
2017-01-16T06:37:54: 读取文件成功
2017-01-16T06:38:01: 读取文件成功
2017-01-16T06:38:10: 读取文件成功
2017-01-16T06:38:22: 读取文件成功
2017-01-16T06:38:30: 读取文件成功
2017-01-16T06:38:40: 读取文件成功
2017-01-16T06:38:50: 读取文件成功
2017-01-16T06:39:00: 读取文件成功
2017-01-16T06:39:10: 读取文件成功
2017-01-16T06:39:20: 读取文件成功
2017-01-16T06:39:30: 读取文件成功
2017-01-16T06:39:40: 读取文件成功
2017-01-16T06:39:50: 读取文件成功
2017-01-16T06:40:00: 读取文件成功
2017-01-16T06:40:10: 读取文件成功
2017-01-16T06:40:20: 读取文件成功
2017-01-16T06:40:30: 读取文件成功
2017-01-16T06:40:40: 读取文件成功
2017-01-16T06:40:50: 读取文件成功
2017-01-16T06:41:00: 读取文件成功
2017-01-16T06:41:10: 读取文件成功
2017-01-16T06:41:20: 读取文件成功
2017-01-16T06:41:30: 读取文件成功
2017-01-16T06:41:40: 读取文件成功
2017-01-16T06:41:50: 读取文件成功
2017-01-16T06:42:00: 读取文件成功
2017-01-16T06:42:10: 读取文件成功
2017-01-16T06:42:20: 读取文件成功
2017-01-16T06:42:30: 读取文件成功
2017-01-16T06:42:40: 读取文件成功
2017-01-16T06:42:50: 读取文件成功
2017-01-16T06:43:00: 读取文件成功
2017-01-16T06:43:10: 读取文件成功
2017-01-16T06:43:20: 读取文件成功
2017-01-16T06:43:30: 读取文件成功
2017-01-16T06:43:40: 读取文件成功
2017-01-16T06:43:50: 读取文件成功
2017-01-16T06:44:00: 读取文件成功
2017-01-16T06:44:10: 读取文件成功
2017-01-16T06:44:21: 读取文件成功
2017-01-16T06:44:30: 读取文件成功
2017-01-16T06:44:40: 读取文件成功
2017-01-16T06:44:51: 读取文件成功
2017-01-16T06:45:00: 读取文件成功
2017-01-16T06:45:11: 读取文件成功
2017-01-16T06:45:21: 读取文件成功
2017-01-16T06:45:31: 读取文件成功
2017-01-16T06:45:41: 读取文件成功
2017-01-16T06:45:51: 读取文件成功
2017-01-16T06:46:01: 读取文件成功
2017-01-16T06:46:11: 读取文件成功
2017-01-16T06:46:21: 读取文件成功
2017-01-16T06:46:31: 读取文件成功
2017-01-16T06:46:41: 读取文件成功
2017-01-16T06:46:51: 读取文件成功
2017-01-16T06:47:01: 读取文件成功
2017-01-16T06:47:11: 读取文件成功
2017-01-16T06:47:21: 读取文件成功
2017-01-16T06:47:31: 读取文件成功
2017-01-16T06:47:41: 读取文件成功
2017-01-16T06:47:51: 读取文件成功
2017-01-16T06:48:01: 读取文件成功
2017-01-16T06:48:11: 读取文件成功
2017-01-16T06:48:21: 读取文件成功
2017-01-16T06:48:31: 读取文件成功
2017-01-16T06:48:41: 读取文件成功
2017-01-16T06:48:51: 读取文件成功
2017-01-16T06:49:01: 读取文件成功
2017-01-16T06:49:11: 读取文件成功
2017-01-16T06:49:21: 读取文件成功
2017-01-16T06:49:31: 读取文件成功
2017-01-16T06:49:41: 读取文件成功
2017-01-16T06:49:51: 读取文件成功
2017-01-16T06:50:01: 读取文件成功
2017-01-16T06:50:11: 读取文件成功
2017-01-16T06:50:21: 读取文件成功
2017-01-16T06:50:31: 读取文件成功
2017-01-16T06:50:41: 读取文件成功
2017-01-16T06:50:51: 读取文件成功
2017-01-16T06:51:01: 读取文件成功
2017-01-16T06:51:11: 读取文件成功
2017-01-16T06:51:21: 读取文件成功
2017-01-16T06:51:31: 读取文件成功
2017-01-16T06:51:41: 读取文件成功
2017-01-16T06:51:51: 读取文件成功
2017-01-16T06:52:01: 读取文件成功
2017-01-16T06:52:11: 读取文件成功
2017-01-16T06:52:21: 读取文件成功
2017-01-16T06:52:31: 读取文件成功
2017-01-16T06:52:41: 读取文件成功
2017-01-16T06:52:51: 读取文件成功
2017-01-16T06:53:01: 读取文件成功
2017-01-16T06:53:11: 读取文件成功
2017-01-16T06:53:21: 读取文件成功
2017-01-16T06:53:31: 读取文件成功
2017-01-16T06:53:41: 读取文件成功
2017-01-16T06:53:51: 读取文件成功
2017-01-16T06:54:01: 读取文件成功
2017-01-16T06:54:11: 读取文件成功
2017-01-16T06:54:21: 读取文件成功
2017-01-16T06:54:31: 读取文件成功
2017-01-16T06:54:41: 读取文件成功
2017-01-16T06:54:51: 读取文件成功
2017-01-16T06:55:01: 读取文件成功
2017-01-16T06:55:11: 读取文件成功
2017-01-16T06:55:21: 读取文件成功
2017-01-16T06:55:31: 读取文件成功
2017-01-16T06:55:41: 读取文件成功
2017-01-16T06:55:51: 读取文件成功
2017-01-16T06:56:01: 读取文件成功
2017-01-16T06:56:11: 读取文件成功
2017-01-16T06:56:21: 读取文件成功
2017-01-16T06:56:31: 读取文件成功
2017-01-16T06:56:41: 读取文件成功
2017-01-16T06:56:51: 读取文件成功
2017-01-16T06:57:01: 读取文件成功
2017-01-16T06:57:11: 读取文件成功
2017-01-16T06:57:21: 读取文件成功
2017-01-16T06:57:31: 读取文件成功
2017-01-16T06:57:41: 读取文件成功
2017-01-16T06:57:51: 读取文件成功
2017-01-16T06:58:01: 读取文件成功
2017-01-16T06:58:11: 读取文件成功
2017-01-16T06:58:21: 读取文件成功
2017-01-16T06:58:31: 读取文件成功
2017-01-16T06:58:41: 读取文件成功
2017-01-16T06:58:51: 读取文件成功
2017-01-16T06:59:01: 读取文件成功
2017-01-16T06:59:11: 读取文件成功
2017-01-16T06:59:21: 读取文件成功
2017-01-16T06:59:31: 读取文件成功
2017-01-16T06:59:41: 读取文件成功
2017-01-16T06:59:51: 读取文件成功
2017-01-16T07:00:01: 读取文件成功
2017-01-16T07:00:11: 读取文件成功
2017-01-16T07:00:21: 读取文件成功
2017-01-16T07:00:31: 读取文件成功
2017-01-16T07:00:41: 读取文件成功
2017-01-16T07:00:51: 读取文件成功
2017-01-16T07:01:01: 读取文件成功
2017-01-16T07:01:11: 读取文件成功
2017-01-16T07:01:21: 读取文件成功
2017-01-16T07:01:31: 读取文件成功
2017-01-16T07:01:41: 读取文件成功
2017-01-16T07:01:51: 读取文件成功
2017-01-16T07:02:01: 读取文件成功
2017-01-16T07:02:11: 读取文件成功
2017-01-16T07:02:21: 读取文件成功
2017-01-16T07:02:31: 读取文件成功
2017-01-16T07:02:41: 读取文件成功
2017-01-16T07:02:51: 读取文件成功
2017-01-16T07:03:01: 读取文件成功
2017-01-16T07:03:11: 读取文件成功
2017-01-16T07:03:21: 读取文件成功
2017-01-16T07:03:31: 读取文件成功
2017-01-16T07:03:41: 读取文件成功
2017-01-16T07:03:52: 读取文件成功
2017-01-16T07:04:02: 读取文件成功
2017-01-16T07:04:11: 读取文件成功
2017-01-16T07:04:22: 读取文件成功
2017-01-16T07:04:32: 读取文件成功
2017-01-16T07:04:42: 读取文件成功
2017-01-16T07:04:52: 读取文件成功
2017-01-16T07:05:02: 读取文件成功
2017-01-16T07:05:12: 读取文件成功
2017-01-16T07:05:22: 读取文件成功
2017-01-16T07:05:32: 读取文件成功
2017-01-16T07:05:42: 读取文件成功
2017-01-16T07:05:52: 读取文件成功
2017-01-16T07:06:02: 读取文件成功
2017-01-16T07:06:12: 读取文件成功
2017-01-16T07:06:22: 读取文件成功
2017-01-16T07:06:32: 读取文件成功
2017-01-16T07:06:42: 读取文件成功
2017-01-16T07:06:52: 读取文件成功
2017-01-16T07:07:02: 读取文件成功
2017-01-16T07:07:12: 读取文件成功
2017-01-16T07:07:22: 读取文件成功
2017-01-16T07:07:32: 读取文件成功
2017-01-16T07:07:42: 读取文件成功
2017-01-16T07:07:52: 读取文件成功
2017-01-16T07:08:02: 读取文件成功
2017-01-16T07:08:12: 读取文件成功
2017-01-16T07:08:22: 读取文件成功
2017-01-16T07:08:32: 读取文件成功
2017-01-16T07:08:42: 读取文件成功
2017-01-16T07:08:52: 读取文件成功
2017-01-16T07:09:02: 读取文件成功
2017-01-16T07:09:12: 读取文件成功
2017-01-16T07:09:22: 读取文件成功
2017-01-16T07:09:32: 读取文件成功
2017-01-16T07:09:42: 读取文件成功
2017-01-16T07:09:52: 读取文件成功
2017-01-16T07:10:02: 读取文件成功
2017-01-16T07:10:12: 读取文件成功
2017-01-16T07:10:22: 读取文件成功
2017-01-16T07:10:32: 读取文件成功
2017-01-16T07:10:42: 读取文件成功
2017-01-16T07:10:52: 读取文件成功
2017-01-16T07:11:02: 读取文件成功
2017-01-16T07:11:12: 读取文件成功
2017-01-16T07:11:22: 读取文件成功
2017-01-16T07:11:32: 读取文件成功
2017-01-16T07:11:42: 读取文件成功
2017-01-16T07:11:52: 读取文件成功
2017-01-16T07:12:02: 读取文件成功
2017-01-16T07:12:12: 读取文件成功
2017-01-16T07:12:22: 读取文件成功
2017-01-16T07:12:32: 读取文件成功
2017-01-16T07:12:42: 读取文件成功
2017-01-16T07:12:52: 读取文件成功
2017-01-16T07:13:02: 读取文件成功
2017-01-16T07:13:12: 读取文件成功
2017-01-16T07:13:22: 读取文件成功
2017-01-16T07:13:32: 读取文件成功
2017-01-16T07:13:42: 读取文件成功
2017-01-16T07:13:52: 读取文件成功
2017-01-16T07:14:02: 读取文件成功
2017-01-16T07:14:12: 读取文件成功
2017-01-16T07:14:22: 读取文件成功
2017-01-16T07:14:32: 读取文件成功
2017-01-16T07:14:42: 读取文件成功
2017-01-16T07:14:52: 读取文件成功
2017-01-16T07:15:02: 读取文件成功
2017-01-16T07:15:12: 读取文件成功
2017-01-16T07:15:22: 读取文件成功
2017-01-16T07:15:32: 读取文件成功
2017-01-16T07:15:42: 读取文件成功
2017-01-16T07:15:52: 读取文件成功
2017-01-16T07:16:02: 读取文件成功
2017-01-16T07:16:12: 读取文件成功
2017-01-16T07:16:22: 读取文件成功
2017-01-16T07:16:32: 读取文件成功
2017-01-16T07:16:42: 读取文件成功
2017-01-16T07:16:52: 读取文件成功
2017-01-16T07:17:02: 读取文件成功
2017-01-16T07:17:12: 读取文件成功
2017-01-16T07:17:22: 读取文件成功
2017-01-16T07:17:32: 读取文件成功
2017-01-16T07:17:42: 读取文件成功
2017-01-16T07:17:52: 读取文件成功
2017-01-16T07:18:02: 读取文件成功
2017-01-16T07:18:12: 读取文件成功
2017-01-16T07:18:22: 读取文件成功
2017-01-16T07:18:32: 读取文件成功
2017-01-16T07:18:42: 读取文件成功
2017-01-16T07:18:52: 读取文件成功
2017-01-16T07:19:02: 读取文件成功
2017-01-16T07:19:12: 读取文件成功
2017-01-16T07:19:22: 读取文件成功
2017-01-16T07:19:32: 读取文件成功
2017-01-16T07:19:42: 读取文件成功
2017-01-16T07:19:52: 读取文件成功
2017-01-16T07:20:02: 读取文件成功
2017-01-16T07:20:12: 读取文件成功
2017-01-16T07:20:22: 读取文件成功
2017-01-16T07:20:32: 读取文件成功
2017-01-16T07:20:42: 读取文件成功
2017-01-16T07:20:52: 读取文件成功
2017-01-16T07:21:02: 读取文件成功
2017-01-16T07:21:12: 读取文件成功
2017-01-16T07:21:22: 读取文件成功
2017-01-16T07:21:32: 读取文件成功
2017-01-16T07:21:42: 读取文件成功
2017-01-16T07:21:52: 读取文件成功
2017-01-16T07:22:03: 读取文件成功
2017-01-16T07:22:12: 读取文件成功
2017-01-16T07:22:22: 读取文件成功
2017-01-16T07:22:33: 读取文件成功
2017-01-16T07:22:43: 读取文件成功
2017-01-16T07:22:53: 读取文件成功
2017-01-16T07:23:03: 读取文件成功
2017-01-16T07:23:13: 读取文件成功
2017-01-16T07:23:23: 读取文件成功
2017-01-16T07:23:33: 读取文件成功
2017-01-16T07:23:43: 读取文件成功
2017-01-16T07:23:53: 读取文件成功
2017-01-16T07:24:03: 读取文件成功
2017-01-16T07:24:14: 读取文件成功
2017-01-16T07:24:28: 读取文件成功
2017-01-16T07:24:33: 读取文件成功
2017-01-16T07:24:43: 读取文件成功
2017-01-16T07:24:53: 读取文件成功
2017-01-16T07:25:03: 读取文件成功
2017-01-16T07:25:15: 读取文件成功
2017-01-16T07:25:23: 读取文件成功
2017-01-16T07:25:33: 读取文件成功
2017-01-16T07:25:43: 读取文件成功
2017-01-16T07:25:53: 读取文件成功
2017-01-16T07:26:03: 读取文件成功
2017-01-16T07:26:13: 读取文件成功
2017-01-16T07:26:23: 读取文件成功
2017-01-16T07:26:33: 读取文件成功
2017-01-16T07:26:43: 读取文件成功
2017-01-16T07:26:53: 读取文件成功
2017-01-16T07:27:03: 读取文件成功
2017-01-16T07:27:13: 读取文件成功
2017-01-16T07:27:23: 读取文件成功
2017-01-16T07:27:33: 读取文件成功
2017-01-16T07:27:43: 读取文件成功
2017-01-16T07:27:53: 读取文件成功
2017-01-16T07:28:03: 读取文件成功
2017-01-16T07:28:13: 读取文件成功
2017-01-16T07:28:23: 读取文件成功
2017-01-16T07:28:33: 读取文件成功
2017-01-16T07:28:43: 读取文件成功
2017-01-16T07:28:53: 读取文件成功
2017-01-16T07:29:03: 读取文件成功
2017-01-16T07:29:13: 读取文件成功
2017-01-16T07:29:23: 读取文件成功
2017-01-16T07:29:33: 读取文件成功
2017-01-16T07:29:43: 读取文件成功
2017-01-16T07:29:53: 读取文件成功
2017-01-16T07:30:03: 读取文件成功
2017-01-16T07:30:13: 读取文件成功
2017-01-16T07:30:23: 读取文件成功
2017-01-16T07:30:33: 读取文件成功
2017-01-16T07:30:43: 读取文件成功
2017-01-16T07:30:53: 读取文件成功
2017-01-16T07:31:03: 读取文件成功
2017-01-16T07:31:13: 读取文件成功
2017-01-16T07:31:23: 读取文件成功
2017-01-16T07:31:33: 读取文件成功
2017-01-16T07:31:43: 读取文件成功
2017-01-16T07:31:53: 读取文件成功
2017-01-16T07:32:03: 读取文件成功
2017-01-16T07:32:13: 读取文件成功
2017-01-16T07:32:23: 读取文件成功
2017-01-16T07:32:33: 读取文件成功
2017-01-16T07:32:43: 读取文件成功
2017-01-16T07:32:53: 读取文件成功
2017-01-16T07:33:03: 读取文件成功
2017-01-16T07:33:13: 读取文件成功
2017-01-16T07:33:23: 读取文件成功
2017-01-16T07:33:33: 读取文件成功
2017-01-16T07:33:43: 读取文件成功
2017-01-16T07:33:53: 读取文件成功
2017-01-16T07:34:03: 读取文件成功
2017-01-16T07:34:13: 读取文件成功
2017-01-16T07:34:23: 读取文件成功
2017-01-16T07:34:33: 读取文件成功
2017-01-16T07:34:43: 读取文件成功
2017-01-16T07:34:53: 读取文件成功
2017-01-16T07:35:03: 读取文件成功
2017-01-16T07:35:13: 读取文件成功
2017-01-16T07:35:23: 读取文件成功
2017-01-16T07:35:33: 读取文件成功
2017-01-16T07:35:43: 读取文件成功
2017-01-16T07:35:53: 读取文件成功
2017-01-16T07:36:03: 读取文件成功
2017-01-16T07:36:13: 读取文件成功
2017-01-16T07:36:23: 读取文件成功
2017-01-16T07:36:33: 读取文件成功
2017-01-16T07:36:43: 读取文件成功
2017-01-16T07:36:53: 读取文件成功
2017-01-16T07:37:03: 读取文件成功
2017-01-16T07:37:13: 读取文件成功
2017-01-16T07:37:23: 读取文件成功
2017-01-16T07:37:33: 读取文件成功
2017-01-16T07:37:43: 读取文件成功
2017-01-16T07:37:53: 读取文件成功
2017-01-16T07:38:03: 读取文件成功
2017-01-16T07:38:13: 读取文件成功
2017-01-16T07:38:23: 读取文件成功
2017-01-16T07:38:33: 读取文件成功
2017-01-16T07:38:43: 读取文件成功
2017-01-16T07:38:53: 读取文件成功
2017-01-16T07:39:04: 读取文件成功
2017-01-16T07:39:13: 读取文件成功
2017-01-16T07:39:23: 读取文件成功
2017-01-16T07:39:34: 读取文件成功
2017-01-16T07:39:44: 读取文件成功
2017-01-16T07:39:54: 读取文件成功
2017-01-16T07:40:04: 读取文件成功
2017-01-16T07:40:14: 读取文件成功
2017-01-16T07:40:24: 读取文件成功
2017-01-16T07:40:34: 读取文件成功
2017-01-16T07:40:44: 读取文件成功
2017-01-16T07:40:54: 读取文件成功
2017-01-16T07:41:04: 读取文件成功
2017-01-16T07:41:14: 读取文件成功
2017-01-16T07:41:24: 读取文件成功
2017-01-16T07:41:34: 读取文件成功
2017-01-16T07:41:44: 读取文件成功
2017-01-16T07:41:54: 读取文件成功
2017-01-16T07:42:04: 读取文件成功
2017-01-16T07:42:14: 读取文件成功
2017-01-16T07:42:24: 读取文件成功
2017-01-16T07:42:34: 读取文件成功
2017-01-16T07:42:44: 读取文件成功
2017-01-16T07:42:54: 读取文件成功
2017-01-16T07:43:04: 读取文件成功
2017-01-16T07:43:14: 读取文件成功
2017-01-16T07:43:24: 读取文件成功
2017-01-16T07:43:34: 读取文件成功
2017-01-16T07:43:44: 读取文件成功
2017-01-16T07:43:54: 读取文件成功
2017-01-16T07:44:04: 读取文件成功
2017-01-16T07:44:14: 读取文件成功
2017-01-16T07:44:24: 读取文件成功
2017-01-16T07:44:34: 读取文件成功
2017-01-16T07:44:44: 读取文件成功
2017-01-16T07:44:54: 读取文件成功
2017-01-16T07:45:04: 读取文件成功
2017-01-16T07:45:14: 读取文件成功
2017-01-16T07:45:24: 读取文件成功
2017-01-16T07:45:34: 读取文件成功
2017-01-16T07:45:44: 读取文件成功
2017-01-16T07:45:54: 读取文件成功
2017-01-16T07:46:04: 读取文件成功
2017-01-16T07:46:14: 读取文件成功
2017-01-16T07:46:24: 读取文件成功
2017-01-16T07:46:34: 读取文件成功
2017-01-16T07:46:44: 读取文件成功
2017-01-16T07:46:54: 读取文件成功
2017-01-16T07:47:15: 读取文件成功
2017-01-16T07:47:20: 读取文件成功
2017-01-16T07:47:24: 读取文件成功
2017-01-16T07:47:34: 读取文件成功
2017-01-16T07:47:44: 读取文件成功
2017-01-16T07:47:54: 读取文件成功
2017-01-16T07:48:04: 读取文件成功
2017-01-16T07:48:14: 读取文件成功
2017-01-16T07:48:24: 读取文件成功
2017-01-16T07:48:34: 读取文件成功
2017-01-16T07:48:44: 读取文件成功
2017-01-16T07:48:54: 读取文件成功
2017-01-16T07:49:04: 读取文件成功
2017-01-16T07:49:14: 读取文件成功
2017-01-16T07:49:29: 读取文件成功
2017-01-16T07:49:41: 读取文件成功
2017-01-16T07:49:49: 读取文件成功
2017-01-16T07:49:55: 读取文件成功
2017-01-16T07:50:05: 读取文件成功
2017-01-16T07:50:15: 读取文件成功
2017-01-16T07:50:25: 读取文件成功
2017-01-16T07:50:34: 读取文件成功
2017-01-16T07:50:44: 读取文件成功
2017-01-16T07:50:54: 读取文件成功
2017-01-16T07:51:04: 读取文件成功
2017-01-16T07:51:14: 读取文件成功
2017-01-16T07:51:24: 读取文件成功
2017-01-16T07:51:34: 读取文件成功
2017-01-16T07:51:44: 读取文件成功
2017-01-16T07:51:54: 读取文件成功
2017-01-16T07:52:04: 读取文件成功
2017-01-16T07:52:14: 读取文件成功
2017-01-16T07:52:24: 读取文件成功
2017-01-16T07:52:34: 读取文件成功
2017-01-16T07:52:44: 读取文件成功
2017-01-16T07:52:54: 读取文件成功
2017-01-16T07:53:04: 读取文件成功
2017-01-16T07:53:14: 读取文件成功
2017-01-16T07:53:24: 读取文件成功
2017-01-16T07:53:34: 读取文件成功
2017-01-16T07:53:44: 读取文件成功
2017-01-16T07:53:54: 读取文件成功
2017-01-16T07:54:04: 读取文件成功
2017-01-16T07:54:14: 读取文件成功
2017-01-16T07:54:24: 读取文件成功
2017-01-16T07:54:34: 读取文件成功
2017-01-16T07:54:44: 读取文件成功
2017-01-16T07:54:54: 读取文件成功
2017-01-16T07:55:04: 读取文件成功
2017-01-16T07:55:14: 读取文件成功
2017-01-16T07:55:24: 读取文件成功
2017-01-16T07:55:34: 读取文件成功
2017-01-16T07:55:44: 读取文件成功
2017-01-16T07:55:54: 读取文件成功
2017-01-16T07:56:05: 读取文件成功
2017-01-16T07:56:14: 读取文件成功
2017-01-16T07:56:24: 读取文件成功
2017-01-16T07:56:34: 读取文件成功
2017-01-16T07:56:44: 读取文件成功
2017-01-16T07:56:54: 读取文件成功
2017-01-16T07:57:04: 读取文件成功
2017-01-16T07:57:14: 读取文件成功
2017-01-16T07:57:25: 读取文件成功
2017-01-16T07:57:34: 读取文件成功
2017-01-16T07:57:44: 读取文件成功
2017-01-16T07:57:54: 读取文件成功
2017-01-16T07:58:04: 读取文件成功
2017-01-16T07:58:15: 读取文件成功
2017-01-16T07:58:25: 读取文件成功
2017-01-16T07:58:35: 读取文件成功
2017-01-16T07:58:45: 读取文件成功
2017-01-16T07:58:55: 读取文件成功
2017-01-16T07:59:05: 读取文件成功
