2017-02-07T00:00:01: 非记录时间：2017-02-07T00:00:01+08:00
2017-02-07T00:00:11: 非记录时间：2017-02-07T00:00:11+08:00
2017-02-07T00:00:21: 非记录时间：2017-02-07T00:00:21+08:00
2017-02-07T00:00:31: 非记录时间：2017-02-07T00:00:31+08:00
2017-02-07T00:00:41: 非记录时间：2017-02-07T00:00:41+08:00
2017-02-07T00:00:51: 非记录时间：2017-02-07T00:00:51+08:00
2017-02-07T00:01:01: 非记录时间：2017-02-07T00:01:01+08:00
2017-02-07T00:01:11: 非记录时间：2017-02-07T00:01:11+08:00
2017-02-07T00:01:21: 非记录时间：2017-02-07T00:01:21+08:00
2017-02-07T00:01:31: 非记录时间：2017-02-07T00:01:31+08:00
2017-02-07T00:01:41: 非记录时间：2017-02-07T00:01:41+08:00
2017-02-07T00:01:51: 非记录时间：2017-02-07T00:01:51+08:00
2017-02-07T00:02:01: 非记录时间：2017-02-07T00:02:01+08:00
2017-02-07T00:02:11: 非记录时间：2017-02-07T00:02:11+08:00
2017-02-07T00:02:21: 非记录时间：2017-02-07T00:02:21+08:00
2017-02-07T00:02:31: 非记录时间：2017-02-07T00:02:31+08:00
2017-02-07T00:02:41: 非记录时间：2017-02-07T00:02:41+08:00
2017-02-07T00:02:51: 非记录时间：2017-02-07T00:02:51+08:00
2017-02-07T00:03:01: 非记录时间：2017-02-07T00:03:01+08:00
2017-02-07T00:03:11: 非记录时间：2017-02-07T00:03:11+08:00
2017-02-07T00:03:21: 非记录时间：2017-02-07T00:03:21+08:00
2017-02-07T00:03:31: 非记录时间：2017-02-07T00:03:31+08:00
2017-02-07T00:03:41: 非记录时间：2017-02-07T00:03:41+08:00
2017-02-07T00:03:51: 非记录时间：2017-02-07T00:03:51+08:00
2017-02-07T00:04:01: 非记录时间：2017-02-07T00:04:01+08:00
2017-02-07T00:04:11: 非记录时间：2017-02-07T00:04:11+08:00
2017-02-07T00:04:21: 非记录时间：2017-02-07T00:04:21+08:00
2017-02-07T00:04:31: 非记录时间：2017-02-07T00:04:31+08:00
2017-02-07T00:04:41: 非记录时间：2017-02-07T00:04:41+08:00
2017-02-07T00:04:51: 非记录时间：2017-02-07T00:04:51+08:00
2017-02-07T00:05:01: 非记录时间：2017-02-07T00:05:01+08:00
2017-02-07T00:05:11: 非记录时间：2017-02-07T00:05:11+08:00
2017-02-07T00:05:21: 非记录时间：2017-02-07T00:05:21+08:00
2017-02-07T00:05:31: 非记录时间：2017-02-07T00:05:31+08:00
2017-02-07T00:05:41: 非记录时间：2017-02-07T00:05:41+08:00
2017-02-07T00:05:51: 非记录时间：2017-02-07T00:05:51+08:00
2017-02-07T00:06:01: 非记录时间：2017-02-07T00:06:01+08:00
2017-02-07T00:06:11: 非记录时间：2017-02-07T00:06:11+08:00
2017-02-07T00:06:21: 非记录时间：2017-02-07T00:06:21+08:00
2017-02-07T00:06:31: 非记录时间：2017-02-07T00:06:31+08:00
2017-02-07T00:06:41: 非记录时间：2017-02-07T00:06:41+08:00
2017-02-07T00:06:51: 非记录时间：2017-02-07T00:06:51+08:00
2017-02-07T00:07:01: 非记录时间：2017-02-07T00:07:01+08:00
2017-02-07T00:07:11: 非记录时间：2017-02-07T00:07:11+08:00
2017-02-07T00:07:21: 非记录时间：2017-02-07T00:07:21+08:00
2017-02-07T00:07:31: 非记录时间：2017-02-07T00:07:31+08:00
2017-02-07T00:07:41: 非记录时间：2017-02-07T00:07:41+08:00
2017-02-07T00:07:51: 非记录时间：2017-02-07T00:07:51+08:00
2017-02-07T00:08:01: 非记录时间：2017-02-07T00:08:01+08:00
2017-02-07T00:08:11: 非记录时间：2017-02-07T00:08:11+08:00
2017-02-07T00:08:21: 非记录时间：2017-02-07T00:08:21+08:00
2017-02-07T00:08:31: 非记录时间：2017-02-07T00:08:31+08:00
2017-02-07T00:08:41: 非记录时间：2017-02-07T00:08:41+08:00
2017-02-07T00:08:51: 非记录时间：2017-02-07T00:08:51+08:00
2017-02-07T00:09:01: 非记录时间：2017-02-07T00:09:01+08:00
2017-02-07T00:09:11: 非记录时间：2017-02-07T00:09:11+08:00
2017-02-07T00:09:21: 非记录时间：2017-02-07T00:09:21+08:00
2017-02-07T00:09:31: 非记录时间：2017-02-07T00:09:31+08:00
2017-02-07T00:09:41: 非记录时间：2017-02-07T00:09:41+08:00
2017-02-07T00:09:51: 非记录时间：2017-02-07T00:09:51+08:00
2017-02-07T00:10:01: 非记录时间：2017-02-07T00:10:01+08:00
2017-02-07T00:10:11: 非记录时间：2017-02-07T00:10:11+08:00
2017-02-07T00:10:21: 非记录时间：2017-02-07T00:10:21+08:00
2017-02-07T00:10:31: 非记录时间：2017-02-07T00:10:31+08:00
2017-02-07T00:10:41: 非记录时间：2017-02-07T00:10:41+08:00
2017-02-07T00:10:51: 非记录时间：2017-02-07T00:10:51+08:00
2017-02-07T00:11:01: 非记录时间：2017-02-07T00:11:01+08:00
2017-02-07T00:11:11: 非记录时间：2017-02-07T00:11:11+08:00
2017-02-07T00:11:21: 非记录时间：2017-02-07T00:11:21+08:00
2017-02-07T00:11:31: 非记录时间：2017-02-07T00:11:31+08:00
2017-02-07T00:11:41: 非记录时间：2017-02-07T00:11:41+08:00
2017-02-07T00:11:51: 非记录时间：2017-02-07T00:11:51+08:00
2017-02-07T00:12:01: 非记录时间：2017-02-07T00:12:01+08:00
2017-02-07T00:12:11: 非记录时间：2017-02-07T00:12:11+08:00
2017-02-07T00:12:21: 非记录时间：2017-02-07T00:12:21+08:00
2017-02-07T00:12:31: 非记录时间：2017-02-07T00:12:31+08:00
2017-02-07T00:12:41: 非记录时间：2017-02-07T00:12:41+08:00
2017-02-07T00:12:51: 非记录时间：2017-02-07T00:12:51+08:00
2017-02-07T00:13:01: 非记录时间：2017-02-07T00:13:01+08:00
2017-02-07T00:13:11: 非记录时间：2017-02-07T00:13:11+08:00
2017-02-07T00:13:21: 非记录时间：2017-02-07T00:13:21+08:00
2017-02-07T00:13:31: 非记录时间：2017-02-07T00:13:31+08:00
2017-02-07T00:13:41: 非记录时间：2017-02-07T00:13:41+08:00
2017-02-07T00:13:51: 非记录时间：2017-02-07T00:13:51+08:00
2017-02-07T00:14:01: 非记录时间：2017-02-07T00:14:01+08:00
2017-02-07T00:14:11: 非记录时间：2017-02-07T00:14:11+08:00
2017-02-07T00:14:21: 非记录时间：2017-02-07T00:14:21+08:00
2017-02-07T00:14:31: 非记录时间：2017-02-07T00:14:31+08:00
2017-02-07T00:14:41: 非记录时间：2017-02-07T00:14:41+08:00
2017-02-07T00:14:51: 非记录时间：2017-02-07T00:14:51+08:00
2017-02-07T00:15:01: 非记录时间：2017-02-07T00:15:01+08:00
2017-02-07T00:15:11: 非记录时间：2017-02-07T00:15:11+08:00
2017-02-07T00:15:21: 非记录时间：2017-02-07T00:15:21+08:00
2017-02-07T00:15:31: 非记录时间：2017-02-07T00:15:31+08:00
2017-02-07T00:15:41: 非记录时间：2017-02-07T00:15:41+08:00
2017-02-07T00:15:51: 非记录时间：2017-02-07T00:15:51+08:00
2017-02-07T00:16:01: 非记录时间：2017-02-07T00:16:01+08:00
2017-02-07T00:16:11: 非记录时间：2017-02-07T00:16:11+08:00
2017-02-07T00:16:21: 非记录时间：2017-02-07T00:16:21+08:00
2017-02-07T00:16:31: 非记录时间：2017-02-07T00:16:31+08:00
2017-02-07T00:16:41: 非记录时间：2017-02-07T00:16:41+08:00
2017-02-07T00:16:51: 非记录时间：2017-02-07T00:16:51+08:00
2017-02-07T00:17:01: 非记录时间：2017-02-07T00:17:01+08:00
2017-02-07T00:17:11: 非记录时间：2017-02-07T00:17:11+08:00
2017-02-07T00:17:21: 非记录时间：2017-02-07T00:17:21+08:00
2017-02-07T00:17:31: 非记录时间：2017-02-07T00:17:31+08:00
2017-02-07T00:17:41: 非记录时间：2017-02-07T00:17:41+08:00
2017-02-07T00:17:51: 非记录时间：2017-02-07T00:17:51+08:00
2017-02-07T00:18:01: 非记录时间：2017-02-07T00:18:01+08:00
2017-02-07T00:18:11: 非记录时间：2017-02-07T00:18:11+08:00
2017-02-07T00:18:21: 非记录时间：2017-02-07T00:18:21+08:00
2017-02-07T00:18:31: 非记录时间：2017-02-07T00:18:31+08:00
2017-02-07T00:18:41: 非记录时间：2017-02-07T00:18:41+08:00
2017-02-07T00:18:51: 非记录时间：2017-02-07T00:18:51+08:00
2017-02-07T00:19:01: 非记录时间：2017-02-07T00:19:01+08:00
2017-02-07T00:19:11: 非记录时间：2017-02-07T00:19:11+08:00
2017-02-07T00:19:21: 非记录时间：2017-02-07T00:19:21+08:00
2017-02-07T00:19:31: 非记录时间：2017-02-07T00:19:31+08:00
2017-02-07T00:19:41: 非记录时间：2017-02-07T00:19:41+08:00
2017-02-07T00:19:51: 非记录时间：2017-02-07T00:19:51+08:00
2017-02-07T00:20:01: 非记录时间：2017-02-07T00:20:01+08:00
2017-02-07T00:20:11: 非记录时间：2017-02-07T00:20:11+08:00
2017-02-07T00:20:21: 非记录时间：2017-02-07T00:20:21+08:00
2017-02-07T00:20:31: 非记录时间：2017-02-07T00:20:31+08:00
2017-02-07T00:20:41: 非记录时间：2017-02-07T00:20:41+08:00
2017-02-07T00:20:51: 非记录时间：2017-02-07T00:20:51+08:00
2017-02-07T00:21:01: 非记录时间：2017-02-07T00:21:01+08:00
2017-02-07T00:21:11: 非记录时间：2017-02-07T00:21:11+08:00
2017-02-07T00:21:21: 非记录时间：2017-02-07T00:21:21+08:00
2017-02-07T00:21:31: 非记录时间：2017-02-07T00:21:31+08:00
2017-02-07T00:21:41: 非记录时间：2017-02-07T00:21:41+08:00
2017-02-07T00:21:51: 非记录时间：2017-02-07T00:21:51+08:00
2017-02-07T00:22:01: 非记录时间：2017-02-07T00:22:01+08:00
2017-02-07T00:22:11: 非记录时间：2017-02-07T00:22:11+08:00
2017-02-07T00:22:21: 非记录时间：2017-02-07T00:22:21+08:00
2017-02-07T00:22:31: 非记录时间：2017-02-07T00:22:31+08:00
2017-02-07T00:22:41: 非记录时间：2017-02-07T00:22:41+08:00
2017-02-07T00:22:51: 非记录时间：2017-02-07T00:22:51+08:00
2017-02-07T00:23:01: 非记录时间：2017-02-07T00:23:01+08:00
2017-02-07T00:23:11: 非记录时间：2017-02-07T00:23:11+08:00
2017-02-07T00:23:21: 非记录时间：2017-02-07T00:23:21+08:00
2017-02-07T00:23:31: 非记录时间：2017-02-07T00:23:31+08:00
2017-02-07T00:23:41: 非记录时间：2017-02-07T00:23:41+08:00
2017-02-07T00:23:51: 非记录时间：2017-02-07T00:23:51+08:00
2017-02-07T00:24:01: 非记录时间：2017-02-07T00:24:01+08:00
2017-02-07T00:24:11: 非记录时间：2017-02-07T00:24:11+08:00
2017-02-07T00:24:21: 非记录时间：2017-02-07T00:24:21+08:00
2017-02-07T00:24:31: 非记录时间：2017-02-07T00:24:31+08:00
2017-02-07T00:24:41: 非记录时间：2017-02-07T00:24:41+08:00
2017-02-07T00:24:51: 非记录时间：2017-02-07T00:24:51+08:00
2017-02-07T00:25:01: 非记录时间：2017-02-07T00:25:01+08:00
2017-02-07T00:25:11: 非记录时间：2017-02-07T00:25:11+08:00
2017-02-07T00:25:21: 非记录时间：2017-02-07T00:25:21+08:00
2017-02-07T00:25:31: 非记录时间：2017-02-07T00:25:31+08:00
2017-02-07T00:25:41: 非记录时间：2017-02-07T00:25:41+08:00
2017-02-07T00:25:51: 非记录时间：2017-02-07T00:25:51+08:00
2017-02-07T00:26:01: 非记录时间：2017-02-07T00:26:01+08:00
2017-02-07T00:26:11: 非记录时间：2017-02-07T00:26:11+08:00
2017-02-07T00:26:21: 非记录时间：2017-02-07T00:26:21+08:00
2017-02-07T00:26:31: 非记录时间：2017-02-07T00:26:31+08:00
2017-02-07T00:26:41: 非记录时间：2017-02-07T00:26:41+08:00
2017-02-07T00:26:51: 非记录时间：2017-02-07T00:26:51+08:00
2017-02-07T00:27:01: 非记录时间：2017-02-07T00:27:01+08:00
2017-02-07T00:27:12: 非记录时间：2017-02-07T00:27:12+08:00
2017-02-07T00:27:22: 非记录时间：2017-02-07T00:27:22+08:00
2017-02-07T00:27:32: 非记录时间：2017-02-07T00:27:32+08:00
2017-02-07T00:27:42: 非记录时间：2017-02-07T00:27:42+08:00
2017-02-07T00:27:52: 非记录时间：2017-02-07T00:27:52+08:00
2017-02-07T00:28:02: 非记录时间：2017-02-07T00:28:02+08:00
2017-02-07T00:28:12: 非记录时间：2017-02-07T00:28:12+08:00
2017-02-07T00:28:22: 非记录时间：2017-02-07T00:28:22+08:00
2017-02-07T00:28:32: 非记录时间：2017-02-07T00:28:32+08:00
2017-02-07T00:28:42: 非记录时间：2017-02-07T00:28:42+08:00
2017-02-07T00:28:52: 非记录时间：2017-02-07T00:28:52+08:00
2017-02-07T00:29:02: 非记录时间：2017-02-07T00:29:02+08:00
2017-02-07T00:29:12: 非记录时间：2017-02-07T00:29:12+08:00
2017-02-07T00:29:22: 非记录时间：2017-02-07T00:29:22+08:00
2017-02-07T00:29:32: 非记录时间：2017-02-07T00:29:32+08:00
2017-02-07T00:29:42: 非记录时间：2017-02-07T00:29:42+08:00
2017-02-07T00:29:52: 非记录时间：2017-02-07T00:29:52+08:00
2017-02-07T00:30:02: 非记录时间：2017-02-07T00:30:02+08:00
2017-02-07T00:30:12: 非记录时间：2017-02-07T00:30:12+08:00
2017-02-07T00:30:22: 非记录时间：2017-02-07T00:30:22+08:00
2017-02-07T00:30:32: 非记录时间：2017-02-07T00:30:32+08:00
2017-02-07T00:30:42: 非记录时间：2017-02-07T00:30:42+08:00
2017-02-07T00:30:52: 非记录时间：2017-02-07T00:30:52+08:00
2017-02-07T00:31:02: 非记录时间：2017-02-07T00:31:02+08:00
2017-02-07T00:31:12: 非记录时间：2017-02-07T00:31:12+08:00
2017-02-07T00:31:22: 非记录时间：2017-02-07T00:31:22+08:00
2017-02-07T00:31:32: 非记录时间：2017-02-07T00:31:32+08:00
2017-02-07T00:31:42: 非记录时间：2017-02-07T00:31:42+08:00
2017-02-07T00:31:52: 非记录时间：2017-02-07T00:31:52+08:00
2017-02-07T00:32:02: 非记录时间：2017-02-07T00:32:02+08:00
2017-02-07T00:32:12: 非记录时间：2017-02-07T00:32:12+08:00
2017-02-07T00:32:22: 非记录时间：2017-02-07T00:32:22+08:00
2017-02-07T00:32:32: 非记录时间：2017-02-07T00:32:32+08:00
2017-02-07T00:32:42: 非记录时间：2017-02-07T00:32:42+08:00
2017-02-07T00:32:52: 非记录时间：2017-02-07T00:32:52+08:00
2017-02-07T00:33:02: 非记录时间：2017-02-07T00:33:02+08:00
2017-02-07T00:33:12: 非记录时间：2017-02-07T00:33:12+08:00
2017-02-07T00:33:22: 非记录时间：2017-02-07T00:33:22+08:00
2017-02-07T00:33:32: 非记录时间：2017-02-07T00:33:32+08:00
2017-02-07T00:33:42: 非记录时间：2017-02-07T00:33:42+08:00
2017-02-07T00:33:52: 非记录时间：2017-02-07T00:33:52+08:00
2017-02-07T00:34:02: 非记录时间：2017-02-07T00:34:02+08:00
2017-02-07T00:34:12: 非记录时间：2017-02-07T00:34:12+08:00
2017-02-07T00:34:22: 非记录时间：2017-02-07T00:34:22+08:00
2017-02-07T00:34:32: 非记录时间：2017-02-07T00:34:32+08:00
2017-02-07T00:34:42: 非记录时间：2017-02-07T00:34:42+08:00
2017-02-07T00:34:52: 非记录时间：2017-02-07T00:34:52+08:00
2017-02-07T00:35:02: 非记录时间：2017-02-07T00:35:02+08:00
2017-02-07T00:35:12: 非记录时间：2017-02-07T00:35:12+08:00
2017-02-07T00:35:22: 非记录时间：2017-02-07T00:35:22+08:00
2017-02-07T00:35:32: 非记录时间：2017-02-07T00:35:32+08:00
2017-02-07T00:35:42: 非记录时间：2017-02-07T00:35:42+08:00
2017-02-07T00:35:52: 非记录时间：2017-02-07T00:35:52+08:00
2017-02-07T00:36:02: 非记录时间：2017-02-07T00:36:02+08:00
2017-02-07T00:36:12: 非记录时间：2017-02-07T00:36:12+08:00
2017-02-07T00:36:22: 非记录时间：2017-02-07T00:36:22+08:00
2017-02-07T00:36:32: 非记录时间：2017-02-07T00:36:32+08:00
2017-02-07T00:36:42: 非记录时间：2017-02-07T00:36:42+08:00
2017-02-07T00:36:52: 非记录时间：2017-02-07T00:36:52+08:00
2017-02-07T00:37:02: 非记录时间：2017-02-07T00:37:02+08:00
2017-02-07T00:37:12: 非记录时间：2017-02-07T00:37:12+08:00
2017-02-07T00:37:22: 非记录时间：2017-02-07T00:37:22+08:00
2017-02-07T00:37:32: 非记录时间：2017-02-07T00:37:32+08:00
2017-02-07T00:37:42: 非记录时间：2017-02-07T00:37:42+08:00
2017-02-07T00:37:52: 非记录时间：2017-02-07T00:37:52+08:00
2017-02-07T00:38:02: 非记录时间：2017-02-07T00:38:02+08:00
2017-02-07T00:38:12: 非记录时间：2017-02-07T00:38:12+08:00
2017-02-07T00:38:22: 非记录时间：2017-02-07T00:38:22+08:00
2017-02-07T00:38:32: 非记录时间：2017-02-07T00:38:32+08:00
2017-02-07T00:38:42: 非记录时间：2017-02-07T00:38:42+08:00
2017-02-07T00:38:52: 非记录时间：2017-02-07T00:38:52+08:00
2017-02-07T00:39:02: 非记录时间：2017-02-07T00:39:02+08:00
2017-02-07T00:39:12: 非记录时间：2017-02-07T00:39:12+08:00
2017-02-07T00:39:22: 非记录时间：2017-02-07T00:39:22+08:00
2017-02-07T00:39:32: 非记录时间：2017-02-07T00:39:32+08:00
2017-02-07T00:39:42: 非记录时间：2017-02-07T00:39:42+08:00
2017-02-07T00:39:52: 非记录时间：2017-02-07T00:39:52+08:00
2017-02-07T00:40:02: 非记录时间：2017-02-07T00:40:02+08:00
2017-02-07T00:40:12: 非记录时间：2017-02-07T00:40:12+08:00
2017-02-07T00:40:22: 非记录时间：2017-02-07T00:40:22+08:00
2017-02-07T00:40:32: 非记录时间：2017-02-07T00:40:32+08:00
2017-02-07T00:40:42: 非记录时间：2017-02-07T00:40:42+08:00
2017-02-07T00:40:52: 非记录时间：2017-02-07T00:40:52+08:00
2017-02-07T00:41:02: 非记录时间：2017-02-07T00:41:02+08:00
2017-02-07T00:41:12: 非记录时间：2017-02-07T00:41:12+08:00
2017-02-07T00:41:22: 非记录时间：2017-02-07T00:41:22+08:00
2017-02-07T00:41:32: 非记录时间：2017-02-07T00:41:32+08:00
2017-02-07T00:41:42: 非记录时间：2017-02-07T00:41:42+08:00
2017-02-07T00:41:52: 非记录时间：2017-02-07T00:41:52+08:00
2017-02-07T00:42:02: 非记录时间：2017-02-07T00:42:02+08:00
2017-02-07T00:42:12: 非记录时间：2017-02-07T00:42:12+08:00
2017-02-07T00:42:22: 非记录时间：2017-02-07T00:42:22+08:00
2017-02-07T00:42:32: 非记录时间：2017-02-07T00:42:32+08:00
2017-02-07T00:42:42: 非记录时间：2017-02-07T00:42:42+08:00
2017-02-07T00:42:52: 非记录时间：2017-02-07T00:42:52+08:00
2017-02-07T00:43:02: 非记录时间：2017-02-07T00:43:02+08:00
2017-02-07T00:43:12: 非记录时间：2017-02-07T00:43:12+08:00
2017-02-07T00:43:22: 非记录时间：2017-02-07T00:43:22+08:00
2017-02-07T00:43:32: 非记录时间：2017-02-07T00:43:32+08:00
2017-02-07T00:43:42: 非记录时间：2017-02-07T00:43:42+08:00
2017-02-07T00:43:52: 非记录时间：2017-02-07T00:43:52+08:00
2017-02-07T00:44:02: 非记录时间：2017-02-07T00:44:02+08:00
2017-02-07T00:44:12: 非记录时间：2017-02-07T00:44:12+08:00
2017-02-07T00:44:22: 非记录时间：2017-02-07T00:44:22+08:00
2017-02-07T00:44:32: 非记录时间：2017-02-07T00:44:32+08:00
2017-02-07T00:44:42: 非记录时间：2017-02-07T00:44:42+08:00
2017-02-07T00:44:52: 非记录时间：2017-02-07T00:44:52+08:00
2017-02-07T00:45:02: 非记录时间：2017-02-07T00:45:02+08:00
2017-02-07T00:45:12: 非记录时间：2017-02-07T00:45:12+08:00
2017-02-07T00:45:22: 非记录时间：2017-02-07T00:45:22+08:00
2017-02-07T00:45:32: 非记录时间：2017-02-07T00:45:32+08:00
2017-02-07T00:45:42: 非记录时间：2017-02-07T00:45:42+08:00
2017-02-07T00:45:52: 非记录时间：2017-02-07T00:45:52+08:00
2017-02-07T00:46:02: 非记录时间：2017-02-07T00:46:02+08:00
2017-02-07T00:46:12: 非记录时间：2017-02-07T00:46:12+08:00
2017-02-07T00:46:22: 非记录时间：2017-02-07T00:46:22+08:00
2017-02-07T00:46:32: 非记录时间：2017-02-07T00:46:32+08:00
2017-02-07T00:46:42: 非记录时间：2017-02-07T00:46:42+08:00
2017-02-07T00:46:52: 非记录时间：2017-02-07T00:46:52+08:00
2017-02-07T00:47:02: 非记录时间：2017-02-07T00:47:02+08:00
2017-02-07T00:47:12: 非记录时间：2017-02-07T00:47:12+08:00
2017-02-07T00:47:22: 非记录时间：2017-02-07T00:47:22+08:00
2017-02-07T00:47:32: 非记录时间：2017-02-07T00:47:32+08:00
2017-02-07T00:47:42: 非记录时间：2017-02-07T00:47:42+08:00
2017-02-07T00:47:52: 非记录时间：2017-02-07T00:47:52+08:00
2017-02-07T00:48:02: 非记录时间：2017-02-07T00:48:02+08:00
2017-02-07T00:48:12: 非记录时间：2017-02-07T00:48:12+08:00
2017-02-07T00:48:22: 非记录时间：2017-02-07T00:48:22+08:00
2017-02-07T00:48:32: 非记录时间：2017-02-07T00:48:32+08:00
2017-02-07T00:48:42: 非记录时间：2017-02-07T00:48:42+08:00
2017-02-07T00:48:52: 非记录时间：2017-02-07T00:48:52+08:00
2017-02-07T00:49:02: 非记录时间：2017-02-07T00:49:02+08:00
2017-02-07T00:49:12: 非记录时间：2017-02-07T00:49:12+08:00
2017-02-07T00:49:22: 非记录时间：2017-02-07T00:49:22+08:00
2017-02-07T00:49:32: 非记录时间：2017-02-07T00:49:32+08:00
2017-02-07T00:49:42: 非记录时间：2017-02-07T00:49:42+08:00
2017-02-07T00:49:52: 非记录时间：2017-02-07T00:49:52+08:00
2017-02-07T00:50:02: 非记录时间：2017-02-07T00:50:02+08:00
2017-02-07T00:50:12: 非记录时间：2017-02-07T00:50:12+08:00
2017-02-07T00:50:22: 非记录时间：2017-02-07T00:50:22+08:00
2017-02-07T00:50:32: 非记录时间：2017-02-07T00:50:32+08:00
2017-02-07T00:50:42: 非记录时间：2017-02-07T00:50:42+08:00
2017-02-07T00:50:52: 非记录时间：2017-02-07T00:50:52+08:00
2017-02-07T00:51:02: 非记录时间：2017-02-07T00:51:02+08:00
2017-02-07T00:51:12: 非记录时间：2017-02-07T00:51:12+08:00
2017-02-07T00:51:22: 非记录时间：2017-02-07T00:51:22+08:00
2017-02-07T00:51:32: 非记录时间：2017-02-07T00:51:32+08:00
2017-02-07T00:51:42: 非记录时间：2017-02-07T00:51:42+08:00
2017-02-07T00:51:52: 非记录时间：2017-02-07T00:51:52+08:00
2017-02-07T00:52:02: 非记录时间：2017-02-07T00:52:02+08:00
2017-02-07T00:52:12: 非记录时间：2017-02-07T00:52:12+08:00
2017-02-07T00:52:22: 非记录时间：2017-02-07T00:52:22+08:00
2017-02-07T00:52:32: 非记录时间：2017-02-07T00:52:32+08:00
2017-02-07T00:52:42: 非记录时间：2017-02-07T00:52:42+08:00
2017-02-07T00:52:52: 非记录时间：2017-02-07T00:52:52+08:00
2017-02-07T00:53:02: 非记录时间：2017-02-07T00:53:02+08:00
2017-02-07T00:53:12: 非记录时间：2017-02-07T00:53:12+08:00
2017-02-07T00:53:22: 非记录时间：2017-02-07T00:53:22+08:00
2017-02-07T00:53:32: 非记录时间：2017-02-07T00:53:32+08:00
2017-02-07T00:53:42: 非记录时间：2017-02-07T00:53:42+08:00
2017-02-07T00:53:52: 非记录时间：2017-02-07T00:53:52+08:00
2017-02-07T00:54:02: 非记录时间：2017-02-07T00:54:02+08:00
2017-02-07T00:54:12: 非记录时间：2017-02-07T00:54:12+08:00
2017-02-07T00:54:22: 非记录时间：2017-02-07T00:54:22+08:00
2017-02-07T00:54:32: 非记录时间：2017-02-07T00:54:32+08:00
2017-02-07T00:54:42: 非记录时间：2017-02-07T00:54:42+08:00
2017-02-07T00:54:52: 非记录时间：2017-02-07T00:54:52+08:00
2017-02-07T00:55:02: 非记录时间：2017-02-07T00:55:02+08:00
2017-02-07T00:55:12: 非记录时间：2017-02-07T00:55:12+08:00
2017-02-07T00:55:22: 非记录时间：2017-02-07T00:55:22+08:00
2017-02-07T00:55:32: 非记录时间：2017-02-07T00:55:32+08:00
2017-02-07T00:55:42: 非记录时间：2017-02-07T00:55:42+08:00
2017-02-07T00:55:52: 非记录时间：2017-02-07T00:55:52+08:00
2017-02-07T00:56:02: 非记录时间：2017-02-07T00:56:02+08:00
2017-02-07T00:56:12: 非记录时间：2017-02-07T00:56:12+08:00
2017-02-07T00:56:22: 非记录时间：2017-02-07T00:56:22+08:00
2017-02-07T00:56:32: 非记录时间：2017-02-07T00:56:32+08:00
2017-02-07T00:56:42: 非记录时间：2017-02-07T00:56:42+08:00
2017-02-07T00:56:52: 非记录时间：2017-02-07T00:56:52+08:00
2017-02-07T00:57:02: 非记录时间：2017-02-07T00:57:02+08:00
2017-02-07T00:57:12: 非记录时间：2017-02-07T00:57:12+08:00
2017-02-07T00:57:22: 非记录时间：2017-02-07T00:57:22+08:00
2017-02-07T00:57:32: 非记录时间：2017-02-07T00:57:32+08:00
2017-02-07T00:57:42: 非记录时间：2017-02-07T00:57:42+08:00
2017-02-07T00:57:52: 非记录时间：2017-02-07T00:57:52+08:00
2017-02-07T00:58:02: 非记录时间：2017-02-07T00:58:02+08:00
2017-02-07T00:58:12: 非记录时间：2017-02-07T00:58:12+08:00
2017-02-07T00:58:22: 非记录时间：2017-02-07T00:58:22+08:00
2017-02-07T00:58:32: 非记录时间：2017-02-07T00:58:32+08:00
2017-02-07T00:58:42: 非记录时间：2017-02-07T00:58:42+08:00
2017-02-07T00:58:52: 非记录时间：2017-02-07T00:58:52+08:00
2017-02-07T00:59:02: 非记录时间：2017-02-07T00:59:02+08:00
2017-02-07T00:59:12: 非记录时间：2017-02-07T00:59:12+08:00
2017-02-07T00:59:22: 非记录时间：2017-02-07T00:59:22+08:00
2017-02-07T00:59:32: 非记录时间：2017-02-07T00:59:32+08:00
2017-02-07T00:59:42: 非记录时间：2017-02-07T00:59:42+08:00
2017-02-07T00:59:52: 非记录时间：2017-02-07T00:59:52+08:00
2017-02-07T01:00:02: 非记录时间：2017-02-07T01:00:02+08:00
2017-02-07T01:00:12: 非记录时间：2017-02-07T01:00:12+08:00
2017-02-07T01:00:22: 非记录时间：2017-02-07T01:00:22+08:00
2017-02-07T01:00:32: 非记录时间：2017-02-07T01:00:32+08:00
2017-02-07T01:00:42: 非记录时间：2017-02-07T01:00:42+08:00
2017-02-07T01:00:52: 非记录时间：2017-02-07T01:00:52+08:00
2017-02-07T01:01:02: 非记录时间：2017-02-07T01:01:02+08:00
2017-02-07T01:01:12: 非记录时间：2017-02-07T01:01:12+08:00
2017-02-07T01:01:22: 非记录时间：2017-02-07T01:01:22+08:00
2017-02-07T01:01:32: 非记录时间：2017-02-07T01:01:32+08:00
2017-02-07T01:01:42: 非记录时间：2017-02-07T01:01:42+08:00
2017-02-07T01:01:52: 非记录时间：2017-02-07T01:01:52+08:00
2017-02-07T01:02:02: 非记录时间：2017-02-07T01:02:02+08:00
2017-02-07T01:02:12: 非记录时间：2017-02-07T01:02:12+08:00
2017-02-07T01:02:22: 非记录时间：2017-02-07T01:02:22+08:00
2017-02-07T01:02:32: 非记录时间：2017-02-07T01:02:32+08:00
2017-02-07T01:02:42: 非记录时间：2017-02-07T01:02:42+08:00
2017-02-07T01:02:52: 非记录时间：2017-02-07T01:02:52+08:00
2017-02-07T01:03:02: 非记录时间：2017-02-07T01:03:02+08:00
2017-02-07T01:03:12: 非记录时间：2017-02-07T01:03:12+08:00
2017-02-07T01:03:22: 非记录时间：2017-02-07T01:03:22+08:00
2017-02-07T01:03:32: 非记录时间：2017-02-07T01:03:32+08:00
2017-02-07T01:03:42: 非记录时间：2017-02-07T01:03:42+08:00
2017-02-07T01:03:52: 非记录时间：2017-02-07T01:03:52+08:00
2017-02-07T01:04:02: 非记录时间：2017-02-07T01:04:02+08:00
2017-02-07T01:04:12: 非记录时间：2017-02-07T01:04:12+08:00
2017-02-07T01:04:22: 非记录时间：2017-02-07T01:04:22+08:00
2017-02-07T01:04:32: 非记录时间：2017-02-07T01:04:32+08:00
2017-02-07T01:04:42: 非记录时间：2017-02-07T01:04:42+08:00
2017-02-07T01:04:52: 非记录时间：2017-02-07T01:04:52+08:00
2017-02-07T01:05:02: 非记录时间：2017-02-07T01:05:02+08:00
2017-02-07T01:05:12: 非记录时间：2017-02-07T01:05:12+08:00
2017-02-07T01:05:22: 非记录时间：2017-02-07T01:05:22+08:00
2017-02-07T01:05:32: 非记录时间：2017-02-07T01:05:32+08:00
2017-02-07T01:05:42: 非记录时间：2017-02-07T01:05:42+08:00
2017-02-07T01:05:52: 非记录时间：2017-02-07T01:05:52+08:00
2017-02-07T01:06:02: 非记录时间：2017-02-07T01:06:02+08:00
2017-02-07T01:06:12: 非记录时间：2017-02-07T01:06:12+08:00
2017-02-07T01:06:22: 非记录时间：2017-02-07T01:06:22+08:00
2017-02-07T01:06:32: 非记录时间：2017-02-07T01:06:32+08:00
2017-02-07T01:06:42: 非记录时间：2017-02-07T01:06:42+08:00
2017-02-07T01:06:52: 非记录时间：2017-02-07T01:06:52+08:00
2017-02-07T01:07:02: 非记录时间：2017-02-07T01:07:02+08:00
2017-02-07T01:07:12: 非记录时间：2017-02-07T01:07:12+08:00
2017-02-07T01:07:22: 非记录时间：2017-02-07T01:07:22+08:00
2017-02-07T01:07:32: 非记录时间：2017-02-07T01:07:32+08:00
2017-02-07T01:07:42: 非记录时间：2017-02-07T01:07:42+08:00
2017-02-07T01:07:52: 非记录时间：2017-02-07T01:07:52+08:00
2017-02-07T01:08:02: 非记录时间：2017-02-07T01:08:02+08:00
2017-02-07T01:08:12: 非记录时间：2017-02-07T01:08:12+08:00
2017-02-07T01:08:22: 非记录时间：2017-02-07T01:08:22+08:00
2017-02-07T01:08:32: 非记录时间：2017-02-07T01:08:32+08:00
2017-02-07T01:08:42: 非记录时间：2017-02-07T01:08:42+08:00
2017-02-07T01:08:52: 非记录时间：2017-02-07T01:08:52+08:00
2017-02-07T01:09:02: 非记录时间：2017-02-07T01:09:02+08:00
2017-02-07T01:09:12: 非记录时间：2017-02-07T01:09:12+08:00
2017-02-07T01:09:22: 非记录时间：2017-02-07T01:09:22+08:00
2017-02-07T01:09:32: 非记录时间：2017-02-07T01:09:32+08:00
2017-02-07T01:09:42: 非记录时间：2017-02-07T01:09:42+08:00
2017-02-07T01:09:52: 非记录时间：2017-02-07T01:09:52+08:00
2017-02-07T01:10:02: 非记录时间：2017-02-07T01:10:02+08:00
2017-02-07T01:10:12: 非记录时间：2017-02-07T01:10:12+08:00
2017-02-07T01:10:22: 非记录时间：2017-02-07T01:10:22+08:00
2017-02-07T01:10:32: 非记录时间：2017-02-07T01:10:32+08:00
2017-02-07T01:10:42: 非记录时间：2017-02-07T01:10:42+08:00
2017-02-07T01:10:52: 非记录时间：2017-02-07T01:10:52+08:00
2017-02-07T01:11:03: 读取文件失败，可能是该文件不存在
2017-02-07T01:11:03: Error: ENOENT: no such file or directory, open './data/2017-02-07.json'
2017-02-07T01:11:13: 读取文件成功
2017-02-07T01:11:23: 读取文件成功
2017-02-07T01:11:33: 读取文件成功
2017-02-07T01:11:43: 读取文件成功
2017-02-07T01:11:53: 读取文件成功
2017-02-07T01:12:03: 读取文件成功
2017-02-07T01:12:13: 读取文件成功
2017-02-07T01:12:23: 读取文件成功
2017-02-07T01:12:33: 读取文件成功
2017-02-07T01:12:43: 读取文件成功
2017-02-07T01:12:53: 读取文件成功
2017-02-07T01:13:03: 读取文件成功
2017-02-07T01:13:13: 读取文件成功
2017-02-07T01:13:23: 读取文件成功
2017-02-07T01:13:33: 读取文件成功
2017-02-07T01:13:43: 读取文件成功
2017-02-07T01:13:53: 读取文件成功
2017-02-07T01:14:03: 读取文件成功
2017-02-07T01:14:13: 读取文件成功
2017-02-07T01:14:23: 读取文件成功
2017-02-07T01:14:33: 读取文件成功
2017-02-07T01:14:43: 读取文件成功
2017-02-07T01:14:53: 读取文件成功
2017-02-07T01:15:03: 读取文件成功
2017-02-07T01:15:13: 读取文件成功
2017-02-07T01:15:23: 读取文件成功
2017-02-07T01:15:33: 读取文件成功
2017-02-07T01:15:43: 读取文件成功
2017-02-07T01:15:53: 读取文件成功
2017-02-07T01:16:03: 读取文件成功
2017-02-07T01:16:13: 读取文件成功
2017-02-07T01:16:23: 读取文件成功
2017-02-07T01:16:33: 读取文件成功
2017-02-07T01:16:43: 读取文件成功
2017-02-07T01:16:53: 读取文件成功
2017-02-07T01:17:03: 读取文件成功
2017-02-07T01:17:13: 读取文件成功
2017-02-07T01:17:23: 读取文件成功
2017-02-07T01:17:33: 读取文件成功
2017-02-07T01:17:43: 读取文件成功
2017-02-07T01:17:53: 读取文件成功
2017-02-07T01:18:03: 读取文件成功
2017-02-07T01:18:13: 读取文件成功
2017-02-07T01:18:23: 读取文件成功
2017-02-07T01:18:33: 读取文件成功
2017-02-07T01:18:43: 读取文件成功
2017-02-07T01:18:53: 读取文件成功
2017-02-07T01:19:03: 读取文件成功
2017-02-07T01:19:13: 读取文件成功
2017-02-07T01:19:23: 读取文件成功
2017-02-07T01:19:33: 读取文件成功
2017-02-07T01:19:43: 读取文件成功
2017-02-07T01:19:53: 读取文件成功
2017-02-07T01:20:03: 读取文件成功
2017-02-07T01:20:13: 读取文件成功
2017-02-07T01:20:23: 读取文件成功
2017-02-07T01:20:33: 读取文件成功
2017-02-07T01:20:43: 读取文件成功
2017-02-07T01:20:53: 读取文件成功
2017-02-07T01:21:03: 读取文件成功
2017-02-07T01:21:13: 读取文件成功
2017-02-07T01:21:23: 读取文件成功
2017-02-07T01:21:33: 读取文件成功
2017-02-07T01:21:43: 读取文件成功
2017-02-07T01:21:53: 读取文件成功
2017-02-07T01:22:03: 读取文件成功
2017-02-07T01:22:13: 读取文件成功
2017-02-07T01:22:23: 读取文件成功
2017-02-07T01:22:33: 读取文件成功
2017-02-07T01:22:43: 读取文件成功
2017-02-07T01:22:53: 读取文件成功
2017-02-07T01:23:03: 读取文件成功
2017-02-07T01:23:13: 读取文件成功
2017-02-07T01:23:23: 读取文件成功
2017-02-07T01:23:33: 读取文件成功
2017-02-07T01:23:43: 读取文件成功
2017-02-07T01:23:53: 读取文件成功
2017-02-07T01:24:03: 读取文件成功
2017-02-07T01:24:13: 读取文件成功
2017-02-07T01:24:23: 读取文件成功
2017-02-07T01:24:33: 读取文件成功
2017-02-07T01:24:43: 读取文件成功
2017-02-07T01:24:53: 读取文件成功
2017-02-07T01:25:04: 读取文件成功
2017-02-07T01:25:14: 读取文件成功
2017-02-07T01:25:23: 读取文件成功
2017-02-07T01:25:33: 读取文件成功
2017-02-07T01:25:43: 读取文件成功
2017-02-07T01:25:53: 读取文件成功
2017-02-07T01:26:04: 读取文件成功
2017-02-07T01:26:13: 读取文件成功
2017-02-07T01:26:23: 读取文件成功
2017-02-07T01:26:34: 读取文件成功
2017-02-07T01:26:43: 读取文件成功
2017-02-07T01:26:53: 读取文件成功
2017-02-07T01:27:04: 读取文件成功
2017-02-07T01:27:14: 读取文件成功
2017-02-07T01:27:24: 读取文件成功
2017-02-07T01:27:34: 读取文件成功
2017-02-07T01:27:44: 读取文件成功
2017-02-07T01:27:54: 读取文件成功
2017-02-07T01:28:04: 读取文件成功
2017-02-07T01:28:14: 读取文件成功
2017-02-07T01:28:24: 读取文件成功
2017-02-07T01:28:34: 读取文件成功
2017-02-07T01:28:44: 读取文件成功
2017-02-07T01:28:54: 读取文件成功
2017-02-07T01:29:04: 读取文件成功
2017-02-07T01:29:14: 读取文件成功
2017-02-07T01:29:24: 读取文件成功
2017-02-07T01:29:34: 读取文件成功
2017-02-07T01:29:44: 读取文件成功
2017-02-07T01:29:54: 读取文件成功
2017-02-07T01:30:04: 读取文件成功
2017-02-07T01:30:14: 读取文件成功
2017-02-07T01:30:24: 读取文件成功
2017-02-07T01:30:34: 读取文件成功
2017-02-07T01:30:44: 读取文件成功
2017-02-07T01:30:54: 读取文件成功
2017-02-07T01:31:04: 读取文件成功
2017-02-07T01:31:14: 读取文件成功
2017-02-07T01:31:24: 读取文件成功
2017-02-07T01:31:34: 读取文件成功
2017-02-07T01:31:44: 读取文件成功
2017-02-07T01:31:54: 读取文件成功
2017-02-07T01:32:04: 读取文件成功
2017-02-07T01:32:14: 读取文件成功
2017-02-07T01:32:24: 读取文件成功
2017-02-07T01:32:34: 读取文件成功
2017-02-07T01:32:44: 读取文件成功
2017-02-07T01:32:54: 读取文件成功
2017-02-07T01:33:04: 读取文件成功
2017-02-07T01:33:14: 读取文件成功
2017-02-07T01:33:24: 读取文件成功
2017-02-07T01:33:34: 读取文件成功
2017-02-07T01:33:44: 读取文件成功
2017-02-07T01:33:54: 读取文件成功
2017-02-07T01:34:04: 读取文件成功
2017-02-07T01:34:14: 读取文件成功
2017-02-07T01:34:24: 读取文件成功
2017-02-07T01:34:34: 读取文件成功
2017-02-07T01:34:44: 读取文件成功
2017-02-07T01:34:54: 读取文件成功
2017-02-07T01:35:04: 读取文件成功
2017-02-07T01:35:14: 读取文件成功
2017-02-07T01:35:24: 读取文件成功
2017-02-07T01:35:34: 读取文件成功
2017-02-07T01:35:44: 读取文件成功
2017-02-07T01:35:54: 读取文件成功
2017-02-07T01:36:04: 读取文件成功
2017-02-07T01:36:14: 读取文件成功
2017-02-07T01:36:24: 读取文件成功
2017-02-07T01:36:34: 读取文件成功
2017-02-07T01:36:44: 读取文件成功
2017-02-07T01:36:54: 读取文件成功
2017-02-07T01:37:04: 读取文件成功
2017-02-07T01:37:14: 读取文件成功
2017-02-07T01:37:24: 读取文件成功
2017-02-07T01:37:34: 读取文件成功
2017-02-07T01:37:44: 读取文件成功
2017-02-07T01:37:54: 读取文件成功
2017-02-07T01:38:04: 读取文件成功
2017-02-07T01:38:14: 读取文件成功
2017-02-07T01:38:24: 读取文件成功
2017-02-07T01:38:34: 读取文件成功
2017-02-07T01:38:44: 读取文件成功
2017-02-07T01:38:54: 读取文件成功
2017-02-07T01:39:04: 读取文件成功
2017-02-07T01:39:14: 读取文件成功
2017-02-07T01:39:24: 读取文件成功
2017-02-07T01:39:34: 读取文件成功
2017-02-07T01:39:44: 读取文件成功
2017-02-07T01:39:54: 读取文件成功
2017-02-07T01:40:04: 读取文件成功
2017-02-07T01:40:14: 读取文件成功
2017-02-07T01:40:24: 读取文件成功
2017-02-07T01:40:34: 读取文件成功
2017-02-07T01:40:44: 读取文件成功
2017-02-07T01:40:54: 读取文件成功
2017-02-07T01:41:05: 读取文件成功
2017-02-07T01:41:14: 读取文件成功
2017-02-07T01:41:24: 读取文件成功
2017-02-07T01:41:34: 读取文件成功
2017-02-07T01:41:44: 读取文件成功
2017-02-07T01:41:54: 读取文件成功
2017-02-07T01:42:04: 读取文件成功
2017-02-07T01:42:14: 读取文件成功
2017-02-07T01:42:24: 读取文件成功
2017-02-07T01:42:34: 读取文件成功
2017-02-07T01:42:44: 读取文件成功
2017-02-07T01:42:54: 读取文件成功
2017-02-07T01:43:04: 读取文件成功
2017-02-07T01:43:14: 读取文件成功
2017-02-07T01:43:24: 读取文件成功
2017-02-07T01:43:34: 读取文件成功
2017-02-07T01:43:44: 读取文件成功
2017-02-07T01:43:54: 读取文件成功
2017-02-07T01:44:04: 读取文件成功
2017-02-07T01:44:14: 读取文件成功
2017-02-07T01:44:24: 读取文件成功
2017-02-07T01:44:34: 读取文件成功
2017-02-07T01:44:44: 读取文件成功
2017-02-07T01:44:54: 读取文件成功
2017-02-07T01:45:04: 读取文件成功
2017-02-07T01:45:14: 读取文件成功
2017-02-07T01:45:24: 读取文件成功
2017-02-07T01:45:34: 读取文件成功
2017-02-07T01:45:45: 读取文件成功
2017-02-07T01:45:55: 读取文件成功
2017-02-07T01:46:05: 读取文件成功
2017-02-07T01:46:15: 读取文件成功
2017-02-07T01:46:25: 读取文件成功
2017-02-07T01:46:35: 读取文件成功
2017-02-07T01:46:45: 读取文件成功
2017-02-07T01:46:55: 读取文件成功
2017-02-07T01:47:05: 读取文件成功
2017-02-07T01:47:15: 读取文件成功
2017-02-07T01:47:25: 读取文件成功
2017-02-07T01:47:35: 读取文件成功
2017-02-07T01:47:45: 读取文件成功
2017-02-07T01:47:55: 读取文件成功
2017-02-07T01:48:05: 读取文件成功
2017-02-07T01:48:15: 读取文件成功
2017-02-07T01:48:25: 读取文件成功
2017-02-07T01:48:35: 读取文件成功
2017-02-07T01:48:45: 读取文件成功
2017-02-07T01:48:55: 读取文件成功
2017-02-07T01:49:05: 读取文件成功
2017-02-07T01:49:15: 读取文件成功
2017-02-07T01:49:25: 读取文件成功
2017-02-07T01:49:35: 读取文件成功
2017-02-07T01:49:45: 读取文件成功
2017-02-07T01:49:55: 读取文件成功
2017-02-07T01:50:05: 读取文件成功
2017-02-07T01:50:15: 读取文件成功
2017-02-07T01:50:25: 读取文件成功
2017-02-07T01:50:35: 读取文件成功
2017-02-07T01:50:45: 读取文件成功
2017-02-07T01:50:55: 读取文件成功
2017-02-07T01:51:05: 读取文件成功
2017-02-07T01:51:15: 读取文件成功
2017-02-07T01:51:25: 读取文件成功
2017-02-07T01:51:35: 读取文件成功
2017-02-07T01:51:45: 读取文件成功
2017-02-07T01:51:55: 读取文件成功
2017-02-07T01:52:05: 读取文件成功
2017-02-07T01:52:15: 读取文件成功
2017-02-07T01:52:25: 读取文件成功
2017-02-07T01:52:35: 读取文件成功
2017-02-07T01:52:45: 读取文件成功
2017-02-07T01:52:55: 读取文件成功
2017-02-07T01:53:05: 读取文件成功
2017-02-07T01:53:15: 读取文件成功
2017-02-07T01:53:25: 读取文件成功
2017-02-07T01:53:35: 读取文件成功
2017-02-07T01:53:45: 读取文件成功
2017-02-07T01:53:55: 读取文件成功
2017-02-07T01:54:05: 读取文件成功
2017-02-07T01:54:15: 读取文件成功
2017-02-07T01:54:25: 读取文件成功
2017-02-07T01:54:35: 读取文件成功
2017-02-07T01:54:45: 读取文件成功
2017-02-07T01:54:55: 读取文件成功
2017-02-07T01:55:05: 读取文件成功
2017-02-07T01:55:15: 读取文件成功
2017-02-07T01:55:25: 读取文件成功
2017-02-07T01:55:35: 读取文件成功
2017-02-07T01:55:45: 读取文件成功
2017-02-07T01:55:55: 读取文件成功
2017-02-07T01:56:05: 读取文件成功
2017-02-07T01:56:15: 读取文件成功
2017-02-07T01:56:25: 读取文件成功
2017-02-07T01:56:35: 读取文件成功
2017-02-07T01:56:45: 读取文件成功
2017-02-07T01:56:55: 读取文件成功
2017-02-07T01:57:05: 读取文件成功
2017-02-07T01:57:15: 读取文件成功
2017-02-07T01:57:25: 读取文件成功
2017-02-07T01:57:35: 读取文件成功
2017-02-07T01:57:45: 读取文件成功
2017-02-07T01:57:55: 读取文件成功
2017-02-07T01:58:05: 读取文件成功
2017-02-07T01:58:15: 读取文件成功
2017-02-07T01:58:25: 读取文件成功
2017-02-07T01:58:35: 读取文件成功
2017-02-07T01:58:45: 读取文件成功
2017-02-07T01:58:55: 读取文件成功
2017-02-07T01:59:05: 读取文件成功
2017-02-07T01:59:15: 读取文件成功
2017-02-07T01:59:25: 读取文件成功
2017-02-07T01:59:35: 读取文件成功
2017-02-07T01:59:45: 读取文件成功
2017-02-07T01:59:55: 读取文件成功
2017-02-07T02:00:05: 读取文件成功
2017-02-07T02:00:15: 读取文件成功
2017-02-07T02:00:25: 读取文件成功
2017-02-07T02:00:35: 读取文件成功
2017-02-07T02:00:45: 读取文件成功
2017-02-07T02:00:55: 读取文件成功
2017-02-07T02:01:05: 读取文件成功
2017-02-07T02:01:15: 读取文件成功
2017-02-07T02:01:25: 读取文件成功
2017-02-07T02:01:35: 读取文件成功
2017-02-07T02:01:45: 读取文件成功
2017-02-07T02:01:55: 读取文件成功
2017-02-07T02:02:05: 读取文件成功
2017-02-07T02:02:15: 读取文件成功
2017-02-07T02:02:26: 读取文件成功
2017-02-07T02:02:35: 读取文件成功
2017-02-07T02:02:45: 读取文件成功
2017-02-07T02:02:55: 读取文件成功
2017-02-07T02:03:05: 读取文件成功
2017-02-07T02:03:16: 读取文件成功
2017-02-07T02:03:26: 读取文件成功
2017-02-07T02:03:36: 读取文件成功
2017-02-07T02:03:46: 读取文件成功
2017-02-07T02:03:56: 读取文件成功
2017-02-07T02:04:06: 读取文件成功
2017-02-07T02:04:16: 读取文件成功
2017-02-07T02:04:26: 读取文件成功
2017-02-07T02:04:36: 读取文件成功
2017-02-07T02:04:46: 读取文件成功
2017-02-07T02:04:56: 读取文件成功
2017-02-07T02:05:06: 读取文件成功
2017-02-07T02:05:16: 读取文件成功
2017-02-07T02:05:26: 读取文件成功
2017-02-07T02:05:36: 读取文件成功
2017-02-07T02:05:46: 读取文件成功
2017-02-07T02:05:56: 读取文件成功
2017-02-07T02:06:06: 读取文件成功
2017-02-07T02:06:16: 读取文件成功
2017-02-07T02:06:26: 读取文件成功
2017-02-07T02:06:36: 读取文件成功
2017-02-07T02:06:46: 读取文件成功
2017-02-07T02:06:56: 读取文件成功
2017-02-07T02:07:06: 读取文件成功
2017-02-07T02:07:16: 读取文件成功
2017-02-07T02:07:26: 读取文件成功
2017-02-07T02:07:36: 读取文件成功
2017-02-07T02:07:46: 读取文件成功
2017-02-07T02:07:56: 读取文件成功
2017-02-07T02:08:06: 读取文件成功
2017-02-07T02:08:16: 读取文件成功
2017-02-07T02:08:26: 读取文件成功
2017-02-07T02:08:36: 读取文件成功
2017-02-07T02:08:46: 读取文件成功
2017-02-07T02:08:56: 读取文件成功
2017-02-07T02:09:06: 读取文件成功
2017-02-07T02:09:16: 读取文件成功
2017-02-07T02:09:26: 读取文件成功
2017-02-07T02:09:36: 读取文件成功
2017-02-07T02:09:46: 读取文件成功
2017-02-07T02:09:56: 读取文件成功
2017-02-07T02:10:06: 读取文件成功
2017-02-07T02:10:16: 读取文件成功
2017-02-07T02:10:26: 读取文件成功
2017-02-07T02:10:36: 读取文件成功
2017-02-07T02:10:46: 读取文件成功
2017-02-07T02:10:56: 读取文件成功
2017-02-07T02:11:06: 读取文件成功
2017-02-07T02:11:16: 读取文件成功
2017-02-07T02:11:26: 读取文件成功
2017-02-07T02:11:36: 读取文件成功
2017-02-07T02:11:46: 读取文件成功
2017-02-07T02:11:56: 读取文件成功
2017-02-07T02:12:06: 读取文件成功
2017-02-07T02:12:16: 读取文件成功
2017-02-07T02:12:26: 读取文件成功
2017-02-07T02:12:36: 读取文件成功
2017-02-07T02:12:46: 读取文件成功
2017-02-07T02:12:56: 读取文件成功
2017-02-07T02:13:06: 读取文件成功
2017-02-07T02:13:16: 读取文件成功
2017-02-07T02:13:26: 读取文件成功
2017-02-07T02:13:36: 读取文件成功
2017-02-07T02:13:46: 读取文件成功
2017-02-07T02:13:56: 读取文件成功
2017-02-07T02:14:06: 读取文件成功
2017-02-07T02:14:16: 读取文件成功
2017-02-07T02:14:26: 读取文件成功
2017-02-07T02:14:36: 读取文件成功
2017-02-07T02:14:46: 读取文件成功
2017-02-07T02:14:56: 读取文件成功
2017-02-07T02:15:06: 读取文件成功
2017-02-07T02:15:16: 读取文件成功
2017-02-07T02:15:26: 读取文件成功
2017-02-07T02:15:36: 读取文件成功
2017-02-07T02:15:46: 读取文件成功
2017-02-07T02:15:56: 读取文件成功
2017-02-07T02:16:06: 读取文件成功
2017-02-07T02:16:16: 读取文件成功
2017-02-07T02:16:26: 读取文件成功
2017-02-07T02:16:36: 读取文件成功
2017-02-07T02:16:46: 读取文件成功
2017-02-07T02:16:56: 读取文件成功
2017-02-07T02:17:06: 读取文件成功
2017-02-07T02:17:16: 读取文件成功
2017-02-07T02:17:26: 读取文件成功
2017-02-07T02:17:36: 读取文件成功
2017-02-07T02:17:46: 读取文件成功
2017-02-07T02:17:56: 读取文件成功
2017-02-07T02:18:06: 读取文件成功
2017-02-07T02:18:16: 读取文件成功
2017-02-07T02:18:26: 读取文件成功
2017-02-07T02:18:36: 读取文件成功
2017-02-07T02:18:46: 读取文件成功
2017-02-07T02:18:56: 读取文件成功
2017-02-07T02:19:06: 读取文件成功
2017-02-07T02:19:16: 读取文件成功
2017-02-07T02:19:26: 读取文件成功
2017-02-07T02:19:36: 读取文件成功
2017-02-07T02:19:46: 读取文件成功
2017-02-07T02:19:56: 读取文件成功
2017-02-07T02:20:06: 读取文件成功
2017-02-07T02:20:17: 读取文件成功
2017-02-07T02:20:27: 读取文件成功
2017-02-07T02:20:37: 读取文件成功
2017-02-07T02:20:47: 读取文件成功
2017-02-07T02:20:57: 读取文件成功
2017-02-07T02:21:07: 读取文件成功
2017-02-07T02:21:17: 读取文件成功
2017-02-07T02:21:27: 读取文件成功
2017-02-07T02:21:37: 读取文件成功
2017-02-07T02:21:47: 读取文件成功
2017-02-07T02:21:57: 读取文件成功
2017-02-07T02:22:07: 读取文件成功
2017-02-07T02:22:17: 读取文件成功
2017-02-07T02:22:27: 读取文件成功
2017-02-07T02:22:37: 读取文件成功
2017-02-07T02:22:47: 读取文件成功
2017-02-07T02:22:57: 读取文件成功
2017-02-07T02:23:07: 读取文件成功
2017-02-07T02:23:17: 读取文件成功
2017-02-07T02:23:27: 读取文件成功
2017-02-07T02:23:37: 读取文件成功
2017-02-07T02:23:47: 读取文件成功
2017-02-07T02:23:57: 读取文件成功
2017-02-07T02:24:07: 读取文件成功
2017-02-07T02:24:17: 读取文件成功
2017-02-07T02:24:27: 读取文件成功
2017-02-07T02:24:37: 读取文件成功
2017-02-07T02:24:47: 读取文件成功
2017-02-07T02:24:57: 读取文件成功
2017-02-07T02:25:07: 读取文件成功
2017-02-07T02:25:17: 读取文件成功
2017-02-07T02:25:27: 读取文件成功
2017-02-07T02:25:37: 读取文件成功
2017-02-07T02:25:47: 读取文件成功
2017-02-07T02:25:57: 读取文件成功
2017-02-07T02:26:07: 读取文件成功
2017-02-07T02:26:17: 读取文件成功
2017-02-07T02:26:27: 读取文件成功
2017-02-07T02:26:37: 读取文件成功
2017-02-07T02:26:47: 读取文件成功
2017-02-07T02:26:57: 读取文件成功
2017-02-07T02:27:07: 读取文件成功
2017-02-07T02:27:17: 读取文件成功
2017-02-07T02:27:27: 读取文件成功
2017-02-07T02:27:37: 读取文件成功
2017-02-07T02:27:47: 读取文件成功
2017-02-07T02:27:57: 读取文件成功
2017-02-07T02:28:07: 读取文件成功
2017-02-07T02:28:17: 读取文件成功
2017-02-07T02:28:27: 读取文件成功
2017-02-07T02:28:37: 读取文件成功
2017-02-07T02:28:47: 读取文件成功
2017-02-07T02:28:57: 读取文件成功
2017-02-07T02:29:07: 读取文件成功
2017-02-07T02:29:17: 读取文件成功
2017-02-07T02:29:27: 读取文件成功
2017-02-07T02:29:37: 读取文件成功
2017-02-07T02:29:47: 读取文件成功
2017-02-07T02:29:57: 读取文件成功
2017-02-07T02:30:07: 读取文件成功
2017-02-07T02:30:17: 读取文件成功
2017-02-07T02:30:27: 读取文件成功
2017-02-07T02:30:37: 读取文件成功
2017-02-07T02:30:47: 读取文件成功
2017-02-07T02:30:57: 读取文件成功
2017-02-07T02:31:07: 读取文件成功
2017-02-07T02:31:17: 读取文件成功
2017-02-07T02:31:27: 读取文件成功
2017-02-07T02:31:37: 读取文件成功
2017-02-07T02:31:47: 读取文件成功
2017-02-07T02:31:57: 读取文件成功
2017-02-07T02:32:07: 读取文件成功
2017-02-07T02:32:17: 读取文件成功
2017-02-07T02:32:27: 读取文件成功
2017-02-07T02:32:37: 读取文件成功
2017-02-07T02:32:47: 读取文件成功
2017-02-07T02:32:57: 读取文件成功
2017-02-07T02:33:07: 读取文件成功
2017-02-07T02:33:17: 读取文件成功
2017-02-07T02:33:27: 读取文件成功
2017-02-07T02:33:37: 读取文件成功
2017-02-07T02:33:48: 读取文件成功
2017-02-07T02:33:57: 读取文件成功
2017-02-07T02:34:07: 读取文件成功
2017-02-07T02:34:17: 读取文件成功
2017-02-07T02:34:27: 读取文件成功
2017-02-07T02:34:38: 读取文件成功
2017-02-07T02:34:48: 读取文件成功
2017-02-07T02:34:58: 读取文件成功
2017-02-07T02:35:08: 读取文件成功
2017-02-07T02:35:18: 读取文件成功
2017-02-07T02:35:28: 读取文件成功
2017-02-07T02:35:38: 读取文件成功
2017-02-07T02:35:48: 读取文件成功
2017-02-07T02:35:58: 读取文件成功
2017-02-07T02:36:08: 读取文件成功
2017-02-07T02:36:18: 读取文件成功
2017-02-07T02:36:28: 读取文件成功
2017-02-07T02:36:38: 读取文件成功
2017-02-07T02:36:48: 读取文件成功
2017-02-07T02:36:58: 读取文件成功
2017-02-07T02:37:08: 读取文件成功
2017-02-07T02:37:18: 读取文件成功
2017-02-07T02:37:28: 读取文件成功
2017-02-07T02:37:38: 读取文件成功
2017-02-07T02:37:48: 读取文件成功
2017-02-07T02:37:58: 读取文件成功
2017-02-07T02:38:08: 读取文件成功
2017-02-07T02:38:18: 读取文件成功
2017-02-07T02:38:28: 读取文件成功
2017-02-07T02:38:38: 读取文件成功
2017-02-07T02:38:48: 读取文件成功
2017-02-07T02:38:58: 读取文件成功
2017-02-07T02:39:08: 读取文件成功
2017-02-07T02:39:18: 读取文件成功
2017-02-07T02:39:28: 读取文件成功
2017-02-07T02:39:38: 读取文件成功
2017-02-07T02:39:48: 读取文件成功
2017-02-07T02:39:58: 读取文件成功
2017-02-07T02:40:08: 读取文件成功
2017-02-07T02:40:18: 读取文件成功
2017-02-07T02:40:28: 读取文件成功
2017-02-07T02:40:38: 读取文件成功
2017-02-07T02:40:48: 读取文件成功
2017-02-07T02:40:58: 读取文件成功
2017-02-07T02:41:08: 读取文件成功
2017-02-07T02:41:18: 读取文件成功
2017-02-07T02:41:46: 读取文件成功
2017-02-07T02:41:47: 读取文件成功
2017-02-07T02:42:03: 读取文件成功
2017-02-07T02:42:14: 读取文件成功
2017-02-07T02:42:17: 读取文件成功
2017-02-07T02:42:19: 读取文件成功
2017-02-07T02:42:30: 读取文件成功
2017-02-07T02:42:42: 读取文件成功
2017-02-07T02:42:48: 读取文件成功
2017-02-07T02:42:58: 读取文件成功
2017-02-07T02:43:08: 读取文件成功
2017-02-07T02:43:18: 读取文件成功
2017-02-07T02:43:28: 读取文件成功
2017-02-07T02:43:38: 读取文件成功
2017-02-07T02:43:48: 读取文件成功
2017-02-07T02:43:58: 读取文件成功
2017-02-07T02:44:08: 读取文件成功
2017-02-07T02:44:18: 读取文件成功
2017-02-07T02:44:28: 读取文件成功
2017-02-07T02:44:38: 读取文件成功
2017-02-07T02:44:48: 读取文件成功
2017-02-07T02:44:58: 读取文件成功
2017-02-07T02:45:08: 读取文件成功
2017-02-07T02:45:18: 读取文件成功
2017-02-07T02:45:28: 读取文件成功
2017-02-07T02:45:38: 读取文件成功
2017-02-07T02:45:48: 读取文件成功
2017-02-07T02:45:58: 读取文件成功
2017-02-07T02:46:08: 读取文件成功
2017-02-07T02:46:18: 读取文件成功
2017-02-07T02:46:28: 读取文件成功
2017-02-07T02:46:38: 读取文件成功
2017-02-07T02:46:48: 读取文件成功
2017-02-07T02:46:59: 读取文件成功
2017-02-07T02:47:09: 读取文件成功
2017-02-07T02:47:19: 读取文件成功
2017-02-07T02:47:29: 读取文件成功
2017-02-07T02:47:39: 读取文件成功
2017-02-07T02:47:49: 读取文件成功
2017-02-07T02:47:59: 读取文件成功
2017-02-07T02:48:09: 读取文件成功
2017-02-07T02:48:19: 读取文件成功
2017-02-07T02:48:29: 读取文件成功
2017-02-07T02:48:39: 读取文件成功
2017-02-07T02:48:49: 读取文件成功
2017-02-07T02:48:59: 读取文件成功
2017-02-07T02:49:09: 读取文件成功
2017-02-07T02:49:19: 读取文件成功
2017-02-07T02:49:29: 读取文件成功
2017-02-07T02:49:39: 读取文件成功
2017-02-07T02:49:49: 读取文件成功
2017-02-07T02:49:59: 读取文件成功
2017-02-07T02:50:09: 读取文件成功
2017-02-07T02:50:19: 读取文件成功
2017-02-07T02:50:29: 读取文件成功
2017-02-07T02:50:39: 读取文件成功
2017-02-07T02:50:49: 读取文件成功
2017-02-07T02:50:59: 读取文件成功
2017-02-07T02:51:09: 读取文件成功
2017-02-07T02:51:19: 读取文件成功
2017-02-07T02:51:29: 读取文件成功
2017-02-07T02:51:39: 读取文件成功
2017-02-07T02:51:49: 读取文件成功
2017-02-07T02:51:59: 读取文件成功
2017-02-07T02:52:09: 读取文件成功
2017-02-07T02:52:19: 读取文件成功
2017-02-07T02:52:29: 读取文件成功
2017-02-07T02:52:39: 读取文件成功
2017-02-07T02:52:49: 读取文件成功
2017-02-07T02:52:59: 读取文件成功
2017-02-07T02:53:09: 读取文件成功
2017-02-07T02:53:19: 读取文件成功
2017-02-07T02:53:29: 读取文件成功
2017-02-07T02:53:39: 读取文件成功
2017-02-07T02:53:49: 读取文件成功
2017-02-07T02:53:59: 读取文件成功
2017-02-07T02:54:09: 读取文件成功
2017-02-07T02:54:19: 读取文件成功
2017-02-07T02:54:29: 读取文件成功
2017-02-07T02:54:39: 读取文件成功
2017-02-07T02:54:49: 读取文件成功
2017-02-07T02:54:59: 读取文件成功
2017-02-07T02:55:09: 读取文件成功
2017-02-07T02:55:19: 读取文件成功
2017-02-07T02:55:29: 读取文件成功
2017-02-07T02:55:39: 读取文件成功
2017-02-07T02:55:49: 读取文件成功
2017-02-07T02:55:59: 读取文件成功
2017-02-07T02:56:09: 读取文件成功
2017-02-07T02:56:19: 读取文件成功
2017-02-07T02:56:29: 读取文件成功
2017-02-07T02:56:39: 读取文件成功
2017-02-07T02:56:49: 读取文件成功
2017-02-07T02:56:59: 读取文件成功
2017-02-07T02:57:09: 读取文件成功
2017-02-07T02:57:19: 读取文件成功
2017-02-07T02:57:29: 读取文件成功
2017-02-07T02:57:39: 读取文件成功
2017-02-07T02:57:49: 读取文件成功
2017-02-07T02:57:59: 读取文件成功
2017-02-07T02:58:09: 读取文件成功
2017-02-07T02:58:19: 读取文件成功
2017-02-07T02:58:29: 读取文件成功
2017-02-07T02:58:40: 读取文件成功
2017-02-07T02:58:49: 读取文件成功
2017-02-07T02:58:59: 读取文件成功
2017-02-07T02:59:09: 读取文件成功
2017-02-07T02:59:19: 读取文件成功
2017-02-07T02:59:30: 读取文件成功
2017-02-07T02:59:40: 读取文件成功
2017-02-07T02:59:50: 读取文件成功
2017-02-07T03:00:00: 读取文件成功
2017-02-07T03:00:10: 读取文件成功
2017-02-07T03:00:20: 读取文件成功
2017-02-07T03:00:30: 读取文件成功
2017-02-07T03:00:40: 读取文件成功
2017-02-07T03:00:50: 读取文件成功
2017-02-07T03:01:00: 读取文件成功
2017-02-07T03:01:10: 读取文件成功
2017-02-07T03:01:20: 读取文件成功
2017-02-07T03:01:30: 读取文件成功
2017-02-07T03:01:40: 读取文件成功
2017-02-07T03:01:50: 读取文件成功
2017-02-07T03:02:00: 读取文件成功
2017-02-07T03:02:10: 读取文件成功
2017-02-07T03:02:20: 读取文件成功
2017-02-07T03:02:30: 读取文件成功
2017-02-07T03:02:40: 读取文件成功
2017-02-07T03:02:50: 读取文件成功
2017-02-07T03:03:00: 读取文件成功
2017-02-07T03:03:10: 读取文件成功
2017-02-07T03:03:20: 读取文件成功
2017-02-07T03:03:30: 读取文件成功
2017-02-07T03:03:40: 读取文件成功
2017-02-07T03:03:50: 读取文件成功
2017-02-07T03:04:00: 读取文件成功
2017-02-07T03:04:10: 读取文件成功
2017-02-07T03:04:20: 读取文件成功
2017-02-07T03:04:30: 读取文件成功
2017-02-07T03:04:40: 读取文件成功
2017-02-07T03:04:50: 读取文件成功
2017-02-07T03:05:00: 读取文件成功
2017-02-07T03:05:10: 读取文件成功
2017-02-07T03:05:20: 读取文件成功
2017-02-07T03:05:30: 读取文件成功
2017-02-07T03:05:40: 读取文件成功
2017-02-07T03:05:50: 读取文件成功
2017-02-07T03:06:00: 读取文件成功
2017-02-07T03:06:10: 读取文件成功
2017-02-07T03:06:20: 读取文件成功
2017-02-07T03:06:30: 读取文件成功
2017-02-07T03:06:40: 读取文件成功
2017-02-07T03:06:50: 读取文件成功
2017-02-07T03:07:00: 读取文件成功
2017-02-07T03:07:10: 读取文件成功
2017-02-07T03:07:20: 读取文件成功
2017-02-07T03:07:30: 读取文件成功
2017-02-07T03:07:40: 读取文件成功
2017-02-07T03:07:50: 读取文件成功
2017-02-07T03:08:00: 读取文件成功
2017-02-07T03:08:10: 读取文件成功
2017-02-07T03:08:20: 读取文件成功
2017-02-07T03:08:30: 读取文件成功
2017-02-07T03:08:40: 读取文件成功
2017-02-07T03:08:50: 读取文件成功
2017-02-07T03:09:00: 读取文件成功
2017-02-07T03:09:10: 读取文件成功
2017-02-07T03:09:20: 读取文件成功
2017-02-07T03:09:30: 读取文件成功
2017-02-07T03:09:40: 读取文件成功
2017-02-07T03:09:50: 读取文件成功
2017-02-07T03:10:00: 读取文件成功
2017-02-07T03:10:10: 读取文件成功
2017-02-07T03:10:20: 读取文件成功
2017-02-07T03:10:30: 读取文件成功
2017-02-07T03:10:40: 读取文件成功
2017-02-07T03:10:50: 读取文件成功
2017-02-07T03:11:00: 读取文件成功
2017-02-07T03:11:10: 读取文件成功
2017-02-07T03:11:20: 读取文件成功
2017-02-07T03:11:30: 读取文件成功
2017-02-07T03:11:40: 读取文件成功
2017-02-07T03:11:50: 读取文件成功
2017-02-07T03:12:00: 读取文件成功
2017-02-07T03:12:10: 读取文件成功
2017-02-07T03:12:20: 读取文件成功
2017-02-07T03:12:30: 读取文件成功
2017-02-07T03:12:40: 读取文件成功
2017-02-07T03:12:50: 读取文件成功
2017-02-07T03:13:00: 读取文件成功
2017-02-07T03:13:10: 读取文件成功
2017-02-07T03:13:20: 读取文件成功
2017-02-07T03:13:30: 读取文件成功
2017-02-07T03:13:40: 读取文件成功
2017-02-07T03:13:50: 读取文件成功
2017-02-07T03:14:00: 读取文件成功
2017-02-07T03:14:10: 读取文件成功
2017-02-07T03:14:20: 读取文件成功
2017-02-07T03:14:30: 读取文件成功
2017-02-07T03:14:40: 读取文件成功
2017-02-07T03:14:50: 读取文件成功
2017-02-07T03:15:00: 读取文件成功
2017-02-07T03:15:10: 读取文件成功
2017-02-07T03:15:20: 读取文件成功
2017-02-07T03:15:30: 读取文件成功
2017-02-07T03:15:40: 读取文件成功
2017-02-07T03:15:50: 读取文件成功
2017-02-07T03:16:00: 读取文件成功
2017-02-07T03:16:10: 读取文件成功
2017-02-07T03:16:20: 读取文件成功
2017-02-07T03:16:31: 读取文件成功
2017-02-07T03:16:41: 读取文件成功
2017-02-07T03:16:51: 读取文件成功
2017-02-07T03:17:01: 读取文件成功
2017-02-07T03:17:11: 读取文件成功
2017-02-07T03:17:21: 读取文件成功
2017-02-07T03:17:31: 读取文件成功
2017-02-07T03:17:41: 读取文件成功
2017-02-07T03:17:51: 读取文件成功
2017-02-07T03:18:01: 读取文件成功
2017-02-07T03:18:11: 读取文件成功
2017-02-07T03:18:21: 读取文件成功
2017-02-07T03:18:31: 读取文件成功
2017-02-07T03:18:41: 读取文件成功
2017-02-07T03:18:51: 读取文件成功
2017-02-07T03:19:01: 读取文件成功
2017-02-07T03:19:11: 读取文件成功
2017-02-07T03:19:21: 读取文件成功
2017-02-07T03:19:31: 读取文件成功
2017-02-07T03:19:41: 读取文件成功
2017-02-07T03:19:51: 读取文件成功
2017-02-07T03:20:01: 读取文件成功
2017-02-07T03:20:11: 读取文件成功
2017-02-07T03:20:21: 读取文件成功
2017-02-07T03:20:31: 读取文件成功
2017-02-07T03:20:41: 读取文件成功
2017-02-07T03:20:51: 读取文件成功
2017-02-07T03:21:01: 读取文件成功
2017-02-07T03:21:11: 读取文件成功
2017-02-07T03:21:21: 读取文件成功
2017-02-07T03:21:31: 读取文件成功
2017-02-07T03:21:41: 读取文件成功
2017-02-07T03:21:51: 读取文件成功
2017-02-07T03:22:01: 读取文件成功
2017-02-07T03:22:11: 读取文件成功
2017-02-07T03:22:21: 读取文件成功
2017-02-07T03:22:31: 读取文件成功
2017-02-07T03:22:41: 读取文件成功
2017-02-07T03:22:51: 读取文件成功
2017-02-07T03:23:01: 读取文件成功
2017-02-07T03:23:11: 读取文件成功
2017-02-07T03:23:21: 读取文件成功
2017-02-07T03:23:31: 读取文件成功
2017-02-07T03:23:41: 读取文件成功
2017-02-07T03:23:51: 读取文件成功
2017-02-07T03:24:01: 读取文件成功
2017-02-07T03:24:11: 读取文件成功
2017-02-07T03:24:21: 读取文件成功
2017-02-07T03:24:31: 读取文件成功
2017-02-07T03:24:41: 读取文件成功
2017-02-07T03:24:51: 读取文件成功
2017-02-07T03:25:01: 读取文件成功
2017-02-07T03:25:11: 读取文件成功
2017-02-07T03:25:21: 读取文件成功
2017-02-07T03:25:31: 读取文件成功
2017-02-07T03:25:41: 读取文件成功
2017-02-07T03:25:51: 读取文件成功
2017-02-07T03:26:01: 读取文件成功
2017-02-07T03:26:11: 读取文件成功
2017-02-07T03:26:21: 读取文件成功
2017-02-07T03:26:31: 读取文件成功
2017-02-07T03:26:41: 读取文件成功
2017-02-07T03:26:51: 读取文件成功
2017-02-07T03:27:01: 读取文件成功
2017-02-07T03:27:11: 读取文件成功
2017-02-07T03:27:21: 读取文件成功
2017-02-07T03:27:31: 读取文件成功
2017-02-07T03:27:41: 读取文件成功
2017-02-07T03:27:51: 读取文件成功
2017-02-07T03:28:01: 读取文件成功
2017-02-07T03:28:11: 读取文件成功
2017-02-07T03:28:21: 读取文件成功
2017-02-07T03:28:31: 读取文件成功
2017-02-07T03:28:41: 读取文件成功
2017-02-07T03:28:51: 读取文件成功
2017-02-07T03:29:01: 读取文件成功
2017-02-07T03:29:11: 读取文件成功
2017-02-07T03:29:21: 读取文件成功
2017-02-07T03:29:31: 读取文件成功
2017-02-07T03:29:41: 读取文件成功
2017-02-07T03:29:51: 读取文件成功
2017-02-07T03:30:01: 读取文件成功
2017-02-07T03:30:11: 读取文件成功
2017-02-07T03:30:21: 读取文件成功
2017-02-07T03:30:31: 读取文件成功
2017-02-07T03:30:41: 读取文件成功
2017-02-07T03:30:51: 读取文件成功
2017-02-07T03:31:01: 读取文件成功
2017-02-07T03:31:11: 读取文件成功
2017-02-07T03:31:21: 读取文件成功
2017-02-07T03:31:31: 读取文件成功
2017-02-07T03:31:41: 读取文件成功
2017-02-07T03:31:51: 读取文件成功
2017-02-07T03:32:01: 读取文件成功
2017-02-07T03:32:11: 读取文件成功
2017-02-07T03:32:22: 读取文件成功
2017-02-07T03:32:32: 读取文件成功
2017-02-07T03:32:42: 读取文件成功
2017-02-07T03:32:52: 读取文件成功
2017-02-07T03:33:02: 读取文件成功
2017-02-07T03:33:12: 读取文件成功
2017-02-07T03:33:22: 读取文件成功
2017-02-07T03:33:32: 读取文件成功
2017-02-07T03:33:42: 读取文件成功
2017-02-07T03:33:52: 读取文件成功
2017-02-07T03:34:02: 读取文件成功
2017-02-07T03:34:12: 读取文件成功
2017-02-07T03:34:22: 读取文件成功
2017-02-07T03:34:32: 读取文件成功
2017-02-07T03:34:42: 读取文件成功
2017-02-07T03:34:52: 读取文件成功
2017-02-07T03:35:02: 读取文件成功
2017-02-07T03:35:12: 读取文件成功
2017-02-07T03:35:22: 读取文件成功
2017-02-07T03:35:32: 读取文件成功
2017-02-07T03:35:42: 读取文件成功
2017-02-07T03:35:52: 读取文件成功
2017-02-07T03:36:02: 读取文件成功
2017-02-07T03:36:12: 读取文件成功
2017-02-07T03:36:22: 读取文件成功
2017-02-07T03:36:32: 读取文件成功
2017-02-07T03:36:42: 读取文件成功
2017-02-07T03:36:52: 读取文件成功
2017-02-07T03:37:02: 读取文件成功
2017-02-07T03:37:12: 读取文件成功
2017-02-07T03:37:22: 读取文件成功
2017-02-07T03:37:32: 读取文件成功
2017-02-07T03:37:42: 读取文件成功
2017-02-07T03:37:52: 读取文件成功
2017-02-07T03:38:02: 读取文件成功
2017-02-07T03:38:12: 读取文件成功
2017-02-07T03:38:22: 读取文件成功
2017-02-07T03:38:32: 读取文件成功
2017-02-07T03:38:42: 读取文件成功
2017-02-07T03:38:52: 读取文件成功
2017-02-07T03:39:02: 读取文件成功
2017-02-07T03:39:12: 读取文件成功
2017-02-07T03:39:22: 读取文件成功
2017-02-07T03:39:32: 读取文件成功
2017-02-07T03:39:42: 读取文件成功
2017-02-07T03:39:52: 读取文件成功
2017-02-07T03:40:02: 读取文件成功
2017-02-07T03:40:12: 读取文件成功
2017-02-07T03:40:22: 读取文件成功
2017-02-07T03:40:32: 读取文件成功
2017-02-07T03:40:42: 读取文件成功
2017-02-07T03:40:52: 读取文件成功
2017-02-07T03:41:02: 读取文件成功
2017-02-07T03:41:12: 读取文件成功
2017-02-07T03:41:22: 读取文件成功
2017-02-07T03:41:32: 读取文件成功
2017-02-07T03:41:42: 读取文件成功
2017-02-07T03:41:52: 读取文件成功
2017-02-07T03:42:02: 读取文件成功
2017-02-07T03:42:12: 读取文件成功
2017-02-07T03:42:22: 读取文件成功
2017-02-07T03:42:32: 读取文件成功
2017-02-07T03:42:42: 读取文件成功
2017-02-07T03:42:52: 读取文件成功
2017-02-07T03:43:02: 读取文件成功
2017-02-07T03:43:12: 读取文件成功
2017-02-07T03:43:22: 读取文件成功
2017-02-07T03:43:32: 读取文件成功
2017-02-07T03:43:42: 读取文件成功
2017-02-07T03:43:52: 读取文件成功
2017-02-07T03:44:02: 读取文件成功
2017-02-07T03:44:12: 读取文件成功
2017-02-07T03:44:22: 读取文件成功
2017-02-07T03:44:32: 读取文件成功
2017-02-07T03:44:42: 读取文件成功
2017-02-07T03:44:52: 读取文件成功
2017-02-07T03:45:02: 读取文件成功
2017-02-07T03:45:12: 读取文件成功
2017-02-07T03:45:22: 读取文件成功
2017-02-07T03:45:32: 读取文件成功
2017-02-07T03:45:42: 读取文件成功
2017-02-07T03:45:52: 读取文件成功
2017-02-07T03:46:02: 读取文件成功
2017-02-07T03:46:12: 读取文件成功
2017-02-07T03:46:22: 读取文件成功
2017-02-07T03:46:32: 读取文件成功
2017-02-07T03:46:42: 读取文件成功
2017-02-07T03:46:52: 读取文件成功
2017-02-07T03:47:02: 读取文件成功
2017-02-07T03:47:12: 读取文件成功
2017-02-07T03:47:22: 读取文件成功
2017-02-07T03:47:32: 读取文件成功
2017-02-07T03:47:42: 读取文件成功
2017-02-07T03:47:52: 读取文件成功
2017-02-07T03:48:02: 读取文件成功
2017-02-07T03:48:12: 读取文件成功
2017-02-07T03:48:22: 读取文件成功
2017-02-07T03:48:32: 读取文件成功
2017-02-07T03:48:42: 读取文件成功
2017-02-07T03:48:52: 读取文件成功
2017-02-07T03:49:03: 读取文件成功
2017-02-07T03:49:13: 读取文件成功
2017-02-07T03:49:23: 读取文件成功
2017-02-07T03:49:33: 读取文件成功
2017-02-07T03:49:43: 读取文件成功
2017-02-07T03:49:53: 读取文件成功
2017-02-07T03:50:03: 读取文件成功
2017-02-07T03:50:13: 读取文件成功
2017-02-07T03:50:23: 读取文件成功
2017-02-07T03:50:33: 读取文件成功
2017-02-07T03:50:43: 读取文件成功
2017-02-07T03:50:53: 读取文件成功
2017-02-07T03:51:03: 读取文件成功
2017-02-07T03:51:13: 读取文件成功
2017-02-07T03:51:23: 读取文件成功
2017-02-07T03:51:33: 读取文件成功
2017-02-07T03:51:43: 读取文件成功
2017-02-07T03:51:53: 读取文件成功
2017-02-07T03:52:03: 读取文件成功
2017-02-07T03:52:13: 读取文件成功
2017-02-07T03:52:23: 读取文件成功
2017-02-07T03:52:33: 读取文件成功
2017-02-07T03:52:43: 读取文件成功
2017-02-07T03:52:53: 读取文件成功
2017-02-07T03:53:03: 读取文件成功
2017-02-07T03:53:13: 读取文件成功
2017-02-07T03:53:23: 读取文件成功
2017-02-07T03:53:33: 读取文件成功
2017-02-07T03:53:43: 读取文件成功
2017-02-07T03:53:53: 读取文件成功
2017-02-07T03:54:03: 读取文件成功
2017-02-07T03:54:13: 读取文件成功
2017-02-07T03:54:23: 读取文件成功
2017-02-07T03:54:33: 读取文件成功
2017-02-07T03:54:43: 读取文件成功
2017-02-07T03:54:53: 读取文件成功
2017-02-07T03:55:03: 读取文件成功
2017-02-07T03:55:13: 读取文件成功
2017-02-07T03:55:23: 读取文件成功
2017-02-07T03:55:33: 读取文件成功
2017-02-07T03:55:43: 读取文件成功
2017-02-07T03:55:53: 读取文件成功
2017-02-07T03:56:03: 读取文件成功
2017-02-07T03:56:13: 读取文件成功
2017-02-07T03:56:23: 读取文件成功
2017-02-07T03:56:33: 读取文件成功
2017-02-07T03:56:43: 读取文件成功
2017-02-07T03:56:53: 读取文件成功
2017-02-07T03:57:03: 读取文件成功
2017-02-07T03:57:13: 读取文件成功
2017-02-07T03:57:23: 读取文件成功
2017-02-07T03:57:33: 读取文件成功
2017-02-07T03:57:43: 读取文件成功
2017-02-07T03:57:53: 读取文件成功
2017-02-07T03:58:03: 读取文件成功
2017-02-07T03:58:13: 读取文件成功
2017-02-07T03:58:23: 读取文件成功
2017-02-07T03:58:33: 读取文件成功
2017-02-07T03:58:43: 读取文件成功
2017-02-07T03:58:53: 读取文件成功
2017-02-07T03:59:03: 读取文件成功
2017-02-07T03:59:13: 读取文件成功
2017-02-07T03:59:23: 读取文件成功
2017-02-07T03:59:33: 读取文件成功
2017-02-07T03:59:43: 读取文件成功
2017-02-07T03:59:53: 读取文件成功
2017-02-07T04:00:03: 读取文件成功
2017-02-07T04:00:13: 读取文件成功
2017-02-07T04:00:23: 读取文件成功
2017-02-07T04:00:33: 读取文件成功
2017-02-07T04:00:43: 读取文件成功
2017-02-07T04:00:53: 读取文件成功
2017-02-07T04:01:03: 读取文件成功
2017-02-07T04:01:13: 读取文件成功
2017-02-07T04:01:23: 读取文件成功
2017-02-07T04:01:33: 读取文件成功
2017-02-07T04:01:43: 读取文件成功
2017-02-07T04:01:53: 读取文件成功
2017-02-07T04:02:03: 读取文件成功
2017-02-07T04:02:13: 读取文件成功
2017-02-07T04:02:23: 读取文件成功
2017-02-07T04:02:33: 读取文件成功
2017-02-07T04:02:43: 读取文件成功
2017-02-07T04:02:53: 读取文件成功
2017-02-07T04:03:03: 读取文件成功
2017-02-07T04:03:13: 读取文件成功
2017-02-07T04:03:23: 读取文件成功
2017-02-07T04:03:33: 读取文件成功
2017-02-07T04:03:43: 读取文件成功
2017-02-07T04:03:53: 读取文件成功
2017-02-07T04:04:03: 读取文件成功
2017-02-07T04:04:13: 读取文件成功
2017-02-07T04:04:23: 读取文件成功
2017-02-07T04:04:33: 读取文件成功
2017-02-07T04:04:43: 读取文件成功
2017-02-07T04:04:53: 读取文件成功
2017-02-07T04:05:03: 读取文件成功
2017-02-07T04:05:13: 读取文件成功
2017-02-07T04:05:23: 读取文件成功
2017-02-07T04:05:33: 读取文件成功
2017-02-07T04:05:43: 读取文件成功
2017-02-07T04:05:53: 读取文件成功
2017-02-07T04:06:03: 读取文件成功
2017-02-07T04:06:13: 读取文件成功
2017-02-07T04:06:23: 读取文件成功
2017-02-07T04:06:33: 读取文件成功
2017-02-07T04:06:43: 读取文件成功
2017-02-07T04:06:53: 读取文件成功
2017-02-07T04:07:04: 读取文件成功
2017-02-07T04:07:14: 读取文件成功
2017-02-07T04:07:24: 读取文件成功
2017-02-07T04:07:34: 读取文件成功
2017-02-07T04:07:44: 读取文件成功
2017-02-07T04:07:54: 读取文件成功
2017-02-07T04:08:04: 读取文件成功
2017-02-07T04:08:14: 读取文件成功
2017-02-07T04:08:24: 读取文件成功
2017-02-07T04:08:34: 读取文件成功
2017-02-07T04:08:44: 读取文件成功
2017-02-07T04:08:54: 读取文件成功
2017-02-07T04:09:04: 读取文件成功
2017-02-07T04:09:14: 读取文件成功
2017-02-07T04:09:24: 读取文件成功
2017-02-07T04:09:34: 读取文件成功
2017-02-07T04:09:44: 读取文件成功
2017-02-07T04:09:54: 读取文件成功
2017-02-07T04:10:04: 读取文件成功
2017-02-07T04:10:14: 读取文件成功
2017-02-07T04:10:24: 读取文件成功
2017-02-07T04:10:34: 读取文件成功
2017-02-07T04:10:44: 读取文件成功
2017-02-07T04:10:54: 读取文件成功
2017-02-07T04:11:04: 读取文件成功
2017-02-07T04:11:14: 读取文件成功
2017-02-07T04:11:24: 读取文件成功
2017-02-07T04:11:34: 读取文件成功
2017-02-07T04:11:44: 读取文件成功
2017-02-07T04:11:54: 读取文件成功
2017-02-07T04:12:04: 读取文件成功
2017-02-07T04:12:14: 读取文件成功
2017-02-07T04:12:24: 读取文件成功
2017-02-07T04:12:34: 读取文件成功
2017-02-07T04:12:44: 读取文件成功
2017-02-07T04:12:54: 读取文件成功
2017-02-07T04:13:04: 读取文件成功
2017-02-07T04:13:14: 读取文件成功
2017-02-07T04:13:24: 读取文件成功
2017-02-07T04:13:34: 读取文件成功
2017-02-07T04:13:44: 读取文件成功
2017-02-07T04:13:54: 读取文件成功
2017-02-07T04:14:04: 读取文件成功
2017-02-07T04:14:14: 读取文件成功
2017-02-07T04:14:24: 读取文件成功
2017-02-07T04:14:34: 读取文件成功
2017-02-07T04:14:44: 读取文件成功
2017-02-07T04:14:54: 读取文件成功
2017-02-07T04:15:04: 读取文件成功
2017-02-07T04:15:14: 读取文件成功
2017-02-07T04:15:24: 读取文件成功
2017-02-07T04:15:34: 读取文件成功
2017-02-07T04:15:44: 读取文件成功
2017-02-07T04:15:54: 读取文件成功
2017-02-07T04:16:04: 读取文件成功
2017-02-07T04:16:14: 读取文件成功
2017-02-07T04:16:24: 读取文件成功
2017-02-07T04:16:34: 读取文件成功
2017-02-07T04:16:44: 读取文件成功
2017-02-07T04:16:54: 读取文件成功
2017-02-07T04:17:04: 读取文件成功
2017-02-07T04:17:14: 读取文件成功
2017-02-07T04:17:24: 读取文件成功
2017-02-07T04:17:34: 读取文件成功
2017-02-07T04:17:44: 读取文件成功
2017-02-07T04:17:54: 读取文件成功
2017-02-07T04:18:04: 读取文件成功
2017-02-07T04:18:14: 读取文件成功
2017-02-07T04:18:24: 读取文件成功
2017-02-07T04:18:34: 读取文件成功
2017-02-07T04:18:44: 读取文件成功
2017-02-07T04:18:54: 读取文件成功
2017-02-07T04:19:04: 读取文件成功
2017-02-07T04:19:14: 读取文件成功
2017-02-07T04:19:24: 读取文件成功
2017-02-07T04:19:34: 读取文件成功
2017-02-07T04:19:44: 读取文件成功
2017-02-07T04:19:54: 读取文件成功
2017-02-07T04:20:04: 读取文件成功
2017-02-07T04:20:14: 读取文件成功
2017-02-07T04:20:24: 读取文件成功
2017-02-07T04:20:34: 读取文件成功
2017-02-07T04:20:44: 读取文件成功
2017-02-07T04:20:54: 读取文件成功
2017-02-07T04:21:04: 读取文件成功
2017-02-07T04:21:14: 读取文件成功
2017-02-07T04:21:24: 读取文件成功
2017-02-07T04:21:34: 读取文件成功
2017-02-07T04:21:44: 读取文件成功
2017-02-07T04:21:54: 读取文件成功
2017-02-07T04:22:04: 读取文件成功
2017-02-07T04:22:14: 读取文件成功
2017-02-07T04:22:24: 读取文件成功
2017-02-07T04:22:35: 读取文件成功
2017-02-07T04:22:44: 读取文件成功
2017-02-07T04:22:55: 读取文件成功
2017-02-07T04:23:04: 读取文件成功
2017-02-07T04:23:15: 读取文件成功
2017-02-07T04:23:25: 读取文件成功
2017-02-07T04:23:35: 读取文件成功
2017-02-07T04:23:45: 读取文件成功
2017-02-07T04:23:55: 读取文件成功
2017-02-07T04:24:05: 读取文件成功
2017-02-07T04:24:15: 读取文件成功
2017-02-07T04:24:25: 读取文件成功
2017-02-07T04:24:35: 读取文件成功
2017-02-07T04:24:45: 读取文件成功
2017-02-07T04:24:55: 读取文件成功
2017-02-07T04:25:05: 读取文件成功
2017-02-07T04:25:15: 读取文件成功
2017-02-07T04:25:25: 读取文件成功
2017-02-07T04:25:35: 读取文件成功
2017-02-07T04:25:45: 读取文件成功
2017-02-07T04:25:55: 读取文件成功
2017-02-07T04:26:05: 读取文件成功
2017-02-07T04:26:15: 读取文件成功
2017-02-07T04:26:25: 读取文件成功
2017-02-07T04:26:35: 读取文件成功
2017-02-07T04:26:45: 读取文件成功
2017-02-07T04:26:55: 读取文件成功
2017-02-07T04:27:05: 读取文件成功
2017-02-07T04:27:15: 读取文件成功
2017-02-07T04:27:25: 读取文件成功
2017-02-07T04:27:35: 读取文件成功
2017-02-07T04:27:45: 读取文件成功
2017-02-07T04:27:55: 读取文件成功
2017-02-07T04:28:05: 读取文件成功
2017-02-07T04:28:15: 读取文件成功
2017-02-07T04:28:25: 读取文件成功
2017-02-07T04:28:35: 读取文件成功
2017-02-07T04:28:45: 读取文件成功
2017-02-07T04:28:55: 读取文件成功
2017-02-07T04:29:05: 读取文件成功
2017-02-07T04:29:15: 读取文件成功
2017-02-07T04:29:25: 读取文件成功
2017-02-07T04:29:35: 读取文件成功
2017-02-07T04:29:45: 读取文件成功
2017-02-07T04:29:55: 读取文件成功
2017-02-07T04:30:05: 读取文件成功
2017-02-07T04:30:15: 读取文件成功
2017-02-07T04:30:25: 读取文件成功
2017-02-07T04:30:35: 读取文件成功
2017-02-07T04:30:45: 读取文件成功
2017-02-07T04:30:55: 读取文件成功
2017-02-07T04:31:05: 读取文件成功
2017-02-07T04:31:15: 读取文件成功
2017-02-07T04:31:25: 读取文件成功
2017-02-07T04:31:35: 读取文件成功
2017-02-07T04:31:45: 读取文件成功
2017-02-07T04:31:55: 读取文件成功
2017-02-07T04:32:05: 读取文件成功
2017-02-07T04:32:15: 读取文件成功
2017-02-07T04:32:25: 读取文件成功
2017-02-07T04:32:35: 读取文件成功
2017-02-07T04:32:45: 读取文件成功
2017-02-07T04:32:55: 读取文件成功
2017-02-07T04:33:05: 读取文件成功
2017-02-07T04:33:15: 读取文件成功
2017-02-07T04:33:25: 读取文件成功
2017-02-07T04:33:35: 读取文件成功
2017-02-07T04:33:45: 读取文件成功
2017-02-07T04:33:55: 读取文件成功
2017-02-07T04:34:05: 读取文件成功
2017-02-07T04:34:15: 读取文件成功
2017-02-07T04:34:25: 读取文件成功
2017-02-07T04:34:35: 读取文件成功
2017-02-07T04:34:45: 读取文件成功
2017-02-07T04:34:55: 读取文件成功
2017-02-07T04:35:05: 读取文件成功
2017-02-07T04:35:15: 读取文件成功
2017-02-07T04:35:25: 读取文件成功
2017-02-07T04:35:35: 读取文件成功
2017-02-07T04:35:45: 读取文件成功
2017-02-07T04:35:55: 读取文件成功
2017-02-07T04:36:05: 读取文件成功
2017-02-07T04:36:15: 读取文件成功
2017-02-07T04:36:25: 读取文件成功
2017-02-07T04:36:35: 读取文件成功
2017-02-07T04:36:45: 读取文件成功
2017-02-07T04:36:55: 读取文件成功
2017-02-07T04:37:05: 读取文件成功
2017-02-07T04:37:15: 读取文件成功
2017-02-07T04:37:25: 读取文件成功
2017-02-07T04:37:35: 读取文件成功
2017-02-07T04:37:45: 读取文件成功
2017-02-07T04:37:55: 读取文件成功
2017-02-07T04:38:05: 读取文件成功
2017-02-07T04:38:15: 读取文件成功
2017-02-07T04:38:25: 读取文件成功
2017-02-07T04:38:35: 读取文件成功
2017-02-07T04:38:45: 读取文件成功
2017-02-07T04:38:55: 读取文件成功
2017-02-07T04:39:05: 读取文件成功
2017-02-07T04:39:15: 读取文件成功
2017-02-07T04:39:25: 读取文件成功
2017-02-07T04:39:35: 读取文件成功
2017-02-07T04:39:46: 读取文件成功
2017-02-07T04:39:55: 读取文件成功
2017-02-07T04:40:06: 读取文件成功
2017-02-07T04:40:16: 读取文件成功
2017-02-07T04:40:26: 读取文件成功
2017-02-07T04:40:36: 读取文件成功
2017-02-07T04:40:46: 读取文件成功
2017-02-07T04:40:56: 读取文件成功
2017-02-07T04:41:06: 读取文件成功
2017-02-07T04:41:16: 读取文件成功
2017-02-07T04:41:26: 读取文件成功
2017-02-07T04:41:36: 读取文件成功
2017-02-07T04:41:46: 读取文件成功
2017-02-07T04:41:56: 读取文件成功
2017-02-07T04:42:06: 读取文件成功
2017-02-07T04:42:16: 读取文件成功
2017-02-07T04:42:26: 读取文件成功
2017-02-07T04:42:36: 读取文件成功
2017-02-07T04:42:46: 读取文件成功
2017-02-07T04:42:56: 读取文件成功
2017-02-07T04:43:06: 读取文件成功
2017-02-07T04:43:16: 读取文件成功
2017-02-07T04:43:26: 读取文件成功
2017-02-07T04:43:36: 读取文件成功
2017-02-07T04:43:46: 读取文件成功
2017-02-07T04:43:56: 读取文件成功
2017-02-07T04:44:06: 读取文件成功
2017-02-07T04:44:16: 读取文件成功
2017-02-07T04:44:26: 读取文件成功
2017-02-07T04:44:36: 读取文件成功
2017-02-07T04:44:46: 读取文件成功
2017-02-07T04:44:56: 读取文件成功
2017-02-07T04:45:06: 读取文件成功
2017-02-07T04:45:16: 读取文件成功
2017-02-07T04:45:26: 读取文件成功
2017-02-07T04:45:36: 读取文件成功
2017-02-07T04:45:46: 读取文件成功
2017-02-07T04:45:56: 读取文件成功
2017-02-07T04:46:06: 读取文件成功
2017-02-07T04:46:16: 读取文件成功
2017-02-07T04:46:26: 读取文件成功
2017-02-07T04:46:36: 读取文件成功
2017-02-07T04:46:46: 读取文件成功
2017-02-07T04:46:56: 读取文件成功
2017-02-07T04:47:06: 读取文件成功
2017-02-07T04:47:16: 读取文件成功
2017-02-07T04:47:26: 读取文件成功
2017-02-07T04:47:36: 读取文件成功
2017-02-07T04:47:46: 读取文件成功
2017-02-07T04:47:56: 读取文件成功
2017-02-07T04:48:06: 读取文件成功
2017-02-07T04:48:16: 读取文件成功
2017-02-07T04:48:26: 读取文件成功
2017-02-07T04:48:36: 读取文件成功
2017-02-07T04:48:46: 读取文件成功
2017-02-07T04:48:56: 读取文件成功
2017-02-07T04:49:06: 读取文件成功
2017-02-07T04:49:16: 读取文件成功
2017-02-07T04:49:26: 读取文件成功
2017-02-07T04:49:36: 读取文件成功
2017-02-07T04:49:46: 读取文件成功
2017-02-07T04:49:56: 读取文件成功
2017-02-07T04:50:06: 读取文件成功
2017-02-07T04:50:16: 读取文件成功
2017-02-07T04:50:26: 读取文件成功
2017-02-07T04:50:36: 读取文件成功
2017-02-07T04:50:46: 读取文件成功
2017-02-07T04:50:56: 读取文件成功
2017-02-07T04:51:06: 读取文件成功
2017-02-07T04:51:16: 读取文件成功
2017-02-07T04:51:26: 读取文件成功
2017-02-07T04:51:36: 读取文件成功
2017-02-07T04:51:46: 读取文件成功
2017-02-07T04:51:56: 读取文件成功
2017-02-07T04:52:06: 读取文件成功
2017-02-07T04:52:16: 读取文件成功
2017-02-07T04:52:26: 读取文件成功
2017-02-07T04:52:36: 读取文件成功
2017-02-07T04:52:46: 读取文件成功
2017-02-07T04:52:56: 读取文件成功
2017-02-07T04:53:06: 读取文件成功
2017-02-07T04:53:16: 读取文件成功
2017-02-07T04:53:26: 读取文件成功
2017-02-07T04:53:36: 读取文件成功
2017-02-07T04:53:46: 读取文件成功
2017-02-07T04:53:56: 读取文件成功
2017-02-07T04:54:06: 读取文件成功
2017-02-07T04:54:16: 读取文件成功
2017-02-07T04:54:26: 读取文件成功
2017-02-07T04:54:36: 读取文件成功
2017-02-07T04:54:46: 读取文件成功
2017-02-07T04:54:56: 读取文件成功
2017-02-07T04:55:06: 读取文件成功
2017-02-07T04:55:16: 读取文件成功
2017-02-07T04:55:26: 读取文件成功
2017-02-07T04:55:36: 读取文件成功
2017-02-07T04:55:46: 读取文件成功
2017-02-07T04:55:56: 读取文件成功
2017-02-07T04:56:06: 读取文件成功
2017-02-07T04:56:16: 读取文件成功
2017-02-07T04:56:27: 读取文件成功
2017-02-07T04:56:36: 读取文件成功
2017-02-07T04:56:47: 读取文件成功
2017-02-07T04:56:57: 读取文件成功
2017-02-07T04:57:07: 读取文件成功
2017-02-07T04:57:17: 读取文件成功
2017-02-07T04:57:27: 读取文件成功
2017-02-07T04:57:37: 读取文件成功
2017-02-07T04:57:47: 读取文件成功
2017-02-07T04:57:57: 读取文件成功
2017-02-07T04:58:07: 读取文件成功
2017-02-07T04:58:17: 读取文件成功
2017-02-07T04:58:27: 读取文件成功
2017-02-07T04:58:37: 读取文件成功
2017-02-07T04:58:47: 读取文件成功
2017-02-07T04:58:57: 读取文件成功
2017-02-07T04:59:07: 读取文件成功
2017-02-07T04:59:17: 读取文件成功
2017-02-07T04:59:27: 读取文件成功
2017-02-07T04:59:37: 读取文件成功
2017-02-07T04:59:47: 读取文件成功
2017-02-07T04:59:57: 读取文件成功
2017-02-07T05:00:07: 读取文件成功
2017-02-07T05:00:17: 读取文件成功
2017-02-07T05:00:27: 读取文件成功
2017-02-07T05:00:37: 读取文件成功
2017-02-07T05:00:47: 读取文件成功
2017-02-07T05:00:57: 读取文件成功
2017-02-07T05:01:07: 读取文件成功
2017-02-07T05:01:17: 读取文件成功
2017-02-07T05:01:27: 读取文件成功
2017-02-07T05:01:37: 读取文件成功
2017-02-07T05:01:47: 读取文件成功
2017-02-07T05:01:57: 读取文件成功
2017-02-07T05:02:07: 读取文件成功
2017-02-07T05:02:17: 读取文件成功
2017-02-07T05:02:27: 读取文件成功
2017-02-07T05:02:37: 读取文件成功
2017-02-07T05:02:47: 读取文件成功
2017-02-07T05:02:57: 读取文件成功
2017-02-07T05:03:07: 读取文件成功
2017-02-07T05:03:17: 读取文件成功
2017-02-07T05:03:27: 读取文件成功
2017-02-07T05:03:37: 读取文件成功
2017-02-07T05:03:47: 读取文件成功
2017-02-07T05:03:57: 读取文件成功
2017-02-07T05:04:07: 读取文件成功
2017-02-07T05:04:17: 读取文件成功
2017-02-07T05:04:27: 读取文件成功
2017-02-07T05:04:37: 读取文件成功
2017-02-07T05:04:47: 读取文件成功
2017-02-07T05:04:57: 读取文件成功
2017-02-07T05:05:21: 读取文件成功
2017-02-07T05:05:23: 读取文件成功
2017-02-07T05:05:29: 读取文件成功
2017-02-07T05:05:38: 读取文件成功
2017-02-07T05:05:47: 读取文件成功
2017-02-07T05:06:00: 读取文件成功
2017-02-07T05:06:09: 读取文件成功
2017-02-07T05:06:17: 读取文件成功
2017-02-07T05:06:27: 读取文件成功
2017-02-07T05:06:37: 读取文件成功
2017-02-07T05:06:47: 读取文件成功
2017-02-07T05:06:57: 读取文件成功
2017-02-07T05:07:07: 读取文件成功
2017-02-07T05:07:17: 读取文件成功
2017-02-07T05:07:27: 读取文件成功
2017-02-07T05:07:37: 读取文件成功
2017-02-07T05:07:47: 读取文件成功
2017-02-07T05:07:57: 读取文件成功
2017-02-07T05:08:07: 读取文件成功
2017-02-07T05:08:17: 读取文件成功
2017-02-07T05:08:27: 读取文件成功
2017-02-07T05:08:37: 读取文件成功
2017-02-07T05:08:47: 读取文件成功
2017-02-07T05:08:57: 读取文件成功
2017-02-07T05:09:07: 读取文件成功
2017-02-07T05:09:17: 读取文件成功
2017-02-07T05:09:27: 读取文件成功
2017-02-07T05:09:37: 读取文件成功
2017-02-07T05:09:47: 读取文件成功
2017-02-07T05:09:57: 读取文件成功
2017-02-07T05:10:07: 读取文件成功
2017-02-07T05:10:17: 读取文件成功
2017-02-07T05:10:27: 读取文件成功
2017-02-07T05:10:37: 读取文件成功
2017-02-07T05:10:47: 读取文件成功
2017-02-07T05:10:57: 读取文件成功
2017-02-07T05:11:07: 读取文件成功
2017-02-07T05:11:17: 读取文件成功
2017-02-07T05:11:27: 读取文件成功
2017-02-07T05:11:37: 读取文件成功
2017-02-07T05:11:47: 读取文件成功
2017-02-07T05:11:57: 读取文件成功
2017-02-07T05:12:07: 读取文件成功
2017-02-07T05:12:17: 读取文件成功
2017-02-07T05:12:27: 读取文件成功
2017-02-07T05:12:37: 读取文件成功
2017-02-07T05:12:47: 读取文件成功
2017-02-07T05:12:57: 读取文件成功
2017-02-07T05:13:07: 读取文件成功
2017-02-07T05:13:17: 读取文件成功
2017-02-07T05:13:27: 读取文件成功
2017-02-07T05:13:38: 读取文件成功
2017-02-07T05:13:48: 读取文件成功
2017-02-07T05:13:58: 读取文件成功
2017-02-07T05:14:08: 读取文件成功
2017-02-07T05:14:18: 读取文件成功
2017-02-07T05:14:28: 读取文件成功
2017-02-07T05:14:38: 读取文件成功
2017-02-07T05:14:48: 读取文件成功
2017-02-07T05:14:58: 读取文件成功
2017-02-07T05:15:08: 读取文件成功
2017-02-07T05:15:18: 读取文件成功
2017-02-07T05:15:28: 读取文件成功
2017-02-07T05:15:38: 读取文件成功
2017-02-07T05:15:48: 读取文件成功
2017-02-07T05:15:58: 读取文件成功
2017-02-07T05:16:08: 读取文件成功
2017-02-07T05:16:18: 读取文件成功
2017-02-07T05:16:28: 读取文件成功
2017-02-07T05:16:38: 读取文件成功
2017-02-07T05:16:48: 读取文件成功
2017-02-07T05:16:58: 读取文件成功
2017-02-07T05:17:08: 读取文件成功
2017-02-07T05:17:18: 读取文件成功
2017-02-07T05:17:28: 读取文件成功
2017-02-07T05:17:38: 读取文件成功
2017-02-07T05:17:48: 读取文件成功
2017-02-07T05:17:58: 读取文件成功
2017-02-07T05:18:08: 读取文件成功
2017-02-07T05:18:18: 读取文件成功
2017-02-07T05:18:28: 读取文件成功
2017-02-07T05:18:38: 读取文件成功
2017-02-07T05:18:48: 读取文件成功
2017-02-07T05:18:58: 读取文件成功
2017-02-07T05:19:08: 读取文件成功
2017-02-07T05:19:18: 读取文件成功
2017-02-07T05:19:28: 读取文件成功
2017-02-07T05:19:38: 读取文件成功
2017-02-07T05:19:48: 读取文件成功
2017-02-07T05:19:58: 读取文件成功
2017-02-07T05:20:08: 读取文件成功
2017-02-07T05:20:18: 读取文件成功
2017-02-07T05:20:28: 读取文件成功
2017-02-07T05:20:38: 读取文件成功
2017-02-07T05:20:48: 读取文件成功
2017-02-07T05:20:58: 读取文件成功
2017-02-07T05:21:08: 读取文件成功
2017-02-07T05:21:18: 读取文件成功
2017-02-07T05:21:28: 读取文件成功
2017-02-07T05:21:38: 读取文件成功
2017-02-07T05:21:48: 读取文件成功
2017-02-07T05:21:58: 读取文件成功
2017-02-07T05:22:08: 读取文件成功
2017-02-07T05:22:18: 读取文件成功
2017-02-07T05:22:28: 读取文件成功
2017-02-07T05:22:38: 读取文件成功
2017-02-07T05:22:48: 读取文件成功
2017-02-07T05:22:58: 读取文件成功
2017-02-07T05:23:08: 读取文件成功
2017-02-07T05:23:18: 读取文件成功
2017-02-07T05:23:28: 读取文件成功
2017-02-07T05:23:38: 读取文件成功
2017-02-07T05:23:48: 读取文件成功
2017-02-07T05:23:58: 读取文件成功
2017-02-07T05:24:08: 读取文件成功
2017-02-07T05:24:18: 读取文件成功
2017-02-07T05:24:28: 读取文件成功
2017-02-07T05:24:38: 读取文件成功
2017-02-07T05:24:48: 读取文件成功
2017-02-07T05:24:58: 读取文件成功
2017-02-07T05:25:08: 读取文件成功
2017-02-07T05:25:18: 读取文件成功
2017-02-07T05:25:28: 读取文件成功
2017-02-07T05:25:38: 读取文件成功
2017-02-07T05:25:48: 读取文件成功
2017-02-07T05:25:58: 读取文件成功
2017-02-07T05:26:08: 读取文件成功
2017-02-07T05:26:18: 读取文件成功
2017-02-07T05:26:28: 读取文件成功
2017-02-07T05:26:38: 读取文件成功
2017-02-07T05:26:48: 读取文件成功
2017-02-07T05:26:58: 读取文件成功
2017-02-07T05:27:08: 读取文件成功
2017-02-07T05:27:18: 读取文件成功
2017-02-07T05:27:28: 读取文件成功
2017-02-07T05:27:38: 读取文件成功
2017-02-07T05:27:48: 读取文件成功
2017-02-07T05:27:58: 读取文件成功
2017-02-07T05:28:08: 读取文件成功
2017-02-07T05:28:18: 读取文件成功
2017-02-07T05:28:28: 读取文件成功
2017-02-07T05:28:38: 读取文件成功
2017-02-07T05:28:48: 读取文件成功
2017-02-07T05:28:58: 读取文件成功
2017-02-07T05:29:08: 读取文件成功
2017-02-07T05:29:18: 读取文件成功
2017-02-07T05:29:28: 读取文件成功
2017-02-07T05:29:38: 读取文件成功
2017-02-07T05:29:48: 读取文件成功
2017-02-07T05:29:58: 读取文件成功
2017-02-07T05:30:09: 读取文件成功
2017-02-07T05:30:19: 读取文件成功
2017-02-07T05:30:29: 读取文件成功
2017-02-07T05:30:39: 读取文件成功
2017-02-07T05:30:49: 读取文件成功
2017-02-07T05:30:59: 读取文件成功
2017-02-07T05:31:09: 读取文件成功
2017-02-07T05:31:19: 读取文件成功
2017-02-07T05:31:29: 读取文件成功
2017-02-07T05:31:39: 读取文件成功
2017-02-07T05:31:49: 读取文件成功
2017-02-07T05:31:59: 读取文件成功
2017-02-07T05:32:09: 读取文件成功
2017-02-07T05:32:19: 读取文件成功
2017-02-07T05:32:29: 读取文件成功
2017-02-07T05:32:39: 读取文件成功
2017-02-07T05:32:49: 读取文件成功
2017-02-07T05:32:59: 读取文件成功
2017-02-07T05:33:09: 读取文件成功
2017-02-07T05:33:19: 读取文件成功
2017-02-07T05:33:29: 读取文件成功
2017-02-07T05:33:39: 读取文件成功
2017-02-07T05:33:49: 读取文件成功
2017-02-07T05:33:59: 读取文件成功
2017-02-07T05:34:09: 读取文件成功
2017-02-07T05:34:19: 读取文件成功
2017-02-07T05:34:29: 读取文件成功
2017-02-07T05:34:39: 读取文件成功
2017-02-07T05:34:49: 读取文件成功
2017-02-07T05:34:59: 读取文件成功
2017-02-07T05:35:09: 读取文件成功
2017-02-07T05:35:19: 读取文件成功
2017-02-07T05:35:29: 读取文件成功
2017-02-07T05:35:39: 读取文件成功
2017-02-07T05:35:49: 读取文件成功
2017-02-07T05:35:59: 读取文件成功
2017-02-07T05:36:09: 读取文件成功
2017-02-07T05:36:19: 读取文件成功
2017-02-07T05:36:29: 读取文件成功
2017-02-07T05:36:39: 读取文件成功
2017-02-07T05:36:49: 读取文件成功
2017-02-07T05:36:59: 读取文件成功
2017-02-07T05:37:09: 读取文件成功
2017-02-07T05:37:19: 读取文件成功
2017-02-07T05:37:29: 读取文件成功
2017-02-07T05:37:39: 读取文件成功
2017-02-07T05:37:49: 读取文件成功
2017-02-07T05:37:59: 读取文件成功
2017-02-07T05:38:09: 读取文件成功
2017-02-07T05:38:19: 读取文件成功
2017-02-07T05:38:29: 读取文件成功
2017-02-07T05:38:39: 读取文件成功
2017-02-07T05:38:49: 读取文件成功
2017-02-07T05:38:59: 读取文件成功
2017-02-07T05:39:09: 读取文件成功
2017-02-07T05:39:19: 读取文件成功
2017-02-07T05:39:29: 读取文件成功
2017-02-07T05:39:39: 读取文件成功
2017-02-07T05:39:49: 读取文件成功
2017-02-07T05:39:59: 读取文件成功
2017-02-07T05:40:09: 读取文件成功
2017-02-07T05:40:19: 读取文件成功
2017-02-07T05:40:29: 读取文件成功
2017-02-07T05:40:39: 读取文件成功
2017-02-07T05:40:49: 读取文件成功
2017-02-07T05:40:59: 读取文件成功
2017-02-07T05:41:09: 读取文件成功
2017-02-07T05:41:19: 读取文件成功
2017-02-07T05:41:29: 读取文件成功
2017-02-07T05:41:39: 读取文件成功
2017-02-07T05:41:49: 读取文件成功
2017-02-07T05:41:59: 读取文件成功
2017-02-07T05:42:13: 读取文件成功
2017-02-07T05:42:33: 读取文件成功
2017-02-07T05:42:42: 读取文件成功
2017-02-07T05:42:42: 读取文件成功
2017-02-07T05:43:01: 读取文件成功
2017-02-07T05:43:01: 读取文件成功
2017-02-07T05:43:11: 读取文件成功
2017-02-07T05:43:19: 读取文件成功
2017-02-07T05:43:29: 读取文件成功
2017-02-07T05:43:39: 读取文件成功
2017-02-07T05:43:49: 读取文件成功
2017-02-07T05:43:59: 读取文件成功
2017-02-07T05:44:09: 读取文件成功
2017-02-07T05:44:19: 读取文件成功
2017-02-07T05:44:29: 读取文件成功
2017-02-07T05:44:39: 读取文件成功
2017-02-07T05:44:49: 读取文件成功
2017-02-07T05:44:59: 读取文件成功
2017-02-07T05:45:09: 读取文件成功
2017-02-07T05:45:19: 读取文件成功
2017-02-07T05:45:30: 读取文件成功
2017-02-07T05:45:40: 读取文件成功
2017-02-07T05:45:50: 读取文件成功
2017-02-07T05:46:00: 读取文件成功
2017-02-07T05:46:10: 读取文件成功
2017-02-07T05:46:20: 读取文件成功
2017-02-07T05:46:30: 读取文件成功
2017-02-07T05:46:40: 读取文件成功
2017-02-07T05:46:50: 读取文件成功
2017-02-07T05:47:00: 读取文件成功
2017-02-07T05:47:10: 读取文件成功
2017-02-07T05:47:20: 读取文件成功
2017-02-07T05:47:30: 读取文件成功
2017-02-07T05:47:40: 读取文件成功
2017-02-07T05:47:50: 读取文件成功
2017-02-07T05:48:00: 读取文件成功
2017-02-07T05:48:10: 读取文件成功
2017-02-07T05:48:20: 读取文件成功
2017-02-07T05:48:30: 读取文件成功
2017-02-07T05:48:40: 读取文件成功
2017-02-07T05:48:50: 读取文件成功
2017-02-07T05:49:00: 读取文件成功
2017-02-07T05:49:10: 读取文件成功
2017-02-07T05:49:20: 读取文件成功
2017-02-07T05:49:30: 读取文件成功
2017-02-07T05:49:40: 读取文件成功
2017-02-07T05:49:50: 读取文件成功
2017-02-07T05:50:00: 读取文件成功
2017-02-07T05:50:10: 读取文件成功
2017-02-07T05:50:20: 读取文件成功
2017-02-07T05:50:30: 读取文件成功
2017-02-07T05:50:40: 读取文件成功
2017-02-07T05:50:50: 读取文件成功
2017-02-07T05:51:00: 读取文件成功
2017-02-07T05:51:10: 读取文件成功
2017-02-07T05:51:20: 读取文件成功
2017-02-07T05:51:30: 读取文件成功
2017-02-07T05:51:40: 读取文件成功
2017-02-07T05:51:50: 读取文件成功
2017-02-07T05:52:00: 读取文件成功
2017-02-07T05:52:10: 读取文件成功
2017-02-07T05:52:20: 读取文件成功
2017-02-07T05:52:30: 读取文件成功
2017-02-07T05:52:40: 读取文件成功
2017-02-07T05:52:50: 读取文件成功
2017-02-07T05:53:00: 读取文件成功
2017-02-07T05:53:10: 读取文件成功
2017-02-07T05:53:20: 读取文件成功
2017-02-07T05:53:30: 读取文件成功
2017-02-07T05:53:40: 读取文件成功
2017-02-07T05:53:50: 读取文件成功
2017-02-07T05:54:00: 读取文件成功
2017-02-07T05:54:10: 读取文件成功
2017-02-07T05:54:20: 读取文件成功
2017-02-07T05:54:30: 读取文件成功
2017-02-07T05:54:40: 读取文件成功
2017-02-07T05:54:50: 读取文件成功
2017-02-07T05:55:00: 读取文件成功
2017-02-07T05:55:10: 读取文件成功
2017-02-07T05:55:20: 读取文件成功
2017-02-07T05:55:30: 读取文件成功
2017-02-07T05:55:40: 读取文件成功
2017-02-07T05:55:50: 读取文件成功
2017-02-07T05:56:00: 读取文件成功
2017-02-07T05:56:10: 读取文件成功
2017-02-07T05:56:20: 读取文件成功
2017-02-07T05:56:30: 读取文件成功
2017-02-07T05:56:40: 读取文件成功
2017-02-07T05:56:50: 读取文件成功
2017-02-07T05:57:00: 读取文件成功
2017-02-07T05:57:10: 读取文件成功
2017-02-07T05:57:20: 读取文件成功
2017-02-07T05:57:30: 读取文件成功
2017-02-07T05:57:40: 读取文件成功
2017-02-07T05:57:50: 读取文件成功
2017-02-07T05:58:00: 读取文件成功
2017-02-07T05:58:10: 读取文件成功
2017-02-07T05:58:20: 读取文件成功
2017-02-07T05:58:30: 读取文件成功
2017-02-07T05:58:40: 读取文件成功
2017-02-07T05:58:50: 读取文件成功
2017-02-07T05:59:00: 读取文件成功
2017-02-07T05:59:10: 读取文件成功
2017-02-07T05:59:20: 读取文件成功
2017-02-07T05:59:30: 读取文件成功
2017-02-07T05:59:40: 读取文件成功
2017-02-07T05:59:50: 读取文件成功
2017-02-07T06:00:00: 读取文件成功
2017-02-07T06:00:10: 读取文件成功
2017-02-07T06:00:20: 读取文件成功
2017-02-07T06:00:30: 读取文件成功
2017-02-07T06:00:40: 读取文件成功
2017-02-07T06:00:50: 读取文件成功
2017-02-07T06:01:00: 读取文件成功
2017-02-07T06:01:10: 读取文件成功
2017-02-07T06:01:20: 读取文件成功
2017-02-07T06:01:30: 读取文件成功
2017-02-07T06:01:40: 读取文件成功
2017-02-07T06:01:51: 读取文件成功
2017-02-07T06:02:01: 读取文件成功
2017-02-07T06:02:11: 读取文件成功
2017-02-07T06:02:21: 读取文件成功
2017-02-07T06:02:31: 读取文件成功
2017-02-07T06:02:41: 读取文件成功
2017-02-07T06:02:51: 读取文件成功
2017-02-07T06:03:01: 读取文件成功
2017-02-07T06:03:11: 读取文件成功
2017-02-07T06:03:21: 读取文件成功
2017-02-07T06:03:31: 读取文件成功
2017-02-07T06:03:41: 读取文件成功
2017-02-07T06:03:51: 读取文件成功
2017-02-07T06:04:01: 读取文件成功
2017-02-07T06:04:11: 读取文件成功
2017-02-07T06:04:21: 读取文件成功
2017-02-07T06:04:31: 读取文件成功
2017-02-07T06:04:41: 读取文件成功
2017-02-07T06:04:51: 读取文件成功
2017-02-07T06:05:01: 读取文件成功
2017-02-07T06:05:11: 读取文件成功
2017-02-07T06:05:21: 读取文件成功
2017-02-07T06:05:31: 读取文件成功
2017-02-07T06:05:41: 读取文件成功
2017-02-07T06:05:51: 读取文件成功
2017-02-07T06:06:01: 读取文件成功
2017-02-07T06:06:11: 读取文件成功
2017-02-07T06:06:21: 读取文件成功
2017-02-07T06:06:31: 读取文件成功
2017-02-07T06:06:41: 读取文件成功
2017-02-07T06:06:51: 读取文件成功
2017-02-07T06:07:01: 读取文件成功
2017-02-07T06:07:11: 读取文件成功
2017-02-07T06:07:21: 读取文件成功
2017-02-07T06:07:31: 读取文件成功
2017-02-07T06:07:41: 读取文件成功
2017-02-07T06:07:51: 读取文件成功
2017-02-07T06:08:01: 读取文件成功
2017-02-07T06:08:11: 读取文件成功
2017-02-07T06:08:21: 读取文件成功
2017-02-07T06:08:31: 读取文件成功
2017-02-07T06:08:41: 读取文件成功
2017-02-07T06:08:51: 读取文件成功
2017-02-07T06:09:01: 读取文件成功
2017-02-07T06:09:11: 读取文件成功
2017-02-07T06:09:21: 读取文件成功
2017-02-07T06:09:31: 读取文件成功
2017-02-07T06:09:41: 读取文件成功
2017-02-07T06:09:51: 读取文件成功
2017-02-07T06:10:01: 读取文件成功
2017-02-07T06:10:11: 读取文件成功
2017-02-07T06:10:21: 读取文件成功
2017-02-07T06:10:31: 读取文件成功
2017-02-07T06:10:41: 读取文件成功
2017-02-07T06:10:51: 读取文件成功
2017-02-07T06:11:01: 读取文件成功
2017-02-07T06:11:11: 读取文件成功
2017-02-07T06:11:21: 读取文件成功
2017-02-07T06:11:31: 读取文件成功
2017-02-07T06:11:41: 读取文件成功
2017-02-07T06:11:51: 读取文件成功
2017-02-07T06:12:01: 读取文件成功
2017-02-07T06:12:11: 读取文件成功
2017-02-07T06:12:21: 读取文件成功
2017-02-07T06:12:31: 读取文件成功
2017-02-07T06:12:41: 读取文件成功
2017-02-07T06:12:51: 读取文件成功
2017-02-07T06:13:01: 读取文件成功
2017-02-07T06:13:11: 读取文件成功
2017-02-07T06:13:21: 读取文件成功
2017-02-07T06:13:31: 读取文件成功
2017-02-07T06:13:41: 读取文件成功
2017-02-07T06:13:51: 读取文件成功
2017-02-07T06:14:01: 读取文件成功
2017-02-07T06:14:11: 读取文件成功
2017-02-07T06:14:21: 读取文件成功
2017-02-07T06:14:31: 读取文件成功
2017-02-07T06:14:41: 读取文件成功
2017-02-07T06:14:51: 读取文件成功
2017-02-07T06:15:01: 读取文件成功
2017-02-07T06:15:11: 读取文件成功
2017-02-07T06:15:21: 读取文件成功
2017-02-07T06:15:31: 读取文件成功
2017-02-07T06:15:41: 读取文件成功
2017-02-07T06:15:51: 读取文件成功
2017-02-07T06:16:01: 读取文件成功
2017-02-07T06:16:11: 读取文件成功
2017-02-07T06:16:21: 读取文件成功
2017-02-07T06:16:31: 读取文件成功
2017-02-07T06:16:41: 读取文件成功
2017-02-07T06:16:51: 读取文件成功
2017-02-07T06:17:01: 读取文件成功
2017-02-07T06:17:11: 读取文件成功
2017-02-07T06:17:21: 读取文件成功
2017-02-07T06:17:31: 读取文件成功
2017-02-07T06:17:41: 读取文件成功
2017-02-07T06:17:51: 读取文件成功
2017-02-07T06:18:01: 读取文件成功
2017-02-07T06:18:11: 读取文件成功
2017-02-07T06:18:22: 读取文件成功
2017-02-07T06:18:32: 读取文件成功
2017-02-07T06:18:42: 读取文件成功
2017-02-07T06:18:52: 读取文件成功
2017-02-07T06:19:02: 读取文件成功
2017-02-07T06:19:12: 读取文件成功
2017-02-07T06:19:22: 读取文件成功
2017-02-07T06:19:32: 读取文件成功
2017-02-07T06:19:42: 读取文件成功
2017-02-07T06:19:52: 读取文件成功
2017-02-07T06:20:02: 读取文件成功
2017-02-07T06:20:12: 读取文件成功
2017-02-07T06:20:22: 读取文件成功
2017-02-07T06:20:32: 读取文件成功
2017-02-07T06:20:42: 读取文件成功
2017-02-07T06:20:52: 读取文件成功
2017-02-07T06:21:02: 读取文件成功
2017-02-07T06:21:12: 读取文件成功
2017-02-07T06:21:22: 读取文件成功
2017-02-07T06:21:32: 读取文件成功
2017-02-07T06:21:42: 读取文件成功
2017-02-07T06:21:52: 读取文件成功
2017-02-07T06:22:02: 读取文件成功
2017-02-07T06:22:12: 读取文件成功
2017-02-07T06:22:22: 读取文件成功
2017-02-07T06:22:32: 读取文件成功
2017-02-07T06:22:42: 读取文件成功
2017-02-07T06:22:52: 读取文件成功
2017-02-07T06:23:02: 读取文件成功
2017-02-07T06:23:12: 读取文件成功
2017-02-07T06:23:22: 读取文件成功
2017-02-07T06:23:32: 读取文件成功
2017-02-07T06:23:42: 读取文件成功
2017-02-07T06:23:52: 读取文件成功
2017-02-07T06:24:02: 读取文件成功
2017-02-07T06:24:12: 读取文件成功
2017-02-07T06:24:22: 读取文件成功
2017-02-07T06:24:32: 读取文件成功
2017-02-07T06:24:42: 读取文件成功
2017-02-07T06:24:52: 读取文件成功
2017-02-07T06:25:02: 读取文件成功
2017-02-07T06:25:12: 读取文件成功
2017-02-07T06:25:22: 读取文件成功
2017-02-07T06:25:32: 读取文件成功
2017-02-07T06:25:42: 读取文件成功
2017-02-07T06:25:52: 读取文件成功
2017-02-07T06:26:02: 读取文件成功
2017-02-07T06:26:12: 读取文件成功
2017-02-07T06:26:22: 读取文件成功
2017-02-07T06:26:32: 读取文件成功
2017-02-07T06:26:42: 读取文件成功
2017-02-07T06:26:52: 读取文件成功
2017-02-07T06:27:02: 读取文件成功
2017-02-07T06:27:12: 读取文件成功
2017-02-07T06:27:22: 读取文件成功
2017-02-07T06:27:32: 读取文件成功
2017-02-07T06:27:42: 读取文件成功
2017-02-07T06:27:52: 读取文件成功
2017-02-07T06:28:02: 读取文件成功
2017-02-07T06:28:12: 读取文件成功
2017-02-07T06:28:22: 读取文件成功
2017-02-07T06:28:32: 读取文件成功
2017-02-07T06:28:42: 读取文件成功
2017-02-07T06:28:52: 读取文件成功
2017-02-07T06:29:02: 读取文件成功
