2017-03-04T00:00:06: 非记录时间：2017-03-04T00:00:06+08:00
2017-03-04T00:00:16: 非记录时间：2017-03-04T00:00:16+08:00
2017-03-04T00:00:26: 非记录时间：2017-03-04T00:00:26+08:00
2017-03-04T00:00:36: 非记录时间：2017-03-04T00:00:36+08:00
2017-03-04T00:00:46: 非记录时间：2017-03-04T00:00:46+08:00
2017-03-04T00:00:56: 非记录时间：2017-03-04T00:00:56+08:00
2017-03-04T00:01:06: 非记录时间：2017-03-04T00:01:06+08:00
2017-03-04T00:01:16: 非记录时间：2017-03-04T00:01:16+08:00
2017-03-04T00:01:26: 非记录时间：2017-03-04T00:01:26+08:00
2017-03-04T00:01:36: 非记录时间：2017-03-04T00:01:36+08:00
2017-03-04T00:01:46: 非记录时间：2017-03-04T00:01:46+08:00
2017-03-04T00:01:56: 非记录时间：2017-03-04T00:01:56+08:00
2017-03-04T00:02:06: 非记录时间：2017-03-04T00:02:06+08:00
2017-03-04T00:02:16: 非记录时间：2017-03-04T00:02:16+08:00
2017-03-04T00:02:26: 非记录时间：2017-03-04T00:02:26+08:00
2017-03-04T00:02:36: 非记录时间：2017-03-04T00:02:36+08:00
2017-03-04T00:02:46: 非记录时间：2017-03-04T00:02:46+08:00
2017-03-04T00:02:56: 非记录时间：2017-03-04T00:02:56+08:00
2017-03-04T00:03:06: 非记录时间：2017-03-04T00:03:06+08:00
2017-03-04T00:03:16: 非记录时间：2017-03-04T00:03:16+08:00
2017-03-04T00:03:26: 非记录时间：2017-03-04T00:03:26+08:00
2017-03-04T00:03:36: 非记录时间：2017-03-04T00:03:36+08:00
2017-03-04T00:03:46: 非记录时间：2017-03-04T00:03:46+08:00
2017-03-04T00:03:56: 非记录时间：2017-03-04T00:03:56+08:00
2017-03-04T00:04:06: 非记录时间：2017-03-04T00:04:06+08:00
2017-03-04T00:04:16: 非记录时间：2017-03-04T00:04:16+08:00
2017-03-04T00:04:26: 非记录时间：2017-03-04T00:04:26+08:00
2017-03-04T00:04:36: 非记录时间：2017-03-04T00:04:36+08:00
2017-03-04T00:04:46: 非记录时间：2017-03-04T00:04:46+08:00
2017-03-04T00:04:56: 非记录时间：2017-03-04T00:04:56+08:00
2017-03-04T00:05:06: 非记录时间：2017-03-04T00:05:06+08:00
2017-03-04T00:05:16: 非记录时间：2017-03-04T00:05:16+08:00
2017-03-04T00:05:26: 非记录时间：2017-03-04T00:05:26+08:00
2017-03-04T00:05:36: 非记录时间：2017-03-04T00:05:36+08:00
2017-03-04T00:05:46: 非记录时间：2017-03-04T00:05:46+08:00
2017-03-04T00:05:56: 非记录时间：2017-03-04T00:05:56+08:00
2017-03-04T00:06:06: 非记录时间：2017-03-04T00:06:06+08:00
2017-03-04T00:06:16: 非记录时间：2017-03-04T00:06:16+08:00
2017-03-04T00:06:26: 非记录时间：2017-03-04T00:06:26+08:00
2017-03-04T00:06:36: 非记录时间：2017-03-04T00:06:36+08:00
2017-03-04T00:06:46: 非记录时间：2017-03-04T00:06:46+08:00
2017-03-04T00:06:56: 非记录时间：2017-03-04T00:06:56+08:00
2017-03-04T00:07:06: 非记录时间：2017-03-04T00:07:06+08:00
2017-03-04T00:07:16: 非记录时间：2017-03-04T00:07:16+08:00
2017-03-04T00:07:26: 非记录时间：2017-03-04T00:07:26+08:00
2017-03-04T00:07:36: 非记录时间：2017-03-04T00:07:36+08:00
2017-03-04T00:07:46: 非记录时间：2017-03-04T00:07:46+08:00
2017-03-04T00:07:56: 非记录时间：2017-03-04T00:07:56+08:00
2017-03-04T00:08:06: 非记录时间：2017-03-04T00:08:06+08:00
2017-03-04T00:08:16: 非记录时间：2017-03-04T00:08:16+08:00
2017-03-04T00:08:26: 非记录时间：2017-03-04T00:08:26+08:00
2017-03-04T00:08:36: 非记录时间：2017-03-04T00:08:36+08:00
2017-03-04T00:08:46: 非记录时间：2017-03-04T00:08:46+08:00
2017-03-04T00:08:56: 非记录时间：2017-03-04T00:08:56+08:00
2017-03-04T00:09:06: 非记录时间：2017-03-04T00:09:06+08:00
2017-03-04T00:09:16: 非记录时间：2017-03-04T00:09:16+08:00
2017-03-04T00:09:26: 非记录时间：2017-03-04T00:09:26+08:00
2017-03-04T00:09:36: 非记录时间：2017-03-04T00:09:36+08:00
2017-03-04T00:09:46: 非记录时间：2017-03-04T00:09:46+08:00
2017-03-04T00:09:56: 非记录时间：2017-03-04T00:09:56+08:00
2017-03-04T00:10:06: 非记录时间：2017-03-04T00:10:06+08:00
2017-03-04T00:10:16: 非记录时间：2017-03-04T00:10:16+08:00
2017-03-04T00:10:26: 非记录时间：2017-03-04T00:10:26+08:00
2017-03-04T00:10:36: 非记录时间：2017-03-04T00:10:36+08:00
2017-03-04T00:10:46: 非记录时间：2017-03-04T00:10:46+08:00
2017-03-04T00:10:56: 非记录时间：2017-03-04T00:10:56+08:00
2017-03-04T00:11:06: 非记录时间：2017-03-04T00:11:06+08:00
2017-03-04T00:11:16: 非记录时间：2017-03-04T00:11:16+08:00
2017-03-04T00:11:26: 非记录时间：2017-03-04T00:11:26+08:00
2017-03-04T00:11:36: 非记录时间：2017-03-04T00:11:36+08:00
2017-03-04T00:11:46: 非记录时间：2017-03-04T00:11:46+08:00
2017-03-04T00:11:56: 非记录时间：2017-03-04T00:11:56+08:00
2017-03-04T00:12:06: 非记录时间：2017-03-04T00:12:06+08:00
2017-03-04T00:12:16: 非记录时间：2017-03-04T00:12:16+08:00
2017-03-04T00:12:26: 非记录时间：2017-03-04T00:12:26+08:00
2017-03-04T00:12:36: 非记录时间：2017-03-04T00:12:36+08:00
2017-03-04T00:12:46: 非记录时间：2017-03-04T00:12:46+08:00
2017-03-04T00:12:56: 非记录时间：2017-03-04T00:12:56+08:00
2017-03-04T00:13:06: 非记录时间：2017-03-04T00:13:06+08:00
2017-03-04T00:13:16: 非记录时间：2017-03-04T00:13:16+08:00
2017-03-04T00:13:26: 非记录时间：2017-03-04T00:13:26+08:00
2017-03-04T00:13:36: 非记录时间：2017-03-04T00:13:36+08:00
2017-03-04T00:13:46: 非记录时间：2017-03-04T00:13:46+08:00
2017-03-04T00:13:56: 非记录时间：2017-03-04T00:13:56+08:00
2017-03-04T00:14:06: 非记录时间：2017-03-04T00:14:06+08:00
2017-03-04T00:14:16: 非记录时间：2017-03-04T00:14:16+08:00
2017-03-04T00:14:26: 非记录时间：2017-03-04T00:14:26+08:00
2017-03-04T00:14:36: 非记录时间：2017-03-04T00:14:36+08:00
2017-03-04T00:14:46: 非记录时间：2017-03-04T00:14:46+08:00
2017-03-04T00:14:56: 非记录时间：2017-03-04T00:14:56+08:00
2017-03-04T00:15:06: 非记录时间：2017-03-04T00:15:06+08:00
2017-03-04T00:15:16: 非记录时间：2017-03-04T00:15:16+08:00
2017-03-04T00:15:26: 非记录时间：2017-03-04T00:15:26+08:00
2017-03-04T00:15:36: 非记录时间：2017-03-04T00:15:36+08:00
2017-03-04T00:15:46: 非记录时间：2017-03-04T00:15:46+08:00
2017-03-04T00:15:56: 非记录时间：2017-03-04T00:15:56+08:00
2017-03-04T00:16:06: 非记录时间：2017-03-04T00:16:06+08:00
2017-03-04T00:16:16: 非记录时间：2017-03-04T00:16:16+08:00
2017-03-04T00:16:26: 非记录时间：2017-03-04T00:16:26+08:00
2017-03-04T00:16:36: 非记录时间：2017-03-04T00:16:36+08:00
2017-03-04T00:16:46: 非记录时间：2017-03-04T00:16:46+08:00
2017-03-04T00:16:56: 非记录时间：2017-03-04T00:16:56+08:00
2017-03-04T00:17:06: 非记录时间：2017-03-04T00:17:06+08:00
2017-03-04T00:17:16: 非记录时间：2017-03-04T00:17:16+08:00
2017-03-04T00:17:26: 非记录时间：2017-03-04T00:17:26+08:00
2017-03-04T00:17:36: 非记录时间：2017-03-04T00:17:36+08:00
2017-03-04T00:17:46: 非记录时间：2017-03-04T00:17:46+08:00
2017-03-04T00:17:56: 非记录时间：2017-03-04T00:17:56+08:00
2017-03-04T00:18:06: 非记录时间：2017-03-04T00:18:06+08:00
2017-03-04T00:18:16: 非记录时间：2017-03-04T00:18:16+08:00
2017-03-04T00:18:26: 非记录时间：2017-03-04T00:18:26+08:00
2017-03-04T00:18:36: 非记录时间：2017-03-04T00:18:36+08:00
2017-03-04T00:18:47: 非记录时间：2017-03-04T00:18:46+08:00
2017-03-04T00:18:57: 非记录时间：2017-03-04T00:18:57+08:00
2017-03-04T00:19:07: 非记录时间：2017-03-04T00:19:07+08:00
2017-03-04T00:19:17: 非记录时间：2017-03-04T00:19:17+08:00
2017-03-04T00:19:27: 非记录时间：2017-03-04T00:19:27+08:00
2017-03-04T00:19:37: 非记录时间：2017-03-04T00:19:37+08:00
2017-03-04T00:19:47: 非记录时间：2017-03-04T00:19:47+08:00
2017-03-04T00:19:57: 非记录时间：2017-03-04T00:19:57+08:00
2017-03-04T00:20:07: 非记录时间：2017-03-04T00:20:07+08:00
2017-03-04T00:20:17: 非记录时间：2017-03-04T00:20:17+08:00
2017-03-04T00:20:27: 非记录时间：2017-03-04T00:20:27+08:00
2017-03-04T00:20:37: 非记录时间：2017-03-04T00:20:37+08:00
2017-03-04T00:20:47: 非记录时间：2017-03-04T00:20:47+08:00
2017-03-04T00:20:57: 非记录时间：2017-03-04T00:20:57+08:00
2017-03-04T00:21:07: 非记录时间：2017-03-04T00:21:07+08:00
2017-03-04T00:21:17: 非记录时间：2017-03-04T00:21:17+08:00
2017-03-04T00:21:27: 非记录时间：2017-03-04T00:21:27+08:00
2017-03-04T00:21:37: 非记录时间：2017-03-04T00:21:37+08:00
2017-03-04T00:21:47: 非记录时间：2017-03-04T00:21:47+08:00
2017-03-04T00:21:57: 非记录时间：2017-03-04T00:21:57+08:00
2017-03-04T00:22:07: 非记录时间：2017-03-04T00:22:07+08:00
2017-03-04T00:22:17: 非记录时间：2017-03-04T00:22:17+08:00
2017-03-04T00:22:27: 非记录时间：2017-03-04T00:22:27+08:00
2017-03-04T00:22:37: 非记录时间：2017-03-04T00:22:37+08:00
2017-03-04T00:22:47: 非记录时间：2017-03-04T00:22:47+08:00
2017-03-04T00:22:57: 非记录时间：2017-03-04T00:22:57+08:00
2017-03-04T00:23:07: 非记录时间：2017-03-04T00:23:07+08:00
2017-03-04T00:23:17: 非记录时间：2017-03-04T00:23:17+08:00
2017-03-04T00:23:27: 非记录时间：2017-03-04T00:23:27+08:00
2017-03-04T00:23:37: 非记录时间：2017-03-04T00:23:37+08:00
2017-03-04T00:23:47: 非记录时间：2017-03-04T00:23:47+08:00
2017-03-04T00:23:57: 非记录时间：2017-03-04T00:23:57+08:00
2017-03-04T00:24:07: 非记录时间：2017-03-04T00:24:07+08:00
2017-03-04T00:24:17: 非记录时间：2017-03-04T00:24:17+08:00
2017-03-04T00:24:27: 非记录时间：2017-03-04T00:24:27+08:00
2017-03-04T00:24:37: 非记录时间：2017-03-04T00:24:37+08:00
2017-03-04T00:24:47: 非记录时间：2017-03-04T00:24:47+08:00
2017-03-04T00:24:57: 非记录时间：2017-03-04T00:24:57+08:00
2017-03-04T00:25:07: 非记录时间：2017-03-04T00:25:07+08:00
2017-03-04T00:25:17: 非记录时间：2017-03-04T00:25:17+08:00
2017-03-04T00:25:27: 非记录时间：2017-03-04T00:25:27+08:00
2017-03-04T00:25:37: 非记录时间：2017-03-04T00:25:37+08:00
2017-03-04T00:25:47: 非记录时间：2017-03-04T00:25:47+08:00
2017-03-04T00:25:57: 非记录时间：2017-03-04T00:25:57+08:00
2017-03-04T00:26:07: 非记录时间：2017-03-04T00:26:07+08:00
2017-03-04T00:26:17: 非记录时间：2017-03-04T00:26:17+08:00
2017-03-04T00:26:27: 非记录时间：2017-03-04T00:26:27+08:00
2017-03-04T00:26:37: 非记录时间：2017-03-04T00:26:37+08:00
2017-03-04T00:26:47: 非记录时间：2017-03-04T00:26:47+08:00
2017-03-04T00:26:57: 非记录时间：2017-03-04T00:26:57+08:00
2017-03-04T00:27:07: 非记录时间：2017-03-04T00:27:07+08:00
2017-03-04T00:27:17: 非记录时间：2017-03-04T00:27:17+08:00
2017-03-04T00:27:27: 非记录时间：2017-03-04T00:27:27+08:00
2017-03-04T00:27:37: 非记录时间：2017-03-04T00:27:37+08:00
2017-03-04T00:27:47: 非记录时间：2017-03-04T00:27:47+08:00
2017-03-04T00:27:57: 非记录时间：2017-03-04T00:27:57+08:00
2017-03-04T00:28:07: 非记录时间：2017-03-04T00:28:07+08:00
2017-03-04T00:28:17: 非记录时间：2017-03-04T00:28:17+08:00
2017-03-04T00:28:27: 非记录时间：2017-03-04T00:28:27+08:00
2017-03-04T00:28:37: 非记录时间：2017-03-04T00:28:37+08:00
2017-03-04T00:28:47: 非记录时间：2017-03-04T00:28:47+08:00
2017-03-04T00:28:57: 非记录时间：2017-03-04T00:28:57+08:00
2017-03-04T00:29:07: 非记录时间：2017-03-04T00:29:07+08:00
2017-03-04T00:29:17: 非记录时间：2017-03-04T00:29:17+08:00
2017-03-04T00:29:27: 非记录时间：2017-03-04T00:29:27+08:00
2017-03-04T00:29:37: 非记录时间：2017-03-04T00:29:37+08:00
2017-03-04T00:29:47: 非记录时间：2017-03-04T00:29:47+08:00
2017-03-04T00:29:57: 非记录时间：2017-03-04T00:29:57+08:00
2017-03-04T00:30:07: 非记录时间：2017-03-04T00:30:07+08:00
2017-03-04T00:30:17: 非记录时间：2017-03-04T00:30:17+08:00
2017-03-04T00:30:27: 非记录时间：2017-03-04T00:30:27+08:00
2017-03-04T00:30:37: 非记录时间：2017-03-04T00:30:37+08:00
2017-03-04T00:30:47: 非记录时间：2017-03-04T00:30:47+08:00
2017-03-04T00:30:57: 非记录时间：2017-03-04T00:30:57+08:00
2017-03-04T00:31:07: 非记录时间：2017-03-04T00:31:07+08:00
2017-03-04T00:31:17: 非记录时间：2017-03-04T00:31:17+08:00
2017-03-04T00:31:27: 非记录时间：2017-03-04T00:31:27+08:00
2017-03-04T00:31:37: 非记录时间：2017-03-04T00:31:37+08:00
2017-03-04T00:31:47: 非记录时间：2017-03-04T00:31:47+08:00
2017-03-04T00:31:57: 非记录时间：2017-03-04T00:31:57+08:00
2017-03-04T00:32:07: 非记录时间：2017-03-04T00:32:07+08:00
2017-03-04T00:32:17: 非记录时间：2017-03-04T00:32:17+08:00
2017-03-04T00:32:27: 非记录时间：2017-03-04T00:32:27+08:00
2017-03-04T00:32:37: 非记录时间：2017-03-04T00:32:37+08:00
2017-03-04T00:32:47: 非记录时间：2017-03-04T00:32:47+08:00
2017-03-04T00:32:57: 非记录时间：2017-03-04T00:32:57+08:00
2017-03-04T00:33:07: 非记录时间：2017-03-04T00:33:07+08:00
2017-03-04T00:33:17: 非记录时间：2017-03-04T00:33:17+08:00
2017-03-04T00:33:27: 非记录时间：2017-03-04T00:33:27+08:00
2017-03-04T00:33:37: 非记录时间：2017-03-04T00:33:37+08:00
2017-03-04T00:33:47: 非记录时间：2017-03-04T00:33:47+08:00
2017-03-04T00:33:57: 非记录时间：2017-03-04T00:33:57+08:00
2017-03-04T00:34:07: 非记录时间：2017-03-04T00:34:07+08:00
2017-03-04T00:34:17: 非记录时间：2017-03-04T00:34:17+08:00
2017-03-04T00:34:27: 非记录时间：2017-03-04T00:34:27+08:00
2017-03-04T00:34:37: 非记录时间：2017-03-04T00:34:37+08:00
2017-03-04T00:34:47: 非记录时间：2017-03-04T00:34:47+08:00
2017-03-04T00:34:57: 非记录时间：2017-03-04T00:34:57+08:00
2017-03-04T00:35:07: 非记录时间：2017-03-04T00:35:07+08:00
2017-03-04T00:35:17: 非记录时间：2017-03-04T00:35:17+08:00
2017-03-04T00:35:27: 非记录时间：2017-03-04T00:35:27+08:00
2017-03-04T00:35:37: 非记录时间：2017-03-04T00:35:37+08:00
2017-03-04T00:35:47: 非记录时间：2017-03-04T00:35:47+08:00
2017-03-04T00:35:57: 非记录时间：2017-03-04T00:35:57+08:00
2017-03-04T00:36:07: 非记录时间：2017-03-04T00:36:07+08:00
2017-03-04T00:36:17: 非记录时间：2017-03-04T00:36:17+08:00
2017-03-04T00:36:27: 非记录时间：2017-03-04T00:36:27+08:00
2017-03-04T00:36:37: 非记录时间：2017-03-04T00:36:37+08:00
2017-03-04T00:36:47: 非记录时间：2017-03-04T00:36:47+08:00
2017-03-04T00:36:57: 非记录时间：2017-03-04T00:36:57+08:00
2017-03-04T00:37:07: 非记录时间：2017-03-04T00:37:07+08:00
2017-03-04T00:37:17: 非记录时间：2017-03-04T00:37:17+08:00
2017-03-04T00:37:27: 非记录时间：2017-03-04T00:37:27+08:00
2017-03-04T00:37:37: 非记录时间：2017-03-04T00:37:37+08:00
2017-03-04T00:37:47: 非记录时间：2017-03-04T00:37:47+08:00
2017-03-04T00:37:57: 非记录时间：2017-03-04T00:37:57+08:00
2017-03-04T00:38:07: 非记录时间：2017-03-04T00:38:07+08:00
2017-03-04T00:38:17: 非记录时间：2017-03-04T00:38:17+08:00
2017-03-04T00:38:27: 非记录时间：2017-03-04T00:38:27+08:00
2017-03-04T00:38:37: 非记录时间：2017-03-04T00:38:37+08:00
2017-03-04T00:38:47: 非记录时间：2017-03-04T00:38:47+08:00
2017-03-04T00:38:57: 非记录时间：2017-03-04T00:38:57+08:00
2017-03-04T00:39:07: 非记录时间：2017-03-04T00:39:07+08:00
2017-03-04T00:39:17: 非记录时间：2017-03-04T00:39:17+08:00
2017-03-04T00:39:27: 非记录时间：2017-03-04T00:39:27+08:00
2017-03-04T00:39:37: 非记录时间：2017-03-04T00:39:37+08:00
2017-03-04T00:39:47: 非记录时间：2017-03-04T00:39:47+08:00
2017-03-04T00:39:57: 非记录时间：2017-03-04T00:39:57+08:00
2017-03-04T00:40:07: 非记录时间：2017-03-04T00:40:07+08:00
2017-03-04T00:40:17: 非记录时间：2017-03-04T00:40:17+08:00
2017-03-04T00:40:27: 非记录时间：2017-03-04T00:40:27+08:00
2017-03-04T00:40:37: 非记录时间：2017-03-04T00:40:37+08:00
2017-03-04T00:40:47: 非记录时间：2017-03-04T00:40:47+08:00
2017-03-04T00:40:57: 非记录时间：2017-03-04T00:40:57+08:00
2017-03-04T00:41:07: 非记录时间：2017-03-04T00:41:07+08:00
2017-03-04T00:41:17: 非记录时间：2017-03-04T00:41:17+08:00
2017-03-04T00:41:27: 非记录时间：2017-03-04T00:41:27+08:00
2017-03-04T00:41:37: 非记录时间：2017-03-04T00:41:37+08:00
2017-03-04T00:41:47: 非记录时间：2017-03-04T00:41:47+08:00
2017-03-04T00:41:57: 非记录时间：2017-03-04T00:41:57+08:00
2017-03-04T00:42:07: 非记录时间：2017-03-04T00:42:07+08:00
2017-03-04T00:42:17: 非记录时间：2017-03-04T00:42:17+08:00
2017-03-04T00:42:27: 非记录时间：2017-03-04T00:42:27+08:00
2017-03-04T00:42:37: 非记录时间：2017-03-04T00:42:37+08:00
2017-03-04T00:42:47: 非记录时间：2017-03-04T00:42:47+08:00
2017-03-04T00:42:57: 非记录时间：2017-03-04T00:42:57+08:00
2017-03-04T00:43:07: 非记录时间：2017-03-04T00:43:07+08:00
2017-03-04T00:43:17: 非记录时间：2017-03-04T00:43:17+08:00
2017-03-04T00:43:27: 非记录时间：2017-03-04T00:43:27+08:00
2017-03-04T00:43:37: 非记录时间：2017-03-04T00:43:37+08:00
2017-03-04T00:43:47: 非记录时间：2017-03-04T00:43:47+08:00
2017-03-04T00:43:57: 非记录时间：2017-03-04T00:43:57+08:00
2017-03-04T00:44:07: 非记录时间：2017-03-04T00:44:07+08:00
2017-03-04T00:44:17: 非记录时间：2017-03-04T00:44:17+08:00
2017-03-04T00:44:27: 非记录时间：2017-03-04T00:44:27+08:00
2017-03-04T00:44:37: 非记录时间：2017-03-04T00:44:37+08:00
2017-03-04T00:44:47: 非记录时间：2017-03-04T00:44:47+08:00
2017-03-04T00:44:57: 非记录时间：2017-03-04T00:44:57+08:00
2017-03-04T00:45:07: 非记录时间：2017-03-04T00:45:07+08:00
2017-03-04T00:45:17: 非记录时间：2017-03-04T00:45:17+08:00
2017-03-04T00:45:27: 非记录时间：2017-03-04T00:45:27+08:00
2017-03-04T00:45:37: 非记录时间：2017-03-04T00:45:37+08:00
2017-03-04T00:45:47: 非记录时间：2017-03-04T00:45:47+08:00
2017-03-04T00:45:57: 非记录时间：2017-03-04T00:45:57+08:00
2017-03-04T00:46:07: 非记录时间：2017-03-04T00:46:07+08:00
2017-03-04T00:46:17: 非记录时间：2017-03-04T00:46:17+08:00
2017-03-04T00:46:27: 非记录时间：2017-03-04T00:46:27+08:00
2017-03-04T00:46:37: 非记录时间：2017-03-04T00:46:37+08:00
2017-03-04T00:46:47: 非记录时间：2017-03-04T00:46:47+08:00
2017-03-04T00:46:57: 非记录时间：2017-03-04T00:46:57+08:00
2017-03-04T00:47:07: 非记录时间：2017-03-04T00:47:07+08:00
2017-03-04T00:47:17: 非记录时间：2017-03-04T00:47:17+08:00
2017-03-04T00:47:27: 非记录时间：2017-03-04T00:47:27+08:00
2017-03-04T00:47:37: 非记录时间：2017-03-04T00:47:37+08:00
2017-03-04T00:47:47: 非记录时间：2017-03-04T00:47:47+08:00
2017-03-04T00:47:57: 非记录时间：2017-03-04T00:47:57+08:00
2017-03-04T00:48:07: 非记录时间：2017-03-04T00:48:07+08:00
2017-03-04T00:48:17: 非记录时间：2017-03-04T00:48:17+08:00
2017-03-04T00:48:27: 非记录时间：2017-03-04T00:48:27+08:00
2017-03-04T00:48:37: 非记录时间：2017-03-04T00:48:37+08:00
2017-03-04T00:48:47: 非记录时间：2017-03-04T00:48:47+08:00
2017-03-04T00:48:57: 非记录时间：2017-03-04T00:48:57+08:00
2017-03-04T00:49:07: 非记录时间：2017-03-04T00:49:07+08:00
2017-03-04T00:49:17: 非记录时间：2017-03-04T00:49:17+08:00
2017-03-04T00:49:27: 非记录时间：2017-03-04T00:49:27+08:00
2017-03-04T00:49:37: 非记录时间：2017-03-04T00:49:37+08:00
2017-03-04T00:49:47: 非记录时间：2017-03-04T00:49:47+08:00
2017-03-04T00:49:57: 非记录时间：2017-03-04T00:49:57+08:00
2017-03-04T00:50:07: 非记录时间：2017-03-04T00:50:07+08:00
2017-03-04T00:50:17: 非记录时间：2017-03-04T00:50:17+08:00
2017-03-04T00:50:27: 非记录时间：2017-03-04T00:50:27+08:00
2017-03-04T00:50:37: 非记录时间：2017-03-04T00:50:37+08:00
2017-03-04T00:50:47: 非记录时间：2017-03-04T00:50:47+08:00
2017-03-04T00:50:57: 非记录时间：2017-03-04T00:50:57+08:00
2017-03-04T00:51:07: 非记录时间：2017-03-04T00:51:07+08:00
2017-03-04T00:51:17: 非记录时间：2017-03-04T00:51:17+08:00
2017-03-04T00:51:27: 非记录时间：2017-03-04T00:51:27+08:00
2017-03-04T00:51:37: 非记录时间：2017-03-04T00:51:37+08:00
2017-03-04T00:51:47: 非记录时间：2017-03-04T00:51:47+08:00
2017-03-04T00:51:57: 非记录时间：2017-03-04T00:51:57+08:00
2017-03-04T00:52:07: 非记录时间：2017-03-04T00:52:07+08:00
2017-03-04T00:52:17: 非记录时间：2017-03-04T00:52:17+08:00
2017-03-04T00:52:27: 非记录时间：2017-03-04T00:52:27+08:00
2017-03-04T00:52:37: 非记录时间：2017-03-04T00:52:37+08:00
2017-03-04T00:52:47: 非记录时间：2017-03-04T00:52:47+08:00
2017-03-04T00:52:57: 非记录时间：2017-03-04T00:52:57+08:00
2017-03-04T00:53:07: 非记录时间：2017-03-04T00:53:07+08:00
2017-03-04T00:53:17: 非记录时间：2017-03-04T00:53:17+08:00
2017-03-04T00:53:27: 非记录时间：2017-03-04T00:53:27+08:00
2017-03-04T00:53:37: 非记录时间：2017-03-04T00:53:37+08:00
2017-03-04T00:53:47: 非记录时间：2017-03-04T00:53:47+08:00
2017-03-04T00:53:57: 非记录时间：2017-03-04T00:53:57+08:00
2017-03-04T00:54:07: 非记录时间：2017-03-04T00:54:07+08:00
2017-03-04T00:54:17: 非记录时间：2017-03-04T00:54:17+08:00
2017-03-04T00:54:27: 非记录时间：2017-03-04T00:54:27+08:00
2017-03-04T00:54:37: 非记录时间：2017-03-04T00:54:37+08:00
2017-03-04T00:54:47: 非记录时间：2017-03-04T00:54:47+08:00
2017-03-04T00:54:57: 非记录时间：2017-03-04T00:54:57+08:00
2017-03-04T00:55:07: 非记录时间：2017-03-04T00:55:07+08:00
2017-03-04T00:55:17: 非记录时间：2017-03-04T00:55:17+08:00
2017-03-04T00:55:27: 非记录时间：2017-03-04T00:55:27+08:00
2017-03-04T00:55:37: 非记录时间：2017-03-04T00:55:37+08:00
2017-03-04T00:55:47: 非记录时间：2017-03-04T00:55:47+08:00
2017-03-04T00:55:57: 非记录时间：2017-03-04T00:55:57+08:00
2017-03-04T00:56:07: 非记录时间：2017-03-04T00:56:07+08:00
2017-03-04T00:56:17: 非记录时间：2017-03-04T00:56:17+08:00
2017-03-04T00:56:27: 非记录时间：2017-03-04T00:56:27+08:00
2017-03-04T00:56:37: 非记录时间：2017-03-04T00:56:37+08:00
2017-03-04T00:56:47: 非记录时间：2017-03-04T00:56:47+08:00
2017-03-04T00:56:57: 非记录时间：2017-03-04T00:56:57+08:00
2017-03-04T00:57:07: 非记录时间：2017-03-04T00:57:07+08:00
2017-03-04T00:57:17: 非记录时间：2017-03-04T00:57:17+08:00
2017-03-04T00:57:27: 非记录时间：2017-03-04T00:57:27+08:00
2017-03-04T00:57:37: 非记录时间：2017-03-04T00:57:37+08:00
2017-03-04T00:57:47: 非记录时间：2017-03-04T00:57:47+08:00
2017-03-04T00:57:57: 非记录时间：2017-03-04T00:57:57+08:00
2017-03-04T00:58:07: 非记录时间：2017-03-04T00:58:07+08:00
2017-03-04T00:58:17: 非记录时间：2017-03-04T00:58:17+08:00
2017-03-04T00:58:27: 非记录时间：2017-03-04T00:58:27+08:00
2017-03-04T00:58:37: 非记录时间：2017-03-04T00:58:37+08:00
2017-03-04T00:58:47: 非记录时间：2017-03-04T00:58:47+08:00
2017-03-04T00:58:57: 非记录时间：2017-03-04T00:58:57+08:00
2017-03-04T00:59:07: 非记录时间：2017-03-04T00:59:07+08:00
2017-03-04T00:59:17: 非记录时间：2017-03-04T00:59:17+08:00
2017-03-04T00:59:27: 非记录时间：2017-03-04T00:59:27+08:00
2017-03-04T00:59:37: 非记录时间：2017-03-04T00:59:37+08:00
2017-03-04T00:59:47: 非记录时间：2017-03-04T00:59:47+08:00
2017-03-04T00:59:57: 非记录时间：2017-03-04T00:59:57+08:00
2017-03-04T01:00:07: 非记录时间：2017-03-04T01:00:07+08:00
2017-03-04T01:00:17: 非记录时间：2017-03-04T01:00:17+08:00
2017-03-04T01:00:27: 非记录时间：2017-03-04T01:00:27+08:00
2017-03-04T01:00:37: 非记录时间：2017-03-04T01:00:37+08:00
2017-03-04T01:00:47: 非记录时间：2017-03-04T01:00:47+08:00
2017-03-04T01:00:57: 非记录时间：2017-03-04T01:00:57+08:00
2017-03-04T01:01:07: 非记录时间：2017-03-04T01:01:07+08:00
2017-03-04T01:01:17: 非记录时间：2017-03-04T01:01:17+08:00
2017-03-04T01:01:27: 非记录时间：2017-03-04T01:01:27+08:00
2017-03-04T01:01:37: 非记录时间：2017-03-04T01:01:37+08:00
2017-03-04T01:01:47: 非记录时间：2017-03-04T01:01:47+08:00
2017-03-04T01:01:57: 非记录时间：2017-03-04T01:01:57+08:00
2017-03-04T01:02:07: 非记录时间：2017-03-04T01:02:07+08:00
2017-03-04T01:02:17: 非记录时间：2017-03-04T01:02:17+08:00
2017-03-04T01:02:27: 非记录时间：2017-03-04T01:02:27+08:00
2017-03-04T01:02:37: 非记录时间：2017-03-04T01:02:37+08:00
2017-03-04T01:02:47: 非记录时间：2017-03-04T01:02:47+08:00
2017-03-04T01:02:57: 非记录时间：2017-03-04T01:02:57+08:00
2017-03-04T01:03:07: 非记录时间：2017-03-04T01:03:07+08:00
2017-03-04T01:03:17: 非记录时间：2017-03-04T01:03:17+08:00
2017-03-04T01:03:27: 非记录时间：2017-03-04T01:03:27+08:00
2017-03-04T01:03:37: 非记录时间：2017-03-04T01:03:37+08:00
2017-03-04T01:03:47: 非记录时间：2017-03-04T01:03:47+08:00
2017-03-04T01:03:57: 非记录时间：2017-03-04T01:03:57+08:00
2017-03-04T01:04:07: 非记录时间：2017-03-04T01:04:07+08:00
2017-03-04T01:04:17: 非记录时间：2017-03-04T01:04:17+08:00
2017-03-04T01:04:27: 非记录时间：2017-03-04T01:04:27+08:00
2017-03-04T01:04:37: 非记录时间：2017-03-04T01:04:37+08:00
2017-03-04T01:04:47: 非记录时间：2017-03-04T01:04:47+08:00
2017-03-04T01:04:57: 非记录时间：2017-03-04T01:04:57+08:00
2017-03-04T01:05:07: 非记录时间：2017-03-04T01:05:07+08:00
2017-03-04T01:05:17: 非记录时间：2017-03-04T01:05:17+08:00
2017-03-04T01:05:27: 非记录时间：2017-03-04T01:05:27+08:00
2017-03-04T01:05:37: 非记录时间：2017-03-04T01:05:37+08:00
2017-03-04T01:05:47: 非记录时间：2017-03-04T01:05:47+08:00
2017-03-04T01:05:57: 非记录时间：2017-03-04T01:05:57+08:00
2017-03-04T01:06:07: 非记录时间：2017-03-04T01:06:07+08:00
2017-03-04T01:06:17: 非记录时间：2017-03-04T01:06:17+08:00
2017-03-04T01:06:27: 非记录时间：2017-03-04T01:06:27+08:00
2017-03-04T01:06:37: 非记录时间：2017-03-04T01:06:37+08:00
2017-03-04T01:06:47: 非记录时间：2017-03-04T01:06:47+08:00
2017-03-04T01:06:57: 非记录时间：2017-03-04T01:06:57+08:00
2017-03-04T01:07:07: 非记录时间：2017-03-04T01:07:07+08:00
2017-03-04T01:07:17: 非记录时间：2017-03-04T01:07:17+08:00
2017-03-04T01:07:27: 非记录时间：2017-03-04T01:07:27+08:00
2017-03-04T01:07:37: 非记录时间：2017-03-04T01:07:37+08:00
2017-03-04T01:07:47: 非记录时间：2017-03-04T01:07:47+08:00
2017-03-04T01:07:57: 非记录时间：2017-03-04T01:07:57+08:00
2017-03-04T01:08:07: 非记录时间：2017-03-04T01:08:07+08:00
2017-03-04T01:08:17: 非记录时间：2017-03-04T01:08:17+08:00
2017-03-04T01:08:27: 非记录时间：2017-03-04T01:08:27+08:00
2017-03-04T01:08:37: 非记录时间：2017-03-04T01:08:37+08:00
2017-03-04T01:08:47: 非记录时间：2017-03-04T01:08:47+08:00
2017-03-04T01:08:57: 非记录时间：2017-03-04T01:08:57+08:00
2017-03-04T01:09:07: 非记录时间：2017-03-04T01:09:07+08:00
2017-03-04T01:09:17: 非记录时间：2017-03-04T01:09:17+08:00
2017-03-04T01:09:27: 非记录时间：2017-03-04T01:09:27+08:00
2017-03-04T01:09:37: 非记录时间：2017-03-04T01:09:37+08:00
2017-03-04T01:09:47: 非记录时间：2017-03-04T01:09:47+08:00
2017-03-04T01:09:57: 非记录时间：2017-03-04T01:09:57+08:00
2017-03-04T01:10:07: 非记录时间：2017-03-04T01:10:07+08:00
2017-03-04T01:10:17: 非记录时间：2017-03-04T01:10:17+08:00
2017-03-04T01:10:27: 非记录时间：2017-03-04T01:10:27+08:00
2017-03-04T01:10:37: 非记录时间：2017-03-04T01:10:37+08:00
2017-03-04T01:10:47: 非记录时间：2017-03-04T01:10:47+08:00
2017-03-04T01:10:57: 非记录时间：2017-03-04T01:10:57+08:00
2017-03-04T01:11:08: 读取文件失败，可能是该文件不存在
2017-03-04T01:11:08: Error: ENOENT: no such file or directory, open './data/2017-03-04.json'
2017-03-04T01:11:21: 读取文件成功
2017-03-04T01:11:29: 读取文件成功
2017-03-04T01:11:38: 读取文件成功
2017-03-04T01:11:48: 读取文件成功
2017-03-04T01:11:59: 读取文件成功
2017-03-04T01:12:08: 读取文件成功
2017-03-04T01:12:18: 读取文件成功
2017-03-04T01:12:28: 读取文件成功
2017-03-04T01:12:38: 读取文件成功
2017-03-04T01:12:48: 读取文件成功
2017-03-04T01:12:58: 读取文件成功
2017-03-04T01:13:09: 读取文件成功
2017-03-04T01:13:21: 读取文件成功
2017-03-04T01:13:29: 读取文件成功
2017-03-04T01:13:38: 读取文件成功
2017-03-04T01:13:48: 读取文件成功
2017-03-04T01:13:58: 读取文件成功
2017-03-04T01:14:08: 读取文件成功
2017-03-04T01:14:18: 读取文件成功
2017-03-04T01:14:28: 读取文件成功
2017-03-04T01:14:38: 读取文件成功
2017-03-04T01:14:48: 读取文件成功
2017-03-04T01:14:58: 读取文件成功
2017-03-04T01:15:08: 读取文件成功
2017-03-04T01:15:18: 读取文件成功
2017-03-04T01:15:28: 读取文件成功
2017-03-04T01:15:38: 读取文件成功
2017-03-04T01:15:48: 读取文件成功
2017-03-04T01:15:58: 读取文件成功
2017-03-04T01:16:08: 读取文件成功
2017-03-04T01:16:19: 读取文件成功
2017-03-04T01:16:28: 读取文件成功
2017-03-04T01:16:38: 读取文件成功
2017-03-04T01:16:48: 读取文件成功
2017-03-04T01:16:58: 读取文件成功
2017-03-04T01:17:08: 读取文件成功
2017-03-04T01:17:18: 读取文件成功
2017-03-04T01:17:28: 读取文件成功
2017-03-04T01:17:38: 读取文件成功
2017-03-04T01:17:48: 读取文件成功
2017-03-04T01:17:58: 读取文件成功
2017-03-04T01:18:08: 读取文件成功
2017-03-04T01:18:18: 读取文件成功
2017-03-04T01:18:28: 读取文件成功
2017-03-04T01:18:38: 读取文件成功
2017-03-04T01:18:48: 读取文件成功
2017-03-04T01:18:58: 读取文件成功
2017-03-04T01:19:08: 读取文件成功
2017-03-04T01:19:19: 读取文件成功
2017-03-04T01:19:28: 读取文件成功
2017-03-04T01:19:39: 读取文件成功
2017-03-04T01:19:48: 读取文件成功
2017-03-04T01:19:58: 读取文件成功
2017-03-04T01:20:08: 读取文件成功
2017-03-04T01:20:19: 读取文件成功
2017-03-04T01:20:28: 读取文件成功
2017-03-04T01:20:39: 读取文件成功
2017-03-04T01:20:49: 读取文件成功
2017-03-04T01:20:59: 读取文件成功
2017-03-04T01:21:08: 读取文件成功
2017-03-04T01:21:18: 读取文件成功
2017-03-04T01:21:29: 读取文件成功
2017-03-04T01:21:39: 读取文件成功
2017-03-04T01:21:48: 读取文件成功
2017-03-04T01:21:58: 读取文件成功
2017-03-04T01:22:08: 读取文件成功
2017-03-04T01:22:18: 读取文件成功
2017-03-04T01:22:28: 读取文件成功
2017-03-04T01:22:38: 读取文件成功
2017-03-04T01:22:48: 读取文件成功
2017-03-04T01:22:58: 读取文件成功
2017-03-04T01:23:08: 读取文件成功
2017-03-04T01:23:18: 读取文件成功
2017-03-04T01:23:28: 读取文件成功
2017-03-04T01:23:39: 读取文件成功
2017-03-04T01:23:49: 读取文件成功
2017-03-04T01:23:59: 读取文件成功
2017-03-04T01:24:09: 读取文件成功
2017-03-04T01:24:19: 读取文件成功
2017-03-04T01:24:29: 读取文件成功
2017-03-04T01:24:39: 读取文件成功
2017-03-04T01:24:50: 读取文件成功
2017-03-04T01:24:59: 读取文件成功
2017-03-04T01:25:09: 读取文件成功
2017-03-04T01:25:20: 读取文件成功
2017-03-04T01:25:29: 读取文件成功
2017-03-04T01:25:39: 读取文件成功
2017-03-04T01:25:50: 读取文件成功
2017-03-04T01:25:59: 读取文件成功
2017-03-04T01:26:09: 读取文件成功
2017-03-04T01:26:19: 读取文件成功
2017-03-04T01:26:29: 读取文件成功
2017-03-04T01:26:39: 读取文件成功
2017-03-04T01:26:49: 读取文件成功
2017-03-04T01:26:59: 读取文件成功
2017-03-04T01:27:09: 读取文件成功
2017-03-04T01:27:19: 读取文件成功
2017-03-04T01:27:29: 读取文件成功
2017-03-04T01:27:39: 读取文件成功
2017-03-04T01:27:49: 读取文件成功
2017-03-04T01:27:59: 读取文件成功
2017-03-04T01:28:09: 读取文件成功
2017-03-04T01:28:19: 读取文件成功
2017-03-04T01:28:29: 读取文件成功
2017-03-04T01:28:39: 读取文件成功
2017-03-04T01:28:49: 读取文件成功
2017-03-04T01:28:59: 读取文件成功
2017-03-04T01:29:10: 读取文件成功
2017-03-04T01:29:19: 读取文件成功
2017-03-04T01:29:29: 读取文件成功
2017-03-04T01:29:39: 读取文件成功
2017-03-04T01:29:49: 读取文件成功
2017-03-04T01:29:59: 读取文件成功
2017-03-04T01:30:09: 读取文件成功
2017-03-04T01:30:20: 读取文件成功
2017-03-04T01:30:29: 读取文件成功
2017-03-04T01:30:39: 读取文件成功
2017-03-04T01:30:49: 读取文件成功
2017-03-04T01:30:59: 读取文件成功
2017-03-04T01:31:09: 读取文件成功
2017-03-04T01:31:19: 读取文件成功
2017-03-04T01:31:29: 读取文件成功
2017-03-04T01:31:39: 读取文件成功
2017-03-04T01:31:49: 读取文件成功
2017-03-04T01:31:59: 读取文件成功
2017-03-04T01:32:09: 读取文件成功
2017-03-04T01:32:19: 读取文件成功
2017-03-04T01:32:29: 读取文件成功
2017-03-04T01:32:39: 读取文件成功
2017-03-04T01:32:49: 读取文件成功
2017-03-04T01:32:59: 读取文件成功
2017-03-04T01:33:09: 读取文件成功
2017-03-04T01:33:19: 读取文件成功
2017-03-04T01:33:29: 读取文件成功
2017-03-04T01:33:39: 读取文件成功
2017-03-04T01:33:49: 读取文件成功
2017-03-04T01:33:59: 读取文件成功
2017-03-04T01:34:09: 读取文件成功
2017-03-04T01:34:19: 读取文件成功
2017-03-04T01:34:29: 读取文件成功
2017-03-04T01:34:39: 读取文件成功
2017-03-04T01:34:49: 读取文件成功
2017-03-04T01:34:59: 读取文件成功
2017-03-04T01:35:09: 读取文件成功
2017-03-04T01:35:19: 读取文件成功
2017-03-04T01:35:29: 读取文件成功
2017-03-04T01:35:39: 读取文件成功
2017-03-04T01:35:49: 读取文件成功
2017-03-04T01:35:59: 读取文件成功
2017-03-04T01:36:10: 读取文件成功
2017-03-04T01:36:20: 读取文件成功
2017-03-04T01:36:30: 读取文件成功
2017-03-04T01:36:39: 读取文件成功
2017-03-04T01:36:49: 读取文件成功
2017-03-04T01:36:59: 读取文件成功
2017-03-04T01:37:10: 读取文件成功
2017-03-04T01:37:19: 读取文件成功
2017-03-04T01:37:30: 读取文件成功
2017-03-04T01:37:39: 读取文件成功
2017-03-04T01:37:49: 读取文件成功
2017-03-04T01:37:59: 读取文件成功
2017-03-04T01:38:09: 读取文件成功
2017-03-04T01:38:20: 读取文件成功
2017-03-04T01:38:29: 读取文件成功
2017-03-04T01:38:39: 读取文件成功
2017-03-04T01:38:49: 读取文件成功
2017-03-04T01:39:00: 读取文件成功
2017-03-04T01:39:10: 读取文件成功
2017-03-04T01:39:20: 读取文件成功
2017-03-04T01:39:29: 读取文件成功
2017-03-04T01:39:39: 读取文件成功
2017-03-04T01:39:49: 读取文件成功
2017-03-04T01:39:59: 读取文件成功
2017-03-04T01:40:09: 读取文件成功
2017-03-04T01:40:19: 读取文件成功
2017-03-04T01:40:29: 读取文件成功
2017-03-04T01:40:39: 读取文件成功
2017-03-04T01:40:49: 读取文件成功
2017-03-04T01:41:00: 读取文件成功
2017-03-04T01:41:09: 读取文件成功
2017-03-04T01:41:20: 读取文件成功
2017-03-04T01:41:30: 读取文件成功
2017-03-04T01:41:40: 读取文件成功
2017-03-04T01:41:50: 读取文件成功
2017-03-04T01:42:00: 读取文件成功
2017-03-04T01:42:10: 读取文件成功
2017-03-04T01:42:20: 读取文件成功
2017-03-04T01:42:33: 读取文件成功
2017-03-04T01:42:41: 读取文件成功
2017-03-04T01:42:51: 读取文件成功
2017-03-04T01:43:01: 读取文件成功
2017-03-04T01:43:10: 读取文件成功
2017-03-04T01:43:20: 读取文件成功
2017-03-04T01:43:30: 读取文件成功
2017-03-04T01:43:40: 读取文件成功
2017-03-04T01:43:50: 读取文件成功
2017-03-04T01:44:00: 读取文件成功
2017-03-04T01:44:11: 读取文件成功
2017-03-04T01:44:20: 读取文件成功
2017-03-04T01:44:30: 读取文件成功
2017-03-04T01:44:40: 读取文件成功
2017-03-04T01:44:50: 读取文件成功
2017-03-04T01:45:00: 读取文件成功
2017-03-04T01:45:11: 读取文件成功
2017-03-04T01:45:20: 读取文件成功
2017-03-04T01:45:30: 读取文件成功
2017-03-04T01:45:40: 读取文件成功
2017-03-04T01:45:50: 读取文件成功
2017-03-04T01:46:00: 读取文件成功
2017-03-04T01:46:10: 读取文件成功
2017-03-04T01:46:20: 读取文件成功
2017-03-04T01:46:30: 读取文件成功
2017-03-04T01:46:40: 读取文件成功
2017-03-04T01:46:51: 读取文件成功
2017-03-04T01:47:01: 读取文件成功
2017-03-04T01:47:10: 读取文件成功
2017-03-04T01:47:20: 读取文件成功
2017-03-04T01:47:30: 读取文件成功
2017-03-04T01:47:40: 读取文件成功
2017-03-04T01:47:50: 读取文件成功
2017-03-04T01:48:00: 读取文件成功
2017-03-04T01:48:10: 读取文件成功
2017-03-04T01:48:20: 读取文件成功
2017-03-04T01:48:30: 读取文件成功
2017-03-04T01:48:40: 读取文件成功
2017-03-04T01:48:50: 读取文件成功
2017-03-04T01:49:00: 读取文件成功
2017-03-04T01:49:10: 读取文件成功
2017-03-04T01:49:20: 读取文件成功
2017-03-04T01:49:30: 读取文件成功
2017-03-04T01:49:40: 读取文件成功
2017-03-04T01:49:50: 读取文件成功
2017-03-04T01:50:00: 读取文件成功
2017-03-04T01:50:10: 读取文件成功
2017-03-04T01:50:20: 读取文件成功
2017-03-04T01:50:31: 读取文件成功
2017-03-04T01:50:40: 读取文件成功
2017-03-04T01:50:50: 读取文件成功
2017-03-04T01:51:00: 读取文件成功
2017-03-04T01:51:10: 读取文件成功
2017-03-04T01:51:20: 读取文件成功
2017-03-04T01:51:30: 读取文件成功
2017-03-04T01:51:40: 读取文件成功
2017-03-04T01:51:50: 读取文件成功
2017-03-04T01:52:01: 读取文件成功
2017-03-04T01:52:10: 读取文件成功
2017-03-04T01:52:20: 读取文件成功
2017-03-04T01:52:31: 读取文件成功
2017-03-04T01:52:40: 读取文件成功
2017-03-04T01:52:50: 读取文件成功
2017-03-04T01:53:00: 读取文件成功
2017-03-04T01:53:10: 读取文件成功
2017-03-04T01:53:20: 读取文件成功
2017-03-04T01:53:30: 读取文件成功
2017-03-04T01:53:40: 读取文件成功
2017-03-04T01:53:50: 读取文件成功
2017-03-04T01:54:00: 读取文件成功
2017-03-04T01:54:10: 读取文件成功
2017-03-04T01:54:20: 读取文件成功
2017-03-04T01:54:30: 读取文件成功
2017-03-04T01:54:41: 读取文件成功
2017-03-04T01:54:51: 读取文件成功
2017-03-04T01:55:00: 读取文件成功
2017-03-04T01:55:10: 读取文件成功
2017-03-04T01:55:20: 读取文件成功
2017-03-04T01:55:30: 读取文件成功
2017-03-04T01:55:40: 读取文件成功
2017-03-04T01:55:50: 读取文件成功
2017-03-04T01:56:00: 读取文件成功
2017-03-04T01:56:10: 读取文件成功
2017-03-04T01:56:20: 读取文件成功
2017-03-04T01:56:30: 读取文件成功
2017-03-04T01:56:40: 读取文件成功
2017-03-04T01:56:50: 读取文件成功
2017-03-04T01:57:00: 读取文件成功
2017-03-04T01:57:10: 读取文件成功
2017-03-04T01:57:20: 读取文件成功
2017-03-04T01:57:31: 读取文件成功
2017-03-04T01:57:40: 读取文件成功
2017-03-04T01:57:50: 读取文件成功
2017-03-04T01:58:01: 读取文件成功
2017-03-04T01:58:10: 读取文件成功
2017-03-04T01:58:20: 读取文件成功
2017-03-04T01:58:32: 读取文件成功
2017-03-04T01:58:41: 读取文件成功
2017-03-04T01:58:50: 读取文件成功
2017-03-04T01:59:00: 读取文件成功
2017-03-04T01:59:11: 读取文件成功
2017-03-04T01:59:21: 读取文件成功
2017-03-04T01:59:31: 读取文件成功
2017-03-04T01:59:40: 读取文件成功
2017-03-04T01:59:50: 读取文件成功
2017-03-04T02:00:01: 读取文件成功
2017-03-04T02:00:11: 读取文件成功
2017-03-04T02:00:21: 读取文件成功
2017-03-04T02:00:31: 读取文件成功
2017-03-04T02:00:41: 读取文件成功
2017-03-04T02:00:51: 读取文件成功
2017-03-04T02:01:01: 读取文件成功
2017-03-04T02:01:12: 读取文件成功
2017-03-04T02:01:21: 读取文件成功
2017-03-04T02:01:31: 读取文件成功
2017-03-04T02:01:41: 读取文件成功
2017-03-04T02:01:51: 读取文件成功
2017-03-04T02:02:01: 读取文件成功
2017-03-04T02:02:11: 读取文件成功
2017-03-04T02:02:22: 读取文件成功
2017-03-04T02:02:31: 读取文件成功
2017-03-04T02:02:41: 读取文件成功
2017-03-04T02:02:51: 读取文件成功
2017-03-04T02:03:01: 读取文件成功
2017-03-04T02:03:11: 读取文件成功
2017-03-04T02:03:21: 读取文件成功
2017-03-04T02:03:31: 读取文件成功
2017-03-04T02:03:41: 读取文件成功
2017-03-04T02:03:51: 读取文件成功
2017-03-04T02:04:01: 读取文件成功
2017-03-04T02:04:11: 读取文件成功
2017-03-04T02:04:21: 读取文件成功
2017-03-04T02:04:31: 读取文件成功
2017-03-04T02:04:41: 读取文件成功
2017-03-04T02:04:51: 读取文件成功
2017-03-04T02:05:01: 读取文件成功
2017-03-04T02:05:11: 读取文件成功
2017-03-04T02:05:21: 读取文件成功
2017-03-04T02:05:31: 读取文件成功
2017-03-04T02:05:41: 读取文件成功
2017-03-04T02:05:51: 读取文件成功
2017-03-04T02:06:02: 读取文件成功
2017-03-04T02:06:11: 读取文件成功
2017-03-04T02:06:21: 读取文件成功
2017-03-04T02:06:31: 读取文件成功
2017-03-04T02:06:41: 读取文件成功
2017-03-04T02:06:51: 读取文件成功
2017-03-04T02:07:01: 读取文件成功
2017-03-04T02:07:11: 读取文件成功
2017-03-04T02:07:21: 读取文件成功
2017-03-04T02:07:31: 读取文件成功
2017-03-04T02:07:41: 读取文件成功
2017-03-04T02:07:52: 读取文件成功
2017-03-04T02:08:02: 读取文件成功
2017-03-04T02:08:11: 读取文件成功
2017-03-04T02:08:21: 读取文件成功
2017-03-04T02:08:32: 读取文件成功
2017-03-04T02:08:41: 读取文件成功
2017-03-04T02:08:51: 读取文件成功
2017-03-04T02:09:01: 读取文件成功
2017-03-04T02:09:11: 读取文件成功
2017-03-04T02:09:21: 读取文件成功
2017-03-04T02:09:31: 读取文件成功
2017-03-04T02:09:41: 读取文件成功
2017-03-04T02:09:51: 读取文件成功
2017-03-04T02:10:01: 读取文件成功
2017-03-04T02:10:11: 读取文件成功
2017-03-04T02:10:21: 读取文件成功
2017-03-04T02:10:31: 读取文件成功
2017-03-04T02:10:41: 读取文件成功
2017-03-04T02:10:51: 读取文件成功
2017-03-04T02:11:01: 读取文件成功
2017-03-04T02:11:11: 读取文件成功
2017-03-04T02:11:21: 读取文件成功
2017-03-04T02:11:31: 读取文件成功
2017-03-04T02:11:41: 读取文件成功
2017-03-04T02:11:51: 读取文件成功
2017-03-04T02:12:01: 读取文件成功
2017-03-04T02:12:11: 读取文件成功
2017-03-04T02:12:21: 读取文件成功
2017-03-04T02:12:34: 读取文件成功
2017-03-04T02:12:41: 读取文件成功
2017-03-04T02:12:51: 读取文件成功
2017-03-04T02:13:01: 读取文件成功
2017-03-04T02:13:12: 读取文件成功
2017-03-04T02:13:21: 读取文件成功
2017-03-04T02:13:31: 读取文件成功
2017-03-04T02:13:41: 读取文件成功
2017-03-04T02:13:51: 读取文件成功
2017-03-04T02:14:01: 读取文件成功
2017-03-04T02:14:11: 读取文件成功
2017-03-04T02:14:22: 读取文件成功
2017-03-04T02:14:31: 读取文件成功
2017-03-04T02:14:41: 读取文件成功
2017-03-04T02:14:51: 读取文件成功
2017-03-04T02:15:02: 读取文件成功
2017-03-04T02:15:12: 读取文件成功
2017-03-04T02:15:21: 读取文件成功
2017-03-04T02:15:31: 读取文件成功
2017-03-04T02:15:41: 读取文件成功
2017-03-04T02:15:51: 读取文件成功
2017-03-04T02:16:01: 读取文件成功
2017-03-04T02:16:11: 读取文件成功
2017-03-04T02:16:21: 读取文件成功
2017-03-04T02:16:32: 读取文件成功
2017-03-04T02:16:41: 读取文件成功
2017-03-04T02:16:51: 读取文件成功
2017-03-04T02:17:01: 读取文件成功
2017-03-04T02:17:11: 读取文件成功
2017-03-04T02:17:21: 读取文件成功
2017-03-04T02:17:31: 读取文件成功
2017-03-04T02:17:42: 读取文件成功
2017-03-04T02:17:51: 读取文件成功
2017-03-04T02:18:01: 读取文件成功
2017-03-04T02:18:12: 读取文件成功
2017-03-04T02:18:22: 读取文件成功
2017-03-04T02:18:32: 读取文件成功
2017-03-04T02:18:42: 读取文件成功
2017-03-04T02:18:52: 读取文件成功
2017-03-04T02:19:02: 读取文件成功
2017-03-04T02:19:12: 读取文件成功
2017-03-04T02:19:22: 读取文件成功
2017-03-04T02:19:32: 读取文件成功
2017-03-04T02:19:42: 读取文件成功
2017-03-04T02:19:52: 读取文件成功
2017-03-04T02:20:02: 读取文件成功
2017-03-04T02:20:12: 读取文件成功
2017-03-04T02:20:22: 读取文件成功
2017-03-04T02:20:32: 读取文件成功
2017-03-04T02:20:42: 读取文件成功
2017-03-04T02:20:52: 读取文件成功
2017-03-04T02:21:02: 读取文件成功
2017-03-04T02:21:12: 读取文件成功
2017-03-04T02:21:22: 读取文件成功
2017-03-04T02:21:32: 读取文件成功
2017-03-04T02:21:43: 读取文件成功
2017-03-04T02:21:52: 读取文件成功
2017-03-04T02:22:02: 读取文件成功
2017-03-04T02:22:12: 读取文件成功
2017-03-04T02:22:22: 读取文件成功
2017-03-04T02:22:33: 读取文件成功
2017-03-04T02:22:42: 读取文件成功
2017-03-04T02:22:52: 读取文件成功
2017-03-04T02:23:02: 读取文件成功
2017-03-04T02:23:12: 读取文件成功
2017-03-04T02:23:22: 读取文件成功
2017-03-04T02:23:32: 读取文件成功
2017-03-04T02:23:42: 读取文件成功
2017-03-04T02:23:52: 读取文件成功
2017-03-04T02:24:02: 读取文件成功
2017-03-04T02:24:12: 读取文件成功
2017-03-04T02:24:22: 读取文件成功
2017-03-04T02:24:33: 读取文件成功
2017-03-04T02:24:42: 读取文件成功
2017-03-04T02:24:53: 读取文件成功
2017-03-04T02:25:02: 读取文件成功
2017-03-04T02:25:12: 读取文件成功
2017-03-04T02:25:22: 读取文件成功
2017-03-04T02:25:32: 读取文件成功
2017-03-04T02:25:42: 读取文件成功
2017-03-04T02:25:52: 读取文件成功
2017-03-04T02:26:02: 读取文件成功
2017-03-04T02:26:12: 读取文件成功
2017-03-04T02:26:22: 读取文件成功
2017-03-04T02:26:32: 读取文件成功
2017-03-04T02:26:43: 读取文件成功
2017-03-04T02:26:52: 读取文件成功
2017-03-04T02:27:02: 读取文件成功
2017-03-04T02:27:12: 读取文件成功
2017-03-04T02:27:22: 读取文件成功
2017-03-04T02:27:33: 读取文件成功
2017-03-04T02:27:42: 读取文件成功
2017-03-04T02:27:52: 读取文件成功
2017-03-04T02:28:02: 读取文件成功
2017-03-04T02:28:12: 读取文件成功
2017-03-04T02:28:22: 读取文件成功
2017-03-04T02:28:32: 读取文件成功
2017-03-04T02:28:42: 读取文件成功
2017-03-04T02:28:52: 读取文件成功
2017-03-04T02:29:02: 读取文件成功
2017-03-04T02:29:12: 读取文件成功
2017-03-04T02:29:22: 读取文件成功
2017-03-04T02:29:32: 读取文件成功
2017-03-04T02:29:42: 读取文件成功
2017-03-04T02:29:52: 读取文件成功
2017-03-04T02:30:02: 读取文件成功
2017-03-04T02:30:12: 读取文件成功
2017-03-04T02:30:22: 读取文件成功
2017-03-04T02:30:32: 读取文件成功
2017-03-04T02:30:42: 读取文件成功
2017-03-04T02:30:52: 读取文件成功
2017-03-04T02:31:02: 读取文件成功
2017-03-04T02:31:12: 读取文件成功
2017-03-04T02:31:22: 读取文件成功
2017-03-04T02:31:32: 读取文件成功
2017-03-04T02:31:42: 读取文件成功
2017-03-04T02:31:52: 读取文件成功
2017-03-04T02:32:02: 读取文件成功
2017-03-04T02:32:12: 读取文件成功
2017-03-04T02:32:22: 读取文件成功
2017-03-04T02:32:32: 读取文件成功
2017-03-04T02:32:42: 读取文件成功
2017-03-04T02:32:52: 读取文件成功
2017-03-04T02:33:04: 读取文件成功
2017-03-04T02:33:12: 读取文件成功
2017-03-04T02:33:22: 读取文件成功
2017-03-04T02:33:32: 读取文件成功
2017-03-04T02:33:42: 读取文件成功
2017-03-04T02:33:52: 读取文件成功
2017-03-04T02:34:02: 读取文件成功
2017-03-04T02:34:12: 读取文件成功
2017-03-04T02:34:22: 读取文件成功
2017-03-04T02:34:32: 读取文件成功
2017-03-04T02:34:42: 读取文件成功
2017-03-04T02:34:52: 读取文件成功
2017-03-04T02:35:03: 读取文件成功
2017-03-04T02:35:12: 读取文件成功
2017-03-04T02:35:22: 读取文件成功
2017-03-04T02:35:33: 读取文件成功
2017-03-04T02:35:42: 读取文件成功
2017-03-04T02:35:52: 读取文件成功
2017-03-04T02:36:02: 读取文件成功
2017-03-04T02:36:12: 读取文件成功
2017-03-04T02:36:23: 读取文件成功
2017-03-04T02:36:32: 读取文件成功
2017-03-04T02:36:42: 读取文件成功
2017-03-04T02:36:52: 读取文件成功
2017-03-04T02:37:02: 读取文件成功
2017-03-04T02:37:12: 读取文件成功
2017-03-04T02:37:22: 读取文件成功
2017-03-04T02:37:33: 读取文件成功
2017-03-04T02:37:42: 读取文件成功
2017-03-04T02:37:52: 读取文件成功
2017-03-04T02:38:03: 读取文件成功
2017-03-04T02:38:13: 读取文件成功
2017-03-04T02:38:22: 读取文件成功
2017-03-04T02:38:32: 读取文件成功
2017-03-04T02:38:42: 读取文件成功
2017-03-04T02:38:53: 读取文件成功
2017-03-04T02:39:03: 读取文件成功
2017-03-04T02:39:13: 读取文件成功
2017-03-04T02:39:23: 读取文件成功
2017-03-04T02:39:33: 读取文件成功
2017-03-04T02:39:43: 读取文件成功
2017-03-04T02:39:53: 读取文件成功
2017-03-04T02:40:03: 读取文件成功
2017-03-04T02:40:13: 读取文件成功
2017-03-04T02:40:23: 读取文件成功
2017-03-04T02:40:33: 读取文件成功
2017-03-04T02:40:43: 读取文件成功
2017-03-04T02:40:53: 读取文件成功
2017-03-04T02:41:03: 读取文件成功
2017-03-04T02:41:13: 读取文件成功
2017-03-04T02:41:23: 读取文件成功
2017-03-04T02:41:33: 读取文件成功
2017-03-04T02:41:43: 读取文件成功
2017-03-04T02:41:53: 读取文件成功
2017-03-04T02:42:03: 读取文件成功
2017-03-04T02:42:13: 读取文件成功
2017-03-04T02:42:23: 读取文件成功
2017-03-04T02:42:33: 读取文件成功
2017-03-04T02:42:43: 读取文件成功
2017-03-04T02:42:53: 读取文件成功
2017-03-04T02:43:03: 读取文件成功
2017-03-04T02:43:14: 读取文件成功
2017-03-04T02:43:23: 读取文件成功
2017-03-04T02:43:33: 读取文件成功
2017-03-04T02:43:43: 读取文件成功
2017-03-04T02:43:53: 读取文件成功
2017-03-04T02:44:03: 读取文件成功
2017-03-04T02:44:13: 读取文件成功
2017-03-04T02:44:23: 读取文件成功
2017-03-04T02:44:33: 读取文件成功
2017-03-04T02:44:43: 读取文件成功
2017-03-04T02:44:53: 读取文件成功
2017-03-04T02:45:03: 读取文件成功
2017-03-04T02:45:13: 读取文件成功
2017-03-04T02:45:23: 读取文件成功
2017-03-04T02:45:33: 读取文件成功
2017-03-04T02:45:44: 读取文件成功
2017-03-04T02:45:53: 读取文件成功
2017-03-04T02:46:03: 读取文件成功
2017-03-04T02:46:13: 读取文件成功
2017-03-04T02:46:23: 读取文件成功
2017-03-04T02:46:33: 读取文件成功
2017-03-04T02:46:43: 读取文件成功
2017-03-04T02:46:53: 读取文件成功
2017-03-04T02:47:03: 读取文件成功
2017-03-04T02:47:13: 读取文件成功
2017-03-04T02:47:23: 读取文件成功
2017-03-04T02:47:33: 读取文件成功
2017-03-04T02:47:43: 读取文件成功
2017-03-04T02:47:53: 读取文件成功
2017-03-04T02:48:03: 读取文件成功
2017-03-04T02:48:13: 读取文件成功
2017-03-04T02:48:23: 读取文件成功
2017-03-04T02:48:33: 读取文件成功
2017-03-04T02:48:43: 读取文件成功
2017-03-04T02:48:53: 读取文件成功
2017-03-04T02:49:03: 读取文件成功
2017-03-04T02:49:13: 读取文件成功
2017-03-04T02:49:23: 读取文件成功
2017-03-04T02:49:33: 读取文件成功
2017-03-04T02:49:43: 读取文件成功
2017-03-04T02:49:53: 读取文件成功
2017-03-04T02:50:03: 读取文件成功
2017-03-04T02:50:13: 读取文件成功
2017-03-04T02:50:23: 读取文件成功
2017-03-04T02:50:33: 读取文件成功
2017-03-04T02:50:43: 读取文件成功
2017-03-04T02:50:53: 读取文件成功
2017-03-04T02:51:03: 读取文件成功
2017-03-04T02:51:13: 读取文件成功
2017-03-04T02:51:23: 读取文件成功
2017-03-04T02:51:33: 读取文件成功
2017-03-04T02:51:43: 读取文件成功
2017-03-04T02:51:53: 读取文件成功
2017-03-04T02:52:03: 读取文件成功
2017-03-04T02:52:13: 读取文件成功
2017-03-04T02:52:23: 读取文件成功
2017-03-04T02:52:33: 读取文件成功
2017-03-04T02:52:43: 读取文件成功
2017-03-04T02:52:53: 读取文件成功
2017-03-04T02:53:03: 读取文件成功
2017-03-04T02:53:13: 读取文件成功
2017-03-04T02:53:23: 读取文件成功
2017-03-04T02:53:33: 读取文件成功
2017-03-04T02:53:43: 读取文件成功
2017-03-04T02:53:53: 读取文件成功
2017-03-04T02:54:03: 读取文件成功
2017-03-04T02:54:13: 读取文件成功
2017-03-04T02:54:23: 读取文件成功
2017-03-04T02:54:33: 读取文件成功
2017-03-04T02:54:43: 读取文件成功
2017-03-04T02:54:54: 读取文件成功
2017-03-04T02:55:03: 读取文件成功
2017-03-04T02:55:13: 读取文件成功
2017-03-04T02:55:23: 读取文件成功
2017-03-04T02:55:34: 读取文件成功
2017-03-04T02:55:43: 读取文件成功
2017-03-04T02:55:53: 读取文件成功
2017-03-04T02:56:04: 读取文件成功
2017-03-04T02:56:13: 读取文件成功
2017-03-04T02:56:23: 读取文件成功
2017-03-04T02:56:33: 读取文件成功
2017-03-04T02:56:43: 读取文件成功
2017-03-04T02:56:54: 读取文件成功
2017-03-04T02:57:03: 读取文件成功
2017-03-04T02:57:13: 读取文件成功
2017-03-04T02:57:24: 读取文件成功
2017-03-04T02:57:34: 读取文件成功
2017-03-04T02:57:44: 读取文件成功
2017-03-04T02:57:54: 读取文件成功
2017-03-04T02:58:04: 读取文件成功
2017-03-04T02:58:14: 读取文件成功
2017-03-04T02:58:24: 读取文件成功
2017-03-04T02:58:34: 读取文件成功
2017-03-04T02:58:44: 读取文件成功
2017-03-04T02:58:54: 读取文件成功
2017-03-04T02:59:04: 读取文件成功
2017-03-04T02:59:14: 读取文件成功
2017-03-04T02:59:24: 读取文件成功
2017-03-04T02:59:34: 读取文件成功
2017-03-04T02:59:44: 读取文件成功
2017-03-04T02:59:54: 读取文件成功
2017-03-04T03:00:04: 读取文件成功
2017-03-04T03:00:14: 读取文件成功
2017-03-04T03:00:24: 读取文件成功
2017-03-04T03:00:34: 读取文件成功
2017-03-04T03:00:44: 读取文件成功
2017-03-04T03:00:54: 读取文件成功
2017-03-04T03:01:04: 读取文件成功
2017-03-04T03:01:14: 读取文件成功
2017-03-04T03:01:24: 读取文件成功
2017-03-04T03:01:34: 读取文件成功
2017-03-04T03:01:44: 读取文件成功
2017-03-04T03:01:54: 读取文件成功
2017-03-04T03:02:04: 读取文件成功
2017-03-04T03:02:14: 读取文件成功
2017-03-04T03:02:24: 读取文件成功
2017-03-04T03:02:34: 读取文件成功
2017-03-04T03:02:44: 读取文件成功
2017-03-04T03:02:54: 读取文件成功
2017-03-04T03:03:04: 读取文件成功
2017-03-04T03:03:14: 读取文件成功
2017-03-04T03:03:24: 读取文件成功
2017-03-04T03:03:34: 读取文件成功
2017-03-04T03:03:44: 读取文件成功
2017-03-04T03:03:54: 读取文件成功
2017-03-04T03:04:04: 读取文件成功
2017-03-04T03:04:14: 读取文件成功
2017-03-04T03:04:24: 读取文件成功
2017-03-04T03:04:34: 读取文件成功
2017-03-04T03:04:44: 读取文件成功
2017-03-04T03:04:54: 读取文件成功
2017-03-04T03:05:04: 读取文件成功
2017-03-04T03:05:14: 读取文件成功
2017-03-04T03:05:24: 读取文件成功
2017-03-04T03:05:34: 读取文件成功
2017-03-04T03:05:44: 读取文件成功
2017-03-04T03:05:54: 读取文件成功
2017-03-04T03:06:04: 读取文件成功
2017-03-04T03:06:14: 读取文件成功
2017-03-04T03:06:25: 读取文件成功
2017-03-04T03:06:34: 读取文件成功
2017-03-04T03:06:44: 读取文件成功
2017-03-04T03:06:54: 读取文件成功
2017-03-04T03:07:04: 读取文件成功
2017-03-04T03:07:14: 读取文件成功
2017-03-04T03:07:24: 读取文件成功
2017-03-04T03:07:34: 读取文件成功
2017-03-04T03:07:44: 读取文件成功
2017-03-04T03:07:54: 读取文件成功
2017-03-04T03:08:04: 读取文件成功
2017-03-04T03:08:14: 读取文件成功
2017-03-04T03:08:24: 读取文件成功
2017-03-04T03:08:34: 读取文件成功
2017-03-04T03:08:44: 读取文件成功
2017-03-04T03:08:54: 读取文件成功
2017-03-04T03:09:04: 读取文件成功
2017-03-04T03:09:14: 读取文件成功
2017-03-04T03:09:25: 读取文件成功
2017-03-04T03:09:34: 读取文件成功
2017-03-04T03:09:44: 读取文件成功
2017-03-04T03:09:54: 读取文件成功
2017-03-04T03:10:04: 读取文件成功
2017-03-04T03:10:14: 读取文件成功
2017-03-04T03:10:24: 读取文件成功
2017-03-04T03:10:35: 读取文件成功
2017-03-04T03:10:44: 读取文件成功
2017-03-04T03:10:54: 读取文件成功
2017-03-04T03:11:04: 读取文件成功
2017-03-04T03:11:14: 读取文件成功
2017-03-04T03:11:24: 读取文件成功
2017-03-04T03:11:34: 读取文件成功
2017-03-04T03:11:44: 读取文件成功
2017-03-04T03:11:54: 读取文件成功
2017-03-04T03:12:04: 读取文件成功
2017-03-04T03:12:14: 读取文件成功
2017-03-04T03:12:24: 读取文件成功
2017-03-04T03:12:34: 读取文件成功
2017-03-04T03:12:44: 读取文件成功
2017-03-04T03:12:54: 读取文件成功
2017-03-04T03:13:04: 读取文件成功
2017-03-04T03:13:14: 读取文件成功
2017-03-04T03:13:24: 读取文件成功
2017-03-04T03:13:34: 读取文件成功
2017-03-04T03:13:44: 读取文件成功
2017-03-04T03:13:54: 读取文件成功
2017-03-04T03:14:05: 读取文件成功
2017-03-04T03:14:15: 读取文件成功
2017-03-04T03:14:24: 读取文件成功
2017-03-04T03:14:34: 读取文件成功
2017-03-04T03:14:44: 读取文件成功
2017-03-04T03:14:55: 读取文件成功
2017-03-04T03:15:04: 读取文件成功
2017-03-04T03:15:14: 读取文件成功
2017-03-04T03:15:25: 读取文件成功
2017-03-04T03:15:35: 读取文件成功
2017-03-04T03:15:45: 读取文件成功
2017-03-04T03:15:55: 读取文件成功
2017-03-04T03:16:05: 读取文件成功
2017-03-04T03:16:16: 读取文件成功
2017-03-04T03:16:25: 读取文件成功
2017-03-04T03:16:35: 读取文件成功
2017-03-04T03:16:45: 读取文件成功
2017-03-04T03:16:55: 读取文件成功
2017-03-04T03:17:05: 读取文件成功
2017-03-04T03:17:15: 读取文件成功
2017-03-04T03:17:25: 读取文件成功
2017-03-04T03:17:35: 读取文件成功
2017-03-04T03:17:45: 读取文件成功
2017-03-04T03:17:55: 读取文件成功
2017-03-04T03:18:05: 读取文件成功
2017-03-04T03:18:15: 读取文件成功
2017-03-04T03:18:25: 读取文件成功
2017-03-04T03:18:35: 读取文件成功
2017-03-04T03:18:46: 读取文件成功
2017-03-04T03:18:55: 读取文件成功
2017-03-04T03:19:05: 读取文件成功
2017-03-04T03:19:15: 读取文件成功
2017-03-04T03:19:25: 读取文件成功
2017-03-04T03:19:35: 读取文件成功
2017-03-04T03:19:45: 读取文件成功
2017-03-04T03:19:56: 读取文件成功
2017-03-04T03:20:05: 读取文件成功
2017-03-04T03:20:15: 读取文件成功
2017-03-04T03:20:25: 读取文件成功
2017-03-04T03:20:35: 读取文件成功
2017-03-04T03:20:45: 读取文件成功
2017-03-04T03:20:55: 读取文件成功
2017-03-04T03:21:05: 读取文件成功
2017-03-04T03:21:15: 读取文件成功
2017-03-04T03:21:25: 读取文件成功
2017-03-04T03:21:35: 读取文件成功
2017-03-04T03:21:45: 读取文件成功
2017-03-04T03:21:55: 读取文件成功
2017-03-04T03:22:06: 读取文件成功
2017-03-04T03:22:15: 读取文件成功
2017-03-04T03:22:26: 读取文件成功
2017-03-04T03:22:35: 读取文件成功
2017-03-04T03:22:45: 读取文件成功
2017-03-04T03:22:55: 读取文件成功
2017-03-04T03:23:05: 读取文件成功
2017-03-04T03:23:15: 读取文件成功
2017-03-04T03:23:25: 读取文件成功
2017-03-04T03:23:35: 读取文件成功
2017-03-04T03:23:45: 读取文件成功
2017-03-04T03:23:55: 读取文件成功
2017-03-04T03:24:05: 读取文件成功
2017-03-04T03:24:16: 读取文件成功
2017-03-04T03:24:25: 读取文件成功
2017-03-04T03:24:35: 读取文件成功
2017-03-04T03:24:45: 读取文件成功
2017-03-04T03:24:55: 读取文件成功
2017-03-04T03:25:05: 读取文件成功
2017-03-04T03:25:15: 读取文件成功
2017-03-04T03:25:25: 读取文件成功
2017-03-04T03:25:35: 读取文件成功
2017-03-04T03:25:45: 读取文件成功
2017-03-04T03:25:55: 读取文件成功
2017-03-04T03:26:05: 读取文件成功
2017-03-04T03:26:15: 读取文件成功
2017-03-04T03:26:25: 读取文件成功
2017-03-04T03:26:35: 读取文件成功
2017-03-04T03:26:45: 读取文件成功
2017-03-04T03:26:55: 读取文件成功
2017-03-04T03:27:05: 读取文件成功
2017-03-04T03:27:15: 读取文件成功
2017-03-04T03:27:25: 读取文件成功
2017-03-04T03:27:35: 读取文件成功
2017-03-04T03:27:45: 读取文件成功
2017-03-04T03:27:55: 读取文件成功
2017-03-04T03:28:05: 读取文件成功
2017-03-04T03:28:15: 读取文件成功
2017-03-04T03:28:25: 读取文件成功
2017-03-04T03:28:35: 读取文件成功
2017-03-04T03:28:45: 读取文件成功
2017-03-04T03:28:55: 读取文件成功
2017-03-04T03:29:05: 读取文件成功
2017-03-04T03:29:15: 读取文件成功
2017-03-04T03:29:26: 读取文件成功
2017-03-04T03:29:37: 读取文件成功
2017-03-04T03:29:46: 读取文件成功
2017-03-04T03:29:55: 读取文件成功
2017-03-04T03:30:05: 读取文件成功
2017-03-04T03:30:16: 读取文件成功
2017-03-04T03:30:25: 读取文件成功
2017-03-04T03:30:35: 读取文件成功
2017-03-04T03:30:45: 读取文件成功
2017-03-04T03:30:55: 读取文件成功
2017-03-04T03:31:05: 读取文件成功
2017-03-04T03:31:15: 读取文件成功
2017-03-04T03:31:25: 读取文件成功
2017-03-04T03:31:35: 读取文件成功
2017-03-04T03:31:45: 读取文件成功
2017-03-04T03:31:55: 读取文件成功
2017-03-04T03:32:05: 读取文件成功
2017-03-04T03:32:15: 读取文件成功
2017-03-04T03:32:25: 读取文件成功
2017-03-04T03:32:36: 读取文件成功
2017-03-04T03:32:45: 读取文件成功
2017-03-04T03:32:55: 读取文件成功
2017-03-04T03:33:05: 读取文件成功
2017-03-04T03:33:16: 读取文件成功
2017-03-04T03:33:25: 读取文件成功
2017-03-04T03:33:35: 读取文件成功
2017-03-04T03:33:46: 读取文件成功
2017-03-04T03:33:56: 读取文件成功
2017-03-04T03:34:06: 读取文件成功
2017-03-04T03:34:16: 读取文件成功
2017-03-04T03:34:27: 读取文件成功
2017-03-04T03:34:36: 读取文件成功
2017-03-04T03:34:46: 读取文件成功
2017-03-04T03:34:56: 读取文件成功
2017-03-04T03:35:06: 读取文件成功
2017-03-04T03:35:16: 读取文件成功
2017-03-04T03:35:26: 读取文件成功
2017-03-04T03:35:36: 读取文件成功
2017-03-04T03:35:46: 读取文件成功
2017-03-04T03:35:56: 读取文件成功
2017-03-04T03:36:06: 读取文件成功
2017-03-04T03:36:16: 读取文件成功
2017-03-04T03:36:26: 读取文件成功
2017-03-04T03:36:36: 读取文件成功
2017-03-04T03:36:46: 读取文件成功
2017-03-04T03:36:56: 读取文件成功
2017-03-04T03:37:06: 读取文件成功
2017-03-04T03:37:16: 读取文件成功
2017-03-04T03:37:26: 读取文件成功
2017-03-04T03:37:36: 读取文件成功
2017-03-04T03:37:47: 读取文件成功
2017-03-04T03:37:56: 读取文件成功
2017-03-04T03:38:06: 读取文件成功
2017-03-04T03:38:16: 读取文件成功
2017-03-04T03:38:26: 读取文件成功
2017-03-04T03:38:36: 读取文件成功
2017-03-04T03:38:46: 读取文件成功
2017-03-04T03:38:56: 读取文件成功
2017-03-04T03:39:06: 读取文件成功
2017-03-04T03:39:16: 读取文件成功
2017-03-04T03:39:26: 读取文件成功
2017-03-04T03:39:36: 读取文件成功
2017-03-04T03:39:46: 读取文件成功
2017-03-04T03:39:56: 读取文件成功
2017-03-04T03:40:06: 读取文件成功
2017-03-04T03:40:16: 读取文件成功
2017-03-04T03:40:26: 读取文件成功
2017-03-04T03:40:36: 读取文件成功
2017-03-04T03:40:47: 读取文件成功
2017-03-04T03:40:56: 读取文件成功
2017-03-04T03:41:06: 读取文件成功
2017-03-04T03:41:17: 读取文件成功
2017-03-04T03:41:26: 读取文件成功
2017-03-04T03:41:36: 读取文件成功
2017-03-04T03:41:46: 读取文件成功
2017-03-04T03:41:56: 读取文件成功
2017-03-04T03:42:06: 读取文件成功
2017-03-04T03:42:16: 读取文件成功
2017-03-04T03:42:26: 读取文件成功
2017-03-04T03:42:36: 读取文件成功
2017-03-04T03:42:46: 读取文件成功
2017-03-04T03:42:56: 读取文件成功
2017-03-04T03:43:06: 读取文件成功
2017-03-04T03:43:16: 读取文件成功
2017-03-04T03:43:26: 读取文件成功
2017-03-04T03:43:36: 读取文件成功
2017-03-04T03:43:46: 读取文件成功
2017-03-04T03:43:56: 读取文件成功
2017-03-04T03:44:07: 读取文件成功
2017-03-04T03:44:16: 读取文件成功
2017-03-04T03:44:26: 读取文件成功
2017-03-04T03:44:36: 读取文件成功
2017-03-04T03:44:47: 读取文件成功
2017-03-04T03:44:56: 读取文件成功
2017-03-04T03:45:07: 读取文件成功
2017-03-04T03:45:16: 读取文件成功
2017-03-04T03:45:26: 读取文件成功
2017-03-04T03:45:36: 读取文件成功
2017-03-04T03:45:47: 读取文件成功
2017-03-04T03:45:56: 读取文件成功
2017-03-04T03:46:07: 读取文件成功
2017-03-04T03:46:16: 读取文件成功
2017-03-04T03:46:26: 读取文件成功
2017-03-04T03:46:36: 读取文件成功
2017-03-04T03:46:46: 读取文件成功
2017-03-04T03:46:57: 读取文件成功
2017-03-04T03:47:07: 读取文件成功
2017-03-04T03:47:16: 读取文件成功
2017-03-04T03:47:27: 读取文件成功
2017-03-04T03:47:37: 读取文件成功
2017-03-04T03:47:47: 读取文件成功
2017-03-04T03:47:57: 读取文件成功
2017-03-04T03:48:07: 读取文件成功
2017-03-04T03:48:16: 读取文件成功
2017-03-04T03:48:26: 读取文件成功
2017-03-04T03:48:36: 读取文件成功
2017-03-04T03:48:46: 读取文件成功
2017-03-04T03:48:56: 读取文件成功
2017-03-04T03:49:07: 读取文件成功
2017-03-04T03:49:17: 读取文件成功
2017-03-04T03:49:27: 读取文件成功
2017-03-04T03:49:37: 读取文件成功
2017-03-04T03:49:47: 读取文件成功
2017-03-04T03:49:57: 读取文件成功
2017-03-04T03:50:07: 读取文件成功
2017-03-04T03:50:17: 读取文件成功
2017-03-04T03:50:27: 读取文件成功
2017-03-04T03:50:37: 读取文件成功
2017-03-04T03:50:47: 读取文件成功
2017-03-04T03:50:57: 读取文件成功
2017-03-04T03:51:07: 读取文件成功
2017-03-04T03:51:17: 读取文件成功
2017-03-04T03:51:27: 读取文件成功
2017-03-04T03:51:37: 读取文件成功
2017-03-04T03:51:47: 读取文件成功
2017-03-04T03:51:57: 读取文件成功
2017-03-04T03:52:07: 读取文件成功
2017-03-04T03:52:17: 读取文件成功
2017-03-04T03:52:27: 读取文件成功
2017-03-04T03:52:37: 读取文件成功
2017-03-04T03:52:47: 读取文件成功
2017-03-04T03:52:57: 读取文件成功
2017-03-04T03:53:07: 读取文件成功
2017-03-04T03:53:17: 读取文件成功
2017-03-04T03:53:27: 读取文件成功
2017-03-04T03:53:37: 读取文件成功
2017-03-04T03:53:48: 读取文件成功
2017-03-04T03:53:57: 读取文件成功
2017-03-04T03:54:08: 读取文件成功
2017-03-04T03:54:17: 读取文件成功
2017-03-04T03:54:27: 读取文件成功
2017-03-04T03:54:37: 读取文件成功
2017-03-04T03:54:47: 读取文件成功
2017-03-04T03:54:57: 读取文件成功
2017-03-04T03:55:07: 读取文件成功
2017-03-04T03:55:17: 读取文件成功
2017-03-04T03:55:27: 读取文件成功
2017-03-04T03:55:37: 读取文件成功
2017-03-04T03:55:47: 读取文件成功
2017-03-04T03:55:57: 读取文件成功
2017-03-04T03:56:07: 读取文件成功
2017-03-04T03:56:17: 读取文件成功
2017-03-04T03:56:27: 读取文件成功
2017-03-04T03:56:37: 读取文件成功
2017-03-04T03:56:47: 读取文件成功
2017-03-04T03:56:57: 读取文件成功
2017-03-04T03:57:07: 读取文件成功
2017-03-04T03:57:17: 读取文件成功
2017-03-04T03:57:27: 读取文件成功
2017-03-04T03:57:37: 读取文件成功
2017-03-04T03:57:47: 读取文件成功
2017-03-04T03:57:57: 读取文件成功
2017-03-04T03:58:07: 读取文件成功
2017-03-04T03:58:17: 读取文件成功
2017-03-04T03:58:27: 读取文件成功
2017-03-04T03:58:37: 读取文件成功
2017-03-04T03:58:47: 读取文件成功
2017-03-04T03:58:57: 读取文件成功
2017-03-04T03:59:07: 读取文件成功
2017-03-04T03:59:17: 读取文件成功
2017-03-04T03:59:27: 读取文件成功
2017-03-04T03:59:37: 读取文件成功
2017-03-04T03:59:47: 读取文件成功
2017-03-04T03:59:57: 读取文件成功
2017-03-04T04:00:07: 读取文件成功
2017-03-04T04:00:17: 读取文件成功
2017-03-04T04:00:27: 读取文件成功
2017-03-04T04:00:37: 读取文件成功
2017-03-04T04:00:47: 读取文件成功
2017-03-04T04:00:57: 读取文件成功
2017-03-04T04:01:07: 读取文件成功
2017-03-04T04:01:17: 读取文件成功
2017-03-04T04:01:27: 读取文件成功
2017-03-04T04:01:37: 读取文件成功
2017-03-04T04:01:47: 读取文件成功
2017-03-04T04:01:57: 读取文件成功
2017-03-04T04:02:07: 读取文件成功
2017-03-04T04:02:17: 读取文件成功
2017-03-04T04:02:27: 读取文件成功
2017-03-04T04:02:37: 读取文件成功
2017-03-04T04:02:47: 读取文件成功
2017-03-04T04:02:58: 读取文件成功
2017-03-04T04:03:08: 读取文件成功
2017-03-04T04:03:17: 读取文件成功
2017-03-04T04:03:27: 读取文件成功
2017-03-04T04:03:37: 读取文件成功
2017-03-04T04:03:47: 读取文件成功
2017-03-04T04:03:58: 读取文件成功
2017-03-04T04:04:07: 读取文件成功
2017-03-04T04:04:17: 读取文件成功
2017-03-04T04:04:27: 读取文件成功
2017-03-04T04:04:37: 读取文件成功
2017-03-04T04:04:47: 读取文件成功
2017-03-04T04:04:59: 读取文件成功
2017-03-04T04:05:07: 读取文件成功
2017-03-04T04:05:17: 读取文件成功
2017-03-04T04:05:28: 读取文件成功
2017-03-04T04:05:38: 读取文件成功
2017-03-04T04:05:48: 读取文件成功
2017-03-04T04:05:58: 读取文件成功
2017-03-04T04:06:08: 读取文件成功
2017-03-04T04:06:18: 读取文件成功
2017-03-04T04:06:28: 读取文件成功
2017-03-04T04:06:38: 读取文件成功
2017-03-04T04:06:48: 读取文件成功
2017-03-04T04:06:58: 读取文件成功
2017-03-04T04:07:08: 读取文件成功
2017-03-04T04:07:18: 读取文件成功
2017-03-04T04:07:28: 读取文件成功
2017-03-04T04:07:38: 读取文件成功
2017-03-04T04:07:48: 读取文件成功
2017-03-04T04:07:58: 读取文件成功
2017-03-04T04:08:08: 读取文件成功
2017-03-04T04:08:18: 读取文件成功
2017-03-04T04:08:28: 读取文件成功
2017-03-04T04:08:38: 读取文件成功
2017-03-04T04:08:48: 读取文件成功
2017-03-04T04:08:58: 读取文件成功
2017-03-04T04:09:08: 读取文件成功
2017-03-04T04:09:18: 读取文件成功
2017-03-04T04:09:28: 读取文件成功
2017-03-04T04:09:38: 读取文件成功
2017-03-04T04:09:48: 读取文件成功
2017-03-04T04:09:58: 读取文件成功
2017-03-04T04:10:08: 读取文件成功
2017-03-04T04:10:18: 读取文件成功
2017-03-04T04:10:28: 读取文件成功
2017-03-04T04:10:38: 读取文件成功
2017-03-04T04:10:48: 读取文件成功
2017-03-04T04:10:58: 读取文件成功
2017-03-04T04:11:08: 读取文件成功
2017-03-04T04:11:18: 读取文件成功
2017-03-04T04:11:28: 读取文件成功
2017-03-04T04:11:38: 读取文件成功
2017-03-04T04:11:48: 读取文件成功
2017-03-04T04:11:58: 读取文件成功
2017-03-04T04:12:08: 读取文件成功
2017-03-04T04:12:18: 读取文件成功
2017-03-04T04:12:28: 读取文件成功
2017-03-04T04:12:38: 读取文件成功
2017-03-04T04:12:48: 读取文件成功
2017-03-04T04:12:58: 读取文件成功
2017-03-04T04:13:08: 读取文件成功
2017-03-04T04:13:19: 读取文件成功
2017-03-04T04:13:28: 读取文件成功
2017-03-04T04:13:38: 读取文件成功
2017-03-04T04:13:48: 读取文件成功
2017-03-04T04:13:58: 读取文件成功
2017-03-04T04:14:09: 读取文件成功
2017-03-04T04:14:18: 读取文件成功
2017-03-04T04:14:28: 读取文件成功
2017-03-04T04:14:38: 读取文件成功
2017-03-04T04:14:48: 读取文件成功
2017-03-04T04:14:58: 读取文件成功
2017-03-04T04:15:08: 读取文件成功
2017-03-04T04:15:18: 读取文件成功
2017-03-04T04:15:28: 读取文件成功
2017-03-04T04:15:38: 读取文件成功
2017-03-04T04:15:48: 读取文件成功
2017-03-04T04:15:58: 读取文件成功
2017-03-04T04:16:08: 读取文件成功
2017-03-04T04:16:18: 读取文件成功
2017-03-04T04:16:28: 读取文件成功
2017-03-04T04:16:38: 读取文件成功
2017-03-04T04:16:48: 读取文件成功
2017-03-04T04:16:58: 读取文件成功
2017-03-04T04:17:08: 读取文件成功
2017-03-04T04:17:18: 读取文件成功
2017-03-04T04:17:28: 读取文件成功
2017-03-04T04:17:38: 读取文件成功
2017-03-04T04:17:48: 读取文件成功
2017-03-04T04:17:58: 读取文件成功
2017-03-04T04:18:08: 读取文件成功
2017-03-04T04:18:18: 读取文件成功
2017-03-04T04:18:28: 读取文件成功
2017-03-04T04:18:38: 读取文件成功
2017-03-04T04:18:48: 读取文件成功
2017-03-04T04:18:58: 读取文件成功
2017-03-04T04:19:08: 读取文件成功
2017-03-04T04:19:18: 读取文件成功
2017-03-04T04:19:28: 读取文件成功
2017-03-04T04:19:38: 读取文件成功
2017-03-04T04:19:48: 读取文件成功
2017-03-04T04:19:58: 读取文件成功
2017-03-04T04:20:08: 读取文件成功
2017-03-04T04:20:18: 读取文件成功
2017-03-04T04:20:29: 读取文件成功
2017-03-04T04:20:38: 读取文件成功
2017-03-04T04:20:48: 读取文件成功
2017-03-04T04:20:59: 读取文件成功
2017-03-04T04:21:08: 读取文件成功
2017-03-04T04:21:18: 读取文件成功
2017-03-04T04:21:28: 读取文件成功
2017-03-04T04:21:38: 读取文件成功
2017-03-04T04:21:48: 读取文件成功
2017-03-04T04:21:58: 读取文件成功
2017-03-04T04:22:09: 读取文件成功
2017-03-04T04:22:19: 读取文件成功
2017-03-04T04:22:29: 读取文件成功
2017-03-04T04:22:39: 读取文件成功
2017-03-04T04:22:49: 读取文件成功
2017-03-04T04:22:59: 读取文件成功
2017-03-04T04:23:09: 读取文件成功
2017-03-04T04:23:19: 读取文件成功
2017-03-04T04:23:29: 读取文件成功
2017-03-04T04:23:39: 读取文件成功
2017-03-04T04:23:49: 读取文件成功
2017-03-04T04:23:59: 读取文件成功
2017-03-04T04:24:09: 读取文件成功
2017-03-04T04:24:19: 读取文件成功
2017-03-04T04:24:29: 读取文件成功
2017-03-04T04:24:39: 读取文件成功
2017-03-04T04:24:49: 读取文件成功
2017-03-04T04:24:59: 读取文件成功
2017-03-04T04:25:09: 读取文件成功
2017-03-04T04:25:19: 读取文件成功
2017-03-04T04:25:29: 读取文件成功
2017-03-04T04:25:39: 读取文件成功
2017-03-04T04:25:49: 读取文件成功
2017-03-04T04:25:59: 读取文件成功
2017-03-04T04:26:09: 读取文件成功
2017-03-04T04:26:19: 读取文件成功
2017-03-04T04:26:29: 读取文件成功
2017-03-04T04:26:39: 读取文件成功
2017-03-04T04:26:49: 读取文件成功
2017-03-04T04:26:59: 读取文件成功
2017-03-04T04:27:10: 读取文件成功
2017-03-04T04:27:19: 读取文件成功
2017-03-04T04:27:29: 读取文件成功
2017-03-04T04:27:39: 读取文件成功
2017-03-04T04:27:49: 读取文件成功
2017-03-04T04:27:59: 读取文件成功
2017-03-04T04:28:09: 读取文件成功
2017-03-04T04:28:19: 读取文件成功
2017-03-04T04:28:29: 读取文件成功
2017-03-04T04:28:39: 读取文件成功
2017-03-04T04:28:49: 读取文件成功
2017-03-04T04:28:59: 读取文件成功
2017-03-04T04:29:09: 读取文件成功
2017-03-04T04:29:19: 读取文件成功
2017-03-04T04:29:29: 读取文件成功
2017-03-04T04:29:39: 读取文件成功
2017-03-04T04:29:49: 读取文件成功
2017-03-04T04:29:59: 读取文件成功
2017-03-04T04:30:09: 读取文件成功
2017-03-04T04:30:19: 读取文件成功
2017-03-04T04:30:29: 读取文件成功
2017-03-04T04:30:39: 读取文件成功
2017-03-04T04:30:49: 读取文件成功
2017-03-04T04:30:59: 读取文件成功
2017-03-04T04:31:09: 读取文件成功
2017-03-04T04:31:19: 读取文件成功
2017-03-04T04:31:29: 读取文件成功
2017-03-04T04:31:39: 读取文件成功
2017-03-04T04:31:49: 读取文件成功
2017-03-04T04:31:59: 读取文件成功
2017-03-04T04:32:09: 读取文件成功
2017-03-04T04:32:19: 读取文件成功
2017-03-04T04:32:29: 读取文件成功
2017-03-04T04:32:39: 读取文件成功
2017-03-04T04:32:49: 读取文件成功
2017-03-04T04:32:59: 读取文件成功
2017-03-04T04:33:09: 读取文件成功
2017-03-04T04:33:19: 读取文件成功
2017-03-04T04:33:29: 读取文件成功
2017-03-04T04:33:39: 读取文件成功
2017-03-04T04:33:49: 读取文件成功
2017-03-04T04:33:59: 读取文件成功
2017-03-04T04:34:09: 读取文件成功
2017-03-04T04:34:19: 读取文件成功
2017-03-04T04:34:29: 读取文件成功
2017-03-04T04:34:39: 读取文件成功
2017-03-04T04:34:49: 读取文件成功
2017-03-04T04:34:59: 读取文件成功
2017-03-04T04:35:09: 读取文件成功
2017-03-04T04:35:19: 读取文件成功
2017-03-04T04:35:29: 读取文件成功
2017-03-04T04:35:39: 读取文件成功
2017-03-04T04:35:49: 读取文件成功
2017-03-04T04:35:59: 读取文件成功
2017-03-04T04:36:11: 读取文件成功
2017-03-04T04:36:19: 读取文件成功
2017-03-04T04:36:30: 读取文件成功
2017-03-04T04:36:39: 读取文件成功
2017-03-04T04:36:49: 读取文件成功
2017-03-04T04:36:59: 读取文件成功
2017-03-04T04:37:10: 读取文件成功
2017-03-04T04:37:19: 读取文件成功
2017-03-04T04:37:29: 读取文件成功
2017-03-04T04:37:40: 读取文件成功
2017-03-04T04:37:51: 读取文件成功
2017-03-04T04:38:00: 读取文件成功
2017-03-04T04:38:10: 读取文件成功
2017-03-04T04:38:20: 读取文件成功
2017-03-04T04:38:30: 读取文件成功
2017-03-04T04:38:40: 读取文件成功
2017-03-04T04:38:50: 读取文件成功
2017-03-04T04:39:00: 读取文件成功
2017-03-04T04:39:10: 读取文件成功
2017-03-04T04:39:20: 读取文件成功
2017-03-04T04:39:30: 读取文件成功
2017-03-04T04:39:40: 读取文件成功
2017-03-04T04:39:50: 读取文件成功
2017-03-04T04:40:00: 读取文件成功
2017-03-04T04:40:10: 读取文件成功
2017-03-04T04:40:23: 读取文件成功
2017-03-04T04:40:30: 读取文件成功
2017-03-04T04:40:40: 读取文件成功
2017-03-04T04:40:50: 读取文件成功
2017-03-04T04:41:00: 读取文件成功
2017-03-04T04:41:10: 读取文件成功
2017-03-04T04:41:20: 读取文件成功
2017-03-04T04:41:30: 读取文件成功
2017-03-04T04:41:40: 读取文件成功
2017-03-04T04:41:50: 读取文件成功
2017-03-04T04:42:00: 读取文件成功
2017-03-04T04:42:10: 读取文件成功
2017-03-04T04:42:20: 读取文件成功
2017-03-04T04:42:30: 读取文件成功
2017-03-04T04:42:40: 读取文件成功
2017-03-04T04:42:50: 读取文件成功
2017-03-04T04:43:00: 读取文件成功
2017-03-04T04:43:10: 读取文件成功
2017-03-04T04:43:20: 读取文件成功
2017-03-04T04:43:30: 读取文件成功
2017-03-04T04:43:40: 读取文件成功
2017-03-04T04:43:51: 读取文件成功
2017-03-04T04:44:00: 读取文件成功
2017-03-04T04:44:10: 读取文件成功
2017-03-04T04:44:20: 读取文件成功
2017-03-04T04:44:30: 读取文件成功
2017-03-04T04:44:40: 读取文件成功
2017-03-04T04:44:50: 读取文件成功
2017-03-04T04:45:00: 读取文件成功
2017-03-04T04:45:10: 读取文件成功
2017-03-04T04:45:20: 读取文件成功
2017-03-04T04:45:30: 读取文件成功
2017-03-04T04:45:40: 读取文件成功
2017-03-04T04:45:50: 读取文件成功
2017-03-04T04:46:00: 读取文件成功
2017-03-04T04:46:10: 读取文件成功
2017-03-04T04:46:20: 读取文件成功
2017-03-04T04:46:30: 读取文件成功
2017-03-04T04:46:40: 读取文件成功
2017-03-04T04:46:50: 读取文件成功
2017-03-04T04:47:00: 读取文件成功
2017-03-04T04:47:10: 读取文件成功
2017-03-04T04:47:20: 读取文件成功
2017-03-04T04:47:30: 读取文件成功
2017-03-04T04:47:40: 读取文件成功
2017-03-04T04:47:50: 读取文件成功
2017-03-04T04:48:00: 读取文件成功
2017-03-04T04:48:10: 读取文件成功
2017-03-04T04:48:20: 读取文件成功
2017-03-04T04:48:30: 读取文件成功
2017-03-04T04:48:40: 读取文件成功
2017-03-04T04:48:50: 读取文件成功
2017-03-04T04:49:00: 读取文件成功
2017-03-04T04:49:10: 读取文件成功
2017-03-04T04:49:20: 读取文件成功
2017-03-04T04:49:31: 读取文件成功
2017-03-04T04:49:40: 读取文件成功
2017-03-04T04:49:50: 读取文件成功
2017-03-04T04:50:00: 读取文件成功
2017-03-04T04:50:10: 读取文件成功
2017-03-04T04:50:20: 读取文件成功
2017-03-04T04:50:30: 读取文件成功
2017-03-04T04:50:40: 读取文件成功
2017-03-04T04:50:50: 读取文件成功
2017-03-04T04:51:00: 读取文件成功
2017-03-04T04:51:10: 读取文件成功
2017-03-04T04:51:20: 读取文件成功
2017-03-04T04:51:32: 读取文件成功
2017-03-04T04:51:40: 读取文件成功
2017-03-04T04:51:51: 读取文件成功
2017-03-04T04:52:01: 读取文件成功
2017-03-04T04:52:10: 读取文件成功
2017-03-04T04:52:20: 读取文件成功
2017-03-04T04:52:30: 读取文件成功
2017-03-04T04:52:40: 读取文件成功
2017-03-04T04:52:50: 读取文件成功
2017-03-04T04:53:01: 读取文件成功
2017-03-04T04:53:11: 读取文件成功
2017-03-04T04:53:21: 读取文件成功
2017-03-04T04:53:31: 读取文件成功
2017-03-04T04:53:41: 读取文件成功
2017-03-04T04:53:51: 读取文件成功
2017-03-04T04:54:01: 读取文件成功
2017-03-04T04:54:11: 读取文件成功
2017-03-04T04:54:21: 读取文件成功
2017-03-04T04:54:31: 读取文件成功
2017-03-04T04:54:41: 读取文件成功
2017-03-04T04:54:51: 读取文件成功
2017-03-04T04:55:01: 读取文件成功
2017-03-04T04:55:11: 读取文件成功
2017-03-04T04:55:21: 读取文件成功
2017-03-04T04:55:31: 读取文件成功
2017-03-04T04:55:41: 读取文件成功
2017-03-04T04:55:51: 读取文件成功
2017-03-04T04:56:01: 读取文件成功
2017-03-04T04:56:11: 读取文件成功
2017-03-04T04:56:21: 读取文件成功
2017-03-04T04:56:32: 读取文件成功
2017-03-04T04:56:41: 读取文件成功
2017-03-04T04:56:51: 读取文件成功
2017-03-04T04:57:01: 读取文件成功
2017-03-04T04:57:11: 读取文件成功
2017-03-04T04:57:21: 读取文件成功
2017-03-04T04:57:31: 读取文件成功
2017-03-04T04:57:41: 读取文件成功
2017-03-04T04:57:51: 读取文件成功
2017-03-04T04:58:01: 读取文件成功
2017-03-04T04:58:11: 读取文件成功
2017-03-04T04:58:21: 读取文件成功
2017-03-04T04:58:31: 读取文件成功
2017-03-04T04:58:41: 读取文件成功
2017-03-04T04:58:51: 读取文件成功
2017-03-04T04:59:01: 读取文件成功
2017-03-04T04:59:11: 读取文件成功
2017-03-04T04:59:21: 读取文件成功
2017-03-04T04:59:31: 读取文件成功
2017-03-04T04:59:41: 读取文件成功
2017-03-04T04:59:51: 读取文件成功
2017-03-04T05:00:01: 读取文件成功
2017-03-04T05:00:11: 读取文件成功
2017-03-04T05:00:21: 读取文件成功
2017-03-04T05:00:31: 读取文件成功
2017-03-04T05:00:41: 读取文件成功
2017-03-04T05:00:51: 读取文件成功
2017-03-04T05:01:01: 读取文件成功
2017-03-04T05:01:11: 读取文件成功
2017-03-04T05:01:21: 读取文件成功
2017-03-04T05:01:31: 读取文件成功
2017-03-04T05:01:42: 读取文件成功
2017-03-04T05:01:51: 读取文件成功
2017-03-04T05:02:01: 读取文件成功
2017-03-04T05:02:11: 读取文件成功
2017-03-04T05:02:21: 读取文件成功
2017-03-04T05:02:31: 读取文件成功
2017-03-04T05:02:41: 读取文件成功
2017-03-04T05:02:51: 读取文件成功
2017-03-04T05:03:01: 读取文件成功
2017-03-04T05:03:11: 读取文件成功
2017-03-04T05:03:21: 读取文件成功
2017-03-04T05:03:31: 读取文件成功
2017-03-04T05:03:41: 读取文件成功
2017-03-04T05:03:51: 读取文件成功
2017-03-04T05:04:01: 读取文件成功
2017-03-04T05:04:11: 读取文件成功
2017-03-04T05:04:21: 读取文件成功
2017-03-04T05:04:31: 读取文件成功
2017-03-04T05:04:41: 读取文件成功
2017-03-04T05:04:51: 读取文件成功
2017-03-04T05:05:01: 读取文件成功
2017-03-04T05:05:11: 读取文件成功
2017-03-04T05:05:21: 读取文件成功
2017-03-04T05:05:31: 读取文件成功
2017-03-04T05:05:41: 读取文件成功
2017-03-04T05:05:51: 读取文件成功
2017-03-04T05:06:01: 读取文件成功
2017-03-04T05:06:11: 读取文件成功
2017-03-04T05:06:21: 读取文件成功
2017-03-04T05:06:31: 读取文件成功
2017-03-04T05:06:41: 读取文件成功
2017-03-04T05:06:51: 读取文件成功
2017-03-04T05:07:01: 读取文件成功
2017-03-04T05:07:11: 读取文件成功
2017-03-04T05:07:21: 读取文件成功
2017-03-04T05:07:31: 读取文件成功
2017-03-04T05:07:41: 读取文件成功
2017-03-04T05:07:51: 读取文件成功
2017-03-04T05:08:01: 读取文件成功
2017-03-04T05:08:11: 读取文件成功
2017-03-04T05:08:21: 读取文件成功
2017-03-04T05:08:31: 读取文件成功
2017-03-04T05:08:41: 读取文件成功
2017-03-04T05:08:51: 读取文件成功
2017-03-04T05:09:01: 读取文件成功
2017-03-04T05:09:11: 读取文件成功
2017-03-04T05:09:22: 读取文件成功
2017-03-04T05:09:32: 读取文件成功
2017-03-04T05:09:41: 读取文件成功
2017-03-04T05:09:51: 读取文件成功
2017-03-04T05:10:02: 读取文件成功
2017-03-04T05:10:12: 读取文件成功
2017-03-04T05:10:22: 读取文件成功
2017-03-04T05:10:32: 读取文件成功
2017-03-04T05:10:42: 读取文件成功
2017-03-04T05:10:52: 读取文件成功
2017-03-04T05:11:02: 读取文件成功
2017-03-04T05:11:12: 读取文件成功
2017-03-04T05:11:22: 读取文件成功
2017-03-04T05:11:32: 读取文件成功
2017-03-04T05:11:42: 读取文件成功
2017-03-04T05:11:52: 读取文件成功
2017-03-04T05:12:02: 读取文件成功
2017-03-04T05:12:12: 读取文件成功
2017-03-04T05:12:22: 读取文件成功
2017-03-04T05:12:32: 读取文件成功
2017-03-04T05:12:42: 读取文件成功
2017-03-04T05:12:52: 读取文件成功
2017-03-04T05:13:02: 读取文件成功
2017-03-04T05:13:12: 读取文件成功
2017-03-04T05:13:22: 读取文件成功
2017-03-04T05:13:32: 读取文件成功
2017-03-04T05:13:42: 读取文件成功
2017-03-04T05:13:52: 读取文件成功
2017-03-04T05:14:02: 读取文件成功
2017-03-04T05:14:12: 读取文件成功
2017-03-04T05:14:22: 读取文件成功
2017-03-04T05:14:32: 读取文件成功
2017-03-04T05:14:42: 读取文件成功
2017-03-04T05:14:52: 读取文件成功
2017-03-04T05:15:02: 读取文件成功
2017-03-04T05:15:12: 读取文件成功
2017-03-04T05:15:22: 读取文件成功
2017-03-04T05:15:32: 读取文件成功
2017-03-04T05:15:42: 读取文件成功
2017-03-04T05:15:52: 读取文件成功
2017-03-04T05:16:02: 读取文件成功
2017-03-04T05:16:12: 读取文件成功
2017-03-04T05:16:22: 读取文件成功
2017-03-04T05:16:32: 读取文件成功
2017-03-04T05:16:42: 读取文件成功
2017-03-04T05:16:52: 读取文件成功
2017-03-04T05:17:02: 读取文件成功
2017-03-04T05:17:12: 读取文件成功
2017-03-04T05:17:22: 读取文件成功
2017-03-04T05:17:32: 读取文件成功
2017-03-04T05:17:42: 读取文件成功
2017-03-04T05:17:52: 读取文件成功
2017-03-04T05:18:02: 读取文件成功
2017-03-04T05:18:12: 读取文件成功
2017-03-04T05:18:22: 读取文件成功
2017-03-04T05:18:32: 读取文件成功
2017-03-04T05:18:42: 读取文件成功
2017-03-04T05:18:52: 读取文件成功
2017-03-04T05:19:02: 读取文件成功
2017-03-04T05:19:12: 读取文件成功
2017-03-04T05:19:22: 读取文件成功
2017-03-04T05:19:32: 读取文件成功
2017-03-04T05:19:42: 读取文件成功
2017-03-04T05:19:52: 读取文件成功
2017-03-04T05:20:02: 读取文件成功
2017-03-04T05:20:12: 读取文件成功
2017-03-04T05:20:22: 读取文件成功
2017-03-04T05:20:32: 读取文件成功
2017-03-04T05:20:42: 读取文件成功
2017-03-04T05:20:52: 读取文件成功
2017-03-04T05:21:02: 读取文件成功
2017-03-04T05:21:12: 读取文件成功
2017-03-04T05:21:22: 读取文件成功
2017-03-04T05:21:32: 读取文件成功
2017-03-04T05:21:42: 读取文件成功
2017-03-04T05:21:52: 读取文件成功
2017-03-04T05:22:02: 读取文件成功
2017-03-04T05:22:12: 读取文件成功
2017-03-04T05:22:22: 读取文件成功
2017-03-04T05:22:32: 读取文件成功
2017-03-04T05:22:42: 读取文件成功
2017-03-04T05:22:52: 读取文件成功
2017-03-04T05:23:02: 读取文件成功
2017-03-04T05:23:12: 读取文件成功
2017-03-04T05:23:22: 读取文件成功
2017-03-04T05:23:33: 读取文件成功
2017-03-04T05:23:42: 读取文件成功
2017-03-04T05:23:52: 读取文件成功
2017-03-04T05:24:02: 读取文件成功
2017-03-04T05:24:12: 读取文件成功
2017-03-04T05:24:22: 读取文件成功
2017-03-04T05:24:32: 读取文件成功
2017-03-04T05:24:42: 读取文件成功
2017-03-04T05:24:53: 读取文件成功
2017-03-04T05:25:02: 读取文件成功
2017-03-04T05:25:12: 读取文件成功
2017-03-04T05:25:22: 读取文件成功
2017-03-04T05:25:32: 读取文件成功
2017-03-04T05:25:43: 读取文件成功
2017-03-04T05:25:52: 读取文件成功
2017-03-04T05:26:03: 读取文件成功
2017-03-04T05:26:12: 读取文件成功
2017-03-04T05:26:23: 读取文件成功
2017-03-04T05:26:33: 读取文件成功
2017-03-04T05:26:43: 读取文件成功
2017-03-04T05:26:53: 读取文件成功
2017-03-04T05:27:03: 读取文件成功
2017-03-04T05:27:13: 读取文件成功
2017-03-04T05:27:23: 读取文件成功
2017-03-04T05:27:33: 读取文件成功
2017-03-04T05:27:43: 读取文件成功
2017-03-04T05:27:53: 读取文件成功
2017-03-04T05:28:03: 读取文件成功
2017-03-04T05:28:13: 读取文件成功
2017-03-04T05:28:23: 读取文件成功
2017-03-04T05:28:33: 读取文件成功
2017-03-04T05:28:43: 读取文件成功
2017-03-04T05:28:53: 读取文件成功
2017-03-04T05:29:03: 读取文件成功
2017-03-04T05:29:13: 读取文件成功
2017-03-04T05:29:23: 读取文件成功
2017-03-04T05:29:33: 读取文件成功
2017-03-04T05:29:43: 读取文件成功
2017-03-04T05:29:53: 读取文件成功
2017-03-04T05:30:03: 读取文件成功
2017-03-04T05:30:13: 读取文件成功
2017-03-04T05:30:23: 读取文件成功
2017-03-04T05:30:33: 读取文件成功
2017-03-04T05:30:43: 读取文件成功
2017-03-04T05:30:53: 读取文件成功
2017-03-04T05:31:03: 读取文件成功
2017-03-04T05:31:13: 读取文件成功
2017-03-04T05:31:23: 读取文件成功
2017-03-04T05:31:33: 读取文件成功
2017-03-04T05:31:43: 读取文件成功
2017-03-04T05:31:53: 读取文件成功
2017-03-04T05:32:03: 读取文件成功
2017-03-04T05:32:13: 读取文件成功
2017-03-04T05:32:23: 读取文件成功
2017-03-04T05:32:33: 读取文件成功
2017-03-04T05:32:43: 读取文件成功
2017-03-04T05:32:53: 读取文件成功
2017-03-04T05:33:04: 读取文件成功
2017-03-04T05:33:13: 读取文件成功
2017-03-04T05:33:23: 读取文件成功
2017-03-04T05:33:33: 读取文件成功
2017-03-04T05:33:43: 读取文件成功
2017-03-04T05:33:53: 读取文件成功
2017-03-04T05:34:03: 读取文件成功
2017-03-04T05:34:13: 读取文件成功
2017-03-04T05:34:23: 读取文件成功
2017-03-04T05:34:33: 读取文件成功
2017-03-04T05:34:43: 读取文件成功
2017-03-04T05:34:53: 读取文件成功
2017-03-04T05:35:03: 读取文件成功
2017-03-04T05:35:13: 读取文件成功
2017-03-04T05:35:23: 读取文件成功
2017-03-04T05:35:33: 读取文件成功
2017-03-04T05:35:43: 读取文件成功
2017-03-04T05:35:53: 读取文件成功
2017-03-04T05:36:03: 读取文件成功
2017-03-04T05:36:13: 读取文件成功
2017-03-04T05:36:23: 读取文件成功
2017-03-04T05:36:33: 读取文件成功
2017-03-04T05:36:43: 读取文件成功
2017-03-04T05:36:53: 读取文件成功
2017-03-04T05:37:03: 读取文件成功
2017-03-04T05:37:13: 读取文件成功
2017-03-04T05:37:23: 读取文件成功
2017-03-04T05:37:33: 读取文件成功
2017-03-04T05:37:43: 读取文件成功
2017-03-04T05:37:53: 读取文件成功
2017-03-04T05:38:03: 读取文件成功
2017-03-04T05:38:13: 读取文件成功
2017-03-04T05:38:23: 读取文件成功
2017-03-04T05:38:33: 读取文件成功
2017-03-04T05:38:43: 读取文件成功
2017-03-04T05:38:53: 读取文件成功
2017-03-04T05:39:03: 读取文件成功
2017-03-04T05:39:14: 读取文件成功
2017-03-04T05:39:23: 读取文件成功
2017-03-04T05:39:33: 读取文件成功
2017-03-04T05:39:43: 读取文件成功
2017-03-04T05:39:53: 读取文件成功
2017-03-04T05:40:03: 读取文件成功
2017-03-04T05:40:13: 读取文件成功
2017-03-04T05:40:23: 读取文件成功
2017-03-04T05:40:33: 读取文件成功
2017-03-04T05:40:43: 读取文件成功
2017-03-04T05:40:53: 读取文件成功
2017-03-04T05:41:03: 读取文件成功
2017-03-04T05:41:13: 读取文件成功
2017-03-04T05:41:23: 读取文件成功
2017-03-04T05:41:33: 读取文件成功
2017-03-04T05:41:43: 读取文件成功
2017-03-04T05:41:53: 读取文件成功
2017-03-04T05:42:03: 读取文件成功
2017-03-04T05:42:13: 读取文件成功
2017-03-04T05:42:23: 读取文件成功
2017-03-04T05:42:34: 读取文件成功
2017-03-04T05:42:44: 读取文件成功
2017-03-04T05:42:54: 读取文件成功
2017-03-04T05:43:04: 读取文件成功
2017-03-04T05:43:14: 读取文件成功
2017-03-04T05:43:24: 读取文件成功
2017-03-04T05:43:34: 读取文件成功
2017-03-04T05:43:44: 读取文件成功
2017-03-04T05:43:54: 读取文件成功
2017-03-04T05:44:04: 读取文件成功
2017-03-04T05:44:14: 读取文件成功
2017-03-04T05:44:24: 读取文件成功
2017-03-04T05:44:34: 读取文件成功
2017-03-04T05:44:44: 读取文件成功
2017-03-04T05:44:54: 读取文件成功
2017-03-04T05:45:04: 读取文件成功
2017-03-04T05:45:14: 读取文件成功
2017-03-04T05:45:24: 读取文件成功
2017-03-04T05:45:34: 读取文件成功
2017-03-04T05:45:44: 读取文件成功
2017-03-04T05:45:54: 读取文件成功
2017-03-04T05:46:04: 读取文件成功
2017-03-04T05:46:14: 读取文件成功
2017-03-04T05:46:24: 读取文件成功
2017-03-04T05:46:34: 读取文件成功
2017-03-04T05:46:44: 读取文件成功
2017-03-04T05:46:54: 读取文件成功
2017-03-04T05:47:04: 读取文件成功
2017-03-04T05:47:14: 读取文件成功
2017-03-04T05:47:24: 读取文件成功
2017-03-04T05:47:34: 读取文件成功
2017-03-04T05:47:44: 读取文件成功
2017-03-04T05:47:54: 读取文件成功
2017-03-04T05:48:04: 读取文件成功
2017-03-04T05:48:14: 读取文件成功
2017-03-04T05:48:24: 读取文件成功
2017-03-04T05:48:34: 读取文件成功
2017-03-04T05:48:44: 读取文件成功
2017-03-04T05:48:55: 读取文件成功
2017-03-04T05:49:04: 读取文件成功
2017-03-04T05:49:14: 读取文件成功
2017-03-04T05:49:24: 读取文件成功
2017-03-04T05:49:34: 读取文件成功
2017-03-04T05:49:44: 读取文件成功
2017-03-04T05:49:54: 读取文件成功
2017-03-04T05:50:04: 读取文件成功
2017-03-04T05:50:14: 读取文件成功
2017-03-04T05:50:24: 读取文件成功
2017-03-04T05:50:34: 读取文件成功
2017-03-04T05:50:44: 读取文件成功
2017-03-04T05:50:54: 读取文件成功
2017-03-04T05:51:04: 读取文件成功
2017-03-04T05:51:14: 读取文件成功
2017-03-04T05:51:24: 读取文件成功
2017-03-04T05:51:34: 读取文件成功
2017-03-04T05:51:44: 读取文件成功
2017-03-04T05:51:54: 读取文件成功
2017-03-04T05:52:04: 读取文件成功
2017-03-04T05:52:14: 读取文件成功
2017-03-04T05:52:24: 读取文件成功
2017-03-04T05:52:34: 读取文件成功
2017-03-04T05:52:44: 读取文件成功
2017-03-04T05:52:54: 读取文件成功
2017-03-04T05:53:04: 读取文件成功
2017-03-04T05:53:15: 读取文件成功
2017-03-04T05:53:24: 读取文件成功
2017-03-04T05:53:34: 读取文件成功
2017-03-04T05:53:44: 读取文件成功
2017-03-04T05:53:55: 读取文件成功
2017-03-04T05:54:04: 读取文件成功
2017-03-04T05:54:14: 读取文件成功
2017-03-04T05:54:24: 读取文件成功
2017-03-04T05:54:34: 读取文件成功
2017-03-04T05:54:44: 读取文件成功
2017-03-04T05:54:54: 读取文件成功
2017-03-04T05:55:04: 读取文件成功
2017-03-04T05:55:14: 读取文件成功
2017-03-04T05:55:24: 读取文件成功
2017-03-04T05:55:34: 读取文件成功
2017-03-04T05:55:44: 读取文件成功
2017-03-04T05:55:54: 读取文件成功
2017-03-04T05:56:04: 读取文件成功
2017-03-04T05:56:14: 读取文件成功
2017-03-04T05:56:24: 读取文件成功
2017-03-04T05:56:35: 读取文件成功
2017-03-04T05:56:44: 读取文件成功
2017-03-04T05:56:54: 读取文件成功
2017-03-04T05:57:04: 读取文件成功
2017-03-04T05:57:14: 读取文件成功
2017-03-04T05:57:24: 读取文件成功
2017-03-04T05:57:34: 读取文件成功
2017-03-04T05:57:44: 读取文件成功
2017-03-04T05:57:54: 读取文件成功
2017-03-04T05:58:05: 读取文件成功
2017-03-04T05:58:14: 读取文件成功
2017-03-04T05:58:24: 读取文件成功
2017-03-04T05:58:34: 读取文件成功
2017-03-04T05:58:44: 读取文件成功
2017-03-04T05:58:54: 读取文件成功
2017-03-04T05:59:05: 读取文件成功
2017-03-04T05:59:14: 读取文件成功
2017-03-04T05:59:24: 读取文件成功
2017-03-04T05:59:34: 读取文件成功
2017-03-04T05:59:44: 读取文件成功
2017-03-04T05:59:54: 读取文件成功
2017-03-04T06:00:05: 读取文件成功
2017-03-04T06:00:15: 读取文件成功
2017-03-04T06:00:25: 读取文件成功
2017-03-04T06:00:35: 读取文件成功
2017-03-04T06:00:45: 读取文件成功
2017-03-04T06:00:55: 读取文件成功
2017-03-04T06:01:05: 读取文件成功
2017-03-04T06:01:15: 读取文件成功
2017-03-04T06:01:25: 读取文件成功
2017-03-04T06:01:35: 读取文件成功
2017-03-04T06:01:45: 读取文件成功
2017-03-04T06:01:55: 读取文件成功
2017-03-04T06:02:05: 读取文件成功
2017-03-04T06:02:15: 读取文件成功
2017-03-04T06:02:25: 读取文件成功
2017-03-04T06:02:35: 读取文件成功
2017-03-04T06:02:45: 读取文件成功
2017-03-04T06:02:55: 读取文件成功
2017-03-04T06:03:05: 读取文件成功
2017-03-04T06:03:15: 读取文件成功
2017-03-04T06:03:25: 读取文件成功
2017-03-04T06:03:35: 读取文件成功
2017-03-04T06:03:45: 读取文件成功
2017-03-04T06:03:55: 读取文件成功
2017-03-04T06:04:05: 读取文件成功
2017-03-04T06:04:15: 读取文件成功
2017-03-04T06:04:25: 读取文件成功
2017-03-04T06:04:35: 读取文件成功
2017-03-04T06:04:45: 读取文件成功
2017-03-04T06:04:55: 读取文件成功
2017-03-04T06:05:06: 读取文件成功
2017-03-04T06:05:15: 读取文件成功
2017-03-04T06:05:26: 读取文件成功
2017-03-04T06:05:35: 读取文件成功
2017-03-04T06:05:45: 读取文件成功
2017-03-04T06:05:55: 读取文件成功
2017-03-04T06:06:05: 读取文件成功
2017-03-04T06:06:15: 读取文件成功
2017-03-04T06:06:25: 读取文件成功
2017-03-04T06:06:35: 读取文件成功
2017-03-04T06:06:45: 读取文件成功
2017-03-04T06:06:55: 读取文件成功
2017-03-04T06:07:05: 读取文件成功
2017-03-04T06:07:15: 读取文件成功
2017-03-04T06:07:25: 读取文件成功
2017-03-04T06:07:35: 读取文件成功
2017-03-04T06:07:45: 读取文件成功
2017-03-04T06:07:55: 读取文件成功
2017-03-04T06:08:05: 读取文件成功
2017-03-04T06:08:15: 读取文件成功
2017-03-04T06:08:25: 读取文件成功
2017-03-04T06:08:35: 读取文件成功
2017-03-04T06:08:45: 读取文件成功
2017-03-04T06:08:55: 读取文件成功
2017-03-04T06:09:05: 读取文件成功
2017-03-04T06:09:15: 读取文件成功
2017-03-04T06:09:25: 读取文件成功
2017-03-04T06:09:36: 读取文件成功
2017-03-04T06:09:45: 读取文件成功
2017-03-04T06:09:55: 读取文件成功
2017-03-04T06:10:06: 读取文件成功
2017-03-04T06:10:15: 读取文件成功
2017-03-04T06:10:25: 读取文件成功
2017-03-04T06:10:35: 读取文件成功
2017-03-04T06:10:45: 读取文件成功
2017-03-04T06:10:55: 读取文件成功
2017-03-04T06:11:05: 读取文件成功
2017-03-04T06:11:15: 读取文件成功
2017-03-04T06:11:25: 读取文件成功
2017-03-04T06:11:35: 读取文件成功
2017-03-04T06:11:45: 读取文件成功
2017-03-04T06:11:55: 读取文件成功
2017-03-04T06:12:05: 读取文件成功
2017-03-04T06:12:15: 读取文件成功
2017-03-04T06:12:25: 读取文件成功
2017-03-04T06:12:36: 读取文件成功
2017-03-04T06:12:45: 读取文件成功
2017-03-04T06:12:55: 读取文件成功
2017-03-04T06:13:05: 读取文件成功
2017-03-04T06:13:15: 读取文件成功
2017-03-04T06:13:25: 读取文件成功
2017-03-04T06:13:35: 读取文件成功
2017-03-04T06:13:45: 读取文件成功
2017-03-04T06:13:55: 读取文件成功
2017-03-04T06:14:05: 读取文件成功
2017-03-04T06:14:15: 读取文件成功
2017-03-04T06:14:25: 读取文件成功
2017-03-04T06:14:35: 读取文件成功
2017-03-04T06:14:45: 读取文件成功
2017-03-04T06:14:55: 读取文件成功
2017-03-04T06:15:05: 读取文件成功
2017-03-04T06:15:15: 读取文件成功
2017-03-04T06:15:25: 读取文件成功
2017-03-04T06:15:35: 读取文件成功
2017-03-04T06:15:45: 读取文件成功
2017-03-04T06:15:55: 读取文件成功
2017-03-04T06:16:05: 读取文件成功
2017-03-04T06:16:15: 读取文件成功
2017-03-04T06:16:25: 读取文件成功
2017-03-04T06:16:35: 读取文件成功
2017-03-04T06:16:45: 读取文件成功
2017-03-04T06:16:55: 读取文件成功
2017-03-04T06:17:06: 读取文件成功
2017-03-04T06:17:15: 读取文件成功
2017-03-04T06:17:25: 读取文件成功
2017-03-04T06:17:35: 读取文件成功
2017-03-04T06:17:46: 读取文件成功
2017-03-04T06:17:56: 读取文件成功
2017-03-04T06:18:06: 读取文件成功
2017-03-04T06:18:16: 读取文件成功
2017-03-04T06:18:26: 读取文件成功
2017-03-04T06:18:36: 读取文件成功
2017-03-04T06:18:46: 读取文件成功
2017-03-04T06:18:56: 读取文件成功
2017-03-04T06:19:06: 读取文件成功
2017-03-04T06:19:16: 读取文件成功
2017-03-04T06:19:26: 读取文件成功
2017-03-04T06:19:36: 读取文件成功
2017-03-04T06:19:46: 读取文件成功
2017-03-04T06:19:56: 读取文件成功
2017-03-04T06:20:06: 读取文件成功
2017-03-04T06:20:16: 读取文件成功
2017-03-04T06:20:26: 读取文件成功
2017-03-04T06:20:36: 读取文件成功
2017-03-04T06:20:46: 读取文件成功
2017-03-04T06:20:56: 读取文件成功
2017-03-04T06:21:06: 读取文件成功
2017-03-04T06:21:16: 读取文件成功
2017-03-04T06:21:26: 读取文件成功
2017-03-04T06:21:36: 读取文件成功
2017-03-04T06:21:46: 读取文件成功
2017-03-04T06:21:56: 读取文件成功
2017-03-04T06:22:06: 读取文件成功
2017-03-04T06:22:16: 读取文件成功
2017-03-04T06:22:26: 读取文件成功
2017-03-04T06:22:36: 读取文件成功
2017-03-04T06:22:46: 读取文件成功
2017-03-04T06:22:56: 读取文件成功
2017-03-04T06:23:06: 读取文件成功
2017-03-04T06:23:16: 读取文件成功
2017-03-04T06:23:26: 读取文件成功
2017-03-04T06:23:36: 读取文件成功
2017-03-04T06:23:46: 读取文件成功
2017-03-04T06:23:56: 读取文件成功
2017-03-04T06:24:06: 读取文件成功
2017-03-04T06:24:16: 读取文件成功
2017-03-04T06:24:26: 读取文件成功
2017-03-04T06:24:36: 读取文件成功
2017-03-04T06:24:46: 读取文件成功
2017-03-04T06:24:56: 读取文件成功
2017-03-04T06:25:06: 读取文件成功
2017-03-04T06:25:16: 读取文件成功
2017-03-04T06:25:27: 读取文件成功
2017-03-04T06:25:36: 读取文件成功
2017-03-04T06:25:46: 读取文件成功
2017-03-04T06:25:56: 读取文件成功
2017-03-04T06:26:06: 读取文件成功
2017-03-04T06:26:16: 读取文件成功
2017-03-04T06:26:26: 读取文件成功
2017-03-04T06:26:36: 读取文件成功
2017-03-04T06:26:46: 读取文件成功
2017-03-04T06:26:56: 读取文件成功
2017-03-04T06:27:06: 读取文件成功
2017-03-04T06:27:16: 读取文件成功
2017-03-04T06:27:26: 读取文件成功
2017-03-04T06:27:36: 读取文件成功
2017-03-04T06:27:46: 读取文件成功
2017-03-04T06:27:56: 读取文件成功
2017-03-04T06:28:06: 读取文件成功
2017-03-04T06:28:16: 读取文件成功
2017-03-04T06:28:26: 读取文件成功
2017-03-04T06:28:36: 读取文件成功
2017-03-04T06:28:46: 读取文件成功
2017-03-04T06:28:56: 读取文件成功
2017-03-04T06:29:06: 读取文件成功
