2017-09-09T00:00:01: 非记录时间：2017-09-09T00:00:01+08:00
2017-09-09T00:01:01: 非记录时间：2017-09-09T00:01:01+08:00
2017-09-09T00:02:01: 非记录时间：2017-09-09T00:02:01+08:00
2017-09-09T00:03:01: 非记录时间：2017-09-09T00:03:01+08:00
2017-09-09T00:04:01: 非记录时间：2017-09-09T00:04:01+08:00
2017-09-09T00:05:01: 非记录时间：2017-09-09T00:05:01+08:00
2017-09-09T00:06:01: 非记录时间：2017-09-09T00:06:01+08:00
2017-09-09T00:07:01: 非记录时间：2017-09-09T00:07:01+08:00
2017-09-09T00:08:01: 非记录时间：2017-09-09T00:08:01+08:00
2017-09-09T00:09:01: 非记录时间：2017-09-09T00:09:01+08:00
2017-09-09T00:10:01: 非记录时间：2017-09-09T00:10:01+08:00
2017-09-09T00:11:01: 非记录时间：2017-09-09T00:11:01+08:00
2017-09-09T00:12:01: 非记录时间：2017-09-09T00:12:01+08:00
2017-09-09T00:13:01: 非记录时间：2017-09-09T00:13:01+08:00
2017-09-09T00:14:01: 非记录时间：2017-09-09T00:14:01+08:00
2017-09-09T00:15:01: 非记录时间：2017-09-09T00:15:01+08:00
2017-09-09T00:16:01: 非记录时间：2017-09-09T00:16:01+08:00
2017-09-09T00:17:01: 非记录时间：2017-09-09T00:17:01+08:00
2017-09-09T00:18:01: 非记录时间：2017-09-09T00:18:01+08:00
2017-09-09T00:19:01: 非记录时间：2017-09-09T00:19:01+08:00
2017-09-09T00:20:01: 非记录时间：2017-09-09T00:20:01+08:00
2017-09-09T00:21:01: 非记录时间：2017-09-09T00:21:01+08:00
2017-09-09T00:22:01: 非记录时间：2017-09-09T00:22:01+08:00
2017-09-09T00:23:01: 非记录时间：2017-09-09T00:23:01+08:00
2017-09-09T00:24:01: 非记录时间：2017-09-09T00:24:01+08:00
2017-09-09T00:25:01: 非记录时间：2017-09-09T00:25:01+08:00
2017-09-09T00:26:01: 非记录时间：2017-09-09T00:26:01+08:00
2017-09-09T00:27:01: 非记录时间：2017-09-09T00:27:01+08:00
2017-09-09T00:28:01: 非记录时间：2017-09-09T00:28:01+08:00
2017-09-09T00:29:01: 非记录时间：2017-09-09T00:29:01+08:00
2017-09-09T00:30:01: 非记录时间：2017-09-09T00:30:01+08:00
2017-09-09T00:31:01: 非记录时间：2017-09-09T00:31:01+08:00
2017-09-09T00:32:01: 非记录时间：2017-09-09T00:32:01+08:00
2017-09-09T00:33:01: 非记录时间：2017-09-09T00:33:01+08:00
2017-09-09T00:34:01: 非记录时间：2017-09-09T00:34:01+08:00
2017-09-09T00:35:01: 非记录时间：2017-09-09T00:35:01+08:00
2017-09-09T00:36:01: 非记录时间：2017-09-09T00:36:01+08:00
2017-09-09T00:37:01: 非记录时间：2017-09-09T00:37:01+08:00
2017-09-09T00:38:01: 非记录时间：2017-09-09T00:38:01+08:00
2017-09-09T00:39:01: 非记录时间：2017-09-09T00:39:01+08:00
2017-09-09T00:40:01: 非记录时间：2017-09-09T00:40:01+08:00
2017-09-09T00:41:01: 非记录时间：2017-09-09T00:41:01+08:00
2017-09-09T00:42:01: 非记录时间：2017-09-09T00:42:01+08:00
2017-09-09T00:43:01: 非记录时间：2017-09-09T00:43:01+08:00
2017-09-09T00:44:01: 非记录时间：2017-09-09T00:44:01+08:00
2017-09-09T00:45:01: 非记录时间：2017-09-09T00:45:01+08:00
2017-09-09T00:46:01: 非记录时间：2017-09-09T00:46:01+08:00
2017-09-09T00:47:01: 非记录时间：2017-09-09T00:47:01+08:00
2017-09-09T00:48:01: 非记录时间：2017-09-09T00:48:01+08:00
2017-09-09T00:49:01: 非记录时间：2017-09-09T00:49:01+08:00
2017-09-09T00:50:01: 非记录时间：2017-09-09T00:50:01+08:00
2017-09-09T00:51:01: 非记录时间：2017-09-09T00:51:01+08:00
2017-09-09T00:52:01: 非记录时间：2017-09-09T00:52:01+08:00
2017-09-09T00:53:01: 非记录时间：2017-09-09T00:53:01+08:00
2017-09-09T00:54:01: 非记录时间：2017-09-09T00:54:01+08:00
2017-09-09T00:55:01: 非记录时间：2017-09-09T00:55:01+08:00
2017-09-09T00:56:01: 非记录时间：2017-09-09T00:56:01+08:00
2017-09-09T00:57:01: 非记录时间：2017-09-09T00:57:01+08:00
2017-09-09T00:58:01: 非记录时间：2017-09-09T00:58:01+08:00
2017-09-09T00:59:01: 非记录时间：2017-09-09T00:59:01+08:00
2017-09-09T01:00:01: 非记录时间：2017-09-09T01:00:01+08:00
2017-09-09T01:01:01: 非记录时间：2017-09-09T01:01:01+08:00
2017-09-09T01:02:02: 非记录时间：2017-09-09T01:02:02+08:00
2017-09-09T01:03:02: 非记录时间：2017-09-09T01:03:02+08:00
2017-09-09T01:04:02: 非记录时间：2017-09-09T01:04:02+08:00
2017-09-09T01:05:02: 非记录时间：2017-09-09T01:05:02+08:00
2017-09-09T01:06:02: 非记录时间：2017-09-09T01:06:02+08:00
2017-09-09T01:07:02: 非记录时间：2017-09-09T01:07:02+08:00
2017-09-09T01:08:02: 非记录时间：2017-09-09T01:08:02+08:00
2017-09-09T01:09:02: 非记录时间：2017-09-09T01:09:02+08:00
2017-09-09T01:10:02: 非记录时间：2017-09-09T01:10:02+08:00
2017-09-09T01:11:02: 读取文件失败，可能是该文件不存在
2017-09-09T01:11:02: Error: ENOENT: no such file or directory, open './data/2017-09-09.json'
2017-09-09T01:12:02: 读取文件成功
2017-09-09T01:13:02: 读取文件成功
2017-09-09T01:14:02: 读取文件成功
2017-09-09T01:15:02: 读取文件成功
2017-09-09T01:16:02: 读取文件成功
2017-09-09T01:17:02: 读取文件成功
2017-09-09T01:18:02: 读取文件成功
2017-09-09T01:19:02: 读取文件成功
2017-09-09T01:20:03: 读取文件成功
2017-09-09T01:21:02: 读取文件成功
2017-09-09T01:22:02: 读取文件成功
2017-09-09T01:23:02: 读取文件成功
2017-09-09T01:24:02: 读取文件成功
2017-09-09T01:25:02: 读取文件成功
2017-09-09T01:26:02: 读取文件成功
2017-09-09T01:27:02: 读取文件成功
2017-09-09T01:28:02: 读取文件成功
2017-09-09T01:29:02: 读取文件成功
2017-09-09T01:30:02: 读取文件成功
2017-09-09T01:31:02: 读取文件成功
2017-09-09T01:32:02: 读取文件成功
2017-09-09T01:33:03: 读取文件成功
2017-09-09T01:34:02: 读取文件成功
2017-09-09T01:35:02: 读取文件成功
2017-09-09T01:36:03: 读取文件成功
2017-09-09T01:37:02: 读取文件成功
2017-09-09T01:38:02: 读取文件成功
2017-09-09T01:39:02: 读取文件成功
2017-09-09T01:40:02: 读取文件成功
2017-09-09T01:41:02: 读取文件成功
2017-09-09T01:42:02: 读取文件成功
2017-09-09T01:43:02: 读取文件成功
2017-09-09T01:44:02: 读取文件成功
2017-09-09T01:45:02: 读取文件成功
2017-09-09T01:46:02: 读取文件成功
2017-09-09T01:47:02: 读取文件成功
2017-09-09T01:48:03: 读取文件成功
2017-09-09T01:49:03: 读取文件成功
2017-09-09T01:50:02: 读取文件成功
2017-09-09T01:51:02: 读取文件成功
2017-09-09T01:52:02: 读取文件成功
2017-09-09T01:53:02: 读取文件成功
2017-09-09T01:54:02: 读取文件成功
2017-09-09T01:55:02: 读取文件成功
2017-09-09T01:56:02: 读取文件成功
2017-09-09T01:57:02: 读取文件成功
2017-09-09T01:58:02: 读取文件成功
2017-09-09T01:59:02: 读取文件成功
2017-09-09T02:00:02: 读取文件成功
2017-09-09T02:01:02: 读取文件成功
2017-09-09T02:02:02: 读取文件成功
2017-09-09T02:03:02: 读取文件成功
2017-09-09T02:04:02: 读取文件成功
2017-09-09T02:05:02: 读取文件成功
2017-09-09T02:06:02: 读取文件成功
2017-09-09T02:07:02: 读取文件成功
2017-09-09T02:08:02: 读取文件成功
2017-09-09T02:09:02: 读取文件成功
2017-09-09T02:10:02: 读取文件成功
2017-09-09T02:11:03: 读取文件成功
2017-09-09T02:12:02: 读取文件成功
2017-09-09T02:13:02: 读取文件成功
2017-09-09T02:14:03: 读取文件成功
2017-09-09T02:15:02: 读取文件成功
2017-09-09T02:16:02: 读取文件成功
2017-09-09T02:17:03: 读取文件成功
2017-09-09T02:18:03: 读取文件成功
2017-09-09T02:19:03: 读取文件成功
2017-09-09T02:20:03: 读取文件成功
2017-09-09T02:21:03: 读取文件成功
2017-09-09T02:22:03: 读取文件成功
2017-09-09T02:23:03: 读取文件成功
2017-09-09T02:24:03: 读取文件成功
2017-09-09T02:25:03: 读取文件成功
2017-09-09T02:26:03: 读取文件成功
2017-09-09T02:27:03: 读取文件成功
2017-09-09T02:28:03: 读取文件成功
2017-09-09T02:29:03: 读取文件成功
2017-09-09T02:30:03: 读取文件成功
2017-09-09T02:31:03: 读取文件成功
2017-09-09T02:32:03: 读取文件成功
2017-09-09T02:33:03: 读取文件成功
2017-09-09T02:34:03: 读取文件成功
2017-09-09T02:35:03: 读取文件成功
2017-09-09T02:36:03: 读取文件成功
2017-09-09T02:37:03: 读取文件成功
2017-09-09T02:38:03: 读取文件成功
2017-09-09T02:39:03: 读取文件成功
2017-09-09T02:40:03: 读取文件成功
2017-09-09T02:41:03: 读取文件成功
2017-09-09T02:42:03: 读取文件成功
2017-09-09T02:43:03: 读取文件成功
2017-09-09T02:44:03: 读取文件成功
2017-09-09T02:45:03: 读取文件成功
2017-09-09T02:46:03: 读取文件成功
2017-09-09T02:47:03: 读取文件成功
2017-09-09T02:48:03: 读取文件成功
2017-09-09T02:49:03: 读取文件成功
2017-09-09T02:50:03: 读取文件成功
2017-09-09T02:51:03: 读取文件成功
2017-09-09T02:52:03: 读取文件成功
2017-09-09T02:53:03: 读取文件成功
2017-09-09T02:54:03: 读取文件成功
2017-09-09T02:55:03: 读取文件成功
2017-09-09T02:56:03: 读取文件成功
2017-09-09T02:57:03: 读取文件成功
2017-09-09T02:58:03: 读取文件成功
2017-09-09T02:59:04: 读取文件成功
2017-09-09T03:00:03: 读取文件成功
2017-09-09T03:01:03: 读取文件成功
2017-09-09T03:02:03: 读取文件成功
2017-09-09T03:03:03: 读取文件成功
2017-09-09T03:04:03: 读取文件成功
2017-09-09T03:05:03: 读取文件成功
2017-09-09T03:06:03: 读取文件成功
2017-09-09T03:07:03: 读取文件成功
2017-09-09T03:08:03: 读取文件成功
2017-09-09T03:09:03: 读取文件成功
2017-09-09T03:10:03: 读取文件成功
2017-09-09T03:11:03: 读取文件成功
2017-09-09T03:12:03: 读取文件成功
2017-09-09T03:13:03: 读取文件成功
2017-09-09T03:14:03: 读取文件成功
2017-09-09T03:15:03: 读取文件成功
2017-09-09T03:16:03: 读取文件成功
2017-09-09T03:17:03: 读取文件成功
2017-09-09T03:18:03: 读取文件成功
2017-09-09T03:19:03: 读取文件成功
2017-09-09T03:20:03: 读取文件成功
2017-09-09T03:21:03: 读取文件成功
2017-09-09T03:22:03: 读取文件成功
2017-09-09T03:23:03: 读取文件成功
2017-09-09T03:24:03: 读取文件成功
2017-09-09T03:25:03: 读取文件成功
2017-09-09T03:26:03: 读取文件成功
2017-09-09T03:27:03: 读取文件成功
2017-09-09T03:28:03: 读取文件成功
2017-09-09T03:29:03: 读取文件成功
2017-09-09T03:30:03: 读取文件成功
2017-09-09T03:31:03: 读取文件成功
2017-09-09T03:32:03: 读取文件成功
2017-09-09T03:33:03: 读取文件成功
2017-09-09T03:34:03: 读取文件成功
2017-09-09T03:35:03: 读取文件成功
2017-09-09T03:36:03: 读取文件成功
2017-09-09T03:37:03: 读取文件成功
2017-09-09T03:38:03: 读取文件成功
2017-09-09T03:39:03: 读取文件成功
2017-09-09T03:40:03: 读取文件成功
2017-09-09T03:41:03: 读取文件成功
2017-09-09T03:42:03: 读取文件成功
2017-09-09T03:43:03: 读取文件成功
2017-09-09T03:44:03: 读取文件成功
2017-09-09T03:45:03: 读取文件成功
2017-09-09T03:46:03: 读取文件成功
2017-09-09T03:47:03: 读取文件成功
2017-09-09T03:48:03: 读取文件成功
2017-09-09T03:49:03: 读取文件成功
2017-09-09T03:50:03: 读取文件成功
2017-09-09T03:51:03: 读取文件成功
2017-09-09T03:52:03: 读取文件成功
2017-09-09T03:53:04: 读取文件成功
2017-09-09T03:54:03: 读取文件成功
2017-09-09T03:55:03: 读取文件成功
2017-09-09T03:56:03: 读取文件成功
2017-09-09T03:57:03: 读取文件成功
2017-09-09T03:58:03: 读取文件成功
2017-09-09T03:59:04: 读取文件成功
2017-09-09T04:00:04: 读取文件成功
2017-09-09T04:01:04: 读取文件成功
2017-09-09T04:02:04: 读取文件成功
2017-09-09T04:03:04: 读取文件成功
2017-09-09T04:04:04: 读取文件成功
2017-09-09T04:05:04: 读取文件成功
2017-09-09T04:06:04: 读取文件成功
2017-09-09T04:07:04: 读取文件成功
2017-09-09T04:08:04: 读取文件成功
2017-09-09T04:09:04: 读取文件成功
2017-09-09T04:10:04: 读取文件成功
2017-09-09T04:11:04: 读取文件成功
2017-09-09T04:12:04: 读取文件成功
2017-09-09T04:13:04: 读取文件成功
2017-09-09T04:14:04: 读取文件成功
2017-09-09T04:15:04: 读取文件成功
2017-09-09T04:16:04: 读取文件成功
2017-09-09T04:17:04: 读取文件成功
2017-09-09T04:18:04: 读取文件成功
2017-09-09T04:19:04: 读取文件成功
2017-09-09T04:20:04: 读取文件成功
2017-09-09T04:21:04: 读取文件成功
2017-09-09T04:22:04: 读取文件成功
2017-09-09T04:23:04: 读取文件成功
2017-09-09T04:24:04: 读取文件成功
2017-09-09T04:25:04: 读取文件成功
2017-09-09T04:26:04: 读取文件成功
2017-09-09T04:27:04: 读取文件成功
2017-09-09T04:28:04: 读取文件成功
2017-09-09T04:29:04: 读取文件成功
2017-09-09T04:30:04: 读取文件成功
2017-09-09T04:31:04: 读取文件成功
2017-09-09T04:32:04: 读取文件成功
2017-09-09T04:33:04: 读取文件成功
2017-09-09T04:34:04: 读取文件成功
2017-09-09T04:35:04: 读取文件成功
2017-09-09T04:36:04: 读取文件成功
2017-09-09T04:37:04: 读取文件成功
2017-09-09T04:38:04: 读取文件成功
2017-09-09T04:39:04: 读取文件成功
2017-09-09T04:40:04: 读取文件成功
2017-09-09T04:41:04: 读取文件成功
2017-09-09T04:42:04: 读取文件成功
2017-09-09T04:43:04: 读取文件成功
2017-09-09T04:44:04: 读取文件成功
2017-09-09T04:45:04: 读取文件成功
2017-09-09T04:46:04: 读取文件成功
2017-09-09T04:47:04: 读取文件成功
2017-09-09T04:48:04: 读取文件成功
2017-09-09T04:49:04: 读取文件成功
2017-09-09T04:50:04: 读取文件成功
2017-09-09T04:51:04: 读取文件成功
2017-09-09T04:52:04: 读取文件成功
2017-09-09T04:53:04: 读取文件成功
2017-09-09T04:54:04: 读取文件成功
2017-09-09T04:55:04: 读取文件成功
2017-09-09T04:56:04: 读取文件成功
2017-09-09T04:57:04: 读取文件成功
2017-09-09T04:58:04: 读取文件成功
2017-09-09T04:59:04: 读取文件成功
2017-09-09T05:00:04: 读取文件成功
2017-09-09T05:01:04: 读取文件成功
2017-09-09T05:02:04: 读取文件成功
2017-09-09T05:03:04: 读取文件成功
2017-09-09T05:04:04: 读取文件成功
2017-09-09T05:05:04: 读取文件成功
2017-09-09T05:06:04: 读取文件成功
2017-09-09T05:07:04: 读取文件成功
2017-09-09T05:08:05: 读取文件成功
2017-09-09T05:09:04: 读取文件成功
2017-09-09T05:10:04: 读取文件成功
2017-09-09T05:11:04: 读取文件成功
2017-09-09T05:12:04: 读取文件成功
2017-09-09T05:13:04: 读取文件成功
2017-09-09T05:14:04: 读取文件成功
2017-09-09T05:15:04: 读取文件成功
2017-09-09T05:16:04: 读取文件成功
2017-09-09T05:17:04: 读取文件成功
2017-09-09T05:18:04: 读取文件成功
2017-09-09T05:19:04: 读取文件成功
2017-09-09T05:20:04: 读取文件成功
2017-09-09T05:21:04: 读取文件成功
2017-09-09T05:22:04: 读取文件成功
2017-09-09T05:23:04: 读取文件成功
2017-09-09T05:24:04: 读取文件成功
2017-09-09T05:25:04: 读取文件成功
2017-09-09T05:26:04: 读取文件成功
2017-09-09T05:27:04: 读取文件成功
2017-09-09T05:28:04: 读取文件成功
2017-09-09T05:29:04: 读取文件成功
2017-09-09T05:30:04: 读取文件成功
2017-09-09T05:31:04: 读取文件成功
2017-09-09T05:32:04: 读取文件成功
2017-09-09T05:33:04: 读取文件成功
2017-09-09T05:34:05: 读取文件成功
2017-09-09T05:35:04: 读取文件成功
2017-09-09T05:36:04: 读取文件成功
2017-09-09T05:37:04: 读取文件成功
2017-09-09T05:38:04: 读取文件成功
2017-09-09T05:39:04: 读取文件成功
2017-09-09T05:40:05: 读取文件成功
2017-09-09T05:41:04: 读取文件成功
2017-09-09T05:42:04: 读取文件成功
2017-09-09T05:43:04: 读取文件成功
2017-09-09T05:44:05: 读取文件成功
2017-09-09T05:45:05: 读取文件成功
2017-09-09T05:46:05: 读取文件成功
2017-09-09T05:47:05: 读取文件成功
2017-09-09T05:48:05: 读取文件成功
2017-09-09T05:49:05: 读取文件成功
2017-09-09T05:50:39: 读取文件成功
2017-09-09T05:52:11: 读取文件成功
2017-09-09T05:52:12: 读取文件成功
2017-09-09T05:53:05: 读取文件成功
2017-09-09T05:54:05: 读取文件成功
2017-09-09T05:55:05: 读取文件成功
2017-09-09T05:56:05: 读取文件成功
2017-09-09T05:57:05: 读取文件成功
2017-09-09T05:58:05: 读取文件成功
2017-09-09T05:59:39: 读取文件成功
2017-09-09T06:00:05: 读取文件成功
2017-09-09T06:01:36: 读取文件成功
2017-09-09T06:02:05: 读取文件成功
2017-09-09T06:03:05: 读取文件成功
2017-09-09T06:04:05: 读取文件成功
2017-09-09T06:05:05: 读取文件成功
2017-09-09T06:06:05: 读取文件成功
2017-09-09T06:07:39: 读取文件成功
2017-09-09T06:08:05: 读取文件成功
2017-09-09T06:10:05: 读取文件成功
2017-09-09T06:10:15: 读取文件成功
2017-09-09T06:12:05: 读取文件成功
2017-09-09T06:13:05: 读取文件成功
2017-09-09T06:14:05: 读取文件成功
2017-09-09T06:15:05: 读取文件成功
2017-09-09T06:16:05: 读取文件成功
2017-09-09T06:17:05: 读取文件成功
2017-09-09T06:18:05: 读取文件成功
2017-09-09T06:19:05: 读取文件成功
2017-09-09T06:20:05: 读取文件成功
2017-09-09T06:21:05: 读取文件成功
2017-09-09T06:22:05: 读取文件成功
2017-09-09T06:23:05: 读取文件成功
2017-09-09T06:24:05: 读取文件成功
2017-09-09T06:25:05: 读取文件成功
2017-09-09T06:26:05: 读取文件成功
2017-09-09T06:27:05: 读取文件成功
2017-09-09T06:28:05: 读取文件成功
2017-09-09T06:29:36: 读取文件成功
2017-09-09T06:30:05: 读取文件成功
2017-09-09T06:31:05: 读取文件成功
2017-09-09T06:32:05: 读取文件成功
2017-09-09T06:33:05: 读取文件成功
2017-09-09T06:34:05: 读取文件成功
2017-09-09T06:35:05: 读取文件成功
2017-09-09T06:36:05: 读取文件成功
2017-09-09T06:37:05: 读取文件成功
2017-09-09T06:38:05: 读取文件成功
2017-09-09T06:39:05: 读取文件成功
2017-09-09T06:40:05: 读取文件成功
2017-09-09T06:41:05: 读取文件成功
2017-09-09T06:42:05: 读取文件成功
2017-09-09T06:43:05: 读取文件成功
2017-09-09T06:44:05: 读取文件成功
2017-09-09T06:45:05: 读取文件成功
2017-09-09T06:46:05: 读取文件成功
2017-09-09T06:47:05: 读取文件成功
2017-09-09T06:48:05: 读取文件成功
2017-09-09T06:49:05: 读取文件成功
2017-09-09T06:50:05: 读取文件成功
2017-09-09T06:51:05: 读取文件成功
2017-09-09T06:52:05: 读取文件成功
2017-09-09T06:53:05: 读取文件成功
2017-09-09T06:54:05: 读取文件成功
2017-09-09T06:55:05: 读取文件成功
2017-09-09T06:56:05: 读取文件成功
2017-09-09T06:57:05: 读取文件成功
2017-09-09T06:58:05: 读取文件成功
2017-09-09T06:59:05: 读取文件成功
2017-09-09T07:00:05: 读取文件成功
2017-09-09T07:01:05: 读取文件成功
2017-09-09T07:03:05: 读取文件成功
2017-09-09T07:04:05: 读取文件成功
2017-09-09T07:05:05: 读取文件成功
2017-09-09T07:06:05: 读取文件成功
2017-09-09T07:07:05: 读取文件成功
2017-09-09T07:08:05: 读取文件成功
2017-09-09T07:09:05: 读取文件成功
2017-09-09T07:10:05: 读取文件成功
2017-09-09T07:11:05: 读取文件成功
2017-09-09T07:12:05: 读取文件成功
2017-09-09T07:13:20: 读取文件成功
2017-09-09T07:14:05: 读取文件成功
2017-09-09T07:15:05: 读取文件成功
2017-09-09T07:16:05: 读取文件成功
2017-09-09T07:17:06: 读取文件成功
2017-09-09T07:18:05: 读取文件成功
2017-09-09T07:19:40: 读取文件成功
2017-09-09T07:20:05: 读取文件成功
2017-09-09T07:21:05: 读取文件成功
2017-09-09T07:22:05: 读取文件成功
2017-09-09T07:23:06: 读取文件成功
2017-09-09T07:24:05: 读取文件成功
2017-09-09T07:25:06: 读取文件成功
2017-09-09T07:26:06: 读取文件成功
2017-09-09T07:27:06: 读取文件成功
2017-09-09T07:28:06: 读取文件成功
2017-09-09T07:29:06: 读取文件成功
2017-09-09T07:30:06: 读取文件成功
2017-09-09T07:31:06: 读取文件成功
2017-09-09T07:32:06: 读取文件成功
2017-09-09T07:33:06: 读取文件成功
2017-09-09T07:34:06: 读取文件成功
2017-09-09T07:35:06: 读取文件成功
2017-09-09T07:36:06: 读取文件成功
2017-09-09T07:37:06: 读取文件成功
2017-09-09T07:38:06: 读取文件成功
2017-09-09T07:39:06: 读取文件成功
2017-09-09T07:40:06: 读取文件成功
2017-09-09T07:42:06: 读取文件成功
2017-09-09T07:44:06: 读取文件成功
2017-09-09T07:44:09: 读取文件成功
2017-09-09T07:45:06: 读取文件成功
2017-09-09T07:46:06: 读取文件成功
2017-09-09T07:47:06: 读取文件成功
2017-09-09T07:48:06: 读取文件成功
2017-09-09T07:49:06: 读取文件成功
2017-09-09T07:50:06: 读取文件成功
2017-09-09T07:52:06: 读取文件成功
2017-09-09T07:53:06: 读取文件成功
2017-09-09T07:54:06: 读取文件成功
2017-09-09T07:55:06: 读取文件成功
2017-09-09T07:56:06: 读取文件成功
2017-09-09T07:57:06: 读取文件成功
2017-09-09T07:58:37: 读取文件成功
2017-09-09T07:59:06: 读取文件成功
2017-09-09T08:00:06: 读取文件成功
2017-09-09T08:01:06: 读取文件成功
2017-09-09T08:02:06: 读取文件成功
2017-09-09T08:03:06: 读取文件成功
2017-09-09T08:04:06: 读取文件成功
2017-09-09T08:05:06: 读取文件成功
2017-09-09T08:06:06: 读取文件成功
2017-09-09T08:07:06: 读取文件成功
2017-09-09T08:08:06: 读取文件成功
2017-09-09T08:09:06: 读取文件成功
2017-09-09T08:10:06: 读取文件成功
2017-09-09T08:11:06: 读取文件成功
2017-09-09T08:12:06: 读取文件成功
2017-09-09T08:13:06: 读取文件成功
2017-09-09T08:14:06: 读取文件成功
2017-09-09T08:15:06: 读取文件成功
2017-09-09T08:16:06: 读取文件成功
2017-09-09T08:17:06: 读取文件成功
2017-09-09T08:18:06: 读取文件成功
2017-09-09T08:19:06: 读取文件成功
2017-09-09T08:20:06: 读取文件成功
2017-09-09T08:21:06: 读取文件成功
2017-09-09T08:22:06: 读取文件成功
2017-09-09T08:23:06: 读取文件成功
2017-09-09T08:24:06: 读取文件成功
2017-09-09T08:25:06: 读取文件成功
2017-09-09T08:26:06: 读取文件成功
2017-09-09T08:27:06: 读取文件成功
2017-09-09T08:28:06: 读取文件成功
2017-09-09T08:29:06: 读取文件成功
2017-09-09T08:30:06: 读取文件成功
2017-09-09T08:31:06: 读取文件成功
2017-09-09T08:32:06: 读取文件成功
2017-09-09T08:33:06: 读取文件成功
2017-09-09T08:34:06: 读取文件成功
2017-09-09T08:35:06: 读取文件成功
2017-09-09T08:36:06: 读取文件成功
2017-09-09T08:37:06: 读取文件成功
2017-09-09T08:38:06: 读取文件成功
2017-09-09T08:39:06: 读取文件成功
2017-09-09T08:40:06: 读取文件成功
2017-09-09T08:41:06: 读取文件成功
2017-09-09T08:42:06: 读取文件成功
2017-09-09T08:43:06: 读取文件成功
2017-09-09T08:44:06: 读取文件成功
2017-09-09T08:45:06: 读取文件成功
2017-09-09T08:46:06: 读取文件成功
2017-09-09T08:47:06: 读取文件成功
2017-09-09T08:48:06: 读取文件成功
2017-09-09T08:49:06: 读取文件成功
2017-09-09T08:50:06: 读取文件成功
2017-09-09T08:51:06: 读取文件成功
2017-09-09T08:52:06: 读取文件成功
2017-09-09T08:53:06: 读取文件成功
2017-09-09T08:54:06: 读取文件成功
2017-09-09T08:55:06: 读取文件成功
2017-09-09T08:56:06: 读取文件成功
2017-09-09T08:57:07: 读取文件成功
2017-09-09T08:58:06: 读取文件成功
2017-09-09T08:59:06: 读取文件成功
2017-09-09T09:00:07: 读取文件成功
2017-09-09T09:01:06: 读取文件成功
2017-09-09T09:02:06: 读取文件成功
2017-09-09T09:03:06: 读取文件成功
2017-09-09T09:04:06: 读取文件成功
2017-09-09T09:05:07: 读取文件成功
2017-09-09T09:06:07: 读取文件成功
2017-09-09T09:07:07: 读取文件成功
2017-09-09T09:08:07: 读取文件成功
2017-09-09T09:09:07: 读取文件成功
2017-09-09T09:10:07: 读取文件成功
2017-09-09T09:11:07: 读取文件成功
2017-09-09T09:12:07: 读取文件成功
2017-09-09T09:13:07: 读取文件成功
2017-09-09T09:14:07: 读取文件成功
2017-09-09T09:15:07: 读取文件成功
2017-09-09T09:16:07: 读取文件成功
2017-09-09T09:17:07: 读取文件成功
2017-09-09T09:18:07: 读取文件成功
2017-09-09T09:19:07: 读取文件成功
2017-09-09T09:20:07: 读取文件成功
2017-09-09T09:21:07: 读取文件成功
2017-09-09T09:22:07: 读取文件成功
2017-09-09T09:23:07: 读取文件成功
2017-09-09T09:24:07: 读取文件成功
2017-09-09T09:25:07: 读取文件成功
2017-09-09T09:26:07: 读取文件成功
2017-09-09T09:27:07: 读取文件成功
2017-09-09T09:28:07: 读取文件成功
2017-09-09T09:29:07: 读取文件成功
2017-09-09T09:30:07: 读取文件成功
2017-09-09T09:31:07: 读取文件成功
2017-09-09T09:32:07: 读取文件成功
2017-09-09T09:33:07: 读取文件成功
2017-09-09T09:34:07: 读取文件成功
2017-09-09T09:35:07: 读取文件成功
2017-09-09T09:36:07: 读取文件成功
2017-09-09T09:37:07: 读取文件成功
2017-09-09T09:38:07: 读取文件成功
2017-09-09T09:39:07: 读取文件成功
2017-09-09T09:40:07: 读取文件成功
2017-09-09T09:41:07: 读取文件成功
2017-09-09T09:42:07: 读取文件成功
2017-09-09T09:43:07: 读取文件成功
2017-09-09T09:44:07: 读取文件成功
2017-09-09T09:45:07: 读取文件成功
2017-09-09T09:46:07: 读取文件成功
2017-09-09T09:47:07: 读取文件成功
2017-09-09T09:48:07: 读取文件成功
2017-09-09T09:49:07: 读取文件成功
2017-09-09T09:50:07: 读取文件成功
2017-09-09T09:51:07: 读取文件成功
2017-09-09T09:52:07: 读取文件成功
2017-09-09T09:53:07: 读取文件成功
2017-09-09T09:54:07: 读取文件成功
2017-09-09T09:55:07: 读取文件成功
2017-09-09T09:56:07: 读取文件成功
2017-09-09T09:57:07: 读取文件成功
2017-09-09T09:58:07: 读取文件成功
2017-09-09T09:59:07: 读取文件成功
2017-09-09T10:00:07: 读取文件成功
2017-09-09T10:01:07: 读取文件成功
2017-09-09T10:02:07: 读取文件成功
2017-09-09T10:03:07: 读取文件成功
2017-09-09T10:04:07: 读取文件成功
2017-09-09T10:05:07: 读取文件成功
2017-09-09T10:06:07: 读取文件成功
2017-09-09T10:07:07: 读取文件成功
2017-09-09T10:08:07: 读取文件成功
2017-09-09T10:09:07: 读取文件成功
2017-09-09T10:10:07: 读取文件成功
2017-09-09T10:11:07: 读取文件成功
2017-09-09T10:12:07: 读取文件成功
2017-09-09T10:13:07: 读取文件成功
2017-09-09T10:14:07: 读取文件成功
2017-09-09T10:15:07: 读取文件成功
2017-09-09T10:16:07: 读取文件成功
2017-09-09T10:17:07: 读取文件成功
2017-09-09T10:18:07: 读取文件成功
2017-09-09T10:19:07: 读取文件成功
2017-09-09T10:20:07: 读取文件成功
2017-09-09T10:21:07: 读取文件成功
2017-09-09T10:22:07: 读取文件成功
2017-09-09T10:23:07: 读取文件成功
2017-09-09T10:24:07: 读取文件成功
2017-09-09T10:25:07: 读取文件成功
2017-09-09T10:26:07: 读取文件成功
2017-09-09T10:27:07: 读取文件成功
2017-09-09T10:28:07: 读取文件成功
2017-09-09T10:29:08: 读取文件成功
2017-09-09T10:30:07: 读取文件成功
2017-09-09T10:31:07: 读取文件成功
2017-09-09T10:32:07: 读取文件成功
2017-09-09T10:33:07: 读取文件成功
2017-09-09T10:34:07: 读取文件成功
2017-09-09T10:35:08: 读取文件成功
2017-09-09T10:36:08: 读取文件成功
2017-09-09T10:37:07: 读取文件成功
2017-09-09T10:38:08: 读取文件成功
2017-09-09T10:39:08: 读取文件成功
2017-09-09T10:40:08: 读取文件成功
2017-09-09T10:41:08: 读取文件成功
2017-09-09T10:42:08: 读取文件成功
2017-09-09T10:43:08: 读取文件成功
2017-09-09T10:44:08: 读取文件成功
2017-09-09T10:45:08: 读取文件成功
2017-09-09T10:46:08: 读取文件成功
2017-09-09T10:47:08: 读取文件成功
2017-09-09T10:48:08: 读取文件成功
2017-09-09T10:49:08: 读取文件成功
2017-09-09T10:50:08: 读取文件成功
2017-09-09T10:51:08: 读取文件成功
2017-09-09T10:52:08: 读取文件成功
2017-09-09T10:53:08: 读取文件成功
2017-09-09T10:54:08: 读取文件成功
2017-09-09T10:55:08: 读取文件成功
2017-09-09T10:56:08: 读取文件成功
2017-09-09T10:57:08: 读取文件成功
2017-09-09T10:58:08: 读取文件成功
2017-09-09T10:59:08: 读取文件成功
2017-09-09T11:00:08: 读取文件成功
2017-09-09T11:01:08: 读取文件成功
2017-09-09T11:02:08: 读取文件成功
2017-09-09T11:03:08: 读取文件成功
2017-09-09T11:04:08: 读取文件成功
2017-09-09T11:05:08: 读取文件成功
2017-09-09T11:06:08: 读取文件成功
2017-09-09T11:07:08: 读取文件成功
2017-09-09T11:08:08: 读取文件成功
2017-09-09T11:09:08: 读取文件成功
2017-09-09T11:10:08: 读取文件成功
2017-09-09T11:11:08: 读取文件成功
2017-09-09T11:12:08: 读取文件成功
2017-09-09T11:13:08: 读取文件成功
2017-09-09T11:14:08: 读取文件成功
2017-09-09T11:15:08: 读取文件成功
2017-09-09T11:16:08: 读取文件成功
2017-09-09T11:17:08: 读取文件成功
2017-09-09T11:18:08: 读取文件成功
2017-09-09T11:19:08: 读取文件成功
2017-09-09T11:20:08: 读取文件成功
2017-09-09T11:21:08: 读取文件成功
2017-09-09T11:22:08: 读取文件成功
2017-09-09T11:23:08: 读取文件成功
2017-09-09T11:24:08: 读取文件成功
2017-09-09T11:25:08: 读取文件成功
2017-09-09T11:26:08: 读取文件成功
2017-09-09T11:27:08: 读取文件成功
2017-09-09T11:28:08: 读取文件成功
2017-09-09T11:29:08: 读取文件成功
2017-09-09T11:30:08: 读取文件成功
2017-09-09T11:31:08: 读取文件成功
2017-09-09T11:32:08: 读取文件成功
2017-09-09T11:33:08: 读取文件成功
2017-09-09T11:34:08: 读取文件成功
2017-09-09T11:35:08: 读取文件成功
2017-09-09T11:36:08: 读取文件成功
2017-09-09T11:37:08: 读取文件成功
2017-09-09T11:38:08: 读取文件成功
2017-09-09T11:39:08: 读取文件成功
2017-09-09T11:40:08: 读取文件成功
2017-09-09T11:41:08: 读取文件成功
2017-09-09T11:42:08: 读取文件成功
2017-09-09T11:43:08: 读取文件成功
2017-09-09T11:44:08: 读取文件成功
2017-09-09T11:45:08: 读取文件成功
2017-09-09T11:46:08: 读取文件成功
2017-09-09T11:47:08: 读取文件成功
2017-09-09T11:48:08: 读取文件成功
2017-09-09T11:49:08: 读取文件成功
2017-09-09T11:50:08: 读取文件成功
2017-09-09T11:51:08: 读取文件成功
2017-09-09T11:52:08: 读取文件成功
2017-09-09T11:53:08: 读取文件成功
2017-09-09T11:54:08: 读取文件成功
2017-09-09T11:55:08: 读取文件成功
2017-09-09T11:56:08: 读取文件成功
2017-09-09T11:57:08: 读取文件成功
2017-09-09T11:58:09: 读取文件成功
2017-09-09T11:59:08: 读取文件成功
2017-09-09T12:00:08: 读取文件成功
2017-09-09T12:01:08: 读取文件成功
2017-09-09T12:02:08: 读取文件成功
2017-09-09T12:03:08: 读取文件成功
2017-09-09T12:04:09: 读取文件成功
2017-09-09T12:05:08: 读取文件成功
2017-09-09T12:06:08: 读取文件成功
2017-09-09T12:07:08: 读取文件成功
2017-09-09T12:08:08: 读取文件成功
2017-09-09T12:09:08: 读取文件成功
2017-09-09T12:10:09: 读取文件成功
2017-09-09T12:11:08: 读取文件成功
2017-09-09T12:12:09: 读取文件成功
2017-09-09T12:13:08: 读取文件成功
2017-09-09T12:14:09: 读取文件成功
2017-09-09T12:15:09: 读取文件成功
2017-09-09T12:16:09: 读取文件成功
2017-09-09T12:17:09: 读取文件成功
2017-09-09T12:18:09: 读取文件成功
2017-09-09T12:19:09: 读取文件成功
2017-09-09T12:20:09: 读取文件成功
2017-09-09T12:21:09: 读取文件成功
2017-09-09T12:22:09: 读取文件成功
2017-09-09T12:23:09: 读取文件成功
2017-09-09T12:24:09: 读取文件成功
2017-09-09T12:25:09: 读取文件成功
2017-09-09T12:26:09: 读取文件成功
2017-09-09T12:27:09: 读取文件成功
2017-09-09T12:28:09: 读取文件成功
2017-09-09T12:29:09: 读取文件成功
2017-09-09T12:30:09: 读取文件成功
2017-09-09T12:31:09: 读取文件成功
2017-09-09T12:32:09: 读取文件成功
2017-09-09T12:33:09: 读取文件成功
2017-09-09T12:34:09: 读取文件成功
2017-09-09T12:35:09: 读取文件成功
2017-09-09T12:36:09: 读取文件成功
2017-09-09T12:37:09: 读取文件成功
2017-09-09T12:38:09: 读取文件成功
2017-09-09T12:39:09: 读取文件成功
2017-09-09T12:40:09: 读取文件成功
2017-09-09T12:41:09: 读取文件成功
2017-09-09T12:42:09: 读取文件成功
2017-09-09T12:43:09: 读取文件成功
2017-09-09T12:44:09: 读取文件成功
2017-09-09T12:45:09: 读取文件成功
2017-09-09T12:46:09: 读取文件成功
2017-09-09T12:47:09: 读取文件成功
2017-09-09T12:48:09: 读取文件成功
2017-09-09T12:49:09: 读取文件成功
2017-09-09T12:50:09: 读取文件成功
2017-09-09T12:51:09: 读取文件成功
2017-09-09T12:52:09: 读取文件成功
2017-09-09T12:53:09: 读取文件成功
2017-09-09T12:54:09: 读取文件成功
2017-09-09T12:55:09: 读取文件成功
2017-09-09T12:56:09: 读取文件成功
2017-09-09T12:57:09: 读取文件成功
2017-09-09T12:58:09: 读取文件成功
2017-09-09T12:59:09: 读取文件成功
2017-09-09T13:00:09: 读取文件成功
2017-09-09T13:01:09: 读取文件成功
2017-09-09T13:02:09: 读取文件成功
2017-09-09T13:03:09: 读取文件成功
2017-09-09T13:04:09: 读取文件成功
2017-09-09T13:05:09: 读取文件成功
2017-09-09T13:06:09: 读取文件成功
2017-09-09T13:07:09: 读取文件成功
2017-09-09T13:08:09: 读取文件成功
2017-09-09T13:09:09: 读取文件成功
2017-09-09T13:10:09: 读取文件成功
2017-09-09T13:11:09: 读取文件成功
2017-09-09T13:12:09: 读取文件成功
2017-09-09T13:13:09: 读取文件成功
2017-09-09T13:14:09: 读取文件成功
2017-09-09T13:15:09: 读取文件成功
2017-09-09T13:16:09: 读取文件成功
2017-09-09T13:17:09: 读取文件成功
2017-09-09T13:18:09: 读取文件成功
2017-09-09T13:19:09: 读取文件成功
2017-09-09T13:20:09: 读取文件成功
2017-09-09T13:21:09: 读取文件成功
2017-09-09T13:22:09: 读取文件成功
2017-09-09T13:23:09: 读取文件成功
2017-09-09T13:24:09: 读取文件成功
2017-09-09T13:25:09: 读取文件成功
2017-09-09T13:26:09: 读取文件成功
2017-09-09T13:27:09: 读取文件成功
2017-09-09T13:28:09: 读取文件成功
2017-09-09T13:29:09: 读取文件成功
2017-09-09T13:30:09: 读取文件成功
2017-09-09T13:31:09: 读取文件成功
2017-09-09T13:32:09: 读取文件成功
2017-09-09T13:33:09: 读取文件成功
2017-09-09T13:34:09: 读取文件成功
2017-09-09T13:35:09: 读取文件成功
2017-09-09T13:36:09: 读取文件成功
2017-09-09T13:37:09: 读取文件成功
2017-09-09T13:38:09: 读取文件成功
2017-09-09T13:39:09: 读取文件成功
2017-09-09T13:40:09: 读取文件成功
2017-09-09T13:41:09: 读取文件成功
2017-09-09T13:42:09: 读取文件成功
2017-09-09T13:43:09: 读取文件成功
2017-09-09T13:44:10: 读取文件成功
2017-09-09T13:45:09: 读取文件成功
2017-09-09T13:46:09: 读取文件成功
2017-09-09T13:47:10: 读取文件成功
2017-09-09T13:48:09: 读取文件成功
2017-09-09T13:49:09: 读取文件成功
2017-09-09T13:50:10: 读取文件成功
2017-09-09T13:51:09: 读取文件成功
2017-09-09T13:52:10: 读取文件成功
2017-09-09T13:53:10: 读取文件成功
2017-09-09T13:54:10: 读取文件成功
2017-09-09T13:55:10: 读取文件成功
2017-09-09T13:56:11: 读取文件成功
2017-09-09T13:57:10: 读取文件成功
2017-09-09T13:58:10: 读取文件成功
2017-09-09T13:59:10: 读取文件成功
2017-09-09T14:00:10: 读取文件成功
2017-09-09T14:01:10: 读取文件成功
2017-09-09T14:02:10: 读取文件成功
2017-09-09T14:03:10: 读取文件成功
2017-09-09T14:04:10: 读取文件成功
2017-09-09T14:05:10: 读取文件成功
2017-09-09T14:06:10: 读取文件成功
2017-09-09T14:07:10: 读取文件成功
2017-09-09T14:08:10: 读取文件成功
2017-09-09T14:09:10: 读取文件成功
2017-09-09T14:10:10: 读取文件成功
2017-09-09T14:11:10: 读取文件成功
2017-09-09T14:12:10: 读取文件成功
2017-09-09T14:13:10: 读取文件成功
2017-09-09T14:14:10: 读取文件成功
2017-09-09T14:15:10: 读取文件成功
2017-09-09T14:16:10: 读取文件成功
2017-09-09T14:17:10: 读取文件成功
2017-09-09T14:18:10: 读取文件成功
2017-09-09T14:19:10: 读取文件成功
2017-09-09T14:20:10: 读取文件成功
2017-09-09T14:21:10: 读取文件成功
2017-09-09T14:22:10: 读取文件成功
2017-09-09T14:23:10: 读取文件成功
2017-09-09T14:24:10: 读取文件成功
2017-09-09T14:25:10: 读取文件成功
2017-09-09T14:26:10: 读取文件成功
2017-09-09T14:27:10: 读取文件成功
2017-09-09T14:28:10: 读取文件成功
2017-09-09T14:29:10: 读取文件成功
2017-09-09T14:30:10: 读取文件成功
2017-09-09T14:31:10: 读取文件成功
2017-09-09T14:32:10: 读取文件成功
2017-09-09T14:33:10: 读取文件成功
2017-09-09T14:34:10: 读取文件成功
2017-09-09T14:35:10: 读取文件成功
2017-09-09T14:36:10: 读取文件成功
2017-09-09T14:37:10: 读取文件成功
2017-09-09T14:38:10: 读取文件成功
2017-09-09T14:39:10: 读取文件成功
2017-09-09T14:40:10: 读取文件成功
2017-09-09T14:41:10: 读取文件成功
2017-09-09T14:42:10: 读取文件成功
2017-09-09T14:43:10: 读取文件成功
2017-09-09T14:44:10: 读取文件成功
2017-09-09T14:45:10: 读取文件成功
2017-09-09T14:46:10: 读取文件成功
2017-09-09T14:47:10: 读取文件成功
2017-09-09T14:48:10: 读取文件成功
2017-09-09T14:49:10: 读取文件成功
2017-09-09T14:50:10: 读取文件成功
2017-09-09T14:51:10: 读取文件成功
2017-09-09T14:52:10: 读取文件成功
2017-09-09T14:53:10: 读取文件成功
2017-09-09T14:54:10: 读取文件成功
2017-09-09T14:55:10: 读取文件成功
2017-09-09T14:56:10: 读取文件成功
2017-09-09T14:57:10: 读取文件成功
2017-09-09T14:58:10: 读取文件成功
2017-09-09T14:59:10: 读取文件成功
2017-09-09T15:00:10: 读取文件成功
2017-09-09T15:01:10: 读取文件成功
2017-09-09T15:02:10: 读取文件成功
2017-09-09T15:03:10: 读取文件成功
2017-09-09T15:04:10: 读取文件成功
2017-09-09T15:05:10: 读取文件成功
2017-09-09T15:06:10: 读取文件成功
2017-09-09T15:07:10: 读取文件成功
2017-09-09T15:08:10: 读取文件成功
2017-09-09T15:09:10: 读取文件成功
2017-09-09T15:10:10: 读取文件成功
2017-09-09T15:11:10: 读取文件成功
2017-09-09T15:12:10: 读取文件成功
2017-09-09T15:13:10: 读取文件成功
2017-09-09T15:14:10: 读取文件成功
2017-09-09T15:15:10: 读取文件成功
2017-09-09T15:16:11: 读取文件成功
2017-09-09T15:17:10: 读取文件成功
2017-09-09T15:18:10: 读取文件成功
2017-09-09T15:19:11: 读取文件成功
2017-09-09T15:20:10: 读取文件成功
2017-09-09T15:21:10: 读取文件成功
2017-09-09T15:22:10: 读取文件成功
2017-09-09T15:23:10: 读取文件成功
2017-09-09T15:24:10: 读取文件成功
2017-09-09T15:25:11: 读取文件成功
2017-09-09T15:26:10: 读取文件成功
2017-09-09T15:27:10: 读取文件成功
2017-09-09T15:28:10: 读取文件成功
2017-09-09T15:29:10: 读取文件成功
2017-09-09T15:30:10: 读取文件成功
2017-09-09T15:31:11: 读取文件成功
2017-09-09T15:32:11: 读取文件成功
2017-09-09T15:33:11: 读取文件成功
2017-09-09T15:34:11: 读取文件成功
2017-09-09T15:35:11: 读取文件成功
2017-09-09T15:36:11: 读取文件成功
2017-09-09T15:37:11: 读取文件成功
2017-09-09T15:38:11: 读取文件成功
2017-09-09T15:39:11: 读取文件成功
2017-09-09T15:40:11: 读取文件成功
2017-09-09T15:41:11: 读取文件成功
2017-09-09T15:42:11: 读取文件成功
2017-09-09T15:43:11: 读取文件成功
2017-09-09T15:44:11: 读取文件成功
2017-09-09T15:45:11: 读取文件成功
2017-09-09T15:46:11: 读取文件成功
2017-09-09T15:47:11: 读取文件成功
2017-09-09T15:48:11: 读取文件成功
2017-09-09T15:49:11: 读取文件成功
2017-09-09T15:50:11: 读取文件成功
2017-09-09T15:51:11: 读取文件成功
2017-09-09T15:52:11: 读取文件成功
2017-09-09T15:53:11: 读取文件成功
2017-09-09T15:54:11: 读取文件成功
2017-09-09T15:55:11: 读取文件成功
2017-09-09T15:56:11: 读取文件成功
2017-09-09T15:57:11: 读取文件成功
2017-09-09T15:58:11: 读取文件成功
2017-09-09T15:59:11: 读取文件成功
2017-09-09T16:00:11: 读取文件成功
2017-09-09T16:01:11: 读取文件成功
2017-09-09T16:02:11: 读取文件成功
2017-09-09T16:03:11: 读取文件成功
2017-09-09T16:04:11: 读取文件成功
2017-09-09T16:05:11: 读取文件成功
2017-09-09T16:06:11: 读取文件成功
2017-09-09T16:07:11: 读取文件成功
2017-09-09T16:08:11: 读取文件成功
2017-09-09T16:09:11: 读取文件成功
2017-09-09T16:10:11: 读取文件成功
2017-09-09T16:11:11: 读取文件成功
2017-09-09T16:12:11: 读取文件成功
2017-09-09T16:13:11: 读取文件成功
2017-09-09T16:14:11: 读取文件成功
2017-09-09T16:15:11: 读取文件成功
2017-09-09T16:16:11: 读取文件成功
2017-09-09T16:17:11: 读取文件成功
2017-09-09T16:18:11: 读取文件成功
2017-09-09T16:19:11: 读取文件成功
2017-09-09T16:20:11: 读取文件成功
2017-09-09T16:21:11: 读取文件成功
2017-09-09T16:22:11: 读取文件成功
2017-09-09T16:23:11: 读取文件成功
2017-09-09T16:24:11: 读取文件成功
2017-09-09T16:25:11: 读取文件成功
2017-09-09T16:26:11: 读取文件成功
2017-09-09T16:27:11: 读取文件成功
2017-09-09T16:28:11: 读取文件成功
2017-09-09T16:29:11: 读取文件成功
2017-09-09T16:30:11: 读取文件成功
2017-09-09T16:31:11: 读取文件成功
2017-09-09T16:32:11: 读取文件成功
2017-09-09T16:33:11: 读取文件成功
2017-09-09T16:34:11: 读取文件成功
2017-09-09T16:35:12: 读取文件成功
2017-09-09T16:36:11: 读取文件成功
2017-09-09T16:37:11: 读取文件成功
2017-09-09T16:38:11: 读取文件成功
2017-09-09T16:39:11: 读取文件成功
2017-09-09T16:40:11: 读取文件成功
2017-09-09T16:41:11: 读取文件成功
2017-09-09T16:42:11: 读取文件成功
2017-09-09T16:43:11: 读取文件成功
2017-09-09T16:44:11: 读取文件成功
2017-09-09T16:45:11: 读取文件成功
2017-09-09T16:46:11: 读取文件成功
2017-09-09T16:47:11: 读取文件成功
2017-09-09T16:48:11: 读取文件成功
2017-09-09T16:49:11: 读取文件成功
2017-09-09T16:50:11: 读取文件成功
2017-09-09T16:51:11: 读取文件成功
2017-09-09T16:52:11: 读取文件成功
2017-09-09T16:53:11: 读取文件成功
2017-09-09T16:54:11: 读取文件成功
2017-09-09T16:55:11: 读取文件成功
2017-09-09T16:56:11: 读取文件成功
2017-09-09T16:57:11: 读取文件成功
2017-09-09T16:58:11: 读取文件成功
2017-09-09T16:59:11: 读取文件成功
2017-09-09T17:00:11: 读取文件成功
2017-09-09T17:01:11: 读取文件成功
2017-09-09T17:02:11: 读取文件成功
2017-09-09T17:03:11: 读取文件成功
2017-09-09T17:04:11: 读取文件成功
2017-09-09T17:05:11: 读取文件成功
2017-09-09T17:06:12: 读取文件成功
2017-09-09T17:07:11: 读取文件成功
2017-09-09T17:08:11: 读取文件成功
2017-09-09T17:09:11: 读取文件成功
2017-09-09T17:10:11: 读取文件成功
2017-09-09T17:11:12: 读取文件成功
2017-09-09T17:12:12: 读取文件成功
2017-09-09T17:13:12: 读取文件成功
2017-09-09T17:14:12: 读取文件成功
2017-09-09T17:15:12: 读取文件成功
2017-09-09T17:16:12: 读取文件成功
2017-09-09T17:17:12: 读取文件成功
2017-09-09T17:18:12: 读取文件成功
2017-09-09T17:19:12: 读取文件成功
2017-09-09T17:20:12: 读取文件成功
2017-09-09T17:21:12: 读取文件成功
2017-09-09T17:22:12: 读取文件成功
2017-09-09T17:23:12: 读取文件成功
2017-09-09T17:24:12: 读取文件成功
2017-09-09T17:25:12: 读取文件成功
2017-09-09T17:26:12: 读取文件成功
2017-09-09T17:27:12: 读取文件成功
2017-09-09T17:28:12: 读取文件成功
2017-09-09T17:29:12: 读取文件成功
2017-09-09T17:30:12: 读取文件成功
2017-09-09T17:31:12: 读取文件成功
2017-09-09T17:32:12: 读取文件成功
2017-09-09T17:33:12: 读取文件成功
2017-09-09T17:34:12: 读取文件成功
2017-09-09T17:35:12: 读取文件成功
2017-09-09T17:36:12: 读取文件成功
2017-09-09T17:37:12: 读取文件成功
2017-09-09T17:38:12: 读取文件成功
2017-09-09T17:39:12: 读取文件成功
2017-09-09T17:40:12: 读取文件成功
2017-09-09T17:41:12: 读取文件成功
2017-09-09T17:42:12: 读取文件成功
2017-09-09T17:43:12: 读取文件成功
2017-09-09T17:44:12: 读取文件成功
2017-09-09T17:45:12: 读取文件成功
2017-09-09T17:46:12: 读取文件成功
2017-09-09T17:47:12: 读取文件成功
2017-09-09T17:48:12: 读取文件成功
2017-09-09T17:49:12: 读取文件成功
2017-09-09T17:50:12: 读取文件成功
2017-09-09T17:51:12: 读取文件成功
2017-09-09T17:52:12: 读取文件成功
2017-09-09T17:53:12: 读取文件成功
2017-09-09T17:54:12: 读取文件成功
2017-09-09T17:55:12: 读取文件成功
2017-09-09T17:56:12: 读取文件成功
2017-09-09T17:57:12: 读取文件成功
2017-09-09T17:58:12: 读取文件成功
2017-09-09T17:59:12: 读取文件成功
2017-09-09T18:00:12: 读取文件成功
2017-09-09T18:01:12: 读取文件成功
2017-09-09T18:02:12: 读取文件成功
2017-09-09T18:03:12: 读取文件成功
2017-09-09T18:04:13: 读取文件成功
2017-09-09T18:05:12: 读取文件成功
2017-09-09T18:06:12: 读取文件成功
2017-09-09T18:07:12: 读取文件成功
2017-09-09T18:08:12: 读取文件成功
2017-09-09T18:09:12: 读取文件成功
2017-09-09T18:10:12: 读取文件成功
2017-09-09T18:11:12: 读取文件成功
2017-09-09T18:12:12: 读取文件成功
2017-09-09T18:13:12: 读取文件成功
2017-09-09T18:14:12: 读取文件成功
2017-09-09T18:15:12: 读取文件成功
2017-09-09T18:16:12: 读取文件成功
2017-09-09T18:17:12: 读取文件成功
2017-09-09T18:18:12: 读取文件成功
2017-09-09T18:19:12: 读取文件成功
2017-09-09T18:20:12: 读取文件成功
2017-09-09T18:21:12: 读取文件成功
2017-09-09T18:22:12: 读取文件成功
2017-09-09T18:23:12: 读取文件成功
2017-09-09T18:24:12: 读取文件成功
2017-09-09T18:25:12: 读取文件成功
2017-09-09T18:26:12: 读取文件成功
2017-09-09T18:27:12: 读取文件成功
2017-09-09T18:28:12: 读取文件成功
2017-09-09T18:29:12: 读取文件成功
2017-09-09T18:30:12: 读取文件成功
2017-09-09T18:31:12: 读取文件成功
2017-09-09T18:32:12: 读取文件成功
2017-09-09T18:33:12: 读取文件成功
2017-09-09T18:34:12: 读取文件成功
2017-09-09T18:35:12: 读取文件成功
2017-09-09T18:36:12: 读取文件成功
2017-09-09T18:37:12: 读取文件成功
2017-09-09T18:38:12: 读取文件成功
2017-09-09T18:39:12: 读取文件成功
2017-09-09T18:40:13: 读取文件成功
2017-09-09T18:41:12: 读取文件成功
2017-09-09T18:42:12: 读取文件成功
2017-09-09T18:43:12: 读取文件成功
2017-09-09T18:44:12: 读取文件成功
2017-09-09T18:45:13: 读取文件成功
2017-09-09T18:46:13: 读取文件成功
2017-09-09T18:47:12: 读取文件成功
2017-09-09T18:48:12: 读取文件成功
2017-09-09T18:49:12: 读取文件成功
2017-09-09T18:50:12: 读取文件成功
2017-09-09T18:51:13: 读取文件成功
2017-09-09T18:52:13: 读取文件成功
2017-09-09T18:53:13: 读取文件成功
2017-09-09T18:54:13: 读取文件成功
2017-09-09T18:55:13: 读取文件成功
2017-09-09T18:56:13: 读取文件成功
2017-09-09T18:57:13: 读取文件成功
2017-09-09T18:58:13: 读取文件成功
2017-09-09T18:59:13: 读取文件成功
2017-09-09T19:00:13: 读取文件成功
2017-09-09T19:01:13: 读取文件成功
2017-09-09T19:02:13: 读取文件成功
2017-09-09T19:03:13: 读取文件成功
2017-09-09T19:04:13: 读取文件成功
2017-09-09T19:05:13: 读取文件成功
2017-09-09T19:06:13: 读取文件成功
2017-09-09T19:07:13: 读取文件成功
2017-09-09T19:08:13: 读取文件成功
2017-09-09T19:09:13: 读取文件成功
2017-09-09T19:10:13: 读取文件成功
2017-09-09T19:11:13: 读取文件成功
2017-09-09T19:12:13: 读取文件成功
2017-09-09T19:13:13: 读取文件成功
2017-09-09T19:14:13: 读取文件成功
2017-09-09T19:15:13: 读取文件成功
2017-09-09T19:16:13: 读取文件成功
2017-09-09T19:17:13: 读取文件成功
2017-09-09T19:18:13: 读取文件成功
2017-09-09T19:19:13: 读取文件成功
2017-09-09T19:20:13: 读取文件成功
2017-09-09T19:21:13: 读取文件成功
2017-09-09T19:22:13: 读取文件成功
2017-09-09T19:23:13: 读取文件成功
2017-09-09T19:24:13: 读取文件成功
2017-09-09T19:25:13: 读取文件成功
2017-09-09T19:26:13: 读取文件成功
2017-09-09T19:27:13: 读取文件成功
2017-09-09T19:28:13: 读取文件成功
2017-09-09T19:29:13: 读取文件成功
2017-09-09T19:30:13: 读取文件成功
2017-09-09T19:31:13: 读取文件成功
2017-09-09T19:32:13: 读取文件成功
2017-09-09T19:33:13: 读取文件成功
2017-09-09T19:34:13: 读取文件成功
2017-09-09T19:35:13: 读取文件成功
2017-09-09T19:36:13: 读取文件成功
2017-09-09T19:37:13: 读取文件成功
2017-09-09T19:38:13: 读取文件成功
2017-09-09T19:39:13: 读取文件成功
2017-09-09T19:40:13: 读取文件成功
2017-09-09T19:41:13: 读取文件成功
2017-09-09T19:42:13: 读取文件成功
2017-09-09T19:43:13: 读取文件成功
2017-09-09T19:44:13: 读取文件成功
2017-09-09T19:45:13: 读取文件成功
2017-09-09T19:46:13: 读取文件成功
2017-09-09T19:47:13: 读取文件成功
2017-09-09T19:48:13: 读取文件成功
2017-09-09T19:49:13: 读取文件成功
2017-09-09T19:50:13: 读取文件成功
2017-09-09T19:51:13: 读取文件成功
2017-09-09T19:52:13: 读取文件成功
2017-09-09T19:53:13: 读取文件成功
2017-09-09T19:54:13: 读取文件成功
2017-09-09T19:55:13: 读取文件成功
2017-09-09T19:56:13: 读取文件成功
2017-09-09T19:57:13: 读取文件成功
2017-09-09T19:58:13: 读取文件成功
2017-09-09T19:59:13: 读取文件成功
2017-09-09T20:00:13: 读取文件成功
2017-09-09T20:01:13: 读取文件成功
2017-09-09T20:02:13: 读取文件成功
2017-09-09T20:03:13: 读取文件成功
2017-09-09T20:04:13: 读取文件成功
2017-09-09T20:05:14: 读取文件成功
2017-09-09T20:06:13: 读取文件成功
2017-09-09T20:07:14: 读取文件成功
2017-09-09T20:08:13: 读取文件成功
2017-09-09T20:09:13: 读取文件成功
2017-09-09T20:10:13: 读取文件成功
2017-09-09T20:11:14: 读取文件成功
2017-09-09T20:12:13: 读取文件成功
2017-09-09T20:13:13: 读取文件成功
2017-09-09T20:14:13: 读取文件成功
2017-09-09T20:15:14: 读取文件成功
2017-09-09T20:16:13: 读取文件成功
2017-09-09T20:17:13: 读取文件成功
2017-09-09T20:18:13: 读取文件成功
2017-09-09T20:19:13: 读取文件成功
2017-09-09T20:20:13: 读取文件成功
2017-09-09T20:21:14: 读取文件成功
2017-09-09T20:22:13: 读取文件成功
2017-09-09T20:23:13: 读取文件成功
2017-09-09T20:24:13: 读取文件成功
2017-09-09T20:25:13: 读取文件成功
2017-09-09T20:26:13: 读取文件成功
2017-09-09T20:27:14: 读取文件成功
2017-09-09T20:28:13: 读取文件成功
2017-09-09T20:29:13: 读取文件成功
2017-09-09T20:30:14: 读取文件成功
2017-09-09T20:31:14: 读取文件成功
2017-09-09T20:32:14: 读取文件成功
2017-09-09T20:33:14: 读取文件成功
2017-09-09T20:34:14: 读取文件成功
2017-09-09T20:35:14: 读取文件成功
2017-09-09T20:36:14: 读取文件成功
2017-09-09T20:37:14: 读取文件成功
2017-09-09T20:38:14: 读取文件成功
2017-09-09T20:39:14: 读取文件成功
2017-09-09T20:40:14: 读取文件成功
2017-09-09T20:41:14: 读取文件成功
2017-09-09T20:42:14: 读取文件成功
2017-09-09T20:43:14: 读取文件成功
2017-09-09T20:44:14: 读取文件成功
2017-09-09T20:45:14: 读取文件成功
2017-09-09T20:46:14: 读取文件成功
2017-09-09T20:47:14: 读取文件成功
2017-09-09T20:48:14: 读取文件成功
2017-09-09T20:49:14: 读取文件成功
2017-09-09T20:50:14: 读取文件成功
2017-09-09T20:51:14: 读取文件成功
2017-09-09T20:52:14: 读取文件成功
2017-09-09T20:53:14: 读取文件成功
2017-09-09T20:54:15: 读取文件成功
2017-09-09T20:55:14: 读取文件成功
2017-09-09T20:56:14: 读取文件成功
2017-09-09T20:57:14: 读取文件成功
2017-09-09T20:58:14: 读取文件成功
2017-09-09T20:59:14: 读取文件成功
2017-09-09T21:00:14: 读取文件成功
2017-09-09T21:01:14: 读取文件成功
2017-09-09T21:02:14: 读取文件成功
2017-09-09T21:03:14: 读取文件成功
2017-09-09T21:04:14: 读取文件成功
2017-09-09T21:05:14: 读取文件成功
2017-09-09T21:06:15: 读取文件成功
2017-09-09T21:07:14: 读取文件成功
2017-09-09T21:08:14: 读取文件成功
2017-09-09T21:09:14: 读取文件成功
2017-09-09T21:10:14: 读取文件成功
2017-09-09T21:11:57: 读取文件成功
2017-09-09T21:12:14: 读取文件成功
2017-09-09T21:13:14: 读取文件成功
2017-09-09T21:14:14: 读取文件成功
2017-09-09T21:15:43: 读取文件成功
2017-09-09T21:16:14: 读取文件成功
2017-09-09T21:18:16: 读取文件成功
2017-09-09T21:18:18: 读取文件成功
2017-09-09T21:19:14: 读取文件成功
2017-09-09T21:20:14: 读取文件成功
2017-09-09T21:21:14: 读取文件成功
2017-09-09T21:22:14: 读取文件成功
2017-09-09T21:23:14: 读取文件成功
2017-09-09T21:24:14: 读取文件成功
2017-09-09T21:25:14: 读取文件成功
2017-09-09T21:26:15: 读取文件成功
2017-09-09T21:27:14: 读取文件成功
2017-09-09T21:28:14: 读取文件成功
2017-09-09T21:29:14: 读取文件成功
2017-09-09T21:30:14: 读取文件成功
2017-09-09T21:31:14: 读取文件成功
2017-09-09T21:32:14: 读取文件成功
2017-09-09T21:33:14: 读取文件成功
2017-09-09T21:34:14: 读取文件成功
2017-09-09T21:35:14: 读取文件成功
2017-09-09T21:36:14: 读取文件成功
2017-09-09T21:37:14: 读取文件成功
2017-09-09T21:38:14: 读取文件成功
2017-09-09T21:39:14: 读取文件成功
2017-09-09T21:40:14: 读取文件成功
2017-09-09T21:41:14: 读取文件成功
2017-09-09T21:42:14: 读取文件成功
2017-09-09T21:43:14: 读取文件成功
2017-09-09T21:44:14: 读取文件成功
2017-09-09T21:45:14: 读取文件成功
2017-09-09T21:46:14: 读取文件成功
2017-09-09T21:47:14: 读取文件成功
2017-09-09T21:48:14: 读取文件成功
2017-09-09T21:49:14: 读取文件成功
2017-09-09T21:50:14: 读取文件成功
2017-09-09T21:51:14: 读取文件成功
2017-09-09T21:52:14: 读取文件成功
2017-09-09T21:53:14: 读取文件成功
2017-09-09T21:54:15: 读取文件成功
2017-09-09T21:55:14: 读取文件成功
2017-09-09T21:56:15: 读取文件成功
2017-09-09T21:57:54: 读取文件成功
2017-09-09T21:58:14: 读取文件成功
2017-09-09T21:59:14: 读取文件成功
2017-09-09T22:00:14: 读取文件成功
2017-09-09T22:01:14: 读取文件成功
2017-09-09T22:02:15: 读取文件成功
2017-09-09T22:03:14: 读取文件成功
2017-09-09T22:04:14: 读取文件成功
2017-09-09T22:05:14: 读取文件成功
2017-09-09T22:06:14: 读取文件成功
2017-09-09T22:07:14: 读取文件成功
2017-09-09T22:08:15: 读取文件成功
2017-09-09T22:09:15: 读取文件成功
2017-09-09T22:10:15: 读取文件成功
2017-09-09T22:11:15: 读取文件成功
2017-09-09T22:12:15: 读取文件成功
2017-09-09T22:13:15: 读取文件成功
2017-09-09T22:14:15: 读取文件成功
2017-09-09T22:15:15: 读取文件成功
2017-09-09T22:16:15: 读取文件成功
2017-09-09T22:17:15: 读取文件成功
2017-09-09T22:18:15: 读取文件成功
2017-09-09T22:19:15: 读取文件成功
2017-09-09T22:20:15: 读取文件成功
2017-09-09T22:21:15: 读取文件成功
2017-09-09T22:22:15: 读取文件成功
2017-09-09T22:23:15: 读取文件成功
2017-09-09T22:24:15: 读取文件成功
2017-09-09T22:25:15: 读取文件成功
2017-09-09T22:26:15: 读取文件成功
2017-09-09T22:27:15: 读取文件成功
2017-09-09T22:28:15: 读取文件成功
2017-09-09T22:29:15: 读取文件成功
2017-09-09T22:30:15: 读取文件成功
2017-09-09T22:31:15: 读取文件成功
2017-09-09T22:32:15: 读取文件成功
2017-09-09T22:33:15: 读取文件成功
2017-09-09T22:34:15: 读取文件成功
2017-09-09T22:35:15: 读取文件成功
2017-09-09T22:36:15: 读取文件成功
2017-09-09T22:37:15: 读取文件成功
2017-09-09T22:38:15: 读取文件成功
2017-09-09T22:39:15: 读取文件成功
2017-09-09T22:40:15: 读取文件成功
2017-09-09T22:41:15: 读取文件成功
2017-09-09T22:42:15: 读取文件成功
2017-09-09T22:43:15: 读取文件成功
2017-09-09T22:44:15: 读取文件成功
2017-09-09T22:45:15: 读取文件成功
2017-09-09T22:46:15: 读取文件成功
2017-09-09T22:47:15: 读取文件成功
2017-09-09T22:48:15: 读取文件成功
2017-09-09T22:49:15: 读取文件成功
2017-09-09T22:50:15: 读取文件成功
2017-09-09T22:51:15: 读取文件成功
2017-09-09T22:52:15: 读取文件成功
2017-09-09T22:53:15: 读取文件成功
2017-09-09T22:54:15: 读取文件成功
2017-09-09T22:55:15: 读取文件成功
2017-09-09T22:56:15: 读取文件成功
2017-09-09T22:57:15: 读取文件成功
2017-09-09T22:58:15: 读取文件成功
2017-09-09T22:59:15: 读取文件成功
2017-09-09T23:00:15: 读取文件成功
2017-09-09T23:01:15: 读取文件成功
2017-09-09T23:02:15: 读取文件成功
2017-09-09T23:03:15: 读取文件成功
2017-09-09T23:04:15: 读取文件成功
2017-09-09T23:05:15: 读取文件成功
2017-09-09T23:06:15: 读取文件成功
2017-09-09T23:07:15: 读取文件成功
2017-09-09T23:08:15: 读取文件成功
2017-09-09T23:09:15: 读取文件成功
2017-09-09T23:10:15: 读取文件成功
2017-09-09T23:11:15: 读取文件成功
2017-09-09T23:12:15: 读取文件成功
2017-09-09T23:13:15: 读取文件成功
2017-09-09T23:14:15: 读取文件成功
2017-09-09T23:15:16: 读取文件成功
2017-09-09T23:16:15: 读取文件成功
2017-09-09T23:17:15: 读取文件成功
2017-09-09T23:18:15: 读取文件成功
2017-09-09T23:19:15: 读取文件成功
2017-09-09T23:20:15: 读取文件成功
2017-09-09T23:21:15: 读取文件成功
2017-09-09T23:22:15: 读取文件成功
2017-09-09T23:23:15: 读取文件成功
2017-09-09T23:24:15: 读取文件成功
2017-09-09T23:25:15: 读取文件成功
2017-09-09T23:26:15: 读取文件成功
2017-09-09T23:27:15: 读取文件成功
2017-09-09T23:28:15: 读取文件成功
2017-09-09T23:29:15: 读取文件成功
2017-09-09T23:30:15: 读取文件成功
2017-09-09T23:31:15: 读取文件成功
2017-09-09T23:32:15: 读取文件成功
2017-09-09T23:33:15: 读取文件成功
2017-09-09T23:34:16: 读取文件成功
2017-09-09T23:35:15: 读取文件成功
2017-09-09T23:36:15: 读取文件成功
2017-09-09T23:37:16: 读取文件成功
2017-09-09T23:38:15: 读取文件成功
2017-09-09T23:39:15: 读取文件成功
2017-09-09T23:40:15: 读取文件成功
2017-09-09T23:41:15: 读取文件成功
2017-09-09T23:42:15: 读取文件成功
2017-09-09T23:43:16: 读取文件成功
2017-09-09T23:44:16: 读取文件成功
2017-09-09T23:45:15: 读取文件成功
2017-09-09T23:46:16: 读取文件成功
2017-09-09T23:47:15: 读取文件成功
2017-09-09T23:48:15: 读取文件成功
2017-09-09T23:49:16: 读取文件成功
2017-09-09T23:50:15: 非记录时间：2017-09-09T23:50:15+08:00
2017-09-09T23:51:15: 非记录时间：2017-09-09T23:51:15+08:00
2017-09-09T23:52:15: 非记录时间：2017-09-09T23:52:15+08:00
2017-09-09T23:53:15: 非记录时间：2017-09-09T23:53:15+08:00
2017-09-09T23:54:15: 非记录时间：2017-09-09T23:54:15+08:00
2017-09-09T23:55:15: 非记录时间：2017-09-09T23:55:15+08:00
2017-09-09T23:56:15: 非记录时间：2017-09-09T23:56:15+08:00
2017-09-09T23:57:15: 非记录时间：2017-09-09T23:57:15+08:00
2017-09-09T23:58:15: 非记录时间：2017-09-09T23:58:15+08:00
2017-09-09T23:59:15: 非记录时间：2017-09-09T23:59:15+08:00
