2017-02-28T00:00:05: 非记录时间：2017-02-28T00:00:05+08:00
2017-02-28T00:00:15: 非记录时间：2017-02-28T00:00:15+08:00
2017-02-28T00:00:26: 非记录时间：2017-02-28T00:00:25+08:00
2017-02-28T00:00:36: 非记录时间：2017-02-28T00:00:36+08:00
2017-02-28T00:00:46: 非记录时间：2017-02-28T00:00:46+08:00
2017-02-28T00:00:56: 非记录时间：2017-02-28T00:00:56+08:00
2017-02-28T00:01:06: 非记录时间：2017-02-28T00:01:06+08:00
2017-02-28T00:01:16: 非记录时间：2017-02-28T00:01:16+08:00
2017-02-28T00:01:26: 非记录时间：2017-02-28T00:01:26+08:00
2017-02-28T00:01:36: 非记录时间：2017-02-28T00:01:36+08:00
2017-02-28T00:01:46: 非记录时间：2017-02-28T00:01:46+08:00
2017-02-28T00:01:56: 非记录时间：2017-02-28T00:01:56+08:00
2017-02-28T00:02:06: 非记录时间：2017-02-28T00:02:06+08:00
2017-02-28T00:02:16: 非记录时间：2017-02-28T00:02:16+08:00
2017-02-28T00:02:26: 非记录时间：2017-02-28T00:02:26+08:00
2017-02-28T00:02:36: 非记录时间：2017-02-28T00:02:36+08:00
2017-02-28T00:02:46: 非记录时间：2017-02-28T00:02:46+08:00
2017-02-28T00:02:56: 非记录时间：2017-02-28T00:02:56+08:00
2017-02-28T00:03:06: 非记录时间：2017-02-28T00:03:06+08:00
2017-02-28T00:03:16: 非记录时间：2017-02-28T00:03:16+08:00
2017-02-28T00:03:26: 非记录时间：2017-02-28T00:03:26+08:00
2017-02-28T00:03:36: 非记录时间：2017-02-28T00:03:36+08:00
2017-02-28T00:03:46: 非记录时间：2017-02-28T00:03:46+08:00
2017-02-28T00:03:56: 非记录时间：2017-02-28T00:03:56+08:00
2017-02-28T00:04:06: 非记录时间：2017-02-28T00:04:06+08:00
2017-02-28T00:04:16: 非记录时间：2017-02-28T00:04:16+08:00
2017-02-28T00:04:26: 非记录时间：2017-02-28T00:04:26+08:00
2017-02-28T00:04:36: 非记录时间：2017-02-28T00:04:36+08:00
2017-02-28T00:04:46: 非记录时间：2017-02-28T00:04:46+08:00
2017-02-28T00:04:56: 非记录时间：2017-02-28T00:04:56+08:00
2017-02-28T00:05:06: 非记录时间：2017-02-28T00:05:06+08:00
2017-02-28T00:05:16: 非记录时间：2017-02-28T00:05:16+08:00
2017-02-28T00:05:26: 非记录时间：2017-02-28T00:05:26+08:00
2017-02-28T00:05:36: 非记录时间：2017-02-28T00:05:36+08:00
2017-02-28T00:05:46: 非记录时间：2017-02-28T00:05:46+08:00
2017-02-28T00:05:56: 非记录时间：2017-02-28T00:05:56+08:00
2017-02-28T00:06:06: 非记录时间：2017-02-28T00:06:06+08:00
2017-02-28T00:06:16: 非记录时间：2017-02-28T00:06:16+08:00
2017-02-28T00:06:26: 非记录时间：2017-02-28T00:06:26+08:00
2017-02-28T00:06:36: 非记录时间：2017-02-28T00:06:36+08:00
2017-02-28T00:06:46: 非记录时间：2017-02-28T00:06:46+08:00
2017-02-28T00:06:56: 非记录时间：2017-02-28T00:06:56+08:00
2017-02-28T00:07:06: 非记录时间：2017-02-28T00:07:06+08:00
2017-02-28T00:07:16: 非记录时间：2017-02-28T00:07:16+08:00
2017-02-28T00:07:26: 非记录时间：2017-02-28T00:07:26+08:00
2017-02-28T00:07:36: 非记录时间：2017-02-28T00:07:36+08:00
2017-02-28T00:07:46: 非记录时间：2017-02-28T00:07:46+08:00
2017-02-28T00:07:56: 非记录时间：2017-02-28T00:07:56+08:00
2017-02-28T00:08:06: 非记录时间：2017-02-28T00:08:06+08:00
2017-02-28T00:08:16: 非记录时间：2017-02-28T00:08:16+08:00
2017-02-28T00:08:26: 非记录时间：2017-02-28T00:08:26+08:00
2017-02-28T00:08:36: 非记录时间：2017-02-28T00:08:36+08:00
2017-02-28T00:08:46: 非记录时间：2017-02-28T00:08:46+08:00
2017-02-28T00:08:56: 非记录时间：2017-02-28T00:08:56+08:00
2017-02-28T00:09:06: 非记录时间：2017-02-28T00:09:06+08:00
2017-02-28T00:09:16: 非记录时间：2017-02-28T00:09:16+08:00
2017-02-28T00:09:26: 非记录时间：2017-02-28T00:09:26+08:00
2017-02-28T00:09:36: 非记录时间：2017-02-28T00:09:36+08:00
2017-02-28T00:09:46: 非记录时间：2017-02-28T00:09:46+08:00
2017-02-28T00:09:56: 非记录时间：2017-02-28T00:09:56+08:00
2017-02-28T00:10:06: 非记录时间：2017-02-28T00:10:06+08:00
2017-02-28T00:10:16: 非记录时间：2017-02-28T00:10:16+08:00
2017-02-28T00:10:26: 非记录时间：2017-02-28T00:10:26+08:00
2017-02-28T00:10:36: 非记录时间：2017-02-28T00:10:36+08:00
2017-02-28T00:10:46: 非记录时间：2017-02-28T00:10:46+08:00
2017-02-28T00:10:56: 非记录时间：2017-02-28T00:10:56+08:00
2017-02-28T00:11:06: 非记录时间：2017-02-28T00:11:06+08:00
2017-02-28T00:11:16: 非记录时间：2017-02-28T00:11:16+08:00
2017-02-28T00:11:26: 非记录时间：2017-02-28T00:11:26+08:00
2017-02-28T00:11:36: 非记录时间：2017-02-28T00:11:36+08:00
2017-02-28T00:11:46: 非记录时间：2017-02-28T00:11:46+08:00
2017-02-28T00:11:56: 非记录时间：2017-02-28T00:11:56+08:00
2017-02-28T00:12:06: 非记录时间：2017-02-28T00:12:06+08:00
2017-02-28T00:12:16: 非记录时间：2017-02-28T00:12:16+08:00
2017-02-28T00:12:26: 非记录时间：2017-02-28T00:12:26+08:00
2017-02-28T00:12:36: 非记录时间：2017-02-28T00:12:36+08:00
2017-02-28T00:12:46: 非记录时间：2017-02-28T00:12:46+08:00
2017-02-28T00:12:56: 非记录时间：2017-02-28T00:12:56+08:00
2017-02-28T00:13:06: 非记录时间：2017-02-28T00:13:06+08:00
2017-02-28T00:13:16: 非记录时间：2017-02-28T00:13:16+08:00
2017-02-28T00:13:26: 非记录时间：2017-02-28T00:13:26+08:00
2017-02-28T00:13:36: 非记录时间：2017-02-28T00:13:36+08:00
2017-02-28T00:13:46: 非记录时间：2017-02-28T00:13:46+08:00
2017-02-28T00:13:56: 非记录时间：2017-02-28T00:13:56+08:00
2017-02-28T00:14:06: 非记录时间：2017-02-28T00:14:06+08:00
2017-02-28T00:14:16: 非记录时间：2017-02-28T00:14:16+08:00
2017-02-28T00:14:26: 非记录时间：2017-02-28T00:14:26+08:00
2017-02-28T00:14:36: 非记录时间：2017-02-28T00:14:36+08:00
2017-02-28T00:14:46: 非记录时间：2017-02-28T00:14:46+08:00
2017-02-28T00:14:56: 非记录时间：2017-02-28T00:14:56+08:00
2017-02-28T00:15:06: 非记录时间：2017-02-28T00:15:06+08:00
2017-02-28T00:15:16: 非记录时间：2017-02-28T00:15:16+08:00
2017-02-28T00:15:26: 非记录时间：2017-02-28T00:15:26+08:00
2017-02-28T00:15:36: 非记录时间：2017-02-28T00:15:36+08:00
2017-02-28T00:15:46: 非记录时间：2017-02-28T00:15:46+08:00
2017-02-28T00:15:56: 非记录时间：2017-02-28T00:15:56+08:00
2017-02-28T00:16:06: 非记录时间：2017-02-28T00:16:06+08:00
2017-02-28T00:16:16: 非记录时间：2017-02-28T00:16:16+08:00
2017-02-28T00:16:26: 非记录时间：2017-02-28T00:16:26+08:00
2017-02-28T00:16:36: 非记录时间：2017-02-28T00:16:36+08:00
2017-02-28T00:16:46: 非记录时间：2017-02-28T00:16:46+08:00
2017-02-28T00:16:56: 非记录时间：2017-02-28T00:16:56+08:00
2017-02-28T00:17:06: 非记录时间：2017-02-28T00:17:06+08:00
2017-02-28T00:17:16: 非记录时间：2017-02-28T00:17:16+08:00
2017-02-28T00:17:26: 非记录时间：2017-02-28T00:17:26+08:00
2017-02-28T00:17:36: 非记录时间：2017-02-28T00:17:36+08:00
2017-02-28T00:17:46: 非记录时间：2017-02-28T00:17:46+08:00
2017-02-28T00:17:56: 非记录时间：2017-02-28T00:17:56+08:00
2017-02-28T00:18:06: 非记录时间：2017-02-28T00:18:06+08:00
2017-02-28T00:18:16: 非记录时间：2017-02-28T00:18:16+08:00
2017-02-28T00:18:26: 非记录时间：2017-02-28T00:18:26+08:00
2017-02-28T00:18:36: 非记录时间：2017-02-28T00:18:36+08:00
2017-02-28T00:18:46: 非记录时间：2017-02-28T00:18:46+08:00
2017-02-28T00:18:56: 非记录时间：2017-02-28T00:18:56+08:00
2017-02-28T00:19:06: 非记录时间：2017-02-28T00:19:06+08:00
2017-02-28T00:19:16: 非记录时间：2017-02-28T00:19:16+08:00
2017-02-28T00:19:26: 非记录时间：2017-02-28T00:19:26+08:00
2017-02-28T00:19:36: 非记录时间：2017-02-28T00:19:36+08:00
2017-02-28T00:19:46: 非记录时间：2017-02-28T00:19:46+08:00
2017-02-28T00:19:56: 非记录时间：2017-02-28T00:19:56+08:00
2017-02-28T00:20:06: 非记录时间：2017-02-28T00:20:06+08:00
2017-02-28T00:20:16: 非记录时间：2017-02-28T00:20:16+08:00
2017-02-28T00:20:26: 非记录时间：2017-02-28T00:20:26+08:00
2017-02-28T00:20:36: 非记录时间：2017-02-28T00:20:36+08:00
2017-02-28T00:20:46: 非记录时间：2017-02-28T00:20:46+08:00
2017-02-28T00:20:56: 非记录时间：2017-02-28T00:20:56+08:00
2017-02-28T00:21:06: 非记录时间：2017-02-28T00:21:06+08:00
2017-02-28T00:21:16: 非记录时间：2017-02-28T00:21:16+08:00
2017-02-28T00:21:26: 非记录时间：2017-02-28T00:21:26+08:00
2017-02-28T00:21:36: 非记录时间：2017-02-28T00:21:36+08:00
2017-02-28T00:21:46: 非记录时间：2017-02-28T00:21:46+08:00
2017-02-28T00:21:56: 非记录时间：2017-02-28T00:21:56+08:00
2017-02-28T00:22:06: 非记录时间：2017-02-28T00:22:06+08:00
2017-02-28T00:22:16: 非记录时间：2017-02-28T00:22:16+08:00
2017-02-28T00:22:26: 非记录时间：2017-02-28T00:22:26+08:00
2017-02-28T00:22:36: 非记录时间：2017-02-28T00:22:36+08:00
2017-02-28T00:22:46: 非记录时间：2017-02-28T00:22:46+08:00
2017-02-28T00:22:56: 非记录时间：2017-02-28T00:22:56+08:00
2017-02-28T00:23:06: 非记录时间：2017-02-28T00:23:06+08:00
2017-02-28T00:23:16: 非记录时间：2017-02-28T00:23:16+08:00
2017-02-28T00:23:26: 非记录时间：2017-02-28T00:23:26+08:00
2017-02-28T00:23:36: 非记录时间：2017-02-28T00:23:36+08:00
2017-02-28T00:23:46: 非记录时间：2017-02-28T00:23:46+08:00
2017-02-28T00:23:56: 非记录时间：2017-02-28T00:23:56+08:00
2017-02-28T00:24:06: 非记录时间：2017-02-28T00:24:06+08:00
2017-02-28T00:24:16: 非记录时间：2017-02-28T00:24:16+08:00
2017-02-28T00:24:26: 非记录时间：2017-02-28T00:24:26+08:00
2017-02-28T00:24:36: 非记录时间：2017-02-28T00:24:36+08:00
2017-02-28T00:24:46: 非记录时间：2017-02-28T00:24:46+08:00
2017-02-28T00:24:56: 非记录时间：2017-02-28T00:24:56+08:00
2017-02-28T00:25:06: 非记录时间：2017-02-28T00:25:06+08:00
2017-02-28T00:25:16: 非记录时间：2017-02-28T00:25:16+08:00
2017-02-28T00:25:26: 非记录时间：2017-02-28T00:25:26+08:00
2017-02-28T00:25:36: 非记录时间：2017-02-28T00:25:36+08:00
2017-02-28T00:25:46: 非记录时间：2017-02-28T00:25:46+08:00
2017-02-28T00:25:56: 非记录时间：2017-02-28T00:25:56+08:00
2017-02-28T00:26:06: 非记录时间：2017-02-28T00:26:06+08:00
2017-02-28T00:26:16: 非记录时间：2017-02-28T00:26:16+08:00
2017-02-28T00:26:26: 非记录时间：2017-02-28T00:26:26+08:00
2017-02-28T00:26:36: 非记录时间：2017-02-28T00:26:36+08:00
2017-02-28T00:26:46: 非记录时间：2017-02-28T00:26:46+08:00
2017-02-28T00:26:56: 非记录时间：2017-02-28T00:26:56+08:00
2017-02-28T00:27:06: 非记录时间：2017-02-28T00:27:06+08:00
2017-02-28T00:27:16: 非记录时间：2017-02-28T00:27:16+08:00
2017-02-28T00:27:26: 非记录时间：2017-02-28T00:27:26+08:00
2017-02-28T00:27:36: 非记录时间：2017-02-28T00:27:36+08:00
2017-02-28T00:27:46: 非记录时间：2017-02-28T00:27:46+08:00
2017-02-28T00:27:56: 非记录时间：2017-02-28T00:27:56+08:00
2017-02-28T00:28:06: 非记录时间：2017-02-28T00:28:06+08:00
2017-02-28T00:28:16: 非记录时间：2017-02-28T00:28:16+08:00
2017-02-28T00:28:26: 非记录时间：2017-02-28T00:28:26+08:00
2017-02-28T00:28:36: 非记录时间：2017-02-28T00:28:36+08:00
2017-02-28T00:28:46: 非记录时间：2017-02-28T00:28:46+08:00
2017-02-28T00:28:56: 非记录时间：2017-02-28T00:28:56+08:00
2017-02-28T00:29:06: 非记录时间：2017-02-28T00:29:06+08:00
2017-02-28T00:29:16: 非记录时间：2017-02-28T00:29:16+08:00
2017-02-28T00:29:26: 非记录时间：2017-02-28T00:29:26+08:00
2017-02-28T00:29:36: 非记录时间：2017-02-28T00:29:36+08:00
2017-02-28T00:29:46: 非记录时间：2017-02-28T00:29:46+08:00
2017-02-28T00:29:56: 非记录时间：2017-02-28T00:29:56+08:00
2017-02-28T00:30:06: 非记录时间：2017-02-28T00:30:06+08:00
2017-02-28T00:30:16: 非记录时间：2017-02-28T00:30:16+08:00
2017-02-28T00:30:26: 非记录时间：2017-02-28T00:30:26+08:00
2017-02-28T00:30:36: 非记录时间：2017-02-28T00:30:36+08:00
2017-02-28T00:30:46: 非记录时间：2017-02-28T00:30:46+08:00
2017-02-28T00:30:56: 非记录时间：2017-02-28T00:30:56+08:00
2017-02-28T00:31:06: 非记录时间：2017-02-28T00:31:06+08:00
2017-02-28T00:31:16: 非记录时间：2017-02-28T00:31:16+08:00
2017-02-28T00:31:26: 非记录时间：2017-02-28T00:31:26+08:00
2017-02-28T00:31:36: 非记录时间：2017-02-28T00:31:36+08:00
2017-02-28T00:31:46: 非记录时间：2017-02-28T00:31:46+08:00
2017-02-28T00:31:56: 非记录时间：2017-02-28T00:31:56+08:00
2017-02-28T00:32:06: 非记录时间：2017-02-28T00:32:06+08:00
2017-02-28T00:32:16: 非记录时间：2017-02-28T00:32:16+08:00
2017-02-28T00:32:26: 非记录时间：2017-02-28T00:32:26+08:00
2017-02-28T00:32:36: 非记录时间：2017-02-28T00:32:36+08:00
2017-02-28T00:32:46: 非记录时间：2017-02-28T00:32:46+08:00
2017-02-28T00:32:56: 非记录时间：2017-02-28T00:32:56+08:00
2017-02-28T00:33:06: 非记录时间：2017-02-28T00:33:06+08:00
2017-02-28T00:33:16: 非记录时间：2017-02-28T00:33:16+08:00
2017-02-28T00:33:26: 非记录时间：2017-02-28T00:33:26+08:00
2017-02-28T00:33:36: 非记录时间：2017-02-28T00:33:36+08:00
2017-02-28T00:33:46: 非记录时间：2017-02-28T00:33:46+08:00
2017-02-28T00:33:56: 非记录时间：2017-02-28T00:33:56+08:00
2017-02-28T00:34:06: 非记录时间：2017-02-28T00:34:06+08:00
2017-02-28T00:34:16: 非记录时间：2017-02-28T00:34:16+08:00
2017-02-28T00:34:26: 非记录时间：2017-02-28T00:34:26+08:00
2017-02-28T00:34:36: 非记录时间：2017-02-28T00:34:36+08:00
2017-02-28T00:34:46: 非记录时间：2017-02-28T00:34:46+08:00
2017-02-28T00:34:56: 非记录时间：2017-02-28T00:34:56+08:00
2017-02-28T00:35:06: 非记录时间：2017-02-28T00:35:06+08:00
2017-02-28T00:35:16: 非记录时间：2017-02-28T00:35:16+08:00
2017-02-28T00:35:26: 非记录时间：2017-02-28T00:35:26+08:00
2017-02-28T00:35:36: 非记录时间：2017-02-28T00:35:36+08:00
2017-02-28T00:35:46: 非记录时间：2017-02-28T00:35:46+08:00
2017-02-28T00:35:56: 非记录时间：2017-02-28T00:35:56+08:00
2017-02-28T00:36:06: 非记录时间：2017-02-28T00:36:06+08:00
2017-02-28T00:36:16: 非记录时间：2017-02-28T00:36:16+08:00
2017-02-28T00:36:26: 非记录时间：2017-02-28T00:36:26+08:00
2017-02-28T00:36:36: 非记录时间：2017-02-28T00:36:36+08:00
2017-02-28T00:36:46: 非记录时间：2017-02-28T00:36:46+08:00
2017-02-28T00:36:56: 非记录时间：2017-02-28T00:36:56+08:00
2017-02-28T00:37:06: 非记录时间：2017-02-28T00:37:06+08:00
2017-02-28T00:37:16: 非记录时间：2017-02-28T00:37:16+08:00
2017-02-28T00:37:26: 非记录时间：2017-02-28T00:37:26+08:00
2017-02-28T00:37:36: 非记录时间：2017-02-28T00:37:36+08:00
2017-02-28T00:37:46: 非记录时间：2017-02-28T00:37:46+08:00
2017-02-28T00:37:56: 非记录时间：2017-02-28T00:37:56+08:00
2017-02-28T00:38:06: 非记录时间：2017-02-28T00:38:06+08:00
2017-02-28T00:38:16: 非记录时间：2017-02-28T00:38:16+08:00
2017-02-28T00:38:26: 非记录时间：2017-02-28T00:38:26+08:00
2017-02-28T00:38:36: 非记录时间：2017-02-28T00:38:36+08:00
2017-02-28T00:38:46: 非记录时间：2017-02-28T00:38:46+08:00
2017-02-28T00:38:56: 非记录时间：2017-02-28T00:38:56+08:00
2017-02-28T00:39:06: 非记录时间：2017-02-28T00:39:06+08:00
2017-02-28T00:39:16: 非记录时间：2017-02-28T00:39:16+08:00
2017-02-28T00:39:26: 非记录时间：2017-02-28T00:39:26+08:00
2017-02-28T00:39:36: 非记录时间：2017-02-28T00:39:36+08:00
2017-02-28T00:39:46: 非记录时间：2017-02-28T00:39:46+08:00
2017-02-28T00:39:56: 非记录时间：2017-02-28T00:39:56+08:00
2017-02-28T00:40:06: 非记录时间：2017-02-28T00:40:06+08:00
2017-02-28T00:40:16: 非记录时间：2017-02-28T00:40:16+08:00
2017-02-28T00:40:26: 非记录时间：2017-02-28T00:40:26+08:00
2017-02-28T00:40:36: 非记录时间：2017-02-28T00:40:36+08:00
2017-02-28T00:40:46: 非记录时间：2017-02-28T00:40:46+08:00
2017-02-28T00:40:56: 非记录时间：2017-02-28T00:40:56+08:00
2017-02-28T00:41:06: 非记录时间：2017-02-28T00:41:06+08:00
2017-02-28T00:41:16: 非记录时间：2017-02-28T00:41:16+08:00
2017-02-28T00:41:26: 非记录时间：2017-02-28T00:41:26+08:00
2017-02-28T00:41:36: 非记录时间：2017-02-28T00:41:36+08:00
2017-02-28T00:41:46: 非记录时间：2017-02-28T00:41:46+08:00
2017-02-28T00:41:56: 非记录时间：2017-02-28T00:41:56+08:00
2017-02-28T00:42:06: 非记录时间：2017-02-28T00:42:06+08:00
2017-02-28T00:42:16: 非记录时间：2017-02-28T00:42:16+08:00
2017-02-28T00:42:26: 非记录时间：2017-02-28T00:42:26+08:00
2017-02-28T00:42:36: 非记录时间：2017-02-28T00:42:36+08:00
2017-02-28T00:42:46: 非记录时间：2017-02-28T00:42:46+08:00
2017-02-28T00:42:56: 非记录时间：2017-02-28T00:42:56+08:00
2017-02-28T00:43:06: 非记录时间：2017-02-28T00:43:06+08:00
2017-02-28T00:43:16: 非记录时间：2017-02-28T00:43:16+08:00
2017-02-28T00:43:26: 非记录时间：2017-02-28T00:43:26+08:00
2017-02-28T00:43:36: 非记录时间：2017-02-28T00:43:36+08:00
2017-02-28T00:43:46: 非记录时间：2017-02-28T00:43:46+08:00
2017-02-28T00:43:56: 非记录时间：2017-02-28T00:43:56+08:00
2017-02-28T00:44:06: 非记录时间：2017-02-28T00:44:06+08:00
2017-02-28T00:44:16: 非记录时间：2017-02-28T00:44:16+08:00
2017-02-28T00:44:26: 非记录时间：2017-02-28T00:44:26+08:00
2017-02-28T00:44:36: 非记录时间：2017-02-28T00:44:36+08:00
2017-02-28T00:44:46: 非记录时间：2017-02-28T00:44:46+08:00
2017-02-28T00:44:56: 非记录时间：2017-02-28T00:44:56+08:00
2017-02-28T00:45:06: 非记录时间：2017-02-28T00:45:06+08:00
2017-02-28T00:45:16: 非记录时间：2017-02-28T00:45:16+08:00
2017-02-28T00:45:26: 非记录时间：2017-02-28T00:45:26+08:00
2017-02-28T00:45:36: 非记录时间：2017-02-28T00:45:36+08:00
2017-02-28T00:45:46: 非记录时间：2017-02-28T00:45:46+08:00
2017-02-28T00:45:56: 非记录时间：2017-02-28T00:45:56+08:00
2017-02-28T00:46:06: 非记录时间：2017-02-28T00:46:06+08:00
2017-02-28T00:46:16: 非记录时间：2017-02-28T00:46:16+08:00
2017-02-28T00:46:26: 非记录时间：2017-02-28T00:46:26+08:00
2017-02-28T00:46:36: 非记录时间：2017-02-28T00:46:36+08:00
2017-02-28T00:46:46: 非记录时间：2017-02-28T00:46:46+08:00
2017-02-28T00:46:56: 非记录时间：2017-02-28T00:46:56+08:00
2017-02-28T00:47:06: 非记录时间：2017-02-28T00:47:06+08:00
2017-02-28T00:47:16: 非记录时间：2017-02-28T00:47:16+08:00
2017-02-28T00:47:26: 非记录时间：2017-02-28T00:47:26+08:00
2017-02-28T00:47:36: 非记录时间：2017-02-28T00:47:36+08:00
2017-02-28T00:47:46: 非记录时间：2017-02-28T00:47:46+08:00
2017-02-28T00:47:56: 非记录时间：2017-02-28T00:47:56+08:00
2017-02-28T00:48:06: 非记录时间：2017-02-28T00:48:06+08:00
2017-02-28T00:48:16: 非记录时间：2017-02-28T00:48:16+08:00
2017-02-28T00:48:26: 非记录时间：2017-02-28T00:48:26+08:00
2017-02-28T00:48:36: 非记录时间：2017-02-28T00:48:36+08:00
2017-02-28T00:48:46: 非记录时间：2017-02-28T00:48:46+08:00
2017-02-28T00:48:56: 非记录时间：2017-02-28T00:48:56+08:00
2017-02-28T00:49:06: 非记录时间：2017-02-28T00:49:06+08:00
2017-02-28T00:49:16: 非记录时间：2017-02-28T00:49:16+08:00
2017-02-28T00:49:26: 非记录时间：2017-02-28T00:49:26+08:00
2017-02-28T00:49:36: 非记录时间：2017-02-28T00:49:36+08:00
2017-02-28T00:49:46: 非记录时间：2017-02-28T00:49:46+08:00
2017-02-28T00:49:56: 非记录时间：2017-02-28T00:49:56+08:00
2017-02-28T00:50:06: 非记录时间：2017-02-28T00:50:06+08:00
2017-02-28T00:50:16: 非记录时间：2017-02-28T00:50:16+08:00
2017-02-28T00:50:26: 非记录时间：2017-02-28T00:50:26+08:00
2017-02-28T00:50:36: 非记录时间：2017-02-28T00:50:36+08:00
2017-02-28T00:50:46: 非记录时间：2017-02-28T00:50:46+08:00
2017-02-28T00:50:56: 非记录时间：2017-02-28T00:50:56+08:00
2017-02-28T00:51:06: 非记录时间：2017-02-28T00:51:06+08:00
2017-02-28T00:51:16: 非记录时间：2017-02-28T00:51:16+08:00
2017-02-28T00:51:26: 非记录时间：2017-02-28T00:51:26+08:00
2017-02-28T00:51:36: 非记录时间：2017-02-28T00:51:36+08:00
2017-02-28T00:51:46: 非记录时间：2017-02-28T00:51:46+08:00
2017-02-28T00:51:56: 非记录时间：2017-02-28T00:51:56+08:00
2017-02-28T00:52:06: 非记录时间：2017-02-28T00:52:06+08:00
2017-02-28T00:52:16: 非记录时间：2017-02-28T00:52:16+08:00
2017-02-28T00:52:26: 非记录时间：2017-02-28T00:52:26+08:00
2017-02-28T00:52:36: 非记录时间：2017-02-28T00:52:36+08:00
2017-02-28T00:52:46: 非记录时间：2017-02-28T00:52:46+08:00
2017-02-28T00:52:56: 非记录时间：2017-02-28T00:52:56+08:00
2017-02-28T00:53:06: 非记录时间：2017-02-28T00:53:06+08:00
2017-02-28T00:53:16: 非记录时间：2017-02-28T00:53:16+08:00
2017-02-28T00:53:26: 非记录时间：2017-02-28T00:53:26+08:00
2017-02-28T00:53:36: 非记录时间：2017-02-28T00:53:36+08:00
2017-02-28T00:53:46: 非记录时间：2017-02-28T00:53:46+08:00
2017-02-28T00:53:56: 非记录时间：2017-02-28T00:53:56+08:00
2017-02-28T00:54:06: 非记录时间：2017-02-28T00:54:06+08:00
2017-02-28T00:54:16: 非记录时间：2017-02-28T00:54:16+08:00
2017-02-28T00:54:26: 非记录时间：2017-02-28T00:54:26+08:00
2017-02-28T00:54:36: 非记录时间：2017-02-28T00:54:36+08:00
2017-02-28T00:54:46: 非记录时间：2017-02-28T00:54:46+08:00
2017-02-28T00:54:56: 非记录时间：2017-02-28T00:54:56+08:00
2017-02-28T00:55:06: 非记录时间：2017-02-28T00:55:06+08:00
2017-02-28T00:55:16: 非记录时间：2017-02-28T00:55:16+08:00
2017-02-28T00:55:26: 非记录时间：2017-02-28T00:55:26+08:00
2017-02-28T00:55:36: 非记录时间：2017-02-28T00:55:36+08:00
2017-02-28T00:55:46: 非记录时间：2017-02-28T00:55:46+08:00
2017-02-28T00:55:56: 非记录时间：2017-02-28T00:55:56+08:00
2017-02-28T00:56:06: 非记录时间：2017-02-28T00:56:06+08:00
2017-02-28T00:56:16: 非记录时间：2017-02-28T00:56:16+08:00
2017-02-28T00:56:26: 非记录时间：2017-02-28T00:56:26+08:00
2017-02-28T00:56:36: 非记录时间：2017-02-28T00:56:36+08:00
2017-02-28T00:56:46: 非记录时间：2017-02-28T00:56:46+08:00
2017-02-28T00:56:56: 非记录时间：2017-02-28T00:56:56+08:00
2017-02-28T00:57:06: 非记录时间：2017-02-28T00:57:06+08:00
2017-02-28T00:57:16: 非记录时间：2017-02-28T00:57:16+08:00
2017-02-28T00:57:26: 非记录时间：2017-02-28T00:57:26+08:00
2017-02-28T00:57:36: 非记录时间：2017-02-28T00:57:36+08:00
2017-02-28T00:57:46: 非记录时间：2017-02-28T00:57:46+08:00
2017-02-28T00:57:56: 非记录时间：2017-02-28T00:57:56+08:00
2017-02-28T00:58:06: 非记录时间：2017-02-28T00:58:06+08:00
2017-02-28T00:58:16: 非记录时间：2017-02-28T00:58:16+08:00
2017-02-28T00:58:26: 非记录时间：2017-02-28T00:58:26+08:00
2017-02-28T00:58:36: 非记录时间：2017-02-28T00:58:36+08:00
2017-02-28T00:58:46: 非记录时间：2017-02-28T00:58:46+08:00
2017-02-28T00:58:56: 非记录时间：2017-02-28T00:58:56+08:00
2017-02-28T00:59:06: 非记录时间：2017-02-28T00:59:06+08:00
2017-02-28T00:59:16: 非记录时间：2017-02-28T00:59:16+08:00
2017-02-28T00:59:26: 非记录时间：2017-02-28T00:59:26+08:00
2017-02-28T00:59:36: 非记录时间：2017-02-28T00:59:36+08:00
2017-02-28T00:59:46: 非记录时间：2017-02-28T00:59:46+08:00
2017-02-28T00:59:56: 非记录时间：2017-02-28T00:59:56+08:00
2017-02-28T01:00:06: 非记录时间：2017-02-28T01:00:06+08:00
2017-02-28T01:00:16: 非记录时间：2017-02-28T01:00:16+08:00
2017-02-28T01:00:26: 非记录时间：2017-02-28T01:00:26+08:00
2017-02-28T01:00:36: 非记录时间：2017-02-28T01:00:36+08:00
2017-02-28T01:00:46: 非记录时间：2017-02-28T01:00:46+08:00
2017-02-28T01:00:56: 非记录时间：2017-02-28T01:00:56+08:00
2017-02-28T01:01:06: 非记录时间：2017-02-28T01:01:06+08:00
2017-02-28T01:01:16: 非记录时间：2017-02-28T01:01:16+08:00
2017-02-28T01:01:26: 非记录时间：2017-02-28T01:01:26+08:00
2017-02-28T01:01:36: 非记录时间：2017-02-28T01:01:36+08:00
2017-02-28T01:01:46: 非记录时间：2017-02-28T01:01:46+08:00
2017-02-28T01:01:56: 非记录时间：2017-02-28T01:01:56+08:00
2017-02-28T01:02:06: 非记录时间：2017-02-28T01:02:06+08:00
2017-02-28T01:02:16: 非记录时间：2017-02-28T01:02:16+08:00
2017-02-28T01:02:26: 非记录时间：2017-02-28T01:02:26+08:00
2017-02-28T01:02:36: 非记录时间：2017-02-28T01:02:36+08:00
2017-02-28T01:02:46: 非记录时间：2017-02-28T01:02:46+08:00
2017-02-28T01:02:56: 非记录时间：2017-02-28T01:02:56+08:00
2017-02-28T01:03:06: 非记录时间：2017-02-28T01:03:06+08:00
2017-02-28T01:03:16: 非记录时间：2017-02-28T01:03:16+08:00
2017-02-28T01:03:26: 非记录时间：2017-02-28T01:03:26+08:00
2017-02-28T01:03:36: 非记录时间：2017-02-28T01:03:36+08:00
2017-02-28T01:03:46: 非记录时间：2017-02-28T01:03:46+08:00
2017-02-28T01:03:56: 非记录时间：2017-02-28T01:03:56+08:00
2017-02-28T01:04:06: 非记录时间：2017-02-28T01:04:06+08:00
2017-02-28T01:04:16: 非记录时间：2017-02-28T01:04:16+08:00
2017-02-28T01:04:26: 非记录时间：2017-02-28T01:04:26+08:00
2017-02-28T01:04:36: 非记录时间：2017-02-28T01:04:36+08:00
2017-02-28T01:04:46: 非记录时间：2017-02-28T01:04:46+08:00
2017-02-28T01:04:56: 非记录时间：2017-02-28T01:04:56+08:00
2017-02-28T01:05:06: 非记录时间：2017-02-28T01:05:06+08:00
2017-02-28T01:05:16: 非记录时间：2017-02-28T01:05:16+08:00
2017-02-28T01:05:26: 非记录时间：2017-02-28T01:05:26+08:00
2017-02-28T01:05:36: 非记录时间：2017-02-28T01:05:36+08:00
2017-02-28T01:05:46: 非记录时间：2017-02-28T01:05:46+08:00
2017-02-28T01:05:56: 非记录时间：2017-02-28T01:05:56+08:00
2017-02-28T01:06:06: 非记录时间：2017-02-28T01:06:06+08:00
2017-02-28T01:06:16: 非记录时间：2017-02-28T01:06:16+08:00
2017-02-28T01:06:26: 非记录时间：2017-02-28T01:06:26+08:00
2017-02-28T01:06:36: 非记录时间：2017-02-28T01:06:36+08:00
2017-02-28T01:06:46: 非记录时间：2017-02-28T01:06:46+08:00
2017-02-28T01:06:56: 非记录时间：2017-02-28T01:06:56+08:00
2017-02-28T01:07:06: 非记录时间：2017-02-28T01:07:06+08:00
2017-02-28T01:07:16: 非记录时间：2017-02-28T01:07:16+08:00
2017-02-28T01:07:26: 非记录时间：2017-02-28T01:07:26+08:00
2017-02-28T01:07:36: 非记录时间：2017-02-28T01:07:36+08:00
2017-02-28T01:07:46: 非记录时间：2017-02-28T01:07:46+08:00
2017-02-28T01:07:56: 非记录时间：2017-02-28T01:07:56+08:00
2017-02-28T01:08:06: 非记录时间：2017-02-28T01:08:06+08:00
2017-02-28T01:08:16: 非记录时间：2017-02-28T01:08:16+08:00
2017-02-28T01:08:26: 非记录时间：2017-02-28T01:08:26+08:00
2017-02-28T01:08:36: 非记录时间：2017-02-28T01:08:36+08:00
2017-02-28T01:08:46: 非记录时间：2017-02-28T01:08:46+08:00
2017-02-28T01:08:56: 非记录时间：2017-02-28T01:08:56+08:00
2017-02-28T01:09:06: 非记录时间：2017-02-28T01:09:06+08:00
2017-02-28T01:09:16: 非记录时间：2017-02-28T01:09:16+08:00
2017-02-28T01:09:26: 非记录时间：2017-02-28T01:09:26+08:00
2017-02-28T01:09:36: 非记录时间：2017-02-28T01:09:36+08:00
2017-02-28T01:09:46: 非记录时间：2017-02-28T01:09:46+08:00
2017-02-28T01:09:56: 非记录时间：2017-02-28T01:09:56+08:00
2017-02-28T01:10:06: 非记录时间：2017-02-28T01:10:06+08:00
2017-02-28T01:10:16: 非记录时间：2017-02-28T01:10:16+08:00
2017-02-28T01:10:27: 非记录时间：2017-02-28T01:10:27+08:00
2017-02-28T01:10:37: 非记录时间：2017-02-28T01:10:37+08:00
2017-02-28T01:10:47: 非记录时间：2017-02-28T01:10:47+08:00
2017-02-28T01:10:57: 非记录时间：2017-02-28T01:10:57+08:00
2017-02-28T01:11:07: 读取文件失败，可能是该文件不存在
2017-02-28T01:11:07: Error: ENOENT: no such file or directory, open './data/2017-02-28.json'
2017-02-28T01:11:17: 读取文件成功
2017-02-28T01:11:27: 读取文件成功
2017-02-28T01:11:37: 读取文件成功
2017-02-28T01:11:47: 读取文件成功
2017-02-28T01:11:57: 读取文件成功
2017-02-28T01:12:07: 读取文件成功
2017-02-28T01:12:17: 读取文件成功
2017-02-28T01:12:27: 读取文件成功
2017-02-28T01:12:37: 读取文件成功
2017-02-28T01:12:47: 读取文件成功
2017-02-28T01:12:57: 读取文件成功
2017-02-28T01:13:07: 读取文件成功
2017-02-28T01:13:17: 读取文件成功
2017-02-28T01:13:27: 读取文件成功
2017-02-28T01:13:37: 读取文件成功
2017-02-28T01:13:48: 读取文件成功
2017-02-28T01:13:57: 读取文件成功
2017-02-28T01:14:07: 读取文件成功
2017-02-28T01:14:17: 读取文件成功
2017-02-28T01:14:27: 读取文件成功
2017-02-28T01:14:37: 读取文件成功
2017-02-28T01:14:47: 读取文件成功
2017-02-28T01:14:57: 读取文件成功
2017-02-28T01:15:07: 读取文件成功
2017-02-28T01:15:17: 读取文件成功
2017-02-28T01:15:27: 读取文件成功
2017-02-28T01:15:37: 读取文件成功
2017-02-28T01:15:47: 读取文件成功
2017-02-28T01:15:57: 读取文件成功
2017-02-28T01:16:07: 读取文件成功
2017-02-28T01:16:17: 读取文件成功
2017-02-28T01:16:28: 读取文件成功
2017-02-28T01:16:37: 读取文件成功
2017-02-28T01:16:48: 读取文件成功
2017-02-28T01:16:57: 读取文件成功
2017-02-28T01:17:07: 读取文件成功
2017-02-28T01:17:17: 读取文件成功
2017-02-28T01:17:27: 读取文件成功
2017-02-28T01:17:37: 读取文件成功
2017-02-28T01:17:47: 读取文件成功
2017-02-28T01:17:57: 读取文件成功
2017-02-28T01:18:07: 读取文件成功
2017-02-28T01:18:17: 读取文件成功
2017-02-28T01:18:27: 读取文件成功
2017-02-28T01:18:37: 读取文件成功
2017-02-28T01:18:47: 读取文件成功
2017-02-28T01:18:57: 读取文件成功
2017-02-28T01:19:07: 读取文件成功
2017-02-28T01:19:17: 读取文件成功
2017-02-28T01:19:28: 读取文件成功
2017-02-28T01:19:37: 读取文件成功
2017-02-28T01:19:47: 读取文件成功
2017-02-28T01:19:58: 读取文件成功
2017-02-28T01:20:07: 读取文件成功
2017-02-28T01:20:17: 读取文件成功
2017-02-28T01:20:27: 读取文件成功
2017-02-28T01:20:37: 读取文件成功
2017-02-28T01:20:47: 读取文件成功
2017-02-28T01:20:57: 读取文件成功
2017-02-28T01:21:07: 读取文件成功
2017-02-28T01:21:18: 读取文件成功
2017-02-28T01:21:27: 读取文件成功
2017-02-28T01:21:38: 读取文件成功
2017-02-28T01:21:47: 读取文件成功
2017-02-28T01:21:57: 读取文件成功
2017-02-28T01:22:07: 读取文件成功
2017-02-28T01:22:17: 读取文件成功
2017-02-28T01:22:42: 读取文件成功
2017-02-28T01:23:20: 读取文件成功
2017-02-28T01:23:22: 读取文件成功
2017-02-28T01:23:25: 读取文件成功
2017-02-28T01:23:25: 读取文件成功
2017-02-28T01:23:27: 读取文件成功
2017-02-28T01:23:32: 读取文件成功
2017-02-28T01:24:01: 读取文件成功
2017-02-28T01:24:23: 读取文件成功
2017-02-28T01:24:30: 读取文件成功
2017-02-28T01:25:05: 读取文件成功
2017-02-28T01:25:13: 读取文件成功
2017-02-28T01:25:19: 读取文件成功
2017-02-28T01:25:25: 读取文件成功
2017-02-28T01:25:35: 读取文件成功
2017-02-28T01:25:36: 读取文件成功
2017-02-28T01:25:38: 读取文件成功
2017-02-28T01:25:48: 读取文件成功
2017-02-28T01:25:58: 读取文件成功
2017-02-28T01:26:08: 读取文件成功
2017-02-28T01:26:18: 读取文件成功
2017-02-28T01:26:28: 读取文件成功
2017-02-28T01:26:38: 读取文件成功
2017-02-28T01:26:49: 读取文件成功
2017-02-28T01:26:58: 读取文件成功
2017-02-28T01:28:04: 读取文件成功
2017-02-28T01:28:04: 读取文件成功
2017-02-28T01:28:05: 读取文件成功
2017-02-28T01:28:10: 读取文件成功
2017-02-28T01:28:44: 读取文件成功
2017-02-28T01:28:58: 读取文件成功
2017-02-28T01:29:04: 读取文件成功
2017-02-28T01:29:07: 读取文件成功
2017-02-28T01:29:12: 读取文件成功
2017-02-28T01:30:15: 读取文件成功
2017-02-28T01:30:15: 读取文件成功
2017-02-28T01:30:18: 读取文件成功
2017-02-28T01:30:19: 读取文件成功
2017-02-28T01:30:22: 读取文件成功
2017-02-28T01:30:27: 读取文件成功
2017-02-28T01:30:32: 读取文件成功
2017-02-28T01:30:37: 读取文件成功
2017-02-28T01:30:42: 读取文件成功
2017-02-28T01:30:52: 读取文件成功
2017-02-28T01:31:02: 读取文件成功
2017-02-28T01:31:12: 读取文件成功
2017-02-28T01:31:22: 读取文件成功
2017-02-28T01:31:32: 读取文件成功
2017-02-28T01:31:42: 读取文件成功
2017-02-28T01:31:52: 读取文件成功
2017-02-28T01:32:02: 读取文件成功
2017-02-28T01:32:13: 读取文件成功
2017-02-28T01:32:22: 读取文件成功
2017-02-28T01:32:32: 读取文件成功
2017-02-28T01:32:42: 读取文件成功
2017-02-28T01:32:52: 读取文件成功
2017-02-28T01:33:03: 读取文件成功
2017-02-28T01:33:12: 读取文件成功
2017-02-28T01:33:22: 读取文件成功
2017-02-28T01:33:32: 读取文件成功
2017-02-28T01:33:42: 读取文件成功
2017-02-28T01:33:53: 读取文件成功
2017-02-28T01:34:02: 读取文件成功
2017-02-28T01:34:12: 读取文件成功
2017-02-28T01:34:43: 读取文件成功
2017-02-28T01:34:53: 读取文件成功
2017-02-28T01:34:56: 读取文件成功
2017-02-28T01:35:21: 读取文件成功
2017-02-28T01:35:22: 读取文件成功
2017-02-28T01:35:23: 读取文件成功
2017-02-28T01:36:26: 读取文件成功
2017-02-28T01:36:28: 读取文件成功
2017-02-28T01:36:28: 读取文件成功
2017-02-28T01:36:46: 读取文件成功
2017-02-28T01:36:46: 读取文件成功
2017-02-28T01:37:14: 读取文件成功
2017-02-28T01:37:21: 读取文件成功
2017-02-28T01:37:26: 读取文件成功
2017-02-28T01:37:33: 读取文件成功
2017-02-28T01:37:37: 读取文件成功
2017-02-28T01:37:43: 读取文件成功
2017-02-28T01:37:53: 读取文件成功
2017-02-28T01:37:58: 读取文件成功
2017-02-28T01:38:03: 读取文件成功
2017-02-28T01:38:14: 读取文件成功
2017-02-28T01:38:23: 读取文件成功
2017-02-28T01:38:33: 读取文件成功
2017-02-28T01:38:43: 读取文件成功
2017-02-28T01:38:53: 读取文件成功
2017-02-28T01:39:03: 读取文件成功
2017-02-28T01:39:13: 读取文件成功
2017-02-28T01:39:24: 读取文件成功
2017-02-28T01:39:33: 读取文件成功
2017-02-28T01:39:43: 读取文件成功
2017-02-28T01:39:53: 读取文件成功
2017-02-28T01:40:03: 读取文件成功
2017-02-28T01:40:13: 读取文件成功
2017-02-28T01:40:23: 读取文件成功
2017-02-28T01:41:16: 读取文件成功
2017-02-28T01:41:25: 读取文件成功
2017-02-28T01:41:26: 读取文件成功
2017-02-28T01:42:11: 读取文件成功
2017-02-28T01:42:32: 读取文件成功
2017-02-28T01:42:32: 读取文件成功
2017-02-28T01:42:32: 读取文件成功
2017-02-28T01:42:32: 读取文件成功
2017-02-28T01:42:33: 读取文件成功
2017-02-28T01:42:33: 读取文件成功
2017-02-28T01:43:39: 读取文件成功
2017-02-28T01:43:40: 读取文件成功
2017-02-28T01:43:43: 读取文件成功
2017-02-28T01:43:44: 读取文件成功
2017-02-28T01:43:45: 读取文件成功
2017-02-28T01:43:46: 读取文件成功
2017-02-28T01:43:53: 读取文件成功
2017-02-28T01:43:57: 读取文件成功
2017-02-28T01:44:03: 读取文件成功
2017-02-28T01:44:13: 读取文件成功
2017-02-28T01:44:24: 读取文件成功
2017-02-28T01:44:33: 读取文件成功
2017-02-28T01:44:43: 读取文件成功
2017-02-28T01:44:53: 读取文件成功
2017-02-28T01:45:03: 读取文件成功
2017-02-28T01:45:14: 读取文件成功
2017-02-28T01:45:23: 读取文件成功
2017-02-28T01:45:33: 读取文件成功
2017-02-28T01:45:43: 读取文件成功
2017-02-28T01:45:53: 读取文件成功
2017-02-28T01:46:03: 读取文件成功
2017-02-28T01:46:14: 读取文件成功
2017-02-28T01:47:16: 读取文件成功
2017-02-28T01:47:18: 读取文件成功
2017-02-28T01:47:48: 读取文件成功
2017-02-28T01:48:23: 读取文件成功
2017-02-28T01:48:23: 读取文件成功
2017-02-28T01:48:28: 读取文件成功
2017-02-28T01:48:40: 读取文件成功
2017-02-28T01:48:46: 读取文件成功
2017-02-28T01:49:07: 读取文件成功
2017-02-28T01:49:27: 读取文件成功
2017-02-28T01:49:32: 读取文件成功
2017-02-28T01:49:33: 读取文件成功
2017-02-28T01:49:33: 读取文件成功
2017-02-28T01:49:44: 读取文件成功
2017-02-28T01:49:53: 读取文件成功
2017-02-28T01:50:03: 读取文件成功
2017-02-28T01:50:13: 读取文件成功
2017-02-28T01:50:24: 读取文件成功
2017-02-28T01:50:33: 读取文件成功
2017-02-28T01:50:43: 读取文件成功
2017-02-28T01:50:53: 读取文件成功
2017-02-28T01:51:03: 读取文件成功
2017-02-28T01:51:13: 读取文件成功
2017-02-28T01:51:23: 读取文件成功
2017-02-28T01:51:33: 读取文件成功
2017-02-28T01:51:43: 读取文件成功
2017-02-28T01:51:53: 读取文件成功
2017-02-28T01:52:05: 读取文件成功
2017-02-28T01:52:13: 读取文件成功
2017-02-28T01:52:23: 读取文件成功
2017-02-28T01:52:33: 读取文件成功
2017-02-28T01:52:43: 读取文件成功
2017-02-28T01:52:53: 读取文件成功
2017-02-28T01:53:04: 读取文件成功
2017-02-28T01:53:13: 读取文件成功
2017-02-28T01:53:23: 读取文件成功
2017-02-28T01:53:33: 读取文件成功
2017-02-28T01:53:43: 读取文件成功
2017-02-28T01:54:51: 读取文件成功
2017-02-28T01:54:53: 读取文件成功
2017-02-28T01:54:55: 读取文件成功
2017-02-28T01:54:55: 读取文件成功
2017-02-28T01:55:56: 读取文件成功
2017-02-28T01:55:56: 读取文件成功
2017-02-28T01:55:57: 读取文件成功
2017-02-28T01:55:58: 读取文件成功
2017-02-28T01:55:59: 读取文件成功
2017-02-28T01:57:04: 读取文件成功
2017-02-28T01:57:05: 读取文件成功
2017-02-28T01:57:05: 读取文件成功
2017-02-28T01:57:07: 读取文件成功
2017-02-28T01:57:10: 读取文件成功
2017-02-28T01:57:14: 读取文件成功
2017-02-28T01:57:17: 读取文件成功
2017-02-28T01:57:24: 读取文件成功
2017-02-28T01:57:34: 读取文件成功
2017-02-28T01:57:44: 读取文件成功
2017-02-28T01:57:54: 读取文件成功
2017-02-28T01:58:04: 读取文件成功
2017-02-28T01:58:40: 读取文件成功
2017-02-28T01:58:53: 读取文件成功
2017-02-28T01:59:10: 读取文件成功
2017-02-28T01:59:13: 读取文件成功
2017-02-28T01:59:17: 读取文件成功
2017-02-28T01:59:49: 读取文件成功
2017-02-28T02:00:11: 读取文件成功
2017-02-28T02:00:17: 读取文件成功
2017-02-28T02:00:17: 读取文件成功
2017-02-28T02:00:29: 读取文件成功
2017-02-28T02:00:40: 读取文件成功
2017-02-28T02:00:44: 读取文件成功
2017-02-28T02:00:49: 读取文件成功
2017-02-28T02:01:01: 读取文件成功
2017-02-28T02:01:21: 读取文件成功
2017-02-28T02:01:27: 读取文件成功
2017-02-28T02:01:31: 读取文件成功
2017-02-28T02:01:37: 读取文件成功
2017-02-28T02:01:47: 读取文件成功
2017-02-28T02:01:57: 读取文件成功
2017-02-28T02:02:07: 读取文件成功
2017-02-28T02:02:17: 读取文件成功
2017-02-28T02:02:27: 读取文件成功
2017-02-28T02:02:37: 读取文件成功
2017-02-28T02:02:48: 读取文件成功
2017-02-28T02:02:58: 读取文件成功
2017-02-28T02:03:08: 读取文件成功
2017-02-28T02:03:18: 读取文件成功
2017-02-28T02:03:28: 读取文件成功
2017-02-28T02:03:38: 读取文件成功
2017-02-28T02:03:48: 读取文件成功
2017-02-28T02:03:58: 读取文件成功
2017-02-28T02:04:08: 读取文件成功
2017-02-28T02:04:18: 读取文件成功
2017-02-28T02:04:28: 读取文件成功
2017-02-28T02:04:38: 读取文件成功
2017-02-28T02:04:48: 读取文件成功
2017-02-28T02:04:58: 读取文件成功
2017-02-28T02:05:08: 读取文件成功
2017-02-28T02:05:18: 读取文件成功
2017-02-28T02:05:28: 读取文件成功
2017-02-28T02:05:38: 读取文件成功
2017-02-28T02:05:48: 读取文件成功
2017-02-28T02:05:58: 读取文件成功
2017-02-28T02:06:08: 读取文件成功
2017-02-28T02:06:18: 读取文件成功
2017-02-28T02:06:28: 读取文件成功
2017-02-28T02:06:38: 读取文件成功
2017-02-28T02:06:48: 读取文件成功
2017-02-28T02:06:58: 读取文件成功
2017-02-28T02:07:08: 读取文件成功
2017-02-28T02:08:14: 读取文件成功
2017-02-28T02:08:16: 读取文件成功
2017-02-28T02:08:18: 读取文件成功
2017-02-28T02:08:19: 读取文件成功
2017-02-28T02:08:35: 读取文件成功
2017-02-28T02:09:21: 读取文件成功
2017-02-28T02:09:22: 读取文件成功
2017-02-28T02:09:25: 读取文件成功
2017-02-28T02:10:48: 读取文件成功
2017-02-28T02:10:51: 读取文件成功
2017-02-28T02:10:53: 读取文件成功
2017-02-28T02:10:56: 读取文件成功
2017-02-28T02:11:08: 读取文件成功
2017-02-28T02:11:08: 读取文件成功
2017-02-28T02:11:12: 读取文件成功
2017-02-28T02:11:26: 读取文件成功
2017-02-28T02:11:42: 读取文件成功
2017-02-28T02:12:13: 读取文件成功
2017-02-28T02:12:13: 读取文件成功
2017-02-28T02:12:56: 读取文件成功
2017-02-28T02:13:00: 读取文件成功
2017-02-28T02:13:14: 读取文件成功
2017-02-28T02:13:16: 读取文件成功
2017-02-28T02:13:18: 读取文件成功
2017-02-28T02:13:28: 读取文件成功
2017-02-28T02:13:29: 读取文件成功
2017-02-28T02:13:38: 读取文件成功
2017-02-28T02:13:48: 读取文件成功
2017-02-28T02:13:58: 读取文件成功
2017-02-28T02:14:08: 读取文件成功
2017-02-28T02:14:18: 读取文件成功
2017-02-28T02:14:28: 读取文件成功
2017-02-28T02:14:38: 读取文件成功
2017-02-28T02:14:48: 读取文件成功
2017-02-28T02:14:58: 读取文件成功
2017-02-28T02:15:08: 读取文件成功
2017-02-28T02:15:18: 读取文件成功
2017-02-28T02:15:28: 读取文件成功
2017-02-28T02:15:38: 读取文件成功
2017-02-28T02:15:48: 读取文件成功
2017-02-28T02:15:58: 读取文件成功
2017-02-28T02:16:08: 读取文件成功
2017-02-28T02:16:18: 读取文件成功
2017-02-28T02:16:28: 读取文件成功
2017-02-28T02:16:38: 读取文件成功
2017-02-28T02:16:48: 读取文件成功
2017-02-28T02:16:58: 读取文件成功
2017-02-28T02:17:08: 读取文件成功
2017-02-28T02:17:18: 读取文件成功
2017-02-28T02:17:28: 读取文件成功
2017-02-28T02:17:38: 读取文件成功
2017-02-28T02:17:48: 读取文件成功
2017-02-28T02:17:59: 读取文件成功
2017-02-28T02:18:08: 读取文件成功
2017-02-28T02:18:18: 读取文件成功
2017-02-28T02:18:28: 读取文件成功
2017-02-28T02:18:38: 读取文件成功
2017-02-28T02:18:48: 读取文件成功
2017-02-28T02:18:58: 读取文件成功
2017-02-28T02:19:08: 读取文件成功
2017-02-28T02:19:18: 读取文件成功
2017-02-28T02:19:28: 读取文件成功
2017-02-28T02:19:38: 读取文件成功
2017-02-28T02:19:48: 读取文件成功
2017-02-28T02:19:58: 读取文件成功
2017-02-28T02:20:08: 读取文件成功
2017-02-28T02:20:18: 读取文件成功
2017-02-28T02:20:28: 读取文件成功
2017-02-28T02:21:39: 读取文件成功
2017-02-28T02:21:39: 读取文件成功
2017-02-28T02:21:41: 读取文件成功
2017-02-28T02:23:40: 读取文件成功
2017-02-28T02:23:46: 读取文件成功
2017-02-28T02:24:01: 读取文件成功
2017-02-28T02:24:07: 读取文件成功
2017-02-28T02:24:08: 读取文件成功
2017-02-28T02:24:09: 读取文件成功
2017-02-28T02:24:11: 读取文件成功
2017-02-28T02:24:12: 读取文件成功
2017-02-28T02:24:13: 读取文件成功
2017-02-28T02:24:13: 读取文件成功
2017-02-28T02:24:32: 读取文件成功
2017-02-28T02:24:35: 读取文件成功
2017-02-28T02:24:43: 读取文件成功
2017-02-28T02:25:14: 读取文件成功
2017-02-28T02:25:15: 读取文件成功
2017-02-28T02:25:19: 读取文件成功
2017-02-28T02:25:20: 读取文件成功
2017-02-28T02:25:29: 读取文件成功
2017-02-28T02:25:39: 读取文件成功
2017-02-28T02:25:49: 读取文件成功
2017-02-28T02:25:59: 读取文件成功
2017-02-28T02:26:09: 读取文件成功
2017-02-28T02:26:19: 读取文件成功
2017-02-28T02:26:29: 读取文件成功
2017-02-28T02:26:39: 读取文件成功
2017-02-28T02:26:49: 读取文件成功
2017-02-28T02:26:59: 读取文件成功
2017-02-28T02:27:09: 读取文件成功
2017-02-28T02:27:19: 读取文件成功
2017-02-28T02:27:29: 读取文件成功
2017-02-28T02:27:39: 读取文件成功
2017-02-28T02:27:49: 读取文件成功
2017-02-28T02:27:59: 读取文件成功
2017-02-28T02:28:09: 读取文件成功
2017-02-28T02:28:19: 读取文件成功
2017-02-28T02:28:29: 读取文件成功
2017-02-28T02:28:39: 读取文件成功
2017-02-28T02:28:49: 读取文件成功
2017-02-28T02:28:59: 读取文件成功
2017-02-28T02:29:09: 读取文件成功
2017-02-28T02:29:19: 读取文件成功
2017-02-28T02:29:29: 读取文件成功
2017-02-28T02:29:39: 读取文件成功
2017-02-28T02:29:49: 读取文件成功
2017-02-28T02:29:59: 读取文件成功
2017-02-28T02:30:09: 读取文件成功
2017-02-28T02:30:19: 读取文件成功
2017-02-28T02:30:29: 读取文件成功
2017-02-28T02:30:39: 读取文件成功
2017-02-28T02:30:49: 读取文件成功
2017-02-28T02:30:59: 读取文件成功
2017-02-28T02:31:09: 读取文件成功
2017-02-28T02:31:19: 读取文件成功
2017-02-28T02:31:29: 读取文件成功
2017-02-28T02:31:39: 读取文件成功
2017-02-28T02:31:49: 读取文件成功
2017-02-28T02:31:59: 读取文件成功
2017-02-28T02:32:09: 读取文件成功
2017-02-28T02:32:19: 读取文件成功
2017-02-28T02:32:29: 读取文件成功
2017-02-28T02:32:39: 读取文件成功
2017-02-28T02:32:49: 读取文件成功
2017-02-28T02:32:59: 读取文件成功
2017-02-28T02:33:09: 读取文件成功
2017-02-28T02:33:19: 读取文件成功
2017-02-28T02:33:29: 读取文件成功
2017-02-28T02:33:39: 读取文件成功
2017-02-28T02:33:49: 读取文件成功
2017-02-28T02:34:01: 读取文件成功
2017-02-28T02:35:02: 读取文件成功
2017-02-28T02:35:04: 读取文件成功
2017-02-28T02:36:09: 读取文件成功
2017-02-28T02:36:12: 读取文件成功
2017-02-28T02:37:01: 读取文件成功
2017-02-28T02:37:13: 读取文件成功
2017-02-28T02:37:16: 读取文件成功
2017-02-28T02:37:17: 读取文件成功
2017-02-28T02:37:20: 读取文件成功
2017-02-28T02:37:26: 读取文件成功
2017-02-28T02:37:29: 读取文件成功
2017-02-28T02:37:31: 读取文件成功
2017-02-28T02:37:40: 读取文件成功
2017-02-28T02:37:49: 读取文件成功
2017-02-28T02:37:59: 读取文件成功
2017-02-28T02:38:09: 读取文件成功
2017-02-28T02:38:19: 读取文件成功
2017-02-28T02:38:29: 读取文件成功
2017-02-28T02:38:39: 读取文件成功
2017-02-28T02:38:49: 读取文件成功
2017-02-28T02:38:59: 读取文件成功
2017-02-28T02:39:09: 读取文件成功
2017-02-28T02:39:19: 读取文件成功
2017-02-28T02:39:29: 读取文件成功
2017-02-28T02:39:39: 读取文件成功
2017-02-28T02:39:49: 读取文件成功
2017-02-28T02:39:59: 读取文件成功
2017-02-28T02:40:09: 读取文件成功
2017-02-28T02:40:19: 读取文件成功
2017-02-28T02:40:29: 读取文件成功
2017-02-28T02:40:39: 读取文件成功
2017-02-28T02:40:49: 读取文件成功
2017-02-28T02:40:59: 读取文件成功
2017-02-28T02:41:09: 读取文件成功
2017-02-28T02:41:19: 读取文件成功
2017-02-28T02:41:29: 读取文件成功
2017-02-28T02:41:39: 读取文件成功
2017-02-28T02:41:49: 读取文件成功
2017-02-28T02:41:59: 读取文件成功
2017-02-28T02:42:09: 读取文件成功
2017-02-28T02:42:19: 读取文件成功
2017-02-28T02:42:29: 读取文件成功
2017-02-28T02:42:39: 读取文件成功
2017-02-28T02:42:49: 读取文件成功
2017-02-28T02:42:59: 读取文件成功
2017-02-28T02:43:10: 读取文件成功
2017-02-28T02:43:19: 读取文件成功
2017-02-28T02:43:29: 读取文件成功
2017-02-28T02:43:39: 读取文件成功
2017-02-28T02:43:49: 读取文件成功
2017-02-28T02:43:59: 读取文件成功
2017-02-28T02:44:09: 读取文件成功
2017-02-28T02:44:19: 读取文件成功
2017-02-28T02:44:30: 读取文件成功
2017-02-28T02:44:40: 读取文件成功
2017-02-28T02:44:50: 读取文件成功
2017-02-28T02:45:00: 读取文件成功
2017-02-28T02:45:10: 读取文件成功
2017-02-28T02:45:20: 读取文件成功
2017-02-28T02:45:30: 读取文件成功
2017-02-28T02:45:41: 读取文件成功
2017-02-28T02:45:50: 读取文件成功
2017-02-28T02:46:39: 读取文件成功
2017-02-28T02:46:55: 读取文件成功
2017-02-28T02:46:57: 读取文件成功
2017-02-28T02:46:59: 读取文件成功
2017-02-28T02:48:31: 读取文件成功
2017-02-28T02:49:34: 读取文件成功
2017-02-28T02:49:38: 读取文件成功
2017-02-28T02:50:41: 读取文件成功
2017-02-28T02:50:42: 读取文件成功
2017-02-28T02:50:45: 读取文件成功
2017-02-28T02:50:46: 读取文件成功
2017-02-28T02:50:50: 读取文件成功
2017-02-28T02:50:52: 读取文件成功
2017-02-28T02:50:53: 读取文件成功
2017-02-28T02:51:00: 读取文件成功
2017-02-28T02:51:01: 读取文件成功
2017-02-28T02:51:10: 读取文件成功
2017-02-28T02:51:12: 读取文件成功
2017-02-28T02:51:20: 读取文件成功
2017-02-28T02:51:30: 读取文件成功
2017-02-28T02:51:40: 读取文件成功
2017-02-28T02:51:50: 读取文件成功
2017-02-28T02:52:00: 读取文件成功
2017-02-28T02:52:10: 读取文件成功
2017-02-28T02:52:20: 读取文件成功
2017-02-28T02:52:30: 读取文件成功
2017-02-28T02:52:40: 读取文件成功
2017-02-28T02:52:50: 读取文件成功
2017-02-28T02:53:00: 读取文件成功
2017-02-28T02:53:10: 读取文件成功
2017-02-28T02:53:20: 读取文件成功
2017-02-28T02:53:30: 读取文件成功
2017-02-28T02:53:40: 读取文件成功
2017-02-28T02:53:50: 读取文件成功
2017-02-28T02:54:00: 读取文件成功
2017-02-28T02:54:10: 读取文件成功
2017-02-28T02:54:20: 读取文件成功
2017-02-28T02:54:30: 读取文件成功
2017-02-28T02:54:40: 读取文件成功
2017-02-28T02:54:50: 读取文件成功
2017-02-28T02:55:00: 读取文件成功
2017-02-28T02:55:10: 读取文件成功
2017-02-28T02:55:20: 读取文件成功
2017-02-28T02:55:30: 读取文件成功
2017-02-28T02:55:40: 读取文件成功
2017-02-28T02:55:50: 读取文件成功
2017-02-28T02:56:00: 读取文件成功
2017-02-28T02:56:10: 读取文件成功
2017-02-28T02:56:20: 读取文件成功
2017-02-28T02:56:30: 读取文件成功
2017-02-28T02:56:40: 读取文件成功
2017-02-28T02:56:50: 读取文件成功
2017-02-28T02:57:00: 读取文件成功
2017-02-28T02:57:10: 读取文件成功
2017-02-28T02:57:20: 读取文件成功
2017-02-28T02:57:30: 读取文件成功
2017-02-28T02:57:40: 读取文件成功
2017-02-28T02:57:50: 读取文件成功
2017-02-28T02:58:13: 读取文件成功
2017-02-28T02:58:31: 读取文件成功
2017-02-28T02:58:50: 读取文件成功
2017-02-28T02:58:51: 读取文件成功
2017-02-28T02:59:30: 读取文件成功
2017-02-28T02:59:39: 读取文件成功
2017-02-28T02:59:56: 读取文件成功
2017-02-28T02:59:56: 读取文件成功
2017-02-28T02:59:57: 读取文件成功
2017-02-28T03:00:15: 读取文件成功
2017-02-28T03:00:28: 读取文件成功
2017-02-28T03:00:38: 读取文件成功
2017-02-28T03:00:48: 读取文件成功
2017-02-28T03:01:32: 读取文件成功
2017-02-28T03:01:50: 读取文件成功
2017-02-28T03:01:52: 读取文件成功
2017-02-28T03:01:53: 读取文件成功
2017-02-28T03:02:33: 读取文件成功
2017-02-28T03:02:51: 读取文件成功
2017-02-28T03:02:57: 读取文件成功
2017-02-28T03:02:58: 读取文件成功
2017-02-28T03:02:59: 读取文件成功
2017-02-28T03:03:01: 读取文件成功
2017-02-28T03:03:30: 读取文件成功
2017-02-28T03:04:05: 读取文件成功
2017-02-28T03:04:06: 读取文件成功
2017-02-28T03:04:08: 读取文件成功
2017-02-28T03:04:09: 读取文件成功
2017-02-28T03:04:11: 读取文件成功
2017-02-28T03:04:13: 读取文件成功
2017-02-28T03:04:20: 读取文件成功
2017-02-28T03:04:31: 读取文件成功
2017-02-28T03:04:40: 读取文件成功
2017-02-28T03:04:44: 读取文件成功
2017-02-28T03:04:51: 读取文件成功
2017-02-28T03:05:00: 读取文件成功
2017-02-28T03:05:11: 读取文件成功
2017-02-28T03:05:21: 读取文件成功
2017-02-28T03:05:31: 读取文件成功
2017-02-28T03:05:41: 读取文件成功
2017-02-28T03:05:51: 读取文件成功
2017-02-28T03:06:01: 读取文件成功
2017-02-28T03:06:11: 读取文件成功
2017-02-28T03:06:21: 读取文件成功
2017-02-28T03:06:31: 读取文件成功
2017-02-28T03:06:41: 读取文件成功
2017-02-28T03:06:51: 读取文件成功
2017-02-28T03:07:01: 读取文件成功
2017-02-28T03:07:11: 读取文件成功
2017-02-28T03:07:21: 读取文件成功
2017-02-28T03:07:31: 读取文件成功
2017-02-28T03:07:41: 读取文件成功
2017-02-28T03:07:51: 读取文件成功
2017-02-28T03:08:01: 读取文件成功
2017-02-28T03:08:11: 读取文件成功
2017-02-28T03:08:21: 读取文件成功
2017-02-28T03:08:31: 读取文件成功
2017-02-28T03:08:41: 读取文件成功
2017-02-28T03:08:51: 读取文件成功
2017-02-28T03:09:01: 读取文件成功
2017-02-28T03:09:11: 读取文件成功
2017-02-28T03:09:21: 读取文件成功
2017-02-28T03:09:31: 读取文件成功
2017-02-28T03:09:41: 读取文件成功
2017-02-28T03:10:14: 读取文件成功
2017-02-28T03:10:24: 读取文件成功
2017-02-28T03:10:34: 读取文件成功
2017-02-28T03:10:46: 读取文件成功
2017-02-28T03:10:46: 读取文件成功
2017-02-28T03:10:54: 读取文件成功
2017-02-28T03:11:12: 读取文件成功
2017-02-28T03:11:34: 读取文件成功
2017-02-28T03:11:51: 读取文件成功
2017-02-28T03:11:56: 读取文件成功
2017-02-28T03:12:03: 读取文件成功
2017-02-28T03:12:13: 读取文件成功
2017-02-28T03:12:23: 读取文件成功
2017-02-28T03:12:37: 读取文件成功
2017-02-28T03:12:48: 读取文件成功
2017-02-28T03:12:56: 读取文件成功
2017-02-28T03:12:56: 读取文件成功
2017-02-28T03:13:01: 读取文件成功
2017-02-28T03:13:11: 读取文件成功
2017-02-28T03:13:21: 读取文件成功
2017-02-28T03:13:31: 读取文件成功
2017-02-28T03:13:41: 读取文件成功
2017-02-28T03:13:51: 读取文件成功
2017-02-28T03:14:01: 读取文件成功
2017-02-28T03:14:11: 读取文件成功
2017-02-28T03:15:01: 读取文件成功
2017-02-28T03:15:15: 读取文件成功
2017-02-28T03:15:15: 读取文件成功
2017-02-28T03:15:20: 读取文件成功
2017-02-28T03:15:21: 读取文件成功
2017-02-28T03:16:13: 读取文件成功
2017-02-28T03:16:22: 读取文件成功
2017-02-28T03:16:22: 读取文件成功
2017-02-28T03:16:23: 读取文件成功
2017-02-28T03:16:24: 读取文件成功
2017-02-28T03:17:14: 读取文件成功
2017-02-28T03:17:29: 读取文件成功
2017-02-28T03:17:30: 读取文件成功
2017-02-28T03:17:31: 读取文件成功
2017-02-28T03:17:31: 读取文件成功
2017-02-28T03:17:34: 读取文件成功
2017-02-28T03:17:41: 读取文件成功
2017-02-28T03:17:43: 读取文件成功
2017-02-28T03:17:51: 读取文件成功
2017-02-28T03:18:01: 读取文件成功
2017-02-28T03:18:11: 读取文件成功
2017-02-28T03:18:21: 读取文件成功
2017-02-28T03:18:31: 读取文件成功
2017-02-28T03:18:41: 读取文件成功
2017-02-28T03:18:51: 读取文件成功
2017-02-28T03:19:01: 读取文件成功
2017-02-28T03:19:11: 读取文件成功
2017-02-28T03:19:21: 读取文件成功
2017-02-28T03:19:31: 读取文件成功
2017-02-28T03:19:41: 读取文件成功
2017-02-28T03:19:51: 读取文件成功
2017-02-28T03:20:01: 读取文件成功
2017-02-28T03:20:11: 读取文件成功
2017-02-28T03:20:21: 读取文件成功
2017-02-28T03:20:31: 读取文件成功
2017-02-28T03:20:41: 读取文件成功
2017-02-28T03:20:51: 读取文件成功
2017-02-28T03:21:01: 读取文件成功
2017-02-28T03:21:11: 读取文件成功
2017-02-28T03:21:21: 读取文件成功
2017-02-28T03:21:31: 读取文件成功
2017-02-28T03:21:41: 读取文件成功
2017-02-28T03:21:57: 读取文件成功
2017-02-28T03:22:27: 读取文件成功
2017-02-28T03:22:35: 读取文件成功
2017-02-28T03:22:41: 读取文件成功
2017-02-28T03:22:51: 读取文件成功
2017-02-28T03:23:39: 读取文件成功
2017-02-28T03:23:46: 读取文件成功
2017-02-28T03:23:46: 读取文件成功
2017-02-28T03:23:51: 读取文件成功
2017-02-28T03:23:51: 读取文件成功
2017-02-28T03:24:28: 读取文件成功
2017-02-28T03:24:29: 读取文件成功
2017-02-28T03:24:37: 读取文件成功
2017-02-28T03:24:38: 读取文件成功
2017-02-28T03:24:51: 读取文件成功
2017-02-28T03:24:52: 读取文件成功
2017-02-28T03:25:01: 读取文件成功
2017-02-28T03:25:11: 读取文件成功
2017-02-28T03:25:21: 读取文件成功
2017-02-28T03:25:31: 读取文件成功
2017-02-28T03:25:41: 读取文件成功
2017-02-28T03:25:51: 读取文件成功
2017-02-28T03:26:01: 读取文件成功
2017-02-28T03:26:11: 读取文件成功
2017-02-28T03:26:21: 读取文件成功
2017-02-28T03:26:31: 读取文件成功
2017-02-28T03:26:42: 读取文件成功
2017-02-28T03:26:52: 读取文件成功
2017-02-28T03:27:02: 读取文件成功
2017-02-28T03:27:12: 读取文件成功
2017-02-28T03:27:22: 读取文件成功
2017-02-28T03:27:32: 读取文件成功
2017-02-28T03:28:39: 读取文件成功
2017-02-28T03:28:40: 读取文件成功
2017-02-28T03:28:41: 读取文件成功
2017-02-28T03:28:43: 读取文件成功
2017-02-28T03:28:45: 读取文件成功
2017-02-28T03:28:52: 读取文件成功
2017-02-28T03:29:17: 读取文件成功
2017-02-28T03:29:47: 读取文件成功
2017-02-28T03:29:50: 读取文件成功
2017-02-28T03:29:52: 读取文件成功
2017-02-28T03:30:39: 读取文件成功
2017-02-28T03:30:39: 读取文件成功
2017-02-28T03:30:45: 读取文件成功
2017-02-28T03:30:53: 读取文件成功
2017-02-28T03:31:02: 读取文件成功
2017-02-28T03:31:04: 读取文件成功
2017-02-28T03:31:12: 读取文件成功
2017-02-28T03:31:15: 读取文件成功
2017-02-28T03:31:19: 读取文件成功
2017-02-28T03:31:22: 读取文件成功
2017-02-28T03:31:32: 读取文件成功
2017-02-28T03:31:42: 读取文件成功
2017-02-28T03:31:52: 读取文件成功
2017-02-28T03:32:02: 读取文件成功
2017-02-28T03:32:12: 读取文件成功
2017-02-28T03:32:22: 读取文件成功
2017-02-28T03:32:32: 读取文件成功
2017-02-28T03:32:42: 读取文件成功
2017-02-28T03:32:52: 读取文件成功
2017-02-28T03:33:02: 读取文件成功
2017-02-28T03:33:12: 读取文件成功
2017-02-28T03:33:22: 读取文件成功
2017-02-28T03:33:32: 读取文件成功
2017-02-28T03:33:53: 读取文件成功
2017-02-28T03:33:56: 读取文件成功
2017-02-28T03:34:12: 读取文件成功
2017-02-28T03:34:37: 读取文件成功
2017-02-28T03:34:39: 读取文件成功
2017-02-28T03:34:42: 读取文件成功
2017-02-28T03:35:06: 读取文件成功
2017-02-28T03:35:14: 读取文件成功
2017-02-28T03:35:22: 读取文件成功
2017-02-28T03:35:35: 读取文件成功
2017-02-28T03:35:42: 读取文件成功
2017-02-28T03:35:42: 读取文件成功
2017-02-28T03:35:59: 读取文件成功
2017-02-28T03:36:15: 读取文件成功
2017-02-28T03:36:30: 读取文件成功
2017-02-28T03:36:39: 读取文件成功
2017-02-28T03:36:48: 读取文件成功
2017-02-28T03:36:52: 读取文件成功
2017-02-28T03:36:52: 读取文件成功
2017-02-28T03:37:02: 读取文件成功
2017-02-28T03:37:03: 读取文件成功
2017-02-28T03:37:12: 读取文件成功
2017-02-28T03:37:22: 读取文件成功
2017-02-28T03:37:32: 读取文件成功
2017-02-28T03:37:42: 读取文件成功
2017-02-28T03:37:52: 读取文件成功
2017-02-28T03:38:02: 读取文件成功
2017-02-28T03:38:12: 读取文件成功
2017-02-28T03:38:22: 读取文件成功
2017-02-28T03:38:32: 读取文件成功
2017-02-28T03:38:42: 读取文件成功
2017-02-28T03:38:52: 读取文件成功
2017-02-28T03:39:02: 读取文件成功
2017-02-28T03:39:12: 读取文件成功
2017-02-28T03:39:22: 读取文件成功
2017-02-28T03:39:32: 读取文件成功
2017-02-28T03:39:42: 读取文件成功
2017-02-28T03:39:52: 读取文件成功
2017-02-28T03:40:02: 读取文件成功
2017-02-28T03:40:12: 读取文件成功
2017-02-28T03:40:22: 读取文件成功
2017-02-28T03:40:32: 读取文件成功
2017-02-28T03:40:42: 读取文件成功
2017-02-28T03:40:52: 读取文件成功
2017-02-28T03:41:02: 读取文件成功
2017-02-28T03:41:49: 读取文件成功
2017-02-28T03:41:50: 读取文件成功
2017-02-28T03:42:03: 读取文件成功
2017-02-28T03:42:26: 读取文件成功
2017-02-28T03:42:44: 读取文件成功
2017-02-28T03:43:10: 读取文件成功
2017-02-28T03:43:12: 读取文件成功
2017-02-28T03:43:13: 读取文件成功
2017-02-28T03:43:14: 读取文件成功
2017-02-28T03:43:17: 读取文件成功
2017-02-28T03:44:08: 读取文件成功
2017-02-28T03:44:17: 读取文件成功
2017-02-28T03:44:21: 读取文件成功
2017-02-28T03:44:22: 读取文件成功
2017-02-28T03:44:23: 读取文件成功
2017-02-28T03:44:26: 读取文件成功
2017-02-28T03:44:32: 读取文件成功
2017-02-28T03:44:39: 读取文件成功
2017-02-28T03:44:42: 读取文件成功
2017-02-28T03:44:52: 读取文件成功
2017-02-28T03:45:02: 读取文件成功
2017-02-28T03:45:12: 读取文件成功
2017-02-28T03:45:22: 读取文件成功
2017-02-28T03:45:32: 读取文件成功
2017-02-28T03:45:46: 读取文件成功
2017-02-28T03:46:32: 读取文件成功
2017-02-28T03:46:35: 读取文件成功
2017-02-28T03:46:50: 读取文件成功
2017-02-28T03:47:00: 读取文件成功
2017-02-28T03:47:02: 读取文件成功
2017-02-28T03:47:07: 读取文件成功
2017-02-28T03:47:22: 读取文件成功
2017-02-28T03:47:28: 读取文件成功
2017-02-28T03:47:40: 读取文件成功
2017-02-28T03:47:43: 读取文件成功
2017-02-28T03:48:20: 读取文件成功
2017-02-28T03:48:41: 读取文件成功
2017-02-28T03:48:42: 读取文件成功
2017-02-28T03:48:43: 读取文件成功
2017-02-28T03:48:45: 读取文件成功
2017-02-28T03:48:52: 读取文件成功
2017-02-28T03:48:53: 读取文件成功
2017-02-28T03:49:03: 读取文件成功
2017-02-28T03:49:13: 读取文件成功
2017-02-28T03:49:23: 读取文件成功
2017-02-28T03:49:33: 读取文件成功
2017-02-28T03:49:43: 读取文件成功
2017-02-28T03:49:53: 读取文件成功
2017-02-28T03:50:03: 读取文件成功
2017-02-28T03:50:13: 读取文件成功
2017-02-28T03:50:23: 读取文件成功
2017-02-28T03:50:33: 读取文件成功
2017-02-28T03:50:43: 读取文件成功
2017-02-28T03:50:53: 读取文件成功
2017-02-28T03:51:03: 读取文件成功
2017-02-28T03:51:13: 读取文件成功
2017-02-28T03:51:23: 读取文件成功
2017-02-28T03:51:33: 读取文件成功
2017-02-28T03:51:43: 读取文件成功
2017-02-28T03:51:53: 读取文件成功
2017-02-28T03:52:03: 读取文件成功
2017-02-28T03:52:13: 读取文件成功
2017-02-28T03:52:23: 读取文件成功
2017-02-28T03:52:33: 读取文件成功
2017-02-28T03:52:43: 读取文件成功
2017-02-28T03:52:53: 读取文件成功
2017-02-28T03:53:03: 读取文件成功
2017-02-28T03:53:13: 读取文件成功
2017-02-28T03:53:23: 读取文件成功
2017-02-28T03:53:33: 读取文件成功
2017-02-28T03:53:43: 读取文件成功
2017-02-28T03:53:53: 读取文件成功
2017-02-28T03:54:03: 读取文件成功
2017-02-28T03:54:13: 读取文件成功
2017-02-28T03:54:23: 读取文件成功
2017-02-28T03:54:50: 读取文件成功
2017-02-28T03:55:28: 读取文件成功
2017-02-28T03:55:33: 读取文件成功
2017-02-28T03:55:33: 读取文件成功
2017-02-28T03:55:34: 读取文件成功
2017-02-28T03:55:38: 读取文件成功
2017-02-28T03:56:35: 读取文件成功
2017-02-28T03:56:38: 读取文件成功
2017-02-28T03:56:38: 读取文件成功
2017-02-28T03:56:38: 读取文件成功
2017-02-28T03:56:51: 读取文件成功
2017-02-28T03:58:28: 读取文件成功
2017-02-28T03:58:48: 读取文件成功
2017-02-28T03:59:07: 读取文件成功
2017-02-28T03:59:12: 读取文件成功
2017-02-28T03:59:16: 读取文件成功
2017-02-28T03:59:29: 读取文件成功
2017-02-28T03:59:33: 读取文件成功
2017-02-28T03:59:34: 读取文件成功
2017-02-28T03:59:35: 读取文件成功
2017-02-28T03:59:37: 读取文件成功
2017-02-28T03:59:49: 读取文件成功
2017-02-28T04:00:03: 读取文件成功
2017-02-28T04:00:17: 读取文件成功
2017-02-28T04:00:29: 读取文件成功
2017-02-28T04:00:31: 读取文件成功
2017-02-28T04:00:39: 读取文件成功
2017-02-28T04:00:43: 读取文件成功
2017-02-28T04:00:53: 读取文件成功
2017-02-28T04:00:56: 读取文件成功
2017-02-28T04:01:03: 读取文件成功
2017-02-28T04:01:13: 读取文件成功
2017-02-28T04:01:23: 读取文件成功
2017-02-28T04:01:33: 读取文件成功
2017-02-28T04:01:43: 读取文件成功
2017-02-28T04:01:53: 读取文件成功
2017-02-28T04:02:03: 读取文件成功
2017-02-28T04:02:13: 读取文件成功
2017-02-28T04:02:23: 读取文件成功
2017-02-28T04:02:33: 读取文件成功
2017-02-28T04:02:43: 读取文件成功
2017-02-28T04:02:53: 读取文件成功
2017-02-28T04:03:03: 读取文件成功
2017-02-28T04:03:13: 读取文件成功
2017-02-28T04:03:23: 读取文件成功
2017-02-28T04:03:33: 读取文件成功
2017-02-28T04:03:43: 读取文件成功
2017-02-28T04:03:53: 读取文件成功
2017-02-28T04:04:03: 读取文件成功
2017-02-28T04:04:13: 读取文件成功
2017-02-28T04:04:23: 读取文件成功
2017-02-28T04:04:33: 读取文件成功
2017-02-28T04:04:43: 读取文件成功
2017-02-28T04:04:53: 读取文件成功
2017-02-28T04:05:03: 读取文件成功
2017-02-28T04:05:13: 读取文件成功
2017-02-28T04:05:23: 读取文件成功
2017-02-28T04:05:33: 读取文件成功
2017-02-28T04:05:43: 读取文件成功
2017-02-28T04:05:53: 读取文件成功
2017-02-28T04:06:03: 读取文件成功
2017-02-28T04:06:13: 读取文件成功
2017-02-28T04:06:24: 读取文件成功
2017-02-28T04:06:34: 读取文件成功
2017-02-28T04:06:44: 读取文件成功
2017-02-28T04:06:54: 读取文件成功
2017-02-28T04:07:04: 读取文件成功
2017-02-28T04:07:14: 读取文件成功
2017-02-28T04:07:24: 读取文件成功
2017-02-28T04:07:34: 读取文件成功
2017-02-28T04:07:44: 读取文件成功
2017-02-28T04:08:10: 读取文件成功
2017-02-28T04:08:26: 读取文件成功
2017-02-28T04:08:29: 读取文件成功
2017-02-28T04:08:46: 读取文件成功
2017-02-28T04:08:46: 读取文件成功
2017-02-28T04:08:54: 读取文件成功
2017-02-28T04:08:55: 读取文件成功
2017-02-28T04:09:32: 读取文件成功
2017-02-28T04:10:05: 读取文件成功
2017-02-28T04:11:11: 读取文件成功
2017-02-28T04:11:29: 读取文件成功
2017-02-28T04:11:34: 读取文件成功
2017-02-28T04:11:38: 读取文件成功
2017-02-28T04:12:03: 读取文件成功
2017-02-28T04:12:34: 读取文件成功
2017-02-28T04:12:34: 读取文件成功
2017-02-28T04:12:35: 读取文件成功
2017-02-28T04:12:36: 读取文件成功
2017-02-28T04:12:41: 读取文件成功
2017-02-28T04:12:44: 读取文件成功
2017-02-28T04:12:54: 读取文件成功
2017-02-28T04:13:04: 读取文件成功
2017-02-28T04:13:14: 读取文件成功
2017-02-28T04:13:24: 读取文件成功
2017-02-28T04:13:34: 读取文件成功
2017-02-28T04:13:44: 读取文件成功
2017-02-28T04:13:54: 读取文件成功
2017-02-28T04:14:04: 读取文件成功
2017-02-28T04:14:14: 读取文件成功
2017-02-28T04:14:24: 读取文件成功
2017-02-28T04:14:34: 读取文件成功
2017-02-28T04:14:44: 读取文件成功
2017-02-28T04:14:54: 读取文件成功
2017-02-28T04:15:04: 读取文件成功
2017-02-28T04:15:14: 读取文件成功
2017-02-28T04:15:24: 读取文件成功
2017-02-28T04:15:34: 读取文件成功
2017-02-28T04:15:44: 读取文件成功
2017-02-28T04:15:54: 读取文件成功
2017-02-28T04:16:04: 读取文件成功
2017-02-28T04:16:14: 读取文件成功
2017-02-28T04:16:24: 读取文件成功
2017-02-28T04:16:34: 读取文件成功
2017-02-28T04:16:44: 读取文件成功
2017-02-28T04:16:54: 读取文件成功
2017-02-28T04:17:04: 读取文件成功
2017-02-28T04:17:14: 读取文件成功
2017-02-28T04:17:24: 读取文件成功
2017-02-28T04:17:34: 读取文件成功
2017-02-28T04:17:44: 读取文件成功
2017-02-28T04:17:54: 读取文件成功
2017-02-28T04:18:04: 读取文件成功
2017-02-28T04:18:14: 读取文件成功
2017-02-28T04:18:24: 读取文件成功
2017-02-28T04:18:34: 读取文件成功
2017-02-28T04:18:44: 读取文件成功
2017-02-28T04:18:54: 读取文件成功
2017-02-28T04:19:04: 读取文件成功
2017-02-28T04:19:14: 读取文件成功
2017-02-28T04:19:24: 读取文件成功
2017-02-28T04:19:34: 读取文件成功
2017-02-28T04:19:44: 读取文件成功
2017-02-28T04:19:54: 读取文件成功
2017-02-28T04:20:04: 读取文件成功
2017-02-28T04:20:14: 读取文件成功
2017-02-28T04:20:24: 读取文件成功
2017-02-28T04:20:34: 读取文件成功
2017-02-28T04:20:44: 读取文件成功
2017-02-28T04:20:54: 读取文件成功
2017-02-28T04:21:04: 读取文件成功
2017-02-28T04:21:14: 读取文件成功
2017-02-28T04:22:20: 读取文件成功
2017-02-28T04:22:22: 读取文件成功
2017-02-28T04:22:23: 读取文件成功
2017-02-28T04:23:25: 读取文件成功
2017-02-28T04:23:26: 读取文件成功
2017-02-28T04:23:36: 读取文件成功
2017-02-28T04:24:09: 读取文件成功
2017-02-28T04:24:12: 读取文件成功
2017-02-28T04:24:32: 读取文件成功
2017-02-28T04:24:33: 读取文件成功
2017-02-28T04:24:34: 读取文件成功
2017-02-28T04:24:35: 读取文件成功
2017-02-28T04:24:38: 读取文件成功
2017-02-28T04:24:45: 读取文件成功
2017-02-28T04:24:51: 读取文件成功
2017-02-28T04:24:55: 读取文件成功
2017-02-28T04:25:05: 读取文件成功
2017-02-28T04:25:15: 读取文件成功
2017-02-28T04:25:25: 读取文件成功
2017-02-28T04:25:35: 读取文件成功
2017-02-28T04:25:45: 读取文件成功
2017-02-28T04:25:55: 读取文件成功
2017-02-28T04:26:05: 读取文件成功
2017-02-28T04:26:15: 读取文件成功
2017-02-28T04:26:25: 读取文件成功
2017-02-28T04:26:35: 读取文件成功
2017-02-28T04:26:45: 读取文件成功
2017-02-28T04:26:55: 读取文件成功
2017-02-28T04:27:05: 读取文件成功
2017-02-28T04:27:15: 读取文件成功
2017-02-28T04:27:25: 读取文件成功
2017-02-28T04:27:35: 读取文件成功
2017-02-28T04:27:45: 读取文件成功
2017-02-28T04:27:55: 读取文件成功
2017-02-28T04:28:05: 读取文件成功
2017-02-28T04:28:15: 读取文件成功
2017-02-28T04:28:25: 读取文件成功
2017-02-28T04:28:35: 读取文件成功
2017-02-28T04:28:45: 读取文件成功
2017-02-28T04:28:55: 读取文件成功
2017-02-28T04:29:05: 读取文件成功
2017-02-28T04:29:15: 读取文件成功
2017-02-28T04:29:25: 读取文件成功
2017-02-28T04:29:35: 读取文件成功
2017-02-28T04:29:45: 读取文件成功
2017-02-28T04:29:55: 读取文件成功
2017-02-28T04:30:05: 读取文件成功
2017-02-28T04:30:15: 读取文件成功
2017-02-28T04:30:25: 读取文件成功
2017-02-28T04:30:35: 读取文件成功
2017-02-28T04:30:45: 读取文件成功
2017-02-28T04:30:55: 读取文件成功
2017-02-28T04:31:05: 读取文件成功
2017-02-28T04:31:15: 读取文件成功
2017-02-28T04:31:25: 读取文件成功
2017-02-28T04:31:35: 读取文件成功
2017-02-28T04:31:45: 读取文件成功
2017-02-28T04:31:55: 读取文件成功
2017-02-28T04:32:05: 读取文件成功
2017-02-28T04:32:15: 读取文件成功
2017-02-28T04:32:25: 读取文件成功
2017-02-28T04:32:35: 读取文件成功
2017-02-28T04:32:45: 读取文件成功
2017-02-28T04:32:55: 读取文件成功
2017-02-28T04:33:05: 读取文件成功
2017-02-28T04:33:15: 读取文件成功
2017-02-28T04:33:44: 读取文件成功
2017-02-28T04:34:13: 读取文件成功
2017-02-28T04:34:15: 读取文件成功
2017-02-28T04:34:19: 读取文件成功
2017-02-28T04:34:39: 读取文件成功
2017-02-28T04:35:59: 读取文件成功
2017-02-28T04:36:48: 读取文件成功
2017-02-28T04:36:48: 读取文件成功
2017-02-28T04:36:49: 读取文件成功
2017-02-28T04:36:51: 读取文件成功
2017-02-28T04:37:21: 读取文件成功
2017-02-28T04:37:23: 读取文件成功
2017-02-28T04:37:25: 读取文件成功
2017-02-28T04:37:39: 读取文件成功
2017-02-28T04:37:55: 读取文件成功
2017-02-28T04:37:55: 读取文件成功
2017-02-28T04:37:56: 读取文件成功
2017-02-28T04:37:57: 读取文件成功
2017-02-28T04:38:03: 读取文件成功
2017-02-28T04:38:05: 读取文件成功
2017-02-28T04:38:07: 读取文件成功
2017-02-28T04:38:15: 读取文件成功
2017-02-28T04:38:26: 读取文件成功
2017-02-28T04:38:36: 读取文件成功
2017-02-28T04:38:46: 读取文件成功
2017-02-28T04:38:56: 读取文件成功
2017-02-28T04:39:06: 读取文件成功
2017-02-28T04:39:16: 读取文件成功
2017-02-28T04:39:26: 读取文件成功
2017-02-28T04:39:36: 读取文件成功
2017-02-28T04:39:46: 读取文件成功
2017-02-28T04:39:56: 读取文件成功
2017-02-28T04:40:06: 读取文件成功
2017-02-28T04:40:16: 读取文件成功
2017-02-28T04:40:26: 读取文件成功
2017-02-28T04:40:36: 读取文件成功
2017-02-28T04:40:46: 读取文件成功
2017-02-28T04:40:56: 读取文件成功
2017-02-28T04:41:06: 读取文件成功
2017-02-28T04:41:16: 读取文件成功
2017-02-28T04:41:26: 读取文件成功
2017-02-28T04:41:36: 读取文件成功
2017-02-28T04:41:46: 读取文件成功
2017-02-28T04:41:56: 读取文件成功
2017-02-28T04:42:06: 读取文件成功
2017-02-28T04:42:16: 读取文件成功
2017-02-28T04:42:26: 读取文件成功
2017-02-28T04:42:36: 读取文件成功
2017-02-28T04:42:46: 读取文件成功
2017-02-28T04:42:56: 读取文件成功
2017-02-28T04:43:06: 读取文件成功
2017-02-28T04:43:16: 读取文件成功
2017-02-28T04:43:26: 读取文件成功
2017-02-28T04:43:36: 读取文件成功
2017-02-28T04:43:46: 读取文件成功
2017-02-28T04:43:56: 读取文件成功
2017-02-28T04:44:06: 读取文件成功
2017-02-28T04:44:16: 读取文件成功
2017-02-28T04:44:26: 读取文件成功
2017-02-28T04:44:36: 读取文件成功
2017-02-28T04:44:46: 读取文件成功
2017-02-28T04:44:56: 读取文件成功
2017-02-28T04:45:06: 读取文件成功
2017-02-28T04:45:20: 读取文件成功
2017-02-28T04:45:54: 读取文件成功
2017-02-28T04:46:10: 读取文件成功
2017-02-28T04:46:11: 读取文件成功
2017-02-28T04:46:28: 读取文件成功
2017-02-28T04:46:45: 读取文件成功
2017-02-28T04:46:57: 读取文件成功
2017-02-28T04:47:16: 读取文件成功
2017-02-28T04:47:18: 读取文件成功
2017-02-28T04:47:44: 读取文件成功
2017-02-28T04:47:59: 读取文件成功
2017-02-28T04:48:02: 读取文件成功
2017-02-28T04:48:30: 读取文件成功
2017-02-28T04:48:43: 读取文件成功
2017-02-28T04:49:05: 读取文件成功
2017-02-28T04:49:06: 读取文件成功
2017-02-28T04:49:06: 读取文件成功
2017-02-28T04:49:19: 读取文件成功
2017-02-28T04:49:34: 读取文件成功
2017-02-28T04:49:43: 读取文件成功
2017-02-28T04:50:12: 读取文件成功
2017-02-28T04:50:13: 读取文件成功
2017-02-28T04:50:13: 读取文件成功
2017-02-28T04:50:16: 读取文件成功
2017-02-28T04:50:17: 读取文件成功
2017-02-28T04:51:19: 读取文件成功
2017-02-28T04:51:22: 读取文件成功
2017-02-28T04:51:22: 读取文件成功
2017-02-28T04:51:26: 读取文件成功
2017-02-28T04:51:30: 读取文件成功
2017-02-28T04:51:32: 读取文件成功
2017-02-28T04:51:36: 读取文件成功
2017-02-28T04:51:46: 读取文件成功
2017-02-28T04:51:56: 读取文件成功
2017-02-28T04:52:06: 读取文件成功
2017-02-28T04:52:16: 读取文件成功
2017-02-28T04:52:26: 读取文件成功
2017-02-28T04:52:36: 读取文件成功
2017-02-28T04:52:46: 读取文件成功
2017-02-28T04:52:56: 读取文件成功
2017-02-28T04:53:06: 读取文件成功
2017-02-28T04:53:16: 读取文件成功
2017-02-28T04:53:26: 读取文件成功
2017-02-28T04:53:36: 读取文件成功
2017-02-28T04:53:46: 读取文件成功
2017-02-28T04:53:56: 读取文件成功
2017-02-28T04:54:06: 读取文件成功
2017-02-28T04:54:16: 读取文件成功
2017-02-28T04:54:26: 读取文件成功
2017-02-28T04:54:36: 读取文件成功
2017-02-28T04:54:46: 读取文件成功
2017-02-28T04:54:56: 读取文件成功
2017-02-28T04:55:06: 读取文件成功
2017-02-28T04:55:17: 读取文件成功
2017-02-28T04:55:27: 读取文件成功
2017-02-28T04:55:37: 读取文件成功
2017-02-28T04:55:47: 读取文件成功
2017-02-28T04:55:57: 读取文件成功
2017-02-28T04:56:07: 读取文件成功
2017-02-28T04:56:17: 读取文件成功
2017-02-28T04:56:27: 读取文件成功
2017-02-28T04:56:37: 读取文件成功
2017-02-28T04:56:47: 读取文件成功
2017-02-28T04:56:57: 读取文件成功
2017-02-28T04:57:47: 读取文件成功
2017-02-28T04:57:49: 读取文件成功
2017-02-28T04:58:06: 读取文件成功
2017-02-28T04:58:07: 读取文件成功
2017-02-28T04:58:09: 读取文件成功
2017-02-28T04:58:41: 读取文件成功
2017-02-28T04:58:45: 读取文件成功
2017-02-28T04:59:06: 读取文件成功
2017-02-28T04:59:08: 读取文件成功
2017-02-28T04:59:29: 读取文件成功
2017-02-28T04:59:38: 读取文件成功
2017-02-28T04:59:50: 读取文件成功
2017-02-28T05:00:09: 读取文件成功
2017-02-28T05:00:17: 读取文件成功
2017-02-28T05:00:17: 读取文件成功
2017-02-28T05:00:27: 读取文件成功
2017-02-28T05:00:28: 读取文件成功
2017-02-28T05:00:37: 读取文件成功
2017-02-28T05:00:47: 读取文件成功
2017-02-28T05:00:57: 读取文件成功
2017-02-28T05:01:07: 读取文件成功
2017-02-28T05:01:17: 读取文件成功
2017-02-28T05:01:27: 读取文件成功
2017-02-28T05:01:58: 读取文件成功
2017-02-28T05:01:59: 读取文件成功
2017-02-28T05:02:15: 读取文件成功
2017-02-28T05:02:23: 读取文件成功
2017-02-28T05:02:30: 读取文件成功
2017-02-28T05:02:31: 读取文件成功
2017-02-28T05:03:06: 读取文件成功
2017-02-28T05:03:37: 读取文件成功
2017-02-28T05:03:37: 读取文件成功
2017-02-28T05:03:37: 读取文件成功
2017-02-28T05:03:38: 读取文件成功
2017-02-28T05:03:40: 读取文件成功
2017-02-28T05:03:59: 读取文件成功
2017-02-28T05:04:05: 读取文件成功
2017-02-28T05:04:17: 读取文件成功
2017-02-28T05:04:43: 读取文件成功
2017-02-28T05:04:43: 读取文件成功
2017-02-28T05:04:44: 读取文件成功
2017-02-28T05:04:47: 读取文件成功
2017-02-28T05:04:50: 读取文件成功
2017-02-28T05:04:57: 读取文件成功
2017-02-28T05:05:07: 读取文件成功
2017-02-28T05:05:17: 读取文件成功
2017-02-28T05:05:27: 读取文件成功
2017-02-28T05:05:37: 读取文件成功
2017-02-28T05:05:47: 读取文件成功
2017-02-28T05:05:57: 读取文件成功
2017-02-28T05:06:07: 读取文件成功
2017-02-28T05:06:17: 读取文件成功
2017-02-28T05:06:27: 读取文件成功
2017-02-28T05:06:37: 读取文件成功
2017-02-28T05:06:47: 读取文件成功
2017-02-28T05:06:57: 读取文件成功
2017-02-28T05:07:07: 读取文件成功
2017-02-28T05:07:17: 读取文件成功
2017-02-28T05:07:27: 读取文件成功
2017-02-28T05:07:37: 读取文件成功
2017-02-28T05:07:47: 读取文件成功
2017-02-28T05:07:57: 读取文件成功
2017-02-28T05:08:07: 读取文件成功
2017-02-28T05:08:17: 读取文件成功
2017-02-28T05:08:27: 读取文件成功
2017-02-28T05:08:37: 读取文件成功
2017-02-28T05:08:47: 读取文件成功
2017-02-28T05:08:57: 读取文件成功
2017-02-28T05:09:43: 读取文件成功
2017-02-28T05:09:59: 读取文件成功
2017-02-28T05:10:03: 读取文件成功
2017-02-28T05:10:04: 读取文件成功
2017-02-28T05:10:04: 读取文件成功
2017-02-28T05:10:24: 读取文件成功
2017-02-28T05:10:34: 读取文件成功
2017-02-28T05:10:51: 读取文件成功
2017-02-28T05:11:00: 读取文件成功
2017-02-28T05:11:06: 读取文件成功
2017-02-28T05:11:07: 读取文件成功
2017-02-28T05:11:26: 读取文件成功
2017-02-28T05:11:43: 读取文件成功
2017-02-28T05:11:54: 读取文件成功
2017-02-28T05:12:11: 读取文件成功
2017-02-28T05:12:13: 读取文件成功
2017-02-28T05:12:14: 读取文件成功
2017-02-28T05:12:17: 读取文件成功
2017-02-28T05:12:27: 读取文件成功
2017-02-28T05:12:30: 读取文件成功
2017-02-28T05:12:37: 读取文件成功
2017-02-28T05:12:47: 读取文件成功
2017-02-28T05:12:57: 读取文件成功
2017-02-28T05:13:07: 读取文件成功
2017-02-28T05:13:17: 读取文件成功
2017-02-28T05:13:27: 读取文件成功
2017-02-28T05:13:37: 读取文件成功
2017-02-28T05:13:47: 读取文件成功
2017-02-28T05:13:57: 读取文件成功
2017-02-28T05:14:07: 读取文件成功
2017-02-28T05:14:17: 读取文件成功
2017-02-28T05:14:27: 读取文件成功
2017-02-28T05:14:37: 读取文件成功
2017-02-28T05:14:47: 读取文件成功
2017-02-28T05:15:38: 读取文件成功
2017-02-28T05:15:54: 读取文件成功
2017-02-28T05:15:54: 读取文件成功
2017-02-28T05:15:54: 读取文件成功
2017-02-28T05:15:57: 读取文件成功
2017-02-28T05:16:03: 读取文件成功
2017-02-28T05:16:36: 读取文件成功
2017-02-28T05:16:55: 读取文件成功
2017-02-28T05:17:01: 读取文件成功
2017-02-28T05:17:01: 读取文件成功
2017-02-28T05:17:19: 读取文件成功
2017-02-28T05:18:07: 读取文件成功
2017-02-28T05:18:08: 读取文件成功
2017-02-28T05:18:08: 读取文件成功
2017-02-28T05:18:09: 读取文件成功
2017-02-28T05:18:09: 读取文件成功
2017-02-28T05:18:13: 读取文件成功
2017-02-28T05:18:18: 读取文件成功
2017-02-28T05:18:20: 读取文件成功
2017-02-28T05:18:28: 读取文件成功
2017-02-28T05:18:38: 读取文件成功
2017-02-28T05:18:48: 读取文件成功
2017-02-28T05:18:58: 读取文件成功
2017-02-28T05:19:08: 读取文件成功
2017-02-28T05:19:18: 读取文件成功
2017-02-28T05:19:28: 读取文件成功
2017-02-28T05:19:38: 读取文件成功
2017-02-28T05:19:48: 读取文件成功
2017-02-28T05:19:58: 读取文件成功
2017-02-28T05:20:08: 读取文件成功
2017-02-28T05:20:18: 读取文件成功
2017-02-28T05:20:28: 读取文件成功
2017-02-28T05:20:38: 读取文件成功
2017-02-28T05:20:48: 读取文件成功
2017-02-28T05:21:19: 读取文件成功
2017-02-28T05:21:26: 读取文件成功
2017-02-28T05:21:50: 读取文件成功
2017-02-28T05:21:56: 读取文件成功
2017-02-28T05:21:58: 读取文件成功
2017-02-28T05:22:01: 读取文件成功
2017-02-28T05:22:32: 读取文件成功
2017-02-28T05:22:58: 读取文件成功
2017-02-28T05:23:04: 读取文件成功
2017-02-28T05:23:05: 读取文件成功
2017-02-28T05:23:08: 读取文件成功
2017-02-28T05:23:31: 读取文件成功
2017-02-28T05:23:31: 读取文件成功
2017-02-28T05:23:31: 读取文件成功
2017-02-28T05:23:56: 读取文件成功
2017-02-28T05:24:07: 读取文件成功
2017-02-28T05:24:08: 读取文件成功
2017-02-28T05:24:09: 读取文件成功
2017-02-28T05:24:18: 读取文件成功
2017-02-28T05:24:18: 读取文件成功
2017-02-28T05:24:28: 读取文件成功
2017-02-28T05:24:38: 读取文件成功
2017-02-28T05:24:48: 读取文件成功
2017-02-28T05:24:58: 读取文件成功
2017-02-28T05:25:08: 读取文件成功
2017-02-28T05:25:18: 读取文件成功
2017-02-28T05:25:28: 读取文件成功
2017-02-28T05:25:38: 读取文件成功
2017-02-28T05:25:48: 读取文件成功
2017-02-28T05:25:58: 读取文件成功
2017-02-28T05:26:08: 读取文件成功
2017-02-28T05:26:18: 读取文件成功
2017-02-28T05:26:28: 读取文件成功
2017-02-28T05:26:38: 读取文件成功
2017-02-28T05:26:48: 读取文件成功
2017-02-28T05:26:58: 读取文件成功
2017-02-28T05:27:08: 读取文件成功
2017-02-28T05:27:18: 读取文件成功
2017-02-28T05:27:28: 读取文件成功
2017-02-28T05:27:38: 读取文件成功
2017-02-28T05:27:48: 读取文件成功
2017-02-28T05:27:58: 读取文件成功
2017-02-28T05:28:08: 读取文件成功
2017-02-28T05:28:42: 读取文件成功
2017-02-28T05:29:18: 读取文件成功
2017-02-28T05:29:22: 读取文件成功
2017-02-28T05:29:22: 读取文件成功
2017-02-28T05:29:22: 读取文件成功
2017-02-28T05:30:25: 读取文件成功
2017-02-28T05:30:25: 读取文件成功
2017-02-28T05:30:25: 读取文件成功
2017-02-28T05:30:25: 读取文件成功
2017-02-28T05:30:27: 读取文件成功
2017-02-28T05:30:28: 读取文件成功
2017-02-28T05:31:03: 读取文件成功
2017-02-28T05:31:29: 读取文件成功
2017-02-28T05:31:32: 读取文件成功
2017-02-28T05:31:33: 读取文件成功
2017-02-28T05:31:35: 读取文件成功
2017-02-28T05:31:42: 读取文件成功
2017-02-28T05:31:42: 读取文件成功
2017-02-28T05:31:45: 读取文件成功
2017-02-28T05:31:52: 读取文件成功
2017-02-28T05:32:02: 读取文件成功
2017-02-28T05:32:12: 读取文件成功
2017-02-28T05:32:22: 读取文件成功
2017-02-28T05:32:32: 读取文件成功
2017-02-28T05:32:42: 读取文件成功
2017-02-28T05:32:52: 读取文件成功
2017-02-28T05:33:23: 读取文件成功
2017-02-28T05:33:38: 读取文件成功
2017-02-28T05:33:53: 读取文件成功
2017-02-28T05:33:57: 读取文件成功
2017-02-28T05:34:04: 读取文件成功
2017-02-28T05:34:46: 读取文件成功
2017-02-28T05:34:46: 读取文件成功
2017-02-28T05:34:56: 读取文件成功
2017-02-28T05:34:59: 读取文件成功
2017-02-28T05:35:02: 读取文件成功
2017-02-28T05:35:02: 读取文件成功
2017-02-28T05:35:48: 读取文件成功
2017-02-28T05:35:50: 读取文件成功
2017-02-28T05:35:58: 读取文件成功
2017-02-28T05:36:02: 读取文件成功
2017-02-28T05:36:12: 读取文件成功
2017-02-28T05:36:21: 读取文件成功
2017-02-28T05:36:21: 读取文件成功
2017-02-28T05:36:22: 读取文件成功
2017-02-28T05:36:32: 读取文件成功
2017-02-28T05:36:42: 读取文件成功
2017-02-28T05:36:52: 读取文件成功
2017-02-28T05:37:02: 读取文件成功
2017-02-28T05:37:12: 读取文件成功
2017-02-28T05:37:22: 读取文件成功
2017-02-28T05:37:32: 读取文件成功
2017-02-28T05:37:42: 读取文件成功
2017-02-28T05:37:52: 读取文件成功
2017-02-28T05:38:02: 读取文件成功
2017-02-28T05:38:12: 读取文件成功
2017-02-28T05:38:22: 读取文件成功
2017-02-28T05:38:32: 读取文件成功
2017-02-28T05:38:42: 读取文件成功
2017-02-28T05:38:52: 读取文件成功
2017-02-28T05:39:02: 读取文件成功
2017-02-28T05:39:12: 读取文件成功
2017-02-28T05:39:22: 读取文件成功
2017-02-28T05:39:32: 读取文件成功
2017-02-28T05:39:42: 读取文件成功
2017-02-28T05:39:52: 读取文件成功
2017-02-28T05:40:02: 读取文件成功
2017-02-28T05:40:12: 读取文件成功
2017-02-28T05:40:22: 读取文件成功
2017-02-28T05:40:33: 读取文件成功
2017-02-28T05:40:42: 读取文件成功
2017-02-28T05:40:52: 读取文件成功
2017-02-28T05:41:03: 读取文件成功
2017-02-28T05:41:13: 读取文件成功
2017-02-28T05:41:23: 读取文件成功
2017-02-28T05:41:33: 读取文件成功
2017-02-28T05:42:07: 读取文件成功
2017-02-28T05:42:21: 读取文件成功
2017-02-28T05:42:43: 读取文件成功
2017-02-28T05:42:47: 读取文件成功
2017-02-28T05:43:14: 读取文件成功
2017-02-28T05:43:49: 读取文件成功
2017-02-28T05:43:50: 读取文件成功
2017-02-28T05:43:50: 读取文件成功
2017-02-28T05:43:51: 读取文件成功
2017-02-28T05:43:53: 读取文件成功
2017-02-28T05:45:05: 读取文件成功
2017-02-28T05:45:43: 读取文件成功
2017-02-28T05:45:50: 读取文件成功
2017-02-28T05:45:53: 读取文件成功
2017-02-28T05:45:53: 读取文件成功
2017-02-28T05:46:03: 读取文件成功
2017-02-28T05:46:46: 读取文件成功
2017-02-28T05:46:53: 读取文件成功
2017-02-28T05:46:54: 读取文件成功
2017-02-28T05:47:16: 读取文件成功
2017-02-28T05:47:16: 读取文件成功
2017-02-28T05:47:39: 读取文件成功
2017-02-28T05:47:58: 读取文件成功
2017-02-28T05:47:59: 读取文件成功
2017-02-28T05:48:00: 读取文件成功
2017-02-28T05:48:02: 读取文件成功
2017-02-28T05:48:03: 读取文件成功
2017-02-28T05:48:13: 读取文件成功
2017-02-28T05:48:23: 读取文件成功
2017-02-28T05:48:33: 读取文件成功
2017-02-28T05:48:43: 读取文件成功
2017-02-28T05:48:53: 读取文件成功
2017-02-28T05:49:03: 读取文件成功
2017-02-28T05:49:13: 读取文件成功
2017-02-28T05:49:23: 读取文件成功
2017-02-28T05:49:33: 读取文件成功
2017-02-28T05:49:43: 读取文件成功
2017-02-28T05:49:53: 读取文件成功
2017-02-28T05:50:03: 读取文件成功
2017-02-28T05:50:13: 读取文件成功
2017-02-28T05:50:23: 读取文件成功
2017-02-28T05:50:33: 读取文件成功
2017-02-28T05:50:43: 读取文件成功
2017-02-28T05:50:53: 读取文件成功
2017-02-28T05:51:03: 读取文件成功
2017-02-28T05:51:13: 读取文件成功
2017-02-28T05:51:23: 读取文件成功
2017-02-28T05:51:33: 读取文件成功
2017-02-28T05:51:43: 读取文件成功
2017-02-28T05:51:53: 读取文件成功
2017-02-28T05:52:03: 读取文件成功
2017-02-28T05:52:13: 读取文件成功
2017-02-28T05:52:23: 读取文件成功
2017-02-28T05:52:33: 读取文件成功
2017-02-28T05:52:43: 读取文件成功
2017-02-28T05:52:53: 读取文件成功
2017-02-28T05:53:03: 读取文件成功
2017-02-28T05:53:13: 读取文件成功
2017-02-28T05:53:23: 读取文件成功
2017-02-28T05:53:33: 读取文件成功
2017-02-28T05:53:43: 读取文件成功
2017-02-28T05:53:53: 读取文件成功
2017-02-28T05:54:03: 读取文件成功
2017-02-28T05:54:13: 读取文件成功
2017-02-28T05:54:23: 读取文件成功
2017-02-28T05:54:33: 读取文件成功
2017-02-28T05:54:43: 读取文件成功
2017-02-28T05:54:53: 读取文件成功
2017-02-28T05:55:03: 读取文件成功
2017-02-28T05:55:29: 读取文件成功
2017-02-28T05:56:01: 读取文件成功
2017-02-28T05:56:06: 读取文件成功
2017-02-28T05:56:08: 读取文件成功
2017-02-28T05:57:06: 读取文件成功
2017-02-28T05:57:30: 读取文件成功
2017-02-28T05:57:59: 读取文件成功
2017-02-28T05:58:23: 读取文件成功
2017-02-28T05:58:24: 读取文件成功
2017-02-28T05:58:24: 读取文件成功
2017-02-28T05:58:25: 读取文件成功
2017-02-28T05:58:27: 读取文件成功
2017-02-28T05:58:35: 读取文件成功
2017-02-28T05:58:46: 读取文件成功
2017-02-28T05:58:53: 读取文件成功
2017-02-28T05:59:06: 读取文件成功
2017-02-28T05:59:10: 读取文件成功
2017-02-28T05:59:18: 读取文件成功
2017-02-28T05:59:26: 读取文件成功
2017-02-28T05:59:35: 读取文件成功
2017-02-28T05:59:46: 读取文件成功
2017-02-28T05:59:54: 读取文件成功
2017-02-28T06:00:04: 读取文件成功
2017-02-28T06:00:14: 读取文件成功
2017-02-28T06:00:24: 读取文件成功
2017-02-28T06:00:34: 读取文件成功
2017-02-28T06:00:44: 读取文件成功
2017-02-28T06:00:54: 读取文件成功
2017-02-28T06:01:04: 读取文件成功
2017-02-28T06:01:14: 读取文件成功
2017-02-28T06:01:24: 读取文件成功
2017-02-28T06:01:34: 读取文件成功
2017-02-28T06:01:44: 读取文件成功
2017-02-28T06:01:54: 读取文件成功
2017-02-28T06:02:04: 读取文件成功
2017-02-28T06:02:15: 读取文件成功
2017-02-28T06:02:24: 读取文件成功
2017-02-28T06:02:34: 读取文件成功
2017-02-28T06:02:44: 读取文件成功
2017-02-28T06:02:54: 读取文件成功
2017-02-28T06:03:04: 读取文件成功
2017-02-28T06:03:14: 读取文件成功
2017-02-28T06:03:24: 读取文件成功
2017-02-28T06:03:34: 读取文件成功
2017-02-28T06:03:44: 读取文件成功
2017-02-28T06:03:54: 读取文件成功
2017-02-28T06:04:04: 读取文件成功
2017-02-28T06:04:14: 读取文件成功
2017-02-28T06:04:24: 读取文件成功
2017-02-28T06:04:34: 读取文件成功
2017-02-28T06:04:45: 读取文件成功
2017-02-28T06:04:55: 读取文件成功
2017-02-28T06:05:04: 读取文件成功
2017-02-28T06:05:15: 读取文件成功
2017-02-28T06:05:25: 读取文件成功
2017-02-28T06:05:35: 读取文件成功
2017-02-28T06:05:45: 读取文件成功
2017-02-28T06:05:55: 读取文件成功
2017-02-28T06:06:05: 读取文件成功
2017-02-28T06:06:15: 读取文件成功
2017-02-28T06:06:25: 读取文件成功
2017-02-28T06:06:35: 读取文件成功
2017-02-28T06:06:45: 读取文件成功
2017-02-28T06:06:55: 读取文件成功
2017-02-28T06:07:05: 读取文件成功
2017-02-28T06:07:15: 读取文件成功
2017-02-28T06:07:25: 读取文件成功
2017-02-28T06:07:35: 读取文件成功
2017-02-28T06:07:45: 读取文件成功
2017-02-28T06:07:55: 读取文件成功
2017-02-28T06:08:05: 读取文件成功
2017-02-28T06:08:15: 读取文件成功
2017-02-28T06:08:25: 读取文件成功
2017-02-28T06:09:32: 读取文件成功
2017-02-28T06:11:46: 读取文件成功
2017-02-28T06:11:49: 读取文件成功
2017-02-28T06:11:49: 读取文件成功
2017-02-28T06:11:50: 读取文件成功
2017-02-28T06:11:52: 读取文件成功
2017-02-28T06:11:52: 读取文件成功
2017-02-28T06:11:55: 读取文件成功
2017-02-28T06:12:02: 读取文件成功
2017-02-28T06:12:05: 读取文件成功
2017-02-28T06:12:07: 读取文件成功
2017-02-28T06:12:09: 读取文件成功
2017-02-28T06:12:15: 读取文件成功
2017-02-28T06:12:19: 读取文件成功
2017-02-28T06:12:25: 读取文件成功
2017-02-28T06:12:35: 读取文件成功
2017-02-28T06:12:45: 读取文件成功
2017-02-28T06:12:55: 读取文件成功
2017-02-28T06:13:05: 读取文件成功
2017-02-28T06:13:15: 读取文件成功
2017-02-28T06:13:25: 读取文件成功
2017-02-28T06:13:35: 读取文件成功
2017-02-28T06:13:45: 读取文件成功
2017-02-28T06:13:55: 读取文件成功
2017-02-28T06:14:05: 读取文件成功
2017-02-28T06:14:15: 读取文件成功
2017-02-28T06:14:25: 读取文件成功
2017-02-28T06:14:35: 读取文件成功
2017-02-28T06:14:45: 读取文件成功
2017-02-28T06:14:55: 读取文件成功
2017-02-28T06:15:05: 读取文件成功
2017-02-28T06:15:15: 读取文件成功
2017-02-28T06:15:25: 读取文件成功
2017-02-28T06:15:35: 读取文件成功
2017-02-28T06:15:45: 读取文件成功
2017-02-28T06:15:55: 读取文件成功
2017-02-28T06:16:05: 读取文件成功
2017-02-28T06:16:15: 读取文件成功
2017-02-28T06:16:25: 读取文件成功
2017-02-28T06:16:35: 读取文件成功
2017-02-28T06:16:45: 读取文件成功
2017-02-28T06:16:55: 读取文件成功
2017-02-28T06:17:05: 读取文件成功
2017-02-28T06:17:15: 读取文件成功
2017-02-28T06:17:25: 读取文件成功
2017-02-28T06:17:35: 读取文件成功
2017-02-28T06:17:45: 读取文件成功
2017-02-28T06:17:55: 读取文件成功
2017-02-28T06:18:05: 读取文件成功
2017-02-28T06:18:15: 读取文件成功
2017-02-28T06:18:25: 读取文件成功
2017-02-28T06:18:35: 读取文件成功
2017-02-28T06:18:45: 读取文件成功
2017-02-28T06:18:55: 读取文件成功
2017-02-28T06:19:05: 读取文件成功
2017-02-28T06:19:15: 读取文件成功
2017-02-28T06:19:25: 读取文件成功
2017-02-28T06:19:35: 读取文件成功
2017-02-28T06:19:45: 读取文件成功
2017-02-28T06:19:55: 读取文件成功
2017-02-28T06:20:05: 读取文件成功
2017-02-28T06:20:15: 读取文件成功
2017-02-28T06:20:25: 读取文件成功
2017-02-28T06:20:58: 读取文件成功
2017-02-28T06:21:10: 读取文件成功
2017-02-28T06:21:35: 读取文件成功
2017-02-28T06:21:35: 读取文件成功
2017-02-28T06:21:36: 读取文件成功
2017-02-28T06:21:37: 读取文件成功
2017-02-28T06:22:51: 读取文件成功
2017-02-28T06:23:28: 读取文件成功
2017-02-28T06:23:40: 读取文件成功
2017-02-28T06:23:51: 读取文件成功
2017-02-28T06:24:01: 读取文件成功
2017-02-28T06:24:02: 读取文件成功
2017-02-28T06:24:05: 读取文件成功
2017-02-28T06:24:06: 读取文件成功
2017-02-28T06:24:06: 读取文件成功
2017-02-28T06:24:07: 读取文件成功
2017-02-28T06:24:19: 读取文件成功
2017-02-28T06:24:37: 读取文件成功
2017-02-28T06:25:09: 读取文件成功
2017-02-28T06:25:09: 读取文件成功
2017-02-28T06:25:13: 读取文件成功
2017-02-28T06:25:16: 读取文件成功
2017-02-28T06:25:17: 读取文件成功
2017-02-28T06:25:26: 读取文件成功
2017-02-28T06:25:36: 读取文件成功
2017-02-28T06:25:46: 读取文件成功
2017-02-28T06:25:56: 读取文件成功
2017-02-28T06:26:06: 读取文件成功
2017-02-28T06:26:16: 读取文件成功
2017-02-28T06:26:26: 读取文件成功
2017-02-28T06:26:36: 读取文件成功
2017-02-28T06:26:46: 读取文件成功
2017-02-28T06:26:56: 读取文件成功
2017-02-28T06:27:06: 读取文件成功
2017-02-28T06:27:16: 读取文件成功
2017-02-28T06:27:26: 读取文件成功
2017-02-28T06:27:36: 读取文件成功
2017-02-28T06:27:46: 读取文件成功
2017-02-28T06:27:56: 读取文件成功
2017-02-28T06:28:06: 读取文件成功
2017-02-28T06:28:16: 读取文件成功
2017-02-28T06:28:26: 读取文件成功
2017-02-28T06:28:36: 读取文件成功
2017-02-28T06:28:46: 读取文件成功
2017-02-28T06:28:56: 读取文件成功
2017-02-28T06:29:06: 读取文件成功
2017-02-28T06:29:16: 读取文件成功
2017-02-28T06:29:26: 读取文件成功
2017-02-28T06:29:36: 读取文件成功
2017-02-28T06:29:46: 读取文件成功
2017-02-28T06:29:56: 读取文件成功
2017-02-28T06:30:06: 读取文件成功
2017-02-28T06:30:16: 读取文件成功
2017-02-28T06:30:26: 读取文件成功
2017-02-28T06:30:36: 读取文件成功
2017-02-28T06:30:46: 读取文件成功
2017-02-28T06:30:56: 读取文件成功
2017-02-28T06:31:06: 读取文件成功
2017-02-28T06:31:16: 读取文件成功
2017-02-28T06:31:26: 读取文件成功
2017-02-28T06:31:36: 读取文件成功
2017-02-28T06:31:46: 读取文件成功
2017-02-28T06:31:56: 读取文件成功
2017-02-28T06:32:06: 读取文件成功
2017-02-28T06:32:16: 读取文件成功
2017-02-28T06:32:26: 读取文件成功
2017-02-28T06:32:51: 读取文件成功
2017-02-28T06:33:08: 读取文件成功
2017-02-28T06:33:23: 读取文件成功
2017-02-28T06:33:31: 读取文件成功
2017-02-28T06:33:32: 读取文件成功
2017-02-28T06:33:46: 读取文件成功
2017-02-28T06:33:46: 读取文件成功
2017-02-28T06:34:16: 读取文件成功
2017-02-28T06:34:31: 读取文件成功
2017-02-28T06:34:36: 读取文件成功
2017-02-28T06:34:36: 读取文件成功
2017-02-28T06:34:58: 读取文件成功
2017-02-28T06:35:09: 读取文件成功
2017-02-28T06:35:50: 读取文件成功
2017-02-28T06:36:20: 读取文件成功
2017-02-28T06:36:21: 读取文件成功
2017-02-28T06:36:23: 读取文件成功
2017-02-28T06:36:43: 读取文件成功
2017-02-28T06:37:26: 读取文件成功
2017-02-28T06:37:26: 读取文件成功
2017-02-28T06:37:27: 读取文件成功
2017-02-28T06:38:09: 读取文件成功
2017-02-28T06:38:09: 读取文件成功
2017-02-28T06:38:34: 读取文件成功
2017-02-28T06:38:35: 读取文件成功
2017-02-28T06:38:36: 读取文件成功
2017-02-28T06:38:46: 读取文件成功
2017-02-28T06:38:47: 读取文件成功
2017-02-28T06:38:56: 读取文件成功
2017-02-28T06:39:06: 读取文件成功
2017-02-28T06:39:16: 读取文件成功
2017-02-28T06:39:27: 读取文件成功
2017-02-28T06:39:36: 读取文件成功
2017-02-28T06:39:46: 读取文件成功
2017-02-28T06:39:56: 读取文件成功
2017-02-28T06:40:07: 读取文件成功
2017-02-28T06:40:17: 读取文件成功
2017-02-28T06:40:27: 读取文件成功
2017-02-28T06:40:37: 读取文件成功
2017-02-28T06:40:47: 读取文件成功
2017-02-28T06:40:57: 读取文件成功
2017-02-28T06:41:07: 读取文件成功
2017-02-28T06:41:17: 读取文件成功
2017-02-28T06:41:27: 读取文件成功
2017-02-28T06:41:37: 读取文件成功
2017-02-28T06:41:47: 读取文件成功
2017-02-28T06:41:57: 读取文件成功
2017-02-28T06:42:07: 读取文件成功
2017-02-28T06:42:17: 读取文件成功
2017-02-28T06:42:27: 读取文件成功
2017-02-28T06:42:37: 读取文件成功
2017-02-28T06:42:47: 读取文件成功
2017-02-28T06:42:57: 读取文件成功
2017-02-28T06:43:07: 读取文件成功
2017-02-28T06:43:17: 读取文件成功
2017-02-28T06:43:27: 读取文件成功
2017-02-28T06:43:37: 读取文件成功
2017-02-28T06:43:47: 读取文件成功
2017-02-28T06:43:57: 读取文件成功
2017-02-28T06:44:07: 读取文件成功
2017-02-28T06:44:17: 读取文件成功
2017-02-28T06:45:16: 读取文件成功
2017-02-28T06:45:19: 读取文件成功
2017-02-28T06:45:20: 读取文件成功
2017-02-28T06:45:27: 读取文件成功
2017-02-28T06:45:27: 读取文件成功
2017-02-28T06:45:27: 读取文件成功
2017-02-28T06:46:00: 读取文件成功
2017-02-28T06:46:32: 读取文件成功
2017-02-28T06:46:33: 读取文件成功
2017-02-28T06:46:33: 读取文件成功
2017-02-28T06:46:36: 读取文件成功
2017-02-28T06:46:42: 读取文件成功
2017-02-28T06:46:53: 读取文件成功
2017-02-28T06:46:58: 读取文件成功
2017-02-28T06:47:02: 读取文件成功
2017-02-28T06:47:18: 读取文件成功
2017-02-28T06:47:21: 读取文件成功
2017-02-28T06:47:37: 读取文件成功
2017-02-28T06:47:37: 读取文件成功
2017-02-28T06:47:47: 读取文件成功
2017-02-28T06:47:57: 读取文件成功
2017-02-28T06:48:07: 读取文件成功
2017-02-28T06:48:17: 读取文件成功
2017-02-28T06:48:27: 读取文件成功
2017-02-28T06:48:37: 读取文件成功
2017-02-28T06:49:00: 读取文件成功
2017-02-28T06:49:44: 读取文件成功
2017-02-28T06:49:47: 读取文件成功
2017-02-28T06:49:47: 读取文件成功
2017-02-28T06:50:42: 读取文件成功
2017-02-28T06:50:43: 读取文件成功
2017-02-28T06:50:50: 读取文件成功
2017-02-28T06:50:54: 读取文件成功
2017-02-28T06:51:18: 读取文件成功
2017-02-28T06:51:34: 读取文件成功
2017-02-28T06:51:51: 读取文件成功
2017-02-28T06:51:57: 读取文件成功
2017-02-28T06:51:58: 读取文件成功
2017-02-28T06:51:58: 读取文件成功
2017-02-28T06:52:07: 读取文件成功
2017-02-28T06:52:07: 读取文件成功
2017-02-28T06:52:17: 读取文件成功
2017-02-28T06:52:27: 读取文件成功
2017-02-28T06:52:37: 读取文件成功
2017-02-28T06:52:47: 读取文件成功
2017-02-28T06:52:57: 读取文件成功
2017-02-28T06:53:07: 读取文件成功
2017-02-28T06:53:17: 读取文件成功
2017-02-28T06:53:27: 读取文件成功
2017-02-28T06:53:37: 读取文件成功
2017-02-28T06:53:47: 读取文件成功
2017-02-28T06:53:57: 读取文件成功
2017-02-28T06:54:07: 读取文件成功
2017-02-28T06:54:17: 读取文件成功
2017-02-28T06:54:27: 读取文件成功
2017-02-28T06:54:37: 读取文件成功
2017-02-28T06:54:47: 读取文件成功
2017-02-28T06:54:57: 读取文件成功
2017-02-28T06:55:07: 读取文件成功
2017-02-28T06:55:17: 读取文件成功
2017-02-28T06:55:27: 读取文件成功
2017-02-28T06:55:37: 读取文件成功
2017-02-28T06:55:47: 读取文件成功
2017-02-28T06:55:57: 读取文件成功
2017-02-28T06:56:07: 读取文件成功
2017-02-28T06:56:17: 读取文件成功
2017-02-28T06:56:56: 读取文件成功
2017-02-28T06:57:08: 读取文件成功
2017-02-28T06:57:17: 读取文件成功
2017-02-28T06:57:21: 读取文件成功
2017-02-28T06:57:32: 读取文件成功
2017-02-28T06:57:50: 读取文件成功
2017-02-28T06:58:01: 读取文件成功
2017-02-28T06:58:06: 读取文件成功
2017-02-28T06:58:27: 读取文件成功
2017-02-28T06:58:27: 读取文件成功
2017-02-28T06:58:32: 读取文件成功
2017-02-28T06:58:46: 读取文件成功
2017-02-28T06:58:49: 读取文件成功
2017-02-28T06:58:59: 读取文件成功
2017-02-28T06:59:26: 读取文件成功
2017-02-28T06:59:32: 读取文件成功
2017-02-28T06:59:41: 读取文件成功
2017-02-28T06:59:43: 读取文件成功
2017-02-28T06:59:46: 读取文件成功
2017-02-28T06:59:51: 读取文件成功
2017-02-28T07:00:01: 读取文件成功
2017-02-28T07:00:11: 读取文件成功
2017-02-28T07:00:21: 读取文件成功
2017-02-28T07:00:31: 读取文件成功
2017-02-28T07:00:41: 读取文件成功
2017-02-28T07:00:51: 读取文件成功
2017-02-28T07:01:01: 读取文件成功
2017-02-28T07:01:11: 读取文件成功
2017-02-28T07:01:21: 读取文件成功
2017-02-28T07:01:31: 读取文件成功
2017-02-28T07:01:41: 读取文件成功
2017-02-28T07:01:51: 读取文件成功
2017-02-28T07:02:01: 读取文件成功
2017-02-28T07:02:56: 读取文件成功
2017-02-28T07:03:06: 读取文件成功
2017-02-28T07:03:08: 读取文件成功
2017-02-28T07:03:09: 读取文件成功
2017-02-28T07:03:11: 读取文件成功
2017-02-28T07:04:13: 读取文件成功
2017-02-28T07:04:15: 读取文件成功
2017-02-28T07:04:15: 读取文件成功
2017-02-28T07:04:16: 读取文件成功
2017-02-28T07:04:19: 读取文件成功
2017-02-28T07:04:21: 读取文件成功
2017-02-28T07:05:15: 读取文件成功
2017-02-28T07:05:22: 读取文件成功
2017-02-28T07:05:23: 读取文件成功
2017-02-28T07:05:26: 读取文件成功
2017-02-28T07:05:31: 读取文件成功
2017-02-28T07:05:38: 读取文件成功
2017-02-28T07:05:41: 读取文件成功
2017-02-28T07:05:51: 读取文件成功
2017-02-28T07:05:51: 读取文件成功
2017-02-28T07:06:01: 读取文件成功
2017-02-28T07:06:11: 读取文件成功
2017-02-28T07:06:21: 读取文件成功
2017-02-28T07:06:31: 读取文件成功
2017-02-28T07:06:41: 读取文件成功
2017-02-28T07:06:51: 读取文件成功
2017-02-28T07:07:01: 读取文件成功
2017-02-28T07:07:11: 读取文件成功
2017-02-28T07:07:21: 读取文件成功
2017-02-28T07:07:31: 读取文件成功
2017-02-28T07:07:41: 读取文件成功
2017-02-28T07:07:51: 读取文件成功
2017-02-28T07:08:01: 读取文件成功
2017-02-28T07:08:11: 读取文件成功
2017-02-28T07:08:44: 读取文件成功
2017-02-28T07:09:05: 读取文件成功
2017-02-28T07:09:16: 读取文件成功
2017-02-28T07:09:18: 读取文件成功
2017-02-28T07:09:21: 读取文件成功
2017-02-28T07:09:41: 读取文件成功
2017-02-28T07:10:00: 读取文件成功
2017-02-28T07:10:22: 读取文件成功
2017-02-28T07:10:23: 读取文件成功
2017-02-28T07:10:23: 读取文件成功
2017-02-28T07:10:24: 读取文件成功
2017-02-28T07:10:42: 读取文件成功
2017-02-28T07:10:55: 读取文件成功
2017-02-28T07:11:06: 读取文件成功
2017-02-28T07:11:15: 读取文件成功
2017-02-28T07:11:31: 读取文件成功
2017-02-28T07:11:31: 读取文件成功
2017-02-28T07:11:37: 读取文件成功
2017-02-28T07:11:41: 读取文件成功
2017-02-28T07:11:51: 读取文件成功
2017-02-28T07:12:01: 读取文件成功
2017-02-28T07:12:11: 读取文件成功
2017-02-28T07:12:21: 读取文件成功
2017-02-28T07:12:31: 读取文件成功
2017-02-28T07:12:41: 读取文件成功
2017-02-28T07:12:51: 读取文件成功
2017-02-28T07:13:01: 读取文件成功
2017-02-28T07:13:11: 读取文件成功
2017-02-28T07:13:21: 读取文件成功
2017-02-28T07:13:31: 读取文件成功
2017-02-28T07:13:41: 读取文件成功
2017-02-28T07:13:51: 读取文件成功
2017-02-28T07:14:01: 读取文件成功
2017-02-28T07:14:11: 读取文件成功
2017-02-28T07:14:21: 读取文件成功
2017-02-28T07:14:31: 读取文件成功
2017-02-28T07:14:41: 读取文件成功
2017-02-28T07:14:51: 读取文件成功
2017-02-28T07:15:01: 读取文件成功
2017-02-28T07:15:11: 读取文件成功
2017-02-28T07:15:21: 读取文件成功
2017-02-28T07:15:31: 读取文件成功
2017-02-28T07:15:59: 读取文件成功
2017-02-28T07:16:32: 读取文件成功
2017-02-28T07:16:32: 读取文件成功
2017-02-28T07:16:32: 读取文件成功
2017-02-28T07:16:32: 读取文件成功
2017-02-28T07:16:33: 读取文件成功
2017-02-28T07:17:10: 读取文件成功
2017-02-28T07:17:40: 读取文件成功
2017-02-28T07:17:41: 读取文件成功
2017-02-28T07:17:41: 读取文件成功
2017-02-28T07:17:42: 读取文件成功
2017-02-28T07:18:46: 读取文件成功
2017-02-28T07:18:47: 读取文件成功
2017-02-28T07:18:50: 读取文件成功
2017-02-28T07:18:51: 读取文件成功
2017-02-28T07:18:52: 读取文件成功
2017-02-28T07:19:01: 读取文件成功
2017-02-28T07:19:11: 读取文件成功
2017-02-28T07:19:22: 读取文件成功
2017-02-28T07:19:31: 读取文件成功
2017-02-28T07:19:41: 读取文件成功
2017-02-28T07:19:52: 读取文件成功
2017-02-28T07:20:01: 读取文件成功
2017-02-28T07:20:11: 读取文件成功
2017-02-28T07:20:57: 读取文件成功
2017-02-28T07:20:58: 读取文件成功
2017-02-28T07:21:02: 读取文件成功
2017-02-28T07:21:13: 读取文件成功
2017-02-28T07:21:13: 读取文件成功
2017-02-28T07:21:48: 读取文件成功
2017-02-28T07:22:05: 读取文件成功
2017-02-28T07:22:18: 读取文件成功
2017-02-28T07:22:19: 读取文件成功
2017-02-28T07:22:22: 读取文件成功
2017-02-28T07:22:22: 读取文件成功
2017-02-28T07:22:31: 读取文件成功
2017-02-28T07:22:51: 读取文件成功
2017-02-28T07:22:58: 读取文件成功
2017-02-28T07:23:18: 读取文件成功
2017-02-28T07:23:21: 读取文件成功
2017-02-28T07:23:23: 读取文件成功
2017-02-28T07:23:23: 读取文件成功
2017-02-28T07:23:32: 读取文件成功
2017-02-28T07:23:42: 读取文件成功
2017-02-28T07:23:52: 读取文件成功
2017-02-28T07:24:02: 读取文件成功
2017-02-28T07:24:12: 读取文件成功
2017-02-28T07:24:22: 读取文件成功
2017-02-28T07:24:32: 读取文件成功
2017-02-28T07:24:42: 读取文件成功
2017-02-28T07:24:52: 读取文件成功
2017-02-28T07:25:02: 读取文件成功
2017-02-28T07:25:12: 读取文件成功
2017-02-28T07:25:22: 读取文件成功
2017-02-28T07:25:32: 读取文件成功
2017-02-28T07:25:42: 读取文件成功
2017-02-28T07:25:52: 读取文件成功
2017-02-28T07:26:02: 读取文件成功
2017-02-28T07:26:12: 读取文件成功
2017-02-28T07:26:22: 读取文件成功
2017-02-28T07:26:32: 读取文件成功
2017-02-28T07:26:42: 读取文件成功
2017-02-28T07:26:52: 读取文件成功
2017-02-28T07:27:02: 读取文件成功
2017-02-28T07:27:12: 读取文件成功
2017-02-28T07:27:22: 读取文件成功
2017-02-28T07:27:32: 读取文件成功
2017-02-28T07:27:42: 读取文件成功
2017-02-28T07:27:52: 读取文件成功
2017-02-28T07:28:02: 读取文件成功
2017-02-28T07:28:12: 读取文件成功
2017-02-28T07:28:22: 读取文件成功
2017-02-28T07:28:32: 读取文件成功
2017-02-28T07:28:42: 读取文件成功
2017-02-28T07:28:52: 读取文件成功
2017-02-28T07:29:19: 读取文件成功
