2017-10-19T00:00:27: 非记录时间：2017-10-19T00:00:27+08:00
2017-10-19T00:01:27: 非记录时间：2017-10-19T00:01:27+08:00
2017-10-19T00:02:27: 非记录时间：2017-10-19T00:02:27+08:00
2017-10-19T00:03:27: 非记录时间：2017-10-19T00:03:27+08:00
2017-10-19T00:04:28: 非记录时间：2017-10-19T00:04:28+08:00
2017-10-19T00:05:28: 非记录时间：2017-10-19T00:05:28+08:00
2017-10-19T00:06:28: 非记录时间：2017-10-19T00:06:28+08:00
2017-10-19T00:07:28: 非记录时间：2017-10-19T00:07:28+08:00
2017-10-19T00:08:28: 非记录时间：2017-10-19T00:08:28+08:00
2017-10-19T00:09:28: 非记录时间：2017-10-19T00:09:28+08:00
2017-10-19T00:10:28: 非记录时间：2017-10-19T00:10:28+08:00
2017-10-19T00:11:28: 非记录时间：2017-10-19T00:11:28+08:00
2017-10-19T00:12:28: 非记录时间：2017-10-19T00:12:28+08:00
2017-10-19T00:13:28: 非记录时间：2017-10-19T00:13:28+08:00
2017-10-19T00:14:28: 非记录时间：2017-10-19T00:14:28+08:00
2017-10-19T00:15:28: 非记录时间：2017-10-19T00:15:28+08:00
2017-10-19T00:16:28: 非记录时间：2017-10-19T00:16:28+08:00
2017-10-19T00:17:28: 非记录时间：2017-10-19T00:17:28+08:00
2017-10-19T00:18:28: 非记录时间：2017-10-19T00:18:28+08:00
2017-10-19T00:19:28: 非记录时间：2017-10-19T00:19:28+08:00
2017-10-19T00:20:28: 非记录时间：2017-10-19T00:20:28+08:00
2017-10-19T00:21:28: 非记录时间：2017-10-19T00:21:28+08:00
2017-10-19T00:22:28: 非记录时间：2017-10-19T00:22:28+08:00
2017-10-19T00:23:28: 非记录时间：2017-10-19T00:23:28+08:00
2017-10-19T00:24:28: 非记录时间：2017-10-19T00:24:28+08:00
2017-10-19T00:25:28: 非记录时间：2017-10-19T00:25:28+08:00
2017-10-19T00:26:28: 非记录时间：2017-10-19T00:26:28+08:00
2017-10-19T00:27:28: 非记录时间：2017-10-19T00:27:28+08:00
2017-10-19T00:28:28: 非记录时间：2017-10-19T00:28:28+08:00
2017-10-19T00:29:28: 非记录时间：2017-10-19T00:29:28+08:00
2017-10-19T00:30:28: 非记录时间：2017-10-19T00:30:28+08:00
2017-10-19T00:31:28: 非记录时间：2017-10-19T00:31:28+08:00
2017-10-19T00:32:28: 非记录时间：2017-10-19T00:32:28+08:00
2017-10-19T00:33:28: 非记录时间：2017-10-19T00:33:28+08:00
2017-10-19T00:34:28: 非记录时间：2017-10-19T00:34:28+08:00
2017-10-19T00:35:28: 非记录时间：2017-10-19T00:35:28+08:00
2017-10-19T00:36:28: 非记录时间：2017-10-19T00:36:28+08:00
2017-10-19T00:37:28: 非记录时间：2017-10-19T00:37:28+08:00
2017-10-19T00:38:28: 非记录时间：2017-10-19T00:38:28+08:00
2017-10-19T00:39:28: 非记录时间：2017-10-19T00:39:28+08:00
2017-10-19T00:40:28: 非记录时间：2017-10-19T00:40:28+08:00
2017-10-19T00:41:28: 非记录时间：2017-10-19T00:41:28+08:00
2017-10-19T00:42:28: 非记录时间：2017-10-19T00:42:28+08:00
2017-10-19T00:43:28: 非记录时间：2017-10-19T00:43:28+08:00
2017-10-19T00:44:28: 非记录时间：2017-10-19T00:44:28+08:00
2017-10-19T00:45:28: 非记录时间：2017-10-19T00:45:28+08:00
2017-10-19T00:46:28: 非记录时间：2017-10-19T00:46:28+08:00
2017-10-19T00:47:28: 非记录时间：2017-10-19T00:47:28+08:00
2017-10-19T00:48:28: 非记录时间：2017-10-19T00:48:28+08:00
2017-10-19T00:49:28: 非记录时间：2017-10-19T00:49:28+08:00
2017-10-19T00:50:28: 非记录时间：2017-10-19T00:50:28+08:00
2017-10-19T00:51:28: 非记录时间：2017-10-19T00:51:28+08:00
2017-10-19T00:52:28: 非记录时间：2017-10-19T00:52:28+08:00
2017-10-19T00:53:28: 非记录时间：2017-10-19T00:53:28+08:00
2017-10-19T00:54:28: 非记录时间：2017-10-19T00:54:28+08:00
2017-10-19T00:55:28: 非记录时间：2017-10-19T00:55:28+08:00
2017-10-19T00:56:28: 非记录时间：2017-10-19T00:56:28+08:00
2017-10-19T00:57:28: 非记录时间：2017-10-19T00:57:28+08:00
2017-10-19T00:58:28: 非记录时间：2017-10-19T00:58:28+08:00
2017-10-19T00:59:28: 非记录时间：2017-10-19T00:59:28+08:00
2017-10-19T01:00:28: 非记录时间：2017-10-19T01:00:28+08:00
2017-10-19T01:01:28: 非记录时间：2017-10-19T01:01:28+08:00
2017-10-19T01:02:28: 非记录时间：2017-10-19T01:02:28+08:00
2017-10-19T01:03:28: 非记录时间：2017-10-19T01:03:28+08:00
2017-10-19T01:04:28: 非记录时间：2017-10-19T01:04:28+08:00
2017-10-19T01:05:28: 非记录时间：2017-10-19T01:05:28+08:00
2017-10-19T01:06:28: 非记录时间：2017-10-19T01:06:28+08:00
2017-10-19T01:07:28: 非记录时间：2017-10-19T01:07:28+08:00
2017-10-19T01:08:28: 非记录时间：2017-10-19T01:08:28+08:00
2017-10-19T01:09:28: 非记录时间：2017-10-19T01:09:28+08:00
2017-10-19T01:10:28: 非记录时间：2017-10-19T01:10:28+08:00
2017-10-19T01:11:28: 读取文件失败，可能是该文件不存在
2017-10-19T01:11:28: Error: ENOENT: no such file or directory, open './data/2017-10-19.json'
2017-10-19T01:12:28: 读取文件成功
2017-10-19T01:13:28: 读取文件成功
2017-10-19T01:14:28: 读取文件成功
2017-10-19T01:15:28: 读取文件成功
2017-10-19T01:16:28: 读取文件成功
2017-10-19T01:17:28: 读取文件成功
2017-10-19T01:18:28: 读取文件成功
2017-10-19T01:19:28: 读取文件成功
2017-10-19T01:20:28: 读取文件成功
2017-10-19T01:21:28: 读取文件成功
2017-10-19T01:22:28: 读取文件成功
2017-10-19T01:23:28: 读取文件成功
2017-10-19T01:24:28: 读取文件成功
2017-10-19T01:25:28: 读取文件成功
2017-10-19T01:26:28: 读取文件成功
2017-10-19T01:27:28: 读取文件成功
2017-10-19T01:28:28: 读取文件成功
2017-10-19T01:29:28: 读取文件成功
2017-10-19T01:30:28: 读取文件成功
2017-10-19T01:31:28: 读取文件成功
2017-10-19T01:32:28: 读取文件成功
2017-10-19T01:33:28: 读取文件成功
2017-10-19T01:34:28: 读取文件成功
2017-10-19T01:35:28: 读取文件成功
2017-10-19T01:36:28: 读取文件成功
2017-10-19T01:37:28: 读取文件成功
2017-10-19T01:38:28: 读取文件成功
2017-10-19T01:39:28: 读取文件成功
2017-10-19T01:40:28: 读取文件成功
2017-10-19T01:41:28: 读取文件成功
2017-10-19T01:42:28: 读取文件成功
2017-10-19T01:43:28: 读取文件成功
2017-10-19T01:44:28: 读取文件成功
2017-10-19T01:45:28: 读取文件成功
2017-10-19T01:46:28: 读取文件成功
2017-10-19T01:47:29: 读取文件成功
2017-10-19T01:48:28: 读取文件成功
2017-10-19T01:49:28: 读取文件成功
2017-10-19T01:50:28: 读取文件成功
2017-10-19T01:51:29: 读取文件成功
2017-10-19T01:52:28: 读取文件成功
2017-10-19T01:53:29: 读取文件成功
2017-10-19T01:54:29: 读取文件成功
2017-10-19T01:55:29: 读取文件成功
2017-10-19T01:56:29: 读取文件成功
2017-10-19T01:57:29: 读取文件成功
2017-10-19T01:58:29: 读取文件成功
2017-10-19T01:59:29: 读取文件成功
2017-10-19T02:00:29: 读取文件成功
2017-10-19T02:01:29: 读取文件成功
2017-10-19T02:02:29: 读取文件成功
2017-10-19T02:03:29: 读取文件成功
2017-10-19T02:04:29: 读取文件成功
2017-10-19T02:05:29: 读取文件成功
2017-10-19T02:06:29: 读取文件成功
2017-10-19T02:07:29: 读取文件成功
2017-10-19T02:08:29: 读取文件成功
2017-10-19T02:09:29: 读取文件成功
2017-10-19T02:10:29: 读取文件成功
2017-10-19T02:11:29: 读取文件成功
2017-10-19T02:12:29: 读取文件成功
2017-10-19T02:13:29: 读取文件成功
2017-10-19T02:14:29: 读取文件成功
2017-10-19T02:15:29: 读取文件成功
2017-10-19T02:16:29: 读取文件成功
2017-10-19T02:17:29: 读取文件成功
2017-10-19T02:18:29: 读取文件成功
2017-10-19T02:19:29: 读取文件成功
2017-10-19T02:20:29: 读取文件成功
2017-10-19T02:21:29: 读取文件成功
2017-10-19T02:22:29: 读取文件成功
2017-10-19T02:23:29: 读取文件成功
2017-10-19T02:24:29: 读取文件成功
2017-10-19T02:25:29: 读取文件成功
2017-10-19T02:26:29: 读取文件成功
2017-10-19T02:27:29: 读取文件成功
2017-10-19T02:28:29: 读取文件成功
2017-10-19T02:29:29: 读取文件成功
2017-10-19T02:30:29: 读取文件成功
2017-10-19T02:31:29: 读取文件成功
2017-10-19T02:32:29: 读取文件成功
2017-10-19T02:33:29: 读取文件成功
2017-10-19T02:34:29: 读取文件成功
2017-10-19T02:35:29: 读取文件成功
2017-10-19T02:36:29: 读取文件成功
2017-10-19T02:37:29: 读取文件成功
2017-10-19T02:38:29: 读取文件成功
2017-10-19T02:39:29: 读取文件成功
2017-10-19T02:40:29: 读取文件成功
2017-10-19T02:41:29: 读取文件成功
2017-10-19T02:42:29: 读取文件成功
2017-10-19T02:43:29: 读取文件成功
2017-10-19T02:44:29: 读取文件成功
2017-10-19T02:45:29: 读取文件成功
2017-10-19T02:46:29: 读取文件成功
2017-10-19T02:47:29: 读取文件成功
2017-10-19T02:48:29: 读取文件成功
2017-10-19T02:49:29: 读取文件成功
2017-10-19T02:50:29: 读取文件成功
2017-10-19T02:51:29: 读取文件成功
2017-10-19T02:52:29: 读取文件成功
2017-10-19T02:53:29: 读取文件成功
2017-10-19T02:54:29: 读取文件成功
2017-10-19T02:55:29: 读取文件成功
2017-10-19T02:56:29: 读取文件成功
2017-10-19T02:57:29: 读取文件成功
2017-10-19T02:58:29: 读取文件成功
2017-10-19T02:59:29: 读取文件成功
2017-10-19T03:00:29: 读取文件成功
2017-10-19T03:01:29: 读取文件成功
2017-10-19T03:02:29: 读取文件成功
2017-10-19T03:03:29: 读取文件成功
2017-10-19T03:04:29: 读取文件成功
2017-10-19T03:05:29: 读取文件成功
2017-10-19T03:06:29: 读取文件成功
2017-10-19T03:07:29: 读取文件成功
2017-10-19T03:08:29: 读取文件成功
2017-10-19T03:09:29: 读取文件成功
2017-10-19T03:10:29: 读取文件成功
2017-10-19T03:11:29: 读取文件成功
2017-10-19T03:12:29: 读取文件成功
2017-10-19T03:13:29: 读取文件成功
2017-10-19T03:14:29: 读取文件成功
2017-10-19T03:15:29: 读取文件成功
2017-10-19T03:16:29: 读取文件成功
2017-10-19T03:17:29: 读取文件成功
2017-10-19T03:18:29: 读取文件成功
2017-10-19T03:19:29: 读取文件成功
2017-10-19T03:20:29: 读取文件成功
2017-10-19T03:21:29: 读取文件成功
2017-10-19T03:22:30: 读取文件成功
2017-10-19T03:23:29: 读取文件成功
2017-10-19T03:24:29: 读取文件成功
2017-10-19T03:25:29: 读取文件成功
2017-10-19T03:26:29: 读取文件成功
2017-10-19T03:27:29: 读取文件成功
2017-10-19T03:28:30: 读取文件成功
2017-10-19T03:29:30: 读取文件成功
2017-10-19T03:30:29: 读取文件成功
2017-10-19T03:31:29: 读取文件成功
2017-10-19T03:32:30: 读取文件成功
2017-10-19T03:33:30: 读取文件成功
2017-10-19T03:34:30: 读取文件成功
2017-10-19T03:35:30: 读取文件成功
2017-10-19T03:36:30: 读取文件成功
2017-10-19T03:37:30: 读取文件成功
2017-10-19T03:38:30: 读取文件成功
2017-10-19T03:39:30: 读取文件成功
2017-10-19T03:40:30: 读取文件成功
2017-10-19T03:41:30: 读取文件成功
2017-10-19T03:42:30: 读取文件成功
2017-10-19T03:43:30: 读取文件成功
2017-10-19T03:44:30: 读取文件成功
2017-10-19T03:45:30: 读取文件成功
2017-10-19T03:46:30: 读取文件成功
2017-10-19T03:47:30: 读取文件成功
2017-10-19T03:48:30: 读取文件成功
2017-10-19T03:49:30: 读取文件成功
2017-10-19T03:50:30: 读取文件成功
2017-10-19T03:51:30: 读取文件成功
2017-10-19T03:52:30: 读取文件成功
2017-10-19T03:53:30: 读取文件成功
2017-10-19T03:54:30: 读取文件成功
2017-10-19T03:55:30: 读取文件成功
2017-10-19T03:56:30: 读取文件成功
2017-10-19T03:57:30: 读取文件成功
2017-10-19T03:58:30: 读取文件成功
2017-10-19T03:59:30: 读取文件成功
2017-10-19T04:00:30: 读取文件成功
2017-10-19T04:01:30: 读取文件成功
2017-10-19T04:02:30: 读取文件成功
2017-10-19T04:03:30: 读取文件成功
2017-10-19T04:04:30: 读取文件成功
2017-10-19T04:05:30: 读取文件成功
2017-10-19T04:06:30: 读取文件成功
2017-10-19T04:07:30: 读取文件成功
2017-10-19T04:08:30: 读取文件成功
2017-10-19T04:09:30: 读取文件成功
2017-10-19T04:10:30: 读取文件成功
2017-10-19T04:11:30: 读取文件成功
2017-10-19T04:12:30: 读取文件成功
2017-10-19T04:13:30: 读取文件成功
2017-10-19T04:14:30: 读取文件成功
2017-10-19T04:15:30: 读取文件成功
2017-10-19T04:16:30: 读取文件成功
2017-10-19T04:17:30: 读取文件成功
2017-10-19T04:18:30: 读取文件成功
2017-10-19T04:19:30: 读取文件成功
2017-10-19T04:20:30: 读取文件成功
2017-10-19T04:21:30: 读取文件成功
2017-10-19T04:22:30: 读取文件成功
2017-10-19T04:23:31: 读取文件成功
2017-10-19T04:24:30: 读取文件成功
2017-10-19T04:25:30: 读取文件成功
2017-10-19T04:26:30: 读取文件成功
2017-10-19T04:27:30: 读取文件成功
2017-10-19T04:28:30: 读取文件成功
2017-10-19T04:29:30: 读取文件成功
2017-10-19T04:30:30: 读取文件成功
2017-10-19T04:31:30: 读取文件成功
2017-10-19T04:32:30: 读取文件成功
2017-10-19T04:33:30: 读取文件成功
2017-10-19T04:34:30: 读取文件成功
2017-10-19T04:35:30: 读取文件成功
2017-10-19T04:36:30: 读取文件成功
2017-10-19T04:37:30: 读取文件成功
2017-10-19T04:38:30: 读取文件成功
2017-10-19T04:39:30: 读取文件成功
2017-10-19T04:40:30: 读取文件成功
2017-10-19T04:41:30: 读取文件成功
2017-10-19T04:42:30: 读取文件成功
2017-10-19T04:43:30: 读取文件成功
2017-10-19T04:44:30: 读取文件成功
2017-10-19T04:45:30: 读取文件成功
2017-10-19T04:46:30: 读取文件成功
2017-10-19T04:47:30: 读取文件成功
2017-10-19T04:48:30: 读取文件成功
2017-10-19T04:49:30: 读取文件成功
2017-10-19T04:50:30: 读取文件成功
2017-10-19T04:51:30: 读取文件成功
2017-10-19T04:52:31: 读取文件成功
2017-10-19T04:53:30: 读取文件成功
2017-10-19T04:54:30: 读取文件成功
2017-10-19T04:55:30: 读取文件成功
2017-10-19T04:56:30: 读取文件成功
2017-10-19T04:57:30: 读取文件成功
2017-10-19T04:58:31: 读取文件成功
2017-10-19T04:59:30: 读取文件成功
2017-10-19T05:00:30: 读取文件成功
2017-10-19T05:01:30: 读取文件成功
2017-10-19T05:02:30: 读取文件成功
2017-10-19T05:03:30: 读取文件成功
2017-10-19T05:04:31: 读取文件成功
2017-10-19T05:05:31: 读取文件成功
2017-10-19T05:06:31: 读取文件成功
2017-10-19T05:07:31: 读取文件成功
2017-10-19T05:08:31: 读取文件成功
2017-10-19T05:09:31: 读取文件成功
2017-10-19T05:10:31: 读取文件成功
2017-10-19T05:11:31: 读取文件成功
2017-10-19T05:12:31: 读取文件成功
2017-10-19T05:13:31: 读取文件成功
2017-10-19T05:14:31: 读取文件成功
2017-10-19T05:15:31: 读取文件成功
2017-10-19T05:16:31: 读取文件成功
2017-10-19T05:17:31: 读取文件成功
2017-10-19T05:18:31: 读取文件成功
2017-10-19T05:19:31: 读取文件成功
2017-10-19T05:20:31: 读取文件成功
2017-10-19T05:21:31: 读取文件成功
2017-10-19T05:22:31: 读取文件成功
2017-10-19T05:23:31: 读取文件成功
2017-10-19T05:24:31: 读取文件成功
2017-10-19T05:25:31: 读取文件成功
2017-10-19T05:26:31: 读取文件成功
2017-10-19T05:27:31: 读取文件成功
2017-10-19T05:28:31: 读取文件成功
2017-10-19T05:29:31: 读取文件成功
2017-10-19T05:30:31: 读取文件成功
2017-10-19T05:31:31: 读取文件成功
2017-10-19T05:32:31: 读取文件成功
2017-10-19T05:33:31: 读取文件成功
2017-10-19T05:34:31: 读取文件成功
2017-10-19T05:35:31: 读取文件成功
2017-10-19T05:36:31: 读取文件成功
2017-10-19T05:37:31: 读取文件成功
2017-10-19T05:38:31: 读取文件成功
2017-10-19T05:39:31: 读取文件成功
2017-10-19T05:40:31: 读取文件成功
2017-10-19T05:41:31: 读取文件成功
2017-10-19T05:42:31: 读取文件成功
2017-10-19T05:43:31: 读取文件成功
2017-10-19T05:44:31: 读取文件成功
2017-10-19T05:45:31: 读取文件成功
2017-10-19T05:46:31: 读取文件成功
2017-10-19T05:47:31: 读取文件成功
2017-10-19T05:48:31: 读取文件成功
2017-10-19T05:49:31: 读取文件成功
2017-10-19T05:50:31: 读取文件成功
2017-10-19T05:51:31: 读取文件成功
2017-10-19T05:52:31: 读取文件成功
2017-10-19T05:53:31: 读取文件成功
2017-10-19T05:54:31: 读取文件成功
2017-10-19T05:55:31: 读取文件成功
2017-10-19T05:56:31: 读取文件成功
2017-10-19T05:57:31: 读取文件成功
2017-10-19T05:58:31: 读取文件成功
2017-10-19T05:59:31: 读取文件成功
2017-10-19T06:00:31: 读取文件成功
2017-10-19T06:01:31: 读取文件成功
2017-10-19T06:02:31: 读取文件成功
2017-10-19T06:03:31: 读取文件成功
2017-10-19T06:04:31: 读取文件成功
2017-10-19T06:05:31: 读取文件成功
2017-10-19T06:06:31: 读取文件成功
2017-10-19T06:07:31: 读取文件成功
2017-10-19T06:08:31: 读取文件成功
2017-10-19T06:09:31: 读取文件成功
2017-10-19T06:10:31: 读取文件成功
2017-10-19T06:11:31: 读取文件成功
2017-10-19T06:12:31: 读取文件成功
2017-10-19T06:13:31: 读取文件成功
2017-10-19T06:14:31: 读取文件成功
2017-10-19T06:15:31: 读取文件成功
2017-10-19T06:16:31: 读取文件成功
2017-10-19T06:17:31: 读取文件成功
2017-10-19T06:18:31: 读取文件成功
2017-10-19T06:19:31: 读取文件成功
2017-10-19T06:20:31: 读取文件成功
2017-10-19T06:21:31: 读取文件成功
2017-10-19T06:22:31: 读取文件成功
2017-10-19T06:23:31: 读取文件成功
2017-10-19T06:24:31: 读取文件成功
2017-10-19T06:25:31: 读取文件成功
2017-10-19T06:26:31: 读取文件成功
2017-10-19T06:27:31: 读取文件成功
2017-10-19T06:28:31: 读取文件成功
2017-10-19T06:29:31: 读取文件成功
2017-10-19T06:30:31: 读取文件成功
2017-10-19T06:31:31: 读取文件成功
2017-10-19T06:32:31: 读取文件成功
2017-10-19T06:33:32: 读取文件成功
2017-10-19T06:34:31: 读取文件成功
2017-10-19T06:35:31: 读取文件成功
2017-10-19T06:36:31: 读取文件成功
2017-10-19T06:37:31: 读取文件成功
2017-10-19T06:38:31: 读取文件成功
2017-10-19T06:39:32: 读取文件成功
2017-10-19T06:40:31: 读取文件成功
2017-10-19T06:41:32: 读取文件成功
2017-10-19T06:42:32: 读取文件成功
2017-10-19T06:43:32: 读取文件成功
2017-10-19T06:44:32: 读取文件成功
2017-10-19T06:45:32: 读取文件成功
2017-10-19T06:46:32: 读取文件成功
2017-10-19T06:47:32: 读取文件成功
2017-10-19T06:48:32: 读取文件成功
2017-10-19T06:49:32: 读取文件成功
2017-10-19T06:50:32: 读取文件成功
2017-10-19T06:51:32: 读取文件成功
2017-10-19T06:52:32: 读取文件成功
2017-10-19T06:53:32: 读取文件成功
2017-10-19T06:54:32: 读取文件成功
2017-10-19T06:55:32: 读取文件成功
2017-10-19T06:56:32: 读取文件成功
2017-10-19T06:57:32: 读取文件成功
2017-10-19T06:58:32: 读取文件成功
2017-10-19T06:59:32: 读取文件成功
2017-10-19T07:00:32: 读取文件成功
2017-10-19T07:01:32: 读取文件成功
2017-10-19T07:02:32: 读取文件成功
2017-10-19T07:03:32: 读取文件成功
2017-10-19T07:04:32: 读取文件成功
2017-10-19T07:05:32: 读取文件成功
2017-10-19T07:06:32: 读取文件成功
2017-10-19T07:07:32: 读取文件成功
2017-10-19T07:08:32: 读取文件成功
2017-10-19T07:09:32: 读取文件成功
2017-10-19T07:10:32: 读取文件成功
2017-10-19T07:11:32: 读取文件成功
2017-10-19T07:12:32: 读取文件成功
2017-10-19T07:13:32: 读取文件成功
2017-10-19T07:14:32: 读取文件成功
2017-10-19T07:15:32: 读取文件成功
2017-10-19T07:16:32: 读取文件成功
2017-10-19T07:17:32: 读取文件成功
2017-10-19T07:18:32: 读取文件成功
2017-10-19T07:19:32: 读取文件成功
2017-10-19T07:20:32: 读取文件成功
2017-10-19T07:21:32: 读取文件成功
2017-10-19T07:22:32: 读取文件成功
2017-10-19T07:23:32: 读取文件成功
2017-10-19T07:24:32: 读取文件成功
2017-10-19T07:25:32: 读取文件成功
2017-10-19T07:26:32: 读取文件成功
2017-10-19T07:27:32: 读取文件成功
2017-10-19T07:28:32: 读取文件成功
2017-10-19T07:29:32: 读取文件成功
2017-10-19T07:30:32: 读取文件成功
2017-10-19T07:31:32: 读取文件成功
2017-10-19T07:32:32: 读取文件成功
2017-10-19T07:33:32: 读取文件成功
2017-10-19T07:34:32: 读取文件成功
2017-10-19T07:35:32: 读取文件成功
2017-10-19T07:36:32: 读取文件成功
2017-10-19T07:37:32: 读取文件成功
2017-10-19T07:38:32: 读取文件成功
2017-10-19T07:39:32: 读取文件成功
2017-10-19T07:40:32: 读取文件成功
2017-10-19T07:41:32: 读取文件成功
2017-10-19T07:42:32: 读取文件成功
2017-10-19T07:43:32: 读取文件成功
2017-10-19T07:44:32: 读取文件成功
2017-10-19T07:45:32: 读取文件成功
2017-10-19T07:46:32: 读取文件成功
2017-10-19T07:47:32: 读取文件成功
2017-10-19T07:48:32: 读取文件成功
2017-10-19T07:49:32: 读取文件成功
2017-10-19T07:50:32: 读取文件成功
2017-10-19T07:51:32: 读取文件成功
2017-10-19T07:52:32: 读取文件成功
2017-10-19T07:53:32: 读取文件成功
2017-10-19T07:54:32: 读取文件成功
2017-10-19T07:55:32: 读取文件成功
2017-10-19T07:56:32: 读取文件成功
2017-10-19T07:57:32: 读取文件成功
2017-10-19T07:58:32: 读取文件成功
2017-10-19T07:59:32: 读取文件成功
2017-10-19T08:00:32: 读取文件成功
2017-10-19T08:01:32: 读取文件成功
2017-10-19T08:02:33: 读取文件成功
2017-10-19T08:03:32: 读取文件成功
2017-10-19T08:04:32: 读取文件成功
2017-10-19T08:05:32: 读取文件成功
2017-10-19T08:06:32: 读取文件成功
2017-10-19T08:07:32: 读取文件成功
2017-10-19T08:08:33: 读取文件成功
2017-10-19T08:09:32: 读取文件成功
2017-10-19T08:10:33: 读取文件成功
2017-10-19T08:11:33: 读取文件成功
2017-10-19T08:12:33: 读取文件成功
2017-10-19T08:13:33: 读取文件成功
2017-10-19T08:14:33: 读取文件成功
2017-10-19T08:15:33: 读取文件成功
2017-10-19T08:16:33: 读取文件成功
2017-10-19T08:17:33: 读取文件成功
2017-10-19T08:18:33: 读取文件成功
2017-10-19T08:19:33: 读取文件成功
2017-10-19T08:20:33: 读取文件成功
2017-10-19T08:21:33: 读取文件成功
2017-10-19T08:22:33: 读取文件成功
2017-10-19T08:23:33: 读取文件成功
2017-10-19T08:24:33: 读取文件成功
2017-10-19T08:25:33: 读取文件成功
2017-10-19T08:26:33: 读取文件成功
2017-10-19T08:27:33: 读取文件成功
2017-10-19T08:28:33: 读取文件成功
2017-10-19T08:29:33: 读取文件成功
2017-10-19T08:30:33: 读取文件成功
2017-10-19T08:31:33: 读取文件成功
2017-10-19T08:32:33: 读取文件成功
2017-10-19T08:33:33: 读取文件成功
2017-10-19T08:34:33: 读取文件成功
2017-10-19T08:35:34: 读取文件成功
2017-10-19T08:36:33: 读取文件成功
2017-10-19T08:37:33: 读取文件成功
2017-10-19T08:38:33: 读取文件成功
2017-10-19T08:39:33: 读取文件成功
2017-10-19T08:40:33: 读取文件成功
2017-10-19T08:41:33: 读取文件成功
2017-10-19T08:42:33: 读取文件成功
2017-10-19T08:43:33: 读取文件成功
2017-10-19T08:44:33: 读取文件成功
2017-10-19T08:45:34: 读取文件成功
2017-10-19T08:46:33: 读取文件成功
2017-10-19T08:47:33: 读取文件成功
2017-10-19T08:48:33: 读取文件成功
2017-10-19T08:49:33: 读取文件成功
2017-10-19T08:50:33: 读取文件成功
2017-10-19T08:51:33: 读取文件成功
2017-10-19T08:52:33: 读取文件成功
2017-10-19T08:53:33: 读取文件成功
2017-10-19T08:54:33: 读取文件成功
2017-10-19T08:55:33: 读取文件成功
2017-10-19T08:56:33: 读取文件成功
2017-10-19T08:57:33: 读取文件成功
2017-10-19T08:58:33: 读取文件成功
2017-10-19T08:59:33: 读取文件成功
2017-10-19T09:00:33: 读取文件成功
2017-10-19T09:01:33: 读取文件成功
2017-10-19T09:02:33: 读取文件成功
2017-10-19T09:03:33: 读取文件成功
2017-10-19T09:04:33: 读取文件成功
2017-10-19T09:05:33: 读取文件成功
2017-10-19T09:06:33: 读取文件成功
2017-10-19T09:07:33: 读取文件成功
2017-10-19T09:08:33: 读取文件成功
2017-10-19T09:09:33: 读取文件成功
2017-10-19T09:10:33: 读取文件成功
2017-10-19T09:11:33: 读取文件成功
2017-10-19T09:12:34: 读取文件成功
2017-10-19T09:13:33: 读取文件成功
2017-10-19T09:14:33: 读取文件成功
2017-10-19T09:15:33: 读取文件成功
2017-10-19T09:16:33: 读取文件成功
2017-10-19T09:17:33: 读取文件成功
2017-10-19T09:18:33: 读取文件成功
2017-10-19T09:19:33: 读取文件成功
2017-10-19T09:20:35: 读取文件成功
2017-10-19T09:21:33: 读取文件成功
2017-10-19T09:22:33: 读取文件成功
2017-10-19T09:23:33: 读取文件成功
2017-10-19T09:24:33: 读取文件成功
2017-10-19T09:25:33: 读取文件成功
2017-10-19T09:26:34: 读取文件成功
2017-10-19T09:27:33: 读取文件成功
2017-10-19T09:28:33: 读取文件成功
2017-10-19T09:29:33: 读取文件成功
2017-10-19T09:30:33: 读取文件成功
2017-10-19T09:31:34: 读取文件成功
2017-10-19T09:32:33: 读取文件成功
2017-10-19T09:33:33: 读取文件成功
2017-10-19T09:34:33: 读取文件成功
2017-10-19T09:35:33: 读取文件成功
2017-10-19T09:36:33: 读取文件成功
2017-10-19T09:37:34: 读取文件成功
2017-10-19T09:38:33: 读取文件成功
2017-10-19T09:39:33: 读取文件成功
2017-10-19T09:40:33: 读取文件成功
2017-10-19T09:41:33: 读取文件成功
2017-10-19T09:42:34: 读取文件成功
2017-10-19T09:43:34: 读取文件成功
2017-10-19T09:44:34: 读取文件成功
2017-10-19T09:45:34: 读取文件成功
2017-10-19T09:46:34: 读取文件成功
2017-10-19T09:47:34: 读取文件成功
2017-10-19T09:48:34: 读取文件成功
2017-10-19T09:49:34: 读取文件成功
2017-10-19T09:50:34: 读取文件成功
2017-10-19T09:51:34: 读取文件成功
2017-10-19T09:52:34: 读取文件成功
2017-10-19T09:53:34: 读取文件成功
2017-10-19T09:54:34: 读取文件成功
2017-10-19T09:55:34: 读取文件成功
2017-10-19T09:56:34: 读取文件成功
2017-10-19T09:57:34: 读取文件成功
2017-10-19T09:58:34: 读取文件成功
2017-10-19T09:59:34: 读取文件成功
2017-10-19T10:00:34: 读取文件成功
2017-10-19T10:01:34: 读取文件成功
2017-10-19T10:02:34: 读取文件成功
2017-10-19T10:03:34: 读取文件成功
2017-10-19T10:04:34: 读取文件成功
2017-10-19T10:05:34: 读取文件成功
2017-10-19T10:06:34: 读取文件成功
2017-10-19T10:07:34: 读取文件成功
2017-10-19T10:08:34: 读取文件成功
2017-10-19T10:09:34: 读取文件成功
2017-10-19T10:10:36: 读取文件成功
2017-10-19T10:11:40: 读取文件成功
2017-10-19T10:12:34: 读取文件成功
2017-10-19T10:13:34: 读取文件成功
2017-10-19T10:14:34: 读取文件成功
2017-10-19T10:15:34: 读取文件成功
2017-10-19T10:16:34: 读取文件成功
2017-10-19T10:17:34: 读取文件成功
2017-10-19T10:18:34: 读取文件成功
2017-10-19T10:19:34: 读取文件成功
2017-10-19T10:20:34: 读取文件成功
2017-10-19T10:21:34: 读取文件成功
2017-10-19T10:22:34: 读取文件成功
2017-10-19T10:23:34: 读取文件成功
2017-10-19T10:24:34: 读取文件成功
2017-10-19T10:25:35: 读取文件成功
2017-10-19T10:26:34: 读取文件成功
2017-10-19T10:27:34: 读取文件成功
2017-10-19T10:28:34: 读取文件成功
2017-10-19T10:29:34: 读取文件成功
2017-10-19T10:30:34: 读取文件成功
2017-10-19T10:31:34: 读取文件成功
2017-10-19T10:32:34: 读取文件成功
2017-10-19T10:33:34: 读取文件成功
2017-10-19T10:34:34: 读取文件成功
2017-10-19T10:35:34: 读取文件成功
2017-10-19T10:36:34: 读取文件成功
2017-10-19T10:37:34: 读取文件成功
2017-10-19T10:38:34: 读取文件成功
2017-10-19T10:39:34: 读取文件成功
2017-10-19T10:40:34: 读取文件成功
2017-10-19T10:41:34: 读取文件成功
2017-10-19T10:42:34: 读取文件成功
2017-10-19T10:43:34: 读取文件成功
2017-10-19T10:44:34: 读取文件成功
2017-10-19T10:45:34: 读取文件成功
2017-10-19T10:46:34: 读取文件成功
2017-10-19T10:47:34: 读取文件成功
2017-10-19T10:48:34: 读取文件成功
2017-10-19T10:49:34: 读取文件成功
2017-10-19T10:50:34: 读取文件成功
2017-10-19T10:51:34: 读取文件成功
2017-10-19T10:52:34: 读取文件成功
2017-10-19T10:53:34: 读取文件成功
2017-10-19T10:54:34: 读取文件成功
2017-10-19T10:55:34: 读取文件成功
2017-10-19T10:56:34: 读取文件成功
2017-10-19T10:57:34: 读取文件成功
2017-10-19T10:58:34: 读取文件成功
2017-10-19T10:59:34: 读取文件成功
2017-10-19T11:00:34: 读取文件成功
2017-10-19T11:01:34: 读取文件成功
2017-10-19T11:02:34: 读取文件成功
2017-10-19T11:03:34: 读取文件成功
2017-10-19T11:04:34: 读取文件成功
2017-10-19T11:05:34: 读取文件成功
2017-10-19T11:06:34: 读取文件成功
2017-10-19T11:07:34: 读取文件成功
2017-10-19T11:08:34: 读取文件成功
2017-10-19T11:09:34: 读取文件成功
2017-10-19T11:10:34: 读取文件成功
2017-10-19T11:11:34: 读取文件成功
2017-10-19T11:12:35: 读取文件成功
2017-10-19T11:13:34: 读取文件成功
2017-10-19T11:14:34: 读取文件成功
2017-10-19T11:15:34: 读取文件成功
2017-10-19T11:16:35: 读取文件成功
2017-10-19T11:17:34: 读取文件成功
2017-10-19T11:18:35: 读取文件成功
2017-10-19T11:19:35: 读取文件成功
2017-10-19T11:20:34: 读取文件成功
2017-10-19T11:21:34: 读取文件成功
2017-10-19T11:22:35: 读取文件成功
2017-10-19T11:23:35: 读取文件成功
2017-10-19T11:24:35: 读取文件成功
2017-10-19T11:25:35: 读取文件成功
2017-10-19T11:26:35: 读取文件成功
2017-10-19T11:27:35: 读取文件成功
2017-10-19T11:28:35: 读取文件成功
2017-10-19T11:29:35: 读取文件成功
2017-10-19T11:30:35: 读取文件成功
2017-10-19T11:31:35: 读取文件成功
2017-10-19T11:32:35: 读取文件成功
2017-10-19T11:33:35: 读取文件成功
2017-10-19T11:34:35: 读取文件成功
2017-10-19T11:35:35: 读取文件成功
2017-10-19T11:36:35: 读取文件成功
2017-10-19T11:37:35: 读取文件成功
2017-10-19T11:38:35: 读取文件成功
2017-10-19T11:39:35: 读取文件成功
2017-10-19T11:40:35: 读取文件成功
2017-10-19T11:41:35: 读取文件成功
2017-10-19T11:42:35: 读取文件成功
2017-10-19T11:43:35: 读取文件成功
2017-10-19T11:44:35: 读取文件成功
2017-10-19T11:45:35: 读取文件成功
2017-10-19T11:46:35: 读取文件成功
2017-10-19T11:47:35: 读取文件成功
2017-10-19T11:48:35: 读取文件成功
2017-10-19T11:49:35: 读取文件成功
2017-10-19T11:50:35: 读取文件成功
2017-10-19T11:51:35: 读取文件成功
2017-10-19T11:52:35: 读取文件成功
2017-10-19T11:53:35: 读取文件成功
2017-10-19T11:54:35: 读取文件成功
2017-10-19T11:55:35: 读取文件成功
2017-10-19T11:56:35: 读取文件成功
2017-10-19T11:57:35: 读取文件成功
2017-10-19T11:58:35: 读取文件成功
2017-10-19T11:59:35: 读取文件成功
2017-10-19T12:00:35: 读取文件成功
2017-10-19T12:01:35: 读取文件成功
2017-10-19T12:02:35: 读取文件成功
2017-10-19T12:03:35: 读取文件成功
2017-10-19T12:04:35: 读取文件成功
2017-10-19T12:05:35: 读取文件成功
2017-10-19T12:06:35: 读取文件成功
2017-10-19T12:07:35: 读取文件成功
2017-10-19T12:08:35: 读取文件成功
2017-10-19T12:09:35: 读取文件成功
2017-10-19T12:10:35: 读取文件成功
2017-10-19T12:11:35: 读取文件成功
2017-10-19T12:12:35: 读取文件成功
2017-10-19T12:13:35: 读取文件成功
2017-10-19T12:14:35: 读取文件成功
2017-10-19T12:15:35: 读取文件成功
2017-10-19T12:16:35: 读取文件成功
2017-10-19T12:17:35: 读取文件成功
2017-10-19T12:18:35: 读取文件成功
2017-10-19T12:19:35: 读取文件成功
2017-10-19T12:20:35: 读取文件成功
2017-10-19T12:21:35: 读取文件成功
2017-10-19T12:22:35: 读取文件成功
2017-10-19T12:23:35: 读取文件成功
2017-10-19T12:24:35: 读取文件成功
2017-10-19T12:25:35: 读取文件成功
2017-10-19T12:26:35: 读取文件成功
2017-10-19T12:27:35: 读取文件成功
2017-10-19T12:28:35: 读取文件成功
2017-10-19T12:29:35: 读取文件成功
2017-10-19T12:30:35: 读取文件成功
2017-10-19T12:31:35: 读取文件成功
2017-10-19T12:32:35: 读取文件成功
2017-10-19T12:33:36: 读取文件成功
2017-10-19T12:34:35: 读取文件成功
2017-10-19T12:35:36: 读取文件成功
2017-10-19T12:36:35: 读取文件成功
2017-10-19T12:37:35: 读取文件成功
2017-10-19T12:38:35: 读取文件成功
2017-10-19T12:39:35: 读取文件成功
2017-10-19T12:40:35: 读取文件成功
2017-10-19T12:41:36: 读取文件成功
2017-10-19T12:42:35: 读取文件成功
2017-10-19T12:43:35: 读取文件成功
2017-10-19T12:44:35: 读取文件成功
2017-10-19T12:45:35: 读取文件成功
2017-10-19T12:46:35: 读取文件成功
2017-10-19T12:47:36: 读取文件成功
2017-10-19T12:48:36: 读取文件成功
2017-10-19T12:49:36: 读取文件成功
2017-10-19T12:50:36: 读取文件成功
2017-10-19T12:51:36: 读取文件成功
2017-10-19T12:52:36: 读取文件成功
2017-10-19T12:53:36: 读取文件成功
2017-10-19T12:54:36: 读取文件成功
2017-10-19T12:55:36: 读取文件成功
2017-10-19T12:56:36: 读取文件成功
2017-10-19T12:57:36: 读取文件成功
2017-10-19T12:58:36: 读取文件成功
2017-10-19T12:59:36: 读取文件成功
2017-10-19T13:00:36: 读取文件成功
2017-10-19T13:01:36: 读取文件成功
2017-10-19T13:02:36: 读取文件成功
2017-10-19T13:03:36: 读取文件成功
2017-10-19T13:04:36: 读取文件成功
2017-10-19T13:05:36: 读取文件成功
2017-10-19T13:06:36: 读取文件成功
2017-10-19T13:07:36: 读取文件成功
2017-10-19T13:08:36: 读取文件成功
2017-10-19T13:09:36: 读取文件成功
2017-10-19T13:10:36: 读取文件成功
2017-10-19T13:11:36: 读取文件成功
2017-10-19T13:12:36: 读取文件成功
2017-10-19T13:13:36: 读取文件成功
2017-10-19T13:14:36: 读取文件成功
2017-10-19T13:15:36: 读取文件成功
2017-10-19T13:16:36: 读取文件成功
2017-10-19T13:17:36: 读取文件成功
2017-10-19T13:18:36: 读取文件成功
2017-10-19T13:19:36: 读取文件成功
2017-10-19T13:20:36: 读取文件成功
2017-10-19T13:21:36: 读取文件成功
2017-10-19T13:22:36: 读取文件成功
2017-10-19T13:23:36: 读取文件成功
2017-10-19T13:24:36: 读取文件成功
2017-10-19T13:25:36: 读取文件成功
2017-10-19T13:26:36: 读取文件成功
2017-10-19T13:27:36: 读取文件成功
2017-10-19T13:28:36: 读取文件成功
2017-10-19T13:29:36: 读取文件成功
2017-10-19T13:30:36: 读取文件成功
2017-10-19T13:31:36: 读取文件成功
2017-10-19T13:32:36: 读取文件成功
2017-10-19T13:33:36: 读取文件成功
2017-10-19T13:34:36: 读取文件成功
2017-10-19T13:35:36: 读取文件成功
2017-10-19T13:36:36: 读取文件成功
2017-10-19T13:37:36: 读取文件成功
2017-10-19T13:38:36: 读取文件成功
2017-10-19T13:39:36: 读取文件成功
2017-10-19T13:40:36: 读取文件成功
2017-10-19T13:41:36: 读取文件成功
2017-10-19T13:42:36: 读取文件成功
2017-10-19T13:43:36: 读取文件成功
2017-10-19T13:44:42: 读取文件成功
2017-10-19T13:45:36: 读取文件成功
2017-10-19T13:46:36: 读取文件成功
2017-10-19T13:47:36: 读取文件成功
2017-10-19T13:48:36: 读取文件成功
2017-10-19T13:49:41: 读取文件成功
2017-10-19T13:50:37: 读取文件成功
2017-10-19T13:51:36: 读取文件成功
2017-10-19T13:52:36: 读取文件成功
2017-10-19T13:53:37: 读取文件成功
2017-10-19T13:54:36: 读取文件成功
2017-10-19T13:55:36: 读取文件成功
2017-10-19T13:56:36: 读取文件成功
2017-10-19T13:57:36: 读取文件成功
2017-10-19T13:58:36: 读取文件成功
2017-10-19T13:59:36: 读取文件成功
2017-10-19T14:00:36: 读取文件成功
2017-10-19T14:01:36: 读取文件成功
2017-10-19T14:02:36: 读取文件成功
2017-10-19T14:03:36: 读取文件成功
2017-10-19T14:04:38: 读取文件成功
2017-10-19T14:05:36: 读取文件成功
2017-10-19T14:06:37: 读取文件成功
2017-10-19T14:07:37: 读取文件成功
2017-10-19T14:08:37: 读取文件成功
2017-10-19T14:09:42: 读取文件成功
2017-10-19T14:10:37: 读取文件成功
2017-10-19T14:11:36: 读取文件成功
2017-10-19T14:12:37: 读取文件成功
2017-10-19T14:13:38: 读取文件成功
2017-10-19T14:14:37: 读取文件成功
2017-10-19T14:15:37: 读取文件成功
2017-10-19T14:16:37: 读取文件成功
2017-10-19T14:17:37: 读取文件成功
2017-10-19T14:18:37: 读取文件成功
2017-10-19T14:19:39: 读取文件成功
2017-10-19T14:20:37: 读取文件成功
2017-10-19T14:21:37: 读取文件成功
2017-10-19T14:22:37: 读取文件成功
2017-10-19T14:23:37: 读取文件成功
2017-10-19T14:24:37: 读取文件成功
2017-10-19T14:25:37: 读取文件成功
2017-10-19T14:26:37: 读取文件成功
2017-10-19T14:27:37: 读取文件成功
2017-10-19T14:28:37: 读取文件成功
2017-10-19T14:29:37: 读取文件成功
2017-10-19T14:30:37: 读取文件成功
2017-10-19T14:31:37: 读取文件成功
2017-10-19T14:32:37: 读取文件成功
2017-10-19T14:33:37: 读取文件成功
2017-10-19T14:34:37: 读取文件成功
2017-10-19T14:35:37: 读取文件成功
2017-10-19T14:36:37: 读取文件成功
2017-10-19T14:37:37: 读取文件成功
2017-10-19T14:38:37: 读取文件成功
2017-10-19T14:39:37: 读取文件成功
2017-10-19T14:40:37: 读取文件成功
2017-10-19T14:41:37: 读取文件成功
2017-10-19T14:42:37: 读取文件成功
2017-10-19T14:43:37: 读取文件成功
2017-10-19T14:44:37: 读取文件成功
2017-10-19T14:45:37: 读取文件成功
2017-10-19T14:46:37: 读取文件成功
2017-10-19T14:47:37: 读取文件成功
2017-10-19T14:48:37: 读取文件成功
2017-10-19T14:49:37: 读取文件成功
2017-10-19T14:50:37: 读取文件成功
2017-10-19T14:51:37: 读取文件成功
2017-10-19T14:52:37: 读取文件成功
2017-10-19T14:53:37: 读取文件成功
2017-10-19T14:54:37: 读取文件成功
2017-10-19T14:55:37: 读取文件成功
2017-10-19T14:56:37: 读取文件成功
2017-10-19T14:57:37: 读取文件成功
2017-10-19T14:58:37: 读取文件成功
2017-10-19T14:59:37: 读取文件成功
2017-10-19T15:00:37: 读取文件成功
2017-10-19T15:01:37: 读取文件成功
2017-10-19T15:02:37: 读取文件成功
2017-10-19T15:03:37: 读取文件成功
2017-10-19T15:04:37: 读取文件成功
2017-10-19T15:05:37: 读取文件成功
2017-10-19T15:06:37: 读取文件成功
2017-10-19T15:07:37: 读取文件成功
2017-10-19T15:08:37: 读取文件成功
2017-10-19T15:09:37: 读取文件成功
2017-10-19T15:10:37: 读取文件成功
2017-10-19T15:11:37: 读取文件成功
2017-10-19T15:12:39: 读取文件成功
2017-10-19T15:13:38: 读取文件成功
2017-10-19T15:14:38: 读取文件成功
2017-10-19T15:15:37: 读取文件成功
2017-10-19T15:16:37: 读取文件成功
2017-10-19T15:17:37: 读取文件成功
2017-10-19T15:18:37: 读取文件成功
2017-10-19T15:19:37: 读取文件成功
2017-10-19T15:20:37: 读取文件成功
2017-10-19T15:21:37: 读取文件成功
2017-10-19T15:22:37: 读取文件成功
2017-10-19T15:23:37: 读取文件成功
2017-10-19T15:24:37: 读取文件成功
2017-10-19T15:25:38: 读取文件成功
2017-10-19T15:26:37: 读取文件成功
2017-10-19T15:27:38: 读取文件成功
2017-10-19T15:28:37: 读取文件成功
2017-10-19T15:29:37: 读取文件成功
2017-10-19T15:30:37: 读取文件成功
2017-10-19T15:31:37: 读取文件成功
2017-10-19T15:32:37: 读取文件成功
2017-10-19T15:33:38: 读取文件成功
2017-10-19T15:34:38: 读取文件成功
2017-10-19T15:35:37: 读取文件成功
2017-10-19T15:36:37: 读取文件成功
2017-10-19T15:37:38: 读取文件成功
2017-10-19T15:38:38: 读取文件成功
2017-10-19T15:39:38: 读取文件成功
2017-10-19T15:40:38: 读取文件成功
2017-10-19T15:41:38: 读取文件成功
2017-10-19T15:42:38: 读取文件成功
2017-10-19T15:43:38: 读取文件成功
2017-10-19T15:44:38: 读取文件成功
2017-10-19T15:45:38: 读取文件成功
2017-10-19T15:46:38: 读取文件成功
2017-10-19T15:47:38: 读取文件成功
2017-10-19T15:48:38: 读取文件成功
2017-10-19T15:52:38: 读取文件成功
2017-10-19T15:53:38: 读取文件成功
2017-10-19T15:54:38: 读取文件成功
2017-10-19T15:55:38: 读取文件成功
2017-10-19T15:56:38: 读取文件成功
2017-10-19T15:57:38: 读取文件成功
2017-10-19T15:58:38: 读取文件成功
2017-10-19T15:59:38: 读取文件成功
2017-10-19T16:00:38: 读取文件成功
2017-10-19T16:01:38: 读取文件成功
2017-10-19T16:02:38: 读取文件成功
2017-10-19T16:03:38: 读取文件成功
2017-10-19T16:04:38: 读取文件成功
2017-10-19T16:05:38: 读取文件成功
2017-10-19T16:06:38: 读取文件成功
2017-10-19T16:07:38: 读取文件成功
2017-10-19T16:08:38: 读取文件成功
2017-10-19T16:09:38: 读取文件成功
2017-10-19T16:10:38: 读取文件成功
2017-10-19T16:11:38: 读取文件成功
2017-10-19T16:12:38: 读取文件成功
2017-10-19T16:13:38: 读取文件成功
2017-10-19T16:14:38: 读取文件成功
2017-10-19T16:15:38: 读取文件成功
2017-10-19T16:16:38: 读取文件成功
2017-10-19T16:17:38: 读取文件成功
2017-10-19T16:18:38: 读取文件成功
2017-10-19T16:19:38: 读取文件成功
2017-10-19T16:20:38: 读取文件成功
2017-10-19T16:21:38: 读取文件成功
2017-10-19T16:22:38: 读取文件成功
2017-10-19T16:23:38: 读取文件成功
2017-10-19T16:24:38: 读取文件成功
2017-10-19T16:25:38: 读取文件成功
2017-10-19T16:26:38: 读取文件成功
2017-10-19T16:27:38: 读取文件成功
2017-10-19T16:28:38: 读取文件成功
2017-10-19T16:29:38: 读取文件成功
2017-10-19T16:30:38: 读取文件成功
2017-10-19T16:31:38: 读取文件成功
2017-10-19T16:32:38: 读取文件成功
2017-10-19T16:33:38: 读取文件成功
2017-10-19T16:34:38: 读取文件成功
2017-10-19T16:35:38: 读取文件成功
2017-10-19T16:36:38: 读取文件成功
2017-10-19T16:37:38: 读取文件成功
2017-10-19T16:38:38: 读取文件成功
2017-10-19T16:39:38: 读取文件成功
2017-10-19T16:40:38: 读取文件成功
2017-10-19T16:41:38: 读取文件成功
2017-10-19T16:42:38: 读取文件成功
2017-10-19T16:43:38: 读取文件成功
2017-10-19T16:44:38: 读取文件成功
2017-10-19T16:45:38: 读取文件成功
2017-10-19T16:46:39: 读取文件成功
2017-10-19T16:47:38: 读取文件成功
2017-10-19T16:48:38: 读取文件成功
2017-10-19T16:49:38: 读取文件成功
2017-10-19T16:50:38: 读取文件成功
2017-10-19T16:51:38: 读取文件成功
2017-10-19T16:52:39: 读取文件成功
2017-10-19T16:53:39: 读取文件成功
2017-10-19T16:54:38: 读取文件成功
2017-10-19T16:55:39: 读取文件成功
2017-10-19T16:56:39: 读取文件成功
2017-10-19T16:57:39: 读取文件成功
2017-10-19T16:58:39: 读取文件成功
2017-10-19T16:59:39: 读取文件成功
2017-10-19T17:00:39: 读取文件成功
2017-10-19T17:01:39: 读取文件成功
2017-10-19T17:02:39: 读取文件成功
2017-10-19T17:03:39: 读取文件成功
2017-10-19T17:04:39: 读取文件成功
2017-10-19T17:05:39: 读取文件成功
2017-10-19T17:06:39: 读取文件成功
2017-10-19T17:07:39: 读取文件成功
2017-10-19T17:08:39: 读取文件成功
2017-10-19T17:09:39: 读取文件成功
2017-10-19T17:10:39: 读取文件成功
2017-10-19T17:11:39: 读取文件成功
2017-10-19T17:12:39: 读取文件成功
2017-10-19T17:13:39: 读取文件成功
2017-10-19T17:14:39: 读取文件成功
2017-10-19T17:15:39: 读取文件成功
2017-10-19T17:16:39: 读取文件成功
2017-10-19T17:17:39: 读取文件成功
2017-10-19T17:18:39: 读取文件成功
2017-10-19T17:19:39: 读取文件成功
2017-10-19T17:20:39: 读取文件成功
2017-10-19T17:21:39: 读取文件成功
2017-10-19T17:22:39: 读取文件成功
2017-10-19T17:23:39: 读取文件成功
2017-10-19T17:24:39: 读取文件成功
2017-10-19T17:25:39: 读取文件成功
2017-10-19T17:26:39: 读取文件成功
2017-10-19T17:27:39: 读取文件成功
2017-10-19T17:28:39: 读取文件成功
2017-10-19T17:29:39: 读取文件成功
2017-10-19T17:30:39: 读取文件成功
2017-10-19T17:31:39: 读取文件成功
2017-10-19T17:32:39: 读取文件成功
2017-10-19T17:33:39: 读取文件成功
2017-10-19T17:34:39: 读取文件成功
2017-10-19T17:35:39: 读取文件成功
2017-10-19T17:36:39: 读取文件成功
2017-10-19T17:37:39: 读取文件成功
2017-10-19T17:38:39: 读取文件成功
2017-10-19T17:39:39: 读取文件成功
2017-10-19T17:40:39: 读取文件成功
2017-10-19T17:41:39: 读取文件成功
2017-10-19T17:42:39: 读取文件成功
2017-10-19T17:43:39: 读取文件成功
2017-10-19T17:44:39: 读取文件成功
2017-10-19T17:45:39: 读取文件成功
2017-10-19T17:46:39: 读取文件成功
2017-10-19T17:47:39: 读取文件成功
2017-10-19T17:48:39: 读取文件成功
2017-10-19T17:49:39: 读取文件成功
2017-10-19T17:50:39: 读取文件成功
2017-10-19T17:51:39: 读取文件成功
2017-10-19T17:52:39: 读取文件成功
2017-10-19T17:53:39: 读取文件成功
2017-10-19T17:54:39: 读取文件成功
2017-10-19T17:55:39: 读取文件成功
2017-10-19T17:56:39: 读取文件成功
2017-10-19T17:57:39: 读取文件成功
2017-10-19T17:58:39: 读取文件成功
2017-10-19T17:59:39: 读取文件成功
2017-10-19T18:00:39: 读取文件成功
2017-10-19T18:01:39: 读取文件成功
2017-10-19T18:02:39: 读取文件成功
2017-10-19T18:03:39: 读取文件成功
2017-10-19T18:04:39: 读取文件成功
2017-10-19T18:05:39: 读取文件成功
2017-10-19T18:06:39: 读取文件成功
2017-10-19T18:07:39: 读取文件成功
2017-10-19T18:08:39: 读取文件成功
2017-10-19T18:09:39: 读取文件成功
2017-10-19T18:10:39: 读取文件成功
2017-10-19T18:11:39: 读取文件成功
2017-10-19T18:12:39: 读取文件成功
2017-10-19T18:13:39: 读取文件成功
2017-10-19T18:14:39: 读取文件成功
2017-10-19T18:15:39: 读取文件成功
2017-10-19T18:16:39: 读取文件成功
2017-10-19T18:17:39: 读取文件成功
2017-10-19T18:18:40: 读取文件成功
2017-10-19T18:19:39: 读取文件成功
2017-10-19T18:20:40: 读取文件成功
2017-10-19T18:21:40: 读取文件成功
2017-10-19T18:22:40: 读取文件成功
2017-10-19T18:23:40: 读取文件成功
2017-10-19T18:24:40: 读取文件成功
2017-10-19T18:25:40: 读取文件成功
2017-10-19T18:26:40: 读取文件成功
2017-10-19T18:27:40: 读取文件成功
2017-10-19T18:28:40: 读取文件成功
2017-10-19T18:29:40: 读取文件成功
2017-10-19T18:30:40: 读取文件成功
2017-10-19T18:31:40: 读取文件成功
2017-10-19T18:32:40: 读取文件成功
2017-10-19T18:33:40: 读取文件成功
2017-10-19T18:34:40: 读取文件成功
2017-10-19T18:35:40: 读取文件成功
2017-10-19T18:36:40: 读取文件成功
2017-10-19T18:37:40: 读取文件成功
2017-10-19T18:38:40: 读取文件成功
2017-10-19T18:39:40: 读取文件成功
2017-10-19T18:40:40: 读取文件成功
2017-10-19T18:41:40: 读取文件成功
2017-10-19T18:42:40: 读取文件成功
2017-10-19T18:43:40: 读取文件成功
2017-10-19T18:44:40: 读取文件成功
2017-10-19T18:45:40: 读取文件成功
2017-10-19T18:46:40: 读取文件成功
2017-10-19T18:47:40: 读取文件成功
2017-10-19T18:48:40: 读取文件成功
2017-10-19T18:49:40: 读取文件成功
2017-10-19T18:50:40: 读取文件成功
2017-10-19T18:51:40: 读取文件成功
2017-10-19T18:52:40: 读取文件成功
2017-10-19T18:53:40: 读取文件成功
2017-10-19T18:54:43: 读取文件成功
2017-10-19T18:55:40: 读取文件成功
2017-10-19T18:56:40: 读取文件成功
2017-10-19T18:57:40: 读取文件成功
2017-10-19T18:58:40: 读取文件成功
2017-10-19T18:59:40: 读取文件成功
2017-10-19T19:00:40: 读取文件成功
2017-10-19T19:01:40: 读取文件成功
2017-10-19T19:02:40: 读取文件成功
2017-10-19T19:03:40: 读取文件成功
2017-10-19T19:04:40: 读取文件成功
2017-10-19T19:05:40: 读取文件成功
2017-10-19T19:06:40: 读取文件成功
2017-10-19T19:07:40: 读取文件成功
2017-10-19T19:08:40: 读取文件成功
2017-10-19T19:09:40: 读取文件成功
2017-10-19T19:10:40: 读取文件成功
2017-10-19T19:11:40: 读取文件成功
2017-10-19T19:12:40: 读取文件成功
2017-10-19T19:13:40: 读取文件成功
2017-10-19T19:14:40: 读取文件成功
2017-10-19T19:15:40: 读取文件成功
2017-10-19T19:16:40: 读取文件成功
2017-10-19T19:17:40: 读取文件成功
2017-10-19T19:18:40: 读取文件成功
2017-10-19T19:19:40: 读取文件成功
2017-10-19T19:20:40: 读取文件成功
2017-10-19T19:21:40: 读取文件成功
2017-10-19T19:22:40: 读取文件成功
2017-10-19T19:23:40: 读取文件成功
2017-10-19T19:24:40: 读取文件成功
2017-10-19T19:25:40: 读取文件成功
2017-10-19T19:26:40: 读取文件成功
2017-10-19T19:27:40: 读取文件成功
2017-10-19T19:28:40: 读取文件成功
2017-10-19T19:29:40: 读取文件成功
2017-10-19T19:30:40: 读取文件成功
2017-10-19T19:31:40: 读取文件成功
2017-10-19T19:32:40: 读取文件成功
2017-10-19T19:33:40: 读取文件成功
2017-10-19T19:34:40: 读取文件成功
2017-10-19T19:35:40: 读取文件成功
2017-10-19T19:36:41: 读取文件成功
2017-10-19T19:37:40: 读取文件成功
2017-10-19T19:38:41: 读取文件成功
2017-10-19T19:39:40: 读取文件成功
2017-10-19T19:40:40: 读取文件成功
2017-10-19T19:41:40: 读取文件成功
2017-10-19T19:42:40: 读取文件成功
2017-10-19T19:43:41: 读取文件成功
2017-10-19T19:44:41: 读取文件成功
2017-10-19T19:45:41: 读取文件成功
2017-10-19T19:46:41: 读取文件成功
2017-10-19T19:47:41: 读取文件成功
2017-10-19T19:48:41: 读取文件成功
2017-10-19T19:49:41: 读取文件成功
2017-10-19T19:50:41: 读取文件成功
2017-10-19T19:51:41: 读取文件成功
2017-10-19T19:52:41: 读取文件成功
2017-10-19T19:53:41: 读取文件成功
2017-10-19T19:54:41: 读取文件成功
2017-10-19T19:55:41: 读取文件成功
2017-10-19T19:56:41: 读取文件成功
2017-10-19T19:57:41: 读取文件成功
2017-10-19T19:58:41: 读取文件成功
2017-10-19T19:59:41: 读取文件成功
2017-10-19T20:00:41: 读取文件成功
2017-10-19T20:01:41: 读取文件成功
2017-10-19T20:02:41: 读取文件成功
2017-10-19T20:03:41: 读取文件成功
2017-10-19T20:04:41: 读取文件成功
2017-10-19T20:05:41: 读取文件成功
2017-10-19T20:06:41: 读取文件成功
2017-10-19T20:07:41: 读取文件成功
2017-10-19T20:08:41: 读取文件成功
2017-10-19T20:09:41: 读取文件成功
2017-10-19T20:10:41: 读取文件成功
2017-10-19T20:11:41: 读取文件成功
2017-10-19T20:12:41: 读取文件成功
2017-10-19T20:13:41: 读取文件成功
2017-10-19T20:14:41: 读取文件成功
2017-10-19T20:15:41: 读取文件成功
2017-10-19T20:16:41: 读取文件成功
2017-10-19T20:17:41: 读取文件成功
2017-10-19T20:18:41: 读取文件成功
2017-10-19T20:19:41: 读取文件成功
2017-10-19T20:20:41: 读取文件成功
2017-10-19T20:21:41: 读取文件成功
2017-10-19T20:22:41: 读取文件成功
2017-10-19T20:23:41: 读取文件成功
2017-10-19T20:24:41: 读取文件成功
2017-10-19T20:25:41: 读取文件成功
2017-10-19T20:26:41: 读取文件成功
2017-10-19T20:27:41: 读取文件成功
2017-10-19T20:28:41: 读取文件成功
2017-10-19T20:29:41: 读取文件成功
2017-10-19T20:30:41: 读取文件成功
2017-10-19T20:31:41: 读取文件成功
2017-10-19T20:32:41: 读取文件成功
2017-10-19T20:33:41: 读取文件成功
2017-10-19T20:34:41: 读取文件成功
2017-10-19T20:35:41: 读取文件成功
2017-10-19T20:36:41: 读取文件成功
2017-10-19T20:37:41: 读取文件成功
2017-10-19T20:38:41: 读取文件成功
2017-10-19T20:39:41: 读取文件成功
2017-10-19T20:40:41: 读取文件成功
2017-10-19T20:41:41: 读取文件成功
2017-10-19T20:42:41: 读取文件成功
2017-10-19T20:43:41: 读取文件成功
2017-10-19T20:44:42: 读取文件成功
2017-10-19T20:45:41: 读取文件成功
2017-10-19T20:46:41: 读取文件成功
2017-10-19T20:47:41: 读取文件成功
2017-10-19T20:48:41: 读取文件成功
2017-10-19T20:49:41: 读取文件成功
2017-10-19T20:50:41: 读取文件成功
2017-10-19T20:51:41: 读取文件成功
2017-10-19T20:52:41: 读取文件成功
2017-10-19T20:53:41: 读取文件成功
2017-10-19T20:54:41: 读取文件成功
2017-10-19T20:55:41: 读取文件成功
2017-10-19T20:56:41: 读取文件成功
2017-10-19T20:57:41: 读取文件成功
2017-10-19T20:58:41: 读取文件成功
2017-10-19T21:01:50: 读取文件成功
2017-10-19T21:01:52: 读取文件成功
2017-10-19T21:02:41: 读取文件成功
2017-10-19T21:03:41: 读取文件成功
2017-10-19T21:04:41: 读取文件成功
2017-10-19T21:05:41: 读取文件成功
2017-10-19T21:06:41: 读取文件成功
2017-10-19T21:07:42: 读取文件成功
2017-10-19T21:08:41: 读取文件成功
2017-10-19T21:09:41: 读取文件成功
2017-10-19T21:10:41: 读取文件成功
2017-10-19T21:11:41: 读取文件成功
2017-10-19T21:12:41: 读取文件成功
2017-10-19T21:13:42: 读取文件成功
2017-10-19T21:14:41: 读取文件成功
2017-10-19T21:15:41: 读取文件成功
2017-10-19T21:16:41: 读取文件成功
2017-10-19T21:17:42: 读取文件成功
2017-10-19T21:18:42: 读取文件成功
2017-10-19T21:19:42: 读取文件成功
2017-10-19T21:20:42: 读取文件成功
2017-10-19T21:21:42: 读取文件成功
2017-10-19T21:22:42: 读取文件成功
2017-10-19T21:23:42: 读取文件成功
2017-10-19T21:24:42: 读取文件成功
2017-10-19T21:28:42: 读取文件成功
2017-10-19T21:28:45: 读取文件成功
2017-10-19T21:29:42: 读取文件成功
2017-10-19T21:30:42: 读取文件成功
2017-10-19T21:31:42: 读取文件成功
2017-10-19T21:32:42: 读取文件成功
2017-10-19T21:33:42: 读取文件成功
2017-10-19T21:34:42: 读取文件成功
2017-10-19T21:35:42: 读取文件成功
2017-10-19T21:36:42: 读取文件成功
2017-10-19T21:37:42: 读取文件成功
2017-10-19T21:38:42: 读取文件成功
2017-10-19T21:39:42: 读取文件成功
2017-10-19T21:40:42: 读取文件成功
2017-10-19T21:41:42: 读取文件成功
2017-10-19T21:42:42: 读取文件成功
2017-10-19T21:43:42: 读取文件成功
2017-10-19T21:44:42: 读取文件成功
2017-10-19T21:45:42: 读取文件成功
2017-10-19T21:46:42: 读取文件成功
2017-10-19T21:47:42: 读取文件成功
2017-10-19T21:48:42: 读取文件成功
2017-10-19T21:49:42: 读取文件成功
2017-10-19T21:50:43: 读取文件成功
2017-10-19T21:51:42: 读取文件成功
2017-10-19T21:52:42: 读取文件成功
2017-10-19T21:53:42: 读取文件成功
2017-10-19T21:54:42: 读取文件成功
2017-10-19T21:55:42: 读取文件成功
2017-10-19T21:56:42: 读取文件成功
2017-10-19T21:57:42: 读取文件成功
2017-10-19T21:58:42: 读取文件成功
2017-10-19T21:59:42: 读取文件成功
2017-10-19T22:00:42: 读取文件成功
2017-10-19T22:01:42: 读取文件成功
2017-10-19T22:02:42: 读取文件成功
2017-10-19T22:04:14: 读取文件成功
2017-10-19T22:04:42: 读取文件成功
2017-10-19T22:05:42: 读取文件成功
2017-10-19T22:06:42: 读取文件成功
2017-10-19T22:07:42: 读取文件成功
2017-10-19T22:08:42: 读取文件成功
2017-10-19T22:09:42: 读取文件成功
2017-10-19T22:10:42: 读取文件成功
2017-10-19T22:11:42: 读取文件成功
2017-10-19T22:12:43: 读取文件成功
2017-10-19T22:13:42: 读取文件成功
2017-10-19T22:14:42: 读取文件成功
2017-10-19T22:15:42: 读取文件成功
2017-10-19T22:16:42: 读取文件成功
2017-10-19T22:17:42: 读取文件成功
2017-10-19T22:18:42: 读取文件成功
2017-10-19T22:19:42: 读取文件成功
2017-10-19T22:20:42: 读取文件成功
2017-10-19T22:21:42: 读取文件成功
2017-10-19T22:22:42: 读取文件成功
2017-10-19T22:23:42: 读取文件成功
2017-10-19T22:24:42: 读取文件成功
2017-10-19T22:26:21: 读取文件成功
2017-10-19T22:26:42: 读取文件成功
2017-10-19T22:27:43: 读取文件成功
2017-10-19T22:28:42: 读取文件成功
2017-10-19T22:29:42: 读取文件成功
2017-10-19T22:30:42: 读取文件成功
2017-10-19T22:31:42: 读取文件成功
2017-10-19T22:32:42: 读取文件成功
2017-10-19T22:33:43: 读取文件成功
2017-10-19T22:34:42: 读取文件成功
2017-10-19T22:35:42: 读取文件成功
2017-10-19T22:36:42: 读取文件成功
2017-10-19T22:37:42: 读取文件成功
2017-10-19T22:38:42: 读取文件成功
2017-10-19T22:39:43: 读取文件成功
2017-10-19T22:40:42: 读取文件成功
2017-10-19T22:41:42: 读取文件成功
2017-10-19T22:42:42: 读取文件成功
2017-10-19T22:43:42: 读取文件成功
2017-10-19T22:44:42: 读取文件成功
2017-10-19T22:45:43: 读取文件成功
2017-10-19T22:46:42: 读取文件成功
2017-10-19T22:47:42: 读取文件成功
2017-10-19T22:48:42: 读取文件成功
2017-10-19T22:49:42: 读取文件成功
2017-10-19T22:50:42: 读取文件成功
2017-10-19T22:51:43: 读取文件成功
2017-10-19T22:52:43: 读取文件成功
2017-10-19T22:53:43: 读取文件成功
2017-10-19T22:54:43: 读取文件成功
2017-10-19T22:55:43: 读取文件成功
2017-10-19T22:56:43: 读取文件成功
2017-10-19T22:57:43: 读取文件成功
2017-10-19T22:58:43: 读取文件成功
2017-10-19T22:59:43: 读取文件成功
2017-10-19T23:00:43: 读取文件成功
2017-10-19T23:01:43: 读取文件成功
2017-10-19T23:02:43: 读取文件成功
2017-10-19T23:03:43: 读取文件成功
2017-10-19T23:04:43: 读取文件成功
2017-10-19T23:05:43: 读取文件成功
2017-10-19T23:06:44: 读取文件成功
2017-10-19T23:07:43: 读取文件成功
2017-10-19T23:08:43: 读取文件成功
2017-10-19T23:09:43: 读取文件成功
2017-10-19T23:10:43: 读取文件成功
2017-10-19T23:11:44: 读取文件成功
2017-10-19T23:12:43: 读取文件成功
2017-10-19T23:13:43: 读取文件成功
2017-10-19T23:14:44: 读取文件成功
2017-10-19T23:15:43: 读取文件成功
2017-10-19T23:16:44: 读取文件成功
2017-10-19T23:17:44: 读取文件成功
2017-10-19T23:18:43: 读取文件成功
2017-10-19T23:19:43: 读取文件成功
2017-10-19T23:20:46: 读取文件成功
2017-10-19T23:21:44: 读取文件成功
2017-10-19T23:22:43: 读取文件成功
2017-10-19T23:23:43: 读取文件成功
2017-10-19T23:24:43: 读取文件成功
2017-10-19T23:25:43: 读取文件成功
2017-10-19T23:26:43: 读取文件成功
2017-10-19T23:27:43: 读取文件成功
2017-10-19T23:28:43: 读取文件成功
2017-10-19T23:29:43: 读取文件成功
2017-10-19T23:30:43: 读取文件成功
2017-10-19T23:31:43: 读取文件成功
2017-10-19T23:32:43: 读取文件成功
2017-10-19T23:33:43: 读取文件成功
2017-10-19T23:34:43: 读取文件成功
2017-10-19T23:35:43: 读取文件成功
2017-10-19T23:36:43: 读取文件成功
2017-10-19T23:37:43: 读取文件成功
2017-10-19T23:38:43: 读取文件成功
2017-10-19T23:39:43: 读取文件成功
2017-10-19T23:40:43: 读取文件成功
2017-10-19T23:41:43: 读取文件成功
2017-10-19T23:42:43: 读取文件成功
2017-10-19T23:43:43: 读取文件成功
2017-10-19T23:44:43: 读取文件成功
2017-10-19T23:45:43: 读取文件成功
2017-10-19T23:46:43: 读取文件成功
2017-10-19T23:47:43: 读取文件成功
2017-10-19T23:48:43: 读取文件成功
2017-10-19T23:49:43: 读取文件成功
2017-10-19T23:50:43: 非记录时间：2017-10-19T23:50:43+08:00
2017-10-19T23:51:43: 非记录时间：2017-10-19T23:51:43+08:00
2017-10-19T23:52:43: 非记录时间：2017-10-19T23:52:43+08:00
2017-10-19T23:53:43: 非记录时间：2017-10-19T23:53:43+08:00
2017-10-19T23:54:43: 非记录时间：2017-10-19T23:54:43+08:00
2017-10-19T23:55:43: 非记录时间：2017-10-19T23:55:43+08:00
2017-10-19T23:56:43: 非记录时间：2017-10-19T23:56:43+08:00
2017-10-19T23:57:43: 非记录时间：2017-10-19T23:57:43+08:00
2017-10-19T23:58:43: 非记录时间：2017-10-19T23:58:43+08:00
2017-10-19T23:59:43: 非记录时间：2017-10-19T23:59:43+08:00
