2017-06-05T00:00:11: 非记录时间：2017-06-05T00:00:11+08:00
2017-06-05T00:01:11: 非记录时间：2017-06-05T00:01:11+08:00
2017-06-05T00:02:11: 非记录时间：2017-06-05T00:02:11+08:00
2017-06-05T00:03:11: 非记录时间：2017-06-05T00:03:11+08:00
2017-06-05T00:04:11: 非记录时间：2017-06-05T00:04:11+08:00
2017-06-05T00:05:11: 非记录时间：2017-06-05T00:05:11+08:00
2017-06-05T00:06:11: 非记录时间：2017-06-05T00:06:11+08:00
2017-06-05T00:07:11: 非记录时间：2017-06-05T00:07:11+08:00
2017-06-05T00:08:11: 非记录时间：2017-06-05T00:08:11+08:00
2017-06-05T00:09:11: 非记录时间：2017-06-05T00:09:11+08:00
2017-06-05T00:10:11: 非记录时间：2017-06-05T00:10:11+08:00
2017-06-05T00:11:11: 非记录时间：2017-06-05T00:11:11+08:00
2017-06-05T00:12:11: 非记录时间：2017-06-05T00:12:11+08:00
2017-06-05T00:13:11: 非记录时间：2017-06-05T00:13:11+08:00
2017-06-05T00:14:11: 非记录时间：2017-06-05T00:14:11+08:00
2017-06-05T00:15:11: 非记录时间：2017-06-05T00:15:11+08:00
2017-06-05T00:16:11: 非记录时间：2017-06-05T00:16:11+08:00
2017-06-05T00:17:11: 非记录时间：2017-06-05T00:17:11+08:00
2017-06-05T00:18:11: 非记录时间：2017-06-05T00:18:11+08:00
2017-06-05T00:19:11: 非记录时间：2017-06-05T00:19:11+08:00
2017-06-05T00:20:11: 非记录时间：2017-06-05T00:20:11+08:00
2017-06-05T00:21:11: 非记录时间：2017-06-05T00:21:11+08:00
2017-06-05T00:22:11: 非记录时间：2017-06-05T00:22:11+08:00
2017-06-05T00:23:11: 非记录时间：2017-06-05T00:23:11+08:00
2017-06-05T00:24:11: 非记录时间：2017-06-05T00:24:11+08:00
2017-06-05T00:25:11: 非记录时间：2017-06-05T00:25:11+08:00
2017-06-05T00:26:11: 非记录时间：2017-06-05T00:26:11+08:00
2017-06-05T00:27:11: 非记录时间：2017-06-05T00:27:11+08:00
2017-06-05T00:28:11: 非记录时间：2017-06-05T00:28:11+08:00
2017-06-05T00:29:11: 非记录时间：2017-06-05T00:29:11+08:00
2017-06-05T00:30:11: 非记录时间：2017-06-05T00:30:11+08:00
2017-06-05T00:31:11: 非记录时间：2017-06-05T00:31:11+08:00
2017-06-05T00:32:11: 非记录时间：2017-06-05T00:32:11+08:00
2017-06-05T00:33:11: 非记录时间：2017-06-05T00:33:11+08:00
2017-06-05T00:34:11: 非记录时间：2017-06-05T00:34:11+08:00
2017-06-05T00:35:11: 非记录时间：2017-06-05T00:35:11+08:00
2017-06-05T00:36:11: 非记录时间：2017-06-05T00:36:11+08:00
2017-06-05T00:37:11: 非记录时间：2017-06-05T00:37:11+08:00
2017-06-05T00:38:11: 非记录时间：2017-06-05T00:38:11+08:00
2017-06-05T00:39:11: 非记录时间：2017-06-05T00:39:11+08:00
2017-06-05T00:40:11: 非记录时间：2017-06-05T00:40:11+08:00
2017-06-05T00:41:11: 非记录时间：2017-06-05T00:41:11+08:00
2017-06-05T00:42:11: 非记录时间：2017-06-05T00:42:11+08:00
2017-06-05T00:43:11: 非记录时间：2017-06-05T00:43:11+08:00
2017-06-05T00:44:11: 非记录时间：2017-06-05T00:44:11+08:00
2017-06-05T00:45:11: 非记录时间：2017-06-05T00:45:11+08:00
2017-06-05T00:46:11: 非记录时间：2017-06-05T00:46:11+08:00
2017-06-05T00:47:11: 非记录时间：2017-06-05T00:47:11+08:00
2017-06-05T00:48:11: 非记录时间：2017-06-05T00:48:11+08:00
2017-06-05T00:49:11: 非记录时间：2017-06-05T00:49:11+08:00
2017-06-05T00:50:11: 非记录时间：2017-06-05T00:50:11+08:00
2017-06-05T00:51:11: 非记录时间：2017-06-05T00:51:11+08:00
2017-06-05T00:52:11: 非记录时间：2017-06-05T00:52:11+08:00
2017-06-05T00:53:11: 非记录时间：2017-06-05T00:53:11+08:00
2017-06-05T00:54:11: 非记录时间：2017-06-05T00:54:11+08:00
2017-06-05T00:55:11: 非记录时间：2017-06-05T00:55:11+08:00
2017-06-05T00:56:11: 非记录时间：2017-06-05T00:56:11+08:00
2017-06-05T00:57:11: 非记录时间：2017-06-05T00:57:11+08:00
2017-06-05T00:58:11: 非记录时间：2017-06-05T00:58:11+08:00
2017-06-05T00:59:11: 非记录时间：2017-06-05T00:59:11+08:00
2017-06-05T01:00:11: 非记录时间：2017-06-05T01:00:11+08:00
2017-06-05T01:01:11: 非记录时间：2017-06-05T01:01:11+08:00
2017-06-05T01:02:11: 非记录时间：2017-06-05T01:02:11+08:00
2017-06-05T01:03:11: 非记录时间：2017-06-05T01:03:11+08:00
2017-06-05T01:04:11: 非记录时间：2017-06-05T01:04:11+08:00
2017-06-05T01:05:11: 非记录时间：2017-06-05T01:05:11+08:00
2017-06-05T01:06:11: 非记录时间：2017-06-05T01:06:11+08:00
2017-06-05T01:07:11: 非记录时间：2017-06-05T01:07:11+08:00
2017-06-05T01:08:11: 非记录时间：2017-06-05T01:08:11+08:00
2017-06-05T01:09:11: 非记录时间：2017-06-05T01:09:11+08:00
2017-06-05T01:10:11: 非记录时间：2017-06-05T01:10:11+08:00
2017-06-05T01:11:12: 读取文件失败，可能是该文件不存在
2017-06-05T01:11:12: Error: ENOENT: no such file or directory, open './data/2017-06-05.json'
2017-06-05T01:12:12: 读取文件成功
2017-06-05T01:13:12: 读取文件成功
2017-06-05T01:14:12: 读取文件成功
2017-06-05T01:15:12: 读取文件成功
2017-06-05T01:16:12: 读取文件成功
2017-06-05T01:17:12: 读取文件成功
2017-06-05T01:18:12: 读取文件成功
2017-06-05T01:19:12: 读取文件成功
2017-06-05T01:20:12: 读取文件成功
2017-06-05T01:21:12: 读取文件成功
2017-06-05T01:22:12: 读取文件成功
2017-06-05T01:23:12: 读取文件成功
2017-06-05T01:24:12: 读取文件成功
2017-06-05T01:25:12: 读取文件成功
2017-06-05T01:26:12: 读取文件成功
2017-06-05T01:27:12: 读取文件成功
2017-06-05T01:28:12: 读取文件成功
2017-06-05T01:29:12: 读取文件成功
2017-06-05T01:30:12: 读取文件成功
2017-06-05T01:31:12: 读取文件成功
2017-06-05T01:32:12: 读取文件成功
2017-06-05T01:33:12: 读取文件成功
2017-06-05T01:34:12: 读取文件成功
2017-06-05T01:35:12: 读取文件成功
2017-06-05T01:36:12: 读取文件成功
2017-06-05T01:37:12: 读取文件成功
2017-06-05T01:38:12: 读取文件成功
2017-06-05T01:39:12: 读取文件成功
2017-06-05T01:40:12: 读取文件成功
2017-06-05T01:41:12: 读取文件成功
2017-06-05T01:42:12: 读取文件成功
2017-06-05T01:43:12: 读取文件成功
2017-06-05T01:44:12: 读取文件成功
2017-06-05T01:45:12: 读取文件成功
2017-06-05T01:46:12: 读取文件成功
2017-06-05T01:47:12: 读取文件成功
2017-06-05T01:48:12: 读取文件成功
2017-06-05T01:49:12: 读取文件成功
2017-06-05T01:50:12: 读取文件成功
2017-06-05T01:51:12: 读取文件成功
2017-06-05T01:52:12: 读取文件成功
2017-06-05T01:53:12: 读取文件成功
2017-06-05T01:54:12: 读取文件成功
2017-06-05T01:55:12: 读取文件成功
2017-06-05T01:56:12: 读取文件成功
2017-06-05T01:57:12: 读取文件成功
2017-06-05T01:58:12: 读取文件成功
2017-06-05T01:59:12: 读取文件成功
2017-06-05T02:00:12: 读取文件成功
2017-06-05T02:01:12: 读取文件成功
2017-06-05T02:02:12: 读取文件成功
2017-06-05T02:03:12: 读取文件成功
2017-06-05T02:04:12: 读取文件成功
2017-06-05T02:05:12: 读取文件成功
2017-06-05T02:06:12: 读取文件成功
2017-06-05T02:07:12: 读取文件成功
2017-06-05T02:08:12: 读取文件成功
2017-06-05T02:09:12: 读取文件成功
2017-06-05T02:10:12: 读取文件成功
2017-06-05T02:11:12: 读取文件成功
2017-06-05T02:12:12: 读取文件成功
2017-06-05T02:13:12: 读取文件成功
2017-06-05T02:14:12: 读取文件成功
2017-06-05T02:15:12: 读取文件成功
2017-06-05T02:16:12: 读取文件成功
2017-06-05T02:17:12: 读取文件成功
2017-06-05T02:18:12: 读取文件成功
2017-06-05T02:19:12: 读取文件成功
2017-06-05T02:20:12: 读取文件成功
2017-06-05T02:21:12: 读取文件成功
2017-06-05T02:22:12: 读取文件成功
2017-06-05T02:23:12: 读取文件成功
2017-06-05T02:24:12: 读取文件成功
2017-06-05T02:25:12: 读取文件成功
2017-06-05T02:26:12: 读取文件成功
2017-06-05T02:27:12: 读取文件成功
2017-06-05T02:28:12: 读取文件成功
2017-06-05T02:29:13: 读取文件成功
2017-06-05T02:30:12: 读取文件成功
2017-06-05T02:31:12: 读取文件成功
2017-06-05T02:32:12: 读取文件成功
2017-06-05T02:33:12: 读取文件成功
2017-06-05T02:34:12: 读取文件成功
2017-06-05T02:35:12: 读取文件成功
2017-06-05T02:36:12: 读取文件成功
2017-06-05T02:37:12: 读取文件成功
2017-06-05T02:38:12: 读取文件成功
2017-06-05T02:39:12: 读取文件成功
2017-06-05T02:40:12: 读取文件成功
2017-06-05T02:41:13: 读取文件成功
2017-06-05T02:42:12: 读取文件成功
2017-06-05T02:43:12: 读取文件成功
2017-06-05T02:44:12: 读取文件成功
2017-06-05T02:45:12: 读取文件成功
2017-06-05T02:46:13: 读取文件成功
2017-06-05T02:47:13: 读取文件成功
2017-06-05T02:48:13: 读取文件成功
2017-06-05T02:49:13: 读取文件成功
2017-06-05T02:50:13: 读取文件成功
2017-06-05T02:51:13: 读取文件成功
2017-06-05T02:52:13: 读取文件成功
2017-06-05T02:53:13: 读取文件成功
2017-06-05T02:54:13: 读取文件成功
2017-06-05T02:55:13: 读取文件成功
2017-06-05T02:56:13: 读取文件成功
2017-06-05T02:57:13: 读取文件成功
2017-06-05T02:58:13: 读取文件成功
2017-06-05T02:59:13: 读取文件成功
2017-06-05T03:00:13: 读取文件成功
2017-06-05T03:01:13: 读取文件成功
2017-06-05T03:02:13: 读取文件成功
2017-06-05T03:03:13: 读取文件成功
2017-06-05T03:04:13: 读取文件成功
2017-06-05T03:05:13: 读取文件成功
2017-06-05T03:06:13: 读取文件成功
2017-06-05T03:07:13: 读取文件成功
2017-06-05T03:08:13: 读取文件成功
2017-06-05T03:09:13: 读取文件成功
2017-06-05T03:10:13: 读取文件成功
2017-06-05T03:11:13: 读取文件成功
2017-06-05T03:12:13: 读取文件成功
2017-06-05T03:13:13: 读取文件成功
2017-06-05T03:14:13: 读取文件成功
2017-06-05T03:15:13: 读取文件成功
2017-06-05T03:16:13: 读取文件成功
2017-06-05T03:17:13: 读取文件成功
2017-06-05T03:18:13: 读取文件成功
2017-06-05T03:19:13: 读取文件成功
2017-06-05T03:20:13: 读取文件成功
2017-06-05T03:21:13: 读取文件成功
2017-06-05T03:22:13: 读取文件成功
2017-06-05T03:23:13: 读取文件成功
2017-06-05T03:24:13: 读取文件成功
2017-06-05T03:25:13: 读取文件成功
2017-06-05T03:26:13: 读取文件成功
2017-06-05T03:27:13: 读取文件成功
2017-06-05T03:28:13: 读取文件成功
2017-06-05T03:29:13: 读取文件成功
2017-06-05T03:30:13: 读取文件成功
2017-06-05T03:31:13: 读取文件成功
2017-06-05T03:32:13: 读取文件成功
2017-06-05T03:33:13: 读取文件成功
2017-06-05T03:34:13: 读取文件成功
2017-06-05T03:35:13: 读取文件成功
2017-06-05T03:36:13: 读取文件成功
2017-06-05T03:37:13: 读取文件成功
2017-06-05T03:38:13: 读取文件成功
2017-06-05T03:39:13: 读取文件成功
2017-06-05T03:40:13: 读取文件成功
2017-06-05T03:41:13: 读取文件成功
2017-06-05T03:42:13: 读取文件成功
2017-06-05T03:43:13: 读取文件成功
2017-06-05T03:44:13: 读取文件成功
2017-06-05T03:45:13: 读取文件成功
2017-06-05T03:46:13: 读取文件成功
2017-06-05T03:47:13: 读取文件成功
2017-06-05T03:48:13: 读取文件成功
2017-06-05T03:49:13: 读取文件成功
2017-06-05T03:50:13: 读取文件成功
2017-06-05T03:51:13: 读取文件成功
2017-06-05T03:52:13: 读取文件成功
2017-06-05T03:53:13: 读取文件成功
2017-06-05T03:54:13: 读取文件成功
2017-06-05T03:55:13: 读取文件成功
2017-06-05T03:56:13: 读取文件成功
2017-06-05T03:57:13: 读取文件成功
2017-06-05T03:58:13: 读取文件成功
2017-06-05T03:59:13: 读取文件成功
2017-06-05T04:00:13: 读取文件成功
2017-06-05T04:01:13: 读取文件成功
2017-06-05T04:02:13: 读取文件成功
2017-06-05T04:03:13: 读取文件成功
2017-06-05T04:04:13: 读取文件成功
2017-06-05T04:05:13: 读取文件成功
2017-06-05T04:06:13: 读取文件成功
2017-06-05T04:07:13: 读取文件成功
2017-06-05T04:08:13: 读取文件成功
2017-06-05T04:09:13: 读取文件成功
2017-06-05T04:10:13: 读取文件成功
2017-06-05T04:11:13: 读取文件成功
2017-06-05T04:12:13: 读取文件成功
2017-06-05T04:13:13: 读取文件成功
2017-06-05T04:14:13: 读取文件成功
2017-06-05T04:15:13: 读取文件成功
2017-06-05T04:16:13: 读取文件成功
2017-06-05T04:17:13: 读取文件成功
2017-06-05T04:18:13: 读取文件成功
2017-06-05T04:19:13: 读取文件成功
2017-06-05T04:20:13: 读取文件成功
2017-06-05T04:21:13: 读取文件成功
2017-06-05T04:22:13: 读取文件成功
2017-06-05T04:23:13: 读取文件成功
2017-06-05T04:24:13: 读取文件成功
2017-06-05T04:25:13: 读取文件成功
2017-06-05T04:26:13: 读取文件成功
2017-06-05T04:27:13: 读取文件成功
2017-06-05T04:28:14: 读取文件成功
2017-06-05T04:29:13: 读取文件成功
2017-06-05T04:30:13: 读取文件成功
2017-06-05T04:31:13: 读取文件成功
2017-06-05T04:32:14: 读取文件成功
2017-06-05T04:33:13: 读取文件成功
2017-06-05T04:34:14: 读取文件成功
2017-06-05T04:35:14: 读取文件成功
2017-06-05T04:36:14: 读取文件成功
2017-06-05T04:37:14: 读取文件成功
2017-06-05T04:38:14: 读取文件成功
2017-06-05T04:39:14: 读取文件成功
2017-06-05T04:40:14: 读取文件成功
2017-06-05T04:41:14: 读取文件成功
2017-06-05T04:42:14: 读取文件成功
2017-06-05T04:43:14: 读取文件成功
2017-06-05T04:44:14: 读取文件成功
2017-06-05T04:45:14: 读取文件成功
2017-06-05T04:46:14: 读取文件成功
2017-06-05T04:47:14: 读取文件成功
2017-06-05T04:48:14: 读取文件成功
2017-06-05T04:49:14: 读取文件成功
2017-06-05T04:50:14: 读取文件成功
2017-06-05T04:51:14: 读取文件成功
2017-06-05T04:52:14: 读取文件成功
2017-06-05T04:53:14: 读取文件成功
2017-06-05T04:54:14: 读取文件成功
2017-06-05T04:55:14: 读取文件成功
2017-06-05T04:56:14: 读取文件成功
2017-06-05T04:57:14: 读取文件成功
2017-06-05T04:58:14: 读取文件成功
2017-06-05T04:59:14: 读取文件成功
2017-06-05T05:00:14: 读取文件成功
2017-06-05T05:01:14: 读取文件成功
2017-06-05T05:02:14: 读取文件成功
2017-06-05T05:03:14: 读取文件成功
2017-06-05T05:04:14: 读取文件成功
2017-06-05T05:05:14: 读取文件成功
2017-06-05T05:06:14: 读取文件成功
2017-06-05T05:07:14: 读取文件成功
2017-06-05T05:08:14: 读取文件成功
2017-06-05T05:09:14: 读取文件成功
2017-06-05T05:10:14: 读取文件成功
2017-06-05T05:11:14: 读取文件成功
2017-06-05T05:12:14: 读取文件成功
2017-06-05T05:13:14: 读取文件成功
2017-06-05T05:14:14: 读取文件成功
2017-06-05T05:15:14: 读取文件成功
2017-06-05T05:16:14: 读取文件成功
2017-06-05T05:17:14: 读取文件成功
2017-06-05T05:18:14: 读取文件成功
2017-06-05T05:19:14: 读取文件成功
2017-06-05T05:20:14: 读取文件成功
2017-06-05T05:21:14: 读取文件成功
2017-06-05T05:22:14: 读取文件成功
2017-06-05T05:23:14: 读取文件成功
2017-06-05T05:24:14: 读取文件成功
2017-06-05T05:25:14: 读取文件成功
2017-06-05T05:26:14: 读取文件成功
2017-06-05T05:27:14: 读取文件成功
2017-06-05T05:28:14: 读取文件成功
2017-06-05T05:29:14: 读取文件成功
2017-06-05T05:30:14: 读取文件成功
2017-06-05T05:31:14: 读取文件成功
2017-06-05T05:32:14: 读取文件成功
2017-06-05T05:33:14: 读取文件成功
2017-06-05T05:34:14: 读取文件成功
2017-06-05T05:35:14: 读取文件成功
2017-06-05T05:36:14: 读取文件成功
2017-06-05T05:37:14: 读取文件成功
2017-06-05T05:38:14: 读取文件成功
2017-06-05T05:39:14: 读取文件成功
2017-06-05T05:40:14: 读取文件成功
2017-06-05T05:41:14: 读取文件成功
2017-06-05T05:42:14: 读取文件成功
2017-06-05T05:43:14: 读取文件成功
2017-06-05T05:44:14: 读取文件成功
2017-06-05T05:45:14: 读取文件成功
2017-06-05T05:46:14: 读取文件成功
2017-06-05T05:47:14: 读取文件成功
2017-06-05T05:48:14: 读取文件成功
2017-06-05T05:49:14: 读取文件成功
2017-06-05T05:50:14: 读取文件成功
2017-06-05T05:51:14: 读取文件成功
2017-06-05T05:52:14: 读取文件成功
2017-06-05T05:53:14: 读取文件成功
2017-06-05T05:54:14: 读取文件成功
2017-06-05T05:55:14: 读取文件成功
2017-06-05T05:56:14: 读取文件成功
2017-06-05T05:57:14: 读取文件成功
2017-06-05T05:58:14: 读取文件成功
2017-06-05T05:59:14: 读取文件成功
2017-06-05T06:00:14: 读取文件成功
2017-06-05T06:01:14: 读取文件成功
2017-06-05T06:02:14: 读取文件成功
2017-06-05T06:03:14: 读取文件成功
2017-06-05T06:04:14: 读取文件成功
2017-06-05T06:05:14: 读取文件成功
2017-06-05T06:06:14: 读取文件成功
2017-06-05T06:07:14: 读取文件成功
2017-06-05T06:08:14: 读取文件成功
2017-06-05T06:09:15: 读取文件成功
2017-06-05T06:10:14: 读取文件成功
2017-06-05T06:11:14: 读取文件成功
2017-06-05T06:12:14: 读取文件成功
2017-06-05T06:13:14: 读取文件成功
2017-06-05T06:14:14: 读取文件成功
2017-06-05T06:15:15: 读取文件成功
2017-06-05T06:16:14: 读取文件成功
2017-06-05T06:17:14: 读取文件成功
2017-06-05T06:18:14: 读取文件成功
2017-06-05T06:19:14: 读取文件成功
2017-06-05T06:20:14: 读取文件成功
2017-06-05T06:21:15: 读取文件成功
2017-06-05T06:22:14: 读取文件成功
2017-06-05T06:23:15: 读取文件成功
2017-06-05T06:24:15: 读取文件成功
2017-06-05T06:25:15: 读取文件成功
2017-06-05T06:26:15: 读取文件成功
2017-06-05T06:27:15: 读取文件成功
2017-06-05T06:28:15: 读取文件成功
2017-06-05T06:29:15: 读取文件成功
2017-06-05T06:30:15: 读取文件成功
2017-06-05T06:31:15: 读取文件成功
2017-06-05T06:32:15: 读取文件成功
2017-06-05T06:33:15: 读取文件成功
2017-06-05T06:34:15: 读取文件成功
2017-06-05T06:35:15: 读取文件成功
2017-06-05T06:36:15: 读取文件成功
2017-06-05T06:37:15: 读取文件成功
2017-06-05T06:38:15: 读取文件成功
2017-06-05T06:39:15: 读取文件成功
2017-06-05T06:40:15: 读取文件成功
2017-06-05T06:41:15: 读取文件成功
2017-06-05T06:42:15: 读取文件成功
2017-06-05T06:43:15: 读取文件成功
2017-06-05T06:44:15: 读取文件成功
2017-06-05T06:45:15: 读取文件成功
2017-06-05T06:46:15: 读取文件成功
2017-06-05T06:47:15: 读取文件成功
2017-06-05T06:48:15: 读取文件成功
2017-06-05T06:49:15: 读取文件成功
2017-06-05T06:50:15: 读取文件成功
2017-06-05T06:51:15: 读取文件成功
2017-06-05T06:52:15: 读取文件成功
2017-06-05T06:53:15: 读取文件成功
2017-06-05T06:54:15: 读取文件成功
2017-06-05T06:55:15: 读取文件成功
2017-06-05T06:56:15: 读取文件成功
2017-06-05T06:57:15: 读取文件成功
2017-06-05T06:58:15: 读取文件成功
2017-06-05T06:59:15: 读取文件成功
2017-06-05T07:00:15: 读取文件成功
2017-06-05T07:01:15: 读取文件成功
2017-06-05T07:02:15: 读取文件成功
2017-06-05T07:03:15: 读取文件成功
2017-06-05T07:04:15: 读取文件成功
2017-06-05T07:05:15: 读取文件成功
2017-06-05T07:06:15: 读取文件成功
2017-06-05T07:07:15: 读取文件成功
2017-06-05T07:08:15: 读取文件成功
2017-06-05T07:09:15: 读取文件成功
2017-06-05T07:10:15: 读取文件成功
2017-06-05T07:11:15: 读取文件成功
2017-06-05T07:12:15: 读取文件成功
2017-06-05T07:13:15: 读取文件成功
2017-06-05T07:14:15: 读取文件成功
2017-06-05T07:15:15: 读取文件成功
2017-06-05T07:16:15: 读取文件成功
2017-06-05T07:17:15: 读取文件成功
2017-06-05T07:18:15: 读取文件成功
2017-06-05T07:19:15: 读取文件成功
2017-06-05T07:20:15: 读取文件成功
2017-06-05T07:21:15: 读取文件成功
2017-06-05T07:22:15: 读取文件成功
2017-06-05T07:23:15: 读取文件成功
2017-06-05T07:24:15: 读取文件成功
2017-06-05T07:25:15: 读取文件成功
2017-06-05T07:26:15: 读取文件成功
2017-06-05T07:27:15: 读取文件成功
2017-06-05T07:28:15: 读取文件成功
2017-06-05T07:29:15: 读取文件成功
2017-06-05T07:30:15: 读取文件成功
2017-06-05T07:31:15: 读取文件成功
2017-06-05T07:32:15: 读取文件成功
2017-06-05T07:33:15: 读取文件成功
2017-06-05T07:34:15: 读取文件成功
2017-06-05T07:35:15: 读取文件成功
2017-06-05T07:36:15: 读取文件成功
2017-06-05T07:37:15: 读取文件成功
2017-06-05T07:38:15: 读取文件成功
2017-06-05T07:39:15: 读取文件成功
2017-06-05T07:40:15: 读取文件成功
2017-06-05T07:41:15: 读取文件成功
2017-06-05T07:42:15: 读取文件成功
2017-06-05T07:43:15: 读取文件成功
2017-06-05T07:44:15: 读取文件成功
2017-06-05T07:45:16: 读取文件成功
2017-06-05T07:46:15: 读取文件成功
2017-06-05T07:47:15: 读取文件成功
2017-06-05T07:48:15: 读取文件成功
2017-06-05T07:49:15: 读取文件成功
2017-06-05T07:50:15: 读取文件成功
2017-06-05T07:51:15: 读取文件成功
2017-06-05T07:52:15: 读取文件成功
2017-06-05T07:53:15: 读取文件成功
2017-06-05T07:54:15: 读取文件成功
2017-06-05T07:55:15: 读取文件成功
2017-06-05T07:56:15: 读取文件成功
2017-06-05T07:57:16: 读取文件成功
2017-06-05T07:58:15: 读取文件成功
2017-06-05T07:59:15: 读取文件成功
2017-06-05T08:00:15: 读取文件成功
2017-06-05T08:01:15: 读取文件成功
2017-06-05T08:02:15: 读取文件成功
2017-06-05T08:03:16: 读取文件成功
2017-06-05T08:04:16: 读取文件成功
2017-06-05T08:05:16: 读取文件成功
2017-06-05T08:06:15: 读取文件成功
2017-06-05T08:07:15: 读取文件成功
2017-06-05T08:08:16: 读取文件成功
2017-06-05T08:09:16: 读取文件成功
2017-06-05T08:10:16: 读取文件成功
2017-06-05T08:11:16: 读取文件成功
2017-06-05T08:12:16: 读取文件成功
2017-06-05T08:13:16: 读取文件成功
2017-06-05T08:14:16: 读取文件成功
2017-06-05T08:15:16: 读取文件成功
2017-06-05T08:16:16: 读取文件成功
2017-06-05T08:17:16: 读取文件成功
2017-06-05T08:18:16: 读取文件成功
2017-06-05T08:19:16: 读取文件成功
2017-06-05T08:20:16: 读取文件成功
2017-06-05T08:21:16: 读取文件成功
2017-06-05T08:22:16: 读取文件成功
2017-06-05T08:23:16: 读取文件成功
2017-06-05T08:24:16: 读取文件成功
2017-06-05T08:25:16: 读取文件成功
2017-06-05T08:26:16: 读取文件成功
2017-06-05T08:27:16: 读取文件成功
2017-06-05T08:28:16: 读取文件成功
2017-06-05T08:29:16: 读取文件成功
2017-06-05T08:30:16: 读取文件成功
2017-06-05T08:31:16: 读取文件成功
2017-06-05T08:32:16: 读取文件成功
2017-06-05T08:33:16: 读取文件成功
2017-06-05T08:34:16: 读取文件成功
2017-06-05T08:35:16: 读取文件成功
2017-06-05T08:36:16: 读取文件成功
2017-06-05T08:37:16: 读取文件成功
2017-06-05T08:38:16: 读取文件成功
2017-06-05T08:39:16: 读取文件成功
2017-06-05T08:40:16: 读取文件成功
2017-06-05T08:41:16: 读取文件成功
2017-06-05T08:42:16: 读取文件成功
2017-06-05T08:43:16: 读取文件成功
2017-06-05T08:44:16: 读取文件成功
2017-06-05T08:45:16: 读取文件成功
2017-06-05T08:46:16: 读取文件成功
2017-06-05T08:47:16: 读取文件成功
2017-06-05T08:48:16: 读取文件成功
2017-06-05T08:49:16: 读取文件成功
2017-06-05T08:50:16: 读取文件成功
2017-06-05T08:51:16: 读取文件成功
2017-06-05T08:52:16: 读取文件成功
2017-06-05T08:53:16: 读取文件成功
2017-06-05T08:54:16: 读取文件成功
2017-06-05T08:55:16: 读取文件成功
2017-06-05T08:56:16: 读取文件成功
2017-06-05T08:57:16: 读取文件成功
2017-06-05T08:58:16: 读取文件成功
2017-06-05T08:59:16: 读取文件成功
2017-06-05T09:00:16: 读取文件成功
2017-06-05T09:01:16: 读取文件成功
2017-06-05T09:02:16: 读取文件成功
2017-06-05T09:03:16: 读取文件成功
2017-06-05T09:04:16: 读取文件成功
2017-06-05T09:05:16: 读取文件成功
2017-06-05T09:06:16: 读取文件成功
2017-06-05T09:07:16: 读取文件成功
2017-06-05T09:08:16: 读取文件成功
2017-06-05T09:09:16: 读取文件成功
2017-06-05T09:10:16: 读取文件成功
2017-06-05T09:11:16: 读取文件成功
2017-06-05T09:12:16: 读取文件成功
2017-06-05T09:13:16: 读取文件成功
2017-06-05T09:14:16: 读取文件成功
2017-06-05T09:15:16: 读取文件成功
2017-06-05T09:16:16: 读取文件成功
2017-06-05T09:17:16: 读取文件成功
2017-06-05T09:18:16: 读取文件成功
2017-06-05T09:19:16: 读取文件成功
2017-06-05T09:20:16: 读取文件成功
2017-06-05T09:21:16: 读取文件成功
2017-06-05T09:22:16: 读取文件成功
2017-06-05T09:23:16: 读取文件成功
2017-06-05T09:24:16: 读取文件成功
2017-06-05T09:25:16: 读取文件成功
2017-06-05T09:26:16: 读取文件成功
2017-06-05T09:27:16: 读取文件成功
2017-06-05T09:28:16: 读取文件成功
2017-06-05T09:29:16: 读取文件成功
2017-06-05T09:30:16: 读取文件成功
2017-06-05T09:31:16: 读取文件成功
2017-06-05T09:32:16: 读取文件成功
2017-06-05T09:33:16: 读取文件成功
2017-06-05T09:34:16: 读取文件成功
2017-06-05T09:35:16: 读取文件成功
2017-06-05T09:36:16: 读取文件成功
2017-06-05T09:37:16: 读取文件成功
2017-06-05T09:38:17: 读取文件成功
2017-06-05T09:39:16: 读取文件成功
2017-06-05T09:40:16: 读取文件成功
2017-06-05T09:41:16: 读取文件成功
2017-06-05T09:42:16: 读取文件成功
2017-06-05T09:43:17: 读取文件成功
2017-06-05T09:44:17: 读取文件成功
2017-06-05T09:45:16: 读取文件成功
2017-06-05T09:46:16: 读取文件成功
2017-06-05T09:47:16: 读取文件成功
2017-06-05T09:48:16: 读取文件成功
2017-06-05T09:49:16: 读取文件成功
2017-06-05T09:50:17: 读取文件成功
2017-06-05T09:51:16: 读取文件成功
2017-06-05T09:52:16: 读取文件成功
2017-06-05T09:53:16: 读取文件成功
2017-06-05T09:54:17: 读取文件成功
2017-06-05T09:55:17: 读取文件成功
2017-06-05T09:56:17: 读取文件成功
2017-06-05T09:57:17: 读取文件成功
2017-06-05T09:58:17: 读取文件成功
2017-06-05T09:59:17: 读取文件成功
2017-06-05T10:00:17: 读取文件成功
2017-06-05T10:01:17: 读取文件成功
2017-06-05T10:02:17: 读取文件成功
2017-06-05T10:03:17: 读取文件成功
2017-06-05T10:04:17: 读取文件成功
2017-06-05T10:05:17: 读取文件成功
2017-06-05T10:06:17: 读取文件成功
2017-06-05T10:07:17: 读取文件成功
2017-06-05T10:08:17: 读取文件成功
2017-06-05T10:09:17: 读取文件成功
2017-06-05T10:10:18: 读取文件成功
2017-06-05T10:11:17: 读取文件成功
2017-06-05T10:12:17: 读取文件成功
2017-06-05T10:13:17: 读取文件成功
2017-06-05T10:14:17: 读取文件成功
2017-06-05T10:15:17: 读取文件成功
2017-06-05T10:16:17: 读取文件成功
2017-06-05T10:17:17: 读取文件成功
2017-06-05T10:18:17: 读取文件成功
2017-06-05T10:19:17: 读取文件成功
2017-06-05T10:20:17: 读取文件成功
2017-06-05T10:21:17: 读取文件成功
2017-06-05T10:22:17: 读取文件成功
2017-06-05T10:23:17: 读取文件成功
2017-06-05T10:24:17: 读取文件成功
2017-06-05T10:25:17: 读取文件成功
2017-06-05T10:26:17: 读取文件成功
2017-06-05T10:27:17: 读取文件成功
2017-06-05T10:28:17: 读取文件成功
2017-06-05T10:29:17: 读取文件成功
2017-06-05T10:30:17: 读取文件成功
2017-06-05T10:31:17: 读取文件成功
2017-06-05T10:32:17: 读取文件成功
2017-06-05T10:33:17: 读取文件成功
2017-06-05T10:34:17: 读取文件成功
2017-06-05T10:35:17: 读取文件成功
2017-06-05T10:36:17: 读取文件成功
2017-06-05T10:37:17: 读取文件成功
2017-06-05T10:38:17: 读取文件成功
2017-06-05T10:39:17: 读取文件成功
2017-06-05T10:40:17: 读取文件成功
2017-06-05T10:41:17: 读取文件成功
2017-06-05T10:42:17: 读取文件成功
2017-06-05T10:43:17: 读取文件成功
2017-06-05T10:44:17: 读取文件成功
2017-06-05T10:45:17: 读取文件成功
2017-06-05T10:46:17: 读取文件成功
2017-06-05T10:47:17: 读取文件成功
2017-06-05T10:48:17: 读取文件成功
2017-06-05T10:49:17: 读取文件成功
2017-06-05T10:50:17: 读取文件成功
2017-06-05T10:51:17: 读取文件成功
2017-06-05T10:52:17: 读取文件成功
2017-06-05T10:53:17: 读取文件成功
2017-06-05T10:54:17: 读取文件成功
2017-06-05T10:55:17: 读取文件成功
2017-06-05T10:56:17: 读取文件成功
2017-06-05T10:57:17: 读取文件成功
2017-06-05T10:58:17: 读取文件成功
2017-06-05T10:59:17: 读取文件成功
2017-06-05T11:00:17: 读取文件成功
2017-06-05T11:01:17: 读取文件成功
2017-06-05T11:02:17: 读取文件成功
2017-06-05T11:03:17: 读取文件成功
2017-06-05T11:04:17: 读取文件成功
2017-06-05T11:05:17: 读取文件成功
2017-06-05T11:06:17: 读取文件成功
2017-06-05T11:07:17: 读取文件成功
2017-06-05T11:08:17: 读取文件成功
2017-06-05T11:09:17: 读取文件成功
2017-06-05T11:10:17: 读取文件成功
2017-06-05T11:11:17: 读取文件成功
2017-06-05T11:12:17: 读取文件成功
2017-06-05T11:13:17: 读取文件成功
2017-06-05T11:14:17: 读取文件成功
2017-06-05T11:15:17: 读取文件成功
2017-06-05T11:16:17: 读取文件成功
2017-06-05T11:17:17: 读取文件成功
2017-06-05T11:18:17: 读取文件成功
2017-06-05T11:19:17: 读取文件成功
2017-06-05T11:20:17: 读取文件成功
2017-06-05T11:21:17: 读取文件成功
2017-06-05T11:22:17: 读取文件成功
2017-06-05T11:23:17: 读取文件成功
2017-06-05T11:24:17: 读取文件成功
2017-06-05T11:25:17: 读取文件成功
2017-06-05T11:26:17: 读取文件成功
2017-06-05T11:27:17: 读取文件成功
2017-06-05T11:28:17: 读取文件成功
2017-06-05T11:29:17: 读取文件成功
2017-06-05T11:30:17: 读取文件成功
2017-06-05T11:31:18: 读取文件成功
2017-06-05T11:32:17: 读取文件成功
2017-06-05T11:33:17: 读取文件成功
2017-06-05T11:34:17: 读取文件成功
2017-06-05T11:35:17: 读取文件成功
2017-06-05T11:36:17: 读取文件成功
2017-06-05T11:37:20: 读取文件成功
2017-06-05T11:38:17: 读取文件成功
2017-06-05T11:39:17: 读取文件成功
2017-06-05T11:40:17: 读取文件成功
2017-06-05T11:41:17: 读取文件成功
2017-06-05T11:42:17: 读取文件成功
2017-06-05T11:43:18: 读取文件成功
2017-06-05T11:44:17: 读取文件成功
2017-06-05T11:45:18: 读取文件成功
2017-06-05T11:46:18: 读取文件成功
2017-06-05T11:47:18: 读取文件成功
2017-06-05T11:48:18: 读取文件成功
2017-06-05T11:49:18: 读取文件成功
2017-06-05T11:50:18: 读取文件成功
2017-06-05T11:51:18: 读取文件成功
2017-06-05T11:52:18: 读取文件成功
2017-06-05T11:53:18: 读取文件成功
2017-06-05T11:54:18: 读取文件成功
2017-06-05T11:55:18: 读取文件成功
2017-06-05T11:56:18: 读取文件成功
2017-06-05T11:57:18: 读取文件成功
2017-06-05T11:58:18: 读取文件成功
2017-06-05T11:59:18: 读取文件成功
2017-06-05T12:00:18: 读取文件成功
2017-06-05T12:01:18: 读取文件成功
2017-06-05T12:02:18: 读取文件成功
2017-06-05T12:03:18: 读取文件成功
2017-06-05T12:04:18: 读取文件成功
2017-06-05T12:05:18: 读取文件成功
2017-06-05T12:06:18: 读取文件成功
2017-06-05T12:07:18: 读取文件成功
2017-06-05T12:08:18: 读取文件成功
2017-06-05T12:09:18: 读取文件成功
2017-06-05T12:10:18: 读取文件成功
2017-06-05T12:11:18: 读取文件成功
2017-06-05T12:12:18: 读取文件成功
2017-06-05T12:13:18: 读取文件成功
2017-06-05T12:14:18: 读取文件成功
2017-06-05T12:15:18: 读取文件成功
2017-06-05T12:16:18: 读取文件成功
2017-06-05T12:17:18: 读取文件成功
2017-06-05T12:18:18: 读取文件成功
2017-06-05T12:19:18: 读取文件成功
2017-06-05T12:20:18: 读取文件成功
2017-06-05T12:21:18: 读取文件成功
2017-06-05T12:22:18: 读取文件成功
2017-06-05T12:23:18: 读取文件成功
2017-06-05T12:24:18: 读取文件成功
2017-06-05T12:25:18: 读取文件成功
2017-06-05T12:26:18: 读取文件成功
2017-06-05T12:27:18: 读取文件成功
2017-06-05T12:28:18: 读取文件成功
2017-06-05T12:29:18: 读取文件成功
2017-06-05T12:30:18: 读取文件成功
2017-06-05T12:31:18: 读取文件成功
2017-06-05T12:32:18: 读取文件成功
2017-06-05T12:33:18: 读取文件成功
2017-06-05T12:34:18: 读取文件成功
2017-06-05T12:35:18: 读取文件成功
2017-06-05T12:36:18: 读取文件成功
2017-06-05T12:37:18: 读取文件成功
2017-06-05T12:38:18: 读取文件成功
2017-06-05T12:39:18: 读取文件成功
2017-06-05T12:40:18: 读取文件成功
2017-06-05T12:41:18: 读取文件成功
2017-06-05T12:42:18: 读取文件成功
2017-06-05T12:43:18: 读取文件成功
2017-06-05T12:44:18: 读取文件成功
2017-06-05T12:45:18: 读取文件成功
2017-06-05T12:46:18: 读取文件成功
2017-06-05T12:47:18: 读取文件成功
2017-06-05T12:48:18: 读取文件成功
2017-06-05T12:49:18: 读取文件成功
2017-06-05T12:50:18: 读取文件成功
2017-06-05T12:51:18: 读取文件成功
2017-06-05T12:52:18: 读取文件成功
2017-06-05T12:53:18: 读取文件成功
2017-06-05T12:54:18: 读取文件成功
2017-06-05T12:55:18: 读取文件成功
2017-06-05T12:56:18: 读取文件成功
2017-06-05T12:57:18: 读取文件成功
2017-06-05T12:58:18: 读取文件成功
2017-06-05T12:59:18: 读取文件成功
2017-06-05T13:00:18: 读取文件成功
2017-06-05T13:01:18: 读取文件成功
2017-06-05T13:02:18: 读取文件成功
2017-06-05T13:03:18: 读取文件成功
2017-06-05T13:04:18: 读取文件成功
2017-06-05T13:05:18: 读取文件成功
2017-06-05T13:06:18: 读取文件成功
2017-06-05T13:07:18: 读取文件成功
2017-06-05T13:08:18: 读取文件成功
2017-06-05T13:09:18: 读取文件成功
2017-06-05T13:10:18: 读取文件成功
2017-06-05T13:11:18: 读取文件成功
2017-06-05T13:12:18: 读取文件成功
2017-06-05T13:13:19: 读取文件成功
2017-06-05T13:14:18: 读取文件成功
2017-06-05T13:15:18: 读取文件成功
2017-06-05T13:16:18: 读取文件成功
2017-06-05T13:17:18: 读取文件成功
2017-06-05T13:18:18: 读取文件成功
2017-06-05T13:19:19: 读取文件成功
2017-06-05T13:20:18: 读取文件成功
2017-06-05T13:21:18: 读取文件成功
2017-06-05T13:22:18: 读取文件成功
2017-06-05T13:23:18: 读取文件成功
2017-06-05T13:24:18: 读取文件成功
2017-06-05T13:25:19: 读取文件成功
2017-06-05T13:26:18: 读取文件成功
2017-06-05T13:27:18: 读取文件成功
2017-06-05T13:28:18: 读取文件成功
2017-06-05T13:29:19: 读取文件成功
2017-06-05T13:30:19: 读取文件成功
2017-06-05T13:31:19: 读取文件成功
2017-06-05T13:32:19: 读取文件成功
2017-06-05T13:33:19: 读取文件成功
2017-06-05T13:34:19: 读取文件成功
2017-06-05T13:35:19: 读取文件成功
2017-06-05T13:36:19: 读取文件成功
2017-06-05T13:37:19: 读取文件成功
2017-06-05T13:38:19: 读取文件成功
2017-06-05T13:39:19: 读取文件成功
2017-06-05T13:40:19: 读取文件成功
2017-06-05T13:41:19: 读取文件成功
2017-06-05T13:42:19: 读取文件成功
2017-06-05T13:43:19: 读取文件成功
2017-06-05T13:44:19: 读取文件成功
2017-06-05T13:45:19: 读取文件成功
2017-06-05T13:46:19: 读取文件成功
2017-06-05T13:47:19: 读取文件成功
2017-06-05T13:48:19: 读取文件成功
2017-06-05T13:49:19: 读取文件成功
2017-06-05T13:50:19: 读取文件成功
2017-06-05T13:51:19: 读取文件成功
2017-06-05T13:52:19: 读取文件成功
2017-06-05T13:53:19: 读取文件成功
2017-06-05T13:54:19: 读取文件成功
2017-06-05T13:55:19: 读取文件成功
2017-06-05T13:56:19: 读取文件成功
2017-06-05T13:57:19: 读取文件成功
2017-06-05T13:58:19: 读取文件成功
2017-06-05T13:59:19: 读取文件成功
2017-06-05T14:00:19: 读取文件成功
2017-06-05T14:01:19: 读取文件成功
2017-06-05T14:02:19: 读取文件成功
2017-06-05T14:03:19: 读取文件成功
2017-06-05T14:04:19: 读取文件成功
2017-06-05T14:05:19: 读取文件成功
2017-06-05T14:06:19: 读取文件成功
2017-06-05T14:07:19: 读取文件成功
2017-06-05T14:08:19: 读取文件成功
2017-06-05T14:09:19: 读取文件成功
2017-06-05T14:10:19: 读取文件成功
2017-06-05T14:11:19: 读取文件成功
2017-06-05T14:12:19: 读取文件成功
2017-06-05T14:13:19: 读取文件成功
2017-06-05T14:14:19: 读取文件成功
2017-06-05T14:15:19: 读取文件成功
2017-06-05T14:16:19: 读取文件成功
2017-06-05T14:17:19: 读取文件成功
2017-06-05T14:18:19: 读取文件成功
2017-06-05T14:19:19: 读取文件成功
2017-06-05T14:20:19: 读取文件成功
2017-06-05T14:21:19: 读取文件成功
2017-06-05T14:22:19: 读取文件成功
2017-06-05T14:23:19: 读取文件成功
2017-06-05T14:24:19: 读取文件成功
2017-06-05T14:25:19: 读取文件成功
2017-06-05T14:26:19: 读取文件成功
2017-06-05T14:27:19: 读取文件成功
2017-06-05T14:28:19: 读取文件成功
2017-06-05T14:29:19: 读取文件成功
2017-06-05T14:30:19: 读取文件成功
2017-06-05T14:31:19: 读取文件成功
2017-06-05T14:32:19: 读取文件成功
2017-06-05T14:33:19: 读取文件成功
2017-06-05T14:34:19: 读取文件成功
2017-06-05T14:35:19: 读取文件成功
2017-06-05T14:36:19: 读取文件成功
2017-06-05T14:37:19: 读取文件成功
2017-06-05T14:38:19: 读取文件成功
2017-06-05T14:39:19: 读取文件成功
2017-06-05T14:40:19: 读取文件成功
2017-06-05T14:41:19: 读取文件成功
2017-06-05T14:42:19: 读取文件成功
2017-06-05T14:43:19: 读取文件成功
2017-06-05T14:44:19: 读取文件成功
2017-06-05T14:45:19: 读取文件成功
2017-06-05T14:46:19: 读取文件成功
2017-06-05T14:47:19: 读取文件成功
2017-06-05T14:48:19: 读取文件成功
2017-06-05T14:49:19: 读取文件成功
2017-06-05T14:50:19: 读取文件成功
2017-06-05T14:51:19: 读取文件成功
2017-06-05T14:52:19: 读取文件成功
2017-06-05T14:53:19: 读取文件成功
2017-06-05T14:54:19: 读取文件成功
2017-06-05T14:55:19: 读取文件成功
2017-06-05T14:56:19: 读取文件成功
2017-06-05T14:57:19: 读取文件成功
2017-06-05T14:58:19: 读取文件成功
2017-06-05T14:59:19: 读取文件成功
2017-06-05T15:00:19: 读取文件成功
2017-06-05T15:01:19: 读取文件成功
2017-06-05T15:02:19: 读取文件成功
2017-06-05T15:03:19: 读取文件成功
2017-06-05T15:04:19: 读取文件成功
2017-06-05T15:05:19: 读取文件成功
2017-06-05T15:06:20: 读取文件成功
2017-06-05T15:07:19: 读取文件成功
2017-06-05T15:08:19: 读取文件成功
2017-06-05T15:09:19: 读取文件成功
2017-06-05T15:10:19: 读取文件成功
2017-06-05T15:11:19: 读取文件成功
2017-06-05T15:12:20: 读取文件成功
2017-06-05T15:13:19: 读取文件成功
2017-06-05T15:14:19: 读取文件成功
2017-06-05T15:15:19: 读取文件成功
2017-06-05T15:16:20: 读取文件成功
2017-06-05T15:17:20: 读取文件成功
2017-06-05T15:18:20: 读取文件成功
2017-06-05T15:19:20: 读取文件成功
2017-06-05T15:20:20: 读取文件成功
2017-06-05T15:21:20: 读取文件成功
2017-06-05T15:22:20: 读取文件成功
2017-06-05T15:23:20: 读取文件成功
2017-06-05T15:24:20: 读取文件成功
2017-06-05T15:25:20: 读取文件成功
2017-06-05T15:26:20: 读取文件成功
2017-06-05T15:27:20: 读取文件成功
2017-06-05T15:28:20: 读取文件成功
2017-06-05T15:29:20: 读取文件成功
2017-06-05T15:30:20: 读取文件成功
2017-06-05T15:31:20: 读取文件成功
2017-06-05T15:32:20: 读取文件成功
2017-06-05T15:33:20: 读取文件成功
2017-06-05T15:34:20: 读取文件成功
2017-06-05T15:35:20: 读取文件成功
2017-06-05T15:36:20: 读取文件成功
2017-06-05T15:37:20: 读取文件成功
2017-06-05T15:38:20: 读取文件成功
2017-06-05T15:39:20: 读取文件成功
2017-06-05T15:40:20: 读取文件成功
2017-06-05T15:41:20: 读取文件成功
2017-06-05T15:42:20: 读取文件成功
2017-06-05T15:43:20: 读取文件成功
2017-06-05T15:44:20: 读取文件成功
2017-06-05T15:45:20: 读取文件成功
2017-06-05T15:46:20: 读取文件成功
2017-06-05T15:47:20: 读取文件成功
2017-06-05T15:48:20: 读取文件成功
2017-06-05T15:49:20: 读取文件成功
2017-06-05T15:50:20: 读取文件成功
2017-06-05T15:51:20: 读取文件成功
2017-06-05T15:52:20: 读取文件成功
2017-06-05T15:53:20: 读取文件成功
2017-06-05T15:54:20: 读取文件成功
2017-06-05T15:55:20: 读取文件成功
2017-06-05T15:56:20: 读取文件成功
2017-06-05T15:57:20: 读取文件成功
2017-06-05T15:58:20: 读取文件成功
2017-06-05T15:59:20: 读取文件成功
2017-06-05T16:00:20: 读取文件成功
2017-06-05T16:01:20: 读取文件成功
2017-06-05T16:02:20: 读取文件成功
2017-06-05T16:03:20: 读取文件成功
2017-06-05T16:04:20: 读取文件成功
2017-06-05T16:05:20: 读取文件成功
2017-06-05T16:06:20: 读取文件成功
2017-06-05T16:07:20: 读取文件成功
2017-06-05T16:08:20: 读取文件成功
2017-06-05T16:09:20: 读取文件成功
2017-06-05T16:10:20: 读取文件成功
2017-06-05T16:11:20: 读取文件成功
2017-06-05T16:12:20: 读取文件成功
2017-06-05T16:13:20: 读取文件成功
2017-06-05T16:14:20: 读取文件成功
2017-06-05T16:15:20: 读取文件成功
2017-06-05T16:16:20: 读取文件成功
2017-06-05T16:17:20: 读取文件成功
2017-06-05T16:18:20: 读取文件成功
2017-06-05T16:19:20: 读取文件成功
2017-06-05T16:20:20: 读取文件成功
2017-06-05T16:21:20: 读取文件成功
2017-06-05T16:22:20: 读取文件成功
2017-06-05T16:23:20: 读取文件成功
2017-06-05T16:24:20: 读取文件成功
2017-06-05T16:25:20: 读取文件成功
2017-06-05T16:26:20: 读取文件成功
2017-06-05T16:27:20: 读取文件成功
2017-06-05T16:28:20: 读取文件成功
2017-06-05T16:29:20: 读取文件成功
2017-06-05T16:30:20: 读取文件成功
2017-06-05T16:31:20: 读取文件成功
2017-06-05T16:32:20: 读取文件成功
2017-06-05T16:33:20: 读取文件成功
2017-06-05T16:34:20: 读取文件成功
2017-06-05T16:35:20: 读取文件成功
2017-06-05T16:36:20: 读取文件成功
2017-06-05T16:37:20: 读取文件成功
2017-06-05T16:38:20: 读取文件成功
2017-06-05T16:39:20: 读取文件成功
2017-06-05T16:40:20: 读取文件成功
2017-06-05T16:41:20: 读取文件成功
2017-06-05T16:42:20: 读取文件成功
2017-06-05T16:43:20: 读取文件成功
2017-06-05T16:44:20: 读取文件成功
2017-06-05T16:45:20: 读取文件成功
2017-06-05T16:46:20: 读取文件成功
2017-06-05T16:47:21: 读取文件成功
2017-06-05T16:48:20: 读取文件成功
2017-06-05T16:49:20: 读取文件成功
2017-06-05T16:50:20: 读取文件成功
2017-06-05T16:51:20: 读取文件成功
2017-06-05T16:52:20: 读取文件成功
2017-06-05T16:53:20: 读取文件成功
2017-06-05T16:54:20: 读取文件成功
2017-06-05T16:55:20: 读取文件成功
2017-06-05T16:56:20: 读取文件成功
2017-06-05T16:57:20: 读取文件成功
2017-06-05T16:58:20: 读取文件成功
2017-06-05T16:59:21: 读取文件成功
2017-06-05T17:00:20: 读取文件成功
2017-06-05T17:01:20: 读取文件成功
2017-06-05T17:02:20: 读取文件成功
2017-06-05T17:03:20: 读取文件成功
2017-06-05T17:04:20: 读取文件成功
2017-06-05T17:05:21: 读取文件成功
2017-06-05T17:06:20: 读取文件成功
2017-06-05T17:07:21: 读取文件成功
2017-06-05T17:08:21: 读取文件成功
2017-06-05T17:09:21: 读取文件成功
2017-06-05T17:10:21: 读取文件成功
2017-06-05T17:11:21: 读取文件成功
2017-06-05T17:12:21: 读取文件成功
2017-06-05T17:13:21: 读取文件成功
2017-06-05T17:14:21: 读取文件成功
2017-06-05T17:15:21: 读取文件成功
2017-06-05T17:16:21: 读取文件成功
2017-06-05T17:17:21: 读取文件成功
2017-06-05T17:18:21: 读取文件成功
2017-06-05T17:19:21: 读取文件成功
2017-06-05T17:20:21: 读取文件成功
2017-06-05T17:21:21: 读取文件成功
2017-06-05T17:22:21: 读取文件成功
2017-06-05T17:23:21: 读取文件成功
2017-06-05T17:24:21: 读取文件成功
2017-06-05T17:25:21: 读取文件成功
2017-06-05T17:26:21: 读取文件成功
2017-06-05T17:27:21: 读取文件成功
2017-06-05T17:28:21: 读取文件成功
2017-06-05T17:29:21: 读取文件成功
2017-06-05T17:30:21: 读取文件成功
2017-06-05T17:31:21: 读取文件成功
2017-06-05T17:32:21: 读取文件成功
2017-06-05T17:33:21: 读取文件成功
2017-06-05T17:34:21: 读取文件成功
2017-06-05T17:35:21: 读取文件成功
2017-06-05T17:36:21: 读取文件成功
2017-06-05T17:37:21: 读取文件成功
2017-06-05T17:38:21: 读取文件成功
2017-06-05T17:39:21: 读取文件成功
2017-06-05T17:40:21: 读取文件成功
2017-06-05T17:41:21: 读取文件成功
2017-06-05T17:42:21: 读取文件成功
2017-06-05T17:43:21: 读取文件成功
2017-06-05T17:44:21: 读取文件成功
2017-06-05T17:45:21: 读取文件成功
2017-06-05T17:46:21: 读取文件成功
2017-06-05T17:47:21: 读取文件成功
2017-06-05T17:48:21: 读取文件成功
2017-06-05T17:49:21: 读取文件成功
2017-06-05T17:50:21: 读取文件成功
2017-06-05T17:51:21: 读取文件成功
2017-06-05T17:52:21: 读取文件成功
2017-06-05T17:53:21: 读取文件成功
2017-06-05T17:54:21: 读取文件成功
2017-06-05T17:55:21: 读取文件成功
2017-06-05T17:56:21: 读取文件成功
2017-06-05T17:57:21: 读取文件成功
2017-06-05T17:58:21: 读取文件成功
2017-06-05T17:59:21: 读取文件成功
2017-06-05T18:00:21: 读取文件成功
2017-06-05T18:01:21: 读取文件成功
2017-06-05T18:02:21: 读取文件成功
2017-06-05T18:03:21: 读取文件成功
2017-06-05T18:04:21: 读取文件成功
2017-06-05T18:05:21: 读取文件成功
2017-06-05T18:06:21: 读取文件成功
2017-06-05T18:07:21: 读取文件成功
2017-06-05T18:08:21: 读取文件成功
2017-06-05T18:09:21: 读取文件成功
2017-06-05T18:10:21: 读取文件成功
2017-06-05T18:11:21: 读取文件成功
2017-06-05T18:12:21: 读取文件成功
2017-06-05T18:13:21: 读取文件成功
2017-06-05T18:14:21: 读取文件成功
2017-06-05T18:15:21: 读取文件成功
2017-06-05T18:16:21: 读取文件成功
2017-06-05T18:17:21: 读取文件成功
2017-06-05T18:18:21: 读取文件成功
2017-06-05T18:19:21: 读取文件成功
2017-06-05T18:20:21: 读取文件成功
2017-06-05T18:21:21: 读取文件成功
2017-06-05T18:22:21: 读取文件成功
2017-06-05T18:23:21: 读取文件成功
2017-06-05T18:24:21: 读取文件成功
2017-06-05T18:25:21: 读取文件成功
2017-06-05T18:26:21: 读取文件成功
2017-06-05T18:27:21: 读取文件成功
2017-06-05T18:28:21: 读取文件成功
2017-06-05T18:29:21: 读取文件成功
2017-06-05T18:30:21: 读取文件成功
2017-06-05T18:31:21: 读取文件成功
2017-06-05T18:32:21: 读取文件成功
2017-06-05T18:33:21: 读取文件成功
2017-06-05T18:34:21: 读取文件成功
2017-06-05T18:35:21: 读取文件成功
2017-06-05T18:36:21: 读取文件成功
2017-06-05T18:37:21: 读取文件成功
2017-06-05T18:38:21: 读取文件成功
2017-06-05T18:39:21: 读取文件成功
2017-06-05T18:40:21: 读取文件成功
2017-06-05T18:41:21: 读取文件成功
2017-06-05T18:42:21: 读取文件成功
2017-06-05T18:43:21: 读取文件成功
2017-06-05T18:44:21: 读取文件成功
2017-06-05T18:45:21: 读取文件成功
2017-06-05T18:46:22: 读取文件成功
2017-06-05T18:47:21: 读取文件成功
2017-06-05T18:48:22: 读取文件成功
2017-06-05T18:49:21: 读取文件成功
2017-06-05T18:50:21: 读取文件成功
2017-06-05T18:51:21: 读取文件成功
2017-06-05T18:52:22: 读取文件成功
2017-06-05T18:53:21: 读取文件成功
2017-06-05T18:54:21: 读取文件成功
2017-06-05T18:55:22: 读取文件成功
2017-06-05T18:56:22: 读取文件成功
2017-06-05T18:57:22: 读取文件成功
2017-06-05T18:58:22: 读取文件成功
2017-06-05T18:59:22: 读取文件成功
2017-06-05T19:00:22: 读取文件成功
2017-06-05T19:01:22: 读取文件成功
2017-06-05T19:02:22: 读取文件成功
2017-06-05T19:03:22: 读取文件成功
2017-06-05T19:04:22: 读取文件成功
2017-06-05T19:05:22: 读取文件成功
2017-06-05T19:06:22: 读取文件成功
2017-06-05T19:07:22: 读取文件成功
2017-06-05T19:08:22: 读取文件成功
2017-06-05T19:09:22: 读取文件成功
2017-06-05T19:10:22: 读取文件成功
2017-06-05T19:11:22: 读取文件成功
2017-06-05T19:12:22: 读取文件成功
2017-06-05T19:13:22: 读取文件成功
2017-06-05T19:14:22: 读取文件成功
2017-06-05T19:15:22: 读取文件成功
2017-06-05T19:16:22: 读取文件成功
2017-06-05T19:17:22: 读取文件成功
2017-06-05T19:18:22: 读取文件成功
2017-06-05T19:19:22: 读取文件成功
2017-06-05T19:20:22: 读取文件成功
2017-06-05T19:21:22: 读取文件成功
2017-06-05T19:22:22: 读取文件成功
2017-06-05T19:23:22: 读取文件成功
2017-06-05T19:24:22: 读取文件成功
2017-06-05T19:25:22: 读取文件成功
2017-06-05T19:26:22: 读取文件成功
2017-06-05T19:27:22: 读取文件成功
2017-06-05T19:28:22: 读取文件成功
2017-06-05T19:29:22: 读取文件成功
2017-06-05T19:30:22: 读取文件成功
2017-06-05T19:31:22: 读取文件成功
2017-06-05T19:32:22: 读取文件成功
2017-06-05T19:33:22: 读取文件成功
2017-06-05T19:34:22: 读取文件成功
2017-06-05T19:35:22: 读取文件成功
2017-06-05T19:36:22: 读取文件成功
2017-06-05T19:37:22: 读取文件成功
2017-06-05T19:38:22: 读取文件成功
2017-06-05T19:39:22: 读取文件成功
2017-06-05T19:40:22: 读取文件成功
2017-06-05T19:41:22: 读取文件成功
2017-06-05T19:42:22: 读取文件成功
2017-06-05T19:43:22: 读取文件成功
2017-06-05T19:44:22: 读取文件成功
2017-06-05T19:45:22: 读取文件成功
2017-06-05T19:46:22: 读取文件成功
2017-06-05T19:47:22: 读取文件成功
2017-06-05T19:48:22: 读取文件成功
2017-06-05T19:49:22: 读取文件成功
2017-06-05T19:50:22: 读取文件成功
2017-06-05T19:51:22: 读取文件成功
2017-06-05T19:52:22: 读取文件成功
2017-06-05T19:53:22: 读取文件成功
2017-06-05T19:54:22: 读取文件成功
2017-06-05T19:55:22: 读取文件成功
2017-06-05T19:56:22: 读取文件成功
2017-06-05T19:57:22: 读取文件成功
2017-06-05T19:58:22: 读取文件成功
2017-06-05T19:59:22: 读取文件成功
2017-06-05T20:00:22: 读取文件成功
2017-06-05T20:01:22: 读取文件成功
2017-06-05T20:02:22: 读取文件成功
2017-06-05T20:03:22: 读取文件成功
2017-06-05T20:04:22: 读取文件成功
2017-06-05T20:05:22: 读取文件成功
2017-06-05T20:06:22: 读取文件成功
2017-06-05T20:07:22: 读取文件成功
2017-06-05T20:08:22: 读取文件成功
2017-06-05T20:09:22: 读取文件成功
2017-06-05T20:10:22: 读取文件成功
2017-06-05T20:11:22: 读取文件成功
2017-06-05T20:12:22: 读取文件成功
2017-06-05T20:13:22: 读取文件成功
2017-06-05T20:14:22: 读取文件成功
2017-06-05T20:15:22: 读取文件成功
2017-06-05T20:16:22: 读取文件成功
2017-06-05T20:17:22: 读取文件成功
2017-06-05T20:18:22: 读取文件成功
2017-06-05T20:19:50: 读取文件成功
2017-06-05T20:20:22: 读取文件成功
2017-06-05T20:21:22: 读取文件成功
2017-06-05T20:22:22: 读取文件成功
2017-06-05T20:23:22: 读取文件成功
2017-06-05T20:24:22: 读取文件成功
2017-06-05T20:25:22: 读取文件成功
2017-06-05T20:26:22: 读取文件成功
2017-06-05T20:27:22: 读取文件成功
2017-06-05T20:28:22: 读取文件成功
2017-06-05T20:29:22: 读取文件成功
2017-06-05T20:30:22: 读取文件成功
2017-06-05T20:31:23: 读取文件成功
2017-06-05T20:32:23: 读取文件成功
2017-06-05T20:33:23: 读取文件成功
2017-06-05T20:34:23: 读取文件成功
2017-06-05T20:35:22: 读取文件成功
2017-06-05T20:36:22: 读取文件成功
2017-06-05T20:37:23: 读取文件成功
2017-06-05T20:38:22: 读取文件成功
2017-06-05T20:39:23: 读取文件成功
2017-06-05T20:40:23: 读取文件成功
2017-06-05T20:41:23: 读取文件成功
2017-06-05T20:42:23: 读取文件成功
2017-06-05T20:43:23: 读取文件成功
2017-06-05T20:44:23: 读取文件成功
2017-06-05T20:45:23: 读取文件成功
2017-06-05T20:46:23: 读取文件成功
2017-06-05T20:47:23: 读取文件成功
2017-06-05T20:48:23: 读取文件成功
2017-06-05T20:49:23: 读取文件成功
2017-06-05T20:50:23: 读取文件成功
2017-06-05T20:51:23: 读取文件成功
2017-06-05T20:52:23: 读取文件成功
2017-06-05T20:53:23: 读取文件成功
2017-06-05T20:54:23: 读取文件成功
2017-06-05T20:55:23: 读取文件成功
2017-06-05T20:56:23: 读取文件成功
2017-06-05T20:57:23: 读取文件成功
2017-06-05T20:58:23: 读取文件成功
2017-06-05T20:59:23: 读取文件成功
2017-06-05T21:00:23: 读取文件成功
2017-06-05T21:01:23: 读取文件成功
2017-06-05T21:02:23: 读取文件成功
2017-06-05T21:03:23: 读取文件成功
2017-06-05T21:04:23: 读取文件成功
2017-06-05T21:05:23: 读取文件成功
2017-06-05T21:06:23: 读取文件成功
2017-06-05T21:07:23: 读取文件成功
2017-06-05T21:08:23: 读取文件成功
2017-06-05T21:09:23: 读取文件成功
2017-06-05T21:10:23: 读取文件成功
2017-06-05T21:11:23: 读取文件成功
2017-06-05T21:12:23: 读取文件成功
2017-06-05T21:13:23: 读取文件成功
2017-06-05T21:14:23: 读取文件成功
2017-06-05T21:15:23: 读取文件成功
2017-06-05T21:16:23: 读取文件成功
2017-06-05T21:17:23: 读取文件成功
2017-06-05T21:18:23: 读取文件成功
2017-06-05T21:19:23: 读取文件成功
2017-06-05T21:20:23: 读取文件成功
2017-06-05T21:21:23: 读取文件成功
2017-06-05T21:22:23: 读取文件成功
2017-06-05T21:23:23: 读取文件成功
2017-06-05T21:24:23: 读取文件成功
2017-06-05T21:25:23: 读取文件成功
2017-06-05T21:26:23: 读取文件成功
2017-06-05T21:27:23: 读取文件成功
2017-06-05T21:28:23: 读取文件成功
2017-06-05T21:29:23: 读取文件成功
2017-06-05T21:30:23: 读取文件成功
2017-06-05T21:31:23: 读取文件成功
2017-06-05T21:32:23: 读取文件成功
2017-06-05T21:33:23: 读取文件成功
2017-06-05T21:34:23: 读取文件成功
2017-06-05T21:35:23: 读取文件成功
2017-06-05T21:36:23: 读取文件成功
2017-06-05T21:37:23: 读取文件成功
2017-06-05T21:38:23: 读取文件成功
2017-06-05T21:39:23: 读取文件成功
2017-06-05T21:40:23: 读取文件成功
2017-06-05T21:41:23: 读取文件成功
2017-06-05T21:42:23: 读取文件成功
2017-06-05T21:43:23: 读取文件成功
2017-06-05T21:44:23: 读取文件成功
2017-06-05T21:45:23: 读取文件成功
2017-06-05T21:46:23: 读取文件成功
2017-06-05T21:47:23: 读取文件成功
2017-06-05T21:48:23: 读取文件成功
2017-06-05T21:49:23: 读取文件成功
2017-06-05T21:50:23: 读取文件成功
2017-06-05T21:51:23: 读取文件成功
2017-06-05T21:52:23: 读取文件成功
2017-06-05T21:53:23: 读取文件成功
2017-06-05T21:54:23: 读取文件成功
2017-06-05T21:55:23: 读取文件成功
2017-06-05T21:56:23: 读取文件成功
2017-06-05T21:57:23: 读取文件成功
2017-06-05T21:58:23: 读取文件成功
2017-06-05T21:59:23: 读取文件成功
2017-06-05T22:00:23: 读取文件成功
2017-06-05T22:01:23: 读取文件成功
2017-06-05T22:02:23: 读取文件成功
2017-06-05T22:03:23: 读取文件成功
2017-06-05T22:04:23: 读取文件成功
2017-06-05T22:05:23: 读取文件成功
2017-06-05T22:06:23: 读取文件成功
2017-06-05T22:07:23: 读取文件成功
2017-06-05T22:08:23: 读取文件成功
2017-06-05T22:09:24: 读取文件成功
2017-06-05T22:10:23: 读取文件成功
2017-06-05T22:11:23: 读取文件成功
2017-06-05T22:12:23: 读取文件成功
2017-06-05T22:13:23: 读取文件成功
2017-06-05T22:14:23: 读取文件成功
2017-06-05T22:15:24: 读取文件成功
2017-06-05T22:16:24: 读取文件成功
2017-06-05T22:17:23: 读取文件成功
2017-06-05T22:18:24: 读取文件成功
2017-06-05T22:19:24: 读取文件成功
2017-06-05T22:20:23: 读取文件成功
2017-06-05T22:21:24: 读取文件成功
2017-06-05T22:22:24: 读取文件成功
2017-06-05T22:23:24: 读取文件成功
2017-06-05T22:24:24: 读取文件成功
2017-06-05T22:25:24: 读取文件成功
2017-06-05T22:26:24: 读取文件成功
2017-06-05T22:27:24: 读取文件成功
2017-06-05T22:28:24: 读取文件成功
2017-06-05T22:29:24: 读取文件成功
2017-06-05T22:30:24: 读取文件成功
2017-06-05T22:31:24: 读取文件成功
2017-06-05T22:32:24: 读取文件成功
2017-06-05T22:33:24: 读取文件成功
2017-06-05T22:34:24: 读取文件成功
2017-06-05T22:35:24: 读取文件成功
2017-06-05T22:36:24: 读取文件成功
2017-06-05T22:37:24: 读取文件成功
2017-06-05T22:38:24: 读取文件成功
2017-06-05T22:39:24: 读取文件成功
2017-06-05T22:40:24: 读取文件成功
2017-06-05T22:41:24: 读取文件成功
2017-06-05T22:42:24: 读取文件成功
2017-06-05T22:43:24: 读取文件成功
2017-06-05T22:44:24: 读取文件成功
2017-06-05T22:45:24: 读取文件成功
2017-06-05T22:46:24: 读取文件成功
2017-06-05T22:47:24: 读取文件成功
2017-06-05T22:48:24: 读取文件成功
2017-06-05T22:49:25: 读取文件成功
2017-06-05T22:50:24: 读取文件成功
2017-06-05T22:51:24: 读取文件成功
2017-06-05T22:52:24: 读取文件成功
2017-06-05T22:53:24: 读取文件成功
2017-06-05T22:54:24: 读取文件成功
2017-06-05T22:55:24: 读取文件成功
2017-06-05T22:56:24: 读取文件成功
2017-06-05T22:57:24: 读取文件成功
2017-06-05T22:58:24: 读取文件成功
2017-06-05T22:59:24: 读取文件成功
2017-06-05T23:00:24: 读取文件成功
2017-06-05T23:01:24: 读取文件成功
2017-06-05T23:02:24: 读取文件成功
2017-06-05T23:03:24: 读取文件成功
2017-06-05T23:04:24: 读取文件成功
2017-06-05T23:05:24: 读取文件成功
2017-06-05T23:06:24: 读取文件成功
2017-06-05T23:07:24: 读取文件成功
2017-06-05T23:08:25: 读取文件成功
2017-06-05T23:09:24: 读取文件成功
2017-06-05T23:10:24: 读取文件成功
2017-06-05T23:11:24: 读取文件成功
2017-06-05T23:12:24: 读取文件成功
2017-06-05T23:13:24: 读取文件成功
2017-06-05T23:14:25: 读取文件成功
2017-06-05T23:15:24: 读取文件成功
2017-06-05T23:16:24: 读取文件成功
2017-06-05T23:17:25: 读取文件成功
2017-06-05T23:18:24: 读取文件成功
2017-06-05T23:19:24: 读取文件成功
2017-06-05T23:20:25: 读取文件成功
2017-06-05T23:21:24: 读取文件成功
2017-06-05T23:22:24: 读取文件成功
2017-06-05T23:23:24: 读取文件成功
2017-06-05T23:24:24: 读取文件成功
2017-06-05T23:25:24: 读取文件成功
2017-06-05T23:26:25: 读取文件成功
2017-06-05T23:27:25: 读取文件成功
2017-06-05T23:28:24: 读取文件成功
2017-06-05T23:29:24: 读取文件成功
2017-06-05T23:30:24: 读取文件成功
2017-06-05T23:31:24: 读取文件成功
2017-06-05T23:32:25: 读取文件成功
2017-06-05T23:33:25: 读取文件成功
2017-06-05T23:34:24: 读取文件成功
2017-06-05T23:35:24: 读取文件成功
2017-06-05T23:36:25: 读取文件成功
2017-06-05T23:37:24: 读取文件成功
2017-06-05T23:38:24: 读取文件成功
2017-06-05T23:39:24: 读取文件成功
2017-06-05T23:40:24: 读取文件成功
2017-06-05T23:41:24: 读取文件成功
2017-06-05T23:42:25: 读取文件成功
2017-06-05T23:43:24: 读取文件成功
2017-06-05T23:44:25: 读取文件成功
2017-06-05T23:45:24: 读取文件成功
2017-06-05T23:46:24: 读取文件成功
2017-06-05T23:47:24: 读取文件成功
2017-06-05T23:48:24: 读取文件成功
2017-06-05T23:49:25: 读取文件成功
2017-06-05T23:50:24: 非记录时间：2017-06-05T23:50:24+08:00
2017-06-05T23:51:24: 非记录时间：2017-06-05T23:51:24+08:00
2017-06-05T23:52:24: 非记录时间：2017-06-05T23:52:24+08:00
2017-06-05T23:53:24: 非记录时间：2017-06-05T23:53:24+08:00
2017-06-05T23:54:24: 非记录时间：2017-06-05T23:54:24+08:00
2017-06-05T23:55:24: 非记录时间：2017-06-05T23:55:24+08:00
2017-06-05T23:56:24: 非记录时间：2017-06-05T23:56:24+08:00
2017-06-05T23:57:24: 非记录时间：2017-06-05T23:57:24+08:00
2017-06-05T23:58:24: 非记录时间：2017-06-05T23:58:24+08:00
2017-06-05T23:59:24: 非记录时间：2017-06-05T23:59:24+08:00
