2017-06-15T00:00:24: 非记录时间：2017-06-15T00:00:24+08:00
2017-06-15T00:01:24: 非记录时间：2017-06-15T00:01:24+08:00
2017-06-15T00:02:24: 非记录时间：2017-06-15T00:02:24+08:00
2017-06-15T00:03:24: 非记录时间：2017-06-15T00:03:24+08:00
2017-06-15T00:04:24: 非记录时间：2017-06-15T00:04:24+08:00
2017-06-15T00:05:24: 非记录时间：2017-06-15T00:05:24+08:00
2017-06-15T00:06:24: 非记录时间：2017-06-15T00:06:24+08:00
2017-06-15T00:07:24: 非记录时间：2017-06-15T00:07:24+08:00
2017-06-15T00:08:24: 非记录时间：2017-06-15T00:08:24+08:00
2017-06-15T00:09:24: 非记录时间：2017-06-15T00:09:24+08:00
2017-06-15T00:10:24: 非记录时间：2017-06-15T00:10:24+08:00
2017-06-15T00:11:24: 非记录时间：2017-06-15T00:11:24+08:00
2017-06-15T00:12:24: 非记录时间：2017-06-15T00:12:24+08:00
2017-06-15T00:13:24: 非记录时间：2017-06-15T00:13:24+08:00
2017-06-15T00:14:24: 非记录时间：2017-06-15T00:14:24+08:00
2017-06-15T00:15:24: 非记录时间：2017-06-15T00:15:24+08:00
2017-06-15T00:16:24: 非记录时间：2017-06-15T00:16:24+08:00
2017-06-15T00:17:24: 非记录时间：2017-06-15T00:17:24+08:00
2017-06-15T00:18:24: 非记录时间：2017-06-15T00:18:24+08:00
2017-06-15T00:19:24: 非记录时间：2017-06-15T00:19:24+08:00
2017-06-15T00:20:24: 非记录时间：2017-06-15T00:20:24+08:00
2017-06-15T00:21:24: 非记录时间：2017-06-15T00:21:24+08:00
2017-06-15T00:22:24: 非记录时间：2017-06-15T00:22:24+08:00
2017-06-15T00:23:24: 非记录时间：2017-06-15T00:23:24+08:00
2017-06-15T00:24:24: 非记录时间：2017-06-15T00:24:24+08:00
2017-06-15T00:25:24: 非记录时间：2017-06-15T00:25:24+08:00
2017-06-15T00:26:24: 非记录时间：2017-06-15T00:26:24+08:00
2017-06-15T00:27:24: 非记录时间：2017-06-15T00:27:24+08:00
2017-06-15T00:28:25: 非记录时间：2017-06-15T00:28:25+08:00
2017-06-15T00:29:25: 非记录时间：2017-06-15T00:29:25+08:00
2017-06-15T00:30:25: 非记录时间：2017-06-15T00:30:25+08:00
2017-06-15T00:31:25: 非记录时间：2017-06-15T00:31:25+08:00
2017-06-15T00:32:25: 非记录时间：2017-06-15T00:32:25+08:00
2017-06-15T00:33:25: 非记录时间：2017-06-15T00:33:25+08:00
2017-06-15T00:34:25: 非记录时间：2017-06-15T00:34:25+08:00
2017-06-15T00:35:25: 非记录时间：2017-06-15T00:35:25+08:00
2017-06-15T00:36:25: 非记录时间：2017-06-15T00:36:25+08:00
2017-06-15T00:37:25: 非记录时间：2017-06-15T00:37:25+08:00
2017-06-15T00:38:25: 非记录时间：2017-06-15T00:38:25+08:00
2017-06-15T00:39:25: 非记录时间：2017-06-15T00:39:25+08:00
2017-06-15T00:40:25: 非记录时间：2017-06-15T00:40:25+08:00
2017-06-15T00:41:25: 非记录时间：2017-06-15T00:41:25+08:00
2017-06-15T00:42:25: 非记录时间：2017-06-15T00:42:25+08:00
2017-06-15T00:43:25: 非记录时间：2017-06-15T00:43:25+08:00
2017-06-15T00:44:25: 非记录时间：2017-06-15T00:44:25+08:00
2017-06-15T00:45:25: 非记录时间：2017-06-15T00:45:25+08:00
2017-06-15T00:46:25: 非记录时间：2017-06-15T00:46:25+08:00
2017-06-15T00:47:25: 非记录时间：2017-06-15T00:47:25+08:00
2017-06-15T00:48:25: 非记录时间：2017-06-15T00:48:25+08:00
2017-06-15T00:49:25: 非记录时间：2017-06-15T00:49:25+08:00
2017-06-15T00:50:25: 非记录时间：2017-06-15T00:50:25+08:00
2017-06-15T00:51:25: 非记录时间：2017-06-15T00:51:25+08:00
2017-06-15T00:52:25: 非记录时间：2017-06-15T00:52:25+08:00
2017-06-15T00:53:25: 非记录时间：2017-06-15T00:53:25+08:00
2017-06-15T00:54:25: 非记录时间：2017-06-15T00:54:25+08:00
2017-06-15T00:55:25: 非记录时间：2017-06-15T00:55:25+08:00
2017-06-15T00:56:25: 非记录时间：2017-06-15T00:56:25+08:00
2017-06-15T00:57:25: 非记录时间：2017-06-15T00:57:25+08:00
2017-06-15T00:58:25: 非记录时间：2017-06-15T00:58:25+08:00
2017-06-15T00:59:25: 非记录时间：2017-06-15T00:59:25+08:00
2017-06-15T01:00:25: 非记录时间：2017-06-15T01:00:25+08:00
2017-06-15T01:01:25: 非记录时间：2017-06-15T01:01:25+08:00
2017-06-15T01:02:25: 非记录时间：2017-06-15T01:02:25+08:00
2017-06-15T01:03:25: 非记录时间：2017-06-15T01:03:25+08:00
2017-06-15T01:04:25: 非记录时间：2017-06-15T01:04:25+08:00
2017-06-15T01:05:25: 非记录时间：2017-06-15T01:05:25+08:00
2017-06-15T01:06:25: 非记录时间：2017-06-15T01:06:25+08:00
2017-06-15T01:07:25: 非记录时间：2017-06-15T01:07:25+08:00
2017-06-15T01:08:25: 非记录时间：2017-06-15T01:08:25+08:00
2017-06-15T01:09:25: 非记录时间：2017-06-15T01:09:25+08:00
2017-06-15T01:10:25: 非记录时间：2017-06-15T01:10:25+08:00
2017-06-15T01:11:25: 读取文件失败，可能是该文件不存在
2017-06-15T01:11:25: Error: ENOENT: no such file or directory, open './data/2017-06-15.json'
2017-06-15T01:13:32: 读取文件成功
2017-06-15T01:14:25: 读取文件成功
2017-06-15T01:15:25: 读取文件成功
2017-06-15T01:16:25: 读取文件成功
2017-06-15T01:17:25: 读取文件成功
2017-06-15T01:18:25: 读取文件成功
2017-06-15T01:19:25: 读取文件成功
2017-06-15T01:20:25: 读取文件成功
2017-06-15T01:21:25: 读取文件成功
2017-06-15T01:22:25: 读取文件成功
2017-06-15T01:23:25: 读取文件成功
2017-06-15T01:24:25: 读取文件成功
2017-06-15T01:25:25: 读取文件成功
2017-06-15T01:26:25: 读取文件成功
2017-06-15T01:27:25: 读取文件成功
2017-06-15T01:28:25: 读取文件成功
2017-06-15T01:29:25: 读取文件成功
2017-06-15T01:30:25: 读取文件成功
2017-06-15T01:31:25: 读取文件成功
2017-06-15T01:32:25: 读取文件成功
2017-06-15T01:33:25: 读取文件成功
2017-06-15T01:34:25: 读取文件成功
2017-06-15T01:35:25: 读取文件成功
2017-06-15T01:36:25: 读取文件成功
2017-06-15T01:37:25: 读取文件成功
2017-06-15T01:38:25: 读取文件成功
2017-06-15T01:39:25: 读取文件成功
2017-06-15T01:40:25: 读取文件成功
2017-06-15T01:41:25: 读取文件成功
2017-06-15T01:42:25: 读取文件成功
2017-06-15T01:43:25: 读取文件成功
2017-06-15T01:44:25: 读取文件成功
2017-06-15T01:45:25: 读取文件成功
2017-06-15T01:46:25: 读取文件成功
2017-06-15T01:47:25: 读取文件成功
2017-06-15T01:48:25: 读取文件成功
2017-06-15T01:49:25: 读取文件成功
2017-06-15T01:50:25: 读取文件成功
2017-06-15T01:51:25: 读取文件成功
2017-06-15T01:52:25: 读取文件成功
2017-06-15T01:53:25: 读取文件成功
2017-06-15T01:54:25: 读取文件成功
2017-06-15T01:55:25: 读取文件成功
2017-06-15T01:56:25: 读取文件成功
2017-06-15T01:57:25: 读取文件成功
2017-06-15T01:58:25: 读取文件成功
2017-06-15T01:59:25: 读取文件成功
2017-06-15T02:00:25: 读取文件成功
2017-06-15T02:01:25: 读取文件成功
2017-06-15T02:02:34: 读取文件成功
2017-06-15T02:03:26: 读取文件成功
2017-06-15T02:04:25: 读取文件成功
2017-06-15T02:05:25: 读取文件成功
2017-06-15T02:06:25: 读取文件成功
2017-06-15T02:07:25: 读取文件成功
2017-06-15T02:08:26: 读取文件成功
2017-06-15T02:09:25: 读取文件成功
2017-06-15T02:10:25: 读取文件成功
2017-06-15T02:11:25: 读取文件成功
2017-06-15T02:12:25: 读取文件成功
2017-06-15T02:13:25: 读取文件成功
2017-06-15T02:14:26: 读取文件成功
2017-06-15T02:15:25: 读取文件成功
2017-06-15T02:16:26: 读取文件成功
2017-06-15T02:17:26: 读取文件成功
2017-06-15T02:18:26: 读取文件成功
2017-06-15T02:19:26: 读取文件成功
2017-06-15T02:20:26: 读取文件成功
2017-06-15T02:21:26: 读取文件成功
2017-06-15T02:22:26: 读取文件成功
2017-06-15T02:23:26: 读取文件成功
2017-06-15T02:24:26: 读取文件成功
2017-06-15T02:25:26: 读取文件成功
2017-06-15T02:26:26: 读取文件成功
2017-06-15T02:27:26: 读取文件成功
2017-06-15T02:28:26: 读取文件成功
2017-06-15T02:29:26: 读取文件成功
2017-06-15T02:30:26: 读取文件成功
2017-06-15T02:31:26: 读取文件成功
2017-06-15T02:32:26: 读取文件成功
2017-06-15T02:33:26: 读取文件成功
2017-06-15T02:34:26: 读取文件成功
2017-06-15T02:35:26: 读取文件成功
2017-06-15T02:36:26: 读取文件成功
2017-06-15T02:37:26: 读取文件成功
2017-06-15T02:38:26: 读取文件成功
2017-06-15T02:39:26: 读取文件成功
2017-06-15T02:40:26: 读取文件成功
2017-06-15T02:41:26: 读取文件成功
2017-06-15T02:42:26: 读取文件成功
2017-06-15T02:43:26: 读取文件成功
2017-06-15T02:44:26: 读取文件成功
2017-06-15T02:45:26: 读取文件成功
2017-06-15T02:46:26: 读取文件成功
2017-06-15T02:47:26: 读取文件成功
2017-06-15T02:48:26: 读取文件成功
2017-06-15T02:49:26: 读取文件成功
2017-06-15T02:50:26: 读取文件成功
2017-06-15T02:51:26: 读取文件成功
2017-06-15T02:52:26: 读取文件成功
2017-06-15T02:53:26: 读取文件成功
2017-06-15T02:54:26: 读取文件成功
2017-06-15T02:55:26: 读取文件成功
2017-06-15T02:56:26: 读取文件成功
2017-06-15T02:57:26: 读取文件成功
2017-06-15T02:58:26: 读取文件成功
2017-06-15T02:59:26: 读取文件成功
2017-06-15T03:00:26: 读取文件成功
2017-06-15T03:01:26: 读取文件成功
2017-06-15T03:02:26: 读取文件成功
2017-06-15T03:03:26: 读取文件成功
2017-06-15T03:04:26: 读取文件成功
2017-06-15T03:05:26: 读取文件成功
2017-06-15T03:06:26: 读取文件成功
2017-06-15T03:07:26: 读取文件成功
2017-06-15T03:08:26: 读取文件成功
2017-06-15T03:09:26: 读取文件成功
2017-06-15T03:10:26: 读取文件成功
2017-06-15T03:11:26: 读取文件成功
2017-06-15T03:12:26: 读取文件成功
2017-06-15T03:13:26: 读取文件成功
2017-06-15T03:14:26: 读取文件成功
2017-06-15T03:15:26: 读取文件成功
2017-06-15T03:16:26: 读取文件成功
2017-06-15T03:17:26: 读取文件成功
2017-06-15T03:18:26: 读取文件成功
2017-06-15T03:19:26: 读取文件成功
2017-06-15T03:20:26: 读取文件成功
2017-06-15T03:21:26: 读取文件成功
2017-06-15T03:22:26: 读取文件成功
2017-06-15T03:23:26: 读取文件成功
2017-06-15T03:24:26: 读取文件成功
2017-06-15T03:25:26: 读取文件成功
2017-06-15T03:26:26: 读取文件成功
2017-06-15T03:27:26: 读取文件成功
2017-06-15T03:28:26: 读取文件成功
2017-06-15T03:29:26: 读取文件成功
2017-06-15T03:30:26: 读取文件成功
2017-06-15T03:31:26: 读取文件成功
2017-06-15T03:32:26: 读取文件成功
2017-06-15T03:33:26: 读取文件成功
2017-06-15T03:34:26: 读取文件成功
2017-06-15T03:35:26: 读取文件成功
2017-06-15T03:36:26: 读取文件成功
2017-06-15T03:37:26: 读取文件成功
2017-06-15T03:38:26: 读取文件成功
2017-06-15T03:39:26: 读取文件成功
2017-06-15T03:40:26: 读取文件成功
2017-06-15T03:41:26: 读取文件成功
2017-06-15T03:42:26: 读取文件成功
2017-06-15T03:43:26: 读取文件成功
2017-06-15T03:44:26: 读取文件成功
2017-06-15T03:45:26: 读取文件成功
2017-06-15T03:46:26: 读取文件成功
2017-06-15T03:47:26: 读取文件成功
2017-06-15T03:48:26: 读取文件成功
2017-06-15T03:49:26: 读取文件成功
2017-06-15T03:50:27: 读取文件成功
2017-06-15T03:51:26: 读取文件成功
2017-06-15T03:52:26: 读取文件成功
2017-06-15T03:53:26: 读取文件成功
2017-06-15T03:54:26: 读取文件成功
2017-06-15T03:55:26: 读取文件成功
2017-06-15T03:56:27: 读取文件成功
2017-06-15T03:57:26: 读取文件成功
2017-06-15T03:58:26: 读取文件成功
2017-06-15T03:59:27: 读取文件成功
2017-06-15T04:00:27: 读取文件成功
2017-06-15T04:01:27: 读取文件成功
2017-06-15T04:02:27: 读取文件成功
2017-06-15T04:03:27: 读取文件成功
2017-06-15T04:04:27: 读取文件成功
2017-06-15T04:05:27: 读取文件成功
2017-06-15T04:06:27: 读取文件成功
2017-06-15T04:07:27: 读取文件成功
2017-06-15T04:08:27: 读取文件成功
2017-06-15T04:09:27: 读取文件成功
2017-06-15T04:10:27: 读取文件成功
2017-06-15T04:11:27: 读取文件成功
2017-06-15T04:12:27: 读取文件成功
2017-06-15T04:13:27: 读取文件成功
2017-06-15T04:14:27: 读取文件成功
2017-06-15T04:15:27: 读取文件成功
2017-06-15T04:16:27: 读取文件成功
2017-06-15T04:17:27: 读取文件成功
2017-06-15T04:18:27: 读取文件成功
2017-06-15T04:19:27: 读取文件成功
2017-06-15T04:20:27: 读取文件成功
2017-06-15T04:21:27: 读取文件成功
2017-06-15T04:22:27: 读取文件成功
2017-06-15T04:23:27: 读取文件成功
2017-06-15T04:24:27: 读取文件成功
2017-06-15T04:25:27: 读取文件成功
2017-06-15T04:26:27: 读取文件成功
2017-06-15T04:27:27: 读取文件成功
2017-06-15T04:28:27: 读取文件成功
2017-06-15T04:29:27: 读取文件成功
2017-06-15T04:30:27: 读取文件成功
2017-06-15T04:31:27: 读取文件成功
2017-06-15T04:32:27: 读取文件成功
2017-06-15T04:33:27: 读取文件成功
2017-06-15T04:34:27: 读取文件成功
2017-06-15T04:35:27: 读取文件成功
2017-06-15T04:36:27: 读取文件成功
2017-06-15T04:37:27: 读取文件成功
2017-06-15T04:38:27: 读取文件成功
2017-06-15T04:39:27: 读取文件成功
2017-06-15T04:40:27: 读取文件成功
2017-06-15T04:41:27: 读取文件成功
2017-06-15T04:42:27: 读取文件成功
2017-06-15T04:43:27: 读取文件成功
2017-06-15T04:44:27: 读取文件成功
2017-06-15T04:45:27: 读取文件成功
2017-06-15T04:46:27: 读取文件成功
2017-06-15T04:47:27: 读取文件成功
2017-06-15T04:48:27: 读取文件成功
2017-06-15T04:49:27: 读取文件成功
2017-06-15T04:50:27: 读取文件成功
2017-06-15T04:51:27: 读取文件成功
2017-06-15T04:52:27: 读取文件成功
2017-06-15T04:53:27: 读取文件成功
2017-06-15T04:54:27: 读取文件成功
2017-06-15T04:55:27: 读取文件成功
2017-06-15T04:56:27: 读取文件成功
2017-06-15T04:57:27: 读取文件成功
2017-06-15T04:58:27: 读取文件成功
2017-06-15T04:59:27: 读取文件成功
2017-06-15T05:00:27: 读取文件成功
2017-06-15T05:01:27: 读取文件成功
2017-06-15T05:02:27: 读取文件成功
2017-06-15T05:03:27: 读取文件成功
2017-06-15T05:04:27: 读取文件成功
2017-06-15T05:05:27: 读取文件成功
2017-06-15T05:06:27: 读取文件成功
2017-06-15T05:07:27: 读取文件成功
2017-06-15T05:08:27: 读取文件成功
2017-06-15T05:09:27: 读取文件成功
2017-06-15T05:10:27: 读取文件成功
2017-06-15T05:11:27: 读取文件成功
2017-06-15T05:12:27: 读取文件成功
2017-06-15T05:13:27: 读取文件成功
2017-06-15T05:14:27: 读取文件成功
2017-06-15T05:15:27: 读取文件成功
2017-06-15T05:16:27: 读取文件成功
2017-06-15T05:17:27: 读取文件成功
2017-06-15T05:18:27: 读取文件成功
2017-06-15T05:19:27: 读取文件成功
2017-06-15T05:20:27: 读取文件成功
2017-06-15T05:21:27: 读取文件成功
2017-06-15T05:22:27: 读取文件成功
2017-06-15T05:23:27: 读取文件成功
2017-06-15T05:24:27: 读取文件成功
2017-06-15T05:25:27: 读取文件成功
2017-06-15T05:26:27: 读取文件成功
2017-06-15T05:27:27: 读取文件成功
2017-06-15T05:28:27: 读取文件成功
2017-06-15T05:29:27: 读取文件成功
2017-06-15T05:30:27: 读取文件成功
2017-06-15T05:31:27: 读取文件成功
2017-06-15T05:32:27: 读取文件成功
2017-06-15T05:33:27: 读取文件成功
2017-06-15T05:34:27: 读取文件成功
2017-06-15T05:35:27: 读取文件成功
2017-06-15T05:36:27: 读取文件成功
2017-06-15T05:37:27: 读取文件成功
2017-06-15T05:38:27: 读取文件成功
2017-06-15T05:39:27: 读取文件成功
2017-06-15T05:40:27: 读取文件成功
2017-06-15T05:41:27: 读取文件成功
2017-06-15T05:42:27: 读取文件成功
2017-06-15T05:43:28: 读取文件成功
2017-06-15T05:44:27: 读取文件成功
2017-06-15T05:45:27: 读取文件成功
2017-06-15T05:46:27: 读取文件成功
2017-06-15T05:47:27: 读取文件成功
2017-06-15T05:48:28: 读取文件成功
2017-06-15T05:49:28: 读取文件成功
2017-06-15T05:50:28: 读取文件成功
2017-06-15T05:51:28: 读取文件成功
2017-06-15T05:52:28: 读取文件成功
2017-06-15T05:53:28: 读取文件成功
2017-06-15T05:54:28: 读取文件成功
2017-06-15T05:55:28: 读取文件成功
2017-06-15T05:56:28: 读取文件成功
2017-06-15T05:57:28: 读取文件成功
2017-06-15T05:58:28: 读取文件成功
2017-06-15T05:59:28: 读取文件成功
2017-06-15T06:00:28: 读取文件成功
2017-06-15T06:01:28: 读取文件成功
2017-06-15T06:02:28: 读取文件成功
2017-06-15T06:03:28: 读取文件成功
2017-06-15T06:04:28: 读取文件成功
2017-06-15T06:05:28: 读取文件成功
2017-06-15T06:06:28: 读取文件成功
2017-06-15T06:07:28: 读取文件成功
2017-06-15T06:08:28: 读取文件成功
2017-06-15T06:09:28: 读取文件成功
2017-06-15T06:10:28: 读取文件成功
2017-06-15T06:11:28: 读取文件成功
2017-06-15T06:12:28: 读取文件成功
2017-06-15T06:13:28: 读取文件成功
2017-06-15T06:14:28: 读取文件成功
2017-06-15T06:15:28: 读取文件成功
2017-06-15T06:16:28: 读取文件成功
2017-06-15T06:17:28: 读取文件成功
2017-06-15T06:18:28: 读取文件成功
2017-06-15T06:19:28: 读取文件成功
2017-06-15T06:20:28: 读取文件成功
2017-06-15T06:21:28: 读取文件成功
2017-06-15T06:22:28: 读取文件成功
2017-06-15T06:23:28: 读取文件成功
2017-06-15T06:24:28: 读取文件成功
2017-06-15T06:25:28: 读取文件成功
2017-06-15T06:26:28: 读取文件成功
2017-06-15T06:29:28: 读取文件成功
2017-06-15T06:31:28: 读取文件成功
2017-06-15T06:32:28: 读取文件成功
2017-06-15T06:34:28: 读取文件成功
2017-06-15T06:34:31: 读取文件成功
2017-06-15T06:35:28: 读取文件成功
2017-06-15T06:36:28: 读取文件成功
2017-06-15T06:37:28: 读取文件成功
2017-06-15T06:39:28: 读取文件成功
2017-06-15T06:40:59: 读取文件成功
2017-06-15T06:41:28: 读取文件成功
2017-06-15T06:42:28: 读取文件成功
2017-06-15T06:43:28: 读取文件成功
2017-06-15T06:44:28: 读取文件成功
2017-06-15T06:45:28: 读取文件成功
2017-06-15T06:46:28: 读取文件成功
2017-06-15T06:47:28: 读取文件成功
2017-06-15T06:48:28: 读取文件成功
2017-06-15T06:49:28: 读取文件成功
2017-06-15T06:50:28: 读取文件成功
2017-06-15T06:51:28: 读取文件成功
2017-06-15T06:52:28: 读取文件成功
2017-06-15T06:53:28: 读取文件成功
2017-06-15T06:54:28: 读取文件成功
2017-06-15T06:55:28: 读取文件成功
2017-06-15T06:56:28: 读取文件成功
2017-06-15T06:57:28: 读取文件成功
2017-06-15T06:58:28: 读取文件成功
2017-06-15T06:59:28: 读取文件成功
2017-06-15T07:00:28: 读取文件成功
2017-06-15T07:01:28: 读取文件成功
2017-06-15T07:02:28: 读取文件成功
2017-06-15T07:03:28: 读取文件成功
2017-06-15T07:04:28: 读取文件成功
2017-06-15T07:05:28: 读取文件成功
2017-06-15T07:06:28: 读取文件成功
2017-06-15T07:07:28: 读取文件成功
2017-06-15T07:08:28: 读取文件成功
2017-06-15T07:09:28: 读取文件成功
2017-06-15T07:10:28: 读取文件成功
2017-06-15T07:11:28: 读取文件成功
2017-06-15T07:12:28: 读取文件成功
2017-06-15T07:13:28: 读取文件成功
2017-06-15T07:14:28: 读取文件成功
2017-06-15T07:15:28: 读取文件成功
2017-06-15T07:16:28: 读取文件成功
2017-06-15T07:17:28: 读取文件成功
2017-06-15T07:18:28: 读取文件成功
2017-06-15T07:19:28: 读取文件成功
2017-06-15T07:20:28: 读取文件成功
2017-06-15T07:21:28: 读取文件成功
2017-06-15T07:22:28: 读取文件成功
2017-06-15T07:23:28: 读取文件成功
2017-06-15T07:24:28: 读取文件成功
2017-06-15T07:25:28: 读取文件成功
2017-06-15T07:26:28: 读取文件成功
2017-06-15T07:27:28: 读取文件成功
2017-06-15T07:28:29: 读取文件成功
2017-06-15T07:29:28: 读取文件成功
2017-06-15T07:30:28: 读取文件成功
2017-06-15T07:31:28: 读取文件成功
2017-06-15T07:32:28: 读取文件成功
2017-06-15T07:33:28: 读取文件成功
2017-06-15T07:34:29: 读取文件成功
2017-06-15T07:35:28: 读取文件成功
2017-06-15T07:36:28: 读取文件成功
2017-06-15T07:37:28: 读取文件成功
2017-06-15T07:38:29: 读取文件成功
2017-06-15T07:39:29: 读取文件成功
2017-06-15T07:40:29: 读取文件成功
2017-06-15T07:41:29: 读取文件成功
2017-06-15T07:42:29: 读取文件成功
2017-06-15T07:43:29: 读取文件成功
2017-06-15T07:44:29: 读取文件成功
2017-06-15T07:45:29: 读取文件成功
2017-06-15T07:46:29: 读取文件成功
2017-06-15T07:47:29: 读取文件成功
2017-06-15T07:48:29: 读取文件成功
2017-06-15T07:49:29: 读取文件成功
2017-06-15T07:50:29: 读取文件成功
2017-06-15T07:51:29: 读取文件成功
2017-06-15T07:52:29: 读取文件成功
2017-06-15T07:53:29: 读取文件成功
2017-06-15T07:54:29: 读取文件成功
2017-06-15T07:55:29: 读取文件成功
2017-06-15T07:56:29: 读取文件成功
2017-06-15T07:57:29: 读取文件成功
2017-06-15T07:58:29: 读取文件成功
2017-06-15T07:59:29: 读取文件成功
2017-06-15T08:00:29: 读取文件成功
2017-06-15T08:01:29: 读取文件成功
2017-06-15T08:02:29: 读取文件成功
2017-06-15T08:03:29: 读取文件成功
2017-06-15T08:04:29: 读取文件成功
2017-06-15T08:05:29: 读取文件成功
2017-06-15T08:06:29: 读取文件成功
2017-06-15T08:07:29: 读取文件成功
2017-06-15T08:08:29: 读取文件成功
2017-06-15T08:09:29: 读取文件成功
2017-06-15T08:10:29: 读取文件成功
2017-06-15T08:11:29: 读取文件成功
2017-06-15T08:12:29: 读取文件成功
2017-06-15T08:13:29: 读取文件成功
2017-06-15T08:14:29: 读取文件成功
2017-06-15T08:15:29: 读取文件成功
2017-06-15T08:16:29: 读取文件成功
2017-06-15T08:17:29: 读取文件成功
2017-06-15T08:18:29: 读取文件成功
2017-06-15T08:19:29: 读取文件成功
2017-06-15T08:20:29: 读取文件成功
2017-06-15T08:21:29: 读取文件成功
2017-06-15T08:22:29: 读取文件成功
2017-06-15T08:23:29: 读取文件成功
2017-06-15T08:24:29: 读取文件成功
2017-06-15T08:25:29: 读取文件成功
2017-06-15T08:26:29: 读取文件成功
2017-06-15T08:27:29: 读取文件成功
2017-06-15T08:28:29: 读取文件成功
2017-06-15T08:29:29: 读取文件成功
2017-06-15T08:30:29: 读取文件成功
2017-06-15T08:31:29: 读取文件成功
2017-06-15T08:32:29: 读取文件成功
2017-06-15T08:33:29: 读取文件成功
2017-06-15T08:34:29: 读取文件成功
2017-06-15T08:35:29: 读取文件成功
2017-06-15T08:36:29: 读取文件成功
2017-06-15T08:37:29: 读取文件成功
2017-06-15T08:38:29: 读取文件成功
2017-06-15T08:39:29: 读取文件成功
2017-06-15T08:40:29: 读取文件成功
2017-06-15T08:41:29: 读取文件成功
2017-06-15T08:42:29: 读取文件成功
2017-06-15T08:43:29: 读取文件成功
2017-06-15T08:44:29: 读取文件成功
2017-06-15T08:45:29: 读取文件成功
2017-06-15T08:46:29: 读取文件成功
2017-06-15T08:47:29: 读取文件成功
2017-06-15T08:48:29: 读取文件成功
2017-06-15T08:49:29: 读取文件成功
2017-06-15T08:50:29: 读取文件成功
2017-06-15T08:51:29: 读取文件成功
2017-06-15T08:52:29: 读取文件成功
2017-06-15T08:53:29: 读取文件成功
2017-06-15T08:54:29: 读取文件成功
2017-06-15T08:55:29: 读取文件成功
2017-06-15T08:56:29: 读取文件成功
2017-06-15T08:57:29: 读取文件成功
2017-06-15T08:58:29: 读取文件成功
2017-06-15T08:59:29: 读取文件成功
2017-06-15T09:00:29: 读取文件成功
2017-06-15T09:01:29: 读取文件成功
2017-06-15T09:02:29: 读取文件成功
2017-06-15T09:03:29: 读取文件成功
2017-06-15T09:04:29: 读取文件成功
2017-06-15T09:05:29: 读取文件成功
2017-06-15T09:06:29: 读取文件成功
2017-06-15T09:07:29: 读取文件成功
2017-06-15T09:08:29: 读取文件成功
2017-06-15T09:09:29: 读取文件成功
2017-06-15T09:10:29: 读取文件成功
2017-06-15T09:11:29: 读取文件成功
2017-06-15T09:12:29: 读取文件成功
2017-06-15T09:13:29: 读取文件成功
2017-06-15T09:14:29: 读取文件成功
2017-06-15T09:15:30: 读取文件成功
2017-06-15T09:16:29: 读取文件成功
2017-06-15T09:17:29: 读取文件成功
2017-06-15T09:18:29: 读取文件成功
2017-06-15T09:19:30: 读取文件成功
2017-06-15T09:20:29: 读取文件成功
2017-06-15T09:21:30: 读取文件成功
2017-06-15T09:22:30: 读取文件成功
2017-06-15T09:23:30: 读取文件成功
2017-06-15T09:24:30: 读取文件成功
2017-06-15T09:25:30: 读取文件成功
2017-06-15T09:26:30: 读取文件成功
2017-06-15T09:27:30: 读取文件成功
2017-06-15T09:28:30: 读取文件成功
2017-06-15T09:29:30: 读取文件成功
2017-06-15T09:30:30: 读取文件成功
2017-06-15T09:31:30: 读取文件成功
2017-06-15T09:32:30: 读取文件成功
2017-06-15T09:33:30: 读取文件成功
2017-06-15T09:34:30: 读取文件成功
2017-06-15T09:35:30: 读取文件成功
2017-06-15T09:36:30: 读取文件成功
2017-06-15T09:37:30: 读取文件成功
2017-06-15T09:38:30: 读取文件成功
2017-06-15T09:39:30: 读取文件成功
2017-06-15T09:40:30: 读取文件成功
2017-06-15T09:41:30: 读取文件成功
2017-06-15T09:42:30: 读取文件成功
2017-06-15T09:43:30: 读取文件成功
2017-06-15T09:44:30: 读取文件成功
2017-06-15T09:45:30: 读取文件成功
2017-06-15T09:46:30: 读取文件成功
2017-06-15T09:47:30: 读取文件成功
2017-06-15T09:48:30: 读取文件成功
2017-06-15T09:49:30: 读取文件成功
2017-06-15T09:50:30: 读取文件成功
2017-06-15T09:51:30: 读取文件成功
2017-06-15T09:52:30: 读取文件成功
2017-06-15T09:53:30: 读取文件成功
2017-06-15T09:54:30: 读取文件成功
2017-06-15T09:55:30: 读取文件成功
2017-06-15T09:56:30: 读取文件成功
2017-06-15T09:57:30: 读取文件成功
2017-06-15T09:58:30: 读取文件成功
2017-06-15T09:59:30: 读取文件成功
2017-06-15T10:00:30: 读取文件成功
2017-06-15T10:01:30: 读取文件成功
2017-06-15T10:02:30: 读取文件成功
2017-06-15T10:03:30: 读取文件成功
2017-06-15T10:04:30: 读取文件成功
2017-06-15T10:05:30: 读取文件成功
2017-06-15T10:06:30: 读取文件成功
2017-06-15T10:07:30: 读取文件成功
2017-06-15T10:08:30: 读取文件成功
2017-06-15T10:09:30: 读取文件成功
2017-06-15T10:10:30: 读取文件成功
2017-06-15T10:11:30: 读取文件成功
2017-06-15T10:12:30: 读取文件成功
2017-06-15T10:13:30: 读取文件成功
2017-06-15T10:14:30: 读取文件成功
2017-06-15T10:15:30: 读取文件成功
2017-06-15T10:16:30: 读取文件成功
2017-06-15T10:17:30: 读取文件成功
2017-06-15T10:18:30: 读取文件成功
2017-06-15T10:19:30: 读取文件成功
2017-06-15T10:20:30: 读取文件成功
2017-06-15T10:21:30: 读取文件成功
2017-06-15T10:22:30: 读取文件成功
2017-06-15T10:23:30: 读取文件成功
2017-06-15T10:24:30: 读取文件成功
2017-06-15T10:25:30: 读取文件成功
2017-06-15T10:26:30: 读取文件成功
2017-06-15T10:27:30: 读取文件成功
2017-06-15T10:28:30: 读取文件成功
2017-06-15T10:29:30: 读取文件成功
2017-06-15T10:30:30: 读取文件成功
2017-06-15T10:31:30: 读取文件成功
2017-06-15T10:32:30: 读取文件成功
2017-06-15T10:33:30: 读取文件成功
2017-06-15T10:34:30: 读取文件成功
2017-06-15T10:35:30: 读取文件成功
2017-06-15T10:36:30: 读取文件成功
2017-06-15T10:37:30: 读取文件成功
2017-06-15T10:38:48: 读取文件成功
2017-06-15T10:39:32: 读取文件成功
2017-06-15T10:40:30: 读取文件成功
2017-06-15T10:41:30: 读取文件成功
2017-06-15T10:42:30: 读取文件成功
2017-06-15T10:43:30: 读取文件成功
2017-06-15T10:44:30: 读取文件成功
2017-06-15T10:45:30: 读取文件成功
2017-06-15T10:46:30: 读取文件成功
2017-06-15T10:47:30: 读取文件成功
2017-06-15T10:48:31: 读取文件成功
2017-06-15T10:49:30: 读取文件成功
2017-06-15T10:50:30: 读取文件成功
2017-06-15T10:51:30: 读取文件成功
2017-06-15T10:52:30: 读取文件成功
2017-06-15T10:53:30: 读取文件成功
2017-06-15T10:54:30: 读取文件成功
2017-06-15T10:55:30: 读取文件成功
2017-06-15T10:56:31: 读取文件成功
2017-06-15T10:57:31: 读取文件成功
2017-06-15T10:58:33: 读取文件成功
2017-06-15T10:59:30: 读取文件成功
2017-06-15T11:01:02: 读取文件成功
2017-06-15T11:01:30: 读取文件成功
2017-06-15T11:02:31: 读取文件成功
2017-06-15T11:03:31: 读取文件成功
2017-06-15T11:04:31: 读取文件成功
2017-06-15T11:05:31: 读取文件成功
2017-06-15T11:06:31: 读取文件成功
2017-06-15T11:07:31: 读取文件成功
2017-06-15T11:08:31: 读取文件成功
2017-06-15T11:09:31: 读取文件成功
2017-06-15T11:10:31: 读取文件成功
2017-06-15T11:11:31: 读取文件成功
2017-06-15T11:12:31: 读取文件成功
2017-06-15T11:13:31: 读取文件成功
2017-06-15T11:14:31: 读取文件成功
2017-06-15T11:15:31: 读取文件成功
2017-06-15T11:16:31: 读取文件成功
2017-06-15T11:17:31: 读取文件成功
2017-06-15T11:18:31: 读取文件成功
2017-06-15T11:19:31: 读取文件成功
2017-06-15T11:20:31: 读取文件成功
2017-06-15T11:21:31: 读取文件成功
2017-06-15T11:22:31: 读取文件成功
2017-06-15T11:23:31: 读取文件成功
2017-06-15T11:24:31: 读取文件成功
2017-06-15T11:25:31: 读取文件成功
2017-06-15T11:26:31: 读取文件成功
2017-06-15T11:27:31: 读取文件成功
2017-06-15T11:28:52: 读取文件成功
2017-06-15T11:29:31: 读取文件成功
2017-06-15T11:30:31: 读取文件成功
2017-06-15T11:31:31: 读取文件成功
2017-06-15T11:32:31: 读取文件成功
2017-06-15T11:33:31: 读取文件成功
2017-06-15T11:34:31: 读取文件成功
2017-06-15T11:35:31: 读取文件成功
2017-06-15T11:36:31: 读取文件成功
2017-06-15T11:37:31: 读取文件成功
2017-06-15T11:38:31: 读取文件成功
2017-06-15T11:39:31: 读取文件成功
2017-06-15T11:40:31: 读取文件成功
2017-06-15T11:41:31: 读取文件成功
2017-06-15T11:42:31: 读取文件成功
2017-06-15T11:43:31: 读取文件成功
2017-06-15T11:44:31: 读取文件成功
2017-06-15T11:45:31: 读取文件成功
2017-06-15T11:46:31: 读取文件成功
2017-06-15T11:47:31: 读取文件成功
2017-06-15T11:48:31: 读取文件成功
2017-06-15T11:49:31: 读取文件成功
2017-06-15T11:50:31: 读取文件成功
2017-06-15T11:51:31: 读取文件成功
2017-06-15T11:52:31: 读取文件成功
2017-06-15T11:53:31: 读取文件成功
2017-06-15T11:54:31: 读取文件成功
2017-06-15T11:55:31: 读取文件成功
2017-06-15T11:56:31: 读取文件成功
2017-06-15T11:57:31: 读取文件成功
2017-06-15T11:58:31: 读取文件成功
2017-06-15T11:59:31: 读取文件成功
2017-06-15T12:00:31: 读取文件成功
2017-06-15T12:01:31: 读取文件成功
2017-06-15T12:02:31: 读取文件成功
2017-06-15T12:03:31: 读取文件成功
2017-06-15T12:04:31: 读取文件成功
2017-06-15T12:05:31: 读取文件成功
2017-06-15T12:06:31: 读取文件成功
2017-06-15T12:07:31: 读取文件成功
2017-06-15T12:08:31: 读取文件成功
2017-06-15T12:09:31: 读取文件成功
2017-06-15T12:10:31: 读取文件成功
2017-06-15T12:11:31: 读取文件成功
2017-06-15T12:12:31: 读取文件成功
2017-06-15T12:13:31: 读取文件成功
2017-06-15T12:14:31: 读取文件成功
2017-06-15T12:15:31: 读取文件成功
2017-06-15T12:16:31: 读取文件成功
2017-06-15T12:17:31: 读取文件成功
2017-06-15T12:18:31: 读取文件成功
2017-06-15T12:19:31: 读取文件成功
2017-06-15T12:20:31: 读取文件成功
2017-06-15T12:21:31: 读取文件成功
2017-06-15T12:22:31: 读取文件成功
2017-06-15T12:23:31: 读取文件成功
2017-06-15T12:24:31: 读取文件成功
2017-06-15T12:25:31: 读取文件成功
2017-06-15T12:26:31: 读取文件成功
2017-06-15T12:27:31: 读取文件成功
2017-06-15T12:28:31: 读取文件成功
2017-06-15T12:29:31: 读取文件成功
2017-06-15T12:30:31: 读取文件成功
2017-06-15T12:31:31: 读取文件成功
2017-06-15T12:32:31: 读取文件成功
2017-06-15T12:33:31: 读取文件成功
2017-06-15T12:34:31: 读取文件成功
2017-06-15T12:35:31: 读取文件成功
2017-06-15T12:36:31: 读取文件成功
2017-06-15T12:37:32: 读取文件成功
2017-06-15T12:38:31: 读取文件成功
2017-06-15T12:39:31: 读取文件成功
2017-06-15T12:40:31: 读取文件成功
2017-06-15T12:41:31: 读取文件成功
2017-06-15T12:42:31: 读取文件成功
2017-06-15T12:43:32: 读取文件成功
2017-06-15T12:44:32: 读取文件成功
2017-06-15T12:45:32: 读取文件成功
2017-06-15T12:46:32: 读取文件成功
2017-06-15T12:47:32: 读取文件成功
2017-06-15T12:48:32: 读取文件成功
2017-06-15T12:49:32: 读取文件成功
2017-06-15T12:50:32: 读取文件成功
2017-06-15T12:51:32: 读取文件成功
2017-06-15T12:52:32: 读取文件成功
2017-06-15T12:53:32: 读取文件成功
2017-06-15T12:54:32: 读取文件成功
2017-06-15T12:55:32: 读取文件成功
2017-06-15T12:56:32: 读取文件成功
2017-06-15T12:57:32: 读取文件成功
2017-06-15T12:58:32: 读取文件成功
2017-06-15T12:59:32: 读取文件成功
2017-06-15T13:00:32: 读取文件成功
2017-06-15T13:01:32: 读取文件成功
2017-06-15T13:02:32: 读取文件成功
2017-06-15T13:03:32: 读取文件成功
2017-06-15T13:04:32: 读取文件成功
2017-06-15T13:05:32: 读取文件成功
2017-06-15T13:06:32: 读取文件成功
2017-06-15T13:07:32: 读取文件成功
2017-06-15T13:08:32: 读取文件成功
2017-06-15T13:09:32: 读取文件成功
2017-06-15T13:10:32: 读取文件成功
2017-06-15T13:11:32: 读取文件成功
2017-06-15T13:12:32: 读取文件成功
2017-06-15T13:13:32: 读取文件成功
2017-06-15T13:14:32: 读取文件成功
2017-06-15T13:15:32: 读取文件成功
2017-06-15T13:16:32: 读取文件成功
2017-06-15T13:17:32: 读取文件成功
2017-06-15T13:18:32: 读取文件成功
2017-06-15T13:19:32: 读取文件成功
2017-06-15T13:20:32: 读取文件成功
2017-06-15T13:21:32: 读取文件成功
2017-06-15T13:22:32: 读取文件成功
2017-06-15T13:23:32: 读取文件成功
2017-06-15T13:24:32: 读取文件成功
2017-06-15T13:25:32: 读取文件成功
2017-06-15T13:26:32: 读取文件成功
2017-06-15T13:27:32: 读取文件成功
2017-06-15T13:28:32: 读取文件成功
2017-06-15T13:29:32: 读取文件成功
2017-06-15T13:30:32: 读取文件成功
2017-06-15T13:31:32: 读取文件成功
2017-06-15T13:32:32: 读取文件成功
2017-06-15T13:33:32: 读取文件成功
2017-06-15T13:34:32: 读取文件成功
2017-06-15T13:35:32: 读取文件成功
2017-06-15T13:36:32: 读取文件成功
2017-06-15T13:37:32: 读取文件成功
2017-06-15T13:38:32: 读取文件成功
2017-06-15T13:39:32: 读取文件成功
2017-06-15T13:40:32: 读取文件成功
2017-06-15T13:41:32: 读取文件成功
2017-06-15T13:42:32: 读取文件成功
2017-06-15T13:43:32: 读取文件成功
2017-06-15T13:44:32: 读取文件成功
2017-06-15T13:45:32: 读取文件成功
2017-06-15T13:47:36: 读取文件成功
2017-06-15T13:48:43: 读取文件成功
2017-06-15T13:49:48: 读取文件成功
2017-06-15T13:50:32: 读取文件成功
2017-06-15T13:51:32: 读取文件成功
2017-06-15T13:52:32: 读取文件成功
2017-06-15T13:53:32: 读取文件成功
2017-06-15T13:54:48: 读取文件成功
2017-06-15T13:55:52: 读取文件成功
2017-06-15T13:56:43: 读取文件成功
2017-06-15T13:59:33: 读取文件成功
2017-06-15T13:59:47: 读取文件成功
2017-06-15T14:00:32: 读取文件成功
2017-06-15T14:01:32: 读取文件成功
2017-06-15T14:02:32: 读取文件成功
2017-06-15T14:03:32: 读取文件成功
2017-06-15T14:04:32: 读取文件成功
2017-06-15T14:05:32: 读取文件成功
2017-06-15T14:06:32: 读取文件成功
2017-06-15T14:07:32: 读取文件成功
2017-06-15T14:08:32: 读取文件成功
2017-06-15T14:09:32: 读取文件成功
2017-06-15T14:10:32: 读取文件成功
2017-06-15T14:11:32: 读取文件成功
2017-06-15T14:12:32: 读取文件成功
2017-06-15T14:13:32: 读取文件成功
2017-06-15T14:14:32: 读取文件成功
2017-06-15T14:15:32: 读取文件成功
2017-06-15T14:16:32: 读取文件成功
2017-06-15T14:17:32: 读取文件成功
2017-06-15T14:18:32: 读取文件成功
2017-06-15T14:19:32: 读取文件成功
2017-06-15T14:20:32: 读取文件成功
2017-06-15T14:21:32: 读取文件成功
2017-06-15T14:22:32: 读取文件成功
2017-06-15T14:23:32: 读取文件成功
2017-06-15T14:24:33: 读取文件成功
2017-06-15T14:25:33: 读取文件成功
2017-06-15T14:26:32: 读取文件成功
2017-06-15T14:27:33: 读取文件成功
2017-06-15T14:28:33: 读取文件成功
2017-06-15T14:29:33: 读取文件成功
2017-06-15T14:30:33: 读取文件成功
2017-06-15T14:31:33: 读取文件成功
2017-06-15T14:32:33: 读取文件成功
2017-06-15T14:33:33: 读取文件成功
2017-06-15T14:34:33: 读取文件成功
2017-06-15T14:35:33: 读取文件成功
2017-06-15T14:36:33: 读取文件成功
2017-06-15T14:37:33: 读取文件成功
2017-06-15T14:38:33: 读取文件成功
2017-06-15T14:39:33: 读取文件成功
2017-06-15T14:40:33: 读取文件成功
2017-06-15T14:41:33: 读取文件成功
2017-06-15T14:42:33: 读取文件成功
2017-06-15T14:43:33: 读取文件成功
2017-06-15T14:44:33: 读取文件成功
2017-06-15T14:45:33: 读取文件成功
2017-06-15T14:46:33: 读取文件成功
2017-06-15T14:47:33: 读取文件成功
2017-06-15T14:48:33: 读取文件成功
2017-06-15T14:49:33: 读取文件成功
2017-06-15T14:50:33: 读取文件成功
2017-06-15T14:51:33: 读取文件成功
2017-06-15T14:52:33: 读取文件成功
2017-06-15T14:53:33: 读取文件成功
2017-06-15T14:54:33: 读取文件成功
2017-06-15T14:55:33: 读取文件成功
2017-06-15T14:56:33: 读取文件成功
2017-06-15T14:57:33: 读取文件成功
2017-06-15T14:58:33: 读取文件成功
2017-06-15T14:59:33: 读取文件成功
2017-06-15T15:00:33: 读取文件成功
2017-06-15T15:01:33: 读取文件成功
2017-06-15T15:02:33: 读取文件成功
2017-06-15T15:03:33: 读取文件成功
2017-06-15T15:04:33: 读取文件成功
2017-06-15T15:05:33: 读取文件成功
2017-06-15T15:06:33: 读取文件成功
2017-06-15T15:07:33: 读取文件成功
2017-06-15T15:08:33: 读取文件成功
2017-06-15T15:09:33: 读取文件成功
2017-06-15T15:10:33: 读取文件成功
2017-06-15T15:11:33: 读取文件成功
2017-06-15T15:12:33: 读取文件成功
2017-06-15T15:13:33: 读取文件成功
2017-06-15T15:14:33: 读取文件成功
2017-06-15T15:15:33: 读取文件成功
2017-06-15T15:16:33: 读取文件成功
2017-06-15T15:17:33: 读取文件成功
2017-06-15T15:18:33: 读取文件成功
2017-06-15T15:19:33: 读取文件成功
2017-06-15T15:20:33: 读取文件成功
2017-06-15T15:21:33: 读取文件成功
2017-06-15T15:22:33: 读取文件成功
2017-06-15T15:23:33: 读取文件成功
2017-06-15T15:24:33: 读取文件成功
2017-06-15T15:25:33: 读取文件成功
2017-06-15T15:26:33: 读取文件成功
2017-06-15T15:27:33: 读取文件成功
2017-06-15T15:28:33: 读取文件成功
2017-06-15T15:29:33: 读取文件成功
2017-06-15T15:30:33: 读取文件成功
2017-06-15T15:31:33: 读取文件成功
2017-06-15T15:32:33: 读取文件成功
2017-06-15T15:33:33: 读取文件成功
2017-06-15T15:34:33: 读取文件成功
2017-06-15T15:35:33: 读取文件成功
2017-06-15T15:36:33: 读取文件成功
2017-06-15T15:37:33: 读取文件成功
2017-06-15T15:38:33: 读取文件成功
2017-06-15T15:39:33: 读取文件成功
2017-06-15T15:40:33: 读取文件成功
2017-06-15T15:41:33: 读取文件成功
2017-06-15T15:42:33: 读取文件成功
2017-06-15T15:43:33: 读取文件成功
2017-06-15T15:44:33: 读取文件成功
2017-06-15T15:45:33: 读取文件成功
2017-06-15T15:46:33: 读取文件成功
2017-06-15T15:47:33: 读取文件成功
2017-06-15T15:48:33: 读取文件成功
2017-06-15T15:49:33: 读取文件成功
2017-06-15T15:50:33: 读取文件成功
2017-06-15T15:51:33: 读取文件成功
2017-06-15T15:52:33: 读取文件成功
2017-06-15T15:53:33: 读取文件成功
2017-06-15T15:54:33: 读取文件成功
2017-06-15T15:55:33: 读取文件成功
2017-06-15T15:56:33: 读取文件成功
2017-06-15T15:57:33: 读取文件成功
2017-06-15T15:58:33: 读取文件成功
2017-06-15T15:59:33: 读取文件成功
2017-06-15T16:00:33: 读取文件成功
2017-06-15T16:01:33: 读取文件成功
2017-06-15T16:02:33: 读取文件成功
2017-06-15T16:03:33: 读取文件成功
2017-06-15T16:04:33: 读取文件成功
2017-06-15T16:05:34: 读取文件成功
2017-06-15T16:06:33: 读取文件成功
2017-06-15T16:07:34: 读取文件成功
2017-06-15T16:08:34: 读取文件成功
2017-06-15T16:09:34: 读取文件成功
2017-06-15T16:10:34: 读取文件成功
2017-06-15T16:11:34: 读取文件成功
2017-06-15T16:12:34: 读取文件成功
2017-06-15T16:13:34: 读取文件成功
2017-06-15T16:14:34: 读取文件成功
2017-06-15T16:15:34: 读取文件成功
2017-06-15T16:16:34: 读取文件成功
2017-06-15T16:17:34: 读取文件成功
2017-06-15T16:18:34: 读取文件成功
2017-06-15T16:19:34: 读取文件成功
2017-06-15T16:20:34: 读取文件成功
2017-06-15T16:21:34: 读取文件成功
2017-06-15T16:22:34: 读取文件成功
2017-06-15T16:23:34: 读取文件成功
2017-06-15T16:24:34: 读取文件成功
2017-06-15T16:25:34: 读取文件成功
2017-06-15T16:26:34: 读取文件成功
2017-06-15T16:27:34: 读取文件成功
2017-06-15T16:28:34: 读取文件成功
2017-06-15T16:29:34: 读取文件成功
2017-06-15T16:30:34: 读取文件成功
2017-06-15T16:31:34: 读取文件成功
2017-06-15T16:32:34: 读取文件成功
2017-06-15T16:33:34: 读取文件成功
2017-06-15T16:34:34: 读取文件成功
2017-06-15T16:35:34: 读取文件成功
2017-06-15T16:36:34: 读取文件成功
2017-06-15T16:37:36: 读取文件成功
2017-06-15T16:38:34: 读取文件成功
2017-06-15T16:39:34: 读取文件成功
2017-06-15T16:40:34: 读取文件成功
2017-06-15T16:41:34: 读取文件成功
2017-06-15T16:42:34: 读取文件成功
2017-06-15T16:43:34: 读取文件成功
2017-06-15T16:44:34: 读取文件成功
2017-06-15T16:45:34: 读取文件成功
2017-06-15T16:46:34: 读取文件成功
2017-06-15T16:47:34: 读取文件成功
2017-06-15T16:48:34: 读取文件成功
2017-06-15T16:49:34: 读取文件成功
2017-06-15T16:50:34: 读取文件成功
2017-06-15T16:51:34: 读取文件成功
2017-06-15T16:52:34: 读取文件成功
2017-06-15T16:53:34: 读取文件成功
2017-06-15T16:54:34: 读取文件成功
2017-06-15T16:55:34: 读取文件成功
2017-06-15T16:56:34: 读取文件成功
2017-06-15T16:57:34: 读取文件成功
2017-06-15T16:58:34: 读取文件成功
2017-06-15T16:59:34: 读取文件成功
2017-06-15T17:00:34: 读取文件成功
2017-06-15T17:01:34: 读取文件成功
2017-06-15T17:02:34: 读取文件成功
2017-06-15T17:03:34: 读取文件成功
2017-06-15T17:04:34: 读取文件成功
2017-06-15T17:05:34: 读取文件成功
2017-06-15T17:06:34: 读取文件成功
2017-06-15T17:07:34: 读取文件成功
2017-06-15T17:08:34: 读取文件成功
2017-06-15T17:09:34: 读取文件成功
2017-06-15T17:10:34: 读取文件成功
2017-06-15T17:11:34: 读取文件成功
2017-06-15T17:12:34: 读取文件成功
2017-06-15T17:13:34: 读取文件成功
2017-06-15T17:14:34: 读取文件成功
2017-06-15T17:15:34: 读取文件成功
2017-06-15T17:16:34: 读取文件成功
2017-06-15T17:17:34: 读取文件成功
2017-06-15T17:18:34: 读取文件成功
2017-06-15T17:19:34: 读取文件成功
2017-06-15T17:20:34: 读取文件成功
2017-06-15T17:21:34: 读取文件成功
2017-06-15T17:22:34: 读取文件成功
2017-06-15T17:23:34: 读取文件成功
2017-06-15T17:24:34: 读取文件成功
2017-06-15T17:25:34: 读取文件成功
2017-06-15T17:26:34: 读取文件成功
2017-06-15T17:27:34: 读取文件成功
2017-06-15T17:28:34: 读取文件成功
2017-06-15T17:29:34: 读取文件成功
2017-06-15T17:30:34: 读取文件成功
2017-06-15T17:31:34: 读取文件成功
2017-06-15T17:32:34: 读取文件成功
2017-06-15T17:33:34: 读取文件成功
2017-06-15T17:34:34: 读取文件成功
2017-06-15T17:35:34: 读取文件成功
2017-06-15T17:36:34: 读取文件成功
2017-06-15T17:37:34: 读取文件成功
2017-06-15T17:38:34: 读取文件成功
2017-06-15T17:39:34: 读取文件成功
2017-06-15T17:40:34: 读取文件成功
2017-06-15T17:41:34: 读取文件成功
2017-06-15T17:42:34: 读取文件成功
2017-06-15T17:43:34: 读取文件成功
2017-06-15T17:44:34: 读取文件成功
2017-06-15T17:45:34: 读取文件成功
2017-06-15T17:46:34: 读取文件成功
2017-06-15T17:47:35: 读取文件成功
2017-06-15T17:48:34: 读取文件成功
2017-06-15T17:49:34: 读取文件成功
2017-06-15T17:50:35: 读取文件成功
2017-06-15T17:51:34: 读取文件成功
2017-06-15T17:52:35: 读取文件成功
2017-06-15T17:53:35: 读取文件成功
2017-06-15T17:54:35: 读取文件成功
2017-06-15T17:55:35: 读取文件成功
2017-06-15T17:56:35: 读取文件成功
2017-06-15T17:57:35: 读取文件成功
2017-06-15T17:58:35: 读取文件成功
2017-06-15T17:59:35: 读取文件成功
2017-06-15T18:00:35: 读取文件成功
2017-06-15T18:01:35: 读取文件成功
2017-06-15T18:02:35: 读取文件成功
2017-06-15T18:03:35: 读取文件成功
2017-06-15T18:04:35: 读取文件成功
2017-06-15T18:05:35: 读取文件成功
2017-06-15T18:06:35: 读取文件成功
2017-06-15T18:07:35: 读取文件成功
2017-06-15T18:08:35: 读取文件成功
2017-06-15T18:09:35: 读取文件成功
2017-06-15T18:10:35: 读取文件成功
2017-06-15T18:11:35: 读取文件成功
2017-06-15T18:12:35: 读取文件成功
2017-06-15T18:13:35: 读取文件成功
2017-06-15T18:14:35: 读取文件成功
2017-06-15T18:15:35: 读取文件成功
2017-06-15T18:16:35: 读取文件成功
2017-06-15T18:17:35: 读取文件成功
2017-06-15T18:18:35: 读取文件成功
2017-06-15T18:19:35: 读取文件成功
2017-06-15T18:20:35: 读取文件成功
2017-06-15T18:21:35: 读取文件成功
2017-06-15T18:22:35: 读取文件成功
2017-06-15T18:23:35: 读取文件成功
2017-06-15T18:24:35: 读取文件成功
2017-06-15T18:25:35: 读取文件成功
2017-06-15T18:26:35: 读取文件成功
2017-06-15T18:27:35: 读取文件成功
2017-06-15T18:28:35: 读取文件成功
2017-06-15T18:29:35: 读取文件成功
2017-06-15T18:30:35: 读取文件成功
2017-06-15T18:31:35: 读取文件成功
2017-06-15T18:32:35: 读取文件成功
2017-06-15T18:33:35: 读取文件成功
2017-06-15T18:34:35: 读取文件成功
2017-06-15T18:35:35: 读取文件成功
2017-06-15T18:36:35: 读取文件成功
2017-06-15T18:37:35: 读取文件成功
2017-06-15T18:38:35: 读取文件成功
2017-06-15T18:39:35: 读取文件成功
2017-06-15T18:40:35: 读取文件成功
2017-06-15T18:41:35: 读取文件成功
2017-06-15T18:42:35: 读取文件成功
2017-06-15T18:43:35: 读取文件成功
2017-06-15T18:44:35: 读取文件成功
2017-06-15T18:45:35: 读取文件成功
2017-06-15T18:46:35: 读取文件成功
2017-06-15T18:47:35: 读取文件成功
2017-06-15T18:48:35: 读取文件成功
2017-06-15T18:49:35: 读取文件成功
2017-06-15T18:50:35: 读取文件成功
2017-06-15T18:51:35: 读取文件成功
2017-06-15T18:52:35: 读取文件成功
2017-06-15T18:53:35: 读取文件成功
2017-06-15T18:54:35: 读取文件成功
2017-06-15T18:55:35: 读取文件成功
2017-06-15T18:56:35: 读取文件成功
2017-06-15T18:57:41: 读取文件成功
2017-06-15T18:58:35: 读取文件成功
2017-06-15T18:59:36: 读取文件成功
2017-06-15T19:00:35: 读取文件成功
2017-06-15T19:01:38: 读取文件成功
2017-06-15T19:02:36: 读取文件成功
2017-06-15T19:03:36: 读取文件成功
2017-06-15T19:04:37: 读取文件成功
2017-06-15T19:05:35: 读取文件成功
2017-06-15T19:06:35: 读取文件成功
2017-06-15T19:07:36: 读取文件成功
2017-06-15T19:08:35: 读取文件成功
2017-06-15T19:09:35: 读取文件成功
2017-06-15T19:10:35: 读取文件成功
2017-06-15T19:11:35: 读取文件成功
2017-06-15T19:12:35: 读取文件成功
2017-06-15T19:13:35: 读取文件成功
2017-06-15T19:14:35: 读取文件成功
2017-06-15T19:15:36: 读取文件成功
2017-06-15T19:16:35: 读取文件成功
2017-06-15T19:17:35: 读取文件成功
2017-06-15T19:18:35: 读取文件成功
2017-06-15T19:19:35: 读取文件成功
2017-06-15T19:20:35: 读取文件成功
2017-06-15T19:21:35: 读取文件成功
2017-06-15T19:22:35: 读取文件成功
2017-06-15T19:23:35: 读取文件成功
2017-06-15T19:24:35: 读取文件成功
2017-06-15T19:25:35: 读取文件成功
2017-06-15T19:26:35: 读取文件成功
2017-06-15T19:27:35: 读取文件成功
2017-06-15T19:28:35: 读取文件成功
2017-06-15T19:29:35: 读取文件成功
2017-06-15T19:30:35: 读取文件成功
2017-06-15T19:31:35: 读取文件成功
2017-06-15T19:32:35: 读取文件成功
2017-06-15T19:33:36: 读取文件成功
2017-06-15T19:34:35: 读取文件成功
2017-06-15T19:35:35: 读取文件成功
2017-06-15T19:36:35: 读取文件成功
2017-06-15T19:37:35: 读取文件成功
2017-06-15T19:38:35: 读取文件成功
2017-06-15T19:39:36: 读取文件成功
2017-06-15T19:40:36: 读取文件成功
2017-06-15T19:41:36: 读取文件成功
2017-06-15T19:42:36: 读取文件成功
2017-06-15T19:43:36: 读取文件成功
2017-06-15T19:44:36: 读取文件成功
2017-06-15T19:45:36: 读取文件成功
2017-06-15T19:46:36: 读取文件成功
2017-06-15T19:47:36: 读取文件成功
2017-06-15T19:48:36: 读取文件成功
2017-06-15T19:49:36: 读取文件成功
2017-06-15T19:50:36: 读取文件成功
2017-06-15T19:51:36: 读取文件成功
2017-06-15T19:52:36: 读取文件成功
2017-06-15T19:53:36: 读取文件成功
2017-06-15T19:54:36: 读取文件成功
2017-06-15T19:55:36: 读取文件成功
2017-06-15T19:56:36: 读取文件成功
2017-06-15T19:57:36: 读取文件成功
2017-06-15T19:58:36: 读取文件成功
2017-06-15T19:59:36: 读取文件成功
2017-06-15T20:00:36: 读取文件成功
2017-06-15T20:01:36: 读取文件成功
2017-06-15T20:02:36: 读取文件成功
2017-06-15T20:03:36: 读取文件成功
2017-06-15T20:04:36: 读取文件成功
2017-06-15T20:05:36: 读取文件成功
2017-06-15T20:06:36: 读取文件成功
2017-06-15T20:07:36: 读取文件成功
2017-06-15T20:08:36: 读取文件成功
2017-06-15T20:09:36: 读取文件成功
2017-06-15T20:10:36: 读取文件成功
2017-06-15T20:11:36: 读取文件成功
2017-06-15T20:12:36: 读取文件成功
2017-06-15T20:13:36: 读取文件成功
2017-06-15T20:14:36: 读取文件成功
2017-06-15T20:15:36: 读取文件成功
2017-06-15T20:16:36: 读取文件成功
2017-06-15T20:17:36: 读取文件成功
2017-06-15T20:18:36: 读取文件成功
2017-06-15T20:19:36: 读取文件成功
2017-06-15T20:20:36: 读取文件成功
2017-06-15T20:21:36: 读取文件成功
2017-06-15T20:22:36: 读取文件成功
2017-06-15T20:23:36: 读取文件成功
2017-06-15T20:24:36: 读取文件成功
2017-06-15T20:25:36: 读取文件成功
2017-06-15T20:26:36: 读取文件成功
2017-06-15T20:27:36: 读取文件成功
2017-06-15T20:28:36: 读取文件成功
2017-06-15T20:29:36: 读取文件成功
2017-06-15T20:30:36: 读取文件成功
2017-06-15T20:31:36: 读取文件成功
2017-06-15T20:32:36: 读取文件成功
2017-06-15T20:33:36: 读取文件成功
2017-06-15T20:34:36: 读取文件成功
2017-06-15T20:35:36: 读取文件成功
2017-06-15T20:36:36: 读取文件成功
2017-06-15T20:37:36: 读取文件成功
2017-06-15T20:38:36: 读取文件成功
2017-06-15T20:39:36: 读取文件成功
2017-06-15T20:40:36: 读取文件成功
2017-06-15T20:41:36: 读取文件成功
2017-06-15T20:42:36: 读取文件成功
2017-06-15T20:43:36: 读取文件成功
2017-06-15T20:44:36: 读取文件成功
2017-06-15T20:45:36: 读取文件成功
2017-06-15T20:46:36: 读取文件成功
2017-06-15T20:47:36: 读取文件成功
2017-06-15T20:48:36: 读取文件成功
2017-06-15T20:49:36: 读取文件成功
2017-06-15T20:50:36: 读取文件成功
2017-06-15T20:51:36: 读取文件成功
2017-06-15T20:52:36: 读取文件成功
2017-06-15T20:53:36: 读取文件成功
2017-06-15T20:54:36: 读取文件成功
2017-06-15T20:55:36: 读取文件成功
2017-06-15T20:56:37: 读取文件成功
2017-06-15T20:57:36: 读取文件成功
2017-06-15T20:58:36: 读取文件成功
2017-06-15T20:59:37: 读取文件成功
2017-06-15T21:00:36: 读取文件成功
2017-06-15T21:01:36: 读取文件成功
2017-06-15T21:02:37: 读取文件成功
2017-06-15T21:03:36: 读取文件成功
2017-06-15T21:04:36: 读取文件成功
2017-06-15T21:05:36: 读取文件成功
2017-06-15T21:06:36: 读取文件成功
2017-06-15T21:07:36: 读取文件成功
2017-06-15T21:08:37: 读取文件成功
2017-06-15T21:09:37: 读取文件成功
2017-06-15T21:10:37: 读取文件成功
2017-06-15T21:11:37: 读取文件成功
2017-06-15T21:12:37: 读取文件成功
2017-06-15T21:13:37: 读取文件成功
2017-06-15T21:14:37: 读取文件成功
2017-06-15T21:15:37: 读取文件成功
2017-06-15T21:16:37: 读取文件成功
2017-06-15T21:17:37: 读取文件成功
2017-06-15T21:18:37: 读取文件成功
2017-06-15T21:19:37: 读取文件成功
2017-06-15T21:20:37: 读取文件成功
2017-06-15T21:21:37: 读取文件成功
2017-06-15T21:22:37: 读取文件成功
2017-06-15T21:23:37: 读取文件成功
2017-06-15T21:24:37: 读取文件成功
2017-06-15T21:25:37: 读取文件成功
2017-06-15T21:26:37: 读取文件成功
2017-06-15T21:27:37: 读取文件成功
2017-06-15T21:28:37: 读取文件成功
2017-06-15T21:29:37: 读取文件成功
2017-06-15T21:30:37: 读取文件成功
2017-06-15T21:31:37: 读取文件成功
2017-06-15T21:32:37: 读取文件成功
2017-06-15T21:33:37: 读取文件成功
2017-06-15T21:34:37: 读取文件成功
2017-06-15T21:35:37: 读取文件成功
2017-06-15T21:36:37: 读取文件成功
2017-06-15T21:37:37: 读取文件成功
2017-06-15T21:38:37: 读取文件成功
2017-06-15T21:39:37: 读取文件成功
2017-06-15T21:40:37: 读取文件成功
2017-06-15T21:41:37: 读取文件成功
2017-06-15T21:42:37: 读取文件成功
2017-06-15T21:43:37: 读取文件成功
2017-06-15T21:44:37: 读取文件成功
2017-06-15T21:45:37: 读取文件成功
2017-06-15T21:46:37: 读取文件成功
2017-06-15T21:47:37: 读取文件成功
2017-06-15T21:48:37: 读取文件成功
2017-06-15T21:49:37: 读取文件成功
2017-06-15T21:50:37: 读取文件成功
2017-06-15T21:51:37: 读取文件成功
2017-06-15T21:52:37: 读取文件成功
2017-06-15T21:53:37: 读取文件成功
2017-06-15T21:54:37: 读取文件成功
2017-06-15T21:55:37: 读取文件成功
2017-06-15T21:56:37: 读取文件成功
2017-06-15T21:57:37: 读取文件成功
2017-06-15T21:58:37: 读取文件成功
2017-06-15T21:59:37: 读取文件成功
2017-06-15T22:00:37: 读取文件成功
2017-06-15T22:01:37: 读取文件成功
2017-06-15T22:02:37: 读取文件成功
2017-06-15T22:03:37: 读取文件成功
2017-06-15T22:04:37: 读取文件成功
2017-06-15T22:05:37: 读取文件成功
2017-06-15T22:06:37: 读取文件成功
2017-06-15T22:07:37: 读取文件成功
2017-06-15T22:08:37: 读取文件成功
2017-06-15T22:09:37: 读取文件成功
2017-06-15T22:10:37: 读取文件成功
2017-06-15T22:11:37: 读取文件成功
2017-06-15T22:12:37: 读取文件成功
2017-06-15T22:13:37: 读取文件成功
2017-06-15T22:14:37: 读取文件成功
2017-06-15T22:15:37: 读取文件成功
2017-06-15T22:16:37: 读取文件成功
2017-06-15T22:17:37: 读取文件成功
2017-06-15T22:18:37: 读取文件成功
2017-06-15T22:19:37: 读取文件成功
2017-06-15T22:20:37: 读取文件成功
2017-06-15T22:21:37: 读取文件成功
2017-06-15T22:22:37: 读取文件成功
2017-06-15T22:23:37: 读取文件成功
2017-06-15T22:24:37: 读取文件成功
2017-06-15T22:25:37: 读取文件成功
2017-06-15T22:26:38: 读取文件成功
2017-06-15T22:27:37: 读取文件成功
2017-06-15T22:28:37: 读取文件成功
2017-06-15T22:29:37: 读取文件成功
2017-06-15T22:30:37: 读取文件成功
2017-06-15T22:31:37: 读取文件成功
2017-06-15T22:32:37: 读取文件成功
2017-06-15T22:33:37: 读取文件成功
2017-06-15T22:34:37: 读取文件成功
2017-06-15T22:35:37: 读取文件成功
2017-06-15T22:36:37: 读取文件成功
2017-06-15T22:37:37: 读取文件成功
2017-06-15T22:38:37: 读取文件成功
2017-06-15T22:39:37: 读取文件成功
2017-06-15T22:40:37: 读取文件成功
2017-06-15T22:41:37: 读取文件成功
2017-06-15T22:42:37: 读取文件成功
2017-06-15T22:43:38: 读取文件成功
2017-06-15T22:44:37: 读取文件成功
2017-06-15T22:45:38: 读取文件成功
2017-06-15T22:46:37: 读取文件成功
2017-06-15T22:47:37: 读取文件成功
2017-06-15T22:48:38: 读取文件成功
2017-06-15T22:49:38: 读取文件成功
2017-06-15T22:50:38: 读取文件成功
2017-06-15T22:51:37: 读取文件成功
2017-06-15T22:52:38: 读取文件成功
2017-06-15T22:53:37: 读取文件成功
2017-06-15T22:54:37: 读取文件成功
2017-06-15T22:55:38: 读取文件成功
2017-06-15T22:56:37: 读取文件成功
2017-06-15T22:57:37: 读取文件成功
2017-06-15T22:58:37: 读取文件成功
2017-06-15T22:59:38: 读取文件成功
2017-06-15T23:00:38: 读取文件成功
2017-06-15T23:01:39: 读取文件成功
2017-06-15T23:02:38: 读取文件成功
2017-06-15T23:03:38: 读取文件成功
2017-06-15T23:04:38: 读取文件成功
2017-06-15T23:05:38: 读取文件成功
2017-06-15T23:06:38: 读取文件成功
2017-06-15T23:07:38: 读取文件成功
2017-06-15T23:08:38: 读取文件成功
2017-06-15T23:09:38: 读取文件成功
2017-06-15T23:10:38: 读取文件成功
2017-06-15T23:11:38: 读取文件成功
2017-06-15T23:12:38: 读取文件成功
2017-06-15T23:13:38: 读取文件成功
2017-06-15T23:14:38: 读取文件成功
2017-06-15T23:15:38: 读取文件成功
2017-06-15T23:16:38: 读取文件成功
2017-06-15T23:17:38: 读取文件成功
2017-06-15T23:18:38: 读取文件成功
2017-06-15T23:19:38: 读取文件成功
2017-06-15T23:20:38: 读取文件成功
2017-06-15T23:21:38: 读取文件成功
2017-06-15T23:22:39: 读取文件成功
2017-06-15T23:23:38: 读取文件成功
2017-06-15T23:24:38: 读取文件成功
2017-06-15T23:25:38: 读取文件成功
2017-06-15T23:26:38: 读取文件成功
2017-06-15T23:27:38: 读取文件成功
2017-06-15T23:28:38: 读取文件成功
2017-06-15T23:29:38: 读取文件成功
2017-06-15T23:30:38: 读取文件成功
2017-06-15T23:31:38: 读取文件成功
2017-06-15T23:32:38: 读取文件成功
2017-06-15T23:33:38: 读取文件成功
2017-06-15T23:34:38: 读取文件成功
2017-06-15T23:35:38: 读取文件成功
2017-06-15T23:36:38: 读取文件成功
2017-06-15T23:37:38: 读取文件成功
2017-06-15T23:38:38: 读取文件成功
2017-06-15T23:39:38: 读取文件成功
2017-06-15T23:40:38: 读取文件成功
2017-06-15T23:41:38: 读取文件成功
2017-06-15T23:42:38: 读取文件成功
2017-06-15T23:43:38: 读取文件成功
2017-06-15T23:44:38: 读取文件成功
2017-06-15T23:45:38: 读取文件成功
2017-06-15T23:46:38: 读取文件成功
2017-06-15T23:47:38: 读取文件成功
2017-06-15T23:48:38: 读取文件成功
2017-06-15T23:49:38: 读取文件成功
2017-06-15T23:50:38: 非记录时间：2017-06-15T23:50:38+08:00
2017-06-15T23:51:38: 非记录时间：2017-06-15T23:51:38+08:00
2017-06-15T23:52:38: 非记录时间：2017-06-15T23:52:38+08:00
2017-06-15T23:53:38: 非记录时间：2017-06-15T23:53:38+08:00
2017-06-15T23:54:38: 非记录时间：2017-06-15T23:54:38+08:00
2017-06-15T23:55:38: 非记录时间：2017-06-15T23:55:38+08:00
2017-06-15T23:56:38: 非记录时间：2017-06-15T23:56:38+08:00
2017-06-15T23:57:38: 非记录时间：2017-06-15T23:57:38+08:00
2017-06-15T23:58:38: 非记录时间：2017-06-15T23:58:38+08:00
2017-06-15T23:59:38: 非记录时间：2017-06-15T23:59:38+08:00
