2017-04-20T00:00:00: 非记录时间：2017-04-20T00:00:00+08:00
2017-04-20T00:01:00: 非记录时间：2017-04-20T00:01:00+08:00
2017-04-20T00:02:00: 非记录时间：2017-04-20T00:02:00+08:00
2017-04-20T00:03:00: 非记录时间：2017-04-20T00:03:00+08:00
2017-04-20T00:04:00: 非记录时间：2017-04-20T00:04:00+08:00
2017-04-20T00:05:00: 非记录时间：2017-04-20T00:05:00+08:00
2017-04-20T00:06:00: 非记录时间：2017-04-20T00:06:00+08:00
2017-04-20T00:07:00: 非记录时间：2017-04-20T00:07:00+08:00
2017-04-20T00:08:00: 非记录时间：2017-04-20T00:08:00+08:00
2017-04-20T00:09:00: 非记录时间：2017-04-20T00:09:00+08:00
2017-04-20T00:10:00: 非记录时间：2017-04-20T00:10:00+08:00
2017-04-20T00:11:00: 非记录时间：2017-04-20T00:11:00+08:00
2017-04-20T00:12:00: 非记录时间：2017-04-20T00:12:00+08:00
2017-04-20T00:13:00: 非记录时间：2017-04-20T00:13:00+08:00
2017-04-20T00:14:00: 非记录时间：2017-04-20T00:14:00+08:00
2017-04-20T00:15:00: 非记录时间：2017-04-20T00:15:00+08:00
2017-04-20T00:16:00: 非记录时间：2017-04-20T00:16:00+08:00
2017-04-20T00:17:00: 非记录时间：2017-04-20T00:17:00+08:00
2017-04-20T00:18:00: 非记录时间：2017-04-20T00:18:00+08:00
2017-04-20T00:19:00: 非记录时间：2017-04-20T00:19:00+08:00
2017-04-20T00:20:00: 非记录时间：2017-04-20T00:20:00+08:00
2017-04-20T00:21:00: 非记录时间：2017-04-20T00:21:00+08:00
2017-04-20T00:22:00: 非记录时间：2017-04-20T00:22:00+08:00
2017-04-20T00:23:00: 非记录时间：2017-04-20T00:23:00+08:00
2017-04-20T00:24:00: 非记录时间：2017-04-20T00:24:00+08:00
2017-04-20T00:25:00: 非记录时间：2017-04-20T00:25:00+08:00
2017-04-20T00:26:00: 非记录时间：2017-04-20T00:26:00+08:00
2017-04-20T00:27:00: 非记录时间：2017-04-20T00:27:00+08:00
2017-04-20T00:28:00: 非记录时间：2017-04-20T00:28:00+08:00
2017-04-20T00:29:00: 非记录时间：2017-04-20T00:29:00+08:00
2017-04-20T00:30:00: 非记录时间：2017-04-20T00:30:00+08:00
2017-04-20T00:31:00: 非记录时间：2017-04-20T00:31:00+08:00
2017-04-20T00:32:00: 非记录时间：2017-04-20T00:32:00+08:00
2017-04-20T00:33:00: 非记录时间：2017-04-20T00:33:00+08:00
2017-04-20T00:34:00: 非记录时间：2017-04-20T00:34:00+08:00
2017-04-20T00:35:00: 非记录时间：2017-04-20T00:35:00+08:00
2017-04-20T00:36:00: 非记录时间：2017-04-20T00:36:00+08:00
2017-04-20T00:37:00: 非记录时间：2017-04-20T00:37:00+08:00
2017-04-20T00:38:00: 非记录时间：2017-04-20T00:38:00+08:00
2017-04-20T00:39:00: 非记录时间：2017-04-20T00:39:00+08:00
2017-04-20T00:40:00: 非记录时间：2017-04-20T00:40:00+08:00
2017-04-20T00:41:00: 非记录时间：2017-04-20T00:41:00+08:00
2017-04-20T00:42:00: 非记录时间：2017-04-20T00:42:00+08:00
2017-04-20T00:43:00: 非记录时间：2017-04-20T00:43:00+08:00
2017-04-20T00:44:00: 非记录时间：2017-04-20T00:44:00+08:00
2017-04-20T00:45:00: 非记录时间：2017-04-20T00:45:00+08:00
2017-04-20T00:46:00: 非记录时间：2017-04-20T00:46:00+08:00
2017-04-20T00:47:00: 非记录时间：2017-04-20T00:47:00+08:00
2017-04-20T00:48:00: 非记录时间：2017-04-20T00:48:00+08:00
2017-04-20T00:49:00: 非记录时间：2017-04-20T00:49:00+08:00
2017-04-20T00:50:00: 非记录时间：2017-04-20T00:50:00+08:00
2017-04-20T00:51:00: 非记录时间：2017-04-20T00:51:00+08:00
2017-04-20T00:52:00: 非记录时间：2017-04-20T00:52:00+08:00
2017-04-20T00:53:00: 非记录时间：2017-04-20T00:53:00+08:00
2017-04-20T00:54:00: 非记录时间：2017-04-20T00:54:00+08:00
2017-04-20T00:55:00: 非记录时间：2017-04-20T00:55:00+08:00
2017-04-20T00:56:00: 非记录时间：2017-04-20T00:56:00+08:00
2017-04-20T00:57:00: 非记录时间：2017-04-20T00:57:00+08:00
2017-04-20T00:58:00: 非记录时间：2017-04-20T00:58:00+08:00
2017-04-20T00:59:00: 非记录时间：2017-04-20T00:59:00+08:00
2017-04-20T01:00:00: 非记录时间：2017-04-20T01:00:00+08:00
2017-04-20T01:01:00: 非记录时间：2017-04-20T01:01:00+08:00
2017-04-20T01:02:00: 非记录时间：2017-04-20T01:02:00+08:00
2017-04-20T01:03:00: 非记录时间：2017-04-20T01:03:00+08:00
2017-04-20T01:04:00: 非记录时间：2017-04-20T01:04:00+08:00
2017-04-20T01:05:00: 非记录时间：2017-04-20T01:05:00+08:00
2017-04-20T01:06:00: 非记录时间：2017-04-20T01:06:00+08:00
2017-04-20T01:07:00: 非记录时间：2017-04-20T01:07:00+08:00
2017-04-20T01:08:00: 非记录时间：2017-04-20T01:08:00+08:00
2017-04-20T01:09:00: 非记录时间：2017-04-20T01:09:00+08:00
2017-04-20T01:10:00: 非记录时间：2017-04-20T01:10:00+08:00
2017-04-20T01:11:02: 读取文件失败，可能是该文件不存在
2017-04-20T01:11:02: Error: ENOENT: no such file or directory, open './data/2017-04-20.json'
2017-04-20T01:12:03: 读取文件成功
2017-04-20T01:13:01: 读取文件成功
2017-04-20T01:14:00: 读取文件成功
2017-04-20T01:15:04: 读取文件成功
2017-04-20T01:16:01: 读取文件成功
2017-04-20T01:17:00: 读取文件成功
2017-04-20T01:18:05: 读取文件成功
2017-04-20T01:19:01: 读取文件成功
2017-04-20T01:20:00: 读取文件成功
2017-04-20T01:21:01: 读取文件成功
2017-04-20T01:22:00: 读取文件成功
2017-04-20T01:23:01: 读取文件成功
2017-04-20T01:24:03: 读取文件成功
2017-04-20T01:25:01: 读取文件成功
2017-04-20T01:26:01: 读取文件成功
2017-04-20T01:27:02: 读取文件成功
2017-04-20T01:28:00: 读取文件成功
2017-04-20T01:29:01: 读取文件成功
2017-04-20T01:30:01: 读取文件成功
2017-04-20T01:31:01: 读取文件成功
2017-04-20T01:32:00: 读取文件成功
2017-04-20T01:33:03: 读取文件成功
2017-04-20T01:34:01: 读取文件成功
2017-04-20T01:35:02: 读取文件成功
2017-04-20T01:36:01: 读取文件成功
2017-04-20T01:37:09: 读取文件成功
2017-04-20T01:38:01: 读取文件成功
2017-04-20T01:39:01: 读取文件成功
2017-04-20T01:40:05: 读取文件成功
2017-04-20T01:41:05: 读取文件成功
2017-04-20T01:42:01: 读取文件成功
2017-04-20T01:43:01: 读取文件成功
2017-04-20T01:44:01: 读取文件成功
2017-04-20T01:45:01: 读取文件成功
2017-04-20T01:46:01: 读取文件成功
2017-04-20T01:47:01: 读取文件成功
2017-04-20T01:48:01: 读取文件成功
2017-04-20T01:49:01: 读取文件成功
2017-04-20T01:50:01: 读取文件成功
2017-04-20T01:51:01: 读取文件成功
2017-04-20T01:52:01: 读取文件成功
2017-04-20T01:53:01: 读取文件成功
2017-04-20T01:54:01: 读取文件成功
2017-04-20T01:55:01: 读取文件成功
2017-04-20T01:56:01: 读取文件成功
2017-04-20T01:57:01: 读取文件成功
2017-04-20T01:58:01: 读取文件成功
2017-04-20T01:59:01: 读取文件成功
2017-04-20T02:00:01: 读取文件成功
2017-04-20T02:01:01: 读取文件成功
2017-04-20T02:02:01: 读取文件成功
2017-04-20T02:03:01: 读取文件成功
2017-04-20T02:04:01: 读取文件成功
2017-04-20T02:05:01: 读取文件成功
2017-04-20T02:06:01: 读取文件成功
2017-04-20T02:07:01: 读取文件成功
2017-04-20T02:08:01: 读取文件成功
2017-04-20T02:09:01: 读取文件成功
2017-04-20T02:10:01: 读取文件成功
2017-04-20T02:11:01: 读取文件成功
2017-04-20T02:12:01: 读取文件成功
2017-04-20T02:13:01: 读取文件成功
2017-04-20T02:14:09: 读取文件成功
2017-04-20T02:15:06: 读取文件成功
2017-04-20T02:16:02: 读取文件成功
2017-04-20T02:17:01: 读取文件成功
2017-04-20T02:18:02: 读取文件成功
2017-04-20T02:19:01: 读取文件成功
2017-04-20T02:20:01: 读取文件成功
2017-04-20T02:21:01: 读取文件成功
2017-04-20T02:22:01: 读取文件成功
2017-04-20T02:23:01: 读取文件成功
2017-04-20T02:24:01: 读取文件成功
2017-04-20T02:25:01: 读取文件成功
2017-04-20T02:26:01: 读取文件成功
2017-04-20T02:27:01: 读取文件成功
2017-04-20T02:28:02: 读取文件成功
2017-04-20T02:29:01: 读取文件成功
2017-04-20T02:30:01: 读取文件成功
2017-04-20T02:31:01: 读取文件成功
2017-04-20T02:32:02: 读取文件成功
2017-04-20T02:33:01: 读取文件成功
2017-04-20T02:34:01: 读取文件成功
2017-04-20T02:35:01: 读取文件成功
2017-04-20T02:36:01: 读取文件成功
2017-04-20T02:37:01: 读取文件成功
2017-04-20T02:38:01: 读取文件成功
2017-04-20T02:39:01: 读取文件成功
2017-04-20T02:40:01: 读取文件成功
2017-04-20T02:41:01: 读取文件成功
2017-04-20T02:42:01: 读取文件成功
2017-04-20T02:43:01: 读取文件成功
2017-04-20T02:44:01: 读取文件成功
2017-04-20T02:45:01: 读取文件成功
2017-04-20T02:46:01: 读取文件成功
2017-04-20T02:47:01: 读取文件成功
2017-04-20T02:48:02: 读取文件成功
2017-04-20T02:49:01: 读取文件成功
2017-04-20T02:50:01: 读取文件成功
2017-04-20T02:51:02: 读取文件成功
2017-04-20T02:52:01: 读取文件成功
2017-04-20T02:53:01: 读取文件成功
2017-04-20T02:54:01: 读取文件成功
2017-04-20T02:55:01: 读取文件成功
2017-04-20T02:56:01: 读取文件成功
2017-04-20T02:57:01: 读取文件成功
2017-04-20T02:58:01: 读取文件成功
2017-04-20T02:59:01: 读取文件成功
2017-04-20T03:00:01: 读取文件成功
2017-04-20T03:01:01: 读取文件成功
2017-04-20T03:02:02: 读取文件成功
2017-04-20T03:03:03: 读取文件成功
2017-04-20T03:04:01: 读取文件成功
2017-04-20T03:05:01: 读取文件成功
2017-04-20T03:06:02: 读取文件成功
2017-04-20T03:07:01: 读取文件成功
2017-04-20T03:08:02: 读取文件成功
2017-04-20T03:09:01: 读取文件成功
2017-04-20T03:10:01: 读取文件成功
2017-04-20T03:11:01: 读取文件成功
2017-04-20T03:12:01: 读取文件成功
2017-04-20T03:13:02: 读取文件成功
2017-04-20T03:14:02: 读取文件成功
2017-04-20T03:15:01: 读取文件成功
2017-04-20T03:16:02: 读取文件成功
2017-04-20T03:17:01: 读取文件成功
2017-04-20T03:18:02: 读取文件成功
2017-04-20T03:19:01: 读取文件成功
2017-04-20T03:20:02: 读取文件成功
2017-04-20T03:21:01: 读取文件成功
2017-04-20T03:22:01: 读取文件成功
2017-04-20T03:23:01: 读取文件成功
2017-04-20T03:24:01: 读取文件成功
2017-04-20T03:25:02: 读取文件成功
2017-04-20T03:26:02: 读取文件成功
2017-04-20T03:27:02: 读取文件成功
2017-04-20T03:28:02: 读取文件成功
2017-04-20T03:29:02: 读取文件成功
2017-04-20T03:30:02: 读取文件成功
2017-04-20T03:31:02: 读取文件成功
2017-04-20T03:32:02: 读取文件成功
2017-04-20T03:33:02: 读取文件成功
2017-04-20T03:34:02: 读取文件成功
2017-04-20T03:35:02: 读取文件成功
2017-04-20T03:36:02: 读取文件成功
2017-04-20T03:37:02: 读取文件成功
2017-04-20T03:38:02: 读取文件成功
2017-04-20T03:39:02: 读取文件成功
2017-04-20T03:40:02: 读取文件成功
2017-04-20T03:41:02: 读取文件成功
2017-04-20T03:42:02: 读取文件成功
2017-04-20T03:43:02: 读取文件成功
2017-04-20T03:44:02: 读取文件成功
2017-04-20T03:45:02: 读取文件成功
2017-04-20T03:46:02: 读取文件成功
2017-04-20T03:47:02: 读取文件成功
2017-04-20T03:48:02: 读取文件成功
2017-04-20T03:49:02: 读取文件成功
2017-04-20T03:50:02: 读取文件成功
2017-04-20T03:51:02: 读取文件成功
2017-04-20T03:52:02: 读取文件成功
2017-04-20T03:53:02: 读取文件成功
2017-04-20T03:54:02: 读取文件成功
2017-04-20T03:55:02: 读取文件成功
2017-04-20T03:56:02: 读取文件成功
2017-04-20T03:57:02: 读取文件成功
2017-04-20T03:58:02: 读取文件成功
2017-04-20T03:59:02: 读取文件成功
2017-04-20T04:00:02: 读取文件成功
2017-04-20T04:01:02: 读取文件成功
2017-04-20T04:02:02: 读取文件成功
2017-04-20T04:03:02: 读取文件成功
2017-04-20T04:04:02: 读取文件成功
2017-04-20T04:05:02: 读取文件成功
2017-04-20T04:06:02: 读取文件成功
2017-04-20T04:07:02: 读取文件成功
2017-04-20T04:08:02: 读取文件成功
2017-04-20T04:09:02: 读取文件成功
2017-04-20T04:10:02: 读取文件成功
2017-04-20T04:11:02: 读取文件成功
2017-04-20T04:12:02: 读取文件成功
2017-04-20T04:13:02: 读取文件成功
2017-04-20T04:14:03: 读取文件成功
2017-04-20T04:15:02: 读取文件成功
2017-04-20T04:16:02: 读取文件成功
2017-04-20T04:17:02: 读取文件成功
2017-04-20T04:18:02: 读取文件成功
2017-04-20T04:19:02: 读取文件成功
2017-04-20T04:20:02: 读取文件成功
2017-04-20T04:21:02: 读取文件成功
2017-04-20T04:22:02: 读取文件成功
2017-04-20T04:23:02: 读取文件成功
2017-04-20T04:24:02: 读取文件成功
2017-04-20T04:25:02: 读取文件成功
2017-04-20T04:26:02: 读取文件成功
2017-04-20T04:27:02: 读取文件成功
2017-04-20T04:28:02: 读取文件成功
2017-04-20T04:29:02: 读取文件成功
2017-04-20T04:30:02: 读取文件成功
2017-04-20T04:31:02: 读取文件成功
2017-04-20T04:32:02: 读取文件成功
2017-04-20T04:33:02: 读取文件成功
2017-04-20T04:34:02: 读取文件成功
2017-04-20T04:35:02: 读取文件成功
2017-04-20T04:36:02: 读取文件成功
2017-04-20T04:37:02: 读取文件成功
2017-04-20T04:38:02: 读取文件成功
2017-04-20T04:39:02: 读取文件成功
2017-04-20T04:40:02: 读取文件成功
2017-04-20T04:41:02: 读取文件成功
2017-04-20T04:42:02: 读取文件成功
2017-04-20T04:43:02: 读取文件成功
2017-04-20T04:44:02: 读取文件成功
2017-04-20T04:45:02: 读取文件成功
2017-04-20T04:46:02: 读取文件成功
2017-04-20T04:47:02: 读取文件成功
2017-04-20T04:48:02: 读取文件成功
2017-04-20T04:49:03: 读取文件成功
2017-04-20T04:50:02: 读取文件成功
2017-04-20T04:51:02: 读取文件成功
2017-04-20T04:52:02: 读取文件成功
2017-04-20T04:53:02: 读取文件成功
2017-04-20T04:54:02: 读取文件成功
2017-04-20T04:55:02: 读取文件成功
2017-04-20T04:56:02: 读取文件成功
2017-04-20T04:57:02: 读取文件成功
2017-04-20T04:58:02: 读取文件成功
2017-04-20T04:59:02: 读取文件成功
2017-04-20T05:00:02: 读取文件成功
2017-04-20T05:01:03: 读取文件成功
2017-04-20T05:02:02: 读取文件成功
2017-04-20T05:03:02: 读取文件成功
2017-04-20T05:04:03: 读取文件成功
2017-04-20T05:05:02: 读取文件成功
2017-04-20T05:06:02: 读取文件成功
2017-04-20T05:07:03: 读取文件成功
2017-04-20T05:08:03: 读取文件成功
2017-04-20T05:09:03: 读取文件成功
2017-04-20T05:10:03: 读取文件成功
2017-04-20T05:11:03: 读取文件成功
2017-04-20T05:12:03: 读取文件成功
2017-04-20T05:13:03: 读取文件成功
2017-04-20T05:14:03: 读取文件成功
2017-04-20T05:15:03: 读取文件成功
2017-04-20T05:16:03: 读取文件成功
2017-04-20T05:17:03: 读取文件成功
2017-04-20T05:18:03: 读取文件成功
2017-04-20T05:19:03: 读取文件成功
2017-04-20T05:20:03: 读取文件成功
2017-04-20T05:21:03: 读取文件成功
2017-04-20T05:22:03: 读取文件成功
2017-04-20T05:23:03: 读取文件成功
2017-04-20T05:24:04: 读取文件成功
2017-04-20T05:25:03: 读取文件成功
2017-04-20T05:26:03: 读取文件成功
2017-04-20T05:27:03: 读取文件成功
2017-04-20T05:28:03: 读取文件成功
2017-04-20T05:29:03: 读取文件成功
2017-04-20T05:30:03: 读取文件成功
2017-04-20T05:31:03: 读取文件成功
2017-04-20T05:32:03: 读取文件成功
2017-04-20T05:33:03: 读取文件成功
2017-04-20T05:34:03: 读取文件成功
2017-04-20T05:35:03: 读取文件成功
2017-04-20T05:36:03: 读取文件成功
2017-04-20T05:37:03: 读取文件成功
2017-04-20T05:38:03: 读取文件成功
2017-04-20T05:39:03: 读取文件成功
2017-04-20T05:40:03: 读取文件成功
2017-04-20T05:41:03: 读取文件成功
2017-04-20T05:42:03: 读取文件成功
2017-04-20T05:43:03: 读取文件成功
2017-04-20T05:44:03: 读取文件成功
2017-04-20T05:45:03: 读取文件成功
2017-04-20T05:46:03: 读取文件成功
2017-04-20T05:47:03: 读取文件成功
2017-04-20T05:48:03: 读取文件成功
2017-04-20T05:49:03: 读取文件成功
2017-04-20T05:50:03: 读取文件成功
2017-04-20T05:51:03: 读取文件成功
2017-04-20T05:52:03: 读取文件成功
2017-04-20T05:53:03: 读取文件成功
2017-04-20T05:54:03: 读取文件成功
2017-04-20T05:55:03: 读取文件成功
2017-04-20T05:56:03: 读取文件成功
2017-04-20T05:57:03: 读取文件成功
2017-04-20T05:58:03: 读取文件成功
2017-04-20T05:59:03: 读取文件成功
2017-04-20T06:00:03: 读取文件成功
2017-04-20T06:01:03: 读取文件成功
2017-04-20T06:02:03: 读取文件成功
2017-04-20T06:03:03: 读取文件成功
2017-04-20T06:04:03: 读取文件成功
2017-04-20T06:05:03: 读取文件成功
2017-04-20T06:06:03: 读取文件成功
2017-04-20T06:07:03: 读取文件成功
2017-04-20T06:08:03: 读取文件成功
2017-04-20T06:09:03: 读取文件成功
2017-04-20T06:10:03: 读取文件成功
2017-04-20T06:11:03: 读取文件成功
2017-04-20T06:12:03: 读取文件成功
2017-04-20T06:13:03: 读取文件成功
2017-04-20T06:14:03: 读取文件成功
2017-04-20T06:15:03: 读取文件成功
2017-04-20T06:16:03: 读取文件成功
2017-04-20T06:17:03: 读取文件成功
2017-04-20T06:18:03: 读取文件成功
2017-04-20T06:19:03: 读取文件成功
2017-04-20T06:20:03: 读取文件成功
2017-04-20T06:21:03: 读取文件成功
2017-04-20T06:22:04: 读取文件成功
2017-04-20T06:23:03: 读取文件成功
2017-04-20T06:24:04: 读取文件成功
2017-04-20T06:25:03: 读取文件成功
2017-04-20T06:26:03: 读取文件成功
2017-04-20T06:27:03: 读取文件成功
2017-04-20T06:28:03: 读取文件成功
2017-04-20T06:29:03: 读取文件成功
2017-04-20T06:30:04: 读取文件成功
2017-04-20T06:31:03: 读取文件成功
2017-04-20T06:32:03: 读取文件成功
2017-04-20T06:33:04: 读取文件成功
2017-04-20T06:34:03: 读取文件成功
2017-04-20T06:35:03: 读取文件成功
2017-04-20T06:36:04: 读取文件成功
2017-04-20T06:37:04: 读取文件成功
2017-04-20T06:38:03: 读取文件成功
2017-04-20T06:39:03: 读取文件成功
2017-04-20T06:40:03: 读取文件成功
2017-04-20T06:41:03: 读取文件成功
2017-04-20T06:42:04: 读取文件成功
2017-04-20T06:43:03: 读取文件成功
2017-04-20T06:44:03: 读取文件成功
2017-04-20T06:45:03: 读取文件成功
2017-04-20T06:46:03: 读取文件成功
2017-04-20T06:47:03: 读取文件成功
2017-04-20T06:48:04: 读取文件成功
2017-04-20T06:49:03: 读取文件成功
2017-04-20T06:50:03: 读取文件成功
2017-04-20T06:51:03: 读取文件成功
2017-04-20T06:52:04: 读取文件成功
2017-04-20T06:53:04: 读取文件成功
2017-04-20T06:54:04: 读取文件成功
2017-04-20T06:55:04: 读取文件成功
2017-04-20T06:56:04: 读取文件成功
2017-04-20T06:57:04: 读取文件成功
2017-04-20T06:58:04: 读取文件成功
2017-04-20T06:59:04: 读取文件成功
2017-04-20T07:00:04: 读取文件成功
2017-04-20T07:01:04: 读取文件成功
2017-04-20T07:02:04: 读取文件成功
2017-04-20T07:03:04: 读取文件成功
2017-04-20T07:04:04: 读取文件成功
2017-04-20T07:05:04: 读取文件成功
2017-04-20T07:06:04: 读取文件成功
2017-04-20T07:07:04: 读取文件成功
2017-04-20T07:08:04: 读取文件成功
2017-04-20T07:09:04: 读取文件成功
2017-04-20T07:10:04: 读取文件成功
2017-04-20T07:11:04: 读取文件成功
2017-04-20T07:12:04: 读取文件成功
2017-04-20T07:13:04: 读取文件成功
2017-04-20T07:14:04: 读取文件成功
2017-04-20T07:15:04: 读取文件成功
2017-04-20T07:16:04: 读取文件成功
2017-04-20T07:17:04: 读取文件成功
2017-04-20T07:18:04: 读取文件成功
2017-04-20T07:19:04: 读取文件成功
2017-04-20T07:20:04: 读取文件成功
2017-04-20T07:21:04: 读取文件成功
2017-04-20T07:22:04: 读取文件成功
2017-04-20T07:23:04: 读取文件成功
2017-04-20T07:24:04: 读取文件成功
2017-04-20T07:25:04: 读取文件成功
2017-04-20T07:26:04: 读取文件成功
2017-04-20T07:27:04: 读取文件成功
2017-04-20T07:28:04: 读取文件成功
2017-04-20T07:29:04: 读取文件成功
2017-04-20T07:30:04: 读取文件成功
2017-04-20T07:31:04: 读取文件成功
2017-04-20T07:32:04: 读取文件成功
2017-04-20T07:33:04: 读取文件成功
2017-04-20T07:34:04: 读取文件成功
2017-04-20T07:35:04: 读取文件成功
2017-04-20T07:36:04: 读取文件成功
2017-04-20T07:37:04: 读取文件成功
2017-04-20T07:38:04: 读取文件成功
2017-04-20T07:39:04: 读取文件成功
2017-04-20T07:40:04: 读取文件成功
2017-04-20T07:41:04: 读取文件成功
2017-04-20T07:42:04: 读取文件成功
2017-04-20T07:43:04: 读取文件成功
2017-04-20T07:44:04: 读取文件成功
2017-04-20T07:45:04: 读取文件成功
2017-04-20T07:46:04: 读取文件成功
2017-04-20T07:47:04: 读取文件成功
2017-04-20T07:48:04: 读取文件成功
2017-04-20T07:49:04: 读取文件成功
2017-04-20T07:50:04: 读取文件成功
2017-04-20T07:51:04: 读取文件成功
2017-04-20T07:52:04: 读取文件成功
2017-04-20T07:53:05: 读取文件成功
2017-04-20T07:54:04: 读取文件成功
2017-04-20T07:55:04: 读取文件成功
2017-04-20T07:56:04: 读取文件成功
2017-04-20T07:57:04: 读取文件成功
2017-04-20T07:58:04: 读取文件成功
2017-04-20T07:59:04: 读取文件成功
2017-04-20T08:00:04: 读取文件成功
2017-04-20T08:01:04: 读取文件成功
2017-04-20T08:02:04: 读取文件成功
2017-04-20T08:03:05: 读取文件成功
2017-04-20T08:04:04: 读取文件成功
2017-04-20T08:05:04: 读取文件成功
2017-04-20T08:06:04: 读取文件成功
2017-04-20T08:07:04: 读取文件成功
2017-04-20T08:08:04: 读取文件成功
2017-04-20T08:09:04: 读取文件成功
2017-04-20T08:10:04: 读取文件成功
2017-04-20T08:11:04: 读取文件成功
2017-04-20T08:12:04: 读取文件成功
2017-04-20T08:13:04: 读取文件成功
2017-04-20T08:14:04: 读取文件成功
2017-04-20T08:15:04: 读取文件成功
2017-04-20T08:16:04: 读取文件成功
2017-04-20T08:17:04: 读取文件成功
2017-04-20T08:18:04: 读取文件成功
2017-04-20T08:19:04: 读取文件成功
2017-04-20T08:20:04: 读取文件成功
2017-04-20T08:21:04: 读取文件成功
2017-04-20T08:22:04: 读取文件成功
2017-04-20T08:23:04: 读取文件成功
2017-04-20T08:24:04: 读取文件成功
2017-04-20T08:25:04: 读取文件成功
2017-04-20T08:26:05: 读取文件成功
2017-04-20T08:27:04: 读取文件成功
2017-04-20T08:28:05: 读取文件成功
2017-04-20T08:29:05: 读取文件成功
2017-04-20T08:30:04: 读取文件成功
2017-04-20T08:31:04: 读取文件成功
2017-04-20T08:32:04: 读取文件成功
2017-04-20T08:33:04: 读取文件成功
2017-04-20T08:34:04: 读取文件成功
2017-04-20T08:35:05: 读取文件成功
2017-04-20T08:36:04: 读取文件成功
2017-04-20T08:37:04: 读取文件成功
2017-04-20T08:38:04: 读取文件成功
2017-04-20T08:39:05: 读取文件成功
2017-04-20T08:40:05: 读取文件成功
2017-04-20T08:41:05: 读取文件成功
2017-04-20T08:42:05: 读取文件成功
2017-04-20T08:43:05: 读取文件成功
2017-04-20T08:44:05: 读取文件成功
2017-04-20T08:45:05: 读取文件成功
2017-04-20T08:46:06: 读取文件成功
2017-04-20T08:47:05: 读取文件成功
2017-04-20T08:48:05: 读取文件成功
2017-04-20T08:49:05: 读取文件成功
2017-04-20T08:50:06: 读取文件成功
2017-04-20T08:51:05: 读取文件成功
2017-04-20T08:52:05: 读取文件成功
2017-04-20T08:53:05: 读取文件成功
2017-04-20T08:54:05: 读取文件成功
2017-04-20T08:55:06: 读取文件成功
2017-04-20T08:56:05: 读取文件成功
2017-04-20T08:57:05: 读取文件成功
2017-04-20T08:58:05: 读取文件成功
2017-04-20T08:59:05: 读取文件成功
2017-04-20T09:00:05: 读取文件成功
2017-04-20T09:01:05: 读取文件成功
2017-04-20T09:02:06: 读取文件成功
2017-04-20T09:03:06: 读取文件成功
2017-04-20T09:04:05: 读取文件成功
2017-04-20T09:05:05: 读取文件成功
2017-04-20T09:06:05: 读取文件成功
2017-04-20T09:07:05: 读取文件成功
2017-04-20T09:08:05: 读取文件成功
2017-04-20T09:09:05: 读取文件成功
2017-04-20T09:10:05: 读取文件成功
2017-04-20T09:11:05: 读取文件成功
2017-04-20T09:12:05: 读取文件成功
2017-04-20T09:13:05: 读取文件成功
2017-04-20T09:14:06: 读取文件成功
2017-04-20T09:15:05: 读取文件成功
2017-04-20T09:16:05: 读取文件成功
2017-04-20T09:17:05: 读取文件成功
2017-04-20T09:18:05: 读取文件成功
2017-04-20T09:19:05: 读取文件成功
2017-04-20T09:20:05: 读取文件成功
2017-04-20T09:21:05: 读取文件成功
2017-04-20T09:22:05: 读取文件成功
2017-04-20T09:23:05: 读取文件成功
2017-04-20T09:24:05: 读取文件成功
2017-04-20T09:25:05: 读取文件成功
2017-04-20T09:26:05: 读取文件成功
2017-04-20T09:27:05: 读取文件成功
2017-04-20T09:28:06: 读取文件成功
2017-04-20T09:29:06: 读取文件成功
2017-04-20T09:30:05: 读取文件成功
2017-04-20T09:31:05: 读取文件成功
2017-04-20T09:32:05: 读取文件成功
2017-04-20T09:33:05: 读取文件成功
2017-04-20T09:34:05: 读取文件成功
2017-04-20T09:35:05: 读取文件成功
2017-04-20T09:36:05: 读取文件成功
2017-04-20T09:37:05: 读取文件成功
2017-04-20T09:38:05: 读取文件成功
2017-04-20T09:39:05: 读取文件成功
2017-04-20T09:40:05: 读取文件成功
2017-04-20T09:41:06: 读取文件成功
2017-04-20T09:42:05: 读取文件成功
2017-04-20T09:43:05: 读取文件成功
2017-04-20T09:44:05: 读取文件成功
2017-04-20T09:45:05: 读取文件成功
2017-04-20T09:46:05: 读取文件成功
2017-04-20T09:47:05: 读取文件成功
2017-04-20T09:48:07: 读取文件成功
2017-04-20T09:49:05: 读取文件成功
2017-04-20T09:50:05: 读取文件成功
2017-04-20T09:51:05: 读取文件成功
2017-04-20T09:52:05: 读取文件成功
2017-04-20T09:53:05: 读取文件成功
2017-04-20T09:54:05: 读取文件成功
2017-04-20T09:55:05: 读取文件成功
2017-04-20T09:56:05: 读取文件成功
2017-04-20T09:57:05: 读取文件成功
2017-04-20T09:58:06: 读取文件成功
2017-04-20T09:59:05: 读取文件成功
2017-04-20T10:00:07: 读取文件成功
2017-04-20T10:01:05: 读取文件成功
2017-04-20T10:02:05: 读取文件成功
2017-04-20T10:03:05: 读取文件成功
2017-04-20T10:04:05: 读取文件成功
2017-04-20T10:05:05: 读取文件成功
2017-04-20T10:06:06: 读取文件成功
2017-04-20T10:07:05: 读取文件成功
2017-04-20T10:08:06: 读取文件成功
2017-04-20T10:09:05: 读取文件成功
2017-04-20T10:10:06: 读取文件成功
2017-04-20T10:11:05: 读取文件成功
2017-04-20T10:12:07: 读取文件成功
2017-04-20T10:13:05: 读取文件成功
2017-04-20T10:14:07: 读取文件成功
2017-04-20T10:15:06: 读取文件成功
2017-04-20T10:16:05: 读取文件成功
2017-04-20T10:17:05: 读取文件成功
2017-04-20T10:18:06: 读取文件成功
2017-04-20T10:19:06: 读取文件成功
2017-04-20T10:20:06: 读取文件成功
2017-04-20T10:21:05: 读取文件成功
2017-04-20T10:22:05: 读取文件成功
2017-04-20T10:23:06: 读取文件成功
2017-04-20T10:24:09: 读取文件成功
2017-04-20T10:25:06: 读取文件成功
2017-04-20T10:26:07: 读取文件成功
2017-04-20T10:27:06: 读取文件成功
2017-04-20T10:28:06: 读取文件成功
2017-04-20T10:29:06: 读取文件成功
2017-04-20T10:30:07: 读取文件成功
2017-04-20T10:31:06: 读取文件成功
2017-04-20T10:32:06: 读取文件成功
2017-04-20T10:33:06: 读取文件成功
2017-04-20T10:34:06: 读取文件成功
2017-04-20T10:35:07: 读取文件成功
2017-04-20T10:36:06: 读取文件成功
2017-04-20T10:37:06: 读取文件成功
2017-04-20T10:38:06: 读取文件成功
2017-04-20T10:39:06: 读取文件成功
2017-04-20T10:40:06: 读取文件成功
2017-04-20T10:41:06: 读取文件成功
2017-04-20T10:42:06: 读取文件成功
2017-04-20T10:43:06: 读取文件成功
2017-04-20T10:44:06: 读取文件成功
2017-04-20T10:45:06: 读取文件成功
2017-04-20T10:46:06: 读取文件成功
2017-04-20T10:47:06: 读取文件成功
2017-04-20T10:48:06: 读取文件成功
2017-04-20T10:49:06: 读取文件成功
2017-04-20T10:50:06: 读取文件成功
2017-04-20T10:51:06: 读取文件成功
2017-04-20T10:52:06: 读取文件成功
2017-04-20T10:53:06: 读取文件成功
2017-04-20T10:54:06: 读取文件成功
2017-04-20T10:55:06: 读取文件成功
2017-04-20T10:56:06: 读取文件成功
2017-04-20T10:57:06: 读取文件成功
2017-04-20T10:58:06: 读取文件成功
2017-04-20T10:59:06: 读取文件成功
2017-04-20T11:00:06: 读取文件成功
2017-04-20T11:01:06: 读取文件成功
2017-04-20T11:02:06: 读取文件成功
2017-04-20T11:03:07: 读取文件成功
2017-04-20T11:04:06: 读取文件成功
2017-04-20T11:05:06: 读取文件成功
2017-04-20T11:06:06: 读取文件成功
2017-04-20T11:07:06: 读取文件成功
2017-04-20T11:08:09: 读取文件成功
2017-04-20T11:09:06: 读取文件成功
2017-04-20T11:10:07: 读取文件成功
2017-04-20T11:11:08: 读取文件成功
2017-04-20T11:12:06: 读取文件成功
2017-04-20T11:13:06: 读取文件成功
2017-04-20T11:14:06: 读取文件成功
2017-04-20T11:15:07: 读取文件成功
2017-04-20T11:16:07: 读取文件成功
2017-04-20T11:17:06: 读取文件成功
2017-04-20T11:18:06: 读取文件成功
2017-04-20T11:19:06: 读取文件成功
2017-04-20T11:20:06: 读取文件成功
2017-04-20T11:21:06: 读取文件成功
2017-04-20T11:22:06: 读取文件成功
2017-04-20T11:23:07: 读取文件成功
2017-04-20T11:24:06: 读取文件成功
2017-04-20T11:25:07: 读取文件成功
2017-04-20T11:26:06: 读取文件成功
2017-04-20T11:27:06: 读取文件成功
2017-04-20T11:28:07: 读取文件成功
2017-04-20T11:29:06: 读取文件成功
2017-04-20T11:30:06: 读取文件成功
2017-04-20T11:31:07: 读取文件成功
2017-04-20T11:32:06: 读取文件成功
2017-04-20T11:33:06: 读取文件成功
2017-04-20T11:34:07: 读取文件成功
2017-04-20T11:35:06: 读取文件成功
2017-04-20T11:36:06: 读取文件成功
2017-04-20T11:37:07: 读取文件成功
2017-04-20T11:38:06: 读取文件成功
2017-04-20T11:39:06: 读取文件成功
2017-04-20T11:40:06: 读取文件成功
2017-04-20T11:41:06: 读取文件成功
2017-04-20T11:42:06: 读取文件成功
2017-04-20T11:43:07: 读取文件成功
2017-04-20T11:44:06: 读取文件成功
2017-04-20T11:45:06: 读取文件成功
2017-04-20T11:46:06: 读取文件成功
2017-04-20T11:47:06: 读取文件成功
2017-04-20T11:48:06: 读取文件成功
2017-04-20T11:49:07: 读取文件成功
2017-04-20T11:50:06: 读取文件成功
2017-04-20T11:51:09: 读取文件成功
2017-04-20T11:52:06: 读取文件成功
2017-04-20T11:53:06: 读取文件成功
2017-04-20T11:54:06: 读取文件成功
2017-04-20T11:55:07: 读取文件成功
2017-04-20T11:56:07: 读取文件成功
2017-04-20T11:57:06: 读取文件成功
2017-04-20T11:58:08: 读取文件成功
2017-04-20T11:59:07: 读取文件成功
2017-04-20T12:00:06: 读取文件成功
2017-04-20T12:01:07: 读取文件成功
2017-04-20T12:02:06: 读取文件成功
2017-04-20T12:03:07: 读取文件成功
2017-04-20T12:04:07: 读取文件成功
2017-04-20T12:05:07: 读取文件成功
2017-04-20T12:06:07: 读取文件成功
2017-04-20T12:07:07: 读取文件成功
2017-04-20T12:08:07: 读取文件成功
2017-04-20T12:09:08: 读取文件成功
2017-04-20T12:10:07: 读取文件成功
2017-04-20T12:11:07: 读取文件成功
2017-04-20T12:12:07: 读取文件成功
2017-04-20T12:13:07: 读取文件成功
2017-04-20T12:14:08: 读取文件成功
2017-04-20T12:15:08: 读取文件成功
2017-04-20T12:16:07: 读取文件成功
2017-04-20T12:17:07: 读取文件成功
2017-04-20T12:18:07: 读取文件成功
2017-04-20T12:20:25: 读取文件成功
2017-04-20T12:28:09: 读取文件成功
2017-04-20T12:28:19: 读取文件成功
2017-04-20T12:29:07: 读取文件成功
2017-04-20T12:30:07: 读取文件成功
2017-04-20T12:31:07: 读取文件成功
2017-04-20T12:32:07: 读取文件成功
2017-04-20T12:33:07: 读取文件成功
2017-04-20T12:34:07: 读取文件成功
2017-04-20T12:35:07: 读取文件成功
2017-04-20T12:36:07: 读取文件成功
2017-04-20T12:37:07: 读取文件成功
2017-04-20T12:38:07: 读取文件成功
2017-04-20T12:39:07: 读取文件成功
2017-04-20T12:40:07: 读取文件成功
2017-04-20T12:41:07: 读取文件成功
2017-04-20T12:42:07: 读取文件成功
2017-04-20T12:43:07: 读取文件成功
2017-04-20T12:44:07: 读取文件成功
2017-04-20T12:45:07: 读取文件成功
2017-04-20T12:46:07: 读取文件成功
2017-04-20T12:47:07: 读取文件成功
2017-04-20T12:48:07: 读取文件成功
2017-04-20T12:49:08: 读取文件成功
2017-04-20T12:50:08: 读取文件成功
2017-04-20T12:51:07: 读取文件成功
2017-04-20T12:52:07: 读取文件成功
2017-04-20T12:53:07: 读取文件成功
2017-04-20T12:54:07: 读取文件成功
2017-04-20T12:55:08: 读取文件成功
2017-04-20T12:56:07: 读取文件成功
2017-04-20T12:57:08: 读取文件成功
2017-04-20T12:58:07: 读取文件成功
2017-04-20T12:59:07: 读取文件成功
2017-04-20T13:00:07: 读取文件成功
2017-04-20T13:01:07: 读取文件成功
2017-04-20T13:02:07: 读取文件成功
2017-04-20T13:03:07: 读取文件成功
2017-04-20T13:04:07: 读取文件成功
2017-04-20T13:05:07: 读取文件成功
2017-04-20T13:06:07: 读取文件成功
2017-04-20T13:07:07: 读取文件成功
2017-04-20T13:08:07: 读取文件成功
2017-04-20T13:09:07: 读取文件成功
2017-04-20T13:10:07: 读取文件成功
2017-04-20T13:11:07: 读取文件成功
2017-04-20T13:12:07: 读取文件成功
2017-04-20T13:13:07: 读取文件成功
2017-04-20T13:14:07: 读取文件成功
2017-04-20T13:15:07: 读取文件成功
2017-04-20T13:16:07: 读取文件成功
2017-04-20T13:17:07: 读取文件成功
2017-04-20T13:18:07: 读取文件成功
2017-04-20T13:19:07: 读取文件成功
2017-04-20T13:20:07: 读取文件成功
2017-04-20T13:21:07: 读取文件成功
2017-04-20T13:22:09: 读取文件成功
2017-04-20T13:23:07: 读取文件成功
2017-04-20T13:24:08: 读取文件成功
2017-04-20T13:25:07: 读取文件成功
2017-04-20T13:26:07: 读取文件成功
2017-04-20T13:27:07: 读取文件成功
2017-04-20T13:28:08: 读取文件成功
2017-04-20T13:29:07: 读取文件成功
2017-04-20T13:30:08: 读取文件成功
2017-04-20T13:31:07: 读取文件成功
2017-04-20T13:32:08: 读取文件成功
2017-04-20T13:33:07: 读取文件成功
2017-04-20T13:34:08: 读取文件成功
2017-04-20T13:35:07: 读取文件成功
2017-04-20T13:36:09: 读取文件成功
2017-04-20T13:37:09: 读取文件成功
2017-04-20T13:38:07: 读取文件成功
2017-04-20T13:39:07: 读取文件成功
2017-04-20T13:40:09: 读取文件成功
2017-04-20T13:41:07: 读取文件成功
2017-04-20T13:42:07: 读取文件成功
2017-04-20T13:43:08: 读取文件成功
2017-04-20T13:44:07: 读取文件成功
2017-04-20T13:45:08: 读取文件成功
2017-04-20T13:46:08: 读取文件成功
2017-04-20T13:47:08: 读取文件成功
2017-04-20T13:48:08: 读取文件成功
2017-04-20T13:49:08: 读取文件成功
2017-04-20T13:50:08: 读取文件成功
2017-04-20T13:51:08: 读取文件成功
2017-04-20T13:52:08: 读取文件成功
2017-04-20T13:53:08: 读取文件成功
2017-04-20T13:54:08: 读取文件成功
2017-04-20T13:55:08: 读取文件成功
2017-04-20T13:56:08: 读取文件成功
2017-04-20T13:57:08: 读取文件成功
2017-04-20T13:58:09: 读取文件成功
2017-04-20T13:59:08: 读取文件成功
2017-04-20T14:00:08: 读取文件成功
2017-04-20T14:01:09: 读取文件成功
2017-04-20T14:02:08: 读取文件成功
2017-04-20T14:03:08: 读取文件成功
2017-04-20T14:04:08: 读取文件成功
2017-04-20T14:05:08: 读取文件成功
2017-04-20T14:06:08: 读取文件成功
2017-04-20T14:07:08: 读取文件成功
2017-04-20T14:08:08: 读取文件成功
2017-04-20T14:09:09: 读取文件成功
2017-04-20T14:10:08: 读取文件成功
2017-04-20T14:11:08: 读取文件成功
2017-04-20T14:12:08: 读取文件成功
2017-04-20T14:13:08: 读取文件成功
2017-04-20T14:14:08: 读取文件成功
2017-04-20T14:15:08: 读取文件成功
2017-04-20T14:16:08: 读取文件成功
2017-04-20T14:17:08: 读取文件成功
2017-04-20T14:18:08: 读取文件成功
2017-04-20T14:19:08: 读取文件成功
2017-04-20T14:20:08: 读取文件成功
2017-04-20T14:21:08: 读取文件成功
2017-04-20T14:22:09: 读取文件成功
2017-04-20T14:23:08: 读取文件成功
2017-04-20T14:24:08: 读取文件成功
2017-04-20T14:25:08: 读取文件成功
2017-04-20T14:26:08: 读取文件成功
2017-04-20T14:27:08: 读取文件成功
2017-04-20T14:28:08: 读取文件成功
2017-04-20T14:29:08: 读取文件成功
2017-04-20T14:30:09: 读取文件成功
2017-04-20T14:31:08: 读取文件成功
2017-04-20T14:32:08: 读取文件成功
2017-04-20T14:33:09: 读取文件成功
2017-04-20T14:34:08: 读取文件成功
2017-04-20T14:35:09: 读取文件成功
2017-04-20T14:36:08: 读取文件成功
2017-04-20T14:37:08: 读取文件成功
2017-04-20T14:38:08: 读取文件成功
2017-04-20T14:39:08: 读取文件成功
2017-04-20T14:40:08: 读取文件成功
2017-04-20T14:41:09: 读取文件成功
2017-04-20T14:42:08: 读取文件成功
2017-04-20T14:43:08: 读取文件成功
2017-04-20T14:44:08: 读取文件成功
2017-04-20T14:45:08: 读取文件成功
2017-04-20T14:46:08: 读取文件成功
2017-04-20T14:47:08: 读取文件成功
2017-04-20T14:48:08: 读取文件成功
2017-04-20T14:49:08: 读取文件成功
2017-04-20T14:50:08: 读取文件成功
2017-04-20T14:51:08: 读取文件成功
2017-04-20T14:52:08: 读取文件成功
2017-04-20T14:53:08: 读取文件成功
2017-04-20T14:54:08: 读取文件成功
2017-04-20T14:55:08: 读取文件成功
2017-04-20T14:56:08: 读取文件成功
2017-04-20T14:57:09: 读取文件成功
2017-04-20T14:58:08: 读取文件成功
2017-04-20T14:59:08: 读取文件成功
2017-04-20T15:00:08: 读取文件成功
2017-04-20T15:01:09: 读取文件成功
2017-04-20T15:02:08: 读取文件成功
2017-04-20T15:03:08: 读取文件成功
2017-04-20T15:04:09: 读取文件成功
2017-04-20T15:05:09: 读取文件成功
2017-04-20T15:06:08: 读取文件成功
2017-04-20T15:07:08: 读取文件成功
2017-04-20T15:08:08: 读取文件成功
2017-04-20T15:09:08: 读取文件成功
2017-04-20T15:10:08: 读取文件成功
2017-04-20T15:11:09: 读取文件成功
2017-04-20T15:12:08: 读取文件成功
2017-04-20T15:13:08: 读取文件成功
2017-04-20T15:14:08: 读取文件成功
2017-04-20T15:15:09: 读取文件成功
2017-04-20T15:16:08: 读取文件成功
2017-04-20T15:17:08: 读取文件成功
2017-04-20T15:18:08: 读取文件成功
2017-04-20T15:19:08: 读取文件成功
2017-04-20T15:20:08: 读取文件成功
2017-04-20T15:21:09: 读取文件成功
2017-04-20T15:22:08: 读取文件成功
2017-04-20T15:23:09: 读取文件成功
2017-04-20T15:24:08: 读取文件成功
2017-04-20T15:25:09: 读取文件成功
2017-04-20T15:26:08: 读取文件成功
2017-04-20T15:27:09: 读取文件成功
2017-04-20T15:28:09: 读取文件成功
2017-04-20T15:29:09: 读取文件成功
2017-04-20T15:30:09: 读取文件成功
2017-04-20T15:31:09: 读取文件成功
2017-04-20T15:32:09: 读取文件成功
2017-04-20T15:33:09: 读取文件成功
2017-04-20T15:34:09: 读取文件成功
2017-04-20T15:35:09: 读取文件成功
2017-04-20T15:36:09: 读取文件成功
2017-04-20T15:37:09: 读取文件成功
2017-04-20T15:38:09: 读取文件成功
2017-04-20T15:39:12: 读取文件成功
2017-04-20T15:40:09: 读取文件成功
2017-04-20T15:41:09: 读取文件成功
2017-04-20T15:42:09: 读取文件成功
2017-04-20T15:43:09: 读取文件成功
2017-04-20T15:44:09: 读取文件成功
2017-04-20T15:45:09: 读取文件成功
2017-04-20T15:46:09: 读取文件成功
2017-04-20T15:47:09: 读取文件成功
2017-04-20T15:48:09: 读取文件成功
2017-04-20T15:49:10: 读取文件成功
2017-04-20T15:50:09: 读取文件成功
2017-04-20T15:51:10: 读取文件成功
2017-04-20T15:52:09: 读取文件成功
2017-04-20T15:53:09: 读取文件成功
2017-04-20T15:54:09: 读取文件成功
2017-04-20T15:55:09: 读取文件成功
2017-04-20T15:56:09: 读取文件成功
2017-04-20T15:57:09: 读取文件成功
2017-04-20T15:58:09: 读取文件成功
2017-04-20T15:59:09: 读取文件成功
2017-04-20T16:00:11: 读取文件成功
2017-04-20T16:01:09: 读取文件成功
2017-04-20T16:02:09: 读取文件成功
2017-04-20T16:03:09: 读取文件成功
2017-04-20T16:04:09: 读取文件成功
2017-04-20T16:05:09: 读取文件成功
2017-04-20T16:06:09: 读取文件成功
2017-04-20T16:07:09: 读取文件成功
2017-04-20T16:08:09: 读取文件成功
2017-04-20T16:09:09: 读取文件成功
2017-04-20T16:10:09: 读取文件成功
2017-04-20T16:11:09: 读取文件成功
2017-04-20T16:12:09: 读取文件成功
2017-04-20T16:13:10: 读取文件成功
2017-04-20T16:14:09: 读取文件成功
2017-04-20T16:15:09: 读取文件成功
2017-04-20T16:16:09: 读取文件成功
2017-04-20T16:17:09: 读取文件成功
2017-04-20T16:18:09: 读取文件成功
2017-04-20T16:19:09: 读取文件成功
2017-04-20T16:20:09: 读取文件成功
2017-04-20T16:21:10: 读取文件成功
2017-04-20T16:22:09: 读取文件成功
2017-04-20T16:23:09: 读取文件成功
2017-04-20T16:24:10: 读取文件成功
2017-04-20T16:25:09: 读取文件成功
2017-04-20T16:26:09: 读取文件成功
2017-04-20T16:27:09: 读取文件成功
2017-04-20T16:28:09: 读取文件成功
2017-04-20T16:29:09: 读取文件成功
2017-04-20T16:30:10: 读取文件成功
2017-04-20T16:31:09: 读取文件成功
2017-04-20T16:32:09: 读取文件成功
2017-04-20T16:33:09: 读取文件成功
2017-04-20T16:34:09: 读取文件成功
2017-04-20T16:35:09: 读取文件成功
2017-04-20T16:36:09: 读取文件成功
2017-04-20T16:37:09: 读取文件成功
2017-04-20T16:38:10: 读取文件成功
2017-04-20T16:39:09: 读取文件成功
2017-04-20T16:40:09: 读取文件成功
2017-04-20T16:41:09: 读取文件成功
2017-04-20T16:42:10: 读取文件成功
2017-04-20T16:43:10: 读取文件成功
2017-04-20T16:44:09: 读取文件成功
2017-04-20T16:45:09: 读取文件成功
2017-04-20T16:46:09: 读取文件成功
2017-04-20T16:47:09: 读取文件成功
2017-04-20T16:48:10: 读取文件成功
2017-04-20T16:49:09: 读取文件成功
2017-04-20T16:50:09: 读取文件成功
2017-04-20T16:51:09: 读取文件成功
2017-04-20T16:52:10: 读取文件成功
2017-04-20T16:53:09: 读取文件成功
2017-04-20T16:54:09: 读取文件成功
2017-04-20T16:55:09: 读取文件成功
2017-04-20T16:56:09: 读取文件成功
2017-04-20T16:57:10: 读取文件成功
2017-04-20T16:58:09: 读取文件成功
2017-04-20T16:59:18: 读取文件成功
2017-04-20T17:00:10: 读取文件成功
2017-04-20T17:01:10: 读取文件成功
2017-04-20T17:02:10: 读取文件成功
2017-04-20T17:03:10: 读取文件成功
2017-04-20T17:04:10: 读取文件成功
2017-04-20T17:05:11: 读取文件成功
2017-04-20T17:06:10: 读取文件成功
2017-04-20T17:07:10: 读取文件成功
2017-04-20T17:08:10: 读取文件成功
2017-04-20T17:09:10: 读取文件成功
2017-04-20T17:10:10: 读取文件成功
2017-04-20T17:11:10: 读取文件成功
2017-04-20T17:12:10: 读取文件成功
2017-04-20T17:13:10: 读取文件成功
2017-04-20T17:14:10: 读取文件成功
2017-04-20T17:15:10: 读取文件成功
2017-04-20T17:16:10: 读取文件成功
2017-04-20T17:17:10: 读取文件成功
2017-04-20T17:18:10: 读取文件成功
2017-04-20T17:19:10: 读取文件成功
2017-04-20T17:20:14: 读取文件成功
2017-04-20T17:21:10: 读取文件成功
2017-04-20T17:22:11: 读取文件成功
2017-04-20T17:23:10: 读取文件成功
2017-04-20T17:24:10: 读取文件成功
2017-04-20T17:25:11: 读取文件成功
2017-04-20T17:26:11: 读取文件成功
2017-04-20T17:27:10: 读取文件成功
2017-04-20T17:28:10: 读取文件成功
2017-04-20T17:29:10: 读取文件成功
2017-04-20T17:30:10: 读取文件成功
2017-04-20T17:31:10: 读取文件成功
2017-04-20T17:32:10: 读取文件成功
2017-04-20T17:33:10: 读取文件成功
2017-04-20T17:34:10: 读取文件成功
2017-04-20T17:35:10: 读取文件成功
2017-04-20T17:36:10: 读取文件成功
2017-04-20T17:37:10: 读取文件成功
2017-04-20T17:38:10: 读取文件成功
2017-04-20T17:39:10: 读取文件成功
2017-04-20T17:40:10: 读取文件成功
2017-04-20T17:41:11: 读取文件成功
2017-04-20T17:42:10: 读取文件成功
2017-04-20T17:43:10: 读取文件成功
2017-04-20T17:44:10: 读取文件成功
2017-04-20T17:45:11: 读取文件成功
2017-04-20T17:46:10: 读取文件成功
2017-04-20T17:47:10: 读取文件成功
2017-04-20T17:48:10: 读取文件成功
2017-04-20T17:49:10: 读取文件成功
2017-04-20T17:50:13: 读取文件成功
2017-04-20T17:51:10: 读取文件成功
2017-04-20T17:52:10: 读取文件成功
2017-04-20T17:53:11: 读取文件成功
2017-04-20T17:54:11: 读取文件成功
2017-04-20T17:55:10: 读取文件成功
2017-04-20T17:56:10: 读取文件成功
2017-04-20T17:57:10: 读取文件成功
2017-04-20T17:58:10: 读取文件成功
2017-04-20T17:59:10: 读取文件成功
2017-04-20T18:00:10: 读取文件成功
2017-04-20T18:01:10: 读取文件成功
2017-04-20T18:02:10: 读取文件成功
2017-04-20T18:03:10: 读取文件成功
2017-04-20T18:04:10: 读取文件成功
2017-04-20T18:05:10: 读取文件成功
2017-04-20T18:06:25: 读取文件成功
2017-04-20T18:07:15: 读取文件成功
2017-04-20T18:08:16: 读取文件成功
2017-04-20T18:09:25: 读取文件成功
2017-04-20T18:11:27: 读取文件成功
2017-04-20T18:13:05: 读取文件成功
2017-04-20T18:13:39: 读取文件成功
2017-04-20T18:14:11: 读取文件成功
2017-04-20T18:15:18: 读取文件成功
2017-04-20T18:16:48: 读取文件成功
2017-04-20T18:17:10: 读取文件成功
2017-04-20T18:18:19: 读取文件成功
2017-04-20T18:19:20: 读取文件成功
2017-04-20T18:20:10: 读取文件成功
2017-04-20T18:21:10: 读取文件成功
2017-04-20T18:22:10: 读取文件成功
2017-04-20T18:24:02: 读取文件成功
2017-04-20T18:24:11: 读取文件成功
2017-04-20T18:25:51: 读取文件成功
2017-04-20T18:26:27: 读取文件成功
2017-04-20T18:27:33: 读取文件成功
2017-04-20T18:28:37: 读取文件成功
2017-04-20T18:29:13: 读取文件成功
2017-04-20T18:30:22: 读取文件成功
2017-04-20T18:31:58: 读取文件成功
2017-04-20T18:34:10: 读取文件成功
2017-04-20T18:34:46: 读取文件成功
2017-04-20T18:35:18: 读取文件成功
2017-04-20T18:36:24: 读取文件成功
2017-04-20T18:37:29: 读取文件成功
2017-04-20T18:40:15: 读取文件成功
2017-04-20T18:42:28: 读取文件成功
2017-04-20T18:45:12: 读取文件成功
2017-04-20T18:45:13: 读取文件成功
2017-04-20T18:46:10: 读取文件成功
2017-04-20T18:47:10: 读取文件成功
2017-04-20T18:48:11: 读取文件成功
2017-04-20T18:49:10: 读取文件成功
2017-04-20T18:50:11: 读取文件成功
2017-04-20T18:51:12: 读取文件成功
2017-04-20T18:52:11: 读取文件成功
2017-04-20T18:53:11: 读取文件成功
2017-04-20T18:54:24: 读取文件成功
2017-04-20T18:56:36: 读取文件成功
2017-04-20T18:57:11: 读取文件成功
2017-04-20T18:58:16: 读取文件成功
2017-04-20T18:59:21: 读取文件成功
2017-04-20T19:01:00: 读取文件成功
2017-04-20T19:02:11: 读取文件成功
2017-04-20T19:03:13: 读取文件成功
2017-04-20T19:04:11: 读取文件成功
2017-04-20T19:05:12: 读取文件成功
2017-04-20T19:06:11: 读取文件成功
2017-04-20T19:07:11: 读取文件成功
2017-04-20T19:08:11: 读取文件成功
2017-04-20T19:09:11: 读取文件成功
2017-04-20T19:10:11: 读取文件成功
2017-04-20T19:11:14: 读取文件成功
2017-04-20T19:12:11: 读取文件成功
2017-04-20T19:13:50: 读取文件成功
2017-04-20T19:15:27: 读取文件成功
2017-04-20T19:16:00: 读取文件成功
2017-04-20T19:17:11: 读取文件成功
2017-04-20T19:17:14: 读取文件成功
2017-04-20T19:23:58: 读取文件成功
2017-04-20T19:24:31: 读取文件成功
2017-04-20T19:26:11: 读取文件成功
2017-04-20T19:26:48: 读取文件成功
2017-04-20T19:27:11: 读取文件成功
2017-04-20T19:28:11: 读取文件成功
2017-04-20T19:29:11: 读取文件成功
2017-04-20T19:30:11: 读取文件成功
2017-04-20T19:31:11: 读取文件成功
2017-04-20T19:32:12: 读取文件成功
2017-04-20T19:33:11: 读取文件成功
2017-04-20T19:34:11: 读取文件成功
2017-04-20T19:35:12: 读取文件成功
2017-04-20T19:36:12: 读取文件成功
2017-04-20T19:37:22: 读取文件成功
2017-04-20T19:38:11: 读取文件成功
2017-04-20T19:39:11: 读取文件成功
2017-04-20T19:40:11: 读取文件成功
2017-04-20T19:41:11: 读取文件成功
2017-04-20T19:42:12: 读取文件成功
2017-04-20T19:43:11: 读取文件成功
2017-04-20T19:44:11: 读取文件成功
2017-04-20T19:45:11: 读取文件成功
2017-04-20T19:46:12: 读取文件成功
2017-04-20T19:47:11: 读取文件成功
2017-04-20T19:48:11: 读取文件成功
2017-04-20T19:49:11: 读取文件成功
2017-04-20T19:50:11: 读取文件成功
2017-04-20T19:51:11: 读取文件成功
2017-04-20T19:52:11: 读取文件成功
2017-04-20T19:53:12: 读取文件成功
2017-04-20T19:54:11: 读取文件成功
2017-04-20T19:55:11: 读取文件成功
2017-04-20T19:56:12: 读取文件成功
2017-04-20T19:57:11: 读取文件成功
2017-04-20T19:58:12: 读取文件成功
2017-04-20T19:59:11: 读取文件成功
2017-04-20T20:00:11: 读取文件成功
2017-04-20T20:01:12: 读取文件成功
2017-04-20T20:02:11: 读取文件成功
2017-04-20T20:03:12: 读取文件成功
2017-04-20T20:04:11: 读取文件成功
2017-04-20T20:05:12: 读取文件成功
2017-04-20T20:06:11: 读取文件成功
2017-04-20T20:07:12: 读取文件成功
2017-04-20T20:08:11: 读取文件成功
2017-04-20T20:09:11: 读取文件成功
2017-04-20T20:10:12: 读取文件成功
2017-04-20T20:11:11: 读取文件成功
2017-04-20T20:12:15: 读取文件成功
2017-04-20T20:13:11: 读取文件成功
2017-04-20T20:14:12: 读取文件成功
2017-04-20T20:15:11: 读取文件成功
2017-04-20T20:16:11: 读取文件成功
2017-04-20T20:17:13: 读取文件成功
2017-04-20T20:18:12: 读取文件成功
2017-04-20T20:19:14: 读取文件成功
2017-04-20T20:20:12: 读取文件成功
2017-04-20T20:21:11: 读取文件成功
2017-04-20T20:22:11: 读取文件成功
2017-04-20T20:23:12: 读取文件成功
2017-04-20T20:24:11: 读取文件成功
2017-04-20T20:25:11: 读取文件成功
2017-04-20T20:26:13: 读取文件成功
2017-04-20T20:27:12: 读取文件成功
2017-04-20T20:28:11: 读取文件成功
2017-04-20T20:29:12: 读取文件成功
2017-04-20T20:30:11: 读取文件成功
2017-04-20T20:31:11: 读取文件成功
2017-04-20T20:32:11: 读取文件成功
2017-04-20T20:33:11: 读取文件成功
2017-04-20T20:34:12: 读取文件成功
2017-04-20T20:35:12: 读取文件成功
2017-04-20T20:36:11: 读取文件成功
2017-04-20T20:37:12: 读取文件成功
2017-04-20T20:38:13: 读取文件成功
2017-04-20T20:39:12: 读取文件成功
2017-04-20T20:40:12: 读取文件成功
2017-04-20T20:41:12: 读取文件成功
2017-04-20T20:49:13: 读取文件成功
2017-04-20T20:50:12: 读取文件成功
2017-04-20T20:51:12: 读取文件成功
2017-04-20T20:52:12: 读取文件成功
2017-04-20T20:53:12: 读取文件成功
2017-04-20T20:54:12: 读取文件成功
2017-04-20T20:55:13: 读取文件成功
2017-04-20T20:56:12: 读取文件成功
2017-04-20T20:57:12: 读取文件成功
2017-04-20T20:58:12: 读取文件成功
2017-04-20T20:59:12: 读取文件成功
2017-04-20T21:00:12: 读取文件成功
2017-04-20T21:01:12: 读取文件成功
2017-04-20T21:02:12: 读取文件成功
2017-04-20T21:03:12: 读取文件成功
2017-04-20T21:04:12: 读取文件成功
2017-04-20T21:05:14: 读取文件成功
2017-04-20T21:06:12: 读取文件成功
2017-04-20T21:07:12: 读取文件成功
2017-04-20T21:08:12: 读取文件成功
2017-04-20T21:09:12: 读取文件成功
2017-04-20T21:10:14: 读取文件成功
2017-04-20T21:11:13: 读取文件成功
2017-04-20T21:12:12: 读取文件成功
2017-04-20T21:13:12: 读取文件成功
2017-04-20T21:14:13: 读取文件成功
2017-04-20T21:15:12: 读取文件成功
2017-04-20T21:16:12: 读取文件成功
2017-04-20T21:17:13: 读取文件成功
2017-04-20T21:18:12: 读取文件成功
2017-04-20T21:19:12: 读取文件成功
2017-04-20T21:20:12: 读取文件成功
2017-04-20T21:21:12: 读取文件成功
2017-04-20T21:22:12: 读取文件成功
2017-04-20T21:23:12: 读取文件成功
2017-04-20T21:24:12: 读取文件成功
2017-04-20T21:25:12: 读取文件成功
2017-04-20T21:26:12: 读取文件成功
2017-04-20T21:27:12: 读取文件成功
2017-04-20T21:28:12: 读取文件成功
2017-04-20T21:29:12: 读取文件成功
2017-04-20T21:30:12: 读取文件成功
2017-04-20T21:31:12: 读取文件成功
2017-04-20T21:32:12: 读取文件成功
2017-04-20T21:33:13: 读取文件成功
2017-04-20T21:34:13: 读取文件成功
2017-04-20T21:35:12: 读取文件成功
2017-04-20T21:36:12: 读取文件成功
2017-04-20T21:37:13: 读取文件成功
2017-04-20T21:38:12: 读取文件成功
2017-04-20T21:39:12: 读取文件成功
2017-04-20T21:40:12: 读取文件成功
2017-04-20T21:41:12: 读取文件成功
2017-04-20T21:42:12: 读取文件成功
2017-04-20T21:43:12: 读取文件成功
2017-04-20T21:44:12: 读取文件成功
2017-04-20T21:45:13: 读取文件成功
2017-04-20T21:46:13: 读取文件成功
2017-04-20T21:47:12: 读取文件成功
2017-04-20T21:48:12: 读取文件成功
2017-04-20T21:49:12: 读取文件成功
2017-04-20T21:50:12: 读取文件成功
2017-04-20T21:51:13: 读取文件成功
2017-04-20T21:52:12: 读取文件成功
2017-04-20T21:53:14: 读取文件成功
2017-04-20T21:54:13: 读取文件成功
2017-04-20T21:55:12: 读取文件成功
2017-04-20T21:56:13: 读取文件成功
2017-04-20T21:57:14: 读取文件成功
2017-04-20T21:58:14: 读取文件成功
2017-04-20T21:59:13: 读取文件成功
2017-04-20T22:00:14: 读取文件成功
2017-04-20T22:01:12: 读取文件成功
2017-04-20T22:02:14: 读取文件成功
2017-04-20T22:03:13: 读取文件成功
2017-04-20T22:04:12: 读取文件成功
2017-04-20T22:05:14: 读取文件成功
2017-04-20T22:06:12: 读取文件成功
2017-04-20T22:07:12: 读取文件成功
2017-04-20T22:08:12: 读取文件成功
2017-04-20T22:09:12: 读取文件成功
2017-04-20T22:10:16: 读取文件成功
2017-04-20T22:11:12: 读取文件成功
2017-04-20T22:12:12: 读取文件成功
2017-04-20T22:13:13: 读取文件成功
2017-04-20T22:14:12: 读取文件成功
2017-04-20T22:15:13: 读取文件成功
2017-04-20T22:16:14: 读取文件成功
2017-04-20T22:17:16: 读取文件成功
2017-04-20T22:18:13: 读取文件成功
2017-04-20T22:19:13: 读取文件成功
2017-04-20T22:20:13: 读取文件成功
2017-04-20T22:21:13: 读取文件成功
2017-04-20T22:22:14: 读取文件成功
2017-04-20T22:23:14: 读取文件成功
2017-04-20T22:24:14: 读取文件成功
2017-04-20T22:25:13: 读取文件成功
2017-04-20T22:26:13: 读取文件成功
2017-04-20T22:27:13: 读取文件成功
2017-04-20T22:28:13: 读取文件成功
2017-04-20T22:29:13: 读取文件成功
2017-04-20T22:30:13: 读取文件成功
2017-04-20T22:31:13: 读取文件成功
2017-04-20T22:32:13: 读取文件成功
2017-04-20T22:33:13: 读取文件成功
2017-04-20T22:34:13: 读取文件成功
2017-04-20T22:35:13: 读取文件成功
2017-04-20T22:36:13: 读取文件成功
2017-04-20T22:37:13: 读取文件成功
2017-04-20T22:38:13: 读取文件成功
2017-04-20T22:39:13: 读取文件成功
2017-04-20T22:40:13: 读取文件成功
2017-04-20T22:41:14: 读取文件成功
2017-04-20T22:42:13: 读取文件成功
2017-04-20T22:43:13: 读取文件成功
2017-04-20T22:44:13: 读取文件成功
2017-04-20T22:45:13: 读取文件成功
2017-04-20T22:46:13: 读取文件成功
2017-04-20T22:47:13: 读取文件成功
2017-04-20T22:48:13: 读取文件成功
2017-04-20T22:49:13: 读取文件成功
2017-04-20T22:50:13: 读取文件成功
2017-04-20T22:51:14: 读取文件成功
2017-04-20T22:52:16: 读取文件成功
2017-04-20T22:53:13: 读取文件成功
2017-04-20T22:54:13: 读取文件成功
2017-04-20T22:55:16: 读取文件成功
2017-04-20T22:56:13: 读取文件成功
2017-04-20T22:57:13: 读取文件成功
2017-04-20T22:58:13: 读取文件成功
2017-04-20T22:59:13: 读取文件成功
2017-04-20T23:00:13: 读取文件成功
2017-04-20T23:01:13: 读取文件成功
2017-04-20T23:02:13: 读取文件成功
2017-04-20T23:03:13: 读取文件成功
2017-04-20T23:04:13: 读取文件成功
2017-04-20T23:05:13: 读取文件成功
2017-04-20T23:06:13: 读取文件成功
2017-04-20T23:07:13: 读取文件成功
2017-04-20T23:08:13: 读取文件成功
2017-04-20T23:09:13: 读取文件成功
2017-04-20T23:10:13: 读取文件成功
2017-04-20T23:11:13: 读取文件成功
2017-04-20T23:12:13: 读取文件成功
2017-04-20T23:13:13: 读取文件成功
2017-04-20T23:14:13: 读取文件成功
2017-04-20T23:15:17: 读取文件成功
2017-04-20T23:16:14: 读取文件成功
2017-04-20T23:17:14: 读取文件成功
2017-04-20T23:18:51: 读取文件成功
2017-04-20T23:19:16: 读取文件成功
2017-04-20T23:20:13: 读取文件成功
2017-04-20T23:21:14: 读取文件成功
2017-04-20T23:22:13: 读取文件成功
2017-04-20T23:23:13: 读取文件成功
2017-04-20T23:24:13: 读取文件成功
2017-04-20T23:25:13: 读取文件成功
2017-04-20T23:26:16: 读取文件成功
2017-04-20T23:27:13: 读取文件成功
2017-04-20T23:28:13: 读取文件成功
2017-04-20T23:29:14: 读取文件成功
2017-04-20T23:30:13: 读取文件成功
2017-04-20T23:31:13: 读取文件成功
2017-04-20T23:32:13: 读取文件成功
2017-04-20T23:33:14: 读取文件成功
2017-04-20T23:34:13: 读取文件成功
2017-04-20T23:35:14: 读取文件成功
2017-04-20T23:36:13: 读取文件成功
2017-04-20T23:37:14: 读取文件成功
2017-04-20T23:38:17: 读取文件成功
2017-04-20T23:39:13: 读取文件成功
2017-04-20T23:40:13: 读取文件成功
2017-04-20T23:41:14: 读取文件成功
2017-04-20T23:42:14: 读取文件成功
2017-04-20T23:43:13: 读取文件成功
2017-04-20T23:44:14: 读取文件成功
2017-04-20T23:45:13: 读取文件成功
2017-04-20T23:46:14: 读取文件成功
2017-04-20T23:47:14: 读取文件成功
2017-04-20T23:48:13: 读取文件成功
2017-04-20T23:49:15: 读取文件成功
2017-04-20T23:50:13: 非记录时间：2017-04-20T23:50:13+08:00
2017-04-20T23:51:13: 非记录时间：2017-04-20T23:51:13+08:00
2017-04-20T23:52:13: 非记录时间：2017-04-20T23:52:13+08:00
2017-04-20T23:53:13: 非记录时间：2017-04-20T23:53:13+08:00
2017-04-20T23:54:13: 非记录时间：2017-04-20T23:54:13+08:00
2017-04-20T23:55:13: 非记录时间：2017-04-20T23:55:13+08:00
2017-04-20T23:56:13: 非记录时间：2017-04-20T23:56:13+08:00
2017-04-20T23:57:13: 非记录时间：2017-04-20T23:57:13+08:00
2017-04-20T23:58:13: 非记录时间：2017-04-20T23:58:13+08:00
2017-04-20T23:59:13: 非记录时间：2017-04-20T23:59:13+08:00
