2017-06-03T00:00:44: 非记录时间：2017-06-03T00:00:44+08:00
2017-06-03T00:01:44: 非记录时间：2017-06-03T00:01:44+08:00
2017-06-03T00:02:44: 非记录时间：2017-06-03T00:02:44+08:00
2017-06-03T00:03:44: 非记录时间：2017-06-03T00:03:44+08:00
2017-06-03T00:04:44: 非记录时间：2017-06-03T00:04:44+08:00
2017-06-03T00:05:44: 非记录时间：2017-06-03T00:05:44+08:00
2017-06-03T00:06:44: 非记录时间：2017-06-03T00:06:44+08:00
2017-06-03T00:07:44: 非记录时间：2017-06-03T00:07:44+08:00
2017-06-03T00:08:44: 非记录时间：2017-06-03T00:08:44+08:00
2017-06-03T00:09:44: 非记录时间：2017-06-03T00:09:44+08:00
2017-06-03T00:10:44: 非记录时间：2017-06-03T00:10:44+08:00
2017-06-03T00:11:44: 非记录时间：2017-06-03T00:11:44+08:00
2017-06-03T00:12:44: 非记录时间：2017-06-03T00:12:44+08:00
2017-06-03T00:13:44: 非记录时间：2017-06-03T00:13:44+08:00
2017-06-03T00:14:44: 非记录时间：2017-06-03T00:14:44+08:00
2017-06-03T00:15:44: 非记录时间：2017-06-03T00:15:44+08:00
2017-06-03T00:16:44: 非记录时间：2017-06-03T00:16:44+08:00
2017-06-03T00:17:44: 非记录时间：2017-06-03T00:17:44+08:00
2017-06-03T00:18:44: 非记录时间：2017-06-03T00:18:44+08:00
2017-06-03T00:19:44: 非记录时间：2017-06-03T00:19:44+08:00
2017-06-03T00:20:44: 非记录时间：2017-06-03T00:20:44+08:00
2017-06-03T00:21:44: 非记录时间：2017-06-03T00:21:44+08:00
2017-06-03T00:22:44: 非记录时间：2017-06-03T00:22:44+08:00
2017-06-03T00:23:44: 非记录时间：2017-06-03T00:23:44+08:00
2017-06-03T00:24:44: 非记录时间：2017-06-03T00:24:44+08:00
2017-06-03T00:25:44: 非记录时间：2017-06-03T00:25:44+08:00
2017-06-03T00:26:44: 非记录时间：2017-06-03T00:26:44+08:00
2017-06-03T00:27:44: 非记录时间：2017-06-03T00:27:44+08:00
2017-06-03T00:28:44: 非记录时间：2017-06-03T00:28:44+08:00
2017-06-03T00:29:44: 非记录时间：2017-06-03T00:29:44+08:00
2017-06-03T00:30:44: 非记录时间：2017-06-03T00:30:44+08:00
2017-06-03T00:31:44: 非记录时间：2017-06-03T00:31:44+08:00
2017-06-03T00:32:44: 非记录时间：2017-06-03T00:32:44+08:00
2017-06-03T00:33:44: 非记录时间：2017-06-03T00:33:44+08:00
2017-06-03T00:34:44: 非记录时间：2017-06-03T00:34:44+08:00
2017-06-03T00:35:44: 非记录时间：2017-06-03T00:35:44+08:00
2017-06-03T00:36:44: 非记录时间：2017-06-03T00:36:44+08:00
2017-06-03T00:37:44: 非记录时间：2017-06-03T00:37:44+08:00
2017-06-03T00:38:44: 非记录时间：2017-06-03T00:38:44+08:00
2017-06-03T00:39:44: 非记录时间：2017-06-03T00:39:44+08:00
2017-06-03T00:40:44: 非记录时间：2017-06-03T00:40:44+08:00
2017-06-03T00:41:44: 非记录时间：2017-06-03T00:41:44+08:00
2017-06-03T00:42:44: 非记录时间：2017-06-03T00:42:44+08:00
2017-06-03T00:43:44: 非记录时间：2017-06-03T00:43:44+08:00
2017-06-03T00:44:44: 非记录时间：2017-06-03T00:44:44+08:00
2017-06-03T00:45:44: 非记录时间：2017-06-03T00:45:44+08:00
2017-06-03T00:46:44: 非记录时间：2017-06-03T00:46:44+08:00
2017-06-03T00:47:44: 非记录时间：2017-06-03T00:47:44+08:00
2017-06-03T00:48:44: 非记录时间：2017-06-03T00:48:44+08:00
2017-06-03T00:49:44: 非记录时间：2017-06-03T00:49:44+08:00
2017-06-03T00:50:44: 非记录时间：2017-06-03T00:50:44+08:00
2017-06-03T00:51:44: 非记录时间：2017-06-03T00:51:44+08:00
2017-06-03T00:52:44: 非记录时间：2017-06-03T00:52:44+08:00
2017-06-03T00:53:44: 非记录时间：2017-06-03T00:53:44+08:00
2017-06-03T00:54:44: 非记录时间：2017-06-03T00:54:44+08:00
2017-06-03T00:55:44: 非记录时间：2017-06-03T00:55:44+08:00
2017-06-03T00:56:44: 非记录时间：2017-06-03T00:56:44+08:00
2017-06-03T00:57:44: 非记录时间：2017-06-03T00:57:44+08:00
2017-06-03T00:58:44: 非记录时间：2017-06-03T00:58:44+08:00
2017-06-03T00:59:44: 非记录时间：2017-06-03T00:59:44+08:00
2017-06-03T01:00:44: 非记录时间：2017-06-03T01:00:44+08:00
2017-06-03T01:01:44: 非记录时间：2017-06-03T01:01:44+08:00
2017-06-03T01:02:44: 非记录时间：2017-06-03T01:02:44+08:00
2017-06-03T01:03:44: 非记录时间：2017-06-03T01:03:44+08:00
2017-06-03T01:04:44: 非记录时间：2017-06-03T01:04:44+08:00
2017-06-03T01:05:44: 非记录时间：2017-06-03T01:05:44+08:00
2017-06-03T01:06:44: 非记录时间：2017-06-03T01:06:44+08:00
2017-06-03T01:07:44: 非记录时间：2017-06-03T01:07:44+08:00
2017-06-03T01:08:44: 非记录时间：2017-06-03T01:08:44+08:00
2017-06-03T01:09:44: 非记录时间：2017-06-03T01:09:44+08:00
2017-06-03T01:10:44: 非记录时间：2017-06-03T01:10:44+08:00
2017-06-03T01:11:46: 读取文件失败，可能是该文件不存在
2017-06-03T01:11:46: Error: ENOENT: no such file or directory, open './data/2017-06-03.json'
2017-06-03T01:12:45: 读取文件成功
2017-06-03T01:13:45: 读取文件成功
2017-06-03T01:14:46: 读取文件成功
2017-06-03T01:15:44: 读取文件成功
2017-06-03T01:16:45: 读取文件成功
2017-06-03T01:17:46: 读取文件成功
2017-06-03T01:18:46: 读取文件成功
2017-06-03T01:19:45: 读取文件成功
2017-06-03T01:20:46: 读取文件成功
2017-06-03T01:21:46: 读取文件成功
2017-06-03T01:22:45: 读取文件成功
2017-06-03T01:23:45: 读取文件成功
2017-06-03T01:24:45: 读取文件成功
2017-06-03T01:25:45: 读取文件成功
2017-06-03T01:26:45: 读取文件成功
2017-06-03T01:27:45: 读取文件成功
2017-06-03T01:28:45: 读取文件成功
2017-06-03T01:29:45: 读取文件成功
2017-06-03T01:30:45: 读取文件成功
2017-06-03T01:31:50: 读取文件成功
2017-06-03T01:32:45: 读取文件成功
2017-06-03T01:33:47: 读取文件成功
2017-06-03T01:34:45: 读取文件成功
2017-06-03T01:35:45: 读取文件成功
2017-06-03T01:36:46: 读取文件成功
2017-06-03T01:37:45: 读取文件成功
2017-06-03T01:38:49: 读取文件成功
2017-06-03T01:39:45: 读取文件成功
2017-06-03T01:40:45: 读取文件成功
2017-06-03T01:41:44: 读取文件成功
2017-06-03T01:42:45: 读取文件成功
2017-06-03T01:43:45: 读取文件成功
2017-06-03T01:44:45: 读取文件成功
2017-06-03T01:45:45: 读取文件成功
2017-06-03T01:46:45: 读取文件成功
2017-06-03T01:47:46: 读取文件成功
2017-06-03T01:48:45: 读取文件成功
2017-06-03T01:49:45: 读取文件成功
2017-06-03T01:50:45: 读取文件成功
2017-06-03T01:51:45: 读取文件成功
2017-06-03T01:52:46: 读取文件成功
2017-06-03T01:53:48: 读取文件成功
2017-06-03T01:54:45: 读取文件成功
2017-06-03T01:55:46: 读取文件成功
2017-06-03T01:56:45: 读取文件成功
2017-06-03T01:57:45: 读取文件成功
2017-06-03T01:58:45: 读取文件成功
2017-06-03T01:59:45: 读取文件成功
2017-06-03T02:00:45: 读取文件成功
2017-06-03T02:01:46: 读取文件成功
2017-06-03T02:02:45: 读取文件成功
2017-06-03T02:03:46: 读取文件成功
2017-06-03T02:04:45: 读取文件成功
2017-06-03T02:05:45: 读取文件成功
2017-06-03T02:06:45: 读取文件成功
2017-06-03T02:07:45: 读取文件成功
2017-06-03T02:08:46: 读取文件成功
2017-06-03T02:09:45: 读取文件成功
2017-06-03T02:10:45: 读取文件成功
2017-06-03T02:11:46: 读取文件成功
2017-06-03T02:12:45: 读取文件成功
2017-06-03T02:13:46: 读取文件成功
2017-06-03T02:14:45: 读取文件成功
2017-06-03T02:15:47: 读取文件成功
2017-06-03T02:16:47: 读取文件成功
2017-06-03T02:17:45: 读取文件成功
2017-06-03T02:18:45: 读取文件成功
2017-06-03T02:19:45: 读取文件成功
2017-06-03T02:20:45: 读取文件成功
2017-06-03T02:21:45: 读取文件成功
2017-06-03T02:22:46: 读取文件成功
2017-06-03T02:23:46: 读取文件成功
2017-06-03T02:24:45: 读取文件成功
2017-06-03T02:25:45: 读取文件成功
2017-06-03T02:26:46: 读取文件成功
2017-06-03T02:27:45: 读取文件成功
2017-06-03T02:28:45: 读取文件成功
2017-06-03T02:29:45: 读取文件成功
2017-06-03T02:30:45: 读取文件成功
2017-06-03T02:31:47: 读取文件成功
2017-06-03T02:32:45: 读取文件成功
2017-06-03T02:33:45: 读取文件成功
2017-06-03T02:34:45: 读取文件成功
2017-06-03T02:35:45: 读取文件成功
2017-06-03T02:36:45: 读取文件成功
2017-06-03T02:37:45: 读取文件成功
2017-06-03T02:38:45: 读取文件成功
2017-06-03T02:39:45: 读取文件成功
2017-06-03T02:40:45: 读取文件成功
2017-06-03T02:41:45: 读取文件成功
2017-06-03T02:42:45: 读取文件成功
2017-06-03T02:43:45: 读取文件成功
2017-06-03T02:44:45: 读取文件成功
2017-06-03T02:45:45: 读取文件成功
2017-06-03T02:46:45: 读取文件成功
2017-06-03T02:47:45: 读取文件成功
2017-06-03T02:48:45: 读取文件成功
2017-06-03T02:49:45: 读取文件成功
2017-06-03T02:50:45: 读取文件成功
2017-06-03T02:51:45: 读取文件成功
2017-06-03T02:52:45: 读取文件成功
2017-06-03T02:53:45: 读取文件成功
2017-06-03T02:54:45: 读取文件成功
2017-06-03T02:55:45: 读取文件成功
2017-06-03T02:56:45: 读取文件成功
2017-06-03T02:57:45: 读取文件成功
2017-06-03T02:58:45: 读取文件成功
2017-06-03T02:59:45: 读取文件成功
2017-06-03T03:00:45: 读取文件成功
2017-06-03T03:01:45: 读取文件成功
2017-06-03T03:02:45: 读取文件成功
2017-06-03T03:03:45: 读取文件成功
2017-06-03T03:04:45: 读取文件成功
2017-06-03T03:05:45: 读取文件成功
2017-06-03T03:06:45: 读取文件成功
2017-06-03T03:07:45: 读取文件成功
2017-06-03T03:08:45: 读取文件成功
2017-06-03T03:09:45: 读取文件成功
2017-06-03T03:10:45: 读取文件成功
2017-06-03T03:11:45: 读取文件成功
2017-06-03T03:12:45: 读取文件成功
2017-06-03T03:13:45: 读取文件成功
2017-06-03T03:14:45: 读取文件成功
2017-06-03T03:15:45: 读取文件成功
2017-06-03T03:16:45: 读取文件成功
2017-06-03T03:17:45: 读取文件成功
2017-06-03T03:18:45: 读取文件成功
2017-06-03T03:19:45: 读取文件成功
2017-06-03T03:20:45: 读取文件成功
2017-06-03T03:21:46: 读取文件成功
2017-06-03T03:22:45: 读取文件成功
2017-06-03T03:23:45: 读取文件成功
2017-06-03T03:24:45: 读取文件成功
2017-06-03T03:25:45: 读取文件成功
2017-06-03T03:26:45: 读取文件成功
2017-06-03T03:27:46: 读取文件成功
2017-06-03T03:28:45: 读取文件成功
2017-06-03T03:29:45: 读取文件成功
2017-06-03T03:30:45: 读取文件成功
2017-06-03T03:31:46: 读取文件成功
2017-06-03T03:32:45: 读取文件成功
2017-06-03T03:33:46: 读取文件成功
2017-06-03T03:34:46: 读取文件成功
2017-06-03T03:35:46: 读取文件成功
2017-06-03T03:36:46: 读取文件成功
2017-06-03T03:37:46: 读取文件成功
2017-06-03T03:38:46: 读取文件成功
2017-06-03T03:39:46: 读取文件成功
2017-06-03T03:40:46: 读取文件成功
2017-06-03T03:41:46: 读取文件成功
2017-06-03T03:42:46: 读取文件成功
2017-06-03T03:43:46: 读取文件成功
2017-06-03T03:44:46: 读取文件成功
2017-06-03T03:45:46: 读取文件成功
2017-06-03T03:46:46: 读取文件成功
2017-06-03T03:47:46: 读取文件成功
2017-06-03T03:48:46: 读取文件成功
2017-06-03T03:49:46: 读取文件成功
2017-06-03T03:50:46: 读取文件成功
2017-06-03T03:51:46: 读取文件成功
2017-06-03T03:52:46: 读取文件成功
2017-06-03T03:53:46: 读取文件成功
2017-06-03T03:54:46: 读取文件成功
2017-06-03T03:55:46: 读取文件成功
2017-06-03T03:56:46: 读取文件成功
2017-06-03T03:57:46: 读取文件成功
2017-06-03T03:58:46: 读取文件成功
2017-06-03T03:59:46: 读取文件成功
2017-06-03T04:00:46: 读取文件成功
2017-06-03T04:01:46: 读取文件成功
2017-06-03T04:02:46: 读取文件成功
2017-06-03T04:03:46: 读取文件成功
2017-06-03T04:04:46: 读取文件成功
2017-06-03T04:05:46: 读取文件成功
2017-06-03T04:06:46: 读取文件成功
2017-06-03T04:07:46: 读取文件成功
2017-06-03T04:08:46: 读取文件成功
2017-06-03T04:09:46: 读取文件成功
2017-06-03T04:10:46: 读取文件成功
2017-06-03T04:11:46: 读取文件成功
2017-06-03T04:12:46: 读取文件成功
2017-06-03T04:13:46: 读取文件成功
2017-06-03T04:14:46: 读取文件成功
2017-06-03T04:15:46: 读取文件成功
2017-06-03T04:16:46: 读取文件成功
2017-06-03T04:17:46: 读取文件成功
2017-06-03T04:18:46: 读取文件成功
2017-06-03T04:19:46: 读取文件成功
2017-06-03T04:20:46: 读取文件成功
2017-06-03T04:21:46: 读取文件成功
2017-06-03T04:22:46: 读取文件成功
2017-06-03T04:23:46: 读取文件成功
2017-06-03T04:24:46: 读取文件成功
2017-06-03T04:25:46: 读取文件成功
2017-06-03T04:26:46: 读取文件成功
2017-06-03T04:27:46: 读取文件成功
2017-06-03T04:28:46: 读取文件成功
2017-06-03T04:29:46: 读取文件成功
2017-06-03T04:30:46: 读取文件成功
2017-06-03T04:31:46: 读取文件成功
2017-06-03T04:32:46: 读取文件成功
2017-06-03T04:33:46: 读取文件成功
2017-06-03T04:34:46: 读取文件成功
2017-06-03T04:35:46: 读取文件成功
2017-06-03T04:36:46: 读取文件成功
2017-06-03T04:37:46: 读取文件成功
2017-06-03T04:38:46: 读取文件成功
2017-06-03T04:39:46: 读取文件成功
2017-06-03T04:40:46: 读取文件成功
2017-06-03T04:41:46: 读取文件成功
2017-06-03T04:42:46: 读取文件成功
2017-06-03T04:43:46: 读取文件成功
2017-06-03T04:44:46: 读取文件成功
2017-06-03T04:45:46: 读取文件成功
2017-06-03T04:46:46: 读取文件成功
2017-06-03T04:47:46: 读取文件成功
2017-06-03T04:48:46: 读取文件成功
2017-06-03T04:49:46: 读取文件成功
2017-06-03T04:50:46: 读取文件成功
2017-06-03T04:51:46: 读取文件成功
2017-06-03T04:52:46: 读取文件成功
2017-06-03T04:53:46: 读取文件成功
2017-06-03T04:54:46: 读取文件成功
2017-06-03T04:55:46: 读取文件成功
2017-06-03T04:56:46: 读取文件成功
2017-06-03T04:57:46: 读取文件成功
2017-06-03T04:58:46: 读取文件成功
2017-06-03T04:59:46: 读取文件成功
2017-06-03T05:00:46: 读取文件成功
2017-06-03T05:01:46: 读取文件成功
2017-06-03T05:02:46: 读取文件成功
2017-06-03T05:03:47: 读取文件成功
2017-06-03T05:04:46: 读取文件成功
2017-06-03T05:05:46: 读取文件成功
2017-06-03T05:06:46: 读取文件成功
2017-06-03T05:07:46: 读取文件成功
2017-06-03T05:08:46: 读取文件成功
2017-06-03T05:09:47: 读取文件成功
2017-06-03T05:10:46: 读取文件成功
2017-06-03T05:11:46: 读取文件成功
2017-06-03T05:12:46: 读取文件成功
2017-06-03T05:13:46: 读取文件成功
2017-06-03T05:14:47: 读取文件成功
2017-06-03T05:15:47: 读取文件成功
2017-06-03T05:16:47: 读取文件成功
2017-06-03T05:17:47: 读取文件成功
2017-06-03T05:18:47: 读取文件成功
2017-06-03T05:19:47: 读取文件成功
2017-06-03T05:20:47: 读取文件成功
2017-06-03T05:21:47: 读取文件成功
2017-06-03T05:22:47: 读取文件成功
2017-06-03T05:23:47: 读取文件成功
2017-06-03T05:24:47: 读取文件成功
2017-06-03T05:25:47: 读取文件成功
2017-06-03T05:26:47: 读取文件成功
2017-06-03T05:27:47: 读取文件成功
2017-06-03T05:28:47: 读取文件成功
2017-06-03T05:29:47: 读取文件成功
2017-06-03T05:30:47: 读取文件成功
2017-06-03T05:31:47: 读取文件成功
2017-06-03T05:32:47: 读取文件成功
2017-06-03T05:33:47: 读取文件成功
2017-06-03T05:34:47: 读取文件成功
2017-06-03T05:35:47: 读取文件成功
2017-06-03T05:36:47: 读取文件成功
2017-06-03T05:37:47: 读取文件成功
2017-06-03T05:38:47: 读取文件成功
2017-06-03T05:39:47: 读取文件成功
2017-06-03T05:40:47: 读取文件成功
2017-06-03T05:41:47: 读取文件成功
2017-06-03T05:42:47: 读取文件成功
2017-06-03T05:43:47: 读取文件成功
2017-06-03T05:44:47: 读取文件成功
2017-06-03T05:45:47: 读取文件成功
2017-06-03T05:46:47: 读取文件成功
2017-06-03T05:47:47: 读取文件成功
2017-06-03T05:48:47: 读取文件成功
2017-06-03T05:49:47: 读取文件成功
2017-06-03T05:50:47: 读取文件成功
2017-06-03T05:51:47: 读取文件成功
2017-06-03T05:52:47: 读取文件成功
2017-06-03T05:53:47: 读取文件成功
2017-06-03T05:54:47: 读取文件成功
2017-06-03T05:55:47: 读取文件成功
2017-06-03T05:56:47: 读取文件成功
2017-06-03T05:57:47: 读取文件成功
2017-06-03T05:58:47: 读取文件成功
2017-06-03T05:59:47: 读取文件成功
2017-06-03T06:00:47: 读取文件成功
2017-06-03T06:01:47: 读取文件成功
2017-06-03T06:02:47: 读取文件成功
2017-06-03T06:03:47: 读取文件成功
2017-06-03T06:04:47: 读取文件成功
2017-06-03T06:05:47: 读取文件成功
2017-06-03T06:06:47: 读取文件成功
2017-06-03T06:07:47: 读取文件成功
2017-06-03T06:08:47: 读取文件成功
2017-06-03T06:09:47: 读取文件成功
2017-06-03T06:10:47: 读取文件成功
2017-06-03T06:11:47: 读取文件成功
2017-06-03T06:12:47: 读取文件成功
2017-06-03T06:13:47: 读取文件成功
2017-06-03T06:14:47: 读取文件成功
2017-06-03T06:15:47: 读取文件成功
2017-06-03T06:16:47: 读取文件成功
2017-06-03T06:17:47: 读取文件成功
2017-06-03T06:18:47: 读取文件成功
2017-06-03T06:19:47: 读取文件成功
2017-06-03T06:20:47: 读取文件成功
2017-06-03T06:21:47: 读取文件成功
2017-06-03T06:22:47: 读取文件成功
2017-06-03T06:23:47: 读取文件成功
2017-06-03T06:24:47: 读取文件成功
2017-06-03T06:25:47: 读取文件成功
2017-06-03T06:26:47: 读取文件成功
2017-06-03T06:27:47: 读取文件成功
2017-06-03T06:28:47: 读取文件成功
2017-06-03T06:29:47: 读取文件成功
2017-06-03T06:30:47: 读取文件成功
2017-06-03T06:31:47: 读取文件成功
2017-06-03T06:32:47: 读取文件成功
2017-06-03T06:33:47: 读取文件成功
2017-06-03T06:34:47: 读取文件成功
2017-06-03T06:35:47: 读取文件成功
2017-06-03T06:36:47: 读取文件成功
2017-06-03T06:37:47: 读取文件成功
2017-06-03T06:38:47: 读取文件成功
2017-06-03T06:39:47: 读取文件成功
2017-06-03T06:40:47: 读取文件成功
2017-06-03T06:41:47: 读取文件成功
2017-06-03T06:42:47: 读取文件成功
2017-06-03T06:43:47: 读取文件成功
2017-06-03T06:44:47: 读取文件成功
2017-06-03T06:45:48: 读取文件成功
2017-06-03T06:46:47: 读取文件成功
2017-06-03T06:47:47: 读取文件成功
2017-06-03T06:48:47: 读取文件成功
2017-06-03T06:49:47: 读取文件成功
2017-06-03T06:50:47: 读取文件成功
2017-06-03T06:51:48: 读取文件成功
2017-06-03T06:52:47: 读取文件成功
2017-06-03T06:53:47: 读取文件成功
2017-06-03T06:54:47: 读取文件成功
2017-06-03T06:55:47: 读取文件成功
2017-06-03T06:56:47: 读取文件成功
2017-06-03T06:57:48: 读取文件成功
2017-06-03T06:58:48: 读取文件成功
2017-06-03T06:59:48: 读取文件成功
2017-06-03T07:00:48: 读取文件成功
2017-06-03T07:01:48: 读取文件成功
2017-06-03T07:02:48: 读取文件成功
2017-06-03T07:03:48: 读取文件成功
2017-06-03T07:04:48: 读取文件成功
2017-06-03T07:05:48: 读取文件成功
2017-06-03T07:06:48: 读取文件成功
2017-06-03T07:07:48: 读取文件成功
2017-06-03T07:08:48: 读取文件成功
2017-06-03T07:09:48: 读取文件成功
2017-06-03T07:10:48: 读取文件成功
2017-06-03T07:11:48: 读取文件成功
2017-06-03T07:12:48: 读取文件成功
2017-06-03T07:13:48: 读取文件成功
2017-06-03T07:14:48: 读取文件成功
2017-06-03T07:15:48: 读取文件成功
2017-06-03T07:16:48: 读取文件成功
2017-06-03T07:17:48: 读取文件成功
2017-06-03T07:18:48: 读取文件成功
2017-06-03T07:19:48: 读取文件成功
2017-06-03T07:20:48: 读取文件成功
2017-06-03T07:21:48: 读取文件成功
2017-06-03T07:22:48: 读取文件成功
2017-06-03T07:23:48: 读取文件成功
2017-06-03T07:24:48: 读取文件成功
2017-06-03T07:25:48: 读取文件成功
2017-06-03T07:26:48: 读取文件成功
2017-06-03T07:27:48: 读取文件成功
2017-06-03T07:28:48: 读取文件成功
2017-06-03T07:29:48: 读取文件成功
2017-06-03T07:30:48: 读取文件成功
2017-06-03T07:31:48: 读取文件成功
2017-06-03T07:32:48: 读取文件成功
2017-06-03T07:33:48: 读取文件成功
2017-06-03T07:34:48: 读取文件成功
2017-06-03T07:35:48: 读取文件成功
2017-06-03T07:36:48: 读取文件成功
2017-06-03T07:37:48: 读取文件成功
2017-06-03T07:38:48: 读取文件成功
2017-06-03T07:39:48: 读取文件成功
2017-06-03T07:40:48: 读取文件成功
2017-06-03T07:41:48: 读取文件成功
2017-06-03T07:42:48: 读取文件成功
2017-06-03T07:43:48: 读取文件成功
2017-06-03T07:44:48: 读取文件成功
2017-06-03T07:45:48: 读取文件成功
2017-06-03T07:46:48: 读取文件成功
2017-06-03T07:47:48: 读取文件成功
2017-06-03T07:48:48: 读取文件成功
2017-06-03T07:49:48: 读取文件成功
2017-06-03T07:50:48: 读取文件成功
2017-06-03T07:51:48: 读取文件成功
2017-06-03T07:52:48: 读取文件成功
2017-06-03T07:53:48: 读取文件成功
2017-06-03T07:54:48: 读取文件成功
2017-06-03T07:55:48: 读取文件成功
2017-06-03T07:56:48: 读取文件成功
2017-06-03T07:57:48: 读取文件成功
2017-06-03T07:58:48: 读取文件成功
2017-06-03T07:59:48: 读取文件成功
2017-06-03T08:00:48: 读取文件成功
2017-06-03T08:01:48: 读取文件成功
2017-06-03T08:02:48: 读取文件成功
2017-06-03T08:03:48: 读取文件成功
2017-06-03T08:04:48: 读取文件成功
2017-06-03T08:05:48: 读取文件成功
2017-06-03T08:06:48: 读取文件成功
2017-06-03T08:07:48: 读取文件成功
2017-06-03T08:08:48: 读取文件成功
2017-06-03T08:09:48: 读取文件成功
2017-06-03T08:10:48: 读取文件成功
2017-06-03T08:11:48: 读取文件成功
2017-06-03T08:12:48: 读取文件成功
2017-06-03T08:13:48: 读取文件成功
2017-06-03T08:14:48: 读取文件成功
2017-06-03T08:15:48: 读取文件成功
2017-06-03T08:16:48: 读取文件成功
2017-06-03T08:17:48: 读取文件成功
2017-06-03T08:18:48: 读取文件成功
2017-06-03T08:19:48: 读取文件成功
2017-06-03T08:20:48: 读取文件成功
2017-06-03T08:21:48: 读取文件成功
2017-06-03T08:22:48: 读取文件成功
2017-06-03T08:23:48: 读取文件成功
2017-06-03T08:24:48: 读取文件成功
2017-06-03T08:25:48: 读取文件成功
2017-06-03T08:26:49: 读取文件成功
2017-06-03T08:27:48: 读取文件成功
2017-06-03T08:28:48: 读取文件成功
2017-06-03T08:29:48: 读取文件成功
2017-06-03T08:30:48: 读取文件成功
2017-06-03T08:31:48: 读取文件成功
2017-06-03T08:32:49: 读取文件成功
2017-06-03T08:33:48: 读取文件成功
2017-06-03T08:34:48: 读取文件成功
2017-06-03T08:35:48: 读取文件成功
2017-06-03T08:36:48: 读取文件成功
2017-06-03T08:37:48: 读取文件成功
2017-06-03T08:38:49: 读取文件成功
2017-06-03T08:39:49: 读取文件成功
2017-06-03T08:40:49: 读取文件成功
2017-06-03T08:41:49: 读取文件成功
2017-06-03T08:42:49: 读取文件成功
2017-06-03T08:43:49: 读取文件成功
2017-06-03T08:44:49: 读取文件成功
2017-06-03T08:45:49: 读取文件成功
2017-06-03T08:46:49: 读取文件成功
2017-06-03T08:47:49: 读取文件成功
2017-06-03T08:48:49: 读取文件成功
2017-06-03T08:49:49: 读取文件成功
2017-06-03T08:50:49: 读取文件成功
2017-06-03T08:51:49: 读取文件成功
2017-06-03T08:52:49: 读取文件成功
2017-06-03T08:53:49: 读取文件成功
2017-06-03T08:54:49: 读取文件成功
2017-06-03T08:55:49: 读取文件成功
2017-06-03T08:56:49: 读取文件成功
2017-06-03T08:57:49: 读取文件成功
2017-06-03T08:58:49: 读取文件成功
2017-06-03T08:59:49: 读取文件成功
2017-06-03T09:00:49: 读取文件成功
2017-06-03T09:01:49: 读取文件成功
2017-06-03T09:02:49: 读取文件成功
2017-06-03T09:03:49: 读取文件成功
2017-06-03T09:04:49: 读取文件成功
2017-06-03T09:05:49: 读取文件成功
2017-06-03T09:06:49: 读取文件成功
2017-06-03T09:07:49: 读取文件成功
2017-06-03T09:08:49: 读取文件成功
2017-06-03T09:09:49: 读取文件成功
2017-06-03T09:10:49: 读取文件成功
2017-06-03T09:11:49: 读取文件成功
2017-06-03T09:12:49: 读取文件成功
2017-06-03T09:13:49: 读取文件成功
2017-06-03T09:14:49: 读取文件成功
2017-06-03T09:15:49: 读取文件成功
2017-06-03T09:16:49: 读取文件成功
2017-06-03T09:17:49: 读取文件成功
2017-06-03T09:18:49: 读取文件成功
2017-06-03T09:19:49: 读取文件成功
2017-06-03T09:20:49: 读取文件成功
2017-06-03T09:21:49: 读取文件成功
2017-06-03T09:22:49: 读取文件成功
2017-06-03T09:23:49: 读取文件成功
2017-06-03T09:24:49: 读取文件成功
2017-06-03T09:25:49: 读取文件成功
2017-06-03T09:26:49: 读取文件成功
2017-06-03T09:27:49: 读取文件成功
2017-06-03T09:28:49: 读取文件成功
2017-06-03T09:29:49: 读取文件成功
2017-06-03T09:30:49: 读取文件成功
2017-06-03T09:31:49: 读取文件成功
2017-06-03T09:32:49: 读取文件成功
2017-06-03T09:33:49: 读取文件成功
2017-06-03T09:34:49: 读取文件成功
2017-06-03T09:35:49: 读取文件成功
2017-06-03T09:36:49: 读取文件成功
2017-06-03T09:37:49: 读取文件成功
2017-06-03T09:38:49: 读取文件成功
2017-06-03T09:39:49: 读取文件成功
2017-06-03T09:40:49: 读取文件成功
2017-06-03T09:41:49: 读取文件成功
2017-06-03T09:42:49: 读取文件成功
2017-06-03T09:43:49: 读取文件成功
2017-06-03T09:44:50: 读取文件成功
2017-06-03T09:45:49: 读取文件成功
2017-06-03T09:46:49: 读取文件成功
2017-06-03T09:47:49: 读取文件成功
2017-06-03T09:48:49: 读取文件成功
2017-06-03T09:49:49: 读取文件成功
2017-06-03T09:50:50: 读取文件成功
2017-06-03T09:51:49: 读取文件成功
2017-06-03T09:52:49: 读取文件成功
2017-06-03T09:53:50: 读取文件成功
2017-06-03T09:54:49: 读取文件成功
2017-06-03T09:55:49: 读取文件成功
2017-06-03T09:56:49: 读取文件成功
2017-06-03T09:57:49: 读取文件成功
2017-06-03T09:58:49: 读取文件成功
2017-06-03T09:59:49: 读取文件成功
2017-06-03T10:00:49: 读取文件成功
2017-06-03T10:01:49: 读取文件成功
2017-06-03T10:02:50: 读取文件成功
2017-06-03T10:03:49: 读取文件成功
2017-06-03T10:04:49: 读取文件成功
2017-06-03T10:05:49: 读取文件成功
2017-06-03T10:06:49: 读取文件成功
2017-06-03T10:07:49: 读取文件成功
2017-06-03T10:08:50: 读取文件成功
2017-06-03T10:09:49: 读取文件成功
2017-06-03T10:10:49: 读取文件成功
2017-06-03T10:11:49: 读取文件成功
2017-06-03T10:12:49: 读取文件成功
2017-06-03T10:13:49: 读取文件成功
2017-06-03T10:14:50: 读取文件成功
2017-06-03T10:15:49: 读取文件成功
2017-06-03T10:16:49: 读取文件成功
2017-06-03T10:17:49: 读取文件成功
2017-06-03T10:18:49: 读取文件成功
2017-06-03T10:19:49: 读取文件成功
2017-06-03T10:20:50: 读取文件成功
2017-06-03T10:21:50: 读取文件成功
2017-06-03T10:22:49: 读取文件成功
2017-06-03T10:23:50: 读取文件成功
2017-06-03T10:24:50: 读取文件成功
2017-06-03T10:25:50: 读取文件成功
2017-06-03T10:26:50: 读取文件成功
2017-06-03T10:27:50: 读取文件成功
2017-06-03T10:28:50: 读取文件成功
2017-06-03T10:29:50: 读取文件成功
2017-06-03T10:30:50: 读取文件成功
2017-06-03T10:31:50: 读取文件成功
2017-06-03T10:32:50: 读取文件成功
2017-06-03T10:33:50: 读取文件成功
2017-06-03T10:34:50: 读取文件成功
2017-06-03T10:35:50: 读取文件成功
2017-06-03T10:36:50: 读取文件成功
2017-06-03T10:37:50: 读取文件成功
2017-06-03T10:38:50: 读取文件成功
2017-06-03T10:39:50: 读取文件成功
2017-06-03T10:40:50: 读取文件成功
2017-06-03T10:41:50: 读取文件成功
2017-06-03T10:42:50: 读取文件成功
2017-06-03T10:43:50: 读取文件成功
2017-06-03T10:44:50: 读取文件成功
2017-06-03T10:45:50: 读取文件成功
2017-06-03T10:46:50: 读取文件成功
2017-06-03T10:47:50: 读取文件成功
2017-06-03T10:48:50: 读取文件成功
2017-06-03T10:49:50: 读取文件成功
2017-06-03T10:50:50: 读取文件成功
2017-06-03T10:51:50: 读取文件成功
2017-06-03T10:52:50: 读取文件成功
2017-06-03T10:53:50: 读取文件成功
2017-06-03T10:54:50: 读取文件成功
2017-06-03T10:55:50: 读取文件成功
2017-06-03T10:56:50: 读取文件成功
2017-06-03T10:57:50: 读取文件成功
2017-06-03T10:58:50: 读取文件成功
2017-06-03T10:59:50: 读取文件成功
2017-06-03T11:00:50: 读取文件成功
2017-06-03T11:01:50: 读取文件成功
2017-06-03T11:02:50: 读取文件成功
2017-06-03T11:03:50: 读取文件成功
2017-06-03T11:04:50: 读取文件成功
2017-06-03T11:05:50: 读取文件成功
2017-06-03T11:06:50: 读取文件成功
2017-06-03T11:07:50: 读取文件成功
2017-06-03T11:08:50: 读取文件成功
2017-06-03T11:09:50: 读取文件成功
2017-06-03T11:10:50: 读取文件成功
2017-06-03T11:11:50: 读取文件成功
2017-06-03T11:12:50: 读取文件成功
2017-06-03T11:13:50: 读取文件成功
2017-06-03T11:14:50: 读取文件成功
2017-06-03T11:15:50: 读取文件成功
2017-06-03T11:16:50: 读取文件成功
2017-06-03T11:17:50: 读取文件成功
2017-06-03T11:18:50: 读取文件成功
2017-06-03T11:19:50: 读取文件成功
2017-06-03T11:20:50: 读取文件成功
2017-06-03T11:21:50: 读取文件成功
2017-06-03T11:22:50: 读取文件成功
2017-06-03T11:23:50: 读取文件成功
2017-06-03T11:24:50: 读取文件成功
2017-06-03T11:25:50: 读取文件成功
2017-06-03T11:26:50: 读取文件成功
2017-06-03T11:27:50: 读取文件成功
2017-06-03T11:28:50: 读取文件成功
2017-06-03T11:29:50: 读取文件成功
2017-06-03T11:30:50: 读取文件成功
2017-06-03T11:31:50: 读取文件成功
2017-06-03T11:32:50: 读取文件成功
2017-06-03T11:33:50: 读取文件成功
2017-06-03T11:34:50: 读取文件成功
2017-06-03T11:35:50: 读取文件成功
2017-06-03T11:36:50: 读取文件成功
2017-06-03T11:37:50: 读取文件成功
2017-06-03T11:38:50: 读取文件成功
2017-06-03T11:39:50: 读取文件成功
2017-06-03T11:40:50: 读取文件成功
2017-06-03T11:41:50: 读取文件成功
2017-06-03T11:42:50: 读取文件成功
2017-06-03T11:43:50: 读取文件成功
2017-06-03T11:44:50: 读取文件成功
2017-06-03T11:45:50: 读取文件成功
2017-06-03T11:46:50: 读取文件成功
2017-06-03T11:47:50: 读取文件成功
2017-06-03T11:48:50: 读取文件成功
2017-06-03T11:49:50: 读取文件成功
2017-06-03T11:50:51: 读取文件成功
2017-06-03T11:51:50: 读取文件成功
2017-06-03T11:52:50: 读取文件成功
2017-06-03T11:53:50: 读取文件成功
2017-06-03T11:54:50: 读取文件成功
2017-06-03T11:55:50: 读取文件成功
2017-06-03T11:56:50: 读取文件成功
2017-06-03T11:57:50: 读取文件成功
2017-06-03T11:58:50: 读取文件成功
2017-06-03T11:59:50: 读取文件成功
2017-06-03T12:00:50: 读取文件成功
2017-06-03T12:01:50: 读取文件成功
2017-06-03T12:02:51: 读取文件成功
2017-06-03T12:03:51: 读取文件成功
2017-06-03T12:04:51: 读取文件成功
2017-06-03T12:05:51: 读取文件成功
2017-06-03T12:06:50: 读取文件成功
2017-06-03T12:07:51: 读取文件成功
2017-06-03T12:08:51: 读取文件成功
2017-06-03T12:09:51: 读取文件成功
2017-06-03T12:10:51: 读取文件成功
2017-06-03T12:11:51: 读取文件成功
2017-06-03T12:12:51: 读取文件成功
2017-06-03T12:13:51: 读取文件成功
2017-06-03T12:14:51: 读取文件成功
2017-06-03T12:15:51: 读取文件成功
2017-06-03T12:16:51: 读取文件成功
2017-06-03T12:17:51: 读取文件成功
2017-06-03T12:18:51: 读取文件成功
2017-06-03T12:19:51: 读取文件成功
2017-06-03T12:20:51: 读取文件成功
2017-06-03T12:21:51: 读取文件成功
2017-06-03T12:22:51: 读取文件成功
2017-06-03T12:23:51: 读取文件成功
2017-06-03T12:24:51: 读取文件成功
2017-06-03T12:25:51: 读取文件成功
2017-06-03T12:26:51: 读取文件成功
2017-06-03T12:27:51: 读取文件成功
2017-06-03T12:28:51: 读取文件成功
2017-06-03T12:29:51: 读取文件成功
2017-06-03T12:30:51: 读取文件成功
2017-06-03T12:31:51: 读取文件成功
2017-06-03T12:32:51: 读取文件成功
2017-06-03T12:33:51: 读取文件成功
2017-06-03T12:34:51: 读取文件成功
2017-06-03T12:35:51: 读取文件成功
2017-06-03T12:36:51: 读取文件成功
2017-06-03T12:37:51: 读取文件成功
2017-06-03T12:38:51: 读取文件成功
2017-06-03T12:39:51: 读取文件成功
2017-06-03T12:40:51: 读取文件成功
2017-06-03T12:41:51: 读取文件成功
2017-06-03T12:42:51: 读取文件成功
2017-06-03T12:43:51: 读取文件成功
2017-06-03T12:44:51: 读取文件成功
2017-06-03T12:45:51: 读取文件成功
2017-06-03T12:46:51: 读取文件成功
2017-06-03T12:47:51: 读取文件成功
2017-06-03T12:48:51: 读取文件成功
2017-06-03T12:49:51: 读取文件成功
2017-06-03T12:50:51: 读取文件成功
2017-06-03T12:51:51: 读取文件成功
2017-06-03T12:52:51: 读取文件成功
2017-06-03T12:53:51: 读取文件成功
2017-06-03T12:54:51: 读取文件成功
2017-06-03T12:55:51: 读取文件成功
2017-06-03T12:56:51: 读取文件成功
2017-06-03T12:57:51: 读取文件成功
2017-06-03T12:58:51: 读取文件成功
2017-06-03T12:59:51: 读取文件成功
2017-06-03T13:00:51: 读取文件成功
2017-06-03T13:01:51: 读取文件成功
2017-06-03T13:02:51: 读取文件成功
2017-06-03T13:03:51: 读取文件成功
2017-06-03T13:04:51: 读取文件成功
2017-06-03T13:05:51: 读取文件成功
2017-06-03T13:06:51: 读取文件成功
2017-06-03T13:07:51: 读取文件成功
2017-06-03T13:08:51: 读取文件成功
2017-06-03T13:09:52: 读取文件成功
2017-06-03T13:10:52: 读取文件成功
2017-06-03T13:11:52: 读取文件成功
2017-06-03T13:12:52: 读取文件成功
2017-06-03T13:13:51: 读取文件成功
2017-06-03T13:14:53: 读取文件成功
2017-06-03T13:15:52: 读取文件成功
2017-06-03T13:16:55: 读取文件成功
2017-06-03T13:17:52: 读取文件成功
2017-06-03T13:18:54: 读取文件成功
2017-06-03T13:19:52: 读取文件成功
2017-06-03T13:20:53: 读取文件成功
2017-06-03T13:21:55: 读取文件成功
2017-06-03T13:22:52: 读取文件成功
2017-06-03T13:23:53: 读取文件成功
2017-06-03T13:24:53: 读取文件成功
2017-06-03T13:25:54: 读取文件成功
2017-06-03T13:26:52: 读取文件成功
2017-06-03T13:27:52: 读取文件成功
2017-06-03T13:28:54: 读取文件成功
2017-06-03T13:29:52: 读取文件成功
2017-06-03T13:30:52: 读取文件成功
2017-06-03T13:31:53: 读取文件成功
2017-06-03T13:32:53: 读取文件成功
2017-06-03T13:33:55: 读取文件成功
2017-06-03T13:34:52: 读取文件成功
2017-06-03T13:35:52: 读取文件成功
2017-06-03T13:36:53: 读取文件成功
2017-06-03T13:37:55: 读取文件成功
2017-06-03T13:39:18: 读取文件成功
2017-06-03T13:40:02: 读取文件成功
2017-06-03T13:41:51: 读取文件成功
2017-06-03T13:41:53: 读取文件成功
2017-06-03T13:42:52: 读取文件成功
2017-06-03T13:47:10: 读取文件成功
2017-06-03T13:47:54: 读取文件成功
2017-06-03T13:48:56: 读取文件成功
2017-06-03T13:49:53: 读取文件成功
2017-06-03T13:50:54: 读取文件成功
2017-06-03T13:52:02: 读取文件成功
2017-06-03T13:52:59: 读取文件成功
2017-06-03T13:55:15: 读取文件成功
2017-06-03T13:56:38: 读取文件成功
2017-06-03T13:56:53: 读取文件成功
2017-06-03T13:58:19: 读取文件成功
2017-06-03T13:58:52: 读取文件成功
2017-06-03T13:59:52: 读取文件成功
2017-06-03T14:00:53: 读取文件成功
2017-06-03T14:01:55: 读取文件成功
2017-06-03T14:02:57: 读取文件成功
2017-06-03T14:03:59: 读取文件成功
2017-06-03T14:04:54: 读取文件成功
2017-06-03T14:05:54: 读取文件成功
2017-06-03T14:07:08: 读取文件成功
2017-06-03T14:07:52: 读取文件成功
2017-06-03T14:09:52: 读取文件成功
2017-06-03T14:10:02: 读取文件成功
2017-06-03T14:11:53: 读取文件成功
2017-06-03T14:13:26: 读取文件成功
2017-06-03T14:13:52: 读取文件成功
2017-06-03T14:14:52: 读取文件成功
2017-06-03T14:16:59: 读取文件成功
2017-06-03T14:17:37: 读取文件成功
2017-06-03T14:17:59: 读取文件成功
2017-06-03T14:18:58: 读取文件成功
2017-06-03T14:19:53: 读取文件成功
2017-06-03T14:20:59: 读取文件成功
2017-06-03T14:21:53: 读取文件成功
2017-06-03T14:22:52: 读取文件成功
2017-06-03T14:23:52: 读取文件成功
2017-06-03T14:24:52: 读取文件成功
2017-06-03T14:25:52: 读取文件成功
2017-06-03T14:26:52: 读取文件成功
2017-06-03T14:27:52: 读取文件成功
2017-06-03T14:28:52: 读取文件成功
2017-06-03T14:29:52: 读取文件成功
2017-06-03T14:30:52: 读取文件成功
2017-06-03T14:31:52: 读取文件成功
2017-06-03T14:32:52: 读取文件成功
2017-06-03T14:33:52: 读取文件成功
2017-06-03T14:34:52: 读取文件成功
2017-06-03T14:35:52: 读取文件成功
2017-06-03T14:36:52: 读取文件成功
2017-06-03T14:37:52: 读取文件成功
2017-06-03T14:38:52: 读取文件成功
2017-06-03T14:39:52: 读取文件成功
2017-06-03T14:40:52: 读取文件成功
2017-06-03T14:41:52: 读取文件成功
2017-06-03T14:42:52: 读取文件成功
2017-06-03T14:43:52: 读取文件成功
2017-06-03T14:44:52: 读取文件成功
2017-06-03T14:45:52: 读取文件成功
2017-06-03T14:46:52: 读取文件成功
2017-06-03T14:47:52: 读取文件成功
2017-06-03T14:48:52: 读取文件成功
2017-06-03T14:49:52: 读取文件成功
2017-06-03T14:50:52: 读取文件成功
2017-06-03T14:51:52: 读取文件成功
2017-06-03T14:52:52: 读取文件成功
2017-06-03T14:53:52: 读取文件成功
2017-06-03T14:54:52: 读取文件成功
2017-06-03T14:55:52: 读取文件成功
2017-06-03T14:56:52: 读取文件成功
2017-06-03T14:57:52: 读取文件成功
2017-06-03T14:58:52: 读取文件成功
2017-06-03T14:59:52: 读取文件成功
2017-06-03T15:00:52: 读取文件成功
2017-06-03T15:01:52: 读取文件成功
2017-06-03T15:02:52: 读取文件成功
2017-06-03T15:03:52: 读取文件成功
2017-06-03T15:04:52: 读取文件成功
2017-06-03T15:05:52: 读取文件成功
2017-06-03T15:06:52: 读取文件成功
2017-06-03T15:07:52: 读取文件成功
2017-06-03T15:08:52: 读取文件成功
2017-06-03T15:09:52: 读取文件成功
2017-06-03T15:10:52: 读取文件成功
2017-06-03T15:11:52: 读取文件成功
2017-06-03T15:12:52: 读取文件成功
2017-06-03T15:13:52: 读取文件成功
2017-06-03T15:14:52: 读取文件成功
2017-06-03T15:15:52: 读取文件成功
2017-06-03T15:16:53: 读取文件成功
2017-06-03T15:17:52: 读取文件成功
2017-06-03T15:18:52: 读取文件成功
2017-06-03T15:19:52: 读取文件成功
2017-06-03T15:20:52: 读取文件成功
2017-06-03T15:21:52: 读取文件成功
2017-06-03T15:22:59: 读取文件成功
2017-06-03T15:23:52: 读取文件成功
2017-06-03T15:24:52: 读取文件成功
2017-06-03T15:25:53: 读取文件成功
2017-06-03T15:26:52: 读取文件成功
2017-06-03T15:27:52: 读取文件成功
2017-06-03T15:28:53: 读取文件成功
2017-06-03T15:29:53: 读取文件成功
2017-06-03T15:31:09: 读取文件成功
2017-06-03T15:31:53: 读取文件成功
2017-06-03T15:32:52: 读取文件成功
2017-06-03T15:33:53: 读取文件成功
2017-06-03T15:34:53: 读取文件成功
2017-06-03T15:35:53: 读取文件成功
2017-06-03T15:36:53: 读取文件成功
2017-06-03T15:37:53: 读取文件成功
2017-06-03T15:38:53: 读取文件成功
2017-06-03T15:39:53: 读取文件成功
2017-06-03T15:40:53: 读取文件成功
2017-06-03T15:41:53: 读取文件成功
2017-06-03T15:42:53: 读取文件成功
2017-06-03T15:43:53: 读取文件成功
2017-06-03T15:44:53: 读取文件成功
2017-06-03T15:45:53: 读取文件成功
2017-06-03T15:46:53: 读取文件成功
2017-06-03T15:47:53: 读取文件成功
2017-06-03T15:48:53: 读取文件成功
2017-06-03T15:49:53: 读取文件成功
2017-06-03T15:50:53: 读取文件成功
2017-06-03T15:51:53: 读取文件成功
2017-06-03T15:52:53: 读取文件成功
2017-06-03T15:53:53: 读取文件成功
2017-06-03T15:54:53: 读取文件成功
2017-06-03T15:55:53: 读取文件成功
2017-06-03T15:56:53: 读取文件成功
2017-06-03T15:57:53: 读取文件成功
2017-06-03T15:58:53: 读取文件成功
2017-06-03T15:59:53: 读取文件成功
2017-06-03T16:00:53: 读取文件成功
2017-06-03T16:01:53: 读取文件成功
2017-06-03T16:02:53: 读取文件成功
2017-06-03T16:03:53: 读取文件成功
2017-06-03T16:04:53: 读取文件成功
2017-06-03T16:05:53: 读取文件成功
2017-06-03T16:06:53: 读取文件成功
2017-06-03T16:07:53: 读取文件成功
2017-06-03T16:08:53: 读取文件成功
2017-06-03T16:09:53: 读取文件成功
2017-06-03T16:10:53: 读取文件成功
2017-06-03T16:11:53: 读取文件成功
2017-06-03T16:12:53: 读取文件成功
2017-06-03T16:13:53: 读取文件成功
2017-06-03T16:14:53: 读取文件成功
2017-06-03T16:15:53: 读取文件成功
2017-06-03T16:16:53: 读取文件成功
2017-06-03T16:17:53: 读取文件成功
2017-06-03T16:18:53: 读取文件成功
2017-06-03T16:19:53: 读取文件成功
2017-06-03T16:20:53: 读取文件成功
2017-06-03T16:21:53: 读取文件成功
2017-06-03T16:22:53: 读取文件成功
2017-06-03T16:23:53: 读取文件成功
2017-06-03T16:24:53: 读取文件成功
2017-06-03T16:25:53: 读取文件成功
2017-06-03T16:26:53: 读取文件成功
2017-06-03T16:27:53: 读取文件成功
2017-06-03T16:28:53: 读取文件成功
2017-06-03T16:29:53: 读取文件成功
2017-06-03T16:30:53: 读取文件成功
2017-06-03T16:31:53: 读取文件成功
2017-06-03T16:32:53: 读取文件成功
2017-06-03T16:33:53: 读取文件成功
2017-06-03T16:34:53: 读取文件成功
2017-06-03T16:35:53: 读取文件成功
2017-06-03T16:36:53: 读取文件成功
2017-06-03T16:37:53: 读取文件成功
2017-06-03T16:38:53: 读取文件成功
2017-06-03T16:39:53: 读取文件成功
2017-06-03T16:40:53: 读取文件成功
2017-06-03T16:41:53: 读取文件成功
2017-06-03T16:42:53: 读取文件成功
2017-06-03T16:43:53: 读取文件成功
2017-06-03T16:44:53: 读取文件成功
2017-06-03T16:45:54: 读取文件成功
2017-06-03T16:46:53: 读取文件成功
2017-06-03T16:47:53: 读取文件成功
2017-06-03T16:48:53: 读取文件成功
2017-06-03T16:49:53: 读取文件成功
2017-06-03T16:50:53: 读取文件成功
2017-06-03T16:51:54: 读取文件成功
2017-06-03T16:52:53: 读取文件成功
2017-06-03T16:53:53: 读取文件成功
2017-06-03T16:54:53: 读取文件成功
2017-06-03T16:55:53: 读取文件成功
2017-06-03T16:56:53: 读取文件成功
2017-06-03T16:57:54: 读取文件成功
2017-06-03T16:58:53: 读取文件成功
2017-06-03T16:59:53: 读取文件成功
2017-06-03T17:00:53: 读取文件成功
2017-06-03T17:01:54: 读取文件成功
2017-06-03T17:03:15: 读取文件成功
2017-06-03T17:04:42: 读取文件成功
2017-06-03T17:04:53: 读取文件成功
2017-06-03T17:05:53: 读取文件成功
2017-06-03T17:06:53: 读取文件成功
2017-06-03T17:07:54: 读取文件成功
2017-06-03T17:08:54: 读取文件成功
2017-06-03T17:09:54: 读取文件成功
2017-06-03T17:10:54: 读取文件成功
2017-06-03T17:11:54: 读取文件成功
2017-06-03T17:12:54: 读取文件成功
2017-06-03T17:13:54: 读取文件成功
2017-06-03T17:14:54: 读取文件成功
2017-06-03T17:15:54: 读取文件成功
2017-06-03T17:16:54: 读取文件成功
2017-06-03T17:17:54: 读取文件成功
2017-06-03T17:18:56: 读取文件成功
2017-06-03T17:19:57: 读取文件成功
2017-06-03T17:20:54: 读取文件成功
2017-06-03T17:21:55: 读取文件成功
2017-06-03T17:22:54: 读取文件成功
2017-06-03T17:23:54: 读取文件成功
2017-06-03T17:24:54: 读取文件成功
2017-06-03T17:25:54: 读取文件成功
2017-06-03T17:26:54: 读取文件成功
2017-06-03T17:27:54: 读取文件成功
2017-06-03T17:28:54: 读取文件成功
2017-06-03T17:29:54: 读取文件成功
2017-06-03T17:30:54: 读取文件成功
2017-06-03T17:31:54: 读取文件成功
2017-06-03T17:32:54: 读取文件成功
2017-06-03T17:33:54: 读取文件成功
2017-06-03T17:34:54: 读取文件成功
2017-06-03T17:35:54: 读取文件成功
2017-06-03T17:36:54: 读取文件成功
2017-06-03T17:37:54: 读取文件成功
2017-06-03T17:38:55: 读取文件成功
2017-06-03T17:39:54: 读取文件成功
2017-06-03T17:40:54: 读取文件成功
2017-06-03T17:41:54: 读取文件成功
2017-06-03T17:42:54: 读取文件成功
2017-06-03T17:43:56: 读取文件成功
2017-06-03T17:44:55: 读取文件成功
2017-06-03T17:45:54: 读取文件成功
2017-06-03T17:46:54: 读取文件成功
2017-06-03T17:47:54: 读取文件成功
2017-06-03T17:48:54: 读取文件成功
2017-06-03T17:49:54: 读取文件成功
2017-06-03T17:50:54: 读取文件成功
2017-06-03T17:51:54: 读取文件成功
2017-06-03T17:52:54: 读取文件成功
2017-06-03T17:53:54: 读取文件成功
2017-06-03T17:54:54: 读取文件成功
2017-06-03T17:55:54: 读取文件成功
2017-06-03T17:56:54: 读取文件成功
2017-06-03T17:57:54: 读取文件成功
2017-06-03T17:58:54: 读取文件成功
2017-06-03T17:59:54: 读取文件成功
2017-06-03T18:00:54: 读取文件成功
2017-06-03T18:01:54: 读取文件成功
2017-06-03T18:02:54: 读取文件成功
2017-06-03T18:03:54: 读取文件成功
2017-06-03T18:04:55: 读取文件成功
2017-06-03T18:05:54: 读取文件成功
2017-06-03T18:06:54: 读取文件成功
2017-06-03T18:07:55: 读取文件成功
2017-06-03T18:08:55: 读取文件成功
2017-06-03T18:09:55: 读取文件成功
2017-06-03T18:10:54: 读取文件成功
2017-06-03T18:11:56: 读取文件成功
2017-06-03T18:12:54: 读取文件成功
2017-06-03T18:13:55: 读取文件成功
2017-06-03T18:14:56: 读取文件成功
2017-06-03T18:15:56: 读取文件成功
2017-06-03T18:16:55: 读取文件成功
2017-06-03T18:17:55: 读取文件成功
2017-06-03T18:18:55: 读取文件成功
2017-06-03T18:19:56: 读取文件成功
2017-06-03T18:20:55: 读取文件成功
2017-06-03T18:21:55: 读取文件成功
2017-06-03T18:22:56: 读取文件成功
2017-06-03T18:23:56: 读取文件成功
2017-06-03T18:24:55: 读取文件成功
2017-06-03T18:25:55: 读取文件成功
2017-06-03T18:26:56: 读取文件成功
2017-06-03T18:27:55: 读取文件成功
2017-06-03T18:28:57: 读取文件成功
2017-06-03T18:29:55: 读取文件成功
2017-06-03T18:30:57: 读取文件成功
2017-06-03T18:31:56: 读取文件成功
2017-06-03T18:32:59: 读取文件成功
2017-06-03T18:33:55: 读取文件成功
2017-06-03T18:34:56: 读取文件成功
2017-06-03T18:35:55: 读取文件成功
2017-06-03T18:36:56: 读取文件成功
2017-06-03T18:37:59: 读取文件成功
2017-06-03T18:38:55: 读取文件成功
2017-06-03T18:40:00: 读取文件成功
2017-06-03T18:40:55: 读取文件成功
2017-06-03T18:41:58: 读取文件成功
2017-06-03T18:42:55: 读取文件成功
2017-06-03T18:43:59: 读取文件成功
2017-06-03T18:44:56: 读取文件成功
2017-06-03T18:45:56: 读取文件成功
2017-06-03T18:46:55: 读取文件成功
2017-06-03T18:47:56: 读取文件成功
2017-06-03T18:49:00: 读取文件成功
2017-06-03T18:49:56: 读取文件成功
2017-06-03T18:50:55: 读取文件成功
2017-06-03T18:52:07: 读取文件成功
2017-06-03T18:53:58: 读取文件成功
2017-06-03T18:54:33: 读取文件成功
2017-06-03T18:55:07: 读取文件成功
2017-06-03T18:55:57: 读取文件成功
2017-06-03T18:56:55: 读取文件成功
2017-06-03T18:58:03: 读取文件成功
2017-06-03T18:58:56: 读取文件成功
2017-06-03T18:59:57: 读取文件成功
2017-06-03T19:00:55: 读取文件成功
2017-06-03T19:01:56: 读取文件成功
2017-06-03T19:02:55: 读取文件成功
2017-06-03T19:03:55: 读取文件成功
2017-06-03T19:04:55: 读取文件成功
2017-06-03T19:05:55: 读取文件成功
2017-06-03T19:06:55: 读取文件成功
2017-06-03T19:07:55: 读取文件成功
2017-06-03T19:10:24: 读取文件成功
2017-06-03T19:19:51: 读取文件成功
2017-06-03T19:30:51: 读取文件成功
2017-06-03T19:33:27: 读取文件成功
2017-06-03T19:33:56: 读取文件成功
2017-06-03T19:34:56: 读取文件成功
2017-06-03T19:35:56: 读取文件成功
2017-06-03T19:36:56: 读取文件成功
2017-06-03T19:37:56: 读取文件成功
2017-06-03T19:38:56: 读取文件成功
2017-06-03T19:39:56: 读取文件成功
2017-06-03T19:40:56: 读取文件成功
2017-06-03T19:41:57: 读取文件成功
2017-06-03T19:42:56: 读取文件成功
2017-06-03T19:43:56: 读取文件成功
2017-06-03T19:44:56: 读取文件成功
2017-06-03T19:45:57: 读取文件成功
2017-06-03T19:46:57: 读取文件成功
2017-06-03T19:47:56: 读取文件成功
2017-06-03T19:48:56: 读取文件成功
2017-06-03T19:49:57: 读取文件成功
2017-06-03T19:50:56: 读取文件成功
2017-06-03T19:51:56: 读取文件成功
2017-06-03T19:52:57: 读取文件成功
2017-06-03T19:53:57: 读取文件成功
2017-06-03T19:54:57: 读取文件成功
2017-06-03T19:55:57: 读取文件成功
2017-06-03T19:56:57: 读取文件成功
2017-06-03T19:57:57: 读取文件成功
2017-06-03T19:58:57: 读取文件成功
2017-06-03T19:59:57: 读取文件成功
2017-06-03T20:00:57: 读取文件成功
2017-06-03T20:01:57: 读取文件成功
2017-06-03T20:02:57: 读取文件成功
2017-06-03T20:03:57: 读取文件成功
2017-06-03T20:04:57: 读取文件成功
2017-06-03T20:05:57: 读取文件成功
2017-06-03T20:06:57: 读取文件成功
2017-06-03T20:07:57: 读取文件成功
2017-06-03T20:08:57: 读取文件成功
2017-06-03T20:09:57: 读取文件成功
2017-06-03T20:10:57: 读取文件成功
2017-06-03T20:11:57: 读取文件成功
2017-06-03T20:12:57: 读取文件成功
2017-06-03T20:13:57: 读取文件成功
2017-06-03T20:14:57: 读取文件成功
2017-06-03T20:15:57: 读取文件成功
2017-06-03T20:16:57: 读取文件成功
2017-06-03T20:19:37: 读取文件成功
2017-06-03T20:19:57: 读取文件成功
2017-06-03T20:20:57: 读取文件成功
2017-06-03T20:21:57: 读取文件成功
2017-06-03T20:22:57: 读取文件成功
2017-06-03T20:23:57: 读取文件成功
2017-06-03T20:24:57: 读取文件成功
2017-06-03T20:25:57: 读取文件成功
2017-06-03T20:26:57: 读取文件成功
2017-06-03T20:27:57: 读取文件成功
2017-06-03T20:28:57: 读取文件成功
2017-06-03T20:29:57: 读取文件成功
2017-06-03T20:30:57: 读取文件成功
2017-06-03T20:31:57: 读取文件成功
2017-06-03T20:32:57: 读取文件成功
2017-06-03T20:33:57: 读取文件成功
2017-06-03T20:34:57: 读取文件成功
2017-06-03T20:35:57: 读取文件成功
2017-06-03T20:36:58: 读取文件成功
2017-06-03T20:37:58: 读取文件成功
2017-06-03T20:38:57: 读取文件成功
2017-06-03T20:39:58: 读取文件成功
2017-06-03T20:40:57: 读取文件成功
2017-06-03T20:41:57: 读取文件成功
2017-06-03T20:42:57: 读取文件成功
2017-06-03T20:43:57: 读取文件成功
2017-06-03T20:44:57: 读取文件成功
2017-06-03T20:45:57: 读取文件成功
2017-06-03T20:46:57: 读取文件成功
2017-06-03T20:47:57: 读取文件成功
2017-06-03T20:48:57: 读取文件成功
2017-06-03T20:49:57: 读取文件成功
2017-06-03T20:50:57: 读取文件成功
2017-06-03T20:51:57: 读取文件成功
2017-06-03T20:52:57: 读取文件成功
2017-06-03T20:53:57: 读取文件成功
2017-06-03T20:54:57: 读取文件成功
2017-06-03T20:55:57: 读取文件成功
2017-06-03T20:56:57: 读取文件成功
2017-06-03T20:57:57: 读取文件成功
2017-06-03T20:58:58: 读取文件成功
2017-06-03T20:59:57: 读取文件成功
2017-06-03T21:00:57: 读取文件成功
2017-06-03T21:01:57: 读取文件成功
2017-06-03T21:02:57: 读取文件成功
2017-06-03T21:03:57: 读取文件成功
2017-06-03T21:04:58: 读取文件成功
2017-06-03T21:05:57: 读取文件成功
2017-06-03T21:06:57: 读取文件成功
2017-06-03T21:07:57: 读取文件成功
2017-06-03T21:08:57: 读取文件成功
2017-06-03T21:09:58: 读取文件成功
2017-06-03T21:10:57: 读取文件成功
2017-06-03T21:11:57: 读取文件成功
2017-06-03T21:12:58: 读取文件成功
2017-06-03T21:13:57: 读取文件成功
2017-06-03T21:14:57: 读取文件成功
2017-06-03T21:15:58: 读取文件成功
2017-06-03T21:16:58: 读取文件成功
2017-06-03T21:17:57: 读取文件成功
2017-06-03T21:18:57: 读取文件成功
2017-06-03T21:19:58: 读取文件成功
2017-06-03T21:20:57: 读取文件成功
2017-06-03T21:21:58: 读取文件成功
2017-06-03T21:22:57: 读取文件成功
2017-06-03T21:23:57: 读取文件成功
2017-06-03T21:24:57: 读取文件成功
2017-06-03T21:25:58: 读取文件成功
2017-06-03T21:26:58: 读取文件成功
2017-06-03T21:27:58: 读取文件成功
2017-06-03T21:28:58: 读取文件成功
2017-06-03T21:29:58: 读取文件成功
2017-06-03T21:30:58: 读取文件成功
2017-06-03T21:31:58: 读取文件成功
2017-06-03T21:32:57: 读取文件成功
2017-06-03T21:33:58: 读取文件成功
2017-06-03T21:34:58: 读取文件成功
2017-06-03T21:35:58: 读取文件成功
2017-06-03T21:36:58: 读取文件成功
2017-06-03T21:37:58: 读取文件成功
2017-06-03T21:38:58: 读取文件成功
2017-06-03T21:39:58: 读取文件成功
2017-06-03T21:40:58: 读取文件成功
2017-06-03T21:41:58: 读取文件成功
2017-06-03T21:42:58: 读取文件成功
2017-06-03T21:43:58: 读取文件成功
2017-06-03T21:44:58: 读取文件成功
2017-06-03T21:45:58: 读取文件成功
2017-06-03T21:46:58: 读取文件成功
2017-06-03T21:47:58: 读取文件成功
2017-06-03T21:48:58: 读取文件成功
2017-06-03T21:49:58: 读取文件成功
2017-06-03T21:50:58: 读取文件成功
2017-06-03T21:51:58: 读取文件成功
2017-06-03T21:52:58: 读取文件成功
2017-06-03T21:53:58: 读取文件成功
2017-06-03T21:54:58: 读取文件成功
2017-06-03T21:55:58: 读取文件成功
2017-06-03T21:56:58: 读取文件成功
2017-06-03T21:57:58: 读取文件成功
2017-06-03T21:58:58: 读取文件成功
2017-06-03T21:59:58: 读取文件成功
2017-06-03T22:00:58: 读取文件成功
2017-06-03T22:01:58: 读取文件成功
2017-06-03T22:02:58: 读取文件成功
2017-06-03T22:03:58: 读取文件成功
2017-06-03T22:04:58: 读取文件成功
2017-06-03T22:05:58: 读取文件成功
2017-06-03T22:06:58: 读取文件成功
2017-06-03T22:07:58: 读取文件成功
2017-06-03T22:08:58: 读取文件成功
2017-06-03T22:09:58: 读取文件成功
2017-06-03T22:10:58: 读取文件成功
2017-06-03T22:11:58: 读取文件成功
2017-06-03T22:12:58: 读取文件成功
2017-06-03T22:13:58: 读取文件成功
2017-06-03T22:14:58: 读取文件成功
2017-06-03T22:15:58: 读取文件成功
2017-06-03T22:16:58: 读取文件成功
2017-06-03T22:17:58: 读取文件成功
2017-06-03T22:18:58: 读取文件成功
2017-06-03T22:19:58: 读取文件成功
2017-06-03T22:20:58: 读取文件成功
2017-06-03T22:21:58: 读取文件成功
2017-06-03T22:22:58: 读取文件成功
2017-06-03T22:23:58: 读取文件成功
2017-06-03T22:24:58: 读取文件成功
2017-06-03T22:25:58: 读取文件成功
2017-06-03T22:26:58: 读取文件成功
2017-06-03T22:27:58: 读取文件成功
2017-06-03T22:28:58: 读取文件成功
2017-06-03T22:29:58: 读取文件成功
2017-06-03T22:30:58: 读取文件成功
2017-06-03T22:31:58: 读取文件成功
2017-06-03T22:32:58: 读取文件成功
2017-06-03T22:33:58: 读取文件成功
2017-06-03T22:34:58: 读取文件成功
2017-06-03T22:35:58: 读取文件成功
2017-06-03T22:36:58: 读取文件成功
2017-06-03T22:37:58: 读取文件成功
2017-06-03T22:38:59: 读取文件成功
2017-06-03T22:39:58: 读取文件成功
2017-06-03T22:40:58: 读取文件成功
2017-06-03T22:41:58: 读取文件成功
2017-06-03T22:42:58: 读取文件成功
2017-06-03T22:43:58: 读取文件成功
2017-06-03T22:44:58: 读取文件成功
2017-06-03T22:45:58: 读取文件成功
2017-06-03T22:46:58: 读取文件成功
2017-06-03T22:47:58: 读取文件成功
2017-06-03T22:48:58: 读取文件成功
2017-06-03T22:49:58: 读取文件成功
2017-06-03T22:50:58: 读取文件成功
2017-06-03T22:51:58: 读取文件成功
2017-06-03T22:52:58: 读取文件成功
2017-06-03T22:53:58: 读取文件成功
2017-06-03T22:54:58: 读取文件成功
2017-06-03T22:55:58: 读取文件成功
2017-06-03T22:56:58: 读取文件成功
2017-06-03T22:57:59: 读取文件成功
2017-06-03T22:58:58: 读取文件成功
2017-06-03T22:59:58: 读取文件成功
2017-06-03T23:00:58: 读取文件成功
2017-06-03T23:01:58: 读取文件成功
2017-06-03T23:02:58: 读取文件成功
2017-06-03T23:03:59: 读取文件成功
2017-06-03T23:04:58: 读取文件成功
2017-06-03T23:05:58: 读取文件成功
2017-06-03T23:06:58: 读取文件成功
2017-06-03T23:07:58: 读取文件成功
2017-06-03T23:08:58: 读取文件成功
2017-06-03T23:09:59: 读取文件成功
2017-06-03T23:10:58: 读取文件成功
2017-06-03T23:11:58: 读取文件成功
2017-06-03T23:12:59: 读取文件成功
2017-06-03T23:13:59: 读取文件成功
2017-06-03T23:14:58: 读取文件成功
2017-06-03T23:15:59: 读取文件成功
2017-06-03T23:16:59: 读取文件成功
2017-06-03T23:17:59: 读取文件成功
2017-06-03T23:18:59: 读取文件成功
2017-06-03T23:19:59: 读取文件成功
2017-06-03T23:20:59: 读取文件成功
2017-06-03T23:21:59: 读取文件成功
2017-06-03T23:22:59: 读取文件成功
2017-06-03T23:23:59: 读取文件成功
2017-06-03T23:24:59: 读取文件成功
2017-06-03T23:25:59: 读取文件成功
2017-06-03T23:26:59: 读取文件成功
2017-06-03T23:27:59: 读取文件成功
2017-06-03T23:28:59: 读取文件成功
2017-06-03T23:29:59: 读取文件成功
2017-06-03T23:30:59: 读取文件成功
2017-06-03T23:31:59: 读取文件成功
2017-06-03T23:32:59: 读取文件成功
2017-06-03T23:33:59: 读取文件成功
2017-06-03T23:34:59: 读取文件成功
2017-06-03T23:35:59: 读取文件成功
2017-06-03T23:36:59: 读取文件成功
2017-06-03T23:37:59: 读取文件成功
2017-06-03T23:38:59: 读取文件成功
2017-06-03T23:39:59: 读取文件成功
2017-06-03T23:40:59: 读取文件成功
2017-06-03T23:41:59: 读取文件成功
2017-06-03T23:42:59: 读取文件成功
2017-06-03T23:43:59: 读取文件成功
2017-06-03T23:44:59: 读取文件成功
2017-06-03T23:45:59: 读取文件成功
2017-06-03T23:46:59: 读取文件成功
2017-06-03T23:47:59: 读取文件成功
2017-06-03T23:48:59: 读取文件成功
2017-06-03T23:49:59: 读取文件成功
2017-06-03T23:50:58: 非记录时间：2017-06-03T23:50:58+08:00
2017-06-03T23:51:58: 非记录时间：2017-06-03T23:51:58+08:00
2017-06-03T23:52:58: 非记录时间：2017-06-03T23:52:58+08:00
2017-06-03T23:53:58: 非记录时间：2017-06-03T23:53:58+08:00
2017-06-03T23:54:58: 非记录时间：2017-06-03T23:54:58+08:00
2017-06-03T23:55:58: 非记录时间：2017-06-03T23:55:58+08:00
2017-06-03T23:56:58: 非记录时间：2017-06-03T23:56:58+08:00
2017-06-03T23:57:58: 非记录时间：2017-06-03T23:57:58+08:00
2017-06-03T23:58:58: 非记录时间：2017-06-03T23:58:58+08:00
2017-06-03T23:59:58: 非记录时间：2017-06-03T23:59:58+08:00
