2017-09-29T00:00:44: 非记录时间：2017-09-29T00:00:44+08:00
2017-09-29T00:01:44: 非记录时间：2017-09-29T00:01:44+08:00
2017-09-29T00:02:44: 非记录时间：2017-09-29T00:02:44+08:00
2017-09-29T00:03:44: 非记录时间：2017-09-29T00:03:44+08:00
2017-09-29T00:04:44: 非记录时间：2017-09-29T00:04:44+08:00
2017-09-29T00:05:44: 非记录时间：2017-09-29T00:05:44+08:00
2017-09-29T00:06:44: 非记录时间：2017-09-29T00:06:44+08:00
2017-09-29T00:07:44: 非记录时间：2017-09-29T00:07:44+08:00
2017-09-29T00:08:44: 非记录时间：2017-09-29T00:08:44+08:00
2017-09-29T00:09:44: 非记录时间：2017-09-29T00:09:44+08:00
2017-09-29T00:10:44: 非记录时间：2017-09-29T00:10:44+08:00
2017-09-29T00:11:44: 非记录时间：2017-09-29T00:11:44+08:00
2017-09-29T00:12:44: 非记录时间：2017-09-29T00:12:44+08:00
2017-09-29T00:13:44: 非记录时间：2017-09-29T00:13:44+08:00
2017-09-29T00:14:44: 非记录时间：2017-09-29T00:14:44+08:00
2017-09-29T00:15:44: 非记录时间：2017-09-29T00:15:44+08:00
2017-09-29T00:16:44: 非记录时间：2017-09-29T00:16:44+08:00
2017-09-29T00:17:44: 非记录时间：2017-09-29T00:17:44+08:00
2017-09-29T00:18:44: 非记录时间：2017-09-29T00:18:44+08:00
2017-09-29T00:19:44: 非记录时间：2017-09-29T00:19:44+08:00
2017-09-29T00:20:44: 非记录时间：2017-09-29T00:20:44+08:00
2017-09-29T00:21:44: 非记录时间：2017-09-29T00:21:44+08:00
2017-09-29T00:22:44: 非记录时间：2017-09-29T00:22:44+08:00
2017-09-29T00:23:44: 非记录时间：2017-09-29T00:23:44+08:00
2017-09-29T00:24:44: 非记录时间：2017-09-29T00:24:44+08:00
2017-09-29T00:25:44: 非记录时间：2017-09-29T00:25:44+08:00
2017-09-29T00:26:44: 非记录时间：2017-09-29T00:26:44+08:00
2017-09-29T00:27:44: 非记录时间：2017-09-29T00:27:44+08:00
2017-09-29T00:28:44: 非记录时间：2017-09-29T00:28:44+08:00
2017-09-29T00:29:44: 非记录时间：2017-09-29T00:29:44+08:00
2017-09-29T00:30:44: 非记录时间：2017-09-29T00:30:44+08:00
2017-09-29T00:31:44: 非记录时间：2017-09-29T00:31:44+08:00
2017-09-29T00:32:44: 非记录时间：2017-09-29T00:32:44+08:00
2017-09-29T00:33:44: 非记录时间：2017-09-29T00:33:44+08:00
2017-09-29T00:34:44: 非记录时间：2017-09-29T00:34:44+08:00
2017-09-29T00:35:44: 非记录时间：2017-09-29T00:35:44+08:00
2017-09-29T00:36:44: 非记录时间：2017-09-29T00:36:44+08:00
2017-09-29T00:37:44: 非记录时间：2017-09-29T00:37:44+08:00
2017-09-29T00:38:44: 非记录时间：2017-09-29T00:38:44+08:00
2017-09-29T00:39:44: 非记录时间：2017-09-29T00:39:44+08:00
2017-09-29T00:40:44: 非记录时间：2017-09-29T00:40:44+08:00
2017-09-29T00:41:44: 非记录时间：2017-09-29T00:41:44+08:00
2017-09-29T00:42:44: 非记录时间：2017-09-29T00:42:44+08:00
2017-09-29T00:43:44: 非记录时间：2017-09-29T00:43:44+08:00
2017-09-29T00:44:44: 非记录时间：2017-09-29T00:44:44+08:00
2017-09-29T00:45:44: 非记录时间：2017-09-29T00:45:44+08:00
2017-09-29T00:46:44: 非记录时间：2017-09-29T00:46:44+08:00
2017-09-29T00:47:44: 非记录时间：2017-09-29T00:47:44+08:00
2017-09-29T00:48:44: 非记录时间：2017-09-29T00:48:44+08:00
2017-09-29T00:49:44: 非记录时间：2017-09-29T00:49:44+08:00
2017-09-29T00:50:44: 非记录时间：2017-09-29T00:50:44+08:00
2017-09-29T00:51:44: 非记录时间：2017-09-29T00:51:44+08:00
2017-09-29T00:52:44: 非记录时间：2017-09-29T00:52:44+08:00
2017-09-29T00:53:44: 非记录时间：2017-09-29T00:53:44+08:00
2017-09-29T00:54:44: 非记录时间：2017-09-29T00:54:44+08:00
2017-09-29T00:55:44: 非记录时间：2017-09-29T00:55:44+08:00
2017-09-29T00:56:44: 非记录时间：2017-09-29T00:56:44+08:00
2017-09-29T00:57:44: 非记录时间：2017-09-29T00:57:44+08:00
2017-09-29T00:58:44: 非记录时间：2017-09-29T00:58:44+08:00
2017-09-29T00:59:44: 非记录时间：2017-09-29T00:59:44+08:00
2017-09-29T01:00:44: 非记录时间：2017-09-29T01:00:44+08:00
2017-09-29T01:01:44: 非记录时间：2017-09-29T01:01:44+08:00
2017-09-29T01:02:44: 非记录时间：2017-09-29T01:02:44+08:00
2017-09-29T01:03:44: 非记录时间：2017-09-29T01:03:44+08:00
2017-09-29T01:04:44: 非记录时间：2017-09-29T01:04:44+08:00
2017-09-29T01:05:44: 非记录时间：2017-09-29T01:05:44+08:00
2017-09-29T01:06:44: 非记录时间：2017-09-29T01:06:44+08:00
2017-09-29T01:07:44: 非记录时间：2017-09-29T01:07:44+08:00
2017-09-29T01:08:44: 非记录时间：2017-09-29T01:08:44+08:00
2017-09-29T01:09:44: 非记录时间：2017-09-29T01:09:44+08:00
2017-09-29T01:10:44: 非记录时间：2017-09-29T01:10:44+08:00
2017-09-29T01:11:45: 读取文件失败，可能是该文件不存在
2017-09-29T01:11:45: Error: ENOENT: no such file or directory, open './data/2017-09-29.json'
2017-09-29T01:12:45: 读取文件成功
2017-09-29T01:13:45: 读取文件成功
2017-09-29T01:14:45: 读取文件成功
2017-09-29T01:15:45: 读取文件成功
2017-09-29T01:16:45: 读取文件成功
2017-09-29T01:17:45: 读取文件成功
2017-09-29T01:18:45: 读取文件成功
2017-09-29T01:19:45: 读取文件成功
2017-09-29T01:20:46: 读取文件成功
2017-09-29T01:21:45: 读取文件成功
2017-09-29T01:22:45: 读取文件成功
2017-09-29T01:23:45: 读取文件成功
2017-09-29T01:24:45: 读取文件成功
2017-09-29T01:25:45: 读取文件成功
2017-09-29T01:26:45: 读取文件成功
2017-09-29T01:27:45: 读取文件成功
2017-09-29T01:28:45: 读取文件成功
2017-09-29T01:29:45: 读取文件成功
2017-09-29T01:30:45: 读取文件成功
2017-09-29T01:31:45: 读取文件成功
2017-09-29T01:32:45: 读取文件成功
2017-09-29T01:33:45: 读取文件成功
2017-09-29T01:34:45: 读取文件成功
2017-09-29T01:35:45: 读取文件成功
2017-09-29T01:36:45: 读取文件成功
2017-09-29T01:37:45: 读取文件成功
2017-09-29T01:38:45: 读取文件成功
2017-09-29T01:39:45: 读取文件成功
2017-09-29T01:40:45: 读取文件成功
2017-09-29T01:41:45: 读取文件成功
2017-09-29T01:42:45: 读取文件成功
2017-09-29T01:43:45: 读取文件成功
2017-09-29T01:44:45: 读取文件成功
2017-09-29T01:45:45: 读取文件成功
2017-09-29T01:46:45: 读取文件成功
2017-09-29T01:47:45: 读取文件成功
2017-09-29T01:48:45: 读取文件成功
2017-09-29T01:49:45: 读取文件成功
2017-09-29T01:50:45: 读取文件成功
2017-09-29T01:51:45: 读取文件成功
2017-09-29T01:52:45: 读取文件成功
2017-09-29T01:53:45: 读取文件成功
2017-09-29T01:54:45: 读取文件成功
2017-09-29T01:55:45: 读取文件成功
2017-09-29T01:56:45: 读取文件成功
2017-09-29T01:57:45: 读取文件成功
2017-09-29T01:58:45: 读取文件成功
2017-09-29T01:59:45: 读取文件成功
2017-09-29T02:00:45: 读取文件成功
2017-09-29T02:01:45: 读取文件成功
2017-09-29T02:02:45: 读取文件成功
2017-09-29T02:03:45: 读取文件成功
2017-09-29T02:04:45: 读取文件成功
2017-09-29T02:05:46: 读取文件成功
2017-09-29T02:06:45: 读取文件成功
2017-09-29T02:07:45: 读取文件成功
2017-09-29T02:08:45: 读取文件成功
2017-09-29T02:09:45: 读取文件成功
2017-09-29T02:10:45: 读取文件成功
2017-09-29T02:11:45: 读取文件成功
2017-09-29T02:12:46: 读取文件成功
2017-09-29T02:13:45: 读取文件成功
2017-09-29T02:14:45: 读取文件成功
2017-09-29T02:15:45: 读取文件成功
2017-09-29T02:16:45: 读取文件成功
2017-09-29T02:17:45: 读取文件成功
2017-09-29T02:18:45: 读取文件成功
2017-09-29T02:19:45: 读取文件成功
2017-09-29T02:20:45: 读取文件成功
2017-09-29T02:21:45: 读取文件成功
2017-09-29T02:22:45: 读取文件成功
2017-09-29T02:23:45: 读取文件成功
2017-09-29T02:24:45: 读取文件成功
2017-09-29T02:25:45: 读取文件成功
2017-09-29T02:26:45: 读取文件成功
2017-09-29T02:27:45: 读取文件成功
2017-09-29T02:28:45: 读取文件成功
2017-09-29T02:29:45: 读取文件成功
2017-09-29T02:30:45: 读取文件成功
2017-09-29T02:31:45: 读取文件成功
2017-09-29T02:32:45: 读取文件成功
2017-09-29T02:33:45: 读取文件成功
2017-09-29T02:34:45: 读取文件成功
2017-09-29T02:35:45: 读取文件成功
2017-09-29T02:36:45: 读取文件成功
2017-09-29T02:37:45: 读取文件成功
2017-09-29T02:38:45: 读取文件成功
2017-09-29T02:39:45: 读取文件成功
2017-09-29T02:40:46: 读取文件成功
2017-09-29T02:41:45: 读取文件成功
2017-09-29T02:42:45: 读取文件成功
2017-09-29T02:43:45: 读取文件成功
2017-09-29T02:44:45: 读取文件成功
2017-09-29T02:45:45: 读取文件成功
2017-09-29T02:46:46: 读取文件成功
2017-09-29T02:47:45: 读取文件成功
2017-09-29T02:48:46: 读取文件成功
2017-09-29T02:49:46: 读取文件成功
2017-09-29T02:50:45: 读取文件成功
2017-09-29T02:51:46: 读取文件成功
2017-09-29T02:52:46: 读取文件成功
2017-09-29T02:53:46: 读取文件成功
2017-09-29T02:54:51: 读取文件成功
2017-09-29T02:55:46: 读取文件成功
2017-09-29T02:56:46: 读取文件成功
2017-09-29T02:57:46: 读取文件成功
2017-09-29T02:58:46: 读取文件成功
2017-09-29T02:59:46: 读取文件成功
2017-09-29T03:00:46: 读取文件成功
2017-09-29T03:01:46: 读取文件成功
2017-09-29T03:02:46: 读取文件成功
2017-09-29T03:03:46: 读取文件成功
2017-09-29T03:04:46: 读取文件成功
2017-09-29T03:05:46: 读取文件成功
2017-09-29T03:06:46: 读取文件成功
2017-09-29T03:07:46: 读取文件成功
2017-09-29T03:08:46: 读取文件成功
2017-09-29T03:09:46: 读取文件成功
2017-09-29T03:10:46: 读取文件成功
2017-09-29T03:11:46: 读取文件成功
2017-09-29T03:12:46: 读取文件成功
2017-09-29T03:13:46: 读取文件成功
2017-09-29T03:14:46: 读取文件成功
2017-09-29T03:15:46: 读取文件成功
2017-09-29T03:16:46: 读取文件成功
2017-09-29T03:17:46: 读取文件成功
2017-09-29T03:18:46: 读取文件成功
2017-09-29T03:19:46: 读取文件成功
2017-09-29T03:20:46: 读取文件成功
2017-09-29T03:21:46: 读取文件成功
2017-09-29T03:22:46: 读取文件成功
2017-09-29T03:23:46: 读取文件成功
2017-09-29T03:24:46: 读取文件成功
2017-09-29T03:25:46: 读取文件成功
2017-09-29T03:26:46: 读取文件成功
2017-09-29T03:27:46: 读取文件成功
2017-09-29T03:28:46: 读取文件成功
2017-09-29T03:29:46: 读取文件成功
2017-09-29T03:30:46: 读取文件成功
2017-09-29T03:31:46: 读取文件成功
2017-09-29T03:32:46: 读取文件成功
2017-09-29T03:33:46: 读取文件成功
2017-09-29T03:34:46: 读取文件成功
2017-09-29T03:35:46: 读取文件成功
2017-09-29T03:36:46: 读取文件成功
2017-09-29T03:37:46: 读取文件成功
2017-09-29T03:38:46: 读取文件成功
2017-09-29T03:39:46: 读取文件成功
2017-09-29T03:40:46: 读取文件成功
2017-09-29T03:41:46: 读取文件成功
2017-09-29T03:42:46: 读取文件成功
2017-09-29T03:43:46: 读取文件成功
2017-09-29T03:44:46: 读取文件成功
2017-09-29T03:45:46: 读取文件成功
2017-09-29T03:46:46: 读取文件成功
2017-09-29T03:47:46: 读取文件成功
2017-09-29T03:48:46: 读取文件成功
2017-09-29T03:49:46: 读取文件成功
2017-09-29T03:50:46: 读取文件成功
2017-09-29T03:51:46: 读取文件成功
2017-09-29T03:52:46: 读取文件成功
2017-09-29T03:53:46: 读取文件成功
2017-09-29T03:54:46: 读取文件成功
2017-09-29T03:55:46: 读取文件成功
2017-09-29T03:56:46: 读取文件成功
2017-09-29T03:57:46: 读取文件成功
2017-09-29T03:58:46: 读取文件成功
2017-09-29T03:59:46: 读取文件成功
2017-09-29T04:00:46: 读取文件成功
2017-09-29T04:01:46: 读取文件成功
2017-09-29T04:02:46: 读取文件成功
2017-09-29T04:03:46: 读取文件成功
2017-09-29T04:04:46: 读取文件成功
2017-09-29T04:05:46: 读取文件成功
2017-09-29T04:06:46: 读取文件成功
2017-09-29T04:07:46: 读取文件成功
2017-09-29T04:08:46: 读取文件成功
2017-09-29T04:09:47: 读取文件成功
2017-09-29T04:10:46: 读取文件成功
2017-09-29T04:11:47: 读取文件成功
2017-09-29T04:12:46: 读取文件成功
2017-09-29T04:13:46: 读取文件成功
2017-09-29T04:14:46: 读取文件成功
2017-09-29T04:15:46: 读取文件成功
2017-09-29T04:16:46: 读取文件成功
2017-09-29T04:17:46: 读取文件成功
2017-09-29T04:18:46: 读取文件成功
2017-09-29T04:19:46: 读取文件成功
2017-09-29T04:20:46: 读取文件成功
2017-09-29T04:21:47: 读取文件成功
2017-09-29T04:22:46: 读取文件成功
2017-09-29T04:23:46: 读取文件成功
2017-09-29T04:24:46: 读取文件成功
2017-09-29T04:25:46: 读取文件成功
2017-09-29T04:26:46: 读取文件成功
2017-09-29T04:27:47: 读取文件成功
2017-09-29T04:28:46: 读取文件成功
2017-09-29T04:29:47: 读取文件成功
2017-09-29T04:30:47: 读取文件成功
2017-09-29T04:31:47: 读取文件成功
2017-09-29T04:32:47: 读取文件成功
2017-09-29T04:33:47: 读取文件成功
2017-09-29T04:34:47: 读取文件成功
2017-09-29T04:35:47: 读取文件成功
2017-09-29T04:36:47: 读取文件成功
2017-09-29T04:37:47: 读取文件成功
2017-09-29T04:38:47: 读取文件成功
2017-09-29T04:39:47: 读取文件成功
2017-09-29T04:40:47: 读取文件成功
2017-09-29T04:41:47: 读取文件成功
2017-09-29T04:42:47: 读取文件成功
2017-09-29T04:43:47: 读取文件成功
2017-09-29T04:44:47: 读取文件成功
2017-09-29T04:45:47: 读取文件成功
2017-09-29T04:46:47: 读取文件成功
2017-09-29T04:47:47: 读取文件成功
2017-09-29T04:48:47: 读取文件成功
2017-09-29T04:49:47: 读取文件成功
2017-09-29T04:50:47: 读取文件成功
2017-09-29T04:51:47: 读取文件成功
2017-09-29T04:52:47: 读取文件成功
2017-09-29T04:53:47: 读取文件成功
2017-09-29T04:54:47: 读取文件成功
2017-09-29T04:55:47: 读取文件成功
2017-09-29T04:56:47: 读取文件成功
2017-09-29T04:57:47: 读取文件成功
2017-09-29T04:58:47: 读取文件成功
2017-09-29T04:59:47: 读取文件成功
2017-09-29T05:00:47: 读取文件成功
2017-09-29T05:01:47: 读取文件成功
2017-09-29T05:02:47: 读取文件成功
2017-09-29T05:03:47: 读取文件成功
2017-09-29T05:04:47: 读取文件成功
2017-09-29T05:05:47: 读取文件成功
2017-09-29T05:06:47: 读取文件成功
2017-09-29T05:07:47: 读取文件成功
2017-09-29T05:08:47: 读取文件成功
2017-09-29T05:09:47: 读取文件成功
2017-09-29T05:10:47: 读取文件成功
2017-09-29T05:11:47: 读取文件成功
2017-09-29T05:12:47: 读取文件成功
2017-09-29T05:13:47: 读取文件成功
2017-09-29T05:14:47: 读取文件成功
2017-09-29T05:15:47: 读取文件成功
2017-09-29T05:16:47: 读取文件成功
2017-09-29T05:17:47: 读取文件成功
2017-09-29T05:18:47: 读取文件成功
2017-09-29T05:19:47: 读取文件成功
2017-09-29T05:20:47: 读取文件成功
2017-09-29T05:21:47: 读取文件成功
2017-09-29T05:22:47: 读取文件成功
2017-09-29T05:23:47: 读取文件成功
2017-09-29T05:24:47: 读取文件成功
2017-09-29T05:25:51: 读取文件成功
2017-09-29T05:26:47: 读取文件成功
2017-09-29T05:27:47: 读取文件成功
2017-09-29T05:28:47: 读取文件成功
2017-09-29T05:29:47: 读取文件成功
2017-09-29T05:30:47: 读取文件成功
2017-09-29T05:31:47: 读取文件成功
2017-09-29T05:32:47: 读取文件成功
2017-09-29T05:33:47: 读取文件成功
2017-09-29T05:34:47: 读取文件成功
2017-09-29T05:35:47: 读取文件成功
2017-09-29T05:36:47: 读取文件成功
2017-09-29T05:37:47: 读取文件成功
2017-09-29T05:38:47: 读取文件成功
2017-09-29T05:39:47: 读取文件成功
2017-09-29T05:40:47: 读取文件成功
2017-09-29T05:41:47: 读取文件成功
2017-09-29T05:42:47: 读取文件成功
2017-09-29T05:43:47: 读取文件成功
2017-09-29T05:44:47: 读取文件成功
2017-09-29T05:45:47: 读取文件成功
2017-09-29T05:46:47: 读取文件成功
2017-09-29T05:47:47: 读取文件成功
2017-09-29T05:48:47: 读取文件成功
2017-09-29T05:49:47: 读取文件成功
2017-09-29T05:50:47: 读取文件成功
2017-09-29T05:51:47: 读取文件成功
2017-09-29T05:52:47: 读取文件成功
2017-09-29T05:53:47: 读取文件成功
2017-09-29T05:54:47: 读取文件成功
2017-09-29T05:55:47: 读取文件成功
2017-09-29T05:56:47: 读取文件成功
2017-09-29T05:57:48: 读取文件成功
2017-09-29T05:58:47: 读取文件成功
2017-09-29T05:59:47: 读取文件成功
2017-09-29T06:00:47: 读取文件成功
2017-09-29T06:01:47: 读取文件成功
2017-09-29T06:02:47: 读取文件成功
2017-09-29T06:03:48: 读取文件成功
2017-09-29T06:04:48: 读取文件成功
2017-09-29T06:05:47: 读取文件成功
2017-09-29T06:06:48: 读取文件成功
2017-09-29T06:07:48: 读取文件成功
2017-09-29T06:08:48: 读取文件成功
2017-09-29T06:09:48: 读取文件成功
2017-09-29T06:10:48: 读取文件成功
2017-09-29T06:11:48: 读取文件成功
2017-09-29T06:12:48: 读取文件成功
2017-09-29T06:13:48: 读取文件成功
2017-09-29T06:14:48: 读取文件成功
2017-09-29T06:15:48: 读取文件成功
2017-09-29T06:16:48: 读取文件成功
2017-09-29T06:17:48: 读取文件成功
2017-09-29T06:18:48: 读取文件成功
2017-09-29T06:19:48: 读取文件成功
2017-09-29T06:20:48: 读取文件成功
2017-09-29T06:21:48: 读取文件成功
2017-09-29T06:22:48: 读取文件成功
2017-09-29T06:23:48: 读取文件成功
2017-09-29T06:24:48: 读取文件成功
2017-09-29T06:25:48: 读取文件成功
2017-09-29T06:26:48: 读取文件成功
2017-09-29T06:27:48: 读取文件成功
2017-09-29T06:28:48: 读取文件成功
2017-09-29T06:29:48: 读取文件成功
2017-09-29T06:30:48: 读取文件成功
2017-09-29T06:31:48: 读取文件成功
2017-09-29T06:32:48: 读取文件成功
2017-09-29T06:33:48: 读取文件成功
2017-09-29T06:34:48: 读取文件成功
2017-09-29T06:35:48: 读取文件成功
2017-09-29T06:36:48: 读取文件成功
2017-09-29T06:37:48: 读取文件成功
2017-09-29T06:38:48: 读取文件成功
2017-09-29T06:39:48: 读取文件成功
2017-09-29T06:40:48: 读取文件成功
2017-09-29T06:41:48: 读取文件成功
2017-09-29T06:42:48: 读取文件成功
2017-09-29T06:43:48: 读取文件成功
2017-09-29T06:44:48: 读取文件成功
2017-09-29T06:45:48: 读取文件成功
2017-09-29T06:46:48: 读取文件成功
2017-09-29T06:47:48: 读取文件成功
2017-09-29T06:48:48: 读取文件成功
2017-09-29T06:49:48: 读取文件成功
2017-09-29T06:50:48: 读取文件成功
2017-09-29T06:51:48: 读取文件成功
2017-09-29T06:52:48: 读取文件成功
2017-09-29T06:53:48: 读取文件成功
2017-09-29T06:54:48: 读取文件成功
2017-09-29T06:55:48: 读取文件成功
2017-09-29T06:56:48: 读取文件成功
2017-09-29T06:57:48: 读取文件成功
2017-09-29T06:58:48: 读取文件成功
2017-09-29T06:59:48: 读取文件成功
2017-09-29T07:00:48: 读取文件成功
2017-09-29T07:01:48: 读取文件成功
2017-09-29T07:02:48: 读取文件成功
2017-09-29T07:03:48: 读取文件成功
2017-09-29T07:04:48: 读取文件成功
2017-09-29T07:05:48: 读取文件成功
2017-09-29T07:06:48: 读取文件成功
2017-09-29T07:07:48: 读取文件成功
2017-09-29T07:08:48: 读取文件成功
2017-09-29T07:09:48: 读取文件成功
2017-09-29T07:10:48: 读取文件成功
2017-09-29T07:11:48: 读取文件成功
2017-09-29T07:12:48: 读取文件成功
2017-09-29T07:13:48: 读取文件成功
2017-09-29T07:14:48: 读取文件成功
2017-09-29T07:15:48: 读取文件成功
2017-09-29T07:16:48: 读取文件成功
2017-09-29T07:17:48: 读取文件成功
2017-09-29T07:18:48: 读取文件成功
2017-09-29T07:19:48: 读取文件成功
2017-09-29T07:20:48: 读取文件成功
2017-09-29T07:21:48: 读取文件成功
2017-09-29T07:22:48: 读取文件成功
2017-09-29T07:23:48: 读取文件成功
2017-09-29T07:24:48: 读取文件成功
2017-09-29T07:25:48: 读取文件成功
2017-09-29T07:26:48: 读取文件成功
2017-09-29T07:27:48: 读取文件成功
2017-09-29T07:28:48: 读取文件成功
2017-09-29T07:29:48: 读取文件成功
2017-09-29T07:30:48: 读取文件成功
2017-09-29T07:31:48: 读取文件成功
2017-09-29T07:32:48: 读取文件成功
2017-09-29T07:33:49: 读取文件成功
2017-09-29T07:34:48: 读取文件成功
2017-09-29T07:35:48: 读取文件成功
2017-09-29T07:36:48: 读取文件成功
2017-09-29T07:37:48: 读取文件成功
2017-09-29T07:38:48: 读取文件成功
2017-09-29T07:39:49: 读取文件成功
2017-09-29T07:40:49: 读取文件成功
2017-09-29T07:41:49: 读取文件成功
2017-09-29T07:42:49: 读取文件成功
2017-09-29T07:43:49: 读取文件成功
2017-09-29T07:44:49: 读取文件成功
2017-09-29T07:45:49: 读取文件成功
2017-09-29T07:46:49: 读取文件成功
2017-09-29T07:47:49: 读取文件成功
2017-09-29T07:48:49: 读取文件成功
2017-09-29T07:49:49: 读取文件成功
2017-09-29T07:50:49: 读取文件成功
2017-09-29T07:51:49: 读取文件成功
2017-09-29T07:52:49: 读取文件成功
2017-09-29T07:53:49: 读取文件成功
2017-09-29T07:54:49: 读取文件成功
2017-09-29T07:55:49: 读取文件成功
2017-09-29T07:56:49: 读取文件成功
2017-09-29T07:57:49: 读取文件成功
2017-09-29T07:58:49: 读取文件成功
2017-09-29T07:59:49: 读取文件成功
2017-09-29T08:00:49: 读取文件成功
2017-09-29T08:01:49: 读取文件成功
2017-09-29T08:02:49: 读取文件成功
2017-09-29T08:03:49: 读取文件成功
2017-09-29T08:04:49: 读取文件成功
2017-09-29T08:05:49: 读取文件成功
2017-09-29T08:06:49: 读取文件成功
2017-09-29T08:07:49: 读取文件成功
2017-09-29T08:08:49: 读取文件成功
2017-09-29T08:09:49: 读取文件成功
2017-09-29T08:10:49: 读取文件成功
2017-09-29T08:11:49: 读取文件成功
2017-09-29T08:12:49: 读取文件成功
2017-09-29T08:13:49: 读取文件成功
2017-09-29T08:14:49: 读取文件成功
2017-09-29T08:15:49: 读取文件成功
2017-09-29T08:16:49: 读取文件成功
2017-09-29T08:17:49: 读取文件成功
2017-09-29T08:18:49: 读取文件成功
2017-09-29T08:19:49: 读取文件成功
2017-09-29T08:20:49: 读取文件成功
2017-09-29T08:21:49: 读取文件成功
2017-09-29T08:22:49: 读取文件成功
2017-09-29T08:23:49: 读取文件成功
2017-09-29T08:24:49: 读取文件成功
2017-09-29T08:25:49: 读取文件成功
2017-09-29T08:26:49: 读取文件成功
2017-09-29T08:27:49: 读取文件成功
2017-09-29T08:28:49: 读取文件成功
2017-09-29T08:29:49: 读取文件成功
2017-09-29T08:30:49: 读取文件成功
2017-09-29T08:31:49: 读取文件成功
2017-09-29T08:32:49: 读取文件成功
2017-09-29T08:33:49: 读取文件成功
2017-09-29T08:34:49: 读取文件成功
2017-09-29T08:35:49: 读取文件成功
2017-09-29T08:36:49: 读取文件成功
2017-09-29T08:37:49: 读取文件成功
2017-09-29T08:38:49: 读取文件成功
2017-09-29T08:39:49: 读取文件成功
2017-09-29T08:40:49: 读取文件成功
2017-09-29T08:41:49: 读取文件成功
2017-09-29T08:42:49: 读取文件成功
2017-09-29T08:43:49: 读取文件成功
2017-09-29T08:44:49: 读取文件成功
2017-09-29T08:45:49: 读取文件成功
2017-09-29T08:46:49: 读取文件成功
2017-09-29T08:47:49: 读取文件成功
2017-09-29T08:48:49: 读取文件成功
2017-09-29T08:49:49: 读取文件成功
2017-09-29T08:50:49: 读取文件成功
2017-09-29T08:51:49: 读取文件成功
2017-09-29T08:52:49: 读取文件成功
2017-09-29T08:53:49: 读取文件成功
2017-09-29T08:54:49: 读取文件成功
2017-09-29T08:55:49: 读取文件成功
2017-09-29T08:56:49: 读取文件成功
2017-09-29T08:57:49: 读取文件成功
2017-09-29T08:58:49: 读取文件成功
2017-09-29T08:59:49: 读取文件成功
2017-09-29T09:00:49: 读取文件成功
2017-09-29T09:01:49: 读取文件成功
2017-09-29T09:02:50: 读取文件成功
2017-09-29T09:03:49: 读取文件成功
2017-09-29T09:04:49: 读取文件成功
2017-09-29T09:05:49: 读取文件成功
2017-09-29T09:06:49: 读取文件成功
2017-09-29T09:07:49: 读取文件成功
2017-09-29T09:08:50: 读取文件成功
2017-09-29T09:09:49: 读取文件成功
2017-09-29T09:10:49: 读取文件成功
2017-09-29T09:11:49: 读取文件成功
2017-09-29T09:12:49: 读取文件成功
2017-09-29T09:13:50: 读取文件成功
2017-09-29T09:14:50: 读取文件成功
2017-09-29T09:15:50: 读取文件成功
2017-09-29T09:16:50: 读取文件成功
2017-09-29T09:17:50: 读取文件成功
2017-09-29T09:18:50: 读取文件成功
2017-09-29T09:19:50: 读取文件成功
2017-09-29T09:20:50: 读取文件成功
2017-09-29T09:21:50: 读取文件成功
2017-09-29T09:22:50: 读取文件成功
2017-09-29T09:23:50: 读取文件成功
2017-09-29T09:24:50: 读取文件成功
2017-09-29T09:25:50: 读取文件成功
2017-09-29T09:26:50: 读取文件成功
2017-09-29T09:27:50: 读取文件成功
2017-09-29T09:28:50: 读取文件成功
2017-09-29T09:29:50: 读取文件成功
2017-09-29T09:30:50: 读取文件成功
2017-09-29T09:31:50: 读取文件成功
2017-09-29T09:32:50: 读取文件成功
2017-09-29T09:33:50: 读取文件成功
2017-09-29T09:34:50: 读取文件成功
2017-09-29T09:35:50: 读取文件成功
2017-09-29T09:36:50: 读取文件成功
2017-09-29T09:37:50: 读取文件成功
2017-09-29T09:38:50: 读取文件成功
2017-09-29T09:39:50: 读取文件成功
2017-09-29T09:40:50: 读取文件成功
2017-09-29T09:41:50: 读取文件成功
2017-09-29T09:42:50: 读取文件成功
2017-09-29T09:43:50: 读取文件成功
2017-09-29T09:44:50: 读取文件成功
2017-09-29T09:45:50: 读取文件成功
2017-09-29T09:46:50: 读取文件成功
2017-09-29T09:47:50: 读取文件成功
2017-09-29T09:48:50: 读取文件成功
2017-09-29T09:49:50: 读取文件成功
2017-09-29T09:50:50: 读取文件成功
2017-09-29T09:51:50: 读取文件成功
2017-09-29T09:52:50: 读取文件成功
2017-09-29T09:53:50: 读取文件成功
2017-09-29T09:54:50: 读取文件成功
2017-09-29T09:55:50: 读取文件成功
2017-09-29T09:56:50: 读取文件成功
2017-09-29T09:57:50: 读取文件成功
2017-09-29T09:58:50: 读取文件成功
2017-09-29T09:59:50: 读取文件成功
2017-09-29T10:00:50: 读取文件成功
2017-09-29T10:01:50: 读取文件成功
2017-09-29T10:02:50: 读取文件成功
2017-09-29T10:03:50: 读取文件成功
2017-09-29T10:04:50: 读取文件成功
2017-09-29T10:05:50: 读取文件成功
2017-09-29T10:06:50: 读取文件成功
2017-09-29T10:07:50: 读取文件成功
2017-09-29T10:08:50: 读取文件成功
2017-09-29T10:09:50: 读取文件成功
2017-09-29T10:10:50: 读取文件成功
2017-09-29T10:11:50: 读取文件成功
2017-09-29T10:12:50: 读取文件成功
2017-09-29T10:13:50: 读取文件成功
2017-09-29T10:14:50: 读取文件成功
2017-09-29T10:15:50: 读取文件成功
2017-09-29T10:16:50: 读取文件成功
2017-09-29T10:17:50: 读取文件成功
2017-09-29T10:18:50: 读取文件成功
2017-09-29T10:19:50: 读取文件成功
2017-09-29T10:20:50: 读取文件成功
2017-09-29T10:21:50: 读取文件成功
2017-09-29T10:22:50: 读取文件成功
2017-09-29T10:23:50: 读取文件成功
2017-09-29T10:24:50: 读取文件成功
2017-09-29T10:25:50: 读取文件成功
2017-09-29T10:26:50: 读取文件成功
2017-09-29T10:27:50: 读取文件成功
2017-09-29T10:28:50: 读取文件成功
2017-09-29T10:29:50: 读取文件成功
2017-09-29T10:30:50: 读取文件成功
2017-09-29T10:31:50: 读取文件成功
2017-09-29T10:32:50: 读取文件成功
2017-09-29T10:33:50: 读取文件成功
2017-09-29T10:34:50: 读取文件成功
2017-09-29T10:35:50: 读取文件成功
2017-09-29T10:36:50: 读取文件成功
2017-09-29T10:37:50: 读取文件成功
2017-09-29T10:38:50: 读取文件成功
2017-09-29T10:39:50: 读取文件成功
2017-09-29T10:40:50: 读取文件成功
2017-09-29T10:41:50: 读取文件成功
2017-09-29T10:42:50: 读取文件成功
2017-09-29T10:43:51: 读取文件成功
2017-09-29T10:44:50: 读取文件成功
2017-09-29T10:45:50: 读取文件成功
2017-09-29T10:46:51: 读取文件成功
2017-09-29T10:47:51: 读取文件成功
2017-09-29T10:48:50: 读取文件成功
2017-09-29T10:49:51: 读取文件成功
2017-09-29T10:50:51: 读取文件成功
2017-09-29T10:51:51: 读取文件成功
2017-09-29T10:52:51: 读取文件成功
2017-09-29T10:53:51: 读取文件成功
2017-09-29T10:54:51: 读取文件成功
2017-09-29T10:55:51: 读取文件成功
2017-09-29T10:56:51: 读取文件成功
2017-09-29T10:57:51: 读取文件成功
2017-09-29T10:58:51: 读取文件成功
2017-09-29T10:59:51: 读取文件成功
2017-09-29T11:00:51: 读取文件成功
2017-09-29T11:01:51: 读取文件成功
2017-09-29T11:02:51: 读取文件成功
2017-09-29T11:03:51: 读取文件成功
2017-09-29T11:04:51: 读取文件成功
2017-09-29T11:05:51: 读取文件成功
2017-09-29T11:06:51: 读取文件成功
2017-09-29T11:07:51: 读取文件成功
2017-09-29T11:08:51: 读取文件成功
2017-09-29T11:09:51: 读取文件成功
2017-09-29T11:10:51: 读取文件成功
2017-09-29T11:11:51: 读取文件成功
2017-09-29T11:12:51: 读取文件成功
2017-09-29T11:13:51: 读取文件成功
2017-09-29T11:14:51: 读取文件成功
2017-09-29T11:15:51: 读取文件成功
2017-09-29T11:16:51: 读取文件成功
2017-09-29T11:17:51: 读取文件成功
2017-09-29T11:18:51: 读取文件成功
2017-09-29T11:19:51: 读取文件成功
2017-09-29T11:20:51: 读取文件成功
2017-09-29T11:21:51: 读取文件成功
2017-09-29T11:22:51: 读取文件成功
2017-09-29T11:23:51: 读取文件成功
2017-09-29T11:24:51: 读取文件成功
2017-09-29T11:25:51: 读取文件成功
2017-09-29T11:26:51: 读取文件成功
2017-09-29T11:27:51: 读取文件成功
2017-09-29T11:28:51: 读取文件成功
2017-09-29T11:29:51: 读取文件成功
2017-09-29T11:30:51: 读取文件成功
2017-09-29T11:31:51: 读取文件成功
2017-09-29T11:32:51: 读取文件成功
2017-09-29T11:33:51: 读取文件成功
2017-09-29T11:34:51: 读取文件成功
2017-09-29T11:35:51: 读取文件成功
2017-09-29T11:36:51: 读取文件成功
2017-09-29T11:37:51: 读取文件成功
2017-09-29T11:38:51: 读取文件成功
2017-09-29T11:39:51: 读取文件成功
2017-09-29T11:40:51: 读取文件成功
2017-09-29T11:41:51: 读取文件成功
2017-09-29T11:42:51: 读取文件成功
2017-09-29T11:43:51: 读取文件成功
2017-09-29T11:44:51: 读取文件成功
2017-09-29T11:45:51: 读取文件成功
2017-09-29T11:46:51: 读取文件成功
2017-09-29T11:47:51: 读取文件成功
2017-09-29T11:48:51: 读取文件成功
2017-09-29T11:49:51: 读取文件成功
2017-09-29T11:50:51: 读取文件成功
2017-09-29T11:51:51: 读取文件成功
2017-09-29T11:52:51: 读取文件成功
2017-09-29T11:53:51: 读取文件成功
2017-09-29T11:54:51: 读取文件成功
2017-09-29T11:55:51: 读取文件成功
2017-09-29T11:56:51: 读取文件成功
2017-09-29T11:57:51: 读取文件成功
2017-09-29T11:58:51: 读取文件成功
2017-09-29T11:59:51: 读取文件成功
2017-09-29T12:00:52: 读取文件成功
2017-09-29T12:01:51: 读取文件成功
2017-09-29T12:02:51: 读取文件成功
2017-09-29T12:03:51: 读取文件成功
2017-09-29T12:04:51: 读取文件成功
2017-09-29T12:05:51: 读取文件成功
2017-09-29T12:06:51: 读取文件成功
2017-09-29T12:07:51: 读取文件成功
2017-09-29T12:08:51: 读取文件成功
2017-09-29T12:09:51: 读取文件成功
2017-09-29T12:10:51: 读取文件成功
2017-09-29T12:11:51: 读取文件成功
2017-09-29T12:12:52: 读取文件成功
2017-09-29T12:13:51: 读取文件成功
2017-09-29T12:14:52: 读取文件成功
2017-09-29T12:15:51: 读取文件成功
2017-09-29T12:16:51: 读取文件成功
2017-09-29T12:17:51: 读取文件成功
2017-09-29T12:18:52: 读取文件成功
2017-09-29T12:19:52: 读取文件成功
2017-09-29T12:20:51: 读取文件成功
2017-09-29T12:21:51: 读取文件成功
2017-09-29T12:22:52: 读取文件成功
2017-09-29T12:23:52: 读取文件成功
2017-09-29T12:24:52: 读取文件成功
2017-09-29T12:25:52: 读取文件成功
2017-09-29T12:26:52: 读取文件成功
2017-09-29T12:27:52: 读取文件成功
2017-09-29T12:28:52: 读取文件成功
2017-09-29T12:29:52: 读取文件成功
2017-09-29T12:30:52: 读取文件成功
2017-09-29T12:31:52: 读取文件成功
2017-09-29T12:32:52: 读取文件成功
2017-09-29T12:33:52: 读取文件成功
2017-09-29T12:34:52: 读取文件成功
2017-09-29T12:35:52: 读取文件成功
2017-09-29T12:36:52: 读取文件成功
2017-09-29T12:37:52: 读取文件成功
2017-09-29T12:38:52: 读取文件成功
2017-09-29T12:39:52: 读取文件成功
2017-09-29T12:40:52: 读取文件成功
2017-09-29T12:41:52: 读取文件成功
2017-09-29T12:42:52: 读取文件成功
2017-09-29T12:43:52: 读取文件成功
2017-09-29T12:44:52: 读取文件成功
2017-09-29T12:45:52: 读取文件成功
2017-09-29T12:46:52: 读取文件成功
2017-09-29T12:47:52: 读取文件成功
2017-09-29T12:48:52: 读取文件成功
2017-09-29T12:49:52: 读取文件成功
2017-09-29T12:50:52: 读取文件成功
2017-09-29T12:51:52: 读取文件成功
2017-09-29T12:52:52: 读取文件成功
2017-09-29T12:53:52: 读取文件成功
2017-09-29T12:54:52: 读取文件成功
2017-09-29T12:55:52: 读取文件成功
2017-09-29T12:56:52: 读取文件成功
2017-09-29T12:57:52: 读取文件成功
2017-09-29T12:58:52: 读取文件成功
2017-09-29T12:59:52: 读取文件成功
2017-09-29T13:00:52: 读取文件成功
2017-09-29T13:01:52: 读取文件成功
2017-09-29T13:02:52: 读取文件成功
2017-09-29T13:03:52: 读取文件成功
2017-09-29T13:04:52: 读取文件成功
2017-09-29T13:05:52: 读取文件成功
2017-09-29T13:06:52: 读取文件成功
2017-09-29T13:07:52: 读取文件成功
2017-09-29T13:08:52: 读取文件成功
2017-09-29T13:09:52: 读取文件成功
2017-09-29T13:10:52: 读取文件成功
2017-09-29T13:11:52: 读取文件成功
2017-09-29T13:12:52: 读取文件成功
2017-09-29T13:13:52: 读取文件成功
2017-09-29T13:14:52: 读取文件成功
2017-09-29T13:15:52: 读取文件成功
2017-09-29T13:16:52: 读取文件成功
2017-09-29T13:17:52: 读取文件成功
2017-09-29T13:18:52: 读取文件成功
2017-09-29T13:19:52: 读取文件成功
2017-09-29T13:20:52: 读取文件成功
2017-09-29T13:21:52: 读取文件成功
2017-09-29T13:22:52: 读取文件成功
2017-09-29T13:23:52: 读取文件成功
2017-09-29T13:24:52: 读取文件成功
2017-09-29T13:25:52: 读取文件成功
2017-09-29T13:26:52: 读取文件成功
2017-09-29T13:27:52: 读取文件成功
2017-09-29T13:28:52: 读取文件成功
2017-09-29T13:29:52: 读取文件成功
2017-09-29T13:30:52: 读取文件成功
2017-09-29T13:31:52: 读取文件成功
2017-09-29T13:32:52: 读取文件成功
2017-09-29T13:33:52: 读取文件成功
2017-09-29T13:34:54: 读取文件成功
2017-09-29T13:35:52: 读取文件成功
2017-09-29T13:36:52: 读取文件成功
2017-09-29T13:37:52: 读取文件成功
2017-09-29T13:38:52: 读取文件成功
2017-09-29T13:39:52: 读取文件成功
2017-09-29T13:40:52: 读取文件成功
2017-09-29T13:41:52: 读取文件成功
2017-09-29T13:42:52: 读取文件成功
2017-09-29T13:43:52: 读取文件成功
2017-09-29T13:44:52: 读取文件成功
2017-09-29T13:45:52: 读取文件成功
2017-09-29T13:46:53: 读取文件成功
2017-09-29T13:47:52: 读取文件成功
2017-09-29T13:48:52: 读取文件成功
2017-09-29T13:49:52: 读取文件成功
2017-09-29T13:50:52: 读取文件成功
2017-09-29T13:51:52: 读取文件成功
2017-09-29T13:52:53: 读取文件成功
2017-09-29T13:53:52: 读取文件成功
2017-09-29T13:54:53: 读取文件成功
2017-09-29T13:55:53: 读取文件成功
2017-09-29T13:56:53: 读取文件成功
2017-09-29T13:57:53: 读取文件成功
2017-09-29T13:58:53: 读取文件成功
2017-09-29T13:59:53: 读取文件成功
2017-09-29T14:00:53: 读取文件成功
2017-09-29T14:01:53: 读取文件成功
2017-09-29T14:02:53: 读取文件成功
2017-09-29T14:03:53: 读取文件成功
2017-09-29T14:04:53: 读取文件成功
2017-09-29T14:05:53: 读取文件成功
2017-09-29T14:06:53: 读取文件成功
2017-09-29T14:07:53: 读取文件成功
2017-09-29T14:08:53: 读取文件成功
2017-09-29T14:09:53: 读取文件成功
2017-09-29T14:10:53: 读取文件成功
2017-09-29T14:11:53: 读取文件成功
2017-09-29T14:12:53: 读取文件成功
2017-09-29T14:13:53: 读取文件成功
2017-09-29T14:14:53: 读取文件成功
2017-09-29T14:15:53: 读取文件成功
2017-09-29T14:16:53: 读取文件成功
2017-09-29T14:17:53: 读取文件成功
2017-09-29T14:18:53: 读取文件成功
2017-09-29T14:19:53: 读取文件成功
2017-09-29T14:20:53: 读取文件成功
2017-09-29T14:21:53: 读取文件成功
2017-09-29T14:22:53: 读取文件成功
2017-09-29T14:23:53: 读取文件成功
2017-09-29T14:24:53: 读取文件成功
2017-09-29T14:25:53: 读取文件成功
2017-09-29T14:26:53: 读取文件成功
2017-09-29T14:27:53: 读取文件成功
2017-09-29T14:28:53: 读取文件成功
2017-09-29T14:29:53: 读取文件成功
2017-09-29T14:30:53: 读取文件成功
2017-09-29T14:31:53: 读取文件成功
2017-09-29T14:32:53: 读取文件成功
2017-09-29T14:33:53: 读取文件成功
2017-09-29T14:34:53: 读取文件成功
2017-09-29T14:35:53: 读取文件成功
2017-09-29T14:36:53: 读取文件成功
2017-09-29T14:37:53: 读取文件成功
2017-09-29T14:38:53: 读取文件成功
2017-09-29T14:39:53: 读取文件成功
2017-09-29T14:40:53: 读取文件成功
2017-09-29T14:41:53: 读取文件成功
2017-09-29T14:42:53: 读取文件成功
2017-09-29T14:43:53: 读取文件成功
2017-09-29T14:44:53: 读取文件成功
2017-09-29T14:45:53: 读取文件成功
2017-09-29T14:46:53: 读取文件成功
2017-09-29T14:47:53: 读取文件成功
2017-09-29T14:48:53: 读取文件成功
2017-09-29T14:49:53: 读取文件成功
2017-09-29T14:50:53: 读取文件成功
2017-09-29T14:51:53: 读取文件成功
2017-09-29T14:52:53: 读取文件成功
2017-09-29T14:53:53: 读取文件成功
2017-09-29T14:54:53: 读取文件成功
2017-09-29T14:55:53: 读取文件成功
2017-09-29T14:56:53: 读取文件成功
2017-09-29T14:57:53: 读取文件成功
2017-09-29T14:58:53: 读取文件成功
2017-09-29T14:59:53: 读取文件成功
2017-09-29T15:00:53: 读取文件成功
2017-09-29T15:01:53: 读取文件成功
2017-09-29T15:02:53: 读取文件成功
2017-09-29T15:03:53: 读取文件成功
2017-09-29T15:04:53: 读取文件成功
2017-09-29T15:05:53: 读取文件成功
2017-09-29T15:06:53: 读取文件成功
2017-09-29T15:07:53: 读取文件成功
2017-09-29T15:08:53: 读取文件成功
2017-09-29T15:09:53: 读取文件成功
2017-09-29T15:10:53: 读取文件成功
2017-09-29T15:11:53: 读取文件成功
2017-09-29T15:12:53: 读取文件成功
2017-09-29T15:13:53: 读取文件成功
2017-09-29T15:14:53: 读取文件成功
2017-09-29T15:15:53: 读取文件成功
2017-09-29T15:16:54: 读取文件成功
2017-09-29T15:17:53: 读取文件成功
2017-09-29T15:18:53: 读取文件成功
2017-09-29T15:19:53: 读取文件成功
2017-09-29T15:20:53: 读取文件成功
2017-09-29T15:21:53: 读取文件成功
2017-09-29T15:25:54: 读取文件成功
2017-09-29T15:26:54: 读取文件成功
2017-09-29T15:27:54: 读取文件成功
2017-09-29T15:28:54: 读取文件成功
2017-09-29T15:29:54: 读取文件成功
2017-09-29T15:30:54: 读取文件成功
2017-09-29T15:31:54: 读取文件成功
2017-09-29T15:32:54: 读取文件成功
2017-09-29T15:33:54: 读取文件成功
2017-09-29T15:34:54: 读取文件成功
2017-09-29T15:35:54: 读取文件成功
2017-09-29T15:36:54: 读取文件成功
2017-09-29T15:37:54: 读取文件成功
2017-09-29T15:38:54: 读取文件成功
2017-09-29T15:39:54: 读取文件成功
2017-09-29T15:40:54: 读取文件成功
2017-09-29T15:41:54: 读取文件成功
2017-09-29T15:42:54: 读取文件成功
2017-09-29T15:43:54: 读取文件成功
2017-09-29T15:44:54: 读取文件成功
2017-09-29T15:45:54: 读取文件成功
2017-09-29T15:46:54: 读取文件成功
2017-09-29T15:47:54: 读取文件成功
2017-09-29T15:48:54: 读取文件成功
2017-09-29T15:49:54: 读取文件成功
2017-09-29T15:50:54: 读取文件成功
2017-09-29T15:51:54: 读取文件成功
2017-09-29T15:52:54: 读取文件成功
2017-09-29T15:53:54: 读取文件成功
2017-09-29T15:54:54: 读取文件成功
2017-09-29T15:55:54: 读取文件成功
2017-09-29T15:56:54: 读取文件成功
2017-09-29T15:57:54: 读取文件成功
2017-09-29T15:58:54: 读取文件成功
2017-09-29T15:59:54: 读取文件成功
2017-09-29T16:00:54: 读取文件成功
2017-09-29T16:01:54: 读取文件成功
2017-09-29T16:02:55: 读取文件成功
2017-09-29T16:03:54: 读取文件成功
2017-09-29T16:04:54: 读取文件成功
2017-09-29T16:05:54: 读取文件成功
2017-09-29T16:06:54: 读取文件成功
2017-09-29T16:07:54: 读取文件成功
2017-09-29T16:08:54: 读取文件成功
2017-09-29T16:09:54: 读取文件成功
2017-09-29T16:10:54: 读取文件成功
2017-09-29T16:11:54: 读取文件成功
2017-09-29T16:12:54: 读取文件成功
2017-09-29T16:13:54: 读取文件成功
2017-09-29T16:14:54: 读取文件成功
2017-09-29T16:15:54: 读取文件成功
2017-09-29T16:16:54: 读取文件成功
2017-09-29T16:17:54: 读取文件成功
2017-09-29T16:18:54: 读取文件成功
2017-09-29T16:19:54: 读取文件成功
2017-09-29T16:20:54: 读取文件成功
2017-09-29T16:21:54: 读取文件成功
2017-09-29T16:22:54: 读取文件成功
2017-09-29T16:23:54: 读取文件成功
2017-09-29T16:24:54: 读取文件成功
2017-09-29T16:25:54: 读取文件成功
2017-09-29T16:26:54: 读取文件成功
2017-09-29T16:27:54: 读取文件成功
2017-09-29T16:28:57: 读取文件成功
2017-09-29T16:29:54: 读取文件成功
2017-09-29T16:30:54: 读取文件成功
2017-09-29T16:31:54: 读取文件成功
2017-09-29T16:32:55: 读取文件成功
2017-09-29T16:33:54: 读取文件成功
2017-09-29T16:34:54: 读取文件成功
2017-09-29T16:35:54: 读取文件成功
2017-09-29T16:36:55: 读取文件成功
2017-09-29T16:37:54: 读取文件成功
2017-09-29T16:38:54: 读取文件成功
2017-09-29T16:39:54: 读取文件成功
2017-09-29T16:40:55: 读取文件成功
2017-09-29T16:41:54: 读取文件成功
2017-09-29T16:42:54: 读取文件成功
2017-09-29T16:43:54: 读取文件成功
2017-09-29T16:44:54: 读取文件成功
2017-09-29T16:46:00: 读取文件成功
2017-09-29T16:46:55: 读取文件成功
2017-09-29T16:47:55: 读取文件成功
2017-09-29T16:48:54: 读取文件成功
2017-09-29T16:49:55: 读取文件成功
2017-09-29T16:50:54: 读取文件成功
2017-09-29T16:51:54: 读取文件成功
2017-09-29T16:52:57: 读取文件成功
2017-09-29T16:53:55: 读取文件成功
2017-09-29T16:54:54: 读取文件成功
2017-09-29T16:55:55: 读取文件成功
2017-09-29T16:56:54: 读取文件成功
2017-09-29T16:57:54: 读取文件成功
2017-09-29T16:58:55: 读取文件成功
2017-09-29T16:59:54: 读取文件成功
2017-09-29T17:00:54: 读取文件成功
2017-09-29T17:01:55: 读取文件成功
2017-09-29T17:02:56: 读取文件成功
2017-09-29T17:03:55: 读取文件成功
2017-09-29T17:04:55: 读取文件成功
2017-09-29T17:05:55: 读取文件成功
2017-09-29T17:06:55: 读取文件成功
2017-09-29T17:07:55: 读取文件成功
2017-09-29T17:08:55: 读取文件成功
2017-09-29T17:09:55: 读取文件成功
2017-09-29T17:10:55: 读取文件成功
2017-09-29T17:11:55: 读取文件成功
2017-09-29T17:12:55: 读取文件成功
2017-09-29T17:13:55: 读取文件成功
2017-09-29T17:14:55: 读取文件成功
2017-09-29T17:15:55: 读取文件成功
2017-09-29T17:16:55: 读取文件成功
2017-09-29T17:17:55: 读取文件成功
2017-09-29T17:18:55: 读取文件成功
2017-09-29T17:19:55: 读取文件成功
2017-09-29T17:20:55: 读取文件成功
2017-09-29T17:21:55: 读取文件成功
2017-09-29T17:23:01: 读取文件成功
2017-09-29T17:23:55: 读取文件成功
2017-09-29T17:24:55: 读取文件成功
2017-09-29T17:25:57: 读取文件成功
2017-09-29T17:26:55: 读取文件成功
2017-09-29T17:27:55: 读取文件成功
2017-09-29T17:28:55: 读取文件成功
2017-09-29T17:29:55: 读取文件成功
2017-09-29T17:30:55: 读取文件成功
2017-09-29T17:31:55: 读取文件成功
2017-09-29T17:32:55: 读取文件成功
2017-09-29T17:33:55: 读取文件成功
2017-09-29T17:34:55: 读取文件成功
2017-09-29T17:35:57: 读取文件成功
2017-09-29T17:36:55: 读取文件成功
2017-09-29T17:37:55: 读取文件成功
2017-09-29T17:38:55: 读取文件成功
2017-09-29T17:39:55: 读取文件成功
2017-09-29T17:40:55: 读取文件成功
2017-09-29T17:41:55: 读取文件成功
2017-09-29T17:42:55: 读取文件成功
2017-09-29T17:43:55: 读取文件成功
2017-09-29T17:44:55: 读取文件成功
2017-09-29T17:45:55: 读取文件成功
2017-09-29T17:46:55: 读取文件成功
2017-09-29T17:49:55: 读取文件成功
2017-09-29T17:50:55: 读取文件成功
2017-09-29T17:51:55: 读取文件成功
2017-09-29T17:52:55: 读取文件成功
2017-09-29T17:53:55: 读取文件成功
2017-09-29T17:54:55: 读取文件成功
2017-09-29T17:55:57: 读取文件成功
2017-09-29T17:56:55: 读取文件成功
2017-09-29T17:57:55: 读取文件成功
2017-09-29T17:58:55: 读取文件成功
2017-09-29T17:59:55: 读取文件成功
2017-09-29T18:00:55: 读取文件成功
2017-09-29T18:01:55: 读取文件成功
2017-09-29T18:02:55: 读取文件成功
2017-09-29T18:03:55: 读取文件成功
2017-09-29T18:04:55: 读取文件成功
2017-09-29T18:05:56: 读取文件成功
2017-09-29T18:06:55: 读取文件成功
2017-09-29T18:07:55: 读取文件成功
2017-09-29T18:08:56: 读取文件成功
2017-09-29T18:09:55: 读取文件成功
2017-09-29T18:10:55: 读取文件成功
2017-09-29T18:11:55: 读取文件成功
2017-09-29T18:12:55: 读取文件成功
2017-09-29T18:13:55: 读取文件成功
2017-09-29T18:14:55: 读取文件成功
2017-09-29T18:15:59: 读取文件成功
2017-09-29T18:16:55: 读取文件成功
2017-09-29T18:17:56: 读取文件成功
2017-09-29T18:18:55: 读取文件成功
2017-09-29T18:19:55: 读取文件成功
2017-09-29T18:20:55: 读取文件成功
2017-09-29T18:21:55: 读取文件成功
2017-09-29T18:22:55: 读取文件成功
2017-09-29T18:23:55: 读取文件成功
2017-09-29T18:24:55: 读取文件成功
2017-09-29T18:25:59: 读取文件成功
2017-09-29T18:26:55: 读取文件成功
2017-09-29T18:27:55: 读取文件成功
2017-09-29T18:28:55: 读取文件成功
2017-09-29T18:29:55: 读取文件成功
2017-09-29T18:30:55: 读取文件成功
2017-09-29T18:31:56: 读取文件成功
2017-09-29T18:32:55: 读取文件成功
2017-09-29T18:33:55: 读取文件成功
2017-09-29T18:34:55: 读取文件成功
2017-09-29T18:35:55: 读取文件成功
2017-09-29T18:36:55: 读取文件成功
2017-09-29T18:37:56: 读取文件成功
2017-09-29T18:38:55: 读取文件成功
2017-09-29T18:39:56: 读取文件成功
2017-09-29T18:40:56: 读取文件成功
2017-09-29T18:41:56: 读取文件成功
2017-09-29T18:42:56: 读取文件成功
2017-09-29T18:43:56: 读取文件成功
2017-09-29T18:44:56: 读取文件成功
2017-09-29T18:45:56: 读取文件成功
2017-09-29T18:46:56: 读取文件成功
2017-09-29T18:47:56: 读取文件成功
2017-09-29T18:48:56: 读取文件成功
2017-09-29T18:49:56: 读取文件成功
2017-09-29T18:50:56: 读取文件成功
2017-09-29T18:51:56: 读取文件成功
2017-09-29T18:52:56: 读取文件成功
2017-09-29T18:53:56: 读取文件成功
2017-09-29T18:54:56: 读取文件成功
2017-09-29T18:55:56: 读取文件成功
2017-09-29T18:56:56: 读取文件成功
2017-09-29T18:57:56: 读取文件成功
2017-09-29T18:58:56: 读取文件成功
2017-09-29T18:59:56: 读取文件成功
2017-09-29T19:01:01: 读取文件成功
2017-09-29T19:01:56: 读取文件成功
2017-09-29T19:02:56: 读取文件成功
2017-09-29T19:03:56: 读取文件成功
2017-09-29T19:04:56: 读取文件成功
2017-09-29T19:06:00: 读取文件成功
2017-09-29T19:06:56: 读取文件成功
2017-09-29T19:07:56: 读取文件成功
2017-09-29T19:08:56: 读取文件成功
2017-09-29T19:09:56: 读取文件成功
2017-09-29T19:13:27: 读取文件成功
2017-09-29T19:16:47: 读取文件成功
2017-09-29T19:19:12: 读取文件成功
2017-09-29T19:23:50: 读取文件成功
2017-09-29T19:23:58: 读取文件成功
2017-09-29T19:25:22: 读取文件成功
2017-09-29T19:26:18: 读取文件成功
2017-09-29T19:27:59: 读取文件成功
2017-09-29T19:29:58: 读取文件成功
2017-09-29T19:31:02: 读取文件成功
2017-09-29T19:34:05: 读取文件成功
2017-09-29T19:35:12: 读取文件成功
2017-09-29T19:36:42: 读取文件成功
2017-09-29T19:39:07: 读取文件成功
2017-09-29T19:42:22: 读取文件成功
2017-09-29T19:44:19: 读取文件成功
2017-09-29T19:44:58: 读取文件成功
2017-09-29T19:46:12: 读取文件成功
2017-09-29T19:52:17: 读取文件成功
2017-09-29T19:52:20: 读取文件成功
2017-09-29T19:54:17: 读取文件成功
2017-09-29T19:54:27: 读取文件成功
2017-09-29T19:55:11: 读取文件成功
2017-09-29T19:56:25: 读取文件成功
2017-09-29T19:57:55: 读取文件成功
2017-09-29T19:59:23: 读取文件成功
2017-09-29T20:01:19: 读取文件成功
2017-09-29T20:01:22: 读取文件成功
2017-09-29T20:04:59: 读取文件成功
2017-09-29T20:06:18: 读取文件成功
2017-09-29T20:06:57: 读取文件成功
2017-09-29T20:08:08: 读取文件成功
2017-09-29T20:10:40: 读取文件成功
2017-09-29T20:10:59: 读取文件成功
2017-09-29T20:12:03: 读取文件成功
2017-09-29T20:13:05: 读取文件成功
2017-09-29T20:14:07: 读取文件成功
2017-09-29T20:15:26: 读取文件成功
2017-09-29T20:17:07: 读取文件成功
2017-09-29T20:17:09: 读取文件成功
2017-09-29T20:19:09: 读取文件成功
2017-09-29T20:20:04: 读取文件成功
2017-09-29T20:22:58: 读取文件成功
2017-09-29T20:23:00: 读取文件成功
2017-09-29T20:23:58: 读取文件成功
2017-09-29T20:25:37: 读取文件成功
2017-09-29T20:25:59: 读取文件成功
2017-09-29T20:27:12: 读取文件成功
2017-09-29T20:28:15: 读取文件成功
2017-09-29T20:29:30: 读取文件成功
2017-09-29T20:32:01: 读取文件成功
2017-09-29T20:33:03: 读取文件成功
2017-09-29T20:34:26: 读取文件成功
2017-09-29T20:36:08: 读取文件成功
2017-09-29T20:37:03: 读取文件成功
2017-09-29T20:38:31: 读取文件成功
2017-09-29T20:39:09: 读取文件成功
2017-09-29T20:42:32: 读取文件成功
2017-09-29T20:43:09: 读取文件成功
2017-09-29T20:44:01: 读取文件成功
2017-09-29T20:45:15: 读取文件成功
2017-09-29T20:46:27: 读取文件成功
2017-09-29T20:47:18: 读取文件成功
2017-09-29T20:48:05: 读取文件成功
2017-09-29T20:49:14: 读取文件成功
2017-09-29T20:50:16: 读取文件成功
2017-09-29T20:51:05: 读取文件成功
2017-09-29T20:53:38: 读取文件成功
2017-09-29T20:54:08: 读取文件成功
2017-09-29T20:54:10: 读取文件成功
2017-09-29T20:55:04: 读取文件成功
2017-09-29T20:56:08: 读取文件成功
2017-09-29T20:57:10: 读取文件成功
2017-09-29T20:58:11: 读取文件成功
2017-09-29T21:00:16: 读取文件成功
2017-09-29T21:00:58: 读取文件成功
2017-09-29T21:02:43: 读取文件成功
2017-09-29T21:03:06: 读取文件成功
2017-09-29T21:03:58: 读取文件成功
2017-09-29T21:05:30: 读取文件成功
2017-09-29T21:07:08: 读取文件成功
2017-09-29T21:07:35: 读取文件成功
2017-09-29T21:09:25: 读取文件成功
2017-09-29T21:09:59: 读取文件成功
2017-09-29T21:11:00: 读取文件成功
2017-09-29T21:14:08: 读取文件成功
2017-09-29T21:14:29: 读取文件成功
2017-09-29T21:15:01: 读取文件成功
2017-09-29T21:16:15: 读取文件成功
2017-09-29T21:17:42: 读取文件成功
2017-09-29T21:18:01: 读取文件成功
2017-09-29T21:19:08: 读取文件成功
2017-09-29T21:22:08: 读取文件成功
2017-09-29T21:22:21: 读取文件成功
2017-09-29T21:23:08: 读取文件成功
2017-09-29T21:24:38: 读取文件成功
2017-09-29T21:25:08: 读取文件成功
2017-09-29T21:26:16: 读取文件成功
2017-09-29T21:27:01: 读取文件成功
2017-09-29T21:27:58: 读取文件成功
2017-09-29T21:29:03: 读取文件成功
2017-09-29T21:29:58: 读取文件成功
2017-09-29T21:31:04: 读取文件成功
2017-09-29T21:32:26: 读取文件成功
2017-09-29T21:33:14: 读取文件成功
2017-09-29T21:34:56: 读取文件成功
2017-09-29T21:36:05: 读取文件成功
2017-09-29T21:37:00: 读取文件成功
2017-09-29T21:38:03: 读取文件成功
2017-09-29T21:39:36: 读取文件成功
2017-09-29T21:40:17: 读取文件成功
2017-09-29T21:41:03: 读取文件成功
2017-09-29T21:42:16: 读取文件成功
2017-09-29T21:43:07: 读取文件成功
2017-09-29T21:43:57: 读取文件成功
2017-09-29T21:44:57: 读取文件成功
2017-09-29T21:45:57: 读取文件成功
2017-09-29T21:46:57: 读取文件成功
2017-09-29T21:47:58: 读取文件成功
2017-09-29T21:48:58: 读取文件成功
2017-09-29T21:49:58: 读取文件成功
2017-09-29T21:50:57: 读取文件成功
2017-09-29T21:51:57: 读取文件成功
2017-09-29T21:52:57: 读取文件成功
2017-09-29T21:53:57: 读取文件成功
2017-09-29T21:54:58: 读取文件成功
2017-09-29T21:55:57: 读取文件成功
2017-09-29T21:56:58: 读取文件成功
2017-09-29T21:57:57: 读取文件成功
2017-09-29T21:58:57: 读取文件成功
2017-09-29T21:59:58: 读取文件成功
2017-09-29T22:00:58: 读取文件成功
2017-09-29T22:01:58: 读取文件成功
2017-09-29T22:02:57: 读取文件成功
2017-09-29T22:03:58: 读取文件成功
2017-09-29T22:04:58: 读取文件成功
2017-09-29T22:05:58: 读取文件成功
2017-09-29T22:06:58: 读取文件成功
2017-09-29T22:10:03: 读取文件成功
2017-09-29T22:10:58: 读取文件成功
2017-09-29T22:11:58: 读取文件成功
2017-09-29T22:12:58: 读取文件成功
2017-09-29T22:13:58: 读取文件成功
2017-09-29T22:14:58: 读取文件成功
2017-09-29T22:15:58: 读取文件成功
2017-09-29T22:16:58: 读取文件成功
2017-09-29T22:17:58: 读取文件成功
2017-09-29T22:18:58: 读取文件成功
2017-09-29T22:19:58: 读取文件成功
2017-09-29T22:20:58: 读取文件成功
2017-09-29T22:21:58: 读取文件成功
2017-09-29T22:22:59: 读取文件成功
2017-09-29T22:23:58: 读取文件成功
2017-09-29T22:24:58: 读取文件成功
2017-09-29T22:25:58: 读取文件成功
2017-09-29T22:26:58: 读取文件成功
2017-09-29T22:27:58: 读取文件成功
2017-09-29T22:28:58: 读取文件成功
2017-09-29T22:29:58: 读取文件成功
2017-09-29T22:30:58: 读取文件成功
2017-09-29T22:31:58: 读取文件成功
2017-09-29T22:32:58: 读取文件成功
2017-09-29T22:33:58: 读取文件成功
2017-09-29T22:34:58: 读取文件成功
2017-09-29T22:35:58: 读取文件成功
2017-09-29T22:36:58: 读取文件成功
2017-09-29T22:37:58: 读取文件成功
2017-09-29T22:38:58: 读取文件成功
2017-09-29T22:39:58: 读取文件成功
2017-09-29T22:40:58: 读取文件成功
2017-09-29T22:41:58: 读取文件成功
2017-09-29T22:42:58: 读取文件成功
2017-09-29T22:43:58: 读取文件成功
2017-09-29T22:44:59: 读取文件成功
2017-09-29T22:45:58: 读取文件成功
2017-09-29T22:46:58: 读取文件成功
2017-09-29T22:47:58: 读取文件成功
2017-09-29T22:48:58: 读取文件成功
2017-09-29T22:49:58: 读取文件成功
2017-09-29T22:50:58: 读取文件成功
2017-09-29T22:51:58: 读取文件成功
2017-09-29T22:52:58: 读取文件成功
2017-09-29T22:53:58: 读取文件成功
2017-09-29T22:54:58: 读取文件成功
2017-09-29T22:55:58: 读取文件成功
2017-09-29T22:56:58: 读取文件成功
2017-09-29T22:57:58: 读取文件成功
2017-09-29T22:58:58: 读取文件成功
2017-09-29T22:59:58: 读取文件成功
2017-09-29T23:00:58: 读取文件成功
2017-09-29T23:01:58: 读取文件成功
2017-09-29T23:02:58: 读取文件成功
2017-09-29T23:03:58: 读取文件成功
2017-09-29T23:04:58: 读取文件成功
2017-09-29T23:05:58: 读取文件成功
2017-09-29T23:06:58: 读取文件成功
2017-09-29T23:07:58: 读取文件成功
2017-09-29T23:08:58: 读取文件成功
2017-09-29T23:09:58: 读取文件成功
2017-09-29T23:10:58: 读取文件成功
2017-09-29T23:11:58: 读取文件成功
2017-09-29T23:12:59: 读取文件成功
2017-09-29T23:13:58: 读取文件成功
2017-09-29T23:14:58: 读取文件成功
2017-09-29T23:15:58: 读取文件成功
2017-09-29T23:16:59: 读取文件成功
2017-09-29T23:17:59: 读取文件成功
2017-09-29T23:18:58: 读取文件成功
2017-09-29T23:19:58: 读取文件成功
2017-09-29T23:20:58: 读取文件成功
2017-09-29T23:21:58: 读取文件成功
2017-09-29T23:22:58: 读取文件成功
2017-09-29T23:23:59: 读取文件成功
2017-09-29T23:24:59: 读取文件成功
2017-09-29T23:25:59: 读取文件成功
2017-09-29T23:26:58: 读取文件成功
2017-09-29T23:27:58: 读取文件成功
2017-09-29T23:28:58: 读取文件成功
2017-09-29T23:29:59: 读取文件成功
2017-09-29T23:30:58: 读取文件成功
2017-09-29T23:31:58: 读取文件成功
2017-09-29T23:32:58: 读取文件成功
2017-09-29T23:33:58: 读取文件成功
2017-09-29T23:34:59: 读取文件成功
2017-09-29T23:35:59: 读取文件成功
2017-09-29T23:36:58: 读取文件成功
2017-09-29T23:37:58: 读取文件成功
2017-09-29T23:38:59: 读取文件成功
2017-09-29T23:39:58: 读取文件成功
2017-09-29T23:40:59: 读取文件成功
2017-09-29T23:41:59: 读取文件成功
2017-09-29T23:42:59: 读取文件成功
2017-09-29T23:43:59: 读取文件成功
2017-09-29T23:44:59: 读取文件成功
2017-09-29T23:45:59: 读取文件成功
2017-09-29T23:46:59: 读取文件成功
2017-09-29T23:47:59: 读取文件成功
2017-09-29T23:48:59: 读取文件成功
2017-09-29T23:49:59: 读取文件成功
2017-09-29T23:50:58: 非记录时间：2017-09-29T23:50:58+08:00
2017-09-29T23:51:58: 非记录时间：2017-09-29T23:51:58+08:00
2017-09-29T23:52:58: 非记录时间：2017-09-29T23:52:58+08:00
2017-09-29T23:53:58: 非记录时间：2017-09-29T23:53:58+08:00
2017-09-29T23:54:58: 非记录时间：2017-09-29T23:54:58+08:00
2017-09-29T23:55:58: 非记录时间：2017-09-29T23:55:58+08:00
2017-09-29T23:56:58: 非记录时间：2017-09-29T23:56:58+08:00
2017-09-29T23:57:58: 非记录时间：2017-09-29T23:57:58+08:00
2017-09-29T23:58:58: 非记录时间：2017-09-29T23:58:58+08:00
2017-09-29T23:59:58: 非记录时间：2017-09-29T23:59:58+08:00
