2017-05-28T00:00:22: 非记录时间：2017-05-28T00:00:22+08:00
2017-05-28T00:01:22: 非记录时间：2017-05-28T00:01:22+08:00
2017-05-28T00:02:22: 非记录时间：2017-05-28T00:02:22+08:00
2017-05-28T00:03:22: 非记录时间：2017-05-28T00:03:22+08:00
2017-05-28T00:04:22: 非记录时间：2017-05-28T00:04:22+08:00
2017-05-28T00:05:22: 非记录时间：2017-05-28T00:05:22+08:00
2017-05-28T00:06:22: 非记录时间：2017-05-28T00:06:22+08:00
2017-05-28T00:07:22: 非记录时间：2017-05-28T00:07:22+08:00
2017-05-28T00:08:22: 非记录时间：2017-05-28T00:08:22+08:00
2017-05-28T00:09:22: 非记录时间：2017-05-28T00:09:22+08:00
2017-05-28T00:10:22: 非记录时间：2017-05-28T00:10:22+08:00
2017-05-28T00:11:22: 非记录时间：2017-05-28T00:11:22+08:00
2017-05-28T00:12:22: 非记录时间：2017-05-28T00:12:22+08:00
2017-05-28T00:13:22: 非记录时间：2017-05-28T00:13:22+08:00
2017-05-28T00:14:22: 非记录时间：2017-05-28T00:14:22+08:00
2017-05-28T00:15:22: 非记录时间：2017-05-28T00:15:22+08:00
2017-05-28T00:16:22: 非记录时间：2017-05-28T00:16:22+08:00
2017-05-28T00:17:22: 非记录时间：2017-05-28T00:17:22+08:00
2017-05-28T00:18:22: 非记录时间：2017-05-28T00:18:22+08:00
2017-05-28T00:19:22: 非记录时间：2017-05-28T00:19:22+08:00
2017-05-28T00:20:22: 非记录时间：2017-05-28T00:20:22+08:00
2017-05-28T00:21:22: 非记录时间：2017-05-28T00:21:22+08:00
2017-05-28T00:22:22: 非记录时间：2017-05-28T00:22:22+08:00
2017-05-28T00:23:22: 非记录时间：2017-05-28T00:23:22+08:00
2017-05-28T00:24:22: 非记录时间：2017-05-28T00:24:22+08:00
2017-05-28T00:25:22: 非记录时间：2017-05-28T00:25:22+08:00
2017-05-28T00:26:22: 非记录时间：2017-05-28T00:26:22+08:00
2017-05-28T00:27:22: 非记录时间：2017-05-28T00:27:22+08:00
2017-05-28T00:28:22: 非记录时间：2017-05-28T00:28:22+08:00
2017-05-28T00:29:22: 非记录时间：2017-05-28T00:29:22+08:00
2017-05-28T00:30:22: 非记录时间：2017-05-28T00:30:22+08:00
2017-05-28T00:31:22: 非记录时间：2017-05-28T00:31:22+08:00
2017-05-28T00:32:22: 非记录时间：2017-05-28T00:32:22+08:00
2017-05-28T00:33:22: 非记录时间：2017-05-28T00:33:22+08:00
2017-05-28T00:34:22: 非记录时间：2017-05-28T00:34:22+08:00
2017-05-28T00:35:22: 非记录时间：2017-05-28T00:35:22+08:00
2017-05-28T00:36:22: 非记录时间：2017-05-28T00:36:22+08:00
2017-05-28T00:37:22: 非记录时间：2017-05-28T00:37:22+08:00
2017-05-28T00:38:22: 非记录时间：2017-05-28T00:38:22+08:00
2017-05-28T00:39:22: 非记录时间：2017-05-28T00:39:22+08:00
2017-05-28T00:40:22: 非记录时间：2017-05-28T00:40:22+08:00
2017-05-28T00:41:22: 非记录时间：2017-05-28T00:41:22+08:00
2017-05-28T00:42:22: 非记录时间：2017-05-28T00:42:22+08:00
2017-05-28T00:43:22: 非记录时间：2017-05-28T00:43:22+08:00
2017-05-28T00:44:22: 非记录时间：2017-05-28T00:44:22+08:00
2017-05-28T00:45:22: 非记录时间：2017-05-28T00:45:22+08:00
2017-05-28T00:46:22: 非记录时间：2017-05-28T00:46:22+08:00
2017-05-28T00:47:22: 非记录时间：2017-05-28T00:47:22+08:00
2017-05-28T00:48:22: 非记录时间：2017-05-28T00:48:22+08:00
2017-05-28T00:49:22: 非记录时间：2017-05-28T00:49:22+08:00
2017-05-28T00:50:22: 非记录时间：2017-05-28T00:50:22+08:00
2017-05-28T00:51:22: 非记录时间：2017-05-28T00:51:22+08:00
2017-05-28T00:52:22: 非记录时间：2017-05-28T00:52:22+08:00
2017-05-28T00:53:22: 非记录时间：2017-05-28T00:53:22+08:00
2017-05-28T00:54:22: 非记录时间：2017-05-28T00:54:22+08:00
2017-05-28T00:55:22: 非记录时间：2017-05-28T00:55:22+08:00
2017-05-28T00:56:22: 非记录时间：2017-05-28T00:56:22+08:00
2017-05-28T00:57:22: 非记录时间：2017-05-28T00:57:22+08:00
2017-05-28T00:58:22: 非记录时间：2017-05-28T00:58:22+08:00
2017-05-28T00:59:22: 非记录时间：2017-05-28T00:59:22+08:00
2017-05-28T01:00:22: 非记录时间：2017-05-28T01:00:22+08:00
2017-05-28T01:01:22: 非记录时间：2017-05-28T01:01:22+08:00
2017-05-28T01:02:22: 非记录时间：2017-05-28T01:02:22+08:00
2017-05-28T01:03:22: 非记录时间：2017-05-28T01:03:22+08:00
2017-05-28T01:04:22: 非记录时间：2017-05-28T01:04:22+08:00
2017-05-28T01:05:22: 非记录时间：2017-05-28T01:05:22+08:00
2017-05-28T01:06:22: 非记录时间：2017-05-28T01:06:22+08:00
2017-05-28T01:07:22: 非记录时间：2017-05-28T01:07:22+08:00
2017-05-28T01:08:22: 非记录时间：2017-05-28T01:08:22+08:00
2017-05-28T01:09:22: 非记录时间：2017-05-28T01:09:22+08:00
2017-05-28T01:10:22: 非记录时间：2017-05-28T01:10:22+08:00
2017-05-28T01:11:23: 读取文件失败，可能是该文件不存在
2017-05-28T01:11:23: Error: ENOENT: no such file or directory, open './data/2017-05-28.json'
2017-05-28T01:12:23: 读取文件成功
2017-05-28T01:13:23: 读取文件成功
2017-05-28T01:14:23: 读取文件成功
2017-05-28T01:15:23: 读取文件成功
2017-05-28T01:16:23: 读取文件成功
2017-05-28T01:17:23: 读取文件成功
2017-05-28T01:18:23: 读取文件成功
2017-05-28T01:19:23: 读取文件成功
2017-05-28T01:20:23: 读取文件成功
2017-05-28T01:21:23: 读取文件成功
2017-05-28T01:22:23: 读取文件成功
2017-05-28T01:23:23: 读取文件成功
2017-05-28T01:24:23: 读取文件成功
2017-05-28T01:25:23: 读取文件成功
2017-05-28T01:26:23: 读取文件成功
2017-05-28T01:27:23: 读取文件成功
2017-05-28T01:28:23: 读取文件成功
2017-05-28T01:29:23: 读取文件成功
2017-05-28T01:30:23: 读取文件成功
2017-05-28T01:31:23: 读取文件成功
2017-05-28T01:32:23: 读取文件成功
2017-05-28T01:33:23: 读取文件成功
2017-05-28T01:34:23: 读取文件成功
2017-05-28T01:35:23: 读取文件成功
2017-05-28T01:36:23: 读取文件成功
2017-05-28T01:37:23: 读取文件成功
2017-05-28T01:38:23: 读取文件成功
2017-05-28T01:39:23: 读取文件成功
2017-05-28T01:40:23: 读取文件成功
2017-05-28T01:41:23: 读取文件成功
2017-05-28T01:42:23: 读取文件成功
2017-05-28T01:43:23: 读取文件成功
2017-05-28T01:44:23: 读取文件成功
2017-05-28T01:45:23: 读取文件成功
2017-05-28T01:46:23: 读取文件成功
2017-05-28T01:47:23: 读取文件成功
2017-05-28T01:48:23: 读取文件成功
2017-05-28T01:49:23: 读取文件成功
2017-05-28T01:50:23: 读取文件成功
2017-05-28T01:51:23: 读取文件成功
2017-05-28T01:52:23: 读取文件成功
2017-05-28T01:53:23: 读取文件成功
2017-05-28T01:54:23: 读取文件成功
2017-05-28T01:55:23: 读取文件成功
2017-05-28T01:56:23: 读取文件成功
2017-05-28T01:57:23: 读取文件成功
2017-05-28T01:58:23: 读取文件成功
2017-05-28T01:59:23: 读取文件成功
2017-05-28T02:00:23: 读取文件成功
2017-05-28T02:01:23: 读取文件成功
2017-05-28T02:02:23: 读取文件成功
2017-05-28T02:03:23: 读取文件成功
2017-05-28T02:04:23: 读取文件成功
2017-05-28T02:05:23: 读取文件成功
2017-05-28T02:06:23: 读取文件成功
2017-05-28T02:07:23: 读取文件成功
2017-05-28T02:08:23: 读取文件成功
2017-05-28T02:09:23: 读取文件成功
2017-05-28T02:10:23: 读取文件成功
2017-05-28T02:11:23: 读取文件成功
2017-05-28T02:12:23: 读取文件成功
2017-05-28T02:13:23: 读取文件成功
2017-05-28T02:14:23: 读取文件成功
2017-05-28T02:15:23: 读取文件成功
2017-05-28T02:16:23: 读取文件成功
2017-05-28T02:17:23: 读取文件成功
2017-05-28T02:18:23: 读取文件成功
2017-05-28T02:19:23: 读取文件成功
2017-05-28T02:20:23: 读取文件成功
2017-05-28T02:21:23: 读取文件成功
2017-05-28T02:22:23: 读取文件成功
2017-05-28T02:23:23: 读取文件成功
2017-05-28T02:24:23: 读取文件成功
2017-05-28T02:25:23: 读取文件成功
2017-05-28T02:26:23: 读取文件成功
2017-05-28T02:27:23: 读取文件成功
2017-05-28T02:28:23: 读取文件成功
2017-05-28T02:29:23: 读取文件成功
2017-05-28T02:30:23: 读取文件成功
2017-05-28T02:31:23: 读取文件成功
2017-05-28T02:32:23: 读取文件成功
2017-05-28T02:33:23: 读取文件成功
2017-05-28T02:34:23: 读取文件成功
2017-05-28T02:35:23: 读取文件成功
2017-05-28T02:36:23: 读取文件成功
2017-05-28T02:37:23: 读取文件成功
2017-05-28T02:38:23: 读取文件成功
2017-05-28T02:39:23: 读取文件成功
2017-05-28T02:40:24: 读取文件成功
2017-05-28T02:41:23: 读取文件成功
2017-05-28T02:42:23: 读取文件成功
2017-05-28T02:43:23: 读取文件成功
2017-05-28T02:44:23: 读取文件成功
2017-05-28T02:45:23: 读取文件成功
2017-05-28T02:46:24: 读取文件成功
2017-05-28T02:47:23: 读取文件成功
2017-05-28T02:48:24: 读取文件成功
2017-05-28T02:49:23: 读取文件成功
2017-05-28T02:50:24: 读取文件成功
2017-05-28T02:51:23: 读取文件成功
2017-05-28T02:52:24: 读取文件成功
2017-05-28T02:53:24: 读取文件成功
2017-05-28T02:54:24: 读取文件成功
2017-05-28T02:55:24: 读取文件成功
2017-05-28T02:56:24: 读取文件成功
2017-05-28T02:57:24: 读取文件成功
2017-05-28T02:58:24: 读取文件成功
2017-05-28T02:59:24: 读取文件成功
2017-05-28T03:00:24: 读取文件成功
2017-05-28T03:01:25: 读取文件成功
2017-05-28T03:02:24: 读取文件成功
2017-05-28T03:03:25: 读取文件成功
2017-05-28T03:04:24: 读取文件成功
2017-05-28T03:05:24: 读取文件成功
2017-05-28T03:06:24: 读取文件成功
2017-05-28T03:07:24: 读取文件成功
2017-05-28T03:08:24: 读取文件成功
2017-05-28T03:09:30: 读取文件成功
2017-05-28T03:10:24: 读取文件成功
2017-05-28T03:11:24: 读取文件成功
2017-05-28T03:12:25: 读取文件成功
2017-05-28T03:13:24: 读取文件成功
2017-05-28T03:14:24: 读取文件成功
2017-05-28T03:15:24: 读取文件成功
2017-05-28T03:16:24: 读取文件成功
2017-05-28T03:17:24: 读取文件成功
2017-05-28T03:18:24: 读取文件成功
2017-05-28T03:19:24: 读取文件成功
2017-05-28T03:20:24: 读取文件成功
2017-05-28T03:21:24: 读取文件成功
2017-05-28T03:22:24: 读取文件成功
2017-05-28T03:23:24: 读取文件成功
2017-05-28T03:24:24: 读取文件成功
2017-05-28T03:25:24: 读取文件成功
2017-05-28T03:26:24: 读取文件成功
2017-05-28T03:27:24: 读取文件成功
2017-05-28T03:28:24: 读取文件成功
2017-05-28T03:29:24: 读取文件成功
2017-05-28T03:30:24: 读取文件成功
2017-05-28T03:31:24: 读取文件成功
2017-05-28T03:32:24: 读取文件成功
2017-05-28T03:33:24: 读取文件成功
2017-05-28T03:34:24: 读取文件成功
2017-05-28T03:35:24: 读取文件成功
2017-05-28T03:36:24: 读取文件成功
2017-05-28T03:37:24: 读取文件成功
2017-05-28T03:38:24: 读取文件成功
2017-05-28T03:39:24: 读取文件成功
2017-05-28T03:40:24: 读取文件成功
2017-05-28T03:41:24: 读取文件成功
2017-05-28T03:42:24: 读取文件成功
2017-05-28T03:43:24: 读取文件成功
2017-05-28T03:44:24: 读取文件成功
2017-05-28T03:45:24: 读取文件成功
2017-05-28T03:46:24: 读取文件成功
2017-05-28T03:47:24: 读取文件成功
2017-05-28T03:48:24: 读取文件成功
2017-05-28T03:49:24: 读取文件成功
2017-05-28T03:50:24: 读取文件成功
2017-05-28T03:51:24: 读取文件成功
2017-05-28T03:52:24: 读取文件成功
2017-05-28T03:53:24: 读取文件成功
2017-05-28T03:54:24: 读取文件成功
2017-05-28T03:55:24: 读取文件成功
2017-05-28T03:56:24: 读取文件成功
2017-05-28T03:57:24: 读取文件成功
2017-05-28T03:58:24: 读取文件成功
2017-05-28T03:59:24: 读取文件成功
2017-05-28T04:00:24: 读取文件成功
2017-05-28T04:01:24: 读取文件成功
2017-05-28T04:02:24: 读取文件成功
2017-05-28T04:03:24: 读取文件成功
2017-05-28T04:04:24: 读取文件成功
2017-05-28T04:05:24: 读取文件成功
2017-05-28T04:06:24: 读取文件成功
2017-05-28T04:07:24: 读取文件成功
2017-05-28T04:08:24: 读取文件成功
2017-05-28T04:09:24: 读取文件成功
2017-05-28T04:10:24: 读取文件成功
2017-05-28T04:11:24: 读取文件成功
2017-05-28T04:12:24: 读取文件成功
2017-05-28T04:13:24: 读取文件成功
2017-05-28T04:14:24: 读取文件成功
2017-05-28T04:15:24: 读取文件成功
2017-05-28T04:16:24: 读取文件成功
2017-05-28T04:17:24: 读取文件成功
2017-05-28T04:18:24: 读取文件成功
2017-05-28T04:19:24: 读取文件成功
2017-05-28T04:20:24: 读取文件成功
2017-05-28T04:21:24: 读取文件成功
2017-05-28T04:22:24: 读取文件成功
2017-05-28T04:23:24: 读取文件成功
2017-05-28T04:24:24: 读取文件成功
2017-05-28T04:25:24: 读取文件成功
2017-05-28T04:26:24: 读取文件成功
2017-05-28T04:27:24: 读取文件成功
2017-05-28T04:28:24: 读取文件成功
2017-05-28T04:29:24: 读取文件成功
2017-05-28T04:30:24: 读取文件成功
2017-05-28T04:31:24: 读取文件成功
2017-05-28T04:32:24: 读取文件成功
2017-05-28T04:33:25: 读取文件成功
2017-05-28T04:34:24: 读取文件成功
2017-05-28T04:35:24: 读取文件成功
2017-05-28T04:36:24: 读取文件成功
2017-05-28T04:37:24: 读取文件成功
2017-05-28T04:38:24: 读取文件成功
2017-05-28T04:39:25: 读取文件成功
2017-05-28T04:40:25: 读取文件成功
2017-05-28T04:41:25: 读取文件成功
2017-05-28T04:42:25: 读取文件成功
2017-05-28T04:43:25: 读取文件成功
2017-05-28T04:44:25: 读取文件成功
2017-05-28T04:45:25: 读取文件成功
2017-05-28T04:46:25: 读取文件成功
2017-05-28T04:47:25: 读取文件成功
2017-05-28T04:48:25: 读取文件成功
2017-05-28T04:49:25: 读取文件成功
2017-05-28T04:50:25: 读取文件成功
2017-05-28T04:51:30: 读取文件成功
2017-05-28T04:52:25: 读取文件成功
2017-05-28T04:53:25: 读取文件成功
2017-05-28T04:54:25: 读取文件成功
2017-05-28T04:55:25: 读取文件成功
2017-05-28T04:56:25: 读取文件成功
2017-05-28T04:57:25: 读取文件成功
2017-05-28T04:58:25: 读取文件成功
2017-05-28T04:59:25: 读取文件成功
2017-05-28T05:00:25: 读取文件成功
2017-05-28T05:01:25: 读取文件成功
2017-05-28T05:02:25: 读取文件成功
2017-05-28T05:03:25: 读取文件成功
2017-05-28T05:04:25: 读取文件成功
2017-05-28T05:05:25: 读取文件成功
2017-05-28T05:06:25: 读取文件成功
2017-05-28T05:07:25: 读取文件成功
2017-05-28T05:08:25: 读取文件成功
2017-05-28T05:09:25: 读取文件成功
2017-05-28T05:10:25: 读取文件成功
2017-05-28T05:11:25: 读取文件成功
2017-05-28T05:12:25: 读取文件成功
2017-05-28T05:13:25: 读取文件成功
2017-05-28T05:14:25: 读取文件成功
2017-05-28T05:15:25: 读取文件成功
2017-05-28T05:16:25: 读取文件成功
2017-05-28T05:17:25: 读取文件成功
2017-05-28T05:18:25: 读取文件成功
2017-05-28T05:19:25: 读取文件成功
2017-05-28T05:20:25: 读取文件成功
2017-05-28T05:21:25: 读取文件成功
2017-05-28T05:22:25: 读取文件成功
2017-05-28T05:23:25: 读取文件成功
2017-05-28T05:24:25: 读取文件成功
2017-05-28T05:25:25: 读取文件成功
2017-05-28T05:26:25: 读取文件成功
2017-05-28T05:27:25: 读取文件成功
2017-05-28T05:28:25: 读取文件成功
2017-05-28T05:29:25: 读取文件成功
2017-05-28T05:30:25: 读取文件成功
2017-05-28T05:31:25: 读取文件成功
2017-05-28T05:32:25: 读取文件成功
2017-05-28T05:33:25: 读取文件成功
2017-05-28T05:34:25: 读取文件成功
2017-05-28T05:35:25: 读取文件成功
2017-05-28T05:36:25: 读取文件成功
2017-05-28T05:37:25: 读取文件成功
2017-05-28T05:38:25: 读取文件成功
2017-05-28T05:39:25: 读取文件成功
2017-05-28T05:40:25: 读取文件成功
2017-05-28T05:41:25: 读取文件成功
2017-05-28T05:42:25: 读取文件成功
2017-05-28T05:43:25: 读取文件成功
2017-05-28T05:44:25: 读取文件成功
2017-05-28T05:45:25: 读取文件成功
2017-05-28T05:46:25: 读取文件成功
2017-05-28T05:47:25: 读取文件成功
2017-05-28T05:48:25: 读取文件成功
2017-05-28T05:49:25: 读取文件成功
2017-05-28T05:50:25: 读取文件成功
2017-05-28T05:51:25: 读取文件成功
2017-05-28T05:52:25: 读取文件成功
2017-05-28T05:53:25: 读取文件成功
2017-05-28T05:54:25: 读取文件成功
2017-05-28T05:55:25: 读取文件成功
2017-05-28T05:56:25: 读取文件成功
2017-05-28T05:57:25: 读取文件成功
2017-05-28T05:58:25: 读取文件成功
2017-05-28T05:59:25: 读取文件成功
2017-05-28T06:00:25: 读取文件成功
2017-05-28T06:01:25: 读取文件成功
2017-05-28T06:02:25: 读取文件成功
2017-05-28T06:03:25: 读取文件成功
2017-05-28T06:04:25: 读取文件成功
2017-05-28T06:05:25: 读取文件成功
2017-05-28T06:06:25: 读取文件成功
2017-05-28T06:07:25: 读取文件成功
2017-05-28T06:08:26: 读取文件成功
2017-05-28T06:09:25: 读取文件成功
2017-05-28T06:10:25: 读取文件成功
2017-05-28T06:11:26: 读取文件成功
2017-05-28T06:12:25: 读取文件成功
2017-05-28T06:13:25: 读取文件成功
2017-05-28T06:14:26: 读取文件成功
2017-05-28T06:15:25: 读取文件成功
2017-05-28T06:16:25: 读取文件成功
2017-05-28T06:17:25: 读取文件成功
2017-05-28T06:18:25: 读取文件成功
2017-05-28T06:19:25: 读取文件成功
2017-05-28T06:20:26: 读取文件成功
2017-05-28T06:21:26: 读取文件成功
2017-05-28T06:22:26: 读取文件成功
2017-05-28T06:23:26: 读取文件成功
2017-05-28T06:24:26: 读取文件成功
2017-05-28T06:25:26: 读取文件成功
2017-05-28T06:26:26: 读取文件成功
2017-05-28T06:27:26: 读取文件成功
2017-05-28T06:28:26: 读取文件成功
2017-05-28T06:29:26: 读取文件成功
2017-05-28T06:30:26: 读取文件成功
2017-05-28T06:31:26: 读取文件成功
2017-05-28T06:32:26: 读取文件成功
2017-05-28T06:33:26: 读取文件成功
2017-05-28T06:34:26: 读取文件成功
2017-05-28T06:35:26: 读取文件成功
2017-05-28T06:36:26: 读取文件成功
2017-05-28T06:37:26: 读取文件成功
2017-05-28T06:38:26: 读取文件成功
2017-05-28T06:39:26: 读取文件成功
2017-05-28T06:40:26: 读取文件成功
2017-05-28T06:41:26: 读取文件成功
2017-05-28T06:42:26: 读取文件成功
2017-05-28T06:43:26: 读取文件成功
2017-05-28T06:44:26: 读取文件成功
2017-05-28T06:45:26: 读取文件成功
2017-05-28T06:46:26: 读取文件成功
2017-05-28T06:47:26: 读取文件成功
2017-05-28T06:48:26: 读取文件成功
2017-05-28T06:49:26: 读取文件成功
2017-05-28T06:50:26: 读取文件成功
2017-05-28T06:51:26: 读取文件成功
2017-05-28T06:52:26: 读取文件成功
2017-05-28T06:53:26: 读取文件成功
2017-05-28T06:54:26: 读取文件成功
2017-05-28T06:55:26: 读取文件成功
2017-05-28T06:56:26: 读取文件成功
2017-05-28T06:57:26: 读取文件成功
2017-05-28T06:58:26: 读取文件成功
2017-05-28T06:59:26: 读取文件成功
2017-05-28T07:00:26: 读取文件成功
2017-05-28T07:01:26: 读取文件成功
2017-05-28T07:02:26: 读取文件成功
2017-05-28T07:03:26: 读取文件成功
2017-05-28T07:04:26: 读取文件成功
2017-05-28T07:05:26: 读取文件成功
2017-05-28T07:06:26: 读取文件成功
2017-05-28T07:07:26: 读取文件成功
2017-05-28T07:08:27: 读取文件成功
2017-05-28T07:09:26: 读取文件成功
2017-05-28T07:10:26: 读取文件成功
2017-05-28T07:11:26: 读取文件成功
2017-05-28T07:12:26: 读取文件成功
2017-05-28T07:13:26: 读取文件成功
2017-05-28T07:14:26: 读取文件成功
2017-05-28T07:15:26: 读取文件成功
2017-05-28T07:16:26: 读取文件成功
2017-05-28T07:17:26: 读取文件成功
2017-05-28T07:18:26: 读取文件成功
2017-05-28T07:19:26: 读取文件成功
2017-05-28T07:20:26: 读取文件成功
2017-05-28T07:21:26: 读取文件成功
2017-05-28T07:22:26: 读取文件成功
2017-05-28T07:23:26: 读取文件成功
2017-05-28T07:24:26: 读取文件成功
2017-05-28T07:25:26: 读取文件成功
2017-05-28T07:26:26: 读取文件成功
2017-05-28T07:27:26: 读取文件成功
2017-05-28T07:28:26: 读取文件成功
2017-05-28T07:29:26: 读取文件成功
2017-05-28T07:30:26: 读取文件成功
2017-05-28T07:31:26: 读取文件成功
2017-05-28T07:32:26: 读取文件成功
2017-05-28T07:33:26: 读取文件成功
2017-05-28T07:34:26: 读取文件成功
2017-05-28T07:35:26: 读取文件成功
2017-05-28T07:36:26: 读取文件成功
2017-05-28T07:37:26: 读取文件成功
2017-05-28T07:38:26: 读取文件成功
2017-05-28T07:39:26: 读取文件成功
2017-05-28T07:40:26: 读取文件成功
2017-05-28T07:41:26: 读取文件成功
2017-05-28T07:42:26: 读取文件成功
2017-05-28T07:43:26: 读取文件成功
2017-05-28T07:44:26: 读取文件成功
2017-05-28T07:45:26: 读取文件成功
2017-05-28T07:46:26: 读取文件成功
2017-05-28T07:47:26: 读取文件成功
2017-05-28T07:48:26: 读取文件成功
2017-05-28T07:49:26: 读取文件成功
2017-05-28T07:50:27: 读取文件成功
2017-05-28T07:51:26: 读取文件成功
2017-05-28T07:52:26: 读取文件成功
2017-05-28T07:53:26: 读取文件成功
2017-05-28T07:54:26: 读取文件成功
2017-05-28T07:55:26: 读取文件成功
2017-05-28T07:56:27: 读取文件成功
2017-05-28T07:57:26: 读取文件成功
2017-05-28T07:58:26: 读取文件成功
2017-05-28T07:59:27: 读取文件成功
2017-05-28T08:00:26: 读取文件成功
2017-05-28T08:01:26: 读取文件成功
2017-05-28T08:02:27: 读取文件成功
2017-05-28T08:03:26: 读取文件成功
2017-05-28T08:04:26: 读取文件成功
2017-05-28T08:05:27: 读取文件成功
2017-05-28T08:06:26: 读取文件成功
2017-05-28T08:07:27: 读取文件成功
2017-05-28T08:08:27: 读取文件成功
2017-05-28T08:09:27: 读取文件成功
2017-05-28T08:10:27: 读取文件成功
2017-05-28T08:11:27: 读取文件成功
2017-05-28T08:12:27: 读取文件成功
2017-05-28T08:13:27: 读取文件成功
2017-05-28T08:14:27: 读取文件成功
2017-05-28T08:15:27: 读取文件成功
2017-05-28T08:16:27: 读取文件成功
2017-05-28T08:17:27: 读取文件成功
2017-05-28T08:18:27: 读取文件成功
2017-05-28T08:19:27: 读取文件成功
2017-05-28T08:20:27: 读取文件成功
2017-05-28T08:21:27: 读取文件成功
2017-05-28T08:22:27: 读取文件成功
2017-05-28T08:23:27: 读取文件成功
2017-05-28T08:24:27: 读取文件成功
2017-05-28T08:25:27: 读取文件成功
2017-05-28T08:26:29: 读取文件成功
2017-05-28T08:27:28: 读取文件成功
2017-05-28T08:28:27: 读取文件成功
2017-05-28T08:29:27: 读取文件成功
2017-05-28T08:30:27: 读取文件成功
2017-05-28T08:31:27: 读取文件成功
2017-05-28T08:32:27: 读取文件成功
2017-05-28T08:33:27: 读取文件成功
2017-05-28T08:34:27: 读取文件成功
2017-05-28T08:35:27: 读取文件成功
2017-05-28T08:36:27: 读取文件成功
2017-05-28T08:37:27: 读取文件成功
2017-05-28T08:38:27: 读取文件成功
2017-05-28T08:39:27: 读取文件成功
2017-05-28T08:40:27: 读取文件成功
2017-05-28T08:41:27: 读取文件成功
2017-05-28T08:42:27: 读取文件成功
2017-05-28T08:43:27: 读取文件成功
2017-05-28T08:44:27: 读取文件成功
2017-05-28T08:45:27: 读取文件成功
2017-05-28T08:46:27: 读取文件成功
2017-05-28T08:47:27: 读取文件成功
2017-05-28T08:48:27: 读取文件成功
2017-05-28T08:49:27: 读取文件成功
2017-05-28T08:50:27: 读取文件成功
2017-05-28T08:51:27: 读取文件成功
2017-05-28T08:52:27: 读取文件成功
2017-05-28T08:53:27: 读取文件成功
2017-05-28T08:54:27: 读取文件成功
2017-05-28T08:55:27: 读取文件成功
2017-05-28T08:56:27: 读取文件成功
2017-05-28T08:57:27: 读取文件成功
2017-05-28T08:58:27: 读取文件成功
2017-05-28T08:59:27: 读取文件成功
2017-05-28T09:00:27: 读取文件成功
2017-05-28T09:01:27: 读取文件成功
2017-05-28T09:02:27: 读取文件成功
2017-05-28T09:03:27: 读取文件成功
2017-05-28T09:04:27: 读取文件成功
2017-05-28T09:05:27: 读取文件成功
2017-05-28T09:06:27: 读取文件成功
2017-05-28T09:07:27: 读取文件成功
2017-05-28T09:08:28: 读取文件成功
2017-05-28T09:09:27: 读取文件成功
2017-05-28T09:10:27: 读取文件成功
2017-05-28T09:11:27: 读取文件成功
2017-05-28T09:12:27: 读取文件成功
2017-05-28T09:13:27: 读取文件成功
2017-05-28T09:14:29: 读取文件成功
2017-05-28T09:15:29: 读取文件成功
2017-05-28T09:16:27: 读取文件成功
2017-05-28T09:17:27: 读取文件成功
2017-05-28T09:18:27: 读取文件成功
2017-05-28T09:19:28: 读取文件成功
2017-05-28T09:20:28: 读取文件成功
2017-05-28T09:21:27: 读取文件成功
2017-05-28T09:22:27: 读取文件成功
2017-05-28T09:23:28: 读取文件成功
2017-05-28T09:24:27: 读取文件成功
2017-05-28T09:25:28: 读取文件成功
2017-05-28T09:26:28: 读取文件成功
2017-05-28T09:27:27: 读取文件成功
2017-05-28T09:28:28: 读取文件成功
2017-05-28T09:29:27: 读取文件成功
2017-05-28T09:30:28: 读取文件成功
2017-05-28T09:31:32: 读取文件成功
2017-05-28T09:32:28: 读取文件成功
2017-05-28T09:33:27: 读取文件成功
2017-05-28T09:34:28: 读取文件成功
2017-05-28T09:35:27: 读取文件成功
2017-05-28T09:36:27: 读取文件成功
2017-05-28T09:37:28: 读取文件成功
2017-05-28T09:38:27: 读取文件成功
2017-05-28T09:39:27: 读取文件成功
2017-05-28T09:40:28: 读取文件成功
2017-05-28T09:41:28: 读取文件成功
2017-05-28T09:42:27: 读取文件成功
2017-05-28T09:43:28: 读取文件成功
2017-05-28T09:44:28: 读取文件成功
2017-05-28T09:45:28: 读取文件成功
2017-05-28T09:46:28: 读取文件成功
2017-05-28T09:47:28: 读取文件成功
2017-05-28T09:48:28: 读取文件成功
2017-05-28T09:49:28: 读取文件成功
2017-05-28T09:50:27: 读取文件成功
2017-05-28T09:51:28: 读取文件成功
2017-05-28T09:52:28: 读取文件成功
2017-05-28T09:53:28: 读取文件成功
2017-05-28T09:54:28: 读取文件成功
2017-05-28T09:55:28: 读取文件成功
2017-05-28T09:56:28: 读取文件成功
2017-05-28T09:57:28: 读取文件成功
2017-05-28T09:58:28: 读取文件成功
2017-05-28T09:59:28: 读取文件成功
2017-05-28T10:00:28: 读取文件成功
2017-05-28T10:01:28: 读取文件成功
2017-05-28T10:02:28: 读取文件成功
2017-05-28T10:03:28: 读取文件成功
2017-05-28T10:04:28: 读取文件成功
2017-05-28T10:05:30: 读取文件成功
2017-05-28T10:06:28: 读取文件成功
2017-05-28T10:07:28: 读取文件成功
2017-05-28T10:08:28: 读取文件成功
2017-05-28T10:09:28: 读取文件成功
2017-05-28T10:10:28: 读取文件成功
2017-05-28T10:11:28: 读取文件成功
2017-05-28T10:12:28: 读取文件成功
2017-05-28T10:13:28: 读取文件成功
2017-05-28T10:14:28: 读取文件成功
2017-05-28T10:15:28: 读取文件成功
2017-05-28T10:16:28: 读取文件成功
2017-05-28T10:17:28: 读取文件成功
2017-05-28T10:18:28: 读取文件成功
2017-05-28T10:19:28: 读取文件成功
2017-05-28T10:20:28: 读取文件成功
2017-05-28T10:21:28: 读取文件成功
2017-05-28T10:22:28: 读取文件成功
2017-05-28T10:23:28: 读取文件成功
2017-05-28T10:24:28: 读取文件成功
2017-05-28T10:25:28: 读取文件成功
2017-05-28T10:26:28: 读取文件成功
2017-05-28T10:27:28: 读取文件成功
2017-05-28T10:28:28: 读取文件成功
2017-05-28T10:29:28: 读取文件成功
2017-05-28T10:30:28: 读取文件成功
2017-05-28T10:31:28: 读取文件成功
2017-05-28T10:32:28: 读取文件成功
2017-05-28T10:33:28: 读取文件成功
2017-05-28T10:34:28: 读取文件成功
2017-05-28T10:35:28: 读取文件成功
2017-05-28T10:36:28: 读取文件成功
2017-05-28T10:37:28: 读取文件成功
2017-05-28T10:38:28: 读取文件成功
2017-05-28T10:39:28: 读取文件成功
2017-05-28T10:40:28: 读取文件成功
2017-05-28T10:41:28: 读取文件成功
2017-05-28T10:42:28: 读取文件成功
2017-05-28T10:43:28: 读取文件成功
2017-05-28T10:44:28: 读取文件成功
2017-05-28T10:45:28: 读取文件成功
2017-05-28T10:46:28: 读取文件成功
2017-05-28T10:47:28: 读取文件成功
2017-05-28T10:48:28: 读取文件成功
2017-05-28T10:49:28: 读取文件成功
2017-05-28T10:50:28: 读取文件成功
2017-05-28T10:51:28: 读取文件成功
2017-05-28T10:52:28: 读取文件成功
2017-05-28T10:53:28: 读取文件成功
2017-05-28T10:54:30: 读取文件成功
2017-05-28T10:55:28: 读取文件成功
2017-05-28T10:56:28: 读取文件成功
2017-05-28T10:57:28: 读取文件成功
2017-05-28T10:58:28: 读取文件成功
2017-05-28T10:59:28: 读取文件成功
2017-05-28T11:00:28: 读取文件成功
2017-05-28T11:01:28: 读取文件成功
2017-05-28T11:02:28: 读取文件成功
2017-05-28T11:03:28: 读取文件成功
2017-05-28T11:04:28: 读取文件成功
2017-05-28T11:05:28: 读取文件成功
2017-05-28T11:06:28: 读取文件成功
2017-05-28T11:07:28: 读取文件成功
2017-05-28T11:08:28: 读取文件成功
2017-05-28T11:09:29: 读取文件成功
2017-05-28T11:10:29: 读取文件成功
2017-05-28T11:11:29: 读取文件成功
2017-05-28T11:12:29: 读取文件成功
2017-05-28T11:13:29: 读取文件成功
2017-05-28T11:14:28: 读取文件成功
2017-05-28T11:15:29: 读取文件成功
2017-05-28T11:16:28: 读取文件成功
2017-05-28T11:17:29: 读取文件成功
2017-05-28T11:18:29: 读取文件成功
2017-05-28T11:19:28: 读取文件成功
2017-05-28T11:20:28: 读取文件成功
2017-05-28T11:21:28: 读取文件成功
2017-05-28T11:22:28: 读取文件成功
2017-05-28T11:23:28: 读取文件成功
2017-05-28T11:24:29: 读取文件成功
2017-05-28T11:25:28: 读取文件成功
2017-05-28T11:26:29: 读取文件成功
2017-05-28T11:27:28: 读取文件成功
2017-05-28T11:28:28: 读取文件成功
2017-05-28T11:29:30: 读取文件成功
2017-05-28T11:30:28: 读取文件成功
2017-05-28T11:31:29: 读取文件成功
2017-05-28T11:32:29: 读取文件成功
2017-05-28T11:33:29: 读取文件成功
2017-05-28T11:34:28: 读取文件成功
2017-05-28T11:35:29: 读取文件成功
2017-05-28T11:36:29: 读取文件成功
2017-05-28T11:37:28: 读取文件成功
2017-05-28T11:38:30: 读取文件成功
2017-05-28T11:39:29: 读取文件成功
2017-05-28T11:40:29: 读取文件成功
2017-05-28T11:41:29: 读取文件成功
2017-05-28T11:42:29: 读取文件成功
2017-05-28T11:43:29: 读取文件成功
2017-05-28T11:44:29: 读取文件成功
2017-05-28T11:45:29: 读取文件成功
2017-05-28T11:46:34: 读取文件成功
2017-05-28T11:47:30: 读取文件成功
2017-05-28T11:48:29: 读取文件成功
2017-05-28T11:49:29: 读取文件成功
2017-05-28T11:50:29: 读取文件成功
2017-05-28T11:51:29: 读取文件成功
2017-05-28T11:52:29: 读取文件成功
2017-05-28T11:53:29: 读取文件成功
2017-05-28T11:54:29: 读取文件成功
2017-05-28T11:55:29: 读取文件成功
2017-05-28T11:56:29: 读取文件成功
2017-05-28T11:57:29: 读取文件成功
2017-05-28T11:58:29: 读取文件成功
2017-05-28T11:59:30: 读取文件成功
2017-05-28T12:00:29: 读取文件成功
2017-05-28T12:01:29: 读取文件成功
2017-05-28T12:02:30: 读取文件成功
2017-05-28T12:03:29: 读取文件成功
2017-05-28T12:04:31: 读取文件成功
2017-05-28T12:05:29: 读取文件成功
2017-05-28T12:06:29: 读取文件成功
2017-05-28T12:07:29: 读取文件成功
2017-05-28T12:08:30: 读取文件成功
2017-05-28T12:09:29: 读取文件成功
2017-05-28T12:10:29: 读取文件成功
2017-05-28T12:11:29: 读取文件成功
2017-05-28T12:12:29: 读取文件成功
2017-05-28T12:13:30: 读取文件成功
2017-05-28T12:14:30: 读取文件成功
2017-05-28T12:15:29: 读取文件成功
2017-05-28T12:16:31: 读取文件成功
2017-05-28T12:17:35: 读取文件成功
2017-05-28T12:18:29: 读取文件成功
2017-05-28T12:19:29: 读取文件成功
2017-05-28T12:20:29: 读取文件成功
2017-05-28T12:21:30: 读取文件成功
2017-05-28T12:22:30: 读取文件成功
2017-05-28T12:23:29: 读取文件成功
2017-05-28T12:24:29: 读取文件成功
2017-05-28T12:25:29: 读取文件成功
2017-05-28T12:26:29: 读取文件成功
2017-05-28T12:27:29: 读取文件成功
2017-05-28T12:28:31: 读取文件成功
2017-05-28T12:29:29: 读取文件成功
2017-05-28T12:30:30: 读取文件成功
2017-05-28T12:31:30: 读取文件成功
2017-05-28T12:32:29: 读取文件成功
2017-05-28T12:33:29: 读取文件成功
2017-05-28T12:34:30: 读取文件成功
2017-05-28T12:35:29: 读取文件成功
2017-05-28T12:36:29: 读取文件成功
2017-05-28T12:37:29: 读取文件成功
2017-05-28T12:38:29: 读取文件成功
2017-05-28T12:39:29: 读取文件成功
2017-05-28T12:40:30: 读取文件成功
2017-05-28T12:41:29: 读取文件成功
2017-05-28T12:42:29: 读取文件成功
2017-05-28T12:43:30: 读取文件成功
2017-05-28T12:44:29: 读取文件成功
2017-05-28T12:45:30: 读取文件成功
2017-05-28T12:46:30: 读取文件成功
2017-05-28T12:47:31: 读取文件成功
2017-05-28T12:48:33: 读取文件成功
2017-05-28T12:49:29: 读取文件成功
2017-05-28T12:50:32: 读取文件成功
2017-05-28T12:51:29: 读取文件成功
2017-05-28T12:52:30: 读取文件成功
2017-05-28T12:53:30: 读取文件成功
2017-05-28T12:54:29: 读取文件成功
2017-05-28T12:55:34: 读取文件成功
2017-05-28T12:56:30: 读取文件成功
2017-05-28T12:57:29: 读取文件成功
2017-05-28T12:58:30: 读取文件成功
2017-05-28T12:59:29: 读取文件成功
2017-05-28T13:00:29: 读取文件成功
2017-05-28T13:01:29: 读取文件成功
2017-05-28T13:02:29: 读取文件成功
2017-05-28T13:03:29: 读取文件成功
2017-05-28T13:04:29: 读取文件成功
2017-05-28T13:05:30: 读取文件成功
2017-05-28T13:06:29: 读取文件成功
2017-05-28T13:07:34: 读取文件成功
2017-05-28T13:08:29: 读取文件成功
2017-05-28T13:09:29: 读取文件成功
2017-05-28T13:10:29: 读取文件成功
2017-05-28T13:11:29: 读取文件成功
2017-05-28T13:12:29: 读取文件成功
2017-05-28T13:13:29: 读取文件成功
2017-05-28T13:14:29: 读取文件成功
2017-05-28T13:15:30: 读取文件成功
2017-05-28T13:16:30: 读取文件成功
2017-05-28T13:17:29: 读取文件成功
2017-05-28T13:18:30: 读取文件成功
2017-05-28T13:19:30: 读取文件成功
2017-05-28T13:20:30: 读取文件成功
2017-05-28T13:21:30: 读取文件成功
2017-05-28T13:22:30: 读取文件成功
2017-05-28T13:23:30: 读取文件成功
2017-05-28T13:24:29: 读取文件成功
2017-05-28T13:25:29: 读取文件成功
2017-05-28T13:26:30: 读取文件成功
2017-05-28T13:27:29: 读取文件成功
2017-05-28T13:28:30: 读取文件成功
2017-05-28T13:29:45: 读取文件成功
2017-05-28T13:30:30: 读取文件成功
2017-05-28T13:31:30: 读取文件成功
2017-05-28T13:32:30: 读取文件成功
2017-05-28T13:33:30: 读取文件成功
2017-05-28T13:34:30: 读取文件成功
2017-05-28T13:35:30: 读取文件成功
2017-05-28T13:36:35: 读取文件成功
2017-05-28T13:37:30: 读取文件成功
2017-05-28T13:38:30: 读取文件成功
2017-05-28T13:39:30: 读取文件成功
2017-05-28T13:40:30: 读取文件成功
2017-05-28T13:41:30: 读取文件成功
2017-05-28T13:42:30: 读取文件成功
2017-05-28T13:43:30: 读取文件成功
2017-05-28T13:44:30: 读取文件成功
2017-05-28T13:45:30: 读取文件成功
2017-05-28T13:46:30: 读取文件成功
2017-05-28T13:47:30: 读取文件成功
2017-05-28T13:48:30: 读取文件成功
2017-05-28T13:49:30: 读取文件成功
2017-05-28T13:50:30: 读取文件成功
2017-05-28T13:51:30: 读取文件成功
2017-05-28T13:52:30: 读取文件成功
2017-05-28T13:53:30: 读取文件成功
2017-05-28T13:54:30: 读取文件成功
2017-05-28T13:55:30: 读取文件成功
2017-05-28T13:56:30: 读取文件成功
2017-05-28T13:57:30: 读取文件成功
2017-05-28T13:58:30: 读取文件成功
2017-05-28T13:59:30: 读取文件成功
2017-05-28T14:00:30: 读取文件成功
2017-05-28T14:01:30: 读取文件成功
2017-05-28T14:02:30: 读取文件成功
2017-05-28T14:03:30: 读取文件成功
2017-05-28T14:04:30: 读取文件成功
2017-05-28T14:05:30: 读取文件成功
2017-05-28T14:06:30: 读取文件成功
2017-05-28T14:07:30: 读取文件成功
2017-05-28T14:08:30: 读取文件成功
2017-05-28T14:09:30: 读取文件成功
2017-05-28T14:10:30: 读取文件成功
2017-05-28T14:11:30: 读取文件成功
2017-05-28T14:12:30: 读取文件成功
2017-05-28T14:13:30: 读取文件成功
2017-05-28T14:14:30: 读取文件成功
2017-05-28T14:15:30: 读取文件成功
2017-05-28T14:16:30: 读取文件成功
2017-05-28T14:17:30: 读取文件成功
2017-05-28T14:18:30: 读取文件成功
2017-05-28T14:19:30: 读取文件成功
2017-05-28T14:20:30: 读取文件成功
2017-05-28T14:21:30: 读取文件成功
2017-05-28T14:22:30: 读取文件成功
2017-05-28T14:23:30: 读取文件成功
2017-05-28T14:24:30: 读取文件成功
2017-05-28T14:25:30: 读取文件成功
2017-05-28T14:26:30: 读取文件成功
2017-05-28T14:27:30: 读取文件成功
2017-05-28T14:28:35: 读取文件成功
2017-05-28T14:29:30: 读取文件成功
2017-05-28T14:30:30: 读取文件成功
2017-05-28T14:31:30: 读取文件成功
2017-05-28T14:32:30: 读取文件成功
2017-05-28T14:33:30: 读取文件成功
2017-05-28T14:34:30: 读取文件成功
2017-05-28T14:35:30: 读取文件成功
2017-05-28T14:36:30: 读取文件成功
2017-05-28T14:37:30: 读取文件成功
2017-05-28T14:38:30: 读取文件成功
2017-05-28T14:39:30: 读取文件成功
2017-05-28T14:40:30: 读取文件成功
2017-05-28T14:41:30: 读取文件成功
2017-05-28T14:42:30: 读取文件成功
2017-05-28T14:43:30: 读取文件成功
2017-05-28T14:44:30: 读取文件成功
2017-05-28T14:45:30: 读取文件成功
2017-05-28T14:46:30: 读取文件成功
2017-05-28T14:47:35: 读取文件成功
2017-05-28T14:48:30: 读取文件成功
2017-05-28T14:49:30: 读取文件成功
2017-05-28T14:50:30: 读取文件成功
2017-05-28T14:51:30: 读取文件成功
2017-05-28T14:52:30: 读取文件成功
2017-05-28T14:53:30: 读取文件成功
2017-05-28T14:54:30: 读取文件成功
2017-05-28T14:55:30: 读取文件成功
2017-05-28T14:56:30: 读取文件成功
2017-05-28T14:57:30: 读取文件成功
2017-05-28T14:58:30: 读取文件成功
2017-05-28T14:59:30: 读取文件成功
2017-05-28T15:00:30: 读取文件成功
2017-05-28T15:01:30: 读取文件成功
2017-05-28T15:02:30: 读取文件成功
2017-05-28T15:03:30: 读取文件成功
2017-05-28T15:04:31: 读取文件成功
2017-05-28T15:05:30: 读取文件成功
2017-05-28T15:06:30: 读取文件成功
2017-05-28T15:07:30: 读取文件成功
2017-05-28T15:08:30: 读取文件成功
2017-05-28T15:09:30: 读取文件成功
2017-05-28T15:10:31: 读取文件成功
2017-05-28T15:11:30: 读取文件成功
2017-05-28T15:12:31: 读取文件成功
2017-05-28T15:13:30: 读取文件成功
2017-05-28T15:14:31: 读取文件成功
2017-05-28T15:15:31: 读取文件成功
2017-05-28T15:16:31: 读取文件成功
2017-05-28T15:17:31: 读取文件成功
2017-05-28T15:18:31: 读取文件成功
2017-05-28T15:19:31: 读取文件成功
2017-05-28T15:20:31: 读取文件成功
2017-05-28T15:21:31: 读取文件成功
2017-05-28T15:22:31: 读取文件成功
2017-05-28T15:23:31: 读取文件成功
2017-05-28T15:24:31: 读取文件成功
2017-05-28T15:25:31: 读取文件成功
2017-05-28T15:26:31: 读取文件成功
2017-05-28T15:27:31: 读取文件成功
2017-05-28T15:28:31: 读取文件成功
2017-05-28T15:29:31: 读取文件成功
2017-05-28T15:30:31: 读取文件成功
2017-05-28T15:31:31: 读取文件成功
2017-05-28T15:32:31: 读取文件成功
2017-05-28T15:33:31: 读取文件成功
2017-05-28T15:34:31: 读取文件成功
2017-05-28T15:35:31: 读取文件成功
2017-05-28T15:36:31: 读取文件成功
2017-05-28T15:37:31: 读取文件成功
2017-05-28T15:38:31: 读取文件成功
2017-05-28T15:39:31: 读取文件成功
2017-05-28T15:40:31: 读取文件成功
2017-05-28T15:41:31: 读取文件成功
2017-05-28T15:42:31: 读取文件成功
2017-05-28T15:43:31: 读取文件成功
2017-05-28T15:44:31: 读取文件成功
2017-05-28T15:45:31: 读取文件成功
2017-05-28T15:46:31: 读取文件成功
2017-05-28T15:47:31: 读取文件成功
2017-05-28T15:48:31: 读取文件成功
2017-05-28T15:49:31: 读取文件成功
2017-05-28T15:50:31: 读取文件成功
2017-05-28T15:51:31: 读取文件成功
2017-05-28T15:52:31: 读取文件成功
2017-05-28T15:53:31: 读取文件成功
2017-05-28T15:54:31: 读取文件成功
2017-05-28T15:55:31: 读取文件成功
2017-05-28T15:56:31: 读取文件成功
2017-05-28T15:57:36: 读取文件成功
2017-05-28T15:58:31: 读取文件成功
2017-05-28T15:59:31: 读取文件成功
2017-05-28T16:00:31: 读取文件成功
2017-05-28T16:01:31: 读取文件成功
2017-05-28T16:02:31: 读取文件成功
2017-05-28T16:03:36: 读取文件成功
2017-05-28T16:04:31: 读取文件成功
2017-05-28T16:05:31: 读取文件成功
2017-05-28T16:06:31: 读取文件成功
2017-05-28T16:07:31: 读取文件成功
2017-05-28T16:08:31: 读取文件成功
2017-05-28T16:09:31: 读取文件成功
2017-05-28T16:10:31: 读取文件成功
2017-05-28T16:11:31: 读取文件成功
2017-05-28T16:12:31: 读取文件成功
2017-05-28T16:13:31: 读取文件成功
2017-05-28T16:14:31: 读取文件成功
2017-05-28T16:15:31: 读取文件成功
2017-05-28T16:16:31: 读取文件成功
2017-05-28T16:17:31: 读取文件成功
2017-05-28T16:18:31: 读取文件成功
2017-05-28T16:19:31: 读取文件成功
2017-05-28T16:20:31: 读取文件成功
2017-05-28T16:21:31: 读取文件成功
2017-05-28T16:22:31: 读取文件成功
2017-05-28T16:23:31: 读取文件成功
2017-05-28T16:24:31: 读取文件成功
2017-05-28T16:25:31: 读取文件成功
2017-05-28T16:26:31: 读取文件成功
2017-05-28T16:27:31: 读取文件成功
2017-05-28T16:28:31: 读取文件成功
2017-05-28T16:29:31: 读取文件成功
2017-05-28T16:30:31: 读取文件成功
2017-05-28T16:31:31: 读取文件成功
2017-05-28T16:32:31: 读取文件成功
2017-05-28T16:33:31: 读取文件成功
2017-05-28T16:34:31: 读取文件成功
2017-05-28T16:35:31: 读取文件成功
2017-05-28T16:36:31: 读取文件成功
2017-05-28T16:37:31: 读取文件成功
2017-05-28T16:38:31: 读取文件成功
2017-05-28T16:39:31: 读取文件成功
2017-05-28T16:40:31: 读取文件成功
2017-05-28T16:41:31: 读取文件成功
2017-05-28T16:42:31: 读取文件成功
2017-05-28T16:43:31: 读取文件成功
2017-05-28T16:44:31: 读取文件成功
2017-05-28T16:45:32: 读取文件成功
2017-05-28T16:46:32: 读取文件成功
2017-05-28T16:47:31: 读取文件成功
2017-05-28T16:48:31: 读取文件成功
2017-05-28T16:49:31: 读取文件成功
2017-05-28T16:50:31: 读取文件成功
2017-05-28T16:51:32: 读取文件成功
2017-05-28T16:52:31: 读取文件成功
2017-05-28T16:53:31: 读取文件成功
2017-05-28T16:55:31: 读取文件成功
2017-05-28T16:56:31: 读取文件成功
2017-05-28T16:57:32: 读取文件成功
2017-05-28T16:58:31: 读取文件成功
2017-05-28T16:59:31: 读取文件成功
2017-05-28T17:00:31: 读取文件成功
2017-05-28T17:01:31: 读取文件成功
2017-05-28T17:02:31: 读取文件成功
2017-05-28T17:03:32: 读取文件成功
2017-05-28T17:04:32: 读取文件成功
2017-05-28T17:05:32: 读取文件成功
2017-05-28T17:06:32: 读取文件成功
2017-05-28T17:07:32: 读取文件成功
2017-05-28T17:08:32: 读取文件成功
2017-05-28T17:09:32: 读取文件成功
2017-05-28T17:10:32: 读取文件成功
2017-05-28T17:11:32: 读取文件成功
2017-05-28T17:12:32: 读取文件成功
2017-05-28T17:13:32: 读取文件成功
2017-05-28T17:14:32: 读取文件成功
2017-05-28T17:15:32: 读取文件成功
2017-05-28T17:16:32: 读取文件成功
2017-05-28T17:17:32: 读取文件成功
2017-05-28T17:18:32: 读取文件成功
2017-05-28T17:19:32: 读取文件成功
2017-05-28T17:20:32: 读取文件成功
2017-05-28T17:21:32: 读取文件成功
2017-05-28T17:22:32: 读取文件成功
2017-05-28T17:23:32: 读取文件成功
2017-05-28T17:24:32: 读取文件成功
2017-05-28T17:25:32: 读取文件成功
2017-05-28T17:26:32: 读取文件成功
2017-05-28T17:27:32: 读取文件成功
2017-05-28T17:28:32: 读取文件成功
2017-05-28T17:29:32: 读取文件成功
2017-05-28T17:30:32: 读取文件成功
2017-05-28T17:31:32: 读取文件成功
2017-05-28T17:32:32: 读取文件成功
2017-05-28T17:33:32: 读取文件成功
2017-05-28T17:34:32: 读取文件成功
2017-05-28T17:35:32: 读取文件成功
2017-05-28T17:36:32: 读取文件成功
2017-05-28T17:37:32: 读取文件成功
2017-05-28T17:38:32: 读取文件成功
2017-05-28T17:39:32: 读取文件成功
2017-05-28T17:40:32: 读取文件成功
2017-05-28T17:41:32: 读取文件成功
2017-05-28T17:42:32: 读取文件成功
2017-05-28T17:43:32: 读取文件成功
2017-05-28T17:44:32: 读取文件成功
2017-05-28T17:45:32: 读取文件成功
2017-05-28T17:46:37: 读取文件成功
2017-05-28T17:47:32: 读取文件成功
2017-05-28T17:48:32: 读取文件成功
2017-05-28T17:49:32: 读取文件成功
2017-05-28T17:50:32: 读取文件成功
2017-05-28T17:51:32: 读取文件成功
2017-05-28T17:52:32: 读取文件成功
2017-05-28T17:53:32: 读取文件成功
2017-05-28T17:54:32: 读取文件成功
2017-05-28T17:55:32: 读取文件成功
2017-05-28T17:56:32: 读取文件成功
2017-05-28T17:57:32: 读取文件成功
2017-05-28T17:58:32: 读取文件成功
2017-05-28T17:59:32: 读取文件成功
2017-05-28T18:00:32: 读取文件成功
2017-05-28T18:01:32: 读取文件成功
2017-05-28T18:02:32: 读取文件成功
2017-05-28T18:03:32: 读取文件成功
2017-05-28T18:04:32: 读取文件成功
2017-05-28T18:05:37: 读取文件成功
2017-05-28T18:06:32: 读取文件成功
2017-05-28T18:07:32: 读取文件成功
2017-05-28T18:08:32: 读取文件成功
2017-05-28T18:09:32: 读取文件成功
2017-05-28T18:10:32: 读取文件成功
2017-05-28T18:11:32: 读取文件成功
2017-05-28T18:12:32: 读取文件成功
2017-05-28T18:13:32: 读取文件成功
2017-05-28T18:14:32: 读取文件成功
2017-05-28T18:15:32: 读取文件成功
2017-05-28T18:16:32: 读取文件成功
2017-05-28T18:17:32: 读取文件成功
2017-05-28T18:18:32: 读取文件成功
2017-05-28T18:19:32: 读取文件成功
2017-05-28T18:20:32: 读取文件成功
2017-05-28T18:21:32: 读取文件成功
2017-05-28T18:22:32: 读取文件成功
2017-05-28T18:23:32: 读取文件成功
2017-05-28T18:24:32: 读取文件成功
2017-05-28T18:25:32: 读取文件成功
2017-05-28T18:26:32: 读取文件成功
2017-05-28T18:27:32: 读取文件成功
2017-05-28T18:28:32: 读取文件成功
2017-05-28T18:29:32: 读取文件成功
2017-05-28T18:30:32: 读取文件成功
2017-05-28T18:31:33: 读取文件成功
2017-05-28T18:32:32: 读取文件成功
2017-05-28T18:33:32: 读取文件成功
2017-05-28T18:34:32: 读取文件成功
2017-05-28T18:35:32: 读取文件成功
2017-05-28T18:36:32: 读取文件成功
2017-05-28T18:37:32: 读取文件成功
2017-05-28T18:38:32: 读取文件成功
2017-05-28T18:39:32: 读取文件成功
2017-05-28T18:40:32: 读取文件成功
2017-05-28T18:41:32: 读取文件成功
2017-05-28T18:42:32: 读取文件成功
2017-05-28T18:43:32: 读取文件成功
2017-05-28T18:44:33: 读取文件成功
2017-05-28T18:45:32: 读取文件成功
2017-05-28T18:46:32: 读取文件成功
2017-05-28T18:47:32: 读取文件成功
2017-05-28T18:48:32: 读取文件成功
2017-05-28T18:49:32: 读取文件成功
2017-05-28T18:50:33: 读取文件成功
2017-05-28T18:51:32: 读取文件成功
2017-05-28T18:52:32: 读取文件成功
2017-05-28T18:53:32: 读取文件成功
2017-05-28T18:54:32: 读取文件成功
2017-05-28T18:55:32: 读取文件成功
2017-05-28T18:56:33: 读取文件成功
2017-05-28T18:57:33: 读取文件成功
2017-05-28T18:58:33: 读取文件成功
2017-05-28T18:59:33: 读取文件成功
2017-05-28T19:00:33: 读取文件成功
2017-05-28T19:01:33: 读取文件成功
2017-05-28T19:02:33: 读取文件成功
2017-05-28T19:03:33: 读取文件成功
2017-05-28T19:04:33: 读取文件成功
2017-05-28T19:05:33: 读取文件成功
2017-05-28T19:06:33: 读取文件成功
2017-05-28T19:07:33: 读取文件成功
2017-05-28T19:08:33: 读取文件成功
2017-05-28T19:09:33: 读取文件成功
2017-05-28T19:10:33: 读取文件成功
2017-05-28T19:11:33: 读取文件成功
2017-05-28T19:12:33: 读取文件成功
2017-05-28T19:13:33: 读取文件成功
2017-05-28T19:14:33: 读取文件成功
2017-05-28T19:15:33: 读取文件成功
2017-05-28T19:16:33: 读取文件成功
2017-05-28T19:17:33: 读取文件成功
2017-05-28T19:18:33: 读取文件成功
2017-05-28T19:19:33: 读取文件成功
2017-05-28T19:20:33: 读取文件成功
2017-05-28T19:21:33: 读取文件成功
2017-05-28T19:22:33: 读取文件成功
2017-05-28T19:23:33: 读取文件成功
2017-05-28T19:24:33: 读取文件成功
2017-05-28T19:25:33: 读取文件成功
2017-05-28T19:26:33: 读取文件成功
2017-05-28T19:27:33: 读取文件成功
2017-05-28T19:28:33: 读取文件成功
2017-05-28T19:29:33: 读取文件成功
2017-05-28T19:30:33: 读取文件成功
2017-05-28T19:31:33: 读取文件成功
2017-05-28T19:32:33: 读取文件成功
2017-05-28T19:33:33: 读取文件成功
2017-05-28T19:34:33: 读取文件成功
2017-05-28T19:35:33: 读取文件成功
2017-05-28T19:36:33: 读取文件成功
2017-05-28T19:37:33: 读取文件成功
2017-05-28T19:38:33: 读取文件成功
2017-05-28T19:39:33: 读取文件成功
2017-05-28T19:40:33: 读取文件成功
2017-05-28T19:41:33: 读取文件成功
2017-05-28T19:42:33: 读取文件成功
2017-05-28T19:43:33: 读取文件成功
2017-05-28T19:44:33: 读取文件成功
2017-05-28T19:45:33: 读取文件成功
2017-05-28T19:46:33: 读取文件成功
2017-05-28T19:47:33: 读取文件成功
2017-05-28T19:48:33: 读取文件成功
2017-05-28T19:49:33: 读取文件成功
2017-05-28T19:50:33: 读取文件成功
2017-05-28T19:51:33: 读取文件成功
2017-05-28T19:52:33: 读取文件成功
2017-05-28T19:53:33: 读取文件成功
2017-05-28T19:54:38: 读取文件成功
2017-05-28T19:55:33: 读取文件成功
2017-05-28T19:56:33: 读取文件成功
2017-05-28T19:57:33: 读取文件成功
2017-05-28T19:58:33: 读取文件成功
2017-05-28T19:59:33: 读取文件成功
2017-05-28T20:00:33: 读取文件成功
2017-05-28T20:01:33: 读取文件成功
2017-05-28T20:02:33: 读取文件成功
2017-05-28T20:03:33: 读取文件成功
2017-05-28T20:04:33: 读取文件成功
2017-05-28T20:05:33: 读取文件成功
2017-05-28T20:06:33: 读取文件成功
2017-05-28T20:07:33: 读取文件成功
2017-05-28T20:08:33: 读取文件成功
2017-05-28T20:09:33: 读取文件成功
2017-05-28T20:10:33: 读取文件成功
2017-05-28T20:11:33: 读取文件成功
2017-05-28T20:12:33: 读取文件成功
2017-05-28T20:13:33: 读取文件成功
2017-05-28T20:14:33: 读取文件成功
2017-05-28T20:15:33: 读取文件成功
2017-05-28T20:16:33: 读取文件成功
2017-05-28T20:17:33: 读取文件成功
2017-05-28T20:18:33: 读取文件成功
2017-05-28T20:19:33: 读取文件成功
2017-05-28T20:20:33: 读取文件成功
2017-05-28T20:21:33: 读取文件成功
2017-05-28T20:22:33: 读取文件成功
2017-05-28T20:23:33: 读取文件成功
2017-05-28T20:24:33: 读取文件成功
2017-05-28T20:25:33: 读取文件成功
2017-05-28T20:26:33: 读取文件成功
2017-05-28T20:27:33: 读取文件成功
2017-05-28T20:28:33: 读取文件成功
2017-05-28T20:29:33: 读取文件成功
2017-05-28T20:30:38: 读取文件成功
2017-05-28T20:31:33: 读取文件成功
2017-05-28T20:32:33: 读取文件成功
2017-05-28T20:33:33: 读取文件成功
2017-05-28T20:34:33: 读取文件成功
2017-05-28T20:35:33: 读取文件成功
2017-05-28T20:36:34: 读取文件成功
2017-05-28T20:37:33: 读取文件成功
2017-05-28T20:38:33: 读取文件成功
2017-05-28T20:39:33: 读取文件成功
2017-05-28T20:40:33: 读取文件成功
2017-05-28T20:41:33: 读取文件成功
2017-05-28T20:42:34: 读取文件成功
2017-05-28T20:43:34: 读取文件成功
2017-05-28T20:44:34: 读取文件成功
2017-05-28T20:45:34: 读取文件成功
2017-05-28T20:46:34: 读取文件成功
2017-05-28T20:47:34: 读取文件成功
2017-05-28T20:48:34: 读取文件成功
2017-05-28T20:49:34: 读取文件成功
2017-05-28T20:50:34: 读取文件成功
2017-05-28T20:51:34: 读取文件成功
2017-05-28T20:52:34: 读取文件成功
2017-05-28T20:53:34: 读取文件成功
2017-05-28T20:54:34: 读取文件成功
2017-05-28T20:55:34: 读取文件成功
2017-05-28T20:56:34: 读取文件成功
2017-05-28T20:57:34: 读取文件成功
2017-05-28T20:58:34: 读取文件成功
2017-05-28T20:59:34: 读取文件成功
2017-05-28T21:00:34: 读取文件成功
2017-05-28T21:01:34: 读取文件成功
2017-05-28T21:02:34: 读取文件成功
2017-05-28T21:03:34: 读取文件成功
2017-05-28T21:04:34: 读取文件成功
2017-05-28T21:05:34: 读取文件成功
2017-05-28T21:06:34: 读取文件成功
2017-05-28T21:07:34: 读取文件成功
2017-05-28T21:08:34: 读取文件成功
2017-05-28T21:09:34: 读取文件成功
2017-05-28T21:10:34: 读取文件成功
2017-05-28T21:11:34: 读取文件成功
2017-05-28T21:12:34: 读取文件成功
2017-05-28T21:13:34: 读取文件成功
2017-05-28T21:14:34: 读取文件成功
2017-05-28T21:15:34: 读取文件成功
2017-05-28T21:16:34: 读取文件成功
2017-05-28T21:17:34: 读取文件成功
2017-05-28T21:18:34: 读取文件成功
2017-05-28T21:19:34: 读取文件成功
2017-05-28T21:20:34: 读取文件成功
2017-05-28T21:21:34: 读取文件成功
2017-05-28T21:22:34: 读取文件成功
2017-05-28T21:23:34: 读取文件成功
2017-05-28T21:24:34: 读取文件成功
2017-05-28T21:25:34: 读取文件成功
2017-05-28T21:26:34: 读取文件成功
2017-05-28T21:27:34: 读取文件成功
2017-05-28T21:28:34: 读取文件成功
2017-05-28T21:29:34: 读取文件成功
2017-05-28T21:30:34: 读取文件成功
2017-05-28T21:31:34: 读取文件成功
2017-05-28T21:32:34: 读取文件成功
2017-05-28T21:33:34: 读取文件成功
2017-05-28T21:34:34: 读取文件成功
2017-05-28T21:35:34: 读取文件成功
2017-05-28T21:36:34: 读取文件成功
2017-05-28T21:37:34: 读取文件成功
2017-05-28T21:38:34: 读取文件成功
2017-05-28T21:39:34: 读取文件成功
2017-05-28T21:40:34: 读取文件成功
2017-05-28T21:41:34: 读取文件成功
2017-05-28T21:42:34: 读取文件成功
2017-05-28T21:43:34: 读取文件成功
2017-05-28T21:44:34: 读取文件成功
2017-05-28T21:45:34: 读取文件成功
2017-05-28T21:46:34: 读取文件成功
2017-05-28T21:47:39: 读取文件成功
2017-05-28T21:48:34: 读取文件成功
2017-05-28T21:49:34: 读取文件成功
2017-05-28T21:50:34: 读取文件成功
2017-05-28T21:51:34: 读取文件成功
2017-05-28T21:52:34: 读取文件成功
2017-05-28T21:53:34: 读取文件成功
2017-05-28T21:54:34: 读取文件成功
2017-05-28T21:55:34: 读取文件成功
2017-05-28T21:56:34: 读取文件成功
2017-05-28T21:57:34: 读取文件成功
2017-05-28T21:58:34: 读取文件成功
2017-05-28T21:59:34: 读取文件成功
2017-05-28T22:00:34: 读取文件成功
2017-05-28T22:01:34: 读取文件成功
2017-05-28T22:02:34: 读取文件成功
2017-05-28T22:03:34: 读取文件成功
2017-05-28T22:04:34: 读取文件成功
2017-05-28T22:05:34: 读取文件成功
2017-05-28T22:06:34: 读取文件成功
2017-05-28T22:07:34: 读取文件成功
2017-05-28T22:08:34: 读取文件成功
2017-05-28T22:09:34: 读取文件成功
2017-05-28T22:10:40: 读取文件成功
2017-05-28T22:11:34: 读取文件成功
2017-05-28T22:12:34: 读取文件成功
2017-05-28T22:13:34: 读取文件成功
2017-05-28T22:14:34: 读取文件成功
2017-05-28T22:15:34: 读取文件成功
2017-05-28T22:16:35: 读取文件成功
2017-05-28T22:17:34: 读取文件成功
2017-05-28T22:18:35: 读取文件成功
2017-05-28T22:19:35: 读取文件成功
2017-05-28T22:20:35: 读取文件成功
2017-05-28T22:21:40: 读取文件成功
2017-05-28T22:22:35: 读取文件成功
2017-05-28T22:23:35: 读取文件成功
2017-05-28T22:24:35: 读取文件成功
2017-05-28T22:25:35: 读取文件成功
2017-05-28T22:26:35: 读取文件成功
2017-05-28T22:27:35: 读取文件成功
2017-05-28T22:28:35: 读取文件成功
2017-05-28T22:29:35: 读取文件成功
2017-05-28T22:30:35: 读取文件成功
2017-05-28T22:31:35: 读取文件成功
2017-05-28T22:32:35: 读取文件成功
2017-05-28T22:33:35: 读取文件成功
2017-05-28T22:34:35: 读取文件成功
2017-05-28T22:35:35: 读取文件成功
2017-05-28T22:36:35: 读取文件成功
2017-05-28T22:37:35: 读取文件成功
2017-05-28T22:38:35: 读取文件成功
2017-05-28T22:39:35: 读取文件成功
2017-05-28T22:40:35: 读取文件成功
2017-05-28T22:41:35: 读取文件成功
2017-05-28T22:42:35: 读取文件成功
2017-05-28T22:43:35: 读取文件成功
2017-05-28T22:44:35: 读取文件成功
2017-05-28T22:45:35: 读取文件成功
2017-05-28T22:46:35: 读取文件成功
2017-05-28T22:47:35: 读取文件成功
2017-05-28T22:48:35: 读取文件成功
2017-05-28T22:49:35: 读取文件成功
2017-05-28T22:50:35: 读取文件成功
2017-05-28T22:51:35: 读取文件成功
2017-05-28T22:52:35: 读取文件成功
2017-05-28T22:53:35: 读取文件成功
2017-05-28T22:54:35: 读取文件成功
2017-05-28T22:55:35: 读取文件成功
2017-05-28T22:56:35: 读取文件成功
2017-05-28T22:57:35: 读取文件成功
2017-05-28T22:58:35: 读取文件成功
2017-05-28T22:59:35: 读取文件成功
2017-05-28T23:00:35: 读取文件成功
2017-05-28T23:01:35: 读取文件成功
2017-05-28T23:02:35: 读取文件成功
2017-05-28T23:03:35: 读取文件成功
2017-05-28T23:04:35: 读取文件成功
2017-05-28T23:05:35: 读取文件成功
2017-05-28T23:06:35: 读取文件成功
2017-05-28T23:07:35: 读取文件成功
2017-05-28T23:08:35: 读取文件成功
2017-05-28T23:09:35: 读取文件成功
2017-05-28T23:10:35: 读取文件成功
2017-05-28T23:11:35: 读取文件成功
2017-05-28T23:12:35: 读取文件成功
2017-05-28T23:13:35: 读取文件成功
2017-05-28T23:14:35: 读取文件成功
2017-05-28T23:15:35: 读取文件成功
2017-05-28T23:16:35: 读取文件成功
2017-05-28T23:17:35: 读取文件成功
2017-05-28T23:18:35: 读取文件成功
2017-05-28T23:19:35: 读取文件成功
2017-05-28T23:20:35: 读取文件成功
2017-05-28T23:21:35: 读取文件成功
2017-05-28T23:22:35: 读取文件成功
2017-05-28T23:23:35: 读取文件成功
2017-05-28T23:24:35: 读取文件成功
2017-05-28T23:25:35: 读取文件成功
2017-05-28T23:26:35: 读取文件成功
2017-05-28T23:27:35: 读取文件成功
2017-05-28T23:28:35: 读取文件成功
2017-05-28T23:29:35: 读取文件成功
2017-05-28T23:30:35: 读取文件成功
2017-05-28T23:31:35: 读取文件成功
2017-05-28T23:32:35: 读取文件成功
2017-05-28T23:33:35: 读取文件成功
2017-05-28T23:34:35: 读取文件成功
2017-05-28T23:35:35: 读取文件成功
2017-05-28T23:36:35: 读取文件成功
2017-05-28T23:37:35: 读取文件成功
2017-05-28T23:38:35: 读取文件成功
2017-05-28T23:39:35: 读取文件成功
2017-05-28T23:40:35: 读取文件成功
2017-05-28T23:41:35: 读取文件成功
2017-05-28T23:42:35: 读取文件成功
2017-05-28T23:43:35: 读取文件成功
2017-05-28T23:44:35: 读取文件成功
2017-05-28T23:45:35: 读取文件成功
2017-05-28T23:46:35: 读取文件成功
2017-05-28T23:47:35: 读取文件成功
2017-05-28T23:48:35: 读取文件成功
2017-05-28T23:49:35: 读取文件成功
2017-05-28T23:50:35: 非记录时间：2017-05-28T23:50:35+08:00
2017-05-28T23:51:35: 非记录时间：2017-05-28T23:51:35+08:00
2017-05-28T23:52:35: 非记录时间：2017-05-28T23:52:35+08:00
2017-05-28T23:53:35: 非记录时间：2017-05-28T23:53:35+08:00
2017-05-28T23:54:35: 非记录时间：2017-05-28T23:54:35+08:00
2017-05-28T23:55:35: 非记录时间：2017-05-28T23:55:35+08:00
2017-05-28T23:56:35: 非记录时间：2017-05-28T23:56:35+08:00
2017-05-28T23:57:35: 非记录时间：2017-05-28T23:57:35+08:00
2017-05-28T23:58:35: 非记录时间：2017-05-28T23:58:35+08:00
2017-05-28T23:59:35: 非记录时间：2017-05-28T23:59:35+08:00
