2017-01-09T00:00:05: 非记录时间：2017-01-09T00:00:05+08:00
2017-01-09T00:00:15: 非记录时间：2017-01-09T00:00:15+08:00
2017-01-09T00:00:25: 非记录时间：2017-01-09T00:00:25+08:00
2017-01-09T00:00:35: 非记录时间：2017-01-09T00:00:35+08:00
2017-01-09T00:00:45: 非记录时间：2017-01-09T00:00:45+08:00
2017-01-09T00:00:55: 非记录时间：2017-01-09T00:00:55+08:00
2017-01-09T00:01:05: 非记录时间：2017-01-09T00:01:05+08:00
2017-01-09T00:01:15: 非记录时间：2017-01-09T00:01:15+08:00
2017-01-09T00:01:25: 非记录时间：2017-01-09T00:01:25+08:00
2017-01-09T00:01:35: 非记录时间：2017-01-09T00:01:35+08:00
2017-01-09T00:01:45: 非记录时间：2017-01-09T00:01:45+08:00
2017-01-09T00:01:55: 非记录时间：2017-01-09T00:01:55+08:00
2017-01-09T00:02:05: 非记录时间：2017-01-09T00:02:05+08:00
2017-01-09T00:02:15: 非记录时间：2017-01-09T00:02:15+08:00
2017-01-09T00:02:25: 非记录时间：2017-01-09T00:02:25+08:00
2017-01-09T00:02:35: 非记录时间：2017-01-09T00:02:35+08:00
2017-01-09T00:02:45: 非记录时间：2017-01-09T00:02:45+08:00
2017-01-09T00:02:55: 非记录时间：2017-01-09T00:02:55+08:00
2017-01-09T00:03:05: 非记录时间：2017-01-09T00:03:05+08:00
2017-01-09T00:03:15: 非记录时间：2017-01-09T00:03:15+08:00
2017-01-09T00:03:25: 非记录时间：2017-01-09T00:03:25+08:00
2017-01-09T00:03:35: 非记录时间：2017-01-09T00:03:35+08:00
2017-01-09T00:03:45: 非记录时间：2017-01-09T00:03:45+08:00
2017-01-09T00:03:55: 非记录时间：2017-01-09T00:03:55+08:00
2017-01-09T00:04:05: 非记录时间：2017-01-09T00:04:05+08:00
2017-01-09T00:04:15: 非记录时间：2017-01-09T00:04:15+08:00
2017-01-09T00:04:25: 非记录时间：2017-01-09T00:04:25+08:00
2017-01-09T00:04:35: 非记录时间：2017-01-09T00:04:35+08:00
2017-01-09T00:04:45: 非记录时间：2017-01-09T00:04:45+08:00
2017-01-09T00:04:55: 非记录时间：2017-01-09T00:04:55+08:00
2017-01-09T00:05:05: 非记录时间：2017-01-09T00:05:05+08:00
2017-01-09T00:05:15: 非记录时间：2017-01-09T00:05:15+08:00
2017-01-09T00:05:25: 非记录时间：2017-01-09T00:05:25+08:00
2017-01-09T00:05:35: 非记录时间：2017-01-09T00:05:35+08:00
2017-01-09T00:05:45: 非记录时间：2017-01-09T00:05:45+08:00
2017-01-09T00:05:55: 非记录时间：2017-01-09T00:05:55+08:00
2017-01-09T00:06:05: 非记录时间：2017-01-09T00:06:05+08:00
2017-01-09T00:06:15: 非记录时间：2017-01-09T00:06:15+08:00
2017-01-09T00:06:25: 非记录时间：2017-01-09T00:06:25+08:00
2017-01-09T00:06:35: 非记录时间：2017-01-09T00:06:35+08:00
2017-01-09T00:06:45: 非记录时间：2017-01-09T00:06:45+08:00
2017-01-09T00:06:55: 非记录时间：2017-01-09T00:06:55+08:00
2017-01-09T00:07:05: 非记录时间：2017-01-09T00:07:05+08:00
2017-01-09T00:07:15: 非记录时间：2017-01-09T00:07:15+08:00
2017-01-09T00:07:25: 非记录时间：2017-01-09T00:07:25+08:00
2017-01-09T00:07:35: 非记录时间：2017-01-09T00:07:35+08:00
2017-01-09T00:07:45: 非记录时间：2017-01-09T00:07:45+08:00
2017-01-09T00:07:55: 非记录时间：2017-01-09T00:07:55+08:00
2017-01-09T00:08:05: 非记录时间：2017-01-09T00:08:05+08:00
2017-01-09T00:08:15: 非记录时间：2017-01-09T00:08:15+08:00
2017-01-09T00:08:25: 非记录时间：2017-01-09T00:08:25+08:00
2017-01-09T00:08:35: 非记录时间：2017-01-09T00:08:35+08:00
2017-01-09T00:08:45: 非记录时间：2017-01-09T00:08:45+08:00
2017-01-09T00:08:55: 非记录时间：2017-01-09T00:08:55+08:00
2017-01-09T00:09:05: 非记录时间：2017-01-09T00:09:05+08:00
2017-01-09T00:09:15: 非记录时间：2017-01-09T00:09:15+08:00
2017-01-09T00:09:25: 非记录时间：2017-01-09T00:09:25+08:00
2017-01-09T00:09:35: 非记录时间：2017-01-09T00:09:35+08:00
2017-01-09T00:09:45: 非记录时间：2017-01-09T00:09:45+08:00
2017-01-09T00:09:55: 非记录时间：2017-01-09T00:09:55+08:00
2017-01-09T00:10:05: 非记录时间：2017-01-09T00:10:05+08:00
2017-01-09T00:10:15: 非记录时间：2017-01-09T00:10:15+08:00
2017-01-09T00:10:25: 非记录时间：2017-01-09T00:10:25+08:00
2017-01-09T00:10:35: 非记录时间：2017-01-09T00:10:35+08:00
2017-01-09T00:10:45: 非记录时间：2017-01-09T00:10:45+08:00
2017-01-09T00:10:55: 非记录时间：2017-01-09T00:10:55+08:00
2017-01-09T00:11:05: 非记录时间：2017-01-09T00:11:05+08:00
2017-01-09T00:11:15: 非记录时间：2017-01-09T00:11:15+08:00
2017-01-09T00:11:25: 非记录时间：2017-01-09T00:11:25+08:00
2017-01-09T00:11:35: 非记录时间：2017-01-09T00:11:35+08:00
2017-01-09T00:11:45: 非记录时间：2017-01-09T00:11:45+08:00
2017-01-09T00:11:55: 非记录时间：2017-01-09T00:11:55+08:00
2017-01-09T00:12:05: 非记录时间：2017-01-09T00:12:05+08:00
2017-01-09T00:12:15: 非记录时间：2017-01-09T00:12:15+08:00
2017-01-09T00:12:25: 非记录时间：2017-01-09T00:12:25+08:00
2017-01-09T00:12:35: 非记录时间：2017-01-09T00:12:35+08:00
2017-01-09T00:12:45: 非记录时间：2017-01-09T00:12:45+08:00
2017-01-09T00:12:55: 非记录时间：2017-01-09T00:12:55+08:00
2017-01-09T00:13:05: 非记录时间：2017-01-09T00:13:05+08:00
2017-01-09T00:13:15: 非记录时间：2017-01-09T00:13:15+08:00
2017-01-09T00:13:25: 非记录时间：2017-01-09T00:13:25+08:00
2017-01-09T00:13:35: 非记录时间：2017-01-09T00:13:35+08:00
2017-01-09T00:13:45: 非记录时间：2017-01-09T00:13:45+08:00
2017-01-09T00:13:55: 非记录时间：2017-01-09T00:13:55+08:00
2017-01-09T00:14:05: 非记录时间：2017-01-09T00:14:05+08:00
2017-01-09T00:14:15: 非记录时间：2017-01-09T00:14:15+08:00
2017-01-09T00:14:25: 非记录时间：2017-01-09T00:14:25+08:00
2017-01-09T00:14:35: 非记录时间：2017-01-09T00:14:35+08:00
2017-01-09T00:14:45: 非记录时间：2017-01-09T00:14:45+08:00
2017-01-09T00:14:55: 非记录时间：2017-01-09T00:14:55+08:00
2017-01-09T00:15:05: 非记录时间：2017-01-09T00:15:05+08:00
2017-01-09T00:15:15: 非记录时间：2017-01-09T00:15:15+08:00
2017-01-09T00:15:25: 非记录时间：2017-01-09T00:15:25+08:00
2017-01-09T00:15:35: 非记录时间：2017-01-09T00:15:35+08:00
2017-01-09T00:15:45: 非记录时间：2017-01-09T00:15:45+08:00
2017-01-09T00:15:55: 非记录时间：2017-01-09T00:15:55+08:00
2017-01-09T00:16:05: 非记录时间：2017-01-09T00:16:05+08:00
2017-01-09T00:16:15: 非记录时间：2017-01-09T00:16:15+08:00
2017-01-09T00:16:25: 非记录时间：2017-01-09T00:16:25+08:00
2017-01-09T00:16:35: 非记录时间：2017-01-09T00:16:35+08:00
2017-01-09T00:16:45: 非记录时间：2017-01-09T00:16:45+08:00
2017-01-09T00:16:55: 非记录时间：2017-01-09T00:16:55+08:00
2017-01-09T00:17:05: 非记录时间：2017-01-09T00:17:05+08:00
2017-01-09T00:17:15: 非记录时间：2017-01-09T00:17:15+08:00
2017-01-09T00:17:25: 非记录时间：2017-01-09T00:17:25+08:00
2017-01-09T00:17:35: 非记录时间：2017-01-09T00:17:35+08:00
2017-01-09T00:17:45: 非记录时间：2017-01-09T00:17:45+08:00
2017-01-09T00:17:55: 非记录时间：2017-01-09T00:17:55+08:00
2017-01-09T00:18:05: 非记录时间：2017-01-09T00:18:05+08:00
2017-01-09T00:18:15: 非记录时间：2017-01-09T00:18:15+08:00
2017-01-09T00:18:25: 非记录时间：2017-01-09T00:18:25+08:00
2017-01-09T00:18:35: 非记录时间：2017-01-09T00:18:35+08:00
2017-01-09T00:18:45: 非记录时间：2017-01-09T00:18:45+08:00
2017-01-09T00:18:55: 非记录时间：2017-01-09T00:18:55+08:00
2017-01-09T00:19:05: 非记录时间：2017-01-09T00:19:05+08:00
2017-01-09T00:19:15: 非记录时间：2017-01-09T00:19:15+08:00
2017-01-09T00:19:25: 非记录时间：2017-01-09T00:19:25+08:00
2017-01-09T00:19:35: 非记录时间：2017-01-09T00:19:35+08:00
2017-01-09T00:19:45: 非记录时间：2017-01-09T00:19:45+08:00
2017-01-09T00:19:55: 非记录时间：2017-01-09T00:19:55+08:00
2017-01-09T00:20:05: 非记录时间：2017-01-09T00:20:05+08:00
2017-01-09T00:20:15: 非记录时间：2017-01-09T00:20:15+08:00
2017-01-09T00:20:25: 非记录时间：2017-01-09T00:20:25+08:00
2017-01-09T00:20:35: 非记录时间：2017-01-09T00:20:35+08:00
2017-01-09T00:20:45: 非记录时间：2017-01-09T00:20:45+08:00
2017-01-09T00:20:55: 非记录时间：2017-01-09T00:20:55+08:00
2017-01-09T00:21:05: 非记录时间：2017-01-09T00:21:05+08:00
2017-01-09T00:21:15: 非记录时间：2017-01-09T00:21:15+08:00
2017-01-09T00:21:25: 非记录时间：2017-01-09T00:21:25+08:00
2017-01-09T00:21:35: 非记录时间：2017-01-09T00:21:35+08:00
2017-01-09T00:21:45: 非记录时间：2017-01-09T00:21:45+08:00
2017-01-09T00:21:55: 非记录时间：2017-01-09T00:21:55+08:00
2017-01-09T00:22:05: 非记录时间：2017-01-09T00:22:05+08:00
2017-01-09T00:22:15: 非记录时间：2017-01-09T00:22:15+08:00
2017-01-09T00:22:25: 非记录时间：2017-01-09T00:22:25+08:00
2017-01-09T00:22:35: 非记录时间：2017-01-09T00:22:35+08:00
2017-01-09T00:22:45: 非记录时间：2017-01-09T00:22:45+08:00
2017-01-09T00:22:55: 非记录时间：2017-01-09T00:22:55+08:00
2017-01-09T00:23:05: 非记录时间：2017-01-09T00:23:05+08:00
2017-01-09T00:23:15: 非记录时间：2017-01-09T00:23:15+08:00
2017-01-09T00:23:25: 非记录时间：2017-01-09T00:23:25+08:00
2017-01-09T00:23:35: 非记录时间：2017-01-09T00:23:35+08:00
2017-01-09T00:23:45: 非记录时间：2017-01-09T00:23:45+08:00
2017-01-09T00:23:55: 非记录时间：2017-01-09T00:23:55+08:00
2017-01-09T00:24:05: 非记录时间：2017-01-09T00:24:05+08:00
2017-01-09T00:24:15: 非记录时间：2017-01-09T00:24:15+08:00
2017-01-09T00:24:25: 非记录时间：2017-01-09T00:24:25+08:00
2017-01-09T00:24:35: 非记录时间：2017-01-09T00:24:35+08:00
2017-01-09T00:24:45: 非记录时间：2017-01-09T00:24:45+08:00
2017-01-09T00:24:55: 非记录时间：2017-01-09T00:24:55+08:00
2017-01-09T00:25:05: 非记录时间：2017-01-09T00:25:05+08:00
2017-01-09T00:25:15: 非记录时间：2017-01-09T00:25:15+08:00
2017-01-09T00:25:25: 非记录时间：2017-01-09T00:25:25+08:00
2017-01-09T00:25:35: 非记录时间：2017-01-09T00:25:35+08:00
2017-01-09T00:25:45: 非记录时间：2017-01-09T00:25:45+08:00
2017-01-09T00:25:55: 非记录时间：2017-01-09T00:25:55+08:00
2017-01-09T00:26:05: 非记录时间：2017-01-09T00:26:05+08:00
2017-01-09T00:26:15: 非记录时间：2017-01-09T00:26:15+08:00
2017-01-09T00:26:25: 非记录时间：2017-01-09T00:26:25+08:00
2017-01-09T00:26:35: 非记录时间：2017-01-09T00:26:35+08:00
2017-01-09T00:26:45: 非记录时间：2017-01-09T00:26:45+08:00
2017-01-09T00:26:55: 非记录时间：2017-01-09T00:26:55+08:00
2017-01-09T00:27:05: 非记录时间：2017-01-09T00:27:05+08:00
2017-01-09T00:27:15: 非记录时间：2017-01-09T00:27:15+08:00
2017-01-09T00:27:25: 非记录时间：2017-01-09T00:27:25+08:00
2017-01-09T00:27:35: 非记录时间：2017-01-09T00:27:35+08:00
2017-01-09T00:27:45: 非记录时间：2017-01-09T00:27:45+08:00
2017-01-09T00:27:55: 非记录时间：2017-01-09T00:27:55+08:00
2017-01-09T00:28:05: 非记录时间：2017-01-09T00:28:05+08:00
2017-01-09T00:28:15: 非记录时间：2017-01-09T00:28:15+08:00
2017-01-09T00:28:25: 非记录时间：2017-01-09T00:28:25+08:00
2017-01-09T00:28:35: 非记录时间：2017-01-09T00:28:35+08:00
2017-01-09T00:28:45: 非记录时间：2017-01-09T00:28:45+08:00
2017-01-09T00:28:55: 非记录时间：2017-01-09T00:28:55+08:00
2017-01-09T00:29:05: 非记录时间：2017-01-09T00:29:05+08:00
2017-01-09T00:29:15: 非记录时间：2017-01-09T00:29:15+08:00
2017-01-09T00:29:25: 非记录时间：2017-01-09T00:29:25+08:00
2017-01-09T00:29:35: 非记录时间：2017-01-09T00:29:35+08:00
2017-01-09T00:29:45: 非记录时间：2017-01-09T00:29:45+08:00
2017-01-09T00:29:55: 非记录时间：2017-01-09T00:29:55+08:00
2017-01-09T00:30:05: 非记录时间：2017-01-09T00:30:05+08:00
2017-01-09T00:30:15: 非记录时间：2017-01-09T00:30:15+08:00
2017-01-09T00:30:25: 非记录时间：2017-01-09T00:30:25+08:00
2017-01-09T00:30:35: 非记录时间：2017-01-09T00:30:35+08:00
2017-01-09T00:30:45: 非记录时间：2017-01-09T00:30:45+08:00
2017-01-09T00:30:55: 非记录时间：2017-01-09T00:30:55+08:00
2017-01-09T00:31:05: 非记录时间：2017-01-09T00:31:05+08:00
2017-01-09T00:31:15: 非记录时间：2017-01-09T00:31:15+08:00
2017-01-09T00:31:25: 非记录时间：2017-01-09T00:31:25+08:00
2017-01-09T00:31:35: 非记录时间：2017-01-09T00:31:35+08:00
2017-01-09T00:31:45: 非记录时间：2017-01-09T00:31:45+08:00
2017-01-09T00:31:55: 非记录时间：2017-01-09T00:31:55+08:00
2017-01-09T00:32:05: 非记录时间：2017-01-09T00:32:05+08:00
2017-01-09T00:32:15: 非记录时间：2017-01-09T00:32:15+08:00
2017-01-09T00:32:25: 非记录时间：2017-01-09T00:32:25+08:00
2017-01-09T00:32:35: 非记录时间：2017-01-09T00:32:35+08:00
2017-01-09T00:32:45: 非记录时间：2017-01-09T00:32:45+08:00
2017-01-09T00:32:55: 非记录时间：2017-01-09T00:32:55+08:00
2017-01-09T00:33:05: 非记录时间：2017-01-09T00:33:05+08:00
2017-01-09T00:33:15: 非记录时间：2017-01-09T00:33:15+08:00
2017-01-09T00:33:25: 非记录时间：2017-01-09T00:33:25+08:00
2017-01-09T00:33:35: 非记录时间：2017-01-09T00:33:35+08:00
2017-01-09T00:33:45: 非记录时间：2017-01-09T00:33:45+08:00
2017-01-09T00:33:55: 非记录时间：2017-01-09T00:33:55+08:00
2017-01-09T00:34:05: 非记录时间：2017-01-09T00:34:05+08:00
2017-01-09T00:34:15: 非记录时间：2017-01-09T00:34:15+08:00
2017-01-09T00:34:25: 非记录时间：2017-01-09T00:34:25+08:00
2017-01-09T00:34:35: 非记录时间：2017-01-09T00:34:35+08:00
2017-01-09T00:34:45: 非记录时间：2017-01-09T00:34:45+08:00
2017-01-09T00:34:55: 非记录时间：2017-01-09T00:34:55+08:00
2017-01-09T00:35:05: 非记录时间：2017-01-09T00:35:05+08:00
2017-01-09T00:35:15: 非记录时间：2017-01-09T00:35:15+08:00
2017-01-09T00:35:25: 非记录时间：2017-01-09T00:35:25+08:00
2017-01-09T00:35:35: 非记录时间：2017-01-09T00:35:35+08:00
2017-01-09T00:35:45: 非记录时间：2017-01-09T00:35:45+08:00
2017-01-09T00:35:55: 非记录时间：2017-01-09T00:35:55+08:00
2017-01-09T00:36:05: 非记录时间：2017-01-09T00:36:05+08:00
2017-01-09T00:36:15: 非记录时间：2017-01-09T00:36:15+08:00
2017-01-09T00:36:25: 非记录时间：2017-01-09T00:36:25+08:00
2017-01-09T00:36:35: 非记录时间：2017-01-09T00:36:35+08:00
2017-01-09T00:36:45: 非记录时间：2017-01-09T00:36:45+08:00
2017-01-09T00:36:55: 非记录时间：2017-01-09T00:36:55+08:00
2017-01-09T00:37:05: 非记录时间：2017-01-09T00:37:05+08:00
2017-01-09T00:37:15: 非记录时间：2017-01-09T00:37:15+08:00
2017-01-09T00:37:25: 非记录时间：2017-01-09T00:37:25+08:00
2017-01-09T00:37:35: 非记录时间：2017-01-09T00:37:35+08:00
2017-01-09T00:37:45: 非记录时间：2017-01-09T00:37:45+08:00
2017-01-09T00:37:55: 非记录时间：2017-01-09T00:37:55+08:00
2017-01-09T00:38:05: 非记录时间：2017-01-09T00:38:05+08:00
2017-01-09T00:38:15: 非记录时间：2017-01-09T00:38:15+08:00
2017-01-09T00:38:25: 非记录时间：2017-01-09T00:38:25+08:00
2017-01-09T00:38:35: 非记录时间：2017-01-09T00:38:35+08:00
2017-01-09T00:38:45: 非记录时间：2017-01-09T00:38:45+08:00
2017-01-09T00:38:55: 非记录时间：2017-01-09T00:38:55+08:00
2017-01-09T00:39:05: 非记录时间：2017-01-09T00:39:05+08:00
2017-01-09T00:39:15: 非记录时间：2017-01-09T00:39:15+08:00
2017-01-09T00:39:25: 非记录时间：2017-01-09T00:39:25+08:00
2017-01-09T00:39:35: 非记录时间：2017-01-09T00:39:35+08:00
2017-01-09T00:39:45: 非记录时间：2017-01-09T00:39:45+08:00
2017-01-09T00:39:55: 非记录时间：2017-01-09T00:39:55+08:00
2017-01-09T00:40:05: 非记录时间：2017-01-09T00:40:05+08:00
2017-01-09T00:40:15: 非记录时间：2017-01-09T00:40:15+08:00
2017-01-09T00:40:25: 非记录时间：2017-01-09T00:40:25+08:00
2017-01-09T00:40:35: 非记录时间：2017-01-09T00:40:35+08:00
2017-01-09T00:40:45: 非记录时间：2017-01-09T00:40:45+08:00
2017-01-09T00:40:56: 非记录时间：2017-01-09T00:40:56+08:00
2017-01-09T00:41:06: 非记录时间：2017-01-09T00:41:06+08:00
2017-01-09T00:41:16: 非记录时间：2017-01-09T00:41:16+08:00
2017-01-09T00:41:26: 非记录时间：2017-01-09T00:41:26+08:00
2017-01-09T00:41:36: 非记录时间：2017-01-09T00:41:36+08:00
2017-01-09T00:41:46: 非记录时间：2017-01-09T00:41:46+08:00
2017-01-09T00:41:56: 非记录时间：2017-01-09T00:41:56+08:00
2017-01-09T00:42:06: 非记录时间：2017-01-09T00:42:06+08:00
2017-01-09T00:42:16: 非记录时间：2017-01-09T00:42:16+08:00
2017-01-09T00:42:26: 非记录时间：2017-01-09T00:42:26+08:00
2017-01-09T00:42:36: 非记录时间：2017-01-09T00:42:36+08:00
2017-01-09T00:42:46: 非记录时间：2017-01-09T00:42:46+08:00
2017-01-09T00:42:56: 非记录时间：2017-01-09T00:42:56+08:00
2017-01-09T00:43:06: 非记录时间：2017-01-09T00:43:06+08:00
2017-01-09T00:43:16: 非记录时间：2017-01-09T00:43:16+08:00
2017-01-09T00:43:26: 非记录时间：2017-01-09T00:43:26+08:00
2017-01-09T00:43:36: 非记录时间：2017-01-09T00:43:36+08:00
2017-01-09T00:43:46: 非记录时间：2017-01-09T00:43:46+08:00
2017-01-09T00:43:56: 非记录时间：2017-01-09T00:43:56+08:00
2017-01-09T00:44:06: 非记录时间：2017-01-09T00:44:06+08:00
2017-01-09T00:44:16: 非记录时间：2017-01-09T00:44:16+08:00
2017-01-09T00:44:26: 非记录时间：2017-01-09T00:44:26+08:00
2017-01-09T00:44:36: 非记录时间：2017-01-09T00:44:36+08:00
2017-01-09T00:44:46: 非记录时间：2017-01-09T00:44:46+08:00
2017-01-09T00:44:56: 非记录时间：2017-01-09T00:44:56+08:00
2017-01-09T00:45:06: 非记录时间：2017-01-09T00:45:06+08:00
2017-01-09T00:45:16: 非记录时间：2017-01-09T00:45:16+08:00
2017-01-09T00:45:26: 非记录时间：2017-01-09T00:45:26+08:00
2017-01-09T00:45:36: 非记录时间：2017-01-09T00:45:36+08:00
2017-01-09T00:45:46: 非记录时间：2017-01-09T00:45:46+08:00
2017-01-09T00:45:56: 非记录时间：2017-01-09T00:45:56+08:00
2017-01-09T00:46:06: 非记录时间：2017-01-09T00:46:06+08:00
2017-01-09T00:46:16: 非记录时间：2017-01-09T00:46:16+08:00
2017-01-09T00:46:26: 非记录时间：2017-01-09T00:46:26+08:00
2017-01-09T00:46:36: 非记录时间：2017-01-09T00:46:36+08:00
2017-01-09T00:46:46: 非记录时间：2017-01-09T00:46:46+08:00
2017-01-09T00:46:56: 非记录时间：2017-01-09T00:46:56+08:00
2017-01-09T00:47:06: 非记录时间：2017-01-09T00:47:06+08:00
2017-01-09T00:47:16: 非记录时间：2017-01-09T00:47:16+08:00
2017-01-09T00:47:26: 非记录时间：2017-01-09T00:47:26+08:00
2017-01-09T00:47:36: 非记录时间：2017-01-09T00:47:36+08:00
2017-01-09T00:47:46: 非记录时间：2017-01-09T00:47:46+08:00
2017-01-09T00:47:56: 非记录时间：2017-01-09T00:47:56+08:00
2017-01-09T00:48:06: 非记录时间：2017-01-09T00:48:06+08:00
2017-01-09T00:48:16: 非记录时间：2017-01-09T00:48:16+08:00
2017-01-09T00:48:26: 非记录时间：2017-01-09T00:48:26+08:00
2017-01-09T00:48:36: 非记录时间：2017-01-09T00:48:36+08:00
2017-01-09T00:48:46: 非记录时间：2017-01-09T00:48:46+08:00
2017-01-09T00:48:56: 非记录时间：2017-01-09T00:48:56+08:00
2017-01-09T00:49:06: 非记录时间：2017-01-09T00:49:06+08:00
2017-01-09T00:49:16: 非记录时间：2017-01-09T00:49:16+08:00
2017-01-09T00:49:26: 非记录时间：2017-01-09T00:49:26+08:00
2017-01-09T00:49:36: 非记录时间：2017-01-09T00:49:36+08:00
2017-01-09T00:49:46: 非记录时间：2017-01-09T00:49:46+08:00
2017-01-09T00:49:56: 非记录时间：2017-01-09T00:49:56+08:00
2017-01-09T00:50:06: 非记录时间：2017-01-09T00:50:06+08:00
2017-01-09T00:50:16: 非记录时间：2017-01-09T00:50:16+08:00
2017-01-09T00:50:26: 非记录时间：2017-01-09T00:50:26+08:00
2017-01-09T00:50:36: 非记录时间：2017-01-09T00:50:36+08:00
2017-01-09T00:50:46: 非记录时间：2017-01-09T00:50:46+08:00
2017-01-09T00:50:56: 非记录时间：2017-01-09T00:50:56+08:00
2017-01-09T00:51:06: 非记录时间：2017-01-09T00:51:06+08:00
2017-01-09T00:51:16: 非记录时间：2017-01-09T00:51:16+08:00
2017-01-09T00:51:26: 非记录时间：2017-01-09T00:51:26+08:00
2017-01-09T00:51:36: 非记录时间：2017-01-09T00:51:36+08:00
2017-01-09T00:51:46: 非记录时间：2017-01-09T00:51:46+08:00
2017-01-09T00:51:56: 非记录时间：2017-01-09T00:51:56+08:00
2017-01-09T00:52:06: 非记录时间：2017-01-09T00:52:06+08:00
2017-01-09T00:52:16: 非记录时间：2017-01-09T00:52:16+08:00
2017-01-09T00:52:26: 非记录时间：2017-01-09T00:52:26+08:00
2017-01-09T00:52:36: 非记录时间：2017-01-09T00:52:36+08:00
2017-01-09T00:52:46: 非记录时间：2017-01-09T00:52:46+08:00
2017-01-09T00:52:56: 非记录时间：2017-01-09T00:52:56+08:00
2017-01-09T00:53:06: 非记录时间：2017-01-09T00:53:06+08:00
2017-01-09T00:53:16: 非记录时间：2017-01-09T00:53:16+08:00
2017-01-09T00:53:26: 非记录时间：2017-01-09T00:53:26+08:00
2017-01-09T00:53:36: 非记录时间：2017-01-09T00:53:36+08:00
2017-01-09T00:53:46: 非记录时间：2017-01-09T00:53:46+08:00
2017-01-09T00:53:56: 非记录时间：2017-01-09T00:53:56+08:00
2017-01-09T00:54:06: 非记录时间：2017-01-09T00:54:06+08:00
2017-01-09T00:54:16: 非记录时间：2017-01-09T00:54:16+08:00
2017-01-09T00:54:26: 非记录时间：2017-01-09T00:54:26+08:00
2017-01-09T00:54:36: 非记录时间：2017-01-09T00:54:36+08:00
2017-01-09T00:54:46: 非记录时间：2017-01-09T00:54:46+08:00
2017-01-09T00:54:56: 非记录时间：2017-01-09T00:54:56+08:00
2017-01-09T00:55:06: 非记录时间：2017-01-09T00:55:06+08:00
2017-01-09T00:55:16: 非记录时间：2017-01-09T00:55:16+08:00
2017-01-09T00:55:26: 非记录时间：2017-01-09T00:55:26+08:00
2017-01-09T00:55:36: 非记录时间：2017-01-09T00:55:36+08:00
2017-01-09T00:55:46: 非记录时间：2017-01-09T00:55:46+08:00
2017-01-09T00:55:56: 非记录时间：2017-01-09T00:55:56+08:00
2017-01-09T00:56:06: 非记录时间：2017-01-09T00:56:06+08:00
2017-01-09T00:56:16: 非记录时间：2017-01-09T00:56:16+08:00
2017-01-09T00:56:26: 非记录时间：2017-01-09T00:56:26+08:00
2017-01-09T00:56:36: 非记录时间：2017-01-09T00:56:36+08:00
2017-01-09T00:56:46: 非记录时间：2017-01-09T00:56:46+08:00
2017-01-09T00:56:56: 非记录时间：2017-01-09T00:56:56+08:00
2017-01-09T00:57:06: 非记录时间：2017-01-09T00:57:06+08:00
2017-01-09T00:57:16: 非记录时间：2017-01-09T00:57:16+08:00
2017-01-09T00:57:26: 非记录时间：2017-01-09T00:57:26+08:00
2017-01-09T00:57:36: 非记录时间：2017-01-09T00:57:36+08:00
2017-01-09T00:57:46: 非记录时间：2017-01-09T00:57:46+08:00
2017-01-09T00:57:56: 非记录时间：2017-01-09T00:57:56+08:00
2017-01-09T00:58:06: 非记录时间：2017-01-09T00:58:06+08:00
2017-01-09T00:58:16: 非记录时间：2017-01-09T00:58:16+08:00
2017-01-09T00:58:26: 非记录时间：2017-01-09T00:58:26+08:00
2017-01-09T00:58:36: 非记录时间：2017-01-09T00:58:36+08:00
2017-01-09T00:58:46: 非记录时间：2017-01-09T00:58:46+08:00
2017-01-09T00:58:56: 非记录时间：2017-01-09T00:58:56+08:00
2017-01-09T00:59:06: 非记录时间：2017-01-09T00:59:06+08:00
2017-01-09T00:59:16: 非记录时间：2017-01-09T00:59:16+08:00
2017-01-09T00:59:26: 非记录时间：2017-01-09T00:59:26+08:00
2017-01-09T00:59:36: 非记录时间：2017-01-09T00:59:36+08:00
2017-01-09T00:59:46: 非记录时间：2017-01-09T00:59:46+08:00
2017-01-09T00:59:56: 非记录时间：2017-01-09T00:59:56+08:00
2017-01-09T01:00:06: 非记录时间：2017-01-09T01:00:06+08:00
2017-01-09T01:00:16: 非记录时间：2017-01-09T01:00:16+08:00
2017-01-09T01:00:26: 非记录时间：2017-01-09T01:00:26+08:00
2017-01-09T01:00:36: 非记录时间：2017-01-09T01:00:36+08:00
2017-01-09T01:00:46: 非记录时间：2017-01-09T01:00:46+08:00
2017-01-09T01:00:56: 非记录时间：2017-01-09T01:00:56+08:00
2017-01-09T01:01:06: 非记录时间：2017-01-09T01:01:06+08:00
2017-01-09T01:01:16: 非记录时间：2017-01-09T01:01:16+08:00
2017-01-09T01:01:26: 非记录时间：2017-01-09T01:01:26+08:00
2017-01-09T01:01:36: 非记录时间：2017-01-09T01:01:36+08:00
2017-01-09T01:01:46: 非记录时间：2017-01-09T01:01:46+08:00
2017-01-09T01:01:56: 非记录时间：2017-01-09T01:01:56+08:00
2017-01-09T01:02:06: 非记录时间：2017-01-09T01:02:06+08:00
2017-01-09T01:02:16: 非记录时间：2017-01-09T01:02:16+08:00
2017-01-09T01:02:26: 非记录时间：2017-01-09T01:02:26+08:00
2017-01-09T01:02:36: 非记录时间：2017-01-09T01:02:36+08:00
2017-01-09T01:02:46: 非记录时间：2017-01-09T01:02:46+08:00
2017-01-09T01:02:56: 非记录时间：2017-01-09T01:02:56+08:00
2017-01-09T01:03:06: 非记录时间：2017-01-09T01:03:06+08:00
2017-01-09T01:03:16: 非记录时间：2017-01-09T01:03:16+08:00
2017-01-09T01:03:26: 非记录时间：2017-01-09T01:03:26+08:00
2017-01-09T01:03:36: 非记录时间：2017-01-09T01:03:36+08:00
2017-01-09T01:03:46: 非记录时间：2017-01-09T01:03:46+08:00
2017-01-09T01:03:56: 非记录时间：2017-01-09T01:03:56+08:00
2017-01-09T01:04:06: 非记录时间：2017-01-09T01:04:06+08:00
2017-01-09T01:04:16: 非记录时间：2017-01-09T01:04:16+08:00
2017-01-09T01:04:26: 非记录时间：2017-01-09T01:04:26+08:00
2017-01-09T01:04:36: 非记录时间：2017-01-09T01:04:36+08:00
2017-01-09T01:04:46: 非记录时间：2017-01-09T01:04:46+08:00
2017-01-09T01:04:56: 非记录时间：2017-01-09T01:04:56+08:00
2017-01-09T01:05:06: 非记录时间：2017-01-09T01:05:06+08:00
2017-01-09T01:05:16: 非记录时间：2017-01-09T01:05:16+08:00
2017-01-09T01:05:26: 非记录时间：2017-01-09T01:05:26+08:00
2017-01-09T01:05:36: 非记录时间：2017-01-09T01:05:36+08:00
2017-01-09T01:05:46: 非记录时间：2017-01-09T01:05:46+08:00
2017-01-09T01:05:56: 非记录时间：2017-01-09T01:05:56+08:00
2017-01-09T01:06:06: 非记录时间：2017-01-09T01:06:06+08:00
2017-01-09T01:06:16: 非记录时间：2017-01-09T01:06:16+08:00
2017-01-09T01:06:26: 非记录时间：2017-01-09T01:06:26+08:00
2017-01-09T01:06:36: 非记录时间：2017-01-09T01:06:36+08:00
2017-01-09T01:06:46: 非记录时间：2017-01-09T01:06:46+08:00
2017-01-09T01:06:56: 非记录时间：2017-01-09T01:06:56+08:00
2017-01-09T01:07:06: 非记录时间：2017-01-09T01:07:06+08:00
2017-01-09T01:07:16: 非记录时间：2017-01-09T01:07:16+08:00
2017-01-09T01:07:26: 非记录时间：2017-01-09T01:07:26+08:00
2017-01-09T01:07:36: 非记录时间：2017-01-09T01:07:36+08:00
2017-01-09T01:07:46: 非记录时间：2017-01-09T01:07:46+08:00
2017-01-09T01:07:56: 非记录时间：2017-01-09T01:07:56+08:00
2017-01-09T01:08:06: 非记录时间：2017-01-09T01:08:06+08:00
2017-01-09T01:08:16: 非记录时间：2017-01-09T01:08:16+08:00
2017-01-09T01:08:26: 非记录时间：2017-01-09T01:08:26+08:00
2017-01-09T01:08:36: 非记录时间：2017-01-09T01:08:36+08:00
2017-01-09T01:08:46: 非记录时间：2017-01-09T01:08:46+08:00
2017-01-09T01:08:56: 非记录时间：2017-01-09T01:08:56+08:00
2017-01-09T01:09:06: 非记录时间：2017-01-09T01:09:06+08:00
2017-01-09T01:09:16: 非记录时间：2017-01-09T01:09:16+08:00
2017-01-09T01:09:26: 非记录时间：2017-01-09T01:09:26+08:00
2017-01-09T01:09:36: 非记录时间：2017-01-09T01:09:36+08:00
2017-01-09T01:09:46: 非记录时间：2017-01-09T01:09:46+08:00
2017-01-09T01:09:56: 非记录时间：2017-01-09T01:09:56+08:00
2017-01-09T01:10:06: 非记录时间：2017-01-09T01:10:06+08:00
2017-01-09T01:10:16: 非记录时间：2017-01-09T01:10:16+08:00
2017-01-09T01:10:26: 非记录时间：2017-01-09T01:10:26+08:00
2017-01-09T01:10:36: 非记录时间：2017-01-09T01:10:36+08:00
2017-01-09T01:10:46: 非记录时间：2017-01-09T01:10:46+08:00
2017-01-09T01:10:56: 非记录时间：2017-01-09T01:10:56+08:00
2017-01-09T01:11:11: 读取文件失败，可能是该文件不存在
2017-01-09T01:11:11: Error: ENOENT: no such file or directory, open './data/2017-01-09.json'
2017-01-09T01:11:27: 读取文件成功
2017-01-09T01:11:34: 读取文件成功
2017-01-09T01:11:44: 读取文件成功
2017-01-09T01:11:54: 读取文件成功
2017-01-09T01:12:02: 读取文件成功
2017-01-09T01:12:12: 读取文件成功
2017-01-09T01:12:39: 读取文件成功
2017-01-09T01:12:41: 读取文件成功
2017-01-09T01:12:54: 读取文件成功
2017-01-09T01:13:04: 读取文件成功
2017-01-09T01:13:08: 读取文件成功
2017-01-09T01:13:17: 读取文件成功
2017-01-09T01:13:22: 读取文件成功
2017-01-09T01:13:32: 读取文件成功
2017-01-09T01:13:42: 读取文件成功
2017-01-09T01:13:52: 读取文件成功
2017-01-09T01:14:02: 读取文件成功
2017-01-09T01:14:12: 读取文件成功
2017-01-09T01:14:22: 读取文件成功
2017-01-09T01:14:32: 读取文件成功
2017-01-09T01:14:42: 读取文件成功
2017-01-09T01:14:52: 读取文件成功
2017-01-09T01:15:02: 读取文件成功
2017-01-09T01:15:12: 读取文件成功
2017-01-09T01:15:22: 读取文件成功
2017-01-09T01:15:35: 读取文件成功
2017-01-09T01:15:46: 读取文件成功
2017-01-09T01:15:55: 读取文件成功
2017-01-09T01:16:06: 读取文件成功
2017-01-09T01:16:17: 读取文件成功
2017-01-09T01:16:24: 读取文件成功
2017-01-09T01:16:32: 读取文件成功
2017-01-09T01:16:42: 读取文件成功
2017-01-09T01:17:02: 读取文件成功
2017-01-09T01:17:24: 读取文件成功
2017-01-09T01:17:24: 读取文件成功
2017-01-09T01:17:36: 读取文件成功
2017-01-09T01:17:43: 读取文件成功
2017-01-09T01:17:44: 读取文件成功
2017-01-09T01:17:52: 读取文件成功
2017-01-09T01:18:02: 读取文件成功
2017-01-09T01:18:12: 读取文件成功
2017-01-09T01:18:22: 读取文件成功
2017-01-09T01:18:32: 读取文件成功
2017-01-09T01:18:42: 读取文件成功
2017-01-09T01:18:52: 读取文件成功
2017-01-09T01:19:02: 读取文件成功
2017-01-09T01:19:12: 读取文件成功
2017-01-09T01:19:22: 读取文件成功
2017-01-09T01:19:32: 读取文件成功
2017-01-09T01:19:42: 读取文件成功
2017-01-09T01:20:14: 读取文件成功
2017-01-09T01:20:23: 读取文件成功
2017-01-09T01:20:35: 读取文件成功
2017-01-09T01:20:45: 读取文件成功
2017-01-09T01:20:53: 读取文件成功
2017-01-09T01:21:00: 读取文件成功
2017-01-09T01:21:03: 读取文件成功
2017-01-09T01:21:42: 读取文件成功
2017-01-09T01:21:43: 读取文件成功
2017-01-09T01:22:02: 读取文件成功
2017-01-09T01:22:03: 读取文件成功
2017-01-09T01:22:13: 读取文件成功
2017-01-09T01:22:22: 读取文件成功
2017-01-09T01:22:23: 读取文件成功
2017-01-09T01:22:33: 读取文件成功
2017-01-09T01:22:43: 读取文件成功
2017-01-09T01:22:53: 读取文件成功
2017-01-09T01:23:03: 读取文件成功
2017-01-09T01:23:13: 读取文件成功
2017-01-09T01:23:23: 读取文件成功
2017-01-09T01:23:33: 读取文件成功
2017-01-09T01:23:43: 读取文件成功
2017-01-09T01:23:53: 读取文件成功
2017-01-09T01:24:03: 读取文件成功
2017-01-09T01:24:13: 读取文件成功
2017-01-09T01:24:24: 读取文件成功
2017-01-09T01:24:36: 读取文件成功
2017-01-09T01:24:52: 读取文件成功
2017-01-09T01:24:56: 读取文件成功
2017-01-09T01:25:07: 读取文件成功
2017-01-09T01:25:15: 读取文件成功
2017-01-09T01:25:23: 读取文件成功
2017-01-09T01:25:33: 读取文件成功
2017-01-09T01:25:58: 读取文件成功
2017-01-09T01:25:59: 读取文件成功
2017-01-09T01:26:23: 读取文件成功
2017-01-09T01:26:38: 读取文件成功
2017-01-09T01:26:43: 读取文件成功
2017-01-09T01:26:47: 读取文件成功
2017-01-09T01:26:53: 读取文件成功
2017-01-09T01:27:01: 读取文件成功
2017-01-09T01:27:03: 读取文件成功
2017-01-09T01:27:13: 读取文件成功
2017-01-09T01:27:23: 读取文件成功
2017-01-09T01:27:33: 读取文件成功
2017-01-09T01:27:43: 读取文件成功
2017-01-09T01:27:53: 读取文件成功
2017-01-09T01:28:03: 读取文件成功
2017-01-09T01:28:13: 读取文件成功
2017-01-09T01:28:23: 读取文件成功
2017-01-09T01:28:33: 读取文件成功
2017-01-09T01:28:43: 读取文件成功
2017-01-09T01:29:26: 读取文件成功
2017-01-09T01:29:36: 读取文件成功
2017-01-09T01:29:36: 读取文件成功
2017-01-09T01:29:41: 读取文件成功
2017-01-09T01:29:46: 读取文件成功
2017-01-09T01:29:56: 读取文件成功
2017-01-09T01:30:20: 读取文件成功
2017-01-09T01:30:42: 读取文件成功
2017-01-09T01:30:50: 读取文件成功
2017-01-09T01:30:50: 读取文件成功
2017-01-09T01:31:01: 读取文件成功
2017-01-09T01:31:04: 读取文件成功
2017-01-09T01:31:06: 读取文件成功
2017-01-09T01:31:16: 读取文件成功
2017-01-09T01:31:26: 读取文件成功
2017-01-09T01:31:36: 读取文件成功
2017-01-09T01:31:46: 读取文件成功
2017-01-09T01:31:56: 读取文件成功
2017-01-09T01:32:06: 读取文件成功
2017-01-09T01:32:16: 读取文件成功
2017-01-09T01:32:26: 读取文件成功
2017-01-09T01:32:36: 读取文件成功
2017-01-09T01:32:47: 读取文件成功
2017-01-09T01:32:56: 读取文件成功
2017-01-09T01:33:06: 读取文件成功
2017-01-09T01:33:18: 读取文件成功
2017-01-09T01:33:30: 读取文件成功
2017-01-09T01:33:41: 读取文件成功
2017-01-09T01:33:53: 读取文件成功
2017-01-09T01:33:57: 读取文件成功
2017-01-09T01:34:08: 读取文件成功
2017-01-09T01:34:16: 读取文件成功
2017-01-09T01:34:27: 读取文件成功
2017-01-09T01:34:49: 读取文件成功
2017-01-09T01:34:52: 读取文件成功
2017-01-09T01:35:00: 读取文件成功
2017-01-09T01:35:34: 读取文件成功
2017-01-09T01:35:36: 读取文件成功
2017-01-09T01:35:37: 读取文件成功
2017-01-09T01:35:42: 读取文件成功
2017-01-09T01:35:47: 读取文件成功
2017-01-09T01:35:57: 读取文件成功
2017-01-09T01:36:07: 读取文件成功
2017-01-09T01:36:17: 读取文件成功
2017-01-09T01:36:27: 读取文件成功
2017-01-09T01:36:37: 读取文件成功
2017-01-09T01:36:47: 读取文件成功
2017-01-09T01:36:57: 读取文件成功
2017-01-09T01:37:07: 读取文件成功
2017-01-09T01:37:17: 读取文件成功
2017-01-09T01:37:27: 读取文件成功
2017-01-09T01:37:49: 读取文件成功
2017-01-09T01:37:50: 读取文件成功
2017-01-09T01:38:00: 读取文件成功
2017-01-09T01:38:09: 读取文件成功
2017-01-09T01:38:23: 读取文件成功
2017-01-09T01:38:35: 读取文件成功
2017-01-09T01:38:37: 读取文件成功
2017-01-09T01:38:47: 读取文件成功
2017-01-09T01:39:18: 读取文件成功
2017-01-09T01:39:19: 读取文件成功
2017-01-09T01:39:33: 读取文件成功
2017-01-09T01:39:51: 读取文件成功
2017-01-09T01:39:57: 读取文件成功
2017-01-09T01:39:57: 读取文件成功
2017-01-09T01:40:07: 读取文件成功
2017-01-09T01:40:10: 读取文件成功
2017-01-09T01:40:17: 读取文件成功
2017-01-09T01:40:27: 读取文件成功
2017-01-09T01:40:37: 读取文件成功
2017-01-09T01:40:47: 读取文件成功
2017-01-09T01:40:57: 读取文件成功
2017-01-09T01:41:07: 读取文件成功
2017-01-09T01:41:17: 读取文件成功
2017-01-09T01:41:27: 读取文件成功
2017-01-09T01:41:37: 读取文件成功
2017-01-09T01:41:47: 读取文件成功
2017-01-09T01:41:57: 读取文件成功
2017-01-09T01:42:08: 读取文件成功
2017-01-09T01:42:19: 读取文件成功
2017-01-09T01:42:30: 读取文件成功
2017-01-09T01:42:41: 读取文件成功
2017-01-09T01:42:52: 读取文件成功
2017-01-09T01:43:01: 读取文件成功
2017-01-09T01:43:07: 读取文件成功
2017-01-09T01:43:17: 读取文件成功
2017-01-09T01:43:35: 读取文件成功
2017-01-09T01:43:50: 读取文件成功
2017-01-09T01:44:18: 读取文件成功
2017-01-09T01:44:18: 读取文件成功
2017-01-09T01:44:25: 读取文件成功
2017-01-09T01:44:27: 读取文件成功
2017-01-09T01:44:37: 读取文件成功
2017-01-09T01:44:41: 读取文件成功
2017-01-09T01:44:47: 读取文件成功
2017-01-09T01:44:57: 读取文件成功
2017-01-09T01:45:07: 读取文件成功
2017-01-09T01:45:17: 读取文件成功
2017-01-09T01:45:27: 读取文件成功
2017-01-09T01:45:37: 读取文件成功
2017-01-09T01:45:47: 读取文件成功
2017-01-09T01:45:57: 读取文件成功
2017-01-09T01:46:07: 读取文件成功
2017-01-09T01:46:17: 读取文件成功
2017-01-09T01:46:27: 读取文件成功
2017-01-09T01:46:40: 读取文件成功
2017-01-09T01:46:47: 读取文件成功
2017-01-09T01:46:59: 读取文件成功
2017-01-09T01:47:16: 读取文件成功
2017-01-09T01:47:28: 读取文件成功
2017-01-09T01:47:35: 读取文件成功
2017-01-09T01:47:37: 读取文件成功
2017-01-09T01:47:47: 读取文件成功
2017-01-09T01:48:03: 读取文件成功
2017-01-09T01:48:29: 读取文件成功
2017-01-09T01:48:49: 读取文件成功
2017-01-09T01:48:50: 读取文件成功
2017-01-09T01:48:51: 读取文件成功
2017-01-09T01:48:54: 读取文件成功
2017-01-09T01:48:57: 读取文件成功
2017-01-09T01:49:07: 读取文件成功
2017-01-09T01:49:17: 读取文件成功
2017-01-09T01:49:27: 读取文件成功
2017-01-09T01:49:37: 读取文件成功
2017-01-09T01:49:47: 读取文件成功
2017-01-09T01:49:57: 读取文件成功
2017-01-09T01:50:07: 读取文件成功
2017-01-09T01:50:17: 读取文件成功
2017-01-09T01:50:27: 读取文件成功
2017-01-09T01:50:37: 读取文件成功
2017-01-09T01:50:47: 读取文件成功
2017-01-09T01:51:19: 读取文件成功
2017-01-09T01:51:21: 读取文件成功
2017-01-09T01:51:28: 读取文件成功
2017-01-09T01:51:30: 读取文件成功
2017-01-09T01:51:39: 读取文件成功
2017-01-09T01:51:49: 读取文件成功
2017-01-09T01:51:57: 读取文件成功
2017-01-09T01:52:07: 读取文件成功
2017-01-09T01:52:28: 读取文件成功
2017-01-09T01:53:04: 读取文件成功
2017-01-09T01:53:17: 读取文件成功
2017-01-09T01:53:18: 读取文件成功
2017-01-09T01:53:23: 读取文件成功
2017-01-09T01:53:28: 读取文件成功
2017-01-09T01:53:37: 读取文件成功
2017-01-09T01:53:45: 读取文件成功
2017-01-09T01:53:48: 读取文件成功
2017-01-09T01:53:58: 读取文件成功
2017-01-09T01:54:08: 读取文件成功
2017-01-09T01:54:18: 读取文件成功
2017-01-09T01:54:28: 读取文件成功
2017-01-09T01:54:38: 读取文件成功
2017-01-09T01:54:48: 读取文件成功
2017-01-09T01:54:58: 读取文件成功
2017-01-09T01:55:08: 读取文件成功
2017-01-09T01:55:18: 读取文件成功
2017-01-09T01:55:32: 读取文件成功
2017-01-09T01:55:49: 读取文件成功
2017-01-09T01:55:52: 读取文件成功
2017-01-09T01:56:12: 读取文件成功
2017-01-09T01:56:20: 读取文件成功
2017-01-09T01:56:26: 读取文件成功
2017-01-09T01:56:28: 读取文件成功
2017-01-09T01:56:38: 读取文件成功
2017-01-09T01:57:06: 读取文件成功
2017-01-09T01:57:18: 读取文件成功
2017-01-09T01:57:42: 读取文件成功
2017-01-09T01:57:44: 读取文件成功
2017-01-09T01:57:48: 读取文件成功
2017-01-09T01:57:48: 读取文件成功
2017-01-09T01:57:51: 读取文件成功
2017-01-09T01:57:58: 读取文件成功
2017-01-09T01:58:08: 读取文件成功
2017-01-09T01:58:18: 读取文件成功
2017-01-09T01:58:28: 读取文件成功
2017-01-09T01:58:38: 读取文件成功
2017-01-09T01:58:48: 读取文件成功
2017-01-09T01:58:58: 读取文件成功
2017-01-09T01:59:08: 读取文件成功
2017-01-09T01:59:27: 读取文件成功
2017-01-09T01:59:37: 读取文件成功
2017-01-09T01:59:47: 读取文件成功
2017-01-09T01:59:59: 读取文件成功
2017-01-09T02:00:18: 读取文件成功
2017-01-09T02:00:33: 读取文件成功
2017-01-09T02:00:39: 读取文件成功
2017-01-09T02:00:43: 读取文件成功
2017-01-09T02:00:50: 读取文件成功
2017-01-09T02:00:57: 读取文件成功
2017-01-09T02:01:07: 读取文件成功
2017-01-09T02:01:19: 读取文件成功
2017-01-09T02:01:49: 读取文件成功
2017-01-09T02:01:50: 读取文件成功
2017-01-09T02:02:07: 读取文件成功
2017-01-09T02:02:10: 读取文件成功
2017-01-09T02:02:17: 读取文件成功
2017-01-09T02:02:17: 读取文件成功
2017-01-09T02:02:27: 读取文件成功
2017-01-09T02:02:37: 读取文件成功
2017-01-09T02:02:47: 读取文件成功
2017-01-09T02:02:57: 读取文件成功
2017-01-09T02:03:07: 读取文件成功
2017-01-09T02:03:17: 读取文件成功
2017-01-09T02:03:27: 读取文件成功
2017-01-09T02:03:37: 读取文件成功
2017-01-09T02:03:47: 读取文件成功
2017-01-09T02:03:57: 读取文件成功
2017-01-09T02:04:07: 读取文件成功
2017-01-09T02:04:26: 读取文件成功
2017-01-09T02:04:28: 读取文件成功
2017-01-09T02:04:38: 读取文件成功
2017-01-09T02:04:52: 读取文件成功
2017-01-09T02:05:08: 读取文件成功
2017-01-09T02:05:10: 读取文件成功
2017-01-09T02:05:17: 读取文件成功
2017-01-09T02:05:27: 读取文件成功
2017-01-09T02:05:56: 读取文件成功
2017-01-09T02:06:14: 读取文件成功
2017-01-09T02:06:29: 读取文件成功
2017-01-09T02:06:31: 读取文件成功
2017-01-09T02:06:37: 读取文件成功
2017-01-09T02:06:37: 读取文件成功
2017-01-09T02:06:40: 读取文件成功
2017-01-09T02:06:47: 读取文件成功
2017-01-09T02:06:57: 读取文件成功
2017-01-09T02:07:07: 读取文件成功
2017-01-09T02:07:17: 读取文件成功
2017-01-09T02:07:27: 读取文件成功
2017-01-09T02:07:37: 读取文件成功
2017-01-09T02:07:47: 读取文件成功
2017-01-09T02:07:57: 读取文件成功
2017-01-09T02:08:07: 读取文件成功
2017-01-09T02:08:17: 读取文件成功
2017-01-09T02:08:27: 读取文件成功
2017-01-09T02:08:37: 读取文件成功
2017-01-09T02:08:49: 读取文件成功
2017-01-09T02:09:10: 读取文件成功
2017-01-09T02:09:22: 读取文件成功
2017-01-09T02:09:24: 读取文件成功
2017-01-09T02:09:38: 读取文件成功
2017-01-09T02:09:42: 读取文件成功
2017-01-09T02:09:47: 读取文件成功
2017-01-09T02:09:57: 读取文件成功
2017-01-09T02:11:02: 读取文件成功
2017-01-09T02:11:02: 读取文件成功
2017-01-09T02:11:02: 读取文件成功
2017-01-09T02:11:07: 读取文件成功
2017-01-09T02:11:11: 读取文件成功
2017-01-09T02:11:17: 读取文件成功
2017-01-09T02:11:18: 读取文件成功
2017-01-09T02:11:24: 读取文件成功
2017-01-09T02:11:27: 读取文件成功
2017-01-09T02:11:37: 读取文件成功
2017-01-09T02:11:47: 读取文件成功
2017-01-09T02:11:57: 读取文件成功
2017-01-09T02:12:07: 读取文件成功
2017-01-09T02:12:17: 读取文件成功
2017-01-09T02:12:27: 读取文件成功
2017-01-09T02:12:37: 读取文件成功
2017-01-09T02:12:47: 读取文件成功
2017-01-09T02:12:57: 读取文件成功
2017-01-09T02:13:07: 读取文件成功
2017-01-09T02:13:20: 读取文件成功
2017-01-09T02:13:28: 读取文件成功
2017-01-09T02:13:41: 读取文件成功
2017-01-09T02:13:51: 读取文件成功
2017-01-09T02:14:09: 读取文件成功
2017-01-09T02:14:09: 读取文件成功
2017-01-09T02:14:17: 读取文件成功
2017-01-09T02:14:27: 读取文件成功
2017-01-09T02:15:16: 读取文件成功
2017-01-09T02:15:27: 读取文件成功
2017-01-09T02:15:29: 读取文件成功
2017-01-09T02:15:38: 读取文件成功
2017-01-09T02:15:43: 读取文件成功
2017-01-09T02:15:48: 读取文件成功
2017-01-09T02:15:58: 读取文件成功
2017-01-09T02:16:01: 读取文件成功
2017-01-09T02:16:08: 读取文件成功
2017-01-09T02:16:18: 读取文件成功
2017-01-09T02:16:28: 读取文件成功
2017-01-09T02:16:38: 读取文件成功
2017-01-09T02:16:48: 读取文件成功
2017-01-09T02:16:58: 读取文件成功
2017-01-09T02:17:08: 读取文件成功
2017-01-09T02:17:18: 读取文件成功
2017-01-09T02:17:28: 读取文件成功
2017-01-09T02:17:54: 读取文件成功
2017-01-09T02:17:54: 读取文件成功
2017-01-09T02:18:02: 读取文件成功
2017-01-09T02:18:10: 读取文件成功
2017-01-09T02:18:20: 读取文件成功
2017-01-09T02:18:30: 读取文件成功
2017-01-09T02:18:38: 读取文件成功
2017-01-09T02:18:48: 读取文件成功
2017-01-09T02:19:28: 读取文件成功
2017-01-09T02:19:56: 读取文件成功
2017-01-09T02:19:56: 读取文件成功
2017-01-09T02:19:58: 读取文件成功
2017-01-09T02:19:58: 读取文件成功
2017-01-09T02:20:08: 读取文件成功
2017-01-09T02:20:18: 读取文件成功
2017-01-09T02:20:28: 读取文件成功
2017-01-09T02:20:38: 读取文件成功
2017-01-09T02:20:48: 读取文件成功
2017-01-09T02:20:58: 读取文件成功
2017-01-09T02:21:08: 读取文件成功
2017-01-09T02:21:18: 读取文件成功
2017-01-09T02:21:28: 读取文件成功
2017-01-09T02:21:38: 读取文件成功
2017-01-09T02:21:48: 读取文件成功
2017-01-09T02:21:58: 读取文件成功
2017-01-09T02:22:16: 读取文件成功
2017-01-09T02:22:19: 读取文件成功
2017-01-09T02:22:29: 读取文件成功
2017-01-09T02:22:39: 读取文件成功
2017-01-09T02:22:53: 读取文件成功
2017-01-09T02:23:01: 读取文件成功
2017-01-09T02:23:08: 读取文件成功
2017-01-09T02:23:18: 读取文件成功
2017-01-09T02:23:33: 读取文件成功
2017-01-09T02:23:44: 读取文件成功
2017-01-09T02:23:59: 读取文件成功
2017-01-09T02:24:21: 读取文件成功
2017-01-09T02:24:22: 读取文件成功
2017-01-09T02:24:22: 读取文件成功
2017-01-09T02:24:28: 读取文件成功
2017-01-09T02:24:38: 读取文件成功
2017-01-09T02:24:48: 读取文件成功
2017-01-09T02:24:58: 读取文件成功
2017-01-09T02:25:08: 读取文件成功
2017-01-09T02:25:18: 读取文件成功
2017-01-09T02:25:28: 读取文件成功
2017-01-09T02:25:38: 读取文件成功
2017-01-09T02:25:48: 读取文件成功
2017-01-09T02:25:58: 读取文件成功
2017-01-09T02:26:08: 读取文件成功
2017-01-09T02:26:18: 读取文件成功
2017-01-09T02:26:35: 读取文件成功
2017-01-09T02:26:46: 读取文件成功
2017-01-09T02:26:49: 读取文件成功
2017-01-09T02:27:01: 读取文件成功
2017-01-09T02:27:10: 读取文件成功
2017-01-09T02:27:23: 读取文件成功
2017-01-09T02:27:28: 读取文件成功
2017-01-09T02:27:38: 读取文件成功
2017-01-09T02:28:01: 读取文件成功
2017-01-09T02:28:23: 读取文件成功
2017-01-09T02:28:46: 读取文件成功
2017-01-09T02:28:47: 读取文件成功
2017-01-09T02:28:48: 读取文件成功
2017-01-09T02:28:48: 读取文件成功
2017-01-09T02:28:58: 读取文件成功
2017-01-09T02:29:08: 读取文件成功
2017-01-09T02:29:18: 读取文件成功
2017-01-09T02:29:28: 读取文件成功
2017-01-09T02:29:38: 读取文件成功
2017-01-09T02:29:48: 读取文件成功
2017-01-09T02:29:58: 读取文件成功
2017-01-09T02:30:08: 读取文件成功
2017-01-09T02:30:18: 读取文件成功
2017-01-09T02:30:28: 读取文件成功
2017-01-09T02:30:38: 读取文件成功
2017-01-09T02:30:48: 读取文件成功
2017-01-09T02:31:09: 读取文件成功
2017-01-09T02:31:11: 读取文件成功
2017-01-09T02:31:27: 读取文件成功
2017-01-09T02:31:30: 读取文件成功
2017-01-09T02:31:40: 读取文件成功
2017-01-09T02:31:54: 读取文件成功
2017-01-09T02:31:58: 读取文件成功
2017-01-09T02:32:08: 读取文件成功
2017-01-09T02:32:25: 读取文件成功
2017-01-09T02:32:33: 读取文件成功
2017-01-09T02:32:43: 读取文件成功
2017-01-09T02:33:00: 读取文件成功
2017-01-09T02:33:12: 读取文件成功
2017-01-09T02:33:16: 读取文件成功
2017-01-09T02:33:19: 读取文件成功
2017-01-09T02:33:29: 读取文件成功
2017-01-09T02:33:39: 读取文件成功
2017-01-09T02:33:49: 读取文件成功
2017-01-09T02:33:59: 读取文件成功
2017-01-09T02:34:09: 读取文件成功
2017-01-09T02:34:19: 读取文件成功
2017-01-09T02:34:29: 读取文件成功
2017-01-09T02:34:39: 读取文件成功
2017-01-09T02:34:49: 读取文件成功
2017-01-09T02:34:59: 读取文件成功
2017-01-09T02:35:09: 读取文件成功
2017-01-09T02:35:19: 读取文件成功
2017-01-09T02:35:30: 读取文件成功
2017-01-09T02:35:40: 读取文件成功
2017-01-09T02:35:49: 读取文件成功
2017-01-09T02:36:01: 读取文件成功
2017-01-09T02:36:12: 读取文件成功
2017-01-09T02:36:21: 读取文件成功
2017-01-09T02:36:29: 读取文件成功
2017-01-09T02:36:39: 读取文件成功
2017-01-09T02:37:01: 读取文件成功
2017-01-09T02:37:12: 读取文件成功
2017-01-09T02:37:41: 读取文件成功
2017-01-09T02:37:41: 读取文件成功
2017-01-09T02:37:42: 读取文件成功
2017-01-09T02:37:49: 读取文件成功
2017-01-09T02:37:59: 读取文件成功
2017-01-09T02:38:09: 读取文件成功
2017-01-09T02:38:16: 读取文件成功
2017-01-09T02:38:19: 读取文件成功
2017-01-09T02:38:29: 读取文件成功
2017-01-09T02:38:39: 读取文件成功
2017-01-09T02:38:49: 读取文件成功
2017-01-09T02:38:59: 读取文件成功
2017-01-09T02:39:09: 读取文件成功
2017-01-09T02:39:19: 读取文件成功
2017-01-09T02:39:29: 读取文件成功
2017-01-09T02:39:39: 读取文件成功
2017-01-09T02:40:02: 读取文件成功
2017-01-09T02:40:10: 读取文件成功
2017-01-09T02:40:22: 读取文件成功
2017-01-09T02:40:32: 读取文件成功
2017-01-09T02:40:40: 读取文件成功
2017-01-09T02:40:48: 读取文件成功
2017-01-09T02:40:49: 读取文件成功
2017-01-09T02:40:59: 读取文件成功
2017-01-09T02:41:13: 读取文件成功
2017-01-09T02:41:28: 读取文件成功
2017-01-09T02:41:30: 读取文件成功
2017-01-09T02:41:54: 读取文件成功
2017-01-09T02:42:03: 读取文件成功
2017-01-09T02:42:05: 读取文件成功
2017-01-09T02:42:09: 读取文件成功
2017-01-09T02:42:19: 读取文件成功
2017-01-09T02:42:29: 读取文件成功
2017-01-09T02:42:39: 读取文件成功
2017-01-09T02:42:49: 读取文件成功
2017-01-09T02:42:59: 读取文件成功
2017-01-09T02:43:09: 读取文件成功
2017-01-09T02:43:19: 读取文件成功
2017-01-09T02:43:29: 读取文件成功
2017-01-09T02:43:39: 读取文件成功
2017-01-09T02:43:49: 读取文件成功
2017-01-09T02:43:59: 读取文件成功
2017-01-09T02:44:09: 读取文件成功
2017-01-09T02:44:25: 读取文件成功
2017-01-09T02:44:34: 读取文件成功
2017-01-09T02:44:51: 读取文件成功
2017-01-09T02:45:01: 读取文件成功
2017-01-09T02:45:09: 读取文件成功
2017-01-09T02:45:19: 读取文件成功
2017-01-09T02:45:21: 读取文件成功
2017-01-09T02:45:29: 读取文件成功
2017-01-09T02:46:15: 读取文件成功
2017-01-09T02:46:21: 读取文件成功
2017-01-09T02:46:33: 读取文件成功
2017-01-09T02:46:34: 读取文件成功
2017-01-09T02:46:37: 读取文件成功
2017-01-09T02:46:39: 读取文件成功
2017-01-09T02:46:49: 读取文件成功
2017-01-09T02:46:52: 读取文件成功
2017-01-09T02:46:59: 读取文件成功
2017-01-09T02:47:09: 读取文件成功
2017-01-09T02:47:19: 读取文件成功
2017-01-09T02:47:29: 读取文件成功
2017-01-09T02:47:39: 读取文件成功
2017-01-09T02:47:49: 读取文件成功
2017-01-09T02:47:59: 读取文件成功
2017-01-09T02:48:09: 读取文件成功
2017-01-09T02:48:19: 读取文件成功
2017-01-09T02:48:29: 读取文件成功
2017-01-09T02:48:39: 读取文件成功
2017-01-09T02:48:51: 读取文件成功
2017-01-09T02:49:08: 读取文件成功
2017-01-09T02:49:20: 读取文件成功
2017-01-09T02:49:23: 读取文件成功
2017-01-09T02:49:30: 读取文件成功
2017-01-09T02:49:42: 读取文件成功
2017-01-09T02:49:49: 读取文件成功
2017-01-09T02:50:00: 读取文件成功
2017-01-09T02:50:16: 读取文件成功
2017-01-09T02:50:23: 读取文件成功
2017-01-09T02:50:43: 读取文件成功
2017-01-09T02:50:44: 读取文件成功
2017-01-09T02:51:01: 读取文件成功
2017-01-09T02:51:03: 读取文件成功
2017-01-09T02:51:09: 读取文件成功
2017-01-09T02:51:19: 读取文件成功
2017-01-09T02:51:29: 读取文件成功
2017-01-09T02:51:39: 读取文件成功
2017-01-09T02:51:49: 读取文件成功
2017-01-09T02:51:59: 读取文件成功
2017-01-09T02:52:09: 读取文件成功
2017-01-09T02:52:19: 读取文件成功
2017-01-09T02:52:29: 读取文件成功
2017-01-09T02:52:39: 读取文件成功
2017-01-09T02:52:50: 读取文件成功
2017-01-09T02:53:00: 读取文件成功
2017-01-09T02:53:11: 读取文件成功
2017-01-09T02:53:22: 读取文件成功
2017-01-09T02:53:30: 读取文件成功
2017-01-09T02:53:45: 读取文件成功
2017-01-09T02:53:53: 读取文件成功
2017-01-09T02:54:01: 读取文件成功
2017-01-09T02:54:10: 读取文件成功
2017-01-09T02:54:20: 读取文件成功
2017-01-09T02:54:43: 读取文件成功
2017-01-09T02:54:51: 读取文件成功
2017-01-09T02:55:12: 读取文件成功
2017-01-09T02:55:20: 读取文件成功
2017-01-09T02:55:29: 读取文件成功
2017-01-09T02:55:30: 读取文件成功
2017-01-09T02:55:37: 读取文件成功
2017-01-09T02:55:40: 读取文件成功
2017-01-09T02:55:50: 读取文件成功
2017-01-09T02:56:00: 读取文件成功
2017-01-09T02:56:10: 读取文件成功
2017-01-09T02:56:20: 读取文件成功
2017-01-09T02:56:30: 读取文件成功
2017-01-09T02:56:40: 读取文件成功
2017-01-09T02:56:50: 读取文件成功
2017-01-09T02:57:00: 读取文件成功
2017-01-09T02:57:10: 读取文件成功
2017-01-09T02:57:20: 读取文件成功
2017-01-09T02:57:30: 读取文件成功
2017-01-09T02:57:43: 读取文件成功
2017-01-09T02:57:54: 读取文件成功
2017-01-09T02:58:02: 读取文件成功
2017-01-09T02:58:14: 读取文件成功
2017-01-09T02:58:20: 读取文件成功
2017-01-09T02:58:33: 读取文件成功
2017-01-09T02:58:40: 读取文件成功
2017-01-09T02:58:50: 读取文件成功
2017-01-09T02:59:23: 读取文件成功
2017-01-09T02:59:30: 读取文件成功
2017-01-09T02:59:50: 读取文件成功
2017-01-09T02:59:54: 读取文件成功
2017-01-09T03:00:00: 读取文件成功
2017-01-09T03:00:05: 读取文件成功
2017-01-09T03:00:10: 读取文件成功
2017-01-09T03:00:20: 读取文件成功
2017-01-09T03:00:30: 读取文件成功
2017-01-09T03:00:40: 读取文件成功
2017-01-09T03:00:50: 读取文件成功
2017-01-09T03:01:00: 读取文件成功
2017-01-09T03:01:10: 读取文件成功
2017-01-09T03:01:20: 读取文件成功
2017-01-09T03:01:30: 读取文件成功
2017-01-09T03:01:40: 读取文件成功
2017-01-09T03:01:50: 读取文件成功
2017-01-09T03:02:00: 读取文件成功
2017-01-09T03:02:10: 读取文件成功
2017-01-09T03:02:20: 读取文件成功
2017-01-09T03:02:30: 读取文件成功
2017-01-09T03:02:40: 读取文件成功
2017-01-09T03:02:50: 读取文件成功
2017-01-09T03:03:00: 读取文件成功
2017-01-09T03:03:10: 读取文件成功
2017-01-09T03:03:20: 读取文件成功
2017-01-09T03:03:30: 读取文件成功
2017-01-09T03:03:40: 读取文件成功
2017-01-09T03:03:50: 读取文件成功
2017-01-09T03:04:00: 读取文件成功
2017-01-09T03:04:10: 读取文件成功
2017-01-09T03:04:20: 读取文件成功
2017-01-09T03:04:30: 读取文件成功
2017-01-09T03:04:40: 读取文件成功
2017-01-09T03:04:50: 读取文件成功
2017-01-09T03:05:00: 读取文件成功
2017-01-09T03:05:10: 读取文件成功
2017-01-09T03:05:20: 读取文件成功
2017-01-09T03:05:30: 读取文件成功
2017-01-09T03:05:40: 读取文件成功
2017-01-09T03:05:50: 读取文件成功
2017-01-09T03:06:00: 读取文件成功
2017-01-09T03:06:10: 读取文件成功
2017-01-09T03:06:20: 读取文件成功
2017-01-09T03:06:30: 读取文件成功
2017-01-09T03:06:40: 读取文件成功
2017-01-09T03:06:50: 读取文件成功
2017-01-09T03:07:00: 读取文件成功
2017-01-09T03:07:10: 读取文件成功
2017-01-09T03:07:20: 读取文件成功
2017-01-09T03:07:30: 读取文件成功
2017-01-09T03:07:40: 读取文件成功
2017-01-09T03:07:50: 读取文件成功
2017-01-09T03:08:00: 读取文件成功
2017-01-09T03:08:10: 读取文件成功
2017-01-09T03:08:20: 读取文件成功
2017-01-09T03:08:30: 读取文件成功
2017-01-09T03:08:40: 读取文件成功
2017-01-09T03:08:50: 读取文件成功
2017-01-09T03:09:00: 读取文件成功
2017-01-09T03:09:10: 读取文件成功
2017-01-09T03:09:20: 读取文件成功
2017-01-09T03:09:30: 读取文件成功
2017-01-09T03:09:40: 读取文件成功
2017-01-09T03:09:50: 读取文件成功
2017-01-09T03:10:00: 读取文件成功
2017-01-09T03:10:10: 读取文件成功
2017-01-09T03:10:20: 读取文件成功
2017-01-09T03:10:30: 读取文件成功
2017-01-09T03:10:40: 读取文件成功
2017-01-09T03:10:50: 读取文件成功
2017-01-09T03:11:00: 读取文件成功
2017-01-09T03:11:10: 读取文件成功
2017-01-09T03:11:20: 读取文件成功
2017-01-09T03:11:30: 读取文件成功
2017-01-09T03:11:41: 读取文件成功
2017-01-09T03:11:51: 读取文件成功
2017-01-09T03:12:01: 读取文件成功
2017-01-09T03:12:11: 读取文件成功
2017-01-09T03:12:21: 读取文件成功
2017-01-09T03:12:31: 读取文件成功
2017-01-09T03:12:41: 读取文件成功
2017-01-09T03:12:51: 读取文件成功
2017-01-09T03:13:01: 读取文件成功
2017-01-09T03:13:11: 读取文件成功
2017-01-09T03:13:21: 读取文件成功
2017-01-09T03:13:31: 读取文件成功
2017-01-09T03:13:41: 读取文件成功
2017-01-09T03:13:51: 读取文件成功
2017-01-09T03:14:01: 读取文件成功
2017-01-09T03:14:11: 读取文件成功
2017-01-09T03:14:21: 读取文件成功
2017-01-09T03:14:31: 读取文件成功
2017-01-09T03:14:41: 读取文件成功
2017-01-09T03:14:51: 读取文件成功
2017-01-09T03:15:01: 读取文件成功
2017-01-09T03:15:11: 读取文件成功
2017-01-09T03:15:21: 读取文件成功
2017-01-09T03:15:31: 读取文件成功
2017-01-09T03:15:41: 读取文件成功
2017-01-09T03:15:51: 读取文件成功
2017-01-09T03:16:01: 读取文件成功
2017-01-09T03:16:11: 读取文件成功
2017-01-09T03:16:21: 读取文件成功
2017-01-09T03:16:31: 读取文件成功
2017-01-09T03:16:41: 读取文件成功
2017-01-09T03:16:51: 读取文件成功
2017-01-09T03:17:01: 读取文件成功
2017-01-09T03:17:11: 读取文件成功
2017-01-09T03:17:21: 读取文件成功
2017-01-09T03:17:31: 读取文件成功
2017-01-09T03:17:41: 读取文件成功
2017-01-09T03:17:51: 读取文件成功
2017-01-09T03:18:01: 读取文件成功
2017-01-09T03:18:11: 读取文件成功
2017-01-09T03:18:21: 读取文件成功
2017-01-09T03:18:31: 读取文件成功
2017-01-09T03:18:41: 读取文件成功
2017-01-09T03:18:51: 读取文件成功
2017-01-09T03:19:01: 读取文件成功
2017-01-09T03:19:11: 读取文件成功
2017-01-09T03:19:21: 读取文件成功
2017-01-09T03:19:31: 读取文件成功
2017-01-09T03:19:41: 读取文件成功
2017-01-09T03:19:51: 读取文件成功
2017-01-09T03:20:01: 读取文件成功
2017-01-09T03:20:11: 读取文件成功
2017-01-09T03:20:21: 读取文件成功
2017-01-09T03:20:31: 读取文件成功
2017-01-09T03:20:41: 读取文件成功
2017-01-09T03:20:51: 读取文件成功
2017-01-09T03:21:01: 读取文件成功
2017-01-09T03:21:11: 读取文件成功
2017-01-09T03:21:21: 读取文件成功
2017-01-09T03:21:31: 读取文件成功
2017-01-09T03:21:41: 读取文件成功
2017-01-09T03:21:52: 读取文件成功
2017-01-09T03:22:01: 读取文件成功
2017-01-09T03:22:11: 读取文件成功
2017-01-09T03:22:21: 读取文件成功
2017-01-09T03:22:31: 读取文件成功
2017-01-09T03:22:41: 读取文件成功
2017-01-09T03:22:51: 读取文件成功
2017-01-09T03:23:01: 读取文件成功
2017-01-09T03:23:11: 读取文件成功
2017-01-09T03:23:21: 读取文件成功
2017-01-09T03:23:31: 读取文件成功
2017-01-09T03:23:41: 读取文件成功
2017-01-09T03:23:51: 读取文件成功
2017-01-09T03:24:01: 读取文件成功
2017-01-09T03:24:11: 读取文件成功
2017-01-09T03:24:21: 读取文件成功
2017-01-09T03:24:31: 读取文件成功
2017-01-09T03:24:41: 读取文件成功
2017-01-09T03:24:51: 读取文件成功
2017-01-09T03:25:01: 读取文件成功
2017-01-09T03:25:11: 读取文件成功
2017-01-09T03:25:21: 读取文件成功
2017-01-09T03:25:31: 读取文件成功
2017-01-09T03:25:41: 读取文件成功
2017-01-09T03:25:51: 读取文件成功
2017-01-09T03:26:01: 读取文件成功
2017-01-09T03:26:11: 读取文件成功
2017-01-09T03:26:21: 读取文件成功
2017-01-09T03:26:31: 读取文件成功
2017-01-09T03:26:41: 读取文件成功
2017-01-09T03:26:51: 读取文件成功
2017-01-09T03:27:01: 读取文件成功
2017-01-09T03:27:11: 读取文件成功
2017-01-09T03:27:21: 读取文件成功
2017-01-09T03:27:31: 读取文件成功
2017-01-09T03:27:41: 读取文件成功
2017-01-09T03:27:51: 读取文件成功
2017-01-09T03:28:01: 读取文件成功
2017-01-09T03:28:11: 读取文件成功
2017-01-09T03:28:21: 读取文件成功
2017-01-09T03:28:32: 读取文件成功
2017-01-09T03:28:42: 读取文件成功
2017-01-09T03:28:52: 读取文件成功
2017-01-09T03:29:02: 读取文件成功
2017-01-09T03:29:12: 读取文件成功
2017-01-09T03:29:22: 读取文件成功
2017-01-09T03:29:32: 读取文件成功
2017-01-09T03:29:42: 读取文件成功
2017-01-09T03:29:52: 读取文件成功
2017-01-09T03:30:02: 读取文件成功
2017-01-09T03:30:12: 读取文件成功
2017-01-09T03:30:22: 读取文件成功
2017-01-09T03:30:32: 读取文件成功
2017-01-09T03:30:42: 读取文件成功
2017-01-09T03:30:52: 读取文件成功
2017-01-09T03:31:02: 读取文件成功
2017-01-09T03:31:12: 读取文件成功
2017-01-09T03:31:22: 读取文件成功
2017-01-09T03:31:32: 读取文件成功
2017-01-09T03:31:42: 读取文件成功
2017-01-09T03:31:52: 读取文件成功
2017-01-09T03:32:02: 读取文件成功
2017-01-09T03:32:12: 读取文件成功
2017-01-09T03:32:22: 读取文件成功
2017-01-09T03:32:32: 读取文件成功
2017-01-09T03:32:42: 读取文件成功
2017-01-09T03:32:52: 读取文件成功
2017-01-09T03:33:02: 读取文件成功
2017-01-09T03:33:12: 读取文件成功
2017-01-09T03:33:22: 读取文件成功
2017-01-09T03:33:32: 读取文件成功
2017-01-09T03:33:42: 读取文件成功
2017-01-09T03:33:52: 读取文件成功
2017-01-09T03:34:02: 读取文件成功
2017-01-09T03:34:12: 读取文件成功
2017-01-09T03:34:22: 读取文件成功
2017-01-09T03:34:32: 读取文件成功
2017-01-09T03:34:42: 读取文件成功
2017-01-09T03:34:52: 读取文件成功
2017-01-09T03:35:02: 读取文件成功
2017-01-09T03:35:12: 读取文件成功
2017-01-09T03:35:24: 读取文件成功
2017-01-09T03:35:35: 读取文件成功
2017-01-09T03:35:44: 读取文件成功
2017-01-09T03:35:58: 读取文件成功
2017-01-09T03:36:03: 读取文件成功
2017-01-09T03:36:14: 读取文件成功
2017-01-09T03:36:22: 读取文件成功
2017-01-09T03:36:32: 读取文件成功
2017-01-09T03:37:13: 读取文件成功
2017-01-09T03:37:20: 读取文件成功
2017-01-09T03:37:35: 读取文件成功
2017-01-09T03:37:42: 读取文件成功
2017-01-09T03:37:46: 读取文件成功
2017-01-09T03:37:52: 读取文件成功
2017-01-09T03:37:55: 读取文件成功
2017-01-09T03:38:02: 读取文件成功
2017-01-09T03:38:12: 读取文件成功
2017-01-09T03:38:22: 读取文件成功
2017-01-09T03:38:27: 读取文件成功
2017-01-09T03:38:32: 读取文件成功
2017-01-09T03:38:42: 读取文件成功
2017-01-09T03:38:52: 读取文件成功
2017-01-09T03:39:02: 读取文件成功
2017-01-09T03:39:12: 读取文件成功
2017-01-09T03:39:22: 读取文件成功
2017-01-09T03:39:32: 读取文件成功
2017-01-09T03:39:42: 读取文件成功
2017-01-09T03:39:55: 读取文件成功
2017-01-09T03:40:08: 读取文件成功
2017-01-09T03:40:26: 读取文件成功
2017-01-09T03:40:28: 读取文件成功
2017-01-09T03:40:34: 读取文件成功
2017-01-09T03:40:43: 读取文件成功
2017-01-09T03:40:52: 读取文件成功
2017-01-09T03:41:02: 读取文件成功
2017-01-09T03:41:20: 读取文件成功
2017-01-09T03:41:36: 读取文件成功
2017-01-09T03:41:38: 读取文件成功
2017-01-09T03:41:43: 读取文件成功
2017-01-09T03:41:54: 读取文件成功
2017-01-09T03:42:08: 读取文件成功
2017-01-09T03:42:12: 读取文件成功
2017-01-09T03:42:22: 读取文件成功
2017-01-09T03:42:32: 读取文件成功
2017-01-09T03:42:42: 读取文件成功
2017-01-09T03:42:52: 读取文件成功
2017-01-09T03:43:02: 读取文件成功
2017-01-09T03:43:12: 读取文件成功
2017-01-09T03:43:22: 读取文件成功
2017-01-09T03:43:32: 读取文件成功
2017-01-09T03:43:42: 读取文件成功
2017-01-09T03:43:52: 读取文件成功
2017-01-09T03:44:02: 读取文件成功
2017-01-09T03:44:12: 读取文件成功
2017-01-09T03:44:24: 读取文件成功
2017-01-09T03:44:36: 读取文件成功
2017-01-09T03:44:43: 读取文件成功
2017-01-09T03:44:57: 读取文件成功
2017-01-09T03:45:03: 读取文件成功
2017-01-09T03:45:13: 读取文件成功
2017-01-09T03:45:22: 读取文件成功
2017-01-09T03:45:32: 读取文件成功
2017-01-09T03:45:51: 读取文件成功
2017-01-09T03:45:56: 读取文件成功
2017-01-09T03:46:04: 读取文件成功
2017-01-09T03:46:23: 读取文件成功
2017-01-09T03:46:33: 读取文件成功
2017-01-09T03:46:40: 读取文件成功
2017-01-09T03:46:42: 读取文件成功
2017-01-09T03:46:52: 读取文件成功
2017-01-09T03:47:02: 读取文件成功
2017-01-09T03:47:12: 读取文件成功
2017-01-09T03:47:23: 读取文件成功
2017-01-09T03:47:33: 读取文件成功
2017-01-09T03:47:42: 读取文件成功
2017-01-09T03:47:53: 读取文件成功
2017-01-09T03:48:03: 读取文件成功
2017-01-09T03:48:13: 读取文件成功
2017-01-09T03:48:23: 读取文件成功
2017-01-09T03:48:33: 读取文件成功
2017-01-09T03:48:43: 读取文件成功
2017-01-09T03:48:53: 读取文件成功
2017-01-09T03:49:03: 读取文件成功
2017-01-09T03:49:13: 读取文件成功
2017-01-09T03:49:23: 读取文件成功
2017-01-09T03:49:33: 读取文件成功
2017-01-09T03:49:43: 读取文件成功
2017-01-09T03:49:53: 读取文件成功
2017-01-09T03:50:03: 读取文件成功
2017-01-09T03:50:13: 读取文件成功
2017-01-09T03:50:23: 读取文件成功
2017-01-09T03:50:33: 读取文件成功
2017-01-09T03:50:43: 读取文件成功
2017-01-09T03:50:53: 读取文件成功
2017-01-09T03:51:03: 读取文件成功
2017-01-09T03:51:13: 读取文件成功
2017-01-09T03:51:23: 读取文件成功
2017-01-09T03:51:33: 读取文件成功
2017-01-09T03:51:43: 读取文件成功
2017-01-09T03:51:53: 读取文件成功
2017-01-09T03:52:03: 读取文件成功
2017-01-09T03:52:13: 读取文件成功
2017-01-09T03:52:23: 读取文件成功
2017-01-09T03:52:33: 读取文件成功
2017-01-09T03:52:43: 读取文件成功
2017-01-09T03:52:53: 读取文件成功
2017-01-09T03:53:03: 读取文件成功
2017-01-09T03:53:13: 读取文件成功
2017-01-09T03:53:23: 读取文件成功
2017-01-09T03:53:33: 读取文件成功
2017-01-09T03:53:43: 读取文件成功
2017-01-09T03:53:53: 读取文件成功
2017-01-09T03:54:03: 读取文件成功
2017-01-09T03:54:13: 读取文件成功
2017-01-09T03:54:23: 读取文件成功
2017-01-09T03:54:33: 读取文件成功
2017-01-09T03:54:43: 读取文件成功
2017-01-09T03:54:53: 读取文件成功
2017-01-09T03:55:03: 读取文件成功
2017-01-09T03:55:13: 读取文件成功
2017-01-09T03:55:23: 读取文件成功
2017-01-09T03:55:33: 读取文件成功
2017-01-09T03:55:43: 读取文件成功
2017-01-09T03:55:53: 读取文件成功
2017-01-09T03:56:03: 读取文件成功
2017-01-09T03:56:13: 读取文件成功
2017-01-09T03:56:23: 读取文件成功
2017-01-09T03:56:33: 读取文件成功
2017-01-09T03:56:43: 读取文件成功
2017-01-09T03:56:53: 读取文件成功
2017-01-09T03:57:03: 读取文件成功
2017-01-09T03:57:13: 读取文件成功
2017-01-09T03:57:23: 读取文件成功
2017-01-09T03:57:33: 读取文件成功
2017-01-09T03:57:43: 读取文件成功
2017-01-09T03:57:53: 读取文件成功
2017-01-09T03:58:03: 读取文件成功
2017-01-09T03:58:13: 读取文件成功
2017-01-09T03:58:23: 读取文件成功
2017-01-09T03:58:33: 读取文件成功
2017-01-09T03:58:43: 读取文件成功
2017-01-09T03:58:53: 读取文件成功
2017-01-09T03:59:03: 读取文件成功
2017-01-09T03:59:13: 读取文件成功
2017-01-09T03:59:23: 读取文件成功
2017-01-09T03:59:33: 读取文件成功
2017-01-09T03:59:43: 读取文件成功
2017-01-09T03:59:53: 读取文件成功
2017-01-09T04:00:03: 读取文件成功
2017-01-09T04:00:13: 读取文件成功
2017-01-09T04:00:23: 读取文件成功
2017-01-09T04:00:33: 读取文件成功
2017-01-09T04:00:43: 读取文件成功
2017-01-09T04:00:53: 读取文件成功
2017-01-09T04:01:03: 读取文件成功
2017-01-09T04:01:13: 读取文件成功
2017-01-09T04:01:23: 读取文件成功
2017-01-09T04:01:33: 读取文件成功
2017-01-09T04:01:43: 读取文件成功
2017-01-09T04:01:53: 读取文件成功
2017-01-09T04:02:03: 读取文件成功
2017-01-09T04:02:13: 读取文件成功
2017-01-09T04:02:23: 读取文件成功
2017-01-09T04:02:33: 读取文件成功
2017-01-09T04:02:43: 读取文件成功
2017-01-09T04:02:53: 读取文件成功
2017-01-09T04:03:03: 读取文件成功
2017-01-09T04:03:13: 读取文件成功
2017-01-09T04:03:23: 读取文件成功
2017-01-09T04:03:33: 读取文件成功
2017-01-09T04:03:43: 读取文件成功
2017-01-09T04:03:53: 读取文件成功
2017-01-09T04:04:03: 读取文件成功
2017-01-09T04:04:13: 读取文件成功
2017-01-09T04:04:23: 读取文件成功
2017-01-09T04:04:33: 读取文件成功
2017-01-09T04:04:43: 读取文件成功
2017-01-09T04:04:53: 读取文件成功
2017-01-09T04:05:03: 读取文件成功
2017-01-09T04:05:13: 读取文件成功
2017-01-09T04:05:24: 读取文件成功
2017-01-09T04:05:33: 读取文件成功
2017-01-09T04:05:43: 读取文件成功
2017-01-09T04:05:54: 读取文件成功
2017-01-09T04:06:04: 读取文件成功
2017-01-09T04:06:14: 读取文件成功
2017-01-09T04:06:24: 读取文件成功
2017-01-09T04:06:34: 读取文件成功
2017-01-09T04:06:44: 读取文件成功
2017-01-09T04:06:54: 读取文件成功
2017-01-09T04:07:04: 读取文件成功
2017-01-09T04:07:14: 读取文件成功
2017-01-09T04:07:24: 读取文件成功
2017-01-09T04:07:34: 读取文件成功
2017-01-09T04:07:44: 读取文件成功
2017-01-09T04:07:54: 读取文件成功
2017-01-09T04:08:04: 读取文件成功
2017-01-09T04:08:14: 读取文件成功
2017-01-09T04:08:24: 读取文件成功
2017-01-09T04:08:34: 读取文件成功
2017-01-09T04:08:44: 读取文件成功
2017-01-09T04:08:54: 读取文件成功
2017-01-09T04:09:04: 读取文件成功
2017-01-09T04:09:14: 读取文件成功
2017-01-09T04:09:24: 读取文件成功
2017-01-09T04:09:34: 读取文件成功
2017-01-09T04:09:44: 读取文件成功
2017-01-09T04:09:54: 读取文件成功
2017-01-09T04:10:04: 读取文件成功
2017-01-09T04:10:14: 读取文件成功
2017-01-09T04:10:24: 读取文件成功
2017-01-09T04:10:34: 读取文件成功
2017-01-09T04:10:44: 读取文件成功
2017-01-09T04:10:54: 读取文件成功
2017-01-09T04:11:04: 读取文件成功
2017-01-09T04:11:14: 读取文件成功
2017-01-09T04:11:24: 读取文件成功
2017-01-09T04:11:34: 读取文件成功
2017-01-09T04:11:44: 读取文件成功
2017-01-09T04:11:54: 读取文件成功
2017-01-09T04:12:04: 读取文件成功
2017-01-09T04:12:14: 读取文件成功
2017-01-09T04:12:24: 读取文件成功
2017-01-09T04:12:34: 读取文件成功
2017-01-09T04:12:44: 读取文件成功
2017-01-09T04:12:54: 读取文件成功
2017-01-09T04:13:04: 读取文件成功
2017-01-09T04:13:14: 读取文件成功
2017-01-09T04:13:24: 读取文件成功
2017-01-09T04:13:34: 读取文件成功
2017-01-09T04:13:44: 读取文件成功
2017-01-09T04:13:54: 读取文件成功
2017-01-09T04:14:04: 读取文件成功
2017-01-09T04:14:14: 读取文件成功
2017-01-09T04:14:24: 读取文件成功
2017-01-09T04:14:34: 读取文件成功
2017-01-09T04:14:44: 读取文件成功
2017-01-09T04:14:54: 读取文件成功
2017-01-09T04:15:04: 读取文件成功
2017-01-09T04:15:14: 读取文件成功
2017-01-09T04:15:24: 读取文件成功
2017-01-09T04:15:34: 读取文件成功
2017-01-09T04:15:44: 读取文件成功
2017-01-09T04:15:54: 读取文件成功
2017-01-09T04:16:04: 读取文件成功
2017-01-09T04:16:14: 读取文件成功
2017-01-09T04:16:24: 读取文件成功
2017-01-09T04:16:34: 读取文件成功
2017-01-09T04:16:44: 读取文件成功
2017-01-09T04:16:54: 读取文件成功
2017-01-09T04:17:04: 读取文件成功
2017-01-09T04:17:14: 读取文件成功
2017-01-09T04:17:24: 读取文件成功
2017-01-09T04:17:34: 读取文件成功
2017-01-09T04:17:44: 读取文件成功
2017-01-09T04:17:54: 读取文件成功
2017-01-09T04:18:04: 读取文件成功
2017-01-09T04:18:14: 读取文件成功
2017-01-09T04:18:24: 读取文件成功
2017-01-09T04:18:34: 读取文件成功
2017-01-09T04:18:44: 读取文件成功
2017-01-09T04:18:54: 读取文件成功
2017-01-09T04:19:04: 读取文件成功
2017-01-09T04:19:14: 读取文件成功
2017-01-09T04:19:24: 读取文件成功
2017-01-09T04:19:34: 读取文件成功
2017-01-09T04:19:44: 读取文件成功
2017-01-09T04:19:54: 读取文件成功
2017-01-09T04:20:04: 读取文件成功
2017-01-09T04:20:14: 读取文件成功
2017-01-09T04:20:24: 读取文件成功
2017-01-09T04:20:34: 读取文件成功
2017-01-09T04:20:45: 读取文件成功
2017-01-09T04:20:54: 读取文件成功
2017-01-09T04:21:04: 读取文件成功
2017-01-09T04:21:14: 读取文件成功
2017-01-09T04:21:24: 读取文件成功
2017-01-09T04:21:34: 读取文件成功
2017-01-09T04:21:44: 读取文件成功
2017-01-09T04:21:54: 读取文件成功
2017-01-09T04:22:04: 读取文件成功
2017-01-09T04:22:14: 读取文件成功
2017-01-09T04:22:24: 读取文件成功
2017-01-09T04:22:35: 读取文件成功
2017-01-09T04:22:45: 读取文件成功
2017-01-09T04:22:55: 读取文件成功
2017-01-09T04:23:05: 读取文件成功
2017-01-09T04:23:15: 读取文件成功
2017-01-09T04:23:25: 读取文件成功
2017-01-09T04:23:35: 读取文件成功
2017-01-09T04:23:45: 读取文件成功
2017-01-09T04:23:55: 读取文件成功
2017-01-09T04:24:05: 读取文件成功
2017-01-09T04:24:15: 读取文件成功
2017-01-09T04:24:25: 读取文件成功
2017-01-09T04:24:35: 读取文件成功
2017-01-09T04:24:45: 读取文件成功
2017-01-09T04:24:55: 读取文件成功
2017-01-09T04:25:05: 读取文件成功
2017-01-09T04:25:15: 读取文件成功
2017-01-09T04:25:25: 读取文件成功
2017-01-09T04:25:35: 读取文件成功
2017-01-09T04:25:45: 读取文件成功
2017-01-09T04:25:55: 读取文件成功
2017-01-09T04:26:05: 读取文件成功
2017-01-09T04:26:15: 读取文件成功
2017-01-09T04:26:25: 读取文件成功
2017-01-09T04:26:35: 读取文件成功
2017-01-09T04:26:45: 读取文件成功
2017-01-09T04:26:55: 读取文件成功
2017-01-09T04:27:05: 读取文件成功
2017-01-09T04:27:15: 读取文件成功
2017-01-09T04:27:25: 读取文件成功
2017-01-09T04:27:35: 读取文件成功
2017-01-09T04:27:45: 读取文件成功
2017-01-09T04:27:55: 读取文件成功
2017-01-09T04:28:05: 读取文件成功
2017-01-09T04:28:15: 读取文件成功
2017-01-09T04:28:25: 读取文件成功
2017-01-09T04:28:35: 读取文件成功
2017-01-09T04:28:45: 读取文件成功
2017-01-09T04:28:55: 读取文件成功
2017-01-09T04:29:05: 读取文件成功
2017-01-09T04:29:15: 读取文件成功
2017-01-09T04:29:25: 读取文件成功
2017-01-09T04:29:35: 读取文件成功
2017-01-09T04:29:45: 读取文件成功
2017-01-09T04:29:55: 读取文件成功
2017-01-09T04:30:05: 读取文件成功
2017-01-09T04:30:15: 读取文件成功
2017-01-09T04:30:25: 读取文件成功
2017-01-09T04:30:35: 读取文件成功
2017-01-09T04:30:45: 读取文件成功
2017-01-09T04:30:55: 读取文件成功
2017-01-09T04:31:05: 读取文件成功
2017-01-09T04:31:15: 读取文件成功
2017-01-09T04:31:25: 读取文件成功
2017-01-09T04:31:35: 读取文件成功
2017-01-09T04:31:45: 读取文件成功
2017-01-09T04:31:55: 读取文件成功
2017-01-09T04:32:05: 读取文件成功
2017-01-09T04:32:15: 读取文件成功
2017-01-09T04:32:25: 读取文件成功
2017-01-09T04:32:35: 读取文件成功
2017-01-09T04:32:45: 读取文件成功
2017-01-09T04:32:55: 读取文件成功
2017-01-09T04:33:05: 读取文件成功
2017-01-09T04:33:15: 读取文件成功
2017-01-09T04:33:25: 读取文件成功
2017-01-09T04:33:35: 读取文件成功
2017-01-09T04:33:45: 读取文件成功
2017-01-09T04:33:55: 读取文件成功
2017-01-09T04:34:05: 读取文件成功
2017-01-09T04:34:15: 读取文件成功
2017-01-09T04:34:25: 读取文件成功
2017-01-09T04:34:35: 读取文件成功
2017-01-09T04:34:45: 读取文件成功
2017-01-09T04:34:55: 读取文件成功
2017-01-09T04:35:05: 读取文件成功
2017-01-09T04:35:15: 读取文件成功
2017-01-09T04:35:25: 读取文件成功
2017-01-09T04:35:35: 读取文件成功
2017-01-09T04:35:45: 读取文件成功
2017-01-09T04:35:55: 读取文件成功
2017-01-09T04:36:05: 读取文件成功
2017-01-09T04:36:15: 读取文件成功
2017-01-09T04:36:25: 读取文件成功
2017-01-09T04:36:35: 读取文件成功
2017-01-09T04:36:45: 读取文件成功
2017-01-09T04:36:55: 读取文件成功
2017-01-09T04:37:05: 读取文件成功
2017-01-09T04:37:15: 读取文件成功
2017-01-09T04:37:25: 读取文件成功
2017-01-09T04:37:35: 读取文件成功
2017-01-09T04:37:45: 读取文件成功
2017-01-09T04:37:55: 读取文件成功
2017-01-09T04:38:05: 读取文件成功
2017-01-09T04:38:15: 读取文件成功
2017-01-09T04:38:25: 读取文件成功
2017-01-09T04:38:35: 读取文件成功
2017-01-09T04:38:45: 读取文件成功
2017-01-09T04:38:55: 读取文件成功
2017-01-09T04:39:05: 读取文件成功
2017-01-09T04:39:15: 读取文件成功
2017-01-09T04:39:25: 读取文件成功
2017-01-09T04:39:35: 读取文件成功
2017-01-09T04:39:45: 读取文件成功
2017-01-09T04:39:56: 读取文件成功
2017-01-09T04:40:06: 读取文件成功
2017-01-09T04:40:15: 读取文件成功
2017-01-09T04:40:25: 读取文件成功
2017-01-09T04:40:36: 读取文件成功
2017-01-09T04:40:46: 读取文件成功
2017-01-09T04:40:56: 读取文件成功
2017-01-09T04:41:06: 读取文件成功
2017-01-09T04:41:16: 读取文件成功
2017-01-09T04:41:26: 读取文件成功
2017-01-09T04:41:36: 读取文件成功
2017-01-09T04:41:46: 读取文件成功
2017-01-09T04:41:56: 读取文件成功
2017-01-09T04:42:06: 读取文件成功
2017-01-09T04:42:16: 读取文件成功
2017-01-09T04:42:26: 读取文件成功
2017-01-09T04:42:36: 读取文件成功
2017-01-09T04:42:46: 读取文件成功
2017-01-09T04:42:56: 读取文件成功
2017-01-09T04:43:06: 读取文件成功
2017-01-09T04:43:16: 读取文件成功
2017-01-09T04:43:26: 读取文件成功
2017-01-09T04:43:36: 读取文件成功
2017-01-09T04:43:46: 读取文件成功
2017-01-09T04:43:56: 读取文件成功
2017-01-09T04:44:06: 读取文件成功
2017-01-09T04:44:16: 读取文件成功
2017-01-09T04:44:26: 读取文件成功
2017-01-09T04:44:36: 读取文件成功
2017-01-09T04:44:46: 读取文件成功
2017-01-09T04:44:56: 读取文件成功
2017-01-09T04:45:06: 读取文件成功
2017-01-09T04:45:16: 读取文件成功
2017-01-09T04:45:26: 读取文件成功
2017-01-09T04:45:36: 读取文件成功
2017-01-09T04:45:46: 读取文件成功
2017-01-09T04:45:56: 读取文件成功
2017-01-09T04:46:06: 读取文件成功
2017-01-09T04:46:16: 读取文件成功
2017-01-09T04:46:26: 读取文件成功
2017-01-09T04:46:36: 读取文件成功
2017-01-09T04:46:46: 读取文件成功
2017-01-09T04:46:56: 读取文件成功
2017-01-09T04:47:06: 读取文件成功
2017-01-09T04:47:16: 读取文件成功
2017-01-09T04:47:26: 读取文件成功
2017-01-09T04:47:36: 读取文件成功
2017-01-09T04:47:46: 读取文件成功
2017-01-09T04:47:56: 读取文件成功
2017-01-09T04:48:06: 读取文件成功
2017-01-09T04:48:16: 读取文件成功
2017-01-09T04:48:26: 读取文件成功
2017-01-09T04:48:36: 读取文件成功
2017-01-09T04:48:46: 读取文件成功
2017-01-09T04:48:56: 读取文件成功
2017-01-09T04:49:06: 读取文件成功
2017-01-09T04:49:16: 读取文件成功
2017-01-09T04:49:26: 读取文件成功
2017-01-09T04:49:36: 读取文件成功
2017-01-09T04:49:46: 读取文件成功
2017-01-09T04:49:56: 读取文件成功
2017-01-09T04:50:06: 读取文件成功
2017-01-09T04:50:16: 读取文件成功
2017-01-09T04:50:26: 读取文件成功
2017-01-09T04:50:36: 读取文件成功
2017-01-09T04:50:46: 读取文件成功
2017-01-09T04:50:56: 读取文件成功
2017-01-09T04:51:06: 读取文件成功
2017-01-09T04:51:16: 读取文件成功
2017-01-09T04:51:26: 读取文件成功
2017-01-09T04:51:36: 读取文件成功
2017-01-09T04:51:46: 读取文件成功
2017-01-09T04:51:56: 读取文件成功
2017-01-09T04:52:06: 读取文件成功
2017-01-09T04:52:16: 读取文件成功
2017-01-09T04:52:26: 读取文件成功
2017-01-09T04:52:36: 读取文件成功
2017-01-09T04:52:46: 读取文件成功
2017-01-09T04:52:56: 读取文件成功
2017-01-09T04:53:06: 读取文件成功
2017-01-09T04:53:16: 读取文件成功
2017-01-09T04:53:26: 读取文件成功
2017-01-09T04:53:36: 读取文件成功
2017-01-09T04:53:46: 读取文件成功
2017-01-09T04:53:56: 读取文件成功
2017-01-09T04:54:06: 读取文件成功
2017-01-09T04:54:16: 读取文件成功
2017-01-09T04:54:26: 读取文件成功
2017-01-09T04:54:36: 读取文件成功
2017-01-09T04:54:46: 读取文件成功
2017-01-09T04:54:56: 读取文件成功
2017-01-09T04:55:06: 读取文件成功
2017-01-09T04:55:16: 读取文件成功
2017-01-09T04:55:26: 读取文件成功
2017-01-09T04:55:36: 读取文件成功
2017-01-09T04:55:46: 读取文件成功
2017-01-09T04:55:56: 读取文件成功
2017-01-09T04:56:06: 读取文件成功
2017-01-09T04:56:16: 读取文件成功
2017-01-09T04:56:26: 读取文件成功
2017-01-09T04:56:37: 读取文件成功
2017-01-09T04:56:46: 读取文件成功
2017-01-09T04:56:56: 读取文件成功
2017-01-09T04:57:06: 读取文件成功
2017-01-09T04:57:16: 读取文件成功
2017-01-09T04:57:26: 读取文件成功
2017-01-09T04:57:36: 读取文件成功
2017-01-09T04:57:46: 读取文件成功
2017-01-09T04:57:56: 读取文件成功
2017-01-09T04:58:06: 读取文件成功
2017-01-09T04:58:17: 读取文件成功
2017-01-09T04:58:26: 读取文件成功
2017-01-09T04:58:36: 读取文件成功
2017-01-09T04:58:46: 读取文件成功
2017-01-09T04:58:56: 读取文件成功
2017-01-09T04:59:07: 读取文件成功
2017-01-09T04:59:17: 读取文件成功
2017-01-09T04:59:27: 读取文件成功
2017-01-09T04:59:37: 读取文件成功
2017-01-09T04:59:47: 读取文件成功
2017-01-09T04:59:57: 读取文件成功
2017-01-09T05:00:07: 读取文件成功
2017-01-09T05:00:17: 读取文件成功
2017-01-09T05:00:27: 读取文件成功
2017-01-09T05:00:37: 读取文件成功
2017-01-09T05:00:47: 读取文件成功
2017-01-09T05:00:57: 读取文件成功
2017-01-09T05:01:07: 读取文件成功
2017-01-09T05:01:17: 读取文件成功
2017-01-09T05:01:27: 读取文件成功
2017-01-09T05:01:37: 读取文件成功
2017-01-09T05:01:47: 读取文件成功
2017-01-09T05:01:57: 读取文件成功
2017-01-09T05:02:07: 读取文件成功
2017-01-09T05:02:17: 读取文件成功
2017-01-09T05:02:27: 读取文件成功
2017-01-09T05:02:37: 读取文件成功
2017-01-09T05:02:47: 读取文件成功
2017-01-09T05:02:57: 读取文件成功
2017-01-09T05:03:07: 读取文件成功
2017-01-09T05:03:17: 读取文件成功
2017-01-09T05:03:27: 读取文件成功
2017-01-09T05:03:37: 读取文件成功
2017-01-09T05:03:47: 读取文件成功
2017-01-09T05:03:57: 读取文件成功
2017-01-09T05:04:07: 读取文件成功
2017-01-09T05:04:17: 读取文件成功
2017-01-09T05:04:27: 读取文件成功
2017-01-09T05:04:37: 读取文件成功
2017-01-09T05:04:47: 读取文件成功
2017-01-09T05:04:57: 读取文件成功
2017-01-09T05:05:07: 读取文件成功
2017-01-09T05:05:17: 读取文件成功
2017-01-09T05:05:27: 读取文件成功
2017-01-09T05:05:37: 读取文件成功
2017-01-09T05:05:47: 读取文件成功
2017-01-09T05:05:57: 读取文件成功
2017-01-09T05:06:07: 读取文件成功
2017-01-09T05:06:17: 读取文件成功
2017-01-09T05:06:27: 读取文件成功
2017-01-09T05:06:37: 读取文件成功
2017-01-09T05:06:47: 读取文件成功
2017-01-09T05:06:57: 读取文件成功
2017-01-09T05:07:07: 读取文件成功
2017-01-09T05:07:17: 读取文件成功
2017-01-09T05:07:27: 读取文件成功
2017-01-09T05:07:37: 读取文件成功
2017-01-09T05:07:47: 读取文件成功
2017-01-09T05:07:57: 读取文件成功
2017-01-09T05:08:07: 读取文件成功
2017-01-09T05:08:17: 读取文件成功
2017-01-09T05:08:27: 读取文件成功
2017-01-09T05:08:37: 读取文件成功
2017-01-09T05:08:47: 读取文件成功
2017-01-09T05:08:57: 读取文件成功
2017-01-09T05:09:07: 读取文件成功
2017-01-09T05:09:17: 读取文件成功
2017-01-09T05:09:27: 读取文件成功
2017-01-09T05:09:37: 读取文件成功
2017-01-09T05:09:47: 读取文件成功
2017-01-09T05:09:57: 读取文件成功
2017-01-09T05:10:07: 读取文件成功
2017-01-09T05:10:17: 读取文件成功
2017-01-09T05:10:27: 读取文件成功
2017-01-09T05:10:37: 读取文件成功
2017-01-09T05:10:47: 读取文件成功
2017-01-09T05:10:57: 读取文件成功
2017-01-09T05:11:07: 读取文件成功
2017-01-09T05:11:17: 读取文件成功
2017-01-09T05:11:27: 读取文件成功
2017-01-09T05:11:37: 读取文件成功
2017-01-09T05:11:47: 读取文件成功
2017-01-09T05:11:57: 读取文件成功
2017-01-09T05:12:07: 读取文件成功
2017-01-09T05:12:17: 读取文件成功
2017-01-09T05:12:27: 读取文件成功
2017-01-09T05:12:37: 读取文件成功
2017-01-09T05:12:47: 读取文件成功
2017-01-09T05:12:57: 读取文件成功
2017-01-09T05:13:07: 读取文件成功
2017-01-09T05:13:17: 读取文件成功
2017-01-09T05:13:27: 读取文件成功
2017-01-09T05:13:37: 读取文件成功
2017-01-09T05:13:47: 读取文件成功
2017-01-09T05:13:57: 读取文件成功
2017-01-09T05:14:07: 读取文件成功
2017-01-09T05:14:17: 读取文件成功
2017-01-09T05:14:27: 读取文件成功
2017-01-09T05:14:37: 读取文件成功
2017-01-09T05:14:47: 读取文件成功
2017-01-09T05:14:57: 读取文件成功
2017-01-09T05:15:07: 读取文件成功
2017-01-09T05:15:17: 读取文件成功
2017-01-09T05:15:27: 读取文件成功
2017-01-09T05:15:38: 读取文件成功
2017-01-09T05:15:47: 读取文件成功
2017-01-09T05:15:58: 读取文件成功
2017-01-09T05:16:08: 读取文件成功
2017-01-09T05:16:18: 读取文件成功
2017-01-09T05:16:28: 读取文件成功
2017-01-09T05:16:38: 读取文件成功
2017-01-09T05:16:48: 读取文件成功
2017-01-09T05:16:58: 读取文件成功
2017-01-09T05:17:08: 读取文件成功
2017-01-09T05:17:18: 读取文件成功
2017-01-09T05:17:28: 读取文件成功
2017-01-09T05:17:38: 读取文件成功
2017-01-09T05:17:48: 读取文件成功
2017-01-09T05:17:58: 读取文件成功
2017-01-09T05:18:08: 读取文件成功
2017-01-09T05:18:18: 读取文件成功
2017-01-09T05:18:28: 读取文件成功
2017-01-09T05:18:38: 读取文件成功
2017-01-09T05:18:48: 读取文件成功
2017-01-09T05:18:58: 读取文件成功
2017-01-09T05:19:08: 读取文件成功
2017-01-09T05:19:18: 读取文件成功
2017-01-09T05:19:28: 读取文件成功
2017-01-09T05:19:38: 读取文件成功
2017-01-09T05:19:48: 读取文件成功
2017-01-09T05:19:58: 读取文件成功
2017-01-09T05:20:08: 读取文件成功
2017-01-09T05:20:18: 读取文件成功
2017-01-09T05:20:28: 读取文件成功
2017-01-09T05:20:38: 读取文件成功
2017-01-09T05:20:48: 读取文件成功
2017-01-09T05:20:58: 读取文件成功
2017-01-09T05:21:08: 读取文件成功
2017-01-09T05:21:18: 读取文件成功
2017-01-09T05:21:28: 读取文件成功
2017-01-09T05:21:38: 读取文件成功
2017-01-09T05:21:48: 读取文件成功
2017-01-09T05:21:58: 读取文件成功
2017-01-09T05:22:08: 读取文件成功
2017-01-09T05:22:18: 读取文件成功
2017-01-09T05:22:28: 读取文件成功
2017-01-09T05:22:38: 读取文件成功
2017-01-09T05:22:48: 读取文件成功
2017-01-09T05:22:58: 读取文件成功
2017-01-09T05:23:08: 读取文件成功
2017-01-09T05:23:18: 读取文件成功
2017-01-09T05:23:28: 读取文件成功
2017-01-09T05:23:38: 读取文件成功
2017-01-09T05:23:48: 读取文件成功
2017-01-09T05:23:58: 读取文件成功
2017-01-09T05:24:08: 读取文件成功
2017-01-09T05:24:18: 读取文件成功
2017-01-09T05:24:28: 读取文件成功
2017-01-09T05:24:38: 读取文件成功
2017-01-09T05:24:48: 读取文件成功
2017-01-09T05:24:58: 读取文件成功
2017-01-09T05:25:08: 读取文件成功
2017-01-09T05:25:18: 读取文件成功
2017-01-09T05:25:28: 读取文件成功
2017-01-09T05:25:38: 读取文件成功
2017-01-09T05:25:48: 读取文件成功
2017-01-09T05:25:58: 读取文件成功
2017-01-09T05:26:13: 读取文件成功
2017-01-09T05:26:18: 读取文件成功
2017-01-09T05:26:48: 读取文件成功
2017-01-09T05:26:48: 读取文件成功
2017-01-09T05:26:48: 读取文件成功
2017-01-09T05:26:58: 读取文件成功
2017-01-09T05:27:08: 读取文件成功
2017-01-09T05:27:18: 读取文件成功
2017-01-09T05:27:28: 读取文件成功
2017-01-09T05:27:38: 读取文件成功
2017-01-09T05:27:48: 读取文件成功
2017-01-09T05:27:58: 读取文件成功
2017-01-09T05:28:08: 读取文件成功
2017-01-09T05:28:18: 读取文件成功
2017-01-09T05:28:28: 读取文件成功
2017-01-09T05:28:38: 读取文件成功
2017-01-09T05:28:48: 读取文件成功
2017-01-09T05:28:58: 读取文件成功
2017-01-09T05:29:08: 读取文件成功
2017-01-09T05:29:18: 读取文件成功
2017-01-09T05:29:28: 读取文件成功
2017-01-09T05:29:38: 读取文件成功
2017-01-09T05:29:48: 读取文件成功
2017-01-09T05:29:58: 读取文件成功
2017-01-09T05:30:08: 读取文件成功
2017-01-09T05:30:18: 读取文件成功
2017-01-09T05:30:28: 读取文件成功
2017-01-09T05:30:38: 读取文件成功
2017-01-09T05:30:48: 读取文件成功
2017-01-09T05:30:58: 读取文件成功
2017-01-09T05:31:08: 读取文件成功
2017-01-09T05:31:18: 读取文件成功
2017-01-09T05:31:28: 读取文件成功
2017-01-09T05:31:38: 读取文件成功
2017-01-09T05:31:48: 读取文件成功
2017-01-09T05:31:58: 读取文件成功
2017-01-09T05:32:08: 读取文件成功
2017-01-09T05:32:18: 读取文件成功
2017-01-09T05:32:28: 读取文件成功
2017-01-09T05:32:38: 读取文件成功
2017-01-09T05:32:48: 读取文件成功
2017-01-09T05:32:58: 读取文件成功
2017-01-09T05:33:08: 读取文件成功
2017-01-09T05:33:18: 读取文件成功
2017-01-09T05:33:28: 读取文件成功
2017-01-09T05:33:38: 读取文件成功
2017-01-09T05:33:48: 读取文件成功
2017-01-09T05:33:58: 读取文件成功
2017-01-09T05:34:09: 读取文件成功
2017-01-09T05:34:18: 读取文件成功
2017-01-09T05:34:29: 读取文件成功
2017-01-09T05:34:39: 读取文件成功
2017-01-09T05:34:49: 读取文件成功
2017-01-09T05:34:59: 读取文件成功
2017-01-09T05:35:09: 读取文件成功
2017-01-09T05:35:19: 读取文件成功
2017-01-09T05:35:29: 读取文件成功
2017-01-09T05:35:39: 读取文件成功
2017-01-09T05:35:49: 读取文件成功
2017-01-09T05:35:59: 读取文件成功
2017-01-09T05:36:09: 读取文件成功
2017-01-09T05:36:19: 读取文件成功
2017-01-09T05:36:29: 读取文件成功
2017-01-09T05:36:39: 读取文件成功
2017-01-09T05:36:49: 读取文件成功
2017-01-09T05:36:59: 读取文件成功
2017-01-09T05:37:09: 读取文件成功
2017-01-09T05:37:19: 读取文件成功
2017-01-09T05:37:29: 读取文件成功
2017-01-09T05:37:39: 读取文件成功
2017-01-09T05:37:49: 读取文件成功
2017-01-09T05:37:59: 读取文件成功
2017-01-09T05:38:09: 读取文件成功
2017-01-09T05:38:19: 读取文件成功
2017-01-09T05:38:29: 读取文件成功
2017-01-09T05:38:39: 读取文件成功
2017-01-09T05:38:49: 读取文件成功
2017-01-09T05:38:59: 读取文件成功
2017-01-09T05:39:09: 读取文件成功
2017-01-09T05:39:19: 读取文件成功
2017-01-09T05:39:29: 读取文件成功
2017-01-09T05:39:39: 读取文件成功
2017-01-09T05:39:49: 读取文件成功
2017-01-09T05:39:59: 读取文件成功
2017-01-09T05:40:09: 读取文件成功
2017-01-09T05:40:19: 读取文件成功
2017-01-09T05:40:29: 读取文件成功
2017-01-09T05:40:39: 读取文件成功
2017-01-09T05:40:49: 读取文件成功
2017-01-09T05:40:59: 读取文件成功
2017-01-09T05:41:09: 读取文件成功
2017-01-09T05:41:19: 读取文件成功
2017-01-09T05:41:29: 读取文件成功
2017-01-09T05:41:39: 读取文件成功
2017-01-09T05:41:49: 读取文件成功
2017-01-09T05:41:59: 读取文件成功
2017-01-09T05:42:09: 读取文件成功
2017-01-09T05:42:19: 读取文件成功
2017-01-09T05:42:29: 读取文件成功
2017-01-09T05:42:39: 读取文件成功
2017-01-09T05:42:49: 读取文件成功
2017-01-09T05:42:59: 读取文件成功
2017-01-09T05:43:09: 读取文件成功
2017-01-09T05:43:19: 读取文件成功
2017-01-09T05:43:29: 读取文件成功
2017-01-09T05:43:39: 读取文件成功
2017-01-09T05:43:49: 读取文件成功
2017-01-09T05:43:59: 读取文件成功
2017-01-09T05:44:09: 读取文件成功
2017-01-09T05:44:19: 读取文件成功
2017-01-09T05:44:29: 读取文件成功
2017-01-09T05:44:39: 读取文件成功
2017-01-09T05:44:49: 读取文件成功
2017-01-09T05:44:59: 读取文件成功
2017-01-09T05:45:09: 读取文件成功
2017-01-09T05:45:19: 读取文件成功
2017-01-09T05:45:29: 读取文件成功
2017-01-09T05:45:39: 读取文件成功
2017-01-09T05:45:49: 读取文件成功
2017-01-09T05:45:59: 读取文件成功
2017-01-09T05:46:09: 读取文件成功
2017-01-09T05:46:19: 读取文件成功
2017-01-09T05:46:29: 读取文件成功
2017-01-09T05:46:39: 读取文件成功
2017-01-09T05:46:49: 读取文件成功
2017-01-09T05:46:59: 读取文件成功
2017-01-09T05:47:09: 读取文件成功
2017-01-09T05:47:19: 读取文件成功
2017-01-09T05:47:29: 读取文件成功
2017-01-09T05:47:39: 读取文件成功
2017-01-09T05:47:49: 读取文件成功
2017-01-09T05:47:59: 读取文件成功
2017-01-09T05:48:09: 读取文件成功
2017-01-09T05:48:19: 读取文件成功
2017-01-09T05:48:29: 读取文件成功
2017-01-09T05:48:39: 读取文件成功
2017-01-09T05:48:49: 读取文件成功
2017-01-09T05:48:59: 读取文件成功
2017-01-09T05:49:09: 读取文件成功
2017-01-09T05:49:19: 读取文件成功
2017-01-09T05:49:29: 读取文件成功
2017-01-09T05:49:39: 读取文件成功
2017-01-09T05:49:49: 读取文件成功
2017-01-09T05:49:59: 读取文件成功
2017-01-09T05:50:09: 读取文件成功
2017-01-09T05:50:20: 读取文件成功
2017-01-09T05:50:29: 读取文件成功
2017-01-09T05:50:39: 读取文件成功
2017-01-09T05:50:49: 读取文件成功
2017-01-09T05:50:59: 读取文件成功
2017-01-09T05:51:10: 读取文件成功
2017-01-09T05:51:20: 读取文件成功
2017-01-09T05:51:30: 读取文件成功
2017-01-09T05:51:40: 读取文件成功
2017-01-09T05:51:50: 读取文件成功
2017-01-09T05:52:00: 读取文件成功
2017-01-09T05:52:10: 读取文件成功
2017-01-09T05:52:20: 读取文件成功
2017-01-09T05:52:30: 读取文件成功
2017-01-09T05:52:40: 读取文件成功
2017-01-09T05:52:50: 读取文件成功
2017-01-09T05:53:00: 读取文件成功
2017-01-09T05:53:10: 读取文件成功
2017-01-09T05:53:20: 读取文件成功
2017-01-09T05:53:30: 读取文件成功
2017-01-09T05:53:40: 读取文件成功
2017-01-09T05:53:50: 读取文件成功
2017-01-09T05:54:00: 读取文件成功
2017-01-09T05:54:10: 读取文件成功
2017-01-09T05:54:20: 读取文件成功
2017-01-09T05:54:30: 读取文件成功
2017-01-09T05:54:40: 读取文件成功
2017-01-09T05:54:50: 读取文件成功
2017-01-09T05:55:00: 读取文件成功
2017-01-09T05:55:10: 读取文件成功
2017-01-09T05:55:20: 读取文件成功
2017-01-09T05:55:30: 读取文件成功
2017-01-09T05:55:40: 读取文件成功
2017-01-09T05:55:50: 读取文件成功
2017-01-09T05:56:00: 读取文件成功
2017-01-09T05:56:10: 读取文件成功
2017-01-09T05:56:20: 读取文件成功
2017-01-09T05:56:30: 读取文件成功
2017-01-09T05:56:40: 读取文件成功
2017-01-09T05:56:50: 读取文件成功
2017-01-09T05:57:00: 读取文件成功
2017-01-09T05:57:10: 读取文件成功
2017-01-09T05:57:20: 读取文件成功
2017-01-09T05:57:30: 读取文件成功
2017-01-09T05:57:40: 读取文件成功
2017-01-09T05:57:50: 读取文件成功
2017-01-09T05:58:00: 读取文件成功
2017-01-09T05:58:10: 读取文件成功
2017-01-09T05:58:20: 读取文件成功
2017-01-09T05:58:30: 读取文件成功
2017-01-09T05:58:40: 读取文件成功
2017-01-09T05:58:50: 读取文件成功
2017-01-09T05:59:00: 读取文件成功
2017-01-09T05:59:10: 读取文件成功
2017-01-09T05:59:20: 读取文件成功
2017-01-09T05:59:30: 读取文件成功
2017-01-09T05:59:40: 读取文件成功
2017-01-09T05:59:50: 读取文件成功
2017-01-09T06:00:00: 读取文件成功
2017-01-09T06:00:10: 读取文件成功
2017-01-09T06:00:20: 读取文件成功
2017-01-09T06:00:30: 读取文件成功
2017-01-09T06:00:40: 读取文件成功
2017-01-09T06:00:50: 读取文件成功
2017-01-09T06:01:00: 读取文件成功
2017-01-09T06:01:10: 读取文件成功
2017-01-09T06:01:20: 读取文件成功
2017-01-09T06:01:30: 读取文件成功
2017-01-09T06:01:40: 读取文件成功
2017-01-09T06:01:50: 读取文件成功
2017-01-09T06:02:00: 读取文件成功
2017-01-09T06:02:10: 读取文件成功
2017-01-09T06:02:20: 读取文件成功
2017-01-09T06:02:30: 读取文件成功
2017-01-09T06:02:40: 读取文件成功
2017-01-09T06:02:50: 读取文件成功
2017-01-09T06:03:00: 读取文件成功
2017-01-09T06:03:10: 读取文件成功
2017-01-09T06:03:20: 读取文件成功
2017-01-09T06:03:30: 读取文件成功
2017-01-09T06:03:40: 读取文件成功
2017-01-09T06:03:50: 读取文件成功
2017-01-09T06:04:00: 读取文件成功
2017-01-09T06:04:10: 读取文件成功
2017-01-09T06:04:20: 读取文件成功
2017-01-09T06:04:30: 读取文件成功
2017-01-09T06:04:40: 读取文件成功
2017-01-09T06:04:50: 读取文件成功
2017-01-09T06:05:00: 读取文件成功
2017-01-09T06:05:10: 读取文件成功
2017-01-09T06:05:20: 读取文件成功
2017-01-09T06:05:30: 读取文件成功
2017-01-09T06:05:40: 读取文件成功
2017-01-09T06:05:50: 读取文件成功
2017-01-09T06:06:00: 读取文件成功
2017-01-09T06:06:10: 读取文件成功
2017-01-09T06:06:20: 读取文件成功
2017-01-09T06:06:30: 读取文件成功
2017-01-09T06:06:40: 读取文件成功
2017-01-09T06:06:50: 读取文件成功
2017-01-09T06:07:00: 读取文件成功
2017-01-09T06:07:10: 读取文件成功
2017-01-09T06:07:20: 读取文件成功
2017-01-09T06:07:30: 读取文件成功
2017-01-09T06:07:40: 读取文件成功
2017-01-09T06:07:51: 读取文件成功
2017-01-09T06:08:01: 读取文件成功
2017-01-09T06:08:11: 读取文件成功
2017-01-09T06:08:21: 读取文件成功
2017-01-09T06:08:31: 读取文件成功
2017-01-09T06:08:41: 读取文件成功
2017-01-09T06:08:51: 读取文件成功
2017-01-09T06:09:01: 读取文件成功
2017-01-09T06:09:11: 读取文件成功
2017-01-09T06:09:21: 读取文件成功
2017-01-09T06:09:31: 读取文件成功
2017-01-09T06:09:41: 读取文件成功
2017-01-09T06:09:51: 读取文件成功
2017-01-09T06:10:01: 读取文件成功
2017-01-09T06:10:11: 读取文件成功
2017-01-09T06:10:21: 读取文件成功
2017-01-09T06:10:31: 读取文件成功
2017-01-09T06:10:41: 读取文件成功
2017-01-09T06:10:51: 读取文件成功
2017-01-09T06:11:01: 读取文件成功
2017-01-09T06:11:11: 读取文件成功
2017-01-09T06:11:21: 读取文件成功
2017-01-09T06:11:31: 读取文件成功
2017-01-09T06:11:41: 读取文件成功
2017-01-09T06:11:51: 读取文件成功
2017-01-09T06:12:01: 读取文件成功
2017-01-09T06:12:11: 读取文件成功
2017-01-09T06:12:21: 读取文件成功
2017-01-09T06:12:31: 读取文件成功
2017-01-09T06:12:41: 读取文件成功
2017-01-09T06:12:51: 读取文件成功
2017-01-09T06:13:01: 读取文件成功
2017-01-09T06:13:11: 读取文件成功
2017-01-09T06:13:21: 读取文件成功
2017-01-09T06:13:31: 读取文件成功
2017-01-09T06:13:41: 读取文件成功
2017-01-09T06:13:51: 读取文件成功
2017-01-09T06:14:01: 读取文件成功
2017-01-09T06:14:11: 读取文件成功
2017-01-09T06:14:21: 读取文件成功
2017-01-09T06:14:31: 读取文件成功
2017-01-09T06:14:41: 读取文件成功
2017-01-09T06:14:51: 读取文件成功
2017-01-09T06:15:01: 读取文件成功
2017-01-09T06:15:11: 读取文件成功
2017-01-09T06:15:21: 读取文件成功
2017-01-09T06:15:31: 读取文件成功
2017-01-09T06:15:41: 读取文件成功
2017-01-09T06:15:51: 读取文件成功
2017-01-09T06:16:01: 读取文件成功
2017-01-09T06:16:11: 读取文件成功
2017-01-09T06:16:21: 读取文件成功
2017-01-09T06:16:31: 读取文件成功
2017-01-09T06:16:41: 读取文件成功
2017-01-09T06:16:51: 读取文件成功
2017-01-09T06:17:01: 读取文件成功
2017-01-09T06:17:11: 读取文件成功
2017-01-09T06:17:21: 读取文件成功
2017-01-09T06:17:31: 读取文件成功
2017-01-09T06:17:41: 读取文件成功
2017-01-09T06:17:51: 读取文件成功
2017-01-09T06:18:01: 读取文件成功
2017-01-09T06:18:11: 读取文件成功
2017-01-09T06:18:21: 读取文件成功
2017-01-09T06:18:31: 读取文件成功
2017-01-09T06:18:41: 读取文件成功
2017-01-09T06:18:51: 读取文件成功
2017-01-09T06:19:01: 读取文件成功
2017-01-09T06:19:11: 读取文件成功
2017-01-09T06:19:21: 读取文件成功
2017-01-09T06:19:31: 读取文件成功
2017-01-09T06:19:41: 读取文件成功
2017-01-09T06:19:51: 读取文件成功
2017-01-09T06:20:01: 读取文件成功
2017-01-09T06:20:11: 读取文件成功
2017-01-09T06:20:21: 读取文件成功
2017-01-09T06:20:31: 读取文件成功
2017-01-09T06:20:41: 读取文件成功
2017-01-09T06:20:51: 读取文件成功
2017-01-09T06:21:01: 读取文件成功
2017-01-09T06:21:11: 读取文件成功
2017-01-09T06:21:21: 读取文件成功
2017-01-09T06:21:31: 读取文件成功
2017-01-09T06:21:41: 读取文件成功
2017-01-09T06:21:51: 读取文件成功
2017-01-09T06:22:01: 读取文件成功
2017-01-09T06:22:11: 读取文件成功
2017-01-09T06:22:21: 读取文件成功
2017-01-09T06:22:31: 读取文件成功
2017-01-09T06:22:41: 读取文件成功
2017-01-09T06:22:51: 读取文件成功
2017-01-09T06:23:01: 读取文件成功
2017-01-09T06:23:11: 读取文件成功
2017-01-09T06:23:21: 读取文件成功
2017-01-09T06:23:31: 读取文件成功
2017-01-09T06:23:41: 读取文件成功
2017-01-09T06:23:52: 读取文件成功
2017-01-09T06:24:01: 读取文件成功
2017-01-09T06:24:11: 读取文件成功
2017-01-09T06:24:21: 读取文件成功
2017-01-09T06:24:31: 读取文件成功
2017-01-09T06:24:41: 读取文件成功
2017-01-09T06:24:51: 读取文件成功
2017-01-09T06:25:01: 读取文件成功
2017-01-09T06:25:11: 读取文件成功
2017-01-09T06:25:21: 读取文件成功
2017-01-09T06:25:31: 读取文件成功
2017-01-09T06:25:42: 读取文件成功
2017-01-09T06:25:52: 读取文件成功
2017-01-09T06:26:02: 读取文件成功
2017-01-09T06:26:12: 读取文件成功
2017-01-09T06:26:22: 读取文件成功
2017-01-09T06:26:32: 读取文件成功
2017-01-09T06:26:42: 读取文件成功
2017-01-09T06:26:52: 读取文件成功
2017-01-09T06:27:02: 读取文件成功
2017-01-09T06:27:12: 读取文件成功
2017-01-09T06:27:22: 读取文件成功
2017-01-09T06:27:32: 读取文件成功
2017-01-09T06:27:42: 读取文件成功
2017-01-09T06:27:52: 读取文件成功
2017-01-09T06:28:02: 读取文件成功
2017-01-09T06:28:12: 读取文件成功
2017-01-09T06:28:22: 读取文件成功
2017-01-09T06:28:32: 读取文件成功
2017-01-09T06:28:42: 读取文件成功
2017-01-09T06:28:52: 读取文件成功
2017-01-09T06:29:02: 读取文件成功
2017-01-09T06:29:12: 读取文件成功
2017-01-09T06:29:22: 读取文件成功
2017-01-09T06:29:32: 读取文件成功
2017-01-09T06:29:42: 读取文件成功
2017-01-09T06:29:52: 读取文件成功
2017-01-09T06:30:02: 读取文件成功
2017-01-09T06:30:12: 读取文件成功
2017-01-09T06:30:22: 读取文件成功
2017-01-09T06:30:32: 读取文件成功
2017-01-09T06:30:42: 读取文件成功
2017-01-09T06:30:52: 读取文件成功
2017-01-09T06:31:02: 读取文件成功
2017-01-09T06:31:12: 读取文件成功
2017-01-09T06:31:22: 读取文件成功
2017-01-09T06:31:32: 读取文件成功
2017-01-09T06:31:42: 读取文件成功
2017-01-09T06:31:52: 读取文件成功
2017-01-09T06:32:02: 读取文件成功
2017-01-09T06:32:12: 读取文件成功
2017-01-09T06:32:22: 读取文件成功
2017-01-09T06:32:32: 读取文件成功
2017-01-09T06:32:42: 读取文件成功
2017-01-09T06:32:52: 读取文件成功
2017-01-09T06:33:02: 读取文件成功
2017-01-09T06:33:12: 读取文件成功
2017-01-09T06:33:22: 读取文件成功
2017-01-09T06:33:32: 读取文件成功
2017-01-09T06:33:42: 读取文件成功
2017-01-09T06:33:52: 读取文件成功
2017-01-09T06:34:02: 读取文件成功
2017-01-09T06:34:12: 读取文件成功
2017-01-09T06:34:22: 读取文件成功
2017-01-09T06:34:32: 读取文件成功
2017-01-09T06:34:42: 读取文件成功
2017-01-09T06:34:52: 读取文件成功
2017-01-09T06:35:02: 读取文件成功
2017-01-09T06:35:12: 读取文件成功
2017-01-09T06:35:22: 读取文件成功
2017-01-09T06:35:32: 读取文件成功
2017-01-09T06:35:42: 读取文件成功
2017-01-09T06:35:52: 读取文件成功
2017-01-09T06:36:02: 读取文件成功
2017-01-09T06:36:12: 读取文件成功
2017-01-09T06:36:22: 读取文件成功
2017-01-09T06:36:32: 读取文件成功
2017-01-09T06:36:42: 读取文件成功
2017-01-09T06:36:52: 读取文件成功
2017-01-09T06:37:02: 读取文件成功
2017-01-09T06:37:12: 读取文件成功
2017-01-09T06:37:22: 读取文件成功
2017-01-09T06:37:32: 读取文件成功
2017-01-09T06:37:42: 读取文件成功
2017-01-09T06:37:52: 读取文件成功
2017-01-09T06:38:02: 读取文件成功
2017-01-09T06:38:12: 读取文件成功
2017-01-09T06:38:22: 读取文件成功
2017-01-09T06:38:32: 读取文件成功
2017-01-09T06:38:42: 读取文件成功
2017-01-09T06:38:52: 读取文件成功
2017-01-09T06:39:02: 读取文件成功
2017-01-09T06:39:12: 读取文件成功
2017-01-09T06:39:22: 读取文件成功
2017-01-09T06:39:32: 读取文件成功
2017-01-09T06:39:42: 读取文件成功
2017-01-09T06:39:52: 读取文件成功
2017-01-09T06:40:02: 读取文件成功
2017-01-09T06:40:12: 读取文件成功
2017-01-09T06:40:22: 读取文件成功
2017-01-09T06:40:32: 读取文件成功
2017-01-09T06:40:42: 读取文件成功
2017-01-09T06:40:52: 读取文件成功
2017-01-09T06:41:02: 读取文件成功
2017-01-09T06:41:12: 读取文件成功
2017-01-09T06:41:22: 读取文件成功
2017-01-09T06:41:33: 读取文件成功
2017-01-09T06:41:42: 读取文件成功
2017-01-09T06:41:53: 读取文件成功
2017-01-09T06:42:03: 读取文件成功
2017-01-09T06:42:13: 读取文件成功
2017-01-09T06:42:23: 读取文件成功
2017-01-09T06:42:33: 读取文件成功
2017-01-09T06:42:43: 读取文件成功
2017-01-09T06:42:53: 读取文件成功
2017-01-09T06:43:03: 读取文件成功
2017-01-09T06:43:13: 读取文件成功
2017-01-09T06:43:23: 读取文件成功
2017-01-09T06:43:33: 读取文件成功
2017-01-09T06:43:43: 读取文件成功
2017-01-09T06:43:53: 读取文件成功
2017-01-09T06:44:03: 读取文件成功
2017-01-09T06:44:13: 读取文件成功
2017-01-09T06:44:23: 读取文件成功
2017-01-09T06:44:33: 读取文件成功
2017-01-09T06:44:43: 读取文件成功
2017-01-09T06:44:53: 读取文件成功
2017-01-09T06:45:03: 读取文件成功
2017-01-09T06:45:13: 读取文件成功
2017-01-09T06:45:23: 读取文件成功
2017-01-09T06:45:33: 读取文件成功
2017-01-09T06:45:43: 读取文件成功
2017-01-09T06:45:53: 读取文件成功
2017-01-09T06:46:03: 读取文件成功
2017-01-09T06:46:13: 读取文件成功
2017-01-09T06:46:23: 读取文件成功
2017-01-09T06:46:33: 读取文件成功
2017-01-09T06:46:43: 读取文件成功
2017-01-09T06:46:53: 读取文件成功
2017-01-09T06:47:03: 读取文件成功
2017-01-09T06:47:13: 读取文件成功
2017-01-09T06:47:23: 读取文件成功
2017-01-09T06:47:33: 读取文件成功
2017-01-09T06:47:43: 读取文件成功
2017-01-09T06:47:53: 读取文件成功
2017-01-09T06:48:03: 读取文件成功
2017-01-09T06:48:13: 读取文件成功
2017-01-09T06:48:23: 读取文件成功
2017-01-09T06:48:33: 读取文件成功
2017-01-09T06:48:43: 读取文件成功
2017-01-09T06:48:53: 读取文件成功
2017-01-09T06:49:03: 读取文件成功
2017-01-09T06:49:13: 读取文件成功
2017-01-09T06:49:23: 读取文件成功
2017-01-09T06:49:33: 读取文件成功
2017-01-09T06:49:43: 读取文件成功
2017-01-09T06:49:53: 读取文件成功
2017-01-09T06:50:03: 读取文件成功
2017-01-09T06:50:13: 读取文件成功
2017-01-09T06:50:23: 读取文件成功
2017-01-09T06:50:33: 读取文件成功
2017-01-09T06:50:43: 读取文件成功
2017-01-09T06:50:53: 读取文件成功
2017-01-09T06:51:03: 读取文件成功
2017-01-09T06:51:13: 读取文件成功
2017-01-09T06:51:23: 读取文件成功
2017-01-09T06:51:33: 读取文件成功
2017-01-09T06:51:43: 读取文件成功
2017-01-09T06:51:53: 读取文件成功
2017-01-09T06:52:03: 读取文件成功
2017-01-09T06:52:13: 读取文件成功
2017-01-09T06:52:23: 读取文件成功
2017-01-09T06:52:33: 读取文件成功
2017-01-09T06:52:43: 读取文件成功
2017-01-09T06:52:53: 读取文件成功
2017-01-09T06:53:03: 读取文件成功
2017-01-09T06:53:13: 读取文件成功
2017-01-09T06:53:23: 读取文件成功
2017-01-09T06:53:33: 读取文件成功
2017-01-09T06:53:43: 读取文件成功
2017-01-09T06:53:53: 读取文件成功
2017-01-09T06:54:03: 读取文件成功
2017-01-09T06:54:13: 读取文件成功
2017-01-09T06:54:23: 读取文件成功
2017-01-09T06:54:33: 读取文件成功
2017-01-09T06:54:43: 读取文件成功
2017-01-09T06:54:53: 读取文件成功
2017-01-09T06:55:03: 读取文件成功
2017-01-09T06:55:13: 读取文件成功
2017-01-09T06:55:23: 读取文件成功
2017-01-09T06:55:33: 读取文件成功
2017-01-09T06:55:43: 读取文件成功
2017-01-09T06:55:53: 读取文件成功
2017-01-09T06:56:03: 读取文件成功
2017-01-09T06:56:13: 读取文件成功
2017-01-09T06:56:23: 读取文件成功
2017-01-09T06:56:33: 读取文件成功
2017-01-09T06:56:43: 读取文件成功
2017-01-09T06:56:53: 读取文件成功
2017-01-09T06:57:03: 读取文件成功
2017-01-09T06:57:13: 读取文件成功
2017-01-09T06:57:23: 读取文件成功
2017-01-09T06:57:33: 读取文件成功
2017-01-09T06:57:43: 读取文件成功
2017-01-09T06:57:53: 读取文件成功
2017-01-09T06:58:03: 读取文件成功
2017-01-09T06:58:13: 读取文件成功
2017-01-09T06:58:23: 读取文件成功
2017-01-09T06:58:33: 读取文件成功
2017-01-09T06:58:43: 读取文件成功
2017-01-09T06:58:53: 读取文件成功
2017-01-09T06:59:03: 读取文件成功
2017-01-09T06:59:13: 读取文件成功
2017-01-09T06:59:23: 读取文件成功
2017-01-09T06:59:33: 读取文件成功
2017-01-09T06:59:44: 读取文件成功
2017-01-09T06:59:53: 读取文件成功
2017-01-09T07:00:03: 读取文件成功
2017-01-09T07:00:13: 读取文件成功
2017-01-09T07:00:24: 读取文件成功
2017-01-09T07:00:34: 读取文件成功
2017-01-09T07:00:43: 读取文件成功
2017-01-09T07:00:54: 读取文件成功
2017-01-09T07:01:04: 读取文件成功
2017-01-09T07:01:14: 读取文件成功
2017-01-09T07:01:24: 读取文件成功
2017-01-09T07:01:34: 读取文件成功
2017-01-09T07:01:44: 读取文件成功
2017-01-09T07:01:54: 读取文件成功
2017-01-09T07:02:04: 读取文件成功
2017-01-09T07:02:14: 读取文件成功
2017-01-09T07:02:24: 读取文件成功
2017-01-09T07:02:34: 读取文件成功
2017-01-09T07:02:44: 读取文件成功
2017-01-09T07:02:54: 读取文件成功
2017-01-09T07:03:04: 读取文件成功
2017-01-09T07:03:14: 读取文件成功
2017-01-09T07:03:24: 读取文件成功
2017-01-09T07:03:34: 读取文件成功
2017-01-09T07:03:44: 读取文件成功
2017-01-09T07:03:54: 读取文件成功
2017-01-09T07:04:04: 读取文件成功
2017-01-09T07:04:14: 读取文件成功
2017-01-09T07:04:24: 读取文件成功
2017-01-09T07:04:34: 读取文件成功
2017-01-09T07:04:44: 读取文件成功
2017-01-09T07:04:54: 读取文件成功
2017-01-09T07:05:04: 读取文件成功
2017-01-09T07:05:14: 读取文件成功
2017-01-09T07:05:24: 读取文件成功
2017-01-09T07:05:34: 读取文件成功
2017-01-09T07:05:44: 读取文件成功
2017-01-09T07:05:54: 读取文件成功
2017-01-09T07:06:04: 读取文件成功
2017-01-09T07:06:14: 读取文件成功
2017-01-09T07:06:24: 读取文件成功
2017-01-09T07:06:34: 读取文件成功
2017-01-09T07:06:44: 读取文件成功
2017-01-09T07:06:54: 读取文件成功
2017-01-09T07:07:04: 读取文件成功
2017-01-09T07:07:14: 读取文件成功
2017-01-09T07:07:24: 读取文件成功
2017-01-09T07:07:34: 读取文件成功
2017-01-09T07:07:44: 读取文件成功
2017-01-09T07:07:54: 读取文件成功
2017-01-09T07:08:04: 读取文件成功
2017-01-09T07:08:14: 读取文件成功
2017-01-09T07:08:24: 读取文件成功
2017-01-09T07:08:34: 读取文件成功
2017-01-09T07:08:44: 读取文件成功
2017-01-09T07:08:54: 读取文件成功
2017-01-09T07:09:04: 读取文件成功
2017-01-09T07:09:14: 读取文件成功
2017-01-09T07:09:24: 读取文件成功
2017-01-09T07:09:34: 读取文件成功
2017-01-09T07:09:44: 读取文件成功
2017-01-09T07:09:54: 读取文件成功
2017-01-09T07:10:04: 读取文件成功
2017-01-09T07:10:14: 读取文件成功
2017-01-09T07:10:24: 读取文件成功
2017-01-09T07:10:34: 读取文件成功
2017-01-09T07:10:44: 读取文件成功
2017-01-09T07:10:54: 读取文件成功
2017-01-09T07:11:04: 读取文件成功
2017-01-09T07:11:14: 读取文件成功
2017-01-09T07:11:24: 读取文件成功
2017-01-09T07:11:34: 读取文件成功
2017-01-09T07:11:44: 读取文件成功
2017-01-09T07:11:54: 读取文件成功
2017-01-09T07:12:04: 读取文件成功
2017-01-09T07:12:14: 读取文件成功
2017-01-09T07:12:24: 读取文件成功
2017-01-09T07:12:34: 读取文件成功
2017-01-09T07:12:44: 读取文件成功
2017-01-09T07:12:54: 读取文件成功
2017-01-09T07:13:04: 读取文件成功
2017-01-09T07:13:14: 读取文件成功
2017-01-09T07:13:24: 读取文件成功
2017-01-09T07:13:34: 读取文件成功
2017-01-09T07:13:44: 读取文件成功
2017-01-09T07:13:54: 读取文件成功
2017-01-09T07:14:04: 读取文件成功
2017-01-09T07:14:14: 读取文件成功
2017-01-09T07:14:24: 读取文件成功
2017-01-09T07:14:34: 读取文件成功
2017-01-09T07:14:44: 读取文件成功
2017-01-09T07:14:54: 读取文件成功
2017-01-09T07:15:04: 读取文件成功
2017-01-09T07:15:14: 读取文件成功
2017-01-09T07:15:24: 读取文件成功
2017-01-09T07:15:34: 读取文件成功
2017-01-09T07:15:44: 读取文件成功
2017-01-09T07:15:54: 读取文件成功
2017-01-09T07:16:04: 读取文件成功
2017-01-09T07:16:14: 读取文件成功
2017-01-09T07:16:24: 读取文件成功
2017-01-09T07:16:34: 读取文件成功
2017-01-09T07:16:44: 读取文件成功
2017-01-09T07:16:54: 读取文件成功
2017-01-09T07:17:04: 读取文件成功
2017-01-09T07:17:14: 读取文件成功
2017-01-09T07:17:24: 读取文件成功
2017-01-09T07:17:34: 读取文件成功
2017-01-09T07:17:44: 读取文件成功
2017-01-09T07:17:54: 读取文件成功
2017-01-09T07:18:04: 读取文件成功
2017-01-09T07:18:15: 读取文件成功
2017-01-09T07:18:25: 读取文件成功
2017-01-09T07:18:35: 读取文件成功
2017-01-09T07:18:45: 读取文件成功
2017-01-09T07:18:55: 读取文件成功
2017-01-09T07:19:05: 读取文件成功
2017-01-09T07:19:15: 读取文件成功
2017-01-09T07:19:25: 读取文件成功
2017-01-09T07:19:35: 读取文件成功
2017-01-09T07:19:45: 读取文件成功
2017-01-09T07:19:55: 读取文件成功
2017-01-09T07:20:05: 读取文件成功
2017-01-09T07:20:15: 读取文件成功
2017-01-09T07:20:25: 读取文件成功
2017-01-09T07:20:35: 读取文件成功
2017-01-09T07:20:45: 读取文件成功
2017-01-09T07:20:55: 读取文件成功
2017-01-09T07:21:05: 读取文件成功
2017-01-09T07:21:15: 读取文件成功
2017-01-09T07:21:25: 读取文件成功
2017-01-09T07:21:35: 读取文件成功
2017-01-09T07:21:45: 读取文件成功
2017-01-09T07:21:55: 读取文件成功
2017-01-09T07:22:05: 读取文件成功
2017-01-09T07:22:15: 读取文件成功
2017-01-09T07:22:25: 读取文件成功
2017-01-09T07:22:35: 读取文件成功
2017-01-09T07:22:45: 读取文件成功
2017-01-09T07:22:55: 读取文件成功
2017-01-09T07:23:05: 读取文件成功
2017-01-09T07:23:15: 读取文件成功
2017-01-09T07:23:25: 读取文件成功
2017-01-09T07:23:35: 读取文件成功
2017-01-09T07:23:45: 读取文件成功
2017-01-09T07:23:55: 读取文件成功
2017-01-09T07:24:05: 读取文件成功
2017-01-09T07:24:15: 读取文件成功
2017-01-09T07:24:25: 读取文件成功
2017-01-09T07:24:35: 读取文件成功
2017-01-09T07:24:45: 读取文件成功
2017-01-09T07:24:55: 读取文件成功
2017-01-09T07:25:05: 读取文件成功
2017-01-09T07:25:15: 读取文件成功
2017-01-09T07:25:25: 读取文件成功
2017-01-09T07:25:35: 读取文件成功
2017-01-09T07:25:45: 读取文件成功
2017-01-09T07:25:55: 读取文件成功
2017-01-09T07:26:05: 读取文件成功
2017-01-09T07:26:15: 读取文件成功
2017-01-09T07:26:25: 读取文件成功
2017-01-09T07:26:35: 读取文件成功
2017-01-09T07:26:45: 读取文件成功
2017-01-09T07:26:55: 读取文件成功
2017-01-09T07:27:05: 读取文件成功
2017-01-09T07:27:15: 读取文件成功
2017-01-09T07:27:25: 读取文件成功
2017-01-09T07:27:35: 读取文件成功
2017-01-09T07:27:45: 读取文件成功
2017-01-09T07:27:55: 读取文件成功
2017-01-09T07:28:05: 读取文件成功
2017-01-09T07:28:15: 读取文件成功
2017-01-09T07:28:25: 读取文件成功
2017-01-09T07:28:35: 读取文件成功
2017-01-09T07:28:45: 读取文件成功
2017-01-09T07:28:55: 读取文件成功
2017-01-09T07:29:05: 读取文件成功
2017-01-09T07:29:15: 读取文件成功
2017-01-09T07:29:25: 读取文件成功
2017-01-09T07:29:35: 读取文件成功
2017-01-09T07:29:45: 读取文件成功
2017-01-09T07:29:55: 读取文件成功
2017-01-09T07:30:05: 读取文件成功
2017-01-09T07:30:15: 读取文件成功
2017-01-09T07:30:25: 读取文件成功
2017-01-09T07:30:35: 读取文件成功
2017-01-09T07:30:45: 读取文件成功
2017-01-09T07:30:55: 读取文件成功
2017-01-09T07:31:05: 读取文件成功
2017-01-09T07:31:15: 读取文件成功
2017-01-09T07:31:25: 读取文件成功
2017-01-09T07:31:35: 读取文件成功
2017-01-09T07:31:45: 读取文件成功
2017-01-09T07:31:55: 读取文件成功
2017-01-09T07:32:05: 读取文件成功
2017-01-09T07:32:15: 读取文件成功
2017-01-09T07:32:25: 读取文件成功
2017-01-09T07:32:35: 读取文件成功
2017-01-09T07:32:45: 读取文件成功
2017-01-09T07:32:55: 读取文件成功
2017-01-09T07:33:05: 读取文件成功
2017-01-09T07:33:15: 读取文件成功
2017-01-09T07:33:25: 读取文件成功
2017-01-09T07:33:35: 读取文件成功
2017-01-09T07:33:45: 读取文件成功
2017-01-09T07:33:55: 读取文件成功
2017-01-09T07:34:05: 读取文件成功
2017-01-09T07:34:15: 读取文件成功
2017-01-09T07:34:25: 读取文件成功
2017-01-09T07:34:35: 读取文件成功
2017-01-09T07:34:45: 读取文件成功
2017-01-09T07:34:55: 读取文件成功
2017-01-09T07:35:05: 读取文件成功
2017-01-09T07:35:15: 读取文件成功
2017-01-09T07:35:25: 读取文件成功
2017-01-09T07:35:36: 读取文件成功
2017-01-09T07:35:46: 读取文件成功
2017-01-09T07:35:56: 读取文件成功
2017-01-09T07:36:06: 读取文件成功
2017-01-09T07:36:16: 读取文件成功
2017-01-09T07:36:26: 读取文件成功
2017-01-09T07:36:36: 读取文件成功
2017-01-09T07:36:46: 读取文件成功
2017-01-09T07:36:56: 读取文件成功
2017-01-09T07:37:06: 读取文件成功
2017-01-09T07:37:16: 读取文件成功
2017-01-09T07:37:26: 读取文件成功
2017-01-09T07:37:36: 读取文件成功
2017-01-09T07:37:46: 读取文件成功
2017-01-09T07:37:56: 读取文件成功
2017-01-09T07:38:06: 读取文件成功
2017-01-09T07:38:16: 读取文件成功
2017-01-09T07:38:26: 读取文件成功
2017-01-09T07:38:36: 读取文件成功
2017-01-09T07:38:46: 读取文件成功
2017-01-09T07:38:56: 读取文件成功
2017-01-09T07:39:06: 读取文件成功
2017-01-09T07:39:16: 读取文件成功
2017-01-09T07:39:26: 读取文件成功
2017-01-09T07:39:36: 读取文件成功
2017-01-09T07:39:46: 读取文件成功
2017-01-09T07:39:56: 读取文件成功
2017-01-09T07:40:06: 读取文件成功
2017-01-09T07:40:16: 读取文件成功
2017-01-09T07:40:26: 读取文件成功
2017-01-09T07:40:36: 读取文件成功
2017-01-09T07:40:46: 读取文件成功
2017-01-09T07:40:56: 读取文件成功
2017-01-09T07:41:06: 读取文件成功
2017-01-09T07:41:16: 读取文件成功
2017-01-09T07:41:26: 读取文件成功
2017-01-09T07:41:36: 读取文件成功
2017-01-09T07:41:46: 读取文件成功
2017-01-09T07:41:56: 读取文件成功
2017-01-09T07:42:06: 读取文件成功
2017-01-09T07:42:16: 读取文件成功
2017-01-09T07:42:26: 读取文件成功
2017-01-09T07:42:36: 读取文件成功
2017-01-09T07:42:46: 读取文件成功
2017-01-09T07:42:56: 读取文件成功
2017-01-09T07:43:06: 读取文件成功
2017-01-09T07:43:16: 读取文件成功
2017-01-09T07:43:26: 读取文件成功
2017-01-09T07:43:36: 读取文件成功
2017-01-09T07:43:46: 读取文件成功
2017-01-09T07:43:56: 读取文件成功
2017-01-09T07:44:06: 读取文件成功
2017-01-09T07:44:16: 读取文件成功
2017-01-09T07:44:26: 读取文件成功
2017-01-09T07:44:36: 读取文件成功
2017-01-09T07:44:46: 读取文件成功
2017-01-09T07:44:56: 读取文件成功
2017-01-09T07:45:06: 读取文件成功
2017-01-09T07:45:16: 读取文件成功
2017-01-09T07:45:26: 读取文件成功
2017-01-09T07:45:36: 读取文件成功
2017-01-09T07:45:46: 读取文件成功
2017-01-09T07:45:56: 读取文件成功
2017-01-09T07:46:06: 读取文件成功
2017-01-09T07:46:16: 读取文件成功
2017-01-09T07:46:26: 读取文件成功
2017-01-09T07:46:36: 读取文件成功
2017-01-09T07:46:46: 读取文件成功
2017-01-09T07:46:56: 读取文件成功
2017-01-09T07:47:06: 读取文件成功
2017-01-09T07:47:16: 读取文件成功
2017-01-09T07:47:26: 读取文件成功
2017-01-09T07:47:36: 读取文件成功
2017-01-09T07:47:46: 读取文件成功
2017-01-09T07:47:56: 读取文件成功
2017-01-09T07:48:06: 读取文件成功
2017-01-09T07:48:16: 读取文件成功
2017-01-09T07:48:26: 读取文件成功
2017-01-09T07:48:36: 读取文件成功
2017-01-09T07:48:46: 读取文件成功
2017-01-09T07:48:56: 读取文件成功
2017-01-09T07:49:06: 读取文件成功
2017-01-09T07:49:16: 读取文件成功
2017-01-09T07:49:26: 读取文件成功
2017-01-09T07:49:36: 读取文件成功
2017-01-09T07:49:46: 读取文件成功
2017-01-09T07:49:56: 读取文件成功
2017-01-09T07:50:06: 读取文件成功
2017-01-09T07:50:16: 读取文件成功
2017-01-09T07:50:26: 读取文件成功
2017-01-09T07:50:36: 读取文件成功
2017-01-09T07:50:46: 读取文件成功
2017-01-09T07:50:56: 读取文件成功
2017-01-09T07:51:06: 读取文件成功
2017-01-09T07:51:16: 读取文件成功
2017-01-09T07:51:26: 读取文件成功
2017-01-09T07:51:36: 读取文件成功
2017-01-09T07:51:46: 读取文件成功
2017-01-09T07:51:56: 读取文件成功
2017-01-09T07:52:06: 读取文件成功
2017-01-09T07:52:16: 读取文件成功
2017-01-09T07:52:26: 读取文件成功
2017-01-09T07:52:36: 读取文件成功
2017-01-09T07:52:47: 读取文件成功
2017-01-09T07:52:57: 读取文件成功
2017-01-09T07:53:07: 读取文件成功
2017-01-09T07:53:17: 读取文件成功
2017-01-09T07:53:27: 读取文件成功
2017-01-09T07:53:37: 读取文件成功
2017-01-09T07:53:47: 读取文件成功
2017-01-09T07:53:57: 读取文件成功
2017-01-09T07:54:07: 读取文件成功
2017-01-09T07:54:17: 读取文件成功
2017-01-09T07:54:27: 读取文件成功
2017-01-09T07:54:37: 读取文件成功
2017-01-09T07:54:47: 读取文件成功
2017-01-09T07:54:57: 读取文件成功
2017-01-09T07:55:07: 读取文件成功
2017-01-09T07:55:17: 读取文件成功
2017-01-09T07:55:27: 读取文件成功
2017-01-09T07:55:37: 读取文件成功
2017-01-09T07:55:47: 读取文件成功
2017-01-09T07:55:57: 读取文件成功
2017-01-09T07:56:07: 读取文件成功
2017-01-09T07:56:17: 读取文件成功
2017-01-09T07:56:27: 读取文件成功
2017-01-09T07:56:37: 读取文件成功
2017-01-09T07:56:47: 读取文件成功
2017-01-09T07:56:57: 读取文件成功
2017-01-09T07:57:07: 读取文件成功
2017-01-09T07:57:17: 读取文件成功
2017-01-09T07:57:27: 读取文件成功
2017-01-09T07:57:37: 读取文件成功
2017-01-09T07:57:47: 读取文件成功
2017-01-09T07:57:57: 读取文件成功
2017-01-09T07:58:07: 读取文件成功
2017-01-09T07:58:17: 读取文件成功
2017-01-09T07:58:27: 读取文件成功
2017-01-09T07:58:37: 读取文件成功
2017-01-09T07:58:47: 读取文件成功
2017-01-09T07:58:57: 读取文件成功
2017-01-09T07:59:07: 读取文件成功
