2017-07-19T00:00:48: 非记录时间：2017-07-19T00:00:48+08:00
2017-07-19T00:01:48: 非记录时间：2017-07-19T00:01:48+08:00
2017-07-19T00:02:48: 非记录时间：2017-07-19T00:02:48+08:00
2017-07-19T00:03:48: 非记录时间：2017-07-19T00:03:48+08:00
2017-07-19T00:04:48: 非记录时间：2017-07-19T00:04:48+08:00
2017-07-19T00:05:48: 非记录时间：2017-07-19T00:05:48+08:00
2017-07-19T00:06:48: 非记录时间：2017-07-19T00:06:48+08:00
2017-07-19T00:07:48: 非记录时间：2017-07-19T00:07:48+08:00
2017-07-19T00:08:48: 非记录时间：2017-07-19T00:08:48+08:00
2017-07-19T00:09:48: 非记录时间：2017-07-19T00:09:48+08:00
2017-07-19T00:10:48: 非记录时间：2017-07-19T00:10:48+08:00
2017-07-19T00:11:48: 非记录时间：2017-07-19T00:11:48+08:00
2017-07-19T00:12:48: 非记录时间：2017-07-19T00:12:48+08:00
2017-07-19T00:13:48: 非记录时间：2017-07-19T00:13:48+08:00
2017-07-19T00:14:48: 非记录时间：2017-07-19T00:14:48+08:00
2017-07-19T00:15:48: 非记录时间：2017-07-19T00:15:48+08:00
2017-07-19T00:16:48: 非记录时间：2017-07-19T00:16:48+08:00
2017-07-19T00:17:48: 非记录时间：2017-07-19T00:17:48+08:00
2017-07-19T00:18:48: 非记录时间：2017-07-19T00:18:48+08:00
2017-07-19T00:19:48: 非记录时间：2017-07-19T00:19:48+08:00
2017-07-19T00:20:48: 非记录时间：2017-07-19T00:20:48+08:00
2017-07-19T00:21:48: 非记录时间：2017-07-19T00:21:48+08:00
2017-07-19T00:22:48: 非记录时间：2017-07-19T00:22:48+08:00
2017-07-19T00:23:48: 非记录时间：2017-07-19T00:23:48+08:00
2017-07-19T00:24:48: 非记录时间：2017-07-19T00:24:48+08:00
2017-07-19T00:25:48: 非记录时间：2017-07-19T00:25:48+08:00
2017-07-19T00:26:48: 非记录时间：2017-07-19T00:26:48+08:00
2017-07-19T00:27:48: 非记录时间：2017-07-19T00:27:48+08:00
2017-07-19T00:28:48: 非记录时间：2017-07-19T00:28:48+08:00
2017-07-19T00:29:48: 非记录时间：2017-07-19T00:29:48+08:00
2017-07-19T00:30:48: 非记录时间：2017-07-19T00:30:48+08:00
2017-07-19T00:31:48: 非记录时间：2017-07-19T00:31:48+08:00
2017-07-19T00:32:48: 非记录时间：2017-07-19T00:32:48+08:00
2017-07-19T00:33:48: 非记录时间：2017-07-19T00:33:48+08:00
2017-07-19T00:34:48: 非记录时间：2017-07-19T00:34:48+08:00
2017-07-19T00:35:48: 非记录时间：2017-07-19T00:35:48+08:00
2017-07-19T00:36:48: 非记录时间：2017-07-19T00:36:48+08:00
2017-07-19T00:37:48: 非记录时间：2017-07-19T00:37:48+08:00
2017-07-19T00:38:48: 非记录时间：2017-07-19T00:38:48+08:00
2017-07-19T00:39:48: 非记录时间：2017-07-19T00:39:48+08:00
2017-07-19T00:40:48: 非记录时间：2017-07-19T00:40:48+08:00
2017-07-19T00:41:48: 非记录时间：2017-07-19T00:41:48+08:00
2017-07-19T00:42:48: 非记录时间：2017-07-19T00:42:48+08:00
2017-07-19T00:43:48: 非记录时间：2017-07-19T00:43:48+08:00
2017-07-19T00:44:48: 非记录时间：2017-07-19T00:44:48+08:00
2017-07-19T00:45:48: 非记录时间：2017-07-19T00:45:48+08:00
2017-07-19T00:46:48: 非记录时间：2017-07-19T00:46:48+08:00
2017-07-19T00:47:48: 非记录时间：2017-07-19T00:47:48+08:00
2017-07-19T00:48:48: 非记录时间：2017-07-19T00:48:48+08:00
2017-07-19T00:49:48: 非记录时间：2017-07-19T00:49:48+08:00
2017-07-19T00:50:48: 非记录时间：2017-07-19T00:50:48+08:00
2017-07-19T00:51:48: 非记录时间：2017-07-19T00:51:48+08:00
2017-07-19T00:52:48: 非记录时间：2017-07-19T00:52:48+08:00
2017-07-19T00:53:48: 非记录时间：2017-07-19T00:53:48+08:00
2017-07-19T00:54:48: 非记录时间：2017-07-19T00:54:48+08:00
2017-07-19T00:55:48: 非记录时间：2017-07-19T00:55:48+08:00
2017-07-19T00:56:48: 非记录时间：2017-07-19T00:56:48+08:00
2017-07-19T00:57:48: 非记录时间：2017-07-19T00:57:48+08:00
2017-07-19T00:58:48: 非记录时间：2017-07-19T00:58:48+08:00
2017-07-19T00:59:48: 非记录时间：2017-07-19T00:59:48+08:00
2017-07-19T01:00:48: 非记录时间：2017-07-19T01:00:48+08:00
2017-07-19T01:01:48: 非记录时间：2017-07-19T01:01:48+08:00
2017-07-19T01:02:48: 非记录时间：2017-07-19T01:02:48+08:00
2017-07-19T01:03:48: 非记录时间：2017-07-19T01:03:48+08:00
2017-07-19T01:04:48: 非记录时间：2017-07-19T01:04:48+08:00
2017-07-19T01:05:48: 非记录时间：2017-07-19T01:05:48+08:00
2017-07-19T01:06:48: 非记录时间：2017-07-19T01:06:48+08:00
2017-07-19T01:07:48: 非记录时间：2017-07-19T01:07:48+08:00
2017-07-19T01:08:48: 非记录时间：2017-07-19T01:08:48+08:00
2017-07-19T01:09:48: 非记录时间：2017-07-19T01:09:48+08:00
2017-07-19T01:10:48: 非记录时间：2017-07-19T01:10:48+08:00
2017-07-19T01:11:49: 读取文件失败，可能是该文件不存在
2017-07-19T01:11:49: Error: ENOENT: no such file or directory, open './data/2017-07-19.json'
2017-07-19T01:12:49: 读取文件成功
2017-07-19T01:13:48: 读取文件成功
2017-07-19T01:14:48: 读取文件成功
2017-07-19T01:15:48: 读取文件成功
2017-07-19T01:16:48: 读取文件成功
2017-07-19T01:17:48: 读取文件成功
2017-07-19T01:18:48: 读取文件成功
2017-07-19T01:19:48: 读取文件成功
2017-07-19T01:20:48: 读取文件成功
2017-07-19T01:21:48: 读取文件成功
2017-07-19T01:22:48: 读取文件成功
2017-07-19T01:23:48: 读取文件成功
2017-07-19T01:24:48: 读取文件成功
2017-07-19T01:25:50: 读取文件成功
2017-07-19T01:26:48: 读取文件成功
2017-07-19T01:27:48: 读取文件成功
2017-07-19T01:28:48: 读取文件成功
2017-07-19T01:29:49: 读取文件成功
2017-07-19T01:30:48: 读取文件成功
2017-07-19T01:31:48: 读取文件成功
2017-07-19T01:32:48: 读取文件成功
2017-07-19T01:33:48: 读取文件成功
2017-07-19T01:34:48: 读取文件成功
2017-07-19T01:35:49: 读取文件成功
2017-07-19T01:36:49: 读取文件成功
2017-07-19T01:37:48: 读取文件成功
2017-07-19T01:38:48: 读取文件成功
2017-07-19T01:39:48: 读取文件成功
2017-07-19T01:40:49: 读取文件成功
2017-07-19T01:41:49: 读取文件成功
2017-07-19T01:42:49: 读取文件成功
2017-07-19T01:43:49: 读取文件成功
2017-07-19T01:44:49: 读取文件成功
2017-07-19T01:45:49: 读取文件成功
2017-07-19T01:46:49: 读取文件成功
2017-07-19T01:47:49: 读取文件成功
2017-07-19T01:48:49: 读取文件成功
2017-07-19T01:49:49: 读取文件成功
2017-07-19T01:50:49: 读取文件成功
2017-07-19T01:51:49: 读取文件成功
2017-07-19T01:52:49: 读取文件成功
2017-07-19T01:53:49: 读取文件成功
2017-07-19T01:54:49: 读取文件成功
2017-07-19T01:55:49: 读取文件成功
2017-07-19T01:56:49: 读取文件成功
2017-07-19T01:57:49: 读取文件成功
2017-07-19T01:58:49: 读取文件成功
2017-07-19T01:59:49: 读取文件成功
2017-07-19T02:00:49: 读取文件成功
2017-07-19T02:01:49: 读取文件成功
2017-07-19T02:02:49: 读取文件成功
2017-07-19T02:03:49: 读取文件成功
2017-07-19T02:04:49: 读取文件成功
2017-07-19T02:05:49: 读取文件成功
2017-07-19T02:06:49: 读取文件成功
2017-07-19T02:07:49: 读取文件成功
2017-07-19T02:08:49: 读取文件成功
2017-07-19T02:09:49: 读取文件成功
2017-07-19T02:10:49: 读取文件成功
2017-07-19T02:11:49: 读取文件成功
2017-07-19T02:12:49: 读取文件成功
2017-07-19T02:13:49: 读取文件成功
2017-07-19T02:14:49: 读取文件成功
2017-07-19T02:15:49: 读取文件成功
2017-07-19T02:16:49: 读取文件成功
2017-07-19T02:17:49: 读取文件成功
2017-07-19T02:18:49: 读取文件成功
2017-07-19T02:19:49: 读取文件成功
2017-07-19T02:20:49: 读取文件成功
2017-07-19T02:21:49: 读取文件成功
2017-07-19T02:22:49: 读取文件成功
2017-07-19T02:23:49: 读取文件成功
2017-07-19T02:24:49: 读取文件成功
2017-07-19T02:25:49: 读取文件成功
2017-07-19T02:26:49: 读取文件成功
2017-07-19T02:27:49: 读取文件成功
2017-07-19T02:28:49: 读取文件成功
2017-07-19T02:29:49: 读取文件成功
2017-07-19T02:30:49: 读取文件成功
2017-07-19T02:31:49: 读取文件成功
2017-07-19T02:32:49: 读取文件成功
2017-07-19T02:33:49: 读取文件成功
2017-07-19T02:34:49: 读取文件成功
2017-07-19T02:35:49: 读取文件成功
2017-07-19T02:36:49: 读取文件成功
2017-07-19T02:37:49: 读取文件成功
2017-07-19T02:38:49: 读取文件成功
2017-07-19T02:39:49: 读取文件成功
2017-07-19T02:40:49: 读取文件成功
2017-07-19T02:41:49: 读取文件成功
2017-07-19T02:42:49: 读取文件成功
2017-07-19T02:43:49: 读取文件成功
2017-07-19T02:44:49: 读取文件成功
2017-07-19T02:45:49: 读取文件成功
2017-07-19T02:46:49: 读取文件成功
2017-07-19T02:47:49: 读取文件成功
2017-07-19T02:48:49: 读取文件成功
2017-07-19T02:49:49: 读取文件成功
2017-07-19T02:50:49: 读取文件成功
2017-07-19T02:51:49: 读取文件成功
2017-07-19T02:52:49: 读取文件成功
2017-07-19T02:53:49: 读取文件成功
2017-07-19T02:54:49: 读取文件成功
2017-07-19T02:55:49: 读取文件成功
2017-07-19T02:56:49: 读取文件成功
2017-07-19T02:57:49: 读取文件成功
2017-07-19T02:58:50: 读取文件成功
2017-07-19T02:59:49: 读取文件成功
2017-07-19T03:00:49: 读取文件成功
2017-07-19T03:01:49: 读取文件成功
2017-07-19T03:02:49: 读取文件成功
2017-07-19T03:03:49: 读取文件成功
2017-07-19T03:04:50: 读取文件成功
2017-07-19T03:05:49: 读取文件成功
2017-07-19T03:06:50: 读取文件成功
2017-07-19T03:07:49: 读取文件成功
2017-07-19T03:08:50: 读取文件成功
2017-07-19T03:09:50: 读取文件成功
2017-07-19T03:10:50: 读取文件成功
2017-07-19T03:11:50: 读取文件成功
2017-07-19T03:12:50: 读取文件成功
2017-07-19T03:13:50: 读取文件成功
2017-07-19T03:14:50: 读取文件成功
2017-07-19T03:15:50: 读取文件成功
2017-07-19T03:16:50: 读取文件成功
2017-07-19T03:17:50: 读取文件成功
2017-07-19T03:18:50: 读取文件成功
2017-07-19T03:19:50: 读取文件成功
2017-07-19T03:20:50: 读取文件成功
2017-07-19T03:21:50: 读取文件成功
2017-07-19T03:22:50: 读取文件成功
2017-07-19T03:23:50: 读取文件成功
2017-07-19T03:24:50: 读取文件成功
2017-07-19T03:25:50: 读取文件成功
2017-07-19T03:26:50: 读取文件成功
2017-07-19T03:27:50: 读取文件成功
2017-07-19T03:28:50: 读取文件成功
2017-07-19T03:29:50: 读取文件成功
2017-07-19T03:30:50: 读取文件成功
2017-07-19T03:31:50: 读取文件成功
2017-07-19T03:32:50: 读取文件成功
2017-07-19T03:33:50: 读取文件成功
2017-07-19T03:34:50: 读取文件成功
2017-07-19T03:35:50: 读取文件成功
2017-07-19T03:36:50: 读取文件成功
2017-07-19T03:37:50: 读取文件成功
2017-07-19T03:38:50: 读取文件成功
2017-07-19T03:39:50: 读取文件成功
2017-07-19T03:40:50: 读取文件成功
2017-07-19T03:41:50: 读取文件成功
2017-07-19T03:42:50: 读取文件成功
2017-07-19T03:43:50: 读取文件成功
2017-07-19T03:44:50: 读取文件成功
2017-07-19T03:45:50: 读取文件成功
2017-07-19T03:46:50: 读取文件成功
2017-07-19T03:47:50: 读取文件成功
2017-07-19T03:48:50: 读取文件成功
2017-07-19T03:49:50: 读取文件成功
2017-07-19T03:50:50: 读取文件成功
2017-07-19T03:51:50: 读取文件成功
2017-07-19T03:52:50: 读取文件成功
2017-07-19T03:53:50: 读取文件成功
2017-07-19T03:54:50: 读取文件成功
2017-07-19T03:55:50: 读取文件成功
2017-07-19T03:56:50: 读取文件成功
2017-07-19T03:57:50: 读取文件成功
2017-07-19T03:58:50: 读取文件成功
2017-07-19T03:59:50: 读取文件成功
2017-07-19T04:00:50: 读取文件成功
2017-07-19T04:01:50: 读取文件成功
2017-07-19T04:02:50: 读取文件成功
2017-07-19T04:03:50: 读取文件成功
2017-07-19T04:04:50: 读取文件成功
2017-07-19T04:05:50: 读取文件成功
2017-07-19T04:06:50: 读取文件成功
2017-07-19T04:07:50: 读取文件成功
2017-07-19T04:08:50: 读取文件成功
2017-07-19T04:09:50: 读取文件成功
2017-07-19T04:10:50: 读取文件成功
2017-07-19T04:11:50: 读取文件成功
2017-07-19T04:12:50: 读取文件成功
2017-07-19T04:13:50: 读取文件成功
2017-07-19T04:14:50: 读取文件成功
2017-07-19T04:15:50: 读取文件成功
2017-07-19T04:16:50: 读取文件成功
2017-07-19T04:17:50: 读取文件成功
2017-07-19T04:18:50: 读取文件成功
2017-07-19T04:19:50: 读取文件成功
2017-07-19T04:20:50: 读取文件成功
2017-07-19T04:21:50: 读取文件成功
2017-07-19T04:22:50: 读取文件成功
2017-07-19T04:23:50: 读取文件成功
2017-07-19T04:24:50: 读取文件成功
2017-07-19T04:25:50: 读取文件成功
2017-07-19T04:26:50: 读取文件成功
2017-07-19T04:27:50: 读取文件成功
2017-07-19T04:28:51: 读取文件成功
2017-07-19T04:29:50: 读取文件成功
2017-07-19T04:30:50: 读取文件成功
2017-07-19T04:31:50: 读取文件成功
2017-07-19T04:32:50: 读取文件成功
2017-07-19T04:33:50: 读取文件成功
2017-07-19T04:34:50: 读取文件成功
2017-07-19T04:35:50: 读取文件成功
2017-07-19T04:36:50: 读取文件成功
2017-07-19T04:37:50: 读取文件成功
2017-07-19T04:38:50: 读取文件成功
2017-07-19T04:39:50: 读取文件成功
2017-07-19T04:40:51: 读取文件成功
2017-07-19T04:41:50: 读取文件成功
2017-07-19T04:42:50: 读取文件成功
2017-07-19T04:43:50: 读取文件成功
2017-07-19T04:44:50: 读取文件成功
2017-07-19T04:45:50: 读取文件成功
2017-07-19T04:46:51: 读取文件成功
2017-07-19T04:47:50: 读取文件成功
2017-07-19T04:48:50: 读取文件成功
2017-07-19T04:49:51: 读取文件成功
2017-07-19T04:50:51: 读取文件成功
2017-07-19T04:51:51: 读取文件成功
2017-07-19T04:52:51: 读取文件成功
2017-07-19T04:53:51: 读取文件成功
2017-07-19T04:54:51: 读取文件成功
2017-07-19T04:55:51: 读取文件成功
2017-07-19T04:56:51: 读取文件成功
2017-07-19T04:57:51: 读取文件成功
2017-07-19T04:58:51: 读取文件成功
2017-07-19T04:59:51: 读取文件成功
2017-07-19T05:00:51: 读取文件成功
2017-07-19T05:01:51: 读取文件成功
2017-07-19T05:02:51: 读取文件成功
2017-07-19T05:03:51: 读取文件成功
2017-07-19T05:04:51: 读取文件成功
2017-07-19T05:05:51: 读取文件成功
2017-07-19T05:06:51: 读取文件成功
2017-07-19T05:07:51: 读取文件成功
2017-07-19T05:08:51: 读取文件成功
2017-07-19T05:09:51: 读取文件成功
2017-07-19T05:10:51: 读取文件成功
2017-07-19T05:11:51: 读取文件成功
2017-07-19T05:12:51: 读取文件成功
2017-07-19T05:13:51: 读取文件成功
2017-07-19T05:14:51: 读取文件成功
2017-07-19T05:15:51: 读取文件成功
2017-07-19T05:16:51: 读取文件成功
2017-07-19T05:17:51: 读取文件成功
2017-07-19T05:18:51: 读取文件成功
2017-07-19T05:19:51: 读取文件成功
2017-07-19T05:20:51: 读取文件成功
2017-07-19T05:21:51: 读取文件成功
2017-07-19T05:22:51: 读取文件成功
2017-07-19T05:23:51: 读取文件成功
2017-07-19T05:24:51: 读取文件成功
2017-07-19T05:25:51: 读取文件成功
2017-07-19T05:26:51: 读取文件成功
2017-07-19T05:27:51: 读取文件成功
2017-07-19T05:28:51: 读取文件成功
2017-07-19T05:29:51: 读取文件成功
2017-07-19T05:30:51: 读取文件成功
2017-07-19T05:31:51: 读取文件成功
2017-07-19T05:32:51: 读取文件成功
2017-07-19T05:33:51: 读取文件成功
2017-07-19T05:34:51: 读取文件成功
2017-07-19T05:35:51: 读取文件成功
2017-07-19T05:36:51: 读取文件成功
2017-07-19T05:37:51: 读取文件成功
2017-07-19T05:38:51: 读取文件成功
2017-07-19T05:39:51: 读取文件成功
2017-07-19T05:40:51: 读取文件成功
2017-07-19T05:41:51: 读取文件成功
2017-07-19T05:42:51: 读取文件成功
2017-07-19T05:43:51: 读取文件成功
2017-07-19T05:44:51: 读取文件成功
2017-07-19T05:45:51: 读取文件成功
2017-07-19T05:46:51: 读取文件成功
2017-07-19T05:47:51: 读取文件成功
2017-07-19T05:48:51: 读取文件成功
2017-07-19T05:49:51: 读取文件成功
2017-07-19T05:50:51: 读取文件成功
2017-07-19T05:51:51: 读取文件成功
2017-07-19T05:52:51: 读取文件成功
2017-07-19T05:53:51: 读取文件成功
2017-07-19T05:54:51: 读取文件成功
2017-07-19T05:55:51: 读取文件成功
2017-07-19T05:56:51: 读取文件成功
2017-07-19T05:57:51: 读取文件成功
2017-07-19T05:58:51: 读取文件成功
2017-07-19T05:59:51: 读取文件成功
2017-07-19T06:00:51: 读取文件成功
2017-07-19T06:01:51: 读取文件成功
2017-07-19T06:02:51: 读取文件成功
2017-07-19T06:03:52: 读取文件成功
2017-07-19T06:04:51: 读取文件成功
2017-07-19T06:05:51: 读取文件成功
2017-07-19T06:06:51: 读取文件成功
2017-07-19T06:07:51: 读取文件成功
2017-07-19T06:08:51: 读取文件成功
2017-07-19T06:09:51: 读取文件成功
2017-07-19T06:10:51: 读取文件成功
2017-07-19T06:11:51: 读取文件成功
2017-07-19T06:12:51: 读取文件成功
2017-07-19T06:13:51: 读取文件成功
2017-07-19T06:14:51: 读取文件成功
2017-07-19T06:15:51: 读取文件成功
2017-07-19T06:16:51: 读取文件成功
2017-07-19T06:17:51: 读取文件成功
2017-07-19T06:18:51: 读取文件成功
2017-07-19T06:19:51: 读取文件成功
2017-07-19T06:20:51: 读取文件成功
2017-07-19T06:21:52: 读取文件成功
2017-07-19T06:22:51: 读取文件成功
2017-07-19T06:23:51: 读取文件成功
2017-07-19T06:24:51: 读取文件成功
2017-07-19T06:25:51: 读取文件成功
2017-07-19T06:26:52: 读取文件成功
2017-07-19T06:27:52: 读取文件成功
2017-07-19T06:28:52: 读取文件成功
2017-07-19T06:29:52: 读取文件成功
2017-07-19T06:30:52: 读取文件成功
2017-07-19T06:31:52: 读取文件成功
2017-07-19T06:32:52: 读取文件成功
2017-07-19T06:33:52: 读取文件成功
2017-07-19T06:34:52: 读取文件成功
2017-07-19T06:35:52: 读取文件成功
2017-07-19T06:36:52: 读取文件成功
2017-07-19T06:37:52: 读取文件成功
2017-07-19T06:38:52: 读取文件成功
2017-07-19T06:39:52: 读取文件成功
2017-07-19T06:40:52: 读取文件成功
2017-07-19T06:41:52: 读取文件成功
2017-07-19T06:42:52: 读取文件成功
2017-07-19T06:43:52: 读取文件成功
2017-07-19T06:44:52: 读取文件成功
2017-07-19T06:45:52: 读取文件成功
2017-07-19T06:46:52: 读取文件成功
2017-07-19T06:47:52: 读取文件成功
2017-07-19T06:48:52: 读取文件成功
2017-07-19T06:49:52: 读取文件成功
2017-07-19T06:50:52: 读取文件成功
2017-07-19T06:51:52: 读取文件成功
2017-07-19T06:52:52: 读取文件成功
2017-07-19T06:53:52: 读取文件成功
2017-07-19T06:54:52: 读取文件成功
2017-07-19T06:55:52: 读取文件成功
2017-07-19T06:56:52: 读取文件成功
2017-07-19T06:57:52: 读取文件成功
2017-07-19T06:58:52: 读取文件成功
2017-07-19T06:59:52: 读取文件成功
2017-07-19T07:00:52: 读取文件成功
2017-07-19T07:01:52: 读取文件成功
2017-07-19T07:02:52: 读取文件成功
2017-07-19T07:03:52: 读取文件成功
2017-07-19T07:04:52: 读取文件成功
2017-07-19T07:05:52: 读取文件成功
2017-07-19T07:06:52: 读取文件成功
2017-07-19T07:07:52: 读取文件成功
2017-07-19T07:08:52: 读取文件成功
2017-07-19T07:09:52: 读取文件成功
2017-07-19T07:10:52: 读取文件成功
2017-07-19T07:11:52: 读取文件成功
2017-07-19T07:12:52: 读取文件成功
2017-07-19T07:13:52: 读取文件成功
2017-07-19T07:14:52: 读取文件成功
2017-07-19T07:15:52: 读取文件成功
2017-07-19T07:16:52: 读取文件成功
2017-07-19T07:17:52: 读取文件成功
2017-07-19T07:18:52: 读取文件成功
2017-07-19T07:19:52: 读取文件成功
2017-07-19T07:20:52: 读取文件成功
2017-07-19T07:21:52: 读取文件成功
2017-07-19T07:22:52: 读取文件成功
2017-07-19T07:23:52: 读取文件成功
2017-07-19T07:24:52: 读取文件成功
2017-07-19T07:25:52: 读取文件成功
2017-07-19T07:26:52: 读取文件成功
2017-07-19T07:27:52: 读取文件成功
2017-07-19T07:28:52: 读取文件成功
2017-07-19T07:29:52: 读取文件成功
2017-07-19T07:30:52: 读取文件成功
2017-07-19T07:31:52: 读取文件成功
2017-07-19T07:32:52: 读取文件成功
2017-07-19T07:33:52: 读取文件成功
2017-07-19T07:34:52: 读取文件成功
2017-07-19T07:35:52: 读取文件成功
2017-07-19T07:36:52: 读取文件成功
2017-07-19T07:37:52: 读取文件成功
2017-07-19T07:38:52: 读取文件成功
2017-07-19T07:39:52: 读取文件成功
2017-07-19T07:40:52: 读取文件成功
2017-07-19T07:41:52: 读取文件成功
2017-07-19T07:42:52: 读取文件成功
2017-07-19T07:43:52: 读取文件成功
2017-07-19T07:44:52: 读取文件成功
2017-07-19T07:45:52: 读取文件成功
2017-07-19T07:46:52: 读取文件成功
2017-07-19T07:47:52: 读取文件成功
2017-07-19T07:48:52: 读取文件成功
2017-07-19T07:49:52: 读取文件成功
2017-07-19T07:50:52: 读取文件成功
2017-07-19T07:51:53: 读取文件成功
2017-07-19T07:52:52: 读取文件成功
2017-07-19T07:53:52: 读取文件成功
2017-07-19T07:54:52: 读取文件成功
2017-07-19T07:55:52: 读取文件成功
2017-07-19T07:56:53: 读取文件成功
2017-07-19T07:57:53: 读取文件成功
2017-07-19T07:58:52: 读取文件成功
2017-07-19T07:59:52: 读取文件成功
2017-07-19T08:00:52: 读取文件成功
2017-07-19T08:01:52: 读取文件成功
2017-07-19T08:02:52: 读取文件成功
2017-07-19T08:03:53: 读取文件成功
2017-07-19T08:04:52: 读取文件成功
2017-07-19T08:05:52: 读取文件成功
2017-07-19T08:06:53: 读取文件成功
2017-07-19T08:07:52: 读取文件成功
2017-07-19T08:08:52: 读取文件成功
2017-07-19T08:09:53: 读取文件成功
2017-07-19T08:10:53: 读取文件成功
2017-07-19T08:11:53: 读取文件成功
2017-07-19T08:12:53: 读取文件成功
2017-07-19T08:13:53: 读取文件成功
2017-07-19T08:14:53: 读取文件成功
2017-07-19T08:15:53: 读取文件成功
2017-07-19T08:16:53: 读取文件成功
2017-07-19T08:17:53: 读取文件成功
2017-07-19T08:20:53: 读取文件成功
2017-07-19T08:20:56: 读取文件成功
2017-07-19T08:21:53: 读取文件成功
2017-07-19T08:22:53: 读取文件成功
2017-07-19T08:23:53: 读取文件成功
2017-07-19T08:24:53: 读取文件成功
2017-07-19T08:25:53: 读取文件成功
2017-07-19T08:26:53: 读取文件成功
2017-07-19T08:27:53: 读取文件成功
2017-07-19T08:28:53: 读取文件成功
2017-07-19T08:29:53: 读取文件成功
2017-07-19T08:30:53: 读取文件成功
2017-07-19T08:31:53: 读取文件成功
2017-07-19T08:32:53: 读取文件成功
2017-07-19T08:33:53: 读取文件成功
2017-07-19T08:34:53: 读取文件成功
2017-07-19T08:35:53: 读取文件成功
2017-07-19T08:36:53: 读取文件成功
2017-07-19T08:37:53: 读取文件成功
2017-07-19T08:38:53: 读取文件成功
2017-07-19T08:39:53: 读取文件成功
2017-07-19T08:40:53: 读取文件成功
2017-07-19T08:41:53: 读取文件成功
2017-07-19T08:42:53: 读取文件成功
2017-07-19T08:43:53: 读取文件成功
2017-07-19T08:44:53: 读取文件成功
2017-07-19T08:45:53: 读取文件成功
2017-07-19T08:46:53: 读取文件成功
2017-07-19T08:47:53: 读取文件成功
2017-07-19T08:48:53: 读取文件成功
2017-07-19T08:49:53: 读取文件成功
2017-07-19T08:50:53: 读取文件成功
2017-07-19T08:51:53: 读取文件成功
2017-07-19T08:52:53: 读取文件成功
2017-07-19T08:53:53: 读取文件成功
2017-07-19T08:54:53: 读取文件成功
2017-07-19T08:55:53: 读取文件成功
2017-07-19T08:56:53: 读取文件成功
2017-07-19T08:57:53: 读取文件成功
2017-07-19T08:58:53: 读取文件成功
2017-07-19T08:59:53: 读取文件成功
2017-07-19T09:00:53: 读取文件成功
2017-07-19T09:01:53: 读取文件成功
2017-07-19T09:02:53: 读取文件成功
2017-07-19T09:03:53: 读取文件成功
2017-07-19T09:04:53: 读取文件成功
2017-07-19T09:05:53: 读取文件成功
2017-07-19T09:06:53: 读取文件成功
2017-07-19T09:07:53: 读取文件成功
2017-07-19T09:08:53: 读取文件成功
2017-07-19T09:09:53: 读取文件成功
2017-07-19T09:10:53: 读取文件成功
2017-07-19T09:11:53: 读取文件成功
2017-07-19T09:12:53: 读取文件成功
2017-07-19T09:13:53: 读取文件成功
2017-07-19T09:14:53: 读取文件成功
2017-07-19T09:15:53: 读取文件成功
2017-07-19T09:16:53: 读取文件成功
2017-07-19T09:17:53: 读取文件成功
2017-07-19T09:18:53: 读取文件成功
2017-07-19T09:19:53: 读取文件成功
2017-07-19T09:20:53: 读取文件成功
2017-07-19T09:21:53: 读取文件成功
2017-07-19T09:22:53: 读取文件成功
2017-07-19T09:23:53: 读取文件成功
2017-07-19T09:24:53: 读取文件成功
2017-07-19T09:25:53: 读取文件成功
2017-07-19T09:26:53: 读取文件成功
2017-07-19T09:27:53: 读取文件成功
2017-07-19T09:28:53: 读取文件成功
2017-07-19T09:29:53: 读取文件成功
2017-07-19T09:30:53: 读取文件成功
2017-07-19T09:31:53: 读取文件成功
2017-07-19T09:32:53: 读取文件成功
2017-07-19T09:33:53: 读取文件成功
2017-07-19T09:34:53: 读取文件成功
2017-07-19T09:35:53: 读取文件成功
2017-07-19T09:36:53: 读取文件成功
2017-07-19T09:37:53: 读取文件成功
2017-07-19T09:38:54: 读取文件成功
2017-07-19T09:39:53: 读取文件成功
2017-07-19T09:40:53: 读取文件成功
2017-07-19T09:41:53: 读取文件成功
2017-07-19T09:42:53: 读取文件成功
2017-07-19T09:43:53: 读取文件成功
2017-07-19T09:44:54: 读取文件成功
2017-07-19T09:45:53: 读取文件成功
2017-07-19T09:46:54: 读取文件成功
2017-07-19T09:47:54: 读取文件成功
2017-07-19T09:48:54: 读取文件成功
2017-07-19T09:49:54: 读取文件成功
2017-07-19T09:50:54: 读取文件成功
2017-07-19T09:51:54: 读取文件成功
2017-07-19T09:52:54: 读取文件成功
2017-07-19T09:53:54: 读取文件成功
2017-07-19T09:54:54: 读取文件成功
2017-07-19T09:55:54: 读取文件成功
2017-07-19T09:56:54: 读取文件成功
2017-07-19T09:57:54: 读取文件成功
2017-07-19T09:58:54: 读取文件成功
2017-07-19T09:59:54: 读取文件成功
2017-07-19T10:00:54: 读取文件成功
2017-07-19T10:01:54: 读取文件成功
2017-07-19T10:02:54: 读取文件成功
2017-07-19T10:03:54: 读取文件成功
2017-07-19T10:04:54: 读取文件成功
2017-07-19T10:05:54: 读取文件成功
2017-07-19T10:06:54: 读取文件成功
2017-07-19T10:07:54: 读取文件成功
2017-07-19T10:08:54: 读取文件成功
2017-07-19T10:09:54: 读取文件成功
2017-07-19T10:10:54: 读取文件成功
2017-07-19T10:11:54: 读取文件成功
2017-07-19T10:12:54: 读取文件成功
2017-07-19T10:13:54: 读取文件成功
2017-07-19T10:14:54: 读取文件成功
2017-07-19T10:15:54: 读取文件成功
2017-07-19T10:16:54: 读取文件成功
2017-07-19T10:17:54: 读取文件成功
2017-07-19T10:18:54: 读取文件成功
2017-07-19T10:19:54: 读取文件成功
2017-07-19T10:20:54: 读取文件成功
2017-07-19T10:21:54: 读取文件成功
2017-07-19T10:22:54: 读取文件成功
2017-07-19T10:23:54: 读取文件成功
2017-07-19T10:24:54: 读取文件成功
2017-07-19T10:25:54: 读取文件成功
2017-07-19T10:26:54: 读取文件成功
2017-07-19T10:27:54: 读取文件成功
2017-07-19T10:28:55: 读取文件成功
2017-07-19T10:29:54: 读取文件成功
2017-07-19T10:30:54: 读取文件成功
2017-07-19T10:31:54: 读取文件成功
2017-07-19T10:32:54: 读取文件成功
2017-07-19T10:33:54: 读取文件成功
2017-07-19T10:34:54: 读取文件成功
2017-07-19T10:35:54: 读取文件成功
2017-07-19T10:36:54: 读取文件成功
2017-07-19T10:37:54: 读取文件成功
2017-07-19T10:38:54: 读取文件成功
2017-07-19T10:39:54: 读取文件成功
2017-07-19T10:40:54: 读取文件成功
2017-07-19T10:41:54: 读取文件成功
2017-07-19T10:42:54: 读取文件成功
2017-07-19T10:43:54: 读取文件成功
2017-07-19T10:44:54: 读取文件成功
2017-07-19T10:45:54: 读取文件成功
2017-07-19T10:46:54: 读取文件成功
2017-07-19T10:47:54: 读取文件成功
2017-07-19T10:48:56: 读取文件成功
2017-07-19T10:49:54: 读取文件成功
2017-07-19T10:50:54: 读取文件成功
2017-07-19T10:51:54: 读取文件成功
2017-07-19T10:52:54: 读取文件成功
2017-07-19T10:53:54: 读取文件成功
2017-07-19T10:54:54: 读取文件成功
2017-07-19T10:55:54: 读取文件成功
2017-07-19T10:56:54: 读取文件成功
2017-07-19T10:57:54: 读取文件成功
2017-07-19T10:58:54: 读取文件成功
2017-07-19T10:59:54: 读取文件成功
2017-07-19T11:00:54: 读取文件成功
2017-07-19T11:01:56: 读取文件成功
2017-07-19T11:02:54: 读取文件成功
2017-07-19T11:03:54: 读取文件成功
2017-07-19T11:04:54: 读取文件成功
2017-07-19T11:05:54: 读取文件成功
2017-07-19T11:06:54: 读取文件成功
2017-07-19T11:07:54: 读取文件成功
2017-07-19T11:08:54: 读取文件成功
2017-07-19T11:09:54: 读取文件成功
2017-07-19T11:10:54: 读取文件成功
2017-07-19T11:11:54: 读取文件成功
2017-07-19T11:12:54: 读取文件成功
2017-07-19T11:13:55: 读取文件成功
2017-07-19T11:14:54: 读取文件成功
2017-07-19T11:15:54: 读取文件成功
2017-07-19T11:16:54: 读取文件成功
2017-07-19T11:17:54: 读取文件成功
2017-07-19T11:18:55: 读取文件成功
2017-07-19T11:19:55: 读取文件成功
2017-07-19T11:20:54: 读取文件成功
2017-07-19T11:21:54: 读取文件成功
2017-07-19T11:22:54: 读取文件成功
2017-07-19T11:23:55: 读取文件成功
2017-07-19T11:24:54: 读取文件成功
2017-07-19T11:25:55: 读取文件成功
2017-07-19T11:26:55: 读取文件成功
2017-07-19T11:27:55: 读取文件成功
2017-07-19T11:28:55: 读取文件成功
2017-07-19T11:29:55: 读取文件成功
2017-07-19T11:30:55: 读取文件成功
2017-07-19T11:31:55: 读取文件成功
2017-07-19T11:32:55: 读取文件成功
2017-07-19T11:33:55: 读取文件成功
2017-07-19T11:34:55: 读取文件成功
2017-07-19T11:35:55: 读取文件成功
2017-07-19T11:36:55: 读取文件成功
2017-07-19T11:37:55: 读取文件成功
2017-07-19T11:38:55: 读取文件成功
2017-07-19T11:39:55: 读取文件成功
2017-07-19T11:40:55: 读取文件成功
2017-07-19T11:41:55: 读取文件成功
2017-07-19T11:42:55: 读取文件成功
2017-07-19T11:43:55: 读取文件成功
2017-07-19T11:44:55: 读取文件成功
2017-07-19T11:45:55: 读取文件成功
2017-07-19T11:46:55: 读取文件成功
2017-07-19T11:47:55: 读取文件成功
2017-07-19T11:48:55: 读取文件成功
2017-07-19T11:49:55: 读取文件成功
2017-07-19T11:50:55: 读取文件成功
2017-07-19T11:51:55: 读取文件成功
2017-07-19T11:52:55: 读取文件成功
2017-07-19T11:53:55: 读取文件成功
2017-07-19T11:54:55: 读取文件成功
2017-07-19T11:55:55: 读取文件成功
2017-07-19T11:56:55: 读取文件成功
2017-07-19T11:57:55: 读取文件成功
2017-07-19T11:58:55: 读取文件成功
2017-07-19T11:59:55: 读取文件成功
2017-07-19T12:00:55: 读取文件成功
2017-07-19T12:01:55: 读取文件成功
2017-07-19T12:02:55: 读取文件成功
2017-07-19T12:03:55: 读取文件成功
2017-07-19T12:04:55: 读取文件成功
2017-07-19T12:05:55: 读取文件成功
2017-07-19T12:06:55: 读取文件成功
2017-07-19T12:07:55: 读取文件成功
2017-07-19T12:08:55: 读取文件成功
2017-07-19T12:09:55: 读取文件成功
2017-07-19T12:10:55: 读取文件成功
2017-07-19T12:11:55: 读取文件成功
2017-07-19T12:12:55: 读取文件成功
2017-07-19T12:13:55: 读取文件成功
2017-07-19T12:14:55: 读取文件成功
2017-07-19T12:15:55: 读取文件成功
2017-07-19T12:16:55: 读取文件成功
2017-07-19T12:17:55: 读取文件成功
2017-07-19T12:18:55: 读取文件成功
2017-07-19T12:19:55: 读取文件成功
2017-07-19T12:20:55: 读取文件成功
2017-07-19T12:21:55: 读取文件成功
2017-07-19T12:22:55: 读取文件成功
2017-07-19T12:23:55: 读取文件成功
2017-07-19T12:24:55: 读取文件成功
2017-07-19T12:25:55: 读取文件成功
2017-07-19T12:26:55: 读取文件成功
2017-07-19T12:27:55: 读取文件成功
2017-07-19T12:28:55: 读取文件成功
2017-07-19T12:29:55: 读取文件成功
2017-07-19T12:30:55: 读取文件成功
2017-07-19T12:31:55: 读取文件成功
2017-07-19T12:32:55: 读取文件成功
2017-07-19T12:33:55: 读取文件成功
2017-07-19T12:34:55: 读取文件成功
2017-07-19T12:35:55: 读取文件成功
2017-07-19T12:36:55: 读取文件成功
2017-07-19T12:37:55: 读取文件成功
2017-07-19T12:38:55: 读取文件成功
2017-07-19T12:39:55: 读取文件成功
2017-07-19T12:40:55: 读取文件成功
2017-07-19T12:41:55: 读取文件成功
2017-07-19T12:43:12: 读取文件成功
2017-07-19T12:43:55: 读取文件成功
2017-07-19T12:44:55: 读取文件成功
2017-07-19T12:45:55: 读取文件成功
2017-07-19T12:47:26: 读取文件成功
2017-07-19T12:47:55: 读取文件成功
2017-07-19T12:48:56: 读取文件成功
2017-07-19T12:49:55: 读取文件成功
2017-07-19T12:51:43: 读取文件成功
2017-07-19T12:51:55: 读取文件成功
2017-07-19T12:52:56: 读取文件成功
2017-07-19T12:53:55: 读取文件成功
2017-07-19T12:55:56: 读取文件成功
2017-07-19T12:55:59: 读取文件成功
2017-07-19T12:56:55: 读取文件成功
2017-07-19T12:57:55: 读取文件成功
2017-07-19T12:58:56: 读取文件成功
2017-07-19T12:59:55: 读取文件成功
2017-07-19T13:00:56: 读取文件成功
2017-07-19T13:01:56: 读取文件成功
2017-07-19T13:02:56: 读取文件成功
2017-07-19T13:03:56: 读取文件成功
2017-07-19T13:04:56: 读取文件成功
2017-07-19T13:05:56: 读取文件成功
2017-07-19T13:06:56: 读取文件成功
2017-07-19T13:07:56: 读取文件成功
2017-07-19T13:08:56: 读取文件成功
2017-07-19T13:09:56: 读取文件成功
2017-07-19T13:10:56: 读取文件成功
2017-07-19T13:11:57: 读取文件成功
2017-07-19T13:12:55: 读取文件成功
2017-07-19T13:13:56: 读取文件成功
2017-07-19T13:14:56: 读取文件成功
2017-07-19T13:16:11: 读取文件成功
2017-07-19T13:16:56: 读取文件成功
2017-07-19T13:17:56: 读取文件成功
2017-07-19T13:18:56: 读取文件成功
2017-07-19T13:20:27: 读取文件成功
2017-07-19T13:20:56: 读取文件成功
2017-07-19T13:21:56: 读取文件成功
2017-07-19T13:22:56: 读取文件成功
2017-07-19T13:24:37: 读取文件成功
2017-07-19T13:24:56: 读取文件成功
2017-07-19T13:25:56: 读取文件成功
2017-07-19T13:26:56: 读取文件成功
2017-07-19T13:27:56: 读取文件成功
2017-07-19T13:28:56: 读取文件成功
2017-07-19T13:29:56: 读取文件成功
2017-07-19T13:30:56: 读取文件成功
2017-07-19T13:31:56: 读取文件成功
2017-07-19T13:32:58: 读取文件成功
2017-07-19T13:33:56: 读取文件成功
2017-07-19T13:34:56: 读取文件成功
2017-07-19T13:35:56: 读取文件成功
2017-07-19T13:37:11: 读取文件成功
2017-07-19T13:37:56: 读取文件成功
2017-07-19T13:38:56: 读取文件成功
2017-07-19T13:39:56: 读取文件成功
2017-07-19T13:40:56: 读取文件成功
2017-07-19T13:41:56: 读取文件成功
2017-07-19T13:42:56: 读取文件成功
2017-07-19T13:43:56: 读取文件成功
2017-07-19T13:44:56: 读取文件成功
2017-07-19T13:45:56: 读取文件成功
2017-07-19T13:46:56: 读取文件成功
2017-07-19T13:47:56: 读取文件成功
2017-07-19T13:48:56: 读取文件成功
2017-07-19T13:49:56: 读取文件成功
2017-07-19T13:50:56: 读取文件成功
2017-07-19T13:51:56: 读取文件成功
2017-07-19T13:52:56: 读取文件成功
2017-07-19T13:53:56: 读取文件成功
2017-07-19T13:54:56: 读取文件成功
2017-07-19T13:55:56: 读取文件成功
2017-07-19T13:56:56: 读取文件成功
2017-07-19T13:57:56: 读取文件成功
2017-07-19T13:58:56: 读取文件成功
2017-07-19T13:59:56: 读取文件成功
2017-07-19T14:00:56: 读取文件成功
2017-07-19T14:01:56: 读取文件成功
2017-07-19T14:02:56: 读取文件成功
2017-07-19T14:03:56: 读取文件成功
2017-07-19T14:04:56: 读取文件成功
2017-07-19T14:05:56: 读取文件成功
2017-07-19T14:06:56: 读取文件成功
2017-07-19T14:07:56: 读取文件成功
2017-07-19T14:08:56: 读取文件成功
2017-07-19T14:09:56: 读取文件成功
2017-07-19T14:10:56: 读取文件成功
2017-07-19T14:11:56: 读取文件成功
2017-07-19T14:12:56: 读取文件成功
2017-07-19T14:13:56: 读取文件成功
2017-07-19T14:14:56: 读取文件成功
2017-07-19T14:15:56: 读取文件成功
2017-07-19T14:16:56: 读取文件成功
2017-07-19T14:17:56: 读取文件成功
2017-07-19T14:18:56: 读取文件成功
2017-07-19T14:19:56: 读取文件成功
2017-07-19T14:20:56: 读取文件成功
2017-07-19T14:21:56: 读取文件成功
2017-07-19T14:22:56: 读取文件成功
2017-07-19T14:23:56: 读取文件成功
2017-07-19T14:24:57: 读取文件成功
2017-07-19T14:25:56: 读取文件成功
2017-07-19T14:26:56: 读取文件成功
2017-07-19T14:27:56: 读取文件成功
2017-07-19T14:28:56: 读取文件成功
2017-07-19T14:29:56: 读取文件成功
2017-07-19T14:30:57: 读取文件成功
2017-07-19T14:31:56: 读取文件成功
2017-07-19T14:32:56: 读取文件成功
2017-07-19T14:33:56: 读取文件成功
2017-07-19T14:34:57: 读取文件成功
2017-07-19T14:35:57: 读取文件成功
2017-07-19T14:36:57: 读取文件成功
2017-07-19T14:37:57: 读取文件成功
2017-07-19T14:38:57: 读取文件成功
2017-07-19T14:39:57: 读取文件成功
2017-07-19T14:40:57: 读取文件成功
2017-07-19T14:41:57: 读取文件成功
2017-07-19T14:42:57: 读取文件成功
2017-07-19T14:43:57: 读取文件成功
2017-07-19T14:44:57: 读取文件成功
2017-07-19T14:45:57: 读取文件成功
2017-07-19T14:46:57: 读取文件成功
2017-07-19T14:47:57: 读取文件成功
2017-07-19T14:48:57: 读取文件成功
2017-07-19T14:49:57: 读取文件成功
2017-07-19T14:50:57: 读取文件成功
2017-07-19T14:51:57: 读取文件成功
2017-07-19T14:52:57: 读取文件成功
2017-07-19T14:53:57: 读取文件成功
2017-07-19T14:54:57: 读取文件成功
2017-07-19T14:55:57: 读取文件成功
2017-07-19T14:56:57: 读取文件成功
2017-07-19T14:57:57: 读取文件成功
2017-07-19T14:58:57: 读取文件成功
2017-07-19T14:59:57: 读取文件成功
2017-07-19T15:00:57: 读取文件成功
2017-07-19T15:01:57: 读取文件成功
2017-07-19T15:02:57: 读取文件成功
2017-07-19T15:03:57: 读取文件成功
2017-07-19T15:04:57: 读取文件成功
2017-07-19T15:05:57: 读取文件成功
2017-07-19T15:06:57: 读取文件成功
2017-07-19T15:07:57: 读取文件成功
2017-07-19T15:08:57: 读取文件成功
2017-07-19T15:09:57: 读取文件成功
2017-07-19T15:10:57: 读取文件成功
2017-07-19T15:11:57: 读取文件成功
2017-07-19T15:12:57: 读取文件成功
2017-07-19T15:13:57: 读取文件成功
2017-07-19T15:14:57: 读取文件成功
2017-07-19T15:15:57: 读取文件成功
2017-07-19T15:16:57: 读取文件成功
2017-07-19T15:17:57: 读取文件成功
2017-07-19T15:18:57: 读取文件成功
2017-07-19T15:19:57: 读取文件成功
2017-07-19T15:20:57: 读取文件成功
2017-07-19T15:21:57: 读取文件成功
2017-07-19T15:22:57: 读取文件成功
2017-07-19T15:23:57: 读取文件成功
2017-07-19T15:24:57: 读取文件成功
2017-07-19T15:25:57: 读取文件成功
2017-07-19T15:26:57: 读取文件成功
2017-07-19T15:27:57: 读取文件成功
2017-07-19T15:28:57: 读取文件成功
2017-07-19T15:29:57: 读取文件成功
2017-07-19T15:30:57: 读取文件成功
2017-07-19T15:31:57: 读取文件成功
2017-07-19T15:32:57: 读取文件成功
2017-07-19T15:33:57: 读取文件成功
2017-07-19T15:34:57: 读取文件成功
2017-07-19T15:35:57: 读取文件成功
2017-07-19T15:36:57: 读取文件成功
2017-07-19T15:37:57: 读取文件成功
2017-07-19T15:38:57: 读取文件成功
2017-07-19T15:39:57: 读取文件成功
2017-07-19T15:40:57: 读取文件成功
2017-07-19T15:41:57: 读取文件成功
2017-07-19T15:42:57: 读取文件成功
2017-07-19T15:43:57: 读取文件成功
2017-07-19T15:44:57: 读取文件成功
2017-07-19T15:45:57: 读取文件成功
2017-07-19T15:46:57: 读取文件成功
2017-07-19T15:47:57: 读取文件成功
2017-07-19T15:48:58: 读取文件成功
2017-07-19T15:49:57: 读取文件成功
2017-07-19T15:50:57: 读取文件成功
2017-07-19T15:51:57: 读取文件成功
2017-07-19T15:52:57: 读取文件成功
2017-07-19T15:53:57: 读取文件成功
2017-07-19T15:54:58: 读取文件成功
2017-07-19T15:55:57: 读取文件成功
2017-07-19T15:56:57: 读取文件成功
2017-07-19T15:57:57: 读取文件成功
2017-07-19T15:58:57: 读取文件成功
2017-07-19T15:59:57: 读取文件成功
2017-07-19T16:00:58: 读取文件成功
2017-07-19T16:01:57: 读取文件成功
2017-07-19T16:03:14: 读取文件成功
2017-07-19T16:03:57: 读取文件成功
2017-07-19T16:04:57: 读取文件成功
2017-07-19T16:05:57: 读取文件成功
2017-07-19T16:06:58: 读取文件成功
2017-07-19T16:07:57: 读取文件成功
2017-07-19T16:08:57: 读取文件成功
2017-07-19T16:09:58: 读取文件成功
2017-07-19T16:10:58: 读取文件成功
2017-07-19T16:11:58: 读取文件成功
2017-07-19T16:12:58: 读取文件成功
2017-07-19T16:13:58: 读取文件成功
2017-07-19T16:14:58: 读取文件成功
2017-07-19T16:15:57: 读取文件成功
2017-07-19T16:16:58: 读取文件成功
2017-07-19T16:17:58: 读取文件成功
2017-07-19T16:18:58: 读取文件成功
2017-07-19T16:19:58: 读取文件成功
2017-07-19T16:20:58: 读取文件成功
2017-07-19T16:21:58: 读取文件成功
2017-07-19T16:22:58: 读取文件成功
2017-07-19T16:23:58: 读取文件成功
2017-07-19T16:24:58: 读取文件成功
2017-07-19T16:25:58: 读取文件成功
2017-07-19T16:26:58: 读取文件成功
2017-07-19T16:27:58: 读取文件成功
2017-07-19T16:28:58: 读取文件成功
2017-07-19T16:29:58: 读取文件成功
2017-07-19T16:30:58: 读取文件成功
2017-07-19T16:31:58: 读取文件成功
2017-07-19T16:32:58: 读取文件成功
2017-07-19T16:33:58: 读取文件成功
2017-07-19T16:34:58: 读取文件成功
2017-07-19T16:35:58: 读取文件成功
2017-07-19T16:36:58: 读取文件成功
2017-07-19T16:37:58: 读取文件成功
2017-07-19T16:38:58: 读取文件成功
2017-07-19T16:39:58: 读取文件成功
2017-07-19T16:40:58: 读取文件成功
2017-07-19T16:41:58: 读取文件成功
2017-07-19T16:42:58: 读取文件成功
2017-07-19T16:43:58: 读取文件成功
2017-07-19T16:44:58: 读取文件成功
2017-07-19T16:45:58: 读取文件成功
2017-07-19T16:46:58: 读取文件成功
2017-07-19T16:47:58: 读取文件成功
2017-07-19T16:48:58: 读取文件成功
2017-07-19T16:49:58: 读取文件成功
2017-07-19T16:50:58: 读取文件成功
2017-07-19T16:51:58: 读取文件成功
2017-07-19T16:52:58: 读取文件成功
2017-07-19T16:53:58: 读取文件成功
2017-07-19T16:54:58: 读取文件成功
2017-07-19T16:55:58: 读取文件成功
2017-07-19T16:56:58: 读取文件成功
2017-07-19T16:57:58: 读取文件成功
2017-07-19T16:58:58: 读取文件成功
2017-07-19T16:59:58: 读取文件成功
2017-07-19T17:00:58: 读取文件成功
2017-07-19T17:01:58: 读取文件成功
2017-07-19T17:02:58: 读取文件成功
2017-07-19T17:03:58: 读取文件成功
2017-07-19T17:04:58: 读取文件成功
2017-07-19T17:05:58: 读取文件成功
2017-07-19T17:07:02: 读取文件成功
2017-07-19T17:08:00: 读取文件成功
2017-07-19T17:08:58: 读取文件成功
2017-07-19T17:09:58: 读取文件成功
2017-07-19T17:11:04: 读取文件成功
2017-07-19T17:12:03: 读取文件成功
2017-07-19T17:13:01: 读取文件成功
2017-07-19T17:13:58: 读取文件成功
2017-07-19T17:14:58: 读取文件成功
2017-07-19T17:15:58: 读取文件成功
2017-07-19T17:16:58: 读取文件成功
2017-07-19T17:17:58: 读取文件成功
2017-07-19T17:18:58: 读取文件成功
2017-07-19T17:19:58: 读取文件成功
2017-07-19T17:20:58: 读取文件成功
2017-07-19T17:21:58: 读取文件成功
2017-07-19T17:22:58: 读取文件成功
2017-07-19T17:23:58: 读取文件成功
2017-07-19T17:24:58: 读取文件成功
2017-07-19T17:25:58: 读取文件成功
2017-07-19T17:26:58: 读取文件成功
2017-07-19T17:27:58: 读取文件成功
2017-07-19T17:28:59: 读取文件成功
2017-07-19T17:29:58: 读取文件成功
2017-07-19T17:30:58: 读取文件成功
2017-07-19T17:31:58: 读取文件成功
2017-07-19T17:32:58: 读取文件成功
2017-07-19T17:33:58: 读取文件成功
2017-07-19T17:34:59: 读取文件成功
2017-07-19T17:35:58: 读取文件成功
2017-07-19T17:36:58: 读取文件成功
2017-07-19T17:37:58: 读取文件成功
2017-07-19T17:38:58: 读取文件成功
2017-07-19T17:39:58: 读取文件成功
2017-07-19T17:40:59: 读取文件成功
2017-07-19T17:41:58: 读取文件成功
2017-07-19T17:42:58: 读取文件成功
2017-07-19T17:43:58: 读取文件成功
2017-07-19T17:44:58: 读取文件成功
2017-07-19T17:45:58: 读取文件成功
2017-07-19T17:46:59: 读取文件成功
2017-07-19T17:47:58: 读取文件成功
2017-07-19T17:48:58: 读取文件成功
2017-07-19T17:49:58: 读取文件成功
2017-07-19T17:50:58: 读取文件成功
2017-07-19T17:51:59: 读取文件成功
2017-07-19T17:52:59: 读取文件成功
2017-07-19T17:53:59: 读取文件成功
2017-07-19T17:54:59: 读取文件成功
2017-07-19T17:55:59: 读取文件成功
2017-07-19T17:56:59: 读取文件成功
2017-07-19T17:57:59: 读取文件成功
2017-07-19T17:58:59: 读取文件成功
2017-07-19T17:59:59: 读取文件成功
2017-07-19T18:00:59: 读取文件成功
2017-07-19T18:01:59: 读取文件成功
2017-07-19T18:02:59: 读取文件成功
2017-07-19T18:03:59: 读取文件成功
2017-07-19T18:04:59: 读取文件成功
2017-07-19T18:05:59: 读取文件成功
2017-07-19T18:06:59: 读取文件成功
2017-07-19T18:07:59: 读取文件成功
2017-07-19T18:08:59: 读取文件成功
2017-07-19T18:09:59: 读取文件成功
2017-07-19T18:10:59: 读取文件成功
2017-07-19T18:12:00: 读取文件成功
2017-07-19T18:12:59: 读取文件成功
2017-07-19T18:13:59: 读取文件成功
2017-07-19T18:14:59: 读取文件成功
2017-07-19T18:15:59: 读取文件成功
2017-07-19T18:16:59: 读取文件成功
2017-07-19T18:17:59: 读取文件成功
2017-07-19T18:18:59: 读取文件成功
2017-07-19T18:19:59: 读取文件成功
2017-07-19T18:20:59: 读取文件成功
2017-07-19T18:21:59: 读取文件成功
2017-07-19T18:22:59: 读取文件成功
2017-07-19T18:23:59: 读取文件成功
2017-07-19T18:24:59: 读取文件成功
2017-07-19T18:25:59: 读取文件成功
2017-07-19T18:26:59: 读取文件成功
2017-07-19T18:27:59: 读取文件成功
2017-07-19T18:28:59: 读取文件成功
2017-07-19T18:29:59: 读取文件成功
2017-07-19T18:30:59: 读取文件成功
2017-07-19T18:31:59: 读取文件成功
2017-07-19T18:32:59: 读取文件成功
2017-07-19T18:33:59: 读取文件成功
2017-07-19T18:34:59: 读取文件成功
2017-07-19T18:35:59: 读取文件成功
2017-07-19T18:36:59: 读取文件成功
2017-07-19T18:37:59: 读取文件成功
2017-07-19T18:39:59: 读取文件成功
2017-07-19T18:40:59: 读取文件成功
2017-07-19T18:41:59: 读取文件成功
2017-07-19T18:42:59: 读取文件成功
2017-07-19T18:43:59: 读取文件成功
2017-07-19T18:44:59: 读取文件成功
2017-07-19T18:46:00: 读取文件成功
2017-07-19T18:46:59: 读取文件成功
2017-07-19T18:47:59: 读取文件成功
2017-07-19T18:48:59: 读取文件成功
2017-07-19T18:49:59: 读取文件成功
2017-07-19T18:50:59: 读取文件成功
2017-07-19T18:51:59: 读取文件成功
2017-07-19T18:52:59: 读取文件成功
2017-07-19T18:53:59: 读取文件成功
2017-07-19T18:54:59: 读取文件成功
2017-07-19T18:55:59: 读取文件成功
2017-07-19T18:56:59: 读取文件成功
2017-07-19T18:57:59: 读取文件成功
2017-07-19T18:58:59: 读取文件成功
2017-07-19T18:59:59: 读取文件成功
2017-07-19T19:00:59: 读取文件成功
2017-07-19T19:01:59: 读取文件成功
2017-07-19T19:02:59: 读取文件成功
2017-07-19T19:03:59: 读取文件成功
2017-07-19T19:04:59: 读取文件成功
2017-07-19T19:05:59: 读取文件成功
2017-07-19T19:06:59: 读取文件成功
2017-07-19T19:08:00: 读取文件成功
2017-07-19T19:09:11: 读取文件成功
2017-07-19T19:10:01: 读取文件成功
2017-07-19T19:10:59: 读取文件成功
2017-07-19T19:11:59: 读取文件成功
2017-07-19T19:12:59: 读取文件成功
2017-07-19T19:13:59: 读取文件成功
2017-07-19T19:14:59: 读取文件成功
2017-07-19T19:16:00: 读取文件成功
2017-07-19T19:16:59: 读取文件成功
2017-07-19T19:17:59: 读取文件成功
2017-07-19T19:18:59: 读取文件成功
2017-07-19T19:20:00: 读取文件成功
2017-07-19T19:20:59: 读取文件成功
2017-07-19T19:22:00: 读取文件成功
2017-07-19T19:22:59: 读取文件成功
2017-07-19T19:23:59: 读取文件成功
2017-07-19T19:25:00: 读取文件成功
2017-07-19T19:25:59: 读取文件成功
2017-07-19T19:27:00: 读取文件成功
2017-07-19T19:28:00: 读取文件成功
2017-07-19T19:29:00: 读取文件成功
2017-07-19T19:30:00: 读取文件成功
2017-07-19T19:31:00: 读取文件成功
2017-07-19T19:32:00: 读取文件成功
2017-07-19T19:33:00: 读取文件成功
2017-07-19T19:34:00: 读取文件成功
2017-07-19T19:35:00: 读取文件成功
2017-07-19T19:36:00: 读取文件成功
2017-07-19T19:37:00: 读取文件成功
2017-07-19T19:38:00: 读取文件成功
2017-07-19T19:39:00: 读取文件成功
2017-07-19T19:40:00: 读取文件成功
2017-07-19T19:41:00: 读取文件成功
2017-07-19T19:42:00: 读取文件成功
2017-07-19T19:43:00: 读取文件成功
2017-07-19T19:44:00: 读取文件成功
2017-07-19T19:45:00: 读取文件成功
2017-07-19T19:46:00: 读取文件成功
2017-07-19T19:47:00: 读取文件成功
2017-07-19T19:48:00: 读取文件成功
2017-07-19T19:49:00: 读取文件成功
2017-07-19T19:50:00: 读取文件成功
2017-07-19T19:51:00: 读取文件成功
2017-07-19T19:52:00: 读取文件成功
2017-07-19T19:53:00: 读取文件成功
2017-07-19T19:54:00: 读取文件成功
2017-07-19T19:55:00: 读取文件成功
2017-07-19T19:56:00: 读取文件成功
2017-07-19T19:57:00: 读取文件成功
2017-07-19T19:58:00: 读取文件成功
2017-07-19T19:59:00: 读取文件成功
2017-07-19T20:00:00: 读取文件成功
2017-07-19T20:01:00: 读取文件成功
2017-07-19T20:02:00: 读取文件成功
2017-07-19T20:03:00: 读取文件成功
2017-07-19T20:04:00: 读取文件成功
2017-07-19T20:05:00: 读取文件成功
2017-07-19T20:06:00: 读取文件成功
2017-07-19T20:07:00: 读取文件成功
2017-07-19T20:08:00: 读取文件成功
2017-07-19T20:09:00: 读取文件成功
2017-07-19T20:10:00: 读取文件成功
2017-07-19T20:11:00: 读取文件成功
2017-07-19T20:12:00: 读取文件成功
2017-07-19T20:13:00: 读取文件成功
2017-07-19T20:14:00: 读取文件成功
2017-07-19T20:15:00: 读取文件成功
2017-07-19T20:16:00: 读取文件成功
2017-07-19T20:17:00: 读取文件成功
2017-07-19T20:18:00: 读取文件成功
2017-07-19T20:19:00: 读取文件成功
2017-07-19T20:20:00: 读取文件成功
2017-07-19T20:21:00: 读取文件成功
2017-07-19T20:22:00: 读取文件成功
2017-07-19T20:23:00: 读取文件成功
2017-07-19T20:24:00: 读取文件成功
2017-07-19T20:25:00: 读取文件成功
2017-07-19T20:26:00: 读取文件成功
2017-07-19T20:27:00: 读取文件成功
2017-07-19T20:28:00: 读取文件成功
2017-07-19T20:29:00: 读取文件成功
2017-07-19T20:30:00: 读取文件成功
2017-07-19T20:31:00: 读取文件成功
2017-07-19T20:32:00: 读取文件成功
2017-07-19T20:33:00: 读取文件成功
2017-07-19T20:34:00: 读取文件成功
2017-07-19T20:35:00: 读取文件成功
2017-07-19T20:36:00: 读取文件成功
2017-07-19T20:37:00: 读取文件成功
2017-07-19T20:38:00: 读取文件成功
2017-07-19T20:39:01: 读取文件成功
2017-07-19T20:40:00: 读取文件成功
2017-07-19T20:41:00: 读取文件成功
2017-07-19T20:42:00: 读取文件成功
2017-07-19T20:43:00: 读取文件成功
2017-07-19T20:44:00: 读取文件成功
2017-07-19T20:45:00: 读取文件成功
2017-07-19T20:46:00: 读取文件成功
2017-07-19T20:47:00: 读取文件成功
2017-07-19T20:48:00: 读取文件成功
2017-07-19T20:49:00: 读取文件成功
2017-07-19T20:50:00: 读取文件成功
2017-07-19T20:51:01: 读取文件成功
2017-07-19T20:52:00: 读取文件成功
2017-07-19T20:53:00: 读取文件成功
2017-07-19T20:54:00: 读取文件成功
2017-07-19T20:55:00: 读取文件成功
2017-07-19T20:56:00: 读取文件成功
2017-07-19T20:57:01: 读取文件成功
2017-07-19T20:58:00: 读取文件成功
2017-07-19T20:59:00: 读取文件成功
2017-07-19T21:00:00: 读取文件成功
2017-07-19T21:01:00: 读取文件成功
2017-07-19T21:02:00: 读取文件成功
2017-07-19T21:03:01: 读取文件成功
2017-07-19T21:04:00: 读取文件成功
2017-07-19T21:05:00: 读取文件成功
2017-07-19T21:06:01: 读取文件成功
2017-07-19T21:07:01: 读取文件成功
2017-07-19T21:08:01: 读取文件成功
2017-07-19T21:09:01: 读取文件成功
2017-07-19T21:10:00: 读取文件成功
2017-07-19T21:11:01: 读取文件成功
2017-07-19T21:12:01: 读取文件成功
2017-07-19T21:13:01: 读取文件成功
2017-07-19T21:14:01: 读取文件成功
2017-07-19T21:15:01: 读取文件成功
2017-07-19T21:16:01: 读取文件成功
2017-07-19T21:17:01: 读取文件成功
2017-07-19T21:18:01: 读取文件成功
2017-07-19T21:19:01: 读取文件成功
2017-07-19T21:20:01: 读取文件成功
2017-07-19T21:21:01: 读取文件成功
2017-07-19T21:22:01: 读取文件成功
2017-07-19T21:23:01: 读取文件成功
2017-07-19T21:24:01: 读取文件成功
2017-07-19T21:25:01: 读取文件成功
2017-07-19T21:26:01: 读取文件成功
2017-07-19T21:27:01: 读取文件成功
2017-07-19T21:28:01: 读取文件成功
2017-07-19T21:29:01: 读取文件成功
2017-07-19T21:30:01: 读取文件成功
2017-07-19T21:31:01: 读取文件成功
2017-07-19T21:32:01: 读取文件成功
2017-07-19T21:33:01: 读取文件成功
2017-07-19T21:34:01: 读取文件成功
2017-07-19T21:35:01: 读取文件成功
2017-07-19T21:36:01: 读取文件成功
2017-07-19T21:37:01: 读取文件成功
2017-07-19T21:38:01: 读取文件成功
2017-07-19T21:39:01: 读取文件成功
2017-07-19T21:40:01: 读取文件成功
2017-07-19T21:41:01: 读取文件成功
2017-07-19T21:42:01: 读取文件成功
2017-07-19T21:43:01: 读取文件成功
2017-07-19T21:44:01: 读取文件成功
2017-07-19T21:45:01: 读取文件成功
2017-07-19T21:46:01: 读取文件成功
2017-07-19T21:47:01: 读取文件成功
2017-07-19T21:48:01: 读取文件成功
2017-07-19T21:49:01: 读取文件成功
2017-07-19T21:50:01: 读取文件成功
2017-07-19T21:51:01: 读取文件成功
2017-07-19T21:52:01: 读取文件成功
2017-07-19T21:53:01: 读取文件成功
2017-07-19T21:54:01: 读取文件成功
2017-07-19T21:55:01: 读取文件成功
2017-07-19T21:56:01: 读取文件成功
2017-07-19T21:57:01: 读取文件成功
2017-07-19T21:58:01: 读取文件成功
2017-07-19T21:59:01: 读取文件成功
2017-07-19T22:00:01: 读取文件成功
2017-07-19T22:01:01: 读取文件成功
2017-07-19T22:02:01: 读取文件成功
2017-07-19T22:03:01: 读取文件成功
2017-07-19T22:04:03: 读取文件成功
2017-07-19T22:05:01: 读取文件成功
2017-07-19T22:06:01: 读取文件成功
2017-07-19T22:07:01: 读取文件成功
2017-07-19T22:08:01: 读取文件成功
2017-07-19T22:09:01: 读取文件成功
2017-07-19T22:10:01: 读取文件成功
2017-07-19T22:11:01: 读取文件成功
2017-07-19T22:12:01: 读取文件成功
2017-07-19T22:13:01: 读取文件成功
2017-07-19T22:14:01: 读取文件成功
2017-07-19T22:15:01: 读取文件成功
2017-07-19T22:16:01: 读取文件成功
2017-07-19T22:17:01: 读取文件成功
2017-07-19T22:18:01: 读取文件成功
2017-07-19T22:19:05: 读取文件成功
2017-07-19T22:20:02: 读取文件成功
2017-07-19T22:21:02: 读取文件成功
2017-07-19T22:22:01: 读取文件成功
2017-07-19T22:23:01: 读取文件成功
2017-07-19T22:24:01: 读取文件成功
2017-07-19T22:25:01: 读取文件成功
2017-07-19T22:26:02: 读取文件成功
2017-07-19T22:27:01: 读取文件成功
2017-07-19T22:28:33: 读取文件成功
2017-07-19T22:29:01: 读取文件成功
2017-07-19T22:30:01: 读取文件成功
2017-07-19T22:31:01: 读取文件成功
2017-07-19T22:32:01: 读取文件成功
2017-07-19T22:33:02: 读取文件成功
2017-07-19T22:34:01: 读取文件成功
2017-07-19T22:35:01: 读取文件成功
2017-07-19T22:36:01: 读取文件成功
2017-07-19T22:37:02: 读取文件成功
2017-07-19T22:38:01: 读取文件成功
2017-07-19T22:39:02: 读取文件成功
2017-07-19T22:40:01: 读取文件成功
2017-07-19T22:41:01: 读取文件成功
2017-07-19T22:42:01: 读取文件成功
2017-07-19T22:43:01: 读取文件成功
2017-07-19T22:44:01: 读取文件成功
2017-07-19T22:45:02: 读取文件成功
2017-07-19T22:46:01: 读取文件成功
2017-07-19T22:47:02: 读取文件成功
2017-07-19T22:48:02: 读取文件成功
2017-07-19T22:49:02: 读取文件成功
2017-07-19T22:50:02: 读取文件成功
2017-07-19T22:51:02: 读取文件成功
2017-07-19T22:52:02: 读取文件成功
2017-07-19T22:53:02: 读取文件成功
2017-07-19T22:54:02: 读取文件成功
2017-07-19T22:55:02: 读取文件成功
2017-07-19T22:56:02: 读取文件成功
2017-07-19T22:57:02: 读取文件成功
2017-07-19T22:58:02: 读取文件成功
2017-07-19T22:59:02: 读取文件成功
2017-07-19T23:00:02: 读取文件成功
2017-07-19T23:01:02: 读取文件成功
2017-07-19T23:02:02: 读取文件成功
2017-07-19T23:03:03: 读取文件成功
2017-07-19T23:04:03: 读取文件成功
2017-07-19T23:05:04: 读取文件成功
2017-07-19T23:06:02: 读取文件成功
2017-07-19T23:07:02: 读取文件成功
2017-07-19T23:08:02: 读取文件成功
2017-07-19T23:09:02: 读取文件成功
2017-07-19T23:10:02: 读取文件成功
2017-07-19T23:11:02: 读取文件成功
2017-07-19T23:12:02: 读取文件成功
2017-07-19T23:13:02: 读取文件成功
2017-07-19T23:14:02: 读取文件成功
2017-07-19T23:15:02: 读取文件成功
2017-07-19T23:16:02: 读取文件成功
2017-07-19T23:17:02: 读取文件成功
2017-07-19T23:18:02: 读取文件成功
2017-07-19T23:19:02: 读取文件成功
2017-07-19T23:20:02: 读取文件成功
2017-07-19T23:21:02: 读取文件成功
2017-07-19T23:22:02: 读取文件成功
2017-07-19T23:23:02: 读取文件成功
2017-07-19T23:24:02: 读取文件成功
2017-07-19T23:25:02: 读取文件成功
2017-07-19T23:26:03: 读取文件成功
2017-07-19T23:27:02: 读取文件成功
2017-07-19T23:28:03: 读取文件成功
2017-07-19T23:29:02: 读取文件成功
2017-07-19T23:30:02: 读取文件成功
2017-07-19T23:31:02: 读取文件成功
2017-07-19T23:32:02: 读取文件成功
2017-07-19T23:33:02: 读取文件成功
2017-07-19T23:34:02: 读取文件成功
2017-07-19T23:35:02: 读取文件成功
2017-07-19T23:36:02: 读取文件成功
2017-07-19T23:37:02: 读取文件成功
2017-07-19T23:38:02: 读取文件成功
2017-07-19T23:39:02: 读取文件成功
2017-07-19T23:40:02: 读取文件成功
2017-07-19T23:41:02: 读取文件成功
2017-07-19T23:42:02: 读取文件成功
2017-07-19T23:43:02: 读取文件成功
2017-07-19T23:44:03: 读取文件成功
2017-07-19T23:45:04: 读取文件成功
2017-07-19T23:46:02: 读取文件成功
2017-07-19T23:47:02: 读取文件成功
2017-07-19T23:48:02: 读取文件成功
2017-07-19T23:49:02: 读取文件成功
2017-07-19T23:50:02: 非记录时间：2017-07-19T23:50:02+08:00
2017-07-19T23:51:02: 非记录时间：2017-07-19T23:51:02+08:00
2017-07-19T23:52:02: 非记录时间：2017-07-19T23:52:02+08:00
2017-07-19T23:53:02: 非记录时间：2017-07-19T23:53:02+08:00
2017-07-19T23:54:02: 非记录时间：2017-07-19T23:54:02+08:00
2017-07-19T23:55:02: 非记录时间：2017-07-19T23:55:02+08:00
2017-07-19T23:56:02: 非记录时间：2017-07-19T23:56:02+08:00
2017-07-19T23:57:02: 非记录时间：2017-07-19T23:57:02+08:00
2017-07-19T23:58:02: 非记录时间：2017-07-19T23:58:02+08:00
2017-07-19T23:59:02: 非记录时间：2017-07-19T23:59:02+08:00
