2017-01-18T00:00:09: 非记录时间：2017-01-18T00:00:09+08:00
2017-01-18T00:00:19: 非记录时间：2017-01-18T00:00:19+08:00
2017-01-18T00:00:29: 非记录时间：2017-01-18T00:00:29+08:00
2017-01-18T00:00:39: 非记录时间：2017-01-18T00:00:39+08:00
2017-01-18T00:00:49: 非记录时间：2017-01-18T00:00:49+08:00
2017-01-18T00:00:59: 非记录时间：2017-01-18T00:00:59+08:00
2017-01-18T00:01:09: 非记录时间：2017-01-18T00:01:09+08:00
2017-01-18T00:01:19: 非记录时间：2017-01-18T00:01:19+08:00
2017-01-18T00:01:29: 非记录时间：2017-01-18T00:01:29+08:00
2017-01-18T00:01:39: 非记录时间：2017-01-18T00:01:39+08:00
2017-01-18T00:01:49: 非记录时间：2017-01-18T00:01:49+08:00
2017-01-18T00:01:59: 非记录时间：2017-01-18T00:01:59+08:00
2017-01-18T00:02:09: 非记录时间：2017-01-18T00:02:09+08:00
2017-01-18T00:02:19: 非记录时间：2017-01-18T00:02:19+08:00
2017-01-18T00:02:29: 非记录时间：2017-01-18T00:02:29+08:00
2017-01-18T00:02:39: 非记录时间：2017-01-18T00:02:39+08:00
2017-01-18T00:02:49: 非记录时间：2017-01-18T00:02:49+08:00
2017-01-18T00:02:59: 非记录时间：2017-01-18T00:02:59+08:00
2017-01-18T00:03:09: 非记录时间：2017-01-18T00:03:09+08:00
2017-01-18T00:03:19: 非记录时间：2017-01-18T00:03:19+08:00
2017-01-18T00:03:29: 非记录时间：2017-01-18T00:03:29+08:00
2017-01-18T00:03:39: 非记录时间：2017-01-18T00:03:39+08:00
2017-01-18T00:03:49: 非记录时间：2017-01-18T00:03:49+08:00
2017-01-18T00:03:59: 非记录时间：2017-01-18T00:03:59+08:00
2017-01-18T00:04:09: 非记录时间：2017-01-18T00:04:09+08:00
2017-01-18T00:04:19: 非记录时间：2017-01-18T00:04:19+08:00
2017-01-18T00:04:29: 非记录时间：2017-01-18T00:04:29+08:00
2017-01-18T00:04:39: 非记录时间：2017-01-18T00:04:39+08:00
2017-01-18T00:04:49: 非记录时间：2017-01-18T00:04:49+08:00
2017-01-18T00:04:59: 非记录时间：2017-01-18T00:04:59+08:00
2017-01-18T00:05:09: 非记录时间：2017-01-18T00:05:09+08:00
2017-01-18T00:05:19: 非记录时间：2017-01-18T00:05:19+08:00
2017-01-18T00:05:29: 非记录时间：2017-01-18T00:05:29+08:00
2017-01-18T00:05:39: 非记录时间：2017-01-18T00:05:39+08:00
2017-01-18T00:05:49: 非记录时间：2017-01-18T00:05:49+08:00
2017-01-18T00:05:59: 非记录时间：2017-01-18T00:05:59+08:00
2017-01-18T00:06:09: 非记录时间：2017-01-18T00:06:09+08:00
2017-01-18T00:06:19: 非记录时间：2017-01-18T00:06:19+08:00
2017-01-18T00:06:29: 非记录时间：2017-01-18T00:06:29+08:00
2017-01-18T00:06:39: 非记录时间：2017-01-18T00:06:39+08:00
2017-01-18T00:06:49: 非记录时间：2017-01-18T00:06:49+08:00
2017-01-18T00:06:59: 非记录时间：2017-01-18T00:06:59+08:00
2017-01-18T00:07:09: 非记录时间：2017-01-18T00:07:09+08:00
2017-01-18T00:07:19: 非记录时间：2017-01-18T00:07:19+08:00
2017-01-18T00:07:29: 非记录时间：2017-01-18T00:07:29+08:00
2017-01-18T00:07:39: 非记录时间：2017-01-18T00:07:39+08:00
2017-01-18T00:07:49: 非记录时间：2017-01-18T00:07:49+08:00
2017-01-18T00:07:59: 非记录时间：2017-01-18T00:07:59+08:00
2017-01-18T00:08:09: 非记录时间：2017-01-18T00:08:09+08:00
2017-01-18T00:08:19: 非记录时间：2017-01-18T00:08:19+08:00
2017-01-18T00:08:29: 非记录时间：2017-01-18T00:08:29+08:00
2017-01-18T00:08:39: 非记录时间：2017-01-18T00:08:39+08:00
2017-01-18T00:08:49: 非记录时间：2017-01-18T00:08:49+08:00
2017-01-18T00:08:59: 非记录时间：2017-01-18T00:08:59+08:00
2017-01-18T00:09:09: 非记录时间：2017-01-18T00:09:09+08:00
2017-01-18T00:09:19: 非记录时间：2017-01-18T00:09:19+08:00
2017-01-18T00:09:29: 非记录时间：2017-01-18T00:09:29+08:00
2017-01-18T00:09:39: 非记录时间：2017-01-18T00:09:39+08:00
2017-01-18T00:09:49: 非记录时间：2017-01-18T00:09:49+08:00
2017-01-18T00:09:59: 非记录时间：2017-01-18T00:09:59+08:00
2017-01-18T00:10:09: 非记录时间：2017-01-18T00:10:09+08:00
2017-01-18T00:10:19: 非记录时间：2017-01-18T00:10:19+08:00
2017-01-18T00:10:29: 非记录时间：2017-01-18T00:10:29+08:00
2017-01-18T00:10:39: 非记录时间：2017-01-18T00:10:39+08:00
2017-01-18T00:10:49: 非记录时间：2017-01-18T00:10:49+08:00
2017-01-18T00:10:59: 非记录时间：2017-01-18T00:10:59+08:00
2017-01-18T00:11:09: 非记录时间：2017-01-18T00:11:09+08:00
2017-01-18T00:11:19: 非记录时间：2017-01-18T00:11:19+08:00
2017-01-18T00:11:29: 非记录时间：2017-01-18T00:11:29+08:00
2017-01-18T00:11:39: 非记录时间：2017-01-18T00:11:39+08:00
2017-01-18T00:11:49: 非记录时间：2017-01-18T00:11:49+08:00
2017-01-18T00:11:59: 非记录时间：2017-01-18T00:11:59+08:00
2017-01-18T00:12:09: 非记录时间：2017-01-18T00:12:09+08:00
2017-01-18T00:12:19: 非记录时间：2017-01-18T00:12:19+08:00
2017-01-18T00:12:29: 非记录时间：2017-01-18T00:12:29+08:00
2017-01-18T00:12:39: 非记录时间：2017-01-18T00:12:39+08:00
2017-01-18T00:12:49: 非记录时间：2017-01-18T00:12:49+08:00
2017-01-18T00:12:59: 非记录时间：2017-01-18T00:12:59+08:00
2017-01-18T00:13:09: 非记录时间：2017-01-18T00:13:09+08:00
2017-01-18T00:13:19: 非记录时间：2017-01-18T00:13:19+08:00
2017-01-18T00:13:29: 非记录时间：2017-01-18T00:13:29+08:00
2017-01-18T00:13:39: 非记录时间：2017-01-18T00:13:39+08:00
2017-01-18T00:13:49: 非记录时间：2017-01-18T00:13:49+08:00
2017-01-18T00:13:59: 非记录时间：2017-01-18T00:13:59+08:00
2017-01-18T00:14:09: 非记录时间：2017-01-18T00:14:09+08:00
2017-01-18T00:14:19: 非记录时间：2017-01-18T00:14:19+08:00
2017-01-18T00:14:29: 非记录时间：2017-01-18T00:14:29+08:00
2017-01-18T00:14:39: 非记录时间：2017-01-18T00:14:39+08:00
2017-01-18T00:14:49: 非记录时间：2017-01-18T00:14:49+08:00
2017-01-18T00:14:59: 非记录时间：2017-01-18T00:14:59+08:00
2017-01-18T00:15:09: 非记录时间：2017-01-18T00:15:09+08:00
2017-01-18T00:15:19: 非记录时间：2017-01-18T00:15:19+08:00
2017-01-18T00:15:29: 非记录时间：2017-01-18T00:15:29+08:00
2017-01-18T00:15:39: 非记录时间：2017-01-18T00:15:39+08:00
2017-01-18T00:15:49: 非记录时间：2017-01-18T00:15:49+08:00
2017-01-18T00:15:59: 非记录时间：2017-01-18T00:15:59+08:00
2017-01-18T00:16:09: 非记录时间：2017-01-18T00:16:09+08:00
2017-01-18T00:16:19: 非记录时间：2017-01-18T00:16:19+08:00
2017-01-18T00:16:29: 非记录时间：2017-01-18T00:16:29+08:00
2017-01-18T00:16:39: 非记录时间：2017-01-18T00:16:39+08:00
2017-01-18T00:16:49: 非记录时间：2017-01-18T00:16:49+08:00
2017-01-18T00:16:59: 非记录时间：2017-01-18T00:16:59+08:00
2017-01-18T00:17:09: 非记录时间：2017-01-18T00:17:09+08:00
2017-01-18T00:17:19: 非记录时间：2017-01-18T00:17:19+08:00
2017-01-18T00:17:29: 非记录时间：2017-01-18T00:17:29+08:00
2017-01-18T00:17:39: 非记录时间：2017-01-18T00:17:39+08:00
2017-01-18T00:17:49: 非记录时间：2017-01-18T00:17:49+08:00
2017-01-18T00:17:59: 非记录时间：2017-01-18T00:17:59+08:00
2017-01-18T00:18:09: 非记录时间：2017-01-18T00:18:09+08:00
2017-01-18T00:18:19: 非记录时间：2017-01-18T00:18:19+08:00
2017-01-18T00:18:29: 非记录时间：2017-01-18T00:18:29+08:00
2017-01-18T00:18:39: 非记录时间：2017-01-18T00:18:39+08:00
2017-01-18T00:18:49: 非记录时间：2017-01-18T00:18:49+08:00
2017-01-18T00:18:59: 非记录时间：2017-01-18T00:18:59+08:00
2017-01-18T00:19:09: 非记录时间：2017-01-18T00:19:09+08:00
2017-01-18T00:19:19: 非记录时间：2017-01-18T00:19:19+08:00
2017-01-18T00:19:29: 非记录时间：2017-01-18T00:19:29+08:00
2017-01-18T00:19:39: 非记录时间：2017-01-18T00:19:39+08:00
2017-01-18T00:19:49: 非记录时间：2017-01-18T00:19:49+08:00
2017-01-18T00:19:59: 非记录时间：2017-01-18T00:19:59+08:00
2017-01-18T00:20:09: 非记录时间：2017-01-18T00:20:09+08:00
2017-01-18T00:20:19: 非记录时间：2017-01-18T00:20:19+08:00
2017-01-18T00:20:29: 非记录时间：2017-01-18T00:20:29+08:00
2017-01-18T00:20:39: 非记录时间：2017-01-18T00:20:39+08:00
2017-01-18T00:20:49: 非记录时间：2017-01-18T00:20:49+08:00
2017-01-18T00:20:59: 非记录时间：2017-01-18T00:20:59+08:00
2017-01-18T00:21:09: 非记录时间：2017-01-18T00:21:09+08:00
2017-01-18T00:21:19: 非记录时间：2017-01-18T00:21:19+08:00
2017-01-18T00:21:29: 非记录时间：2017-01-18T00:21:29+08:00
2017-01-18T00:21:39: 非记录时间：2017-01-18T00:21:39+08:00
2017-01-18T00:21:49: 非记录时间：2017-01-18T00:21:49+08:00
2017-01-18T00:21:59: 非记录时间：2017-01-18T00:21:59+08:00
2017-01-18T00:22:09: 非记录时间：2017-01-18T00:22:09+08:00
2017-01-18T00:22:19: 非记录时间：2017-01-18T00:22:19+08:00
2017-01-18T00:22:29: 非记录时间：2017-01-18T00:22:29+08:00
2017-01-18T00:22:39: 非记录时间：2017-01-18T00:22:39+08:00
2017-01-18T00:22:49: 非记录时间：2017-01-18T00:22:49+08:00
2017-01-18T00:22:59: 非记录时间：2017-01-18T00:22:59+08:00
2017-01-18T00:23:09: 非记录时间：2017-01-18T00:23:09+08:00
2017-01-18T00:23:19: 非记录时间：2017-01-18T00:23:19+08:00
2017-01-18T00:23:29: 非记录时间：2017-01-18T00:23:29+08:00
2017-01-18T00:23:39: 非记录时间：2017-01-18T00:23:39+08:00
2017-01-18T00:23:49: 非记录时间：2017-01-18T00:23:49+08:00
2017-01-18T00:23:59: 非记录时间：2017-01-18T00:23:59+08:00
2017-01-18T00:24:09: 非记录时间：2017-01-18T00:24:09+08:00
2017-01-18T00:24:19: 非记录时间：2017-01-18T00:24:19+08:00
2017-01-18T00:24:29: 非记录时间：2017-01-18T00:24:29+08:00
2017-01-18T00:24:39: 非记录时间：2017-01-18T00:24:39+08:00
2017-01-18T00:24:49: 非记录时间：2017-01-18T00:24:49+08:00
2017-01-18T00:24:59: 非记录时间：2017-01-18T00:24:59+08:00
2017-01-18T00:25:09: 非记录时间：2017-01-18T00:25:09+08:00
2017-01-18T00:25:19: 非记录时间：2017-01-18T00:25:19+08:00
2017-01-18T00:25:29: 非记录时间：2017-01-18T00:25:29+08:00
2017-01-18T00:25:39: 非记录时间：2017-01-18T00:25:39+08:00
2017-01-18T00:25:49: 非记录时间：2017-01-18T00:25:49+08:00
2017-01-18T00:25:59: 非记录时间：2017-01-18T00:25:59+08:00
2017-01-18T00:26:09: 非记录时间：2017-01-18T00:26:09+08:00
2017-01-18T00:26:19: 非记录时间：2017-01-18T00:26:19+08:00
2017-01-18T00:26:29: 非记录时间：2017-01-18T00:26:29+08:00
2017-01-18T00:26:39: 非记录时间：2017-01-18T00:26:39+08:00
2017-01-18T00:26:49: 非记录时间：2017-01-18T00:26:49+08:00
2017-01-18T00:26:59: 非记录时间：2017-01-18T00:26:59+08:00
2017-01-18T00:27:09: 非记录时间：2017-01-18T00:27:09+08:00
2017-01-18T00:27:19: 非记录时间：2017-01-18T00:27:19+08:00
2017-01-18T00:27:29: 非记录时间：2017-01-18T00:27:29+08:00
2017-01-18T00:27:39: 非记录时间：2017-01-18T00:27:39+08:00
2017-01-18T00:27:49: 非记录时间：2017-01-18T00:27:49+08:00
2017-01-18T00:27:59: 非记录时间：2017-01-18T00:27:59+08:00
2017-01-18T00:28:09: 非记录时间：2017-01-18T00:28:09+08:00
2017-01-18T00:28:19: 非记录时间：2017-01-18T00:28:19+08:00
2017-01-18T00:28:29: 非记录时间：2017-01-18T00:28:29+08:00
2017-01-18T00:28:39: 非记录时间：2017-01-18T00:28:39+08:00
2017-01-18T00:28:49: 非记录时间：2017-01-18T00:28:49+08:00
2017-01-18T00:28:59: 非记录时间：2017-01-18T00:28:59+08:00
2017-01-18T00:29:09: 非记录时间：2017-01-18T00:29:09+08:00
2017-01-18T00:29:19: 非记录时间：2017-01-18T00:29:19+08:00
2017-01-18T00:29:29: 非记录时间：2017-01-18T00:29:29+08:00
2017-01-18T00:29:39: 非记录时间：2017-01-18T00:29:39+08:00
2017-01-18T00:29:49: 非记录时间：2017-01-18T00:29:49+08:00
2017-01-18T00:29:59: 非记录时间：2017-01-18T00:29:59+08:00
2017-01-18T00:30:09: 非记录时间：2017-01-18T00:30:09+08:00
2017-01-18T00:30:19: 非记录时间：2017-01-18T00:30:19+08:00
2017-01-18T00:30:29: 非记录时间：2017-01-18T00:30:29+08:00
2017-01-18T00:30:39: 非记录时间：2017-01-18T00:30:39+08:00
2017-01-18T00:30:49: 非记录时间：2017-01-18T00:30:49+08:00
2017-01-18T00:30:59: 非记录时间：2017-01-18T00:30:59+08:00
2017-01-18T00:31:09: 非记录时间：2017-01-18T00:31:09+08:00
2017-01-18T00:31:19: 非记录时间：2017-01-18T00:31:19+08:00
2017-01-18T00:31:29: 非记录时间：2017-01-18T00:31:29+08:00
2017-01-18T00:31:39: 非记录时间：2017-01-18T00:31:39+08:00
2017-01-18T00:31:49: 非记录时间：2017-01-18T00:31:49+08:00
2017-01-18T00:31:59: 非记录时间：2017-01-18T00:31:59+08:00
2017-01-18T00:32:09: 非记录时间：2017-01-18T00:32:09+08:00
2017-01-18T00:32:19: 非记录时间：2017-01-18T00:32:19+08:00
2017-01-18T00:32:29: 非记录时间：2017-01-18T00:32:29+08:00
2017-01-18T00:32:39: 非记录时间：2017-01-18T00:32:39+08:00
2017-01-18T00:32:49: 非记录时间：2017-01-18T00:32:49+08:00
2017-01-18T00:32:59: 非记录时间：2017-01-18T00:32:59+08:00
2017-01-18T00:33:09: 非记录时间：2017-01-18T00:33:09+08:00
2017-01-18T00:33:19: 非记录时间：2017-01-18T00:33:19+08:00
2017-01-18T00:33:29: 非记录时间：2017-01-18T00:33:29+08:00
2017-01-18T00:33:39: 非记录时间：2017-01-18T00:33:39+08:00
2017-01-18T00:33:49: 非记录时间：2017-01-18T00:33:49+08:00
2017-01-18T00:33:59: 非记录时间：2017-01-18T00:33:59+08:00
2017-01-18T00:34:09: 非记录时间：2017-01-18T00:34:09+08:00
2017-01-18T00:34:19: 非记录时间：2017-01-18T00:34:19+08:00
2017-01-18T00:34:29: 非记录时间：2017-01-18T00:34:29+08:00
2017-01-18T00:34:39: 非记录时间：2017-01-18T00:34:39+08:00
2017-01-18T00:34:49: 非记录时间：2017-01-18T00:34:49+08:00
2017-01-18T00:34:59: 非记录时间：2017-01-18T00:34:59+08:00
2017-01-18T00:35:09: 非记录时间：2017-01-18T00:35:09+08:00
2017-01-18T00:35:19: 非记录时间：2017-01-18T00:35:19+08:00
2017-01-18T00:35:29: 非记录时间：2017-01-18T00:35:29+08:00
2017-01-18T00:35:39: 非记录时间：2017-01-18T00:35:39+08:00
2017-01-18T00:35:49: 非记录时间：2017-01-18T00:35:49+08:00
2017-01-18T00:35:59: 非记录时间：2017-01-18T00:35:59+08:00
2017-01-18T00:36:09: 非记录时间：2017-01-18T00:36:09+08:00
2017-01-18T00:36:19: 非记录时间：2017-01-18T00:36:19+08:00
2017-01-18T00:36:29: 非记录时间：2017-01-18T00:36:29+08:00
2017-01-18T00:36:39: 非记录时间：2017-01-18T00:36:39+08:00
2017-01-18T00:36:49: 非记录时间：2017-01-18T00:36:49+08:00
2017-01-18T00:36:59: 非记录时间：2017-01-18T00:36:59+08:00
2017-01-18T00:37:09: 非记录时间：2017-01-18T00:37:09+08:00
2017-01-18T00:37:19: 非记录时间：2017-01-18T00:37:19+08:00
2017-01-18T00:37:29: 非记录时间：2017-01-18T00:37:29+08:00
2017-01-18T00:37:39: 非记录时间：2017-01-18T00:37:39+08:00
2017-01-18T00:37:49: 非记录时间：2017-01-18T00:37:49+08:00
2017-01-18T00:37:59: 非记录时间：2017-01-18T00:37:59+08:00
2017-01-18T00:38:09: 非记录时间：2017-01-18T00:38:09+08:00
2017-01-18T00:38:19: 非记录时间：2017-01-18T00:38:19+08:00
2017-01-18T00:38:29: 非记录时间：2017-01-18T00:38:29+08:00
2017-01-18T00:38:39: 非记录时间：2017-01-18T00:38:39+08:00
2017-01-18T00:38:49: 非记录时间：2017-01-18T00:38:49+08:00
2017-01-18T00:38:59: 非记录时间：2017-01-18T00:38:59+08:00
2017-01-18T00:39:09: 非记录时间：2017-01-18T00:39:09+08:00
2017-01-18T00:39:19: 非记录时间：2017-01-18T00:39:19+08:00
2017-01-18T00:39:29: 非记录时间：2017-01-18T00:39:29+08:00
2017-01-18T00:39:39: 非记录时间：2017-01-18T00:39:39+08:00
2017-01-18T00:39:49: 非记录时间：2017-01-18T00:39:49+08:00
2017-01-18T00:39:59: 非记录时间：2017-01-18T00:39:59+08:00
2017-01-18T00:40:09: 非记录时间：2017-01-18T00:40:09+08:00
2017-01-18T00:40:19: 非记录时间：2017-01-18T00:40:19+08:00
2017-01-18T00:40:29: 非记录时间：2017-01-18T00:40:29+08:00
2017-01-18T00:40:39: 非记录时间：2017-01-18T00:40:39+08:00
2017-01-18T00:40:49: 非记录时间：2017-01-18T00:40:49+08:00
2017-01-18T00:40:59: 非记录时间：2017-01-18T00:40:59+08:00
2017-01-18T00:41:09: 非记录时间：2017-01-18T00:41:09+08:00
2017-01-18T00:41:19: 非记录时间：2017-01-18T00:41:19+08:00
2017-01-18T00:41:29: 非记录时间：2017-01-18T00:41:29+08:00
2017-01-18T00:41:39: 非记录时间：2017-01-18T00:41:39+08:00
2017-01-18T00:41:49: 非记录时间：2017-01-18T00:41:49+08:00
2017-01-18T00:41:59: 非记录时间：2017-01-18T00:41:59+08:00
2017-01-18T00:42:09: 非记录时间：2017-01-18T00:42:09+08:00
2017-01-18T00:42:19: 非记录时间：2017-01-18T00:42:19+08:00
2017-01-18T00:42:29: 非记录时间：2017-01-18T00:42:29+08:00
2017-01-18T00:42:39: 非记录时间：2017-01-18T00:42:39+08:00
2017-01-18T00:42:49: 非记录时间：2017-01-18T00:42:49+08:00
2017-01-18T00:42:59: 非记录时间：2017-01-18T00:42:59+08:00
2017-01-18T00:43:09: 非记录时间：2017-01-18T00:43:09+08:00
2017-01-18T00:43:19: 非记录时间：2017-01-18T00:43:19+08:00
2017-01-18T00:43:29: 非记录时间：2017-01-18T00:43:29+08:00
2017-01-18T00:43:39: 非记录时间：2017-01-18T00:43:39+08:00
2017-01-18T00:43:49: 非记录时间：2017-01-18T00:43:49+08:00
2017-01-18T00:43:59: 非记录时间：2017-01-18T00:43:59+08:00
2017-01-18T00:44:09: 非记录时间：2017-01-18T00:44:09+08:00
2017-01-18T00:44:19: 非记录时间：2017-01-18T00:44:19+08:00
2017-01-18T00:44:29: 非记录时间：2017-01-18T00:44:29+08:00
2017-01-18T00:44:39: 非记录时间：2017-01-18T00:44:39+08:00
2017-01-18T00:44:49: 非记录时间：2017-01-18T00:44:49+08:00
2017-01-18T00:44:59: 非记录时间：2017-01-18T00:44:59+08:00
2017-01-18T00:45:09: 非记录时间：2017-01-18T00:45:09+08:00
2017-01-18T00:45:19: 非记录时间：2017-01-18T00:45:19+08:00
2017-01-18T00:45:29: 非记录时间：2017-01-18T00:45:29+08:00
2017-01-18T00:45:39: 非记录时间：2017-01-18T00:45:39+08:00
2017-01-18T00:45:49: 非记录时间：2017-01-18T00:45:49+08:00
2017-01-18T00:45:59: 非记录时间：2017-01-18T00:45:59+08:00
2017-01-18T00:46:09: 非记录时间：2017-01-18T00:46:09+08:00
2017-01-18T00:46:19: 非记录时间：2017-01-18T00:46:19+08:00
2017-01-18T00:46:29: 非记录时间：2017-01-18T00:46:29+08:00
2017-01-18T00:46:39: 非记录时间：2017-01-18T00:46:39+08:00
2017-01-18T00:46:49: 非记录时间：2017-01-18T00:46:49+08:00
2017-01-18T00:46:59: 非记录时间：2017-01-18T00:46:59+08:00
2017-01-18T00:47:09: 非记录时间：2017-01-18T00:47:09+08:00
2017-01-18T00:47:19: 非记录时间：2017-01-18T00:47:19+08:00
2017-01-18T00:47:29: 非记录时间：2017-01-18T00:47:29+08:00
2017-01-18T00:47:39: 非记录时间：2017-01-18T00:47:39+08:00
2017-01-18T00:47:49: 非记录时间：2017-01-18T00:47:49+08:00
2017-01-18T00:47:59: 非记录时间：2017-01-18T00:47:59+08:00
2017-01-18T00:48:09: 非记录时间：2017-01-18T00:48:09+08:00
2017-01-18T00:48:19: 非记录时间：2017-01-18T00:48:19+08:00
2017-01-18T00:48:29: 非记录时间：2017-01-18T00:48:29+08:00
2017-01-18T00:48:39: 非记录时间：2017-01-18T00:48:39+08:00
2017-01-18T00:48:49: 非记录时间：2017-01-18T00:48:49+08:00
2017-01-18T00:48:59: 非记录时间：2017-01-18T00:48:59+08:00
2017-01-18T00:49:09: 非记录时间：2017-01-18T00:49:09+08:00
2017-01-18T00:49:19: 非记录时间：2017-01-18T00:49:19+08:00
2017-01-18T00:49:29: 非记录时间：2017-01-18T00:49:29+08:00
2017-01-18T00:49:39: 非记录时间：2017-01-18T00:49:39+08:00
2017-01-18T00:49:49: 非记录时间：2017-01-18T00:49:49+08:00
2017-01-18T00:49:59: 非记录时间：2017-01-18T00:49:59+08:00
2017-01-18T00:50:09: 非记录时间：2017-01-18T00:50:09+08:00
2017-01-18T00:50:19: 非记录时间：2017-01-18T00:50:19+08:00
2017-01-18T00:50:29: 非记录时间：2017-01-18T00:50:29+08:00
2017-01-18T00:50:39: 非记录时间：2017-01-18T00:50:39+08:00
2017-01-18T00:50:49: 非记录时间：2017-01-18T00:50:49+08:00
2017-01-18T00:50:59: 非记录时间：2017-01-18T00:50:59+08:00
2017-01-18T00:51:09: 非记录时间：2017-01-18T00:51:09+08:00
2017-01-18T00:51:19: 非记录时间：2017-01-18T00:51:19+08:00
2017-01-18T00:51:29: 非记录时间：2017-01-18T00:51:29+08:00
2017-01-18T00:51:39: 非记录时间：2017-01-18T00:51:39+08:00
2017-01-18T00:51:49: 非记录时间：2017-01-18T00:51:49+08:00
2017-01-18T00:51:59: 非记录时间：2017-01-18T00:51:59+08:00
2017-01-18T00:52:09: 非记录时间：2017-01-18T00:52:09+08:00
2017-01-18T00:52:19: 非记录时间：2017-01-18T00:52:19+08:00
2017-01-18T00:52:29: 非记录时间：2017-01-18T00:52:29+08:00
2017-01-18T00:52:39: 非记录时间：2017-01-18T00:52:39+08:00
2017-01-18T00:52:49: 非记录时间：2017-01-18T00:52:49+08:00
2017-01-18T00:52:59: 非记录时间：2017-01-18T00:52:59+08:00
2017-01-18T00:53:09: 非记录时间：2017-01-18T00:53:09+08:00
2017-01-18T00:53:19: 非记录时间：2017-01-18T00:53:19+08:00
2017-01-18T00:53:29: 非记录时间：2017-01-18T00:53:29+08:00
2017-01-18T00:53:39: 非记录时间：2017-01-18T00:53:39+08:00
2017-01-18T00:53:49: 非记录时间：2017-01-18T00:53:49+08:00
2017-01-18T00:53:59: 非记录时间：2017-01-18T00:53:59+08:00
2017-01-18T00:54:09: 非记录时间：2017-01-18T00:54:09+08:00
2017-01-18T00:54:19: 非记录时间：2017-01-18T00:54:19+08:00
2017-01-18T00:54:29: 非记录时间：2017-01-18T00:54:29+08:00
2017-01-18T00:54:39: 非记录时间：2017-01-18T00:54:39+08:00
2017-01-18T00:54:49: 非记录时间：2017-01-18T00:54:49+08:00
2017-01-18T00:54:59: 非记录时间：2017-01-18T00:54:59+08:00
2017-01-18T00:55:09: 非记录时间：2017-01-18T00:55:09+08:00
2017-01-18T00:55:19: 非记录时间：2017-01-18T00:55:19+08:00
2017-01-18T00:55:29: 非记录时间：2017-01-18T00:55:29+08:00
2017-01-18T00:55:39: 非记录时间：2017-01-18T00:55:39+08:00
2017-01-18T00:55:49: 非记录时间：2017-01-18T00:55:49+08:00
2017-01-18T00:55:59: 非记录时间：2017-01-18T00:55:59+08:00
2017-01-18T00:56:09: 非记录时间：2017-01-18T00:56:09+08:00
2017-01-18T00:56:19: 非记录时间：2017-01-18T00:56:19+08:00
2017-01-18T00:56:29: 非记录时间：2017-01-18T00:56:29+08:00
2017-01-18T00:56:39: 非记录时间：2017-01-18T00:56:39+08:00
2017-01-18T00:56:49: 非记录时间：2017-01-18T00:56:49+08:00
2017-01-18T00:56:59: 非记录时间：2017-01-18T00:56:59+08:00
2017-01-18T00:57:09: 非记录时间：2017-01-18T00:57:09+08:00
2017-01-18T00:57:19: 非记录时间：2017-01-18T00:57:19+08:00
2017-01-18T00:57:29: 非记录时间：2017-01-18T00:57:29+08:00
2017-01-18T00:57:39: 非记录时间：2017-01-18T00:57:39+08:00
2017-01-18T00:57:49: 非记录时间：2017-01-18T00:57:49+08:00
2017-01-18T00:57:59: 非记录时间：2017-01-18T00:57:59+08:00
2017-01-18T00:58:09: 非记录时间：2017-01-18T00:58:09+08:00
2017-01-18T00:58:19: 非记录时间：2017-01-18T00:58:19+08:00
2017-01-18T00:58:29: 非记录时间：2017-01-18T00:58:29+08:00
2017-01-18T00:58:39: 非记录时间：2017-01-18T00:58:39+08:00
2017-01-18T00:58:49: 非记录时间：2017-01-18T00:58:49+08:00
2017-01-18T00:58:59: 非记录时间：2017-01-18T00:58:59+08:00
2017-01-18T00:59:09: 非记录时间：2017-01-18T00:59:09+08:00
2017-01-18T00:59:19: 非记录时间：2017-01-18T00:59:19+08:00
2017-01-18T00:59:29: 非记录时间：2017-01-18T00:59:29+08:00
2017-01-18T00:59:39: 非记录时间：2017-01-18T00:59:39+08:00
2017-01-18T00:59:49: 非记录时间：2017-01-18T00:59:49+08:00
2017-01-18T00:59:59: 非记录时间：2017-01-18T00:59:59+08:00
2017-01-18T01:00:09: 非记录时间：2017-01-18T01:00:09+08:00
2017-01-18T01:00:19: 非记录时间：2017-01-18T01:00:19+08:00
2017-01-18T01:00:29: 非记录时间：2017-01-18T01:00:29+08:00
2017-01-18T01:00:39: 非记录时间：2017-01-18T01:00:39+08:00
2017-01-18T01:00:49: 非记录时间：2017-01-18T01:00:49+08:00
2017-01-18T01:00:59: 非记录时间：2017-01-18T01:00:59+08:00
2017-01-18T01:01:09: 非记录时间：2017-01-18T01:01:09+08:00
2017-01-18T01:01:19: 非记录时间：2017-01-18T01:01:19+08:00
2017-01-18T01:01:29: 非记录时间：2017-01-18T01:01:29+08:00
2017-01-18T01:01:40: 非记录时间：2017-01-18T01:01:40+08:00
2017-01-18T01:01:50: 非记录时间：2017-01-18T01:01:50+08:00
2017-01-18T01:02:00: 非记录时间：2017-01-18T01:02:00+08:00
2017-01-18T01:02:10: 非记录时间：2017-01-18T01:02:10+08:00
2017-01-18T01:02:20: 非记录时间：2017-01-18T01:02:20+08:00
2017-01-18T01:02:30: 非记录时间：2017-01-18T01:02:30+08:00
2017-01-18T01:02:40: 非记录时间：2017-01-18T01:02:40+08:00
2017-01-18T01:02:50: 非记录时间：2017-01-18T01:02:50+08:00
2017-01-18T01:03:00: 非记录时间：2017-01-18T01:03:00+08:00
2017-01-18T01:03:10: 非记录时间：2017-01-18T01:03:10+08:00
2017-01-18T01:03:20: 非记录时间：2017-01-18T01:03:20+08:00
2017-01-18T01:03:30: 非记录时间：2017-01-18T01:03:30+08:00
2017-01-18T01:03:40: 非记录时间：2017-01-18T01:03:40+08:00
2017-01-18T01:03:50: 非记录时间：2017-01-18T01:03:50+08:00
2017-01-18T01:04:00: 非记录时间：2017-01-18T01:04:00+08:00
2017-01-18T01:04:10: 非记录时间：2017-01-18T01:04:10+08:00
2017-01-18T01:04:20: 非记录时间：2017-01-18T01:04:20+08:00
2017-01-18T01:04:30: 非记录时间：2017-01-18T01:04:30+08:00
2017-01-18T01:04:40: 非记录时间：2017-01-18T01:04:40+08:00
2017-01-18T01:04:50: 非记录时间：2017-01-18T01:04:50+08:00
2017-01-18T01:05:00: 非记录时间：2017-01-18T01:05:00+08:00
2017-01-18T01:05:10: 非记录时间：2017-01-18T01:05:10+08:00
2017-01-18T01:05:20: 非记录时间：2017-01-18T01:05:20+08:00
2017-01-18T01:05:30: 非记录时间：2017-01-18T01:05:30+08:00
2017-01-18T01:05:40: 非记录时间：2017-01-18T01:05:40+08:00
2017-01-18T01:05:50: 非记录时间：2017-01-18T01:05:50+08:00
2017-01-18T01:06:00: 非记录时间：2017-01-18T01:06:00+08:00
2017-01-18T01:06:10: 非记录时间：2017-01-18T01:06:10+08:00
2017-01-18T01:06:20: 非记录时间：2017-01-18T01:06:20+08:00
2017-01-18T01:06:30: 非记录时间：2017-01-18T01:06:30+08:00
2017-01-18T01:06:40: 非记录时间：2017-01-18T01:06:40+08:00
2017-01-18T01:06:50: 非记录时间：2017-01-18T01:06:50+08:00
2017-01-18T01:07:00: 非记录时间：2017-01-18T01:07:00+08:00
2017-01-18T01:07:10: 非记录时间：2017-01-18T01:07:10+08:00
2017-01-18T01:07:20: 非记录时间：2017-01-18T01:07:20+08:00
2017-01-18T01:07:30: 非记录时间：2017-01-18T01:07:30+08:00
2017-01-18T01:07:40: 非记录时间：2017-01-18T01:07:40+08:00
2017-01-18T01:07:50: 非记录时间：2017-01-18T01:07:50+08:00
2017-01-18T01:08:00: 非记录时间：2017-01-18T01:08:00+08:00
2017-01-18T01:08:10: 非记录时间：2017-01-18T01:08:10+08:00
2017-01-18T01:08:20: 非记录时间：2017-01-18T01:08:20+08:00
2017-01-18T01:08:30: 非记录时间：2017-01-18T01:08:30+08:00
2017-01-18T01:08:40: 非记录时间：2017-01-18T01:08:40+08:00
2017-01-18T01:08:50: 非记录时间：2017-01-18T01:08:50+08:00
2017-01-18T01:09:00: 非记录时间：2017-01-18T01:09:00+08:00
2017-01-18T01:09:10: 非记录时间：2017-01-18T01:09:10+08:00
2017-01-18T01:09:20: 非记录时间：2017-01-18T01:09:20+08:00
2017-01-18T01:09:30: 非记录时间：2017-01-18T01:09:30+08:00
2017-01-18T01:09:40: 非记录时间：2017-01-18T01:09:40+08:00
2017-01-18T01:09:50: 非记录时间：2017-01-18T01:09:50+08:00
2017-01-18T01:10:00: 非记录时间：2017-01-18T01:10:00+08:00
2017-01-18T01:10:10: 非记录时间：2017-01-18T01:10:10+08:00
2017-01-18T01:10:20: 非记录时间：2017-01-18T01:10:20+08:00
2017-01-18T01:10:30: 非记录时间：2017-01-18T01:10:30+08:00
2017-01-18T01:10:40: 非记录时间：2017-01-18T01:10:40+08:00
2017-01-18T01:10:50: 非记录时间：2017-01-18T01:10:50+08:00
2017-01-18T01:11:00: 读取文件失败，可能是该文件不存在
2017-01-18T01:11:00: Error: ENOENT: no such file or directory, open './data/2017-01-18.json'
2017-01-18T01:11:10: 读取文件成功
2017-01-18T01:11:20: 读取文件成功
2017-01-18T01:11:30: 读取文件成功
2017-01-18T01:11:40: 读取文件成功
2017-01-18T01:11:50: 读取文件成功
2017-01-18T01:12:01: 读取文件成功
2017-01-18T01:12:10: 读取文件成功
2017-01-18T01:12:20: 读取文件成功
2017-01-18T01:12:30: 读取文件成功
2017-01-18T01:12:40: 读取文件成功
2017-01-18T01:12:50: 读取文件成功
2017-01-18T01:13:00: 读取文件成功
2017-01-18T01:13:10: 读取文件成功
2017-01-18T01:13:20: 读取文件成功
2017-01-18T01:13:30: 读取文件成功
2017-01-18T01:13:40: 读取文件成功
2017-01-18T01:13:50: 读取文件成功
2017-01-18T01:14:00: 读取文件成功
2017-01-18T01:14:10: 读取文件成功
2017-01-18T01:14:20: 读取文件成功
2017-01-18T01:14:30: 读取文件成功
2017-01-18T01:14:40: 读取文件成功
2017-01-18T01:14:50: 读取文件成功
2017-01-18T01:15:00: 读取文件成功
2017-01-18T01:15:10: 读取文件成功
2017-01-18T01:15:20: 读取文件成功
2017-01-18T01:15:30: 读取文件成功
2017-01-18T01:15:40: 读取文件成功
2017-01-18T01:15:50: 读取文件成功
2017-01-18T01:16:00: 读取文件成功
2017-01-18T01:16:11: 读取文件成功
2017-01-18T01:16:20: 读取文件成功
2017-01-18T01:16:30: 读取文件成功
2017-01-18T01:16:40: 读取文件成功
2017-01-18T01:16:50: 读取文件成功
2017-01-18T01:17:00: 读取文件成功
2017-01-18T01:17:10: 读取文件成功
2017-01-18T01:17:21: 读取文件成功
2017-01-18T01:17:30: 读取文件成功
2017-01-18T01:17:41: 读取文件成功
2017-01-18T01:17:51: 读取文件成功
2017-01-18T01:18:00: 读取文件成功
2017-01-18T01:18:10: 读取文件成功
2017-01-18T01:18:21: 读取文件成功
2017-01-18T01:18:31: 读取文件成功
2017-01-18T01:18:41: 读取文件成功
2017-01-18T01:18:51: 读取文件成功
2017-01-18T01:19:01: 读取文件成功
2017-01-18T01:19:11: 读取文件成功
2017-01-18T01:19:21: 读取文件成功
2017-01-18T01:19:31: 读取文件成功
2017-01-18T01:19:41: 读取文件成功
2017-01-18T01:19:51: 读取文件成功
2017-01-18T01:20:01: 读取文件成功
2017-01-18T01:20:11: 读取文件成功
2017-01-18T01:20:21: 读取文件成功
2017-01-18T01:20:31: 读取文件成功
2017-01-18T01:20:41: 读取文件成功
2017-01-18T01:20:51: 读取文件成功
2017-01-18T01:21:01: 读取文件成功
2017-01-18T01:21:11: 读取文件成功
2017-01-18T01:21:21: 读取文件成功
2017-01-18T01:21:31: 读取文件成功
2017-01-18T01:21:41: 读取文件成功
2017-01-18T01:21:51: 读取文件成功
2017-01-18T01:22:01: 读取文件成功
2017-01-18T01:22:11: 读取文件成功
2017-01-18T01:22:21: 读取文件成功
2017-01-18T01:22:31: 读取文件成功
2017-01-18T01:22:41: 读取文件成功
2017-01-18T01:22:51: 读取文件成功
2017-01-18T01:23:01: 读取文件成功
2017-01-18T01:23:11: 读取文件成功
2017-01-18T01:23:22: 读取文件成功
2017-01-18T01:23:31: 读取文件成功
2017-01-18T01:23:41: 读取文件成功
2017-01-18T01:23:52: 读取文件成功
2017-01-18T01:24:01: 读取文件成功
2017-01-18T01:24:11: 读取文件成功
2017-01-18T01:24:30: 读取文件成功
2017-01-18T01:24:31: 读取文件成功
2017-01-18T01:24:41: 读取文件成功
2017-01-18T01:24:51: 读取文件成功
2017-01-18T01:25:01: 读取文件成功
2017-01-18T01:25:11: 读取文件成功
2017-01-18T01:25:22: 读取文件成功
2017-01-18T01:25:31: 读取文件成功
2017-01-18T01:25:41: 读取文件成功
2017-01-18T01:25:51: 读取文件成功
2017-01-18T01:26:01: 读取文件成功
2017-01-18T01:26:11: 读取文件成功
2017-01-18T01:26:21: 读取文件成功
2017-01-18T01:26:31: 读取文件成功
2017-01-18T01:26:41: 读取文件成功
2017-01-18T01:26:51: 读取文件成功
2017-01-18T01:27:01: 读取文件成功
2017-01-18T01:27:11: 读取文件成功
2017-01-18T01:27:21: 读取文件成功
2017-01-18T01:27:31: 读取文件成功
2017-01-18T01:27:41: 读取文件成功
2017-01-18T01:27:51: 读取文件成功
2017-01-18T01:28:01: 读取文件成功
2017-01-18T01:28:11: 读取文件成功
2017-01-18T01:28:21: 读取文件成功
2017-01-18T01:28:32: 读取文件成功
2017-01-18T01:28:41: 读取文件成功
2017-01-18T01:28:51: 读取文件成功
2017-01-18T01:29:01: 读取文件成功
2017-01-18T01:29:11: 读取文件成功
2017-01-18T01:29:21: 读取文件成功
2017-01-18T01:29:31: 读取文件成功
2017-01-18T01:29:41: 读取文件成功
2017-01-18T01:29:51: 读取文件成功
2017-01-18T01:30:01: 读取文件成功
2017-01-18T01:30:11: 读取文件成功
2017-01-18T01:30:21: 读取文件成功
2017-01-18T01:30:31: 读取文件成功
2017-01-18T01:30:41: 读取文件成功
2017-01-18T01:30:51: 读取文件成功
2017-01-18T01:31:01: 读取文件成功
2017-01-18T01:31:11: 读取文件成功
2017-01-18T01:31:21: 读取文件成功
2017-01-18T01:31:31: 读取文件成功
2017-01-18T01:31:41: 读取文件成功
2017-01-18T01:31:51: 读取文件成功
2017-01-18T01:32:01: 读取文件成功
2017-01-18T01:32:11: 读取文件成功
2017-01-18T01:32:21: 读取文件成功
2017-01-18T01:32:31: 读取文件成功
2017-01-18T01:32:41: 读取文件成功
2017-01-18T01:32:51: 读取文件成功
2017-01-18T01:33:01: 读取文件成功
2017-01-18T01:33:11: 读取文件成功
2017-01-18T01:33:21: 读取文件成功
2017-01-18T01:33:31: 读取文件成功
2017-01-18T01:33:41: 读取文件成功
2017-01-18T01:33:51: 读取文件成功
2017-01-18T01:34:01: 读取文件成功
2017-01-18T01:34:11: 读取文件成功
2017-01-18T01:34:21: 读取文件成功
2017-01-18T01:34:31: 读取文件成功
2017-01-18T01:34:41: 读取文件成功
2017-01-18T01:34:51: 读取文件成功
2017-01-18T01:35:01: 读取文件成功
2017-01-18T01:35:11: 读取文件成功
2017-01-18T01:35:21: 读取文件成功
2017-01-18T01:35:31: 读取文件成功
2017-01-18T01:35:41: 读取文件成功
2017-01-18T01:35:51: 读取文件成功
2017-01-18T01:36:01: 读取文件成功
2017-01-18T01:36:11: 读取文件成功
2017-01-18T01:36:22: 读取文件成功
2017-01-18T01:36:31: 读取文件成功
2017-01-18T01:36:42: 读取文件成功
2017-01-18T01:36:51: 读取文件成功
2017-01-18T01:37:01: 读取文件成功
2017-01-18T01:37:11: 读取文件成功
2017-01-18T01:37:21: 读取文件成功
2017-01-18T01:37:31: 读取文件成功
2017-01-18T01:37:41: 读取文件成功
2017-01-18T01:37:51: 读取文件成功
2017-01-18T01:38:01: 读取文件成功
2017-01-18T01:38:12: 读取文件成功
2017-01-18T01:38:21: 读取文件成功
2017-01-18T01:38:32: 读取文件成功
2017-01-18T01:38:42: 读取文件成功
2017-01-18T01:38:52: 读取文件成功
2017-01-18T01:39:02: 读取文件成功
2017-01-18T01:39:12: 读取文件成功
2017-01-18T01:39:22: 读取文件成功
2017-01-18T01:39:32: 读取文件成功
2017-01-18T01:39:42: 读取文件成功
2017-01-18T01:39:52: 读取文件成功
2017-01-18T01:40:02: 读取文件成功
2017-01-18T01:40:12: 读取文件成功
2017-01-18T01:40:22: 读取文件成功
2017-01-18T01:40:32: 读取文件成功
2017-01-18T01:40:42: 读取文件成功
2017-01-18T01:40:52: 读取文件成功
2017-01-18T01:41:02: 读取文件成功
2017-01-18T01:41:12: 读取文件成功
2017-01-18T01:41:22: 读取文件成功
2017-01-18T01:41:32: 读取文件成功
2017-01-18T01:41:42: 读取文件成功
2017-01-18T01:41:52: 读取文件成功
2017-01-18T01:42:02: 读取文件成功
2017-01-18T01:42:12: 读取文件成功
2017-01-18T01:42:22: 读取文件成功
2017-01-18T01:42:32: 读取文件成功
2017-01-18T01:42:42: 读取文件成功
2017-01-18T01:42:52: 读取文件成功
2017-01-18T01:43:02: 读取文件成功
2017-01-18T01:43:12: 读取文件成功
2017-01-18T01:43:22: 读取文件成功
2017-01-18T01:43:32: 读取文件成功
2017-01-18T01:43:42: 读取文件成功
2017-01-18T01:43:52: 读取文件成功
2017-01-18T01:44:02: 读取文件成功
2017-01-18T01:44:12: 读取文件成功
2017-01-18T01:44:22: 读取文件成功
2017-01-18T01:44:32: 读取文件成功
2017-01-18T01:44:42: 读取文件成功
2017-01-18T01:44:52: 读取文件成功
2017-01-18T01:45:02: 读取文件成功
2017-01-18T01:45:12: 读取文件成功
2017-01-18T01:45:22: 读取文件成功
2017-01-18T01:45:32: 读取文件成功
2017-01-18T01:45:42: 读取文件成功
2017-01-18T01:45:52: 读取文件成功
2017-01-18T01:46:02: 读取文件成功
2017-01-18T01:46:12: 读取文件成功
2017-01-18T01:46:22: 读取文件成功
2017-01-18T01:46:32: 读取文件成功
2017-01-18T01:46:42: 读取文件成功
2017-01-18T01:46:52: 读取文件成功
2017-01-18T01:47:02: 读取文件成功
2017-01-18T01:47:12: 读取文件成功
2017-01-18T01:47:22: 读取文件成功
2017-01-18T01:47:32: 读取文件成功
2017-01-18T01:47:42: 读取文件成功
2017-01-18T01:47:52: 读取文件成功
2017-01-18T01:48:02: 读取文件成功
2017-01-18T01:48:12: 读取文件成功
2017-01-18T01:48:22: 读取文件成功
2017-01-18T01:48:32: 读取文件成功
2017-01-18T01:48:42: 读取文件成功
2017-01-18T01:48:52: 读取文件成功
2017-01-18T01:49:02: 读取文件成功
2017-01-18T01:49:12: 读取文件成功
2017-01-18T01:49:22: 读取文件成功
2017-01-18T01:49:32: 读取文件成功
2017-01-18T01:49:42: 读取文件成功
2017-01-18T01:49:52: 读取文件成功
2017-01-18T01:50:02: 读取文件成功
2017-01-18T01:50:12: 读取文件成功
2017-01-18T01:50:22: 读取文件成功
2017-01-18T01:50:32: 读取文件成功
2017-01-18T01:50:42: 读取文件成功
2017-01-18T01:50:52: 读取文件成功
2017-01-18T01:51:02: 读取文件成功
2017-01-18T01:51:12: 读取文件成功
2017-01-18T01:51:22: 读取文件成功
2017-01-18T01:51:32: 读取文件成功
2017-01-18T01:51:42: 读取文件成功
2017-01-18T01:51:52: 读取文件成功
2017-01-18T01:52:02: 读取文件成功
2017-01-18T01:52:12: 读取文件成功
2017-01-18T01:52:22: 读取文件成功
2017-01-18T01:52:32: 读取文件成功
2017-01-18T01:52:42: 读取文件成功
2017-01-18T01:52:52: 读取文件成功
2017-01-18T01:53:02: 读取文件成功
2017-01-18T01:53:12: 读取文件成功
2017-01-18T01:53:22: 读取文件成功
2017-01-18T01:53:32: 读取文件成功
2017-01-18T01:53:42: 读取文件成功
2017-01-18T01:53:52: 读取文件成功
2017-01-18T01:54:02: 读取文件成功
2017-01-18T01:54:12: 读取文件成功
2017-01-18T01:54:22: 读取文件成功
2017-01-18T01:54:32: 读取文件成功
2017-01-18T01:54:42: 读取文件成功
2017-01-18T01:54:52: 读取文件成功
2017-01-18T01:55:02: 读取文件成功
2017-01-18T01:55:12: 读取文件成功
2017-01-18T01:55:22: 读取文件成功
2017-01-18T01:55:32: 读取文件成功
2017-01-18T01:55:42: 读取文件成功
2017-01-18T01:55:52: 读取文件成功
2017-01-18T01:56:02: 读取文件成功
2017-01-18T01:56:13: 读取文件成功
2017-01-18T01:56:23: 读取文件成功
2017-01-18T01:56:33: 读取文件成功
2017-01-18T01:56:43: 读取文件成功
2017-01-18T01:56:53: 读取文件成功
2017-01-18T01:57:03: 读取文件成功
2017-01-18T01:57:13: 读取文件成功
2017-01-18T01:57:23: 读取文件成功
2017-01-18T01:57:33: 读取文件成功
2017-01-18T01:57:43: 读取文件成功
2017-01-18T01:57:53: 读取文件成功
2017-01-18T01:58:03: 读取文件成功
2017-01-18T01:58:13: 读取文件成功
2017-01-18T01:58:23: 读取文件成功
2017-01-18T01:58:33: 读取文件成功
2017-01-18T01:58:43: 读取文件成功
2017-01-18T01:58:53: 读取文件成功
2017-01-18T01:59:03: 读取文件成功
2017-01-18T01:59:13: 读取文件成功
2017-01-18T01:59:23: 读取文件成功
2017-01-18T01:59:33: 读取文件成功
2017-01-18T01:59:43: 读取文件成功
2017-01-18T01:59:53: 读取文件成功
2017-01-18T02:00:03: 读取文件成功
2017-01-18T02:00:13: 读取文件成功
2017-01-18T02:00:23: 读取文件成功
2017-01-18T02:00:33: 读取文件成功
2017-01-18T02:00:43: 读取文件成功
2017-01-18T02:00:53: 读取文件成功
2017-01-18T02:01:03: 读取文件成功
2017-01-18T02:01:13: 读取文件成功
2017-01-18T02:01:23: 读取文件成功
2017-01-18T02:01:33: 读取文件成功
2017-01-18T02:01:43: 读取文件成功
2017-01-18T02:01:53: 读取文件成功
2017-01-18T02:02:03: 读取文件成功
2017-01-18T02:02:13: 读取文件成功
2017-01-18T02:02:23: 读取文件成功
2017-01-18T02:02:33: 读取文件成功
2017-01-18T02:02:43: 读取文件成功
2017-01-18T02:02:53: 读取文件成功
2017-01-18T02:03:03: 读取文件成功
2017-01-18T02:03:13: 读取文件成功
2017-01-18T02:03:23: 读取文件成功
2017-01-18T02:03:33: 读取文件成功
2017-01-18T02:03:43: 读取文件成功
2017-01-18T02:03:53: 读取文件成功
2017-01-18T02:04:03: 读取文件成功
2017-01-18T02:04:13: 读取文件成功
2017-01-18T02:04:23: 读取文件成功
2017-01-18T02:04:33: 读取文件成功
2017-01-18T02:04:43: 读取文件成功
2017-01-18T02:04:53: 读取文件成功
2017-01-18T02:05:03: 读取文件成功
2017-01-18T02:05:13: 读取文件成功
2017-01-18T02:05:23: 读取文件成功
2017-01-18T02:05:33: 读取文件成功
2017-01-18T02:05:43: 读取文件成功
2017-01-18T02:05:53: 读取文件成功
2017-01-18T02:06:03: 读取文件成功
2017-01-18T02:06:13: 读取文件成功
2017-01-18T02:06:23: 读取文件成功
2017-01-18T02:06:33: 读取文件成功
2017-01-18T02:06:43: 读取文件成功
2017-01-18T02:06:53: 读取文件成功
2017-01-18T02:07:03: 读取文件成功
2017-01-18T02:07:13: 读取文件成功
2017-01-18T02:07:23: 读取文件成功
2017-01-18T02:07:33: 读取文件成功
2017-01-18T02:07:43: 读取文件成功
2017-01-18T02:07:53: 读取文件成功
2017-01-18T02:08:03: 读取文件成功
2017-01-18T02:08:13: 读取文件成功
2017-01-18T02:08:23: 读取文件成功
2017-01-18T02:08:33: 读取文件成功
2017-01-18T02:08:43: 读取文件成功
2017-01-18T02:08:53: 读取文件成功
2017-01-18T02:09:03: 读取文件成功
2017-01-18T02:09:13: 读取文件成功
2017-01-18T02:09:23: 读取文件成功
2017-01-18T02:09:33: 读取文件成功
2017-01-18T02:09:43: 读取文件成功
2017-01-18T02:09:53: 读取文件成功
2017-01-18T02:10:03: 读取文件成功
2017-01-18T02:10:13: 读取文件成功
2017-01-18T02:10:23: 读取文件成功
2017-01-18T02:10:33: 读取文件成功
2017-01-18T02:10:43: 读取文件成功
2017-01-18T02:10:53: 读取文件成功
2017-01-18T02:11:03: 读取文件成功
2017-01-18T02:11:13: 读取文件成功
2017-01-18T02:11:23: 读取文件成功
2017-01-18T02:11:33: 读取文件成功
2017-01-18T02:11:43: 读取文件成功
2017-01-18T02:11:53: 读取文件成功
2017-01-18T02:12:03: 读取文件成功
2017-01-18T02:12:13: 读取文件成功
2017-01-18T02:12:23: 读取文件成功
2017-01-18T02:12:33: 读取文件成功
2017-01-18T02:12:43: 读取文件成功
2017-01-18T02:12:53: 读取文件成功
2017-01-18T02:13:03: 读取文件成功
2017-01-18T02:13:13: 读取文件成功
2017-01-18T02:13:23: 读取文件成功
2017-01-18T02:13:33: 读取文件成功
2017-01-18T02:13:43: 读取文件成功
2017-01-18T02:13:53: 读取文件成功
2017-01-18T02:14:03: 读取文件成功
2017-01-18T02:14:13: 读取文件成功
2017-01-18T02:14:23: 读取文件成功
2017-01-18T02:14:33: 读取文件成功
2017-01-18T02:14:43: 读取文件成功
2017-01-18T02:14:53: 读取文件成功
2017-01-18T02:15:03: 读取文件成功
2017-01-18T02:15:13: 读取文件成功
2017-01-18T02:15:23: 读取文件成功
2017-01-18T02:15:34: 读取文件成功
2017-01-18T02:15:44: 读取文件成功
2017-01-18T02:15:54: 读取文件成功
2017-01-18T02:16:04: 读取文件成功
2017-01-18T02:16:14: 读取文件成功
2017-01-18T02:16:24: 读取文件成功
2017-01-18T02:16:34: 读取文件成功
2017-01-18T02:16:44: 读取文件成功
2017-01-18T02:16:54: 读取文件成功
2017-01-18T02:17:04: 读取文件成功
2017-01-18T02:17:14: 读取文件成功
2017-01-18T02:17:24: 读取文件成功
2017-01-18T02:17:34: 读取文件成功
2017-01-18T02:17:44: 读取文件成功
2017-01-18T02:17:54: 读取文件成功
2017-01-18T02:18:04: 读取文件成功
2017-01-18T02:18:14: 读取文件成功
2017-01-18T02:18:24: 读取文件成功
2017-01-18T02:18:34: 读取文件成功
2017-01-18T02:18:44: 读取文件成功
2017-01-18T02:18:54: 读取文件成功
2017-01-18T02:19:04: 读取文件成功
2017-01-18T02:19:14: 读取文件成功
2017-01-18T02:19:24: 读取文件成功
2017-01-18T02:19:34: 读取文件成功
2017-01-18T02:19:44: 读取文件成功
2017-01-18T02:19:54: 读取文件成功
2017-01-18T02:20:04: 读取文件成功
2017-01-18T02:20:14: 读取文件成功
2017-01-18T02:20:24: 读取文件成功
2017-01-18T02:20:34: 读取文件成功
2017-01-18T02:20:44: 读取文件成功
2017-01-18T02:20:54: 读取文件成功
2017-01-18T02:21:04: 读取文件成功
2017-01-18T02:21:14: 读取文件成功
2017-01-18T02:21:24: 读取文件成功
2017-01-18T02:21:34: 读取文件成功
2017-01-18T02:21:44: 读取文件成功
2017-01-18T02:21:54: 读取文件成功
2017-01-18T02:22:04: 读取文件成功
2017-01-18T02:22:14: 读取文件成功
2017-01-18T02:22:24: 读取文件成功
2017-01-18T02:22:34: 读取文件成功
2017-01-18T02:22:44: 读取文件成功
2017-01-18T02:22:54: 读取文件成功
2017-01-18T02:23:04: 读取文件成功
2017-01-18T02:23:14: 读取文件成功
2017-01-18T02:23:24: 读取文件成功
2017-01-18T02:23:34: 读取文件成功
2017-01-18T02:23:44: 读取文件成功
2017-01-18T02:23:54: 读取文件成功
2017-01-18T02:24:04: 读取文件成功
2017-01-18T02:24:14: 读取文件成功
2017-01-18T02:24:24: 读取文件成功
2017-01-18T02:24:34: 读取文件成功
2017-01-18T02:24:44: 读取文件成功
2017-01-18T02:24:54: 读取文件成功
2017-01-18T02:25:04: 读取文件成功
2017-01-18T02:25:14: 读取文件成功
2017-01-18T02:25:24: 读取文件成功
2017-01-18T02:25:34: 读取文件成功
2017-01-18T02:25:44: 读取文件成功
2017-01-18T02:25:54: 读取文件成功
2017-01-18T02:26:04: 读取文件成功
2017-01-18T02:26:14: 读取文件成功
2017-01-18T02:26:24: 读取文件成功
2017-01-18T02:26:34: 读取文件成功
2017-01-18T02:26:44: 读取文件成功
2017-01-18T02:26:54: 读取文件成功
2017-01-18T02:27:04: 读取文件成功
2017-01-18T02:27:14: 读取文件成功
2017-01-18T02:27:24: 读取文件成功
2017-01-18T02:27:34: 读取文件成功
2017-01-18T02:27:44: 读取文件成功
2017-01-18T02:27:54: 读取文件成功
2017-01-18T02:28:04: 读取文件成功
2017-01-18T02:28:14: 读取文件成功
2017-01-18T02:28:24: 读取文件成功
2017-01-18T02:28:34: 读取文件成功
2017-01-18T02:28:44: 读取文件成功
2017-01-18T02:28:54: 读取文件成功
2017-01-18T02:29:04: 读取文件成功
2017-01-18T02:29:14: 读取文件成功
2017-01-18T02:29:24: 读取文件成功
2017-01-18T02:29:34: 读取文件成功
2017-01-18T02:29:44: 读取文件成功
2017-01-18T02:29:54: 读取文件成功
2017-01-18T02:30:04: 读取文件成功
2017-01-18T02:30:14: 读取文件成功
2017-01-18T02:30:24: 读取文件成功
2017-01-18T02:30:34: 读取文件成功
2017-01-18T02:30:44: 读取文件成功
2017-01-18T02:30:54: 读取文件成功
2017-01-18T02:31:04: 读取文件成功
2017-01-18T02:31:15: 读取文件成功
2017-01-18T02:31:25: 读取文件成功
2017-01-18T02:31:35: 读取文件成功
2017-01-18T02:31:45: 读取文件成功
2017-01-18T02:31:55: 读取文件成功
2017-01-18T02:32:05: 读取文件成功
2017-01-18T02:32:15: 读取文件成功
2017-01-18T02:32:25: 读取文件成功
2017-01-18T02:32:35: 读取文件成功
2017-01-18T02:32:45: 读取文件成功
2017-01-18T02:32:55: 读取文件成功
2017-01-18T02:33:05: 读取文件成功
2017-01-18T02:33:15: 读取文件成功
2017-01-18T02:33:25: 读取文件成功
2017-01-18T02:33:35: 读取文件成功
2017-01-18T02:33:45: 读取文件成功
2017-01-18T02:33:55: 读取文件成功
2017-01-18T02:34:05: 读取文件成功
2017-01-18T02:34:15: 读取文件成功
2017-01-18T02:34:25: 读取文件成功
2017-01-18T02:34:35: 读取文件成功
2017-01-18T02:34:45: 读取文件成功
2017-01-18T02:34:55: 读取文件成功
2017-01-18T02:35:05: 读取文件成功
2017-01-18T02:35:15: 读取文件成功
2017-01-18T02:35:25: 读取文件成功
2017-01-18T02:35:35: 读取文件成功
2017-01-18T02:35:45: 读取文件成功
2017-01-18T02:35:55: 读取文件成功
2017-01-18T02:36:05: 读取文件成功
2017-01-18T02:36:15: 读取文件成功
2017-01-18T02:36:25: 读取文件成功
2017-01-18T02:36:35: 读取文件成功
2017-01-18T02:36:45: 读取文件成功
2017-01-18T02:36:55: 读取文件成功
2017-01-18T02:37:05: 读取文件成功
2017-01-18T02:37:15: 读取文件成功
2017-01-18T02:37:25: 读取文件成功
2017-01-18T02:37:35: 读取文件成功
2017-01-18T02:37:45: 读取文件成功
2017-01-18T02:37:55: 读取文件成功
2017-01-18T02:38:05: 读取文件成功
2017-01-18T02:38:15: 读取文件成功
2017-01-18T02:38:25: 读取文件成功
2017-01-18T02:38:35: 读取文件成功
2017-01-18T02:38:45: 读取文件成功
2017-01-18T02:38:55: 读取文件成功
2017-01-18T02:39:05: 读取文件成功
2017-01-18T02:39:15: 读取文件成功
2017-01-18T02:39:25: 读取文件成功
2017-01-18T02:39:35: 读取文件成功
2017-01-18T02:39:45: 读取文件成功
2017-01-18T02:39:55: 读取文件成功
2017-01-18T02:40:05: 读取文件成功
2017-01-18T02:40:15: 读取文件成功
2017-01-18T02:40:25: 读取文件成功
2017-01-18T02:40:35: 读取文件成功
2017-01-18T02:40:45: 读取文件成功
2017-01-18T02:40:55: 读取文件成功
2017-01-18T02:41:05: 读取文件成功
2017-01-18T02:41:15: 读取文件成功
2017-01-18T02:41:25: 读取文件成功
2017-01-18T02:41:35: 读取文件成功
2017-01-18T02:41:45: 读取文件成功
2017-01-18T02:41:55: 读取文件成功
2017-01-18T02:42:05: 读取文件成功
2017-01-18T02:42:15: 读取文件成功
2017-01-18T02:42:25: 读取文件成功
2017-01-18T02:42:35: 读取文件成功
2017-01-18T02:42:45: 读取文件成功
2017-01-18T02:42:55: 读取文件成功
2017-01-18T02:43:05: 读取文件成功
2017-01-18T02:43:15: 读取文件成功
2017-01-18T02:43:25: 读取文件成功
2017-01-18T02:43:35: 读取文件成功
2017-01-18T02:43:45: 读取文件成功
2017-01-18T02:43:55: 读取文件成功
2017-01-18T02:44:05: 读取文件成功
2017-01-18T02:44:15: 读取文件成功
2017-01-18T02:44:25: 读取文件成功
2017-01-18T02:44:35: 读取文件成功
2017-01-18T02:44:45: 读取文件成功
2017-01-18T02:44:55: 读取文件成功
2017-01-18T02:45:05: 读取文件成功
2017-01-18T02:45:15: 读取文件成功
2017-01-18T02:45:25: 读取文件成功
2017-01-18T02:45:35: 读取文件成功
2017-01-18T02:45:45: 读取文件成功
2017-01-18T02:45:55: 读取文件成功
2017-01-18T02:46:05: 读取文件成功
2017-01-18T02:46:15: 读取文件成功
2017-01-18T02:46:25: 读取文件成功
2017-01-18T02:46:35: 读取文件成功
2017-01-18T02:46:45: 读取文件成功
2017-01-18T02:46:55: 读取文件成功
2017-01-18T02:47:05: 读取文件成功
2017-01-18T02:47:15: 读取文件成功
2017-01-18T02:47:25: 读取文件成功
2017-01-18T02:47:35: 读取文件成功
2017-01-18T02:47:45: 读取文件成功
2017-01-18T02:47:55: 读取文件成功
2017-01-18T02:48:06: 读取文件成功
2017-01-18T02:48:16: 读取文件成功
2017-01-18T02:48:26: 读取文件成功
2017-01-18T02:48:36: 读取文件成功
2017-01-18T02:48:46: 读取文件成功
2017-01-18T02:48:56: 读取文件成功
2017-01-18T02:49:06: 读取文件成功
2017-01-18T02:49:16: 读取文件成功
2017-01-18T02:49:26: 读取文件成功
2017-01-18T02:49:36: 读取文件成功
2017-01-18T02:49:46: 读取文件成功
2017-01-18T02:49:56: 读取文件成功
2017-01-18T02:50:06: 读取文件成功
2017-01-18T02:50:16: 读取文件成功
2017-01-18T02:50:26: 读取文件成功
2017-01-18T02:50:36: 读取文件成功
2017-01-18T02:50:46: 读取文件成功
2017-01-18T02:50:56: 读取文件成功
2017-01-18T02:51:06: 读取文件成功
2017-01-18T02:51:16: 读取文件成功
2017-01-18T02:51:26: 读取文件成功
2017-01-18T02:51:36: 读取文件成功
2017-01-18T02:51:46: 读取文件成功
2017-01-18T02:51:56: 读取文件成功
2017-01-18T02:52:06: 读取文件成功
2017-01-18T02:52:16: 读取文件成功
2017-01-18T02:52:26: 读取文件成功
2017-01-18T02:52:36: 读取文件成功
2017-01-18T02:52:46: 读取文件成功
2017-01-18T02:52:56: 读取文件成功
2017-01-18T02:53:06: 读取文件成功
2017-01-18T02:53:16: 读取文件成功
2017-01-18T02:53:26: 读取文件成功
2017-01-18T02:53:36: 读取文件成功
2017-01-18T02:53:46: 读取文件成功
2017-01-18T02:53:56: 读取文件成功
2017-01-18T02:54:06: 读取文件成功
2017-01-18T02:54:16: 读取文件成功
2017-01-18T02:54:26: 读取文件成功
2017-01-18T02:54:36: 读取文件成功
2017-01-18T02:54:46: 读取文件成功
2017-01-18T02:54:56: 读取文件成功
2017-01-18T02:55:06: 读取文件成功
2017-01-18T02:55:16: 读取文件成功
2017-01-18T02:55:26: 读取文件成功
2017-01-18T02:55:36: 读取文件成功
2017-01-18T02:55:46: 读取文件成功
2017-01-18T02:55:56: 读取文件成功
2017-01-18T02:56:06: 读取文件成功
2017-01-18T02:56:16: 读取文件成功
2017-01-18T02:56:26: 读取文件成功
2017-01-18T02:56:36: 读取文件成功
2017-01-18T02:56:46: 读取文件成功
2017-01-18T02:56:56: 读取文件成功
2017-01-18T02:57:06: 读取文件成功
2017-01-18T02:57:16: 读取文件成功
2017-01-18T02:57:26: 读取文件成功
2017-01-18T02:57:36: 读取文件成功
2017-01-18T02:57:46: 读取文件成功
2017-01-18T02:57:56: 读取文件成功
2017-01-18T02:58:06: 读取文件成功
2017-01-18T02:58:16: 读取文件成功
2017-01-18T02:58:26: 读取文件成功
2017-01-18T02:58:36: 读取文件成功
2017-01-18T02:58:46: 读取文件成功
2017-01-18T02:58:56: 读取文件成功
2017-01-18T02:59:06: 读取文件成功
2017-01-18T02:59:16: 读取文件成功
2017-01-18T02:59:26: 读取文件成功
2017-01-18T02:59:36: 读取文件成功
2017-01-18T02:59:46: 读取文件成功
2017-01-18T02:59:56: 读取文件成功
2017-01-18T03:00:06: 读取文件成功
2017-01-18T03:00:16: 读取文件成功
2017-01-18T03:00:26: 读取文件成功
2017-01-18T03:00:36: 读取文件成功
2017-01-18T03:00:46: 读取文件成功
2017-01-18T03:00:56: 读取文件成功
2017-01-18T03:01:06: 读取文件成功
2017-01-18T03:01:16: 读取文件成功
2017-01-18T03:01:32: 读取文件成功
2017-01-18T03:01:39: 读取文件成功
2017-01-18T03:01:46: 读取文件成功
2017-01-18T03:01:56: 读取文件成功
2017-01-18T03:02:06: 读取文件成功
2017-01-18T03:02:16: 读取文件成功
2017-01-18T03:02:26: 读取文件成功
2017-01-18T03:02:36: 读取文件成功
2017-01-18T03:02:46: 读取文件成功
2017-01-18T03:02:56: 读取文件成功
2017-01-18T03:03:06: 读取文件成功
2017-01-18T03:03:16: 读取文件成功
2017-01-18T03:03:26: 读取文件成功
2017-01-18T03:03:36: 读取文件成功
2017-01-18T03:03:46: 读取文件成功
2017-01-18T03:03:57: 读取文件成功
2017-01-18T03:04:06: 读取文件成功
2017-01-18T03:04:16: 读取文件成功
2017-01-18T03:04:26: 读取文件成功
2017-01-18T03:04:36: 读取文件成功
2017-01-18T03:04:46: 读取文件成功
2017-01-18T03:04:56: 读取文件成功
2017-01-18T03:05:07: 读取文件成功
2017-01-18T03:05:17: 读取文件成功
2017-01-18T03:05:27: 读取文件成功
2017-01-18T03:05:37: 读取文件成功
2017-01-18T03:05:47: 读取文件成功
2017-01-18T03:05:57: 读取文件成功
2017-01-18T03:06:07: 读取文件成功
2017-01-18T03:06:17: 读取文件成功
2017-01-18T03:06:27: 读取文件成功
2017-01-18T03:06:37: 读取文件成功
2017-01-18T03:06:47: 读取文件成功
2017-01-18T03:06:57: 读取文件成功
2017-01-18T03:07:07: 读取文件成功
2017-01-18T03:07:17: 读取文件成功
2017-01-18T03:07:27: 读取文件成功
2017-01-18T03:07:37: 读取文件成功
2017-01-18T03:07:47: 读取文件成功
2017-01-18T03:07:57: 读取文件成功
2017-01-18T03:08:07: 读取文件成功
2017-01-18T03:08:17: 读取文件成功
2017-01-18T03:08:27: 读取文件成功
2017-01-18T03:08:37: 读取文件成功
2017-01-18T03:08:47: 读取文件成功
2017-01-18T03:08:57: 读取文件成功
2017-01-18T03:09:07: 读取文件成功
2017-01-18T03:09:17: 读取文件成功
2017-01-18T03:09:27: 读取文件成功
2017-01-18T03:09:37: 读取文件成功
2017-01-18T03:09:47: 读取文件成功
2017-01-18T03:09:57: 读取文件成功
2017-01-18T03:10:07: 读取文件成功
2017-01-18T03:10:17: 读取文件成功
2017-01-18T03:10:27: 读取文件成功
2017-01-18T03:10:37: 读取文件成功
2017-01-18T03:10:47: 读取文件成功
2017-01-18T03:10:57: 读取文件成功
2017-01-18T03:11:07: 读取文件成功
2017-01-18T03:11:17: 读取文件成功
2017-01-18T03:11:27: 读取文件成功
2017-01-18T03:11:37: 读取文件成功
2017-01-18T03:11:47: 读取文件成功
2017-01-18T03:11:57: 读取文件成功
2017-01-18T03:12:07: 读取文件成功
2017-01-18T03:12:17: 读取文件成功
2017-01-18T03:12:27: 读取文件成功
2017-01-18T03:12:37: 读取文件成功
2017-01-18T03:12:47: 读取文件成功
2017-01-18T03:12:57: 读取文件成功
2017-01-18T03:13:07: 读取文件成功
2017-01-18T03:13:17: 读取文件成功
2017-01-18T03:13:27: 读取文件成功
2017-01-18T03:13:37: 读取文件成功
2017-01-18T03:13:47: 读取文件成功
2017-01-18T03:13:57: 读取文件成功
2017-01-18T03:14:07: 读取文件成功
2017-01-18T03:14:17: 读取文件成功
2017-01-18T03:14:27: 读取文件成功
2017-01-18T03:14:37: 读取文件成功
2017-01-18T03:14:47: 读取文件成功
2017-01-18T03:14:57: 读取文件成功
2017-01-18T03:15:07: 读取文件成功
2017-01-18T03:15:17: 读取文件成功
2017-01-18T03:15:27: 读取文件成功
2017-01-18T03:15:37: 读取文件成功
2017-01-18T03:15:47: 读取文件成功
2017-01-18T03:15:57: 读取文件成功
2017-01-18T03:16:07: 读取文件成功
2017-01-18T03:16:17: 读取文件成功
2017-01-18T03:16:27: 读取文件成功
2017-01-18T03:16:37: 读取文件成功
2017-01-18T03:16:47: 读取文件成功
2017-01-18T03:16:57: 读取文件成功
2017-01-18T03:17:07: 读取文件成功
2017-01-18T03:17:17: 读取文件成功
2017-01-18T03:17:27: 读取文件成功
2017-01-18T03:17:37: 读取文件成功
2017-01-18T03:17:47: 读取文件成功
2017-01-18T03:17:57: 读取文件成功
2017-01-18T03:18:07: 读取文件成功
2017-01-18T03:18:17: 读取文件成功
2017-01-18T03:18:27: 读取文件成功
2017-01-18T03:18:37: 读取文件成功
2017-01-18T03:18:47: 读取文件成功
2017-01-18T03:18:57: 读取文件成功
2017-01-18T03:19:07: 读取文件成功
2017-01-18T03:19:17: 读取文件成功
2017-01-18T03:19:27: 读取文件成功
2017-01-18T03:19:37: 读取文件成功
2017-01-18T03:19:47: 读取文件成功
2017-01-18T03:19:57: 读取文件成功
2017-01-18T03:20:07: 读取文件成功
2017-01-18T03:20:17: 读取文件成功
2017-01-18T03:20:27: 读取文件成功
2017-01-18T03:20:37: 读取文件成功
2017-01-18T03:20:47: 读取文件成功
2017-01-18T03:20:57: 读取文件成功
2017-01-18T03:21:08: 读取文件成功
2017-01-18T03:21:17: 读取文件成功
2017-01-18T03:21:28: 读取文件成功
2017-01-18T03:21:38: 读取文件成功
2017-01-18T03:21:48: 读取文件成功
2017-01-18T03:21:58: 读取文件成功
2017-01-18T03:22:08: 读取文件成功
2017-01-18T03:22:18: 读取文件成功
2017-01-18T03:22:28: 读取文件成功
2017-01-18T03:22:38: 读取文件成功
2017-01-18T03:22:48: 读取文件成功
2017-01-18T03:22:58: 读取文件成功
2017-01-18T03:23:08: 读取文件成功
2017-01-18T03:23:18: 读取文件成功
2017-01-18T03:23:28: 读取文件成功
2017-01-18T03:23:38: 读取文件成功
2017-01-18T03:23:48: 读取文件成功
2017-01-18T03:23:58: 读取文件成功
2017-01-18T03:24:08: 读取文件成功
2017-01-18T03:24:18: 读取文件成功
2017-01-18T03:24:28: 读取文件成功
2017-01-18T03:24:38: 读取文件成功
2017-01-18T03:24:48: 读取文件成功
2017-01-18T03:24:58: 读取文件成功
2017-01-18T03:25:08: 读取文件成功
2017-01-18T03:25:18: 读取文件成功
2017-01-18T03:25:28: 读取文件成功
2017-01-18T03:25:38: 读取文件成功
2017-01-18T03:25:48: 读取文件成功
2017-01-18T03:25:58: 读取文件成功
2017-01-18T03:26:08: 读取文件成功
2017-01-18T03:26:18: 读取文件成功
2017-01-18T03:26:28: 读取文件成功
2017-01-18T03:26:38: 读取文件成功
2017-01-18T03:26:48: 读取文件成功
2017-01-18T03:26:58: 读取文件成功
2017-01-18T03:27:08: 读取文件成功
2017-01-18T03:27:18: 读取文件成功
2017-01-18T03:27:28: 读取文件成功
2017-01-18T03:27:38: 读取文件成功
2017-01-18T03:27:48: 读取文件成功
2017-01-18T03:27:58: 读取文件成功
2017-01-18T03:28:08: 读取文件成功
2017-01-18T03:28:18: 读取文件成功
2017-01-18T03:28:28: 读取文件成功
2017-01-18T03:28:38: 读取文件成功
2017-01-18T03:28:48: 读取文件成功
2017-01-18T03:28:58: 读取文件成功
2017-01-18T03:29:08: 读取文件成功
2017-01-18T03:29:18: 读取文件成功
2017-01-18T03:29:28: 读取文件成功
2017-01-18T03:29:38: 读取文件成功
2017-01-18T03:29:48: 读取文件成功
2017-01-18T03:29:58: 读取文件成功
2017-01-18T03:30:08: 读取文件成功
2017-01-18T03:30:18: 读取文件成功
2017-01-18T03:30:28: 读取文件成功
2017-01-18T03:30:38: 读取文件成功
2017-01-18T03:30:48: 读取文件成功
2017-01-18T03:30:58: 读取文件成功
2017-01-18T03:31:08: 读取文件成功
2017-01-18T03:31:18: 读取文件成功
2017-01-18T03:31:28: 读取文件成功
2017-01-18T03:31:38: 读取文件成功
2017-01-18T03:31:48: 读取文件成功
2017-01-18T03:31:58: 读取文件成功
2017-01-18T03:32:08: 读取文件成功
2017-01-18T03:32:18: 读取文件成功
2017-01-18T03:32:28: 读取文件成功
2017-01-18T03:32:38: 读取文件成功
2017-01-18T03:32:48: 读取文件成功
2017-01-18T03:32:58: 读取文件成功
2017-01-18T03:33:08: 读取文件成功
2017-01-18T03:33:18: 读取文件成功
2017-01-18T03:33:28: 读取文件成功
2017-01-18T03:33:38: 读取文件成功
2017-01-18T03:33:48: 读取文件成功
2017-01-18T03:33:58: 读取文件成功
2017-01-18T03:34:08: 读取文件成功
2017-01-18T03:34:18: 读取文件成功
2017-01-18T03:34:28: 读取文件成功
2017-01-18T03:34:38: 读取文件成功
2017-01-18T03:34:48: 读取文件成功
2017-01-18T03:34:58: 读取文件成功
2017-01-18T03:35:08: 读取文件成功
2017-01-18T03:35:18: 读取文件成功
2017-01-18T03:35:28: 读取文件成功
2017-01-18T03:35:38: 读取文件成功
2017-01-18T03:35:48: 读取文件成功
2017-01-18T03:35:58: 读取文件成功
2017-01-18T03:36:08: 读取文件成功
2017-01-18T03:36:18: 读取文件成功
2017-01-18T03:36:28: 读取文件成功
2017-01-18T03:36:38: 读取文件成功
2017-01-18T03:36:48: 读取文件成功
2017-01-18T03:36:58: 读取文件成功
2017-01-18T03:37:08: 读取文件成功
2017-01-18T03:37:18: 读取文件成功
2017-01-18T03:37:28: 读取文件成功
2017-01-18T03:37:38: 读取文件成功
2017-01-18T03:37:48: 读取文件成功
2017-01-18T03:37:58: 读取文件成功
2017-01-18T03:38:08: 读取文件成功
2017-01-18T03:38:18: 读取文件成功
2017-01-18T03:38:28: 读取文件成功
2017-01-18T03:38:38: 读取文件成功
2017-01-18T03:38:48: 读取文件成功
2017-01-18T03:38:59: 读取文件成功
2017-01-18T03:39:09: 读取文件成功
2017-01-18T03:39:18: 读取文件成功
2017-01-18T03:39:29: 读取文件成功
2017-01-18T03:39:39: 读取文件成功
2017-01-18T03:39:49: 读取文件成功
2017-01-18T03:39:59: 读取文件成功
2017-01-18T03:40:09: 读取文件成功
2017-01-18T03:40:19: 读取文件成功
2017-01-18T03:40:29: 读取文件成功
2017-01-18T03:40:39: 读取文件成功
2017-01-18T03:40:49: 读取文件成功
2017-01-18T03:40:59: 读取文件成功
2017-01-18T03:41:09: 读取文件成功
2017-01-18T03:41:19: 读取文件成功
2017-01-18T03:41:29: 读取文件成功
2017-01-18T03:41:39: 读取文件成功
2017-01-18T03:41:49: 读取文件成功
2017-01-18T03:41:59: 读取文件成功
2017-01-18T03:42:09: 读取文件成功
2017-01-18T03:42:19: 读取文件成功
2017-01-18T03:42:29: 读取文件成功
2017-01-18T03:42:39: 读取文件成功
2017-01-18T03:42:49: 读取文件成功
2017-01-18T03:42:59: 读取文件成功
2017-01-18T03:43:09: 读取文件成功
2017-01-18T03:43:19: 读取文件成功
2017-01-18T03:43:29: 读取文件成功
2017-01-18T03:43:39: 读取文件成功
2017-01-18T03:43:49: 读取文件成功
2017-01-18T03:43:59: 读取文件成功
2017-01-18T03:44:09: 读取文件成功
2017-01-18T03:44:19: 读取文件成功
2017-01-18T03:44:29: 读取文件成功
2017-01-18T03:44:39: 读取文件成功
2017-01-18T03:44:49: 读取文件成功
2017-01-18T03:44:59: 读取文件成功
2017-01-18T03:45:09: 读取文件成功
2017-01-18T03:45:19: 读取文件成功
2017-01-18T03:45:29: 读取文件成功
2017-01-18T03:45:39: 读取文件成功
2017-01-18T03:45:49: 读取文件成功
2017-01-18T03:45:59: 读取文件成功
2017-01-18T03:46:09: 读取文件成功
2017-01-18T03:46:19: 读取文件成功
2017-01-18T03:46:29: 读取文件成功
2017-01-18T03:46:39: 读取文件成功
2017-01-18T03:46:49: 读取文件成功
2017-01-18T03:46:59: 读取文件成功
2017-01-18T03:47:09: 读取文件成功
2017-01-18T03:47:19: 读取文件成功
2017-01-18T03:47:29: 读取文件成功
2017-01-18T03:47:39: 读取文件成功
2017-01-18T03:47:49: 读取文件成功
2017-01-18T03:47:59: 读取文件成功
2017-01-18T03:48:09: 读取文件成功
2017-01-18T03:48:19: 读取文件成功
2017-01-18T03:48:29: 读取文件成功
2017-01-18T03:48:39: 读取文件成功
2017-01-18T03:48:49: 读取文件成功
2017-01-18T03:48:59: 读取文件成功
2017-01-18T03:49:09: 读取文件成功
2017-01-18T03:49:19: 读取文件成功
2017-01-18T03:49:29: 读取文件成功
2017-01-18T03:49:39: 读取文件成功
2017-01-18T03:49:49: 读取文件成功
2017-01-18T03:49:59: 读取文件成功
2017-01-18T03:50:09: 读取文件成功
2017-01-18T03:50:19: 读取文件成功
2017-01-18T03:50:29: 读取文件成功
2017-01-18T03:50:39: 读取文件成功
2017-01-18T03:50:49: 读取文件成功
2017-01-18T03:50:59: 读取文件成功
2017-01-18T03:51:09: 读取文件成功
2017-01-18T03:51:19: 读取文件成功
2017-01-18T03:51:29: 读取文件成功
2017-01-18T03:51:39: 读取文件成功
2017-01-18T03:51:49: 读取文件成功
2017-01-18T03:51:59: 读取文件成功
2017-01-18T03:52:09: 读取文件成功
2017-01-18T03:52:19: 读取文件成功
2017-01-18T03:52:29: 读取文件成功
2017-01-18T03:52:39: 读取文件成功
2017-01-18T03:52:49: 读取文件成功
2017-01-18T03:52:59: 读取文件成功
2017-01-18T03:53:09: 读取文件成功
2017-01-18T03:53:19: 读取文件成功
2017-01-18T03:53:29: 读取文件成功
2017-01-18T03:53:39: 读取文件成功
2017-01-18T03:53:49: 读取文件成功
2017-01-18T03:53:59: 读取文件成功
2017-01-18T03:54:09: 读取文件成功
2017-01-18T03:54:19: 读取文件成功
2017-01-18T03:54:29: 读取文件成功
2017-01-18T03:54:39: 读取文件成功
2017-01-18T03:54:49: 读取文件成功
2017-01-18T03:54:59: 读取文件成功
2017-01-18T03:55:09: 读取文件成功
2017-01-18T03:55:19: 读取文件成功
2017-01-18T03:55:29: 读取文件成功
2017-01-18T03:55:39: 读取文件成功
2017-01-18T03:55:49: 读取文件成功
2017-01-18T03:55:59: 读取文件成功
2017-01-18T03:56:09: 读取文件成功
2017-01-18T03:56:19: 读取文件成功
2017-01-18T03:56:29: 读取文件成功
2017-01-18T03:56:39: 读取文件成功
2017-01-18T03:56:49: 读取文件成功
2017-01-18T03:57:00: 读取文件成功
2017-01-18T03:57:10: 读取文件成功
2017-01-18T03:57:20: 读取文件成功
2017-01-18T03:57:30: 读取文件成功
2017-01-18T03:57:40: 读取文件成功
2017-01-18T03:57:50: 读取文件成功
2017-01-18T03:58:00: 读取文件成功
2017-01-18T03:58:10: 读取文件成功
2017-01-18T03:58:20: 读取文件成功
2017-01-18T03:58:30: 读取文件成功
2017-01-18T03:58:40: 读取文件成功
2017-01-18T03:58:50: 读取文件成功
2017-01-18T03:59:00: 读取文件成功
2017-01-18T03:59:10: 读取文件成功
