2017-06-11T00:00:31: 非记录时间：2017-06-11T00:00:31+08:00
2017-06-11T00:01:31: 非记录时间：2017-06-11T00:01:31+08:00
2017-06-11T00:02:31: 非记录时间：2017-06-11T00:02:31+08:00
2017-06-11T00:03:31: 非记录时间：2017-06-11T00:03:31+08:00
2017-06-11T00:04:31: 非记录时间：2017-06-11T00:04:31+08:00
2017-06-11T00:05:31: 非记录时间：2017-06-11T00:05:31+08:00
2017-06-11T00:06:31: 非记录时间：2017-06-11T00:06:31+08:00
2017-06-11T00:07:31: 非记录时间：2017-06-11T00:07:31+08:00
2017-06-11T00:08:31: 非记录时间：2017-06-11T00:08:31+08:00
2017-06-11T00:09:31: 非记录时间：2017-06-11T00:09:31+08:00
2017-06-11T00:10:31: 非记录时间：2017-06-11T00:10:31+08:00
2017-06-11T00:11:31: 非记录时间：2017-06-11T00:11:31+08:00
2017-06-11T00:12:31: 非记录时间：2017-06-11T00:12:31+08:00
2017-06-11T00:13:31: 非记录时间：2017-06-11T00:13:31+08:00
2017-06-11T00:14:31: 非记录时间：2017-06-11T00:14:31+08:00
2017-06-11T00:15:31: 非记录时间：2017-06-11T00:15:31+08:00
2017-06-11T00:16:31: 非记录时间：2017-06-11T00:16:31+08:00
2017-06-11T00:17:31: 非记录时间：2017-06-11T00:17:31+08:00
2017-06-11T00:18:31: 非记录时间：2017-06-11T00:18:31+08:00
2017-06-11T00:19:31: 非记录时间：2017-06-11T00:19:31+08:00
2017-06-11T00:20:31: 非记录时间：2017-06-11T00:20:31+08:00
2017-06-11T00:21:31: 非记录时间：2017-06-11T00:21:31+08:00
2017-06-11T00:22:31: 非记录时间：2017-06-11T00:22:31+08:00
2017-06-11T00:23:31: 非记录时间：2017-06-11T00:23:31+08:00
2017-06-11T00:24:31: 非记录时间：2017-06-11T00:24:31+08:00
2017-06-11T00:25:31: 非记录时间：2017-06-11T00:25:31+08:00
2017-06-11T00:26:31: 非记录时间：2017-06-11T00:26:31+08:00
2017-06-11T00:27:31: 非记录时间：2017-06-11T00:27:31+08:00
2017-06-11T00:28:31: 非记录时间：2017-06-11T00:28:31+08:00
2017-06-11T00:29:31: 非记录时间：2017-06-11T00:29:31+08:00
2017-06-11T00:30:31: 非记录时间：2017-06-11T00:30:31+08:00
2017-06-11T00:31:31: 非记录时间：2017-06-11T00:31:31+08:00
2017-06-11T00:32:31: 非记录时间：2017-06-11T00:32:31+08:00
2017-06-11T00:33:31: 非记录时间：2017-06-11T00:33:31+08:00
2017-06-11T00:34:31: 非记录时间：2017-06-11T00:34:31+08:00
2017-06-11T00:35:31: 非记录时间：2017-06-11T00:35:31+08:00
2017-06-11T00:36:31: 非记录时间：2017-06-11T00:36:31+08:00
2017-06-11T00:37:31: 非记录时间：2017-06-11T00:37:31+08:00
2017-06-11T00:38:31: 非记录时间：2017-06-11T00:38:31+08:00
2017-06-11T00:39:31: 非记录时间：2017-06-11T00:39:31+08:00
2017-06-11T00:40:31: 非记录时间：2017-06-11T00:40:31+08:00
2017-06-11T00:41:31: 非记录时间：2017-06-11T00:41:31+08:00
2017-06-11T00:42:31: 非记录时间：2017-06-11T00:42:31+08:00
2017-06-11T00:43:31: 非记录时间：2017-06-11T00:43:31+08:00
2017-06-11T00:44:31: 非记录时间：2017-06-11T00:44:31+08:00
2017-06-11T00:45:31: 非记录时间：2017-06-11T00:45:31+08:00
2017-06-11T00:46:31: 非记录时间：2017-06-11T00:46:31+08:00
2017-06-11T00:47:31: 非记录时间：2017-06-11T00:47:31+08:00
2017-06-11T00:48:31: 非记录时间：2017-06-11T00:48:31+08:00
2017-06-11T00:49:31: 非记录时间：2017-06-11T00:49:31+08:00
2017-06-11T00:50:31: 非记录时间：2017-06-11T00:50:31+08:00
2017-06-11T00:51:31: 非记录时间：2017-06-11T00:51:31+08:00
2017-06-11T00:52:31: 非记录时间：2017-06-11T00:52:31+08:00
2017-06-11T00:53:31: 非记录时间：2017-06-11T00:53:31+08:00
2017-06-11T00:54:31: 非记录时间：2017-06-11T00:54:31+08:00
2017-06-11T00:55:31: 非记录时间：2017-06-11T00:55:31+08:00
2017-06-11T00:56:31: 非记录时间：2017-06-11T00:56:31+08:00
2017-06-11T00:57:31: 非记录时间：2017-06-11T00:57:31+08:00
2017-06-11T00:58:31: 非记录时间：2017-06-11T00:58:31+08:00
2017-06-11T00:59:31: 非记录时间：2017-06-11T00:59:31+08:00
2017-06-11T01:00:31: 非记录时间：2017-06-11T01:00:31+08:00
2017-06-11T01:01:31: 非记录时间：2017-06-11T01:01:31+08:00
2017-06-11T01:02:31: 非记录时间：2017-06-11T01:02:31+08:00
2017-06-11T01:03:31: 非记录时间：2017-06-11T01:03:31+08:00
2017-06-11T01:04:31: 非记录时间：2017-06-11T01:04:31+08:00
2017-06-11T01:05:31: 非记录时间：2017-06-11T01:05:31+08:00
2017-06-11T01:06:31: 非记录时间：2017-06-11T01:06:31+08:00
2017-06-11T01:07:31: 非记录时间：2017-06-11T01:07:31+08:00
2017-06-11T01:08:31: 非记录时间：2017-06-11T01:08:31+08:00
2017-06-11T01:09:31: 非记录时间：2017-06-11T01:09:31+08:00
2017-06-11T01:10:31: 非记录时间：2017-06-11T01:10:31+08:00
2017-06-11T01:13:39: 读取文件失败，可能是该文件不存在
2017-06-11T01:13:39: Error: ENOENT: no such file or directory, open './data/2017-06-11.json'
2017-06-11T01:14:44: 读取文件成功
2017-06-11T01:16:37: 读取文件成功
2017-06-11T01:17:04: 读取文件成功
2017-06-11T01:18:02: 读取文件成功
2017-06-11T01:19:36: 读取文件成功
2017-06-11T01:20:34: 读取文件成功
2017-06-11T01:21:55: 读取文件成功
2017-06-11T01:22:34: 读取文件成功
2017-06-11T01:23:32: 读取文件成功
2017-06-11T01:24:36: 读取文件成功
2017-06-11T01:26:03: 读取文件成功
2017-06-11T01:27:00: 读取文件成功
2017-06-11T01:28:35: 读取文件成功
2017-06-11T01:30:31: 读取文件成功
2017-06-11T01:30:48: 读取文件成功
2017-06-11T01:34:59: 读取文件成功
2017-06-11T01:35:40: 读取文件成功
2017-06-11T01:36:39: 读取文件成功
2017-06-11T01:37:38: 读取文件成功
2017-06-11T01:38:35: 读取文件成功
2017-06-11T01:39:35: 读取文件成功
2017-06-11T01:40:43: 读取文件成功
2017-06-11T01:45:53: 读取文件成功
2017-06-11T01:46:33: 读取文件成功
2017-06-11T01:48:32: 读取文件成功
2017-06-11T01:51:40: 读取文件成功
2017-06-11T01:52:35: 读取文件成功
2017-06-11T01:53:33: 读取文件成功
2017-06-11T01:54:34: 读取文件成功
2017-06-11T01:56:48: 读取文件成功
2017-06-11T01:58:43: 读取文件成功
2017-06-11T01:59:32: 读取文件成功
2017-06-11T02:00:40: 读取文件成功
2017-06-11T02:01:35: 读取文件成功
2017-06-11T02:02:50: 读取文件成功
2017-06-11T02:03:40: 读取文件成功
2017-06-11T02:05:37: 读取文件成功
2017-06-11T02:06:32: 读取文件成功
2017-06-11T02:07:34: 读取文件成功
2017-06-11T02:08:34: 读取文件成功
2017-06-11T02:09:45: 读取文件成功
2017-06-11T02:11:02: 读取文件成功
2017-06-11T02:12:47: 读取文件成功
2017-06-11T02:13:34: 读取文件成功
2017-06-11T02:14:34: 读取文件成功
2017-06-11T02:16:34: 读取文件成功
2017-06-11T02:18:35: 读取文件成功
2017-06-11T02:18:37: 读取文件成功
2017-06-11T02:19:38: 读取文件成功
2017-06-11T02:20:49: 读取文件成功
2017-06-11T02:22:40: 读取文件成功
2017-06-11T02:25:37: 读取文件成功
2017-06-11T02:26:42: 读取文件成功
2017-06-11T02:27:32: 读取文件成功
2017-06-11T02:28:34: 读取文件成功
2017-06-11T02:29:36: 读取文件成功
2017-06-11T02:30:32: 读取文件成功
2017-06-11T02:31:36: 读取文件成功
2017-06-11T02:32:34: 读取文件成功
2017-06-11T02:33:33: 读取文件成功
2017-06-11T02:34:34: 读取文件成功
2017-06-11T02:35:33: 读取文件成功
2017-06-11T02:38:40: 读取文件成功
2017-06-11T02:40:33: 读取文件成功
2017-06-11T02:43:02: 读取文件成功
2017-06-11T02:43:39: 读取文件成功
2017-06-11T02:43:49: 读取文件成功
2017-06-11T02:45:43: 读取文件成功
2017-06-11T02:46:37: 读取文件成功
2017-06-11T02:48:33: 读取文件成功
2017-06-11T02:48:39: 读取文件成功
2017-06-11T02:49:33: 读取文件成功
2017-06-11T02:52:33: 读取文件成功
2017-06-11T02:52:36: 读取文件成功
2017-06-11T02:54:04: 读取文件成功
2017-06-11T02:54:46: 读取文件成功
2017-06-11T02:55:35: 读取文件成功
2017-06-11T02:56:36: 读取文件成功
2017-06-11T02:57:39: 读取文件成功
2017-06-11T02:58:51: 读取文件成功
2017-06-11T02:59:50: 读取文件成功
2017-06-11T03:00:32: 读取文件成功
2017-06-11T03:03:38: 读取文件成功
2017-06-11T03:04:35: 读取文件成功
2017-06-11T03:06:33: 读取文件成功
2017-06-11T03:07:47: 读取文件成功
2017-06-11T03:08:33: 读取文件成功
2017-06-11T03:09:34: 读取文件成功
2017-06-11T03:10:42: 读取文件成功
2017-06-11T03:11:33: 读取文件成功
2017-06-11T03:13:35: 读取文件成功
2017-06-11T03:13:38: 读取文件成功
2017-06-11T03:14:36: 读取文件成功
2017-06-11T03:15:34: 读取文件成功
2017-06-11T03:17:04: 读取文件成功
2017-06-11T03:17:39: 读取文件成功
2017-06-11T03:18:33: 读取文件成功
2017-06-11T03:21:23: 读取文件成功
2017-06-11T03:21:34: 读取文件成功
2017-06-11T03:23:56: 读取文件成功
2017-06-11T03:24:33: 读取文件成功
2017-06-11T03:25:33: 读取文件成功
2017-06-11T03:27:35: 读取文件成功
2017-06-11T03:29:04: 读取文件成功
2017-06-11T03:29:33: 读取文件成功
2017-06-11T03:30:33: 读取文件成功
2017-06-11T03:31:36: 读取文件成功
2017-06-11T03:32:33: 读取文件成功
2017-06-11T03:33:34: 读取文件成功
2017-06-11T03:35:06: 读取文件成功
2017-06-11T03:35:33: 读取文件成功
2017-06-11T03:36:34: 读取文件成功
2017-06-11T03:37:42: 读取文件成功
2017-06-11T03:39:06: 读取文件成功
2017-06-11T03:39:35: 读取文件成功
2017-06-11T03:40:35: 读取文件成功
2017-06-11T03:41:33: 读取文件成功
2017-06-11T03:42:34: 读取文件成功
2017-06-11T03:43:34: 读取文件成功
2017-06-11T03:44:35: 读取文件成功
2017-06-11T03:45:33: 读取文件成功
2017-06-11T03:46:34: 读取文件成功
2017-06-11T03:47:37: 读取文件成功
2017-06-11T03:48:35: 读取文件成功
2017-06-11T03:49:33: 读取文件成功
2017-06-11T03:50:33: 读取文件成功
2017-06-11T03:51:38: 读取文件成功
2017-06-11T03:52:33: 读取文件成功
2017-06-11T03:53:34: 读取文件成功
2017-06-11T03:54:36: 读取文件成功
2017-06-11T03:56:51: 读取文件成功
2017-06-11T03:57:39: 读取文件成功
2017-06-11T03:57:48: 读取文件成功
2017-06-11T03:58:37: 读取文件成功
2017-06-11T03:59:33: 读取文件成功
2017-06-11T04:00:40: 读取文件成功
2017-06-11T04:02:50: 读取文件成功
2017-06-11T04:03:38: 读取文件成功
2017-06-11T04:04:39: 读取文件成功
2017-06-11T04:05:41: 读取文件成功
2017-06-11T04:06:41: 读取文件成功
2017-06-11T04:08:29: 读取文件成功
2017-06-11T04:08:41: 读取文件成功
2017-06-11T04:10:33: 读取文件成功
2017-06-11T04:10:37: 读取文件成功
2017-06-11T04:11:39: 读取文件成功
2017-06-11T04:12:36: 读取文件成功
2017-06-11T04:13:36: 读取文件成功
2017-06-11T04:14:33: 读取文件成功
2017-06-11T04:15:49: 读取文件成功
2017-06-11T04:16:35: 读取文件成功
2017-06-11T04:17:36: 读取文件成功
2017-06-11T04:18:34: 读取文件成功
2017-06-11T04:19:35: 读取文件成功
2017-06-11T04:20:48: 读取文件成功
2017-06-11T04:22:34: 读取文件成功
2017-06-11T04:22:36: 读取文件成功
2017-06-11T04:23:50: 读取文件成功
2017-06-11T04:24:37: 读取文件成功
2017-06-11T04:25:33: 读取文件成功
2017-06-11T04:26:35: 读取文件成功
2017-06-11T04:27:36: 读取文件成功
2017-06-11T04:28:40: 读取文件成功
2017-06-11T04:29:34: 读取文件成功
2017-06-11T04:30:40: 读取文件成功
2017-06-11T04:31:35: 读取文件成功
2017-06-11T04:32:35: 读取文件成功
2017-06-11T04:33:36: 读取文件成功
2017-06-11T04:34:35: 读取文件成功
2017-06-11T04:36:03: 读取文件成功
2017-06-11T04:37:35: 读取文件成功
2017-06-11T04:37:36: 读取文件成功
2017-06-11T04:38:37: 读取文件成功
2017-06-11T04:39:49: 读取文件成功
2017-06-11T04:40:34: 读取文件成功
2017-06-11T04:41:37: 读取文件成功
2017-06-11T04:42:38: 读取文件成功
2017-06-11T04:43:41: 读取文件成功
2017-06-11T04:44:34: 读取文件成功
2017-06-11T04:46:12: 读取文件成功
2017-06-11T04:46:34: 读取文件成功
2017-06-11T04:47:37: 读取文件成功
2017-06-11T04:49:05: 读取文件成功
2017-06-11T04:49:36: 读取文件成功
2017-06-11T04:50:34: 读取文件成功
2017-06-11T04:51:42: 读取文件成功
2017-06-11T04:52:36: 读取文件成功
2017-06-11T04:53:52: 读取文件成功
2017-06-11T04:55:14: 读取文件成功
2017-06-11T04:57:39: 读取文件成功
2017-06-11T04:59:32: 读取文件成功
2017-06-11T04:59:41: 读取文件成功
2017-06-11T05:00:45: 读取文件成功
2017-06-11T05:01:34: 读取文件成功
2017-06-11T05:02:56: 读取文件成功
2017-06-11T05:03:51: 读取文件成功
2017-06-11T05:04:34: 读取文件成功
2017-06-11T05:05:36: 读取文件成功
2017-06-11T05:06:44: 读取文件成功
2017-06-11T05:08:18: 读取文件成功
2017-06-11T05:08:37: 读取文件成功
2017-06-11T05:11:35: 读取文件成功
2017-06-11T05:11:37: 读取文件成功
2017-06-11T05:12:34: 读取文件成功
2017-06-11T05:13:35: 读取文件成功
2017-06-11T05:16:03: 读取文件成功
2017-06-11T05:16:37: 读取文件成功
2017-06-11T05:17:43: 读取文件成功
2017-06-11T05:18:43: 读取文件成功
2017-06-11T05:19:49: 读取文件成功
2017-06-11T05:20:36: 读取文件成功
2017-06-11T05:21:34: 读取文件成功
2017-06-11T05:22:45: 读取文件成功
2017-06-11T05:23:37: 读取文件成功
2017-06-11T05:24:53: 读取文件成功
2017-06-11T05:26:17: 读取文件成功
2017-06-11T05:26:37: 读取文件成功
2017-06-11T05:28:31: 读取文件成功
2017-06-11T05:29:06: 读取文件成功
2017-06-11T05:30:02: 读取文件成功
2017-06-11T05:30:35: 读取文件成功
2017-06-11T05:31:51: 读取文件成功
2017-06-11T05:32:47: 读取文件成功
2017-06-11T05:33:37: 读取文件成功
2017-06-11T05:34:34: 读取文件成功
2017-06-11T05:35:34: 读取文件成功
2017-06-11T05:36:34: 读取文件成功
2017-06-11T05:37:34: 读取文件成功
2017-06-11T05:38:34: 读取文件成功
2017-06-11T05:39:34: 读取文件成功
2017-06-11T05:40:34: 读取文件成功
2017-06-11T05:41:34: 读取文件成功
2017-06-11T05:42:34: 读取文件成功
2017-06-11T05:43:34: 读取文件成功
2017-06-11T05:44:34: 读取文件成功
2017-06-11T05:45:34: 读取文件成功
2017-06-11T05:46:34: 读取文件成功
2017-06-11T05:47:34: 读取文件成功
2017-06-11T05:48:34: 读取文件成功
2017-06-11T05:49:34: 读取文件成功
2017-06-11T05:50:34: 读取文件成功
2017-06-11T05:51:34: 读取文件成功
2017-06-11T05:52:34: 读取文件成功
2017-06-11T05:53:34: 读取文件成功
2017-06-11T05:54:34: 读取文件成功
2017-06-11T05:55:34: 读取文件成功
2017-06-11T05:56:34: 读取文件成功
2017-06-11T05:57:34: 读取文件成功
2017-06-11T05:58:34: 读取文件成功
2017-06-11T05:59:34: 读取文件成功
2017-06-11T06:00:34: 读取文件成功
2017-06-11T06:01:34: 读取文件成功
2017-06-11T06:02:34: 读取文件成功
2017-06-11T06:03:34: 读取文件成功
2017-06-11T06:04:34: 读取文件成功
2017-06-11T06:05:34: 读取文件成功
2017-06-11T06:06:34: 读取文件成功
2017-06-11T06:07:34: 读取文件成功
2017-06-11T06:08:34: 读取文件成功
2017-06-11T06:09:34: 读取文件成功
2017-06-11T06:10:34: 读取文件成功
2017-06-11T06:11:34: 读取文件成功
2017-06-11T06:12:34: 读取文件成功
2017-06-11T06:13:34: 读取文件成功
2017-06-11T06:14:34: 读取文件成功
2017-06-11T06:15:34: 读取文件成功
2017-06-11T06:16:34: 读取文件成功
2017-06-11T06:17:34: 读取文件成功
2017-06-11T06:18:34: 读取文件成功
2017-06-11T06:19:34: 读取文件成功
2017-06-11T06:20:34: 读取文件成功
2017-06-11T06:21:34: 读取文件成功
2017-06-11T06:22:34: 读取文件成功
2017-06-11T06:23:34: 读取文件成功
2017-06-11T06:24:34: 读取文件成功
2017-06-11T06:25:34: 读取文件成功
2017-06-11T06:26:34: 读取文件成功
2017-06-11T06:27:34: 读取文件成功
2017-06-11T06:28:34: 读取文件成功
2017-06-11T06:29:34: 读取文件成功
2017-06-11T06:30:34: 读取文件成功
2017-06-11T06:31:34: 读取文件成功
2017-06-11T06:32:34: 读取文件成功
2017-06-11T06:33:34: 读取文件成功
2017-06-11T06:34:34: 读取文件成功
2017-06-11T06:35:34: 读取文件成功
2017-06-11T06:36:34: 读取文件成功
2017-06-11T06:37:34: 读取文件成功
2017-06-11T06:38:34: 读取文件成功
2017-06-11T06:39:34: 读取文件成功
2017-06-11T06:40:34: 读取文件成功
2017-06-11T06:41:34: 读取文件成功
2017-06-11T06:42:34: 读取文件成功
2017-06-11T06:43:34: 读取文件成功
2017-06-11T06:44:34: 读取文件成功
2017-06-11T06:45:34: 读取文件成功
2017-06-11T06:46:34: 读取文件成功
2017-06-11T06:47:34: 读取文件成功
2017-06-11T06:48:34: 读取文件成功
2017-06-11T06:49:34: 读取文件成功
2017-06-11T06:50:34: 读取文件成功
2017-06-11T06:51:34: 读取文件成功
2017-06-11T06:52:34: 读取文件成功
2017-06-11T06:53:34: 读取文件成功
2017-06-11T06:54:34: 读取文件成功
2017-06-11T06:55:34: 读取文件成功
2017-06-11T06:56:34: 读取文件成功
2017-06-11T06:57:34: 读取文件成功
2017-06-11T06:58:34: 读取文件成功
2017-06-11T06:59:34: 读取文件成功
2017-06-11T07:00:34: 读取文件成功
2017-06-11T07:01:35: 读取文件成功
2017-06-11T07:02:34: 读取文件成功
2017-06-11T07:03:34: 读取文件成功
2017-06-11T07:04:34: 读取文件成功
2017-06-11T07:05:34: 读取文件成功
2017-06-11T07:06:35: 读取文件成功
2017-06-11T07:07:35: 读取文件成功
2017-06-11T07:08:35: 读取文件成功
2017-06-11T07:09:35: 读取文件成功
2017-06-11T07:10:35: 读取文件成功
2017-06-11T07:11:35: 读取文件成功
2017-06-11T07:12:35: 读取文件成功
2017-06-11T07:13:35: 读取文件成功
2017-06-11T07:14:35: 读取文件成功
2017-06-11T07:15:35: 读取文件成功
2017-06-11T07:16:35: 读取文件成功
2017-06-11T07:17:35: 读取文件成功
2017-06-11T07:18:35: 读取文件成功
2017-06-11T07:19:35: 读取文件成功
2017-06-11T07:20:35: 读取文件成功
2017-06-11T07:21:35: 读取文件成功
2017-06-11T07:22:35: 读取文件成功
2017-06-11T07:23:35: 读取文件成功
2017-06-11T07:24:35: 读取文件成功
2017-06-11T07:25:35: 读取文件成功
2017-06-11T07:26:35: 读取文件成功
2017-06-11T07:27:35: 读取文件成功
2017-06-11T07:28:35: 读取文件成功
2017-06-11T07:29:35: 读取文件成功
2017-06-11T07:30:35: 读取文件成功
2017-06-11T07:31:35: 读取文件成功
2017-06-11T07:32:35: 读取文件成功
2017-06-11T07:33:35: 读取文件成功
2017-06-11T07:34:35: 读取文件成功
2017-06-11T07:35:35: 读取文件成功
2017-06-11T07:36:35: 读取文件成功
2017-06-11T07:37:35: 读取文件成功
2017-06-11T07:38:35: 读取文件成功
2017-06-11T07:39:35: 读取文件成功
2017-06-11T07:40:35: 读取文件成功
2017-06-11T07:41:35: 读取文件成功
2017-06-11T07:42:35: 读取文件成功
2017-06-11T07:43:35: 读取文件成功
2017-06-11T07:44:35: 读取文件成功
2017-06-11T07:45:35: 读取文件成功
2017-06-11T07:46:35: 读取文件成功
2017-06-11T07:47:35: 读取文件成功
2017-06-11T07:48:35: 读取文件成功
2017-06-11T07:49:35: 读取文件成功
2017-06-11T07:50:35: 读取文件成功
2017-06-11T07:51:35: 读取文件成功
2017-06-11T07:52:35: 读取文件成功
2017-06-11T07:53:35: 读取文件成功
2017-06-11T07:54:35: 读取文件成功
2017-06-11T07:55:35: 读取文件成功
2017-06-11T07:56:35: 读取文件成功
2017-06-11T07:57:35: 读取文件成功
2017-06-11T07:58:35: 读取文件成功
2017-06-11T07:59:35: 读取文件成功
2017-06-11T08:00:35: 读取文件成功
2017-06-11T08:01:35: 读取文件成功
2017-06-11T08:02:35: 读取文件成功
2017-06-11T08:03:35: 读取文件成功
2017-06-11T08:04:35: 读取文件成功
2017-06-11T08:05:35: 读取文件成功
2017-06-11T08:06:35: 读取文件成功
2017-06-11T08:07:35: 读取文件成功
2017-06-11T08:08:35: 读取文件成功
2017-06-11T08:09:35: 读取文件成功
2017-06-11T08:10:35: 读取文件成功
2017-06-11T08:11:35: 读取文件成功
2017-06-11T08:12:35: 读取文件成功
2017-06-11T08:13:35: 读取文件成功
2017-06-11T08:14:35: 读取文件成功
2017-06-11T08:15:35: 读取文件成功
2017-06-11T08:16:35: 读取文件成功
2017-06-11T08:17:35: 读取文件成功
2017-06-11T08:18:35: 读取文件成功
2017-06-11T08:19:35: 读取文件成功
2017-06-11T08:20:35: 读取文件成功
2017-06-11T08:21:35: 读取文件成功
2017-06-11T08:22:36: 读取文件成功
2017-06-11T08:23:35: 读取文件成功
2017-06-11T08:24:35: 读取文件成功
2017-06-11T08:25:35: 读取文件成功
2017-06-11T08:26:35: 读取文件成功
2017-06-11T08:27:35: 读取文件成功
2017-06-11T08:28:35: 读取文件成功
2017-06-11T08:29:35: 读取文件成功
2017-06-11T08:30:36: 读取文件成功
2017-06-11T08:31:35: 读取文件成功
2017-06-11T08:32:35: 读取文件成功
2017-06-11T08:33:35: 读取文件成功
2017-06-11T08:34:35: 读取文件成功
2017-06-11T08:35:35: 读取文件成功
2017-06-11T08:36:35: 读取文件成功
2017-06-11T08:37:35: 读取文件成功
2017-06-11T08:38:35: 读取文件成功
2017-06-11T08:39:35: 读取文件成功
2017-06-11T08:40:35: 读取文件成功
2017-06-11T08:41:35: 读取文件成功
2017-06-11T08:42:36: 读取文件成功
2017-06-11T08:43:35: 读取文件成功
2017-06-11T08:44:35: 读取文件成功
2017-06-11T08:45:35: 读取文件成功
2017-06-11T08:46:35: 读取文件成功
2017-06-11T08:47:36: 读取文件成功
2017-06-11T08:48:36: 读取文件成功
2017-06-11T08:49:35: 读取文件成功
2017-06-11T08:50:36: 读取文件成功
2017-06-11T08:51:35: 读取文件成功
2017-06-11T08:52:35: 读取文件成功
2017-06-11T08:53:36: 读取文件成功
2017-06-11T08:54:36: 读取文件成功
2017-06-11T08:55:36: 读取文件成功
2017-06-11T08:56:36: 读取文件成功
2017-06-11T08:57:36: 读取文件成功
2017-06-11T08:58:36: 读取文件成功
2017-06-11T08:59:36: 读取文件成功
2017-06-11T09:00:36: 读取文件成功
2017-06-11T09:01:36: 读取文件成功
2017-06-11T09:02:36: 读取文件成功
2017-06-11T09:03:36: 读取文件成功
2017-06-11T09:04:36: 读取文件成功
2017-06-11T09:05:36: 读取文件成功
2017-06-11T09:06:36: 读取文件成功
2017-06-11T09:07:36: 读取文件成功
2017-06-11T09:08:36: 读取文件成功
2017-06-11T09:09:36: 读取文件成功
2017-06-11T09:10:36: 读取文件成功
2017-06-11T09:11:36: 读取文件成功
2017-06-11T09:12:36: 读取文件成功
2017-06-11T09:13:36: 读取文件成功
2017-06-11T09:14:36: 读取文件成功
2017-06-11T09:15:36: 读取文件成功
2017-06-11T09:16:36: 读取文件成功
2017-06-11T09:17:36: 读取文件成功
2017-06-11T09:18:36: 读取文件成功
2017-06-11T09:19:36: 读取文件成功
2017-06-11T09:20:36: 读取文件成功
2017-06-11T09:21:36: 读取文件成功
2017-06-11T09:22:36: 读取文件成功
2017-06-11T09:23:36: 读取文件成功
2017-06-11T09:24:36: 读取文件成功
2017-06-11T09:25:36: 读取文件成功
2017-06-11T09:26:36: 读取文件成功
2017-06-11T09:27:36: 读取文件成功
2017-06-11T09:28:36: 读取文件成功
2017-06-11T09:29:36: 读取文件成功
2017-06-11T09:30:36: 读取文件成功
2017-06-11T09:31:36: 读取文件成功
2017-06-11T09:32:36: 读取文件成功
2017-06-11T09:33:36: 读取文件成功
2017-06-11T09:34:36: 读取文件成功
2017-06-11T09:35:36: 读取文件成功
2017-06-11T09:36:36: 读取文件成功
2017-06-11T09:37:36: 读取文件成功
2017-06-11T09:38:36: 读取文件成功
2017-06-11T09:39:36: 读取文件成功
2017-06-11T09:40:36: 读取文件成功
2017-06-11T09:41:36: 读取文件成功
2017-06-11T09:42:36: 读取文件成功
2017-06-11T09:43:36: 读取文件成功
2017-06-11T09:44:36: 读取文件成功
2017-06-11T09:45:36: 读取文件成功
2017-06-11T09:46:36: 读取文件成功
2017-06-11T09:47:36: 读取文件成功
2017-06-11T09:48:36: 读取文件成功
2017-06-11T09:49:36: 读取文件成功
2017-06-11T09:50:36: 读取文件成功
2017-06-11T09:51:36: 读取文件成功
2017-06-11T09:52:36: 读取文件成功
2017-06-11T09:53:36: 读取文件成功
2017-06-11T09:54:36: 读取文件成功
2017-06-11T09:55:36: 读取文件成功
2017-06-11T09:56:36: 读取文件成功
2017-06-11T09:57:36: 读取文件成功
2017-06-11T09:58:36: 读取文件成功
2017-06-11T09:59:36: 读取文件成功
2017-06-11T10:00:37: 读取文件成功
2017-06-11T10:01:36: 读取文件成功
2017-06-11T10:02:36: 读取文件成功
2017-06-11T10:03:36: 读取文件成功
2017-06-11T10:04:36: 读取文件成功
2017-06-11T10:05:36: 读取文件成功
2017-06-11T10:06:36: 读取文件成功
2017-06-11T10:07:36: 读取文件成功
2017-06-11T10:08:36: 读取文件成功
2017-06-11T10:09:36: 读取文件成功
2017-06-11T10:10:36: 读取文件成功
2017-06-11T10:11:36: 读取文件成功
2017-06-11T10:12:36: 读取文件成功
2017-06-11T10:13:36: 读取文件成功
2017-06-11T10:14:36: 读取文件成功
2017-06-11T10:15:36: 读取文件成功
2017-06-11T10:16:36: 读取文件成功
2017-06-11T10:17:36: 读取文件成功
2017-06-11T10:18:36: 读取文件成功
2017-06-11T10:19:36: 读取文件成功
2017-06-11T10:20:36: 读取文件成功
2017-06-11T10:21:36: 读取文件成功
2017-06-11T10:22:36: 读取文件成功
2017-06-11T10:23:36: 读取文件成功
2017-06-11T10:24:36: 读取文件成功
2017-06-11T10:25:36: 读取文件成功
2017-06-11T10:26:36: 读取文件成功
2017-06-11T10:27:36: 读取文件成功
2017-06-11T10:28:36: 读取文件成功
2017-06-11T10:29:36: 读取文件成功
2017-06-11T10:30:37: 读取文件成功
2017-06-11T10:31:36: 读取文件成功
2017-06-11T10:32:36: 读取文件成功
2017-06-11T10:33:37: 读取文件成功
2017-06-11T10:34:37: 读取文件成功
2017-06-11T10:35:37: 读取文件成功
2017-06-11T10:36:37: 读取文件成功
2017-06-11T10:37:37: 读取文件成功
2017-06-11T10:38:37: 读取文件成功
2017-06-11T10:39:37: 读取文件成功
2017-06-11T10:40:37: 读取文件成功
2017-06-11T10:41:37: 读取文件成功
2017-06-11T10:42:37: 读取文件成功
2017-06-11T10:43:37: 读取文件成功
2017-06-11T10:44:37: 读取文件成功
2017-06-11T10:45:37: 读取文件成功
2017-06-11T10:46:37: 读取文件成功
2017-06-11T10:47:37: 读取文件成功
2017-06-11T10:48:37: 读取文件成功
2017-06-11T10:49:37: 读取文件成功
2017-06-11T10:50:37: 读取文件成功
2017-06-11T10:51:37: 读取文件成功
2017-06-11T10:52:37: 读取文件成功
2017-06-11T10:53:37: 读取文件成功
2017-06-11T10:54:37: 读取文件成功
2017-06-11T10:55:38: 读取文件成功
2017-06-11T10:56:37: 读取文件成功
2017-06-11T10:57:37: 读取文件成功
2017-06-11T10:58:37: 读取文件成功
2017-06-11T10:59:37: 读取文件成功
2017-06-11T11:00:37: 读取文件成功
2017-06-11T11:01:37: 读取文件成功
2017-06-11T11:02:37: 读取文件成功
2017-06-11T11:03:37: 读取文件成功
2017-06-11T11:04:37: 读取文件成功
2017-06-11T11:05:37: 读取文件成功
2017-06-11T11:06:37: 读取文件成功
2017-06-11T11:07:37: 读取文件成功
2017-06-11T11:08:37: 读取文件成功
2017-06-11T11:09:37: 读取文件成功
2017-06-11T11:10:37: 读取文件成功
2017-06-11T11:11:37: 读取文件成功
2017-06-11T11:12:37: 读取文件成功
2017-06-11T11:13:37: 读取文件成功
2017-06-11T11:14:37: 读取文件成功
2017-06-11T11:15:37: 读取文件成功
2017-06-11T11:16:37: 读取文件成功
2017-06-11T11:17:37: 读取文件成功
2017-06-11T11:18:37: 读取文件成功
2017-06-11T11:19:37: 读取文件成功
2017-06-11T11:20:37: 读取文件成功
2017-06-11T11:21:37: 读取文件成功
2017-06-11T11:22:37: 读取文件成功
2017-06-11T11:23:37: 读取文件成功
2017-06-11T11:24:37: 读取文件成功
2017-06-11T11:25:37: 读取文件成功
2017-06-11T11:26:37: 读取文件成功
2017-06-11T11:27:37: 读取文件成功
2017-06-11T11:28:37: 读取文件成功
2017-06-11T11:29:37: 读取文件成功
2017-06-11T11:30:37: 读取文件成功
2017-06-11T11:31:37: 读取文件成功
2017-06-11T11:32:37: 读取文件成功
2017-06-11T11:33:37: 读取文件成功
2017-06-11T11:34:37: 读取文件成功
2017-06-11T11:35:37: 读取文件成功
2017-06-11T11:36:37: 读取文件成功
2017-06-11T11:37:37: 读取文件成功
2017-06-11T11:38:37: 读取文件成功
2017-06-11T11:39:37: 读取文件成功
2017-06-11T11:40:38: 读取文件成功
2017-06-11T11:41:37: 读取文件成功
2017-06-11T11:42:37: 读取文件成功
2017-06-11T11:43:37: 读取文件成功
2017-06-11T11:44:38: 读取文件成功
2017-06-11T11:45:37: 读取文件成功
2017-06-11T11:46:38: 读取文件成功
2017-06-11T11:47:37: 读取文件成功
2017-06-11T11:48:37: 读取文件成功
2017-06-11T11:49:37: 读取文件成功
2017-06-11T11:50:37: 读取文件成功
2017-06-11T11:51:37: 读取文件成功
2017-06-11T11:52:37: 读取文件成功
2017-06-11T11:53:37: 读取文件成功
2017-06-11T11:54:37: 读取文件成功
2017-06-11T11:55:37: 读取文件成功
2017-06-11T11:56:37: 读取文件成功
2017-06-11T11:57:38: 读取文件成功
2017-06-11T11:58:37: 读取文件成功
2017-06-11T11:59:37: 读取文件成功
2017-06-11T12:00:37: 读取文件成功
2017-06-11T12:01:37: 读取文件成功
2017-06-11T12:02:37: 读取文件成功
2017-06-11T12:03:37: 读取文件成功
2017-06-11T12:04:37: 读取文件成功
2017-06-11T12:05:38: 读取文件成功
2017-06-11T12:06:38: 读取文件成功
2017-06-11T12:07:37: 读取文件成功
2017-06-11T12:08:37: 读取文件成功
2017-06-11T12:09:37: 读取文件成功
2017-06-11T12:10:37: 读取文件成功
2017-06-11T12:11:38: 读取文件成功
2017-06-11T12:12:38: 读取文件成功
2017-06-11T12:13:38: 读取文件成功
2017-06-11T12:14:37: 读取文件成功
2017-06-11T12:15:38: 读取文件成功
2017-06-11T12:16:38: 读取文件成功
2017-06-11T12:17:38: 读取文件成功
2017-06-11T12:18:38: 读取文件成功
2017-06-11T12:19:38: 读取文件成功
2017-06-11T12:20:38: 读取文件成功
2017-06-11T12:21:38: 读取文件成功
2017-06-11T12:22:38: 读取文件成功
2017-06-11T12:23:38: 读取文件成功
2017-06-11T12:24:38: 读取文件成功
2017-06-11T12:25:38: 读取文件成功
2017-06-11T12:26:38: 读取文件成功
2017-06-11T12:27:38: 读取文件成功
2017-06-11T12:28:38: 读取文件成功
2017-06-11T12:29:38: 读取文件成功
2017-06-11T12:30:38: 读取文件成功
2017-06-11T12:31:38: 读取文件成功
2017-06-11T12:32:38: 读取文件成功
2017-06-11T12:33:38: 读取文件成功
2017-06-11T12:34:38: 读取文件成功
2017-06-11T12:35:38: 读取文件成功
2017-06-11T12:36:38: 读取文件成功
2017-06-11T12:37:38: 读取文件成功
2017-06-11T12:38:38: 读取文件成功
2017-06-11T12:39:38: 读取文件成功
2017-06-11T12:40:38: 读取文件成功
2017-06-11T12:41:38: 读取文件成功
2017-06-11T12:42:38: 读取文件成功
2017-06-11T12:43:38: 读取文件成功
2017-06-11T12:44:38: 读取文件成功
2017-06-11T12:45:38: 读取文件成功
2017-06-11T12:46:38: 读取文件成功
2017-06-11T12:47:38: 读取文件成功
2017-06-11T12:48:38: 读取文件成功
2017-06-11T12:49:38: 读取文件成功
2017-06-11T12:50:38: 读取文件成功
2017-06-11T12:51:38: 读取文件成功
2017-06-11T12:52:38: 读取文件成功
2017-06-11T12:53:38: 读取文件成功
2017-06-11T12:54:38: 读取文件成功
2017-06-11T12:55:38: 读取文件成功
2017-06-11T12:56:38: 读取文件成功
2017-06-11T12:57:38: 读取文件成功
2017-06-11T12:58:38: 读取文件成功
2017-06-11T12:59:38: 读取文件成功
2017-06-11T13:00:38: 读取文件成功
2017-06-11T13:01:38: 读取文件成功
2017-06-11T13:02:38: 读取文件成功
2017-06-11T13:03:38: 读取文件成功
2017-06-11T13:04:38: 读取文件成功
2017-06-11T13:05:38: 读取文件成功
2017-06-11T13:06:38: 读取文件成功
2017-06-11T13:07:38: 读取文件成功
2017-06-11T13:08:38: 读取文件成功
2017-06-11T13:09:38: 读取文件成功
2017-06-11T13:10:38: 读取文件成功
2017-06-11T13:11:38: 读取文件成功
2017-06-11T13:12:38: 读取文件成功
2017-06-11T13:13:40: 读取文件成功
2017-06-11T13:14:38: 读取文件成功
2017-06-11T13:15:38: 读取文件成功
2017-06-11T13:16:38: 读取文件成功
2017-06-11T13:17:38: 读取文件成功
2017-06-11T13:18:38: 读取文件成功
2017-06-11T13:19:38: 读取文件成功
2017-06-11T13:20:38: 读取文件成功
2017-06-11T13:21:38: 读取文件成功
2017-06-11T13:22:38: 读取文件成功
2017-06-11T13:23:38: 读取文件成功
2017-06-11T13:24:38: 读取文件成功
2017-06-11T13:25:39: 读取文件成功
2017-06-11T13:26:38: 读取文件成功
2017-06-11T13:27:38: 读取文件成功
2017-06-11T13:28:38: 读取文件成功
2017-06-11T13:29:39: 读取文件成功
2017-06-11T13:30:39: 读取文件成功
2017-06-11T13:31:38: 读取文件成功
2017-06-11T13:32:38: 读取文件成功
2017-06-11T13:33:39: 读取文件成功
2017-06-11T13:34:38: 读取文件成功
2017-06-11T13:35:38: 读取文件成功
2017-06-11T13:36:39: 读取文件成功
2017-06-11T13:37:39: 读取文件成功
2017-06-11T13:38:38: 读取文件成功
2017-06-11T13:39:38: 读取文件成功
2017-06-11T13:40:39: 读取文件成功
2017-06-11T13:41:39: 读取文件成功
2017-06-11T13:42:39: 读取文件成功
2017-06-11T13:43:39: 读取文件成功
2017-06-11T13:44:39: 读取文件成功
2017-06-11T13:45:39: 读取文件成功
2017-06-11T13:46:39: 读取文件成功
2017-06-11T13:47:39: 读取文件成功
2017-06-11T13:48:39: 读取文件成功
2017-06-11T13:49:39: 读取文件成功
2017-06-11T13:50:39: 读取文件成功
2017-06-11T13:51:39: 读取文件成功
2017-06-11T13:52:39: 读取文件成功
2017-06-11T13:53:39: 读取文件成功
2017-06-11T13:54:39: 读取文件成功
2017-06-11T13:55:39: 读取文件成功
2017-06-11T13:56:39: 读取文件成功
2017-06-11T13:57:39: 读取文件成功
2017-06-11T13:58:39: 读取文件成功
2017-06-11T13:59:39: 读取文件成功
2017-06-11T14:00:39: 读取文件成功
2017-06-11T14:01:39: 读取文件成功
2017-06-11T14:02:39: 读取文件成功
2017-06-11T14:03:39: 读取文件成功
2017-06-11T14:04:39: 读取文件成功
2017-06-11T14:05:39: 读取文件成功
2017-06-11T14:06:39: 读取文件成功
2017-06-11T14:07:39: 读取文件成功
2017-06-11T14:08:39: 读取文件成功
2017-06-11T14:09:39: 读取文件成功
2017-06-11T14:10:39: 读取文件成功
2017-06-11T14:11:39: 读取文件成功
2017-06-11T14:12:39: 读取文件成功
2017-06-11T14:13:39: 读取文件成功
2017-06-11T14:14:39: 读取文件成功
2017-06-11T14:15:39: 读取文件成功
2017-06-11T14:16:39: 读取文件成功
2017-06-11T14:17:39: 读取文件成功
2017-06-11T14:18:39: 读取文件成功
2017-06-11T14:19:39: 读取文件成功
2017-06-11T14:20:39: 读取文件成功
2017-06-11T14:21:39: 读取文件成功
2017-06-11T14:22:39: 读取文件成功
2017-06-11T14:23:39: 读取文件成功
2017-06-11T14:24:39: 读取文件成功
2017-06-11T14:25:39: 读取文件成功
2017-06-11T14:26:39: 读取文件成功
2017-06-11T14:27:39: 读取文件成功
2017-06-11T14:28:39: 读取文件成功
2017-06-11T14:29:39: 读取文件成功
2017-06-11T14:30:39: 读取文件成功
2017-06-11T14:31:39: 读取文件成功
2017-06-11T14:32:39: 读取文件成功
2017-06-11T14:33:39: 读取文件成功
2017-06-11T14:34:39: 读取文件成功
2017-06-11T14:35:39: 读取文件成功
2017-06-11T14:36:41: 读取文件成功
2017-06-11T14:37:39: 读取文件成功
2017-06-11T14:38:39: 读取文件成功
2017-06-11T14:39:39: 读取文件成功
2017-06-11T14:40:40: 读取文件成功
2017-06-11T14:41:39: 读取文件成功
2017-06-11T14:42:39: 读取文件成功
2017-06-11T14:43:39: 读取文件成功
2017-06-11T14:44:41: 读取文件成功
2017-06-11T14:45:39: 读取文件成功
2017-06-11T14:46:39: 读取文件成功
2017-06-11T14:47:39: 读取文件成功
2017-06-11T14:48:39: 读取文件成功
2017-06-11T14:49:40: 读取文件成功
2017-06-11T14:50:39: 读取文件成功
2017-06-11T14:51:39: 读取文件成功
2017-06-11T14:52:40: 读取文件成功
2017-06-11T14:53:39: 读取文件成功
2017-06-11T14:54:39: 读取文件成功
2017-06-11T14:55:39: 读取文件成功
2017-06-11T14:56:40: 读取文件成功
2017-06-11T14:57:42: 读取文件成功
2017-06-11T14:58:44: 读取文件成功
2017-06-11T14:59:39: 读取文件成功
2017-06-11T15:00:42: 读取文件成功
2017-06-11T15:01:39: 读取文件成功
2017-06-11T15:02:46: 读取文件成功
2017-06-11T15:03:43: 读取文件成功
2017-06-11T15:04:39: 读取文件成功
2017-06-11T15:05:39: 读取文件成功
2017-06-11T15:06:39: 读取文件成功
2017-06-11T15:07:54: 读取文件成功
2017-06-11T15:08:39: 读取文件成功
2017-06-11T15:09:39: 读取文件成功
2017-06-11T15:10:39: 读取文件成功
2017-06-11T15:11:39: 读取文件成功
2017-06-11T15:12:39: 读取文件成功
2017-06-11T15:13:39: 读取文件成功
2017-06-11T15:14:39: 读取文件成功
2017-06-11T15:15:39: 读取文件成功
2017-06-11T15:16:40: 读取文件成功
2017-06-11T15:17:39: 读取文件成功
2017-06-11T15:18:39: 读取文件成功
2017-06-11T15:19:40: 读取文件成功
2017-06-11T15:20:39: 读取文件成功
2017-06-11T15:21:39: 读取文件成功
2017-06-11T15:22:40: 读取文件成功
2017-06-11T15:23:39: 读取文件成功
2017-06-11T15:24:40: 读取文件成功
2017-06-11T15:25:39: 读取文件成功
2017-06-11T15:26:40: 读取文件成功
2017-06-11T15:27:40: 读取文件成功
2017-06-11T15:28:40: 读取文件成功
2017-06-11T15:29:40: 读取文件成功
2017-06-11T15:30:40: 读取文件成功
2017-06-11T15:31:40: 读取文件成功
2017-06-11T15:32:40: 读取文件成功
2017-06-11T15:33:40: 读取文件成功
2017-06-11T15:34:40: 读取文件成功
2017-06-11T15:35:40: 读取文件成功
2017-06-11T15:36:40: 读取文件成功
2017-06-11T15:37:40: 读取文件成功
2017-06-11T15:38:40: 读取文件成功
2017-06-11T15:39:40: 读取文件成功
2017-06-11T15:40:40: 读取文件成功
2017-06-11T15:41:40: 读取文件成功
2017-06-11T15:42:40: 读取文件成功
2017-06-11T15:43:40: 读取文件成功
2017-06-11T15:44:40: 读取文件成功
2017-06-11T15:45:40: 读取文件成功
2017-06-11T15:46:40: 读取文件成功
2017-06-11T15:47:40: 读取文件成功
2017-06-11T15:48:40: 读取文件成功
2017-06-11T15:49:40: 读取文件成功
2017-06-11T15:50:40: 读取文件成功
2017-06-11T15:51:40: 读取文件成功
2017-06-11T15:52:40: 读取文件成功
2017-06-11T15:53:40: 读取文件成功
2017-06-11T15:54:40: 读取文件成功
2017-06-11T15:55:40: 读取文件成功
2017-06-11T15:56:40: 读取文件成功
2017-06-11T15:57:40: 读取文件成功
2017-06-11T15:58:40: 读取文件成功
2017-06-11T15:59:40: 读取文件成功
2017-06-11T16:00:40: 读取文件成功
2017-06-11T16:01:40: 读取文件成功
2017-06-11T16:02:40: 读取文件成功
2017-06-11T16:03:40: 读取文件成功
2017-06-11T16:04:40: 读取文件成功
2017-06-11T16:05:40: 读取文件成功
2017-06-11T16:06:40: 读取文件成功
2017-06-11T16:07:40: 读取文件成功
2017-06-11T16:08:40: 读取文件成功
2017-06-11T16:09:40: 读取文件成功
2017-06-11T16:10:40: 读取文件成功
2017-06-11T16:11:40: 读取文件成功
2017-06-11T16:12:40: 读取文件成功
2017-06-11T16:13:40: 读取文件成功
2017-06-11T16:14:40: 读取文件成功
2017-06-11T16:15:40: 读取文件成功
2017-06-11T16:16:40: 读取文件成功
2017-06-11T16:17:40: 读取文件成功
2017-06-11T16:18:40: 读取文件成功
2017-06-11T16:19:40: 读取文件成功
2017-06-11T16:20:40: 读取文件成功
2017-06-11T16:21:40: 读取文件成功
2017-06-11T16:22:40: 读取文件成功
2017-06-11T16:23:40: 读取文件成功
2017-06-11T16:24:40: 读取文件成功
2017-06-11T16:25:40: 读取文件成功
2017-06-11T16:26:40: 读取文件成功
2017-06-11T16:27:40: 读取文件成功
2017-06-11T16:28:40: 读取文件成功
2017-06-11T16:29:40: 读取文件成功
2017-06-11T16:30:40: 读取文件成功
2017-06-11T16:31:40: 读取文件成功
2017-06-11T16:32:40: 读取文件成功
2017-06-11T16:33:40: 读取文件成功
2017-06-11T16:34:40: 读取文件成功
2017-06-11T16:35:40: 读取文件成功
2017-06-11T16:36:40: 读取文件成功
2017-06-11T16:37:40: 读取文件成功
2017-06-11T16:38:40: 读取文件成功
2017-06-11T16:39:40: 读取文件成功
2017-06-11T16:40:40: 读取文件成功
2017-06-11T16:41:40: 读取文件成功
2017-06-11T16:42:40: 读取文件成功
2017-06-11T16:43:40: 读取文件成功
2017-06-11T16:44:40: 读取文件成功
2017-06-11T16:45:40: 读取文件成功
2017-06-11T16:46:40: 读取文件成功
2017-06-11T16:47:40: 读取文件成功
2017-06-11T16:48:40: 读取文件成功
2017-06-11T16:49:40: 读取文件成功
2017-06-11T16:50:40: 读取文件成功
2017-06-11T16:51:40: 读取文件成功
2017-06-11T16:52:40: 读取文件成功
2017-06-11T16:53:40: 读取文件成功
2017-06-11T16:54:40: 读取文件成功
2017-06-11T16:55:40: 读取文件成功
2017-06-11T16:56:40: 读取文件成功
2017-06-11T16:57:40: 读取文件成功
2017-06-11T16:58:40: 读取文件成功
2017-06-11T16:59:40: 读取文件成功
2017-06-11T17:00:40: 读取文件成功
2017-06-11T17:01:40: 读取文件成功
2017-06-11T17:02:40: 读取文件成功
2017-06-11T17:03:41: 读取文件成功
2017-06-11T17:04:40: 读取文件成功
2017-06-11T17:05:40: 读取文件成功
2017-06-11T17:06:40: 读取文件成功
2017-06-11T17:07:41: 读取文件成功
2017-06-11T17:08:40: 读取文件成功
2017-06-11T17:09:41: 读取文件成功
2017-06-11T17:10:41: 读取文件成功
2017-06-11T17:11:41: 读取文件成功
2017-06-11T17:12:41: 读取文件成功
2017-06-11T17:13:41: 读取文件成功
2017-06-11T17:14:41: 读取文件成功
2017-06-11T17:15:41: 读取文件成功
2017-06-11T17:16:41: 读取文件成功
2017-06-11T17:17:41: 读取文件成功
2017-06-11T17:18:41: 读取文件成功
2017-06-11T17:19:41: 读取文件成功
2017-06-11T17:20:41: 读取文件成功
2017-06-11T17:21:41: 读取文件成功
2017-06-11T17:22:41: 读取文件成功
2017-06-11T17:23:41: 读取文件成功
2017-06-11T17:24:41: 读取文件成功
2017-06-11T17:25:41: 读取文件成功
2017-06-11T17:26:41: 读取文件成功
2017-06-11T17:27:41: 读取文件成功
2017-06-11T17:28:41: 读取文件成功
2017-06-11T17:29:41: 读取文件成功
2017-06-11T17:30:41: 读取文件成功
2017-06-11T17:31:41: 读取文件成功
2017-06-11T17:32:41: 读取文件成功
2017-06-11T17:33:41: 读取文件成功
2017-06-11T17:34:41: 读取文件成功
2017-06-11T17:35:41: 读取文件成功
2017-06-11T17:36:41: 读取文件成功
2017-06-11T17:37:41: 读取文件成功
2017-06-11T17:38:41: 读取文件成功
2017-06-11T17:39:41: 读取文件成功
2017-06-11T17:40:41: 读取文件成功
2017-06-11T17:41:41: 读取文件成功
2017-06-11T17:42:41: 读取文件成功
2017-06-11T17:43:41: 读取文件成功
2017-06-11T17:44:41: 读取文件成功
2017-06-11T17:45:41: 读取文件成功
2017-06-11T17:46:41: 读取文件成功
2017-06-11T17:47:41: 读取文件成功
2017-06-11T17:48:41: 读取文件成功
2017-06-11T17:49:41: 读取文件成功
2017-06-11T17:50:41: 读取文件成功
2017-06-11T17:51:41: 读取文件成功
2017-06-11T17:52:41: 读取文件成功
2017-06-11T17:53:41: 读取文件成功
2017-06-11T17:54:41: 读取文件成功
2017-06-11T17:55:41: 读取文件成功
2017-06-11T17:56:41: 读取文件成功
2017-06-11T17:57:41: 读取文件成功
2017-06-11T17:58:41: 读取文件成功
2017-06-11T17:59:41: 读取文件成功
2017-06-11T18:00:41: 读取文件成功
2017-06-11T18:01:41: 读取文件成功
2017-06-11T18:02:41: 读取文件成功
2017-06-11T18:03:41: 读取文件成功
2017-06-11T18:04:41: 读取文件成功
2017-06-11T18:05:41: 读取文件成功
2017-06-11T18:06:41: 读取文件成功
2017-06-11T18:07:41: 读取文件成功
2017-06-11T18:08:41: 读取文件成功
2017-06-11T18:09:41: 读取文件成功
2017-06-11T18:10:41: 读取文件成功
2017-06-11T18:11:41: 读取文件成功
2017-06-11T18:12:41: 读取文件成功
2017-06-11T18:13:41: 读取文件成功
2017-06-11T18:14:41: 读取文件成功
2017-06-11T18:15:41: 读取文件成功
2017-06-11T18:16:41: 读取文件成功
2017-06-11T18:17:41: 读取文件成功
2017-06-11T18:18:41: 读取文件成功
2017-06-11T18:19:41: 读取文件成功
2017-06-11T18:20:41: 读取文件成功
2017-06-11T18:21:41: 读取文件成功
2017-06-11T18:22:41: 读取文件成功
2017-06-11T18:23:41: 读取文件成功
2017-06-11T18:24:41: 读取文件成功
2017-06-11T18:25:41: 读取文件成功
2017-06-11T18:26:41: 读取文件成功
2017-06-11T18:27:41: 读取文件成功
2017-06-11T18:28:41: 读取文件成功
2017-06-11T18:29:41: 读取文件成功
2017-06-11T18:30:41: 读取文件成功
2017-06-11T18:31:41: 读取文件成功
2017-06-11T18:32:41: 读取文件成功
2017-06-11T18:33:41: 读取文件成功
2017-06-11T18:34:41: 读取文件成功
2017-06-11T18:35:41: 读取文件成功
2017-06-11T18:36:41: 读取文件成功
2017-06-11T18:37:41: 读取文件成功
2017-06-11T18:38:41: 读取文件成功
2017-06-11T18:39:41: 读取文件成功
2017-06-11T18:40:41: 读取文件成功
2017-06-11T18:41:41: 读取文件成功
2017-06-11T18:42:41: 读取文件成功
2017-06-11T18:43:41: 读取文件成功
2017-06-11T18:44:41: 读取文件成功
2017-06-11T18:45:41: 读取文件成功
2017-06-11T18:46:41: 读取文件成功
2017-06-11T18:47:41: 读取文件成功
2017-06-11T18:48:41: 读取文件成功
2017-06-11T18:49:41: 读取文件成功
2017-06-11T18:50:41: 读取文件成功
2017-06-11T18:51:41: 读取文件成功
2017-06-11T18:52:41: 读取文件成功
2017-06-11T18:53:41: 读取文件成功
2017-06-11T18:54:41: 读取文件成功
2017-06-11T18:55:41: 读取文件成功
2017-06-11T18:56:42: 读取文件成功
2017-06-11T18:57:41: 读取文件成功
2017-06-11T18:58:41: 读取文件成功
2017-06-11T18:59:41: 读取文件成功
2017-06-11T19:00:41: 读取文件成功
2017-06-11T19:01:42: 读取文件成功
2017-06-11T19:02:42: 读取文件成功
2017-06-11T19:03:41: 读取文件成功
2017-06-11T19:04:41: 读取文件成功
2017-06-11T19:05:42: 读取文件成功
2017-06-11T19:06:41: 读取文件成功
2017-06-11T19:07:42: 读取文件成功
2017-06-11T19:08:42: 读取文件成功
2017-06-11T19:09:42: 读取文件成功
2017-06-11T19:10:42: 读取文件成功
2017-06-11T19:11:42: 读取文件成功
2017-06-11T19:12:42: 读取文件成功
2017-06-11T19:13:42: 读取文件成功
2017-06-11T19:14:42: 读取文件成功
2017-06-11T19:15:42: 读取文件成功
2017-06-11T19:16:42: 读取文件成功
2017-06-11T19:17:42: 读取文件成功
2017-06-11T19:18:42: 读取文件成功
2017-06-11T19:19:42: 读取文件成功
2017-06-11T19:20:42: 读取文件成功
2017-06-11T19:21:42: 读取文件成功
2017-06-11T19:22:42: 读取文件成功
2017-06-11T19:23:42: 读取文件成功
2017-06-11T19:24:42: 读取文件成功
2017-06-11T19:25:42: 读取文件成功
2017-06-11T19:26:42: 读取文件成功
2017-06-11T19:27:42: 读取文件成功
2017-06-11T19:28:42: 读取文件成功
2017-06-11T19:29:42: 读取文件成功
2017-06-11T19:30:42: 读取文件成功
2017-06-11T19:31:42: 读取文件成功
2017-06-11T19:32:42: 读取文件成功
2017-06-11T19:33:42: 读取文件成功
2017-06-11T19:34:42: 读取文件成功
2017-06-11T19:35:42: 读取文件成功
2017-06-11T19:36:42: 读取文件成功
2017-06-11T19:37:42: 读取文件成功
2017-06-11T19:38:42: 读取文件成功
2017-06-11T19:39:42: 读取文件成功
2017-06-11T19:40:44: 读取文件成功
2017-06-11T19:41:42: 读取文件成功
2017-06-11T19:42:42: 读取文件成功
2017-06-11T19:43:42: 读取文件成功
2017-06-11T19:44:42: 读取文件成功
2017-06-11T19:45:42: 读取文件成功
2017-06-11T19:46:42: 读取文件成功
2017-06-11T19:47:42: 读取文件成功
2017-06-11T19:48:42: 读取文件成功
2017-06-11T19:49:42: 读取文件成功
2017-06-11T19:50:42: 读取文件成功
2017-06-11T19:51:42: 读取文件成功
2017-06-11T19:52:42: 读取文件成功
2017-06-11T19:53:42: 读取文件成功
2017-06-11T19:54:42: 读取文件成功
2017-06-11T19:55:42: 读取文件成功
2017-06-11T19:56:42: 读取文件成功
2017-06-11T19:57:42: 读取文件成功
2017-06-11T19:58:42: 读取文件成功
2017-06-11T19:59:42: 读取文件成功
2017-06-11T20:00:42: 读取文件成功
2017-06-11T20:01:42: 读取文件成功
2017-06-11T20:02:42: 读取文件成功
2017-06-11T20:03:42: 读取文件成功
2017-06-11T20:04:42: 读取文件成功
2017-06-11T20:05:42: 读取文件成功
2017-06-11T20:06:42: 读取文件成功
2017-06-11T20:07:42: 读取文件成功
2017-06-11T20:08:42: 读取文件成功
2017-06-11T20:09:43: 读取文件成功
2017-06-11T20:10:42: 读取文件成功
2017-06-11T20:11:42: 读取文件成功
2017-06-11T20:12:42: 读取文件成功
2017-06-11T20:13:42: 读取文件成功
2017-06-11T20:14:42: 读取文件成功
2017-06-11T20:15:43: 读取文件成功
2017-06-11T20:16:42: 读取文件成功
2017-06-11T20:17:42: 读取文件成功
2017-06-11T20:18:43: 读取文件成功
2017-06-11T20:19:43: 读取文件成功
2017-06-11T20:20:42: 读取文件成功
2017-06-11T20:21:42: 读取文件成功
2017-06-11T20:22:42: 读取文件成功
2017-06-11T20:23:42: 读取文件成功
2017-06-11T20:24:42: 读取文件成功
2017-06-11T20:25:43: 读取文件成功
2017-06-11T20:26:42: 读取文件成功
2017-06-11T20:27:43: 读取文件成功
2017-06-11T20:28:43: 读取文件成功
2017-06-11T20:29:43: 读取文件成功
2017-06-11T20:30:43: 读取文件成功
2017-06-11T20:31:43: 读取文件成功
2017-06-11T20:32:42: 读取文件成功
2017-06-11T20:33:43: 读取文件成功
2017-06-11T20:34:42: 读取文件成功
2017-06-11T20:35:43: 读取文件成功
2017-06-11T20:36:43: 读取文件成功
2017-06-11T20:37:43: 读取文件成功
2017-06-11T20:38:43: 读取文件成功
2017-06-11T20:39:43: 读取文件成功
2017-06-11T20:40:43: 读取文件成功
2017-06-11T20:41:43: 读取文件成功
2017-06-11T20:42:43: 读取文件成功
2017-06-11T20:43:43: 读取文件成功
2017-06-11T20:44:43: 读取文件成功
2017-06-11T20:45:43: 读取文件成功
2017-06-11T20:46:43: 读取文件成功
2017-06-11T20:47:43: 读取文件成功
2017-06-11T20:48:43: 读取文件成功
2017-06-11T20:49:43: 读取文件成功
2017-06-11T20:50:45: 读取文件成功
2017-06-11T20:51:43: 读取文件成功
2017-06-11T20:52:43: 读取文件成功
2017-06-11T20:53:43: 读取文件成功
2017-06-11T20:54:43: 读取文件成功
2017-06-11T20:55:43: 读取文件成功
2017-06-11T20:56:44: 读取文件成功
2017-06-11T20:57:43: 读取文件成功
2017-06-11T20:58:43: 读取文件成功
2017-06-11T20:59:43: 读取文件成功
2017-06-11T21:00:43: 读取文件成功
2017-06-11T21:01:43: 读取文件成功
2017-06-11T21:02:43: 读取文件成功
2017-06-11T21:03:43: 读取文件成功
2017-06-11T21:04:43: 读取文件成功
2017-06-11T21:05:43: 读取文件成功
2017-06-11T21:06:43: 读取文件成功
2017-06-11T21:07:43: 读取文件成功
2017-06-11T21:08:43: 读取文件成功
2017-06-11T21:09:43: 读取文件成功
2017-06-11T21:10:43: 读取文件成功
2017-06-11T21:11:43: 读取文件成功
2017-06-11T21:12:43: 读取文件成功
2017-06-11T21:13:43: 读取文件成功
2017-06-11T21:14:43: 读取文件成功
2017-06-11T21:15:43: 读取文件成功
2017-06-11T21:16:43: 读取文件成功
2017-06-11T21:17:43: 读取文件成功
2017-06-11T21:18:43: 读取文件成功
2017-06-11T21:19:43: 读取文件成功
2017-06-11T21:20:43: 读取文件成功
2017-06-11T21:21:43: 读取文件成功
2017-06-11T21:22:43: 读取文件成功
2017-06-11T21:23:43: 读取文件成功
2017-06-11T21:24:43: 读取文件成功
2017-06-11T21:25:43: 读取文件成功
2017-06-11T21:26:44: 读取文件成功
2017-06-11T21:27:44: 读取文件成功
2017-06-11T21:28:44: 读取文件成功
2017-06-11T21:29:43: 读取文件成功
2017-06-11T21:30:44: 读取文件成功
2017-06-11T21:31:43: 读取文件成功
2017-06-11T21:32:43: 读取文件成功
2017-06-11T21:33:43: 读取文件成功
2017-06-11T21:34:43: 读取文件成功
2017-06-11T21:35:43: 读取文件成功
2017-06-11T21:36:43: 读取文件成功
2017-06-11T21:37:43: 读取文件成功
2017-06-11T21:38:43: 读取文件成功
2017-06-11T21:39:45: 读取文件成功
2017-06-11T21:40:44: 读取文件成功
2017-06-11T21:41:43: 读取文件成功
2017-06-11T21:42:43: 读取文件成功
2017-06-11T21:43:43: 读取文件成功
2017-06-11T21:44:43: 读取文件成功
2017-06-11T21:45:43: 读取文件成功
2017-06-11T21:46:43: 读取文件成功
2017-06-11T21:47:43: 读取文件成功
2017-06-11T21:48:44: 读取文件成功
2017-06-11T21:49:43: 读取文件成功
2017-06-11T21:50:43: 读取文件成功
2017-06-11T21:51:43: 读取文件成功
2017-06-11T21:52:43: 读取文件成功
2017-06-11T21:53:43: 读取文件成功
2017-06-11T21:54:43: 读取文件成功
2017-06-11T21:55:43: 读取文件成功
2017-06-11T21:56:43: 读取文件成功
2017-06-11T21:57:43: 读取文件成功
2017-06-11T21:58:43: 读取文件成功
2017-06-11T21:59:43: 读取文件成功
2017-06-11T22:00:44: 读取文件成功
2017-06-11T22:01:43: 读取文件成功
2017-06-11T22:02:43: 读取文件成功
2017-06-11T22:03:44: 读取文件成功
2017-06-11T22:04:44: 读取文件成功
2017-06-11T22:05:43: 读取文件成功
2017-06-11T22:06:44: 读取文件成功
2017-06-11T22:07:44: 读取文件成功
2017-06-11T22:08:43: 读取文件成功
2017-06-11T22:09:44: 读取文件成功
2017-06-11T22:10:44: 读取文件成功
2017-06-11T22:11:44: 读取文件成功
2017-06-11T22:12:44: 读取文件成功
2017-06-11T22:13:44: 读取文件成功
2017-06-11T22:14:44: 读取文件成功
2017-06-11T22:15:44: 读取文件成功
2017-06-11T22:16:44: 读取文件成功
2017-06-11T22:17:44: 读取文件成功
2017-06-11T22:18:44: 读取文件成功
2017-06-11T22:19:44: 读取文件成功
2017-06-11T22:20:44: 读取文件成功
2017-06-11T22:21:44: 读取文件成功
2017-06-11T22:22:44: 读取文件成功
2017-06-11T22:23:44: 读取文件成功
2017-06-11T22:24:44: 读取文件成功
2017-06-11T22:25:44: 读取文件成功
2017-06-11T22:26:44: 读取文件成功
2017-06-11T22:27:44: 读取文件成功
2017-06-11T22:28:44: 读取文件成功
2017-06-11T22:29:44: 读取文件成功
2017-06-11T22:30:44: 读取文件成功
2017-06-11T22:31:44: 读取文件成功
2017-06-11T22:32:44: 读取文件成功
2017-06-11T22:33:44: 读取文件成功
2017-06-11T22:34:44: 读取文件成功
2017-06-11T22:35:44: 读取文件成功
2017-06-11T22:36:44: 读取文件成功
2017-06-11T22:37:44: 读取文件成功
2017-06-11T22:38:44: 读取文件成功
2017-06-11T22:39:44: 读取文件成功
2017-06-11T22:40:44: 读取文件成功
2017-06-11T22:41:44: 读取文件成功
2017-06-11T22:42:44: 读取文件成功
2017-06-11T22:43:44: 读取文件成功
2017-06-11T22:44:44: 读取文件成功
2017-06-11T22:45:44: 读取文件成功
2017-06-11T22:46:44: 读取文件成功
2017-06-11T22:47:44: 读取文件成功
2017-06-11T22:48:44: 读取文件成功
2017-06-11T22:49:44: 读取文件成功
2017-06-11T22:50:44: 读取文件成功
2017-06-11T22:51:44: 读取文件成功
2017-06-11T22:52:44: 读取文件成功
2017-06-11T22:53:44: 读取文件成功
2017-06-11T22:54:44: 读取文件成功
2017-06-11T22:55:44: 读取文件成功
2017-06-11T22:56:45: 读取文件成功
2017-06-11T22:57:44: 读取文件成功
2017-06-11T22:58:44: 读取文件成功
2017-06-11T22:59:44: 读取文件成功
2017-06-11T23:00:44: 读取文件成功
2017-06-11T23:01:44: 读取文件成功
2017-06-11T23:02:44: 读取文件成功
2017-06-11T23:03:44: 读取文件成功
2017-06-11T23:04:44: 读取文件成功
2017-06-11T23:05:44: 读取文件成功
2017-06-11T23:06:44: 读取文件成功
2017-06-11T23:07:44: 读取文件成功
2017-06-11T23:08:44: 读取文件成功
2017-06-11T23:09:44: 读取文件成功
2017-06-11T23:10:44: 读取文件成功
2017-06-11T23:11:44: 读取文件成功
2017-06-11T23:12:44: 读取文件成功
2017-06-11T23:13:44: 读取文件成功
2017-06-11T23:14:44: 读取文件成功
2017-06-11T23:15:44: 读取文件成功
2017-06-11T23:16:44: 读取文件成功
2017-06-11T23:17:44: 读取文件成功
2017-06-11T23:18:44: 读取文件成功
2017-06-11T23:19:44: 读取文件成功
2017-06-11T23:20:44: 读取文件成功
2017-06-11T23:21:44: 读取文件成功
2017-06-11T23:22:44: 读取文件成功
2017-06-11T23:23:44: 读取文件成功
2017-06-11T23:24:44: 读取文件成功
2017-06-11T23:25:44: 读取文件成功
2017-06-11T23:26:44: 读取文件成功
2017-06-11T23:27:44: 读取文件成功
2017-06-11T23:28:44: 读取文件成功
2017-06-11T23:29:44: 读取文件成功
2017-06-11T23:30:44: 读取文件成功
2017-06-11T23:31:44: 读取文件成功
2017-06-11T23:32:44: 读取文件成功
2017-06-11T23:33:44: 读取文件成功
2017-06-11T23:34:44: 读取文件成功
2017-06-11T23:35:45: 读取文件成功
2017-06-11T23:36:44: 读取文件成功
2017-06-11T23:37:44: 读取文件成功
2017-06-11T23:38:44: 读取文件成功
2017-06-11T23:39:44: 读取文件成功
2017-06-11T23:40:44: 读取文件成功
2017-06-11T23:41:45: 读取文件成功
2017-06-11T23:42:44: 读取文件成功
2017-06-11T23:43:44: 读取文件成功
2017-06-11T23:44:44: 读取文件成功
2017-06-11T23:45:44: 读取文件成功
2017-06-11T23:46:44: 读取文件成功
2017-06-11T23:47:45: 读取文件成功
2017-06-11T23:48:45: 读取文件成功
2017-06-11T23:49:45: 读取文件成功
2017-06-11T23:50:44: 非记录时间：2017-06-11T23:50:44+08:00
2017-06-11T23:51:44: 非记录时间：2017-06-11T23:51:44+08:00
2017-06-11T23:52:44: 非记录时间：2017-06-11T23:52:44+08:00
2017-06-11T23:53:44: 非记录时间：2017-06-11T23:53:44+08:00
2017-06-11T23:54:44: 非记录时间：2017-06-11T23:54:44+08:00
2017-06-11T23:55:44: 非记录时间：2017-06-11T23:55:44+08:00
2017-06-11T23:56:44: 非记录时间：2017-06-11T23:56:44+08:00
2017-06-11T23:57:44: 非记录时间：2017-06-11T23:57:44+08:00
2017-06-11T23:58:44: 非记录时间：2017-06-11T23:58:44+08:00
2017-06-11T23:59:44: 非记录时间：2017-06-11T23:59:44+08:00
