2017-10-21T00:00:57: 非记录时间：2017-10-21T00:00:57+08:00
2017-10-21T00:01:57: 非记录时间：2017-10-21T00:01:57+08:00
2017-10-21T00:02:57: 非记录时间：2017-10-21T00:02:57+08:00
2017-10-21T00:03:57: 非记录时间：2017-10-21T00:03:57+08:00
2017-10-21T00:04:57: 非记录时间：2017-10-21T00:04:57+08:00
2017-10-21T00:05:57: 非记录时间：2017-10-21T00:05:57+08:00
2017-10-21T00:06:57: 非记录时间：2017-10-21T00:06:57+08:00
2017-10-21T00:07:57: 非记录时间：2017-10-21T00:07:57+08:00
2017-10-21T00:08:57: 非记录时间：2017-10-21T00:08:57+08:00
2017-10-21T00:09:57: 非记录时间：2017-10-21T00:09:57+08:00
2017-10-21T00:10:57: 非记录时间：2017-10-21T00:10:57+08:00
2017-10-21T00:11:57: 非记录时间：2017-10-21T00:11:57+08:00
2017-10-21T00:12:57: 非记录时间：2017-10-21T00:12:57+08:00
2017-10-21T00:13:57: 非记录时间：2017-10-21T00:13:57+08:00
2017-10-21T00:14:57: 非记录时间：2017-10-21T00:14:57+08:00
2017-10-21T00:15:57: 非记录时间：2017-10-21T00:15:57+08:00
2017-10-21T00:16:57: 非记录时间：2017-10-21T00:16:57+08:00
2017-10-21T00:17:57: 非记录时间：2017-10-21T00:17:57+08:00
2017-10-21T00:18:57: 非记录时间：2017-10-21T00:18:57+08:00
2017-10-21T00:19:57: 非记录时间：2017-10-21T00:19:57+08:00
2017-10-21T00:20:57: 非记录时间：2017-10-21T00:20:57+08:00
2017-10-21T00:21:57: 非记录时间：2017-10-21T00:21:57+08:00
2017-10-21T00:22:57: 非记录时间：2017-10-21T00:22:57+08:00
2017-10-21T00:23:57: 非记录时间：2017-10-21T00:23:57+08:00
2017-10-21T00:24:57: 非记录时间：2017-10-21T00:24:57+08:00
2017-10-21T00:25:57: 非记录时间：2017-10-21T00:25:57+08:00
2017-10-21T00:26:57: 非记录时间：2017-10-21T00:26:57+08:00
2017-10-21T00:27:57: 非记录时间：2017-10-21T00:27:57+08:00
2017-10-21T00:28:57: 非记录时间：2017-10-21T00:28:57+08:00
2017-10-21T00:29:57: 非记录时间：2017-10-21T00:29:57+08:00
2017-10-21T00:30:57: 非记录时间：2017-10-21T00:30:57+08:00
2017-10-21T00:31:57: 非记录时间：2017-10-21T00:31:57+08:00
2017-10-21T00:32:57: 非记录时间：2017-10-21T00:32:57+08:00
2017-10-21T00:33:57: 非记录时间：2017-10-21T00:33:57+08:00
2017-10-21T00:34:57: 非记录时间：2017-10-21T00:34:57+08:00
2017-10-21T00:35:57: 非记录时间：2017-10-21T00:35:57+08:00
2017-10-21T00:36:57: 非记录时间：2017-10-21T00:36:57+08:00
2017-10-21T00:37:57: 非记录时间：2017-10-21T00:37:57+08:00
2017-10-21T00:38:57: 非记录时间：2017-10-21T00:38:57+08:00
2017-10-21T00:39:57: 非记录时间：2017-10-21T00:39:57+08:00
2017-10-21T00:40:58: 非记录时间：2017-10-21T00:40:58+08:00
2017-10-21T00:41:58: 非记录时间：2017-10-21T00:41:58+08:00
2017-10-21T00:42:58: 非记录时间：2017-10-21T00:42:58+08:00
2017-10-21T00:43:58: 非记录时间：2017-10-21T00:43:58+08:00
2017-10-21T00:44:58: 非记录时间：2017-10-21T00:44:58+08:00
2017-10-21T00:45:58: 非记录时间：2017-10-21T00:45:58+08:00
2017-10-21T00:46:58: 非记录时间：2017-10-21T00:46:58+08:00
2017-10-21T00:47:58: 非记录时间：2017-10-21T00:47:58+08:00
2017-10-21T00:48:58: 非记录时间：2017-10-21T00:48:58+08:00
2017-10-21T00:49:58: 非记录时间：2017-10-21T00:49:58+08:00
2017-10-21T00:50:58: 非记录时间：2017-10-21T00:50:58+08:00
2017-10-21T00:51:58: 非记录时间：2017-10-21T00:51:58+08:00
2017-10-21T00:52:58: 非记录时间：2017-10-21T00:52:58+08:00
2017-10-21T00:53:58: 非记录时间：2017-10-21T00:53:58+08:00
2017-10-21T00:54:58: 非记录时间：2017-10-21T00:54:58+08:00
2017-10-21T00:55:58: 非记录时间：2017-10-21T00:55:58+08:00
2017-10-21T00:56:58: 非记录时间：2017-10-21T00:56:58+08:00
2017-10-21T00:57:58: 非记录时间：2017-10-21T00:57:58+08:00
2017-10-21T00:58:58: 非记录时间：2017-10-21T00:58:58+08:00
2017-10-21T00:59:58: 非记录时间：2017-10-21T00:59:58+08:00
2017-10-21T01:00:58: 非记录时间：2017-10-21T01:00:58+08:00
2017-10-21T01:01:58: 非记录时间：2017-10-21T01:01:58+08:00
2017-10-21T01:02:58: 非记录时间：2017-10-21T01:02:58+08:00
2017-10-21T01:03:58: 非记录时间：2017-10-21T01:03:58+08:00
2017-10-21T01:04:58: 非记录时间：2017-10-21T01:04:58+08:00
2017-10-21T01:05:58: 非记录时间：2017-10-21T01:05:58+08:00
2017-10-21T01:06:58: 非记录时间：2017-10-21T01:06:58+08:00
2017-10-21T01:07:58: 非记录时间：2017-10-21T01:07:58+08:00
2017-10-21T01:08:58: 非记录时间：2017-10-21T01:08:58+08:00
2017-10-21T01:09:58: 非记录时间：2017-10-21T01:09:58+08:00
2017-10-21T01:10:58: 非记录时间：2017-10-21T01:10:58+08:00
2017-10-21T01:11:58: 读取文件失败，可能是该文件不存在
2017-10-21T01:11:58: Error: ENOENT: no such file or directory, open './data/2017-10-21.json'
2017-10-21T01:12:58: 读取文件成功
2017-10-21T01:13:58: 读取文件成功
2017-10-21T01:14:58: 读取文件成功
2017-10-21T01:15:58: 读取文件成功
2017-10-21T01:16:58: 读取文件成功
2017-10-21T01:17:58: 读取文件成功
2017-10-21T01:18:58: 读取文件成功
2017-10-21T01:19:58: 读取文件成功
2017-10-21T01:20:58: 读取文件成功
2017-10-21T01:21:58: 读取文件成功
2017-10-21T01:22:58: 读取文件成功
2017-10-21T01:23:58: 读取文件成功
2017-10-21T01:24:58: 读取文件成功
2017-10-21T01:25:58: 读取文件成功
2017-10-21T01:26:58: 读取文件成功
2017-10-21T01:27:58: 读取文件成功
2017-10-21T01:28:58: 读取文件成功
2017-10-21T01:29:58: 读取文件成功
2017-10-21T01:30:58: 读取文件成功
2017-10-21T01:31:58: 读取文件成功
2017-10-21T01:32:58: 读取文件成功
2017-10-21T01:33:58: 读取文件成功
2017-10-21T01:34:58: 读取文件成功
2017-10-21T01:35:58: 读取文件成功
2017-10-21T01:36:58: 读取文件成功
2017-10-21T01:37:58: 读取文件成功
2017-10-21T01:38:58: 读取文件成功
2017-10-21T01:39:58: 读取文件成功
2017-10-21T01:40:58: 读取文件成功
2017-10-21T01:41:58: 读取文件成功
2017-10-21T01:42:58: 读取文件成功
2017-10-21T01:43:58: 读取文件成功
2017-10-21T01:44:58: 读取文件成功
2017-10-21T01:45:58: 读取文件成功
2017-10-21T01:46:58: 读取文件成功
2017-10-21T01:47:58: 读取文件成功
2017-10-21T01:48:58: 读取文件成功
2017-10-21T01:49:58: 读取文件成功
2017-10-21T01:50:58: 读取文件成功
2017-10-21T01:51:58: 读取文件成功
2017-10-21T01:52:58: 读取文件成功
2017-10-21T01:53:58: 读取文件成功
2017-10-21T01:54:58: 读取文件成功
2017-10-21T01:55:58: 读取文件成功
2017-10-21T01:56:58: 读取文件成功
2017-10-21T01:57:58: 读取文件成功
2017-10-21T01:58:58: 读取文件成功
2017-10-21T01:59:59: 读取文件成功
2017-10-21T02:00:58: 读取文件成功
2017-10-21T02:01:58: 读取文件成功
2017-10-21T02:02:58: 读取文件成功
2017-10-21T02:03:58: 读取文件成功
2017-10-21T02:04:59: 读取文件成功
2017-10-21T02:05:58: 读取文件成功
2017-10-21T02:06:58: 读取文件成功
2017-10-21T02:07:59: 读取文件成功
2017-10-21T02:08:59: 读取文件成功
2017-10-21T02:09:59: 读取文件成功
2017-10-21T02:10:59: 读取文件成功
2017-10-21T02:11:59: 读取文件成功
2017-10-21T02:12:59: 读取文件成功
2017-10-21T02:13:59: 读取文件成功
2017-10-21T02:14:59: 读取文件成功
2017-10-21T02:15:59: 读取文件成功
2017-10-21T02:16:59: 读取文件成功
2017-10-21T02:17:59: 读取文件成功
2017-10-21T02:18:59: 读取文件成功
2017-10-21T02:19:59: 读取文件成功
2017-10-21T02:20:59: 读取文件成功
2017-10-21T02:21:59: 读取文件成功
2017-10-21T02:22:59: 读取文件成功
2017-10-21T02:23:59: 读取文件成功
2017-10-21T02:24:59: 读取文件成功
2017-10-21T02:25:59: 读取文件成功
2017-10-21T02:26:59: 读取文件成功
2017-10-21T02:27:59: 读取文件成功
2017-10-21T02:28:59: 读取文件成功
2017-10-21T02:29:59: 读取文件成功
2017-10-21T02:30:59: 读取文件成功
2017-10-21T02:31:59: 读取文件成功
2017-10-21T02:32:59: 读取文件成功
2017-10-21T02:33:59: 读取文件成功
2017-10-21T02:34:59: 读取文件成功
2017-10-21T02:35:59: 读取文件成功
2017-10-21T02:36:59: 读取文件成功
2017-10-21T02:37:59: 读取文件成功
2017-10-21T02:38:59: 读取文件成功
2017-10-21T02:39:59: 读取文件成功
2017-10-21T02:40:59: 读取文件成功
2017-10-21T02:41:59: 读取文件成功
2017-10-21T02:42:59: 读取文件成功
2017-10-21T02:43:59: 读取文件成功
2017-10-21T02:44:59: 读取文件成功
2017-10-21T02:45:59: 读取文件成功
2017-10-21T02:46:59: 读取文件成功
2017-10-21T02:47:59: 读取文件成功
2017-10-21T02:48:59: 读取文件成功
2017-10-21T02:49:59: 读取文件成功
2017-10-21T02:50:59: 读取文件成功
2017-10-21T02:51:59: 读取文件成功
2017-10-21T02:52:59: 读取文件成功
2017-10-21T02:53:59: 读取文件成功
2017-10-21T02:54:59: 读取文件成功
2017-10-21T02:55:59: 读取文件成功
2017-10-21T02:56:59: 读取文件成功
2017-10-21T02:57:59: 读取文件成功
2017-10-21T02:58:59: 读取文件成功
2017-10-21T02:59:59: 读取文件成功
2017-10-21T03:00:59: 读取文件成功
2017-10-21T03:01:59: 读取文件成功
2017-10-21T03:02:59: 读取文件成功
2017-10-21T03:03:59: 读取文件成功
2017-10-21T03:04:59: 读取文件成功
2017-10-21T03:05:59: 读取文件成功
2017-10-21T03:06:59: 读取文件成功
2017-10-21T03:07:59: 读取文件成功
2017-10-21T03:08:59: 读取文件成功
2017-10-21T03:09:59: 读取文件成功
2017-10-21T03:10:59: 读取文件成功
2017-10-21T03:11:59: 读取文件成功
2017-10-21T03:12:59: 读取文件成功
2017-10-21T03:13:59: 读取文件成功
2017-10-21T03:14:59: 读取文件成功
2017-10-21T03:15:59: 读取文件成功
2017-10-21T03:16:59: 读取文件成功
2017-10-21T03:17:59: 读取文件成功
2017-10-21T03:18:59: 读取文件成功
2017-10-21T03:19:59: 读取文件成功
2017-10-21T03:20:59: 读取文件成功
2017-10-21T03:21:59: 读取文件成功
2017-10-21T03:22:59: 读取文件成功
2017-10-21T03:23:59: 读取文件成功
2017-10-21T03:24:59: 读取文件成功
2017-10-21T03:25:59: 读取文件成功
2017-10-21T03:26:59: 读取文件成功
2017-10-21T03:27:59: 读取文件成功
2017-10-21T03:28:59: 读取文件成功
2017-10-21T03:29:59: 读取文件成功
2017-10-21T03:30:59: 读取文件成功
2017-10-21T03:31:59: 读取文件成功
2017-10-21T03:32:59: 读取文件成功
2017-10-21T03:33:59: 读取文件成功
2017-10-21T03:34:59: 读取文件成功
2017-10-21T03:35:59: 读取文件成功
2017-10-21T03:36:59: 读取文件成功
2017-10-21T03:37:59: 读取文件成功
2017-10-21T03:38:59: 读取文件成功
2017-10-21T03:39:59: 读取文件成功
2017-10-21T03:41:00: 读取文件成功
2017-10-21T03:41:59: 读取文件成功
2017-10-21T03:42:59: 读取文件成功
2017-10-21T03:43:59: 读取文件成功
2017-10-21T03:44:59: 读取文件成功
2017-10-21T03:45:59: 读取文件成功
2017-10-21T03:47:00: 读取文件成功
2017-10-21T03:48:00: 读取文件成功
2017-10-21T03:49:00: 读取文件成功
2017-10-21T03:50:00: 读取文件成功
2017-10-21T03:51:00: 读取文件成功
2017-10-21T03:52:00: 读取文件成功
2017-10-21T03:53:00: 读取文件成功
2017-10-21T03:54:00: 读取文件成功
2017-10-21T03:55:00: 读取文件成功
2017-10-21T03:56:00: 读取文件成功
2017-10-21T03:57:00: 读取文件成功
2017-10-21T03:58:00: 读取文件成功
2017-10-21T03:59:00: 读取文件成功
2017-10-21T04:00:00: 读取文件成功
2017-10-21T04:01:00: 读取文件成功
2017-10-21T04:02:00: 读取文件成功
2017-10-21T04:03:00: 读取文件成功
2017-10-21T04:04:00: 读取文件成功
2017-10-21T04:05:00: 读取文件成功
2017-10-21T04:06:00: 读取文件成功
2017-10-21T04:07:00: 读取文件成功
2017-10-21T04:08:00: 读取文件成功
2017-10-21T04:09:00: 读取文件成功
2017-10-21T04:10:00: 读取文件成功
2017-10-21T04:11:00: 读取文件成功
2017-10-21T04:12:00: 读取文件成功
2017-10-21T04:13:00: 读取文件成功
2017-10-21T04:14:00: 读取文件成功
2017-10-21T04:15:00: 读取文件成功
2017-10-21T04:16:00: 读取文件成功
2017-10-21T04:17:00: 读取文件成功
2017-10-21T04:18:00: 读取文件成功
2017-10-21T04:19:00: 读取文件成功
2017-10-21T04:20:00: 读取文件成功
2017-10-21T04:21:00: 读取文件成功
2017-10-21T04:22:00: 读取文件成功
2017-10-21T04:23:00: 读取文件成功
2017-10-21T04:24:00: 读取文件成功
2017-10-21T04:25:00: 读取文件成功
2017-10-21T04:26:00: 读取文件成功
2017-10-21T04:27:00: 读取文件成功
2017-10-21T04:28:00: 读取文件成功
2017-10-21T04:29:00: 读取文件成功
2017-10-21T04:30:00: 读取文件成功
2017-10-21T04:31:00: 读取文件成功
2017-10-21T04:32:00: 读取文件成功
2017-10-21T04:33:00: 读取文件成功
2017-10-21T04:34:00: 读取文件成功
2017-10-21T04:35:00: 读取文件成功
2017-10-21T04:36:00: 读取文件成功
2017-10-21T04:37:00: 读取文件成功
2017-10-21T04:38:00: 读取文件成功
2017-10-21T04:39:00: 读取文件成功
2017-10-21T04:40:00: 读取文件成功
2017-10-21T04:41:00: 读取文件成功
2017-10-21T04:42:00: 读取文件成功
2017-10-21T04:43:00: 读取文件成功
2017-10-21T04:44:00: 读取文件成功
2017-10-21T04:45:00: 读取文件成功
2017-10-21T04:46:00: 读取文件成功
2017-10-21T04:47:00: 读取文件成功
2017-10-21T04:48:00: 读取文件成功
2017-10-21T04:49:00: 读取文件成功
2017-10-21T04:50:00: 读取文件成功
2017-10-21T04:51:00: 读取文件成功
2017-10-21T04:52:00: 读取文件成功
2017-10-21T04:53:00: 读取文件成功
2017-10-21T04:54:00: 读取文件成功
2017-10-21T04:55:00: 读取文件成功
2017-10-21T04:56:00: 读取文件成功
2017-10-21T04:57:00: 读取文件成功
2017-10-21T04:58:00: 读取文件成功
2017-10-21T04:59:00: 读取文件成功
2017-10-21T05:00:00: 读取文件成功
2017-10-21T05:01:00: 读取文件成功
2017-10-21T05:02:00: 读取文件成功
2017-10-21T05:03:00: 读取文件成功
2017-10-21T05:04:00: 读取文件成功
2017-10-21T05:05:00: 读取文件成功
2017-10-21T05:06:00: 读取文件成功
2017-10-21T05:07:00: 读取文件成功
2017-10-21T05:08:00: 读取文件成功
2017-10-21T05:09:00: 读取文件成功
2017-10-21T05:10:00: 读取文件成功
2017-10-21T05:11:00: 读取文件成功
2017-10-21T05:12:00: 读取文件成功
2017-10-21T05:13:00: 读取文件成功
2017-10-21T05:14:00: 读取文件成功
2017-10-21T05:15:00: 读取文件成功
2017-10-21T05:16:01: 读取文件成功
2017-10-21T05:17:00: 读取文件成功
2017-10-21T05:18:00: 读取文件成功
2017-10-21T05:19:00: 读取文件成功
2017-10-21T05:20:00: 读取文件成功
2017-10-21T05:21:00: 读取文件成功
2017-10-21T05:22:01: 读取文件成功
2017-10-21T05:23:01: 读取文件成功
2017-10-21T05:24:01: 读取文件成功
2017-10-21T05:25:01: 读取文件成功
2017-10-21T05:26:01: 读取文件成功
2017-10-21T05:27:01: 读取文件成功
2017-10-21T05:28:01: 读取文件成功
2017-10-21T05:29:01: 读取文件成功
2017-10-21T05:30:01: 读取文件成功
2017-10-21T05:31:01: 读取文件成功
2017-10-21T05:32:01: 读取文件成功
2017-10-21T05:33:01: 读取文件成功
2017-10-21T05:34:01: 读取文件成功
2017-10-21T05:35:01: 读取文件成功
2017-10-21T05:36:01: 读取文件成功
2017-10-21T05:37:01: 读取文件成功
2017-10-21T05:38:01: 读取文件成功
2017-10-21T05:39:01: 读取文件成功
2017-10-21T05:40:01: 读取文件成功
2017-10-21T05:41:01: 读取文件成功
2017-10-21T05:42:01: 读取文件成功
2017-10-21T05:43:01: 读取文件成功
2017-10-21T05:44:01: 读取文件成功
2017-10-21T05:45:01: 读取文件成功
2017-10-21T05:46:01: 读取文件成功
2017-10-21T05:47:01: 读取文件成功
2017-10-21T05:48:01: 读取文件成功
2017-10-21T05:49:01: 读取文件成功
2017-10-21T05:50:01: 读取文件成功
2017-10-21T05:51:01: 读取文件成功
2017-10-21T05:52:01: 读取文件成功
2017-10-21T05:53:01: 读取文件成功
2017-10-21T05:54:01: 读取文件成功
2017-10-21T05:55:01: 读取文件成功
2017-10-21T05:56:01: 读取文件成功
2017-10-21T05:57:01: 读取文件成功
2017-10-21T05:58:01: 读取文件成功
2017-10-21T05:59:01: 读取文件成功
2017-10-21T06:00:01: 读取文件成功
2017-10-21T06:01:01: 读取文件成功
2017-10-21T06:02:01: 读取文件成功
2017-10-21T06:03:01: 读取文件成功
2017-10-21T06:04:01: 读取文件成功
2017-10-21T06:05:01: 读取文件成功
2017-10-21T06:06:01: 读取文件成功
2017-10-21T06:07:01: 读取文件成功
2017-10-21T06:08:01: 读取文件成功
2017-10-21T06:09:01: 读取文件成功
2017-10-21T06:10:01: 读取文件成功
2017-10-21T06:11:01: 读取文件成功
2017-10-21T06:12:01: 读取文件成功
2017-10-21T06:13:01: 读取文件成功
2017-10-21T06:14:01: 读取文件成功
2017-10-21T06:15:01: 读取文件成功
2017-10-21T06:16:01: 读取文件成功
2017-10-21T06:17:01: 读取文件成功
2017-10-21T06:18:01: 读取文件成功
2017-10-21T06:19:01: 读取文件成功
2017-10-21T06:20:01: 读取文件成功
2017-10-21T06:21:01: 读取文件成功
2017-10-21T06:22:01: 读取文件成功
2017-10-21T06:23:01: 读取文件成功
2017-10-21T06:24:01: 读取文件成功
2017-10-21T06:25:01: 读取文件成功
2017-10-21T06:26:01: 读取文件成功
2017-10-21T06:27:01: 读取文件成功
2017-10-21T06:28:01: 读取文件成功
2017-10-21T06:29:01: 读取文件成功
2017-10-21T06:30:01: 读取文件成功
2017-10-21T06:31:01: 读取文件成功
2017-10-21T06:32:01: 读取文件成功
2017-10-21T06:33:01: 读取文件成功
2017-10-21T06:34:01: 读取文件成功
2017-10-21T06:35:01: 读取文件成功
2017-10-21T06:36:01: 读取文件成功
2017-10-21T06:37:01: 读取文件成功
2017-10-21T06:38:01: 读取文件成功
2017-10-21T06:39:01: 读取文件成功
2017-10-21T06:40:01: 读取文件成功
2017-10-21T06:41:01: 读取文件成功
2017-10-21T06:42:01: 读取文件成功
2017-10-21T06:43:01: 读取文件成功
2017-10-21T06:44:01: 读取文件成功
2017-10-21T06:45:01: 读取文件成功
2017-10-21T06:46:02: 读取文件成功
2017-10-21T06:47:01: 读取文件成功
2017-10-21T06:48:01: 读取文件成功
2017-10-21T06:49:01: 读取文件成功
2017-10-21T06:50:01: 读取文件成功
2017-10-21T06:51:01: 读取文件成功
2017-10-21T06:52:02: 读取文件成功
2017-10-21T06:53:01: 读取文件成功
2017-10-21T06:54:01: 读取文件成功
2017-10-21T06:55:02: 读取文件成功
2017-10-21T06:56:01: 读取文件成功
2017-10-21T06:57:01: 读取文件成功
2017-10-21T06:58:02: 读取文件成功
2017-10-21T06:59:02: 读取文件成功
2017-10-21T07:00:02: 读取文件成功
2017-10-21T07:01:02: 读取文件成功
2017-10-21T07:02:02: 读取文件成功
2017-10-21T07:03:02: 读取文件成功
2017-10-21T07:04:02: 读取文件成功
2017-10-21T07:05:02: 读取文件成功
2017-10-21T07:06:02: 读取文件成功
2017-10-21T07:07:02: 读取文件成功
2017-10-21T07:08:02: 读取文件成功
2017-10-21T07:09:02: 读取文件成功
2017-10-21T07:10:02: 读取文件成功
2017-10-21T07:11:02: 读取文件成功
2017-10-21T07:12:02: 读取文件成功
2017-10-21T07:13:02: 读取文件成功
2017-10-21T07:14:02: 读取文件成功
2017-10-21T07:15:02: 读取文件成功
2017-10-21T07:16:02: 读取文件成功
2017-10-21T07:17:02: 读取文件成功
2017-10-21T07:18:02: 读取文件成功
2017-10-21T07:19:02: 读取文件成功
2017-10-21T07:20:02: 读取文件成功
2017-10-21T07:21:02: 读取文件成功
2017-10-21T07:22:02: 读取文件成功
2017-10-21T07:23:02: 读取文件成功
2017-10-21T07:24:02: 读取文件成功
2017-10-21T07:25:02: 读取文件成功
2017-10-21T07:26:02: 读取文件成功
2017-10-21T07:27:02: 读取文件成功
2017-10-21T07:28:02: 读取文件成功
2017-10-21T07:29:02: 读取文件成功
2017-10-21T07:30:02: 读取文件成功
2017-10-21T07:31:02: 读取文件成功
2017-10-21T07:32:02: 读取文件成功
2017-10-21T07:33:02: 读取文件成功
2017-10-21T07:34:02: 读取文件成功
2017-10-21T07:35:02: 读取文件成功
2017-10-21T07:36:02: 读取文件成功
2017-10-21T07:37:02: 读取文件成功
2017-10-21T07:38:02: 读取文件成功
2017-10-21T07:39:02: 读取文件成功
2017-10-21T07:40:02: 读取文件成功
2017-10-21T07:41:02: 读取文件成功
2017-10-21T07:42:02: 读取文件成功
2017-10-21T07:43:02: 读取文件成功
2017-10-21T07:44:02: 读取文件成功
2017-10-21T07:45:02: 读取文件成功
2017-10-21T07:46:02: 读取文件成功
2017-10-21T07:47:02: 读取文件成功
2017-10-21T07:48:02: 读取文件成功
2017-10-21T07:49:02: 读取文件成功
2017-10-21T07:50:02: 读取文件成功
2017-10-21T07:51:02: 读取文件成功
2017-10-21T07:52:02: 读取文件成功
2017-10-21T07:53:02: 读取文件成功
2017-10-21T07:54:02: 读取文件成功
2017-10-21T07:55:02: 读取文件成功
2017-10-21T07:56:02: 读取文件成功
2017-10-21T07:57:02: 读取文件成功
2017-10-21T07:58:02: 读取文件成功
2017-10-21T07:59:02: 读取文件成功
2017-10-21T08:00:02: 读取文件成功
2017-10-21T08:01:02: 读取文件成功
2017-10-21T08:02:02: 读取文件成功
2017-10-21T08:03:02: 读取文件成功
2017-10-21T08:04:02: 读取文件成功
2017-10-21T08:05:02: 读取文件成功
2017-10-21T08:06:02: 读取文件成功
2017-10-21T08:07:02: 读取文件成功
2017-10-21T08:08:02: 读取文件成功
2017-10-21T08:09:02: 读取文件成功
2017-10-21T08:10:02: 读取文件成功
2017-10-21T08:11:02: 读取文件成功
2017-10-21T08:12:02: 读取文件成功
2017-10-21T08:13:02: 读取文件成功
2017-10-21T08:14:02: 读取文件成功
2017-10-21T08:15:02: 读取文件成功
2017-10-21T08:16:02: 读取文件成功
2017-10-21T08:17:02: 读取文件成功
2017-10-21T08:18:02: 读取文件成功
2017-10-21T08:19:02: 读取文件成功
2017-10-21T08:20:02: 读取文件成功
2017-10-21T08:21:02: 读取文件成功
2017-10-21T08:22:02: 读取文件成功
2017-10-21T08:23:02: 读取文件成功
2017-10-21T08:24:02: 读取文件成功
2017-10-21T08:25:02: 读取文件成功
2017-10-21T08:26:02: 读取文件成功
2017-10-21T08:27:03: 读取文件成功
2017-10-21T08:28:02: 读取文件成功
2017-10-21T08:29:02: 读取文件成功
2017-10-21T08:30:02: 读取文件成功
2017-10-21T08:31:02: 读取文件成功
2017-10-21T08:32:02: 读取文件成功
2017-10-21T08:33:03: 读取文件成功
2017-10-21T08:34:02: 读取文件成功
2017-10-21T08:35:02: 读取文件成功
2017-10-21T08:36:02: 读取文件成功
2017-10-21T08:37:03: 读取文件成功
2017-10-21T08:38:03: 读取文件成功
2017-10-21T08:39:03: 读取文件成功
2017-10-21T08:40:03: 读取文件成功
2017-10-21T08:41:03: 读取文件成功
2017-10-21T08:42:03: 读取文件成功
2017-10-21T08:43:03: 读取文件成功
2017-10-21T08:44:03: 读取文件成功
2017-10-21T08:45:03: 读取文件成功
2017-10-21T08:46:03: 读取文件成功
2017-10-21T08:47:03: 读取文件成功
2017-10-21T08:48:03: 读取文件成功
2017-10-21T08:49:03: 读取文件成功
2017-10-21T08:50:03: 读取文件成功
2017-10-21T08:51:03: 读取文件成功
2017-10-21T08:52:03: 读取文件成功
2017-10-21T08:53:03: 读取文件成功
2017-10-21T08:54:03: 读取文件成功
2017-10-21T08:55:03: 读取文件成功
2017-10-21T08:56:03: 读取文件成功
2017-10-21T08:57:03: 读取文件成功
2017-10-21T08:58:03: 读取文件成功
2017-10-21T08:59:03: 读取文件成功
2017-10-21T09:00:03: 读取文件成功
2017-10-21T09:01:03: 读取文件成功
2017-10-21T09:02:03: 读取文件成功
2017-10-21T09:03:03: 读取文件成功
2017-10-21T09:04:03: 读取文件成功
2017-10-21T09:05:03: 读取文件成功
2017-10-21T09:06:03: 读取文件成功
2017-10-21T09:07:03: 读取文件成功
2017-10-21T09:08:03: 读取文件成功
2017-10-21T09:09:03: 读取文件成功
2017-10-21T09:10:03: 读取文件成功
2017-10-21T09:11:03: 读取文件成功
2017-10-21T09:12:03: 读取文件成功
2017-10-21T09:13:03: 读取文件成功
2017-10-21T09:14:03: 读取文件成功
2017-10-21T09:15:03: 读取文件成功
2017-10-21T09:16:03: 读取文件成功
2017-10-21T09:17:03: 读取文件成功
2017-10-21T09:18:03: 读取文件成功
2017-10-21T09:19:03: 读取文件成功
2017-10-21T09:20:03: 读取文件成功
2017-10-21T09:21:03: 读取文件成功
2017-10-21T09:22:03: 读取文件成功
2017-10-21T09:23:03: 读取文件成功
2017-10-21T09:24:03: 读取文件成功
2017-10-21T09:25:03: 读取文件成功
2017-10-21T09:26:03: 读取文件成功
2017-10-21T09:27:03: 读取文件成功
2017-10-21T09:28:03: 读取文件成功
2017-10-21T09:29:03: 读取文件成功
2017-10-21T09:30:03: 读取文件成功
2017-10-21T09:31:03: 读取文件成功
2017-10-21T09:32:03: 读取文件成功
2017-10-21T09:33:03: 读取文件成功
2017-10-21T09:34:03: 读取文件成功
2017-10-21T09:35:03: 读取文件成功
2017-10-21T09:36:03: 读取文件成功
2017-10-21T09:37:03: 读取文件成功
2017-10-21T09:38:03: 读取文件成功
2017-10-21T09:39:03: 读取文件成功
2017-10-21T09:40:03: 读取文件成功
2017-10-21T09:41:03: 读取文件成功
2017-10-21T09:42:03: 读取文件成功
2017-10-21T09:43:03: 读取文件成功
2017-10-21T09:44:03: 读取文件成功
2017-10-21T09:45:03: 读取文件成功
2017-10-21T09:46:03: 读取文件成功
2017-10-21T09:47:03: 读取文件成功
2017-10-21T09:48:03: 读取文件成功
2017-10-21T09:49:03: 读取文件成功
2017-10-21T09:50:03: 读取文件成功
2017-10-21T09:51:03: 读取文件成功
2017-10-21T09:52:03: 读取文件成功
2017-10-21T09:53:03: 读取文件成功
2017-10-21T09:54:03: 读取文件成功
2017-10-21T09:55:04: 读取文件成功
2017-10-21T09:56:03: 读取文件成功
2017-10-21T09:57:03: 读取文件成功
2017-10-21T09:58:03: 读取文件成功
2017-10-21T09:59:03: 读取文件成功
2017-10-21T10:00:03: 读取文件成功
2017-10-21T10:01:04: 读取文件成功
2017-10-21T10:02:03: 读取文件成功
2017-10-21T10:03:03: 读取文件成功
2017-10-21T10:04:03: 读取文件成功
2017-10-21T10:05:03: 读取文件成功
2017-10-21T10:06:04: 读取文件成功
2017-10-21T10:07:04: 读取文件成功
2017-10-21T10:08:04: 读取文件成功
2017-10-21T10:09:03: 读取文件成功
2017-10-21T10:10:04: 读取文件成功
2017-10-21T10:11:04: 读取文件成功
2017-10-21T10:12:04: 读取文件成功
2017-10-21T10:13:04: 读取文件成功
2017-10-21T10:14:04: 读取文件成功
2017-10-21T10:15:04: 读取文件成功
2017-10-21T10:16:04: 读取文件成功
2017-10-21T10:17:04: 读取文件成功
2017-10-21T10:18:04: 读取文件成功
2017-10-21T10:19:04: 读取文件成功
2017-10-21T10:20:04: 读取文件成功
2017-10-21T10:21:04: 读取文件成功
2017-10-21T10:22:04: 读取文件成功
2017-10-21T10:23:04: 读取文件成功
2017-10-21T10:24:04: 读取文件成功
2017-10-21T10:25:04: 读取文件成功
2017-10-21T10:26:04: 读取文件成功
2017-10-21T10:27:04: 读取文件成功
2017-10-21T10:28:04: 读取文件成功
2017-10-21T10:29:04: 读取文件成功
2017-10-21T10:30:04: 读取文件成功
2017-10-21T10:31:04: 读取文件成功
2017-10-21T10:32:04: 读取文件成功
2017-10-21T10:33:04: 读取文件成功
2017-10-21T10:34:04: 读取文件成功
2017-10-21T10:35:04: 读取文件成功
2017-10-21T10:36:04: 读取文件成功
2017-10-21T10:37:04: 读取文件成功
2017-10-21T10:38:04: 读取文件成功
2017-10-21T10:39:04: 读取文件成功
2017-10-21T10:40:04: 读取文件成功
2017-10-21T10:41:04: 读取文件成功
2017-10-21T10:42:04: 读取文件成功
2017-10-21T10:43:04: 读取文件成功
2017-10-21T10:44:04: 读取文件成功
2017-10-21T10:45:04: 读取文件成功
2017-10-21T10:46:04: 读取文件成功
2017-10-21T10:47:04: 读取文件成功
2017-10-21T10:48:04: 读取文件成功
2017-10-21T10:49:04: 读取文件成功
2017-10-21T10:50:04: 读取文件成功
2017-10-21T10:51:04: 读取文件成功
2017-10-21T10:52:04: 读取文件成功
2017-10-21T10:53:04: 读取文件成功
2017-10-21T10:54:04: 读取文件成功
2017-10-21T10:55:04: 读取文件成功
2017-10-21T10:56:04: 读取文件成功
2017-10-21T10:57:04: 读取文件成功
2017-10-21T10:58:04: 读取文件成功
2017-10-21T10:59:04: 读取文件成功
2017-10-21T11:00:04: 读取文件成功
2017-10-21T11:01:04: 读取文件成功
2017-10-21T11:02:04: 读取文件成功
2017-10-21T11:03:04: 读取文件成功
2017-10-21T11:04:04: 读取文件成功
2017-10-21T11:05:04: 读取文件成功
2017-10-21T11:06:04: 读取文件成功
2017-10-21T11:07:04: 读取文件成功
2017-10-21T11:08:04: 读取文件成功
2017-10-21T11:09:04: 读取文件成功
2017-10-21T11:10:04: 读取文件成功
2017-10-21T11:11:04: 读取文件成功
2017-10-21T11:12:04: 读取文件成功
2017-10-21T11:13:04: 读取文件成功
2017-10-21T11:14:04: 读取文件成功
2017-10-21T11:15:04: 读取文件成功
2017-10-21T11:16:04: 读取文件成功
2017-10-21T11:17:04: 读取文件成功
2017-10-21T11:18:04: 读取文件成功
2017-10-21T11:19:04: 读取文件成功
2017-10-21T11:20:04: 读取文件成功
2017-10-21T11:21:04: 读取文件成功
2017-10-21T11:22:04: 读取文件成功
2017-10-21T11:23:04: 读取文件成功
2017-10-21T11:24:04: 读取文件成功
2017-10-21T11:25:04: 读取文件成功
2017-10-21T11:26:04: 读取文件成功
2017-10-21T11:27:04: 读取文件成功
2017-10-21T11:28:04: 读取文件成功
2017-10-21T11:29:04: 读取文件成功
2017-10-21T11:30:05: 读取文件成功
2017-10-21T11:31:04: 读取文件成功
2017-10-21T11:32:04: 读取文件成功
2017-10-21T11:33:04: 读取文件成功
2017-10-21T11:34:04: 读取文件成功
2017-10-21T11:35:04: 读取文件成功
2017-10-21T11:36:05: 读取文件成功
2017-10-21T11:37:04: 读取文件成功
2017-10-21T11:38:04: 读取文件成功
2017-10-21T11:39:04: 读取文件成功
2017-10-21T11:40:05: 读取文件成功
2017-10-21T11:41:05: 读取文件成功
2017-10-21T11:42:05: 读取文件成功
2017-10-21T11:43:05: 读取文件成功
2017-10-21T11:44:05: 读取文件成功
2017-10-21T11:45:05: 读取文件成功
2017-10-21T11:46:05: 读取文件成功
2017-10-21T11:47:05: 读取文件成功
2017-10-21T11:48:05: 读取文件成功
2017-10-21T11:49:05: 读取文件成功
2017-10-21T11:50:05: 读取文件成功
2017-10-21T11:51:05: 读取文件成功
2017-10-21T11:52:05: 读取文件成功
2017-10-21T11:53:05: 读取文件成功
2017-10-21T11:54:05: 读取文件成功
2017-10-21T11:55:05: 读取文件成功
2017-10-21T11:56:05: 读取文件成功
2017-10-21T11:57:05: 读取文件成功
2017-10-21T11:58:05: 读取文件成功
2017-10-21T11:59:05: 读取文件成功
2017-10-21T12:00:05: 读取文件成功
2017-10-21T12:01:05: 读取文件成功
2017-10-21T12:02:05: 读取文件成功
2017-10-21T12:03:05: 读取文件成功
2017-10-21T12:04:05: 读取文件成功
2017-10-21T12:05:05: 读取文件成功
2017-10-21T12:06:05: 读取文件成功
2017-10-21T12:07:05: 读取文件成功
2017-10-21T12:08:05: 读取文件成功
2017-10-21T12:09:05: 读取文件成功
2017-10-21T12:10:05: 读取文件成功
2017-10-21T12:11:05: 读取文件成功
2017-10-21T12:12:06: 读取文件成功
2017-10-21T12:13:05: 读取文件成功
2017-10-21T12:14:05: 读取文件成功
2017-10-21T12:15:05: 读取文件成功
2017-10-21T12:16:05: 读取文件成功
2017-10-21T12:17:05: 读取文件成功
2017-10-21T12:18:05: 读取文件成功
2017-10-21T12:19:05: 读取文件成功
2017-10-21T12:20:05: 读取文件成功
2017-10-21T12:21:05: 读取文件成功
2017-10-21T12:22:05: 读取文件成功
2017-10-21T12:23:05: 读取文件成功
2017-10-21T12:24:05: 读取文件成功
2017-10-21T12:25:05: 读取文件成功
2017-10-21T12:26:05: 读取文件成功
2017-10-21T12:27:05: 读取文件成功
2017-10-21T12:28:05: 读取文件成功
2017-10-21T12:29:05: 读取文件成功
2017-10-21T12:30:05: 读取文件成功
2017-10-21T12:31:05: 读取文件成功
2017-10-21T12:32:05: 读取文件成功
2017-10-21T12:33:05: 读取文件成功
2017-10-21T12:34:05: 读取文件成功
2017-10-21T12:35:05: 读取文件成功
2017-10-21T12:36:05: 读取文件成功
2017-10-21T12:37:05: 读取文件成功
2017-10-21T12:38:05: 读取文件成功
2017-10-21T12:39:05: 读取文件成功
2017-10-21T12:40:05: 读取文件成功
2017-10-21T12:41:05: 读取文件成功
2017-10-21T12:42:05: 读取文件成功
2017-10-21T12:43:05: 读取文件成功
2017-10-21T12:44:05: 读取文件成功
2017-10-21T12:45:05: 读取文件成功
2017-10-21T12:46:05: 读取文件成功
2017-10-21T12:47:05: 读取文件成功
2017-10-21T12:48:05: 读取文件成功
2017-10-21T12:49:05: 读取文件成功
2017-10-21T12:50:05: 读取文件成功
2017-10-21T12:51:05: 读取文件成功
2017-10-21T12:52:05: 读取文件成功
2017-10-21T12:53:05: 读取文件成功
2017-10-21T12:54:05: 读取文件成功
2017-10-21T12:55:05: 读取文件成功
2017-10-21T12:56:05: 读取文件成功
2017-10-21T12:57:05: 读取文件成功
2017-10-21T12:58:05: 读取文件成功
2017-10-21T12:59:05: 读取文件成功
2017-10-21T13:00:05: 读取文件成功
2017-10-21T13:01:05: 读取文件成功
2017-10-21T13:02:05: 读取文件成功
2017-10-21T13:03:05: 读取文件成功
2017-10-21T13:04:05: 读取文件成功
2017-10-21T13:05:06: 读取文件成功
2017-10-21T13:06:05: 读取文件成功
2017-10-21T13:07:05: 读取文件成功
2017-10-21T13:08:05: 读取文件成功
2017-10-21T13:09:05: 读取文件成功
2017-10-21T13:10:05: 读取文件成功
2017-10-21T13:11:06: 读取文件成功
2017-10-21T13:12:05: 读取文件成功
2017-10-21T13:13:05: 读取文件成功
2017-10-21T13:14:06: 读取文件成功
2017-10-21T13:15:05: 读取文件成功
2017-10-21T13:16:05: 读取文件成功
2017-10-21T13:17:06: 读取文件成功
2017-10-21T13:18:05: 读取文件成功
2017-10-21T13:19:05: 读取文件成功
2017-10-21T13:20:06: 读取文件成功
2017-10-21T13:21:06: 读取文件成功
2017-10-21T13:22:06: 读取文件成功
2017-10-21T13:23:06: 读取文件成功
2017-10-21T13:24:06: 读取文件成功
2017-10-21T13:25:06: 读取文件成功
2017-10-21T13:26:06: 读取文件成功
2017-10-21T13:27:06: 读取文件成功
2017-10-21T13:28:06: 读取文件成功
2017-10-21T13:29:06: 读取文件成功
2017-10-21T13:30:06: 读取文件成功
2017-10-21T13:31:06: 读取文件成功
2017-10-21T13:32:06: 读取文件成功
2017-10-21T13:33:06: 读取文件成功
2017-10-21T13:34:06: 读取文件成功
2017-10-21T13:35:06: 读取文件成功
2017-10-21T13:36:06: 读取文件成功
2017-10-21T13:37:06: 读取文件成功
2017-10-21T13:38:06: 读取文件成功
2017-10-21T13:39:06: 读取文件成功
2017-10-21T13:40:06: 读取文件成功
2017-10-21T13:41:06: 读取文件成功
2017-10-21T13:42:06: 读取文件成功
2017-10-21T13:43:06: 读取文件成功
2017-10-21T13:44:06: 读取文件成功
2017-10-21T13:45:06: 读取文件成功
2017-10-21T13:46:06: 读取文件成功
2017-10-21T13:47:06: 读取文件成功
2017-10-21T13:48:06: 读取文件成功
2017-10-21T13:49:06: 读取文件成功
2017-10-21T13:50:06: 读取文件成功
2017-10-21T13:51:06: 读取文件成功
2017-10-21T13:52:06: 读取文件成功
2017-10-21T13:53:06: 读取文件成功
2017-10-21T13:54:06: 读取文件成功
2017-10-21T13:55:06: 读取文件成功
2017-10-21T13:56:06: 读取文件成功
2017-10-21T13:57:06: 读取文件成功
2017-10-21T13:58:06: 读取文件成功
2017-10-21T13:59:06: 读取文件成功
2017-10-21T14:00:06: 读取文件成功
2017-10-21T14:01:06: 读取文件成功
2017-10-21T14:02:06: 读取文件成功
2017-10-21T14:03:06: 读取文件成功
2017-10-21T14:04:06: 读取文件成功
2017-10-21T14:05:06: 读取文件成功
2017-10-21T14:06:06: 读取文件成功
2017-10-21T14:07:06: 读取文件成功
2017-10-21T14:08:06: 读取文件成功
2017-10-21T14:09:06: 读取文件成功
2017-10-21T14:10:06: 读取文件成功
2017-10-21T14:11:06: 读取文件成功
2017-10-21T14:12:06: 读取文件成功
2017-10-21T14:13:07: 读取文件成功
2017-10-21T14:14:06: 读取文件成功
2017-10-21T14:15:06: 读取文件成功
2017-10-21T14:16:08: 读取文件成功
2017-10-21T14:17:28: 读取文件成功
2017-10-21T14:18:12: 读取文件成功
2017-10-21T14:19:06: 读取文件成功
2017-10-21T14:20:06: 读取文件成功
2017-10-21T14:21:06: 读取文件成功
2017-10-21T14:22:06: 读取文件成功
2017-10-21T14:23:06: 读取文件成功
2017-10-21T14:24:06: 读取文件成功
2017-10-21T14:25:06: 读取文件成功
2017-10-21T14:26:06: 读取文件成功
2017-10-21T14:27:06: 读取文件成功
2017-10-21T14:28:06: 读取文件成功
2017-10-21T14:29:06: 读取文件成功
2017-10-21T14:30:06: 读取文件成功
2017-10-21T14:31:06: 读取文件成功
2017-10-21T14:32:06: 读取文件成功
2017-10-21T14:33:06: 读取文件成功
2017-10-21T14:34:06: 读取文件成功
2017-10-21T14:35:06: 读取文件成功
2017-10-21T14:36:06: 读取文件成功
2017-10-21T14:37:06: 读取文件成功
2017-10-21T14:38:06: 读取文件成功
2017-10-21T14:39:06: 读取文件成功
2017-10-21T14:40:06: 读取文件成功
2017-10-21T14:41:07: 读取文件成功
2017-10-21T14:42:06: 读取文件成功
2017-10-21T14:43:06: 读取文件成功
2017-10-21T14:44:06: 读取文件成功
2017-10-21T14:45:06: 读取文件成功
2017-10-21T14:46:06: 读取文件成功
2017-10-21T14:47:07: 读取文件成功
2017-10-21T14:48:06: 读取文件成功
2017-10-21T14:49:06: 读取文件成功
2017-10-21T14:50:06: 读取文件成功
2017-10-21T14:51:07: 读取文件成功
2017-10-21T14:52:06: 读取文件成功
2017-10-21T14:53:07: 读取文件成功
2017-10-21T14:54:07: 读取文件成功
2017-10-21T14:55:07: 读取文件成功
2017-10-21T14:56:07: 读取文件成功
2017-10-21T14:57:07: 读取文件成功
2017-10-21T14:58:07: 读取文件成功
2017-10-21T14:59:07: 读取文件成功
2017-10-21T15:00:07: 读取文件成功
2017-10-21T15:01:07: 读取文件成功
2017-10-21T15:02:07: 读取文件成功
2017-10-21T15:03:07: 读取文件成功
2017-10-21T15:04:07: 读取文件成功
2017-10-21T15:05:07: 读取文件成功
2017-10-21T15:06:07: 读取文件成功
2017-10-21T15:07:07: 读取文件成功
2017-10-21T15:08:07: 读取文件成功
2017-10-21T15:09:07: 读取文件成功
2017-10-21T15:10:07: 读取文件成功
2017-10-21T15:11:07: 读取文件成功
2017-10-21T15:12:07: 读取文件成功
2017-10-21T15:13:07: 读取文件成功
2017-10-21T15:14:07: 读取文件成功
2017-10-21T15:15:07: 读取文件成功
2017-10-21T15:16:07: 读取文件成功
2017-10-21T15:17:07: 读取文件成功
2017-10-21T15:18:07: 读取文件成功
2017-10-21T15:19:07: 读取文件成功
2017-10-21T15:20:07: 读取文件成功
2017-10-21T15:21:07: 读取文件成功
2017-10-21T15:22:07: 读取文件成功
2017-10-21T15:23:07: 读取文件成功
2017-10-21T15:24:07: 读取文件成功
2017-10-21T15:25:07: 读取文件成功
2017-10-21T15:26:07: 读取文件成功
2017-10-21T15:27:07: 读取文件成功
2017-10-21T15:28:07: 读取文件成功
2017-10-21T15:29:07: 读取文件成功
2017-10-21T15:30:07: 读取文件成功
2017-10-21T15:31:07: 读取文件成功
2017-10-21T15:32:07: 读取文件成功
2017-10-21T15:33:07: 读取文件成功
2017-10-21T15:34:07: 读取文件成功
2017-10-21T15:35:07: 读取文件成功
2017-10-21T15:36:07: 读取文件成功
2017-10-21T15:37:07: 读取文件成功
2017-10-21T15:38:07: 读取文件成功
2017-10-21T15:39:07: 读取文件成功
2017-10-21T15:40:07: 读取文件成功
2017-10-21T15:41:07: 读取文件成功
2017-10-21T15:42:07: 读取文件成功
2017-10-21T15:43:07: 读取文件成功
2017-10-21T15:44:07: 读取文件成功
2017-10-21T15:45:07: 读取文件成功
2017-10-21T15:46:07: 读取文件成功
2017-10-21T15:47:07: 读取文件成功
2017-10-21T15:48:07: 读取文件成功
2017-10-21T15:49:07: 读取文件成功
2017-10-21T15:50:07: 读取文件成功
2017-10-21T15:51:07: 读取文件成功
2017-10-21T15:52:07: 读取文件成功
2017-10-21T15:53:07: 读取文件成功
2017-10-21T15:54:07: 读取文件成功
2017-10-21T15:55:07: 读取文件成功
2017-10-21T15:56:07: 读取文件成功
2017-10-21T15:57:07: 读取文件成功
2017-10-21T15:58:08: 读取文件成功
2017-10-21T15:59:07: 读取文件成功
2017-10-21T16:00:07: 读取文件成功
2017-10-21T16:01:07: 读取文件成功
2017-10-21T16:02:07: 读取文件成功
2017-10-21T16:03:07: 读取文件成功
2017-10-21T16:04:08: 读取文件成功
2017-10-21T16:06:07: 读取文件成功
2017-10-21T16:07:07: 读取文件成功
2017-10-21T16:08:07: 读取文件成功
2017-10-21T16:09:07: 读取文件成功
2017-10-21T16:10:07: 读取文件成功
2017-10-21T16:11:07: 读取文件成功
2017-10-21T16:12:07: 读取文件成功
2017-10-21T16:13:07: 读取文件成功
2017-10-21T16:14:07: 读取文件成功
2017-10-21T16:15:07: 读取文件成功
2017-10-21T16:16:08: 读取文件成功
2017-10-21T16:17:07: 读取文件成功
2017-10-21T16:18:07: 读取文件成功
2017-10-21T16:19:07: 读取文件成功
2017-10-21T16:20:07: 读取文件成功
2017-10-21T16:21:07: 读取文件成功
2017-10-21T16:22:08: 读取文件成功
2017-10-21T16:23:07: 读取文件成功
2017-10-21T16:24:08: 读取文件成功
2017-10-21T16:25:08: 读取文件成功
2017-10-21T16:26:07: 读取文件成功
2017-10-21T16:27:08: 读取文件成功
2017-10-21T16:28:08: 读取文件成功
2017-10-21T16:29:08: 读取文件成功
2017-10-21T16:30:08: 读取文件成功
2017-10-21T16:31:08: 读取文件成功
2017-10-21T16:32:08: 读取文件成功
2017-10-21T16:33:08: 读取文件成功
2017-10-21T16:34:09: 读取文件成功
2017-10-21T16:35:08: 读取文件成功
2017-10-21T16:36:08: 读取文件成功
2017-10-21T16:37:09: 读取文件成功
2017-10-21T16:38:08: 读取文件成功
2017-10-21T16:39:08: 读取文件成功
2017-10-21T16:40:08: 读取文件成功
2017-10-21T16:41:08: 读取文件成功
2017-10-21T16:42:08: 读取文件成功
2017-10-21T16:43:08: 读取文件成功
2017-10-21T16:44:08: 读取文件成功
2017-10-21T16:45:08: 读取文件成功
2017-10-21T16:46:08: 读取文件成功
2017-10-21T16:47:08: 读取文件成功
2017-10-21T16:48:08: 读取文件成功
2017-10-21T16:49:08: 读取文件成功
2017-10-21T16:50:08: 读取文件成功
2017-10-21T16:51:08: 读取文件成功
2017-10-21T16:52:08: 读取文件成功
2017-10-21T16:53:08: 读取文件成功
2017-10-21T16:54:09: 读取文件成功
2017-10-21T16:55:08: 读取文件成功
2017-10-21T16:56:08: 读取文件成功
2017-10-21T16:57:08: 读取文件成功
2017-10-21T16:58:08: 读取文件成功
2017-10-21T16:59:08: 读取文件成功
2017-10-21T17:00:09: 读取文件成功
2017-10-21T17:01:08: 读取文件成功
2017-10-21T17:02:08: 读取文件成功
2017-10-21T17:03:08: 读取文件成功
2017-10-21T17:04:08: 读取文件成功
2017-10-21T17:05:08: 读取文件成功
2017-10-21T17:06:08: 读取文件成功
2017-10-21T17:07:08: 读取文件成功
2017-10-21T17:08:10: 读取文件成功
2017-10-21T17:09:08: 读取文件成功
2017-10-21T17:10:08: 读取文件成功
2017-10-21T17:11:08: 读取文件成功
2017-10-21T17:12:08: 读取文件成功
2017-10-21T17:13:08: 读取文件成功
2017-10-21T17:14:08: 读取文件成功
2017-10-21T17:15:08: 读取文件成功
2017-10-21T17:16:08: 读取文件成功
2017-10-21T17:17:08: 读取文件成功
2017-10-21T17:18:08: 读取文件成功
2017-10-21T17:19:09: 读取文件成功
2017-10-21T17:20:08: 读取文件成功
2017-10-21T17:21:08: 读取文件成功
2017-10-21T17:22:08: 读取文件成功
2017-10-21T17:23:08: 读取文件成功
2017-10-21T17:24:08: 读取文件成功
2017-10-21T17:25:08: 读取文件成功
2017-10-21T17:26:08: 读取文件成功
2017-10-21T17:27:08: 读取文件成功
2017-10-21T17:28:08: 读取文件成功
2017-10-21T17:29:08: 读取文件成功
2017-10-21T17:30:08: 读取文件成功
2017-10-21T17:31:08: 读取文件成功
2017-10-21T17:32:08: 读取文件成功
2017-10-21T17:33:08: 读取文件成功
2017-10-21T17:34:08: 读取文件成功
2017-10-21T17:35:08: 读取文件成功
2017-10-21T17:36:08: 读取文件成功
2017-10-21T17:37:08: 读取文件成功
2017-10-21T17:38:08: 读取文件成功
2017-10-21T17:39:08: 读取文件成功
2017-10-21T17:40:08: 读取文件成功
2017-10-21T17:41:08: 读取文件成功
2017-10-21T17:42:08: 读取文件成功
2017-10-21T17:43:08: 读取文件成功
2017-10-21T17:44:08: 读取文件成功
2017-10-21T17:45:08: 读取文件成功
2017-10-21T17:46:08: 读取文件成功
2017-10-21T17:47:08: 读取文件成功
2017-10-21T17:48:08: 读取文件成功
2017-10-21T17:49:08: 读取文件成功
2017-10-21T17:50:08: 读取文件成功
2017-10-21T17:51:08: 读取文件成功
2017-10-21T17:52:08: 读取文件成功
2017-10-21T17:53:08: 读取文件成功
2017-10-21T17:54:08: 读取文件成功
2017-10-21T17:55:09: 读取文件成功
2017-10-21T17:56:08: 读取文件成功
2017-10-21T17:57:08: 读取文件成功
2017-10-21T17:58:09: 读取文件成功
2017-10-21T17:59:08: 读取文件成功
2017-10-21T18:00:08: 读取文件成功
2017-10-21T18:01:08: 读取文件成功
2017-10-21T18:02:08: 读取文件成功
2017-10-21T18:03:08: 读取文件成功
2017-10-21T18:04:09: 读取文件成功
2017-10-21T18:05:08: 读取文件成功
2017-10-21T18:06:08: 读取文件成功
2017-10-21T18:07:09: 读取文件成功
2017-10-21T18:08:09: 读取文件成功
2017-10-21T18:09:09: 读取文件成功
2017-10-21T18:10:09: 读取文件成功
2017-10-21T18:11:09: 读取文件成功
2017-10-21T18:12:09: 读取文件成功
2017-10-21T18:13:09: 读取文件成功
2017-10-21T18:14:09: 读取文件成功
2017-10-21T18:15:09: 读取文件成功
2017-10-21T18:16:09: 读取文件成功
2017-10-21T18:17:09: 读取文件成功
2017-10-21T18:18:09: 读取文件成功
2017-10-21T18:19:09: 读取文件成功
2017-10-21T18:20:09: 读取文件成功
2017-10-21T18:21:09: 读取文件成功
2017-10-21T18:22:09: 读取文件成功
2017-10-21T18:23:09: 读取文件成功
2017-10-21T18:24:09: 读取文件成功
2017-10-21T18:25:09: 读取文件成功
2017-10-21T18:26:09: 读取文件成功
2017-10-21T18:27:09: 读取文件成功
2017-10-21T18:28:09: 读取文件成功
2017-10-21T18:29:09: 读取文件成功
2017-10-21T18:30:09: 读取文件成功
2017-10-21T18:31:09: 读取文件成功
2017-10-21T18:32:09: 读取文件成功
2017-10-21T18:33:09: 读取文件成功
2017-10-21T18:34:09: 读取文件成功
2017-10-21T18:35:09: 读取文件成功
2017-10-21T18:36:09: 读取文件成功
2017-10-21T18:37:09: 读取文件成功
2017-10-21T18:38:09: 读取文件成功
2017-10-21T18:39:09: 读取文件成功
2017-10-21T18:40:09: 读取文件成功
2017-10-21T18:41:09: 读取文件成功
2017-10-21T18:42:09: 读取文件成功
2017-10-21T18:43:09: 读取文件成功
2017-10-21T18:44:09: 读取文件成功
2017-10-21T18:45:09: 读取文件成功
2017-10-21T18:46:09: 读取文件成功
2017-10-21T18:47:09: 读取文件成功
2017-10-21T18:48:09: 读取文件成功
2017-10-21T18:49:09: 读取文件成功
2017-10-21T18:50:09: 读取文件成功
2017-10-21T18:51:09: 读取文件成功
2017-10-21T18:52:09: 读取文件成功
2017-10-21T18:53:09: 读取文件成功
2017-10-21T18:54:09: 读取文件成功
2017-10-21T18:55:09: 读取文件成功
2017-10-21T18:56:09: 读取文件成功
2017-10-21T18:57:09: 读取文件成功
2017-10-21T18:58:09: 读取文件成功
2017-10-21T18:59:09: 读取文件成功
2017-10-21T19:00:09: 读取文件成功
2017-10-21T19:01:09: 读取文件成功
2017-10-21T19:02:09: 读取文件成功
2017-10-21T19:03:09: 读取文件成功
2017-10-21T19:04:09: 读取文件成功
2017-10-21T19:05:09: 读取文件成功
2017-10-21T19:06:09: 读取文件成功
2017-10-21T19:07:09: 读取文件成功
2017-10-21T19:08:10: 读取文件成功
2017-10-21T19:09:09: 读取文件成功
2017-10-21T19:10:11: 读取文件成功
2017-10-21T19:11:09: 读取文件成功
2017-10-21T19:12:09: 读取文件成功
2017-10-21T19:13:09: 读取文件成功
2017-10-21T19:14:10: 读取文件成功
2017-10-21T19:15:09: 读取文件成功
2017-10-21T19:16:09: 读取文件成功
2017-10-21T19:17:09: 读取文件成功
2017-10-21T19:18:09: 读取文件成功
2017-10-21T19:19:09: 读取文件成功
2017-10-21T19:20:09: 读取文件成功
2017-10-21T19:21:09: 读取文件成功
2017-10-21T19:22:09: 读取文件成功
2017-10-21T19:23:09: 读取文件成功
2017-10-21T19:24:09: 读取文件成功
2017-10-21T19:25:10: 读取文件成功
2017-10-21T19:26:09: 读取文件成功
2017-10-21T19:27:10: 读取文件成功
2017-10-21T19:28:09: 读取文件成功
2017-10-21T19:29:09: 读取文件成功
2017-10-21T19:30:10: 读取文件成功
2017-10-21T19:31:10: 读取文件成功
2017-10-21T19:32:10: 读取文件成功
2017-10-21T19:33:10: 读取文件成功
2017-10-21T19:34:09: 读取文件成功
2017-10-21T19:35:10: 读取文件成功
2017-10-21T19:36:10: 读取文件成功
2017-10-21T19:37:10: 读取文件成功
2017-10-21T19:38:10: 读取文件成功
2017-10-21T19:39:10: 读取文件成功
2017-10-21T19:40:10: 读取文件成功
2017-10-21T19:41:10: 读取文件成功
2017-10-21T19:42:10: 读取文件成功
2017-10-21T19:43:10: 读取文件成功
2017-10-21T19:44:10: 读取文件成功
2017-10-21T19:45:10: 读取文件成功
2017-10-21T19:46:10: 读取文件成功
2017-10-21T19:47:10: 读取文件成功
2017-10-21T19:48:10: 读取文件成功
2017-10-21T19:49:10: 读取文件成功
2017-10-21T19:50:10: 读取文件成功
2017-10-21T19:51:10: 读取文件成功
2017-10-21T19:52:10: 读取文件成功
2017-10-21T19:53:10: 读取文件成功
2017-10-21T19:54:10: 读取文件成功
2017-10-21T19:55:10: 读取文件成功
2017-10-21T19:56:10: 读取文件成功
2017-10-21T19:57:10: 读取文件成功
2017-10-21T19:58:10: 读取文件成功
2017-10-21T19:59:10: 读取文件成功
2017-10-21T20:00:13: 读取文件成功
2017-10-21T20:01:10: 读取文件成功
2017-10-21T20:02:10: 读取文件成功
2017-10-21T20:03:10: 读取文件成功
2017-10-21T20:04:10: 读取文件成功
2017-10-21T20:05:10: 读取文件成功
2017-10-21T20:06:10: 读取文件成功
2017-10-21T20:07:10: 读取文件成功
2017-10-21T20:08:10: 读取文件成功
2017-10-21T20:09:10: 读取文件成功
2017-10-21T20:10:10: 读取文件成功
2017-10-21T20:11:11: 读取文件成功
2017-10-21T20:12:10: 读取文件成功
2017-10-21T20:13:10: 读取文件成功
2017-10-21T20:14:10: 读取文件成功
2017-10-21T20:15:10: 读取文件成功
2017-10-21T20:16:10: 读取文件成功
2017-10-21T20:17:10: 读取文件成功
2017-10-21T20:18:11: 读取文件成功
2017-10-21T20:19:10: 读取文件成功
2017-10-21T20:20:10: 读取文件成功
2017-10-21T20:21:10: 读取文件成功
2017-10-21T20:22:10: 读取文件成功
2017-10-21T20:23:10: 读取文件成功
2017-10-21T20:24:10: 读取文件成功
2017-10-21T20:25:10: 读取文件成功
2017-10-21T20:26:10: 读取文件成功
2017-10-21T20:27:10: 读取文件成功
2017-10-21T20:28:10: 读取文件成功
2017-10-21T20:29:10: 读取文件成功
2017-10-21T20:30:10: 读取文件成功
2017-10-21T20:31:10: 读取文件成功
2017-10-21T20:32:10: 读取文件成功
2017-10-21T20:33:10: 读取文件成功
2017-10-21T20:34:10: 读取文件成功
2017-10-21T20:35:10: 读取文件成功
2017-10-21T20:36:10: 读取文件成功
2017-10-21T20:37:10: 读取文件成功
2017-10-21T20:38:10: 读取文件成功
2017-10-21T20:39:10: 读取文件成功
2017-10-21T20:40:10: 读取文件成功
2017-10-21T20:41:10: 读取文件成功
2017-10-21T20:42:11: 读取文件成功
2017-10-21T20:43:10: 读取文件成功
2017-10-21T20:44:10: 读取文件成功
2017-10-21T20:45:10: 读取文件成功
2017-10-21T20:46:10: 读取文件成功
2017-10-21T20:47:10: 读取文件成功
2017-10-21T20:48:10: 读取文件成功
2017-10-21T20:49:10: 读取文件成功
2017-10-21T20:50:10: 读取文件成功
2017-10-21T20:51:10: 读取文件成功
2017-10-21T20:52:10: 读取文件成功
2017-10-21T20:53:10: 读取文件成功
2017-10-21T20:54:10: 读取文件成功
2017-10-21T20:55:10: 读取文件成功
2017-10-21T20:56:10: 读取文件成功
2017-10-21T20:57:10: 读取文件成功
2017-10-21T20:58:10: 读取文件成功
2017-10-21T20:59:10: 读取文件成功
2017-10-21T21:00:10: 读取文件成功
2017-10-21T21:01:10: 读取文件成功
2017-10-21T21:02:11: 读取文件成功
2017-10-21T21:03:10: 读取文件成功
2017-10-21T21:04:10: 读取文件成功
2017-10-21T21:05:11: 读取文件成功
2017-10-21T21:06:10: 读取文件成功
2017-10-21T21:07:11: 读取文件成功
2017-10-21T21:08:11: 读取文件成功
2017-10-21T21:09:10: 读取文件成功
2017-10-21T21:10:10: 读取文件成功
2017-10-21T21:11:11: 读取文件成功
2017-10-21T21:12:10: 读取文件成功
2017-10-21T21:13:10: 读取文件成功
2017-10-21T21:14:11: 读取文件成功
2017-10-21T21:15:11: 读取文件成功
2017-10-21T21:16:18: 读取文件成功
2017-10-21T21:18:40: 读取文件成功
2017-10-21T21:23:20: 读取文件成功
2017-10-21T21:24:26: 读取文件成功
2017-10-21T21:28:09: 读取文件成功
2017-10-21T21:28:27: 读取文件成功
2017-10-21T21:38:11: 读取文件成功
2017-10-21T21:48:34: 读取文件成功
2017-10-21T21:53:56: 读取文件成功
2017-10-21T21:54:05: 读取文件成功
2017-10-21T22:01:46: 读取文件成功
2017-10-21T22:02:38: 读取文件成功
2017-10-21T22:03:20: 读取文件成功
2017-10-21T22:10:24: 读取文件成功
2017-10-21T22:11:20: 读取文件成功
2017-10-21T22:12:30: 读取文件成功
2017-10-21T22:25:31: 读取文件成功
2017-10-21T22:26:16: 读取文件成功
2017-10-21T22:26:19: 读取文件成功
2017-10-21T22:32:02: 读取文件成功
2017-10-21T22:32:48: 读取文件成功
2017-10-21T22:33:18: 读取文件成功
2017-10-21T22:34:11: 读取文件成功
2017-10-21T22:35:11: 读取文件成功
2017-10-21T22:36:11: 读取文件成功
2017-10-21T22:37:11: 读取文件成功
2017-10-21T22:38:11: 读取文件成功
2017-10-21T22:39:11: 读取文件成功
2017-10-21T22:40:11: 读取文件成功
2017-10-21T22:41:11: 读取文件成功
2017-10-21T22:42:11: 读取文件成功
2017-10-21T22:43:11: 读取文件成功
2017-10-21T22:44:11: 读取文件成功
2017-10-21T22:45:11: 读取文件成功
2017-10-21T22:46:11: 读取文件成功
2017-10-21T22:47:11: 读取文件成功
2017-10-21T22:48:11: 读取文件成功
2017-10-21T22:49:11: 读取文件成功
2017-10-21T22:50:13: 读取文件成功
2017-10-21T22:51:11: 读取文件成功
2017-10-21T22:52:11: 读取文件成功
2017-10-21T22:53:11: 读取文件成功
2017-10-21T22:55:00: 读取文件成功
2017-10-21T22:55:11: 读取文件成功
2017-10-21T22:56:27: 读取文件成功
2017-10-21T22:57:43: 读取文件成功
2017-10-21T22:58:12: 读取文件成功
2017-10-21T22:59:12: 读取文件成功
2017-10-21T23:01:27: 读取文件成功
2017-10-21T23:02:12: 读取文件成功
2017-10-21T23:03:12: 读取文件成功
2017-10-21T23:04:12: 读取文件成功
2017-10-21T23:05:12: 读取文件成功
2017-10-21T23:06:12: 读取文件成功
2017-10-21T23:07:12: 读取文件成功
2017-10-21T23:08:12: 读取文件成功
2017-10-21T23:09:12: 读取文件成功
2017-10-21T23:10:12: 读取文件成功
2017-10-21T23:11:12: 读取文件成功
2017-10-21T23:12:12: 读取文件成功
2017-10-21T23:13:12: 读取文件成功
2017-10-21T23:14:12: 读取文件成功
2017-10-21T23:15:12: 读取文件成功
2017-10-21T23:16:12: 读取文件成功
2017-10-21T23:17:12: 读取文件成功
2017-10-21T23:18:12: 读取文件成功
2017-10-21T23:19:12: 读取文件成功
2017-10-21T23:20:12: 读取文件成功
2017-10-21T23:21:12: 读取文件成功
2017-10-21T23:22:13: 读取文件成功
2017-10-21T23:23:12: 读取文件成功
2017-10-21T23:24:12: 读取文件成功
2017-10-21T23:25:12: 读取文件成功
2017-10-21T23:26:13: 读取文件成功
2017-10-21T23:27:12: 读取文件成功
2017-10-21T23:28:12: 读取文件成功
2017-10-21T23:29:12: 读取文件成功
2017-10-21T23:30:12: 读取文件成功
2017-10-21T23:31:12: 读取文件成功
2017-10-21T23:32:12: 读取文件成功
2017-10-21T23:33:12: 读取文件成功
2017-10-21T23:34:12: 读取文件成功
2017-10-21T23:35:12: 读取文件成功
2017-10-21T23:36:12: 读取文件成功
2017-10-21T23:37:12: 读取文件成功
2017-10-21T23:38:12: 读取文件成功
2017-10-21T23:39:12: 读取文件成功
2017-10-21T23:40:12: 读取文件成功
2017-10-21T23:41:12: 读取文件成功
2017-10-21T23:42:12: 读取文件成功
2017-10-21T23:43:12: 读取文件成功
2017-10-21T23:44:12: 读取文件成功
2017-10-21T23:45:12: 读取文件成功
2017-10-21T23:46:12: 读取文件成功
2017-10-21T23:47:12: 读取文件成功
2017-10-21T23:48:12: 读取文件成功
2017-10-21T23:49:12: 读取文件成功
2017-10-21T23:50:12: 非记录时间：2017-10-21T23:50:12+08:00
2017-10-21T23:51:12: 非记录时间：2017-10-21T23:51:12+08:00
2017-10-21T23:52:12: 非记录时间：2017-10-21T23:52:12+08:00
2017-10-21T23:53:12: 非记录时间：2017-10-21T23:53:12+08:00
2017-10-21T23:54:12: 非记录时间：2017-10-21T23:54:12+08:00
2017-10-21T23:55:12: 非记录时间：2017-10-21T23:55:12+08:00
2017-10-21T23:56:12: 非记录时间：2017-10-21T23:56:12+08:00
2017-10-21T23:57:12: 非记录时间：2017-10-21T23:57:12+08:00
2017-10-21T23:58:12: 非记录时间：2017-10-21T23:58:12+08:00
2017-10-21T23:59:12: 非记录时间：2017-10-21T23:59:12+08:00
