2017-01-21T00:00:09: 非记录时间：2017-01-21T00:00:09+08:00
2017-01-21T00:00:19: 非记录时间：2017-01-21T00:00:19+08:00
2017-01-21T00:00:29: 非记录时间：2017-01-21T00:00:29+08:00
2017-01-21T00:00:39: 非记录时间：2017-01-21T00:00:39+08:00
2017-01-21T00:00:49: 非记录时间：2017-01-21T00:00:49+08:00
2017-01-21T00:00:59: 非记录时间：2017-01-21T00:00:59+08:00
2017-01-21T00:01:09: 非记录时间：2017-01-21T00:01:09+08:00
2017-01-21T00:01:19: 非记录时间：2017-01-21T00:01:19+08:00
2017-01-21T00:01:29: 非记录时间：2017-01-21T00:01:29+08:00
2017-01-21T00:01:39: 非记录时间：2017-01-21T00:01:39+08:00
2017-01-21T00:01:49: 非记录时间：2017-01-21T00:01:49+08:00
2017-01-21T00:01:59: 非记录时间：2017-01-21T00:01:59+08:00
2017-01-21T00:02:09: 非记录时间：2017-01-21T00:02:09+08:00
2017-01-21T00:02:19: 非记录时间：2017-01-21T00:02:19+08:00
2017-01-21T00:02:29: 非记录时间：2017-01-21T00:02:29+08:00
2017-01-21T00:02:39: 非记录时间：2017-01-21T00:02:39+08:00
2017-01-21T00:02:49: 非记录时间：2017-01-21T00:02:49+08:00
2017-01-21T00:02:59: 非记录时间：2017-01-21T00:02:59+08:00
2017-01-21T00:03:09: 非记录时间：2017-01-21T00:03:09+08:00
2017-01-21T00:03:19: 非记录时间：2017-01-21T00:03:19+08:00
2017-01-21T00:03:29: 非记录时间：2017-01-21T00:03:29+08:00
2017-01-21T00:03:39: 非记录时间：2017-01-21T00:03:39+08:00
2017-01-21T00:03:49: 非记录时间：2017-01-21T00:03:49+08:00
2017-01-21T00:03:59: 非记录时间：2017-01-21T00:03:59+08:00
2017-01-21T00:04:09: 非记录时间：2017-01-21T00:04:09+08:00
2017-01-21T00:04:19: 非记录时间：2017-01-21T00:04:19+08:00
2017-01-21T00:04:29: 非记录时间：2017-01-21T00:04:29+08:00
2017-01-21T00:04:39: 非记录时间：2017-01-21T00:04:39+08:00
2017-01-21T00:04:49: 非记录时间：2017-01-21T00:04:49+08:00
2017-01-21T00:04:59: 非记录时间：2017-01-21T00:04:59+08:00
2017-01-21T00:05:09: 非记录时间：2017-01-21T00:05:09+08:00
2017-01-21T00:05:19: 非记录时间：2017-01-21T00:05:19+08:00
2017-01-21T00:05:29: 非记录时间：2017-01-21T00:05:29+08:00
2017-01-21T00:05:39: 非记录时间：2017-01-21T00:05:39+08:00
2017-01-21T00:05:49: 非记录时间：2017-01-21T00:05:49+08:00
2017-01-21T00:05:59: 非记录时间：2017-01-21T00:05:59+08:00
2017-01-21T00:06:09: 非记录时间：2017-01-21T00:06:09+08:00
2017-01-21T00:06:19: 非记录时间：2017-01-21T00:06:19+08:00
2017-01-21T00:06:29: 非记录时间：2017-01-21T00:06:29+08:00
2017-01-21T00:06:39: 非记录时间：2017-01-21T00:06:39+08:00
2017-01-21T00:06:49: 非记录时间：2017-01-21T00:06:49+08:00
2017-01-21T00:06:59: 非记录时间：2017-01-21T00:06:59+08:00
2017-01-21T00:07:09: 非记录时间：2017-01-21T00:07:09+08:00
2017-01-21T00:07:19: 非记录时间：2017-01-21T00:07:19+08:00
2017-01-21T00:07:29: 非记录时间：2017-01-21T00:07:29+08:00
2017-01-21T00:07:39: 非记录时间：2017-01-21T00:07:39+08:00
2017-01-21T00:07:49: 非记录时间：2017-01-21T00:07:49+08:00
2017-01-21T00:07:59: 非记录时间：2017-01-21T00:07:59+08:00
2017-01-21T00:08:09: 非记录时间：2017-01-21T00:08:09+08:00
2017-01-21T00:08:19: 非记录时间：2017-01-21T00:08:19+08:00
2017-01-21T00:08:29: 非记录时间：2017-01-21T00:08:29+08:00
2017-01-21T00:08:39: 非记录时间：2017-01-21T00:08:39+08:00
2017-01-21T00:08:49: 非记录时间：2017-01-21T00:08:49+08:00
2017-01-21T00:08:59: 非记录时间：2017-01-21T00:08:59+08:00
2017-01-21T00:09:09: 非记录时间：2017-01-21T00:09:09+08:00
2017-01-21T00:09:19: 非记录时间：2017-01-21T00:09:19+08:00
2017-01-21T00:09:29: 非记录时间：2017-01-21T00:09:29+08:00
2017-01-21T00:09:39: 非记录时间：2017-01-21T00:09:39+08:00
2017-01-21T00:09:49: 非记录时间：2017-01-21T00:09:49+08:00
2017-01-21T00:09:59: 非记录时间：2017-01-21T00:09:59+08:00
2017-01-21T00:10:09: 非记录时间：2017-01-21T00:10:09+08:00
2017-01-21T00:10:19: 非记录时间：2017-01-21T00:10:19+08:00
2017-01-21T00:10:29: 非记录时间：2017-01-21T00:10:29+08:00
2017-01-21T00:10:39: 非记录时间：2017-01-21T00:10:39+08:00
2017-01-21T00:10:49: 非记录时间：2017-01-21T00:10:49+08:00
2017-01-21T00:10:59: 非记录时间：2017-01-21T00:10:59+08:00
2017-01-21T00:11:09: 非记录时间：2017-01-21T00:11:09+08:00
2017-01-21T00:11:19: 非记录时间：2017-01-21T00:11:19+08:00
2017-01-21T00:11:29: 非记录时间：2017-01-21T00:11:29+08:00
2017-01-21T00:11:39: 非记录时间：2017-01-21T00:11:39+08:00
2017-01-21T00:11:49: 非记录时间：2017-01-21T00:11:49+08:00
2017-01-21T00:11:59: 非记录时间：2017-01-21T00:11:59+08:00
2017-01-21T00:12:09: 非记录时间：2017-01-21T00:12:09+08:00
2017-01-21T00:12:19: 非记录时间：2017-01-21T00:12:19+08:00
2017-01-21T00:12:29: 非记录时间：2017-01-21T00:12:29+08:00
2017-01-21T00:12:39: 非记录时间：2017-01-21T00:12:39+08:00
2017-01-21T00:12:49: 非记录时间：2017-01-21T00:12:49+08:00
2017-01-21T00:12:59: 非记录时间：2017-01-21T00:12:59+08:00
2017-01-21T00:13:09: 非记录时间：2017-01-21T00:13:09+08:00
2017-01-21T00:13:19: 非记录时间：2017-01-21T00:13:19+08:00
2017-01-21T00:13:29: 非记录时间：2017-01-21T00:13:29+08:00
2017-01-21T00:13:39: 非记录时间：2017-01-21T00:13:39+08:00
2017-01-21T00:13:49: 非记录时间：2017-01-21T00:13:49+08:00
2017-01-21T00:13:59: 非记录时间：2017-01-21T00:13:59+08:00
2017-01-21T00:14:09: 非记录时间：2017-01-21T00:14:09+08:00
2017-01-21T00:14:19: 非记录时间：2017-01-21T00:14:19+08:00
2017-01-21T00:14:29: 非记录时间：2017-01-21T00:14:29+08:00
2017-01-21T00:14:39: 非记录时间：2017-01-21T00:14:39+08:00
2017-01-21T00:14:49: 非记录时间：2017-01-21T00:14:49+08:00
2017-01-21T00:14:59: 非记录时间：2017-01-21T00:14:59+08:00
2017-01-21T00:15:09: 非记录时间：2017-01-21T00:15:09+08:00
2017-01-21T00:15:19: 非记录时间：2017-01-21T00:15:19+08:00
2017-01-21T00:15:29: 非记录时间：2017-01-21T00:15:29+08:00
2017-01-21T00:15:39: 非记录时间：2017-01-21T00:15:39+08:00
2017-01-21T00:15:49: 非记录时间：2017-01-21T00:15:49+08:00
2017-01-21T00:15:59: 非记录时间：2017-01-21T00:15:59+08:00
2017-01-21T00:16:09: 非记录时间：2017-01-21T00:16:09+08:00
2017-01-21T00:16:19: 非记录时间：2017-01-21T00:16:19+08:00
2017-01-21T00:16:29: 非记录时间：2017-01-21T00:16:29+08:00
2017-01-21T00:16:39: 非记录时间：2017-01-21T00:16:39+08:00
2017-01-21T00:16:49: 非记录时间：2017-01-21T00:16:49+08:00
2017-01-21T00:16:59: 非记录时间：2017-01-21T00:16:59+08:00
2017-01-21T00:17:09: 非记录时间：2017-01-21T00:17:09+08:00
2017-01-21T00:17:19: 非记录时间：2017-01-21T00:17:19+08:00
2017-01-21T00:17:29: 非记录时间：2017-01-21T00:17:29+08:00
2017-01-21T00:17:39: 非记录时间：2017-01-21T00:17:39+08:00
2017-01-21T00:17:49: 非记录时间：2017-01-21T00:17:49+08:00
2017-01-21T00:17:59: 非记录时间：2017-01-21T00:17:59+08:00
2017-01-21T00:18:09: 非记录时间：2017-01-21T00:18:09+08:00
2017-01-21T00:18:19: 非记录时间：2017-01-21T00:18:19+08:00
2017-01-21T00:18:29: 非记录时间：2017-01-21T00:18:29+08:00
2017-01-21T00:18:39: 非记录时间：2017-01-21T00:18:39+08:00
2017-01-21T00:18:49: 非记录时间：2017-01-21T00:18:49+08:00
2017-01-21T00:18:59: 非记录时间：2017-01-21T00:18:59+08:00
2017-01-21T00:19:09: 非记录时间：2017-01-21T00:19:09+08:00
2017-01-21T00:19:19: 非记录时间：2017-01-21T00:19:19+08:00
2017-01-21T00:19:29: 非记录时间：2017-01-21T00:19:29+08:00
2017-01-21T00:19:39: 非记录时间：2017-01-21T00:19:39+08:00
2017-01-21T00:19:49: 非记录时间：2017-01-21T00:19:49+08:00
2017-01-21T00:19:59: 非记录时间：2017-01-21T00:19:59+08:00
2017-01-21T00:20:09: 非记录时间：2017-01-21T00:20:09+08:00
2017-01-21T00:20:19: 非记录时间：2017-01-21T00:20:19+08:00
2017-01-21T00:20:29: 非记录时间：2017-01-21T00:20:29+08:00
2017-01-21T00:20:39: 非记录时间：2017-01-21T00:20:39+08:00
2017-01-21T00:20:49: 非记录时间：2017-01-21T00:20:49+08:00
2017-01-21T00:20:59: 非记录时间：2017-01-21T00:20:59+08:00
2017-01-21T00:21:09: 非记录时间：2017-01-21T00:21:09+08:00
2017-01-21T00:21:19: 非记录时间：2017-01-21T00:21:19+08:00
2017-01-21T00:21:29: 非记录时间：2017-01-21T00:21:29+08:00
2017-01-21T00:21:39: 非记录时间：2017-01-21T00:21:39+08:00
2017-01-21T00:21:49: 非记录时间：2017-01-21T00:21:49+08:00
2017-01-21T00:21:59: 非记录时间：2017-01-21T00:21:59+08:00
2017-01-21T00:22:09: 非记录时间：2017-01-21T00:22:09+08:00
2017-01-21T00:22:19: 非记录时间：2017-01-21T00:22:19+08:00
2017-01-21T00:22:29: 非记录时间：2017-01-21T00:22:29+08:00
2017-01-21T00:22:39: 非记录时间：2017-01-21T00:22:39+08:00
2017-01-21T00:22:49: 非记录时间：2017-01-21T00:22:49+08:00
2017-01-21T00:22:59: 非记录时间：2017-01-21T00:22:59+08:00
2017-01-21T00:23:09: 非记录时间：2017-01-21T00:23:09+08:00
2017-01-21T00:23:19: 非记录时间：2017-01-21T00:23:19+08:00
2017-01-21T00:23:29: 非记录时间：2017-01-21T00:23:29+08:00
2017-01-21T00:23:39: 非记录时间：2017-01-21T00:23:39+08:00
2017-01-21T00:23:49: 非记录时间：2017-01-21T00:23:49+08:00
2017-01-21T00:23:59: 非记录时间：2017-01-21T00:23:59+08:00
2017-01-21T00:24:09: 非记录时间：2017-01-21T00:24:09+08:00
2017-01-21T00:24:19: 非记录时间：2017-01-21T00:24:19+08:00
2017-01-21T00:24:29: 非记录时间：2017-01-21T00:24:29+08:00
2017-01-21T00:24:39: 非记录时间：2017-01-21T00:24:39+08:00
2017-01-21T00:24:49: 非记录时间：2017-01-21T00:24:49+08:00
2017-01-21T00:24:59: 非记录时间：2017-01-21T00:24:59+08:00
2017-01-21T00:25:09: 非记录时间：2017-01-21T00:25:09+08:00
2017-01-21T00:25:19: 非记录时间：2017-01-21T00:25:19+08:00
2017-01-21T00:25:29: 非记录时间：2017-01-21T00:25:29+08:00
2017-01-21T00:25:39: 非记录时间：2017-01-21T00:25:39+08:00
2017-01-21T00:25:49: 非记录时间：2017-01-21T00:25:49+08:00
2017-01-21T00:25:59: 非记录时间：2017-01-21T00:25:59+08:00
2017-01-21T00:26:09: 非记录时间：2017-01-21T00:26:09+08:00
2017-01-21T00:26:19: 非记录时间：2017-01-21T00:26:19+08:00
2017-01-21T00:26:29: 非记录时间：2017-01-21T00:26:29+08:00
2017-01-21T00:26:39: 非记录时间：2017-01-21T00:26:39+08:00
2017-01-21T00:26:49: 非记录时间：2017-01-21T00:26:49+08:00
2017-01-21T00:26:59: 非记录时间：2017-01-21T00:26:59+08:00
2017-01-21T00:27:09: 非记录时间：2017-01-21T00:27:09+08:00
2017-01-21T00:27:19: 非记录时间：2017-01-21T00:27:19+08:00
2017-01-21T00:27:29: 非记录时间：2017-01-21T00:27:29+08:00
2017-01-21T00:27:39: 非记录时间：2017-01-21T00:27:39+08:00
2017-01-21T00:27:49: 非记录时间：2017-01-21T00:27:49+08:00
2017-01-21T00:27:59: 非记录时间：2017-01-21T00:27:59+08:00
2017-01-21T00:28:09: 非记录时间：2017-01-21T00:28:09+08:00
2017-01-21T00:28:19: 非记录时间：2017-01-21T00:28:19+08:00
2017-01-21T00:28:29: 非记录时间：2017-01-21T00:28:29+08:00
2017-01-21T00:28:39: 非记录时间：2017-01-21T00:28:39+08:00
2017-01-21T00:28:49: 非记录时间：2017-01-21T00:28:49+08:00
2017-01-21T00:28:59: 非记录时间：2017-01-21T00:28:59+08:00
2017-01-21T00:29:09: 非记录时间：2017-01-21T00:29:09+08:00
2017-01-21T00:29:19: 非记录时间：2017-01-21T00:29:19+08:00
2017-01-21T00:29:29: 非记录时间：2017-01-21T00:29:29+08:00
2017-01-21T00:29:39: 非记录时间：2017-01-21T00:29:39+08:00
2017-01-21T00:29:49: 非记录时间：2017-01-21T00:29:49+08:00
2017-01-21T00:29:59: 非记录时间：2017-01-21T00:29:59+08:00
2017-01-21T00:30:09: 非记录时间：2017-01-21T00:30:09+08:00
2017-01-21T00:30:19: 非记录时间：2017-01-21T00:30:19+08:00
2017-01-21T00:30:29: 非记录时间：2017-01-21T00:30:29+08:00
2017-01-21T00:30:39: 非记录时间：2017-01-21T00:30:39+08:00
2017-01-21T00:30:49: 非记录时间：2017-01-21T00:30:49+08:00
2017-01-21T00:30:59: 非记录时间：2017-01-21T00:30:59+08:00
2017-01-21T00:31:09: 非记录时间：2017-01-21T00:31:09+08:00
2017-01-21T00:31:19: 非记录时间：2017-01-21T00:31:19+08:00
2017-01-21T00:31:29: 非记录时间：2017-01-21T00:31:29+08:00
2017-01-21T00:31:39: 非记录时间：2017-01-21T00:31:39+08:00
2017-01-21T00:31:49: 非记录时间：2017-01-21T00:31:49+08:00
2017-01-21T00:31:59: 非记录时间：2017-01-21T00:31:59+08:00
2017-01-21T00:32:09: 非记录时间：2017-01-21T00:32:09+08:00
2017-01-21T00:32:19: 非记录时间：2017-01-21T00:32:19+08:00
2017-01-21T00:32:29: 非记录时间：2017-01-21T00:32:29+08:00
2017-01-21T00:32:39: 非记录时间：2017-01-21T00:32:39+08:00
2017-01-21T00:32:49: 非记录时间：2017-01-21T00:32:49+08:00
2017-01-21T00:32:59: 非记录时间：2017-01-21T00:32:59+08:00
2017-01-21T00:33:09: 非记录时间：2017-01-21T00:33:09+08:00
2017-01-21T00:33:19: 非记录时间：2017-01-21T00:33:19+08:00
2017-01-21T00:33:29: 非记录时间：2017-01-21T00:33:29+08:00
2017-01-21T00:33:39: 非记录时间：2017-01-21T00:33:39+08:00
2017-01-21T00:33:49: 非记录时间：2017-01-21T00:33:49+08:00
2017-01-21T00:33:59: 非记录时间：2017-01-21T00:33:59+08:00
2017-01-21T00:34:09: 非记录时间：2017-01-21T00:34:09+08:00
2017-01-21T00:34:19: 非记录时间：2017-01-21T00:34:19+08:00
2017-01-21T00:34:29: 非记录时间：2017-01-21T00:34:29+08:00
2017-01-21T00:34:39: 非记录时间：2017-01-21T00:34:39+08:00
2017-01-21T00:34:49: 非记录时间：2017-01-21T00:34:49+08:00
2017-01-21T00:34:59: 非记录时间：2017-01-21T00:34:59+08:00
2017-01-21T00:35:09: 非记录时间：2017-01-21T00:35:09+08:00
2017-01-21T00:35:19: 非记录时间：2017-01-21T00:35:19+08:00
2017-01-21T00:35:29: 非记录时间：2017-01-21T00:35:29+08:00
2017-01-21T00:35:39: 非记录时间：2017-01-21T00:35:39+08:00
2017-01-21T00:35:49: 非记录时间：2017-01-21T00:35:49+08:00
2017-01-21T00:35:59: 非记录时间：2017-01-21T00:35:59+08:00
2017-01-21T00:36:09: 非记录时间：2017-01-21T00:36:09+08:00
2017-01-21T00:36:19: 非记录时间：2017-01-21T00:36:19+08:00
2017-01-21T00:36:29: 非记录时间：2017-01-21T00:36:29+08:00
2017-01-21T00:36:39: 非记录时间：2017-01-21T00:36:39+08:00
2017-01-21T00:36:49: 非记录时间：2017-01-21T00:36:49+08:00
2017-01-21T00:36:59: 非记录时间：2017-01-21T00:36:59+08:00
2017-01-21T00:37:09: 非记录时间：2017-01-21T00:37:09+08:00
2017-01-21T00:37:19: 非记录时间：2017-01-21T00:37:19+08:00
2017-01-21T00:37:29: 非记录时间：2017-01-21T00:37:29+08:00
2017-01-21T00:37:39: 非记录时间：2017-01-21T00:37:39+08:00
2017-01-21T00:37:49: 非记录时间：2017-01-21T00:37:49+08:00
2017-01-21T00:37:59: 非记录时间：2017-01-21T00:37:59+08:00
2017-01-21T00:38:09: 非记录时间：2017-01-21T00:38:09+08:00
2017-01-21T00:38:19: 非记录时间：2017-01-21T00:38:19+08:00
2017-01-21T00:38:29: 非记录时间：2017-01-21T00:38:29+08:00
2017-01-21T00:38:39: 非记录时间：2017-01-21T00:38:39+08:00
2017-01-21T00:38:49: 非记录时间：2017-01-21T00:38:49+08:00
2017-01-21T00:38:59: 非记录时间：2017-01-21T00:38:59+08:00
2017-01-21T00:39:09: 非记录时间：2017-01-21T00:39:09+08:00
2017-01-21T00:39:19: 非记录时间：2017-01-21T00:39:19+08:00
2017-01-21T00:39:29: 非记录时间：2017-01-21T00:39:29+08:00
2017-01-21T00:39:39: 非记录时间：2017-01-21T00:39:39+08:00
2017-01-21T00:39:49: 非记录时间：2017-01-21T00:39:49+08:00
2017-01-21T00:39:59: 非记录时间：2017-01-21T00:39:59+08:00
2017-01-21T00:40:09: 非记录时间：2017-01-21T00:40:09+08:00
2017-01-21T00:40:19: 非记录时间：2017-01-21T00:40:19+08:00
2017-01-21T00:40:29: 非记录时间：2017-01-21T00:40:29+08:00
2017-01-21T00:40:39: 非记录时间：2017-01-21T00:40:39+08:00
2017-01-21T00:40:49: 非记录时间：2017-01-21T00:40:49+08:00
2017-01-21T00:40:59: 非记录时间：2017-01-21T00:40:59+08:00
2017-01-21T00:41:09: 非记录时间：2017-01-21T00:41:09+08:00
2017-01-21T00:41:19: 非记录时间：2017-01-21T00:41:19+08:00
2017-01-21T00:41:29: 非记录时间：2017-01-21T00:41:29+08:00
2017-01-21T00:41:39: 非记录时间：2017-01-21T00:41:39+08:00
2017-01-21T00:41:49: 非记录时间：2017-01-21T00:41:49+08:00
2017-01-21T00:41:59: 非记录时间：2017-01-21T00:41:59+08:00
2017-01-21T00:42:09: 非记录时间：2017-01-21T00:42:09+08:00
2017-01-21T00:42:19: 非记录时间：2017-01-21T00:42:19+08:00
2017-01-21T00:42:29: 非记录时间：2017-01-21T00:42:29+08:00
2017-01-21T00:42:39: 非记录时间：2017-01-21T00:42:39+08:00
2017-01-21T00:42:49: 非记录时间：2017-01-21T00:42:49+08:00
2017-01-21T00:42:59: 非记录时间：2017-01-21T00:42:59+08:00
2017-01-21T00:43:09: 非记录时间：2017-01-21T00:43:09+08:00
2017-01-21T00:43:19: 非记录时间：2017-01-21T00:43:19+08:00
2017-01-21T00:43:29: 非记录时间：2017-01-21T00:43:29+08:00
2017-01-21T00:43:39: 非记录时间：2017-01-21T00:43:39+08:00
2017-01-21T00:43:49: 非记录时间：2017-01-21T00:43:49+08:00
2017-01-21T00:43:59: 非记录时间：2017-01-21T00:43:59+08:00
2017-01-21T00:44:09: 非记录时间：2017-01-21T00:44:09+08:00
2017-01-21T00:44:19: 非记录时间：2017-01-21T00:44:19+08:00
2017-01-21T00:44:29: 非记录时间：2017-01-21T00:44:29+08:00
2017-01-21T00:44:39: 非记录时间：2017-01-21T00:44:39+08:00
2017-01-21T00:44:49: 非记录时间：2017-01-21T00:44:49+08:00
2017-01-21T00:44:59: 非记录时间：2017-01-21T00:44:59+08:00
2017-01-21T00:45:09: 非记录时间：2017-01-21T00:45:09+08:00
2017-01-21T00:45:19: 非记录时间：2017-01-21T00:45:19+08:00
2017-01-21T00:45:29: 非记录时间：2017-01-21T00:45:29+08:00
2017-01-21T00:45:39: 非记录时间：2017-01-21T00:45:39+08:00
2017-01-21T00:45:49: 非记录时间：2017-01-21T00:45:49+08:00
2017-01-21T00:45:59: 非记录时间：2017-01-21T00:45:59+08:00
2017-01-21T00:46:09: 非记录时间：2017-01-21T00:46:09+08:00
2017-01-21T00:46:19: 非记录时间：2017-01-21T00:46:19+08:00
2017-01-21T00:46:29: 非记录时间：2017-01-21T00:46:29+08:00
2017-01-21T00:46:39: 非记录时间：2017-01-21T00:46:39+08:00
2017-01-21T00:46:49: 非记录时间：2017-01-21T00:46:49+08:00
2017-01-21T00:46:59: 非记录时间：2017-01-21T00:46:59+08:00
2017-01-21T00:47:09: 非记录时间：2017-01-21T00:47:09+08:00
2017-01-21T00:47:19: 非记录时间：2017-01-21T00:47:19+08:00
2017-01-21T00:47:29: 非记录时间：2017-01-21T00:47:29+08:00
2017-01-21T00:47:39: 非记录时间：2017-01-21T00:47:39+08:00
2017-01-21T00:47:49: 非记录时间：2017-01-21T00:47:49+08:00
2017-01-21T00:47:59: 非记录时间：2017-01-21T00:47:59+08:00
2017-01-21T00:48:09: 非记录时间：2017-01-21T00:48:09+08:00
2017-01-21T00:48:19: 非记录时间：2017-01-21T00:48:19+08:00
2017-01-21T00:48:29: 非记录时间：2017-01-21T00:48:29+08:00
2017-01-21T00:48:39: 非记录时间：2017-01-21T00:48:39+08:00
2017-01-21T00:48:49: 非记录时间：2017-01-21T00:48:49+08:00
2017-01-21T00:48:59: 非记录时间：2017-01-21T00:48:59+08:00
2017-01-21T00:49:09: 非记录时间：2017-01-21T00:49:09+08:00
2017-01-21T00:49:19: 非记录时间：2017-01-21T00:49:19+08:00
2017-01-21T00:49:29: 非记录时间：2017-01-21T00:49:29+08:00
2017-01-21T00:49:39: 非记录时间：2017-01-21T00:49:39+08:00
2017-01-21T00:49:49: 非记录时间：2017-01-21T00:49:49+08:00
2017-01-21T00:49:59: 非记录时间：2017-01-21T00:49:59+08:00
2017-01-21T00:50:09: 非记录时间：2017-01-21T00:50:09+08:00
2017-01-21T00:50:19: 非记录时间：2017-01-21T00:50:19+08:00
2017-01-21T00:50:29: 非记录时间：2017-01-21T00:50:29+08:00
2017-01-21T00:50:39: 非记录时间：2017-01-21T00:50:39+08:00
2017-01-21T00:50:49: 非记录时间：2017-01-21T00:50:49+08:00
2017-01-21T00:50:59: 非记录时间：2017-01-21T00:50:59+08:00
2017-01-21T00:51:09: 非记录时间：2017-01-21T00:51:09+08:00
2017-01-21T00:51:19: 非记录时间：2017-01-21T00:51:19+08:00
2017-01-21T00:51:29: 非记录时间：2017-01-21T00:51:29+08:00
2017-01-21T00:51:39: 非记录时间：2017-01-21T00:51:39+08:00
2017-01-21T00:51:49: 非记录时间：2017-01-21T00:51:49+08:00
2017-01-21T00:51:59: 非记录时间：2017-01-21T00:51:59+08:00
2017-01-21T00:52:09: 非记录时间：2017-01-21T00:52:09+08:00
2017-01-21T00:52:19: 非记录时间：2017-01-21T00:52:19+08:00
2017-01-21T00:52:29: 非记录时间：2017-01-21T00:52:29+08:00
2017-01-21T00:52:39: 非记录时间：2017-01-21T00:52:39+08:00
2017-01-21T00:52:49: 非记录时间：2017-01-21T00:52:49+08:00
2017-01-21T00:52:59: 非记录时间：2017-01-21T00:52:59+08:00
2017-01-21T00:53:09: 非记录时间：2017-01-21T00:53:09+08:00
2017-01-21T00:53:19: 非记录时间：2017-01-21T00:53:19+08:00
2017-01-21T00:53:29: 非记录时间：2017-01-21T00:53:29+08:00
2017-01-21T00:53:39: 非记录时间：2017-01-21T00:53:39+08:00
2017-01-21T00:53:49: 非记录时间：2017-01-21T00:53:49+08:00
2017-01-21T00:53:59: 非记录时间：2017-01-21T00:53:59+08:00
2017-01-21T00:54:09: 非记录时间：2017-01-21T00:54:09+08:00
2017-01-21T00:54:19: 非记录时间：2017-01-21T00:54:19+08:00
2017-01-21T00:54:29: 非记录时间：2017-01-21T00:54:29+08:00
2017-01-21T00:54:39: 非记录时间：2017-01-21T00:54:39+08:00
2017-01-21T00:54:49: 非记录时间：2017-01-21T00:54:49+08:00
2017-01-21T00:54:59: 非记录时间：2017-01-21T00:54:59+08:00
2017-01-21T00:55:09: 非记录时间：2017-01-21T00:55:09+08:00
2017-01-21T00:55:19: 非记录时间：2017-01-21T00:55:19+08:00
2017-01-21T00:55:29: 非记录时间：2017-01-21T00:55:29+08:00
2017-01-21T00:55:39: 非记录时间：2017-01-21T00:55:39+08:00
2017-01-21T00:55:49: 非记录时间：2017-01-21T00:55:49+08:00
2017-01-21T00:55:59: 非记录时间：2017-01-21T00:55:59+08:00
2017-01-21T00:56:09: 非记录时间：2017-01-21T00:56:09+08:00
2017-01-21T00:56:19: 非记录时间：2017-01-21T00:56:19+08:00
2017-01-21T00:56:29: 非记录时间：2017-01-21T00:56:29+08:00
2017-01-21T00:56:39: 非记录时间：2017-01-21T00:56:39+08:00
2017-01-21T00:56:49: 非记录时间：2017-01-21T00:56:49+08:00
2017-01-21T00:56:59: 非记录时间：2017-01-21T00:56:59+08:00
2017-01-21T00:57:09: 非记录时间：2017-01-21T00:57:09+08:00
2017-01-21T00:57:19: 非记录时间：2017-01-21T00:57:19+08:00
2017-01-21T00:57:29: 非记录时间：2017-01-21T00:57:29+08:00
2017-01-21T00:57:39: 非记录时间：2017-01-21T00:57:39+08:00
2017-01-21T00:57:49: 非记录时间：2017-01-21T00:57:49+08:00
2017-01-21T00:57:59: 非记录时间：2017-01-21T00:57:59+08:00
2017-01-21T00:58:09: 非记录时间：2017-01-21T00:58:09+08:00
2017-01-21T00:58:19: 非记录时间：2017-01-21T00:58:19+08:00
2017-01-21T00:58:29: 非记录时间：2017-01-21T00:58:29+08:00
2017-01-21T00:58:40: 非记录时间：2017-01-21T00:58:40+08:00
2017-01-21T00:58:50: 非记录时间：2017-01-21T00:58:50+08:00
2017-01-21T00:59:00: 非记录时间：2017-01-21T00:59:00+08:00
2017-01-21T00:59:10: 非记录时间：2017-01-21T00:59:10+08:00
2017-01-21T00:59:20: 非记录时间：2017-01-21T00:59:20+08:00
2017-01-21T00:59:30: 非记录时间：2017-01-21T00:59:30+08:00
2017-01-21T00:59:40: 非记录时间：2017-01-21T00:59:40+08:00
2017-01-21T00:59:50: 非记录时间：2017-01-21T00:59:50+08:00
2017-01-21T01:00:00: 非记录时间：2017-01-21T01:00:00+08:00
2017-01-21T01:00:10: 非记录时间：2017-01-21T01:00:10+08:00
2017-01-21T01:00:20: 非记录时间：2017-01-21T01:00:20+08:00
2017-01-21T01:00:30: 非记录时间：2017-01-21T01:00:30+08:00
2017-01-21T01:00:40: 非记录时间：2017-01-21T01:00:40+08:00
2017-01-21T01:00:50: 非记录时间：2017-01-21T01:00:50+08:00
2017-01-21T01:01:00: 非记录时间：2017-01-21T01:01:00+08:00
2017-01-21T01:01:10: 非记录时间：2017-01-21T01:01:10+08:00
2017-01-21T01:01:20: 非记录时间：2017-01-21T01:01:20+08:00
2017-01-21T01:01:30: 非记录时间：2017-01-21T01:01:30+08:00
2017-01-21T01:01:40: 非记录时间：2017-01-21T01:01:40+08:00
2017-01-21T01:01:50: 非记录时间：2017-01-21T01:01:50+08:00
2017-01-21T01:02:00: 非记录时间：2017-01-21T01:02:00+08:00
2017-01-21T01:02:10: 非记录时间：2017-01-21T01:02:10+08:00
2017-01-21T01:02:20: 非记录时间：2017-01-21T01:02:20+08:00
2017-01-21T01:02:30: 非记录时间：2017-01-21T01:02:30+08:00
2017-01-21T01:02:40: 非记录时间：2017-01-21T01:02:40+08:00
2017-01-21T01:02:50: 非记录时间：2017-01-21T01:02:50+08:00
2017-01-21T01:03:00: 非记录时间：2017-01-21T01:03:00+08:00
2017-01-21T01:03:10: 非记录时间：2017-01-21T01:03:10+08:00
2017-01-21T01:03:20: 非记录时间：2017-01-21T01:03:20+08:00
2017-01-21T01:03:30: 非记录时间：2017-01-21T01:03:30+08:00
2017-01-21T01:03:40: 非记录时间：2017-01-21T01:03:40+08:00
2017-01-21T01:03:50: 非记录时间：2017-01-21T01:03:50+08:00
2017-01-21T01:04:00: 非记录时间：2017-01-21T01:04:00+08:00
2017-01-21T01:04:10: 非记录时间：2017-01-21T01:04:10+08:00
2017-01-21T01:04:20: 非记录时间：2017-01-21T01:04:20+08:00
2017-01-21T01:04:30: 非记录时间：2017-01-21T01:04:30+08:00
2017-01-21T01:04:40: 非记录时间：2017-01-21T01:04:40+08:00
2017-01-21T01:04:50: 非记录时间：2017-01-21T01:04:50+08:00
2017-01-21T01:05:00: 非记录时间：2017-01-21T01:05:00+08:00
2017-01-21T01:05:10: 非记录时间：2017-01-21T01:05:10+08:00
2017-01-21T01:05:20: 非记录时间：2017-01-21T01:05:20+08:00
2017-01-21T01:05:30: 非记录时间：2017-01-21T01:05:30+08:00
2017-01-21T01:05:40: 非记录时间：2017-01-21T01:05:40+08:00
2017-01-21T01:05:50: 非记录时间：2017-01-21T01:05:50+08:00
2017-01-21T01:06:00: 非记录时间：2017-01-21T01:06:00+08:00
2017-01-21T01:06:10: 非记录时间：2017-01-21T01:06:10+08:00
2017-01-21T01:06:20: 非记录时间：2017-01-21T01:06:20+08:00
2017-01-21T01:06:30: 非记录时间：2017-01-21T01:06:30+08:00
2017-01-21T01:06:40: 非记录时间：2017-01-21T01:06:40+08:00
2017-01-21T01:06:50: 非记录时间：2017-01-21T01:06:50+08:00
2017-01-21T01:07:00: 非记录时间：2017-01-21T01:07:00+08:00
2017-01-21T01:07:10: 非记录时间：2017-01-21T01:07:10+08:00
2017-01-21T01:07:20: 非记录时间：2017-01-21T01:07:20+08:00
2017-01-21T01:07:30: 非记录时间：2017-01-21T01:07:30+08:00
2017-01-21T01:07:40: 非记录时间：2017-01-21T01:07:40+08:00
2017-01-21T01:07:50: 非记录时间：2017-01-21T01:07:50+08:00
2017-01-21T01:08:00: 非记录时间：2017-01-21T01:08:00+08:00
2017-01-21T01:08:10: 非记录时间：2017-01-21T01:08:10+08:00
2017-01-21T01:08:20: 非记录时间：2017-01-21T01:08:20+08:00
2017-01-21T01:08:30: 非记录时间：2017-01-21T01:08:30+08:00
2017-01-21T01:08:40: 非记录时间：2017-01-21T01:08:40+08:00
2017-01-21T01:08:50: 非记录时间：2017-01-21T01:08:50+08:00
2017-01-21T01:09:00: 非记录时间：2017-01-21T01:09:00+08:00
2017-01-21T01:09:10: 非记录时间：2017-01-21T01:09:10+08:00
2017-01-21T01:09:20: 非记录时间：2017-01-21T01:09:20+08:00
2017-01-21T01:09:30: 非记录时间：2017-01-21T01:09:30+08:00
2017-01-21T01:09:40: 非记录时间：2017-01-21T01:09:40+08:00
2017-01-21T01:09:50: 非记录时间：2017-01-21T01:09:50+08:00
2017-01-21T01:10:00: 非记录时间：2017-01-21T01:10:00+08:00
2017-01-21T01:10:10: 非记录时间：2017-01-21T01:10:10+08:00
2017-01-21T01:10:20: 非记录时间：2017-01-21T01:10:20+08:00
2017-01-21T01:10:30: 非记录时间：2017-01-21T01:10:30+08:00
2017-01-21T01:10:40: 非记录时间：2017-01-21T01:10:40+08:00
2017-01-21T01:10:50: 非记录时间：2017-01-21T01:10:50+08:00
2017-01-21T01:11:00: 读取文件失败，可能是该文件不存在
2017-01-21T01:11:00: Error: ENOENT: no such file or directory, open './data/2017-01-21.json'
2017-01-21T01:11:10: 读取文件成功
2017-01-21T01:11:20: 读取文件成功
2017-01-21T01:11:30: 读取文件成功
2017-01-21T01:11:40: 读取文件成功
2017-01-21T01:11:50: 读取文件成功
2017-01-21T01:12:00: 读取文件成功
2017-01-21T01:12:10: 读取文件成功
2017-01-21T01:12:20: 读取文件成功
2017-01-21T01:12:30: 读取文件成功
2017-01-21T01:12:40: 读取文件成功
2017-01-21T01:12:50: 读取文件成功
2017-01-21T01:13:00: 读取文件成功
2017-01-21T01:13:10: 读取文件成功
2017-01-21T01:13:20: 读取文件成功
2017-01-21T01:13:30: 读取文件成功
2017-01-21T01:13:40: 读取文件成功
2017-01-21T01:13:50: 读取文件成功
2017-01-21T01:14:00: 读取文件成功
2017-01-21T01:14:10: 读取文件成功
2017-01-21T01:14:20: 读取文件成功
2017-01-21T01:14:30: 读取文件成功
2017-01-21T01:14:40: 读取文件成功
2017-01-21T01:14:50: 读取文件成功
2017-01-21T01:15:00: 读取文件成功
2017-01-21T01:15:10: 读取文件成功
2017-01-21T01:15:20: 读取文件成功
2017-01-21T01:15:30: 读取文件成功
2017-01-21T01:15:40: 读取文件成功
2017-01-21T01:15:50: 读取文件成功
2017-01-21T01:16:00: 读取文件成功
2017-01-21T01:16:10: 读取文件成功
2017-01-21T01:16:20: 读取文件成功
2017-01-21T01:16:30: 读取文件成功
2017-01-21T01:16:40: 读取文件成功
2017-01-21T01:16:50: 读取文件成功
2017-01-21T01:17:00: 读取文件成功
2017-01-21T01:17:10: 读取文件成功
2017-01-21T01:17:20: 读取文件成功
2017-01-21T01:17:30: 读取文件成功
2017-01-21T01:17:40: 读取文件成功
2017-01-21T01:17:50: 读取文件成功
2017-01-21T01:18:00: 读取文件成功
2017-01-21T01:18:10: 读取文件成功
2017-01-21T01:18:20: 读取文件成功
2017-01-21T01:18:30: 读取文件成功
2017-01-21T01:18:40: 读取文件成功
2017-01-21T01:18:50: 读取文件成功
2017-01-21T01:19:00: 读取文件成功
2017-01-21T01:19:10: 读取文件成功
2017-01-21T01:19:20: 读取文件成功
2017-01-21T01:19:30: 读取文件成功
2017-01-21T01:19:40: 读取文件成功
2017-01-21T01:19:50: 读取文件成功
2017-01-21T01:20:00: 读取文件成功
2017-01-21T01:20:11: 读取文件成功
2017-01-21T01:20:21: 读取文件成功
2017-01-21T01:20:31: 读取文件成功
2017-01-21T01:20:41: 读取文件成功
2017-01-21T01:20:51: 读取文件成功
2017-01-21T01:21:01: 读取文件成功
2017-01-21T01:21:11: 读取文件成功
2017-01-21T01:21:21: 读取文件成功
2017-01-21T01:21:31: 读取文件成功
2017-01-21T01:21:41: 读取文件成功
2017-01-21T01:21:51: 读取文件成功
2017-01-21T01:22:01: 读取文件成功
2017-01-21T01:22:11: 读取文件成功
2017-01-21T01:22:21: 读取文件成功
2017-01-21T01:22:31: 读取文件成功
2017-01-21T01:22:41: 读取文件成功
2017-01-21T01:22:51: 读取文件成功
2017-01-21T01:23:01: 读取文件成功
2017-01-21T01:23:11: 读取文件成功
2017-01-21T01:23:21: 读取文件成功
2017-01-21T01:23:31: 读取文件成功
2017-01-21T01:23:41: 读取文件成功
2017-01-21T01:23:51: 读取文件成功
2017-01-21T01:24:01: 读取文件成功
2017-01-21T01:24:11: 读取文件成功
2017-01-21T01:24:21: 读取文件成功
2017-01-21T01:24:31: 读取文件成功
2017-01-21T01:24:41: 读取文件成功
2017-01-21T01:24:51: 读取文件成功
2017-01-21T01:25:01: 读取文件成功
2017-01-21T01:25:11: 读取文件成功
2017-01-21T01:25:21: 读取文件成功
2017-01-21T01:25:31: 读取文件成功
2017-01-21T01:25:41: 读取文件成功
2017-01-21T01:25:51: 读取文件成功
2017-01-21T01:26:01: 读取文件成功
2017-01-21T01:26:11: 读取文件成功
2017-01-21T01:26:21: 读取文件成功
2017-01-21T01:26:31: 读取文件成功
2017-01-21T01:26:41: 读取文件成功
2017-01-21T01:26:51: 读取文件成功
2017-01-21T01:27:01: 读取文件成功
2017-01-21T01:27:11: 读取文件成功
2017-01-21T01:27:21: 读取文件成功
2017-01-21T01:27:31: 读取文件成功
2017-01-21T01:27:41: 读取文件成功
2017-01-21T01:27:51: 读取文件成功
2017-01-21T01:28:01: 读取文件成功
2017-01-21T01:28:11: 读取文件成功
2017-01-21T01:28:21: 读取文件成功
2017-01-21T01:28:31: 读取文件成功
2017-01-21T01:28:41: 读取文件成功
2017-01-21T01:28:51: 读取文件成功
2017-01-21T01:29:01: 读取文件成功
2017-01-21T01:29:11: 读取文件成功
2017-01-21T01:29:21: 读取文件成功
2017-01-21T01:29:31: 读取文件成功
2017-01-21T01:29:41: 读取文件成功
2017-01-21T01:29:51: 读取文件成功
2017-01-21T01:30:01: 读取文件成功
2017-01-21T01:30:11: 读取文件成功
2017-01-21T01:30:21: 读取文件成功
2017-01-21T01:30:31: 读取文件成功
2017-01-21T01:30:41: 读取文件成功
2017-01-21T01:30:51: 读取文件成功
2017-01-21T01:31:01: 读取文件成功
2017-01-21T01:31:11: 读取文件成功
2017-01-21T01:31:21: 读取文件成功
2017-01-21T01:31:31: 读取文件成功
2017-01-21T01:31:41: 读取文件成功
2017-01-21T01:31:51: 读取文件成功
2017-01-21T01:32:01: 读取文件成功
2017-01-21T01:32:11: 读取文件成功
2017-01-21T01:32:21: 读取文件成功
2017-01-21T01:32:31: 读取文件成功
2017-01-21T01:32:41: 读取文件成功
2017-01-21T01:32:51: 读取文件成功
2017-01-21T01:33:01: 读取文件成功
2017-01-21T01:33:11: 读取文件成功
2017-01-21T01:33:21: 读取文件成功
2017-01-21T01:33:31: 读取文件成功
2017-01-21T01:33:41: 读取文件成功
2017-01-21T01:33:51: 读取文件成功
2017-01-21T01:34:01: 读取文件成功
2017-01-21T01:34:11: 读取文件成功
2017-01-21T01:34:21: 读取文件成功
2017-01-21T01:34:31: 读取文件成功
2017-01-21T01:34:41: 读取文件成功
2017-01-21T01:34:51: 读取文件成功
2017-01-21T01:35:01: 读取文件成功
2017-01-21T01:35:11: 读取文件成功
2017-01-21T01:35:21: 读取文件成功
2017-01-21T01:35:31: 读取文件成功
2017-01-21T01:35:41: 读取文件成功
2017-01-21T01:35:51: 读取文件成功
2017-01-21T01:36:01: 读取文件成功
2017-01-21T01:36:11: 读取文件成功
2017-01-21T01:36:21: 读取文件成功
2017-01-21T01:36:31: 读取文件成功
2017-01-21T01:36:41: 读取文件成功
2017-01-21T01:36:51: 读取文件成功
2017-01-21T01:37:01: 读取文件成功
2017-01-21T01:37:11: 读取文件成功
2017-01-21T01:37:21: 读取文件成功
2017-01-21T01:37:31: 读取文件成功
2017-01-21T01:37:41: 读取文件成功
2017-01-21T01:37:51: 读取文件成功
2017-01-21T01:38:01: 读取文件成功
2017-01-21T01:38:11: 读取文件成功
2017-01-21T01:38:21: 读取文件成功
2017-01-21T01:38:31: 读取文件成功
2017-01-21T01:38:41: 读取文件成功
2017-01-21T01:38:51: 读取文件成功
2017-01-21T01:39:01: 读取文件成功
2017-01-21T01:39:11: 读取文件成功
2017-01-21T01:39:21: 读取文件成功
2017-01-21T01:39:31: 读取文件成功
2017-01-21T01:39:41: 读取文件成功
2017-01-21T01:39:51: 读取文件成功
2017-01-21T01:40:01: 读取文件成功
2017-01-21T01:40:11: 读取文件成功
2017-01-21T01:40:21: 读取文件成功
2017-01-21T01:40:31: 读取文件成功
2017-01-21T01:40:41: 读取文件成功
2017-01-21T01:40:51: 读取文件成功
2017-01-21T01:41:01: 读取文件成功
2017-01-21T01:41:11: 读取文件成功
2017-01-21T01:41:21: 读取文件成功
2017-01-21T01:41:31: 读取文件成功
2017-01-21T01:41:41: 读取文件成功
2017-01-21T01:41:51: 读取文件成功
2017-01-21T01:42:01: 读取文件成功
2017-01-21T01:42:11: 读取文件成功
2017-01-21T01:42:21: 读取文件成功
2017-01-21T01:42:31: 读取文件成功
2017-01-21T01:42:41: 读取文件成功
2017-01-21T01:42:51: 读取文件成功
2017-01-21T01:43:01: 读取文件成功
2017-01-21T01:43:11: 读取文件成功
2017-01-21T01:43:21: 读取文件成功
2017-01-21T01:43:31: 读取文件成功
2017-01-21T01:43:41: 读取文件成功
2017-01-21T01:43:51: 读取文件成功
2017-01-21T01:44:01: 读取文件成功
2017-01-21T01:44:11: 读取文件成功
2017-01-21T01:44:21: 读取文件成功
2017-01-21T01:44:31: 读取文件成功
2017-01-21T01:44:41: 读取文件成功
2017-01-21T01:44:51: 读取文件成功
2017-01-21T01:45:01: 读取文件成功
2017-01-21T01:45:11: 读取文件成功
2017-01-21T01:45:22: 读取文件成功
2017-01-21T01:45:31: 读取文件成功
2017-01-21T01:45:41: 读取文件成功
2017-01-21T01:45:51: 读取文件成功
2017-01-21T01:46:01: 读取文件成功
2017-01-21T01:46:11: 读取文件成功
2017-01-21T01:46:21: 读取文件成功
2017-01-21T01:46:31: 读取文件成功
2017-01-21T01:46:41: 读取文件成功
2017-01-21T01:46:51: 读取文件成功
2017-01-21T01:47:02: 读取文件成功
2017-01-21T01:47:11: 读取文件成功
2017-01-21T01:47:21: 读取文件成功
2017-01-21T01:47:32: 读取文件成功
2017-01-21T01:47:42: 读取文件成功
2017-01-21T01:47:52: 读取文件成功
2017-01-21T01:48:02: 读取文件成功
2017-01-21T01:48:12: 读取文件成功
2017-01-21T01:48:22: 读取文件成功
2017-01-21T01:48:32: 读取文件成功
2017-01-21T01:48:42: 读取文件成功
2017-01-21T01:48:52: 读取文件成功
2017-01-21T01:49:02: 读取文件成功
2017-01-21T01:49:12: 读取文件成功
2017-01-21T01:49:22: 读取文件成功
2017-01-21T01:49:32: 读取文件成功
2017-01-21T01:49:42: 读取文件成功
2017-01-21T01:49:52: 读取文件成功
2017-01-21T01:50:02: 读取文件成功
2017-01-21T01:50:12: 读取文件成功
2017-01-21T01:50:22: 读取文件成功
2017-01-21T01:50:32: 读取文件成功
2017-01-21T01:50:42: 读取文件成功
2017-01-21T01:50:52: 读取文件成功
2017-01-21T01:51:02: 读取文件成功
2017-01-21T01:51:12: 读取文件成功
2017-01-21T01:51:22: 读取文件成功
2017-01-21T01:51:32: 读取文件成功
2017-01-21T01:51:42: 读取文件成功
2017-01-21T01:51:52: 读取文件成功
2017-01-21T01:52:02: 读取文件成功
2017-01-21T01:52:12: 读取文件成功
2017-01-21T01:52:22: 读取文件成功
2017-01-21T01:52:32: 读取文件成功
2017-01-21T01:52:42: 读取文件成功
2017-01-21T01:52:52: 读取文件成功
2017-01-21T01:53:02: 读取文件成功
2017-01-21T01:53:12: 读取文件成功
2017-01-21T01:53:22: 读取文件成功
2017-01-21T01:53:32: 读取文件成功
2017-01-21T01:53:42: 读取文件成功
2017-01-21T01:53:52: 读取文件成功
2017-01-21T01:54:02: 读取文件成功
2017-01-21T01:54:12: 读取文件成功
2017-01-21T01:54:22: 读取文件成功
2017-01-21T01:54:32: 读取文件成功
2017-01-21T01:54:42: 读取文件成功
2017-01-21T01:54:52: 读取文件成功
2017-01-21T01:55:02: 读取文件成功
2017-01-21T01:55:12: 读取文件成功
2017-01-21T01:55:22: 读取文件成功
2017-01-21T01:55:32: 读取文件成功
2017-01-21T01:55:42: 读取文件成功
2017-01-21T01:55:52: 读取文件成功
2017-01-21T01:56:02: 读取文件成功
2017-01-21T01:56:12: 读取文件成功
2017-01-21T01:56:22: 读取文件成功
2017-01-21T01:56:32: 读取文件成功
2017-01-21T01:56:42: 读取文件成功
2017-01-21T01:56:52: 读取文件成功
2017-01-21T01:57:02: 读取文件成功
2017-01-21T01:57:12: 读取文件成功
2017-01-21T01:57:22: 读取文件成功
2017-01-21T01:57:32: 读取文件成功
2017-01-21T01:57:42: 读取文件成功
2017-01-21T01:57:52: 读取文件成功
2017-01-21T01:58:02: 读取文件成功
2017-01-21T01:58:12: 读取文件成功
2017-01-21T01:58:22: 读取文件成功
2017-01-21T01:58:32: 读取文件成功
2017-01-21T01:58:42: 读取文件成功
2017-01-21T01:58:52: 读取文件成功
2017-01-21T01:59:02: 读取文件成功
2017-01-21T01:59:12: 读取文件成功
2017-01-21T01:59:22: 读取文件成功
2017-01-21T01:59:32: 读取文件成功
2017-01-21T01:59:42: 读取文件成功
2017-01-21T01:59:52: 读取文件成功
2017-01-21T02:00:02: 读取文件成功
2017-01-21T02:00:12: 读取文件成功
2017-01-21T02:00:22: 读取文件成功
2017-01-21T02:00:32: 读取文件成功
2017-01-21T02:00:42: 读取文件成功
2017-01-21T02:00:52: 读取文件成功
2017-01-21T02:01:02: 读取文件成功
2017-01-21T02:01:12: 读取文件成功
2017-01-21T02:01:22: 读取文件成功
2017-01-21T02:01:32: 读取文件成功
2017-01-21T02:01:42: 读取文件成功
2017-01-21T02:01:52: 读取文件成功
2017-01-21T02:02:02: 读取文件成功
2017-01-21T02:02:12: 读取文件成功
2017-01-21T02:02:22: 读取文件成功
2017-01-21T02:02:32: 读取文件成功
2017-01-21T02:02:42: 读取文件成功
2017-01-21T02:02:52: 读取文件成功
2017-01-21T02:03:02: 读取文件成功
2017-01-21T02:03:12: 读取文件成功
2017-01-21T02:03:22: 读取文件成功
2017-01-21T02:03:32: 读取文件成功
2017-01-21T02:03:42: 读取文件成功
2017-01-21T02:03:52: 读取文件成功
2017-01-21T02:04:02: 读取文件成功
2017-01-21T02:04:13: 读取文件成功
2017-01-21T02:04:23: 读取文件成功
2017-01-21T02:04:33: 读取文件成功
2017-01-21T02:04:43: 读取文件成功
2017-01-21T02:04:53: 读取文件成功
2017-01-21T02:05:03: 读取文件成功
2017-01-21T02:05:13: 读取文件成功
2017-01-21T02:05:23: 读取文件成功
2017-01-21T02:05:33: 读取文件成功
2017-01-21T02:05:43: 读取文件成功
2017-01-21T02:05:53: 读取文件成功
2017-01-21T02:06:03: 读取文件成功
2017-01-21T02:06:13: 读取文件成功
2017-01-21T02:06:23: 读取文件成功
2017-01-21T02:06:33: 读取文件成功
2017-01-21T02:06:43: 读取文件成功
2017-01-21T02:06:53: 读取文件成功
2017-01-21T02:07:03: 读取文件成功
2017-01-21T02:07:13: 读取文件成功
2017-01-21T02:07:23: 读取文件成功
2017-01-21T02:07:33: 读取文件成功
2017-01-21T02:07:43: 读取文件成功
2017-01-21T02:07:53: 读取文件成功
2017-01-21T02:08:03: 读取文件成功
2017-01-21T02:08:13: 读取文件成功
2017-01-21T02:08:23: 读取文件成功
2017-01-21T02:08:33: 读取文件成功
2017-01-21T02:08:43: 读取文件成功
2017-01-21T02:08:53: 读取文件成功
2017-01-21T02:09:03: 读取文件成功
2017-01-21T02:09:13: 读取文件成功
2017-01-21T02:09:23: 读取文件成功
2017-01-21T02:09:33: 读取文件成功
2017-01-21T02:09:43: 读取文件成功
2017-01-21T02:09:53: 读取文件成功
2017-01-21T02:10:03: 读取文件成功
2017-01-21T02:10:13: 读取文件成功
2017-01-21T02:10:23: 读取文件成功
2017-01-21T02:10:33: 读取文件成功
2017-01-21T02:10:43: 读取文件成功
2017-01-21T02:10:53: 读取文件成功
2017-01-21T02:11:03: 读取文件成功
2017-01-21T02:11:13: 读取文件成功
2017-01-21T02:11:23: 读取文件成功
2017-01-21T02:11:33: 读取文件成功
2017-01-21T02:11:43: 读取文件成功
2017-01-21T02:11:53: 读取文件成功
2017-01-21T02:12:03: 读取文件成功
2017-01-21T02:12:13: 读取文件成功
2017-01-21T02:12:23: 读取文件成功
2017-01-21T02:12:33: 读取文件成功
2017-01-21T02:12:43: 读取文件成功
2017-01-21T02:12:53: 读取文件成功
2017-01-21T02:13:03: 读取文件成功
2017-01-21T02:13:13: 读取文件成功
2017-01-21T02:13:23: 读取文件成功
2017-01-21T02:13:33: 读取文件成功
2017-01-21T02:13:43: 读取文件成功
2017-01-21T02:13:53: 读取文件成功
2017-01-21T02:14:03: 读取文件成功
2017-01-21T02:14:13: 读取文件成功
2017-01-21T02:14:23: 读取文件成功
2017-01-21T02:14:33: 读取文件成功
2017-01-21T02:14:43: 读取文件成功
2017-01-21T02:14:53: 读取文件成功
2017-01-21T02:15:03: 读取文件成功
2017-01-21T02:15:13: 读取文件成功
2017-01-21T02:15:23: 读取文件成功
2017-01-21T02:15:33: 读取文件成功
2017-01-21T02:15:43: 读取文件成功
2017-01-21T02:15:53: 读取文件成功
2017-01-21T02:16:03: 读取文件成功
2017-01-21T02:16:13: 读取文件成功
2017-01-21T02:16:23: 读取文件成功
2017-01-21T02:16:33: 读取文件成功
2017-01-21T02:16:43: 读取文件成功
2017-01-21T02:16:53: 读取文件成功
2017-01-21T02:17:03: 读取文件成功
2017-01-21T02:17:13: 读取文件成功
2017-01-21T02:17:23: 读取文件成功
2017-01-21T02:17:33: 读取文件成功
2017-01-21T02:17:43: 读取文件成功
2017-01-21T02:17:53: 读取文件成功
2017-01-21T02:18:03: 读取文件成功
2017-01-21T02:18:13: 读取文件成功
2017-01-21T02:18:23: 读取文件成功
2017-01-21T02:18:33: 读取文件成功
2017-01-21T02:18:43: 读取文件成功
2017-01-21T02:18:53: 读取文件成功
2017-01-21T02:19:03: 读取文件成功
2017-01-21T02:19:13: 读取文件成功
2017-01-21T02:19:23: 读取文件成功
2017-01-21T02:19:33: 读取文件成功
2017-01-21T02:19:43: 读取文件成功
2017-01-21T02:19:53: 读取文件成功
2017-01-21T02:20:03: 读取文件成功
2017-01-21T02:20:13: 读取文件成功
2017-01-21T02:20:23: 读取文件成功
2017-01-21T02:20:33: 读取文件成功
2017-01-21T02:20:43: 读取文件成功
2017-01-21T02:20:53: 读取文件成功
2017-01-21T02:21:03: 读取文件成功
2017-01-21T02:21:13: 读取文件成功
2017-01-21T02:21:23: 读取文件成功
2017-01-21T02:21:33: 读取文件成功
2017-01-21T02:21:43: 读取文件成功
2017-01-21T02:21:53: 读取文件成功
2017-01-21T02:22:03: 读取文件成功
2017-01-21T02:22:13: 读取文件成功
2017-01-21T02:22:23: 读取文件成功
2017-01-21T02:22:33: 读取文件成功
2017-01-21T02:22:43: 读取文件成功
2017-01-21T02:22:53: 读取文件成功
2017-01-21T02:23:03: 读取文件成功
2017-01-21T02:23:13: 读取文件成功
2017-01-21T02:23:23: 读取文件成功
2017-01-21T02:23:33: 读取文件成功
2017-01-21T02:23:43: 读取文件成功
2017-01-21T02:23:53: 读取文件成功
2017-01-21T02:24:04: 读取文件成功
2017-01-21T02:24:13: 读取文件成功
2017-01-21T02:24:24: 读取文件成功
2017-01-21T02:24:34: 读取文件成功
2017-01-21T02:24:44: 读取文件成功
2017-01-21T02:24:54: 读取文件成功
2017-01-21T02:25:04: 读取文件成功
2017-01-21T02:25:14: 读取文件成功
2017-01-21T02:25:24: 读取文件成功
2017-01-21T02:25:34: 读取文件成功
2017-01-21T02:25:44: 读取文件成功
2017-01-21T02:25:54: 读取文件成功
2017-01-21T02:26:04: 读取文件成功
2017-01-21T02:26:14: 读取文件成功
2017-01-21T02:26:24: 读取文件成功
2017-01-21T02:26:34: 读取文件成功
2017-01-21T02:26:44: 读取文件成功
2017-01-21T02:26:54: 读取文件成功
2017-01-21T02:27:04: 读取文件成功
2017-01-21T02:27:14: 读取文件成功
2017-01-21T02:27:24: 读取文件成功
2017-01-21T02:27:34: 读取文件成功
2017-01-21T02:27:44: 读取文件成功
2017-01-21T02:27:54: 读取文件成功
2017-01-21T02:28:04: 读取文件成功
2017-01-21T02:28:14: 读取文件成功
2017-01-21T02:28:24: 读取文件成功
2017-01-21T02:28:34: 读取文件成功
2017-01-21T02:28:44: 读取文件成功
2017-01-21T02:28:54: 读取文件成功
2017-01-21T02:29:04: 读取文件成功
2017-01-21T02:29:14: 读取文件成功
2017-01-21T02:29:24: 读取文件成功
2017-01-21T02:29:34: 读取文件成功
2017-01-21T02:29:44: 读取文件成功
2017-01-21T02:29:54: 读取文件成功
2017-01-21T02:30:04: 读取文件成功
2017-01-21T02:30:14: 读取文件成功
2017-01-21T02:30:24: 读取文件成功
2017-01-21T02:30:34: 读取文件成功
2017-01-21T02:30:44: 读取文件成功
2017-01-21T02:30:54: 读取文件成功
2017-01-21T02:31:04: 读取文件成功
2017-01-21T02:31:14: 读取文件成功
2017-01-21T02:31:24: 读取文件成功
2017-01-21T02:31:34: 读取文件成功
2017-01-21T02:31:44: 读取文件成功
2017-01-21T02:31:54: 读取文件成功
2017-01-21T02:32:04: 读取文件成功
2017-01-21T02:32:14: 读取文件成功
2017-01-21T02:32:24: 读取文件成功
2017-01-21T02:32:34: 读取文件成功
2017-01-21T02:32:44: 读取文件成功
2017-01-21T02:32:54: 读取文件成功
2017-01-21T02:33:04: 读取文件成功
2017-01-21T02:33:14: 读取文件成功
2017-01-21T02:33:24: 读取文件成功
2017-01-21T02:33:34: 读取文件成功
2017-01-21T02:33:44: 读取文件成功
2017-01-21T02:33:54: 读取文件成功
2017-01-21T02:34:04: 读取文件成功
2017-01-21T02:34:14: 读取文件成功
2017-01-21T02:34:24: 读取文件成功
2017-01-21T02:34:34: 读取文件成功
2017-01-21T02:34:44: 读取文件成功
2017-01-21T02:34:54: 读取文件成功
2017-01-21T02:35:04: 读取文件成功
2017-01-21T02:35:14: 读取文件成功
2017-01-21T02:35:24: 读取文件成功
2017-01-21T02:35:34: 读取文件成功
2017-01-21T02:35:44: 读取文件成功
2017-01-21T02:35:54: 读取文件成功
2017-01-21T02:36:04: 读取文件成功
2017-01-21T02:36:14: 读取文件成功
2017-01-21T02:36:24: 读取文件成功
2017-01-21T02:36:34: 读取文件成功
2017-01-21T02:36:44: 读取文件成功
2017-01-21T02:36:54: 读取文件成功
2017-01-21T02:37:04: 读取文件成功
2017-01-21T02:37:14: 读取文件成功
2017-01-21T02:37:24: 读取文件成功
2017-01-21T02:37:34: 读取文件成功
2017-01-21T02:37:44: 读取文件成功
2017-01-21T02:37:54: 读取文件成功
2017-01-21T02:38:04: 读取文件成功
2017-01-21T02:38:14: 读取文件成功
2017-01-21T02:38:24: 读取文件成功
2017-01-21T02:38:34: 读取文件成功
2017-01-21T02:38:44: 读取文件成功
2017-01-21T02:38:54: 读取文件成功
2017-01-21T02:39:04: 读取文件成功
2017-01-21T02:39:14: 读取文件成功
2017-01-21T02:39:24: 读取文件成功
2017-01-21T02:39:34: 读取文件成功
2017-01-21T02:39:44: 读取文件成功
2017-01-21T02:39:54: 读取文件成功
2017-01-21T02:40:04: 读取文件成功
2017-01-21T02:40:14: 读取文件成功
2017-01-21T02:40:24: 读取文件成功
2017-01-21T02:40:34: 读取文件成功
2017-01-21T02:40:44: 读取文件成功
2017-01-21T02:40:54: 读取文件成功
2017-01-21T02:41:04: 读取文件成功
2017-01-21T02:41:14: 读取文件成功
2017-01-21T02:41:24: 读取文件成功
2017-01-21T02:41:34: 读取文件成功
2017-01-21T02:41:44: 读取文件成功
2017-01-21T02:41:54: 读取文件成功
2017-01-21T02:42:04: 读取文件成功
2017-01-21T02:42:14: 读取文件成功
2017-01-21T02:42:24: 读取文件成功
2017-01-21T02:42:34: 读取文件成功
2017-01-21T02:42:44: 读取文件成功
2017-01-21T02:42:54: 读取文件成功
2017-01-21T02:43:04: 读取文件成功
2017-01-21T02:43:14: 读取文件成功
2017-01-21T02:43:25: 读取文件成功
2017-01-21T02:43:35: 读取文件成功
2017-01-21T02:43:45: 读取文件成功
2017-01-21T02:43:55: 读取文件成功
2017-01-21T02:44:05: 读取文件成功
2017-01-21T02:44:15: 读取文件成功
2017-01-21T02:44:25: 读取文件成功
2017-01-21T02:44:35: 读取文件成功
2017-01-21T02:44:45: 读取文件成功
2017-01-21T02:44:55: 读取文件成功
2017-01-21T02:45:05: 读取文件成功
2017-01-21T02:45:15: 读取文件成功
2017-01-21T02:45:25: 读取文件成功
2017-01-21T02:45:35: 读取文件成功
2017-01-21T02:45:45: 读取文件成功
2017-01-21T02:45:55: 读取文件成功
2017-01-21T02:46:05: 读取文件成功
2017-01-21T02:46:15: 读取文件成功
2017-01-21T02:46:25: 读取文件成功
2017-01-21T02:46:35: 读取文件成功
2017-01-21T02:46:45: 读取文件成功
2017-01-21T02:46:55: 读取文件成功
2017-01-21T02:47:05: 读取文件成功
2017-01-21T02:47:15: 读取文件成功
2017-01-21T02:47:25: 读取文件成功
2017-01-21T02:47:35: 读取文件成功
2017-01-21T02:47:45: 读取文件成功
2017-01-21T02:47:55: 读取文件成功
2017-01-21T02:48:05: 读取文件成功
2017-01-21T02:48:15: 读取文件成功
2017-01-21T02:48:25: 读取文件成功
2017-01-21T02:48:35: 读取文件成功
2017-01-21T02:48:45: 读取文件成功
2017-01-21T02:48:55: 读取文件成功
2017-01-21T02:49:05: 读取文件成功
2017-01-21T02:49:15: 读取文件成功
2017-01-21T02:49:25: 读取文件成功
2017-01-21T02:49:35: 读取文件成功
2017-01-21T02:49:45: 读取文件成功
2017-01-21T02:49:55: 读取文件成功
2017-01-21T02:50:05: 读取文件成功
2017-01-21T02:50:15: 读取文件成功
2017-01-21T02:50:25: 读取文件成功
2017-01-21T02:50:35: 读取文件成功
2017-01-21T02:50:45: 读取文件成功
2017-01-21T02:50:55: 读取文件成功
2017-01-21T02:51:05: 读取文件成功
2017-01-21T02:51:15: 读取文件成功
2017-01-21T02:51:25: 读取文件成功
2017-01-21T02:51:35: 读取文件成功
2017-01-21T02:51:45: 读取文件成功
2017-01-21T02:51:55: 读取文件成功
2017-01-21T02:52:05: 读取文件成功
2017-01-21T02:52:15: 读取文件成功
2017-01-21T02:52:25: 读取文件成功
2017-01-21T02:52:35: 读取文件成功
2017-01-21T02:52:45: 读取文件成功
2017-01-21T02:52:55: 读取文件成功
2017-01-21T02:53:05: 读取文件成功
2017-01-21T02:53:15: 读取文件成功
2017-01-21T02:53:25: 读取文件成功
2017-01-21T02:53:35: 读取文件成功
2017-01-21T02:53:45: 读取文件成功
2017-01-21T02:53:55: 读取文件成功
2017-01-21T02:54:05: 读取文件成功
2017-01-21T02:54:15: 读取文件成功
2017-01-21T02:54:25: 读取文件成功
2017-01-21T02:54:35: 读取文件成功
2017-01-21T02:54:45: 读取文件成功
2017-01-21T02:54:55: 读取文件成功
2017-01-21T02:55:05: 读取文件成功
2017-01-21T02:55:15: 读取文件成功
2017-01-21T02:55:25: 读取文件成功
2017-01-21T02:55:35: 读取文件成功
2017-01-21T02:55:45: 读取文件成功
2017-01-21T02:55:55: 读取文件成功
2017-01-21T02:56:05: 读取文件成功
2017-01-21T02:56:15: 读取文件成功
2017-01-21T02:56:25: 读取文件成功
2017-01-21T02:56:35: 读取文件成功
2017-01-21T02:56:45: 读取文件成功
2017-01-21T02:56:55: 读取文件成功
2017-01-21T02:57:05: 读取文件成功
2017-01-21T02:57:15: 读取文件成功
2017-01-21T02:57:25: 读取文件成功
2017-01-21T02:57:35: 读取文件成功
2017-01-21T02:57:45: 读取文件成功
2017-01-21T02:57:55: 读取文件成功
2017-01-21T02:58:05: 读取文件成功
2017-01-21T02:58:15: 读取文件成功
2017-01-21T02:58:25: 读取文件成功
2017-01-21T02:58:35: 读取文件成功
2017-01-21T02:58:45: 读取文件成功
2017-01-21T02:58:55: 读取文件成功
2017-01-21T02:59:05: 读取文件成功
2017-01-21T02:59:15: 读取文件成功
2017-01-21T02:59:25: 读取文件成功
2017-01-21T02:59:35: 读取文件成功
2017-01-21T02:59:45: 读取文件成功
2017-01-21T02:59:55: 读取文件成功
2017-01-21T03:00:05: 读取文件成功
2017-01-21T03:00:15: 读取文件成功
2017-01-21T03:00:26: 读取文件成功
2017-01-21T03:00:36: 读取文件成功
2017-01-21T03:00:46: 读取文件成功
2017-01-21T03:00:56: 读取文件成功
2017-01-21T03:01:06: 读取文件成功
2017-01-21T03:01:16: 读取文件成功
2017-01-21T03:01:26: 读取文件成功
2017-01-21T03:01:36: 读取文件成功
2017-01-21T03:01:46: 读取文件成功
2017-01-21T03:01:56: 读取文件成功
2017-01-21T03:02:06: 读取文件成功
2017-01-21T03:02:16: 读取文件成功
2017-01-21T03:02:26: 读取文件成功
2017-01-21T03:02:36: 读取文件成功
2017-01-21T03:02:46: 读取文件成功
2017-01-21T03:02:56: 读取文件成功
2017-01-21T03:03:06: 读取文件成功
2017-01-21T03:03:16: 读取文件成功
2017-01-21T03:03:26: 读取文件成功
2017-01-21T03:03:36: 读取文件成功
2017-01-21T03:03:46: 读取文件成功
2017-01-21T03:03:56: 读取文件成功
2017-01-21T03:04:06: 读取文件成功
2017-01-21T03:04:16: 读取文件成功
2017-01-21T03:04:26: 读取文件成功
2017-01-21T03:04:36: 读取文件成功
2017-01-21T03:04:46: 读取文件成功
2017-01-21T03:04:56: 读取文件成功
2017-01-21T03:05:06: 读取文件成功
2017-01-21T03:05:16: 读取文件成功
2017-01-21T03:05:26: 读取文件成功
2017-01-21T03:05:36: 读取文件成功
2017-01-21T03:05:46: 读取文件成功
2017-01-21T03:05:56: 读取文件成功
2017-01-21T03:06:06: 读取文件成功
2017-01-21T03:06:16: 读取文件成功
2017-01-21T03:06:26: 读取文件成功
2017-01-21T03:06:36: 读取文件成功
2017-01-21T03:06:46: 读取文件成功
2017-01-21T03:06:56: 读取文件成功
2017-01-21T03:07:06: 读取文件成功
2017-01-21T03:07:16: 读取文件成功
2017-01-21T03:07:26: 读取文件成功
2017-01-21T03:07:36: 读取文件成功
2017-01-21T03:07:46: 读取文件成功
2017-01-21T03:07:56: 读取文件成功
2017-01-21T03:08:06: 读取文件成功
2017-01-21T03:08:16: 读取文件成功
2017-01-21T03:08:26: 读取文件成功
2017-01-21T03:08:36: 读取文件成功
2017-01-21T03:08:46: 读取文件成功
2017-01-21T03:08:56: 读取文件成功
2017-01-21T03:09:06: 读取文件成功
2017-01-21T03:09:16: 读取文件成功
2017-01-21T03:09:26: 读取文件成功
2017-01-21T03:09:36: 读取文件成功
2017-01-21T03:09:46: 读取文件成功
2017-01-21T03:09:56: 读取文件成功
2017-01-21T03:10:06: 读取文件成功
2017-01-21T03:10:16: 读取文件成功
2017-01-21T03:10:26: 读取文件成功
2017-01-21T03:10:36: 读取文件成功
2017-01-21T03:10:46: 读取文件成功
2017-01-21T03:10:56: 读取文件成功
2017-01-21T03:11:06: 读取文件成功
2017-01-21T03:11:16: 读取文件成功
2017-01-21T03:11:26: 读取文件成功
2017-01-21T03:11:36: 读取文件成功
2017-01-21T03:11:46: 读取文件成功
2017-01-21T03:11:56: 读取文件成功
2017-01-21T03:12:06: 读取文件成功
2017-01-21T03:12:16: 读取文件成功
2017-01-21T03:12:26: 读取文件成功
2017-01-21T03:12:36: 读取文件成功
2017-01-21T03:12:46: 读取文件成功
2017-01-21T03:12:56: 读取文件成功
2017-01-21T03:13:06: 读取文件成功
2017-01-21T03:13:16: 读取文件成功
2017-01-21T03:13:26: 读取文件成功
2017-01-21T03:13:36: 读取文件成功
2017-01-21T03:13:46: 读取文件成功
2017-01-21T03:13:56: 读取文件成功
2017-01-21T03:14:06: 读取文件成功
2017-01-21T03:14:16: 读取文件成功
2017-01-21T03:14:26: 读取文件成功
2017-01-21T03:14:36: 读取文件成功
2017-01-21T03:14:46: 读取文件成功
2017-01-21T03:14:56: 读取文件成功
2017-01-21T03:15:06: 读取文件成功
2017-01-21T03:15:16: 读取文件成功
2017-01-21T03:15:26: 读取文件成功
2017-01-21T03:15:36: 读取文件成功
2017-01-21T03:15:46: 读取文件成功
2017-01-21T03:15:56: 读取文件成功
2017-01-21T03:16:06: 读取文件成功
2017-01-21T03:16:16: 读取文件成功
2017-01-21T03:16:26: 读取文件成功
2017-01-21T03:16:36: 读取文件成功
2017-01-21T03:16:46: 读取文件成功
2017-01-21T03:16:56: 读取文件成功
2017-01-21T03:17:06: 读取文件成功
2017-01-21T03:17:16: 读取文件成功
2017-01-21T03:17:26: 读取文件成功
2017-01-21T03:17:36: 读取文件成功
2017-01-21T03:17:46: 读取文件成功
2017-01-21T03:17:56: 读取文件成功
2017-01-21T03:18:06: 读取文件成功
2017-01-21T03:18:16: 读取文件成功
2017-01-21T03:18:26: 读取文件成功
2017-01-21T03:18:36: 读取文件成功
2017-01-21T03:18:46: 读取文件成功
2017-01-21T03:18:56: 读取文件成功
2017-01-21T03:19:06: 读取文件成功
2017-01-21T03:19:17: 读取文件成功
2017-01-21T03:19:26: 读取文件成功
2017-01-21T03:19:36: 读取文件成功
2017-01-21T03:19:46: 读取文件成功
2017-01-21T03:19:57: 读取文件成功
2017-01-21T03:20:07: 读取文件成功
2017-01-21T03:20:17: 读取文件成功
2017-01-21T03:20:27: 读取文件成功
2017-01-21T03:20:37: 读取文件成功
2017-01-21T03:20:47: 读取文件成功
2017-01-21T03:20:57: 读取文件成功
2017-01-21T03:21:07: 读取文件成功
2017-01-21T03:21:17: 读取文件成功
2017-01-21T03:21:27: 读取文件成功
2017-01-21T03:21:37: 读取文件成功
2017-01-21T03:21:47: 读取文件成功
2017-01-21T03:21:57: 读取文件成功
2017-01-21T03:22:07: 读取文件成功
2017-01-21T03:22:17: 读取文件成功
2017-01-21T03:22:27: 读取文件成功
2017-01-21T03:22:37: 读取文件成功
2017-01-21T03:22:47: 读取文件成功
2017-01-21T03:22:57: 读取文件成功
2017-01-21T03:23:07: 读取文件成功
2017-01-21T03:23:17: 读取文件成功
2017-01-21T03:23:27: 读取文件成功
2017-01-21T03:23:37: 读取文件成功
2017-01-21T03:23:47: 读取文件成功
2017-01-21T03:23:57: 读取文件成功
2017-01-21T03:24:07: 读取文件成功
2017-01-21T03:24:17: 读取文件成功
2017-01-21T03:24:27: 读取文件成功
2017-01-21T03:24:37: 读取文件成功
2017-01-21T03:24:47: 读取文件成功
2017-01-21T03:24:57: 读取文件成功
2017-01-21T03:25:07: 读取文件成功
2017-01-21T03:25:17: 读取文件成功
2017-01-21T03:25:27: 读取文件成功
2017-01-21T03:25:37: 读取文件成功
2017-01-21T03:25:47: 读取文件成功
2017-01-21T03:25:57: 读取文件成功
2017-01-21T03:26:07: 读取文件成功
2017-01-21T03:26:17: 读取文件成功
2017-01-21T03:26:27: 读取文件成功
2017-01-21T03:26:37: 读取文件成功
2017-01-21T03:26:47: 读取文件成功
2017-01-21T03:26:57: 读取文件成功
2017-01-21T03:27:07: 读取文件成功
2017-01-21T03:27:17: 读取文件成功
2017-01-21T03:27:27: 读取文件成功
2017-01-21T03:27:37: 读取文件成功
2017-01-21T03:27:47: 读取文件成功
2017-01-21T03:27:57: 读取文件成功
2017-01-21T03:28:07: 读取文件成功
2017-01-21T03:28:17: 读取文件成功
2017-01-21T03:28:27: 读取文件成功
2017-01-21T03:28:37: 读取文件成功
2017-01-21T03:28:47: 读取文件成功
2017-01-21T03:28:57: 读取文件成功
2017-01-21T03:29:07: 读取文件成功
