2017-03-02T00:00:07: 非记录时间：2017-03-02T00:00:07+08:00
2017-03-02T00:00:17: 非记录时间：2017-03-02T00:00:17+08:00
2017-03-02T00:00:27: 非记录时间：2017-03-02T00:00:27+08:00
2017-03-02T00:00:37: 非记录时间：2017-03-02T00:00:37+08:00
2017-03-02T00:00:47: 非记录时间：2017-03-02T00:00:47+08:00
2017-03-02T00:00:57: 非记录时间：2017-03-02T00:00:57+08:00
2017-03-02T00:01:07: 非记录时间：2017-03-02T00:01:07+08:00
2017-03-02T00:01:17: 非记录时间：2017-03-02T00:01:17+08:00
2017-03-02T00:01:27: 非记录时间：2017-03-02T00:01:27+08:00
2017-03-02T00:01:37: 非记录时间：2017-03-02T00:01:37+08:00
2017-03-02T00:01:47: 非记录时间：2017-03-02T00:01:47+08:00
2017-03-02T00:01:57: 非记录时间：2017-03-02T00:01:57+08:00
2017-03-02T00:02:07: 非记录时间：2017-03-02T00:02:07+08:00
2017-03-02T00:02:17: 非记录时间：2017-03-02T00:02:17+08:00
2017-03-02T00:02:27: 非记录时间：2017-03-02T00:02:27+08:00
2017-03-02T00:02:37: 非记录时间：2017-03-02T00:02:37+08:00
2017-03-02T00:02:47: 非记录时间：2017-03-02T00:02:47+08:00
2017-03-02T00:02:57: 非记录时间：2017-03-02T00:02:57+08:00
2017-03-02T00:03:07: 非记录时间：2017-03-02T00:03:07+08:00
2017-03-02T00:03:17: 非记录时间：2017-03-02T00:03:17+08:00
2017-03-02T00:03:27: 非记录时间：2017-03-02T00:03:27+08:00
2017-03-02T00:03:37: 非记录时间：2017-03-02T00:03:37+08:00
2017-03-02T00:03:47: 非记录时间：2017-03-02T00:03:47+08:00
2017-03-02T00:03:57: 非记录时间：2017-03-02T00:03:57+08:00
2017-03-02T00:04:07: 非记录时间：2017-03-02T00:04:07+08:00
2017-03-02T00:04:17: 非记录时间：2017-03-02T00:04:17+08:00
2017-03-02T00:04:27: 非记录时间：2017-03-02T00:04:27+08:00
2017-03-02T00:04:37: 非记录时间：2017-03-02T00:04:37+08:00
2017-03-02T00:04:47: 非记录时间：2017-03-02T00:04:47+08:00
2017-03-02T00:04:57: 非记录时间：2017-03-02T00:04:57+08:00
2017-03-02T00:05:07: 非记录时间：2017-03-02T00:05:07+08:00
2017-03-02T00:05:17: 非记录时间：2017-03-02T00:05:17+08:00
2017-03-02T00:05:27: 非记录时间：2017-03-02T00:05:27+08:00
2017-03-02T00:05:37: 非记录时间：2017-03-02T00:05:37+08:00
2017-03-02T00:05:47: 非记录时间：2017-03-02T00:05:47+08:00
2017-03-02T00:05:57: 非记录时间：2017-03-02T00:05:57+08:00
2017-03-02T00:06:07: 非记录时间：2017-03-02T00:06:07+08:00
2017-03-02T00:06:17: 非记录时间：2017-03-02T00:06:17+08:00
2017-03-02T00:06:27: 非记录时间：2017-03-02T00:06:27+08:00
2017-03-02T00:06:37: 非记录时间：2017-03-02T00:06:37+08:00
2017-03-02T00:06:47: 非记录时间：2017-03-02T00:06:47+08:00
2017-03-02T00:06:57: 非记录时间：2017-03-02T00:06:57+08:00
2017-03-02T00:07:07: 非记录时间：2017-03-02T00:07:07+08:00
2017-03-02T00:07:17: 非记录时间：2017-03-02T00:07:17+08:00
2017-03-02T00:07:27: 非记录时间：2017-03-02T00:07:27+08:00
2017-03-02T00:07:37: 非记录时间：2017-03-02T00:07:37+08:00
2017-03-02T00:07:47: 非记录时间：2017-03-02T00:07:47+08:00
2017-03-02T00:07:57: 非记录时间：2017-03-02T00:07:57+08:00
2017-03-02T00:08:07: 非记录时间：2017-03-02T00:08:07+08:00
2017-03-02T00:08:17: 非记录时间：2017-03-02T00:08:17+08:00
2017-03-02T00:08:27: 非记录时间：2017-03-02T00:08:27+08:00
2017-03-02T00:08:37: 非记录时间：2017-03-02T00:08:37+08:00
2017-03-02T00:08:47: 非记录时间：2017-03-02T00:08:47+08:00
2017-03-02T00:08:57: 非记录时间：2017-03-02T00:08:57+08:00
2017-03-02T00:09:07: 非记录时间：2017-03-02T00:09:07+08:00
2017-03-02T00:09:17: 非记录时间：2017-03-02T00:09:17+08:00
2017-03-02T00:09:27: 非记录时间：2017-03-02T00:09:27+08:00
2017-03-02T00:09:37: 非记录时间：2017-03-02T00:09:37+08:00
2017-03-02T00:09:47: 非记录时间：2017-03-02T00:09:47+08:00
2017-03-02T00:09:57: 非记录时间：2017-03-02T00:09:57+08:00
2017-03-02T00:10:07: 非记录时间：2017-03-02T00:10:07+08:00
2017-03-02T00:10:17: 非记录时间：2017-03-02T00:10:17+08:00
2017-03-02T00:10:27: 非记录时间：2017-03-02T00:10:27+08:00
2017-03-02T00:10:37: 非记录时间：2017-03-02T00:10:37+08:00
2017-03-02T00:10:47: 非记录时间：2017-03-02T00:10:47+08:00
2017-03-02T00:10:57: 非记录时间：2017-03-02T00:10:57+08:00
2017-03-02T00:11:07: 非记录时间：2017-03-02T00:11:07+08:00
2017-03-02T00:11:17: 非记录时间：2017-03-02T00:11:17+08:00
2017-03-02T00:11:27: 非记录时间：2017-03-02T00:11:27+08:00
2017-03-02T00:11:37: 非记录时间：2017-03-02T00:11:37+08:00
2017-03-02T00:11:47: 非记录时间：2017-03-02T00:11:47+08:00
2017-03-02T00:11:57: 非记录时间：2017-03-02T00:11:57+08:00
2017-03-02T00:12:07: 非记录时间：2017-03-02T00:12:07+08:00
2017-03-02T00:12:17: 非记录时间：2017-03-02T00:12:17+08:00
2017-03-02T00:12:27: 非记录时间：2017-03-02T00:12:27+08:00
2017-03-02T00:12:37: 非记录时间：2017-03-02T00:12:37+08:00
2017-03-02T00:12:47: 非记录时间：2017-03-02T00:12:47+08:00
2017-03-02T00:12:57: 非记录时间：2017-03-02T00:12:57+08:00
2017-03-02T00:13:07: 非记录时间：2017-03-02T00:13:07+08:00
2017-03-02T00:13:17: 非记录时间：2017-03-02T00:13:17+08:00
2017-03-02T00:13:27: 非记录时间：2017-03-02T00:13:27+08:00
2017-03-02T00:13:37: 非记录时间：2017-03-02T00:13:37+08:00
2017-03-02T00:13:47: 非记录时间：2017-03-02T00:13:47+08:00
2017-03-02T00:13:57: 非记录时间：2017-03-02T00:13:57+08:00
2017-03-02T00:14:07: 非记录时间：2017-03-02T00:14:07+08:00
2017-03-02T00:14:17: 非记录时间：2017-03-02T00:14:17+08:00
2017-03-02T00:14:27: 非记录时间：2017-03-02T00:14:27+08:00
2017-03-02T00:14:37: 非记录时间：2017-03-02T00:14:37+08:00
2017-03-02T00:14:47: 非记录时间：2017-03-02T00:14:47+08:00
2017-03-02T00:14:57: 非记录时间：2017-03-02T00:14:57+08:00
2017-03-02T00:15:07: 非记录时间：2017-03-02T00:15:07+08:00
2017-03-02T00:15:17: 非记录时间：2017-03-02T00:15:17+08:00
2017-03-02T00:15:27: 非记录时间：2017-03-02T00:15:27+08:00
2017-03-02T00:15:37: 非记录时间：2017-03-02T00:15:37+08:00
2017-03-02T00:15:47: 非记录时间：2017-03-02T00:15:47+08:00
2017-03-02T00:15:57: 非记录时间：2017-03-02T00:15:57+08:00
2017-03-02T00:16:07: 非记录时间：2017-03-02T00:16:07+08:00
2017-03-02T00:16:17: 非记录时间：2017-03-02T00:16:17+08:00
2017-03-02T00:16:27: 非记录时间：2017-03-02T00:16:27+08:00
2017-03-02T00:16:37: 非记录时间：2017-03-02T00:16:37+08:00
2017-03-02T00:16:47: 非记录时间：2017-03-02T00:16:47+08:00
2017-03-02T00:16:57: 非记录时间：2017-03-02T00:16:57+08:00
2017-03-02T00:17:07: 非记录时间：2017-03-02T00:17:07+08:00
2017-03-02T00:17:17: 非记录时间：2017-03-02T00:17:17+08:00
2017-03-02T00:17:27: 非记录时间：2017-03-02T00:17:27+08:00
2017-03-02T00:17:37: 非记录时间：2017-03-02T00:17:37+08:00
2017-03-02T00:17:47: 非记录时间：2017-03-02T00:17:47+08:00
2017-03-02T00:17:57: 非记录时间：2017-03-02T00:17:57+08:00
2017-03-02T00:18:07: 非记录时间：2017-03-02T00:18:07+08:00
2017-03-02T00:18:17: 非记录时间：2017-03-02T00:18:17+08:00
2017-03-02T00:18:27: 非记录时间：2017-03-02T00:18:27+08:00
2017-03-02T00:18:37: 非记录时间：2017-03-02T00:18:37+08:00
2017-03-02T00:18:47: 非记录时间：2017-03-02T00:18:47+08:00
2017-03-02T00:18:57: 非记录时间：2017-03-02T00:18:57+08:00
2017-03-02T00:19:07: 非记录时间：2017-03-02T00:19:07+08:00
2017-03-02T00:19:17: 非记录时间：2017-03-02T00:19:17+08:00
2017-03-02T00:19:27: 非记录时间：2017-03-02T00:19:27+08:00
2017-03-02T00:19:37: 非记录时间：2017-03-02T00:19:37+08:00
2017-03-02T00:19:47: 非记录时间：2017-03-02T00:19:47+08:00
2017-03-02T00:19:57: 非记录时间：2017-03-02T00:19:57+08:00
2017-03-02T00:20:07: 非记录时间：2017-03-02T00:20:07+08:00
2017-03-02T00:20:17: 非记录时间：2017-03-02T00:20:17+08:00
2017-03-02T00:20:27: 非记录时间：2017-03-02T00:20:27+08:00
2017-03-02T00:20:37: 非记录时间：2017-03-02T00:20:37+08:00
2017-03-02T00:20:47: 非记录时间：2017-03-02T00:20:47+08:00
2017-03-02T00:20:57: 非记录时间：2017-03-02T00:20:57+08:00
2017-03-02T00:21:07: 非记录时间：2017-03-02T00:21:07+08:00
2017-03-02T00:21:17: 非记录时间：2017-03-02T00:21:17+08:00
2017-03-02T00:21:27: 非记录时间：2017-03-02T00:21:27+08:00
2017-03-02T00:21:37: 非记录时间：2017-03-02T00:21:37+08:00
2017-03-02T00:21:47: 非记录时间：2017-03-02T00:21:47+08:00
2017-03-02T00:21:57: 非记录时间：2017-03-02T00:21:57+08:00
2017-03-02T00:22:07: 非记录时间：2017-03-02T00:22:07+08:00
2017-03-02T00:22:17: 非记录时间：2017-03-02T00:22:17+08:00
2017-03-02T00:22:27: 非记录时间：2017-03-02T00:22:27+08:00
2017-03-02T00:22:37: 非记录时间：2017-03-02T00:22:37+08:00
2017-03-02T00:22:47: 非记录时间：2017-03-02T00:22:47+08:00
2017-03-02T00:22:57: 非记录时间：2017-03-02T00:22:57+08:00
2017-03-02T00:23:07: 非记录时间：2017-03-02T00:23:07+08:00
2017-03-02T00:23:17: 非记录时间：2017-03-02T00:23:17+08:00
2017-03-02T00:23:27: 非记录时间：2017-03-02T00:23:27+08:00
2017-03-02T00:23:37: 非记录时间：2017-03-02T00:23:37+08:00
2017-03-02T00:23:47: 非记录时间：2017-03-02T00:23:47+08:00
2017-03-02T00:23:57: 非记录时间：2017-03-02T00:23:57+08:00
2017-03-02T00:24:07: 非记录时间：2017-03-02T00:24:07+08:00
2017-03-02T00:24:17: 非记录时间：2017-03-02T00:24:17+08:00
2017-03-02T00:24:27: 非记录时间：2017-03-02T00:24:27+08:00
2017-03-02T00:24:37: 非记录时间：2017-03-02T00:24:37+08:00
2017-03-02T00:24:47: 非记录时间：2017-03-02T00:24:47+08:00
2017-03-02T00:24:57: 非记录时间：2017-03-02T00:24:57+08:00
2017-03-02T00:25:07: 非记录时间：2017-03-02T00:25:07+08:00
2017-03-02T00:25:17: 非记录时间：2017-03-02T00:25:17+08:00
2017-03-02T00:25:27: 非记录时间：2017-03-02T00:25:27+08:00
2017-03-02T00:25:37: 非记录时间：2017-03-02T00:25:37+08:00
2017-03-02T00:25:47: 非记录时间：2017-03-02T00:25:47+08:00
2017-03-02T00:25:57: 非记录时间：2017-03-02T00:25:57+08:00
2017-03-02T00:26:07: 非记录时间：2017-03-02T00:26:07+08:00
2017-03-02T00:26:17: 非记录时间：2017-03-02T00:26:17+08:00
2017-03-02T00:26:27: 非记录时间：2017-03-02T00:26:27+08:00
2017-03-02T00:26:37: 非记录时间：2017-03-02T00:26:37+08:00
2017-03-02T00:26:47: 非记录时间：2017-03-02T00:26:47+08:00
2017-03-02T00:26:57: 非记录时间：2017-03-02T00:26:57+08:00
2017-03-02T00:27:07: 非记录时间：2017-03-02T00:27:07+08:00
2017-03-02T00:27:17: 非记录时间：2017-03-02T00:27:17+08:00
2017-03-02T00:27:27: 非记录时间：2017-03-02T00:27:27+08:00
2017-03-02T00:27:37: 非记录时间：2017-03-02T00:27:37+08:00
2017-03-02T00:27:47: 非记录时间：2017-03-02T00:27:47+08:00
2017-03-02T00:27:57: 非记录时间：2017-03-02T00:27:57+08:00
2017-03-02T00:28:07: 非记录时间：2017-03-02T00:28:07+08:00
2017-03-02T00:28:17: 非记录时间：2017-03-02T00:28:17+08:00
2017-03-02T00:28:27: 非记录时间：2017-03-02T00:28:27+08:00
2017-03-02T00:28:37: 非记录时间：2017-03-02T00:28:37+08:00
2017-03-02T00:28:47: 非记录时间：2017-03-02T00:28:47+08:00
2017-03-02T00:28:57: 非记录时间：2017-03-02T00:28:57+08:00
2017-03-02T00:29:07: 非记录时间：2017-03-02T00:29:07+08:00
2017-03-02T00:29:17: 非记录时间：2017-03-02T00:29:17+08:00
2017-03-02T00:29:27: 非记录时间：2017-03-02T00:29:27+08:00
2017-03-02T00:29:37: 非记录时间：2017-03-02T00:29:37+08:00
2017-03-02T00:29:47: 非记录时间：2017-03-02T00:29:47+08:00
2017-03-02T00:29:57: 非记录时间：2017-03-02T00:29:57+08:00
2017-03-02T00:30:07: 非记录时间：2017-03-02T00:30:07+08:00
2017-03-02T00:30:17: 非记录时间：2017-03-02T00:30:17+08:00
2017-03-02T00:30:27: 非记录时间：2017-03-02T00:30:27+08:00
2017-03-02T00:30:37: 非记录时间：2017-03-02T00:30:37+08:00
2017-03-02T00:30:47: 非记录时间：2017-03-02T00:30:47+08:00
2017-03-02T00:30:57: 非记录时间：2017-03-02T00:30:57+08:00
2017-03-02T00:31:07: 非记录时间：2017-03-02T00:31:07+08:00
2017-03-02T00:31:17: 非记录时间：2017-03-02T00:31:17+08:00
2017-03-02T00:31:27: 非记录时间：2017-03-02T00:31:27+08:00
2017-03-02T00:31:37: 非记录时间：2017-03-02T00:31:37+08:00
2017-03-02T00:31:47: 非记录时间：2017-03-02T00:31:47+08:00
2017-03-02T00:31:57: 非记录时间：2017-03-02T00:31:57+08:00
2017-03-02T00:32:07: 非记录时间：2017-03-02T00:32:07+08:00
2017-03-02T00:32:17: 非记录时间：2017-03-02T00:32:17+08:00
2017-03-02T00:32:27: 非记录时间：2017-03-02T00:32:27+08:00
2017-03-02T00:32:37: 非记录时间：2017-03-02T00:32:37+08:00
2017-03-02T00:32:47: 非记录时间：2017-03-02T00:32:47+08:00
2017-03-02T00:32:57: 非记录时间：2017-03-02T00:32:57+08:00
2017-03-02T00:33:07: 非记录时间：2017-03-02T00:33:07+08:00
2017-03-02T00:33:17: 非记录时间：2017-03-02T00:33:17+08:00
2017-03-02T00:33:27: 非记录时间：2017-03-02T00:33:27+08:00
2017-03-02T00:33:37: 非记录时间：2017-03-02T00:33:37+08:00
2017-03-02T00:33:47: 非记录时间：2017-03-02T00:33:47+08:00
2017-03-02T00:33:57: 非记录时间：2017-03-02T00:33:57+08:00
2017-03-02T00:34:07: 非记录时间：2017-03-02T00:34:07+08:00
2017-03-02T00:34:17: 非记录时间：2017-03-02T00:34:17+08:00
2017-03-02T00:34:27: 非记录时间：2017-03-02T00:34:27+08:00
2017-03-02T00:34:37: 非记录时间：2017-03-02T00:34:37+08:00
2017-03-02T00:34:47: 非记录时间：2017-03-02T00:34:47+08:00
2017-03-02T00:34:57: 非记录时间：2017-03-02T00:34:57+08:00
2017-03-02T00:35:07: 非记录时间：2017-03-02T00:35:07+08:00
2017-03-02T00:35:17: 非记录时间：2017-03-02T00:35:17+08:00
2017-03-02T00:35:27: 非记录时间：2017-03-02T00:35:27+08:00
2017-03-02T00:35:37: 非记录时间：2017-03-02T00:35:37+08:00
2017-03-02T00:35:47: 非记录时间：2017-03-02T00:35:47+08:00
2017-03-02T00:35:57: 非记录时间：2017-03-02T00:35:57+08:00
2017-03-02T00:36:07: 非记录时间：2017-03-02T00:36:07+08:00
2017-03-02T00:36:17: 非记录时间：2017-03-02T00:36:17+08:00
2017-03-02T00:36:27: 非记录时间：2017-03-02T00:36:27+08:00
2017-03-02T00:36:37: 非记录时间：2017-03-02T00:36:37+08:00
2017-03-02T00:36:47: 非记录时间：2017-03-02T00:36:47+08:00
2017-03-02T00:36:57: 非记录时间：2017-03-02T00:36:57+08:00
2017-03-02T00:37:07: 非记录时间：2017-03-02T00:37:07+08:00
2017-03-02T00:37:17: 非记录时间：2017-03-02T00:37:17+08:00
2017-03-02T00:37:27: 非记录时间：2017-03-02T00:37:27+08:00
2017-03-02T00:37:37: 非记录时间：2017-03-02T00:37:37+08:00
2017-03-02T00:37:47: 非记录时间：2017-03-02T00:37:47+08:00
2017-03-02T00:37:57: 非记录时间：2017-03-02T00:37:57+08:00
2017-03-02T00:38:07: 非记录时间：2017-03-02T00:38:07+08:00
2017-03-02T00:38:17: 非记录时间：2017-03-02T00:38:17+08:00
2017-03-02T00:38:27: 非记录时间：2017-03-02T00:38:27+08:00
2017-03-02T00:38:37: 非记录时间：2017-03-02T00:38:37+08:00
2017-03-02T00:38:47: 非记录时间：2017-03-02T00:38:47+08:00
2017-03-02T00:38:57: 非记录时间：2017-03-02T00:38:57+08:00
2017-03-02T00:39:07: 非记录时间：2017-03-02T00:39:07+08:00
2017-03-02T00:39:17: 非记录时间：2017-03-02T00:39:17+08:00
2017-03-02T00:39:27: 非记录时间：2017-03-02T00:39:27+08:00
2017-03-02T00:39:37: 非记录时间：2017-03-02T00:39:37+08:00
2017-03-02T00:39:47: 非记录时间：2017-03-02T00:39:47+08:00
2017-03-02T00:39:57: 非记录时间：2017-03-02T00:39:57+08:00
2017-03-02T00:40:07: 非记录时间：2017-03-02T00:40:07+08:00
2017-03-02T00:40:17: 非记录时间：2017-03-02T00:40:17+08:00
2017-03-02T00:40:27: 非记录时间：2017-03-02T00:40:27+08:00
2017-03-02T00:40:37: 非记录时间：2017-03-02T00:40:37+08:00
2017-03-02T00:40:47: 非记录时间：2017-03-02T00:40:47+08:00
2017-03-02T00:40:57: 非记录时间：2017-03-02T00:40:57+08:00
2017-03-02T00:41:07: 非记录时间：2017-03-02T00:41:07+08:00
2017-03-02T00:41:17: 非记录时间：2017-03-02T00:41:17+08:00
2017-03-02T00:41:27: 非记录时间：2017-03-02T00:41:27+08:00
2017-03-02T00:41:37: 非记录时间：2017-03-02T00:41:37+08:00
2017-03-02T00:41:47: 非记录时间：2017-03-02T00:41:47+08:00
2017-03-02T00:41:57: 非记录时间：2017-03-02T00:41:57+08:00
2017-03-02T00:42:07: 非记录时间：2017-03-02T00:42:07+08:00
2017-03-02T00:42:17: 非记录时间：2017-03-02T00:42:17+08:00
2017-03-02T00:42:27: 非记录时间：2017-03-02T00:42:27+08:00
2017-03-02T00:42:37: 非记录时间：2017-03-02T00:42:37+08:00
2017-03-02T00:42:47: 非记录时间：2017-03-02T00:42:47+08:00
2017-03-02T00:42:57: 非记录时间：2017-03-02T00:42:57+08:00
2017-03-02T00:43:07: 非记录时间：2017-03-02T00:43:07+08:00
2017-03-02T00:43:17: 非记录时间：2017-03-02T00:43:17+08:00
2017-03-02T00:43:27: 非记录时间：2017-03-02T00:43:27+08:00
2017-03-02T00:43:37: 非记录时间：2017-03-02T00:43:37+08:00
2017-03-02T00:43:47: 非记录时间：2017-03-02T00:43:47+08:00
2017-03-02T00:43:57: 非记录时间：2017-03-02T00:43:57+08:00
2017-03-02T00:44:07: 非记录时间：2017-03-02T00:44:07+08:00
2017-03-02T00:44:17: 非记录时间：2017-03-02T00:44:17+08:00
2017-03-02T00:44:27: 非记录时间：2017-03-02T00:44:27+08:00
2017-03-02T00:44:37: 非记录时间：2017-03-02T00:44:37+08:00
2017-03-02T00:44:47: 非记录时间：2017-03-02T00:44:47+08:00
2017-03-02T00:44:57: 非记录时间：2017-03-02T00:44:57+08:00
2017-03-02T00:45:07: 非记录时间：2017-03-02T00:45:07+08:00
2017-03-02T00:45:17: 非记录时间：2017-03-02T00:45:17+08:00
2017-03-02T00:45:27: 非记录时间：2017-03-02T00:45:27+08:00
2017-03-02T00:45:37: 非记录时间：2017-03-02T00:45:37+08:00
2017-03-02T00:45:47: 非记录时间：2017-03-02T00:45:47+08:00
2017-03-02T00:45:57: 非记录时间：2017-03-02T00:45:57+08:00
2017-03-02T00:46:07: 非记录时间：2017-03-02T00:46:07+08:00
2017-03-02T00:46:17: 非记录时间：2017-03-02T00:46:17+08:00
2017-03-02T00:46:27: 非记录时间：2017-03-02T00:46:27+08:00
2017-03-02T00:46:37: 非记录时间：2017-03-02T00:46:37+08:00
2017-03-02T00:46:47: 非记录时间：2017-03-02T00:46:47+08:00
2017-03-02T00:46:57: 非记录时间：2017-03-02T00:46:57+08:00
2017-03-02T00:47:07: 非记录时间：2017-03-02T00:47:07+08:00
2017-03-02T00:47:17: 非记录时间：2017-03-02T00:47:17+08:00
2017-03-02T00:47:27: 非记录时间：2017-03-02T00:47:27+08:00
2017-03-02T00:47:37: 非记录时间：2017-03-02T00:47:37+08:00
2017-03-02T00:47:47: 非记录时间：2017-03-02T00:47:47+08:00
2017-03-02T00:47:57: 非记录时间：2017-03-02T00:47:57+08:00
2017-03-02T00:48:07: 非记录时间：2017-03-02T00:48:07+08:00
2017-03-02T00:48:17: 非记录时间：2017-03-02T00:48:17+08:00
2017-03-02T00:48:27: 非记录时间：2017-03-02T00:48:27+08:00
2017-03-02T00:48:37: 非记录时间：2017-03-02T00:48:37+08:00
2017-03-02T00:48:47: 非记录时间：2017-03-02T00:48:47+08:00
2017-03-02T00:48:57: 非记录时间：2017-03-02T00:48:57+08:00
2017-03-02T00:49:07: 非记录时间：2017-03-02T00:49:07+08:00
2017-03-02T00:49:17: 非记录时间：2017-03-02T00:49:17+08:00
2017-03-02T00:49:27: 非记录时间：2017-03-02T00:49:27+08:00
2017-03-02T00:49:37: 非记录时间：2017-03-02T00:49:37+08:00
2017-03-02T00:49:47: 非记录时间：2017-03-02T00:49:47+08:00
2017-03-02T00:49:57: 非记录时间：2017-03-02T00:49:57+08:00
2017-03-02T00:50:07: 非记录时间：2017-03-02T00:50:07+08:00
2017-03-02T00:50:17: 非记录时间：2017-03-02T00:50:17+08:00
2017-03-02T00:50:27: 非记录时间：2017-03-02T00:50:27+08:00
2017-03-02T00:50:37: 非记录时间：2017-03-02T00:50:37+08:00
2017-03-02T00:50:47: 非记录时间：2017-03-02T00:50:47+08:00
2017-03-02T00:50:57: 非记录时间：2017-03-02T00:50:57+08:00
2017-03-02T00:51:07: 非记录时间：2017-03-02T00:51:07+08:00
2017-03-02T00:51:17: 非记录时间：2017-03-02T00:51:17+08:00
2017-03-02T00:51:27: 非记录时间：2017-03-02T00:51:27+08:00
2017-03-02T00:51:37: 非记录时间：2017-03-02T00:51:37+08:00
2017-03-02T00:51:47: 非记录时间：2017-03-02T00:51:47+08:00
2017-03-02T00:51:57: 非记录时间：2017-03-02T00:51:57+08:00
2017-03-02T00:52:07: 非记录时间：2017-03-02T00:52:07+08:00
2017-03-02T00:52:17: 非记录时间：2017-03-02T00:52:17+08:00
2017-03-02T00:52:27: 非记录时间：2017-03-02T00:52:27+08:00
2017-03-02T00:52:37: 非记录时间：2017-03-02T00:52:37+08:00
2017-03-02T00:52:47: 非记录时间：2017-03-02T00:52:47+08:00
2017-03-02T00:52:57: 非记录时间：2017-03-02T00:52:57+08:00
2017-03-02T00:53:07: 非记录时间：2017-03-02T00:53:07+08:00
2017-03-02T00:53:17: 非记录时间：2017-03-02T00:53:17+08:00
2017-03-02T00:53:27: 非记录时间：2017-03-02T00:53:27+08:00
2017-03-02T00:53:37: 非记录时间：2017-03-02T00:53:37+08:00
2017-03-02T00:53:47: 非记录时间：2017-03-02T00:53:47+08:00
2017-03-02T00:53:57: 非记录时间：2017-03-02T00:53:57+08:00
2017-03-02T00:54:07: 非记录时间：2017-03-02T00:54:07+08:00
2017-03-02T00:54:17: 非记录时间：2017-03-02T00:54:17+08:00
2017-03-02T00:54:27: 非记录时间：2017-03-02T00:54:27+08:00
2017-03-02T00:54:37: 非记录时间：2017-03-02T00:54:37+08:00
2017-03-02T00:54:47: 非记录时间：2017-03-02T00:54:47+08:00
2017-03-02T00:54:57: 非记录时间：2017-03-02T00:54:57+08:00
2017-03-02T00:55:07: 非记录时间：2017-03-02T00:55:07+08:00
2017-03-02T00:55:17: 非记录时间：2017-03-02T00:55:17+08:00
2017-03-02T00:55:27: 非记录时间：2017-03-02T00:55:27+08:00
2017-03-02T00:55:37: 非记录时间：2017-03-02T00:55:37+08:00
2017-03-02T00:55:47: 非记录时间：2017-03-02T00:55:47+08:00
2017-03-02T00:55:57: 非记录时间：2017-03-02T00:55:57+08:00
2017-03-02T00:56:07: 非记录时间：2017-03-02T00:56:07+08:00
2017-03-02T00:56:17: 非记录时间：2017-03-02T00:56:17+08:00
2017-03-02T00:56:27: 非记录时间：2017-03-02T00:56:27+08:00
2017-03-02T00:56:37: 非记录时间：2017-03-02T00:56:37+08:00
2017-03-02T00:56:48: 非记录时间：2017-03-02T00:56:48+08:00
2017-03-02T00:56:58: 非记录时间：2017-03-02T00:56:58+08:00
2017-03-02T00:57:08: 非记录时间：2017-03-02T00:57:08+08:00
2017-03-02T00:57:18: 非记录时间：2017-03-02T00:57:18+08:00
2017-03-02T00:57:28: 非记录时间：2017-03-02T00:57:28+08:00
2017-03-02T00:57:38: 非记录时间：2017-03-02T00:57:38+08:00
2017-03-02T00:57:48: 非记录时间：2017-03-02T00:57:48+08:00
2017-03-02T00:57:58: 非记录时间：2017-03-02T00:57:58+08:00
2017-03-02T00:58:08: 非记录时间：2017-03-02T00:58:08+08:00
2017-03-02T00:58:18: 非记录时间：2017-03-02T00:58:18+08:00
2017-03-02T00:58:28: 非记录时间：2017-03-02T00:58:28+08:00
2017-03-02T00:58:38: 非记录时间：2017-03-02T00:58:38+08:00
2017-03-02T00:58:48: 非记录时间：2017-03-02T00:58:48+08:00
2017-03-02T00:58:58: 非记录时间：2017-03-02T00:58:58+08:00
2017-03-02T00:59:08: 非记录时间：2017-03-02T00:59:08+08:00
2017-03-02T00:59:18: 非记录时间：2017-03-02T00:59:18+08:00
2017-03-02T00:59:28: 非记录时间：2017-03-02T00:59:28+08:00
2017-03-02T00:59:38: 非记录时间：2017-03-02T00:59:38+08:00
2017-03-02T00:59:48: 非记录时间：2017-03-02T00:59:48+08:00
2017-03-02T00:59:58: 非记录时间：2017-03-02T00:59:58+08:00
2017-03-02T01:00:08: 非记录时间：2017-03-02T01:00:08+08:00
2017-03-02T01:00:18: 非记录时间：2017-03-02T01:00:18+08:00
2017-03-02T01:00:28: 非记录时间：2017-03-02T01:00:28+08:00
2017-03-02T01:00:38: 非记录时间：2017-03-02T01:00:38+08:00
2017-03-02T01:00:48: 非记录时间：2017-03-02T01:00:48+08:00
2017-03-02T01:00:58: 非记录时间：2017-03-02T01:00:58+08:00
2017-03-02T01:01:08: 非记录时间：2017-03-02T01:01:08+08:00
2017-03-02T01:01:18: 非记录时间：2017-03-02T01:01:18+08:00
2017-03-02T01:01:28: 非记录时间：2017-03-02T01:01:28+08:00
2017-03-02T01:01:38: 非记录时间：2017-03-02T01:01:38+08:00
2017-03-02T01:01:48: 非记录时间：2017-03-02T01:01:48+08:00
2017-03-02T01:01:58: 非记录时间：2017-03-02T01:01:58+08:00
2017-03-02T01:02:08: 非记录时间：2017-03-02T01:02:08+08:00
2017-03-02T01:02:18: 非记录时间：2017-03-02T01:02:18+08:00
2017-03-02T01:02:28: 非记录时间：2017-03-02T01:02:28+08:00
2017-03-02T01:02:38: 非记录时间：2017-03-02T01:02:38+08:00
2017-03-02T01:02:48: 非记录时间：2017-03-02T01:02:48+08:00
2017-03-02T01:02:58: 非记录时间：2017-03-02T01:02:58+08:00
2017-03-02T01:03:08: 非记录时间：2017-03-02T01:03:08+08:00
2017-03-02T01:03:18: 非记录时间：2017-03-02T01:03:18+08:00
2017-03-02T01:03:28: 非记录时间：2017-03-02T01:03:28+08:00
2017-03-02T01:03:38: 非记录时间：2017-03-02T01:03:38+08:00
2017-03-02T01:03:48: 非记录时间：2017-03-02T01:03:48+08:00
2017-03-02T01:03:58: 非记录时间：2017-03-02T01:03:58+08:00
2017-03-02T01:04:08: 非记录时间：2017-03-02T01:04:08+08:00
2017-03-02T01:04:18: 非记录时间：2017-03-02T01:04:18+08:00
2017-03-02T01:04:28: 非记录时间：2017-03-02T01:04:28+08:00
2017-03-02T01:04:38: 非记录时间：2017-03-02T01:04:38+08:00
2017-03-02T01:04:48: 非记录时间：2017-03-02T01:04:48+08:00
2017-03-02T01:04:58: 非记录时间：2017-03-02T01:04:58+08:00
2017-03-02T01:05:08: 非记录时间：2017-03-02T01:05:08+08:00
2017-03-02T01:05:18: 非记录时间：2017-03-02T01:05:18+08:00
2017-03-02T01:05:28: 非记录时间：2017-03-02T01:05:28+08:00
2017-03-02T01:05:38: 非记录时间：2017-03-02T01:05:38+08:00
2017-03-02T01:05:48: 非记录时间：2017-03-02T01:05:48+08:00
2017-03-02T01:05:58: 非记录时间：2017-03-02T01:05:58+08:00
2017-03-02T01:06:08: 非记录时间：2017-03-02T01:06:08+08:00
2017-03-02T01:06:18: 非记录时间：2017-03-02T01:06:18+08:00
2017-03-02T01:06:28: 非记录时间：2017-03-02T01:06:28+08:00
2017-03-02T01:06:38: 非记录时间：2017-03-02T01:06:38+08:00
2017-03-02T01:06:48: 非记录时间：2017-03-02T01:06:48+08:00
2017-03-02T01:06:58: 非记录时间：2017-03-02T01:06:58+08:00
2017-03-02T01:07:08: 非记录时间：2017-03-02T01:07:08+08:00
2017-03-02T01:07:18: 非记录时间：2017-03-02T01:07:18+08:00
2017-03-02T01:07:28: 非记录时间：2017-03-02T01:07:28+08:00
2017-03-02T01:07:38: 非记录时间：2017-03-02T01:07:38+08:00
2017-03-02T01:07:48: 非记录时间：2017-03-02T01:07:48+08:00
2017-03-02T01:07:58: 非记录时间：2017-03-02T01:07:58+08:00
2017-03-02T01:08:08: 非记录时间：2017-03-02T01:08:08+08:00
2017-03-02T01:08:18: 非记录时间：2017-03-02T01:08:18+08:00
2017-03-02T01:08:28: 非记录时间：2017-03-02T01:08:28+08:00
2017-03-02T01:08:38: 非记录时间：2017-03-02T01:08:38+08:00
2017-03-02T01:08:48: 非记录时间：2017-03-02T01:08:48+08:00
2017-03-02T01:08:58: 非记录时间：2017-03-02T01:08:58+08:00
2017-03-02T01:09:08: 非记录时间：2017-03-02T01:09:08+08:00
2017-03-02T01:09:18: 非记录时间：2017-03-02T01:09:18+08:00
2017-03-02T01:09:28: 非记录时间：2017-03-02T01:09:28+08:00
2017-03-02T01:09:38: 非记录时间：2017-03-02T01:09:38+08:00
2017-03-02T01:09:48: 非记录时间：2017-03-02T01:09:48+08:00
2017-03-02T01:09:58: 非记录时间：2017-03-02T01:09:58+08:00
2017-03-02T01:10:08: 非记录时间：2017-03-02T01:10:08+08:00
2017-03-02T01:10:18: 非记录时间：2017-03-02T01:10:18+08:00
2017-03-02T01:10:28: 非记录时间：2017-03-02T01:10:28+08:00
2017-03-02T01:10:38: 非记录时间：2017-03-02T01:10:38+08:00
2017-03-02T01:10:48: 非记录时间：2017-03-02T01:10:48+08:00
2017-03-02T01:10:58: 非记录时间：2017-03-02T01:10:58+08:00
2017-03-02T01:11:08: 读取文件失败，可能是该文件不存在
2017-03-02T01:11:08: Error: ENOENT: no such file or directory, open './data/2017-03-02.json'
2017-03-02T01:11:18: 读取文件成功
2017-03-02T01:11:28: 读取文件成功
2017-03-02T01:11:38: 读取文件成功
2017-03-02T01:11:48: 读取文件成功
2017-03-02T01:11:58: 读取文件成功
2017-03-02T01:12:09: 读取文件成功
2017-03-02T01:12:18: 读取文件成功
2017-03-02T01:12:28: 读取文件成功
2017-03-02T01:12:38: 读取文件成功
2017-03-02T01:12:48: 读取文件成功
2017-03-02T01:12:58: 读取文件成功
2017-03-02T01:13:08: 读取文件成功
2017-03-02T01:13:18: 读取文件成功
2017-03-02T01:13:28: 读取文件成功
2017-03-02T01:13:38: 读取文件成功
2017-03-02T01:13:48: 读取文件成功
2017-03-02T01:13:59: 读取文件成功
2017-03-02T01:14:08: 读取文件成功
2017-03-02T01:14:18: 读取文件成功
2017-03-02T01:14:28: 读取文件成功
2017-03-02T01:14:38: 读取文件成功
2017-03-02T01:14:49: 读取文件成功
2017-03-02T01:14:59: 读取文件成功
2017-03-02T01:15:08: 读取文件成功
2017-03-02T01:15:18: 读取文件成功
2017-03-02T01:15:28: 读取文件成功
2017-03-02T01:15:39: 读取文件成功
2017-03-02T01:15:48: 读取文件成功
2017-03-02T01:15:58: 读取文件成功
2017-03-02T01:16:08: 读取文件成功
2017-03-02T01:16:19: 读取文件成功
2017-03-02T01:16:28: 读取文件成功
2017-03-02T01:16:38: 读取文件成功
2017-03-02T01:16:48: 读取文件成功
2017-03-02T01:16:58: 读取文件成功
2017-03-02T01:17:08: 读取文件成功
2017-03-02T01:17:18: 读取文件成功
2017-03-02T01:17:28: 读取文件成功
2017-03-02T01:17:39: 读取文件成功
2017-03-02T01:17:50: 读取文件成功
2017-03-02T01:17:59: 读取文件成功
2017-03-02T01:18:09: 读取文件成功
2017-03-02T01:18:19: 读取文件成功
2017-03-02T01:18:29: 读取文件成功
2017-03-02T01:18:40: 读取文件成功
2017-03-02T01:18:49: 读取文件成功
2017-03-02T01:18:59: 读取文件成功
2017-03-02T01:19:09: 读取文件成功
2017-03-02T01:19:19: 读取文件成功
2017-03-02T01:19:29: 读取文件成功
2017-03-02T01:19:39: 读取文件成功
2017-03-02T01:19:49: 读取文件成功
2017-03-02T01:19:59: 读取文件成功
2017-03-02T01:20:09: 读取文件成功
2017-03-02T01:20:19: 读取文件成功
2017-03-02T01:20:29: 读取文件成功
2017-03-02T01:20:39: 读取文件成功
2017-03-02T01:20:49: 读取文件成功
2017-03-02T01:20:59: 读取文件成功
2017-03-02T01:21:09: 读取文件成功
2017-03-02T01:21:19: 读取文件成功
2017-03-02T01:21:29: 读取文件成功
2017-03-02T01:21:39: 读取文件成功
2017-03-02T01:21:49: 读取文件成功
2017-03-02T01:21:59: 读取文件成功
2017-03-02T01:22:09: 读取文件成功
2017-03-02T01:22:19: 读取文件成功
2017-03-02T01:22:29: 读取文件成功
2017-03-02T01:22:39: 读取文件成功
2017-03-02T01:22:49: 读取文件成功
2017-03-02T01:22:59: 读取文件成功
2017-03-02T01:23:09: 读取文件成功
2017-03-02T01:23:19: 读取文件成功
2017-03-02T01:23:29: 读取文件成功
2017-03-02T01:23:39: 读取文件成功
2017-03-02T01:23:49: 读取文件成功
2017-03-02T01:23:59: 读取文件成功
2017-03-02T01:24:09: 读取文件成功
2017-03-02T01:24:19: 读取文件成功
2017-03-02T01:24:30: 读取文件成功
2017-03-02T01:24:39: 读取文件成功
2017-03-02T01:24:49: 读取文件成功
2017-03-02T01:24:59: 读取文件成功
2017-03-02T01:25:09: 读取文件成功
2017-03-02T01:25:19: 读取文件成功
2017-03-02T01:25:29: 读取文件成功
2017-03-02T01:25:39: 读取文件成功
2017-03-02T01:25:49: 读取文件成功
2017-03-02T01:25:59: 读取文件成功
2017-03-02T01:26:09: 读取文件成功
2017-03-02T01:26:19: 读取文件成功
2017-03-02T01:26:29: 读取文件成功
2017-03-02T01:26:39: 读取文件成功
2017-03-02T01:26:49: 读取文件成功
2017-03-02T01:27:00: 读取文件成功
2017-03-02T01:27:09: 读取文件成功
2017-03-02T01:27:19: 读取文件成功
2017-03-02T01:27:29: 读取文件成功
2017-03-02T01:27:39: 读取文件成功
2017-03-02T01:27:49: 读取文件成功
2017-03-02T01:27:59: 读取文件成功
2017-03-02T01:28:10: 读取文件成功
2017-03-02T01:28:19: 读取文件成功
2017-03-02T01:28:29: 读取文件成功
2017-03-02T01:28:39: 读取文件成功
2017-03-02T01:28:49: 读取文件成功
2017-03-02T01:28:59: 读取文件成功
2017-03-02T01:29:09: 读取文件成功
2017-03-02T01:29:20: 读取文件成功
2017-03-02T01:29:30: 读取文件成功
2017-03-02T01:29:40: 读取文件成功
2017-03-02T01:29:49: 读取文件成功
2017-03-02T01:29:59: 读取文件成功
2017-03-02T01:30:09: 读取文件成功
2017-03-02T01:30:19: 读取文件成功
2017-03-02T01:30:29: 读取文件成功
2017-03-02T01:30:39: 读取文件成功
2017-03-02T01:30:49: 读取文件成功
2017-03-02T01:30:59: 读取文件成功
2017-03-02T01:31:09: 读取文件成功
2017-03-02T01:31:19: 读取文件成功
2017-03-02T01:31:29: 读取文件成功
2017-03-02T01:31:40: 读取文件成功
2017-03-02T01:31:49: 读取文件成功
2017-03-02T01:32:00: 读取文件成功
2017-03-02T01:32:10: 读取文件成功
2017-03-02T01:32:20: 读取文件成功
2017-03-02T01:32:30: 读取文件成功
2017-03-02T01:32:40: 读取文件成功
2017-03-02T01:32:50: 读取文件成功
2017-03-02T01:33:01: 读取文件成功
2017-03-02T01:33:10: 读取文件成功
2017-03-02T01:33:21: 读取文件成功
2017-03-02T01:33:30: 读取文件成功
2017-03-02T01:33:40: 读取文件成功
2017-03-02T01:33:50: 读取文件成功
2017-03-02T01:34:00: 读取文件成功
2017-03-02T01:34:10: 读取文件成功
2017-03-02T01:34:20: 读取文件成功
2017-03-02T01:34:30: 读取文件成功
2017-03-02T01:34:40: 读取文件成功
2017-03-02T01:34:50: 读取文件成功
2017-03-02T01:35:00: 读取文件成功
2017-03-02T01:35:10: 读取文件成功
2017-03-02T01:35:20: 读取文件成功
2017-03-02T01:35:30: 读取文件成功
2017-03-02T01:35:40: 读取文件成功
2017-03-02T01:35:50: 读取文件成功
2017-03-02T01:36:00: 读取文件成功
2017-03-02T01:36:10: 读取文件成功
2017-03-02T01:36:20: 读取文件成功
2017-03-02T01:36:30: 读取文件成功
2017-03-02T01:36:40: 读取文件成功
2017-03-02T01:36:50: 读取文件成功
2017-03-02T01:37:00: 读取文件成功
2017-03-02T01:37:10: 读取文件成功
2017-03-02T01:37:20: 读取文件成功
2017-03-02T01:37:30: 读取文件成功
2017-03-02T01:37:40: 读取文件成功
2017-03-02T01:37:50: 读取文件成功
2017-03-02T01:38:00: 读取文件成功
2017-03-02T01:38:10: 读取文件成功
2017-03-02T01:38:20: 读取文件成功
2017-03-02T01:38:30: 读取文件成功
2017-03-02T01:38:40: 读取文件成功
2017-03-02T01:38:50: 读取文件成功
2017-03-02T01:39:00: 读取文件成功
2017-03-02T01:39:10: 读取文件成功
2017-03-02T01:39:20: 读取文件成功
2017-03-02T01:39:30: 读取文件成功
2017-03-02T01:39:40: 读取文件成功
2017-03-02T01:39:50: 读取文件成功
2017-03-02T01:40:00: 读取文件成功
2017-03-02T01:40:10: 读取文件成功
2017-03-02T01:40:20: 读取文件成功
2017-03-02T01:40:30: 读取文件成功
2017-03-02T01:40:41: 读取文件成功
2017-03-02T01:40:50: 读取文件成功
2017-03-02T01:41:01: 读取文件成功
2017-03-02T01:41:10: 读取文件成功
2017-03-02T01:41:20: 读取文件成功
2017-03-02T01:41:30: 读取文件成功
2017-03-02T01:41:40: 读取文件成功
2017-03-02T01:41:50: 读取文件成功
2017-03-02T01:42:00: 读取文件成功
2017-03-02T01:42:10: 读取文件成功
2017-03-02T01:42:20: 读取文件成功
2017-03-02T01:42:30: 读取文件成功
2017-03-02T01:42:40: 读取文件成功
2017-03-02T01:42:50: 读取文件成功
2017-03-02T01:43:00: 读取文件成功
2017-03-02T01:43:10: 读取文件成功
2017-03-02T01:43:20: 读取文件成功
2017-03-02T01:43:30: 读取文件成功
2017-03-02T01:43:40: 读取文件成功
2017-03-02T01:43:50: 读取文件成功
2017-03-02T01:44:00: 读取文件成功
2017-03-02T01:44:10: 读取文件成功
2017-03-02T01:44:20: 读取文件成功
2017-03-02T01:44:30: 读取文件成功
2017-03-02T01:44:40: 读取文件成功
2017-03-02T01:44:50: 读取文件成功
2017-03-02T01:45:00: 读取文件成功
2017-03-02T01:45:10: 读取文件成功
2017-03-02T01:45:20: 读取文件成功
2017-03-02T01:45:30: 读取文件成功
2017-03-02T01:45:40: 读取文件成功
2017-03-02T01:45:51: 读取文件成功
2017-03-02T01:46:00: 读取文件成功
2017-03-02T01:46:10: 读取文件成功
2017-03-02T01:46:20: 读取文件成功
2017-03-02T01:46:30: 读取文件成功
2017-03-02T01:46:40: 读取文件成功
2017-03-02T01:46:50: 读取文件成功
2017-03-02T01:47:01: 读取文件成功
2017-03-02T01:47:11: 读取文件成功
2017-03-02T01:47:23: 读取文件成功
2017-03-02T01:47:30: 读取文件成功
2017-03-02T01:47:40: 读取文件成功
2017-03-02T01:47:51: 读取文件成功
2017-03-02T01:48:01: 读取文件成功
2017-03-02T01:48:11: 读取文件成功
2017-03-02T01:48:21: 读取文件成功
2017-03-02T01:48:31: 读取文件成功
2017-03-02T01:48:41: 读取文件成功
2017-03-02T01:48:51: 读取文件成功
2017-03-02T01:49:01: 读取文件成功
2017-03-02T01:49:11: 读取文件成功
2017-03-02T01:49:21: 读取文件成功
2017-03-02T01:49:31: 读取文件成功
2017-03-02T01:49:41: 读取文件成功
2017-03-02T01:49:51: 读取文件成功
2017-03-02T01:50:01: 读取文件成功
2017-03-02T01:50:11: 读取文件成功
2017-03-02T01:50:21: 读取文件成功
2017-03-02T01:50:31: 读取文件成功
2017-03-02T01:50:41: 读取文件成功
2017-03-02T01:50:51: 读取文件成功
2017-03-02T01:51:01: 读取文件成功
2017-03-02T01:51:11: 读取文件成功
2017-03-02T01:51:21: 读取文件成功
2017-03-02T01:51:31: 读取文件成功
2017-03-02T01:51:41: 读取文件成功
2017-03-02T01:51:51: 读取文件成功
2017-03-02T01:52:01: 读取文件成功
2017-03-02T01:52:11: 读取文件成功
2017-03-02T01:52:21: 读取文件成功
2017-03-02T01:52:31: 读取文件成功
2017-03-02T01:52:41: 读取文件成功
2017-03-02T01:52:52: 读取文件成功
2017-03-02T01:53:01: 读取文件成功
2017-03-02T01:53:11: 读取文件成功
2017-03-02T01:53:21: 读取文件成功
2017-03-02T01:53:31: 读取文件成功
2017-03-02T01:53:41: 读取文件成功
2017-03-02T01:53:51: 读取文件成功
2017-03-02T01:54:01: 读取文件成功
2017-03-02T01:54:11: 读取文件成功
2017-03-02T01:54:22: 读取文件成功
2017-03-02T01:54:31: 读取文件成功
2017-03-02T01:54:41: 读取文件成功
2017-03-02T01:54:51: 读取文件成功
2017-03-02T01:55:01: 读取文件成功
2017-03-02T01:55:11: 读取文件成功
2017-03-02T01:55:21: 读取文件成功
2017-03-02T01:55:31: 读取文件成功
2017-03-02T01:55:41: 读取文件成功
2017-03-02T01:55:51: 读取文件成功
2017-03-02T01:56:02: 读取文件成功
2017-03-02T01:56:11: 读取文件成功
2017-03-02T01:56:21: 读取文件成功
2017-03-02T01:56:31: 读取文件成功
2017-03-02T01:56:41: 读取文件成功
2017-03-02T01:56:51: 读取文件成功
2017-03-02T01:57:01: 读取文件成功
2017-03-02T01:57:11: 读取文件成功
2017-03-02T01:57:21: 读取文件成功
2017-03-02T01:57:31: 读取文件成功
2017-03-02T01:57:41: 读取文件成功
2017-03-02T01:57:51: 读取文件成功
2017-03-02T01:58:01: 读取文件成功
2017-03-02T01:58:11: 读取文件成功
2017-03-02T01:58:21: 读取文件成功
2017-03-02T01:58:31: 读取文件成功
2017-03-02T01:58:41: 读取文件成功
2017-03-02T01:58:51: 读取文件成功
2017-03-02T01:59:01: 读取文件成功
2017-03-02T01:59:11: 读取文件成功
2017-03-02T01:59:21: 读取文件成功
2017-03-02T01:59:31: 读取文件成功
2017-03-02T01:59:41: 读取文件成功
2017-03-02T01:59:51: 读取文件成功
2017-03-02T02:00:01: 读取文件成功
2017-03-02T02:00:11: 读取文件成功
2017-03-02T02:00:21: 读取文件成功
2017-03-02T02:00:31: 读取文件成功
2017-03-02T02:00:42: 读取文件成功
2017-03-02T02:00:52: 读取文件成功
2017-03-02T02:01:01: 读取文件成功
2017-03-02T02:01:11: 读取文件成功
2017-03-02T02:01:21: 读取文件成功
2017-03-02T02:01:31: 读取文件成功
2017-03-02T02:01:41: 读取文件成功
2017-03-02T02:01:51: 读取文件成功
2017-03-02T02:02:01: 读取文件成功
2017-03-02T02:02:11: 读取文件成功
2017-03-02T02:02:21: 读取文件成功
2017-03-02T02:02:31: 读取文件成功
2017-03-02T02:02:41: 读取文件成功
2017-03-02T02:02:51: 读取文件成功
2017-03-02T02:03:01: 读取文件成功
2017-03-02T02:03:11: 读取文件成功
2017-03-02T02:03:21: 读取文件成功
2017-03-02T02:03:31: 读取文件成功
2017-03-02T02:03:41: 读取文件成功
2017-03-02T02:03:52: 读取文件成功
2017-03-02T02:04:01: 读取文件成功
2017-03-02T02:04:12: 读取文件成功
2017-03-02T02:04:21: 读取文件成功
2017-03-02T02:04:31: 读取文件成功
2017-03-02T02:04:41: 读取文件成功
2017-03-02T02:04:51: 读取文件成功
2017-03-02T02:05:01: 读取文件成功
2017-03-02T02:05:11: 读取文件成功
2017-03-02T02:05:21: 读取文件成功
2017-03-02T02:05:32: 读取文件成功
2017-03-02T02:05:42: 读取文件成功
2017-03-02T02:05:52: 读取文件成功
2017-03-02T02:06:02: 读取文件成功
2017-03-02T02:06:12: 读取文件成功
2017-03-02T02:06:22: 读取文件成功
2017-03-02T02:06:32: 读取文件成功
2017-03-02T02:06:42: 读取文件成功
2017-03-02T02:06:52: 读取文件成功
2017-03-02T02:07:02: 读取文件成功
2017-03-02T02:07:12: 读取文件成功
2017-03-02T02:07:22: 读取文件成功
2017-03-02T02:07:32: 读取文件成功
2017-03-02T02:07:42: 读取文件成功
2017-03-02T02:07:52: 读取文件成功
2017-03-02T02:08:02: 读取文件成功
2017-03-02T02:08:12: 读取文件成功
2017-03-02T02:08:22: 读取文件成功
2017-03-02T02:08:32: 读取文件成功
2017-03-02T02:08:42: 读取文件成功
2017-03-02T02:08:52: 读取文件成功
2017-03-02T02:09:02: 读取文件成功
2017-03-02T02:09:12: 读取文件成功
2017-03-02T02:09:22: 读取文件成功
2017-03-02T02:09:32: 读取文件成功
2017-03-02T02:09:42: 读取文件成功
2017-03-02T02:09:52: 读取文件成功
2017-03-02T02:10:02: 读取文件成功
2017-03-02T02:10:12: 读取文件成功
2017-03-02T02:10:22: 读取文件成功
2017-03-02T02:10:32: 读取文件成功
2017-03-02T02:10:42: 读取文件成功
2017-03-02T02:10:52: 读取文件成功
2017-03-02T02:11:05: 读取文件成功
2017-03-02T02:11:12: 读取文件成功
2017-03-02T02:11:22: 读取文件成功
2017-03-02T02:11:32: 读取文件成功
2017-03-02T02:11:42: 读取文件成功
2017-03-02T02:11:52: 读取文件成功
2017-03-02T02:12:02: 读取文件成功
2017-03-02T02:12:12: 读取文件成功
2017-03-02T02:12:22: 读取文件成功
2017-03-02T02:12:32: 读取文件成功
2017-03-02T02:12:42: 读取文件成功
2017-03-02T02:12:52: 读取文件成功
2017-03-02T02:13:02: 读取文件成功
2017-03-02T02:13:12: 读取文件成功
2017-03-02T02:13:22: 读取文件成功
2017-03-02T02:13:32: 读取文件成功
2017-03-02T02:13:42: 读取文件成功
2017-03-02T02:13:52: 读取文件成功
2017-03-02T02:14:02: 读取文件成功
2017-03-02T02:14:12: 读取文件成功
2017-03-02T02:14:22: 读取文件成功
2017-03-02T02:14:32: 读取文件成功
2017-03-02T02:14:42: 读取文件成功
2017-03-02T02:14:52: 读取文件成功
2017-03-02T02:15:02: 读取文件成功
2017-03-02T02:15:12: 读取文件成功
2017-03-02T02:15:22: 读取文件成功
2017-03-02T02:15:32: 读取文件成功
2017-03-02T02:15:42: 读取文件成功
2017-03-02T02:15:52: 读取文件成功
2017-03-02T02:16:02: 读取文件成功
2017-03-02T02:16:12: 读取文件成功
2017-03-02T02:16:22: 读取文件成功
2017-03-02T02:16:33: 读取文件成功
2017-03-02T02:16:42: 读取文件成功
2017-03-02T02:16:52: 读取文件成功
2017-03-02T02:17:02: 读取文件成功
2017-03-02T02:17:12: 读取文件成功
2017-03-02T02:17:23: 读取文件成功
2017-03-02T02:17:32: 读取文件成功
2017-03-02T02:17:42: 读取文件成功
2017-03-02T02:17:52: 读取文件成功
2017-03-02T02:18:02: 读取文件成功
2017-03-02T02:18:12: 读取文件成功
2017-03-02T02:18:22: 读取文件成功
2017-03-02T02:18:32: 读取文件成功
2017-03-02T02:18:42: 读取文件成功
2017-03-02T02:18:52: 读取文件成功
2017-03-02T02:19:02: 读取文件成功
2017-03-02T02:19:12: 读取文件成功
2017-03-02T02:19:22: 读取文件成功
2017-03-02T02:19:32: 读取文件成功
2017-03-02T02:19:43: 读取文件成功
2017-03-02T02:19:52: 读取文件成功
2017-03-02T02:20:02: 读取文件成功
2017-03-02T02:20:12: 读取文件成功
2017-03-02T02:20:22: 读取文件成功
2017-03-02T02:20:32: 读取文件成功
2017-03-02T02:20:42: 读取文件成功
2017-03-02T02:20:52: 读取文件成功
2017-03-02T02:21:02: 读取文件成功
2017-03-02T02:21:13: 读取文件成功
2017-03-02T02:21:22: 读取文件成功
2017-03-02T02:21:32: 读取文件成功
2017-03-02T02:21:43: 读取文件成功
2017-03-02T02:21:53: 读取文件成功
2017-03-02T02:22:03: 读取文件成功
2017-03-02T02:22:13: 读取文件成功
2017-03-02T02:22:23: 读取文件成功
2017-03-02T02:22:33: 读取文件成功
2017-03-02T02:22:43: 读取文件成功
2017-03-02T02:22:53: 读取文件成功
2017-03-02T02:23:03: 读取文件成功
2017-03-02T02:23:13: 读取文件成功
2017-03-02T02:23:23: 读取文件成功
2017-03-02T02:23:33: 读取文件成功
2017-03-02T02:23:43: 读取文件成功
2017-03-02T02:23:53: 读取文件成功
2017-03-02T02:24:03: 读取文件成功
2017-03-02T02:24:13: 读取文件成功
2017-03-02T02:24:23: 读取文件成功
2017-03-02T02:24:33: 读取文件成功
2017-03-02T02:24:43: 读取文件成功
2017-03-02T02:24:53: 读取文件成功
2017-03-02T02:25:03: 读取文件成功
2017-03-02T02:25:13: 读取文件成功
2017-03-02T02:25:23: 读取文件成功
2017-03-02T02:25:33: 读取文件成功
2017-03-02T02:25:43: 读取文件成功
2017-03-02T02:25:53: 读取文件成功
2017-03-02T02:26:03: 读取文件成功
2017-03-02T02:26:13: 读取文件成功
2017-03-02T02:26:23: 读取文件成功
2017-03-02T02:26:33: 读取文件成功
2017-03-02T02:26:43: 读取文件成功
2017-03-02T02:26:53: 读取文件成功
2017-03-02T02:27:03: 读取文件成功
2017-03-02T02:27:13: 读取文件成功
2017-03-02T02:27:23: 读取文件成功
2017-03-02T02:27:33: 读取文件成功
2017-03-02T02:27:43: 读取文件成功
2017-03-02T02:27:53: 读取文件成功
2017-03-02T02:28:03: 读取文件成功
2017-03-02T02:28:13: 读取文件成功
2017-03-02T02:28:23: 读取文件成功
2017-03-02T02:28:33: 读取文件成功
2017-03-02T02:28:43: 读取文件成功
2017-03-02T02:28:53: 读取文件成功
2017-03-02T02:29:03: 读取文件成功
2017-03-02T02:29:14: 读取文件成功
2017-03-02T02:29:23: 读取文件成功
2017-03-02T02:29:33: 读取文件成功
2017-03-02T02:29:43: 读取文件成功
2017-03-02T02:29:53: 读取文件成功
2017-03-02T02:30:03: 读取文件成功
2017-03-02T02:30:13: 读取文件成功
2017-03-02T02:30:23: 读取文件成功
2017-03-02T02:30:33: 读取文件成功
2017-03-02T02:30:43: 读取文件成功
2017-03-02T02:30:53: 读取文件成功
2017-03-02T02:31:03: 读取文件成功
2017-03-02T02:31:14: 读取文件成功
2017-03-02T02:31:23: 读取文件成功
2017-03-02T02:31:33: 读取文件成功
2017-03-02T02:31:43: 读取文件成功
2017-03-02T02:31:53: 读取文件成功
2017-03-02T02:32:03: 读取文件成功
2017-03-02T02:32:13: 读取文件成功
2017-03-02T02:32:23: 读取文件成功
2017-03-02T02:32:33: 读取文件成功
2017-03-02T02:32:43: 读取文件成功
2017-03-02T02:32:53: 读取文件成功
2017-03-02T02:33:03: 读取文件成功
2017-03-02T02:33:13: 读取文件成功
2017-03-02T02:33:23: 读取文件成功
2017-03-02T02:33:33: 读取文件成功
2017-03-02T02:33:43: 读取文件成功
2017-03-02T02:33:53: 读取文件成功
2017-03-02T02:34:03: 读取文件成功
2017-03-02T02:34:13: 读取文件成功
2017-03-02T02:34:23: 读取文件成功
2017-03-02T02:34:33: 读取文件成功
2017-03-02T02:34:43: 读取文件成功
2017-03-02T02:34:53: 读取文件成功
2017-03-02T02:35:03: 读取文件成功
2017-03-02T02:35:13: 读取文件成功
2017-03-02T02:35:23: 读取文件成功
2017-03-02T02:35:33: 读取文件成功
2017-03-02T02:35:44: 读取文件成功
2017-03-02T02:35:54: 读取文件成功
2017-03-02T02:36:03: 读取文件成功
2017-03-02T02:36:13: 读取文件成功
2017-03-02T02:36:23: 读取文件成功
2017-03-02T02:36:33: 读取文件成功
2017-03-02T02:36:43: 读取文件成功
2017-03-02T02:36:53: 读取文件成功
2017-03-02T02:37:04: 读取文件成功
2017-03-02T02:37:13: 读取文件成功
2017-03-02T02:37:23: 读取文件成功
2017-03-02T02:37:33: 读取文件成功
2017-03-02T02:37:43: 读取文件成功
2017-03-02T02:37:53: 读取文件成功
2017-03-02T02:38:03: 读取文件成功
2017-03-02T02:38:13: 读取文件成功
2017-03-02T02:38:24: 读取文件成功
2017-03-02T02:38:33: 读取文件成功
2017-03-02T02:38:43: 读取文件成功
2017-03-02T02:38:53: 读取文件成功
2017-03-02T02:39:04: 读取文件成功
2017-03-02T02:39:14: 读取文件成功
2017-03-02T02:39:24: 读取文件成功
2017-03-02T02:39:34: 读取文件成功
2017-03-02T02:39:44: 读取文件成功
2017-03-02T02:39:54: 读取文件成功
2017-03-02T02:40:04: 读取文件成功
2017-03-02T02:40:14: 读取文件成功
2017-03-02T02:40:24: 读取文件成功
2017-03-02T02:40:34: 读取文件成功
2017-03-02T02:40:44: 读取文件成功
2017-03-02T02:40:54: 读取文件成功
2017-03-02T02:41:04: 读取文件成功
2017-03-02T02:41:14: 读取文件成功
2017-03-02T02:41:24: 读取文件成功
2017-03-02T02:41:34: 读取文件成功
2017-03-02T02:41:44: 读取文件成功
2017-03-02T02:41:54: 读取文件成功
2017-03-02T02:42:04: 读取文件成功
2017-03-02T02:42:14: 读取文件成功
2017-03-02T02:42:24: 读取文件成功
2017-03-02T02:42:34: 读取文件成功
2017-03-02T02:42:44: 读取文件成功
2017-03-02T02:42:54: 读取文件成功
2017-03-02T02:43:04: 读取文件成功
2017-03-02T02:43:14: 读取文件成功
2017-03-02T02:43:24: 读取文件成功
2017-03-02T02:43:34: 读取文件成功
2017-03-02T02:43:44: 读取文件成功
2017-03-02T02:43:54: 读取文件成功
2017-03-02T02:44:04: 读取文件成功
2017-03-02T02:44:14: 读取文件成功
2017-03-02T02:44:24: 读取文件成功
2017-03-02T02:44:34: 读取文件成功
2017-03-02T02:44:44: 读取文件成功
2017-03-02T02:44:54: 读取文件成功
2017-03-02T02:45:04: 读取文件成功
2017-03-02T02:45:14: 读取文件成功
2017-03-02T02:45:24: 读取文件成功
2017-03-02T02:45:34: 读取文件成功
2017-03-02T02:45:45: 读取文件成功
2017-03-02T02:45:54: 读取文件成功
2017-03-02T02:46:04: 读取文件成功
2017-03-02T02:46:14: 读取文件成功
2017-03-02T02:46:24: 读取文件成功
2017-03-02T02:46:34: 读取文件成功
2017-03-02T02:46:44: 读取文件成功
2017-03-02T02:46:54: 读取文件成功
2017-03-02T02:47:04: 读取文件成功
2017-03-02T02:47:14: 读取文件成功
2017-03-02T02:47:24: 读取文件成功
2017-03-02T02:47:34: 读取文件成功
2017-03-02T02:47:44: 读取文件成功
2017-03-02T02:47:54: 读取文件成功
2017-03-02T02:48:04: 读取文件成功
2017-03-02T02:48:14: 读取文件成功
2017-03-02T02:48:24: 读取文件成功
2017-03-02T02:48:34: 读取文件成功
2017-03-02T02:48:44: 读取文件成功
2017-03-02T02:48:54: 读取文件成功
2017-03-02T02:49:04: 读取文件成功
2017-03-02T02:49:14: 读取文件成功
2017-03-02T02:49:25: 读取文件成功
2017-03-02T02:49:34: 读取文件成功
2017-03-02T02:49:44: 读取文件成功
2017-03-02T02:49:54: 读取文件成功
2017-03-02T02:50:04: 读取文件成功
2017-03-02T02:50:14: 读取文件成功
2017-03-02T02:50:24: 读取文件成功
2017-03-02T02:50:34: 读取文件成功
2017-03-02T02:50:44: 读取文件成功
2017-03-02T02:50:54: 读取文件成功
2017-03-02T02:51:04: 读取文件成功
2017-03-02T02:51:14: 读取文件成功
2017-03-02T02:51:27: 读取文件成功
2017-03-02T02:51:34: 读取文件成功
2017-03-02T02:51:44: 读取文件成功
2017-03-02T02:51:54: 读取文件成功
2017-03-02T02:52:04: 读取文件成功
2017-03-02T02:52:14: 读取文件成功
2017-03-02T02:52:24: 读取文件成功
2017-03-02T02:52:34: 读取文件成功
2017-03-02T02:52:44: 读取文件成功
2017-03-02T02:52:54: 读取文件成功
2017-03-02T02:53:04: 读取文件成功
2017-03-02T02:53:14: 读取文件成功
2017-03-02T02:53:24: 读取文件成功
2017-03-02T02:53:34: 读取文件成功
2017-03-02T02:53:44: 读取文件成功
2017-03-02T02:53:54: 读取文件成功
2017-03-02T02:54:04: 读取文件成功
2017-03-02T02:54:14: 读取文件成功
2017-03-02T02:54:24: 读取文件成功
2017-03-02T02:54:34: 读取文件成功
2017-03-02T02:54:44: 读取文件成功
2017-03-02T02:54:54: 读取文件成功
2017-03-02T02:55:04: 读取文件成功
2017-03-02T02:55:14: 读取文件成功
2017-03-02T02:55:24: 读取文件成功
2017-03-02T02:55:34: 读取文件成功
2017-03-02T02:55:44: 读取文件成功
2017-03-02T02:55:54: 读取文件成功
2017-03-02T02:56:04: 读取文件成功
2017-03-02T02:56:14: 读取文件成功
2017-03-02T02:56:24: 读取文件成功
2017-03-02T02:56:35: 读取文件成功
2017-03-02T02:56:44: 读取文件成功
2017-03-02T02:56:54: 读取文件成功
2017-03-02T02:57:04: 读取文件成功
2017-03-02T02:57:14: 读取文件成功
2017-03-02T02:57:25: 读取文件成功
2017-03-02T02:57:35: 读取文件成功
2017-03-02T02:57:45: 读取文件成功
2017-03-02T02:57:55: 读取文件成功
2017-03-02T02:58:05: 读取文件成功
2017-03-02T02:58:15: 读取文件成功
2017-03-02T02:58:25: 读取文件成功
2017-03-02T02:58:35: 读取文件成功
2017-03-02T02:58:45: 读取文件成功
2017-03-02T02:58:55: 读取文件成功
2017-03-02T02:59:05: 读取文件成功
2017-03-02T02:59:15: 读取文件成功
2017-03-02T02:59:25: 读取文件成功
2017-03-02T02:59:35: 读取文件成功
2017-03-02T02:59:45: 读取文件成功
2017-03-02T02:59:55: 读取文件成功
2017-03-02T03:00:05: 读取文件成功
2017-03-02T03:00:15: 读取文件成功
2017-03-02T03:00:25: 读取文件成功
2017-03-02T03:00:35: 读取文件成功
2017-03-02T03:00:45: 读取文件成功
2017-03-02T03:00:55: 读取文件成功
2017-03-02T03:01:05: 读取文件成功
2017-03-02T03:01:16: 读取文件成功
2017-03-02T03:01:25: 读取文件成功
2017-03-02T03:01:35: 读取文件成功
2017-03-02T03:01:45: 读取文件成功
2017-03-02T03:01:55: 读取文件成功
2017-03-02T03:02:05: 读取文件成功
2017-03-02T03:02:15: 读取文件成功
2017-03-02T03:02:25: 读取文件成功
2017-03-02T03:02:35: 读取文件成功
2017-03-02T03:02:45: 读取文件成功
2017-03-02T03:02:55: 读取文件成功
2017-03-02T03:03:05: 读取文件成功
2017-03-02T03:03:15: 读取文件成功
2017-03-02T03:03:25: 读取文件成功
2017-03-02T03:03:35: 读取文件成功
2017-03-02T03:03:45: 读取文件成功
2017-03-02T03:03:55: 读取文件成功
2017-03-02T03:04:05: 读取文件成功
2017-03-02T03:04:15: 读取文件成功
2017-03-02T03:04:25: 读取文件成功
2017-03-02T03:04:35: 读取文件成功
2017-03-02T03:04:45: 读取文件成功
2017-03-02T03:04:55: 读取文件成功
2017-03-02T03:05:05: 读取文件成功
2017-03-02T03:05:15: 读取文件成功
2017-03-02T03:05:25: 读取文件成功
2017-03-02T03:05:35: 读取文件成功
2017-03-02T03:05:45: 读取文件成功
2017-03-02T03:05:56: 读取文件成功
2017-03-02T03:06:05: 读取文件成功
2017-03-02T03:06:15: 读取文件成功
2017-03-02T03:06:25: 读取文件成功
2017-03-02T03:06:35: 读取文件成功
2017-03-02T03:06:45: 读取文件成功
2017-03-02T03:06:55: 读取文件成功
2017-03-02T03:07:05: 读取文件成功
2017-03-02T03:07:15: 读取文件成功
2017-03-02T03:07:25: 读取文件成功
2017-03-02T03:07:35: 读取文件成功
2017-03-02T03:07:45: 读取文件成功
2017-03-02T03:07:55: 读取文件成功
2017-03-02T03:08:05: 读取文件成功
2017-03-02T03:08:15: 读取文件成功
2017-03-02T03:08:25: 读取文件成功
2017-03-02T03:08:35: 读取文件成功
2017-03-02T03:08:45: 读取文件成功
2017-03-02T03:08:55: 读取文件成功
2017-03-02T03:09:05: 读取文件成功
2017-03-02T03:09:15: 读取文件成功
2017-03-02T03:09:25: 读取文件成功
2017-03-02T03:09:35: 读取文件成功
2017-03-02T03:09:45: 读取文件成功
2017-03-02T03:09:55: 读取文件成功
2017-03-02T03:10:05: 读取文件成功
2017-03-02T03:10:15: 读取文件成功
2017-03-02T03:10:25: 读取文件成功
2017-03-02T03:10:35: 读取文件成功
2017-03-02T03:10:45: 读取文件成功
2017-03-02T03:10:55: 读取文件成功
2017-03-02T03:11:05: 读取文件成功
2017-03-02T03:11:15: 读取文件成功
2017-03-02T03:11:25: 读取文件成功
2017-03-02T03:11:35: 读取文件成功
2017-03-02T03:11:45: 读取文件成功
2017-03-02T03:11:55: 读取文件成功
2017-03-02T03:12:05: 读取文件成功
2017-03-02T03:12:15: 读取文件成功
2017-03-02T03:12:25: 读取文件成功
2017-03-02T03:12:35: 读取文件成功
2017-03-02T03:12:45: 读取文件成功
2017-03-02T03:12:55: 读取文件成功
2017-03-02T03:13:05: 读取文件成功
2017-03-02T03:13:15: 读取文件成功
2017-03-02T03:13:25: 读取文件成功
2017-03-02T03:13:35: 读取文件成功
2017-03-02T03:13:45: 读取文件成功
2017-03-02T03:13:56: 读取文件成功
2017-03-02T03:14:05: 读取文件成功
2017-03-02T03:14:15: 读取文件成功
2017-03-02T03:14:25: 读取文件成功
2017-03-02T03:14:36: 读取文件成功
2017-03-02T03:14:46: 读取文件成功
2017-03-02T03:14:56: 读取文件成功
2017-03-02T03:15:06: 读取文件成功
2017-03-02T03:15:16: 读取文件成功
2017-03-02T03:15:26: 读取文件成功
2017-03-02T03:15:36: 读取文件成功
2017-03-02T03:15:46: 读取文件成功
2017-03-02T03:15:56: 读取文件成功
2017-03-02T03:16:06: 读取文件成功
2017-03-02T03:16:16: 读取文件成功
2017-03-02T03:16:26: 读取文件成功
2017-03-02T03:16:36: 读取文件成功
2017-03-02T03:16:46: 读取文件成功
2017-03-02T03:16:56: 读取文件成功
2017-03-02T03:17:06: 读取文件成功
2017-03-02T03:17:16: 读取文件成功
2017-03-02T03:17:26: 读取文件成功
2017-03-02T03:17:36: 读取文件成功
2017-03-02T03:17:46: 读取文件成功
2017-03-02T03:17:57: 读取文件成功
2017-03-02T03:18:06: 读取文件成功
2017-03-02T03:18:16: 读取文件成功
2017-03-02T03:18:26: 读取文件成功
2017-03-02T03:18:36: 读取文件成功
2017-03-02T03:18:46: 读取文件成功
2017-03-02T03:18:56: 读取文件成功
2017-03-02T03:19:06: 读取文件成功
2017-03-02T03:19:16: 读取文件成功
2017-03-02T03:19:26: 读取文件成功
2017-03-02T03:19:36: 读取文件成功
2017-03-02T03:19:46: 读取文件成功
2017-03-02T03:19:56: 读取文件成功
2017-03-02T03:20:06: 读取文件成功
2017-03-02T03:20:16: 读取文件成功
2017-03-02T03:20:26: 读取文件成功
2017-03-02T03:20:36: 读取文件成功
2017-03-02T03:20:46: 读取文件成功
2017-03-02T03:20:56: 读取文件成功
2017-03-02T03:21:06: 读取文件成功
2017-03-02T03:21:16: 读取文件成功
2017-03-02T03:21:26: 读取文件成功
2017-03-02T03:21:36: 读取文件成功
2017-03-02T03:21:46: 读取文件成功
2017-03-02T03:21:56: 读取文件成功
2017-03-02T03:22:06: 读取文件成功
2017-03-02T03:22:16: 读取文件成功
2017-03-02T03:22:26: 读取文件成功
2017-03-02T03:22:36: 读取文件成功
2017-03-02T03:22:46: 读取文件成功
2017-03-02T03:22:56: 读取文件成功
2017-03-02T03:23:07: 读取文件成功
2017-03-02T03:23:16: 读取文件成功
2017-03-02T03:23:26: 读取文件成功
2017-03-02T03:23:36: 读取文件成功
2017-03-02T03:23:46: 读取文件成功
2017-03-02T03:23:56: 读取文件成功
2017-03-02T03:24:06: 读取文件成功
2017-03-02T03:24:16: 读取文件成功
2017-03-02T03:24:26: 读取文件成功
2017-03-02T03:24:36: 读取文件成功
2017-03-02T03:24:46: 读取文件成功
2017-03-02T03:24:56: 读取文件成功
2017-03-02T03:25:06: 读取文件成功
2017-03-02T03:25:16: 读取文件成功
2017-03-02T03:25:26: 读取文件成功
2017-03-02T03:25:36: 读取文件成功
2017-03-02T03:25:46: 读取文件成功
2017-03-02T03:25:56: 读取文件成功
2017-03-02T03:26:06: 读取文件成功
2017-03-02T03:26:16: 读取文件成功
2017-03-02T03:26:26: 读取文件成功
2017-03-02T03:26:36: 读取文件成功
2017-03-02T03:26:46: 读取文件成功
2017-03-02T03:26:56: 读取文件成功
2017-03-02T03:27:06: 读取文件成功
2017-03-02T03:27:16: 读取文件成功
2017-03-02T03:27:26: 读取文件成功
2017-03-02T03:27:37: 读取文件成功
2017-03-02T03:27:46: 读取文件成功
2017-03-02T03:27:56: 读取文件成功
2017-03-02T03:28:06: 读取文件成功
2017-03-02T03:28:16: 读取文件成功
2017-03-02T03:28:26: 读取文件成功
2017-03-02T03:28:36: 读取文件成功
2017-03-02T03:28:46: 读取文件成功
2017-03-02T03:28:56: 读取文件成功
2017-03-02T03:29:06: 读取文件成功
2017-03-02T03:29:16: 读取文件成功
2017-03-02T03:29:27: 读取文件成功
2017-03-02T03:29:36: 读取文件成功
2017-03-02T03:29:46: 读取文件成功
2017-03-02T03:29:56: 读取文件成功
2017-03-02T03:30:06: 读取文件成功
2017-03-02T03:30:16: 读取文件成功
2017-03-02T03:30:26: 读取文件成功
2017-03-02T03:30:36: 读取文件成功
2017-03-02T03:30:46: 读取文件成功
2017-03-02T03:30:56: 读取文件成功
2017-03-02T03:31:06: 读取文件成功
2017-03-02T03:31:16: 读取文件成功
2017-03-02T03:31:26: 读取文件成功
2017-03-02T03:31:37: 读取文件成功
2017-03-02T03:31:47: 读取文件成功
2017-03-02T03:31:57: 读取文件成功
2017-03-02T03:32:07: 读取文件成功
2017-03-02T03:32:17: 读取文件成功
2017-03-02T03:32:27: 读取文件成功
2017-03-02T03:32:37: 读取文件成功
2017-03-02T03:32:47: 读取文件成功
2017-03-02T03:32:57: 读取文件成功
2017-03-02T03:33:07: 读取文件成功
2017-03-02T03:33:17: 读取文件成功
2017-03-02T03:33:27: 读取文件成功
2017-03-02T03:33:37: 读取文件成功
2017-03-02T03:33:47: 读取文件成功
2017-03-02T03:33:57: 读取文件成功
2017-03-02T03:34:07: 读取文件成功
2017-03-02T03:34:18: 读取文件成功
2017-03-02T03:34:27: 读取文件成功
2017-03-02T03:34:37: 读取文件成功
2017-03-02T03:34:47: 读取文件成功
2017-03-02T03:34:57: 读取文件成功
2017-03-02T03:35:07: 读取文件成功
2017-03-02T03:35:17: 读取文件成功
2017-03-02T03:35:27: 读取文件成功
2017-03-02T03:35:37: 读取文件成功
2017-03-02T03:35:47: 读取文件成功
2017-03-02T03:35:57: 读取文件成功
2017-03-02T03:36:07: 读取文件成功
2017-03-02T03:36:17: 读取文件成功
2017-03-02T03:36:27: 读取文件成功
2017-03-02T03:36:37: 读取文件成功
2017-03-02T03:36:48: 读取文件成功
2017-03-02T03:36:57: 读取文件成功
2017-03-02T03:37:07: 读取文件成功
2017-03-02T03:37:17: 读取文件成功
2017-03-02T03:37:27: 读取文件成功
2017-03-02T03:37:37: 读取文件成功
2017-03-02T03:37:47: 读取文件成功
2017-03-02T03:37:57: 读取文件成功
2017-03-02T03:38:07: 读取文件成功
2017-03-02T03:38:17: 读取文件成功
2017-03-02T03:38:27: 读取文件成功
2017-03-02T03:38:37: 读取文件成功
2017-03-02T03:38:47: 读取文件成功
2017-03-02T03:38:57: 读取文件成功
2017-03-02T03:39:07: 读取文件成功
2017-03-02T03:39:17: 读取文件成功
2017-03-02T03:39:27: 读取文件成功
2017-03-02T03:39:37: 读取文件成功
2017-03-02T03:39:47: 读取文件成功
2017-03-02T03:39:57: 读取文件成功
2017-03-02T03:40:07: 读取文件成功
2017-03-02T03:40:17: 读取文件成功
2017-03-02T03:40:27: 读取文件成功
2017-03-02T03:40:37: 读取文件成功
2017-03-02T03:40:47: 读取文件成功
2017-03-02T03:40:57: 读取文件成功
2017-03-02T03:41:07: 读取文件成功
2017-03-02T03:41:17: 读取文件成功
2017-03-02T03:41:27: 读取文件成功
2017-03-02T03:41:37: 读取文件成功
2017-03-02T03:41:47: 读取文件成功
2017-03-02T03:41:57: 读取文件成功
2017-03-02T03:42:07: 读取文件成功
2017-03-02T03:42:17: 读取文件成功
2017-03-02T03:42:27: 读取文件成功
2017-03-02T03:42:37: 读取文件成功
2017-03-02T03:42:47: 读取文件成功
2017-03-02T03:42:57: 读取文件成功
2017-03-02T03:43:07: 读取文件成功
2017-03-02T03:43:17: 读取文件成功
2017-03-02T03:43:27: 读取文件成功
2017-03-02T03:43:37: 读取文件成功
2017-03-02T03:43:47: 读取文件成功
2017-03-02T03:43:57: 读取文件成功
2017-03-02T03:44:07: 读取文件成功
2017-03-02T03:44:17: 读取文件成功
2017-03-02T03:44:27: 读取文件成功
2017-03-02T03:44:37: 读取文件成功
2017-03-02T03:44:47: 读取文件成功
2017-03-02T03:44:57: 读取文件成功
2017-03-02T03:45:07: 读取文件成功
2017-03-02T03:45:17: 读取文件成功
2017-03-02T03:45:27: 读取文件成功
2017-03-02T03:45:37: 读取文件成功
2017-03-02T03:45:47: 读取文件成功
2017-03-02T03:45:57: 读取文件成功
2017-03-02T03:46:07: 读取文件成功
2017-03-02T03:46:17: 读取文件成功
2017-03-02T03:46:27: 读取文件成功
2017-03-02T03:46:37: 读取文件成功
2017-03-02T03:46:47: 读取文件成功
2017-03-02T03:46:57: 读取文件成功
2017-03-02T03:47:07: 读取文件成功
2017-03-02T03:47:18: 读取文件成功
2017-03-02T03:47:28: 读取文件成功
2017-03-02T03:47:38: 读取文件成功
2017-03-02T03:47:48: 读取文件成功
2017-03-02T03:47:58: 读取文件成功
2017-03-02T03:48:08: 读取文件成功
2017-03-02T03:48:18: 读取文件成功
2017-03-02T03:48:28: 读取文件成功
2017-03-02T03:48:38: 读取文件成功
2017-03-02T03:48:48: 读取文件成功
2017-03-02T03:48:58: 读取文件成功
2017-03-02T03:49:08: 读取文件成功
2017-03-02T03:49:18: 读取文件成功
2017-03-02T03:49:28: 读取文件成功
2017-03-02T03:49:38: 读取文件成功
2017-03-02T03:49:48: 读取文件成功
2017-03-02T03:49:58: 读取文件成功
2017-03-02T03:50:08: 读取文件成功
2017-03-02T03:50:18: 读取文件成功
2017-03-02T03:50:28: 读取文件成功
2017-03-02T03:50:38: 读取文件成功
2017-03-02T03:50:48: 读取文件成功
2017-03-02T03:50:58: 读取文件成功
2017-03-02T03:51:08: 读取文件成功
2017-03-02T03:51:18: 读取文件成功
2017-03-02T03:51:28: 读取文件成功
2017-03-02T03:51:38: 读取文件成功
2017-03-02T03:51:48: 读取文件成功
2017-03-02T03:51:58: 读取文件成功
2017-03-02T03:52:08: 读取文件成功
2017-03-02T03:52:18: 读取文件成功
2017-03-02T03:52:28: 读取文件成功
2017-03-02T03:52:38: 读取文件成功
2017-03-02T03:52:48: 读取文件成功
2017-03-02T03:52:58: 读取文件成功
2017-03-02T03:53:08: 读取文件成功
2017-03-02T03:53:18: 读取文件成功
2017-03-02T03:53:28: 读取文件成功
2017-03-02T03:53:38: 读取文件成功
2017-03-02T03:53:48: 读取文件成功
2017-03-02T03:53:58: 读取文件成功
2017-03-02T03:54:08: 读取文件成功
2017-03-02T03:54:18: 读取文件成功
2017-03-02T03:54:28: 读取文件成功
2017-03-02T03:54:38: 读取文件成功
2017-03-02T03:54:48: 读取文件成功
2017-03-02T03:54:58: 读取文件成功
2017-03-02T03:55:08: 读取文件成功
2017-03-02T03:55:18: 读取文件成功
2017-03-02T03:55:28: 读取文件成功
2017-03-02T03:55:38: 读取文件成功
2017-03-02T03:55:48: 读取文件成功
2017-03-02T03:55:58: 读取文件成功
2017-03-02T03:56:08: 读取文件成功
2017-03-02T03:56:18: 读取文件成功
2017-03-02T03:56:28: 读取文件成功
2017-03-02T03:56:38: 读取文件成功
2017-03-02T03:56:48: 读取文件成功
2017-03-02T03:56:58: 读取文件成功
2017-03-02T03:57:08: 读取文件成功
2017-03-02T03:57:18: 读取文件成功
2017-03-02T03:57:28: 读取文件成功
2017-03-02T03:57:38: 读取文件成功
2017-03-02T03:57:48: 读取文件成功
2017-03-02T03:57:58: 读取文件成功
2017-03-02T03:58:08: 读取文件成功
2017-03-02T03:58:18: 读取文件成功
2017-03-02T03:58:28: 读取文件成功
2017-03-02T03:58:38: 读取文件成功
2017-03-02T03:58:48: 读取文件成功
2017-03-02T03:58:58: 读取文件成功
2017-03-02T03:59:08: 读取文件成功
2017-03-02T03:59:18: 读取文件成功
2017-03-02T03:59:28: 读取文件成功
2017-03-02T03:59:38: 读取文件成功
2017-03-02T03:59:48: 读取文件成功
2017-03-02T03:59:58: 读取文件成功
2017-03-02T04:00:08: 读取文件成功
2017-03-02T04:00:18: 读取文件成功
2017-03-02T04:00:28: 读取文件成功
2017-03-02T04:00:38: 读取文件成功
2017-03-02T04:00:48: 读取文件成功
2017-03-02T04:00:58: 读取文件成功
2017-03-02T04:01:08: 读取文件成功
2017-03-02T04:01:18: 读取文件成功
2017-03-02T04:01:28: 读取文件成功
2017-03-02T04:01:38: 读取文件成功
2017-03-02T04:01:48: 读取文件成功
2017-03-02T04:01:58: 读取文件成功
2017-03-02T04:02:08: 读取文件成功
2017-03-02T04:02:18: 读取文件成功
2017-03-02T04:02:28: 读取文件成功
2017-03-02T04:02:38: 读取文件成功
2017-03-02T04:02:48: 读取文件成功
2017-03-02T04:02:58: 读取文件成功
2017-03-02T04:03:08: 读取文件成功
2017-03-02T04:03:19: 读取文件成功
2017-03-02T04:03:28: 读取文件成功
2017-03-02T04:03:38: 读取文件成功
2017-03-02T04:03:48: 读取文件成功
2017-03-02T04:03:59: 读取文件成功
2017-03-02T04:04:09: 读取文件成功
2017-03-02T04:04:19: 读取文件成功
2017-03-02T04:04:29: 读取文件成功
2017-03-02T04:04:39: 读取文件成功
2017-03-02T04:04:49: 读取文件成功
2017-03-02T04:04:59: 读取文件成功
2017-03-02T04:05:09: 读取文件成功
2017-03-02T04:05:19: 读取文件成功
2017-03-02T04:05:29: 读取文件成功
2017-03-02T04:05:39: 读取文件成功
2017-03-02T04:05:49: 读取文件成功
2017-03-02T04:05:59: 读取文件成功
2017-03-02T04:06:09: 读取文件成功
2017-03-02T04:06:19: 读取文件成功
2017-03-02T04:06:29: 读取文件成功
2017-03-02T04:06:39: 读取文件成功
2017-03-02T04:06:49: 读取文件成功
2017-03-02T04:06:59: 读取文件成功
2017-03-02T04:07:09: 读取文件成功
2017-03-02T04:07:19: 读取文件成功
2017-03-02T04:07:29: 读取文件成功
2017-03-02T04:07:39: 读取文件成功
2017-03-02T04:07:49: 读取文件成功
2017-03-02T04:07:59: 读取文件成功
2017-03-02T04:08:09: 读取文件成功
2017-03-02T04:08:19: 读取文件成功
2017-03-02T04:08:29: 读取文件成功
2017-03-02T04:08:39: 读取文件成功
2017-03-02T04:08:49: 读取文件成功
2017-03-02T04:08:59: 读取文件成功
2017-03-02T04:09:09: 读取文件成功
2017-03-02T04:09:19: 读取文件成功
2017-03-02T04:09:29: 读取文件成功
2017-03-02T04:09:39: 读取文件成功
2017-03-02T04:09:49: 读取文件成功
2017-03-02T04:09:59: 读取文件成功
2017-03-02T04:10:09: 读取文件成功
2017-03-02T04:10:19: 读取文件成功
2017-03-02T04:10:29: 读取文件成功
2017-03-02T04:10:39: 读取文件成功
2017-03-02T04:10:49: 读取文件成功
2017-03-02T04:10:59: 读取文件成功
2017-03-02T04:11:09: 读取文件成功
2017-03-02T04:11:19: 读取文件成功
2017-03-02T04:11:29: 读取文件成功
2017-03-02T04:11:39: 读取文件成功
2017-03-02T04:11:49: 读取文件成功
2017-03-02T04:11:59: 读取文件成功
2017-03-02T04:12:09: 读取文件成功
2017-03-02T04:12:19: 读取文件成功
2017-03-02T04:12:29: 读取文件成功
2017-03-02T04:12:39: 读取文件成功
2017-03-02T04:12:49: 读取文件成功
2017-03-02T04:12:59: 读取文件成功
2017-03-02T04:13:09: 读取文件成功
2017-03-02T04:13:19: 读取文件成功
2017-03-02T04:13:29: 读取文件成功
2017-03-02T04:13:39: 读取文件成功
2017-03-02T04:13:49: 读取文件成功
2017-03-02T04:13:59: 读取文件成功
2017-03-02T04:14:09: 读取文件成功
2017-03-02T04:14:19: 读取文件成功
2017-03-02T04:14:29: 读取文件成功
2017-03-02T04:14:39: 读取文件成功
2017-03-02T04:14:49: 读取文件成功
2017-03-02T04:14:59: 读取文件成功
2017-03-02T04:15:09: 读取文件成功
2017-03-02T04:15:19: 读取文件成功
2017-03-02T04:15:29: 读取文件成功
2017-03-02T04:15:39: 读取文件成功
2017-03-02T04:15:49: 读取文件成功
2017-03-02T04:15:59: 读取文件成功
2017-03-02T04:16:09: 读取文件成功
2017-03-02T04:16:19: 读取文件成功
2017-03-02T04:16:29: 读取文件成功
2017-03-02T04:16:39: 读取文件成功
2017-03-02T04:16:49: 读取文件成功
2017-03-02T04:16:59: 读取文件成功
2017-03-02T04:17:09: 读取文件成功
2017-03-02T04:17:19: 读取文件成功
2017-03-02T04:17:29: 读取文件成功
2017-03-02T04:17:39: 读取文件成功
2017-03-02T04:17:49: 读取文件成功
2017-03-02T04:17:59: 读取文件成功
2017-03-02T04:18:09: 读取文件成功
2017-03-02T04:18:19: 读取文件成功
2017-03-02T04:18:29: 读取文件成功
2017-03-02T04:18:39: 读取文件成功
2017-03-02T04:18:49: 读取文件成功
2017-03-02T04:18:59: 读取文件成功
2017-03-02T04:19:09: 读取文件成功
2017-03-02T04:19:19: 读取文件成功
2017-03-02T04:19:29: 读取文件成功
2017-03-02T04:19:40: 读取文件成功
2017-03-02T04:19:50: 读取文件成功
2017-03-02T04:20:00: 读取文件成功
2017-03-02T04:20:10: 读取文件成功
2017-03-02T04:20:20: 读取文件成功
2017-03-02T04:20:30: 读取文件成功
2017-03-02T04:20:40: 读取文件成功
2017-03-02T04:20:50: 读取文件成功
2017-03-02T04:21:00: 读取文件成功
2017-03-02T04:21:10: 读取文件成功
2017-03-02T04:21:20: 读取文件成功
2017-03-02T04:21:30: 读取文件成功
2017-03-02T04:21:40: 读取文件成功
2017-03-02T04:21:50: 读取文件成功
2017-03-02T04:22:00: 读取文件成功
2017-03-02T04:22:10: 读取文件成功
2017-03-02T04:22:20: 读取文件成功
2017-03-02T04:22:30: 读取文件成功
2017-03-02T04:22:40: 读取文件成功
2017-03-02T04:22:50: 读取文件成功
2017-03-02T04:23:00: 读取文件成功
2017-03-02T04:23:10: 读取文件成功
2017-03-02T04:23:20: 读取文件成功
2017-03-02T04:23:30: 读取文件成功
2017-03-02T04:23:40: 读取文件成功
2017-03-02T04:23:50: 读取文件成功
2017-03-02T04:24:00: 读取文件成功
2017-03-02T04:24:10: 读取文件成功
2017-03-02T04:24:20: 读取文件成功
2017-03-02T04:24:30: 读取文件成功
2017-03-02T04:24:40: 读取文件成功
2017-03-02T04:24:50: 读取文件成功
2017-03-02T04:25:00: 读取文件成功
2017-03-02T04:25:10: 读取文件成功
2017-03-02T04:25:20: 读取文件成功
2017-03-02T04:25:30: 读取文件成功
2017-03-02T04:25:40: 读取文件成功
2017-03-02T04:25:50: 读取文件成功
2017-03-02T04:26:00: 读取文件成功
2017-03-02T04:26:10: 读取文件成功
2017-03-02T04:26:20: 读取文件成功
2017-03-02T04:26:30: 读取文件成功
2017-03-02T04:26:40: 读取文件成功
2017-03-02T04:26:50: 读取文件成功
2017-03-02T04:27:00: 读取文件成功
2017-03-02T04:27:10: 读取文件成功
2017-03-02T04:27:20: 读取文件成功
2017-03-02T04:27:30: 读取文件成功
2017-03-02T04:27:40: 读取文件成功
2017-03-02T04:27:50: 读取文件成功
2017-03-02T04:28:00: 读取文件成功
2017-03-02T04:28:10: 读取文件成功
2017-03-02T04:28:20: 读取文件成功
2017-03-02T04:28:30: 读取文件成功
2017-03-02T04:28:40: 读取文件成功
2017-03-02T04:28:50: 读取文件成功
2017-03-02T04:29:00: 读取文件成功
2017-03-02T04:29:10: 读取文件成功
2017-03-02T04:29:20: 读取文件成功
2017-03-02T04:29:30: 读取文件成功
2017-03-02T04:29:40: 读取文件成功
2017-03-02T04:29:50: 读取文件成功
2017-03-02T04:30:00: 读取文件成功
2017-03-02T04:30:10: 读取文件成功
2017-03-02T04:30:20: 读取文件成功
2017-03-02T04:30:30: 读取文件成功
2017-03-02T04:30:40: 读取文件成功
2017-03-02T04:30:50: 读取文件成功
2017-03-02T04:31:00: 读取文件成功
2017-03-02T04:31:10: 读取文件成功
2017-03-02T04:31:20: 读取文件成功
2017-03-02T04:31:30: 读取文件成功
2017-03-02T04:31:40: 读取文件成功
2017-03-02T04:31:50: 读取文件成功
2017-03-02T04:32:00: 读取文件成功
2017-03-02T04:32:10: 读取文件成功
2017-03-02T04:32:20: 读取文件成功
2017-03-02T04:32:30: 读取文件成功
2017-03-02T04:32:40: 读取文件成功
2017-03-02T04:32:50: 读取文件成功
2017-03-02T04:33:00: 读取文件成功
2017-03-02T04:33:10: 读取文件成功
2017-03-02T04:33:20: 读取文件成功
2017-03-02T04:33:30: 读取文件成功
2017-03-02T04:33:40: 读取文件成功
2017-03-02T04:33:50: 读取文件成功
2017-03-02T04:34:00: 读取文件成功
2017-03-02T04:34:10: 读取文件成功
2017-03-02T04:34:20: 读取文件成功
2017-03-02T04:34:30: 读取文件成功
2017-03-02T04:34:40: 读取文件成功
2017-03-02T04:34:50: 读取文件成功
2017-03-02T04:35:00: 读取文件成功
2017-03-02T04:35:10: 读取文件成功
2017-03-02T04:35:20: 读取文件成功
2017-03-02T04:35:30: 读取文件成功
2017-03-02T04:35:40: 读取文件成功
2017-03-02T04:35:50: 读取文件成功
2017-03-02T04:36:01: 读取文件成功
2017-03-02T04:36:11: 读取文件成功
2017-03-02T04:36:20: 读取文件成功
2017-03-02T04:36:31: 读取文件成功
2017-03-02T04:36:41: 读取文件成功
2017-03-02T04:36:52: 读取文件成功
2017-03-02T04:37:01: 读取文件成功
2017-03-02T04:37:11: 读取文件成功
2017-03-02T04:37:21: 读取文件成功
2017-03-02T04:37:31: 读取文件成功
2017-03-02T04:37:41: 读取文件成功
2017-03-02T04:37:51: 读取文件成功
2017-03-02T04:38:01: 读取文件成功
2017-03-02T04:38:11: 读取文件成功
2017-03-02T04:38:21: 读取文件成功
2017-03-02T04:38:31: 读取文件成功
2017-03-02T04:38:41: 读取文件成功
2017-03-02T04:38:51: 读取文件成功
2017-03-02T04:39:01: 读取文件成功
2017-03-02T04:39:11: 读取文件成功
2017-03-02T04:39:21: 读取文件成功
2017-03-02T04:39:31: 读取文件成功
2017-03-02T04:39:41: 读取文件成功
2017-03-02T04:39:51: 读取文件成功
2017-03-02T04:40:01: 读取文件成功
2017-03-02T04:40:11: 读取文件成功
2017-03-02T04:40:21: 读取文件成功
2017-03-02T04:40:31: 读取文件成功
2017-03-02T04:40:41: 读取文件成功
2017-03-02T04:40:51: 读取文件成功
2017-03-02T04:41:01: 读取文件成功
2017-03-02T04:41:11: 读取文件成功
2017-03-02T04:41:21: 读取文件成功
2017-03-02T04:41:31: 读取文件成功
2017-03-02T04:41:41: 读取文件成功
2017-03-02T04:41:51: 读取文件成功
2017-03-02T04:42:01: 读取文件成功
2017-03-02T04:42:11: 读取文件成功
2017-03-02T04:42:21: 读取文件成功
2017-03-02T04:42:31: 读取文件成功
2017-03-02T04:42:41: 读取文件成功
2017-03-02T04:42:51: 读取文件成功
2017-03-02T04:43:01: 读取文件成功
2017-03-02T04:43:11: 读取文件成功
2017-03-02T04:43:21: 读取文件成功
2017-03-02T04:43:31: 读取文件成功
2017-03-02T04:43:41: 读取文件成功
2017-03-02T04:43:51: 读取文件成功
2017-03-02T04:44:01: 读取文件成功
2017-03-02T04:44:11: 读取文件成功
2017-03-02T04:44:21: 读取文件成功
2017-03-02T04:44:31: 读取文件成功
2017-03-02T04:44:41: 读取文件成功
2017-03-02T04:44:51: 读取文件成功
2017-03-02T04:45:01: 读取文件成功
2017-03-02T04:45:11: 读取文件成功
2017-03-02T04:45:21: 读取文件成功
2017-03-02T04:45:31: 读取文件成功
2017-03-02T04:45:41: 读取文件成功
2017-03-02T04:45:51: 读取文件成功
2017-03-02T04:46:01: 读取文件成功
2017-03-02T04:46:11: 读取文件成功
2017-03-02T04:46:21: 读取文件成功
2017-03-02T04:46:31: 读取文件成功
2017-03-02T04:46:41: 读取文件成功
2017-03-02T04:46:51: 读取文件成功
2017-03-02T04:47:01: 读取文件成功
2017-03-02T04:47:11: 读取文件成功
2017-03-02T04:47:21: 读取文件成功
2017-03-02T04:47:31: 读取文件成功
2017-03-02T04:47:41: 读取文件成功
2017-03-02T04:47:51: 读取文件成功
2017-03-02T04:48:01: 读取文件成功
2017-03-02T04:48:11: 读取文件成功
2017-03-02T04:48:21: 读取文件成功
2017-03-02T04:48:31: 读取文件成功
2017-03-02T04:48:41: 读取文件成功
2017-03-02T04:48:51: 读取文件成功
2017-03-02T04:49:01: 读取文件成功
2017-03-02T04:49:11: 读取文件成功
2017-03-02T04:49:21: 读取文件成功
2017-03-02T04:49:31: 读取文件成功
2017-03-02T04:49:41: 读取文件成功
2017-03-02T04:49:51: 读取文件成功
2017-03-02T04:50:01: 读取文件成功
2017-03-02T04:50:11: 读取文件成功
2017-03-02T04:50:21: 读取文件成功
2017-03-02T04:50:31: 读取文件成功
2017-03-02T04:50:41: 读取文件成功
2017-03-02T04:50:51: 读取文件成功
2017-03-02T04:51:01: 读取文件成功
2017-03-02T04:51:11: 读取文件成功
2017-03-02T04:51:21: 读取文件成功
2017-03-02T04:51:31: 读取文件成功
2017-03-02T04:51:41: 读取文件成功
2017-03-02T04:51:51: 读取文件成功
2017-03-02T04:52:01: 读取文件成功
2017-03-02T04:52:11: 读取文件成功
2017-03-02T04:52:21: 读取文件成功
2017-03-02T04:52:31: 读取文件成功
2017-03-02T04:52:41: 读取文件成功
2017-03-02T04:52:51: 读取文件成功
2017-03-02T04:53:01: 读取文件成功
2017-03-02T04:53:11: 读取文件成功
2017-03-02T04:53:21: 读取文件成功
2017-03-02T04:53:31: 读取文件成功
2017-03-02T04:53:41: 读取文件成功
2017-03-02T04:53:51: 读取文件成功
2017-03-02T04:54:01: 读取文件成功
2017-03-02T04:54:12: 读取文件成功
2017-03-02T04:54:21: 读取文件成功
2017-03-02T04:54:32: 读取文件成功
2017-03-02T04:54:42: 读取文件成功
2017-03-02T04:54:52: 读取文件成功
2017-03-02T04:55:02: 读取文件成功
2017-03-02T04:55:12: 读取文件成功
2017-03-02T04:55:22: 读取文件成功
2017-03-02T04:55:32: 读取文件成功
2017-03-02T04:55:42: 读取文件成功
2017-03-02T04:55:52: 读取文件成功
2017-03-02T04:56:02: 读取文件成功
2017-03-02T04:56:12: 读取文件成功
2017-03-02T04:56:22: 读取文件成功
2017-03-02T04:56:32: 读取文件成功
2017-03-02T04:56:42: 读取文件成功
2017-03-02T04:56:52: 读取文件成功
2017-03-02T04:57:02: 读取文件成功
2017-03-02T04:57:12: 读取文件成功
2017-03-02T04:57:22: 读取文件成功
2017-03-02T04:57:32: 读取文件成功
2017-03-02T04:57:42: 读取文件成功
2017-03-02T04:57:52: 读取文件成功
2017-03-02T04:58:02: 读取文件成功
2017-03-02T04:58:12: 读取文件成功
2017-03-02T04:58:22: 读取文件成功
2017-03-02T04:58:32: 读取文件成功
2017-03-02T04:58:42: 读取文件成功
2017-03-02T04:58:52: 读取文件成功
2017-03-02T04:59:02: 读取文件成功
2017-03-02T04:59:12: 读取文件成功
2017-03-02T04:59:22: 读取文件成功
2017-03-02T04:59:32: 读取文件成功
2017-03-02T04:59:42: 读取文件成功
2017-03-02T04:59:52: 读取文件成功
2017-03-02T05:00:02: 读取文件成功
2017-03-02T05:00:12: 读取文件成功
2017-03-02T05:00:22: 读取文件成功
2017-03-02T05:00:32: 读取文件成功
2017-03-02T05:00:42: 读取文件成功
2017-03-02T05:00:52: 读取文件成功
2017-03-02T05:01:02: 读取文件成功
2017-03-02T05:01:12: 读取文件成功
2017-03-02T05:01:22: 读取文件成功
2017-03-02T05:01:32: 读取文件成功
2017-03-02T05:01:42: 读取文件成功
2017-03-02T05:01:52: 读取文件成功
2017-03-02T05:02:02: 读取文件成功
2017-03-02T05:02:12: 读取文件成功
2017-03-02T05:02:22: 读取文件成功
2017-03-02T05:02:32: 读取文件成功
2017-03-02T05:02:42: 读取文件成功
2017-03-02T05:02:52: 读取文件成功
2017-03-02T05:03:02: 读取文件成功
2017-03-02T05:03:12: 读取文件成功
2017-03-02T05:03:22: 读取文件成功
2017-03-02T05:03:32: 读取文件成功
2017-03-02T05:03:42: 读取文件成功
2017-03-02T05:03:52: 读取文件成功
2017-03-02T05:04:02: 读取文件成功
2017-03-02T05:04:12: 读取文件成功
2017-03-02T05:04:22: 读取文件成功
2017-03-02T05:04:32: 读取文件成功
2017-03-02T05:04:42: 读取文件成功
2017-03-02T05:04:52: 读取文件成功
2017-03-02T05:05:02: 读取文件成功
2017-03-02T05:05:12: 读取文件成功
2017-03-02T05:05:22: 读取文件成功
2017-03-02T05:05:32: 读取文件成功
2017-03-02T05:05:42: 读取文件成功
2017-03-02T05:05:52: 读取文件成功
2017-03-02T05:06:02: 读取文件成功
2017-03-02T05:06:12: 读取文件成功
2017-03-02T05:06:22: 读取文件成功
2017-03-02T05:06:32: 读取文件成功
2017-03-02T05:06:42: 读取文件成功
2017-03-02T05:06:52: 读取文件成功
2017-03-02T05:07:02: 读取文件成功
2017-03-02T05:07:12: 读取文件成功
2017-03-02T05:07:22: 读取文件成功
2017-03-02T05:07:32: 读取文件成功
2017-03-02T05:07:42: 读取文件成功
2017-03-02T05:07:52: 读取文件成功
2017-03-02T05:08:02: 读取文件成功
2017-03-02T05:08:12: 读取文件成功
2017-03-02T05:08:22: 读取文件成功
2017-03-02T05:08:32: 读取文件成功
2017-03-02T05:08:42: 读取文件成功
2017-03-02T05:08:52: 读取文件成功
2017-03-02T05:09:02: 读取文件成功
2017-03-02T05:09:12: 读取文件成功
2017-03-02T05:09:22: 读取文件成功
2017-03-02T05:09:32: 读取文件成功
2017-03-02T05:09:42: 读取文件成功
2017-03-02T05:09:52: 读取文件成功
2017-03-02T05:10:02: 读取文件成功
2017-03-02T05:10:13: 读取文件成功
2017-03-02T05:10:23: 读取文件成功
2017-03-02T05:10:33: 读取文件成功
2017-03-02T05:10:43: 读取文件成功
2017-03-02T05:10:53: 读取文件成功
2017-03-02T05:11:03: 读取文件成功
2017-03-02T05:11:13: 读取文件成功
2017-03-02T05:11:23: 读取文件成功
2017-03-02T05:11:33: 读取文件成功
2017-03-02T05:11:43: 读取文件成功
2017-03-02T05:11:53: 读取文件成功
2017-03-02T05:12:03: 读取文件成功
2017-03-02T05:12:13: 读取文件成功
2017-03-02T05:12:23: 读取文件成功
2017-03-02T05:12:33: 读取文件成功
2017-03-02T05:12:43: 读取文件成功
2017-03-02T05:12:53: 读取文件成功
2017-03-02T05:13:03: 读取文件成功
2017-03-02T05:13:13: 读取文件成功
2017-03-02T05:13:23: 读取文件成功
2017-03-02T05:13:33: 读取文件成功
2017-03-02T05:13:43: 读取文件成功
2017-03-02T05:13:53: 读取文件成功
2017-03-02T05:14:03: 读取文件成功
2017-03-02T05:14:13: 读取文件成功
2017-03-02T05:14:23: 读取文件成功
2017-03-02T05:14:33: 读取文件成功
2017-03-02T05:14:43: 读取文件成功
2017-03-02T05:14:53: 读取文件成功
2017-03-02T05:15:03: 读取文件成功
2017-03-02T05:15:13: 读取文件成功
2017-03-02T05:15:23: 读取文件成功
2017-03-02T05:15:33: 读取文件成功
2017-03-02T05:15:43: 读取文件成功
2017-03-02T05:15:53: 读取文件成功
2017-03-02T05:16:03: 读取文件成功
2017-03-02T05:16:13: 读取文件成功
2017-03-02T05:16:23: 读取文件成功
2017-03-02T05:16:33: 读取文件成功
2017-03-02T05:16:43: 读取文件成功
2017-03-02T05:16:53: 读取文件成功
2017-03-02T05:17:03: 读取文件成功
2017-03-02T05:17:13: 读取文件成功
2017-03-02T05:17:23: 读取文件成功
2017-03-02T05:17:33: 读取文件成功
2017-03-02T05:17:43: 读取文件成功
2017-03-02T05:17:53: 读取文件成功
2017-03-02T05:18:03: 读取文件成功
2017-03-02T05:18:13: 读取文件成功
2017-03-02T05:18:23: 读取文件成功
2017-03-02T05:18:33: 读取文件成功
2017-03-02T05:18:43: 读取文件成功
2017-03-02T05:18:53: 读取文件成功
2017-03-02T05:19:03: 读取文件成功
2017-03-02T05:19:13: 读取文件成功
2017-03-02T05:19:23: 读取文件成功
2017-03-02T05:19:33: 读取文件成功
2017-03-02T05:19:43: 读取文件成功
2017-03-02T05:19:53: 读取文件成功
2017-03-02T05:20:03: 读取文件成功
2017-03-02T05:20:13: 读取文件成功
2017-03-02T05:20:23: 读取文件成功
2017-03-02T05:20:33: 读取文件成功
2017-03-02T05:20:43: 读取文件成功
2017-03-02T05:20:53: 读取文件成功
2017-03-02T05:21:03: 读取文件成功
2017-03-02T05:21:13: 读取文件成功
2017-03-02T05:21:23: 读取文件成功
2017-03-02T05:21:33: 读取文件成功
2017-03-02T05:21:43: 读取文件成功
2017-03-02T05:21:53: 读取文件成功
2017-03-02T05:22:03: 读取文件成功
2017-03-02T05:22:13: 读取文件成功
2017-03-02T05:22:23: 读取文件成功
2017-03-02T05:22:33: 读取文件成功
2017-03-02T05:22:43: 读取文件成功
2017-03-02T05:22:53: 读取文件成功
2017-03-02T05:23:03: 读取文件成功
2017-03-02T05:23:13: 读取文件成功
2017-03-02T05:23:23: 读取文件成功
2017-03-02T05:23:33: 读取文件成功
2017-03-02T05:23:43: 读取文件成功
2017-03-02T05:23:53: 读取文件成功
2017-03-02T05:24:03: 读取文件成功
2017-03-02T05:24:13: 读取文件成功
2017-03-02T05:24:23: 读取文件成功
2017-03-02T05:24:33: 读取文件成功
2017-03-02T05:24:43: 读取文件成功
2017-03-02T05:24:53: 读取文件成功
2017-03-02T05:25:03: 读取文件成功
2017-03-02T05:25:13: 读取文件成功
2017-03-02T05:25:23: 读取文件成功
2017-03-02T05:25:33: 读取文件成功
2017-03-02T05:25:43: 读取文件成功
2017-03-02T05:25:54: 读取文件成功
2017-03-02T05:26:03: 读取文件成功
2017-03-02T05:26:14: 读取文件成功
2017-03-02T05:26:24: 读取文件成功
2017-03-02T05:26:34: 读取文件成功
2017-03-02T05:26:43: 读取文件成功
2017-03-02T05:26:54: 读取文件成功
2017-03-02T05:27:04: 读取文件成功
2017-03-02T05:27:14: 读取文件成功
2017-03-02T05:27:24: 读取文件成功
2017-03-02T05:27:34: 读取文件成功
2017-03-02T05:27:44: 读取文件成功
2017-03-02T05:27:54: 读取文件成功
2017-03-02T05:28:04: 读取文件成功
2017-03-02T05:28:14: 读取文件成功
2017-03-02T05:28:24: 读取文件成功
2017-03-02T05:28:34: 读取文件成功
2017-03-02T05:28:44: 读取文件成功
2017-03-02T05:28:54: 读取文件成功
2017-03-02T05:29:04: 读取文件成功
2017-03-02T05:29:14: 读取文件成功
2017-03-02T05:29:24: 读取文件成功
2017-03-02T05:29:34: 读取文件成功
2017-03-02T05:29:44: 读取文件成功
2017-03-02T05:29:54: 读取文件成功
2017-03-02T05:30:04: 读取文件成功
2017-03-02T05:30:14: 读取文件成功
2017-03-02T05:30:24: 读取文件成功
2017-03-02T05:30:34: 读取文件成功
2017-03-02T05:30:44: 读取文件成功
2017-03-02T05:30:54: 读取文件成功
2017-03-02T05:31:04: 读取文件成功
2017-03-02T05:31:14: 读取文件成功
2017-03-02T05:31:24: 读取文件成功
2017-03-02T05:31:34: 读取文件成功
2017-03-02T05:31:44: 读取文件成功
2017-03-02T05:31:54: 读取文件成功
2017-03-02T05:32:04: 读取文件成功
2017-03-02T05:32:14: 读取文件成功
2017-03-02T05:32:24: 读取文件成功
2017-03-02T05:32:34: 读取文件成功
2017-03-02T05:32:44: 读取文件成功
2017-03-02T05:32:54: 读取文件成功
2017-03-02T05:33:04: 读取文件成功
2017-03-02T05:33:14: 读取文件成功
2017-03-02T05:33:24: 读取文件成功
2017-03-02T05:33:34: 读取文件成功
2017-03-02T05:33:44: 读取文件成功
2017-03-02T05:33:54: 读取文件成功
2017-03-02T05:34:04: 读取文件成功
2017-03-02T05:34:14: 读取文件成功
2017-03-02T05:34:24: 读取文件成功
2017-03-02T05:34:34: 读取文件成功
2017-03-02T05:34:44: 读取文件成功
2017-03-02T05:34:54: 读取文件成功
2017-03-02T05:35:04: 读取文件成功
2017-03-02T05:35:14: 读取文件成功
2017-03-02T05:35:24: 读取文件成功
2017-03-02T05:35:34: 读取文件成功
2017-03-02T05:35:44: 读取文件成功
2017-03-02T05:35:54: 读取文件成功
2017-03-02T05:36:04: 读取文件成功
2017-03-02T05:36:14: 读取文件成功
2017-03-02T05:36:24: 读取文件成功
2017-03-02T05:36:34: 读取文件成功
2017-03-02T05:36:44: 读取文件成功
2017-03-02T05:36:54: 读取文件成功
2017-03-02T05:37:04: 读取文件成功
2017-03-02T05:37:14: 读取文件成功
2017-03-02T05:37:24: 读取文件成功
2017-03-02T05:37:34: 读取文件成功
2017-03-02T05:37:44: 读取文件成功
2017-03-02T05:37:54: 读取文件成功
2017-03-02T05:38:04: 读取文件成功
2017-03-02T05:38:14: 读取文件成功
2017-03-02T05:38:24: 读取文件成功
2017-03-02T05:38:34: 读取文件成功
2017-03-02T05:38:44: 读取文件成功
2017-03-02T05:38:54: 读取文件成功
2017-03-02T05:39:04: 读取文件成功
2017-03-02T05:39:14: 读取文件成功
2017-03-02T05:39:24: 读取文件成功
2017-03-02T05:39:34: 读取文件成功
2017-03-02T05:39:44: 读取文件成功
2017-03-02T05:39:54: 读取文件成功
2017-03-02T05:40:04: 读取文件成功
2017-03-02T05:40:14: 读取文件成功
2017-03-02T05:40:24: 读取文件成功
2017-03-02T05:40:34: 读取文件成功
2017-03-02T05:40:44: 读取文件成功
2017-03-02T05:40:54: 读取文件成功
2017-03-02T05:41:04: 读取文件成功
2017-03-02T05:41:14: 读取文件成功
2017-03-02T05:41:24: 读取文件成功
2017-03-02T05:41:34: 读取文件成功
2017-03-02T05:41:44: 读取文件成功
2017-03-02T05:41:54: 读取文件成功
2017-03-02T05:42:04: 读取文件成功
2017-03-02T05:42:14: 读取文件成功
2017-03-02T05:42:24: 读取文件成功
2017-03-02T05:42:35: 读取文件成功
2017-03-02T05:42:45: 读取文件成功
2017-03-02T05:42:55: 读取文件成功
2017-03-02T05:43:04: 读取文件成功
2017-03-02T05:43:15: 读取文件成功
2017-03-02T05:43:25: 读取文件成功
2017-03-02T05:43:35: 读取文件成功
2017-03-02T05:43:45: 读取文件成功
2017-03-02T05:43:55: 读取文件成功
2017-03-02T05:44:05: 读取文件成功
2017-03-02T05:44:15: 读取文件成功
2017-03-02T05:44:25: 读取文件成功
2017-03-02T05:44:35: 读取文件成功
2017-03-02T05:44:45: 读取文件成功
2017-03-02T05:44:55: 读取文件成功
2017-03-02T05:45:05: 读取文件成功
2017-03-02T05:45:15: 读取文件成功
2017-03-02T05:45:25: 读取文件成功
2017-03-02T05:45:35: 读取文件成功
2017-03-02T05:45:45: 读取文件成功
2017-03-02T05:45:55: 读取文件成功
2017-03-02T05:46:05: 读取文件成功
2017-03-02T05:46:15: 读取文件成功
2017-03-02T05:46:25: 读取文件成功
2017-03-02T05:46:35: 读取文件成功
2017-03-02T05:46:45: 读取文件成功
2017-03-02T05:46:55: 读取文件成功
2017-03-02T05:47:05: 读取文件成功
2017-03-02T05:47:15: 读取文件成功
2017-03-02T05:47:25: 读取文件成功
2017-03-02T05:47:35: 读取文件成功
2017-03-02T05:47:45: 读取文件成功
2017-03-02T05:47:55: 读取文件成功
2017-03-02T05:48:05: 读取文件成功
2017-03-02T05:48:15: 读取文件成功
2017-03-02T05:48:25: 读取文件成功
2017-03-02T05:48:35: 读取文件成功
2017-03-02T05:48:45: 读取文件成功
2017-03-02T05:48:55: 读取文件成功
2017-03-02T05:49:05: 读取文件成功
2017-03-02T05:49:15: 读取文件成功
2017-03-02T05:49:25: 读取文件成功
2017-03-02T05:49:35: 读取文件成功
2017-03-02T05:49:45: 读取文件成功
2017-03-02T05:49:55: 读取文件成功
2017-03-02T05:50:05: 读取文件成功
2017-03-02T05:50:15: 读取文件成功
2017-03-02T05:50:25: 读取文件成功
2017-03-02T05:50:35: 读取文件成功
2017-03-02T05:50:45: 读取文件成功
2017-03-02T05:50:55: 读取文件成功
2017-03-02T05:51:05: 读取文件成功
2017-03-02T05:51:15: 读取文件成功
2017-03-02T05:51:25: 读取文件成功
2017-03-02T05:51:35: 读取文件成功
2017-03-02T05:51:45: 读取文件成功
2017-03-02T05:51:55: 读取文件成功
2017-03-02T05:52:05: 读取文件成功
2017-03-02T05:52:15: 读取文件成功
2017-03-02T05:52:25: 读取文件成功
2017-03-02T05:52:35: 读取文件成功
2017-03-02T05:52:45: 读取文件成功
2017-03-02T05:52:55: 读取文件成功
2017-03-02T05:53:05: 读取文件成功
2017-03-02T05:53:15: 读取文件成功
2017-03-02T05:53:25: 读取文件成功
2017-03-02T05:53:35: 读取文件成功
2017-03-02T05:53:45: 读取文件成功
2017-03-02T05:53:55: 读取文件成功
2017-03-02T05:54:05: 读取文件成功
2017-03-02T05:54:15: 读取文件成功
2017-03-02T05:54:25: 读取文件成功
2017-03-02T05:54:35: 读取文件成功
2017-03-02T05:54:45: 读取文件成功
2017-03-02T05:54:55: 读取文件成功
2017-03-02T05:55:05: 读取文件成功
2017-03-02T05:55:15: 读取文件成功
2017-03-02T05:55:25: 读取文件成功
2017-03-02T05:55:35: 读取文件成功
2017-03-02T05:55:45: 读取文件成功
2017-03-02T05:55:55: 读取文件成功
2017-03-02T05:56:05: 读取文件成功
2017-03-02T05:56:15: 读取文件成功
2017-03-02T05:56:25: 读取文件成功
2017-03-02T05:56:35: 读取文件成功
2017-03-02T05:56:45: 读取文件成功
2017-03-02T05:56:55: 读取文件成功
2017-03-02T05:57:05: 读取文件成功
2017-03-02T05:57:15: 读取文件成功
2017-03-02T05:57:25: 读取文件成功
2017-03-02T05:57:35: 读取文件成功
2017-03-02T05:57:45: 读取文件成功
2017-03-02T05:57:56: 读取文件成功
2017-03-02T05:58:05: 读取文件成功
2017-03-02T05:58:15: 读取文件成功
2017-03-02T05:58:25: 读取文件成功
2017-03-02T05:58:35: 读取文件成功
2017-03-02T05:58:45: 读取文件成功
2017-03-02T05:58:55: 读取文件成功
2017-03-02T05:59:06: 读取文件成功
2017-03-02T05:59:16: 读取文件成功
2017-03-02T05:59:26: 读取文件成功
2017-03-02T05:59:36: 读取文件成功
2017-03-02T05:59:46: 读取文件成功
2017-03-02T05:59:56: 读取文件成功
2017-03-02T06:00:06: 读取文件成功
2017-03-02T06:00:16: 读取文件成功
2017-03-02T06:00:26: 读取文件成功
2017-03-02T06:00:36: 读取文件成功
2017-03-02T06:00:46: 读取文件成功
2017-03-02T06:00:56: 读取文件成功
2017-03-02T06:01:06: 读取文件成功
2017-03-02T06:01:16: 读取文件成功
2017-03-02T06:01:26: 读取文件成功
2017-03-02T06:01:36: 读取文件成功
2017-03-02T06:01:46: 读取文件成功
2017-03-02T06:01:56: 读取文件成功
2017-03-02T06:02:06: 读取文件成功
2017-03-02T06:02:16: 读取文件成功
2017-03-02T06:02:26: 读取文件成功
2017-03-02T06:02:36: 读取文件成功
2017-03-02T06:02:46: 读取文件成功
2017-03-02T06:02:56: 读取文件成功
2017-03-02T06:03:06: 读取文件成功
2017-03-02T06:03:16: 读取文件成功
2017-03-02T06:03:26: 读取文件成功
2017-03-02T06:03:36: 读取文件成功
2017-03-02T06:03:46: 读取文件成功
2017-03-02T06:03:56: 读取文件成功
2017-03-02T06:04:06: 读取文件成功
2017-03-02T06:04:16: 读取文件成功
2017-03-02T06:04:26: 读取文件成功
2017-03-02T06:04:36: 读取文件成功
2017-03-02T06:04:46: 读取文件成功
2017-03-02T06:04:56: 读取文件成功
2017-03-02T06:05:06: 读取文件成功
2017-03-02T06:05:16: 读取文件成功
2017-03-02T06:05:26: 读取文件成功
2017-03-02T06:05:36: 读取文件成功
2017-03-02T06:05:46: 读取文件成功
2017-03-02T06:05:56: 读取文件成功
2017-03-02T06:06:06: 读取文件成功
2017-03-02T06:06:16: 读取文件成功
2017-03-02T06:06:26: 读取文件成功
2017-03-02T06:06:36: 读取文件成功
2017-03-02T06:06:46: 读取文件成功
2017-03-02T06:06:56: 读取文件成功
2017-03-02T06:07:06: 读取文件成功
2017-03-02T06:07:16: 读取文件成功
2017-03-02T06:07:26: 读取文件成功
2017-03-02T06:07:36: 读取文件成功
2017-03-02T06:07:46: 读取文件成功
2017-03-02T06:07:56: 读取文件成功
2017-03-02T06:08:06: 读取文件成功
2017-03-02T06:08:16: 读取文件成功
2017-03-02T06:08:26: 读取文件成功
2017-03-02T06:08:36: 读取文件成功
2017-03-02T06:08:46: 读取文件成功
2017-03-02T06:08:56: 读取文件成功
2017-03-02T06:09:06: 读取文件成功
2017-03-02T06:09:16: 读取文件成功
2017-03-02T06:09:26: 读取文件成功
2017-03-02T06:09:36: 读取文件成功
2017-03-02T06:09:46: 读取文件成功
2017-03-02T06:09:56: 读取文件成功
2017-03-02T06:10:06: 读取文件成功
2017-03-02T06:10:16: 读取文件成功
2017-03-02T06:10:26: 读取文件成功
2017-03-02T06:10:36: 读取文件成功
2017-03-02T06:10:46: 读取文件成功
2017-03-02T06:10:56: 读取文件成功
2017-03-02T06:11:06: 读取文件成功
2017-03-02T06:11:16: 读取文件成功
2017-03-02T06:11:26: 读取文件成功
2017-03-02T06:11:36: 读取文件成功
2017-03-02T06:11:46: 读取文件成功
2017-03-02T06:11:56: 读取文件成功
2017-03-02T06:12:06: 读取文件成功
2017-03-02T06:12:16: 读取文件成功
2017-03-02T06:12:26: 读取文件成功
2017-03-02T06:12:36: 读取文件成功
2017-03-02T06:12:46: 读取文件成功
2017-03-02T06:12:56: 读取文件成功
2017-03-02T06:13:06: 读取文件成功
2017-03-02T06:13:16: 读取文件成功
2017-03-02T06:13:27: 读取文件成功
2017-03-02T06:13:36: 读取文件成功
2017-03-02T06:13:46: 读取文件成功
2017-03-02T06:13:56: 读取文件成功
2017-03-02T06:14:06: 读取文件成功
2017-03-02T06:14:16: 读取文件成功
2017-03-02T06:14:26: 读取文件成功
2017-03-02T06:14:36: 读取文件成功
2017-03-02T06:14:46: 读取文件成功
2017-03-02T06:14:56: 读取文件成功
2017-03-02T06:15:06: 读取文件成功
2017-03-02T06:15:16: 读取文件成功
2017-03-02T06:15:26: 读取文件成功
2017-03-02T06:15:36: 读取文件成功
2017-03-02T06:15:46: 读取文件成功
2017-03-02T06:15:56: 读取文件成功
2017-03-02T06:16:06: 读取文件成功
2017-03-02T06:16:17: 读取文件成功
2017-03-02T06:16:26: 读取文件成功
2017-03-02T06:16:36: 读取文件成功
2017-03-02T06:16:47: 读取文件成功
2017-03-02T06:16:57: 读取文件成功
2017-03-02T06:17:07: 读取文件成功
2017-03-02T06:17:17: 读取文件成功
2017-03-02T06:17:27: 读取文件成功
2017-03-02T06:17:38: 读取文件成功
2017-03-02T06:17:47: 读取文件成功
2017-03-02T06:17:57: 读取文件成功
2017-03-02T06:18:07: 读取文件成功
2017-03-02T06:18:17: 读取文件成功
2017-03-02T06:18:27: 读取文件成功
2017-03-02T06:18:37: 读取文件成功
2017-03-02T06:18:47: 读取文件成功
2017-03-02T06:18:57: 读取文件成功
2017-03-02T06:19:07: 读取文件成功
2017-03-02T06:19:17: 读取文件成功
2017-03-02T06:19:27: 读取文件成功
2017-03-02T06:19:37: 读取文件成功
2017-03-02T06:19:47: 读取文件成功
2017-03-02T06:19:57: 读取文件成功
2017-03-02T06:20:07: 读取文件成功
2017-03-02T06:20:17: 读取文件成功
2017-03-02T06:20:27: 读取文件成功
2017-03-02T06:20:37: 读取文件成功
2017-03-02T06:20:47: 读取文件成功
2017-03-02T06:20:57: 读取文件成功
2017-03-02T06:21:07: 读取文件成功
2017-03-02T06:21:17: 读取文件成功
2017-03-02T06:21:27: 读取文件成功
2017-03-02T06:21:37: 读取文件成功
2017-03-02T06:21:47: 读取文件成功
2017-03-02T06:21:57: 读取文件成功
2017-03-02T06:22:07: 读取文件成功
2017-03-02T06:22:17: 读取文件成功
2017-03-02T06:22:27: 读取文件成功
2017-03-02T06:22:37: 读取文件成功
2017-03-02T06:22:47: 读取文件成功
2017-03-02T06:22:57: 读取文件成功
2017-03-02T06:23:07: 读取文件成功
2017-03-02T06:23:17: 读取文件成功
2017-03-02T06:23:27: 读取文件成功
2017-03-02T06:23:37: 读取文件成功
2017-03-02T06:23:47: 读取文件成功
2017-03-02T06:23:57: 读取文件成功
2017-03-02T06:24:07: 读取文件成功
2017-03-02T06:24:17: 读取文件成功
2017-03-02T06:24:27: 读取文件成功
2017-03-02T06:24:37: 读取文件成功
2017-03-02T06:24:47: 读取文件成功
2017-03-02T06:24:57: 读取文件成功
2017-03-02T06:25:07: 读取文件成功
2017-03-02T06:25:17: 读取文件成功
2017-03-02T06:25:27: 读取文件成功
2017-03-02T06:25:37: 读取文件成功
2017-03-02T06:25:47: 读取文件成功
2017-03-02T06:25:57: 读取文件成功
2017-03-02T06:26:07: 读取文件成功
2017-03-02T06:26:17: 读取文件成功
2017-03-02T06:26:27: 读取文件成功
2017-03-02T06:26:37: 读取文件成功
2017-03-02T06:26:47: 读取文件成功
2017-03-02T06:26:57: 读取文件成功
2017-03-02T06:27:07: 读取文件成功
2017-03-02T06:27:17: 读取文件成功
2017-03-02T06:27:27: 读取文件成功
2017-03-02T06:27:37: 读取文件成功
2017-03-02T06:27:47: 读取文件成功
2017-03-02T06:27:57: 读取文件成功
2017-03-02T06:28:07: 读取文件成功
2017-03-02T06:28:17: 读取文件成功
2017-03-02T06:28:27: 读取文件成功
2017-03-02T06:28:37: 读取文件成功
2017-03-02T06:28:47: 读取文件成功
2017-03-02T06:28:57: 读取文件成功
2017-03-02T06:29:07: 读取文件成功
2017-03-02T06:29:17: 读取文件成功
2017-03-02T06:29:27: 读取文件成功
2017-03-02T06:29:37: 读取文件成功
2017-03-02T06:29:47: 读取文件成功
2017-03-02T06:29:57: 读取文件成功
2017-03-02T06:30:07: 读取文件成功
2017-03-02T06:30:17: 读取文件成功
2017-03-02T06:30:27: 读取文件成功
2017-03-02T06:30:37: 读取文件成功
2017-03-02T06:30:47: 读取文件成功
2017-03-02T06:30:57: 读取文件成功
2017-03-02T06:31:07: 读取文件成功
2017-03-02T06:31:17: 读取文件成功
2017-03-02T06:31:27: 读取文件成功
2017-03-02T06:31:37: 读取文件成功
2017-03-02T06:31:47: 读取文件成功
2017-03-02T06:31:57: 读取文件成功
2017-03-02T06:32:07: 读取文件成功
2017-03-02T06:32:17: 读取文件成功
2017-03-02T06:32:27: 读取文件成功
2017-03-02T06:32:37: 读取文件成功
2017-03-02T06:32:47: 读取文件成功
2017-03-02T06:32:57: 读取文件成功
2017-03-02T06:33:07: 读取文件成功
2017-03-02T06:33:18: 读取文件成功
2017-03-02T06:33:28: 读取文件成功
2017-03-02T06:33:38: 读取文件成功
2017-03-02T06:33:48: 读取文件成功
2017-03-02T06:33:58: 读取文件成功
2017-03-02T06:34:08: 读取文件成功
2017-03-02T06:34:18: 读取文件成功
2017-03-02T06:34:28: 读取文件成功
2017-03-02T06:34:38: 读取文件成功
2017-03-02T06:34:48: 读取文件成功
2017-03-02T06:34:58: 读取文件成功
2017-03-02T06:35:08: 读取文件成功
2017-03-02T06:35:18: 读取文件成功
2017-03-02T06:35:28: 读取文件成功
2017-03-02T06:35:38: 读取文件成功
2017-03-02T06:35:48: 读取文件成功
2017-03-02T06:35:58: 读取文件成功
2017-03-02T06:36:08: 读取文件成功
2017-03-02T06:36:18: 读取文件成功
2017-03-02T06:36:28: 读取文件成功
2017-03-02T06:36:38: 读取文件成功
2017-03-02T06:36:48: 读取文件成功
2017-03-02T06:36:58: 读取文件成功
2017-03-02T06:37:08: 读取文件成功
2017-03-02T06:37:18: 读取文件成功
2017-03-02T06:37:28: 读取文件成功
2017-03-02T06:37:38: 读取文件成功
2017-03-02T06:37:48: 读取文件成功
2017-03-02T06:37:58: 读取文件成功
2017-03-02T06:38:08: 读取文件成功
2017-03-02T06:38:18: 读取文件成功
2017-03-02T06:38:28: 读取文件成功
2017-03-02T06:38:38: 读取文件成功
2017-03-02T06:38:48: 读取文件成功
2017-03-02T06:38:58: 读取文件成功
2017-03-02T06:39:08: 读取文件成功
2017-03-02T06:39:18: 读取文件成功
2017-03-02T06:39:28: 读取文件成功
2017-03-02T06:39:38: 读取文件成功
2017-03-02T06:39:48: 读取文件成功
2017-03-02T06:39:58: 读取文件成功
2017-03-02T06:40:08: 读取文件成功
2017-03-02T06:40:18: 读取文件成功
2017-03-02T06:40:28: 读取文件成功
2017-03-02T06:40:38: 读取文件成功
2017-03-02T06:40:48: 读取文件成功
2017-03-02T06:40:58: 读取文件成功
2017-03-02T06:41:08: 读取文件成功
2017-03-02T06:41:18: 读取文件成功
2017-03-02T06:41:28: 读取文件成功
2017-03-02T06:41:38: 读取文件成功
2017-03-02T06:41:48: 读取文件成功
2017-03-02T06:41:58: 读取文件成功
2017-03-02T06:42:08: 读取文件成功
2017-03-02T06:42:18: 读取文件成功
2017-03-02T06:42:28: 读取文件成功
2017-03-02T06:42:38: 读取文件成功
2017-03-02T06:42:48: 读取文件成功
2017-03-02T06:42:59: 读取文件成功
2017-03-02T06:43:08: 读取文件成功
2017-03-02T06:43:18: 读取文件成功
2017-03-02T06:43:28: 读取文件成功
2017-03-02T06:43:38: 读取文件成功
2017-03-02T06:43:48: 读取文件成功
2017-03-02T06:43:58: 读取文件成功
2017-03-02T06:44:08: 读取文件成功
2017-03-02T06:44:18: 读取文件成功
2017-03-02T06:44:28: 读取文件成功
2017-03-02T06:44:38: 读取文件成功
2017-03-02T06:44:48: 读取文件成功
2017-03-02T06:44:59: 读取文件成功
2017-03-02T06:45:08: 读取文件成功
2017-03-02T06:45:18: 读取文件成功
2017-03-02T06:45:28: 读取文件成功
2017-03-02T06:45:39: 读取文件成功
2017-03-02T06:45:48: 读取文件成功
2017-03-02T06:45:58: 读取文件成功
2017-03-02T06:46:08: 读取文件成功
2017-03-02T06:46:18: 读取文件成功
2017-03-02T06:46:28: 读取文件成功
2017-03-02T06:46:38: 读取文件成功
2017-03-02T06:46:48: 读取文件成功
2017-03-02T06:46:59: 读取文件成功
2017-03-02T06:47:08: 读取文件成功
2017-03-02T06:47:18: 读取文件成功
2017-03-02T06:47:28: 读取文件成功
2017-03-02T06:47:38: 读取文件成功
2017-03-02T06:47:48: 读取文件成功
2017-03-02T06:47:58: 读取文件成功
2017-03-02T06:48:08: 读取文件成功
2017-03-02T06:48:18: 读取文件成功
2017-03-02T06:48:28: 读取文件成功
2017-03-02T06:48:38: 读取文件成功
2017-03-02T06:48:48: 读取文件成功
2017-03-02T06:48:58: 读取文件成功
2017-03-02T06:49:08: 读取文件成功
2017-03-02T06:49:19: 读取文件成功
2017-03-02T06:49:29: 读取文件成功
2017-03-02T06:49:39: 读取文件成功
2017-03-02T06:49:49: 读取文件成功
2017-03-02T06:49:59: 读取文件成功
2017-03-02T06:50:09: 读取文件成功
2017-03-02T06:50:19: 读取文件成功
2017-03-02T06:50:29: 读取文件成功
2017-03-02T06:50:39: 读取文件成功
2017-03-02T06:50:49: 读取文件成功
2017-03-02T06:50:59: 读取文件成功
2017-03-02T06:51:09: 读取文件成功
2017-03-02T06:51:19: 读取文件成功
2017-03-02T06:51:29: 读取文件成功
2017-03-02T06:51:39: 读取文件成功
2017-03-02T06:51:49: 读取文件成功
2017-03-02T06:51:59: 读取文件成功
2017-03-02T06:52:09: 读取文件成功
2017-03-02T06:52:19: 读取文件成功
2017-03-02T06:52:29: 读取文件成功
2017-03-02T06:52:39: 读取文件成功
2017-03-02T06:52:49: 读取文件成功
2017-03-02T06:52:59: 读取文件成功
2017-03-02T06:53:09: 读取文件成功
2017-03-02T06:53:19: 读取文件成功
2017-03-02T06:53:29: 读取文件成功
2017-03-02T06:53:39: 读取文件成功
2017-03-02T06:53:49: 读取文件成功
2017-03-02T06:53:59: 读取文件成功
2017-03-02T06:54:09: 读取文件成功
2017-03-02T06:54:19: 读取文件成功
2017-03-02T06:54:29: 读取文件成功
2017-03-02T06:54:39: 读取文件成功
2017-03-02T06:54:49: 读取文件成功
2017-03-02T06:54:59: 读取文件成功
2017-03-02T06:55:09: 读取文件成功
2017-03-02T06:55:19: 读取文件成功
2017-03-02T06:55:29: 读取文件成功
2017-03-02T06:55:39: 读取文件成功
2017-03-02T06:55:49: 读取文件成功
2017-03-02T06:55:59: 读取文件成功
2017-03-02T06:56:09: 读取文件成功
2017-03-02T06:56:19: 读取文件成功
2017-03-02T06:56:29: 读取文件成功
2017-03-02T06:56:39: 读取文件成功
2017-03-02T06:56:49: 读取文件成功
2017-03-02T06:56:59: 读取文件成功
2017-03-02T06:57:09: 读取文件成功
2017-03-02T06:57:19: 读取文件成功
2017-03-02T06:57:29: 读取文件成功
2017-03-02T06:57:39: 读取文件成功
2017-03-02T06:57:50: 读取文件成功
2017-03-02T06:57:59: 读取文件成功
2017-03-02T06:58:09: 读取文件成功
2017-03-02T06:58:19: 读取文件成功
2017-03-02T06:58:29: 读取文件成功
2017-03-02T06:58:39: 读取文件成功
2017-03-02T06:58:49: 读取文件成功
2017-03-02T06:58:59: 读取文件成功
2017-03-02T06:59:09: 读取文件成功
2017-03-02T06:59:19: 读取文件成功
2017-03-02T06:59:29: 读取文件成功
2017-03-02T06:59:39: 读取文件成功
2017-03-02T06:59:49: 读取文件成功
2017-03-02T06:59:59: 读取文件成功
2017-03-02T07:00:09: 读取文件成功
2017-03-02T07:00:19: 读取文件成功
2017-03-02T07:00:29: 读取文件成功
2017-03-02T07:00:39: 读取文件成功
2017-03-02T07:00:49: 读取文件成功
2017-03-02T07:00:59: 读取文件成功
2017-03-02T07:01:09: 读取文件成功
2017-03-02T07:01:19: 读取文件成功
2017-03-02T07:01:29: 读取文件成功
2017-03-02T07:01:39: 读取文件成功
2017-03-02T07:01:49: 读取文件成功
2017-03-02T07:01:59: 读取文件成功
2017-03-02T07:02:09: 读取文件成功
2017-03-02T07:02:19: 读取文件成功
2017-03-02T07:02:29: 读取文件成功
2017-03-02T07:02:39: 读取文件成功
2017-03-02T07:02:49: 读取文件成功
2017-03-02T07:02:59: 读取文件成功
2017-03-02T07:03:09: 读取文件成功
2017-03-02T07:03:19: 读取文件成功
2017-03-02T07:03:29: 读取文件成功
2017-03-02T07:03:39: 读取文件成功
2017-03-02T07:03:49: 读取文件成功
2017-03-02T07:03:59: 读取文件成功
2017-03-02T07:04:09: 读取文件成功
2017-03-02T07:04:19: 读取文件成功
2017-03-02T07:04:29: 读取文件成功
2017-03-02T07:04:40: 读取文件成功
2017-03-02T07:04:49: 读取文件成功
2017-03-02T07:05:00: 读取文件成功
2017-03-02T07:05:10: 读取文件成功
2017-03-02T07:05:20: 读取文件成功
2017-03-02T07:05:30: 读取文件成功
2017-03-02T07:05:40: 读取文件成功
2017-03-02T07:05:50: 读取文件成功
2017-03-02T07:06:00: 读取文件成功
2017-03-02T07:06:10: 读取文件成功
2017-03-02T07:06:20: 读取文件成功
2017-03-02T07:06:30: 读取文件成功
2017-03-02T07:06:40: 读取文件成功
2017-03-02T07:06:50: 读取文件成功
2017-03-02T07:07:00: 读取文件成功
2017-03-02T07:07:10: 读取文件成功
2017-03-02T07:07:20: 读取文件成功
2017-03-02T07:07:30: 读取文件成功
2017-03-02T07:07:40: 读取文件成功
2017-03-02T07:07:50: 读取文件成功
2017-03-02T07:08:00: 读取文件成功
2017-03-02T07:08:10: 读取文件成功
2017-03-02T07:08:20: 读取文件成功
2017-03-02T07:08:30: 读取文件成功
2017-03-02T07:08:40: 读取文件成功
2017-03-02T07:08:50: 读取文件成功
2017-03-02T07:09:00: 读取文件成功
2017-03-02T07:09:10: 读取文件成功
2017-03-02T07:09:20: 读取文件成功
2017-03-02T07:09:30: 读取文件成功
2017-03-02T07:09:40: 读取文件成功
2017-03-02T07:09:50: 读取文件成功
2017-03-02T07:10:00: 读取文件成功
2017-03-02T07:10:10: 读取文件成功
2017-03-02T07:10:20: 读取文件成功
2017-03-02T07:10:30: 读取文件成功
2017-03-02T07:10:40: 读取文件成功
2017-03-02T07:10:50: 读取文件成功
2017-03-02T07:11:00: 读取文件成功
2017-03-02T07:11:10: 读取文件成功
2017-03-02T07:11:20: 读取文件成功
2017-03-02T07:11:30: 读取文件成功
2017-03-02T07:11:40: 读取文件成功
2017-03-02T07:11:50: 读取文件成功
2017-03-02T07:12:00: 读取文件成功
2017-03-02T07:12:10: 读取文件成功
2017-03-02T07:12:20: 读取文件成功
2017-03-02T07:12:30: 读取文件成功
2017-03-02T07:12:40: 读取文件成功
2017-03-02T07:12:50: 读取文件成功
2017-03-02T07:13:00: 读取文件成功
2017-03-02T07:13:10: 读取文件成功
2017-03-02T07:13:20: 读取文件成功
2017-03-02T07:13:30: 读取文件成功
2017-03-02T07:13:40: 读取文件成功
2017-03-02T07:13:50: 读取文件成功
2017-03-02T07:14:00: 读取文件成功
2017-03-02T07:14:10: 读取文件成功
2017-03-02T07:14:20: 读取文件成功
2017-03-02T07:14:30: 读取文件成功
2017-03-02T07:14:40: 读取文件成功
2017-03-02T07:14:50: 读取文件成功
2017-03-02T07:15:00: 读取文件成功
2017-03-02T07:15:10: 读取文件成功
2017-03-02T07:15:20: 读取文件成功
2017-03-02T07:15:30: 读取文件成功
2017-03-02T07:15:40: 读取文件成功
2017-03-02T07:15:50: 读取文件成功
2017-03-02T07:16:00: 读取文件成功
2017-03-02T07:16:10: 读取文件成功
2017-03-02T07:16:20: 读取文件成功
2017-03-02T07:16:30: 读取文件成功
2017-03-02T07:16:40: 读取文件成功
2017-03-02T07:16:50: 读取文件成功
2017-03-02T07:17:00: 读取文件成功
2017-03-02T07:17:10: 读取文件成功
2017-03-02T07:17:20: 读取文件成功
2017-03-02T07:17:30: 读取文件成功
2017-03-02T07:17:40: 读取文件成功
2017-03-02T07:17:50: 读取文件成功
2017-03-02T07:18:00: 读取文件成功
2017-03-02T07:18:10: 读取文件成功
2017-03-02T07:18:20: 读取文件成功
2017-03-02T07:18:30: 读取文件成功
2017-03-02T07:18:40: 读取文件成功
2017-03-02T07:18:50: 读取文件成功
2017-03-02T07:19:00: 读取文件成功
2017-03-02T07:19:10: 读取文件成功
2017-03-02T07:19:20: 读取文件成功
2017-03-02T07:19:30: 读取文件成功
2017-03-02T07:19:41: 读取文件成功
2017-03-02T07:19:50: 读取文件成功
2017-03-02T07:20:00: 读取文件成功
2017-03-02T07:20:10: 读取文件成功
2017-03-02T07:20:20: 读取文件成功
2017-03-02T07:20:31: 读取文件成功
2017-03-02T07:20:41: 读取文件成功
2017-03-02T07:20:51: 读取文件成功
2017-03-02T07:21:01: 读取文件成功
2017-03-02T07:21:11: 读取文件成功
2017-03-02T07:21:21: 读取文件成功
2017-03-02T07:21:31: 读取文件成功
2017-03-02T07:21:41: 读取文件成功
2017-03-02T07:21:51: 读取文件成功
2017-03-02T07:22:01: 读取文件成功
2017-03-02T07:22:11: 读取文件成功
2017-03-02T07:22:21: 读取文件成功
2017-03-02T07:22:31: 读取文件成功
2017-03-02T07:22:41: 读取文件成功
2017-03-02T07:22:51: 读取文件成功
2017-03-02T07:23:01: 读取文件成功
2017-03-02T07:23:11: 读取文件成功
2017-03-02T07:23:21: 读取文件成功
2017-03-02T07:23:31: 读取文件成功
2017-03-02T07:23:41: 读取文件成功
2017-03-02T07:23:51: 读取文件成功
2017-03-02T07:24:01: 读取文件成功
2017-03-02T07:24:11: 读取文件成功
2017-03-02T07:24:21: 读取文件成功
2017-03-02T07:24:31: 读取文件成功
2017-03-02T07:24:41: 读取文件成功
2017-03-02T07:24:51: 读取文件成功
2017-03-02T07:25:01: 读取文件成功
2017-03-02T07:25:11: 读取文件成功
2017-03-02T07:25:21: 读取文件成功
2017-03-02T07:25:31: 读取文件成功
2017-03-02T07:25:41: 读取文件成功
2017-03-02T07:25:51: 读取文件成功
2017-03-02T07:26:01: 读取文件成功
2017-03-02T07:26:11: 读取文件成功
2017-03-02T07:26:21: 读取文件成功
2017-03-02T07:26:31: 读取文件成功
2017-03-02T07:26:41: 读取文件成功
2017-03-02T07:26:51: 读取文件成功
2017-03-02T07:27:01: 读取文件成功
2017-03-02T07:27:11: 读取文件成功
2017-03-02T07:27:21: 读取文件成功
2017-03-02T07:27:31: 读取文件成功
2017-03-02T07:27:41: 读取文件成功
2017-03-02T07:27:51: 读取文件成功
2017-03-02T07:28:01: 读取文件成功
2017-03-02T07:28:11: 读取文件成功
2017-03-02T07:28:21: 读取文件成功
2017-03-02T07:28:31: 读取文件成功
2017-03-02T07:28:41: 读取文件成功
2017-03-02T07:28:51: 读取文件成功
2017-03-02T07:29:01: 读取文件成功
2017-03-02T07:29:11: 读取文件成功
2017-03-02T07:29:21: 读取文件成功
2017-03-02T07:29:31: 读取文件成功
2017-03-02T07:29:41: 读取文件成功
2017-03-02T07:29:51: 读取文件成功
2017-03-02T07:30:01: 读取文件成功
2017-03-02T07:30:11: 读取文件成功
2017-03-02T07:30:21: 读取文件成功
2017-03-02T07:30:32: 读取文件成功
2017-03-02T07:30:41: 读取文件成功
2017-03-02T07:30:51: 读取文件成功
2017-03-02T07:31:01: 读取文件成功
2017-03-02T07:31:11: 读取文件成功
2017-03-02T07:31:21: 读取文件成功
2017-03-02T07:31:31: 读取文件成功
2017-03-02T07:31:41: 读取文件成功
2017-03-02T07:31:51: 读取文件成功
2017-03-02T07:32:01: 读取文件成功
2017-03-02T07:32:11: 读取文件成功
2017-03-02T07:32:21: 读取文件成功
2017-03-02T07:32:32: 读取文件成功
2017-03-02T07:32:41: 读取文件成功
2017-03-02T07:32:51: 读取文件成功
2017-03-02T07:33:01: 读取文件成功
2017-03-02T07:33:11: 读取文件成功
2017-03-02T07:33:21: 读取文件成功
2017-03-02T07:33:32: 读取文件成功
2017-03-02T07:33:41: 读取文件成功
2017-03-02T07:33:51: 读取文件成功
2017-03-02T07:34:01: 读取文件成功
2017-03-02T07:34:11: 读取文件成功
2017-03-02T07:34:21: 读取文件成功
2017-03-02T07:34:31: 读取文件成功
2017-03-02T07:34:41: 读取文件成功
2017-03-02T07:34:51: 读取文件成功
2017-03-02T07:35:01: 读取文件成功
2017-03-02T07:35:11: 读取文件成功
2017-03-02T07:35:21: 读取文件成功
2017-03-02T07:35:31: 读取文件成功
2017-03-02T07:35:41: 读取文件成功
2017-03-02T07:35:51: 读取文件成功
2017-03-02T07:36:01: 读取文件成功
2017-03-02T07:36:11: 读取文件成功
2017-03-02T07:36:21: 读取文件成功
2017-03-02T07:36:31: 读取文件成功
2017-03-02T07:36:41: 读取文件成功
2017-03-02T07:36:52: 读取文件成功
2017-03-02T07:37:01: 读取文件成功
2017-03-02T07:37:11: 读取文件成功
2017-03-02T07:37:22: 读取文件成功
2017-03-02T07:37:32: 读取文件成功
2017-03-02T07:37:42: 读取文件成功
2017-03-02T07:37:52: 读取文件成功
2017-03-02T07:38:02: 读取文件成功
2017-03-02T07:38:12: 读取文件成功
2017-03-02T07:38:22: 读取文件成功
2017-03-02T07:38:32: 读取文件成功
2017-03-02T07:38:42: 读取文件成功
2017-03-02T07:38:52: 读取文件成功
2017-03-02T07:39:02: 读取文件成功
2017-03-02T07:39:12: 读取文件成功
2017-03-02T07:39:22: 读取文件成功
2017-03-02T07:39:32: 读取文件成功
2017-03-02T07:39:42: 读取文件成功
2017-03-02T07:39:52: 读取文件成功
2017-03-02T07:40:02: 读取文件成功
2017-03-02T07:40:12: 读取文件成功
2017-03-02T07:40:22: 读取文件成功
2017-03-02T07:40:32: 读取文件成功
2017-03-02T07:40:42: 读取文件成功
2017-03-02T07:40:52: 读取文件成功
2017-03-02T07:41:02: 读取文件成功
2017-03-02T07:41:12: 读取文件成功
2017-03-02T07:41:22: 读取文件成功
2017-03-02T07:41:32: 读取文件成功
2017-03-02T07:41:42: 读取文件成功
2017-03-02T07:41:52: 读取文件成功
2017-03-02T07:42:02: 读取文件成功
2017-03-02T07:42:12: 读取文件成功
2017-03-02T07:42:22: 读取文件成功
2017-03-02T07:42:32: 读取文件成功
2017-03-02T07:42:42: 读取文件成功
2017-03-02T07:42:52: 读取文件成功
2017-03-02T07:43:02: 读取文件成功
2017-03-02T07:43:12: 读取文件成功
2017-03-02T07:43:22: 读取文件成功
2017-03-02T07:43:32: 读取文件成功
2017-03-02T07:43:42: 读取文件成功
2017-03-02T07:43:52: 读取文件成功
2017-03-02T07:44:02: 读取文件成功
2017-03-02T07:44:12: 读取文件成功
2017-03-02T07:44:22: 读取文件成功
2017-03-02T07:44:32: 读取文件成功
2017-03-02T07:44:42: 读取文件成功
2017-03-02T07:44:52: 读取文件成功
2017-03-02T07:45:02: 读取文件成功
2017-03-02T07:45:12: 读取文件成功
2017-03-02T07:45:22: 读取文件成功
2017-03-02T07:45:32: 读取文件成功
2017-03-02T07:45:42: 读取文件成功
2017-03-02T07:45:52: 读取文件成功
2017-03-02T07:46:02: 读取文件成功
2017-03-02T07:46:12: 读取文件成功
2017-03-02T07:46:22: 读取文件成功
2017-03-02T07:46:32: 读取文件成功
2017-03-02T07:46:42: 读取文件成功
2017-03-02T07:46:52: 读取文件成功
2017-03-02T07:47:02: 读取文件成功
2017-03-02T07:47:12: 读取文件成功
2017-03-02T07:47:22: 读取文件成功
2017-03-02T07:47:32: 读取文件成功
2017-03-02T07:47:42: 读取文件成功
2017-03-02T07:47:52: 读取文件成功
2017-03-02T07:48:02: 读取文件成功
2017-03-02T07:48:12: 读取文件成功
2017-03-02T07:48:22: 读取文件成功
2017-03-02T07:48:32: 读取文件成功
2017-03-02T07:48:42: 读取文件成功
2017-03-02T07:48:52: 读取文件成功
2017-03-02T07:49:02: 读取文件成功
2017-03-02T07:49:12: 读取文件成功
2017-03-02T07:49:22: 读取文件成功
2017-03-02T07:49:32: 读取文件成功
2017-03-02T07:49:42: 读取文件成功
2017-03-02T07:49:52: 读取文件成功
2017-03-02T07:50:02: 读取文件成功
2017-03-02T07:50:12: 读取文件成功
2017-03-02T07:50:22: 读取文件成功
2017-03-02T07:50:32: 读取文件成功
2017-03-02T07:50:42: 读取文件成功
2017-03-02T07:50:52: 读取文件成功
2017-03-02T07:51:02: 读取文件成功
2017-03-02T07:51:12: 读取文件成功
2017-03-02T07:51:25: 读取文件成功
2017-03-02T07:51:32: 读取文件成功
2017-03-02T07:51:43: 读取文件成功
2017-03-02T07:51:53: 读取文件成功
2017-03-02T07:52:02: 读取文件成功
2017-03-02T07:52:12: 读取文件成功
2017-03-02T07:52:22: 读取文件成功
2017-03-02T07:52:32: 读取文件成功
2017-03-02T07:52:42: 读取文件成功
2017-03-02T07:52:52: 读取文件成功
2017-03-02T07:53:02: 读取文件成功
2017-03-02T07:53:12: 读取文件成功
2017-03-02T07:53:23: 读取文件成功
2017-03-02T07:53:32: 读取文件成功
2017-03-02T07:53:42: 读取文件成功
2017-03-02T07:53:52: 读取文件成功
2017-03-02T07:54:02: 读取文件成功
2017-03-02T07:54:12: 读取文件成功
2017-03-02T07:54:22: 读取文件成功
2017-03-02T07:54:33: 读取文件成功
2017-03-02T07:54:43: 读取文件成功
2017-03-02T07:54:53: 读取文件成功
2017-03-02T07:55:03: 读取文件成功
2017-03-02T07:55:13: 读取文件成功
2017-03-02T07:55:24: 读取文件成功
2017-03-02T07:55:33: 读取文件成功
2017-03-02T07:55:43: 读取文件成功
2017-03-02T07:55:53: 读取文件成功
2017-03-02T07:56:03: 读取文件成功
2017-03-02T07:56:13: 读取文件成功
2017-03-02T07:56:23: 读取文件成功
2017-03-02T07:56:33: 读取文件成功
2017-03-02T07:56:43: 读取文件成功
2017-03-02T07:56:54: 读取文件成功
2017-03-02T07:57:03: 读取文件成功
2017-03-02T07:57:13: 读取文件成功
2017-03-02T07:57:23: 读取文件成功
2017-03-02T07:57:33: 读取文件成功
2017-03-02T07:57:43: 读取文件成功
2017-03-02T07:57:53: 读取文件成功
2017-03-02T07:58:03: 读取文件成功
2017-03-02T07:58:13: 读取文件成功
2017-03-02T07:58:23: 读取文件成功
2017-03-02T07:58:33: 读取文件成功
2017-03-02T07:58:43: 读取文件成功
2017-03-02T07:58:53: 读取文件成功
2017-03-02T07:59:03: 读取文件成功
2017-03-02T07:59:13: 读取文件成功
2017-03-02T07:59:23: 读取文件成功
2017-03-02T07:59:33: 读取文件成功
2017-03-02T07:59:43: 读取文件成功
2017-03-02T07:59:53: 读取文件成功
2017-03-02T08:00:03: 读取文件成功
2017-03-02T08:00:13: 读取文件成功
2017-03-02T08:00:23: 读取文件成功
2017-03-02T08:00:33: 读取文件成功
2017-03-02T08:00:43: 读取文件成功
2017-03-02T08:00:53: 读取文件成功
2017-03-02T08:01:03: 读取文件成功
2017-03-02T08:01:13: 读取文件成功
2017-03-02T08:01:23: 读取文件成功
2017-03-02T08:01:33: 读取文件成功
2017-03-02T08:01:43: 读取文件成功
2017-03-02T08:01:53: 读取文件成功
2017-03-02T08:02:03: 读取文件成功
2017-03-02T08:02:13: 读取文件成功
2017-03-02T08:02:23: 读取文件成功
2017-03-02T08:02:33: 读取文件成功
2017-03-02T08:02:43: 读取文件成功
2017-03-02T08:02:53: 读取文件成功
2017-03-02T08:03:03: 读取文件成功
2017-03-02T08:03:13: 读取文件成功
2017-03-02T08:03:23: 读取文件成功
2017-03-02T08:03:33: 读取文件成功
2017-03-02T08:03:43: 读取文件成功
2017-03-02T08:03:53: 读取文件成功
2017-03-02T08:04:03: 读取文件成功
2017-03-02T08:04:13: 读取文件成功
2017-03-02T08:04:23: 读取文件成功
2017-03-02T08:04:33: 读取文件成功
2017-03-02T08:04:43: 读取文件成功
2017-03-02T08:04:53: 读取文件成功
2017-03-02T08:05:03: 读取文件成功
2017-03-02T08:05:14: 读取文件成功
2017-03-02T08:05:23: 读取文件成功
2017-03-02T08:05:33: 读取文件成功
2017-03-02T08:05:43: 读取文件成功
2017-03-02T08:05:53: 读取文件成功
2017-03-02T08:06:04: 读取文件成功
2017-03-02T08:06:14: 读取文件成功
2017-03-02T08:06:23: 读取文件成功
2017-03-02T08:06:33: 读取文件成功
2017-03-02T08:06:43: 读取文件成功
2017-03-02T08:06:53: 读取文件成功
2017-03-02T08:07:03: 读取文件成功
2017-03-02T08:07:13: 读取文件成功
2017-03-02T08:07:23: 读取文件成功
2017-03-02T08:07:33: 读取文件成功
2017-03-02T08:07:43: 读取文件成功
2017-03-02T08:07:53: 读取文件成功
2017-03-02T08:08:03: 读取文件成功
2017-03-02T08:08:14: 读取文件成功
2017-03-02T08:08:24: 读取文件成功
2017-03-02T08:08:34: 读取文件成功
2017-03-02T08:08:44: 读取文件成功
2017-03-02T08:08:54: 读取文件成功
2017-03-02T08:09:04: 读取文件成功
2017-03-02T08:09:14: 读取文件成功
2017-03-02T08:09:24: 读取文件成功
2017-03-02T08:09:34: 读取文件成功
2017-03-02T08:09:44: 读取文件成功
2017-03-02T08:09:54: 读取文件成功
2017-03-02T08:10:04: 读取文件成功
2017-03-02T08:10:14: 读取文件成功
2017-03-02T08:10:24: 读取文件成功
2017-03-02T08:10:34: 读取文件成功
2017-03-02T08:10:44: 读取文件成功
2017-03-02T08:10:54: 读取文件成功
2017-03-02T08:11:04: 读取文件成功
2017-03-02T08:11:14: 读取文件成功
2017-03-02T08:11:24: 读取文件成功
2017-03-02T08:11:34: 读取文件成功
2017-03-02T08:11:45: 读取文件成功
2017-03-02T08:11:54: 读取文件成功
2017-03-02T08:12:04: 读取文件成功
2017-03-02T08:12:14: 读取文件成功
2017-03-02T08:12:24: 读取文件成功
2017-03-02T08:12:34: 读取文件成功
2017-03-02T08:12:44: 读取文件成功
2017-03-02T08:12:54: 读取文件成功
2017-03-02T08:13:04: 读取文件成功
2017-03-02T08:13:14: 读取文件成功
2017-03-02T08:13:24: 读取文件成功
2017-03-02T08:13:34: 读取文件成功
2017-03-02T08:13:44: 读取文件成功
2017-03-02T08:13:54: 读取文件成功
2017-03-02T08:14:04: 读取文件成功
2017-03-02T08:14:14: 读取文件成功
2017-03-02T08:14:24: 读取文件成功
2017-03-02T08:14:34: 读取文件成功
2017-03-02T08:14:44: 读取文件成功
2017-03-02T08:14:54: 读取文件成功
2017-03-02T08:15:04: 读取文件成功
2017-03-02T08:15:14: 读取文件成功
2017-03-02T08:15:24: 读取文件成功
2017-03-02T08:15:34: 读取文件成功
2017-03-02T08:15:44: 读取文件成功
2017-03-02T08:15:54: 读取文件成功
2017-03-02T08:16:04: 读取文件成功
2017-03-02T08:16:14: 读取文件成功
2017-03-02T08:16:24: 读取文件成功
2017-03-02T08:16:34: 读取文件成功
2017-03-02T08:16:44: 读取文件成功
2017-03-02T08:16:54: 读取文件成功
2017-03-02T08:17:04: 读取文件成功
2017-03-02T08:17:14: 读取文件成功
2017-03-02T08:17:24: 读取文件成功
2017-03-02T08:17:34: 读取文件成功
2017-03-02T08:17:45: 读取文件成功
2017-03-02T08:17:55: 读取文件成功
2017-03-02T08:18:04: 读取文件成功
2017-03-02T08:18:14: 读取文件成功
2017-03-02T08:18:24: 读取文件成功
2017-03-02T08:18:34: 读取文件成功
2017-03-02T08:18:44: 读取文件成功
2017-03-02T08:18:54: 读取文件成功
2017-03-02T08:19:04: 读取文件成功
2017-03-02T08:19:15: 读取文件成功
2017-03-02T08:19:25: 读取文件成功
2017-03-02T08:19:34: 读取文件成功
2017-03-02T08:19:44: 读取文件成功
2017-03-02T08:19:54: 读取文件成功
2017-03-02T08:20:04: 读取文件成功
2017-03-02T08:20:14: 读取文件成功
2017-03-02T08:20:24: 读取文件成功
2017-03-02T08:20:34: 读取文件成功
2017-03-02T08:20:44: 读取文件成功
2017-03-02T08:20:54: 读取文件成功
2017-03-02T08:21:04: 读取文件成功
2017-03-02T08:21:14: 读取文件成功
2017-03-02T08:21:25: 读取文件成功
2017-03-02T08:21:34: 读取文件成功
2017-03-02T08:21:44: 读取文件成功
2017-03-02T08:21:54: 读取文件成功
2017-03-02T08:22:05: 读取文件成功
2017-03-02T08:22:15: 读取文件成功
2017-03-02T08:22:25: 读取文件成功
2017-03-02T08:22:35: 读取文件成功
2017-03-02T08:22:45: 读取文件成功
2017-03-02T08:22:55: 读取文件成功
2017-03-02T08:23:05: 读取文件成功
2017-03-02T08:23:16: 读取文件成功
2017-03-02T08:23:25: 读取文件成功
2017-03-02T08:23:35: 读取文件成功
2017-03-02T08:23:45: 读取文件成功
2017-03-02T08:23:55: 读取文件成功
2017-03-02T08:24:05: 读取文件成功
2017-03-02T08:24:15: 读取文件成功
2017-03-02T08:24:26: 读取文件成功
2017-03-02T08:24:35: 读取文件成功
2017-03-02T08:24:45: 读取文件成功
2017-03-02T08:24:55: 读取文件成功
2017-03-02T08:25:05: 读取文件成功
2017-03-02T08:25:15: 读取文件成功
2017-03-02T08:25:25: 读取文件成功
2017-03-02T08:25:35: 读取文件成功
2017-03-02T08:25:45: 读取文件成功
2017-03-02T08:25:55: 读取文件成功
2017-03-02T08:26:05: 读取文件成功
2017-03-02T08:26:15: 读取文件成功
2017-03-02T08:26:26: 读取文件成功
2017-03-02T08:26:36: 读取文件成功
2017-03-02T08:26:45: 读取文件成功
2017-03-02T08:26:55: 读取文件成功
2017-03-02T08:27:05: 读取文件成功
2017-03-02T08:27:15: 读取文件成功
2017-03-02T08:27:25: 读取文件成功
2017-03-02T08:27:35: 读取文件成功
2017-03-02T08:27:45: 读取文件成功
2017-03-02T08:27:55: 读取文件成功
2017-03-02T08:28:05: 读取文件成功
2017-03-02T08:28:15: 读取文件成功
2017-03-02T08:28:25: 读取文件成功
2017-03-02T08:28:35: 读取文件成功
2017-03-02T08:28:45: 读取文件成功
2017-03-02T08:28:55: 读取文件成功
2017-03-02T08:29:05: 读取文件成功
