2017-07-03T00:00:17: 非记录时间：2017-07-03T00:00:17+08:00
2017-07-03T00:01:17: 非记录时间：2017-07-03T00:01:17+08:00
2017-07-03T00:02:17: 非记录时间：2017-07-03T00:02:17+08:00
2017-07-03T00:03:17: 非记录时间：2017-07-03T00:03:17+08:00
2017-07-03T00:04:17: 非记录时间：2017-07-03T00:04:17+08:00
2017-07-03T00:05:17: 非记录时间：2017-07-03T00:05:17+08:00
2017-07-03T00:06:17: 非记录时间：2017-07-03T00:06:17+08:00
2017-07-03T00:07:17: 非记录时间：2017-07-03T00:07:17+08:00
2017-07-03T00:08:17: 非记录时间：2017-07-03T00:08:17+08:00
2017-07-03T00:09:17: 非记录时间：2017-07-03T00:09:17+08:00
2017-07-03T00:10:17: 非记录时间：2017-07-03T00:10:17+08:00
2017-07-03T00:11:17: 非记录时间：2017-07-03T00:11:17+08:00
2017-07-03T00:12:17: 非记录时间：2017-07-03T00:12:17+08:00
2017-07-03T00:13:17: 非记录时间：2017-07-03T00:13:17+08:00
2017-07-03T00:14:17: 非记录时间：2017-07-03T00:14:17+08:00
2017-07-03T00:15:17: 非记录时间：2017-07-03T00:15:17+08:00
2017-07-03T00:16:17: 非记录时间：2017-07-03T00:16:17+08:00
2017-07-03T00:17:17: 非记录时间：2017-07-03T00:17:17+08:00
2017-07-03T00:18:17: 非记录时间：2017-07-03T00:18:17+08:00
2017-07-03T00:19:17: 非记录时间：2017-07-03T00:19:17+08:00
2017-07-03T00:20:17: 非记录时间：2017-07-03T00:20:17+08:00
2017-07-03T00:21:17: 非记录时间：2017-07-03T00:21:17+08:00
2017-07-03T00:22:17: 非记录时间：2017-07-03T00:22:17+08:00
2017-07-03T00:23:17: 非记录时间：2017-07-03T00:23:17+08:00
2017-07-03T00:24:17: 非记录时间：2017-07-03T00:24:17+08:00
2017-07-03T00:25:17: 非记录时间：2017-07-03T00:25:17+08:00
2017-07-03T00:26:17: 非记录时间：2017-07-03T00:26:17+08:00
2017-07-03T00:27:17: 非记录时间：2017-07-03T00:27:17+08:00
2017-07-03T00:28:17: 非记录时间：2017-07-03T00:28:17+08:00
2017-07-03T00:29:17: 非记录时间：2017-07-03T00:29:17+08:00
2017-07-03T00:30:17: 非记录时间：2017-07-03T00:30:17+08:00
2017-07-03T00:31:17: 非记录时间：2017-07-03T00:31:17+08:00
2017-07-03T00:32:17: 非记录时间：2017-07-03T00:32:17+08:00
2017-07-03T00:33:17: 非记录时间：2017-07-03T00:33:17+08:00
2017-07-03T00:34:17: 非记录时间：2017-07-03T00:34:17+08:00
2017-07-03T00:35:17: 非记录时间：2017-07-03T00:35:17+08:00
2017-07-03T00:36:17: 非记录时间：2017-07-03T00:36:17+08:00
2017-07-03T00:37:17: 非记录时间：2017-07-03T00:37:17+08:00
2017-07-03T00:38:17: 非记录时间：2017-07-03T00:38:17+08:00
2017-07-03T00:39:17: 非记录时间：2017-07-03T00:39:17+08:00
2017-07-03T00:40:17: 非记录时间：2017-07-03T00:40:17+08:00
2017-07-03T00:41:17: 非记录时间：2017-07-03T00:41:17+08:00
2017-07-03T00:42:17: 非记录时间：2017-07-03T00:42:17+08:00
2017-07-03T00:43:17: 非记录时间：2017-07-03T00:43:17+08:00
2017-07-03T00:44:17: 非记录时间：2017-07-03T00:44:17+08:00
2017-07-03T00:45:17: 非记录时间：2017-07-03T00:45:17+08:00
2017-07-03T00:46:17: 非记录时间：2017-07-03T00:46:17+08:00
2017-07-03T00:47:17: 非记录时间：2017-07-03T00:47:17+08:00
2017-07-03T00:48:17: 非记录时间：2017-07-03T00:48:17+08:00
2017-07-03T00:49:17: 非记录时间：2017-07-03T00:49:17+08:00
2017-07-03T00:50:17: 非记录时间：2017-07-03T00:50:17+08:00
2017-07-03T00:51:17: 非记录时间：2017-07-03T00:51:17+08:00
2017-07-03T00:52:17: 非记录时间：2017-07-03T00:52:17+08:00
2017-07-03T00:53:17: 非记录时间：2017-07-03T00:53:17+08:00
2017-07-03T00:54:17: 非记录时间：2017-07-03T00:54:17+08:00
2017-07-03T00:55:17: 非记录时间：2017-07-03T00:55:17+08:00
2017-07-03T00:56:17: 非记录时间：2017-07-03T00:56:17+08:00
2017-07-03T00:57:17: 非记录时间：2017-07-03T00:57:17+08:00
2017-07-03T00:58:17: 非记录时间：2017-07-03T00:58:17+08:00
2017-07-03T00:59:17: 非记录时间：2017-07-03T00:59:17+08:00
2017-07-03T01:00:17: 非记录时间：2017-07-03T01:00:17+08:00
2017-07-03T01:01:17: 非记录时间：2017-07-03T01:01:17+08:00
2017-07-03T01:02:17: 非记录时间：2017-07-03T01:02:17+08:00
2017-07-03T01:03:17: 非记录时间：2017-07-03T01:03:17+08:00
2017-07-03T01:04:17: 非记录时间：2017-07-03T01:04:17+08:00
2017-07-03T01:05:17: 非记录时间：2017-07-03T01:05:17+08:00
2017-07-03T01:06:17: 非记录时间：2017-07-03T01:06:17+08:00
2017-07-03T01:07:17: 非记录时间：2017-07-03T01:07:17+08:00
2017-07-03T01:08:17: 非记录时间：2017-07-03T01:08:17+08:00
2017-07-03T01:09:17: 非记录时间：2017-07-03T01:09:17+08:00
2017-07-03T01:10:17: 非记录时间：2017-07-03T01:10:17+08:00
2017-07-03T01:11:18: 读取文件失败，可能是该文件不存在
2017-07-03T01:11:18: Error: ENOENT: no such file or directory, open './data/2017-07-03.json'
2017-07-03T01:12:18: 读取文件成功
2017-07-03T01:13:18: 读取文件成功
2017-07-03T01:14:18: 读取文件成功
2017-07-03T01:15:18: 读取文件成功
2017-07-03T01:16:18: 读取文件成功
2017-07-03T01:17:18: 读取文件成功
2017-07-03T01:18:18: 读取文件成功
2017-07-03T01:19:18: 读取文件成功
2017-07-03T01:20:18: 读取文件成功
2017-07-03T01:21:18: 读取文件成功
2017-07-03T01:22:18: 读取文件成功
2017-07-03T01:23:18: 读取文件成功
2017-07-03T01:24:18: 读取文件成功
2017-07-03T01:25:18: 读取文件成功
2017-07-03T01:26:18: 读取文件成功
2017-07-03T01:27:18: 读取文件成功
2017-07-03T01:28:18: 读取文件成功
2017-07-03T01:29:18: 读取文件成功
2017-07-03T01:30:18: 读取文件成功
2017-07-03T01:31:18: 读取文件成功
2017-07-03T01:32:18: 读取文件成功
2017-07-03T01:33:18: 读取文件成功
2017-07-03T01:34:18: 读取文件成功
2017-07-03T01:35:18: 读取文件成功
2017-07-03T01:36:18: 读取文件成功
2017-07-03T01:37:18: 读取文件成功
2017-07-03T01:38:18: 读取文件成功
2017-07-03T01:39:18: 读取文件成功
2017-07-03T01:40:18: 读取文件成功
2017-07-03T01:41:18: 读取文件成功
2017-07-03T01:42:18: 读取文件成功
2017-07-03T01:43:18: 读取文件成功
2017-07-03T01:44:18: 读取文件成功
2017-07-03T01:45:18: 读取文件成功
2017-07-03T01:46:18: 读取文件成功
2017-07-03T01:47:18: 读取文件成功
2017-07-03T01:48:18: 读取文件成功
2017-07-03T01:49:18: 读取文件成功
2017-07-03T01:50:18: 读取文件成功
2017-07-03T01:51:18: 读取文件成功
2017-07-03T01:52:18: 读取文件成功
2017-07-03T01:53:18: 读取文件成功
2017-07-03T01:54:18: 读取文件成功
2017-07-03T01:55:18: 读取文件成功
2017-07-03T01:56:18: 读取文件成功
2017-07-03T01:57:18: 读取文件成功
2017-07-03T01:58:18: 读取文件成功
2017-07-03T01:59:18: 读取文件成功
2017-07-03T02:00:18: 读取文件成功
2017-07-03T02:01:18: 读取文件成功
2017-07-03T02:02:18: 读取文件成功
2017-07-03T02:03:18: 读取文件成功
2017-07-03T02:04:18: 读取文件成功
2017-07-03T02:05:18: 读取文件成功
2017-07-03T02:06:18: 读取文件成功
2017-07-03T02:07:18: 读取文件成功
2017-07-03T02:08:18: 读取文件成功
2017-07-03T02:09:18: 读取文件成功
2017-07-03T02:10:18: 读取文件成功
2017-07-03T02:11:18: 读取文件成功
2017-07-03T02:12:18: 读取文件成功
2017-07-03T02:13:18: 读取文件成功
2017-07-03T02:14:18: 读取文件成功
2017-07-03T02:15:18: 读取文件成功
2017-07-03T02:16:18: 读取文件成功
2017-07-03T02:17:18: 读取文件成功
2017-07-03T02:18:18: 读取文件成功
2017-07-03T02:19:18: 读取文件成功
2017-07-03T02:20:18: 读取文件成功
2017-07-03T02:21:18: 读取文件成功
2017-07-03T02:22:18: 读取文件成功
2017-07-03T02:23:18: 读取文件成功
2017-07-03T02:24:18: 读取文件成功
2017-07-03T02:25:18: 读取文件成功
2017-07-03T02:26:18: 读取文件成功
2017-07-03T02:27:18: 读取文件成功
2017-07-03T02:28:19: 读取文件成功
2017-07-03T02:29:18: 读取文件成功
2017-07-03T02:30:18: 读取文件成功
2017-07-03T02:31:18: 读取文件成功
2017-07-03T02:32:18: 读取文件成功
2017-07-03T02:33:18: 读取文件成功
2017-07-03T02:34:19: 读取文件成功
2017-07-03T02:35:18: 读取文件成功
2017-07-03T02:36:18: 读取文件成功
2017-07-03T02:37:18: 读取文件成功
2017-07-03T02:38:18: 读取文件成功
2017-07-03T02:39:18: 读取文件成功
2017-07-03T02:40:19: 读取文件成功
2017-07-03T02:41:18: 读取文件成功
2017-07-03T02:42:18: 读取文件成功
2017-07-03T02:43:18: 读取文件成功
2017-07-03T02:44:18: 读取文件成功
2017-07-03T02:45:19: 读取文件成功
2017-07-03T02:46:19: 读取文件成功
2017-07-03T02:47:19: 读取文件成功
2017-07-03T02:48:19: 读取文件成功
2017-07-03T02:49:19: 读取文件成功
2017-07-03T02:50:19: 读取文件成功
2017-07-03T02:51:19: 读取文件成功
2017-07-03T02:52:19: 读取文件成功
2017-07-03T02:53:19: 读取文件成功
2017-07-03T02:54:19: 读取文件成功
2017-07-03T02:55:19: 读取文件成功
2017-07-03T02:56:19: 读取文件成功
2017-07-03T02:57:19: 读取文件成功
2017-07-03T02:58:19: 读取文件成功
2017-07-03T02:59:19: 读取文件成功
2017-07-03T03:00:19: 读取文件成功
2017-07-03T03:01:19: 读取文件成功
2017-07-03T03:02:19: 读取文件成功
2017-07-03T03:03:19: 读取文件成功
2017-07-03T03:04:19: 读取文件成功
2017-07-03T03:05:19: 读取文件成功
2017-07-03T03:06:19: 读取文件成功
2017-07-03T03:07:19: 读取文件成功
2017-07-03T03:08:19: 读取文件成功
2017-07-03T03:09:19: 读取文件成功
2017-07-03T03:10:19: 读取文件成功
2017-07-03T03:11:19: 读取文件成功
2017-07-03T03:12:19: 读取文件成功
2017-07-03T03:13:19: 读取文件成功
2017-07-03T03:14:19: 读取文件成功
2017-07-03T03:15:19: 读取文件成功
2017-07-03T03:16:19: 读取文件成功
2017-07-03T03:17:19: 读取文件成功
2017-07-03T03:18:19: 读取文件成功
2017-07-03T03:19:19: 读取文件成功
2017-07-03T03:20:19: 读取文件成功
2017-07-03T03:21:19: 读取文件成功
2017-07-03T03:22:19: 读取文件成功
2017-07-03T03:23:19: 读取文件成功
2017-07-03T03:24:19: 读取文件成功
2017-07-03T03:25:19: 读取文件成功
2017-07-03T03:26:19: 读取文件成功
2017-07-03T03:27:19: 读取文件成功
2017-07-03T03:28:19: 读取文件成功
2017-07-03T03:29:19: 读取文件成功
2017-07-03T03:30:19: 读取文件成功
2017-07-03T03:31:19: 读取文件成功
2017-07-03T03:32:19: 读取文件成功
2017-07-03T03:33:19: 读取文件成功
2017-07-03T03:34:19: 读取文件成功
2017-07-03T03:35:19: 读取文件成功
2017-07-03T03:36:19: 读取文件成功
2017-07-03T03:37:19: 读取文件成功
2017-07-03T03:38:19: 读取文件成功
2017-07-03T03:39:19: 读取文件成功
2017-07-03T03:40:19: 读取文件成功
2017-07-03T03:41:19: 读取文件成功
2017-07-03T03:42:19: 读取文件成功
2017-07-03T03:43:19: 读取文件成功
2017-07-03T03:44:19: 读取文件成功
2017-07-03T03:45:19: 读取文件成功
2017-07-03T03:46:19: 读取文件成功
2017-07-03T03:47:19: 读取文件成功
2017-07-03T03:48:19: 读取文件成功
2017-07-03T03:49:19: 读取文件成功
2017-07-03T03:50:19: 读取文件成功
2017-07-03T03:51:19: 读取文件成功
2017-07-03T03:52:19: 读取文件成功
2017-07-03T03:53:19: 读取文件成功
2017-07-03T03:54:19: 读取文件成功
2017-07-03T03:55:19: 读取文件成功
2017-07-03T03:56:19: 读取文件成功
2017-07-03T03:57:19: 读取文件成功
2017-07-03T03:58:19: 读取文件成功
2017-07-03T03:59:19: 读取文件成功
2017-07-03T04:00:19: 读取文件成功
2017-07-03T04:01:19: 读取文件成功
2017-07-03T04:02:19: 读取文件成功
2017-07-03T04:03:19: 读取文件成功
2017-07-03T04:04:19: 读取文件成功
2017-07-03T04:05:19: 读取文件成功
2017-07-03T04:06:19: 读取文件成功
2017-07-03T04:07:19: 读取文件成功
2017-07-03T04:08:19: 读取文件成功
2017-07-03T04:09:19: 读取文件成功
2017-07-03T04:10:19: 读取文件成功
2017-07-03T04:11:19: 读取文件成功
2017-07-03T04:12:19: 读取文件成功
2017-07-03T04:13:19: 读取文件成功
2017-07-03T04:14:19: 读取文件成功
2017-07-03T04:15:20: 读取文件成功
2017-07-03T04:16:19: 读取文件成功
2017-07-03T04:17:19: 读取文件成功
2017-07-03T04:18:19: 读取文件成功
2017-07-03T04:19:19: 读取文件成功
2017-07-03T04:20:19: 读取文件成功
2017-07-03T04:21:25: 读取文件成功
2017-07-03T04:22:19: 读取文件成功
2017-07-03T04:23:19: 读取文件成功
2017-07-03T04:24:19: 读取文件成功
2017-07-03T04:25:19: 读取文件成功
2017-07-03T04:26:19: 读取文件成功
2017-07-03T04:27:20: 读取文件成功
2017-07-03T04:28:19: 读取文件成功
2017-07-03T04:29:19: 读取文件成功
2017-07-03T04:30:19: 读取文件成功
2017-07-03T04:31:19: 读取文件成功
2017-07-03T04:32:19: 读取文件成功
2017-07-03T04:33:20: 读取文件成功
2017-07-03T04:34:20: 读取文件成功
2017-07-03T04:35:20: 读取文件成功
2017-07-03T04:36:20: 读取文件成功
2017-07-03T04:37:20: 读取文件成功
2017-07-03T04:38:20: 读取文件成功
2017-07-03T04:39:20: 读取文件成功
2017-07-03T04:40:20: 读取文件成功
2017-07-03T04:41:20: 读取文件成功
2017-07-03T04:42:20: 读取文件成功
2017-07-03T04:43:20: 读取文件成功
2017-07-03T04:44:20: 读取文件成功
2017-07-03T04:45:20: 读取文件成功
2017-07-03T04:46:20: 读取文件成功
2017-07-03T04:47:20: 读取文件成功
2017-07-03T04:48:20: 读取文件成功
2017-07-03T04:49:20: 读取文件成功
2017-07-03T04:50:20: 读取文件成功
2017-07-03T04:51:20: 读取文件成功
2017-07-03T04:52:20: 读取文件成功
2017-07-03T04:53:20: 读取文件成功
2017-07-03T04:54:20: 读取文件成功
2017-07-03T04:55:20: 读取文件成功
2017-07-03T04:56:20: 读取文件成功
2017-07-03T04:57:20: 读取文件成功
2017-07-03T04:58:20: 读取文件成功
2017-07-03T04:59:20: 读取文件成功
2017-07-03T05:00:20: 读取文件成功
2017-07-03T05:01:20: 读取文件成功
2017-07-03T05:02:20: 读取文件成功
2017-07-03T05:03:20: 读取文件成功
2017-07-03T05:04:20: 读取文件成功
2017-07-03T05:05:20: 读取文件成功
2017-07-03T05:06:20: 读取文件成功
2017-07-03T05:07:20: 读取文件成功
2017-07-03T05:08:20: 读取文件成功
2017-07-03T05:09:20: 读取文件成功
2017-07-03T05:10:20: 读取文件成功
2017-07-03T05:11:20: 读取文件成功
2017-07-03T05:12:20: 读取文件成功
2017-07-03T05:13:20: 读取文件成功
2017-07-03T05:14:20: 读取文件成功
2017-07-03T05:15:20: 读取文件成功
2017-07-03T05:16:20: 读取文件成功
2017-07-03T05:17:20: 读取文件成功
2017-07-03T05:18:20: 读取文件成功
2017-07-03T05:19:20: 读取文件成功
2017-07-03T05:20:20: 读取文件成功
2017-07-03T05:21:20: 读取文件成功
2017-07-03T05:22:20: 读取文件成功
2017-07-03T05:23:20: 读取文件成功
2017-07-03T05:24:20: 读取文件成功
2017-07-03T05:25:20: 读取文件成功
2017-07-03T05:26:20: 读取文件成功
2017-07-03T05:27:20: 读取文件成功
2017-07-03T05:28:20: 读取文件成功
2017-07-03T05:29:20: 读取文件成功
2017-07-03T05:30:20: 读取文件成功
2017-07-03T05:31:20: 读取文件成功
2017-07-03T05:32:20: 读取文件成功
2017-07-03T05:33:20: 读取文件成功
2017-07-03T05:34:20: 读取文件成功
2017-07-03T05:35:20: 读取文件成功
2017-07-03T05:36:20: 读取文件成功
2017-07-03T05:37:20: 读取文件成功
2017-07-03T05:38:20: 读取文件成功
2017-07-03T05:39:20: 读取文件成功
2017-07-03T05:40:20: 读取文件成功
2017-07-03T05:41:20: 读取文件成功
2017-07-03T05:42:20: 读取文件成功
2017-07-03T05:43:20: 读取文件成功
2017-07-03T05:44:20: 读取文件成功
2017-07-03T05:45:20: 读取文件成功
2017-07-03T05:46:20: 读取文件成功
2017-07-03T05:47:20: 读取文件成功
2017-07-03T05:48:20: 读取文件成功
2017-07-03T05:49:20: 读取文件成功
2017-07-03T05:50:20: 读取文件成功
2017-07-03T05:51:20: 读取文件成功
2017-07-03T05:52:20: 读取文件成功
2017-07-03T05:53:20: 读取文件成功
2017-07-03T05:54:20: 读取文件成功
2017-07-03T05:55:20: 读取文件成功
2017-07-03T05:56:20: 读取文件成功
2017-07-03T05:57:20: 读取文件成功
2017-07-03T05:58:20: 读取文件成功
2017-07-03T05:59:20: 读取文件成功
2017-07-03T06:00:20: 读取文件成功
2017-07-03T06:01:20: 读取文件成功
2017-07-03T06:02:20: 读取文件成功
2017-07-03T06:03:20: 读取文件成功
2017-07-03T06:04:20: 读取文件成功
2017-07-03T06:05:20: 读取文件成功
2017-07-03T06:06:20: 读取文件成功
2017-07-03T06:07:20: 读取文件成功
2017-07-03T06:08:21: 读取文件成功
2017-07-03T06:09:20: 读取文件成功
2017-07-03T06:10:20: 读取文件成功
2017-07-03T06:11:20: 读取文件成功
2017-07-03T06:12:20: 读取文件成功
2017-07-03T06:13:20: 读取文件成功
2017-07-03T06:14:21: 读取文件成功
2017-07-03T06:15:20: 读取文件成功
2017-07-03T06:16:20: 读取文件成功
2017-07-03T06:17:20: 读取文件成功
2017-07-03T06:18:20: 读取文件成功
2017-07-03T06:19:20: 读取文件成功
2017-07-03T06:20:21: 读取文件成功
2017-07-03T06:21:21: 读取文件成功
2017-07-03T06:22:20: 读取文件成功
2017-07-03T06:23:21: 读取文件成功
2017-07-03T06:24:20: 读取文件成功
2017-07-03T06:25:21: 读取文件成功
2017-07-03T06:26:21: 读取文件成功
2017-07-03T06:27:21: 读取文件成功
2017-07-03T06:28:21: 读取文件成功
2017-07-03T06:29:21: 读取文件成功
2017-07-03T06:30:21: 读取文件成功
2017-07-03T06:31:21: 读取文件成功
2017-07-03T06:32:21: 读取文件成功
2017-07-03T06:33:21: 读取文件成功
2017-07-03T06:34:21: 读取文件成功
2017-07-03T06:35:21: 读取文件成功
2017-07-03T06:36:21: 读取文件成功
2017-07-03T06:37:21: 读取文件成功
2017-07-03T06:38:21: 读取文件成功
2017-07-03T06:39:21: 读取文件成功
2017-07-03T06:40:21: 读取文件成功
2017-07-03T06:41:21: 读取文件成功
2017-07-03T06:42:21: 读取文件成功
2017-07-03T06:43:21: 读取文件成功
2017-07-03T06:44:21: 读取文件成功
2017-07-03T06:45:21: 读取文件成功
2017-07-03T06:46:21: 读取文件成功
2017-07-03T06:47:21: 读取文件成功
2017-07-03T06:48:21: 读取文件成功
2017-07-03T06:49:21: 读取文件成功
2017-07-03T06:50:21: 读取文件成功
2017-07-03T06:51:21: 读取文件成功
2017-07-03T06:52:21: 读取文件成功
2017-07-03T06:53:21: 读取文件成功
2017-07-03T06:54:21: 读取文件成功
2017-07-03T06:55:21: 读取文件成功
2017-07-03T06:56:21: 读取文件成功
2017-07-03T06:57:21: 读取文件成功
2017-07-03T06:58:21: 读取文件成功
2017-07-03T06:59:21: 读取文件成功
2017-07-03T07:00:21: 读取文件成功
2017-07-03T07:01:21: 读取文件成功
2017-07-03T07:02:21: 读取文件成功
2017-07-03T07:03:21: 读取文件成功
2017-07-03T07:04:21: 读取文件成功
2017-07-03T07:05:21: 读取文件成功
2017-07-03T07:06:21: 读取文件成功
2017-07-03T07:07:21: 读取文件成功
2017-07-03T07:08:21: 读取文件成功
2017-07-03T07:09:21: 读取文件成功
2017-07-03T07:10:21: 读取文件成功
2017-07-03T07:11:21: 读取文件成功
2017-07-03T07:12:21: 读取文件成功
2017-07-03T07:13:21: 读取文件成功
2017-07-03T07:14:21: 读取文件成功
2017-07-03T07:15:21: 读取文件成功
2017-07-03T07:16:21: 读取文件成功
2017-07-03T07:17:21: 读取文件成功
2017-07-03T07:18:21: 读取文件成功
2017-07-03T07:19:21: 读取文件成功
2017-07-03T07:20:21: 读取文件成功
2017-07-03T07:21:21: 读取文件成功
2017-07-03T07:22:21: 读取文件成功
2017-07-03T07:23:21: 读取文件成功
2017-07-03T07:24:21: 读取文件成功
2017-07-03T07:25:21: 读取文件成功
2017-07-03T07:26:21: 读取文件成功
2017-07-03T07:27:21: 读取文件成功
2017-07-03T07:28:21: 读取文件成功
2017-07-03T07:29:21: 读取文件成功
2017-07-03T07:30:21: 读取文件成功
2017-07-03T07:31:21: 读取文件成功
2017-07-03T07:32:21: 读取文件成功
2017-07-03T07:33:21: 读取文件成功
2017-07-03T07:34:21: 读取文件成功
2017-07-03T07:35:21: 读取文件成功
2017-07-03T07:36:21: 读取文件成功
2017-07-03T07:37:21: 读取文件成功
2017-07-03T07:38:21: 读取文件成功
2017-07-03T07:39:21: 读取文件成功
2017-07-03T07:40:21: 读取文件成功
2017-07-03T07:41:21: 读取文件成功
2017-07-03T07:42:21: 读取文件成功
2017-07-03T07:43:21: 读取文件成功
2017-07-03T07:44:21: 读取文件成功
2017-07-03T07:45:21: 读取文件成功
2017-07-03T07:46:21: 读取文件成功
2017-07-03T07:47:21: 读取文件成功
2017-07-03T07:48:21: 读取文件成功
2017-07-03T07:49:21: 读取文件成功
2017-07-03T07:50:21: 读取文件成功
2017-07-03T07:51:21: 读取文件成功
2017-07-03T07:52:21: 读取文件成功
2017-07-03T07:53:21: 读取文件成功
2017-07-03T07:54:21: 读取文件成功
2017-07-03T07:55:22: 读取文件成功
2017-07-03T07:56:21: 读取文件成功
2017-07-03T07:57:21: 读取文件成功
2017-07-03T07:58:21: 读取文件成功
2017-07-03T07:59:21: 读取文件成功
2017-07-03T08:00:21: 读取文件成功
2017-07-03T08:01:22: 读取文件成功
2017-07-03T08:02:21: 读取文件成功
2017-07-03T08:03:21: 读取文件成功
2017-07-03T08:04:21: 读取文件成功
2017-07-03T08:05:21: 读取文件成功
2017-07-03T08:06:21: 读取文件成功
2017-07-03T08:07:22: 读取文件成功
2017-07-03T08:08:21: 读取文件成功
2017-07-03T08:09:21: 读取文件成功
2017-07-03T08:10:21: 读取文件成功
2017-07-03T08:11:22: 读取文件成功
2017-07-03T08:12:22: 读取文件成功
2017-07-03T08:13:22: 读取文件成功
2017-07-03T08:14:22: 读取文件成功
2017-07-03T08:15:22: 读取文件成功
2017-07-03T08:16:22: 读取文件成功
2017-07-03T08:17:22: 读取文件成功
2017-07-03T08:18:22: 读取文件成功
2017-07-03T08:19:22: 读取文件成功
2017-07-03T08:20:22: 读取文件成功
2017-07-03T08:21:22: 读取文件成功
2017-07-03T08:22:22: 读取文件成功
2017-07-03T08:23:22: 读取文件成功
2017-07-03T08:24:22: 读取文件成功
2017-07-03T08:25:22: 读取文件成功
2017-07-03T08:26:22: 读取文件成功
2017-07-03T08:27:22: 读取文件成功
2017-07-03T08:28:22: 读取文件成功
2017-07-03T08:29:22: 读取文件成功
2017-07-03T08:30:22: 读取文件成功
2017-07-03T08:31:22: 读取文件成功
2017-07-03T08:32:22: 读取文件成功
2017-07-03T08:33:22: 读取文件成功
2017-07-03T08:34:22: 读取文件成功
2017-07-03T08:35:22: 读取文件成功
2017-07-03T08:36:22: 读取文件成功
2017-07-03T08:37:22: 读取文件成功
2017-07-03T08:38:22: 读取文件成功
2017-07-03T08:39:22: 读取文件成功
2017-07-03T08:40:22: 读取文件成功
2017-07-03T08:41:22: 读取文件成功
2017-07-03T08:42:22: 读取文件成功
2017-07-03T08:43:22: 读取文件成功
2017-07-03T08:44:22: 读取文件成功
2017-07-03T08:45:22: 读取文件成功
2017-07-03T08:46:22: 读取文件成功
2017-07-03T08:47:22: 读取文件成功
2017-07-03T08:48:22: 读取文件成功
2017-07-03T08:49:22: 读取文件成功
2017-07-03T08:50:22: 读取文件成功
2017-07-03T08:51:22: 读取文件成功
2017-07-03T08:52:22: 读取文件成功
2017-07-03T08:53:22: 读取文件成功
2017-07-03T08:54:22: 读取文件成功
2017-07-03T08:55:22: 读取文件成功
2017-07-03T08:56:22: 读取文件成功
2017-07-03T08:57:22: 读取文件成功
2017-07-03T08:58:22: 读取文件成功
2017-07-03T08:59:22: 读取文件成功
2017-07-03T09:00:22: 读取文件成功
2017-07-03T09:01:22: 读取文件成功
2017-07-03T09:02:22: 读取文件成功
2017-07-03T09:03:22: 读取文件成功
2017-07-03T09:04:22: 读取文件成功
2017-07-03T09:05:22: 读取文件成功
2017-07-03T09:06:22: 读取文件成功
2017-07-03T09:07:22: 读取文件成功
2017-07-03T09:08:22: 读取文件成功
2017-07-03T09:09:22: 读取文件成功
2017-07-03T09:10:22: 读取文件成功
2017-07-03T09:11:22: 读取文件成功
2017-07-03T09:12:22: 读取文件成功
2017-07-03T09:13:22: 读取文件成功
2017-07-03T09:14:22: 读取文件成功
2017-07-03T09:15:22: 读取文件成功
2017-07-03T09:16:22: 读取文件成功
2017-07-03T09:17:22: 读取文件成功
2017-07-03T09:18:22: 读取文件成功
2017-07-03T09:19:22: 读取文件成功
2017-07-03T09:20:22: 读取文件成功
2017-07-03T09:21:22: 读取文件成功
2017-07-03T09:22:22: 读取文件成功
2017-07-03T09:23:22: 读取文件成功
2017-07-03T09:24:22: 读取文件成功
2017-07-03T09:25:22: 读取文件成功
2017-07-03T09:26:22: 读取文件成功
2017-07-03T09:27:22: 读取文件成功
2017-07-03T09:28:22: 读取文件成功
2017-07-03T09:29:22: 读取文件成功
2017-07-03T09:30:22: 读取文件成功
2017-07-03T09:31:22: 读取文件成功
2017-07-03T09:32:23: 读取文件成功
2017-07-03T09:33:22: 读取文件成功
2017-07-03T09:34:22: 读取文件成功
2017-07-03T09:35:22: 读取文件成功
2017-07-03T09:36:23: 读取文件成功
2017-07-03T09:37:22: 读取文件成功
2017-07-03T09:38:22: 读取文件成功
2017-07-03T09:39:22: 读取文件成功
2017-07-03T09:40:22: 读取文件成功
2017-07-03T09:41:22: 读取文件成功
2017-07-03T09:42:22: 读取文件成功
2017-07-03T09:43:22: 读取文件成功
2017-07-03T09:44:22: 读取文件成功
2017-07-03T09:45:22: 读取文件成功
2017-07-03T09:46:22: 读取文件成功
2017-07-03T09:47:22: 读取文件成功
2017-07-03T09:48:23: 读取文件成功
2017-07-03T09:49:22: 读取文件成功
2017-07-03T09:50:22: 读取文件成功
2017-07-03T09:51:22: 读取文件成功
2017-07-03T09:52:22: 读取文件成功
2017-07-03T09:53:22: 读取文件成功
2017-07-03T09:54:23: 读取文件成功
2017-07-03T09:55:22: 读取文件成功
2017-07-03T09:56:22: 读取文件成功
2017-07-03T09:57:23: 读取文件成功
2017-07-03T09:58:22: 读取文件成功
2017-07-03T09:59:22: 读取文件成功
2017-07-03T10:00:23: 读取文件成功
2017-07-03T10:01:23: 读取文件成功
2017-07-03T10:02:23: 读取文件成功
2017-07-03T10:03:23: 读取文件成功
2017-07-03T10:04:23: 读取文件成功
2017-07-03T10:05:23: 读取文件成功
2017-07-03T10:06:23: 读取文件成功
2017-07-03T10:07:23: 读取文件成功
2017-07-03T10:08:23: 读取文件成功
2017-07-03T10:09:23: 读取文件成功
2017-07-03T10:10:23: 读取文件成功
2017-07-03T10:11:23: 读取文件成功
2017-07-03T10:12:23: 读取文件成功
2017-07-03T10:13:23: 读取文件成功
2017-07-03T10:14:23: 读取文件成功
2017-07-03T10:15:23: 读取文件成功
2017-07-03T10:16:23: 读取文件成功
2017-07-03T10:17:23: 读取文件成功
2017-07-03T10:18:23: 读取文件成功
2017-07-03T10:19:23: 读取文件成功
2017-07-03T10:20:23: 读取文件成功
2017-07-03T10:21:23: 读取文件成功
2017-07-03T10:22:23: 读取文件成功
2017-07-03T10:23:23: 读取文件成功
2017-07-03T10:24:23: 读取文件成功
2017-07-03T10:25:23: 读取文件成功
2017-07-03T10:26:23: 读取文件成功
2017-07-03T10:27:23: 读取文件成功
2017-07-03T10:28:23: 读取文件成功
2017-07-03T10:29:23: 读取文件成功
2017-07-03T10:30:23: 读取文件成功
2017-07-03T10:31:23: 读取文件成功
2017-07-03T10:32:23: 读取文件成功
2017-07-03T10:33:23: 读取文件成功
2017-07-03T10:34:23: 读取文件成功
2017-07-03T10:35:23: 读取文件成功
2017-07-03T10:36:23: 读取文件成功
2017-07-03T10:37:23: 读取文件成功
2017-07-03T10:38:23: 读取文件成功
2017-07-03T10:39:23: 读取文件成功
2017-07-03T10:40:23: 读取文件成功
2017-07-03T10:41:23: 读取文件成功
2017-07-03T10:42:23: 读取文件成功
2017-07-03T10:43:23: 读取文件成功
2017-07-03T10:44:23: 读取文件成功
2017-07-03T10:45:23: 读取文件成功
2017-07-03T10:46:23: 读取文件成功
2017-07-03T10:47:23: 读取文件成功
2017-07-03T10:48:23: 读取文件成功
2017-07-03T10:49:23: 读取文件成功
2017-07-03T10:50:23: 读取文件成功
2017-07-03T10:51:23: 读取文件成功
2017-07-03T10:52:23: 读取文件成功
2017-07-03T10:53:23: 读取文件成功
2017-07-03T10:54:23: 读取文件成功
2017-07-03T10:55:23: 读取文件成功
2017-07-03T10:56:23: 读取文件成功
2017-07-03T10:57:23: 读取文件成功
2017-07-03T10:58:23: 读取文件成功
2017-07-03T10:59:23: 读取文件成功
2017-07-03T11:00:23: 读取文件成功
2017-07-03T11:01:23: 读取文件成功
2017-07-03T11:02:23: 读取文件成功
2017-07-03T11:03:23: 读取文件成功
2017-07-03T11:04:23: 读取文件成功
2017-07-03T11:05:23: 读取文件成功
2017-07-03T11:06:23: 读取文件成功
2017-07-03T11:07:23: 读取文件成功
2017-07-03T11:08:23: 读取文件成功
2017-07-03T11:09:23: 读取文件成功
2017-07-03T11:10:23: 读取文件成功
2017-07-03T11:11:23: 读取文件成功
2017-07-03T11:12:23: 读取文件成功
2017-07-03T11:13:23: 读取文件成功
2017-07-03T11:14:23: 读取文件成功
2017-07-03T11:15:23: 读取文件成功
2017-07-03T11:16:23: 读取文件成功
2017-07-03T11:17:23: 读取文件成功
2017-07-03T11:18:23: 读取文件成功
2017-07-03T11:19:23: 读取文件成功
2017-07-03T11:20:23: 读取文件成功
2017-07-03T11:21:23: 读取文件成功
2017-07-03T11:22:23: 读取文件成功
2017-07-03T11:23:24: 读取文件成功
2017-07-03T11:24:23: 读取文件成功
2017-07-03T11:25:23: 读取文件成功
2017-07-03T11:26:23: 读取文件成功
2017-07-03T11:27:23: 读取文件成功
2017-07-03T11:28:24: 读取文件成功
2017-07-03T11:29:24: 读取文件成功
2017-07-03T11:30:24: 读取文件成功
2017-07-03T11:31:24: 读取文件成功
2017-07-03T11:32:24: 读取文件成功
2017-07-03T11:33:24: 读取文件成功
2017-07-03T11:34:24: 读取文件成功
2017-07-03T11:35:24: 读取文件成功
2017-07-03T11:36:24: 读取文件成功
2017-07-03T11:37:24: 读取文件成功
2017-07-03T11:38:24: 读取文件成功
2017-07-03T11:39:24: 读取文件成功
2017-07-03T11:40:24: 读取文件成功
2017-07-03T11:41:24: 读取文件成功
2017-07-03T11:42:24: 读取文件成功
2017-07-03T11:43:24: 读取文件成功
2017-07-03T11:44:24: 读取文件成功
2017-07-03T11:45:24: 读取文件成功
2017-07-03T11:46:24: 读取文件成功
2017-07-03T11:47:24: 读取文件成功
2017-07-03T11:48:24: 读取文件成功
2017-07-03T11:49:24: 读取文件成功
2017-07-03T11:50:24: 读取文件成功
2017-07-03T11:51:24: 读取文件成功
2017-07-03T11:52:24: 读取文件成功
2017-07-03T11:53:24: 读取文件成功
2017-07-03T11:54:24: 读取文件成功
2017-07-03T11:55:24: 读取文件成功
2017-07-03T11:56:24: 读取文件成功
2017-07-03T11:57:24: 读取文件成功
2017-07-03T11:58:24: 读取文件成功
2017-07-03T11:59:24: 读取文件成功
2017-07-03T12:00:24: 读取文件成功
2017-07-03T12:01:24: 读取文件成功
2017-07-03T12:02:24: 读取文件成功
2017-07-03T12:03:24: 读取文件成功
2017-07-03T12:04:24: 读取文件成功
2017-07-03T12:05:24: 读取文件成功
2017-07-03T12:06:24: 读取文件成功
2017-07-03T12:07:24: 读取文件成功
2017-07-03T12:08:24: 读取文件成功
2017-07-03T12:09:24: 读取文件成功
2017-07-03T12:10:24: 读取文件成功
2017-07-03T12:11:24: 读取文件成功
2017-07-03T12:12:24: 读取文件成功
2017-07-03T12:13:24: 读取文件成功
2017-07-03T12:14:24: 读取文件成功
2017-07-03T12:15:24: 读取文件成功
2017-07-03T12:16:24: 读取文件成功
2017-07-03T12:17:24: 读取文件成功
2017-07-03T12:18:24: 读取文件成功
2017-07-03T12:19:24: 读取文件成功
2017-07-03T12:20:24: 读取文件成功
2017-07-03T12:21:24: 读取文件成功
2017-07-03T12:22:24: 读取文件成功
2017-07-03T12:23:24: 读取文件成功
2017-07-03T12:24:24: 读取文件成功
2017-07-03T12:25:24: 读取文件成功
2017-07-03T12:26:24: 读取文件成功
2017-07-03T12:27:24: 读取文件成功
2017-07-03T12:28:24: 读取文件成功
2017-07-03T12:29:24: 读取文件成功
2017-07-03T12:30:24: 读取文件成功
2017-07-03T12:31:24: 读取文件成功
2017-07-03T12:32:24: 读取文件成功
2017-07-03T12:33:24: 读取文件成功
2017-07-03T12:34:25: 读取文件成功
2017-07-03T12:35:24: 读取文件成功
2017-07-03T12:36:24: 读取文件成功
2017-07-03T12:37:24: 读取文件成功
2017-07-03T12:38:24: 读取文件成功
2017-07-03T12:39:24: 读取文件成功
2017-07-03T12:40:24: 读取文件成功
2017-07-03T12:41:24: 读取文件成功
2017-07-03T12:42:24: 读取文件成功
2017-07-03T12:43:24: 读取文件成功
2017-07-03T12:44:24: 读取文件成功
2017-07-03T12:45:24: 读取文件成功
2017-07-03T12:46:24: 读取文件成功
2017-07-03T12:47:24: 读取文件成功
2017-07-03T12:48:24: 读取文件成功
2017-07-03T12:49:24: 读取文件成功
2017-07-03T12:50:24: 读取文件成功
2017-07-03T12:51:24: 读取文件成功
2017-07-03T12:52:24: 读取文件成功
2017-07-03T12:53:24: 读取文件成功
2017-07-03T12:54:24: 读取文件成功
2017-07-03T12:55:24: 读取文件成功
2017-07-03T12:56:24: 读取文件成功
2017-07-03T12:57:24: 读取文件成功
2017-07-03T12:58:24: 读取文件成功
2017-07-03T12:59:24: 读取文件成功
2017-07-03T13:00:24: 读取文件成功
2017-07-03T13:01:24: 读取文件成功
2017-07-03T13:02:24: 读取文件成功
2017-07-03T13:03:24: 读取文件成功
2017-07-03T13:04:25: 读取文件成功
2017-07-03T13:05:24: 读取文件成功
2017-07-03T13:06:24: 读取文件成功
2017-07-03T13:07:24: 读取文件成功
2017-07-03T13:08:24: 读取文件成功
2017-07-03T13:09:24: 读取文件成功
2017-07-03T13:10:25: 读取文件成功
2017-07-03T13:11:25: 读取文件成功
2017-07-03T13:12:24: 读取文件成功
2017-07-03T13:13:25: 读取文件成功
2017-07-03T13:14:25: 读取文件成功
2017-07-03T13:15:25: 读取文件成功
2017-07-03T13:16:25: 读取文件成功
2017-07-03T13:17:25: 读取文件成功
2017-07-03T13:18:25: 读取文件成功
2017-07-03T13:19:25: 读取文件成功
2017-07-03T13:20:25: 读取文件成功
2017-07-03T13:21:25: 读取文件成功
2017-07-03T13:22:25: 读取文件成功
2017-07-03T13:23:25: 读取文件成功
2017-07-03T13:24:25: 读取文件成功
2017-07-03T13:25:25: 读取文件成功
2017-07-03T13:26:25: 读取文件成功
2017-07-03T13:27:25: 读取文件成功
2017-07-03T13:28:25: 读取文件成功
2017-07-03T13:29:25: 读取文件成功
2017-07-03T13:30:25: 读取文件成功
2017-07-03T13:31:25: 读取文件成功
2017-07-03T13:32:25: 读取文件成功
2017-07-03T13:33:25: 读取文件成功
2017-07-03T13:34:25: 读取文件成功
2017-07-03T13:35:25: 读取文件成功
2017-07-03T13:36:25: 读取文件成功
2017-07-03T13:37:25: 读取文件成功
2017-07-03T13:38:25: 读取文件成功
2017-07-03T13:39:25: 读取文件成功
2017-07-03T13:40:25: 读取文件成功
2017-07-03T13:41:25: 读取文件成功
2017-07-03T13:42:25: 读取文件成功
2017-07-03T13:43:25: 读取文件成功
2017-07-03T13:44:25: 读取文件成功
2017-07-03T13:45:25: 读取文件成功
2017-07-03T13:46:25: 读取文件成功
2017-07-03T13:47:25: 读取文件成功
2017-07-03T13:48:25: 读取文件成功
2017-07-03T13:49:25: 读取文件成功
2017-07-03T13:50:25: 读取文件成功
2017-07-03T13:51:25: 读取文件成功
2017-07-03T13:52:25: 读取文件成功
2017-07-03T13:53:25: 读取文件成功
2017-07-03T13:54:25: 读取文件成功
2017-07-03T13:55:25: 读取文件成功
2017-07-03T13:56:25: 读取文件成功
2017-07-03T13:57:25: 读取文件成功
2017-07-03T13:58:25: 读取文件成功
2017-07-03T13:59:25: 读取文件成功
2017-07-03T14:00:25: 读取文件成功
2017-07-03T14:01:25: 读取文件成功
2017-07-03T14:02:25: 读取文件成功
2017-07-03T14:03:25: 读取文件成功
2017-07-03T14:04:25: 读取文件成功
2017-07-03T14:05:25: 读取文件成功
2017-07-03T14:06:25: 读取文件成功
2017-07-03T14:07:25: 读取文件成功
2017-07-03T14:08:25: 读取文件成功
2017-07-03T14:09:25: 读取文件成功
2017-07-03T14:10:25: 读取文件成功
2017-07-03T14:11:25: 读取文件成功
2017-07-03T14:12:25: 读取文件成功
2017-07-03T14:13:25: 读取文件成功
2017-07-03T14:14:25: 读取文件成功
2017-07-03T14:15:25: 读取文件成功
2017-07-03T14:16:26: 读取文件成功
2017-07-03T14:17:25: 读取文件成功
2017-07-03T14:18:25: 读取文件成功
2017-07-03T14:19:25: 读取文件成功
2017-07-03T14:20:25: 读取文件成功
2017-07-03T14:21:25: 读取文件成功
2017-07-03T14:22:26: 读取文件成功
2017-07-03T14:23:25: 读取文件成功
2017-07-03T14:24:25: 读取文件成功
2017-07-03T14:25:25: 读取文件成功
2017-07-03T14:26:25: 读取文件成功
2017-07-03T14:27:25: 读取文件成功
2017-07-03T14:28:25: 读取文件成功
2017-07-03T14:29:25: 读取文件成功
2017-07-03T14:30:25: 读取文件成功
2017-07-03T14:31:25: 读取文件成功
2017-07-03T14:32:25: 读取文件成功
2017-07-03T14:33:25: 读取文件成功
2017-07-03T14:34:26: 读取文件成功
2017-07-03T14:35:25: 读取文件成功
2017-07-03T14:36:25: 读取文件成功
2017-07-03T14:37:25: 读取文件成功
2017-07-03T14:38:25: 读取文件成功
2017-07-03T14:39:25: 读取文件成功
2017-07-03T14:40:25: 读取文件成功
2017-07-03T14:41:25: 读取文件成功
2017-07-03T14:42:25: 读取文件成功
2017-07-03T14:43:25: 读取文件成功
2017-07-03T14:44:25: 读取文件成功
2017-07-03T14:45:25: 读取文件成功
2017-07-03T14:46:26: 读取文件成功
2017-07-03T14:47:26: 读取文件成功
2017-07-03T14:48:25: 读取文件成功
2017-07-03T14:49:26: 读取文件成功
2017-07-03T14:50:26: 读取文件成功
2017-07-03T14:51:26: 读取文件成功
2017-07-03T14:52:26: 读取文件成功
2017-07-03T14:53:26: 读取文件成功
2017-07-03T14:54:26: 读取文件成功
2017-07-03T14:55:26: 读取文件成功
2017-07-03T14:56:26: 读取文件成功
2017-07-03T14:57:26: 读取文件成功
2017-07-03T14:58:26: 读取文件成功
2017-07-03T14:59:26: 读取文件成功
2017-07-03T15:00:26: 读取文件成功
2017-07-03T15:01:26: 读取文件成功
2017-07-03T15:02:26: 读取文件成功
2017-07-03T15:03:26: 读取文件成功
2017-07-03T15:04:26: 读取文件成功
2017-07-03T15:05:26: 读取文件成功
2017-07-03T15:06:26: 读取文件成功
2017-07-03T15:07:26: 读取文件成功
2017-07-03T15:08:26: 读取文件成功
2017-07-03T15:09:26: 读取文件成功
2017-07-03T15:10:26: 读取文件成功
2017-07-03T15:11:26: 读取文件成功
2017-07-03T15:12:26: 读取文件成功
2017-07-03T15:13:26: 读取文件成功
2017-07-03T15:14:26: 读取文件成功
2017-07-03T15:15:26: 读取文件成功
2017-07-03T15:16:26: 读取文件成功
2017-07-03T15:17:26: 读取文件成功
2017-07-03T15:18:26: 读取文件成功
2017-07-03T15:19:26: 读取文件成功
2017-07-03T15:20:26: 读取文件成功
2017-07-03T15:21:26: 读取文件成功
2017-07-03T15:22:26: 读取文件成功
2017-07-03T15:23:26: 读取文件成功
2017-07-03T15:24:26: 读取文件成功
2017-07-03T15:25:26: 读取文件成功
2017-07-03T15:26:26: 读取文件成功
2017-07-03T15:27:26: 读取文件成功
2017-07-03T15:28:26: 读取文件成功
2017-07-03T15:29:26: 读取文件成功
2017-07-03T15:30:26: 读取文件成功
2017-07-03T15:31:26: 读取文件成功
2017-07-03T15:32:26: 读取文件成功
2017-07-03T15:33:26: 读取文件成功
2017-07-03T15:34:26: 读取文件成功
2017-07-03T15:35:26: 读取文件成功
2017-07-03T15:36:26: 读取文件成功
2017-07-03T15:37:26: 读取文件成功
2017-07-03T15:38:26: 读取文件成功
2017-07-03T15:39:26: 读取文件成功
2017-07-03T15:40:26: 读取文件成功
2017-07-03T15:41:26: 读取文件成功
2017-07-03T15:42:26: 读取文件成功
2017-07-03T15:43:26: 读取文件成功
2017-07-03T15:44:26: 读取文件成功
2017-07-03T15:45:26: 读取文件成功
2017-07-03T15:46:26: 读取文件成功
2017-07-03T15:47:26: 读取文件成功
2017-07-03T15:48:26: 读取文件成功
2017-07-03T15:49:26: 读取文件成功
2017-07-03T15:50:26: 读取文件成功
2017-07-03T15:51:26: 读取文件成功
2017-07-03T15:52:26: 读取文件成功
2017-07-03T15:53:26: 读取文件成功
2017-07-03T15:54:26: 读取文件成功
2017-07-03T15:55:26: 读取文件成功
2017-07-03T15:56:26: 读取文件成功
2017-07-03T15:57:26: 读取文件成功
2017-07-03T15:58:26: 读取文件成功
2017-07-03T15:59:26: 读取文件成功
2017-07-03T16:00:26: 读取文件成功
2017-07-03T16:01:26: 读取文件成功
2017-07-03T16:02:26: 读取文件成功
2017-07-03T16:03:27: 读取文件成功
2017-07-03T16:04:26: 读取文件成功
2017-07-03T16:05:26: 读取文件成功
2017-07-03T16:06:26: 读取文件成功
2017-07-03T16:07:26: 读取文件成功
2017-07-03T16:08:26: 读取文件成功
2017-07-03T16:09:27: 读取文件成功
2017-07-03T16:10:26: 读取文件成功
2017-07-03T16:11:26: 读取文件成功
2017-07-03T16:12:26: 读取文件成功
2017-07-03T16:13:26: 读取文件成功
2017-07-03T16:14:26: 读取文件成功
2017-07-03T16:15:27: 读取文件成功
2017-07-03T16:16:26: 读取文件成功
2017-07-03T16:17:26: 读取文件成功
2017-07-03T16:18:27: 读取文件成功
2017-07-03T16:19:27: 读取文件成功
2017-07-03T16:20:27: 读取文件成功
2017-07-03T16:21:27: 读取文件成功
2017-07-03T16:22:27: 读取文件成功
2017-07-03T16:23:27: 读取文件成功
2017-07-03T16:24:27: 读取文件成功
2017-07-03T16:25:27: 读取文件成功
2017-07-03T16:26:27: 读取文件成功
2017-07-03T16:27:27: 读取文件成功
2017-07-03T16:28:27: 读取文件成功
2017-07-03T16:29:27: 读取文件成功
2017-07-03T16:30:27: 读取文件成功
2017-07-03T16:31:27: 读取文件成功
2017-07-03T16:32:27: 读取文件成功
2017-07-03T16:33:27: 读取文件成功
2017-07-03T16:34:27: 读取文件成功
2017-07-03T16:35:27: 读取文件成功
2017-07-03T16:36:27: 读取文件成功
2017-07-03T16:37:27: 读取文件成功
2017-07-03T16:38:27: 读取文件成功
2017-07-03T16:39:27: 读取文件成功
2017-07-03T16:40:27: 读取文件成功
2017-07-03T16:41:27: 读取文件成功
2017-07-03T16:42:27: 读取文件成功
2017-07-03T16:43:27: 读取文件成功
2017-07-03T16:44:27: 读取文件成功
2017-07-03T16:45:27: 读取文件成功
2017-07-03T16:46:27: 读取文件成功
2017-07-03T16:47:27: 读取文件成功
2017-07-03T16:48:27: 读取文件成功
2017-07-03T16:49:27: 读取文件成功
2017-07-03T16:50:27: 读取文件成功
2017-07-03T16:51:27: 读取文件成功
2017-07-03T16:52:27: 读取文件成功
2017-07-03T16:53:27: 读取文件成功
2017-07-03T16:54:27: 读取文件成功
2017-07-03T16:55:27: 读取文件成功
2017-07-03T16:56:27: 读取文件成功
2017-07-03T16:57:27: 读取文件成功
2017-07-03T16:58:27: 读取文件成功
2017-07-03T16:59:27: 读取文件成功
2017-07-03T17:00:27: 读取文件成功
2017-07-03T17:01:27: 读取文件成功
2017-07-03T17:02:27: 读取文件成功
2017-07-03T17:03:27: 读取文件成功
2017-07-03T17:04:27: 读取文件成功
2017-07-03T17:05:27: 读取文件成功
2017-07-03T17:06:27: 读取文件成功
2017-07-03T17:07:27: 读取文件成功
2017-07-03T17:08:27: 读取文件成功
2017-07-03T17:09:27: 读取文件成功
2017-07-03T17:10:27: 读取文件成功
2017-07-03T17:11:27: 读取文件成功
2017-07-03T17:12:27: 读取文件成功
2017-07-03T17:13:27: 读取文件成功
2017-07-03T17:14:27: 读取文件成功
2017-07-03T17:15:27: 读取文件成功
2017-07-03T17:16:27: 读取文件成功
2017-07-03T17:17:27: 读取文件成功
2017-07-03T17:18:27: 读取文件成功
2017-07-03T17:19:27: 读取文件成功
2017-07-03T17:20:27: 读取文件成功
2017-07-03T17:21:27: 读取文件成功
2017-07-03T17:22:27: 读取文件成功
2017-07-03T17:23:27: 读取文件成功
2017-07-03T17:24:27: 读取文件成功
2017-07-03T17:25:27: 读取文件成功
2017-07-03T17:26:27: 读取文件成功
2017-07-03T17:27:27: 读取文件成功
2017-07-03T17:28:27: 读取文件成功
2017-07-03T17:29:27: 读取文件成功
2017-07-03T17:30:27: 读取文件成功
2017-07-03T17:31:27: 读取文件成功
2017-07-03T17:32:27: 读取文件成功
2017-07-03T17:33:27: 读取文件成功
2017-07-03T17:34:27: 读取文件成功
2017-07-03T17:35:27: 读取文件成功
2017-07-03T17:36:27: 读取文件成功
2017-07-03T17:37:27: 读取文件成功
2017-07-03T17:38:27: 读取文件成功
2017-07-03T17:39:27: 读取文件成功
2017-07-03T17:40:27: 读取文件成功
2017-07-03T17:41:27: 读取文件成功
2017-07-03T17:42:27: 读取文件成功
2017-07-03T17:43:27: 读取文件成功
2017-07-03T17:44:27: 读取文件成功
2017-07-03T17:45:27: 读取文件成功
2017-07-03T17:46:27: 读取文件成功
2017-07-03T17:47:27: 读取文件成功
2017-07-03T17:48:27: 读取文件成功
2017-07-03T17:49:27: 读取文件成功
2017-07-03T17:50:27: 读取文件成功
2017-07-03T17:51:27: 读取文件成功
2017-07-03T17:52:27: 读取文件成功
2017-07-03T17:53:27: 读取文件成功
2017-07-03T17:54:27: 读取文件成功
2017-07-03T17:55:27: 读取文件成功
2017-07-03T17:56:27: 读取文件成功
2017-07-03T17:57:28: 读取文件成功
2017-07-03T17:58:27: 读取文件成功
2017-07-03T17:59:27: 读取文件成功
2017-07-03T18:00:27: 读取文件成功
2017-07-03T18:01:27: 读取文件成功
2017-07-03T18:02:27: 读取文件成功
2017-07-03T18:03:28: 读取文件成功
2017-07-03T18:04:27: 读取文件成功
2017-07-03T18:05:27: 读取文件成功
2017-07-03T18:06:27: 读取文件成功
2017-07-03T18:07:27: 读取文件成功
2017-07-03T18:08:27: 读取文件成功
2017-07-03T18:09:28: 读取文件成功
2017-07-03T18:10:28: 读取文件成功
2017-07-03T18:11:28: 读取文件成功
2017-07-03T18:12:28: 读取文件成功
2017-07-03T18:13:28: 读取文件成功
2017-07-03T18:14:28: 读取文件成功
2017-07-03T18:15:28: 读取文件成功
2017-07-03T18:16:28: 读取文件成功
2017-07-03T18:17:28: 读取文件成功
2017-07-03T18:18:28: 读取文件成功
2017-07-03T18:19:28: 读取文件成功
2017-07-03T18:20:28: 读取文件成功
2017-07-03T18:21:28: 读取文件成功
2017-07-03T18:22:28: 读取文件成功
2017-07-03T18:23:28: 读取文件成功
2017-07-03T18:24:28: 读取文件成功
2017-07-03T18:25:28: 读取文件成功
2017-07-03T18:26:28: 读取文件成功
2017-07-03T18:27:28: 读取文件成功
2017-07-03T18:28:28: 读取文件成功
2017-07-03T18:29:28: 读取文件成功
2017-07-03T18:30:28: 读取文件成功
2017-07-03T18:31:28: 读取文件成功
2017-07-03T18:32:28: 读取文件成功
2017-07-03T18:33:28: 读取文件成功
2017-07-03T18:34:28: 读取文件成功
2017-07-03T18:35:28: 读取文件成功
2017-07-03T18:36:28: 读取文件成功
2017-07-03T18:37:28: 读取文件成功
2017-07-03T18:38:28: 读取文件成功
2017-07-03T18:39:28: 读取文件成功
2017-07-03T18:40:28: 读取文件成功
2017-07-03T18:41:28: 读取文件成功
2017-07-03T18:42:28: 读取文件成功
2017-07-03T18:43:28: 读取文件成功
2017-07-03T18:44:28: 读取文件成功
2017-07-03T18:45:28: 读取文件成功
2017-07-03T18:46:28: 读取文件成功
2017-07-03T18:47:28: 读取文件成功
2017-07-03T18:48:28: 读取文件成功
2017-07-03T18:49:28: 读取文件成功
2017-07-03T18:50:28: 读取文件成功
2017-07-03T18:51:28: 读取文件成功
2017-07-03T18:52:28: 读取文件成功
2017-07-03T18:53:28: 读取文件成功
2017-07-03T18:54:28: 读取文件成功
2017-07-03T18:55:28: 读取文件成功
2017-07-03T18:56:28: 读取文件成功
2017-07-03T18:57:28: 读取文件成功
2017-07-03T18:58:28: 读取文件成功
2017-07-03T18:59:28: 读取文件成功
2017-07-03T19:00:28: 读取文件成功
2017-07-03T19:01:28: 读取文件成功
2017-07-03T19:02:28: 读取文件成功
2017-07-03T19:03:28: 读取文件成功
2017-07-03T19:04:28: 读取文件成功
2017-07-03T19:05:28: 读取文件成功
2017-07-03T19:06:28: 读取文件成功
2017-07-03T19:07:28: 读取文件成功
2017-07-03T19:08:28: 读取文件成功
2017-07-03T19:09:28: 读取文件成功
2017-07-03T19:10:28: 读取文件成功
2017-07-03T19:11:28: 读取文件成功
2017-07-03T19:12:28: 读取文件成功
2017-07-03T19:13:28: 读取文件成功
2017-07-03T19:14:28: 读取文件成功
2017-07-03T19:15:28: 读取文件成功
2017-07-03T19:16:28: 读取文件成功
2017-07-03T19:17:28: 读取文件成功
2017-07-03T19:18:28: 读取文件成功
2017-07-03T19:19:28: 读取文件成功
2017-07-03T19:20:28: 读取文件成功
2017-07-03T19:21:28: 读取文件成功
2017-07-03T19:22:28: 读取文件成功
2017-07-03T19:23:28: 读取文件成功
2017-07-03T19:24:28: 读取文件成功
2017-07-03T19:25:28: 读取文件成功
2017-07-03T19:26:28: 读取文件成功
2017-07-03T19:27:28: 读取文件成功
2017-07-03T19:28:28: 读取文件成功
2017-07-03T19:29:28: 读取文件成功
2017-07-03T19:30:28: 读取文件成功
2017-07-03T19:31:28: 读取文件成功
2017-07-03T19:32:28: 读取文件成功
2017-07-03T19:33:28: 读取文件成功
2017-07-03T19:34:28: 读取文件成功
2017-07-03T19:35:28: 读取文件成功
2017-07-03T19:36:28: 读取文件成功
2017-07-03T19:37:28: 读取文件成功
2017-07-03T19:38:31: 读取文件成功
2017-07-03T19:39:28: 读取文件成功
2017-07-03T19:40:28: 读取文件成功
2017-07-03T19:41:28: 读取文件成功
2017-07-03T19:42:28: 读取文件成功
2017-07-03T19:43:28: 读取文件成功
2017-07-03T19:44:29: 读取文件成功
2017-07-03T19:45:28: 读取文件成功
2017-07-03T19:46:28: 读取文件成功
2017-07-03T19:47:28: 读取文件成功
2017-07-03T19:48:28: 读取文件成功
2017-07-03T19:49:28: 读取文件成功
2017-07-03T19:50:29: 读取文件成功
2017-07-03T19:51:29: 读取文件成功
2017-07-03T19:52:29: 读取文件成功
2017-07-03T19:53:29: 读取文件成功
2017-07-03T19:54:29: 读取文件成功
2017-07-03T19:55:29: 读取文件成功
2017-07-03T19:56:29: 读取文件成功
2017-07-03T19:57:29: 读取文件成功
2017-07-03T19:58:29: 读取文件成功
2017-07-03T19:59:29: 读取文件成功
2017-07-03T20:00:29: 读取文件成功
2017-07-03T20:01:29: 读取文件成功
2017-07-03T20:02:29: 读取文件成功
2017-07-03T20:03:29: 读取文件成功
2017-07-03T20:04:49: 读取文件成功
2017-07-03T20:05:53: 读取文件成功
2017-07-03T20:07:08: 读取文件成功
2017-07-03T20:07:29: 读取文件成功
2017-07-03T20:08:29: 读取文件成功
2017-07-03T20:09:29: 读取文件成功
2017-07-03T20:10:29: 读取文件成功
2017-07-03T20:11:29: 读取文件成功
2017-07-03T20:12:29: 读取文件成功
2017-07-03T20:13:54: 读取文件成功
2017-07-03T20:14:29: 读取文件成功
2017-07-03T20:15:29: 读取文件成功
2017-07-03T20:16:29: 读取文件成功
2017-07-03T20:17:29: 读取文件成功
2017-07-03T20:18:31: 读取文件成功
2017-07-03T20:19:31: 读取文件成功
2017-07-03T20:20:29: 读取文件成功
2017-07-03T20:21:29: 读取文件成功
2017-07-03T20:22:29: 读取文件成功
2017-07-03T20:23:29: 读取文件成功
2017-07-03T20:24:29: 读取文件成功
2017-07-03T20:25:29: 读取文件成功
2017-07-03T20:26:29: 读取文件成功
2017-07-03T20:27:29: 读取文件成功
2017-07-03T20:28:29: 读取文件成功
2017-07-03T20:29:29: 读取文件成功
2017-07-03T20:30:29: 读取文件成功
2017-07-03T20:31:29: 读取文件成功
2017-07-03T20:32:29: 读取文件成功
2017-07-03T20:33:29: 读取文件成功
2017-07-03T20:34:29: 读取文件成功
2017-07-03T20:35:29: 读取文件成功
2017-07-03T20:36:29: 读取文件成功
2017-07-03T20:37:29: 读取文件成功
2017-07-03T20:38:29: 读取文件成功
2017-07-03T20:39:29: 读取文件成功
2017-07-03T20:40:29: 读取文件成功
2017-07-03T20:41:29: 读取文件成功
2017-07-03T20:42:29: 读取文件成功
2017-07-03T20:43:29: 读取文件成功
2017-07-03T20:44:29: 读取文件成功
2017-07-03T20:45:29: 读取文件成功
2017-07-03T20:46:29: 读取文件成功
2017-07-03T20:47:29: 读取文件成功
2017-07-03T20:48:29: 读取文件成功
2017-07-03T20:49:29: 读取文件成功
2017-07-03T20:50:29: 读取文件成功
2017-07-03T20:51:29: 读取文件成功
2017-07-03T20:52:29: 读取文件成功
2017-07-03T20:53:29: 读取文件成功
2017-07-03T20:54:29: 读取文件成功
2017-07-03T20:55:29: 读取文件成功
2017-07-03T20:56:29: 读取文件成功
2017-07-03T20:57:29: 读取文件成功
2017-07-03T20:58:29: 读取文件成功
2017-07-03T20:59:29: 读取文件成功
2017-07-03T21:00:29: 读取文件成功
2017-07-03T21:01:29: 读取文件成功
2017-07-03T21:02:29: 读取文件成功
2017-07-03T21:03:29: 读取文件成功
2017-07-03T21:04:29: 读取文件成功
2017-07-03T21:05:29: 读取文件成功
2017-07-03T21:06:29: 读取文件成功
2017-07-03T21:07:29: 读取文件成功
2017-07-03T21:08:29: 读取文件成功
2017-07-03T21:09:29: 读取文件成功
2017-07-03T21:10:29: 读取文件成功
2017-07-03T21:11:29: 读取文件成功
2017-07-03T21:12:29: 读取文件成功
2017-07-03T21:13:29: 读取文件成功
2017-07-03T21:14:29: 读取文件成功
2017-07-03T21:15:29: 读取文件成功
2017-07-03T21:16:29: 读取文件成功
2017-07-03T21:17:29: 读取文件成功
2017-07-03T21:18:29: 读取文件成功
2017-07-03T21:19:30: 读取文件成功
2017-07-03T21:20:30: 读取文件成功
2017-07-03T21:21:30: 读取文件成功
2017-07-03T21:22:29: 读取文件成功
2017-07-03T21:23:29: 读取文件成功
2017-07-03T21:24:29: 读取文件成功
2017-07-03T21:25:30: 读取文件成功
2017-07-03T21:26:29: 读取文件成功
2017-07-03T21:27:29: 读取文件成功
2017-07-03T21:28:29: 读取文件成功
2017-07-03T21:29:29: 读取文件成功
2017-07-03T21:30:29: 读取文件成功
2017-07-03T21:31:30: 读取文件成功
2017-07-03T21:32:30: 读取文件成功
2017-07-03T21:33:29: 读取文件成功
2017-07-03T21:34:29: 读取文件成功
2017-07-03T21:35:30: 读取文件成功
2017-07-03T21:36:30: 读取文件成功
2017-07-03T21:37:30: 读取文件成功
2017-07-03T21:38:30: 读取文件成功
2017-07-03T21:39:30: 读取文件成功
2017-07-03T21:40:30: 读取文件成功
2017-07-03T21:41:30: 读取文件成功
2017-07-03T21:42:30: 读取文件成功
2017-07-03T21:43:30: 读取文件成功
2017-07-03T21:44:30: 读取文件成功
2017-07-03T21:45:30: 读取文件成功
2017-07-03T21:46:30: 读取文件成功
2017-07-03T21:47:30: 读取文件成功
2017-07-03T21:48:30: 读取文件成功
2017-07-03T21:49:30: 读取文件成功
2017-07-03T21:50:30: 读取文件成功
2017-07-03T21:51:30: 读取文件成功
2017-07-03T21:52:30: 读取文件成功
2017-07-03T21:53:30: 读取文件成功
2017-07-03T21:54:30: 读取文件成功
2017-07-03T21:55:30: 读取文件成功
2017-07-03T21:56:30: 读取文件成功
2017-07-03T21:57:30: 读取文件成功
2017-07-03T21:58:30: 读取文件成功
2017-07-03T21:59:30: 读取文件成功
2017-07-03T22:00:30: 读取文件成功
2017-07-03T22:01:30: 读取文件成功
2017-07-03T22:02:30: 读取文件成功
2017-07-03T22:03:30: 读取文件成功
2017-07-03T22:04:30: 读取文件成功
2017-07-03T22:05:30: 读取文件成功
2017-07-03T22:06:30: 读取文件成功
2017-07-03T22:07:30: 读取文件成功
2017-07-03T22:08:30: 读取文件成功
2017-07-03T22:09:30: 读取文件成功
2017-07-03T22:10:30: 读取文件成功
2017-07-03T22:11:30: 读取文件成功
2017-07-03T22:12:30: 读取文件成功
2017-07-03T22:13:30: 读取文件成功
2017-07-03T22:14:30: 读取文件成功
2017-07-03T22:15:30: 读取文件成功
2017-07-03T22:16:30: 读取文件成功
2017-07-03T22:17:30: 读取文件成功
2017-07-03T22:18:30: 读取文件成功
2017-07-03T22:19:30: 读取文件成功
2017-07-03T22:20:30: 读取文件成功
2017-07-03T22:21:30: 读取文件成功
2017-07-03T22:22:30: 读取文件成功
2017-07-03T22:23:30: 读取文件成功
2017-07-03T22:24:30: 读取文件成功
2017-07-03T22:25:30: 读取文件成功
2017-07-03T22:26:30: 读取文件成功
2017-07-03T22:27:30: 读取文件成功
2017-07-03T22:28:31: 读取文件成功
2017-07-03T22:29:30: 读取文件成功
2017-07-03T22:30:30: 读取文件成功
2017-07-03T22:31:30: 读取文件成功
2017-07-03T22:32:30: 读取文件成功
2017-07-03T22:33:30: 读取文件成功
2017-07-03T22:34:30: 读取文件成功
2017-07-03T22:35:30: 读取文件成功
2017-07-03T22:36:30: 读取文件成功
2017-07-03T22:37:30: 读取文件成功
2017-07-03T22:38:30: 读取文件成功
2017-07-03T22:39:30: 读取文件成功
2017-07-03T22:40:30: 读取文件成功
2017-07-03T22:41:30: 读取文件成功
2017-07-03T22:42:30: 读取文件成功
2017-07-03T22:43:30: 读取文件成功
2017-07-03T22:44:30: 读取文件成功
2017-07-03T22:45:30: 读取文件成功
2017-07-03T22:46:30: 读取文件成功
2017-07-03T22:47:30: 读取文件成功
2017-07-03T22:48:30: 读取文件成功
2017-07-03T22:49:30: 读取文件成功
2017-07-03T22:50:30: 读取文件成功
2017-07-03T22:51:30: 读取文件成功
2017-07-03T22:52:30: 读取文件成功
2017-07-03T22:53:30: 读取文件成功
2017-07-03T22:54:31: 读取文件成功
2017-07-03T22:55:30: 读取文件成功
2017-07-03T22:56:30: 读取文件成功
2017-07-03T22:57:30: 读取文件成功
2017-07-03T22:58:30: 读取文件成功
2017-07-03T22:59:30: 读取文件成功
2017-07-03T23:00:30: 读取文件成功
2017-07-03T23:01:30: 读取文件成功
2017-07-03T23:02:30: 读取文件成功
2017-07-03T23:03:30: 读取文件成功
2017-07-03T23:04:30: 读取文件成功
2017-07-03T23:05:30: 读取文件成功
2017-07-03T23:06:30: 读取文件成功
2017-07-03T23:07:30: 读取文件成功
2017-07-03T23:08:30: 读取文件成功
2017-07-03T23:09:30: 读取文件成功
2017-07-03T23:10:30: 读取文件成功
2017-07-03T23:11:30: 读取文件成功
2017-07-03T23:12:31: 读取文件成功
2017-07-03T23:13:30: 读取文件成功
2017-07-03T23:14:31: 读取文件成功
2017-07-03T23:15:30: 读取文件成功
2017-07-03T23:16:30: 读取文件成功
2017-07-03T23:17:30: 读取文件成功
2017-07-03T23:18:31: 读取文件成功
2017-07-03T23:19:30: 读取文件成功
2017-07-03T23:20:30: 读取文件成功
2017-07-03T23:21:30: 读取文件成功
2017-07-03T23:22:30: 读取文件成功
2017-07-03T23:23:31: 读取文件成功
2017-07-03T23:24:31: 读取文件成功
2017-07-03T23:25:30: 读取文件成功
2017-07-03T23:26:30: 读取文件成功
2017-07-03T23:27:30: 读取文件成功
2017-07-03T23:28:31: 读取文件成功
2017-07-03T23:29:31: 读取文件成功
2017-07-03T23:30:31: 读取文件成功
2017-07-03T23:31:31: 读取文件成功
2017-07-03T23:32:31: 读取文件成功
2017-07-03T23:33:31: 读取文件成功
2017-07-03T23:34:31: 读取文件成功
2017-07-03T23:35:31: 读取文件成功
2017-07-03T23:36:31: 读取文件成功
2017-07-03T23:37:31: 读取文件成功
2017-07-03T23:38:31: 读取文件成功
2017-07-03T23:39:31: 读取文件成功
2017-07-03T23:40:31: 读取文件成功
2017-07-03T23:41:31: 读取文件成功
2017-07-03T23:42:31: 读取文件成功
2017-07-03T23:43:31: 读取文件成功
2017-07-03T23:44:31: 读取文件成功
2017-07-03T23:45:31: 读取文件成功
2017-07-03T23:46:31: 读取文件成功
2017-07-03T23:47:31: 读取文件成功
2017-07-03T23:48:31: 读取文件成功
2017-07-03T23:49:31: 读取文件成功
2017-07-03T23:50:30: 非记录时间：2017-07-03T23:50:30+08:00
2017-07-03T23:51:30: 非记录时间：2017-07-03T23:51:30+08:00
2017-07-03T23:52:30: 非记录时间：2017-07-03T23:52:30+08:00
2017-07-03T23:53:30: 非记录时间：2017-07-03T23:53:30+08:00
2017-07-03T23:54:30: 非记录时间：2017-07-03T23:54:30+08:00
2017-07-03T23:55:30: 非记录时间：2017-07-03T23:55:30+08:00
2017-07-03T23:56:30: 非记录时间：2017-07-03T23:56:30+08:00
2017-07-03T23:57:30: 非记录时间：2017-07-03T23:57:30+08:00
2017-07-03T23:58:30: 非记录时间：2017-07-03T23:58:30+08:00
2017-07-03T23:59:30: 非记录时间：2017-07-03T23:59:30+08:00
