2017-07-28T00:00:54: 非记录时间：2017-07-28T00:00:54+08:00
2017-07-28T00:01:54: 非记录时间：2017-07-28T00:01:54+08:00
2017-07-28T00:02:54: 非记录时间：2017-07-28T00:02:54+08:00
2017-07-28T00:03:54: 非记录时间：2017-07-28T00:03:54+08:00
2017-07-28T00:04:54: 非记录时间：2017-07-28T00:04:54+08:00
2017-07-28T00:05:54: 非记录时间：2017-07-28T00:05:54+08:00
2017-07-28T00:06:54: 非记录时间：2017-07-28T00:06:54+08:00
2017-07-28T00:07:54: 非记录时间：2017-07-28T00:07:54+08:00
2017-07-28T00:08:54: 非记录时间：2017-07-28T00:08:54+08:00
2017-07-28T00:09:54: 非记录时间：2017-07-28T00:09:54+08:00
2017-07-28T00:10:54: 非记录时间：2017-07-28T00:10:54+08:00
2017-07-28T00:11:54: 非记录时间：2017-07-28T00:11:54+08:00
2017-07-28T00:12:54: 非记录时间：2017-07-28T00:12:54+08:00
2017-07-28T00:13:54: 非记录时间：2017-07-28T00:13:54+08:00
2017-07-28T00:14:54: 非记录时间：2017-07-28T00:14:54+08:00
2017-07-28T00:15:54: 非记录时间：2017-07-28T00:15:54+08:00
2017-07-28T00:16:54: 非记录时间：2017-07-28T00:16:54+08:00
2017-07-28T00:17:54: 非记录时间：2017-07-28T00:17:54+08:00
2017-07-28T00:18:54: 非记录时间：2017-07-28T00:18:54+08:00
2017-07-28T00:19:54: 非记录时间：2017-07-28T00:19:54+08:00
2017-07-28T00:20:54: 非记录时间：2017-07-28T00:20:54+08:00
2017-07-28T00:21:54: 非记录时间：2017-07-28T00:21:54+08:00
2017-07-28T00:22:54: 非记录时间：2017-07-28T00:22:54+08:00
2017-07-28T00:23:54: 非记录时间：2017-07-28T00:23:54+08:00
2017-07-28T00:24:54: 非记录时间：2017-07-28T00:24:54+08:00
2017-07-28T00:25:54: 非记录时间：2017-07-28T00:25:54+08:00
2017-07-28T00:26:54: 非记录时间：2017-07-28T00:26:54+08:00
2017-07-28T00:27:54: 非记录时间：2017-07-28T00:27:54+08:00
2017-07-28T00:28:54: 非记录时间：2017-07-28T00:28:54+08:00
2017-07-28T00:29:54: 非记录时间：2017-07-28T00:29:54+08:00
2017-07-28T00:30:54: 非记录时间：2017-07-28T00:30:54+08:00
2017-07-28T00:31:54: 非记录时间：2017-07-28T00:31:54+08:00
2017-07-28T00:32:54: 非记录时间：2017-07-28T00:32:54+08:00
2017-07-28T00:33:54: 非记录时间：2017-07-28T00:33:54+08:00
2017-07-28T00:34:54: 非记录时间：2017-07-28T00:34:54+08:00
2017-07-28T00:35:54: 非记录时间：2017-07-28T00:35:54+08:00
2017-07-28T00:36:54: 非记录时间：2017-07-28T00:36:54+08:00
2017-07-28T00:37:54: 非记录时间：2017-07-28T00:37:54+08:00
2017-07-28T00:38:55: 非记录时间：2017-07-28T00:38:55+08:00
2017-07-28T00:39:55: 非记录时间：2017-07-28T00:39:55+08:00
2017-07-28T00:40:55: 非记录时间：2017-07-28T00:40:55+08:00
2017-07-28T00:41:55: 非记录时间：2017-07-28T00:41:55+08:00
2017-07-28T00:42:55: 非记录时间：2017-07-28T00:42:55+08:00
2017-07-28T00:43:55: 非记录时间：2017-07-28T00:43:55+08:00
2017-07-28T00:44:55: 非记录时间：2017-07-28T00:44:55+08:00
2017-07-28T00:45:55: 非记录时间：2017-07-28T00:45:55+08:00
2017-07-28T00:46:55: 非记录时间：2017-07-28T00:46:55+08:00
2017-07-28T00:47:55: 非记录时间：2017-07-28T00:47:55+08:00
2017-07-28T00:48:55: 非记录时间：2017-07-28T00:48:55+08:00
2017-07-28T00:49:55: 非记录时间：2017-07-28T00:49:55+08:00
2017-07-28T00:50:55: 非记录时间：2017-07-28T00:50:55+08:00
2017-07-28T00:51:55: 非记录时间：2017-07-28T00:51:55+08:00
2017-07-28T00:52:55: 非记录时间：2017-07-28T00:52:55+08:00
2017-07-28T00:53:55: 非记录时间：2017-07-28T00:53:55+08:00
2017-07-28T00:54:55: 非记录时间：2017-07-28T00:54:55+08:00
2017-07-28T00:55:55: 非记录时间：2017-07-28T00:55:55+08:00
2017-07-28T00:56:55: 非记录时间：2017-07-28T00:56:55+08:00
2017-07-28T00:57:55: 非记录时间：2017-07-28T00:57:55+08:00
2017-07-28T00:58:55: 非记录时间：2017-07-28T00:58:55+08:00
2017-07-28T00:59:55: 非记录时间：2017-07-28T00:59:55+08:00
2017-07-28T01:00:55: 非记录时间：2017-07-28T01:00:55+08:00
2017-07-28T01:01:55: 非记录时间：2017-07-28T01:01:55+08:00
2017-07-28T01:02:55: 非记录时间：2017-07-28T01:02:55+08:00
2017-07-28T01:03:55: 非记录时间：2017-07-28T01:03:55+08:00
2017-07-28T01:04:55: 非记录时间：2017-07-28T01:04:55+08:00
2017-07-28T01:05:55: 非记录时间：2017-07-28T01:05:55+08:00
2017-07-28T01:06:55: 非记录时间：2017-07-28T01:06:55+08:00
2017-07-28T01:07:55: 非记录时间：2017-07-28T01:07:55+08:00
2017-07-28T01:08:55: 非记录时间：2017-07-28T01:08:55+08:00
2017-07-28T01:09:55: 非记录时间：2017-07-28T01:09:55+08:00
2017-07-28T01:10:55: 非记录时间：2017-07-28T01:10:55+08:00
2017-07-28T01:11:55: 读取文件失败，可能是该文件不存在
2017-07-28T01:11:55: Error: ENOENT: no such file or directory, open './data/2017-07-28.json'
2017-07-28T01:12:55: 读取文件成功
2017-07-28T01:13:55: 读取文件成功
2017-07-28T01:14:55: 读取文件成功
2017-07-28T01:15:55: 读取文件成功
2017-07-28T01:16:55: 读取文件成功
2017-07-28T01:17:55: 读取文件成功
2017-07-28T01:18:55: 读取文件成功
2017-07-28T01:19:55: 读取文件成功
2017-07-28T01:20:55: 读取文件成功
2017-07-28T01:21:55: 读取文件成功
2017-07-28T01:22:55: 读取文件成功
2017-07-28T01:23:55: 读取文件成功
2017-07-28T01:24:55: 读取文件成功
2017-07-28T01:25:55: 读取文件成功
2017-07-28T01:26:55: 读取文件成功
2017-07-28T01:27:55: 读取文件成功
2017-07-28T01:28:55: 读取文件成功
2017-07-28T01:29:55: 读取文件成功
2017-07-28T01:30:55: 读取文件成功
2017-07-28T01:31:55: 读取文件成功
2017-07-28T01:32:55: 读取文件成功
2017-07-28T01:33:55: 读取文件成功
2017-07-28T01:34:55: 读取文件成功
2017-07-28T01:35:55: 读取文件成功
2017-07-28T01:36:55: 读取文件成功
2017-07-28T01:37:55: 读取文件成功
2017-07-28T01:38:55: 读取文件成功
2017-07-28T01:39:55: 读取文件成功
2017-07-28T01:40:55: 读取文件成功
2017-07-28T01:41:55: 读取文件成功
2017-07-28T01:42:55: 读取文件成功
2017-07-28T01:43:55: 读取文件成功
2017-07-28T01:44:55: 读取文件成功
2017-07-28T01:45:55: 读取文件成功
2017-07-28T01:46:55: 读取文件成功
2017-07-28T01:47:55: 读取文件成功
2017-07-28T01:48:55: 读取文件成功
2017-07-28T01:49:55: 读取文件成功
2017-07-28T01:50:55: 读取文件成功
2017-07-28T01:51:55: 读取文件成功
2017-07-28T01:52:55: 读取文件成功
2017-07-28T01:53:56: 读取文件成功
2017-07-28T01:54:55: 读取文件成功
2017-07-28T01:55:55: 读取文件成功
2017-07-28T01:56:55: 读取文件成功
2017-07-28T01:57:55: 读取文件成功
2017-07-28T01:58:55: 读取文件成功
2017-07-28T01:59:56: 读取文件成功
2017-07-28T02:00:55: 读取文件成功
2017-07-28T02:01:55: 读取文件成功
2017-07-28T02:02:55: 读取文件成功
2017-07-28T02:03:55: 读取文件成功
2017-07-28T02:04:56: 读取文件成功
2017-07-28T02:05:56: 读取文件成功
2017-07-28T02:06:55: 读取文件成功
2017-07-28T02:07:56: 读取文件成功
2017-07-28T02:08:56: 读取文件成功
2017-07-28T02:09:56: 读取文件成功
2017-07-28T02:10:56: 读取文件成功
2017-07-28T02:11:56: 读取文件成功
2017-07-28T02:12:56: 读取文件成功
2017-07-28T02:13:56: 读取文件成功
2017-07-28T02:14:56: 读取文件成功
2017-07-28T02:15:56: 读取文件成功
2017-07-28T02:16:56: 读取文件成功
2017-07-28T02:17:56: 读取文件成功
2017-07-28T02:18:56: 读取文件成功
2017-07-28T02:19:56: 读取文件成功
2017-07-28T02:20:56: 读取文件成功
2017-07-28T02:21:56: 读取文件成功
2017-07-28T02:22:56: 读取文件成功
2017-07-28T02:23:56: 读取文件成功
2017-07-28T02:24:56: 读取文件成功
2017-07-28T02:25:56: 读取文件成功
2017-07-28T02:26:56: 读取文件成功
2017-07-28T02:27:56: 读取文件成功
2017-07-28T02:28:56: 读取文件成功
2017-07-28T02:29:56: 读取文件成功
2017-07-28T02:30:56: 读取文件成功
2017-07-28T02:31:56: 读取文件成功
2017-07-28T02:32:56: 读取文件成功
2017-07-28T02:33:56: 读取文件成功
2017-07-28T02:34:56: 读取文件成功
2017-07-28T02:35:56: 读取文件成功
2017-07-28T02:36:56: 读取文件成功
2017-07-28T02:37:56: 读取文件成功
2017-07-28T02:38:56: 读取文件成功
2017-07-28T02:39:56: 读取文件成功
2017-07-28T02:40:56: 读取文件成功
2017-07-28T02:41:56: 读取文件成功
2017-07-28T02:42:56: 读取文件成功
2017-07-28T02:43:56: 读取文件成功
2017-07-28T02:44:56: 读取文件成功
2017-07-28T02:45:56: 读取文件成功
2017-07-28T02:46:56: 读取文件成功
2017-07-28T02:47:56: 读取文件成功
2017-07-28T02:48:56: 读取文件成功
2017-07-28T02:49:56: 读取文件成功
2017-07-28T02:50:56: 读取文件成功
2017-07-28T02:51:56: 读取文件成功
2017-07-28T02:52:56: 读取文件成功
2017-07-28T02:53:56: 读取文件成功
2017-07-28T02:54:56: 读取文件成功
2017-07-28T02:55:56: 读取文件成功
2017-07-28T02:56:56: 读取文件成功
2017-07-28T02:57:56: 读取文件成功
2017-07-28T02:58:56: 读取文件成功
2017-07-28T02:59:56: 读取文件成功
2017-07-28T03:00:56: 读取文件成功
2017-07-28T03:01:56: 读取文件成功
2017-07-28T03:02:56: 读取文件成功
2017-07-28T03:03:56: 读取文件成功
2017-07-28T03:04:56: 读取文件成功
2017-07-28T03:05:56: 读取文件成功
2017-07-28T03:06:56: 读取文件成功
2017-07-28T03:07:56: 读取文件成功
2017-07-28T03:08:56: 读取文件成功
2017-07-28T03:09:56: 读取文件成功
2017-07-28T03:10:56: 读取文件成功
2017-07-28T03:11:56: 读取文件成功
2017-07-28T03:12:56: 读取文件成功
2017-07-28T03:13:56: 读取文件成功
2017-07-28T03:14:56: 读取文件成功
2017-07-28T03:15:56: 读取文件成功
2017-07-28T03:16:56: 读取文件成功
2017-07-28T03:17:56: 读取文件成功
2017-07-28T03:18:56: 读取文件成功
2017-07-28T03:19:56: 读取文件成功
2017-07-28T03:20:56: 读取文件成功
2017-07-28T03:21:56: 读取文件成功
2017-07-28T03:22:56: 读取文件成功
2017-07-28T03:23:56: 读取文件成功
2017-07-28T03:24:56: 读取文件成功
2017-07-28T03:25:56: 读取文件成功
2017-07-28T03:26:56: 读取文件成功
2017-07-28T03:27:56: 读取文件成功
2017-07-28T03:28:56: 读取文件成功
2017-07-28T03:29:56: 读取文件成功
2017-07-28T03:30:56: 读取文件成功
2017-07-28T03:31:56: 读取文件成功
2017-07-28T03:32:56: 读取文件成功
2017-07-28T03:33:56: 读取文件成功
2017-07-28T03:34:57: 读取文件成功
2017-07-28T03:35:56: 读取文件成功
2017-07-28T03:36:56: 读取文件成功
2017-07-28T03:37:56: 读取文件成功
2017-07-28T03:38:56: 读取文件成功
2017-07-28T03:39:56: 读取文件成功
2017-07-28T03:40:57: 读取文件成功
2017-07-28T03:41:56: 读取文件成功
2017-07-28T03:42:56: 读取文件成功
2017-07-28T03:43:56: 读取文件成功
2017-07-28T03:44:56: 读取文件成功
2017-07-28T03:45:56: 读取文件成功
2017-07-28T03:46:57: 读取文件成功
2017-07-28T03:47:56: 读取文件成功
2017-07-28T03:48:56: 读取文件成功
2017-07-28T03:49:57: 读取文件成功
2017-07-28T03:50:57: 读取文件成功
2017-07-28T03:51:57: 读取文件成功
2017-07-28T03:52:57: 读取文件成功
2017-07-28T03:53:57: 读取文件成功
2017-07-28T03:54:57: 读取文件成功
2017-07-28T03:55:57: 读取文件成功
2017-07-28T03:56:57: 读取文件成功
2017-07-28T03:57:57: 读取文件成功
2017-07-28T03:58:57: 读取文件成功
2017-07-28T03:59:57: 读取文件成功
2017-07-28T04:00:57: 读取文件成功
2017-07-28T04:01:57: 读取文件成功
2017-07-28T04:02:57: 读取文件成功
2017-07-28T04:03:57: 读取文件成功
2017-07-28T04:04:57: 读取文件成功
2017-07-28T04:05:57: 读取文件成功
2017-07-28T04:06:57: 读取文件成功
2017-07-28T04:07:57: 读取文件成功
2017-07-28T04:08:57: 读取文件成功
2017-07-28T04:09:57: 读取文件成功
2017-07-28T04:10:57: 读取文件成功
2017-07-28T04:11:57: 读取文件成功
2017-07-28T04:12:57: 读取文件成功
2017-07-28T04:13:57: 读取文件成功
2017-07-28T04:14:57: 读取文件成功
2017-07-28T04:15:57: 读取文件成功
2017-07-28T04:16:57: 读取文件成功
2017-07-28T04:17:57: 读取文件成功
2017-07-28T04:18:57: 读取文件成功
2017-07-28T04:19:57: 读取文件成功
2017-07-28T04:20:57: 读取文件成功
2017-07-28T04:21:57: 读取文件成功
2017-07-28T04:22:57: 读取文件成功
2017-07-28T04:23:57: 读取文件成功
2017-07-28T04:24:57: 读取文件成功
2017-07-28T04:25:57: 读取文件成功
2017-07-28T04:26:57: 读取文件成功
2017-07-28T04:27:57: 读取文件成功
2017-07-28T04:28:57: 读取文件成功
2017-07-28T04:29:57: 读取文件成功
2017-07-28T04:30:57: 读取文件成功
2017-07-28T04:31:57: 读取文件成功
2017-07-28T04:32:57: 读取文件成功
2017-07-28T04:33:57: 读取文件成功
2017-07-28T04:34:57: 读取文件成功
2017-07-28T04:35:57: 读取文件成功
2017-07-28T04:36:57: 读取文件成功
2017-07-28T04:37:57: 读取文件成功
2017-07-28T04:38:57: 读取文件成功
2017-07-28T04:39:57: 读取文件成功
2017-07-28T04:40:57: 读取文件成功
2017-07-28T04:41:57: 读取文件成功
2017-07-28T04:42:57: 读取文件成功
2017-07-28T04:43:57: 读取文件成功
2017-07-28T04:44:57: 读取文件成功
2017-07-28T04:45:57: 读取文件成功
2017-07-28T04:46:57: 读取文件成功
2017-07-28T04:47:57: 读取文件成功
2017-07-28T04:48:57: 读取文件成功
2017-07-28T04:49:57: 读取文件成功
2017-07-28T04:50:57: 读取文件成功
2017-07-28T04:51:57: 读取文件成功
2017-07-28T04:52:57: 读取文件成功
2017-07-28T04:53:57: 读取文件成功
2017-07-28T04:54:57: 读取文件成功
2017-07-28T04:55:57: 读取文件成功
2017-07-28T04:56:57: 读取文件成功
2017-07-28T04:57:57: 读取文件成功
2017-07-28T04:58:57: 读取文件成功
2017-07-28T04:59:57: 读取文件成功
2017-07-28T05:00:57: 读取文件成功
2017-07-28T05:01:57: 读取文件成功
2017-07-28T05:02:57: 读取文件成功
2017-07-28T05:03:57: 读取文件成功
2017-07-28T05:04:57: 读取文件成功
2017-07-28T05:05:57: 读取文件成功
2017-07-28T05:06:57: 读取文件成功
2017-07-28T05:07:57: 读取文件成功
2017-07-28T05:08:57: 读取文件成功
2017-07-28T05:09:57: 读取文件成功
2017-07-28T05:10:57: 读取文件成功
2017-07-28T05:11:57: 读取文件成功
2017-07-28T05:12:57: 读取文件成功
2017-07-28T05:13:57: 读取文件成功
2017-07-28T05:14:57: 读取文件成功
2017-07-28T05:15:58: 读取文件成功
2017-07-28T05:16:57: 读取文件成功
2017-07-28T05:17:57: 读取文件成功
2017-07-28T05:18:57: 读取文件成功
2017-07-28T05:19:57: 读取文件成功
2017-07-28T05:20:57: 读取文件成功
2017-07-28T05:21:58: 读取文件成功
2017-07-28T05:22:57: 读取文件成功
2017-07-28T05:23:57: 读取文件成功
2017-07-28T05:24:57: 读取文件成功
2017-07-28T05:25:57: 读取文件成功
2017-07-28T05:26:57: 读取文件成功
2017-07-28T05:27:58: 读取文件成功
2017-07-28T05:28:57: 读取文件成功
2017-07-28T05:29:57: 读取文件成功
2017-07-28T05:30:57: 读取文件成功
2017-07-28T05:31:57: 读取文件成功
2017-07-28T05:32:58: 读取文件成功
2017-07-28T05:33:58: 读取文件成功
2017-07-28T05:34:58: 读取文件成功
2017-07-28T05:35:58: 读取文件成功
2017-07-28T05:36:58: 读取文件成功
2017-07-28T05:37:58: 读取文件成功
2017-07-28T05:38:58: 读取文件成功
2017-07-28T05:39:58: 读取文件成功
2017-07-28T05:40:58: 读取文件成功
2017-07-28T05:41:58: 读取文件成功
2017-07-28T05:42:58: 读取文件成功
2017-07-28T05:43:58: 读取文件成功
2017-07-28T05:44:58: 读取文件成功
2017-07-28T05:45:58: 读取文件成功
2017-07-28T05:46:58: 读取文件成功
2017-07-28T05:47:58: 读取文件成功
2017-07-28T05:48:58: 读取文件成功
2017-07-28T05:49:58: 读取文件成功
2017-07-28T05:50:58: 读取文件成功
2017-07-28T05:51:58: 读取文件成功
2017-07-28T05:52:58: 读取文件成功
2017-07-28T05:53:58: 读取文件成功
2017-07-28T05:54:58: 读取文件成功
2017-07-28T05:55:58: 读取文件成功
2017-07-28T05:56:58: 读取文件成功
2017-07-28T05:57:58: 读取文件成功
2017-07-28T05:58:58: 读取文件成功
2017-07-28T05:59:58: 读取文件成功
2017-07-28T06:00:58: 读取文件成功
2017-07-28T06:01:58: 读取文件成功
2017-07-28T06:02:58: 读取文件成功
2017-07-28T06:03:58: 读取文件成功
2017-07-28T06:04:58: 读取文件成功
2017-07-28T06:05:58: 读取文件成功
2017-07-28T06:06:58: 读取文件成功
2017-07-28T06:07:58: 读取文件成功
2017-07-28T06:08:58: 读取文件成功
2017-07-28T06:09:58: 读取文件成功
2017-07-28T06:10:58: 读取文件成功
2017-07-28T06:11:58: 读取文件成功
2017-07-28T06:12:58: 读取文件成功
2017-07-28T06:13:58: 读取文件成功
2017-07-28T06:14:58: 读取文件成功
2017-07-28T06:15:58: 读取文件成功
2017-07-28T06:16:58: 读取文件成功
2017-07-28T06:17:58: 读取文件成功
2017-07-28T06:18:58: 读取文件成功
2017-07-28T06:19:58: 读取文件成功
2017-07-28T06:20:58: 读取文件成功
2017-07-28T06:21:58: 读取文件成功
2017-07-28T06:22:58: 读取文件成功
2017-07-28T06:23:58: 读取文件成功
2017-07-28T06:24:58: 读取文件成功
2017-07-28T06:25:58: 读取文件成功
2017-07-28T06:26:58: 读取文件成功
2017-07-28T06:27:58: 读取文件成功
2017-07-28T06:28:58: 读取文件成功
2017-07-28T06:29:58: 读取文件成功
2017-07-28T06:30:58: 读取文件成功
2017-07-28T06:31:58: 读取文件成功
2017-07-28T06:32:58: 读取文件成功
2017-07-28T06:33:58: 读取文件成功
2017-07-28T06:34:58: 读取文件成功
2017-07-28T06:35:58: 读取文件成功
2017-07-28T06:36:58: 读取文件成功
2017-07-28T06:37:58: 读取文件成功
2017-07-28T06:38:58: 读取文件成功
2017-07-28T06:39:58: 读取文件成功
2017-07-28T06:40:58: 读取文件成功
2017-07-28T06:41:58: 读取文件成功
2017-07-28T06:42:58: 读取文件成功
2017-07-28T06:43:58: 读取文件成功
2017-07-28T06:44:58: 读取文件成功
2017-07-28T06:45:58: 读取文件成功
2017-07-28T06:46:58: 读取文件成功
2017-07-28T06:47:58: 读取文件成功
2017-07-28T06:48:58: 读取文件成功
2017-07-28T06:49:58: 读取文件成功
2017-07-28T06:50:58: 读取文件成功
2017-07-28T06:51:58: 读取文件成功
2017-07-28T06:52:58: 读取文件成功
2017-07-28T06:53:58: 读取文件成功
2017-07-28T06:54:58: 读取文件成功
2017-07-28T06:55:58: 读取文件成功
2017-07-28T06:56:59: 读取文件成功
2017-07-28T06:57:58: 读取文件成功
2017-07-28T06:58:58: 读取文件成功
2017-07-28T06:59:58: 读取文件成功
2017-07-28T07:00:58: 读取文件成功
2017-07-28T07:01:58: 读取文件成功
2017-07-28T07:02:59: 读取文件成功
2017-07-28T07:03:58: 读取文件成功
2017-07-28T07:04:58: 读取文件成功
2017-07-28T07:05:58: 读取文件成功
2017-07-28T07:06:58: 读取文件成功
2017-07-28T07:07:58: 读取文件成功
2017-07-28T07:08:59: 读取文件成功
2017-07-28T07:09:59: 读取文件成功
2017-07-28T07:10:58: 读取文件成功
2017-07-28T07:11:58: 读取文件成功
2017-07-28T07:12:58: 读取文件成功
2017-07-28T07:13:59: 读取文件成功
2017-07-28T07:14:59: 读取文件成功
2017-07-28T07:15:59: 读取文件成功
2017-07-28T07:16:59: 读取文件成功
2017-07-28T07:17:59: 读取文件成功
2017-07-28T07:18:59: 读取文件成功
2017-07-28T07:19:59: 读取文件成功
2017-07-28T07:20:59: 读取文件成功
2017-07-28T07:21:59: 读取文件成功
2017-07-28T07:22:59: 读取文件成功
2017-07-28T07:23:59: 读取文件成功
2017-07-28T07:24:59: 读取文件成功
2017-07-28T07:25:59: 读取文件成功
2017-07-28T07:26:59: 读取文件成功
2017-07-28T07:27:59: 读取文件成功
2017-07-28T07:28:59: 读取文件成功
2017-07-28T07:29:59: 读取文件成功
2017-07-28T07:30:59: 读取文件成功
2017-07-28T07:31:59: 读取文件成功
2017-07-28T07:32:59: 读取文件成功
2017-07-28T07:33:59: 读取文件成功
2017-07-28T07:34:59: 读取文件成功
2017-07-28T07:35:59: 读取文件成功
2017-07-28T07:36:59: 读取文件成功
2017-07-28T07:37:59: 读取文件成功
2017-07-28T07:38:59: 读取文件成功
2017-07-28T07:39:59: 读取文件成功
2017-07-28T07:40:59: 读取文件成功
2017-07-28T07:41:59: 读取文件成功
2017-07-28T07:42:59: 读取文件成功
2017-07-28T07:43:59: 读取文件成功
2017-07-28T07:44:59: 读取文件成功
2017-07-28T07:45:59: 读取文件成功
2017-07-28T07:46:59: 读取文件成功
2017-07-28T07:47:59: 读取文件成功
2017-07-28T07:48:59: 读取文件成功
2017-07-28T07:49:59: 读取文件成功
2017-07-28T07:50:59: 读取文件成功
2017-07-28T07:51:59: 读取文件成功
2017-07-28T07:52:59: 读取文件成功
2017-07-28T07:53:59: 读取文件成功
2017-07-28T07:54:59: 读取文件成功
2017-07-28T07:55:59: 读取文件成功
2017-07-28T07:56:59: 读取文件成功
2017-07-28T07:57:59: 读取文件成功
2017-07-28T07:58:59: 读取文件成功
2017-07-28T07:59:59: 读取文件成功
2017-07-28T08:00:59: 读取文件成功
2017-07-28T08:01:59: 读取文件成功
2017-07-28T08:02:59: 读取文件成功
2017-07-28T08:03:59: 读取文件成功
2017-07-28T08:04:59: 读取文件成功
2017-07-28T08:05:59: 读取文件成功
2017-07-28T08:06:59: 读取文件成功
2017-07-28T08:07:59: 读取文件成功
2017-07-28T08:08:59: 读取文件成功
2017-07-28T08:09:59: 读取文件成功
2017-07-28T08:10:59: 读取文件成功
2017-07-28T08:11:59: 读取文件成功
2017-07-28T08:12:59: 读取文件成功
2017-07-28T08:13:59: 读取文件成功
2017-07-28T08:14:59: 读取文件成功
2017-07-28T08:15:59: 读取文件成功
2017-07-28T08:16:59: 读取文件成功
2017-07-28T08:17:59: 读取文件成功
2017-07-28T08:18:59: 读取文件成功
2017-07-28T08:19:59: 读取文件成功
2017-07-28T08:20:59: 读取文件成功
2017-07-28T08:21:59: 读取文件成功
2017-07-28T08:22:59: 读取文件成功
2017-07-28T08:23:59: 读取文件成功
2017-07-28T08:24:59: 读取文件成功
2017-07-28T08:25:59: 读取文件成功
2017-07-28T08:26:59: 读取文件成功
2017-07-28T08:27:59: 读取文件成功
2017-07-28T08:28:59: 读取文件成功
2017-07-28T08:29:59: 读取文件成功
2017-07-28T08:30:59: 读取文件成功
2017-07-28T08:31:59: 读取文件成功
2017-07-28T08:32:59: 读取文件成功
2017-07-28T08:33:59: 读取文件成功
2017-07-28T08:34:59: 读取文件成功
2017-07-28T08:35:59: 读取文件成功
2017-07-28T08:36:59: 读取文件成功
2017-07-28T08:38:00: 读取文件成功
2017-07-28T08:38:59: 读取文件成功
2017-07-28T08:39:59: 读取文件成功
2017-07-28T08:40:59: 读取文件成功
2017-07-28T08:41:59: 读取文件成功
2017-07-28T08:42:59: 读取文件成功
2017-07-28T08:44:00: 读取文件成功
2017-07-28T08:44:59: 读取文件成功
2017-07-28T08:45:59: 读取文件成功
2017-07-28T08:46:59: 读取文件成功
2017-07-28T08:47:59: 读取文件成功
2017-07-28T08:48:59: 读取文件成功
2017-07-28T08:50:00: 读取文件成功
2017-07-28T08:50:59: 读取文件成功
2017-07-28T08:51:59: 读取文件成功
2017-07-28T08:52:59: 读取文件成功
2017-07-28T08:53:59: 读取文件成功
2017-07-28T08:54:59: 读取文件成功
2017-07-28T08:56:00: 读取文件成功
2017-07-28T08:57:00: 读取文件成功
2017-07-28T08:58:00: 读取文件成功
2017-07-28T08:59:00: 读取文件成功
2017-07-28T09:00:00: 读取文件成功
2017-07-28T09:01:00: 读取文件成功
2017-07-28T09:02:00: 读取文件成功
2017-07-28T09:03:00: 读取文件成功
2017-07-28T09:04:00: 读取文件成功
2017-07-28T09:05:00: 读取文件成功
2017-07-28T09:06:00: 读取文件成功
2017-07-28T09:07:00: 读取文件成功
2017-07-28T09:08:00: 读取文件成功
2017-07-28T09:09:00: 读取文件成功
2017-07-28T09:10:00: 读取文件成功
2017-07-28T09:11:00: 读取文件成功
2017-07-28T09:12:00: 读取文件成功
2017-07-28T09:13:00: 读取文件成功
2017-07-28T09:14:00: 读取文件成功
2017-07-28T09:15:00: 读取文件成功
2017-07-28T09:16:00: 读取文件成功
2017-07-28T09:17:00: 读取文件成功
2017-07-28T09:18:00: 读取文件成功
2017-07-28T09:19:00: 读取文件成功
2017-07-28T09:20:00: 读取文件成功
2017-07-28T09:21:00: 读取文件成功
2017-07-28T09:22:00: 读取文件成功
2017-07-28T09:23:00: 读取文件成功
2017-07-28T09:24:00: 读取文件成功
2017-07-28T09:25:00: 读取文件成功
2017-07-28T09:26:00: 读取文件成功
2017-07-28T09:27:00: 读取文件成功
2017-07-28T09:28:00: 读取文件成功
2017-07-28T09:29:00: 读取文件成功
2017-07-28T09:30:00: 读取文件成功
2017-07-28T09:31:00: 读取文件成功
2017-07-28T09:32:00: 读取文件成功
2017-07-28T09:33:00: 读取文件成功
2017-07-28T09:34:00: 读取文件成功
2017-07-28T09:35:00: 读取文件成功
2017-07-28T09:36:00: 读取文件成功
2017-07-28T09:37:00: 读取文件成功
2017-07-28T09:38:00: 读取文件成功
2017-07-28T09:39:00: 读取文件成功
2017-07-28T09:40:00: 读取文件成功
2017-07-28T09:41:00: 读取文件成功
2017-07-28T09:42:00: 读取文件成功
2017-07-28T09:43:00: 读取文件成功
2017-07-28T09:44:00: 读取文件成功
2017-07-28T09:45:00: 读取文件成功
2017-07-28T09:46:00: 读取文件成功
2017-07-28T09:47:00: 读取文件成功
2017-07-28T09:48:00: 读取文件成功
2017-07-28T09:49:00: 读取文件成功
2017-07-28T09:50:00: 读取文件成功
2017-07-28T09:51:00: 读取文件成功
2017-07-28T09:52:00: 读取文件成功
2017-07-28T09:53:00: 读取文件成功
2017-07-28T09:54:00: 读取文件成功
2017-07-28T09:55:00: 读取文件成功
2017-07-28T09:56:00: 读取文件成功
2017-07-28T09:57:00: 读取文件成功
2017-07-28T09:58:01: 读取文件成功
2017-07-28T09:59:00: 读取文件成功
2017-07-28T10:00:02: 读取文件成功
2017-07-28T10:01:00: 读取文件成功
2017-07-28T10:02:00: 读取文件成功
2017-07-28T10:03:00: 读取文件成功
2017-07-28T10:04:00: 读取文件成功
2017-07-28T10:05:00: 读取文件成功
2017-07-28T10:06:00: 读取文件成功
2017-07-28T10:07:00: 读取文件成功
2017-07-28T10:08:00: 读取文件成功
2017-07-28T10:09:00: 读取文件成功
2017-07-28T10:10:00: 读取文件成功
2017-07-28T10:11:00: 读取文件成功
2017-07-28T10:12:00: 读取文件成功
2017-07-28T10:13:00: 读取文件成功
2017-07-28T10:14:00: 读取文件成功
2017-07-28T10:15:00: 读取文件成功
2017-07-28T10:16:00: 读取文件成功
2017-07-28T10:17:00: 读取文件成功
2017-07-28T10:18:00: 读取文件成功
2017-07-28T10:19:01: 读取文件成功
2017-07-28T10:20:00: 读取文件成功
2017-07-28T10:21:00: 读取文件成功
2017-07-28T10:22:00: 读取文件成功
2017-07-28T10:23:00: 读取文件成功
2017-07-28T10:24:00: 读取文件成功
2017-07-28T10:25:01: 读取文件成功
2017-07-28T10:26:00: 读取文件成功
2017-07-28T10:27:00: 读取文件成功
2017-07-28T10:28:00: 读取文件成功
2017-07-28T10:29:00: 读取文件成功
2017-07-28T10:30:00: 读取文件成功
2017-07-28T10:31:01: 读取文件成功
2017-07-28T10:32:00: 读取文件成功
2017-07-28T10:33:00: 读取文件成功
2017-07-28T10:34:00: 读取文件成功
2017-07-28T10:35:01: 读取文件成功
2017-07-28T10:36:01: 读取文件成功
2017-07-28T10:37:01: 读取文件成功
2017-07-28T10:38:01: 读取文件成功
2017-07-28T10:39:01: 读取文件成功
2017-07-28T10:40:01: 读取文件成功
2017-07-28T10:41:01: 读取文件成功
2017-07-28T10:42:01: 读取文件成功
2017-07-28T10:43:01: 读取文件成功
2017-07-28T10:44:01: 读取文件成功
2017-07-28T10:45:01: 读取文件成功
2017-07-28T10:46:01: 读取文件成功
2017-07-28T10:47:01: 读取文件成功
2017-07-28T10:48:01: 读取文件成功
2017-07-28T10:49:01: 读取文件成功
2017-07-28T10:50:01: 读取文件成功
2017-07-28T10:51:01: 读取文件成功
2017-07-28T10:52:01: 读取文件成功
2017-07-28T10:53:01: 读取文件成功
2017-07-28T10:54:01: 读取文件成功
2017-07-28T10:55:01: 读取文件成功
2017-07-28T10:56:01: 读取文件成功
2017-07-28T10:57:01: 读取文件成功
2017-07-28T10:58:01: 读取文件成功
2017-07-28T10:59:01: 读取文件成功
2017-07-28T11:00:01: 读取文件成功
2017-07-28T11:01:01: 读取文件成功
2017-07-28T11:02:01: 读取文件成功
2017-07-28T11:03:01: 读取文件成功
2017-07-28T11:04:01: 读取文件成功
2017-07-28T11:05:01: 读取文件成功
2017-07-28T11:06:01: 读取文件成功
2017-07-28T11:07:01: 读取文件成功
2017-07-28T11:08:01: 读取文件成功
2017-07-28T11:09:01: 读取文件成功
2017-07-28T11:10:01: 读取文件成功
2017-07-28T11:11:01: 读取文件成功
2017-07-28T11:12:01: 读取文件成功
2017-07-28T11:13:01: 读取文件成功
2017-07-28T11:14:01: 读取文件成功
2017-07-28T11:15:01: 读取文件成功
2017-07-28T11:16:01: 读取文件成功
2017-07-28T11:17:01: 读取文件成功
2017-07-28T11:18:01: 读取文件成功
2017-07-28T11:19:01: 读取文件成功
2017-07-28T11:20:01: 读取文件成功
2017-07-28T11:21:01: 读取文件成功
2017-07-28T11:22:01: 读取文件成功
2017-07-28T11:23:01: 读取文件成功
2017-07-28T11:24:01: 读取文件成功
2017-07-28T11:25:01: 读取文件成功
2017-07-28T11:26:01: 读取文件成功
2017-07-28T11:27:01: 读取文件成功
2017-07-28T11:28:01: 读取文件成功
2017-07-28T11:29:01: 读取文件成功
2017-07-28T11:30:01: 读取文件成功
2017-07-28T11:31:01: 读取文件成功
2017-07-28T11:32:01: 读取文件成功
2017-07-28T11:33:01: 读取文件成功
2017-07-28T11:34:01: 读取文件成功
2017-07-28T11:35:01: 读取文件成功
2017-07-28T11:36:01: 读取文件成功
2017-07-28T11:37:01: 读取文件成功
2017-07-28T11:38:01: 读取文件成功
2017-07-28T11:39:01: 读取文件成功
2017-07-28T11:40:01: 读取文件成功
2017-07-28T11:41:01: 读取文件成功
2017-07-28T11:42:01: 读取文件成功
2017-07-28T11:43:01: 读取文件成功
2017-07-28T11:44:01: 读取文件成功
2017-07-28T11:45:01: 读取文件成功
2017-07-28T11:46:01: 读取文件成功
2017-07-28T11:47:01: 读取文件成功
2017-07-28T11:48:01: 读取文件成功
2017-07-28T11:49:01: 读取文件成功
2017-07-28T11:50:01: 读取文件成功
2017-07-28T11:51:01: 读取文件成功
2017-07-28T11:52:01: 读取文件成功
2017-07-28T11:53:01: 读取文件成功
2017-07-28T11:54:01: 读取文件成功
2017-07-28T11:55:01: 读取文件成功
2017-07-28T11:56:01: 读取文件成功
2017-07-28T11:57:01: 读取文件成功
2017-07-28T11:58:01: 读取文件成功
2017-07-28T11:59:01: 读取文件成功
2017-07-28T12:00:01: 读取文件成功
2017-07-28T12:01:01: 读取文件成功
2017-07-28T12:02:01: 读取文件成功
2017-07-28T12:03:01: 读取文件成功
2017-07-28T12:04:01: 读取文件成功
2017-07-28T12:05:01: 读取文件成功
2017-07-28T12:06:02: 读取文件成功
2017-07-28T12:07:01: 读取文件成功
2017-07-28T12:08:02: 读取文件成功
2017-07-28T12:09:01: 读取文件成功
2017-07-28T12:10:01: 读取文件成功
2017-07-28T12:11:01: 读取文件成功
2017-07-28T12:12:02: 读取文件成功
2017-07-28T12:13:01: 读取文件成功
2017-07-28T12:14:01: 读取文件成功
2017-07-28T12:15:01: 读取文件成功
2017-07-28T12:16:01: 读取文件成功
2017-07-28T12:17:01: 读取文件成功
2017-07-28T12:18:02: 读取文件成功
2017-07-28T12:19:02: 读取文件成功
2017-07-28T12:20:02: 读取文件成功
2017-07-28T12:21:02: 读取文件成功
2017-07-28T12:22:02: 读取文件成功
2017-07-28T12:23:02: 读取文件成功
2017-07-28T12:24:02: 读取文件成功
2017-07-28T12:25:02: 读取文件成功
2017-07-28T12:26:02: 读取文件成功
2017-07-28T12:27:02: 读取文件成功
2017-07-28T12:28:02: 读取文件成功
2017-07-28T12:29:02: 读取文件成功
2017-07-28T12:30:02: 读取文件成功
2017-07-28T12:31:02: 读取文件成功
2017-07-28T12:32:02: 读取文件成功
2017-07-28T12:33:02: 读取文件成功
2017-07-28T12:34:02: 读取文件成功
2017-07-28T12:35:02: 读取文件成功
2017-07-28T12:36:02: 读取文件成功
2017-07-28T12:37:02: 读取文件成功
2017-07-28T12:38:02: 读取文件成功
2017-07-28T12:39:02: 读取文件成功
2017-07-28T12:40:02: 读取文件成功
2017-07-28T12:41:02: 读取文件成功
2017-07-28T12:42:02: 读取文件成功
2017-07-28T12:43:02: 读取文件成功
2017-07-28T12:44:02: 读取文件成功
2017-07-28T12:45:02: 读取文件成功
2017-07-28T12:46:02: 读取文件成功
2017-07-28T12:47:02: 读取文件成功
2017-07-28T12:48:02: 读取文件成功
2017-07-28T12:49:02: 读取文件成功
2017-07-28T12:50:02: 读取文件成功
2017-07-28T12:51:02: 读取文件成功
2017-07-28T12:52:02: 读取文件成功
2017-07-28T12:53:02: 读取文件成功
2017-07-28T12:54:02: 读取文件成功
2017-07-28T12:55:02: 读取文件成功
2017-07-28T12:56:02: 读取文件成功
2017-07-28T12:57:02: 读取文件成功
2017-07-28T12:58:02: 读取文件成功
2017-07-28T12:59:02: 读取文件成功
2017-07-28T13:00:02: 读取文件成功
2017-07-28T13:01:02: 读取文件成功
2017-07-28T13:02:02: 读取文件成功
2017-07-28T13:03:02: 读取文件成功
2017-07-28T13:04:02: 读取文件成功
2017-07-28T13:05:02: 读取文件成功
2017-07-28T13:06:02: 读取文件成功
2017-07-28T13:07:02: 读取文件成功
2017-07-28T13:08:02: 读取文件成功
2017-07-28T13:09:02: 读取文件成功
2017-07-28T13:10:02: 读取文件成功
2017-07-28T13:11:02: 读取文件成功
2017-07-28T13:12:02: 读取文件成功
2017-07-28T13:13:02: 读取文件成功
2017-07-28T13:14:02: 读取文件成功
2017-07-28T13:15:02: 读取文件成功
2017-07-28T13:16:02: 读取文件成功
2017-07-28T13:17:02: 读取文件成功
2017-07-28T13:18:02: 读取文件成功
2017-07-28T13:19:02: 读取文件成功
2017-07-28T13:20:02: 读取文件成功
2017-07-28T13:21:02: 读取文件成功
2017-07-28T13:22:02: 读取文件成功
2017-07-28T13:23:02: 读取文件成功
2017-07-28T13:24:02: 读取文件成功
2017-07-28T13:25:02: 读取文件成功
2017-07-28T13:26:02: 读取文件成功
2017-07-28T13:27:03: 读取文件成功
2017-07-28T13:28:03: 读取文件成功
2017-07-28T13:29:02: 读取文件成功
2017-07-28T13:30:02: 读取文件成功
2017-07-28T13:31:02: 读取文件成功
2017-07-28T13:32:02: 读取文件成功
2017-07-28T13:33:02: 读取文件成功
2017-07-28T13:34:02: 读取文件成功
2017-07-28T13:35:02: 读取文件成功
2017-07-28T13:36:02: 读取文件成功
2017-07-28T13:37:02: 读取文件成功
2017-07-28T13:38:02: 读取文件成功
2017-07-28T13:39:02: 读取文件成功
2017-07-28T13:40:02: 读取文件成功
2017-07-28T13:41:03: 读取文件成功
2017-07-28T13:42:02: 读取文件成功
2017-07-28T13:43:02: 读取文件成功
2017-07-28T13:44:02: 读取文件成功
2017-07-28T13:45:03: 读取文件成功
2017-07-28T13:46:03: 读取文件成功
2017-07-28T13:47:03: 读取文件成功
2017-07-28T13:48:03: 读取文件成功
2017-07-28T13:49:03: 读取文件成功
2017-07-28T13:50:03: 读取文件成功
2017-07-28T13:51:03: 读取文件成功
2017-07-28T13:52:03: 读取文件成功
2017-07-28T13:53:03: 读取文件成功
2017-07-28T13:54:03: 读取文件成功
2017-07-28T13:55:03: 读取文件成功
2017-07-28T13:56:03: 读取文件成功
2017-07-28T13:57:03: 读取文件成功
2017-07-28T13:58:03: 读取文件成功
2017-07-28T13:59:03: 读取文件成功
2017-07-28T14:00:03: 读取文件成功
2017-07-28T14:01:03: 读取文件成功
2017-07-28T14:02:03: 读取文件成功
2017-07-28T14:03:03: 读取文件成功
2017-07-28T14:04:03: 读取文件成功
2017-07-28T14:05:03: 读取文件成功
2017-07-28T14:06:03: 读取文件成功
2017-07-28T14:07:03: 读取文件成功
2017-07-28T14:08:03: 读取文件成功
2017-07-28T14:09:03: 读取文件成功
2017-07-28T14:10:03: 读取文件成功
2017-07-28T14:11:03: 读取文件成功
2017-07-28T14:12:03: 读取文件成功
2017-07-28T14:13:03: 读取文件成功
2017-07-28T14:14:03: 读取文件成功
2017-07-28T14:15:03: 读取文件成功
2017-07-28T14:16:03: 读取文件成功
2017-07-28T14:17:03: 读取文件成功
2017-07-28T14:18:03: 读取文件成功
2017-07-28T14:19:03: 读取文件成功
2017-07-28T14:20:03: 读取文件成功
2017-07-28T14:21:03: 读取文件成功
2017-07-28T14:22:03: 读取文件成功
2017-07-28T14:23:03: 读取文件成功
2017-07-28T14:24:03: 读取文件成功
2017-07-28T14:25:03: 读取文件成功
2017-07-28T14:26:03: 读取文件成功
2017-07-28T14:27:03: 读取文件成功
2017-07-28T14:28:03: 读取文件成功
2017-07-28T14:29:03: 读取文件成功
2017-07-28T14:30:03: 读取文件成功
2017-07-28T14:31:03: 读取文件成功
2017-07-28T14:32:03: 读取文件成功
2017-07-28T14:33:03: 读取文件成功
2017-07-28T14:34:03: 读取文件成功
2017-07-28T14:35:03: 读取文件成功
2017-07-28T14:36:03: 读取文件成功
2017-07-28T14:37:03: 读取文件成功
2017-07-28T14:38:03: 读取文件成功
2017-07-28T14:39:03: 读取文件成功
2017-07-28T14:40:03: 读取文件成功
2017-07-28T14:41:03: 读取文件成功
2017-07-28T14:42:03: 读取文件成功
2017-07-28T14:43:03: 读取文件成功
2017-07-28T14:44:03: 读取文件成功
2017-07-28T14:45:03: 读取文件成功
2017-07-28T14:46:03: 读取文件成功
2017-07-28T14:47:03: 读取文件成功
2017-07-28T14:48:03: 读取文件成功
2017-07-28T14:49:03: 读取文件成功
2017-07-28T14:50:03: 读取文件成功
2017-07-28T14:51:03: 读取文件成功
2017-07-28T14:52:03: 读取文件成功
2017-07-28T14:53:03: 读取文件成功
2017-07-28T14:54:03: 读取文件成功
2017-07-28T14:55:03: 读取文件成功
2017-07-28T14:56:03: 读取文件成功
2017-07-28T14:57:03: 读取文件成功
2017-07-28T14:58:03: 读取文件成功
2017-07-28T14:59:03: 读取文件成功
2017-07-28T15:00:03: 读取文件成功
2017-07-28T15:01:03: 读取文件成功
2017-07-28T15:02:03: 读取文件成功
2017-07-28T15:03:03: 读取文件成功
2017-07-28T15:04:03: 读取文件成功
2017-07-28T15:05:03: 读取文件成功
2017-07-28T15:06:03: 读取文件成功
2017-07-28T15:07:03: 读取文件成功
2017-07-28T15:08:03: 读取文件成功
2017-07-28T15:09:03: 读取文件成功
2017-07-28T15:10:03: 读取文件成功
2017-07-28T15:11:03: 读取文件成功
2017-07-28T15:12:03: 读取文件成功
2017-07-28T15:13:03: 读取文件成功
2017-07-28T15:14:03: 读取文件成功
2017-07-28T15:15:03: 读取文件成功
2017-07-28T15:16:03: 读取文件成功
2017-07-28T15:17:03: 读取文件成功
2017-07-28T15:18:03: 读取文件成功
2017-07-28T15:19:03: 读取文件成功
2017-07-28T15:20:03: 读取文件成功
2017-07-28T15:21:03: 读取文件成功
2017-07-28T15:22:03: 读取文件成功
2017-07-28T15:23:03: 读取文件成功
2017-07-28T15:24:03: 读取文件成功
2017-07-28T15:25:03: 读取文件成功
2017-07-28T15:26:03: 读取文件成功
2017-07-28T15:27:03: 读取文件成功
2017-07-28T15:28:04: 读取文件成功
2017-07-28T15:29:04: 读取文件成功
2017-07-28T15:30:04: 读取文件成功
2017-07-28T15:31:04: 读取文件成功
2017-07-28T15:32:04: 读取文件成功
2017-07-28T15:33:04: 读取文件成功
2017-07-28T15:34:04: 读取文件成功
2017-07-28T15:35:04: 读取文件成功
2017-07-28T15:36:04: 读取文件成功
2017-07-28T15:37:04: 读取文件成功
2017-07-28T15:38:04: 读取文件成功
2017-07-28T15:39:04: 读取文件成功
2017-07-28T15:40:04: 读取文件成功
2017-07-28T15:41:04: 读取文件成功
2017-07-28T15:42:04: 读取文件成功
2017-07-28T15:43:04: 读取文件成功
2017-07-28T15:44:04: 读取文件成功
2017-07-28T15:45:04: 读取文件成功
2017-07-28T15:46:04: 读取文件成功
2017-07-28T15:47:04: 读取文件成功
2017-07-28T15:48:04: 读取文件成功
2017-07-28T15:49:04: 读取文件成功
2017-07-28T15:50:04: 读取文件成功
2017-07-28T15:51:04: 读取文件成功
2017-07-28T15:52:04: 读取文件成功
2017-07-28T15:53:04: 读取文件成功
2017-07-28T15:54:04: 读取文件成功
2017-07-28T15:55:04: 读取文件成功
2017-07-28T15:56:04: 读取文件成功
2017-07-28T15:57:04: 读取文件成功
2017-07-28T15:58:04: 读取文件成功
2017-07-28T15:59:04: 读取文件成功
2017-07-28T16:00:04: 读取文件成功
2017-07-28T16:01:04: 读取文件成功
2017-07-28T16:02:04: 读取文件成功
2017-07-28T16:03:04: 读取文件成功
2017-07-28T16:04:04: 读取文件成功
2017-07-28T16:05:04: 读取文件成功
2017-07-28T16:06:04: 读取文件成功
2017-07-28T16:07:04: 读取文件成功
2017-07-28T16:08:04: 读取文件成功
2017-07-28T16:09:04: 读取文件成功
2017-07-28T16:10:04: 读取文件成功
2017-07-28T16:11:04: 读取文件成功
2017-07-28T16:12:04: 读取文件成功
2017-07-28T16:13:04: 读取文件成功
2017-07-28T16:14:04: 读取文件成功
2017-07-28T16:15:04: 读取文件成功
2017-07-28T16:16:04: 读取文件成功
2017-07-28T16:17:04: 读取文件成功
2017-07-28T16:18:04: 读取文件成功
2017-07-28T16:19:04: 读取文件成功
2017-07-28T16:20:04: 读取文件成功
2017-07-28T16:21:04: 读取文件成功
2017-07-28T16:22:04: 读取文件成功
2017-07-28T16:23:04: 读取文件成功
2017-07-28T16:24:04: 读取文件成功
2017-07-28T16:25:04: 读取文件成功
2017-07-28T16:26:04: 读取文件成功
2017-07-28T16:27:04: 读取文件成功
2017-07-28T16:28:04: 读取文件成功
2017-07-28T16:29:04: 读取文件成功
2017-07-28T16:30:04: 读取文件成功
2017-07-28T16:31:04: 读取文件成功
2017-07-28T16:32:04: 读取文件成功
2017-07-28T16:33:04: 读取文件成功
2017-07-28T16:34:04: 读取文件成功
2017-07-28T16:35:04: 读取文件成功
2017-07-28T16:36:04: 读取文件成功
2017-07-28T16:37:04: 读取文件成功
2017-07-28T16:38:04: 读取文件成功
2017-07-28T16:39:05: 读取文件成功
2017-07-28T16:40:04: 读取文件成功
2017-07-28T16:41:04: 读取文件成功
2017-07-28T16:42:04: 读取文件成功
2017-07-28T16:43:04: 读取文件成功
2017-07-28T16:44:04: 读取文件成功
2017-07-28T16:45:05: 读取文件成功
2017-07-28T16:46:04: 读取文件成功
2017-07-28T16:47:04: 读取文件成功
2017-07-28T16:48:04: 读取文件成功
2017-07-28T16:49:04: 读取文件成功
2017-07-28T16:50:04: 读取文件成功
2017-07-28T16:51:05: 读取文件成功
2017-07-28T16:52:04: 读取文件成功
2017-07-28T16:53:04: 读取文件成功
2017-07-28T16:54:04: 读取文件成功
2017-07-28T16:55:04: 读取文件成功
2017-07-28T16:56:04: 读取文件成功
2017-07-28T16:57:05: 读取文件成功
2017-07-28T16:58:04: 读取文件成功
2017-07-28T16:59:04: 读取文件成功
2017-07-28T17:00:04: 读取文件成功
2017-07-28T17:01:04: 读取文件成功
2017-07-28T17:02:04: 读取文件成功
2017-07-28T17:03:05: 读取文件成功
2017-07-28T17:04:04: 读取文件成功
2017-07-28T17:05:04: 读取文件成功
2017-07-28T17:06:04: 读取文件成功
2017-07-28T17:07:04: 读取文件成功
2017-07-28T17:08:04: 读取文件成功
2017-07-28T17:09:05: 读取文件成功
2017-07-28T17:10:05: 读取文件成功
2017-07-28T17:11:04: 读取文件成功
2017-07-28T17:12:05: 读取文件成功
2017-07-28T17:13:05: 读取文件成功
2017-07-28T17:14:05: 读取文件成功
2017-07-28T17:15:05: 读取文件成功
2017-07-28T17:16:05: 读取文件成功
2017-07-28T17:17:05: 读取文件成功
2017-07-28T17:18:05: 读取文件成功
2017-07-28T17:19:05: 读取文件成功
2017-07-28T17:20:05: 读取文件成功
2017-07-28T17:21:05: 读取文件成功
2017-07-28T17:22:05: 读取文件成功
2017-07-28T17:23:05: 读取文件成功
2017-07-28T17:24:05: 读取文件成功
2017-07-28T17:25:05: 读取文件成功
2017-07-28T17:26:05: 读取文件成功
2017-07-28T17:27:05: 读取文件成功
2017-07-28T17:28:05: 读取文件成功
2017-07-28T17:29:05: 读取文件成功
2017-07-28T17:30:05: 读取文件成功
2017-07-28T17:31:05: 读取文件成功
2017-07-28T17:32:05: 读取文件成功
2017-07-28T17:33:05: 读取文件成功
2017-07-28T17:34:05: 读取文件成功
2017-07-28T17:35:05: 读取文件成功
2017-07-28T17:36:05: 读取文件成功
2017-07-28T17:37:05: 读取文件成功
2017-07-28T17:38:05: 读取文件成功
2017-07-28T17:39:05: 读取文件成功
2017-07-28T17:40:05: 读取文件成功
2017-07-28T17:41:05: 读取文件成功
2017-07-28T17:42:05: 读取文件成功
2017-07-28T17:43:05: 读取文件成功
2017-07-28T17:44:05: 读取文件成功
2017-07-28T17:45:05: 读取文件成功
2017-07-28T17:46:05: 读取文件成功
2017-07-28T17:47:05: 读取文件成功
2017-07-28T17:48:05: 读取文件成功
2017-07-28T17:49:05: 读取文件成功
2017-07-28T17:50:05: 读取文件成功
2017-07-28T17:51:05: 读取文件成功
2017-07-28T17:52:05: 读取文件成功
2017-07-28T17:53:05: 读取文件成功
2017-07-28T17:54:05: 读取文件成功
2017-07-28T17:55:05: 读取文件成功
2017-07-28T17:56:05: 读取文件成功
2017-07-28T17:57:05: 读取文件成功
2017-07-28T17:58:05: 读取文件成功
2017-07-28T17:59:05: 读取文件成功
2017-07-28T18:00:05: 读取文件成功
2017-07-28T18:01:05: 读取文件成功
2017-07-28T18:02:05: 读取文件成功
2017-07-28T18:03:06: 读取文件成功
2017-07-28T18:04:05: 读取文件成功
2017-07-28T18:05:05: 读取文件成功
2017-07-28T18:06:05: 读取文件成功
2017-07-28T18:07:05: 读取文件成功
2017-07-28T18:08:05: 读取文件成功
2017-07-28T18:09:05: 读取文件成功
2017-07-28T18:10:05: 读取文件成功
2017-07-28T18:11:05: 读取文件成功
2017-07-28T18:12:05: 读取文件成功
2017-07-28T18:13:05: 读取文件成功
2017-07-28T18:14:05: 读取文件成功
2017-07-28T18:15:05: 读取文件成功
2017-07-28T18:16:05: 读取文件成功
2017-07-28T18:17:05: 读取文件成功
2017-07-28T18:18:05: 读取文件成功
2017-07-28T18:19:05: 读取文件成功
2017-07-28T18:20:05: 读取文件成功
2017-07-28T18:21:05: 读取文件成功
2017-07-28T18:22:05: 读取文件成功
2017-07-28T18:23:05: 读取文件成功
2017-07-28T18:24:06: 读取文件成功
2017-07-28T18:25:05: 读取文件成功
2017-07-28T18:26:05: 读取文件成功
2017-07-28T18:27:05: 读取文件成功
2017-07-28T18:28:05: 读取文件成功
2017-07-28T18:29:05: 读取文件成功
2017-07-28T18:30:05: 读取文件成功
2017-07-28T18:31:05: 读取文件成功
2017-07-28T18:32:05: 读取文件成功
2017-07-28T18:33:05: 读取文件成功
2017-07-28T18:34:05: 读取文件成功
2017-07-28T18:35:05: 读取文件成功
2017-07-28T18:36:05: 读取文件成功
2017-07-28T18:37:05: 读取文件成功
2017-07-28T18:38:05: 读取文件成功
2017-07-28T18:39:05: 读取文件成功
2017-07-28T18:40:05: 读取文件成功
2017-07-28T18:41:05: 读取文件成功
2017-07-28T18:42:05: 读取文件成功
2017-07-28T18:43:05: 读取文件成功
2017-07-28T18:44:06: 读取文件成功
2017-07-28T18:45:05: 读取文件成功
2017-07-28T18:46:05: 读取文件成功
2017-07-28T18:47:05: 读取文件成功
2017-07-28T18:48:05: 读取文件成功
2017-07-28T18:49:05: 读取文件成功
2017-07-28T18:50:05: 读取文件成功
2017-07-28T18:51:05: 读取文件成功
2017-07-28T18:52:05: 读取文件成功
2017-07-28T18:53:05: 读取文件成功
2017-07-28T18:54:05: 读取文件成功
2017-07-28T18:55:05: 读取文件成功
2017-07-28T18:56:06: 读取文件成功
2017-07-28T18:57:05: 读取文件成功
2017-07-28T18:58:05: 读取文件成功
2017-07-28T18:59:05: 读取文件成功
2017-07-28T19:00:05: 读取文件成功
2017-07-28T19:01:05: 读取文件成功
2017-07-28T19:02:06: 读取文件成功
2017-07-28T19:03:05: 读取文件成功
2017-07-28T19:04:05: 读取文件成功
2017-07-28T19:05:05: 读取文件成功
2017-07-28T19:06:06: 读取文件成功
2017-07-28T19:07:06: 读取文件成功
2017-07-28T19:08:06: 读取文件成功
2017-07-28T19:09:06: 读取文件成功
2017-07-28T19:10:06: 读取文件成功
2017-07-28T19:11:06: 读取文件成功
2017-07-28T19:12:06: 读取文件成功
2017-07-28T19:13:06: 读取文件成功
2017-07-28T19:14:06: 读取文件成功
2017-07-28T19:15:06: 读取文件成功
2017-07-28T19:16:06: 读取文件成功
2017-07-28T19:17:06: 读取文件成功
2017-07-28T19:18:06: 读取文件成功
2017-07-28T19:19:06: 读取文件成功
2017-07-28T19:20:06: 读取文件成功
2017-07-28T19:21:06: 读取文件成功
2017-07-28T19:22:06: 读取文件成功
2017-07-28T19:23:06: 读取文件成功
2017-07-28T19:24:06: 读取文件成功
2017-07-28T19:25:06: 读取文件成功
2017-07-28T19:26:06: 读取文件成功
2017-07-28T19:27:06: 读取文件成功
2017-07-28T19:28:06: 读取文件成功
2017-07-28T19:29:06: 读取文件成功
2017-07-28T19:30:06: 读取文件成功
2017-07-28T19:31:06: 读取文件成功
2017-07-28T19:32:06: 读取文件成功
2017-07-28T19:33:06: 读取文件成功
2017-07-28T19:34:06: 读取文件成功
2017-07-28T19:35:06: 读取文件成功
2017-07-28T19:36:06: 读取文件成功
2017-07-28T19:37:06: 读取文件成功
2017-07-28T19:38:06: 读取文件成功
2017-07-28T19:39:06: 读取文件成功
2017-07-28T19:40:06: 读取文件成功
2017-07-28T19:41:06: 读取文件成功
2017-07-28T19:42:06: 读取文件成功
2017-07-28T19:43:06: 读取文件成功
2017-07-28T19:44:06: 读取文件成功
2017-07-28T19:45:06: 读取文件成功
2017-07-28T19:46:06: 读取文件成功
2017-07-28T19:47:06: 读取文件成功
2017-07-28T19:48:06: 读取文件成功
2017-07-28T19:49:06: 读取文件成功
2017-07-28T19:50:06: 读取文件成功
2017-07-28T19:51:06: 读取文件成功
2017-07-28T19:52:06: 读取文件成功
2017-07-28T19:53:06: 读取文件成功
2017-07-28T19:54:06: 读取文件成功
2017-07-28T19:55:06: 读取文件成功
2017-07-28T19:56:06: 读取文件成功
2017-07-28T19:57:06: 读取文件成功
2017-07-28T19:58:06: 读取文件成功
2017-07-28T19:59:06: 读取文件成功
2017-07-28T20:00:06: 读取文件成功
2017-07-28T20:01:06: 读取文件成功
2017-07-28T20:02:06: 读取文件成功
2017-07-28T20:03:06: 读取文件成功
2017-07-28T20:04:06: 读取文件成功
2017-07-28T20:05:06: 读取文件成功
2017-07-28T20:06:06: 读取文件成功
2017-07-28T20:07:06: 读取文件成功
2017-07-28T20:08:06: 读取文件成功
2017-07-28T20:09:06: 读取文件成功
2017-07-28T20:10:06: 读取文件成功
2017-07-28T20:11:06: 读取文件成功
2017-07-28T20:12:06: 读取文件成功
2017-07-28T20:13:06: 读取文件成功
2017-07-28T20:14:06: 读取文件成功
2017-07-28T20:15:06: 读取文件成功
2017-07-28T20:16:06: 读取文件成功
2017-07-28T20:17:06: 读取文件成功
2017-07-28T20:18:06: 读取文件成功
2017-07-28T20:19:07: 读取文件成功
2017-07-28T20:20:06: 读取文件成功
2017-07-28T20:21:06: 读取文件成功
2017-07-28T20:22:06: 读取文件成功
2017-07-28T20:23:06: 读取文件成功
2017-07-28T20:24:06: 读取文件成功
2017-07-28T20:25:07: 读取文件成功
2017-07-28T20:26:06: 读取文件成功
2017-07-28T20:27:06: 读取文件成功
2017-07-28T20:28:06: 读取文件成功
2017-07-28T20:29:06: 读取文件成功
2017-07-28T20:30:06: 读取文件成功
2017-07-28T20:31:07: 读取文件成功
2017-07-28T20:32:06: 读取文件成功
2017-07-28T20:33:06: 读取文件成功
2017-07-28T20:34:06: 读取文件成功
2017-07-28T20:35:06: 读取文件成功
2017-07-28T20:36:07: 读取文件成功
2017-07-28T20:37:07: 读取文件成功
2017-07-28T20:38:06: 读取文件成功
2017-07-28T20:39:07: 读取文件成功
2017-07-28T20:40:07: 读取文件成功
2017-07-28T20:41:07: 读取文件成功
2017-07-28T20:42:07: 读取文件成功
2017-07-28T20:43:07: 读取文件成功
2017-07-28T20:44:07: 读取文件成功
2017-07-28T20:45:07: 读取文件成功
2017-07-28T20:46:07: 读取文件成功
2017-07-28T20:47:08: 读取文件成功
2017-07-28T20:48:07: 读取文件成功
2017-07-28T20:49:07: 读取文件成功
2017-07-28T20:50:07: 读取文件成功
2017-07-28T20:51:07: 读取文件成功
2017-07-28T20:52:07: 读取文件成功
2017-07-28T20:53:07: 读取文件成功
2017-07-28T20:54:07: 读取文件成功
2017-07-28T20:55:07: 读取文件成功
2017-07-28T20:56:07: 读取文件成功
2017-07-28T20:57:07: 读取文件成功
2017-07-28T20:58:07: 读取文件成功
2017-07-28T20:59:07: 读取文件成功
2017-07-28T21:00:07: 读取文件成功
2017-07-28T21:01:07: 读取文件成功
2017-07-28T21:02:07: 读取文件成功
2017-07-28T21:03:07: 读取文件成功
2017-07-28T21:04:07: 读取文件成功
2017-07-28T21:05:07: 读取文件成功
2017-07-28T21:06:07: 读取文件成功
2017-07-28T21:07:07: 读取文件成功
2017-07-28T21:08:07: 读取文件成功
2017-07-28T21:09:07: 读取文件成功
2017-07-28T21:10:07: 读取文件成功
2017-07-28T21:11:07: 读取文件成功
2017-07-28T21:12:07: 读取文件成功
2017-07-28T21:13:07: 读取文件成功
2017-07-28T21:14:07: 读取文件成功
2017-07-28T21:15:07: 读取文件成功
2017-07-28T21:16:07: 读取文件成功
2017-07-28T21:17:07: 读取文件成功
2017-07-28T21:18:07: 读取文件成功
2017-07-28T21:19:07: 读取文件成功
2017-07-28T21:20:07: 读取文件成功
2017-07-28T21:21:07: 读取文件成功
2017-07-28T21:22:07: 读取文件成功
2017-07-28T21:23:07: 读取文件成功
2017-07-28T21:24:07: 读取文件成功
2017-07-28T21:25:07: 读取文件成功
2017-07-28T21:26:07: 读取文件成功
2017-07-28T21:27:07: 读取文件成功
2017-07-28T21:28:07: 读取文件成功
2017-07-28T21:29:07: 读取文件成功
2017-07-28T21:30:07: 读取文件成功
2017-07-28T21:31:07: 读取文件成功
2017-07-28T21:32:07: 读取文件成功
2017-07-28T21:33:07: 读取文件成功
2017-07-28T21:34:07: 读取文件成功
2017-07-28T21:35:07: 读取文件成功
2017-07-28T21:36:08: 读取文件成功
2017-07-28T21:37:07: 读取文件成功
2017-07-28T21:38:07: 读取文件成功
2017-07-28T21:39:07: 读取文件成功
2017-07-28T21:40:07: 读取文件成功
2017-07-28T21:41:07: 读取文件成功
2017-07-28T21:42:07: 读取文件成功
2017-07-28T21:43:07: 读取文件成功
2017-07-28T21:44:07: 读取文件成功
2017-07-28T21:45:07: 读取文件成功
2017-07-28T21:46:07: 读取文件成功
2017-07-28T21:47:07: 读取文件成功
2017-07-28T21:48:07: 读取文件成功
2017-07-28T21:49:07: 读取文件成功
2017-07-28T21:50:07: 读取文件成功
2017-07-28T21:51:07: 读取文件成功
2017-07-28T21:52:07: 读取文件成功
2017-07-28T21:53:07: 读取文件成功
2017-07-28T21:54:07: 读取文件成功
2017-07-28T21:55:07: 读取文件成功
2017-07-28T21:56:07: 读取文件成功
2017-07-28T21:57:07: 读取文件成功
2017-07-28T21:58:07: 读取文件成功
2017-07-28T21:59:07: 读取文件成功
2017-07-28T22:00:07: 读取文件成功
2017-07-28T22:01:07: 读取文件成功
2017-07-28T22:02:07: 读取文件成功
2017-07-28T22:03:07: 读取文件成功
2017-07-28T22:04:07: 读取文件成功
2017-07-28T22:05:07: 读取文件成功
2017-07-28T22:06:08: 读取文件成功
2017-07-28T22:07:07: 读取文件成功
2017-07-28T22:08:07: 读取文件成功
2017-07-28T22:09:07: 读取文件成功
2017-07-28T22:10:07: 读取文件成功
2017-07-28T22:11:07: 读取文件成功
2017-07-28T22:12:08: 读取文件成功
2017-07-28T22:13:07: 读取文件成功
2017-07-28T22:14:08: 读取文件成功
2017-07-28T22:15:07: 读取文件成功
2017-07-28T22:16:07: 读取文件成功
2017-07-28T22:17:07: 读取文件成功
2017-07-28T22:18:08: 读取文件成功
2017-07-28T22:19:07: 读取文件成功
2017-07-28T22:20:07: 读取文件成功
2017-07-28T22:21:08: 读取文件成功
2017-07-28T22:22:07: 读取文件成功
2017-07-28T22:23:08: 读取文件成功
2017-07-28T22:24:08: 读取文件成功
2017-07-28T22:25:07: 读取文件成功
2017-07-28T22:26:08: 读取文件成功
2017-07-28T22:27:08: 读取文件成功
2017-07-28T22:28:08: 读取文件成功
2017-07-28T22:29:08: 读取文件成功
2017-07-28T22:30:08: 读取文件成功
2017-07-28T22:31:08: 读取文件成功
2017-07-28T22:32:08: 读取文件成功
2017-07-28T22:33:08: 读取文件成功
2017-07-28T22:34:08: 读取文件成功
2017-07-28T22:35:08: 读取文件成功
2017-07-28T22:36:08: 读取文件成功
2017-07-28T22:37:08: 读取文件成功
2017-07-28T22:38:08: 读取文件成功
2017-07-28T22:39:08: 读取文件成功
2017-07-28T22:40:08: 读取文件成功
2017-07-28T22:41:08: 读取文件成功
2017-07-28T22:42:08: 读取文件成功
2017-07-28T22:43:08: 读取文件成功
2017-07-28T22:44:08: 读取文件成功
2017-07-28T22:45:08: 读取文件成功
2017-07-28T22:46:08: 读取文件成功
2017-07-28T22:47:08: 读取文件成功
2017-07-28T22:48:08: 读取文件成功
2017-07-28T22:49:08: 读取文件成功
2017-07-28T22:50:08: 读取文件成功
2017-07-28T22:51:08: 读取文件成功
2017-07-28T22:52:08: 读取文件成功
2017-07-28T22:53:08: 读取文件成功
2017-07-28T22:54:08: 读取文件成功
2017-07-28T22:55:08: 读取文件成功
2017-07-28T22:56:08: 读取文件成功
2017-07-28T22:57:08: 读取文件成功
2017-07-28T22:58:08: 读取文件成功
2017-07-28T22:59:08: 读取文件成功
2017-07-28T23:00:08: 读取文件成功
2017-07-28T23:01:08: 读取文件成功
2017-07-28T23:02:08: 读取文件成功
2017-07-28T23:03:08: 读取文件成功
2017-07-28T23:04:08: 读取文件成功
2017-07-28T23:05:08: 读取文件成功
2017-07-28T23:06:08: 读取文件成功
2017-07-28T23:07:08: 读取文件成功
2017-07-28T23:08:09: 读取文件成功
2017-07-28T23:09:08: 读取文件成功
2017-07-28T23:10:08: 读取文件成功
2017-07-28T23:11:08: 读取文件成功
2017-07-28T23:12:08: 读取文件成功
2017-07-28T23:13:08: 读取文件成功
2017-07-28T23:14:08: 读取文件成功
2017-07-28T23:15:08: 读取文件成功
2017-07-28T23:16:08: 读取文件成功
2017-07-28T23:17:08: 读取文件成功
2017-07-28T23:18:08: 读取文件成功
2017-07-28T23:19:08: 读取文件成功
2017-07-28T23:20:08: 读取文件成功
2017-07-28T23:21:08: 读取文件成功
2017-07-28T23:22:08: 读取文件成功
2017-07-28T23:23:08: 读取文件成功
2017-07-28T23:24:08: 读取文件成功
2017-07-28T23:25:08: 读取文件成功
2017-07-28T23:26:08: 读取文件成功
2017-07-28T23:27:08: 读取文件成功
2017-07-28T23:28:08: 读取文件成功
2017-07-28T23:29:08: 读取文件成功
2017-07-28T23:30:08: 读取文件成功
2017-07-28T23:31:08: 读取文件成功
2017-07-28T23:32:08: 读取文件成功
2017-07-28T23:33:08: 读取文件成功
2017-07-28T23:34:08: 读取文件成功
2017-07-28T23:35:08: 读取文件成功
2017-07-28T23:36:08: 读取文件成功
2017-07-28T23:37:08: 读取文件成功
2017-07-28T23:38:08: 读取文件成功
2017-07-28T23:39:08: 读取文件成功
2017-07-28T23:40:08: 读取文件成功
2017-07-28T23:41:08: 读取文件成功
2017-07-28T23:42:08: 读取文件成功
2017-07-28T23:43:08: 读取文件成功
2017-07-28T23:44:08: 读取文件成功
2017-07-28T23:45:08: 读取文件成功
2017-07-28T23:46:08: 读取文件成功
2017-07-28T23:47:08: 读取文件成功
2017-07-28T23:48:08: 读取文件成功
2017-07-28T23:49:08: 读取文件成功
2017-07-28T23:50:08: 非记录时间：2017-07-28T23:50:08+08:00
2017-07-28T23:51:08: 非记录时间：2017-07-28T23:51:08+08:00
2017-07-28T23:52:08: 非记录时间：2017-07-28T23:52:08+08:00
2017-07-28T23:53:08: 非记录时间：2017-07-28T23:53:08+08:00
2017-07-28T23:54:08: 非记录时间：2017-07-28T23:54:08+08:00
2017-07-28T23:55:08: 非记录时间：2017-07-28T23:55:08+08:00
2017-07-28T23:56:08: 非记录时间：2017-07-28T23:56:08+08:00
2017-07-28T23:57:08: 非记录时间：2017-07-28T23:57:08+08:00
2017-07-28T23:58:08: 非记录时间：2017-07-28T23:58:08+08:00
2017-07-28T23:59:08: 非记录时间：2017-07-28T23:59:08+08:00
