2017-09-16T00:00:40: 非记录时间：2017-09-16T00:00:40+08:00
2017-09-16T00:01:40: 非记录时间：2017-09-16T00:01:40+08:00
2017-09-16T00:02:40: 非记录时间：2017-09-16T00:02:40+08:00
2017-09-16T00:03:40: 非记录时间：2017-09-16T00:03:40+08:00
2017-09-16T00:04:40: 非记录时间：2017-09-16T00:04:40+08:00
2017-09-16T00:05:40: 非记录时间：2017-09-16T00:05:40+08:00
2017-09-16T00:06:40: 非记录时间：2017-09-16T00:06:40+08:00
2017-09-16T00:07:40: 非记录时间：2017-09-16T00:07:40+08:00
2017-09-16T00:08:40: 非记录时间：2017-09-16T00:08:40+08:00
2017-09-16T00:09:40: 非记录时间：2017-09-16T00:09:40+08:00
2017-09-16T00:10:40: 非记录时间：2017-09-16T00:10:40+08:00
2017-09-16T00:11:40: 非记录时间：2017-09-16T00:11:40+08:00
2017-09-16T00:12:40: 非记录时间：2017-09-16T00:12:40+08:00
2017-09-16T00:13:40: 非记录时间：2017-09-16T00:13:40+08:00
2017-09-16T00:14:40: 非记录时间：2017-09-16T00:14:40+08:00
2017-09-16T00:15:40: 非记录时间：2017-09-16T00:15:40+08:00
2017-09-16T00:16:40: 非记录时间：2017-09-16T00:16:40+08:00
2017-09-16T00:17:40: 非记录时间：2017-09-16T00:17:40+08:00
2017-09-16T00:18:40: 非记录时间：2017-09-16T00:18:40+08:00
2017-09-16T00:19:40: 非记录时间：2017-09-16T00:19:40+08:00
2017-09-16T00:20:40: 非记录时间：2017-09-16T00:20:40+08:00
2017-09-16T00:21:40: 非记录时间：2017-09-16T00:21:40+08:00
2017-09-16T00:22:40: 非记录时间：2017-09-16T00:22:40+08:00
2017-09-16T00:23:40: 非记录时间：2017-09-16T00:23:40+08:00
2017-09-16T00:24:40: 非记录时间：2017-09-16T00:24:40+08:00
2017-09-16T00:25:40: 非记录时间：2017-09-16T00:25:40+08:00
2017-09-16T00:26:40: 非记录时间：2017-09-16T00:26:40+08:00
2017-09-16T00:27:40: 非记录时间：2017-09-16T00:27:40+08:00
2017-09-16T00:28:40: 非记录时间：2017-09-16T00:28:40+08:00
2017-09-16T00:29:40: 非记录时间：2017-09-16T00:29:40+08:00
2017-09-16T00:30:40: 非记录时间：2017-09-16T00:30:40+08:00
2017-09-16T00:31:40: 非记录时间：2017-09-16T00:31:40+08:00
2017-09-16T00:32:40: 非记录时间：2017-09-16T00:32:40+08:00
2017-09-16T00:33:40: 非记录时间：2017-09-16T00:33:40+08:00
2017-09-16T00:34:40: 非记录时间：2017-09-16T00:34:40+08:00
2017-09-16T00:35:40: 非记录时间：2017-09-16T00:35:40+08:00
2017-09-16T00:36:40: 非记录时间：2017-09-16T00:36:40+08:00
2017-09-16T00:37:40: 非记录时间：2017-09-16T00:37:40+08:00
2017-09-16T00:38:40: 非记录时间：2017-09-16T00:38:40+08:00
2017-09-16T00:39:40: 非记录时间：2017-09-16T00:39:40+08:00
2017-09-16T00:40:40: 非记录时间：2017-09-16T00:40:40+08:00
2017-09-16T00:41:40: 非记录时间：2017-09-16T00:41:40+08:00
2017-09-16T00:42:40: 非记录时间：2017-09-16T00:42:40+08:00
2017-09-16T00:43:40: 非记录时间：2017-09-16T00:43:40+08:00
2017-09-16T00:44:40: 非记录时间：2017-09-16T00:44:40+08:00
2017-09-16T00:45:40: 非记录时间：2017-09-16T00:45:40+08:00
2017-09-16T00:46:40: 非记录时间：2017-09-16T00:46:40+08:00
2017-09-16T00:47:40: 非记录时间：2017-09-16T00:47:40+08:00
2017-09-16T00:48:40: 非记录时间：2017-09-16T00:48:40+08:00
2017-09-16T00:49:40: 非记录时间：2017-09-16T00:49:40+08:00
2017-09-16T00:50:40: 非记录时间：2017-09-16T00:50:40+08:00
2017-09-16T00:51:40: 非记录时间：2017-09-16T00:51:40+08:00
2017-09-16T00:52:40: 非记录时间：2017-09-16T00:52:40+08:00
2017-09-16T00:53:40: 非记录时间：2017-09-16T00:53:40+08:00
2017-09-16T00:54:40: 非记录时间：2017-09-16T00:54:40+08:00
2017-09-16T00:55:40: 非记录时间：2017-09-16T00:55:40+08:00
2017-09-16T00:56:40: 非记录时间：2017-09-16T00:56:40+08:00
2017-09-16T00:57:40: 非记录时间：2017-09-16T00:57:40+08:00
2017-09-16T00:58:40: 非记录时间：2017-09-16T00:58:40+08:00
2017-09-16T00:59:40: 非记录时间：2017-09-16T00:59:40+08:00
2017-09-16T01:00:40: 非记录时间：2017-09-16T01:00:40+08:00
2017-09-16T01:01:40: 非记录时间：2017-09-16T01:01:40+08:00
2017-09-16T01:02:40: 非记录时间：2017-09-16T01:02:40+08:00
2017-09-16T01:03:40: 非记录时间：2017-09-16T01:03:40+08:00
2017-09-16T01:04:40: 非记录时间：2017-09-16T01:04:40+08:00
2017-09-16T01:05:40: 非记录时间：2017-09-16T01:05:40+08:00
2017-09-16T01:06:40: 非记录时间：2017-09-16T01:06:40+08:00
2017-09-16T01:07:40: 非记录时间：2017-09-16T01:07:40+08:00
2017-09-16T01:08:40: 非记录时间：2017-09-16T01:08:40+08:00
2017-09-16T01:09:40: 非记录时间：2017-09-16T01:09:40+08:00
2017-09-16T01:10:40: 非记录时间：2017-09-16T01:10:40+08:00
2017-09-16T01:11:41: 读取文件失败，可能是该文件不存在
2017-09-16T01:11:41: Error: ENOENT: no such file or directory, open './data/2017-09-16.json'
2017-09-16T01:12:41: 读取文件成功
2017-09-16T01:13:41: 读取文件成功
2017-09-16T01:14:41: 读取文件成功
2017-09-16T01:15:41: 读取文件成功
2017-09-16T01:16:41: 读取文件成功
2017-09-16T01:17:41: 读取文件成功
2017-09-16T01:18:41: 读取文件成功
2017-09-16T01:19:41: 读取文件成功
2017-09-16T01:20:41: 读取文件成功
2017-09-16T01:21:41: 读取文件成功
2017-09-16T01:22:41: 读取文件成功
2017-09-16T01:23:41: 读取文件成功
2017-09-16T01:24:41: 读取文件成功
2017-09-16T01:25:41: 读取文件成功
2017-09-16T01:26:41: 读取文件成功
2017-09-16T01:27:41: 读取文件成功
2017-09-16T01:28:41: 读取文件成功
2017-09-16T01:29:41: 读取文件成功
2017-09-16T01:30:41: 读取文件成功
2017-09-16T01:31:41: 读取文件成功
2017-09-16T01:32:41: 读取文件成功
2017-09-16T01:33:41: 读取文件成功
2017-09-16T01:34:41: 读取文件成功
2017-09-16T01:35:41: 读取文件成功
2017-09-16T01:36:41: 读取文件成功
2017-09-16T01:37:41: 读取文件成功
2017-09-16T01:38:41: 读取文件成功
2017-09-16T01:39:41: 读取文件成功
2017-09-16T01:40:41: 读取文件成功
2017-09-16T01:41:41: 读取文件成功
2017-09-16T01:42:41: 读取文件成功
2017-09-16T01:43:41: 读取文件成功
2017-09-16T01:44:41: 读取文件成功
2017-09-16T01:45:41: 读取文件成功
2017-09-16T01:46:41: 读取文件成功
2017-09-16T01:47:41: 读取文件成功
2017-09-16T01:48:41: 读取文件成功
2017-09-16T01:49:41: 读取文件成功
2017-09-16T01:50:41: 读取文件成功
2017-09-16T01:51:41: 读取文件成功
2017-09-16T01:52:41: 读取文件成功
2017-09-16T01:53:41: 读取文件成功
2017-09-16T01:54:41: 读取文件成功
2017-09-16T01:55:41: 读取文件成功
2017-09-16T01:56:41: 读取文件成功
2017-09-16T01:57:41: 读取文件成功
2017-09-16T01:58:41: 读取文件成功
2017-09-16T01:59:41: 读取文件成功
2017-09-16T02:00:41: 读取文件成功
2017-09-16T02:01:41: 读取文件成功
2017-09-16T02:02:41: 读取文件成功
2017-09-16T02:03:41: 读取文件成功
2017-09-16T02:04:41: 读取文件成功
2017-09-16T02:05:41: 读取文件成功
2017-09-16T02:06:41: 读取文件成功
2017-09-16T02:07:41: 读取文件成功
2017-09-16T02:08:41: 读取文件成功
2017-09-16T02:09:41: 读取文件成功
2017-09-16T02:10:41: 读取文件成功
2017-09-16T02:11:41: 读取文件成功
2017-09-16T02:12:41: 读取文件成功
2017-09-16T02:13:41: 读取文件成功
2017-09-16T02:14:41: 读取文件成功
2017-09-16T02:15:41: 读取文件成功
2017-09-16T02:16:41: 读取文件成功
2017-09-16T02:17:41: 读取文件成功
2017-09-16T02:18:41: 读取文件成功
2017-09-16T02:19:41: 读取文件成功
2017-09-16T02:20:41: 读取文件成功
2017-09-16T02:21:41: 读取文件成功
2017-09-16T02:22:41: 读取文件成功
2017-09-16T02:23:42: 读取文件成功
2017-09-16T02:24:41: 读取文件成功
2017-09-16T02:25:42: 读取文件成功
2017-09-16T02:26:41: 读取文件成功
2017-09-16T02:27:42: 读取文件成功
2017-09-16T02:31:42: 读取文件成功
2017-09-16T02:32:42: 读取文件成功
2017-09-16T02:33:42: 读取文件成功
2017-09-16T02:34:42: 读取文件成功
2017-09-16T02:35:42: 读取文件成功
2017-09-16T02:36:42: 读取文件成功
2017-09-16T02:37:42: 读取文件成功
2017-09-16T02:38:42: 读取文件成功
2017-09-16T02:39:42: 读取文件成功
2017-09-16T02:40:42: 读取文件成功
2017-09-16T02:41:42: 读取文件成功
2017-09-16T02:42:42: 读取文件成功
2017-09-16T02:43:42: 读取文件成功
2017-09-16T02:44:42: 读取文件成功
2017-09-16T02:45:42: 读取文件成功
2017-09-16T02:46:42: 读取文件成功
2017-09-16T02:47:42: 读取文件成功
2017-09-16T02:48:42: 读取文件成功
2017-09-16T02:49:42: 读取文件成功
2017-09-16T02:50:42: 读取文件成功
2017-09-16T02:51:42: 读取文件成功
2017-09-16T02:52:42: 读取文件成功
2017-09-16T02:53:42: 读取文件成功
2017-09-16T02:54:42: 读取文件成功
2017-09-16T02:55:42: 读取文件成功
2017-09-16T02:56:42: 读取文件成功
2017-09-16T02:57:42: 读取文件成功
2017-09-16T02:58:42: 读取文件成功
2017-09-16T02:59:42: 读取文件成功
2017-09-16T03:00:42: 读取文件成功
2017-09-16T03:01:42: 读取文件成功
2017-09-16T03:02:42: 读取文件成功
2017-09-16T03:03:42: 读取文件成功
2017-09-16T03:04:42: 读取文件成功
2017-09-16T03:05:42: 读取文件成功
2017-09-16T03:06:42: 读取文件成功
2017-09-16T03:07:42: 读取文件成功
2017-09-16T03:08:42: 读取文件成功
2017-09-16T03:09:42: 读取文件成功
2017-09-16T03:10:42: 读取文件成功
2017-09-16T03:11:42: 读取文件成功
2017-09-16T03:12:42: 读取文件成功
2017-09-16T03:13:42: 读取文件成功
2017-09-16T03:14:42: 读取文件成功
2017-09-16T03:15:42: 读取文件成功
2017-09-16T03:16:42: 读取文件成功
2017-09-16T03:17:43: 读取文件成功
2017-09-16T03:18:42: 读取文件成功
2017-09-16T03:19:42: 读取文件成功
2017-09-16T03:20:42: 读取文件成功
2017-09-16T03:21:42: 读取文件成功
2017-09-16T03:22:42: 读取文件成功
2017-09-16T03:23:42: 读取文件成功
2017-09-16T03:24:42: 读取文件成功
2017-09-16T03:25:42: 读取文件成功
2017-09-16T03:26:42: 读取文件成功
2017-09-16T03:27:42: 读取文件成功
2017-09-16T03:28:42: 读取文件成功
2017-09-16T03:29:42: 读取文件成功
2017-09-16T03:30:42: 读取文件成功
2017-09-16T03:31:42: 读取文件成功
2017-09-16T03:32:42: 读取文件成功
2017-09-16T03:33:42: 读取文件成功
2017-09-16T03:34:42: 读取文件成功
2017-09-16T03:35:42: 读取文件成功
2017-09-16T03:36:42: 读取文件成功
2017-09-16T03:37:42: 读取文件成功
2017-09-16T03:38:42: 读取文件成功
2017-09-16T03:39:42: 读取文件成功
2017-09-16T03:40:42: 读取文件成功
2017-09-16T03:41:42: 读取文件成功
2017-09-16T03:42:43: 读取文件成功
2017-09-16T03:43:42: 读取文件成功
2017-09-16T03:44:42: 读取文件成功
2017-09-16T03:45:42: 读取文件成功
2017-09-16T03:46:42: 读取文件成功
2017-09-16T03:47:42: 读取文件成功
2017-09-16T03:48:43: 读取文件成功
2017-09-16T03:49:42: 读取文件成功
2017-09-16T03:50:42: 读取文件成功
2017-09-16T03:51:42: 读取文件成功
2017-09-16T03:52:42: 读取文件成功
2017-09-16T03:53:42: 读取文件成功
2017-09-16T03:54:43: 读取文件成功
2017-09-16T03:55:42: 读取文件成功
2017-09-16T03:56:42: 读取文件成功
2017-09-16T03:57:42: 读取文件成功
2017-09-16T03:58:42: 读取文件成功
2017-09-16T03:59:43: 读取文件成功
2017-09-16T04:00:43: 读取文件成功
2017-09-16T04:01:43: 读取文件成功
2017-09-16T04:02:43: 读取文件成功
2017-09-16T04:03:43: 读取文件成功
2017-09-16T04:04:43: 读取文件成功
2017-09-16T04:05:43: 读取文件成功
2017-09-16T04:06:43: 读取文件成功
2017-09-16T04:07:43: 读取文件成功
2017-09-16T04:08:43: 读取文件成功
2017-09-16T04:09:43: 读取文件成功
2017-09-16T04:10:43: 读取文件成功
2017-09-16T04:11:43: 读取文件成功
2017-09-16T04:12:43: 读取文件成功
2017-09-16T04:13:43: 读取文件成功
2017-09-16T04:14:43: 读取文件成功
2017-09-16T04:15:43: 读取文件成功
2017-09-16T04:16:43: 读取文件成功
2017-09-16T04:17:43: 读取文件成功
2017-09-16T04:18:43: 读取文件成功
2017-09-16T04:19:43: 读取文件成功
2017-09-16T04:20:43: 读取文件成功
2017-09-16T04:21:43: 读取文件成功
2017-09-16T04:22:43: 读取文件成功
2017-09-16T04:23:43: 读取文件成功
2017-09-16T04:24:43: 读取文件成功
2017-09-16T04:25:43: 读取文件成功
2017-09-16T04:26:43: 读取文件成功
2017-09-16T04:27:43: 读取文件成功
2017-09-16T04:28:43: 读取文件成功
2017-09-16T04:29:43: 读取文件成功
2017-09-16T04:30:43: 读取文件成功
2017-09-16T04:31:43: 读取文件成功
2017-09-16T04:32:43: 读取文件成功
2017-09-16T04:33:43: 读取文件成功
2017-09-16T04:34:43: 读取文件成功
2017-09-16T04:35:43: 读取文件成功
2017-09-16T04:36:43: 读取文件成功
2017-09-16T04:37:43: 读取文件成功
2017-09-16T04:38:43: 读取文件成功
2017-09-16T04:39:43: 读取文件成功
2017-09-16T04:40:43: 读取文件成功
2017-09-16T04:41:43: 读取文件成功
2017-09-16T04:42:43: 读取文件成功
2017-09-16T04:43:43: 读取文件成功
2017-09-16T04:44:43: 读取文件成功
2017-09-16T04:45:43: 读取文件成功
2017-09-16T04:46:43: 读取文件成功
2017-09-16T04:47:43: 读取文件成功
2017-09-16T04:48:43: 读取文件成功
2017-09-16T04:49:43: 读取文件成功
2017-09-16T04:50:43: 读取文件成功
2017-09-16T04:51:43: 读取文件成功
2017-09-16T04:52:43: 读取文件成功
2017-09-16T04:53:43: 读取文件成功
2017-09-16T04:54:43: 读取文件成功
2017-09-16T04:55:43: 读取文件成功
2017-09-16T04:56:43: 读取文件成功
2017-09-16T04:57:43: 读取文件成功
2017-09-16T04:58:43: 读取文件成功
2017-09-16T04:59:43: 读取文件成功
2017-09-16T05:00:43: 读取文件成功
2017-09-16T05:01:43: 读取文件成功
2017-09-16T05:02:43: 读取文件成功
2017-09-16T05:03:43: 读取文件成功
2017-09-16T05:04:43: 读取文件成功
2017-09-16T05:05:43: 读取文件成功
2017-09-16T05:06:43: 读取文件成功
2017-09-16T05:07:43: 读取文件成功
2017-09-16T05:08:43: 读取文件成功
2017-09-16T05:09:43: 读取文件成功
2017-09-16T05:10:43: 读取文件成功
2017-09-16T05:11:43: 读取文件成功
2017-09-16T05:12:43: 读取文件成功
2017-09-16T05:13:43: 读取文件成功
2017-09-16T05:14:43: 读取文件成功
2017-09-16T05:15:43: 读取文件成功
2017-09-16T05:16:43: 读取文件成功
2017-09-16T05:17:44: 读取文件成功
2017-09-16T05:18:43: 读取文件成功
2017-09-16T05:19:43: 读取文件成功
2017-09-16T05:20:43: 读取文件成功
2017-09-16T05:21:43: 读取文件成功
2017-09-16T05:22:43: 读取文件成功
2017-09-16T05:23:44: 读取文件成功
2017-09-16T05:24:43: 读取文件成功
2017-09-16T05:25:43: 读取文件成功
2017-09-16T05:26:43: 读取文件成功
2017-09-16T05:27:43: 读取文件成功
2017-09-16T05:28:43: 读取文件成功
2017-09-16T05:29:44: 读取文件成功
2017-09-16T05:30:43: 读取文件成功
2017-09-16T05:31:43: 读取文件成功
2017-09-16T05:32:43: 读取文件成功
2017-09-16T05:33:43: 读取文件成功
2017-09-16T05:34:44: 读取文件成功
2017-09-16T05:35:44: 读取文件成功
2017-09-16T05:36:43: 读取文件成功
2017-09-16T05:37:44: 读取文件成功
2017-09-16T05:38:44: 读取文件成功
2017-09-16T05:39:44: 读取文件成功
2017-09-16T05:40:44: 读取文件成功
2017-09-16T05:41:44: 读取文件成功
2017-09-16T05:42:44: 读取文件成功
2017-09-16T05:43:44: 读取文件成功
2017-09-16T05:44:44: 读取文件成功
2017-09-16T05:45:44: 读取文件成功
2017-09-16T05:46:44: 读取文件成功
2017-09-16T05:47:44: 读取文件成功
2017-09-16T05:48:44: 读取文件成功
2017-09-16T05:49:44: 读取文件成功
2017-09-16T05:50:44: 读取文件成功
2017-09-16T05:51:44: 读取文件成功
2017-09-16T05:52:44: 读取文件成功
2017-09-16T05:53:44: 读取文件成功
2017-09-16T05:54:44: 读取文件成功
2017-09-16T05:55:44: 读取文件成功
2017-09-16T05:56:44: 读取文件成功
2017-09-16T05:57:44: 读取文件成功
2017-09-16T05:58:44: 读取文件成功
2017-09-16T05:59:44: 读取文件成功
2017-09-16T06:00:44: 读取文件成功
2017-09-16T06:01:44: 读取文件成功
2017-09-16T06:02:44: 读取文件成功
2017-09-16T06:03:44: 读取文件成功
2017-09-16T06:04:44: 读取文件成功
2017-09-16T06:05:44: 读取文件成功
2017-09-16T06:06:44: 读取文件成功
2017-09-16T06:07:44: 读取文件成功
2017-09-16T06:08:44: 读取文件成功
2017-09-16T06:09:44: 读取文件成功
2017-09-16T06:10:44: 读取文件成功
2017-09-16T06:11:44: 读取文件成功
2017-09-16T06:12:44: 读取文件成功
2017-09-16T06:13:44: 读取文件成功
2017-09-16T06:14:44: 读取文件成功
2017-09-16T06:15:44: 读取文件成功
2017-09-16T06:16:44: 读取文件成功
2017-09-16T06:17:44: 读取文件成功
2017-09-16T06:18:44: 读取文件成功
2017-09-16T06:19:44: 读取文件成功
2017-09-16T06:20:44: 读取文件成功
2017-09-16T06:21:44: 读取文件成功
2017-09-16T06:22:44: 读取文件成功
2017-09-16T06:23:44: 读取文件成功
2017-09-16T06:24:44: 读取文件成功
2017-09-16T06:25:44: 读取文件成功
2017-09-16T06:26:44: 读取文件成功
2017-09-16T06:27:44: 读取文件成功
2017-09-16T06:28:44: 读取文件成功
2017-09-16T06:29:44: 读取文件成功
2017-09-16T06:30:44: 读取文件成功
2017-09-16T06:31:44: 读取文件成功
2017-09-16T06:32:44: 读取文件成功
2017-09-16T06:33:44: 读取文件成功
2017-09-16T06:34:44: 读取文件成功
2017-09-16T06:35:44: 读取文件成功
2017-09-16T06:36:44: 读取文件成功
2017-09-16T06:37:44: 读取文件成功
2017-09-16T06:38:44: 读取文件成功
2017-09-16T06:39:44: 读取文件成功
2017-09-16T06:40:44: 读取文件成功
2017-09-16T06:41:44: 读取文件成功
2017-09-16T06:42:44: 读取文件成功
2017-09-16T06:43:44: 读取文件成功
2017-09-16T06:44:44: 读取文件成功
2017-09-16T06:45:44: 读取文件成功
2017-09-16T06:46:44: 读取文件成功
2017-09-16T06:47:44: 读取文件成功
2017-09-16T06:48:44: 读取文件成功
2017-09-16T06:49:44: 读取文件成功
2017-09-16T06:50:44: 读取文件成功
2017-09-16T06:51:44: 读取文件成功
2017-09-16T06:52:44: 读取文件成功
2017-09-16T06:53:45: 读取文件成功
2017-09-16T06:54:44: 读取文件成功
2017-09-16T06:55:44: 读取文件成功
2017-09-16T06:56:44: 读取文件成功
2017-09-16T06:57:44: 读取文件成功
2017-09-16T06:58:44: 读取文件成功
2017-09-16T06:59:45: 读取文件成功
2017-09-16T07:00:44: 读取文件成功
2017-09-16T07:01:44: 读取文件成功
2017-09-16T07:02:44: 读取文件成功
2017-09-16T07:03:44: 读取文件成功
2017-09-16T07:04:44: 读取文件成功
2017-09-16T07:05:45: 读取文件成功
2017-09-16T07:06:44: 读取文件成功
2017-09-16T07:07:44: 读取文件成功
2017-09-16T07:08:44: 读取文件成功
2017-09-16T07:09:44: 读取文件成功
2017-09-16T07:10:44: 读取文件成功
2017-09-16T07:11:45: 读取文件成功
2017-09-16T07:12:44: 读取文件成功
2017-09-16T07:13:45: 读取文件成功
2017-09-16T07:14:45: 读取文件成功
2017-09-16T07:15:45: 读取文件成功
2017-09-16T07:16:45: 读取文件成功
2017-09-16T07:17:45: 读取文件成功
2017-09-16T07:18:45: 读取文件成功
2017-09-16T07:19:45: 读取文件成功
2017-09-16T07:20:45: 读取文件成功
2017-09-16T07:21:45: 读取文件成功
2017-09-16T07:22:45: 读取文件成功
2017-09-16T07:23:45: 读取文件成功
2017-09-16T07:24:45: 读取文件成功
2017-09-16T07:25:45: 读取文件成功
2017-09-16T07:26:45: 读取文件成功
2017-09-16T07:27:45: 读取文件成功
2017-09-16T07:28:45: 读取文件成功
2017-09-16T07:29:45: 读取文件成功
2017-09-16T07:30:45: 读取文件成功
2017-09-16T07:31:45: 读取文件成功
2017-09-16T07:32:45: 读取文件成功
2017-09-16T07:33:45: 读取文件成功
2017-09-16T07:34:45: 读取文件成功
2017-09-16T07:35:45: 读取文件成功
2017-09-16T07:36:45: 读取文件成功
2017-09-16T07:37:45: 读取文件成功
2017-09-16T07:38:45: 读取文件成功
2017-09-16T07:39:45: 读取文件成功
2017-09-16T07:40:45: 读取文件成功
2017-09-16T07:41:45: 读取文件成功
2017-09-16T07:42:45: 读取文件成功
2017-09-16T07:43:45: 读取文件成功
2017-09-16T07:44:45: 读取文件成功
2017-09-16T07:45:45: 读取文件成功
2017-09-16T07:46:45: 读取文件成功
2017-09-16T07:47:45: 读取文件成功
2017-09-16T07:48:45: 读取文件成功
2017-09-16T07:49:45: 读取文件成功
2017-09-16T07:50:45: 读取文件成功
2017-09-16T07:51:45: 读取文件成功
2017-09-16T07:52:45: 读取文件成功
2017-09-16T07:53:45: 读取文件成功
2017-09-16T07:54:45: 读取文件成功
2017-09-16T07:55:45: 读取文件成功
2017-09-16T07:56:45: 读取文件成功
2017-09-16T07:57:45: 读取文件成功
2017-09-16T07:58:45: 读取文件成功
2017-09-16T07:59:45: 读取文件成功
2017-09-16T08:00:45: 读取文件成功
2017-09-16T08:01:45: 读取文件成功
2017-09-16T08:02:45: 读取文件成功
2017-09-16T08:03:45: 读取文件成功
2017-09-16T08:04:45: 读取文件成功
2017-09-16T08:05:45: 读取文件成功
2017-09-16T08:06:45: 读取文件成功
2017-09-16T08:07:45: 读取文件成功
2017-09-16T08:08:45: 读取文件成功
2017-09-16T08:09:45: 读取文件成功
2017-09-16T08:10:45: 读取文件成功
2017-09-16T08:11:45: 读取文件成功
2017-09-16T08:12:45: 读取文件成功
2017-09-16T08:13:45: 读取文件成功
2017-09-16T08:14:45: 读取文件成功
2017-09-16T08:15:45: 读取文件成功
2017-09-16T08:16:45: 读取文件成功
2017-09-16T08:17:45: 读取文件成功
2017-09-16T08:18:46: 读取文件成功
2017-09-16T08:19:45: 读取文件成功
2017-09-16T08:20:45: 读取文件成功
2017-09-16T08:21:45: 读取文件成功
2017-09-16T08:22:45: 读取文件成功
2017-09-16T08:23:45: 读取文件成功
2017-09-16T08:24:45: 读取文件成功
2017-09-16T08:25:45: 读取文件成功
2017-09-16T08:26:45: 读取文件成功
2017-09-16T08:27:45: 读取文件成功
2017-09-16T08:28:45: 读取文件成功
2017-09-16T08:29:45: 读取文件成功
2017-09-16T08:30:45: 读取文件成功
2017-09-16T08:31:45: 读取文件成功
2017-09-16T08:32:45: 读取文件成功
2017-09-16T08:33:45: 读取文件成功
2017-09-16T08:34:46: 读取文件成功
2017-09-16T08:35:45: 读取文件成功
2017-09-16T08:36:45: 读取文件成功
2017-09-16T08:37:45: 读取文件成功
2017-09-16T08:38:45: 读取文件成功
2017-09-16T08:39:46: 读取文件成功
2017-09-16T08:40:46: 读取文件成功
2017-09-16T08:41:45: 读取文件成功
2017-09-16T08:42:46: 读取文件成功
2017-09-16T08:43:46: 读取文件成功
2017-09-16T08:44:46: 读取文件成功
2017-09-16T08:45:46: 读取文件成功
2017-09-16T08:46:46: 读取文件成功
2017-09-16T08:47:46: 读取文件成功
2017-09-16T08:48:46: 读取文件成功
2017-09-16T08:49:46: 读取文件成功
2017-09-16T08:50:46: 读取文件成功
2017-09-16T08:51:46: 读取文件成功
2017-09-16T08:52:46: 读取文件成功
2017-09-16T08:53:46: 读取文件成功
2017-09-16T08:54:46: 读取文件成功
2017-09-16T08:55:46: 读取文件成功
2017-09-16T08:56:46: 读取文件成功
2017-09-16T08:57:46: 读取文件成功
2017-09-16T08:58:46: 读取文件成功
2017-09-16T08:59:46: 读取文件成功
2017-09-16T09:00:46: 读取文件成功
2017-09-16T09:01:46: 读取文件成功
2017-09-16T09:02:46: 读取文件成功
2017-09-16T09:03:46: 读取文件成功
2017-09-16T09:04:46: 读取文件成功
2017-09-16T09:05:46: 读取文件成功
2017-09-16T09:06:46: 读取文件成功
2017-09-16T09:07:46: 读取文件成功
2017-09-16T09:08:46: 读取文件成功
2017-09-16T09:09:46: 读取文件成功
2017-09-16T09:10:46: 读取文件成功
2017-09-16T09:11:46: 读取文件成功
2017-09-16T09:12:46: 读取文件成功
2017-09-16T09:13:46: 读取文件成功
2017-09-16T09:14:46: 读取文件成功
2017-09-16T09:15:46: 读取文件成功
2017-09-16T09:16:46: 读取文件成功
2017-09-16T09:17:46: 读取文件成功
2017-09-16T09:18:46: 读取文件成功
2017-09-16T09:19:46: 读取文件成功
2017-09-16T09:20:46: 读取文件成功
2017-09-16T09:21:46: 读取文件成功
2017-09-16T09:22:46: 读取文件成功
2017-09-16T09:23:46: 读取文件成功
2017-09-16T09:24:46: 读取文件成功
2017-09-16T09:25:46: 读取文件成功
2017-09-16T09:26:46: 读取文件成功
2017-09-16T09:27:46: 读取文件成功
2017-09-16T09:28:46: 读取文件成功
2017-09-16T09:29:46: 读取文件成功
2017-09-16T09:30:46: 读取文件成功
2017-09-16T09:31:46: 读取文件成功
2017-09-16T09:32:46: 读取文件成功
2017-09-16T09:33:46: 读取文件成功
2017-09-16T09:34:46: 读取文件成功
2017-09-16T09:35:46: 读取文件成功
2017-09-16T09:36:46: 读取文件成功
2017-09-16T09:37:46: 读取文件成功
2017-09-16T09:38:46: 读取文件成功
2017-09-16T09:39:46: 读取文件成功
2017-09-16T09:40:46: 读取文件成功
2017-09-16T09:41:46: 读取文件成功
2017-09-16T09:42:46: 读取文件成功
2017-09-16T09:43:46: 读取文件成功
2017-09-16T09:44:46: 读取文件成功
2017-09-16T09:45:46: 读取文件成功
2017-09-16T09:46:46: 读取文件成功
2017-09-16T09:47:46: 读取文件成功
2017-09-16T09:48:46: 读取文件成功
2017-09-16T09:49:46: 读取文件成功
2017-09-16T09:50:46: 读取文件成功
2017-09-16T09:51:46: 读取文件成功
2017-09-16T09:52:46: 读取文件成功
2017-09-16T09:53:46: 读取文件成功
2017-09-16T09:54:46: 读取文件成功
2017-09-16T09:55:47: 读取文件成功
2017-09-16T09:56:46: 读取文件成功
2017-09-16T09:57:46: 读取文件成功
2017-09-16T09:58:46: 读取文件成功
2017-09-16T09:59:46: 读取文件成功
2017-09-16T10:00:46: 读取文件成功
2017-09-16T10:01:47: 读取文件成功
2017-09-16T10:02:46: 读取文件成功
2017-09-16T10:03:46: 读取文件成功
2017-09-16T10:04:46: 读取文件成功
2017-09-16T10:05:46: 读取文件成功
2017-09-16T10:06:46: 读取文件成功
2017-09-16T10:07:46: 读取文件成功
2017-09-16T10:08:46: 读取文件成功
2017-09-16T10:09:47: 读取文件成功
2017-09-16T10:10:47: 读取文件成功
2017-09-16T10:11:46: 读取文件成功
2017-09-16T10:12:46: 读取文件成功
2017-09-16T10:13:46: 读取文件成功
2017-09-16T10:14:47: 读取文件成功
2017-09-16T10:15:47: 读取文件成功
2017-09-16T10:16:47: 读取文件成功
2017-09-16T10:17:47: 读取文件成功
2017-09-16T10:18:47: 读取文件成功
2017-09-16T10:19:47: 读取文件成功
2017-09-16T10:20:47: 读取文件成功
2017-09-16T10:21:47: 读取文件成功
2017-09-16T10:22:47: 读取文件成功
2017-09-16T10:23:47: 读取文件成功
2017-09-16T10:24:47: 读取文件成功
2017-09-16T10:25:47: 读取文件成功
2017-09-16T10:26:47: 读取文件成功
2017-09-16T10:27:47: 读取文件成功
2017-09-16T10:28:47: 读取文件成功
2017-09-16T10:29:47: 读取文件成功
2017-09-16T10:30:47: 读取文件成功
2017-09-16T10:31:47: 读取文件成功
2017-09-16T10:32:47: 读取文件成功
2017-09-16T10:33:47: 读取文件成功
2017-09-16T10:34:47: 读取文件成功
2017-09-16T10:35:47: 读取文件成功
2017-09-16T10:36:47: 读取文件成功
2017-09-16T10:37:47: 读取文件成功
2017-09-16T10:38:47: 读取文件成功
2017-09-16T10:39:47: 读取文件成功
2017-09-16T10:40:47: 读取文件成功
2017-09-16T10:41:47: 读取文件成功
2017-09-16T10:42:47: 读取文件成功
2017-09-16T10:43:47: 读取文件成功
2017-09-16T10:44:47: 读取文件成功
2017-09-16T10:45:47: 读取文件成功
2017-09-16T10:46:47: 读取文件成功
2017-09-16T10:47:47: 读取文件成功
2017-09-16T10:48:47: 读取文件成功
2017-09-16T10:49:47: 读取文件成功
2017-09-16T10:50:47: 读取文件成功
2017-09-16T10:51:47: 读取文件成功
2017-09-16T10:52:47: 读取文件成功
2017-09-16T10:53:47: 读取文件成功
2017-09-16T10:54:47: 读取文件成功
2017-09-16T10:55:47: 读取文件成功
2017-09-16T10:56:47: 读取文件成功
2017-09-16T10:57:47: 读取文件成功
2017-09-16T10:58:47: 读取文件成功
2017-09-16T10:59:47: 读取文件成功
2017-09-16T11:00:47: 读取文件成功
2017-09-16T11:01:47: 读取文件成功
2017-09-16T11:02:47: 读取文件成功
2017-09-16T11:03:47: 读取文件成功
2017-09-16T11:04:47: 读取文件成功
2017-09-16T11:05:47: 读取文件成功
2017-09-16T11:06:47: 读取文件成功
2017-09-16T11:07:47: 读取文件成功
2017-09-16T11:08:47: 读取文件成功
2017-09-16T11:09:47: 读取文件成功
2017-09-16T11:10:47: 读取文件成功
2017-09-16T11:11:47: 读取文件成功
2017-09-16T11:12:47: 读取文件成功
2017-09-16T11:13:47: 读取文件成功
2017-09-16T11:14:47: 读取文件成功
2017-09-16T11:15:47: 读取文件成功
2017-09-16T11:16:47: 读取文件成功
2017-09-16T11:17:47: 读取文件成功
2017-09-16T11:18:47: 读取文件成功
2017-09-16T11:19:47: 读取文件成功
2017-09-16T11:20:47: 读取文件成功
2017-09-16T11:21:47: 读取文件成功
2017-09-16T11:22:47: 读取文件成功
2017-09-16T11:23:47: 读取文件成功
2017-09-16T11:24:47: 读取文件成功
2017-09-16T11:25:47: 读取文件成功
2017-09-16T11:26:47: 读取文件成功
2017-09-16T11:27:48: 读取文件成功
2017-09-16T11:28:47: 读取文件成功
2017-09-16T11:29:47: 读取文件成功
2017-09-16T11:30:47: 读取文件成功
2017-09-16T11:31:47: 读取文件成功
2017-09-16T11:32:48: 读取文件成功
2017-09-16T11:33:48: 读取文件成功
2017-09-16T11:34:47: 读取文件成功
2017-09-16T11:35:47: 读取文件成功
2017-09-16T11:36:47: 读取文件成功
2017-09-16T11:37:47: 读取文件成功
2017-09-16T11:38:47: 读取文件成功
2017-09-16T11:39:47: 读取文件成功
2017-09-16T11:40:47: 读取文件成功
2017-09-16T11:41:47: 读取文件成功
2017-09-16T11:42:47: 读取文件成功
2017-09-16T11:43:47: 读取文件成功
2017-09-16T11:44:48: 读取文件成功
2017-09-16T11:45:48: 读取文件成功
2017-09-16T11:46:47: 读取文件成功
2017-09-16T11:47:47: 读取文件成功
2017-09-16T11:48:47: 读取文件成功
2017-09-16T11:49:47: 读取文件成功
2017-09-16T11:50:47: 读取文件成功
2017-09-16T11:51:48: 读取文件成功
2017-09-16T11:52:48: 读取文件成功
2017-09-16T11:53:47: 读取文件成功
2017-09-16T11:54:48: 读取文件成功
2017-09-16T11:55:48: 读取文件成功
2017-09-16T11:56:48: 读取文件成功
2017-09-16T11:57:48: 读取文件成功
2017-09-16T11:58:48: 读取文件成功
2017-09-16T11:59:48: 读取文件成功
2017-09-16T12:00:48: 读取文件成功
2017-09-16T12:01:48: 读取文件成功
2017-09-16T12:02:48: 读取文件成功
2017-09-16T12:03:48: 读取文件成功
2017-09-16T12:04:48: 读取文件成功
2017-09-16T12:05:48: 读取文件成功
2017-09-16T12:06:49: 读取文件成功
2017-09-16T12:07:48: 读取文件成功
2017-09-16T12:08:48: 读取文件成功
2017-09-16T12:09:48: 读取文件成功
2017-09-16T12:10:48: 读取文件成功
2017-09-16T12:11:48: 读取文件成功
2017-09-16T12:12:48: 读取文件成功
2017-09-16T12:13:48: 读取文件成功
2017-09-16T12:14:48: 读取文件成功
2017-09-16T12:15:48: 读取文件成功
2017-09-16T12:16:48: 读取文件成功
2017-09-16T12:17:48: 读取文件成功
2017-09-16T12:18:48: 读取文件成功
2017-09-16T12:19:48: 读取文件成功
2017-09-16T12:20:48: 读取文件成功
2017-09-16T12:21:48: 读取文件成功
2017-09-16T12:22:48: 读取文件成功
2017-09-16T12:23:48: 读取文件成功
2017-09-16T12:24:48: 读取文件成功
2017-09-16T12:25:48: 读取文件成功
2017-09-16T12:26:48: 读取文件成功
2017-09-16T12:27:48: 读取文件成功
2017-09-16T12:28:48: 读取文件成功
2017-09-16T12:29:48: 读取文件成功
2017-09-16T12:30:48: 读取文件成功
2017-09-16T12:31:48: 读取文件成功
2017-09-16T12:32:48: 读取文件成功
2017-09-16T12:33:48: 读取文件成功
2017-09-16T12:34:48: 读取文件成功
2017-09-16T12:35:48: 读取文件成功
2017-09-16T12:36:48: 读取文件成功
2017-09-16T12:37:48: 读取文件成功
2017-09-16T12:38:48: 读取文件成功
2017-09-16T12:39:48: 读取文件成功
2017-09-16T12:40:48: 读取文件成功
2017-09-16T12:41:48: 读取文件成功
2017-09-16T12:42:48: 读取文件成功
2017-09-16T12:43:48: 读取文件成功
2017-09-16T12:44:48: 读取文件成功
2017-09-16T12:45:48: 读取文件成功
2017-09-16T12:46:48: 读取文件成功
2017-09-16T12:47:48: 读取文件成功
2017-09-16T12:48:48: 读取文件成功
2017-09-16T12:49:48: 读取文件成功
2017-09-16T12:50:49: 读取文件成功
2017-09-16T12:51:48: 读取文件成功
2017-09-16T12:52:48: 读取文件成功
2017-09-16T12:53:48: 读取文件成功
2017-09-16T12:54:48: 读取文件成功
2017-09-16T12:55:48: 读取文件成功
2017-09-16T12:56:48: 读取文件成功
2017-09-16T12:57:48: 读取文件成功
2017-09-16T12:58:48: 读取文件成功
2017-09-16T12:59:48: 读取文件成功
2017-09-16T13:00:48: 读取文件成功
2017-09-16T13:01:50: 读取文件成功
2017-09-16T13:02:48: 读取文件成功
2017-09-16T13:03:48: 读取文件成功
2017-09-16T13:04:48: 读取文件成功
2017-09-16T13:05:48: 读取文件成功
2017-09-16T13:06:48: 读取文件成功
2017-09-16T13:07:49: 读取文件成功
2017-09-16T13:08:48: 读取文件成功
2017-09-16T13:09:48: 读取文件成功
2017-09-16T13:10:48: 读取文件成功
2017-09-16T13:11:48: 读取文件成功
2017-09-16T13:12:48: 读取文件成功
2017-09-16T13:13:48: 读取文件成功
2017-09-16T13:14:48: 读取文件成功
2017-09-16T13:15:48: 读取文件成功
2017-09-16T13:16:48: 读取文件成功
2017-09-16T13:17:48: 读取文件成功
2017-09-16T13:18:48: 读取文件成功
2017-09-16T13:19:49: 读取文件成功
2017-09-16T13:20:48: 读取文件成功
2017-09-16T13:21:48: 读取文件成功
2017-09-16T13:22:48: 读取文件成功
2017-09-16T13:23:48: 读取文件成功
2017-09-16T13:24:48: 读取文件成功
2017-09-16T13:25:49: 读取文件成功
2017-09-16T13:26:48: 读取文件成功
2017-09-16T13:27:49: 读取文件成功
2017-09-16T13:28:48: 读取文件成功
2017-09-16T13:29:48: 读取文件成功
2017-09-16T13:30:48: 读取文件成功
2017-09-16T13:31:49: 读取文件成功
2017-09-16T13:32:48: 读取文件成功
2017-09-16T13:33:48: 读取文件成功
2017-09-16T13:34:49: 读取文件成功
2017-09-16T13:35:50: 读取文件成功
2017-09-16T13:36:49: 读取文件成功
2017-09-16T13:37:50: 读取文件成功
2017-09-16T13:38:49: 读取文件成功
2017-09-16T13:39:49: 读取文件成功
2017-09-16T13:40:49: 读取文件成功
2017-09-16T13:41:49: 读取文件成功
2017-09-16T13:42:49: 读取文件成功
2017-09-16T13:43:49: 读取文件成功
2017-09-16T13:44:49: 读取文件成功
2017-09-16T13:45:49: 读取文件成功
2017-09-16T13:46:49: 读取文件成功
2017-09-16T13:47:49: 读取文件成功
2017-09-16T13:48:49: 读取文件成功
2017-09-16T13:49:49: 读取文件成功
2017-09-16T13:50:49: 读取文件成功
2017-09-16T13:51:49: 读取文件成功
2017-09-16T13:52:49: 读取文件成功
2017-09-16T13:53:49: 读取文件成功
2017-09-16T13:54:49: 读取文件成功
2017-09-16T13:55:49: 读取文件成功
2017-09-16T13:56:49: 读取文件成功
2017-09-16T13:57:49: 读取文件成功
2017-09-16T13:58:49: 读取文件成功
2017-09-16T13:59:49: 读取文件成功
2017-09-16T14:00:49: 读取文件成功
2017-09-16T14:01:49: 读取文件成功
2017-09-16T14:02:49: 读取文件成功
2017-09-16T14:03:49: 读取文件成功
2017-09-16T14:04:49: 读取文件成功
2017-09-16T14:05:49: 读取文件成功
2017-09-16T14:06:49: 读取文件成功
2017-09-16T14:07:49: 读取文件成功
2017-09-16T14:08:49: 读取文件成功
2017-09-16T14:09:49: 读取文件成功
2017-09-16T14:10:49: 读取文件成功
2017-09-16T14:11:49: 读取文件成功
2017-09-16T14:12:49: 读取文件成功
2017-09-16T14:13:49: 读取文件成功
2017-09-16T14:14:49: 读取文件成功
2017-09-16T14:15:49: 读取文件成功
2017-09-16T14:16:49: 读取文件成功
2017-09-16T14:17:49: 读取文件成功
2017-09-16T14:18:49: 读取文件成功
2017-09-16T14:19:49: 读取文件成功
2017-09-16T14:20:49: 读取文件成功
2017-09-16T14:21:49: 读取文件成功
2017-09-16T14:22:49: 读取文件成功
2017-09-16T14:23:49: 读取文件成功
2017-09-16T14:24:49: 读取文件成功
2017-09-16T14:25:49: 读取文件成功
2017-09-16T14:26:49: 读取文件成功
2017-09-16T14:27:49: 读取文件成功
2017-09-16T14:28:49: 读取文件成功
2017-09-16T14:29:49: 读取文件成功
2017-09-16T14:30:49: 读取文件成功
2017-09-16T14:31:49: 读取文件成功
2017-09-16T14:32:49: 读取文件成功
2017-09-16T14:33:49: 读取文件成功
2017-09-16T14:34:49: 读取文件成功
2017-09-16T14:35:49: 读取文件成功
2017-09-16T14:36:49: 读取文件成功
2017-09-16T14:37:49: 读取文件成功
2017-09-16T14:38:49: 读取文件成功
2017-09-16T14:39:49: 读取文件成功
2017-09-16T14:40:49: 读取文件成功
2017-09-16T14:41:49: 读取文件成功
2017-09-16T14:42:49: 读取文件成功
2017-09-16T14:43:49: 读取文件成功
2017-09-16T14:44:49: 读取文件成功
2017-09-16T14:45:50: 读取文件成功
2017-09-16T14:46:49: 读取文件成功
2017-09-16T14:47:49: 读取文件成功
2017-09-16T14:48:50: 读取文件成功
2017-09-16T14:49:49: 读取文件成功
2017-09-16T14:50:49: 读取文件成功
2017-09-16T14:51:49: 读取文件成功
2017-09-16T14:52:49: 读取文件成功
2017-09-16T14:53:49: 读取文件成功
2017-09-16T14:54:49: 读取文件成功
2017-09-16T14:55:49: 读取文件成功
2017-09-16T14:56:49: 读取文件成功
2017-09-16T14:57:49: 读取文件成功
2017-09-16T14:58:49: 读取文件成功
2017-09-16T14:59:49: 读取文件成功
2017-09-16T15:00:50: 读取文件成功
2017-09-16T15:01:49: 读取文件成功
2017-09-16T15:02:49: 读取文件成功
2017-09-16T15:03:49: 读取文件成功
2017-09-16T15:04:49: 读取文件成功
2017-09-16T15:05:49: 读取文件成功
2017-09-16T15:06:50: 读取文件成功
2017-09-16T15:07:49: 读取文件成功
2017-09-16T15:08:49: 读取文件成功
2017-09-16T15:09:49: 读取文件成功
2017-09-16T15:10:49: 读取文件成功
2017-09-16T15:11:49: 读取文件成功
2017-09-16T15:12:50: 读取文件成功
2017-09-16T15:13:50: 读取文件成功
2017-09-16T15:14:50: 读取文件成功
2017-09-16T15:15:50: 读取文件成功
2017-09-16T15:16:50: 读取文件成功
2017-09-16T15:17:50: 读取文件成功
2017-09-16T15:18:50: 读取文件成功
2017-09-16T15:19:50: 读取文件成功
2017-09-16T15:20:50: 读取文件成功
2017-09-16T15:21:50: 读取文件成功
2017-09-16T15:22:50: 读取文件成功
2017-09-16T15:23:50: 读取文件成功
2017-09-16T15:24:50: 读取文件成功
2017-09-16T15:25:50: 读取文件成功
2017-09-16T15:26:50: 读取文件成功
2017-09-16T15:27:50: 读取文件成功
2017-09-16T15:28:50: 读取文件成功
2017-09-16T15:29:50: 读取文件成功
2017-09-16T15:30:50: 读取文件成功
2017-09-16T15:31:50: 读取文件成功
2017-09-16T15:32:50: 读取文件成功
2017-09-16T15:33:50: 读取文件成功
2017-09-16T15:34:50: 读取文件成功
2017-09-16T15:35:50: 读取文件成功
2017-09-16T15:36:50: 读取文件成功
2017-09-16T15:37:50: 读取文件成功
2017-09-16T15:38:50: 读取文件成功
2017-09-16T15:39:50: 读取文件成功
2017-09-16T15:40:50: 读取文件成功
2017-09-16T15:41:50: 读取文件成功
2017-09-16T15:42:50: 读取文件成功
2017-09-16T15:43:50: 读取文件成功
2017-09-16T15:44:50: 读取文件成功
2017-09-16T15:45:50: 读取文件成功
2017-09-16T15:46:50: 读取文件成功
2017-09-16T15:47:50: 读取文件成功
2017-09-16T15:48:50: 读取文件成功
2017-09-16T15:49:50: 读取文件成功
2017-09-16T15:50:51: 读取文件成功
2017-09-16T15:51:50: 读取文件成功
2017-09-16T15:52:50: 读取文件成功
2017-09-16T15:53:50: 读取文件成功
2017-09-16T15:54:50: 读取文件成功
2017-09-16T15:55:50: 读取文件成功
2017-09-16T15:56:50: 读取文件成功
2017-09-16T15:57:50: 读取文件成功
2017-09-16T15:58:50: 读取文件成功
2017-09-16T15:59:50: 读取文件成功
2017-09-16T16:00:50: 读取文件成功
2017-09-16T16:01:50: 读取文件成功
2017-09-16T16:02:50: 读取文件成功
2017-09-16T16:03:50: 读取文件成功
2017-09-16T16:04:50: 读取文件成功
2017-09-16T16:05:50: 读取文件成功
2017-09-16T16:06:50: 读取文件成功
2017-09-16T16:07:50: 读取文件成功
2017-09-16T16:08:57: 读取文件成功
2017-09-16T16:09:50: 读取文件成功
2017-09-16T16:10:50: 读取文件成功
2017-09-16T16:11:50: 读取文件成功
2017-09-16T16:12:50: 读取文件成功
2017-09-16T16:13:50: 读取文件成功
2017-09-16T16:14:50: 读取文件成功
2017-09-16T16:15:50: 读取文件成功
2017-09-16T16:16:50: 读取文件成功
2017-09-16T16:17:50: 读取文件成功
2017-09-16T16:18:50: 读取文件成功
2017-09-16T16:19:50: 读取文件成功
2017-09-16T16:20:50: 读取文件成功
2017-09-16T16:21:50: 读取文件成功
2017-09-16T16:22:50: 读取文件成功
2017-09-16T16:23:50: 读取文件成功
2017-09-16T16:24:50: 读取文件成功
2017-09-16T16:25:50: 读取文件成功
2017-09-16T16:26:50: 读取文件成功
2017-09-16T16:27:50: 读取文件成功
2017-09-16T16:28:50: 读取文件成功
2017-09-16T16:29:51: 读取文件成功
2017-09-16T16:30:50: 读取文件成功
2017-09-16T16:31:50: 读取文件成功
2017-09-16T16:32:50: 读取文件成功
2017-09-16T16:33:50: 读取文件成功
2017-09-16T16:34:50: 读取文件成功
2017-09-16T16:35:50: 读取文件成功
2017-09-16T16:36:50: 读取文件成功
2017-09-16T16:37:50: 读取文件成功
2017-09-16T16:38:50: 读取文件成功
2017-09-16T16:39:50: 读取文件成功
2017-09-16T16:40:50: 读取文件成功
2017-09-16T16:41:51: 读取文件成功
2017-09-16T16:42:50: 读取文件成功
2017-09-16T16:43:50: 读取文件成功
2017-09-16T16:44:50: 读取文件成功
2017-09-16T16:45:50: 读取文件成功
2017-09-16T16:46:50: 读取文件成功
2017-09-16T16:47:51: 读取文件成功
2017-09-16T16:48:51: 读取文件成功
2017-09-16T16:49:50: 读取文件成功
2017-09-16T16:50:51: 读取文件成功
2017-09-16T16:51:50: 读取文件成功
2017-09-16T16:52:51: 读取文件成功
2017-09-16T16:53:51: 读取文件成功
2017-09-16T16:54:51: 读取文件成功
2017-09-16T16:55:51: 读取文件成功
2017-09-16T16:56:51: 读取文件成功
2017-09-16T16:57:51: 读取文件成功
2017-09-16T16:58:51: 读取文件成功
2017-09-16T16:59:51: 读取文件成功
2017-09-16T17:00:51: 读取文件成功
2017-09-16T17:01:51: 读取文件成功
2017-09-16T17:02:51: 读取文件成功
2017-09-16T17:03:51: 读取文件成功
2017-09-16T17:04:51: 读取文件成功
2017-09-16T17:05:52: 读取文件成功
2017-09-16T17:06:51: 读取文件成功
2017-09-16T17:07:51: 读取文件成功
2017-09-16T17:08:51: 读取文件成功
2017-09-16T17:09:51: 读取文件成功
2017-09-16T17:10:51: 读取文件成功
2017-09-16T17:11:51: 读取文件成功
2017-09-16T17:12:51: 读取文件成功
2017-09-16T17:13:51: 读取文件成功
2017-09-16T17:14:51: 读取文件成功
2017-09-16T17:15:51: 读取文件成功
2017-09-16T17:16:51: 读取文件成功
2017-09-16T17:17:51: 读取文件成功
2017-09-16T17:18:51: 读取文件成功
2017-09-16T17:19:51: 读取文件成功
2017-09-16T17:20:51: 读取文件成功
2017-09-16T17:21:51: 读取文件成功
2017-09-16T17:22:51: 读取文件成功
2017-09-16T17:23:51: 读取文件成功
2017-09-16T17:24:51: 读取文件成功
2017-09-16T17:25:51: 读取文件成功
2017-09-16T17:26:51: 读取文件成功
2017-09-16T17:27:51: 读取文件成功
2017-09-16T17:28:51: 读取文件成功
2017-09-16T17:29:51: 读取文件成功
2017-09-16T17:30:51: 读取文件成功
2017-09-16T17:31:51: 读取文件成功
2017-09-16T17:32:51: 读取文件成功
2017-09-16T17:33:51: 读取文件成功
2017-09-16T17:34:51: 读取文件成功
2017-09-16T17:35:51: 读取文件成功
2017-09-16T17:36:51: 读取文件成功
2017-09-16T17:37:51: 读取文件成功
2017-09-16T17:38:51: 读取文件成功
2017-09-16T17:39:51: 读取文件成功
2017-09-16T17:40:51: 读取文件成功
2017-09-16T17:41:51: 读取文件成功
2017-09-16T17:42:51: 读取文件成功
2017-09-16T17:43:51: 读取文件成功
2017-09-16T17:44:51: 读取文件成功
2017-09-16T17:45:51: 读取文件成功
2017-09-16T17:46:51: 读取文件成功
2017-09-16T17:47:51: 读取文件成功
2017-09-16T17:48:51: 读取文件成功
2017-09-16T17:49:51: 读取文件成功
2017-09-16T17:50:51: 读取文件成功
2017-09-16T17:51:51: 读取文件成功
2017-09-16T17:52:51: 读取文件成功
2017-09-16T17:53:51: 读取文件成功
2017-09-16T17:54:51: 读取文件成功
2017-09-16T17:55:51: 读取文件成功
2017-09-16T17:56:51: 读取文件成功
2017-09-16T17:57:51: 读取文件成功
2017-09-16T17:58:51: 读取文件成功
2017-09-16T17:59:51: 读取文件成功
2017-09-16T18:00:51: 读取文件成功
2017-09-16T18:01:51: 读取文件成功
2017-09-16T18:02:51: 读取文件成功
2017-09-16T18:03:51: 读取文件成功
2017-09-16T18:04:52: 读取文件成功
2017-09-16T18:05:51: 读取文件成功
2017-09-16T18:06:51: 读取文件成功
2017-09-16T18:07:51: 读取文件成功
2017-09-16T18:08:51: 读取文件成功
2017-09-16T18:09:51: 读取文件成功
2017-09-16T18:10:52: 读取文件成功
2017-09-16T18:11:51: 读取文件成功
2017-09-16T18:12:51: 读取文件成功
2017-09-16T18:13:51: 读取文件成功
2017-09-16T18:14:51: 读取文件成功
2017-09-16T18:15:51: 读取文件成功
2017-09-16T18:16:52: 读取文件成功
2017-09-16T18:17:51: 读取文件成功
2017-09-16T18:18:51: 读取文件成功
2017-09-16T18:19:52: 读取文件成功
2017-09-16T18:20:51: 读取文件成功
2017-09-16T18:21:51: 读取文件成功
2017-09-16T18:22:52: 读取文件成功
2017-09-16T18:23:51: 读取文件成功
2017-09-16T18:24:52: 读取文件成功
2017-09-16T18:25:51: 读取文件成功
2017-09-16T18:26:51: 读取文件成功
2017-09-16T18:27:52: 读取文件成功
2017-09-16T18:28:52: 读取文件成功
2017-09-16T18:29:52: 读取文件成功
2017-09-16T18:30:52: 读取文件成功
2017-09-16T18:31:52: 读取文件成功
2017-09-16T18:32:52: 读取文件成功
2017-09-16T18:33:52: 读取文件成功
2017-09-16T18:34:52: 读取文件成功
2017-09-16T18:35:52: 读取文件成功
2017-09-16T18:36:52: 读取文件成功
2017-09-16T18:37:52: 读取文件成功
2017-09-16T18:38:52: 读取文件成功
2017-09-16T18:39:52: 读取文件成功
2017-09-16T18:40:52: 读取文件成功
2017-09-16T18:41:52: 读取文件成功
2017-09-16T18:42:52: 读取文件成功
2017-09-16T18:43:53: 读取文件成功
2017-09-16T18:44:52: 读取文件成功
2017-09-16T18:45:52: 读取文件成功
2017-09-16T18:46:52: 读取文件成功
2017-09-16T18:47:52: 读取文件成功
2017-09-16T18:48:52: 读取文件成功
2017-09-16T18:49:52: 读取文件成功
2017-09-16T18:50:52: 读取文件成功
2017-09-16T18:51:52: 读取文件成功
2017-09-16T18:52:52: 读取文件成功
2017-09-16T18:53:52: 读取文件成功
2017-09-16T18:54:53: 读取文件成功
2017-09-16T18:55:52: 读取文件成功
2017-09-16T18:56:52: 读取文件成功
2017-09-16T18:57:52: 读取文件成功
2017-09-16T18:58:52: 读取文件成功
2017-09-16T18:59:52: 读取文件成功
2017-09-16T19:00:52: 读取文件成功
2017-09-16T19:01:52: 读取文件成功
2017-09-16T19:02:52: 读取文件成功
2017-09-16T19:03:52: 读取文件成功
2017-09-16T19:04:52: 读取文件成功
2017-09-16T19:05:52: 读取文件成功
2017-09-16T19:06:52: 读取文件成功
2017-09-16T19:07:52: 读取文件成功
2017-09-16T19:08:52: 读取文件成功
2017-09-16T19:09:52: 读取文件成功
2017-09-16T19:10:52: 读取文件成功
2017-09-16T19:11:52: 读取文件成功
2017-09-16T19:12:52: 读取文件成功
2017-09-16T19:13:52: 读取文件成功
2017-09-16T19:14:52: 读取文件成功
2017-09-16T19:15:52: 读取文件成功
2017-09-16T19:16:52: 读取文件成功
2017-09-16T19:17:52: 读取文件成功
2017-09-16T19:18:52: 读取文件成功
2017-09-16T19:19:52: 读取文件成功
2017-09-16T19:20:52: 读取文件成功
2017-09-16T19:21:52: 读取文件成功
2017-09-16T19:22:53: 读取文件成功
2017-09-16T19:23:52: 读取文件成功
2017-09-16T19:24:52: 读取文件成功
2017-09-16T19:25:52: 读取文件成功
2017-09-16T19:26:52: 读取文件成功
2017-09-16T19:27:52: 读取文件成功
2017-09-16T19:28:52: 读取文件成功
2017-09-16T19:29:52: 读取文件成功
2017-09-16T19:30:52: 读取文件成功
2017-09-16T19:31:52: 读取文件成功
2017-09-16T19:32:52: 读取文件成功
2017-09-16T19:33:52: 读取文件成功
2017-09-16T19:34:53: 读取文件成功
2017-09-16T19:35:52: 读取文件成功
2017-09-16T19:36:52: 读取文件成功
2017-09-16T19:37:52: 读取文件成功
2017-09-16T19:38:52: 读取文件成功
2017-09-16T19:39:53: 读取文件成功
2017-09-16T19:40:52: 读取文件成功
2017-09-16T19:41:52: 读取文件成功
2017-09-16T19:42:52: 读取文件成功
2017-09-16T19:43:52: 读取文件成功
2017-09-16T19:44:52: 读取文件成功
2017-09-16T19:45:52: 读取文件成功
2017-09-16T19:46:53: 读取文件成功
2017-09-16T19:47:52: 读取文件成功
2017-09-16T19:48:52: 读取文件成功
2017-09-16T19:49:52: 读取文件成功
2017-09-16T19:50:52: 读取文件成功
2017-09-16T19:51:53: 读取文件成功
2017-09-16T19:52:52: 读取文件成功
2017-09-16T19:53:52: 读取文件成功
2017-09-16T19:54:52: 读取文件成功
2017-09-16T19:55:52: 读取文件成功
2017-09-16T19:56:52: 读取文件成功
2017-09-16T19:57:53: 读取文件成功
2017-09-16T19:58:52: 读取文件成功
2017-09-16T19:59:53: 读取文件成功
2017-09-16T20:00:52: 读取文件成功
2017-09-16T20:01:52: 读取文件成功
2017-09-16T20:02:52: 读取文件成功
2017-09-16T20:03:53: 读取文件成功
2017-09-16T20:04:53: 读取文件成功
2017-09-16T20:05:53: 读取文件成功
2017-09-16T20:06:53: 读取文件成功
2017-09-16T20:07:53: 读取文件成功
2017-09-16T20:08:53: 读取文件成功
2017-09-16T20:09:53: 读取文件成功
2017-09-16T20:10:53: 读取文件成功
2017-09-16T20:11:53: 读取文件成功
2017-09-16T20:12:53: 读取文件成功
2017-09-16T20:13:53: 读取文件成功
2017-09-16T20:14:53: 读取文件成功
2017-09-16T20:15:53: 读取文件成功
2017-09-16T20:16:53: 读取文件成功
2017-09-16T20:17:53: 读取文件成功
2017-09-16T20:18:53: 读取文件成功
2017-09-16T20:19:53: 读取文件成功
2017-09-16T20:20:53: 读取文件成功
2017-09-16T20:21:53: 读取文件成功
2017-09-16T20:23:06: 读取文件成功
2017-09-16T20:23:54: 读取文件成功
2017-09-16T20:24:53: 读取文件成功
2017-09-16T20:25:53: 读取文件成功
2017-09-16T20:26:53: 读取文件成功
2017-09-16T20:27:53: 读取文件成功
2017-09-16T20:28:53: 读取文件成功
2017-09-16T20:29:53: 读取文件成功
2017-09-16T20:30:53: 读取文件成功
2017-09-16T20:31:53: 读取文件成功
2017-09-16T20:32:53: 读取文件成功
2017-09-16T20:33:53: 读取文件成功
2017-09-16T20:34:53: 读取文件成功
2017-09-16T20:35:53: 读取文件成功
2017-09-16T20:36:53: 读取文件成功
2017-09-16T20:37:53: 读取文件成功
2017-09-16T20:38:53: 读取文件成功
2017-09-16T20:39:53: 读取文件成功
2017-09-16T20:40:53: 读取文件成功
2017-09-16T20:41:53: 读取文件成功
2017-09-16T20:42:53: 读取文件成功
2017-09-16T20:43:53: 读取文件成功
2017-09-16T20:44:53: 读取文件成功
2017-09-16T20:45:53: 读取文件成功
2017-09-16T20:46:53: 读取文件成功
2017-09-16T20:47:53: 读取文件成功
2017-09-16T20:48:53: 读取文件成功
2017-09-16T20:49:53: 读取文件成功
2017-09-16T20:50:53: 读取文件成功
2017-09-16T20:51:53: 读取文件成功
2017-09-16T20:52:53: 读取文件成功
2017-09-16T20:53:53: 读取文件成功
2017-09-16T20:54:53: 读取文件成功
2017-09-16T20:55:53: 读取文件成功
2017-09-16T20:56:53: 读取文件成功
2017-09-16T20:57:53: 读取文件成功
2017-09-16T20:58:53: 读取文件成功
2017-09-16T20:59:53: 读取文件成功
2017-09-16T21:00:53: 读取文件成功
2017-09-16T21:01:53: 读取文件成功
2017-09-16T21:02:53: 读取文件成功
2017-09-16T21:03:53: 读取文件成功
2017-09-16T21:04:53: 读取文件成功
2017-09-16T21:05:53: 读取文件成功
2017-09-16T21:06:53: 读取文件成功
2017-09-16T21:07:53: 读取文件成功
2017-09-16T21:08:53: 读取文件成功
2017-09-16T21:09:53: 读取文件成功
2017-09-16T21:10:53: 读取文件成功
2017-09-16T21:11:53: 读取文件成功
2017-09-16T21:12:53: 读取文件成功
2017-09-16T21:13:53: 读取文件成功
2017-09-16T21:14:53: 读取文件成功
2017-09-16T21:15:53: 读取文件成功
2017-09-16T21:16:53: 读取文件成功
2017-09-16T21:17:53: 读取文件成功
2017-09-16T21:18:55: 读取文件成功
2017-09-16T21:19:53: 读取文件成功
2017-09-16T21:20:53: 读取文件成功
2017-09-16T21:21:53: 读取文件成功
2017-09-16T21:22:53: 读取文件成功
2017-09-16T21:23:54: 读取文件成功
2017-09-16T21:24:53: 读取文件成功
2017-09-16T21:25:53: 读取文件成功
2017-09-16T21:26:54: 读取文件成功
2017-09-16T21:27:53: 读取文件成功
2017-09-16T21:28:53: 读取文件成功
2017-09-16T21:29:53: 读取文件成功
2017-09-16T21:30:53: 读取文件成功
2017-09-16T21:31:53: 读取文件成功
2017-09-16T21:32:54: 读取文件成功
2017-09-16T21:33:54: 读取文件成功
2017-09-16T21:34:53: 读取文件成功
2017-09-16T21:35:54: 读取文件成功
2017-09-16T21:36:53: 读取文件成功
2017-09-16T21:37:53: 读取文件成功
2017-09-16T21:38:54: 读取文件成功
2017-09-16T21:39:54: 读取文件成功
2017-09-16T21:40:54: 读取文件成功
2017-09-16T21:41:54: 读取文件成功
2017-09-16T21:42:54: 读取文件成功
2017-09-16T21:43:54: 读取文件成功
2017-09-16T21:44:54: 读取文件成功
2017-09-16T21:45:54: 读取文件成功
2017-09-16T21:46:54: 读取文件成功
2017-09-16T21:47:54: 读取文件成功
2017-09-16T21:48:54: 读取文件成功
2017-09-16T21:49:54: 读取文件成功
2017-09-16T21:50:54: 读取文件成功
2017-09-16T21:51:54: 读取文件成功
2017-09-16T21:52:54: 读取文件成功
2017-09-16T21:53:54: 读取文件成功
2017-09-16T21:54:54: 读取文件成功
2017-09-16T21:55:54: 读取文件成功
2017-09-16T21:56:54: 读取文件成功
2017-09-16T21:57:54: 读取文件成功
2017-09-16T21:58:54: 读取文件成功
2017-09-16T21:59:54: 读取文件成功
2017-09-16T22:00:54: 读取文件成功
2017-09-16T22:01:54: 读取文件成功
2017-09-16T22:02:54: 读取文件成功
2017-09-16T22:03:54: 读取文件成功
2017-09-16T22:04:54: 读取文件成功
2017-09-16T22:05:54: 读取文件成功
2017-09-16T22:06:54: 读取文件成功
2017-09-16T22:07:54: 读取文件成功
2017-09-16T22:08:54: 读取文件成功
2017-09-16T22:09:54: 读取文件成功
2017-09-16T22:10:54: 读取文件成功
2017-09-16T22:11:54: 读取文件成功
2017-09-16T22:12:54: 读取文件成功
2017-09-16T22:13:54: 读取文件成功
2017-09-16T22:14:54: 读取文件成功
2017-09-16T22:15:54: 读取文件成功
2017-09-16T22:16:54: 读取文件成功
2017-09-16T22:17:54: 读取文件成功
2017-09-16T22:18:54: 读取文件成功
2017-09-16T22:19:54: 读取文件成功
2017-09-16T22:20:54: 读取文件成功
2017-09-16T22:21:54: 读取文件成功
2017-09-16T22:22:54: 读取文件成功
2017-09-16T22:23:54: 读取文件成功
2017-09-16T22:24:54: 读取文件成功
2017-09-16T22:25:54: 读取文件成功
2017-09-16T22:26:54: 读取文件成功
2017-09-16T22:27:54: 读取文件成功
2017-09-16T22:28:56: 读取文件成功
2017-09-16T22:29:54: 读取文件成功
2017-09-16T22:30:54: 读取文件成功
2017-09-16T22:31:54: 读取文件成功
2017-09-16T22:32:55: 读取文件成功
2017-09-16T22:33:55: 读取文件成功
2017-09-16T22:34:54: 读取文件成功
2017-09-16T22:35:54: 读取文件成功
2017-09-16T22:36:54: 读取文件成功
2017-09-16T22:37:54: 读取文件成功
2017-09-16T22:38:54: 读取文件成功
2017-09-16T22:39:54: 读取文件成功
2017-09-16T22:40:54: 读取文件成功
2017-09-16T22:41:54: 读取文件成功
2017-09-16T22:42:54: 读取文件成功
2017-09-16T22:43:54: 读取文件成功
2017-09-16T22:44:54: 读取文件成功
2017-09-16T22:45:54: 读取文件成功
2017-09-16T22:46:54: 读取文件成功
2017-09-16T22:47:54: 读取文件成功
2017-09-16T22:48:54: 读取文件成功
2017-09-16T22:49:55: 读取文件成功
2017-09-16T22:50:54: 读取文件成功
2017-09-16T22:51:54: 读取文件成功
2017-09-16T22:52:54: 读取文件成功
2017-09-16T22:53:54: 读取文件成功
2017-09-16T22:54:54: 读取文件成功
2017-09-16T22:55:55: 读取文件成功
2017-09-16T22:56:54: 读取文件成功
2017-09-16T22:57:54: 读取文件成功
2017-09-16T22:58:54: 读取文件成功
2017-09-16T22:59:54: 读取文件成功
2017-09-16T23:00:54: 读取文件成功
2017-09-16T23:01:55: 读取文件成功
2017-09-16T23:02:54: 读取文件成功
2017-09-16T23:03:54: 读取文件成功
2017-09-16T23:04:54: 读取文件成功
2017-09-16T23:05:54: 读取文件成功
2017-09-16T23:06:55: 读取文件成功
2017-09-16T23:07:54: 读取文件成功
2017-09-16T23:08:55: 读取文件成功
2017-09-16T23:09:55: 读取文件成功
2017-09-16T23:10:55: 读取文件成功
2017-09-16T23:11:55: 读取文件成功
2017-09-16T23:12:55: 读取文件成功
2017-09-16T23:13:55: 读取文件成功
2017-09-16T23:14:55: 读取文件成功
2017-09-16T23:15:55: 读取文件成功
2017-09-16T23:16:55: 读取文件成功
2017-09-16T23:17:55: 读取文件成功
2017-09-16T23:18:56: 读取文件成功
2017-09-16T23:19:55: 读取文件成功
2017-09-16T23:20:55: 读取文件成功
2017-09-16T23:21:55: 读取文件成功
2017-09-16T23:22:55: 读取文件成功
2017-09-16T23:23:55: 读取文件成功
2017-09-16T23:24:55: 读取文件成功
2017-09-16T23:25:55: 读取文件成功
2017-09-16T23:26:55: 读取文件成功
2017-09-16T23:27:55: 读取文件成功
2017-09-16T23:28:55: 读取文件成功
2017-09-16T23:29:55: 读取文件成功
2017-09-16T23:30:55: 读取文件成功
2017-09-16T23:31:55: 读取文件成功
2017-09-16T23:32:55: 读取文件成功
2017-09-16T23:33:55: 读取文件成功
2017-09-16T23:34:55: 读取文件成功
2017-09-16T23:35:55: 读取文件成功
2017-09-16T23:36:55: 读取文件成功
2017-09-16T23:37:55: 读取文件成功
2017-09-16T23:38:55: 读取文件成功
2017-09-16T23:39:55: 读取文件成功
2017-09-16T23:40:55: 读取文件成功
2017-09-16T23:41:55: 读取文件成功
2017-09-16T23:42:55: 读取文件成功
2017-09-16T23:43:55: 读取文件成功
2017-09-16T23:44:55: 读取文件成功
2017-09-16T23:45:55: 读取文件成功
2017-09-16T23:46:55: 读取文件成功
2017-09-16T23:47:55: 读取文件成功
2017-09-16T23:48:56: 读取文件成功
2017-09-16T23:49:55: 读取文件成功
2017-09-16T23:50:54: 非记录时间：2017-09-16T23:50:54+08:00
2017-09-16T23:51:54: 非记录时间：2017-09-16T23:51:54+08:00
2017-09-16T23:52:54: 非记录时间：2017-09-16T23:52:54+08:00
2017-09-16T23:53:54: 非记录时间：2017-09-16T23:53:54+08:00
2017-09-16T23:54:54: 非记录时间：2017-09-16T23:54:54+08:00
2017-09-16T23:55:54: 非记录时间：2017-09-16T23:55:54+08:00
2017-09-16T23:56:54: 非记录时间：2017-09-16T23:56:54+08:00
2017-09-16T23:57:54: 非记录时间：2017-09-16T23:57:54+08:00
2017-09-16T23:58:54: 非记录时间：2017-09-16T23:58:54+08:00
2017-09-16T23:59:54: 非记录时间：2017-09-16T23:59:54+08:00
