2017-01-19T00:00:03: 非记录时间：2017-01-19T00:00:03+08:00
2017-01-19T00:00:13: 非记录时间：2017-01-19T00:00:13+08:00
2017-01-19T00:00:23: 非记录时间：2017-01-19T00:00:23+08:00
2017-01-19T00:00:33: 非记录时间：2017-01-19T00:00:33+08:00
2017-01-19T00:00:43: 非记录时间：2017-01-19T00:00:43+08:00
2017-01-19T00:00:53: 非记录时间：2017-01-19T00:00:53+08:00
2017-01-19T00:01:03: 非记录时间：2017-01-19T00:01:03+08:00
2017-01-19T00:01:13: 非记录时间：2017-01-19T00:01:13+08:00
2017-01-19T00:01:23: 非记录时间：2017-01-19T00:01:23+08:00
2017-01-19T00:01:33: 非记录时间：2017-01-19T00:01:33+08:00
2017-01-19T00:01:43: 非记录时间：2017-01-19T00:01:43+08:00
2017-01-19T00:01:53: 非记录时间：2017-01-19T00:01:53+08:00
2017-01-19T00:02:03: 非记录时间：2017-01-19T00:02:03+08:00
2017-01-19T00:02:13: 非记录时间：2017-01-19T00:02:13+08:00
2017-01-19T00:02:23: 非记录时间：2017-01-19T00:02:23+08:00
2017-01-19T00:02:33: 非记录时间：2017-01-19T00:02:33+08:00
2017-01-19T00:02:43: 非记录时间：2017-01-19T00:02:43+08:00
2017-01-19T00:02:53: 非记录时间：2017-01-19T00:02:53+08:00
2017-01-19T00:03:03: 非记录时间：2017-01-19T00:03:03+08:00
2017-01-19T00:03:13: 非记录时间：2017-01-19T00:03:13+08:00
2017-01-19T00:03:23: 非记录时间：2017-01-19T00:03:23+08:00
2017-01-19T00:03:33: 非记录时间：2017-01-19T00:03:33+08:00
2017-01-19T00:03:43: 非记录时间：2017-01-19T00:03:43+08:00
2017-01-19T00:03:53: 非记录时间：2017-01-19T00:03:53+08:00
2017-01-19T00:04:03: 非记录时间：2017-01-19T00:04:03+08:00
2017-01-19T00:04:13: 非记录时间：2017-01-19T00:04:13+08:00
2017-01-19T00:04:23: 非记录时间：2017-01-19T00:04:23+08:00
2017-01-19T00:04:33: 非记录时间：2017-01-19T00:04:33+08:00
2017-01-19T00:04:43: 非记录时间：2017-01-19T00:04:43+08:00
2017-01-19T00:04:53: 非记录时间：2017-01-19T00:04:53+08:00
2017-01-19T00:05:03: 非记录时间：2017-01-19T00:05:03+08:00
2017-01-19T00:05:13: 非记录时间：2017-01-19T00:05:13+08:00
2017-01-19T00:05:23: 非记录时间：2017-01-19T00:05:23+08:00
2017-01-19T00:05:33: 非记录时间：2017-01-19T00:05:33+08:00
2017-01-19T00:05:43: 非记录时间：2017-01-19T00:05:43+08:00
2017-01-19T00:05:53: 非记录时间：2017-01-19T00:05:53+08:00
2017-01-19T00:06:03: 非记录时间：2017-01-19T00:06:03+08:00
2017-01-19T00:06:13: 非记录时间：2017-01-19T00:06:13+08:00
2017-01-19T00:06:23: 非记录时间：2017-01-19T00:06:23+08:00
2017-01-19T00:06:33: 非记录时间：2017-01-19T00:06:33+08:00
2017-01-19T00:06:43: 非记录时间：2017-01-19T00:06:43+08:00
2017-01-19T00:06:53: 非记录时间：2017-01-19T00:06:53+08:00
2017-01-19T00:07:03: 非记录时间：2017-01-19T00:07:03+08:00
2017-01-19T00:07:13: 非记录时间：2017-01-19T00:07:13+08:00
2017-01-19T00:07:23: 非记录时间：2017-01-19T00:07:23+08:00
2017-01-19T00:07:33: 非记录时间：2017-01-19T00:07:33+08:00
2017-01-19T00:07:43: 非记录时间：2017-01-19T00:07:43+08:00
2017-01-19T00:07:53: 非记录时间：2017-01-19T00:07:53+08:00
2017-01-19T00:08:03: 非记录时间：2017-01-19T00:08:03+08:00
2017-01-19T00:08:13: 非记录时间：2017-01-19T00:08:13+08:00
2017-01-19T00:08:23: 非记录时间：2017-01-19T00:08:23+08:00
2017-01-19T00:08:33: 非记录时间：2017-01-19T00:08:33+08:00
2017-01-19T00:08:43: 非记录时间：2017-01-19T00:08:43+08:00
2017-01-19T00:08:53: 非记录时间：2017-01-19T00:08:53+08:00
2017-01-19T00:09:03: 非记录时间：2017-01-19T00:09:03+08:00
2017-01-19T00:09:13: 非记录时间：2017-01-19T00:09:13+08:00
2017-01-19T00:09:23: 非记录时间：2017-01-19T00:09:23+08:00
2017-01-19T00:09:33: 非记录时间：2017-01-19T00:09:33+08:00
2017-01-19T00:09:43: 非记录时间：2017-01-19T00:09:43+08:00
2017-01-19T00:09:53: 非记录时间：2017-01-19T00:09:53+08:00
2017-01-19T00:10:03: 非记录时间：2017-01-19T00:10:03+08:00
2017-01-19T00:10:13: 非记录时间：2017-01-19T00:10:13+08:00
2017-01-19T00:10:23: 非记录时间：2017-01-19T00:10:23+08:00
2017-01-19T00:10:33: 非记录时间：2017-01-19T00:10:33+08:00
2017-01-19T00:10:43: 非记录时间：2017-01-19T00:10:43+08:00
2017-01-19T00:10:53: 非记录时间：2017-01-19T00:10:53+08:00
2017-01-19T00:11:03: 非记录时间：2017-01-19T00:11:03+08:00
2017-01-19T00:11:13: 非记录时间：2017-01-19T00:11:13+08:00
2017-01-19T00:11:23: 非记录时间：2017-01-19T00:11:23+08:00
2017-01-19T00:11:33: 非记录时间：2017-01-19T00:11:33+08:00
2017-01-19T00:11:43: 非记录时间：2017-01-19T00:11:43+08:00
2017-01-19T00:11:53: 非记录时间：2017-01-19T00:11:53+08:00
2017-01-19T00:12:03: 非记录时间：2017-01-19T00:12:03+08:00
2017-01-19T00:12:13: 非记录时间：2017-01-19T00:12:13+08:00
2017-01-19T00:12:23: 非记录时间：2017-01-19T00:12:23+08:00
2017-01-19T00:12:33: 非记录时间：2017-01-19T00:12:33+08:00
2017-01-19T00:12:43: 非记录时间：2017-01-19T00:12:43+08:00
2017-01-19T00:12:53: 非记录时间：2017-01-19T00:12:53+08:00
2017-01-19T00:13:03: 非记录时间：2017-01-19T00:13:03+08:00
2017-01-19T00:13:13: 非记录时间：2017-01-19T00:13:13+08:00
2017-01-19T00:13:23: 非记录时间：2017-01-19T00:13:23+08:00
2017-01-19T00:13:33: 非记录时间：2017-01-19T00:13:33+08:00
2017-01-19T00:13:43: 非记录时间：2017-01-19T00:13:43+08:00
2017-01-19T00:13:53: 非记录时间：2017-01-19T00:13:53+08:00
2017-01-19T00:14:03: 非记录时间：2017-01-19T00:14:03+08:00
2017-01-19T00:14:13: 非记录时间：2017-01-19T00:14:13+08:00
2017-01-19T00:14:23: 非记录时间：2017-01-19T00:14:23+08:00
2017-01-19T00:14:33: 非记录时间：2017-01-19T00:14:33+08:00
2017-01-19T00:14:43: 非记录时间：2017-01-19T00:14:43+08:00
2017-01-19T00:14:53: 非记录时间：2017-01-19T00:14:53+08:00
2017-01-19T00:15:03: 非记录时间：2017-01-19T00:15:03+08:00
2017-01-19T00:15:13: 非记录时间：2017-01-19T00:15:13+08:00
2017-01-19T00:15:23: 非记录时间：2017-01-19T00:15:23+08:00
2017-01-19T00:15:33: 非记录时间：2017-01-19T00:15:33+08:00
2017-01-19T00:15:43: 非记录时间：2017-01-19T00:15:43+08:00
2017-01-19T00:15:53: 非记录时间：2017-01-19T00:15:53+08:00
2017-01-19T00:16:03: 非记录时间：2017-01-19T00:16:03+08:00
2017-01-19T00:16:13: 非记录时间：2017-01-19T00:16:13+08:00
2017-01-19T00:16:23: 非记录时间：2017-01-19T00:16:23+08:00
2017-01-19T00:16:33: 非记录时间：2017-01-19T00:16:33+08:00
2017-01-19T00:16:43: 非记录时间：2017-01-19T00:16:43+08:00
2017-01-19T00:16:53: 非记录时间：2017-01-19T00:16:53+08:00
2017-01-19T00:17:03: 非记录时间：2017-01-19T00:17:03+08:00
2017-01-19T00:17:13: 非记录时间：2017-01-19T00:17:13+08:00
2017-01-19T00:17:23: 非记录时间：2017-01-19T00:17:23+08:00
2017-01-19T00:17:33: 非记录时间：2017-01-19T00:17:33+08:00
2017-01-19T00:17:43: 非记录时间：2017-01-19T00:17:43+08:00
2017-01-19T00:17:53: 非记录时间：2017-01-19T00:17:53+08:00
2017-01-19T00:18:03: 非记录时间：2017-01-19T00:18:03+08:00
2017-01-19T00:18:13: 非记录时间：2017-01-19T00:18:13+08:00
2017-01-19T00:18:23: 非记录时间：2017-01-19T00:18:23+08:00
2017-01-19T00:18:33: 非记录时间：2017-01-19T00:18:33+08:00
2017-01-19T00:18:43: 非记录时间：2017-01-19T00:18:43+08:00
2017-01-19T00:18:53: 非记录时间：2017-01-19T00:18:53+08:00
2017-01-19T00:19:03: 非记录时间：2017-01-19T00:19:03+08:00
2017-01-19T00:19:13: 非记录时间：2017-01-19T00:19:13+08:00
2017-01-19T00:19:23: 非记录时间：2017-01-19T00:19:23+08:00
2017-01-19T00:19:34: 非记录时间：2017-01-19T00:19:33+08:00
2017-01-19T00:19:44: 非记录时间：2017-01-19T00:19:44+08:00
2017-01-19T00:19:54: 非记录时间：2017-01-19T00:19:54+08:00
2017-01-19T00:20:04: 非记录时间：2017-01-19T00:20:04+08:00
2017-01-19T00:20:14: 非记录时间：2017-01-19T00:20:14+08:00
2017-01-19T00:20:24: 非记录时间：2017-01-19T00:20:24+08:00
2017-01-19T00:20:34: 非记录时间：2017-01-19T00:20:34+08:00
2017-01-19T00:20:44: 非记录时间：2017-01-19T00:20:44+08:00
2017-01-19T00:20:54: 非记录时间：2017-01-19T00:20:54+08:00
2017-01-19T00:21:04: 非记录时间：2017-01-19T00:21:04+08:00
2017-01-19T00:21:14: 非记录时间：2017-01-19T00:21:14+08:00
2017-01-19T00:21:24: 非记录时间：2017-01-19T00:21:24+08:00
2017-01-19T00:21:34: 非记录时间：2017-01-19T00:21:34+08:00
2017-01-19T00:21:44: 非记录时间：2017-01-19T00:21:44+08:00
2017-01-19T00:21:54: 非记录时间：2017-01-19T00:21:54+08:00
2017-01-19T00:22:04: 非记录时间：2017-01-19T00:22:04+08:00
2017-01-19T00:22:14: 非记录时间：2017-01-19T00:22:14+08:00
2017-01-19T00:22:24: 非记录时间：2017-01-19T00:22:24+08:00
2017-01-19T00:22:34: 非记录时间：2017-01-19T00:22:34+08:00
2017-01-19T00:22:44: 非记录时间：2017-01-19T00:22:44+08:00
2017-01-19T00:22:54: 非记录时间：2017-01-19T00:22:54+08:00
2017-01-19T00:23:04: 非记录时间：2017-01-19T00:23:04+08:00
2017-01-19T00:23:14: 非记录时间：2017-01-19T00:23:14+08:00
2017-01-19T00:23:24: 非记录时间：2017-01-19T00:23:24+08:00
2017-01-19T00:23:34: 非记录时间：2017-01-19T00:23:34+08:00
2017-01-19T00:23:44: 非记录时间：2017-01-19T00:23:44+08:00
2017-01-19T00:23:54: 非记录时间：2017-01-19T00:23:54+08:00
2017-01-19T00:24:04: 非记录时间：2017-01-19T00:24:04+08:00
2017-01-19T00:24:14: 非记录时间：2017-01-19T00:24:14+08:00
2017-01-19T00:24:24: 非记录时间：2017-01-19T00:24:24+08:00
2017-01-19T00:24:34: 非记录时间：2017-01-19T00:24:34+08:00
2017-01-19T00:24:44: 非记录时间：2017-01-19T00:24:44+08:00
2017-01-19T00:24:54: 非记录时间：2017-01-19T00:24:54+08:00
2017-01-19T00:25:04: 非记录时间：2017-01-19T00:25:04+08:00
2017-01-19T00:25:14: 非记录时间：2017-01-19T00:25:14+08:00
2017-01-19T00:25:24: 非记录时间：2017-01-19T00:25:24+08:00
2017-01-19T00:25:34: 非记录时间：2017-01-19T00:25:34+08:00
2017-01-19T00:25:44: 非记录时间：2017-01-19T00:25:44+08:00
2017-01-19T00:25:54: 非记录时间：2017-01-19T00:25:54+08:00
2017-01-19T00:26:04: 非记录时间：2017-01-19T00:26:04+08:00
2017-01-19T00:26:14: 非记录时间：2017-01-19T00:26:14+08:00
2017-01-19T00:26:24: 非记录时间：2017-01-19T00:26:24+08:00
2017-01-19T00:26:34: 非记录时间：2017-01-19T00:26:34+08:00
2017-01-19T00:26:44: 非记录时间：2017-01-19T00:26:44+08:00
2017-01-19T00:26:54: 非记录时间：2017-01-19T00:26:54+08:00
2017-01-19T00:27:04: 非记录时间：2017-01-19T00:27:04+08:00
2017-01-19T00:27:14: 非记录时间：2017-01-19T00:27:14+08:00
2017-01-19T00:27:24: 非记录时间：2017-01-19T00:27:24+08:00
2017-01-19T00:27:34: 非记录时间：2017-01-19T00:27:34+08:00
2017-01-19T00:27:44: 非记录时间：2017-01-19T00:27:44+08:00
2017-01-19T00:27:54: 非记录时间：2017-01-19T00:27:54+08:00
2017-01-19T00:28:04: 非记录时间：2017-01-19T00:28:04+08:00
2017-01-19T00:28:14: 非记录时间：2017-01-19T00:28:14+08:00
2017-01-19T00:28:24: 非记录时间：2017-01-19T00:28:24+08:00
2017-01-19T00:28:34: 非记录时间：2017-01-19T00:28:34+08:00
2017-01-19T00:28:44: 非记录时间：2017-01-19T00:28:44+08:00
2017-01-19T00:28:54: 非记录时间：2017-01-19T00:28:54+08:00
2017-01-19T00:29:04: 非记录时间：2017-01-19T00:29:04+08:00
2017-01-19T00:29:14: 非记录时间：2017-01-19T00:29:14+08:00
2017-01-19T00:29:24: 非记录时间：2017-01-19T00:29:24+08:00
2017-01-19T00:29:34: 非记录时间：2017-01-19T00:29:34+08:00
2017-01-19T00:29:44: 非记录时间：2017-01-19T00:29:44+08:00
2017-01-19T00:29:54: 非记录时间：2017-01-19T00:29:54+08:00
2017-01-19T00:30:04: 非记录时间：2017-01-19T00:30:04+08:00
2017-01-19T00:30:14: 非记录时间：2017-01-19T00:30:14+08:00
2017-01-19T00:30:24: 非记录时间：2017-01-19T00:30:24+08:00
2017-01-19T00:30:34: 非记录时间：2017-01-19T00:30:34+08:00
2017-01-19T00:30:44: 非记录时间：2017-01-19T00:30:44+08:00
2017-01-19T00:30:54: 非记录时间：2017-01-19T00:30:54+08:00
2017-01-19T00:31:04: 非记录时间：2017-01-19T00:31:04+08:00
2017-01-19T00:31:14: 非记录时间：2017-01-19T00:31:14+08:00
2017-01-19T00:31:24: 非记录时间：2017-01-19T00:31:24+08:00
2017-01-19T00:31:34: 非记录时间：2017-01-19T00:31:34+08:00
2017-01-19T00:31:44: 非记录时间：2017-01-19T00:31:44+08:00
2017-01-19T00:31:54: 非记录时间：2017-01-19T00:31:54+08:00
2017-01-19T00:32:04: 非记录时间：2017-01-19T00:32:04+08:00
2017-01-19T00:32:14: 非记录时间：2017-01-19T00:32:14+08:00
2017-01-19T00:32:24: 非记录时间：2017-01-19T00:32:24+08:00
2017-01-19T00:32:34: 非记录时间：2017-01-19T00:32:34+08:00
2017-01-19T00:32:44: 非记录时间：2017-01-19T00:32:44+08:00
2017-01-19T00:32:54: 非记录时间：2017-01-19T00:32:54+08:00
2017-01-19T00:33:04: 非记录时间：2017-01-19T00:33:04+08:00
2017-01-19T00:33:14: 非记录时间：2017-01-19T00:33:14+08:00
2017-01-19T00:33:24: 非记录时间：2017-01-19T00:33:24+08:00
2017-01-19T00:33:34: 非记录时间：2017-01-19T00:33:34+08:00
2017-01-19T00:33:44: 非记录时间：2017-01-19T00:33:44+08:00
2017-01-19T00:33:54: 非记录时间：2017-01-19T00:33:54+08:00
2017-01-19T00:34:04: 非记录时间：2017-01-19T00:34:04+08:00
2017-01-19T00:34:14: 非记录时间：2017-01-19T00:34:14+08:00
2017-01-19T00:34:24: 非记录时间：2017-01-19T00:34:24+08:00
2017-01-19T00:34:34: 非记录时间：2017-01-19T00:34:34+08:00
2017-01-19T00:34:44: 非记录时间：2017-01-19T00:34:44+08:00
2017-01-19T00:34:54: 非记录时间：2017-01-19T00:34:54+08:00
2017-01-19T00:35:04: 非记录时间：2017-01-19T00:35:04+08:00
2017-01-19T00:35:14: 非记录时间：2017-01-19T00:35:14+08:00
2017-01-19T00:35:24: 非记录时间：2017-01-19T00:35:24+08:00
2017-01-19T00:35:34: 非记录时间：2017-01-19T00:35:34+08:00
2017-01-19T00:35:44: 非记录时间：2017-01-19T00:35:44+08:00
2017-01-19T00:35:54: 非记录时间：2017-01-19T00:35:54+08:00
2017-01-19T00:36:04: 非记录时间：2017-01-19T00:36:04+08:00
2017-01-19T00:36:14: 非记录时间：2017-01-19T00:36:14+08:00
2017-01-19T00:36:24: 非记录时间：2017-01-19T00:36:24+08:00
2017-01-19T00:36:34: 非记录时间：2017-01-19T00:36:34+08:00
2017-01-19T00:36:44: 非记录时间：2017-01-19T00:36:44+08:00
2017-01-19T00:36:54: 非记录时间：2017-01-19T00:36:54+08:00
2017-01-19T00:37:04: 非记录时间：2017-01-19T00:37:04+08:00
2017-01-19T00:37:14: 非记录时间：2017-01-19T00:37:14+08:00
2017-01-19T00:37:24: 非记录时间：2017-01-19T00:37:24+08:00
2017-01-19T00:37:34: 非记录时间：2017-01-19T00:37:34+08:00
2017-01-19T00:37:44: 非记录时间：2017-01-19T00:37:44+08:00
2017-01-19T00:37:54: 非记录时间：2017-01-19T00:37:54+08:00
2017-01-19T00:38:04: 非记录时间：2017-01-19T00:38:04+08:00
2017-01-19T00:38:14: 非记录时间：2017-01-19T00:38:14+08:00
2017-01-19T00:38:24: 非记录时间：2017-01-19T00:38:24+08:00
2017-01-19T00:38:34: 非记录时间：2017-01-19T00:38:34+08:00
2017-01-19T00:38:44: 非记录时间：2017-01-19T00:38:44+08:00
2017-01-19T00:38:54: 非记录时间：2017-01-19T00:38:54+08:00
2017-01-19T00:39:04: 非记录时间：2017-01-19T00:39:04+08:00
2017-01-19T00:39:14: 非记录时间：2017-01-19T00:39:14+08:00
2017-01-19T00:39:24: 非记录时间：2017-01-19T00:39:24+08:00
2017-01-19T00:39:34: 非记录时间：2017-01-19T00:39:34+08:00
2017-01-19T00:39:44: 非记录时间：2017-01-19T00:39:44+08:00
2017-01-19T00:39:54: 非记录时间：2017-01-19T00:39:54+08:00
2017-01-19T00:40:04: 非记录时间：2017-01-19T00:40:04+08:00
2017-01-19T00:40:14: 非记录时间：2017-01-19T00:40:14+08:00
2017-01-19T00:40:24: 非记录时间：2017-01-19T00:40:24+08:00
2017-01-19T00:40:34: 非记录时间：2017-01-19T00:40:34+08:00
2017-01-19T00:40:44: 非记录时间：2017-01-19T00:40:44+08:00
2017-01-19T00:40:54: 非记录时间：2017-01-19T00:40:54+08:00
2017-01-19T00:41:04: 非记录时间：2017-01-19T00:41:04+08:00
2017-01-19T00:41:14: 非记录时间：2017-01-19T00:41:14+08:00
2017-01-19T00:41:24: 非记录时间：2017-01-19T00:41:24+08:00
2017-01-19T00:41:34: 非记录时间：2017-01-19T00:41:34+08:00
2017-01-19T00:41:44: 非记录时间：2017-01-19T00:41:44+08:00
2017-01-19T00:41:54: 非记录时间：2017-01-19T00:41:54+08:00
2017-01-19T00:42:04: 非记录时间：2017-01-19T00:42:04+08:00
2017-01-19T00:42:14: 非记录时间：2017-01-19T00:42:14+08:00
2017-01-19T00:42:24: 非记录时间：2017-01-19T00:42:24+08:00
2017-01-19T00:42:34: 非记录时间：2017-01-19T00:42:34+08:00
2017-01-19T00:42:44: 非记录时间：2017-01-19T00:42:44+08:00
2017-01-19T00:42:54: 非记录时间：2017-01-19T00:42:54+08:00
2017-01-19T00:43:04: 非记录时间：2017-01-19T00:43:04+08:00
2017-01-19T00:43:14: 非记录时间：2017-01-19T00:43:14+08:00
2017-01-19T00:43:24: 非记录时间：2017-01-19T00:43:24+08:00
2017-01-19T00:43:34: 非记录时间：2017-01-19T00:43:34+08:00
2017-01-19T00:43:44: 非记录时间：2017-01-19T00:43:44+08:00
2017-01-19T00:43:54: 非记录时间：2017-01-19T00:43:54+08:00
2017-01-19T00:44:04: 非记录时间：2017-01-19T00:44:04+08:00
2017-01-19T00:44:14: 非记录时间：2017-01-19T00:44:14+08:00
2017-01-19T00:44:24: 非记录时间：2017-01-19T00:44:24+08:00
2017-01-19T00:44:34: 非记录时间：2017-01-19T00:44:34+08:00
2017-01-19T00:44:44: 非记录时间：2017-01-19T00:44:44+08:00
2017-01-19T00:44:54: 非记录时间：2017-01-19T00:44:54+08:00
2017-01-19T00:45:04: 非记录时间：2017-01-19T00:45:04+08:00
2017-01-19T00:45:14: 非记录时间：2017-01-19T00:45:14+08:00
2017-01-19T00:45:24: 非记录时间：2017-01-19T00:45:24+08:00
2017-01-19T00:45:34: 非记录时间：2017-01-19T00:45:34+08:00
2017-01-19T00:45:44: 非记录时间：2017-01-19T00:45:44+08:00
2017-01-19T00:45:54: 非记录时间：2017-01-19T00:45:54+08:00
2017-01-19T00:46:04: 非记录时间：2017-01-19T00:46:04+08:00
2017-01-19T00:46:14: 非记录时间：2017-01-19T00:46:14+08:00
2017-01-19T00:46:24: 非记录时间：2017-01-19T00:46:24+08:00
2017-01-19T00:46:34: 非记录时间：2017-01-19T00:46:34+08:00
2017-01-19T00:46:44: 非记录时间：2017-01-19T00:46:44+08:00
2017-01-19T00:46:54: 非记录时间：2017-01-19T00:46:54+08:00
2017-01-19T00:47:04: 非记录时间：2017-01-19T00:47:04+08:00
2017-01-19T00:47:14: 非记录时间：2017-01-19T00:47:14+08:00
2017-01-19T00:47:24: 非记录时间：2017-01-19T00:47:24+08:00
2017-01-19T00:47:34: 非记录时间：2017-01-19T00:47:34+08:00
2017-01-19T00:47:44: 非记录时间：2017-01-19T00:47:44+08:00
2017-01-19T00:47:54: 非记录时间：2017-01-19T00:47:54+08:00
2017-01-19T00:48:04: 非记录时间：2017-01-19T00:48:04+08:00
2017-01-19T00:48:14: 非记录时间：2017-01-19T00:48:14+08:00
2017-01-19T00:48:24: 非记录时间：2017-01-19T00:48:24+08:00
2017-01-19T00:48:34: 非记录时间：2017-01-19T00:48:34+08:00
2017-01-19T00:48:44: 非记录时间：2017-01-19T00:48:44+08:00
2017-01-19T00:48:54: 非记录时间：2017-01-19T00:48:54+08:00
2017-01-19T00:49:04: 非记录时间：2017-01-19T00:49:04+08:00
2017-01-19T00:49:14: 非记录时间：2017-01-19T00:49:14+08:00
2017-01-19T00:49:24: 非记录时间：2017-01-19T00:49:24+08:00
2017-01-19T00:49:34: 非记录时间：2017-01-19T00:49:34+08:00
2017-01-19T00:49:44: 非记录时间：2017-01-19T00:49:44+08:00
2017-01-19T00:49:54: 非记录时间：2017-01-19T00:49:54+08:00
2017-01-19T00:50:04: 非记录时间：2017-01-19T00:50:04+08:00
2017-01-19T00:50:14: 非记录时间：2017-01-19T00:50:14+08:00
2017-01-19T00:50:24: 非记录时间：2017-01-19T00:50:24+08:00
2017-01-19T00:50:34: 非记录时间：2017-01-19T00:50:34+08:00
2017-01-19T00:50:44: 非记录时间：2017-01-19T00:50:44+08:00
2017-01-19T00:50:54: 非记录时间：2017-01-19T00:50:54+08:00
2017-01-19T00:51:04: 非记录时间：2017-01-19T00:51:04+08:00
2017-01-19T00:51:14: 非记录时间：2017-01-19T00:51:14+08:00
2017-01-19T00:51:24: 非记录时间：2017-01-19T00:51:24+08:00
2017-01-19T00:51:34: 非记录时间：2017-01-19T00:51:34+08:00
2017-01-19T00:51:44: 非记录时间：2017-01-19T00:51:44+08:00
2017-01-19T00:51:54: 非记录时间：2017-01-19T00:51:54+08:00
2017-01-19T00:52:04: 非记录时间：2017-01-19T00:52:04+08:00
2017-01-19T00:52:14: 非记录时间：2017-01-19T00:52:14+08:00
2017-01-19T00:52:24: 非记录时间：2017-01-19T00:52:24+08:00
2017-01-19T00:52:34: 非记录时间：2017-01-19T00:52:34+08:00
2017-01-19T00:52:44: 非记录时间：2017-01-19T00:52:44+08:00
2017-01-19T00:52:54: 非记录时间：2017-01-19T00:52:54+08:00
2017-01-19T00:53:04: 非记录时间：2017-01-19T00:53:04+08:00
2017-01-19T00:53:14: 非记录时间：2017-01-19T00:53:14+08:00
2017-01-19T00:53:24: 非记录时间：2017-01-19T00:53:24+08:00
2017-01-19T00:53:34: 非记录时间：2017-01-19T00:53:34+08:00
2017-01-19T00:53:44: 非记录时间：2017-01-19T00:53:44+08:00
2017-01-19T00:53:54: 非记录时间：2017-01-19T00:53:54+08:00
2017-01-19T00:54:04: 非记录时间：2017-01-19T00:54:04+08:00
2017-01-19T00:54:14: 非记录时间：2017-01-19T00:54:14+08:00
2017-01-19T00:54:24: 非记录时间：2017-01-19T00:54:24+08:00
2017-01-19T00:54:34: 非记录时间：2017-01-19T00:54:34+08:00
2017-01-19T00:54:44: 非记录时间：2017-01-19T00:54:44+08:00
2017-01-19T00:54:54: 非记录时间：2017-01-19T00:54:54+08:00
2017-01-19T00:55:04: 非记录时间：2017-01-19T00:55:04+08:00
2017-01-19T00:55:14: 非记录时间：2017-01-19T00:55:14+08:00
2017-01-19T00:55:24: 非记录时间：2017-01-19T00:55:24+08:00
2017-01-19T00:55:34: 非记录时间：2017-01-19T00:55:34+08:00
2017-01-19T00:55:44: 非记录时间：2017-01-19T00:55:44+08:00
2017-01-19T00:55:54: 非记录时间：2017-01-19T00:55:54+08:00
2017-01-19T00:56:04: 非记录时间：2017-01-19T00:56:04+08:00
2017-01-19T00:56:14: 非记录时间：2017-01-19T00:56:14+08:00
2017-01-19T00:56:24: 非记录时间：2017-01-19T00:56:24+08:00
2017-01-19T00:56:34: 非记录时间：2017-01-19T00:56:34+08:00
2017-01-19T00:56:44: 非记录时间：2017-01-19T00:56:44+08:00
2017-01-19T00:56:54: 非记录时间：2017-01-19T00:56:54+08:00
2017-01-19T00:57:04: 非记录时间：2017-01-19T00:57:04+08:00
2017-01-19T00:57:14: 非记录时间：2017-01-19T00:57:14+08:00
2017-01-19T00:57:24: 非记录时间：2017-01-19T00:57:24+08:00
2017-01-19T00:57:34: 非记录时间：2017-01-19T00:57:34+08:00
2017-01-19T00:57:44: 非记录时间：2017-01-19T00:57:44+08:00
2017-01-19T00:57:54: 非记录时间：2017-01-19T00:57:54+08:00
2017-01-19T00:58:04: 非记录时间：2017-01-19T00:58:04+08:00
2017-01-19T00:58:14: 非记录时间：2017-01-19T00:58:14+08:00
2017-01-19T00:58:24: 非记录时间：2017-01-19T00:58:24+08:00
2017-01-19T00:58:34: 非记录时间：2017-01-19T00:58:34+08:00
2017-01-19T00:58:44: 非记录时间：2017-01-19T00:58:44+08:00
2017-01-19T00:58:54: 非记录时间：2017-01-19T00:58:54+08:00
2017-01-19T00:59:04: 非记录时间：2017-01-19T00:59:04+08:00
2017-01-19T00:59:14: 非记录时间：2017-01-19T00:59:14+08:00
2017-01-19T00:59:24: 非记录时间：2017-01-19T00:59:24+08:00
2017-01-19T00:59:34: 非记录时间：2017-01-19T00:59:34+08:00
2017-01-19T00:59:44: 非记录时间：2017-01-19T00:59:44+08:00
2017-01-19T00:59:54: 非记录时间：2017-01-19T00:59:54+08:00
2017-01-19T01:00:04: 非记录时间：2017-01-19T01:00:04+08:00
2017-01-19T01:00:14: 非记录时间：2017-01-19T01:00:14+08:00
2017-01-19T01:00:24: 非记录时间：2017-01-19T01:00:24+08:00
2017-01-19T01:00:34: 非记录时间：2017-01-19T01:00:34+08:00
2017-01-19T01:00:44: 非记录时间：2017-01-19T01:00:44+08:00
2017-01-19T01:00:54: 非记录时间：2017-01-19T01:00:54+08:00
2017-01-19T01:01:04: 非记录时间：2017-01-19T01:01:04+08:00
2017-01-19T01:01:14: 非记录时间：2017-01-19T01:01:14+08:00
2017-01-19T01:01:24: 非记录时间：2017-01-19T01:01:24+08:00
2017-01-19T01:01:34: 非记录时间：2017-01-19T01:01:34+08:00
2017-01-19T01:01:44: 非记录时间：2017-01-19T01:01:44+08:00
2017-01-19T01:01:54: 非记录时间：2017-01-19T01:01:54+08:00
2017-01-19T01:02:04: 非记录时间：2017-01-19T01:02:04+08:00
2017-01-19T01:02:14: 非记录时间：2017-01-19T01:02:14+08:00
2017-01-19T01:02:24: 非记录时间：2017-01-19T01:02:24+08:00
2017-01-19T01:02:34: 非记录时间：2017-01-19T01:02:34+08:00
2017-01-19T01:02:44: 非记录时间：2017-01-19T01:02:44+08:00
2017-01-19T01:02:54: 非记录时间：2017-01-19T01:02:54+08:00
2017-01-19T01:03:04: 非记录时间：2017-01-19T01:03:04+08:00
2017-01-19T01:03:14: 非记录时间：2017-01-19T01:03:14+08:00
2017-01-19T01:03:24: 非记录时间：2017-01-19T01:03:24+08:00
2017-01-19T01:03:34: 非记录时间：2017-01-19T01:03:34+08:00
2017-01-19T01:03:44: 非记录时间：2017-01-19T01:03:44+08:00
2017-01-19T01:03:54: 非记录时间：2017-01-19T01:03:54+08:00
2017-01-19T01:04:04: 非记录时间：2017-01-19T01:04:04+08:00
2017-01-19T01:04:14: 非记录时间：2017-01-19T01:04:14+08:00
2017-01-19T01:04:24: 非记录时间：2017-01-19T01:04:24+08:00
2017-01-19T01:04:34: 非记录时间：2017-01-19T01:04:34+08:00
2017-01-19T01:04:44: 非记录时间：2017-01-19T01:04:44+08:00
2017-01-19T01:04:54: 非记录时间：2017-01-19T01:04:54+08:00
2017-01-19T01:05:04: 非记录时间：2017-01-19T01:05:04+08:00
2017-01-19T01:05:14: 非记录时间：2017-01-19T01:05:14+08:00
2017-01-19T01:05:24: 非记录时间：2017-01-19T01:05:24+08:00
2017-01-19T01:05:34: 非记录时间：2017-01-19T01:05:34+08:00
2017-01-19T01:05:44: 非记录时间：2017-01-19T01:05:44+08:00
2017-01-19T01:05:54: 非记录时间：2017-01-19T01:05:54+08:00
2017-01-19T01:06:04: 非记录时间：2017-01-19T01:06:04+08:00
2017-01-19T01:06:14: 非记录时间：2017-01-19T01:06:14+08:00
2017-01-19T01:06:24: 非记录时间：2017-01-19T01:06:24+08:00
2017-01-19T01:06:34: 非记录时间：2017-01-19T01:06:34+08:00
2017-01-19T01:06:44: 非记录时间：2017-01-19T01:06:44+08:00
2017-01-19T01:06:54: 非记录时间：2017-01-19T01:06:54+08:00
2017-01-19T01:07:04: 非记录时间：2017-01-19T01:07:04+08:00
2017-01-19T01:07:14: 非记录时间：2017-01-19T01:07:14+08:00
2017-01-19T01:07:24: 非记录时间：2017-01-19T01:07:24+08:00
2017-01-19T01:07:34: 非记录时间：2017-01-19T01:07:34+08:00
2017-01-19T01:07:44: 非记录时间：2017-01-19T01:07:44+08:00
2017-01-19T01:07:54: 非记录时间：2017-01-19T01:07:54+08:00
2017-01-19T01:08:04: 非记录时间：2017-01-19T01:08:04+08:00
2017-01-19T01:08:14: 非记录时间：2017-01-19T01:08:14+08:00
2017-01-19T01:08:24: 非记录时间：2017-01-19T01:08:24+08:00
2017-01-19T01:08:34: 非记录时间：2017-01-19T01:08:34+08:00
2017-01-19T01:08:44: 非记录时间：2017-01-19T01:08:44+08:00
2017-01-19T01:08:54: 非记录时间：2017-01-19T01:08:54+08:00
2017-01-19T01:09:04: 非记录时间：2017-01-19T01:09:04+08:00
2017-01-19T01:09:14: 非记录时间：2017-01-19T01:09:14+08:00
2017-01-19T01:09:24: 非记录时间：2017-01-19T01:09:24+08:00
2017-01-19T01:09:34: 非记录时间：2017-01-19T01:09:34+08:00
2017-01-19T01:09:44: 非记录时间：2017-01-19T01:09:44+08:00
2017-01-19T01:09:54: 非记录时间：2017-01-19T01:09:54+08:00
2017-01-19T01:10:04: 非记录时间：2017-01-19T01:10:04+08:00
2017-01-19T01:10:14: 非记录时间：2017-01-19T01:10:14+08:00
2017-01-19T01:10:24: 非记录时间：2017-01-19T01:10:24+08:00
2017-01-19T01:10:34: 非记录时间：2017-01-19T01:10:34+08:00
2017-01-19T01:10:44: 非记录时间：2017-01-19T01:10:44+08:00
2017-01-19T01:10:54: 非记录时间：2017-01-19T01:10:54+08:00
2017-01-19T01:11:06: 读取文件失败，可能是该文件不存在
2017-01-19T01:11:06: Error: ENOENT: no such file or directory, open './data/2017-01-19.json'
2017-01-19T01:11:16: 读取文件成功
2017-01-19T01:11:25: 读取文件成功
2017-01-19T01:11:35: 读取文件成功
2017-01-19T01:11:45: 读取文件成功
2017-01-19T01:11:55: 读取文件成功
2017-01-19T01:12:05: 读取文件成功
2017-01-19T01:12:15: 读取文件成功
2017-01-19T01:12:25: 读取文件成功
2017-01-19T01:12:35: 读取文件成功
2017-01-19T01:12:45: 读取文件成功
2017-01-19T01:12:55: 读取文件成功
2017-01-19T01:13:05: 读取文件成功
2017-01-19T01:13:15: 读取文件成功
2017-01-19T01:13:25: 读取文件成功
2017-01-19T01:13:35: 读取文件成功
2017-01-19T01:13:45: 读取文件成功
2017-01-19T01:13:55: 读取文件成功
2017-01-19T01:14:05: 读取文件成功
2017-01-19T01:14:15: 读取文件成功
2017-01-19T01:14:25: 读取文件成功
2017-01-19T01:14:35: 读取文件成功
2017-01-19T01:14:45: 读取文件成功
2017-01-19T01:14:55: 读取文件成功
2017-01-19T01:15:05: 读取文件成功
2017-01-19T01:15:15: 读取文件成功
2017-01-19T01:15:25: 读取文件成功
2017-01-19T01:15:35: 读取文件成功
2017-01-19T01:15:45: 读取文件成功
2017-01-19T01:15:55: 读取文件成功
2017-01-19T01:16:05: 读取文件成功
2017-01-19T01:16:16: 读取文件成功
2017-01-19T01:16:25: 读取文件成功
2017-01-19T01:16:35: 读取文件成功
2017-01-19T01:16:45: 读取文件成功
2017-01-19T01:16:55: 读取文件成功
2017-01-19T01:17:05: 读取文件成功
2017-01-19T01:17:15: 读取文件成功
2017-01-19T01:17:25: 读取文件成功
2017-01-19T01:17:35: 读取文件成功
2017-01-19T01:17:45: 读取文件成功
2017-01-19T01:17:55: 读取文件成功
2017-01-19T01:18:06: 读取文件成功
2017-01-19T01:18:17: 读取文件成功
2017-01-19T01:18:25: 读取文件成功
2017-01-19T01:18:35: 读取文件成功
2017-01-19T01:18:45: 读取文件成功
2017-01-19T01:18:56: 读取文件成功
2017-01-19T01:19:06: 读取文件成功
2017-01-19T01:19:16: 读取文件成功
2017-01-19T01:19:25: 读取文件成功
2017-01-19T01:19:36: 读取文件成功
2017-01-19T01:19:45: 读取文件成功
2017-01-19T01:19:57: 读取文件成功
2017-01-19T01:20:06: 读取文件成功
2017-01-19T01:20:16: 读取文件成功
2017-01-19T01:20:26: 读取文件成功
2017-01-19T01:20:36: 读取文件成功
2017-01-19T01:20:46: 读取文件成功
2017-01-19T01:20:56: 读取文件成功
2017-01-19T01:21:06: 读取文件成功
2017-01-19T01:21:16: 读取文件成功
2017-01-19T01:21:26: 读取文件成功
2017-01-19T01:21:37: 读取文件成功
2017-01-19T01:21:46: 读取文件成功
2017-01-19T01:21:57: 读取文件成功
2017-01-19T01:22:06: 读取文件成功
2017-01-19T01:22:16: 读取文件成功
2017-01-19T01:22:26: 读取文件成功
2017-01-19T01:22:36: 读取文件成功
2017-01-19T01:22:47: 读取文件成功
2017-01-19T01:22:56: 读取文件成功
2017-01-19T01:23:06: 读取文件成功
2017-01-19T01:23:16: 读取文件成功
2017-01-19T01:23:26: 读取文件成功
2017-01-19T01:23:36: 读取文件成功
2017-01-19T01:23:46: 读取文件成功
2017-01-19T01:23:56: 读取文件成功
2017-01-19T01:24:06: 读取文件成功
2017-01-19T01:24:16: 读取文件成功
2017-01-19T01:24:26: 读取文件成功
2017-01-19T01:24:36: 读取文件成功
2017-01-19T01:24:46: 读取文件成功
2017-01-19T01:24:56: 读取文件成功
2017-01-19T01:25:06: 读取文件成功
2017-01-19T01:25:16: 读取文件成功
2017-01-19T01:25:26: 读取文件成功
2017-01-19T01:25:36: 读取文件成功
2017-01-19T01:25:46: 读取文件成功
2017-01-19T01:25:56: 读取文件成功
2017-01-19T01:26:06: 读取文件成功
2017-01-19T01:26:16: 读取文件成功
2017-01-19T01:26:26: 读取文件成功
2017-01-19T01:26:36: 读取文件成功
2017-01-19T01:26:46: 读取文件成功
2017-01-19T01:26:56: 读取文件成功
2017-01-19T01:27:06: 读取文件成功
2017-01-19T01:27:16: 读取文件成功
2017-01-19T01:27:26: 读取文件成功
2017-01-19T01:27:36: 读取文件成功
2017-01-19T01:27:46: 读取文件成功
2017-01-19T01:27:58: 读取文件成功
2017-01-19T01:28:06: 读取文件成功
2017-01-19T01:28:16: 读取文件成功
2017-01-19T01:28:27: 读取文件成功
2017-01-19T01:28:36: 读取文件成功
2017-01-19T01:28:46: 读取文件成功
2017-01-19T01:28:56: 读取文件成功
2017-01-19T01:29:06: 读取文件成功
2017-01-19T01:29:18: 读取文件成功
2017-01-19T01:29:26: 读取文件成功
2017-01-19T01:29:36: 读取文件成功
2017-01-19T01:29:46: 读取文件成功
2017-01-19T01:29:56: 读取文件成功
2017-01-19T01:30:06: 读取文件成功
2017-01-19T01:30:16: 读取文件成功
2017-01-19T01:30:26: 读取文件成功
2017-01-19T01:30:36: 读取文件成功
2017-01-19T01:30:46: 读取文件成功
2017-01-19T01:30:56: 读取文件成功
2017-01-19T01:31:06: 读取文件成功
2017-01-19T01:31:16: 读取文件成功
2017-01-19T01:31:26: 读取文件成功
2017-01-19T01:31:36: 读取文件成功
2017-01-19T01:31:46: 读取文件成功
2017-01-19T01:31:56: 读取文件成功
2017-01-19T01:32:06: 读取文件成功
2017-01-19T01:32:16: 读取文件成功
2017-01-19T01:32:26: 读取文件成功
2017-01-19T01:32:36: 读取文件成功
2017-01-19T01:32:46: 读取文件成功
2017-01-19T01:32:56: 读取文件成功
2017-01-19T01:33:06: 读取文件成功
2017-01-19T01:33:16: 读取文件成功
2017-01-19T01:33:26: 读取文件成功
2017-01-19T01:33:36: 读取文件成功
2017-01-19T01:33:46: 读取文件成功
2017-01-19T01:33:56: 读取文件成功
2017-01-19T01:34:06: 读取文件成功
2017-01-19T01:34:16: 读取文件成功
2017-01-19T01:34:26: 读取文件成功
2017-01-19T01:34:36: 读取文件成功
2017-01-19T01:34:46: 读取文件成功
2017-01-19T01:34:56: 读取文件成功
2017-01-19T01:35:06: 读取文件成功
2017-01-19T01:35:16: 读取文件成功
2017-01-19T01:35:26: 读取文件成功
2017-01-19T01:35:36: 读取文件成功
2017-01-19T01:35:46: 读取文件成功
2017-01-19T01:35:56: 读取文件成功
2017-01-19T01:36:06: 读取文件成功
2017-01-19T01:36:16: 读取文件成功
2017-01-19T01:36:26: 读取文件成功
2017-01-19T01:36:36: 读取文件成功
2017-01-19T01:36:46: 读取文件成功
2017-01-19T01:36:56: 读取文件成功
2017-01-19T01:37:06: 读取文件成功
2017-01-19T01:37:16: 读取文件成功
2017-01-19T01:37:26: 读取文件成功
2017-01-19T01:37:36: 读取文件成功
2017-01-19T01:37:46: 读取文件成功
2017-01-19T01:37:56: 读取文件成功
2017-01-19T01:38:06: 读取文件成功
2017-01-19T01:38:16: 读取文件成功
2017-01-19T01:38:26: 读取文件成功
2017-01-19T01:38:36: 读取文件成功
2017-01-19T01:38:46: 读取文件成功
2017-01-19T01:38:56: 读取文件成功
2017-01-19T01:39:06: 读取文件成功
2017-01-19T01:39:16: 读取文件成功
2017-01-19T01:39:26: 读取文件成功
2017-01-19T01:39:36: 读取文件成功
2017-01-19T01:39:46: 读取文件成功
2017-01-19T01:39:57: 读取文件成功
2017-01-19T01:40:06: 读取文件成功
2017-01-19T01:40:16: 读取文件成功
2017-01-19T01:40:26: 读取文件成功
2017-01-19T01:40:36: 读取文件成功
2017-01-19T01:40:46: 读取文件成功
2017-01-19T01:40:56: 读取文件成功
2017-01-19T01:41:06: 读取文件成功
2017-01-19T01:41:16: 读取文件成功
2017-01-19T01:41:26: 读取文件成功
2017-01-19T01:41:36: 读取文件成功
2017-01-19T01:41:46: 读取文件成功
2017-01-19T01:41:57: 读取文件成功
2017-01-19T01:42:06: 读取文件成功
2017-01-19T01:42:16: 读取文件成功
2017-01-19T01:42:26: 读取文件成功
2017-01-19T01:42:36: 读取文件成功
2017-01-19T01:42:46: 读取文件成功
2017-01-19T01:42:56: 读取文件成功
2017-01-19T01:43:07: 读取文件成功
2017-01-19T01:43:16: 读取文件成功
2017-01-19T01:43:27: 读取文件成功
2017-01-19T01:43:37: 读取文件成功
2017-01-19T01:43:46: 读取文件成功
2017-01-19T01:43:57: 读取文件成功
2017-01-19T01:44:06: 读取文件成功
2017-01-19T01:44:17: 读取文件成功
2017-01-19T01:44:27: 读取文件成功
2017-01-19T01:44:37: 读取文件成功
2017-01-19T01:44:47: 读取文件成功
2017-01-19T01:44:57: 读取文件成功
2017-01-19T01:45:07: 读取文件成功
2017-01-19T01:45:17: 读取文件成功
2017-01-19T01:45:27: 读取文件成功
2017-01-19T01:45:37: 读取文件成功
2017-01-19T01:45:47: 读取文件成功
2017-01-19T01:45:58: 读取文件成功
2017-01-19T01:46:07: 读取文件成功
2017-01-19T01:46:17: 读取文件成功
2017-01-19T01:46:27: 读取文件成功
2017-01-19T01:46:37: 读取文件成功
2017-01-19T01:46:47: 读取文件成功
2017-01-19T01:46:57: 读取文件成功
2017-01-19T01:47:07: 读取文件成功
2017-01-19T01:47:17: 读取文件成功
2017-01-19T01:47:27: 读取文件成功
2017-01-19T01:47:37: 读取文件成功
2017-01-19T01:47:47: 读取文件成功
2017-01-19T01:47:57: 读取文件成功
2017-01-19T01:48:07: 读取文件成功
2017-01-19T01:48:17: 读取文件成功
2017-01-19T01:48:27: 读取文件成功
2017-01-19T01:48:37: 读取文件成功
2017-01-19T01:48:47: 读取文件成功
2017-01-19T01:48:57: 读取文件成功
2017-01-19T01:49:07: 读取文件成功
2017-01-19T01:49:17: 读取文件成功
2017-01-19T01:49:27: 读取文件成功
2017-01-19T01:49:37: 读取文件成功
2017-01-19T01:49:47: 读取文件成功
2017-01-19T01:49:57: 读取文件成功
2017-01-19T01:50:07: 读取文件成功
2017-01-19T01:50:17: 读取文件成功
2017-01-19T01:50:27: 读取文件成功
2017-01-19T01:50:37: 读取文件成功
2017-01-19T01:50:47: 读取文件成功
2017-01-19T01:50:57: 读取文件成功
2017-01-19T01:51:07: 读取文件成功
2017-01-19T01:51:17: 读取文件成功
2017-01-19T01:51:27: 读取文件成功
2017-01-19T01:51:37: 读取文件成功
2017-01-19T01:51:47: 读取文件成功
2017-01-19T01:51:57: 读取文件成功
2017-01-19T01:52:07: 读取文件成功
2017-01-19T01:52:17: 读取文件成功
2017-01-19T01:52:27: 读取文件成功
2017-01-19T01:52:37: 读取文件成功
2017-01-19T01:52:47: 读取文件成功
2017-01-19T01:52:57: 读取文件成功
2017-01-19T01:53:07: 读取文件成功
2017-01-19T01:53:17: 读取文件成功
2017-01-19T01:53:27: 读取文件成功
2017-01-19T01:53:37: 读取文件成功
2017-01-19T01:53:47: 读取文件成功
2017-01-19T01:53:57: 读取文件成功
2017-01-19T01:54:07: 读取文件成功
2017-01-19T01:54:17: 读取文件成功
2017-01-19T01:54:27: 读取文件成功
2017-01-19T01:54:37: 读取文件成功
2017-01-19T01:54:47: 读取文件成功
2017-01-19T01:54:57: 读取文件成功
2017-01-19T01:55:07: 读取文件成功
2017-01-19T01:55:17: 读取文件成功
2017-01-19T01:55:27: 读取文件成功
2017-01-19T01:55:37: 读取文件成功
2017-01-19T01:55:47: 读取文件成功
2017-01-19T01:55:57: 读取文件成功
2017-01-19T01:56:07: 读取文件成功
2017-01-19T01:56:17: 读取文件成功
2017-01-19T01:56:27: 读取文件成功
2017-01-19T01:56:37: 读取文件成功
2017-01-19T01:56:47: 读取文件成功
2017-01-19T01:56:57: 读取文件成功
2017-01-19T01:57:07: 读取文件成功
2017-01-19T01:57:18: 读取文件成功
2017-01-19T01:57:27: 读取文件成功
2017-01-19T01:57:37: 读取文件成功
2017-01-19T01:57:47: 读取文件成功
2017-01-19T01:57:57: 读取文件成功
2017-01-19T01:58:07: 读取文件成功
2017-01-19T01:58:17: 读取文件成功
2017-01-19T01:58:27: 读取文件成功
2017-01-19T01:58:37: 读取文件成功
2017-01-19T01:58:47: 读取文件成功
2017-01-19T01:58:57: 读取文件成功
2017-01-19T01:59:07: 读取文件成功
2017-01-19T01:59:17: 读取文件成功
2017-01-19T01:59:27: 读取文件成功
2017-01-19T01:59:37: 读取文件成功
2017-01-19T01:59:47: 读取文件成功
2017-01-19T01:59:57: 读取文件成功
2017-01-19T02:00:07: 读取文件成功
2017-01-19T02:00:17: 读取文件成功
2017-01-19T02:00:27: 读取文件成功
2017-01-19T02:00:37: 读取文件成功
2017-01-19T02:00:47: 读取文件成功
2017-01-19T02:00:57: 读取文件成功
2017-01-19T02:01:07: 读取文件成功
2017-01-19T02:01:17: 读取文件成功
2017-01-19T02:01:28: 读取文件成功
2017-01-19T02:01:37: 读取文件成功
2017-01-19T02:01:47: 读取文件成功
2017-01-19T02:01:58: 读取文件成功
2017-01-19T02:02:08: 读取文件成功
2017-01-19T02:02:18: 读取文件成功
2017-01-19T02:02:28: 读取文件成功
2017-01-19T02:02:38: 读取文件成功
2017-01-19T02:02:48: 读取文件成功
2017-01-19T02:02:58: 读取文件成功
2017-01-19T02:03:08: 读取文件成功
2017-01-19T02:03:18: 读取文件成功
2017-01-19T02:03:28: 读取文件成功
2017-01-19T02:03:38: 读取文件成功
2017-01-19T02:03:48: 读取文件成功
2017-01-19T02:03:58: 读取文件成功
2017-01-19T02:04:08: 读取文件成功
2017-01-19T02:04:18: 读取文件成功
2017-01-19T02:04:28: 读取文件成功
2017-01-19T02:04:38: 读取文件成功
2017-01-19T02:04:48: 读取文件成功
2017-01-19T02:04:58: 读取文件成功
2017-01-19T02:05:08: 读取文件成功
2017-01-19T02:05:18: 读取文件成功
2017-01-19T02:05:28: 读取文件成功
2017-01-19T02:05:38: 读取文件成功
2017-01-19T02:05:48: 读取文件成功
2017-01-19T02:05:58: 读取文件成功
2017-01-19T02:06:08: 读取文件成功
2017-01-19T02:06:18: 读取文件成功
2017-01-19T02:06:28: 读取文件成功
2017-01-19T02:06:38: 读取文件成功
2017-01-19T02:06:48: 读取文件成功
2017-01-19T02:06:58: 读取文件成功
2017-01-19T02:07:08: 读取文件成功
2017-01-19T02:07:18: 读取文件成功
2017-01-19T02:07:28: 读取文件成功
2017-01-19T02:07:38: 读取文件成功
2017-01-19T02:07:48: 读取文件成功
2017-01-19T02:07:58: 读取文件成功
2017-01-19T02:08:08: 读取文件成功
2017-01-19T02:08:18: 读取文件成功
2017-01-19T02:08:28: 读取文件成功
2017-01-19T02:08:38: 读取文件成功
2017-01-19T02:08:48: 读取文件成功
2017-01-19T02:08:58: 读取文件成功
2017-01-19T02:09:08: 读取文件成功
2017-01-19T02:09:18: 读取文件成功
2017-01-19T02:09:28: 读取文件成功
2017-01-19T02:09:38: 读取文件成功
2017-01-19T02:09:48: 读取文件成功
2017-01-19T02:09:58: 读取文件成功
2017-01-19T02:10:08: 读取文件成功
2017-01-19T02:10:18: 读取文件成功
2017-01-19T02:10:28: 读取文件成功
2017-01-19T02:10:38: 读取文件成功
2017-01-19T02:10:48: 读取文件成功
2017-01-19T02:10:58: 读取文件成功
2017-01-19T02:11:08: 读取文件成功
2017-01-19T02:11:18: 读取文件成功
2017-01-19T02:11:28: 读取文件成功
2017-01-19T02:11:38: 读取文件成功
2017-01-19T02:11:48: 读取文件成功
2017-01-19T02:11:58: 读取文件成功
2017-01-19T02:12:08: 读取文件成功
2017-01-19T02:12:18: 读取文件成功
2017-01-19T02:12:28: 读取文件成功
2017-01-19T02:12:38: 读取文件成功
2017-01-19T02:12:48: 读取文件成功
2017-01-19T02:12:58: 读取文件成功
2017-01-19T02:13:08: 读取文件成功
2017-01-19T02:13:18: 读取文件成功
2017-01-19T02:13:28: 读取文件成功
2017-01-19T02:13:38: 读取文件成功
2017-01-19T02:13:48: 读取文件成功
2017-01-19T02:13:58: 读取文件成功
2017-01-19T02:14:08: 读取文件成功
2017-01-19T02:14:18: 读取文件成功
2017-01-19T02:14:28: 读取文件成功
2017-01-19T02:14:38: 读取文件成功
2017-01-19T02:14:48: 读取文件成功
2017-01-19T02:14:58: 读取文件成功
2017-01-19T02:15:08: 读取文件成功
2017-01-19T02:15:18: 读取文件成功
2017-01-19T02:15:28: 读取文件成功
2017-01-19T02:15:38: 读取文件成功
2017-01-19T02:15:48: 读取文件成功
2017-01-19T02:15:58: 读取文件成功
2017-01-19T02:16:08: 读取文件成功
2017-01-19T02:16:18: 读取文件成功
2017-01-19T02:16:28: 读取文件成功
2017-01-19T02:16:38: 读取文件成功
2017-01-19T02:16:48: 读取文件成功
2017-01-19T02:16:58: 读取文件成功
2017-01-19T02:17:08: 读取文件成功
2017-01-19T02:17:18: 读取文件成功
2017-01-19T02:17:28: 读取文件成功
2017-01-19T02:17:38: 读取文件成功
2017-01-19T02:17:49: 读取文件成功
2017-01-19T02:17:58: 读取文件成功
2017-01-19T02:18:08: 读取文件成功
2017-01-19T02:18:18: 读取文件成功
2017-01-19T02:18:28: 读取文件成功
2017-01-19T02:18:38: 读取文件成功
2017-01-19T02:18:48: 读取文件成功
2017-01-19T02:18:58: 读取文件成功
2017-01-19T02:19:08: 读取文件成功
2017-01-19T02:19:18: 读取文件成功
2017-01-19T02:19:28: 读取文件成功
2017-01-19T02:19:38: 读取文件成功
2017-01-19T02:19:48: 读取文件成功
2017-01-19T02:19:58: 读取文件成功
2017-01-19T02:20:08: 读取文件成功
2017-01-19T02:20:18: 读取文件成功
2017-01-19T02:20:28: 读取文件成功
2017-01-19T02:20:38: 读取文件成功
2017-01-19T02:20:48: 读取文件成功
2017-01-19T02:20:58: 读取文件成功
2017-01-19T02:21:08: 读取文件成功
2017-01-19T02:21:18: 读取文件成功
2017-01-19T02:21:29: 读取文件成功
2017-01-19T02:21:39: 读取文件成功
2017-01-19T02:21:49: 读取文件成功
2017-01-19T02:21:59: 读取文件成功
2017-01-19T02:22:09: 读取文件成功
2017-01-19T02:22:19: 读取文件成功
2017-01-19T02:22:29: 读取文件成功
2017-01-19T02:22:39: 读取文件成功
2017-01-19T02:22:49: 读取文件成功
2017-01-19T02:22:59: 读取文件成功
2017-01-19T02:23:09: 读取文件成功
2017-01-19T02:23:19: 读取文件成功
2017-01-19T02:23:29: 读取文件成功
2017-01-19T02:23:39: 读取文件成功
2017-01-19T02:23:49: 读取文件成功
2017-01-19T02:23:59: 读取文件成功
2017-01-19T02:24:09: 读取文件成功
2017-01-19T02:24:19: 读取文件成功
2017-01-19T02:24:29: 读取文件成功
2017-01-19T02:24:39: 读取文件成功
2017-01-19T02:24:49: 读取文件成功
2017-01-19T02:24:59: 读取文件成功
2017-01-19T02:25:09: 读取文件成功
2017-01-19T02:25:19: 读取文件成功
2017-01-19T02:25:29: 读取文件成功
2017-01-19T02:25:39: 读取文件成功
2017-01-19T02:25:49: 读取文件成功
2017-01-19T02:25:59: 读取文件成功
2017-01-19T02:26:09: 读取文件成功
2017-01-19T02:26:19: 读取文件成功
2017-01-19T02:26:29: 读取文件成功
2017-01-19T02:26:39: 读取文件成功
2017-01-19T02:26:49: 读取文件成功
2017-01-19T02:26:59: 读取文件成功
2017-01-19T02:27:09: 读取文件成功
2017-01-19T02:27:19: 读取文件成功
2017-01-19T02:27:29: 读取文件成功
2017-01-19T02:27:39: 读取文件成功
2017-01-19T02:27:49: 读取文件成功
2017-01-19T02:27:59: 读取文件成功
2017-01-19T02:28:09: 读取文件成功
2017-01-19T02:28:19: 读取文件成功
2017-01-19T02:28:29: 读取文件成功
2017-01-19T02:28:39: 读取文件成功
2017-01-19T02:28:49: 读取文件成功
2017-01-19T02:28:59: 读取文件成功
2017-01-19T02:29:09: 读取文件成功
2017-01-19T02:29:19: 读取文件成功
2017-01-19T02:29:29: 读取文件成功
2017-01-19T02:29:39: 读取文件成功
2017-01-19T02:29:49: 读取文件成功
2017-01-19T02:29:59: 读取文件成功
2017-01-19T02:30:09: 读取文件成功
2017-01-19T02:30:19: 读取文件成功
2017-01-19T02:30:29: 读取文件成功
2017-01-19T02:30:39: 读取文件成功
2017-01-19T02:30:49: 读取文件成功
2017-01-19T02:30:59: 读取文件成功
2017-01-19T02:31:09: 读取文件成功
2017-01-19T02:31:19: 读取文件成功
2017-01-19T02:31:29: 读取文件成功
2017-01-19T02:31:39: 读取文件成功
2017-01-19T02:31:49: 读取文件成功
2017-01-19T02:31:59: 读取文件成功
2017-01-19T02:32:09: 读取文件成功
2017-01-19T02:32:19: 读取文件成功
2017-01-19T02:32:29: 读取文件成功
2017-01-19T02:32:39: 读取文件成功
2017-01-19T02:32:49: 读取文件成功
2017-01-19T02:32:59: 读取文件成功
2017-01-19T02:33:09: 读取文件成功
2017-01-19T02:33:19: 读取文件成功
2017-01-19T02:33:29: 读取文件成功
2017-01-19T02:33:39: 读取文件成功
2017-01-19T02:33:49: 读取文件成功
2017-01-19T02:33:59: 读取文件成功
2017-01-19T02:34:09: 读取文件成功
2017-01-19T02:34:19: 读取文件成功
2017-01-19T02:34:29: 读取文件成功
2017-01-19T02:34:39: 读取文件成功
2017-01-19T02:34:49: 读取文件成功
2017-01-19T02:34:59: 读取文件成功
2017-01-19T02:35:09: 读取文件成功
2017-01-19T02:35:19: 读取文件成功
2017-01-19T02:35:29: 读取文件成功
2017-01-19T02:35:39: 读取文件成功
2017-01-19T02:35:49: 读取文件成功
2017-01-19T02:35:59: 读取文件成功
2017-01-19T02:36:09: 读取文件成功
2017-01-19T02:36:19: 读取文件成功
2017-01-19T02:36:29: 读取文件成功
2017-01-19T02:36:39: 读取文件成功
2017-01-19T02:36:49: 读取文件成功
2017-01-19T02:36:59: 读取文件成功
2017-01-19T02:37:09: 读取文件成功
2017-01-19T02:37:19: 读取文件成功
2017-01-19T02:37:29: 读取文件成功
2017-01-19T02:37:39: 读取文件成功
2017-01-19T02:37:49: 读取文件成功
2017-01-19T02:37:59: 读取文件成功
2017-01-19T02:38:09: 读取文件成功
2017-01-19T02:38:19: 读取文件成功
2017-01-19T02:38:29: 读取文件成功
2017-01-19T02:38:39: 读取文件成功
2017-01-19T02:38:49: 读取文件成功
2017-01-19T02:38:59: 读取文件成功
2017-01-19T02:39:09: 读取文件成功
2017-01-19T02:39:19: 读取文件成功
2017-01-19T02:39:29: 读取文件成功
2017-01-19T02:39:39: 读取文件成功
2017-01-19T02:39:49: 读取文件成功
2017-01-19T02:39:59: 读取文件成功
2017-01-19T02:40:09: 读取文件成功
2017-01-19T02:40:19: 读取文件成功
2017-01-19T02:40:29: 读取文件成功
2017-01-19T02:40:39: 读取文件成功
2017-01-19T02:40:49: 读取文件成功
2017-01-19T02:40:59: 读取文件成功
2017-01-19T02:41:09: 读取文件成功
2017-01-19T02:41:19: 读取文件成功
2017-01-19T02:41:29: 读取文件成功
2017-01-19T02:41:39: 读取文件成功
2017-01-19T02:41:50: 读取文件成功
2017-01-19T02:42:00: 读取文件成功
2017-01-19T02:42:10: 读取文件成功
2017-01-19T02:42:20: 读取文件成功
2017-01-19T02:42:30: 读取文件成功
2017-01-19T02:42:40: 读取文件成功
2017-01-19T02:42:50: 读取文件成功
2017-01-19T02:43:00: 读取文件成功
2017-01-19T02:43:10: 读取文件成功
2017-01-19T02:43:20: 读取文件成功
2017-01-19T02:43:30: 读取文件成功
2017-01-19T02:43:40: 读取文件成功
2017-01-19T02:43:50: 读取文件成功
2017-01-19T02:44:00: 读取文件成功
2017-01-19T02:44:10: 读取文件成功
2017-01-19T02:44:20: 读取文件成功
2017-01-19T02:44:30: 读取文件成功
2017-01-19T02:44:40: 读取文件成功
2017-01-19T02:44:50: 读取文件成功
2017-01-19T02:45:00: 读取文件成功
2017-01-19T02:45:10: 读取文件成功
2017-01-19T02:45:20: 读取文件成功
2017-01-19T02:45:30: 读取文件成功
2017-01-19T02:45:40: 读取文件成功
2017-01-19T02:45:50: 读取文件成功
2017-01-19T02:46:00: 读取文件成功
2017-01-19T02:46:10: 读取文件成功
2017-01-19T02:46:20: 读取文件成功
2017-01-19T02:46:30: 读取文件成功
2017-01-19T02:46:40: 读取文件成功
2017-01-19T02:46:50: 读取文件成功
2017-01-19T02:47:00: 读取文件成功
2017-01-19T02:47:10: 读取文件成功
2017-01-19T02:47:20: 读取文件成功
2017-01-19T02:47:30: 读取文件成功
2017-01-19T02:47:40: 读取文件成功
2017-01-19T02:47:50: 读取文件成功
2017-01-19T02:48:00: 读取文件成功
2017-01-19T02:48:10: 读取文件成功
2017-01-19T02:48:20: 读取文件成功
2017-01-19T02:48:30: 读取文件成功
2017-01-19T02:48:40: 读取文件成功
2017-01-19T02:48:50: 读取文件成功
2017-01-19T02:49:00: 读取文件成功
2017-01-19T02:49:10: 读取文件成功
2017-01-19T02:49:20: 读取文件成功
2017-01-19T02:49:30: 读取文件成功
2017-01-19T02:49:40: 读取文件成功
2017-01-19T02:49:50: 读取文件成功
2017-01-19T02:50:00: 读取文件成功
2017-01-19T02:50:10: 读取文件成功
2017-01-19T02:50:20: 读取文件成功
2017-01-19T02:50:30: 读取文件成功
2017-01-19T02:50:40: 读取文件成功
2017-01-19T02:50:50: 读取文件成功
2017-01-19T02:51:00: 读取文件成功
2017-01-19T02:51:10: 读取文件成功
2017-01-19T02:51:20: 读取文件成功
2017-01-19T02:51:30: 读取文件成功
2017-01-19T02:51:40: 读取文件成功
2017-01-19T02:51:50: 读取文件成功
2017-01-19T02:52:00: 读取文件成功
2017-01-19T02:52:10: 读取文件成功
2017-01-19T02:52:20: 读取文件成功
2017-01-19T02:52:30: 读取文件成功
2017-01-19T02:52:40: 读取文件成功
2017-01-19T02:52:50: 读取文件成功
2017-01-19T02:53:00: 读取文件成功
2017-01-19T02:53:10: 读取文件成功
2017-01-19T02:53:20: 读取文件成功
2017-01-19T02:53:30: 读取文件成功
2017-01-19T02:53:40: 读取文件成功
2017-01-19T02:53:50: 读取文件成功
2017-01-19T02:54:00: 读取文件成功
2017-01-19T02:54:10: 读取文件成功
2017-01-19T02:54:20: 读取文件成功
2017-01-19T02:54:30: 读取文件成功
2017-01-19T02:54:40: 读取文件成功
2017-01-19T02:54:50: 读取文件成功
2017-01-19T02:55:00: 读取文件成功
2017-01-19T02:55:10: 读取文件成功
2017-01-19T02:55:20: 读取文件成功
2017-01-19T02:55:30: 读取文件成功
2017-01-19T02:55:40: 读取文件成功
2017-01-19T02:55:50: 读取文件成功
2017-01-19T02:56:00: 读取文件成功
2017-01-19T02:56:10: 读取文件成功
2017-01-19T02:56:20: 读取文件成功
2017-01-19T02:56:30: 读取文件成功
2017-01-19T02:56:40: 读取文件成功
2017-01-19T02:56:50: 读取文件成功
2017-01-19T02:57:01: 读取文件成功
2017-01-19T02:57:11: 读取文件成功
2017-01-19T02:57:20: 读取文件成功
2017-01-19T02:57:30: 读取文件成功
2017-01-19T02:57:40: 读取文件成功
2017-01-19T02:57:50: 读取文件成功
2017-01-19T02:58:00: 读取文件成功
2017-01-19T02:58:10: 读取文件成功
2017-01-19T02:58:20: 读取文件成功
2017-01-19T02:58:30: 读取文件成功
2017-01-19T02:58:40: 读取文件成功
2017-01-19T02:58:51: 读取文件成功
2017-01-19T02:59:00: 读取文件成功
2017-01-19T02:59:10: 读取文件成功
2017-01-19T02:59:20: 读取文件成功
2017-01-19T02:59:30: 读取文件成功
2017-01-19T02:59:41: 读取文件成功
2017-01-19T02:59:50: 读取文件成功
2017-01-19T03:00:01: 读取文件成功
2017-01-19T03:00:10: 读取文件成功
2017-01-19T03:00:21: 读取文件成功
2017-01-19T03:00:31: 读取文件成功
2017-01-19T03:00:41: 读取文件成功
2017-01-19T03:00:51: 读取文件成功
2017-01-19T03:01:01: 读取文件成功
2017-01-19T03:01:11: 读取文件成功
2017-01-19T03:01:21: 读取文件成功
2017-01-19T03:01:31: 读取文件成功
2017-01-19T03:01:41: 读取文件成功
2017-01-19T03:01:51: 读取文件成功
2017-01-19T03:02:01: 读取文件成功
2017-01-19T03:02:11: 读取文件成功
2017-01-19T03:02:21: 读取文件成功
2017-01-19T03:02:31: 读取文件成功
2017-01-19T03:02:41: 读取文件成功
2017-01-19T03:02:51: 读取文件成功
2017-01-19T03:03:02: 读取文件成功
2017-01-19T03:03:11: 读取文件成功
2017-01-19T03:03:22: 读取文件成功
2017-01-19T03:03:34: 读取文件成功
2017-01-19T03:03:41: 读取文件成功
2017-01-19T03:03:51: 读取文件成功
2017-01-19T03:04:01: 读取文件成功
2017-01-19T03:04:11: 读取文件成功
2017-01-19T03:04:21: 读取文件成功
2017-01-19T03:04:31: 读取文件成功
2017-01-19T03:04:41: 读取文件成功
2017-01-19T03:04:51: 读取文件成功
2017-01-19T03:05:01: 读取文件成功
2017-01-19T03:05:11: 读取文件成功
2017-01-19T03:05:21: 读取文件成功
2017-01-19T03:05:31: 读取文件成功
2017-01-19T03:05:41: 读取文件成功
2017-01-19T03:05:51: 读取文件成功
2017-01-19T03:06:01: 读取文件成功
2017-01-19T03:06:11: 读取文件成功
2017-01-19T03:06:21: 读取文件成功
2017-01-19T03:06:31: 读取文件成功
2017-01-19T03:06:41: 读取文件成功
2017-01-19T03:06:51: 读取文件成功
2017-01-19T03:07:01: 读取文件成功
2017-01-19T03:07:11: 读取文件成功
2017-01-19T03:07:21: 读取文件成功
2017-01-19T03:07:31: 读取文件成功
2017-01-19T03:07:54: 读取文件成功
2017-01-19T03:08:04: 读取文件成功
2017-01-19T03:08:15: 读取文件成功
2017-01-19T03:08:26: 读取文件成功
2017-01-19T03:08:31: 读取文件成功
2017-01-19T03:08:37: 读取文件成功
2017-01-19T03:08:41: 读取文件成功
2017-01-19T03:08:51: 读取文件成功
2017-01-19T03:09:01: 读取文件成功
2017-01-19T03:09:11: 读取文件成功
2017-01-19T03:09:21: 读取文件成功
2017-01-19T03:09:31: 读取文件成功
2017-01-19T03:09:54: 读取文件成功
2017-01-19T03:09:56: 读取文件成功
2017-01-19T03:10:06: 读取文件成功
2017-01-19T03:10:18: 读取文件成功
2017-01-19T03:10:25: 读取文件成功
2017-01-19T03:10:31: 读取文件成功
2017-01-19T03:10:41: 读取文件成功
2017-01-19T03:10:51: 读取文件成功
2017-01-19T03:11:01: 读取文件成功
2017-01-19T03:11:11: 读取文件成功
2017-01-19T03:11:21: 读取文件成功
2017-01-19T03:11:31: 读取文件成功
2017-01-19T03:11:41: 读取文件成功
2017-01-19T03:11:51: 读取文件成功
2017-01-19T03:12:01: 读取文件成功
2017-01-19T03:12:11: 读取文件成功
2017-01-19T03:12:21: 读取文件成功
2017-01-19T03:12:31: 读取文件成功
2017-01-19T03:12:41: 读取文件成功
2017-01-19T03:12:51: 读取文件成功
2017-01-19T03:13:01: 读取文件成功
2017-01-19T03:13:11: 读取文件成功
2017-01-19T03:13:21: 读取文件成功
2017-01-19T03:13:31: 读取文件成功
2017-01-19T03:13:41: 读取文件成功
2017-01-19T03:13:51: 读取文件成功
2017-01-19T03:14:01: 读取文件成功
2017-01-19T03:14:11: 读取文件成功
2017-01-19T03:14:21: 读取文件成功
2017-01-19T03:14:31: 读取文件成功
2017-01-19T03:14:41: 读取文件成功
2017-01-19T03:14:51: 读取文件成功
2017-01-19T03:15:01: 读取文件成功
2017-01-19T03:15:11: 读取文件成功
2017-01-19T03:15:21: 读取文件成功
2017-01-19T03:15:31: 读取文件成功
2017-01-19T03:15:41: 读取文件成功
2017-01-19T03:15:51: 读取文件成功
2017-01-19T03:16:01: 读取文件成功
2017-01-19T03:16:11: 读取文件成功
2017-01-19T03:16:21: 读取文件成功
2017-01-19T03:16:31: 读取文件成功
2017-01-19T03:16:41: 读取文件成功
2017-01-19T03:16:51: 读取文件成功
2017-01-19T03:17:02: 读取文件成功
2017-01-19T03:17:11: 读取文件成功
2017-01-19T03:17:22: 读取文件成功
2017-01-19T03:17:32: 读取文件成功
2017-01-19T03:17:42: 读取文件成功
2017-01-19T03:17:52: 读取文件成功
2017-01-19T03:18:02: 读取文件成功
2017-01-19T03:18:12: 读取文件成功
2017-01-19T03:18:27: 读取文件成功
2017-01-19T03:18:39: 读取文件成功
2017-01-19T03:18:45: 读取文件成功
2017-01-19T03:18:57: 读取文件成功
2017-01-19T03:19:07: 读取文件成功
2017-01-19T03:19:12: 读取文件成功
2017-01-19T03:19:22: 读取文件成功
2017-01-19T03:19:32: 读取文件成功
2017-01-19T03:19:42: 读取文件成功
2017-01-19T03:19:52: 读取文件成功
2017-01-19T03:20:02: 读取文件成功
2017-01-19T03:20:12: 读取文件成功
2017-01-19T03:20:22: 读取文件成功
2017-01-19T03:20:32: 读取文件成功
2017-01-19T03:20:42: 读取文件成功
2017-01-19T03:20:52: 读取文件成功
2017-01-19T03:21:02: 读取文件成功
2017-01-19T03:21:12: 读取文件成功
2017-01-19T03:21:22: 读取文件成功
2017-01-19T03:21:32: 读取文件成功
2017-01-19T03:21:42: 读取文件成功
2017-01-19T03:21:52: 读取文件成功
2017-01-19T03:22:02: 读取文件成功
2017-01-19T03:22:12: 读取文件成功
2017-01-19T03:22:22: 读取文件成功
2017-01-19T03:22:32: 读取文件成功
2017-01-19T03:22:42: 读取文件成功
2017-01-19T03:22:52: 读取文件成功
2017-01-19T03:23:02: 读取文件成功
2017-01-19T03:23:12: 读取文件成功
2017-01-19T03:23:22: 读取文件成功
2017-01-19T03:23:32: 读取文件成功
2017-01-19T03:23:42: 读取文件成功
2017-01-19T03:23:52: 读取文件成功
2017-01-19T03:24:02: 读取文件成功
2017-01-19T03:24:12: 读取文件成功
2017-01-19T03:24:22: 读取文件成功
2017-01-19T03:24:32: 读取文件成功
2017-01-19T03:24:42: 读取文件成功
2017-01-19T03:24:52: 读取文件成功
2017-01-19T03:25:02: 读取文件成功
2017-01-19T03:25:12: 读取文件成功
2017-01-19T03:25:22: 读取文件成功
2017-01-19T03:25:32: 读取文件成功
2017-01-19T03:25:42: 读取文件成功
2017-01-19T03:25:52: 读取文件成功
2017-01-19T03:26:02: 读取文件成功
2017-01-19T03:26:12: 读取文件成功
2017-01-19T03:26:22: 读取文件成功
2017-01-19T03:26:32: 读取文件成功
2017-01-19T03:26:42: 读取文件成功
2017-01-19T03:26:52: 读取文件成功
2017-01-19T03:27:02: 读取文件成功
2017-01-19T03:27:12: 读取文件成功
2017-01-19T03:27:22: 读取文件成功
2017-01-19T03:27:32: 读取文件成功
2017-01-19T03:27:42: 读取文件成功
2017-01-19T03:27:52: 读取文件成功
2017-01-19T03:28:02: 读取文件成功
2017-01-19T03:28:12: 读取文件成功
2017-01-19T03:28:22: 读取文件成功
2017-01-19T03:28:32: 读取文件成功
2017-01-19T03:28:42: 读取文件成功
2017-01-19T03:28:52: 读取文件成功
2017-01-19T03:29:02: 读取文件成功
2017-01-19T03:29:12: 读取文件成功
2017-01-19T03:29:22: 读取文件成功
2017-01-19T03:29:32: 读取文件成功
2017-01-19T03:29:42: 读取文件成功
2017-01-19T03:29:52: 读取文件成功
2017-01-19T03:30:02: 读取文件成功
2017-01-19T03:30:12: 读取文件成功
2017-01-19T03:30:22: 读取文件成功
2017-01-19T03:30:32: 读取文件成功
2017-01-19T03:30:42: 读取文件成功
2017-01-19T03:30:52: 读取文件成功
2017-01-19T03:31:02: 读取文件成功
2017-01-19T03:31:12: 读取文件成功
2017-01-19T03:31:22: 读取文件成功
2017-01-19T03:31:32: 读取文件成功
2017-01-19T03:31:42: 读取文件成功
2017-01-19T03:31:52: 读取文件成功
2017-01-19T03:32:02: 读取文件成功
2017-01-19T03:32:12: 读取文件成功
2017-01-19T03:32:22: 读取文件成功
2017-01-19T03:32:32: 读取文件成功
2017-01-19T03:32:42: 读取文件成功
2017-01-19T03:32:52: 读取文件成功
2017-01-19T03:33:02: 读取文件成功
2017-01-19T03:33:13: 读取文件成功
2017-01-19T03:33:22: 读取文件成功
2017-01-19T03:33:32: 读取文件成功
2017-01-19T03:33:42: 读取文件成功
2017-01-19T03:33:52: 读取文件成功
2017-01-19T03:34:02: 读取文件成功
2017-01-19T03:34:12: 读取文件成功
2017-01-19T03:34:22: 读取文件成功
2017-01-19T03:34:33: 读取文件成功
2017-01-19T03:34:43: 读取文件成功
2017-01-19T03:34:53: 读取文件成功
2017-01-19T03:35:03: 读取文件成功
2017-01-19T03:35:13: 读取文件成功
2017-01-19T03:35:23: 读取文件成功
2017-01-19T03:35:33: 读取文件成功
2017-01-19T03:35:43: 读取文件成功
2017-01-19T03:35:53: 读取文件成功
2017-01-19T03:36:03: 读取文件成功
2017-01-19T03:36:13: 读取文件成功
2017-01-19T03:36:23: 读取文件成功
2017-01-19T03:36:33: 读取文件成功
2017-01-19T03:36:43: 读取文件成功
2017-01-19T03:36:53: 读取文件成功
2017-01-19T03:37:03: 读取文件成功
2017-01-19T03:37:13: 读取文件成功
2017-01-19T03:37:23: 读取文件成功
2017-01-19T03:37:33: 读取文件成功
2017-01-19T03:37:43: 读取文件成功
2017-01-19T03:37:53: 读取文件成功
2017-01-19T03:38:03: 读取文件成功
2017-01-19T03:38:13: 读取文件成功
2017-01-19T03:38:23: 读取文件成功
2017-01-19T03:38:33: 读取文件成功
2017-01-19T03:38:43: 读取文件成功
2017-01-19T03:38:53: 读取文件成功
2017-01-19T03:39:03: 读取文件成功
2017-01-19T03:39:13: 读取文件成功
2017-01-19T03:39:23: 读取文件成功
2017-01-19T03:39:33: 读取文件成功
2017-01-19T03:39:43: 读取文件成功
2017-01-19T03:39:53: 读取文件成功
2017-01-19T03:40:03: 读取文件成功
2017-01-19T03:40:13: 读取文件成功
2017-01-19T03:40:23: 读取文件成功
2017-01-19T03:40:33: 读取文件成功
2017-01-19T03:40:43: 读取文件成功
2017-01-19T03:40:53: 读取文件成功
2017-01-19T03:41:03: 读取文件成功
2017-01-19T03:41:13: 读取文件成功
2017-01-19T03:41:23: 读取文件成功
2017-01-19T03:41:33: 读取文件成功
2017-01-19T03:41:44: 读取文件成功
2017-01-19T03:41:53: 读取文件成功
2017-01-19T03:42:04: 读取文件成功
2017-01-19T03:42:13: 读取文件成功
2017-01-19T03:42:23: 读取文件成功
2017-01-19T03:42:33: 读取文件成功
2017-01-19T03:42:43: 读取文件成功
2017-01-19T03:42:53: 读取文件成功
2017-01-19T03:43:03: 读取文件成功
2017-01-19T03:43:13: 读取文件成功
2017-01-19T03:43:23: 读取文件成功
2017-01-19T03:43:33: 读取文件成功
2017-01-19T03:43:43: 读取文件成功
2017-01-19T03:43:53: 读取文件成功
2017-01-19T03:44:03: 读取文件成功
2017-01-19T03:44:13: 读取文件成功
2017-01-19T03:44:23: 读取文件成功
2017-01-19T03:44:33: 读取文件成功
2017-01-19T03:44:43: 读取文件成功
2017-01-19T03:44:53: 读取文件成功
2017-01-19T03:45:03: 读取文件成功
2017-01-19T03:45:13: 读取文件成功
2017-01-19T03:45:23: 读取文件成功
2017-01-19T03:45:33: 读取文件成功
2017-01-19T03:45:43: 读取文件成功
2017-01-19T03:45:53: 读取文件成功
2017-01-19T03:46:03: 读取文件成功
2017-01-19T03:46:13: 读取文件成功
2017-01-19T03:46:23: 读取文件成功
2017-01-19T03:46:33: 读取文件成功
2017-01-19T03:46:43: 读取文件成功
2017-01-19T03:46:53: 读取文件成功
2017-01-19T03:47:03: 读取文件成功
2017-01-19T03:47:13: 读取文件成功
2017-01-19T03:47:23: 读取文件成功
2017-01-19T03:47:33: 读取文件成功
2017-01-19T03:47:43: 读取文件成功
2017-01-19T03:47:53: 读取文件成功
2017-01-19T03:48:03: 读取文件成功
2017-01-19T03:48:13: 读取文件成功
2017-01-19T03:48:23: 读取文件成功
2017-01-19T03:48:33: 读取文件成功
2017-01-19T03:48:43: 读取文件成功
2017-01-19T03:48:53: 读取文件成功
2017-01-19T03:49:03: 读取文件成功
2017-01-19T03:49:13: 读取文件成功
2017-01-19T03:49:23: 读取文件成功
2017-01-19T03:49:33: 读取文件成功
2017-01-19T03:49:43: 读取文件成功
2017-01-19T03:49:53: 读取文件成功
2017-01-19T03:50:04: 读取文件成功
2017-01-19T03:50:13: 读取文件成功
2017-01-19T03:50:23: 读取文件成功
2017-01-19T03:50:33: 读取文件成功
2017-01-19T03:50:43: 读取文件成功
2017-01-19T03:50:53: 读取文件成功
2017-01-19T03:51:03: 读取文件成功
2017-01-19T03:51:13: 读取文件成功
2017-01-19T03:51:23: 读取文件成功
2017-01-19T03:51:33: 读取文件成功
2017-01-19T03:51:43: 读取文件成功
2017-01-19T03:51:53: 读取文件成功
2017-01-19T03:52:03: 读取文件成功
2017-01-19T03:52:13: 读取文件成功
2017-01-19T03:52:23: 读取文件成功
2017-01-19T03:52:33: 读取文件成功
2017-01-19T03:52:44: 读取文件成功
2017-01-19T03:52:53: 读取文件成功
2017-01-19T03:53:04: 读取文件成功
2017-01-19T03:53:14: 读取文件成功
2017-01-19T03:53:24: 读取文件成功
2017-01-19T03:53:34: 读取文件成功
2017-01-19T03:53:44: 读取文件成功
2017-01-19T03:53:54: 读取文件成功
2017-01-19T03:54:04: 读取文件成功
2017-01-19T03:54:14: 读取文件成功
2017-01-19T03:54:24: 读取文件成功
2017-01-19T03:54:34: 读取文件成功
2017-01-19T03:54:44: 读取文件成功
2017-01-19T03:54:54: 读取文件成功
2017-01-19T03:55:04: 读取文件成功
2017-01-19T03:55:14: 读取文件成功
2017-01-19T03:55:24: 读取文件成功
2017-01-19T03:55:34: 读取文件成功
2017-01-19T03:55:44: 读取文件成功
2017-01-19T03:55:54: 读取文件成功
2017-01-19T03:56:04: 读取文件成功
2017-01-19T03:56:14: 读取文件成功
2017-01-19T03:56:24: 读取文件成功
2017-01-19T03:56:34: 读取文件成功
2017-01-19T03:56:44: 读取文件成功
2017-01-19T03:56:54: 读取文件成功
2017-01-19T03:57:04: 读取文件成功
2017-01-19T03:57:14: 读取文件成功
2017-01-19T03:57:24: 读取文件成功
2017-01-19T03:57:34: 读取文件成功
2017-01-19T03:57:44: 读取文件成功
2017-01-19T03:57:54: 读取文件成功
2017-01-19T03:58:04: 读取文件成功
2017-01-19T03:58:14: 读取文件成功
2017-01-19T03:58:24: 读取文件成功
2017-01-19T03:58:34: 读取文件成功
2017-01-19T03:58:44: 读取文件成功
2017-01-19T03:58:54: 读取文件成功
2017-01-19T03:59:04: 读取文件成功
2017-01-19T03:59:14: 读取文件成功
2017-01-19T03:59:24: 读取文件成功
2017-01-19T03:59:34: 读取文件成功
2017-01-19T03:59:44: 读取文件成功
2017-01-19T03:59:54: 读取文件成功
2017-01-19T04:00:04: 读取文件成功
2017-01-19T04:00:14: 读取文件成功
2017-01-19T04:00:24: 读取文件成功
2017-01-19T04:00:34: 读取文件成功
2017-01-19T04:00:44: 读取文件成功
2017-01-19T04:00:54: 读取文件成功
2017-01-19T04:01:04: 读取文件成功
2017-01-19T04:01:14: 读取文件成功
2017-01-19T04:01:24: 读取文件成功
2017-01-19T04:01:34: 读取文件成功
2017-01-19T04:01:44: 读取文件成功
2017-01-19T04:01:54: 读取文件成功
2017-01-19T04:02:04: 读取文件成功
2017-01-19T04:02:14: 读取文件成功
2017-01-19T04:02:24: 读取文件成功
2017-01-19T04:02:34: 读取文件成功
2017-01-19T04:02:44: 读取文件成功
2017-01-19T04:02:54: 读取文件成功
2017-01-19T04:03:04: 读取文件成功
2017-01-19T04:03:14: 读取文件成功
2017-01-19T04:03:24: 读取文件成功
2017-01-19T04:03:34: 读取文件成功
2017-01-19T04:03:44: 读取文件成功
2017-01-19T04:03:54: 读取文件成功
2017-01-19T04:04:04: 读取文件成功
2017-01-19T04:04:14: 读取文件成功
2017-01-19T04:04:24: 读取文件成功
2017-01-19T04:04:34: 读取文件成功
2017-01-19T04:04:44: 读取文件成功
2017-01-19T04:04:54: 读取文件成功
2017-01-19T04:05:04: 读取文件成功
2017-01-19T04:05:14: 读取文件成功
2017-01-19T04:05:24: 读取文件成功
2017-01-19T04:05:34: 读取文件成功
2017-01-19T04:05:44: 读取文件成功
2017-01-19T04:05:54: 读取文件成功
2017-01-19T04:06:04: 读取文件成功
2017-01-19T04:06:14: 读取文件成功
2017-01-19T04:06:24: 读取文件成功
2017-01-19T04:06:34: 读取文件成功
2017-01-19T04:06:44: 读取文件成功
2017-01-19T04:06:54: 读取文件成功
2017-01-19T04:07:04: 读取文件成功
2017-01-19T04:07:14: 读取文件成功
2017-01-19T04:07:24: 读取文件成功
2017-01-19T04:07:34: 读取文件成功
2017-01-19T04:07:44: 读取文件成功
2017-01-19T04:07:54: 读取文件成功
2017-01-19T04:08:04: 读取文件成功
2017-01-19T04:08:14: 读取文件成功
2017-01-19T04:08:24: 读取文件成功
2017-01-19T04:08:34: 读取文件成功
2017-01-19T04:08:44: 读取文件成功
2017-01-19T04:08:54: 读取文件成功
2017-01-19T04:09:04: 读取文件成功
2017-01-19T04:09:14: 读取文件成功
2017-01-19T04:09:24: 读取文件成功
2017-01-19T04:09:34: 读取文件成功
2017-01-19T04:09:44: 读取文件成功
2017-01-19T04:09:54: 读取文件成功
2017-01-19T04:10:04: 读取文件成功
2017-01-19T04:10:14: 读取文件成功
2017-01-19T04:10:24: 读取文件成功
2017-01-19T04:10:35: 读取文件成功
2017-01-19T04:10:44: 读取文件成功
2017-01-19T04:10:54: 读取文件成功
2017-01-19T04:11:05: 读取文件成功
2017-01-19T04:11:15: 读取文件成功
2017-01-19T04:11:25: 读取文件成功
2017-01-19T04:11:35: 读取文件成功
2017-01-19T04:11:45: 读取文件成功
2017-01-19T04:11:55: 读取文件成功
2017-01-19T04:12:05: 读取文件成功
2017-01-19T04:12:15: 读取文件成功
2017-01-19T04:12:25: 读取文件成功
2017-01-19T04:12:35: 读取文件成功
2017-01-19T04:12:45: 读取文件成功
2017-01-19T04:12:55: 读取文件成功
2017-01-19T04:13:05: 读取文件成功
2017-01-19T04:13:15: 读取文件成功
2017-01-19T04:13:25: 读取文件成功
2017-01-19T04:13:35: 读取文件成功
2017-01-19T04:13:45: 读取文件成功
2017-01-19T04:13:55: 读取文件成功
2017-01-19T04:14:05: 读取文件成功
2017-01-19T04:14:15: 读取文件成功
2017-01-19T04:14:25: 读取文件成功
2017-01-19T04:14:35: 读取文件成功
2017-01-19T04:14:45: 读取文件成功
2017-01-19T04:14:55: 读取文件成功
2017-01-19T04:15:05: 读取文件成功
2017-01-19T04:15:15: 读取文件成功
2017-01-19T04:15:25: 读取文件成功
2017-01-19T04:15:35: 读取文件成功
2017-01-19T04:15:45: 读取文件成功
2017-01-19T04:15:55: 读取文件成功
2017-01-19T04:16:05: 读取文件成功
2017-01-19T04:16:15: 读取文件成功
2017-01-19T04:16:25: 读取文件成功
2017-01-19T04:16:35: 读取文件成功
2017-01-19T04:16:45: 读取文件成功
2017-01-19T04:16:55: 读取文件成功
2017-01-19T04:17:05: 读取文件成功
2017-01-19T04:17:15: 读取文件成功
2017-01-19T04:17:25: 读取文件成功
2017-01-19T04:17:35: 读取文件成功
2017-01-19T04:17:45: 读取文件成功
2017-01-19T04:17:55: 读取文件成功
2017-01-19T04:18:05: 读取文件成功
2017-01-19T04:18:15: 读取文件成功
2017-01-19T04:18:25: 读取文件成功
2017-01-19T04:18:35: 读取文件成功
2017-01-19T04:18:45: 读取文件成功
2017-01-19T04:18:55: 读取文件成功
2017-01-19T04:19:05: 读取文件成功
2017-01-19T04:19:15: 读取文件成功
2017-01-19T04:19:25: 读取文件成功
2017-01-19T04:19:35: 读取文件成功
2017-01-19T04:19:45: 读取文件成功
2017-01-19T04:19:55: 读取文件成功
2017-01-19T04:20:05: 读取文件成功
2017-01-19T04:20:15: 读取文件成功
2017-01-19T04:20:25: 读取文件成功
2017-01-19T04:20:35: 读取文件成功
2017-01-19T04:20:45: 读取文件成功
2017-01-19T04:20:55: 读取文件成功
2017-01-19T04:21:05: 读取文件成功
2017-01-19T04:21:15: 读取文件成功
2017-01-19T04:21:25: 读取文件成功
2017-01-19T04:21:35: 读取文件成功
2017-01-19T04:21:45: 读取文件成功
2017-01-19T04:21:55: 读取文件成功
2017-01-19T04:22:05: 读取文件成功
2017-01-19T04:22:15: 读取文件成功
2017-01-19T04:22:25: 读取文件成功
2017-01-19T04:22:35: 读取文件成功
2017-01-19T04:22:45: 读取文件成功
2017-01-19T04:22:55: 读取文件成功
2017-01-19T04:23:05: 读取文件成功
2017-01-19T04:23:15: 读取文件成功
2017-01-19T04:23:25: 读取文件成功
2017-01-19T04:23:35: 读取文件成功
2017-01-19T04:23:45: 读取文件成功
2017-01-19T04:23:55: 读取文件成功
2017-01-19T04:24:05: 读取文件成功
2017-01-19T04:24:15: 读取文件成功
2017-01-19T04:24:25: 读取文件成功
2017-01-19T04:24:35: 读取文件成功
2017-01-19T04:24:45: 读取文件成功
2017-01-19T04:24:55: 读取文件成功
2017-01-19T04:25:05: 读取文件成功
2017-01-19T04:25:15: 读取文件成功
2017-01-19T04:25:25: 读取文件成功
2017-01-19T04:25:35: 读取文件成功
2017-01-19T04:25:45: 读取文件成功
2017-01-19T04:25:55: 读取文件成功
2017-01-19T04:26:05: 读取文件成功
2017-01-19T04:26:15: 读取文件成功
2017-01-19T04:26:25: 读取文件成功
2017-01-19T04:26:35: 读取文件成功
2017-01-19T04:26:45: 读取文件成功
2017-01-19T04:26:55: 读取文件成功
2017-01-19T04:27:05: 读取文件成功
2017-01-19T04:27:15: 读取文件成功
2017-01-19T04:27:25: 读取文件成功
2017-01-19T04:27:35: 读取文件成功
2017-01-19T04:27:45: 读取文件成功
2017-01-19T04:27:55: 读取文件成功
2017-01-19T04:28:05: 读取文件成功
2017-01-19T04:28:15: 读取文件成功
2017-01-19T04:28:25: 读取文件成功
2017-01-19T04:28:35: 读取文件成功
2017-01-19T04:28:45: 读取文件成功
2017-01-19T04:28:55: 读取文件成功
2017-01-19T04:29:05: 读取文件成功
2017-01-19T04:29:15: 读取文件成功
2017-01-19T04:29:25: 读取文件成功
2017-01-19T04:29:35: 读取文件成功
2017-01-19T04:29:45: 读取文件成功
2017-01-19T04:29:55: 读取文件成功
2017-01-19T04:30:05: 读取文件成功
2017-01-19T04:30:15: 读取文件成功
2017-01-19T04:30:25: 读取文件成功
2017-01-19T04:30:35: 读取文件成功
2017-01-19T04:30:45: 读取文件成功
2017-01-19T04:30:55: 读取文件成功
2017-01-19T04:31:06: 读取文件成功
2017-01-19T04:31:16: 读取文件成功
2017-01-19T04:31:26: 读取文件成功
2017-01-19T04:31:36: 读取文件成功
2017-01-19T04:31:46: 读取文件成功
2017-01-19T04:31:56: 读取文件成功
2017-01-19T04:32:06: 读取文件成功
2017-01-19T04:32:16: 读取文件成功
2017-01-19T04:32:26: 读取文件成功
2017-01-19T04:32:36: 读取文件成功
2017-01-19T04:32:46: 读取文件成功
2017-01-19T04:32:56: 读取文件成功
2017-01-19T04:33:06: 读取文件成功
2017-01-19T04:33:16: 读取文件成功
2017-01-19T04:33:26: 读取文件成功
2017-01-19T04:33:36: 读取文件成功
2017-01-19T04:33:46: 读取文件成功
2017-01-19T04:33:56: 读取文件成功
2017-01-19T04:34:06: 读取文件成功
2017-01-19T04:34:16: 读取文件成功
2017-01-19T04:34:26: 读取文件成功
2017-01-19T04:34:36: 读取文件成功
2017-01-19T04:34:46: 读取文件成功
2017-01-19T04:34:56: 读取文件成功
2017-01-19T04:35:06: 读取文件成功
2017-01-19T04:35:16: 读取文件成功
2017-01-19T04:35:26: 读取文件成功
2017-01-19T04:35:36: 读取文件成功
2017-01-19T04:35:46: 读取文件成功
2017-01-19T04:35:56: 读取文件成功
2017-01-19T04:36:06: 读取文件成功
2017-01-19T04:36:16: 读取文件成功
2017-01-19T04:36:26: 读取文件成功
2017-01-19T04:36:36: 读取文件成功
2017-01-19T04:36:46: 读取文件成功
2017-01-19T04:36:56: 读取文件成功
2017-01-19T04:37:06: 读取文件成功
2017-01-19T04:37:16: 读取文件成功
2017-01-19T04:37:26: 读取文件成功
2017-01-19T04:37:36: 读取文件成功
2017-01-19T04:37:46: 读取文件成功
2017-01-19T04:37:56: 读取文件成功
2017-01-19T04:38:06: 读取文件成功
2017-01-19T04:38:16: 读取文件成功
2017-01-19T04:38:26: 读取文件成功
2017-01-19T04:38:36: 读取文件成功
2017-01-19T04:38:46: 读取文件成功
2017-01-19T04:38:56: 读取文件成功
2017-01-19T04:39:06: 读取文件成功
2017-01-19T04:39:16: 读取文件成功
2017-01-19T04:39:26: 读取文件成功
2017-01-19T04:39:36: 读取文件成功
2017-01-19T04:39:46: 读取文件成功
2017-01-19T04:39:56: 读取文件成功
2017-01-19T04:40:06: 读取文件成功
2017-01-19T04:40:16: 读取文件成功
2017-01-19T04:40:26: 读取文件成功
2017-01-19T04:40:36: 读取文件成功
2017-01-19T04:40:46: 读取文件成功
2017-01-19T04:40:56: 读取文件成功
2017-01-19T04:41:06: 读取文件成功
2017-01-19T04:41:16: 读取文件成功
2017-01-19T04:41:26: 读取文件成功
2017-01-19T04:41:36: 读取文件成功
2017-01-19T04:41:46: 读取文件成功
2017-01-19T04:41:56: 读取文件成功
2017-01-19T04:42:06: 读取文件成功
2017-01-19T04:42:16: 读取文件成功
2017-01-19T04:42:26: 读取文件成功
2017-01-19T04:42:36: 读取文件成功
2017-01-19T04:42:46: 读取文件成功
2017-01-19T04:42:56: 读取文件成功
2017-01-19T04:43:06: 读取文件成功
2017-01-19T04:43:16: 读取文件成功
2017-01-19T04:43:26: 读取文件成功
2017-01-19T04:43:36: 读取文件成功
2017-01-19T04:43:46: 读取文件成功
2017-01-19T04:43:56: 读取文件成功
2017-01-19T04:44:06: 读取文件成功
2017-01-19T04:44:16: 读取文件成功
2017-01-19T04:44:26: 读取文件成功
2017-01-19T04:44:36: 读取文件成功
2017-01-19T04:44:46: 读取文件成功
2017-01-19T04:44:56: 读取文件成功
2017-01-19T04:45:06: 读取文件成功
2017-01-19T04:45:16: 读取文件成功
2017-01-19T04:45:26: 读取文件成功
2017-01-19T04:45:36: 读取文件成功
2017-01-19T04:45:46: 读取文件成功
2017-01-19T04:45:56: 读取文件成功
2017-01-19T04:46:06: 读取文件成功
2017-01-19T04:46:16: 读取文件成功
2017-01-19T04:46:27: 读取文件成功
2017-01-19T04:46:36: 读取文件成功
2017-01-19T04:46:46: 读取文件成功
2017-01-19T04:46:56: 读取文件成功
2017-01-19T04:47:06: 读取文件成功
2017-01-19T04:47:16: 读取文件成功
2017-01-19T04:47:26: 读取文件成功
2017-01-19T04:47:36: 读取文件成功
2017-01-19T04:47:46: 读取文件成功
2017-01-19T04:47:56: 读取文件成功
2017-01-19T04:48:06: 读取文件成功
2017-01-19T04:48:16: 读取文件成功
2017-01-19T04:48:26: 读取文件成功
2017-01-19T04:48:36: 读取文件成功
2017-01-19T04:48:46: 读取文件成功
2017-01-19T04:48:57: 读取文件成功
2017-01-19T04:49:07: 读取文件成功
2017-01-19T04:49:16: 读取文件成功
2017-01-19T04:49:27: 读取文件成功
2017-01-19T04:49:37: 读取文件成功
2017-01-19T04:49:47: 读取文件成功
2017-01-19T04:49:57: 读取文件成功
2017-01-19T04:50:07: 读取文件成功
2017-01-19T04:50:17: 读取文件成功
2017-01-19T04:50:27: 读取文件成功
2017-01-19T04:50:37: 读取文件成功
2017-01-19T04:50:47: 读取文件成功
2017-01-19T04:50:57: 读取文件成功
2017-01-19T04:51:07: 读取文件成功
2017-01-19T04:51:17: 读取文件成功
2017-01-19T04:51:27: 读取文件成功
2017-01-19T04:51:37: 读取文件成功
2017-01-19T04:51:47: 读取文件成功
2017-01-19T04:51:57: 读取文件成功
2017-01-19T04:52:07: 读取文件成功
2017-01-19T04:52:17: 读取文件成功
2017-01-19T04:52:27: 读取文件成功
2017-01-19T04:52:37: 读取文件成功
2017-01-19T04:52:47: 读取文件成功
2017-01-19T04:52:57: 读取文件成功
2017-01-19T04:53:07: 读取文件成功
2017-01-19T04:53:17: 读取文件成功
2017-01-19T04:53:27: 读取文件成功
2017-01-19T04:53:37: 读取文件成功
2017-01-19T04:53:47: 读取文件成功
2017-01-19T04:53:57: 读取文件成功
2017-01-19T04:54:07: 读取文件成功
2017-01-19T04:54:17: 读取文件成功
2017-01-19T04:54:27: 读取文件成功
2017-01-19T04:54:37: 读取文件成功
2017-01-19T04:54:47: 读取文件成功
2017-01-19T04:54:57: 读取文件成功
2017-01-19T04:55:08: 读取文件成功
2017-01-19T04:55:17: 读取文件成功
2017-01-19T04:55:27: 读取文件成功
2017-01-19T04:55:37: 读取文件成功
2017-01-19T04:55:47: 读取文件成功
2017-01-19T04:56:01: 读取文件成功
2017-01-19T04:56:07: 读取文件成功
2017-01-19T04:56:17: 读取文件成功
2017-01-19T04:56:27: 读取文件成功
2017-01-19T04:56:40: 读取文件成功
2017-01-19T04:56:47: 读取文件成功
2017-01-19T04:56:57: 读取文件成功
2017-01-19T04:57:07: 读取文件成功
2017-01-19T04:57:17: 读取文件成功
2017-01-19T04:57:27: 读取文件成功
2017-01-19T04:57:37: 读取文件成功
2017-01-19T04:57:47: 读取文件成功
2017-01-19T04:57:57: 读取文件成功
2017-01-19T04:58:07: 读取文件成功
2017-01-19T04:58:17: 读取文件成功
2017-01-19T04:58:27: 读取文件成功
2017-01-19T04:58:37: 读取文件成功
2017-01-19T04:58:47: 读取文件成功
2017-01-19T04:58:57: 读取文件成功
2017-01-19T04:59:07: 读取文件成功
2017-01-19T04:59:17: 读取文件成功
2017-01-19T04:59:27: 读取文件成功
2017-01-19T04:59:37: 读取文件成功
2017-01-19T04:59:47: 读取文件成功
2017-01-19T04:59:57: 读取文件成功
2017-01-19T05:00:07: 读取文件成功
2017-01-19T05:00:17: 读取文件成功
2017-01-19T05:00:27: 读取文件成功
2017-01-19T05:00:37: 读取文件成功
2017-01-19T05:00:47: 读取文件成功
2017-01-19T05:00:57: 读取文件成功
2017-01-19T05:01:07: 读取文件成功
2017-01-19T05:01:17: 读取文件成功
2017-01-19T05:01:27: 读取文件成功
2017-01-19T05:01:37: 读取文件成功
2017-01-19T05:01:47: 读取文件成功
2017-01-19T05:01:57: 读取文件成功
2017-01-19T05:02:07: 读取文件成功
2017-01-19T05:02:17: 读取文件成功
2017-01-19T05:02:27: 读取文件成功
2017-01-19T05:02:37: 读取文件成功
2017-01-19T05:02:47: 读取文件成功
2017-01-19T05:02:57: 读取文件成功
2017-01-19T05:03:07: 读取文件成功
2017-01-19T05:03:17: 读取文件成功
2017-01-19T05:03:27: 读取文件成功
2017-01-19T05:03:37: 读取文件成功
2017-01-19T05:03:47: 读取文件成功
2017-01-19T05:03:57: 读取文件成功
2017-01-19T05:04:25: 读取文件成功
2017-01-19T05:04:27: 读取文件成功
2017-01-19T05:04:28: 读取文件成功
2017-01-19T05:04:37: 读取文件成功
2017-01-19T05:04:47: 读取文件成功
2017-01-19T05:04:57: 读取文件成功
2017-01-19T05:05:07: 读取文件成功
2017-01-19T05:05:17: 读取文件成功
2017-01-19T05:05:27: 读取文件成功
2017-01-19T05:05:37: 读取文件成功
2017-01-19T05:05:47: 读取文件成功
2017-01-19T05:05:57: 读取文件成功
2017-01-19T05:06:07: 读取文件成功
2017-01-19T05:06:17: 读取文件成功
2017-01-19T05:06:27: 读取文件成功
2017-01-19T05:06:37: 读取文件成功
2017-01-19T05:06:47: 读取文件成功
2017-01-19T05:06:58: 读取文件成功
2017-01-19T05:07:08: 读取文件成功
2017-01-19T05:07:18: 读取文件成功
2017-01-19T05:07:28: 读取文件成功
2017-01-19T05:07:38: 读取文件成功
2017-01-19T05:07:48: 读取文件成功
2017-01-19T05:07:58: 读取文件成功
2017-01-19T05:08:08: 读取文件成功
2017-01-19T05:08:18: 读取文件成功
2017-01-19T05:08:28: 读取文件成功
2017-01-19T05:08:38: 读取文件成功
2017-01-19T05:08:48: 读取文件成功
2017-01-19T05:08:58: 读取文件成功
2017-01-19T05:09:08: 读取文件成功
2017-01-19T05:09:18: 读取文件成功
2017-01-19T05:09:28: 读取文件成功
2017-01-19T05:09:38: 读取文件成功
2017-01-19T05:09:48: 读取文件成功
2017-01-19T05:09:58: 读取文件成功
2017-01-19T05:10:08: 读取文件成功
2017-01-19T05:10:18: 读取文件成功
2017-01-19T05:10:28: 读取文件成功
2017-01-19T05:10:38: 读取文件成功
2017-01-19T05:10:48: 读取文件成功
2017-01-19T05:10:58: 读取文件成功
2017-01-19T05:11:08: 读取文件成功
2017-01-19T05:11:18: 读取文件成功
2017-01-19T05:11:28: 读取文件成功
2017-01-19T05:11:38: 读取文件成功
2017-01-19T05:11:48: 读取文件成功
2017-01-19T05:11:58: 读取文件成功
2017-01-19T05:12:08: 读取文件成功
2017-01-19T05:12:18: 读取文件成功
2017-01-19T05:12:28: 读取文件成功
2017-01-19T05:12:38: 读取文件成功
2017-01-19T05:12:48: 读取文件成功
2017-01-19T05:12:58: 读取文件成功
2017-01-19T05:13:08: 读取文件成功
2017-01-19T05:13:18: 读取文件成功
2017-01-19T05:13:28: 读取文件成功
2017-01-19T05:13:38: 读取文件成功
2017-01-19T05:13:48: 读取文件成功
2017-01-19T05:13:58: 读取文件成功
2017-01-19T05:14:08: 读取文件成功
2017-01-19T05:14:18: 读取文件成功
2017-01-19T05:14:28: 读取文件成功
2017-01-19T05:14:38: 读取文件成功
2017-01-19T05:14:48: 读取文件成功
2017-01-19T05:14:58: 读取文件成功
2017-01-19T05:15:08: 读取文件成功
2017-01-19T05:15:18: 读取文件成功
2017-01-19T05:15:28: 读取文件成功
2017-01-19T05:15:38: 读取文件成功
2017-01-19T05:15:48: 读取文件成功
2017-01-19T05:15:58: 读取文件成功
2017-01-19T05:16:08: 读取文件成功
2017-01-19T05:16:18: 读取文件成功
2017-01-19T05:16:28: 读取文件成功
2017-01-19T05:16:38: 读取文件成功
2017-01-19T05:16:48: 读取文件成功
2017-01-19T05:16:58: 读取文件成功
2017-01-19T05:17:08: 读取文件成功
2017-01-19T05:17:18: 读取文件成功
2017-01-19T05:17:28: 读取文件成功
2017-01-19T05:17:38: 读取文件成功
2017-01-19T05:17:48: 读取文件成功
2017-01-19T05:17:58: 读取文件成功
2017-01-19T05:18:08: 读取文件成功
2017-01-19T05:18:18: 读取文件成功
2017-01-19T05:18:28: 读取文件成功
2017-01-19T05:18:38: 读取文件成功
2017-01-19T05:18:48: 读取文件成功
2017-01-19T05:18:58: 读取文件成功
2017-01-19T05:19:08: 读取文件成功
2017-01-19T05:19:18: 读取文件成功
2017-01-19T05:19:28: 读取文件成功
2017-01-19T05:19:38: 读取文件成功
2017-01-19T05:19:48: 读取文件成功
2017-01-19T05:19:58: 读取文件成功
2017-01-19T05:20:08: 读取文件成功
2017-01-19T05:20:18: 读取文件成功
2017-01-19T05:20:28: 读取文件成功
2017-01-19T05:20:38: 读取文件成功
2017-01-19T05:20:48: 读取文件成功
2017-01-19T05:20:58: 读取文件成功
2017-01-19T05:21:08: 读取文件成功
2017-01-19T05:21:18: 读取文件成功
2017-01-19T05:21:28: 读取文件成功
2017-01-19T05:21:38: 读取文件成功
2017-01-19T05:21:48: 读取文件成功
2017-01-19T05:21:58: 读取文件成功
2017-01-19T05:22:08: 读取文件成功
2017-01-19T05:22:19: 读取文件成功
2017-01-19T05:22:28: 读取文件成功
2017-01-19T05:22:38: 读取文件成功
2017-01-19T05:22:49: 读取文件成功
2017-01-19T05:22:58: 读取文件成功
2017-01-19T05:23:08: 读取文件成功
2017-01-19T05:23:18: 读取文件成功
2017-01-19T05:23:29: 读取文件成功
2017-01-19T05:23:39: 读取文件成功
2017-01-19T05:23:49: 读取文件成功
2017-01-19T05:23:59: 读取文件成功
2017-01-19T05:24:09: 读取文件成功
2017-01-19T05:24:19: 读取文件成功
2017-01-19T05:24:29: 读取文件成功
2017-01-19T05:24:39: 读取文件成功
2017-01-19T05:24:49: 读取文件成功
2017-01-19T05:24:59: 读取文件成功
2017-01-19T05:25:09: 读取文件成功
2017-01-19T05:25:19: 读取文件成功
2017-01-19T05:25:29: 读取文件成功
2017-01-19T05:25:39: 读取文件成功
2017-01-19T05:25:49: 读取文件成功
2017-01-19T05:25:59: 读取文件成功
2017-01-19T05:26:09: 读取文件成功
2017-01-19T05:26:19: 读取文件成功
2017-01-19T05:26:29: 读取文件成功
2017-01-19T05:26:39: 读取文件成功
2017-01-19T05:26:49: 读取文件成功
2017-01-19T05:26:59: 读取文件成功
2017-01-19T05:27:09: 读取文件成功
2017-01-19T05:27:19: 读取文件成功
2017-01-19T05:27:29: 读取文件成功
2017-01-19T05:27:39: 读取文件成功
2017-01-19T05:27:49: 读取文件成功
2017-01-19T05:27:59: 读取文件成功
2017-01-19T05:28:09: 读取文件成功
2017-01-19T05:28:19: 读取文件成功
2017-01-19T05:28:29: 读取文件成功
2017-01-19T05:28:39: 读取文件成功
2017-01-19T05:28:49: 读取文件成功
2017-01-19T05:28:59: 读取文件成功
2017-01-19T05:29:09: 读取文件成功
2017-01-19T05:29:19: 读取文件成功
2017-01-19T05:29:29: 读取文件成功
2017-01-19T05:29:39: 读取文件成功
2017-01-19T05:29:49: 读取文件成功
2017-01-19T05:29:59: 读取文件成功
2017-01-19T05:30:09: 读取文件成功
2017-01-19T05:30:19: 读取文件成功
2017-01-19T05:30:29: 读取文件成功
2017-01-19T05:30:39: 读取文件成功
2017-01-19T05:30:49: 读取文件成功
2017-01-19T05:30:59: 读取文件成功
2017-01-19T05:31:09: 读取文件成功
2017-01-19T05:31:19: 读取文件成功
2017-01-19T05:31:29: 读取文件成功
2017-01-19T05:31:39: 读取文件成功
2017-01-19T05:31:49: 读取文件成功
2017-01-19T05:31:59: 读取文件成功
2017-01-19T05:32:09: 读取文件成功
2017-01-19T05:32:19: 读取文件成功
2017-01-19T05:32:29: 读取文件成功
2017-01-19T05:32:39: 读取文件成功
2017-01-19T05:32:49: 读取文件成功
2017-01-19T05:32:59: 读取文件成功
2017-01-19T05:33:09: 读取文件成功
2017-01-19T05:33:19: 读取文件成功
2017-01-19T05:33:29: 读取文件成功
2017-01-19T05:33:39: 读取文件成功
2017-01-19T05:33:49: 读取文件成功
2017-01-19T05:33:59: 读取文件成功
2017-01-19T05:34:09: 读取文件成功
2017-01-19T05:34:19: 读取文件成功
2017-01-19T05:34:29: 读取文件成功
2017-01-19T05:34:39: 读取文件成功
2017-01-19T05:34:49: 读取文件成功
2017-01-19T05:34:59: 读取文件成功
2017-01-19T05:35:09: 读取文件成功
2017-01-19T05:35:19: 读取文件成功
2017-01-19T05:35:29: 读取文件成功
2017-01-19T05:35:39: 读取文件成功
2017-01-19T05:35:49: 读取文件成功
2017-01-19T05:35:59: 读取文件成功
2017-01-19T05:36:09: 读取文件成功
2017-01-19T05:36:19: 读取文件成功
2017-01-19T05:36:29: 读取文件成功
2017-01-19T05:36:39: 读取文件成功
2017-01-19T05:36:49: 读取文件成功
2017-01-19T05:36:59: 读取文件成功
2017-01-19T05:37:09: 读取文件成功
2017-01-19T05:37:19: 读取文件成功
2017-01-19T05:37:29: 读取文件成功
2017-01-19T05:37:39: 读取文件成功
2017-01-19T05:37:49: 读取文件成功
2017-01-19T05:37:59: 读取文件成功
2017-01-19T05:38:09: 读取文件成功
2017-01-19T05:38:19: 读取文件成功
2017-01-19T05:38:29: 读取文件成功
2017-01-19T05:38:39: 读取文件成功
2017-01-19T05:38:49: 读取文件成功
2017-01-19T05:38:59: 读取文件成功
2017-01-19T05:39:09: 读取文件成功
2017-01-19T05:39:19: 读取文件成功
2017-01-19T05:39:29: 读取文件成功
2017-01-19T05:39:39: 读取文件成功
2017-01-19T05:39:49: 读取文件成功
2017-01-19T05:39:59: 读取文件成功
2017-01-19T05:40:09: 读取文件成功
2017-01-19T05:40:19: 读取文件成功
2017-01-19T05:40:29: 读取文件成功
2017-01-19T05:40:39: 读取文件成功
2017-01-19T05:40:50: 读取文件成功
2017-01-19T05:41:00: 读取文件成功
2017-01-19T05:41:10: 读取文件成功
2017-01-19T05:41:20: 读取文件成功
2017-01-19T05:41:29: 读取文件成功
2017-01-19T05:41:40: 读取文件成功
2017-01-19T05:41:50: 读取文件成功
2017-01-19T05:42:00: 读取文件成功
2017-01-19T05:42:10: 读取文件成功
2017-01-19T05:42:20: 读取文件成功
2017-01-19T05:42:30: 读取文件成功
2017-01-19T05:42:40: 读取文件成功
2017-01-19T05:42:50: 读取文件成功
2017-01-19T05:43:00: 读取文件成功
2017-01-19T05:43:10: 读取文件成功
2017-01-19T05:43:20: 读取文件成功
2017-01-19T05:43:30: 读取文件成功
2017-01-19T05:43:40: 读取文件成功
2017-01-19T05:43:50: 读取文件成功
2017-01-19T05:44:00: 读取文件成功
2017-01-19T05:44:10: 读取文件成功
2017-01-19T05:44:20: 读取文件成功
2017-01-19T05:44:30: 读取文件成功
2017-01-19T05:44:40: 读取文件成功
2017-01-19T05:44:50: 读取文件成功
2017-01-19T05:45:00: 读取文件成功
2017-01-19T05:45:10: 读取文件成功
2017-01-19T05:45:20: 读取文件成功
2017-01-19T05:45:30: 读取文件成功
2017-01-19T05:45:40: 读取文件成功
2017-01-19T05:45:50: 读取文件成功
2017-01-19T05:46:00: 读取文件成功
2017-01-19T05:46:10: 读取文件成功
2017-01-19T05:46:20: 读取文件成功
2017-01-19T05:46:30: 读取文件成功
2017-01-19T05:46:40: 读取文件成功
2017-01-19T05:46:50: 读取文件成功
2017-01-19T05:47:00: 读取文件成功
2017-01-19T05:47:10: 读取文件成功
2017-01-19T05:47:20: 读取文件成功
2017-01-19T05:47:30: 读取文件成功
2017-01-19T05:47:40: 读取文件成功
2017-01-19T05:47:50: 读取文件成功
2017-01-19T05:48:00: 读取文件成功
2017-01-19T05:48:10: 读取文件成功
2017-01-19T05:48:20: 读取文件成功
2017-01-19T05:48:30: 读取文件成功
2017-01-19T05:48:40: 读取文件成功
2017-01-19T05:48:50: 读取文件成功
2017-01-19T05:49:00: 读取文件成功
2017-01-19T05:49:10: 读取文件成功
2017-01-19T05:49:20: 读取文件成功
2017-01-19T05:49:30: 读取文件成功
2017-01-19T05:49:40: 读取文件成功
2017-01-19T05:49:50: 读取文件成功
2017-01-19T05:50:00: 读取文件成功
2017-01-19T05:50:10: 读取文件成功
2017-01-19T05:50:20: 读取文件成功
2017-01-19T05:50:30: 读取文件成功
2017-01-19T05:50:40: 读取文件成功
2017-01-19T05:50:50: 读取文件成功
2017-01-19T05:51:00: 读取文件成功
2017-01-19T05:51:10: 读取文件成功
2017-01-19T05:51:20: 读取文件成功
2017-01-19T05:51:30: 读取文件成功
2017-01-19T05:51:40: 读取文件成功
2017-01-19T05:51:50: 读取文件成功
2017-01-19T05:52:00: 读取文件成功
2017-01-19T05:52:10: 读取文件成功
2017-01-19T05:52:20: 读取文件成功
2017-01-19T05:52:30: 读取文件成功
2017-01-19T05:52:40: 读取文件成功
2017-01-19T05:52:50: 读取文件成功
2017-01-19T05:53:00: 读取文件成功
2017-01-19T05:53:10: 读取文件成功
2017-01-19T05:53:20: 读取文件成功
2017-01-19T05:53:30: 读取文件成功
2017-01-19T05:53:40: 读取文件成功
2017-01-19T05:53:50: 读取文件成功
2017-01-19T05:54:00: 读取文件成功
2017-01-19T05:54:10: 读取文件成功
2017-01-19T05:54:20: 读取文件成功
2017-01-19T05:54:30: 读取文件成功
2017-01-19T05:54:40: 读取文件成功
2017-01-19T05:54:50: 读取文件成功
2017-01-19T05:55:00: 读取文件成功
2017-01-19T05:55:10: 读取文件成功
2017-01-19T05:55:20: 读取文件成功
2017-01-19T05:55:30: 读取文件成功
2017-01-19T05:55:40: 读取文件成功
2017-01-19T05:55:50: 读取文件成功
2017-01-19T05:56:00: 读取文件成功
2017-01-19T05:56:10: 读取文件成功
2017-01-19T05:56:20: 读取文件成功
2017-01-19T05:56:30: 读取文件成功
2017-01-19T05:56:40: 读取文件成功
2017-01-19T05:56:50: 读取文件成功
2017-01-19T05:57:00: 读取文件成功
2017-01-19T05:57:10: 读取文件成功
2017-01-19T05:57:20: 读取文件成功
2017-01-19T05:57:30: 读取文件成功
2017-01-19T05:57:40: 读取文件成功
2017-01-19T05:57:50: 读取文件成功
2017-01-19T05:58:00: 读取文件成功
2017-01-19T05:58:11: 读取文件成功
2017-01-19T05:58:20: 读取文件成功
2017-01-19T05:58:30: 读取文件成功
2017-01-19T05:58:40: 读取文件成功
2017-01-19T05:58:50: 读取文件成功
2017-01-19T05:59:00: 读取文件成功
2017-01-19T05:59:10: 读取文件成功
2017-01-19T05:59:20: 读取文件成功
2017-01-19T05:59:30: 读取文件成功
2017-01-19T05:59:40: 读取文件成功
2017-01-19T05:59:51: 读取文件成功
2017-01-19T06:00:01: 读取文件成功
2017-01-19T06:00:11: 读取文件成功
2017-01-19T06:00:21: 读取文件成功
2017-01-19T06:00:31: 读取文件成功
2017-01-19T06:00:41: 读取文件成功
2017-01-19T06:00:51: 读取文件成功
2017-01-19T06:01:01: 读取文件成功
2017-01-19T06:01:11: 读取文件成功
2017-01-19T06:01:21: 读取文件成功
2017-01-19T06:01:31: 读取文件成功
2017-01-19T06:01:41: 读取文件成功
2017-01-19T06:01:51: 读取文件成功
2017-01-19T06:02:01: 读取文件成功
2017-01-19T06:02:11: 读取文件成功
2017-01-19T06:02:21: 读取文件成功
2017-01-19T06:02:31: 读取文件成功
2017-01-19T06:02:41: 读取文件成功
2017-01-19T06:02:51: 读取文件成功
2017-01-19T06:03:01: 读取文件成功
2017-01-19T06:03:11: 读取文件成功
2017-01-19T06:03:21: 读取文件成功
2017-01-19T06:03:31: 读取文件成功
2017-01-19T06:03:41: 读取文件成功
2017-01-19T06:03:51: 读取文件成功
2017-01-19T06:04:01: 读取文件成功
2017-01-19T06:04:11: 读取文件成功
2017-01-19T06:04:21: 读取文件成功
2017-01-19T06:04:31: 读取文件成功
2017-01-19T06:04:41: 读取文件成功
2017-01-19T06:04:51: 读取文件成功
2017-01-19T06:05:01: 读取文件成功
2017-01-19T06:05:11: 读取文件成功
2017-01-19T06:05:21: 读取文件成功
2017-01-19T06:05:31: 读取文件成功
2017-01-19T06:05:41: 读取文件成功
2017-01-19T06:05:51: 读取文件成功
2017-01-19T06:06:01: 读取文件成功
2017-01-19T06:06:11: 读取文件成功
2017-01-19T06:06:21: 读取文件成功
2017-01-19T06:06:31: 读取文件成功
2017-01-19T06:06:41: 读取文件成功
2017-01-19T06:06:51: 读取文件成功
2017-01-19T06:07:01: 读取文件成功
2017-01-19T06:07:11: 读取文件成功
2017-01-19T06:07:21: 读取文件成功
2017-01-19T06:07:31: 读取文件成功
2017-01-19T06:07:41: 读取文件成功
2017-01-19T06:07:51: 读取文件成功
2017-01-19T06:08:01: 读取文件成功
2017-01-19T06:08:11: 读取文件成功
2017-01-19T06:08:21: 读取文件成功
2017-01-19T06:08:31: 读取文件成功
2017-01-19T06:08:41: 读取文件成功
2017-01-19T06:08:51: 读取文件成功
2017-01-19T06:09:01: 读取文件成功
2017-01-19T06:09:11: 读取文件成功
2017-01-19T06:09:21: 读取文件成功
2017-01-19T06:09:31: 读取文件成功
2017-01-19T06:09:41: 读取文件成功
2017-01-19T06:09:51: 读取文件成功
2017-01-19T06:10:01: 读取文件成功
2017-01-19T06:10:11: 读取文件成功
2017-01-19T06:10:21: 读取文件成功
2017-01-19T06:10:31: 读取文件成功
2017-01-19T06:10:41: 读取文件成功
2017-01-19T06:10:51: 读取文件成功
2017-01-19T06:11:01: 读取文件成功
2017-01-19T06:11:11: 读取文件成功
2017-01-19T06:11:21: 读取文件成功
2017-01-19T06:11:31: 读取文件成功
2017-01-19T06:11:41: 读取文件成功
2017-01-19T06:11:51: 读取文件成功
2017-01-19T06:12:01: 读取文件成功
2017-01-19T06:12:11: 读取文件成功
2017-01-19T06:12:21: 读取文件成功
2017-01-19T06:12:31: 读取文件成功
2017-01-19T06:12:41: 读取文件成功
2017-01-19T06:12:51: 读取文件成功
2017-01-19T06:13:01: 读取文件成功
2017-01-19T06:13:11: 读取文件成功
2017-01-19T06:13:21: 读取文件成功
2017-01-19T06:13:31: 读取文件成功
2017-01-19T06:13:41: 读取文件成功
2017-01-19T06:13:51: 读取文件成功
2017-01-19T06:14:01: 读取文件成功
2017-01-19T06:14:11: 读取文件成功
2017-01-19T06:14:21: 读取文件成功
2017-01-19T06:14:31: 读取文件成功
2017-01-19T06:14:41: 读取文件成功
2017-01-19T06:14:51: 读取文件成功
2017-01-19T06:15:01: 读取文件成功
2017-01-19T06:15:11: 读取文件成功
2017-01-19T06:15:21: 读取文件成功
2017-01-19T06:15:31: 读取文件成功
2017-01-19T06:15:41: 读取文件成功
2017-01-19T06:15:51: 读取文件成功
2017-01-19T06:16:01: 读取文件成功
2017-01-19T06:16:11: 读取文件成功
2017-01-19T06:16:21: 读取文件成功
2017-01-19T06:16:31: 读取文件成功
2017-01-19T06:16:42: 读取文件成功
2017-01-19T06:16:52: 读取文件成功
2017-01-19T06:17:02: 读取文件成功
2017-01-19T06:17:12: 读取文件成功
2017-01-19T06:17:22: 读取文件成功
2017-01-19T06:17:32: 读取文件成功
2017-01-19T06:17:42: 读取文件成功
2017-01-19T06:17:52: 读取文件成功
2017-01-19T06:18:02: 读取文件成功
2017-01-19T06:18:12: 读取文件成功
2017-01-19T06:18:22: 读取文件成功
2017-01-19T06:18:32: 读取文件成功
2017-01-19T06:18:42: 读取文件成功
2017-01-19T06:18:52: 读取文件成功
2017-01-19T06:19:02: 读取文件成功
2017-01-19T06:19:12: 读取文件成功
2017-01-19T06:19:22: 读取文件成功
2017-01-19T06:19:32: 读取文件成功
2017-01-19T06:19:42: 读取文件成功
2017-01-19T06:19:52: 读取文件成功
2017-01-19T06:20:02: 读取文件成功
2017-01-19T06:20:12: 读取文件成功
2017-01-19T06:20:22: 读取文件成功
2017-01-19T06:20:32: 读取文件成功
2017-01-19T06:20:42: 读取文件成功
2017-01-19T06:20:52: 读取文件成功
2017-01-19T06:21:02: 读取文件成功
2017-01-19T06:21:12: 读取文件成功
2017-01-19T06:21:22: 读取文件成功
2017-01-19T06:21:32: 读取文件成功
2017-01-19T06:21:42: 读取文件成功
2017-01-19T06:21:52: 读取文件成功
2017-01-19T06:22:02: 读取文件成功
2017-01-19T06:22:12: 读取文件成功
2017-01-19T06:22:22: 读取文件成功
2017-01-19T06:22:32: 读取文件成功
2017-01-19T06:22:42: 读取文件成功
2017-01-19T06:22:52: 读取文件成功
2017-01-19T06:23:02: 读取文件成功
2017-01-19T06:23:12: 读取文件成功
2017-01-19T06:23:22: 读取文件成功
2017-01-19T06:23:32: 读取文件成功
2017-01-19T06:23:42: 读取文件成功
2017-01-19T06:23:52: 读取文件成功
2017-01-19T06:24:02: 读取文件成功
2017-01-19T06:24:12: 读取文件成功
2017-01-19T06:24:22: 读取文件成功
2017-01-19T06:24:32: 读取文件成功
2017-01-19T06:24:42: 读取文件成功
2017-01-19T06:24:52: 读取文件成功
2017-01-19T06:25:02: 读取文件成功
2017-01-19T06:25:12: 读取文件成功
2017-01-19T06:25:22: 读取文件成功
2017-01-19T06:25:32: 读取文件成功
2017-01-19T06:25:42: 读取文件成功
2017-01-19T06:25:52: 读取文件成功
2017-01-19T06:26:02: 读取文件成功
2017-01-19T06:26:12: 读取文件成功
2017-01-19T06:26:22: 读取文件成功
2017-01-19T06:26:32: 读取文件成功
2017-01-19T06:26:42: 读取文件成功
2017-01-19T06:26:52: 读取文件成功
2017-01-19T06:27:02: 读取文件成功
2017-01-19T06:27:12: 读取文件成功
2017-01-19T06:27:22: 读取文件成功
2017-01-19T06:27:32: 读取文件成功
2017-01-19T06:27:42: 读取文件成功
2017-01-19T06:27:52: 读取文件成功
2017-01-19T06:28:02: 读取文件成功
2017-01-19T06:28:12: 读取文件成功
2017-01-19T06:28:22: 读取文件成功
2017-01-19T06:28:32: 读取文件成功
2017-01-19T06:28:42: 读取文件成功
2017-01-19T06:28:52: 读取文件成功
2017-01-19T06:29:02: 读取文件成功
2017-01-19T06:29:12: 读取文件成功
2017-01-19T06:29:22: 读取文件成功
2017-01-19T06:29:32: 读取文件成功
2017-01-19T06:29:42: 读取文件成功
2017-01-19T06:29:52: 读取文件成功
2017-01-19T06:30:02: 读取文件成功
2017-01-19T06:30:12: 读取文件成功
2017-01-19T06:30:22: 读取文件成功
2017-01-19T06:30:32: 读取文件成功
2017-01-19T06:30:42: 读取文件成功
2017-01-19T06:30:52: 读取文件成功
2017-01-19T06:31:02: 读取文件成功
2017-01-19T06:31:12: 读取文件成功
2017-01-19T06:31:22: 读取文件成功
2017-01-19T06:31:32: 读取文件成功
2017-01-19T06:31:42: 读取文件成功
2017-01-19T06:31:52: 读取文件成功
2017-01-19T06:32:02: 读取文件成功
2017-01-19T06:32:12: 读取文件成功
2017-01-19T06:32:22: 读取文件成功
2017-01-19T06:32:32: 读取文件成功
2017-01-19T06:32:42: 读取文件成功
2017-01-19T06:32:52: 读取文件成功
2017-01-19T06:33:02: 读取文件成功
2017-01-19T06:33:12: 读取文件成功
2017-01-19T06:33:22: 读取文件成功
2017-01-19T06:33:32: 读取文件成功
2017-01-19T06:33:42: 读取文件成功
2017-01-19T06:33:52: 读取文件成功
2017-01-19T06:34:03: 读取文件成功
2017-01-19T06:34:12: 读取文件成功
2017-01-19T06:34:22: 读取文件成功
2017-01-19T06:34:32: 读取文件成功
2017-01-19T06:34:43: 读取文件成功
2017-01-19T06:34:52: 读取文件成功
2017-01-19T06:35:03: 读取文件成功
2017-01-19T06:35:13: 读取文件成功
2017-01-19T06:35:23: 读取文件成功
2017-01-19T06:35:33: 读取文件成功
2017-01-19T06:35:43: 读取文件成功
2017-01-19T06:35:53: 读取文件成功
2017-01-19T06:36:03: 读取文件成功
2017-01-19T06:36:13: 读取文件成功
2017-01-19T06:36:23: 读取文件成功
2017-01-19T06:36:33: 读取文件成功
2017-01-19T06:36:43: 读取文件成功
2017-01-19T06:36:53: 读取文件成功
2017-01-19T06:37:03: 读取文件成功
2017-01-19T06:37:13: 读取文件成功
2017-01-19T06:37:23: 读取文件成功
2017-01-19T06:37:33: 读取文件成功
2017-01-19T06:37:43: 读取文件成功
2017-01-19T06:37:53: 读取文件成功
2017-01-19T06:38:03: 读取文件成功
2017-01-19T06:38:13: 读取文件成功
2017-01-19T06:38:23: 读取文件成功
2017-01-19T06:38:33: 读取文件成功
2017-01-19T06:38:43: 读取文件成功
2017-01-19T06:38:53: 读取文件成功
2017-01-19T06:39:03: 读取文件成功
2017-01-19T06:39:13: 读取文件成功
2017-01-19T06:39:23: 读取文件成功
2017-01-19T06:39:33: 读取文件成功
2017-01-19T06:39:43: 读取文件成功
2017-01-19T06:39:53: 读取文件成功
2017-01-19T06:40:03: 读取文件成功
2017-01-19T06:40:13: 读取文件成功
2017-01-19T06:40:23: 读取文件成功
2017-01-19T06:40:33: 读取文件成功
2017-01-19T06:40:43: 读取文件成功
2017-01-19T06:40:53: 读取文件成功
2017-01-19T06:41:03: 读取文件成功
2017-01-19T06:41:13: 读取文件成功
2017-01-19T06:41:23: 读取文件成功
2017-01-19T06:41:33: 读取文件成功
2017-01-19T06:41:43: 读取文件成功
2017-01-19T06:41:53: 读取文件成功
2017-01-19T06:42:03: 读取文件成功
2017-01-19T06:42:13: 读取文件成功
2017-01-19T06:42:23: 读取文件成功
2017-01-19T06:42:33: 读取文件成功
2017-01-19T06:42:43: 读取文件成功
2017-01-19T06:42:53: 读取文件成功
2017-01-19T06:43:03: 读取文件成功
2017-01-19T06:43:13: 读取文件成功
2017-01-19T06:43:23: 读取文件成功
2017-01-19T06:43:33: 读取文件成功
2017-01-19T06:43:43: 读取文件成功
2017-01-19T06:43:53: 读取文件成功
2017-01-19T06:44:03: 读取文件成功
2017-01-19T06:44:13: 读取文件成功
2017-01-19T06:44:23: 读取文件成功
2017-01-19T06:44:33: 读取文件成功
2017-01-19T06:44:43: 读取文件成功
2017-01-19T06:44:53: 读取文件成功
2017-01-19T06:45:03: 读取文件成功
2017-01-19T06:45:13: 读取文件成功
2017-01-19T06:45:23: 读取文件成功
2017-01-19T06:45:33: 读取文件成功
2017-01-19T06:45:43: 读取文件成功
2017-01-19T06:45:53: 读取文件成功
2017-01-19T06:46:03: 读取文件成功
2017-01-19T06:46:13: 读取文件成功
2017-01-19T06:46:23: 读取文件成功
2017-01-19T06:46:33: 读取文件成功
2017-01-19T06:46:43: 读取文件成功
2017-01-19T06:46:53: 读取文件成功
2017-01-19T06:47:03: 读取文件成功
2017-01-19T06:47:13: 读取文件成功
2017-01-19T06:47:23: 读取文件成功
2017-01-19T06:47:33: 读取文件成功
2017-01-19T06:47:43: 读取文件成功
2017-01-19T06:47:53: 读取文件成功
2017-01-19T06:48:03: 读取文件成功
2017-01-19T06:48:13: 读取文件成功
2017-01-19T06:48:23: 读取文件成功
2017-01-19T06:48:33: 读取文件成功
2017-01-19T06:48:43: 读取文件成功
2017-01-19T06:48:53: 读取文件成功
2017-01-19T06:49:03: 读取文件成功
2017-01-19T06:49:13: 读取文件成功
2017-01-19T06:49:23: 读取文件成功
2017-01-19T06:49:33: 读取文件成功
2017-01-19T06:49:43: 读取文件成功
2017-01-19T06:49:53: 读取文件成功
2017-01-19T06:50:03: 读取文件成功
2017-01-19T06:50:13: 读取文件成功
2017-01-19T06:50:23: 读取文件成功
2017-01-19T06:50:33: 读取文件成功
2017-01-19T06:50:43: 读取文件成功
2017-01-19T06:50:53: 读取文件成功
2017-01-19T06:51:03: 读取文件成功
2017-01-19T06:51:13: 读取文件成功
2017-01-19T06:51:23: 读取文件成功
2017-01-19T06:51:33: 读取文件成功
2017-01-19T06:51:43: 读取文件成功
2017-01-19T06:51:53: 读取文件成功
2017-01-19T06:52:04: 读取文件成功
2017-01-19T06:52:13: 读取文件成功
2017-01-19T06:52:23: 读取文件成功
2017-01-19T06:52:34: 读取文件成功
2017-01-19T06:52:44: 读取文件成功
2017-01-19T06:52:54: 读取文件成功
2017-01-19T06:53:04: 读取文件成功
2017-01-19T06:53:14: 读取文件成功
2017-01-19T06:53:24: 读取文件成功
2017-01-19T06:53:34: 读取文件成功
2017-01-19T06:53:44: 读取文件成功
2017-01-19T06:53:54: 读取文件成功
2017-01-19T06:54:04: 读取文件成功
2017-01-19T06:54:14: 读取文件成功
2017-01-19T06:54:24: 读取文件成功
2017-01-19T06:54:34: 读取文件成功
2017-01-19T06:54:44: 读取文件成功
2017-01-19T06:54:54: 读取文件成功
2017-01-19T06:55:04: 读取文件成功
2017-01-19T06:55:14: 读取文件成功
2017-01-19T06:55:24: 读取文件成功
2017-01-19T06:55:34: 读取文件成功
2017-01-19T06:55:44: 读取文件成功
2017-01-19T06:55:54: 读取文件成功
2017-01-19T06:56:04: 读取文件成功
2017-01-19T06:56:14: 读取文件成功
2017-01-19T06:56:24: 读取文件成功
2017-01-19T06:56:34: 读取文件成功
2017-01-19T06:56:44: 读取文件成功
2017-01-19T06:56:54: 读取文件成功
2017-01-19T06:57:04: 读取文件成功
2017-01-19T06:57:14: 读取文件成功
2017-01-19T06:57:24: 读取文件成功
2017-01-19T06:57:34: 读取文件成功
2017-01-19T06:57:44: 读取文件成功
2017-01-19T06:57:54: 读取文件成功
2017-01-19T06:58:04: 读取文件成功
2017-01-19T06:58:14: 读取文件成功
2017-01-19T06:58:24: 读取文件成功
2017-01-19T06:58:34: 读取文件成功
2017-01-19T06:58:44: 读取文件成功
2017-01-19T06:58:54: 读取文件成功
2017-01-19T06:59:04: 读取文件成功
2017-01-19T06:59:14: 读取文件成功
2017-01-19T06:59:24: 读取文件成功
2017-01-19T06:59:34: 读取文件成功
2017-01-19T06:59:44: 读取文件成功
2017-01-19T06:59:54: 读取文件成功
2017-01-19T07:00:04: 读取文件成功
2017-01-19T07:00:14: 读取文件成功
2017-01-19T07:00:24: 读取文件成功
2017-01-19T07:00:34: 读取文件成功
2017-01-19T07:00:44: 读取文件成功
2017-01-19T07:00:54: 读取文件成功
2017-01-19T07:01:04: 读取文件成功
2017-01-19T07:01:14: 读取文件成功
2017-01-19T07:01:24: 读取文件成功
2017-01-19T07:01:34: 读取文件成功
2017-01-19T07:01:44: 读取文件成功
2017-01-19T07:01:54: 读取文件成功
2017-01-19T07:02:04: 读取文件成功
2017-01-19T07:02:14: 读取文件成功
2017-01-19T07:02:24: 读取文件成功
2017-01-19T07:02:34: 读取文件成功
2017-01-19T07:02:44: 读取文件成功
2017-01-19T07:02:54: 读取文件成功
2017-01-19T07:03:04: 读取文件成功
2017-01-19T07:03:14: 读取文件成功
2017-01-19T07:03:24: 读取文件成功
2017-01-19T07:03:34: 读取文件成功
2017-01-19T07:03:44: 读取文件成功
2017-01-19T07:03:54: 读取文件成功
2017-01-19T07:04:04: 读取文件成功
2017-01-19T07:04:14: 读取文件成功
2017-01-19T07:04:24: 读取文件成功
2017-01-19T07:04:34: 读取文件成功
2017-01-19T07:04:44: 读取文件成功
2017-01-19T07:04:54: 读取文件成功
2017-01-19T07:05:04: 读取文件成功
2017-01-19T07:05:14: 读取文件成功
2017-01-19T07:05:24: 读取文件成功
2017-01-19T07:05:34: 读取文件成功
2017-01-19T07:05:44: 读取文件成功
2017-01-19T07:05:54: 读取文件成功
2017-01-19T07:06:04: 读取文件成功
2017-01-19T07:06:14: 读取文件成功
2017-01-19T07:06:24: 读取文件成功
2017-01-19T07:06:34: 读取文件成功
2017-01-19T07:06:44: 读取文件成功
2017-01-19T07:06:54: 读取文件成功
2017-01-19T07:07:04: 读取文件成功
2017-01-19T07:07:14: 读取文件成功
2017-01-19T07:07:24: 读取文件成功
2017-01-19T07:07:34: 读取文件成功
2017-01-19T07:07:44: 读取文件成功
2017-01-19T07:07:54: 读取文件成功
2017-01-19T07:08:04: 读取文件成功
2017-01-19T07:08:14: 读取文件成功
2017-01-19T07:08:24: 读取文件成功
2017-01-19T07:08:34: 读取文件成功
2017-01-19T07:08:44: 读取文件成功
2017-01-19T07:08:54: 读取文件成功
2017-01-19T07:09:04: 读取文件成功
2017-01-19T07:09:14: 读取文件成功
2017-01-19T07:09:24: 读取文件成功
2017-01-19T07:09:34: 读取文件成功
2017-01-19T07:09:44: 读取文件成功
2017-01-19T07:09:55: 读取文件成功
2017-01-19T07:10:04: 读取文件成功
2017-01-19T07:10:14: 读取文件成功
2017-01-19T07:10:24: 读取文件成功
2017-01-19T07:10:34: 读取文件成功
2017-01-19T07:10:44: 读取文件成功
2017-01-19T07:10:54: 读取文件成功
2017-01-19T07:11:05: 读取文件成功
2017-01-19T07:11:14: 读取文件成功
2017-01-19T07:11:24: 读取文件成功
2017-01-19T07:11:35: 读取文件成功
2017-01-19T07:11:45: 读取文件成功
2017-01-19T07:11:55: 读取文件成功
2017-01-19T07:12:05: 读取文件成功
2017-01-19T07:12:15: 读取文件成功
2017-01-19T07:12:25: 读取文件成功
2017-01-19T07:12:35: 读取文件成功
2017-01-19T07:12:45: 读取文件成功
2017-01-19T07:13:27: 读取文件成功
2017-01-19T07:13:27: 读取文件成功
2017-01-19T07:13:29: 读取文件成功
2017-01-19T07:13:33: 读取文件成功
2017-01-19T07:13:35: 读取文件成功
2017-01-19T07:13:45: 读取文件成功
2017-01-19T07:13:55: 读取文件成功
2017-01-19T07:14:05: 读取文件成功
2017-01-19T07:14:15: 读取文件成功
2017-01-19T07:14:25: 读取文件成功
2017-01-19T07:14:35: 读取文件成功
2017-01-19T07:14:45: 读取文件成功
2017-01-19T07:14:55: 读取文件成功
2017-01-19T07:15:05: 读取文件成功
2017-01-19T07:15:15: 读取文件成功
2017-01-19T07:15:25: 读取文件成功
2017-01-19T07:15:35: 读取文件成功
2017-01-19T07:15:45: 读取文件成功
2017-01-19T07:15:55: 读取文件成功
2017-01-19T07:16:05: 读取文件成功
2017-01-19T07:16:15: 读取文件成功
2017-01-19T07:16:25: 读取文件成功
2017-01-19T07:16:35: 读取文件成功
2017-01-19T07:16:45: 读取文件成功
2017-01-19T07:16:55: 读取文件成功
2017-01-19T07:17:05: 读取文件成功
2017-01-19T07:17:15: 读取文件成功
2017-01-19T07:17:25: 读取文件成功
2017-01-19T07:17:35: 读取文件成功
2017-01-19T07:17:45: 读取文件成功
2017-01-19T07:17:55: 读取文件成功
2017-01-19T07:18:05: 读取文件成功
2017-01-19T07:18:15: 读取文件成功
2017-01-19T07:18:25: 读取文件成功
2017-01-19T07:18:35: 读取文件成功
2017-01-19T07:18:45: 读取文件成功
2017-01-19T07:18:55: 读取文件成功
2017-01-19T07:19:05: 读取文件成功
2017-01-19T07:19:15: 读取文件成功
2017-01-19T07:19:25: 读取文件成功
2017-01-19T07:19:35: 读取文件成功
2017-01-19T07:19:45: 读取文件成功
2017-01-19T07:19:55: 读取文件成功
2017-01-19T07:20:05: 读取文件成功
2017-01-19T07:20:15: 读取文件成功
2017-01-19T07:20:25: 读取文件成功
2017-01-19T07:20:53: 读取文件成功
2017-01-19T07:21:01: 读取文件成功
2017-01-19T07:21:09: 读取文件成功
2017-01-19T07:21:10: 读取文件成功
2017-01-19T07:21:21: 读取文件成功
2017-01-19T07:21:53: 读取文件成功
2017-01-19T07:21:55: 读取文件成功
2017-01-19T07:22:35: 读取文件成功
2017-01-19T07:22:36: 读取文件成功
2017-01-19T07:22:36: 读取文件成功
2017-01-19T07:22:38: 读取文件成功
2017-01-19T07:22:38: 读取文件成功
2017-01-19T07:22:45: 读取文件成功
2017-01-19T07:22:46: 读取文件成功
2017-01-19T07:22:55: 读取文件成功
2017-01-19T07:23:05: 读取文件成功
2017-01-19T07:23:15: 读取文件成功
2017-01-19T07:23:25: 读取文件成功
2017-01-19T07:23:35: 读取文件成功
2017-01-19T07:23:45: 读取文件成功
2017-01-19T07:23:55: 读取文件成功
2017-01-19T07:24:05: 读取文件成功
2017-01-19T07:24:33: 读取文件成功
2017-01-19T07:24:38: 读取文件成功
2017-01-19T07:24:45: 读取文件成功
2017-01-19T07:24:46: 读取文件成功
2017-01-19T07:24:55: 读取文件成功
2017-01-19T07:25:05: 读取文件成功
2017-01-19T07:25:15: 读取文件成功
2017-01-19T07:25:25: 读取文件成功
2017-01-19T07:25:35: 读取文件成功
2017-01-19T07:25:45: 读取文件成功
2017-01-19T07:25:55: 读取文件成功
2017-01-19T07:26:05: 读取文件成功
2017-01-19T07:26:15: 读取文件成功
2017-01-19T07:26:25: 读取文件成功
2017-01-19T07:26:35: 读取文件成功
2017-01-19T07:26:49: 读取文件成功
2017-01-19T07:27:21: 读取文件成功
2017-01-19T07:27:25: 读取文件成功
2017-01-19T07:27:25: 读取文件成功
2017-01-19T07:27:35: 读取文件成功
2017-01-19T07:27:36: 读取文件成功
2017-01-19T07:28:25: 读取文件成功
2017-01-19T07:28:26: 读取文件成功
2017-01-19T07:28:27: 读取文件成功
2017-01-19T07:28:38: 读取文件成功
2017-01-19T07:28:38: 读取文件成功
2017-01-19T07:29:11: 读取文件成功
2017-01-19T07:29:11: 读取文件成功
2017-01-19T07:29:16: 读取文件成功
2017-01-19T07:29:20: 读取文件成功
